
Showing logs for build [32mseldonio-seldon-core-pr-1422-in-6fl59-3[0m stage [32mpr-build-comment[0m and container [32mstep-credential-initializer-cd9ds[0m
{"level":"warn","ts":1581250429.4832392,"logger":"fallback-logger","caller":"logging/config.go:69","msg":"Fetch GitHub commit ID from kodata failed: \"ref: refs/heads/0.8.0-**-support-backwards-incompats\" is not a valid GitHub commit ID"}
{"level":"info","ts":1581250429.4836223,"logger":"fallback-logger","caller":"creds-init/main.go:40","msg":"Credentials initialized."}

Showing logs for build [32mseldonio-seldon-core-pr-1422-in-6fl59-3[0m stage [32mpr-build-comment[0m and container [32mstep-working-dir-initializer-lsg7v[0m
{"level":"warn","ts":1581250430.583229,"logger":"fallback-logger","caller":"logging/config.go:69","msg":"Fetch GitHub commit ID from kodata failed: open /var/run/ko/HEAD: no such file or directory"}
{"level":"info","ts":1581250430.584589,"logger":"fallback-logger","caller":"bash/main.go:64","msg":"Successfully executed command \"sh -c mkdir -p /workspace/source\"; output "}

Showing logs for build [32mseldonio-seldon-core-pr-1422-in-6fl59-3[0m stage [32mpr-build-comment[0m and container [32mstep-place-tools[0m

Showing logs for build [32mseldonio-seldon-core-pr-1422-in-6fl59-3[0m stage [32mpr-build-comment[0m and container [32mstep-create-dir-workspace-chw4r[0m
{"level":"warn","ts":1581250435.6855276,"logger":"fallback-logger","caller":"logging/config.go:69","msg":"Fetch GitHub commit ID from kodata failed: open /var/run/ko/HEAD: no such file or directory"}
{"level":"info","ts":1581250435.686904,"logger":"fallback-logger","caller":"bash/main.go:64","msg":"Successfully executed command \"sh -c mkdir -p source\"; output "}

Showing logs for build [32mseldonio-seldon-core-pr-1422-in-6fl59-3[0m stage [32mpr-build-comment[0m and container [32mstep-git-source-seldonio-seldon-core-pr-1422-in-kr9px[0m
{"level":"warn","ts":1581250435.9635522,"logger":"fallback-logger","caller":"logging/config.go:69","msg":"Fetch GitHub commit ID from kodata failed: \"ref: refs/heads/0.8.0-**-support-backwards-incompats\" is not a valid GitHub commit ID"}
{"level":"info","ts":1581250439.1325197,"logger":"fallback-logger","caller":"git/git.go:103","msg":"Successfully cloned https://github.com/SeldonIO/seldon-core.git @ master in path /workspace/source"}

Showing logs for build [32mseldonio-seldon-core-pr-1422-in-6fl59-3[0m stage [32mpr-build-comment[0m and container [32mstep-git-merge[0m
Using SHAs from PULL_REFS=master:9e81a0067ca9fd7a18a41b32e37e5e0e68cb076c,1422:c8072404f506260770e1fba680a295bb68ed7dfb
DEBUG: ran git fetch --unshallow origin c8072404f506260770e1fba680a295bb68ed7dfb: 9e81a0067ca9fd7a18a41b32e37e5e0e68cb076c: in 
DEBUG: ran git checkout master in 
DEBUG: ran git reset --hard 9e81a0067ca9fd7a18a41b32e37e5e0e68cb076c in 
DEBUG: ran clean --force -d . in 
DEBUG: ran git merge c8072404f506260770e1fba680a295bb68ed7dfb in 
Merged SHA 3b2b45213bbe047d2461d6e2a9048a5462633a4a with commit message 'Merge commit 'c8072404f506260770e1fba680a295bb68ed7dfb'' into base branch master
Merged SHA c8072404f506260770e1fba680a295bb68ed7dfb with commit message 'allow inputs in chain tensorflow protocol' into base branch master

Showing logs for build [32mseldonio-seldon-core-pr-1422-in-6fl59-3[0m stage [32mpr-build-comment[0m and container [32mstep-step2[0m
+++ dirname ./add-pr-build-comment
++ cd .
++ pwd
+ STARTUP_DIR=/workspace/source/ci
+ REPO_OWNER=SeldonIO
+ REPO_NAME=seldon-core
+ PULL_NUMBER=1422
+ BUILD_NUMBER=3
+ PIPELINE_CONTEXT=integration
++ cat
+++ date
+ COMMENT_MSG='Sun Feb  9 12:14:04 UTC 2020
The logs for [integration] [3] will show after the pipeline context has finished.  
https://github.com/SeldonIO/seldon-core/blob/gh-pages/jenkins-x/logs/SeldonIO/seldon-core/PR-1422/3.log

impatient try  
** get build logs SeldonIO/seldon-core/PR-1422 --build=3'
+ ** step pr comment --owner=SeldonIO --repository=seldon-core --pull-request=1422 '--comment=Sun Feb  9 12:14:04 UTC 2020
The logs for [integration] [3] will show after the pipeline context has finished.  
https://github.com/SeldonIO/seldon-core/blob/gh-pages/jenkins-x/logs/SeldonIO/seldon-core/PR-1422/3.log

impatient try  
** get build logs SeldonIO/seldon-core/PR-1422 --build=3'

Showing logs for build [32mseldonio-seldon-core-pr-1422-in-6fl59-3[0m stage [32mpr-build-comment[0m and container [32mstep-source-mkdir-seldonio-seldon-core-pr-1422-in-8b9zk[0m
{"level":"warn","ts":1581250446.7833924,"logger":"fallback-logger","caller":"logging/config.go:69","msg":"Fetch GitHub commit ID from kodata failed: open /var/run/ko/HEAD: no such file or directory"}
{"level":"info","ts":1581250446.7869196,"logger":"fallback-logger","caller":"bash/main.go:64","msg":"Successfully executed command \"sh -c mkdir -p /pvc/pr-build-comment/workspace\"; output "}

Showing logs for build [32mseldonio-seldon-core-pr-1422-in-6fl59-3[0m stage [32mpr-build-comment[0m and container [32mstep-source-copy-seldonio-seldon-core-pr-1422-in-wf7bz[0m
{"level":"warn","ts":1581250447.0643837,"logger":"fallback-logger","caller":"logging/config.go:69","msg":"Fetch GitHub commit ID from kodata failed: open /var/run/ko/HEAD: no such file or directory"}
{"level":"info","ts":1581250447.297143,"logger":"fallback-logger","caller":"bash/main.go:64","msg":"Successfully executed command \"sh -c cp -r source/. /pvc/pr-build-comment/workspace\"; output "}

Showing logs for build [32mseldonio-seldon-core-pr-1422-in-6fl59-3[0m stage [32mend-to-end[0m and container [32mstep-credential-initializer-nx4lb[0m
{"level":"warn","ts":1581250482.1285958,"logger":"fallback-logger","caller":"logging/config.go:69","msg":"Fetch GitHub commit ID from kodata failed: \"ref: refs/heads/0.8.0-**-support-backwards-incompats\" is not a valid GitHub commit ID"}
{"level":"info","ts":1581250482.130102,"logger":"fallback-logger","caller":"creds-init/main.go:40","msg":"Credentials initialized."}

Showing logs for build [32mseldonio-seldon-core-pr-1422-in-6fl59-3[0m stage [32mend-to-end[0m and container [32mstep-working-dir-initializer-njt87[0m
{"level":"warn","ts":1581250483.0302873,"logger":"fallback-logger","caller":"logging/config.go:69","msg":"Fetch GitHub commit ID from kodata failed: open /var/run/ko/HEAD: no such file or directory"}
{"level":"info","ts":1581250483.03306,"logger":"fallback-logger","caller":"bash/main.go:64","msg":"Successfully executed command \"sh -c mkdir -p /workspace/source\"; output "}

Showing logs for build [32mseldonio-seldon-core-pr-1422-in-6fl59-3[0m stage [32mend-to-end[0m and container [32mstep-place-tools[0m

Showing logs for build [32mseldonio-seldon-core-pr-1422-in-6fl59-3[0m stage [32mend-to-end[0m and container [32mstep-create-dir-workspace-6485k[0m
{"level":"warn","ts":1581250489.0659034,"logger":"fallback-logger","caller":"logging/config.go:69","msg":"Fetch GitHub commit ID from kodata failed: open /var/run/ko/HEAD: no such file or directory"}
{"level":"info","ts":1581250489.0673366,"logger":"fallback-logger","caller":"bash/main.go:64","msg":"Successfully executed command \"sh -c mkdir -p /workspace/source\"; output "}

Showing logs for build [32mseldonio-seldon-core-pr-1422-in-6fl59-3[0m stage [32mend-to-end[0m and container [32mstep-source-copy-workspace-rjvng[0m
{"level":"warn","ts":1581250489.2758913,"logger":"fallback-logger","caller":"logging/config.go:69","msg":"Fetch GitHub commit ID from kodata failed: open /var/run/ko/HEAD: no such file or directory"}
{"level":"info","ts":1581250491.2472134,"logger":"fallback-logger","caller":"bash/main.go:64","msg":"Successfully executed command \"sh -c cp -r /pvc/pr-build-comment/workspace/. /workspace/source\"; output "}

Showing logs for build [32mseldonio-seldon-core-pr-1422-in-6fl59-3[0m stage [32mend-to-end[0m and container [32mstep-test-end-to-end[0m
Starting Docker: docker.
[SETUP] Waiting for Docker to be ready, sleeping for 1 seconds ...
kind create cluster --config kind_config.yaml
Creating cluster "kind" ...
 â€¢ Ensuring node image (kindest/node:v1.16.3) ðŸ–¼  ...
 âœ“ Ensuring node image (kindest/node:v1.16.3) ðŸ–¼
 â€¢ Preparing nodes ðŸ“¦  ...
 âœ“ Preparing nodes ðŸ“¦
 â€¢ Writing configuration ðŸ“œ  ...
 âœ“ Writing configuration ðŸ“œ
 â€¢ Starting control-plane ðŸ•¹ï¸  ...
 âœ“ Starting control-plane ðŸ•¹ï¸
 â€¢ Installing CNI ðŸ”Œ  ...
 âœ“ Installing CNI ðŸ”Œ
 â€¢ Installing StorageClass ðŸ’¾  ...
 âœ“ Installing StorageClass ðŸ’¾
 â€¢ Joining worker nodes ðŸšœ  ...
 âœ“ Joining worker nodes ðŸšœ
Set kubectl context to "kind-kind"
You can now use your cluster with:

kubectl cluster-info --context kind-kind

Have a question, bug, or feature request? Let us know! https://kind.sigs.k8s.io/#community ðŸ™‚
`kind get kubeconfig-path` is deprecated!

KIND will export and merge kubeconfig like kops, minikube, etc.
This command is now unnecessary and will be removed in a future release.

For more info see: https://github.com/kubernetes-sigs/kind/issues/1060
See also the output of `kind create cluster`

Files changed in python folder:
SKIPPING PYTHON IMAGE BUILD...
Files changed in operator folder:
SKIPPING OPERATOR IMAGE BUILD...
Files changed in engine folder:
SKIPPING ENGINE IMAGE BUILD...
Files changed in executor folder:
executor/api/rest/tensorflow.go
cd ../../executor && make kind-image-install
make[1]: Entering directory '/workspace/source/executor'
go fmt ./...
go: finding github.com/tensorflow/tensorflow v1.14.0
go: finding github.com/cloudevents/sdk-go v0.10.2
go: finding github.com/google/uuid v1.1.1
go: finding github.com/onsi/gomega v1.7.0
go: finding github.com/seldonio/seldon-core/operator v0.0.0-20191223100430-3b372610589b
go: finding github.com/pkg/errors v0.8.1
go: finding github.com/grpc-ecosystem/go-grpc-middleware v1.1.0
go: finding github.com/ghodss/yaml v1.0.0
go: finding k8s.io/apimachinery v0.0.0-20190404173353-6a84e37a896d
go: finding sigs.k8s.io/controller-runtime v0.2.2
go: finding github.com/go-stack/stack v1.8.0
go: finding gotest.tools v2.2.0+incompatible
go: finding github.com/prometheus/common v0.7.0
go: finding k8s.io/api v0.0.0-20190409021203-6e4e0e4f393b
go: finding github.com/uber/jaeger-lib v2.2.0+incompatible
go: finding golang.org/x/oauth2 v0.0.0-20180821212333-d2e6202438be
go: finding github.com/pborman/uuid v0.0.0-20170612153648-e790cca94e6c
go: finding github.com/go-logr/logr v0.1.0
go: finding golang.org/x/net v0.0.0-20190926025831-c00fd9afed17
go: finding go.uber.org/zap v1.9.1
go: finding pack.ag/amqp v0.11.0
go: finding github.com/grpc-ecosystem/go-grpc-prometheus v1.2.0
go: finding gopkg.in/yaml.v2 v2.2.2
go: finding gopkg.in/fsnotify.v1 v1.4.7
go: finding go.uber.org/multierr v1.1.0
go: finding gopkg.in/alecthomas/kingpin.v2 v2.2.6
go: finding golang.org/x/net v0.0.0-20190613194153-d28f0bde5980
go: finding github.com/gorilla/mux v1.7.3
go: finding golang.org/x/net v0.0.0-20190620200207-3b0461eec859
go: finding github.com/golang/protobuf v1.3.1
go: finding github.com/prometheus/client_golang v0.9.0
go: finding github.com/google/go-cmp v0.3.0
go: finding github.com/Azure/go-autorest/autorest/to v0.2.0
go: finding github.com/onsi/ginkgo v1.8.0
go: finding github.com/kr/pretty v0.1.0
go: finding golang.org/x/crypto v0.0.0-20190611184440-5c40567a22f8
go: finding k8s.io/kube-openapi v0.0.0-20190603182131-db7b694dc208
go: finding github.com/fsnotify/fsnotify v1.4.7
go: finding github.com/hpcloud/tail v1.0.0
go: finding github.com/fortytw2/leaktest v1.3.0
go: finding github.com/prometheus/client_golang v1.0.0
go: finding contrib.go.opencensus.io/exporter/prometheus v0.1.0
go: finding github.com/stretchr/testify v1.3.0
go: finding github.com/nats-io/nats.go v1.9.1
go: finding github.com/json-iterator/go v0.0.0-20180612202835-f2b4162afba3
go: finding github.com/alecthomas/template v0.0.0-20190718012654-fb15b899a751
go: finding k8s.io/klog v0.0.0-20181102134211-b9b56d5dfc92
go: finding github.com/modern-go/reflect2 v0.0.0-20180701023420-4b7aa43c6742
go: finding golang.org/x/net v0.0.0-20190311183353-d8887717615a
go: finding github.com/modern-go/reflect2 v1.0.1
go: finding github.com/matttproud/golang_protobuf_extensions v1.0.1
go: finding github.com/google/gofuzz v1.0.0
go: finding github.com/prometheus/procfs v0.0.2
go: finding golang.org/x/net v0.0.0-20170114055629-f2499483f923
go: finding k8s.io/apiextensions-apiserver v0.0.0-20190409022649-727a075fdec8
go: finding github.com/emicklei/go-restful v0.0.0-20170410110728-ff4f55a20633
go: finding github.com/stretchr/testify v0.0.0-20151208002404-e3a8ff8ce365
go: finding golang.org/x/sys v0.0.0-20170830134202-bb24a47a89ea
go: finding golang.org/x/xerrors v0.0.0-20190717185122-a985d3407aa7
go: finding knative.dev/pkg v0.0.0-20190823221514-39a29cf1bf26
go: finding github.com/opentracing/opentracing-go v1.1.0
go: finding github.com/ghodss/yaml v0.0.0-20150909031657-73d445a93680
go: finding github.com/NYTimes/gziphandler v0.0.0-20170623195520-56545f4a5d46
go: finding gopkg.in/inf.v0 v0.9.1
go: finding github.com/munnerz/goautoneg v0.0.0-20120707110453-a547fc61f48d
go: finding github.com/prometheus/client_golang v0.9.2
go: finding golang.org/x/time v0.0.0-20180412165947-fbb02b2291d2
go: finding go.opencensus.io v0.22.0
go: finding github.com/googleapis/gnostic v0.3.0
go: finding github.com/mwitkow/go-conntrack v0.0.0-20161129095857-cc309e4a2223
go: finding gopkg.in/tomb.v1 v1.0.0-20141024135613-dd632973f1e7
go: finding github.com/onsi/gomega v1.4.2
go: finding sigs.k8s.io/testing_frameworks v0.1.1
go: finding github.com/modern-go/concurrent v0.0.0-20180306012644-bacd9c7ef1dd
go: finding github.com/go-logr/zapr v0.1.0
go: finding github.com/modern-go/reflect2 v0.0.0-20180320133207-05fbef0ca5da
go: finding github.com/Azure/go-autorest/autorest/validation v0.1.0
go: finding gopkg.in/yaml.v2 v2.2.1
go: finding golang.org/x/text v0.0.0-20160726164857-2910a502d2bf
go: finding k8s.io/klog v0.3.3
go: finding github.com/onsi/ginkgo v1.6.0
go: finding golang.org/x/tools v0.0.0-20181011042414-1f849cf54d09
go: finding github.com/golang/protobuf v0.0.0-20161109072736-4bd1920723d7
go: finding github.com/evanphx/json-patch v4.5.0+incompatible
go: finding github.com/pmezard/go-difflib v0.0.0-20151028094244-d8ed2627bdf0
go: finding github.com/onsi/gomega v0.0.0-20170829124025-dcabb60a477c
go: finding sigs.k8s.io/controller-tools v0.2.0
go: finding github.com/go-openapi/spec v0.0.0-20160808142527-6aced65f8501
go: finding github.com/go-openapi/jsonreference v0.0.0-20160704190145-13c6e3589ad9
go: finding github.com/json-iterator/go v1.1.6
go: finding github.com/golang/protobuf v1.3.2
go: finding golang.org/x/text v0.3.2
go: finding github.com/julienschmidt/httprouter v1.2.0
go: finding github.com/Azure/go-autorest/autorest/adal v0.7.0
go: finding gopkg.in/check.v1 v0.0.0-20161208181325-20d25e280405
go: finding github.com/davecgh/go-spew v0.0.0-20151105211317-5215b55f46b2
go: finding golang.org/x/sys v0.0.0-20180909124046-d0be0721c37e
go: finding github.com/alecthomas/units v0.0.0-20190717042225-c3de453c63f4
go: finding google.golang.org/grpc v1.19.0
go: finding github.com/uber/jaeger-client-go v2.21.1+incompatible
go: finding go.uber.org/zap v1.10.0
go: finding github.com/nats-io/nkeys v0.1.0
go: finding github.com/json-iterator/go v1.1.5
go: finding github.com/inconshreveable/mousetrap v1.0.0
go: finding golang.org/x/text v0.3.0
go: finding github.com/prometheus/client_model v0.0.0-20190129233127-fd36f4220a90
go: finding github.com/prometheus/procfs v0.0.0-20181204211112-1dc9a6cbc91a
go: finding golang.org/x/net v0.0.0-20180906233101-161cd47e91fd
go: finding github.com/mattn/go-colorable v0.1.2
go: finding golang.org/x/sync v0.0.0-20180314180146-1d60e4601c6f
go: finding golang.org/x/tools v0.0.0-20190501045030-23463209683d
go: finding golang.org/x/sys v0.0.0-20190502145724-3ef323f4f1fd
go: finding k8s.io/gengo v0.0.0-20190128074634-0689ccc1d7d6
go: finding github.com/Azure/azure-sdk-for-go v30.1.0+incompatible
go: finding sigs.k8s.io/yaml v1.1.0
go: finding github.com/stretchr/testify v1.4.0
go: finding github.com/go-openapi/jsonpointer v0.0.0-20160704185906-46af16f9f7b1
go: finding golang.org/x/sync v0.0.0-20181221193216-37e7f081c4d4
go: finding github.com/prometheus/common v0.4.1
go: finding github.com/imdario/mergo v0.3.6
go: finding golang.org/x/sys v0.0.0-20190215142949-d0b11bdaac8a
go: finding github.com/mailru/easyjson v0.0.0-20160728113105-d5b7844b561a
go: finding github.com/onsi/ginkgo v0.0.0-20170829012221-11459a886d9c
go: finding github.com/BurntSushi/toml v0.3.1
go: finding gomodules.xyz/jsonpatch/v2 v2.0.1
go: finding github.com/beorn7/perks v0.0.0-20180321164747-3a771d992973
go: finding golang.org/x/sys v0.0.0-20190429190828-d89cdac9e872
go: finding github.com/sirupsen/logrus v1.4.2
go: finding github.com/golang/groupcache v0.0.0-20180513044358-24b0969c4cb7
go: finding golang.org/x/lint v0.0.0-20181026193005-c67002cb31c3
go: finding github.com/gophercloud/gophercloud v0.4.0
go: finding go.opencensus.io v0.21.0
go: finding github.com/golang/glog v0.0.0-20160126235308-23def4e6c14b
go: finding golang.org/x/tools v0.0.0-20190114222345-bf090417da8b
go: finding github.com/gogo/protobuf v1.2.1
go: finding github.com/google/gofuzz v0.0.0-20170612174753-24818f796faf
go: finding github.com/PuerkitoBio/urlesc v0.0.0-20160726150825-5bd2802263f2
go: finding cloud.google.com/go v0.26.0
go: finding github.com/google/go-cmp v0.3.1
go: finding golang.org/x/crypto v0.0.0-20190308221718-c2843e01d9a2
go: finding google.golang.org/appengine v1.1.0
go: finding github.com/google/go-cmp v0.2.0
go: finding google.golang.org/genproto v0.0.0-20190819201941-24fa4b261c55
go: finding github.com/spf13/pflag v1.0.2
go: finding github.com/kelseyhightower/envconfig v1.4.0
go: finding github.com/prometheus/procfs v0.0.0-20181005140218-185b4288413d
go: finding sigs.k8s.io/controller-runtime v0.2.0
go: finding github.com/google/gofuzz v0.0.0-20161122191042-44d81051d367
go: finding github.com/dgrijalva/jwt-go v3.2.0+incompatible
go: finding github.com/mattn/go-isatty v0.0.8
go: finding github.com/prometheus/client_model v0.0.0-20180712105110-5c3871d89910
go: finding golang.org/x/crypto v0.0.0-20180820150726-614d502a4dac
go: finding github.com/go-logfmt/logfmt v0.3.0
go: finding github.com/Azure/go-autorest/autorest v0.9.2
go: finding github.com/stretchr/ob** v0.1.0
go: finding golang.org/x/crypto v0.0.0-20190701094942-4def268fd1a4
go: finding github.com/hashicorp/golang-lru v0.5.0
go: finding github.com/Azure/go-autorest/tracing v0.5.0
go: finding github.com/Azure/go-autorest/autorest v0.2.0
go: finding google.golang.org/grpc v1.20.1
go: finding github.com/prometheus/client_golang v0.9.1
go: finding github.com/prometheus/client_golang v1.3.0
go: finding golang.org/x/tools v0.0.0-20180917221912-90fa682c2a6e
go: finding github.com/nats-io/nuid v1.0.1
go: finding google.golang.org/genproto v0.0.0-20180817151627-c66870c02cf8
go: finding golang.org/x/net v0.0.0-20190404232315-eb5bcb51f2a3
go: finding golang.org/x/net v0.0.0-20190501004415-9ce7a6920f09
go: finding k8s.io/kube-openapi v0.0.0-20180731170545-e3762e86a74c
go: finding golang.org/x/sys v0.0.0-20190621203818-d432491b9138
go: finding golang.org/x/sync v0.0.0-20181108010431-42b317875d0f
go: finding github.com/spf13/pflag v1.0.3
go: finding k8s.io/klog v0.2.0
go: finding golang.org/x/sys v0.0.0-20190222072716-a9d3bda3a223
go: finding golang.org/x/sys v0.0.0-20181116152217-5ac8a444bdc5
go: finding github.com/PuerkitoBio/purell v1.0.0
go: finding github.com/alecthomas/units v0.0.0-20151022065526-2efee857e7cf
go: finding github.com/prometheus/common v0.0.0-20181126121408-4724e9255275
go: finding github.com/spf13/cobra v0.0.3
go: finding github.com/nats-io/nats-server/v2 v2.1.2
go: finding go.uber.org/atomic v1.3.2
go: finding k8s.io/client-go v11.0.1-0.20190409021438-1a26190bd76a+incompatible
go: finding github.com/davecgh/go-spew v1.1.0
go: finding golang.org/x/crypto v0.0.0-20190211182817-74369b46fc67
go: finding github.com/Azure/go-autorest/autorest/date v0.2.0
go: finding honnef.co/go/tools v0.0.0-20190102054323-c2f93a96b099
go: finding k8s.io/utils v0.0.0-20190506122338-8fab8cb257d5
go: finding github.com/beorn7/perks v1.0.1
go: finding github.com/gobuffalo/flect v0.1.5
go: finding github.com/go-logfmt/logfmt v0.4.0
go: finding golang.org/x/sys v0.0.0-20180830151530-49385e6e1522
go: finding github.com/json-iterator/go v1.1.8
go: finding golang.org/x/net v0.0.0-20180826012351-8a410e7b638d
go: finding sigs.k8s.io/structured-merge-diff v0.0.0-20190525122527-15d366b2352e
go: finding go.opencensus.io v0.20.2
go: finding github.com/alecthomas/template v0.0.0-20160405071501-a0175ee3bccc
go: finding golang.org/x/sys v0.0.0-20190422165155-953cdadca894
go: finding github.com/prometheus/common v0.0.0-20180801064454-c7de2306084e
go: finding github.com/onsi/gomega v1.5.0
go: finding google.golang.org/genproto v0.0.0-20190425155659-357c62f0e4bb
go: finding github.com/spf13/pflag v0.0.0-20170130214245-9ff6c6923cff
go: finding golang.org/x/sync v0.0.0-20190227155943-e225da77a7e6
go: finding github.com/stretchr/testify v1.2.2
go: finding github.com/Azure/go-autorest/logger v0.1.0
go: finding github.com/kr/logfmt v0.0.0-20140226030751-b84e30acd515
go: finding go.uber.org/atomic v1.4.0
go: finding github.com/googleapis/gnostic v0.3.1
go: finding github.com/pkg/errors v0.8.0
go: finding github.com/client9/misspell v0.3.4
go: finding github.com/Azure/go-autorest/autorest v0.9.0
go: finding github.com/spf13/afero v1.2.2
go: finding github.com/modern-go/concurrent v0.0.0-20180228061459-e0a39a4cb421
go: finding golang.org/x/net v0.0.0-20190213061140-3a22650c66bd
go: finding github.com/hashicorp/golang-lru v0.5.1
go: finding github.com/prometheus/client_golang v0.9.3-0.20190127221311-3c4408c8b829
go: finding github.com/Azure/go-autorest/autorest/mocks v0.1.0
go: finding google.golang.org/grpc v1.24.0
go: finding github.com/golang/mock v1.1.1
go: finding google.golang.org/api v0.3.1
go: finding github.com/Azure/go-autorest/tracing v0.1.0
go: finding github.com/openzipkin/zipkin-go v0.1.6
go: finding github.com/beorn7/perks v1.0.0
go: finding github.com/Azure/go-autorest/autorest/mocks v0.2.0
go: finding github.com/golang/protobuf v1.2.0
go: finding golang.org/x/sys v0.0.0-20190726091711-fc99dfbffb4e
go: finding k8s.io/klog v0.3.0
go: finding golang.org/x/sys v0.0.0-20190412213103-97732733099d
go: finding github.com/pmezard/go-difflib v1.0.0
go: finding golang.org/x/sys v0.0.0-20191220142924-d4481acd189f
go: finding github.com/nats-io/jwt v0.3.2
go: finding github.com/prometheus/procfs v0.0.8
go: finding golang.org/x/sync v0.0.0-20190423024810-112230192c58
go: finding contrib.go.opencensus.io/exporter/ocagent v0.4.12
go: finding golang.org/x/sync v0.0.0-20190911185100-cd5d95a43a6e
go: finding github.com/Azure/go-autorest/autorest/mocks v0.3.0
go: finding github.com/go-openapi/swag v0.0.0-20160704191624-1d0bd113de87
go: finding github.com/sirupsen/logrus v1.2.0
go: finding github.com/docopt/docopt-go v0.0.0-20180111231733-ee0de3bc6815
go: finding golang.org/x/net v0.0.0-20181201002055-351d144fa1fc
go: finding github.com/prometheus/procfs v0.0.0-20190117184657-bf6a532e95b1
go: finding google.golang.org/genproto v0.0.0-20190307195333-5fe7a883aa19
go: finding github.com/prometheus/client_model v0.0.0-20190115171406-56726106282f
go: finding golang.org/x/lint v0.0.0-20190313153728-d0100b6bd8b3
go: finding github.com/googleapis/gnostic v0.2.0
go: finding github.com/googleapis/gnostic v0.0.0-20170426233943-68f4ded48ba9
go: finding github.com/prometheus/common v0.2.0
go: finding github.com/Azure/go-autorest/autorest/adal v0.5.0
go: finding github.com/prometheus/procfs v0.0.0-20180725123919-05ee40e3a273
go: finding github.com/nats-io/nkeys v0.1.3
go: finding honnef.co/go/tools v0.0.0-20190523083050-ea95bdfd59fc
go: finding github.com/gogo/protobuf v1.2.0
go: finding github.com/grpc-ecosystem/grpc-gateway v1.8.5
go: finding github.com/golang/snappy v0.0.0-20180518054509-2e65f85255db
go: finding github.com/gorilla/mux v1.6.2
go: finding golang.org/x/net v0.0.0-20190125091013-d26f9f9a57f3
go: finding github.com/apache/thrift v0.12.0
go: finding github.com/Azure/go-autorest/autorest/date v0.1.0
go: finding github.com/go-kit/kit v0.9.0
go: finding google.golang.org/appengine v1.4.0
go: finding github.com/nats-io/jwt v0.3.0
go: finding github.com/go-kit/kit v0.8.0
go: finding golang.org/x/tools v0.0.0-20190524140312-2c0ae7006135
go: finding github.com/pierrec/lz4 v2.0.5+incompatible
go: finding golang.org/x/sys v0.0.0-20181122145206-62eef0e2fa9b
go: finding golang.org/x/tools v0.0.0-20190312170243-e65039ee4138
go: finding github.com/eapache/queue v1.1.0
go: finding gopkg.in/yaml.v2 v2.0.0-20170812160011-eb3733d160e7
go: finding go.opencensus.io v0.20.1
go: finding github.com/rogpeppe/fastuuid v0.0.0-20150106093220-6724a57986af
go: finding github.com/prometheus/client_model v0.1.0
go: finding golang.org/x/sys v0.0.0-20190209173611-3b5209105503
go: finding github.com/konsorten/go-windows-terminal-sequences v1.0.1
go: finding gopkg.in/resty.v1 v1.12.0
go: finding golang.org/x/tools v0.0.0-20190226205152-f727befe758c
go: finding cloud.google.com/go v0.40.0
go: finding golang.org/x/net v0.0.0-20181114220301-adae6a3d119a
go: finding github.com/Shopify/toxiproxy v2.1.4+incompatible
go: finding github.com/eapache/go-xerial-snappy v0.0.0-20180814174437-776d5712da21
go: finding golang.org/x/oauth2 v0.0.0-20190226205417-e64efc72b421
go: finding github.com/kr/text v0.1.0
go: finding golang.org/x/crypto v0.0.0-20180904163835-0709b304e793
go: finding golang.org/x/sys v0.0.0-20180905080454-ebe1bf3edb33
go: finding github.com/fatih/color v1.7.0
go: finding golang.org/x/net v0.0.0-20190108225652-1e06a53dbb7e
go: finding golang.org/x/net v0.0.0-20181220203305-927f97764cc3
go: finding github.com/gogo/protobuf v1.1.1
go: finding golang.org/x/oauth2 v0.0.0-20190604053449-0f29369cfe45
go: finding golang.org/x/tools v0.0.0-20190311212946-11955173bddd
go: finding google.golang.org/api v0.6.0
go: finding google.golang.org/genproto v0.0.0-20190530194941-fb225487d101
go: finding github.com/hashicorp/golang-lru v0.0.0-20180201235237-0fb14efe8c47
go: finding golang.org/x/tools v0.0.0-20190506145303-2d16b83fe98c
go: finding github.com/google/pprof v0.0.0-20181206194817-3ea8567a2e57
go: finding github.com/Azure/go-autorest/autorest/adal v0.1.0
go: finding github.com/cespare/xxhash/v2 v2.1.1
go: finding github.com/rcrowley/go-metrics v0.0.0-20181016184325-3113b8401b8a
go: finding honnef.co/go/tools v0.0.0-20190418001031-e561f6794a2a
go: finding golang.org/x/net v0.0.0-20180724234803-3673e40ba225
go: finding golang.org/x/net v0.0.0-20190503192946-f4e77d36d62c
go: finding github.com/kisielk/errcheck v1.1.0
go: finding golang.org/x/lint v0.0.0-20190409202823-959b441ac422
go: finding github.com/Shopify/sarama v1.19.0
go: finding golang.org/x/sys v0.0.0-20181107165924-66b7b1311ac8
go: finding github.com/kr/pty v1.1.1
go: finding github.com/onsi/ginkgo v1.7.0
go: finding golang.org/x/lint v0.0.0-20190227174305-5b3e6a55c961
go: finding github.com/googleapis/gax-go/v2 v2.0.4
go: finding google.golang.org/grpc v1.19.1
go: finding github.com/google/martian v2.1.0+incompatible
go: finding rsc.io/binaryregexp v0.2.0
go: finding github.com/google/btree v0.0.0-20180813153112-4030bb1f1f0c
go: finding github.com/golang/mock v1.2.0
go: finding github.com/jstemmer/go-junit-report v0.0.0-20190106144839-af01ea7f8024
go: finding google.golang.org/grpc v1.17.0
go: finding golang.org/x/sys v0.0.0-20190507160741-ecd444e8653b
go: finding github.com/davecgh/go-spew v1.1.1
go: finding gopkg.in/check.v1 v1.0.0-20180628173108-788fd7840127
go: finding golang.org/x/lint v0.0.0-20190301231843-5614ed5bae6f
go: finding github.com/gorilla/context v1.1.1
go: finding google.golang.org/appengine v1.5.0
go: finding github.com/onsi/gomega v1.4.3
go: finding github.com/stretchr/ob** v0.1.1
go: finding github.com/kisielk/gotool v1.0.0
go: finding google.golang.org/genproto v0.0.0-20190502173448-54afdca5d873
go: finding golang.org/x/tools v0.0.0-20180221164845-07fd8470d635
go: finding golang.org/x/time v0.0.0-20181108054448-85acf8d2951c
go: finding golang.org/x/exp v0.0.0-20190121172915-509febef88a4
go: finding cloud.google.com/go v0.34.0
go: finding cloud.google.com/go v0.38.0
go: finding github.com/census-instrumentation/opencensus-proto v0.2.0
go: finding github.com/eapache/go-resiliency v1.1.0
go: finding golang.org/x/tools v0.0.0-20180828015842-6cd1fcedba52
go: finding honnef.co/go/tools v0.0.0-20180728063816-88497007e858
go: finding honnef.co/go/tools v0.0.0-20190106161140-3f1c8253044a
go: finding google.golang.org/genproto v0.0.0-20190418145605-e7d98fc518a7
go: finding google.golang.org/api v0.4.0
go: finding golang.org/x/text v0.3.1-0.20180807135948-17ff2d5776d2
go: downloading github.com/prometheus/common v0.7.0
go: downloading github.com/opentracing/opentracing-go v1.1.0
go: downloading github.com/pkg/errors v0.8.1
go: downloading github.com/golang/protobuf v1.3.2
go: downloading k8s.io/client-go v11.0.1-0.20190409021438-1a26190bd76a+incompatible
go: downloading github.com/cloudevents/sdk-go v0.10.2
go: downloading github.com/prometheus/client_golang v1.3.0
go: downloading github.com/grpc-ecosystem/go-grpc-middleware v1.1.0
go: extracting github.com/pkg/errors v0.8.1
go: downloading github.com/seldonio/seldon-core/operator v0.0.0-20191223100430-3b372610589b
go: extracting github.com/opentracing/opentracing-go v1.1.0
go: downloading github.com/go-logr/logr v0.1.0
go: extracting github.com/go-logr/logr v0.1.0
go: extracting github.com/prometheus/common v0.7.0
go: downloading k8s.io/apimachinery v0.0.0-20190404173353-6a84e37a896d
go: extracting github.com/grpc-ecosystem/go-grpc-middleware v1.1.0
go: downloading google.golang.org/grpc v1.24.0
go: downloading golang.org/x/xerrors v0.0.0-20190717185122-a985d3407aa7
go: extracting github.com/prometheus/client_golang v1.3.0
go: extracting golang.org/x/xerrors v0.0.0-20190717185122-a985d3407aa7
go: extracting github.com/cloudevents/sdk-go v0.10.2
go: extracting github.com/seldonio/seldon-core/operator v0.0.0-20191223100430-3b372610589b
go: downloading github.com/tensorflow/tensorflow v1.14.0
go: downloading github.com/ghodss/yaml v1.0.0
go: extracting github.com/ghodss/yaml v1.0.0
go: downloading go.opencensus.io v0.22.0
go: extracting github.com/golang/protobuf v1.3.2
go: downloading gopkg.in/yaml.v2 v2.2.2
go: downloading github.com/beorn7/perks v1.0.1
go: downloading github.com/cespare/xxhash/v2 v2.1.1
go: extracting github.com/beorn7/perks v1.0.1
go: extracting github.com/cespare/xxhash/v2 v2.1.1
go: downloading github.com/sirupsen/logrus v1.4.2
go: downloading github.com/gorilla/mux v1.7.3
go: extracting gopkg.in/yaml.v2 v2.2.2
go: extracting github.com/sirupsen/logrus v1.4.2
go: extracting github.com/gorilla/mux v1.7.3
go: downloading gopkg.in/alecthomas/kingpin.v2 v2.2.6
go: extracting go.opencensus.io v0.22.0
go: extracting gopkg.in/alecthomas/kingpin.v2 v2.2.6
go: extracting k8s.io/apimachinery v0.0.0-20190404173353-6a84e37a896d
go: downloading github.com/uber/jaeger-client-go v2.21.1+incompatible
go: downloading k8s.io/api v0.0.0-20190409021203-6e4e0e4f393b
go: extracting google.golang.org/grpc v1.24.0
go: extracting github.com/uber/jaeger-client-go v2.21.1+incompatible
go: extracting k8s.io/client-go v11.0.1-0.20190409021438-1a26190bd76a+incompatible
go: downloading k8s.io/klog v0.3.3
go: extracting k8s.io/klog v0.3.3
go: downloading sigs.k8s.io/controller-runtime v0.2.2
go: downloading github.com/google/uuid v1.1.1
go: downloading github.com/gogo/protobuf v1.2.1
go: extracting github.com/google/uuid v1.1.1
go: downloading golang.org/x/net v0.0.0-20190926025831-c00fd9afed17
go: downloading github.com/google/gofuzz v1.0.0
go: extracting github.com/google/gofuzz v1.0.0
go: downloading github.com/prometheus/client_model v0.1.0
go: extracting sigs.k8s.io/controller-runtime v0.2.2
go: extracting github.com/prometheus/client_model v0.1.0
go: downloading go.uber.org/zap v1.10.0
go: downloading gopkg.in/inf.v0 v0.9.1
go: extracting gopkg.in/inf.v0 v0.9.1
go: downloading github.com/imdario/mergo v0.3.6
go: extracting github.com/imdario/mergo v0.3.6
go: downloading golang.org/x/oauth2 v0.0.0-20190604053449-0f29369cfe45
go: extracting go.uber.org/zap v1.10.0
go: extracting golang.org/x/oauth2 v0.0.0-20190604053449-0f29369cfe45
go: downloading go.uber.org/atomic v1.4.0
go: downloading sigs.k8s.io/yaml v1.1.0
go: extracting go.uber.org/atomic v1.4.0
go: extracting sigs.k8s.io/yaml v1.1.0
go: downloading github.com/go-logr/zapr v0.1.0
go: downloading go.uber.org/multierr v1.1.0
go: extracting k8s.io/api v0.0.0-20190409021203-6e4e0e4f393b
go: extracting github.com/go-logr/zapr v0.1.0
go: downloading github.com/hashicorp/golang-lru v0.5.1
go: extracting go.uber.org/multierr v1.1.0
go: downloading github.com/spf13/pflag v1.0.3
go: extracting github.com/hashicorp/golang-lru v0.5.1
go: extracting github.com/spf13/pflag v1.0.3
go: downloading github.com/prometheus/procfs v0.0.8
go: downloading golang.org/x/sys v0.0.0-20191220142924-d4481acd189f
go: downloading github.com/modern-go/reflect2 v1.0.1
go: extracting github.com/modern-go/reflect2 v1.0.1
go: downloading github.com/alecthomas/units v0.0.0-20190717042225-c3de453c63f4
go: extracting github.com/alecthomas/units v0.0.0-20190717042225-c3de453c63f4
go: extracting github.com/prometheus/procfs v0.0.8
go: extracting golang.org/x/net v0.0.0-20190926025831-c00fd9afed17
go: downloading google.golang.org/genproto v0.0.0-20190819201941-24fa4b261c55
go: downloading github.com/evanphx/json-patch v4.5.0+incompatible
go: downloading k8s.io/utils v0.0.0-20190506122338-8fab8cb257d5
go: extracting github.com/evanphx/json-patch v4.5.0+incompatible
go: downloading golang.org/x/text v0.3.2
go: extracting k8s.io/utils v0.0.0-20190506122338-8fab8cb257d5
go: downloading golang.org/x/time v0.0.0-20181108054448-85acf8d2951c
go: extracting golang.org/x/time v0.0.0-20181108054448-85acf8d2951c
go: downloading github.com/modern-go/concurrent v0.0.0-20180306012644-bacd9c7ef1dd
go: extracting github.com/modern-go/concurrent v0.0.0-20180306012644-bacd9c7ef1dd
go: extracting github.com/gogo/protobuf v1.2.1
go: extracting golang.org/x/sys v0.0.0-20191220142924-d4481acd189f
go: downloading github.com/davecgh/go-spew v1.1.1
go: extracting github.com/davecgh/go-spew v1.1.1
go: downloading k8s.io/apiextensions-apiserver v0.0.0-20190409022649-727a075fdec8
go: downloading github.com/golang/groupcache v0.0.0-20180513044358-24b0969c4cb7
go: extracting github.com/golang/groupcache v0.0.0-20180513044358-24b0969c4cb7
go: downloading github.com/alecthomas/template v0.0.0-20190718012654-fb15b899a751
go: extracting github.com/alecthomas/template v0.0.0-20190718012654-fb15b899a751
go: downloading gomodules.xyz/jsonpatch/v2 v2.0.1
go: extracting gomodules.xyz/jsonpatch/v2 v2.0.1
go: downloading golang.org/x/crypto v0.0.0-20190701094942-4def268fd1a4
go: extracting golang.org/x/crypto v0.0.0-20190701094942-4def268fd1a4
go: downloading github.com/uber/jaeger-lib v2.2.0+incompatible
go: extracting github.com/uber/jaeger-lib v2.2.0+incompatible
go: downloading gopkg.in/fsnotify.v1 v1.4.7
go: extracting gopkg.in/fsnotify.v1 v1.4.7
go: downloading github.com/matttproud/golang_protobuf_extensions v1.0.1
go: extracting github.com/matttproud/golang_protobuf_extensions v1.0.1
go: downloading github.com/pborman/uuid v0.0.0-20170612153648-e790cca94e6c
go: extracting github.com/pborman/uuid v0.0.0-20170612153648-e790cca94e6c
go: downloading github.com/googleapis/gnostic v0.3.1
go: extracting github.com/googleapis/gnostic v0.3.1
go: downloading github.com/json-iterator/go v1.1.8
go: extracting github.com/json-iterator/go v1.1.8
go: downloading k8s.io/kube-openapi v0.0.0-20190603182131-db7b694dc208
go: extracting k8s.io/apiextensions-apiserver v0.0.0-20190409022649-727a075fdec8
go: extracting k8s.io/kube-openapi v0.0.0-20190603182131-db7b694dc208
go: extracting google.golang.org/genproto v0.0.0-20190819201941-24fa4b261c55
go: extracting golang.org/x/text v0.3.2
go: extracting github.com/tensorflow/tensorflow v1.14.0
go vet ./...
go: downloading github.com/onsi/gomega v1.7.0
go: downloading gotest.tools v2.2.0+incompatible
go: extracting github.com/onsi/gomega v1.7.0
go: extracting gotest.tools v2.2.0+incompatible
go: downloading github.com/google/go-cmp v0.3.1
go: extracting github.com/google/go-cmp v0.3.1
go test ./api/... ./predictor/...  -coverprofile cover.out
?   	github.com/seldonio/seldon-core/executor/api	[no test files]
?   	github.com/seldonio/seldon-core/executor/api/client	[no test files]
ok  	github.com/seldonio/seldon-core/executor/api/grpc	0.016s	coverage: 58.8% of statements
ok  	github.com/seldonio/seldon-core/executor/api/grpc/seldon	0.031s	coverage: 11.7% of statements
?   	github.com/seldonio/seldon-core/executor/api/grpc/seldon/proto	[no test files]
ok  	github.com/seldonio/seldon-core/executor/api/grpc/tensorflow	0.029s	coverage: 17.2% of statements
ok  	github.com/seldonio/seldon-core/executor/api/metric	0.025s	coverage: 37.5% of statements
ok  	github.com/seldonio/seldon-core/executor/api/payload	0.014s	coverage: 64.3% of statements
ok  	github.com/seldonio/seldon-core/executor/api/rest	0.045s	coverage: 60.2% of statements
?   	github.com/seldonio/seldon-core/executor/api/test	[no test files]
?   	github.com/seldonio/seldon-core/executor/api/util	[no test files]
ok  	github.com/seldonio/seldon-core/executor/predictor	0.051s	coverage: 76.6% of statements
docker build . -t seldonio/seldon-core-executor:1.0.2-SNAPSHOT
Sending build context to Docker daemon  3.414MB
Step 1/16 : FROM golang:1.13 as builder
1.13: Pulling from library/golang
dc65f448a2e2: Pulling fs layer
346ffb2b67d7: Pulling fs layer
dea4ecac934f: Pulling fs layer
8ac92ddf84b3: Pulling fs layer
7ca605383307: Pulling fs layer
bd20b51e1705: Pulling fs layer
844755650966: Pulling fs layer
7ca605383307: Waiting
8ac92ddf84b3: Waiting
bd20b51e1705: Waiting
844755650966: Waiting
346ffb2b67d7: Verifying Checksum
346ffb2b67d7: Download complete
dea4ecac934f: Download complete
dc65f448a2e2: Verifying Checksum
dc65f448a2e2: Download complete
8ac92ddf84b3: Verifying Checksum
8ac92ddf84b3: Download complete
7ca605383307: Verifying Checksum
7ca605383307: Download complete
844755650966: Verifying Checksum
844755650966: Download complete
bd20b51e1705: Verifying Checksum
bd20b51e1705: Download complete
dc65f448a2e2: Pull complete
346ffb2b67d7: Pull complete
dea4ecac934f: Pull complete
8ac92ddf84b3: Pull complete
7ca605383307: Pull complete
bd20b51e1705: Pull complete
844755650966: Pull complete
Digest: sha256:de83180c8374e56166542909101c91f7f653edc525f017b2d58f55b33cd28883
Status: Downloaded newer image for golang:1.13
 ---> 6586e3d10e96
Step 2/16 : WORKDIR /workspace
 ---> Running in cbeecd97ae47
Removing intermediate container cbeecd97ae47
 ---> 86d61ccb985b
Step 3/16 : COPY go.mod go.mod
 ---> 8d68c544acca
Step 4/16 : COPY go.sum go.sum
 ---> 2539a727cc10
Step 5/16 : COPY proto/ proto/
 ---> 4a9a6cb78c08
Step 6/16 : RUN go mod download
 ---> Running in 6418917d71b9
[91mgo: finding cloud.google.com/go v0.40.0
[0m[91mgo: finding contrib.go.opencensus.io/exporter/ocagent v0.4.12
[0m[91mgo: finding contrib.go.opencensus.io/exporter/prometheus v0.1.0
[0m[91mgo: finding github.com/Azure/azure-sdk-for-go v30.1.0+incompatible
[0m[91mgo: finding github.com/Azure/go-autorest/autorest v0.9.2
[0m[91mgo: finding github.com/Azure/go-autorest/autorest/adal v0.7.0
[0m[91mgo: finding github.com/Azure/go-autorest/autorest/date v0.2.0
[0m[91mgo: finding github.com/Azure/go-autorest/autorest/mocks v0.3.0
[0m[91mgo: finding github.com/Azure/go-autorest/autorest/to v0.2.0
[0m[91mgo: finding github.com/Azure/go-autorest/autorest/validation v0.1.0
[0m[91mgo: finding github.com/Azure/go-autorest/logger v0.1.0
[0m[91mgo: finding github.com/Azure/go-autorest/tracing v0.5.0
[0m[91mgo: finding github.com/BurntSushi/toml v0.3.1
[0m[91mgo: finding github.com/NYTimes/gziphandler v0.0.0-20170623195520-56545f4a5d46
[0m[91mgo: finding github.com/PuerkitoBio/purell v1.0.0
[0m[91mgo: finding github.com/PuerkitoBio/urlesc v0.0.0-20160726150825-5bd2802263f2
[0m[91mgo: finding github.com/Shopify/sarama v1.19.0
[0m[91mgo: finding github.com/Shopify/toxiproxy v2.1.4+incompatible
[0m[91mgo: finding github.com/alecthomas/template v0.0.0-20190718012654-fb15b899a751
[0m[91mgo: finding github.com/alecthomas/units v0.0.0-20190717042225-c3de453c63f4
[0m[91mgo: finding github.com/apache/thrift v0.12.0
[0m[91mgo: finding github.com/beorn7/perks v1.0.1
[0m[91mgo: finding github.com/census-instrumentation/opencensus-proto v0.2.0
[0m[91mgo: finding github.com/cespare/xxhash/v2 v2.1.1
[0m[91mgo: finding github.com/client9/misspell v0.3.4
[0m[91mgo: finding github.com/cloudevents/sdk-go v0.10.2
[0m[91mgo: finding github.com/davecgh/go-spew v1.1.1
[0m[91mgo: finding github.com/dgrijalva/jwt-go v3.2.0+incompatible
[0m[91mgo: finding github.com/docopt/docopt-go v0.0.0-20180111231733-ee0de3bc6815
[0m[91mgo: finding github.com/eapache/go-resiliency v1.1.0
[0m[91mgo: finding github.com/eapache/go-xerial-snappy v0.0.0-20180814174437-776d5712da21
[0m[91mgo: finding github.com/eapache/queue v1.1.0
[0m[91mgo: finding github.com/emicklei/go-restful v0.0.0-20170410110728-ff4f55a20633
[0m[91mgo: finding github.com/evanphx/json-patch v4.5.0+incompatible
[0m[91mgo: finding github.com/fatih/color v1.7.0
[0m[91mgo: finding github.com/fortytw2/leaktest v1.3.0
[0m[91mgo: finding github.com/fsnotify/fsnotify v1.4.7
[0m[91mgo: finding github.com/ghodss/yaml v1.0.0
[0m[91mgo: finding github.com/go-kit/kit v0.9.0
[0m[91mgo: finding github.com/go-logfmt/logfmt v0.4.0
[0m[91mgo: finding github.com/go-logr/logr v0.1.0
[0m[91mgo: finding github.com/go-logr/zapr v0.1.0
[0m[91mgo: finding github.com/go-openapi/jsonpointer v0.0.0-20160704185906-46af16f9f7b1
[0m[91mgo: finding github.com/go-openapi/jsonreference v0.0.0-20160704190145-13c6e3589ad9
[0m[91mgo: finding github.com/go-openapi/spec v0.0.0-20160808142527-6aced65f8501
[0m[91mgo: finding github.com/go-openapi/swag v0.0.0-20160704191624-1d0bd113de87
[0m[91mgo: finding github.com/go-stack/stack v1.8.0
[0m[91mgo: finding github.com/gobuffalo/flect v0.1.5
[0m[91mgo: finding github.com/gogo/protobuf v1.2.1
[0m[91mgo: finding github.com/golang/glog v0.0.0-20160126235308-23def4e6c14b
[0m[91mgo: finding github.com/golang/groupcache v0.0.0-20180513044358-24b0969c4cb7
[0m[91mgo: finding github.com/golang/mock v1.2.0
[0m[91mgo: finding github.com/golang/protobuf v1.3.2
[0m[91mgo: finding github.com/golang/snappy v0.0.0-20180518054509-2e65f85255db
[0m[91mgo: finding github.com/google/btree v0.0.0-20180813153112-4030bb1f1f0c
[0m[91mgo: finding github.com/google/go-cmp v0.3.1
[0m[91mgo: finding github.com/google/gofuzz v1.0.0
[0m[91mgo: finding github.com/google/martian v2.1.0+incompatible
[0m[91mgo: finding github.com/google/pprof v0.0.0-20181206194817-3ea8567a2e57
[0m[91mgo: finding github.com/google/uuid v1.1.1
[0m[91mgo: finding github.com/googleapis/gax-go/v2 v2.0.4
[0m[91mgo: finding github.com/googleapis/gnostic v0.3.1
[0m[91mgo: finding github.com/gophercloud/gophercloud v0.4.0
[0m[91mgo: finding github.com/gorilla/context v1.1.1
[0m[91mgo: finding github.com/gorilla/mux v1.7.3
[0m[91mgo: finding github.com/grpc-ecosystem/go-grpc-middleware v1.1.0
[0m[91mgo: finding github.com/grpc-ecosystem/go-grpc-prometheus v1.2.0
[0m[91mgo: finding github.com/grpc-ecosystem/grpc-gateway v1.8.5
[0m[91mgo: finding github.com/hashicorp/golang-lru v0.5.1
[0m[91mgo: finding github.com/hpcloud/tail v1.0.0
[0m[91mgo: finding github.com/imdario/mergo v0.3.6
[0m[91mgo: finding github.com/inconshreveable/mousetrap v1.0.0
[0m[91mgo: finding github.com/json-iterator/go v1.1.8
[0m[91mgo: finding github.com/jstemmer/go-junit-report v0.0.0-20190106144839-af01ea7f8024
[0m[91mgo: finding github.com/julienschmidt/httprouter v1.2.0
[0m[91mgo: finding github.com/kelseyhightower/envconfig v1.4.0
[0m[91mgo: finding github.com/kisielk/errcheck v1.1.0
[0m[91mgo: finding github.com/kisielk/gotool v1.0.0
[0m[91mgo: finding github.com/konsorten/go-windows-terminal-sequences v1.0.1
[0m[91mgo: finding github.com/kr/logfmt v0.0.0-20140226030751-b84e30acd515
[0m[91mgo: finding github.com/kr/pretty v0.1.0
[0m[91mgo: finding github.com/kr/pty v1.1.1
[0m[91mgo: finding github.com/kr/text v0.1.0
[0m[91mgo: finding github.com/mailru/easyjson v0.0.0-20160728113105-d5b7844b561a
[0m[91mgo: finding github.com/mattn/go-colorable v0.1.2
[0m[91mgo: finding github.com/mattn/go-isatty v0.0.8
[0m[91mgo: finding github.com/matttproud/golang_protobuf_extensions v1.0.1
[0m[91mgo: finding github.com/modern-go/concurrent v0.0.0-20180306012644-bacd9c7ef1dd
[0m[91mgo: finding github.com/modern-go/reflect2 v1.0.1
[0m[91mgo: finding github.com/munnerz/goautoneg v0.0.0-20120707110453-a547fc61f48d
[0m[91mgo: finding github.com/mwitkow/go-conntrack v0.0.0-20161129095857-cc309e4a2223
[0m[91mgo: finding github.com/nats-io/jwt v0.3.2
[0m[91mgo: finding github.com/nats-io/nats-server/v2 v2.1.2
[0m[91mgo: finding github.com/nats-io/nats.go v1.9.1
[0m[91mgo: finding github.com/nats-io/nkeys v0.1.3
[0m[91mgo: finding github.com/nats-io/nuid v1.0.1
[0m[91mgo: finding github.com/onsi/ginkgo v1.8.0
[0m[91mgo: finding github.com/onsi/gomega v1.7.0
[0m[91mgo: finding github.com/opentracing/opentracing-go v1.1.0
[0m[91mgo: finding github.com/openzipkin/zipkin-go v0.1.6
[0m[91mgo: finding github.com/pborman/uuid v0.0.0-20170612153648-e790cca94e6c
[0m[91mgo: finding github.com/pierrec/lz4 v2.0.5+incompatible
[0m[91mgo: finding github.com/pkg/errors v0.8.1
[0m[91mgo: finding github.com/pmezard/go-difflib v1.0.0
[0m[91mgo: finding github.com/prometheus/client_golang v1.3.0
[0m[91mgo: finding github.com/prometheus/client_model v0.1.0
[0m[91mgo: finding github.com/prometheus/common v0.7.0
[0m[91mgo: finding github.com/prometheus/procfs v0.0.8
[0m[91mgo: finding github.com/rcrowley/go-metrics v0.0.0-20181016184325-3113b8401b8a
[0m[91mgo: finding github.com/rogpeppe/fastuuid v0.0.0-20150106093220-6724a57986af
[0m[91mgo: finding github.com/seldonio/seldon-core/operator v0.0.0-20191223100430-3b372610589b
[0m[91mgo: finding github.com/sirupsen/logrus v1.4.2
[0m[91mgo: finding github.com/spf13/afero v1.2.2
[0m[91mgo: finding github.com/spf13/cobra v0.0.3
[0m[91mgo: finding github.com/spf13/pflag v1.0.3
[0m[91mgo: finding github.com/stretchr/ob** v0.1.1
[0m[91mgo: finding github.com/stretchr/testify v1.4.0
[0m[91mgo: finding github.com/tensorflow/tensorflow v1.14.0
[0m[91mgo: finding github.com/uber/jaeger-client-go v2.21.1+incompatible
[0m[91mgo: finding github.com/uber/jaeger-lib v2.2.0+incompatible
[0m[91mgo: finding go.opencensus.io v0.22.0
[0m[91mgo: finding go.uber.org/atomic v1.4.0
[0m[91mgo: finding go.uber.org/multierr v1.1.0
[0m[91mgo: finding go.uber.org/zap v1.10.0
[0m[91mgo: finding golang.org/x/crypto v0.0.0-20190701094942-4def268fd1a4
[0m[91mgo: finding golang.org/x/exp v0.0.0-20190121172915-509febef88a4
[0m[91mgo: finding golang.org/x/lint v0.0.0-20190409202823-959b441ac422
[0m[91mgo: finding golang.org/x/net v0.0.0-20190926025831-c00fd9afed17
[0m[91mgo: finding golang.org/x/oauth2 v0.0.0-20190604053449-0f29369cfe45
[0m[91mgo: finding golang.org/x/sync v0.0.0-20190911185100-cd5d95a43a6e
[0m[91mgo: finding golang.org/x/sys v0.0.0-20191220142924-d4481acd189f
[0m[91mgo: finding golang.org/x/text v0.3.2
[0m[91mgo: finding golang.org/x/time v0.0.0-20181108054448-85acf8d2951c
[0m[91mgo: finding golang.org/x/tools v0.0.0-20190524140312-2c0ae7006135
[0m[91mgo: finding golang.org/x/xerrors v0.0.0-20190717185122-a985d3407aa7
[0m[91mgo: finding gomodules.xyz/jsonpatch/v2 v2.0.1
[0m[91mgo: finding google.golang.org/api v0.6.0
[0m[91mgo: finding google.golang.org/appengine v1.5.0
[0m[91mgo: finding google.golang.org/genproto v0.0.0-20190819201941-24fa4b261c55
[0m[91mgo: finding google.golang.org/grpc v1.24.0
[0m[91mgo: finding gopkg.in/alecthomas/kingpin.v2 v2.2.6
[0m[91mgo: finding gopkg.in/check.v1 v1.0.0-20180628173108-788fd7840127
[0m[91mgo: finding gopkg.in/fsnotify.v1 v1.4.7
[0m[91mgo: finding gopkg.in/inf.v0 v0.9.1
[0m[91mgo: finding gopkg.in/resty.v1 v1.12.0
[0m[91mgo: finding gopkg.in/tomb.v1 v1.0.0-20141024135613-dd632973f1e7
[0m[91mgo: finding gopkg.in/yaml.v2 v2.2.2
[0m[91mgo: finding gotest.tools v2.2.0+incompatible
[0m[91mgo: finding honnef.co/go/tools v0.0.0-20190523083050-ea95bdfd59fc
[0m[91mgo: finding k8s.io/api v0.0.0-20190409021203-6e4e0e4f393b
[0m[91mgo: finding k8s.io/apiextensions-apiserver v0.0.0-20190409022649-727a075fdec8
[0m[91mgo: finding k8s.io/apimachinery v0.0.0-20190404173353-6a84e37a896d
[0m[91mgo: finding k8s.io/client-go v11.0.1-0.20190409021438-1a26190bd76a+incompatible
[0m[91mgo: finding k8s.io/gengo v0.0.0-20190128074634-0689ccc1d7d6
[0m[91mgo: finding k8s.io/klog v0.3.3
[0m[91mgo: finding k8s.io/kube-openapi v0.0.0-20190603182131-db7b694dc208
[0m[91mgo: finding k8s.io/utils v0.0.0-20190506122338-8fab8cb257d5
[0m[91mgo: finding knative.dev/pkg v0.0.0-20190823221514-39a29cf1bf26
[0m[91mgo: finding pack.ag/amqp v0.11.0
[0m[91mgo: finding rsc.io/binaryregexp v0.2.0
[0m[91mgo: finding sigs.k8s.io/controller-runtime v0.2.2
[0m[91mgo: finding sigs.k8s.io/controller-tools v0.2.0
[0m[91mgo: finding sigs.k8s.io/structured-merge-diff v0.0.0-20190525122527-15d366b2352e
[0m[91mgo: finding sigs.k8s.io/testing_frameworks v0.1.1
[0m[91mgo: finding sigs.k8s.io/yaml v1.1.0
[0mRemoving intermediate container 6418917d71b9
 ---> 8c6ca0466a25
Step 7/16 : COPY main.go main.go
 ---> 440dbc2a51e2
Step 8/16 : COPY api/ api/
 ---> 36f7677cf05a
Step 9/16 : COPY predictor/ predictor/
 ---> 0efca0f37dc3
Step 10/16 : COPY logger/ logger/
 ---> 87950ce8d8be
Step 11/16 : RUN CGO_ENABLED=0 GOOS=linux GOARCH=amd64 GO111MODULE=on go build -a -o executor main.go
 ---> Running in 5b9e3f7ffb0d
Removing intermediate container 5b9e3f7ffb0d
 ---> 8c156d4687bb
Step 12/16 : FROM gcr.io/distroless/static:latest
latest: Pulling from distroless/static
9ff2acc3204b: Pulling fs layer
9ff2acc3204b: Download complete
9ff2acc3204b: Pull complete
Digest: sha256:c6d5981545ce1406d33e61434c61e9452dad93ecd8397c41e89036ef977a88f4
Status: Downloaded newer image for gcr.io/distroless/static:latest
 ---> e4d2a899b1bf
Step 13/16 : WORKDIR /
 ---> Running in 1a7e3d7f07e3
Removing intermediate container 1a7e3d7f07e3
 ---> d77a18f78c84
Step 14/16 : COPY --from=builder /workspace/executor .
 ---> 5a8c3eeb6275
Step 15/16 : COPY licenses/license.txt .
 ---> c05041cf6f9d
Step 16/16 : ENTRYPOINT ["/executor"]
 ---> Running in 7bf52baf47c0
Removing intermediate container 7bf52baf47c0
 ---> 28e04de53aff
Successfully built 28e04de53aff
Successfully tagged seldonio/seldon-core-executor:1.0.2-SNAPSHOT
kind load -v 3 docker-image seldonio/seldon-core-executor:1.0.2-SNAPSHOT
Image: "seldonio/seldon-core-executor:1.0.2-SNAPSHOT" with ID "sha256:28e04de53aff92bbb1ec91e552061e9e3bea9e16e3d5719fd9b1f65d3521b48a" not present on node "kind-worker"
Image: "seldonio/seldon-core-executor:1.0.2-SNAPSHOT" with ID "sha256:28e04de53aff92bbb1ec91e552061e9e3bea9e16e3d5719fd9b1f65d3521b48a" not present on node "kind-control-plane"
make[1]: Leaving directory '/workspace/source/executor'
Build fixed models
cd ../docker/fixed-model && make kind_load_images
make[1]: Entering directory '/workspace/source/testing/docker/fixed-model'
s2i build -E environment_rest_v1 . seldonio/seldon-core-s2i-python3:0.15 seldonio/fixed-model:0.1
---> Installing application source...
Build completed successfully
s2i build -E environment_rest_v2 . seldonio/seldon-core-s2i-python3:0.15 seldonio/fixed-model:0.2
---> Installing application source...
Build completed successfully
kind load -v 3 docker-image seldonio/fixed-model:0.1
Image: "seldonio/fixed-model:0.1" with ID "sha256:9d5f93ef16fe621e3a922b998a3fbdcdc30ef47605b3b00a66387deab9f71826" not present on node "kind-worker"
Image: "seldonio/fixed-model:0.1" with ID "sha256:9d5f93ef16fe621e3a922b998a3fbdcdc30ef47605b3b00a66387deab9f71826" not present on node "kind-control-plane"
kind load -v 3 docker-image seldonio/fixed-model:0.2
Image: "seldonio/fixed-model:0.2" with ID "sha256:ac9960fc1d13d989b9cba9b0adf4badfef913cf6e34bc9d30a0ec4ec771b0894" not present on node "kind-worker"
Image: "seldonio/fixed-model:0.2" with ID "sha256:ac9960fc1d13d989b9cba9b0adf4badfef913cf6e34bc9d30a0ec4ec771b0894" not present on node "kind-control-plane"
make[1]: Leaving directory '/workspace/source/testing/docker/fixed-model'
kubectl create namespace seldon || echo "Namespace seldon already exists"
namespace/seldon created
kubectl create namespace test1 || echo "Namespace test1 already exists"
namespace/test1 created
helm repo add stable https://kubernetes-charts.storage.googleapis.com/
"stable" has been added to your repositories
helm repo add seldonio https://storage.googleapis.com/seldon-charts
"seldonio" has been added to your repositories
helm repo update
Hang tight while we grab the latest from your chart repositories...
...Successfully got an update from the "seldonio" chart repository
...Successfully got an update from the "stable" chart repository
Update Complete. âŽˆ Happy Helming!âŽˆ 
helm install --wait ambassador stable/ambassador -f ambassador_values.yaml --set crds.keep=false --namespace seldon --set replicaCount=1
manifest_sorter.go:175: info: skipping unknown hook: "crd-install"
manifest_sorter.go:175: info: skipping unknown hook: "crd-install"
manifest_sorter.go:175: info: skipping unknown hook: "crd-install"
manifest_sorter.go:175: info: skipping unknown hook: "crd-install"
manifest_sorter.go:175: info: skipping unknown hook: "crd-install"
manifest_sorter.go:175: info: skipping unknown hook: "crd-install"
manifest_sorter.go:175: info: skipping unknown hook: "crd-install"
manifest_sorter.go:175: info: skipping unknown hook: "crd-install"
manifest_sorter.go:175: info: skipping unknown hook: "crd-install"
manifest_sorter.go:175: info: skipping unknown hook: "crd-install"
manifest_sorter.go:175: info: skipping unknown hook: "crd-install"
manifest_sorter.go:175: info: skipping unknown hook: "crd-install"
manifest_sorter.go:175: info: skipping unknown hook: "crd-install"
manifest_sorter.go:175: info: skipping unknown hook: "crd-install"
NAME: ambassador
LAST DEPLOYED: Sun Feb  9 12:23:20 2020
NAMESPACE: seldon
STATUS: deployed
REVISION: 1
NOTES:
Congratulations! You've successfully installed Ambassador.

For help, visit our Slack at https://d6e.co/slack or view the documentation online at https://www.getambassador.io.

To get the IP address of Ambassador, run the following commands:
  export NODE_PORT=$(kubectl get --namespace seldon -o jsonpath="{.spec.ports[0].nodePort}" services ambassador)
  export NODE_IP=$(kubectl get nodes --namespace seldon -o jsonpath="{.items[0].status.addresses[0].address}")
  echo http://$NODE_IP:$NODE_PORT
kubectl apply -f istio-1.4.2.yaml
clusterrole.rbac.authorization.k8s.io/istio-reader-istio-system created
clusterrolebinding.rbac.authorization.k8s.io/istio-reader-istio-system created
customresourcedefinition.apiextensions.k8s.io/attributemanifests.config.istio.io created
customresourcedefinition.apiextensions.k8s.io/clusterrbacconfigs.rbac.istio.io created
customresourcedefinition.apiextensions.k8s.io/destinationrules.networking.istio.io created
customresourcedefinition.apiextensions.k8s.io/envoyfilters.networking.istio.io created
customresourcedefinition.apiextensions.k8s.io/gateways.networking.istio.io created
customresourcedefinition.apiextensions.k8s.io/httpapispecbindings.config.istio.io created
customresourcedefinition.apiextensions.k8s.io/httpapispecs.config.istio.io created
customresourcedefinition.apiextensions.k8s.io/meshpolicies.authentication.istio.io created
customresourcedefinition.apiextensions.k8s.io/policies.authentication.istio.io created
customresourcedefinition.apiextensions.k8s.io/quotaspecbindings.config.istio.io created
customresourcedefinition.apiextensions.k8s.io/quotaspecs.config.istio.io created
customresourcedefinition.apiextensions.k8s.io/rbacconfigs.rbac.istio.io created
customresourcedefinition.apiextensions.k8s.io/rules.config.istio.io created
customresourcedefinition.apiextensions.k8s.io/serviceentries.networking.istio.io created
customresourcedefinition.apiextensions.k8s.io/servicerolebindings.rbac.istio.io created
customresourcedefinition.apiextensions.k8s.io/serviceroles.rbac.istio.io created
customresourcedefinition.apiextensions.k8s.io/virtualservices.networking.istio.io created
customresourcedefinition.apiextensions.k8s.io/adapters.config.istio.io created
customresourcedefinition.apiextensions.k8s.io/instances.config.istio.io created
customresourcedefinition.apiextensions.k8s.io/templates.config.istio.io created
customresourcedefinition.apiextensions.k8s.io/handlers.config.istio.io created
customresourcedefinition.apiextensions.k8s.io/sidecars.networking.istio.io created
customresourcedefinition.apiextensions.k8s.io/authorizationpolicies.security.istio.io created
namespace/istio-system created
serviceaccount/istio-reader-service-account created
clusterrole.rbac.authorization.k8s.io/istio-citadel-istio-system created
clusterrolebinding.rbac.authorization.k8s.io/istio-citadel-istio-system created
deployment.apps/istio-citadel created
poddisruptionbudget.policy/istio-citadel created
service/istio-citadel created
serviceaccount/istio-citadel-service-account created
deployment.apps/istio-egressgateway created
poddisruptionbudget.policy/istio-egressgateway created
gateway.networking.istio.io/istio-multicluster-egressgateway created
virtualservice.networking.istio.io/istio-multicluster-egressgateway created
envoyfilter.networking.istio.io/istio-multicluster-egressgateway created
destinationrule.networking.istio.io/istio-multicluster-destinationrule created
service/istio-egressgateway created
role.rbac.authorization.k8s.io/istio-egressgateway-sds created
rolebinding.rbac.authorization.k8s.io/istio-egressgateway-sds created
serviceaccount/istio-egressgateway-service-account created
clusterrole.rbac.authorization.k8s.io/istio-galley-istio-system created
clusterrolebinding.rbac.authorization.k8s.io/istio-galley-*****-role-binding-istio-system created
configmap/istio-mesh-galley created
configmap/istio-galley-configuration created
deployment.apps/istio-galley created
poddisruptionbudget.policy/istio-galley created
service/istio-galley created
serviceaccount/istio-galley-service-account created
configmap/istio-grafana-configuration-dashboards-citadel-dashboard created
configmap/istio-grafana-configuration-dashboards-galley-dashboard created
configmap/istio-grafana-configuration-dashboards-istio-mesh-dashboard created
configmap/istio-grafana-configuration-dashboards-istio-performance-dashboard created
configmap/istio-grafana-configuration-dashboards-istio-service-dashboard created
configmap/istio-grafana-configuration-dashboards-istio-workload-dashboard created
configmap/istio-grafana-configuration-dashboards-mixer-dashboard created
configmap/istio-grafana-configuration-dashboards-pilot-dashboard created
configmap/istio-grafana created
deployment.apps/grafana created
policy.authentication.istio.io/grafana-ports-mtls-disabled created
service/grafana created
deployment.apps/istio-ingressgateway created
gateway.networking.istio.io/ingressgateway created
poddisruptionbudget.policy/ingressgateway created
service/istio-ingressgateway created
serviceaccount/istio-ingressgateway-service-account created
sidecar.networking.istio.io/default created
clusterrole.rbac.authorization.k8s.io/istio-sidecar-injector-istio-system created
clusterrolebinding.rbac.authorization.k8s.io/istio-sidecar-injector-*****-role-binding-istio-system created
configmap/injector-mesh created
deployment.apps/istio-sidecar-injector created
mutatingwebhookconfiguration.admissionregistration.k8s.io/istio-sidecar-injector created
poddisruptionbudget.policy/istio-sidecar-injector created
service/istio-sidecar-injector created
serviceaccount/istio-sidecar-injector-service-account created
configmap/istio-sidecar-injector created
clusterrole.rbac.authorization.k8s.io/kiali created
clusterrole.rbac.authorization.k8s.io/kiali-viewer created
clusterrolebinding.rbac.authorization.k8s.io/kiali created
configmap/kiali created
secret/kiali created
deployment.apps/kiali created
service/kiali created
serviceaccount/kiali-service-account created
clusterrole.rbac.authorization.k8s.io/istio-pilot-istio-system created
clusterrolebinding.rbac.authorization.k8s.io/istio-pilot-istio-system created
configmap/pilot-envoy-config created
configmap/istio created
deployment.apps/istio-pilot created
meshpolicy.authentication.istio.io/default created
poddisruptionbudget.policy/istio-pilot created
service/istio-pilot created
serviceaccount/istio-pilot-service-account created
clusterrole.rbac.authorization.k8s.io/istio-policy created
clusterrolebinding.rbac.authorization.k8s.io/istio-policy-*****-role-binding-istio-system created
destinationrule.networking.istio.io/istio-policy created
deployment.apps/istio-policy created
poddisruptionbudget.policy/istio-policy created
service/istio-policy created
serviceaccount/istio-policy-service-account created
clusterrole.rbac.authorization.k8s.io/prometheus-istio-system created
clusterrolebinding.rbac.authorization.k8s.io/prometheus-istio-system created
configmap/prometheus created
deployment.apps/prometheus created
service/prometheus created
serviceaccount/prometheus created
horizontalpodautoscaler.autoscaling/istio-telemetry created
clusterrole.rbac.authorization.k8s.io/istio-mixer-istio-system created
clusterrolebinding.rbac.authorization.k8s.io/istio-mixer-*****-role-binding-istio-system created
attributemanifest.config.istio.io/istioproxy created
attributemanifest.config.istio.io/kubernetes created
handler.config.istio.io/stdio created
instance.config.istio.io/accesslog created
instance.config.istio.io/tcpaccesslog created
rule.config.istio.io/stdio created
rule.config.istio.io/stdiotcp created
instance.config.istio.io/requestcount created
instance.config.istio.io/requestduration created
instance.config.istio.io/requestsize created
instance.config.istio.io/responsesize created
instance.config.istio.io/tcpbytesent created
instance.config.istio.io/tcpbytereceived created
instance.config.istio.io/tcpconnectionsopened created
instance.config.istio.io/tcpconnectionsclosed created
handler.config.istio.io/prometheus created
rule.config.istio.io/promhttp created
rule.config.istio.io/promtcp created
rule.config.istio.io/promtcpconnectionopen created
rule.config.istio.io/promtcpconnectionclosed created
handler.config.istio.io/kubernetesenv created
rule.config.istio.io/kubeattrgenrulerule created
rule.config.istio.io/tcpkubeattrgenrulerule created
instance.config.istio.io/attributes created
destinationrule.networking.istio.io/istio-telemetry created
configmap/telemetry-envoy-config created
deployment.apps/istio-telemetry created
poddisruptionbudget.policy/istio-telemetry created
service/istio-telemetry created
serviceaccount/istio-mixer-service-account created
deployment.apps/istio-tracing created
service/jaeger-query created
service/jaeger-collector created
service/jaeger-agent created
service/zipkin created
service/tracing created
kubectl rollout status deployment.apps/istio-ingressgateway -n istio-system
Waiting for deployment "istio-ingressgateway" rollout to finish: 0 of 1 updated replicas are available...
deployment "istio-ingressgateway" successfully rolled out
kubectl rollout status deployment.apps/istio-pilot -n istio-system
deployment "istio-pilot" successfully rolled out
kubectl rollout status deployment.apps/istio-citadel -n istio-system
deployment "istio-citadel" successfully rolled out
cd ../../operator && make install-cert-manager
make[1]: Entering directory '/workspace/source/operator'
kubectl create namespace cert-manager || echo "Namespace cert-manager-exists"
namespace/cert-manager created
kubectl label namespace cert-manager cert-manager.io/disable-validation=true || echo "namespace cert-manager-already labelled"
namespace/cert-manager labeled
kubectl apply --validate=false -f https://github.com/jetstack/cert-manager/releases/download/v0.12.0/cert-manager.yaml
customresourcedefinition.apiextensions.k8s.io/certificaterequests.cert-manager.io created
customresourcedefinition.apiextensions.k8s.io/certificates.cert-manager.io created
customresourcedefinition.apiextensions.k8s.io/challenges.acme.cert-manager.io created
customresourcedefinition.apiextensions.k8s.io/clusterissuers.cert-manager.io created
customresourcedefinition.apiextensions.k8s.io/issuers.cert-manager.io created
customresourcedefinition.apiextensions.k8s.io/orders.acme.cert-manager.io created
Warning: kubectl apply should be used on resource created by either kubectl create --save-config or kubectl apply
namespace/cert-manager configured
serviceaccount/cert-manager-cainjector created
serviceaccount/cert-manager created
serviceaccount/cert-manager-webhook created
clusterrole.rbac.authorization.k8s.io/cert-manager-cainjector created
clusterrolebinding.rbac.authorization.k8s.io/cert-manager-cainjector created
role.rbac.authorization.k8s.io/cert-manager-cainjector:leaderelection created
rolebinding.rbac.authorization.k8s.io/cert-manager-cainjector:leaderelection created
clusterrolebinding.rbac.authorization.k8s.io/cert-manager-webhook:auth-delegator created
rolebinding.rbac.authorization.k8s.io/cert-manager-webhook:webhook-authentication-reader created
clusterrole.rbac.authorization.k8s.io/cert-manager-webhook:webhook-requester created
role.rbac.authorization.k8s.io/cert-manager:leaderelection created
rolebinding.rbac.authorization.k8s.io/cert-manager:leaderelection created
clusterrole.rbac.authorization.k8s.io/cert-manager-controller-issuers created
clusterrole.rbac.authorization.k8s.io/cert-manager-controller-clusterissuers created
clusterrole.rbac.authorization.k8s.io/cert-manager-controller-certificates created
clusterrole.rbac.authorization.k8s.io/cert-manager-controller-orders created
clusterrole.rbac.authorization.k8s.io/cert-manager-controller-challenges created
clusterrole.rbac.authorization.k8s.io/cert-manager-controller-ingress-shim created
clusterrolebinding.rbac.authorization.k8s.io/cert-manager-controller-issuers created
clusterrolebinding.rbac.authorization.k8s.io/cert-manager-controller-clusterissuers created
clusterrolebinding.rbac.authorization.k8s.io/cert-manager-controller-certificates created
clusterrolebinding.rbac.authorization.k8s.io/cert-manager-controller-orders created
clusterrolebinding.rbac.authorization.k8s.io/cert-manager-controller-challenges created
clusterrolebinding.rbac.authorization.k8s.io/cert-manager-controller-ingress-shim created
clusterrole.rbac.authorization.k8s.io/cert-manager-view created
clusterrole.rbac.authorization.k8s.io/cert-manager-edit created
service/cert-manager created
service/cert-manager-webhook created
deployment.apps/cert-manager-cainjector created
deployment.apps/cert-manager created
deployment.apps/cert-manager-webhook created
mutatingwebhookconfiguration.admissionregistration.k8s.io/cert-manager-webhook created
validatingwebhookconfiguration.admissionregistration.k8s.io/cert-manager-webhook created
kubectl rollout status deployment.apps/cert-manager -n cert-manager
Waiting for deployment "cert-manager" rollout to finish: 0 of 1 updated replicas are available...
deployment "cert-manager" successfully rolled out
kubectl rollout status deployment.apps/cert-manager-cainjector -n cert-manager
deployment "cert-manager-cainjector" successfully rolled out
kubectl rollout status deployment.apps/cert-manager-webhook -n cert-manager
Waiting for deployment "cert-manager-webhook" rollout to finish: 0 of 1 updated replicas are available...
deployment "cert-manager-webhook" successfully rolled out
make[1]: Leaving directory '/workspace/source/operator'
sleep 5 #https://github.com/jetstack/cert-manager/issues/2273
kubectl create namespace seldon-system || echo "namespace seldon-system exists"
namespace/seldon-system created
helm install --wait seldon ../../helm-charts/seldon-core-operator --namespace seldon-system --set istio.enabled=true --set istio.gateway=seldon-gateway --set certManager.enabled=false --set executor.enabled=true
NAME: seldon
LAST DEPLOYED: Sun Feb  9 12:25:49 2020
NAMESPACE: seldon-system
STATUS: deployed
REVISION: 1
TEST SUITE: None
kubectl config set-context $(kubectl config current-context) --namespace=seldon
Context "kind-kind" modified.
make: Entering directory '/workspace/source/python'
pip install -e . -r requirements-dev.txt
Obtaining file:///workspace/source/python
Collecting Flask<2.0.0
  Downloading https://files.pythonhosted.org/packages/9b/93/628509b8d5dc749656a9641f4caf13540e2cdec85276964ff8f43bbb1d3b/Flask-1.1.1-py2.py3-none-any.whl (94kB)
Collecting Flask-cors<4.0.0
  Downloading https://files.pythonhosted.org/packages/78/38/e68b11daa5d613e3a91e4bf3da76c94ac9ee0d9cd515af9c1ab80d36f709/Flask_Cors-3.0.8-py2.py3-none-any.whl
Collecting redis<4.0.0
  Downloading https://files.pythonhosted.org/packages/f0/05/1fc7feedc19c123e7a95cfc9e7892eb6cdd2e5df4e9e8af6384349c1cc3d/redis-3.4.1-py2.py3-none-any.whl (71kB)
Collecting requests<3.0.0
  Downloading https://files.pythonhosted.org/packages/51/bd/23c926cd341ea6b7dd0b2a00aba99ae0f828be89d72b2190f27c11d4b7fb/requests-2.22.0-py2.py3-none-any.whl (57kB)
Collecting numpy<2.0.0
  Downloading https://files.pythonhosted.org/packages/62/20/4d43e141b5bc426ba38274933ef8e76e85c7adea2c321ecf9ebf7421cedf/numpy-1.18.1-cp36-cp36m-manylinux1_x86_64.whl (20.1MB)
Collecting flatbuffers<2.0.0
  Downloading https://files.pythonhosted.org/packages/c9/84/adf5837f96c39990bc55afdfddf460b38b4562f50341359afa32e4a98de7/flatbuffers-1.11-py2.py3-none-any.whl
Requirement already satisfied: protobuf<4.0.0 in /usr/local/lib/python3.6/site-packages (from -r requirements.txt (line 7)) (3.11.2)
Requirement already satisfied: grpcio<2.0.0 in /usr/local/lib/python3.6/site-packages (from -r requirements.txt (line 8)) (1.26.0)
Collecting Flask-OpenTracing<1.2.0,>=1.1.0
  Downloading https://files.pythonhosted.org/packages/58/6c/6417701ba5ecc8854670c6db3207bcc3e5fbc96289a7cb18d5516d99a1c6/Flask-OpenTracing-1.1.0.tar.gz
Collecting opentracing<2.3.0,>=2.2.0
  Downloading https://files.pythonhosted.org/packages/94/9f/289424136addf621fb4c75624ef9a3a80e8575da3993a87950c57e93217e/opentracing-2.2.0.tar.gz (47kB)
Collecting jaeger-client<4.2.0,>=4.1.0
  Downloading https://files.pythonhosted.org/packages/f1/da/569a4f1bc3d0c412c7f903053f09ef62fa10949374ca90bc852b22dd3860/jaeger-client-4.1.0.tar.gz (80kB)
Collecting grpcio-opentracing<1.2.0,>=1.1.4
  Downloading https://files.pythonhosted.org/packages/db/82/2fcad380697c3dab25de76ee590bcab3eb9bbfb4add916044d7e83ec2b10/grpcio_opentracing-1.1.4-py3-none-any.whl
Collecting pyaml<20.0.0
  Downloading https://files.pythonhosted.org/packages/35/1e/eda9fe07f752ced7afcef590e7d74390f0d9c9c0b7ff98317afbaa0697e3/pyaml-19.12.0-py2.py3-none-any.whl
Collecting gunicorn<20.1.0,>=19.9.0
  Downloading https://files.pythonhosted.org/packages/69/ca/926f7cd3a2014b16870086b2d0fdc84a9e49473c68a8dff8b57f7c156f43/gunicorn-20.0.4-py2.py3-none-any.whl (77kB)
Collecting minio<6.0.0,>=4.0.9
  Downloading https://files.pythonhosted.org/packages/29/98/9912d869c1bee699ea2e1612fb8de49130fc424b772f4e94bcf64d45ebe1/minio-5.0.7-py2.py3-none-any.whl (71kB)
Collecting azure-storage-blob<3.0.0,>=2.0.1
  Downloading https://files.pythonhosted.org/packages/3e/84/610f379b46d7d3c2d48eadeed6a12b6d46a43100fea70534f5992d0ac996/azure_storage_blob-2.1.0-py2.py3-none-any.whl (88kB)
Requirement already satisfied: setuptools>=41.0.0 in /usr/local/lib/python3.6/site-packages (from -r requirements.txt (line 17)) (45.0.0)
Collecting pandas==0.25.3
  Downloading https://files.pythonhosted.org/packages/52/3f/f6a428599e0d4497e1595030965b5ba455fd8ade6e977e3c819973c4b41d/pandas-0.25.3-cp36-cp36m-manylinux1_x86_64.whl (10.4MB)
Collecting google-cloud-storage>=1.16.0
  Downloading https://files.pythonhosted.org/packages/cd/6d/75c2a47af99d15aa8b4de4e66226c128e623f8c9d3e27a8588368ccc38fc/google_cloud_storage-1.25.0-py2.py3-none-any.whl (73kB)
Collecting mypy<0.762
  Downloading https://files.pythonhosted.org/packages/7e/2f/859faf744fab87c2e1749ef1e7bce1f7550ab1b384c872d657063beb0ac2/mypy-0.761-cp36-cp36m-manylinux1_x86_64.whl (24.1MB)
Collecting Pillow==7.0.0
  Downloading https://files.pythonhosted.org/packages/19/5e/23dcc0ce3cc2abe92efd3cd61d764bee6ccdf1b667a1fb566f45dc249953/Pillow-7.0.0-cp36-cp36m-manylinux1_x86_64.whl (2.1MB)
Collecting tox<4.0.0
  Downloading https://files.pythonhosted.org/packages/77/a7/a5b721d9bf955edfe36013e5ecc9136fc6b2fef622ab1797ff0560273d8e/tox-3.14.3-py2.py3-none-any.whl (80kB)
Collecting pytest==5.3.1
  Downloading https://files.pythonhosted.org/packages/da/ed/d22d7f06eb1107271694ed2171b9d52e8eea38d9757124e75ba13324ac77/pytest-5.3.1-py3-none-any.whl (233kB)
Collecting pytest-cov==2.8.1
  Downloading https://files.pythonhosted.org/packages/b9/54/3673ee8be482f81527678ac894276223b9814bb7262e4f730469bb7bf70e/pytest_cov-2.8.1-py2.py3-none-any.whl
Collecting coverage==4.5.4
  Downloading https://files.pythonhosted.org/packages/51/b1/13609068fff1c8c056f0c4601ad6985cf5c1bbfc529196ab08bd2a57dc39/coverage-4.5.4-cp36-cp36m-manylinux1_x86_64.whl (205kB)
Collecting Jinja2>=2.10.1
  Downloading https://files.pythonhosted.org/packages/27/24/4f35961e5c669e96f6559760042a55b9bcfcdb82b9bdb3c8753dbe042e35/Jinja2-2.11.1-py2.py3-none-any.whl (126kB)
Collecting itsdangerous>=0.24
  Downloading https://files.pythonhosted.org/packages/76/ae/44b03b253d6fade317f32c24d100b3b35c2239807046a4c953c7b89fa49e/itsdangerous-1.1.0-py2.py3-none-any.whl
Collecting Werkzeug>=0.15
  Downloading https://files.pythonhosted.org/packages/ba/a5/d6f8a6e71f15364d35678a4ec8a0186f980b3bd2545f40ad51dd26a87fb1/Werkzeug-1.0.0-py2.py3-none-any.whl (298kB)
Collecting click>=5.1
  Downloading https://files.pythonhosted.org/packages/fa/37/45185cb5abbc30d7257104c434fe0b07e5a195a6847506c074527aa599ec/Click-7.0-py2.py3-none-any.whl (81kB)
Requirement already satisfied: Six in /usr/local/lib/python3.6/site-packages (from Flask-cors<4.0.0->-r requirements.txt (line 2)) (1.13.0)
Collecting certifi>=2017.4.17
  Downloading https://files.pythonhosted.org/packages/b9/63/df50cac98ea0d5b006c55a399c3bf1db9da7b5a24de7890bc9cfd5dd9e99/certifi-2019.11.28-py2.py3-none-any.whl (156kB)
Collecting chardet<3.1.0,>=3.0.2
  Downloading https://files.pythonhosted.org/packages/bc/a9/01ffebfb562e4274b6487b4bb1ddec7ca55ec7510b22e4c51f14098443b8/chardet-3.0.4-py2.py3-none-any.whl (133kB)
Collecting urllib3!=1.25.0,!=1.25.1,<1.26,>=1.21.1
  Downloading https://files.pythonhosted.org/packages/e8/74/6e4f91745020f967d09332bb2b8b9b10090957334692eb88ea4afe91b77f/urllib3-1.25.8-py2.py3-none-any.whl (125kB)
Collecting idna<2.9,>=2.5
  Downloading https://files.pythonhosted.org/packages/14/2c/cd551d81dbe15200be1cf41cd03869a46fe7226e7450af7a6545bfc474c9/idna-2.8-py2.py3-none-any.whl (58kB)
Collecting threadloop<2,>=1
  Downloading https://files.pythonhosted.org/packages/d3/1d/8398c1645b97dc008d3c658e04beda01ede3d90943d40c8d56863cf891bd/threadloop-1.0.2.tar.gz
Collecting thrift
  Downloading https://files.pythonhosted.org/packages/97/1e/3284d19d7be99305eda145b8aa46b0c33244e4a496ec66440dac19f8274d/thrift-0.13.0.tar.gz (59kB)
Collecting tornado<6,>=4.3
  Downloading https://files.pythonhosted.org/packages/e6/78/6e7b5af12c12bdf38ca9bfe863fcaf53dc10430a312d0324e76c1e5ca426/tornado-5.1.1.tar.gz (516kB)
Requirement already satisfied: PyYAML in /usr/local/lib/python3.6/site-packages (from pyaml<20.0.0->-r requirements.txt (line 13)) (5.3)
Collecting pytz
  Downloading https://files.pythonhosted.org/packages/e7/f9/f0b53f88060247251bf481fa6ea62cd0d25bf1b11a87888e53ce5b7c8ad2/pytz-2019.3-py2.py3-none-any.whl (509kB)
Collecting python-dateutil
  Downloading https://files.pythonhosted.org/packages/d4/70/d60450c3dd48ef87586924207ae8907090de0b306af2bce5d134d78615cb/python_dateutil-2.8.1-py2.py3-none-any.whl (227kB)
Collecting configparser
  Downloading https://files.pythonhosted.org/packages/7a/2a/95ed0501cf5d8709490b1d3a3f9b5cf340da6c433f896bbe9ce08dbe6785/configparser-4.0.2-py2.py3-none-any.whl
Collecting azure-storage-common~=2.1
  Downloading https://files.pythonhosted.org/packages/6b/a0/6794b318ce0118d1a4053bdf0149a60807407db9b710354f2b203c2f5975/azure_storage_common-2.1.0-py2.py3-none-any.whl (47kB)
Collecting azure-common>=1.1.5
  Downloading https://files.pythonhosted.org/packages/3f/4b/8881f8446853dfe3d404468689edcff33c0e2bf62ac2ddf31d08d739fadc/azure_common-1.1.24-py2.py3-none-any.whl
Collecting google-auth<2.0dev,>=1.9.0
  Downloading https://files.pythonhosted.org/packages/1c/6d/7aae38a9022f982cf8167775c7fc299f203417b698c27080ce09060bba07/google_auth-1.11.0-py2.py3-none-any.whl (76kB)
Collecting google-cloud-core<2.0dev,>=1.2.0
  Downloading https://files.pythonhosted.org/packages/89/3c/8a7531839028c9690e6d14c650521f3bbaf26e53baaeb2784b8c3eb2fb97/google_cloud_core-1.3.0-py2.py3-none-any.whl
Collecting google-resumable-media<0.6dev,>=0.5.0
  Downloading https://files.pythonhosted.org/packages/35/9e/f73325d0466ce5bdc36333f1aeb2892ead7b76e79bdb5c8b0493961fa098/google_resumable_media-0.5.0-py2.py3-none-any.whl
Collecting typing-extensions>=3.7.4
  Downloading https://files.pythonhosted.org/packages/03/92/705fe8aca27678e01bbdd7738173b8e7df0088a2202c80352f664630d638/typing_extensions-3.7.4.1-py3-none-any.whl
Collecting mypy-extensions<0.5.0,>=0.4.3
  Downloading https://files.pythonhosted.org/packages/5c/eb/975c7c080f3223a5cdaff09612f3a5221e4ba534f7039db34c35d95fa6a5/mypy_extensions-0.4.3-py2.py3-none-any.whl
Collecting typed-ast<1.5.0,>=1.4.0
  Downloading https://files.pythonhosted.org/packages/90/ed/5459080d95eb87a02fe860d447197be63b6e2b5e9ff73c2b0a85622994f4/typed_ast-1.4.1-cp36-cp36m-manylinux1_x86_64.whl (737kB)
Collecting packaging>=14
  Downloading https://files.pythonhosted.org/packages/98/42/87c585dd3b113c775e65fd6b8d9d0a43abe1819c471d7af702d4e01e9b20/packaging-20.1-py2.py3-none-any.whl
Collecting importlib-metadata<2,>=0.12; python_version < "3.8"
  Downloading https://files.pythonhosted.org/packages/8b/03/a00d504808808912751e64ccf414be53c29cad620e3de2421135fcae3025/importlib_metadata-1.5.0-py2.py3-none-any.whl
Collecting virtualenv>=16.0.0
  Downloading https://files.pythonhosted.org/packages/05/f1/2e07e8ca50e047b9cc9ad56cf4291f4e041fa73207d000a095fe478abf84/virtualenv-16.7.9-py2.py3-none-any.whl (3.4MB)
Collecting py<2,>=1.4.17
  Downloading https://files.pythonhosted.org/packages/99/8d/21e1767c009211a62a8e3067280bfce76e89c9f876180308515942304d2d/py-1.8.1-py2.py3-none-any.whl (83kB)
Collecting pluggy<1,>=0.12.0
  Downloading https://files.pythonhosted.org/packages/a0/28/85c7aa31b80d150b772fbe4a229487bc6644da9ccb7e427dd8cc60cb8a62/pluggy-0.13.1-py2.py3-none-any.whl
Collecting filelock<4,>=3.0.0
  Downloading https://files.pythonhosted.org/packages/93/83/71a2ee6158bb9f39a90c0dea1637f81d5eef866e188e1971a1b1ab01a35a/filelock-3.0.12-py3-none-any.whl
Collecting toml>=0.9.4
  Downloading https://files.pythonhosted.org/packages/a2/12/ced7105d2de62fa7c8fb5fce92cc4ce66b57c95fb875e9318dba7f8c5db0/toml-0.10.0-py2.py3-none-any.whl
Collecting wcwidth
  Downloading https://files.pythonhosted.org/packages/58/b4/4850a0ccc6f567cc0ebe7060d20ffd4258b8210efadc259da62dc6ed9c65/wcwidth-0.1.8-py2.py3-none-any.whl
Collecting more-itertools>=4.0.0
  Downloading https://files.pythonhosted.org/packages/72/96/4297306cc270eef1e3461da034a3bebe7c84eff052326b130824e98fc3fb/more_itertools-8.2.0-py3-none-any.whl (43kB)
Collecting attrs>=17.4.0
  Downloading https://files.pythonhosted.org/packages/a2/db/4313ab3be961f7a763066401fb77f7748373b6094076ae2bda2806988af6/attrs-19.3.0-py2.py3-none-any.whl
Collecting MarkupSafe>=0.23
  Downloading https://files.pythonhosted.org/packages/b2/5f/23e0023be6bb885d00ffbefad2942bc51a620328ee910f64abe5a8d18dd1/MarkupSafe-1.1.1-cp36-cp36m-manylinux1_x86_64.whl
Collecting cryptography
  Downloading https://files.pythonhosted.org/packages/ca/9a/7cece52c46546e214e10811b36b2da52ce1ea7fa203203a629b8dfadad53/cryptography-2.8-cp34-abi3-manylinux2010_x86_64.whl (2.3MB)
Collecting pyasn1-modules>=0.2.1
  Downloading https://files.pythonhosted.org/packages/95/de/214830a981892a3e286c3794f41ae67a4495df1108c3da8a9f62159b9a9d/pyasn1_modules-0.2.8-py2.py3-none-any.whl (155kB)
Collecting rsa<4.1,>=3.1.4
  Downloading https://files.pythonhosted.org/packages/02/e5/38518af393f7c214357079ce67a317307936896e961e35450b70fad2a9cf/rsa-4.0-py2.py3-none-any.whl
Collecting cachetools<5.0,>=2.0.0
  Downloading https://files.pythonhosted.org/packages/08/6a/abf83cb951617793fd49c98cb9456860f5df66ff89883c8660aa0672d425/cachetools-4.0.0-py3-none-any.whl
Collecting google-api-core<2.0.0dev,>=1.16.0
  Downloading https://files.pythonhosted.org/packages/63/7e/a523169b0cc9ce62d56e07571db927286a94b1a5f51ac220bd97db825c77/google_api_core-1.16.0-py2.py3-none-any.whl (70kB)
Collecting pyparsing>=2.0.2
  Downloading https://files.pythonhosted.org/packages/5d/bc/1e58593167fade7b544bfe9502a26dc860940a79ab306e651e7f13be68c2/pyparsing-2.4.6-py2.py3-none-any.whl (67kB)
Collecting zipp>=0.5
  Downloading https://files.pythonhosted.org/packages/46/42/f2dd964b2a6b1921b08d661138148c1bcd3f038462a44019416f2342b618/zipp-2.2.0-py36-none-any.whl
Collecting cffi!=1.11.3,>=1.8
  Downloading https://files.pythonhosted.org/packages/f1/c7/72abda280893609e1ddfff90f8064568bd8bcb2c1770a9d5bb5edb2d1fea/cffi-1.14.0-cp36-cp36m-manylinux1_x86_64.whl (399kB)
Collecting pyasn1<0.5.0,>=0.4.6
  Downloading https://files.pythonhosted.org/packages/62/1e/a94a8d635fa3ce4cfc7f506003548d0a2447ae76fd5ca53932970fe3053f/pyasn1-0.4.8-py2.py3-none-any.whl (77kB)
Collecting googleapis-common-protos<2.0dev,>=1.6.0
  Downloading https://files.pythonhosted.org/packages/05/46/168fd780f594a4d61122f7f3dc0561686084319ad73b4febbf02ae8b32cf/googleapis-common-protos-1.51.0.tar.gz
Collecting pycparser
  Downloading https://files.pythonhosted.org/packages/68/9e/49196946aee219aead1290e00d1e7fdeab8567783e83e1b9ab5585e6206a/pycparser-2.19.tar.gz (158kB)
Building wheels for collected packages: Flask-OpenTracing, opentracing, jaeger-client, threadloop, thrift, tornado, googleapis-common-protos, pycparser
  Building wheel for Flask-OpenTracing (setup.py): started
  Building wheel for Flask-OpenTracing (setup.py): finished with status 'done'
  Created wheel for Flask-OpenTracing: filename=Flask_OpenTracing-1.1.0-cp36-none-any.whl size=9071 sha256=5ff274e8c6110087d864ff559899bd011c2e00e7932779adb5c34f8e0e1ef60d
  Stored in directory: /builder/home/.cache/pip/wheels/7b/dc/25/3cf0b35c129232ee596c413f13d1d1f5a8e38c427266276dfd
  Building wheel for opentracing (setup.py): started
  Building wheel for opentracing (setup.py): finished with status 'done'
  Created wheel for opentracing: filename=opentracing-2.2.0-cp36-none-any.whl size=49320 sha256=7ca0d4d37608b602676a62c70846fd7e83a9c6bd413c4db6101a7e4f7b68d3e1
  Stored in directory: /builder/home/.cache/pip/wheels/93/e9/b5/1cdc3544f99a54caca13832b5afa26fd98701fe709dc049576
  Building wheel for jaeger-client (setup.py): started
  Building wheel for jaeger-client (setup.py): finished with status 'done'
  Created wheel for jaeger-client: filename=jaeger_client-4.1.0-cp36-none-any.whl size=64309 sha256=3d45980df55c6ee5d45f4e715b3c11bfdf518e89e316ca38d55e112cf138db1d
  Stored in directory: /builder/home/.cache/pip/wheels/f2/84/7f/e89da3ee8ce35598d6382b6389fa2ada5d66acca2422537994
  Building wheel for threadloop (setup.py): started
  Building wheel for threadloop (setup.py): finished with status 'done'
  Created wheel for threadloop: filename=threadloop-1.0.2-cp36-none-any.whl size=3425 sha256=186e0441c9b9b52be43dd370016881ed1ea0f64ddf59b2c4ee4f3f23e4c391a2
  Stored in directory: /builder/home/.cache/pip/wheels/d7/7a/30/d212623a4cd34f6cce400f8122b1b7af740d3440c68023d51f
  Building wheel for thrift (setup.py): started
  Building wheel for thrift (setup.py): finished with status 'done'
  Created wheel for thrift: filename=thrift-0.13.0-cp36-cp36m-linux_x86_64.whl size=483884 sha256=c5bc67473ca4cabf7fdbb19194eb97e62597dc918599bfd160bf882989230584
  Stored in directory: /builder/home/.cache/pip/wheels/02/a2/46/689ccfcf40155c23edc7cdbd9de488611c8fdf49ff34b1706e
  Building wheel for tornado (setup.py): started
  Building wheel for tornado (setup.py): finished with status 'done'
  Created wheel for tornado: filename=tornado-5.1.1-cp36-cp36m-linux_x86_64.whl size=462653 sha256=96718bad63bc67e2d9d3370b3ccbd3ea33920443023a328e48fcaab0da57c56b
  Stored in directory: /builder/home/.cache/pip/wheels/6d/e1/ce/f4ee2fa420cc6b940123c64992b81047816d0a9fad6b879325
  Building wheel for googleapis-common-protos (setup.py): started
  Building wheel for googleapis-common-protos (setup.py): finished with status 'done'
  Created wheel for googleapis-common-protos: filename=googleapis_common_protos-1.51.0-cp36-none-any.whl size=77593 sha256=c4984f3e2f90a61200d425697ff303600dc05ddf3b4968efaf4ec9c0f745c3e4
  Stored in directory: /builder/home/.cache/pip/wheels/2c/f9/7f/6eb87e636072bf467e25348bbeb96849333e6a080dca78f706
  Building wheel for pycparser (setup.py): started
  Building wheel for pycparser (setup.py): finished with status 'done'
  Created wheel for pycparser: filename=pycparser-2.19-py2.py3-none-any.whl size=111029 sha256=8bb3f98623aa01955a372e7fa4013feb50bb8e27fa45d9a5548d782c5c30dae2
  Stored in directory: /builder/home/.cache/pip/wheels/f2/9a/90/de94f8556265ddc9d9c8b271b0f63e57b26fb1d67a45564511
Successfully built Flask-OpenTracing opentracing jaeger-client threadloop thrift tornado googleapis-common-protos pycparser
Installing collected packages: MarkupSafe, Jinja2, itsdangerous, Werkzeug, click, Flask, Flask-cors, redis, certifi, chardet, urllib3, idna, requests, numpy, flatbuffers, opentracing, Flask-OpenTracing, tornado, threadloop, thrift, jaeger-client, grpcio-opentracing, pyaml, gunicorn, pytz, python-dateutil, configparser, minio, pycparser, cffi, cryptography, azure-common, azure-storage-common, azure-storage-blob, pandas, pyasn1, pyasn1-modules, rsa, cachetools, google-auth, googleapis-common-protos, google-api-core, google-cloud-core, google-resumable-media, google-cloud-storage, typing-extensions, mypy-extensions, typed-ast, mypy, Pillow, pyparsing, packaging, zipp, importlib-metadata, virtualenv, py, pluggy, filelock, toml, tox, wcwidth, more-itertools, attrs, pytest, coverage, pytest-cov, seldon-core
  Running setup.py develop for seldon-core
Successfully installed Flask-1.1.1 Flask-OpenTracing-1.1.0 Flask-cors-3.0.8 Jinja2-2.11.1 MarkupSafe-1.1.1 Pillow-7.0.0 Werkzeug-1.0.0 attrs-19.3.0 azure-common-1.1.24 azure-storage-blob-2.1.0 azure-storage-common-2.1.0 cachetools-4.0.0 certifi-2019.11.28 cffi-1.14.0 chardet-3.0.4 click-7.0 configparser-4.0.2 coverage-4.5.4 cryptography-2.8 filelock-3.0.12 flatbuffers-1.11 google-api-core-1.16.0 google-auth-1.11.0 google-cloud-core-1.3.0 google-cloud-storage-1.25.0 google-resumable-media-0.5.0 googleapis-common-protos-1.51.0 grpcio-opentracing-1.1.4 gunicorn-20.0.4 idna-2.8 importlib-metadata-1.5.0 itsdangerous-1.1.0 jaeger-client-4.1.0 minio-5.0.7 more-itertools-8.2.0 mypy-0.761 mypy-extensions-0.4.3 numpy-1.18.1 opentracing-2.2.0 packaging-20.1 pandas-0.25.3 pluggy-0.13.1 py-1.8.1 pyaml-19.12.0 pyasn1-0.4.8 pyasn1-modules-0.2.8 pycparser-2.19 pyparsing-2.4.6 pytest-5.3.1 pytest-cov-2.8.1 python-dateutil-2.8.1 pytz-2019.3 redis-3.4.1 requests-2.22.0 rsa-4.0 seldon-core threadloop-1.0.2 thrift-0.13.0 toml-0.10.0 tornado-5.1.1 tox-3.14.3 typed-ast-1.4.1 typing-extensions-3.7.4.1 urllib3-1.25.8 virtualenv-16.7.9 wcwidth-0.1.8 zipp-2.2.0
WARNING: You are using pip version 19.3.1; however, version 20.0.2 is available.
You should consider upgrading via the 'pip install --upgrade pip' command.
make: Leaving directory '/workspace/source/python'
cp ../../proto/prediction.proto ./proto
cd ../../proto/tensorflow && make create_protos
make[1]: Entering directory '/workspace/source/proto/tensorflow'
./create-protos.sh
Downloading proto files for master
make[1]: Leaving directory '/workspace/source/proto/tensorflow'
cp -vr ../../proto/tensorflow/tensorflow .
'../../proto/tensorflow/tensorflow' -> './tensorflow'
'../../proto/tensorflow/tensorflow/core' -> './tensorflow/core'
'../../proto/tensorflow/tensorflow/core/framework' -> './tensorflow/core/framework'
'../../proto/tensorflow/tensorflow/core/framework/types.proto' -> './tensorflow/core/framework/types.proto'
'../../proto/tensorflow/tensorflow/core/framework/resource_handle.proto' -> './tensorflow/core/framework/resource_handle.proto'
'../../proto/tensorflow/tensorflow/core/framework/tensor_shape.proto' -> './tensorflow/core/framework/tensor_shape.proto'
'../../proto/tensorflow/tensorflow/core/framework/tensor.proto' -> './tensorflow/core/framework/tensor.proto'
python -m grpc.tools.protoc -I. --python_out=. --grpc_python_out=. ./proto/prediction.proto
cd ../../notebooks && make build_protos
make[1]: Entering directory '/workspace/source/notebooks'
cd ../proto/tensorflow && make create_protos
make[2]: Entering directory '/workspace/source/proto/tensorflow'
make[2]: Nothing to be done for 'create_protos'.
make[2]: Leaving directory '/workspace/source/proto/tensorflow'
cp -vr ../proto/tensorflow/tensorflow .
'../proto/tensorflow/tensorflow' -> './tensorflow'
'../proto/tensorflow/tensorflow/core' -> './tensorflow/core'
'../proto/tensorflow/tensorflow/core/framework' -> './tensorflow/core/framework'
'../proto/tensorflow/tensorflow/core/framework/types.proto' -> './tensorflow/core/framework/types.proto'
'../proto/tensorflow/tensorflow/core/framework/resource_handle.proto' -> './tensorflow/core/framework/resource_handle.proto'
'../proto/tensorflow/tensorflow/core/framework/tensor_shape.proto' -> './tensorflow/core/framework/tensor_shape.proto'
'../proto/tensorflow/tensorflow/core/framework/tensor.proto' -> './tensorflow/core/framework/tensor.proto'
cp ../proto/prediction.proto ./proto
python -m grpc.tools.protoc -I. --python_out=. --grpc_python_out=. ./proto/prediction.proto
make[1]: Leaving directory '/workspace/source/notebooks'
cd ../../proto/k8s && make create_protos
make[1]: Entering directory '/workspace/source/proto/k8s'
./create-k8s-protos.sh
Downloading proto files for master
Munging proto file packages
sed -i.bak 's|import "k8s.io/apiextensions-apiserver/|//import "k8s.io/apiextensions-apiserver/|' k8s.io/api/core/v1/generated.proto
rm k8s.io/api/core/v1/generated.proto.bak
make[1]: Leaving directory '/workspace/source/proto/k8s'
pip install -r dev_requirements.txt
Obtaining file:///workspace/source/python (from -r dev_requirements.txt (line 8))
Requirement already satisfied: pytest==5.3.1 in /usr/local/lib/python3.6/site-packages (from -r dev_requirements.txt (line 1)) (5.3.1)
Collecting pytest-xdist==1.30.0
  Downloading https://files.pythonhosted.org/packages/f7/80/2af1fc039f779f61c7207dc9f79a1479874e7795f869fddaf135efde1cd4/pytest_xdist-1.30.0-py2.py3-none-any.whl
Requirement already satisfied: pytest-cov==2.8.1 in /usr/local/lib/python3.6/site-packages (from -r dev_requirements.txt (line 3)) (2.8.1)
Requirement already satisfied: coverage==4.5.4 in /usr/local/lib/python3.6/site-packages (from -r dev_requirements.txt (line 5)) (4.5.4)
Collecting retrying
  Downloading https://files.pythonhosted.org/packages/44/ef/beae4b4ef80902f22e3af073397f079c96969c69b2c7d52a57ea9ae61c9d/retrying-1.3.3.tar.gz
Requirement already satisfied: Flask<2.0.0 in /usr/local/lib/python3.6/site-packages (from seldon-core==1.0.1->-r dev_requirements.txt (line 8)) (1.1.1)
Requirement already satisfied: Flask-cors<4.0.0 in /usr/local/lib/python3.6/site-packages (from seldon-core==1.0.1->-r dev_requirements.txt (line 8)) (3.0.8)
Requirement already satisfied: redis<4.0.0 in /usr/local/lib/python3.6/site-packages (from seldon-core==1.0.1->-r dev_requirements.txt (line 8)) (3.4.1)
Requirement already satisfied: requests<3.0.0 in /usr/local/lib/python3.6/site-packages (from seldon-core==1.0.1->-r dev_requirements.txt (line 8)) (2.22.0)
Requirement already satisfied: numpy<2.0.0 in /usr/local/lib/python3.6/site-packages (from seldon-core==1.0.1->-r dev_requirements.txt (line 8)) (1.18.1)
Requirement already satisfied: flatbuffers<2.0.0 in /usr/local/lib/python3.6/site-packages (from seldon-core==1.0.1->-r dev_requirements.txt (line 8)) (1.11)
Requirement already satisfied: protobuf<4.0.0 in /usr/local/lib/python3.6/site-packages (from seldon-core==1.0.1->-r dev_requirements.txt (line 8)) (3.11.2)
Requirement already satisfied: grpcio<2.0.0 in /usr/local/lib/python3.6/site-packages (from seldon-core==1.0.1->-r dev_requirements.txt (line 8)) (1.26.0)
Requirement already satisfied: Flask-OpenTracing<1.2.0,>=1.1.0 in /usr/local/lib/python3.6/site-packages (from seldon-core==1.0.1->-r dev_requirements.txt (line 8)) (1.1.0)
Requirement already satisfied: opentracing<2.3.0,>=2.2.0 in /usr/local/lib/python3.6/site-packages (from seldon-core==1.0.1->-r dev_requirements.txt (line 8)) (2.2.0)
Requirement already satisfied: jaeger-client<4.2.0,>=4.1.0 in /usr/local/lib/python3.6/site-packages (from seldon-core==1.0.1->-r dev_requirements.txt (line 8)) (4.1.0)
Requirement already satisfied: grpcio-opentracing<1.2.0,>=1.1.4 in /usr/local/lib/python3.6/site-packages (from seldon-core==1.0.1->-r dev_requirements.txt (line 8)) (1.1.4)
Requirement already satisfied: pyaml<20.0.0 in /usr/local/lib/python3.6/site-packages (from seldon-core==1.0.1->-r dev_requirements.txt (line 8)) (19.12.0)
Requirement already satisfied: gunicorn<20.1.0,>=19.9.0 in /usr/local/lib/python3.6/site-packages (from seldon-core==1.0.1->-r dev_requirements.txt (line 8)) (20.0.4)
Requirement already satisfied: minio<6.0.0,>=4.0.9 in /usr/local/lib/python3.6/site-packages (from seldon-core==1.0.1->-r dev_requirements.txt (line 8)) (5.0.7)
Requirement already satisfied: azure-storage-blob<3.0.0,>=2.0.1 in /usr/local/lib/python3.6/site-packages (from seldon-core==1.0.1->-r dev_requirements.txt (line 8)) (2.1.0)
Requirement already satisfied: setuptools>=41.0.0 in /usr/local/lib/python3.6/site-packages (from seldon-core==1.0.1->-r dev_requirements.txt (line 8)) (45.0.0)
Requirement already satisfied: more-itertools>=4.0.0 in /usr/local/lib/python3.6/site-packages (from pytest==5.3.1->-r dev_requirements.txt (line 1)) (8.2.0)
Requirement already satisfied: importlib-metadata>=0.12; python_version < "3.8" in /usr/local/lib/python3.6/site-packages (from pytest==5.3.1->-r dev_requirements.txt (line 1)) (1.5.0)
Requirement already satisfied: wcwidth in /usr/local/lib/python3.6/site-packages (from pytest==5.3.1->-r dev_requirements.txt (line 1)) (0.1.8)
Requirement already satisfied: packaging in /usr/local/lib/python3.6/site-packages (from pytest==5.3.1->-r dev_requirements.txt (line 1)) (20.1)
Requirement already satisfied: py>=1.5.0 in /usr/local/lib/python3.6/site-packages (from pytest==5.3.1->-r dev_requirements.txt (line 1)) (1.8.1)
Requirement already satisfied: attrs>=17.4.0 in /usr/local/lib/python3.6/site-packages (from pytest==5.3.1->-r dev_requirements.txt (line 1)) (19.3.0)
Requirement already satisfied: pluggy<1.0,>=0.12 in /usr/local/lib/python3.6/site-packages (from pytest==5.3.1->-r dev_requirements.txt (line 1)) (0.13.1)
Requirement already satisfied: six in /usr/local/lib/python3.6/site-packages (from pytest-xdist==1.30.0->-r dev_requirements.txt (line 2)) (1.13.0)
Collecting execnet>=1.1
  Downloading https://files.pythonhosted.org/packages/d3/2e/c63af07fa471e0a02d05793c7a56a9f7d274a8489442a5dc4fb3b2b3c705/execnet-1.7.1-py2.py3-none-any.whl
Collecting pytest-forked
  Downloading https://files.pythonhosted.org/packages/03/1e/81235e1fcfed57a4e679d34794d60c01a1e9a29ef5b9844d797716111d80/pytest_forked-1.1.3-py2.py3-none-any.whl
Requirement already satisfied: itsdangerous>=0.24 in /usr/local/lib/python3.6/site-packages (from Flask<2.0.0->seldon-core==1.0.1->-r dev_requirements.txt (line 8)) (1.1.0)
Requirement already satisfied: Jinja2>=2.10.1 in /usr/local/lib/python3.6/site-packages (from Flask<2.0.0->seldon-core==1.0.1->-r dev_requirements.txt (line 8)) (2.11.1)
Requirement already satisfied: Werkzeug>=0.15 in /usr/local/lib/python3.6/site-packages (from Flask<2.0.0->seldon-core==1.0.1->-r dev_requirements.txt (line 8)) (1.0.0)
Requirement already satisfied: click>=5.1 in /usr/local/lib/python3.6/site-packages (from Flask<2.0.0->seldon-core==1.0.1->-r dev_requirements.txt (line 8)) (7.0)
Requirement already satisfied: idna<2.9,>=2.5 in /usr/local/lib/python3.6/site-packages (from requests<3.0.0->seldon-core==1.0.1->-r dev_requirements.txt (line 8)) (2.8)
Requirement already satisfied: urllib3!=1.25.0,!=1.25.1,<1.26,>=1.21.1 in /usr/local/lib/python3.6/site-packages (from requests<3.0.0->seldon-core==1.0.1->-r dev_requirements.txt (line 8)) (1.25.8)
Requirement already satisfied: certifi>=2017.4.17 in /usr/local/lib/python3.6/site-packages (from requests<3.0.0->seldon-core==1.0.1->-r dev_requirements.txt (line 8)) (2019.11.28)
Requirement already satisfied: chardet<3.1.0,>=3.0.2 in /usr/local/lib/python3.6/site-packages (from requests<3.0.0->seldon-core==1.0.1->-r dev_requirements.txt (line 8)) (3.0.4)
Requirement already satisfied: tornado<6,>=4.3 in /usr/local/lib/python3.6/site-packages (from jaeger-client<4.2.0,>=4.1.0->seldon-core==1.0.1->-r dev_requirements.txt (line 8)) (5.1.1)
Requirement already satisfied: threadloop<2,>=1 in /usr/local/lib/python3.6/site-packages (from jaeger-client<4.2.0,>=4.1.0->seldon-core==1.0.1->-r dev_requirements.txt (line 8)) (1.0.2)
Requirement already satisfied: thrift in /usr/local/lib/python3.6/site-packages (from jaeger-client<4.2.0,>=4.1.0->seldon-core==1.0.1->-r dev_requirements.txt (line 8)) (0.13.0)
Requirement already satisfied: PyYAML in /usr/local/lib/python3.6/site-packages (from pyaml<20.0.0->seldon-core==1.0.1->-r dev_requirements.txt (line 8)) (5.3)
Requirement already satisfied: python-dateutil in /usr/local/lib/python3.6/site-packages (from minio<6.0.0,>=4.0.9->seldon-core==1.0.1->-r dev_requirements.txt (line 8)) (2.8.1)
Requirement already satisfied: pytz in /usr/local/lib/python3.6/site-packages (from minio<6.0.0,>=4.0.9->seldon-core==1.0.1->-r dev_requirements.txt (line 8)) (2019.3)
Requirement already satisfied: configparser in /usr/local/lib/python3.6/site-packages (from minio<6.0.0,>=4.0.9->seldon-core==1.0.1->-r dev_requirements.txt (line 8)) (4.0.2)
Requirement already satisfied: azure-common>=1.1.5 in /usr/local/lib/python3.6/site-packages (from azure-storage-blob<3.0.0,>=2.0.1->seldon-core==1.0.1->-r dev_requirements.txt (line 8)) (1.1.24)
Requirement already satisfied: azure-storage-common~=2.1 in /usr/local/lib/python3.6/site-packages (from azure-storage-blob<3.0.0,>=2.0.1->seldon-core==1.0.1->-r dev_requirements.txt (line 8)) (2.1.0)
Requirement already satisfied: zipp>=0.5 in /usr/local/lib/python3.6/site-packages (from importlib-metadata>=0.12; python_version < "3.8"->pytest==5.3.1->-r dev_requirements.txt (line 1)) (2.2.0)
Requirement already satisfied: pyparsing>=2.0.2 in /usr/local/lib/python3.6/site-packages (from packaging->pytest==5.3.1->-r dev_requirements.txt (line 1)) (2.4.6)
Collecting apipkg>=1.4
  Downloading https://files.pythonhosted.org/packages/67/08/4815a09603fc800209431bec5b8bd2acf2f95abdfb558a44a42507fb94da/apipkg-1.5-py2.py3-none-any.whl
Requirement already satisfied: MarkupSafe>=0.23 in /usr/local/lib/python3.6/site-packages (from Jinja2>=2.10.1->Flask<2.0.0->seldon-core==1.0.1->-r dev_requirements.txt (line 8)) (1.1.1)
Requirement already satisfied: cryptography in /usr/local/lib/python3.6/site-packages (from azure-storage-common~=2.1->azure-storage-blob<3.0.0,>=2.0.1->seldon-core==1.0.1->-r dev_requirements.txt (line 8)) (2.8)
Requirement already satisfied: cffi!=1.11.3,>=1.8 in /usr/local/lib/python3.6/site-packages (from cryptography->azure-storage-common~=2.1->azure-storage-blob<3.0.0,>=2.0.1->seldon-core==1.0.1->-r dev_requirements.txt (line 8)) (1.14.0)
Requirement already satisfied: pycparser in /usr/local/lib/python3.6/site-packages (from cffi!=1.11.3,>=1.8->cryptography->azure-storage-common~=2.1->azure-storage-blob<3.0.0,>=2.0.1->seldon-core==1.0.1->-r dev_requirements.txt (line 8)) (2.19)
Building wheels for collected packages: retrying
  Building wheel for retrying (setup.py): started
  Building wheel for retrying (setup.py): finished with status 'done'
  Created wheel for retrying: filename=retrying-1.3.3-cp36-none-any.whl size=11429 sha256=ca2e8379e2283dfb0e62d1d84306e45cc8fd1d3dce543903cc8dddc6a67d9730
  Stored in directory: /builder/home/.cache/pip/wheels/d7/a9/33/acc7b709e2a35caa7d4cae442f6fe6fbf2c43f80823d46460c
Successfully built retrying
Installing collected packages: apipkg, execnet, pytest-forked, pytest-xdist, retrying, seldon-core
  Found existing installation: seldon-core 1.0.1
    Uninstalling seldon-core-1.0.1:
      Successfully uninstalled seldon-core-1.0.1
  Running setup.py develop for seldon-core
Successfully installed apipkg-1.5 execnet-1.7.1 pytest-forked-1.1.3 pytest-xdist-1.30.0 retrying-1.3.3 seldon-core
WARNING: You are using pip version 19.3.1; however, version 20.0.2 is available.
You should consider upgrading via the 'pip install --upgrade pip' command.
# Run the core tests in parallel
pytest \
	--verbose \
	-s \
	-W ignore \
	-n "4" \
	-m "not sequential" 2>&1
============================= test session starts ==============================
platform linux -- Python 3.6.0, pytest-5.3.1, py-1.8.1, pluggy-0.13.1 -- /usr/local/bin/python
cachedir: .pytest_cache
rootdir: /workspace/source/testing/scripts, inifile: setup.cfg
plugins: xdist-1.30.0, forked-1.1.3, cov-2.8.1
gw0 I / gw1 I / gw2 I / gw3 I
[gw0] linux Python 3.6.0 cwd: /workspace/source/testing/scripts
[gw1] linux Python 3.6.0 cwd: /workspace/source/testing/scripts
[gw2] linux Python 3.6.0 cwd: /workspace/source/testing/scripts
[gw3] linux Python 3.6.0 cwd: /workspace/source/testing/scripts
[gw0] Python 3.6.0 (default, Jan 13 2020, 16:14:11)  -- [GCC 8.3.0]
[gw1] Python 3.6.0 (default, Jan 13 2020, 16:14:11)  -- [GCC 8.3.0]
[gw2] Python 3.6.0 (default, Jan 13 2020, 16:14:11)  -- [GCC 8.3.0]
[gw3] Python 3.6.0 (default, Jan 13 2020, 16:14:11)  -- [GCC 8.3.0]
gw0 [36] / gw1 [36] / gw2 [36] / gw3 [36]

scheduling tests via LoadScheduling

test_api_version.py::test_api_version[machinelearning.seldon.io/v1] 
test_bad_graphs.py::TestBadGraphs::test_duplicate_predictor_name 
test_api_version.py::test_api_version[machinelearning.seldon.io/v1alpha2] 
test_api_version.py::test_api_version[machinelearning.seldon.io/v1alpha3] Error from server (SeldonDeployment.machinelearing.seldon.io "dupname" is invalid: [spec.predictors[1]: Invalid value: "mymodel": Duplicate predictor name, spec: Invalid value: "dupname": Traffic must sum to 100 for multiple predictors]): error when creating "../resources/bad_duplicate_predictor_name.json": admission webhook "vseldondeployment.kb.io" denied the request: SeldonDeployment.machinelearing.seldon.io "dupname" is invalid: [spec.predictors[1]: Invalid value: "mymodel": Duplicate predictor name, spec: Invalid value: "dupname": Traffic must sum to 100 for multiple predictors]

[gw3] PASSED test_bad_graphs.py::TestBadGraphs::test_duplicate_predictor_name 
test_helm_charts_clusterwide.py::TestClusterWide::test_mab_model Error: uninstall: Release not loaded: mymodel: release: not found

[gw1] PASSED test_api_version.py::test_api_version[machinelearning.seldon.io/v1alpha3] Error: uninstall: Release not loaded: mymodel: release: not found

[gw0] PASSED test_api_version.py::test_api_version[machinelearning.seldon.io/v1alpha2] Error: uninstall: Release not loaded: mymodel: release: not found

[gw2] PASSED test_api_version.py::test_api_version[machinelearning.seldon.io/v1] Error: uninstall: Release not loaded: mymab: release: not found

[gw3] PASSED test_helm_charts_clusterwide.py::TestClusterWide::test_mab_model 
test_helm_charts_clusterwide.py::TestClusterWide::test_single_model 
test_helm_charts_clusterwide.py::TestClusterWide::test_abtest_model 
test_bad_graphs.py::TestBadGraphs::test_model_name_mismatch Error from server (SeldonDeployment.machinelearing.seldon.io "namemismatch" is invalid: spec.predictors[0].graph: Invalid value: "complex-model_bad_name": Can't find container for Predictive Unit): error when creating "../resources/bad_name_mismatch.json": admission webhook "vseldondeployment.kb.io" denied the request: SeldonDeployment.machinelearing.seldon.io "namemismatch" is invalid: spec.predictors[0].graph: Invalid value: "complex-model_bad_name": Can't find container for Predictive Unit

[gw0] PASSED test_bad_graphs.py::TestBadGraphs::test_model_name_mismatch 
test_local_operators.py::TestLocalOperators::test_namespace_operator 
test_local_operators.py::TestLocalOperators::test_labelled_operator Error from server (InternalError): error when creating "../resources/model_controller_id.yaml": Internal error occurred: failed calling webhook "mseldondeployment.kb.io": Post https://seldon-webhook-service.test-labelled-operator.svc:443/mutate-machinelearning-seldon-io-v1alpha2-seldondeployment?timeout=30s: dial tcp 10.108.125.88:443: connect: connection refused
Error: uninstall: Release not loaded: mymodel: release: not found

[gw1] PASSED test_helm_charts_clusterwide.py::TestClusterWide::test_single_model 
[gw0] PASSED test_local_operators.py::TestLocalOperators::test_namespace_operator Error: uninstall: Release not loaded: myabtest: release: not found

[gw2] PASSED test_helm_charts_clusterwide.py::TestClusterWide::test_abtest_model 
[gw3] PASSED test_local_operators.py::TestLocalOperators::test_labelled_operator 
test_prepackaged_servers.py::TestPrepack::test_tfserving 
test_rolling_updates.py::TestRollingHttp::test_rolling_update1[ambas] 
test_prepackaged_servers.py::TestPrepack::test_sklearn 
test_prepackaged_servers.py::TestPrepack::test_mlflow Error from server (NotFound): error when deleting "../resources/graph2.json": seldondeployments.machinelearning.seldon.io "mymodel" not found

[gw0] PASSED test_rolling_updates.py::TestRollingHttp::test_rolling_update1[ambas] 
test_rolling_updates.py::TestRollingHttp::test_rolling_update1[istio] 
[gw3] PASSED test_prepackaged_servers.py::TestPrepack::test_sklearn 
[gw1] PASSED test_prepackaged_servers.py::TestPrepack::test_tfserving 
test_rolling_updates.py::TestRollingHttp::test_rolling_update2[ambas] 
test_prepackaged_servers.py::TestPrepack::test_xgboost 
[gw2] PASSED test_prepackaged_servers.py::TestPrepack::test_mlflow Error from server (NotFound): error when deleting "../resources/graph2.json": seldondeployments.machinelearning.seldon.io "mymodel" not found

[gw0] PASSED test_rolling_updates.py::TestRollingHttp::test_rolling_update1[istio] 
test_rolling_updates.py::TestRollingHttp::test_rolling_update3[ambas] 
test_rolling_updates.py::TestRollingHttp::test_rolling_update2[istio] 
[gw1] PASSED test_prepackaged_servers.py::TestPrepack::test_xgboost Error from server (NotFound): error when deleting "../resources/graph3.json": seldondeployments.machinelearning.seldon.io "mymodel" not found

[gw3] PASSED test_rolling_updates.py::TestRollingHttp::test_rolling_update2[ambas] 
test_rolling_updates.py::TestRollingHttp::test_rolling_update4[ambas] 
test_rolling_updates.py::TestRollingHttp::test_rolling_update3[istio] Error from server (NotFound): error when deleting "../resources/graph3.json": seldondeployments.machinelearning.seldon.io "mymodel" not found

[gw2] PASSED test_rolling_updates.py::TestRollingHttp::test_rolling_update2[istio] Error from server (NotFound): error when deleting "../resources/graph4.json": seldondeployments.machinelearning.seldon.io "mymodel" not found

[gw0] PASSED test_rolling_updates.py::TestRollingHttp::test_rolling_update3[ambas] 
test_rolling_updates.py::TestRollingHttp::test_rolling_update5[ambas] Error from server (NotFound): error when deleting "../resources/graph5.json": seldondeployments.machinelearning.seldon.io "mymodel" not found

[gw1] PASSED test_rolling_updates.py::TestRollingHttp::test_rolling_update4[ambas] 
test_rolling_updates.py::TestRollingHttp::test_rolling_update4[istio] Error from server (NotFound): error when deleting "../resources/graph4.json": seldondeployments.machinelearning.seldon.io "mymodel" not found

[gw3] PASSED test_rolling_updates.py::TestRollingHttp::test_rolling_update3[istio] Error from server (NotFound): error when deleting "../resources/graph6.json": seldondeployments.machinelearning.seldon.io "mymodel" not found

[gw2] PASSED test_rolling_updates.py::TestRollingHttp::test_rolling_update5[ambas] 
test_rolling_updates.py::TestRollingHttp::test_rolling_update5[istio] 
test_rolling_updates.py::TestRollingHttp::test_rolling_update6[ambas] 
test_rolling_updates.py::TestRollingHttp::test_rolling_update6[istio] Error from server (NotFound): error when deleting "../resources/graph5.json": seldondeployments.machinelearning.seldon.io "mymodel" not found

[gw0] PASSED test_rolling_updates.py::TestRollingHttp::test_rolling_update4[istio] Error from server (NotFound): error when deleting "../resources/graph6.json": seldondeployments.machinelearning.seldon.io "mymodel" not found

[gw1] PASSED test_rolling_updates.py::TestRollingHttp::test_rolling_update5[istio] Error from server (NotFound): error when deleting "../resources/graph2svc.json": seldondeployments.machinelearning.seldon.io "mymodel" not found

[gw3] PASSED test_rolling_updates.py::TestRollingHttp::test_rolling_update6[ambas] Error from server (NotFound): error when deleting "../resources/graph2svc.json": seldondeployments.machinelearning.seldon.io "mymodel" not found

[gw2] PASSED test_rolling_updates.py::TestRollingHttp::test_rolling_update6[istio] 
test_rolling_updates.py::TestRollingHttp::test_rolling_update7[ambas] 
test_rolling_updates.py::TestRollingHttp::test_rolling_update7[istio] 
test_rolling_updates.py::TestRollingHttp::test_rolling_update8[istio] 
test_rolling_updates.py::TestRollingHttp::test_rolling_update8[ambas] Error from server (NotFound): error when deleting "../resources/graph3svc.json": seldondeployments.machinelearning.seldon.io "mymodel" not found

[gw1] PASSED test_rolling_updates.py::TestRollingHttp::test_rolling_update7[istio] 
[gw3] FAILED test_rolling_updates.py::TestRollingHttp::test_rolling_update8[ambas] Error from server (NotFound): error when deleting "../resources/graph3svc.json": seldondeployments.machinelearning.seldon.io "mymodel" not found

[gw0] PASSED test_rolling_updates.py::TestRollingHttp::test_rolling_update7[ambas] 
test_rolling_updates.py::TestRollingHttp::test_rolling_update9[ambas] 
test_rolling_updates.py::TestRollingHttp::test_rolling_update9[istio] Error from server (NotFound): error when deleting "../resources/graph4svc.json": seldondeployments.machinelearning.seldon.io "mymodel" not found

[gw2] PASSED test_rolling_updates.py::TestRollingHttp::test_rolling_update8[istio] 
test_rolling_updates.py::TestRollingHttp::test_rolling_update10[istio] 
test_rolling_updates.py::TestRollingHttp::test_rolling_update10[ambas] 
[gw0] FAILED test_rolling_updates.py::TestRollingHttp::test_rolling_update9[ambas] Error from server (NotFound): error when deleting "../resources/graph6svc.json": seldondeployments.machinelearning.seldon.io "mymodel" not found

[gw3] PASSED test_rolling_updates.py::TestRollingHttp::test_rolling_update10[istio] Error from server (NotFound): error when deleting "../resources/graph5svc.json": seldondeployments.machinelearning.seldon.io "mymodel" not found

[gw1] PASSED test_rolling_updates.py::TestRollingHttp::test_rolling_update9[istio] 
test_rolling_updates.py::test_rolling_update_deployment[graph1.json-graph8.json] 
[gw2] FAILED test_rolling_updates.py::TestRollingHttp::test_rolling_update10[ambas] 
test_rolling_updates.py::test_rolling_update_deployment[graph7.json-graph8.json] Error from server (NotFound): error when deleting "../resources/graph8.json": seldondeployments.machinelearning.seldon.io "mymodel" not found

[gw0] PASSED test_rolling_updates.py::test_rolling_update_deployment[graph1.json-graph8.json] Error from server (NotFound): error when deleting "../resources/graph8.json": seldondeployments.machinelearning.seldon.io "mymodel" not found

[gw1] PASSED test_rolling_updates.py::test_rolling_update_deployment[graph7.json-graph8.json] 

=================================== FAILURES ===================================
_________________ TestRollingHttp.test_rolling_update8[ambas] __________________
[gw3] linux -- Python 3.6.0 /usr/local/bin/python

self = <test_rolling_updates.TestRollingHttp object at 0x7fde6350d278>
namespace = 'test-rolling-update8-ambas', api_gateway = 'localhost:8003'

    @with_api_gateways
    # Test updating a model with a new resource request but same image
    def test_rolling_update8(self, namespace, api_gateway):
        if api_gateway == API_ISTIO_GATEWAY:
            retry_run(
                f"kubectl create -f ../resources/seldon-gateway.yaml -n {namespace}"
            )
        retry_run(f"kubectl apply -f ../resources/graph1svc.json -n {namespace}")
        wait_for_status("mymodel", namespace)
        wait_for_rollout("mymodel", namespace, expected_deployments=2)
        r = initial_rest_request("mymodel", namespace, endpoint=api_gateway)
        assert r.status_code == 200
        assert r.json()["data"]["tensor"]["values"] == [1.0, 2.0, 3.0, 4.0]
        retry_run(f"kubectl apply -f ../resources/graph4svc.json -n {namespace}")
        r = initial_rest_request("mymodel", namespace, endpoint=api_gateway)
        assert r.status_code == 200
        assert r.json()["data"]["tensor"]["values"] == [1.0, 2.0, 3.0, 4.0]
        i = 0
        for i in range(50):
            r = rest_request_ambassador("mymodel", namespace, api_gateway)
>           assert r.status_code == 200
E           assert 504 == 200
E             -504
E             +200

test_rolling_updates.py:287: AssertionError
------------------------------ Captured log setup ------------------------------
WARNING  root:seldon_e2e_utils.py:98 Successfully ran command: kubectl create namespace test-rolling-update8-ambas
------------------------------ Captured log call -------------------------------
WARNING  root:seldon_e2e_utils.py:98 Successfully ran command: kubectl apply -f ../resources/graph1svc.json -n test-rolling-update8-ambas
WARNING  root:seldon_e2e_utils.py:118 Failed to find status - sleeping
WARNING  root:seldon_e2e_utils.py:118 Failed to find status - sleeping
WARNING  root:seldon_e2e_utils.py:118 Failed to find status - sleeping
WARNING  root:seldon_e2e_utils.py:118 Failed to find status - sleeping
WARNING  root:seldon_e2e_utils.py:118 Failed to find status - sleeping
WARNING  root:seldon_e2e_utils.py:115 Status for SeldonDeployment mymodel is ready.
WARNING  root:seldon_e2e_utils.py:52 Successfully waited for SeldonDeployment mymodel
WARNING  root:seldon_e2e_utils.py:63 For SeldonDeployment mymodel found following deployments: ['mymodel-mymodel-e2eb561', 'mymodel-mymodel-svc-orch-8e2a24b']
WARNING  root:seldon_e2e_utils.py:76 Waiting for deployment mymodel-mymodel-e2eb561
WARNING  root:seldon_e2e_utils.py:83 Successfully waited for deployment mymodel-mymodel-e2eb561
WARNING  root:seldon_e2e_utils.py:76 Waiting for deployment mymodel-mymodel-svc-orch-8e2a24b
WARNING  root:seldon_e2e_utils.py:83 Successfully waited for deployment mymodel-mymodel-svc-orch-8e2a24b
WARNING  root:seldon_e2e_utils.py:144 Bad status:404
WARNING  root:seldon_e2e_utils.py:184 Sleeping 1 sec and trying again
WARNING  root:seldon_e2e_utils.py:98 Successfully ran command: kubectl apply -f ../resources/graph4svc.json -n test-rolling-update8-ambas
_________________ TestRollingHttp.test_rolling_update9[ambas] __________________
[gw0] linux -- Python 3.6.0 /usr/local/bin/python

self = <test_rolling_updates.TestRollingHttp object at 0x7f0caaf66f60>
namespace = 'test-rolling-update9-ambas', api_gateway = 'localhost:8003'

    @with_api_gateways
    # Test updating a model with a multi deployment new model
    def test_rolling_update9(self, namespace, api_gateway):
        if api_gateway == API_ISTIO_GATEWAY:
            retry_run(
                f"kubectl create -f ../resources/seldon-gateway.yaml -n {namespace}"
            )
        retry_run(f"kubectl apply -f ../resources/graph1svc.json -n {namespace}")
        wait_for_status("mymodel", namespace)
        wait_for_rollout("mymodel", namespace, expected_deployments=2)
        r = initial_rest_request("mymodel", namespace, endpoint=api_gateway)
        assert r.status_code == 200
        assert r.json()["data"]["tensor"]["values"] == [1.0, 2.0, 3.0, 4.0]
        retry_run(f"kubectl apply -f ../resources/graph5svc.json -n {namespace}")
        r = initial_rest_request("mymodel", namespace, endpoint=api_gateway)
        assert r.status_code == 200
        assert r.json()["data"]["tensor"]["values"] == [1.0, 2.0, 3.0, 4.0]
        i = 0
        for i in range(50):
            r = rest_request_ambassador("mymodel", namespace, api_gateway)
>           assert r.status_code == 200
E           assert 504 == 200
E             -504
E             +200

test_rolling_updates.py:316: AssertionError
------------------------------ Captured log setup ------------------------------
WARNING  root:seldon_e2e_utils.py:98 Successfully ran command: kubectl create namespace test-rolling-update9-ambas
------------------------------ Captured log call -------------------------------
WARNING  root:seldon_e2e_utils.py:98 Successfully ran command: kubectl apply -f ../resources/graph1svc.json -n test-rolling-update9-ambas
WARNING  root:seldon_e2e_utils.py:118 Failed to find status - sleeping
WARNING  root:seldon_e2e_utils.py:118 Failed to find status - sleeping
WARNING  root:seldon_e2e_utils.py:118 Failed to find status - sleeping
WARNING  root:seldon_e2e_utils.py:118 Failed to find status - sleeping
WARNING  root:seldon_e2e_utils.py:118 Failed to find status - sleeping
WARNING  root:seldon_e2e_utils.py:115 Status for SeldonDeployment mymodel is ready.
WARNING  root:seldon_e2e_utils.py:52 Successfully waited for SeldonDeployment mymodel
WARNING  root:seldon_e2e_utils.py:63 For SeldonDeployment mymodel found following deployments: ['mymodel-mymodel-e2eb561', 'mymodel-mymodel-svc-orch-8e2a24b']
WARNING  root:seldon_e2e_utils.py:76 Waiting for deployment mymodel-mymodel-e2eb561
WARNING  root:seldon_e2e_utils.py:83 Successfully waited for deployment mymodel-mymodel-e2eb561
WARNING  root:seldon_e2e_utils.py:76 Waiting for deployment mymodel-mymodel-svc-orch-8e2a24b
WARNING  root:seldon_e2e_utils.py:83 Successfully waited for deployment mymodel-mymodel-svc-orch-8e2a24b
WARNING  root:seldon_e2e_utils.py:98 Successfully ran command: kubectl apply -f ../resources/graph5svc.json -n test-rolling-update9-ambas
_________________ TestRollingHttp.test_rolling_update10[ambas] _________________
[gw2] linux -- Python 3.6.0 /usr/local/bin/python

self = <test_rolling_updates.TestRollingHttp object at 0x7fcfd8822630>
namespace = 'test-rolling-update10-ambas', api_gateway = 'localhost:8003'

    @with_api_gateways
    # Test updating a model to a multi predictor model
    def test_rolling_update10(self, namespace, api_gateway):
        if api_gateway == API_ISTIO_GATEWAY:
            retry_run(
                f"kubectl create -f ../resources/seldon-gateway.yaml -n {namespace}"
            )
        retry_run(f"kubectl apply -f ../resources/graph1svc.json -n {namespace}")
        wait_for_status("mymodel", namespace)
        wait_for_rollout("mymodel", namespace, expected_deployments=2)
        r = initial_rest_request("mymodel", namespace, endpoint=api_gateway)
        assert r.status_code == 200
        assert r.json()["data"]["tensor"]["values"] == [1.0, 2.0, 3.0, 4.0]
        retry_run(f"kubectl apply -f ../resources/graph6svc.json -n {namespace}")
        r = initial_rest_request("mymodel", namespace, endpoint=api_gateway)
        assert r.status_code == 200
        assert r.json()["data"]["tensor"]["values"] == [1.0, 2.0, 3.0, 4.0]
        i = 0
        for i in range(50):
            r = rest_request_ambassador("mymodel", namespace, api_gateway)
>           assert r.status_code == 200
E           assert 504 == 200
E             -504
E             +200

test_rolling_updates.py:345: AssertionError
------------------------------ Captured log setup ------------------------------
WARNING  root:seldon_e2e_utils.py:98 Successfully ran command: kubectl create namespace test-rolling-update10-ambas
------------------------------ Captured log call -------------------------------
WARNING  root:seldon_e2e_utils.py:98 Successfully ran command: kubectl apply -f ../resources/graph1svc.json -n test-rolling-update10-ambas
WARNING  root:seldon_e2e_utils.py:118 Failed to find status - sleeping
WARNING  root:seldon_e2e_utils.py:118 Failed to find status - sleeping
WARNING  root:seldon_e2e_utils.py:118 Failed to find status - sleeping
WARNING  root:seldon_e2e_utils.py:118 Failed to find status - sleeping
WARNING  root:seldon_e2e_utils.py:118 Failed to find status - sleeping
WARNING  root:seldon_e2e_utils.py:115 Status for SeldonDeployment mymodel is ready.
WARNING  root:seldon_e2e_utils.py:52 Successfully waited for SeldonDeployment mymodel
WARNING  root:seldon_e2e_utils.py:63 For SeldonDeployment mymodel found following deployments: ['mymodel-mymodel-e2eb561', 'mymodel-mymodel-svc-orch-8e2a24b']
WARNING  root:seldon_e2e_utils.py:76 Waiting for deployment mymodel-mymodel-e2eb561
WARNING  root:seldon_e2e_utils.py:83 Successfully waited for deployment mymodel-mymodel-e2eb561
WARNING  root:seldon_e2e_utils.py:76 Waiting for deployment mymodel-mymodel-svc-orch-8e2a24b
WARNING  root:seldon_e2e_utils.py:83 Successfully waited for deployment mymodel-mymodel-svc-orch-8e2a24b
WARNING  root:seldon_e2e_utils.py:98 Successfully ran command: kubectl apply -f ../resources/graph6svc.json -n test-rolling-update10-ambas
=================== 3 failed, 33 passed in 948.15s (0:15:48) ===================
make: *** [Makefile:82: test] Error 1
kind delete cluster
Deleting cluster "kind" ...
Stopping Docker: dockerProgram process in pidfile '/var/run/docker-ssd.pid', 1 process(es), refused to die.
[31m
Pipeline failed on stage 'end-to-end' : container 'step-test-end-to-end'. The execution of the pipeline has stopped.[0m
