
Showing logs for build [32mseldonio-seldon-core-pr-1497-in-6sldz-5[0m stage [32mpr-build-comment[0m and container [32mstep-credential-initializer-sdj7f[0m
{"level":"warn","ts":1583257188.7028906,"logger":"fallback-logger","caller":"logging/config.go:69","msg":"Fetch GitHub commit ID from kodata failed: \"ref: refs/heads/0.8.0-**-support-backwards-incompats\" is not a valid GitHub commit ID"}
{"level":"info","ts":1583257188.7037492,"logger":"fallback-logger","caller":"creds-init/main.go:40","msg":"Credentials initialized."}

Showing logs for build [32mseldonio-seldon-core-pr-1497-in-6sldz-5[0m stage [32mpr-build-comment[0m and container [32mstep-working-dir-initializer-9cpwd[0m
{"level":"warn","ts":1583257190.0855489,"logger":"fallback-logger","caller":"logging/config.go:69","msg":"Fetch GitHub commit ID from kodata failed: open /var/run/ko/HEAD: no such file or directory"}
{"level":"info","ts":1583257190.0874116,"logger":"fallback-logger","caller":"bash/main.go:64","msg":"Successfully executed command \"sh -c mkdir -p /workspace/source\"; output "}

Showing logs for build [32mseldonio-seldon-core-pr-1497-in-6sldz-5[0m stage [32mpr-build-comment[0m and container [32mstep-place-tools[0m

Showing logs for build [32mseldonio-seldon-core-pr-1497-in-6sldz-5[0m stage [32mpr-build-comment[0m and container [32mstep-create-dir-workspace-vfdn7[0m
{"level":"warn","ts":1583257197.2383478,"logger":"fallback-logger","caller":"logging/config.go:69","msg":"Fetch GitHub commit ID from kodata failed: open /var/run/ko/HEAD: no such file or directory"}
{"level":"info","ts":1583257197.2403774,"logger":"fallback-logger","caller":"bash/main.go:64","msg":"Successfully executed command \"sh -c mkdir -p source\"; output "}

Showing logs for build [32mseldonio-seldon-core-pr-1497-in-6sldz-5[0m stage [32mpr-build-comment[0m and container [32mstep-git-source-seldonio-seldon-core-pr-1497-in-cnnxw[0m
{"level":"warn","ts":1583257197.5689216,"logger":"fallback-logger","caller":"logging/config.go:69","msg":"Fetch GitHub commit ID from kodata failed: \"ref: refs/heads/0.8.0-**-support-backwards-incompats\" is not a valid GitHub commit ID"}
{"level":"info","ts":1583257200.9489498,"logger":"fallback-logger","caller":"git/git.go:103","msg":"Successfully cloned https://github.com/SeldonIO/seldon-core.git @ master in path /workspace/source"}

Showing logs for build [32mseldonio-seldon-core-pr-1497-in-6sldz-5[0m stage [32mpr-build-comment[0m and container [32mstep-git-merge[0m
Using SHAs from PULL_REFS=master:4e622474843720f4a1df31e8a06e4dba5d5be07e,1497:4d8d60401b578211df8998b68048fa9f3a10645c
DEBUG: ran git fetch --unshallow origin 4d8d60401b578211df8998b68048fa9f3a10645c: 4e622474843720f4a1df31e8a06e4dba5d5be07e: in 
DEBUG: ran git checkout master in 
DEBUG: ran git reset --hard 4e622474843720f4a1df31e8a06e4dba5d5be07e in 
DEBUG: ran clean --force -d . in 
DEBUG: ran git merge 4d8d60401b578211df8998b68048fa9f3a10645c in 
Merged SHA 4d8d60401b578211df8998b68048fa9f3a10645c with commit message 'change explainer to pointer reference in api types' into base branch master

Showing logs for build [32mseldonio-seldon-core-pr-1497-in-6sldz-5[0m stage [32mpr-build-comment[0m and container [32mstep-step2[0m
+++ dirname ./add-pr-build-comment
++ cd .
++ pwd
+ STARTUP_DIR=/workspace/source/ci
+ REPO_OWNER=SeldonIO
+ REPO_NAME=seldon-core
+ PULL_NUMBER=1497
+ BUILD_NUMBER=5
+ PIPELINE_CONTEXT=integration
++ cat
+++ date
+ COMMENT_MSG='Tue Mar  3 17:40:08 UTC 2020
The logs for [integration] [5] will show after the pipeline context has finished.  
https://github.com/SeldonIO/seldon-core/blob/gh-pages/jenkins-x/logs/SeldonIO/seldon-core/PR-1497/5.log

impatient try  
** get build logs SeldonIO/seldon-core/PR-1497 --build=5'
+ ** step pr comment --owner=SeldonIO --repository=seldon-core --pull-request=1497 '--comment=Tue Mar  3 17:40:08 UTC 2020
The logs for [integration] [5] will show after the pipeline context has finished.  
https://github.com/SeldonIO/seldon-core/blob/gh-pages/jenkins-x/logs/SeldonIO/seldon-core/PR-1497/5.log

impatient try  
** get build logs SeldonIO/seldon-core/PR-1497 --build=5'

Showing logs for build [32mseldonio-seldon-core-pr-1497-in-6sldz-5[0m stage [32mpr-build-comment[0m and container [32mstep-source-mkdir-seldonio-seldon-core-pr-1497-in-krpxj[0m
{"level":"warn","ts":1583257210.6077876,"logger":"fallback-logger","caller":"logging/config.go:69","msg":"Fetch GitHub commit ID from kodata failed: open /var/run/ko/HEAD: no such file or directory"}
{"level":"info","ts":1583257210.612973,"logger":"fallback-logger","caller":"bash/main.go:64","msg":"Successfully executed command \"sh -c mkdir -p /pvc/pr-build-comment/workspace\"; output "}

Showing logs for build [32mseldonio-seldon-core-pr-1497-in-6sldz-5[0m stage [32mpr-build-comment[0m and container [32mstep-source-copy-seldonio-seldon-core-pr-1497-in-vts6h[0m
{"level":"warn","ts":1583257210.9481602,"logger":"fallback-logger","caller":"logging/config.go:69","msg":"Fetch GitHub commit ID from kodata failed: open /var/run/ko/HEAD: no such file or directory"}
{"level":"info","ts":1583257211.3205166,"logger":"fallback-logger","caller":"bash/main.go:64","msg":"Successfully executed command \"sh -c cp -r source/. /pvc/pr-build-comment/workspace\"; output "}

Showing logs for build [32mseldonio-seldon-core-pr-1497-in-6sldz-5[0m stage [32mend-to-end[0m and container [32mstep-credential-initializer-bpgbz[0m
{"level":"warn","ts":1583257248.6482525,"logger":"fallback-logger","caller":"logging/config.go:69","msg":"Fetch GitHub commit ID from kodata failed: \"ref: refs/heads/0.8.0-**-support-backwards-incompats\" is not a valid GitHub commit ID"}
{"level":"info","ts":1583257248.648857,"logger":"fallback-logger","caller":"creds-init/main.go:40","msg":"Credentials initialized."}

Showing logs for build [32mseldonio-seldon-core-pr-1497-in-6sldz-5[0m stage [32mend-to-end[0m and container [32mstep-working-dir-initializer-fzs84[0m
{"level":"warn","ts":1583257249.9231546,"logger":"fallback-logger","caller":"logging/config.go:69","msg":"Fetch GitHub commit ID from kodata failed: open /var/run/ko/HEAD: no such file or directory"}
{"level":"info","ts":1583257249.9248817,"logger":"fallback-logger","caller":"bash/main.go:64","msg":"Successfully executed command \"sh -c mkdir -p /workspace/source\"; output "}

Showing logs for build [32mseldonio-seldon-core-pr-1497-in-6sldz-5[0m stage [32mend-to-end[0m and container [32mstep-place-tools[0m

Showing logs for build [32mseldonio-seldon-core-pr-1497-in-6sldz-5[0m stage [32mend-to-end[0m and container [32mstep-create-dir-workspace-5hhnq[0m
{"level":"warn","ts":1583257257.033057,"logger":"fallback-logger","caller":"logging/config.go:69","msg":"Fetch GitHub commit ID from kodata failed: open /var/run/ko/HEAD: no such file or directory"}
{"level":"info","ts":1583257257.0343184,"logger":"fallback-logger","caller":"bash/main.go:64","msg":"Successfully executed command \"sh -c mkdir -p /workspace/source\"; output "}

Showing logs for build [32mseldonio-seldon-core-pr-1497-in-6sldz-5[0m stage [32mend-to-end[0m and container [32mstep-source-copy-workspace-b8lvc[0m
{"level":"warn","ts":1583257257.2834582,"logger":"fallback-logger","caller":"logging/config.go:69","msg":"Fetch GitHub commit ID from kodata failed: open /var/run/ko/HEAD: no such file or directory"}
{"level":"info","ts":1583257259.2372339,"logger":"fallback-logger","caller":"bash/main.go:64","msg":"Successfully executed command \"sh -c cp -r /pvc/pr-build-comment/workspace/. /workspace/source\"; output "}

Showing logs for build [32mseldonio-seldon-core-pr-1497-in-6sldz-5[0m stage [32mend-to-end[0m and container [32mstep-test-end-to-end[0m
Starting Docker: docker.
[SETUP] Waiting for Docker to be ready, sleeping for 1 seconds ...
kind create cluster --config ../resources/kind_config.yaml
Creating cluster "kind" ...
 â€¢ Ensuring node image (kindest/node:v1.16.3) ðŸ–¼  ...
 âœ“ Ensuring node image (kindest/node:v1.16.3) ðŸ–¼
 â€¢ Preparing nodes ðŸ“¦  ...
 âœ“ Preparing nodes ðŸ“¦
 â€¢ Writing configuration ðŸ“œ  ...
 âœ“ Writing configuration ðŸ“œ
 â€¢ Starting control-plane ðŸ•¹ï¸  ...
 âœ“ Starting control-plane ðŸ•¹ï¸
 â€¢ Installing CNI ðŸ”Œ  ...
 âœ“ Installing CNI ðŸ”Œ
 â€¢ Installing StorageClass ðŸ’¾  ...
 âœ“ Installing StorageClass ðŸ’¾
 â€¢ Joining worker nodes ðŸšœ  ...
 âœ“ Joining worker nodes ðŸšœ
Set kubectl context to "kind-kind"
You can now use your cluster with:

kubectl cluster-info --context kind-kind

Not sure what to do next? ðŸ˜… Check out https://kind.sigs.k8s.io/docs/user/quick-start/
`kind get kubeconfig-path` is deprecated!

KIND will export and merge kubeconfig like kops, minikube, etc.
This command is now unnecessary and will be removed in a future release.

For more info see: https://github.com/kubernetes-sigs/kind/issues/1060
See also the output of `kind create cluster`

Files changed in python folder:
SKIPPING PYTHON IMAGE BUILD...
Files changed in operator folder:
operator/apis/machinelearning/v1/seldondeployment_types.go
operator/apis/machinelearning/v1/zz_generated.deepcopy.go
operator/controllers/controller_utils.go
operator/controllers/seldondeployment_explainers.go
cd ../../operator && make kind-image-install
make[1]: Entering directory '/workspace/source/operator'
go: creating new go.mod: module tmp
go: finding sigs.k8s.io/controller-tools/cmd/controller-gen v0.2.4
go: finding sigs.k8s.io/controller-tools/cmd v0.2.4
go: finding sigs.k8s.io/controller-tools v0.2.4
go: downloading sigs.k8s.io/controller-tools v0.2.4
go: extracting sigs.k8s.io/controller-tools v0.2.4
go: finding github.com/spf13/cobra v0.0.5
go: finding github.com/gobuffalo/flect v0.1.5
go: finding github.com/onsi/gomega v1.5.0
go: finding github.com/spf13/pflag v1.0.3
go: finding github.com/fatih/color v1.7.0
go: finding sigs.k8s.io/yaml v1.1.0
go: finding k8s.io/apimachinery v0.0.0-20190913080033-27d36303b655
go: finding k8s.io/apiextensions-apiserver v0.0.0-20190918161926-8f644eb6e783
go: finding k8s.io/api v0.0.0-20190918155943-95b840bb6a1f
go: finding gopkg.in/yaml.v3 v3.0.0-20190905181640-827449938966
go: finding k8s.io/utils v0.0.0-20190801114015-581e00157fb1
go: finding github.com/mattn/go-colorable v0.1.2
go: finding github.com/hpcloud/tail v1.0.0
go: finding gopkg.in/inf.v0 v0.9.1
go: finding github.com/google/go-cmp v0.3.0
go: finding golang.org/x/tools v0.0.0-20190621195816-6e04913cbbac
go: finding golang.org/x/sys v0.0.0-20180909124046-d0be0721c37e
go: finding github.com/spf13/viper v1.3.2
go: finding github.com/coreos/etcd v3.3.15+incompatible
go: finding github.com/golang/protobuf v1.3.1
go: finding github.com/json-iterator/go v1.1.7
go: finding github.com/spf13/afero v1.2.2
go: finding github.com/mitchellh/go-homedir v1.1.0
go: finding github.com/modern-go/reflect2 v1.0.1
go: finding github.com/docker/spdystream v0.0.0-20160310174837-449fdfce4d96
go: finding k8s.io/component-base v0.0.0-20190918160511-547f6c5d7090
go: finding gopkg.in/yaml.v2 v2.2.1
go: finding github.com/pelletier/go-toml v1.2.0
go: finding k8s.io/klog v0.3.0
go: finding golang.org/x/net v0.0.0-20190311183353-d8887717615a
go: finding github.com/hashicorp/hcl v1.0.0
go: finding github.com/kr/pretty v0.1.0
go: finding github.com/go-openapi/validate v0.19.2
go: finding gopkg.in/check.v1 v0.0.0-20161208181325-20d25e280405
go: finding github.com/prometheus/client_golang v0.9.2
go: finding github.com/xordataexchange/crypt v0.0.3-0.20170626215501-b2862e3d0a77
go: finding k8s.io/code-generator v0.0.0-20190912054826-cd179ad6a269
go: finding github.com/prometheus/client_model v0.0.0-20180712105110-5c3871d89910
go: finding github.com/golang/groupcache v0.0.0-20160516000752-02826c3e7903
go: finding github.com/cpuguy83/go-md2man v1.0.10
go: finding gopkg.in/inf.v0 v0.9.0
go: finding github.com/ugorji/go/codec v0.0.0-20181204163529-d75b2dcb6bc8
go: finding github.com/go-openapi/analysis v0.19.2
go: finding github.com/emicklei/go-restful v2.9.5+incompatible
go: finding golang.org/x/text v0.3.0
go: finding github.com/blang/semver v3.5.0+incompatible
go: finding github.com/go-openapi/swag v0.19.2
go: finding github.com/golang/protobuf v1.2.0
go: finding github.com/modern-go/concurrent v0.0.0-20180228061459-e0a39a4cb421
go: finding k8s.io/apiserver v0.0.0-20190918160949-bfa5e2e684ad
go: finding gopkg.in/yaml.v2 v2.2.2
go: finding github.com/asaskevich/govalidator v0.0.0-20190424111038-f61b66f89f4a
go: finding github.com/fsnotify/fsnotify v1.4.7
go: finding golang.org/x/sync v0.0.0-20190423024810-112230192c58
go: finding github.com/go-openapi/loads v0.19.0
go: finding github.com/gogo/protobuf v1.2.2-0.20190723190241-65acae22fc9d
go: finding golang.org/x/sync v0.0.0-20181108010431-42b317875d0f
go: finding github.com/beorn7/perks v0.0.0-20180321164747-3a771d992973
go: finding github.com/onsi/ginkgo v1.6.0
go: finding google.golang.org/grpc v1.23.0
go: finding gonum.org/v1/gonum v0.0.0-20190331200053-3d26580ed485
go: finding github.com/prometheus/procfs v0.0.0-20181204211112-1dc9a6cbc91a
go: finding github.com/go-openapi/spec v0.19.2
go: finding github.com/mattn/go-isatty v0.0.8
go: finding github.com/russross/blackfriday v1.5.2
go: finding github.com/pborman/uuid v1.2.0
go: finding k8s.io/gengo v0.0.0-20190822140433-26a664648505
go: finding github.com/go-openapi/strfmt v0.17.0
go: finding github.com/inconshreveable/mousetrap v1.0.0
go: finding github.com/mailru/easyjson v0.0.0-20190614124828-94de47d64c63
go: finding golang.org/x/sys v0.0.0-20190616124812-15dcb6c0061f
go: finding github.com/prometheus/common v0.0.0-20181126121408-4724e9255275
go: finding github.com/globalsign/mgo v0.0.0-20181015135952-eeefdecb41b8
go: finding golang.org/x/oauth2 v0.0.0-20180821212333-d2e6202438be
go: finding github.com/go-openapi/analysis v0.0.0-20180825180245-b006789cd277
go: finding google.golang.org/genproto v0.0.0-20190502173448-54afdca5d873
go: finding github.com/spf13/cast v1.3.0
go: finding github.com/golang/mock v1.1.1
go: finding gopkg.in/natefinch/lumberjack.v2 v2.0.0
go: finding github.com/go-openapi/runtime v0.19.0
go: finding golang.org/x/net v0.0.0-20190812203447-cdfb69ac37fc
go: finding github.com/google/go-cmp v0.2.0
go: finding github.com/magiconair/properties v1.8.0
go: finding github.com/BurntSushi/toml v0.3.1
go: finding gonum.org/v1/netlib v0.0.0-20190313105609-8cb42192e0e0
go: finding github.com/go-openapi/errors v0.17.0
go: finding go.uber.org/atomic v0.0.0-20181018215023-8dc6146f7569
go: finding github.com/go-openapi/loads v0.19.2
go: finding gopkg.in/fsnotify.v1 v1.4.7
go: finding github.com/go-openapi/swag v0.17.0
go: finding github.com/onsi/ginkgo v1.8.0
go: finding golang.org/x/tools v0.0.0-20190614205625-5aca471b1d59
go: finding gopkg.in/square/go-jose.v2 v2.2.2
go: finding go.uber.org/multierr v0.0.0-20180122172545-ddea229ff1df
go: finding gopkg.in/tomb.v1 v1.0.0-20141024135613-dd632973f1e7
go: finding github.com/coreos/bbolt v1.3.1-coreos.6
go: finding github.com/mailru/easyjson v0.0.0-20180823135443-60711f1a8329
go: finding github.com/armon/consul-api v0.0.0-20180202201655-eb2c6b5be1b6
go: finding github.com/modern-go/reflect2 v0.0.0-20180701023420-4b7aa43c6742
go: finding github.com/golang/glog v0.0.0-20160126235308-23def4e6c14b
go: finding go.uber.org/zap v0.0.0-20180814183419-67bc79d13d15
go: finding github.com/globalsign/mgo v0.0.0-20180905125535-1ca0a4f7cbcb
go: finding github.com/go-openapi/errors v0.18.0
go: finding golang.org/x/sync v0.0.0-20190227155943-e225da77a7e6
go: finding github.com/go-openapi/spec v0.17.0
go: finding k8s.io/klog v0.4.0
go: finding golang.org/x/sync v0.0.0-20180314180146-1d60e4601c6f
go: finding github.com/go-openapi/validate v0.18.0
go: finding golang.org/x/sys v0.0.0-20181205085412-a5c9d58dba9a
go: finding github.com/kisielk/gotool v1.0.0
go: finding github.com/google/uuid v1.0.0
go: finding github.com/PuerkitoBio/purell v1.1.1
go: finding sigs.k8s.io/structured-merge-diff v0.0.0-20190817042607-6149e4549fca
go: finding google.golang.org/genproto v0.0.0-20180817151627-c66870c02cf8
go: finding github.com/go-openapi/jsonpointer v0.17.0
go: finding github.com/go-openapi/jsonreference v0.18.0
go: finding gotest.tools v2.2.0+incompatible
go: finding github.com/go-openapi/loads v0.18.0
go: finding github.com/stretchr/testify v1.2.2
go: finding github.com/jonboulle/clockwork v0.1.0
go: finding github.com/PuerkitoBio/urlesc v0.0.0-20170810143723-de5bf2ad4578
go: finding honnef.co/go/tools v0.0.0-20190523083050-ea95bdfd59fc
go: finding github.com/google/uuid v1.1.1
go: finding k8s.io/client-go v0.0.0-20190918160344-1fbdaa4c8d90
go: finding github.com/go-openapi/analysis v0.17.0
go: finding github.com/mxk/go-flowrate v0.0.0-20140419014527-cca7078d478f
go: finding golang.org/x/text v0.3.2
go: finding golang.org/x/lint v0.0.0-20190313153728-d0100b6bd8b3
go: finding github.com/go-openapi/spec v0.18.0
go: finding github.com/go-openapi/errors v0.19.2
go: finding github.com/matttproud/golang_protobuf_extensions v1.0.1
go: finding github.com/coreos/etcd v3.3.10+incompatible
go: finding github.com/go-openapi/loads v0.17.0
go: finding golang.org/x/crypto v0.0.0-20190320223903-b7391e95e576
go: finding github.com/coreos/go-semver v0.3.0
go: finding github.com/grpc-ecosystem/grpc-gateway v1.3.0
go: finding golang.org/x/net v0.0.0-20181005035420-146acd28ed58
go: finding github.com/evanphx/json-patch v4.2.0+incompatible
go: finding golang.org/x/crypto v0.0.0-20190611184440-5c40567a22f8
go: finding github.com/mailru/easyjson v0.0.0-20190312143242-1de009706dbe
go: finding github.com/go-openapi/jsonreference v0.17.0
go: finding golang.org/x/tools v0.0.0-20190206041539-40960b6deb8e
go: finding github.com/asaskevich/govalidator v0.0.0-20180720115003-f9ffefc3facf
go: finding github.com/coreos/go-systemd v0.0.0-20180511133405-39ca1b05acc7
go: finding golang.org/x/crypto v0.0.0-20181203042331-505ab145d0a9
go: finding github.com/soheilhy/cmux v0.1.3
go: finding k8s.io/kube-openapi v0.0.0-20190816220812-743ec37842bf
go: finding github.com/coreos/go-semver v0.2.0
go: finding golang.org/x/oauth2 v0.0.0-20190604053449-0f29369cfe45
go: finding github.com/spf13/afero v1.1.2
go: finding github.com/xiang90/probing v0.0.0-20160813154853-07dd2e8dfe18
go: finding golang.org/x/net v0.0.0-20181201002055-351d144fa1fc
go: finding golang.org/x/crypto v0.0.0-20190308221718-c2843e01d9a2
go: finding github.com/go-openapi/strfmt v0.18.0
go: finding github.com/pkg/errors v0.8.0
go: finding github.com/grpc-ecosystem/go-grpc-prometheus v1.2.0
go: finding github.com/gregjones/httpcache v0.0.0-20170728041850-787624de3eb7
go: finding github.com/client9/misspell v0.3.4
go: finding golang.org/x/tools v0.0.0-20180917221912-90fa682c2a6e
go: finding google.golang.org/grpc v1.19.0
go: finding github.com/go-openapi/jsonpointer v0.0.0-20160704185906-46af16f9f7b1
go: finding github.com/onsi/ginkgo v0.0.0-20170829012221-11459a886d9c
go: finding github.com/modern-go/concurrent v0.0.0-20180306012644-bacd9c7ef1dd
go: finding github.com/mailru/easyjson v0.0.0-20160728113105-d5b7844b561a
go: finding github.com/elazarl/goproxy v0.0.0-20170405201442-c4fc26588b6e
go: finding sigs.k8s.io/structured-merge-diff v0.0.0-20190525122527-15d366b2352e
go: finding github.com/davecgh/go-spew v0.0.0-20151105211317-5215b55f46b2
go: finding golang.org/x/time v0.0.0-20181108054448-85acf8d2951c
go: finding gonum.org/v1/netlib v0.0.0-20190331212654-76723241ea4e
go: finding github.com/kr/text v0.1.0
go: finding cloud.google.com/go v0.38.0
go: finding golang.org/x/tools v0.0.0-20190226205152-f727befe758c
go: finding github.com/ghodss/yaml v0.0.0-20150909031657-73d445a93680
go: finding github.com/gorilla/websocket v1.4.0
go: finding github.com/json-iterator/go v1.1.6
go: finding github.com/coreos/go-etcd v2.0.0+incompatible
go: finding golang.org/x/exp v0.0.0-20190125153040-c74c464bbbf2
go: finding modernc.org/cc v1.0.0
go: finding modernc.org/mathutil v1.0.0
go: finding github.com/go-openapi/swag v0.0.0-20160704191624-1d0bd113de87
go: finding golang.org/x/net v0.0.0-20180906233101-161cd47e91fd
go: finding github.com/json-iterator/go v0.0.0-20180612202835-f2b4162afba3
go: finding github.com/google/martian v2.1.0+incompatible
go: finding cloud.google.com/go v0.26.0
go: finding github.com/davecgh/go-spew v1.1.1
go: finding golang.org/x/exp v0.0.0-20190121172915-509febef88a4
go: finding github.com/go-openapi/analysis v0.18.0
go: finding github.com/mitchellh/mapstructure v1.1.2
go: finding golang.org/x/sync v0.0.0-20181221193216-37e7f081c4d4
go: finding github.com/stretchr/testify v1.3.0
go: finding golang.org/x/net v0.0.0-20190320064053-1272bf9dcd53
go: finding github.com/sirupsen/logrus v1.4.2
go: finding google.golang.org/genproto v0.0.0-20190418145605-e7d98fc518a7
go: finding golang.org/x/net v0.0.0-20190108225652-1e06a53dbb7e
go: finding github.com/go-openapi/strfmt v0.19.0
go: finding go.opencensus.io v0.21.0
go: finding golang.org/x/sys v0.0.0-20190412213103-97732733099d
go: finding github.com/kisielk/errcheck v1.2.0
go: finding modernc.org/xc v1.0.0
go: finding github.com/kr/pty v1.1.1
go: finding github.com/go-openapi/swag v0.18.0
go: finding github.com/remyoudompheng/bigfft v0.0.0-20170806203942-52369c62f446
go: finding golang.org/x/tools v0.0.0-20181011042414-1f849cf54d09
go: finding github.com/pmezard/go-difflib v0.0.0-20151028094244-d8ed2627bdf0
go: finding github.com/docker/docker v0.7.3-0.20190327010347-be7ac8be2ae0
go: finding golang.org/x/lint v0.0.0-20190227174305-5b3e6a55c961
go: finding golang.org/x/lint v0.0.0-20190301231843-5614ed5bae6f
go: finding github.com/NYTimes/gziphandler v0.0.0-20170623195520-56545f4a5d46
go: finding golang.org/x/sys v0.0.0-20190222072716-a9d3bda3a223
go: finding modernc.org/strutil v1.0.0
go: finding github.com/davecgh/go-spew v1.1.0
go: finding golang.org/x/sys v0.0.0-20190215142949-d0b11bdaac8a
go: finding golang.org/x/tools v0.0.0-20190311212946-11955173bddd
go: finding github.com/munnerz/goautoneg v0.0.0-20120707110453-a547fc61f48d
go: finding github.com/stretchr/testify v0.0.0-20151208002404-e3a8ff8ce365
go: finding google.golang.org/api v0.4.0
go: finding github.com/imdario/mergo v0.3.5
go: finding github.com/docker/go-units v0.3.3
go: finding github.com/tmc/grpc-websocket-proxy v0.0.0-20170815181823-89b8d40f7ca8
go: finding golang.org/x/net v0.0.0-20170114055629-f2499483f923
go: finding github.com/PuerkitoBio/urlesc v0.0.0-20160726150825-5bd2802263f2
go: finding github.com/google/gofuzz v1.0.0
go: finding gopkg.in/check.v1 v1.0.0-20180628173108-788fd7840127
go: finding github.com/konsorten/go-windows-terminal-sequences v1.0.1
go: finding github.com/PuerkitoBio/purell v1.1.0
go: finding golang.org/x/net v0.0.0-20180826012351-8a410e7b638d
go: finding k8s.io/klog v0.0.0-20181102134211-b9b56d5dfc92
go: finding github.com/grpc-ecosystem/go-grpc-middleware v0.0.0-20190222133341-cfaf5686ec79
go: finding github.com/coreos/go-oidc v2.1.0+incompatible
go: finding github.com/pquerna/cachecontrol v0.0.0-20171018203845-0dec1b30a021
go: finding github.com/hashicorp/golang-lru v0.5.0
go: finding golang.org/x/tools v0.0.0-20190114222345-bf090417da8b
go: finding github.com/hashicorp/golang-lru v0.5.1
go: finding github.com/stretchr/ob** v0.1.1
go: finding github.com/spf13/pflag v0.0.0-20170130214245-9ff6c6923cff
go: finding github.com/go-openapi/spec v0.0.0-20160808142527-6aced65f8501
go: finding github.com/go-openapi/runtime v0.0.0-20180920151709-4f900dc2ade9
go: finding github.com/go-logr/logr v0.1.0
go: finding honnef.co/go/tools v0.0.0-20190102054323-c2f93a96b099
go: finding github.com/golang/protobuf v0.0.0-20161109072736-4bd1920723d7
go: finding golang.org/x/sys v0.0.0-20180830151530-49385e6e1522
go: finding github.com/pmezard/go-difflib v1.0.0
go: finding github.com/onsi/gomega v0.0.0-20170829124025-dcabb60a477c
go: finding github.com/emicklei/go-restful v0.0.0-20170410110728-ff4f55a20633
go: finding github.com/gophercloud/gophercloud v0.1.0
go: finding cloud.google.com/go v0.34.0
go: finding google.golang.org/appengine v1.5.0
go: finding modernc.org/golex v1.0.0
go: finding golang.org/x/sys v0.0.0-20190321052220-f7bb7a8bee54
go: finding google.golang.org/appengine v1.1.0
go: finding github.com/google/pprof v0.0.0-20181206194817-3ea8567a2e57
go: finding github.com/google/gofuzz v0.0.0-20161122191042-44d81051d367
go: finding golang.org/x/oauth2 v0.0.0-20190226205417-e64efc72b421
go: finding github.com/jstemmer/go-junit-report v0.0.0-20190106144839-af01ea7f8024
go: finding github.com/stretchr/ob** v0.1.0
go: finding github.com/googleapis/gax-go/v2 v2.0.4
go: finding google.golang.org/appengine v1.4.0
go: finding golang.org/x/tools v0.0.0-20190312170243-e65039ee4138
go: finding github.com/go-openapi/jsonpointer v0.18.0
go: finding github.com/peterbourgon/diskv v2.0.1+incompatible
go: finding golang.org/x/exp v0.0.0-20190312203227-4b39c73a6495
go: finding golang.org/x/tools v0.0.0-20181030221726-6c7e314b6563
go: finding golang.org/x/tools v0.0.0-20190524140312-2c0ae7006135
go: finding golang.org/x/image v0.0.0-20190227222117-0694c2d4d067
go: finding golang.org/x/sys v0.0.0-20190312061237-fead79001313
go: finding golang.org/x/text v0.3.1-0.20180807135948-17ff2d5776d2
go: finding github.com/go-openapi/jsonpointer v0.19.2
go: finding github.com/PuerkitoBio/purell v1.0.0
go: finding golang.org/x/sys v0.0.0-20170830134202-bb24a47a89ea
go: finding github.com/golang/mock v1.2.0
go: finding golang.org/x/text v0.0.0-20160726164857-2910a502d2bf
go: finding github.com/go-openapi/jsonreference v0.19.2
go: finding golang.org/x/net v0.0.0-20190404232315-eb5bcb51f2a3
go: finding google.golang.org/genproto v0.0.0-20190307195333-5fe7a883aa19
go: finding golang.org/x/crypto v0.0.0-20190211182817-74369b46fc67
go: finding github.com/go-openapi/jsonreference v0.0.0-20160704190145-13c6e3589ad9
go: finding github.com/BurntSushi/xgb v0.0.0-20160522181843-27f122750802
go: finding github.com/google/btree v0.0.0-20180813153112-4030bb1f1f0c
go: finding golang.org/x/sys v0.0.0-20190422165155-953cdadca894
go: finding golang.org/x/lint v0.0.0-20181026193005-c67002cb31c3
go: finding golang.org/x/net v0.0.0-20190213061140-3a22650c66bd
go: finding github.com/coreos/pkg v0.0.0-20180108230652-97fdf19511ea
go: finding golang.org/x/net v0.0.0-20180724234803-3673e40ba225
go: finding honnef.co/go/tools v0.0.0-20190106161140-3f1c8253044a
go: finding github.com/Azure/go-ansiterm v0.0.0-20170929234023-d6e3b3328b78
go: finding golang.org/x/mobile v0.0.0-20190312151609-d3739f865fa6
go: finding golang.org/x/tools v0.0.0-20190312151545-0bb0c0a6e846
go: finding github.com/modern-go/reflect2 v0.0.0-20180320133207-05fbef0ca5da
go: finding github.com/Azure/go-autorest/autorest v0.9.0
go: finding github.com/spf13/jwalterweatherman v1.0.0
go: finding github.com/stretchr/ob** v0.2.0
go: finding github.com/googleapis/gnostic v0.0.0-20170729233727-0c5108395e2d
go: finding github.com/kr/pty v1.1.5
go: finding golang.org/x/net v0.0.0-20190613194153-d28f0bde5980
go: finding k8s.io/gengo v0.0.0-20190128074634-0689ccc1d7d6
go: finding golang.org/x/sys v0.0.0-20190209173611-3b5209105503
go: finding github.com/Azure/go-autorest/autorest/adal v0.5.0
go: finding github.com/Azure/go-autorest/logger v0.1.0
go: finding github.com/Azure/go-autorest/tracing v0.5.0
go: finding github.com/Azure/go-autorest/autorest/mocks v0.2.0
go: finding github.com/Azure/go-autorest/autorest/date v0.1.0
go: finding github.com/Azure/go-autorest/autorest/mocks v0.1.0
go: finding github.com/dgrijalva/jwt-go v3.2.0+incompatible
go: downloading github.com/spf13/cobra v0.0.5
go: downloading k8s.io/api v0.0.0-20190918155943-95b840bb6a1f
go: downloading k8s.io/apiextensions-apiserver v0.0.0-20190918161926-8f644eb6e783
go: downloading github.com/fatih/color v1.7.0
go: downloading k8s.io/apimachinery v0.0.0-20190913080033-27d36303b655
go: downloading gopkg.in/yaml.v3 v3.0.0-20190905181640-827449938966
go: downloading golang.org/x/tools v0.0.0-20190621195816-6e04913cbbac
go: extracting gopkg.in/yaml.v3 v3.0.0-20190905181640-827449938966
go: downloading github.com/gobuffalo/flect v0.1.5
go: extracting github.com/spf13/cobra v0.0.5
go: downloading sigs.k8s.io/yaml v1.1.0
go: extracting github.com/gobuffalo/flect v0.1.5
go: downloading github.com/spf13/pflag v1.0.3
go: extracting sigs.k8s.io/yaml v1.1.0
go: downloading gopkg.in/yaml.v2 v2.2.2
go: extracting github.com/spf13/pflag v1.0.3
go: extracting gopkg.in/yaml.v2 v2.2.2
go: extracting github.com/fatih/color v1.7.0
go: downloading github.com/mattn/go-colorable v0.1.2
go: extracting github.com/mattn/go-colorable v0.1.2
go: extracting k8s.io/apiextensions-apiserver v0.0.0-20190918161926-8f644eb6e783
go: downloading k8s.io/utils v0.0.0-20190801114015-581e00157fb1
go: downloading github.com/gogo/protobuf v1.2.2-0.20190723190241-65acae22fc9d
go: extracting k8s.io/apimachinery v0.0.0-20190913080033-27d36303b655
go: extracting k8s.io/utils v0.0.0-20190801114015-581e00157fb1
go: downloading github.com/mattn/go-isatty v0.0.8
go: downloading k8s.io/klog v0.4.0
go: downloading gopkg.in/inf.v0 v0.9.1
go: downloading github.com/google/gofuzz v1.0.0
go: downloading golang.org/x/net v0.0.0-20190812203447-cdfb69ac37fc
go: extracting github.com/mattn/go-isatty v0.0.8
go: downloading golang.org/x/sys v0.0.0-20190616124812-15dcb6c0061f
go: extracting github.com/google/gofuzz v1.0.0
go: extracting gopkg.in/inf.v0 v0.9.1
go: extracting k8s.io/klog v0.4.0
go: extracting golang.org/x/net v0.0.0-20190812203447-cdfb69ac37fc
go: downloading golang.org/x/text v0.3.2
go: extracting golang.org/x/tools v0.0.0-20190621195816-6e04913cbbac
go: extracting golang.org/x/sys v0.0.0-20190616124812-15dcb6c0061f
go: extracting k8s.io/api v0.0.0-20190918155943-95b840bb6a1f
go: extracting github.com/gogo/protobuf v1.2.2-0.20190723190241-65acae22fc9d
go: extracting golang.org/x/text v0.3.2
/builder/home/go/bin/controller-gen object:headerFile=./hack/boilerplate.go.txt paths="./..."
go fmt ./...
go vet ./...
go: downloading github.com/Azure/go-autorest/autorest v0.9.2
go: downloading github.com/onsi/ginkgo v1.8.0
go: downloading github.com/onsi/gomega v1.5.0
go: downloading sigs.k8s.io/testing_frameworks v0.1.1
go: downloading github.com/gophercloud/gophercloud v0.4.0
go: extracting github.com/Azure/go-autorest/autorest v0.9.2
go: extracting github.com/onsi/gomega v1.5.0
go: downloading github.com/Azure/go-autorest/autorest/adal v0.7.0
go: downloading github.com/Azure/go-autorest/tracing v0.5.0
go: downloading github.com/Azure/go-autorest/logger v0.1.0
go: extracting github.com/onsi/ginkgo v1.8.0
go: extracting github.com/Azure/go-autorest/autorest/adal v0.7.0
go: extracting github.com/Azure/go-autorest/logger v0.1.0
go: extracting github.com/Azure/go-autorest/tracing v0.5.0
go: downloading github.com/Azure/go-autorest/autorest/date v0.2.0
go: downloading github.com/dgrijalva/jwt-go v3.2.0+incompatible
go: downloading github.com/hpcloud/tail v1.0.0
go: extracting github.com/Azure/go-autorest/autorest/date v0.2.0
go: extracting github.com/dgrijalva/jwt-go v3.2.0+incompatible
go: extracting github.com/hpcloud/tail v1.0.0
go: downloading gopkg.in/tomb.v1 v1.0.0-20141024135613-dd632973f1e7
go: extracting gopkg.in/tomb.v1 v1.0.0-20141024135613-dd632973f1e7
go: extracting github.com/gophercloud/gophercloud v0.4.0
go: extracting sigs.k8s.io/testing_frameworks v0.1.1
/builder/home/go/bin/controller-gen "crd:trivialVersions=true" rbac:roleName=manager-role webhook paths="./..." output:crd:artifacts:config=config/crd/bases
go test ./controllers/...  -coverprofile cover.out
ok  	github.com/seldonio/seldon-core/operator/controllers	12.442s	coverage: 45.0% of statements
?   	github.com/seldonio/seldon-core/operator/controllers/resources/credentials	[no test files]
ok  	github.com/seldonio/seldon-core/operator/controllers/resources/credentials/gcs	0.011s	coverage: 100.0% of statements
ok  	github.com/seldonio/seldon-core/operator/controllers/resources/credentials/s3	0.012s	coverage: 94.6% of statements
docker build . -t seldonio/seldon-core-operator:1.0.3-SNAPSHOT
Sending build context to Docker daemon  1.816MB
Step 1/17 : FROM golang:1.12.5 as builder
1.12.5: Pulling from library/golang
6f2f362378c5: Pulling fs layer
494c27a8a6b8: Pulling fs layer
7596bb83081b: Pulling fs layer
372744b62d49: Pulling fs layer
0658c6765517: Pulling fs layer
dbd5b1749350: Pulling fs layer
ca642e59c356: Pulling fs layer
372744b62d49: Waiting
0658c6765517: Waiting
dbd5b1749350: Waiting
ca642e59c356: Waiting
7596bb83081b: Download complete
494c27a8a6b8: Verifying Checksum
494c27a8a6b8: Download complete
6f2f362378c5: Download complete
372744b62d49: Verifying Checksum
372744b62d49: Download complete
ca642e59c356: Verifying Checksum
ca642e59c356: Download complete
0658c6765517: Verifying Checksum
0658c6765517: Download complete
6f2f362378c5: Pull complete
dbd5b1749350: Verifying Checksum
dbd5b1749350: Download complete
494c27a8a6b8: Pull complete
7596bb83081b: Pull complete
372744b62d49: Pull complete
0658c6765517: Pull complete
dbd5b1749350: Pull complete
ca642e59c356: Pull complete
Digest: sha256:5bc207d20bd9e97c57dc2ad013f2b02d982cc6e411d48bdc79d90bb601696650
Status: Downloaded newer image for golang:1.12.5
 ---> 1ef078f0da9e
Step 2/17 : WORKDIR /workspace
 ---> Running in a75f83f98cbe
Removing intermediate container a75f83f98cbe
 ---> 920479043cd4
Step 3/17 : COPY go.mod go.mod
 ---> 77b8039488e5
Step 4/17 : COPY go.sum go.sum
 ---> a42eeaeda104
Step 5/17 : RUN go mod download
 ---> Running in 8b8d2605cb9e
[91mgo: finding github.com/googleapis/gnostic v0.3.0
[0m[91mgo: finding github.com/Azure/go-autorest/autorest/adal v0.7.0
[0m[91mgo: finding github.com/gophercloud/gophercloud v0.4.0
[0m[91mgo: finding github.com/onsi/ginkgo v1.8.0
[0m[91mgo: finding github.com/onsi/gomega v1.5.0
[0m[91mgo: finding sigs.k8s.io/controller-tools v0.2.0
[0m[91mgo: finding sigs.k8s.io/controller-runtime v0.2.0
[0m[91mgo: finding golang.org/x/sys v0.0.0-20190621203818-d432491b9138
[0m[91mgo: finding knative.dev/pkg v0.0.0-20190823221514-39a29cf1bf26
[0m[91mgo: finding gopkg.in/yaml.v2 v2.2.2
[0m[91mgo: finding golang.org/x/net v0.0.0-20190620200207-3b0461eec859
[0m[91mgo: finding golang.org/x/net v0.0.0-20180906233101-161cd47e91fd
[0m[91mgo: finding github.com/Azure/go-autorest/autorest v0.9.2
[0m[91mgo: finding github.com/google/gofuzz v1.0.0
[0m[91mgo: finding github.com/modern-go/concurrent v0.0.0-20180306012644-bacd9c7ef1dd
[0m[91mgo: finding golang.org/x/text v0.3.2
[0m[91mgo: finding github.com/gogo/protobuf v1.1.1
[0m[91mgo: finding golang.org/x/sys v0.0.0-20190429190828-d89cdac9e872
[0m[91mgo: finding github.com/kr/pretty v0.1.0
[0m[91mgo: finding github.com/go-logr/zapr v0.1.0
[0m[91mgo: finding github.com/Azure/go-autorest/autorest/date v0.2.0
[0m[91mgo: finding github.com/dgrijalva/jwt-go v3.2.0+incompatible
[0m[91mgo: finding golang.org/x/tools v0.0.0-20190501045030-23463209683d
[0m[91mgo: finding golang.org/x/crypto v0.0.0-20190308221718-c2843e01d9a2
[0m[91mgo: finding github.com/spf13/pflag v1.0.2
[0m[91mgo: finding github.com/Azure/go-autorest/autorest/mocks v0.3.0
[0m[91mgo: finding github.com/Azure/go-autorest/autorest v0.9.0
[0m[91mgo: finding github.com/gogo/protobuf v1.2.1
[0m[91mgo: finding github.com/prometheus/client_golang v0.9.0
[0m[91mgo: finding github.com/onsi/gomega v1.4.2
[0m[91mgo: finding golang.org/x/tools v0.0.0-20180917221912-90fa682c2a6e
[0m[91mgo: finding golang.org/x/oauth2 v0.0.0-20180821212333-d2e6202438be
[0m[91mgo: finding github.com/google/gofuzz v0.0.0-20170612174753-24818f796faf
[0m[91mgo: finding github.com/golang/protobuf v1.3.1
[0m[91mgo: finding k8s.io/apimachinery v0.0.0-20190404173353-6a84e37a896d
[0m[91mgo: finding golang.org/x/sys v0.0.0-20180909124046-d0be0721c37e
[0m[91mgo: finding golang.org/x/crypto v0.0.0-20190611184440-5c40567a22f8
[0m[91mgo: finding golang.org/x/crypto v0.0.0-20190211182817-74369b46fc67
[0m[91mgo: finding golang.org/x/net v0.0.0-20190404232315-eb5bcb51f2a3
[0m[91mgo: finding gopkg.in/check.v1 v1.0.0-20180628173108-788fd7840127
[0m[91mgo: finding github.com/kr/text v0.1.0
[0m[91mgo: finding k8s.io/client-go v11.0.1-0.20190409021438-1a26190bd76a+incompatible
[0m[91mgo: finding go.uber.org/atomic v1.3.2
[0m[91mgo: finding github.com/imdario/mergo v0.3.6
[0m[91mgo: finding github.com/Azure/go-autorest/autorest/adal v0.5.0
[0m[91mgo: finding github.com/modern-go/reflect2 v0.0.0-20180701023420-4b7aa43c6742
[0m[91mgo: finding github.com/prometheus/client_model v0.0.0-20180712105110-5c3871d89910
[0m[91mgo: finding github.com/modern-go/reflect2 v1.0.1
[0m[91mgo: finding github.com/go-logr/logr v0.1.0
[0m[91mgo: finding k8s.io/kube-openapi v0.0.0-20180731170545-e3762e86a74c
[0m[91mgo: finding golang.org/x/sync v0.0.0-20190423024810-112230192c58
[0m[91mgo: finding github.com/Azure/go-autorest/logger v0.1.0
[0m[91mgo: finding gomodules.xyz/jsonpatch/v2 v2.0.1
[0m[91mgo: finding github.com/matttproud/golang_protobuf_extensions v1.0.1
[0m[91mgo: finding k8s.io/kube-openapi v0.0.0-20190603182131-db7b694dc208
[0m[91mgo: finding github.com/json-iterator/go v1.1.6
[0m[91mgo: finding golang.org/x/crypto v0.0.0-20180820150726-614d502a4dac
[0m[91mgo: finding github.com/kr/pty v1.1.1
[0m[91mgo: finding golang.org/x/sys v0.0.0-20190215142949-d0b11bdaac8a
[0m[91mgo: finding github.com/golang/groupcache v0.0.0-20180513044358-24b0969c4cb7
[0m[91mgo: finding github.com/evanphx/json-patch v4.5.0+incompatible
[0m[91mgo: finding github.com/Azure/go-autorest/autorest/date v0.1.0
[0m[91mgo: finding github.com/Azure/go-autorest/tracing v0.5.0
[0m[91mgo: finding github.com/PuerkitoBio/purell v1.0.0
[0m[91mgo: finding github.com/Azure/go-autorest/autorest/mocks v0.1.0
[0m[91mgo: finding github.com/googleapis/gnostic v0.0.0-20170426233943-68f4ded48ba9
[0m[91mgo: finding github.com/onsi/gomega v0.0.0-20170829124025-dcabb60a477c
[0m[91mgo: finding k8s.io/klog v0.3.3
[0m[91mgo: finding github.com/gobuffalo/flect v0.1.5
[0m[91mgo: finding github.com/hashicorp/golang-lru v0.0.0-20180201235237-0fb14efe8c47
[0m[91mgo: finding github.com/onsi/ginkgo v0.0.0-20170829012221-11459a886d9c
[0m[91mgo: finding k8s.io/klog v0.2.0
[0m[91mgo: finding github.com/prometheus/common v0.0.0-20180801064454-c7de2306084e
[0m[91mgo: finding github.com/inconshreveable/mousetrap v1.0.0
[0m[91mgo: finding github.com/PuerkitoBio/urlesc v0.0.0-20160726150825-5bd2802263f2
[0m[91mgo: finding gopkg.in/fsnotify.v1 v1.4.7
[0m[91mgo: finding github.com/spf13/cobra v0.0.3
[0m[91mgo: finding gopkg.in/tomb.v1 v1.0.0-20141024135613-dd632973f1e7
[0m[91mgo: finding cloud.google.com/go v0.26.0
[0m[91mgo: finding gopkg.in/yaml.v2 v2.2.1
[0m[91mgo: finding github.com/golang/protobuf v1.2.0
[0m[91mgo: finding github.com/davecgh/go-spew v0.0.0-20151105211317-5215b55f46b2
[0m[91mgo: finding golang.org/x/sys v0.0.0-20190209173611-3b5209105503
[0m[91mgo: finding github.com/fsnotify/fsnotify v1.4.7
[0m[91mgo: finding golang.org/x/sync v0.0.0-20180314180146-1d60e4601c6f
[0m[91mgo: finding golang.org/x/tools v0.0.0-20181011042414-1f849cf54d09
[0m[91mgo: finding golang.org/x/time v0.0.0-20180412165947-fbb02b2291d2
[0m[91mgo: finding github.com/NYTimes/gziphandler v0.0.0-20170623195520-56545f4a5d46
[0m[91mgo: finding github.com/go-openapi/jsonreference v0.0.0-20160704190145-13c6e3589ad9
[0m[91mgo: finding github.com/go-openapi/jsonpointer v0.0.0-20160704185906-46af16f9f7b1
[0m[91mgo: finding github.com/google/gofuzz v0.0.0-20161122191042-44d81051d367
[0m[91mgo: finding github.com/munnerz/goautoneg v0.0.0-20120707110453-a547fc61f48d
[0m[91mgo: finding k8s.io/utils v0.0.0-20190506122338-8fab8cb257d5
[0m[91mgo: finding github.com/fatih/color v1.7.0
[0m[91mgo: finding golang.org/x/text v0.0.0-20160726164857-2910a502d2bf
[0m[91mgo: finding github.com/mailru/easyjson v0.0.0-20160728113105-d5b7844b561a
[0m[91mgo: finding golang.org/x/text v0.3.0
[0m[91mgo: finding sigs.k8s.io/testing_frameworks v0.1.1
[0m[91mgo: finding github.com/pkg/errors v0.8.1
[0m[91mgo: finding github.com/onsi/ginkgo v1.6.0
[0m[91mgo: finding github.com/go-openapi/spec v0.0.0-20160808142527-6aced65f8501
[0m[91mgo: finding go.uber.org/zap v1.9.1
[0m[91mgo: finding gopkg.in/inf.v0 v0.9.1
[0m[91mgo: finding golang.org/x/net v0.0.0-20190501004415-9ce7a6920f09
[0m[91mgo: finding k8s.io/gengo v0.0.0-20190128074634-0689ccc1d7d6
[0m[91mgo: finding github.com/golang/protobuf v0.0.0-20161109072736-4bd1920723d7
[0m[91mgo: finding github.com/go-openapi/swag v0.0.0-20160704191624-1d0bd113de87
[0m[91mgo: finding k8s.io/klog v0.3.0
[0m[91mgo: finding github.com/beorn7/perks v0.0.0-20180321164747-3a771d992973
[0m[91mgo: finding k8s.io/api v0.0.0-20190409021203-6e4e0e4f393b
[0m[91mgo: finding github.com/google/go-cmp v0.3.1
[0m[91mgo: finding golang.org/x/sys v0.0.0-20190412213103-97732733099d
[0m[91mgo: finding google.golang.org/appengine v1.1.0
[0m[91mgo: finding gopkg.in/check.v1 v0.0.0-20161208181325-20d25e280405
[0m[91mgo: finding golang.org/x/net v0.0.0-20190311183353-d8887717615a
[0m[91mgo: finding github.com/json-iterator/go v1.1.5
[0m[91mgo: finding github.com/kisielk/errcheck v1.1.0
[0m[91mgo: finding github.com/spf13/pflag v1.0.3
[0m[91mgo: finding github.com/hpcloud/tail v1.0.0
[0m[91mgo: finding github.com/davecgh/go-spew v1.1.1
[0m[91mgo: finding github.com/spf13/pflag v0.0.0-20170130214245-9ff6c6923cff
[0m[91mgo: finding github.com/prometheus/procfs v0.0.0-20180725123919-05ee40e3a273
[0m[91mgo: finding github.com/modern-go/reflect2 v0.0.0-20180320133207-05fbef0ca5da
[0m[91mgo: finding github.com/stretchr/testify v1.3.0
[0m[91mgo: finding sigs.k8s.io/structured-merge-diff v0.0.0-20190525122527-15d366b2352e
[0m[91mgo: finding golang.org/x/sys v0.0.0-20170830134202-bb24a47a89ea
[0m[91mgo: finding k8s.io/klog v0.0.0-20181102134211-b9b56d5dfc92
[0m[91mgo: finding github.com/pmezard/go-difflib v0.0.0-20151028094244-d8ed2627bdf0
[0m[91mgo: finding sigs.k8s.io/yaml v1.1.0
[0m[91mgo: finding github.com/kisielk/gotool v1.0.0
[0m[91mgo: finding github.com/mattn/go-colorable v0.1.2
[0m[91mgo: finding github.com/json-iterator/go v0.0.0-20180612202835-f2b4162afba3
[0m[91mgo: finding github.com/ghodss/yaml v0.0.0-20150909031657-73d445a93680
[0m[91mgo: finding github.com/spf13/afero v1.2.2
[0m[91mgo: finding github.com/googleapis/gnostic v0.2.0
[0m[91mgo: finding github.com/emicklei/go-restful v0.0.0-20170410110728-ff4f55a20633
[0m[91mgo: finding github.com/stretchr/testify v0.0.0-20151208002404-e3a8ff8ce365
[0m[91mgo: finding github.com/davecgh/go-spew v1.1.0
[0m[91mgo: finding github.com/Azure/go-autorest/autorest/mocks v0.2.0
[0m[91mgo: finding github.com/google/go-cmp v0.3.0
[0m[91mgo: finding k8s.io/apiextensions-apiserver v0.0.0-20190409022649-727a075fdec8
[0m[91mgo: finding github.com/pborman/uuid v0.0.0-20170612153648-e790cca94e6c
[0m[91mgo: finding github.com/stretchr/ob** v0.1.0
[0m[91mgo: finding golang.org/x/tools v0.0.0-20180221164845-07fd8470d635
[0m[91mgo: finding github.com/pmezard/go-difflib v1.0.0
[0m[91mgo: finding golang.org/x/net v0.0.0-20170114055629-f2499483f923
[0m[91mgo: finding github.com/mattn/go-isatty v0.0.8
[0m[91mgo: finding go.uber.org/multierr v1.1.0
[0m[91mgo: finding golang.org/x/sys v0.0.0-20190222072716-a9d3bda3a223
[0mRemoving intermediate container 8b8d2605cb9e
 ---> 3b5cb594614a
Step 6/17 : COPY main.go main.go
 ---> 50e6a32a941e
Step 7/17 : COPY apis/ apis/
 ---> 9cf96f2673af
Step 8/17 : COPY controllers/ controllers/
 ---> 339fdf69503b
Step 9/17 : COPY utils/ utils/
 ---> 1525f0a0627e
Step 10/17 : COPY constants/ constants/
 ---> 4c543bf15dc7
Step 11/17 : COPY client/ client/
 ---> 1f9ee05173ba
Step 12/17 : RUN CGO_ENABLED=0 GOOS=linux GOARCH=amd64 GO111MODULE=on go build -a -o manager main.go
 ---> Running in c0f7e2b32a57
Removing intermediate container c0f7e2b32a57
 ---> 37ace4e9dde4
Step 13/17 : FROM gcr.io/distroless/static:latest
latest: Pulling from distroless/static
9ff2acc3204b: Pulling fs layer
9ff2acc3204b: Verifying Checksum
9ff2acc3204b: Download complete
9ff2acc3204b: Pull complete
Digest: sha256:c6d5981545ce1406d33e61434c61e9452dad93ecd8397c41e89036ef977a88f4
Status: Downloaded newer image for gcr.io/distroless/static:latest
 ---> e4d2a899b1bf
Step 14/17 : WORKDIR /
 ---> Running in 5c16d2f51796
Removing intermediate container 5c16d2f51796
 ---> 045692de2426
Step 15/17 : COPY --from=builder /workspace/manager .
 ---> 1b53dd3a4608
Step 16/17 : COPY licenses/license.txt .
 ---> 47aa3977a808
Step 17/17 : ENTRYPOINT ["/manager"]
 ---> Running in e1c80442ce79
Removing intermediate container e1c80442ce79
 ---> 7b96fb2745b7
Successfully built 7b96fb2745b7
Successfully tagged seldonio/seldon-core-operator:1.0.3-SNAPSHOT
docker save seldonio/seldon-core-operator:1.0.3-SNAPSHOT > operator.tar
kind load image-archive operator.tar 
make[1]: Leaving directory '/workspace/source/operator'
Files changed in engine folder:
SKIPPING ENGINE IMAGE BUILD...
Files changed in executor folder:
SKIPPING EXECUTOR IMAGE BUILD...
Build fixed models
cd ../docker/fixed-model && make kind_load_images
make[1]: Entering directory '/workspace/source/testing/docker/fixed-model'
s2i build -E environment_rest_v1 . seldonio/seldon-core-s2i-python3:0.15 seldonio/fixed-model:0.1
---> Installing application source...
Build completed successfully
s2i build -E environment_rest_v2 . seldonio/seldon-core-s2i-python3:0.15 seldonio/fixed-model:0.2
---> Installing application source...
Build completed successfully
kind load -v 3 docker-image seldonio/fixed-model:0.1
Image: "seldonio/fixed-model:0.1" with ID "sha256:2bc687cd4226f68e8d33bf7ab0b11d6c94784805420a16eac112e63e49ba5e3c" not present on node "kind-worker"
Image: "seldonio/fixed-model:0.1" with ID "sha256:2bc687cd4226f68e8d33bf7ab0b11d6c94784805420a16eac112e63e49ba5e3c" not present on node "kind-control-plane"
kind load -v 3 docker-image seldonio/fixed-model:0.2
Image: "seldonio/fixed-model:0.2" with ID "sha256:07d9a5354608dc4c2ae38590483888e3eb6e5d5ef6624ebed724a85a2e95a18d" not present on node "kind-worker"
Image: "seldonio/fixed-model:0.2" with ID "sha256:07d9a5354608dc4c2ae38590483888e3eb6e5d5ef6624ebed724a85a2e95a18d" not present on node "kind-control-plane"
make[1]: Leaving directory '/workspace/source/testing/docker/fixed-model'
kubectl create namespace seldon || echo "Namespace seldon already exists"
namespace/seldon created
kubectl create namespace test1 || echo "Namespace test1 already exists"
namespace/test1 created
helm repo add stable https://kubernetes-charts.storage.googleapis.com/
"stable" has been added to your repositories
helm repo add seldonio https://storage.googleapis.com/seldon-charts
"seldonio" has been added to your repositories
helm repo add jaegertracing https://jaegertracing.github.io/helm-charts
"jaegertracing" has been added to your repositories
helm repo update
Hang tight while we grab the latest from your chart repositories...
...Successfully got an update from the "seldonio" chart repository
...Successfully got an update from the "jaegertracing" chart repository
...Successfully got an update from the "stable" chart repository
Update Complete. âŽˆ Happy Helming!âŽˆ 
helm install ambassador \
	stable/ambassador \
	-f ../resources/ambassador_values.yaml \
	--set crds.keep=false \
	--namespace seldon \
	--set replicaCount=1 \
	--wait
manifest_sorter.go:192: info: skipping unknown hook: "crd-install"
manifest_sorter.go:192: info: skipping unknown hook: "crd-install"
manifest_sorter.go:192: info: skipping unknown hook: "crd-install"
manifest_sorter.go:192: info: skipping unknown hook: "crd-install"
manifest_sorter.go:192: info: skipping unknown hook: "crd-install"
manifest_sorter.go:192: info: skipping unknown hook: "crd-install"
manifest_sorter.go:192: info: skipping unknown hook: "crd-install"
manifest_sorter.go:192: info: skipping unknown hook: "crd-install"
manifest_sorter.go:192: info: skipping unknown hook: "crd-install"
manifest_sorter.go:192: info: skipping unknown hook: "crd-install"
manifest_sorter.go:192: info: skipping unknown hook: "crd-install"
manifest_sorter.go:192: info: skipping unknown hook: "crd-install"
manifest_sorter.go:192: info: skipping unknown hook: "crd-install"
manifest_sorter.go:192: info: skipping unknown hook: "crd-install"
NAME: ambassador
LAST DEPLOYED: Tue Mar  3 17:50:01 2020
NAMESPACE: seldon
STATUS: deployed
REVISION: 1
NOTES:
Congratulations! You've successfully installed Ambassador.

For help, visit our Slack at https://d6e.co/slack or view the documentation online at https://www.getambassador.io.

To get the IP address of Ambassador, run the following commands:
  export NODE_PORT=$(kubectl get --namespace seldon -o jsonpath="{.spec.ports[0].nodePort}" services ambassador)
  export NODE_IP=$(kubectl get nodes --namespace seldon -o jsonpath="{.items[0].status.addresses[0].address}")
  echo http://$NODE_IP:$NODE_PORT
kubectl apply -f istio-1.4.2.yaml
clusterrole.rbac.authorization.k8s.io/istio-reader-istio-system created
clusterrolebinding.rbac.authorization.k8s.io/istio-reader-istio-system created
customresourcedefinition.apiextensions.k8s.io/attributemanifests.config.istio.io created
customresourcedefinition.apiextensions.k8s.io/clusterrbacconfigs.rbac.istio.io created
customresourcedefinition.apiextensions.k8s.io/destinationrules.networking.istio.io created
customresourcedefinition.apiextensions.k8s.io/envoyfilters.networking.istio.io created
customresourcedefinition.apiextensions.k8s.io/gateways.networking.istio.io created
customresourcedefinition.apiextensions.k8s.io/httpapispecbindings.config.istio.io created
customresourcedefinition.apiextensions.k8s.io/httpapispecs.config.istio.io created
customresourcedefinition.apiextensions.k8s.io/meshpolicies.authentication.istio.io created
customresourcedefinition.apiextensions.k8s.io/policies.authentication.istio.io created
customresourcedefinition.apiextensions.k8s.io/quotaspecbindings.config.istio.io created
customresourcedefinition.apiextensions.k8s.io/quotaspecs.config.istio.io created
customresourcedefinition.apiextensions.k8s.io/rbacconfigs.rbac.istio.io created
customresourcedefinition.apiextensions.k8s.io/rules.config.istio.io created
customresourcedefinition.apiextensions.k8s.io/serviceentries.networking.istio.io created
customresourcedefinition.apiextensions.k8s.io/servicerolebindings.rbac.istio.io created
customresourcedefinition.apiextensions.k8s.io/serviceroles.rbac.istio.io created
customresourcedefinition.apiextensions.k8s.io/virtualservices.networking.istio.io created
customresourcedefinition.apiextensions.k8s.io/adapters.config.istio.io created
customresourcedefinition.apiextensions.k8s.io/instances.config.istio.io created
customresourcedefinition.apiextensions.k8s.io/templates.config.istio.io created
customresourcedefinition.apiextensions.k8s.io/handlers.config.istio.io created
customresourcedefinition.apiextensions.k8s.io/sidecars.networking.istio.io created
customresourcedefinition.apiextensions.k8s.io/authorizationpolicies.security.istio.io created
namespace/istio-system created
serviceaccount/istio-reader-service-account created
clusterrole.rbac.authorization.k8s.io/istio-citadel-istio-system created
clusterrolebinding.rbac.authorization.k8s.io/istio-citadel-istio-system created
deployment.apps/istio-citadel created
poddisruptionbudget.policy/istio-citadel created
service/istio-citadel created
serviceaccount/istio-citadel-service-account created
deployment.apps/istio-egressgateway created
poddisruptionbudget.policy/istio-egressgateway created
gateway.networking.istio.io/istio-multicluster-egressgateway created
virtualservice.networking.istio.io/istio-multicluster-egressgateway created
envoyfilter.networking.istio.io/istio-multicluster-egressgateway created
destinationrule.networking.istio.io/istio-multicluster-destinationrule created
service/istio-egressgateway created
role.rbac.authorization.k8s.io/istio-egressgateway-sds created
rolebinding.rbac.authorization.k8s.io/istio-egressgateway-sds created
serviceaccount/istio-egressgateway-service-account created
clusterrole.rbac.authorization.k8s.io/istio-galley-istio-system created
clusterrolebinding.rbac.authorization.k8s.io/istio-galley-*****-role-binding-istio-system created
configmap/istio-mesh-galley created
configmap/istio-galley-configuration created
deployment.apps/istio-galley created
poddisruptionbudget.policy/istio-galley created
service/istio-galley created
serviceaccount/istio-galley-service-account created
configmap/istio-grafana-configuration-dashboards-citadel-dashboard created
configmap/istio-grafana-configuration-dashboards-galley-dashboard created
configmap/istio-grafana-configuration-dashboards-istio-mesh-dashboard created
configmap/istio-grafana-configuration-dashboards-istio-performance-dashboard created
configmap/istio-grafana-configuration-dashboards-istio-service-dashboard created
configmap/istio-grafana-configuration-dashboards-istio-workload-dashboard created
configmap/istio-grafana-configuration-dashboards-mixer-dashboard created
configmap/istio-grafana-configuration-dashboards-pilot-dashboard created
configmap/istio-grafana created
deployment.apps/grafana created
policy.authentication.istio.io/grafana-ports-mtls-disabled created
service/grafana created
deployment.apps/istio-ingressgateway created
gateway.networking.istio.io/ingressgateway created
poddisruptionbudget.policy/ingressgateway created
service/istio-ingressgateway created
serviceaccount/istio-ingressgateway-service-account created
sidecar.networking.istio.io/default created
clusterrole.rbac.authorization.k8s.io/istio-sidecar-injector-istio-system created
clusterrolebinding.rbac.authorization.k8s.io/istio-sidecar-injector-*****-role-binding-istio-system created
configmap/injector-mesh created
deployment.apps/istio-sidecar-injector created
mutatingwebhookconfiguration.admissionregistration.k8s.io/istio-sidecar-injector created
poddisruptionbudget.policy/istio-sidecar-injector created
service/istio-sidecar-injector created
serviceaccount/istio-sidecar-injector-service-account created
configmap/istio-sidecar-injector created
clusterrole.rbac.authorization.k8s.io/kiali created
clusterrole.rbac.authorization.k8s.io/kiali-viewer created
clusterrolebinding.rbac.authorization.k8s.io/kiali created
configmap/kiali created
secret/kiali created
deployment.apps/kiali created
service/kiali created
serviceaccount/kiali-service-account created
clusterrole.rbac.authorization.k8s.io/istio-pilot-istio-system created
clusterrolebinding.rbac.authorization.k8s.io/istio-pilot-istio-system created
configmap/pilot-envoy-config created
configmap/istio created
deployment.apps/istio-pilot created
meshpolicy.authentication.istio.io/default created
poddisruptionbudget.policy/istio-pilot created
service/istio-pilot created
serviceaccount/istio-pilot-service-account created
clusterrole.rbac.authorization.k8s.io/istio-policy created
clusterrolebinding.rbac.authorization.k8s.io/istio-policy-*****-role-binding-istio-system created
destinationrule.networking.istio.io/istio-policy created
deployment.apps/istio-policy created
poddisruptionbudget.policy/istio-policy created
service/istio-policy created
serviceaccount/istio-policy-service-account created
clusterrole.rbac.authorization.k8s.io/prometheus-istio-system created
clusterrolebinding.rbac.authorization.k8s.io/prometheus-istio-system created
configmap/prometheus created
deployment.apps/prometheus created
service/prometheus created
serviceaccount/prometheus created
horizontalpodautoscaler.autoscaling/istio-telemetry created
clusterrole.rbac.authorization.k8s.io/istio-mixer-istio-system created
clusterrolebinding.rbac.authorization.k8s.io/istio-mixer-*****-role-binding-istio-system created
attributemanifest.config.istio.io/istioproxy created
attributemanifest.config.istio.io/kubernetes created
handler.config.istio.io/stdio created
instance.config.istio.io/accesslog created
instance.config.istio.io/tcpaccesslog created
rule.config.istio.io/stdio created
rule.config.istio.io/stdiotcp created
instance.config.istio.io/requestcount created
instance.config.istio.io/requestduration created
instance.config.istio.io/requestsize created
instance.config.istio.io/responsesize created
instance.config.istio.io/tcpbytesent created
instance.config.istio.io/tcpbytereceived created
instance.config.istio.io/tcpconnectionsopened created
instance.config.istio.io/tcpconnectionsclosed created
handler.config.istio.io/prometheus created
rule.config.istio.io/promhttp created
rule.config.istio.io/promtcp created
rule.config.istio.io/promtcpconnectionopen created
rule.config.istio.io/promtcpconnectionclosed created
handler.config.istio.io/kubernetesenv created
rule.config.istio.io/kubeattrgenrulerule created
rule.config.istio.io/tcpkubeattrgenrulerule created
instance.config.istio.io/attributes created
destinationrule.networking.istio.io/istio-telemetry created
configmap/telemetry-envoy-config created
deployment.apps/istio-telemetry created
poddisruptionbudget.policy/istio-telemetry created
service/istio-telemetry created
serviceaccount/istio-mixer-service-account created
deployment.apps/istio-tracing created
service/jaeger-query created
service/jaeger-collector created
service/jaeger-agent created
service/zipkin created
service/tracing created
kubectl rollout status deployment.apps/istio-ingressgateway -n istio-system
Waiting for deployment "istio-ingressgateway" rollout to finish: 0 of 1 updated replicas are available...
deployment "istio-ingressgateway" successfully rolled out
kubectl rollout status deployment.apps/istio-pilot -n istio-system
deployment "istio-pilot" successfully rolled out
kubectl rollout status deployment.apps/istio-citadel -n istio-system
deployment "istio-citadel" successfully rolled out
helm install jaeger-operator \
	jaegertracing/jaeger-operator \
	--set rbac.clusterRole=true \
	--namespace seldon \
	--wait
manifest_sorter.go:192: info: skipping unknown hook: "crd-install"
NAME: jaeger-operator
LAST DEPLOYED: Tue Mar  3 17:52:16 2020
NAMESPACE: seldon
STATUS: deployed
REVISION: 1
TEST SUITE: None
NOTES:
jaeger-operator is installed.


Check the jaeger-operator logs
  export POD=$(kubectl get pods-l app.kubernetes.io/instance=jaeger-operator -lapp.kubernetes.io/name=jaeger-operator --namespace seldon --output name)
  kubectl logs $POD --namespace=seldon
kubectl apply -f ../resources/jaeger.yaml --namespace seldon
jaeger.jaegertracing.io/jaeger created
mapping.getambassador.io/jaeger created
cd ../../operator && make install-cert-manager
make[1]: Entering directory '/workspace/source/operator'
kubectl create namespace cert-manager || echo "Namespace cert-manager-exists"
namespace/cert-manager created
kubectl label namespace cert-manager cert-manager.io/disable-validation=true || echo "namespace cert-manager-already labelled"
namespace/cert-manager labeled
kubectl apply --validate=false -f https://github.com/jetstack/cert-manager/releases/download/v0.12.0/cert-manager.yaml
customresourcedefinition.apiextensions.k8s.io/certificaterequests.cert-manager.io created
customresourcedefinition.apiextensions.k8s.io/certificates.cert-manager.io created
customresourcedefinition.apiextensions.k8s.io/challenges.acme.cert-manager.io created
customresourcedefinition.apiextensions.k8s.io/clusterissuers.cert-manager.io created
customresourcedefinition.apiextensions.k8s.io/issuers.cert-manager.io created
customresourcedefinition.apiextensions.k8s.io/orders.acme.cert-manager.io created
Warning: kubectl apply should be used on resource created by either kubectl create --save-config or kubectl apply
namespace/cert-manager configured
serviceaccount/cert-manager-cainjector created
serviceaccount/cert-manager created
serviceaccount/cert-manager-webhook created
clusterrole.rbac.authorization.k8s.io/cert-manager-cainjector created
clusterrolebinding.rbac.authorization.k8s.io/cert-manager-cainjector created
role.rbac.authorization.k8s.io/cert-manager-cainjector:leaderelection created
rolebinding.rbac.authorization.k8s.io/cert-manager-cainjector:leaderelection created
clusterrolebinding.rbac.authorization.k8s.io/cert-manager-webhook:auth-delegator created
rolebinding.rbac.authorization.k8s.io/cert-manager-webhook:webhook-authentication-reader created
clusterrole.rbac.authorization.k8s.io/cert-manager-webhook:webhook-requester created
role.rbac.authorization.k8s.io/cert-manager:leaderelection created
rolebinding.rbac.authorization.k8s.io/cert-manager:leaderelection created
clusterrole.rbac.authorization.k8s.io/cert-manager-controller-issuers created
clusterrole.rbac.authorization.k8s.io/cert-manager-controller-clusterissuers created
clusterrole.rbac.authorization.k8s.io/cert-manager-controller-certificates created
clusterrole.rbac.authorization.k8s.io/cert-manager-controller-orders created
clusterrole.rbac.authorization.k8s.io/cert-manager-controller-challenges created
clusterrole.rbac.authorization.k8s.io/cert-manager-controller-ingress-shim created
clusterrolebinding.rbac.authorization.k8s.io/cert-manager-controller-issuers created
clusterrolebinding.rbac.authorization.k8s.io/cert-manager-controller-clusterissuers created
clusterrolebinding.rbac.authorization.k8s.io/cert-manager-controller-certificates created
clusterrolebinding.rbac.authorization.k8s.io/cert-manager-controller-orders created
clusterrolebinding.rbac.authorization.k8s.io/cert-manager-controller-challenges created
clusterrolebinding.rbac.authorization.k8s.io/cert-manager-controller-ingress-shim created
clusterrole.rbac.authorization.k8s.io/cert-manager-view created
clusterrole.rbac.authorization.k8s.io/cert-manager-edit created
service/cert-manager created
service/cert-manager-webhook created
deployment.apps/cert-manager-cainjector created
deployment.apps/cert-manager created
deployment.apps/cert-manager-webhook created
mutatingwebhookconfiguration.admissionregistration.k8s.io/cert-manager-webhook created
validatingwebhookconfiguration.admissionregistration.k8s.io/cert-manager-webhook created
kubectl rollout status deployment.apps/cert-manager -n cert-manager
Waiting for deployment "cert-manager" rollout to finish: 0 of 1 updated replicas are available...
deployment "cert-manager" successfully rolled out
kubectl rollout status deployment.apps/cert-manager-cainjector -n cert-manager
deployment "cert-manager-cainjector" successfully rolled out
kubectl rollout status deployment.apps/cert-manager-webhook -n cert-manager
Waiting for deployment "cert-manager-webhook" rollout to finish: 0 of 1 updated replicas are available...
deployment "cert-manager-webhook" successfully rolled out
make[1]: Leaving directory '/workspace/source/operator'
sleep 5 #https://github.com/jetstack/cert-manager/issues/2273
kubectl create namespace seldon-system || echo "namespace seldon-system exists"
namespace/seldon-system created
helm install seldon \
	../../helm-charts/seldon-core-operator \
	--namespace seldon-system \
	--set istio.enabled=true \
	--set istio.gateway=seldon-gateway \
	--set certManager.enabled=false \
	--set executor.enabled=true \
	--wait
NAME: seldon
LAST DEPLOYED: Tue Mar  3 17:53:04 2020
NAMESPACE: seldon-system
STATUS: deployed
REVISION: 1
TEST SUITE: None
kubectl config set-context $(kubectl config current-context) --namespace=seldon
Context "kind-kind" modified.
make: Entering directory '/workspace/source/python'
pip install -e . -r requirements-dev.txt
Obtaining file:///workspace/source/python
Collecting Flask<2.0.0
  Downloading Flask-1.1.1-py2.py3-none-any.whl (94 kB)
Collecting Flask-cors<4.0.0
  Downloading Flask_Cors-3.0.8-py2.py3-none-any.whl (14 kB)
Collecting redis<4.0.0
  Downloading redis-3.4.1-py2.py3-none-any.whl (71 kB)
Requirement already satisfied: requests<3.0.0 in /usr/local/lib/python3.6/site-packages (from -r requirements.txt (line 4)) (2.23.0)
Requirement already satisfied: numpy<2.0.0 in /usr/local/lib/python3.6/site-packages (from -r requirements.txt (line 5)) (1.18.1)
Collecting flatbuffers<2.0.0
  Downloading flatbuffers-1.11-py2.py3-none-any.whl (15 kB)
Requirement already satisfied: protobuf<4.0.0 in /usr/local/lib/python3.6/site-packages (from -r requirements.txt (line 7)) (3.11.3)
Requirement already satisfied: grpcio<2.0.0 in /usr/local/lib/python3.6/site-packages (from -r requirements.txt (line 8)) (1.27.2)
Collecting Flask-OpenTracing<1.2.0,>=1.1.0
  Downloading Flask-OpenTracing-1.1.0.tar.gz (8.2 kB)
Collecting opentracing<2.3.0,>=2.2.0
  Downloading opentracing-2.2.0.tar.gz (47 kB)
Collecting jaeger-client<4.2.0,>=4.1.0
  Downloading jaeger-client-4.1.0.tar.gz (80 kB)
Collecting grpcio-opentracing<1.2.0,>=1.1.4
  Downloading grpcio_opentracing-1.1.4-py3-none-any.whl (14 kB)
Collecting pyaml<20.0.0
  Downloading pyaml-19.12.0-py2.py3-none-any.whl (17 kB)
Collecting gunicorn<20.1.0,>=19.9.0
  Downloading gunicorn-20.0.4-py2.py3-none-any.whl (77 kB)
Collecting minio<6.0.0,>=4.0.9
  Downloading minio-5.0.7-py2.py3-none-any.whl (71 kB)
Collecting azure-storage-blob<3.0.0,>=2.0.1
  Downloading azure_storage_blob-2.1.0-py2.py3-none-any.whl (88 kB)
Requirement already satisfied: setuptools>=41.0.0 in /usr/local/lib/python3.6/site-packages (from -r requirements.txt (line 17)) (45.2.0)
Collecting google-cloud-storage>=1.16.0
  Downloading google_cloud_storage-1.26.0-py2.py3-none-any.whl (75 kB)
Collecting black==19.10b0
  Downloading black-19.10b0-py36-none-any.whl (97 kB)
Collecting flake8==3.7.9
  Downloading flake8-3.7.9-py2.py3-none-any.whl (69 kB)
Collecting mypy<0.762
  Downloading mypy-0.761-cp36-cp36m-manylinux1_x86_64.whl (24.1 MB)
Requirement already satisfied: Pillow==7.0.0 in /usr/local/lib/python3.6/site-packages (from -r requirements-dev.txt (line 5)) (7.0.0)
Collecting pytest==5.3.1
  Downloading pytest-5.3.1-py3-none-any.whl (233 kB)
Collecting pytest-cov==2.8.1
  Downloading pytest_cov-2.8.1-py2.py3-none-any.whl (18 kB)
Collecting tox<4.0.0
  Downloading tox-3.14.5-py2.py3-none-any.whl (81 kB)
Collecting coverage==4.5.4
  Downloading coverage-4.5.4-cp36-cp36m-manylinux1_x86_64.whl (205 kB)
Requirement already satisfied: pandas==1.0.1 in /usr/local/lib/python3.6/site-packages (from -r requirements-dev.txt (line 14)) (1.0.1)
Collecting pip-licenses==2.1.1
  Downloading pip_licenses-2.1.1-py3-none-any.whl (13 kB)
Requirement already satisfied: Werkzeug>=0.15 in /usr/local/lib/python3.6/site-packages (from Flask<2.0.0->-r requirements.txt (line 1)) (1.0.0)
Collecting click>=5.1
  Downloading Click-7.0-py2.py3-none-any.whl (81 kB)
Requirement already satisfied: Jinja2>=2.10.1 in /usr/local/lib/python3.6/site-packages (from Flask<2.0.0->-r requirements.txt (line 1)) (2.11.1)
Collecting itsdangerous>=0.24
  Downloading itsdangerous-1.1.0-py2.py3-none-any.whl (16 kB)
Requirement already satisfied: Six in /usr/local/lib/python3.6/site-packages (from Flask-cors<4.0.0->-r requirements.txt (line 2)) (1.14.0)
Requirement already satisfied: idna<3,>=2.5 in /usr/local/lib/python3.6/site-packages (from requests<3.0.0->-r requirements.txt (line 4)) (2.9)
Requirement already satisfied: certifi>=2017.4.17 in /usr/local/lib/python3.6/site-packages (from requests<3.0.0->-r requirements.txt (line 4)) (2019.11.28)
Requirement already satisfied: chardet<4,>=3.0.2 in /usr/local/lib/python3.6/site-packages (from requests<3.0.0->-r requirements.txt (line 4)) (3.0.4)
Requirement already satisfied: urllib3!=1.25.0,!=1.25.1,<1.26,>=1.21.1 in /usr/local/lib/python3.6/site-packages (from requests<3.0.0->-r requirements.txt (line 4)) (1.25.8)
Collecting threadloop<2,>=1
  Downloading threadloop-1.0.2.tar.gz (4.9 kB)
Collecting thrift
  Downloading thrift-0.13.0.tar.gz (59 kB)
Collecting tornado<6,>=4.3
  Downloading tornado-5.1.1.tar.gz (516 kB)
Requirement already satisfied: PyYAML in /usr/local/lib/python3.6/site-packages (from pyaml<20.0.0->-r requirements.txt (line 13)) (5.3)
Requirement already satisfied: pytz in /usr/local/lib/python3.6/site-packages (from minio<6.0.0,>=4.0.9->-r requirements.txt (line 15)) (2019.3)
Collecting configparser
  Downloading configparser-4.0.2-py2.py3-none-any.whl (22 kB)
Requirement already satisfied: python-dateutil in /usr/local/lib/python3.6/site-packages (from minio<6.0.0,>=4.0.9->-r requirements.txt (line 15)) (2.8.1)
Collecting azure-storage-common~=2.1
  Downloading azure_storage_common-2.1.0-py2.py3-none-any.whl (47 kB)
Collecting azure-common>=1.1.5
  Downloading azure_common-1.1.24-py2.py3-none-any.whl (12 kB)
Collecting google-cloud-core<2.0dev,>=1.2.0
  Downloading google_cloud_core-1.3.0-py2.py3-none-any.whl (26 kB)
Collecting google-resumable-media<0.6dev,>=0.5.0
  Downloading google_resumable_media-0.5.0-py2.py3-none-any.whl (38 kB)
Collecting google-auth<2.0dev,>=1.11.0
  Downloading google_auth-1.11.2-py2.py3-none-any.whl (76 kB)
Collecting appdirs
  Downloading appdirs-1.4.3-py2.py3-none-any.whl (12 kB)
Collecting toml>=0.9.4
  Downloading toml-0.10.0-py2.py3-none-any.whl (25 kB)
Collecting regex
  Downloading regex-2020.2.20-cp36-cp36m-manylinux2010_x86_64.whl (690 kB)
Collecting typed-ast>=1.4.0
  Downloading typed_ast-1.4.1-cp36-cp36m-manylinux1_x86_64.whl (737 kB)
Collecting pathspec<1,>=0.6
  Downloading pathspec-0.7.0-py2.py3-none-any.whl (25 kB)
Requirement already satisfied: attrs>=18.1.0 in /usr/local/lib/python3.6/site-packages (from black==19.10b0->-r requirements-dev.txt (line 2)) (19.3.0)
Collecting pycodestyle<2.6.0,>=2.5.0
  Downloading pycodestyle-2.5.0-py2.py3-none-any.whl (51 kB)
Collecting pyflakes<2.2.0,>=2.1.0
  Downloading pyflakes-2.1.1-py2.py3-none-any.whl (59 kB)
Requirement already satisfied: entrypoints<0.4.0,>=0.3.0 in /usr/local/lib/python3.6/site-packages (from flake8==3.7.9->-r requirements-dev.txt (line 3)) (0.3)
Collecting mccabe<0.7.0,>=0.6.0
  Downloading mccabe-0.6.1-py2.py3-none-any.whl (8.6 kB)
Collecting mypy-extensions<0.5.0,>=0.4.3
  Downloading mypy_extensions-0.4.3-py2.py3-none-any.whl (4.5 kB)
Collecting typing-extensions>=3.7.4
  Downloading typing_extensions-3.7.4.1-py3-none-any.whl (20 kB)
Collecting packaging
  Downloading packaging-20.1-py2.py3-none-any.whl (36 kB)
Collecting pluggy<1.0,>=0.12
  Downloading pluggy-0.13.1-py2.py3-none-any.whl (18 kB)
Collecting py>=1.5.0
  Downloading py-1.8.1-py2.py3-none-any.whl (83 kB)
Collecting more-itertools>=4.0.0
  Downloading more_itertools-8.2.0-py3-none-any.whl (43 kB)
Requirement already satisfied: wcwidth in /usr/local/lib/python3.6/site-packages (from pytest==5.3.1->-r requirements-dev.txt (line 6)) (0.1.8)
Requirement already satisfied: importlib-metadata>=0.12; python_version < "3.8" in /usr/local/lib/python3.6/site-packages (from pytest==5.3.1->-r requirements-dev.txt (line 6)) (1.5.0)
Collecting filelock<4,>=3.0.0
  Downloading filelock-3.0.12-py3-none-any.whl (7.6 kB)
Collecting virtualenv>=16.0.0
  Downloading virtualenv-20.0.7-py2.py3-none-any.whl (8.0 MB)
Collecting PTable
  Downloading PTable-0.9.2.tar.gz (31 kB)
Requirement already satisfied: MarkupSafe>=0.23 in /usr/local/lib/python3.6/site-packages (from Jinja2>=2.10.1->Flask<2.0.0->-r requirements.txt (line 1)) (1.1.1)
Collecting cryptography
  Downloading cryptography-2.8-cp34-abi3-manylinux2010_x86_64.whl (2.3 MB)
Collecting google-api-core<2.0.0dev,>=1.16.0
  Downloading google_api_core-1.16.0-py2.py3-none-any.whl (70 kB)
Collecting rsa<4.1,>=3.1.4
  Downloading rsa-4.0-py2.py3-none-any.whl (38 kB)
Collecting pyasn1-modules>=0.2.1
  Downloading pyasn1_modules-0.2.8-py2.py3-none-any.whl (155 kB)
Collecting cachetools<5.0,>=2.0.0
  Downloading cachetools-4.0.0-py3-none-any.whl (10 kB)
Requirement already satisfied: pyparsing>=2.0.2 in /usr/local/lib/python3.6/site-packages (from packaging->pytest==5.3.1->-r requirements-dev.txt (line 6)) (2.4.6)
Requirement already satisfied: zipp>=0.5 in /usr/local/lib/python3.6/site-packages (from importlib-metadata>=0.12; python_version < "3.8"->pytest==5.3.1->-r requirements-dev.txt (line 6)) (3.0.0)
Collecting distlib<1,>=0.3.0
  Downloading distlib-0.3.0.zip (571 kB)
Collecting importlib-resources<2,>=1.0; python_version < "3.7"
  Downloading importlib_resources-1.2.0-py2.py3-none-any.whl (31 kB)
Collecting cffi!=1.11.3,>=1.8
  Downloading cffi-1.14.0-cp36-cp36m-manylinux1_x86_64.whl (399 kB)
Collecting googleapis-common-protos<2.0dev,>=1.6.0
  Downloading googleapis-common-protos-1.51.0.tar.gz (35 kB)
Collecting pyasn1>=0.1.3
  Downloading pyasn1-0.4.8-py2.py3-none-any.whl (77 kB)
Collecting pycparser
  Downloading pycparser-2.19.tar.gz (158 kB)
Building wheels for collected packages: Flask-OpenTracing, opentracing, jaeger-client, threadloop, thrift, tornado, PTable, distlib, googleapis-common-protos, pycparser
  Building wheel for Flask-OpenTracing (setup.py): started
  Building wheel for Flask-OpenTracing (setup.py): finished with status 'done'
  Created wheel for Flask-OpenTracing: filename=Flask_OpenTracing-1.1.0-py3-none-any.whl size=9070 sha256=fe8e66a38757c5d06685d20cc2925f28e90421cea6e16c82b0bb694200b6269c
  Stored in directory: /builder/home/.cache/pip/wheels/ad/4b/2d/24ff0da0a0b53c7c77ce59b843bcceaf644c88703241e59615
  Building wheel for opentracing (setup.py): started
  Building wheel for opentracing (setup.py): finished with status 'done'
  Created wheel for opentracing: filename=opentracing-2.2.0-py3-none-any.whl size=49319 sha256=114158fad8a3e564a8da9f244bd1558b28adeafc8f4bc8a730f1ee13e9d42929
  Stored in directory: /builder/home/.cache/pip/wheels/39/40/44/8bace79f4514e99786236c31f1df8d1b814ff02c1e08b1d697
  Building wheel for jaeger-client (setup.py): started
  Building wheel for jaeger-client (setup.py): finished with status 'done'
  Created wheel for jaeger-client: filename=jaeger_client-4.1.0-py3-none-any.whl size=64309 sha256=071763aa273ae23fc90ceef4d4e6566a22e967ea3f1b4ea172cb96fbb6b88b36
  Stored in directory: /builder/home/.cache/pip/wheels/e9/9b/8c/503d0cc13b39a551c054515683ba1d15b40324c863dc442e66
  Building wheel for threadloop (setup.py): started
  Building wheel for threadloop (setup.py): finished with status 'done'
  Created wheel for threadloop: filename=threadloop-1.0.2-py3-none-any.whl size=3423 sha256=56ab415d41c276153656cc79e30ba78a85e9d941caa680006084a04bfbf0f2fe
  Stored in directory: /builder/home/.cache/pip/wheels/02/54/65/9f87de48fe8fcaaee30f279973d946ad55f9df56b93b3e78da
  Building wheel for thrift (setup.py): started
  Building wheel for thrift (setup.py): finished with status 'done'
  Created wheel for thrift: filename=thrift-0.13.0-cp36-cp36m-linux_x86_64.whl size=483927 sha256=ae250ff9c9783074c9c21f7c945f09a9e26bf05b8c412a4edac55ced80b9843a
  Stored in directory: /builder/home/.cache/pip/wheels/e0/38/fc/472fe18756b177b42096961f8bd3ff2dc5c5620ac399fce52d
  Building wheel for tornado (setup.py): started
  Building wheel for tornado (setup.py): finished with status 'done'
  Created wheel for tornado: filename=tornado-5.1.1-cp36-cp36m-linux_x86_64.whl size=462641 sha256=f3f0569aa4658928d5d68b3bc0f5608439f3febc247bacd0890c993e8c536963
  Stored in directory: /builder/home/.cache/pip/wheels/64/74/71/e7a0d0eb4fc42cb20a17aec36f8f0b5b8c5e1ec19c701fd34a
  Building wheel for PTable (setup.py): started
  Building wheel for PTable (setup.py): finished with status 'done'
  Created wheel for PTable: filename=PTable-0.9.2-py3-none-any.whl size=22907 sha256=8454ad8b18af96dcd74662faef7087d3fbbba2ddac5fe0f26e6a0cdafa97514d
  Stored in directory: /builder/home/.cache/pip/wheels/f3/65/67/71f473ec87ea4554d1bdfb1b5128cfe1414c2b113b72a1ee8e
  Building wheel for distlib (setup.py): started
  Building wheel for distlib (setup.py): finished with status 'done'
  Created wheel for distlib: filename=distlib-0.3.0-py3-none-any.whl size=340427 sha256=02746cebb08c3a34130be21beb964b10e511c4bb12751b1cffb269acd298683b
  Stored in directory: /builder/home/.cache/pip/wheels/33/d9/71/e4e3cac73529e1947df418af0f140cd7589d5d9ec0e17ecfc2
  Building wheel for googleapis-common-protos (setup.py): started
  Building wheel for googleapis-common-protos (setup.py): finished with status 'done'
  Created wheel for googleapis-common-protos: filename=googleapis_common_protos-1.51.0-py3-none-any.whl size=77592 sha256=fcf6756f3e09f27159ff250b562794735f8ce93635853a8b8a4c84f009e20a63
  Stored in directory: /builder/home/.cache/pip/wheels/35/8d/af/a922cb18800b31fadac3523cadf6c1efdf233b788fe7a4da70
  Building wheel for pycparser (setup.py): started
  Building wheel for pycparser (setup.py): finished with status 'done'
  Created wheel for pycparser: filename=pycparser-2.19-py2.py3-none-any.whl size=111031 sha256=d1a86f657bdfe7614b08e9a4c0ccb3326315de32c91e5b0989d089e1382dfd80
  Stored in directory: /builder/home/.cache/pip/wheels/c6/6b/83/2608afaa57ecfb0a66ac89191a8d9bad71c62ca55ee499c2d0
Successfully built Flask-OpenTracing opentracing jaeger-client threadloop thrift tornado PTable distlib googleapis-common-protos pycparser
Installing collected packages: click, itsdangerous, Flask, Flask-cors, redis, flatbuffers, opentracing, Flask-OpenTracing, tornado, threadloop, thrift, jaeger-client, grpcio-opentracing, pyaml, gunicorn, configparser, minio, pycparser, cffi, cryptography, azure-common, azure-storage-common, azure-storage-blob, googleapis-common-protos, pyasn1, rsa, pyasn1-modules, cachetools, google-auth, google-api-core, google-cloud-core, google-resumable-media, google-cloud-storage, appdirs, toml, regex, typed-ast, pathspec, black, pycodestyle, pyflakes, mccabe, flake8, mypy-extensions, typing-extensions, mypy, packaging, pluggy, py, more-itertools, pytest, coverage, pytest-cov, filelock, distlib, importlib-resources, virtualenv, tox, PTable, pip-licenses, seldon-core
  Attempting uninstall: tornado
    Found existing installation: tornado 6.0.3
    Uninstalling tornado-6.0.3:
      Successfully uninstalled tornado-6.0.3
  Running setup.py develop for seldon-core
Successfully installed Flask-1.1.1 Flask-OpenTracing-1.1.0 Flask-cors-3.0.8 PTable-0.9.2 appdirs-1.4.3 azure-common-1.1.24 azure-storage-blob-2.1.0 azure-storage-common-2.1.0 black-19.10b0 cachetools-4.0.0 cffi-1.14.0 click-7.0 configparser-4.0.2 coverage-4.5.4 cryptography-2.8 distlib-0.3.0 filelock-3.0.12 flake8-3.7.9 flatbuffers-1.11 google-api-core-1.16.0 google-auth-1.11.2 google-cloud-core-1.3.0 google-cloud-storage-1.26.0 google-resumable-media-0.5.0 googleapis-common-protos-1.51.0 grpcio-opentracing-1.1.4 gunicorn-20.0.4 importlib-resources-1.2.0 itsdangerous-1.1.0 jaeger-client-4.1.0 mccabe-0.6.1 minio-5.0.7 more-itertools-8.2.0 mypy-0.761 mypy-extensions-0.4.3 opentracing-2.2.0 packaging-20.1 pathspec-0.7.0 pip-licenses-2.1.1 pluggy-0.13.1 py-1.8.1 pyaml-19.12.0 pyasn1-0.4.8 pyasn1-modules-0.2.8 pycodestyle-2.5.0 pycparser-2.19 pyflakes-2.1.1 pytest-5.3.1 pytest-cov-2.8.1 redis-3.4.1 regex-2020.2.20 rsa-4.0 seldon-core threadloop-1.0.2 thrift-0.13.0 toml-0.10.0 tornado-5.1.1 tox-3.14.5 typed-ast-1.4.1 typing-extensions-3.7.4.1 virtualenv-20.0.7
make: Leaving directory '/workspace/source/python'
cp ../../proto/prediction.proto ./proto
cd ../../proto/tensorflow && make create_protos
make[1]: Entering directory '/workspace/source/proto/tensorflow'
./create-protos.sh
Downloading proto files for master
make[1]: Leaving directory '/workspace/source/proto/tensorflow'
cp -vr ../../proto/tensorflow/tensorflow .
'../../proto/tensorflow/tensorflow' -> './tensorflow'
'../../proto/tensorflow/tensorflow/core' -> './tensorflow/core'
'../../proto/tensorflow/tensorflow/core/framework' -> './tensorflow/core/framework'
'../../proto/tensorflow/tensorflow/core/framework/types.proto' -> './tensorflow/core/framework/types.proto'
'../../proto/tensorflow/tensorflow/core/framework/resource_handle.proto' -> './tensorflow/core/framework/resource_handle.proto'
'../../proto/tensorflow/tensorflow/core/framework/tensor_shape.proto' -> './tensorflow/core/framework/tensor_shape.proto'
'../../proto/tensorflow/tensorflow/core/framework/tensor.proto' -> './tensorflow/core/framework/tensor.proto'
python -m grpc.tools.protoc -I. --python_out=. --grpc_python_out=. ./proto/prediction.proto
cd ../../notebooks && make build_protos
make[1]: Entering directory '/workspace/source/notebooks'
cd ../proto/tensorflow && make create_protos
make[2]: Entering directory '/workspace/source/proto/tensorflow'
make[2]: Nothing to be done for 'create_protos'.
make[2]: Leaving directory '/workspace/source/proto/tensorflow'
cp -vr ../proto/tensorflow/tensorflow .
'../proto/tensorflow/tensorflow' -> './tensorflow'
'../proto/tensorflow/tensorflow/core' -> './tensorflow/core'
'../proto/tensorflow/tensorflow/core/framework' -> './tensorflow/core/framework'
'../proto/tensorflow/tensorflow/core/framework/types.proto' -> './tensorflow/core/framework/types.proto'
'../proto/tensorflow/tensorflow/core/framework/resource_handle.proto' -> './tensorflow/core/framework/resource_handle.proto'
'../proto/tensorflow/tensorflow/core/framework/tensor_shape.proto' -> './tensorflow/core/framework/tensor_shape.proto'
'../proto/tensorflow/tensorflow/core/framework/tensor.proto' -> './tensorflow/core/framework/tensor.proto'
cp ../proto/prediction.proto ./proto
python -m grpc.tools.protoc -I. --python_out=. --grpc_python_out=. ./proto/prediction.proto
make[1]: Leaving directory '/workspace/source/notebooks'
cd ../../proto/k8s && make create_protos
make[1]: Entering directory '/workspace/source/proto/k8s'
./create-k8s-protos.sh
Downloading proto files for master
Munging proto file packages
sed -i.bak 's|import "k8s.io/apiextensions-apiserver/|//import "k8s.io/apiextensions-apiserver/|' k8s.io/api/core/v1/generated.proto
rm k8s.io/api/core/v1/generated.proto.bak
make[1]: Leaving directory '/workspace/source/proto/k8s'
pip install -r dev_requirements.txt
Obtaining file:///workspace/source/python (from -r dev_requirements.txt (line 11))
Requirement already satisfied: pytest==5.3.1 in /usr/local/lib/python3.6/site-packages (from -r dev_requirements.txt (line 1)) (5.3.1)
Collecting pytest-xdist==1.30.0
  Downloading pytest_xdist-1.30.0-py2.py3-none-any.whl (35 kB)
Requirement already satisfied: pytest-cov==2.8.1 in /usr/local/lib/python3.6/site-packages (from -r dev_requirements.txt (line 3)) (2.8.1)
Collecting flaky==3.6.1
  Downloading flaky-3.6.1-py2.py3-none-any.whl (22 kB)
Collecting tenacity==6.0.0
  Downloading tenacity-6.0.0-py2.py3-none-any.whl (24 kB)
Requirement already satisfied: coverage==4.5.4 in /usr/local/lib/python3.6/site-packages (from -r dev_requirements.txt (line 8)) (4.5.4)
Requirement already satisfied: Flask<2.0.0 in /usr/local/lib/python3.6/site-packages (from seldon-core==1.0.2->-r dev_requirements.txt (line 11)) (1.1.1)
Requirement already satisfied: Flask-cors<4.0.0 in /usr/local/lib/python3.6/site-packages (from seldon-core==1.0.2->-r dev_requirements.txt (line 11)) (3.0.8)
Requirement already satisfied: redis<4.0.0 in /usr/local/lib/python3.6/site-packages (from seldon-core==1.0.2->-r dev_requirements.txt (line 11)) (3.4.1)
Requirement already satisfied: requests<3.0.0 in /usr/local/lib/python3.6/site-packages (from seldon-core==1.0.2->-r dev_requirements.txt (line 11)) (2.23.0)
Requirement already satisfied: numpy<2.0.0 in /usr/local/lib/python3.6/site-packages (from seldon-core==1.0.2->-r dev_requirements.txt (line 11)) (1.18.1)
Requirement already satisfied: flatbuffers<2.0.0 in /usr/local/lib/python3.6/site-packages (from seldon-core==1.0.2->-r dev_requirements.txt (line 11)) (1.11)
Requirement already satisfied: protobuf<4.0.0 in /usr/local/lib/python3.6/site-packages (from seldon-core==1.0.2->-r dev_requirements.txt (line 11)) (3.11.3)
Requirement already satisfied: grpcio<2.0.0 in /usr/local/lib/python3.6/site-packages (from seldon-core==1.0.2->-r dev_requirements.txt (line 11)) (1.27.2)
Requirement already satisfied: Flask-OpenTracing<1.2.0,>=1.1.0 in /usr/local/lib/python3.6/site-packages (from seldon-core==1.0.2->-r dev_requirements.txt (line 11)) (1.1.0)
Requirement already satisfied: opentracing<2.3.0,>=2.2.0 in /usr/local/lib/python3.6/site-packages (from seldon-core==1.0.2->-r dev_requirements.txt (line 11)) (2.2.0)
Requirement already satisfied: jaeger-client<4.2.0,>=4.1.0 in /usr/local/lib/python3.6/site-packages (from seldon-core==1.0.2->-r dev_requirements.txt (line 11)) (4.1.0)
Requirement already satisfied: grpcio-opentracing<1.2.0,>=1.1.4 in /usr/local/lib/python3.6/site-packages (from seldon-core==1.0.2->-r dev_requirements.txt (line 11)) (1.1.4)
Requirement already satisfied: pyaml<20.0.0 in /usr/local/lib/python3.6/site-packages (from seldon-core==1.0.2->-r dev_requirements.txt (line 11)) (19.12.0)
Requirement already satisfied: gunicorn<20.1.0,>=19.9.0 in /usr/local/lib/python3.6/site-packages (from seldon-core==1.0.2->-r dev_requirements.txt (line 11)) (20.0.4)
Requirement already satisfied: minio<6.0.0,>=4.0.9 in /usr/local/lib/python3.6/site-packages (from seldon-core==1.0.2->-r dev_requirements.txt (line 11)) (5.0.7)
Requirement already satisfied: azure-storage-blob<3.0.0,>=2.0.1 in /usr/local/lib/python3.6/site-packages (from seldon-core==1.0.2->-r dev_requirements.txt (line 11)) (2.1.0)
Requirement already satisfied: setuptools>=41.0.0 in /usr/local/lib/python3.6/site-packages (from seldon-core==1.0.2->-r dev_requirements.txt (line 11)) (45.2.0)
Requirement already satisfied: wcwidth in /usr/local/lib/python3.6/site-packages (from pytest==5.3.1->-r dev_requirements.txt (line 1)) (0.1.8)
Requirement already satisfied: attrs>=17.4.0 in /usr/local/lib/python3.6/site-packages (from pytest==5.3.1->-r dev_requirements.txt (line 1)) (19.3.0)
Requirement already satisfied: importlib-metadata>=0.12; python_version < "3.8" in /usr/local/lib/python3.6/site-packages (from pytest==5.3.1->-r dev_requirements.txt (line 1)) (1.5.0)
Requirement already satisfied: pluggy<1.0,>=0.12 in /usr/local/lib/python3.6/site-packages (from pytest==5.3.1->-r dev_requirements.txt (line 1)) (0.13.1)
Requirement already satisfied: packaging in /usr/local/lib/python3.6/site-packages (from pytest==5.3.1->-r dev_requirements.txt (line 1)) (20.1)
Requirement already satisfied: py>=1.5.0 in /usr/local/lib/python3.6/site-packages (from pytest==5.3.1->-r dev_requirements.txt (line 1)) (1.8.1)
Requirement already satisfied: more-itertools>=4.0.0 in /usr/local/lib/python3.6/site-packages (from pytest==5.3.1->-r dev_requirements.txt (line 1)) (8.2.0)
Requirement already satisfied: six in /usr/local/lib/python3.6/site-packages (from pytest-xdist==1.30.0->-r dev_requirements.txt (line 2)) (1.14.0)
Collecting pytest-forked
  Downloading pytest_forked-1.1.3-py2.py3-none-any.whl (4.5 kB)
Collecting execnet>=1.1
  Downloading execnet-1.7.1-py2.py3-none-any.whl (39 kB)
Requirement already satisfied: itsdangerous>=0.24 in /usr/local/lib/python3.6/site-packages (from Flask<2.0.0->seldon-core==1.0.2->-r dev_requirements.txt (line 11)) (1.1.0)
Requirement already satisfied: Werkzeug>=0.15 in /usr/local/lib/python3.6/site-packages (from Flask<2.0.0->seldon-core==1.0.2->-r dev_requirements.txt (line 11)) (1.0.0)
Requirement already satisfied: Jinja2>=2.10.1 in /usr/local/lib/python3.6/site-packages (from Flask<2.0.0->seldon-core==1.0.2->-r dev_requirements.txt (line 11)) (2.11.1)
Requirement already satisfied: click>=5.1 in /usr/local/lib/python3.6/site-packages (from Flask<2.0.0->seldon-core==1.0.2->-r dev_requirements.txt (line 11)) (7.0)
Requirement already satisfied: urllib3!=1.25.0,!=1.25.1,<1.26,>=1.21.1 in /usr/local/lib/python3.6/site-packages (from requests<3.0.0->seldon-core==1.0.2->-r dev_requirements.txt (line 11)) (1.25.8)
Requirement already satisfied: idna<3,>=2.5 in /usr/local/lib/python3.6/site-packages (from requests<3.0.0->seldon-core==1.0.2->-r dev_requirements.txt (line 11)) (2.9)
Requirement already satisfied: chardet<4,>=3.0.2 in /usr/local/lib/python3.6/site-packages (from requests<3.0.0->seldon-core==1.0.2->-r dev_requirements.txt (line 11)) (3.0.4)
Requirement already satisfied: certifi>=2017.4.17 in /usr/local/lib/python3.6/site-packages (from requests<3.0.0->seldon-core==1.0.2->-r dev_requirements.txt (line 11)) (2019.11.28)
Requirement already satisfied: threadloop<2,>=1 in /usr/local/lib/python3.6/site-packages (from jaeger-client<4.2.0,>=4.1.0->seldon-core==1.0.2->-r dev_requirements.txt (line 11)) (1.0.2)
Requirement already satisfied: thrift in /usr/local/lib/python3.6/site-packages (from jaeger-client<4.2.0,>=4.1.0->seldon-core==1.0.2->-r dev_requirements.txt (line 11)) (0.13.0)
Requirement already satisfied: tornado<6,>=4.3 in /usr/local/lib/python3.6/site-packages (from jaeger-client<4.2.0,>=4.1.0->seldon-core==1.0.2->-r dev_requirements.txt (line 11)) (5.1.1)
Requirement already satisfied: PyYAML in /usr/local/lib/python3.6/site-packages (from pyaml<20.0.0->seldon-core==1.0.2->-r dev_requirements.txt (line 11)) (5.3)
Requirement already satisfied: python-dateutil in /usr/local/lib/python3.6/site-packages (from minio<6.0.0,>=4.0.9->seldon-core==1.0.2->-r dev_requirements.txt (line 11)) (2.8.1)
Requirement already satisfied: configparser in /usr/local/lib/python3.6/site-packages (from minio<6.0.0,>=4.0.9->seldon-core==1.0.2->-r dev_requirements.txt (line 11)) (4.0.2)
Requirement already satisfied: pytz in /usr/local/lib/python3.6/site-packages (from minio<6.0.0,>=4.0.9->seldon-core==1.0.2->-r dev_requirements.txt (line 11)) (2019.3)
Requirement already satisfied: azure-common>=1.1.5 in /usr/local/lib/python3.6/site-packages (from azure-storage-blob<3.0.0,>=2.0.1->seldon-core==1.0.2->-r dev_requirements.txt (line 11)) (1.1.24)
Requirement already satisfied: azure-storage-common~=2.1 in /usr/local/lib/python3.6/site-packages (from azure-storage-blob<3.0.0,>=2.0.1->seldon-core==1.0.2->-r dev_requirements.txt (line 11)) (2.1.0)
Requirement already satisfied: zipp>=0.5 in /usr/local/lib/python3.6/site-packages (from importlib-metadata>=0.12; python_version < "3.8"->pytest==5.3.1->-r dev_requirements.txt (line 1)) (3.0.0)
Requirement already satisfied: pyparsing>=2.0.2 in /usr/local/lib/python3.6/site-packages (from packaging->pytest==5.3.1->-r dev_requirements.txt (line 1)) (2.4.6)
Collecting apipkg>=1.4
  Downloading apipkg-1.5-py2.py3-none-any.whl (4.9 kB)
Requirement already satisfied: MarkupSafe>=0.23 in /usr/local/lib/python3.6/site-packages (from Jinja2>=2.10.1->Flask<2.0.0->seldon-core==1.0.2->-r dev_requirements.txt (line 11)) (1.1.1)
Requirement already satisfied: cryptography in /usr/local/lib/python3.6/site-packages (from azure-storage-common~=2.1->azure-storage-blob<3.0.0,>=2.0.1->seldon-core==1.0.2->-r dev_requirements.txt (line 11)) (2.8)
Requirement already satisfied: cffi!=1.11.3,>=1.8 in /usr/local/lib/python3.6/site-packages (from cryptography->azure-storage-common~=2.1->azure-storage-blob<3.0.0,>=2.0.1->seldon-core==1.0.2->-r dev_requirements.txt (line 11)) (1.14.0)
Requirement already satisfied: pycparser in /usr/local/lib/python3.6/site-packages (from cffi!=1.11.3,>=1.8->cryptography->azure-storage-common~=2.1->azure-storage-blob<3.0.0,>=2.0.1->seldon-core==1.0.2->-r dev_requirements.txt (line 11)) (2.19)
Installing collected packages: pytest-forked, apipkg, execnet, pytest-xdist, flaky, tenacity, seldon-core
  Attempting uninstall: seldon-core
    Found existing installation: seldon-core 1.0.2
    Uninstalling seldon-core-1.0.2:
      Successfully uninstalled seldon-core-1.0.2
  Running setup.py develop for seldon-core
Successfully installed apipkg-1.5 execnet-1.7.1 flaky-3.6.1 pytest-forked-1.1.3 pytest-xdist-1.30.0 seldon-core tenacity-6.0.0
# Run the core tests in parallel
pytest \
	--verbose \
	-s \
	-W ignore \
	-n "4" \
	-m "not sequential" 2>&1
============================= test session starts ==============================
platform linux -- Python 3.6.10, pytest-5.3.1, py-1.8.1, pluggy-0.13.1 -- /usr/local/bin/python
cachedir: .pytest_cache
rootdir: /workspace/source/testing/scripts, inifile: setup.cfg
plugins: xdist-1.30.0, forked-1.1.3, flaky-3.6.1, cov-2.8.1
gw0 I / gw1 I / gw2 I / gw3 I
[gw0] linux Python 3.6.10 cwd: /workspace/source/testing/scripts
[gw1] linux Python 3.6.10 cwd: /workspace/source/testing/scripts
[gw2] linux Python 3.6.10 cwd: /workspace/source/testing/scripts
[gw3] linux Python 3.6.10 cwd: /workspace/source/testing/scripts
[gw0] Python 3.6.10 (default, Feb 28 2020, 10:20:25)  -- [GCC 8.3.0]
[gw1] Python 3.6.10 (default, Feb 28 2020, 10:20:25)  -- [GCC 8.3.0]
[gw2] Python 3.6.10 (default, Feb 28 2020, 10:20:25)  -- [GCC 8.3.0]
[gw3] Python 3.6.10 (default, Feb 28 2020, 10:20:25)  -- [GCC 8.3.0]
gw0 [39] / gw1 [39] / gw2 [39] / gw3 [39]

scheduling tests via LoadScheduling

test_api_version.py::test_api_version[machinelearning.seldon.io/v1alpha2] 
test_api_version.py::test_api_version[machinelearning.seldon.io/v1alpha3] 
test_bad_graphs.py::TestBadGraphs::test_duplicate_predictor_name 
test_api_version.py::test_api_version[machinelearning.seldon.io/v1] Error from server (SeldonDeployment.machinelearing.seldon.io "dupname" is invalid: [spec.predictors[1]: Invalid value: "mymodel": Duplicate predictor name, spec: Invalid value: "mymodel": Traffic must sum to 100 for multiple predictors]): error when creating "../resources/bad_duplicate_predictor_name.json": admission webhook "v1alpha2.vseldondeployment.kb.io" denied the request: SeldonDeployment.machinelearing.seldon.io "dupname" is invalid: [spec.predictors[1]: Invalid value: "mymodel": Duplicate predictor name, spec: Invalid value: "mymodel": Traffic must sum to 100 for multiple predictors]

[gw3] PASSED test_bad_graphs.py::TestBadGraphs::test_duplicate_predictor_name 
test_helm_charts_clusterwide.py::TestClusterWide::test_mab_model Error: uninstall: Release not loaded: mymodel: release: not found

[gw2] PASSED test_api_version.py::test_api_version[machinelearning.seldon.io/v1] Error: uninstall: Release not loaded: mymab: release: not found

[gw3] PASSED test_helm_charts_clusterwide.py::TestClusterWide::test_mab_model Error: uninstall: Release not loaded: mymodel: release: not found

[gw1] PASSED test_api_version.py::test_api_version[machinelearning.seldon.io/v1alpha3] Error: uninstall: Release not loaded: mymodel: release: not found

[gw0] PASSED test_api_version.py::test_api_version[machinelearning.seldon.io/v1alpha2] 
test_helm_charts_clusterwide.py::TestClusterWide::test_single_model 
test_local_operators.py::TestLocalOperators::test_labelled_operator Error from server (InternalError): error when creating "../resources/model_controller_id.yaml": Internal error occurred: failed calling webhook "v1alpha2.mseldondeployment.kb.io": Post https://seldon-webhook-service.test-labelled-operator.svc:443/mutate-machinelearning-seldon-io-v1alpha2-seldondeployment?timeout=30s: dial tcp 10.96.213.73:443: connect: connection refused

test_helm_charts_clusterwide.py::TestClusterWide::test_abtest_model 
test_bad_graphs.py::TestBadGraphs::test_model_name_mismatch Error from server (SeldonDeployment.machinelearing.seldon.io "namemismatch" is invalid: spec.predictors[0].graph: Invalid value: "complex-model_bad_name": Can't find container for Predictive Unit): error when creating "../resources/bad_name_mismatch.json": admission webhook "v1alpha2.vseldondeployment.kb.io" denied the request: SeldonDeployment.machinelearing.seldon.io "namemismatch" is invalid: spec.predictors[0].graph: Invalid value: "complex-model_bad_name": Can't find container for Predictive Unit

[gw0] PASSED test_bad_graphs.py::TestBadGraphs::test_model_name_mismatch 
test_local_operators.py::TestLocalOperators::test_namespace_operator Error: uninstall: Release not loaded: mymodel: release: not found

[gw1] PASSED test_helm_charts_clusterwide.py::TestClusterWide::test_single_model 
[gw3] PASSED test_local_operators.py::TestLocalOperators::test_labelled_operator Error: uninstall: Release not loaded: myabtest: release: not found

[gw2] PASSED test_helm_charts_clusterwide.py::TestClusterWide::test_abtest_model 
[gw0] PASSED test_local_operators.py::TestLocalOperators::test_namespace_operator 
test_prepackaged_servers.py::TestPrepack::test_tfserving 
test_prepackaged_servers.py::TestPrepack::test_sklearn 
test_prepackaged_servers.py::TestPrepack::test_mlflow 
test_rolling_updates.py::TestRollingHttp::test_rolling_update5[istio] Error from server (NotFound): error when deleting "../resources/graph6.json": seldondeployments.machinelearning.seldon.io "mymodel" not found

[gw0] PASSED test_rolling_updates.py::TestRollingHttp::test_rolling_update5[istio] 
[gw3] PASSED test_prepackaged_servers.py::TestPrepack::test_sklearn 
test_rolling_updates.py::TestRollingHttp::test_rolling_update6[ambas] 
test_rolling_updates.py::TestRollingHttp::test_rolling_update6[istio] 
[gw2] PASSED test_prepackaged_servers.py::TestPrepack::test_mlflow 
[gw1] PASSED test_prepackaged_servers.py::TestPrepack::test_tfserving 
test_rolling_updates.py::TestRollingHttp::test_rolling_update5[ambas] 
test_prepackaged_servers.py::TestPrepack::test_xgboost Error from server (NotFound): error when deleting "../resources/graph2svc.json": seldondeployments.machinelearning.seldon.io "mymodel" not found

[gw0] PASSED test_rolling_updates.py::TestRollingHttp::test_rolling_update6[ambas] Error from server (NotFound): error when deleting "../resources/graph2svc.json": seldondeployments.machinelearning.seldon.io "mymodel" not found

[gw3] PASSED test_rolling_updates.py::TestRollingHttp::test_rolling_update6[istio] 
test_rolling_updates.py::TestRollingHttp::test_rolling_update7[ambas] 
test_rolling_updates.py::TestRollingHttp::test_rolling_update7[istio] Error from server (NotFound): error when deleting "../resources/graph6.json": seldondeployments.machinelearning.seldon.io "mymodel" not found

[gw2] PASSED test_rolling_updates.py::TestRollingHttp::test_rolling_update5[ambas] 
[gw1] PASSED test_prepackaged_servers.py::TestPrepack::test_xgboost 
test_rolling_updates.py::TestRollingHttp::test_rolling_update8[ambas] 
test_rolling_updates.py::TestRollingHttp::test_rolling_update8[istio] Error from server (NotFound): error when deleting "../resources/graph4svc.json": seldondeployments.machinelearning.seldon.io "mymodel" not found

[gw2] PASSED test_rolling_updates.py::TestRollingHttp::test_rolling_update8[ambas] Error from server (NotFound): error when deleting "../resources/graph4svc.json": seldondeployments.machinelearning.seldon.io "mymodel" not found

[gw1] PASSED test_rolling_updates.py::TestRollingHttp::test_rolling_update8[istio] 
test_rolling_updates.py::TestRollingHttp::test_rolling_update10[ambas] Error from server (NotFound): error when deleting "../resources/graph3svc.json": seldondeployments.machinelearning.seldon.io "mymodel" not found

[gw0] PASSED test_rolling_updates.py::TestRollingHttp::test_rolling_update7[ambas] Error from server (NotFound): error when deleting "../resources/graph3svc.json": seldondeployments.machinelearning.seldon.io "mymodel" not found

[gw3] PASSED test_rolling_updates.py::TestRollingHttp::test_rolling_update7[istio] 
test_rolling_updates.py::TestRollingHttp::test_rolling_update10[istio] 
test_rolling_updates.py::TestRollingHttp::test_rolling_update9[ambas] 
test_rolling_updates.py::TestRollingHttp::test_rolling_update9[istio] Error from server (NotFound): error when deleting "../resources/graph6svc.json": seldondeployments.machinelearning.seldon.io "mymodel" not found

[gw2] PASSED test_rolling_updates.py::TestRollingHttp::test_rolling_update10[ambas] 
test_rolling_updates.py::test_rolling_update_deployment[graph1.json-graph2.json-ambas] Error from server (NotFound): error when deleting "../resources/graph6svc.json": seldondeployments.machinelearning.seldon.io "mymodel" not found

[gw1] PASSED test_rolling_updates.py::TestRollingHttp::test_rolling_update10[istio] Error from server (NotFound): error when deleting "../resources/graph5svc.json": seldondeployments.machinelearning.seldon.io "mymodel" not found

[gw0] PASSED test_rolling_updates.py::TestRollingHttp::test_rolling_update9[ambas] Error from server (NotFound): error when deleting "../resources/graph5svc.json": seldondeployments.machinelearning.seldon.io "mymodel" not found

[gw3] PASSED test_rolling_updates.py::TestRollingHttp::test_rolling_update9[istio] 
test_rolling_updates.py::test_rolling_update_deployment[graph1.json-graph3.json-ambas] 
test_rolling_updates.py::test_rolling_update_deployment[graph1.json-graph2.json-istio] 
test_rolling_updates.py::test_rolling_update_deployment[graph1.json-graph3.json-istio] error: timed out waiting for the condition on deployments/mymodel-mymodel-0

[gw2] PASSED test_rolling_updates.py::test_rolling_update_deployment[graph1.json-graph2.json-ambas] 
test_rolling_updates.py::test_rolling_update_deployment[graph1.json-graph4.json-ambas] error: timed out waiting for the condition on deployments/mymodel-mymodel-0
error: timed out waiting for the condition on deployments/mymodel-mymodel-0

[gw0] PASSED test_rolling_updates.py::test_rolling_update_deployment[graph1.json-graph3.json-ambas] 
[gw1] PASSED test_rolling_updates.py::test_rolling_update_deployment[graph1.json-graph2.json-istio] error: timed out waiting for the condition on deployments/mymodel-mymodel-0

[gw3] PASSED test_rolling_updates.py::test_rolling_update_deployment[graph1.json-graph3.json-istio] 
test_rolling_updates.py::test_rolling_update_deployment[graph1.json-graph4.json-istio] 
test_rolling_updates.py::test_rolling_update_deployment[graph1.json-graph5.json-istio] 
test_rolling_updates.py::test_rolling_update_deployment[graph1.json-graph5.json-ambas] error: timed out waiting for the condition on deployments/mymodel-mymodel-0

test_rolling_updates.py::test_rolling_update_deployment[graph1.json-graph4.json-ambas] error: timed out waiting for the condition on deployments/mymodel-mymodel-0
error: timed out waiting for the condition on deployments/mymodel-mymodel-0

[gw3] PASSED test_rolling_updates.py::test_rolling_update_deployment[graph1.json-graph5.json-istio] 
[gw1] PASSED test_rolling_updates.py::test_rolling_update_deployment[graph1.json-graph5.json-ambas] error: timed out waiting for the condition on deployments/mymodel-mymodel-0

[gw0] PASSED test_rolling_updates.py::test_rolling_update_deployment[graph1.json-graph4.json-istio] 
test_rolling_updates.py::test_rolling_update_deployment[graph1.json-graph8.json-istio] 
test_rolling_updates.py::test_rolling_update_deployment[graph7.json-graph8.json-ambas] 
test_rolling_updates.py::test_rolling_update_deployment[graph7.json-graph8.json-istio] error: timed out waiting for the condition on deployments/mymodel-mymodel-0

[gw2] FAILED test_rolling_updates.py::test_rolling_update_deployment[graph1.json-graph4.json-ambas] 
test_rolling_updates.py::test_rolling_update_deployment[graph1.json-graph8.json-ambas] error: timed out waiting for the condition on deployments/mymodel-mymodel-0

[gw0] PASSED test_rolling_updates.py::test_rolling_update_deployment[graph1.json-graph8.json-istio] error: timed out waiting for the condition on deployments/mymodel-mymodel-0
error: timed out waiting for the condition on deployments/mymodel-mymodel-0

[gw3] PASSED test_rolling_updates.py::test_rolling_update_deployment[graph7.json-graph8.json-ambas] 
[gw1] PASSED test_rolling_updates.py::test_rolling_update_deployment[graph7.json-graph8.json-istio] 
test_tracing.py::test_tracing_rest 
[gw0] PASSED test_tracing.py::test_tracing_rest error: timed out waiting for the condition on deployments/mymodel-mymodel-0

[gw2] PASSED test_rolling_updates.py::test_rolling_update_deployment[graph1.json-graph8.json-ambas] 

=================================== FAILURES ===================================
________ test_rolling_update_deployment[graph1.json-graph4.json-ambas] _________
[gw2] linux -- Python 3.6.10 /usr/local/bin/python

namespace = 'test-rolling-update-deployment-graph1-json-graph4-json-ambas'
api_gateway = 'localhost:8003', from_deployment = 'graph1.json'
to_deployment = 'graph4.json'

    @pytest.mark.flaky
    @with_api_gateways
    @pytest.mark.parametrize(
        "from_deployment,to_deployment",
        [
            ("graph1.json", "graph2.json"),  # New image version
            ("graph1.json", "graph3.json"),  # New image version and new name of container
            ("graph1.json", "graph4.json"),  # New resource request but same image
            ("graph1.json", "graph5.json"),  # Update with multi-deployment new model
            ("graph1.json", "graph8.json"),  # From v1alpha2 to v1
            ("graph7.json", "graph8.json"),  # From v1alpha3 to v1
        ],
    )
    def test_rolling_update_deployment(
        namespace, api_gateway, from_deployment, to_deployment
    ):
        if api_gateway == API_ISTIO_GATEWAY:
            retry_run(f"kubectl create -f ../resources/seldon-gateway.yaml -n {namespace}")
    
        from_file_path = to_resources_path(from_deployment)
        retry_run(f"kubectl apply -f {from_file_path} -n {namespace}")
        wait_for_status("mymodel", namespace)
        wait_for_rollout("mymodel", namespace)
        assert_model("mymodel", namespace, initial=True, endpoint=api_gateway)
    
        old_deployment_name = get_deployment_names("mymodel", namespace)[0]
        to_file_path = to_resources_path(to_deployment)
    
        def _update_model():
            retry_run(f"kubectl apply -f {to_file_path} -n {namespace}")
            wait_for_shutdown(old_deployment_name, namespace)
            wait_for_status("mymodel", namespace)
            wait_for_rollout("mymodel", namespace)
    
>       assert_model_during_op(_update_model, "mymodel", namespace, endpoint=api_gateway)

test_rolling_updates.py:263: 
_ _ _ _ _ _ _ _ _ _ _ _ _ _ _ _ _ _ _ _ _ _ _ _ _ _ _ _ _ _ _ _ _ _ _ _ _ _ _ _ 
seldon_e2e_utils.py:462: in assert_model_during_op
    raise err
seldon_e2e_utils.py:454: in assert_model_during_op
    assert_model(*assert_args, **assert_kwargs)
_ _ _ _ _ _ _ _ _ _ _ _ _ _ _ _ _ _ _ _ _ _ _ _ _ _ _ _ _ _ _ _ _ _ _ _ _ _ _ _ 

sdep_name = 'mymodel'
namespace = 'test-rolling-update-deployment-graph1-json-graph4-json-ambas'
initial = False, endpoint = 'localhost:8003'

    def assert_model(sdep_name, namespace, initial=False, endpoint=API_AMBASSADOR):
        _request = initial_rest_request if initial else rest_request
        r = _request(sdep_name, namespace, endpoint=endpoint)
    
>       assert r is not None
E       AssertionError

seldon_e2e_utils.py:472: AssertionError
------------------------------ Captured log setup ------------------------------
WARNING  root:seldon_e2e_utils.py:116 Successfully ran command: kubectl create namespace test-rolling-update-deployment-graph1-json-graph4-json-ambas
------------------------------ Captured log call -------------------------------
WARNING  root:seldon_e2e_utils.py:116 Successfully ran command: kubectl apply -f ../resources/graph1.json -n test-rolling-update-deployment-graph1-json-graph4-json-ambas
WARNING  root:seldon_e2e_utils.py:136 Failed to find status - sleeping
WARNING  root:seldon_e2e_utils.py:136 Failed to find status - sleeping
WARNING  root:seldon_e2e_utils.py:136 Failed to find status - sleeping
WARNING  root:seldon_e2e_utils.py:136 Failed to find status - sleeping
WARNING  root:seldon_e2e_utils.py:136 Failed to find status - sleeping
WARNING  root:seldon_e2e_utils.py:133 Status for SeldonDeployment mymodel is ready.
WARNING  root:seldon_e2e_utils.py:60 Successfully waited for SeldonDeployment mymodel
WARNING  root:seldon_e2e_utils.py:71 For SeldonDeployment mymodel found following deployments: ['mymodel-mymodel-0']
WARNING  root:seldon_e2e_utils.py:94 Waiting for deployment mymodel-mymodel-0
WARNING  root:seldon_e2e_utils.py:101 Successfully waited for deployment mymodel-mymodel-0
WARNING  root:seldon_e2e_utils.py:60 Successfully waited for SeldonDeployment mymodel
WARNING  root:seldon_e2e_utils.py:71 For SeldonDeployment mymodel found following deployments: ['mymodel-mymodel-0']
WARNING  root:seldon_e2e_utils.py:116 Successfully ran command: kubectl apply -f ../resources/graph4.json -n test-rolling-update-deployment-graph1-json-graph4-json-ambas
WARNING  root:seldon_e2e_utils.py:176 Bad status:503
WARNING  root:seldon_e2e_utils.py:133 Status for SeldonDeployment mymodel is ready.
WARNING  root:seldon_e2e_utils.py:60 Successfully waited for SeldonDeployment mymodel
WARNING  root:seldon_e2e_utils.py:71 For SeldonDeployment mymodel found following deployments: ['mymodel-mymodel-0']
WARNING  root:seldon_e2e_utils.py:94 Waiting for deployment mymodel-mymodel-0
WARNING  root:seldon_e2e_utils.py:101 Successfully waited for deployment mymodel-mymodel-0
------------------------------ Captured log setup ------------------------------
WARNING  root:seldon_e2e_utils.py:116 Successfully ran command: kubectl create namespace test-rolling-update-deployment-graph1-json-graph4-json-ambas
------------------------------ Captured log call -------------------------------
WARNING  root:seldon_e2e_utils.py:116 Successfully ran command: kubectl apply -f ../resources/graph1.json -n test-rolling-update-deployment-graph1-json-graph4-json-ambas
WARNING  root:seldon_e2e_utils.py:136 Failed to find status - sleeping
WARNING  root:seldon_e2e_utils.py:136 Failed to find status - sleeping
WARNING  root:seldon_e2e_utils.py:136 Failed to find status - sleeping
WARNING  root:seldon_e2e_utils.py:136 Failed to find status - sleeping
WARNING  root:seldon_e2e_utils.py:136 Failed to find status - sleeping
WARNING  root:seldon_e2e_utils.py:133 Status for SeldonDeployment mymodel is ready.
WARNING  root:seldon_e2e_utils.py:60 Successfully waited for SeldonDeployment mymodel
WARNING  root:seldon_e2e_utils.py:71 For SeldonDeployment mymodel found following deployments: ['mymodel-mymodel-0']
WARNING  root:seldon_e2e_utils.py:94 Waiting for deployment mymodel-mymodel-0
WARNING  root:seldon_e2e_utils.py:101 Successfully waited for deployment mymodel-mymodel-0
WARNING  root:seldon_e2e_utils.py:60 Successfully waited for SeldonDeployment mymodel
WARNING  root:seldon_e2e_utils.py:71 For SeldonDeployment mymodel found following deployments: ['mymodel-mymodel-0']
WARNING  root:seldon_e2e_utils.py:116 Successfully ran command: kubectl apply -f ../resources/graph4.json -n test-rolling-update-deployment-graph1-json-graph4-json-ambas
WARNING  root:seldon_e2e_utils.py:176 Bad status:503
WARNING  root:seldon_e2e_utils.py:133 Status for SeldonDeployment mymodel is ready.
WARNING  root:seldon_e2e_utils.py:60 Successfully waited for SeldonDeployment mymodel
WARNING  root:seldon_e2e_utils.py:71 For SeldonDeployment mymodel found following deployments: ['mymodel-mymodel-0']
WARNING  root:seldon_e2e_utils.py:94 Waiting for deployment mymodel-mymodel-0
WARNING  root:seldon_e2e_utils.py:101 Successfully waited for deployment mymodel-mymodel-0
===Flaky Test Report===

test_rolling_update6[istio] passed 1 out of the required 1 times. Success!
test_rolling_update7[istio] passed 1 out of the required 1 times. Success!
test_rolling_update9[istio] passed 1 out of the required 1 times. Success!
test_rolling_update_deployment[graph1.json-graph3.json-istio] passed 1 out of the required 1 times. Success!
test_rolling_update_deployment[graph1.json-graph5.json-istio] passed 1 out of the required 1 times. Success!
test_rolling_update_deployment[graph7.json-graph8.json-ambas] passed 1 out of the required 1 times. Success!
test_rolling_update8[istio] passed 1 out of the required 1 times. Success!
test_rolling_update10[istio] passed 1 out of the required 1 times. Success!
test_rolling_update_deployment[graph1.json-graph2.json-istio] passed 1 out of the required 1 times. Success!
test_rolling_update_deployment[graph1.json-graph5.json-ambas] passed 1 out of the required 1 times. Success!
test_rolling_update_deployment[graph7.json-graph8.json-istio] passed 1 out of the required 1 times. Success!
test_rolling_update5[istio] passed 1 out of the required 1 times. Success!
test_rolling_update6[ambas] passed 1 out of the required 1 times. Success!
test_rolling_update7[ambas] passed 1 out of the required 1 times. Success!
test_rolling_update9[ambas] passed 1 out of the required 1 times. Success!
test_rolling_update_deployment[graph1.json-graph3.json-ambas] passed 1 out of the required 1 times. Success!
test_rolling_update_deployment[graph1.json-graph4.json-istio] passed 1 out of the required 1 times. Success!
test_rolling_update_deployment[graph1.json-graph8.json-istio] passed 1 out of the required 1 times. Success!
test_rolling_update5[ambas] passed 1 out of the required 1 times. Success!
test_rolling_update8[ambas] passed 1 out of the required 1 times. Success!
test_rolling_update10[ambas] passed 1 out of the required 1 times. Success!
test_rolling_update_deployment[graph1.json-graph2.json-ambas] passed 1 out of the required 1 times. Success!
test_rolling_update_deployment[graph1.json-graph4.json-ambas] failed (1 runs remaining out of 2).
	<class 'AssertionError'>
	
	[<TracebackEntry /workspace/source/testing/scripts/test_rolling_updates.py:263>, <TracebackEntry /workspace/source/testing/scripts/seldon_e2e_utils.py:462>, <TracebackEntry /workspace/source/testing/scripts/seldon_e2e_utils.py:454>, <TracebackEntry /workspace/source/testing/scripts/seldon_e2e_utils.py:472>]
test_rolling_update_deployment[graph1.json-graph4.json-ambas] failed; it passed 0 out of the required 1 times.
	<class 'AssertionError'>
	
	[<TracebackEntry /workspace/source/testing/scripts/test_rolling_updates.py:263>, <TracebackEntry /workspace/source/testing/scripts/seldon_e2e_utils.py:462>, <TracebackEntry /workspace/source/testing/scripts/seldon_e2e_utils.py:454>, <TracebackEntry /workspace/source/testing/scripts/seldon_e2e_utils.py:472>]
test_rolling_update_deployment[graph1.json-graph8.json-ambas] passed 1 out of the required 1 times. Success!

===End Flaky Test Report===
================== 1 failed, 38 passed in 3275.90s (0:54:35) ===================
make: *** [Makefile:105: test] Error 1
kind delete cluster
Deleting cluster "kind" ...
Stopping Docker: dockerProgram process in pidfile '/var/run/docker-ssd.pid', 1 process(es), refused to die.
[31m
Pipeline failed on stage 'end-to-end' : container 'step-test-end-to-end'. The execution of the pipeline has stopped.[0m
