
Showing logs for build [32mseldonio-seldon-core-pr-2536-no-qh5wr-7[0m stage [32mpr-build-comment[0m and container [32mstep-credential-initializer-g5955[0m
{"level":"info","ts":1602186553.816195,"logger":"fallback-logger","caller":"logging/config.go:69","msg":"Fetch GitHub commit ID from kodata failed: open /var/run/ko/refs/heads/0.8.0-ns-support: no such file or directory"}
{"level":"info","ts":1602186553.8166392,"logger":"fallback-logger","caller":"creds-init/main.go:40","msg":"Credentials initialized."}

Showing logs for build [32mseldonio-seldon-core-pr-2536-no-qh5wr-7[0m stage [32mpr-build-comment[0m and container [32mstep-working-dir-initializer-9z69r[0m
{"level":"info","ts":1602186555.2289548,"logger":"fallback-logger","caller":"logging/config.go:69","msg":"Fetch GitHub commit ID from kodata failed: open /var/run/ko/HEAD: no such file or directory"}
{"level":"info","ts":1602186555.2311378,"logger":"fallback-logger","caller":"bash/main.go:64","msg":"Successfully executed command \"sh -c mkdir -p /workspace/source\"; output "}

Showing logs for build [32mseldonio-seldon-core-pr-2536-no-qh5wr-7[0m stage [32mpr-build-comment[0m and container [32mstep-place-tools[0m

Showing logs for build [32mseldonio-seldon-core-pr-2536-no-qh5wr-7[0m stage [32mpr-build-comment[0m and container [32mstep-create-dir-workspace-hglcz[0m
{"level":"info","ts":1602186562.4613535,"logger":"fallback-logger","caller":"logging/config.go:69","msg":"Fetch GitHub commit ID from kodata failed: open /var/run/ko/HEAD: no such file or directory"}
{"level":"info","ts":1602186562.4634411,"logger":"fallback-logger","caller":"bash/main.go:64","msg":"Successfully executed command \"sh -c mkdir -p source\"; output "}

Showing logs for build [32mseldonio-seldon-core-pr-2536-no-qh5wr-7[0m stage [32mpr-build-comment[0m and container [32mstep-git-source-seldonio-seldon-core-pr-2536-no-qh5wr-dcchd[0m
{"level":"info","ts":1602186562.8412416,"logger":"fallback-logger","caller":"logging/config.go:69","msg":"Fetch GitHub commit ID from kodata failed: open /var/run/ko/refs/heads/0.8.0-ns-support: no such file or directory"}
{"level":"info","ts":1602186568.1777284,"logger":"fallback-logger","caller":"git/git.go:103","msg":"Successfully cloned https://github.com/SeldonIO/seldon-core.git @ master in path /workspace/source"}

Showing logs for build [32mseldonio-seldon-core-pr-2536-no-qh5wr-7[0m stage [32mpr-build-comment[0m and container [32mstep-setup-builder-home[0m

Showing logs for build [32mseldonio-seldon-core-pr-2536-no-qh5wr-7[0m stage [32mpr-build-comment[0m and container [32mstep-git-merge[0m
Using SHAs from PULL_REFS=master:2305d73927b135af1627f6e921cfb51a65fec374,2536:4f3c2ddc8fbed71bfde01d209c43fd0aaf934b7a
DEBUG: LC_ALL=C JX_LOG_LEVEL=error git fetch origin --unshallow 4f3c2ddc8fbed71bfde01d209c43fd0aaf934b7a: 2305d73927b135af1627f6e921cfb51a65fec374:
DEBUG: ran git fetch --unshallow origin 4f3c2ddc8fbed71bfde01d209c43fd0aaf934b7a: 2305d73927b135af1627f6e921cfb51a65fec374: in 
DEBUG: LC_ALL=C JX_LOG_LEVEL=error git branch
DEBUG: LC_ALL=C JX_LOG_LEVEL=error git checkout master
DEBUG: ran git checkout master in 
DEBUG: LC_ALL=C JX_LOG_LEVEL=error git reset --hard 2305d73927b135af1627f6e921cfb51a65fec374
DEBUG: ran git reset --hard 2305d73927b135af1627f6e921cfb51a65fec374 in 
DEBUG: JX_LOG_LEVEL=error LC_ALL=C git clean -fd .
DEBUG: ran clean --force -d . in 
DEBUG: LC_ALL=C JX_LOG_LEVEL=error git merge 4f3c2ddc8fbed71bfde01d209c43fd0aaf934b7a
DEBUG: ran git merge 4f3c2ddc8fbed71bfde01d209c43fd0aaf934b7a in 
DEBUG: LC_ALL=C JX_LOG_LEVEL=error git log --format=%H%x1f%an%x1f%ae%x1f%cn%x1f%ce%x1f%s%n%b%x1e 2305d73927b135af1627f6e921cfb51a65fec374..HEAD
Merged SHA efe5d3759c1e077b7aed557f2310ec1e2afd54db with commit message 'Merge commit '4f3c2ddc8fbed71bfde01d209c43fd0aaf934b7a'' into base branch master
Merged SHA 4f3c2ddc8fbed71bfde01d209c43fd0aaf934b7a with commit message 'Updated to have readme nb' into base branch master
Merged SHA f04bbf00fbb0230f032c5d65bce832e9a5dcc175 with commit message 'Updated to have readme nb' into base branch master
Merged SHA 4c8ef2bc34ec8eb44d259c5970f135c279b72c3c with commit message 'Updated nblink' into base branch master
Merged SHA fda3a968e19f83a57a3f459758e2a1be204756aa with commit message 'Updated feedback metrics server for the tests' into base branch master
Merged SHA ef5d34dc784a40d0cc1db51e5ef4005046ae2ddc with commit message 'Added test for ad server' into base branch master
Merged SHA 0de1c30b706629bf93a9877ee1d2aa9cb3061ef0 with commit message 'Updated setup.pyto include dependency guards' into base branch master

Showing logs for build [32mseldonio-seldon-core-pr-2536-no-qh5wr-7[0m stage [32mpr-build-comment[0m and container [32mstep-step2[0m
+++ dirname ./add-pr-build-comment
++ cd .
++ pwd
+ STARTUP_DIR=/workspace/source/ci
+ REPO_OWNER=SeldonIO
+ REPO_NAME=seldon-core
+ PULL_NUMBER=2536
+ BUILD_NUMBER=7
+ PIPELINE_CONTEXT=notebooks
++ cat
+++ date
+ COMMENT_MSG='Thu Oct  8 19:49:37 UTC 2020
The logs for [notebooks] [7] will show after the pipeline context has finished.  
https://github.com/SeldonIO/seldon-core/blob/gh-pages/jenkins-x/logs/SeldonIO/seldon-core/PR-2536/7.log

impatient try  
** get build logs SeldonIO/seldon-core/PR-2536 --build=7'
+ ** step pr comment --owner=SeldonIO --repository=seldon-core --pull-request=2536 '--comment=Thu Oct  8 19:49:37 UTC 2020
The logs for [notebooks] [7] will show after the pipeline context has finished.  
https://github.com/SeldonIO/seldon-core/blob/gh-pages/jenkins-x/logs/SeldonIO/seldon-core/PR-2536/7.log

impatient try  
** get build logs SeldonIO/seldon-core/PR-2536 --build=7'

Showing logs for build [32mseldonio-seldon-core-pr-2536-no-qh5wr-7[0m stage [32mpr-build-comment[0m and container [32mstep-source-mkdir-seldonio-seldon-core-pr-2536-no-qh5wr-nj6lx[0m
{"level":"info","ts":1602186585.1860614,"logger":"fallback-logger","caller":"logging/config.go:69","msg":"Fetch GitHub commit ID from kodata failed: open /var/run/ko/HEAD: no such file or directory"}
{"level":"info","ts":1602186585.1997354,"logger":"fallback-logger","caller":"bash/main.go:64","msg":"Successfully executed command \"sh -c mkdir -p /pvc/pr-build-comment/workspace\"; output "}

Showing logs for build [32mseldonio-seldon-core-pr-2536-no-qh5wr-7[0m stage [32mpr-build-comment[0m and container [32mstep-source-copy-seldonio-seldon-core-pr-2536-no-qh5wr-t6lnp[0m
{"level":"info","ts":1602186585.4875166,"logger":"fallback-logger","caller":"logging/config.go:69","msg":"Fetch GitHub commit ID from kodata failed: open /var/run/ko/HEAD: no such file or directory"}
{"level":"info","ts":1602186586.089226,"logger":"fallback-logger","caller":"bash/main.go:64","msg":"Successfully executed command \"sh -c cp -r source/. /pvc/pr-build-comment/workspace\"; output "}

Showing logs for build [32mseldonio-seldon-core-pr-2536-no-qh5wr-7[0m stage [32mend-to-end[0m and container [32mstep-credential-initializer-wxg26[0m
{"level":"info","ts":1602186588.915379,"logger":"fallback-logger","caller":"logging/config.go:69","msg":"Fetch GitHub commit ID from kodata failed: open /var/run/ko/refs/heads/0.8.0-ns-support: no such file or directory"}
{"level":"info","ts":1602186588.9160218,"logger":"fallback-logger","caller":"creds-init/main.go:40","msg":"Credentials initialized."}

Showing logs for build [32mseldonio-seldon-core-pr-2536-no-qh5wr-7[0m stage [32mend-to-end[0m and container [32mstep-working-dir-initializer-snkkn[0m
{"level":"info","ts":1602186590.356905,"logger":"fallback-logger","caller":"logging/config.go:69","msg":"Fetch GitHub commit ID from kodata failed: open /var/run/ko/HEAD: no such file or directory"}
{"level":"info","ts":1602186590.3588493,"logger":"fallback-logger","caller":"bash/main.go:64","msg":"Successfully executed command \"sh -c mkdir -p /workspace/source\"; output "}

Showing logs for build [32mseldonio-seldon-core-pr-2536-no-qh5wr-7[0m stage [32mend-to-end[0m and container [32mstep-place-tools[0m

Showing logs for build [32mseldonio-seldon-core-pr-2536-no-qh5wr-7[0m stage [32mend-to-end[0m and container [32mstep-create-dir-workspace-htjt4[0m
{"level":"info","ts":1602186596.5290782,"logger":"fallback-logger","caller":"logging/config.go:69","msg":"Fetch GitHub commit ID from kodata failed: open /var/run/ko/HEAD: no such file or directory"}
{"level":"info","ts":1602186596.533765,"logger":"fallback-logger","caller":"bash/main.go:64","msg":"Successfully executed command \"sh -c mkdir -p /workspace/source\"; output "}

Showing logs for build [32mseldonio-seldon-core-pr-2536-no-qh5wr-7[0m stage [32mend-to-end[0m and container [32mstep-source-copy-workspace-pmzvb[0m
{"level":"info","ts":1602186596.936904,"logger":"fallback-logger","caller":"logging/config.go:69","msg":"Fetch GitHub commit ID from kodata failed: open /var/run/ko/HEAD: no such file or directory"}
{"level":"info","ts":1602186597.6889017,"logger":"fallback-logger","caller":"bash/main.go:64","msg":"Successfully executed command \"sh -c cp -r /pvc/pr-build-comment/workspace/. /workspace/source\"; output "}

Showing logs for build [32mseldonio-seldon-core-pr-2536-no-qh5wr-7[0m stage [32mend-to-end[0m and container [32mstep-setup-builder-home[0m

Showing logs for build [32mseldonio-seldon-core-pr-2536-no-qh5wr-7[0m stage [32mend-to-end[0m and container [32mstep-test-end-to-end[0m
Test run type is: [notebooks]
Starting Docker: docker.
[SETUP] Waiting for Docker to be ready, sleeping for 1 seconds ...
kind create cluster --config ../resources/kind_config.yaml
Creating cluster "kind" ...
 â€¢ Ensuring node image (kindest/node:v1.16.3) ðŸ–¼  ...
 âœ“ Ensuring node image (kindest/node:v1.16.3) ðŸ–¼
 â€¢ Preparing nodes ðŸ“¦  ...
 âœ“ Preparing nodes ðŸ“¦
 â€¢ Writing configuration ðŸ“œ  ...
 âœ“ Writing configuration ðŸ“œ
 â€¢ Starting control-plane ðŸ•¹ï¸  ...
 âœ“ Starting control-plane ðŸ•¹ï¸
 â€¢ Installing CNI ðŸ”Œ  ...
 âœ“ Installing CNI ðŸ”Œ
 â€¢ Installing StorageClass ðŸ’¾  ...
 âœ“ Installing StorageClass ðŸ’¾
 â€¢ Joining worker nodes ðŸšœ  ...
 âœ“ Joining worker nodes ðŸšœ
Set kubectl context to "kind-kind"
You can now use your cluster with:

kubectl cluster-info --context kind-kind

Have a nice day! ðŸ‘‹
`kind get kubeconfig-path` is deprecated!

KIND will export and merge kubeconfig like kops, minikube, etc.
This command is now unnecessary and will be removed in a future release.

For more info see: https://github.com/kubernetes-sigs/kind/issues/1060
See also the output of `kind create cluster`

Files changed in python folder:
SKIPPING PYTHON IMAGE BUILD...
Files changed in operator folder:
SKIPPING OPERATOR IMAGE BUILD...
Files changed in engine folder:
SKIPPING ENGINE IMAGE BUILD...
Files changed in executor folder:
SKIPPING EXECUTOR IMAGE BUILD...
Build test models
make -C ../docker/fixed-model kind_load_images
make[1]: Entering directory '/workspace/source/testing/docker/fixed-model'
s2i build -E environment_rest_v1 . seldonio/seldon-core-s2i-python3:0.15 seldonio/fixed-model:0.1
---> Installing application source...
Build completed successfully
s2i build -E environment_rest_v2 . seldonio/seldon-core-s2i-python3:0.15 seldonio/fixed-model:0.2
---> Installing application source...
Build completed successfully
kind load -v 3 docker-image seldonio/fixed-model:0.1
Image: "seldonio/fixed-model:0.1" with ID "sha256:8abd85855da2b03d918322cfdd80842d1f49c93d3006b83dca6cde08e3232b6b" not present on node "kind-control-plane"
Image: "seldonio/fixed-model:0.1" with ID "sha256:8abd85855da2b03d918322cfdd80842d1f49c93d3006b83dca6cde08e3232b6b" not present on node "kind-worker"
kind load -v 3 docker-image seldonio/fixed-model:0.2
Image: "seldonio/fixed-model:0.2" with ID "sha256:436a9f60aa44f0771b1eabad11bbbb8244795db26d8f0c65d4688a817e974b96" not present on node "kind-control-plane"
Image: "seldonio/fixed-model:0.2" with ID "sha256:436a9f60aa44f0771b1eabad11bbbb8244795db26d8f0c65d4688a817e974b96" not present on node "kind-worker"
make[1]: Leaving directory '/workspace/source/testing/docker/fixed-model'
make -C ../docker/echo-model kind_load_image
make[1]: Entering directory '/workspace/source/testing/docker/echo-model'
s2i build \
	-E environment_rest \
	.\
	seldonio/seldon-core-s2i-python3:1.1.1-SNAPSHOT\
	seldonio/echo-model:0.1
---> Installing application source...
Build completed successfully
kind load -v 3 docker-image seldonio/echo-model:0.1
Image: "seldonio/echo-model:0.1" with ID "sha256:d4d8373b09f4a631c8d8d657b101f07dc347cce6d02e002f050d0a15ff58de23" not present on node "kind-control-plane"
Image: "seldonio/echo-model:0.1" with ID "sha256:d4d8373b09f4a631c8d8d657b101f07dc347cce6d02e002f050d0a15ff58de23" not present on node "kind-worker"
make[1]: Leaving directory '/workspace/source/testing/docker/echo-model'
Files changed in prepackaged folder:
SKIPPING PREPACKAGED IMAGE BUILD...
Files changed in alibi explain folder:
SKIPPING ALIBI EXPLAIN IMAGE BUILD...
Files changed in alibi detect folder:
components/alibi-detect-server/setup.py
cd ../../components/alibi-detect-server && make kind_load
make[1]: Entering directory '/workspace/source/components/alibi-detect-server'
docker build -f Dockerfile -t seldonio/alibi-detect-server:1.3.0-dev .
Sending build context to Docker daemon  151.6kB
Step 1/16 : FROM docker.io/seldonio/seldon-core-s2i-python37-ubi8:1.3.0-dev
1.3.0-dev: Pulling from seldonio/seldon-core-s2i-python37-ubi8
ec1681b6a383: Pulling fs layer
c4d668e229cd: Pulling fs layer
c856b7fcf4b1: Pulling fs layer
94e85bf3d8ba: Pulling fs layer
2094ca6c2e36: Pulling fs layer
baec0300664e: Pulling fs layer
5537d5e74503: Pulling fs layer
d770d1b8799b: Pulling fs layer
ff991074dd32: Pulling fs layer
a1de3266da77: Pulling fs layer
b4f58703841c: Pulling fs layer
67473512365b: Pulling fs layer
d9b13e16bbfd: Pulling fs layer
be12372be3d6: Pulling fs layer
d770d1b8799b: Waiting
ff991074dd32: Waiting
67473512365b: Waiting
a1de3266da77: Waiting
b4f58703841c: Waiting
be12372be3d6: Waiting
d9b13e16bbfd: Waiting
2094ca6c2e36: Waiting
baec0300664e: Waiting
5537d5e74503: Waiting
94e85bf3d8ba: Waiting
c4d668e229cd: Verifying Checksum
c4d668e229cd: Download complete
c856b7fcf4b1: Verifying Checksum
c856b7fcf4b1: Download complete
ec1681b6a383: Verifying Checksum
ec1681b6a383: Download complete
2094ca6c2e36: Verifying Checksum
2094ca6c2e36: Download complete
baec0300664e: Verifying Checksum
baec0300664e: Download complete
94e85bf3d8ba: Verifying Checksum
94e85bf3d8ba: Download complete
ff991074dd32: Verifying Checksum
ff991074dd32: Download complete
5537d5e74503: Verifying Checksum
5537d5e74503: Download complete
a1de3266da77: Verifying Checksum
a1de3266da77: Download complete
b4f58703841c: Verifying Checksum
b4f58703841c: Download complete
d9b13e16bbfd: Verifying Checksum
d9b13e16bbfd: Download complete
d770d1b8799b: Verifying Checksum
d770d1b8799b: Download complete
be12372be3d6: Verifying Checksum
be12372be3d6: Download complete
67473512365b: Download complete
ec1681b6a383: Pull complete
c4d668e229cd: Pull complete
c856b7fcf4b1: Pull complete
94e85bf3d8ba: Pull complete
2094ca6c2e36: Pull complete
baec0300664e: Pull complete
5537d5e74503: Pull complete
d770d1b8799b: Pull complete
ff991074dd32: Pull complete
a1de3266da77: Pull complete
b4f58703841c: Pull complete
67473512365b: Pull complete
d9b13e16bbfd: Pull complete
be12372be3d6: Pull complete
Digest: sha256:459e9643297fdf3e75538af1f9bb2facc99f88f53393eaf6c4652ff0c482254b
Status: Downloaded newer image for seldonio/seldon-core-s2i-python37-ubi8:1.3.0-dev
 ---> 525612ca4b9c
Step 2/16 : LABEL name="Seldon Alibi Detect Server"       vendor="Seldon Technologies"       version="1.3.0-dev"       release="1"       summary="Alibi Detect Server for Seldon Core"       description="The Alibi Detect Server provides outlier, drift and adversarial detection services for Seldon Core"
 ---> Running in 7ad7bec63cce
Removing intermediate container 7ad7bec63cce
 ---> 65f6ab8d64c5
Step 3/16 : ADD requirements_server.txt .
 ---> 25f31f8fc470
Step 4/16 : RUN pip install pip -U
 ---> Running in 43059a1869c2
Collecting pip
  Downloading https://files.pythonhosted.org/packages/4e/5f/528232275f6509b1fff703c9280e58951a81abe24640905de621c9f81839/pip-20.2.3-py2.py3-none-any.whl (1.5MB)
Installing collected packages: pip
  Found existing installation: pip 19.2.3
    Uninstalling pip-19.2.3:
      Successfully uninstalled pip-19.2.3
Successfully installed pip-20.2.3
Removing intermediate container 43059a1869c2
 ---> 8e853fbba8e8
Step 5/16 : RUN pip install -r requirements_server.txt
 ---> Running in 43979febcd27
Requirement already satisfied: seldon-core in ./python (from -r requirements_server.txt (line 1)) (1.3.0.dev0)
Collecting kfserving==0.3.0.1
  Downloading kfserving-0.3.0.1-py3-none-any.whl (83 kB)
Collecting alibi-detect==0.4.2
  Downloading alibi_detect-0.4.2-py3-none-any.whl (142 kB)
Collecting fbprophet==0.6
  Downloading fbprophet-0.6.tar.gz (54 kB)
Collecting holidays==0.9.11
  Downloading holidays-0.9.11.tar.gz (81 kB)
Requirement already satisfied: Flask<2.0.0 in /opt/conda/lib/python3.7/site-packages (from seldon-core->-r requirements_server.txt (line 1)) (1.1.2)
Requirement already satisfied: jsonschema<4.0.0 in /opt/conda/lib/python3.7/site-packages (from seldon-core->-r requirements_server.txt (line 1)) (3.2.0)
Requirement already satisfied: Flask-cors<4.0.0 in /opt/conda/lib/python3.7/site-packages (from seldon-core->-r requirements_server.txt (line 1)) (3.0.9)
Requirement already satisfied: redis<4.0.0 in /opt/conda/lib/python3.7/site-packages (from seldon-core->-r requirements_server.txt (line 1)) (3.5.3)
Requirement already satisfied: requests<3.0.0 in /opt/conda/lib/python3.7/site-packages (from seldon-core->-r requirements_server.txt (line 1)) (2.22.0)
Requirement already satisfied: numpy<2.0.0 in /opt/conda/lib/python3.7/site-packages (from seldon-core->-r requirements_server.txt (line 1)) (1.19.2)
Requirement already satisfied: flatbuffers<2.0.0 in /opt/conda/lib/python3.7/site-packages (from seldon-core->-r requirements_server.txt (line 1)) (1.12)
Requirement already satisfied: protobuf<4.0.0 in /opt/conda/lib/python3.7/site-packages (from seldon-core->-r requirements_server.txt (line 1)) (3.13.0)
Requirement already satisfied: grpcio<2.0.0 in /opt/conda/lib/python3.7/site-packages (from seldon-core->-r requirements_server.txt (line 1)) (1.32.0)
Requirement already satisfied: Flask-OpenTracing<1.2.0,>=1.1.0 in /opt/conda/lib/python3.7/site-packages (from seldon-core->-r requirements_server.txt (line 1)) (1.1.0)
Requirement already satisfied: opentracing<2.4.0,>=2.2.0 in /opt/conda/lib/python3.7/site-packages (from seldon-core->-r requirements_server.txt (line 1)) (2.3.0)
Requirement already satisfied: jaeger-client<4.4.0,>=4.1.0 in /opt/conda/lib/python3.7/site-packages (from seldon-core->-r requirements_server.txt (line 1)) (4.3.0)
Requirement already satisfied: grpcio-opentracing<1.2.0,>=1.1.4 in /opt/conda/lib/python3.7/site-packages (from seldon-core->-r requirements_server.txt (line 1)) (1.1.4)
Requirement already satisfied: PyYAML<5.4 in /opt/conda/lib/python3.7/site-packages (from seldon-core->-r requirements_server.txt (line 1)) (5.3.1)
Requirement already satisfied: gunicorn<20.1.0,>=19.9.0 in /opt/conda/lib/python3.7/site-packages (from seldon-core->-r requirements_server.txt (line 1)) (20.0.4)
Requirement already satisfied: setuptools>=41.0.0 in /opt/conda/lib/python3.7/site-packages (from seldon-core->-r requirements_server.txt (line 1)) (41.4.0)
Requirement already satisfied: prometheus_client<0.9.0,>=0.7.1 in /opt/conda/lib/python3.7/site-packages (from seldon-core->-r requirements_server.txt (line 1)) (0.8.0)
Requirement already satisfied: tornado>=1.4.1 in /opt/conda/lib/python3.7/site-packages (from kfserving==0.3.0.1->-r requirements_server.txt (line 2)) (6.0.4)
Requirement already satisfied: certifi>=14.05.14 in /opt/conda/lib/python3.7/site-packages (from kfserving==0.3.0.1->-r requirements_server.txt (line 2)) (2020.6.20)
Collecting adal>=1.2.2
  Downloading adal-1.2.4-py2.py3-none-any.whl (55 kB)
Collecting kubernetes==10.0.1
  Downloading kubernetes-10.0.1-py2.py3-none-any.whl (1.5 MB)
Collecting azure-storage-blob<=2.1.0,>=1.3.0
  Downloading azure_storage_blob-2.1.0-py2.py3-none-any.whl (88 kB)
Collecting argparse>=1.4.0
  Downloading argparse-1.4.0-py2.py3-none-any.whl (23 kB)
Collecting minio>=4.0.9
  Downloading minio-6.0.0-py2.py3-none-any.whl (72 kB)
Collecting table-logger>=0.3.5
  Downloading table_logger-0.3.6-py3-none-any.whl (14 kB)
Collecting google-cloud-storage>=1.16.0
  Downloading google_cloud_storage-1.31.2-py2.py3-none-any.whl (88 kB)
Requirement already satisfied: urllib3>=1.15.1 in /opt/conda/lib/python3.7/site-packages (from kfserving==0.3.0.1->-r requirements_server.txt (line 2)) (1.24.2)
Collecting python-dateutil>=2.5.3
  Downloading python_dateutil-2.8.1-py2.py3-none-any.whl (227 kB)
Requirement already satisfied: six>=1.10 in /opt/conda/lib/python3.7/site-packages (from kfserving==0.3.0.1->-r requirements_server.txt (line 2)) (1.12.0)
Collecting matplotlib
  Downloading matplotlib-3.3.2-cp37-cp37m-manylinux1_x86_64.whl (11.6 MB)
Collecting scikit-learn
  Downloading scikit_learn-0.23.2-cp37-cp37m-manylinux1_x86_64.whl (6.8 MB)
Collecting creme
  Downloading creme-0.6.1-cp37-cp37m-manylinux2010_x86_64.whl (1.1 MB)
Collecting Pillow
  Downloading Pillow-7.2.0-cp37-cp37m-manylinux1_x86_64.whl (2.2 MB)
Collecting pandas
  Downloading pandas-1.1.3-cp37-cp37m-manylinux1_x86_64.whl (9.5 MB)
Collecting dask[array]
  Downloading dask-2.30.0-py3-none-any.whl (848 kB)
Collecting tensorflow>=2
  Downloading tensorflow-2.3.1-cp37-cp37m-manylinux2010_x86_64.whl (320.4 MB)
Collecting scipy
  Downloading scipy-1.5.2-cp37-cp37m-manylinux1_x86_64.whl (25.9 MB)
Collecting opencv-python
  Downloading opencv_python-4.4.0.44-cp37-cp37m-manylinux2014_x86_64.whl (49.5 MB)
Collecting tensorflow-probability>=0.8
  Downloading tensorflow_probability-0.11.1-py2.py3-none-any.whl (4.3 MB)
Collecting transformers>=2.10.0
  Downloading transformers-3.3.1-py3-none-any.whl (1.1 MB)
Collecting scikit-image
  Downloading scikit_image-0.17.2-cp37-cp37m-manylinux1_x86_64.whl (12.5 MB)
Collecting Cython>=0.22
  Downloading Cython-0.29.21-cp37-cp37m-manylinux1_x86_64.whl (2.0 MB)
Collecting cmdstanpy==0.4
  Downloading cmdstanpy-0.4.0-py3-none-any.whl (22 kB)
Collecting pystan>=2.14
  Downloading pystan-2.19.1.1-cp37-cp37m-manylinux1_x86_64.whl (67.3 MB)
Collecting LunarCalendar>=0.0.9
  Downloading LunarCalendar-0.0.9-py2.py3-none-any.whl (18 kB)
Collecting convertdate>=2.1.2
  Downloading convertdate-2.2.2-py2.py3-none-any.whl (40 kB)
Collecting setuptools-git>=1.2
  Downloading setuptools_git-1.2-py2.py3-none-any.whl (10 kB)
Requirement already satisfied: itsdangerous>=0.24 in /opt/conda/lib/python3.7/site-packages (from Flask<2.0.0->seldon-core->-r requirements_server.txt (line 1)) (1.1.0)
Requirement already satisfied: Werkzeug>=0.15 in /opt/conda/lib/python3.7/site-packages (from Flask<2.0.0->seldon-core->-r requirements_server.txt (line 1)) (1.0.1)
Requirement already satisfied: click>=5.1 in /opt/conda/lib/python3.7/site-packages (from Flask<2.0.0->seldon-core->-r requirements_server.txt (line 1)) (7.1.2)
Requirement already satisfied: Jinja2>=2.10.1 in /opt/conda/lib/python3.7/site-packages (from Flask<2.0.0->seldon-core->-r requirements_server.txt (line 1)) (2.11.2)
Requirement already satisfied: pyrsistent>=0.14.0 in /opt/conda/lib/python3.7/site-packages (from jsonschema<4.0.0->seldon-core->-r requirements_server.txt (line 1)) (0.17.3)
Requirement already satisfied: importlib-metadata; python_version < "3.8" in /opt/conda/lib/python3.7/site-packages (from jsonschema<4.0.0->seldon-core->-r requirements_server.txt (line 1)) (2.0.0)
Requirement already satisfied: attrs>=17.4.0 in /opt/conda/lib/python3.7/site-packages (from jsonschema<4.0.0->seldon-core->-r requirements_server.txt (line 1)) (20.2.0)
Requirement already satisfied: idna<2.9,>=2.5 in /opt/conda/lib/python3.7/site-packages (from requests<3.0.0->seldon-core->-r requirements_server.txt (line 1)) (2.8)
Requirement already satisfied: chardet<3.1.0,>=3.0.2 in /opt/conda/lib/python3.7/site-packages (from requests<3.0.0->seldon-core->-r requirements_server.txt (line 1)) (3.0.4)
Requirement already satisfied: thrift in /opt/conda/lib/python3.7/site-packages (from jaeger-client<4.4.0,>=4.1.0->seldon-core->-r requirements_server.txt (line 1)) (0.13.0)
Requirement already satisfied: threadloop<2,>=1 in /opt/conda/lib/python3.7/site-packages (from jaeger-client<4.4.0,>=4.1.0->seldon-core->-r requirements_server.txt (line 1)) (1.0.2)
Requirement already satisfied: cryptography>=1.1.0 in /opt/conda/lib/python3.7/site-packages (from adal>=1.2.2->kfserving==0.3.0.1->-r requirements_server.txt (line 2)) (2.7)
Collecting PyJWT>=1.0.0
  Downloading PyJWT-1.7.1-py2.py3-none-any.whl (18 kB)
Collecting websocket-client!=0.40.0,!=0.41.*,!=0.42.*,>=0.32.0
  Downloading websocket_client-0.57.0-py2.py3-none-any.whl (200 kB)
Collecting google-auth>=1.0.1
  Downloading google_auth-1.22.1-py2.py3-none-any.whl (114 kB)
Collecting requests-oauthlib
  Downloading requests_oauthlib-1.3.0-py2.py3-none-any.whl (23 kB)
Collecting azure-storage-common~=2.1
  Downloading azure_storage_common-2.1.0-py2.py3-none-any.whl (47 kB)
Collecting azure-common>=1.1.5
  Downloading azure_common-1.1.25-py2.py3-none-any.whl (12 kB)
Collecting configparser
  Downloading configparser-5.0.0-py3-none-any.whl (22 kB)
Collecting pytz
  Downloading pytz-2020.1-py2.py3-none-any.whl (510 kB)
Collecting google-cloud-core<2.0dev,>=1.4.1
  Downloading google_cloud_core-1.4.3-py2.py3-none-any.whl (27 kB)
Collecting google-resumable-media<2.0dev,>=1.0.0
  Downloading google_resumable_media-1.1.0-py2.py3-none-any.whl (75 kB)
Collecting kiwisolver>=1.0.1
  Downloading kiwisolver-1.2.0-cp37-cp37m-manylinux1_x86_64.whl (88 kB)
Collecting pyparsing!=2.0.4,!=2.1.2,!=2.1.6,>=2.0.3
  Downloading pyparsing-2.4.7-py2.py3-none-any.whl (67 kB)
Collecting cycler>=0.10
  Downloading cycler-0.10.0-py2.py3-none-any.whl (6.5 kB)
Collecting threadpoolctl>=2.0.0
  Downloading threadpoolctl-2.1.0-py3-none-any.whl (12 kB)
Collecting joblib>=0.11
  Downloading joblib-0.17.0-py3-none-any.whl (301 kB)
Collecting mmh3==2.5.1
  Downloading mmh3-2.5.1.tar.gz (9.8 kB)
Collecting toolz>=0.8.2; extra == "array"
  Downloading toolz-0.11.1-py3-none-any.whl (55 kB)
Collecting termcolor>=1.1.0
  Downloading termcolor-1.1.0.tar.gz (3.9 kB)
Collecting wrapt>=1.11.1
  Downloading wrapt-1.12.1.tar.gz (27 kB)
Collecting keras-preprocessing<1.2,>=1.1.1
  Downloading Keras_Preprocessing-1.1.2-py2.py3-none-any.whl (42 kB)
Collecting absl-py>=0.7.0
  Downloading absl_py-0.10.0-py3-none-any.whl (127 kB)
Requirement already satisfied: wheel>=0.26 in /opt/conda/lib/python3.7/site-packages (from tensorflow>=2->alibi-detect==0.4.2->-r requirements_server.txt (line 3)) (0.33.6)
Collecting google-pasta>=0.1.8
  Downloading google_pasta-0.2.0-py3-none-any.whl (57 kB)
Collecting h5py<2.11.0,>=2.10.0
  Downloading h5py-2.10.0-cp37-cp37m-manylinux1_x86_64.whl (2.9 MB)
Collecting opt-einsum>=2.3.2
  Downloading opt_einsum-3.3.0-py3-none-any.whl (65 kB)
Collecting tensorboard<3,>=2.3.0
  Downloading tensorboard-2.3.0-py3-none-any.whl (6.8 MB)
Collecting gast==0.3.3
  Downloading gast-0.3.3-py2.py3-none-any.whl (9.7 kB)
Collecting tensorflow-estimator<2.4.0,>=2.3.0
  Downloading tensorflow_estimator-2.3.0-py2.py3-none-any.whl (459 kB)
Collecting astunparse==1.6.3
  Downloading astunparse-1.6.3-py2.py3-none-any.whl (12 kB)
Collecting cloudpickle>=1.3
  Downloading cloudpickle-1.6.0-py3-none-any.whl (23 kB)
Collecting dm-tree
  Downloading dm_tree-0.1.5-cp37-cp37m-manylinux1_x86_64.whl (294 kB)
Collecting decorator
  Downloading decorator-4.4.2-py2.py3-none-any.whl (9.2 kB)
Collecting tokenizers==0.8.1.rc2
  Downloading tokenizers-0.8.1rc2-cp37-cp37m-manylinux1_x86_64.whl (3.0 MB)
Requirement already satisfied: tqdm>=4.27 in /opt/conda/lib/python3.7/site-packages (from transformers>=2.10.0->alibi-detect==0.4.2->-r requirements_server.txt (line 3)) (4.36.1)
Collecting regex!=2019.12.17
  Downloading regex-2020.9.27-cp37-cp37m-manylinux2010_x86_64.whl (662 kB)
Collecting sacremoses
  Downloading sacremoses-0.0.43.tar.gz (883 kB)
Collecting filelock
  Downloading filelock-3.0.12-py3-none-any.whl (7.6 kB)
Collecting sentencepiece!=0.1.92
  Downloading sentencepiece-0.1.91-cp37-cp37m-manylinux1_x86_64.whl (1.1 MB)
Collecting packaging
  Downloading packaging-20.4-py2.py3-none-any.whl (37 kB)
Collecting networkx>=2.0
  Downloading networkx-2.5-py3-none-any.whl (1.6 MB)
Collecting imageio>=2.3.0
  Downloading imageio-2.9.0-py3-none-any.whl (3.3 MB)
Collecting tifffile>=2019.7.26
  Downloading tifffile-2020.10.1-py3-none-any.whl (152 kB)
Collecting PyWavelets>=1.1.1
  Downloading PyWavelets-1.1.1-cp37-cp37m-manylinux1_x86_64.whl (4.4 MB)
Collecting ephem>=3.7.5.3
  Downloading ephem-3.7.7.1-cp37-cp37m-manylinux2010_x86_64.whl (1.2 MB)
Collecting pymeeus<=1,>=0.3.6
  Downloading PyMeeus-0.3.7.tar.gz (732 kB)
Requirement already satisfied: MarkupSafe>=0.23 in /opt/conda/lib/python3.7/site-packages (from Jinja2>=2.10.1->Flask<2.0.0->seldon-core->-r requirements_server.txt (line 1)) (1.1.1)
Requirement already satisfied: zipp>=0.5 in /opt/conda/lib/python3.7/site-packages (from importlib-metadata; python_version < "3.8"->jsonschema<4.0.0->seldon-core->-r requirements_server.txt (line 1)) (3.3.0)
Requirement already satisfied: asn1crypto>=0.21.0 in /opt/conda/lib/python3.7/site-packages (from cryptography>=1.1.0->adal>=1.2.2->kfserving==0.3.0.1->-r requirements_server.txt (line 2)) (1.0.1)
Requirement already satisfied: cffi!=1.11.3,>=1.8 in /opt/conda/lib/python3.7/site-packages (from cryptography>=1.1.0->adal>=1.2.2->kfserving==0.3.0.1->-r requirements_server.txt (line 2)) (1.12.3)
Collecting pyasn1-modules>=0.2.1
  Downloading pyasn1_modules-0.2.8-py2.py3-none-any.whl (155 kB)
Collecting rsa<5,>=3.1.4; python_version >= "3.5"
  Downloading rsa-4.6-py3-none-any.whl (47 kB)
Collecting cachetools<5.0,>=2.0.0
  Downloading cachetools-4.1.1-py3-none-any.whl (10 kB)
Collecting oauthlib>=3.0.0
  Downloading oauthlib-3.1.0-py2.py3-none-any.whl (147 kB)
Collecting google-api-core<2.0.0dev,>=1.19.0
  Downloading google_api_core-1.22.4-py2.py3-none-any.whl (91 kB)
Collecting google-crc32c<2.0dev,>=1.0; python_version >= "3.5"
  Downloading google_crc32c-1.0.0-cp37-cp37m-manylinux2010_x86_64.whl (39 kB)
Collecting markdown>=2.6.8
  Downloading Markdown-3.3-py3-none-any.whl (94 kB)
Collecting tensorboard-plugin-wit>=1.6.0
  Downloading tensorboard_plugin_wit-1.7.0-py3-none-any.whl (779 kB)
Collecting google-auth-oauthlib<0.5,>=0.4.1
  Downloading google_auth_oauthlib-0.4.1-py2.py3-none-any.whl (18 kB)
Requirement already satisfied: pycparser in /opt/conda/lib/python3.7/site-packages (from cffi!=1.11.3,>=1.8->cryptography>=1.1.0->adal>=1.2.2->kfserving==0.3.0.1->-r requirements_server.txt (line 2)) (2.19)
Collecting pyasn1<0.5.0,>=0.4.6
  Downloading pyasn1-0.4.8-py2.py3-none-any.whl (77 kB)
Collecting googleapis-common-protos<2.0dev,>=1.6.0
  Downloading googleapis_common_protos-1.52.0-py2.py3-none-any.whl (100 kB)
Building wheels for collected packages: fbprophet, holidays, mmh3, termcolor, wrapt, sacremoses, pymeeus
  Building wheel for fbprophet (setup.py): started
  Building wheel for fbprophet (setup.py): finished with status 'error'
[91m  ERROR: Command errored out with exit status 1:
   command: /opt/conda/bin/python -u -c 'import sys, setuptools, tokenize; sys.argv[0] = '"'"'/tmp/pip-install-ffnrazqc/fbprophet/setup.py'"'"'; __file__='"'"'/tmp/pip-install-ffnrazqc/fbprophet/setup.py'"'"';f=getattr(tokenize, '"'"'open'"'"', open)(__file__);code=f.read().replace('"'"'\r\n'"'"', '"'"'\n'"'"');f.close();exec(compile(code, __file__, '"'"'exec'"'"'))' bdist_wheel -d /tmp/pip-wheel-i9ymo2te
       cwd: /tmp/pip-install-ffnrazqc/fbprophet/
  Complete output (40 lines):
  running bdist_wheel
  running build
  running build_py
  creating build
  creating build/lib
  creating build/lib/fbprophet
  creating build/lib/fbprophet/stan_model
  Traceback (most recent call last):
    File "<string>", line 1, in <module>
    File "/tmp/pip-install-ffnrazqc/fbprophet/setup.py", line 148, in <module>
      """
    File "/opt/conda/lib/python3.7/site-packages/setuptools/__init__.py", line 145, in setup
      return distutils.core.setup(**attrs)
    File "/opt/conda/lib/python3.7/distutils/core.py", line 148, in setup
      dist.run_commands()
    File "/opt/conda/lib/python3.7/distutils/dist.py", line 966, in run_commands
      self.run_command(cmd)
    File "/opt/conda/lib/python3.7/distutils/dist.py", line 985, in run_command
      cmd_obj.run()
    File "/opt/conda/lib/python3.7/site-packages/wheel/bdist_wheel.py", line 192, in run
      self.run_command('build')
    File "/opt/conda/lib/python3.7/distutils/cmd.py", line 313, in run_command
      self.distribution.run_command(command)
    File "/opt/conda/lib/python3.7/distutils/dist.py", line 985, in run_command
      cmd_obj.run()
    File "/opt/conda/lib/python3.7/distutils/command/build.py", line 135, in run
      self.run_command(cmd_name)
    File "/opt/conda/lib/python3.7/distutils/cmd.py", line 313, in run_command
      self.distribution.run_command(command)
    File "/opt/conda/lib/python3.7/distutils/dist.py", line 985, in run_command
      cmd_obj.run()
    File "/tmp/pip-install-ffnrazqc/fbprophet/setup.py", line 48, in run
      build_models(target_dir)
    File "/tmp/pip-install-ffnrazqc/fbprophet/setup.py", line 36, in build_models
      from fbprophet.models import StanBackendEnum
    File "/tmp/pip-install-ffnrazqc/fbprophet/fbprophet/__init__.py", line 8, in <module>
      from fbprophet.forecaster import Prophet
    File "/tmp/pip-install-ffnrazqc/fbprophet/fbprophet/forecaster.py", line 15, in <module>
      import pandas as pd
  ModuleNotFoundError: No module named 'pandas'
  ----------------------------------------
[0m[91m  ERROR: Failed building wheel for fbprophet
[0m  Running setup.py clean for fbprophet
  Building wheel for holidays (setup.py): started
  Building wheel for holidays (setup.py): finished with status 'done'
  Created wheel for holidays: filename=holidays-0.9.11-py3-none-any.whl size=44781 sha256=456035fe27eaed1565f7f185ea12a92ab4fee00b40695629898307ab20d4372b
  Stored in directory: /root/.cache/pip/wheels/c7/2d/f0/1324bcf0e577829a77f2ac0f1b812e538b8349ca36b1049106
  Building wheel for mmh3 (setup.py): started
  Building wheel for mmh3 (setup.py): finished with status 'done'
  Created wheel for mmh3: filename=mmh3-2.5.1-cp37-cp37m-linux_x86_64.whl size=48428 sha256=dd268cb5c0e05dc8822ec4ef2f7db92fd69c111b920e173abe46a1e546aff44f
  Stored in directory: /root/.cache/pip/wheels/ae/45/25/90e097a519143b2dca74cd93a056894a965f27908103e01799
  Building wheel for termcolor (setup.py): started
  Building wheel for termcolor (setup.py): finished with status 'done'
  Created wheel for termcolor: filename=termcolor-1.1.0-py3-none-any.whl size=4830 sha256=5f26be353c67da92f7589a395a73a290f6743540c40c91a511fd866b98361c62
  Stored in directory: /root/.cache/pip/wheels/3f/e3/ec/8a8336ff196023622fbcb36de0c5a5c218cbb24111d1d4c7f2
  Building wheel for wrapt (setup.py): started
  Building wheel for wrapt (setup.py): finished with status 'done'
  Created wheel for wrapt: filename=wrapt-1.12.1-cp37-cp37m-linux_x86_64.whl size=76670 sha256=6ff0d59b86472072ade39036b27b039d87f2d0ea39747c104e9504161e8839c3
  Stored in directory: /root/.cache/pip/wheels/62/76/4c/aa25851149f3f6d9785f6c869387ad82b3fd37582fa8147ac6
  Building wheel for sacremoses (setup.py): started
  Building wheel for sacremoses (setup.py): finished with status 'done'
  Created wheel for sacremoses: filename=sacremoses-0.0.43-py3-none-any.whl size=893258 sha256=1d4545bd3a72fea9abffe6608efc5bf0ba00e01a43c470f6d75d5ca58618f23c
  Stored in directory: /root/.cache/pip/wheels/69/09/d1/bf058f7d6fa0ecba2ce7c66be3b8d012beb4bf61a6e0c101c0
  Building wheel for pymeeus (setup.py): started
  Building wheel for pymeeus (setup.py): finished with status 'done'
  Created wheel for pymeeus: filename=PyMeeus-0.3.7-py3-none-any.whl size=702877 sha256=0e458289f6b7fb8f8b9fc6596b94dc14912c6049c23f04c566decaf14f660f50
  Stored in directory: /root/.cache/pip/wheels/80/32/5f/2a67880d4ce584b9cf99146f9945e46942dfb010a9382c6ff5
Successfully built holidays mmh3 termcolor wrapt sacremoses pymeeus
Failed to build fbprophet
Installing collected packages: python-dateutil, PyJWT, adal, websocket-client, pyasn1, pyasn1-modules, rsa, cachetools, google-auth, oauthlib, requests-oauthlib, kubernetes, azure-common, azure-storage-common, azure-storage-blob, argparse, configparser, pytz, minio, table-logger, googleapis-common-protos, google-api-core, google-cloud-core, google-crc32c, google-resumable-media, google-cloud-storage, kfserving, kiwisolver, pyparsing, Pillow, cycler, matplotlib, threadpoolctl, joblib, scipy, scikit-learn, Cython, pandas, cmdstanpy, pystan, ephem, LunarCalendar, pymeeus, convertdate, holidays, setuptools-git, fbprophet, mmh3, creme, toolz, dask, termcolor, wrapt, keras-preprocessing, absl-py, google-pasta, h5py, opt-einsum, markdown, tensorboard-plugin-wit, google-auth-oauthlib, tensorboard, gast, tensorflow-estimator, astunparse, tensorflow, opencv-python, cloudpickle, dm-tree, decorator, tensorflow-probability, tokenizers, regex, sacremoses, filelock, sentencepiece, packaging, transformers, networkx, imageio, tifffile, PyWavelets, scikit-image, alibi-detect
    Running setup.py install for fbprophet: started
    Running setup.py install for fbprophet: still running...
    Running setup.py install for fbprophet: finished with status 'done'
[91m  DEPRECATION: fbprophet was installed using the legacy 'setup.py install' method, because a wheel could not be built for it. pip 21.0 will remove support for this functionality. A possible replacement is to fix the wheel build issue reported above. You can find discussion regarding this at https://github.com/pypa/pip/issues/8368.
[0mSuccessfully installed Cython-0.29.21 LunarCalendar-0.0.9 Pillow-7.2.0 PyJWT-1.7.1 PyWavelets-1.1.1 absl-py-0.10.0 adal-1.2.4 alibi-detect-0.4.2 argparse-1.4.0 astunparse-1.6.3 azure-common-1.1.25 azure-storage-blob-2.1.0 azure-storage-common-2.1.0 cachetools-4.1.1 cloudpickle-1.6.0 cmdstanpy-0.4.0 configparser-5.0.0 convertdate-2.2.2 creme-0.6.1 cycler-0.10.0 dask-2.30.0 decorator-4.4.2 dm-tree-0.1.5 ephem-3.7.7.1 fbprophet-0.6 filelock-3.0.12 gast-0.3.3 google-api-core-1.22.4 google-auth-1.22.1 google-auth-oauthlib-0.4.1 google-cloud-core-1.4.3 google-cloud-storage-1.31.2 google-crc32c-1.0.0 google-pasta-0.2.0 google-resumable-media-1.1.0 googleapis-common-protos-1.52.0 h5py-2.10.0 holidays-0.9.11 imageio-2.9.0 joblib-0.17.0 keras-preprocessing-1.1.2 kfserving-0.3.0.1 kiwisolver-1.2.0 kubernetes-10.0.1 markdown-3.3 matplotlib-3.3.2 minio-6.0.0 mmh3-2.5.1 networkx-2.5 oauthlib-3.1.0 opencv-python-4.4.0.44 opt-einsum-3.3.0 packaging-20.4 pandas-1.1.3 pyasn1-0.4.8 pyasn1-modules-0.2.8 pymeeus-0.3.7 pyparsing-2.4.7 pystan-2.19.1.1 python-dateutil-2.8.1 pytz-2020.1 regex-2020.9.27 requests-oauthlib-1.3.0 rsa-4.6 sacremoses-0.0.43 scikit-image-0.17.2 scikit-learn-0.23.2 scipy-1.5.2 sentencepiece-0.1.91 setuptools-git-1.2 table-logger-0.3.6 tensorboard-2.3.0 tensorboard-plugin-wit-1.7.0 tensorflow-2.3.1 tensorflow-estimator-2.3.0 tensorflow-probability-0.11.1 termcolor-1.1.0 threadpoolctl-2.1.0 tifffile-2020.10.1 tokenizers-0.8.1rc2 toolz-0.11.1 transformers-3.3.1 websocket-client-0.57.0 wrapt-1.12.1
[91mERROR: After October 2020 you may experience errors when installing or updating packages. This is because pip will change the way that it resolves dependency conflicts.

We recommend you use --use-feature=2020-resolver to test your packages with the new resolver before it becomes the default.

google-api-core 1.22.4 requires six>=1.13.0, but you'll have six 1.12.0 which is incompatible.
tensorflow 2.3.1 requires numpy<1.19.0,>=1.16.0, but you'll have numpy 1.19.2 which is incompatible.
[0mRemoving intermediate container 43979febcd27
 ---> 46f75604e757
Step 6/16 : RUN git clone --branch 24-extensions https://github.com/ryandawsonuk/sdk-python.git &&     cd sdk-python &&     pip install -e .
 ---> Running in fafb21bcdfd3
[91mCloning into 'sdk-python'...
[0mObtaining file:///microservice/sdk-python
Installing collected packages: cloudevents
  Running setup.py develop for cloudevents
Successfully installed cloudevents
Removing intermediate container fafb21bcdfd3
 ---> da4d25edff45
Step 7/16 : COPY adserver adserver
 ---> 0b684b3336d5
Step 8/16 : COPY setup.py .
 ---> 1c8481109da9
Step 9/16 : RUN pip install -e .
 ---> Running in 8e846dbfc180
Obtaining file:///microservice
Requirement already satisfied: alibi-detect in /opt/conda/lib/python3.7/site-packages (from adserver==0.1.0) (0.4.2)
Requirement already satisfied: kfserving>=0.2.0 in /opt/conda/lib/python3.7/site-packages (from adserver==0.1.0) (0.3.0.1)
Requirement already satisfied: argparse>=1.4.0 in /opt/conda/lib/python3.7/site-packages (from adserver==0.1.0) (1.4.0)
Requirement already satisfied: numpy>=1.8.2 in /opt/conda/lib/python3.7/site-packages (from adserver==0.1.0) (1.19.2)
Requirement already satisfied: cloudevents in ./sdk-python (from adserver==0.1.0) (0.0.1.dev32)
Collecting google-cloud-core==1.4.1
  Downloading google_cloud_core-1.4.1-py2.py3-none-any.whl (26 kB)
Requirement already satisfied: google-cloud-storage==1.31.2 in /opt/conda/lib/python3.7/site-packages (from adserver==0.1.0) (1.31.2)
Requirement already satisfied: scipy in /opt/conda/lib/python3.7/site-packages (from alibi-detect->adserver==0.1.0) (1.5.2)
Requirement already satisfied: transformers>=2.10.0 in /opt/conda/lib/python3.7/site-packages (from alibi-detect->adserver==0.1.0) (3.3.1)
Requirement already satisfied: opencv-python in /opt/conda/lib/python3.7/site-packages (from alibi-detect->adserver==0.1.0) (4.4.0.44)
Requirement already satisfied: tensorflow-probability>=0.8 in /opt/conda/lib/python3.7/site-packages (from alibi-detect->adserver==0.1.0) (0.11.1)
Requirement already satisfied: matplotlib in /opt/conda/lib/python3.7/site-packages (from alibi-detect->adserver==0.1.0) (3.3.2)
Requirement already satisfied: holidays==0.9.11 in /opt/conda/lib/python3.7/site-packages (from alibi-detect->adserver==0.1.0) (0.9.11)
Requirement already satisfied: pandas in /opt/conda/lib/python3.7/site-packages (from alibi-detect->adserver==0.1.0) (1.1.3)
Requirement already satisfied: scikit-image in /opt/conda/lib/python3.7/site-packages (from alibi-detect->adserver==0.1.0) (0.17.2)
Requirement already satisfied: scikit-learn in /opt/conda/lib/python3.7/site-packages (from alibi-detect->adserver==0.1.0) (0.23.2)
Requirement already satisfied: tensorflow>=2 in /opt/conda/lib/python3.7/site-packages (from alibi-detect->adserver==0.1.0) (2.3.1)
Requirement already satisfied: creme in /opt/conda/lib/python3.7/site-packages (from alibi-detect->adserver==0.1.0) (0.6.1)
Requirement already satisfied: fbprophet<0.7,>=0.5 in /opt/conda/lib/python3.7/site-packages (from alibi-detect->adserver==0.1.0) (0.6)
Requirement already satisfied: Pillow in /opt/conda/lib/python3.7/site-packages (from alibi-detect->adserver==0.1.0) (7.2.0)
Requirement already satisfied: dask[array] in /opt/conda/lib/python3.7/site-packages (from alibi-detect->adserver==0.1.0) (2.30.0)
Requirement already satisfied: minio>=4.0.9 in /opt/conda/lib/python3.7/site-packages (from kfserving>=0.2.0->adserver==0.1.0) (6.0.0)
Requirement already satisfied: kubernetes==10.0.1 in /opt/conda/lib/python3.7/site-packages (from kfserving>=0.2.0->adserver==0.1.0) (10.0.1)
Requirement already satisfied: table-logger>=0.3.5 in /opt/conda/lib/python3.7/site-packages (from kfserving>=0.2.0->adserver==0.1.0) (0.3.6)
Requirement already satisfied: six>=1.10 in /opt/conda/lib/python3.7/site-packages (from kfserving>=0.2.0->adserver==0.1.0) (1.12.0)
Requirement already satisfied: azure-storage-blob<=2.1.0,>=1.3.0 in /opt/conda/lib/python3.7/site-packages (from kfserving>=0.2.0->adserver==0.1.0) (2.1.0)
Requirement already satisfied: urllib3>=1.15.1 in /opt/conda/lib/python3.7/site-packages (from kfserving>=0.2.0->adserver==0.1.0) (1.24.2)
Requirement already satisfied: certifi>=14.05.14 in /opt/conda/lib/python3.7/site-packages (from kfserving>=0.2.0->adserver==0.1.0) (2020.6.20)
Requirement already satisfied: setuptools>=21.0.0 in /opt/conda/lib/python3.7/site-packages (from kfserving>=0.2.0->adserver==0.1.0) (41.4.0)
Requirement already satisfied: adal>=1.2.2 in /opt/conda/lib/python3.7/site-packages (from kfserving>=0.2.0->adserver==0.1.0) (1.2.4)
Requirement already satisfied: python-dateutil>=2.5.3 in /opt/conda/lib/python3.7/site-packages (from kfserving>=0.2.0->adserver==0.1.0) (2.8.1)
Requirement already satisfied: tornado>=1.4.1 in /opt/conda/lib/python3.7/site-packages (from kfserving>=0.2.0->adserver==0.1.0) (6.0.4)
Requirement already satisfied: google-api-core<2.0.0dev,>=1.19.0 in /opt/conda/lib/python3.7/site-packages (from google-cloud-core==1.4.1->adserver==0.1.0) (1.22.4)
Requirement already satisfied: requests<3.0.0dev,>=2.18.0 in /opt/conda/lib/python3.7/site-packages (from google-cloud-storage==1.31.2->adserver==0.1.0) (2.22.0)
Requirement already satisfied: google-resumable-media<2.0dev,>=1.0.0 in /opt/conda/lib/python3.7/site-packages (from google-cloud-storage==1.31.2->adserver==0.1.0) (1.1.0)
Requirement already satisfied: google-auth<2.0dev,>=1.11.0 in /opt/conda/lib/python3.7/site-packages (from google-cloud-storage==1.31.2->adserver==0.1.0) (1.22.1)
Requirement already satisfied: sentencepiece!=0.1.92 in /opt/conda/lib/python3.7/site-packages (from transformers>=2.10.0->alibi-detect->adserver==0.1.0) (0.1.91)
Requirement already satisfied: filelock in /opt/conda/lib/python3.7/site-packages (from transformers>=2.10.0->alibi-detect->adserver==0.1.0) (3.0.12)
Requirement already satisfied: sacremoses in /opt/conda/lib/python3.7/site-packages (from transformers>=2.10.0->alibi-detect->adserver==0.1.0) (0.0.43)
Requirement already satisfied: tqdm>=4.27 in /opt/conda/lib/python3.7/site-packages (from transformers>=2.10.0->alibi-detect->adserver==0.1.0) (4.36.1)
Requirement already satisfied: packaging in /opt/conda/lib/python3.7/site-packages (from transformers>=2.10.0->alibi-detect->adserver==0.1.0) (20.4)
Requirement already satisfied: regex!=2019.12.17 in /opt/conda/lib/python3.7/site-packages (from transformers>=2.10.0->alibi-detect->adserver==0.1.0) (2020.9.27)
Requirement already satisfied: tokenizers==0.8.1.rc2 in /opt/conda/lib/python3.7/site-packages (from transformers>=2.10.0->alibi-detect->adserver==0.1.0) (0.8.1rc2)
Requirement already satisfied: gast>=0.3.2 in /opt/conda/lib/python3.7/site-packages (from tensorflow-probability>=0.8->alibi-detect->adserver==0.1.0) (0.3.3)
Requirement already satisfied: dm-tree in /opt/conda/lib/python3.7/site-packages (from tensorflow-probability>=0.8->alibi-detect->adserver==0.1.0) (0.1.5)
Requirement already satisfied: cloudpickle>=1.3 in /opt/conda/lib/python3.7/site-packages (from tensorflow-probability>=0.8->alibi-detect->adserver==0.1.0) (1.6.0)
Requirement already satisfied: decorator in /opt/conda/lib/python3.7/site-packages (from tensorflow-probability>=0.8->alibi-detect->adserver==0.1.0) (4.4.2)
Requirement already satisfied: kiwisolver>=1.0.1 in /opt/conda/lib/python3.7/site-packages (from matplotlib->alibi-detect->adserver==0.1.0) (1.2.0)
Requirement already satisfied: pyparsing!=2.0.4,!=2.1.2,!=2.1.6,>=2.0.3 in /opt/conda/lib/python3.7/site-packages (from matplotlib->alibi-detect->adserver==0.1.0) (2.4.7)
Requirement already satisfied: cycler>=0.10 in /opt/conda/lib/python3.7/site-packages (from matplotlib->alibi-detect->adserver==0.1.0) (0.10.0)
Requirement already satisfied: pytz>=2017.2 in /opt/conda/lib/python3.7/site-packages (from pandas->alibi-detect->adserver==0.1.0) (2020.1)
Requirement already satisfied: imageio>=2.3.0 in /opt/conda/lib/python3.7/site-packages (from scikit-image->alibi-detect->adserver==0.1.0) (2.9.0)
Requirement already satisfied: PyWavelets>=1.1.1 in /opt/conda/lib/python3.7/site-packages (from scikit-image->alibi-detect->adserver==0.1.0) (1.1.1)
Requirement already satisfied: networkx>=2.0 in /opt/conda/lib/python3.7/site-packages (from scikit-image->alibi-detect->adserver==0.1.0) (2.5)
Requirement already satisfied: tifffile>=2019.7.26 in /opt/conda/lib/python3.7/site-packages (from scikit-image->alibi-detect->adserver==0.1.0) (2020.10.1)
Requirement already satisfied: threadpoolctl>=2.0.0 in /opt/conda/lib/python3.7/site-packages (from scikit-learn->alibi-detect->adserver==0.1.0) (2.1.0)
Requirement already satisfied: joblib>=0.11 in /opt/conda/lib/python3.7/site-packages (from scikit-learn->alibi-detect->adserver==0.1.0) (0.17.0)
Requirement already satisfied: google-pasta>=0.1.8 in /opt/conda/lib/python3.7/site-packages (from tensorflow>=2->alibi-detect->adserver==0.1.0) (0.2.0)
Requirement already satisfied: keras-preprocessing<1.2,>=1.1.1 in /opt/conda/lib/python3.7/site-packages (from tensorflow>=2->alibi-detect->adserver==0.1.0) (1.1.2)
Requirement already satisfied: h5py<2.11.0,>=2.10.0 in /opt/conda/lib/python3.7/site-packages (from tensorflow>=2->alibi-detect->adserver==0.1.0) (2.10.0)
Requirement already satisfied: tensorboard<3,>=2.3.0 in /opt/conda/lib/python3.7/site-packages (from tensorflow>=2->alibi-detect->adserver==0.1.0) (2.3.0)
Requirement already satisfied: astunparse==1.6.3 in /opt/conda/lib/python3.7/site-packages (from tensorflow>=2->alibi-detect->adserver==0.1.0) (1.6.3)
Requirement already satisfied: opt-einsum>=2.3.2 in /opt/conda/lib/python3.7/site-packages (from tensorflow>=2->alibi-detect->adserver==0.1.0) (3.3.0)
Requirement already satisfied: grpcio>=1.8.6 in /opt/conda/lib/python3.7/site-packages (from tensorflow>=2->alibi-detect->adserver==0.1.0) (1.32.0)
Requirement already satisfied: wheel>=0.26 in /opt/conda/lib/python3.7/site-packages (from tensorflow>=2->alibi-detect->adserver==0.1.0) (0.33.6)
Requirement already satisfied: termcolor>=1.1.0 in /opt/conda/lib/python3.7/site-packages (from tensorflow>=2->alibi-detect->adserver==0.1.0) (1.1.0)
Requirement already satisfied: tensorflow-estimator<2.4.0,>=2.3.0 in /opt/conda/lib/python3.7/site-packages (from tensorflow>=2->alibi-detect->adserver==0.1.0) (2.3.0)
Requirement already satisfied: protobuf>=3.9.2 in /opt/conda/lib/python3.7/site-packages (from tensorflow>=2->alibi-detect->adserver==0.1.0) (3.13.0)
Requirement already satisfied: wrapt>=1.11.1 in /opt/conda/lib/python3.7/site-packages (from tensorflow>=2->alibi-detect->adserver==0.1.0) (1.12.1)
Requirement already satisfied: absl-py>=0.7.0 in /opt/conda/lib/python3.7/site-packages (from tensorflow>=2->alibi-detect->adserver==0.1.0) (0.10.0)
Requirement already satisfied: mmh3==2.5.1 in /opt/conda/lib/python3.7/site-packages (from creme->alibi-detect->adserver==0.1.0) (2.5.1)
Requirement already satisfied: Cython>=0.22 in /opt/conda/lib/python3.7/site-packages (from fbprophet<0.7,>=0.5->alibi-detect->adserver==0.1.0) (0.29.21)
Requirement already satisfied: cmdstanpy==0.4 in /opt/conda/lib/python3.7/site-packages (from fbprophet<0.7,>=0.5->alibi-detect->adserver==0.1.0) (0.4.0)
Requirement already satisfied: pystan>=2.14 in /opt/conda/lib/python3.7/site-packages (from fbprophet<0.7,>=0.5->alibi-detect->adserver==0.1.0) (2.19.1.1)
Requirement already satisfied: LunarCalendar>=0.0.9 in /opt/conda/lib/python3.7/site-packages (from fbprophet<0.7,>=0.5->alibi-detect->adserver==0.1.0) (0.0.9)
Requirement already satisfied: convertdate>=2.1.2 in /opt/conda/lib/python3.7/site-packages (from fbprophet<0.7,>=0.5->alibi-detect->adserver==0.1.0) (2.2.2)
Requirement already satisfied: setuptools-git>=1.2 in /opt/conda/lib/python3.7/site-packages (from fbprophet<0.7,>=0.5->alibi-detect->adserver==0.1.0) (1.2)
Requirement already satisfied: pyyaml in /opt/conda/lib/python3.7/site-packages (from dask[array]->alibi-detect->adserver==0.1.0) (5.3.1)
Requirement already satisfied: toolz>=0.8.2; extra == "array" in /opt/conda/lib/python3.7/site-packages (from dask[array]->alibi-detect->adserver==0.1.0) (0.11.1)
Requirement already satisfied: configparser in /opt/conda/lib/python3.7/site-packages (from minio>=4.0.9->kfserving>=0.2.0->adserver==0.1.0) (5.0.0)
Requirement already satisfied: requests-oauthlib in /opt/conda/lib/python3.7/site-packages (from kubernetes==10.0.1->kfserving>=0.2.0->adserver==0.1.0) (1.3.0)
Requirement already satisfied: websocket-client!=0.40.0,!=0.41.*,!=0.42.*,>=0.32.0 in /opt/conda/lib/python3.7/site-packages (from kubernetes==10.0.1->kfserving>=0.2.0->adserver==0.1.0) (0.57.0)
Requirement already satisfied: azure-common>=1.1.5 in /opt/conda/lib/python3.7/site-packages (from azure-storage-blob<=2.1.0,>=1.3.0->kfserving>=0.2.0->adserver==0.1.0) (1.1.25)
Requirement already satisfied: azure-storage-common~=2.1 in /opt/conda/lib/python3.7/site-packages (from azure-storage-blob<=2.1.0,>=1.3.0->kfserving>=0.2.0->adserver==0.1.0) (2.1.0)
Requirement already satisfied: PyJWT>=1.0.0 in /opt/conda/lib/python3.7/site-packages (from adal>=1.2.2->kfserving>=0.2.0->adserver==0.1.0) (1.7.1)
Requirement already satisfied: cryptography>=1.1.0 in /opt/conda/lib/python3.7/site-packages (from adal>=1.2.2->kfserving>=0.2.0->adserver==0.1.0) (2.7)
Requirement already satisfied: googleapis-common-protos<2.0dev,>=1.6.0 in /opt/conda/lib/python3.7/site-packages (from google-api-core<2.0.0dev,>=1.19.0->google-cloud-core==1.4.1->adserver==0.1.0) (1.52.0)
Requirement already satisfied: chardet<3.1.0,>=3.0.2 in /opt/conda/lib/python3.7/site-packages (from requests<3.0.0dev,>=2.18.0->google-cloud-storage==1.31.2->adserver==0.1.0) (3.0.4)
Requirement already satisfied: idna<2.9,>=2.5 in /opt/conda/lib/python3.7/site-packages (from requests<3.0.0dev,>=2.18.0->google-cloud-storage==1.31.2->adserver==0.1.0) (2.8)
Requirement already satisfied: google-crc32c<2.0dev,>=1.0; python_version >= "3.5" in /opt/conda/lib/python3.7/site-packages (from google-resumable-media<2.0dev,>=1.0.0->google-cloud-storage==1.31.2->adserver==0.1.0) (1.0.0)
Requirement already satisfied: cachetools<5.0,>=2.0.0 in /opt/conda/lib/python3.7/site-packages (from google-auth<2.0dev,>=1.11.0->google-cloud-storage==1.31.2->adserver==0.1.0) (4.1.1)
Requirement already satisfied: rsa<5,>=3.1.4; python_version >= "3.5" in /opt/conda/lib/python3.7/site-packages (from google-auth<2.0dev,>=1.11.0->google-cloud-storage==1.31.2->adserver==0.1.0) (4.6)
Requirement already satisfied: pyasn1-modules>=0.2.1 in /opt/conda/lib/python3.7/site-packages (from google-auth<2.0dev,>=1.11.0->google-cloud-storage==1.31.2->adserver==0.1.0) (0.2.8)
Requirement already satisfied: click in /opt/conda/lib/python3.7/site-packages (from sacremoses->transformers>=2.10.0->alibi-detect->adserver==0.1.0) (7.1.2)
Requirement already satisfied: werkzeug>=0.11.15 in /opt/conda/lib/python3.7/site-packages (from tensorboard<3,>=2.3.0->tensorflow>=2->alibi-detect->adserver==0.1.0) (1.0.1)
Requirement already satisfied: markdown>=2.6.8 in /opt/conda/lib/python3.7/site-packages (from tensorboard<3,>=2.3.0->tensorflow>=2->alibi-detect->adserver==0.1.0) (3.3)
Requirement already satisfied: google-auth-oauthlib<0.5,>=0.4.1 in /opt/conda/lib/python3.7/site-packages (from tensorboard<3,>=2.3.0->tensorflow>=2->alibi-detect->adserver==0.1.0) (0.4.1)
Requirement already satisfied: tensorboard-plugin-wit>=1.6.0 in /opt/conda/lib/python3.7/site-packages (from tensorboard<3,>=2.3.0->tensorflow>=2->alibi-detect->adserver==0.1.0) (1.7.0)
Requirement already satisfied: ephem>=3.7.5.3 in /opt/conda/lib/python3.7/site-packages (from LunarCalendar>=0.0.9->fbprophet<0.7,>=0.5->alibi-detect->adserver==0.1.0) (3.7.7.1)
Requirement already satisfied: pymeeus<=1,>=0.3.6 in /opt/conda/lib/python3.7/site-packages (from convertdate>=2.1.2->fbprophet<0.7,>=0.5->alibi-detect->adserver==0.1.0) (0.3.7)
Requirement already satisfied: oauthlib>=3.0.0 in /opt/conda/lib/python3.7/site-packages (from requests-oauthlib->kubernetes==10.0.1->kfserving>=0.2.0->adserver==0.1.0) (3.1.0)
Requirement already satisfied: cffi!=1.11.3,>=1.8 in /opt/conda/lib/python3.7/site-packages (from cryptography>=1.1.0->adal>=1.2.2->kfserving>=0.2.0->adserver==0.1.0) (1.12.3)
Requirement already satisfied: asn1crypto>=0.21.0 in /opt/conda/lib/python3.7/site-packages (from cryptography>=1.1.0->adal>=1.2.2->kfserving>=0.2.0->adserver==0.1.0) (1.0.1)
Requirement already satisfied: pyasn1>=0.1.3 in /opt/conda/lib/python3.7/site-packages (from rsa<5,>=3.1.4; python_version >= "3.5"->google-auth<2.0dev,>=1.11.0->google-cloud-storage==1.31.2->adserver==0.1.0) (0.4.8)
Requirement already satisfied: importlib-metadata; python_version < "3.8" in /opt/conda/lib/python3.7/site-packages (from markdown>=2.6.8->tensorboard<3,>=2.3.0->tensorflow>=2->alibi-detect->adserver==0.1.0) (2.0.0)
Requirement already satisfied: pycparser in /opt/conda/lib/python3.7/site-packages (from cffi!=1.11.3,>=1.8->cryptography>=1.1.0->adal>=1.2.2->kfserving>=0.2.0->adserver==0.1.0) (2.19)
Requirement already satisfied: zipp>=0.5 in /opt/conda/lib/python3.7/site-packages (from importlib-metadata; python_version < "3.8"->markdown>=2.6.8->tensorboard<3,>=2.3.0->tensorflow>=2->alibi-detect->adserver==0.1.0) (3.3.0)
Installing collected packages: google-cloud-core, adserver
  Attempting uninstall: google-cloud-core
    Found existing installation: google-cloud-core 1.4.3
    Uninstalling google-cloud-core-1.4.3:
      Successfully uninstalled google-cloud-core-1.4.3
  Running setup.py develop for adserver
Successfully installed adserver google-cloud-core-1.4.1
Removing intermediate container 8e846dbfc180
 ---> 81c590db46cf
Step 10/16 : RUN pip install pip-licenses
 ---> Running in f4f5d9987cda
Collecting pip-licenses
  Downloading pip_licenses-2.3.0-py3-none-any.whl (14 kB)
Collecting PTable
  Downloading PTable-0.9.2.tar.gz (31 kB)
Building wheels for collected packages: PTable
  Building wheel for PTable (setup.py): started
  Building wheel for PTable (setup.py): finished with status 'done'
  Created wheel for PTable: filename=PTable-0.9.2-py3-none-any.whl size=22907 sha256=71c04f7ca61d43fd37e0f361c238b2bbbb9f5588b08b6699bcdd9d547a450d5e
  Stored in directory: /root/.cache/pip/wheels/33/df/2f/674985b3f8a2de3f96357d1eadef5110f74fa91b3785e52a54
Successfully built PTable
Installing collected packages: PTable, pip-licenses
Successfully installed PTable-0.9.2 pip-licenses-2.3.0
Removing intermediate container f4f5d9987cda
 ---> 8f354738ff08
Step 11/16 : RUN mkdir ./licenses && pip-licenses --from=mixed --format=csv --output-file=./licenses/license_info.csv &&     pip-licenses --from=mixed --format=plain-vertical --with-license-file --no-license-path --output-file=./licenses/license.txt
 ---> Running in 4f59d7e0cab0
created path: ./licenses/license_info.csv
created path: ./licenses/license.txt
Removing intermediate container 4f59d7e0cab0
 ---> 774fd513db6e
Step 12/16 : USER root
 ---> Running in 1b932eba9c9e
Removing intermediate container 1b932eba9c9e
 ---> 0cb801ed555e
Step 13/16 : RUN yum install -y mesa-libGL
 ---> Running in e926ff31e64d
Updating Subscription Management repositories.
Unable to read consumer identity
This system is not registered to Red Hat Subscription Management. You can use subscription-manager to register.
Last metadata expiration check: 6:23:27 ago on Thu Oct  8 13:40:06 2020.
Dependencies resolved.
================================================================================
 Package            Arch        Version              Repository            Size
================================================================================
Installing:
 mesa-libGL         x86_64      19.3.4-2.el8         ubi-8-appstream      184 k
Installing dependencies:
 hwdata             noarch      0.314-8.4.el8        ubi-8-baseos         1.6 M
 libX11             x86_64      1.6.8-3.el8          ubi-8-appstream      611 k
 libX11-common      noarch      1.6.8-3.el8          ubi-8-appstream      158 k
 libX11-xcb         x86_64      1.6.8-3.el8          ubi-8-appstream       14 k
 libXau             x86_64      1.0.8-13.el8         ubi-8-appstream       36 k
 libXdamage         x86_64      1.1.4-14.el8         ubi-8-appstream       27 k
 libXext            x86_64      1.3.3-9.el8          ubi-8-appstream       45 k
 libXfixes          x86_64      5.0.3-7.el8          ubi-8-appstream       25 k
 libXxf86vm         x86_64      1.1.4-9.el8          ubi-8-appstream       19 k
 libdrm             x86_64      2.4.100-1.el8        ubi-8-appstream      164 k
 libglvnd           x86_64      1:1.2.0-6.el8        ubi-8-appstream       98 k
 libglvnd-glx       x86_64      1:1.2.0-6.el8        ubi-8-appstream      136 k
 libpciaccess       x86_64      0.14-1.el8           ubi-8-baseos          32 k
 libxcb             x86_64      1.13.1-1.el8         ubi-8-appstream      229 k
 libxshmfence       x86_64      1.3-2.el8            ubi-8-appstream       13 k
 mesa-libglapi      x86_64      19.3.4-2.el8         ubi-8-appstream       63 k

Transaction Summary
================================================================================
Install  17 Packages

Total download size: 3.4 M
Installed size: 14 M
Downloading Packages:
(1/17): libXext-1.3.3-9.el8.x86_64.rpm          547 kB/s |  45 kB     00:00    
(2/17): libpciaccess-0.14-1.el8.x86_64.rpm      385 kB/s |  32 kB     00:00    
(3/17): libXfixes-5.0.3-7.el8.x86_64.rpm        7.2 MB/s |  25 kB     00:00    
(4/17): libxshmfence-1.3-2.el8.x86_64.rpm       3.2 MB/s |  13 kB     00:00    
(5/17): libXau-1.0.8-13.el8.x86_64.rpm          3.7 MB/s |  36 kB     00:00    
(6/17): libXxf86vm-1.1.4-9.el8.x86_64.rpm       3.8 MB/s |  19 kB     00:00    
(7/17): libXdamage-1.1.4-14.el8.x86_64.rpm      6.5 MB/s |  27 kB     00:00    
(8/17): libX11-common-1.6.8-3.el8.noarch.rpm     22 MB/s | 158 kB     00:00    
(9/17): libglvnd-1.2.0-6.el8.x86_64.rpm          13 MB/s |  98 kB     00:00    
(10/17): hwdata-0.314-8.4.el8.noarch.rpm         13 MB/s | 1.6 MB     00:00    
(11/17): libX11-xcb-1.6.8-3.el8.x86_64.rpm      1.4 MB/s |  14 kB     00:00    
(12/17): libX11-1.6.8-3.el8.x86_64.rpm           33 MB/s | 611 kB     00:00    
(13/17): mesa-libglapi-19.3.4-2.el8.x86_64.rpm  6.2 MB/s |  63 kB     00:00    
(14/17): libglvnd-glx-1.2.0-6.el8.x86_64.rpm     12 MB/s | 136 kB     00:00    
(15/17): mesa-libGL-19.3.4-2.el8.x86_64.rpm      22 MB/s | 184 kB     00:00    
(16/17): libdrm-2.4.100-1.el8.x86_64.rpm         19 MB/s | 164 kB     00:00    
(17/17): libxcb-1.13.1-1.el8.x86_64.rpm          26 MB/s | 229 kB     00:00    
--------------------------------------------------------------------------------
Total                                            23 MB/s | 3.4 MB     00:00     
Running transaction check
Transaction check succeeded.
Running transaction test
Transaction test succeeded.
Running transaction
  Preparing        :                                                        1/1 
  Installing       : mesa-libglapi-19.3.4-2.el8.x86_64                     1/17 
  Running scriptlet: mesa-libglapi-19.3.4-2.el8.x86_64                     1/17 
  Installing       : libX11-xcb-1.6.8-3.el8.x86_64                         2/17 
  Installing       : libglvnd-1:1.2.0-6.el8.x86_64                         3/17 
  Installing       : libX11-common-1.6.8-3.el8.noarch                      4/17 
  Installing       : libxshmfence-1.3-2.el8.x86_64                         5/17 
  Installing       : libXau-1.0.8-13.el8.x86_64                            6/17 
  Installing       : libxcb-1.13.1-1.el8.x86_64                            7/17 
  Installing       : libX11-1.6.8-3.el8.x86_64                             8/17 
  Installing       : libXext-1.3.3-9.el8.x86_64                            9/17 
  Installing       : libXfixes-5.0.3-7.el8.x86_64                         10/17 
  Installing       : libXdamage-1.1.4-14.el8.x86_64                       11/17 
  Installing       : libXxf86vm-1.1.4-9.el8.x86_64                        12/17 
  Installing       : hwdata-0.314-8.4.el8.noarch                          13/17 
  Installing       : libpciaccess-0.14-1.el8.x86_64                       14/17 
  Installing       : libdrm-2.4.100-1.el8.x86_64                          15/17 
  Installing       : libglvnd-glx-1:1.2.0-6.el8.x86_64                    16/17 
  Installing       : mesa-libGL-19.3.4-2.el8.x86_64                       17/17 
  Running scriptlet: mesa-libGL-19.3.4-2.el8.x86_64                       17/17 
  Verifying        : hwdata-0.314-8.4.el8.noarch                           1/17 
  Verifying        : libpciaccess-0.14-1.el8.x86_64                        2/17 
  Verifying        : libXext-1.3.3-9.el8.x86_64                            3/17 
  Verifying        : libXfixes-5.0.3-7.el8.x86_64                          4/17 
  Verifying        : libXau-1.0.8-13.el8.x86_64                            5/17 
  Verifying        : libxshmfence-1.3-2.el8.x86_64                         6/17 
  Verifying        : libXxf86vm-1.1.4-9.el8.x86_64                         7/17 
  Verifying        : libXdamage-1.1.4-14.el8.x86_64                        8/17 
  Verifying        : libX11-common-1.6.8-3.el8.noarch                      9/17 
  Verifying        : libglvnd-1:1.2.0-6.el8.x86_64                        10/17 
  Verifying        : libX11-1.6.8-3.el8.x86_64                            11/17 
  Verifying        : libX11-xcb-1.6.8-3.el8.x86_64                        12/17 
  Verifying        : mesa-libglapi-19.3.4-2.el8.x86_64                    13/17 
  Verifying        : libglvnd-glx-1:1.2.0-6.el8.x86_64                    14/17 
  Verifying        : mesa-libGL-19.3.4-2.el8.x86_64                       15/17 
  Verifying        : libdrm-2.4.100-1.el8.x86_64                          16/17 
  Verifying        : libxcb-1.13.1-1.el8.x86_64                           17/17 
Installed products updated.

Installed:
  hwdata-0.314-8.4.el8.noarch            libX11-1.6.8-3.el8.x86_64             
  libX11-common-1.6.8-3.el8.noarch       libX11-xcb-1.6.8-3.el8.x86_64         
  libXau-1.0.8-13.el8.x86_64             libXdamage-1.1.4-14.el8.x86_64        
  libXext-1.3.3-9.el8.x86_64             libXfixes-5.0.3-7.el8.x86_64          
  libXxf86vm-1.1.4-9.el8.x86_64          libdrm-2.4.100-1.el8.x86_64           
  libglvnd-1:1.2.0-6.el8.x86_64          libglvnd-glx-1:1.2.0-6.el8.x86_64     
  libpciaccess-0.14-1.el8.x86_64         libxcb-1.13.1-1.el8.x86_64            
  libxshmfence-1.3-2.el8.x86_64          mesa-libGL-19.3.4-2.el8.x86_64        
  mesa-libglapi-19.3.4-2.el8.x86_64     

Complete!
Removing intermediate container e926ff31e64d
 ---> c54b5b6f6d03
Step 14/16 : RUN mv ./licenses /licenses
 ---> Running in 5de7b4be9237
Removing intermediate container 5de7b4be9237
 ---> fca6659e0ae1
Step 15/16 : USER default
 ---> Running in ee75f4abd42f
Removing intermediate container ee75f4abd42f
 ---> c977b6d317aa
Step 16/16 : ENTRYPOINT ["python", "-m", "adserver"]
 ---> Running in 619da135b797
Removing intermediate container 619da135b797
 ---> 7560c9e80bed
Successfully built 7560c9e80bed
Successfully tagged seldonio/alibi-detect-server:1.3.0-dev
kind load docker-image seldonio/alibi-detect-server:1.3.0-dev
Image: "seldonio/alibi-detect-server:1.3.0-dev" with ID "sha256:7560c9e80bedd4c82427cdf341f3cf119d9ad0d96b648d450656263c9fd6b9d5" not present on node "kind-control-plane"
Image: "seldonio/alibi-detect-server:1.3.0-dev" with ID "sha256:7560c9e80bedd4c82427cdf341f3cf119d9ad0d96b648d450656263c9fd6b9d5" not present on node "kind-worker"
make[1]: Leaving directory '/workspace/source/components/alibi-detect-server'
Files changed in misc folders:
SKIPPING MISC IMAGE BUILD...
kubectl create namespace seldon || echo "Namespace seldon already exists"
namespace/seldon created
kubectl create namespace test1 || echo "Namespace test1 already exists"
namespace/test1 created
helm repo add stable https://kubernetes-charts.storage.googleapis.com/
"stable" has been added to your repositories
helm repo add seldonio https://storage.googleapis.com/seldon-charts
"seldonio" has been added to your repositories
helm repo add jaegertracing https://jaegertracing.github.io/helm-charts
"jaegertracing" has been added to your repositories
helm repo add datawire https://www.getambassador.io
"datawire" has been added to your repositories
helm repo update
Hang tight while we grab the latest from your chart repositories...
...Successfully got an update from the "jaegertracing" chart repository
...Successfully got an update from the "seldonio" chart repository
...Successfully got an update from the "datawire" chart repository
...Successfully got an update from the "stable" chart repository
Update Complete. âŽˆ Happy Helming!âŽˆ 
helm upgrade ambassador \
	datawire/ambassador \
	-f ../resources/ambassador_values.yaml \
	--set image.repository=quay.io/datawire/ambassador \
	--set crds.keep=false \
	--set enableAES=false \
	--namespace seldon \
	--set replicaCount=1 \
	--wait --install
Release "ambassador" does not exist. Installing it now.
manifest_sorter.go:192: info: skipping unknown hook: "crd-install"
manifest_sorter.go:192: info: skipping unknown hook: "crd-install"
manifest_sorter.go:192: info: skipping unknown hook: "crd-install"
manifest_sorter.go:192: info: skipping unknown hook: "crd-install"
manifest_sorter.go:192: info: skipping unknown hook: "crd-install"
manifest_sorter.go:192: info: skipping unknown hook: "crd-install"
manifest_sorter.go:192: info: skipping unknown hook: "crd-install"
manifest_sorter.go:192: info: skipping unknown hook: "crd-install"
manifest_sorter.go:192: info: skipping unknown hook: "crd-install"
manifest_sorter.go:192: info: skipping unknown hook: "crd-install"
manifest_sorter.go:192: info: skipping unknown hook: "crd-install"
manifest_sorter.go:192: info: skipping unknown hook: "crd-install"
manifest_sorter.go:192: info: skipping unknown hook: "crd-install"
manifest_sorter.go:192: info: skipping unknown hook: "crd-install"
manifest_sorter.go:192: info: skipping unknown hook: "crd-install"
manifest_sorter.go:192: info: skipping unknown hook: "crd-install"
manifest_sorter.go:192: info: skipping unknown hook: "crd-install"
manifest_sorter.go:192: info: skipping unknown hook: "crd-install"
NAME: ambassador
LAST DEPLOYED: Thu Oct  8 20:08:31 2020
NAMESPACE: seldon
STATUS: deployed
REVISION: 1
NOTES:
-------------------------------------------------------------------------------
  Congratulations! You've successfully installed Ambassador!

-------------------------------------------------------------------------------
To get the IP address of Ambassador, run the following commands:
  export NODE_PORT=$(kubectl get --namespace seldon -o jsonpath="{.spec.ports[0].nodePort}" services ambassador)
  export NODE_IP=$(kubectl get nodes --namespace seldon -o jsonpath="{.items[0].status.addresses[0].address}")
  echo http://$NODE_IP:$NODE_PORT

For help, visit our Slack at https://d6e.co/slack or view the documentation online at https://www.getambassador.io.
kubectl apply -f istio-1.4.2.yaml
clusterrole.rbac.authorization.k8s.io/istio-reader-istio-system created
clusterrolebinding.rbac.authorization.k8s.io/istio-reader-istio-system created
customresourcedefinition.apiextensions.k8s.io/attributemanifests.config.istio.io created
customresourcedefinition.apiextensions.k8s.io/clusterrbacconfigs.rbac.istio.io created
customresourcedefinition.apiextensions.k8s.io/destinationrules.networking.istio.io created
customresourcedefinition.apiextensions.k8s.io/envoyfilters.networking.istio.io created
customresourcedefinition.apiextensions.k8s.io/gateways.networking.istio.io created
customresourcedefinition.apiextensions.k8s.io/httpapispecbindings.config.istio.io created
customresourcedefinition.apiextensions.k8s.io/httpapispecs.config.istio.io created
customresourcedefinition.apiextensions.k8s.io/meshpolicies.authentication.istio.io created
customresourcedefinition.apiextensions.k8s.io/policies.authentication.istio.io created
customresourcedefinition.apiextensions.k8s.io/quotaspecbindings.config.istio.io created
customresourcedefinition.apiextensions.k8s.io/quotaspecs.config.istio.io created
customresourcedefinition.apiextensions.k8s.io/rbacconfigs.rbac.istio.io created
customresourcedefinition.apiextensions.k8s.io/rules.config.istio.io created
customresourcedefinition.apiextensions.k8s.io/serviceentries.networking.istio.io created
customresourcedefinition.apiextensions.k8s.io/servicerolebindings.rbac.istio.io created
customresourcedefinition.apiextensions.k8s.io/serviceroles.rbac.istio.io created
customresourcedefinition.apiextensions.k8s.io/virtualservices.networking.istio.io created
customresourcedefinition.apiextensions.k8s.io/adapters.config.istio.io created
customresourcedefinition.apiextensions.k8s.io/instances.config.istio.io created
customresourcedefinition.apiextensions.k8s.io/templates.config.istio.io created
customresourcedefinition.apiextensions.k8s.io/handlers.config.istio.io created
customresourcedefinition.apiextensions.k8s.io/sidecars.networking.istio.io created
customresourcedefinition.apiextensions.k8s.io/authorizationpolicies.security.istio.io created
namespace/istio-system created
serviceaccount/istio-reader-service-account created
clusterrole.rbac.authorization.k8s.io/istio-citadel-istio-system created
clusterrolebinding.rbac.authorization.k8s.io/istio-citadel-istio-system created
deployment.apps/istio-citadel created
poddisruptionbudget.policy/istio-citadel created
service/istio-citadel created
serviceaccount/istio-citadel-service-account created
deployment.apps/istio-egressgateway created
poddisruptionbudget.policy/istio-egressgateway created
gateway.networking.istio.io/istio-multicluster-egressgateway created
virtualservice.networking.istio.io/istio-multicluster-egressgateway created
envoyfilter.networking.istio.io/istio-multicluster-egressgateway created
destinationrule.networking.istio.io/istio-multicluster-destinationrule created
service/istio-egressgateway created
role.rbac.authorization.k8s.io/istio-egressgateway-sds created
rolebinding.rbac.authorization.k8s.io/istio-egressgateway-sds created
serviceaccount/istio-egressgateway-service-account created
clusterrole.rbac.authorization.k8s.io/istio-galley-istio-system created
clusterrolebinding.rbac.authorization.k8s.io/istio-galley-*****-role-binding-istio-system created
configmap/istio-mesh-galley created
configmap/istio-galley-configuration created
deployment.apps/istio-galley created
poddisruptionbudget.policy/istio-galley created
service/istio-galley created
serviceaccount/istio-galley-service-account created
configmap/istio-grafana-configuration-dashboards-citadel-dashboard created
configmap/istio-grafana-configuration-dashboards-galley-dashboard created
configmap/istio-grafana-configuration-dashboards-istio-mesh-dashboard created
configmap/istio-grafana-configuration-dashboards-istio-performance-dashboard created
configmap/istio-grafana-configuration-dashboards-istio-service-dashboard created
configmap/istio-grafana-configuration-dashboards-istio-workload-dashboard created
configmap/istio-grafana-configuration-dashboards-mixer-dashboard created
configmap/istio-grafana-configuration-dashboards-pilot-dashboard created
configmap/istio-grafana created
deployment.apps/grafana created
policy.authentication.istio.io/grafana-ports-mtls-disabled created
service/grafana created
deployment.apps/istio-ingressgateway created
gateway.networking.istio.io/ingressgateway created
poddisruptionbudget.policy/ingressgateway created
service/istio-ingressgateway created
serviceaccount/istio-ingressgateway-service-account created
sidecar.networking.istio.io/default created
clusterrole.rbac.authorization.k8s.io/istio-sidecar-injector-istio-system created
clusterrolebinding.rbac.authorization.k8s.io/istio-sidecar-injector-*****-role-binding-istio-system created
configmap/injector-mesh created
deployment.apps/istio-sidecar-injector created
mutatingwebhookconfiguration.admissionregistration.k8s.io/istio-sidecar-injector created
poddisruptionbudget.policy/istio-sidecar-injector created
service/istio-sidecar-injector created
serviceaccount/istio-sidecar-injector-service-account created
configmap/istio-sidecar-injector created
clusterrole.rbac.authorization.k8s.io/kiali created
clusterrole.rbac.authorization.k8s.io/kiali-viewer created
clusterrolebinding.rbac.authorization.k8s.io/kiali created
configmap/kiali created
secret/kiali created
deployment.apps/kiali created
service/kiali created
serviceaccount/kiali-service-account created
clusterrole.rbac.authorization.k8s.io/istio-pilot-istio-system created
clusterrolebinding.rbac.authorization.k8s.io/istio-pilot-istio-system created
configmap/pilot-envoy-config created
configmap/istio created
deployment.apps/istio-pilot created
meshpolicy.authentication.istio.io/default created
poddisruptionbudget.policy/istio-pilot created
service/istio-pilot created
serviceaccount/istio-pilot-service-account created
clusterrole.rbac.authorization.k8s.io/istio-policy created
clusterrolebinding.rbac.authorization.k8s.io/istio-policy-*****-role-binding-istio-system created
destinationrule.networking.istio.io/istio-policy created
deployment.apps/istio-policy created
poddisruptionbudget.policy/istio-policy created
service/istio-policy created
serviceaccount/istio-policy-service-account created
clusterrole.rbac.authorization.k8s.io/prometheus-istio-system created
clusterrolebinding.rbac.authorization.k8s.io/prometheus-istio-system created
configmap/prometheus created
deployment.apps/prometheus created
service/prometheus created
serviceaccount/prometheus created
horizontalpodautoscaler.autoscaling/istio-telemetry created
clusterrole.rbac.authorization.k8s.io/istio-mixer-istio-system created
clusterrolebinding.rbac.authorization.k8s.io/istio-mixer-*****-role-binding-istio-system created
attributemanifest.config.istio.io/istioproxy created
attributemanifest.config.istio.io/kubernetes created
handler.config.istio.io/stdio created
instance.config.istio.io/accesslog created
instance.config.istio.io/tcpaccesslog created
rule.config.istio.io/stdio created
rule.config.istio.io/stdiotcp created
instance.config.istio.io/requestcount created
instance.config.istio.io/requestduration created
instance.config.istio.io/requestsize created
instance.config.istio.io/responsesize created
instance.config.istio.io/tcpbytesent created
instance.config.istio.io/tcpbytereceived created
instance.config.istio.io/tcpconnectionsopened created
instance.config.istio.io/tcpconnectionsclosed created
handler.config.istio.io/prometheus created
rule.config.istio.io/promhttp created
rule.config.istio.io/promtcp created
rule.config.istio.io/promtcpconnectionopen created
rule.config.istio.io/promtcpconnectionclosed created
handler.config.istio.io/kubernetesenv created
rule.config.istio.io/kubeattrgenrulerule created
rule.config.istio.io/tcpkubeattrgenrulerule created
instance.config.istio.io/attributes created
destinationrule.networking.istio.io/istio-telemetry created
configmap/telemetry-envoy-config created
deployment.apps/istio-telemetry created
poddisruptionbudget.policy/istio-telemetry created
service/istio-telemetry created
serviceaccount/istio-mixer-service-account created
deployment.apps/istio-tracing created
service/jaeger-query created
service/jaeger-collector created
service/jaeger-agent created
service/zipkin created
service/tracing created
kubectl rollout status deployment.apps/istio-ingressgateway -n istio-system
Waiting for deployment "istio-ingressgateway" rollout to finish: 0 of 1 updated replicas are available...
deployment "istio-ingressgateway" successfully rolled out
kubectl rollout status deployment.apps/istio-pilot -n istio-system
deployment "istio-pilot" successfully rolled out
kubectl rollout status deployment.apps/istio-citadel -n istio-system
deployment "istio-citadel" successfully rolled out
kubectl create -f ../resources/seldon-gateway.yaml -n istio-system
gateway.networking.istio.io/seldon-gateway created
helm upgrade jaeger-operator \
	jaegertracing/jaeger-operator \
	--set rbac.clusterRole=true \
	--namespace seldon \
	--wait --install
Release "jaeger-operator" does not exist. Installing it now.
manifest_sorter.go:192: info: skipping unknown hook: "crd-install"
NAME: jaeger-operator
LAST DEPLOYED: Thu Oct  8 20:11:24 2020
NAMESPACE: seldon
STATUS: deployed
REVISION: 1
TEST SUITE: None
NOTES:
jaeger-operator is installed.


Check the jaeger-operator logs
  export POD=$(kubectl get pods-l app.kubernetes.io/instance=jaeger-operator -lapp.kubernetes.io/name=jaeger-operator --namespace seldon --output name)
  kubectl logs $POD --namespace=seldon
kubectl apply -f ../resources/jaeger.yaml --namespace seldon
jaeger.jaegertracing.io/jaeger created
mapping.getambassador.io/jaeger created
cd ../../operator && make install-cert-manager
make[1]: Entering directory '/workspace/source/operator'
kubectl create namespace cert-manager || echo "Namespace cert-manager-exists"
namespace/cert-manager created
kubectl label namespace cert-manager cert-manager.io/disable-validation=true || echo "namespace cert-manager-already labelled"
namespace/cert-manager labeled
kubectl apply --validate=false -f https://github.com/jetstack/cert-manager/releases/download/v0.12.0/cert-manager.yaml
customresourcedefinition.apiextensions.k8s.io/certificaterequests.cert-manager.io created
customresourcedefinition.apiextensions.k8s.io/certificates.cert-manager.io created
customresourcedefinition.apiextensions.k8s.io/challenges.acme.cert-manager.io created
customresourcedefinition.apiextensions.k8s.io/clusterissuers.cert-manager.io created
customresourcedefinition.apiextensions.k8s.io/issuers.cert-manager.io created
customresourcedefinition.apiextensions.k8s.io/orders.acme.cert-manager.io created
Warning: kubectl apply should be used on resource created by either kubectl create --save-config or kubectl apply
namespace/cert-manager configured
serviceaccount/cert-manager-cainjector created
serviceaccount/cert-manager created
serviceaccount/cert-manager-webhook created
clusterrole.rbac.authorization.k8s.io/cert-manager-cainjector created
clusterrolebinding.rbac.authorization.k8s.io/cert-manager-cainjector created
role.rbac.authorization.k8s.io/cert-manager-cainjector:leaderelection created
rolebinding.rbac.authorization.k8s.io/cert-manager-cainjector:leaderelection created
clusterrolebinding.rbac.authorization.k8s.io/cert-manager-webhook:auth-delegator created
rolebinding.rbac.authorization.k8s.io/cert-manager-webhook:webhook-authentication-reader created
clusterrole.rbac.authorization.k8s.io/cert-manager-webhook:webhook-requester created
role.rbac.authorization.k8s.io/cert-manager:leaderelection created
rolebinding.rbac.authorization.k8s.io/cert-manager:leaderelection created
clusterrole.rbac.authorization.k8s.io/cert-manager-controller-issuers created
clusterrole.rbac.authorization.k8s.io/cert-manager-controller-clusterissuers created
clusterrole.rbac.authorization.k8s.io/cert-manager-controller-certificates created
clusterrole.rbac.authorization.k8s.io/cert-manager-controller-orders created
clusterrole.rbac.authorization.k8s.io/cert-manager-controller-challenges created
clusterrole.rbac.authorization.k8s.io/cert-manager-controller-ingress-shim created
clusterrolebinding.rbac.authorization.k8s.io/cert-manager-controller-issuers created
clusterrolebinding.rbac.authorization.k8s.io/cert-manager-controller-clusterissuers created
clusterrolebinding.rbac.authorization.k8s.io/cert-manager-controller-certificates created
clusterrolebinding.rbac.authorization.k8s.io/cert-manager-controller-orders created
clusterrolebinding.rbac.authorization.k8s.io/cert-manager-controller-challenges created
clusterrolebinding.rbac.authorization.k8s.io/cert-manager-controller-ingress-shim created
clusterrole.rbac.authorization.k8s.io/cert-manager-view created
clusterrole.rbac.authorization.k8s.io/cert-manager-edit created
service/cert-manager created
service/cert-manager-webhook created
deployment.apps/cert-manager-cainjector created
deployment.apps/cert-manager created
deployment.apps/cert-manager-webhook created
mutatingwebhookconfiguration.admissionregistration.k8s.io/cert-manager-webhook created
validatingwebhookconfiguration.admissionregistration.k8s.io/cert-manager-webhook created
kubectl rollout status deployment.apps/cert-manager -n cert-manager
Waiting for deployment "cert-manager" rollout to finish: 0 of 1 updated replicas are available...
deployment "cert-manager" successfully rolled out
kubectl rollout status deployment.apps/cert-manager-cainjector -n cert-manager
deployment "cert-manager-cainjector" successfully rolled out
kubectl rollout status deployment.apps/cert-manager-webhook -n cert-manager
Waiting for deployment "cert-manager-webhook" rollout to finish: 0 of 1 updated replicas are available...
deployment "cert-manager-webhook" successfully rolled out
make[1]: Leaving directory '/workspace/source/operator'
sleep 5 #https://github.com/jetstack/cert-manager/issues/2273
kubectl create namespace seldon-system || echo "namespace seldon-system exists"
namespace/seldon-system created
helm delete seldon --namespace seldon-system || echo "seldon-core not installed"
Error: uninstall: Release not loaded: seldon: release: not found
seldon-core not installed
helm upgrade seldon \
	../../helm-charts/seldon-core-operator \
	--namespace seldon-system \
	--set istio.enabled=true \
	--set istio.gateway=istio-system/seldon-gateway \
	--set certManager.enabled=false \
	--set executor.enabled="true" \
	--wait --install
Release "seldon" does not exist. Installing it now.
NAME: seldon
LAST DEPLOYED: Thu Oct  8 20:12:16 2020
NAMESPACE: seldon-system
STATUS: deployed
REVISION: 1
TEST SUITE: None
kubectl config set-context $(kubectl config current-context) --namespace=seldon
Context "kind-kind" modified.
kubectl apply -f metrics.yaml
clusterrole.rbac.authorization.k8s.io/system:aggregated-metrics-reader created
clusterrolebinding.rbac.authorization.k8s.io/metrics-server:system:auth-delegator created
rolebinding.rbac.authorization.k8s.io/metrics-server-auth-reader created
apiservice.apiregistration.k8s.io/v1beta1.metrics.k8s.io created
serviceaccount/metrics-server created
deployment.apps/metrics-server created
service/metrics-server created
clusterrole.rbac.authorization.k8s.io/system:metrics-server created
clusterrolebinding.rbac.authorization.k8s.io/system:metrics-server created
make: Entering directory '/workspace/source/python'
pip install -e . -r requirements-dev.txt
Obtaining file:///workspace/source/python
Collecting black==19.10b0
  Downloading black-19.10b0-py36-none-any.whl (97 kB)
Collecting flake8==3.8.1
  Downloading flake8-3.8.1-py2.py3-none-any.whl (72 kB)
Collecting mypy<0.783
  Downloading mypy-0.782-cp36-cp36m-manylinux1_x86_64.whl (20.8 MB)
Requirement already satisfied: Pillow==7.2.0 in /usr/local/lib/python3.6/site-packages (from -r requirements-dev.txt (line 5)) (7.2.0)
Collecting pytest==6.1.0
  Downloading pytest-6.1.0-py3-none-any.whl (272 kB)
Collecting pytest-cov==2.10.1
  Downloading pytest_cov-2.10.1-py2.py3-none-any.whl (19 kB)
Collecting tox<4.0.0
  Downloading tox-3.20.0-py2.py3-none-any.whl (83 kB)
Requirement already satisfied: grpcio-tools==1.32.0 in /usr/local/lib/python3.6/site-packages (from -r requirements-dev.txt (line 9)) (1.32.0)
Collecting mypy-protobuf==1.22
  Downloading mypy_protobuf-1.22-py3-none-any.whl (7.5 kB)
Collecting tenacity==6.2.0
  Downloading tenacity-6.2.0-py2.py3-none-any.whl (24 kB)
Collecting coverage==5.3
  Downloading coverage-5.3-cp36-cp36m-manylinux1_x86_64.whl (229 kB)
Collecting pandas==1.1.0
  Downloading pandas-1.1.0-cp36-cp36m-manylinux1_x86_64.whl (10.5 MB)
Collecting pip-licenses==2.3.0
  Downloading pip_licenses-2.3.0-py3-none-any.whl (14 kB)
Collecting Flask<2.0.0
  Downloading Flask-1.1.2-py2.py3-none-any.whl (94 kB)
Requirement already satisfied: jsonschema<4.0.0 in /usr/local/lib/python3.6/site-packages (from seldon-core==1.3.0.dev0) (3.2.0)
Collecting Flask-cors<4.0.0
  Downloading Flask_Cors-3.0.9-py2.py3-none-any.whl (14 kB)
Collecting redis<4.0.0
  Downloading redis-3.5.3-py2.py3-none-any.whl (72 kB)
Requirement already satisfied: requests<3.0.0 in /usr/local/lib/python3.6/site-packages (from seldon-core==1.3.0.dev0) (2.24.0)
Requirement already satisfied: numpy<2.0.0 in /usr/local/lib/python3.6/site-packages (from seldon-core==1.3.0.dev0) (1.19.2)
Collecting flatbuffers<2.0.0
  Downloading flatbuffers-1.12-py2.py3-none-any.whl (15 kB)
Requirement already satisfied: protobuf<4.0.0 in /usr/local/lib/python3.6/site-packages (from seldon-core==1.3.0.dev0) (3.13.0)
Requirement already satisfied: grpcio<2.0.0 in /usr/local/lib/python3.6/site-packages (from seldon-core==1.3.0.dev0) (1.32.0)
Collecting Flask-OpenTracing<1.2.0,>=1.1.0
  Downloading Flask-OpenTracing-1.1.0.tar.gz (8.2 kB)
Collecting opentracing<2.4.0,>=2.2.0
  Downloading opentracing-2.3.0.tar.gz (48 kB)
Collecting jaeger-client<4.4.0,>=4.1.0
  Downloading jaeger-client-4.3.0.tar.gz (81 kB)
Collecting grpcio-opentracing<1.2.0,>=1.1.4
  Downloading grpcio_opentracing-1.1.4-py3-none-any.whl (14 kB)
Requirement already satisfied: PyYAML<5.4 in /usr/local/lib/python3.6/site-packages (from seldon-core==1.3.0.dev0) (5.3.1)
Collecting gunicorn<20.1.0,>=19.9.0
  Downloading gunicorn-20.0.4-py2.py3-none-any.whl (77 kB)
Requirement already satisfied: setuptools>=41.0.0 in /usr/local/lib/python3.6/site-packages (from seldon-core==1.3.0.dev0) (50.3.0)
Requirement already satisfied: prometheus_client<0.9.0,>=0.7.1 in /usr/local/lib/python3.6/site-packages (from seldon-core==1.3.0.dev0) (0.8.0)
Collecting click>=6.5
  Downloading click-7.1.2-py2.py3-none-any.whl (82 kB)
Collecting regex
  Downloading regex-2020.9.27-cp36-cp36m-manylinux2010_x86_64.whl (662 kB)
Requirement already satisfied: attrs>=18.1.0 in /usr/local/lib/python3.6/site-packages (from black==19.10b0->-r requirements-dev.txt (line 2)) (20.2.0)
Collecting appdirs
  Downloading appdirs-1.4.4-py2.py3-none-any.whl (9.6 kB)
Collecting pathspec<1,>=0.6
  Downloading pathspec-0.8.0-py2.py3-none-any.whl (28 kB)
Collecting typed-ast>=1.4.0
  Downloading typed_ast-1.4.1-cp36-cp36m-manylinux1_x86_64.whl (737 kB)
Collecting toml>=0.9.4
  Downloading toml-0.10.1-py2.py3-none-any.whl (19 kB)
Collecting mccabe<0.7.0,>=0.6.0
  Downloading mccabe-0.6.1-py2.py3-none-any.whl (8.6 kB)
Requirement already satisfied: importlib-metadata; python_version < "3.8" in /usr/local/lib/python3.6/site-packages (from flake8==3.8.1->-r requirements-dev.txt (line 3)) (1.7.0)
Collecting pyflakes<2.3.0,>=2.2.0
  Downloading pyflakes-2.2.0-py2.py3-none-any.whl (66 kB)
Collecting pycodestyle<2.7.0,>=2.6.0a1
  Downloading pycodestyle-2.6.0-py2.py3-none-any.whl (41 kB)
Requirement already satisfied: typing-extensions>=3.7.4 in /usr/local/lib/python3.6/site-packages (from mypy<0.783->-r requirements-dev.txt (line 4)) (3.7.4.3)
Collecting mypy-extensions<0.5.0,>=0.4.3
  Downloading mypy_extensions-0.4.3-py2.py3-none-any.whl (4.5 kB)
Collecting iniconfig
  Downloading iniconfig-1.0.1-py3-none-any.whl (4.2 kB)
Requirement already satisfied: packaging in /usr/local/lib/python3.6/site-packages (from pytest==6.1.0->-r requirements-dev.txt (line 6)) (20.4)
Requirement already satisfied: pluggy<1.0,>=0.12 in /usr/local/lib/python3.6/site-packages (from pytest==6.1.0->-r requirements-dev.txt (line 6)) (0.13.1)
Requirement already satisfied: py>=1.8.2 in /usr/local/lib/python3.6/site-packages (from pytest==6.1.0->-r requirements-dev.txt (line 6)) (1.9.0)
Requirement already satisfied: six>=1.14.0 in /usr/local/lib/python3.6/site-packages (from tox<4.0.0->-r requirements-dev.txt (line 8)) (1.15.0)
Collecting virtualenv!=20.0.0,!=20.0.1,!=20.0.2,!=20.0.3,!=20.0.4,!=20.0.5,!=20.0.6,!=20.0.7,>=16.0.0
  Downloading virtualenv-20.0.33-py2.py3-none-any.whl (4.9 MB)
Collecting filelock>=3.0.0
  Downloading filelock-3.0.12-py3-none-any.whl (7.6 kB)
Requirement already satisfied: python-dateutil>=2.7.3 in /usr/local/lib/python3.6/site-packages (from pandas==1.1.0->-r requirements-dev.txt (line 19)) (2.8.1)
Requirement already satisfied: pytz>=2017.2 in /usr/local/lib/python3.6/site-packages (from pandas==1.1.0->-r requirements-dev.txt (line 19)) (2020.1)
Collecting PTable
  Downloading PTable-0.9.2.tar.gz (31 kB)
Collecting itsdangerous>=0.24
  Downloading itsdangerous-1.1.0-py2.py3-none-any.whl (16 kB)
Requirement already satisfied: Jinja2>=2.10.1 in /usr/local/lib/python3.6/site-packages (from Flask<2.0.0->seldon-core==1.3.0.dev0) (2.11.2)
Requirement already satisfied: Werkzeug>=0.15 in /usr/local/lib/python3.6/site-packages (from Flask<2.0.0->seldon-core==1.3.0.dev0) (1.0.1)
Requirement already satisfied: pyrsistent>=0.14.0 in /usr/local/lib/python3.6/site-packages (from jsonschema<4.0.0->seldon-core==1.3.0.dev0) (0.17.3)
Requirement already satisfied: certifi>=2017.4.17 in /usr/local/lib/python3.6/site-packages (from requests<3.0.0->seldon-core==1.3.0.dev0) (2020.6.20)
Requirement already satisfied: chardet<4,>=3.0.2 in /usr/local/lib/python3.6/site-packages (from requests<3.0.0->seldon-core==1.3.0.dev0) (3.0.4)
Requirement already satisfied: idna<3,>=2.5 in /usr/local/lib/python3.6/site-packages (from requests<3.0.0->seldon-core==1.3.0.dev0) (2.10)
Requirement already satisfied: urllib3!=1.25.0,!=1.25.1,<1.26,>=1.21.1 in /usr/local/lib/python3.6/site-packages (from requests<3.0.0->seldon-core==1.3.0.dev0) (1.25.10)
Collecting threadloop<2,>=1
  Downloading threadloop-1.0.2.tar.gz (4.9 kB)
Collecting thrift
  Downloading thrift-0.13.0.tar.gz (59 kB)
Requirement already satisfied: tornado>=4.3 in /usr/local/lib/python3.6/site-packages (from jaeger-client<4.4.0,>=4.1.0->seldon-core==1.3.0.dev0) (6.0.4)
Requirement already satisfied: zipp>=0.5 in /usr/local/lib/python3.6/site-packages (from importlib-metadata; python_version < "3.8"->flake8==3.8.1->-r requirements-dev.txt (line 3)) (3.1.0)
Requirement already satisfied: pyparsing>=2.0.2 in /usr/local/lib/python3.6/site-packages (from packaging->pytest==6.1.0->-r requirements-dev.txt (line 6)) (2.4.7)
Collecting importlib-resources>=1.0; python_version < "3.7"
  Downloading importlib_resources-3.0.0-py2.py3-none-any.whl (23 kB)
Collecting distlib<1,>=0.3.1
  Downloading distlib-0.3.1-py2.py3-none-any.whl (335 kB)
Requirement already satisfied: MarkupSafe>=0.23 in /usr/local/lib/python3.6/site-packages (from Jinja2>=2.10.1->Flask<2.0.0->seldon-core==1.3.0.dev0) (1.1.1)
Building wheels for collected packages: Flask-OpenTracing, opentracing, jaeger-client, PTable, threadloop, thrift
  Building wheel for Flask-OpenTracing (setup.py): started
  Building wheel for Flask-OpenTracing (setup.py): finished with status 'done'
  Created wheel for Flask-OpenTracing: filename=Flask_OpenTracing-1.1.0-py3-none-any.whl size=9071 sha256=667d983d3a0f60b1107b184b60e00ac0fc1b3e5cc07e0d6a10e2717c106cdab4
  Stored in directory: /builder/home/.cache/pip/wheels/ad/4b/2d/24ff0da0a0b53c7c77ce59b843bcceaf644c88703241e59615
  Building wheel for opentracing (setup.py): started
  Building wheel for opentracing (setup.py): finished with status 'done'
  Created wheel for opentracing: filename=opentracing-2.3.0-py3-none-any.whl size=51346 sha256=990bf2d03e48d6c290466d38feffca87c47bec0d48ee623da6d78e3212d91e0d
  Stored in directory: /builder/home/.cache/pip/wheels/d4/53/31/bfca74f038fa9f83eb7de2131555b75ffa9bcbca18d23e5edf
  Building wheel for jaeger-client (setup.py): started
  Building wheel for jaeger-client (setup.py): finished with status 'done'
  Created wheel for jaeger-client: filename=jaeger_client-4.3.0-py3-none-any.whl size=64290 sha256=95880882e644ed1050c4fc29a8c8db5883ba324baa5f5c4a6f1c8469ad91b815
  Stored in directory: /builder/home/.cache/pip/wheels/a8/37/30/d86c970966efbf6da89e8085db50f2be4cf36ca68513eff785
  Building wheel for PTable (setup.py): started
  Building wheel for PTable (setup.py): finished with status 'done'
  Created wheel for PTable: filename=PTable-0.9.2-py3-none-any.whl size=22907 sha256=1c998592b7b2a64ca30c5f492329609ada1f98734d995380b54685a75912cf2a
  Stored in directory: /builder/home/.cache/pip/wheels/f3/65/67/71f473ec87ea4554d1bdfb1b5128cfe1414c2b113b72a1ee8e
  Building wheel for threadloop (setup.py): started
  Building wheel for threadloop (setup.py): finished with status 'done'
  Created wheel for threadloop: filename=threadloop-1.0.2-py3-none-any.whl size=3425 sha256=5ed873a203e2e3dd63bf293ca4452c73b77684a45900d3d798a9c477a9a692f1
  Stored in directory: /builder/home/.cache/pip/wheels/02/54/65/9f87de48fe8fcaaee30f279973d946ad55f9df56b93b3e78da
  Building wheel for thrift (setup.py): started
  Building wheel for thrift (setup.py): finished with status 'done'
  Created wheel for thrift: filename=thrift-0.13.0-cp36-cp36m-linux_x86_64.whl size=483895 sha256=21481efd54ed81467a5a4727e752c67e3b1dc393d0d81ac55ef9b946df13577d
  Stored in directory: /builder/home/.cache/pip/wheels/e0/38/fc/472fe18756b177b42096961f8bd3ff2dc5c5620ac399fce52d
Successfully built Flask-OpenTracing opentracing jaeger-client PTable threadloop thrift
Installing collected packages: click, regex, appdirs, pathspec, typed-ast, toml, black, mccabe, pyflakes, pycodestyle, flake8, mypy-extensions, mypy, iniconfig, pytest, coverage, pytest-cov, importlib-resources, distlib, filelock, virtualenv, tox, mypy-protobuf, tenacity, pandas, PTable, pip-licenses, itsdangerous, Flask, Flask-cors, redis, flatbuffers, opentracing, Flask-OpenTracing, threadloop, thrift, jaeger-client, grpcio-opentracing, gunicorn, seldon-core
  Attempting uninstall: pytest
    Found existing installation: pytest 5.3.1
    Uninstalling pytest-5.3.1:
      Successfully uninstalled pytest-5.3.1
  Attempting uninstall: coverage
    Found existing installation: coverage 4.5.4
    Uninstalling coverage-4.5.4:
      Successfully uninstalled coverage-4.5.4
  Attempting uninstall: pytest-cov
    Found existing installation: pytest-cov 2.8.1
    Uninstalling pytest-cov-2.8.1:
      Successfully uninstalled pytest-cov-2.8.1
  Attempting uninstall: tenacity
    Found existing installation: tenacity 6.0.0
    Uninstalling tenacity-6.0.0:
      Successfully uninstalled tenacity-6.0.0
  Attempting uninstall: pandas
    Found existing installation: pandas 1.1.2
    Uninstalling pandas-1.1.2:
      Successfully uninstalled pandas-1.1.2
  Running setup.py develop for seldon-core
Successfully installed Flask-1.1.2 Flask-OpenTracing-1.1.0 Flask-cors-3.0.9 PTable-0.9.2 appdirs-1.4.4 black-19.10b0 click-7.1.2 coverage-5.3 distlib-0.3.1 filelock-3.0.12 flake8-3.8.1 flatbuffers-1.12 grpcio-opentracing-1.1.4 gunicorn-20.0.4 importlib-resources-3.0.0 iniconfig-1.0.1 itsdangerous-1.1.0 jaeger-client-4.3.0 mccabe-0.6.1 mypy-0.782 mypy-extensions-0.4.3 mypy-protobuf-1.22 opentracing-2.3.0 pandas-1.1.0 pathspec-0.8.0 pip-licenses-2.3.0 pycodestyle-2.6.0 pyflakes-2.2.0 pytest-6.1.0 pytest-cov-2.10.1 redis-3.5.3 regex-2020.9.27 seldon-core tenacity-6.2.0 threadloop-1.0.2 thrift-0.13.0 toml-0.10.1 tox-3.20.0 typed-ast-1.4.1 virtualenv-20.0.33
ERROR: After October 2020 you may experience errors when installing or updating packages. This is because pip will change the way that it resolves dependency conflicts.

We recommend you use --use-feature=2020-resolver to test your packages with the new resolver before it becomes the default.

alibi 0.5.2 requires tensorflow>=2.0, but you'll have tensorflow 1.15.2 which is incompatible.
make: Leaving directory '/workspace/source/python'
cp ../../proto/prediction.proto ./proto
cd ../../proto/tensorflow && make create_protos
make[1]: Entering directory '/workspace/source/proto/tensorflow'
./create-protos.sh
Downloading proto files for master
make[1]: Leaving directory '/workspace/source/proto/tensorflow'
cp -vr ../../proto/tensorflow/tensorflow .
'../../proto/tensorflow/tensorflow' -> './tensorflow'
'../../proto/tensorflow/tensorflow/core' -> './tensorflow/core'
'../../proto/tensorflow/tensorflow/core/framework' -> './tensorflow/core/framework'
'../../proto/tensorflow/tensorflow/core/framework/types.proto' -> './tensorflow/core/framework/types.proto'
'../../proto/tensorflow/tensorflow/core/framework/resource_handle.proto' -> './tensorflow/core/framework/resource_handle.proto'
'../../proto/tensorflow/tensorflow/core/framework/tensor_shape.proto' -> './tensorflow/core/framework/tensor_shape.proto'
'../../proto/tensorflow/tensorflow/core/framework/tensor.proto' -> './tensorflow/core/framework/tensor.proto'
python -m grpc.tools.protoc -I. --python_out=. --grpc_python_out=. ./proto/prediction.proto
cd ../../notebooks && make build_protos
make[1]: Entering directory '/workspace/source/notebooks'
cd ../proto/tensorflow && make create_protos
make[2]: Entering directory '/workspace/source/proto/tensorflow'
make[2]: Nothing to be done for 'create_protos'.
make[2]: Leaving directory '/workspace/source/proto/tensorflow'
cp -vr ../proto/tensorflow/tensorflow .
'../proto/tensorflow/tensorflow' -> './tensorflow'
'../proto/tensorflow/tensorflow/core' -> './tensorflow/core'
'../proto/tensorflow/tensorflow/core/framework' -> './tensorflow/core/framework'
'../proto/tensorflow/tensorflow/core/framework/types.proto' -> './tensorflow/core/framework/types.proto'
'../proto/tensorflow/tensorflow/core/framework/resource_handle.proto' -> './tensorflow/core/framework/resource_handle.proto'
'../proto/tensorflow/tensorflow/core/framework/tensor_shape.proto' -> './tensorflow/core/framework/tensor_shape.proto'
'../proto/tensorflow/tensorflow/core/framework/tensor.proto' -> './tensorflow/core/framework/tensor.proto'
cp ../proto/prediction.proto ./proto
python -m grpc.tools.protoc -I. --python_out=. --grpc_python_out=. ./proto/prediction.proto
make[1]: Leaving directory '/workspace/source/notebooks'
cd ../../proto/k8s && make create_protos
make[1]: Entering directory '/workspace/source/proto/k8s'
./create-k8s-protos.sh
Downloading proto files for master
Munging proto file packages
sed -i.bak 's|import "k8s.io/apiextensions-apiserver/|//import "k8s.io/apiextensions-apiserver/|' k8s.io/api/core/v1/generated.proto
rm k8s.io/api/core/v1/generated.proto.bak
make[1]: Leaving directory '/workspace/source/proto/k8s'
pip install -r dev_requirements.txt
Collecting pytest==5.3.1
  Downloading pytest-5.3.1-py3-none-any.whl (233 kB)
Requirement already satisfied: pytest-xdist==1.30.0 in /usr/local/lib/python3.6/site-packages (from -r dev_requirements.txt (line 2)) (1.30.0)
Collecting pytest-cov==2.8.1
  Downloading pytest_cov-2.8.1-py2.py3-none-any.whl (18 kB)
Requirement already satisfied: flaky==3.6.1 in /usr/local/lib/python3.6/site-packages (from -r dev_requirements.txt (line 4)) (3.6.1)
Collecting tenacity==6.0.0
  Downloading tenacity-6.0.0-py2.py3-none-any.whl (24 kB)
Requirement already satisfied: sh==1.13.1 in /usr/local/lib/python3.6/site-packages (from -r dev_requirements.txt (line 6)) (1.13.1)
Requirement already satisfied: ipython==7.13.0 in /usr/local/lib/python3.6/site-packages (from -r dev_requirements.txt (line 9)) (7.13.0)
Requirement already satisfied: nbconvert==5.6.1 in /usr/local/lib/python3.6/site-packages (from -r dev_requirements.txt (line 10)) (5.6.1)
Requirement already satisfied: alibi==0.5.2 in /usr/local/lib/python3.6/site-packages (from -r dev_requirements.txt (line 11)) (0.5.2)
Collecting shap==0.35.0
  Downloading shap-0.35.0.tar.gz (273 kB)
Requirement already satisfied: matplotlib==3.1.3 in /usr/local/lib/python3.6/site-packages (from -r dev_requirements.txt (line 13)) (3.1.3)
Collecting tensorflow==1.15.4
  Downloading tensorflow-1.15.4-cp36-cp36m-manylinux2010_x86_64.whl (110.5 MB)
Collecting coverage==4.5.4
  Downloading coverage-4.5.4-cp36-cp36m-manylinux1_x86_64.whl (205 kB)
Requirement already satisfied: more-itertools>=4.0.0 in /usr/local/lib/python3.6/site-packages (from pytest==5.3.1->-r dev_requirements.txt (line 1)) (8.5.0)
Requirement already satisfied: pluggy<1.0,>=0.12 in /usr/local/lib/python3.6/site-packages (from pytest==5.3.1->-r dev_requirements.txt (line 1)) (0.13.1)
Requirement already satisfied: wcwidth in /usr/local/lib/python3.6/site-packages (from pytest==5.3.1->-r dev_requirements.txt (line 1)) (0.2.5)
Requirement already satisfied: attrs>=17.4.0 in /usr/local/lib/python3.6/site-packages (from pytest==5.3.1->-r dev_requirements.txt (line 1)) (20.2.0)
Requirement already satisfied: py>=1.5.0 in /usr/local/lib/python3.6/site-packages (from pytest==5.3.1->-r dev_requirements.txt (line 1)) (1.9.0)
Requirement already satisfied: importlib-metadata>=0.12; python_version < "3.8" in /usr/local/lib/python3.6/site-packages (from pytest==5.3.1->-r dev_requirements.txt (line 1)) (1.7.0)
Requirement already satisfied: packaging in /usr/local/lib/python3.6/site-packages (from pytest==5.3.1->-r dev_requirements.txt (line 1)) (20.4)
Requirement already satisfied: execnet>=1.1 in /usr/local/lib/python3.6/site-packages (from pytest-xdist==1.30.0->-r dev_requirements.txt (line 2)) (1.7.1)
Requirement already satisfied: pytest-forked in /usr/local/lib/python3.6/site-packages (from pytest-xdist==1.30.0->-r dev_requirements.txt (line 2)) (1.3.0)
Requirement already satisfied: six in /usr/local/lib/python3.6/site-packages (from pytest-xdist==1.30.0->-r dev_requirements.txt (line 2)) (1.15.0)
Requirement already satisfied: prompt-toolkit!=3.0.0,!=3.0.1,<3.1.0,>=2.0.0 in /usr/local/lib/python3.6/site-packages (from ipython==7.13.0->-r dev_requirements.txt (line 9)) (3.0.7)
Requirement already satisfied: backcall in /usr/local/lib/python3.6/site-packages (from ipython==7.13.0->-r dev_requirements.txt (line 9)) (0.2.0)
Requirement already satisfied: pygments in /usr/local/lib/python3.6/site-packages (from ipython==7.13.0->-r dev_requirements.txt (line 9)) (2.7.1)
Requirement already satisfied: setuptools>=18.5 in /usr/local/lib/python3.6/site-packages (from ipython==7.13.0->-r dev_requirements.txt (line 9)) (50.3.0)
Requirement already satisfied: pickleshare in /usr/local/lib/python3.6/site-packages (from ipython==7.13.0->-r dev_requirements.txt (line 9)) (0.7.5)
Requirement already satisfied: pexpect; sys_platform != "win32" in /usr/local/lib/python3.6/site-packages (from ipython==7.13.0->-r dev_requirements.txt (line 9)) (4.8.0)
Requirement already satisfied: decorator in /usr/local/lib/python3.6/site-packages (from ipython==7.13.0->-r dev_requirements.txt (line 9)) (4.4.2)
Requirement already satisfied: traitlets>=4.2 in /usr/local/lib/python3.6/site-packages (from ipython==7.13.0->-r dev_requirements.txt (line 9)) (4.3.3)
Requirement already satisfied: jedi>=0.10 in /usr/local/lib/python3.6/site-packages (from ipython==7.13.0->-r dev_requirements.txt (line 9)) (0.17.2)
Requirement already satisfied: entrypoints>=0.2.2 in /usr/local/lib/python3.6/site-packages (from nbconvert==5.6.1->-r dev_requirements.txt (line 10)) (0.3)
Requirement already satisfied: mistune<2,>=0.8.1 in /usr/local/lib/python3.6/site-packages (from nbconvert==5.6.1->-r dev_requirements.txt (line 10)) (0.8.4)
Requirement already satisfied: jupyter-core in /usr/local/lib/python3.6/site-packages (from nbconvert==5.6.1->-r dev_requirements.txt (line 10)) (4.6.3)
Requirement already satisfied: nbformat>=4.4 in /usr/local/lib/python3.6/site-packages (from nbconvert==5.6.1->-r dev_requirements.txt (line 10)) (5.0.7)
Requirement already satisfied: bleach in /usr/local/lib/python3.6/site-packages (from nbconvert==5.6.1->-r dev_requirements.txt (line 10)) (3.2.0)
Requirement already satisfied: testpath in /usr/local/lib/python3.6/site-packages (from nbconvert==5.6.1->-r dev_requirements.txt (line 10)) (0.4.4)
Requirement already satisfied: jinja2>=2.4 in /usr/local/lib/python3.6/site-packages (from nbconvert==5.6.1->-r dev_requirements.txt (line 10)) (2.11.2)
Requirement already satisfied: defusedxml in /usr/local/lib/python3.6/site-packages (from nbconvert==5.6.1->-r dev_requirements.txt (line 10)) (0.6.0)
Requirement already satisfied: pandocfilters>=1.4.1 in /usr/local/lib/python3.6/site-packages (from nbconvert==5.6.1->-r dev_requirements.txt (line 10)) (1.4.2)
Requirement already satisfied: requests in /usr/local/lib/python3.6/site-packages (from alibi==0.5.2->-r dev_requirements.txt (line 11)) (2.24.0)
Requirement already satisfied: pandas in /usr/local/lib/python3.6/site-packages (from alibi==0.5.2->-r dev_requirements.txt (line 11)) (1.1.0)
Requirement already satisfied: scikit-image!=0.17.1 in /usr/local/lib/python3.6/site-packages (from alibi==0.5.2->-r dev_requirements.txt (line 11)) (0.17.2)
Requirement already satisfied: typing-extensions>=3.7.2 in /usr/local/lib/python3.6/site-packages (from alibi==0.5.2->-r dev_requirements.txt (line 11)) (3.7.4.3)
Requirement already satisfied: spacy[lookups] in /usr/local/lib/python3.6/site-packages (from alibi==0.5.2->-r dev_requirements.txt (line 11)) (2.3.2)
Requirement already satisfied: Pillow in /usr/local/lib/python3.6/site-packages (from alibi==0.5.2->-r dev_requirements.txt (line 11)) (7.2.0)
Requirement already satisfied: scipy in /usr/local/lib/python3.6/site-packages (from alibi==0.5.2->-r dev_requirements.txt (line 11)) (1.5.2)
Requirement already satisfied: numpy in /usr/local/lib/python3.6/site-packages (from alibi==0.5.2->-r dev_requirements.txt (line 11)) (1.19.2)
Requirement already satisfied: scikit-learn in /usr/local/lib/python3.6/site-packages (from alibi==0.5.2->-r dev_requirements.txt (line 11)) (0.23.2)
Requirement already satisfied: prettyprinter in /usr/local/lib/python3.6/site-packages (from alibi==0.5.2->-r dev_requirements.txt (line 11)) (0.18.0)
Requirement already satisfied: beautifulsoup4 in /usr/local/lib/python3.6/site-packages (from alibi==0.5.2->-r dev_requirements.txt (line 11)) (4.9.1)
Requirement already satisfied: tqdm>4.25.0 in /usr/local/lib/python3.6/site-packages (from shap==0.35.0->-r dev_requirements.txt (line 12)) (4.49.0)
Requirement already satisfied: python-dateutil>=2.1 in /usr/local/lib/python3.6/site-packages (from matplotlib==3.1.3->-r dev_requirements.txt (line 13)) (2.8.1)
Requirement already satisfied: kiwisolver>=1.0.1 in /usr/local/lib/python3.6/site-packages (from matplotlib==3.1.3->-r dev_requirements.txt (line 13)) (1.2.0)
Requirement already satisfied: cycler>=0.10 in /usr/local/lib/python3.6/site-packages (from matplotlib==3.1.3->-r dev_requirements.txt (line 13)) (0.10.0)
Requirement already satisfied: pyparsing!=2.0.4,!=2.1.2,!=2.1.6,>=2.0.1 in /usr/local/lib/python3.6/site-packages (from matplotlib==3.1.3->-r dev_requirements.txt (line 13)) (2.4.7)
Requirement already satisfied: absl-py>=0.7.0 in /usr/local/lib/python3.6/site-packages (from tensorflow==1.15.4->-r dev_requirements.txt (line 14)) (0.10.0)
Requirement already satisfied: protobuf>=3.6.1 in /usr/local/lib/python3.6/site-packages (from tensorflow==1.15.4->-r dev_requirements.txt (line 14)) (3.13.0)
Requirement already satisfied: grpcio>=1.8.6 in /usr/local/lib/python3.6/site-packages (from tensorflow==1.15.4->-r dev_requirements.txt (line 14)) (1.32.0)
Requirement already satisfied: keras-applications>=1.0.8 in /usr/local/lib/python3.6/site-packages (from tensorflow==1.15.4->-r dev_requirements.txt (line 14)) (1.0.8)
Requirement already satisfied: gast==0.2.2 in /usr/local/lib/python3.6/site-packages (from tensorflow==1.15.4->-r dev_requirements.txt (line 14)) (0.2.2)
Requirement already satisfied: termcolor>=1.1.0 in /usr/local/lib/python3.6/site-packages (from tensorflow==1.15.4->-r dev_requirements.txt (line 14)) (1.1.0)
Requirement already satisfied: wrapt>=1.11.1 in /usr/local/lib/python3.6/site-packages (from tensorflow==1.15.4->-r dev_requirements.txt (line 14)) (1.12.1)
Requirement already satisfied: google-pasta>=0.1.6 in /usr/local/lib/python3.6/site-packages (from tensorflow==1.15.4->-r dev_requirements.txt (line 14)) (0.2.0)
Requirement already satisfied: tensorflow-estimator==1.15.1 in /usr/local/lib/python3.6/site-packages (from tensorflow==1.15.4->-r dev_requirements.txt (line 14)) (1.15.1)
Requirement already satisfied: keras-preprocessing>=1.0.5 in /usr/local/lib/python3.6/site-packages (from tensorflow==1.15.4->-r dev_requirements.txt (line 14)) (1.1.2)
Requirement already satisfied: wheel>=0.26; python_version >= "3" in /usr/local/lib/python3.6/site-packages (from tensorflow==1.15.4->-r dev_requirements.txt (line 14)) (0.35.1)
Requirement already satisfied: tensorboard<1.16.0,>=1.15.0 in /usr/local/lib/python3.6/site-packages (from tensorflow==1.15.4->-r dev_requirements.txt (line 14)) (1.15.0)
Requirement already satisfied: opt-einsum>=2.3.2 in /usr/local/lib/python3.6/site-packages (from tensorflow==1.15.4->-r dev_requirements.txt (line 14)) (3.3.0)
Requirement already satisfied: astor>=0.6.0 in /usr/local/lib/python3.6/site-packages (from tensorflow==1.15.4->-r dev_requirements.txt (line 14)) (0.8.1)
Requirement already satisfied: zipp>=0.5 in /usr/local/lib/python3.6/site-packages (from importlib-metadata>=0.12; python_version < "3.8"->pytest==5.3.1->-r dev_requirements.txt (line 1)) (3.1.0)
Requirement already satisfied: apipkg>=1.4 in /usr/local/lib/python3.6/site-packages (from execnet>=1.1->pytest-xdist==1.30.0->-r dev_requirements.txt (line 2)) (1.5)
Requirement already satisfied: ptyprocess>=0.5 in /usr/local/lib/python3.6/site-packages (from pexpect; sys_platform != "win32"->ipython==7.13.0->-r dev_requirements.txt (line 9)) (0.6.0)
Requirement already satisfied: ipython-genutils in /usr/local/lib/python3.6/site-packages (from traitlets>=4.2->ipython==7.13.0->-r dev_requirements.txt (line 9)) (0.2.0)
Requirement already satisfied: parso<0.8.0,>=0.7.0 in /usr/local/lib/python3.6/site-packages (from jedi>=0.10->ipython==7.13.0->-r dev_requirements.txt (line 9)) (0.7.1)
Requirement already satisfied: jsonschema!=2.5.0,>=2.4 in /usr/local/lib/python3.6/site-packages (from nbformat>=4.4->nbconvert==5.6.1->-r dev_requirements.txt (line 10)) (3.2.0)
Requirement already satisfied: webencodings in /usr/local/lib/python3.6/site-packages (from bleach->nbconvert==5.6.1->-r dev_requirements.txt (line 10)) (0.5.1)
Requirement already satisfied: MarkupSafe>=0.23 in /usr/local/lib/python3.6/site-packages (from jinja2>=2.4->nbconvert==5.6.1->-r dev_requirements.txt (line 10)) (1.1.1)
Requirement already satisfied: chardet<4,>=3.0.2 in /usr/local/lib/python3.6/site-packages (from requests->alibi==0.5.2->-r dev_requirements.txt (line 11)) (3.0.4)
Requirement already satisfied: urllib3!=1.25.0,!=1.25.1,<1.26,>=1.21.1 in /usr/local/lib/python3.6/site-packages (from requests->alibi==0.5.2->-r dev_requirements.txt (line 11)) (1.25.10)
Requirement already satisfied: certifi>=2017.4.17 in /usr/local/lib/python3.6/site-packages (from requests->alibi==0.5.2->-r dev_requirements.txt (line 11)) (2020.6.20)
Requirement already satisfied: idna<3,>=2.5 in /usr/local/lib/python3.6/site-packages (from requests->alibi==0.5.2->-r dev_requirements.txt (line 11)) (2.10)
Requirement already satisfied: pytz>=2017.2 in /usr/local/lib/python3.6/site-packages (from pandas->alibi==0.5.2->-r dev_requirements.txt (line 11)) (2020.1)
Requirement already satisfied: tifffile>=2019.7.26 in /usr/local/lib/python3.6/site-packages (from scikit-image!=0.17.1->alibi==0.5.2->-r dev_requirements.txt (line 11)) (2020.9.3)
Requirement already satisfied: imageio>=2.3.0 in /usr/local/lib/python3.6/site-packages (from scikit-image!=0.17.1->alibi==0.5.2->-r dev_requirements.txt (line 11)) (2.9.0)
Requirement already satisfied: networkx>=2.0 in /usr/local/lib/python3.6/site-packages (from scikit-image!=0.17.1->alibi==0.5.2->-r dev_requirements.txt (line 11)) (2.5)
Requirement already satisfied: PyWavelets>=1.1.1 in /usr/local/lib/python3.6/site-packages (from scikit-image!=0.17.1->alibi==0.5.2->-r dev_requirements.txt (line 11)) (1.1.1)
Requirement already satisfied: wasabi<1.1.0,>=0.4.0 in /usr/local/lib/python3.6/site-packages (from spacy[lookups]->alibi==0.5.2->-r dev_requirements.txt (line 11)) (0.8.0)
Requirement already satisfied: catalogue<1.1.0,>=0.0.7 in /usr/local/lib/python3.6/site-packages (from spacy[lookups]->alibi==0.5.2->-r dev_requirements.txt (line 11)) (1.0.0)
Requirement already satisfied: murmurhash<1.1.0,>=0.28.0 in /usr/local/lib/python3.6/site-packages (from spacy[lookups]->alibi==0.5.2->-r dev_requirements.txt (line 11)) (1.0.2)
Requirement already satisfied: thinc==7.4.1 in /usr/local/lib/python3.6/site-packages (from spacy[lookups]->alibi==0.5.2->-r dev_requirements.txt (line 11)) (7.4.1)
Requirement already satisfied: plac<1.2.0,>=0.9.6 in /usr/local/lib/python3.6/site-packages (from spacy[lookups]->alibi==0.5.2->-r dev_requirements.txt (line 11)) (1.1.3)
Requirement already satisfied: blis<0.5.0,>=0.4.0 in /usr/local/lib/python3.6/site-packages (from spacy[lookups]->alibi==0.5.2->-r dev_requirements.txt (line 11)) (0.4.1)
Requirement already satisfied: preshed<3.1.0,>=3.0.2 in /usr/local/lib/python3.6/site-packages (from spacy[lookups]->alibi==0.5.2->-r dev_requirements.txt (line 11)) (3.0.2)
Requirement already satisfied: srsly<1.1.0,>=1.0.2 in /usr/local/lib/python3.6/site-packages (from spacy[lookups]->alibi==0.5.2->-r dev_requirements.txt (line 11)) (1.0.2)
Requirement already satisfied: cymem<2.1.0,>=2.0.2 in /usr/local/lib/python3.6/site-packages (from spacy[lookups]->alibi==0.5.2->-r dev_requirements.txt (line 11)) (2.0.3)
Requirement already satisfied: spacy-lookups-data<0.4.0,>=0.3.2; extra == "lookups" in /usr/local/lib/python3.6/site-packages (from spacy[lookups]->alibi==0.5.2->-r dev_requirements.txt (line 11)) (0.3.2)
Requirement already satisfied: joblib>=0.11 in /usr/local/lib/python3.6/site-packages (from scikit-learn->alibi==0.5.2->-r dev_requirements.txt (line 11)) (0.16.0)
Requirement already satisfied: threadpoolctl>=2.0.0 in /usr/local/lib/python3.6/site-packages (from scikit-learn->alibi==0.5.2->-r dev_requirements.txt (line 11)) (2.1.0)
Requirement already satisfied: colorful>=0.4.0 in /usr/local/lib/python3.6/site-packages (from prettyprinter->alibi==0.5.2->-r dev_requirements.txt (line 11)) (0.5.4)
Requirement already satisfied: soupsieve>1.2 in /usr/local/lib/python3.6/site-packages (from beautifulsoup4->alibi==0.5.2->-r dev_requirements.txt (line 11)) (2.0.1)
Requirement already satisfied: h5py in /usr/local/lib/python3.6/site-packages (from keras-applications>=1.0.8->tensorflow==1.15.4->-r dev_requirements.txt (line 14)) (2.10.0)
Requirement already satisfied: markdown>=2.6.8 in /usr/local/lib/python3.6/site-packages (from tensorboard<1.16.0,>=1.15.0->tensorflow==1.15.4->-r dev_requirements.txt (line 14)) (3.2.2)
Requirement already satisfied: werkzeug>=0.11.15 in /usr/local/lib/python3.6/site-packages (from tensorboard<1.16.0,>=1.15.0->tensorflow==1.15.4->-r dev_requirements.txt (line 14)) (1.0.1)
Requirement already satisfied: pyrsistent>=0.14.0 in /usr/local/lib/python3.6/site-packages (from jsonschema!=2.5.0,>=2.4->nbformat>=4.4->nbconvert==5.6.1->-r dev_requirements.txt (line 10)) (0.17.3)
Building wheels for collected packages: shap
  Building wheel for shap (setup.py): started
  Building wheel for shap (setup.py): finished with status 'done'
  Created wheel for shap: filename=shap-0.35.0-cp36-cp36m-linux_x86_64.whl size=450787 sha256=91e1472c88e5b79f778c75f205e962fa0ff0454bd565529455c1a0f1599538ff
  Stored in directory: /builder/home/.cache/pip/wheels/ac/f6/db/c284df1614d9fd3093cdcae76f0246077fb8862be3c4c95b09
Successfully built shap
Installing collected packages: pytest, coverage, pytest-cov, tenacity, shap, tensorflow
  Attempting uninstall: pytest
    Found existing installation: pytest 6.1.0
    Uninstalling pytest-6.1.0:
      Successfully uninstalled pytest-6.1.0
  Attempting uninstall: coverage
    Found existing installation: coverage 5.3
    Uninstalling coverage-5.3:
      Successfully uninstalled coverage-5.3
  Attempting uninstall: pytest-cov
    Found existing installation: pytest-cov 2.10.1
    Uninstalling pytest-cov-2.10.1:
      Successfully uninstalled pytest-cov-2.10.1
  Attempting uninstall: tenacity
    Found existing installation: tenacity 6.2.0
    Uninstalling tenacity-6.2.0:
      Successfully uninstalled tenacity-6.2.0
  Attempting uninstall: shap
    Found existing installation: shap 0.36.0
    Uninstalling shap-0.36.0:
      Successfully uninstalled shap-0.36.0
  Attempting uninstall: tensorflow
    Found existing installation: tensorflow 1.15.2
    Uninstalling tensorflow-1.15.2:
      Successfully uninstalled tensorflow-1.15.2
ERROR: After October 2020 you may experience errors when installing or updating packages. This is because pip will change the way that it resolves dependency conflicts.

We recommend you use --use-feature=2020-resolver to test your packages with the new resolver before it becomes the default.

tensorflow 1.15.4 requires numpy<1.19.0,>=1.16.0, but you'll have numpy 1.19.2 which is incompatible.
alibi 0.5.2 requires tensorflow>=2.0, but you'll have tensorflow 1.15.4 which is incompatible.
Successfully installed coverage-4.5.4 pytest-5.3.1 pytest-cov-2.8.1 shap-0.35.0 tenacity-6.0.0 tensorflow-1.15.4
pip install -e ../../python
Obtaining file:///workspace/source/python
Requirement already satisfied: Flask<2.0.0 in /usr/local/lib/python3.6/site-packages (from seldon-core==1.3.0.dev0) (1.1.2)
Requirement already satisfied: jsonschema<4.0.0 in /usr/local/lib/python3.6/site-packages (from seldon-core==1.3.0.dev0) (3.2.0)
Requirement already satisfied: Flask-cors<4.0.0 in /usr/local/lib/python3.6/site-packages (from seldon-core==1.3.0.dev0) (3.0.9)
Requirement already satisfied: redis<4.0.0 in /usr/local/lib/python3.6/site-packages (from seldon-core==1.3.0.dev0) (3.5.3)
Requirement already satisfied: requests<3.0.0 in /usr/local/lib/python3.6/site-packages (from seldon-core==1.3.0.dev0) (2.24.0)
Requirement already satisfied: numpy<2.0.0 in /usr/local/lib/python3.6/site-packages (from seldon-core==1.3.0.dev0) (1.19.2)
Requirement already satisfied: flatbuffers<2.0.0 in /usr/local/lib/python3.6/site-packages (from seldon-core==1.3.0.dev0) (1.12)
Requirement already satisfied: protobuf<4.0.0 in /usr/local/lib/python3.6/site-packages (from seldon-core==1.3.0.dev0) (3.13.0)
Requirement already satisfied: grpcio<2.0.0 in /usr/local/lib/python3.6/site-packages (from seldon-core==1.3.0.dev0) (1.32.0)
Requirement already satisfied: Flask-OpenTracing<1.2.0,>=1.1.0 in /usr/local/lib/python3.6/site-packages (from seldon-core==1.3.0.dev0) (1.1.0)
Requirement already satisfied: opentracing<2.4.0,>=2.2.0 in /usr/local/lib/python3.6/site-packages (from seldon-core==1.3.0.dev0) (2.3.0)
Requirement already satisfied: jaeger-client<4.4.0,>=4.1.0 in /usr/local/lib/python3.6/site-packages (from seldon-core==1.3.0.dev0) (4.3.0)
Requirement already satisfied: grpcio-opentracing<1.2.0,>=1.1.4 in /usr/local/lib/python3.6/site-packages (from seldon-core==1.3.0.dev0) (1.1.4)
Requirement already satisfied: PyYAML<5.4 in /usr/local/lib/python3.6/site-packages (from seldon-core==1.3.0.dev0) (5.3.1)
Requirement already satisfied: gunicorn<20.1.0,>=19.9.0 in /usr/local/lib/python3.6/site-packages (from seldon-core==1.3.0.dev0) (20.0.4)
Requirement already satisfied: setuptools>=41.0.0 in /usr/local/lib/python3.6/site-packages (from seldon-core==1.3.0.dev0) (50.3.0)
Requirement already satisfied: prometheus_client<0.9.0,>=0.7.1 in /usr/local/lib/python3.6/site-packages (from seldon-core==1.3.0.dev0) (0.8.0)
Requirement already satisfied: Werkzeug>=0.15 in /usr/local/lib/python3.6/site-packages (from Flask<2.0.0->seldon-core==1.3.0.dev0) (1.0.1)
Requirement already satisfied: Jinja2>=2.10.1 in /usr/local/lib/python3.6/site-packages (from Flask<2.0.0->seldon-core==1.3.0.dev0) (2.11.2)
Requirement already satisfied: itsdangerous>=0.24 in /usr/local/lib/python3.6/site-packages (from Flask<2.0.0->seldon-core==1.3.0.dev0) (1.1.0)
Requirement already satisfied: click>=5.1 in /usr/local/lib/python3.6/site-packages (from Flask<2.0.0->seldon-core==1.3.0.dev0) (7.1.2)
Requirement already satisfied: six>=1.11.0 in /usr/local/lib/python3.6/site-packages (from jsonschema<4.0.0->seldon-core==1.3.0.dev0) (1.15.0)
Requirement already satisfied: pyrsistent>=0.14.0 in /usr/local/lib/python3.6/site-packages (from jsonschema<4.0.0->seldon-core==1.3.0.dev0) (0.17.3)
Requirement already satisfied: attrs>=17.4.0 in /usr/local/lib/python3.6/site-packages (from jsonschema<4.0.0->seldon-core==1.3.0.dev0) (20.2.0)
Requirement already satisfied: importlib-metadata; python_version < "3.8" in /usr/local/lib/python3.6/site-packages (from jsonschema<4.0.0->seldon-core==1.3.0.dev0) (1.7.0)
Requirement already satisfied: chardet<4,>=3.0.2 in /usr/local/lib/python3.6/site-packages (from requests<3.0.0->seldon-core==1.3.0.dev0) (3.0.4)
Requirement already satisfied: idna<3,>=2.5 in /usr/local/lib/python3.6/site-packages (from requests<3.0.0->seldon-core==1.3.0.dev0) (2.10)
Requirement already satisfied: certifi>=2017.4.17 in /usr/local/lib/python3.6/site-packages (from requests<3.0.0->seldon-core==1.3.0.dev0) (2020.6.20)
Requirement already satisfied: urllib3!=1.25.0,!=1.25.1,<1.26,>=1.21.1 in /usr/local/lib/python3.6/site-packages (from requests<3.0.0->seldon-core==1.3.0.dev0) (1.25.10)
Requirement already satisfied: tornado>=4.3 in /usr/local/lib/python3.6/site-packages (from jaeger-client<4.4.0,>=4.1.0->seldon-core==1.3.0.dev0) (6.0.4)
Requirement already satisfied: thrift in /usr/local/lib/python3.6/site-packages (from jaeger-client<4.4.0,>=4.1.0->seldon-core==1.3.0.dev0) (0.13.0)
Requirement already satisfied: threadloop<2,>=1 in /usr/local/lib/python3.6/site-packages (from jaeger-client<4.4.0,>=4.1.0->seldon-core==1.3.0.dev0) (1.0.2)
Requirement already satisfied: MarkupSafe>=0.23 in /usr/local/lib/python3.6/site-packages (from Jinja2>=2.10.1->Flask<2.0.0->seldon-core==1.3.0.dev0) (1.1.1)
Requirement already satisfied: zipp>=0.5 in /usr/local/lib/python3.6/site-packages (from importlib-metadata; python_version < "3.8"->jsonschema<4.0.0->seldon-core==1.3.0.dev0) (3.1.0)
Installing collected packages: seldon-core
  Attempting uninstall: seldon-core
    Found existing installation: seldon-core 1.3.0.dev0
    Uninstalling seldon-core-1.3.0.dev0:
      Successfully uninstalled seldon-core-1.3.0.dev0
  Running setup.py develop for seldon-core
Successfully installed seldon-core
pytest \
	--verbose \
	-s \
	-m "notebooks" \
	-W ignore test_notebooks.py::TestNotebooks 2>&1
============================= test session starts ==============================
platform linux -- Python 3.6.10, pytest-5.3.1, py-1.9.0, pluggy-0.13.1 -- /usr/local/bin/python
cachedir: .pytest_cache
rootdir: /workspace/source/testing/scripts, inifile: setup.cfg
plugins: cov-2.8.1, xdist-1.30.0, flaky-3.6.1, forked-1.3.0
collecting ... collected 26 items

test_notebooks.py::TestNotebooks::test_helm_examples [NbConvertApp] Converting notebook ../../notebooks/helm_examples.ipynb to script
[NbConvertApp] Writing 6781 bytes to ../../notebooks/helm_examples.py

PODS UPDATE: NAMESPACE       NAME                                         READY   STATUS    RESTARTS   AGE


PODS UPDATE: cert-manager    cert-manager-5c47f46f57-d7c4z                1/1     Running   0          2m40s


PODS UPDATE: cert-manager    cert-manager-cainjector-6659d6844d-l79nd     1/1     Running   0          2m40s


PODS UPDATE: cert-manager    cert-manager-webhook-547567b88f-bf76w        1/1     Running   0          2m40s


PODS UPDATE: istio-system    grafana-6b65874977-2ltfl                     1/1     Running   0          5m3s


PODS UPDATE: istio-system    istio-citadel-86dcf4c6b-4hhd7                1/1     Running   0          5m3s


PODS UPDATE: istio-system    istio-egressgateway-68f754ccdd-zrr4q         1/1     Running   0          5m4s


PODS UPDATE: istio-system    istio-galley-5fc6d6c45b-8xfh5                1/1     Running   0          5m4s


PODS UPDATE: istio-system    istio-ingressgateway-6d759478d8-gpvn5        1/1     Running   0          5m2s


PODS UPDATE: istio-system    istio-pilot-5c4995d687-x88gk                 1/1     Running   0          5m3s


PODS UPDATE: istio-system    istio-policy-57b99968f-qmjsw                 1/1     Running   2          5m2s


PODS UPDATE: istio-system    istio-sidecar-injector-746f7c7bbb-zvwvn      1/1     Running   0          5m3s


PODS UPDATE: istio-system    istio-telemetry-854d8556d5-tn9qv             1/1     Running   2          5m1s


PODS UPDATE: istio-system    istio-tracing-c66d67cd9-w5qkl                1/1     Running   0          5m2s


PODS UPDATE: istio-system    kiali-8559969566-5mjwh                       1/1     Running   0          5m3s


PODS UPDATE: istio-system    prometheus-66c5887c86-s77fg                  1/1     Running   0          5m2s


PODS UPDATE: kube-system     coredns-5644d7b6d9-4f852                     1/1     Running   0          22m


PODS UPDATE: kube-system     coredns-5644d7b6d9-6lrp8                     1/1     Running   0          22m


PODS UPDATE: kube-system     etcd-kind-control-plane                      1/1     Running   0          22m


PODS UPDATE: kube-system     kindnet-c2v9z                                1/1     Running   0          22m


PODS UPDATE: kube-system     kindnet-wv6k9                                1/1     Running   0          22m


PODS UPDATE: kube-system     kube-apiserver-kind-control-plane            1/1     Running   0          22m


PODS UPDATE: kube-system     kube-controller-manager-kind-control-plane   1/1     Running   0          21m


PODS UPDATE: kube-system     kube-proxy-f7fp6                             1/1     Running   0          22m


PODS UPDATE: kube-system     kube-proxy-stfm4                             1/1     Running   0          22m


PODS UPDATE: kube-system     kube-scheduler-kind-control-plane            1/1     Running   0          22m


PODS UPDATE: kube-system     metrics-server-787cbd4d5d-zbjrl              1/1     Running   0          114s


PODS UPDATE: seldon-system   seldon-controller-manager-799597445-bsx**    1/1     Running   0          2m4s


PODS UPDATE: seldon          ambassador-7b5f9b58bf-29z54                  1/1     Running   0          5m50s


PODS UPDATE: seldon          jaeger-5cb557b89d-cxcps                      1/1     Running   0          2m41s


PODS UPDATE: seldon          jaeger-operator-67777ffc99-fmvqr             1/1     Running   0          2m57s


PODS UPDATE: seldon          mymodel-default-0-model-64cd8bbbd7-mzk7j     0/2     Pending   0          0s


PODS UPDATE: seldon          mymodel-default-0-model-64cd8bbbd7-mzk7j     0/2     Pending   0          0s


PODS UPDATE: seldon          mymodel-default-0-model-64cd8bbbd7-mzk7j     0/2     ContainerCreating   0          0s


PODS UPDATE: seldon          mymodel-default-0-model-64cd8bbbd7-mzk7j     0/2     Running             0          77s


PODS UPDATE: seldon          mymodel-default-0-model-64cd8bbbd7-mzk7j     1/2     Running             0          96s


PODS UPDATE: seldon          mymodel-default-0-model-64cd8bbbd7-mzk7j     2/2     Running             0          96s


PODS UPDATE: seldon          mymodel-default-0-model-64cd8bbbd7-mzk7j     2/2     Terminating         0          115s


PODS UPDATE: seldon          mymodel-default-0-model-57d979887b-nf9nd     0/2     Pending             0          0s


PODS UPDATE: seldon          mymodel-default-0-model-57d979887b-nf9nd     0/2     Pending             0          0s


PODS UPDATE: seldon          mymodel-default-0-model-57d979887b-nf9nd     0/2     ContainerCreating   0          0s


PODS UPDATE: seldon          mymodel-default-0-model-64cd8bbbd7-mzk7j     1/2     Terminating         0          2m6s


PODS UPDATE: seldon          mymodel-default-0-model-64cd8bbbd7-mzk7j     0/2     Terminating         0          2m20s


PODS UPDATE: seldon          mymodel-default-0-model-64cd8bbbd7-mzk7j     0/2     Terminating         0          2m21s


PODS UPDATE: seldon          mymodel-default-0-model-64cd8bbbd7-mzk7j     0/2     Terminating         0          2m21s


PODS UPDATE: seldon          mymodel-default-0-model-57d979887b-nf9nd     0/2     Running             0          47s


PODS UPDATE: seldon          mymodel-default-0-model-57d979887b-nf9nd     1/2     Running             0          66s


PODS UPDATE: seldon          mymodel-default-0-model-57d979887b-nf9nd     2/2     Running             0          70s


PODS UPDATE: seldon          mymodel-default-0-model-57d979887b-nf9nd     2/2     Terminating         0          86s


PODS UPDATE: seldon          myabtest-default-0-classifier-1-688654d445-jh4d2   0/2     Pending             0          0s


PODS UPDATE: seldon          myabtest-default-0-classifier-1-688654d445-jh4d2   0/2     Pending             0          0s


PODS UPDATE: seldon          myabtest-default-1-classifier-2-6f6f597cb9-z8vdn   0/1     Pending             0          0s


PODS UPDATE: seldon          myabtest-default-1-classifier-2-6f6f597cb9-z8vdn   0/1     Pending             0          0s


PODS UPDATE: seldon          myabtest-default-0-classifier-1-688654d445-jh4d2   0/2     ContainerCreating   0          0s


PODS UPDATE: seldon          myabtest-default-1-classifier-2-6f6f597cb9-z8vdn   0/1     ContainerCreating   0          0s


PODS UPDATE: seldon          myabtest-default-1-classifier-2-6f6f597cb9-z8vdn   0/1     Running             0          2s


PODS UPDATE: seldon          myabtest-default-0-classifier-1-688654d445-jh4d2   0/2     Running             0          2s


PODS UPDATE: seldon          mymodel-default-0-model-57d979887b-nf9nd           1/2     Terminating         0          96s


PODS UPDATE: seldon          mymodel-default-0-model-57d979887b-nf9nd           0/2     Terminating         0          106s


PODS UPDATE: seldon          myabtest-default-0-classifier-1-688654d445-jh4d2   1/2     Running             0          22s


PODS UPDATE: seldon          myabtest-default-1-classifier-2-6f6f597cb9-z8vdn   1/1     Running             0          23s


PODS UPDATE: seldon          myabtest-default-0-classifier-1-688654d445-jh4d2   2/2     Running             0          24s


PODS UPDATE: seldon          mymodel-default-0-model-57d979887b-nf9nd           0/2     Terminating         0          116s


PODS UPDATE: seldon          mymodel-default-0-model-57d979887b-nf9nd           0/2     Terminating         0          116s


PODS UPDATE: seldon          myabtest-default-1-classifier-2-6f6f597cb9-z8vdn   1/1     Terminating         0          41s


PODS UPDATE: seldon          myabtest-default-0-classifier-1-688654d445-jh4d2   2/2     Terminating         0          41s


PODS UPDATE: seldon          myabtest-default-0-classifier-1-d449bc966-nb428    0/2     Pending             0          0s


PODS UPDATE: seldon          myabtest-default-1-classifier-2-6b7db66597-gb9vx   0/1     Pending             0          0s


PODS UPDATE: seldon          myabtest-default-1-classifier-2-6b7db66597-gb9vx   0/1     Pending             0          0s


PODS UPDATE: seldon          myabtest-default-0-classifier-1-d449bc966-nb428    0/2     Pending             0          0s


PODS UPDATE: seldon          myabtest-default-1-classifier-2-6b7db66597-gb9vx   0/1     ContainerCreating   0          0s


PODS UPDATE: seldon          myabtest-default-0-classifier-1-d449bc966-nb428    0/2     ContainerCreating   0          0s


PODS UPDATE: seldon          myabtest-default-0-classifier-1-d449bc966-nb428    0/2     Running             0          2s


PODS UPDATE: seldon          myabtest-default-1-classifier-2-6b7db66597-gb9vx   0/1     Running             0          2s


PODS UPDATE: seldon          myabtest-default-0-classifier-1-688654d445-jh4d2   1/2     Terminating         0          53s


PODS UPDATE: seldon          myabtest-default-1-classifier-2-6f6f597cb9-z8vdn   0/1     Terminating         0          62s


PODS UPDATE: seldon          myabtest-default-0-classifier-1-688654d445-jh4d2   0/2     Terminating         0          62s


PODS UPDATE: seldon          myabtest-default-0-classifier-1-688654d445-jh4d2   0/2     Terminating         0          65s


PODS UPDATE: seldon          myabtest-default-0-classifier-1-688654d445-jh4d2   0/2     Terminating         0          65s


PODS UPDATE: seldon          myabtest-default-1-classifier-2-6f6f597cb9-z8vdn   0/1     Terminating         0          65s


PODS UPDATE: seldon          myabtest-default-1-classifier-2-6f6f597cb9-z8vdn   0/1     Terminating         0          65s


PODS UPDATE: seldon          myabtest-default-1-classifier-2-6b7db66597-gb9vx   1/1     Running             0          23s


PODS UPDATE: seldon          myabtest-default-0-classifier-1-d449bc966-nb428    1/2     Running             0          24s


PODS UPDATE: seldon          myabtest-default-0-classifier-1-d449bc966-nb428    2/2     Running             0          24s


PODS UPDATE: seldon          myabtest-default-1-classifier-2-6b7db66597-gb9vx   1/1     Terminating         0          40s


PODS UPDATE: seldon          myabtest-default-0-classifier-1-d449bc966-nb428    2/2     Terminating         0          40s


PODS UPDATE: seldon          mymab-default-0-classifier-1-664b75d5d6-kgp2k      0/2     Pending             0          0s


PODS UPDATE: seldon          mymab-default-1-classifier-2-5fbb94b6b6-l45p4      0/1     Pending             0          0s


PODS UPDATE: seldon          mymab-default-0-classifier-1-664b75d5d6-kgp2k      0/2     Pending             0          0s


PODS UPDATE: seldon          mymab-default-1-classifier-2-5fbb94b6b6-l45p4      0/1     Pending             0          0s


PODS UPDATE: seldon          mymab-default-2-eg-router-7944df495c-7gm97         0/1     Pending             0          0s


PODS UPDATE: seldon          mymab-default-2-eg-router-7944df495c-7gm97         0/1     Pending             0          0s


PODS UPDATE: seldon          mymab-default-0-classifier-1-664b75d5d6-kgp2k      0/2     ContainerCreating   0          0s


PODS UPDATE: seldon          mymab-default-1-classifier-2-5fbb94b6b6-l45p4      0/1     ContainerCreating   0          0s


PODS UPDATE: seldon          mymab-default-2-eg-router-7944df495c-7gm97         0/1     ContainerCreating   0          0s


PODS UPDATE: seldon          mymab-default-1-classifier-2-5fbb94b6b6-l45p4      0/1     Running             0          2s


PODS UPDATE: seldon          mymab-default-0-classifier-1-664b75d5d6-kgp2k      0/2     Running             0          2s


PODS UPDATE: seldon          myabtest-default-0-classifier-1-d449bc966-nb428    1/2     Terminating         0          54s


PODS UPDATE: seldon          mymab-default-2-eg-router-7944df495c-7gm97         0/1     Running             0          9s


PODS UPDATE: seldon          myabtest-default-0-classifier-1-d449bc966-nb428    0/2     Terminating         0          61s


PODS UPDATE: seldon          myabtest-default-0-classifier-1-d449bc966-nb428    0/2     Terminating         0          61s


PODS UPDATE: seldon          myabtest-default-1-classifier-2-6b7db66597-gb9vx   0/1     Terminating         0          61s


PODS UPDATE: seldon          mymab-default-1-classifier-2-5fbb94b6b6-l45p4      1/1     Running             0          22s


PODS UPDATE: seldon          myabPASSED
test_notebooks.py::TestNotebooks::test_explainer_examples [NbConvertApp] Converting notebook ../../notebooks/explainer_examples.ipynb to script
[NbConvertApp] Writing 29078 bytes to ../../notebooks/explainer_examples.py
test-default-1-classifier-2-6b7db66597-gb9vx   0/1     Terminating         0          69s


PODS UPDATE: seldon          myabtest-default-1-classifier-2-6b7db66597-gb9vx   0/1     Terminating         0          69s


PODS UPDATE: seldon          myabtest-default-0-classifier-1-d449bc966-nb428    0/2     Terminating         0          69s


PODS UPDATE: seldon          myabtest-default-0-classifier-1-d449bc966-nb428    0/2     Terminating         0          69s


PODS UPDATE: seldon          mymab-default-0-classifier-1-664b75d5d6-kgp2k      1/2     Running             0          25s


PODS UPDATE: seldon          mymab-default-2-eg-router-7944df495c-7gm97         1/1     Running             0          28s


PODS UPDATE: seldon          mymab-default-0-classifier-1-664b75d5d6-kgp2k      2/2     Running             0          32s


PODS UPDATE: seldon          mymab-default-1-classifier-2-5fbb94b6b6-l45p4      1/1     Terminating         0          48s


PODS UPDATE: seldon          mymab-default-2-eg-router-7944df495c-7gm97         1/1     Terminating         0          48s


PODS UPDATE: seldon          mymab-default-0-classifier-1-664b75d5d6-kgp2k      2/2     Terminating         0          48s


PODS UPDATE: seldon          mymab-default-0-classifier-1-857c858c46-cdl5b      0/2     Pending             0          0s


PODS UPDATE: seldon          mymab-default-1-classifier-2-86df69bc74-zk6bc      0/1     Pending             0          0s


PODS UPDATE: seldon          mymab-default-1-classifier-2-86df69bc74-zk6bc      0/1     Pending             0          0s


PODS UPDATE: seldon          mymab-default-0-classifier-1-857c858c46-cdl5b      0/2     Pending             0          0s


PODS UPDATE: seldon          mymab-default-2-eg-router-57bc97dc57-jzp4j         0/1     Pending             0          0s


PODS UPDATE: seldon          mymab-default-2-eg-router-57bc97dc57-jzp4j         0/1     Pending             0          0s


PODS UPDATE: seldon          mymab-default-1-classifier-2-86df69bc74-zk6bc      0/1     ContainerCreating   0          0s


PODS UPDATE: seldon          mymab-default-0-classifier-1-857c858c46-cdl5b      0/2     ContainerCreating   0          0s


PODS UPDATE: seldon          mymab-default-2-eg-router-57bc97dc57-jzp4j         0/1     ContainerCreating   0          0s


PODS UPDATE: seldon          mymab-default-0-classifier-1-857c858c46-cdl5b      0/2     Running             0          2s


PODS UPDATE: seldon          mymab-default-1-classifier-2-86df69bc74-zk6bc      0/1     Running             0          2s


PODS UPDATE: seldon          mymab-default-2-eg-router-57bc97dc57-jzp4j         0/1     Running             0          4s


PODS UPDATE: seldon          mymab-default-0-classifier-1-664b75d5d6-kgp2k      1/2     Terminating         0          62s


PODS UPDATE: seldon          mymab-default-0-classifier-1-664b75d5d6-kgp2k      0/2     Terminating         0          69s


PODS UPDATE: seldon          mymab-default-2-eg-router-7944df495c-7gm97         0/1     Terminating         0          69s


PODS UPDATE: seldon          mymab-default-1-classifier-2-5fbb94b6b6-l45p4      0/1     Terminating         0          69s


PODS UPDATE: seldon          mymab-default-1-classifier-2-5fbb94b6b6-l45p4      0/1     Terminating         0          73s


PODS UPDATE: seldon          mymab-default-1-classifier-2-5fbb94b6b6-l45p4      0/1     Terminating         0          73s


PODS UPDATE: seldon          mymab-default-2-eg-router-7944df495c-7gm97         0/1     Terminating         0          73s


PODS UPDATE: seldon          mymab-default-2-eg-router-7944df495c-7gm97         0/1     Terminating         0          73s


PODS UPDATE: seldon          mymab-default-0-classifier-1-664b75d5d6-kgp2k      0/2     Terminating         0          73s


PODS UPDATE: seldon          mymab-default-0-classifier-1-664b75d5d6-kgp2k      0/2     Terminating         0          73s


PODS UPDATE: seldon          mymab-default-0-classifier-1-857c858c46-cdl5b      1/2     Running             0          22s


PODS UPDATE: seldon          mymab-default-1-classifier-2-86df69bc74-zk6bc      1/1     Running             0          22s


PODS UPDATE: seldon          mymab-default-2-eg-router-57bc97dc57-jzp4j         1/1     Running             0          27s


PODS UPDATE: seldon          mymab-default-0-classifier-1-857c858c46-cdl5b      2/2     Running             0          30s


PODS UPDATE: seldon          mymab-default-2-eg-router-57bc97dc57-jzp4j         1/1     Terminating         0          47s


PODS UPDATE: seldon          mymab-default-1-classifier-2-86df69bc74-zk6bc      1/1     Terminating         0          47s


PODS UPDATE: seldon          mymab-default-0-classifier-1-857c858c46-cdl5b      2/2     Terminating         0          47s


PODS UPDATE: seldon          income-default-0-classifier-7fd6994d4c-px4kj       0/2     Pending             0          0s


PODS UPDATE: seldon          income-default-explainer-57fcddf7d4-4g5s5          0/1     Pending             0          0s


PODS UPDATE: seldon          income-default-0-classifier-7fd6994d4c-px4kj       0/2     Pending             0          0s


PODS UPDATE: seldon          income-default-explainer-57fcddf7d4-4g5s5          0/1     Pending             0          0s


PODS UPDATE: seldon          income-default-0-classifier-7fd6994d4c-px4kj       0/2     Init:0/1            0          0s


PODS UPDATE: seldon          income-default-explainer-57fcddf7d4-4g5s5          0/1     Init:0/1            0          0s


PODS UPDATE: seldon          mymab-default-0-classifier-1-857c858c46-cdl5b      1/2     Terminating         0          60s


PODS UPDATE: seldon          income-default-explainer-57fcddf7d4-4g5s5          0/1     Init:0/1            0          12s


PODS UPDATE: seldon          mymab-default-0-classifier-1-857c858c46-cdl5b      0/2     Terminating         0          68s


PODS UPDATE: seldon          income-default-0-classifier-7fd6994d4c-px4kj       0/2     Init:0/1            0          12s


PODS UPDATE: seldon          mymab-default-2-eg-router-57bc97dc57-jzp4j         0/1     Terminating         0          69s


PODS UPDATE: seldon          mymab-default-1-classifier-2-86df69bc74-zk6bc      0/1     Terminating         0          69s


PODS UPDATE: seldon          mymab-default-0-classifier-1-857c858c46-cdl5b      0/2     Terminating         0          69s


PODS UPDATE: seldon          mymab-default-0-classifier-1-857c858c46-cdl5b      0/2     Terminating         0          69s


PODS UPDATE: seldon          mymab-default-2-eg-router-57bc97dc57-jzp4j         0/1     Terminating         0          70s


PODS UPDATE: seldon          mymab-default-2-eg-router-57bc97dc57-jzp4j         0/1     Terminating         0          70s


PODS UPDATE: seldon          mymab-default-1-classifier-2-86df69bc74-zk6bc      0/1     Terminating         0          70s


PODS UPDATE: seldon          mymab-default-1-classifier-2-86df69bc74-zk6bc      0/1     Terminating         0          70s


PODS UPDATE: seldon          income-default-0-classifier-7fd6994d4c-px4kj       0/2     PodInitializing     0          15s


PODS UPDATE: seldon          income-default-explainer-57fcddf7d4-4g5s5          0/1     PodInitializing     0          16s


PODS UPDATE: seldon          income-default-0-classifier-7fd6994d4c-px4kj       0/2     Running             0          27s


PODS UPDATE: seldon          income-default-0-classifier-7fd6994d4c-px4kj       1/2     Running             0          49s


PODS UPDATE: seldon          income-default-0-classifier-7fd6994d4c-px4kj       2/2     Running             0          50s


PODS UPDATE: seldon          income-default-explainer-57fcddf7d4-4g5s5          0/1     Running             0          2m13s


PODS UPDATE: seldon          income-default-explainer-57fcddf7d4-4g5s5          1/1     Running             0          2m36s


PODS UPDATE: seldon          income-default-0-classifier-7fd6994d4c-px4kj       2/2     Terminating         0          2m55s


PODS UPDATE: seldon          income-default-explainer-57fcddf7d4-4g5s5          1/1     Terminating         0   seldondeployment.machinelearning.seldon.io "image" deleted
[NbConvertApp] Converting notebook ../../notebooks/explainer_examples.ipynb to script
[NbConvertApp] Writing 29078 bytes to ../../notebooks/explainer_examples.py
       2m55s


PODS UPDATE: seldon          movie-default-0-classifier-68dfcd97d6-r88sw        0/2     Pending             0          0s


PODS UPDATE: seldon          movie-default-explainer-6d7cd7c8bc-c8nwp           0/1     Pending             0          0s


PODS UPDATE: seldon          movie-default-0-classifier-68dfcd97d6-r88sw        0/2     Pending             0          0s


PODS UPDATE: seldon          movie-default-explainer-6d7cd7c8bc-c8nwp           0/1     Pending             0          0s


PODS UPDATE: seldon          movie-default-0-classifier-68dfcd97d6-r88sw        0/2     Init:0/1            0          0s


PODS UPDATE: seldon          movie-default-explainer-6d7cd7c8bc-c8nwp           0/1     ContainerCreating   0          0s


PODS UPDATE: seldon          movie-default-0-classifier-68dfcd97d6-r88sw        0/2     Init:0/1            0          1s


PODS UPDATE: seldon          movie-default-explainer-6d7cd7c8bc-c8nwp           0/1     Running             0          1s


PODS UPDATE: seldon          movie-default-0-classifier-68dfcd97d6-r88sw        0/2     PodInitializing     0          3s


PODS UPDATE: seldon          movie-default-0-classifier-68dfcd97d6-r88sw        0/2     Running             0          4s


PODS UPDATE: seldon          income-default-0-classifier-7fd6994d4c-px4kj       1/2     Terminating         0          3m5s


PODS UPDATE: seldon          income-default-0-classifier-7fd6994d4c-px4kj       0/2     Terminating         0          3m7s


PODS UPDATE: seldon          income-default-0-classifier-7fd6994d4c-px4kj       0/2     Terminating         0          3m13s


PODS UPDATE: seldon          income-default-0-classifier-7fd6994d4c-px4kj       0/2     Terminating         0          3m13s


PODS UPDATE: seldon          income-default-explainer-57fcddf7d4-4g5s5          0/1     Terminating         0          3m18s


PODS UPDATE: seldon          income-default-explainer-57fcddf7d4-4g5s5          0/1     Terminating         0          3m19s


PODS UPDATE: seldon          income-default-explainer-57fcddf7d4-4g5s5          0/1     Terminating         0          3m19s


PODS UPDATE: seldon          movie-default-0-classifier-68dfcd97d6-r88sw        1/2     Running             0          24s


PODS UPDATE: seldon          movie-default-0-classifier-68dfcd97d6-r88sw        2/2     Running             0          24s


PODS UPDATE: seldon          movie-default-explainer-6d7cd7c8bc-c8nwp           1/1     Running             0          29s


PODS UPDATE: seldon          movie-default-0-classifier-68dfcd97d6-r88sw        2/2     Terminating         0          86s


PODS UPDATE: seldon          movie-default-explainer-6d7cd7c8bc-c8nwp           1/1     Terminating         0          86s


PODS UPDATE: seldon          image-default-0-transformer-classifier-588d5db549-4z4xh   0/4     Pending             0          0s


PODS UPDATE: seldon          image-default-explainer-7f884749bf-hgrhv                  0/1     Pending             0          0s


PODS UPDATE: seldon          image-default-0-transformer-classifier-588d5db549-4z4xh   0/4     Pending             0          0s


PODS UPDATE: seldon          image-default-explainer-7f884749bf-hgrhv                  0/1     Pending             0          0s


PODS UPDATE: seldon          image-default-0-transformer-classifier-588d5db549-4z4xh   0/4     Init:0/1            0          0s


PODS UPDATE: seldon          image-default-explainer-7f884749bf-hgrhv                  0/1     Init:0/1            0          0s


PODS UPDATE: seldon          image-default-0-transformer-classifier-588d5db549-4z4xh   0/4     Init:0/1            0          2s


PODS UPDATE: seldon          image-default-explainer-7f884749bf-hgrhv                  0/1     Init:0/1            0          2s


PODS UPDATE: seldon          image-default-explainer-7f884749bf-hgrhv                  0/1     PodInitializing     0          4s


PODS UPDATE: seldon          image-default-explainer-7f884749bf-hgrhv                  0/1     Running             0          5s


PODS UPDATE: seldon          image-default-0-transformer-classifier-588d5db549-4z4xh   0/4     PodInitializing     0          8s


PODS UPDATE: seldon          movie-default-0-classifier-68dfcd97d6-r88sw               0/2     Terminating         0          99s


PODS UPDATE: seldon          movie-default-0-classifier-68dfcd97d6-r88sw               0/2     Terminating         0          99s


PODS UPDATE: seldon          movie-default-0-classifier-68dfcd97d6-r88sw               0/2     Terminating         0          103s


PODS UPDATE: seldon          movie-default-0-classifier-68dfcd97d6-r88sw               0/2     Terminating         0          103s


PODS UPDATE: seldon          movie-default-explainer-6d7cd7c8bc-c8nwp                  0/1     Terminating         0          108s


PODS UPDATE: seldon          movie-default-explainer-6d7cd7c8bc-c8nwp                  0/1     Terminating         0          108s


PODS UPDATE: seldon          movie-default-explainer-6d7cd7c8bc-c8nwp                  0/1     Terminating         0          113s


PODS UPDATE: seldon          movie-default-explainer-6d7cd7c8bc-c8nwp                  0/1     Terminating         0          113s


PODS UPDATE: seldon          image-default-explainer-7f884749bf-hgrhv                  1/1     Running             0          26s


PODS UPDATE: seldon          image-default-0-transformer-classifier-588d5db549-4z4xh   1/4     Running             0          91s


PODS UPDATE: seldon          image-default-0-transformer-classifier-588d5db549-4z4xh   2/4     Running             0          93s


PODS UPDATE: seldon          image-default-0-transformer-classifier-588d5db549-4z4xh   3/4     Running             0          101s


PODS UPDATE: seldon          image-default-0-transformer-classifier-588d5db549-4z4xh   4/4     Running             0          114s


PODS UPDATE: seldon          image-default-0-transformer-classifier-588d5db549-4z4xh   4/4     Terminating         0          2m31s


PODS UPDATE: seldon          image-default-explainer-7f884749bf-hgrhv                  1/1     Terminating         0          2m31s


PODS UPDATE: seldon          income-default-explainer-57fcddf7d4-tdx7q                 0/1     Pending             0          0s


PODS UPDATE: seldon          income-default-0-classifier-7fd6994d4c-p4rdc              0/2     Pending             0          0s


PODS UPDATE: seldon          income-default-explainer-57fcddf7d4-tdx7q                 0/1     Pending             0          0s


PODS UPDATE: seldon          income-default-0-classifier-7fd6994d4c-p4rdc              0/2     Pending             0          0s


PODS UPDATE: seldon          income-default-explainer-57fcddf7d4-tdx7q                 0/1     Init:0/1            0          0s


PODS UPDATE: seldon          income-default-0-classifier-7fd6994d4c-p4rdc              0/2     Init:0/1            0          0s


PODS UPDATE: seldon          income-default-0-classifier-7fd6994d4c-p4rdc              0/2     Init:0/1            0          2s


PODS UPDATE: seldon          income-default-explainer-57fcddf7d4-tdx7q                 0/1     Init:0/1            0          2s


PODS UPDATE: seldon          income-default-explainer-57fcddf7d4-tdx7q                 0/1     PodInitializing     0          4s


PODS UPDATE: seldon          income-default-explainer-57fcddf7d4-tdx7q                 0/1     Running             0          5s


PODS UPDATE: seldon          image-default-0-transformer-classifier-588d5db549-4z4xh   3/4     Terminating         0          2m44s


PODS UPDATE: seldon          income-default-0-classifier-7fd6994d4c-p4rdc              0/2     PodInitializing     0          9s


PODS UPDATE: seldon          income-default-0-classifier-7fd6994d4c-p4rdc              0/2     Running             0          10s


PODS UPDATE: seldon          image-default-0-transformer-classifier-588d5db549-4z4xh   2/4     Terminating         0          2m51s


PODS UPDATE: seldon          image-default-0-transformer-classifier-588d5db549-4z4xh   0/4     Terminating         0          2m52s


PODS UPDATE: seldseldondeployment.machinelearning.seldon.io "image" deleted
FAILED
test_notebooks.py::TestNotebooks::test_istio_examples [NbConvertApp] Converting notebook ../../notebooks/istio_example.ipynb to script
[NbConvertApp] Writing 5706 bytes to ../../notebooks/istio_example.py
on          image-default-0-transformer-classifier-588d5db549-4z4xh   0/4     Terminating         0          2m52s


PODS UPDATE: seldon          image-default-explainer-7f884749bf-hgrhv                  0/1     Terminating         0          2m52s


PODS UPDATE: seldon          image-default-explainer-7f884749bf-hgrhv                  0/1     Terminating         0          2m53s


PODS UPDATE: seldon          image-default-explainer-7f884749bf-hgrhv                  0/1     Terminating         0          2m53s


PODS UPDATE: seldon          income-default-explainer-57fcddf7d4-tdx7q                 1/1     Running             0          24s


PODS UPDATE: seldon          image-default-0-transformer-classifier-588d5db549-4z4xh   0/4     Terminating         0          3m2s


PODS UPDATE: seldon          image-default-0-transformer-classifier-588d5db549-4z4xh   0/4     Terminating         0          3m2s


PODS UPDATE: seldon          income-default-0-classifier-7fd6994d4c-p4rdc              1/2     Running             0          29s


PODS UPDATE: seldon          income-default-0-classifier-7fd6994d4c-p4rdc              2/2     Running             0          31s


PODS UPDATE: seldon          income-default-0-classifier-7fd6994d4c-p4rdc              2/2     Terminating         0          66s


PODS UPDATE: seldon          income-default-explainer-57fcddf7d4-tdx7q                 1/1     Terminating         0          66s


PODS UPDATE: seldon          movie-default-0-classifier-68dfcd97d6-kjl5p               0/2     Pending             0          0s


PODS UPDATE: seldon          movie-default-explainer-6d7cd7c8bc-6hd52                  0/1     Pending             0          0s


PODS UPDATE: seldon          movie-default-0-classifier-68dfcd97d6-kjl5p               0/2     Pending             0          0s


PODS UPDATE: seldon          movie-default-explainer-6d7cd7c8bc-6hd52                  0/1     Pending             0          0s


PODS UPDATE: seldon          movie-default-0-classifier-68dfcd97d6-kjl5p               0/2     Init:0/1            0          0s


PODS UPDATE: seldon          movie-default-explainer-6d7cd7c8bc-6hd52                  0/1     ContainerCreating   0          0s


PODS UPDATE: seldon          movie-default-0-classifier-68dfcd97d6-kjl5p               0/2     Init:0/1            0          2s


PODS UPDATE: seldon          movie-default-explainer-6d7cd7c8bc-6hd52                  0/1     Running             0          2s


PODS UPDATE: seldon          movie-default-0-classifier-68dfcd97d6-kjl5p               0/2     PodInitializing     0          4s


PODS UPDATE: seldon          movie-default-0-classifier-68dfcd97d6-kjl5p               0/2     Running             0          5s


PODS UPDATE: seldon          income-default-0-classifier-7fd6994d4c-p4rdc              1/2     Terminating         0          76s


PODS UPDATE: seldon          income-default-0-classifier-7fd6994d4c-p4rdc              0/2     Terminating         0          78s


PODS UPDATE: seldon          income-default-0-classifier-7fd6994d4c-p4rdc              0/2     Terminating         0          79s


PODS UPDATE: seldon          income-default-0-classifier-7fd6994d4c-p4rdc              0/2     Terminating         0          86s


PODS UPDATE: seldon          income-default-0-classifier-7fd6994d4c-p4rdc              0/2     Terminating         0          86s


PODS UPDATE: seldon          income-default-explainer-57fcddf7d4-tdx7q                 0/1     Terminating         0          89s


PODS UPDATE: seldon          income-default-explainer-57fcddf7d4-tdx7q                 0/1     Terminating         0          90s


PODS UPDATE: seldon          income-default-explainer-57fcddf7d4-tdx7q                 0/1     Terminating         0          90s


PODS UPDATE: seldon          movie-default-0-classifier-68dfcd97d6-kjl5p               1/2     Running             0          25s


PODS UPDATE: seldon          movie-default-0-classifier-68dfcd97d6-kjl5p               2/2     Running             0          28s


PODS UPDATE: seldon          movie-default-explainer-6d7cd7c8bc-6hd52                  1/1     Running             0          33s


PODS UPDATE: seldon          movie-default-0-classifier-68dfcd97d6-kjl5p               2/2     Terminating         0          90s


PODS UPDATE: seldon          movie-default-explainer-6d7cd7c8bc-6hd52                  1/1     Terminating         0          90s


PODS UPDATE: seldon          image-default-0-transformer-classifier-588d5db549-qp4nv   0/4     Pending             0          0s


PODS UPDATE: seldon          image-default-explainer-7f884749bf-g945q                  0/1     Pending             0          0s


PODS UPDATE: seldon          image-default-0-transformer-classifier-588d5db549-qp4nv   0/4     Pending             0          0s


PODS UPDATE: seldon          image-default-explainer-7f884749bf-g945q                  0/1     Pending             0          0s


PODS UPDATE: seldon          image-default-0-transformer-classifier-588d5db549-qp4nv   0/4     Init:0/1            0          0s


PODS UPDATE: seldon          image-default-explainer-7f884749bf-g945q                  0/1     Init:0/1            0          0s


PODS UPDATE: seldon          image-default-0-transformer-classifier-588d5db549-qp4nv   0/4     Init:0/1            0          1s


PODS UPDATE: seldon          image-default-explainer-7f884749bf-g945q                  0/1     Init:0/1            0          1s


PODS UPDATE: seldon          image-default-explainer-7f884749bf-g945q                  0/1     PodInitializing     0          3s


PODS UPDATE: seldon          image-default-explainer-7f884749bf-g945q                  0/1     Running             0          4s


PODS UPDATE: seldon          image-default-0-transformer-classifier-588d5db549-qp4nv   0/4     PodInitializing     0          5s


PODS UPDATE: seldon          movie-default-0-classifier-68dfcd97d6-kjl5p               0/2     Terminating         0          102s


PODS UPDATE: seldon          image-default-0-transformer-classifier-588d5db549-qp4nv   1/4     Running             0          7s


PODS UPDATE: seldon          movie-default-0-classifier-68dfcd97d6-kjl5p               0/2     Terminating         0          103s


PODS UPDATE: seldon          movie-default-0-classifier-68dfcd97d6-kjl5p               0/2     Terminating         0          103s


PODS UPDATE: seldon          movie-default-explainer-6d7cd7c8bc-6hd52                  0/1     Terminating         0          111s


PODS UPDATE: seldon          movie-default-explainer-6d7cd7c8bc-6hd52                  0/1     Terminating         0          115s


PODS UPDATE: seldon          movie-default-explainer-6d7cd7c8bc-6hd52                  0/1     Terminating         0          115s


PODS UPDATE: seldon          image-default-0-transformer-classifier-588d5db549-qp4nv   2/4     Running             0          28s


PODS UPDATE: seldon          image-default-0-transformer-classifier-588d5db549-qp4nv   3/4     Running             0          28s


PODS UPDATE: seldon          image-default-explainer-7f884749bf-g945q                  1/1     Running             0          28s


PODS UPDATE: seldon          image-default-0-transformer-classifier-588d5db549-qp4nv   4/4     Running             0          29s


PODS UPDATE: seldon          image-default-explainer-7f884749bf-g945q                  1/1     Terminating         0          57s


PODS UPDATE: seldon          image-default-0-transformer-classifier-588d5db549-qp4nv   4/4     Terminating         0          57s


PODS UPDATE: seldon          mymodel-default-0-model-64cd8bbbd7-rnk9h                  0/2     Pending             0          0s


PODS UPDATE: seldon          mymodel-default-0-model-64cd8bbbd7-rnk9h                  0/2     Pending             0          0s


PODS UPDATE: seldon          mymodel-default-0-model-64cd8bbbd7-rnk9h                  0/2     ContainerCreating   0          0s


PODS UPDATE: seldon          mymodel-default-0-model-64cd8bbbd7-rnk9h                  0/2     Running             0          2s


PODS UPDATE: seldon          image-default-0-transformer-classifier-588d5db549-qp4nv   3/4     Terminating         0          68s


PODS UPDATE: seldon          image-default-explainer-7f884749bf-g945q                  0/1     Terminating         0          78s


PODS UPDATE: seldon          image-default-0-transformer-classifier-588d5db549-qp4nv   0/4     Terminating         0          78s


PODS UPDATE: seldon          mymodel-default-0-model-64cd8bbbd7-rnk9h                  1/2     Running             0          21s


PODS UPDATE: seldon          mymodel-default-0-model-64cd8bbbd7-rnk9h                  2/2     Running             0          21s


PODS UPDATE: seldon          image-default-explainer-7f884749bf-g945q                  0/1     Terminating         0          90s


PODS UPDATE: seldon          image-default-explainer-7f884749bf-g945q                  0/1     Terminating         0          90s


PODS UPDATE: seldon          image-default-0-transformer-classifier-588d5db549-qp4nv   0/4     Terminating         0          90s


PODS UPDATE: seldon          image-default-0-transformer-classifier-588d5db549-qp4nv   0/4     Terminating         0          90s


PODS UPDATE: seldon          mymodel-default-0-model-64cd8bbbd7-rnk9h                  2/2     Terminating         0          40s


PODS UPDATE: seldon          myabtest-default-0-classifier-1-688654d445-25z77          0/2     Pending             0          0s


PODS UPDATE: seldon          myabtest-default-1-classifier-2-6f6f597cb9-ndh96          0/1     Pending             0          0s


PODS UPDATE: seldon          myabtest-default-0-classifier-1-688654d445-25z77          0/2     Pending             0          0s


PODS UPDATE: seldon          myabtest-default-1-classifier-2-6f6f597cb9-ndh96          0/1     Pending             0          0s


PODS UPDATE: seldon          myabtest-default-0-classifier-1-688654d445-25z77          0/2     ContainerCreating   0          0s


PODS UPDATE: seldon          myabtest-default-1-classifier-2-6f6f597cb9-ndh96          0/1     ContainerCreating   0          0s


PODS UPDATE: seldon          myabtest-default-0-classifier-1-688654d445-25z77          0/2     Running             0          1s


PODS UPDATE: seldon          myabtest-default-1-classifier-2-6f6f597cb9-ndh96          0/1     Running             0          1s


PODS UPDATE: seldon          mymodel-default-0-model-64cd8bbbd7-rnk9h                  1/2     Terminating         0          51s


PODS UPDATE: seldon          mymodel-default-0-model-64cd8bbbd7-rnk9h                  0/2     Terminating         0          61s


PODS UPDATE: seldon          mymodel-default-0-model-64cd8bbbd7-rnk9h                  0/2     Terminating         0          62s


PODS UPDATE: seldon          myabtest-default-1-classifier-2-6f6f597cb9-ndh96          1/1     Running             0          21s


PODS UPDATE: seldon          myabtest-default-0-classifier-1-688654d445-25z77          1/2     Running             0          21s


PODS UPDATE: seldon          myabtest-default-0-classifier-1-688654d445-25z77          2/2     Running             0          22s


PODS UPDATE: seldon          mymodel-default-0-model-64cd8bbbd7-rnk9h                  0/2     Terminating         0          69s


PODS UPDATE: seldon          mymodel-default-0-model-64cd8bbbd7-rnk9h                  0/2     Terminating         0          69s


PODS UPDATE: seldon          myabtest-default-0-classifier-1-688654d445-25z77          2/2     Terminating         0          38s


PODS UPDATE: seldon          myabtest-default-1-classifier-2-6f6f597cb9-ndh96          1/1     Terminating         0          38s


PODS UPDATE: seldon          mymab-default-0-classifier-1-664b75d5d6-mg8q2             0/2     Pending             0          0s


PODS UPDATE: seldon          mymab-default-1-classifier-2-5fbb94b6b6-98nx2             0/1     Pending             0          0s


PODS UPDATE: seldon          mymab-default-0-classifier-1-664b75d5d6-mg8q2             0/2     Pending             0          0s


PODS UPDATE: seldon          mymab-default-1-classifier-2-5fbb94b6b6-98nx2             0/1     Pending             0          0s


PODS UPDATE: seldon          mymab-default-2-eg-router-7944df495c-mx5pl                0/1     Pending             0          0s


PODS UPDATE: seldon          mymab-default-2-eg-router-7944df495c-mx5pl                0/1     Pending             0          0s


PODS UPDATE: seldon          mymab-default-0-classifier-1-664b75d5d6-mg8q2             0/2     ContainerCreating   0          0s


PODS UPDATE: seldon          mymab-default-1-classifier-2-5fbb94b6b6-98nx2             0/1     ContainerCreating   0          0s


PODS UPDATE: seldon          mymab-default-2-eg-router-7944df495c-mx5pl                0/1     ContainerCreating   0          0s


PODS UPDATE: seldon          mymab-default-2-eg-router-7944df495c-mx5pl                0/1     Running             0          2s


PODS UPDATE: seldon          mymab-default-1-classifier-2-5fbb94b6b6-98nx2             0/1     Running             0          2s


PODS UPDATE: seldon          mymab-default-0-classifier-1-664b75d5d6-mg8q2             0/2     Running             0          2s


PODS UPDATE: seldon          myabtest-default-0-classifier-1-688654d445-25z77          1/2     Terminating         0          52s


PODS UPDATE: seldon          myabtest-default-0-classifier-1-688654d445-25z77          0/2     Terminating         0          59s


PODS UPDATE: seldon          myabtest-default-0-classifier-1-688654d445-25z77          0/2     Terminating         0          59s


PODS UPDATE: seldon          myabtest-default-1-classifier-2-6f6f597cb9-ndh96          0/1     Terminating         0          59s


PODS UPDATE: seldon          myabtest-default-1-classifier-2-6f6f597cb9-ndh96          0/1     Terminating         0          63s


PODS UPDATE: seldon          myabtest-default-1-classifier-2-6f6f597cb9-ndh96          0/1     Terminating         0          63s


PODS UPDATE: seldon          myabtest-default-0-classifier-1-688654d445-25z77          0/2     Terminating         0          63s


PODS UPDATE: seldon          myabtest-default-0-classifier-1-688654d445-25z77          0/2     Terminating         0          63s


PODS UPDATE: seldon          mymab-default-2-eg-router-7944df495c-mx5pl                1/1     Running             0          21s


PODS UPDATE: seldon          mymab-default-0-classifier-1-664b75d5d6-mg8q2             1/2     Running             0          23s


PODS UPDATE: seldon          mymab-default-1-classifier-2-5fbb94b6b6-98nx2             1/1     Running             0          25s


PODS UPDATE: seldon          mymab-default-0-classifier-1-664b75d5d6-mg8q2             2/2     Running             0          26s


PODS UPDATE: seldon          mymab-default-1-classifier-2-5fbb94b6b6-98nx2             1/1     Terminating         0          42s


PODS UPDATE: seldon          mymab-default-0-classifier-1-664b75d5d6-mg8q2             2/2     Terminating         0          42s


PODS UPDATE: seldon          mymab-default-2-eg-router-7944df495c-mx5pl                1/1     Terminating         0          42s


PODS UPDATE: seldon          iris-default-0-iris-default-7877c79ffd-klvkt              0/2     Pending             0          0s


PODS UPDATE: seldon          iris-shadow-0-iris-shadow-6fd7c7fd68-8m8pb                0/2     Pending             0          0s


PODS UPDATE: seldon          iris-default-0-iris-default-7877c79ffd-klvkt              0/2     Pending             0          0s


PODS UPDATE: seldon          iris-shadow-0-iris-shadow-6fd7c7fd68-8m8pb                0/2     Pending             0          0s


PODS UPDATE: seldon          iris-default-0-iris-default-7877c79ffd-klvkt              0/2     Init:0/1            0          0s


PODS UPDATE: seldon          iris-shadow-0-iris-shadow-6fd7c7fd68-8m8pb                0/2     Init:0/1            0          0s


PODS UPDATE: seldon          iris-shadow-0-iris-shadow-6fd7c7fd68-8m8pb                0/2     Init:0/1            0          1s


PODS UPDATE: seldon          iris-default-0-iris-default-7877c79ffd-klPASSED
test_notebooks.py::TestNotebooks::test_max_grpc_msg_size [NbConvertApp] Converting notebook ../../notebooks/max_grpc_msg_size.ipynb to script
[NbConvertApp] Writing 6437 bytes to ../../notebooks/max_grpc_msg_size.py
vkt              0/2     Init:0/1            0          1s


PODS UPDATE: seldon          iris-shadow-0-iris-shadow-6fd7c7fd68-8m8pb                0/2     PodInitializing     0          3s


PODS UPDATE: seldon          iris-default-0-iris-default-7877c79ffd-klvkt              0/2     PodInitializing     0          3s


PODS UPDATE: seldon          iris-shadow-0-iris-shadow-6fd7c7fd68-8m8pb                0/2     Running             0          4s


PODS UPDATE: seldon          iris-default-0-iris-default-7877c79ffd-klvkt              0/2     Running             0          4s


PODS UPDATE: seldon          mymab-default-0-classifier-1-664b75d5d6-mg8q2             1/2     Terminating         0          56s


PODS UPDATE: seldon          mymab-default-2-eg-router-7944df495c-mx5pl                0/1     Terminating         0          64s


PODS UPDATE: seldon          mymab-default-1-classifier-2-5fbb94b6b6-98nx2             0/1     Terminating         0          64s


PODS UPDATE: seldon          mymab-default-0-classifier-1-664b75d5d6-mg8q2             0/2     Terminating         0          64s


PODS UPDATE: seldon          mymab-default-0-classifier-1-664b75d5d6-mg8q2             0/2     Terminating         0          64s


PODS UPDATE: seldon          mymab-default-1-classifier-2-5fbb94b6b6-98nx2             0/1     Terminating         0          69s


PODS UPDATE: seldon          mymab-default-1-classifier-2-5fbb94b6b6-98nx2             0/1     Terminating         0          69s


PODS UPDATE: seldon          mymab-default-0-classifier-1-664b75d5d6-mg8q2             0/2     Terminating         0          69s


PODS UPDATE: seldon          mymab-default-0-classifier-1-664b75d5d6-mg8q2             0/2     Terminating         0          69s


PODS UPDATE: seldon          mymab-default-2-eg-router-7944df495c-mx5pl                0/1     Terminating         0          69s


PODS UPDATE: seldon          mymab-default-2-eg-router-7944df495c-mx5pl                0/1     Terminating         0          69s


PODS UPDATE: seldon          iris-shadow-0-iris-shadow-6fd7c7fd68-8m8pb                1/2     Running             0          24s


PODS UPDATE: seldon          iris-shadow-0-iris-shadow-6fd7c7fd68-8m8pb                2/2     Running             0          27s


PODS UPDATE: seldon          iris-default-0-iris-default-7877c79ffd-klvkt              1/2     Running             0          28s


PODS UPDATE: seldon          iris-default-0-iris-default-7877c79ffd-klvkt              2/2     Running             0          28s


PODS UPDATE: seldon          iris-default-0-iris-default-7877c79ffd-klvkt              2/2     Terminating         0          44s


PODS UPDATE: seldon          iris-shadow-0-iris-shadow-6fd7c7fd68-8m8pb                2/2     Terminating         0          44s


PODS UPDATE: seldon          model-long-timeout-test-0-classifier-6fd798897b-22jj5     0/2     Pending             0          0s


PODS UPDATE: seldon          model-long-timeout-test-0-classifier-6fd798897b-22jj5     0/2     Pending             0          0s


PODS UPDATE: seldon          model-long-timeout-test-0-classifier-6fd798897b-22jj5     0/2     ContainerCreating   0          0s


PODS UPDATE: seldon          iris-default-0-iris-default-7877c79ffd-klvkt              0/2     Terminating         0          56s


PODS UPDATE: seldon          iris-shadow-0-iris-shadow-6fd7c7fd68-8m8pb                0/2     Terminating         0          58s


PODS UPDATE: seldon          iris-default-0-iris-default-7877c79ffd-klvkt              0/2     Terminating         0          60s


PODS UPDATE: seldon          iris-default-0-iris-default-7877c79ffd-klvkt              0/2     Terminating         0          60s


PODS UPDATE: seldon          iris-shadow-0-iris-shadow-6fd7c7fd68-8m8pb                0/2     Terminating         0          70s


PODS UPDATE: seldon          iris-shadow-0-iris-shadow-6fd7c7fd68-8m8pb                0/2     Terminating         0          70s


PODS UPDATE: seldon          model-long-timeout-test-0-classifier-6fd798897b-22jj5PASSED
test_notebooks.py::TestNotebooks::test_multiple_operators [NbConvertApp] Converting notebook ../../notebooks/multiple_operators.ipynb to script
[NbConvertApp] Writing 4010 bytes to ../../notebooks/multiple_operators.py
     0/2     Running             0          63s


PODS UPDATE: seldon          model-long-timeout-test-0-classifier-6fd798897b-22jj5     1/2     Running             0          84s


PODS UPDATE: seldon          model-long-timeout-test-0-classifier-6fd798897b-22jj5     2/2     Running             0          86s


PODS UPDATE: seldon          model-long-timeout-test-0-classifier-6fd798897b-22jj5     2/2     Terminating         0          107s


PODS UPDATE: seldon          seldon-model-grpc-size-0-classifier-84b85df58-s2tnq       0/2     Pending             0          0s


PODS UPDATE: seldon          seldon-model-grpc-size-0-classifier-84b85df58-s2tnq       0/2     Pending             0          0s


PODS UPDATE: seldon          seldon-model-grpc-size-0-classifier-84b85df58-s2tnq       0/2     ContainerCreating   0          0s


PODS UPDATE: seldon          seldon-model-grpc-size-0-classifier-84b85df58-s2tnq       0/2     Running             0          1s


PODS UPDATE: seldon          model-long-timeout-test-0-classifier-6fd798897b-22jj5     1/2     Terminating         0          2m1s


PODS UPDATE: seldon          model-long-timeout-test-0-classifier-6fd798897b-22jj5     0/2     Terminating         0          2m8s


PODS UPDATE: seldon          model-long-timeout-test-0-classifier-6fd798897b-22jj5     0/2     Terminating         0          2m8s


PODS UPDATE: seldon          seldon-model-grpc-size-0-classifier-84b85df58-s2tnq       1/2     Running             0          21s


PODS UPDATE: seldon          seldon-model-grpc-size-0-classifier-84b85df58-s2tnq       2/2     Running             0          24s


PODS UPDATE: seldon          model-long-timeout-test-0-classifier-6fd798897b-22jj5     0/2     Terminating         0          2m18s


PODS UPDATE: seldon          model-long-timeout-test-0-classifier-6fd798897b-22jj5     0/2     Terminating         0          2m18s


PODS UPDATE: seldon          seldon-model-grpc-size-0-classifier-84b85df58-s2tnq       2/2     Terminating         0          56s


PODS UPDATE: seldon-ns1      seldon-controller-manager-6595b94676-kwb45                0/1     Pending             0          0s


PODS UPDATE: seldon-ns1      seldon-controller-manager-6595b94676-kwb45                0/1     Pending             0          0s


PODS UPDATE: seldon-ns1      seldon-controller-manager-6595b94676-kwb45                0/1     ContainerCreating   0          0s


PODS UPDATE: seldon-ns1      seldon-controller-manager-6595b94676-kwb45                1/1     Running             0          2s


PODS UPDATE: seldon          seldon-model-grpc-size-0-classifier-84b85df58-s2tnq       1/2     Terminating         0          71s


PODS UPDATE: seldon          seldon-model-grpc-size-0-classifier-84b85df58-s2tnq       0/2     Terminating         0          78s


PODS UPDATE: seldon-ns1      seldon-model-example-0-classifier-5c7fdc7d46-wtr8j        0/2     Pending             0          0s


PODS UPDATE: seldon-ns1      seldon-model-example-0-classifier-5c7fdc7d46-wtr8j        0/2     Pending             0          0s


PODS UPDATE: seldon-ns1      seldon-model-example-0-classifier-5c7fdc7d46-wtr8j        0/2     ContainerCreating   0          0s


PODS UPDATE: seldon          seldon-model-grpc-size-0-classifier-84b85df58-s2tnq       0/2     Terminating         0          85s


PODS UPDATE: seldon          seldon-model-grpc-size-0-classifier-84b85df58-s2tnq       0/2     Terminating         0          85s


PODS UPDATE: seldon-ns1      seldon-model-example-0-classifier-5c7fdc7d46-wtr8j        0/2     Running             0          3s


PODS UPDATE: seldon-ns1      seldon-model-example-0-classifier-5c7fdc7d46-wtr8j        1/2     Running             0          23s


PODS UPDATE: seldon-ns1      seldon-model-example-0-classifier-5c7fdc7d46-wtr8j        2/2     Running             0          26s


PODS UPDATE: seldon-ns1      seldon-model-example-0-classifier-5c7fdc7d46-wtr8j        2/2     Terminating         0          41s


PODS UPDATE: seldon-ns1      seldon-model-example-0-classifier-5c7fdc7d46-wtr8j        1/2PASSED
test_notebooks.py::TestNotebooks::test_protocol_examples [NbConvertApp] Converting notebook ../../notebooks/protocol_examples.ipynb to script
[NbConvertApp] Writing 12553 bytes to ../../notebooks/protocol_examples.py
     Terminating         0          56s


PODS UPDATE: seldon-ns1      seldon-controller-manager-6595b94676-kwb45                1/1     Terminating         0          76s


PODS UPDATE: seldon-ns1      seldon-controller-manager-6595b94676-kwb45                0/1     Terminating         0          77s


PODS UPDATE: seldon-ns1      seldon-model-example-0-classifier-5c7fdc7d46-wtr8j        0/2     Terminating         0          62s


PODS UPDATE: seldon-ns1      seldon-model-example-0-classifier-5c7fdc7d46-wtr8j        0/2     Terminating         0          63s


PODS UPDATE: seldon-ns1      seldon-model-example-0-classifier-5c7fdc7d46-wtr8j        0/2     Terminating         0          63s


PODS UPDATE: seldon-id1      seldon-controller-manager-55d844498-c7pq9                 0/1     Pending             0          0s


PODS UPDATE: seldon-id1      seldon-controller-manager-55d844498-c7pq9                 0/1     Pending             0          0s


PODS UPDATE: seldon-id1      seldon-controller-manager-55d844498-c7pq9                 0/1     ContainerCreating   0          0s


PODS UPDATE: seldon-id1      seldon-controller-manager-55d844498-c7pq9                 1/1     Running             0          1s


PODS UPDATE: seldon-ns1      seldon-controller-manager-6595b94676-kwb45                0/1     Terminating         0          89s


PODS UPDATE: seldon-ns1      seldon-controller-manager-6595b94676-kwb45                0/1     Terminating         0          89s


PODS UPDATE: default         test-c1-example-0-classifier-955dcb978-qcmjl              0/2     Pending             0          0s


PODS UPDATE: default         test-c1-example-0-classifier-955dcb978-qcmjl              0/2     Pending             0          0s


PODS UPDATE: default         test-c1-example-0-classifier-955dcb978-qcmjl              0/2     ContainerCreating   0          0s


PODS UPDATE: default         test-c1-example-0-classifier-955dcb978-qcmjl              0/2     Running             0          39s


PODS UPDATE: default         test-c1-example-0-classifier-955dcb978-qcmjl              1/2     Running             0          59s


PODS UPDATE: default         test-c1-example-0-classifier-955dcb978-qcmjl              2/2     Running             0          62s


PODS UPDATE: default         test-c1-example-0-classifier-955dcb978-qcmjl              2/2     Terminating         0          78s


PODS UPDATE: default         test-c1-example-0-classifier-955dcb978-qcmjl              0/2     Terminating         0          81s


PODS UPDATE: default         test-c1-example-0-classifier-955dcb978-qcmjl              0/2     Terminating         0          82s


PODS UPDATE: default         test-c1-example-0-classifier-955dcb978-qcmjl              0/2     Terminating         0          87s


PODS UPDATE: default         test-c1-example-0-classifier-955dcb978-qcmjl              0/2     Terminating         0          87s


PODS UPDATE: seldon-id1      seldon-controller-manager-55d844498-c7pq9                 1/1     Terminating         0          113s


PODS UPDATE: seldon-id1      seldon-controller-manager-55d844498-c7pq9                 0/1     Terminating         0          113s


PODS UPDATE: seldon-id1      seldon-controller-manager-55d844498-c7pq9                 0/1     Terminating         0          115s


PODS UPDATE: seldon-id1      seldon-controller-manager-55d844498-c7pq9                 0/1     Terminating         0          115s


PODS UPDATE: seldon          rest-seldon-model-0-classifier-678666f5c6-5mv4b           0/2     Pending             0          0s


PODS UPDATE: seldon          rest-seldon-model-0-classifier-678666f5c6-5mv4b           0/2     Pending             0          0s


PODS UPDATE: seldon          rest-seldon-model-0-classifier-678666f5c6-5mv4b           0/2     ContainerCreating   0          0s


PODS UPDATE: seldon          rest-seldon-model-0-classifier-678666f5c6-5mv4b           0/2     Running             0          2s


PODS UPDATE: seldon          rest-seldon-model-0-classifier-678666f5c6-5mv4b           1/2     Running             0          22s


PODS UPDATE: seldon          rest-seldon-model-0-classifier-678666f5c6-5mv4b           2/2     Running             0          24s


PODS UPDATE: seldon          rest-seldon-model-0-classifier-678666f5c6-5mv4b           2/2     Terminating         0          39s


PODS UPDATE: seldon          grpc-seldon-model-0-classifier-665976c9f-ljzcv            0/2     Pending             0          0s


PODS UPDATE: seldon          grpc-seldon-model-0-classifier-665976c9f-ljzcv            0/2     Pending             0          0s


PODS UPDATE: seldon          grpc-seldon-model-0-classifier-665976c9f-ljzcv            0/2     ContainerCreating   0          0s


PODS UPDATE: seldon          grpc-seldon-model-0-classifier-665976c9f-ljzcv            0/2     Running             0          2s


PODS UPDATE: seldon          rest-seldon-model-0-classifier-678666f5c6-5mv4b           1/2     Terminating         0          52s


PODS UPDATE: seldon          rest-seldon-model-0-classifier-678666f5c6-5mv4b           0/2     Terminating         0          61s


PODS UPDATE: seldon          rest-seldon-model-0-classifier-678666f5c6-5mv4b           0/2     Terminating         0          65s


PODS UPDATE: seldon          rest-seldon-model-0-classifier-678666f5c6-5mv4b           0/2     Terminating         0          65s


PODS UPDATE: seldon          grpc-seldon-model-0-classifier-665976c9f-ljzcv            1/2     Running             0          21s


PODS UPDATE: seldon          grpc-seldon-model-0-classifier-665976c9f-ljzcv            2/2     Running             0          24s


PODS UPDATE: seldon          grpc-seldon-model-0-classifier-665976c9f-ljzcv            2/2     Terminating         0          40s


PODS UPDATE: seldon          rest-tfserving-model-0-halfplustwo-6d9665c45d-5vwll       0/2     Pending             0          0s


PODS UPDATE: seldon          rest-tfserving-model-0-halfplustwo-6d9665c45d-5vwll       0/2     Pending             0          0s


PODS UPDATE: seldon          rest-tfserving-model-0-halfplustwo-6d9665c45d-5vwll       0/2     ContainerCreating   0          0s


PODS UPDATE: seldon          grpc-seldon-model-0-classifier-665976c9f-ljzcv            1/2     Terminating         0          51s


PODS UPDATE: seldon          rest-tfserving-model-0-halfplustwo-6d9665c45d-5vwll       0/2     Running             0          12s


PODS UPDATE: seldon          grpc-seldon-model-0-classifier-665976c9f-ljzcv            0/2     Terminating         0          61s


PODS UPDATE: seldon          grpc-seldon-model-0-classifier-665976c9f-ljzcv            0/2     Terminating         0          61s


PODS UPDATE: seldon          grpc-seldon-model-0-classifier-665976c9f-ljzcv            0/2     Terminating         0          62s


PODS UPDATE: seldon          grpc-seldon-model-0-classifier-665976c9f-ljzcv            0/2     Terminating         0          62s


PODS UPDATE: seldon          rest-tfserving-model-0-halfplustwo-6d9665c45d-5vwll       1/2     Running             0          31s


PODS UPDATE: seldon          rest-tfserving-model-0-halfplustwo-6d9665c45d-5vwll       2/2     Running             0          33s


PODS UPDATE: seldon          rest-tfserving-model-0-halfplustwo-6d9665c45d-5vwll       2/2     Terminating         0          49s


PODS UPDATE: seldon          grpc-tfserving-model-0-halfplustwo-5bd7dfb665-vrsp4       0/2     Pending             0          0s


PODS UPDATE: seldon          grpc-tfserving-model-0-halfplustwo-5bd7dfb665-vrsp4       0/2     Pending             0          0s


PODS UPDATE: seldon          grpc-tfserving-model-0-halfplustwo-5bd7dfb665-vrsp4       0/2     ContainerCreating   0          0s


PODS UPDATE: seldon          grpc-tfserving-model-0-halfplustwo-5bd7dfb665-vrsp4       0/2     Running             0          2s


PODS UPDATE: seldon          rest-tfserving-model-0-halfplustwo-6d9665c45d-5vwll       1/2     Terminating         0          61s


PODS UPDATE: seldon          rest-tfserving-model-0-halfplustwo-6d9665c45d-5vwll       0/2     Terminating         0PASSED
test_notebooks.py::TestNotebooks::test_server_examples [NbConvertApp] Converting notebook ../../notebooks/server_examples.ipynb to script
[NbConvertApp] Writing 9228 bytes to ../../notebooks/server_examples.py
          70s


PODS UPDATE: seldon          rest-tfserving-model-0-halfplustwo-6d9665c45d-5vwll       0/2     Terminating         0          70s


PODS UPDATE: seldon          rest-tfserving-model-0-halfplustwo-6d9665c45d-5vwll       0/2     Terminating         0          74s


PODS UPDATE: seldon          rest-tfserving-model-0-halfplustwo-6d9665c45d-5vwll       0/2     Terminating         0          74s


PODS UPDATE: seldon          grpc-tfserving-model-0-halfplustwo-5bd7dfb665-vrsp4       1/2     Running             0          22s


PODS UPDATE: seldon          grpc-tfserving-model-0-halfplustwo-5bd7dfb665-vrsp4       2/2     Running             0          25s


PODS UPDATE: seldon          grpc-tfserving-model-0-halfplustwo-5bd7dfb665-vrsp4       2/2     Terminating         0          41s


PODS UPDATE: seldon          triton-simple-0-simple-78ccff5dbd-qqmwd                   0/2     Pending             0          0s


PODS UPDATE: seldon          triton-simple-0-simple-78ccff5dbd-qqmwd                   0/2     Pending             0          0s


PODS UPDATE: seldon          triton-simple-0-simple-78ccff5dbd-qqmwd                   0/2     Init:0/1            0          0s


PODS UPDATE: seldon          triton-simple-0-simple-78ccff5dbd-qqmwd                   0/2     Init:0/1            0          1s


PODS UPDATE: seldon          triton-simple-0-simple-78ccff5dbd-qqmwd                   0/2     PodInitializing     0          5s


PODS UPDATE: seldon          grpc-tfserving-model-0-halfplustwo-5bd7dfb665-vrsp4       1/2     Terminating         0          52s


PODS UPDATE: seldon          grpc-tfserving-model-0-halfplustwo-5bd7dfb665-vrsp4       0/2     Terminating         0          63s


PODS UPDATE: seldon          grpc-tfserving-model-0-halfplustwo-5bd7dfb665-vrsp4       0/2     Terminating         0          63s


PODS UPDATE: seldon          grpc-tfserving-model-0-halfplustwo-5bd7dfb665-vrsp4       0/2     Terminating         0          70s


PODS UPDATE: seldon          grpc-tfserving-model-0-halfplustwo-5bd7dfb665-vrsp4       0/2     Terminating         0          70s


PODS UPDATE: seldon          triton-simple-0-simple-78ccff5dbd-qqmwd                   0/2     Running             0          5m1s


PODS UPDATE: seldon          triton-simple-0-simple-78ccff5dbd-qqmwd                   1/2     Running             0          5m21s


PODS UPDATE: seldon          triton-simple-0-simple-78ccff5dbd-qqmwd                   2/2     Running             0          5m22s


PODS UPDATE: seldon          triton-simple-0-simple-78ccff5dbd-qqmwd                   2/2     Terminating         0          5m39s


PODS UPDATE: seldon          triton-simple-0-simple-795f6b45b6-9d7rk                   0/2     Pending             0          0s


PODS UPDATE: seldon          triton-simple-0-simple-795f6b45b6-9d7rk                   0/2     Pending             0          0s


PODS UPDATE: seldon          triton-simple-0-simple-795f6b45b6-9d7rk                   0/2     Init:0/1            0          0s


PODS UPDATE: seldon          triton-simple-0-simple-795f6b45b6-9d7rk                   0/2     Init:0/1            0          2s


PODS UPDATE: seldon          triton-simple-0-simple-78ccff5dbd-qqmwd                   0/2     Terminating         0          5m51s


PODS UPDATE: seldon          triton-simple-0-simple-78ccff5dbd-qqmwd                   0/2     Terminating         0          5m51s


PODS UPDATE: seldon          triton-simple-0-simple-795f6b45b6-9d7rk                   0/2     PodInitializing     0          8s


PODS UPDATE: seldon          triton-simple-0-simple-795f6b45b6-9d7rk                   0/2     Running             0          9s


PODS UPDATE: seldon          triton-simple-0-simple-78ccff5dbd-qqmwd                   0/2     Terminating         0          5m54s


PODS UPDATE: seldon          triton-simple-0-simple-78ccff5dbd-qqmwd                   0/2     Terminating         0          5m54s


PODS UPDATE: seldon          triton-simple-0-simple-795f6b45b6-9d7rk                   1/2     Running             0          31s


PODS UPDATE: seldon          triton-simple-0-simple-795f6b45b6-9d7rk                   2/2     Running             0          33s


PODS UPDATE: seldon          triton-simple-0-simple-795f6b45b6-9d7rk                   2/2     Terminating         0          49s


PODS UPDATE: seldon          sklearn-default-0-classifier-8b7fc58b7-mtwfm              0/2     Pending             0          0s


PODS UPDATE: seldon          sklearn-default-0-classifier-8b7fc58b7-mtwfm              0/2     Pending             0          0s


PODS UPDATE: seldon          sklearn-default-0-classifier-8b7fc58b7-mtwfm              0/2     Init:0/1            0          0s


PODS UPDATE: seldon          sklearn-default-0-classifier-8b7fc58b7-mtwfm              0/2     Init:0/1            0          1s


PODS UPDATE: seldon          sklearn-default-0-classifier-8b7fc58b7-mtwfm              0/2     PodInitializing     0          3s


PODS UPDATE: seldon          triton-simple-0-simple-795f6b45b6-9d7rk                   0/2     Terminating         0          61s


PODS UPDATE: seldon          sklearn-default-0-classifier-8b7fc58b7-mtwfm              0/2     Running             0          4s


PODS UPDATE: seldon          triton-simple-0-simple-795f6b45b6-9d7rk                   0/2     Terminating         0          71s


PODS UPDATE: seldon          triton-simple-0-simple-795f6b45b6-9d7rk                   0/2     Terminating         0          71s


PODS UPDATE: seldon          sklearn-default-0-classifier-8b7fc58b7-mtwfm              1/2     Running             0          24s


PODS UPDATE: seldon          sklearn-default-0-classifier-8b7fc58b7-mtwfm              2/2     Running             0          24s


PODS UPDATE: seldon          sklearn-default-0-classifier-8b7fc58b7-mtwfm              2/2     Terminating         0          42s


PODS UPDATE: seldon          xgboost-default-0-classifier-6564b9c78f-9tb8g             0/2     Pending             0          0s


PODS UPDATE: seldon          xgboost-default-0-classifier-6564b9c78f-9tb8g             0/2     Pending             0          0s


PODS UPDATE: seldon          xgboost-default-0-classifier-6564b9c78f-9tb8g             0/2     Init:0/1            0          0s


PODS UPDATE: seldon          xgboost-default-0-classifier-6564b9c78f-9tb8g             0/2     Init:0/1            0          2s


PODS UPDATE: seldon          xgboost-default-0-classifier-6564b9c78f-9tb8g             0/2     PodInitializing     0          4s


PODS UPDATE: seldon          sklearn-default-0-classifier-8b7fc58b7-mtwfm              1/2     Terminating         0          54s


PODS UPDATE: seldon          sklearn-default-0-classifier-8b7fc58b7-mtwfm              0/2     Terminating         0          55s


PODS UPDATE: seldon          sklearn-default-0-classifier-8b7fc58b7-mtwfm              0/2     Terminating         0          64s


PODS UPDATE: seldon          sklearn-default-0-classifier-8b7fc58b7-mtwfm              0/2     Terminating         0          64s


PODS UPDATE: seldon          xgboost-default-0-classifier-6564b9c78f-9tb8g             0/2     Running             0          23s


PODS UPDATE: seldon          xgboost-default-0-classifier-6564b9c78f-9tb8g             1/2     Running             0          45s


PODS UPDATE: seldon          xgboost-default-0-classifier-6564b9c78f-9tb8g             2/2     Running             0          46s


PODS UPDATE: seldon          xgboost-default-0-classifier-6564b9c78f-9tb8g             2/2     Terminating         0          61s


PODS UPDATE: seldon          tfserving-default-0-mnist-model-66fc996449-pdr4s          0/3     Pending             0          0s


PODS UPDATE: seldon          tfserving-default-0-mnist-model-66fc996449-pdr4s          0/3     Pending             0          0s


PODS UPDATE: seldon          tfserving-default-0-mnist-model-66fc996449-pdr4s          0/3     Init:0/1            0          0s


PODS UPDATE: seldon          tfserving-default-0-mnist-model-66fc996449-pdr4s          0/3     Init:0/1            0          2s


PODS UPDATE: seldon          tfserving-default-0-mnist-model-66fc996449-pdr4s          0/3     PodInitializing     0          5s


PODS UPDATE: seldon          xgboost-default-0-classifier-6564b9c78f-9tb8g             0/2     Terminating         0          74s


PODS UPDATE: seldon          xgboost-default-0-classifier-6564b9c78f-9tb8g             0/2     Terminating         0          74s


PODS UPDATE: seldon          xgboost-default-0-classifier-6564b9c78f-9tb8g             0/2     Terminating         0          87s


PODS UPDATE: seldon          xgboost-default-0-classifier-6564b9c78f-9tb8g             0/2     Terminating         0          87s


PODS UPDATE: seldon          tfserving-default-0-mnist-model-66fc996449-pdr4s          1/3     Running             0          54s


PODS UPDATE: seldon          tfserving-default-0-mnist-model-66fc996449-pdr4s          2/3     Running             0          73s


PODS UPDATE: seldon          tfserving-default-0-mnist-model-66fc996449-pdr4s          3/3     Running             0          78s


PODS UPDATE: seldon          tfserving-default-0-mnist-model-66fc996449-pdr4s          3/3     Terminating         0          94s


PODS UPDATE: seldon          hpt-default-0-halfplustwo-686fd975bb-kf86w                0/2     Pending             0          0s


PODS UPDATE: seldon          hpt-default-0-halfplustwo-686fd975bb-kf86w                0/2     Pending             0          0s


PODS UPDATE: seldon          hpt-default-0-halfplustwo-686fd975bb-kf86w                0/2     Init:0/1            0          0s


PODS UPDATE: seldon          hpt-default-0-halfplustwo-686fd975bb-kf86w                0/2     Init:0/1            0          1s


PODS UPDATE: seldon          hpt-default-0-halfplustwo-686fd975bb-kf86w                0/2     PodInitializing     0          3s


PODS UPDATE: seldon          hpt-default-0-halfplustwo-686fd975bb-kf86w                0/2     Running             0          4s


PODS UPDATE: seldon          tfserving-default-0-mnist-model-66fc996449-pdr4s          2/3     Terminating         0          108s


PODS UPDATE: seldon          tfserving-default-0-mnist-model-66fc996449-pdr4s          0/3     Terminating         0          115s


PODS UPDATE: seldon          tfserving-default-0-mnist-model-66fc996449-pdr4s          0/3     Terminating         0          119s


PODS UPDATE: seldon          tfserving-default-0-mnist-model-66fc996449-pdr4s          0/3     Terminating         0          119s


PODS UPDATE: seldon          hpt-default-0-halfplustwo-686fd975bb-kf86w                1/2     Running             0          27s


PODS UPDATE: seldon          hpt-default-0-halfplustwo-686fd975bb-kf86w                2/2     Running             0          28s


PODS UPDATE: seldon          hpt-default-0-halfplustwo-686fd975bb-kf86w                2/2     Terminating         0          43s


PODS UPDATE: seldon          mlflow-default-0-classifier-75b8994d7d-zgcbr              0/2     Pending             0          0s


PODS UPDATE: seldon          mlflow-default-0-classifier-75b8994d7d-zgcbr              0/2     Pending             0          0s


PODS UPDATE: seldon          mlflow-default-0-classifier-75b8994d7d-zgcbr              0/2     Init:0/1            0          0s


PODS UPDATE: seldon          mlflow-default-0-classifier-75b8994d7d-zgcbr              0/2     Init:0/1            0          2s


PODS UPDATE: seldon          mlflow-default-0-classifier-75b8994d7d-zgcbr              0/2     PodInitializing     0          4s


PODS UPDATE: seldon          hpt-default-0-halfplustwo-686fd975bb-kf86w                1/2     Terminating         0          57s


PODS UPDATE: seldon          mlflow-default-0-classifier-75b8994d7d-zgcbr              0/2     Running             0          14s


PODS UPDATE: seldon          hpt-default-0-halfplustwo-686fd975bb-kf86w                0/2     Terminating         0          65s


PODS UPDATE: seldon          hpt-default-0-halfplustwo-686fd975bb-kf86w                0/2     Terminating         0          70s


PODS UPDATE: seldon          hpt-default-0-halfplustwo-686fd975bb-kf86w                0/2     Terminating         0          70s

PASSED
test_notebooks.py::TestNotebooks::test_rolling_updates [NbConvertApp] Converting notebook ../../notebooks/rolling_updates.ipynb to script
[NbConvertApp] Writing 25670 bytes to ../../notebooks/rolling_updates.py
PASSED
test_notebooks.py::TestNotebooks::test_ambassador_canary [NbConvertApp] Converting notebook ../../examples/ambassador/canary/ambassador_canary.ipynb to script
[NbConvertApp] Writing 3129 bytes to ../../examples/ambassador/canary/ambassador_canary.py
PASSED
test_notebooks.py::TestNotebooks::test_ambassador_headers [NbConvertApp] Converting notebook ../../examples/ambassador/headers/ambassador_headers.ipynb to script
[NbConvertApp] Writing 3771 bytes to ../../examples/ambassador/headers/ambassador_headers.py
PASSED
test_notebooks.py::TestNotebooks::test_ambassador_shadow [NbConvertApp] Converting notebook ../../examples/ambassador/shadow/ambassador_shadow.ipynb to script
[NbConvertApp] Writing 3408 bytes to ../../examples/ambassador/shadow/ambassador_shadow.py
PASSED
test_notebooks.py::TestNotebooks::test_ambassador_custom [NbConvertApp] Converting notebook ../../examples/ambassador/custom/ambassador_custom.ipynb to script
[NbConvertApp] Writing 2334 bytes to ../../examples/ambassador/custom/ambassador_custom.py
PASSED
test_notebooks.py::TestNotebooks::test_istio_canary [NbConvertApp] Converting notebook ../../examples/istio/canary_update/canary.ipynb to script
[NbConvertApp] Writing 6693 bytes to ../../examples/istio/canary_update/canary.py
PASSED
test_notebooks.py::TestNotebooks::test_tracing [NbConvertApp] Converting notebook ../../examples/models/tracing/tracing.ipynb to script
[NbConvertApp] Writing 4792 bytes to ../../examples/models/tracing/tracing.py
PASSED
test_notebooks.py::TestNotebooks::test_metrics [NbConvertApp] Converting notebook ../../examples/models/metrics/metrics.ipynb to script
[NbConvertApp] Writing 7593 bytes to ../../examples/models/metrics/metrics.py
PASSED
test_notebooks.py::TestNotebooks::test_metadata [NbConvertApp] Converting notebook ../../examples/models/metadata/metadata.ipynb to script
[NbConvertApp] Writing 10344 bytes to ../../examples/models/metadata/metadata.py
PASSED
test_notebooks.py::TestNotebooks::test_graph_metadata [NbConvertApp] Converting notebook ../../examples/models/metadata/graph_metadata.ipynb to script
[NbConvertApp] Writing 25718 bytes to ../../examples/models/metadata/graph_metadata.py
PASSED
test_notebooks.py::TestNotebooks::test_grpc_metadata [NbConvertApp] Converting notebook ../../examples/models/metadata/metadata_grpc.ipynb to script
[NbConvertApp] Writing 3770 bytes to ../../examples/models/metadata/metadata_grpc.py
PASSED
test_notebooks.py::TestNotebooks::test_payload_logging [NbConvertApp] Converting notebook ../../examples/models/payload_logging/payload_logging.ipynb to script
[NbConvertApp] Writing 2868 bytes to ../../examples/models/payload_logging/payload_logging.py
PASSED
test_notebooks.py::TestNotebooks::test_custom_metrics [NbConvertApp] Converting notebook ../../examples/models/custom_metrics/customMetrics.ipynb to script
[NbConvertApp] Writing 4194 bytes to ../../examples/models/custom_metrics/customMetrics.py
PASSED
test_notebooks.py::TestNotebooks::test_autoscaling [NbConvertApp] Converting notebook ../../examples/models/autoscaling/autoscaling_example.ipynb to script
[NbConvertApp] Writing 3770 bytes to ../../examples/models/autoscaling/autoscaling_example.py
PASSED
test_notebooks.py::TestNotebooks::test_scaling [NbConvertApp] Converting notebook ../../notebooks/scale.ipynb to script
[NbConvertApp] Writing 6433 bytes to ../../notebooks/scale.py
PASSED
test_notebooks.py::TestNotebooks::test_jsondata [NbConvertApp] Converting notebook ../../examples/models/sklearn_iris_jsondata/sklearn_iris_jsondata.ipynb to script
[NbConvertApp] Writing 5505 bytes to ../../examples/models/sklearn_iris_jsondata/sklearn_iris_jsondata.py
PASSED
test_notebooks.py::TestNotebooks::test_sklearn_iris [NbConvertApp] Converting notebook ../../examples/models/sklearn_iris/sklearn_iris.ipynb to script
[NbConvertApp] Writing 4769 bytes to ../../examples/models/sklearn_iris/sklearn_iris.py
PASSED
test_notebooks.py::TestNotebooks::test_custom_metrics_server [NbConvertApp] Converting notebook ../../examples/feedback/metrics-server/README.ipynb to script
[NbConvertApp] Writing 7904 bytes to ../../examples/feedback/metrics-server/README.py
PASSED
test_notebooks.py::TestNotebooks::test_upgrade [NbConvertApp] Converting notebook ../../notebooks/operator_upgrade.ipynb to script
[NbConvertApp] Writing 6876 bytes to ../../notebooks/operator_upgrade.py
PASSED

=================================== FAILURES ===================================
____________________ TestNotebooks.test_explainer_examples _____________________

self = <test_notebooks.TestNotebooks object at 0x7f91e09436d8>

    def test_explainer_examples(self):
>       create_and_run_script("../../notebooks", "explainer_examples")

test_notebooks.py:42: 
_ _ _ _ _ _ _ _ _ _ _ _ _ _ _ _ _ _ _ _ _ _ _ _ _ _ _ _ _ _ _ _ _ _ _ _ _ _ _ _ 
test_notebooks.py:27: in create_and_run_script
    raise e
test_notebooks.py:20: in create_and_run_script
    encoding="utf-8",
_ _ _ _ _ _ _ _ _ _ _ _ _ _ _ _ _ _ _ _ _ _ _ _ _ _ _ _ _ _ _ _ _ _ _ _ _ _ _ _ 

input = None, timeout = None, check = True
popenargs = ('cd ../../notebooks && ./explainer_examples.py',)
kwargs = {'encoding': 'utf-8', 'shell': True, 'stderr': -1, 'stdout': -1}
process = <subprocess.Popen object at 0x7f91e09437b8>
stdout = 'Context "kind-kind" modified.\nseldondeployment.machinelearning.seldon.io/income created\nWaiting for deployment "inc...1;32m    457\x1b[0m \x1b[0;34m\x1b[0m\x1b[0m\n\n\x1b[0;31mTypeError\x1b[0m: \'Response\' object is not subscriptable\n'
stderr = 'Error from server (AlreadyExists): namespaces "seldon" already exists\n  % Total    % Received % Xferd  Average Speed...es SQLite, your history will not be saved\n  warn("IPython History requires SQLite, your history will not be saved")\n'
retcode = 1

    def run(*popenargs, input=None, timeout=None, check=False, **kwargs):
        """Run command with arguments and return a CompletedProcess instance.
    
        The returned instance will have attributes args, returncode, stdout and
        stderr. By default, stdout and stderr are not captured, and those attributes
        will be None. Pass stdout=PIPE and/or stderr=PIPE in order to capture them.
    
        If check is True and the exit code was non-zero, it raises a
        CalledProcessError. The CalledProcessError object will have the return code
        in the returncode attribute, and output & stderr attributes if those streams
        were captured.
    
        If timeout is given, and the process takes too long, a TimeoutExpired
        exception will be raised.
    
        There is an optional argument "input", allowing you to
        pass a string to the subprocess's stdin.  If you use this argument
        you may not also use the Popen constructor's "stdin" argument, as
        it will be used internally.
    
        The other arguments are the same as for the Popen constructor.
    
        If universal_newlines=True is passed, the "input" argument must be a
        string and stdout/stderr in the returned object will be strings rather than
        bytes.
        """
        if input is not None:
            if 'stdin' in kwargs:
                raise ValueError('stdin and input arguments may not both be used.')
            kwargs['stdin'] = PIPE
    
        with Popen(*popenargs, **kwargs) as process:
            try:
                stdout, stderr = process.communicate(input, timeout=timeout)
            except TimeoutExpired:
                process.kill()
                stdout, stderr = process.communicate()
                raise TimeoutExpired(process.args, timeout, output=stdout,
                                     stderr=stderr)
            except:
                process.kill()
                process.wait()
                raise
            retcode = process.poll()
            if check and retcode:
                raise CalledProcessError(retcode, process.args,
>                                        output=stdout, stderr=stderr)
E               subprocess.CalledProcessError: Command 'cd ../../notebooks && ./explainer_examples.py' returned non-zero exit status 1.

/usr/local/lib/python3.6/subprocess.py:438: CalledProcessError
------------------------------ Captured log call -------------------------------
ERROR    root:test_notebooks.py:24 failed notebook test explainer_examples stdout:Context "kind-kind" modified.
seldondeployment.machinelearning.seldon.io/income created
Waiting for deployment "income-default-0-classifier" rollout to finish: 0 of 1 updated replicas are available...
deployment "income-default-0-classifier" successfully rolled out
Waiting for deployment "income-default-explainer" rollout to finish: 0 of 1 updated replicas are available...
deployment "income-default-explainer" successfully rolled out
{"data":{"names":["t:0","t:1"],"ndarray":[[0.8585304277244477,0.14146957227555243]]},"meta":{}}
[
  "Marital Status = Separated",
  "Capital Gain <= 0.00"
]
seldondeployment.machinelearning.seldon.io "income" deleted
seldondeployment.machinelearning.seldon.io/movie created
Waiting for deployment "movie-default-0-classifier" rollout to finish: 0 of 1 updated replicas are available...
deployment "movie-default-0-classifier" successfully rolled out
deployment "movie-default-explainer" successfully rolled out
{"data":{"names":["t:0","t:1"],"ndarray":[[0.21266916924914636,0.7873308307508536]]},"meta":{}}
[
  "emotionally",
  "vapid"
]
seldondeployment.machinelearning.seldon.io "movie" deleted
seldondeployment.machinelearning.seldon.io/image created
Waiting for deployment "image-default-0-transformer-classifier" rollout to finish: 0 of 1 updated replicas are available...
deployment "image-default-0-transformer-classifier" successfully rolled out
deployment "image-default-explainer" successfully rolled out
Writing resources/income_explainer.yaml
{'data': {'names': ['t:0', 't:1'], 'tensor': {'shape': [1, 2], 'values': [0.8585304277244477, 0.14146957227555243]}}, 'meta': {}}
['Marital Status = Never-Married']
Overwriting resources/moviesentiment_explainer.yaml
Success:True message:
Request:
meta {
}
data {
  ndarray {
    values {
      string_value: "this film has great actors"
    }
  }
}

Response:
{'data': {'names': ['t:0', 't:1'], 'ndarray': [[0.21266916924914636, 0.7873308307508536]]}, 'meta': {}}
['emotionally', 'vapid']
Writing resources/imagenet_explainer_grpc.yaml
WARNING:tensorflow:From /workspace/source/python/seldon_core/utils.py:309: The name tf.make_tensor_proto is deprecated. Please use tf.compat.v1.make_tensor_proto instead.

Downloading data from https://storage.googleapis.com/download.tensorflow.org/data/imagenet_class_index.json

 8192/35363 [=====>........................] - ETA: 0s
40960/35363 [==================================] - 0s 0us/step
[0;31m---------------------------------------------------------------------------[0m
[0;31mTypeError[0m                                 Traceback (most recent call last)
[0;32m/workspace/source/notebooks/explainer_examples.py[0m in [0;36m<module>[0;34m[0m
[1;32m    453[0m [0mf[0m[0;34m,[0m [0maxarr[0m [0;34m=[0m [0mplt[0m[0;34m.[0m[0msubplots[0m[0;34m([0m[0;36m1[0m[0;34m,[0m [0;36m2[0m[0;34m)[0m[0;34m[0m[0;34m[0m[0m
[1;32m    454[0m [0maxarr[0m[0;34m[[0m[0;36m0[0m[0;34m][0m[0;34m.[0m[0mimshow[0m[0;34m([0m[0mdata[0m[0;34m[[0m[0;36m0[0m[0;34m][0m[0;34m)[0m[0;34m[0m[0;34m[0m[0m
[0;32m--> 455[0;31m [0maxarr[0m[0;34m[[0m[0;36m1[0m[0;34m][0m[0;34m.[0m[0mimshow[0m[0;34m([0m[0mr[0m[0;34m.[0m[0mresponse[0m[0;34m[[0m[0;34m"data"[0m[0;34m][0m[0;34m[[0m[0;34m"anchor"[0m[0;34m][0m[0;34m)[0m[0;34m[0m[0;34m[0m[0m
[0m[1;32m    456[0m [0mplt[0m[0;34m.[0m[0mshow[0m[0;34m([0m[0;34m)[0m[0;34m[0m[0;34m[0m[0m
[1;32m    457[0m [0;34m[0m[0m

[0;31mTypeError[0m: 'Response' object is not subscriptable
, stderr:Error from server (AlreadyExists): namespaces "seldon" already exists
  % Total    % Received % Xferd  Average Speed   Time    Time     Time  Current
                                 Dload  Upload   Total   Spent    Left  Speed

  0     0    0     0    0     0      0      0 --:--:-- --:--:-- --:--:--     0
100   161  100    96  100    65   5647   3823 --:--:-- --:--:-- --:--:-- 10062
  % Total    % Received % Xferd  Average Speed   Time    Time     Time  Current
                                 Dload  Upload   Total   Spent    Left  Speed

  0     0    0     0    0     0      0      0 --:--:-- --:--:-- --:--:--     0
100  2383  100  2292  100    91   4845    192 --:--:-- --:--:-- --:--:--  5027
100  2383  100  2292  100    91   4835    191 --:--:-- --:--:-- --:--:--  5016
  % Total    % Received % Xferd  Average Speed   Time    Time     Time  Current
                                 Dload  Upload   Total   Spent    Left  Speed

  0     0    0     0    0     0      0      0 --:--:-- --:--:-- --:--:--     0
100   148  100    96  100    52   4000   2166 --:--:-- --:--:-- --:--:--  6434
/usr/local/lib/python3.6/site-packages/IPython/core/history.py:226: UserWarning: IPython History requires SQLite, your history will not be saved
  warn("IPython History requires SQLite, your history will not be saved")
------------------------------ Captured log call -------------------------------
ERROR    root:test_notebooks.py:24 failed notebook test explainer_examples stdout:Context "kind-kind" modified.
seldondeployment.machinelearning.seldon.io/income created
Waiting for deployment "income-default-0-classifier" rollout to finish: 0 of 1 updated replicas are available...
deployment "income-default-0-classifier" successfully rolled out
deployment "income-default-explainer" successfully rolled out
{"data":{"names":["t:0","t:1"],"ndarray":[[0.8585304277244477,0.14146957227555243]]},"meta":{}}
[
  "Marital Status = Separated",
  "Sex = Female"
]
seldondeployment.machinelearning.seldon.io "income" deleted
seldondeployment.machinelearning.seldon.io/movie created
Waiting for deployment "movie-default-0-classifier" rollout to finish: 0 of 1 updated replicas are available...
deployment "movie-default-0-classifier" successfully rolled out
deployment "movie-default-explainer" successfully rolled out
{"data":{"names":["t:0","t:1"],"ndarray":[[0.21266916924914636,0.7873308307508536]]},"meta":{}}
[
  "emotionally",
  "vapid"
]
seldondeployment.machinelearning.seldon.io "movie" deleted
seldondeployment.machinelearning.seldon.io/image created
Waiting for deployment "image-default-0-transformer-classifier" rollout to finish: 0 of 1 updated replicas are available...
deployment "image-default-0-transformer-classifier" successfully rolled out
deployment "image-default-explainer" successfully rolled out
Overwriting resources/income_explainer.yaml
{'data': {'names': ['t:0', 't:1'], 'tensor': {'shape': [1, 2], 'values': [0.8585304277244477, 0.14146957227555243]}}, 'meta': {}}
['Marital Status = Never-Married']
Overwriting resources/moviesentiment_explainer.yaml
Success:True message:
Request:
meta {
}
data {
  ndarray {
    values {
      string_value: "this film has great actors"
    }
  }
}

Response:
{'data': {'names': ['t:0', 't:1'], 'ndarray': [[0.21266916924914636, 0.7873308307508536]]}, 'meta': {}}
['emotionally', 'vapid']
Overwriting resources/imagenet_explainer_grpc.yaml
WARNING:tensorflow:From /workspace/source/python/seldon_core/utils.py:309: The name tf.make_tensor_proto is deprecated. Please use tf.compat.v1.make_tensor_proto instead.

[0;31m---------------------------------------------------------------------------[0m
[0;31mTypeError[0m                                 Traceback (most recent call last)
[0;32m/workspace/source/notebooks/explainer_examples.py[0m in [0;36m<module>[0;34m[0m
[1;32m    453[0m [0mf[0m[0;34m,[0m [0maxarr[0m [0;34m=[0m [0mplt[0m[0;34m.[0m[0msubplots[0m[0;34m([0m[0;36m1[0m[0;34m,[0m [0;36m2[0m[0;34m)[0m[0;34m[0m[0;34m[0m[0m
[1;32m    454[0m [0maxarr[0m[0;34m[[0m[0;36m0[0m[0;34m][0m[0;34m.[0m[0mimshow[0m[0;34m([0m[0mdata[0m[0;34m[[0m[0;36m0[0m[0;34m][0m[0;34m)[0m[0;34m[0m[0;34m[0m[0m
[0;32m--> 455[0;31m [0maxarr[0m[0;34m[[0m[0;36m1[0m[0;34m][0m[0;34m.[0m[0mimshow[0m[0;34m([0m[0mr[0m[0;34m.[0m[0mresponse[0m[0;34m[[0m[0;34m"data"[0m[0;34m][0m[0;34m[[0m[0;34m"anchor"[0m[0;34m][0m[0;34m)[0m[0;34m[0m[0;34m[0m[0m
[0m[1;32m    456[0m [0mplt[0m[0;34m.[0m[0mshow[0m[0;34m([0m[0;34m)[0m[0;34m[0m[0;34m[0m[0m
[1;32m    457[0m [0;34m[0m[0m

[0;31mTypeError[0m: 'Response' object is not subscriptable
, stderr:Error from server (AlreadyExists): namespaces "seldon" already exists
  % Total    % Received % Xferd  Average Speed   Time    Time     Time  Current
                                 Dload  Upload   Total   Spent    Left  Speed

  0     0    0     0    0     0      0      0 --:--:-- --:--:-- --:--:--     0
100   161  100    96  100    65   6400   4333 --:--:-- --:--:-- --:--:-- 10733
  % Total    % Received % Xferd  Average Speed   Time    Time     Time  Current
                                 Dload  Upload   Total   Spent    Left  Speed

  0     0    0     0    0     0      0      0 --:--:-- --:--:-- --:--:--     0
100  2498  100  2407  100    91   4215    159 --:--:-- --:--:-- --:--:--  4367
100  2498  100  2407  100    91   4208    159 --:--:-- --:--:-- --:--:--  4359
  % Total    % Received % Xferd  Average Speed   Time    Time     Time  Current
                                 Dload  Upload   Total   Spent    Left  Speed

  0     0    0     0    0     0      0      0 --:--:-- --:--:-- --:--:--     0
100   148  100    96  100    52   5052   2736 --:--:-- --:--:-- --:--:--  7789
/usr/local/lib/python3.6/site-packages/IPython/core/history.py:226: UserWarning: IPython History requires SQLite, your history will not be saved
  warn("IPython History requires SQLite, your history will not be saved")
===Flaky Test Report===

test_helm_examples passed 1 out of the required 1 times. Success!
test_explainer_examples failed (1 runs remaining out of 2).
	<class 'subprocess.CalledProcessError'>
	Command 'cd ../../notebooks && ./explainer_examples.py' returned non-zero exit status 1.
	[<TracebackEntry /workspace/source/testing/scripts/test_notebooks.py:42>, <TracebackEntry /workspace/source/testing/scripts/test_notebooks.py:27>, <TracebackEntry /workspace/source/testing/scripts/test_notebooks.py:20>, <TracebackEntry /usr/local/lib/python3.6/subprocess.py:438>]
test_explainer_examples failed; it passed 0 out of the required 1 times.
	<class 'subprocess.CalledProcessError'>
	Command 'cd ../../notebooks && ./explainer_examples.py' returned non-zero exit status 1.
	[<TracebackEntry /workspace/source/testing/scripts/test_notebooks.py:42>, <TracebackEntry /workspace/source/testing/scripts/test_notebooks.py:27>, <TracebackEntry /workspace/source/testing/scripts/test_notebooks.py:20>, <TracebackEntry /usr/local/lib/python3.6/subprocess.py:438>]
test_istio_examples passed 1 out of the required 1 times. Success!
test_max_grpc_msg_size passed 1 out of the required 1 times. Success!
test_multiple_operators passed 1 out of the required 1 times. Success!
test_protocol_examples passed 1 out of the required 1 times. Success!
test_server_examples passed 1 out of the required 1 times. Success!
test_rolling_updates passed 1 out of the required 1 times. Success!
test_ambassador_canary passed 1 out of the required 1 times. Success!
test_ambassador_headers passed 1 out of the required 1 times. Success!
test_ambassador_shadow passed 1 out of the required 1 times. Success!
test_ambassador_custom passed 1 out of the required 1 times. Success!
test_istio_canary passed 1 out of the required 1 times. Success!
test_tracing passed 1 out of the required 1 times. Success!
test_metrics passed 1 out of the required 1 times. Success!
test_metadata passed 1 out of the required 1 times. Success!
test_graph_metadata passed 1 out of the required 1 times. Success!
test_grpc_metadata passed 1 out of the required 1 times. Success!
test_payload_logging passed 1 out of the required 1 times. Success!
test_custom_metrics passed 1 out of the required 1 times. Success!
test_autoscaling passed 1 out of the required 1 times. Success!
test_scaling passed 1 out of the required 1 times. Success!
test_jsondata passed 1 out of the required 1 times. Success!
test_sklearn_iris passed 1 out of the required 1 times. Success!
test_custom_metrics_server passed 1 out of the required 1 times. Success!
test_upgrade passed 1 out of the required 1 times. Success!

===End Flaky Test Report===
================== 1 failed, 25 passed in 6039.89s (1:40:39) ===================
make: *** [Makefile:149: test_notebooks] Error 1
Test returned errors
kind delete cluster
Deleting cluster "kind" ...
Stopping Docker: dockerProgram process in pidfile '/var/run/docker-ssd.pid', 1 process(es), refused to die.
[31m
Pipeline failed on stage 'end-to-end' : container 'step-test-end-to-end'. The execution of the pipeline has stopped.[0m
