
Showing logs for build [32mseldonio-seldon-core-pr-2018-in-4p47m-4[0m stage [32mpr-build-comment[0m and container [32mstep-credential-initializer-tltqp[0m
{"level":"warn","ts":1593189949.0403774,"logger":"fallback-logger","caller":"logging/config.go:69","msg":"Fetch GitHub commit ID from kodata failed: \"ref: refs/heads/0.8.0-**-support-backwards-incompats\" is not a valid GitHub commit ID"}
{"level":"info","ts":1593189949.0412495,"logger":"fallback-logger","caller":"creds-init/main.go:40","msg":"Credentials initialized."}

Showing logs for build [32mseldonio-seldon-core-pr-2018-in-4p47m-4[0m stage [32mpr-build-comment[0m and container [32mstep-working-dir-initializer-2d28s[0m
{"level":"warn","ts":1593189951.9871805,"logger":"fallback-logger","caller":"logging/config.go:69","msg":"Fetch GitHub commit ID from kodata failed: open /var/run/ko/HEAD: no such file or directory"}
{"level":"info","ts":1593189951.9907467,"logger":"fallback-logger","caller":"bash/main.go:64","msg":"Successfully executed command \"sh -c mkdir -p /workspace/source\"; output "}

Showing logs for build [32mseldonio-seldon-core-pr-2018-in-4p47m-4[0m stage [32mpr-build-comment[0m and container [32mstep-place-tools[0m

Showing logs for build [32mseldonio-seldon-core-pr-2018-in-4p47m-4[0m stage [32mpr-build-comment[0m and container [32mstep-create-dir-workspace-gf5vw[0m
{"level":"warn","ts":1593189959.2457545,"logger":"fallback-logger","caller":"logging/config.go:69","msg":"Fetch GitHub commit ID from kodata failed: open /var/run/ko/HEAD: no such file or directory"}
{"level":"info","ts":1593189959.2479918,"logger":"fallback-logger","caller":"bash/main.go:64","msg":"Successfully executed command \"sh -c mkdir -p source\"; output "}

Showing logs for build [32mseldonio-seldon-core-pr-2018-in-4p47m-4[0m stage [32mpr-build-comment[0m and container [32mstep-git-source-seldonio-seldon-core-pr-2018-in-5l4pl[0m
{"level":"warn","ts":1593189959.97632,"logger":"fallback-logger","caller":"logging/config.go:69","msg":"Fetch GitHub commit ID from kodata failed: \"ref: refs/heads/0.8.0-**-support-backwards-incompats\" is not a valid GitHub commit ID"}
{"level":"info","ts":1593189965.113094,"logger":"fallback-logger","caller":"git/git.go:103","msg":"Successfully cloned https://github.com/SeldonIO/seldon-core.git @ master in path /workspace/source"}

Showing logs for build [32mseldonio-seldon-core-pr-2018-in-4p47m-4[0m stage [32mpr-build-comment[0m and container [32mstep-git-merge[0m
Using SHAs from PULL_REFS=master:47380b578b9cdc5565c3cfd9e3796d6ecc4ddada,2018:0501f49f6bac618321fcfd62807f56afa56b37d3
DEBUG: ran git fetch --unshallow origin 0501f49f6bac618321fcfd62807f56afa56b37d3: 47380b578b9cdc5565c3cfd9e3796d6ecc4ddada: in 
DEBUG: ran git checkout master in 
DEBUG: ran git reset --hard 47380b578b9cdc5565c3cfd9e3796d6ecc4ddada in 
DEBUG: ran clean --force -d . in 
DEBUG: ran git merge 0501f49f6bac618321fcfd62807f56afa56b37d3 in 
Merged SHA 0501f49f6bac618321fcfd62807f56afa56b37d3 with commit message 'first expand test for upgrade status' into base branch master

Showing logs for build [32mseldonio-seldon-core-pr-2018-in-4p47m-4[0m stage [32mpr-build-comment[0m and container [32mstep-step2[0m
+++ dirname ./add-pr-build-comment
++ cd .
++ pwd
+ STARTUP_DIR=/workspace/source/ci
+ REPO_OWNER=SeldonIO
+ REPO_NAME=seldon-core
+ PULL_NUMBER=2018
+ BUILD_NUMBER=4
+ PIPELINE_CONTEXT=integration
++ cat
+++ date
+ COMMENT_MSG='Fri Jun 26 16:46:16 UTC 2020
The logs for [integration] [4] will show after the pipeline context has finished.  
https://github.com/SeldonIO/seldon-core/blob/gh-pages/jenkins-x/logs/SeldonIO/seldon-core/PR-2018/4.log

impatient try  
** get build logs SeldonIO/seldon-core/PR-2018 --build=4'
+ ** step pr comment --owner=SeldonIO --repository=seldon-core --pull-request=2018 '--comment=Fri Jun 26 16:46:16 UTC 2020
The logs for [integration] [4] will show after the pipeline context has finished.  
https://github.com/SeldonIO/seldon-core/blob/gh-pages/jenkins-x/logs/SeldonIO/seldon-core/PR-2018/4.log

impatient try  
** get build logs SeldonIO/seldon-core/PR-2018 --build=4'

Showing logs for build [32mseldonio-seldon-core-pr-2018-in-4p47m-4[0m stage [32mpr-build-comment[0m and container [32mstep-source-mkdir-seldonio-seldon-core-pr-2018-in-zm4kg[0m
{"level":"warn","ts":1593189977.840192,"logger":"fallback-logger","caller":"logging/config.go:69","msg":"Fetch GitHub commit ID from kodata failed: open /var/run/ko/HEAD: no such file or directory"}
{"level":"info","ts":1593189977.916626,"logger":"fallback-logger","caller":"bash/main.go:64","msg":"Successfully executed command \"sh -c mkdir -p /pvc/pr-build-comment/workspace\"; output "}

Showing logs for build [32mseldonio-seldon-core-pr-2018-in-4p47m-4[0m stage [32mpr-build-comment[0m and container [32mstep-source-copy-seldonio-seldon-core-pr-2018-in-jxhwd[0m
{"level":"warn","ts":1593189978.4308217,"logger":"fallback-logger","caller":"logging/config.go:69","msg":"Fetch GitHub commit ID from kodata failed: open /var/run/ko/HEAD: no such file or directory"}
{"level":"info","ts":1593189979.5515637,"logger":"fallback-logger","caller":"bash/main.go:64","msg":"Successfully executed command \"sh -c cp -r source/. /pvc/pr-build-comment/workspace\"; output "}

Showing logs for build [32mseldonio-seldon-core-pr-2018-in-4p47m-4[0m stage [32mend-to-end[0m and container [32mstep-credential-initializer-hgm8g[0m
{"level":"warn","ts":1593189993.3951037,"logger":"fallback-logger","caller":"logging/config.go:69","msg":"Fetch GitHub commit ID from kodata failed: \"ref: refs/heads/0.8.0-**-support-backwards-incompats\" is not a valid GitHub commit ID"}
{"level":"info","ts":1593189993.3958418,"logger":"fallback-logger","caller":"creds-init/main.go:40","msg":"Credentials initialized."}

Showing logs for build [32mseldonio-seldon-core-pr-2018-in-4p47m-4[0m stage [32mend-to-end[0m and container [32mstep-working-dir-initializer-8bwtz[0m
{"level":"warn","ts":1593189994.4950278,"logger":"fallback-logger","caller":"logging/config.go:69","msg":"Fetch GitHub commit ID from kodata failed: open /var/run/ko/HEAD: no such file or directory"}
{"level":"info","ts":1593189994.4971404,"logger":"fallback-logger","caller":"bash/main.go:64","msg":"Successfully executed command \"sh -c mkdir -p /workspace/source\"; output "}

Showing logs for build [32mseldonio-seldon-core-pr-2018-in-4p47m-4[0m stage [32mend-to-end[0m and container [32mstep-place-tools[0m

Showing logs for build [32mseldonio-seldon-core-pr-2018-in-4p47m-4[0m stage [32mend-to-end[0m and container [32mstep-create-dir-workspace-qmzgj[0m
{"level":"warn","ts":1593190003.0333335,"logger":"fallback-logger","caller":"logging/config.go:69","msg":"Fetch GitHub commit ID from kodata failed: open /var/run/ko/HEAD: no such file or directory"}
{"level":"info","ts":1593190003.038806,"logger":"fallback-logger","caller":"bash/main.go:64","msg":"Successfully executed command \"sh -c mkdir -p /workspace/source\"; output "}

Showing logs for build [32mseldonio-seldon-core-pr-2018-in-4p47m-4[0m stage [32mend-to-end[0m and container [32mstep-source-copy-workspace-6jlzr[0m
{"level":"warn","ts":1593190003.686002,"logger":"fallback-logger","caller":"logging/config.go:69","msg":"Fetch GitHub commit ID from kodata failed: open /var/run/ko/HEAD: no such file or directory"}
{"level":"info","ts":1593190009.4302826,"logger":"fallback-logger","caller":"bash/main.go:64","msg":"Successfully executed command \"sh -c cp -r /pvc/pr-build-comment/workspace/. /workspace/source\"; output "}

Showing logs for build [32mseldonio-seldon-core-pr-2018-in-4p47m-4[0m stage [32mend-to-end[0m and container [32mstep-test-end-to-end[0m
Test run type is: [base]
Starting Docker: docker.
[SETUP] Waiting for Docker to be ready, sleeping for 1 seconds ...
kind create cluster --config ../resources/kind_config.yaml
Creating cluster "kind" ...
 â€¢ Ensuring node image (kindest/node:v1.16.3) ðŸ–¼  ...
 âœ“ Ensuring node image (kindest/node:v1.16.3) ðŸ–¼
 â€¢ Preparing nodes ðŸ“¦  ...
 âœ“ Preparing nodes ðŸ“¦
 â€¢ Writing configuration ðŸ“œ  ...
 âœ“ Writing configuration ðŸ“œ
 â€¢ Starting control-plane ðŸ•¹ï¸  ...
 âœ“ Starting control-plane ðŸ•¹ï¸
 â€¢ Installing CNI ðŸ”Œ  ...
 âœ“ Installing CNI ðŸ”Œ
 â€¢ Installing StorageClass ðŸ’¾  ...
 âœ“ Installing StorageClass ðŸ’¾
 â€¢ Joining worker nodes ðŸšœ  ...
 âœ“ Joining worker nodes ðŸšœ
Set kubectl context to "kind-kind"
You can now use your cluster with:

kubectl cluster-info --context kind-kind

Thanks for using kind! ðŸ˜Š
`kind get kubeconfig-path` is deprecated!

KIND will export and merge kubeconfig like kops, minikube, etc.
This command is now unnecessary and will be removed in a future release.

For more info see: https://github.com/kubernetes-sigs/kind/issues/1060
See also the output of `kind create cluster`

Files changed in python folder:
SKIPPING PYTHON IMAGE BUILD...
Files changed in operator folder:
SKIPPING OPERATOR IMAGE BUILD...
Files changed in engine folder:
SKIPPING ENGINE IMAGE BUILD...
Files changed in executor folder:
SKIPPING EXECUTOR IMAGE BUILD...
Build test models
make -C ../docker/fixed-model kind_load_images
make[1]: Entering directory '/workspace/source/testing/docker/fixed-model'
s2i build -E environment_rest_v1 . seldonio/seldon-core-s2i-python3:0.15 seldonio/fixed-model:0.1
---> Installing application source...
Build completed successfully
s2i build -E environment_rest_v2 . seldonio/seldon-core-s2i-python3:0.15 seldonio/fixed-model:0.2
---> Installing application source...
Build completed successfully
kind load -v 3 docker-image seldonio/fixed-model:0.1
Image: "seldonio/fixed-model:0.1" with ID "sha256:c62ebf4d844e9c64c62558b757beee9eff3b06250b809d79c39b7bcc511d82cb" not present on node "kind-control-plane"
Image: "seldonio/fixed-model:0.1" with ID "sha256:c62ebf4d844e9c64c62558b757beee9eff3b06250b809d79c39b7bcc511d82cb" not present on node "kind-worker"
kind load -v 3 docker-image seldonio/fixed-model:0.2
Image: "seldonio/fixed-model:0.2" with ID "sha256:0bfea3d584bf6b0fd00c6d4449a3f90f898c637bb00f1b6df72e365f2841279c" not present on node "kind-control-plane"
Image: "seldonio/fixed-model:0.2" with ID "sha256:0bfea3d584bf6b0fd00c6d4449a3f90f898c637bb00f1b6df72e365f2841279c" not present on node "kind-worker"
make[1]: Leaving directory '/workspace/source/testing/docker/fixed-model'
make -C ../docker/echo-model kind_load_image
make[1]: Entering directory '/workspace/source/testing/docker/echo-model'
s2i build \
	-E environment_rest \
	.\
	seldonio/seldon-core-s2i-python3:1.1.1-SNAPSHOT\
	seldonio/echo-model:0.1
ERROR: Error writing header for "scripts": io: read/write on closed pipe
ERROR: Error writing tar: io: read/write on closed pipe
Build failed
ERROR: An error occurred: context deadline exceeded
make[1]: *** [Makefile:6: build_image] Error 1
make: *** [Makefile:25: kind_build_test_models] Error 2
make[1]: Leaving directory '/workspace/source/testing/docker/echo-model'
Kind build has errors
kind delete cluster
Deleting cluster "kind" ...
218a7cd23e5a
Stopping Docker: dockerProgram process in pidfile '/var/run/docker-ssd.pid', 1 process(es), refused to die.
[31m
Pipeline failed on stage 'end-to-end' : container 'step-test-end-to-end'. The execution of the pipeline has stopped.[0m
