
Showing logs for build [32mseldonio-seldon-core-pr-2852-no-cvkbd-24[0m stage [32mpr-build-comment[0m and container [32mstep-credential-initializer-6bh74[0m
{"level":"info","ts":1611236018.827037,"logger":"fallback-logger","caller":"logging/config.go:69","msg":"Fetch GitHub commit ID from kodata failed: open /var/run/ko/refs/heads/0.8.0-ns-support: no such file or directory"}
{"level":"info","ts":1611236018.8286543,"logger":"fallback-logger","caller":"creds-init/main.go:40","msg":"Credentials initialized."}

Showing logs for build [32mseldonio-seldon-core-pr-2852-no-cvkbd-24[0m stage [32mpr-build-comment[0m and container [32mstep-working-dir-initializer-2fwb4[0m
{"level":"info","ts":1611236032.2126591,"logger":"fallback-logger","caller":"logging/config.go:69","msg":"Fetch GitHub commit ID from kodata failed: open /var/run/ko/HEAD: no such file or directory"}
{"level":"info","ts":1611236032.2913492,"logger":"fallback-logger","caller":"bash/main.go:64","msg":"Successfully executed command \"sh -c mkdir -p /workspace/source\"; output "}

Showing logs for build [32mseldonio-seldon-core-pr-2852-no-cvkbd-24[0m stage [32mpr-build-comment[0m and container [32mstep-place-tools[0m

Showing logs for build [32mseldonio-seldon-core-pr-2852-no-cvkbd-24[0m stage [32mpr-build-comment[0m and container [32mstep-create-dir-workspace-q9bd9[0m
{"level":"info","ts":1611236048.4011197,"logger":"fallback-logger","caller":"logging/config.go:69","msg":"Fetch GitHub commit ID from kodata failed: open /var/run/ko/HEAD: no such file or directory"}
{"level":"info","ts":1611236048.403864,"logger":"fallback-logger","caller":"bash/main.go:64","msg":"Successfully executed command \"sh -c mkdir -p source\"; output "}

Showing logs for build [32mseldonio-seldon-core-pr-2852-no-cvkbd-24[0m stage [32mpr-build-comment[0m and container [32mstep-git-source-seldonio-seldon-core-pr-2852-no-cvkbd-66lq6[0m
{"level":"info","ts":1611236049.087974,"logger":"fallback-logger","caller":"logging/config.go:69","msg":"Fetch GitHub commit ID from kodata failed: open /var/run/ko/refs/heads/0.8.0-ns-support: no such file or directory"}
{"level":"info","ts":1611236055.5102684,"logger":"fallback-logger","caller":"git/git.go:103","msg":"Successfully cloned https://github.com/SeldonIO/seldon-core.git @ master in path /workspace/source"}

Showing logs for build [32mseldonio-seldon-core-pr-2852-no-cvkbd-24[0m stage [32mpr-build-comment[0m and container [32mstep-setup-builder-home[0m

Showing logs for build [32mseldonio-seldon-core-pr-2852-no-cvkbd-24[0m stage [32mpr-build-comment[0m and container [32mstep-git-merge[0m
Using SHAs from PULL_REFS=master:f0b880e84dd47601d0d20939df572b220f456ed4,2852:43184adab444322db78b8344a98cc4fbf922e142
DEBUG: LC_ALL=C JX_LOG_LEVEL=error git fetch origin --unshallow 43184adab444322db78b8344a98cc4fbf922e142: f0b880e84dd47601d0d20939df572b220f456ed4:
DEBUG: ran git fetch --unshallow origin 43184adab444322db78b8344a98cc4fbf922e142: f0b880e84dd47601d0d20939df572b220f456ed4: in 
DEBUG: LC_ALL=C JX_LOG_LEVEL=error git branch
DEBUG: LC_ALL=C JX_LOG_LEVEL=error git checkout master
DEBUG: ran git checkout master in 
DEBUG: JX_LOG_LEVEL=error LC_ALL=C git reset --hard f0b880e84dd47601d0d20939df572b220f456ed4
DEBUG: ran git reset --hard f0b880e84dd47601d0d20939df572b220f456ed4 in 
DEBUG: JX_LOG_LEVEL=error LC_ALL=C git clean -fd .
DEBUG: ran clean --force -d . in 
DEBUG: LC_ALL=C JX_LOG_LEVEL=error git merge 43184adab444322db78b8344a98cc4fbf922e142
DEBUG: ran git merge 43184adab444322db78b8344a98cc4fbf922e142 in 
DEBUG: LC_ALL=C JX_LOG_LEVEL=error git log --format=%H%x1f%an%x1f%ae%x1f%cn%x1f%ce%x1f%s%n%b%x1e f0b880e84dd47601d0d20939df572b220f456ed4..HEAD
Merged SHA 2b8236ee2cd7d26b3b596e9812bf459a2fe35888 with commit message 'Merge commit '43184adab444322db78b8344a98cc4fbf922e142'' into base branch master
Merged SHA 43184adab444322db78b8344a98cc4fbf922e142 with commit message 'move defaulting code out of webhook file' into base branch master
Merged SHA d187a0874313f9a27d5191e05aafce2af71f6150 with commit message 'fix validating webhooks to act on raw resource from etcd' into base branch master
Merged SHA 49a6c4eea7cad6d348fa2df806cd636c48d2f18b with commit message 'fix explainer notebook' into base branch master
Merged SHA 73cf0882a083ada4349d9d614481ec0c164b0766 with commit message 'adjust validating webhooks so they do not expect defaulted resource' into base branch master
Merged SHA ff2f6fd36b2b7f8f183ec7117ce181979ad35d1d with commit message 'complete removal of mutatingwebhook' into base branch master
Merged SHA 2935c67252c5e233f2fcabd957005fe19294e9b2 with commit message 'initial attempt to remove mutating webhook' into base branch master

Showing logs for build [32mseldonio-seldon-core-pr-2852-no-cvkbd-24[0m stage [32mpr-build-comment[0m and container [32mstep-step2[0m
+++ dirname ./add-pr-build-comment
++ cd .
++ pwd
+ STARTUP_DIR=/workspace/source/ci
+ REPO_OWNER=SeldonIO
+ REPO_NAME=seldon-core
+ PULL_NUMBER=2852
+ BUILD_NUMBER=24
+ PIPELINE_CONTEXT=notebooks
++ cat
+++ date
+ COMMENT_MSG='Thu Jan 21 13:34:32 UTC 2021
The logs for [notebooks] [24] will show after the pipeline context has finished.  
https://github.com/SeldonIO/seldon-core/blob/gh-pages/jenkins-x/logs/SeldonIO/seldon-core/PR-2852/24.log

impatient try  
** get build logs SeldonIO/seldon-core/PR-2852 --build=24'
+ ** step pr comment --owner=SeldonIO --repository=seldon-core --pull-request=2852 '--comment=Thu Jan 21 13:34:32 UTC 2021
The logs for [notebooks] [24] will show after the pipeline context has finished.  
https://github.com/SeldonIO/seldon-core/blob/gh-pages/jenkins-x/logs/SeldonIO/seldon-core/PR-2852/24.log

impatient try  
** get build logs SeldonIO/seldon-core/PR-2852 --build=24'

Showing logs for build [32mseldonio-seldon-core-pr-2852-no-cvkbd-24[0m stage [32mpr-build-comment[0m and container [32mstep-source-mkdir-seldonio-seldon-core-pr-2852-no-cvkbd-wsklv[0m
{"level":"info","ts":1611236100.9733648,"logger":"fallback-logger","caller":"logging/config.go:69","msg":"Fetch GitHub commit ID from kodata failed: open /var/run/ko/HEAD: no such file or directory"}
{"level":"info","ts":1611236101.329698,"logger":"fallback-logger","caller":"bash/main.go:64","msg":"Successfully executed command \"sh -c mkdir -p /pvc/pr-build-comment/workspace\"; output "}

Showing logs for build [32mseldonio-seldon-core-pr-2852-no-cvkbd-24[0m stage [32mpr-build-comment[0m and container [32mstep-source-copy-seldonio-seldon-core-pr-2852-no-cvkbd-qff8l[0m
{"level":"info","ts":1611236102.0996325,"logger":"fallback-logger","caller":"logging/config.go:69","msg":"Fetch GitHub commit ID from kodata failed: open /var/run/ko/HEAD: no such file or directory"}
{"level":"info","ts":1611236107.8343532,"logger":"fallback-logger","caller":"bash/main.go:64","msg":"Successfully executed command \"sh -c cp -r source/. /pvc/pr-build-comment/workspace\"; output "}

Showing logs for build [32mseldonio-seldon-core-pr-2852-no-cvkbd-24[0m stage [32mend-to-end[0m and container [32mstep-credential-initializer-z6pgb[0m
{"level":"info","ts":1611236185.7127721,"logger":"fallback-logger","caller":"logging/config.go:69","msg":"Fetch GitHub commit ID from kodata failed: open /var/run/ko/refs/heads/0.8.0-ns-support: no such file or directory"}
{"level":"info","ts":1611236185.7131884,"logger":"fallback-logger","caller":"creds-init/main.go:40","msg":"Credentials initialized."}

Showing logs for build [32mseldonio-seldon-core-pr-2852-no-cvkbd-24[0m stage [32mend-to-end[0m and container [32mstep-working-dir-initializer-r86xf[0m
{"level":"info","ts":1611236188.0908852,"logger":"fallback-logger","caller":"logging/config.go:69","msg":"Fetch GitHub commit ID from kodata failed: open /var/run/ko/HEAD: no such file or directory"}
{"level":"info","ts":1611236188.091908,"logger":"fallback-logger","caller":"bash/main.go:64","msg":"Successfully executed command \"sh -c mkdir -p /workspace/source\"; output "}

Showing logs for build [32mseldonio-seldon-core-pr-2852-no-cvkbd-24[0m stage [32mend-to-end[0m and container [32mstep-place-tools[0m

Showing logs for build [32mseldonio-seldon-core-pr-2852-no-cvkbd-24[0m stage [32mend-to-end[0m and container [32mstep-create-dir-workspace-j9kx4[0m
{"level":"info","ts":1611236343.7714393,"logger":"fallback-logger","caller":"logging/config.go:69","msg":"Fetch GitHub commit ID from kodata failed: open /var/run/ko/HEAD: no such file or directory"}
{"level":"info","ts":1611236343.7725322,"logger":"fallback-logger","caller":"bash/main.go:64","msg":"Successfully executed command \"sh -c mkdir -p /workspace/source\"; output "}

Showing logs for build [32mseldonio-seldon-core-pr-2852-no-cvkbd-24[0m stage [32mend-to-end[0m and container [32mstep-source-copy-workspace-sz8gz[0m
{"level":"info","ts":1611236343.920138,"logger":"fallback-logger","caller":"logging/config.go:69","msg":"Fetch GitHub commit ID from kodata failed: open /var/run/ko/HEAD: no such file or directory"}
{"level":"info","ts":1611236349.0206256,"logger":"fallback-logger","caller":"bash/main.go:64","msg":"Successfully executed command \"sh -c cp -r /pvc/pr-build-comment/workspace/. /workspace/source\"; output "}

Showing logs for build [32mseldonio-seldon-core-pr-2852-no-cvkbd-24[0m stage [32mend-to-end[0m and container [32mstep-setup-builder-home[0m

Showing logs for build [32mseldonio-seldon-core-pr-2852-no-cvkbd-24[0m stage [32mend-to-end[0m and container [32mstep-test-end-to-end[0m
Test run type is: [notebooks]
Starting Docker: docker.
[SETUP] Waiting for Docker to be ready, sleeping for 1 seconds ...
kind create cluster --config ../resources/kind_config.yaml
Creating cluster "kind" ...
 â€¢ Ensuring node image (kindest/node:v1.16.3) ðŸ–¼  ...
 âœ“ Ensuring node image (kindest/node:v1.16.3) ðŸ–¼
 â€¢ Preparing nodes ðŸ“¦  ...
 âœ“ Preparing nodes ðŸ“¦
 â€¢ Writing configuration ðŸ“œ  ...
 âœ“ Writing configuration ðŸ“œ
 â€¢ Starting control-plane ðŸ•¹ï¸  ...
 âœ“ Starting control-plane ðŸ•¹ï¸
 â€¢ Installing CNI ðŸ”Œ  ...
 âœ“ Installing CNI ðŸ”Œ
 â€¢ Installing StorageClass ðŸ’¾  ...
 âœ“ Installing StorageClass ðŸ’¾
 â€¢ Joining worker nodes ðŸšœ  ...
 âœ“ Joining worker nodes ðŸšœ
Set kubectl context to "kind-kind"
You can now use your cluster with:

kubectl cluster-info --context kind-kind

Thanks for using kind! ðŸ˜Š
`kind get kubeconfig-path` is deprecated!

KIND will export and merge kubeconfig like kops, minikube, etc.
This command is now unnecessary and will be removed in a future release.

For more info see: https://github.com/kubernetes-sigs/kind/issues/1060
See also the output of `kind create cluster`

Files changed in python folder:
SKIPPING PYTHON IMAGE BUILD...
Files changed in operator folder:
operator/Dockerfile
operator/Dockerfile.redhat
operator/apis/machinelearning.seldon.io/v1/seldondeployment_types.go
operator/apis/machinelearning.seldon.io/v1/seldondeployment_webhook.go
operator/apis/machinelearning.seldon.io/v1alpha2/seldondeployment_types.go
operator/apis/machinelearning.seldon.io/v1alpha2/seldondeployment_webhook.go
operator/apis/machinelearning.seldon.io/v1alpha3/seldondeployment_types.go
operator/apis/machinelearning.seldon.io/v1alpha3/seldondeployment_webhook.go
operator/bundle/manifests/seldon-operator.clusterserviceversion.yaml
operator/config/cert/kustomization.yaml
operator/config/controllerid/kustomization.yaml
operator/config/controllerid/webhook-config.yaml
operator/config/default/webhookcainjection_patch.yaml
operator/config/lite/role_webhook.yaml
operator/config/manifests/bases/seldon-operator.clusterserviceversion.yaml
operator/config/namespaced/kustomization.yaml
operator/config/namespaced/webhook-config.yaml
operator/config/openshift/role_webhook.yaml
operator/config/webhook/kustomization.yaml
operator/config/webhook/kustomizeconfig.yaml
operator/config/webhook/manifests.yaml
operator/controllers/seldondeployment_controller.go
operator/go.sum
operator/helm/split_resources.py
operator/testing/machinelearning.seldon.io_seldondeployments.yaml
cd ../../operator && make kind-image-install
make[1]: Entering directory '/workspace/source/operator'
go: creating new go.mod: module tmp
go: downloading sigs.k8s.io/controller-tools v0.2.9
go: found sigs.k8s.io/controller-tools/cmd/controller-gen in sigs.k8s.io/controller-tools v0.2.9
go: downloading github.com/fatih/color v1.7.0
go: downloading github.com/spf13/cobra v0.0.5
go: downloading sigs.k8s.io/yaml v1.1.0
go: downloading golang.org/x/tools v0.0.0-20190920225731-5eefd052ad72
go: downloading k8s.io/apimachinery v0.17.0
go: downloading k8s.io/api v0.17.0
go: downloading k8s.io/apiextensions-apiserver v0.17.0
go: downloading gopkg.in/yaml.v3 v3.0.0-20190905181640-827449938966
go: downloading github.com/gobuffalo/flect v0.2.0
go: downloading github.com/mattn/go-isatty v0.0.8
go: downloading github.com/spf13/pflag v1.0.5
go: downloading gopkg.in/yaml.v2 v2.2.4
go: downloading github.com/mattn/go-colorable v0.1.2
go: downloading github.com/inconshreveable/mousetrap v1.0.0
go: downloading golang.org/x/sys v0.0.0-20190826190057-c7b8b68b1456
go: downloading github.com/gogo/protobuf v1.2.2-0.20190723190241-65acae22fc9d
go: downloading k8s.io/klog v1.0.0
go: downloading golang.org/x/net v0.0.0-20191004110552-13f9640d40b9
go: downloading k8s.io/utils v0.0.0-20191114184206-e782cd3c129f
go: downloading github.com/google/gofuzz v1.0.0
go: downloading gopkg.in/inf.v0 v0.9.1
go: downloading golang.org/x/text v0.3.2
/builder/home/go/bin/controller-gen object:headerFile=./hack/boilerplate.go.txt paths="./..."
go fmt ./...
go vet ./...
go: downloading github.com/onsi/gomega v1.10.4
go: downloading github.com/onsi/ginkgo v1.14.1
go: downloading golang.org/x/xerrors v0.0.0-20200804184101-5ec99f83aff1
go: downloading github.com/nxadm/tail v1.4.4
go: downloading gopkg.in/tomb.v1 v1.0.0-20141024135613-dd632973f1e7
/builder/home/go/bin/controller-gen "crd:trivialVersions=true" rbac:roleName=manager-role webhook paths="./..." output:crd:artifacts:config=config/crd/bases
rm -rf generated
mkdir generated
kustomize build config/default/ -o generated
cp generated/apiextensions.k8s.io_v1beta1_customresourcedefinition_seldondeployments.machinelearning.seldon.io.yaml testing/machinelearning.seldon.io_seldondeployments.yaml
ginkgo -r -outputdir=. -cover -coverprofile=cover.out ./controllers ./utils ./apis
[1611236479] [1mController Suite[0m - 64/64 specs test k8s client
&{Reader:0xc0006a1440 Writer:0xc00072efa0 StatusClient:0xc00072efa0}
[32mâ€¢[0m[32mâ€¢[0m[32mâ€¢[0m[32mâ€¢[0m[32mâ€¢[0m[32mâ€¢[0m[32mâ€¢[0m[32mâ€¢[0m[32mâ€¢[0m[32mâ€¢[0m[32mâ€¢[0m[32mâ€¢[0m[32mâ€¢[0m[32mâ€¢[0m[32mâ€¢[0m[32mâ€¢[0m[32mâ€¢[0m[32mâ€¢[0m[32mâ€¢[0m[32mâ€¢[0m[32mâ€¢[0m[32mâ€¢[0m[32mâ€¢[0m[32mâ€¢[0m[32mâ€¢[0m[32mâ€¢[0m[32mâ€¢[0m[32mâ€¢[0m[32mâ€¢[0m[32mâ€¢[0m[32mâ€¢[0m[32mâ€¢[0m[32mâ€¢[0m[32mâ€¢[0m[32mâ€¢[0m[32mâ€¢[0m[32mâ€¢[0m[32mâ€¢[0m[32mâ€¢[0m[32mâ€¢[0m[32mâ€¢[0m[32mâ€¢[0m[32mâ€¢[0m[32mâ€¢[0m[32mâ€¢[0m[32mâ€¢[0m[32mâ€¢[0m[32mâ€¢[0m[32mâ€¢[0m[32mâ€¢[0m[32mâ€¢[0m[32mâ€¢[0m[32mâ€¢[0m[32mâ€¢[0m[32mâ€¢[0m[32mâ€¢[0m[32mâ€¢[0m[32mâ€¢[0m[32mâ€¢[0m[32mâ€¢[0m[32mâ€¢[0m[32mâ€¢[0m[32mâ€¢[0m[32mâ€¢[0mE0121 13:42:05.586377   30027 reflector.go:383] pkg/mod/k8s.io/client-go@v0.18.8/tools/cache/reflector.go:125: Failed to watch *v1.ConfigMap: Get "http://127.0.0.1:37289/api/v1/configmaps?allowWatchBookmarks=true&resourceVersion=122&timeoutSeconds=503&watch=true": dial tcp 127.0.0.1:37289: connect: connection refused
E0121 13:42:05.586379   30027 reflector.go:383] pkg/mod/k8s.io/client-go@v0.18.8/tools/cache/reflector.go:125: Failed to watch *v1.Deployment: Get "http://127.0.0.1:37289/apis/apps/v1/deployments?allowWatchBookmarks=true&resourceVersion=441&timeoutSeconds=558&watch=true": dial tcp 127.0.0.1:37289: connect: connection refused
E0121 13:42:05.586430   30027 reflector.go:383] pkg/mod/k8s.io/client-go@v0.18.8/tools/cache/reflector.go:125: Failed to watch *v1.Namespace: Get "http://127.0.0.1:37289/api/v1/namespaces?allowWatchBookmarks=true&resourceVersion=410&timeoutSeconds=387&watch=true": dial tcp 127.0.0.1:37289: connect: connection refused
E0121 13:42:05.586433   30027 reflector.go:383] pkg/mod/k8s.io/client-go@v0.18.8/tools/cache/reflector.go:125: Failed to watch *v1beta1.PodDisruptionBudget: Get "http://127.0.0.1:37289/apis/policy/v1beta1/poddisruptionbudgets?allowWatchBookmarks=true&resourceVersion=176&timeoutSeconds=408&watch=true": dial tcp 127.0.0.1:37289: connect: connection refused
E0121 13:42:05.586377   30027 reflector.go:383] pkg/mod/k8s.io/client-go@v0.18.8/tools/cache/reflector.go:125: Failed to watch *v1alpha1.ScaledObject: Get "http://127.0.0.1:37289/apis/keda.sh/v1alpha1/scaledobjects?allowWatchBookmarks=true&resourceVersion=267&timeoutSeconds=365&watch=true": dial tcp 127.0.0.1:37289: connect: connection refused
E0121 13:42:05.586451   30027 reflector.go:383] pkg/mod/k8s.io/client-go@v0.18.8/tools/cache/reflector.go:125: Failed to watch *v1.SeldonDeployment: Get "http://127.0.0.1:37289/apis/machinelearning.seldon.io/v1/seldondeployments?allowWatchBookmarks=true&resourceVersion=448&timeoutSeconds=389&watch=true": dial tcp 127.0.0.1:37289: connect: connection refused
E0121 13:42:05.586391   30027 reflector.go:383] pkg/mod/k8s.io/client-go@v0.18.8/tools/cache/reflector.go:125: Failed to watch *v1.Service: Get "http://127.0.0.1:37289/api/v1/services?allowWatchBookmarks=true&resourceVersion=439&timeoutSeconds=471&watch=true": dial tcp 127.0.0.1:37289: connect: connection refused
E0121 13:42:05.586450   30027 reflector.go:383] pkg/mod/k8s.io/client-go@v0.18.8/tools/cache/reflector.go:125: Failed to watch *v2beta1.HorizontalPodAutoscaler: Get "http://127.0.0.1:37289/apis/autoscaling/v2beta1/horizontalpodautoscalers?allowWatchBookmarks=true&resourceVersion=418&timeoutSeconds=360&watch=true": dial tcp 127.0.0.1:37289: connect: connection refused
E0121 13:42:05.586465   30027 reflector.go:383] pkg/mod/k8s.io/client-go@v0.18.8/tools/cache/reflector.go:125: Failed to watch *v1alpha3.VirtualService: Get "http://127.0.0.1:37289/apis/networking.istio.io/v1alpha3/virtualservices?allowWatchBookmarks=true&resourceVersion=122&timeoutSeconds=525&watch=true": dial tcp 127.0.0.1:37289: connect: connection refused

 [32mSUCCESS![0m 29.893507316s PASS
coverage: 66.6% of statements
=== RUN   TestGcsSecret
--- PASS: TestGcsSecret (0.00s)
PASS
coverage: 100.0% of statements
=== RUN   TestS3Secret
--- PASS: TestS3Secret (0.00s)
PASS
coverage: 94.6% of statements
=== RUN   TestGetEnvAsBool
--- PASS: TestGetEnvAsBool (0.00s)
=== RUN   TestAddEnvVarToDeploymentContainers
--- PASS: TestAddEnvVarToDeploymentContainers (0.00s)
=== RUN   TestMountSecretToDeploymentContainers
--- PASS: TestMountSecretToDeploymentContainers (0.00s)
PASS
coverage: 30.0% of statements
=== RUN   TestGenerateCerts
--- PASS: TestGenerateCerts (1.38s)
=== RUN   TestConfigmapCreate
--- PASS: TestConfigmapCreate (0.00s)
=== RUN   TestCRDCreate
--- PASS: TestCRDCreate (0.04s)
=== RUN   TestMutatingWebhookCreate
--- PASS: TestMutatingWebhookCreate (4.81s)
=== RUN   TestMutatingWebhookCreateNamespaced
--- PASS: TestMutatingWebhookCreateNamespaced (1.86s)
=== RUN   TestValidatingWebhookCreate
--- PASS: TestValidatingWebhookCreate (4.72s)
=== RUN   TestValidatingWebhookCreateNamespaced
--- PASS: TestValidatingWebhookCreateNamespaced (4.48s)
=== RUN   TestWebHookSvcCreate
--- PASS: TestWebHookSvcCreate (2.23s)
PASS
coverage: 52.1% of statements
=== RUN   TestImageSetNormal
    prepack_test.go:58: Scenario: GRPC image with version
    prepack_test.go:58: Scenario: GRPC image with no version
    prepack_test.go:58: Scenario: REST image with version
    prepack_test.go:58: Scenario: REST image with no version
--- PASS: TestImageSetNormal (0.00s)
=== RUN   TestGetPredictorConfig
    prepack_test.go:91: Scenario: related image sklearn
    prepack_test.go:91: Scenario: default image sklearn
--- PASS: TestGetPredictorConfig (0.00s)
=== RUN   TestPredictorServerConfigPrepackImageName
--- PASS: TestPredictorServerConfigPrepackImageName (0.00s)
=== RUN   TestGetDeploymentNameOneModel
--- PASS: TestGetDeploymentNameOneModel (0.00s)
=== RUN   TestGetDeploymentNameLong
--- PASS: TestGetDeploymentNameLong (0.00s)
=== RUN   TestValidProtocolTransportServerType
--- PASS: TestValidProtocolTransportServerType (0.00s)
=== RUN   TestValidateBadProtocol
--- PASS: TestValidateBadProtocol (0.00s)
=== RUN   TestValidateBadTransport
--- PASS: TestValidateBadTransport (0.00s)
=== RUN   TestValidateBadServerType
--- PASS: TestValidateBadServerType (0.00s)
=== RUN   TestValidateMixedTransport
--- PASS: TestValidateMixedTransport (0.00s)
=== RUN   TestValidateMixedMultipleTransport
--- PASS: TestValidateMixedMultipleTransport (0.00s)
=== RUN   TestDefaultSingleContainer
--- PASS: TestDefaultSingleContainer (0.00s)
=== RUN   TestMetricsPortAddedTwoContainers
--- PASS: TestMetricsPortAddedTwoContainers (0.00s)
=== RUN   TestMetricsPortAddedTwoComponentSpecsTwoContainers
--- PASS: TestMetricsPortAddedTwoComponentSpecsTwoContainers (0.00s)
=== RUN   TestOverrideMetricsPortName
Failed to find config map seldon-config
no kind is registered for the type v1.ConfigMap in scheme "pkg/runtime/scheme.go:101"
--- PASS: TestOverrideMetricsPortName (0.00s)
=== RUN   TestPortUseExisting
--- PASS: TestPortUseExisting (0.00s)
=== RUN   TestMetricsPortAddedToPrepacked
--- PASS: TestMetricsPortAddedToPrepacked (0.00s)
=== RUN   TestPredictorProtocolGrpc
--- PASS: TestPredictorProtocolGrpc (0.00s)
=== RUN   TestPrepackedWithExistingContainer
--- PASS: TestPrepackedWithExistingContainer (0.00s)
=== RUN   TestPrepackedWithCustom
--- PASS: TestPrepackedWithCustom (0.00s)
=== RUN   TestPrepackedWithExistingContainerAndImage
--- PASS: TestPrepackedWithExistingContainerAndImage (0.00s)
=== RUN   TestMetricsPortAddedToTwoPrepacked
--- PASS: TestMetricsPortAddedToTwoPrepacked (0.00s)
=== RUN   TestDefaultPrepackagedServerType
--- PASS: TestDefaultPrepackagedServerType (0.00s)
=== RUN   TestValidateSingleModel
--- PASS: TestValidateSingleModel (0.00s)
=== RUN   TestValidateSingleModelNoName
--- PASS: TestValidateSingleModelNoName (0.00s)
=== RUN   TestValidateNoEngineMultiGraph
--- PASS: TestValidateNoEngineMultiGraph (0.00s)
=== RUN   TestValidateDuplPredictorName
--- PASS: TestValidateDuplPredictorName (0.00s)
=== RUN   TestValidateTrafficSum
--- PASS: TestValidateTrafficSum (0.00s)
=== RUN   TestDefaultABTest
--- PASS: TestDefaultABTest (0.00s)
=== RUN   TestValidateTensorflowProtocolNormalPrepackaged
--- PASS: TestValidateTensorflowProtocolNormalPrepackaged (0.00s)
=== RUN   TestValidateTensorflowProtocolNormal
--- PASS: TestValidateTensorflowProtocolNormal (0.00s)
=== RUN   TestValidateV2ProtocolNormal
--- PASS: TestValidateV2ProtocolNormal (0.00s)
=== RUN   TestPredictorNoGraph
--- PASS: TestPredictorNoGraph (0.00s)
=== RUN   TestShadowPredictor
--- PASS: TestShadowPredictor (0.00s)
=== RUN   TestNoPredictors
--- PASS: TestNoPredictors (0.00s)
=== RUN   TestValidateTwoShadows
--- PASS: TestValidateTwoShadows (0.00s)
PASS
coverage: 38.1% of statements
path is /workspace/source/operator
All profiles combined

Ginkgo ran 6 suites in 1m6.215191326s
Test Suite Passed
docker build . -t seldonio/seldon-core-operator:1.6.0-dev
Sending build context to Docker daemon  16.03MB
Step 1/27 : FROM golang:1.14.9 as builder
1.14.9: Pulling from library/golang
e4c3d3e4f7b0: Pulling fs layer
101c41d0463b: Pulling fs layer
8275efcd805f: Pulling fs layer
751620502a7a: Pulling fs layer
aaabf962c4fc: Pulling fs layer
5610ac35c8d2: Pulling fs layer
324c78229f75: Pulling fs layer
aaabf962c4fc: Waiting
5610ac35c8d2: Waiting
751620502a7a: Waiting
324c78229f75: Waiting
101c41d0463b: Verifying Checksum
101c41d0463b: Download complete
8275efcd805f: Verifying Checksum
8275efcd805f: Download complete
e4c3d3e4f7b0: Verifying Checksum
e4c3d3e4f7b0: Download complete
751620502a7a: Verifying Checksum
751620502a7a: Download complete
aaabf962c4fc: Verifying Checksum
aaabf962c4fc: Download complete
324c78229f75: Verifying Checksum
324c78229f75: Download complete
e4c3d3e4f7b0: Pull complete
5610ac35c8d2: Verifying Checksum
5610ac35c8d2: Download complete
101c41d0463b: Pull complete
8275efcd805f: Pull complete
751620502a7a: Pull complete
aaabf962c4fc: Pull complete
5610ac35c8d2: Pull complete
324c78229f75: Pull complete
Digest: sha256:b840a07bab2739c266c8728246fc243444f192b44933f4b8beb8ce9f806fae46
Status: Downloaded newer image for golang:1.14.9
 ---> 39111ae98c91
Step 2/27 : WORKDIR /workspace
 ---> Running in 357e20e8909a
Removing intermediate container 357e20e8909a
 ---> 99fe7979d85d
Step 3/27 : COPY go.mod go.mod
 ---> 52c82b1ea37a
Step 4/27 : COPY go.sum go.sum
 ---> 4dec16cbb6e1
Step 5/27 : RUN go mod download
 ---> Running in 295f225a314b
Removing intermediate container 295f225a314b
 ---> e93724923a1d
Step 6/27 : COPY main.go main.go
 ---> 9d845c53871b
Step 7/27 : COPY apis/ apis/
 ---> 1b6190209a63
Step 8/27 : COPY controllers/ controllers/
 ---> c32cd08e0a5d
Step 9/27 : COPY utils/ utils/
 ---> 908e0749fc47
Step 10/27 : COPY constants/ constants/
 ---> de6d72d1c459
Step 11/27 : COPY client/ client/
 ---> 3b8753320ce4
Step 12/27 : RUN go build -a -o manager main.go
 ---> Running in f0076b8e5ebd
Removing intermediate container f0076b8e5ebd
 ---> ddbbc3171d32
Step 13/27 : RUN wget -O hashicorp-golang-lru.tar.gz https://github.com/hashicorp/golang-lru/archive/master.tar.gz
 ---> Running in e7c7739e97e6
[91m--2021-01-21 13:45:02--  https://github.com/hashicorp/golang-lru/archive/master.tar.gz
[0m[91mResolving github.com (github.com)... [0m[91m140.82.121.3
Connecting to github.com (github.com)|140.82.121.3|:443... [0m[91mconnected.
[0m[91mHTTP request sent, awaiting response... [0m[91m302 Found
Location: https://codeload.github.com/hashicorp/golang-lru/tar.gz/master [following]
--2021-01-21 13:45:02--  https://codeload.github.com/hashicorp/golang-lru/tar.gz/master
Resolving codeload.github.com (codeload.github.com)... [0m[91m140.82.121.10
Connecting to codeload.github.com (codeload.github.com)|140.82.121.10|:443... [0m[91mconnected.
[0m[91mHTTP request sent, awaiting response... [0m[91m200 OK
Length: unspecified [application/x-gzip]
Saving to: 'hashicorp-golang-lru.tar.gz'
[0m[91m
     0K ....[0m[91m...[0m[91m.[0m[91m.[0m[91m. .[0m[91m.[0m[91m..                                        1.05M=0.01s

[0m[91m2021-01-21 13:45:02 (1.05 MB/s) - 'hashicorp-golang-lru.tar.gz' saved [14371]

[0mRemoving intermediate container e7c7739e97e6
 ---> d006480d8510
Step 14/27 : RUN wget -O armon-consul-api.tar.gz https://github.com/armon/consul-api/archive/master.tar.gz
 ---> Running in 340ea8ddeac8
[91m--2021-01-21 13:45:03--  https://github.com/armon/consul-api/archive/master.tar.gz
[0m[91mResolving github.com (github.com)... [0m[91m140.82.121.3
Connecting to github.com (github.com)|140.82.121.3|:443... [0m[91mconnected.
[0m[91mHTTP request sent, awaiting response... [0m[91m302 Found
Location: https://codeload.github.com/armon/consul-api/tar.gz/master [following]
--2021-01-21 13:45:03--  https://codeload.github.com/armon/consul-api/tar.gz/master
Resolving codeload.github.com (codeload.github.com)... [0m[91m140.82.121.10
Connecting to codeload.github.com (codeload.github.com)|140.82.121.10|:443... [0m[91mconnected.
[0m[91mHTTP request sent, awaiting response... [0m[91m200 OK
Length: unspecified [application/x-gzip]
Saving to: 'armon-consul-api.tar.gz'
[0m[91m
     0K ...[0m[91m..[0m[91m..[0m[91m... ..[0m[91m.....                                    [0m[91m 1.32M=0.01s

[0m[91m2021-01-21 13:45:04 (1.32 MB/s) - 'armon-consul-api.tar.gz' saved [17977]

[0mRemoving intermediate container 340ea8ddeac8
 ---> 6dad88ab8118
Step 15/27 : RUN wget -O hasicorp-hcl.tar.gz https://github.com/hashicorp/hcl/archive/master.tar.gz
 ---> Running in 18ecf1dc5f92
[91m--2021-01-21 13:45:04--  https://github.com/hashicorp/hcl/archive/master.tar.gz
[0m[91mResolving github.com (github.com)... [0m[91m140.82.121.3
Connecting to github.com (github.com)|140.82.121.3|:443... [0m[91mconnected.
[0m[91mHTTP request sent, awaiting response... [0m[91m302 Found
Location: https://codeload.github.com/hashicorp/hcl/tar.gz/master [following]
--2021-01-21 13:45:05--  https://codeload.github.com/hashicorp/hcl/tar.gz/master
Resolving codeload.github.com (codeload.github.com)... [0m[91m140.82.121.10
Connecting to codeload.github.com (codeload.github.com)|140.82.121.10|:443... [0m[91mconnected.
[0m[91mHTTP request sent, awaiting response... [0m[91m200 OK
Length: unspecified [application/x-gzip]
Saving to: 'hasicorp-hcl.tar.gz'
[0m[91m
     0K .....[0m[91m...[0m[91m.. .[0m[91m.......[0m[91m.. .[0m[91m.[0m[91m...[0m[91m....[0m[91m. ...[0m[91m.[0m[91m.[0m[91m..[0m[91m... ..[0m[91m..[0m[91m..[0m[91m..[0m[91m.. 1.83M[0m[91m
    50K ...[0m[91m.[0m[91m....[0m[91m.. .[0m[91m.....[0m[91m.[0m[91m...[0m[91m .                [0m[91m       [0m[91m     [0m[91m    1.58M[0m[91m=0.04s

[0m[91m2021-01-21 13:45:05 (1.75 MB/s) - 'hasicorp-hcl.tar.gz' saved [72944]

[0mRemoving intermediate container 18ecf1dc5f92
 ---> 5bdd0d1fe426
Step 16/27 : FROM gcr.io/distroless/base:latest
latest: Pulling from distroless/base
5749e56bea71: Pulling fs layer
a3e61620654b: Pulling fs layer
5749e56bea71: Download complete
a3e61620654b: Download complete
5749e56bea71: Pull complete
a3e61620654b: Pull complete
Digest: sha256:5e0cc69445ed1d8a17198250a7249d56dd4b6966bb6b2118e60ae9194c310647
Status: Downloaded newer image for gcr.io/distroless/base:latest
 ---> 125289cb40fd
Step 17/27 : WORKDIR /
 ---> Running in 63ec8f424bd3
Removing intermediate container 63ec8f424bd3
 ---> fe5a39bc0dea
Step 18/27 : COPY --from=builder /workspace/manager .
 ---> 5be7e3b70bff
Step 19/27 : COPY licenses/license.txt licenses/license.txt
 ---> d358600fa976
Step 20/27 : COPY --from=builder /workspace/hashicorp-golang-lru.tar.gz licenses/mpl_source/hashicorp-golang-lru.tar.gz
 ---> 2baa877d682f
Step 21/27 : COPY --from=builder /workspace/armon-consul-api.tar.gz licenses/mpl_source/armon-consul-api.tar.gz
 ---> 5d10419a7bc3
Step 22/27 : COPY --from=builder /workspace/hasicorp-hcl.tar.gz licenses/mpl_source/hasicorp-hcl.tar.gz
 ---> 5705dc6bc34b
Step 23/27 : COPY generated/admissionregistration.k8s.io_v1beta1_validatingwebhookconfiguration_seldon-validating-webhook-configuration.yaml /tmp/operator-resources/validate.yaml
 ---> db26b7638ede
Step 24/27 : COPY generated/~g_v1_service_seldon-webhook-service.yaml /tmp/operator-resources/service.yaml
 ---> 4d9ce829e582
Step 25/27 : COPY generated/~g_v1_configmap_seldon-config.yaml /tmp/operator-resources/configmap.yaml
 ---> 72764a2c7822
Step 26/27 : COPY generated/apiextensions.k8s.io_v1beta1_customresourcedefinition_seldondeployments.machinelearning.seldon.io.yaml /tmp/operator-resources/crd.yaml
 ---> 3b3d70a79267
Step 27/27 : ENTRYPOINT ["/manager"]
 ---> Running in 1771a1094b63
Removing intermediate container 1771a1094b63
 ---> d7e5b85086ac
Successfully built d7e5b85086ac
Successfully tagged seldonio/seldon-core-operator:1.6.0-dev
kind load -v 3 docker-image seldonio/seldon-core-operator:1.6.0-dev --name kind
Image: "seldonio/seldon-core-operator:1.6.0-dev" with ID "sha256:d7e5b85086ac7280ba2ddfe41cc7e53ff31977f762aec2fa46a3dc0fc16978e6" not present on node "kind-control-plane"
Image: "seldonio/seldon-core-operator:1.6.0-dev" with ID "sha256:d7e5b85086ac7280ba2ddfe41cc7e53ff31977f762aec2fa46a3dc0fc16978e6" not present on node "kind-worker"
make[1]: Leaving directory '/workspace/source/operator'
Files changed in engine folder:
SKIPPING ENGINE IMAGE BUILD...
Files changed in executor folder:
SKIPPING EXECUTOR IMAGE BUILD...
Build test models
make -C ../../examples/models/mean_classifier kind_load
make[1]: Entering directory '/workspace/source/examples/models/mean_classifier'
s2i build -E environment . seldonio/seldon-core-s2i-python37-ubi8:1.6.0-dev seldonio/mock_classifier:1.6.0-dev
Before assembling
---> Installing application source...
---> Installing dependencies ...
Looking in links: /whl
Requirement already satisfied: seldon-core in ./python (from -r requirements.txt (line 1)) (1.6.0.dev0)
Requirement already satisfied: numpy in /opt/conda/lib/python3.7/site-packages (from -r requirements.txt (line 2)) (1.19.5)
Requirement already satisfied: Flask<2.0.0 in /opt/conda/lib/python3.7/site-packages (from seldon-core->-r requirements.txt (line 1)) (1.1.2)
Requirement already satisfied: jsonschema<4.0.0 in /opt/conda/lib/python3.7/site-packages (from seldon-core->-r requirements.txt (line 1)) (3.2.0)
Requirement already satisfied: Flask-cors<4.0.0 in /opt/conda/lib/python3.7/site-packages (from seldon-core->-r requirements.txt (line 1)) (3.0.10)
Requirement already satisfied: redis<4.0.0 in /opt/conda/lib/python3.7/site-packages (from seldon-core->-r requirements.txt (line 1)) (3.5.3)
Requirement already satisfied: requests<3.0.0 in /opt/conda/lib/python3.7/site-packages (from seldon-core->-r requirements.txt (line 1)) (2.22.0)
Requirement already satisfied: flatbuffers<2.0.0 in /opt/conda/lib/python3.7/site-packages (from seldon-core->-r requirements.txt (line 1)) (1.12)
Requirement already satisfied: protobuf<4.0.0 in /opt/conda/lib/python3.7/site-packages (from seldon-core->-r requirements.txt (line 1)) (3.14.0)
Requirement already satisfied: grpcio<2.0.0 in /opt/conda/lib/python3.7/site-packages (from seldon-core->-r requirements.txt (line 1)) (1.35.0)
Requirement already satisfied: Flask-OpenTracing<1.2.0,>=1.1.0 in /opt/conda/lib/python3.7/site-packages (from seldon-core->-r requirements.txt (line 1)) (1.1.0)
Requirement already satisfied: opentracing<2.5.0,>=2.2.0 in /opt/conda/lib/python3.7/site-packages (from seldon-core->-r requirements.txt (line 1)) (2.4.0)
Requirement already satisfied: jaeger-client<4.5.0,>=4.1.0 in /opt/conda/lib/python3.7/site-packages (from seldon-core->-r requirements.txt (line 1)) (4.4.0)
Requirement already satisfied: grpcio-opentracing<1.2.0,>=1.1.4 in /opt/conda/lib/python3.7/site-packages (from seldon-core->-r requirements.txt (line 1)) (1.1.4)
Requirement already satisfied: grpcio-reflection<1.35.0 in /opt/conda/lib/python3.7/site-packages (from seldon-core->-r requirements.txt (line 1)) (1.34.1)
Requirement already satisfied: PyYAML<5.4 in /opt/conda/lib/python3.7/site-packages (from seldon-core->-r requirements.txt (line 1)) (5.3.1)
Requirement already satisfied: gunicorn<20.1.0,>=19.9.0 in /opt/conda/lib/python3.7/site-packages (from seldon-core->-r requirements.txt (line 1)) (20.0.4)
Requirement already satisfied: setuptools>=41.0.0 in /opt/conda/lib/python3.7/site-packages (from seldon-core->-r requirements.txt (line 1)) (41.4.0)
Requirement already satisfied: prometheus_client<0.9.0,>=0.7.1 in /opt/conda/lib/python3.7/site-packages (from seldon-core->-r requirements.txt (line 1)) (0.8.0)
Requirement already satisfied: itsdangerous>=0.24 in /opt/conda/lib/python3.7/site-packages (from Flask<2.0.0->seldon-core->-r requirements.txt (line 1)) (1.1.0)
Requirement already satisfied: click>=5.1 in /opt/conda/lib/python3.7/site-packages (from Flask<2.0.0->seldon-core->-r requirements.txt (line 1)) (7.1.2)
Requirement already satisfied: Jinja2>=2.10.1 in /opt/conda/lib/python3.7/site-packages (from Flask<2.0.0->seldon-core->-r requirements.txt (line 1)) (2.11.2)
Requirement already satisfied: Werkzeug>=0.15 in /opt/conda/lib/python3.7/site-packages (from Flask<2.0.0->seldon-core->-r requirements.txt (line 1)) (1.0.1)
Requirement already satisfied: importlib-metadata; python_version < "3.8" in /opt/conda/lib/python3.7/site-packages (from jsonschema<4.0.0->seldon-core->-r requirements.txt (line 1)) (3.4.0)
Requirement already satisfied: attrs>=17.4.0 in /opt/conda/lib/python3.7/site-packages (from jsonschema<4.0.0->seldon-core->-r requirements.txt (line 1)) (20.3.0)
Requirement already satisfied: pyrsistent>=0.14.0 in /opt/conda/lib/python3.7/site-packages (from jsonschema<4.0.0->seldon-core->-r requirements.txt (line 1)) (0.17.3)
Requirement already satisfied: six>=1.11.0 in /opt/conda/lib/python3.7/site-packages (from jsonschema<4.0.0->seldon-core->-r requirements.txt (line 1)) (1.12.0)
Requirement already satisfied: certifi>=2017.4.17 in /opt/conda/lib/python3.7/site-packages (from requests<3.0.0->seldon-core->-r requirements.txt (line 1)) (2020.12.5)
Requirement already satisfied: urllib3!=1.25.0,!=1.25.1,<1.26,>=1.21.1 in /opt/conda/lib/python3.7/site-packages (from requests<3.0.0->seldon-core->-r requirements.txt (line 1)) (1.24.2)
Requirement already satisfied: chardet<3.1.0,>=3.0.2 in /opt/conda/lib/python3.7/site-packages (from requests<3.0.0->seldon-core->-r requirements.txt (line 1)) (3.0.4)
Requirement already satisfied: idna<2.9,>=2.5 in /opt/conda/lib/python3.7/site-packages (from requests<3.0.0->seldon-core->-r requirements.txt (line 1)) (2.8)
Requirement already satisfied: threadloop<2,>=1 in /opt/conda/lib/python3.7/site-packages (from jaeger-client<4.5.0,>=4.1.0->seldon-core->-r requirements.txt (line 1)) (1.0.2)
Requirement already satisfied: tornado>=4.3 in /opt/conda/lib/python3.7/site-packages (from jaeger-client<4.5.0,>=4.1.0->seldon-core->-r requirements.txt (line 1)) (6.1)
Requirement already satisfied: thrift in /opt/conda/lib/python3.7/site-packages (from jaeger-client<4.5.0,>=4.1.0->seldon-core->-r requirements.txt (line 1)) (0.13.0)
Requirement already satisfied: MarkupSafe>=0.23 in /opt/conda/lib/python3.7/site-packages (from Jinja2>=2.10.1->Flask<2.0.0->seldon-core->-r requirements.txt (line 1)) (1.1.1)
Requirement already satisfied: zipp>=0.5 in /opt/conda/lib/python3.7/site-packages (from importlib-metadata; python_version < "3.8"->jsonschema<4.0.0->seldon-core->-r requirements.txt (line 1)) (3.4.0)
Requirement already satisfied: typing-extensions>=3.6.4; python_version < "3.8" in /opt/conda/lib/python3.7/site-packages (from importlib-metadata; python_version < "3.8"->jsonschema<4.0.0->seldon-core->-r requirements.txt (line 1)) (3.7.4.3)
WARNING: Url '/whl' is ignored. It is either a non-existing path or lacks a specific scheme.
Collecting pip-licenses
Downloading https://files.pythonhosted.org/packages/89/05/3044295a5cf87c895022e915d888abdaa2ae7bdce741af462c9300fbebb3/pip_licenses-3.2.0-py3-none-any.whl
Collecting PTable (from pip-licenses)
Downloading https://files.pythonhosted.org/packages/ab/b3/b54301811173ca94119eb474634f120a49cd370f257d1aae5a4abaf12729/PTable-0.9.2.tar.gz
Building wheels for collected packages: PTable
Building wheel for PTable (setup.py): started
Building wheel for PTable (setup.py): finished with status 'done'
Created wheel for PTable: filename=PTable-0.9.2-cp37-none-any.whl size=22906 sha256=790d25439e817fd7a448061b6ac5d8128015b4ce6110a12b69f90d7a2e36b255
Stored in directory: /root/.cache/pip/wheels/22/cc/2e/55980bfe86393df3e9896146a01f6802978d09d7ebcba5ea56
Successfully built PTable
Installing collected packages: PTable, pip-licenses
Successfully installed PTable-0.9.2 pip-licenses-3.2.0
created path: ./licenses/license_info.csv
created path: ./licenses/license.txt
After successful assembling
Build completed successfully
kind load -v 3 docker-image seldonio/mock_classifier:1.6.0-dev
Image: "seldonio/mock_classifier:1.6.0-dev" with ID "sha256:06d7caec42e808adc0bfdfc6418cb2f388262d581717d38006d4a81729989922" not present on node "kind-control-plane"
Image: "seldonio/mock_classifier:1.6.0-dev" with ID "sha256:06d7caec42e808adc0bfdfc6418cb2f388262d581717d38006d4a81729989922" not present on node "kind-worker"
make[1]: Leaving directory '/workspace/source/examples/models/mean_classifier'
make -C ../docker/fixed-model kind_load_images
make[1]: Entering directory '/workspace/source/testing/docker/fixed-model'
s2i build -E environment_v1 . seldonio/seldon-core-s2i-python3:1.6.0-dev seldonio/fixed-model:0.1
---> Installing application source...
Collecting pip-licenses
Downloading https://files.pythonhosted.org/packages/89/05/3044295a5cf87c895022e915d888abdaa2ae7bdce741af462c9300fbebb3/pip_licenses-3.2.0-py3-none-any.whl
Collecting PTable (from pip-licenses)
Downloading https://files.pythonhosted.org/packages/ab/b3/b54301811173ca94119eb474634f120a49cd370f257d1aae5a4abaf12729/PTable-0.9.2.tar.gz
Building wheels for collected packages: PTable
Building wheel for PTable (setup.py): started
Building wheel for PTable (setup.py): finished with status 'done'
Created wheel for PTable: filename=PTable-0.9.2-cp37-none-any.whl size=22906 sha256=8571fe67151584e4c54bab0d40969c3fcb6a7a7645a2b7cbb0d7954afebc7791
Stored in directory: /root/.cache/pip/wheels/22/cc/2e/55980bfe86393df3e9896146a01f6802978d09d7ebcba5ea56
Successfully built PTable
Installing collected packages: PTable, pip-licenses
Successfully installed PTable-0.9.2 pip-licenses-3.2.0
created path: ./licenses/license_info.csv
created path: ./licenses/license.txt
Build completed successfully
s2i build -E environment_v2 . seldonio/seldon-core-s2i-python3:1.6.0-dev  seldonio/fixed-model:0.2
---> Installing application source...
Collecting pip-licenses
Downloading https://files.pythonhosted.org/packages/89/05/3044295a5cf87c895022e915d888abdaa2ae7bdce741af462c9300fbebb3/pip_licenses-3.2.0-py3-none-any.whl
Collecting PTable (from pip-licenses)
Downloading https://files.pythonhosted.org/packages/ab/b3/b54301811173ca94119eb474634f120a49cd370f257d1aae5a4abaf12729/PTable-0.9.2.tar.gz
Building wheels for collected packages: PTable
Building wheel for PTable (setup.py): started
Building wheel for PTable (setup.py): finished with status 'done'
Created wheel for PTable: filename=PTable-0.9.2-cp37-none-any.whl size=22906 sha256=27106f06bd1f3a58f2777b5a8c8daced8759e38cbece6256a28aa82274a83862
Stored in directory: /root/.cache/pip/wheels/22/cc/2e/55980bfe86393df3e9896146a01f6802978d09d7ebcba5ea56
Successfully built PTable
Installing collected packages: PTable, pip-licenses
Successfully installed PTable-0.9.2 pip-licenses-3.2.0
created path: ./licenses/license_info.csv
created path: ./licenses/license.txt
Build completed successfully
kind load -v 3 docker-image seldonio/fixed-model:0.1
Image: "seldonio/fixed-model:0.1" with ID "sha256:6039210547850a52de9b32a2097b75d0f7bae49ec90b9e18f19b1dc9fb365067" not present on node "kind-control-plane"
Image: "seldonio/fixed-model:0.1" with ID "sha256:6039210547850a52de9b32a2097b75d0f7bae49ec90b9e18f19b1dc9fb365067" not present on node "kind-worker"
kind load -v 3 docker-image seldonio/fixed-model:0.2
Image: "seldonio/fixed-model:0.2" with ID "sha256:eea8074611b982e806d990010e2a1b60d4c282eeebf62f2c4a27285f7717513b" not present on node "kind-control-plane"
Image: "seldonio/fixed-model:0.2" with ID "sha256:eea8074611b982e806d990010e2a1b60d4c282eeebf62f2c4a27285f7717513b" not present on node "kind-worker"
make[1]: Leaving directory '/workspace/source/testing/docker/fixed-model'
make -C ../docker/echo-model kind_load_image
make[1]: Entering directory '/workspace/source/testing/docker/echo-model'
s2i build \
	-E environment_rest \
	.\
	seldonio/seldon-core-s2i-python3:1.6.0-dev\
	seldonio/echo-model:0.1
---> Installing application source...
Collecting pip-licenses
Downloading https://files.pythonhosted.org/packages/89/05/3044295a5cf87c895022e915d888abdaa2ae7bdce741af462c9300fbebb3/pip_licenses-3.2.0-py3-none-any.whl
Collecting PTable (from pip-licenses)
Downloading https://files.pythonhosted.org/packages/ab/b3/b54301811173ca94119eb474634f120a49cd370f257d1aae5a4abaf12729/PTable-0.9.2.tar.gz
Building wheels for collected packages: PTable
Building wheel for PTable (setup.py): started
Building wheel for PTable (setup.py): finished with status 'done'
Created wheel for PTable: filename=PTable-0.9.2-cp37-none-any.whl size=22906 sha256=e07d89a8c2dba66f5b6a72abbbfafb400ba5fa356ac68e0154c757a50f92e8b2
Stored in directory: /root/.cache/pip/wheels/22/cc/2e/55980bfe86393df3e9896146a01f6802978d09d7ebcba5ea56
Successfully built PTable
Installing collected packages: PTable, pip-licenses
Successfully installed PTable-0.9.2 pip-licenses-3.2.0
created path: ./licenses/license_info.csv
created path: ./licenses/license.txt
Build completed successfully
kind load -v 3 docker-image seldonio/echo-model:0.1
Image: "seldonio/echo-model:0.1" with ID "sha256:7fe190b609127fc10202e3e8195dd58510ba9df0246f66f3e74af859a42e5c0a" not present on node "kind-control-plane"
Image: "seldonio/echo-model:0.1" with ID "sha256:7fe190b609127fc10202e3e8195dd58510ba9df0246f66f3e74af859a42e5c0a" not present on node "kind-worker"
make[1]: Leaving directory '/workspace/source/testing/docker/echo-model'
Files changed in prepackaged folder:
SKIPPING PREPACKAGED IMAGE BUILD...
Files changed in alibi explain folder:
SKIPPING ALIBI EXPLAIN IMAGE BUILD...
Files changed in alibi detect folder:
SKIPPING ALIBI DETECT IMAGE BUILD...
Files changed in misc folders:
SKIPPING MISC IMAGE BUILD...
kubectl create namespace seldon || echo "Namespace seldon already exists"
namespace/seldon created
kubectl create namespace test1 || echo "Namespace test1 already exists"
namespace/test1 created
helm repo add seldonio https://storage.googleapis.com/seldon-charts
"seldonio" has been added to your repositories
helm repo add jaegertracing https://jaegertracing.github.io/helm-charts
"jaegertracing" has been added to your repositories
helm repo add datawire https://www.getambassador.io
"datawire" has been added to your repositories
helm repo update
Hang tight while we grab the latest from your chart repositories...
...Successfully got an update from the "jaegertracing" chart repository
...Successfully got an update from the "seldonio" chart repository
...Successfully got an update from the "datawire" chart repository
Update Complete. âŽˆ Happy Helming!âŽˆ 
helm upgrade ambassador \
	datawire/ambassador \
	-f ../resources/ambassador_values.yaml \
	--set image.repository=quay.io/datawire/ambassador \
	--set crds.keep=false \
	--set enableAES=false \
	--namespace seldon \
	--set replicaCount=1 \
	--wait --install
Release "ambassador" does not exist. Installing it now.
manifest_sorter.go:192: info: skipping unknown hook: "crd-install"
manifest_sorter.go:192: info: skipping unknown hook: "crd-install"
manifest_sorter.go:192: info: skipping unknown hook: "crd-install"
manifest_sorter.go:192: info: skipping unknown hook: "crd-install"
manifest_sorter.go:192: info: skipping unknown hook: "crd-install"
manifest_sorter.go:192: info: skipping unknown hook: "crd-install"
manifest_sorter.go:192: info: skipping unknown hook: "crd-install"
manifest_sorter.go:192: info: skipping unknown hook: "crd-install"
manifest_sorter.go:192: info: skipping unknown hook: "crd-install"
manifest_sorter.go:192: info: skipping unknown hook: "crd-install"
manifest_sorter.go:192: info: skipping unknown hook: "crd-install"
manifest_sorter.go:192: info: skipping unknown hook: "crd-install"
manifest_sorter.go:192: info: skipping unknown hook: "crd-install"
manifest_sorter.go:192: info: skipping unknown hook: "crd-install"
manifest_sorter.go:192: info: skipping unknown hook: "crd-install"
manifest_sorter.go:192: info: skipping unknown hook: "crd-install"
manifest_sorter.go:192: info: skipping unknown hook: "crd-install"
manifest_sorter.go:192: info: skipping unknown hook: "crd-install"
manifest_sorter.go:192: info: skipping unknown hook: "crd-install"
NAME: ambassador
LAST DEPLOYED: Thu Jan 21 13:50:10 2021
NAMESPACE: seldon
STATUS: deployed
REVISION: 1
NOTES:
-------------------------------------------------------------------------------
  Congratulations! You've successfully installed Ambassador!

-------------------------------------------------------------------------------
To get the IP address of Ambassador, run the following commands:
  export NODE_PORT=$(kubectl get --namespace seldon -o jsonpath="{.spec.ports[0].nodePort}" services ambassador)
  export NODE_IP=$(kubectl get nodes --namespace seldon -o jsonpath="{.items[0].status.addresses[0].address}")
  echo http://$NODE_IP:$NODE_PORT

For help, visit our Slack at https://d6e.co/slack or view the documentation online at https://www.getambassador.io.
curl -L https://istio.io/downloadIstio | ISTIO_VERSION=1.6.8 TARGET_ARCH=x86_64 sh -
  % Total    % Received % Xferd  Average Speed   Time    Time     Time  Current
                                 Dload  Upload   Total   Spent    Left  Speed
  0     0    0     0    0     0      0      0 --:--:-- --:--:-- --:--:--     0  0     0    0     0    0     0      0      0 --:--:-- --:--:-- --:--:--     0100   102  100   102    0     0    246      0 --:--:-- --:--:-- --:--:--   245
100  4579  100  4579    0     0   7593      0 --:--:-- --:--:-- --:--:--  7593

Downloading istio-1.6.8 from https://github.com/istio/istio/releases/download/1.6.8/istio-1.6.8-linux-amd64.tar.gz ...

Istio 1.6.8 Download Complete!

Istio has been successfully downloaded into the istio-1.6.8 folder on your system.

Next Steps:
See https://istio.io/latest/docs/setup/install/ to add Istio to your Kubernetes cluster.

To configure the istioctl client tool for your workstation,
add the /workspace/source/testing/scripts/istio-1.6.8/bin directory to your environment path variable with:
	 export PATH="$PATH:/workspace/source/testing/scripts/istio-1.6.8/bin"

Begin the Istio pre-installation check by running:
	 istioctl x precheck 

Need more information? Visit https://istio.io/latest/docs/setup/install/ 
istio-1.6.8/bin/istioctl install --set profile=demo
Detected that your cluster does not support third party JWT authentication. Falling back to less secure first party JWT. See https://istio.io/docs/ops/best-practices/security/#configure-third-party-service-account-tokens for details.

- Processing resources for Istio core.
- Processing resources for Istio core.
- Processing resources for Istio core.
- Processing resources for Istio core.
- Processing resources for Istio core.
- Processing resources for Istio core.
- Processing resources for Istio core.
- Processing resources for Istio core.
- Processing resources for Istio core.
- Processing resources for Istio core.
- Processing resources for Istio core.
- Processing resources for Istio core.
- Processing resources for Istio core.
- Processing resources for Istio core.
- Processing resources for Istio core.
- Processing resources for Istio core.
- Processing resources for Istio core.
- Processing resources for Istio core.
- Processing resources for Istio core.
- Processing resources for Istio core.
- Processing resources for Istio core.
- Processing resources for Istio core.
- Processing resources for Istio core.
- Processing resources for Istio core.
- Processing resources for Istio core.
- Processing resources for Istio core.
- Processing resources for Istio core.
- Processing resources for Istio core.
- Processing resources for Istio core.
- Processing resources for Istio core.
- Processing resources for Istio core.
- Processing resources for Istio core.
âœ” Istio core installed
- Processing resources for Istiod.
- Processing resources for Istiod.
- Processing resources for Istiod.
- Processing resources for Istiod.
- Processing resources for Istiod.
- Processing resources for Istiod.
- Processing resources for Istiod.
- Processing resources for Istiod.
- Processing resources for Istiod.
- Processing resources for Istiod.
- Processing resources for Istiod.
- Processing resources for Istiod.
- Processing resources for Istiod.
- Processing resources for Istiod.
- Processing resources for Istiod.
- Processing resources for Istiod.
- Processing resources for Istiod. Waiting for Deployment/istio-system/istiod
- Processing resources for Istiod. Waiting for Deployment/istio-system/istiod
- Processing resources for Istiod. Waiting for Deployment/istio-system/istiod
- Processing resources for Istiod. Waiting for Deployment/istio-system/istiod
- Processing resources for Istiod. Waiting for Deployment/istio-system/istiod
- Processing resources for Istiod. Waiting for Deployment/istio-system/istiod
âœ” Istiod installed
- Processing resources for Egress gateways, Ingress gateways.
- Processing resources for Egress gateways, Ingress gateways.
- Processing resources for Egress gateways, Ingress gateways.
- Processing resources for Egress gateways, Ingress gateways.
- Processing resources for Egress gateways, Ingress gateways.
- Processing resources for Egress gateways, Ingress gateways.
- Processing resources for Egress gateways, Ingress gateways.
- Processing resources for Egress gateways, Ingress gateways.
- Processing resources for Egress gateways, Ingress gateways.
- Processing resources for Egress gateways, Ingress gateways. Waiting for Deployment/istio-system...
- Processing resources for Egress gateways, Ingress gateways. Waiting for Deployment/istio-system...
- Processing resources for Egress gateways, Ingress gateways. Waiting for Deployment/istio-system...
- Processing resources for Addons, Egress gateways, Ingress gateways. Waiting for Deployment/isti...
- Processing resources for Addons, Egress gateways, Ingress gateways. Waiting for Deployment/isti...
- Processing resources for Addons, Egress gateways, Ingress gateways. Waiting for Deployment/isti...
- Processing resources for Addons, Egress gateways, Ingress gateways. Waiting for Deployment/isti...
- Processing resources for Addons, Egress gateways, Ingress gateways. Waiting for Deployment/isti...
- Processing resources for Addons, Egress gateways, Ingress gateways. Waiting for Deployment/isti...
- Processing resources for Addons, Egress gateways, Ingress gateways. Waiting for Deployment/isti...
- Processing resources for Addons, Egress gateways, Ingress gateways. Waiting for Deployment/isti...
- Processing resources for Addons, Egress gateways, Ingress gateways. Waiting for Deployment/isti...
- Processing resources for Addons, Egress gateways, Ingress gateways. Waiting for Deployment/isti...
- Processing resources for Addons, Egress gateways, Ingress gateways. Waiting for Deployment/isti...
- Processing resources for Addons, Egress gateways, Ingress gateways. Waiting for Deployment/isti...
- Processing resources for Addons, Egress gateways, Ingress gateways. Waiting for Deployment/isti...
- Processing resources for Addons, Egress gateways, Ingress gateways. Waiting for Deployment/isti...
- Processing resources for Addons, Egress gateways, Ingress gateways. Waiting for Deployment/isti...
- Processing resources for Addons, Egress gateways, Ingress gateways. Waiting for Deployment/isti...
- Processing resources for Addons, Egress gateways, Ingress gateways. Waiting for Deployment/isti...
- Processing resources for Addons, Egress gateways, Ingress gateways. Waiting for Deployment/isti...
- Processing resources for Addons, Egress gateways, Ingress gateways. Waiting for Deployment/isti...
- Processing resources for Addons, Egress gateways, Ingress gateways. Waiting for Deployment/isti...
- Processing resources for Addons, Egress gateways, Ingress gateways. Waiting for Deployment/isti...
- Processing resources for Addons, Egress gateways, Ingress gateways. Waiting for Deployment/isti...
- Processing resources for Addons, Egress gateways, Ingress gateways. Waiting for Deployment/isti...
- Processing resources for Addons, Egress gateways, Ingress gateways. Waiting for Deployment/isti...
- Processing resources for Addons, Egress gateways, Ingress gateways. Waiting for Deployment/isti...
- Processing resources for Addons, Egress gateways, Ingress gateways. Waiting for Deployment/isti...
- Processing resources for Addons, Egress gateways, Ingress gateways. Waiting for Deployment/isti...
- Processing resources for Addons, Egress gateways, Ingress gateways. Waiting for Deployment/isti...
- Processing resources for Addons, Egress gateways, Ingress gateways. Waiting for Deployment/isti...
- Processing resources for Addons, Egress gateways, Ingress gateways. Waiting for Deployment/isti...
- Processing resources for Addons, Egress gateways, Ingress gateways. Waiting for Deployment/isti...
- Processing resources for Addons, Egress gateways, Ingress gateways. Waiting for Deployment/isti...
- Processing resources for Addons, Egress gateways, Ingress gateways. Waiting for Deployment/isti...
- Processing resources for Addons, Egress gateways, Ingress gateways. Waiting for Deployment/isti...
- Processing resources for Addons, Egress gateways, Ingress gateways. Waiting for Deployment/isti...
- Processing resources for Addons, Egress gateways, Ingress gateways. Waiting for Deployment/isti...
- Processing resources for Addons, Egress gateways, Ingress gateways. Waiting for Deployment/isti...
- Processing resources for Addons, Egress gateways, Ingress gateways. Waiting for Deployment/isti...
- Processing resources for Addons, Egress gateways, Ingress gateways. Waiting for Deployment/isti...
- Processing resources for Addons, Egress gateways, Ingress gateways. Waiting for Deployment/isti...
- Processing resources for Addons, Egress gateways, Ingress gateways. Waiting for Deployment/isti...
- Processing resources for Addons, Egress gateways, Ingress gateways. Waiting for Deployment/isti...
- Processing resources for Addons, Egress gateways, Ingress gateways. Waiting for Deployment/isti...
- Processing resources for Addons, Egress gateways, Ingress gateways. Waiting for Deployment/isti...
- Processing resources for Addons, Egress gateways, Ingress gateways. Waiting for Deployment/isti...
- Processing resources for Addons, Egress gateways, Ingress gateways. Waiting for Deployment/isti...
- Processing resources for Addons, Egress gateways, Ingress gateways. Waiting for Deployment/isti...
- Processing resources for Addons, Egress gateways, Ingress gateways. Waiting for Deployment/isti...
âœ” Ingress gateways installed
- Processing resources for Addons, Egress gateways. Waiting for Deployment/istio-system/grafana, ...
âœ” Egress gateways installed
- Processing resources for Addons. Waiting for Deployment/istio-system/grafana, Deployment/istio-...
- Processing resources for Addons. Waiting for Deployment/istio-system/grafana, Deployment/istio-...
- Processing resources for Addons. Waiting for Deployment/istio-system/grafana, Deployment/istio-...
- Processing resources for Addons. Waiting for Deployment/istio-system/grafana, Deployment/istio-...
- Processing resources for Addons. Waiting for Deployment/istio-system/grafana, Deployment/istio-...
- Processing resources for Addons. Waiting for Deployment/istio-system/grafana, Deployment/istio-...
- Processing resources for Addons. Waiting for Deployment/istio-system/kiali, Deployment/istio-sy...
- Processing resources for Addons. Waiting for Deployment/istio-system/kiali, Deployment/istio-sy...
- Processing resources for Addons. Waiting for Deployment/istio-system/kiali, Deployment/istio-sy...
- Processing resources for Addons. Waiting for Deployment/istio-system/kiali, Deployment/istio-sy...
- Processing resources for Addons. Waiting for Deployment/istio-system/kiali, Deployment/istio-sy...
- Processing resources for Addons. Waiting for Deployment/istio-system/kiali, Deployment/istio-sy...
- Processing resources for Addons. Waiting for Deployment/istio-system/kiali, Deployment/istio-sy...
- Processing resources for Addons. Waiting for Deployment/istio-system/prometheus
âœ” Addons installed
- Pruning removed resources
kubectl patch svc istio-ingressgateway -n istio-system --patch "$(cat ../resources/istio-ingressgateway-patch.yaml)"
service/istio-ingressgateway patched
kubectl create -f ../resources/seldon-gateway.yaml -n istio-system
gateway.networking.istio.io/seldon-gateway created
kubectl apply -f https://github.com/kedacore/keda/releases/download/v2.0.0/keda-2.0.0.yaml
namespace/keda created
customresourcedefinition.apiextensions.k8s.io/scaledjobs.keda.sh created
customresourcedefinition.apiextensions.k8s.io/scaledobjects.keda.sh created
customresourcedefinition.apiextensions.k8s.io/triggerauthentications.keda.sh created
serviceaccount/keda-operator created
clusterrole.rbac.authorization.k8s.io/keda-external-metrics-reader created
clusterrole.rbac.authorization.k8s.io/keda-operator created
rolebinding.rbac.authorization.k8s.io/keda-auth-reader created
clusterrolebinding.rbac.authorization.k8s.io/keda-hpa-controller-external-metrics created
clusterrolebinding.rbac.authorization.k8s.io/keda-operator created
clusterrolebinding.rbac.authorization.k8s.io/keda:system:auth-delegator created
service/keda-metrics-apiserver created
deployment.apps/keda-metrics-apiserver created
deployment.apps/keda-operator created
apiservice.apiregistration.k8s.io/v1beta1.external.metrics.k8s.io created
helm upgrade jaeger-operator \
	jaegertracing/jaeger-operator \
	--set rbac.clusterRole=true \
	--namespace seldon \
	--wait --install
Release "jaeger-operator" does not exist. Installing it now.
âœ” Installation completemanifest_sorter.go:192: info: skipping unknown hook: "crd-install"
NAME: jaeger-operator
LAST DEPLOYED: Thu Jan 21 13:52:03 2021
NAMESPACE: seldon
STATUS: deployed
REVISION: 1
TEST SUITE: None
NOTES:
jaeger-operator is installed.


Check the jaeger-operator logs
  export POD=$(kubectl get pods -l app.kubernetes.io/instance=jaeger-operator -lapp.kubernetes.io/name=jaeger-operator --namespace seldon --output name)
  kubectl logs $POD --namespace=seldon
kubectl apply -f ../resources/jaeger.yaml --namespace seldon
jaeger.jaegertracing.io/jaeger created
mapping.getambassador.io/jaeger created
kubectl create namespace seldon-system || echo "namespace seldon-system exists"
namespace/seldon-system created
helm delete seldon --namespace seldon-system || echo "seldon-core not installed"
Error: uninstall: Release not loaded: seldon: release: not found
seldon-core not installed
helm upgrade seldon \
	../../helm-charts/seldon-core-operator \
	--namespace seldon-system \
	--set istio.enabled=true \
	--set keda.enabled=true \
	--set istio.gateway=istio-system/seldon-gateway \
	--set certManager.enabled=false \
	--set executor.enabled="true" \
	--wait --install
Release "seldon" does not exist. Installing it now.
NAME: seldon
LAST DEPLOYED: Thu Jan 21 13:52:22 2021
NAMESPACE: seldon-system
STATUS: deployed
REVISION: 1
TEST SUITE: None
kubectl config set-context $(kubectl config current-context) --namespace=seldon
Context "kind-kind" modified.
kubectl apply -f metrics.yaml
clusterrole.rbac.authorization.k8s.io/system:aggregated-metrics-reader created
clusterrolebinding.rbac.authorization.k8s.io/metrics-server:system:auth-delegator created
rolebinding.rbac.authorization.k8s.io/metrics-server-auth-reader created
apiservice.apiregistration.k8s.io/v1beta1.metrics.k8s.io created
serviceaccount/metrics-server created
deployment.apps/metrics-server created
service/metrics-server created
clusterrole.rbac.authorization.k8s.io/system:metrics-server created
clusterrolebinding.rbac.authorization.k8s.io/system:metrics-server created
make: Entering directory '/workspace/source/python'
pip install -e . -r requirements-dev.txt
Obtaining file:///workspace/source/python
Collecting black==20.8b1
  Downloading black-20.8b1.tar.gz (1.1 MB)
  Installing build dependencies: started
  Installing build dependencies: finished with status 'done'
  Getting requirements to build wheel: started
  Getting requirements to build wheel: finished with status 'done'
    Preparing wheel metadata: started
    Preparing wheel metadata: finished with status 'done'
Collecting flake8==3.8.1
  Downloading flake8-3.8.1-py2.py3-none-any.whl (72 kB)
Collecting mypy<0.791
  Downloading mypy-0.790-cp36-cp36m-manylinux1_x86_64.whl (21.0 MB)
Collecting Pillow==8.1.0
  Downloading Pillow-8.1.0-cp36-cp36m-manylinux1_x86_64.whl (2.2 MB)
Collecting pytest==6.2.1
  Downloading pytest-6.2.1-py3-none-any.whl (279 kB)
Collecting pytest-cov==2.10.1
  Downloading pytest_cov-2.10.1-py2.py3-none-any.whl (19 kB)
Collecting tox<4.0.0
  Downloading tox-3.21.2-py2.py3-none-any.whl (84 kB)
Collecting grpcio-tools==1.33.2
  Downloading grpcio_tools-1.33.2-cp36-cp36m-manylinux2014_x86_64.whl (2.5 MB)
Collecting mypy-protobuf==1.22
  Downloading mypy_protobuf-1.22-py3-none-any.whl (7.5 kB)
Collecting tenacity==6.3.1
  Downloading tenacity-6.3.1-py2.py3-none-any.whl (36 kB)
Collecting coverage==5.3.1
  Downloading coverage-5.3.1-cp36-cp36m-manylinux2010_x86_64.whl (241 kB)
Collecting pandas==1.1.0
  Downloading pandas-1.1.0-cp36-cp36m-manylinux1_x86_64.whl (10.5 MB)
Collecting pip-licenses==3.1.0
  Downloading pip_licenses-3.1.0-py3-none-any.whl (15 kB)
Collecting Flask<2.0.0
  Downloading Flask-1.1.2-py2.py3-none-any.whl (94 kB)
Requirement already satisfied: jsonschema<4.0.0 in /usr/local/lib/python3.6/site-packages (from seldon-core==1.6.0.dev0) (3.2.0)
Collecting Flask-cors<4.0.0
  Downloading Flask_Cors-3.0.10-py2.py3-none-any.whl (14 kB)
Collecting redis<4.0.0
  Downloading redis-3.5.3-py2.py3-none-any.whl (72 kB)
Requirement already satisfied: requests<3.0.0 in /usr/local/lib/python3.6/site-packages (from seldon-core==1.6.0.dev0) (2.24.0)
Requirement already satisfied: numpy<2.0.0 in /usr/local/lib/python3.6/site-packages (from seldon-core==1.6.0.dev0) (1.19.2)
Collecting flatbuffers<2.0.0
  Downloading flatbuffers-1.12-py2.py3-none-any.whl (15 kB)
Requirement already satisfied: protobuf<4.0.0 in /usr/local/lib/python3.6/site-packages (from seldon-core==1.6.0.dev0) (3.13.0)
Requirement already satisfied: grpcio<2.0.0 in /usr/local/lib/python3.6/site-packages (from seldon-core==1.6.0.dev0) (1.32.0)
Collecting Flask-OpenTracing<1.2.0,>=1.1.0
  Downloading Flask-OpenTracing-1.1.0.tar.gz (8.2 kB)
Collecting opentracing<2.5.0,>=2.2.0
  Downloading opentracing-2.4.0.tar.gz (46 kB)
Collecting jaeger-client<4.5.0,>=4.1.0
  Downloading jaeger-client-4.4.0.tar.gz (83 kB)
Collecting grpcio-opentracing<1.2.0,>=1.1.4
  Downloading grpcio_opentracing-1.1.4-py3-none-any.whl (14 kB)
Collecting grpcio-reflection<1.35.0
  Downloading grpcio-reflection-1.34.1.tar.gz (11 kB)
Requirement already satisfied: PyYAML<5.4 in /usr/local/lib/python3.6/site-packages (from seldon-core==1.6.0.dev0) (5.3.1)
Collecting gunicorn<20.1.0,>=19.9.0
  Downloading gunicorn-20.0.4-py2.py3-none-any.whl (77 kB)
Requirement already satisfied: setuptools>=41.0.0 in /usr/local/lib/python3.6/site-packages (from seldon-core==1.6.0.dev0) (50.3.0)
Requirement already satisfied: prometheus_client<0.9.0,>=0.7.1 in /usr/local/lib/python3.6/site-packages (from seldon-core==1.6.0.dev0) (0.8.0)
Collecting toml>=0.10.1
  Downloading toml-0.10.2-py2.py3-none-any.whl (16 kB)
Collecting mypy-extensions>=0.4.3
  Downloading mypy_extensions-0.4.3-py2.py3-none-any.whl (4.5 kB)
Requirement already satisfied: typing-extensions>=3.7.4 in /usr/local/lib/python3.6/site-packages (from black==20.8b1->-r requirements-dev.txt (line 2)) (3.7.4.3)
Collecting typed-ast>=1.4.0
  Downloading typed_ast-1.4.2-cp36-cp36m-manylinux1_x86_64.whl (743 kB)
Collecting pathspec<1,>=0.6
  Downloading pathspec-0.8.1-py2.py3-none-any.whl (28 kB)
Collecting dataclasses>=0.6; python_version < "3.7"
  Downloading dataclasses-0.8-py3-none-any.whl (19 kB)
Collecting appdirs
  Downloading appdirs-1.4.4-py2.py3-none-any.whl (9.6 kB)
Collecting click>=7.1.2
  Downloading click-7.1.2-py2.py3-none-any.whl (82 kB)
Collecting regex>=2020.1.8
  Downloading regex-2020.11.13-cp36-cp36m-manylinux2014_x86_64.whl (723 kB)
Collecting mccabe<0.7.0,>=0.6.0
  Downloading mccabe-0.6.1-py2.py3-none-any.whl (8.6 kB)
Collecting pycodestyle<2.7.0,>=2.6.0a1
  Downloading pycodestyle-2.6.0-py2.py3-none-any.whl (41 kB)
Collecting pyflakes<2.3.0,>=2.2.0
  Downloading pyflakes-2.2.0-py2.py3-none-any.whl (66 kB)
Requirement already satisfied: importlib-metadata; python_version < "3.8" in /usr/local/lib/python3.6/site-packages (from flake8==3.8.1->-r requirements-dev.txt (line 3)) (2.0.0)
Collecting iniconfig
  Downloading iniconfig-1.1.1-py2.py3-none-any.whl (5.0 kB)
Requirement already satisfied: py>=1.8.2 in /usr/local/lib/python3.6/site-packages (from pytest==6.2.1->-r requirements-dev.txt (line 6)) (1.9.0)
Requirement already satisfied: pluggy<1.0.0a1,>=0.12 in /usr/local/lib/python3.6/site-packages (from pytest==6.2.1->-r requirements-dev.txt (line 6)) (0.13.1)
Requirement already satisfied: packaging in /usr/local/lib/python3.6/site-packages (from pytest==6.2.1->-r requirements-dev.txt (line 6)) (20.4)
Requirement already satisfied: attrs>=19.2.0 in /usr/local/lib/python3.6/site-packages (from pytest==6.2.1->-r requirements-dev.txt (line 6)) (20.2.0)
Requirement already satisfied: six>=1.14.0 in /usr/local/lib/python3.6/site-packages (from tox<4.0.0->-r requirements-dev.txt (line 8)) (1.15.0)
Collecting filelock>=3.0.0
  Downloading filelock-3.0.12-py3-none-any.whl (7.6 kB)
Collecting virtualenv!=20.0.0,!=20.0.1,!=20.0.2,!=20.0.3,!=20.0.4,!=20.0.5,!=20.0.6,!=20.0.7,>=16.0.0
  Downloading virtualenv-20.4.0-py2.py3-none-any.whl (5.7 MB)
Requirement already satisfied: pytz>=2017.2 in /usr/local/lib/python3.6/site-packages (from pandas==1.1.0->-r requirements-dev.txt (line 19)) (2020.1)
Requirement already satisfied: python-dateutil>=2.7.3 in /usr/local/lib/python3.6/site-packages (from pandas==1.1.0->-r requirements-dev.txt (line 19)) (2.8.1)
Collecting PTable
  Downloading PTable-0.9.2.tar.gz (31 kB)
Collecting itsdangerous>=0.24
  Downloading itsdangerous-1.1.0-py2.py3-none-any.whl (16 kB)
Requirement already satisfied: Werkzeug>=0.15 in /usr/local/lib/python3.6/site-packages (from Flask<2.0.0->seldon-core==1.6.0.dev0) (1.0.1)
Requirement already satisfied: Jinja2>=2.10.1 in /usr/local/lib/python3.6/site-packages (from Flask<2.0.0->seldon-core==1.6.0.dev0) (2.11.2)
Requirement already satisfied: pyrsistent>=0.14.0 in /usr/local/lib/python3.6/site-packages (from jsonschema<4.0.0->seldon-core==1.6.0.dev0) (0.17.3)
Requirement already satisfied: urllib3!=1.25.0,!=1.25.1,<1.26,>=1.21.1 in /usr/local/lib/python3.6/site-packages (from requests<3.0.0->seldon-core==1.6.0.dev0) (1.25.10)
Requirement already satisfied: chardet<4,>=3.0.2 in /usr/local/lib/python3.6/site-packages (from requests<3.0.0->seldon-core==1.6.0.dev0) (3.0.4)
Requirement already satisfied: certifi>=2017.4.17 in /usr/local/lib/python3.6/site-packages (from requests<3.0.0->seldon-core==1.6.0.dev0) (2020.6.20)
Requirement already satisfied: idna<3,>=2.5 in /usr/local/lib/python3.6/site-packages (from requests<3.0.0->seldon-core==1.6.0.dev0) (2.10)
Collecting threadloop<2,>=1
  Downloading threadloop-1.0.2.tar.gz (4.9 kB)
Collecting thrift
  Downloading thrift-0.13.0.tar.gz (59 kB)
Requirement already satisfied: tornado>=4.3 in /usr/local/lib/python3.6/site-packages (from jaeger-client<4.5.0,>=4.1.0->seldon-core==1.6.0.dev0) (6.0.4)
Requirement already satisfied: zipp>=0.5 in /usr/local/lib/python3.6/site-packages (from importlib-metadata; python_version < "3.8"->flake8==3.8.1->-r requirements-dev.txt (line 3)) (3.3.0)
Requirement already satisfied: pyparsing>=2.0.2 in /usr/local/lib/python3.6/site-packages (from packaging->pytest==6.2.1->-r requirements-dev.txt (line 6)) (2.4.7)
Collecting importlib-resources>=1.0; python_version < "3.7"
  Downloading importlib_resources-5.1.0-py3-none-any.whl (24 kB)
Collecting distlib<1,>=0.3.1
  Downloading distlib-0.3.1-py2.py3-none-any.whl (335 kB)
Requirement already satisfied: MarkupSafe>=0.23 in /usr/local/lib/python3.6/site-packages (from Jinja2>=2.10.1->Flask<2.0.0->seldon-core==1.6.0.dev0) (1.1.1)
Building wheels for collected packages: black, Flask-OpenTracing, opentracing, jaeger-client, grpcio-reflection, PTable, threadloop, thrift
  Building wheel for black (PEP 517): started
  Building wheel for black (PEP 517): finished with status 'done'
  Created wheel for black: filename=black-20.8b1-py3-none-any.whl size=124184 sha256=8aa30bd9943c617e6b9535b823bac8b8a2e096e644c4e5293dfc45e2b6e2db0d
  Stored in directory: /builder/home/.cache/pip/wheels/dd/c8/94/e774504958e4667180d81202d1d45cdc35d6222ae39229871b
  Building wheel for Flask-OpenTracing (setup.py): started
  Building wheel for Flask-OpenTracing (setup.py): finished with status 'done'
  Created wheel for Flask-OpenTracing: filename=Flask_OpenTracing-1.1.0-py3-none-any.whl size=9071 sha256=9d24ae8be76823eb9b5e31c0a0828ae83dc57bc4cc14c33f6a1cddfe88eb4eee
  Stored in directory: /builder/home/.cache/pip/wheels/ad/4b/2d/24ff0da0a0b53c7c77ce59b843bcceaf644c88703241e59615
  Building wheel for opentracing (setup.py): started
  Building wheel for opentracing (setup.py): finished with status 'done'
  Created wheel for opentracing: filename=opentracing-2.4.0-py3-none-any.whl size=51400 sha256=6ea6c2266670b49143222125c5b42bf6ac71f94a0f43beb81a85c68ca2c2778d
  Stored in directory: /builder/home/.cache/pip/wheels/83/73/4c/0e331f57d4702becb1fca9d9148277aca96d127bd838faf85e
  Building wheel for jaeger-client (setup.py): started
  Building wheel for jaeger-client (setup.py): finished with status 'done'
  Created wheel for jaeger-client: filename=jaeger_client-4.4.0-py3-none-any.whl size=64325 sha256=c8ed86043ecc68fb5d1f82b69d1d3f6133056384b3bd092e84188c2abe4f9871
  Stored in directory: /builder/home/.cache/pip/wheels/6e/ea/ec/560f1cffece42c70b9c68b1dc3519c769883650396adcb90b7
  Building wheel for grpcio-reflection (setup.py): started
  Building wheel for grpcio-reflection (setup.py): finished with status 'done'
  Created wheel for grpcio-reflection: filename=grpcio_reflection-1.34.1-py3-none-any.whl size=14415 sha256=3b7ddfb05fc0ef2cf0c4f507f035b2515543a264aeaf46cb7f4d6cf99aadbb46
  Stored in directory: /builder/home/.cache/pip/wheels/9b/84/80/81f4dc4afff82cce892567df37472395abf1a1bb675caec1ec
  Building wheel for PTable (setup.py): started
  Building wheel for PTable (setup.py): finished with status 'done'
  Created wheel for PTable: filename=PTable-0.9.2-py3-none-any.whl size=22907 sha256=7f2da7178b8d6a0bce2a5f844a7ab599bd7d2f23f6f11c32990d5299464ca6e4
  Stored in directory: /builder/home/.cache/pip/wheels/f3/65/67/71f473ec87ea4554d1bdfb1b5128cfe1414c2b113b72a1ee8e
  Building wheel for threadloop (setup.py): started
  Building wheel for threadloop (setup.py): finished with status 'done'
  Created wheel for threadloop: filename=threadloop-1.0.2-py3-none-any.whl size=3425 sha256=f7eb9f4c99166cf730a6c925f9c6e6f334872b2d88c3a130f911e972c1b207d7
  Stored in directory: /builder/home/.cache/pip/wheels/02/54/65/9f87de48fe8fcaaee30f279973d946ad55f9df56b93b3e78da
  Building wheel for thrift (setup.py): started
  Building wheel for thrift (setup.py): finished with status 'done'
  Created wheel for thrift: filename=thrift-0.13.0-cp36-cp36m-linux_x86_64.whl size=483935 sha256=fb853f0249bac89b1a8fbb2c1c78ccc9642506d6e2fe63549e72e4a0d4810f60
  Stored in directory: /builder/home/.cache/pip/wheels/e0/38/fc/472fe18756b177b42096961f8bd3ff2dc5c5620ac399fce52d
Successfully built black Flask-OpenTracing opentracing jaeger-client grpcio-reflection PTable threadloop thrift
Installing collected packages: toml, mypy-extensions, typed-ast, pathspec, dataclasses, appdirs, click, regex, black, mccabe, pycodestyle, pyflakes, flake8, mypy, Pillow, iniconfig, pytest, coverage, pytest-cov, filelock, importlib-resources, distlib, virtualenv, tox, grpcio-tools, mypy-protobuf, tenacity, pandas, PTable, pip-licenses, itsdangerous, Flask, Flask-cors, redis, flatbuffers, opentracing, Flask-OpenTracing, threadloop, thrift, jaeger-client, grpcio-opentracing, grpcio-reflection, gunicorn, seldon-core
  Attempting uninstall: Pillow
    Found existing installation: Pillow 7.2.0
    Uninstalling Pillow-7.2.0:
      Successfully uninstalled Pillow-7.2.0
  Attempting uninstall: pytest
    Found existing installation: pytest 5.3.1
    Uninstalling pytest-5.3.1:
      Successfully uninstalled pytest-5.3.1
  Attempting uninstall: coverage
    Found existing installation: coverage 4.5.4
    Uninstalling coverage-4.5.4:
      Successfully uninstalled coverage-4.5.4
  Attempting uninstall: pytest-cov
    Found existing installation: pytest-cov 2.8.1
    Uninstalling pytest-cov-2.8.1:
      Successfully uninstalled pytest-cov-2.8.1
  Attempting uninstall: grpcio-tools
    Found existing installation: grpcio-tools 1.32.0
    Uninstalling grpcio-tools-1.32.0:
      Successfully uninstalled grpcio-tools-1.32.0
  Attempting uninstall: tenacity
    Found existing installation: tenacity 6.0.0
    Uninstalling tenacity-6.0.0:
      Successfully uninstalled tenacity-6.0.0
  Attempting uninstall: pandas
    Found existing installation: pandas 1.1.3
    Uninstalling pandas-1.1.3:
      Successfully uninstalled pandas-1.1.3
  Running setup.py develop for seldon-core
ERROR: After October 2020 you may experience errors when installing or updating packages. This is because pip will change the way that it resolves dependency conflicts.

We recommend you use --use-feature=2020-resolver to test your packages with the new resolver before it becomes the default.

grpcio-tools 1.33.2 requires grpcio>=1.33.2, but you'll have grpcio 1.32.0 which is incompatible.
alibi 0.5.2 requires tensorflow>=2.0, but you'll have tensorflow 1.15.4 which is incompatible.
grpcio-reflection 1.34.1 requires grpcio>=1.34.1, but you'll have grpcio 1.32.0 which is incompatible.
Successfully installed Flask-1.1.2 Flask-OpenTracing-1.1.0 Flask-cors-3.0.10 PTable-0.9.2 Pillow-8.1.0 appdirs-1.4.4 black-20.8b1 click-7.1.2 coverage-5.3.1 dataclasses-0.8 distlib-0.3.1 filelock-3.0.12 flake8-3.8.1 flatbuffers-1.12 grpcio-opentracing-1.1.4 grpcio-reflection-1.34.1 grpcio-tools-1.33.2 gunicorn-20.0.4 importlib-resources-5.1.0 iniconfig-1.1.1 itsdangerous-1.1.0 jaeger-client-4.4.0 mccabe-0.6.1 mypy-0.790 mypy-extensions-0.4.3 mypy-protobuf-1.22 opentracing-2.4.0 pandas-1.1.0 pathspec-0.8.1 pip-licenses-3.1.0 pycodestyle-2.6.0 pyflakes-2.2.0 pytest-6.2.1 pytest-cov-2.10.1 redis-3.5.3 regex-2020.11.13 seldon-core tenacity-6.3.1 threadloop-1.0.2 thrift-0.13.0 toml-0.10.2 tox-3.21.2 typed-ast-1.4.2 virtualenv-20.4.0
WARNING: You are using pip version 20.2.3; however, version 20.3.3 is available.
You should consider upgrading via the '/usr/local/bin/python -m pip install --upgrade pip' command.
make: Leaving directory '/workspace/source/python'
cp ../../proto/prediction.proto ./proto
cd ../../proto/tensorflow && make create_protos
make[1]: Entering directory '/workspace/source/proto/tensorflow'
./create-protos.sh
Downloading proto files for master
make[1]: Leaving directory '/workspace/source/proto/tensorflow'
cp -vr ../../proto/tensorflow/tensorflow .
'../../proto/tensorflow/tensorflow' -> './tensorflow'
'../../proto/tensorflow/tensorflow/core' -> './tensorflow/core'
'../../proto/tensorflow/tensorflow/core/framework' -> './tensorflow/core/framework'
'../../proto/tensorflow/tensorflow/core/framework/types.proto' -> './tensorflow/core/framework/types.proto'
'../../proto/tensorflow/tensorflow/core/framework/resource_handle.proto' -> './tensorflow/core/framework/resource_handle.proto'
'../../proto/tensorflow/tensorflow/core/framework/tensor_shape.proto' -> './tensorflow/core/framework/tensor_shape.proto'
'../../proto/tensorflow/tensorflow/core/framework/tensor.proto' -> './tensorflow/core/framework/tensor.proto'
python -m grpc.tools.protoc -I. --python_out=. --grpc_python_out=. ./proto/prediction.proto
cd ../../notebooks && make build_protos
make[1]: Entering directory '/workspace/source/notebooks'
cd ../proto/tensorflow && make create_protos
make[2]: Entering directory '/workspace/source/proto/tensorflow'
make[2]: Nothing to be done for 'create_protos'.
make[2]: Leaving directory '/workspace/source/proto/tensorflow'
cp -vr ../proto/tensorflow/tensorflow .
'../proto/tensorflow/tensorflow' -> './tensorflow'
'../proto/tensorflow/tensorflow/core' -> './tensorflow/core'
'../proto/tensorflow/tensorflow/core/framework' -> './tensorflow/core/framework'
'../proto/tensorflow/tensorflow/core/framework/types.proto' -> './tensorflow/core/framework/types.proto'
'../proto/tensorflow/tensorflow/core/framework/resource_handle.proto' -> './tensorflow/core/framework/resource_handle.proto'
'../proto/tensorflow/tensorflow/core/framework/tensor_shape.proto' -> './tensorflow/core/framework/tensor_shape.proto'
'../proto/tensorflow/tensorflow/core/framework/tensor.proto' -> './tensorflow/core/framework/tensor.proto'
cp ../proto/prediction.proto ./proto
python -m grpc.tools.protoc -I. --python_out=. --grpc_python_out=. ./proto/prediction.proto
make[1]: Leaving directory '/workspace/source/notebooks'
cd ../../proto/k8s && make create_protos
make[1]: Entering directory '/workspace/source/proto/k8s'
./create-k8s-protos.sh
Downloading proto files for master
Munging proto file packages
sed -i.bak 's|import "k8s.io/apiextensions-apiserver/|//import "k8s.io/apiextensions-apiserver/|' k8s.io/api/core/v1/generated.proto
rm k8s.io/api/core/v1/generated.proto.bak
make[1]: Leaving directory '/workspace/source/proto/k8s'
pip install -r dev_requirements.txt
Collecting pytest==5.3.1
  Downloading pytest-5.3.1-py3-none-any.whl (233 kB)
Requirement already satisfied: pytest-xdist==1.30.0 in /usr/local/lib/python3.6/site-packages (from -r dev_requirements.txt (line 2)) (1.30.0)
Collecting pytest-cov==2.8.1
  Downloading pytest_cov-2.8.1-py2.py3-none-any.whl (18 kB)
Requirement already satisfied: flaky==3.6.1 in /usr/local/lib/python3.6/site-packages (from -r dev_requirements.txt (line 4)) (3.6.1)
Collecting tenacity==6.0.0
  Downloading tenacity-6.0.0-py2.py3-none-any.whl (24 kB)
Requirement already satisfied: sh==1.13.1 in /usr/local/lib/python3.6/site-packages (from -r dev_requirements.txt (line 6)) (1.13.1)
Requirement already satisfied: ipython==7.13.0 in /usr/local/lib/python3.6/site-packages (from -r dev_requirements.txt (line 9)) (7.13.0)
Requirement already satisfied: nbconvert==5.6.1 in /usr/local/lib/python3.6/site-packages (from -r dev_requirements.txt (line 10)) (5.6.1)
Requirement already satisfied: alibi==0.5.2 in /usr/local/lib/python3.6/site-packages (from -r dev_requirements.txt (line 11)) (0.5.2)
Requirement already satisfied: shap==0.35.0 in /usr/local/lib/python3.6/site-packages (from -r dev_requirements.txt (line 12)) (0.35.0)
Requirement already satisfied: matplotlib==3.1.3 in /usr/local/lib/python3.6/site-packages (from -r dev_requirements.txt (line 13)) (3.1.3)
Collecting tensorflow==2.4.0
  Downloading tensorflow-2.4.0-cp36-cp36m-manylinux2010_x86_64.whl (394.7 MB)
Collecting coverage==4.5.4
  Downloading coverage-4.5.4-cp36-cp36m-manylinux1_x86_64.whl (205 kB)
Requirement already satisfied: packaging in /usr/local/lib/python3.6/site-packages (from pytest==5.3.1->-r dev_requirements.txt (line 1)) (20.4)
Requirement already satisfied: wcwidth in /usr/local/lib/python3.6/site-packages (from pytest==5.3.1->-r dev_requirements.txt (line 1)) (0.2.5)
Requirement already satisfied: pluggy<1.0,>=0.12 in /usr/local/lib/python3.6/site-packages (from pytest==5.3.1->-r dev_requirements.txt (line 1)) (0.13.1)
Requirement already satisfied: py>=1.5.0 in /usr/local/lib/python3.6/site-packages (from pytest==5.3.1->-r dev_requirements.txt (line 1)) (1.9.0)
Requirement already satisfied: importlib-metadata>=0.12; python_version < "3.8" in /usr/local/lib/python3.6/site-packages (from pytest==5.3.1->-r dev_requirements.txt (line 1)) (2.0.0)
Requirement already satisfied: attrs>=17.4.0 in /usr/local/lib/python3.6/site-packages (from pytest==5.3.1->-r dev_requirements.txt (line 1)) (20.2.0)
Requirement already satisfied: more-itertools>=4.0.0 in /usr/local/lib/python3.6/site-packages (from pytest==5.3.1->-r dev_requirements.txt (line 1)) (8.5.0)
Requirement already satisfied: execnet>=1.1 in /usr/local/lib/python3.6/site-packages (from pytest-xdist==1.30.0->-r dev_requirements.txt (line 2)) (1.7.1)
Requirement already satisfied: pytest-forked in /usr/local/lib/python3.6/site-packages (from pytest-xdist==1.30.0->-r dev_requirements.txt (line 2)) (1.3.0)
Requirement already satisfied: six in /usr/local/lib/python3.6/site-packages (from pytest-xdist==1.30.0->-r dev_requirements.txt (line 2)) (1.15.0)
Requirement already satisfied: jedi>=0.10 in /usr/local/lib/python3.6/site-packages (from ipython==7.13.0->-r dev_requirements.txt (line 9)) (0.17.2)
Requirement already satisfied: pickleshare in /usr/local/lib/python3.6/site-packages (from ipython==7.13.0->-r dev_requirements.txt (line 9)) (0.7.5)
Requirement already satisfied: decorator in /usr/local/lib/python3.6/site-packages (from ipython==7.13.0->-r dev_requirements.txt (line 9)) (4.4.2)
Requirement already satisfied: traitlets>=4.2 in /usr/local/lib/python3.6/site-packages (from ipython==7.13.0->-r dev_requirements.txt (line 9)) (4.3.3)
Requirement already satisfied: pygments in /usr/local/lib/python3.6/site-packages (from ipython==7.13.0->-r dev_requirements.txt (line 9)) (2.7.1)
Requirement already satisfied: backcall in /usr/local/lib/python3.6/site-packages (from ipython==7.13.0->-r dev_requirements.txt (line 9)) (0.2.0)
Requirement already satisfied: pexpect; sys_platform != "win32" in /usr/local/lib/python3.6/site-packages (from ipython==7.13.0->-r dev_requirements.txt (line 9)) (4.8.0)
Requirement already satisfied: setuptools>=18.5 in /usr/local/lib/python3.6/site-packages (from ipython==7.13.0->-r dev_requirements.txt (line 9)) (50.3.0)
Requirement already satisfied: prompt-toolkit!=3.0.0,!=3.0.1,<3.1.0,>=2.0.0 in /usr/local/lib/python3.6/site-packages (from ipython==7.13.0->-r dev_requirements.txt (line 9)) (3.0.7)
Requirement already satisfied: bleach in /usr/local/lib/python3.6/site-packages (from nbconvert==5.6.1->-r dev_requirements.txt (line 10)) (3.2.1)
Requirement already satisfied: mistune<2,>=0.8.1 in /usr/local/lib/python3.6/site-packages (from nbconvert==5.6.1->-r dev_requirements.txt (line 10)) (0.8.4)
Requirement already satisfied: nbformat>=4.4 in /usr/local/lib/python3.6/site-packages (from nbconvert==5.6.1->-r dev_requirements.txt (line 10)) (5.0.7)
Requirement already satisfied: testpath in /usr/local/lib/python3.6/site-packages (from nbconvert==5.6.1->-r dev_requirements.txt (line 10)) (0.4.4)
Requirement already satisfied: jupyter-core in /usr/local/lib/python3.6/site-packages (from nbconvert==5.6.1->-r dev_requirements.txt (line 10)) (4.6.3)
Requirement already satisfied: entrypoints>=0.2.2 in /usr/local/lib/python3.6/site-packages (from nbconvert==5.6.1->-r dev_requirements.txt (line 10)) (0.3)
Requirement already satisfied: defusedxml in /usr/local/lib/python3.6/site-packages (from nbconvert==5.6.1->-r dev_requirements.txt (line 10)) (0.6.0)
Requirement already satisfied: jinja2>=2.4 in /usr/local/lib/python3.6/site-packages (from nbconvert==5.6.1->-r dev_requirements.txt (line 10)) (2.11.2)
Requirement already satisfied: pandocfilters>=1.4.1 in /usr/local/lib/python3.6/site-packages (from nbconvert==5.6.1->-r dev_requirements.txt (line 10)) (1.4.2)
Requirement already satisfied: scikit-learn in /usr/local/lib/python3.6/site-packages (from alibi==0.5.2->-r dev_requirements.txt (line 11)) (0.23.2)
Requirement already satisfied: typing-extensions>=3.7.2 in /usr/local/lib/python3.6/site-packages (from alibi==0.5.2->-r dev_requirements.txt (line 11)) (3.7.4.3)
Requirement already satisfied: numpy in /usr/local/lib/python3.6/site-packages (from alibi==0.5.2->-r dev_requirements.txt (line 11)) (1.19.2)
Requirement already satisfied: spacy[lookups] in /usr/local/lib/python3.6/site-packages (from alibi==0.5.2->-r dev_requirements.txt (line 11)) (2.3.2)
Requirement already satisfied: beautifulsoup4 in /usr/local/lib/python3.6/site-packages (from alibi==0.5.2->-r dev_requirements.txt (line 11)) (4.9.3)
Requirement already satisfied: scikit-image!=0.17.1 in /usr/local/lib/python3.6/site-packages (from alibi==0.5.2->-r dev_requirements.txt (line 11)) (0.17.2)
Requirement already satisfied: Pillow in /usr/local/lib/python3.6/site-packages (from alibi==0.5.2->-r dev_requirements.txt (line 11)) (8.1.0)
Requirement already satisfied: pandas in /usr/local/lib/python3.6/site-packages (from alibi==0.5.2->-r dev_requirements.txt (line 11)) (1.1.0)
Requirement already satisfied: prettyprinter in /usr/local/lib/python3.6/site-packages (from alibi==0.5.2->-r dev_requirements.txt (line 11)) (0.18.0)
Requirement already satisfied: requests in /usr/local/lib/python3.6/site-packages (from alibi==0.5.2->-r dev_requirements.txt (line 11)) (2.24.0)
Requirement already satisfied: scipy in /usr/local/lib/python3.6/site-packages (from alibi==0.5.2->-r dev_requirements.txt (line 11)) (1.5.2)
Requirement already satisfied: tqdm>4.25.0 in /usr/local/lib/python3.6/site-packages (from shap==0.35.0->-r dev_requirements.txt (line 12)) (4.50.2)
Requirement already satisfied: cycler>=0.10 in /usr/local/lib/python3.6/site-packages (from matplotlib==3.1.3->-r dev_requirements.txt (line 13)) (0.10.0)
Requirement already satisfied: python-dateutil>=2.1 in /usr/local/lib/python3.6/site-packages (from matplotlib==3.1.3->-r dev_requirements.txt (line 13)) (2.8.1)
Requirement already satisfied: pyparsing!=2.0.4,!=2.1.2,!=2.1.6,>=2.0.1 in /usr/local/lib/python3.6/site-packages (from matplotlib==3.1.3->-r dev_requirements.txt (line 13)) (2.4.7)
Requirement already satisfied: kiwisolver>=1.0.1 in /usr/local/lib/python3.6/site-packages (from matplotlib==3.1.3->-r dev_requirements.txt (line 13)) (1.2.0)
Collecting tensorflow-estimator<2.5.0,>=2.4.0rc0
  Downloading tensorflow_estimator-2.4.0-py2.py3-none-any.whl (462 kB)
Requirement already satisfied: h5py~=2.10.0 in /usr/local/lib/python3.6/site-packages (from tensorflow==2.4.0->-r dev_requirements.txt (line 14)) (2.10.0)
Collecting astunparse~=1.6.3
  Downloading astunparse-1.6.3-py2.py3-none-any.whl (12 kB)
Requirement already satisfied: absl-py~=0.10 in /usr/local/lib/python3.6/site-packages (from tensorflow==2.4.0->-r dev_requirements.txt (line 14)) (0.10.0)
Requirement already satisfied: wheel~=0.35 in /usr/local/lib/python3.6/site-packages (from tensorflow==2.4.0->-r dev_requirements.txt (line 14)) (0.35.1)
Requirement already satisfied: flatbuffers~=1.12.0 in /usr/local/lib/python3.6/site-packages (from tensorflow==2.4.0->-r dev_requirements.txt (line 14)) (1.12)
Requirement already satisfied: grpcio~=1.32.0 in /usr/local/lib/python3.6/site-packages (from tensorflow==2.4.0->-r dev_requirements.txt (line 14)) (1.32.0)
Requirement already satisfied: termcolor~=1.1.0 in /usr/local/lib/python3.6/site-packages (from tensorflow==2.4.0->-r dev_requirements.txt (line 14)) (1.1.0)
Requirement already satisfied: protobuf>=3.9.2 in /usr/local/lib/python3.6/site-packages (from tensorflow==2.4.0->-r dev_requirements.txt (line 14)) (3.13.0)
Requirement already satisfied: opt-einsum~=3.3.0 in /usr/local/lib/python3.6/site-packages (from tensorflow==2.4.0->-r dev_requirements.txt (line 14)) (3.3.0)
Collecting tensorboard~=2.4
  Downloading tensorboard-2.4.1-py3-none-any.whl (10.6 MB)
Collecting gast==0.3.3
  Downloading gast-0.3.3-py2.py3-none-any.whl (9.7 kB)
Requirement already satisfied: keras-preprocessing~=1.1.2 in /usr/local/lib/python3.6/site-packages (from tensorflow==2.4.0->-r dev_requirements.txt (line 14)) (1.1.2)
Requirement already satisfied: wrapt~=1.12.1 in /usr/local/lib/python3.6/site-packages (from tensorflow==2.4.0->-r dev_requirements.txt (line 14)) (1.12.1)
Requirement already satisfied: google-pasta~=0.2 in /usr/local/lib/python3.6/site-packages (from tensorflow==2.4.0->-r dev_requirements.txt (line 14)) (0.2.0)
Requirement already satisfied: zipp>=0.5 in /usr/local/lib/python3.6/site-packages (from importlib-metadata>=0.12; python_version < "3.8"->pytest==5.3.1->-r dev_requirements.txt (line 1)) (3.3.0)
Requirement already satisfied: apipkg>=1.4 in /usr/local/lib/python3.6/site-packages (from execnet>=1.1->pytest-xdist==1.30.0->-r dev_requirements.txt (line 2)) (1.5)
Requirement already satisfied: parso<0.8.0,>=0.7.0 in /usr/local/lib/python3.6/site-packages (from jedi>=0.10->ipython==7.13.0->-r dev_requirements.txt (line 9)) (0.7.1)
Requirement already satisfied: ipython-genutils in /usr/local/lib/python3.6/site-packages (from traitlets>=4.2->ipython==7.13.0->-r dev_requirements.txt (line 9)) (0.2.0)
Requirement already satisfied: ptyprocess>=0.5 in /usr/local/lib/python3.6/site-packages (from pexpect; sys_platform != "win32"->ipython==7.13.0->-r dev_requirements.txt (line 9)) (0.6.0)
Requirement already satisfied: webencodings in /usr/local/lib/python3.6/site-packages (from bleach->nbconvert==5.6.1->-r dev_requirements.txt (line 10)) (0.5.1)
Requirement already satisfied: jsonschema!=2.5.0,>=2.4 in /usr/local/lib/python3.6/site-packages (from nbformat>=4.4->nbconvert==5.6.1->-r dev_requirements.txt (line 10)) (3.2.0)
Requirement already satisfied: MarkupSafe>=0.23 in /usr/local/lib/python3.6/site-packages (from jinja2>=2.4->nbconvert==5.6.1->-r dev_requirements.txt (line 10)) (1.1.1)
Requirement already satisfied: threadpoolctl>=2.0.0 in /usr/local/lib/python3.6/site-packages (from scikit-learn->alibi==0.5.2->-r dev_requirements.txt (line 11)) (2.1.0)
Requirement already satisfied: joblib>=0.11 in /usr/local/lib/python3.6/site-packages (from scikit-learn->alibi==0.5.2->-r dev_requirements.txt (line 11)) (0.17.0)
Requirement already satisfied: murmurhash<1.1.0,>=0.28.0 in /usr/local/lib/python3.6/site-packages (from spacy[lookups]->alibi==0.5.2->-r dev_requirements.txt (line 11)) (1.0.2)
Requirement already satisfied: preshed<3.1.0,>=3.0.2 in /usr/local/lib/python3.6/site-packages (from spacy[lookups]->alibi==0.5.2->-r dev_requirements.txt (line 11)) (3.0.2)
Requirement already satisfied: wasabi<1.1.0,>=0.4.0 in /usr/local/lib/python3.6/site-packages (from spacy[lookups]->alibi==0.5.2->-r dev_requirements.txt (line 11)) (0.8.0)
Requirement already satisfied: srsly<1.1.0,>=1.0.2 in /usr/local/lib/python3.6/site-packages (from spacy[lookups]->alibi==0.5.2->-r dev_requirements.txt (line 11)) (1.0.2)
Requirement already satisfied: blis<0.5.0,>=0.4.0 in /usr/local/lib/python3.6/site-packages (from spacy[lookups]->alibi==0.5.2->-r dev_requirements.txt (line 11)) (0.4.1)
Requirement already satisfied: plac<1.2.0,>=0.9.6 in /usr/local/lib/python3.6/site-packages (from spacy[lookups]->alibi==0.5.2->-r dev_requirements.txt (line 11)) (1.1.3)
Requirement already satisfied: catalogue<1.1.0,>=0.0.7 in /usr/local/lib/python3.6/site-packages (from spacy[lookups]->alibi==0.5.2->-r dev_requirements.txt (line 11)) (1.0.0)
Requirement already satisfied: cymem<2.1.0,>=2.0.2 in /usr/local/lib/python3.6/site-packages (from spacy[lookups]->alibi==0.5.2->-r dev_requirements.txt (line 11)) (2.0.3)
Requirement already satisfied: thinc==7.4.1 in /usr/local/lib/python3.6/site-packages (from spacy[lookups]->alibi==0.5.2->-r dev_requirements.txt (line 11)) (7.4.1)
Requirement already satisfied: spacy-lookups-data<0.4.0,>=0.3.2; extra == "lookups" in /usr/local/lib/python3.6/site-packages (from spacy[lookups]->alibi==0.5.2->-r dev_requirements.txt (line 11)) (0.3.2)
Requirement already satisfied: soupsieve>1.2; python_version >= "3.0" in /usr/local/lib/python3.6/site-packages (from beautifulsoup4->alibi==0.5.2->-r dev_requirements.txt (line 11)) (2.0.1)
Requirement already satisfied: imageio>=2.3.0 in /usr/local/lib/python3.6/site-packages (from scikit-image!=0.17.1->alibi==0.5.2->-r dev_requirements.txt (line 11)) (2.9.0)
Requirement already satisfied: PyWavelets>=1.1.1 in /usr/local/lib/python3.6/site-packages (from scikit-image!=0.17.1->alibi==0.5.2->-r dev_requirements.txt (line 11)) (1.1.1)
Requirement already satisfied: tifffile>=2019.7.26 in /usr/local/lib/python3.6/site-packages (from scikit-image!=0.17.1->alibi==0.5.2->-r dev_requirements.txt (line 11)) (2020.9.3)
Requirement already satisfied: networkx>=2.0 in /usr/local/lib/python3.6/site-packages (from scikit-image!=0.17.1->alibi==0.5.2->-r dev_requirements.txt (line 11)) (2.5)
Requirement already satisfied: pytz>=2017.2 in /usr/local/lib/python3.6/site-packages (from pandas->alibi==0.5.2->-r dev_requirements.txt (line 11)) (2020.1)
Requirement already satisfied: colorful>=0.4.0 in /usr/local/lib/python3.6/site-packages (from prettyprinter->alibi==0.5.2->-r dev_requirements.txt (line 11)) (0.5.4)
Requirement already satisfied: urllib3!=1.25.0,!=1.25.1,<1.26,>=1.21.1 in /usr/local/lib/python3.6/site-packages (from requests->alibi==0.5.2->-r dev_requirements.txt (line 11)) (1.25.10)
Requirement already satisfied: idna<3,>=2.5 in /usr/local/lib/python3.6/site-packages (from requests->alibi==0.5.2->-r dev_requirements.txt (line 11)) (2.10)
Requirement already satisfied: certifi>=2017.4.17 in /usr/local/lib/python3.6/site-packages (from requests->alibi==0.5.2->-r dev_requirements.txt (line 11)) (2020.6.20)
Requirement already satisfied: chardet<4,>=3.0.2 in /usr/local/lib/python3.6/site-packages (from requests->alibi==0.5.2->-r dev_requirements.txt (line 11)) (3.0.4)
Requirement already satisfied: werkzeug>=0.11.15 in /usr/local/lib/python3.6/site-packages (from tensorboard~=2.4->tensorflow==2.4.0->-r dev_requirements.txt (line 14)) (1.0.1)
Collecting google-auth<2,>=1.6.3
  Downloading google_auth-1.24.0-py2.py3-none-any.whl (114 kB)
Collecting google-auth-oauthlib<0.5,>=0.4.1
  Downloading google_auth_oauthlib-0.4.2-py2.py3-none-any.whl (18 kB)
Requirement already satisfied: markdown>=2.6.8 in /usr/local/lib/python3.6/site-packages (from tensorboard~=2.4->tensorflow==2.4.0->-r dev_requirements.txt (line 14)) (3.3)
Collecting tensorboard-plugin-wit>=1.6.0
  Downloading tensorboard_plugin_wit-1.8.0-py3-none-any.whl (781 kB)
Requirement already satisfied: pyrsistent>=0.14.0 in /usr/local/lib/python3.6/site-packages (from jsonschema!=2.5.0,>=2.4->nbformat>=4.4->nbconvert==5.6.1->-r dev_requirements.txt (line 10)) (0.17.3)
Collecting cachetools<5.0,>=2.0.0
  Downloading cachetools-4.2.0-py3-none-any.whl (12 kB)
Collecting rsa<5,>=3.1.4; python_version >= "3.6"
  Downloading rsa-4.7-py3-none-any.whl (34 kB)
Collecting pyasn1-modules>=0.2.1
  Downloading pyasn1_modules-0.2.8-py2.py3-none-any.whl (155 kB)
Collecting requests-oauthlib>=0.7.0
  Downloading requests_oauthlib-1.3.0-py2.py3-none-any.whl (23 kB)
Collecting pyasn1>=0.1.3
  Downloading pyasn1-0.4.8-py2.py3-none-any.whl (77 kB)
Collecting oauthlib>=3.0.0
  Downloading oauthlib-3.1.0-py2.py3-none-any.whl (147 kB)
Installing collected packages: pytest, coverage, pytest-cov, tenacity, tensorflow-estimator, astunparse, cachetools, pyasn1, rsa, pyasn1-modules, google-auth, oauthlib, requests-oauthlib, google-auth-oauthlib, tensorboard-plugin-wit, tensorboard, gast, tensorflow
  Attempting uninstall: pytest
    Found existing installation: pytest 6.2.1
    Uninstalling pytest-6.2.1:
      Successfully uninstalled pytest-6.2.1
  Attempting uninstall: coverage
    Found existing installation: coverage 5.3.1
    Uninstalling coverage-5.3.1:
      Successfully uninstalled coverage-5.3.1
  Attempting uninstall: pytest-cov
    Found existing installation: pytest-cov 2.10.1
    Uninstalling pytest-cov-2.10.1:
      Successfully uninstalled pytest-cov-2.10.1
  Attempting uninstall: tenacity
    Found existing installation: tenacity 6.3.1
    Uninstalling tenacity-6.3.1:
      Successfully uninstalled tenacity-6.3.1
  Attempting uninstall: tensorflow-estimator
    Found existing installation: tensorflow-estimator 1.15.1
    Uninstalling tensorflow-estimator-1.15.1:
      Successfully uninstalled tensorflow-estimator-1.15.1
  Attempting uninstall: tensorboard
    Found existing installation: tensorboard 1.15.0
    Uninstalling tensorboard-1.15.0:
      Successfully uninstalled tensorboard-1.15.0
  Attempting uninstall: gast
    Found existing installation: gast 0.2.2
    Uninstalling gast-0.2.2:
      Successfully uninstalled gast-0.2.2
  Attempting uninstall: tensorflow
    Found existing installation: tensorflow 1.15.4
    Uninstalling tensorflow-1.15.4:
      Successfully uninstalled tensorflow-1.15.4
Successfully installed astunparse-1.6.3 cachetools-4.2.0 coverage-4.5.4 gast-0.3.3 google-auth-1.24.0 google-auth-oauthlib-0.4.2 oauthlib-3.1.0 pyasn1-0.4.8 pyasn1-modules-0.2.8 pytest-5.3.1 pytest-cov-2.8.1 requests-oauthlib-1.3.0 rsa-4.7 tenacity-6.0.0 tensorboard-2.4.1 tensorboard-plugin-wit-1.8.0 tensorflow-2.4.0 tensorflow-estimator-2.4.0
WARNING: You are using pip version 20.2.3; however, version 20.3.3 is available.
You should consider upgrading via the '/usr/local/bin/python -m pip install --upgrade pip' command.
pip install -e ../../python
Obtaining file:///workspace/source/python
Requirement already satisfied: Flask<2.0.0 in /usr/local/lib/python3.6/site-packages (from seldon-core==1.6.0.dev0) (1.1.2)
Requirement already satisfied: jsonschema<4.0.0 in /usr/local/lib/python3.6/site-packages (from seldon-core==1.6.0.dev0) (3.2.0)
Requirement already satisfied: Flask-cors<4.0.0 in /usr/local/lib/python3.6/site-packages (from seldon-core==1.6.0.dev0) (3.0.10)
Requirement already satisfied: redis<4.0.0 in /usr/local/lib/python3.6/site-packages (from seldon-core==1.6.0.dev0) (3.5.3)
Requirement already satisfied: requests<3.0.0 in /usr/local/lib/python3.6/site-packages (from seldon-core==1.6.0.dev0) (2.24.0)
Requirement already satisfied: numpy<2.0.0 in /usr/local/lib/python3.6/site-packages (from seldon-core==1.6.0.dev0) (1.19.2)
Requirement already satisfied: flatbuffers<2.0.0 in /usr/local/lib/python3.6/site-packages (from seldon-core==1.6.0.dev0) (1.12)
Requirement already satisfied: protobuf<4.0.0 in /usr/local/lib/python3.6/site-packages (from seldon-core==1.6.0.dev0) (3.13.0)
Requirement already satisfied: grpcio<2.0.0 in /usr/local/lib/python3.6/site-packages (from seldon-core==1.6.0.dev0) (1.32.0)
Requirement already satisfied: Flask-OpenTracing<1.2.0,>=1.1.0 in /usr/local/lib/python3.6/site-packages (from seldon-core==1.6.0.dev0) (1.1.0)
Requirement already satisfied: opentracing<2.5.0,>=2.2.0 in /usr/local/lib/python3.6/site-packages (from seldon-core==1.6.0.dev0) (2.4.0)
Requirement already satisfied: jaeger-client<4.5.0,>=4.1.0 in /usr/local/lib/python3.6/site-packages (from seldon-core==1.6.0.dev0) (4.4.0)
Requirement already satisfied: grpcio-opentracing<1.2.0,>=1.1.4 in /usr/local/lib/python3.6/site-packages (from seldon-core==1.6.0.dev0) (1.1.4)
Requirement already satisfied: grpcio-reflection<1.35.0 in /usr/local/lib/python3.6/site-packages (from seldon-core==1.6.0.dev0) (1.34.1)
Requirement already satisfied: PyYAML<5.4 in /usr/local/lib/python3.6/site-packages (from seldon-core==1.6.0.dev0) (5.3.1)
Requirement already satisfied: gunicorn<20.1.0,>=19.9.0 in /usr/local/lib/python3.6/site-packages (from seldon-core==1.6.0.dev0) (20.0.4)
Requirement already satisfied: setuptools>=41.0.0 in /usr/local/lib/python3.6/site-packages (from seldon-core==1.6.0.dev0) (50.3.0)
Requirement already satisfied: prometheus_client<0.9.0,>=0.7.1 in /usr/local/lib/python3.6/site-packages (from seldon-core==1.6.0.dev0) (0.8.0)
Requirement already satisfied: itsdangerous>=0.24 in /usr/local/lib/python3.6/site-packages (from Flask<2.0.0->seldon-core==1.6.0.dev0) (1.1.0)
Requirement already satisfied: Werkzeug>=0.15 in /usr/local/lib/python3.6/site-packages (from Flask<2.0.0->seldon-core==1.6.0.dev0) (1.0.1)
Requirement already satisfied: click>=5.1 in /usr/local/lib/python3.6/site-packages (from Flask<2.0.0->seldon-core==1.6.0.dev0) (7.1.2)
Requirement already satisfied: Jinja2>=2.10.1 in /usr/local/lib/python3.6/site-packages (from Flask<2.0.0->seldon-core==1.6.0.dev0) (2.11.2)
Requirement already satisfied: importlib-metadata; python_version < "3.8" in /usr/local/lib/python3.6/site-packages (from jsonschema<4.0.0->seldon-core==1.6.0.dev0) (2.0.0)
Requirement already satisfied: six>=1.11.0 in /usr/local/lib/python3.6/site-packages (from jsonschema<4.0.0->seldon-core==1.6.0.dev0) (1.15.0)
Requirement already satisfied: attrs>=17.4.0 in /usr/local/lib/python3.6/site-packages (from jsonschema<4.0.0->seldon-core==1.6.0.dev0) (20.2.0)
Requirement already satisfied: pyrsistent>=0.14.0 in /usr/local/lib/python3.6/site-packages (from jsonschema<4.0.0->seldon-core==1.6.0.dev0) (0.17.3)
Requirement already satisfied: chardet<4,>=3.0.2 in /usr/local/lib/python3.6/site-packages (from requests<3.0.0->seldon-core==1.6.0.dev0) (3.0.4)
Requirement already satisfied: idna<3,>=2.5 in /usr/local/lib/python3.6/site-packages (from requests<3.0.0->seldon-core==1.6.0.dev0) (2.10)
Requirement already satisfied: certifi>=2017.4.17 in /usr/local/lib/python3.6/site-packages (from requests<3.0.0->seldon-core==1.6.0.dev0) (2020.6.20)
Requirement already satisfied: urllib3!=1.25.0,!=1.25.1,<1.26,>=1.21.1 in /usr/local/lib/python3.6/site-packages (from requests<3.0.0->seldon-core==1.6.0.dev0) (1.25.10)
Requirement already satisfied: threadloop<2,>=1 in /usr/local/lib/python3.6/site-packages (from jaeger-client<4.5.0,>=4.1.0->seldon-core==1.6.0.dev0) (1.0.2)
Requirement already satisfied: tornado>=4.3 in /usr/local/lib/python3.6/site-packages (from jaeger-client<4.5.0,>=4.1.0->seldon-core==1.6.0.dev0) (6.0.4)
Requirement already satisfied: thrift in /usr/local/lib/python3.6/site-packages (from jaeger-client<4.5.0,>=4.1.0->seldon-core==1.6.0.dev0) (0.13.0)
Requirement already satisfied: MarkupSafe>=0.23 in /usr/local/lib/python3.6/site-packages (from Jinja2>=2.10.1->Flask<2.0.0->seldon-core==1.6.0.dev0) (1.1.1)
Requirement already satisfied: zipp>=0.5 in /usr/local/lib/python3.6/site-packages (from importlib-metadata; python_version < "3.8"->jsonschema<4.0.0->seldon-core==1.6.0.dev0) (3.3.0)
Installing collected packages: seldon-core
  Attempting uninstall: seldon-core
    Found existing installation: seldon-core 1.6.0.dev0
    Uninstalling seldon-core-1.6.0.dev0:
      Successfully uninstalled seldon-core-1.6.0.dev0
  Running setup.py develop for seldon-core
Successfully installed seldon-core
WARNING: You are using pip version 20.2.3; however, version 20.3.3 is available.
You should consider upgrading via the '/usr/local/bin/python -m pip install --upgrade pip' command.
pytest \
	--verbose \
	-s \
	-m "notebooks" \
	-W ignore test_notebooks.py::TestNotebooks 2>&1
2021-01-21 13:53:51.167903: W tensorflow/stream_executor/platform/default/dso_loader.cc:60] Could not load dynamic library 'libcudart.so.11.0'; dlerror: libcudart.so.11.0: cannot open shared object file: No such file or directory
2021-01-21 13:53:51.167952: I tensorflow/stream_executor/cuda/cudart_stub.cc:29] Ignore above cudart dlerror if you do not have a GPU set up on your machine.
============================= test session starts ==============================
platform linux -- Python 3.6.10, pytest-5.3.1, py-1.9.0, pluggy-0.13.1 -- /usr/local/bin/python
cachedir: .pytest_cache
rootdir: /workspace/source/testing/scripts, inifile: setup.cfg
plugins: cov-2.8.1, xdist-1.30.0, forked-1.3.0, flaky-3.6.1
collecting ... collected 26 items

test_notebooks.py::TestNotebooks::test_helm_examples [NbConvertApp] Converting notebook ../../notebooks/helm_examples.ipynb to script
[NbConvertApp] Writing 4246 bytes to ../../notebooks/helm_examples.py

PODS UPDATE: NAMESPACE       NAME                                         READY   STATUS    RESTARTS   AGE


PODS UPDATE: istio-system    grafana-5dc4b4676c-z4m5r                     1/1     Running   0          2m41s


PODS UPDATE: istio-system    istio-egressgateway-659dcf96bb-wdq98         1/1     Running   0          2m41s


PODS UPDATE: istio-system    istio-ingressgateway-648bd66f75-lwv9x        1/1     Running   0          2m41s


PODS UPDATE: istio-system    istio-tracing-8584b4d7f9-44c57               1/1     Running   0          2m41s


PODS UPDATE: istio-system    istiod-7d69bf85c5-l79hd                      1/1     Running   0          2m53s


PODS UPDATE: istio-system    kiali-6f457f5964-gph6s                       1/1     Running   0          2m41s


PODS UPDATE: istio-system    prometheus-66b644f746-nfkjp                  2/2     Running   0          2m41s


PODS UPDATE: keda            keda-metrics-apiserver-65c46b9b8c-sphnn      1/1     Running   0          113s


PODS UPDATE: keda            keda-operator-64657f8ccb-9h9ws               1/1     Running   0          113s


PODS UPDATE: kube-system     coredns-5644d7b6d9-pr4xd                     1/1     Running   0          13m


PODS UPDATE: kube-system     coredns-5644d7b6d9-x8fxl                     1/1     Running   0          13m


PODS UPDATE: kube-system     etcd-kind-control-plane                      1/1     Running   0          12m


PODS UPDATE: kube-system     kindnet-b7664                                1/1     Running   0          13m


PODS UPDATE: kube-system     kindnet-g95kl                                1/1     Running   0          13m


PODS UPDATE: kube-system     kube-apiserver-kind-control-plane            1/1     Running   0          12m


PODS UPDATE: kube-system     kube-controller-manager-kind-control-plane   1/1     Running   0          12m


PODS UPDATE: kube-system     kube-proxy-flfwq                             1/1     Running   0          13m


PODS UPDATE: kube-system     kube-proxy-nrrq8                             1/1     Running   0          13m


PODS UPDATE: kube-system     kube-scheduler-kind-control-plane            1/1     Running   0          12m


PODS UPDATE: kube-system     metrics-server-787cbd4d5d-hpmml              1/1     Running   0          86s


PODS UPDATE: seldon-system   seldon-controller-manager-6dffdb695-6cr7b    1/1     Running   0          89s


PODS UPDATE: seldon          ambassador-666bf45855-p6rw9                  1/1     Running   0          3m43s


PODS UPDATE: seldon          jaeger-6999b5bb48-qlzgv                      1/1     Running   0          88s


PODS UPDATE: seldon          jaeger-operator-65bcd659cf-6fxzw             1/1     Running   0          109s


PODS UPDATE: seldon          mymodel-default-0-model-cdbd4c8d5-hpqkf      0/2     Pending   0          0s


PODS UPDATE: seldon          mymodel-default-0-model-cdbd4c8d5-hpqkf      0/2     Pending   0          0s


PODS UPDATE: seldon          mymodel-default-0-model-cdbd4c8d5-hpqkf      0/2     ContainerCreating   0          0s


PODS UPDATE: seldon          mymodel-default-0-model-cdbd4c8d5-hpqkf      0/2     Running             0          45s


PODS UPDATE: seldon          mymodel-default-0-model-cdbd4c8d5-hpqkf      1/2     Running             0          63s


PODS UPDATE: seldon          mymodel-default-0-model-cdbd4c8d5-hpqkf      2/2     Running             0          68s


PODS UPDATE: seldon          mymodel-default-0-model-cdbd4c8d5-hpqkf      2/2     Terminating         0          87s


PODS UPDATE: seldon          myabtest-default-0-classifier-1-b8597d4b7-hgqqf   0/2     Pending             0          0s


PODS UPDATE: seldon          myabtest-default-0-classifier-1-b8597d4b7-hgqqf   0/2     Pending             0          0s


PODS UPDATE: seldon          myabtest-default-1-classifier-2-5797587d69-ldbsm   0/1     Pending             0          0s


PODS UPDATE: seldon          myabtest-default-1-classifier-2-5797587d69-ldbsm   0/1     Pending             0          0s


PODS UPDATE: seldon          myabtest-default-0PASSED
test_notebooks.py::TestNotebooks::test_explainer_examples [NbConvertApp] Converting notebook ../../notebooks/explainer_examples.ipynb to script
[NbConvertApp] Writing 25375 bytes to ../../notebooks/explainer_examples.py
-classifier-1-b8597d4b7-hgqqf    0/2     ContainerCreating   0          0s


PODS UPDATE: seldon          myabtest-default-1-classifier-2-5797587d69-ldbsm   0/1     ContainerCreating   0          0s


PODS UPDATE: seldon          myabtest-default-1-classifier-2-5797587d69-ldbsm   0/1     Running             0          1s


PODS UPDATE: seldon          myabtest-default-0-classifier-1-b8597d4b7-hgqqf    0/2     Running             0          1s


PODS UPDATE: seldon          mymodel-default-0-model-cdbd4c8d5-hpqkf            0/2     Terminating         0          99s


PODS UPDATE: seldon          mymodel-default-0-model-cdbd4c8d5-hpqkf            0/2     Terminating         0          100s


PODS UPDATE: seldon          mymodel-default-0-model-cdbd4c8d5-hpqkf            0/2     Terminating         0          100s


PODS UPDATE: seldon          myabtest-default-0-classifier-1-b8597d4b7-hgqqf    1/2     Running             0          20s


PODS UPDATE: seldon          myabtest-default-1-classifier-2-5797587d69-ldbsm   1/1     Running             0          23s


PODS UPDATE: seldon          myabtest-default-0-classifier-1-b8597d4b7-hgqqf    2/2     Running             0          24s


PODS UPDATE: seldon          myabtest-default-1-classifier-2-5797587d69-ldbsm   1/1     Terminating         0          41s


PODS UPDATE: seldon          myabtest-default-0-classifier-1-b8597d4b7-hgqqf    2/2     Terminating         0          41s


PODS UPDATE: seldon          mymab-default-1-classifier-2-5888c76898-dphsw      0/1     Pending             0          0s


PODS UPDATE: seldon          mymab-default-0-classifier-1-5b5f66f96b-pkznr      0/2     Pending             0          0s


PODS UPDATE: seldon          mymab-default-1-classifier-2-5888c76898-dphsw      0/1     Pending             0          0s


PODS UPDATE: seldon          mymab-default-2-eg-router-5f7dd798cd-bvxjk         0/1     Pending             0          0s


PODS UPDATE: seldon          mymab-default-0-classifier-1-5b5f66f96b-pkznr      0/2     Pending             0          0s


PODS UPDATE: seldon          mymab-default-2-eg-router-5f7dd798cd-bvxjk         0/1     Pending             0          0s


PODS UPDATE: seldon          mymab-default-1-classifier-2-5888c76898-dphsw      0/1     ContainerCreating   0          0s


PODS UPDATE: seldon          mymab-default-0-classifier-1-5b5f66f96b-pkznr      0/2     ContainerCreating   0          0s


PODS UPDATE: seldon          mymab-default-2-eg-router-5f7dd798cd-bvxjk         0/1     ContainerCreating   0          0s


PODS UPDATE: seldon          mymab-default-1-classifier-2-5888c76898-dphsw      0/1     Running             0          2s


PODS UPDATE: seldon          mymab-default-0-classifier-1-5b5f66f96b-pkznr      0/2     Running             0          2s


PODS UPDATE: seldon          myabtest-default-1-classifier-2-5797587d69-ldbsm   0/1     Terminating         0          54s


PODS UPDATE: seldon          myabtest-default-0-classifier-1-b8597d4b7-hgqqf    0/2     Terminating         0          54s


PODS UPDATE: seldon          mymab-default-2-eg-router-5f7dd798cd-bvxjk         0/1     Running             0          9s


PODS UPDATE: seldon          myabtest-default-1-classifier-2-5797587d69-ldbsm   0/1     Terminating         0          66s


PODS UPDATE: seldon          myabtest-default-1-classifier-2-5797587d69-ldbsm   0/1     Terminating         0          66s


PODS UPDATE: seldon          myabtest-default-0-classifier-1-b8597d4b7-hgqqf    0/2     Terminating         0          66s


PODS UPDATE: seldon          myabtest-default-0-classifier-1-b8597d4b7-hgqqf    0/2     Terminating         0          66s


PODS UPDATE: seldon          mymab-default-0-classifier-1-5b5f66f96b-pkznr      1/2     Running             0          22s


PODS UPDATE: seldon          mymab-default-1-classifier-2-5888c76898-dphsw      1/1     Running             0          24s


PODS UPDATE: seldon          mymab-default-2-eg-router-5f7dd798cd-bvxjk         1/1     Running             0          30s


PODS UPDATE: seldon          mymab-default-0-classifier-1-5b5f66f96b-pkznr      2/2     Running             0          30s


PODS UPDATE: seldon          mymab-default-1-classifier-2-5888c76898-dphsw      1/1     Terminating         0          47s


PODS UPDATE: seldon          mymab-default-0-classifier-1-5b5f66f96b-pkznr      2/2     Terminating         0          47s


PODS UPDATE: seldon          mymab-default-2-eg-router-5f7dd798cd-bvxjk         1/1     Terminating         0          47s


PODS UPDATE: seldon          income-default-0-classifier-8c4dc4b58-tprk8        0/2     Pending             0          0s


PODS UPDATE: seldon          income-default-explainer-5fbb7d9cd7-ng454          0/1     Pending             0          0s


PODS UPDATE: seldon          income-default-0-classifier-8c4dc4b58-tprk8        0/2     Pending             0          0s


PODS UPDATE: seldon          income-default-explainer-5fbb7d9cd7-ng454          0/1     Pending             0          0s


PODS UPDATE: seldon          income-default-0-classifier-8c4dc4b58-tprk8        0/2     Init:0/1            0          0s


PODS UPDATE: seldon          income-default-explainer-5fbb7d9cd7-ng454          0/1     Init:0/1            0          0s


PODS UPDATE: seldon          mymab-default-2-eg-router-5f7dd798cd-bvxjk         0/1     Terminating         0          59s


PODS UPDATE: seldon          mymab-default-1-classifier-2-5888c76898-dphsw      0/1     Terminating         0          59s


PODS UPDATE: seldon          mymab-default-0-classifier-1-5b5f66f96b-pkznr      0/2     Terminating         0          60s


PODS UPDATE: seldon          income-default-explainer-5fbb7d9cd7-ng454          0/1     Init:0/1            0          14s


PODS UPDATE: seldon          income-default-0-classifier-8c4dc4b58-tprk8        0/2     Init:0/1            0          14s


PODS UPDATE: seldon          income-default-0-classifier-8c4dc4b58-tprk8        0/2     PodInitializing     0          15s


PODS UPDATE: seldon          income-default-explainer-5fbb7d9cd7-ng454          0/1     PodInitializing     0          16s


PODS UPDATE: seldon          mymab-default-1-classifier-2-5888c76898-dphsw      0/1     Terminating         0          71s


PODS UPDATE: seldon          mymab-default-1-classifier-2-5888c76898-dphsw      0/1     Terminating         0          71s


PODS UPDATE: seldon          mymab-default-2-eg-router-5f7dd798cd-bvxjk         0/1     Terminating         0          71s


PODS UPDATE: seldon          mymab-default-2-eg-router-5f7dd798cd-bvxjk         0/1     Terminating         0          71s


PODS UPDATE: seldon          mymab-default-0-classifier-1-5b5f66f96b-pkznr      0/2     Terminating         0          71s


PODS UPDATE: seldon          mymab-default-0-classifier-1-5b5f66f96b-pkznr      0/2     Terminating         0          71s


PODS UPDATE: seldon          income-default-0-classifier-8c4dc4b58-tprk8        0/2     Running             0          22s


PODS UPDATE: seldon          income-default-0-classifier-8c4dc4b58-tprk8        1/2     Running             0          44s


PODS UPDATE: seldon          income-default-0-classifier-8c4dc4b58-tprk8        2/2     Running             0          46s


PODS UPDATE: seldon          income-default-explainer-5fbb7d9cd7-ng454          0/1     Running             0          2m16s


PODS UPDATE: seldon          income-default-explainer-5fbb7d9cd7-ng454          1/1     Running             0          2m37s


PODS UPDATE: seldon          income-default-explainer-5fbb7d9cd7-ng454          1/1     Terminating         0          2m56s


PODS UPDATE: seldon          income-default-0-classifier-8c4dc4b58-tprk8        2/2     Terminating         0          2m56s


PODS UPDATE: seldon          movie-default-0-classifier-67c7486bf-cjh7z         0/2     Pending             0          0s


PODS UPDATE: seldon          movie-default-explainer-5d7d94fc46-kf7s7           0/1     Pending             0          0s


PODS UPDATE: seldon          movie-default-0-classifier-67c7486bf-cjh7z         0/2     Pending             0          0s


PODS UPDATE: seldon          movie-default-explainer-5d7d94fc46-kf7s7           0/1     Pending             0          0s


PODS UPDATE: seldon          movie-default-0-classifier-67c7486bf-cjh7z         0/2     Init:0/1            0          0s


PODS UPDATE: seldon          movie-default-explainer-5d7d94fc46-kf7s7           0/1     ContainerCreating   0          0s


PODS UPDATE: seldon          income-default-0-classifier-8c4dc4b58-tprk8        1/2     Terminating         0          3m8s


PODS UPDATE: seldon          movie-default-0-classifier-67c7486bf-cjh7z         0/2     Init:0/1            0          10s


PODS UPDATE: seldon          movie-default-explainer-5d7d94fc46-kf7s7           0/1     Running             0          10s


PODS UPDATE: seldon          income-default-0-classifier-8c4dc4b58-tprk8        0/2     Terminating         0          3m10s


PODS UPDATE: seldon          income-default-0-classifier-8c4dc4b58-tprk8        0/2     Terminating         0          3m11s


PODS UPDATE: seldon          income-default-0-classifier-8c4dc4b58-tprk8        0/2     Terminating         0          3m11s


PODS UPDATE: seldon          movie-default-0-classifier-67c7486bf-cjh7z         0/2     PodInitializing     0          33s


PODS UPDATE: seldon          movie-default-explainer-5d7d94fc46-kf7s7           1/1     Running             0          44s


PODS UPDATE: seldon          income-default-explainer-5fbb7d9cd7-ng454          0/1     Terminating         0          3m47s


PODS UPDATE: seldon          income-default-explainer-5fbb7d9cd7-ng454          0/1     Terminating         0          4m25s


PODS UPDATE: seldon          movie-default-0-classifier-67c7486bf-cjh7z         0/2     Running             0          85s


PODS UPDATE: seldon          income-default-explainer-5fbb7d9cd7-ng454          0/1     Terminating         0          4m37s


PODS UPDATE: seldon          income-default-explainer-5fbb7d9cd7-ng454          0/1     Terminating         0          4m37s


PODS UPDATE: seldon          movie-default-0-classifier-67c7486bf-cjh7z         1/2     Running             0          105s


PODS UPDATE: seldon          movie-default-0-classifier-67c7486bf-cjh7z         2/2     Running             0          105s


PODS UPDATE: seldon          movie-default-explainer-5d7d94fc46-kf7s7           1/1     Terminating         0          2m43s


PODS UPDATE: seldon          movie-default-0-classifier-67c7486bf-cjh7z         2/2     Terminating         0          2m43s


PODS UPDATE: seldon          cifar10-classifier-default-0-cifar10-classifier-794bfb547bm6ksn   0/2     Pending             0          0s


PODS UPDATE: seldon          cifar10-classifier-default-explainer-74f646cb8f-ptfjn             0/1     Pending             0          0s


PODS UPDATE: seldon          cifar10-classifier-default-0-cifar10-classifier-794bfb547bm6ksn   0/2     Pending             0          0s


PODS UPDATE: seldon          cifar10-classifier-default-explainer-74f646cb8f-ptfjn             0/1     Pending             0          0s


PODS UPDATE: seldon          cifar10-classifier-default-0-cifar10-classifier-794bfb547bm6ksn   0/2     Init:0/1            0          0s


PODS UPDATE: seldon          cifar10-classifier-default-explainer-74f646cb8f-ptfjn             0/1     Init:0/1            0          0s


PODS UPDATE: seldon          cifar10-classifier-default-0-cifar10-classifier-794bfb547bm6ksn   0/2     Init:0/1            0          2s


PODS UPDATE: seldon          cifar10-classifier-default-explainer-74f646cb8f-ptfjn             0/1     Init:0/1            0          2s


PODS UPDATE: seldon          cifar10-classifier-default-0-cifar10-classifier-794bfb547bm6ksn   0/2     PodInitializing     0          5s


PODS UPDATE: seldon          cifar10-classifier-default-explainer-74f646cb8f-ptfjn             0/1     PodInitializing     0          5s


PODS UPDATE: seldon          cifar10-classifier-default-explainer-74f646cb8f-ptfjn             0/1     Running             0          6s


PODS UPDATE: seldon          movie-default-0-classifier-67c7486bf-cjh7z                        1/2     Terminating         0          2m55s


PODS UPDATE: seldon          movie-default-0-classifier-67c7486bf-cjh7z                        0/2     Terminating         0          2m56s


PODS UPDATE: seldon          movie-default-0-classifier-67c7486bf-cjh7z                        0/2     Terminating         0          2m56s


PODS UPDATE: seldon          movie-default-0-classifier-67c7486bf-cjh7z                        0/2     Terminating         0          2m57s


PODS UPDATE: seldon          movie-default-0-classifier-67c7486bf-cjh7z                        0/2     Terminating         0          2m57s


PODS UPDATE: seldon          cifar10-classifier-default-0-cifar10-classifier-794bfb547bm6ksn   0/2     Running             0          15s


PODS UPDATE: seldon          movie-default-explainer-5d7d94fc46-kf7s7                          0/1     Terminating         0          3m4s


PODS UPDATE: seldon          movie-default-explainer-5d7d94fc46-kf7s7                          0/1     Terminating         0          3m5s


PODS UPDATE: seldon          movie-default-explainer-5d7d94fc46-kf7s7                          0/1     Terminating         0          3m5s


PODS UPDATE: seldon          cifar10-classifier-default-explainer-74f646cb8f-ptfjn             1/1     Running             0          27s


PODS UPDATE: seldon          cifar10-classifier-default-0-cifar10-classifier-794bfb547bm6ksn   1/2     Running             0          36s


PODS UPDATE: seldon          cifar10-classifier-default-0-cifar10-classifier-794bfb547bm6ksn   2/2     Running             0          38s


PODS UPDATE: seldon          cifar10-classifier-default-explainer-74f646cb8f-ptfjn             1/1     Terminating         0          84s


PODS UPDATE: seldon          cifar10-classifier-default-0-cifar10-classifier-794bfb547bm6ksn   2/2     Terminating         0          84s


PODS UPDATE: seldon          wine-default-0-classifier-5957bdb88f-rmjh4                        0/2     Pending             0          0s


PODS UPDATE: seldon          wine-default-explainer-5bb7b5748c-lhtt5                           0/1     Pending             0          0s


PODS UPDATE: seldon          wine-default-0-classifier-5957bdb88f-rmjh4                        0/2     Pending             0          0s


PODS UPDATE: seldon          wine-default-explainer-5bb7b5748c-lhtt5                           0/1     Pending             0          0s


PODS UPDATE: seldon          wine-default-0-classifier-5957bdb88f-rmjh4                        0/2     Init:0/1            0          0s


PODS UPDATE: seldon          wine-default-explainer-5bb7b5748c-lhtt5                           0/1     Init:0/1            0          0s


PODS UPDATE: seldon          wine-default-explainer-5bb7b5748c-lhtt5                           0/1     Init:0/1            0          2s


PODS UPDATE: seldon          wine-default-0-classifier-5957bdb88f-rmjh4                        0/2     Init:0/1            0          2s


PODS UPDATE: seldon          wine-default-0-classifier-5957bdb88f-rmjh4                        0/2     PodInitializing     0          3s


PODS UPDATE: seldon          wine-default-explainer-5bb7b5748c-lhtt5                           0/1     PodInitializing     0          3s


PODS UPDATE: seldon          wine-default-explainer-5bb7b5748c-lhtt5                           0/1     Running             0          4s


PODS UPDATE: seldon          wine-default-0-classifier-5957bdb88f-rmjh4                        0/2     Running             0          4s


PODS UPDATE: seldon          cifar10-classifier-default-0-cifar10-classifier-794bfb547bm6ksn   1/2     Terminating         0          98s


PODS UPDATE: seldon          cifar10-classifier-default-0-cifar10-classifier-794bfb547bm6ksn   0/2     Terminating         0          105s


PODS UPDATE: seldon          cifar10-classifier-default-0-cifar10-classifier-794bfb547bm6ksn   0/2     Terminating         0          105s


PODS UPDATE: seldon          cifar10-classifier-default-explainer-74f646cb8f-ptfjn             0/1     Terminating         0          106s


PODS UPDATE: seldon          cifar10-classifier-default-0-cifar10-classifier-794bfb547bm6ksn   0/2     Terminating         0          106s


PODS UPDATE: seldon          cifar10-classifier-default-0-cifar10-classifier-794bfb547bm6ksn   0/2     Terminating         0          106s


PODS UPDATE: seldon          cifar10-classifier-default-explainer-74f646cb8f-ptfjn             0/1     Terminating         0          110s


PODS UPDATE: seldon          cifar10-classifier-default-explainer-74f646cb8f-ptfjn             0/1     Terminating         0          110s


PODS UPDATE: seldon          wine-default-0-classifier-5957bdb88f-rmjh4                        1/2     Running             0          23s


PODS UPDATE: seldon          wine-default-0-classifier-5957bdb88f-rmjh4                        2/2     Running             0          24s


PODS UPDATE: seldon          wine-default-explainer-5bb7b5748c-lhtt5                           1/1     Running             0          27s


PODS UPDATE: seldon          wine-default-explainer-5bb7b5748c-lhtt5                           1/1     Terminating         0          61s


PODS UPDATE: seldon          wine-default-0-classifier-5957bdb88f-rmjh4                        2/2     Terminating         0          61s


PODS UPDATE: seldon          tfserving-default-0-mnist-model-55865c456d-9psjb                  0/3     Pending             0          0s


PODS UPDATE: seldon          tfserving-default-explainer-746d96f5fd-gnd68                      0/1     Pending             0          0s


PODS UPDATE: seldon          tfserving-default-0-mnist-model-55865c456d-9psjb                  0/3     Pending             0          0s


PODS UPDATE: seldon          tfserving-default-explainer-746d96f5fd-gnd68                      0/1     Pending             0          0s


PODS UPDATE: seldon          tfserving-default-0-mnist-model-55865c456d-9psjb                  0/3     Init:0/1            0          0s


PODS UPDATE: seldon          tfserving-default-explainer-746d96f5fd-gnd68                      0/1     Init:0/1            0          0s


PODS UPDATE: seldon          tfserving-default-explainer-746d96f5fd-gnd68                      0/1     Init:0/1            0          1s


PODS UPDATE: seldon          tfserving-default-0-mnist-model-55865c456d-9psjb                  0/3     Init:0/1            0          1s


PODS UPDATE: seldon          tfserving-default-explainer-746d96f5fd-gnd68                      0/1     PodInitializing     0          3s


PODS UPDATE: seldon          tfserving-default-explainer-746d96f5fd-gnd68                      0/1     Running             0          4s


PODS UPDATE: seldon          tfserving-default-0-mnist-model-55865c456d-9psjb                  0/3     PodInitializing     0          4s


PODS UPDATE: seldon          wine-default-0-classifier-5957bdb88f-rmjh4                        0/2     Terminating         0          73s


PODS UPDATE: seldon          wine-default-0-classifier-5957bdb88f-rmjh4                        0/2     Terminating         0          73s


PODS UPDATE: seldon          wine-default-0-classifier-5957bdb88f-rmjh4                        0/2     Terminating         0          81s


PODS UPDATE: seldon          wine-default-0-classifier-5957bdb88f-rmjh4                        0/2     Terminating         0          81s


PODS UPDATE: seldon          wine-default-explainer-5bb7b5748c-lhtt5                           0/1     Terminating         0          83s


PODS UPDATE: seldon          wine-default-explainer-5bb7b5748c-lhtt5                           0/1     Terminating         0          91s


PODS UPDATE: seldon          wine-default-explainer-5bb7b5748c-lhtt5                           0/1     Terminating         0          91s


PODS UPDATE: seldon          tfserving-default-explainer-746d96f5fd-gnd68                      1/1     Running             0          27s


PODS UPDATE: seldon          tfserving-default-0-mnist-model-55865c456d-9psjb                  1/3     Running             0    PASSED
test_notebooks.py::TestNotebooks::test_istio_examples [NbConvertApp] Converting notebook ../../notebooks/istio_example.ipynb to script
[NbConvertApp] Writing 3392 bytes to ../../notebooks/istio_example.py
PASSED
test_notebooks.py::TestNotebooks::test_max_grpc_msg_size [NbConvertApp] Converting notebook ../../notebooks/max_grpc_msg_size.ipynb to script
[NbConvertApp] Writing 5338 bytes to ../../notebooks/max_grpc_msg_size.py
      41s


PODS UPDATE: seldon          tfserving-default-0-mnist-model-55865c456d-9psjb                  2/3     Running             0          63s


PODS UPDATE: seldon          tfserving-default-0-mnist-model-55865c456d-9psjb                  3/3     Running             0          65s


PODS UPDATE: seldon          tfserving-default-0-mnist-model-55865c456d-9psjb                  3/3     Terminating         0          83s


PODS UPDATE: seldon          tfserving-default-explainer-746d96f5fd-gnd68                      1/1     Terminating         0          83s


PODS UPDATE: seldon          income-default-0-income-model-5d6c4b887d-dgmlr                    0/2     Pending             0          0s


PODS UPDATE: seldon          income-default-explainer-686b664dff-h872c                         0/1     Pending             0          0s


PODS UPDATE: seldon          income-default-0-income-model-5d6c4b887d-dgmlr                    0/2     Pending             0          0s


PODS UPDATE: seldon          income-default-explainer-686b664dff-h872c                         0/1     Pending             0          0s


PODS UPDATE: seldon          income-default-0-income-model-5d6c4b887d-dgmlr                    0/2     Init:0/1            0          0s


PODS UPDATE: seldon          income-default-explainer-686b664dff-h872c                         0/1     Init:0/1            0          0s


PODS UPDATE: seldon          income-default-explainer-686b664dff-h872c                         0/1     Init:0/1            0          1s


PODS UPDATE: seldon          income-default-0-income-model-5d6c4b887d-dgmlr                    0/2     Init:0/1            0          1s


PODS UPDATE: seldon          income-default-0-income-model-5d6c4b887d-dgmlr                    0/2     PodInitializing     0          2s


PODS UPDATE: seldon          income-default-explainer-686b664dff-h872c                         0/1     PodInitializing     0          2s


PODS UPDATE: seldon          income-default-explainer-686b664dff-h872c                         0/1     Running             0          3s


PODS UPDATE: seldon          tfserving-default-0-mnist-model-55865c456d-9psjb                  2/3     Terminating         0          96s


PODS UPDATE: seldon          tfserving-default-explainer-746d96f5fd-gnd68                      0/1     Terminating         0          105s


PODS UPDATE: seldon          tfserving-default-explainer-746d96f5fd-gnd68                      0/1     Terminating         0          105s


PODS UPDATE: seldon          income-default-0-income-model-5d6c4b887d-dgmlr                    0/2     Running             0          17s


PODS UPDATE: seldon          tfserving-default-0-mnist-model-55865c456d-9psjb                  0/3     Terminating         0          105s


PODS UPDATE: seldon          tfserving-default-explainer-746d96f5fd-gnd68                      0/1     Terminating         0          106s


PODS UPDATE: seldon          tfserving-default-explainer-746d96f5fd-gnd68                      0/1     Terminating         0          106s


PODS UPDATE: seldon          tfserving-default-0-mnist-model-55865c456d-9psjb                  0/3     Terminating         0          106s


PODS UPDATE: seldon          tfserving-default-0-mnist-model-55865c456d-9psjb                  0/3     Terminating         0          106s


PODS UPDATE: seldon          income-default-explainer-686b664dff-h872c                         1/1     Running             0          26s


PODS UPDATE: seldon          income-default-0-income-model-5d6c4b887d-dgmlr                    1/2     Running             0          39s


PODS UPDATE: seldon          income-default-0-income-model-5d6c4b887d-dgmlr                    2/2     Running             0          39s


PODS UPDATE: seldon          income-default-explainer-686b664dff-h872c                         1/1     Terminating         0          55s


PODS UPDATE: seldon          income-default-0-income-model-5d6c4b887d-dgmlr                    2/2     Terminating         0          55s


PODS UPDATE: seldon         PASSED
test_notebooks.py::TestNotebooks::test_multiple_operators [NbConvertApp] Converting notebook ../../notebooks/multiple_operators.ipynb to script
[NbConvertApp] Writing 4257 bytes to ../../notebooks/multiple_operators.py
 mymodel-default-0-model-8454f9cd85-wl867                          0/2     Pending             0          0s


PODS UPDATE: seldon          mymodel-default-0-model-8454f9cd85-wl867                          0/2     Pending             0          0s


PODS UPDATE: seldon          mymodel-default-0-model-8454f9cd85-wl867                          0/2     ContainerCreating   0          0s


PODS UPDATE: seldon          mymodel-default-0-model-8454f9cd85-wl867                          0/2     Running             0          1s


PODS UPDATE: seldon          income-default-0-income-model-5d6c4b887d-dgmlr                    0/2     Terminating         0          67s


PODS UPDATE: seldon          income-default-0-income-model-5d6c4b887d-dgmlr                    0/2     Terminating         0          68s


PODS UPDATE: seldon          income-default-0-income-model-5d6c4b887d-dgmlr                    0/2     Terminating         0          68s


PODS UPDATE: seldon          income-default-explainer-686b664dff-h872c                         0/1     Terminating         0          76s


PODS UPDATE: seldon          mymodel-default-0-model-8454f9cd85-wl867                          1/2     Running             0          20s


PODS UPDATE: seldon          mymodel-default-0-model-8454f9cd85-wl867                          2/2     Running             0          23s


PODS UPDATE: seldon          income-default-explainer-686b664dff-h872c                         0/1     Terminating         0          88s


PODS UPDATE: seldon          income-default-explainer-686b664dff-h872c                         0/1     Terminating         0          88s


PODS UPDATE: seldon          mymodel-default-0-model-8454f9cd85-wl867                          2/2     Terminating         0          42s


PODS UPDATE: seldon          model-long-timeout-test-0-classifier-85dbf86988-fqm6c             0/2     Pending             0          0s


PODS UPDATE: seldon          model-long-timeout-test-0-classifier-85dbf86988-fqm6c             0/2     Pending             0          0s


PODS UPDATE: seldon          model-long-timeout-test-0-classifier-85dbf86988-fqm6c             0/2     ContainerCreating   0          0s


PODS UPDATE: seldon          model-long-timeout-test-0-classifier-85dbf86988-fqm6c             0/2     Running             0          1s


PODS UPDATE: seldon          mymodel-default-0-model-8454f9cd85-wl867                          0/2     Terminating         0          53s


PODS UPDATE: seldon          mymodel-default-0-model-8454f9cd85-wl867                          0/2     Terminating         0          54s


PODS UPDATE: seldon          mymodel-default-0-model-8454f9cd85-wl867                          0/2     Terminating         0          65s


PODS UPDATE: seldon          mymodel-default-0-model-8454f9cd85-wl867                          0/2     Terminating         0          65s


PODS UPDATE: seldon          model-long-timeout-test-0-classifier-85dbf86988-fqm6c             1/2     Running             0          23s


PODS UPDATE: seldon          model-long-timeout-test-0-classifier-85dbf86988-fqm6c             2/2     Running             0          25s


PODS UPDATE: seldon          seldon-model-grpc-size-0-classifier-76f9948dcd-65xmt              0/2     Pending             0          0s


PODS UPDATE: seldon          seldon-model-grpc-size-0-classifier-76f9948dcd-65xmt              0/2     Pending             0          0s


PODS UPDATE: seldon          seldon-model-grpc-size-0-classifier-76f9948dcd-65xmt              0/2     ContainerCreating   0          0s


PODS UPDATE: seldon          seldon-model-grpc-size-0-classifier-76f9948dcd-65xmt              0/2     Running             0          1s


PODS UPDATE: seldon          seldon-model-grpc-size-0-classifier-76f9948dcd-65xmt              1/2     Running             0          21s


PODS UPDATE: seldon          seldon-model-grpc-size-0-classifier-76f9948dcd-65xmt              2/2     Running             0          21s


PODS UPDATE: seldon          seldon-model-grpc-size-0-classifier-76f9948dcd-PASSED
test_notebooks.py::TestNotebooks::test_protocol_examples [NbConvertApp] Converting notebook ../../notebooks/protocol_examples.ipynb to script
[NbConvertApp] Writing 8384 bytes to ../../notebooks/protocol_examples.py
65xmt              2/2     Terminating         0          53s


PODS UPDATE: seldon-ns1      seldon-controller-manager-575d7dc6df-xlpnn                        0/1     Pending             0          0s


PODS UPDATE: seldon-ns1      seldon-controller-manager-575d7dc6df-xlpnn                        0/1     Pending             0          0s


PODS UPDATE: seldon-ns1      seldon-controller-manager-575d7dc6df-xlpnn                        0/1     ContainerCreating   0          0s


PODS UPDATE: seldon-ns1      seldon-controller-manager-575d7dc6df-xlpnn                        1/1     Running             0          1s


PODS UPDATE: seldon          seldon-model-grpc-size-0-classifier-76f9948dcd-65xmt              0/2     Terminating         0          66s


PODS UPDATE: seldon          seldon-model-grpc-size-0-classifier-76f9948dcd-65xmt              0/2     Terminating         0          66s


PODS UPDATE: seldon          seldon-model-grpc-size-0-classifier-76f9948dcd-65xmt              0/2     Terminating         0          67s


PODS UPDATE: seldon          seldon-model-grpc-size-0-classifier-76f9948dcd-65xmt              0/2     Terminating         0          67s


PODS UPDATE: seldon-ns1      seldon-controller-manager-575d7dc6df-xlpnn                        1/1     Terminating         0          59s


PODS UPDATE: seldon-ns1      seldon-controller-manager-575d7dc6df-xlpnn                        0/1     Terminating         0          60s


PODS UPDATE: seldon-id1      seldon-controller-manager-68d9d94d9f-7xhkl                        0/1     Pending             0          0s


PODS UPDATE: seldon-id1      seldon-controller-manager-68d9d94d9f-7xhkl                        0/1     Pending             0          0s


PODS UPDATE: seldon-id1      seldon-controller-manager-68d9d94d9f-7xhkl                        0/1     ContainerCreating   0          0s


PODS UPDATE: seldon-id1      seldon-controller-manager-68d9d94d9f-7xhkl                        1/1     Running             0          2s


PODS UPDATE: seldon-ns1      seldon-controller-manager-575d7dc6df-xlpnn                        0/1     Terminating         0          68s


PODS UPDATE: seldon-ns1      seldon-controller-manager-575d7dc6df-xlpnn                        0/1     Terminating         0          68s


PODS UPDATE: default         test-c1-example-0-classifier-67c4bcd4df-bjr7l                     0/2     Pending             0          0s


PODS UPDATE: default         test-c1-example-0-classifier-67c4bcd4df-bjr7l                     0/2     Pending             0          0s


PODS UPDATE: default         test-c1-example-0-classifier-67c4bcd4df-bjr7l                     0/2     ContainerCreating   0          0s


PODS UPDATE: default         test-c1-example-0-classifier-67c4bcd4df-bjr7l                     0/2     Running             0          36s


PODS UPDATE: default         test-c1-example-0-classifier-67c4bcd4df-bjr7l                     1/2     Running             0          55s


PODS UPDATE: default         test-c1-example-0-classifier-67c4bcd4df-bjr7l                     2/2     Running             0          57s


PODS UPDATE: default         test-c1-example-0-classifier-67c4bcd4df-bjr7l                     2/2     Terminating         0          74s


PODS UPDATE: default         test-c1-example-0-classifier-67c4bcd4df-bjr7l                     0/2     Terminating         0          77s


PODS UPDATE: default         test-c1-example-0-classifier-67c4bcd4df-bjr7l                     0/2     Terminating         0          78s


PODS UPDATE: default         test-c1-example-0-classifier-67c4bcd4df-bjr7l                     0/2     Terminating         0          78s


PODS UPDATE: seldon-id1      seldon-controller-manager-68d9d94d9f-7xhkl                        1/1     Terminating         0          107s


PODS UPDATE: seldon-id1      seldon-controller-manager-68d9d94d9f-7xhkl                        0/1     Terminating         0          108s


PODS UPDATE: seldon-id1      seldon-controller-manager-68d9d94d9f-7xhkl                        0/1     Terminating       PASSED
test_notebooks.py::TestNotebooks::test_server_examples [NbConvertApp] Converting notebook ../../notebooks/server_examples.ipynb to script
[NbConvertApp] Writing 17343 bytes to ../../notebooks/server_examples.py
  0          109s


PODS UPDATE: seldon-id1      seldon-controller-manager-68d9d94d9f-7xhkl                        0/1     Terminating         0          109s


PODS UPDATE: seldon          example-seldon-model-0-classifier-69444d79c9-vxjlj                0/2     Pending             0          0s


PODS UPDATE: seldon          example-seldon-model-0-classifier-69444d79c9-vxjlj                0/2     Pending             0          0s


PODS UPDATE: seldon          example-seldon-model-0-classifier-69444d79c9-vxjlj                0/2     ContainerCreating   0          0s


PODS UPDATE: seldon          example-seldon-model-0-classifier-69444d79c9-vxjlj                0/2     Running             0          1s


PODS UPDATE: seldon          example-seldon-model-0-classifier-69444d79c9-vxjlj                1/2     Running             0          24s


PODS UPDATE: seldon          example-seldon-model-0-classifier-69444d79c9-vxjlj                2/2     Running             0          24s


PODS UPDATE: seldon          example-seldon-model-0-classifier-69444d79c9-vxjlj                2/2     Terminating         0          40s


PODS UPDATE: seldon          example-tfserving-model-0-halfplustwo-9dc8f8b84-8z9ws             0/2     Pending             0          0s


PODS UPDATE: seldon          example-tfserving-model-0-halfplustwo-9dc8f8b84-8z9ws             0/2     Pending             0          0s


PODS UPDATE: seldon          example-tfserving-model-0-halfplustwo-9dc8f8b84-8z9ws             0/2     ContainerCreating   0          0s


PODS UPDATE: seldon          example-seldon-model-0-classifier-69444d79c9-vxjlj                1/2     Terminating         0          54s


PODS UPDATE: seldon          example-tfserving-model-0-halfplustwo-9dc8f8b84-8z9ws             0/2     Running             0          10s


PODS UPDATE: seldon          example-seldon-model-0-classifier-69444d79c9-vxjlj                0/2     Terminating         0          54s


PODS UPDATE: seldon          example-seldon-model-0-classifier-69444d79c9-vxjlj                0/2     Terminating         0          54s


PODS UPDATE: seldon          example-seldon-model-0-classifier-69444d79c9-vxjlj                0/2     Terminating         0          58s


PODS UPDATE: seldon          example-seldon-model-0-classifier-69444d79c9-vxjlj                0/2     Terminating         0          58s


PODS UPDATE: seldon          example-tfserving-model-0-halfplustwo-9dc8f8b84-8z9ws             1/2     Running             0          30s


PODS UPDATE: seldon          example-tfserving-model-0-halfplustwo-9dc8f8b84-8z9ws             2/2     Running             0          32s


PODS UPDATE: seldon          example-tfserving-model-0-halfplustwo-9dc8f8b84-8z9ws             2/2     Terminating         0          48s


PODS UPDATE: seldon          triton-simple-0-simple-78cd87965c-8p7q7                           0/2     Pending             0          0s


PODS UPDATE: seldon          triton-simple-0-simple-78cd87965c-8p7q7                           0/2     Pending             0          0s


PODS UPDATE: seldon          triton-simple-0-simple-78cd87965c-8p7q7                           0/2     Init:0/1            0          0s


PODS UPDATE: seldon          triton-simple-0-simple-78cd87965c-8p7q7                           0/2     Init:0/1            0          1s


PODS UPDATE: seldon          triton-simple-0-simple-78cd87965c-8p7q7                           0/2     PodInitializing     0          3s


PODS UPDATE: seldon          example-tfserving-model-0-halfplustwo-9dc8f8b84-8z9ws             1/2     Terminating         0          60s


PODS UPDATE: seldon          example-tfserving-model-0-halfplustwo-9dc8f8b84-8z9ws             0/2     Terminating         0          83s


PODS UPDATE: seldon          example-tfserving-model-0-halfplustwo-9dc8f8b84-8z9ws             0/2     Terminating         0          100s


PODS UPDATE: seldon          example-tfserving-model-0-halfplustwo-9dc8f8b84-8z9ws             0/2     Terminating         0          104s


PODS UPDATE: seldon          example-tfserving-model-0-halfplustwo-9dc8f8b84-8z9ws             0/2     Terminating         0          104s


PODS UPDATE: seldon          triton-simple-0-simple-78cd87965c-8p7q7                           0/2     Running             0          3m33s


PODS UPDATE: seldon          triton-simple-0-simple-78cd87965c-8p7q7                           1/2     Running             0          3m52s


PODS UPDATE: seldon          triton-simple-0-simple-78cd87965c-8p7q7                           2/2     Running             0          3m53s


PODS UPDATE: seldon          triton-simple-0-simple-78cd87965c-8p7q7                           2/2     Terminating         0          4m10s


PODS UPDATE: seldon          sklearn-default-0-classifier-8bd4bb94b-vzgt5                      0/2     Pending             0          0s


PODS UPDATE: seldon          sklearn-default-0-classifier-8bd4bb94b-vzgt5                      0/2     Pending             0          0s


PODS UPDATE: seldon          sklearn-default-0-classifier-8bd4bb94b-vzgt5                      0/2     Init:0/1            0          0s


PODS UPDATE: seldon          sklearn-default-0-classifier-8bd4bb94b-vzgt5                      0/2     Init:0/1            0          2s


PODS UPDATE: seldon          sklearn-default-0-classifier-8bd4bb94b-vzgt5                      0/2     PodInitializing     0          4s


PODS UPDATE: seldon          sklearn-default-0-classifier-8bd4bb94b-vzgt5                      0/2     Running             0          5s


PODS UPDATE: seldon          triton-simple-0-simple-78cd87965c-8p7q7                           0/2     Terminating         0          4m22s


PODS UPDATE: seldon          triton-simple-0-simple-78cd87965c-8p7q7                           0/2     Terminating         0          4m22s


PODS UPDATE: seldon          triton-simple-0-simple-78cd87965c-8p7q7                           0/2     Terminating         0          4m32s


PODS UPDATE: seldon          triton-simple-0-simple-78cd87965c-8p7q7                           0/2     Terminating         0          4m32s


PODS UPDATE: seldon          sklearn-default-0-classifier-8bd4bb94b-vzgt5                      1/2     Running             0          26s


PODS UPDATE: seldon          sklearn-default-0-classifier-8bd4bb94b-vzgt5                      2/2     Running             0          27s


PODS UPDATE: seldon          sklearn-default-0-classifier-8bd4bb94b-vzgt5                      2/2     Terminating         0          46s


PODS UPDATE: seldon          sklearn-default-0-classifier-86f766b95d-2qfz5                     0/2     Pending             0          0s


PODS UPDATE: seldon          sklearn-default-0-classifier-86f766b95d-2qfz5                     0/2     Pending             0          0s


PODS UPDATE: seldon          sklearn-default-0-classifier-86f766b95d-2qfz5                     0/2     Init:0/1            0          0s


PODS UPDATE: seldon          sklearn-default-0-classifier-86f766b95d-2qfz5                     0/2     Init:0/1            0          1s


PODS UPDATE: seldon          sklearn-default-0-classifier-86f766b95d-2qfz5                     0/2     PodInitializing     0          3s


PODS UPDATE: seldon          sklearn-default-0-classifier-8bd4bb94b-vzgt5                      1/2     Terminating         0          56s


PODS UPDATE: seldon          sklearn-default-0-classifier-8bd4bb94b-vzgt5                      0/2     Terminating         0          59s


PODS UPDATE: seldon          sklearn-default-0-classifier-8bd4bb94b-vzgt5                      0/2     Terminating         0          60s


PODS UPDATE: seldon          sklearn-default-0-classifier-8bd4bb94b-vzgt5                      0/2     Terminating         0          60s


PODS UPDATE: seldon          sklearn-default-0-classifier-86f766b95d-2qfz5                     0/2     Running             0          30s


PODS UPDATE: seldon          sklearn-default-0-classifier-86f766b95d-2qfz5                     1/2     Running             0          52s


PODS UPDATE: seldon          sklearn-default-0-classifier-86f766b95d-2qfz5                     2/2     Running             0          52s


PODS UPDATE: seldon          sklearn-default-0-classifier-86f766b95d-2qfz5                     2/2     Terminating         0          69s


PODS UPDATE: seldon          xgboost-default-0-classifier-9cc5964f4-d7d8q                      0/2     Pending             0          0s


PODS UPDATE: seldon          xgboost-default-0-classifier-9cc5964f4-d7d8q                      0/2     Pending             0          0s


PODS UPDATE: seldon          xgboost-default-0-classifier-9cc5964f4-d7d8q                      0/2     Init:0/1            0          0s


PODS UPDATE: seldon          xgboost-default-0-classifier-9cc5964f4-d7d8q                      0/2     Init:0/1            0          2s


PODS UPDATE: seldon          xgboost-default-0-classifier-9cc5964f4-d7d8q                      0/2     PodInitializing     0          4s


PODS UPDATE: seldon          xgboost-default-0-classifier-9cc5964f4-d7d8q                      0/2     Running             0          5s


PODS UPDATE: seldon          sklearn-default-0-classifier-86f766b95d-2qfz5                     0/2     Terminating         0          80s


PODS UPDATE: seldon          sklearn-default-0-classifier-86f766b95d-2qfz5                     0/2     Terminating         0          80s


PODS UPDATE: seldon          sklearn-default-0-classifier-86f766b95d-2qfz5                     0/2     Terminating         0          86s


PODS UPDATE: seldon          sklearn-default-0-classifier-86f766b95d-2qfz5                     0/2     Terminating         0          86s


PODS UPDATE: seldon          xgboost-default-0-classifier-9cc5964f4-d7d8q                      1/2     Running             0          24s


PODS UPDATE: seldon          xgboost-default-0-classifier-9cc5964f4-d7d8q                      2/2     Running             0          27s


PODS UPDATE: seldon          xgboost-default-0-classifier-9cc5964f4-d7d8q                      2/2     Terminating         0          44s


PODS UPDATE: seldon          xgboost-default-0-classifier-95dcd85f-npfxx                       0/2     Pending             0          0s


PODS UPDATE: seldon          xgboost-default-0-classifier-95dcd85f-npfxx                       0/2     Pending             0          0s


PODS UPDATE: seldon          xgboost-default-0-classifier-95dcd85f-npfxx                       0/2     Init:0/1            0          0s


PODS UPDATE: seldon          xgboost-default-0-classifier-95dcd85f-npfxx                       0/2     Init:0/1            0          1s


PODS UPDATE: seldon          xgboost-default-0-classifier-95dcd85f-npfxx                       0/2     PodInitializing     0          2s


PODS UPDATE: seldon          xgboost-default-0-classifier-95dcd85f-npfxx                       0/2     Running             0          3s


PODS UPDATE: seldon          xgboost-default-0-classifier-9cc5964f4-d7d8q                      0/2     Terminating         0          56s


PODS UPDATE: seldon          xgboost-default-0-classifier-9cc5964f4-d7d8q                      0/2     Terminating         0          57s


PODS UPDATE: seldon          xgboost-default-0-classifier-9cc5964f4-d7d8q                      0/2     Terminating         0          57s


PODS UPDATE: seldon          xgboost-default-0-classifier-95dcd85f-npfxx                       1/2     Running             0          25s


PODS UPDATE: seldon          xgboost-default-0-classifier-95dcd85f-npfxx                       2/2     Running             0          26s


PODS UPDATE: seldon          xgboost-default-0-classifier-95dcd85f-npfxx                       2/2     Terminating         0          42s


PODS UPDATE: seldon          tfserving-default-0-mnist-model-5c5779bbfc-xwtnz                  0/3     Pending             0          0s


PODS UPDATE: seldon          tfserving-default-0-mnist-model-5c5779bbfc-xwtnz                  0/3     Pending             0          0s


PODS UPDATE: seldon          tfserving-default-0-mnist-model-5c5779bbfc-xwtnz                  0/3     InPASSED
test_notebooks.py::TestNotebooks::test_rolling_updates [NbConvertApp] Converting notebook ../../notebooks/rolling_updates.ipynb to script
[NbConvertApp] Writing 25670 bytes to ../../notebooks/rolling_updates.py
it:0/1            0          1s


PODS UPDATE: seldon          tfserving-default-0-mnist-model-5c5779bbfc-xwtnz                  0/3     Init:0/1            0          2s


PODS UPDATE: seldon          tfserving-default-0-mnist-model-5c5779bbfc-xwtnz                  0/3     PodInitializing     0          4s


PODS UPDATE: seldon          tfserving-default-0-mnist-model-5c5779bbfc-xwtnz                  1/3     Running             0          5s


PODS UPDATE: seldon          xgboost-default-0-classifier-95dcd85f-npfxx                       0/2     Terminating         0          53s


PODS UPDATE: seldon          xgboost-default-0-classifier-95dcd85f-npfxx                       0/2     Terminating         0          65s


PODS UPDATE: seldon          xgboost-default-0-classifier-95dcd85f-npfxx                       0/2     Terminating         0          65s


PODS UPDATE: seldon          tfserving-default-0-mnist-model-5c5779bbfc-xwtnz                  2/3     Running             0          24s


PODS UPDATE: seldon          tfserving-default-0-mnist-model-5c5779bbfc-xwtnz                  3/3     Running             0          29s


PODS UPDATE: seldon          tfserving-default-0-mnist-model-5c5779bbfc-xwtnz                  3/3     Terminating         0          46s


PODS UPDATE: seldon          hpt-default-0-halfplustwo-5477955fb-jcrks                         0/2     Pending             0          0s


PODS UPDATE: seldon          hpt-default-0-halfplustwo-5477955fb-jcrks                         0/2     Pending             0          0s


PODS UPDATE: seldon          hpt-default-0-halfplustwo-5477955fb-jcrks                         0/2     Init:0/1            0          0s


PODS UPDATE: seldon          hpt-default-0-halfplustwo-5477955fb-jcrks                         0/2     Init:0/1            0          1s


PODS UPDATE: seldon          hpt-default-0-halfplustwo-5477955fb-jcrks                         0/2     PodInitializing     0          4s


PODS UPDATE: seldon          hpt-default-0-halfplustwo-5477955fb-jcrks                         0/2     Running             0          5s


PODS UPDATE: seldon          tfserving-default-0-mnist-model-5c5779bbfc-xwtnz                  2/3     Terminating         0          59s


PODS UPDATE: seldon          tfserving-default-0-mnist-model-5c5779bbfc-xwtnz                  0/3     Terminating         0          67s


PODS UPDATE: seldon          hpt-default-0-halfplustwo-5477955fb-jcrks                         1/2     Running             0          26s


PODS UPDATE: seldon          hpt-default-0-halfplustwo-5477955fb-jcrks                         2/2     Running             0          28s


PODS UPDATE: seldon          tfserving-default-0-mnist-model-5c5779bbfc-xwtnz                  0/3     Terminating         0          79s


PODS UPDATE: seldon          tfserving-default-0-mnist-model-5c5779bbfc-xwtnz                  0/3     Terminating         0          79s


PODS UPDATE: seldon          hpt-default-0-halfplustwo-5477955fb-jcrks                         2/2     Terminating         0          45s


PODS UPDATE: seldon          mlflow-default-0-classifier-7b6db77666-txqxs                      0/2     Pending             0          0s


PODS UPDATE: seldon          mlflow-default-0-classifier-7b6db77666-txqxs                      0/2     Pending             0          0s


PODS UPDATE: seldon          mlflow-default-0-classifier-7b6db77666-txqxs                      0/2     Init:0/1            0          0s


PODS UPDATE: seldon          mlflow-default-0-classifier-7b6db77666-txqxs                      0/2     Init:0/1            0          1s


PODS UPDATE: seldon          mlflow-default-0-classifier-7b6db77666-txqxs                      0/2     PodInitializing     0          3s


PODS UPDATE: seldon          hpt-default-0-halfplustwo-5477955fb-jcrks                         1/2     Terminating         0          59s


PODS UPDATE: seldon          mlflow-default-0-classifier-7b6db77666-txqxs                      0/2     Running             0          10s


PODS UPDATE: seldon          hpt-default-0-halfplustwo-5477955fb-jcrks                         0/2     Terminating         0          65s


PODS UPDATE: seldon          hpt-default-0-halfplustwo-5477955fb-jcrks                         0/2     Terminating         0          69s


PODS UPDATE: seldon          hpt-default-0-halfplustwo-5477955fb-jcrks                         0/2     Terminating         0          69s


PODS UPDATE: seldon          mlflow-default-0-classifier-7b6db77666-txqxs                      1/2     Running             0          86s


PODS UPDATE: seldon          mlflow-default-0-classifier-7b6db77666-txqxs                      2/2     Running             0          91s


PODS UPDATE: seldon          mlflow-default-0-classifier-7b6db77666-txqxs                      2/2     Terminating         0          107s


PODS UPDATE: seldon          fixed-default-0-classifier-7d949bbf94-wzzht                       0/2     Pending             0          0s


PODS UPDATE: seldon          fixed-default-0-classifier-7d949bbf94-c7zg2                       0/2     Pending             0          0s


PODS UPDATE: seldon          fixed-default-0-classifier-7d949bbf94-wzzht                       0/2     Pending             0          0s


PODS UPDATE: seldon          fixed-default-0-classifier-7d949bbf94-hvcqq                       0/2     Pending             0          0s


PODS UPDATE: seldon          fixed-default-0-classifier-7d949bbf94-c7zg2                       0/2     Pending             0          0s


PODS UPDATE: seldon          fixed-default-0-classifier-7d949bbf94-hvcqq                       0/2     Pending             0          0s


PODS UPDATE: seldon          fixed-default-0-classifier-7d949bbf94-wzzht                       0/2     ContainerCreating   0          0s


PODS UPDATE: seldon          fixed-default-0-classifier-7d949bbf94-c7zg2                       0/2     ContainerCreating   0          0s


PODS UPDATE: seldon          fixed-default-0-classifier-7d949bbf94-hvcqq                       0/2     ContainerCreating   0          0s


PODS UPDATE: seldon          fixed-default-0-classifier-7d949bbf94-hvcqq                       0/2     Running             0          2s


PODS UPDATE: seldon          fixed-default-0-classifier-7d949bbf94-c7zg2                       0/2     Running             0          2s


PODS UPDATE: seldon          fixed-default-0-classifier-7d949bbf94-wzzht                       0/2     Running             0          2s


PODS UPDATE: seldon          mlflow-default-0-classifier-7b6db77666-txqxs                      0/2     Terminating         0          2m


PODS UPDATE: seldon          mlflow-default-0-classifier-7b6db77666-txqxs                      0/2     Terminating         0          2m10s


PODS UPDATE: seldon          mlflow-default-0-classifier-7b6db77666-txqxs                      0/2     Terminating         0          2m10s


PODS UPDATE: seldon          fixed-default-0-classifier-7d949bbf94-hvcqq                       1/2     Running             0          21s


PODS UPDATE: seldon          fixed-default-0-classifier-7d949bbf94-c7zg2                       1/2     Running             0          21s


PODS UPDATE: seldon          fixed-default-0-classifier-7d949bbf94-wzzht                       1/2     Running             0          23s


PODS UPDATE: seldon          fixed-default-0-classifier-7d949bbf94-hvcqq                       2/2     Running             0          25s


PODS UPDATE: seldon          fixed-default-0-classifier-7d949bbf94-c7zg2                       2/2     Running             0          25s


PODS UPDATE: seldon          fixed-default-0-classifier-7d949bbf94-wzzht                       2/2     Running             0          25s


PODS UPDATE: seldon          fixed-default-0-classifier-85f6fbd55-2bpxk                        0/2     Pending             0          0s


PODS UPDATE: seldon          fixed-default-0-classifier-85f6fbd55-2bpxk                        0/2     Pending             0          0s


PODS UPDATE: seldon          fixed-default-0-classifier-85f6fbd55-2bpxk                        0/2     ContainerCreating   0          0s


PODS UPDATE: seldon          fixed-default-0-classifier-85f6fbd55-2bpxk                        0/2     Running             0          1s


PODS UPDATE: seldon          fixed-default-0-classifier-85f6fbd55-2bpxk                        1/2     Running             0          23s


PODS UPDATE: seldon          fixed-default-0-classifier-85f6fbd55-2bpxk                        2/2     Running             0          25s


PODS UPDATE: seldon          fixed-default-0-classifier-7d949bbf94-hvcqq                       2/2     Terminating         0          56s


PODS UPDATE: seldon          fixed-default-0-classifier-85f6fbd55-jkjn6                        0/2     Pending             0          0s


PODS UPDATE: seldon          fixed-default-0-classifier-85f6fbd55-jkjn6                        0/2     Pending             0          0s


PODS UPDATE: seldon          fixed-default-0-classifier-85f6fbd55-jkjn6                        0/2     ContainerCreating   0          0s


PODS UPDATE: seldon          fixed-default-0-classifier-85f6fbd55-jkjn6                        0/2     Running             0          2s


PODS UPDATE: seldon          fixed-default-0-classifier-7d949bbf94-hvcqq                       0/2     Terminating         0          68s


PODS UPDATE: seldon          fixed-default-0-classifier-7d949bbf94-hvcqq                       0/2     Terminating         0          76s


PODS UPDATE: seldon          fixed-default-0-classifier-7d949bbf94-hvcqq                       0/2     Terminating         0          76s


PODS UPDATE: seldon          fixed-default-0-classifier-85f6fbd55-jkjn6                        1/2     Running             0          22s


PODS UPDATE: seldon          fixed-default-0-classifier-85f6fbd55-jkjn6                        2/2     Running             0          25s


PODS UPDATE: seldon          fixed-default-0-classifier-7d949bbf94-wzzht                       2/2     Terminating         0          81s


PODS UPDATE: seldon          fixed-default-0-classifier-85f6fbd55-ljjhd                        0/2     Pending             0          0s


PODS UPDATE: seldon          fixed-default-0-classifier-85f6fbd55-ljjhd                        0/2     Pending             0          0s


PODS UPDATE: seldon          fixed-default-0-classifier-85f6fbd55-ljjhd                        0/2     ContainerCreating   0          0s


PODS UPDATE: seldon          fixed-default-0-classifier-85f6fbd55-ljjhd                        0/2     Running             0          2s


PODS UPDATE: seldon          fixed-default-0-classifier-7d949bbf94-wzzht                       1/2     Terminating         0          93s


PODS UPDATE: seldon          fixed-default-0-classifier-7d949bbf94-wzzht                       0/2     Terminating         0          94s


PODS UPDATE: seldon          fixed-default-0-classifier-85f6fbd55-ljjhd                        1/2     Running             0          24s


PODS UPDATE: seldon          fixed-default-0-classifier-7d949bbf94-wzzht                       0/2     Terminating         0          106s


PODS UPDATE: seldon          fixed-default-0-classifier-7d949bbf94-wzzht                       0/2     Terminating         0          106s


PODS UPDATE: seldon          fixed-default-0-classifier-85f6fbd55-ljjhd                        2/2     Running             0          25s


PODS UPDATE: seldon          fixed-default-0-classifier-7d949bbf94-c7zg2                       2/2     Terminating         0          106s


PODS UPDATE: seldon          fixed-default-0-classifier-7d949bbf94-c7zg2                       0/2     Terminating         0          118s


PODS UPDATE: seldon          fixed-default-0-classifier-7d949bbf94-c7zg2                       0/2     Terminating         0          118s


PODS UPDATE: seldon          fixed-default-0-classifier-85f6fbd55-jkjn6                        2/2     Terminating         0          65s


PODS UPDATE: seldon          fixed-default-0-classifier-85f6fbd55-ljjhd                        2/2     Terminating         0          40s


PODS UPDATE: seldon          fixed-default-0-classifier-85f6fbd55-2bpxk                        2/2     Terminating         0          90s


PODS UPDATE: seldon          fixed-default-0-classifier-7d949bbf94-7bhz8                       0/2     Pending             0          0s


PODS UPDATE: seldon          fixed-default-0-classifier-7d949bbf94-7bhz8                       0/2     Pending             0          0s


PODS UPDATE: seldon          fixed-default-0-classifier-7d949bbf94-qwxr5                       0/2     Pending             0          0s


PODS UPDATE: seldon          fixed-default-0-classifier-7d949bbf94-qwxr5                       0/2     Pending             0          0s


PODS UPDATE: seldon          fixed-default-0-classifier-7d949bbf94-7bhz8                       0/2     ContainerCreating   0          0s


PODS UPDATE: seldon          fixed-default-0-classifier-7d949bbf94-qwxr5                       0/2     ContainerCreating   0          0s


PODS UPDATE: seldon          fixed-default-0-classifier-7d949bbf94-qwxr5                       0/2     Running             0          1s


PODS UPDATE: seldon          fixed-default-0-classifier-7d949bbf94-7bhz8                       0/2     Running             0          1s


PODS UPDATE: seldon          fixed-default-0-classifier-7d949bbf94-c7zg2                       0/2     Terminating         0          2m6s


PODS UPDATE: seldon          fixed-default-0-classifier-7d949bbf94-c7zg2                       0/2     Terminating         0          2m6s


PODS UPDATE: seldon          fixed-default-0-classifier-85f6fbd55-2bpxk                        1/2     Terminating         0          100s


PODS UPDATE: seldon          fixed-default-0-classifier-85f6fbd55-jkjn6                        1/2     Terminating         0          75s


PODS UPDATE: seldon          fixed-default-0-classifier-85f6fbd55-ljjhd                        1/2     Terminating         0          50s


PODS UPDATE: seldon          fixed-default-0-classifier-85f6fbd55-ljjhd                        0/2     Terminating         0          52s


PODS UPDATE: seldon          fixed-default-0-classifier-85f6fbd55-2bpxk                        0/2     Terminating         0          102s


PODS UPDATE: seldon          fixed-default-0-classifier-85f6fbd55-2bpxk                        0/2     Terminating         0          102s


PODS UPDATE: seldon          fixed-default-0-classifier-85f6fbd55-jkjn6                        0/2     Terminating         0          77s


PODS UPDATE: seldon          fixed-default-0-classifier-85f6fbd55-ljjhd                        0/2     Terminating         0          53s


PODS UPDATE: seldon          fixed-default-0-classifier-85f6fbd55-ljjhd                        0/2     Terminating         0          53s


PODS UPDATE: seldon          fixed-default-0-classifier-85f6fbd55-jkjn6                        0/2     Terminating         0          78s


PODS UPDATE: seldon          fixed-default-0-classifier-85f6fbd55-jkjn6                        0/2     Terminating         0          78s


PODS UPDATE: seldon          fixed-default-0-classifier-85f6fbd55-2bpxk                        0/2     Terminating         0          104s


PODS UPDATE: seldon          fixed-default-0-classifier-85f6fbd55-2bpxk                        0/2     Terminating         0          104s


PODS UPDATE: seldon          fixed-default-0-classifier-7d949bbf94-qwxr5                       1/2     Running             0          23s


PODS UPDATE: seldon          fixed-default-0-classifier-7d949bbf94-qwxr5                       2/2     Running             0          23s


PODS UPDATE: seldon          fixed-default-0-classifier-7d949bbf94-7bhz8                       1/2     Running             0          24s


PODS UPDATE: seldon          fixed-default-0-classifier-7d949bbf94-7bhz8                       2/2     Running             0          24s


PODS UPDATE: seldon          fixed-default-0-classifier-7d949bbf94-zrxtb                       0/2     Pending             0          0s


PODS UPDATE: seldon          fixed-default-0-classifier-7d949bbf94-9pzz5                       0/2     Pending             0          0s


PODS UPDATE: seldon          fixed-default-0-classifier-7d949bbf94-zrxtb                       0/2     Pending             0          0s


PODS UPDATE: seldon          fixed-default-0-classifier-7d949bbf94-9pzz5                       0/2     Pending             0          0s


PODS UPDATE: seldon          fixed-default-0-classifier-7d949bbf94-zrxtb                       0/2     ContainerCreating   0          0s


PODS UPDATE: seldon          fixed-default-0-classifier-7d949bbf94-9pzz5                       0/2     ContainerCreating   0          0s


PODS UPDATE: seldon          fixed-default-0-classifier-7d949bbf94-9pzz5                       0/2     Running             0          1s


PODS UPDATE: seldon          fixed-default-0-classifier-7d949bbf94-zrxtb                       0/2     Running             0          1s


PODS UPDATE: seldon          fixed-default-0-classifier-7d949bbf94-zrxtb                       0/2     Terminating         0          5s


PODS UPDATE: seldon          fixed-default-0-classifier-7d949bbf94-9pzz5                       0/2     Terminating         0          5s


PODS UPDATE: seldon          fixed-default-0-classifier-7d949bbf94-9pzz5                       0/2     Terminating         0          17s


PODS UPDATE: seldon          fixed-default-0-classifier-7d949bbf94-zrxtb                       0/2     Terminating         0          17s


PODS UPDATE: seldon          fixed-default-0-classifier-7d949bbf94-9pzz5                       0/2     Terminating         0          18s


PODS UPDATE: seldon          fixed-default-0-classifier-7d949bbf94-9pzz5                       0/2     Terminating         0          18s


PODS UPDATE: seldon          fixed-default-0-classifier-7d949bbf94-zrxtb                       0/2     Terminating         0          18s


PODS UPDATE: seldon          fixed-default-0-classifier-7d949bbf94-zrxtb                       0/2     Terminating         0          18s


PODS UPDATE: seldon          fixed-default-0-classifier-7d949bbf94-7bhz8                       2/2     Terminating         0          55s


PODS UPDATE: seldon          fixed-default-0-classifier-7d949bbf94-qwxr5                       2/2     Terminating         0          55s


PODS UPDATE: seldon          fixed-default-svc-orch-7c9598bf5f-nrq9m                           0/1     Pending             0          0s


PODS UPDATE: seldon          fixed-default-svc-orch-7c9598bf5f-nrq9m                           0/1     Pending             0          0s


PODS UPDATE: seldon          fixed-default-0-classifier-6d6ff4769c-s7vxv                       0/1     Pending             0          0s


PODS UPDATE: seldon          fixed-default-0-classifier-6d6ff4769c-s7vxv                       0/1     Pending             0          0s


PODS UPDATE: seldon          fixed-default-svc-orch-7c9598bf5f-nrq9m                           0/1     ContainerCreating   0          0s


PODS UPDATE: seldon          fixed-default-0-classifier-6d6ff4769c-s7vxv                       0/1     ContainerCreating   0          0s


PODS UPDATE: seldon          fixed-default-svc-orch-7c9598bf5f-nrq9m                           0/1     Running             0          1s


PODS UPDATE: seldon          fixed-default-0-classifier-6d6ff4769c-s7vxv                       0/1     Running             0          1s


PODS UPDATE: seldon          fixed-default-0-classifier-7d949bbf94-qwxr5                       0/2     Terminating         0          66s


PODS UPDATE: seldon          fixed-default-0-classifier-7d949bbf94-7bhz8                       0/2     Terminating         0          67s


PODS UPDATE: seldon          fixed-default-0-classifier-7d949bbf94-qwxr5                       0/2     Terminating         0          67s


PODS UPDATE: seldon          fixed-default-0-classifier-7d949bbf94-qwxr5                       0/2     Terminating         0          67s


PODS UPDATE: seldon          fixed-default-0-classifier-7d949bbf94-7bhz8                       0/2     Terminating         0          73s


PODS UPDATE: seldon          fixed-default-0-classifier-7d949bbf94-7bhz8                       0/2     Terminating         0          73s


PODS UPDATE: seldon          fixed-default-0-classifier-6d6ff4769c-s7vxv                       1/1     Running             0          21s


PODS UPDATE: seldon          fixed-default-svc-orch-7c9598bf5f-nrq9m                           1/1     Running             0          21s


PODS UPDATE: seldon          fixed-default-0-classifier-95b666b47-qgqxj                        0/1     Pending             0          0s


PODS UPDATE: seldon          fixed-default-svc-orch-cd5949b5f-2xb27                            0/1     Pending             0          0s


PODS UPDATE: seldon          fixed-default-svc-orch-cd5949b5f-2xb27                            0/1     Pending             0          0s


PODS UPDATE: seldon          fixed-default-0-classifier-95b666b47-qgqxj                        0/1     Pending             0          0s


PODS UPDATE: seldon          fixed-default-svc-orch-cd5949b5f-2xb27                            0/1     ContainerCreating   0          0s


PODS UPDATE: seldon          fixed-default-0-classifier-95b666b47-qgqxj                        0/1     ContainerCreating   0          0s


PODS UPDATE: seldon          fixed-default-0-classifier-95b666b47-qgqxj                        0/1     Running             0          1s


PODS UPDATE: seldon          fixed-default-svc-orch-cd5949b5f-2xb27                            0/1     Running             0          1s


PODS UPDATE: seldon          fixed-default-0-classifier-95b666b47-qgqxj                        1/1     Running             0          21s


PODS UPDATE: seldon          fixed-default-0-classifier-6d6ff4769c-s7vxv                       1/1     Terminating         0          47s


PODS UPDATE: seldon          fixed-default-svc-orch-cd5949b5f-2xb27                            1/1     Running             0          22s


PODS UPDATE: seldon          fixed-default-svc-orch-7c9598bf5f-nrq9m                           1/1     Terminating         0          48s


PODS UPDATE: seldon          fixed-default-svc-orch-7c9598bf5f-nrq9m                           0/1     Terminating         0          49s


PODS UPDATE: seldon          fixed-default-svc-orch-7c9598bf5f-nrq9m                           0/1     Terminating         0          50s


PODS UPDATE: seldon          fixed-default-svc-orch-7c9598bf5f-nrq9m                           0/1     Terminating         0          50s


PODS UPDATE: seldon          fixed-default-0-classifier-6d6ff4769c-s7vxv                       0/1     Terminating         0          58s


PODS UPDATE: seldon          fixed-default-0-classifier-6d6ff4769c-s7vxv                       0/1     Terminating         0          59s


PODS UPDATE: seldon          fixed-default-0-classifier-95b666b47-qgqxj                        1/1     Terminating         0          33s


PODS UPDATE: seldon          fixed-default-svc-orch-cd5949b5f-2xb27                            1/1     Terminating         0          33s


PODS UPDATE: seldon          fixed-default-svc-orch-cd5949b5f-2xb27                            0/1     Terminating         0          34s


PODS UPDATE: seldon          fixed-default-svc-orch-cd5949b5f-2xb27                            0/1     Terminating         0          34s


PODS UPDATE: seldon          fixed-default-0-classifier1-7f8bbcbcf7-zps67                      0/2     Pending             0          0s


PODS UPDATE: seldon          fixed-default-1-classifier2-64c6c6997f-78c2t                      0/1     Pending             0          0s


PODS UPDATE: seldon          fixed-default-0-classifier1-7f8bbcbcf7-zps67                      0/2     Pending             0          0s


PODS UPDATE: seldon          fixed-default-1-classifier2-64c6c6997f-78c2t                      0/1     Pending             0          0s


PODS UPDATE: seldon          fixed-default-0-classifier1-7f8bbcbcf7-zps67                      0/2     ContainerCreating   0          0s


PODS UPDATE: seldon          fixed-default-1-classifier2-64c6c6997f-78c2t                      0/1     ContainerCreating   0          0s


PODS UPDATE: seldon          fixed-default-svc-orch-cd5949b5f-2xb27                            0/1     Terminating         0          38s


PODS UPDATE: seldon          fixed-default-svc-orch-cd5949b5f-2xb27                            0/1     Terminating         0          38s


PODS UPDATE: seldon          fixed-default-0-classifier-6d6ff4769c-s7vxv                       0/1     Terminating         0          64s


PODS UPDATE: seldon          fixed-default-0-classifier-6d6ff4769c-s7vxv                       0/1     Terminating         0          64s


PODS UPDATE: seldon          fixed-default-1-classifier2-64c6c6997f-78c2t                      0/1     Running             0          1s


PODS UPDATE: seldon          fixed-default-0-classifier1-7f8bbcbcf7-zps67                      0/2     Running             0          2s


PODS UPDATE: seldon          fixed-default-0-classifier-95b666b47-qgqxj                        0/1     Terminating         0          44s


PODS UPDATE: seldon          fixed-default-0-classifier-95b666b47-qgqxj                        0/1     Terminating         0          48s


PODS UPDATE: seldon          fixed-default-0-classifier-95b666b47-qgqxj                        0/1     Terminating         0          48s


PODS UPDATE: seldon          fixed-default-0-classifier1-7f8bbcbcf7-zps67                      1/2     Running             0          21s


PODS UPDATE: seldon          fixed-default-1-classifier2-64c6c6997f-78c2t                      1/1     Running             0          23s


PODS UPDATE: seldon          fixed-default-0-classifier1-7f8bbcbcf7-zps67                      2/2     Running             0          27s


PODS UPDATE: seldon          fixed-default-0-classifier1-bf9fcbd55-tjzll                       0/2     Pending             0          0s


PODS UPDATE: seldon          fixed-default-0-classifier1-bf9fcbd55-tjzll                       0/2     Pending             0          0s


PODS UPDATE: seldon          fixed-default-1-classifier2-55ddcb5955-cq5nx                      0/1     Pending             0          0s


PODS UPDATE: seldon          fixed-default-1-classifier2-55ddcb5955-cq5nx                      0/1     Pending             0          0s


PODS UPDATE: seldon          fixed-default-0-classifier1-bf9fcbd55-tjzll                       0/2     ContainerCreating   0          0s


PODS UPDATE: seldon          fixed-default-1-classifier2-55ddcb5955-cq5nx                      0/1     ContainerCreating   0          0s


PODS UPDATE: seldon          fixed-default-1-classifier2-55ddcb5955-cq5nx                      0/1     Running             0          1s


PODS UPDATE: seldon          fixed-default-0-classifier1-bf9fcbd55-tjzll                       0/2     Running             0          1s


PODS UPDATE: seldon          fixed-default-1-classifier2-55ddcb5955-cq5nx                      1/1     Running             0          23s


PODS UPDATE: seldon          fixed-default-1-classifier2-64c6c6997f-78c2t                      1/1     Terminating         0          55s


PODS UPDATE: seldon          fixed-default-0-classifier1-bf9fcbd55-tjzll                       1/2     Running             0          24s


PODS UPDATE: seldon          fixed-default-0-classifier1-bf9fcbd55-tjzll                       2/2     Running             0          25s


PODS UPDATE: seldon          fixed-default-0-classifier1-7f8bbcbcf7-zps67                      2/2     Terminating         0          57s


PODS UPDATE: seldon          fixed-default-1-classifier2-64c6c6997f-78c2t                      0/1     Terminating         0          67s


PODS UPDATE: seldon          fixed-default-1-classifier2-64c6c6997f-78c2t                      0/1     Terminating         0          68s


PODS UPDATE: seldon          fixed-default-1-classifier2-55ddcb5955-cq5nx                      1/1     Terminating         0          37s


PODS UPDATE: seldon          fixed-default-0-classifier1-bf9fcbd55-tjzll                       2/2     Terminating         0          37s


PODS UPDATE: seldon          fixed-default-0-classifier1-7f8bbcbcf7-zps67                      0/2     Terminating         0          69s


PODS UPDATE: seldon          fixed-default-1-classifier2-64c6c6997f-78c2t                      0/1     Terminating         0          71s


PODS UPDATE: seldon          fixed-default-1-classifier2-64c6c6997f-78c2t                      0/1     Terminating         0          71s


PODS UPDATE: seldon          fixed-default-0-classifier-classifier2-6cccd9cdf5-c62fs           0/3     Pending             0          0s


PODS UPDATE: seldon          fixed-default-0-classifier-classifier2-6cccd9cdf5-nhdmw           0/3     Pending             0          0s


PODS UPDATE: seldon          fixed-default-0-classifier-classifier2-6cccd9cdf5-dm64x           0/3     Pending             0          0s


PODS UPDATE: seldon          fixed-default-0-classifier-classifier2-6cccd9cdf5-c62fs           0/3     Pending             0          0s


PODS UPDATE: seldon          fixed-default-0-classifier-classifier2-6cccd9cdf5-nhdmw           0/3     Pending             0          0s


PODS UPDATE: seldon          fixed-default-0-classifier-classifier2-6cccd9cdf5-dm64x           0/3     Pending             0          0s


PODS UPDATE: seldon          fixed-default-0-classifier-classifier2-6cccd9cdf5-c62fs           0/3     ContainerCreating   0          0s


PODS UPDATE: seldon          fixed-default-0-classifier-classifier2-6cccd9cdf5-nhdmw           0/3     ContainerCreating   0          0s


PODS UPDATE: seldon          fixed-default-0-classifier-classifier2-6cccd9cdf5-dm64x           0/3     ContainerCreating   0          0s


PODS UPDATE: seldon          fixed-default-0-classifier-classifier2-6cccd9cdf5-c62fs           0/3     Running             0          1s


PODS UPDATE: seldon          fixed-default-0-classifier-classifier2-6cccd9cdf5-dm64x           0/3     Running             0          2s


PODS UPDATE: seldon          fixed-default-0-classifier-classifier2-6cccd9cdf5-nhdmw           0/3     Running             0          2s


PODS UPDATE: seldon          fixed-default-0-classifier1-bf9fcbd55-tjzll                       0/2     Terminating         0          48s


PODS UPDATE: seldon          fixed-default-0-classifier1-7f8bbcbcf7-zps67                      0/2     Terminating         0          81s


PODS UPDATE: seldon          fixed-default-0-classifier1-7f8bbcbcf7-zps67                      0/2     Terminating         0          81s


PODS UPDATE: seldon          fixed-default-1-classifier2-55ddcb5955-cq5nx                      0/1     Terminating         0          49s


PODS UPDATE: seldon          fixed-default-0-classifier1-bf9fcbd55-tjzll                       0/2     Terminating         0          49s


PODS UPDATE: seldon          fixed-default-0-classifier1-bf9fcbd55-tjzll                       0/2     Terminating         0          49s


PODS UPDATE: seldon          fixed-default-1-classifier2-55ddcb5955-cq5nx                      0/1     Terminating         0          59s


PODS UPDATE: seldon          fixed-default-1-classifier2-55ddcb5955-cq5nx                      0/1     Terminating         0          59s


PODS UPDATE: seldon          fixed-default-0-classifier-classifier2-6cccd9cdf5-c62fs           1/3     Running             0          21s


PODS UPDATE: seldon          fixed-default-0-classifier-classifier2-6cccd9cdf5-nhdmw           1/3     Running             0          21s


PODS UPDATE: seldon          fixed-default-0-classifier-classifier2-6cccd9cdf5-c62fs           2/3     Running             0          22s


PODS UPDATE: seldon          fixed-default-0-classifier-classifier2-6cccd9cdf5-dm64x           1/3     Running             0          22s


PODS UPDATE: seldon          fixed-default-0-classifier-classifier2-6cccd9cdf5-nhdmw           2/3     Running             0          22s


PODS UPDATE: seldon          fixed-default-0-classifier-classifier2-6cccd9cdf5-dm64x           2/3     Running             0          23s


PODS UPDATE: seldon          fixed-default-0-classifier-classifier2-6cccd9cdf5-nhdmw           3/3     Running             0          24s


PODS UPDATE: seldon          fixed-default-0-classifier-classifier2-6cccd9cdf5-c62fs           3/3     Running             0          25s


PODS UPDATE: seldon          fixed-default-0-classifier-classifier2-6cccd9cdf5-dm64x           3/3     Running             0          25s


PODS UPDATE: seldon          fixed-default-0-classifier-classifier2-6b8987cb9f-5k5vc           0/3     Pending             0          0s


PODS UPDATE: seldon          fixed-default-0-classifier-classifier2-6b8987cb9f-5k5vc           0/3     Pending             0          0s


PODS UPDATE: seldon          fixed-default-0-classifier-classifier2-6b8987cb9f-5k5vc           0/3     ContainerCreating   0          1s


PODS UPDATE: seldon          fixed-default-0-classifier-classifier2-6b8987cb9f-5k5vc           0/3     Running             0          2s


PODS UPDATE: seldon          fixed-default-0-classifier-classifier2-6b8987cb9f-5k5vc           1/3     Running             0          21s


PODS UPDATE: seldon          fixed-default-0-classifier-classifier2-6b8987cb9f-5k5vc           2/3     Running             0          24s


PODS UPDATE: seldon          fixed-default-0-classifier-classifier2-6b8987cb9f-5k5vc           3/3     Running             0          26s


PODS UPDATE: seldon          fixed-default-0-classifier-classifier2-6cccd9cdf5-c62fs           3/3     Terminating         0          56s


PODS UPDATE: seldon          fixed-default-0-classifier-classifier2-6b8987cb9f-wdm42           0/3     Pending             0          0s


PODS UPDATE: seldon          fixed-default-0-classifier-classifier2-6b8987cb9f-wdm42           0/3     Pending             0          0s


PODS UPDATE: seldon          fixed-default-0-classifier-classifier2-6b8987cb9f-wdm42           0/3     ContainerCreating   0          0s


PODS UPDATE: seldon          fixed-default-0-classifier-classifier2-6b8987cb9f-wdm42           0/3     Running             0          2s


PODS UPDATE: seldon          fixed-default-0-classifier-classifier2-6cccd9cdf5-c62fs           2/3     Terminating         0          67s


PODS UPDATE: seldon          fixed-default-0-classifier-classifier2-6cccd9cdf5-c62fs           0/3     Terminating         0          68s


PODS UPDATE: seldon          fixed-default-0-classifier-classifier2-6cccd9cdf5-c62fs           0/3     Terminating         0          78s


PODS UPDATE: seldon          fixed-default-0-classifier-classifier2-6cccd9cdf5-c62fs           0/3     Terminating         0          78s


PODS UPDATE: seldon          fixed-default-0-classifier-classifier2-6b8987cb9f-wdm42           1/3     Running             0          23s


PODS UPDATE: seldon          fixed-default-0-classifier-classifier2-6b8987cb9f-wdm42           2/3     Running             0          23s


PODS UPDATE: seldon          fixed-default-0-classifier-classifier2-6b8987cb9f-wdm42           3/3     Running             0          24s


PODS UPDATE: seldon          fixed-default-0-classifier-classifier2-6cccd9cdf5-dm64x           3/3     Terminating         0          80s


PODS UPDATE: seldon          fixed-default-0-classifier-classifier2-6b8987cb9f-b7nn8           0/3     Pending             0          0s


PODS UPDATE: seldon          fixed-default-0-classifier-classifier2-6b8987cb9f-b7nn8           0/3     Pending             0          0s


PODS UPDATE: seldon          fixed-default-0-classifier-classifier2-6b8987cb9f-b7nn8           0/3     ContainerCreating   0          0s


PODS UPDATE: seldon          fixed-default-0-classifier-classifier2-6b8987cb9f-b7nn8           0/3     Running             0          2s


PODS UPDATE: seldon          fixed-default-0-classifier-classifier2-6cccd9cdf5-dm64x           0/3     Terminating         0          93s


PODS UPDATE: seldon          fixed-default-0-classifier-classifier2-6cccd9cdf5-dm64x           0/3     Terminating         0          98s


PODS UPDATE: seldon          fixed-default-0-classifier-classifier2-6cccd9cdf5-dm64x           0/3     Terminating         0          98s


PODS UPDATE: seldon          fixed-default-0-classifier-classifier2-6b8987cb9f-b7nn8           1/3     Running             0          21s


PODS UPDATE: seldon          fixed-default-0-classifier-classifier2-6b8987cb9f-b7nn8           2/3     Running             0          21s


PODS UPDATE: seldon          fixed-default-0-classifier-classifier2-6b8987cb9f-b7nn8           3/3     Running             0          23s


PODS UPDATE: seldon          fixed-default-0-classifier-classifier2-6cccd9cdf5-nhdmw           3/3     Terminating         0          103s


PODS UPDATE: seldon          fixed-default-0-classifier-classifier2-6cccd9cdf5-nhdmw           2/3     Terminating         0          114s


PODS UPDATE: seldon          fixed-default-0-classifier-classifier2-6b8987cb9f-5k5vc           3/3     Terminating         0          85s


PODS UPDATE: seldon          fixed-default-0-classifier-classifier2-6b8987cb9f-wdm42           3/3     Terminating         0          59s


PODS UPDATE: seldon          fixed-default-0-classifier-classifier2-6b8987cb9f-b7nn8           3/3     Terminating         0          35s


PODS UPDATE: seldon          fixed-default-0-classifier-classifier2-6cccd9cdf5-nhdmw           0/3     Terminating         0          116s


PODS UPDATE: seldon          fixed-a-0-classifier-classifier2-8dfb7c7f7-rvf8j                  0/3     Pending             0          0s


PODS UPDATE: seldon          fixed-b-0-classifier-classifier2-5c77957b7c-tt8xj                 0/3     Pending             0          0s


PODS UPDATE: seldon          fixed-a-0-classifier-classifier2-8dfb7c7f7-rvf8j                  0/3     Pending             0          0s


PODS UPDATE: seldon          fixed-a-0-classifier-classifier2-8dfb7c7f7-8njl2                  0/3     Pending             0          0s


PODS UPDATE: seldon          fixed-a-0-classifier-classifier2-8dfb7c7f7-r8xlq                  0/3     Pending             0          0s


PODS UPDATE: seldon          fixed-b-0-classifier-classifier2-5c77957b7c-tt8xj                 0/3     Pending             0          0s


PODS UPDATE: seldon          fixed-a-0-classifier-classifier2-8dfb7c7f7-r8xlq                  0/3     Pending             0          0s


PODS UPDATE: seldon          fixed-a-0-classifier-classifier2-8dfb7c7f7-8njl2                  0/3     Pending             0          0s


PODS UPDATE: seldon          fixed-a-0-classifier-classifier2-8dfb7c7f7-rvf8j                  0/3     ContainerCreating   0          0s


PODS UPDATE: seldon          fixed-b-0-classifier-classifier2-5c77957b7c-tt8xj                 0/3     ContainerCreating   0          0s


PODS UPDATE: seldon          fixed-a-0-classifier-classifier2-8dfb7c7f7-r8xlq                  0/3     ContainerCreating   0          0s


PODS UPDATE: seldon          fixed-a-0-classifier-classifier2-8dfb7c7f7-8njl2                  0/3     ContainerCreating   0          0s


PODS UPDATE: seldon          fixed-a-0-classifier-classifier2-8dfb7c7f7-8njl2                  0/3     Running             0          2s


PODS UPDATE: seldon          fixed-b-0-classifier-classifier2-5c77957b7c-tt8xj                 0/3     Running             0          2s


PODS UPDATE: seldon          fixed-a-0-classifier-classifier2-8dfb7c7f7-rvf8j                  0/3     Running             0          2s


PODS UPDATE: seldon          fixed-a-0-classifier-classifier2-8dfb7c7f7-r8xlq                  0/3     Running             0          2s


PODS UPDATE: seldon          fixed-default-0-classifier-classifier2-6b8987cb9f-5k5vc           2/3     Terminating         0          96s


PODS UPDATE: seldon          fixed-default-0-classifier-classifier2-6cccd9cdf5-nhdmw           0/3     Terminating         0          2m8s


PODS UPDATE: seldon          fixed-default-0-classifier-classifier2-6cccd9cdf5-nhdmw           0/3     Terminating         0          2m8s


PODS UPDATE: seldon          fixed-default-0-classifier-classifier2-6b8987cb9f-wdm42           0/3     Terminating         0          72s


PODS UPDATE: seldon          fixed-default-0-classifier-classifier2-6b8987cb9f-b7nn8           0/3     Terminating         0          48s


PODS UPDATE: seldon          fixed-default-0-classifier-classifier2-6b8987cb9f-5k5vc           0/3     Terminating         0          98s


PODS UPDATE: seldon          fixed-default-0-classifier-classifier2-6b8987cb9f-b7nn8           0/3     Terminating         0          58s


PODS UPDATE: seldon          fixed-default-0-classifier-classifier2-6b8987cb9f-b7nn8           0/3     Terminating         0          58s


PODS UPDATE: seldon          fixed-default-0-classifier-classifier2-6b8987cb9f-5k5vc           0/3     Terminating         0          108s


PODS UPDATE: seldon          fixed-default-0-classifier-classifier2-6b8987cb9f-5k5vc           0/3     Terminating         0          108s


PODS UPDATE: seldon          fixed-default-0-classifier-classifier2-6b8987cb9f-wdm42           0/3     Terminating         0          82s


PODS UPDATE: seldon          fixed-default-0-classifier-classifier2-6b8987cb9f-wdm42           0/3     Terminating         0          82s


PODS UPDATE: seldon          fixed-a-0-classifier-classifier2-8dfb7c7f7-8njl2                  1/3     Running             0          21s


PODS UPDATE: seldon          fixed-b-0-classifier-classifier2-5c77957b7c-tt8xj                 1/3     Running             0          21s


PODS UPDATE: seldon          fixed-b-0-classifier-classifier2-5c77957b7c-tt8xj                 2/3     Running             0          22s


PODS UPDATE: seldon          fixed-a-0-classifier-classifier2-8dfb7c7f7-r8xlq                  1/3     Running             0          22s


PODS UPDATE: seldon          fixed-a-0-classifier-classifier2-8dfb7c7f7-r8xlq                  2/3     Running             0          23s


PODS UPDATE: seldon          fixed-a-0-classifier-classifier2-8dfb7c7f7-rvf8j                  1/3     Running             0          23s


PODS UPDATE: seldon          fixed-a-0-classifier-classifier2-8dfb7c7f7-rvf8j                  2/3     Running             0          24s


PODS UPDATE: seldon          fixed-a-0-classifier-classifier2-8dfb7c7f7-8njl2                  2/3     Running             0          24s


PODS UPDATE: seldon          fixed-a-0-classifier-classifier2-8dfb7c7f7-rvf8j                  3/3     Running             0          24s


PODS UPDATE: seldon          fixed-b-0-classifier-classifier2-5c77957b7c-tt8xj                 3/3     Running             0          24s


PODS UPDATE: seldon          fixed-a-0-classifier-classifier2-8dfb7c7f7-r8xlq                  3/3     Running             0          25s


PODS UPDATE: seldon          fixed-a-0-classifier-classifier2-8dfb7c7f7-8njl2                  3/3     Running             0          25s


PODS UPDATE: seldon          fixed-a-0-classifier-classifier2-5cd658bcc7-bchgq                 0/3     Pending             0          0s


PODS UPDATE: seldon          fixed-a-0-classifier-classifier2-5cd658bcc7-bchgq                 0/3     Pending             0          0s


PODS UPDATE: seldon          fixed-a-0-classifier-classifier2-5cd658bcc7-bchgq                 0/3     ContainerCreating   0          0s


PODS UPDATE: seldon          fixed-a-0-classifier-classifier2-5cd658bcc7-bchgq                 0/3     Running             0          2s


PODS UPDATE: seldon          fixed-a-0-classifier-classifier2-5cd658bcc7-bchgq                 1/3     Running             0          21s


PODS UPDATE: seldon          fixed-a-0-classifier-classifier2-5cd658bcc7-bchgq                 2/3     Running             0          21s


PODS UPDATE: seldon          fixed-a-0-classifier-classifier2-5cd658bcc7-bchgq                 3/3     Running             0          23s


PODS UPDATE: seldon          fixed-a-0-classifier-classifier2-8dfb7c7f7-r8xlq                  3/3     Terminating         0          53s


PODS UPDATE: seldon          fixed-a-0-classifier-classifier2-5cd658bcc7-gnwgm                 0/3     Pending             0          0s


PODS UPDATE: seldon          fixed-a-0-classifier-classifier2-5cd658bcc7-gnwgm                 0/3     Pending             0          0s


PODS UPDATE: seldon          fixed-a-0-classifier-classifier2-5cd658bcc7-gnwgm                 0/3     ContainerCreating   0          0s


PODS UPDATE: seldon          fixed-a-0-classifier-classifier2-5cd658bcc7-gnwgm                 0/3     Running             0          2s


PODS UPDATE: seldon          fixed-a-0-classifier-classifier2-8dfb7c7f7-r8xlq                  0/3     Terminating         0          65s


PODS UPDATE: seldon          fixed-a-0-classifier-classifier2-8dfb7c7f7-r8xlq                  0/3     Terminating         0          65s


PODS UPDATE: seldon          fixed-a-0-classifier-classifier2-8dfb7c7f7-r8xlq                  0/3     Terminating         0          66s


PODS UPDATE: seldon          fixed-a-0-classifier-classifier2-8dfb7c7f7-r8xlq                  0/3     Terminating         0          66s


PODS UPDATE: seldon          fixed-a-0-classifier-classifier2-5cd658bcc7-gnwgm                 1/3     Running             0          21s


PODS UPDATE: seldon          fixed-a-0-classifier-classifier2-5cd658bcc7-gnwgm                 2/3     Running             0          23s


PODS UPDATE: seldon          fixed-a-0-classifier-classifier2-5cd658bcc7-gnwgm                 3/3     Running             0          23s


PODS UPDATE: seldon          fixed-a-0-classifier-classifier2-8dfb7c7f7-8njl2                  3/3     Terminating         0          76s


PODS UPDATE: seldon          fixed-a-0-classifier-classifier2-5cd658bcc7-xlpzs                 0/3     Pending             0          0s


PODS UPDATE: seldon          fixed-a-0-classifier-classifier2-5cd658bcc7-xlpzs                 0/3     Pending             0          0s


PODS UPDATE: seldon          fixed-a-0-classifier-classifier2-5cd658bcc7-xlpzs                 0/3     ContainerCreating   0          0s


PODS UPDATE: seldon          fixed-a-0-classifier-classifier2-5cd658bcc7-xlpzs                 0/3     Running             0          2s


PODS UPDATE: seldon          fixed-a-0-classifier-classifier2-8dfb7c7f7-8njl2                  0/3     Terminating         0          88s


PODS UPDATE: seldon          fixed-a-0-classifier-classifier2-8dfb7c7f7-8njl2                  0/3     Terminating         0          88s


PODS UPDATE: seldon          fixed-a-0-classifier-classifier2-8dfb7c7f7-8njl2                  0/3     Terminating         0          98s


PODS UPDATE: seldon          fixed-a-0-classifier-classifier2-8dfb7c7f7-8njl2                  0/3     Terminating         0          98s


PODS UPDATE: seldon          fixed-a-0-classifier-classifier2-5cd658bcc7-xlpzs                 1/3     Running             0          24s


PODS UPDATE: seldon          fixed-a-0-classifier-classifier2-5cd658bcc7-xlpzs                 2/3     Running             0          24s


PODS UPDATE: seldon          fixed-a-0-classifier-classifier2-5cd658bcc7-xlpzs                 3/3     Running             0          25s


PODS UPDATE: seldon          fixed-a-0-classifier-classifier2-8dfb7c7f7-rvf8j                  3/3     Terminating         0          101s


PODS UPDATE: seldon          fixed-a-0-classifier-classifier2-5cd658bcc7-gnwgm                 3/3     Terminating         0          59s


PODS UPDATE: seldon          fixed-a-0-classifier-classifier2-5cd658bcc7-bchgq                 3/3     Terminating         0          82s


PODS UPDATE: seldon          fixed-a-0-classifier-classifier2-5cd658bcc7-xlpzs                 3/3     Terminating         0          36s


PODS UPDATE: seldon          fixed-b-0-classifier-classifier2-5c77957b7c-tt8xj                 3/3     Terminating         0          112s


PODS UPDATE: seldon          fixed-a-0-classifier-classifier2-8dfb7c7f7-rvf8j                  0/3     Terminating         0          113s


PODS UPDATE: seldon          fixed-a-0-classifier-classifier2-8dfb7c7f7-rvf8j                  0/3     Terminating         0          114s


PODS UPDATE: seldon          fixed-a-0-classifier-classifier2-8dfb7c7f7-rvf8j                  0/3     Terminating         0          114s


PODS UPDATE: seldon          fixed-default-0-classifier-7d949bbf94-4rwb2                       0/2     Pending             0          0s


PODS UPDATE: seldon          fixed-default-0-classifier-7d949bbf94-4rwb2                       0/2     Pending             0          0s


PODS UPDATE: seldon          fixed-default-0-classifier-7d949bbf94-6bnm6                       0/2     Pending             0          0s


PODS UPDATE: seldon          fixed-default-0-classifier-7d949bbf94-dqkk2                       0/2     Pending             0          0s


PODS UPDATE: seldon          fixed-default-0-classifier-7d949bbf94-6bnm6                       0/2     Pending             0          0s


PODS UPDATE: seldon          fixed-default-0-classifier-7d949bbf94-dqkk2                       0/2     Pending             0          0s


PODS UPDATE: seldon          fixed-default-0-classifier-7d949bbf94-4rwb2                       0/2     ContainerCreating   0          0s


PODS UPDATE: seldon          fixed-default-0-classifier-7d949bbf94-6bnm6                       0/2     ContainerCreating   0          0s


PODS UPDATE: seldon          fixed-default-0-classifier-7d949bbf94-dqkk2                       0/2     ContainerCreating   0          0s


PODS UPDATE: seldon          fixed-default-0-classifier-7d949bbf94-dqkk2                       0/2     Running             0          2s


PODS UPDATE: seldon          fixed-default-0-classifier-7d949bbf94-6bnm6                       0/2     Running             0          2s


PODS UPDATE: seldon          fixed-default-0-classifier-7d949bbf94-4rwb2                       0/2     Running             0          2s


PODS UPDATE: seldon          fixed-b-0-classifier-classifier2-5c77957b7c-tt8xj                 0/3     Terminating         0          2m4s


PODS UPDATE: seldon          fixed-b-0-classifier-classifier2-5c77957b7c-tt8xj                 0/3     Terminating         0          2m4s


PODS UPDATE: seldon          fixed-a-0-classifier-classifier2-5cd658bcc7-bchgq                 0/3     Terminating         0          94s


PODS UPDATE: seldon          fixed-a-0-classifier-classifier2-5cd658bcc7-bchgq                 0/3     Terminating         0          94s


PODS UPDATE: seldon          fixed-a-0-classifier-classifier2-5cd658bcc7-gnwgm                 0/3     Terminating         0          71s


PODS UPDATE: seldon          fixed-a-0-classifier-classifier2-5cd658bcc7-xlpzs                 0/3     Terminating         0          49s


PODS UPDATE: seldon          fixed-a-0-classifier-classifier2-5cd658bcc7-xlpzs                 0/3     Terminating         0          49s


PODS UPDATE: seldon          fixed-b-0-classifier-classifier2-5c77957b7c-tt8xj                 0/3     Terminating         0          2m6s


PODS UPDATE: seldon          fixed-b-0-classifier-classifier2-5c77957b7c-tt8xj                 0/3     Terminating         0          2m6s


PODS UPDATE: seldon          fixed-a-0-classifier-classifier2-5cd658bcc7-xlpzs                 0/3     Terminating         0          51s


PODS UPDATE: seldon          fixed-a-0-classifier-classifier2-5cd658bcc7-xlpzs                 0/3     Terminating         0          51s


PODS UPDATE: seldon          fixed-a-0-classifier-classifier2-5cd658bcc7-bchgq                 0/3     Terminating         0          97s


PODS UPDATE: seldon          fixed-a-0-classifier-classifier2-5cd658bcc7-bchgq                 0/3     Terminating         0          97s


PODS UPDATE: seldon          fixed-a-0-classifier-classifier2-5cd658bcc7-gnwgm                 0/3     Terminating         0          75s


PODS UPDATE: seldon          fixed-a-0-classifier-classifier2-5cd658bcc7-gnwgm                 0/3     Terminating         0          75s


PODS UPDATE: seldon          fixed-default-0-classifier-7d949bbf94-dqkk2                       1/2     Running             0          PASSED
test_notebooks.py::TestNotebooks::test_ambassador_canary [NbConvertApp] Converting notebook ../../examples/ambassador/canary/ambassador_canary.ipynb to script
[NbConvertApp] Writing 5252 bytes to ../../examples/ambassador/canary/ambassador_canary.py
21s


PODS UPDATE: seldon          fixed-default-0-classifier-7d949bbf94-6bnm6                       1/2     Running             0          21s


PODS UPDATE: seldon          fixed-default-0-classifier-7d949bbf94-4rwb2                       1/2     Running             0          23s


PODS UPDATE: seldon          fixed-default-0-classifier-7d949bbf94-dqkk2                       2/2     Running             0          23s


PODS UPDATE: seldon          fixed-default-0-classifier-7d949bbf94-4rwb2                       2/2     Running             0          25s


PODS UPDATE: seldon          fixed-default-0-classifier-7d949bbf94-6bnm6                       2/2     Running             0          25s


PODS UPDATE: seldon          fixed-default-0-classifier2-7f5b6498c4-qvk55                      0/2     Pending             0          0s


PODS UPDATE: seldon          fixed-default-0-classifier2-7f5b6498c4-qvk55                      0/2     Pending             0          0s


PODS UPDATE: seldon          fixed-default-0-classifier2-7f5b6498c4-z8wlp                      0/2     Pending             0          0s


PODS UPDATE: seldon          fixed-default-0-classifier2-7f5b6498c4-2tc4v                      0/2     Pending             0          0s


PODS UPDATE: seldon          fixed-default-0-classifier2-7f5b6498c4-z8wlp                      0/2     Pending             0          0s


PODS UPDATE: seldon          fixed-default-0-classifier2-7f5b6498c4-2tc4v                      0/2     Pending             0          0s


PODS UPDATE: seldon          fixed-default-0-classifier2-7f5b6498c4-qvk55                      0/2     ContainerCreating   0          0s


PODS UPDATE: seldon          fixed-default-0-classifier2-7f5b6498c4-z8wlp                      0/2     ContainerCreating   0          0s


PODS UPDATE: seldon          fixed-default-0-classifier2-7f5b6498c4-2tc4v                      0/2     ContainerCreating   0          0s


PODS UPDATE: seldon          fixed-default-0-classifier2-7f5b6498c4-qvk55                      0/2     Running             0          1s


PODS UPDATE: seldon          fixed-default-0-classifier2-7f5b6498c4-z8wlp                      0/2     Running             0          2s


PODS UPDATE: seldon          fixed-default-0-classifier2-7f5b6498c4-2tc4v                      0/2     Running             0          2s


PODS UPDATE: seldon          fixed-default-0-classifier2-7f5b6498c4-z8wlp                      1/2     Running             0          21s


PODS UPDATE: seldon          fixed-default-0-classifier2-7f5b6498c4-2tc4v                      1/2     Running             0          24s


PODS UPDATE: seldon          fixed-default-0-classifier2-7f5b6498c4-z8wlp                      2/2     Running             0          24s


PODS UPDATE: seldon          fixed-default-0-classifier2-7f5b6498c4-qvk55                      1/2     Running             0          25s


PODS UPDATE: seldon          fixed-default-0-classifier2-7f5b6498c4-qvk55                      2/2     Running             0          25s


PODS UPDATE: seldon          fixed-default-0-classifier2-7f5b6498c4-2tc4v                      2/2     Running             0          25s


PODS UPDATE: seldon          fixed-default-0-classifier-7d949bbf94-4rwb2                       2/2     Terminating         0          56s


PODS UPDATE: seldon          fixed-default-0-classifier-7d949bbf94-6bnm6                       2/2     Terminating         0          56s


PODS UPDATE: seldon          fixed-default-0-classifier-7d949bbf94-dqkk2                       2/2     Terminating         0          56s


PODS UPDATE: seldon          fixed-default-0-classifier-7d949bbf94-dqkk2                       0/2     Terminating         0          68s


PODS UPDATE: seldon          fixed-default-0-classifier-7d949bbf94-dqkk2                       0/2     Terminating         0          68s


PODS UPDATE: seldon          fixed-default-0-classifier-7d949bbf94-6bnm6                       0/2     Terminating         0          68s


PODS UPDATE: seldon          fixed-defaultPASSED
test_notebooks.py::TestNotebooks::test_ambassador_headers [NbConvertApp] Converting notebook ../../examples/ambassador/headers/ambassador_headers.ipynb to script
[NbConvertApp] Writing 5522 bytes to ../../examples/ambassador/headers/ambassador_headers.py
-0-classifier-7d949bbf94-4rwb2                       0/2     Terminating         0          68s


PODS UPDATE: seldon          fixed-default-0-classifier-7d949bbf94-dqkk2                       0/2     Terminating         0          72s


PODS UPDATE: seldon          fixed-default-0-classifier-7d949bbf94-dqkk2                       0/2     Terminating         0          72s


PODS UPDATE: seldon          fixed-default-0-classifier-7d949bbf94-4rwb2                       0/2     Terminating         0          72s


PODS UPDATE: seldon          fixed-default-0-classifier-7d949bbf94-4rwb2                       0/2     Terminating         0          72s


PODS UPDATE: seldon          fixed-default-0-classifier-7d949bbf94-6bnm6                       0/2     Terminating         0          72s


PODS UPDATE: seldon          fixed-default-0-classifier-7d949bbf94-6bnm6                       0/2     Terminating         0          72s


PODS UPDATE: seldon          fixed-default-0-classifier2-7f5b6498c4-z8wlp                      2/2     Terminating         0          53s


PODS UPDATE: seldon          fixed-default-0-classifier2-7f5b6498c4-qvk55                      2/2     Terminating         0          53s


PODS UPDATE: seldon          fixed-default-0-classifier2-7f5b6498c4-2tc4v                      2/2     Terminating         0          53s


PODS UPDATE: seldon          example-main-0-classifier-67b4d9b4f5-l6lgv                        0/2     Pending             0          0s


PODS UPDATE: seldon          example-main-0-classifier-67b4d9b4f5-l6lgv                        0/2     Pending             0          0s


PODS UPDATE: seldon          example-main-0-classifier-67b4d9b4f5-l6lgv                        0/2     ContainerCreating   0          0s


PODS UPDATE: seldon          example-main-0-classifier-67b4d9b4f5-l6lgv                        0/2     Running             0          1s


PODS UPDATE: seldon          fixed-default-0-classifier2-7f5b6498c4-z8wlp                      1/2     Terminating         0          64s


PODS UPDATE: seldon          fixed-default-0-classifier2-7f5b6498c4-z8wlp                      0/2     Terminating         0          64s


PODS UPDATE: seldon          fixed-default-0-classifier2-7f5b6498c4-2tc4v                      0/2     Terminating         0          64s


PODS UPDATE: seldon          fixed-default-0-classifier2-7f5b6498c4-qvk55                      0/2     Terminating         0          64s


PODS UPDATE: seldon          fixed-default-0-classifier2-7f5b6498c4-z8wlp                      0/2     Terminating         0          65s


PODS UPDATE: seldon          fixed-default-0-classifier2-7f5b6498c4-2tc4v                      0/2     Terminating         0          65s


PODS UPDATE: seldon          fixed-default-0-classifier2-7f5b6498c4-2tc4v                      0/2     Terminating         0          66s


PODS UPDATE: seldon          fixed-default-0-classifier2-7f5b6498c4-2tc4v                      0/2     Terminating         0          66s


PODS UPDATE: seldon          fixed-default-0-classifier2-7f5b6498c4-z8wlp                      0/2     Terminating         0          72s


PODS UPDATE: seldon          fixed-default-0-classifier2-7f5b6498c4-z8wlp                      0/2     Terminating         0          72s


PODS UPDATE: seldon          fixed-default-0-classifier2-7f5b6498c4-qvk55                      0/2     Terminating         0          72s


PODS UPDATE: seldon          fixed-default-0-classifier2-7f5b6498c4-qvk55                      0/2     Terminating         0          72s


PODS UPDATE: seldon          example-main-0-classifier-67b4d9b4f5-l6lgv                        1/2     Running             0          21s


PODS UPDATE: seldon          example-main-0-classifier-67b4d9b4f5-l6lgv                        2/2     Running             0          23s


PODS UPDATE: seldon          example-canary-0-classifier-5b778f7d98-rqzht                      0/2     Pending             0          0s


PODS UPDATE: seldon          example-canary-0-classifier-5b778f7d98-rqzht                      0/2     Pending             0          0s


PODS UPDATE: seldon          example-canary-0-classifier-5b778f7d98-rqzht                      0/2     ContainerCreating   0          0s


PODS UPDATE: seldon          example-canary-0-classifier-5b778f7d98-rqzht                      0/2     Running             0          1s


PODS UPDATE: seldon          example-canary-0-classifier-5b778f7d98-rqzht                      1/2     Running             0          21s


PODS UPDATE: seldon          example-canary-0-classifier-5b778f7d98-rqzht                      2/2     Running             0          24s


PODS UPDATE: seldon          example-main-0-classifier-67b4d9b4f5-l6lgv                        2/2     Terminating         0          73s


PODS UPDATE: seldon          example-canary-0-classifier-5b778f7d98-rqzht                      2/2     Terminating         0          42s


PODS UPDATE: seldon          example-main-0-classifier-67b4d9b4f5-l6lgv                        0/2     Terminating         0          75s


PODS UPDATE: seldon          example-main-0-classifier-67b4d9b4f5-l6lgv                        0/2     Terminating         0          75s


PODS UPDATE: seldon          example-canary-0-classifier-5b778f7d98-rqzht                      0/2     Terminating         0          44s


PODS UPDATE: seldon          example-single-0-classifier-7d4c77595b-bb2dx                      0/2     Pending             0          0s


PODS UPDATE: seldon          example-single-0-classifier-7d4c77595b-bb2dx                      0/2     Pending             0          0s


PODS UPDATE: seldon          example-single-0-classifier-7d4c77595b-bb2dx                      0/2     ContainerCreating   0          0s


PODS UPDATE: seldon          example-single-0-classifier-7d4c77595b-bb2dx                      0/2     Running             0          1s


PODS UPDATE: seldon          example-canary-0-classifier-5b778f7d98-rqzht                      0/2     Terminating         0          52s


PODS UPDATE: seldon          example-canary-0-classifier-5b778f7d98-rqzht                      0/2     Terminating         0          52s


PODS UPDATE: seldon          example-main-0-classifier-67b4d9b4f5-l6lgv                        0/2     Terminating         0          83s


PODS UPDATE: seldon          example-main-0-classifier-67b4d9b4f5-l6lgv                        0/2     Terminating         0          83s

PASSED
test_notebooks.py::TestNotebooks::test_ambassador_shadow [NbConvertApp] Converting notebook ../../examples/ambassador/shadow/ambassador_shadow.ipynb to script
[NbConvertApp] Writing 5293 bytes to ../../examples/ambassador/shadow/ambassador_shadow.py
PASSED
test_notebooks.py::TestNotebooks::test_ambassador_custom [NbConvertApp] Converting notebook ../../examples/ambassador/custom/ambassador_custom.ipynb to script
[NbConvertApp] Writing 3668 bytes to ../../examples/ambassador/custom/ambassador_custom.py
PASSED
test_notebooks.py::TestNotebooks::test_keda_prom_auto_scale [NbConvertApp] Converting notebook ../../examples/keda/keda_prom_auto_scale.ipynb to script
[NbConvertApp] Writing 6315 bytes to ../../examples/keda/keda_prom_auto_scale.py
PASSED
test_notebooks.py::TestNotebooks::test_metrics [NbConvertApp] Converting notebook ../../examples/models/metrics/metrics.ipynb to script
[NbConvertApp] Writing 7647 bytes to ../../examples/models/metrics/metrics.py
PASSED
test_notebooks.py::TestNotebooks::test_metadata [NbConvertApp] Converting notebook ../../examples/models/metadata/metadata.ipynb to script
[NbConvertApp] Writing 10424 bytes to ../../examples/models/metadata/metadata.py
PASSED
test_notebooks.py::TestNotebooks::test_graph_metadata [NbConvertApp] Converting notebook ../../examples/models/metadata/graph_metadata.ipynb to script
[NbConvertApp] Writing 26325 bytes to ../../examples/models/metadata/graph_metadata.py
PASSED
test_notebooks.py::TestNotebooks::test_grpc_metadata [NbConvertApp] Converting notebook ../../examples/models/metadata/metadata_grpc.ipynb to script
[NbConvertApp] Writing 3867 bytes to ../../examples/models/metadata/metadata_grpc.py
PASSED
test_notebooks.py::TestNotebooks::test_payload_logging [NbConvertApp] Converting notebook ../../examples/models/payload_logging/payload_logging.ipynb to script
[NbConvertApp] Writing 3699 bytes to ../../examples/models/payload_logging/payload_logging.py
PASSED
test_notebooks.py::TestNotebooks::test_custom_metrics [NbConvertApp] Converting notebook ../../examples/models/custom_metrics/customMetrics.ipynb to script
[NbConvertApp] Writing 3714 bytes to ../../examples/models/custom_metrics/customMetrics.py
seldondeployment.machinelearning.seldon.io "example-custom" deleted
seldondeployment.machinelearning.seldon.io "model-long-timeout" deleted
seldondeployment.machinelearning.seldon.io "seldon-model" deleted
release "seldon-core-analytics" uninstalled
[NbConvertApp] Converting notebook ../../examples/models/custom_metrics/customMetrics.ipynb to script
[NbConvertApp] Writing 3714 bytes to ../../examples/models/custom_metrics/customMetrics.py
seldondeployment.machinelearning.seldon.io "seldon-model" deleted
release "seldon-core-analytics" uninstalled
FAILED
test_notebooks.py::TestNotebooks::test_autoscaling [NbConvertApp] Converting notebook ../../examples/models/autoscaling/autoscaling_example.ipynb to script
[NbConvertApp] Writing 3975 bytes to ../../examples/models/autoscaling/autoscaling_example.py
PASSED
test_notebooks.py::TestNotebooks::test_scaling [NbConvertApp] Converting notebook ../../notebooks/scale.ipynb to script
[NbConvertApp] Writing 6495 bytes to ../../notebooks/scale.py
PASSED
test_notebooks.py::TestNotebooks::test_jsondata [NbConvertApp] Converting notebook ../../examples/models/sklearn_iris_jsondata/sklearn_iris_jsondata.ipynb to script
[NbConvertApp] Writing 3415 bytes to ../../examples/models/sklearn_iris_jsondata/sklearn_iris_jsondata.py
PASSED
test_notebooks.py::TestNotebooks::test_sklearn_iris [NbConvertApp] Converting notebook ../../examples/models/sklearn_iris/sklearn_iris.ipynb to script
[NbConvertApp] Writing 3043 bytes to ../../examples/models/sklearn_iris/sklearn_iris.py
PASSED
test_notebooks.py::TestNotebooks::test_custom_metrics_server [NbConvertApp] Converting notebook ../../examples/feedback/metrics-server/README.ipynb to script
[NbConvertApp] Writing 7911 bytes to ../../examples/feedback/metrics-server/README.py
PASSED
test_notebooks.py::TestNotebooks::test_upgrade [NbConvertApp] Converting notebook ../../notebooks/operator_upgrade.ipynb to script
[NbConvertApp] Writing 7080 bytes to ../../notebooks/operator_upgrade.py
PASSED
test_notebooks.py::TestNotebooks::test_disruption_budgets [NbConvertApp] Converting notebook ../../examples/models/disruption_budgets/pdbs_example.ipynb to script
[NbConvertApp] Writing 3368 bytes to ../../examples/models/disruption_budgets/pdbs_example.py
PASSED

=================================== FAILURES ===================================
______________________ TestNotebooks.test_custom_metrics _______________________

self = <test_notebooks.TestNotebooks object at 0x7f47b6315400>

    def test_custom_metrics(self):
        try:
            create_and_run_script(
                "../../examples/models/custom_metrics", "customMetrics"
            )
        except CalledProcessError as e:
            run(
                f"helm delete seldon-core-analytics --namespace seldon-system",
                shell=True,
                check=False,
            )
>           raise e

test_notebooks.py:137: 
_ _ _ _ _ _ _ _ _ _ _ _ _ _ _ _ _ _ _ _ _ _ _ _ _ _ _ _ _ _ _ _ _ _ _ _ _ _ _ _ 
test_notebooks.py:129: in test_custom_metrics
    "../../examples/models/custom_metrics", "customMetrics"
test_notebooks.py:27: in create_and_run_script
    raise e
test_notebooks.py:20: in create_and_run_script
    encoding="utf-8",
_ _ _ _ _ _ _ _ _ _ _ _ _ _ _ _ _ _ _ _ _ _ _ _ _ _ _ _ _ _ _ _ _ _ _ _ _ _ _ _ 

input = None, timeout = None, check = True
popenargs = ('cd ../../examples/models/custom_metrics && ./customMetrics.py',)
kwargs = {'encoding': 'utf-8', 'shell': True, 'stderr': -1, 'stdout': -1}
process = <subprocess.Popen object at 0x7f47b63152e8>
stdout = 'Context "kind-kind" modified.\n\x1b[94mapiVersion\x1b[39;49;00m: machinelearning.seldon.io/v1\n\x1b[94mkind\x1b[39;49...[0;34m\x1b[0m\x1b[0;34m\x1b[0m\x1b[0m\n\n\x1b[0;31mJSONDecodeError\x1b[0m: Expecting value: line 1 column 1 (char 0)\n'
stderr = 'Error: persistentvolumeclaims "seldon-core-analytics-prometheus-alertmanager" not found\nError from server (AlreadyEx...es SQLite, your history will not be saved\n  warn("IPython History requires SQLite, your history will not be saved")\n'
retcode = 1

    def run(*popenargs, input=None, timeout=None, check=False, **kwargs):
        """Run command with arguments and return a CompletedProcess instance.
    
        The returned instance will have attributes args, returncode, stdout and
        stderr. By default, stdout and stderr are not captured, and those attributes
        will be None. Pass stdout=PIPE and/or stderr=PIPE in order to capture them.
    
        If check is True and the exit code was non-zero, it raises a
        CalledProcessError. The CalledProcessError object will have the return code
        in the returncode attribute, and output & stderr attributes if those streams
        were captured.
    
        If timeout is given, and the process takes too long, a TimeoutExpired
        exception will be raised.
    
        There is an optional argument "input", allowing you to
        pass a string to the subprocess's stdin.  If you use this argument
        you may not also use the Popen constructor's "stdin" argument, as
        it will be used internally.
    
        The other arguments are the same as for the Popen constructor.
    
        If universal_newlines=True is passed, the "input" argument must be a
        string and stdout/stderr in the returned object will be strings rather than
        bytes.
        """
        if input is not None:
            if 'stdin' in kwargs:
                raise ValueError('stdin and input arguments may not both be used.')
            kwargs['stdin'] = PIPE
    
        with Popen(*popenargs, **kwargs) as process:
            try:
                stdout, stderr = process.communicate(input, timeout=timeout)
            except TimeoutExpired:
                process.kill()
                stdout, stderr = process.communicate()
                raise TimeoutExpired(process.args, timeout, output=stdout,
                                     stderr=stderr)
            except:
                process.kill()
                process.wait()
                raise
            retcode = process.poll()
            if check and retcode:
                raise CalledProcessError(retcode, process.args,
>                                        output=stdout, stderr=stderr)
E               subprocess.CalledProcessError: Command 'cd ../../examples/models/custom_metrics && ./customMetrics.py' returned non-zero exit status 1.

/usr/local/lib/python3.6/subprocess.py:438: CalledProcessError
------------------------------ Captured log call -------------------------------
ERROR    root:test_notebooks.py:24 failed notebook test customMetrics stdout:NAME: seldon-core-analytics
LAST DEPLOYED: Thu Jan 21 15:02:00 2021
NAMESPACE: seldon-system
STATUS: deployed
REVISION: 1
Context "kind-kind" modified.
[94mapiVersion[39;49;00m: machinelearning.seldon.io/v1
[94mkind[39;49;00m: SeldonDeployment
[94mmetadata[39;49;00m:
  [94mname[39;49;00m: seldon-model
[94mspec[39;49;00m:
  [94mname[39;49;00m: test-deployment
  [94mpredictors[39;49;00m:
  - [94mcomponentSpecs[39;49;00m:
    - [94mspec[39;49;00m:
        [94mcontainers[39;49;00m:
        - [94mimage[39;49;00m: seldonio/model-with-metrics:0.2
          [94mname[39;49;00m: classifier
    [94mgraph[39;49;00m:
      [94mchildren[39;49;00m: []
      [94mname[39;49;00m: classifier
      [94mtype[39;49;00m: MODEL
    [94mname[39;49;00m: example
    [94mreplicas[39;49;00m: 1
seldondeployment.machinelearning.seldon.io/seldon-model created
Waiting for deployment "seldon-model-example-0-classifier" rollout to finish: 0 of 1 updated replicas are available...
deployment "seldon-model-example-0-classifier" successfully rolled out
{'data': {'names': ['t:0', 't:1', 't:2'], 'ndarray': [[1.0, 2.0, 5.0]]}, 'meta': {'metrics': [{'key': 'mycounter', 'type': 'COUNTER', 'value': 1}, {'key': 'mygauge', 'type': 'GAUGE', 'value': 100}, {'key': 'mytimer', 'type': 'TIMER', 'value': 20.2}]}}
Waiting so metrics can be scraped
Overwriting get-metrics.sh
{'status': 'success', 'data': {'resultType': 'vector', 'result': [{'metric': {'__name__': 'mycounter_total', 'app': 'seldon-model-example-0-classifier', 'app_kubernetes_io_managed_by': 'seldon-core', 'deployment_name': 'seldon-model', 'fluentd': 'true', 'image_name': 'seldonio/model-with-metrics', 'image_version': '0.2', 'instance': '10.244.1.128:6000', 'job': 'kubernetes-pods', 'kubernetes_namespace': 'seldon', 'kubernetes_pod_name': 'seldon-model-example-0-classifier-64dbd69b6f-dcc22', 'method': 'predict', 'model_image': 'seldonio/model-with-metrics', 'model_name': 'classifier', 'model_version': '0.2', 'pod_template_hash': '64dbd69b6f', 'predictor_name': 'example', 'predictor_version': 'example', 'seldon_app': 'seldon-model-example', 'seldon_app_svc': 'seldon-model-example-classifier', 'seldon_deployment_id': 'seldon-model', 'seldon_deployment_name': 'seldon-model', 'seldon_io_default': 'true', 'seldon_io_model': 'true', 'version': 'example', 'worker_id': '53'}, 'value': [1611241482.786, '1']}]}}
{'meta': {'metrics': [{'key': 'mycounter', 'value': 1}, {'key': 'mygauge', 'type': 'GAUGE', 'value': 100}, {'key': 'mytimer', 'type': 'TIMER', 'value': 20.2}]}, 'data': {'names': ['t:0', 't:1', 't:2'], 'ndarray': [[1, 2, 5]]}}
Waiting so metrics can be scraped
[0;31m---------------------------------------------------------------------------[0m
[0;31mJSONDecodeError[0m                           Traceback (most recent call last)
[0;32m/workspace/source/examples/models/custom_metrics/customMetrics.py[0m in [0;36m<module>[0;34m[0m
[1;32m    223[0m [0;34m[0m[0m
[1;32m    224[0m [0;34m[0m[0m
[0;32m--> 225[0;31m [0mresponse[0m[0;34m=[0m[0mjson[0m[0;34m.[0m[0mloads[0m[0;34m([0m[0mresponseRaw[0m[0;34m[[0m[0;36m0[0m[0;34m][0m[0;34m)[0m[0;34m[0m[0;34m[0m[0m
[0m[1;32m    226[0m [0mprint[0m[0;34m([0m[0mresponse[0m[0;34m)[0m[0;34m[0m[0;34m[0m[0m
[1;32m    227[0m [0;32massert[0m[0;34m([0m[0mresponse[0m[0;34m[[0m[0;34m'data'[0m[0;34m][0m[0;34m[[0m[0;34m"result"[0m[0;34m][0m[0;34m[[0m[0;36m0[0m[0;34m][0m[0;34m[[0m[0;34m"metric"[0m[0;34m][0m[0;34m[[0m[0;34m"__name__"[0m[0;34m][0m[0;34m==[0m[0;34m'mycounter_total'[0m[0;34m)[0m[0;34m[0m[0;34m[0m[0m

[0;32m/usr/local/lib/python3.6/json/__init__.py[0m in [0;36mloads[0;34m(s, encoding, cls, object_hook, parse_float, parse_int, parse_constant, object_pairs_hook, **kw)[0m
[1;32m    352[0m             [0mparse_int[0m [0;32mis[0m [0;32mNone[0m [0;32mand[0m [0mparse_float[0m [0;32mis[0m [0;32mNone[0m [0;32mand[0m[0;34m[0m[0;34m[0m[0m
[1;32m    353[0m             parse_constant is None and object_pairs_hook is None and not kw):
[0;32m--> 354[0;31m         [0;32mreturn[0m [0m_default_decoder[0m[0;34m.[0m[0mdecode[0m[0;34m([0m[0ms[0m[0;34m)[0m[0;34m[0m[0;34m[0m[0m
[0m[1;32m    355[0m     [0;32mif[0m [0mcls[0m [0;32mis[0m [0;32mNone[0m[0;34m:[0m[0;34m[0m[0;34m[0m[0m
[1;32m    356[0m         [0mcls[0m [0;34m=[0m [0mJSONDecoder[0m[0;34m[0m[0;34m[0m[0m

[0;32m/usr/local/lib/python3.6/json/decoder.py[0m in [0;36mdecode[0;34m(self, s, _w)[0m
[1;32m    337[0m [0;34m[0m[0m
[1;32m    338[0m         """
[0;32m--> 339[0;31m         [0mobj[0m[0;34m,[0m [0mend[0m [0;34m=[0m [0mself[0m[0;34m.[0m[0mraw_decode[0m[0;34m([0m[0ms[0m[0;34m,[0m [0midx[0m[0;34m=[0m[0m_w[0m[0;34m([0m[0ms[0m[0;34m,[0m [0;36m0[0m[0;34m)[0m[0;34m.[0m[0mend[0m[0;34m([0m[0;34m)[0m[0;34m)[0m[0;34m[0m[0;34m[0m[0m
[0m[1;32m    340[0m         [0mend[0m [0;34m=[0m [0m_w[0m[0;34m([0m[0ms[0m[0;34m,[0m [0mend[0m[0;34m)[0m[0;34m.[0m[0mend[0m[0;34m([0m[0;34m)[0m[0;34m[0m[0;34m[0m[0m
[1;32m    341[0m         [0;32mif[0m [0mend[0m [0;34m!=[0m [0mlen[0m[0;34m([0m[0ms[0m[0;34m)[0m[0;34m:[0m[0;34m[0m[0;34m[0m[0m

[0;32m/usr/local/lib/python3.6/json/decoder.py[0m in [0;36mraw_decode[0;34m(self, s, idx)[0m
[1;32m    355[0m             [0mobj[0m[0;34m,[0m [0mend[0m [0;34m=[0m [0mself[0m[0;34m.[0m[0mscan_once[0m[0;34m([0m[0ms[0m[0;34m,[0m [0midx[0m[0;34m)[0m[0;34m[0m[0;34m[0m[0m
[1;32m    356[0m         [0;32mexcept[0m [0mStopIteration[0m [0;32mas[0m [0merr[0m[0;34m:[0m[0;34m[0m[0;34m[0m[0m
[0;32m--> 357[0;31m             [0;32mraise[0m [0mJSONDecodeError[0m[0;34m([0m[0;34m"Expecting value"[0m[0;34m,[0m [0ms[0m[0;34m,[0m [0merr[0m[0;34m.[0m[0mvalue[0m[0;34m)[0m [0;32mfrom[0m [0;32mNone[0m[0;34m[0m[0;34m[0m[0m
[0m[1;32m    358[0m         [0;32mreturn[0m [0mobj[0m[0;34m,[0m [0mend[0m[0;34m[0m[0;34m[0m[0m

[0;31mJSONDecodeError[0m: Expecting value: line 1 column 1 (char 0)
, stderr:Error from server (AlreadyExists): namespaces "seldon" already exists
/usr/local/lib/python3.6/site-packages/IPython/core/history.py:226: UserWarning: IPython History requires SQLite, your history will not be saved
  warn("IPython History requires SQLite, your history will not be saved")
------------------------------ Captured log call -------------------------------
ERROR    root:test_notebooks.py:24 failed notebook test customMetrics stdout:Context "kind-kind" modified.
[94mapiVersion[39;49;00m: machinelearning.seldon.io/v1
[94mkind[39;49;00m: SeldonDeployment
[94mmetadata[39;49;00m:
  [94mname[39;49;00m: seldon-model
[94mspec[39;49;00m:
  [94mname[39;49;00m: test-deployment
  [94mpredictors[39;49;00m:
  - [94mcomponentSpecs[39;49;00m:
    - [94mspec[39;49;00m:
        [94mcontainers[39;49;00m:
        - [94mimage[39;49;00m: seldonio/model-with-metrics:0.2
          [94mname[39;49;00m: classifier
    [94mgraph[39;49;00m:
      [94mchildren[39;49;00m: []
      [94mname[39;49;00m: classifier
      [94mtype[39;49;00m: MODEL
    [94mname[39;49;00m: example
    [94mreplicas[39;49;00m: 1
seldondeployment.machinelearning.seldon.io/seldon-model created
Waiting for deployment "seldon-model-example-0-classifier" rollout to finish: 0 of 1 updated replicas are available...
deployment "seldon-model-example-0-classifier" successfully rolled out
{'data': {'names': ['t:0', 't:1', 't:2'], 'ndarray': [[1.0, 2.0, 5.0]]}, 'meta': {'metrics': [{'key': 'mycounter', 'type': 'COUNTER', 'value': 1}, {'key': 'mygauge', 'type': 'GAUGE', 'value': 100}, {'key': 'mytimer', 'type': 'TIMER', 'value': 20.2}]}}
Waiting so metrics can be scraped
Overwriting get-metrics.sh
[0;31m---------------------------------------------------------------------------[0m
[0;31mJSONDecodeError[0m                           Traceback (most recent call last)
[0;32m/workspace/source/examples/models/custom_metrics/customMetrics.py[0m in [0;36m<module>[0;34m[0m
[1;32m    168[0m [0;34m[0m[0m
[1;32m    169[0m [0;34m[0m[0m
[0;32m--> 170[0;31m [0mresponse[0m[0;34m=[0m[0mjson[0m[0;34m.[0m[0mloads[0m[0;34m([0m[0mresponseRaw[0m[0;34m[[0m[0;36m0[0m[0;34m][0m[0;34m)[0m[0;34m[0m[0;34m[0m[0m
[0m[1;32m    171[0m [0mprint[0m[0;34m([0m[0mresponse[0m[0;34m)[0m[0;34m[0m[0;34m[0m[0m
[1;32m    172[0m [0;32massert[0m[0;34m([0m[0mresponse[0m[0;34m[[0m[0;34m'data'[0m[0;34m][0m[0;34m[[0m[0;34m"result"[0m[0;34m][0m[0;34m[[0m[0;36m0[0m[0;34m][0m[0;34m[[0m[0;34m"metric"[0m[0;34m][0m[0;34m[[0m[0;34m"__name__"[0m[0;34m][0m[0;34m==[0m[0;34m'mycounter_total'[0m[0;34m)[0m[0;34m[0m[0;34m[0m[0m

[0;32m/usr/local/lib/python3.6/json/__init__.py[0m in [0;36mloads[0;34m(s, encoding, cls, object_hook, parse_float, parse_int, parse_constant, object_pairs_hook, **kw)[0m
[1;32m    352[0m             [0mparse_int[0m [0;32mis[0m [0;32mNone[0m [0;32mand[0m [0mparse_float[0m [0;32mis[0m [0;32mNone[0m [0;32mand[0m[0;34m[0m[0;34m[0m[0m
[1;32m    353[0m             parse_constant is None and object_pairs_hook is None and not kw):
[0;32m--> 354[0;31m         [0;32mreturn[0m [0m_default_decoder[0m[0;34m.[0m[0mdecode[0m[0;34m([0m[0ms[0m[0;34m)[0m[0;34m[0m[0;34m[0m[0m
[0m[1;32m    355[0m     [0;32mif[0m [0mcls[0m [0;32mis[0m [0;32mNone[0m[0;34m:[0m[0;34m[0m[0;34m[0m[0m
[1;32m    356[0m         [0mcls[0m [0;34m=[0m [0mJSONDecoder[0m[0;34m[0m[0;34m[0m[0m

[0;32m/usr/local/lib/python3.6/json/decoder.py[0m in [0;36mdecode[0;34m(self, s, _w)[0m
[1;32m    337[0m [0;34m[0m[0m
[1;32m    338[0m         """
[0;32m--> 339[0;31m         [0mobj[0m[0;34m,[0m [0mend[0m [0;34m=[0m [0mself[0m[0;34m.[0m[0mraw_decode[0m[0;34m([0m[0ms[0m[0;34m,[0m [0midx[0m[0;34m=[0m[0m_w[0m[0;34m([0m[0ms[0m[0;34m,[0m [0;36m0[0m[0;34m)[0m[0;34m.[0m[0mend[0m[0;34m([0m[0;34m)[0m[0;34m)[0m[0;34m[0m[0;34m[0m[0m
[0m[1;32m    340[0m         [0mend[0m [0;34m=[0m [0m_w[0m[0;34m([0m[0ms[0m[0;34m,[0m [0mend[0m[0;34m)[0m[0;34m.[0m[0mend[0m[0;34m([0m[0;34m)[0m[0;34m[0m[0;34m[0m[0m
[1;32m    341[0m         [0;32mif[0m [0mend[0m [0;34m!=[0m [0mlen[0m[0;34m([0m[0ms[0m[0;34m)[0m[0;34m:[0m[0;34m[0m[0;34m[0m[0m

[0;32m/usr/local/lib/python3.6/json/decoder.py[0m in [0;36mraw_decode[0;34m(self, s, idx)[0m
[1;32m    355[0m             [0mobj[0m[0;34m,[0m [0mend[0m [0;34m=[0m [0mself[0m[0;34m.[0m[0mscan_once[0m[0;34m([0m[0ms[0m[0;34m,[0m [0midx[0m[0;34m)[0m[0;34m[0m[0;34m[0m[0m
[1;32m    356[0m         [0;32mexcept[0m [0mStopIteration[0m [0;32mas[0m [0merr[0m[0;34m:[0m[0;34m[0m[0;34m[0m[0m
[0;32m--> 357[0;31m             [0;32mraise[0m [0mJSONDecodeError[0m[0;34m([0m[0;34m"Expecting value"[0m[0;34m,[0m [0ms[0m[0;34m,[0m [0merr[0m[0;34m.[0m[0mvalue[0m[0;34m)[0m [0;32mfrom[0m [0;32mNone[0m[0;34m[0m[0;34m[0m[0m
[0m[1;32m    358[0m         [0;32mreturn[0m [0mobj[0m[0;34m,[0m [0mend[0m[0;34m[0m[0;34m[0m[0m

[0;31mJSONDecodeError[0m: Expecting value: line 1 column 1 (char 0)
, stderr:Error: persistentvolumeclaims "seldon-core-analytics-prometheus-alertmanager" not found
Error from server (AlreadyExists): namespaces "seldon" already exists
/usr/local/lib/python3.6/site-packages/IPython/core/history.py:226: UserWarning: IPython History requires SQLite, your history will not be saved
  warn("IPython History requires SQLite, your history will not be saved")
===Flaky Test Report===

test_helm_examples passed 1 out of the required 1 times. Success!
test_explainer_examples passed 1 out of the required 1 times. Success!
test_istio_examples passed 1 out of the required 1 times. Success!
test_max_grpc_msg_size passed 1 out of the required 1 times. Success!
test_multiple_operators passed 1 out of the required 1 times. Success!
test_protocol_examples passed 1 out of the required 1 times. Success!
test_server_examples passed 1 out of the required 1 times. Success!
test_rolling_updates passed 1 out of the required 1 times. Success!
test_ambassador_canary passed 1 out of the required 1 times. Success!
test_ambassador_headers passed 1 out of the required 1 times. Success!
test_ambassador_shadow passed 1 out of the required 1 times. Success!
test_ambassador_custom passed 1 out of the required 1 times. Success!
test_keda_prom_auto_scale passed 1 out of the required 1 times. Success!
test_metrics passed 1 out of the required 1 times. Success!
test_metadata passed 1 out of the required 1 times. Success!
test_graph_metadata passed 1 out of the required 1 times. Success!
test_grpc_metadata passed 1 out of the required 1 times. Success!
test_payload_logging passed 1 out of the required 1 times. Success!
test_custom_metrics failed (1 runs remaining out of 2).
	<class 'subprocess.CalledProcessError'>
	Command 'cd ../../examples/models/custom_metrics && ./customMetrics.py' returned non-zero exit status 1.
	[<TracebackEntry /workspace/source/testing/scripts/test_notebooks.py:137>, <TracebackEntry /workspace/source/testing/scripts/test_notebooks.py:129>, <TracebackEntry /workspace/source/testing/scripts/test_notebooks.py:27>, <TracebackEntry /workspace/source/testing/scripts/test_notebooks.py:20>, <TracebackEntry /usr/local/lib/python3.6/subprocess.py:438>]
test_custom_metrics failed; it passed 0 out of the required 1 times.
	<class 'subprocess.CalledProcessError'>
	Command 'cd ../../examples/models/custom_metrics && ./customMetrics.py' returned non-zero exit status 1.
	[<TracebackEntry /workspace/source/testing/scripts/test_notebooks.py:137>, <TracebackEntry /workspace/source/testing/scripts/test_notebooks.py:129>, <TracebackEntry /workspace/source/testing/scripts/test_notebooks.py:27>, <TracebackEntry /workspace/source/testing/scripts/test_notebooks.py:20>, <TracebackEntry /usr/local/lib/python3.6/subprocess.py:438>]
test_autoscaling passed 1 out of the required 1 times. Success!
test_scaling passed 1 out of the required 1 times. Success!
test_jsondata passed 1 out of the required 1 times. Success!
test_sklearn_iris passed 1 out of the required 1 times. Success!
test_custom_metrics_server passed 1 out of the required 1 times. Success!
test_upgrade passed 1 out of the required 1 times. Success!
test_disruption_budgets passed 1 out of the required 1 times. Success!

===End Flaky Test Report===
================== 1 failed, 25 passed in 5238.25s (1:27:18) ===================
make: *** [Makefile:176: test_notebooks] Error 1
Test returned errors
kind delete cluster
Deleting cluster "kind" ...
Stopping Docker: dockerProgram process in pidfile '/var/run/docker-ssd.pid', 1 process(es), refused to die.
[31m
Pipeline failed on stage 'end-to-end' : container 'step-test-end-to-end'. The execution of the pipeline has stopped.[0m
