
Showing logs for build [32mseldonio-seldon-core-pr-2852-in-qvprt-34[0m stage [32mpr-build-comment[0m and container [32mstep-credential-initializer-bhb6c[0m
{"level":"info","ts":1611324601.7644339,"logger":"fallback-logger","caller":"logging/config.go:69","msg":"Fetch GitHub commit ID from kodata failed: open /var/run/ko/refs/heads/0.8.0-ns-support: no such file or directory"}
{"level":"info","ts":1611324601.7649934,"logger":"fallback-logger","caller":"creds-init/main.go:40","msg":"Credentials initialized."}

Showing logs for build [32mseldonio-seldon-core-pr-2852-in-qvprt-34[0m stage [32mpr-build-comment[0m and container [32mstep-working-dir-initializer-pq4ff[0m
{"level":"info","ts":1611324602.8722987,"logger":"fallback-logger","caller":"logging/config.go:69","msg":"Fetch GitHub commit ID from kodata failed: open /var/run/ko/HEAD: no such file or directory"}
{"level":"info","ts":1611324602.8740368,"logger":"fallback-logger","caller":"bash/main.go:64","msg":"Successfully executed command \"sh -c mkdir -p /workspace/source\"; output "}

Showing logs for build [32mseldonio-seldon-core-pr-2852-in-qvprt-34[0m stage [32mpr-build-comment[0m and container [32mstep-place-tools[0m

Showing logs for build [32mseldonio-seldon-core-pr-2852-in-qvprt-34[0m stage [32mpr-build-comment[0m and container [32mstep-create-dir-workspace-2gjvl[0m
{"level":"info","ts":1611324610.4245057,"logger":"fallback-logger","caller":"logging/config.go:69","msg":"Fetch GitHub commit ID from kodata failed: open /var/run/ko/HEAD: no such file or directory"}
{"level":"info","ts":1611324610.4262137,"logger":"fallback-logger","caller":"bash/main.go:64","msg":"Successfully executed command \"sh -c mkdir -p source\"; output "}

Showing logs for build [32mseldonio-seldon-core-pr-2852-in-qvprt-34[0m stage [32mpr-build-comment[0m and container [32mstep-git-source-seldonio-seldon-core-pr-2852-in-qvprt-8mnb8[0m
{"level":"info","ts":1611324610.6758456,"logger":"fallback-logger","caller":"logging/config.go:69","msg":"Fetch GitHub commit ID from kodata failed: open /var/run/ko/refs/heads/0.8.0-ns-support: no such file or directory"}
{"level":"info","ts":1611324617.4739342,"logger":"fallback-logger","caller":"git/git.go:103","msg":"Successfully cloned https://github.com/SeldonIO/seldon-core.git @ master in path /workspace/source"}

Showing logs for build [32mseldonio-seldon-core-pr-2852-in-qvprt-34[0m stage [32mpr-build-comment[0m and container [32mstep-setup-builder-home[0m

Showing logs for build [32mseldonio-seldon-core-pr-2852-in-qvprt-34[0m stage [32mpr-build-comment[0m and container [32mstep-git-merge[0m
Using SHAs from PULL_REFS=master:6f92a8708502841b03f83f6465f78b83e42511cd,2852:2888070e3caa728600883b655e3a326a0278fe7b
DEBUG: LC_ALL=C JX_LOG_LEVEL=error git fetch origin --unshallow 2888070e3caa728600883b655e3a326a0278fe7b: 6f92a8708502841b03f83f6465f78b83e42511cd:
DEBUG: ran git fetch --unshallow origin 2888070e3caa728600883b655e3a326a0278fe7b: 6f92a8708502841b03f83f6465f78b83e42511cd: in 
DEBUG: LC_ALL=C JX_LOG_LEVEL=error git branch
DEBUG: LC_ALL=C JX_LOG_LEVEL=error git checkout master
DEBUG: ran git checkout master in 
DEBUG: JX_LOG_LEVEL=error LC_ALL=C git reset --hard 6f92a8708502841b03f83f6465f78b83e42511cd
DEBUG: ran git reset --hard 6f92a8708502841b03f83f6465f78b83e42511cd in 
DEBUG: LC_ALL=C JX_LOG_LEVEL=error git clean -fd .
DEBUG: ran clean --force -d . in 
DEBUG: LC_ALL=C JX_LOG_LEVEL=error git merge 2888070e3caa728600883b655e3a326a0278fe7b
DEBUG: ran git merge 2888070e3caa728600883b655e3a326a0278fe7b in 
DEBUG: LC_ALL=C JX_LOG_LEVEL=error git log --format=%H%x1f%an%x1f%ae%x1f%cn%x1f%ce%x1f%s%n%b%x1e 6f92a8708502841b03f83f6465f78b83e42511cd..HEAD
Merged SHA 2888070e3caa728600883b655e3a326a0278fe7b with commit message 'update auto-generated file in operator tests' into base branch master
Merged SHA cbed1629a41b21fe5569eee53961030aa1ba7d0e with commit message 'apply code review suggestions' into base branch master
Merged SHA e331fa3682bf13c69ffb9dc6fd7351d0ce1e9de3 with commit message 'move defaulting code out of webhook file' into base branch master
Merged SHA e9594e852861b38240379776cb9128b2ae292254 with commit message 'fix validating webhooks to act on raw resource from etcd' into base branch master
Merged SHA e0dbdea7977b93d26a1104f08072ab310a626eff with commit message 'fix explainer notebook' into base branch master
Merged SHA 5ec1a7cd0204535f2518dba00ad9acf8b9079824 with commit message 'adjust validating webhooks so they do not expect defaulted resource' into base branch master
Merged SHA d697735ccb0f0d6b45340150a25abd4520b89c8b with commit message 'complete removal of mutatingwebhook' into base branch master
Merged SHA 30f696018a6f7f8b305981a103fe1824a38997bf with commit message 'initial attempt to remove mutating webhook' into base branch master

Showing logs for build [32mseldonio-seldon-core-pr-2852-in-qvprt-34[0m stage [32mpr-build-comment[0m and container [32mstep-step2[0m
+++ dirname ./add-pr-build-comment
++ cd .
++ pwd
+ STARTUP_DIR=/workspace/source/ci
+ REPO_OWNER=SeldonIO
+ REPO_NAME=seldon-core
+ PULL_NUMBER=2852
+ BUILD_NUMBER=34
+ PIPELINE_CONTEXT=integration
++ cat
+++ date
+ COMMENT_MSG='Fri Jan 22 14:10:26 UTC 2021
The logs for [integration] [34] will show after the pipeline context has finished.  
https://github.com/SeldonIO/seldon-core/blob/gh-pages/jenkins-x/logs/SeldonIO/seldon-core/PR-2852/34.log

impatient try  
** get build logs SeldonIO/seldon-core/PR-2852 --build=34'
+ ** step pr comment --owner=SeldonIO --repository=seldon-core --pull-request=2852 '--comment=Fri Jan 22 14:10:26 UTC 2021
The logs for [integration] [34] will show after the pipeline context has finished.  
https://github.com/SeldonIO/seldon-core/blob/gh-pages/jenkins-x/logs/SeldonIO/seldon-core/PR-2852/34.log

impatient try  
** get build logs SeldonIO/seldon-core/PR-2852 --build=34'

Showing logs for build [32mseldonio-seldon-core-pr-2852-in-qvprt-34[0m stage [32mpr-build-comment[0m and container [32mstep-source-mkdir-seldonio-seldon-core-pr-2852-in-qvprt-9fcw4[0m
{"level":"info","ts":1611324628.7380428,"logger":"fallback-logger","caller":"logging/config.go:69","msg":"Fetch GitHub commit ID from kodata failed: open /var/run/ko/HEAD: no such file or directory"}
{"level":"info","ts":1611324628.7412846,"logger":"fallback-logger","caller":"bash/main.go:64","msg":"Successfully executed command \"sh -c mkdir -p /pvc/pr-build-comment/workspace\"; output "}

Showing logs for build [32mseldonio-seldon-core-pr-2852-in-qvprt-34[0m stage [32mpr-build-comment[0m and container [32mstep-source-copy-seldonio-seldon-core-pr-2852-in-qvprt-hm7rm[0m
{"level":"info","ts":1611324629.0200071,"logger":"fallback-logger","caller":"logging/config.go:69","msg":"Fetch GitHub commit ID from kodata failed: open /var/run/ko/HEAD: no such file or directory"}
{"level":"info","ts":1611324629.5459135,"logger":"fallback-logger","caller":"bash/main.go:64","msg":"Successfully executed command \"sh -c cp -r source/. /pvc/pr-build-comment/workspace\"; output "}

Showing logs for build [32mseldonio-seldon-core-pr-2852-in-qvprt-34[0m stage [32mend-to-end[0m and container [32mstep-credential-initializer-c7j9v[0m
{"level":"info","ts":1611324637.5654995,"logger":"fallback-logger","caller":"logging/config.go:69","msg":"Fetch GitHub commit ID from kodata failed: open /var/run/ko/refs/heads/0.8.0-ns-support: no such file or directory"}
{"level":"info","ts":1611324637.5660217,"logger":"fallback-logger","caller":"creds-init/main.go:40","msg":"Credentials initialized."}

Showing logs for build [32mseldonio-seldon-core-pr-2852-in-qvprt-34[0m stage [32mend-to-end[0m and container [32mstep-working-dir-initializer-lnv4p[0m
{"level":"info","ts":1611324638.5517478,"logger":"fallback-logger","caller":"logging/config.go:69","msg":"Fetch GitHub commit ID from kodata failed: open /var/run/ko/HEAD: no such file or directory"}
{"level":"info","ts":1611324638.5530815,"logger":"fallback-logger","caller":"bash/main.go:64","msg":"Successfully executed command \"sh -c mkdir -p /workspace/source\"; output "}

Showing logs for build [32mseldonio-seldon-core-pr-2852-in-qvprt-34[0m stage [32mend-to-end[0m and container [32mstep-place-tools[0m

Showing logs for build [32mseldonio-seldon-core-pr-2852-in-qvprt-34[0m stage [32mend-to-end[0m and container [32mstep-create-dir-workspace-bg4x5[0m
{"level":"info","ts":1611324648.9300342,"logger":"fallback-logger","caller":"logging/config.go:69","msg":"Fetch GitHub commit ID from kodata failed: open /var/run/ko/HEAD: no such file or directory"}
{"level":"info","ts":1611324648.9311206,"logger":"fallback-logger","caller":"bash/main.go:64","msg":"Successfully executed command \"sh -c mkdir -p /workspace/source\"; output "}

Showing logs for build [32mseldonio-seldon-core-pr-2852-in-qvprt-34[0m stage [32mend-to-end[0m and container [32mstep-source-copy-workspace-xtdnp[0m
{"level":"info","ts":1611324649.2080355,"logger":"fallback-logger","caller":"logging/config.go:69","msg":"Fetch GitHub commit ID from kodata failed: open /var/run/ko/HEAD: no such file or directory"}
{"level":"info","ts":1611324652.3386424,"logger":"fallback-logger","caller":"bash/main.go:64","msg":"Successfully executed command \"sh -c cp -r /pvc/pr-build-comment/workspace/. /workspace/source\"; output "}

Showing logs for build [32mseldonio-seldon-core-pr-2852-in-qvprt-34[0m stage [32mend-to-end[0m and container [32mstep-setup-builder-home[0m

Showing logs for build [32mseldonio-seldon-core-pr-2852-in-qvprt-34[0m stage [32mend-to-end[0m and container [32mstep-test-end-to-end[0m
Test run type is: [base]
Starting Docker: docker.
[SETUP] Waiting for Docker to be ready, sleeping for 1 seconds ...
kind create cluster --config ../resources/kind_config.yaml
Creating cluster "kind" ...
 â€¢ Ensuring node image (kindest/node:v1.16.3) ðŸ–¼  ...
 âœ“ Ensuring node image (kindest/node:v1.16.3) ðŸ–¼
 â€¢ Preparing nodes ðŸ“¦  ...
 âœ“ Preparing nodes ðŸ“¦
 â€¢ Writing configuration ðŸ“œ  ...
 âœ“ Writing configuration ðŸ“œ
 â€¢ Starting control-plane ðŸ•¹ï¸  ...
 âœ“ Starting control-plane ðŸ•¹ï¸
 â€¢ Installing CNI ðŸ”Œ  ...
 âœ“ Installing CNI ðŸ”Œ
 â€¢ Installing StorageClass ðŸ’¾  ...
 âœ“ Installing StorageClass ðŸ’¾
 â€¢ Joining worker nodes ðŸšœ  ...
 âœ“ Joining worker nodes ðŸšœ
Set kubectl context to "kind-kind"
You can now use your cluster with:

kubectl cluster-info --context kind-kind

Not sure what to do next? ðŸ˜… Check out https://kind.sigs.k8s.io/docs/user/quick-start/
`kind get kubeconfig-path` is deprecated!

KIND will export and merge kubeconfig like kops, minikube, etc.
This command is now unnecessary and will be removed in a future release.

For more info see: https://github.com/kubernetes-sigs/kind/issues/1060
See also the output of `kind create cluster`

Files changed in python folder:
SKIPPING PYTHON IMAGE BUILD...
Files changed in operator folder:
operator/Dockerfile
operator/Dockerfile.redhat
operator/apis/machinelearning.seldon.io/v1/defaults.go
operator/apis/machinelearning.seldon.io/v1/seldondeployment_webhook.go
operator/apis/machinelearning.seldon.io/v1alpha2/seldondeployment_types.go
operator/apis/machinelearning.seldon.io/v1alpha2/seldondeployment_webhook.go
operator/apis/machinelearning.seldon.io/v1alpha3/seldondeployment_types.go
operator/apis/machinelearning.seldon.io/v1alpha3/seldondeployment_webhook.go
operator/bundle/manifests/seldon-operator.clusterserviceversion.yaml
operator/config/cert/kustomization.yaml
operator/config/controllerid/kustomization.yaml
operator/config/controllerid/webhook-config.yaml
operator/config/default/webhookcainjection_patch.yaml
operator/config/lite/role_webhook.yaml
operator/config/manifests/bases/seldon-operator.clusterserviceversion.yaml
operator/config/namespaced/kustomization.yaml
operator/config/namespaced/webhook-config.yaml
operator/config/openshift/role_webhook.yaml
operator/config/webhook/kustomization.yaml
operator/config/webhook/kustomizeconfig.yaml
operator/config/webhook/manifests.yaml
operator/controllers/seldondeployment_controller.go
operator/helm/split_resources.py
operator/testing/machinelearning.seldon.io_seldondeployments.yaml
operator/utils/k8s/initializer.go
operator/utils/k8s/webhook.go
operator/utils/k8s/webhook_test.go
cd ../../operator && make kind-image-install
make[1]: Entering directory '/workspace/source/operator'
go: creating new go.mod: module tmp
go: downloading sigs.k8s.io/controller-tools v0.2.9
go: found sigs.k8s.io/controller-tools/cmd/controller-gen in sigs.k8s.io/controller-tools v0.2.9
go: downloading k8s.io/apiextensions-apiserver v0.17.0
go: downloading k8s.io/api v0.17.0
go: downloading sigs.k8s.io/yaml v1.1.0
go: downloading k8s.io/apimachinery v0.17.0
go: downloading golang.org/x/tools v0.0.0-20190920225731-5eefd052ad72
go: downloading github.com/gobuffalo/flect v0.2.0
go: downloading github.com/spf13/cobra v0.0.5
go: downloading gopkg.in/yaml.v2 v2.2.4
go: downloading github.com/inconshreveable/mousetrap v1.0.0
go: downloading gopkg.in/yaml.v3 v3.0.0-20190905181640-827449938966
go: downloading github.com/gogo/protobuf v1.2.2-0.20190723190241-65acae22fc9d
go: downloading github.com/fatih/color v1.7.0
go: downloading github.com/google/gofuzz v1.0.0
go: downloading k8s.io/utils v0.0.0-20191114184206-e782cd3c129f
go: downloading github.com/spf13/pflag v1.0.5
go: downloading k8s.io/klog v1.0.0
go: downloading github.com/mattn/go-isatty v0.0.8
go: downloading github.com/mattn/go-colorable v0.1.2
go: downloading gopkg.in/inf.v0 v0.9.1
go: downloading golang.org/x/net v0.0.0-20191004110552-13f9640d40b9
go: downloading golang.org/x/sys v0.0.0-20190826190057-c7b8b68b1456
go: downloading golang.org/x/text v0.3.2
/builder/home/go/bin/controller-gen object:headerFile=./hack/boilerplate.go.txt paths="./..."
go fmt ./...
go vet ./...
go: downloading github.com/onsi/ginkgo v1.14.1
go: downloading github.com/onsi/gomega v1.10.4
go: downloading golang.org/x/xerrors v0.0.0-20200804184101-5ec99f83aff1
go: downloading github.com/nxadm/tail v1.4.4
go: downloading gopkg.in/tomb.v1 v1.0.0-20141024135613-dd632973f1e7
/builder/home/go/bin/controller-gen "crd:trivialVersions=true" rbac:roleName=manager-role webhook paths="./..." output:crd:artifacts:config=config/crd/bases
rm -rf generated
mkdir generated
kustomize build config/default/ -o generated
cp generated/apiextensions.k8s.io_v1beta1_customresourcedefinition_seldondeployments.machinelearning.seldon.io.yaml testing/machinelearning.seldon.io_seldondeployments.yaml
ginkgo -r -outputdir=. -cover -coverprofile=cover.out ./controllers ./utils ./apis
[1611324965] [1mController Suite[0m - 64/64 specs test k8s client
&{Reader:0xc000678280 Writer:0xc000b457c0 StatusClient:0xc000b457c0}
[32mâ€¢[0m[32mâ€¢[0m[32mâ€¢[0m[32mâ€¢[0m[32mâ€¢[0m[32mâ€¢[0m[32mâ€¢[0m[32mâ€¢[0m
[90m------------------------------[0m
[32mâ€¢ [SLOW TEST:7.572 seconds][0m
[90mCreate a Seldon Deployment and then a new one [0m[0mshould create a resource with defaults and then update to new resources [0m
[37m/workspace/source/operator/controllers/seldondeployment_controller_test.go:659[0m
[90m------------------------------[0m
[32mâ€¢[0m[32mâ€¢[0m[32mâ€¢[0m[32mâ€¢[0m[32mâ€¢[0m[32mâ€¢[0m[32mâ€¢[0m[32mâ€¢[0m[32mâ€¢[0m[32mâ€¢[0m[32mâ€¢[0m[32mâ€¢[0m[32mâ€¢[0m[32mâ€¢[0m[32mâ€¢[0m[32mâ€¢[0m[32mâ€¢[0m[32mâ€¢[0m[32mâ€¢[0m[32mâ€¢[0m[32mâ€¢[0m[32mâ€¢[0m[32mâ€¢[0m[32mâ€¢[0m[32mâ€¢[0m[32mâ€¢[0m[32mâ€¢[0m[32mâ€¢[0m[32mâ€¢[0m[32mâ€¢[0m[32mâ€¢[0m[32mâ€¢[0m[32mâ€¢[0m[32mâ€¢[0m[32mâ€¢[0m[32mâ€¢[0m[32mâ€¢[0m[32mâ€¢[0m[32mâ€¢[0m[32mâ€¢[0m[32mâ€¢[0m[32mâ€¢[0m[32mâ€¢[0m[32mâ€¢[0m[32mâ€¢[0m[32mâ€¢[0m[32mâ€¢[0m[32mâ€¢[0m[32mâ€¢[0m[32mâ€¢[0m[32mâ€¢[0m[32mâ€¢[0m[32mâ€¢[0m[32mâ€¢[0m[32mâ€¢[0mE0122 14:18:05.467728   28339 event.go:269] Unable to write event: 'Post "http://127.0.0.1:35603/api/v1/namespaces/9fk7glfhw6/events": dial tcp 127.0.0.1:35603: connect: connection refused' (may retry after sleeping)
E0122 14:18:05.570385   28339 reflector.go:383] pkg/mod/k8s.io/client-go@v0.18.8/tools/cache/reflector.go:125: Failed to watch *v1.ConfigMap: Get "http://127.0.0.1:35603/api/v1/configmaps?allowWatchBookmarks=true&resourceVersion=123&timeoutSeconds=365&watch=true": dial tcp 127.0.0.1:35603: connect: connection refused
E0122 14:18:05.570941   28339 reflector.go:383] pkg/mod/k8s.io/client-go@v0.18.8/tools/cache/reflector.go:125: Failed to watch *v1alpha3.VirtualService: Get "http://127.0.0.1:35603/apis/networking.istio.io/v1alpha3/virtualservices?allowWatchBookmarks=true&resourceVersion=123&timeoutSeconds=471&watch=true": dial tcp 127.0.0.1:35603: connect: connection refused
E0122 14:18:05.570943   28339 reflector.go:383] pkg/mod/k8s.io/client-go@v0.18.8/tools/cache/reflector.go:125: Failed to watch *v1.SeldonDeployment: Get "http://127.0.0.1:35603/apis/machinelearning.seldon.io/v1/seldondeployments?allowWatchBookmarks=true&resourceVersion=424&timeoutSeconds=558&watch=true": dial tcp 127.0.0.1:35603: connect: connection refused
E0122 14:18:05.570934   28339 reflector.go:383] pkg/mod/k8s.io/client-go@v0.18.8/tools/cache/reflector.go:125: Failed to watch *v1.Deployment: Get "http://127.0.0.1:35603/apis/apps/v1/deployments?allowWatchBookmarks=true&resourceVersion=420&timeoutSeconds=360&watch=true": dial tcp 127.0.0.1:35603: connect: connection refused
E0122 14:18:05.570981   28339 reflector.go:383] pkg/mod/k8s.io/client-go@v0.18.8/tools/cache/reflector.go:125: Failed to watch *v1.Service: Get "http://127.0.0.1:35603/api/v1/services?allowWatchBookmarks=true&resourceVersion=416&timeoutSeconds=408&watch=true": dial tcp 127.0.0.1:35603: connect: connection refused
E0122 14:18:05.571013   28339 reflector.go:383] pkg/mod/k8s.io/client-go@v0.18.8/tools/cache/reflector.go:125: Failed to watch *v2beta1.HorizontalPodAutoscaler: Get "http://127.0.0.1:35603/apis/autoscaling/v2beta1/horizontalpodautoscalers?allowWatchBookmarks=true&resourceVersion=144&timeoutSeconds=387&watch=true": dial tcp 127.0.0.1:35603: connect: connection refused
E0122 14:18:05.571016   28339 reflector.go:383] pkg/mod/k8s.io/client-go@v0.18.8/tools/cache/reflector.go:125: Failed to watch *v1.Namespace: Get "http://127.0.0.1:35603/api/v1/namespaces?allowWatchBookmarks=true&resourceVersion=407&timeoutSeconds=525&watch=true": dial tcp 127.0.0.1:35603: connect: connection refused
E0122 14:18:05.571053   28339 reflector.go:383] pkg/mod/k8s.io/client-go@v0.18.8/tools/cache/reflector.go:125: Failed to watch *v1beta1.PodDisruptionBudget: Get "http://127.0.0.1:35603/apis/policy/v1beta1/poddisruptionbudgets?allowWatchBookmarks=true&resourceVersion=222&timeoutSeconds=389&watch=true": dial tcp 127.0.0.1:35603: connect: connection refused
E0122 14:18:05.571769   28339 reflector.go:383] pkg/mod/k8s.io/client-go@v0.18.8/tools/cache/reflector.go:125: Failed to watch *v1alpha1.ScaledObject: Get "http://127.0.0.1:35603/apis/keda.sh/v1alpha1/scaledobjects?allowWatchBookmarks=true&resourceVersion=329&timeoutSeconds=361&watch=true": dial tcp 127.0.0.1:35603: connect: connection refused

 [32mSUCCESS![0m 1m15.399884997s PASS
coverage: 66.7% of statements
=== RUN   TestGcsSecret
--- PASS: TestGcsSecret (0.00s)
PASS
coverage: 100.0% of statements
=== RUN   TestS3Secret
--- PASS: TestS3Secret (0.00s)
PASS
coverage: 94.6% of statements
=== RUN   TestGetEnvAsBool
--- PASS: TestGetEnvAsBool (0.00s)
=== RUN   TestAddEnvVarToDeploymentContainers
--- PASS: TestAddEnvVarToDeploymentContainers (0.00s)
=== RUN   TestMountSecretToDeploymentContainers
--- PASS: TestMountSecretToDeploymentContainers (0.00s)
PASS
coverage: 30.0% of statements
=== RUN   TestGenerateCerts
--- PASS: TestGenerateCerts (1.74s)
=== RUN   TestConfigmapCreate
--- PASS: TestConfigmapCreate (0.00s)
=== RUN   TestCRDCreate
--- PASS: TestCRDCreate (0.06s)
=== RUN   TestValidatingWebhookCreate
--- PASS: TestValidatingWebhookCreate (3.34s)
=== RUN   TestValidatingWebhookCreateNamespaced
--- PASS: TestValidatingWebhookCreateNamespaced (7.58s)
=== RUN   TestWebHookSvcCreate
--- PASS: TestWebHookSvcCreate (3.08s)
PASS
coverage: 51.2% of statements
=== RUN   TestImageSetNormal
    prepack_test.go:58: Scenario: GRPC image with version
    prepack_test.go:58: Scenario: GRPC image with no version
    prepack_test.go:58: Scenario: REST image with version
    prepack_test.go:58: Scenario: REST image with no version
--- PASS: TestImageSetNormal (0.00s)
=== RUN   TestGetPredictorConfig
    prepack_test.go:91: Scenario: related image sklearn
    prepack_test.go:91: Scenario: default image sklearn
--- PASS: TestGetPredictorConfig (0.00s)
=== RUN   TestPredictorServerConfigPrepackImageName
--- PASS: TestPredictorServerConfigPrepackImageName (0.00s)
=== RUN   TestGetDeploymentNameOneModel
--- PASS: TestGetDeploymentNameOneModel (0.00s)
=== RUN   TestGetDeploymentNameLong
--- PASS: TestGetDeploymentNameLong (0.00s)
=== RUN   TestValidProtocolTransportServerType
--- PASS: TestValidProtocolTransportServerType (0.00s)
=== RUN   TestValidateBadProtocol
--- PASS: TestValidateBadProtocol (0.00s)
=== RUN   TestValidateBadTransport
--- PASS: TestValidateBadTransport (0.00s)
=== RUN   TestValidateBadServerType
--- PASS: TestValidateBadServerType (0.00s)
=== RUN   TestValidateMixedTransport
--- PASS: TestValidateMixedTransport (0.00s)
=== RUN   TestValidateMixedMultipleTransport
--- PASS: TestValidateMixedMultipleTransport (0.00s)
=== RUN   TestDefaultSingleContainer
--- PASS: TestDefaultSingleContainer (0.00s)
=== RUN   TestMetricsPortAddedTwoContainers
--- PASS: TestMetricsPortAddedTwoContainers (0.00s)
=== RUN   TestMetricsPortAddedTwoComponentSpecsTwoContainers
--- PASS: TestMetricsPortAddedTwoComponentSpecsTwoContainers (0.00s)
=== RUN   TestOverrideMetricsPortName
Failed to find config map seldon-config
no kind is registered for the type v1.ConfigMap in scheme "pkg/runtime/scheme.go:101"
--- PASS: TestOverrideMetricsPortName (0.00s)
=== RUN   TestPortUseExisting
--- PASS: TestPortUseExisting (0.00s)
=== RUN   TestMetricsPortAddedToPrepacked
--- PASS: TestMetricsPortAddedToPrepacked (0.00s)
=== RUN   TestPredictorProtocolGrpc
--- PASS: TestPredictorProtocolGrpc (0.00s)
=== RUN   TestPrepackedWithExistingContainer
--- PASS: TestPrepackedWithExistingContainer (0.00s)
=== RUN   TestPrepackedWithCustom
--- PASS: TestPrepackedWithCustom (0.00s)
=== RUN   TestPrepackedWithExistingContainerAndImage
--- PASS: TestPrepackedWithExistingContainerAndImage (0.00s)
=== RUN   TestMetricsPortAddedToTwoPrepacked
--- PASS: TestMetricsPortAddedToTwoPrepacked (0.00s)
=== RUN   TestDefaultPrepackagedServerType
--- PASS: TestDefaultPrepackagedServerType (0.00s)
=== RUN   TestValidateSingleModel
--- PASS: TestValidateSingleModel (0.00s)
=== RUN   TestValidateSingleModelNoName
--- PASS: TestValidateSingleModelNoName (0.00s)
=== RUN   TestValidateNoEngineMultiGraph
--- PASS: TestValidateNoEngineMultiGraph (0.00s)
=== RUN   TestValidateDuplPredictorName
--- PASS: TestValidateDuplPredictorName (0.00s)
=== RUN   TestValidateTrafficSum
--- PASS: TestValidateTrafficSum (0.00s)
=== RUN   TestDefaultABTest
--- PASS: TestDefaultABTest (0.00s)
=== RUN   TestValidateTensorflowProtocolNormalPrepackaged
--- PASS: TestValidateTensorflowProtocolNormalPrepackaged (0.00s)
=== RUN   TestValidateTensorflowProtocolNormal
--- PASS: TestValidateTensorflowProtocolNormal (0.00s)
=== RUN   TestValidateV2ProtocolNormal
--- PASS: TestValidateV2ProtocolNormal (0.00s)
=== RUN   TestPredictorNoGraph
--- PASS: TestPredictorNoGraph (0.00s)
=== RUN   TestShadowPredictor
--- PASS: TestShadowPredictor (0.00s)
=== RUN   TestNoPredictors
--- PASS: TestNoPredictors (0.00s)
=== RUN   TestValidateTwoShadows
--- PASS: TestValidateTwoShadows (0.00s)
PASS
coverage: 38.1% of statements
path is /workspace/source/operator
All profiles combined

Ginkgo ran 6 suites in 2m17.234781432s
Test Suite Passed
docker build . -t seldonio/seldon-core-operator:1.6.0-dev
Sending build context to Docker daemon  16.53MB
Step 1/27 : FROM golang:1.14.9 as builder
1.14.9: Pulling from library/golang
e4c3d3e4f7b0: Pulling fs layer
101c41d0463b: Pulling fs layer
8275efcd805f: Pulling fs layer
751620502a7a: Pulling fs layer
aaabf962c4fc: Pulling fs layer
5610ac35c8d2: Pulling fs layer
324c78229f75: Pulling fs layer
aaabf962c4fc: Waiting
751620502a7a: Waiting
101c41d0463b: Verifying Checksum
101c41d0463b: Download complete
8275efcd805f: Verifying Checksum
8275efcd805f: Download complete
e4c3d3e4f7b0: Verifying Checksum
e4c3d3e4f7b0: Download complete
751620502a7a: Verifying Checksum
751620502a7a: Download complete
324c78229f75: Verifying Checksum
324c78229f75: Download complete
aaabf962c4fc: Verifying Checksum
aaabf962c4fc: Download complete
5610ac35c8d2: Verifying Checksum
5610ac35c8d2: Download complete
e4c3d3e4f7b0: Pull complete
101c41d0463b: Pull complete
8275efcd805f: Pull complete
751620502a7a: Pull complete
aaabf962c4fc: Pull complete
5610ac35c8d2: Pull complete
324c78229f75: Pull complete
Digest: sha256:b840a07bab2739c266c8728246fc243444f192b44933f4b8beb8ce9f806fae46
Status: Downloaded newer image for golang:1.14.9
 ---> 39111ae98c91
Step 2/27 : WORKDIR /workspace
 ---> Running in 539b1ddc6817
Removing intermediate container 539b1ddc6817
 ---> be6cbfa64595
Step 3/27 : COPY go.mod go.mod
 ---> 2aa94d0c480f
Step 4/27 : COPY go.sum go.sum
 ---> b48bdb40db5b
Step 5/27 : RUN go mod download
 ---> Running in 364ba06e6097
Removing intermediate container 364ba06e6097
 ---> 69e16d7eaad8
Step 6/27 : COPY main.go main.go
 ---> 23f97d1aad7f
Step 7/27 : COPY apis/ apis/
 ---> 9895567e3347
Step 8/27 : COPY controllers/ controllers/
 ---> 72e26cca3ee0
Step 9/27 : COPY utils/ utils/
 ---> 5e68ad5b2192
Step 10/27 : COPY constants/ constants/
 ---> 14072318f574
Step 11/27 : COPY client/ client/
 ---> 03686fc7189b
Step 12/27 : RUN go build -a -o manager main.go
 ---> Running in 3ddaa2f221fe
Removing intermediate container 3ddaa2f221fe
 ---> aae462d4acec
Step 13/27 : RUN wget -O hashicorp-golang-lru.tar.gz https://github.com/hashicorp/golang-lru/archive/master.tar.gz
 ---> Running in edfa4c374c90
[91m--2021-01-22 14:34:22--  https://github.com/hashicorp/golang-lru/archive/master.tar.gz
[0m[91mResolving github.com (github.com)... [0m[91m140.82.121.3
Connecting to github.com (github.com)|140.82.121.3|:443... [0m[91mconnected.
[0m[91mHTTP request sent, awaiting response... [0m[91m302 Found
Location: https://codeload.github.com/hashicorp/golang-lru/tar.gz/master [following]
--2021-01-22 14:34:23--  https://codeload.github.com/hashicorp/golang-lru/tar.gz/master
Resolving codeload.github.com (codeload.github.com)... [0m[91m140.82.121.10
Connecting to codeload.github.com (codeload.github.com)|140.82.121.10|:443... [0m[91mconnected.
[0m[91mHTTP request sent, awaiting response... [0m[91m200 OK
Length: 14371 (14K) [application/x-gzip]
Saving to: 'hashicorp-golang-lru.tar.gz'
[0m[91m
     0K ..[0m[91m.[0m[91m...[0m[91m.[0m[91m... ..[0m[91m..                                       100%[0m[91m  964K=0.01s

2021-01-22 14:34:23 (964 KB/s) - 'hashicorp-golang-lru.tar.gz' saved [14371/14371]

[0mRemoving intermediate container edfa4c374c90
 ---> 2b6efc805a94
Step 14/27 : RUN wget -O armon-consul-api.tar.gz https://github.com/armon/consul-api/archive/master.tar.gz
 ---> Running in c9f460959b90
[91m--2021-01-22 14:34:24--  https://github.com/armon/consul-api/archive/master.tar.gz
[0m[91mResolving github.com (github.com)... [0m[91m140.82.121.3
Connecting to github.com (github.com)|140.82.121.3|:443... [0m[91mconnected.
[0m[91mHTTP request sent, awaiting response... [0m[91m302 Found
Location: https://codeload.github.com/armon/consul-api/tar.gz/master [following]
--2021-01-22 14:34:24--  https://codeload.github.com/armon/consul-api/tar.gz/master
Resolving codeload.github.com (codeload.github.com)... [0m[91m140.82.121.10
Connecting to codeload.github.com (codeload.github.com)|140.82.121.10|:443... [0m[91mconnected.
[0m[91mHTTP request sent, awaiting response... [0m[91m200 OK
Length: unspecified [application/x-gzip]
[0m[91mSaving to: 'armon-consul-api.tar.gz'
[0m[91m
     0K ........[0m[91m.. ..[0m[91m.....                                [0m[91m    [0m[91m 1.27M=0.01s

[0m[91m2021-01-22 14:34:25 (1.27 MB/s) - 'armon-consul-api.tar.gz' saved [17977]

[0mRemoving intermediate container c9f460959b90
 ---> 623c2be7a7c9
Step 15/27 : RUN wget -O hasicorp-hcl.tar.gz https://github.com/hashicorp/hcl/archive/master.tar.gz
 ---> Running in 8d8f83887896
[91m--2021-01-22 14:34:26--  https://github.com/hashicorp/hcl/archive/master.tar.gz
[0m[91mResolving github.com (github.com)... [0m[91m140.82.121.3
Connecting to github.com (github.com)|140.82.121.3|:443... [0m[91mconnected.
[0m[91mHTTP request sent, awaiting response... [0m[91m302 Found
Location: https://codeload.github.com/hashicorp/hcl/tar.gz/master [following]
--2021-01-22 14:34:26--  https://codeload.github.com/hashicorp/hcl/tar.gz/master
Resolving codeload.github.com (codeload.github.com)... [0m[91m140.82.121.10
Connecting to codeload.github.com (codeload.github.com)|140.82.121.10|:443... [0m[91mconnected.
[0m[91mHTTP request sent, awaiting response... [0m[91m200 OK
Length: unspecified [application/x-gzip]
Saving to: 'hasicorp-hcl.tar.gz'

     0K .......... .[0m[91m......... .......... ........[0m[91m.. .......... 1.73M
    50K .......... ....[0m[91m...... .                                1.51M=0.04s

2021-01-22 14:34:27 (1.66 MB/s) - 'hasicorp-hcl.tar.gz' saved [72944]

[0mRemoving intermediate container 8d8f83887896
 ---> 1e408df55c0e
Step 16/27 : FROM gcr.io/distroless/base:latest
latest: Pulling from distroless/base
5749e56bea71: Pulling fs layer
a3e61620654b: Pulling fs layer
5749e56bea71: Verifying Checksum
5749e56bea71: Download complete
a3e61620654b: Verifying Checksum
a3e61620654b: Download complete
5749e56bea71: Pull complete
a3e61620654b: Pull complete
Digest: sha256:5e0cc69445ed1d8a17198250a7249d56dd4b6966bb6b2118e60ae9194c310647
Status: Downloaded newer image for gcr.io/distroless/base:latest
 ---> 125289cb40fd
Step 17/27 : WORKDIR /
 ---> Running in ca253409374d
Removing intermediate container ca253409374d
 ---> d794670eb09d
Step 18/27 : COPY --from=builder /workspace/manager .
 ---> 613d8285bacf
Step 19/27 : COPY licenses/license.txt licenses/license.txt
 ---> 1664dc14949d
Step 20/27 : COPY --from=builder /workspace/hashicorp-golang-lru.tar.gz licenses/mpl_source/hashicorp-golang-lru.tar.gz
 ---> 8268725b12a4
Step 21/27 : COPY --from=builder /workspace/armon-consul-api.tar.gz licenses/mpl_source/armon-consul-api.tar.gz
 ---> 41a5166345c5
Step 22/27 : COPY --from=builder /workspace/hasicorp-hcl.tar.gz licenses/mpl_source/hasicorp-hcl.tar.gz
 ---> 84b578ec0e69
Step 23/27 : COPY generated/admissionregistration.k8s.io_v1beta1_validatingwebhookconfiguration_seldon-validating-webhook-configuration.yaml /tmp/operator-resources/validate.yaml
 ---> 2d78a90debbc
Step 24/27 : COPY generated/~g_v1_service_seldon-webhook-service.yaml /tmp/operator-resources/service.yaml
 ---> 6e6875d2cf7e
Step 25/27 : COPY generated/~g_v1_configmap_seldon-config.yaml /tmp/operator-resources/configmap.yaml
 ---> 7400049d4112
Step 26/27 : COPY generated/apiextensions.k8s.io_v1beta1_customresourcedefinition_seldondeployments.machinelearning.seldon.io.yaml /tmp/operator-resources/crd.yaml
 ---> 79c018e1b2d4
Step 27/27 : ENTRYPOINT ["/manager"]
 ---> Running in bccd7d4bb438
Removing intermediate container bccd7d4bb438
 ---> 4b97bf1c6f9f
Successfully built 4b97bf1c6f9f
Successfully tagged seldonio/seldon-core-operator:1.6.0-dev
kind load -v 3 docker-image seldonio/seldon-core-operator:1.6.0-dev --name kind
Image: "seldonio/seldon-core-operator:1.6.0-dev" with ID "sha256:4b97bf1c6f9f6f1f9eb982bcde4b6b2ee07b8487d4c4af3869c4854a835ee6ec" not present on node "kind-control-plane"
Image: "seldonio/seldon-core-operator:1.6.0-dev" with ID "sha256:4b97bf1c6f9f6f1f9eb982bcde4b6b2ee07b8487d4c4af3869c4854a835ee6ec" not present on node "kind-worker"
make[1]: Leaving directory '/workspace/source/operator'
Files changed in engine folder:
SKIPPING ENGINE IMAGE BUILD...
Files changed in executor folder:
SKIPPING EXECUTOR IMAGE BUILD...
Build test models
make -C ../../examples/models/mean_classifier kind_load
make[1]: Entering directory '/workspace/source/examples/models/mean_classifier'
s2i build -E environment . seldonio/seldon-core-s2i-python37-ubi8:1.6.0-dev seldonio/mock_classifier:1.6.0-dev
Before assembling
---> Installing application source...
---> Installing dependencies ...
Looking in links: /whl
Requirement already satisfied: seldon-core in ./python (from -r requirements.txt (line 1)) (1.6.0.dev0)
Requirement already satisfied: numpy in /opt/conda/lib/python3.7/site-packages (from -r requirements.txt (line 2)) (1.19.5)
Requirement already satisfied: Flask<2.0.0 in /opt/conda/lib/python3.7/site-packages (from seldon-core->-r requirements.txt (line 1)) (1.1.2)
Requirement already satisfied: jsonschema<4.0.0 in /opt/conda/lib/python3.7/site-packages (from seldon-core->-r requirements.txt (line 1)) (3.2.0)
Requirement already satisfied: Flask-cors<4.0.0 in /opt/conda/lib/python3.7/site-packages (from seldon-core->-r requirements.txt (line 1)) (3.0.10)
Requirement already satisfied: redis<4.0.0 in /opt/conda/lib/python3.7/site-packages (from seldon-core->-r requirements.txt (line 1)) (3.5.3)
Requirement already satisfied: requests<3.0.0 in /opt/conda/lib/python3.7/site-packages (from seldon-core->-r requirements.txt (line 1)) (2.22.0)
Requirement already satisfied: flatbuffers<2.0.0 in /opt/conda/lib/python3.7/site-packages (from seldon-core->-r requirements.txt (line 1)) (1.12)
Requirement already satisfied: protobuf<4.0.0 in /opt/conda/lib/python3.7/site-packages (from seldon-core->-r requirements.txt (line 1)) (3.14.0)
Requirement already satisfied: grpcio<2.0.0 in /opt/conda/lib/python3.7/site-packages (from seldon-core->-r requirements.txt (line 1)) (1.35.0)
Requirement already satisfied: Flask-OpenTracing<1.2.0,>=1.1.0 in /opt/conda/lib/python3.7/site-packages (from seldon-core->-r requirements.txt (line 1)) (1.1.0)
Requirement already satisfied: opentracing<2.5.0,>=2.2.0 in /opt/conda/lib/python3.7/site-packages (from seldon-core->-r requirements.txt (line 1)) (2.4.0)
Requirement already satisfied: jaeger-client<4.5.0,>=4.1.0 in /opt/conda/lib/python3.7/site-packages (from seldon-core->-r requirements.txt (line 1)) (4.4.0)
Requirement already satisfied: grpcio-opentracing<1.2.0,>=1.1.4 in /opt/conda/lib/python3.7/site-packages (from seldon-core->-r requirements.txt (line 1)) (1.1.4)
Requirement already satisfied: grpcio-reflection<1.35.0 in /opt/conda/lib/python3.7/site-packages (from seldon-core->-r requirements.txt (line 1)) (1.34.1)
Requirement already satisfied: PyYAML<5.4 in /opt/conda/lib/python3.7/site-packages (from seldon-core->-r requirements.txt (line 1)) (5.3.1)
Requirement already satisfied: gunicorn<20.1.0,>=19.9.0 in /opt/conda/lib/python3.7/site-packages (from seldon-core->-r requirements.txt (line 1)) (20.0.4)
Requirement already satisfied: setuptools>=41.0.0 in /opt/conda/lib/python3.7/site-packages (from seldon-core->-r requirements.txt (line 1)) (41.4.0)
Requirement already satisfied: prometheus_client<0.9.0,>=0.7.1 in /opt/conda/lib/python3.7/site-packages (from seldon-core->-r requirements.txt (line 1)) (0.8.0)
Requirement already satisfied: Werkzeug>=0.15 in /opt/conda/lib/python3.7/site-packages (from Flask<2.0.0->seldon-core->-r requirements.txt (line 1)) (1.0.1)
Requirement already satisfied: itsdangerous>=0.24 in /opt/conda/lib/python3.7/site-packages (from Flask<2.0.0->seldon-core->-r requirements.txt (line 1)) (1.1.0)
Requirement already satisfied: click>=5.1 in /opt/conda/lib/python3.7/site-packages (from Flask<2.0.0->seldon-core->-r requirements.txt (line 1)) (7.1.2)
Requirement already satisfied: Jinja2>=2.10.1 in /opt/conda/lib/python3.7/site-packages (from Flask<2.0.0->seldon-core->-r requirements.txt (line 1)) (2.11.2)
Requirement already satisfied: six>=1.11.0 in /opt/conda/lib/python3.7/site-packages (from jsonschema<4.0.0->seldon-core->-r requirements.txt (line 1)) (1.12.0)
Requirement already satisfied: importlib-metadata; python_version < "3.8" in /opt/conda/lib/python3.7/site-packages (from jsonschema<4.0.0->seldon-core->-r requirements.txt (line 1)) (3.4.0)
Requirement already satisfied: attrs>=17.4.0 in /opt/conda/lib/python3.7/site-packages (from jsonschema<4.0.0->seldon-core->-r requirements.txt (line 1)) (20.3.0)
Requirement already satisfied: pyrsistent>=0.14.0 in /opt/conda/lib/python3.7/site-packages (from jsonschema<4.0.0->seldon-core->-r requirements.txt (line 1)) (0.17.3)
Requirement already satisfied: idna<2.9,>=2.5 in /opt/conda/lib/python3.7/site-packages (from requests<3.0.0->seldon-core->-r requirements.txt (line 1)) (2.8)
Requirement already satisfied: urllib3!=1.25.0,!=1.25.1,<1.26,>=1.21.1 in /opt/conda/lib/python3.7/site-packages (from requests<3.0.0->seldon-core->-r requirements.txt (line 1)) (1.24.2)
Requirement already satisfied: chardet<3.1.0,>=3.0.2 in /opt/conda/lib/python3.7/site-packages (from requests<3.0.0->seldon-core->-r requirements.txt (line 1)) (3.0.4)
Requirement already satisfied: certifi>=2017.4.17 in /opt/conda/lib/python3.7/site-packages (from requests<3.0.0->seldon-core->-r requirements.txt (line 1)) (2020.12.5)
Requirement already satisfied: thrift in /opt/conda/lib/python3.7/site-packages (from jaeger-client<4.5.0,>=4.1.0->seldon-core->-r requirements.txt (line 1)) (0.13.0)
Requirement already satisfied: tornado>=4.3 in /opt/conda/lib/python3.7/site-packages (from jaeger-client<4.5.0,>=4.1.0->seldon-core->-r requirements.txt (line 1)) (6.1)
Requirement already satisfied: threadloop<2,>=1 in /opt/conda/lib/python3.7/site-packages (from jaeger-client<4.5.0,>=4.1.0->seldon-core->-r requirements.txt (line 1)) (1.0.2)
Requirement already satisfied: MarkupSafe>=0.23 in /opt/conda/lib/python3.7/site-packages (from Jinja2>=2.10.1->Flask<2.0.0->seldon-core->-r requirements.txt (line 1)) (1.1.1)
Requirement already satisfied: typing-extensions>=3.6.4; python_version < "3.8" in /opt/conda/lib/python3.7/site-packages (from importlib-metadata; python_version < "3.8"->jsonschema<4.0.0->seldon-core->-r requirements.txt (line 1)) (3.7.4.3)
Requirement already satisfied: zipp>=0.5 in /opt/conda/lib/python3.7/site-packages (from importlib-metadata; python_version < "3.8"->jsonschema<4.0.0->seldon-core->-r requirements.txt (line 1)) (3.4.0)
WARNING: Url '/whl' is ignored. It is either a non-existing path or lacks a specific scheme.
Collecting pip-licenses
Downloading https://files.pythonhosted.org/packages/89/05/3044295a5cf87c895022e915d888abdaa2ae7bdce741af462c9300fbebb3/pip_licenses-3.2.0-py3-none-any.whl
Collecting PTable (from pip-licenses)
Downloading https://files.pythonhosted.org/packages/ab/b3/b54301811173ca94119eb474634f120a49cd370f257d1aae5a4abaf12729/PTable-0.9.2.tar.gz
Building wheels for collected packages: PTable
Building wheel for PTable (setup.py): started
Building wheel for PTable (setup.py): finished with status 'done'
Created wheel for PTable: filename=PTable-0.9.2-cp37-none-any.whl size=22906 sha256=1c8b38a385e2e92d7fb6b17393ea03e1da3e0fed205a643a9bdda66797c7598d
Stored in directory: /root/.cache/pip/wheels/22/cc/2e/55980bfe86393df3e9896146a01f6802978d09d7ebcba5ea56
Successfully built PTable
Installing collected packages: PTable, pip-licenses
Successfully installed PTable-0.9.2 pip-licenses-3.2.0
created path: ./licenses/license_info.csv
created path: ./licenses/license.txt
After successful assembling
Build completed successfully
kind load -v 3 docker-image seldonio/mock_classifier:1.6.0-dev
Image: "seldonio/mock_classifier:1.6.0-dev" with ID "sha256:a0009b031171286fa3aaeef065807b73454598420a5c8c2232b9c43e9e59eaea" not present on node "kind-control-plane"
Image: "seldonio/mock_classifier:1.6.0-dev" with ID "sha256:a0009b031171286fa3aaeef065807b73454598420a5c8c2232b9c43e9e59eaea" not present on node "kind-worker"
make[1]: Leaving directory '/workspace/source/examples/models/mean_classifier'
make -C ../docker/fixed-model kind_load_images
make[1]: Entering directory '/workspace/source/testing/docker/fixed-model'
s2i build -E environment_v1 . seldonio/seldon-core-s2i-python3:1.6.0-dev seldonio/fixed-model:0.1
---> Installing application source...
Collecting pip-licenses
Downloading https://files.pythonhosted.org/packages/89/05/3044295a5cf87c895022e915d888abdaa2ae7bdce741af462c9300fbebb3/pip_licenses-3.2.0-py3-none-any.whl
Collecting PTable (from pip-licenses)
Downloading https://files.pythonhosted.org/packages/ab/b3/b54301811173ca94119eb474634f120a49cd370f257d1aae5a4abaf12729/PTable-0.9.2.tar.gz
Building wheels for collected packages: PTable
Building wheel for PTable (setup.py): started
Building wheel for PTable (setup.py): finished with status 'done'
Created wheel for PTable: filename=PTable-0.9.2-cp37-none-any.whl size=22906 sha256=a629dcb7658adf75a3dd5450bac9fe9e0ae52b2331e83dbc28da3b2da33113b4
Stored in directory: /root/.cache/pip/wheels/22/cc/2e/55980bfe86393df3e9896146a01f6802978d09d7ebcba5ea56
Successfully built PTable
Installing collected packages: PTable, pip-licenses
Successfully installed PTable-0.9.2 pip-licenses-3.2.0
created path: ./licenses/license_info.csv
created path: ./licenses/license.txt
Build completed successfully
s2i build -E environment_v2 . seldonio/seldon-core-s2i-python3:1.6.0-dev  seldonio/fixed-model:0.2
---> Installing application source...
Collecting pip-licenses
Downloading https://files.pythonhosted.org/packages/89/05/3044295a5cf87c895022e915d888abdaa2ae7bdce741af462c9300fbebb3/pip_licenses-3.2.0-py3-none-any.whl
Collecting PTable (from pip-licenses)
Downloading https://files.pythonhosted.org/packages/ab/b3/b54301811173ca94119eb474634f120a49cd370f257d1aae5a4abaf12729/PTable-0.9.2.tar.gz
Building wheels for collected packages: PTable
Building wheel for PTable (setup.py): started
Building wheel for PTable (setup.py): finished with status 'done'
Created wheel for PTable: filename=PTable-0.9.2-cp37-none-any.whl size=22906 sha256=fa7135afaee1ee7e41b2fa96f851f9a51f705605941017622af5815b83dc042a
Stored in directory: /root/.cache/pip/wheels/22/cc/2e/55980bfe86393df3e9896146a01f6802978d09d7ebcba5ea56
Successfully built PTable
Installing collected packages: PTable, pip-licenses
Successfully installed PTable-0.9.2 pip-licenses-3.2.0
created path: ./licenses/license_info.csv
created path: ./licenses/license.txt
Build completed successfully
kind load -v 3 docker-image seldonio/fixed-model:0.1
Image: "seldonio/fixed-model:0.1" with ID "sha256:d375f7ed3739ba985199a84957fd482f1e8323c184bc687f3ba65f54afeef6d4" not present on node "kind-control-plane"
Image: "seldonio/fixed-model:0.1" with ID "sha256:d375f7ed3739ba985199a84957fd482f1e8323c184bc687f3ba65f54afeef6d4" not present on node "kind-worker"
kind load -v 3 docker-image seldonio/fixed-model:0.2
Image: "seldonio/fixed-model:0.2" with ID "sha256:7d6037bcae11ee47e78fa6e29ec13729c2d885eee3e10466e61aadc396dac308" not present on node "kind-control-plane"
Image: "seldonio/fixed-model:0.2" with ID "sha256:7d6037bcae11ee47e78fa6e29ec13729c2d885eee3e10466e61aadc396dac308" not present on node "kind-worker"
make[1]: Leaving directory '/workspace/source/testing/docker/fixed-model'
make -C ../docker/echo-model kind_load_image
make[1]: Entering directory '/workspace/source/testing/docker/echo-model'
s2i build \
	-E environment_rest \
	.\
	seldonio/seldon-core-s2i-python3:1.6.0-dev\
	seldonio/echo-model:0.1
---> Installing application source...
Collecting pip-licenses
Downloading https://files.pythonhosted.org/packages/89/05/3044295a5cf87c895022e915d888abdaa2ae7bdce741af462c9300fbebb3/pip_licenses-3.2.0-py3-none-any.whl
Collecting PTable (from pip-licenses)
Downloading https://files.pythonhosted.org/packages/ab/b3/b54301811173ca94119eb474634f120a49cd370f257d1aae5a4abaf12729/PTable-0.9.2.tar.gz
Building wheels for collected packages: PTable
Building wheel for PTable (setup.py): started
Building wheel for PTable (setup.py): finished with status 'done'
Created wheel for PTable: filename=PTable-0.9.2-cp37-none-any.whl size=22906 sha256=920ae2d445a6431bb1e1279111f82af61434aaf1bb28d53bb7541fd18d4ba48e
Stored in directory: /root/.cache/pip/wheels/22/cc/2e/55980bfe86393df3e9896146a01f6802978d09d7ebcba5ea56
Successfully built PTable
Installing collected packages: PTable, pip-licenses
Successfully installed PTable-0.9.2 pip-licenses-3.2.0
created path: ./licenses/license_info.csv
created path: ./licenses/license.txt
Build completed successfully
kind load -v 3 docker-image seldonio/echo-model:0.1
Image: "seldonio/echo-model:0.1" with ID "sha256:e3fc6cc29b97166a76db1f76cb91bd8e8beac2b47c1b3c8819b459baf1f21695" not present on node "kind-control-plane"
Image: "seldonio/echo-model:0.1" with ID "sha256:e3fc6cc29b97166a76db1f76cb91bd8e8beac2b47c1b3c8819b459baf1f21695" not present on node "kind-worker"
make[1]: Leaving directory '/workspace/source/testing/docker/echo-model'
Files changed in prepackaged folder:
SKIPPING PREPACKAGED IMAGE BUILD...
Files changed in alibi explain folder:
SKIPPING ALIBI EXPLAIN IMAGE BUILD...
Files changed in alibi detect folder:
SKIPPING ALIBI DETECT IMAGE BUILD...
Files changed in misc folders:
SKIPPING MISC IMAGE BUILD...
kubectl create namespace seldon || echo "Namespace seldon already exists"
namespace/seldon created
kubectl create namespace test1 || echo "Namespace test1 already exists"
namespace/test1 created
helm repo add seldonio https://storage.googleapis.com/seldon-charts
"seldonio" has been added to your repositories
helm repo add jaegertracing https://jaegertracing.github.io/helm-charts
"jaegertracing" has been added to your repositories
helm repo add datawire https://www.getambassador.io
"datawire" has been added to your repositories
helm repo update
Hang tight while we grab the latest from your chart repositories...
...Successfully got an update from the "seldonio" chart repository
...Successfully got an update from the "jaegertracing" chart repository
...Successfully got an update from the "datawire" chart repository
Update Complete. âŽˆ Happy Helming!âŽˆ 
helm upgrade ambassador \
	datawire/ambassador \
	-f ../resources/ambassador_values.yaml \
	--set image.repository=quay.io/datawire/ambassador \
	--set crds.keep=false \
	--set enableAES=false \
	--namespace seldon \
	--set replicaCount=1 \
	--wait --install
Release "ambassador" does not exist. Installing it now.
manifest_sorter.go:192: info: skipping unknown hook: "crd-install"
manifest_sorter.go:192: info: skipping unknown hook: "crd-install"
manifest_sorter.go:192: info: skipping unknown hook: "crd-install"
manifest_sorter.go:192: info: skipping unknown hook: "crd-install"
manifest_sorter.go:192: info: skipping unknown hook: "crd-install"
manifest_sorter.go:192: info: skipping unknown hook: "crd-install"
manifest_sorter.go:192: info: skipping unknown hook: "crd-install"
manifest_sorter.go:192: info: skipping unknown hook: "crd-install"
manifest_sorter.go:192: info: skipping unknown hook: "crd-install"
manifest_sorter.go:192: info: skipping unknown hook: "crd-install"
manifest_sorter.go:192: info: skipping unknown hook: "crd-install"
manifest_sorter.go:192: info: skipping unknown hook: "crd-install"
manifest_sorter.go:192: info: skipping unknown hook: "crd-install"
manifest_sorter.go:192: info: skipping unknown hook: "crd-install"
manifest_sorter.go:192: info: skipping unknown hook: "crd-install"
manifest_sorter.go:192: info: skipping unknown hook: "crd-install"
manifest_sorter.go:192: info: skipping unknown hook: "crd-install"
manifest_sorter.go:192: info: skipping unknown hook: "crd-install"
manifest_sorter.go:192: info: skipping unknown hook: "crd-install"
NAME: ambassador
LAST DEPLOYED: Fri Jan 22 14:46:38 2021
NAMESPACE: seldon
STATUS: deployed
REVISION: 1
NOTES:
-------------------------------------------------------------------------------
  Congratulations! You've successfully installed Ambassador!

-------------------------------------------------------------------------------
To get the IP address of Ambassador, run the following commands:
  export NODE_PORT=$(kubectl get --namespace seldon -o jsonpath="{.spec.ports[0].nodePort}" services ambassador)
  export NODE_IP=$(kubectl get nodes --namespace seldon -o jsonpath="{.items[0].status.addresses[0].address}")
  echo http://$NODE_IP:$NODE_PORT

For help, visit our Slack at https://d6e.co/slack or view the documentation online at https://www.getambassador.io.
curl -L https://istio.io/downloadIstio | ISTIO_VERSION=1.6.8 TARGET_ARCH=x86_64 sh -
  % Total    % Received % Xferd  Average Speed   Time    Time     Time  Current
                                 Dload  Upload   Total   Spent    Left  Speed
  0     0    0     0    0     0      0      0 --:--:-- --:--:-- --:--:--     0  0     0    0     0    0     0      0      0 --:--:-- --:--:-- --:--:--     0100   102  100   102    0     0    166      0 --:--:-- --:--:-- --:--:--   166
100  4579  100  4579    0     0   5702      0 --:--:-- --:--:-- --:--:--  5702

Downloading istio-1.6.8 from https://github.com/istio/istio/releases/download/1.6.8/istio-1.6.8-linux-amd64.tar.gz ...

Istio 1.6.8 Download Complete!

Istio has been successfully downloaded into the istio-1.6.8 folder on your system.

Next Steps:
See https://istio.io/latest/docs/setup/install/ to add Istio to your Kubernetes cluster.

To configure the istioctl client tool for your workstation,
add the /workspace/source/testing/scripts/istio-1.6.8/bin directory to your environment path variable with:
	 export PATH="$PATH:/workspace/source/testing/scripts/istio-1.6.8/bin"

Begin the Istio pre-installation check by running:
	 istioctl x precheck 

Need more information? Visit https://istio.io/latest/docs/setup/install/ 
istio-1.6.8/bin/istioctl install --set profile=demo
Detected that your cluster does not support third party JWT authentication. Falling back to less secure first party JWT. See https://istio.io/docs/ops/best-practices/security/#configure-third-party-service-account-tokens for details.

- Processing resources for Istio core.
- Processing resources for Istio core.
- Processing resources for Istio core.
- Processing resources for Istio core.
- Processing resources for Istio core.
- Processing resources for Istio core.
- Processing resources for Istio core.
- Processing resources for Istio core.
- Processing resources for Istio core.
- Processing resources for Istio core.
- Processing resources for Istio core.
- Processing resources for Istio core.
- Processing resources for Istio core.
- Processing resources for Istio core.
- Processing resources for Istio core.
- Processing resources for Istio core.
- Processing resources for Istio core.
- Processing resources for Istio core.
- Processing resources for Istio core.
- Processing resources for Istio core.
- Processing resources for Istio core.
- Processing resources for Istio core.
- Processing resources for Istio core.
- Processing resources for Istio core.
- Processing resources for Istio core.
- Processing resources for Istio core.
- Processing resources for Istio core.
- Processing resources for Istio core.
- Processing resources for Istio core.
- Processing resources for Istio core.
- Processing resources for Istio core.
- Processing resources for Istio core.
âœ” Istio core installed
- Processing resources for Istiod.
- Processing resources for Istiod.
- Processing resources for Istiod.
- Processing resources for Istiod.
- Processing resources for Istiod.
- Processing resources for Istiod.
- Processing resources for Istiod.
- Processing resources for Istiod.
- Processing resources for Istiod.
- Processing resources for Istiod.
- Processing resources for Istiod.
- Processing resources for Istiod.
- Processing resources for Istiod.
- Processing resources for Istiod.
- Processing resources for Istiod.
- Processing resources for Istiod.
- Processing resources for Istiod. Waiting for Deployment/istio-system/istiod
- Processing resources for Istiod. Waiting for Deployment/istio-system/istiod
- Processing resources for Istiod. Waiting for Deployment/istio-system/istiod
- Processing resources for Istiod. Waiting for Deployment/istio-system/istiod
- Processing resources for Istiod. Waiting for Deployment/istio-system/istiod
- Processing resources for Istiod. Waiting for Deployment/istio-system/istiod
- Processing resources for Istiod. Waiting for Deployment/istio-system/istiod
- Processing resources for Istiod. Waiting for Deployment/istio-system/istiod
- Processing resources for Istiod. Waiting for Deployment/istio-system/istiod
âœ” Istiod installed
- Processing resources for Egress gateways, Ingress gateways.
- Processing resources for Egress gateways, Ingress gateways.
- Processing resources for Egress gateways, Ingress gateways.
- Processing resources for Egress gateways, Ingress gateways.
- Processing resources for Egress gateways, Ingress gateways.
- Processing resources for Egress gateways, Ingress gateways.
- Processing resources for Egress gateways, Ingress gateways.
- Processing resources for Egress gateways, Ingress gateways.
- Processing resources for Egress gateways, Ingress gateways.
- Processing resources for Egress gateways, Ingress gateways. Waiting for Deployment/istio-system...
- Processing resources for Egress gateways, Ingress gateways. Waiting for Deployment/istio-system...
- Processing resources for Egress gateways, Ingress gateways. Waiting for Deployment/istio-system...
- Processing resources for Addons, Egress gateways, Ingress gateways. Waiting for Deployment/isti...
- Processing resources for Addons, Egress gateways, Ingress gateways. Waiting for Deployment/isti...
- Processing resources for Addons, Egress gateways, Ingress gateways. Waiting for Deployment/isti...
- Processing resources for Addons, Egress gateways, Ingress gateways. Waiting for Deployment/isti...
- Processing resources for Addons, Egress gateways, Ingress gateways. Waiting for Deployment/isti...
- Processing resources for Addons, Egress gateways, Ingress gateways. Waiting for Deployment/isti...
- Processing resources for Addons, Egress gateways, Ingress gateways. Waiting for Deployment/isti...
- Processing resources for Addons, Egress gateways, Ingress gateways. Waiting for Deployment/isti...
- Processing resources for Addons, Egress gateways, Ingress gateways. Waiting for Deployment/isti...
- Processing resources for Addons, Egress gateways, Ingress gateways. Waiting for Deployment/isti...
- Processing resources for Addons, Egress gateways, Ingress gateways. Waiting for Deployment/isti...
- Processing resources for Addons, Egress gateways, Ingress gateways. Waiting for Deployment/isti...
- Processing resources for Addons, Egress gateways, Ingress gateways. Waiting for Deployment/isti...
- Processing resources for Addons, Egress gateways, Ingress gateways. Waiting for Deployment/isti...
- Processing resources for Addons, Egress gateways, Ingress gateways. Waiting for Deployment/isti...
- Processing resources for Addons, Egress gateways, Ingress gateways. Waiting for Deployment/isti...
- Processing resources for Addons, Egress gateways, Ingress gateways. Waiting for Deployment/isti...
- Processing resources for Addons, Egress gateways, Ingress gateways. Waiting for Deployment/isti...
- Processing resources for Addons, Egress gateways, Ingress gateways. Waiting for Deployment/isti...
- Processing resources for Addons, Egress gateways, Ingress gateways. Waiting for Deployment/isti...
- Processing resources for Addons, Egress gateways, Ingress gateways. Waiting for Deployment/isti...
- Processing resources for Addons, Egress gateways, Ingress gateways. Waiting for Deployment/isti...
- Processing resources for Addons, Egress gateways, Ingress gateways. Waiting for Deployment/isti...
- Processing resources for Addons, Egress gateways, Ingress gateways. Waiting for Deployment/isti...
- Processing resources for Addons, Egress gateways, Ingress gateways. Waiting for Deployment/isti...
- Processing resources for Addons, Egress gateways, Ingress gateways. Waiting for Deployment/isti...
- Processing resources for Addons, Egress gateways, Ingress gateways. Waiting for Deployment/isti...
- Processing resources for Addons, Egress gateways, Ingress gateways. Waiting for Deployment/isti...
- Processing resources for Addons, Egress gateways, Ingress gateways. Waiting for Deployment/isti...
- Processing resources for Addons, Egress gateways, Ingress gateways. Waiting for Deployment/isti...
- Processing resources for Addons, Egress gateways, Ingress gateways. Waiting for Deployment/isti...
- Processing resources for Addons, Egress gateways, Ingress gateways. Waiting for Deployment/isti...
- Processing resources for Addons, Egress gateways, Ingress gateways. Waiting for Deployment/isti...
- Processing resources for Addons, Egress gateways, Ingress gateways. Waiting for Deployment/isti...
- Processing resources for Addons, Egress gateways, Ingress gateways. Waiting for Deployment/isti...
- Processing resources for Addons, Egress gateways, Ingress gateways. Waiting for Deployment/isti...
- Processing resources for Addons, Egress gateways, Ingress gateways. Waiting for Deployment/isti...
- Processing resources for Addons, Egress gateways, Ingress gateways. Waiting for Deployment/isti...
- Processing resources for Addons, Egress gateways, Ingress gateways. Waiting for Deployment/isti...
- Processing resources for Addons, Egress gateways, Ingress gateways. Waiting for Deployment/isti...
- Processing resources for Addons, Egress gateways, Ingress gateways. Waiting for Deployment/isti...
- Processing resources for Addons, Egress gateways, Ingress gateways. Waiting for Deployment/isti...
- Processing resources for Addons, Egress gateways, Ingress gateways. Waiting for Deployment/isti...
- Processing resources for Addons, Egress gateways, Ingress gateways. Waiting for Deployment/isti...
- Processing resources for Addons, Egress gateways, Ingress gateways. Waiting for Deployment/isti...
- Processing resources for Addons, Egress gateways, Ingress gateways. Waiting for Deployment/isti...
- Processing resources for Addons, Egress gateways, Ingress gateways. Waiting for Deployment/isti...
- Processing resources for Addons, Egress gateways, Ingress gateways. Waiting for Deployment/isti...
- Processing resources for Addons, Egress gateways, Ingress gateways. Waiting for Deployment/isti...
- Processing resources for Addons, Egress gateways, Ingress gateways. Waiting for Deployment/isti...
âœ” Egress gateways installed
âœ” Ingress gateways installed
- Processing resources for Addons. Waiting for Deployment/istio-system/grafana, Deployment/istio-...
- Processing resources for Addons. Waiting for Deployment/istio-system/grafana, Deployment/istio-...
- Processing resources for Addons. Waiting for Deployment/istio-system/grafana, Deployment/istio-...
- Processing resources for Addons. Waiting for Deployment/istio-system/grafana, Deployment/istio-...
- Processing resources for Addons. Waiting for Deployment/istio-system/grafana, Deployment/istio-...
- Processing resources for Addons. Waiting for Deployment/istio-system/grafana, Deployment/istio-...
- Processing resources for Addons. Waiting for Deployment/istio-system/grafana, Deployment/istio-...
- Processing resources for Addons. Waiting for Deployment/istio-system/grafana, Deployment/istio-...
- Processing resources for Addons. Waiting for Deployment/istio-system/grafana, Deployment/istio-...
- Processing resources for Addons. Waiting for Deployment/istio-system/grafana, Deployment/istio-...
- Processing resources for Addons. Waiting for Deployment/istio-system/grafana, Deployment/istio-...
- Processing resources for Addons. Waiting for Deployment/istio-system/grafana, Deployment/istio-...
- Processing resources for Addons. Waiting for Deployment/istio-system/grafana, Deployment/istio-...
- Processing resources for Addons. Waiting for Deployment/istio-system/grafana, Deployment/istio-...
- Processing resources for Addons. Waiting for Deployment/istio-system/grafana, Deployment/istio-...
- Processing resources for Addons. Waiting for Deployment/istio-system/grafana, Deployment/istio-...
- Processing resources for Addons. Waiting for Deployment/istio-system/grafana, Deployment/istio-...
- Processing resources for Addons. Waiting for Deployment/istio-system/grafana, Deployment/istio-...
- Processing resources for Addons. Waiting for Deployment/istio-system/grafana, Deployment/istio-...
- Processing resources for Addons. Waiting for Deployment/istio-system/grafana, Deployment/istio-...
- Processing resources for Addons. Waiting for Deployment/istio-system/grafana, Deployment/istio-...
- Processing resources for Addons. Waiting for Deployment/istio-system/grafana, Deployment/istio-...
- Processing resources for Addons. Waiting for Deployment/istio-system/grafana, Deployment/istio-...
- Processing resources for Addons. Waiting for Deployment/istio-system/grafana, Deployment/istio-...
- Processing resources for Addons. Waiting for Deployment/istio-system/grafana, Deployment/istio-...
- Processing resources for Addons. Waiting for Deployment/istio-system/grafana, Deployment/istio-...
- Processing resources for Addons. Waiting for Deployment/istio-system/grafana, Deployment/istio-...
- Processing resources for Addons. Waiting for Deployment/istio-system/grafana, Deployment/istio-...
- Processing resources for Addons. Waiting for Deployment/istio-system/kiali, Deployment/istio-sy...
- Processing resources for Addons. Waiting for Deployment/istio-system/kiali, Deployment/istio-sy...
- Processing resources for Addons. Waiting for Deployment/istio-system/kiali, Deployment/istio-sy...
- Processing resources for Addons. Waiting for Deployment/istio-system/kiali
- Processing resources for Addons. Waiting for Deployment/istio-system/kiali
- Processing resources for Addons. Waiting for Deployment/istio-system/kiali
- Processing resources for Addons. Waiting for Deployment/istio-system/kiali
- Processing resources for Addons. Waiting for Deployment/istio-system/kiali
- Processing resources for Addons. Waiting for Deployment/istio-system/kiali
- Processing resources for Addons. Waiting for Deployment/istio-system/kiali
- Processing resources for Addons. Waiting for Deployment/istio-system/kiali
- Processing resources for Addons. Waiting for Deployment/istio-system/kiali
âœ” Addons installed
- Pruning removed resources
kubectl patch svc istio-ingressgateway -n istio-system --patch "$(cat ../resources/istio-ingressgateway-patch.yaml)"
service/istio-ingressgateway patched
kubectl create -f ../resources/seldon-gateway.yaml -n istio-system
gateway.networking.istio.io/seldon-gateway created
kubectl apply -f https://github.com/kedacore/keda/releases/download/v2.0.0/keda-2.0.0.yaml
namespace/keda created
customresourcedefinition.apiextensions.k8s.io/scaledjobs.keda.sh created
customresourcedefinition.apiextensions.k8s.io/scaledobjects.keda.sh created
customresourcedefinition.apiextensions.k8s.io/triggerauthentications.keda.sh created
serviceaccount/keda-operator created
clusterrole.rbac.authorization.k8s.io/keda-external-metrics-reader created
clusterrole.rbac.authorization.k8s.io/keda-operator created
rolebinding.rbac.authorization.k8s.io/keda-auth-reader created
clusterrolebinding.rbac.authorization.k8s.io/keda-hpa-controller-external-metrics created
clusterrolebinding.rbac.authorization.k8s.io/keda-operator created
clusterrolebinding.rbac.authorization.k8s.io/keda:system:auth-delegator created
service/keda-metrics-apiserver created
deployment.apps/keda-metrics-apiserver created
deployment.apps/keda-operator created
apiservice.apiregistration.k8s.io/v1beta1.external.metrics.k8s.io created
helm upgrade jaeger-operator \
	jaegertracing/jaeger-operator \
	--set rbac.clusterRole=true \
	--namespace seldon \
	--wait --install
Release "jaeger-operator" does not exist. Installing it now.
âœ” Installation completemanifest_sorter.go:192: info: skipping unknown hook: "crd-install"
NAME: jaeger-operator
LAST DEPLOYED: Fri Jan 22 14:50:22 2021
NAMESPACE: seldon
STATUS: deployed
REVISION: 1
TEST SUITE: None
NOTES:
jaeger-operator is installed.


Check the jaeger-operator logs
  export POD=$(kubectl get pods -l app.kubernetes.io/instance=jaeger-operator -lapp.kubernetes.io/name=jaeger-operator --namespace seldon --output name)
  kubectl logs $POD --namespace=seldon
kubectl apply -f ../resources/jaeger.yaml --namespace seldon
jaeger.jaegertracing.io/jaeger created
mapping.getambassador.io/jaeger created
kubectl create namespace seldon-system || echo "namespace seldon-system exists"
namespace/seldon-system created
helm delete seldon --namespace seldon-system || echo "seldon-core not installed"
Error: uninstall: Release not loaded: seldon: release: not found
seldon-core not installed
helm upgrade seldon \
	../../helm-charts/seldon-core-operator \
	--namespace seldon-system \
	--set istio.enabled=true \
	--set keda.enabled=true \
	--set istio.gateway=istio-system/seldon-gateway \
	--set certManager.enabled=false \
	--set executor.enabled="true" \
	--wait --install
Release "seldon" does not exist. Installing it now.
NAME: seldon
LAST DEPLOYED: Fri Jan 22 14:51:03 2021
NAMESPACE: seldon-system
STATUS: deployed
REVISION: 1
TEST SUITE: None
kubectl config set-context $(kubectl config current-context) --namespace=seldon
Context "kind-kind" modified.
kubectl apply -f metrics.yaml
clusterrole.rbac.authorization.k8s.io/system:aggregated-metrics-reader created
clusterrolebinding.rbac.authorization.k8s.io/metrics-server:system:auth-delegator created
rolebinding.rbac.authorization.k8s.io/metrics-server-auth-reader created
apiservice.apiregistration.k8s.io/v1beta1.metrics.k8s.io created
serviceaccount/metrics-server created
deployment.apps/metrics-server created
service/metrics-server created
clusterrole.rbac.authorization.k8s.io/system:metrics-server created
clusterrolebinding.rbac.authorization.k8s.io/system:metrics-server created
make: Entering directory '/workspace/source/python'
pip install -e . -r requirements-dev.txt
Obtaining file:///workspace/source/python
Collecting black==20.8b1
  Downloading black-20.8b1.tar.gz (1.1 MB)
  Installing build dependencies: started
  Installing build dependencies: finished with status 'done'
  Getting requirements to build wheel: started
  Getting requirements to build wheel: finished with status 'done'
    Preparing wheel metadata: started
    Preparing wheel metadata: finished with status 'done'
Collecting flake8==3.8.1
  Downloading flake8-3.8.1-py2.py3-none-any.whl (72 kB)
Collecting mypy<0.791
  Downloading mypy-0.790-cp36-cp36m-manylinux1_x86_64.whl (21.0 MB)
Collecting Pillow==8.1.0
  Downloading Pillow-8.1.0-cp36-cp36m-manylinux1_x86_64.whl (2.2 MB)
Collecting pytest==6.2.1
  Downloading pytest-6.2.1-py3-none-any.whl (279 kB)
Collecting pytest-cov==2.10.1
  Downloading pytest_cov-2.10.1-py2.py3-none-any.whl (19 kB)
Collecting tox<4.0.0
  Downloading tox-3.21.2-py2.py3-none-any.whl (84 kB)
Collecting grpcio-tools==1.33.2
  Downloading grpcio_tools-1.33.2-cp36-cp36m-manylinux2014_x86_64.whl (2.5 MB)
Collecting mypy-protobuf==1.22
  Downloading mypy_protobuf-1.22-py3-none-any.whl (7.5 kB)
Collecting tenacity==6.3.1
  Downloading tenacity-6.3.1-py2.py3-none-any.whl (36 kB)
Collecting coverage==5.3.1
  Downloading coverage-5.3.1-cp36-cp36m-manylinux2010_x86_64.whl (241 kB)
Collecting pandas==1.1.0
  Downloading pandas-1.1.0-cp36-cp36m-manylinux1_x86_64.whl (10.5 MB)
Collecting pip-licenses==3.1.0
  Downloading pip_licenses-3.1.0-py3-none-any.whl (15 kB)
Collecting Flask<2.0.0
  Downloading Flask-1.1.2-py2.py3-none-any.whl (94 kB)
Requirement already satisfied: jsonschema<4.0.0 in /usr/local/lib/python3.6/site-packages (from seldon-core==1.6.0.dev0) (3.2.0)
Collecting Flask-cors<4.0.0
  Downloading Flask_Cors-3.0.10-py2.py3-none-any.whl (14 kB)
Collecting redis<4.0.0
  Downloading redis-3.5.3-py2.py3-none-any.whl (72 kB)
Requirement already satisfied: requests<3.0.0 in /usr/local/lib/python3.6/site-packages (from seldon-core==1.6.0.dev0) (2.24.0)
Requirement already satisfied: numpy<2.0.0 in /usr/local/lib/python3.6/site-packages (from seldon-core==1.6.0.dev0) (1.19.2)
Collecting flatbuffers<2.0.0
  Downloading flatbuffers-1.12-py2.py3-none-any.whl (15 kB)
Requirement already satisfied: protobuf<4.0.0 in /usr/local/lib/python3.6/site-packages (from seldon-core==1.6.0.dev0) (3.13.0)
Requirement already satisfied: grpcio<2.0.0 in /usr/local/lib/python3.6/site-packages (from seldon-core==1.6.0.dev0) (1.32.0)
Collecting Flask-OpenTracing<1.2.0,>=1.1.0
  Downloading Flask-OpenTracing-1.1.0.tar.gz (8.2 kB)
Collecting opentracing<2.5.0,>=2.2.0
  Downloading opentracing-2.4.0.tar.gz (46 kB)
Collecting jaeger-client<4.5.0,>=4.1.0
  Downloading jaeger-client-4.4.0.tar.gz (83 kB)
Collecting grpcio-opentracing<1.2.0,>=1.1.4
  Downloading grpcio_opentracing-1.1.4-py3-none-any.whl (14 kB)
Collecting grpcio-reflection<1.35.0
  Downloading grpcio-reflection-1.34.1.tar.gz (11 kB)
Requirement already satisfied: PyYAML<5.4 in /usr/local/lib/python3.6/site-packages (from seldon-core==1.6.0.dev0) (5.3.1)
Collecting gunicorn<20.1.0,>=19.9.0
  Downloading gunicorn-20.0.4-py2.py3-none-any.whl (77 kB)
Requirement already satisfied: setuptools>=41.0.0 in /usr/local/lib/python3.6/site-packages (from seldon-core==1.6.0.dev0) (50.3.0)
Requirement already satisfied: prometheus_client<0.9.0,>=0.7.1 in /usr/local/lib/python3.6/site-packages (from seldon-core==1.6.0.dev0) (0.8.0)
Collecting regex>=2020.1.8
  Downloading regex-2020.11.13-cp36-cp36m-manylinux2014_x86_64.whl (723 kB)
Collecting click>=7.1.2
  Downloading click-7.1.2-py2.py3-none-any.whl (82 kB)
Collecting dataclasses>=0.6; python_version < "3.7"
  Downloading dataclasses-0.8-py3-none-any.whl (19 kB)
Requirement already satisfied: typing-extensions>=3.7.4 in /usr/local/lib/python3.6/site-packages (from black==20.8b1->-r requirements-dev.txt (line 2)) (3.7.4.3)
Collecting pathspec<1,>=0.6
  Downloading pathspec-0.8.1-py2.py3-none-any.whl (28 kB)
Collecting toml>=0.10.1
  Downloading toml-0.10.2-py2.py3-none-any.whl (16 kB)
Collecting typed-ast>=1.4.0
  Downloading typed_ast-1.4.2-cp36-cp36m-manylinux1_x86_64.whl (743 kB)
Collecting appdirs
  Downloading appdirs-1.4.4-py2.py3-none-any.whl (9.6 kB)
Collecting mypy-extensions>=0.4.3
  Downloading mypy_extensions-0.4.3-py2.py3-none-any.whl (4.5 kB)
Collecting pycodestyle<2.7.0,>=2.6.0a1
  Downloading pycodestyle-2.6.0-py2.py3-none-any.whl (41 kB)
Requirement already satisfied: importlib-metadata; python_version < "3.8" in /usr/local/lib/python3.6/site-packages (from flake8==3.8.1->-r requirements-dev.txt (line 3)) (2.0.0)
Collecting mccabe<0.7.0,>=0.6.0
  Downloading mccabe-0.6.1-py2.py3-none-any.whl (8.6 kB)
Collecting pyflakes<2.3.0,>=2.2.0
  Downloading pyflakes-2.2.0-py2.py3-none-any.whl (66 kB)
Requirement already satisfied: packaging in /usr/local/lib/python3.6/site-packages (from pytest==6.2.1->-r requirements-dev.txt (line 6)) (20.4)
Requirement already satisfied: pluggy<1.0.0a1,>=0.12 in /usr/local/lib/python3.6/site-packages (from pytest==6.2.1->-r requirements-dev.txt (line 6)) (0.13.1)
Requirement already satisfied: py>=1.8.2 in /usr/local/lib/python3.6/site-packages (from pytest==6.2.1->-r requirements-dev.txt (line 6)) (1.9.0)
Collecting iniconfig
  Downloading iniconfig-1.1.1-py2.py3-none-any.whl (5.0 kB)
Requirement already satisfied: attrs>=19.2.0 in /usr/local/lib/python3.6/site-packages (from pytest==6.2.1->-r requirements-dev.txt (line 6)) (20.2.0)
Requirement already satisfied: six>=1.14.0 in /usr/local/lib/python3.6/site-packages (from tox<4.0.0->-r requirements-dev.txt (line 8)) (1.15.0)
Collecting virtualenv!=20.0.0,!=20.0.1,!=20.0.2,!=20.0.3,!=20.0.4,!=20.0.5,!=20.0.6,!=20.0.7,>=16.0.0
  Downloading virtualenv-20.4.0-py2.py3-none-any.whl (5.7 MB)
Collecting filelock>=3.0.0
  Downloading filelock-3.0.12-py3-none-any.whl (7.6 kB)
Requirement already satisfied: pytz>=2017.2 in /usr/local/lib/python3.6/site-packages (from pandas==1.1.0->-r requirements-dev.txt (line 19)) (2020.1)
Requirement already satisfied: python-dateutil>=2.7.3 in /usr/local/lib/python3.6/site-packages (from pandas==1.1.0->-r requirements-dev.txt (line 19)) (2.8.1)
Collecting PTable
  Downloading PTable-0.9.2.tar.gz (31 kB)
Requirement already satisfied: Werkzeug>=0.15 in /usr/local/lib/python3.6/site-packages (from Flask<2.0.0->seldon-core==1.6.0.dev0) (1.0.1)
Collecting itsdangerous>=0.24
  Downloading itsdangerous-1.1.0-py2.py3-none-any.whl (16 kB)
Requirement already satisfied: Jinja2>=2.10.1 in /usr/local/lib/python3.6/site-packages (from Flask<2.0.0->seldon-core==1.6.0.dev0) (2.11.2)
Requirement already satisfied: pyrsistent>=0.14.0 in /usr/local/lib/python3.6/site-packages (from jsonschema<4.0.0->seldon-core==1.6.0.dev0) (0.17.3)
Requirement already satisfied: certifi>=2017.4.17 in /usr/local/lib/python3.6/site-packages (from requests<3.0.0->seldon-core==1.6.0.dev0) (2020.6.20)
Requirement already satisfied: urllib3!=1.25.0,!=1.25.1,<1.26,>=1.21.1 in /usr/local/lib/python3.6/site-packages (from requests<3.0.0->seldon-core==1.6.0.dev0) (1.25.10)
Requirement already satisfied: chardet<4,>=3.0.2 in /usr/local/lib/python3.6/site-packages (from requests<3.0.0->seldon-core==1.6.0.dev0) (3.0.4)
Requirement already satisfied: idna<3,>=2.5 in /usr/local/lib/python3.6/site-packages (from requests<3.0.0->seldon-core==1.6.0.dev0) (2.10)
Collecting threadloop<2,>=1
  Downloading threadloop-1.0.2.tar.gz (4.9 kB)
Collecting thrift
  Downloading thrift-0.13.0.tar.gz (59 kB)
Requirement already satisfied: tornado>=4.3 in /usr/local/lib/python3.6/site-packages (from jaeger-client<4.5.0,>=4.1.0->seldon-core==1.6.0.dev0) (6.0.4)
Requirement already satisfied: zipp>=0.5 in /usr/local/lib/python3.6/site-packages (from importlib-metadata; python_version < "3.8"->flake8==3.8.1->-r requirements-dev.txt (line 3)) (3.3.0)
Requirement already satisfied: pyparsing>=2.0.2 in /usr/local/lib/python3.6/site-packages (from packaging->pytest==6.2.1->-r requirements-dev.txt (line 6)) (2.4.7)
Collecting importlib-resources>=1.0; python_version < "3.7"
  Downloading importlib_resources-5.1.0-py3-none-any.whl (24 kB)
Collecting distlib<1,>=0.3.1
  Downloading distlib-0.3.1-py2.py3-none-any.whl (335 kB)
Requirement already satisfied: MarkupSafe>=0.23 in /usr/local/lib/python3.6/site-packages (from Jinja2>=2.10.1->Flask<2.0.0->seldon-core==1.6.0.dev0) (1.1.1)
Building wheels for collected packages: black, Flask-OpenTracing, opentracing, jaeger-client, grpcio-reflection, PTable, threadloop, thrift
  Building wheel for black (PEP 517): started
  Building wheel for black (PEP 517): finished with status 'done'
  Created wheel for black: filename=black-20.8b1-py3-none-any.whl size=124184 sha256=6fc541392a74e9af75cfc5d4e875d938ce6096b98f038fc08594273a353fa66d
  Stored in directory: /builder/home/.cache/pip/wheels/dd/c8/94/e774504958e4667180d81202d1d45cdc35d6222ae39229871b
  Building wheel for Flask-OpenTracing (setup.py): started
  Building wheel for Flask-OpenTracing (setup.py): finished with status 'done'
  Created wheel for Flask-OpenTracing: filename=Flask_OpenTracing-1.1.0-py3-none-any.whl size=9071 sha256=808e674023f3e2a9d637fa54e2e64098bba6e6b8200f5fd1328226ab85ecbf55
  Stored in directory: /builder/home/.cache/pip/wheels/ad/4b/2d/24ff0da0a0b53c7c77ce59b843bcceaf644c88703241e59615
  Building wheel for opentracing (setup.py): started
  Building wheel for opentracing (setup.py): finished with status 'done'
  Created wheel for opentracing: filename=opentracing-2.4.0-py3-none-any.whl size=51400 sha256=7e7e4c94d5a2710c7ae6e26847e7d6a59f51783ec4efb87ca00e7c26b6075a94
  Stored in directory: /builder/home/.cache/pip/wheels/83/73/4c/0e331f57d4702becb1fca9d9148277aca96d127bd838faf85e
  Building wheel for jaeger-client (setup.py): started
  Building wheel for jaeger-client (setup.py): finished with status 'done'
  Created wheel for jaeger-client: filename=jaeger_client-4.4.0-py3-none-any.whl size=64325 sha256=45319fd16b121d486d46a23cbb87dc5fbd3aee8ac9644df3f5aa2f6744c82450
  Stored in directory: /builder/home/.cache/pip/wheels/6e/ea/ec/560f1cffece42c70b9c68b1dc3519c769883650396adcb90b7
  Building wheel for grpcio-reflection (setup.py): started
  Building wheel for grpcio-reflection (setup.py): finished with status 'done'
  Created wheel for grpcio-reflection: filename=grpcio_reflection-1.34.1-py3-none-any.whl size=14415 sha256=9ce7c53c6e24d7cfceb61ad0e2b4571eab9bd787546277df73b28a65992075f0
  Stored in directory: /builder/home/.cache/pip/wheels/9b/84/80/81f4dc4afff82cce892567df37472395abf1a1bb675caec1ec
  Building wheel for PTable (setup.py): started
  Building wheel for PTable (setup.py): finished with status 'done'
  Created wheel for PTable: filename=PTable-0.9.2-py3-none-any.whl size=22907 sha256=6d53c2559f20825478d04565b7fd9dde568a7d81825d7fd6ba4fc77277d05f20
  Stored in directory: /builder/home/.cache/pip/wheels/f3/65/67/71f473ec87ea4554d1bdfb1b5128cfe1414c2b113b72a1ee8e
  Building wheel for threadloop (setup.py): started
  Building wheel for threadloop (setup.py): finished with status 'done'
  Created wheel for threadloop: filename=threadloop-1.0.2-py3-none-any.whl size=3425 sha256=0a6e0cd1ab08bcafb89fa0eb381a58f98d4724ef13973b8c9f7d5e9983ed17d9
  Stored in directory: /builder/home/.cache/pip/wheels/02/54/65/9f87de48fe8fcaaee30f279973d946ad55f9df56b93b3e78da
  Building wheel for thrift (setup.py): started
  Building wheel for thrift (setup.py): finished with status 'done'
  Created wheel for thrift: filename=thrift-0.13.0-cp36-cp36m-linux_x86_64.whl size=483918 sha256=ef92f524aebcb501c0fd93877eca5e8e4622f494b0b114c664629d014d0ba178
  Stored in directory: /builder/home/.cache/pip/wheels/e0/38/fc/472fe18756b177b42096961f8bd3ff2dc5c5620ac399fce52d
Successfully built black Flask-OpenTracing opentracing jaeger-client grpcio-reflection PTable threadloop thrift
Installing collected packages: regex, click, dataclasses, pathspec, toml, typed-ast, appdirs, mypy-extensions, black, pycodestyle, mccabe, pyflakes, flake8, mypy, Pillow, iniconfig, pytest, coverage, pytest-cov, filelock, importlib-resources, distlib, virtualenv, tox, grpcio-tools, mypy-protobuf, tenacity, pandas, PTable, pip-licenses, itsdangerous, Flask, Flask-cors, redis, flatbuffers, opentracing, Flask-OpenTracing, threadloop, thrift, jaeger-client, grpcio-opentracing, grpcio-reflection, gunicorn, seldon-core
  Attempting uninstall: Pillow
    Found existing installation: Pillow 7.2.0
    Uninstalling Pillow-7.2.0:
      Successfully uninstalled Pillow-7.2.0
  Attempting uninstall: pytest
    Found existing installation: pytest 5.3.1
    Uninstalling pytest-5.3.1:
      Successfully uninstalled pytest-5.3.1
  Attempting uninstall: coverage
    Found existing installation: coverage 4.5.4
    Uninstalling coverage-4.5.4:
      Successfully uninstalled coverage-4.5.4
  Attempting uninstall: pytest-cov
    Found existing installation: pytest-cov 2.8.1
    Uninstalling pytest-cov-2.8.1:
      Successfully uninstalled pytest-cov-2.8.1
  Attempting uninstall: grpcio-tools
    Found existing installation: grpcio-tools 1.32.0
    Uninstalling grpcio-tools-1.32.0:
      Successfully uninstalled grpcio-tools-1.32.0
  Attempting uninstall: tenacity
    Found existing installation: tenacity 6.0.0
    Uninstalling tenacity-6.0.0:
      Successfully uninstalled tenacity-6.0.0
  Attempting uninstall: pandas
    Found existing installation: pandas 1.1.3
    Uninstalling pandas-1.1.3:
      Successfully uninstalled pandas-1.1.3
  Running setup.py develop for seldon-core
ERROR: After October 2020 you may experience errors when installing or updating packages. This is because pip will change the way that it resolves dependency conflicts.

We recommend you use --use-feature=2020-resolver to test your packages with the new resolver before it becomes the default.

Successfully installed Flask-1.1.2 Flask-OpenTracing-1.1.0 Flask-cors-3.0.10 PTable-0.9.2 Pillow-8.1.0 appdirs-1.4.4 black-20.8b1 click-7.1.2 coverage-5.3.1 dataclasses-0.8 distlib-0.3.1 filelock-3.0.12 flake8-3.8.1 flatbuffers-1.12 grpcio-opentracing-1.1.4 grpcio-reflection-1.34.1 grpcio-tools-1.33.2 gunicorn-20.0.4 importlib-resources-5.1.0 iniconfig-1.1.1 itsdangerous-1.1.0 jaeger-client-4.4.0 mccabe-0.6.1 mypy-0.790 mypy-extensions-0.4.3 mypy-protobuf-1.22 opentracing-2.4.0 pandas-1.1.0 pathspec-0.8.1 pip-licenses-3.1.0 pycodestyle-2.6.0 pyflakes-2.2.0 pytest-6.2.1 pytest-cov-2.10.1 redis-3.5.3 regex-2020.11.13 seldon-core tenacity-6.3.1 threadloop-1.0.2 thrift-0.13.0 toml-0.10.2 tox-3.21.2 typed-ast-1.4.2 virtualenv-20.4.0
grpcio-tools 1.33.2 requires grpcio>=1.33.2, but you'll have grpcio 1.32.0 which is incompatible.
alibi 0.5.2 requires tensorflow>=2.0, but you'll have tensorflow 1.15.4 which is incompatible.
grpcio-reflection 1.34.1 requires grpcio>=1.34.1, but you'll have grpcio 1.32.0 which is incompatible.
WARNING: You are using pip version 20.2.3; however, version 20.3.3 is available.
You should consider upgrading via the '/usr/local/bin/python -m pip install --upgrade pip' command.
make: Leaving directory '/workspace/source/python'
cp ../../proto/prediction.proto ./proto
cd ../../proto/tensorflow && make create_protos
make[1]: Entering directory '/workspace/source/proto/tensorflow'
./create-protos.sh
Downloading proto files for master
make[1]: Leaving directory '/workspace/source/proto/tensorflow'
cp -vr ../../proto/tensorflow/tensorflow .
'../../proto/tensorflow/tensorflow' -> './tensorflow'
'../../proto/tensorflow/tensorflow/core' -> './tensorflow/core'
'../../proto/tensorflow/tensorflow/core/framework' -> './tensorflow/core/framework'
'../../proto/tensorflow/tensorflow/core/framework/types.proto' -> './tensorflow/core/framework/types.proto'
'../../proto/tensorflow/tensorflow/core/framework/resource_handle.proto' -> './tensorflow/core/framework/resource_handle.proto'
'../../proto/tensorflow/tensorflow/core/framework/tensor_shape.proto' -> './tensorflow/core/framework/tensor_shape.proto'
'../../proto/tensorflow/tensorflow/core/framework/tensor.proto' -> './tensorflow/core/framework/tensor.proto'
python -m grpc.tools.protoc -I. --python_out=. --grpc_python_out=. ./proto/prediction.proto
cd ../../notebooks && make build_protos
make[1]: Entering directory '/workspace/source/notebooks'
cd ../proto/tensorflow && make create_protos
make[2]: Entering directory '/workspace/source/proto/tensorflow'
make[2]: Nothing to be done for 'create_protos'.
make[2]: Leaving directory '/workspace/source/proto/tensorflow'
cp -vr ../proto/tensorflow/tensorflow .
'../proto/tensorflow/tensorflow' -> './tensorflow'
'../proto/tensorflow/tensorflow/core' -> './tensorflow/core'
'../proto/tensorflow/tensorflow/core/framework' -> './tensorflow/core/framework'
'../proto/tensorflow/tensorflow/core/framework/types.proto' -> './tensorflow/core/framework/types.proto'
'../proto/tensorflow/tensorflow/core/framework/resource_handle.proto' -> './tensorflow/core/framework/resource_handle.proto'
'../proto/tensorflow/tensorflow/core/framework/tensor_shape.proto' -> './tensorflow/core/framework/tensor_shape.proto'
'../proto/tensorflow/tensorflow/core/framework/tensor.proto' -> './tensorflow/core/framework/tensor.proto'
cp ../proto/prediction.proto ./proto
python -m grpc.tools.protoc -I. --python_out=. --grpc_python_out=. ./proto/prediction.proto
make[1]: Leaving directory '/workspace/source/notebooks'
cd ../../proto/k8s && make create_protos
make[1]: Entering directory '/workspace/source/proto/k8s'
./create-k8s-protos.sh
Downloading proto files for master
Munging proto file packages
sed -i.bak 's|import "k8s.io/apiextensions-apiserver/|//import "k8s.io/apiextensions-apiserver/|' k8s.io/api/core/v1/generated.proto
rm k8s.io/api/core/v1/generated.proto.bak
make[1]: Leaving directory '/workspace/source/proto/k8s'
pip install -r dev_requirements.txt
Collecting pytest==5.3.1
  Downloading pytest-5.3.1-py3-none-any.whl (233 kB)
Requirement already satisfied: pytest-xdist==1.30.0 in /usr/local/lib/python3.6/site-packages (from -r dev_requirements.txt (line 2)) (1.30.0)
Collecting pytest-cov==2.8.1
  Downloading pytest_cov-2.8.1-py2.py3-none-any.whl (18 kB)
Requirement already satisfied: flaky==3.6.1 in /usr/local/lib/python3.6/site-packages (from -r dev_requirements.txt (line 4)) (3.6.1)
Collecting tenacity==6.0.0
  Downloading tenacity-6.0.0-py2.py3-none-any.whl (24 kB)
Requirement already satisfied: sh==1.13.1 in /usr/local/lib/python3.6/site-packages (from -r dev_requirements.txt (line 6)) (1.13.1)
Requirement already satisfied: ipython==7.13.0 in /usr/local/lib/python3.6/site-packages (from -r dev_requirements.txt (line 9)) (7.13.0)
Requirement already satisfied: nbconvert==5.6.1 in /usr/local/lib/python3.6/site-packages (from -r dev_requirements.txt (line 10)) (5.6.1)
Requirement already satisfied: alibi==0.5.2 in /usr/local/lib/python3.6/site-packages (from -r dev_requirements.txt (line 11)) (0.5.2)
Requirement already satisfied: shap==0.35.0 in /usr/local/lib/python3.6/site-packages (from -r dev_requirements.txt (line 12)) (0.35.0)
Requirement already satisfied: matplotlib==3.1.3 in /usr/local/lib/python3.6/site-packages (from -r dev_requirements.txt (line 13)) (3.1.3)
Collecting tensorflow==2.4.0
  Downloading tensorflow-2.4.0-cp36-cp36m-manylinux2010_x86_64.whl (394.7 MB)
Collecting coverage==4.5.4
  Downloading coverage-4.5.4-cp36-cp36m-manylinux1_x86_64.whl (205 kB)
Requirement already satisfied: attrs>=17.4.0 in /usr/local/lib/python3.6/site-packages (from pytest==5.3.1->-r dev_requirements.txt (line 1)) (20.2.0)
Requirement already satisfied: wcwidth in /usr/local/lib/python3.6/site-packages (from pytest==5.3.1->-r dev_requirements.txt (line 1)) (0.2.5)
Requirement already satisfied: py>=1.5.0 in /usr/local/lib/python3.6/site-packages (from pytest==5.3.1->-r dev_requirements.txt (line 1)) (1.9.0)
Requirement already satisfied: importlib-metadata>=0.12; python_version < "3.8" in /usr/local/lib/python3.6/site-packages (from pytest==5.3.1->-r dev_requirements.txt (line 1)) (2.0.0)
Requirement already satisfied: more-itertools>=4.0.0 in /usr/local/lib/python3.6/site-packages (from pytest==5.3.1->-r dev_requirements.txt (line 1)) (8.5.0)
Requirement already satisfied: packaging in /usr/local/lib/python3.6/site-packages (from pytest==5.3.1->-r dev_requirements.txt (line 1)) (20.4)
Requirement already satisfied: pluggy<1.0,>=0.12 in /usr/local/lib/python3.6/site-packages (from pytest==5.3.1->-r dev_requirements.txt (line 1)) (0.13.1)
Requirement already satisfied: pytest-forked in /usr/local/lib/python3.6/site-packages (from pytest-xdist==1.30.0->-r dev_requirements.txt (line 2)) (1.3.0)
Requirement already satisfied: six in /usr/local/lib/python3.6/site-packages (from pytest-xdist==1.30.0->-r dev_requirements.txt (line 2)) (1.15.0)
Requirement already satisfied: execnet>=1.1 in /usr/local/lib/python3.6/site-packages (from pytest-xdist==1.30.0->-r dev_requirements.txt (line 2)) (1.7.1)
Requirement already satisfied: pexpect; sys_platform != "win32" in /usr/local/lib/python3.6/site-packages (from ipython==7.13.0->-r dev_requirements.txt (line 9)) (4.8.0)
Requirement already satisfied: prompt-toolkit!=3.0.0,!=3.0.1,<3.1.0,>=2.0.0 in /usr/local/lib/python3.6/site-packages (from ipython==7.13.0->-r dev_requirements.txt (line 9)) (3.0.7)
Requirement already satisfied: backcall in /usr/local/lib/python3.6/site-packages (from ipython==7.13.0->-r dev_requirements.txt (line 9)) (0.2.0)
Requirement already satisfied: pygments in /usr/local/lib/python3.6/site-packages (from ipython==7.13.0->-r dev_requirements.txt (line 9)) (2.7.1)
Requirement already satisfied: pickleshare in /usr/local/lib/python3.6/site-packages (from ipython==7.13.0->-r dev_requirements.txt (line 9)) (0.7.5)
Requirement already satisfied: setuptools>=18.5 in /usr/local/lib/python3.6/site-packages (from ipython==7.13.0->-r dev_requirements.txt (line 9)) (50.3.0)
Requirement already satisfied: jedi>=0.10 in /usr/local/lib/python3.6/site-packages (from ipython==7.13.0->-r dev_requirements.txt (line 9)) (0.17.2)
Requirement already satisfied: traitlets>=4.2 in /usr/local/lib/python3.6/site-packages (from ipython==7.13.0->-r dev_requirements.txt (line 9)) (4.3.3)
Requirement already satisfied: decorator in /usr/local/lib/python3.6/site-packages (from ipython==7.13.0->-r dev_requirements.txt (line 9)) (4.4.2)
Requirement already satisfied: jupyter-core in /usr/local/lib/python3.6/site-packages (from nbconvert==5.6.1->-r dev_requirements.txt (line 10)) (4.6.3)
Requirement already satisfied: entrypoints>=0.2.2 in /usr/local/lib/python3.6/site-packages (from nbconvert==5.6.1->-r dev_requirements.txt (line 10)) (0.3)
Requirement already satisfied: testpath in /usr/local/lib/python3.6/site-packages (from nbconvert==5.6.1->-r dev_requirements.txt (line 10)) (0.4.4)
Requirement already satisfied: jinja2>=2.4 in /usr/local/lib/python3.6/site-packages (from nbconvert==5.6.1->-r dev_requirements.txt (line 10)) (2.11.2)
Requirement already satisfied: bleach in /usr/local/lib/python3.6/site-packages (from nbconvert==5.6.1->-r dev_requirements.txt (line 10)) (3.2.1)
Requirement already satisfied: nbformat>=4.4 in /usr/local/lib/python3.6/site-packages (from nbconvert==5.6.1->-r dev_requirements.txt (line 10)) (5.0.7)
Requirement already satisfied: defusedxml in /usr/local/lib/python3.6/site-packages (from nbconvert==5.6.1->-r dev_requirements.txt (line 10)) (0.6.0)
Requirement already satisfied: pandocfilters>=1.4.1 in /usr/local/lib/python3.6/site-packages (from nbconvert==5.6.1->-r dev_requirements.txt (line 10)) (1.4.2)
Requirement already satisfied: mistune<2,>=0.8.1 in /usr/local/lib/python3.6/site-packages (from nbconvert==5.6.1->-r dev_requirements.txt (line 10)) (0.8.4)
Requirement already satisfied: numpy in /usr/local/lib/python3.6/site-packages (from alibi==0.5.2->-r dev_requirements.txt (line 11)) (1.19.2)
Requirement already satisfied: beautifulsoup4 in /usr/local/lib/python3.6/site-packages (from alibi==0.5.2->-r dev_requirements.txt (line 11)) (4.9.3)
Requirement already satisfied: scikit-image!=0.17.1 in /usr/local/lib/python3.6/site-packages (from alibi==0.5.2->-r dev_requirements.txt (line 11)) (0.17.2)
Requirement already satisfied: scikit-learn in /usr/local/lib/python3.6/site-packages (from alibi==0.5.2->-r dev_requirements.txt (line 11)) (0.23.2)
Requirement already satisfied: scipy in /usr/local/lib/python3.6/site-packages (from alibi==0.5.2->-r dev_requirements.txt (line 11)) (1.5.2)
Requirement already satisfied: Pillow in /usr/local/lib/python3.6/site-packages (from alibi==0.5.2->-r dev_requirements.txt (line 11)) (8.1.0)
Requirement already satisfied: requests in /usr/local/lib/python3.6/site-packages (from alibi==0.5.2->-r dev_requirements.txt (line 11)) (2.24.0)
Requirement already satisfied: typing-extensions>=3.7.2 in /usr/local/lib/python3.6/site-packages (from alibi==0.5.2->-r dev_requirements.txt (line 11)) (3.7.4.3)
Requirement already satisfied: prettyprinter in /usr/local/lib/python3.6/site-packages (from alibi==0.5.2->-r dev_requirements.txt (line 11)) (0.18.0)
Requirement already satisfied: spacy[lookups] in /usr/local/lib/python3.6/site-packages (from alibi==0.5.2->-r dev_requirements.txt (line 11)) (2.3.2)
Requirement already satisfied: pandas in /usr/local/lib/python3.6/site-packages (from alibi==0.5.2->-r dev_requirements.txt (line 11)) (1.1.0)
Requirement already satisfied: tqdm>4.25.0 in /usr/local/lib/python3.6/site-packages (from shap==0.35.0->-r dev_requirements.txt (line 12)) (4.50.2)
Requirement already satisfied: kiwisolver>=1.0.1 in /usr/local/lib/python3.6/site-packages (from matplotlib==3.1.3->-r dev_requirements.txt (line 13)) (1.2.0)
Requirement already satisfied: cycler>=0.10 in /usr/local/lib/python3.6/site-packages (from matplotlib==3.1.3->-r dev_requirements.txt (line 13)) (0.10.0)
Requirement already satisfied: pyparsing!=2.0.4,!=2.1.2,!=2.1.6,>=2.0.1 in /usr/local/lib/python3.6/site-packages (from matplotlib==3.1.3->-r dev_requirements.txt (line 13)) (2.4.7)
Requirement already satisfied: python-dateutil>=2.1 in /usr/local/lib/python3.6/site-packages (from matplotlib==3.1.3->-r dev_requirements.txt (line 13)) (2.8.1)
Collecting tensorflow-estimator<2.5.0,>=2.4.0rc0
  Downloading tensorflow_estimator-2.4.0-py2.py3-none-any.whl (462 kB)
Requirement already satisfied: h5py~=2.10.0 in /usr/local/lib/python3.6/site-packages (from tensorflow==2.4.0->-r dev_requirements.txt (line 14)) (2.10.0)
Collecting astunparse~=1.6.3
  Downloading astunparse-1.6.3-py2.py3-none-any.whl (12 kB)
Requirement already satisfied: absl-py~=0.10 in /usr/local/lib/python3.6/site-packages (from tensorflow==2.4.0->-r dev_requirements.txt (line 14)) (0.10.0)
Requirement already satisfied: wrapt~=1.12.1 in /usr/local/lib/python3.6/site-packages (from tensorflow==2.4.0->-r dev_requirements.txt (line 14)) (1.12.1)
Requirement already satisfied: grpcio~=1.32.0 in /usr/local/lib/python3.6/site-packages (from tensorflow==2.4.0->-r dev_requirements.txt (line 14)) (1.32.0)
Collecting gast==0.3.3
  Downloading gast-0.3.3-py2.py3-none-any.whl (9.7 kB)
Requirement already satisfied: protobuf>=3.9.2 in /usr/local/lib/python3.6/site-packages (from tensorflow==2.4.0->-r dev_requirements.txt (line 14)) (3.13.0)
Requirement already satisfied: opt-einsum~=3.3.0 in /usr/local/lib/python3.6/site-packages (from tensorflow==2.4.0->-r dev_requirements.txt (line 14)) (3.3.0)
Collecting tensorboard~=2.4
  Downloading tensorboard-2.4.1-py3-none-any.whl (10.6 MB)
Requirement already satisfied: termcolor~=1.1.0 in /usr/local/lib/python3.6/site-packages (from tensorflow==2.4.0->-r dev_requirements.txt (line 14)) (1.1.0)
Requirement already satisfied: flatbuffers~=1.12.0 in /usr/local/lib/python3.6/site-packages (from tensorflow==2.4.0->-r dev_requirements.txt (line 14)) (1.12)
Requirement already satisfied: keras-preprocessing~=1.1.2 in /usr/local/lib/python3.6/site-packages (from tensorflow==2.4.0->-r dev_requirements.txt (line 14)) (1.1.2)
Requirement already satisfied: google-pasta~=0.2 in /usr/local/lib/python3.6/site-packages (from tensorflow==2.4.0->-r dev_requirements.txt (line 14)) (0.2.0)
Requirement already satisfied: wheel~=0.35 in /usr/local/lib/python3.6/site-packages (from tensorflow==2.4.0->-r dev_requirements.txt (line 14)) (0.35.1)
Requirement already satisfied: zipp>=0.5 in /usr/local/lib/python3.6/site-packages (from importlib-metadata>=0.12; python_version < "3.8"->pytest==5.3.1->-r dev_requirements.txt (line 1)) (3.3.0)
Requirement already satisfied: apipkg>=1.4 in /usr/local/lib/python3.6/site-packages (from execnet>=1.1->pytest-xdist==1.30.0->-r dev_requirements.txt (line 2)) (1.5)
Requirement already satisfied: ptyprocess>=0.5 in /usr/local/lib/python3.6/site-packages (from pexpect; sys_platform != "win32"->ipython==7.13.0->-r dev_requirements.txt (line 9)) (0.6.0)
Requirement already satisfied: parso<0.8.0,>=0.7.0 in /usr/local/lib/python3.6/site-packages (from jedi>=0.10->ipython==7.13.0->-r dev_requirements.txt (line 9)) (0.7.1)
Requirement already satisfied: ipython-genutils in /usr/local/lib/python3.6/site-packages (from traitlets>=4.2->ipython==7.13.0->-r dev_requirements.txt (line 9)) (0.2.0)
Requirement already satisfied: MarkupSafe>=0.23 in /usr/local/lib/python3.6/site-packages (from jinja2>=2.4->nbconvert==5.6.1->-r dev_requirements.txt (line 10)) (1.1.1)
Requirement already satisfied: webencodings in /usr/local/lib/python3.6/site-packages (from bleach->nbconvert==5.6.1->-r dev_requirements.txt (line 10)) (0.5.1)
Requirement already satisfied: jsonschema!=2.5.0,>=2.4 in /usr/local/lib/python3.6/site-packages (from nbformat>=4.4->nbconvert==5.6.1->-r dev_requirements.txt (line 10)) (3.2.0)
Requirement already satisfied: soupsieve>1.2; python_version >= "3.0" in /usr/local/lib/python3.6/site-packages (from beautifulsoup4->alibi==0.5.2->-r dev_requirements.txt (line 11)) (2.0.1)
Requirement already satisfied: PyWavelets>=1.1.1 in /usr/local/lib/python3.6/site-packages (from scikit-image!=0.17.1->alibi==0.5.2->-r dev_requirements.txt (line 11)) (1.1.1)
Requirement already satisfied: imageio>=2.3.0 in /usr/local/lib/python3.6/site-packages (from scikit-image!=0.17.1->alibi==0.5.2->-r dev_requirements.txt (line 11)) (2.9.0)
Requirement already satisfied: tifffile>=2019.7.26 in /usr/local/lib/python3.6/site-packages (from scikit-image!=0.17.1->alibi==0.5.2->-r dev_requirements.txt (line 11)) (2020.9.3)
Requirement already satisfied: networkx>=2.0 in /usr/local/lib/python3.6/site-packages (from scikit-image!=0.17.1->alibi==0.5.2->-r dev_requirements.txt (line 11)) (2.5)
Requirement already satisfied: threadpoolctl>=2.0.0 in /usr/local/lib/python3.6/site-packages (from scikit-learn->alibi==0.5.2->-r dev_requirements.txt (line 11)) (2.1.0)
Requirement already satisfied: joblib>=0.11 in /usr/local/lib/python3.6/site-packages (from scikit-learn->alibi==0.5.2->-r dev_requirements.txt (line 11)) (0.17.0)
Requirement already satisfied: chardet<4,>=3.0.2 in /usr/local/lib/python3.6/site-packages (from requests->alibi==0.5.2->-r dev_requirements.txt (line 11)) (3.0.4)
Requirement already satisfied: idna<3,>=2.5 in /usr/local/lib/python3.6/site-packages (from requests->alibi==0.5.2->-r dev_requirements.txt (line 11)) (2.10)
Requirement already satisfied: urllib3!=1.25.0,!=1.25.1,<1.26,>=1.21.1 in /usr/local/lib/python3.6/site-packages (from requests->alibi==0.5.2->-r dev_requirements.txt (line 11)) (1.25.10)
Requirement already satisfied: certifi>=2017.4.17 in /usr/local/lib/python3.6/site-packages (from requests->alibi==0.5.2->-r dev_requirements.txt (line 11)) (2020.6.20)
Requirement already satisfied: colorful>=0.4.0 in /usr/local/lib/python3.6/site-packages (from prettyprinter->alibi==0.5.2->-r dev_requirements.txt (line 11)) (0.5.4)
Requirement already satisfied: catalogue<1.1.0,>=0.0.7 in /usr/local/lib/python3.6/site-packages (from spacy[lookups]->alibi==0.5.2->-r dev_requirements.txt (line 11)) (1.0.0)
Requirement already satisfied: blis<0.5.0,>=0.4.0 in /usr/local/lib/python3.6/site-packages (from spacy[lookups]->alibi==0.5.2->-r dev_requirements.txt (line 11)) (0.4.1)
Requirement already satisfied: murmurhash<1.1.0,>=0.28.0 in /usr/local/lib/python3.6/site-packages (from spacy[lookups]->alibi==0.5.2->-r dev_requirements.txt (line 11)) (1.0.2)
Requirement already satisfied: thinc==7.4.1 in /usr/local/lib/python3.6/site-packages (from spacy[lookups]->alibi==0.5.2->-r dev_requirements.txt (line 11)) (7.4.1)
Requirement already satisfied: wasabi<1.1.0,>=0.4.0 in /usr/local/lib/python3.6/site-packages (from spacy[lookups]->alibi==0.5.2->-r dev_requirements.txt (line 11)) (0.8.0)
Requirement already satisfied: srsly<1.1.0,>=1.0.2 in /usr/local/lib/python3.6/site-packages (from spacy[lookups]->alibi==0.5.2->-r dev_requirements.txt (line 11)) (1.0.2)
Requirement already satisfied: preshed<3.1.0,>=3.0.2 in /usr/local/lib/python3.6/site-packages (from spacy[lookups]->alibi==0.5.2->-r dev_requirements.txt (line 11)) (3.0.2)
Requirement already satisfied: plac<1.2.0,>=0.9.6 in /usr/local/lib/python3.6/site-packages (from spacy[lookups]->alibi==0.5.2->-r dev_requirements.txt (line 11)) (1.1.3)
Requirement already satisfied: cymem<2.1.0,>=2.0.2 in /usr/local/lib/python3.6/site-packages (from spacy[lookups]->alibi==0.5.2->-r dev_requirements.txt (line 11)) (2.0.3)
Requirement already satisfied: spacy-lookups-data<0.4.0,>=0.3.2; extra == "lookups" in /usr/local/lib/python3.6/site-packages (from spacy[lookups]->alibi==0.5.2->-r dev_requirements.txt (line 11)) (0.3.2)
Requirement already satisfied: pytz>=2017.2 in /usr/local/lib/python3.6/site-packages (from pandas->alibi==0.5.2->-r dev_requirements.txt (line 11)) (2020.1)
Collecting google-auth<2,>=1.6.3
  Downloading google_auth-1.24.0-py2.py3-none-any.whl (114 kB)
Collecting google-auth-oauthlib<0.5,>=0.4.1
  Downloading google_auth_oauthlib-0.4.2-py2.py3-none-any.whl (18 kB)
Requirement already satisfied: markdown>=2.6.8 in /usr/local/lib/python3.6/site-packages (from tensorboard~=2.4->tensorflow==2.4.0->-r dev_requirements.txt (line 14)) (3.3)
Requirement already satisfied: werkzeug>=0.11.15 in /usr/local/lib/python3.6/site-packages (from tensorboard~=2.4->tensorflow==2.4.0->-r dev_requirements.txt (line 14)) (1.0.1)
Collecting tensorboard-plugin-wit>=1.6.0
  Downloading tensorboard_plugin_wit-1.8.0-py3-none-any.whl (781 kB)
Requirement already satisfied: pyrsistent>=0.14.0 in /usr/local/lib/python3.6/site-packages (from jsonschema!=2.5.0,>=2.4->nbformat>=4.4->nbconvert==5.6.1->-r dev_requirements.txt (line 10)) (0.17.3)
Collecting pyasn1-modules>=0.2.1
  Downloading pyasn1_modules-0.2.8-py2.py3-none-any.whl (155 kB)
Collecting rsa<5,>=3.1.4; python_version >= "3.6"
  Downloading rsa-4.7-py3-none-any.whl (34 kB)
Collecting cachetools<5.0,>=2.0.0
  Downloading cachetools-4.2.0-py3-none-any.whl (12 kB)
Collecting requests-oauthlib>=0.7.0
  Downloading requests_oauthlib-1.3.0-py2.py3-none-any.whl (23 kB)
Collecting pyasn1<0.5.0,>=0.4.6
  Downloading pyasn1-0.4.8-py2.py3-none-any.whl (77 kB)
Collecting oauthlib>=3.0.0
  Downloading oauthlib-3.1.0-py2.py3-none-any.whl (147 kB)
Installing collected packages: pytest, coverage, pytest-cov, tenacity, tensorflow-estimator, astunparse, gast, pyasn1, pyasn1-modules, rsa, cachetools, google-auth, oauthlib, requests-oauthlib, google-auth-oauthlib, tensorboard-plugin-wit, tensorboard, tensorflow
  Attempting uninstall: pytest
    Found existing installation: pytest 6.2.1
    Uninstalling pytest-6.2.1:
      Successfully uninstalled pytest-6.2.1
  Attempting uninstall: coverage
    Found existing installation: coverage 5.3.1
    Uninstalling coverage-5.3.1:
      Successfully uninstalled coverage-5.3.1
  Attempting uninstall: pytest-cov
    Found existing installation: pytest-cov 2.10.1
    Uninstalling pytest-cov-2.10.1:
      Successfully uninstalled pytest-cov-2.10.1
  Attempting uninstall: tenacity
    Found existing installation: tenacity 6.3.1
    Uninstalling tenacity-6.3.1:
      Successfully uninstalled tenacity-6.3.1
  Attempting uninstall: tensorflow-estimator
    Found existing installation: tensorflow-estimator 1.15.1
    Uninstalling tensorflow-estimator-1.15.1:
      Successfully uninstalled tensorflow-estimator-1.15.1
  Attempting uninstall: gast
    Found existing installation: gast 0.2.2
    Uninstalling gast-0.2.2:
      Successfully uninstalled gast-0.2.2
  Attempting uninstall: tensorboard
    Found existing installation: tensorboard 1.15.0
    Uninstalling tensorboard-1.15.0:
      Successfully uninstalled tensorboard-1.15.0
  Attempting uninstall: tensorflow
    Found existing installation: tensorflow 1.15.4
    Uninstalling tensorflow-1.15.4:
      Successfully uninstalled tensorflow-1.15.4
Successfully installed astunparse-1.6.3 cachetools-4.2.0 coverage-4.5.4 gast-0.3.3 google-auth-1.24.0 google-auth-oauthlib-0.4.2 oauthlib-3.1.0 pyasn1-0.4.8 pyasn1-modules-0.2.8 pytest-5.3.1 pytest-cov-2.8.1 requests-oauthlib-1.3.0 rsa-4.7 tenacity-6.0.0 tensorboard-2.4.1 tensorboard-plugin-wit-1.8.0 tensorflow-2.4.0 tensorflow-estimator-2.4.0
WARNING: You are using pip version 20.2.3; however, version 20.3.3 is available.
You should consider upgrading via the '/usr/local/bin/python -m pip install --upgrade pip' command.
pip install -e ../../python
Obtaining file:///workspace/source/python
Requirement already satisfied: Flask<2.0.0 in /usr/local/lib/python3.6/site-packages (from seldon-core==1.6.0.dev0) (1.1.2)
Requirement already satisfied: jsonschema<4.0.0 in /usr/local/lib/python3.6/site-packages (from seldon-core==1.6.0.dev0) (3.2.0)
Requirement already satisfied: Flask-cors<4.0.0 in /usr/local/lib/python3.6/site-packages (from seldon-core==1.6.0.dev0) (3.0.10)
Requirement already satisfied: redis<4.0.0 in /usr/local/lib/python3.6/site-packages (from seldon-core==1.6.0.dev0) (3.5.3)
Requirement already satisfied: requests<3.0.0 in /usr/local/lib/python3.6/site-packages (from seldon-core==1.6.0.dev0) (2.24.0)
Requirement already satisfied: numpy<2.0.0 in /usr/local/lib/python3.6/site-packages (from seldon-core==1.6.0.dev0) (1.19.2)
Requirement already satisfied: flatbuffers<2.0.0 in /usr/local/lib/python3.6/site-packages (from seldon-core==1.6.0.dev0) (1.12)
Requirement already satisfied: protobuf<4.0.0 in /usr/local/lib/python3.6/site-packages (from seldon-core==1.6.0.dev0) (3.13.0)
Requirement already satisfied: grpcio<2.0.0 in /usr/local/lib/python3.6/site-packages (from seldon-core==1.6.0.dev0) (1.32.0)
Requirement already satisfied: Flask-OpenTracing<1.2.0,>=1.1.0 in /usr/local/lib/python3.6/site-packages (from seldon-core==1.6.0.dev0) (1.1.0)
Requirement already satisfied: opentracing<2.5.0,>=2.2.0 in /usr/local/lib/python3.6/site-packages (from seldon-core==1.6.0.dev0) (2.4.0)
Requirement already satisfied: jaeger-client<4.5.0,>=4.1.0 in /usr/local/lib/python3.6/site-packages (from seldon-core==1.6.0.dev0) (4.4.0)
Requirement already satisfied: grpcio-opentracing<1.2.0,>=1.1.4 in /usr/local/lib/python3.6/site-packages (from seldon-core==1.6.0.dev0) (1.1.4)
Requirement already satisfied: grpcio-reflection<1.35.0 in /usr/local/lib/python3.6/site-packages (from seldon-core==1.6.0.dev0) (1.34.1)
Requirement already satisfied: PyYAML<5.4 in /usr/local/lib/python3.6/site-packages (from seldon-core==1.6.0.dev0) (5.3.1)
Requirement already satisfied: gunicorn<20.1.0,>=19.9.0 in /usr/local/lib/python3.6/site-packages (from seldon-core==1.6.0.dev0) (20.0.4)
Requirement already satisfied: setuptools>=41.0.0 in /usr/local/lib/python3.6/site-packages (from seldon-core==1.6.0.dev0) (50.3.0)
Requirement already satisfied: prometheus_client<0.9.0,>=0.7.1 in /usr/local/lib/python3.6/site-packages (from seldon-core==1.6.0.dev0) (0.8.0)
Requirement already satisfied: Jinja2>=2.10.1 in /usr/local/lib/python3.6/site-packages (from Flask<2.0.0->seldon-core==1.6.0.dev0) (2.11.2)
Requirement already satisfied: Werkzeug>=0.15 in /usr/local/lib/python3.6/site-packages (from Flask<2.0.0->seldon-core==1.6.0.dev0) (1.0.1)
Requirement already satisfied: click>=5.1 in /usr/local/lib/python3.6/site-packages (from Flask<2.0.0->seldon-core==1.6.0.dev0) (7.1.2)
Requirement already satisfied: itsdangerous>=0.24 in /usr/local/lib/python3.6/site-packages (from Flask<2.0.0->seldon-core==1.6.0.dev0) (1.1.0)
Requirement already satisfied: pyrsistent>=0.14.0 in /usr/local/lib/python3.6/site-packages (from jsonschema<4.0.0->seldon-core==1.6.0.dev0) (0.17.3)
Requirement already satisfied: attrs>=17.4.0 in /usr/local/lib/python3.6/site-packages (from jsonschema<4.0.0->seldon-core==1.6.0.dev0) (20.2.0)
Requirement already satisfied: six>=1.11.0 in /usr/local/lib/python3.6/site-packages (from jsonschema<4.0.0->seldon-core==1.6.0.dev0) (1.15.0)
Requirement already satisfied: importlib-metadata; python_version < "3.8" in /usr/local/lib/python3.6/site-packages (from jsonschema<4.0.0->seldon-core==1.6.0.dev0) (2.0.0)
Requirement already satisfied: idna<3,>=2.5 in /usr/local/lib/python3.6/site-packages (from requests<3.0.0->seldon-core==1.6.0.dev0) (2.10)
Requirement already satisfied: urllib3!=1.25.0,!=1.25.1,<1.26,>=1.21.1 in /usr/local/lib/python3.6/site-packages (from requests<3.0.0->seldon-core==1.6.0.dev0) (1.25.10)
Requirement already satisfied: certifi>=2017.4.17 in /usr/local/lib/python3.6/site-packages (from requests<3.0.0->seldon-core==1.6.0.dev0) (2020.6.20)
Requirement already satisfied: chardet<4,>=3.0.2 in /usr/local/lib/python3.6/site-packages (from requests<3.0.0->seldon-core==1.6.0.dev0) (3.0.4)
Requirement already satisfied: threadloop<2,>=1 in /usr/local/lib/python3.6/site-packages (from jaeger-client<4.5.0,>=4.1.0->seldon-core==1.6.0.dev0) (1.0.2)
Requirement already satisfied: thrift in /usr/local/lib/python3.6/site-packages (from jaeger-client<4.5.0,>=4.1.0->seldon-core==1.6.0.dev0) (0.13.0)
Requirement already satisfied: tornado>=4.3 in /usr/local/lib/python3.6/site-packages (from jaeger-client<4.5.0,>=4.1.0->seldon-core==1.6.0.dev0) (6.0.4)
Requirement already satisfied: MarkupSafe>=0.23 in /usr/local/lib/python3.6/site-packages (from Jinja2>=2.10.1->Flask<2.0.0->seldon-core==1.6.0.dev0) (1.1.1)
Requirement already satisfied: zipp>=0.5 in /usr/local/lib/python3.6/site-packages (from importlib-metadata; python_version < "3.8"->jsonschema<4.0.0->seldon-core==1.6.0.dev0) (3.3.0)
Installing collected packages: seldon-core
  Attempting uninstall: seldon-core
    Found existing installation: seldon-core 1.6.0.dev0
    Uninstalling seldon-core-1.6.0.dev0:
      Successfully uninstalled seldon-core-1.6.0.dev0
  Running setup.py develop for seldon-core
Successfully installed seldon-core
WARNING: You are using pip version 20.2.3; however, version 20.3.3 is available.
You should consider upgrading via the '/usr/local/bin/python -m pip install --upgrade pip' command.
pytest \
	--verbose \
	-s \
	-W ignore \
	-n "4" \
	-m "not sequential and not notebooks" 2>&1
2021-01-22 14:55:31.005869: W tensorflow/stream_executor/platform/default/dso_loader.cc:60] Could not load dynamic library 'libcudart.so.11.0'; dlerror: libcudart.so.11.0: cannot open shared object file: No such file or directory
2021-01-22 14:55:31.005974: I tensorflow/stream_executor/cuda/cudart_stub.cc:29] Ignore above cudart dlerror if you do not have a GPU set up on your machine.
============================= test session starts ==============================
platform linux -- Python 3.6.10, pytest-5.3.1, py-1.9.0, pluggy-0.13.1 -- /usr/local/bin/python
cachedir: .pytest_cache
rootdir: /workspace/source/testing/scripts, inifile: setup.cfg
plugins: cov-2.8.1, xdist-1.30.0, forked-1.3.0, flaky-3.6.1
gw0 I / gw1 I / gw2 I / gw3 I
[gw0] linux Python 3.6.10 cwd: /workspace/source/testing/scripts
[gw1] linux Python 3.6.10 cwd: /workspace/source/testing/scripts
[gw2] linux Python 3.6.10 cwd: /workspace/source/testing/scripts
[gw3] linux Python 3.6.10 cwd: /workspace/source/testing/scripts
2021-01-22 14:55:39.081414: W tensorflow/stream_executor/platform/default/dso_loader.cc:60] Could not load dynamic library 'libcudart.so.11.0'; dlerror: libcudart.so.11.0: cannot open shared object file: No such file or directory
2021-01-22 14:55:39.081468: I tensorflow/stream_executor/cuda/cudart_stub.cc:29] Ignore above cudart dlerror if you do not have a GPU set up on your machine.
2021-01-22 14:55:39.585845: W tensorflow/stream_executor/platform/default/dso_loader.cc:60] Could not load dynamic library 'libcudart.so.11.0'; dlerror: libcudart.so.11.0: cannot open shared object file: No such file or directory
2021-01-22 14:55:39.585900: I tensorflow/stream_executor/cuda/cudart_stub.cc:29] Ignore above cudart dlerror if you do not have a GPU set up on your machine.
2021-01-22 14:55:39.605580: W tensorflow/stream_executor/platform/default/dso_loader.cc:60] Could not load dynamic library 'libcudart.so.11.0'; dlerror: libcudart.so.11.0: cannot open shared object file: No such file or directory
2021-01-22 14:55:39.605671: I tensorflow/stream_executor/cuda/cudart_stub.cc:29] Ignore above cudart dlerror if you do not have a GPU set up on your machine.
2021-01-22 14:55:39.779774: W tensorflow/stream_executor/platform/default/dso_loader.cc:60] Could not load dynamic library 'libcudart.so.11.0'; dlerror: libcudart.so.11.0: cannot open shared object file: No such file or directory
2021-01-22 14:55:39.779844: I tensorflow/stream_executor/cuda/cudart_stub.cc:29] Ignore above cudart dlerror if you do not have a GPU set up on your machine.
[gw0] Python 3.6.10 (default, Oct  9 2020, 10:16:39)  -- [GCC 8.3.0]
[gw1] Python 3.6.10 (default, Oct  9 2020, 10:16:39)  -- [GCC 8.3.0]
[gw2] Python 3.6.10 (default, Oct  9 2020, 10:16:39)  -- [GCC 8.3.0]
[gw3] Python 3.6.10 (default, Oct  9 2020, 10:16:39)  -- [GCC 8.3.0]
gw0 [35] / gw1 [35] / gw2 [35] / gw3 [35]

scheduling tests via LoadScheduling

test_bad_graphs.py::TestBadGraphs::test_duplicate_predictor_name 
test_api_version.py::test_api_version[machinelearning.seldon.io/v1alpha3] 
test_api_version.py::test_api_version[machinelearning.seldon.io/v1alpha2] 
test_api_version.py::test_api_version[machinelearning.seldon.io/v1] Error from server (SeldonDeployment.machinelearing.seldon.io "dupname" is invalid: [spec.predictors[1]: Invalid value: "mymodel": Duplicate predictor name, spec: Invalid value: "mymodel": Traffic must sum to 100 for multiple predictors]): error when creating "../resources/bad_duplicate_predictor_name.json": admission webhook "v1alpha2.vseldondeployment.kb.io" denied the request: SeldonDeployment.machinelearing.seldon.io "dupname" is invalid: [spec.predictors[1]: Invalid value: "mymodel": Duplicate predictor name, spec: Invalid value: "mymodel": Traffic must sum to 100 for multiple predictors]

[gw3] PASSED test_bad_graphs.py::TestBadGraphs::test_duplicate_predictor_name 
test_helm_charts_clusterwide.py::TestClusterWide::test_single_model Error: uninstall: Release not loaded: mymodel: release: not found

[gw0] PASSED test_api_version.py::test_api_version[machinelearning.seldon.io/v1alpha2] Error: uninstall: Release not loaded: mymodel: release: not found

[gw1] PASSED test_api_version.py::test_api_version[machinelearning.seldon.io/v1alpha3] Error: uninstall: Release not loaded: mymodel: release: not found

[gw2] PASSED test_api_version.py::test_api_version[machinelearning.seldon.io/v1] Error: uninstall: Release not loaded: mymodel: release: not found

[gw3] PASSED test_helm_charts_clusterwide.py::TestClusterWide::test_single_model 
test_bad_graphs.py::TestBadGraphs::test_model_name_mismatch 
test_bad_graphs.py::TestBadGraphs::test_model_no_graph 
test_batch_processor.py::TestBatchWorker::test_batch_worker The SeldonDeployment "seldon-model" is invalid: spec.predictors.graph: Required value

[gw1] PASSED test_bad_graphs.py::TestBadGraphs::test_model_no_graph 
test_prepackaged_servers.py::TestPrepack::test_sklearn Error from server (SeldonDeployment.machinelearing.seldon.io "namemismatch" is invalid: spec.predictors[0].graph: Invalid value: "complex-model_bad_name": Can't find container for Predictive Unit): error when creating "../resources/bad_name_mismatch.json": admission webhook "v1alpha2.vseldondeployment.kb.io" denied the request: SeldonDeployment.machinelearing.seldon.io "namemismatch" is invalid: spec.predictors[0].graph: Invalid value: "complex-model_bad_name": Can't find container for Predictive Unit

[gw0] PASSED test_bad_graphs.py::TestBadGraphs::test_model_name_mismatch 
test_local_operators.py::TestLocalOperators::test_namespace_operator 
test_helm_charts_clusterwide.py::TestClusterWide::test_abtest_model Error: uninstall: Release not loaded: myabtest: release: not found

[gw3] PASSED test_helm_charts_clusterwide.py::TestClusterWide::test_abtest_model 
[gw0] PASSED test_local_operators.py::TestLocalOperators::test_namespace_operator 
test_local_operators.py::TestLocalOperators::test_labelled_operator 
test_helm_charts_clusterwide.py::TestClusterWide::test_mab_model Error from server (InternalError): error when creating "../resources/model_controller_id.yaml": Internal error occurred: failed calling webhook "v1alpha2.vseldondeployment.kb.io": Post https://seldon-webhook-service.test-labelled-operator.svc:443/validate-machinelearning-seldon-io-v1alpha2-seldondeployment?timeout=30s: dial tcp 10.109.236.106:443: connect: connection refused

[gw1] PASSED test_prepackaged_servers.py::TestPrepack::test_sklearn Error: uninstall: Release not loaded: mymab: release: not found

[gw3] PASSED test_helm_charts_clusterwide.py::TestClusterWide::test_mab_model 
[gw2] PASSED test_batch_processor.py::TestBatchWorker::test_batch_worker 
[gw0] PASSED test_local_operators.py::TestLocalOperators::test_labelled_operator 
test_prepackaged_servers.py::TestPrepack::test_sklearn_v2 
test_prepackaged_servers.py::TestPrepack::test_xgboost 
test_prepackaged_servers.py::TestPrepack::test_tfserving 
test_prepackaged_servers.py::TestPrepack::test_xgboost_v2 
[gw2] PASSED test_prepackaged_servers.py::TestPrepack::test_sklearn_v2 
[gw0] PASSED test_prepackaged_servers.py::TestPrepack::test_xgboost 
test_prepackaged_servers.py::TestPrepack::test_mlflow 
test_prepackaged_servers.py::TestPrepack::test_text_alibi_explainer 
[gw3] PASSED test_prepackaged_servers.py::TestPrepack::test_xgboost_v2 
[gw1] PASSED test_prepackaged_servers.py::TestPrepack::test_tfserving 
test_rolling_updates.py::test_rolling_deployment[graph1.json-graph2.json-True-ambas] 
test_prepackaged_servers.py::TestPrepack::test_openapi_sklearn 
[gw1] PASSED test_prepackaged_servers.py::TestPrepack::test_openapi_sklearn 
[gw3] PASSED test_rolling_updates.py::test_rolling_deployment[graph1.json-graph2.json-True-ambas] 
test_rolling_updates.py::test_rolling_deployment[graph1.json-graph3.json-True-istio] 
test_rolling_updates.py::test_rolling_deployment[graph1.json-graph4.json-True-ambas] 
[gw3] PASSED test_rolling_updates.py::test_rolling_deployment[graph1.json-graph3.json-True-istio] 
test_rolling_updates.py::test_rolling_deployment[graph1.json-graph4.json-True-istio] 
[gw1] PASSED test_rolling_updates.py::test_rolling_deployment[graph1.json-graph4.json-True-ambas] 
[gw0] PASSED test_prepackaged_servers.py::TestPrepack::test_text_alibi_explainer 
test_rolling_updates.py::test_rolling_deployment[graph1.json-graph5.json-True-ambas] 
test_rolling_updates.py::test_rolling_deployment[graph1.json-graph3.json-True-ambas] 
[gw3] PASSED test_rolling_updates.py::test_rolling_deployment[graph1.json-graph4.json-True-istio] 
test_rolling_updates.py::test_rolling_deployment[graph1.json-graph5.json-True-istio] 
[gw2] PASSED test_prepackaged_servers.py::TestPrepack::test_mlflow 
test_rolling_updates.py::test_rolling_deployment[graph1.json-graph2.json-True-istio] 
test_rolling_updates.py::test_rolling_deployment[graph1.json-graph3.json-True-ambas] 
test_rolling_updates.py::test_rolling_deployment[graph1.json-graph5.json-True-ambas] 
[gw3] PASSED test_rolling_updates.py::test_rolling_deployment[graph1.json-graph5.json-True-istio] 
test_rolling_updates.py::test_rolling_deployment[graph7.json-graph8.json-False-ambas] 
[gw2] PASSED test_rolling_updates.py::test_rolling_deployment[graph1.json-graph2.json-True-istio] 
test_rolling_updates.py::test_rolling_deployment[graph7.json-graph8.json-False-istio] 
test_rolling_updates.py::test_rolling_deployment[graph1.json-graph3.json-True-ambas] 
[gw3] PASSED test_rolling_updates.py::test_rolling_deployment[graph7.json-graph8.json-False-ambas] 
test_security.py::test_xss_escaping 
test_rolling_updates.py::test_rolling_deployment[graph1.json-graph5.json-True-ambas] 
[gw2] PASSED test_rolling_updates.py::test_rolling_deployment[graph7.json-graph8.json-False-istio] 
[gw3] PASSED test_security.py::test_xss_escaping 
test_security.py::test_xss_header 
test_tracing.py::test_tracing_rest 
[gw2] PASSED test_security.py::test_xss_header 
[gw0] PASSED test_rolling_updates.py::test_rolling_deployment[graph1.json-graph3.json-True-ambas] 
[gw3] PASSED test_tracing.py::test_tracing_rest 
[gw1] PASSED test_rolling_updates.py::test_rolling_deployment[graph1.json-graph5.json-True-ambas] 
test_rolling_updates.py::test_rolling_deployment[graph1.json-graph8.json-True-ambas] 
test_rolling_updates.py::test_rolling_deployment[graph1.json-graph8.json-True-istio] 
[gw1] PASSED test_rolling_updates.py::test_rolling_deployment[graph1.json-graph8.json-True-ambas] 
[gw0] PASSED test_rolling_updates.py::test_rolling_deployment[graph1.json-graph8.json-True-istio] 
===Flaky Test Report===

test_rolling_deployment[graph1.json-graph2.json-True-istio] passed 1 out of the required 1 times. Success!
test_rolling_deployment[graph7.json-graph8.json-False-istio] passed 1 out of the required 1 times. Success!
test_rolling_deployment[graph1.json-graph2.json-True-ambas] passed 1 out of the required 1 times. Success!
test_rolling_deployment[graph1.json-graph3.json-True-istio] passed 1 out of the required 1 times. Success!
test_rolling_deployment[graph1.json-graph4.json-True-istio] passed 1 out of the required 1 times. Success!
test_rolling_deployment[graph1.json-graph5.json-True-istio] passed 1 out of the required 1 times. Success!
test_rolling_deployment[graph7.json-graph8.json-False-ambas] passed 1 out of the required 1 times. Success!
test_rolling_deployment[graph1.json-graph4.json-True-ambas] passed 1 out of the required 1 times. Success!
test_rolling_deployment[graph1.json-graph5.json-True-ambas] failed (2 runs remaining out of 3).
	<class 'AssertionError'>
	
	[<TracebackEntry /workspace/source/testing/scripts/test_rolling_updates.py:238>, <TracebackEntry /workspace/source/testing/scripts/seldon_e2e_utils.py:596>, <TracebackEntry /workspace/source/testing/scripts/seldon_e2e_utils.py:588>, <TracebackEntry /workspace/source/testing/scripts/seldon_e2e_utils.py:606>]
test_rolling_deployment[graph1.json-graph5.json-True-ambas] failed (1 runs remaining out of 3).
	<class 'AssertionError'>
	
	[<TracebackEntry /workspace/source/testing/scripts/test_rolling_updates.py:238>, <TracebackEntry /workspace/source/testing/scripts/seldon_e2e_utils.py:596>, <TracebackEntry /workspace/source/testing/scripts/seldon_e2e_utils.py:588>, <TracebackEntry /workspace/source/testing/scripts/seldon_e2e_utils.py:606>]
test_rolling_deployment[graph1.json-graph5.json-True-ambas] passed 1 out of the required 1 times. Success!
test_rolling_deployment[graph1.json-graph8.json-True-ambas] passed 1 out of the required 1 times. Success!
test_rolling_deployment[graph1.json-graph3.json-True-ambas] failed (2 runs remaining out of 3).
	<class 'AssertionError'>
	
	[<TracebackEntry /workspace/source/testing/scripts/test_rolling_updates.py:238>, <TracebackEntry /workspace/source/testing/scripts/seldon_e2e_utils.py:596>, <TracebackEntry /workspace/source/testing/scripts/seldon_e2e_utils.py:588>, <TracebackEntry /workspace/source/testing/scripts/seldon_e2e_utils.py:606>]
test_rolling_deployment[graph1.json-graph3.json-True-ambas] failed (1 runs remaining out of 3).
	<class 'AssertionError'>
	
	[<TracebackEntry /workspace/source/testing/scripts/test_rolling_updates.py:238>, <TracebackEntry /workspace/source/testing/scripts/seldon_e2e_utils.py:596>, <TracebackEntry /workspace/source/testing/scripts/seldon_e2e_utils.py:588>, <TracebackEntry /workspace/source/testing/scripts/seldon_e2e_utils.py:606>]
test_rolling_deployment[graph1.json-graph3.json-True-ambas] passed 1 out of the required 1 times. Success!
test_rolling_deployment[graph1.json-graph8.json-True-istio] passed 1 out of the required 1 times. Success!

===End Flaky Test Report===

======================= 35 passed in 2821.96s (0:47:01) ========================
pytest \
	--verbose \
	-s \
	-W ignore \
	-n 0 \
	-m "sequential" 2>&1
2021-01-22 15:42:46.210296: W tensorflow/stream_executor/platform/default/dso_loader.cc:60] Could not load dynamic library 'libcudart.so.11.0'; dlerror: libcudart.so.11.0: cannot open shared object file: No such file or directory
2021-01-22 15:42:46.210403: I tensorflow/stream_executor/cuda/cudart_stub.cc:29] Ignore above cudart dlerror if you do not have a GPU set up on your machine.
============================= test session starts ==============================
platform linux -- Python 3.6.10, pytest-5.3.1, py-1.9.0, pluggy-0.13.1 -- /usr/local/bin/python
cachedir: .pytest_cache
rootdir: /workspace/source/testing/scripts, inifile: setup.cfg
plugins: cov-2.8.1, xdist-1.30.0, forked-1.3.0, flaky-3.6.1
collecting ... collected 112 items / 61 deselected / 51 selected

test_operator_updates.py::test_cluster_update[0.4.1] SKIPPED
test_operator_updates.py::test_cluster_update[0.5.1] namespace/test-cluster-update-0-5-1 created
seldondeployment.machinelearning.seldon.io/mymodel created
deployment "mymodel-mymodel-e2eb561" successfully rolled out

PODS UPDATE: NAMESPACE       NAME                                         READY   STATUS    RESTARTS   AGE


PODS UPDATE: istio-system    grafana-5dc4b4676c-z9t2h                     1/1     Running   0          54m


PODS UPDATE: istio-system    istio-egressgateway-659dcf96bb-9ck6n         1/1     Running   0          54m


PODS UPDATE: istio-system    istio-ingressgateway-648bd66f75-jc5zs        1/1     Running   0          54m


PODS UPDATE: istio-system    istio-tracing-8584b4d7f9-5bzw2               1/1     Running   0          54m


PODS UPDATE: istio-system    istiod-7d69bf85c5-4t4q4                      1/1     Running   0          54m


PODS UPDATE: istio-system    kiali-6f457f5964-wsjb7                       1/1     Running   0          54m


PODS UPDATE: istio-system    prometheus-66b644f746-xtrmn                  2/2     Running   0          54m


PODS UPDATE: keda            keda-metrics-apiserver-65c46b9b8c-jppbv      1/1     Running   0          52m


PODS UPDATE: keda            keda-operator-64657f8ccb-bv2xn               1/1     Running   0          52m


PODS UPDATE: kube-system     coredns-5644d7b6d9-fbrxh                     1/1     Running   0          89m


PODS UPDATE: kube-system     coredns-5644d7b6d9-gcscp                     1/1     Running   0          89m


PODS UPDATE: kube-system     etcd-kind-control-plane                      1/1     Running   0          89m


PODS UPDATE: kube-system     kindnet-84s9l                                1/1     Running   0          89m


PODS UPDATE: kube-system     kindnet-vwrzs                                1/1     Running   0          89m


PODS UPDATE: kube-system     kube-apiserver-kind-control-plane            1/1     Running   0          88m


PODS UPDATE: kube-system     kube-controller-manager-kind-control-plane   1/1     Running   0          89m


PODS UPDATE: kube-system     kube-proxy-c76hp                             1/1     Running   0          89m


PODS UPDATE: kube-system     kube-proxy-szb8f                             1/1     Running   0          89m


PODS UPDATE: kube-system     kube-scheduler-kind-control-plane            1/1     Running   0          89m


PODS UPDATE: kube-system     metrics-server-787cbd4d5d-dc9mf              1/1     Running   0          51m


PODS UPDATE: seldon-system   seldon-controller-manager-6dffdb695-4fbn4    1/1     Running   0          51m


PODS UPDATE: seldon          ambassador-666bf45855-bs6br                  1/1     Running   0          56m


PODS UPDATE: seldon          jaeger-6999b5bb48-9q8w4                      1/1     Running   0          51m


PODS UPDATE: seldon          jaeger-operator-65bcd659cf-pmkpc             1/1     Running   0          52m


PODS UPDATE: seldon-system   seldon-controller-manager-6dffdb695-4fbn4    1/1     Terminating   0          51m


PODS UPDATE: seldon-system   seldon-controller-manager-6dffdb695-4fbn4    0/1     Terminating   0          52m


PODS UPDATE: seldon-system   seldon-controller-manager-fc99ffd87-zcjmn    0/1     Pending       0          0s


PODS UPDATE: seldon-system   seldon-controller-manager-fc99ffd87-zcjmn    0/1     Pending       0          0s


PODS UPDATE: seldon-system   seldon-controller-manager-fc99ffd87-zcjmn    0/1     ContainerCreating   0          0s


PODS UPDATE: seldon-system   seldon-controller-manager-6dffdb695-4fbn4    0/1     Terminating         0          52m


PODS UPDATE: seldon-system   seldon-controller-manager-6dffdb695-4fbn4    0/1     Terminating         0          52m


PODS UPDATE: seldon-system   seldon-controller-manager-fc99ffd87-zcjmn    1/1     Running             0          24s


PODS UPDATE: test-cluster-update-0-5-1   mymodel-mymodel-e2eb561-6d9f48c58d-htcxr     0/2     Pending             0          0s


PODS UPDATE: test-cluster-update-0-5-1   mymodel-mymodel-e2eb561-6d9f48c58d-htcxr     0/2     Pending             0          0s


PODS UPDATE: test-cluster-update-0-5-1   mymodel-mymodel-e2eb561-6d9f48c58d-htcxr     0/2     ContainerCreating   0          0s


PODS UPDATE: test-cluster-update-0-5-1   mymodel-mymodeRelease "seldon" has been upgraded. Happy Helming!
NAME: seldon
LAST DEPLOYED: Fri Jan 22 15:45:00 2021
NAMESPACE: seldon-system
STATUS: deployed
REVISION: 2
TEST SUITE: None
PASSEDnamespace "test-cluster-update-0-5-1" deleted

test_operator_updates.py::test_cluster_update[0.5.1] ERROR
test_operator_updates.py::test_cluster_update[1.0.2] namespace/test-cluster-update-1-0-2 created
seldondeployment.machinelearning.seldon.io/mymodel created
l-e2eb561-6d9f48c58d-htcxr     0/2     Running             0          26s


PODS UPDATE: test-cluster-update-0-5-1   mymodel-mymodel-e2eb561-6d9f48c58d-htcxr     1/2     Running             0          31s


PODS UPDATE: test-cluster-update-0-5-1   mymodel-mymodel-e2eb561-6d9f48c58d-htcxr     2/2     Running             0          48s


PODS UPDATE: seldon-system               seldon-controller-manager-7f887b979d-bq29w   0/1     Pending             0          1s


PODS UPDATE: seldon-system               seldon-controller-manager-7f887b979d-bq29w   0/1     Pending             0          1s


PODS UPDATE: seldon-system               seldon-controller-manager-7f887b979d-bq29w   0/1     ContainerCreating   0          2s


PODS UPDATE: seldon-system               seldon-controller-manager-7f887b979d-bq29w   1/1     Running             0          22s


PODS UPDATE: seldon-system               seldon-controller-manager-fc99ffd87-zcjmn    1/1     Terminating         0          2m3s


PODS UPDATE: seldon-system               seldon-controller-manager-fc99ffd87-zcjmn    0/1     Terminating         0          2m7s


PODS UPDATE: seldon-system               seldon-controller-manager-fc99ffd87-zcjmn    0/1     Terminating         0          2m8s


PODS UPDATE: seldon-system               seldon-controller-manager-fc99ffd87-zcjmn    0/1     Terminating         0          2m8s


PODS UPDATE: seldon-system               seldon-controller-manager-7f887b979d-bq29w   1/1     Terminating         0          36s


PODS UPDATE: test-cluster-update-0-5-1   mymodel-mymodel-e2eb561-6d9f48c58d-htcxr     2/2     Terminating         0          101s


PODS UPDATE: seldon-system               seldon-controller-manager-7f887b979d-bq29w   0/1     Terminating         0          39s


PODS UPDATE: seldon-system               seldon-controller-manager-7f887b979d-bq29w   0/1     Terminating         0          44s


PODS UPDATE: seldon-system               seldon-controller-manager-7f887b979d-bq29w   0/1     Terminating         0          45s


PODS UPDATE: test-cluster-update-0-5-1   mymodel-mymodel-e2eb561-6d9f48c58d-htcxr     1/2     Terminating         0          114s


PODS UPDATE: seldon-system               seldon-controller-manager-7f887b979d-p6tjp   0/1     Pending             0          0s


PODS UPDATE: seldon-system               seldon-controller-manager-7f887b979d-p6tjp   0/1     Pending             0          0s


PODS UPDATE: seldon-system               seldon-controller-manager-7f887b979d-p6tjp   0/1     ContainerCreating   0          1s


PODS UPDATE: test-cluster-update-0-5-1   mymodel-mymodel-e2eb561-6d9f48c58d-htcxr     0/2     Terminating         0          2m6s


PODS UPDATE: seldon-system               seldon-controller-manager-7f887b979d-p6tjp   0/1     CreateContainerError   0          3m27s


PODS UPDATE: seldon-system               seldon-controller-manager-7f887b979d-p6tjp   0/1     CreateContainerError   0          3m38s


PODS UPDATE: test-cluster-update-0-5-1   mymodel-mymodel-e2eb561-6d9f48c58d-htcxr     0/2     Terminating            0          6m3s


PODS UPDATE: test-cluster-update-0-5-1   mymodel-mymodel-e2eb561-6d9f48c58d-htcxr     0/2     Terminating            0          6m8s


PODS UPDATE: test-cluster-update-0-5-1   mymodel-mymodel-e2eb561-6d9f48c58d-htcxr     0/2     Terminating            0          6m8s


PODS UPDATE: seldon-system               seldon-controller-manager-7f887b979d-p6tjp   0/1     CreateContainerError   0          4m56s


PODS UPDATE: seldon-system               seldon-controller-manager-7f887b979d-p6tjp   0/1     Terminating            0          6m6s


PODS UPDATE: seldon-system               seldon-controller-manager-7f887b979d-p6tjp   0/1     Terminating            0          6m6s


PODS UPDATE: seldon-system               seldon-controller-manager-78cf68ffb9-s4nxl   0/1     Pending                0          0s


PODS UPDATE: seldon-system               seldon-controller-manager-78cf68ffb9-s4nxl   0/1     Pending                0          0s


PODS UPDATE: seldon-system               seldon-codeployment "mymodel-mymodel-e2eb561" successfully rolled out
Release "seldon" has been upgraded. Happy Helming!
NAME: seldon
LAST DEPLOYED: Fri Jan 22 15:56:15 2021
NAMESPACE: seldon-system
STATUS: deployed
REVISION: 2
TEST SUITE: None
PASSEDnamespace "test-cluster-update-1-0-2" deleted

test_operator_updates.py::test_cluster_update[1.1.0] namespace/test-cluster-update-1-1-0 created
seldondeployment.machinelearning.seldon.io/mymodel created
ntroller-manager-78cf68ffb9-s4nxl   0/1     ContainerCreating      0          0s


PODS UPDATE: seldon-system               seldon-controller-manager-7f887b979d-p6tjp   0/1     Terminating            0          7m


PODS UPDATE: seldon-system               seldon-controller-manager-7f887b979d-p6tjp   0/1     Terminating            0          7m


PODS UPDATE: seldon-system               seldon-controller-manager-78cf68ffb9-s4nxl   1/1     Running                0          109s


PODS UPDATE: test-cluster-update-1-0-2   mymodel-mymodel-e2eb561-85dd6d6c9-ds24c      0/2     Pending                0          0s


PODS UPDATE: test-cluster-update-1-0-2   mymodel-mymodel-e2eb561-85dd6d6c9-ds24c      0/2     Pending                0          1s


PODS UPDATE: test-cluster-update-1-0-2   mymodel-mymodel-e2eb561-85dd6d6c9-ds24c      0/2     ContainerCreating      0          2s


PODS UPDATE: test-cluster-update-1-0-2   mymodel-mymodel-e2eb561-85dd6d6c9-ds24c      0/2     Running                0          56s


PODS UPDATE: test-cluster-update-1-0-2   mymodel-mymodel-e2eb561-85dd6d6c9-ds24c      1/2     Running                0          60s


PODS UPDATE: test-cluster-update-1-0-2   mymodel-mymodel-e2eb561-85dd6d6c9-ds24c      2/2     Running                0          75s


PODS UPDATE: seldon-system               seldon-controller-manager-7f887b979d-9cxn7   0/1     Pending                0          0s


PODS UPDATE: seldon-system               seldon-controller-manager-7f887b979d-9cxn7   0/1     Pending                0          0s


PODS UPDATE: seldon-system               seldon-controller-manager-7f887b979d-9cxn7   0/1     ContainerCreating      0          0s


PODS UPDATE: seldon-system               seldon-controller-manager-7f887b979d-9cxn7   1/1     Running                0          4s


PODS UPDATE: seldon-system               seldon-controller-manager-78cf68ffb9-s4nxl   1/1     Terminating            0          3m40s


PODS UPDATE: seldon-system               seldon-controller-manager-78cf68ffb9-s4nxl   0/1     Terminating            0          3m42s


PODS UPDATE: seldon-system               seldon-controller-manager-78cf68ffb9-s4nxl   0/1     Terminating            0          3m43s


PODS UPDATE: seldon-system               seldon-controller-manager-78cf68ffb9-s4nxl   0/1     Terminating            0          3m43s


PODS UPDATE: seldon-system               seldon-controller-manager-7f887b979d-9cxn7   1/1     Terminating            0          13s


PODS UPDATE: test-cluster-update-1-0-2   mymodel-mymodel-e2eb561-85dd6d6c9-ds24c      2/2     Terminating            0          104s


PODS UPDATE: seldon-system               seldon-controller-manager-7f887b979d-cbtf9   0/1     Pending                0          0s


PODS UPDATE: seldon-system               seldon-controller-manager-7f887b979d-cbtf9   0/1     Pending                0          0s


PODS UPDATE: seldon-system               seldon-controller-manager-7f887b979d-cbtf9   0/1     ContainerCreating      0          1s


PODS UPDATE: test-cluster-update-1-0-2   mymodel-mymodel-e2eb561-85dd6d6c9-ds24c      1/2     Terminating            0          2m5s


PODS UPDATE: test-cluster-update-1-0-2   mymodel-mymodel-e2eb561-85dd6d6c9-ds24c      0/2     Terminating            0          2m6s


PODS UPDATE: seldon-system               seldon-controller-manager-7f887b979d-9cxn7   0/1     Terminating            0          36s


PODS UPDATE: seldon-system               seldon-controller-manager-7f887b979d-cbtf9   1/1     Running                0          16s


PODS UPDATE: seldon-system               seldon-controller-manager-7f887b979d-9cxn7   0/1     Terminating            0          45s


PODS UPDATE: seldon-system               seldon-controller-manager-7f887b979d-9cxn7   0/1     Terminating            0          45s


PODS UPDATE: test-cluster-update-1-0-2   mymodel-mymodel-e2eb561-85dd6d6c9-ds24c      0/2     Terminating            0          2m16s


PODS UPDATE: test-cluster-update-1-0-2   mymodel-mymodel-e2eb561-85dd6d6c9-ds24c      0/2     Terminating            0       deployment "mymodel-mymodel-0-complex-model" successfully rolled out
Release "seldon" has been upgraded. Happy Helming!
NAME: seldon
LAST DEPLOYED: Fri Jan 22 15:59:13 2021
NAMESPACE: seldon-system
STATUS: deployed
REVISION: 2
TEST SUITE: None
PASSEDnamespace "test-cluster-update-1-1-0" deleted

test_operator_updates.py::test_namespace_update[1.0.2] namespace/test-namespace-update-1-0-2 created
   2m16s


PODS UPDATE: seldon-system               seldon-controller-manager-7f887b979d-cbtf9   1/1     Terminating            0          35s


PODS UPDATE: seldon-system               seldon-controller-manager-7f887b979d-cbtf9   0/1     Terminating            0          47s


PODS UPDATE: seldon-system               seldon-controller-manager-6978f54b99-zqz9g   0/1     Pending                0          0s


PODS UPDATE: seldon-system               seldon-controller-manager-6978f54b99-zqz9g   0/1     Pending                0          0s


PODS UPDATE: seldon-system               seldon-controller-manager-6978f54b99-zqz9g   0/1     ContainerCreating      0          0s


PODS UPDATE: seldon-system               seldon-controller-manager-7f887b979d-cbtf9   0/1     Terminating            0          55s


PODS UPDATE: seldon-system               seldon-controller-manager-7f887b979d-cbtf9   0/1     Terminating            0          55s


PODS UPDATE: seldon-system               seldon-controller-manager-6978f54b99-zqz9g   1/1     Running                0          29s


PODS UPDATE: test-cluster-update-1-1-0   mymodel-mymodel-0-complex-model-6df5d95fcd-xx52m   0/2     Pending                0          1s


PODS UPDATE: test-cluster-update-1-1-0   mymodel-mymodel-0-complex-model-6df5d95fcd-xx52m   0/2     Pending                0          1s


PODS UPDATE: test-cluster-update-1-1-0   mymodel-mymodel-0-complex-model-6df5d95fcd-xx52m   0/2     ContainerCreating      0          1s


PODS UPDATE: test-cluster-update-1-1-0   mymodel-mymodel-0-complex-model-6df5d95fcd-xx52m   0/2     Running                0          30s


PODS UPDATE: test-cluster-update-1-1-0   mymodel-mymodel-0-complex-model-6df5d95fcd-xx52m   1/2     Running                0          38s


PODS UPDATE: test-cluster-update-1-1-0   mymodel-mymodel-0-complex-model-6df5d95fcd-xx52m   2/2     Running                0          50s


PODS UPDATE: seldon-system               seldon-controller-manager-7f887b979d-8w2gf         0/1     Pending                0          0s


PODS UPDATE: seldon-system               seldon-controller-manager-7f887b979d-8w2gf         0/1     Pending                0          0s


PODS UPDATE: seldon-system               seldon-controller-manager-7f887b979d-8w2gf         0/1     ContainerCreating      0          1s


PODS UPDATE: seldon-system               seldon-controller-manager-7f887b979d-8w2gf         1/1     Running                0          20s


PODS UPDATE: seldon-system               seldon-controller-manager-6978f54b99-zqz9g         1/1     Terminating            0          2m14s


PODS UPDATE: seldon-system               seldon-controller-manager-6978f54b99-zqz9g         0/1     Terminating            0          2m16s


PODS UPDATE: seldon-system               seldon-controller-manager-7f887b979d-8w2gf         1/1     Terminating            0          27s


PODS UPDATE: test-cluster-update-1-1-0   mymodel-mymodel-0-complex-model-6df5d95fcd-xx52m   2/2     Terminating            0          93s


PODS UPDATE: seldon-system               seldon-controller-manager-7f887b979d-8w2gf         0/1     Terminating            0          30s


PODS UPDATE: seldon-system               seldon-controller-manager-7f887b979d-8w2gf         0/1     Terminating            0          33s


PODS UPDATE: seldon-system               seldon-controller-manager-7f887b979d-8w2gf         0/1     Terminating            0          33s


PODS UPDATE: seldon-system               seldon-controller-manager-6978f54b99-zqz9g         0/1     Terminating            0          2m27s


PODS UPDATE: seldon-system               seldon-controller-manager-6978f54b99-zqz9g         0/1     Terminating            0          2m28s


PODS UPDATE: test-cluster-update-1-1-0   mymodel-mymodel-0-complex-model-6df5d95fcd-xx52m   1/2     Terminating            0          105s


PODS UPDATE: seldon-system               seldon-controller-manager-7f887b979d-d4zjf         0/1     Pending                0          0s


PODS UPDATE: seldon-system               seldon-controller-manager-7f887b9seldondeployment.machinelearning.seldon.io/mymodel created
deployment "mymodel-mymodel-e2eb561" successfully rolled out
namespace/test-namespace-update-1-0-2 labeled
NAME: seldon
LAST DEPLOYED: Fri Jan 22 16:02:08 2021
NAMESPACE: test-namespace-update-1-0-2
STATUS: deployed
REVISION: 1
TEST SUITE: None
deployment "mymodel-mymodel-e2eb561" successfully rolled out
PASSEDnamespace "test-namespace-update-1-0-2" deleted

test_operator_updates.py::test_namespace_update[1.1.0] namespace/test-namespace-update-1-1-0 created
79d-d4zjf         0/1     Pending                0          1s


PODS UPDATE: seldon-system               seldon-controller-manager-7f887b979d-d4zjf         0/1     ContainerCreating      0          3s


PODS UPDATE: test-cluster-update-1-1-0   mymodel-mymodel-0-complex-model-6df5d95fcd-xx52m   0/2     Terminating            0          118s


PODS UPDATE: test-cluster-update-1-1-0   mymodel-mymodel-0-complex-model-6df5d95fcd-xx52m   0/2     Terminating            0          2m2s


PODS UPDATE: seldon-system               seldon-controller-manager-7f887b979d-d4zjf         1/1     Running                0          12s


PODS UPDATE: test-cluster-update-1-1-0   mymodel-mymodel-0-complex-model-6df5d95fcd-xx52m   0/2     Terminating            0          2m10s


PODS UPDATE: test-cluster-update-1-1-0   mymodel-mymodel-0-complex-model-6df5d95fcd-xx52m   0/2     Terminating            0          2m10s


PODS UPDATE: seldon-system               seldon-controller-manager-7f887b979d-d4zjf         1/1     Terminating            0          36s


PODS UPDATE: seldon-system               seldon-controller-manager-7f887b979d-d4zjf         0/1     Terminating            0          51s


PODS UPDATE: seldon-system               seldon-controller-manager-7f887b979d-d4zjf         0/1     Terminating            0          52s


PODS UPDATE: seldon-system               seldon-controller-manager-7f887b979d-d4zjf         0/1     Terminating            0          52s


PODS UPDATE: seldon-system               seldon-controller-manager-78cf68ffb9-h52tb         0/1     Pending                0          0s


PODS UPDATE: seldon-system               seldon-controller-manager-78cf68ffb9-h52tb         0/1     Pending                0          1s


PODS UPDATE: seldon-system               seldon-controller-manager-78cf68ffb9-h52tb         0/1     ContainerCreating      0          1s


PODS UPDATE: seldon-system               seldon-controller-manager-78cf68ffb9-h52tb         1/1     Running                0          3s


PODS UPDATE: test-namespace-update-1-0-2   mymodel-mymodel-e2eb561-67b4df4df8-xb7kv           0/2     Pending                0          0s


PODS UPDATE: test-namespace-update-1-0-2   mymodel-mymodel-e2eb561-67b4df4df8-xb7kv           0/2     Pending                0          0s


PODS UPDATE: test-namespace-update-1-0-2   mymodel-mymodel-e2eb561-67b4df4df8-xb7kv           0/2     ContainerCreating      0          0s


PODS UPDATE: test-namespace-update-1-0-2   mymodel-mymodel-e2eb561-67b4df4df8-xb7kv           0/2     Running                0          11s


PODS UPDATE: test-namespace-update-1-0-2   mymodel-mymodel-e2eb561-67b4df4df8-xb7kv           1/2     Running                0          29s


PODS UPDATE: test-namespace-update-1-0-2   mymodel-mymodel-e2eb561-67b4df4df8-xb7kv           2/2     Running                0          35s


PODS UPDATE: test-namespace-update-1-0-2   seldon-controller-manager-84499d67df-rfqc7         0/1     Pending                0          0s


PODS UPDATE: test-namespace-update-1-0-2   seldon-controller-manager-84499d67df-rfqc7         0/1     Pending                0          0s


PODS UPDATE: test-namespace-update-1-0-2   seldon-controller-manager-84499d67df-rfqc7         0/1     ContainerCreating      0          2s


PODS UPDATE: test-namespace-update-1-0-2   seldon-controller-manager-84499d67df-rfqc7         1/1     Running                0          30s


PODS UPDATE: seldon-system                 seldon-controller-manager-78cf68ffb9-h52tb         1/1     Terminating            0          118s


PODS UPDATE: test-namespace-update-1-0-2   mymodel-mymodel-e2eb561-67b4df4df8-xb7kv           2/2     Terminating            0          97s


PODS UPDATE: seldon-system                 seldon-controller-manager-78cf68ffb9-h52tb         0/1     Terminating            0          2m9s


PODS UPDATE: seldon-system                 seldon-controller-manager-78cf68ffb9-h52tb         0/1     Terminating            0          2m16s


PODS UPDATE: seldon-system                 seldon-controller-manager-78cf68ffb9-h52tseldondeployment.machinelearning.seldon.io/mymodel created
deployment "mymodel-mymodel-0-complex-model" successfully rolled out
namespace/test-namespace-update-1-1-0 labeled
NAME: seldon
LAST DEPLOYED: Fri Jan 22 16:06:49 2021
NAMESPACE: test-namespace-update-1-1-0
STATUS: deployed
REVISION: 1
TEST SUITE: None
deployment "mymodel-mymodel-0-complex-model" successfully rolled out
PASSEDnamespace "test-namespace-update-1-1-0" deleted

test_operator_updates.py::test_label_update[1.0.2] namespace/test-label-update-1-0-2 created
b         0/1     Terminating            0          2m17s


PODS UPDATE: seldon-system                 seldon-controller-manager-7f887b979d-7jnh7         0/1     Pending                0          1s


PODS UPDATE: seldon-system                 seldon-controller-manager-7f887b979d-7jnh7         0/1     Pending                0          1s


PODS UPDATE: test-namespace-update-1-0-2   mymodel-mymodel-e2eb561-67b4df4df8-xb7kv           1/2     Terminating            0          2m


PODS UPDATE: seldon-system                 seldon-controller-manager-7f887b979d-7jnh7         0/1     ContainerCreating      0          2s


PODS UPDATE: test-namespace-update-1-0-2   mymodel-mymodel-e2eb561-67b4df4df8-xb7kv           0/2     Terminating            0          2m3s


PODS UPDATE: test-namespace-update-1-0-2   mymodel-mymodel-e2eb561-67b4df4df8-xb7kv           0/2     Terminating            0          2m4s


PODS UPDATE: seldon-system                 seldon-controller-manager-7f887b979d-7jnh7         1/1     Running                0          6s


PODS UPDATE: test-namespace-update-1-0-2   mymodel-mymodel-e2eb561-67b4df4df8-xb7kv           0/2     Terminating            0          2m13s


PODS UPDATE: test-namespace-update-1-0-2   mymodel-mymodel-e2eb561-67b4df4df8-xb7kv           0/2     Terminating            0          2m13s


PODS UPDATE: test-namespace-update-1-0-2   seldon-controller-manager-84499d67df-rfqc7         1/1     Terminating            0          81s


PODS UPDATE: test-namespace-update-1-0-2   seldon-controller-manager-84499d67df-rfqc7         0/1     Terminating            0          2m1s


PODS UPDATE: test-namespace-update-1-0-2   seldon-controller-manager-84499d67df-rfqc7         0/1     Terminating            0          2m1s


PODS UPDATE: test-namespace-update-1-0-2   seldon-controller-manager-84499d67df-rfqc7         0/1     Terminating            0          2m11s


PODS UPDATE: test-namespace-update-1-0-2   seldon-controller-manager-84499d67df-rfqc7         0/1     Terminating            0          2m11s


PODS UPDATE: seldon-system                 seldon-controller-manager-7f887b979d-7jnh7         1/1     Terminating            0          2m7s


PODS UPDATE: seldon-system                 seldon-controller-manager-7f887b979d-7jnh7         0/1     Terminating            0          2m11s


PODS UPDATE: seldon-system                 seldon-controller-manager-7f887b979d-7jnh7         0/1     Terminating            0          2m15s


PODS UPDATE: seldon-system                 seldon-controller-manager-7f887b979d-7jnh7         0/1     Terminating            0          2m15s


PODS UPDATE: seldon-system                 seldon-controller-manager-6978f54b99-62wwn         0/1     Pending                0          0s


PODS UPDATE: seldon-system                 seldon-controller-manager-6978f54b99-62wwn         0/1     Pending                0          0s


PODS UPDATE: seldon-system                 seldon-controller-manager-6978f54b99-62wwn         0/1     ContainerCreating      0          1s


PODS UPDATE: seldon-system                 seldon-controller-manager-6978f54b99-62wwn         1/1     Running                0          4s


PODS UPDATE: test-namespace-update-1-1-0   mymodel-mymodel-0-complex-model-665ff44775-ksrbk   0/2     Pending                0          0s


PODS UPDATE: test-namespace-update-1-1-0   mymodel-mymodel-0-complex-model-665ff44775-ksrbk   0/2     Pending                0          0s


PODS UPDATE: test-namespace-update-1-1-0   mymodel-mymodel-0-complex-model-665ff44775-ksrbk   0/2     ContainerCreating      0          0s


PODS UPDATE: test-namespace-update-1-1-0   mymodel-mymodel-0-complex-model-665ff44775-ksrbk   0/2     Running                0          4s


PODS UPDATE: test-namespace-update-1-1-0   mymodel-mymodel-0-complex-model-665ff44775-ksrbk   1/2     Running                0          25s


PODS UPDATE: test-namespace-update-1-1-0   mymodel-mymodel-0-complex-model-665ff44775-ksrbk   2/2     Running                0          25s


PODS UPDATE: test-namespace-update-1-1-0   seldon-contseldondeployment.machinelearning.seldon.io/mymodel created
deployment "mymodel-mymodel-e2eb561" successfully rolled out
NAME: seldon-test-label-update-1-0-2
LAST DEPLOYED: Fri Jan 22 16:09:22 2021
NAMESPACE: test-label-update-1-0-2
STATUS: deployed
REVISION: 1
TEST SUITE: None
Error from server (InternalError): Internal error occurred: failed calling webhook "v1.vseldondeployment.kb.io": Post https://seldon-webhook-service.test-label-update-1-0-2.svc:443/validate-machinelearning-seldon-io-v1-seldondeployment?timeout=30s: dial tcp 10.107.191.136:443: connect: connection refused
seldondeployment.machinelearning.seldon.io/mymodel labeled
deployment "mymodel-mymodel-0-complex-model" successfully rolled out
release "seldon-test-label-update-1-0-2" uninstalled
PASSEDroller-manager-6b5954f696-bnvws         0/1     Pending                0          0s


PODS UPDATE: test-namespace-update-1-1-0   seldon-controller-manager-6b5954f696-bnvws         0/1     Pending                0          1s


PODS UPDATE: test-namespace-update-1-1-0   seldon-controller-manager-6b5954f696-bnvws         0/1     ContainerCreating      0          3s


PODS UPDATE: test-namespace-update-1-1-0   seldon-controller-manager-6b5954f696-bnvws         1/1     Running                0          6s


PODS UPDATE: seldon-system                 seldon-controller-manager-6978f54b99-62wwn         1/1     Terminating            0          103s


PODS UPDATE: test-namespace-update-1-1-0   mymodel-mymodel-0-complex-model-665ff44775-ksrbk   2/2     Terminating            0          81s


PODS UPDATE: seldon-system                 seldon-controller-manager-6978f54b99-62wwn         0/1     Terminating            0          105s


PODS UPDATE: seldon-system                 seldon-controller-manager-7f887b979d-bpq7q         0/1     Pending                0          0s


PODS UPDATE: seldon-system                 seldon-controller-manager-7f887b979d-bpq7q         0/1     Pending                0          0s


PODS UPDATE: seldon-system                 seldon-controller-manager-7f887b979d-bpq7q         0/1     ContainerCreating      0          0s


PODS UPDATE: seldon-system                 seldon-controller-manager-7f887b979d-bpq7q         1/1     Running                0          3s


PODS UPDATE: seldon-system                 seldon-controller-manager-6978f54b99-62wwn         0/1     Terminating            0          114s


PODS UPDATE: seldon-system                 seldon-controller-manager-6978f54b99-62wwn         0/1     Terminating            0          114s


PODS UPDATE: test-namespace-update-1-1-0   mymodel-mymodel-0-complex-model-665ff44775-ksrbk   0/2     Terminating            0          93s


PODS UPDATE: test-namespace-update-1-1-0   seldon-controller-manager-6b5954f696-bnvws         1/1     Terminating            0          42s


PODS UPDATE: test-namespace-update-1-1-0   seldon-controller-manager-6b5954f696-bnvws         0/1     Terminating            0          43s


PODS UPDATE: test-namespace-update-1-1-0   mymodel-mymodel-0-complex-model-665ff44775-ksrbk   0/2     Terminating            0          102s


PODS UPDATE: test-namespace-update-1-1-0   mymodel-mymodel-0-complex-model-665ff44775-ksrbk   0/2     Terminating            0          102s


PODS UPDATE: test-namespace-update-1-1-0   seldon-controller-manager-6b5954f696-bnvws         0/1     Terminating            0          48s


PODS UPDATE: test-namespace-update-1-1-0   seldon-controller-manager-6b5954f696-bnvws         0/1     Terminating            0          48s


PODS UPDATE: seldon-system                 seldon-controller-manager-7f887b979d-bpq7q         1/1     Terminating            0          23s


PODS UPDATE: seldon-system                 seldon-controller-manager-7f887b979d-bpq7q         0/1     Terminating            0          47s


PODS UPDATE: seldon-system                 seldon-controller-manager-78cf68ffb9-h5nm4         0/1     Pending                0          0s


PODS UPDATE: seldon-system                 seldon-controller-manager-78cf68ffb9-h5nm4         0/1     Pending                0          0s


PODS UPDATE: seldon-system                 seldon-controller-manager-78cf68ffb9-h5nm4         0/1     ContainerCreating      0          0s


PODS UPDATE: seldon-system                 seldon-controller-manager-7f887b979d-bpq7q         0/1     Terminating            0          57s


PODS UPDATE: seldon-system                 seldon-controller-manager-7f887b979d-bpq7q         0/1     Terminating            0          57s


PODS UPDATE: seldon-system                 seldon-controller-manager-78cf68ffb9-h5nm4         1/1     Running                0          11s


PODS UPDATE: test-label-update-1-0-2       mymodel-mymodel-e2eb561-5cc49c64f9-8pvmf           0/2     Pending                0          0s


PODS UPDATE: test-label-update-1-0-2  namespace "test-label-update-1-0-2" deleted

test_operator_updates.py::test_label_update[1.1.0] namespace/test-label-update-1-1-0 created
seldondeployment.machinelearning.seldon.io/mymodel created
deployment "mymodel-mymodel-0-complex-model" successfully rolled out
NAME: seldon-test-label-update-1-1-0
LAST DEPLOYED: Fri Jan 22 16:14:08 2021
NAMESPACE: test-label-update-1-1-0
STATUS: deployed
REVISION: 1
TEST SUITE: None
Error from server (InternalError): Internal error occurred: failed calling webhook "v1.vseldondeployment.kb.io": Post https://seldon-webhook-service.test-label-update-1-1-0.svc:443/validate-machinelearning-seldon-io-v1-seldondeployment?timeout=30s: dial tcp 10.107.150.125:443: connect: connection refused
seldondeployment.machinelearning.seldon.io/mymodel labeled
     mymodel-mymodel-e2eb561-5cc49c64f9-8pvmf           0/2     Pending                0          0s


PODS UPDATE: test-label-update-1-0-2       mymodel-mymodel-e2eb561-5cc49c64f9-8pvmf           0/2     ContainerCreating      0          0s


PODS UPDATE: test-label-update-1-0-2       mymodel-mymodel-e2eb561-5cc49c64f9-8pvmf           0/2     Running                0          5s


PODS UPDATE: test-label-update-1-0-2       mymodel-mymodel-e2eb561-5cc49c64f9-8pvmf           1/2     Running                0          23s


PODS UPDATE: test-label-update-1-0-2       mymodel-mymodel-e2eb561-5cc49c64f9-8pvmf           2/2     Running                0          26s


PODS UPDATE: test-label-update-1-0-2       seldon-controller-manager-685684dc96-bdg6b         0/1     Pending                0          0s


PODS UPDATE: test-label-update-1-0-2       seldon-controller-manager-685684dc96-bdg6b         0/1     Pending                0          0s


PODS UPDATE: test-label-update-1-0-2       seldon-controller-manager-685684dc96-bdg6b         0/1     ContainerCreating      0          0s


PODS UPDATE: test-label-update-1-0-2       seldon-controller-manager-685684dc96-bdg6b         1/1     Running                0          5s


PODS UPDATE: test-label-update-1-0-2       mymodel-mymodel-0-complex-model-6cbccbd7bb-87kwf   0/2     Pending                0          0s


PODS UPDATE: test-label-update-1-0-2       mymodel-mymodel-0-complex-model-6cbccbd7bb-87kwf   0/2     Pending                0          0s


PODS UPDATE: test-label-update-1-0-2       mymodel-mymodel-0-complex-model-6cbccbd7bb-87kwf   0/2     ContainerCreating      0          0s


PODS UPDATE: test-label-update-1-0-2       mymodel-mymodel-0-complex-model-6cbccbd7bb-87kwf   0/2     Running                0          13s


PODS UPDATE: test-label-update-1-0-2       mymodel-mymodel-0-complex-model-6cbccbd7bb-87kwf   1/2     Running                0          32s


PODS UPDATE: test-label-update-1-0-2       mymodel-mymodel-0-complex-model-6cbccbd7bb-87kwf   2/2     Running                0          36s


PODS UPDATE: test-label-update-1-0-2       mymodel-mymodel-e2eb561-5cc49c64f9-8pvmf           2/2     Terminating            0          88s


PODS UPDATE: test-label-update-1-0-2       mymodel-mymodel-e2eb561-5cc49c64f9-8pvmf           1/2     Terminating            0          108s


PODS UPDATE: test-label-update-1-0-2       mymodel-mymodel-e2eb561-5cc49c64f9-8pvmf           0/2     Terminating            0          116s


PODS UPDATE: test-label-update-1-0-2       mymodel-mymodel-e2eb561-5cc49c64f9-8pvmf           0/2     Terminating            0          2m1s


PODS UPDATE: test-label-update-1-0-2       mymodel-mymodel-e2eb561-5cc49c64f9-8pvmf           0/2     Terminating            0          2m2s


PODS UPDATE: test-label-update-1-0-2       mymodel-mymodel-e2eb561-5cc49c64f9-8pvmf           0/2     Terminating            0          2m3s


PODS UPDATE: test-label-update-1-0-2       seldon-controller-manager-685684dc96-bdg6b         1/1     Terminating            0          101s


PODS UPDATE: seldon-system                 seldon-controller-manager-78cf68ffb9-h5nm4         1/1     Terminating            0          3m13s


PODS UPDATE: test-label-update-1-0-2       seldon-controller-manager-685684dc96-bdg6b         0/1     Terminating            0          2m2s


PODS UPDATE: test-label-update-1-0-2       mymodel-mymodel-0-complex-model-6cbccbd7bb-87kwf   2/2     Terminating            0          110s


PODS UPDATE: seldon-system                 seldon-controller-manager-78cf68ffb9-h5nm4         0/1     Terminating            0          3m15s


PODS UPDATE: test-label-update-1-0-2       mymodel-mymodel-0-complex-model-6cbccbd7bb-87kwf   0/2     Terminating            0          114s


PODS UPDATE: seldon-system                 seldon-controller-manager-78cf68ffb9-h5nm4         0/1     Terminating            0          3m20s


PODS UPDATE: seldon-system                 seldon-controller-manager-78cf68ffb9-h5nm4         0/1     Terminating            0          3m20s


PODS UPDATE: seldon-system                 seldon-controller-manager-7f887b979d-bwhqk         0/1     Pending                0          0s


PODS UPDATE: seldon-system                 seldon-controller-manager-7f887b979d-bwhqk         0/1     Pending                0          0s


PODS UPDATE: test-label-update-1-0-2       seldon-controller-manager-685684dc96-bdg6b         0/1     Terminating            0          2m9s


PODS UPDATE: test-label-update-1-0-2       seldon-controller-manager-685684dc96-bdg6b         0/1     Terminating            0          2m9s


PODS UPDATE: test-label-update-1-0-2       mymodel-mymodel-0-complex-model-6cbccbd7bb-87kwf   0/2     Terminating            0          117s


PODS UPDATE: test-label-update-1-0-2       mymodel-mymodel-0-complex-model-6cbccbd7bb-87kwf   0/2     Terminating            0          117s


PODS UPDATE: seldon-system                 seldon-controller-manager-7f887b979d-bwhqk         0/1     ContainerCreating      0          1s


PODS UPDATE: seldon-system                 seldon-controller-manager-7f887b979d-bwhqk         1/1     Running                0          12s


PODS UPDATE: seldon-system                 seldon-controller-manager-7f887b979d-bwhqk         1/1     Terminating            0          39s


PODS UPDATE: seldon-system                 seldon-controller-manager-6978f54b99-xm9bh         0/1     Pending                0          0s


PODS UPDATE: seldon-system                 seldon-controller-manager-6978f54b99-xm9bh         0/1     Pending                0          0s


PODS UPDATE: seldon-system                 seldon-controller-manager-6978f54b99-xm9bh         0/1     ContainerCreating      0          6s


PODS UPDATE: seldon-system                 seldon-controller-manager-7f887b979d-bwhqk         0/1     Terminating            0          92s


PODS UPDATE: seldon-system                 seldon-controller-manager-7f887b979d-bwhqk         0/1     Terminating            0          93s


PODS UPDATE: seldon-system                 seldon-controller-manager-7f887b979d-bwhqk         0/1     Terminating            0          93s


PODS UPDATE: seldon-system                 seldon-controller-manager-6978f54b99-xm9bh         1/1     Running                0          9s


PODS UPDATE: test-label-update-1-1-0       mymodel-mymodel-0-complex-model-67df8cf78-s6jc2    0/2     Pending                0          0s


PODS UPDATE: test-label-update-1-1-0       mymodel-mymodel-0-complex-model-67df8cf78-s6jc2    0/2     Pending                0          0s


PODS UPDATE: test-label-update-1-1-0       mymodel-mymodel-0-complex-model-67df8cf78-s6jc2    0/2     ContainerCreating      0          0s


PODS UPDATE: test-label-update-1-1-0       mymodel-mymodel-0-complex-model-67df8cf78-s6jc2    0/2     Running                0          7s


PODS UPDATE: test-label-update-1-1-0       mymodel-mymodel-0-complex-model-67df8cf78-s6jc2    1/2     Running                0          27s


PODS UPDATE: test-label-update-1-1-0       mymodel-mymodel-0-complex-model-67df8cf78-s6jc2    2/2     Running                0          28s


PODS UPDATE: test-label-update-1-1-0       seldon-controller-manager-78d9d5d949-s7g9j         0/1     Pending                0          0s


PODS UPDATE: test-label-update-1-1-0       seldon-controller-manager-78d9d5d949-s7g9j         0/1     Pending                0          0s


PODS UPDATE: test-label-update-1-1-0       seldon-controller-manager-78d9d5d949-s7g9j         0/1     ContainerCreating      0          0s


PODS UPDATE: test-label-update-1-1-0       seldon-controller-manager-78d9d5d949-s7g9j         1/1     Running                0          2m3s


PODS UPDATE: test-label-update-1-1-0       mymodel-mymodel-0-complex-model-6999c79587-brx78   0/2     Pending                0          0s


PODS UPDATE: test-label-update-1-1-0       mymodel-mymodel-0-complex-model-6999c79587-brx78   0/2     Pending                0          0s


PODS UPDATE: test-label-update-1-1-0       mymodel-mymodel-0-complex-model-6999c79587-brx78   0/2     ContainerCreating      0          0s


PODS UPDATE: test-label-update-1-1-0       mymodel-mymodel-0-complex-model-6999c79587-brx78   0/2     Running                0          16s


PODS UPDATE: test-label-update-1-1-0       mymodel-mymodel-0-complex-model-6999c79587-brx78   1/2     Running                0          28s

deployment "mymodel-mymodel-0-complex-model" successfully rolled out
release "seldon-test-label-update-1-1-0" uninstalled
PASSEDnamespace "test-label-update-1-1-0" deleted

test_rolling_updates.py::TestRollingHttp::test_rolling_update5[ambas] namespace/test-rolling-update5-ambas created
seldondeployment.machinelearning.seldon.io/mymodel created
Waiting for deployment "mymodel-mymodel-0-complex-model" rollout to finish: 0 of 1 updated replicas are available...
deployment "mymodel-mymodel-0-complex-model" successfully rolled out
seldondeployment.machinelearning.seldon.io/mymodel configured
seldondeployment.machinelearning.seldon.io "mymodel" deleted
Error from server (NotFound): error when deleting "../resources/graph6.json": seldondeployments.machinelearning.seldon.io "mymodel" not found
PASSEDnamespace "test-rolling-update5-ambas" deleted

test_rolling_updates.py::TestRollingHttp::test_rolling_update5[istio] namespace/test-rolling-update5-istio created
seldondeployment.machinelearning.seldon.io/mymodel created
deployment "mymodel-mymodel-0-complex-model" successfully rolled out
seldondeployment.machinelearning.seldon.io/mymodel configured
namespace "test-rolling-update5-istio" deleted
namespace/test-rolling-update5-istio created
seldondeployment.machinelearning.seldon.io/mymodel created
deployment "mymodel-mymodel-0-complex-model" successfully rolled out
seldondeployment.machinelearning.seldon.io/mymodel configured
seldondeployment.machinelearning.seldon.io "mymodel" deleted
Error from server (NotFound): error when deleting "../resources/graph6.json": seldondeployments.machinelearning.seldon.io "mymodel" not found
PASSEDnamespace "test-rolling-update5-istio" deleted

test_rolling_updates.py::TestRollingHttp::test_rolling_update6[ambas] namespace/test-rolling-update6-ambas created
seldondeployment.machinelearning.seldon.io/mymodel created
deployment "mymodel-mymodel-0-complex-model" successfully rolled out
deployment "mymodel-mymodel-svc-orch" successfully rolled out
seldondeployment.machinelearning.seldon.io/mymodel configured
seldondeployment.machinelearning.seldon.io "mymodel" deleted
Error from server (NotFound): error when deleting "../resources/graph2svc.json": seldondeployments.machinelearning.seldon.io "mymodel" not found
PASSEDnamespace "test-rolling-update6-ambas" deleted

test_rolling_updates.py::TestRollingHttp::test_rolling_update6[istio] namespace/test-rolling-update6-istio created
seldondeployment.machinelearning.seldon.io/mymodel created
deployment "mymodel-mymodel-0-complex-model" successfully rolled out
deployment "mymodel-mymodel-svc-orch" successfully rolled out
seldondeployment.machinelearning.seldon.io/mymodel configured
seldondeployment.machinelearning.seldon.io "mymodel" deleted
Error from server (NotFound): error when deleting "../resources/graph2svc.json": seldondeployments.machinelearning.seldon.io "mymodel" not found
PASSEDnamespace "test-rolling-update6-istio" deleted

test_rolling_updates.py::TestRollingHttp::test_rolling_update7[ambas] namespace/test-rolling-update7-ambas created
seldondeployment.machinelearning.seldon.io/mymodel created
deployment "mymodel-mymodel-0-complex-model" successfully rolled out
deployment "mymodel-mymodel-svc-orch" successfully rolled out
seldondeployment.machinelearning.seldon.io/mymodel configured
seldondeployment.machinelearning.seldon.io "mymodel" deleted
Error from server (NotFound): error when deleting "../resources/graph3svc.json": seldondeployments.machinelearning.seldon.io "mymodel" not found
PASSEDnamespace "test-rolling-update7-ambas" deleted

test_rolling_updates.py::TestRollingHttp::test_rolling_update7[istio] namespace/test-rolling-update7-istio created
seldondeployment.machinelearning.seldon.io/mymodel created
deployment "mymodel-mymodel-0-complex-model" successfully rolled out
deployment "mymodel-mymodel-svc-orch" successfully rolled out
seldondeployment.machinelearning.seldon.io/mymodel configured
seldondeployment.machinelearning.seldon.io "mymodel" deleted
Error from server (NotFound): error when deleting "../resources/graph3svc.json": seldondeployments.machinelearning.seldon.io "mymodel" not found
PASSEDnamespace "test-rolling-update7-istio" deleted

test_rolling_updates.py::TestRollingHttp::test_rolling_update8[ambas] namespace/test-rolling-update8-ambas created
seldondeployment.machinelearning.seldon.io/mymodel created
deployment "mymodel-mymodel-0-complex-model" successfully rolled out
deployment "mymodel-mymodel-svc-orch" successfully rolled out
seldondeployment.machinelearning.seldon.io/mymodel configured
seldondeployment.machinelearning.seldon.io "mymodel" deleted
Error from server (NotFound): error when deleting "../resources/graph4svc.json": seldondeployments.machinelearning.seldon.io "mymodel" not found
PASSEDnamespace "test-rolling-update8-ambas" deleted

test_rolling_updates.py::TestRollingHttp::test_rolling_update8[istio] namespace/test-rolling-update8-istio created
seldondeployment.machinelearning.seldon.io/mymodel created
deployment "mymodel-mymodel-0-complex-model" successfully rolled out
deployment "mymodel-mymodel-svc-orch" successfully rolled out
seldondeployment.machinelearning.seldon.io/mymodel configured
namespace "test-rolling-update8-istio" deleted
namespace/test-rolling-update8-istio created
seldondeployment.machinelearning.seldon.io/mymodel created
deployment "mymodel-mymodel-0-complex-model" successfully rolled out
deployment "mymodel-mymodel-svc-orch" successfully rolled out
seldondeployment.machinelearning.seldon.io/mymodel configured
seldondeployment.machinelearning.seldon.io "mymodel" deleted
Error from server (NotFound): error when deleting "../resources/graph4svc.json": seldondeployments.machinelearning.seldon.io "mymodel" not found
PASSEDnamespace "test-rolling-update8-istio" deleted

test_rolling_updates.py::TestRollingHttp::test_rolling_update9[ambas] namespace/test-rolling-update9-ambas created
seldondeployment.machinelearning.seldon.io/mymodel created
deployment "mymodel-mymodel-0-complex-model" successfully rolled out
deployment "mymodel-mymodel-svc-orch" successfully rolled out
seldondeployment.machinelearning.seldon.io/mymodel configured
seldondeployment.machinelearning.seldon.io "mymodel" deleted
Error from server (NotFound): error when deleting "../resources/graph5svc.json": seldondeployments.machinelearning.seldon.io "mymodel" not found
PASSEDnamespace "test-rolling-update9-ambas" deleted

test_rolling_updates.py::TestRollingHttp::test_rolling_update9[istio] namespace/test-rolling-update9-istio created
seldondeployment.machinelearning.seldon.io/mymodel created
deployment "mymodel-mymodel-0-complex-model" successfully rolled out
deployment "mymodel-mymodel-svc-orch" successfully rolled out
seldondeployment.machinelearning.seldon.io/mymodel configured
seldondeployment.machinelearning.seldon.io "mymodel" deleted
Error from server (NotFound): error when deleting "../resources/graph5svc.json": seldondeployments.machinelearning.seldon.io "mymodel" not found
PASSEDnamespace "test-rolling-update9-istio" deleted

test_rolling_updates.py::TestRollingHttp::test_rolling_update10[ambas] namespace/test-rolling-update10-ambas created
seldondeployment.machinelearning.seldon.io/mymodel created
deployment "mymodel-mymodel-0-complex-model" successfully rolled out
deployment "mymodel-mymodel-svc-orch" successfully rolled out
seldondeployment.machinelearning.seldon.io/mymodel configured
seldondeployment.machinelearning.seldon.io "mymodel" deleted
Error from server (NotFound): error when deleting "../resources/graph6svc.json": seldondeployments.machinelearning.seldon.io "mymodel" not found
PASSEDnamespace "test-rolling-update10-ambas" deleted

test_rolling_updates.py::TestRollingHttp::test_rolling_update10[istio] namespace/test-rolling-update10-istio created
seldondeployment.machinelearning.seldon.io/mymodel created
deployment "mymodel-mymodel-0-complex-model" successfully rolled out
deployment "mymodel-mymodel-svc-orch" successfully rolled out
seldondeployment.machinelearning.seldon.io/mymodel configured
seldondeployment.machinelearning.seldon.io "mymodel" deleted
Error from server (NotFound): error when deleting "../resources/graph6svc.json": seldondeployments.machinelearning.seldon.io "mymodel" not found
PASSEDnamespace "test-rolling-update10-istio" deleted

test_s2i_java.py::test_build_s2i_image[s2i_image0] SKIPPED
test_s2i_java.py::test_model_rest[s2i_image0] SKIPPED
test_s2i_java.py::test_build_s2i_image[s2i_image1] fb6dc78e26bc8b7bf1c5c07ad5e837cad5014a90046d1e01d15e2931a420d159
jni-model
PASSED
test_s2i_java.py::test_model_rest[s2i_image1] namespace/test-model-rest-s2i-image1 created
deployment "mymodel-default-0-model" successfully rolled out
PASSEDnamespace "test-model-rest-s2i-image1" deleted

test_s2i_python.py::TestPythonS2i::test_build_router ---> Installing application source...
Collecting pip-licenses
Downloading https://files.pythonhosted.org/packages/89/05/3044295a5cf87c895022e915d888abdaa2ae7bdce741af462c9300fbebb3/pip_licenses-3.2.0-py3-none-any.whl
Collecting PTable (from pip-licenses)
Downloading https://files.pythonhosted.org/packages/ab/b3/b54301811173ca94119eb474634f120a49cd370f257d1aae5a4abaf12729/PTable-0.9.2.tar.gz
Building wheels for collected packages: PTable
Building wheel for PTable (setup.py): started
Building wheel for PTable (setup.py): finished with status 'done'
Created wheel for PTable: filename=PTable-0.9.2-cp37-none-any.whl size=22906 sha256=3f3c3b259d8a6521193081e2496ef7ff61345f239c8dbbf874863a8b804bcc3b
Stored in directory: /root/.cache/pip/wheels/22/cc/2e/55980bfe86393df3e9896146a01f6802978d09d7ebcba5ea56
Successfully built PTable
Installing collected packages: PTable, pip-licenses
Successfully installed PTable-0.9.2 pip-licenses-3.2.0
created path: ./licenses/license_info.csv
created path: ./licenses/license.txt
Build completed successfully
770d3c6db11dfd6e7c977e179ddaec7092af0a3faa502f41c9b18b1a979e5e42
router
PASSED
test_s2i_python.py::TestPythonS2i::test_build_model ---> Installing application source...
Collecting pip-licenses
Downloading https://files.pythonhosted.org/packages/89/05/3044295a5cf87c895022e915d888abdaa2ae7bdce741af462c9300fbebb3/pip_licenses-3.2.0-py3-none-any.whl
Collecting PTable (from pip-licenses)
Downloading https://files.pythonhosted.org/packages/ab/b3/b54301811173ca94119eb474634f120a49cd370f257d1aae5a4abaf12729/PTable-0.9.2.tar.gz
Building wheels for collected packages: PTable
Building wheel for PTable (setup.py): started
Building wheel for PTable (setup.py): finished with status 'done'
Created wheel for PTable: filename=PTable-0.9.2-cp37-none-any.whl size=22906 sha256=b61c0fb681bf4db754802e437ac610551ecb662649a1311e1f36934feb6c884e
Stored in directory: /root/.cache/pip/wheels/22/cc/2e/55980bfe86393df3e9896146a01f6802978d09d7ebcba5ea56
Successfully built PTable
Installing collected packages: PTable, pip-licenses
Successfully installed PTable-0.9.2 pip-licenses-3.2.0
created path: ./licenses/license_info.csv
created path: ./licenses/license.txt
Build completed successfully
f52e1afc1d0c5dbd3b2ac56f6d4c51609c2966d18bba3216912a0b1c31de7704
model
PASSED
test_s2i_python.py::TestPythonS2i::test_build_transformer ---> Installing application source...
Collecting pip-licenses
Downloading https://files.pythonhosted.org/packages/89/05/3044295a5cf87c895022e915d888abdaa2ae7bdce741af462c9300fbebb3/pip_licenses-3.2.0-py3-none-any.whl
Collecting PTable (from pip-licenses)
Downloading https://files.pythonhosted.org/packages/ab/b3/b54301811173ca94119eb474634f120a49cd370f257d1aae5a4abaf12729/PTable-0.9.2.tar.gz
Building wheels for collected packages: PTable
Building wheel for PTable (setup.py): started
Building wheel for PTable (setup.py): finished with status 'done'
Created wheel for PTable: filename=PTable-0.9.2-cp37-none-any.whl size=22906 sha256=a57da112cbfedc2fe43de55f9c622ffc1d43a4abcf5ec95547876d43af323630
Stored in directory: /root/.cache/pip/wheels/22/cc/2e/55980bfe86393df3e9896146a01f6802978d09d7ebcba5ea56
Successfully built PTable
Installing collected packages: PTable, pip-licenses
Successfully installed PTable-0.9.2 pip-licenses-3.2.0
created path: ./licenses/license_info.csv
created path: ./licenses/license.txt
Build completed successfully
6832b292a03534b749285e7ed2c05f4635da0cfee9b09edc3d12299542ec9d33
transformer
PASSED
test_s2i_python.py::TestPythonS2i::test_build_combiner ---> Installing application source...
Collecting pip-licenses
Downloading https://files.pythonhosted.org/packages/89/05/3044295a5cf87c895022e915d888abdaa2ae7bdce741af462c9300fbebb3/pip_licenses-3.2.0-py3-none-any.whl
Collecting PTable (from pip-licenses)
Downloading https://files.pythonhosted.org/packages/ab/b3/b54301811173ca94119eb474634f120a49cd370f257d1aae5a4abaf12729/PTable-0.9.2.tar.gz
Building wheels for collected packages: PTable
Building wheel for PTable (setup.py): started
Building wheel for PTable (setup.py): finished with status 'done'
Created wheel for PTable: filename=PTable-0.9.2-cp37-none-any.whl size=22906 sha256=fc8565e21dfd22b82231adfc2627d87c2acbaf37211ae2c652b2bc95c6650a00
Stored in directory: /root/.cache/pip/wheels/22/cc/2e/55980bfe86393df3e9896146a01f6802978d09d7ebcba5ea56
Successfully built PTable
Installing collected packages: PTable, pip-licenses
Successfully installed PTable-0.9.2 pip-licenses-3.2.0
created path: ./licenses/license_info.csv
created path: ./licenses/license.txt
Build completed successfully
e11547941064da59d3e1e52b85a704b42c408e18a6d91bae05febcd7ac711518
combiner
PASSED
test_s2i_python.py::TestPythonS2iK8s::test_model namespace/test-model created
---> Installing application source...
Collecting pip-licenses
Downloading https://files.pythonhosted.org/packages/89/05/3044295a5cf87c895022e915d888abdaa2ae7bdce741af462c9300fbebb3/pip_licenses-3.2.0-py3-none-any.whl
Collecting PTable (from pip-licenses)
Downloading https://files.pythonhosted.org/packages/ab/b3/b54301811173ca94119eb474634f120a49cd370f257d1aae5a4abaf12729/PTable-0.9.2.tar.gz
Building wheels for collected packages: PTable
Building wheel for PTable (setup.py): started
Building wheel for PTable (setup.py): finished with status 'done'
Created wheel for PTable: filename=PTable-0.9.2-cp37-none-any.whl size=22906 sha256=fb7f272fb245122f8f4b78b4c5cc26fa53a296c49d8002a25bf17b2351ece8ac
Stored in directory: /root/.cache/pip/wheels/22/cc/2e/55980bfe86393df3e9896146a01f6802978d09d7ebcba5ea56
Successfully built PTable
Installing collected packages: PTable, pip-licenses
Successfully installed PTable-0.9.2 pip-licenses-3.2.0
created path: ./licenses/license_info.csv
created path: ./licenses/license.txt
Build completed successfully
Image: "seldonio/testmodel:0.1" with ID "sha256:aa014416de6e5362809e9eea4535b5d34457ecd494999a99f95eb5263e9e7df4" not present on node "kind-control-plane"
Image: "seldonio/testmodel:0.1" with ID "sha256:aa014416de6e5362809e9eea4535b5d34457ecd494999a99f95eb5263e9e7df4" not present on node "kind-worker"
seldondeployment.machinelearning.seldon.io/mymodel created
deployment "mymodel-mymodel-0-model" successfully rolled out
seldondeployment.machinelearning.seldon.io "mymodel" deleted
PASSEDnamespace "test-model" deleted

test_s2i_python.py::TestPythonS2iK8s::test_model_rest_non200 namespace/test-model-rest-non200 created
---> Installing application source...
Collecting pip-licenses
Downloading https://files.pythonhosted.org/packages/89/05/3044295a5cf87c895022e915d888abdaa2ae7bdce741af462c9300fbebb3/pip_licenses-3.2.0-py3-none-any.whl
Collecting PTable (from pip-licenses)
Downloading https://files.pythonhosted.org/packages/ab/b3/b54301811173ca94119eb474634f120a49cd370f257d1aae5a4abaf12729/PTable-0.9.2.tar.gz
Building wheels for collected packages: PTable
Building wheel for PTable (setup.py): started
Building wheel for PTable (setup.py): finished with status 'done'
Created wheel for PTable: filename=PTable-0.9.2-cp37-none-any.whl size=22906 sha256=38d07671370bb49cbcd9e53af9850b05fa11bf51576f63a9bf9acac268922c50
Stored in directory: /root/.cache/pip/wheels/22/cc/2e/55980bfe86393df3e9896146a01f6802978d09d7ebcba5ea56
Successfully built PTable
Installing collected packages: PTable, pip-licenses
Successfully installed PTable-0.9.2 pip-licenses-3.2.0
created path: ./licenses/license_info.csv
created path: ./licenses/license.txt
Build completed successfully
Image: "seldonio/testmodel_non200:0.1" with ID "sha256:ecd62177e34984ea3e75e410e287fa9d87b8886cd8e598df5c4f8c811eed639c" not present on node "kind-control-plane"
Image: "seldonio/testmodel_non200:0.1" with ID "sha256:ecd62177e34984ea3e75e410e287fa9d87b8886cd8e598df5c4f8c811eed639c" not present on node "kind-worker"
seldondeployment.machinelearning.seldon.io/mymodel created
deployment "mymodel-mymodel-0-model" successfully rolled out
seldondeployment.machinelearning.seldon.io "mymodel" deleted
PASSEDnamespace "test-model-rest-non200" deleted

test_s2i_python.py::TestPythonS2iK8s::test_input_transformer namespace/test-input-transformer created
---> Installing application source...
Collecting pip-licenses
Downloading https://files.pythonhosted.org/packages/89/05/3044295a5cf87c895022e915d888abdaa2ae7bdce741af462c9300fbebb3/pip_licenses-3.2.0-py3-none-any.whl
Collecting PTable (from pip-licenses)
Downloading https://files.pythonhosted.org/packages/ab/b3/b54301811173ca94119eb474634f120a49cd370f257d1aae5a4abaf12729/PTable-0.9.2.tar.gz
Building wheels for collected packages: PTable
Building wheel for PTable (setup.py): started
Building wheel for PTable (setup.py): finished with status 'done'
Created wheel for PTable: filename=PTable-0.9.2-cp37-none-any.whl size=22906 sha256=c85673a9008c4f8c8d46b1a4eb2d1ef343d17757b13ef444a590d9c059c0194f
Stored in directory: /root/.cache/pip/wheels/22/cc/2e/55980bfe86393df3e9896146a01f6802978d09d7ebcba5ea56
Successfully built PTable
Installing collected packages: PTable, pip-licenses
Successfully installed PTable-0.9.2 pip-licenses-3.2.0
created path: ./licenses/license_info.csv
created path: ./licenses/license.txt
Build completed successfully
Image: "seldonio/testtransformer:0.1" with ID "sha256:09cd7df80d4f2061e79a49a1c0aa2c522f27060790cc2ae74d2c6d72312be8a1" not present on node "kind-control-plane"
Image: "seldonio/testtransformer:0.1" with ID "sha256:09cd7df80d4f2061e79a49a1c0aa2c522f27060790cc2ae74d2c6d72312be8a1" not present on node "kind-worker"
seldondeployment.machinelearning.seldon.io/mytrans created
deployment "mytrans-mytrans-0-trans" successfully rolled out
seldondeployment.machinelearning.seldon.io "mytrans" deleted
PASSEDnamespace "test-input-transformer" deleted

test_s2i_python.py::TestPythonS2iK8s::test_output_transformer namespace/test-output-transformer created
---> Installing application source...
Collecting pip-licenses
Downloading https://files.pythonhosted.org/packages/89/05/3044295a5cf87c895022e915d888abdaa2ae7bdce741af462c9300fbebb3/pip_licenses-3.2.0-py3-none-any.whl
Collecting PTable (from pip-licenses)
Downloading https://files.pythonhosted.org/packages/ab/b3/b54301811173ca94119eb474634f120a49cd370f257d1aae5a4abaf12729/PTable-0.9.2.tar.gz
Building wheels for collected packages: PTable
Building wheel for PTable (setup.py): started
Building wheel for PTable (setup.py): finished with status 'done'
Created wheel for PTable: filename=PTable-0.9.2-cp37-none-any.whl size=22906 sha256=2ce437212c7b12fb3185cc8976a7f17f77371f1b3c24d6b37d5b2c31e30dc3e1
Stored in directory: /root/.cache/pip/wheels/22/cc/2e/55980bfe86393df3e9896146a01f6802978d09d7ebcba5ea56
Successfully built PTable
Installing collected packages: PTable, pip-licenses
Successfully installed PTable-0.9.2 pip-licenses-3.2.0
created path: ./licenses/license_info.csv
created path: ./licenses/license.txt
Build completed successfully
Image: "seldonio/testtransformer:0.1" with ID "sha256:c5405bee4fc5bff47cbb542a6e677aadadf847b62636db5c7e0700d7a02ef435" not present on node "kind-control-plane"
Image: "seldonio/testtransformer:0.1" with ID "sha256:c5405bee4fc5bff47cbb542a6e677aadadf847b62636db5c7e0700d7a02ef435" not present on node "kind-worker"
seldondeployment.machinelearning.seldon.io/mytrans created
deployment "mytrans-mytrans-0-model-transformer" successfully rolled out
seldondeployment.machinelearning.seldon.io "mytrans" deleted
PASSEDnamespace "test-output-transformer" deleted

test_s2i_python.py::TestPythonS2iK8s::test_router namespace/test-router created
---> Installing application source...
Collecting pip-licenses
Downloading https://files.pythonhosted.org/packages/89/05/3044295a5cf87c895022e915d888abdaa2ae7bdce741af462c9300fbebb3/pip_licenses-3.2.0-py3-none-any.whl
Collecting PTable (from pip-licenses)
Downloading https://files.pythonhosted.org/packages/ab/b3/b54301811173ca94119eb474634f120a49cd370f257d1aae5a4abaf12729/PTable-0.9.2.tar.gz
Building wheels for collected packages: PTable
Building wheel for PTable (setup.py): started
Building wheel for PTable (setup.py): finished with status 'done'
Created wheel for PTable: filename=PTable-0.9.2-cp37-none-any.whl size=22906 sha256=7c3920abccd3f76c633a4865105662dda362b7607ff9c854b440b35a94c3aa80
Stored in directory: /root/.cache/pip/wheels/22/cc/2e/55980bfe86393df3e9896146a01f6802978d09d7ebcba5ea56
Successfully built PTable
Installing collected packages: PTable, pip-licenses
Successfully installed PTable-0.9.2 pip-licenses-3.2.0
created path: ./licenses/license_info.csv
created path: ./licenses/license.txt
Build completed successfully
Image: "seldonio/testmodel:0.1" with ID "sha256:07d1166325ce65980de0dff0255bb24a9e43ee3986edf2b3eb8b9a948dc660e3" not present on node "kind-control-plane"
Image: "seldonio/testmodel:0.1" with ID "sha256:07d1166325ce65980de0dff0255bb24a9e43ee3986edf2b3eb8b9a948dc660e3" not present on node "kind-worker"
---> Installing application source...
Collecting pip-licenses
Downloading https://files.pythonhosted.org/packages/89/05/3044295a5cf87c895022e915d888abdaa2ae7bdce741af462c9300fbebb3/pip_licenses-3.2.0-py3-none-any.whl
Collecting PTable (from pip-licenses)
Downloading https://files.pythonhosted.org/packages/ab/b3/b54301811173ca94119eb474634f120a49cd370f257d1aae5a4abaf12729/PTable-0.9.2.tar.gz
Building wheels for collected packages: PTable
Building wheel for PTable (setup.py): started
Building wheel for PTable (setup.py): finished with status 'done'
Created wheel for PTable: filename=PTable-0.9.2-cp37-none-any.whl size=22906 sha256=ae791d5eaf22973c1b08b3b12c6cd2e433f9f91d4fe17e55aea4d79c66a42bd2
Stored in directory: /root/.cache/pip/wheels/22/cc/2e/55980bfe86393df3e9896146a01f6802978d09d7ebcba5ea56
Successfully built PTable
Installing collected packages: PTable, pip-licenses
Successfully installed PTable-0.9.2 pip-licenses-3.2.0
created path: ./licenses/license_info.csv
created path: ./licenses/license.txt
Build completed successfully
Image: "seldonio/testrouter:0.1" with ID "sha256:2cd1d6f2a734ce44c2a0483022b9448eb44a27133a07aa8db7993ad3d67f880e" not present on node "kind-control-plane"
Image: "seldonio/testrouter:0.1" with ID "sha256:2cd1d6f2a734ce44c2a0483022b9448eb44a27133a07aa8db7993ad3d67f880e" not present on node "kind-worker"
seldondeployment.machinelearning.seldon.io/myrouter created
deployment "myrouter-myrouter-0-model-router" successfully rolled out
seldondeployment.machinelearning.seldon.io "myrouter" deleted
PASSEDnamespace "test-router" deleted

test_s2i_python.py::TestPythonS2iK8s::test_combiner namespace/test-combiner created
---> Installing application source...
Collecting pip-licenses
Downloading https://files.pythonhosted.org/packages/89/05/3044295a5cf87c895022e915d888abdaa2ae7bdce741af462c9300fbebb3/pip_licenses-3.2.0-py3-none-any.whl
Collecting PTable (from pip-licenses)
Downloading https://files.pythonhosted.org/packages/ab/b3/b54301811173ca94119eb474634f120a49cd370f257d1aae5a4abaf12729/PTable-0.9.2.tar.gz
Building wheels for collected packages: PTable
Building wheel for PTable (setup.py): started
Building wheel for PTable (setup.py): finished with status 'done'
Created wheel for PTable: filename=PTable-0.9.2-cp37-none-any.whl size=22906 sha256=65894d174dc666b77888f6dacc618098cad43390e6135a35b8e66093f0ea07a6
Stored in directory: /root/.cache/pip/wheels/22/cc/2e/55980bfe86393df3e9896146a01f6802978d09d7ebcba5ea56
Successfully built PTable
Installing collected packages: PTable, pip-licenses
Successfully installed PTable-0.9.2 pip-licenses-3.2.0
created path: ./licenses/license_info.csv
created path: ./licenses/license.txt
Build completed successfully
Image: "seldonio/testmodel:0.1" with ID "sha256:c47e79cb7dd0504a2ee3795eebf03779ccab3bac71be05a8a75ad5ef40cff394" not present on node "kind-control-plane"
Image: "seldonio/testmodel:0.1" with ID "sha256:c47e79cb7dd0504a2ee3795eebf03779ccab3bac71be05a8a75ad5ef40cff394" not present on node "kind-worker"
---> Installing application source...
Collecting pip-licenses
Downloading https://files.pythonhosted.org/packages/89/05/3044295a5cf87c895022e915d888abdaa2ae7bdce741af462c9300fbebb3/pip_licenses-3.2.0-py3-none-any.whl
Collecting PTable (from pip-licenses)
Downloading https://files.pythonhosted.org/packages/ab/b3/b54301811173ca94119eb474634f120a49cd370f257d1aae5a4abaf12729/PTable-0.9.2.tar.gz
Building wheels for collected packages: PTable
Building wheel for PTable (setup.py): started
Building wheel for PTable (setup.py): finished with status 'done'
Created wheel for PTable: filename=PTable-0.9.2-cp37-none-any.whl size=22906 sha256=73d3b4d998fc1960c3f43c229fe8d65974415b5521c7ab33ea4ca8732eb6e206
Stored in directory: /root/.cache/pip/wheels/22/cc/2e/55980bfe86393df3e9896146a01f6802978d09d7ebcba5ea56
Successfully built PTable
Installing collected packages: PTable, pip-licenses
Successfully installed PTable-0.9.2 pip-licenses-3.2.0
created path: ./licenses/license_info.csv
created path: ./licenses/license.txt
Build completed successfully
Image: "seldonio/testcombiner:0.1" with ID "sha256:ef54bd9daf4817130a5ac138c3e61878eafa42d7f54ce2fb275aa4bcf713b841" not present on node "kind-control-plane"
Image: "seldonio/testcombiner:0.1" with ID "sha256:ef54bd9daf4817130a5ac138c3e61878eafa42d7f54ce2fb275aa4bcf713b841" not present on node "kind-worker"
seldondeployment.machinelearning.seldon.io/mycombiner created
deployment "mycombiner-mycombiner-0-model-combiner" successfully rolled out
seldondeployment.machinelearning.seldon.io "mycombiner" deleted
PASSEDnamespace "test-combiner" deleted

test_seldon_metadata.py::TestTagsPythonS2i::test_build_modelmetadata_rest ---> Installing application source...
Collecting pip-licenses
Downloading https://files.pythonhosted.org/packages/89/05/3044295a5cf87c895022e915d888abdaa2ae7bdce741af462c9300fbebb3/pip_licenses-3.2.0-py3-none-any.whl
Collecting PTable (from pip-licenses)
Downloading https://files.pythonhosted.org/packages/ab/b3/b54301811173ca94119eb474634f120a49cd370f257d1aae5a4abaf12729/PTable-0.9.2.tar.gz
Building wheels for collected packages: PTable
Building wheel for PTable (setup.py): started
Building wheel for PTable (setup.py): finished with status 'done'
Created wheel for PTable: filename=PTable-0.9.2-cp37-none-any.whl size=22906 sha256=a2d0c5ff5277549dd9ded8a74679a9c19153d81504cd6a1d728db18480e2e202
Stored in directory: /root/.cache/pip/wheels/22/cc/2e/55980bfe86393df3e9896146a01f6802978d09d7ebcba5ea56
Successfully built PTable
Installing collected packages: PTable, pip-licenses
Successfully installed PTable-0.9.2 pip-licenses-3.2.0
created path: ./licenses/license_info.csv
created path: ./licenses/license.txt
Build completed successfully
0950051d6fae0b6e48f50a2fd5b9e2818d999c689f32ad9d9ec086c780b825e0
model-modelmetadata-rest
PASSED
test_seldon_metadata.py::TestTagsPythonS2i::test_build_modelmetadata_grpc ---> Installing application source...
Collecting pip-licenses
Downloading https://files.pythonhosted.org/packages/89/05/3044295a5cf87c895022e915d888abdaa2ae7bdce741af462c9300fbebb3/pip_licenses-3.2.0-py3-none-any.whl
Collecting PTable (from pip-licenses)
Downloading https://files.pythonhosted.org/packages/ab/b3/b54301811173ca94119eb474634f120a49cd370f257d1aae5a4abaf12729/PTable-0.9.2.tar.gz
Building wheels for collected packages: PTable
Building wheel for PTable (setup.py): started
Building wheel for PTable (setup.py): finished with status 'done'
Created wheel for PTable: filename=PTable-0.9.2-cp37-none-any.whl size=22906 sha256=03a29c5baf358ba2fec0aed4b6a940eefea3efa10eb9854d3ce7e5182f2e1423
Stored in directory: /root/.cache/pip/wheels/22/cc/2e/55980bfe86393df3e9896146a01f6802978d09d7ebcba5ea56
Successfully built PTable
Installing collected packages: PTable, pip-licenses
Successfully installed PTable-0.9.2 pip-licenses-3.2.0
created path: ./licenses/license_info.csv
created path: ./licenses/license.txt
Build completed successfully
0ffd74386c72fcc3347162331195d088c034ef9c3b8873f3b7ce852e5787f5df
model-modelmetadata-grpc
PASSED
test_seldon_metadata.py::TestTagsPythonS2iK8s::test_modelmetadata_rest namespace/test-modelmetadata-rest created
---> Installing application source...
Collecting pip-licenses
Downloading https://files.pythonhosted.org/packages/89/05/3044295a5cf87c895022e915d888abdaa2ae7bdce741af462c9300fbebb3/pip_licenses-3.2.0-py3-none-any.whl
Collecting PTable (from pip-licenses)
Downloading https://files.pythonhosted.org/packages/ab/b3/b54301811173ca94119eb474634f120a49cd370f257d1aae5a4abaf12729/PTable-0.9.2.tar.gz
Building wheels for collected packages: PTable
Building wheel for PTable (setup.py): started
Building wheel for PTable (setup.py): finished with status 'done'
Created wheel for PTable: filename=PTable-0.9.2-cp37-none-any.whl size=22906 sha256=3e5d16225bc081b81ccf6c49c13f37c96ead2cb07b1049c24b5b40ebd2e02da6
Stored in directory: /root/.cache/pip/wheels/22/cc/2e/55980bfe86393df3e9896146a01f6802978d09d7ebcba5ea56
Successfully built PTable
Installing collected packages: PTable, pip-licenses
Successfully installed PTable-0.9.2 pip-licenses-3.2.0
created path: ./licenses/license_info.csv
created path: ./licenses/license.txt
Build completed successfully
Image: "seldonio/test_metadata_modelmetadata_rest:0.1" with ID "sha256:d95098a897444959d2a4048e9dfe7d919f8bb535abcf55061edd724d87bb3888" not present on node "kind-control-plane"
Image: "seldonio/test_metadata_modelmetadata_rest:0.1" with ID "sha256:d95098a897444959d2a4048e9dfe7d919f8bb535abcf55061edd724d87bb3888" not present on node "kind-worker"
seldondeployment.machinelearning.seldon.io/mymodel-modelmetadata created
deployment "mymodel-modelmetadata-example-0-my-model" successfully rolled out
PASSEDnamespace "test-modelmetadata-rest" deleted

test_seldon_metadata.py::TestTagsPythonS2iK8s::test_manifestmodelmetadata_rest namespace/test-manifestmodelmetadata-rest created
---> Installing application source...
Collecting pip-licenses
Downloading https://files.pythonhosted.org/packages/89/05/3044295a5cf87c895022e915d888abdaa2ae7bdce741af462c9300fbebb3/pip_licenses-3.2.0-py3-none-any.whl
Collecting PTable (from pip-licenses)
Downloading https://files.pythonhosted.org/packages/ab/b3/b54301811173ca94119eb474634f120a49cd370f257d1aae5a4abaf12729/PTable-0.9.2.tar.gz
Building wheels for collected packages: PTable
Building wheel for PTable (setup.py): started
Building wheel for PTable (setup.py): finished with status 'done'
Created wheel for PTable: filename=PTable-0.9.2-cp37-none-any.whl size=22906 sha256=64e6380b897738f0c01b743107adeb5ebbdf4868dbff7b06dcb7895e0a1d8e69
Stored in directory: /root/.cache/pip/wheels/22/cc/2e/55980bfe86393df3e9896146a01f6802978d09d7ebcba5ea56
Successfully built PTable
Installing collected packages: PTable, pip-licenses
Successfully installed PTable-0.9.2 pip-licenses-3.2.0
created path: ./licenses/license_info.csv
created path: ./licenses/license.txt
Build completed successfully
Image: "seldonio/test_metadata_manifestmetadata_rest:0.1" with ID "sha256:217ec6d94ceea4ba01371ac20fe172b79366ab9a35fc32300daf79808f7038e0" not present on node "kind-control-plane"
Image: "seldonio/test_metadata_manifestmetadata_rest:0.1" with ID "sha256:217ec6d94ceea4ba01371ac20fe172b79366ab9a35fc32300daf79808f7038e0" not present on node "kind-worker"
seldondeployment.machinelearning.seldon.io/mymodel-manifestmetadata created
deployment "mymodel-manifestmetadata-example-0-my-model" successfully rolled out
PASSEDnamespace "test-manifestmodelmetadata-rest" deleted

test_seldon_metadata.py::TestTagsPythonS2iK8s::test_modelmetadata_grpc namespace/test-modelmetadata-grpc created
---> Installing application source...
Collecting pip-licenses
Downloading https://files.pythonhosted.org/packages/89/05/3044295a5cf87c895022e915d888abdaa2ae7bdce741af462c9300fbebb3/pip_licenses-3.2.0-py3-none-any.whl
Collecting PTable (from pip-licenses)
Downloading https://files.pythonhosted.org/packages/ab/b3/b54301811173ca94119eb474634f120a49cd370f257d1aae5a4abaf12729/PTable-0.9.2.tar.gz
Building wheels for collected packages: PTable
Building wheel for PTable (setup.py): started
Building wheel for PTable (setup.py): finished with status 'done'
Created wheel for PTable: filename=PTable-0.9.2-cp37-none-any.whl size=22906 sha256=fee73653c93151256509cb84a4f266330cd3bf369caa25d694df02cea595079d
Stored in directory: /root/.cache/pip/wheels/22/cc/2e/55980bfe86393df3e9896146a01f6802978d09d7ebcba5ea56
Successfully built PTable
Installing collected packages: PTable, pip-licenses
Successfully installed PTable-0.9.2 pip-licenses-3.2.0
created path: ./licenses/license_info.csv
created path: ./licenses/license.txt
Build completed successfully
Image: "seldonio/test_metadata_modelmetadata_grpc:0.1" with ID "sha256:8f42115eb4da5a17854394d0ce465c25bae03100c69b738dc3760b60fd27ff3c" not present on node "kind-control-plane"
Image: "seldonio/test_metadata_modelmetadata_grpc:0.1" with ID "sha256:8f42115eb4da5a17854394d0ce465c25bae03100c69b738dc3760b60fd27ff3c" not present on node "kind-worker"
seldondeployment.machinelearning.seldon.io/mymodel-modelmetadata created
deployment "mymodel-modelmetadata-example-0-my-model" successfully rolled out
PASSEDnamespace "test-modelmetadata-grpc" deleted

test_tags.py::TestTagsPythonS2i::test_build_model_one_rest ---> Installing application source...
Collecting pip-licenses
Downloading https://files.pythonhosted.org/packages/89/05/3044295a5cf87c895022e915d888abdaa2ae7bdce741af462c9300fbebb3/pip_licenses-3.2.0-py3-none-any.whl
Collecting PTable (from pip-licenses)
Downloading https://files.pythonhosted.org/packages/ab/b3/b54301811173ca94119eb474634f120a49cd370f257d1aae5a4abaf12729/PTable-0.9.2.tar.gz
Building wheels for collected packages: PTable
Building wheel for PTable (setup.py): started
Building wheel for PTable (setup.py): finished with status 'done'
Created wheel for PTable: filename=PTable-0.9.2-cp37-none-any.whl size=22906 sha256=c65a6cb6295761623addbb24650a797e05f6463dc834db1875bc22226071f12a
Stored in directory: /root/.cache/pip/wheels/22/cc/2e/55980bfe86393df3e9896146a01f6802978d09d7ebcba5ea56
Successfully built PTable
Installing collected packages: PTable, pip-licenses
Successfully installed PTable-0.9.2 pip-licenses-3.2.0
created path: ./licenses/license_info.csv
created path: ./licenses/license.txt
Build completed successfully
619d6f8343913fbaa28a7973c652af9d6d60979c09d6b1fcf3840bc13f99327d
model-one-rest
PASSED
test_tags.py::TestTagsPythonS2i::test_build_model_two_rest ---> Installing application source...
Collecting pip-licenses
Downloading https://files.pythonhosted.org/packages/89/05/3044295a5cf87c895022e915d888abdaa2ae7bdce741af462c9300fbebb3/pip_licenses-3.2.0-py3-none-any.whl
Collecting PTable (from pip-licenses)
Downloading https://files.pythonhosted.org/packages/ab/b3/b54301811173ca94119eb474634f120a49cd370f257d1aae5a4abaf12729/PTable-0.9.2.tar.gz
Building wheels for collected packages: PTable
Building wheel for PTable (setup.py): started
Building wheel for PTable (setup.py): finished with status 'done'
Created wheel for PTable: filename=PTable-0.9.2-cp37-none-any.whl size=22906 sha256=8c8f6f92a00eedbd0beea4768004cccd126532b291d9c0ab3257870915fc6453
Stored in directory: /root/.cache/pip/wheels/22/cc/2e/55980bfe86393df3e9896146a01f6802978d09d7ebcba5ea56
Successfully built PTable
Installing collected packages: PTable, pip-licenses
Successfully installed PTable-0.9.2 pip-licenses-3.2.0
created path: ./licenses/license_info.csv
created path: ./licenses/license.txt
Build completed successfully
ac6768767d3add4f04c847a5c35082d3862fd365a316ca3ed7807cba4bd7fc5d
model-two-rest
PASSED
test_tags.py::TestTagsPythonS2i::test_build_model_one_grpc ---> Installing application source...
Collecting pip-licenses
Downloading https://files.pythonhosted.org/packages/89/05/3044295a5cf87c895022e915d888abdaa2ae7bdce741af462c9300fbebb3/pip_licenses-3.2.0-py3-none-any.whl
Collecting PTable (from pip-licenses)
Downloading https://files.pythonhosted.org/packages/ab/b3/b54301811173ca94119eb474634f120a49cd370f257d1aae5a4abaf12729/PTable-0.9.2.tar.gz
Building wheels for collected packages: PTable
Building wheel for PTable (setup.py): started
Building wheel for PTable (setup.py): finished with status 'done'
Created wheel for PTable: filename=PTable-0.9.2-cp37-none-any.whl size=22906 sha256=0441f1edb28e5df22577d6804d44b58da886154745e226d7a4c3f0c50fc6406e
Stored in directory: /root/.cache/pip/wheels/22/cc/2e/55980bfe86393df3e9896146a01f6802978d09d7ebcba5ea56
Successfully built PTable
Installing collected packages: PTable, pip-licenses
Successfully installed PTable-0.9.2 pip-licenses-3.2.0
created path: ./licenses/license_info.csv
created path: ./licenses/license.txt
Build completed successfully
2581a0a3e3f3a7b3532d6b3e1d34c244b8da80a47692130a1e19c4330d75b645
model-one-grpc
PASSED
test_tags.py::TestTagsPythonS2i::test_build_model_two_grpc ---> Installing application source...
Collecting pip-licenses
Downloading https://files.pythonhosted.org/packages/89/05/3044295a5cf87c895022e915d888abdaa2ae7bdce741af462c9300fbebb3/pip_licenses-3.2.0-py3-none-any.whl
Collecting PTable (from pip-licenses)
Downloading https://files.pythonhosted.org/packages/ab/b3/b54301811173ca94119eb474634f120a49cd370f257d1aae5a4abaf12729/PTable-0.9.2.tar.gz
Building wheels for collected packages: PTable
Building wheel for PTable (setup.py): started
Building wheel for PTable (setup.py): finished with status 'done'
Created wheel for PTable: filename=PTable-0.9.2-cp37-none-any.whl size=22906 sha256=5feff1cc002424d61477ef15b93101e3cc4ff499e62ac4a573a0a487b451f04a
Stored in directory: /root/.cache/pip/wheels/22/cc/2e/55980bfe86393df3e9896146a01f6802978d09d7ebcba5ea56
Successfully built PTable
Installing collected packages: PTable, pip-licenses
Successfully installed PTable-0.9.2 pip-licenses-3.2.0
created path: ./licenses/license_info.csv
created path: ./licenses/license.txt
Build completed successfully
29cd11b52cc275b967ed1b96003728ba9aa8b7fa948deb25b1bcbcbcbce9418d
model-two-grpc
PASSED
test_tags.py::TestTagsPythonS2i::test_build_combiner_rest ---> Installing application source...
Collecting pip-licenses
Downloading https://files.pythonhosted.org/packages/89/05/3044295a5cf87c895022e915d888abdaa2ae7bdce741af462c9300fbebb3/pip_licenses-3.2.0-py3-none-any.whl
Collecting PTable (from pip-licenses)
Downloading https://files.pythonhosted.org/packages/ab/b3/b54301811173ca94119eb474634f120a49cd370f257d1aae5a4abaf12729/PTable-0.9.2.tar.gz
Building wheels for collected packages: PTable
Building wheel for PTable (setup.py): started
Building wheel for PTable (setup.py): finished with status 'done'
Created wheel for PTable: filename=PTable-0.9.2-cp37-none-any.whl size=22906 sha256=b3e7eda865f0d534f24a195054cac1833e483dfbbb310b34cc9b5026b963eeb7
Stored in directory: /root/.cache/pip/wheels/22/cc/2e/55980bfe86393df3e9896146a01f6802978d09d7ebcba5ea56
Successfully built PTable
Installing collected packages: PTable, pip-licenses
Successfully installed PTable-0.9.2 pip-licenses-3.2.0
created path: ./licenses/license_info.csv
created path: ./licenses/license.txt
Build completed successfully
6fa31d1f38b758f4f3d58634e57c7e389b2e27a6d70e38e2e647d3077ef3bc35
combiner-rest
PASSED
test_tags.py::TestTagsPythonS2i::test_build_combiner_grpc ---> Installing application source...
Collecting pip-licenses
Downloading https://files.pythonhosted.org/packages/89/05/3044295a5cf87c895022e915d888abdaa2ae7bdce741af462c9300fbebb3/pip_licenses-3.2.0-py3-none-any.whl
Collecting PTable (from pip-licenses)
Downloading https://files.pythonhosted.org/packages/ab/b3/b54301811173ca94119eb474634f120a49cd370f257d1aae5a4abaf12729/PTable-0.9.2.tar.gz
Building wheels for collected packages: PTable
Building wheel for PTable (setup.py): started
Building wheel for PTable (setup.py): finished with status 'done'
Created wheel for PTable: filename=PTable-0.9.2-cp37-none-any.whl size=22906 sha256=1b0da2eca17d6d8e89e6db8b6f030a11b20f00b8b42b9b090f07cd42f44bf3d2
Stored in directory: /root/.cache/pip/wheels/22/cc/2e/55980bfe86393df3e9896146a01f6802978d09d7ebcba5ea56
Successfully built PTable
Installing collected packages: PTable, pip-licenses
Successfully installed PTable-0.9.2 pip-licenses-3.2.0
created path: ./licenses/license_info.csv
created path: ./licenses/license.txt
Build completed successfully
0c76d3c612e67c0a3e288ff18a5e2a2c193832982e49ca66b02e907d04c3615a
combiner-grpc
PASSED
test_tags.py::TestTagsPythonS2iK8s::test_model_single_rest namespace/test-model-single-rest created
---> Installing application source...
Collecting pip-licenses
Downloading https://files.pythonhosted.org/packages/89/05/3044295a5cf87c895022e915d888abdaa2ae7bdce741af462c9300fbebb3/pip_licenses-3.2.0-py3-none-any.whl
Collecting PTable (from pip-licenses)
Downloading https://files.pythonhosted.org/packages/ab/b3/b54301811173ca94119eb474634f120a49cd370f257d1aae5a4abaf12729/PTable-0.9.2.tar.gz
Building wheels for collected packages: PTable
Building wheel for PTable (setup.py): started
Building wheel for PTable (setup.py): finished with status 'done'
Created wheel for PTable: filename=PTable-0.9.2-cp37-none-any.whl size=22906 sha256=15a28d1038d95f92dadd789219f4bcbf981ec06c9077571a4d2712c613b21d6c
Stored in directory: /root/.cache/pip/wheels/22/cc/2e/55980bfe86393df3e9896146a01f6802978d09d7ebcba5ea56
Successfully built PTable
Installing collected packages: PTable, pip-licenses
Successfully installed PTable-0.9.2 pip-licenses-3.2.0
created path: ./licenses/license_info.csv
created path: ./licenses/license.txt
Build completed successfully
Image: "seldonio/test_tags_one_rest:0.1" with ID "sha256:74f97ab39d8c05c67dc4ffa7c0070b7823cc0fe38ad39f8fa39b51330e32b2e6" not present on node "kind-control-plane"
Image: "seldonio/test_tags_one_rest:0.1" with ID "sha256:74f97ab39d8c05c67dc4ffa7c0070b7823cc0fe38ad39f8fa39b51330e32b2e6" not present on node "kind-worker"
seldondeployment.machinelearning.seldon.io/mymodel-tags-single created
deployment "mymodel-tags-single-mymodel-tags-single-0-model" successfully rolled out
seldondeployment.machinelearning.seldon.io "mymodel-tags-single" deleted
PASSEDnamespace "test-model-single-rest" deleted

test_tags.py::TestTagsPythonS2iK8s::test_model_graph_rest namespace/test-model-graph-rest created
---> Installing application source...
Collecting pip-licenses
Downloading https://files.pythonhosted.org/packages/89/05/3044295a5cf87c895022e915d888abdaa2ae7bdce741af462c9300fbebb3/pip_licenses-3.2.0-py3-none-any.whl
Collecting PTable (from pip-licenses)
Downloading https://files.pythonhosted.org/packages/ab/b3/b54301811173ca94119eb474634f120a49cd370f257d1aae5a4abaf12729/PTable-0.9.2.tar.gz
Building wheels for collected packages: PTable
Building wheel for PTable (setup.py): started
Building wheel for PTable (setup.py): finished with status 'done'
Created wheel for PTable: filename=PTable-0.9.2-cp37-none-any.whl size=22906 sha256=229fba569fadac1b43a111f58c40a585f24d65c4d8ac8b213198fb81224341a2
Stored in directory: /root/.cache/pip/wheels/22/cc/2e/55980bfe86393df3e9896146a01f6802978d09d7ebcba5ea56
Successfully built PTable
Installing collected packages: PTable, pip-licenses
Successfully installed PTable-0.9.2 pip-licenses-3.2.0
created path: ./licenses/license_info.csv
created path: ./licenses/license.txt
Build completed successfully
Image: "seldonio/test_tags_one_rest:0.1" with ID "sha256:02833ffe4c8807244682fd53ad7e22c063da7a791c1a617767f200cf14c9b664" not present on node "kind-control-plane"
Image: "seldonio/test_tags_one_rest:0.1" with ID "sha256:02833ffe4c8807244682fd53ad7e22c063da7a791c1a617767f200cf14c9b664" not present on node "kind-worker"
---> Installing application source...
Collecting pip-licenses
Downloading https://files.pythonhosted.org/packages/89/05/3044295a5cf87c895022e915d888abdaa2ae7bdce741af462c9300fbebb3/pip_licenses-3.2.0-py3-none-any.whl
Collecting PTable (from pip-licenses)
Downloading https://files.pythonhosted.org/packages/ab/b3/b54301811173ca94119eb474634f120a49cd370f257d1aae5a4abaf12729/PTable-0.9.2.tar.gz
Building wheels for collected packages: PTable
Building wheel for PTable (setup.py): started
Building wheel for PTable (setup.py): finished with status 'done'
Created wheel for PTable: filename=PTable-0.9.2-cp37-none-any.whl size=22906 sha256=6b2cfd6f24e1fde654138efc6135fb81c11fb2638ec4628374753f6c40543555
Stored in directory: /root/.cache/pip/wheels/22/cc/2e/55980bfe86393df3e9896146a01f6802978d09d7ebcba5ea56
Successfully built PTable
Installing collected packages: PTable, pip-licenses
Successfully installed PTable-0.9.2 pip-licenses-3.2.0
created path: ./licenses/license_info.csv
created path: ./licenses/license.txt
Build completed successfully
Image: "seldonio/test_tags_two_rest:0.1" with ID "sha256:cda7db31bcab2893675222be1d6c82f75250117a026dea4d0b7855d1c6f98a62" not present on node "kind-control-plane"
Image: "seldonio/test_tags_two_rest:0.1" with ID "sha256:cda7db31bcab2893675222be1d6c82f75250117a026dea4d0b7855d1c6f98a62" not present on node "kind-worker"
seldondeployment.machinelearning.seldon.io/mymodel-tags-graph created
deployment "mymodel-tags-graph-mymodel-tags-graph-0-model-one-model-two" successfully rolled out
seldondeployment.machinelearning.seldon.io "mymodel-tags-graph" deleted
PASSEDnamespace "test-model-graph-rest" deleted

test_tags.py::TestTagsPythonS2iK8s::test_model_combiner_rest namespace/test-model-combiner-rest created
---> Installing application source...
Collecting pip-licenses
Downloading https://files.pythonhosted.org/packages/89/05/3044295a5cf87c895022e915d888abdaa2ae7bdce741af462c9300fbebb3/pip_licenses-3.2.0-py3-none-any.whl
Collecting PTable (from pip-licenses)
Downloading https://files.pythonhosted.org/packages/ab/b3/b54301811173ca94119eb474634f120a49cd370f257d1aae5a4abaf12729/PTable-0.9.2.tar.gz
Building wheels for collected packages: PTable
Building wheel for PTable (setup.py): started
Building wheel for PTable (setup.py): finished with status 'done'
Created wheel for PTable: filename=PTable-0.9.2-cp37-none-any.whl size=22906 sha256=48b6ad2a993e310a0d1a31c69d6b100df926642e9b65b239f957a9ad790b9e8a
Stored in directory: /root/.cache/pip/wheels/22/cc/2e/55980bfe86393df3e9896146a01f6802978d09d7ebcba5ea56
Successfully built PTable
Installing collected packages: PTable, pip-licenses
Successfully installed PTable-0.9.2 pip-licenses-3.2.0
created path: ./licenses/license_info.csv
created path: ./licenses/license.txt
Build completed successfully
Image: "seldonio/test_tags_one_rest:0.1" with ID "sha256:1802566ea7fd11ea8abd6806937bd19e9fcee563456bb131b4e0b7dd636e25d6" not present on node "kind-control-plane"
Image: "seldonio/test_tags_one_rest:0.1" with ID "sha256:1802566ea7fd11ea8abd6806937bd19e9fcee563456bb131b4e0b7dd636e25d6" not present on node "kind-worker"
---> Installing application source...
Collecting pip-licenses
Downloading https://files.pythonhosted.org/packages/89/05/3044295a5cf87c895022e915d888abdaa2ae7bdce741af462c9300fbebb3/pip_licenses-3.2.0-py3-none-any.whl
Collecting PTable (from pip-licenses)
Downloading https://files.pythonhosted.org/packages/ab/b3/b54301811173ca94119eb474634f120a49cd370f257d1aae5a4abaf12729/PTable-0.9.2.tar.gz
Building wheels for collected packages: PTable
Building wheel for PTable (setup.py): started
Building wheel for PTable (setup.py): finished with status 'done'
Created wheel for PTable: filename=PTable-0.9.2-cp37-none-any.whl size=22906 sha256=fd412b16ce1e327809247bec6e90a8c527af2e8c892c23a6deba8178d0e556ee
Stored in directory: /root/.cache/pip/wheels/22/cc/2e/55980bfe86393df3e9896146a01f6802978d09d7ebcba5ea56
Successfully built PTable
Installing collected packages: PTable, pip-licenses
Successfully installed PTable-0.9.2 pip-licenses-3.2.0
created path: ./licenses/license_info.csv
created path: ./licenses/license.txt
Build completed successfully
Image: "seldonio/test_tags_two_rest:0.1" with ID "sha256:e247f3e217fdcbd482227c5bd7a11faaffd4fdcc517d1c45c7ffbc330d6d4c6e" not present on node "kind-control-plane"
Image: "seldonio/test_tags_two_rest:0.1" with ID "sha256:e247f3e217fdcbd482227c5bd7a11faaffd4fdcc517d1c45c7ffbc330d6d4c6e" not present on node "kind-worker"
---> Installing application source...
Collecting pip-licenses
Downloading https://files.pythonhosted.org/packages/89/05/3044295a5cf87c895022e915d888abdaa2ae7bdce741af462c9300fbebb3/pip_licenses-3.2.0-py3-none-any.whl
Collecting PTable (from pip-licenses)
Downloading https://files.pythonhosted.org/packages/ab/b3/b54301811173ca94119eb474634f120a49cd370f257d1aae5a4abaf12729/PTable-0.9.2.tar.gz
Building wheels for collected packages: PTable
Building wheel for PTable (setup.py): started
Building wheel for PTable (setup.py): finished with status 'done'
Created wheel for PTable: filename=PTable-0.9.2-cp37-none-any.whl size=22906 sha256=e59e655a2a2a7ba5c502a79b475c3ec2583bebd0e97ee0d458289bbfb3322553
Stored in directory: /root/.cache/pip/wheels/22/cc/2e/55980bfe86393df3e9896146a01f6802978d09d7ebcba5ea56
Successfully built PTable
Installing collected packages: PTable, pip-licenses
Successfully installed PTable-0.9.2 pip-licenses-3.2.0
created path: ./licenses/license_info.csv
created path: ./licenses/license.txt
Build completed successfully
Image: "seldonio/test_tags_combiner_rest:0.1" with ID "sha256:4e9f1f9fe14c171cc1035a48298e75856df3ebe1c9fad53facbc28426bfd5445" not present on node "kind-control-plane"
Image: "seldonio/test_tags_combiner_rest:0.1" with ID "sha256:4e9f1f9fe14c171cc1035a48298e75856df3ebe1c9fad53facbc28426bfd5445" not present on node "kind-worker"
seldondeployment.machinelearning.seldon.io/mymodel-tags-combiner created
deployment "seldon-a8d2256d87a7c13f898df7d6478eb475" successfully rolled out
seldondeployment.machinelearning.seldon.io "mymodel-tags-combiner" deleted
PASSEDnamespace "test-model-combiner-rest" deleted

test_tags.py::TestTagsPythonS2iK8s::test_model_single_grpc namespace/test-model-single-grpc created
---> Installing application source...
Collecting pip-licenses
Downloading https://files.pythonhosted.org/packages/89/05/3044295a5cf87c895022e915d888abdaa2ae7bdce741af462c9300fbebb3/pip_licenses-3.2.0-py3-none-any.whl
Collecting PTable (from pip-licenses)
Downloading https://files.pythonhosted.org/packages/ab/b3/b54301811173ca94119eb474634f120a49cd370f257d1aae5a4abaf12729/PTable-0.9.2.tar.gz
Building wheels for collected packages: PTable
Building wheel for PTable (setup.py): started
Building wheel for PTable (setup.py): finished with status 'done'
Created wheel for PTable: filename=PTable-0.9.2-cp37-none-any.whl size=22906 sha256=cf84a6d65a8071f017f60c25a333e88d712cdc31d05d3e751d442de7521c066f
Stored in directory: /root/.cache/pip/wheels/22/cc/2e/55980bfe86393df3e9896146a01f6802978d09d7ebcba5ea56
Successfully built PTable
Installing collected packages: PTable, pip-licenses
Successfully installed PTable-0.9.2 pip-licenses-3.2.0
created path: ./licenses/license_info.csv
created path: ./licenses/license.txt
Build completed successfully
Image: "seldonio/test_tags_one_grpc:0.1" with ID "sha256:2143c219274535206d4138660d8a981441630cc4d9644b94790dcdb6bb4fd680" not present on node "kind-control-plane"
Image: "seldonio/test_tags_one_grpc:0.1" with ID "sha256:2143c219274535206d4138660d8a981441630cc4d9644b94790dcdb6bb4fd680" not present on node "kind-worker"
seldondeployment.machinelearning.seldon.io/mymodel-tags-single created
deployment "mymodel-tags-single-mymodel-tags-single-0-model" successfully rolled out
seldondeployment.machinelearning.seldon.io "mymodel-tags-single" deleted
PASSEDnamespace "test-model-single-grpc" deleted

test_tags.py::TestTagsPythonS2iK8s::test_model_graph_grpc namespace/test-model-graph-grpc created
---> Installing application source...
Collecting pip-licenses
Downloading https://files.pythonhosted.org/packages/89/05/3044295a5cf87c895022e915d888abdaa2ae7bdce741af462c9300fbebb3/pip_licenses-3.2.0-py3-none-any.whl
Collecting PTable (from pip-licenses)
Downloading https://files.pythonhosted.org/packages/ab/b3/b54301811173ca94119eb474634f120a49cd370f257d1aae5a4abaf12729/PTable-0.9.2.tar.gz
Building wheels for collected packages: PTable
Building wheel for PTable (setup.py): started
Building wheel for PTable (setup.py): finished with status 'done'
Created wheel for PTable: filename=PTable-0.9.2-cp37-none-any.whl size=22906 sha256=0b057077eff11d3f336540a5698ce8ff72a5a20ed72804362cf2b05676920c15
Stored in directory: /root/.cache/pip/wheels/22/cc/2e/55980bfe86393df3e9896146a01f6802978d09d7ebcba5ea56
Successfully built PTable
Installing collected packages: PTable, pip-licenses
Successfully installed PTable-0.9.2 pip-licenses-3.2.0
created path: ./licenses/license_info.csv
created path: ./licenses/license.txt
Build completed successfully
Image: "seldonio/test_tags_one_grpc:0.1" with ID "sha256:02f17d9796bd40176e76ef0457e53d83fb837b98f7bd58107dd282a7774ae94e" not present on node "kind-control-plane"
Image: "seldonio/test_tags_one_grpc:0.1" with ID "sha256:02f17d9796bd40176e76ef0457e53d83fb837b98f7bd58107dd282a7774ae94e" not present on node "kind-worker"
---> Installing application source...
Collecting pip-licenses
Downloading https://files.pythonhosted.org/packages/89/05/3044295a5cf87c895022e915d888abdaa2ae7bdce741af462c9300fbebb3/pip_licenses-3.2.0-py3-none-any.whl
Collecting PTable (from pip-licenses)
Downloading https://files.pythonhosted.org/packages/ab/b3/b54301811173ca94119eb474634f120a49cd370f257d1aae5a4abaf12729/PTable-0.9.2.tar.gz
Building wheels for collected packages: PTable
Building wheel for PTable (setup.py): started
Building wheel for PTable (setup.py): finished with status 'done'
Created wheel for PTable: filename=PTable-0.9.2-cp37-none-any.whl size=22906 sha256=1446b54ad48a92dc201a3ff2f26d12d3f454930efe83f05aeca135dd063789bb
Stored in directory: /root/.cache/pip/wheels/22/cc/2e/55980bfe86393df3e9896146a01f6802978d09d7ebcba5ea56
Successfully built PTable
Installing collected packages: PTable, pip-licenses
Successfully installed PTable-0.9.2 pip-licenses-3.2.0
created path: ./licenses/license_info.csv
created path: ./licenses/license.txt
Build completed successfully
Image: "seldonio/test_tags_two_grpc:0.1" with ID "sha256:47f446bf17a03b9ea8c000e8f34517e1b8041dd066292cef80c7cda96dd9e3c7" not present on node "kind-control-plane"
Image: "seldonio/test_tags_two_grpc:0.1" with ID "sha256:47f446bf17a03b9ea8c000e8f34517e1b8041dd066292cef80c7cda96dd9e3c7" not present on node "kind-worker"
seldondeployment.machinelearning.seldon.io/mymodel-tags-graph created
deployment "mymodel-tags-graph-mymodel-tags-graph-0-model-one-model-two" successfully rolled out
seldondeployment.machinelearning.seldon.io "mymodel-tags-graph" deleted
PASSEDnamespace "test-model-graph-grpc" deleted

test_tags.py::TestTagsPythonS2iK8s::test_model_combiner_grpc namespace/test-model-combiner-grpc created
---> Installing application source...
Collecting pip-licenses
Downloading https://files.pythonhosted.org/packages/89/05/3044295a5cf87c895022e915d888abdaa2ae7bdce741af462c9300fbebb3/pip_licenses-3.2.0-py3-none-any.whl
Collecting PTable (from pip-licenses)
Downloading https://files.pythonhosted.org/packages/ab/b3/b54301811173ca94119eb474634f120a49cd370f257d1aae5a4abaf12729/PTable-0.9.2.tar.gz
Building wheels for collected packages: PTable
Building wheel for PTable (setup.py): started
Building wheel for PTable (setup.py): finished with status 'done'
Created wheel for PTable: filename=PTable-0.9.2-cp37-none-any.whl size=22906 sha256=7a1210b43e1c0737e8ed8e0cb38447a35e2b935cbc86b15bbe3b32e227a43088
Stored in directory: /root/.cache/pip/wheels/22/cc/2e/55980bfe86393df3e9896146a01f6802978d09d7ebcba5ea56
Successfully built PTable
Installing collected packages: PTable, pip-licenses
Successfully installed PTable-0.9.2 pip-licenses-3.2.0
created path: ./licenses/license_info.csv
created path: ./licenses/license.txt
Build completed successfully
Image: "seldonio/test_tags_one_grpc:0.1" with ID "sha256:de3b80290d95dba5cfdb209222e5f33724ff7969c29cce6e0bb054d2da2afb96" not present on node "kind-control-plane"
Image: "seldonio/test_tags_one_grpc:0.1" with ID "sha256:de3b80290d95dba5cfdb209222e5f33724ff7969c29cce6e0bb054d2da2afb96" not present on node "kind-worker"
---> Installing application source...
Collecting pip-licenses
Downloading https://files.pythonhosted.org/packages/89/05/3044295a5cf87c895022e915d888abdaa2ae7bdce741af462c9300fbebb3/pip_licenses-3.2.0-py3-none-any.whl
Collecting PTable (from pip-licenses)
Downloading https://files.pythonhosted.org/packages/ab/b3/b54301811173ca94119eb474634f120a49cd370f257d1aae5a4abaf12729/PTable-0.9.2.tar.gz
Building wheels for collected packages: PTable
Building wheel for PTable (setup.py): started
Building wheel for PTable (setup.py): finished with status 'done'
Created wheel for PTable: filename=PTable-0.9.2-cp37-none-any.whl size=22906 sha256=abf0d2998b86c044374fe4b09bf8fbc0ec3270184cc04b06a4a8beb04dc65d58
Stored in directory: /root/.cache/pip/wheels/22/cc/2e/55980bfe86393df3e9896146a01f6802978d09d7ebcba5ea56
Successfully built PTable
Installing collected packages: PTable, pip-licenses
Successfully installed PTable-0.9.2 pip-licenses-3.2.0
created path: ./licenses/license_info.csv
created path: ./licenses/license.txt
Build completed successfully
Image: "seldonio/test_tags_two_grpc:0.1" with ID "sha256:07cc1d2cd34a5a5f5f1af09daf391069206582ab43900d94489395bd6ab4e153" not present on node "kind-control-plane"
Image: "seldonio/test_tags_two_grpc:0.1" with ID "sha256:07cc1d2cd34a5a5f5f1af09daf391069206582ab43900d94489395bd6ab4e153" not present on node "kind-worker"
---> Installing application source...
Collecting pip-licenses
Downloading https://files.pythonhosted.org/packages/89/05/3044295a5cf87c895022e915d888abdaa2ae7bdce741af462c9300fbebb3/pip_licenses-3.2.0-py3-none-any.whl
Collecting PTable (from pip-licenses)
Downloading https://files.pythonhosted.org/packages/ab/b3/b54301811173ca94119eb474634f120a49cd370f257d1aae5a4abaf12729/PTable-0.9.2.tar.gz
Building wheels for collected packages: PTable
Building wheel for PTable (setup.py): started
Building wheel for PTable (setup.py): finished with status 'done'
Created wheel for PTable: filename=PTable-0.9.2-cp37-none-any.whl size=22906 sha256=f11d550bbe1b90608100259b14c7911a9e0b089e35fa7355386f10ea2bf64b0f
Stored in directory: /root/.cache/pip/wheels/22/cc/2e/55980bfe86393df3e9896146a01f6802978d09d7ebcba5ea56
Successfully built PTable
Installing collected packages: PTable, pip-licenses
Successfully installed PTable-0.9.2 pip-licenses-3.2.0
created path: ./licenses/license_info.csv
created path: ./licenses/license.txt
Build completed successfully
Image: "seldonio/test_tags_combiner_grpc:0.1" with ID "sha256:7f57a9daea8b594586ac7fa6327b2a44825fec76a4815cb460ed058e16afd585" not present on node "kind-control-plane"
Image: "seldonio/test_tags_combiner_grpc:0.1" with ID "sha256:7f57a9daea8b594586ac7fa6327b2a44825fec76a4815cb460ed058e16afd585" not present on node "kind-worker"
seldondeployment.machinelearning.seldon.io/mymodel-tags-combiner created
deployment "seldon-a8d2256d87a7c13f898df7d6478eb475" successfully rolled out
seldondeployment.machinelearning.seldon.io "mymodel-tags-combiner" deleted
PASSEDnamespace "test-model-combiner-grpc" deleted


==================================== ERRORS ====================================
_______________ ERROR at teardown of test_cluster_update[0.5.1] ________________

request = <SubRequest 'seldon_version' for <Function test_cluster_update[0.5.1]>>

    @pytest.fixture
    def seldon_version(request):
        """
        Ensures that the cluster-wide version of Seldon Core is set to a particular
        version. After the test finishes it restores the code base version
        (SNAPSHOT).
    
        Since this fixture needs a parameter (the version we want on the
        cluster), it needs to be used as an indirect parametrization.
    
        ```python
            @pytest.mark.parametrize("seldon_version", ["1.0.0", "1.0.1"], indirect=True)
            def test_old_versions(seldon_version):
                ...
        ```
        """
        seldon_version = request.param
    
        # Delete source version cluster-wide and install new one
        delete_seldon()
        install_seldon(version=seldon_version, executor=SELDON_E2E_TESTS_USE_EXECUTOR)
    
        yield seldon_version
    
        # Re-install source code version cluster-wide
        delete_seldon()
>       install_seldon(executor=SELDON_E2E_TESTS_USE_EXECUTOR)

conftest.py:90: 
_ _ _ _ _ _ _ _ _ _ _ _ _ _ _ _ _ _ _ _ _ _ _ _ _ _ _ _ _ _ _ _ _ _ _ _ _ _ _ _ 
e2e_utils/install.py:33: in install_seldon
    wait=True,
/usr/local/lib/python3.6/site-packages/sh.py:1549: in __call__
    return RunningCommand(cmd, call_args, stdin, stdout, stderr)
/usr/local/lib/python3.6/site-packages/sh.py:793: in __init__
    self.wait()
/usr/local/lib/python3.6/site-packages/sh.py:849: in wait
    self.handle_command_exit_code(exit_code)
_ _ _ _ _ _ _ _ _ _ _ _ _ _ _ _ _ _ _ _ _ _ _ _ _ _ _ _ _ _ _ _ _ _ _ _ _ _ _ _ 

self = , code = 1

    def handle_command_exit_code(self, code):
        """ here we determine if we had an exception, or an error code that we
        weren't expecting to see.  if we did, we create and raise an exception
        """
        ca = self.call_args
        exc_class = get_exc_exit_code_would_raise(code, ca["ok_code"],
                ca["piped"])
        if exc_class:
            exc = exc_class(self.ran, self.process.stdout, self.process.stderr,
                    ca["truncate_exc"])
>           raise exc
E           sh.ErrorReturnCode_1: 
E           
E             RAN: /usr/local/bin/helm install seldon /workspace/source/helm-charts/seldon-core-operator --set istio.enabled=true --set istio.gateway=istio-system/seldon-gateway --set certManager.enabled=false --namespace=seldon-system --version=None --wait
E           
E             STDOUT:
E           
E           
E             STDERR:
E           Error: timed out waiting for the condition

/usr/local/lib/python3.6/site-packages/sh.py:877: ErrorReturnCode_1
------------------------------ Captured log call -------------------------------
WARNING  root:seldon_e2e_utils.py:186 Failed to find status - sleeping
WARNING  root:seldon_e2e_utils.py:186 Failed to find status - sleeping
WARNING  root:seldon_e2e_utils.py:186 Failed to find status - sleeping
WARNING  root:seldon_e2e_utils.py:186 Failed to find status - sleeping
WARNING  root:seldon_e2e_utils.py:186 Failed to find status - sleeping
WARNING  root:seldon_e2e_utils.py:186 Failed to find status - sleeping
WARNING  root:seldon_e2e_utils.py:186 Failed to find status - sleeping
WARNING  root:seldon_e2e_utils.py:186 Failed to find status - sleeping
===Flaky Test Report===

test_namespace_update[1.0.2] passed 1 out of the required 1 times. Success!
test_namespace_update[1.1.0] passed 1 out of the required 1 times. Success!
test_rolling_update5[ambas] passed 1 out of the required 1 times. Success!
test_rolling_update5[istio] failed (4 runs remaining out of 5).
	<class 'AssertionError'>
	assert 503 == 200
  -503
  +200
	[<TracebackEntry /workspace/source/testing/scripts/test_rolling_updates.py:46>]
test_rolling_update5[istio] passed 1 out of the required 1 times. Success!
test_rolling_update6[ambas] passed 1 out of the required 1 times. Success!
test_rolling_update6[istio] passed 1 out of the required 1 times. Success!
test_rolling_update7[ambas] passed 1 out of the required 1 times. Success!
test_rolling_update7[istio] passed 1 out of the required 1 times. Success!
test_rolling_update8[ambas] passed 1 out of the required 1 times. Success!
test_rolling_update8[istio] failed (4 runs remaining out of 5).
	<class 'AssertionError'>
	assert 500 == 200
  -500
  +200
	[<TracebackEntry /workspace/source/testing/scripts/test_rolling_updates.py:138>]
test_rolling_update8[istio] passed 1 out of the required 1 times. Success!
test_rolling_update9[ambas] passed 1 out of the required 1 times. Success!
test_rolling_update9[istio] passed 1 out of the required 1 times. Success!
test_rolling_update10[ambas] passed 1 out of the required 1 times. Success!
test_rolling_update10[istio] passed 1 out of the required 1 times. Success!

===End Flaky Test Report===
====== 48 passed, 3 skipped, 61 deselected, 1 error in 8623.53s (2:23:43) ======
make: *** [Makefile:168: test_sequential] Error 1
Test returned errors
kind delete cluster
Deleting cluster "kind" ...
Stopping Docker: dockerProgram process in pidfile '/var/run/docker-ssd.pid', 1 process(es), refused to die.
[31m
Pipeline failed on stage 'end-to-end' : container 'step-test-end-to-end'. The execution of the pipeline has stopped.[0m
