
Showing logs for build [32mseldonio-seldon-core-pr-1483-in-cj7m4-6[0m stage [32mpr-build-comment[0m and container [32mstep-credential-initializer-gfvrp[0m
{"level":"warn","ts":1583156831.5467756,"logger":"fallback-logger","caller":"logging/config.go:69","msg":"Fetch GitHub commit ID from kodata failed: \"ref: refs/heads/0.8.0-**-support-backwards-incompats\" is not a valid GitHub commit ID"}
{"level":"info","ts":1583156831.547138,"logger":"fallback-logger","caller":"creds-init/main.go:40","msg":"Credentials initialized."}

Showing logs for build [32mseldonio-seldon-core-pr-1483-in-cj7m4-6[0m stage [32mpr-build-comment[0m and container [32mstep-working-dir-initializer-g6tkj[0m
{"level":"warn","ts":1583156833.0376005,"logger":"fallback-logger","caller":"logging/config.go:69","msg":"Fetch GitHub commit ID from kodata failed: open /var/run/ko/HEAD: no such file or directory"}
{"level":"info","ts":1583156833.0392616,"logger":"fallback-logger","caller":"bash/main.go:64","msg":"Successfully executed command \"sh -c mkdir -p /workspace/source\"; output "}

Showing logs for build [32mseldonio-seldon-core-pr-1483-in-cj7m4-6[0m stage [32mpr-build-comment[0m and container [32mstep-place-tools[0m

Showing logs for build [32mseldonio-seldon-core-pr-1483-in-cj7m4-6[0m stage [32mpr-build-comment[0m and container [32mstep-create-dir-workspace-b6c68[0m
{"level":"warn","ts":1583156838.865842,"logger":"fallback-logger","caller":"logging/config.go:69","msg":"Fetch GitHub commit ID from kodata failed: open /var/run/ko/HEAD: no such file or directory"}
{"level":"info","ts":1583156838.8675747,"logger":"fallback-logger","caller":"bash/main.go:64","msg":"Successfully executed command \"sh -c mkdir -p source\"; output "}

Showing logs for build [32mseldonio-seldon-core-pr-1483-in-cj7m4-6[0m stage [32mpr-build-comment[0m and container [32mstep-git-source-seldonio-seldon-core-pr-1483-in-h8dzc[0m
{"level":"warn","ts":1583156839.1046877,"logger":"fallback-logger","caller":"logging/config.go:69","msg":"Fetch GitHub commit ID from kodata failed: \"ref: refs/heads/0.8.0-**-support-backwards-incompats\" is not a valid GitHub commit ID"}
{"level":"info","ts":1583156845.8725038,"logger":"fallback-logger","caller":"git/git.go:103","msg":"Successfully cloned https://github.com/SeldonIO/seldon-core.git @ master in path /workspace/source"}

Showing logs for build [32mseldonio-seldon-core-pr-1483-in-cj7m4-6[0m stage [32mpr-build-comment[0m and container [32mstep-git-merge[0m
Using SHAs from PULL_REFS=master:c682547c4e17ead1a9d96198ac520c32db441120,1483:78629b62352932372150b13ddc4f9b48d29e6ef3
DEBUG: ran git fetch --unshallow origin 78629b62352932372150b13ddc4f9b48d29e6ef3: c682547c4e17ead1a9d96198ac520c32db441120: in 
DEBUG: ran git checkout master in 
DEBUG: ran git reset --hard c682547c4e17ead1a9d96198ac520c32db441120 in 
DEBUG: ran clean --force -d . in 
DEBUG: ran git merge 78629b62352932372150b13ddc4f9b48d29e6ef3 in 
Merged SHA fad4bfc8c437f4a756c20852c14409a687011d0b with commit message 'Merge commit '78629b62352932372150b13ddc4f9b48d29e6ef3'' into base branch master
Merged SHA 78629b62352932372150b13ddc4f9b48d29e6ef3 with commit message 'Upgrade from 0.3-SNAPSHOT to 0.3' into base branch master
Merged SHA d393087445815a296b0f33631ab155c1f552e26d with commit message 'Use variables in MLflowserver makefile' into base branch master
Merged SHA 850856c47a1ef62907cfd93903ee0e85d178f680 with commit message 'Use variables in Makefile' into base branch master
Merged SHA 028c72272f148f5d5f6bbf4f4fd6cc57a3539f6e with commit message 'Use latest SNAPSHOT of mlflow' into base branch master
Merged SHA 0b675b1d82aba234646dc32ad46e87d3b6b42fe9 with commit message 'Use SNAPSHOT versions of pre-packaged servers' into base branch master
Merged SHA acd62f1172f0c1250c0ecb0c21d5bf4db259a875 with commit message 'Update notebook' into base branch master
Merged SHA 50f9e17f9bac2570f8cec7c4c59e04f414c029b3 with commit message 'Upgrade xgboost' into base branch master
Merged SHA 8786f27a8637c35985e5beff92ec2bd738f7e0be with commit message 'Format server code' into base branch master
Merged SHA de7e899d173144ed27b40643d06eb7041cb3a2d4 with commit message 'Use latest version of s2i python image' into base branch master

Showing logs for build [32mseldonio-seldon-core-pr-1483-in-cj7m4-6[0m stage [32mpr-build-comment[0m and container [32mstep-step2[0m
+++ dirname ./add-pr-build-comment
++ cd .
++ pwd
+ STARTUP_DIR=/workspace/source/ci
+ REPO_OWNER=SeldonIO
+ REPO_NAME=seldon-core
+ PULL_NUMBER=1483
+ BUILD_NUMBER=6
+ PIPELINE_CONTEXT=integration
++ cat
+++ date
+ COMMENT_MSG='Mon Mar  2 13:47:32 UTC 2020
The logs for [integration] [6] will show after the pipeline context has finished.  
https://github.com/SeldonIO/seldon-core/blob/gh-pages/jenkins-x/logs/SeldonIO/seldon-core/PR-1483/6.log

impatient try  
** get build logs SeldonIO/seldon-core/PR-1483 --build=6'
+ ** step pr comment --owner=SeldonIO --repository=seldon-core --pull-request=1483 '--comment=Mon Mar  2 13:47:32 UTC 2020
The logs for [integration] [6] will show after the pipeline context has finished.  
https://github.com/SeldonIO/seldon-core/blob/gh-pages/jenkins-x/logs/SeldonIO/seldon-core/PR-1483/6.log

impatient try  
** get build logs SeldonIO/seldon-core/PR-1483 --build=6'

Showing logs for build [32mseldonio-seldon-core-pr-1483-in-cj7m4-6[0m stage [32mpr-build-comment[0m and container [32mstep-source-mkdir-seldonio-seldon-core-pr-1483-in-vkcct[0m
{"level":"warn","ts":1583156854.8122447,"logger":"fallback-logger","caller":"logging/config.go:69","msg":"Fetch GitHub commit ID from kodata failed: open /var/run/ko/HEAD: no such file or directory"}
{"level":"info","ts":1583156854.8152955,"logger":"fallback-logger","caller":"bash/main.go:64","msg":"Successfully executed command \"sh -c mkdir -p /pvc/pr-build-comment/workspace\"; output "}

Showing logs for build [32mseldonio-seldon-core-pr-1483-in-cj7m4-6[0m stage [32mpr-build-comment[0m and container [32mstep-source-copy-seldonio-seldon-core-pr-1483-in-nxwwn[0m
{"level":"warn","ts":1583156855.0661821,"logger":"fallback-logger","caller":"logging/config.go:69","msg":"Fetch GitHub commit ID from kodata failed: open /var/run/ko/HEAD: no such file or directory"}
{"level":"info","ts":1583156855.3756738,"logger":"fallback-logger","caller":"bash/main.go:64","msg":"Successfully executed command \"sh -c cp -r source/. /pvc/pr-build-comment/workspace\"; output "}

Showing logs for build [32mseldonio-seldon-core-pr-1483-in-cj7m4-6[0m stage [32mend-to-end[0m and container [32mstep-credential-initializer-j7blx[0m
{"level":"warn","ts":1583156865.6312656,"logger":"fallback-logger","caller":"logging/config.go:69","msg":"Fetch GitHub commit ID from kodata failed: \"ref: refs/heads/0.8.0-**-support-backwards-incompats\" is not a valid GitHub commit ID"}
{"level":"info","ts":1583156865.6318028,"logger":"fallback-logger","caller":"creds-init/main.go:40","msg":"Credentials initialized."}

Showing logs for build [32mseldonio-seldon-core-pr-1483-in-cj7m4-6[0m stage [32mend-to-end[0m and container [32mstep-working-dir-initializer-bfvgg[0m
{"level":"warn","ts":1583156866.08898,"logger":"fallback-logger","caller":"logging/config.go:69","msg":"Fetch GitHub commit ID from kodata failed: open /var/run/ko/HEAD: no such file or directory"}
{"level":"info","ts":1583156866.090863,"logger":"fallback-logger","caller":"bash/main.go:64","msg":"Successfully executed command \"sh -c mkdir -p /workspace/source\"; output "}

Showing logs for build [32mseldonio-seldon-core-pr-1483-in-cj7m4-6[0m stage [32mend-to-end[0m and container [32mstep-place-tools[0m

Showing logs for build [32mseldonio-seldon-core-pr-1483-in-cj7m4-6[0m stage [32mend-to-end[0m and container [32mstep-create-dir-workspace-cbcxc[0m
{"level":"warn","ts":1583156874.2907128,"logger":"fallback-logger","caller":"logging/config.go:69","msg":"Fetch GitHub commit ID from kodata failed: open /var/run/ko/HEAD: no such file or directory"}
{"level":"info","ts":1583156874.2921972,"logger":"fallback-logger","caller":"bash/main.go:64","msg":"Successfully executed command \"sh -c mkdir -p /workspace/source\"; output "}

Showing logs for build [32mseldonio-seldon-core-pr-1483-in-cj7m4-6[0m stage [32mend-to-end[0m and container [32mstep-source-copy-workspace-xsvp7[0m
{"level":"warn","ts":1583156874.594665,"logger":"fallback-logger","caller":"logging/config.go:69","msg":"Fetch GitHub commit ID from kodata failed: open /var/run/ko/HEAD: no such file or directory"}
{"level":"info","ts":1583156877.0143402,"logger":"fallback-logger","caller":"bash/main.go:64","msg":"Successfully executed command \"sh -c cp -r /pvc/pr-build-comment/workspace/. /workspace/source\"; output "}

Showing logs for build [32mseldonio-seldon-core-pr-1483-in-cj7m4-6[0m stage [32mend-to-end[0m and container [32mstep-test-end-to-end[0m
Starting Docker: docker.
kind create cluster --config ../resources/kind_config.yaml
Creating cluster "kind" ...
 â€¢ Ensuring node image (kindest/node:v1.16.3) ðŸ–¼  ...
 âœ“ Ensuring node image (kindest/node:v1.16.3) ðŸ–¼
 â€¢ Preparing nodes ðŸ“¦  ...
 âœ“ Preparing nodes ðŸ“¦
 â€¢ Writing configuration ðŸ“œ  ...
 âœ“ Writing configuration ðŸ“œ
 â€¢ Starting control-plane ðŸ•¹ï¸  ...
 âœ“ Starting control-plane ðŸ•¹ï¸
 â€¢ Installing CNI ðŸ”Œ  ...
 âœ“ Installing CNI ðŸ”Œ
 â€¢ Installing StorageClass ðŸ’¾  ...
 âœ“ Installing StorageClass ðŸ’¾
 â€¢ Joining worker nodes ðŸšœ  ...
 âœ“ Joining worker nodes ðŸšœ
Set kubectl context to "kind-kind"
You can now use your cluster with:

kubectl cluster-info --context kind-kind

Thanks for using kind! ðŸ˜Š
`kind get kubeconfig-path` is deprecated!

KIND will export and merge kubeconfig like kops, minikube, etc.
This command is now unnecessary and will be removed in a future release.

For more info see: https://github.com/kubernetes-sigs/kind/issues/1060
See also the output of `kind create cluster`

Files changed in python folder:
SKIPPING PYTHON IMAGE BUILD...
Files changed in operator folder:
SKIPPING OPERATOR IMAGE BUILD...
Files changed in engine folder:
SKIPPING ENGINE IMAGE BUILD...
Files changed in executor folder:
SKIPPING EXECUTOR IMAGE BUILD...
Build fixed models
cd ../docker/fixed-model && make kind_load_images
make[1]: Entering directory '/workspace/source/testing/docker/fixed-model'
s2i build -E environment_rest_v1 . seldonio/seldon-core-s2i-python3:0.15 seldonio/fixed-model:0.1
---> Installing application source...
Build completed successfully
s2i build -E environment_rest_v2 . seldonio/seldon-core-s2i-python3:0.15 seldonio/fixed-model:0.2
---> Installing application source...
Build completed successfully
kind load -v 3 docker-image seldonio/fixed-model:0.1
Image: "seldonio/fixed-model:0.1" with ID "sha256:d859a48121f22173dd12c2a44925802694ab78736f89797edc4b6b9baf80002d" not present on node "kind-worker"
Image: "seldonio/fixed-model:0.1" with ID "sha256:d859a48121f22173dd12c2a44925802694ab78736f89797edc4b6b9baf80002d" not present on node "kind-control-plane"
kind load -v 3 docker-image seldonio/fixed-model:0.2
Image: "seldonio/fixed-model:0.2" with ID "sha256:ef79c8d364275f2e0c9d0db28824f0869f414a39541af7fc5cc3f2c224dae53f" not present on node "kind-worker"
Image: "seldonio/fixed-model:0.2" with ID "sha256:ef79c8d364275f2e0c9d0db28824f0869f414a39541af7fc5cc3f2c224dae53f" not present on node "kind-control-plane"
make[1]: Leaving directory '/workspace/source/testing/docker/fixed-model'
kubectl create namespace seldon || echo "Namespace seldon already exists"
namespace/seldon created
kubectl create namespace test1 || echo "Namespace test1 already exists"
namespace/test1 created
helm repo add stable https://kubernetes-charts.storage.googleapis.com/
"stable" has been added to your repositories
helm repo add seldonio https://storage.googleapis.com/seldon-charts
"seldonio" has been added to your repositories
helm repo add jaegertracing https://jaegertracing.github.io/helm-charts
"jaegertracing" has been added to your repositories
helm repo update
Hang tight while we grab the latest from your chart repositories...
...Successfully got an update from the "seldonio" chart repository
...Successfully got an update from the "jaegertracing" chart repository
...Successfully got an update from the "stable" chart repository
Update Complete. âŽˆ Happy Helming!âŽˆ 
helm install ambassador \
	stable/ambassador \
	-f ../resources/ambassador_values.yaml \
	--set crds.keep=false \
	--namespace seldon \
	--set replicaCount=1 \
	--wait
manifest_sorter.go:175: info: skipping unknown hook: "crd-install"
manifest_sorter.go:175: info: skipping unknown hook: "crd-install"
manifest_sorter.go:175: info: skipping unknown hook: "crd-install"
manifest_sorter.go:175: info: skipping unknown hook: "crd-install"
manifest_sorter.go:175: info: skipping unknown hook: "crd-install"
manifest_sorter.go:175: info: skipping unknown hook: "crd-install"
manifest_sorter.go:175: info: skipping unknown hook: "crd-install"
manifest_sorter.go:175: info: skipping unknown hook: "crd-install"
manifest_sorter.go:175: info: skipping unknown hook: "crd-install"
manifest_sorter.go:175: info: skipping unknown hook: "crd-install"
manifest_sorter.go:175: info: skipping unknown hook: "crd-install"
manifest_sorter.go:175: info: skipping unknown hook: "crd-install"
manifest_sorter.go:175: info: skipping unknown hook: "crd-install"
manifest_sorter.go:175: info: skipping unknown hook: "crd-install"
NAME: ambassador
LAST DEPLOYED: Mon Mar  2 13:53:40 2020
NAMESPACE: seldon
STATUS: deployed
REVISION: 1
NOTES:
Congratulations! You've successfully installed Ambassador.

For help, visit our Slack at https://d6e.co/slack or view the documentation online at https://www.getambassador.io.

To get the IP address of Ambassador, run the following commands:
  export NODE_PORT=$(kubectl get --namespace seldon -o jsonpath="{.spec.ports[0].nodePort}" services ambassador)
  export NODE_IP=$(kubectl get nodes --namespace seldon -o jsonpath="{.items[0].status.addresses[0].address}")
  echo http://$NODE_IP:$NODE_PORT
kubectl apply -f istio-1.4.2.yaml
clusterrole.rbac.authorization.k8s.io/istio-reader-istio-system created
clusterrolebinding.rbac.authorization.k8s.io/istio-reader-istio-system created
customresourcedefinition.apiextensions.k8s.io/attributemanifests.config.istio.io created
customresourcedefinition.apiextensions.k8s.io/clusterrbacconfigs.rbac.istio.io created
customresourcedefinition.apiextensions.k8s.io/destinationrules.networking.istio.io created
customresourcedefinition.apiextensions.k8s.io/envoyfilters.networking.istio.io created
customresourcedefinition.apiextensions.k8s.io/gateways.networking.istio.io created
customresourcedefinition.apiextensions.k8s.io/httpapispecbindings.config.istio.io created
customresourcedefinition.apiextensions.k8s.io/httpapispecs.config.istio.io created
customresourcedefinition.apiextensions.k8s.io/meshpolicies.authentication.istio.io created
customresourcedefinition.apiextensions.k8s.io/policies.authentication.istio.io created
customresourcedefinition.apiextensions.k8s.io/quotaspecbindings.config.istio.io created
customresourcedefinition.apiextensions.k8s.io/quotaspecs.config.istio.io created
customresourcedefinition.apiextensions.k8s.io/rbacconfigs.rbac.istio.io created
customresourcedefinition.apiextensions.k8s.io/rules.config.istio.io created
customresourcedefinition.apiextensions.k8s.io/serviceentries.networking.istio.io created
customresourcedefinition.apiextensions.k8s.io/servicerolebindings.rbac.istio.io created
customresourcedefinition.apiextensions.k8s.io/serviceroles.rbac.istio.io created
customresourcedefinition.apiextensions.k8s.io/virtualservices.networking.istio.io created
customresourcedefinition.apiextensions.k8s.io/adapters.config.istio.io created
customresourcedefinition.apiextensions.k8s.io/instances.config.istio.io created
customresourcedefinition.apiextensions.k8s.io/templates.config.istio.io created
customresourcedefinition.apiextensions.k8s.io/handlers.config.istio.io created
customresourcedefinition.apiextensions.k8s.io/sidecars.networking.istio.io created
customresourcedefinition.apiextensions.k8s.io/authorizationpolicies.security.istio.io created
namespace/istio-system created
serviceaccount/istio-reader-service-account created
clusterrole.rbac.authorization.k8s.io/istio-citadel-istio-system created
clusterrolebinding.rbac.authorization.k8s.io/istio-citadel-istio-system created
deployment.apps/istio-citadel created
poddisruptionbudget.policy/istio-citadel created
service/istio-citadel created
serviceaccount/istio-citadel-service-account created
deployment.apps/istio-egressgateway created
poddisruptionbudget.policy/istio-egressgateway created
gateway.networking.istio.io/istio-multicluster-egressgateway created
virtualservice.networking.istio.io/istio-multicluster-egressgateway created
envoyfilter.networking.istio.io/istio-multicluster-egressgateway created
destinationrule.networking.istio.io/istio-multicluster-destinationrule created
service/istio-egressgateway created
role.rbac.authorization.k8s.io/istio-egressgateway-sds created
rolebinding.rbac.authorization.k8s.io/istio-egressgateway-sds created
serviceaccount/istio-egressgateway-service-account created
clusterrole.rbac.authorization.k8s.io/istio-galley-istio-system created
clusterrolebinding.rbac.authorization.k8s.io/istio-galley-*****-role-binding-istio-system created
configmap/istio-mesh-galley created
configmap/istio-galley-configuration created
deployment.apps/istio-galley created
poddisruptionbudget.policy/istio-galley created
service/istio-galley created
serviceaccount/istio-galley-service-account created
configmap/istio-grafana-configuration-dashboards-citadel-dashboard created
configmap/istio-grafana-configuration-dashboards-galley-dashboard created
configmap/istio-grafana-configuration-dashboards-istio-mesh-dashboard created
configmap/istio-grafana-configuration-dashboards-istio-performance-dashboard created
configmap/istio-grafana-configuration-dashboards-istio-service-dashboard created
configmap/istio-grafana-configuration-dashboards-istio-workload-dashboard created
configmap/istio-grafana-configuration-dashboards-mixer-dashboard created
configmap/istio-grafana-configuration-dashboards-pilot-dashboard created
configmap/istio-grafana created
deployment.apps/grafana created
policy.authentication.istio.io/grafana-ports-mtls-disabled created
service/grafana created
deployment.apps/istio-ingressgateway created
gateway.networking.istio.io/ingressgateway created
poddisruptionbudget.policy/ingressgateway created
service/istio-ingressgateway created
serviceaccount/istio-ingressgateway-service-account created
sidecar.networking.istio.io/default created
clusterrole.rbac.authorization.k8s.io/istio-sidecar-injector-istio-system created
clusterrolebinding.rbac.authorization.k8s.io/istio-sidecar-injector-*****-role-binding-istio-system created
configmap/injector-mesh created
deployment.apps/istio-sidecar-injector created
mutatingwebhookconfiguration.admissionregistration.k8s.io/istio-sidecar-injector created
poddisruptionbudget.policy/istio-sidecar-injector created
service/istio-sidecar-injector created
serviceaccount/istio-sidecar-injector-service-account created
configmap/istio-sidecar-injector created
clusterrole.rbac.authorization.k8s.io/kiali created
clusterrole.rbac.authorization.k8s.io/kiali-viewer created
clusterrolebinding.rbac.authorization.k8s.io/kiali created
configmap/kiali created
secret/kiali created
deployment.apps/kiali created
service/kiali created
serviceaccount/kiali-service-account created
clusterrole.rbac.authorization.k8s.io/istio-pilot-istio-system created
clusterrolebinding.rbac.authorization.k8s.io/istio-pilot-istio-system created
configmap/pilot-envoy-config created
configmap/istio created
deployment.apps/istio-pilot created
meshpolicy.authentication.istio.io/default created
poddisruptionbudget.policy/istio-pilot created
service/istio-pilot created
serviceaccount/istio-pilot-service-account created
clusterrole.rbac.authorization.k8s.io/istio-policy created
clusterrolebinding.rbac.authorization.k8s.io/istio-policy-*****-role-binding-istio-system created
destinationrule.networking.istio.io/istio-policy created
deployment.apps/istio-policy created
poddisruptionbudget.policy/istio-policy created
service/istio-policy created
serviceaccount/istio-policy-service-account created
clusterrole.rbac.authorization.k8s.io/prometheus-istio-system created
clusterrolebinding.rbac.authorization.k8s.io/prometheus-istio-system created
configmap/prometheus created
deployment.apps/prometheus created
service/prometheus created
serviceaccount/prometheus created
horizontalpodautoscaler.autoscaling/istio-telemetry created
clusterrole.rbac.authorization.k8s.io/istio-mixer-istio-system created
clusterrolebinding.rbac.authorization.k8s.io/istio-mixer-*****-role-binding-istio-system created
attributemanifest.config.istio.io/istioproxy created
attributemanifest.config.istio.io/kubernetes created
handler.config.istio.io/stdio created
instance.config.istio.io/accesslog created
instance.config.istio.io/tcpaccesslog created
rule.config.istio.io/stdio created
rule.config.istio.io/stdiotcp created
instance.config.istio.io/requestcount created
instance.config.istio.io/requestduration created
instance.config.istio.io/requestsize created
instance.config.istio.io/responsesize created
instance.config.istio.io/tcpbytesent created
instance.config.istio.io/tcpbytereceived created
instance.config.istio.io/tcpconnectionsopened created
instance.config.istio.io/tcpconnectionsclosed created
handler.config.istio.io/prometheus created
rule.config.istio.io/promhttp created
rule.config.istio.io/promtcp created
rule.config.istio.io/promtcpconnectionopen created
rule.config.istio.io/promtcpconnectionclosed created
handler.config.istio.io/kubernetesenv created
rule.config.istio.io/kubeattrgenrulerule created
rule.config.istio.io/tcpkubeattrgenrulerule created
instance.config.istio.io/attributes created
destinationrule.networking.istio.io/istio-telemetry created
configmap/telemetry-envoy-config created
deployment.apps/istio-telemetry created
poddisruptionbudget.policy/istio-telemetry created
service/istio-telemetry created
serviceaccount/istio-mixer-service-account created
deployment.apps/istio-tracing created
service/jaeger-query created
service/jaeger-collector created
service/jaeger-agent created
service/zipkin created
service/tracing created
kubectl rollout status deployment.apps/istio-ingressgateway -n istio-system
Waiting for deployment "istio-ingressgateway" rollout to finish: 0 of 1 updated replicas are available...
deployment "istio-ingressgateway" successfully rolled out
kubectl rollout status deployment.apps/istio-pilot -n istio-system
deployment "istio-pilot" successfully rolled out
kubectl rollout status deployment.apps/istio-citadel -n istio-system
deployment "istio-citadel" successfully rolled out
helm install jaeger-operator \
	jaegertracing/jaeger-operator \
	--set rbac.clusterRole=true \
	--namespace seldon \
	--wait
manifest_sorter.go:175: info: skipping unknown hook: "crd-install"
NAME: jaeger-operator
LAST DEPLOYED: Mon Mar  2 13:55:57 2020
NAMESPACE: seldon
STATUS: deployed
REVISION: 1
TEST SUITE: None
NOTES:
jaeger-operator is installed.


Check the jaeger-operator logs
  export POD=$(kubectl get pods-l app.kubernetes.io/instance=jaeger-operator -lapp.kubernetes.io/name=jaeger-operator --namespace seldon --output name)
  kubectl logs $POD --namespace=seldon
kubectl apply -f ../resources/jaeger.yaml --namespace seldon
jaeger.jaegertracing.io/jaeger created
mapping.getambassador.io/jaeger created
cd ../../operator && make install-cert-manager
make[1]: Entering directory '/workspace/source/operator'
kubectl create namespace cert-manager || echo "Namespace cert-manager-exists"
namespace/cert-manager created
kubectl label namespace cert-manager cert-manager.io/disable-validation=true || echo "namespace cert-manager-already labelled"
namespace/cert-manager labeled
kubectl apply --validate=false -f https://github.com/jetstack/cert-manager/releases/download/v0.12.0/cert-manager.yaml
customresourcedefinition.apiextensions.k8s.io/certificaterequests.cert-manager.io created
customresourcedefinition.apiextensions.k8s.io/certificates.cert-manager.io created
customresourcedefinition.apiextensions.k8s.io/challenges.acme.cert-manager.io created
customresourcedefinition.apiextensions.k8s.io/clusterissuers.cert-manager.io created
customresourcedefinition.apiextensions.k8s.io/issuers.cert-manager.io created
customresourcedefinition.apiextensions.k8s.io/orders.acme.cert-manager.io created
Warning: kubectl apply should be used on resource created by either kubectl create --save-config or kubectl apply
namespace/cert-manager configured
serviceaccount/cert-manager-cainjector created
serviceaccount/cert-manager created
serviceaccount/cert-manager-webhook created
clusterrole.rbac.authorization.k8s.io/cert-manager-cainjector created
clusterrolebinding.rbac.authorization.k8s.io/cert-manager-cainjector created
role.rbac.authorization.k8s.io/cert-manager-cainjector:leaderelection created
rolebinding.rbac.authorization.k8s.io/cert-manager-cainjector:leaderelection created
clusterrolebinding.rbac.authorization.k8s.io/cert-manager-webhook:auth-delegator created
rolebinding.rbac.authorization.k8s.io/cert-manager-webhook:webhook-authentication-reader created
clusterrole.rbac.authorization.k8s.io/cert-manager-webhook:webhook-requester created
role.rbac.authorization.k8s.io/cert-manager:leaderelection created
rolebinding.rbac.authorization.k8s.io/cert-manager:leaderelection created
clusterrole.rbac.authorization.k8s.io/cert-manager-controller-issuers created
clusterrole.rbac.authorization.k8s.io/cert-manager-controller-clusterissuers created
clusterrole.rbac.authorization.k8s.io/cert-manager-controller-certificates created
clusterrole.rbac.authorization.k8s.io/cert-manager-controller-orders created
clusterrole.rbac.authorization.k8s.io/cert-manager-controller-challenges created
clusterrole.rbac.authorization.k8s.io/cert-manager-controller-ingress-shim created
clusterrolebinding.rbac.authorization.k8s.io/cert-manager-controller-issuers created
clusterrolebinding.rbac.authorization.k8s.io/cert-manager-controller-clusterissuers created
clusterrolebinding.rbac.authorization.k8s.io/cert-manager-controller-certificates created
clusterrolebinding.rbac.authorization.k8s.io/cert-manager-controller-orders created
clusterrolebinding.rbac.authorization.k8s.io/cert-manager-controller-challenges created
clusterrolebinding.rbac.authorization.k8s.io/cert-manager-controller-ingress-shim created
clusterrole.rbac.authorization.k8s.io/cert-manager-view created
clusterrole.rbac.authorization.k8s.io/cert-manager-edit created
service/cert-manager created
service/cert-manager-webhook created
deployment.apps/cert-manager-cainjector created
deployment.apps/cert-manager created
deployment.apps/cert-manager-webhook created
mutatingwebhookconfiguration.admissionregistration.k8s.io/cert-manager-webhook created
validatingwebhookconfiguration.admissionregistration.k8s.io/cert-manager-webhook created
kubectl rollout status deployment.apps/cert-manager -n cert-manager
Waiting for deployment "cert-manager" rollout to finish: 0 of 1 updated replicas are available...
deployment "cert-manager" successfully rolled out
kubectl rollout status deployment.apps/cert-manager-cainjector -n cert-manager
deployment "cert-manager-cainjector" successfully rolled out
kubectl rollout status deployment.apps/cert-manager-webhook -n cert-manager
Waiting for deployment "cert-manager-webhook" rollout to finish: 0 of 1 updated replicas are available...
deployment "cert-manager-webhook" successfully rolled out
make[1]: Leaving directory '/workspace/source/operator'
sleep 5 #https://github.com/jetstack/cert-manager/issues/2273
kubectl create namespace seldon-system || echo "namespace seldon-system exists"
namespace/seldon-system created
helm install seldon \
	../../helm-charts/seldon-core-operator \
	--namespace seldon-system \
	--set istio.enabled=true \
	--set istio.gateway=seldon-gateway \
	--set certManager.enabled=false \
	--set executor.enabled=true \
	--wait
NAME: seldon
LAST DEPLOYED: Mon Mar  2 13:57:13 2020
NAMESPACE: seldon-system
STATUS: deployed
REVISION: 1
TEST SUITE: None
kubectl config set-context $(kubectl config current-context) --namespace=seldon
Context "kind-kind" modified.
make: Entering directory '/workspace/source/python'
pip install -e . -r requirements-dev.txt
Obtaining file:///workspace/source/python
Collecting Flask<2.0.0
  Downloading Flask-1.1.1-py2.py3-none-any.whl (94 kB)
Collecting Flask-cors<4.0.0
  Downloading Flask_Cors-3.0.8-py2.py3-none-any.whl (14 kB)
Collecting redis<4.0.0
  Downloading redis-3.4.1-py2.py3-none-any.whl (71 kB)
Collecting requests<3.0.0
  Downloading requests-2.23.0-py2.py3-none-any.whl (58 kB)
Collecting numpy<2.0.0
  Downloading numpy-1.18.1-cp36-cp36m-manylinux1_x86_64.whl (20.1 MB)
Collecting flatbuffers<2.0.0
  Downloading flatbuffers-1.11-py2.py3-none-any.whl (15 kB)
Requirement already satisfied: protobuf<4.0.0 in /usr/local/lib/python3.6/site-packages (from -r requirements.txt (line 7)) (3.11.3)
Requirement already satisfied: grpcio<2.0.0 in /usr/local/lib/python3.6/site-packages (from -r requirements.txt (line 8)) (1.26.0)
Collecting Flask-OpenTracing<1.2.0,>=1.1.0
  Downloading Flask-OpenTracing-1.1.0.tar.gz (8.2 kB)
Collecting opentracing<2.3.0,>=2.2.0
  Downloading opentracing-2.2.0.tar.gz (47 kB)
Collecting jaeger-client<4.2.0,>=4.1.0
  Downloading jaeger-client-4.1.0.tar.gz (80 kB)
Collecting grpcio-opentracing<1.2.0,>=1.1.4
  Downloading grpcio_opentracing-1.1.4-py3-none-any.whl (14 kB)
Collecting pyaml<20.0.0
  Downloading pyaml-19.12.0-py2.py3-none-any.whl (17 kB)
Collecting gunicorn<20.1.0,>=19.9.0
  Downloading gunicorn-20.0.4-py2.py3-none-any.whl (77 kB)
Collecting minio<6.0.0,>=4.0.9
  Downloading minio-5.0.7-py2.py3-none-any.whl (71 kB)
Collecting azure-storage-blob<3.0.0,>=2.0.1
  Downloading azure_storage_blob-2.1.0-py2.py3-none-any.whl (88 kB)
Requirement already satisfied: setuptools>=41.0.0 in /usr/local/lib/python3.6/site-packages (from -r requirements.txt (line 17)) (45.1.0)
Collecting google-cloud-storage>=1.16.0
  Downloading google_cloud_storage-1.26.0-py2.py3-none-any.whl (75 kB)
Collecting black==19.10b0
  Downloading black-19.10b0-py36-none-any.whl (97 kB)
Collecting flake8==3.7.9
  Downloading flake8-3.7.9-py2.py3-none-any.whl (69 kB)
Collecting mypy<0.762
  Downloading mypy-0.761-cp36-cp36m-manylinux1_x86_64.whl (24.1 MB)
Collecting Pillow==7.0.0
  Downloading Pillow-7.0.0-cp36-cp36m-manylinux1_x86_64.whl (2.1 MB)
Collecting pytest==5.3.1
  Downloading pytest-5.3.1-py3-none-any.whl (233 kB)
Collecting pytest-cov==2.8.1
  Downloading pytest_cov-2.8.1-py2.py3-none-any.whl (18 kB)
Collecting tox<4.0.0
  Downloading tox-3.14.5-py2.py3-none-any.whl (81 kB)
Collecting coverage==4.5.4
  Downloading coverage-4.5.4-cp36-cp36m-manylinux1_x86_64.whl (205 kB)
ERROR: Could not find a version that satisfies the requirement pandas==1.0.1 (from -r requirements-dev.txt (line 14)) (from versions: 0.1, 0.2b0, 0.2b1, 0.2, 0.3.0b0, 0.3.0b2, 0.3.0, 0.4.0, 0.4.1, 0.4.2, 0.4.3, 0.5.0, 0.6.0, 0.6.1, 0.7.0rc1, 0.7.0, 0.7.1, 0.7.2, 0.7.3, 0.8.0rc1, 0.8.0rc2, 0.8.0, 0.8.1, 0.9.0, 0.9.1, 0.10.0, 0.10.1, 0.11.0, 0.12.0, 0.13.0, 0.13.1, 0.14.0, 0.14.1, 0.15.0, 0.15.1, 0.15.2, 0.16.0, 0.16.1, 0.16.2, 0.17.0, 0.17.1, 0.18.0, 0.18.1, 0.19.0rc1, 0.19.0, 0.19.1, 0.19.2, 0.20.0rc1, 0.20.0, 0.20.1, 0.20.2, 0.20.3, 0.21.0rc1, 0.21.0, 0.21.1, 0.22.0, 0.23.0rc2, 0.23.0, 0.23.1, 0.23.2, 0.23.3, 0.23.4, 0.24.0rc1, 0.24.0, 0.24.1, 0.24.2, 0.25.0rc0, 0.25.0, 0.25.1, 0.25.2, 0.25.3)
ERROR: No matching distribution found for pandas==1.0.1 (from -r requirements-dev.txt (line 14))
make: *** [Makefile:54: install_dev] Error 1
make: Leaving directory '/workspace/source/python'
cp ../../proto/prediction.proto ./proto
cd ../../proto/tensorflow && make create_protos
make[1]: Entering directory '/workspace/source/proto/tensorflow'
./create-protos.sh
Downloading proto files for master
make[1]: Leaving directory '/workspace/source/proto/tensorflow'
cp -vr ../../proto/tensorflow/tensorflow .
'../../proto/tensorflow/tensorflow' -> './tensorflow'
'../../proto/tensorflow/tensorflow/core' -> './tensorflow/core'
'../../proto/tensorflow/tensorflow/core/framework' -> './tensorflow/core/framework'
'../../proto/tensorflow/tensorflow/core/framework/types.proto' -> './tensorflow/core/framework/types.proto'
'../../proto/tensorflow/tensorflow/core/framework/resource_handle.proto' -> './tensorflow/core/framework/resource_handle.proto'
'../../proto/tensorflow/tensorflow/core/framework/tensor_shape.proto' -> './tensorflow/core/framework/tensor_shape.proto'
'../../proto/tensorflow/tensorflow/core/framework/tensor.proto' -> './tensorflow/core/framework/tensor.proto'
python -m grpc.tools.protoc -I. --python_out=. --grpc_python_out=. ./proto/prediction.proto
cd ../../notebooks && make build_protos
make[1]: Entering directory '/workspace/source/notebooks'
cd ../proto/tensorflow && make create_protos
make[2]: Entering directory '/workspace/source/proto/tensorflow'
make[2]: Nothing to be done for 'create_protos'.
make[2]: Leaving directory '/workspace/source/proto/tensorflow'
cp -vr ../proto/tensorflow/tensorflow .
'../proto/tensorflow/tensorflow' -> './tensorflow'
'../proto/tensorflow/tensorflow/core' -> './tensorflow/core'
'../proto/tensorflow/tensorflow/core/framework' -> './tensorflow/core/framework'
'../proto/tensorflow/tensorflow/core/framework/types.proto' -> './tensorflow/core/framework/types.proto'
'../proto/tensorflow/tensorflow/core/framework/resource_handle.proto' -> './tensorflow/core/framework/resource_handle.proto'
'../proto/tensorflow/tensorflow/core/framework/tensor_shape.proto' -> './tensorflow/core/framework/tensor_shape.proto'
'../proto/tensorflow/tensorflow/core/framework/tensor.proto' -> './tensorflow/core/framework/tensor.proto'
cp ../proto/prediction.proto ./proto
python -m grpc.tools.protoc -I. --python_out=. --grpc_python_out=. ./proto/prediction.proto
make[1]: Leaving directory '/workspace/source/notebooks'
cd ../../proto/k8s && make create_protos
make[1]: Entering directory '/workspace/source/proto/k8s'
./create-k8s-protos.sh
Downloading proto files for master
Munging proto file packages
sed -i.bak 's|import "k8s.io/apiextensions-apiserver/|//import "k8s.io/apiextensions-apiserver/|' k8s.io/api/core/v1/generated.proto
rm k8s.io/api/core/v1/generated.proto.bak
make[1]: Leaving directory '/workspace/source/proto/k8s'
pip install -r dev_requirements.txt
Obtaining file:///workspace/source/python (from -r dev_requirements.txt (line 11))
Collecting pytest==5.3.1
  Using cached pytest-5.3.1-py3-none-any.whl (233 kB)
Collecting pytest-xdist==1.30.0
  Downloading pytest_xdist-1.30.0-py2.py3-none-any.whl (35 kB)
Collecting pytest-cov==2.8.1
  Using cached pytest_cov-2.8.1-py2.py3-none-any.whl (18 kB)
Collecting flaky==3.6.1
  Downloading flaky-3.6.1-py2.py3-none-any.whl (22 kB)
Collecting tenacity==6.0.0
  Downloading tenacity-6.0.0-py2.py3-none-any.whl (24 kB)
Collecting coverage==4.5.4
  Using cached coverage-4.5.4-cp36-cp36m-manylinux1_x86_64.whl (205 kB)
Collecting Flask<2.0.0
  Using cached Flask-1.1.1-py2.py3-none-any.whl (94 kB)
Collecting Flask-cors<4.0.0
  Using cached Flask_Cors-3.0.8-py2.py3-none-any.whl (14 kB)
Collecting redis<4.0.0
  Using cached redis-3.4.1-py2.py3-none-any.whl (71 kB)
Collecting requests<3.0.0
  Using cached requests-2.23.0-py2.py3-none-any.whl (58 kB)
Collecting numpy<2.0.0
  Using cached numpy-1.18.1-cp36-cp36m-manylinux1_x86_64.whl (20.1 MB)
Collecting flatbuffers<2.0.0
  Using cached flatbuffers-1.11-py2.py3-none-any.whl (15 kB)
Requirement already satisfied: protobuf<4.0.0 in /usr/local/lib/python3.6/site-packages (from seldon-core==1.0.2->-r dev_requirements.txt (line 11)) (3.11.3)
Requirement already satisfied: grpcio<2.0.0 in /usr/local/lib/python3.6/site-packages (from seldon-core==1.0.2->-r dev_requirements.txt (line 11)) (1.26.0)
Collecting Flask-OpenTracing<1.2.0,>=1.1.0
  Using cached Flask-OpenTracing-1.1.0.tar.gz (8.2 kB)
Collecting opentracing<2.3.0,>=2.2.0
  Using cached opentracing-2.2.0.tar.gz (47 kB)
Collecting jaeger-client<4.2.0,>=4.1.0
  Using cached jaeger-client-4.1.0.tar.gz (80 kB)
Collecting grpcio-opentracing<1.2.0,>=1.1.4
  Using cached grpcio_opentracing-1.1.4-py3-none-any.whl (14 kB)
Collecting pyaml<20.0.0
  Using cached pyaml-19.12.0-py2.py3-none-any.whl (17 kB)
Collecting gunicorn<20.1.0,>=19.9.0
  Using cached gunicorn-20.0.4-py2.py3-none-any.whl (77 kB)
Collecting minio<6.0.0,>=4.0.9
  Using cached minio-5.0.7-py2.py3-none-any.whl (71 kB)
Collecting azure-storage-blob<3.0.0,>=2.0.1
  Using cached azure_storage_blob-2.1.0-py2.py3-none-any.whl (88 kB)
Requirement already satisfied: setuptools>=41.0.0 in /usr/local/lib/python3.6/site-packages (from seldon-core==1.0.2->-r dev_requirements.txt (line 11)) (45.1.0)
Collecting importlib-metadata>=0.12; python_version < "3.8"
  Downloading importlib_metadata-1.5.0-py2.py3-none-any.whl (30 kB)
Collecting packaging
  Downloading packaging-20.1-py2.py3-none-any.whl (36 kB)
Collecting pluggy<1.0,>=0.12
  Downloading pluggy-0.13.1-py2.py3-none-any.whl (18 kB)
Collecting py>=1.5.0
  Downloading py-1.8.1-py2.py3-none-any.whl (83 kB)
Collecting wcwidth
  Downloading wcwidth-0.1.8-py2.py3-none-any.whl (17 kB)
Collecting attrs>=17.4.0
  Downloading attrs-19.3.0-py2.py3-none-any.whl (39 kB)
Collecting more-itertools>=4.0.0
  Downloading more_itertools-8.2.0-py3-none-any.whl (43 kB)
Collecting execnet>=1.1
  Downloading execnet-1.7.1-py2.py3-none-any.whl (39 kB)
Collecting pytest-forked
  Downloading pytest_forked-1.1.3-py2.py3-none-any.whl (4.5 kB)
Requirement already satisfied: six in /usr/local/lib/python3.6/site-packages (from pytest-xdist==1.30.0->-r dev_requirements.txt (line 2)) (1.14.0)
Collecting Werkzeug>=0.15
  Downloading Werkzeug-1.0.0-py2.py3-none-any.whl (298 kB)
Collecting itsdangerous>=0.24
  Downloading itsdangerous-1.1.0-py2.py3-none-any.whl (16 kB)
Collecting Jinja2>=2.10.1
  Downloading Jinja2-2.11.1-py2.py3-none-any.whl (126 kB)
Collecting click>=5.1
  Downloading Click-7.0-py2.py3-none-any.whl (81 kB)
Collecting chardet<4,>=3.0.2
  Downloading chardet-3.0.4-py2.py3-none-any.whl (133 kB)
Collecting urllib3!=1.25.0,!=1.25.1,<1.26,>=1.21.1
  Downloading urllib3-1.25.8-py2.py3-none-any.whl (125 kB)
Collecting certifi>=2017.4.17
  Downloading certifi-2019.11.28-py2.py3-none-any.whl (156 kB)
Collecting idna<3,>=2.5
  Downloading idna-2.9-py2.py3-none-any.whl (58 kB)
Collecting threadloop<2,>=1
  Downloading threadloop-1.0.2.tar.gz (4.9 kB)
Collecting thrift
  Downloading thrift-0.13.0.tar.gz (59 kB)
Collecting tornado<6,>=4.3
  Downloading tornado-5.1.1.tar.gz (516 kB)
Requirement already satisfied: PyYAML in /usr/local/lib/python3.6/site-packages (from pyaml<20.0.0->seldon-core==1.0.2->-r dev_requirements.txt (line 11)) (5.3)
Collecting configparser
  Downloading configparser-4.0.2-py2.py3-none-any.whl (22 kB)
Collecting python-dateutil
  Downloading python_dateutil-2.8.1-py2.py3-none-any.whl (227 kB)
Collecting pytz
  Downloading pytz-2019.3-py2.py3-none-any.whl (509 kB)
Collecting azure-common>=1.1.5
  Downloading azure_common-1.1.24-py2.py3-none-any.whl (12 kB)
Collecting azure-storage-common~=2.1
  Downloading azure_storage_common-2.1.0-py2.py3-none-any.whl (47 kB)
Collecting zipp>=0.5
  Downloading zipp-3.0.0-py3-none-any.whl (4.8 kB)
Collecting pyparsing>=2.0.2
  Downloading pyparsing-2.4.6-py2.py3-none-any.whl (67 kB)
Collecting apipkg>=1.4
  Downloading apipkg-1.5-py2.py3-none-any.whl (4.9 kB)
Collecting MarkupSafe>=0.23
  Downloading MarkupSafe-1.1.1-cp36-cp36m-manylinux1_x86_64.whl (27 kB)
Collecting cryptography
  Downloading cryptography-2.8-cp34-abi3-manylinux2010_x86_64.whl (2.3 MB)
Collecting cffi!=1.11.3,>=1.8
  Downloading cffi-1.14.0-cp36-cp36m-manylinux1_x86_64.whl (399 kB)
Collecting pycparser
  Downloading pycparser-2.19.tar.gz (158 kB)
Building wheels for collected packages: Flask-OpenTracing, opentracing, jaeger-client, threadloop, thrift, tornado, pycparser
  Building wheel for Flask-OpenTracing (setup.py): started
  Building wheel for Flask-OpenTracing (setup.py): finished with status 'done'
  Created wheel for Flask-OpenTracing: filename=Flask_OpenTracing-1.1.0-py3-none-any.whl size=9070 sha256=b386fc52e793f2e54e559a57b72dff138f7f0e9542823016d22c21f4a01b9f9b
  Stored in directory: /builder/home/.cache/pip/wheels/ad/4b/2d/24ff0da0a0b53c7c77ce59b843bcceaf644c88703241e59615
  Building wheel for opentracing (setup.py): started
  Building wheel for opentracing (setup.py): finished with status 'done'
  Created wheel for opentracing: filename=opentracing-2.2.0-py3-none-any.whl size=49319 sha256=879872e520dc65ab51a6326e67bf7a8da5574519d6f70788ea376a6fd2194b78
  Stored in directory: /builder/home/.cache/pip/wheels/39/40/44/8bace79f4514e99786236c31f1df8d1b814ff02c1e08b1d697
  Building wheel for jaeger-client (setup.py): started
  Building wheel for jaeger-client (setup.py): finished with status 'done'
  Created wheel for jaeger-client: filename=jaeger_client-4.1.0-py3-none-any.whl size=64309 sha256=aef87b6910c7b03e0c5e79b57d0f652fb918beca1f1c0cbbf2cbc1ce9fd0d46e
  Stored in directory: /builder/home/.cache/pip/wheels/e9/9b/8c/503d0cc13b39a551c054515683ba1d15b40324c863dc442e66
  Building wheel for threadloop (setup.py): started
  Building wheel for threadloop (setup.py): finished with status 'done'
  Created wheel for threadloop: filename=threadloop-1.0.2-py3-none-any.whl size=3423 sha256=e1c33199966db7f3deb7c511138f7a8c7d9ce52d4712086122caec2bea9d51c1
  Stored in directory: /builder/home/.cache/pip/wheels/02/54/65/9f87de48fe8fcaaee30f279973d946ad55f9df56b93b3e78da
  Building wheel for thrift (setup.py): started
  Building wheel for thrift (setup.py): finished with status 'done'
  Created wheel for thrift: filename=thrift-0.13.0-cp36-cp36m-linux_x86_64.whl size=483897 sha256=9d68170bc0770d709ec2f3ff712f78b5a5b9208d04fbee8967c012de671b17e5
  Stored in directory: /builder/home/.cache/pip/wheels/e0/38/fc/472fe18756b177b42096961f8bd3ff2dc5c5620ac399fce52d
  Building wheel for tornado (setup.py): started
  Building wheel for tornado (setup.py): finished with status 'done'
  Created wheel for tornado: filename=tornado-5.1.1-cp36-cp36m-linux_x86_64.whl size=462654 sha256=e7c9a52e41f16a366bcb561fcb6b714ad0224413e964ca0cd305e7eccd2a6fa2
  Stored in directory: /builder/home/.cache/pip/wheels/64/74/71/e7a0d0eb4fc42cb20a17aec36f8f0b5b8c5e1ec19c701fd34a
  Building wheel for pycparser (setup.py): started
  Building wheel for pycparser (setup.py): finished with status 'done'
  Created wheel for pycparser: filename=pycparser-2.19-py2.py3-none-any.whl size=111031 sha256=58912d11fc0f0cde93e6413f178a53db1f0c498139e8b6876add477f335ac71e
  Stored in directory: /builder/home/.cache/pip/wheels/c6/6b/83/2608afaa57ecfb0a66ac89191a8d9bad71c62ca55ee499c2d0
Successfully built Flask-OpenTracing opentracing jaeger-client threadloop thrift tornado pycparser
Installing collected packages: zipp, importlib-metadata, pyparsing, packaging, pluggy, py, wcwidth, attrs, more-itertools, pytest, apipkg, execnet, pytest-forked, pytest-xdist, coverage, pytest-cov, flaky, tenacity, Werkzeug, itsdangerous, MarkupSafe, Jinja2, click, Flask, Flask-cors, redis, chardet, urllib3, certifi, idna, requests, numpy, flatbuffers, opentracing, Flask-OpenTracing, tornado, threadloop, thrift, jaeger-client, grpcio-opentracing, pyaml, gunicorn, configparser, python-dateutil, pytz, minio, azure-common, pycparser, cffi, cryptography, azure-storage-common, azure-storage-blob, seldon-core
  Running setup.py develop for seldon-core
Successfully installed Flask-1.1.1 Flask-OpenTracing-1.1.0 Flask-cors-3.0.8 Jinja2-2.11.1 MarkupSafe-1.1.1 Werkzeug-1.0.0 apipkg-1.5 attrs-19.3.0 azure-common-1.1.24 azure-storage-blob-2.1.0 azure-storage-common-2.1.0 certifi-2019.11.28 cffi-1.14.0 chardet-3.0.4 click-7.0 configparser-4.0.2 coverage-4.5.4 cryptography-2.8 execnet-1.7.1 flaky-3.6.1 flatbuffers-1.11 grpcio-opentracing-1.1.4 gunicorn-20.0.4 idna-2.9 importlib-metadata-1.5.0 itsdangerous-1.1.0 jaeger-client-4.1.0 minio-5.0.7 more-itertools-8.2.0 numpy-1.18.1 opentracing-2.2.0 packaging-20.1 pluggy-0.13.1 py-1.8.1 pyaml-19.12.0 pycparser-2.19 pyparsing-2.4.6 pytest-5.3.1 pytest-cov-2.8.1 pytest-forked-1.1.3 pytest-xdist-1.30.0 python-dateutil-2.8.1 pytz-2019.3 redis-3.4.1 requests-2.23.0 seldon-core tenacity-6.0.0 threadloop-1.0.2 thrift-0.13.0 tornado-5.1.1 urllib3-1.25.8 wcwidth-0.1.8 zipp-3.0.0
# Run the core tests in parallel
pytest \
	--verbose \
	-s \
	-W ignore \
	-n "4" \
	-m "not sequential" 2>&1
============================= test session starts ==============================
platform linux -- Python 3.6.0, pytest-5.3.1, py-1.8.1, pluggy-0.13.1 -- /usr/local/bin/python
cachedir: .pytest_cache
rootdir: /workspace/source/testing/scripts, inifile: setup.cfg
plugins: xdist-1.30.0, forked-1.1.3, flaky-3.6.1, cov-2.8.1
gw0 I / gw1 I / gw2 I / gw3 I
[gw0] linux Python 3.6.0 cwd: /workspace/source/testing/scripts
[gw1] linux Python 3.6.0 cwd: /workspace/source/testing/scripts
[gw2] linux Python 3.6.0 cwd: /workspace/source/testing/scripts
[gw3] linux Python 3.6.0 cwd: /workspace/source/testing/scripts
[gw0] Python 3.6.0 (default, Feb  4 2020, 10:38:29)  -- [GCC 8.3.0]
[gw1] Python 3.6.0 (default, Feb  4 2020, 10:38:29)  -- [GCC 8.3.0]
[gw2] Python 3.6.0 (default, Feb  4 2020, 10:38:29)  -- [GCC 8.3.0]
[gw3] Python 3.6.0 (default, Feb  4 2020, 10:38:29)  -- [GCC 8.3.0]
gw0 [39] / gw1 [39] / gw2 [39] / gw3 [39]

scheduling tests via LoadScheduling

test_api_version.py::test_api_version[machinelearning.seldon.io/v1] 
test_api_version.py::test_api_version[machinelearning.seldon.io/v1alpha3] 
test_bad_graphs.py::TestBadGraphs::test_duplicate_predictor_name 
test_api_version.py::test_api_version[machinelearning.seldon.io/v1alpha2] Error from server (SeldonDeployment.machinelearing.seldon.io "dupname" is invalid: [spec.predictors[1]: Invalid value: "mymodel": Duplicate predictor name, spec: Invalid value: "dupname": Traffic must sum to 100 for multiple predictors]): error when creating "../resources/bad_duplicate_predictor_name.json": admission webhook "v1alpha2.vseldondeployment.kb.io" denied the request: SeldonDeployment.machinelearing.seldon.io "dupname" is invalid: [spec.predictors[1]: Invalid value: "mymodel": Duplicate predictor name, spec: Invalid value: "dupname": Traffic must sum to 100 for multiple predictors]

[gw3] PASSED test_bad_graphs.py::TestBadGraphs::test_duplicate_predictor_name 
test_helm_charts_clusterwide.py::TestClusterWide::test_mab_model Error: uninstall: Release not loaded: mymodel: release: not found

[gw0] PASSED test_api_version.py::test_api_version[machinelearning.seldon.io/v1alpha2] Error: uninstall: Release not loaded: mymab: release: not found

[gw3] PASSED test_helm_charts_clusterwide.py::TestClusterWide::test_mab_model Error: uninstall: Release not loaded: mymodel: release: not found

[gw1] PASSED test_api_version.py::test_api_version[machinelearning.seldon.io/v1alpha3] Error: uninstall: Release not loaded: mymodel: release: not found

[gw2] PASSED test_api_version.py::test_api_version[machinelearning.seldon.io/v1] 
test_bad_graphs.py::TestBadGraphs::test_model_name_mismatch Error from server (SeldonDeployment.machinelearing.seldon.io "namemismatch" is invalid: spec.predictors[0].graph: Invalid value: "complex-model_bad_name": Can't find container for Predictive Unit): error when creating "../resources/bad_name_mismatch.json": admission webhook "v1alpha2.vseldondeployment.kb.io" denied the request: SeldonDeployment.machinelearing.seldon.io "namemismatch" is invalid: spec.predictors[0].graph: Invalid value: "complex-model_bad_name": Can't find container for Predictive Unit

[gw0] PASSED test_bad_graphs.py::TestBadGraphs::test_model_name_mismatch 
test_local_operators.py::TestLocalOperators::test_namespace_operator 
test_helm_charts_clusterwide.py::TestClusterWide::test_abtest_model 
test_helm_charts_clusterwide.py::TestClusterWide::test_single_model 
test_local_operators.py::TestLocalOperators::test_labelled_operator Error from server (InternalError): error when creating "../resources/model_controller_id.yaml": Internal error occurred: failed calling webhook "v1alpha2.mseldondeployment.kb.io": Post https://seldon-webhook-service.test-labelled-operator.svc:443/mutate-machinelearning-seldon-io-v1alpha2-seldondeployment?timeout=30s: dial tcp 10.98.105.153:443: connect: connection refused

[gw0] PASSED test_local_operators.py::TestLocalOperators::test_namespace_operator Error: uninstall: Release not loaded: mymodel: release: not found

[gw1] PASSED test_helm_charts_clusterwide.py::TestClusterWide::test_single_model Error: uninstall: Release not loaded: myabtest: release: not found

[gw2] PASSED test_helm_charts_clusterwide.py::TestClusterWide::test_abtest_model 
[gw3] PASSED test_local_operators.py::TestLocalOperators::test_labelled_operator 
test_prepackaged_servers.py::TestPrepack::test_tfserving 
test_prepackaged_servers.py::TestPrepack::test_sklearn 
test_prepackaged_servers.py::TestPrepack::test_mlflow 
test_rolling_updates.py::TestRollingHttp::test_rolling_update5[istio] Error from server (NotFound): error when deleting "../resources/graph6.json": seldondeployments.machinelearning.seldon.io "mymodel" not found

[gw1] PASSED test_rolling_updates.py::TestRollingHttp::test_rolling_update5[istio] 
[gw3] PASSED test_prepackaged_servers.py::TestPrepack::test_sklearn 
test_rolling_updates.py::TestRollingHttp::test_rolling_update6[istio] 
[gw0] PASSED test_prepackaged_servers.py::TestPrepack::test_tfserving 
test_rolling_updates.py::TestRollingHttp::test_rolling_update6[ambas] 
test_prepackaged_servers.py::TestPrepack::test_xgboost 
[gw2] PASSED test_prepackaged_servers.py::TestPrepack::test_mlflow 
test_rolling_updates.py::TestRollingHttp::test_rolling_update5[ambas] Error from server (NotFound): error when deleting "../resources/graph2svc.json": seldondeployments.machinelearning.seldon.io "mymodel" not found

[gw3] PASSED test_rolling_updates.py::TestRollingHttp::test_rolling_update6[istio] 
test_rolling_updates.py::TestRollingHttp::test_rolling_update6[ambas] 
[gw0] PASSED test_prepackaged_servers.py::TestPrepack::test_xgboost 
test_rolling_updates.py::TestRollingHttp::test_rolling_update7[ambas] Error from server (NotFound): error when deleting "../resources/graph6.json": seldondeployments.machinelearning.seldon.io "mymodel" not found

[gw2] PASSED test_rolling_updates.py::TestRollingHttp::test_rolling_update5[ambas] 
test_rolling_updates.py::TestRollingHttp::test_rolling_update8[ambas] Error from server (NotFound): error when deleting "../resources/graph2svc.json": seldondeployments.machinelearning.seldon.io "mymodel" not found

[gw1] PASSED test_rolling_updates.py::TestRollingHttp::test_rolling_update6[ambas] 
test_rolling_updates.py::TestRollingHttp::test_rolling_update8[istio] 
test_rolling_updates.py::TestRollingHttp::test_rolling_update7[istio] Error from server (NotFound): error when deleting "../resources/graph3svc.json": seldondeployments.machinelearning.seldon.io "mymodel" not found

[gw3] PASSED test_rolling_updates.py::TestRollingHttp::test_rolling_update7[ambas] 
test_rolling_updates.py::TestRollingHttp::test_rolling_update9[ambas] 
test_rolling_updates.py::TestRollingHttp::test_rolling_update8[ambas] Error from server (NotFound): error when deleting "../resources/graph3svc.json": seldondeployments.machinelearning.seldon.io "mymodel" not found

[gw1] PASSED test_rolling_updates.py::TestRollingHttp::test_rolling_update7[istio] 
test_rolling_updates.py::TestRollingHttp::test_rolling_update10[istio] Error from server (NotFound): error when deleting "../resources/graph4svc.json": seldondeployments.machinelearning.seldon.io "mymodel" not found

[gw2] PASSED test_rolling_updates.py::TestRollingHttp::test_rolling_update8[istio] 
test_rolling_updates.py::TestRollingHttp::test_rolling_update10[ambas] Error from server (NotFound): error when deleting "../resources/graph4svc.json": seldondeployments.machinelearning.seldon.io "mymodel" not found

[gw0] PASSED test_rolling_updates.py::TestRollingHttp::test_rolling_update8[ambas] 
test_rolling_updates.py::TestRollingHttp::test_rolling_update9[ambas] Error from server (NotFound): error when deleting "../resources/graph6svc.json": seldondeployments.machinelearning.seldon.io "mymodel" not found

[gw1] PASSED test_rolling_updates.py::TestRollingHttp::test_rolling_update10[istio] 
test_rolling_updates.py::TestRollingHttp::test_rolling_update9[istio] Error from server (NotFound): error when deleting "../resources/graph6svc.json": seldondeployments.machinelearning.seldon.io "mymodel" not found

[gw2] PASSED test_rolling_updates.py::TestRollingHttp::test_rolling_update10[ambas] 
test_rolling_updates.py::test_rolling_update_deployment[graph1.json-graph2.json-istio] 
test_rolling_updates.py::test_rolling_update_deployment[graph1.json-graph3.json-ambas] Error from server (NotFound): error when deleting "../resources/graph5svc.json": seldondeployments.machinelearning.seldon.io "mymodel" not found

[gw3] PASSED test_rolling_updates.py::TestRollingHttp::test_rolling_update9[ambas] Error from server (NotFound): error when deleting "../resources/graph5svc.json": seldondeployments.machinelearning.seldon.io "mymodel" not found

[gw0] PASSED test_rolling_updates.py::TestRollingHttp::test_rolling_update9[istio] 
test_rolling_updates.py::test_rolling_update_deployment[graph1.json-graph2.json-ambas] 
[gw1] PASSED test_rolling_updates.py::test_rolling_update_deployment[graph1.json-graph2.json-istio] 
test_rolling_updates.py::test_rolling_update_deployment[graph1.json-graph3.json-istio] 
[gw2] PASSED test_rolling_updates.py::test_rolling_update_deployment[graph1.json-graph3.json-ambas] 
test_rolling_updates.py::test_rolling_update_deployment[graph1.json-graph4.json-ambas] 
test_rolling_updates.py::test_rolling_update_deployment[graph1.json-graph4.json-istio] 
[gw3] PASSED test_rolling_updates.py::test_rolling_update_deployment[graph1.json-graph2.json-ambas] 
[gw0] PASSED test_rolling_updates.py::test_rolling_update_deployment[graph1.json-graph3.json-istio] 
test_rolling_updates.py::test_rolling_update_deployment[graph1.json-graph5.json-ambas] 
test_rolling_updates.py::test_rolling_update_deployment[graph1.json-graph5.json-istio] 
[gw3] PASSED test_rolling_updates.py::test_rolling_update_deployment[graph1.json-graph5.json-ambas] 
[gw0] PASSED test_rolling_updates.py::test_rolling_update_deployment[graph1.json-graph5.json-istio] 
test_rolling_updates.py::test_rolling_update_deployment[graph7.json-graph8.json-ambas] 
test_rolling_updates.py::test_rolling_update_deployment[graph7.json-graph8.json-istio] error: timed out waiting for the condition on deployments/mymodel-mymodel-e2eb561

[gw1] PASSED test_rolling_updates.py::test_rolling_update_deployment[graph1.json-graph4.json-ambas] error: timed out waiting for the condition on deployments/mymodel-mymodel-e2eb561

[gw2] PASSED test_rolling_updates.py::test_rolling_update_deployment[graph1.json-graph4.json-istio] 
test_rolling_updates.py::test_rolling_update_deployment[graph1.json-graph8.json-ambas] 
test_rolling_updates.py::test_rolling_update_deployment[graph1.json-graph8.json-istio] error: timed out waiting for the condition on deployments/mymodel-mymodel-e2eb561

[gw3] PASSED test_rolling_updates.py::test_rolling_update_deployment[graph7.json-graph8.json-ambas] error: timed out waiting for the condition on deployments/mymodel-mymodel-e2eb561

[gw0] PASSED test_rolling_updates.py::test_rolling_update_deployment[graph7.json-graph8.json-istio] 
test_tracing.py::test_tracing_rest 
[gw3] PASSED test_tracing.py::test_tracing_rest error: timed out waiting for the condition on deployments/mymodel-mymodel-e2eb561

[gw1] PASSED test_rolling_updates.py::test_rolling_update_deployment[graph1.json-graph8.json-ambas] error: timed out waiting for the condition on deployments/mymodel-mymodel-e2eb561

[gw2] PASSED test_rolling_updates.py::test_rolling_update_deployment[graph1.json-graph8.json-istio] 
===Flaky Test Report===

test_rolling_update8[ambas] failed (1 runs remaining out of 2).
	<class 'AssertionError'>
	assert 504 == 200
  -504
  +200
	[<TracebackEntry /workspace/source/testing/scripts/test_rolling_updates.py:157>]
test_rolling_update8[ambas] passed 1 out of the required 1 times. Success!
test_rolling_update9[istio] passed 1 out of the required 1 times. Success!
test_rolling_update_deployment[graph1.json-graph3.json-istio] passed 1 out of the required 1 times. Success!
test_rolling_update_deployment[graph1.json-graph5.json-istio] passed 1 out of the required 1 times. Success!
test_rolling_update_deployment[graph7.json-graph8.json-istio] passed 1 out of the required 1 times. Success!
test_rolling_update6[istio] passed 1 out of the required 1 times. Success!
test_rolling_update7[ambas] passed 1 out of the required 1 times. Success!
test_rolling_update9[ambas] failed (1 runs remaining out of 2).
	<class 'AssertionError'>
	assert 504 == 200
  -504
  +200
	[<TracebackEntry /workspace/source/testing/scripts/test_rolling_updates.py:185>]
test_rolling_update9[ambas] passed 1 out of the required 1 times. Success!
test_rolling_update_deployment[graph1.json-graph2.json-ambas] passed 1 out of the required 1 times. Success!
test_rolling_update_deployment[graph1.json-graph5.json-ambas] passed 1 out of the required 1 times. Success!
test_rolling_update_deployment[graph7.json-graph8.json-ambas] passed 1 out of the required 1 times. Success!
test_rolling_update5[istio] passed 1 out of the required 1 times. Success!
test_rolling_update6[ambas] failed (1 runs remaining out of 2).
	<class 'AssertionError'>
	assert 504 == 200
  -504
  +200
	[<TracebackEntry /workspace/source/testing/scripts/test_rolling_updates.py:88>]
test_rolling_update6[ambas] passed 1 out of the required 1 times. Success!
test_rolling_update7[istio] passed 1 out of the required 1 times. Success!
test_rolling_update10[istio] passed 1 out of the required 1 times. Success!
test_rolling_update_deployment[graph1.json-graph2.json-istio] passed 1 out of the required 1 times. Success!
test_rolling_update_deployment[graph1.json-graph4.json-ambas] passed 1 out of the required 1 times. Success!
test_rolling_update_deployment[graph1.json-graph8.json-ambas] passed 1 out of the required 1 times. Success!
test_rolling_update5[ambas] passed 1 out of the required 1 times. Success!
test_rolling_update8[istio] passed 1 out of the required 1 times. Success!
test_rolling_update10[ambas] passed 1 out of the required 1 times. Success!
test_rolling_update_deployment[graph1.json-graph3.json-ambas] passed 1 out of the required 1 times. Success!
test_rolling_update_deployment[graph1.json-graph4.json-istio] passed 1 out of the required 1 times. Success!
test_rolling_update_deployment[graph1.json-graph8.json-istio] passed 1 out of the required 1 times. Success!

===End Flaky Test Report===

======================= 39 passed in 2085.78s (0:34:45) ========================
# Then run the s2i tests in sequence (as they currently fail in parallel
pytest \
	--verbose \
	-s \
	-W ignore \
	-n 0 \
	-m "sequential" 2>&1
============================= test session starts ==============================
platform linux -- Python 3.6.0, pytest-5.3.1, py-1.8.1, pluggy-0.13.1 -- /usr/local/bin/python
cachedir: .pytest_cache
rootdir: /workspace/source/testing/scripts, inifile: setup.cfg
plugins: xdist-1.30.0, forked-1.1.3, flaky-3.6.1, cov-2.8.1
collecting ... collected 61 items / 39 deselected / 22 selected

test_operator_updates.py::test_cluster_update[0.4.1] SKIPPED
test_operator_updates.py::test_cluster_update[0.5.1] namespace/test-cluster-update-0-5-1 created
release "seldon" uninstalled
customresourcedefinition.apiextensions.k8s.io "seldondeployments.machinelearning.seldon.io" deleted
NAME: seldon
LAST DEPLOYED: Mon Mar  2 14:32:56 2020
NAMESPACE: seldon-system
STATUS: deployed
REVISION: 1
TEST SUITE: None
Error from server (InternalError): error when creating "../resources/graph1.json": Internal error occurred: failed calling webhook "mseldondeployment.kb.io": Post https://seldon-webhook-service.seldon-system.svc:443/mutate-machinelearning-seldon-io-v1alpha2-seldondeployment?timeout=30s: dial tcp 10.104.143.186:443: connect: connection refused
seldondeployment.machinelearning.seldon.io/mymodel created

PODS UPDATE: NAMESPACE       NAME                                         READY   STATUS    RESTARTS   AGE


PODS UPDATE: cert-manager    cert-manager-5c47f46f57-2nws6                1/1     Running   0          36m


PODS UPDATE: cert-manager    cert-manager-cainjector-6659d6844d-ph56m     1/1     Running   0          36m


PODS UPDATE: cert-manager    cert-manager-webhook-547567b88f-c29b8        1/1     Running   0          36m


PODS UPDATE: istio-system    grafana-6b65874977-gmkxm                     1/1     Running   0          38m


PODS UPDATE: istio-system    istio-citadel-86dcf4c6b-hmv8w                1/1     Running   0          38m


PODS UPDATE: istio-system    istio-egressgateway-68f754ccdd-ttklq         1/1     Running   0          38m


PODS UPDATE: istio-system    istio-galley-5fc6d6c45b-rhdbp                1/1     Running   0          38m


PODS UPDATE: istio-system    istio-ingressgateway-6d759478d8-mvszl        1/1     Running   0          38m


PODS UPDATE: istio-system    istio-pilot-5c4995d687-xh6r9                 1/1     Running   0          38m


PODS UPDATE: istio-system    istio-policy-57b99968f-4gp5h                 1/1     Running   1          38m


PODS UPDATE: istio-system    istio-sidecar-injector-746f7c7bbb-l55nr      1/1     Running   0          38m


PODS UPDATE: istio-system    istio-telemetry-854d8556d5-b8ptn             1/1     Running   1          38m


PODS UPDATE: istio-system    istio-tracing-c66d67cd9-4n2sb                1/1     Running   0          38m


PODS UPDATE: istio-system    kiali-8559969566-6hd5c                       1/1     Running   0          38m


PODS UPDATE: istio-system    prometheus-66c5887c86-pxzxp                  1/1     Running   0          38m


PODS UPDATE: kube-system     coredns-5644d7b6d9-9svg4                     1/1     Running   0          43m


PODS UPDATE: kube-system     coredns-5644d7b6d9-tbw47                     1/1     Running   0          43m


PODS UPDATE: kube-system     etcd-kind-control-plane                      1/1     Running   0          42m


PODS UPDATE: kube-system     kindnet-bb2g4                                1/1     Running   0          43m


PODS UPDATE: kube-system     kindnet-bg5gk                                1/1     Running   0          43m


PODS UPDATE: kube-system     kube-apiserver-kind-control-plane            1/1     Running   0          42m


PODS UPDATE: kube-system     kube-controller-manager-kind-control-plane   1/1     Running   0          42m


PODS UPDATE: kube-system     kube-proxy-6jwbq                             1/1     Running   0          43m


PODS UPDATE: kube-system     kube-proxy-rkvtl                             1/1     Running   0          43m


PODS UPDATE: kube-system     kube-scheduler-kind-control-plane            1/1     Running   0          42m


PODS UPDATE: seldon-system   seldon-controller-manager-84547854f5-zk2dr   1/1     Running   0          35m


PODS UPDATE: seldon          ambassador-689859d47c-9nvpr                  1/1     Running   0          39m


PODS UPDATE: seldon          jaeger-7d5559d958-kwtpk                      1/1     Running   0          36m


PODS UPDATE: seldon          jaeger-operator-56bd4fb86f-4lh94             1/1     Running   0          36m


PODS UPDATE: seldon-system   seldon-controller-manager-84547854f5-zk2dr   1/1     Terminating   0          35m


PODS UPDATE: seldon-system   seldon-controller-manager-84547854f5-zk2dr   0/1     Terminating   0          35m


PODS UPDATE: seldon-system   seldon-controller-manager-84547854f5-zk2dr   0/1     Terminating   0          35m


PODS UPDATE: seldon-system   seldon-controller-manager-84547854f5-zk2dr   0/1     Terminating   0          35m


PODS UPDATE: seldon-system   seldon-controller-manager-66bbb9fc44-cpwcb   0/1     Pending       0          0s


PODS UPDATE: seldon-system   seldon-controller-manager-66bbb9fc44-cpwcb   0/1     Pending       0          0s


PODS UPDATE: seldon-system   seldon-controller-manager-66bbb9fc44-cpwcb   0/1     ContainerCreating   0          0s


PODS UPDATE: seldon-system   sedeployment "mymodel-mymodel-e2eb561" successfully rolled out
Release "seldon" has been upgraded. Happy Helming!
NAME: seldon
LAST DEPLOYED: Mon Mar  2 14:33:52 2020
NAMESPACE: seldon-system
STATUS: deployed
REVISION: 2
TEST SUITE: None
PASSEDrelease "seldon" uninstalled
customresourcedefinition.apiextensions.k8s.io "seldondeployments.machinelearning.seldon.io" deleted
NAME: seldon
LAST DEPLOYED: Mon Mar  2 14:33:57 2020
NAMESPACE: seldon-system
STATUS: deployed
REVISION: 1
TEST SUITE: None
namespace "test-cluster-update-0-5-1" deleted

test_operator_updates.py::test_cluster_update[1.0.0] namespace/test-cluster-update-1-0-0 created
release "seldon" uninstalled
customresourcedefinition.apiextensions.k8s.io "seldondeployments.machinelearning.seldon.io" deleted
NAME: seldon
LAST DEPLOYED: Mon Mar  2 14:34:23 2020
NAMESPACE: seldon-system
STATUS: deployed
REVISION: 1
TEST SUITE: None
seldondeployment.machinelearning.seldon.io/mymodel created
ldon-controller-manager-66bbb9fc44-cpwcb   1/1     Running             0          5s


PODS UPDATE: test-cluster-update-0-5-1   mymodel-mymodel-e2eb561-fbb6f756f-gzsf6      0/2     Pending             0          0s


PODS UPDATE: test-cluster-update-0-5-1   mymodel-mymodel-e2eb561-fbb6f756f-gzsf6      0/2     Pending             0          0s


PODS UPDATE: test-cluster-update-0-5-1   mymodel-mymodel-e2eb561-fbb6f756f-gzsf6      0/2     ContainerCreating   0          0s


PODS UPDATE: test-cluster-update-0-5-1   mymodel-mymodel-e2eb561-fbb6f756f-gzsf6      0/2     Running             0          9s


PODS UPDATE: test-cluster-update-0-5-1   mymodel-mymodel-e2eb561-fbb6f756f-gzsf6      1/2     Running             0          21s


PODS UPDATE: test-cluster-update-0-5-1   mymodel-mymodel-e2eb561-fbb6f756f-gzsf6      2/2     Running             0          30s


PODS UPDATE: seldon-system               seldon-controller-manager-84547854f5-ghmx2   0/1     Pending             0          0s


PODS UPDATE: seldon-system               seldon-controller-manager-84547854f5-ghmx2   0/1     Pending             0          0s


PODS UPDATE: seldon-system               seldon-controller-manager-84547854f5-ghmx2   0/1     ContainerCreating   0          0s


PODS UPDATE: seldon-system               seldon-controller-manager-84547854f5-ghmx2   1/1     Running             0          1s


PODS UPDATE: seldon-system               seldon-controller-manager-66bbb9fc44-cpwcb   1/1     Terminating         0          57s


PODS UPDATE: seldon-system               seldon-controller-manager-66bbb9fc44-cpwcb   0/1     Terminating         0          58s


PODS UPDATE: seldon-system               seldon-controller-manager-84547854f5-ghmx2   1/1     Terminating         0          3s


PODS UPDATE: test-cluster-update-0-5-1   mymodel-mymodel-e2eb561-fbb6f756f-gzsf6      2/2     Terminating         0          36s


PODS UPDATE: seldon-system               seldon-controller-manager-84547854f5-ghmx2   0/1     Terminating         0          4s


PODS UPDATE: seldon-system               seldon-controller-manager-84547854f5-n8rg9   0/1     Pending             0          0s


PODS UPDATE: seldon-system               seldon-controller-manager-84547854f5-n8rg9   0/1     Pending             0          0s


PODS UPDATE: seldon-system               seldon-controller-manager-84547854f5-n8rg9   0/1     ContainerCreating   0          0s


PODS UPDATE: seldon-system               seldon-controller-manager-84547854f5-n8rg9   1/1     Running             0          2s


PODS UPDATE: seldon-system               seldon-controller-manager-84547854f5-ghmx2   0/1     Terminating         0          7s


PODS UPDATE: seldon-system               seldon-controller-manager-84547854f5-ghmx2   0/1     Terminating         0          7s


PODS UPDATE: seldon-system               seldon-controller-manager-66bbb9fc44-cpwcb   0/1     Terminating         0          63s


PODS UPDATE: seldon-system               seldon-controller-manager-66bbb9fc44-cpwcb   0/1     Terminating         0          63s


PODS UPDATE: test-cluster-update-0-5-1   mymodel-mymodel-e2eb561-fbb6f756f-gzsf6      1/2     Terminating         0          50s


PODS UPDATE: test-cluster-update-0-5-1   mymodel-mymodel-e2eb561-fbb6f756f-gzsf6      0/2     Terminating         0          57s


PODS UPDATE: test-cluster-update-0-5-1   mymodel-mymodel-e2eb561-fbb6f756f-gzsf6      0/2     Terminating         0          57s


PODS UPDATE: test-cluster-update-0-5-1   mymodel-mymodel-e2eb561-fbb6f756f-gzsf6      0/2     Terminating         0          60s


PODS UPDATE: test-cluster-update-0-5-1   mymodel-mymodel-e2eb561-fbb6f756f-gzsf6      0/2     Terminating         0          60s


PODS UPDATE: seldon-system               seldon-controller-manager-84547854f5-n8rg9   1/1     Terminating         0          25s


PODS UPDATE: seldon-system               seldon-controller-manager-84547854f5-n8rg9   0/1     Terminating         0          26s


PODS UPDATE: seldon-system               seldon-controller-manager-6f6c4dfbc8-f78z4   0/1     Pdeployment "mymodel-mymodel-e2eb561" successfully rolled out
Release "seldon" has been upgraded. Happy Helming!
NAME: seldon
LAST DEPLOYED: Mon Mar  2 14:35:24 2020
NAMESPACE: seldon-system
STATUS: deployed
REVISION: 2
TEST SUITE: None
PASSEDrelease "seldon" uninstalled
customresourcedefinition.apiextensions.k8s.io "seldondeployments.machinelearning.seldon.io" deleted
NAME: seldon
LAST DEPLOYED: Mon Mar  2 14:35:28 2020
NAMESPACE: seldon-system
STATUS: deployed
REVISION: 1
TEST SUITE: None
namespace "test-cluster-update-1-0-0" deleted

test_operator_updates.py::test_cluster_update[1.0.1] namespace/test-cluster-update-1-0-1 created
release "seldon" uninstalled
customresourcedefinition.apiextensions.k8s.io "seldondeployments.machinelearning.seldon.io" deleted
NAME: seldon
LAST DEPLOYED: Mon Mar  2 14:36:03 2020
NAMESPACE: seldon-system
STATUS: deployed
REVISION: 1
TEST SUITE: None
Error from server (InternalError): error when creating "../resources/graph1.json": Internal error occurred: failed calling webhook "mseldondeployment.kb.io": Post https://seldon-webhook-service.seldon-system.svc:443/mutate-machinelearning-seldon-io-v1alpha2-seldondeployment?timeout=30s: dial tcp 10.102.167.29:443: connect: connection refused
seldondeployment.machinelearning.seldon.io/mymodel created
ending             0          0s


PODS UPDATE: seldon-system               seldon-controller-manager-6f6c4dfbc8-f78z4   0/1     Pending             0          0s


PODS UPDATE: seldon-system               seldon-controller-manager-6f6c4dfbc8-f78z4   0/1     ContainerCreating   0          0s


PODS UPDATE: seldon-system               seldon-controller-manager-6f6c4dfbc8-f78z4   1/1     Running             0          5s


PODS UPDATE: seldon-system               seldon-controller-manager-84547854f5-n8rg9   0/1     Terminating         0          33s


PODS UPDATE: seldon-system               seldon-controller-manager-84547854f5-n8rg9   0/1     Terminating         0          33s


PODS UPDATE: test-cluster-update-1-0-0   mymodel-mymodel-e2eb561-df56cfcf8-t8scr      0/2     Pending             0          0s


PODS UPDATE: test-cluster-update-1-0-0   mymodel-mymodel-e2eb561-df56cfcf8-t8scr      0/2     Pending             0          0s


PODS UPDATE: test-cluster-update-1-0-0   mymodel-mymodel-e2eb561-df56cfcf8-t8scr      0/2     ContainerCreating   0          0s


PODS UPDATE: test-cluster-update-1-0-0   mymodel-mymodel-e2eb561-df56cfcf8-t8scr      0/2     Running             0          9s


PODS UPDATE: test-cluster-update-1-0-0   mymodel-mymodel-e2eb561-df56cfcf8-t8scr      1/2     Running             0          24s


PODS UPDATE: test-cluster-update-1-0-0   mymodel-mymodel-e2eb561-df56cfcf8-t8scr      2/2     Running             0          32s


PODS UPDATE: seldon-system               seldon-controller-manager-84547854f5-xk4d4   0/1     Pending             0          0s


PODS UPDATE: seldon-system               seldon-controller-manager-84547854f5-xk4d4   0/1     Pending             0          0s


PODS UPDATE: seldon-system               seldon-controller-manager-84547854f5-xk4d4   0/1     ContainerCreating   0          0s


PODS UPDATE: seldon-system               seldon-controller-manager-84547854f5-xk4d4   1/1     Running             0          1s


PODS UPDATE: seldon-system               seldon-controller-manager-6f6c4dfbc8-f78z4   1/1     Terminating         0          62s


PODS UPDATE: seldon-system               seldon-controller-manager-6f6c4dfbc8-f78z4   0/1     Terminating         0          63s


PODS UPDATE: seldon-system               seldon-controller-manager-84547854f5-xk4d4   1/1     Terminating         0          2s


PODS UPDATE: test-cluster-update-1-0-0   mymodel-mymodel-e2eb561-df56cfcf8-t8scr      2/2     Terminating         0          40s


PODS UPDATE: seldon-system               seldon-controller-manager-84547854f5-xk4d4   0/1     Terminating         0          4s


PODS UPDATE: seldon-system               seldon-controller-manager-84547854f5-77lcc   0/1     Pending             0          0s


PODS UPDATE: seldon-system               seldon-controller-manager-84547854f5-77lcc   0/1     Pending             0          0s


PODS UPDATE: seldon-system               seldon-controller-manager-84547854f5-77lcc   0/1     ContainerCreating   0          0s


PODS UPDATE: seldon-system               seldon-controller-manager-84547854f5-xk4d4   0/1     Terminating         0          5s


PODS UPDATE: seldon-system               seldon-controller-manager-6f6c4dfbc8-f78z4   0/1     Terminating         0          66s


PODS UPDATE: seldon-system               seldon-controller-manager-6f6c4dfbc8-f78z4   0/1     Terminating         0          66s


PODS UPDATE: seldon-system               seldon-controller-manager-84547854f5-77lcc   1/1     Running             0          2s


PODS UPDATE: seldon-system               seldon-controller-manager-84547854f5-xk4d4   0/1     Terminating         0          15s


PODS UPDATE: seldon-system               seldon-controller-manager-84547854f5-xk4d4   0/1     Terminating         0          15s


PODS UPDATE: test-cluster-update-1-0-0   mymodel-mymodel-e2eb561-df56cfcf8-t8scr      0/2     Terminating         0          61s


PODS UPDATE: test-cluster-update-1-0-0   mymodel-mymodel-e2eb561-df56cfcf8-t8scr      0/2     Terminating         0          61s


PODS UPDATE: test-deployment "mymodel-mymodel-e2eb561" successfully rolled out
Release "seldon" has been upgraded. Happy Helming!
NAME: seldon
LAST DEPLOYED: Mon Mar  2 14:37:04 2020
NAMESPACE: seldon-system
STATUS: deployed
REVISION: 2
TEST SUITE: None
PASSEDrelease "seldon" uninstalled
customresourcedefinition.apiextensions.k8s.io "seldondeployments.machinelearning.seldon.io" deleted
NAME: seldon
LAST DEPLOYED: Mon Mar  2 14:37:09 2020
NAMESPACE: seldon-system
STATUS: deployed
REVISION: 1
TEST SUITE: None
namespace "test-cluster-update-1-0-1" deleted

test_operator_updates.py::test_namespace_update[1.0.0] namespace/test-namespace-update-1-0-0 created
release "seldon" uninstalled
customresourcedefinition.apiextensions.k8s.io "seldondeployments.machinelearning.seldon.io" deleted
NAME: seldon
LAST DEPLOYED: Mon Mar  2 14:37:35 2020
NAMESPACE: seldon-system
STATUS: deployed
REVISION: 1
TEST SUITE: None
seldondeployment.machinelearning.seldon.io/mymodel created
cluster-update-1-0-0   mymodel-mymodel-e2eb561-df56cfcf8-t8scr      0/2     Terminating         0          72s


PODS UPDATE: test-cluster-update-1-0-0   mymodel-mymodel-e2eb561-df56cfcf8-t8scr      0/2     Terminating         0          72s


PODS UPDATE: seldon-system               seldon-controller-manager-84547854f5-77lcc   1/1     Terminating         0          33s


PODS UPDATE: seldon-system               seldon-controller-manager-84547854f5-77lcc   0/1     Terminating         0          33s


PODS UPDATE: seldon-system               seldon-controller-manager-84547854f5-77lcc   0/1     Terminating         0          34s


PODS UPDATE: seldon-system               seldon-controller-manager-84547854f5-77lcc   0/1     Terminating         0          34s


PODS UPDATE: seldon-system               seldon-controller-manager-5dd5ffc74d-fwdn8   0/1     Pending             0          0s


PODS UPDATE: seldon-system               seldon-controller-manager-5dd5ffc74d-fwdn8   0/1     Pending             0          0s


PODS UPDATE: seldon-system               seldon-controller-manager-5dd5ffc74d-fwdn8   0/1     ContainerCreating   0          0s


PODS UPDATE: seldon-system               seldon-controller-manager-5dd5ffc74d-fwdn8   1/1     Running             0          5s


PODS UPDATE: test-cluster-update-1-0-1   mymodel-mymodel-e2eb561-c97b7999d-7lssb      0/2     Pending             0          0s


PODS UPDATE: test-cluster-update-1-0-1   mymodel-mymodel-e2eb561-c97b7999d-7lssb      0/2     Pending             0          0s


PODS UPDATE: test-cluster-update-1-0-1   mymodel-mymodel-e2eb561-c97b7999d-7lssb      0/2     ContainerCreating   0          0s


PODS UPDATE: test-cluster-update-1-0-1   mymodel-mymodel-e2eb561-c97b7999d-7lssb      0/2     Running             0          10s


PODS UPDATE: test-cluster-update-1-0-1   mymodel-mymodel-e2eb561-c97b7999d-7lssb      1/2     Running             0          25s


PODS UPDATE: test-cluster-update-1-0-1   mymodel-mymodel-e2eb561-c97b7999d-7lssb      2/2     Running             0          30s


PODS UPDATE: seldon-system               seldon-controller-manager-84547854f5-fqp6r   0/1     Pending             0          0s


PODS UPDATE: seldon-system               seldon-controller-manager-84547854f5-fqp6r   0/1     Pending             0          0s


PODS UPDATE: seldon-system               seldon-controller-manager-84547854f5-fqp6r   0/1     ContainerCreating   0          0s


PODS UPDATE: seldon-system               seldon-controller-manager-84547854f5-fqp6r   1/1     Running             0          1s


PODS UPDATE: seldon-system               seldon-controller-manager-5dd5ffc74d-fwdn8   1/1     Terminating         0          63s


PODS UPDATE: seldon-system               seldon-controller-manager-5dd5ffc74d-fwdn8   0/1     Terminating         0          64s


PODS UPDATE: seldon-system               seldon-controller-manager-84547854f5-fqp6r   1/1     Terminating         0          4s


PODS UPDATE: test-cluster-update-1-0-1   mymodel-mymodel-e2eb561-c97b7999d-7lssb      2/2     Terminating         0          42s


PODS UPDATE: seldon-system               seldon-controller-manager-84547854f5-fqp6r   0/1     Terminating         0          4s


PODS UPDATE: seldon-system               seldon-controller-manager-84547854f5-njwvh   0/1     Pending             0          0s


PODS UPDATE: seldon-system               seldon-controller-manager-84547854f5-njwvh   0/1     Pending             0          0s


PODS UPDATE: seldon-system               seldon-controller-manager-84547854f5-njwvh   0/1     ContainerCreating   0          0s


PODS UPDATE: seldon-system               seldon-controller-manager-84547854f5-njwvh   1/1     Running             0          0s


PODS UPDATE: seldon-system               seldon-controller-manager-5dd5ffc74d-fwdn8   0/1     Terminating         0          67s


PODS UPDATE: seldon-system               seldon-controller-manager-5dd5ffc74d-fwdn8   0/1     Terminating         0          67s


PODS UPDATE: seldon-system               seldon-controller-manager-845deployment "mymodel-mymodel-e2eb561" successfully rolled out
namespace/test-namespace-update-1-0-0 labeled
NAME: seldon
LAST DEPLOYED: Mon Mar  2 14:38:23 2020
NAMESPACE: test-namespace-update-1-0-0
STATUS: deployed
REVISION: 1
TEST SUITE: None
deployment "mymodel-mymodel-e2eb561" successfully rolled out
PASSEDrelease "seldon" uninstalled
customresourcedefinition.apiextensions.k8s.io "seldondeployments.machinelearning.seldon.io" deleted
NAME: seldon
LAST DEPLOYED: Mon Mar  2 14:38:53 2020
NAMESPACE: seldon-system
STATUS: deployed
REVISION: 1
TEST SUITE: None
namespace "test-namespace-update-1-0-0" deleted
47854f5-fqp6r   0/1     Terminating         0          15s


PODS UPDATE: seldon-system               seldon-controller-manager-84547854f5-fqp6r   0/1     Terminating         0          15s


PODS UPDATE: test-cluster-update-1-0-1   mymodel-mymodel-e2eb561-c97b7999d-7lssb      0/2     Terminating         0          62s


PODS UPDATE: test-cluster-update-1-0-1   mymodel-mymodel-e2eb561-c97b7999d-7lssb      0/2     Terminating         0          63s


PODS UPDATE: test-cluster-update-1-0-1   mymodel-mymodel-e2eb561-c97b7999d-7lssb      0/2     Terminating         0          63s


PODS UPDATE: test-cluster-update-1-0-1   mymodel-mymodel-e2eb561-c97b7999d-7lssb      0/2     Terminating         0          63s


PODS UPDATE: seldon-system               seldon-controller-manager-84547854f5-njwvh   1/1     Terminating         0          25s


PODS UPDATE: seldon-system               seldon-controller-manager-6f6c4dfbc8-5q6b5   0/1     Pending             0          0s


PODS UPDATE: seldon-system               seldon-controller-manager-6f6c4dfbc8-5q6b5   0/1     Pending             0          0s


PODS UPDATE: seldon-system               seldon-controller-manager-6f6c4dfbc8-5q6b5   0/1     ContainerCreating   0          0s


PODS UPDATE: seldon-system               seldon-controller-manager-84547854f5-njwvh   0/1     Terminating         0          26s


PODS UPDATE: seldon-system               seldon-controller-manager-6f6c4dfbc8-5q6b5   1/1     Running             0          2s


PODS UPDATE: seldon-system               seldon-controller-manager-84547854f5-njwvh   0/1     Terminating         0          30s


PODS UPDATE: seldon-system               seldon-controller-manager-84547854f5-njwvh   0/1     Terminating         0          30s


PODS UPDATE: test-namespace-update-1-0-0   mymodel-mymodel-e2eb561-bfddd67ff-bjvm8      0/2     Pending             0          0s


PODS UPDATE: test-namespace-update-1-0-0   mymodel-mymodel-e2eb561-bfddd67ff-bjvm8      0/2     Pending             0          0s


PODS UPDATE: test-namespace-update-1-0-0   mymodel-mymodel-e2eb561-bfddd67ff-bjvm8      0/2     ContainerCreating   0          0s


PODS UPDATE: test-namespace-update-1-0-0   mymodel-mymodel-e2eb561-bfddd67ff-bjvm8      0/2     Running             0          2s


PODS UPDATE: test-namespace-update-1-0-0   mymodel-mymodel-e2eb561-bfddd67ff-bjvm8      1/2     Running             0          22s


PODS UPDATE: test-namespace-update-1-0-0   mymodel-mymodel-e2eb561-bfddd67ff-bjvm8      2/2     Running             0          22s


PODS UPDATE: test-namespace-update-1-0-0   seldon-controller-manager-5f55f5c86b-796mf   0/1     Pending             0          0s


PODS UPDATE: test-namespace-update-1-0-0   seldon-controller-manager-5f55f5c86b-796mf   0/1     Pending             0          0s


PODS UPDATE: test-namespace-update-1-0-0   seldon-controller-manager-5f55f5c86b-796mf   0/1     ContainerCreating   0          0s


PODS UPDATE: test-namespace-update-1-0-0   seldon-controller-manager-5f55f5c86b-796mf   1/1     Running             0          2s


PODS UPDATE: test-namespace-update-1-0-0   mymodel-mymodel-e2eb561-786bdf7755-8n89z     0/2     Pending             0          0s


PODS UPDATE: test-namespace-update-1-0-0   mymodel-mymodel-e2eb561-786bdf7755-8n89z     0/2     Pending             0          0s


PODS UPDATE: test-namespace-update-1-0-0   mymodel-mymodel-e2eb561-786bdf7755-8n89z     0/2     ContainerCreating   0          0s


PODS UPDATE: test-namespace-update-1-0-0   mymodel-mymodel-e2eb561-786bdf7755-8n89z     0/2     Running             0          2s


PODS UPDATE: test-namespace-update-1-0-0   mymodel-mymodel-e2eb561-786bdf7755-8n89z     1/2     Running             0          21s


PODS UPDATE: test-namespace-update-1-0-0   mymodel-mymodel-e2eb561-786bdf7755-8n89z     2/2     Running             0          23s


PODS UPDATE: test-namespace-update-1-0-0   mymodel-mymodel-e2eb561-bfddd67ff-bjvm8      2/2     Terminating         0          52s


PODS UPDATE: seldon-system                 seldon-controller-manager-6f6c4dfbc8-5q6b5  
test_operator_updates.py::test_namespace_update[1.0.1] namespace/test-namespace-update-1-0-1 created
release "seldon" uninstalled
customresourcedefinition.apiextensions.k8s.io "seldondeployments.machinelearning.seldon.io" deleted
NAME: seldon
LAST DEPLOYED: Mon Mar  2 14:39:22 2020
NAMESPACE: seldon-system
STATUS: deployed
REVISION: 1
TEST SUITE: None
seldondeployment.machinelearning.seldon.io/mymodel created
deployment "mymodel-mymodel-e2eb561" successfully rolled out
namespace/test-namespace-update-1-0-1 labeled
NAME: seldon
LAST DEPLOYED: Mon Mar  2 14:40:10 2020
NAMESPACE: test-namespace-update-1-0-1
STATUS: deployed
REVISION: 1
TEST SUITE: None
Waiting for deployment "mymodel-mymodel-e2eb561" rollout to finish: 1 old replicas are pending termination...
Waiting for deployment "mymodel-mymodel-e2eb561" rollout to finish: 1 old replicas are pending termination...
deployment "mymodel-mymodel-e2eb561" successfully rolled out
PASSEDrelease "seldon" uninstalled
customresourcedefinition.apiextensions.k8s.io "seldondeployments.machinelearning.seldon.io" deleted
 1/1     Terminating         0          76s


PODS UPDATE: test-namespace-update-1-0-0   mymodel-mymodel-e2eb561-786bdf7755-8n89z     2/2     Terminating         0          27s


PODS UPDATE: seldon-system                 seldon-controller-manager-6f6c4dfbc8-5q6b5   0/1     Terminating         0          78s


PODS UPDATE: seldon-system                 seldon-controller-manager-84547854f5-**r4g   0/1     Pending             0          0s


PODS UPDATE: seldon-system                 seldon-controller-manager-84547854f5-**r4g   0/1     Pending             0          0s


PODS UPDATE: seldon-system                 seldon-controller-manager-84547854f5-**r4g   0/1     ContainerCreating   0          0s


PODS UPDATE: seldon-system                 seldon-controller-manager-6f6c4dfbc8-5q6b5   0/1     Terminating         0          79s


PODS UPDATE: seldon-system                 seldon-controller-manager-6f6c4dfbc8-5q6b5   0/1     Terminating         0          79s


PODS UPDATE: seldon-system                 seldon-controller-manager-84547854f5-**r4g   1/1     Running             0          2s


PODS UPDATE: test-namespace-update-1-0-0   seldon-controller-manager-5f55f5c86b-796mf   1/1     Terminating         0          38s


PODS UPDATE: test-namespace-update-1-0-0   seldon-controller-manager-5f55f5c86b-796mf   0/1     Terminating         0          39s


PODS UPDATE: test-namespace-update-1-0-0   mymodel-mymodel-e2eb561-786bdf7755-8n89z     1/2     Terminating         0          38s


PODS UPDATE: test-namespace-update-1-0-0   seldon-controller-manager-5f55f5c86b-796mf   0/1     Terminating         0          46s


PODS UPDATE: test-namespace-update-1-0-0   seldon-controller-manager-5f55f5c86b-796mf   0/1     Terminating         0          46s


PODS UPDATE: test-namespace-update-1-0-0   mymodel-mymodel-e2eb561-bfddd67ff-bjvm8      0/2     Terminating         0          74s


PODS UPDATE: test-namespace-update-1-0-0   mymodel-mymodel-e2eb561-786bdf7755-8n89z     0/2     Terminating         0          48s


PODS UPDATE: test-namespace-update-1-0-0   mymodel-mymodel-e2eb561-786bdf7755-8n89z     0/2     Terminating         0          49s


PODS UPDATE: test-namespace-update-1-0-0   mymodel-mymodel-e2eb561-786bdf7755-8n89z     0/2     Terminating         0          49s


PODS UPDATE: test-namespace-update-1-0-0   mymodel-mymodel-e2eb561-bfddd67ff-bjvm8      0/2     Terminating         0          83s


PODS UPDATE: test-namespace-update-1-0-0   mymodel-mymodel-e2eb561-bfddd67ff-bjvm8      0/2     Terminating         0          83s


PODS UPDATE: seldon-system                 seldon-controller-manager-84547854f5-**r4g   1/1     Terminating         0          27s


PODS UPDATE: seldon-system                 seldon-controller-manager-84547854f5-**r4g   0/1     Terminating         0          28s


PODS UPDATE: seldon-system                 seldon-controller-manager-84547854f5-**r4g   0/1     Terminating         0          29s


PODS UPDATE: seldon-system                 seldon-controller-manager-84547854f5-**r4g   0/1     Terminating         0          29s


PODS UPDATE: seldon-system                 seldon-controller-manager-5dd5ffc74d-bkmt9   0/1     Pending             0          1s


PODS UPDATE: seldon-system                 seldon-controller-manager-5dd5ffc74d-bkmt9   0/1     Pending             0          1s


PODS UPDATE: seldon-system                 seldon-controller-manager-5dd5ffc74d-bkmt9   0/1     ContainerCreating   0          1s


PODS UPDATE: seldon-system                 seldon-controller-manager-5dd5ffc74d-bkmt9   1/1     Running             0          3s


PODS UPDATE: test-namespace-update-1-0-1   mymodel-mymodel-e2eb561-74f48678d7-jnrj9     0/2     Pending             0          0s


PODS UPDATE: test-namespace-update-1-0-1   mymodel-mymodel-e2eb561-74f48678d7-jnrj9     0/2     Pending             0          0s


PODS UPDATE: test-namespace-update-1-0-1   mymodel-mymodel-e2eb561-74f48678d7-jnrj9     0/2     ContainerCreating   0          0s


PODS UPDATE: test-namespace-update-1-0-1   mymodel-mymodel-e2eb561-74f4NAME: seldon
LAST DEPLOYED: Mon Mar  2 14:40:39 2020
NAMESPACE: seldon-system
STATUS: deployed
REVISION: 1
TEST SUITE: None
namespace "test-namespace-update-1-0-1" deleted

test_operator_updates.py::test_label_update[1.0.0] namespace/test-label-update-1-0-0 created
release "seldon" uninstalled
customresourcedefinition.apiextensions.k8s.io "seldondeployments.machinelearning.seldon.io" deleted
NAME: seldon
LAST DEPLOYED: Mon Mar  2 14:41:14 2020
NAMESPACE: seldon-system
STATUS: deployed
REVISION: 1
TEST SUITE: None
Error from server (InternalError): error when creating "../resources/graph1.json": Internal error occurred: failed calling webhook "mseldondeployment.kb.io": Post https://seldon-webhook-service.seldon-system.svc:443/mutate-machinelearning-seldon-io-v1alpha2-seldondeployment?timeout=30s: dial tcp 10.107.222.162:443: connect: connection refused
seldondeployment.machinelearning.seldon.io/mymodel created
deployment "mymodel-mymodel-e2eb561" successfully rolled out
NAME: seldon-test-label-update-1-0-0
LAST DEPLOYED: Mon Mar  2 14:42:05 2020
NAMESPACE: test-label-update-1-0-0
STATUS: deployed
REVISION: 1
TEST SUITE: None
seldondeployment.machinelearning.seldon.io/mymodel labeled
Waiting for deployment "mymodel-mymodel-e2eb561" rollout to finish: 1 old replicas are pending termination...
8678d7-jnrj9     0/2     Running             0          2s


PODS UPDATE: test-namespace-update-1-0-1   mymodel-mymodel-e2eb561-74f48678d7-jnrj9     1/2     Running             0          22s


PODS UPDATE: test-namespace-update-1-0-1   mymodel-mymodel-e2eb561-74f48678d7-jnrj9     2/2     Running             0          25s


PODS UPDATE: test-namespace-update-1-0-1   seldon-controller-manager-89b9686f5-9ns57    0/1     Pending             0          0s


PODS UPDATE: test-namespace-update-1-0-1   seldon-controller-manager-89b9686f5-9ns57    0/1     Pending             0          0s


PODS UPDATE: test-namespace-update-1-0-1   seldon-controller-manager-89b9686f5-9ns57    0/1     ContainerCreating   0          0s


PODS UPDATE: test-namespace-update-1-0-1   seldon-controller-manager-89b9686f5-9ns57    1/1     Running             0          2s


PODS UPDATE: test-namespace-update-1-0-1   mymodel-mymodel-e2eb561-58d9b5b6cd-wxlch     0/2     Pending             0          0s


PODS UPDATE: test-namespace-update-1-0-1   mymodel-mymodel-e2eb561-58d9b5b6cd-wxlch     0/2     Pending             0          0s


PODS UPDATE: test-namespace-update-1-0-1   mymodel-mymodel-e2eb561-58d9b5b6cd-wxlch     0/2     ContainerCreating   0          0s


PODS UPDATE: test-namespace-update-1-0-1   mymodel-mymodel-e2eb561-58d9b5b6cd-wxlch     0/2     Running             0          2s


PODS UPDATE: test-namespace-update-1-0-1   mymodel-mymodel-e2eb561-58d9b5b6cd-wxlch     1/2     Running             0          21s


PODS UPDATE: test-namespace-update-1-0-1   mymodel-mymodel-e2eb561-58d9b5b6cd-wxlch     2/2     Running             0          25s


PODS UPDATE: test-namespace-update-1-0-1   mymodel-mymodel-e2eb561-74f48678d7-jnrj9     2/2     Terminating         0          55s


PODS UPDATE: seldon-system                 seldon-controller-manager-5dd5ffc74d-bkmt9   1/1     Terminating         0          76s


PODS UPDATE: test-namespace-update-1-0-1   mymodel-mymodel-e2eb561-58d9b5b6cd-wxlch     2/2     Terminating         0          26s


PODS UPDATE: seldon-system                 seldon-controller-manager-5dd5ffc74d-bkmt9   0/1     Terminating         0          77s


PODS UPDATE: seldon-system                 seldon-controller-manager-84547854f5-gmjql   0/1     Pending             0          0s


PODS UPDATE: seldon-system                 seldon-controller-manager-84547854f5-gmjql   0/1     Pending             0          0s


PODS UPDATE: seldon-system                 seldon-controller-manager-84547854f5-gmjql   0/1     ContainerCreating   0          0s


PODS UPDATE: seldon-system                 seldon-controller-manager-5dd5ffc74d-bkmt9   0/1     Terminating         0          78s


PODS UPDATE: seldon-system                 seldon-controller-manager-5dd5ffc74d-bkmt9   0/1     Terminating         0          78s


PODS UPDATE: seldon-system                 seldon-controller-manager-84547854f5-gmjql   1/1     Running             0          2s


PODS UPDATE: test-namespace-update-1-0-1   seldon-controller-manager-89b9686f5-9ns57    1/1     Terminating         0          37s


PODS UPDATE: test-namespace-update-1-0-1   seldon-controller-manager-89b9686f5-9ns57    0/1     Terminating         0          38s


PODS UPDATE: test-namespace-update-1-0-1   mymodel-mymodel-e2eb561-58d9b5b6cd-wxlch     1/2     Terminating         0          40s


PODS UPDATE: test-namespace-update-1-0-1   mymodel-mymodel-e2eb561-74f48678d7-jnrj9     0/2     Terminating         0          76s


PODS UPDATE: test-namespace-update-1-0-1   mymodel-mymodel-e2eb561-58d9b5b6cd-wxlch     0/2     Terminating         0          47s


PODS UPDATE: test-namespace-update-1-0-1   mymodel-mymodel-e2eb561-58d9b5b6cd-wxlch     0/2     Terminating         0          47s


PODS UPDATE: test-namespace-update-1-0-1   seldon-controller-manager-89b9686f5-9ns57    0/1     Terminating         0          49s


PODS UPDATE: test-namespace-update-1-0-1   seldon-controller-manager-89b9686f5-9ns57    0/1     Terminating         0          49s


PODS UPDATE: test-namespace-update-1-0-1   mymodel-mymodeWaiting for deployment "mymodel-mymodel-e2eb561" rollout to finish: 1 old replicas are pending termination...
deployment "mymodel-mymodel-e2eb561" successfully rolled out
release "seldon-test-label-update-1-0-0" uninstalled
PASSEDrelease "seldon" uninstalled
customresourcedefinition.apiextensions.k8s.io "seldondeployments.machinelearning.seldon.io" deleted
NAME: seldon
LAST DEPLOYED: Mon Mar  2 14:42:35 2020
NAMESPACE: seldon-system
STATUS: deployed
REVISION: 1
TEST SUITE: None
namespace "test-label-update-1-0-0" deleted

test_operator_updates.py::test_label_update[1.0.1] namespace/test-label-update-1-0-1 created
release "seldon" uninstalled
customresourcedefinition.apiextensions.k8s.io "seldondeployments.machinelearning.seldon.io" deleted
NAME: seldon
LAST DEPLOYED: Mon Mar  2 14:43:02 2020
NAMESPACE: seldon-system
STATUS: deployed
REVISION: 1
TEST SUITE: None
Error from server (InternalError): error when creating "../resources/graph1.json": Internal error occurred: failed calling webhook "mseldondeployment.kb.io": Post https://seldon-webhook-service.seldon-system.svc:443/mutate-machinelearning-seldon-io-v1alpha2-seldondeployment?timeout=30s: dial tcp 10.111.9.180:443: connect: connection refused
seldondeployment.machinelearning.seldon.io/mymodel created
l-e2eb561-74f48678d7-jnrj9     0/2     Terminating         0          87s


PODS UPDATE: test-namespace-update-1-0-1   mymodel-mymodel-e2eb561-74f48678d7-jnrj9     0/2     Terminating         0          87s


PODS UPDATE: test-namespace-update-1-0-1   mymodel-mymodel-e2eb561-58d9b5b6cd-wxlch     0/2     Terminating         0          57s


PODS UPDATE: test-namespace-update-1-0-1   mymodel-mymodel-e2eb561-58d9b5b6cd-wxlch     0/2     Terminating         0          57s


PODS UPDATE: seldon-system                 seldon-controller-manager-84547854f5-gmjql   1/1     Terminating         0          34s


PODS UPDATE: seldon-system                 seldon-controller-manager-84547854f5-gmjql   0/1     Terminating         0          34s


PODS UPDATE: seldon-system                 seldon-controller-manager-6f6c4dfbc8-k9h5w   0/1     Pending             0          0s


PODS UPDATE: seldon-system                 seldon-controller-manager-6f6c4dfbc8-k9h5w   0/1     Pending             0          0s


PODS UPDATE: seldon-system                 seldon-controller-manager-6f6c4dfbc8-k9h5w   0/1     ContainerCreating   0          0s


PODS UPDATE: seldon-system                 seldon-controller-manager-84547854f5-gmjql   0/1     Terminating         0          35s


PODS UPDATE: seldon-system                 seldon-controller-manager-84547854f5-gmjql   0/1     Terminating         0          35s


PODS UPDATE: seldon-system                 seldon-controller-manager-6f6c4dfbc8-k9h5w   1/1     Running             0          1s


PODS UPDATE: test-label-update-1-0-0       mymodel-mymodel-e2eb561-7574577f98-rrzz4     0/2     Pending             0          0s


PODS UPDATE: test-label-update-1-0-0       mymodel-mymodel-e2eb561-7574577f98-rrzz4     0/2     Pending             0          0s


PODS UPDATE: test-label-update-1-0-0       mymodel-mymodel-e2eb561-7574577f98-rrzz4     0/2     ContainerCreating   0          0s


PODS UPDATE: test-label-update-1-0-0       mymodel-mymodel-e2eb561-7574577f98-rrzz4     0/2     Running             0          1s


PODS UPDATE: test-label-update-1-0-0       mymodel-mymodel-e2eb561-7574577f98-rrzz4     1/2     Running             0          20s


PODS UPDATE: test-label-update-1-0-0       mymodel-mymodel-e2eb561-7574577f98-rrzz4     2/2     Running             0          24s


PODS UPDATE: test-label-update-1-0-0       seldon-controller-manager-54fdbbcfbc-dng4d   0/1     Pending             0          0s


PODS UPDATE: test-label-update-1-0-0       seldon-controller-manager-54fdbbcfbc-dng4d   0/1     Pending             0          0s


PODS UPDATE: test-label-update-1-0-0       seldon-controller-manager-54fdbbcfbc-dng4d   0/1     ContainerCreating   0          0s


PODS UPDATE: test-label-update-1-0-0       seldon-controller-manager-54fdbbcfbc-dng4d   1/1     Running             0          1s


PODS UPDATE: test-label-update-1-0-0       mymodel-mymodel-e2eb561-5bb55b6878-bgmtj     0/2     Pending             0          0s


PODS UPDATE: test-label-update-1-0-0       mymodel-mymodel-e2eb561-5bb55b6878-bgmtj     0/2     Pending             0          0s


PODS UPDATE: test-label-update-1-0-0       mymodel-mymodel-e2eb561-5bb55b6878-bgmtj     0/2     ContainerCreating   0          0s


PODS UPDATE: test-label-update-1-0-0       mymodel-mymodel-e2eb561-5bb55b6878-bgmtj     0/2     Running             0          1s


PODS UPDATE: test-label-update-1-0-0       mymodel-mymodel-e2eb561-5bb55b6878-bgmtj     1/2     Running             0          25s


PODS UPDATE: test-label-update-1-0-0       mymodel-mymodel-e2eb561-5bb55b6878-bgmtj     2/2     Running             0          25s


PODS UPDATE: test-label-update-1-0-0       mymodel-mymodel-e2eb561-7574577f98-rrzz4     2/2     Terminating         0          58s


PODS UPDATE: test-label-update-1-0-0       seldon-controller-manager-54fdbbcfbc-dng4d   1/1     Terminating         0          27s


PODS UPDATE: seldon-system                 seldon-controller-manager-6f6c4dfbc8-k9h5w   1/1     Terminating         0          79s


PODS UPDATE: test-label-update-1-0-0       seldeployment "mymodel-mymodel-e2eb561" successfully rolled out
NAME: seldon-test-label-update-1-0-1
LAST DEPLOYED: Mon Mar  2 14:43:54 2020
NAMESPACE: test-label-update-1-0-1
STATUS: deployed
REVISION: 1
TEST SUITE: None
seldondeployment.machinelearning.seldon.io/mymodel labeled
Waiting for deployment "mymodel-mymodel-e2eb561" rollout to finish: 1 old replicas are pending termination...
Waiting for deployment "mymodel-mymodel-e2eb561" rollout to finish: 1 old replicas are pending termination...
deployment "mymodel-mymodel-e2eb561" successfully rolled out
release "seldon-test-label-update-1-0-1" uninstalled
PASSEDrelease "seldon" uninstalled
customresourcedefinition.apiextensions.k8s.io "seldondeployments.machinelearning.seldon.io" deleted
NAME: seldon
LAST DEPLOYED: Mon Mar  2 14:44:24 2020
NAMESPACE: seldon-system
STATUS: deployed
REVISION: 1
TEST SUITE: None
namespace "test-label-update-1-0-1" deleted
don-controller-manager-54fdbbcfbc-dng4d   0/1     Terminating         0          28s


PODS UPDATE: test-label-update-1-0-0       mymodel-mymodel-e2eb561-5bb55b6878-bgmtj     2/2     Terminating         0          26s


PODS UPDATE: seldon-system                 seldon-controller-manager-6f6c4dfbc8-k9h5w   0/1     Terminating         0          80s


PODS UPDATE: seldon-system                 seldon-controller-manager-84547854f5-mlvq6   0/1     Pending             0          0s


PODS UPDATE: seldon-system                 seldon-controller-manager-84547854f5-mlvq6   0/1     Pending             0          0s


PODS UPDATE: seldon-system                 seldon-controller-manager-84547854f5-mlvq6   0/1     ContainerCreating   0          0s


PODS UPDATE: seldon-system                 seldon-controller-manager-84547854f5-mlvq6   1/1     Running             0          1s


PODS UPDATE: test-label-update-1-0-0       seldon-controller-manager-54fdbbcfbc-dng4d   0/1     Terminating         0          34s


PODS UPDATE: test-label-update-1-0-0       seldon-controller-manager-54fdbbcfbc-dng4d   0/1     Terminating         0          34s


PODS UPDATE: seldon-system                 seldon-controller-manager-6f6c4dfbc8-k9h5w   0/1     Terminating         0          85s


PODS UPDATE: seldon-system                 seldon-controller-manager-6f6c4dfbc8-k9h5w   0/1     Terminating         0          85s


PODS UPDATE: test-label-update-1-0-0       mymodel-mymodel-e2eb561-5bb55b6878-bgmtj     1/2     Terminating         0          40s


PODS UPDATE: test-label-update-1-0-0       mymodel-mymodel-e2eb561-7574577f98-rrzz4     0/2     Terminating         0          78s


PODS UPDATE: test-label-update-1-0-0       mymodel-mymodel-e2eb561-7574577f98-rrzz4     0/2     Terminating         0          78s


PODS UPDATE: test-label-update-1-0-0       mymodel-mymodel-e2eb561-5bb55b6878-bgmtj     0/2     Terminating         0          47s


PODS UPDATE: test-label-update-1-0-0       mymodel-mymodel-e2eb561-5bb55b6878-bgmtj     0/2     Terminating         0          52s


PODS UPDATE: test-label-update-1-0-0       mymodel-mymodel-e2eb561-5bb55b6878-bgmtj     0/2     Terminating         0          52s


PODS UPDATE: test-label-update-1-0-0       mymodel-mymodel-e2eb561-7574577f98-rrzz4     0/2     Terminating         0          85s


PODS UPDATE: test-label-update-1-0-0       mymodel-mymodel-e2eb561-7574577f98-rrzz4     0/2     Terminating         0          85s


PODS UPDATE: seldon-system                 seldon-controller-manager-84547854f5-mlvq6   1/1     Terminating         0          25s


PODS UPDATE: seldon-system                 seldon-controller-manager-84547854f5-mlvq6   0/1     Terminating         0          26s


PODS UPDATE: seldon-system                 seldon-controller-manager-5dd5ffc74d-pvfrb   0/1     Pending             0          0s


PODS UPDATE: seldon-system                 seldon-controller-manager-5dd5ffc74d-pvfrb   0/1     Pending             0          0s


PODS UPDATE: seldon-system                 seldon-controller-manager-5dd5ffc74d-pvfrb   0/1     ContainerCreating   0          0s


PODS UPDATE: seldon-system                 seldon-controller-manager-5dd5ffc74d-pvfrb   1/1     Running             0          1s


PODS UPDATE: seldon-system                 seldon-controller-manager-84547854f5-mlvq6   0/1     Terminating         0          34s


PODS UPDATE: seldon-system                 seldon-controller-manager-84547854f5-mlvq6   0/1     Terminating         0          34s


PODS UPDATE: test-label-update-1-0-1       mymodel-mymodel-e2eb561-5dddc789c4-nbl9f     0/2     Pending             0          0s


PODS UPDATE: test-label-update-1-0-1       mymodel-mymodel-e2eb561-5dddc789c4-nbl9f     0/2     Pending             0          0s


PODS UPDATE: test-label-update-1-0-1       mymodel-mymodel-e2eb561-5dddc789c4-nbl9f     0/2     ContainerCreating   0          0s


PODS UPDATE: test-label-update-1-0-1       mymodel-mymodel-e2eb561-5dddc789c4-nbl9f     0/2     Running             0          1s


PODS UPDATE: test-label-update-
test_s2i_python.py::TestPythonS2i::test_build_router_rest ---> Installing application source...
Build completed successfully
6f4495fb072c7eed9e98e5d256b426774e24371892274d7a35791b84141334d4
router-rest
PASSED
test_s2i_python.py::TestPythonS2i::test_build_router_grpc ---> Installing application source...
Build completed successfully
537c876d86dc61630a7096843bb83f5111bc32f9a0700de87922ae37acc6ad19
router-grpc
PASSED
test_s2i_python.py::TestPythonS2i::test_build_model_rest ---> Installing application source...
Build completed successfully
954dbad8bdbe454688bda5c4fdbd135e423219d0fc296d3980d53cacc740c12e
model-rest
PASSED
test_s2i_python.py::TestPythonS2i::test_build_model_grpc ---> Installing application source...
Build completed successfully
ab3cecc29ce29a47d1f7fce35bbea25ee08502a179fc3a7d87c1b2c52a09cecb
model-grpc
PASSED
test_s2i_python.py::TestPythonS2i::test_build_transformer_rest ---> Installing application source...
Build completed successfully
d15d9598962ec72db707d92a6c0608e8e5c1f28b83fc4bc66a7d0c78968f5747
transformer-rest
PASSED
test_s2i_python.py::TestPythonS2i::test_build_transformer_grpc ---> Installing application source...
Build completed successfully
4d296d1429b8258bbdeb8e0e8a566334fa80f53af732683b93e3b06729535d35
transformer-grpc
PASSED
test_s2i_python.py::TestPythonS2i::test_build_combiner_rest ---> Installing application source...
Build completed successfully
6ef1d6d9ecbea99e7c8832b6239772977f8649ee44c7c337938c9a153870aac8
combiner-rest
PASSED
test_s2i_python.py::TestPythonS2i::test_build_combiner_grpc ---> Installing application source...
Build completed successfully
79c9d9b195828a03c0467fc7a566c5ac2b0a89a4182f9c0c36a2fb1657cc51dd
combiner-grpc
PASSED
test_s2i_python.py::TestPythonS2iK8s::test_model_rest namespace/test-model-rest created
---> Installing application source...
Build completed successfully
Image: "seldonio/testmodel_rest:0.1" with ID "sha256:732891e6b17eb823e21c52ac037e55ca51bcfdcd33e95fc552172760633b5aca" not present on node "kind-worker"
Image: "seldonio/testmodel_rest:0.1" with ID "sha256:732891e6b17eb823e21c52ac037e55ca51bcfdcd33e95fc552172760633b5aca" not present on node "kind-control-plane"
seldondeployment.machinelearning.seldon.io/mymodel created
deployment "mymodel-mymodel-8715075" successfully rolled out
seldondeployment.machinelearning.seldon.io "mymodel" deleted
PASSEDnamespace "test-model-rest" deleted

test_s2i_python.py::TestPythonS2iK8s::test_model_rest_non200 namespace/test-model-rest-non200 created
---> Installing application source...
Build completed successfully
Image: "seldonio/testmodel_rest_non200:0.1" with ID "sha256:57cd6af00c0e8ec0a260e9467e6f84b3ca27fa8cd30ac31600b2f292b0a5bd29" not present on node "kind-worker"
Image: "seldonio/testmodel_rest_non200:0.1" with ID "sha256:57cd6af00c0e8ec0a260e9467e6f84b3ca27fa8cd30ac31600b2f292b0a5bd29" not present on node "kind-control-plane"
seldondeployment.machinelearning.seldon.io/mymodel created
deployment "mymodel-mymodel-4e3d66d" successfully rolled out
seldondeployment.machinelearning.seldon.io "mymodel" deleted
PASSEDnamespace "test-model-rest-non200" deleted

test_s2i_python.py::TestPythonS2iK8s::test_input_transformer_rest namespace/test-input-transformer-rest created
---> Installing application source...
Build completed successfully
Image: "seldonio/testtransformer_rest:0.1" with ID "sha256:3c1977aa94320eef9556dbaf80810d9dd7f0cbf15af02dd87e1825380c4c1210" not present on node "kind-worker"
Image: "seldonio/testtransformer_rest:0.1" with ID "sha256:3c1977aa94320eef9556dbaf80810d9dd7f0cbf15af02dd87e1825380c4c1210" not present on node "kind-control-plane"
seldondeployment.machinelearning.seldon.io/mytrans created
deployment "mytrans-mytrans-1f278ae" successfully rolled out
seldondeployment.machinelearning.seldon.io "mytrans" deleted
PASSEDnamespace "test-input-transformer-rest" deleted
1-0-1       mymodel-mymodel-e2eb561-5dddc789c4-nbl9f     1/2     Running             0          20s


PODS UPDATE: test-label-update-1-0-1       mymodel-mymodel-e2eb561-5dddc789c4-nbl9f     2/2     Running             0          25s


PODS UPDATE: test-label-update-1-0-1       seldon-controller-manager-b55d97b84-wvvk7    0/1     Pending             0          0s


PODS UPDATE: test-label-update-1-0-1       seldon-controller-manager-b55d97b84-wvvk7    0/1     Pending             0          0s


PODS UPDATE: test-label-update-1-0-1       seldon-controller-manager-b55d97b84-wvvk7    0/1     ContainerCreating   0          0s


PODS UPDATE: test-label-update-1-0-1       seldon-controller-manager-b55d97b84-wvvk7    1/1     Running             0          2s


PODS UPDATE: test-label-update-1-0-1       mymodel-mymodel-e2eb561-66689b7bc9-zvwrf     0/2     Pending             0          0s


PODS UPDATE: test-label-update-1-0-1       mymodel-mymodel-e2eb561-66689b7bc9-zvwrf     0/2     Pending             0          0s


PODS UPDATE: test-label-update-1-0-1       mymodel-mymodel-e2eb561-66689b7bc9-zvwrf     0/2     ContainerCreating   0          0s


PODS UPDATE: test-label-update-1-0-1       mymodel-mymodel-e2eb561-66689b7bc9-zvwrf     0/2     Running             0          2s


PODS UPDATE: test-label-update-1-0-1       mymodel-mymodel-e2eb561-66689b7bc9-zvwrf     1/2     Running             0          21s


PODS UPDATE: test-label-update-1-0-1       mymodel-mymodel-e2eb561-66689b7bc9-zvwrf     2/2     Running             0          24s


PODS UPDATE: test-label-update-1-0-1       mymodel-mymodel-e2eb561-5dddc789c4-nbl9f     2/2     Terminating         0          57s


PODS UPDATE: test-label-update-1-0-1       seldon-controller-manager-b55d97b84-wvvk7    1/1     Terminating         0          28s


PODS UPDATE: test-label-update-1-0-1       seldon-controller-manager-b55d97b84-wvvk7    0/1     Terminating         0          29s


PODS UPDATE: seldon-system                 seldon-controller-manager-5dd5ffc74d-pvfrb   1/1     Terminating         0          79s


PODS UPDATE: test-label-update-1-0-1       mymodel-mymodel-e2eb561-66689b7bc9-zvwrf     2/2     Terminating         0          26s


PODS UPDATE: seldon-system                 seldon-controller-manager-5dd5ffc74d-pvfrb   0/1     Terminating         0          80s


PODS UPDATE: seldon-system                 seldon-controller-manager-84547854f5-zrqjr   0/1     Pending             0          0s


PODS UPDATE: seldon-system                 seldon-controller-manager-84547854f5-zrqjr   0/1     Pending             0          0s


PODS UPDATE: seldon-system                 seldon-controller-manager-84547854f5-zrqjr   0/1     ContainerCreating   0          0s


PODS UPDATE: seldon-system                 seldon-controller-manager-84547854f5-zrqjr   1/1     Running             0          2s


PODS UPDATE: seldon-system                 seldon-controller-manager-5dd5ffc74d-pvfrb   0/1     Terminating         0          86s


PODS UPDATE: seldon-system                 seldon-controller-manager-5dd5ffc74d-pvfrb   0/1     Terminating         0          86s


PODS UPDATE: test-label-update-1-0-1       seldon-controller-manager-b55d97b84-wvvk7    0/1     Terminating         0          36s


PODS UPDATE: test-label-update-1-0-1       seldon-controller-manager-b55d97b84-wvvk7    0/1     Terminating         0          36s


PODS UPDATE: test-label-update-1-0-1       mymodel-mymodel-e2eb561-66689b7bc9-zvwrf     1/2     Terminating         0          41s


PODS UPDATE: test-label-update-1-0-1       mymodel-mymodel-e2eb561-5dddc789c4-nbl9f     0/2     Terminating         0          79s


PODS UPDATE: test-label-update-1-0-1       mymodel-mymodel-e2eb561-66689b7bc9-zvwrf     0/2     Terminating         0          47s


PODS UPDATE: test-label-update-1-0-1       mymodel-mymodel-e2eb561-66689b7bc9-zvwrf     0/2     Terminating         0          53s


PODS UPDATE: test-label-update-1-0-1       mymodel-mymodel-e2eb561-66689b7bc9-zvwrf     0/2     Terminating         0          53s


PODS UPDATE: test-label-update-1-0-1       mymodel-mymodel-e2eb561-5dddc789c4-nbl9f     0/2     Terminating         0          86s


PODS UPDATE: test-label-update-1-0-1       mymodel-mymodel-e2eb561-5dddc789c4-nbl9f     0/2     Terminating         0          86s


PODS UPDATE: test-model-rest               mymodel-mymodel-8715075-fc8ffd5d4-pqcpr      0/2     Pending             0          0s


PODS UPDATE: test-model-rest               mymodel-mymodel-8715075-fc8ffd5d4-pqcpr      0/2     Pending             0          0s


PODS UPDATE: test-model-rest               mymodel-mymodel-8715075-fc8ffd5d4-pqcpr      0/2     ContainerCreating   0          0s


PODS UPDATE: test-model-rest               mymodel-mymodel-8715075-fc8ffd5d4-pqcpr      0/2     Running             0          12s


PODS UPDATE: test-model-rest               mymodel-mymodel-8715075-fc8ffd5d4-pqcpr      1/2     Running             0          34s


PODS UPDATE: test-model-rest               mymodel-mymodel-8715075-fc8ffd5d4-pqcpr      2/2     Running             0          35s


PODS UPDATE: test-model-rest               mymodel-mymodel-8715075-fc8ffd5d4-pqcpr      2/2     Terminating         0          37s


PODS UPDATE: test-model-rest               mymodel-mymodel-8715075-fc8ffd5d4-pqcpr      1/2     Terminating         0          50s


PODS UPDATE: test-model-rest               mymodel-mymodel-8715075-fc8ffd5d4-pqcpr      0/2     Terminating         0          58s


PODS UPDATE: test-model-rest               mymodel-mymodel-8715075-fc8ffd5d4-pqcpr      0/2     Terminating         0          58s


PODS UPDATE: test-model-rest               mymodel-mymodel-8715075-fc8ffd5d4-pqcpr      0/2     Terminating         0          59s


PODS UPDATE: test-model-rest               mymodel-mymodel-8715075-fc8ffd5d4-pqcpr      0/2     Terminating         0          59s


PODS UPDATE: test-model-rest-non200        mymodel-mymodel-4e3d66d-556cf78fff-6sj8j     0/2     Pending             0          0s


PODS UPDATE: test-model-rest-non200        mymodel-mymodel-4e3d66d-556cf78fff-6sj8j     0/2     Pending             0          0s


PODS UPDATE: test-model-rest-non200        mymodel-mymodel-4e3d66d-556cf78fff-6sj8j     0/2     ContainerCreating   0          0s


PODS UPDATE: test-model-rest-non200        mymodel-mymodel-4e3d66d-556cf78fff-6sj8j     0/2     Running             0          1s


PODS UPDATE: test-model-rest-non200        mymodel-mymodel-4e3d66d-556cf78fff-6sj8j     1/2     Running             0          22s


PODS UPDATE: test-model-rest-non200        mymodel-mymodel-4e3d66d-556cf78fff-6sj8j     2/2     Running             0          25s


PODS UPDATE: test-model-rest-non200        mymodel-mymodel-4e3d66d-556cf78fff-6sj8j     2/2     Terminating         0          47s


PODS UPDATE: test-model-rest-non200        mymodel-mymodel-4e3d66d-556cf78fff-6sj8j     1/2     Terminating         0          60s


PODS UPDATE: test-model-rest-non200        mymodel-mymodel-4e3d66d-556cf78fff-6sj8j     0/2     Terminating         0          67s


PODS UPDATE: test-model-rest-non200        mymodel-mymodel-4e3d66d-556cf78fff-6sj8j     0/2     Terminating         0          67s


PODS UPDATE: test-model-rest-non200        mymodel-mymodel-4e3d66d-556cf78fff-6sj8j     0/2     Terminating         0          75s


PODS UPDATE: test-model-rest-non200        mymodel-mymodel-4e3d66d-556cf78fff-6sj8j     0/2     Terminating         0          75s


PODS UPDATE: test-input-transformer-rest   mytrans-mytrans-1f278ae-5b74984c7-gjp2b      0/2     Pending             0          0s


PODS UPDATE: test-input-transformer-rest   mytrans-mytrans-1f278ae-5b74984c7-gjp2b      0/2     Pending             0          0s


PODS UPDATE: test-input-transformer-rest   mytrans-mytrans-1f278ae-5b74984c7-gjp2b      0/2     ContainerCreating   0          0s


PODS UPDATE: test-input-transformer-rest   mytrans-mytrans-1f278ae-5b74984c7-gjp2b      0/2     Running             0          2s


PODS UPDATE: test-input-transformer-rest   mytrans-mytrans-1f278ae-5b74984c7-gjp2b      1/2     Running             0          24s



test_s2i_python.py::TestPythonS2iK8s::test_output_transformer_rest namespace/test-output-transformer-rest created
---> Installing application source...
Build completed successfully
Image: "seldonio/testtransformer_rest:0.1" with ID "sha256:18173e6a86f489741181d80d5669d41362bc3096f420552290482eed14fca638" not present on node "kind-worker"
Image: "seldonio/testtransformer_rest:0.1" with ID "sha256:18173e6a86f489741181d80d5669d41362bc3096f420552290482eed14fca638" not present on node "kind-control-plane"
seldondeployment.machinelearning.seldon.io/mytrans created
deployment "mytrans-mytrans-52996cb" successfully rolled out
seldondeployment.machinelearning.seldon.io "mytrans" deleted
PASSEDnamespace "test-output-transformer-rest" deleted

test_s2i_python.py::TestPythonS2iK8s::test_router_rest namespace/test-router-rest created
---> Installing application source...
Build completed successfully
Image: "seldonio/testmodel_rest:0.1" with ID "sha256:97d59f30be36508b26fa31e5b02fd2b64a3b4d1a2d30d8d0fbb994dce88d5a21" not present on node "kind-worker"
Image: "seldonio/testmodel_rest:0.1" with ID "sha256:97d59f30be36508b26fa31e5b02fd2b64a3b4d1a2d30d8d0fbb994dce88d5a21" not present on node "kind-control-plane"
---> Installing application source...
Build completed successfully
Image: "seldonio/testrouter_rest:0.1" with ID "sha256:becb6bdba2ef0988a792183b6f75ef204d2e58a60e4d77834dba77e640ca84e6" not present on node "kind-worker"
Image: "seldonio/testrouter_rest:0.1" with ID "sha256:becb6bdba2ef0988a792183b6f75ef204d2e58a60e4d77834dba77e640ca84e6" not present on node "kind-control-plane"
seldondeployment.machinelearning.seldon.io/myrouter created
deployment "myrouter-myrouter-340ed69" successfully rolled out
seldondeployment.machinelearning.seldon.io "myrouter" deleted
PASSEDnamespace "test-router-rest" deleted

test_s2i_python.py::TestPythonS2iK8s::test_combiner_rest namespace/test-combiner-rest created
---> Installing application source...
Build completed successfully
Image: "seldonio/testmodel_rest:0.1" with ID "sha256:eca19c80ef3f54495f52b161cf295b43fc38e66800e49c60fe8ac52212e11e16" not present on node "kind-worker"
Image: "seldonio/testmodel_rest:0.1" with ID "sha256:eca19c80ef3f54495f52b161cf295b43fc38e66800e49c60fe8ac52212e11e16" not present on node "kind-control-plane"
---> Installing application source...
Build completed successfully
Image: "seldonio/testcombiner_rest:0.1" with ID "sha256:4b862144e8a3d6531c90f1e75af8c63a83578d3c260d2287475a9d420a8bfde2" not present on node "kind-worker"
Image: "seldonio/testcombiner_rest:0.1" with ID "sha256:4b862144e8a3d6531c90f1e75af8c63a83578d3c260d2287475a9d420a8bfde2" not present on node "kind-control-plane"
seldondeployment.machinelearning.seldon.io/mycombiner created
PODS UPDATE: test-input-transformer-rest   mytrans-mytrans-1f278ae-5b74984c7-gjp2b      2/2     Running             0          25s


PODS UPDATE: test-input-transformer-rest   mytrans-mytrans-1f278ae-5b74984c7-gjp2b      2/2     Terminating         0          28s


PODS UPDATE: test-input-transformer-rest   mytrans-mytrans-1f278ae-5b74984c7-gjp2b      1/2     Terminating         0          39s


PODS UPDATE: test-input-transformer-rest   mytrans-mytrans-1f278ae-5b74984c7-gjp2b      0/2     Terminating         0          49s


PODS UPDATE: test-input-transformer-rest   mytrans-mytrans-1f278ae-5b74984c7-gjp2b      0/2     Terminating         0          52s


PODS UPDATE: test-input-transformer-rest   mytrans-mytrans-1f278ae-5b74984c7-gjp2b      0/2     Terminating         0          52s


PODS UPDATE: test-output-transformer-rest   mytrans-mytrans-52996cb-6f6cbc64f6-2pn9q     0/3     Pending             0          0s


PODS UPDATE: test-output-transformer-rest   mytrans-mytrans-52996cb-6f6cbc64f6-2pn9q     0/3     Pending             0          0s


PODS UPDATE: test-output-transformer-rest   mytrans-mytrans-52996cb-6f6cbc64f6-2pn9q     0/3     ContainerCreating   0          0s


PODS UPDATE: test-output-transformer-rest   mytrans-mytrans-52996cb-6f6cbc64f6-2pn9q     0/3     Running             0          2s


PODS UPDATE: test-output-transformer-rest   mytrans-mytrans-52996cb-6f6cbc64f6-2pn9q     1/3     Running             0          21s


PODS UPDATE: test-output-transformer-rest   mytrans-mytrans-52996cb-6f6cbc64f6-2pn9q     2/3     Running             0          22s


PODS UPDATE: test-output-transformer-rest   mytrans-mytrans-52996cb-6f6cbc64f6-2pn9q     3/3     Running             0          25s


PODS UPDATE: test-output-transformer-rest   mytrans-mytrans-52996cb-6f6cbc64f6-2pn9q     3/3     Terminating         0          26s


PODS UPDATE: test-output-transformer-rest   mytrans-mytrans-52996cb-6f6cbc64f6-2pn9q     2/3     Terminating         0          40s


PODS UPDATE: test-output-transformer-rest   mytrans-mytrans-52996cb-6f6cbc64f6-2pn9q     0/3     Terminating         0          47s


PODS UPDATE: test-output-transformer-rest   mytrans-mytrans-52996cb-6f6cbc64f6-2pn9q     0/3     Terminating         0          47s


PODS UPDATE: test-output-transformer-rest   mytrans-mytrans-52996cb-6f6cbc64f6-2pn9q     0/3     Terminating         0          48s


PODS UPDATE: test-output-transformer-rest   mytrans-mytrans-52996cb-6f6cbc64f6-2pn9q     0/3     Terminating         0          48s


PODS UPDATE: test-router-rest               myrouter-myrouter-340ed69-7d5f646b94-d2cgq   0/3     Pending             0          0s


PODS UPDATE: test-router-rest               myrouter-myrouter-340ed69-7d5f646b94-d2cgq   0/3     Pending             0          0s


PODS UPDATE: test-router-rest               myrouter-myrouter-340ed69-7d5f646b94-d2cgq   0/3     ContainerCreating   0          0s


PODS UPDATE: test-router-rest               myrouter-myrouter-340ed69-7d5f646b94-d2cgq   0/3     Running             0          2s


PODS UPDATE: test-router-rest               myrouter-myrouter-340ed69-7d5f646b94-d2cgq   1/3     Running             0          22s


PODS UPDATE: test-router-rest               myrouter-myrouter-340ed69-7d5f646b94-d2cgq   2/3     Running             0          23s


PODS UPDATE: test-router-rest               myrouter-myrouter-340ed69-7d5f646b94-d2cgq   3/3     Running             0          25s


PODS UPDATE: test-router-rest               myrouter-myrouter-340ed69-7d5f646b94-d2cgq   3/3     Terminating         0          27s


PODS UPDATE: test-router-rest               myrouter-myrouter-340ed69-7d5f646b94-d2cgq   2/3     Terminating         0          38s


PODS UPDATE: test-router-rest               myrouter-myrouter-340ed69-7d5f646b94-d2cgq   0/3     Terminating         0          47s


PODS UPDATE: test-router-rest               myrouter-myrouter-340ed69-7d5f646b94-d2cgq   0/3     Terminating         0          47s


PODS UPDATE: test-router-rest               myrouter-myrouter-340ed69-7d5f646b94-d2cgq   0deployment "mycombiner-mycombiner-acc7c4d" successfully rolled out
seldondeployment.machinelearning.seldon.io "mycombiner" deleted
PASSEDnamespace "test-combiner-rest" deleted


========== 21 passed, 1 skipped, 39 deselected in 1498.62s (0:24:58) ===========
kind delete cluster
Deleting cluster "kind" ...
/3     Terminating         0          50s


PODS UPDATE: test-router-rest               myrouter-myrouter-340ed69-7d5f646b94-d2cgq   0/3     Terminating         0          50s


PODS UPDATE: test-combiner-rest             mycombiner-mycombiner-acc7c4d-74bc78c454-2t2rc   0/3     Pending             0          0s


PODS UPDATE: test-combiner-rest             mycombiner-mycombiner-acc7c4d-74bc78c454-2t2rc   0/3     Pending             0          0s


PODS UPDATE: test-combiner-rest             mycombiner-mycombiner-acc7c4d-74bc78c454-2t2rc   0/3     ContainerCreating   0          0s


PODS UPDATE: test-combiner-rest             mycombiner-mycombiner-acc7c4d-74bc78c454-2t2rc   0/3     Running             0          2s


PODS UPDATE: test-combiner-rest             mycombiner-mycombiner-acc7c4d-74bc78c454-2t2rc   1/3     Running             0          22s


PODS UPDATE: test-combiner-rest             mycombiner-mycombiner-acc7c4d-74bc78c454-2t2rc   2/3     Running             0          23s


PODS UPDATE: test-combiner-rest             mycombiner-mycombiner-acc7c4d-74bc78c454-2t2rc   3/3     Running             0          23s


PODS UPDATE: test-combiner-rest             mycombiner-mycombiner-acc7c4d-74bc78c454-2t2rc   3/3     Terminating         0          26s


PODS UPDATE: test-combiner-rest             mycombiner-mycombiner-acc7c4d-74bc78c454-2t2rc   2/3     Terminating         0          38s


PODS UPDATE: test-combiner-rest             mycombiner-mycombiner-acc7c4d-74bc78c454-2t2rc   0/3     Terminating         0          47s


PODS UPDATE: test-combiner-rest             mycombiner-mycombiner-acc7c4d-74bc78c454-2t2rc   0/3     Terminating         0          47s


PODS UPDATE: test-combiner-rest             mycombiner-mycombiner-acc7c4d-74bc78c454-2t2rc   0/3     Terminating         0          48s


PODS UPDATE: test-combiner-rest             mycombiner-mycombiner-acc7c4d-74bc78c454-2t2rc   0/3     Terminating         0          48s

Stopping Docker: dockerProgram process in pidfile '/var/run/docker-ssd.pid', 1 process(es), refused to die.
