
Showing logs for build [32mseldonio-seldon-core-pr-2506-in-rz9vz-11[0m stage [32mpr-build-comment[0m and container [32mstep-credential-initializer-hxpnf[0m
{"level":"info","ts":1601988015.8285813,"logger":"fallback-logger","caller":"logging/config.go:69","msg":"Fetch GitHub commit ID from kodata failed: open /var/run/ko/refs/heads/0.8.0-ns-support: no such file or directory"}
{"level":"info","ts":1601988015.8290114,"logger":"fallback-logger","caller":"creds-init/main.go:40","msg":"Credentials initialized."}

Showing logs for build [32mseldonio-seldon-core-pr-2506-in-rz9vz-11[0m stage [32mpr-build-comment[0m and container [32mstep-working-dir-initializer-vxjgm[0m
{"level":"info","ts":1601988016.7794878,"logger":"fallback-logger","caller":"logging/config.go:69","msg":"Fetch GitHub commit ID from kodata failed: open /var/run/ko/HEAD: no such file or directory"}
{"level":"info","ts":1601988016.7822468,"logger":"fallback-logger","caller":"bash/main.go:64","msg":"Successfully executed command \"sh -c mkdir -p /workspace/source\"; output "}

Showing logs for build [32mseldonio-seldon-core-pr-2506-in-rz9vz-11[0m stage [32mpr-build-comment[0m and container [32mstep-place-tools[0m

Showing logs for build [32mseldonio-seldon-core-pr-2506-in-rz9vz-11[0m stage [32mpr-build-comment[0m and container [32mstep-create-dir-workspace-p47bw[0m
{"level":"info","ts":1601988022.8036718,"logger":"fallback-logger","caller":"logging/config.go:69","msg":"Fetch GitHub commit ID from kodata failed: open /var/run/ko/HEAD: no such file or directory"}
{"level":"info","ts":1601988022.8063595,"logger":"fallback-logger","caller":"bash/main.go:64","msg":"Successfully executed command \"sh -c mkdir -p source\"; output "}

Showing logs for build [32mseldonio-seldon-core-pr-2506-in-rz9vz-11[0m stage [32mpr-build-comment[0m and container [32mstep-git-source-seldonio-seldon-core-pr-2506-in-rz9vz-r5mpz[0m
{"level":"info","ts":1601988023.1989648,"logger":"fallback-logger","caller":"logging/config.go:69","msg":"Fetch GitHub commit ID from kodata failed: open /var/run/ko/refs/heads/0.8.0-ns-support: no such file or directory"}
{"level":"info","ts":1601988028.9773278,"logger":"fallback-logger","caller":"git/git.go:103","msg":"Successfully cloned https://github.com/SeldonIO/seldon-core.git @ master in path /workspace/source"}

Showing logs for build [32mseldonio-seldon-core-pr-2506-in-rz9vz-11[0m stage [32mpr-build-comment[0m and container [32mstep-setup-builder-home[0m

Showing logs for build [32mseldonio-seldon-core-pr-2506-in-rz9vz-11[0m stage [32mpr-build-comment[0m and container [32mstep-git-merge[0m
Using SHAs from PULL_REFS=master:2f5ccf61ffcaae62d64d4c37cc26088c4aa4a861,2506:e0850714b3e737b8221470133121434abf50226d
DEBUG: JX_LOG_LEVEL=error LC_ALL=C git fetch origin --unshallow e0850714b3e737b8221470133121434abf50226d: 2f5ccf61ffcaae62d64d4c37cc26088c4aa4a861:
DEBUG: ran git fetch --unshallow origin e0850714b3e737b8221470133121434abf50226d: 2f5ccf61ffcaae62d64d4c37cc26088c4aa4a861: in 
DEBUG: JX_LOG_LEVEL=error LC_ALL=C git branch
DEBUG: LC_ALL=C JX_LOG_LEVEL=error git checkout master
DEBUG: ran git checkout master in 
DEBUG: LC_ALL=C JX_LOG_LEVEL=error git reset --hard 2f5ccf61ffcaae62d64d4c37cc26088c4aa4a861
DEBUG: ran git reset --hard 2f5ccf61ffcaae62d64d4c37cc26088c4aa4a861 in 
DEBUG: LC_ALL=C JX_LOG_LEVEL=error git clean -fd .
DEBUG: ran clean --force -d . in 
DEBUG: LC_ALL=C JX_LOG_LEVEL=error git merge e0850714b3e737b8221470133121434abf50226d
DEBUG: ran git merge e0850714b3e737b8221470133121434abf50226d in 
DEBUG: LC_ALL=C JX_LOG_LEVEL=error git log --format=%H%x1f%an%x1f%ae%x1f%cn%x1f%ce%x1f%s%n%b%x1e 2f5ccf61ffcaae62d64d4c37cc26088c4aa4a861..HEAD
Merged SHA 1fad2a628f23b634eae3f872f67c0f4b756772c2 with commit message 'Merge commit 'e0850714b3e737b8221470133121434abf50226d'' into base branch master
Merged SHA e0850714b3e737b8221470133121434abf50226d with commit message 'add keda example' into base branch master
Merged SHA e69c0ae33a0fdc43801b1b717f79a54aa1969405 with commit message 'fix lint' into base branch master
Merged SHA 9dd688277516f3aa7eacc6eb97d456bcea3f35b3 with commit message 'fix build' into base branch master
Merged SHA 2da4cf2be2a3a578da7586020f0183ca2b0e6c97 with commit message 'fix comment' into base branch master
Merged SHA c623556cca833f9dae1441f18138b18de78c784c with commit message 'Add KEDA support for seldon-core' into base branch master

Showing logs for build [32mseldonio-seldon-core-pr-2506-in-rz9vz-11[0m stage [32mpr-build-comment[0m and container [32mstep-step2[0m
+++ dirname ./add-pr-build-comment
++ cd .
++ pwd
+ STARTUP_DIR=/workspace/source/ci
+ REPO_OWNER=SeldonIO
+ REPO_NAME=seldon-core
+ PULL_NUMBER=2506
+ BUILD_NUMBER=11
+ PIPELINE_CONTEXT=integration
++ cat
+++ date
+ COMMENT_MSG='Tue Oct  6 12:40:38 UTC 2020
The logs for [integration] [11] will show after the pipeline context has finished.  
https://github.com/SeldonIO/seldon-core/blob/gh-pages/jenkins-x/logs/SeldonIO/seldon-core/PR-2506/11.log

impatient try  
** get build logs SeldonIO/seldon-core/PR-2506 --build=11'
+ ** step pr comment --owner=SeldonIO --repository=seldon-core --pull-request=2506 '--comment=Tue Oct  6 12:40:38 UTC 2020
The logs for [integration] [11] will show after the pipeline context has finished.  
https://github.com/SeldonIO/seldon-core/blob/gh-pages/jenkins-x/logs/SeldonIO/seldon-core/PR-2506/11.log

impatient try  
** get build logs SeldonIO/seldon-core/PR-2506 --build=11'

Showing logs for build [32mseldonio-seldon-core-pr-2506-in-rz9vz-11[0m stage [32mpr-build-comment[0m and container [32mstep-source-mkdir-seldonio-seldon-core-pr-2506-in-rz9vz-kl5qm[0m
{"level":"info","ts":1601988045.3609421,"logger":"fallback-logger","caller":"logging/config.go:69","msg":"Fetch GitHub commit ID from kodata failed: open /var/run/ko/HEAD: no such file or directory"}
{"level":"info","ts":1601988045.3678775,"logger":"fallback-logger","caller":"bash/main.go:64","msg":"Successfully executed command \"sh -c mkdir -p /pvc/pr-build-comment/workspace\"; output "}

Showing logs for build [32mseldonio-seldon-core-pr-2506-in-rz9vz-11[0m stage [32mpr-build-comment[0m and container [32mstep-source-copy-seldonio-seldon-core-pr-2506-in-rz9vz-vsxs8[0m
{"level":"info","ts":1601988045.6578803,"logger":"fallback-logger","caller":"logging/config.go:69","msg":"Fetch GitHub commit ID from kodata failed: open /var/run/ko/HEAD: no such file or directory"}
{"level":"info","ts":1601988046.1264975,"logger":"fallback-logger","caller":"bash/main.go:64","msg":"Successfully executed command \"sh -c cp -r source/. /pvc/pr-build-comment/workspace\"; output "}

Showing logs for build [32mseldonio-seldon-core-pr-2506-in-rz9vz-11[0m stage [32mend-to-end[0m and container [32mstep-credential-initializer-rgcs6[0m
{"level":"info","ts":1601988050.6095276,"logger":"fallback-logger","caller":"logging/config.go:69","msg":"Fetch GitHub commit ID from kodata failed: open /var/run/ko/refs/heads/0.8.0-ns-support: no such file or directory"}
{"level":"info","ts":1601988050.609919,"logger":"fallback-logger","caller":"creds-init/main.go:40","msg":"Credentials initialized."}

Showing logs for build [32mseldonio-seldon-core-pr-2506-in-rz9vz-11[0m stage [32mend-to-end[0m and container [32mstep-working-dir-initializer-lxfsg[0m
{"level":"info","ts":1601988051.9822512,"logger":"fallback-logger","caller":"logging/config.go:69","msg":"Fetch GitHub commit ID from kodata failed: open /var/run/ko/HEAD: no such file or directory"}
{"level":"info","ts":1601988051.984308,"logger":"fallback-logger","caller":"bash/main.go:64","msg":"Successfully executed command \"sh -c mkdir -p /workspace/source\"; output "}

Showing logs for build [32mseldonio-seldon-core-pr-2506-in-rz9vz-11[0m stage [32mend-to-end[0m and container [32mstep-place-tools[0m

Showing logs for build [32mseldonio-seldon-core-pr-2506-in-rz9vz-11[0m stage [32mend-to-end[0m and container [32mstep-create-dir-workspace-27kbc[0m
{"level":"info","ts":1601988057.075325,"logger":"fallback-logger","caller":"logging/config.go:69","msg":"Fetch GitHub commit ID from kodata failed: open /var/run/ko/HEAD: no such file or directory"}
{"level":"info","ts":1601988057.0785236,"logger":"fallback-logger","caller":"bash/main.go:64","msg":"Successfully executed command \"sh -c mkdir -p /workspace/source\"; output "}

Showing logs for build [32mseldonio-seldon-core-pr-2506-in-rz9vz-11[0m stage [32mend-to-end[0m and container [32mstep-source-copy-workspace-9pzp2[0m
{"level":"info","ts":1601988057.3685887,"logger":"fallback-logger","caller":"logging/config.go:69","msg":"Fetch GitHub commit ID from kodata failed: open /var/run/ko/HEAD: no such file or directory"}
{"level":"info","ts":1601988060.5307462,"logger":"fallback-logger","caller":"bash/main.go:64","msg":"Successfully executed command \"sh -c cp -r /pvc/pr-build-comment/workspace/. /workspace/source\"; output "}

Showing logs for build [32mseldonio-seldon-core-pr-2506-in-rz9vz-11[0m stage [32mend-to-end[0m and container [32mstep-setup-builder-home[0m

Showing logs for build [32mseldonio-seldon-core-pr-2506-in-rz9vz-11[0m stage [32mend-to-end[0m and container [32mstep-test-end-to-end[0m
Test run type is: [base]
Starting Docker: docker.
[SETUP] Waiting for Docker to be ready, sleeping for 1 seconds ...
kind create cluster --config ../resources/kind_config.yaml
Creating cluster "kind" ...
 â€¢ Ensuring node image (kindest/node:v1.16.3) ðŸ–¼  ...
 âœ“ Ensuring node image (kindest/node:v1.16.3) ðŸ–¼
 â€¢ Preparing nodes ðŸ“¦  ...
 âœ“ Preparing nodes ðŸ“¦
 â€¢ Writing configuration ðŸ“œ  ...
 âœ“ Writing configuration ðŸ“œ
 â€¢ Starting control-plane ðŸ•¹ï¸  ...
 âœ“ Starting control-plane ðŸ•¹ï¸
 â€¢ Installing CNI ðŸ”Œ  ...
 âœ“ Installing CNI ðŸ”Œ
 â€¢ Installing StorageClass ðŸ’¾  ...
 âœ“ Installing StorageClass ðŸ’¾
 â€¢ Joining worker nodes ðŸšœ  ...
 âœ“ Joining worker nodes ðŸšœ
Set kubectl context to "kind-kind"
You can now use your cluster with:

kubectl cluster-info --context kind-kind

Not sure what to do next? ðŸ˜… Check out https://kind.sigs.k8s.io/docs/user/quick-start/
`kind get kubeconfig-path` is deprecated!

KIND will export and merge kubeconfig like kops, minikube, etc.
This command is now unnecessary and will be removed in a future release.

For more info see: https://github.com/kubernetes-sigs/kind/issues/1060
See also the output of `kind create cluster`

Files changed in python folder:
SKIPPING PYTHON IMAGE BUILD...
Files changed in operator folder:
operator/Dockerfile
operator/Dockerfile.redhat
operator/apis/machinelearning.seldon.io/v1/seldondeployment_types.go
operator/apis/machinelearning.seldon.io/v1/zz_generated.deepcopy.go
operator/config/crd/bases/machinelearning.seldon.io_seldondeployments.yaml
operator/config/crd_v1/bases/machinelearning.seldon.io_seldondeployments.yaml
operator/config/machinelearning.seldon.io_seldondeployments.yaml
operator/config/rbac/role.yaml
operator/constants/constants.go
operator/controllers/cleaners_test.go
operator/controllers/seldondeployment_controller.go
operator/controllers/seldondeployment_controller_test.go
operator/controllers/seldondeployment_explainers_test.go
operator/controllers/suite_test.go
operator/go.mod
operator/go.sum
operator/licenses/dep.txt
operator/main.go
operator/testing/keda.sh_scaledobjects.yaml
operator/testing/machinelearning.seldon.io_seldondeployments.yaml
cd ../../operator && make kind-image-install
make[1]: Entering directory '/workspace/source/operator'
go: creating new go.mod: module tmp
go: downloading sigs.k8s.io/controller-tools v0.2.5
go: found sigs.k8s.io/controller-tools/cmd/controller-gen in sigs.k8s.io/controller-tools v0.2.5
go: downloading github.com/spf13/cobra v0.0.5
go: downloading k8s.io/apimachinery v0.17.0
go: downloading github.com/fatih/color v1.7.0
go: downloading github.com/gobuffalo/flect v0.2.0
go: downloading k8s.io/api v0.17.0
go: downloading k8s.io/apiextensions-apiserver v0.17.0
go: downloading sigs.k8s.io/yaml v1.1.0
go: downloading github.com/mattn/go-isatty v0.0.8
go: downloading gopkg.in/yaml.v3 v3.0.0-20190905181640-827449938966
go: downloading github.com/mattn/go-colorable v0.1.2
go: downloading gopkg.in/yaml.v2 v2.2.4
go: downloading golang.org/x/sys v0.0.0-20190826190057-c7b8b68b1456
go: downloading github.com/spf13/pflag v1.0.5
go: downloading github.com/gogo/protobuf v1.2.2-0.20190723190241-65acae22fc9d
go: downloading github.com/inconshreveable/mousetrap v1.0.0
go: downloading k8s.io/utils v0.0.0-20191114184206-e782cd3c129f
go: downloading golang.org/x/tools v0.0.0-20190920225731-5eefd052ad72
go: downloading k8s.io/klog v1.0.0
go: downloading gopkg.in/inf.v0 v0.9.1
go: downloading github.com/google/gofuzz v1.0.0
go: downloading golang.org/x/net v0.0.0-20191004110552-13f9640d40b9
go: downloading golang.org/x/text v0.3.2
/builder/home/go/bin/controller-gen object:headerFile=./hack/boilerplate.go.txt paths="./..."
go fmt ./...
go vet ./...
go: downloading github.com/onsi/gomega v1.10.2
go: downloading github.com/onsi/ginkgo v1.14.1
go: downloading golang.org/x/xerrors v0.0.0-20200804184101-5ec99f83aff1
go: downloading github.com/nxadm/tail v1.4.4
go: downloading gopkg.in/tomb.v1 v1.0.0-20141024135613-dd632973f1e7
/builder/home/go/bin/controller-gen "crd:trivialVersions=true" rbac:roleName=manager-role webhook paths="./..." output:crd:artifacts:config=config/crd/bases
rm -rf generated
mkdir generated
kustomize build config/default/ -o generated
cp generated/apiextensions.k8s.io_v1beta1_customresourcedefinition_seldondeployments.machinelearning.seldon.io.yaml testing/machinelearning.seldon.io_seldondeployments.yaml
ginkgo -r -outputdir=. -cover -coverprofile=cover.out ./controllers ./utils ./apis
[1601988234] [1mController Suite[0m - 66/66 specs test k8s client
&{Reader:0xc0001974a0 Writer:0xc0013cfc20 StatusClient:0xc0013cfc20}
[32mâ€¢[0m[32mâ€¢[0m[32mâ€¢[0m[32mâ€¢[0m[32mâ€¢[0m[32mâ€¢[0m[32mâ€¢[0m[32mâ€¢[0m[32mâ€¢[0m[32mâ€¢[0m[32mâ€¢[0m[32mâ€¢[0m[32mâ€¢[0m[32mâ€¢[0m[32mâ€¢[0m[32mâ€¢[0m[32mâ€¢[0m[32mâ€¢[0m[32mâ€¢[0m[32mâ€¢[0m[32mâ€¢[0m[32mâ€¢[0m[32mâ€¢[0m[32mâ€¢[0m[32mâ€¢[0m[32mâ€¢[0m[32mâ€¢[0m[32mâ€¢[0m[32mâ€¢[0m[32mâ€¢[0m[32mâ€¢[0m[32mâ€¢[0m[32mâ€¢[0m[32mâ€¢[0m[32mâ€¢[0m[32mâ€¢[0m[32mâ€¢[0m[32mâ€¢[0m[32mâ€¢[0m[32mâ€¢[0m[32mâ€¢[0m[32mâ€¢[0m[32mâ€¢[0m[32mâ€¢[0m[32mâ€¢[0m[32mâ€¢[0m[32mâ€¢[0m[32mâ€¢[0m[32mâ€¢[0m[32mâ€¢[0m[32mâ€¢[0m[32mâ€¢[0m[32mâ€¢[0m[32mâ€¢[0m[32mâ€¢[0m[32mâ€¢[0m[32mâ€¢[0m[32mâ€¢[0m[32mâ€¢[0m[32mâ€¢[0m[32mâ€¢[0m[32mâ€¢[0m[32mâ€¢[0m[32mâ€¢[0m[32mâ€¢[0m[32mâ€¢[0mE1006 12:44:50.890673   27049 reflector.go:383] pkg/mod/k8s.io/client-go@v0.18.8/tools/cache/reflector.go:125: Failed to watch *v1.Namespace: Get "http://127.0.0.1:43913/api/v1/namespaces?allowWatchBookmarks=true&resourceVersion=326&timeoutSeconds=384&watch=true": dial tcp 127.0.0.1:43913: connect: connection refused
E1006 12:44:50.890671   27049 reflector.go:383] pkg/mod/k8s.io/client-go@v0.18.8/tools/cache/reflector.go:125: Failed to watch *v1alpha1.ScaledObject: Get "http://127.0.0.1:43913/apis/keda.sh/v1alpha1/scaledobjects?allowWatchBookmarks=true&resourceVersion=233&timeoutSeconds=387&watch=true": dial tcp 127.0.0.1:43913: connect: connection refused
E1006 12:44:50.890779   27049 reflector.go:383] pkg/mod/k8s.io/client-go@v0.18.8/tools/cache/reflector.go:125: Failed to watch *v2beta1.HorizontalPodAutoscaler: Get "http://127.0.0.1:43913/apis/autoscaling/v2beta1/horizontalpodautoscalers?allowWatchBookmarks=true&resourceVersion=161&timeoutSeconds=503&watch=true": dial tcp 127.0.0.1:43913: connect: connection refused
E1006 12:44:50.890926   27049 reflector.go:383] pkg/mod/k8s.io/client-go@v0.18.8/tools/cache/reflector.go:125: Failed to watch *v1alpha3.VirtualService: Get "http://127.0.0.1:43913/apis/networking.istio.io/v1alpha3/virtualservices?allowWatchBookmarks=true&resourceVersion=122&timeoutSeconds=365&watch=true": dial tcp 127.0.0.1:43913: connect: connection refused
E1006 12:44:50.892003   27049 reflector.go:383] pkg/mod/k8s.io/client-go@v0.18.8/tools/cache/reflector.go:125: Failed to watch *v1.Deployment: Get "http://127.0.0.1:43913/apis/apps/v1/deployments?allowWatchBookmarks=true&resourceVersion=408&timeoutSeconds=558&watch=true": dial tcp 127.0.0.1:43913: connect: connection refused
E1006 12:44:50.892053   27049 reflector.go:383] pkg/mod/k8s.io/client-go@v0.18.8/tools/cache/reflector.go:125: Failed to watch *v1.SeldonDeployment: Get "http://127.0.0.1:43913/apis/machinelearning.seldon.io/v1/seldondeployments?allowWatchBookmarks=true&resourceVersion=416&timeoutSeconds=360&watch=true": dial tcp 127.0.0.1:43913: connect: connection refused
E1006 12:44:50.892090   27049 reflector.go:383] pkg/mod/k8s.io/client-go@v0.18.8/tools/cache/reflector.go:125: Failed to watch *v1.ConfigMap: Get "http://127.0.0.1:43913/api/v1/configmaps?allowWatchBookmarks=true&resourceVersion=122&timeoutSeconds=408&watch=true": dial tcp 127.0.0.1:43913: connect: connection refused
E1006 12:44:50.892165   27049 reflector.go:383] pkg/mod/k8s.io/client-go@v0.18.8/tools/cache/reflector.go:125: Failed to watch *v1.Service: Get "http://127.0.0.1:43913/api/v1/services?allowWatchBookmarks=true&resourceVersion=407&timeoutSeconds=471&watch=true": dial tcp 127.0.0.1:43913: connect: connection refused

 [32mSUCCESS![0m 31.798986251s PASS
coverage: 66.8% of statements
=== RUN   TestGcsSecret
--- PASS: TestGcsSecret (0.00s)
PASS
coverage: 100.0% of statements
=== RUN   TestS3Secret
--- PASS: TestS3Secret (0.00s)
PASS
coverage: 94.6% of statements
=== RUN   TestGetEnvAsBool
--- PASS: TestGetEnvAsBool (0.00s)
=== RUN   TestAddEnvVarToDeploymentContainers
--- PASS: TestAddEnvVarToDeploymentContainers (0.00s)
=== RUN   TestMountSecretToDeploymentContainers
--- PASS: TestMountSecretToDeploymentContainers (0.00s)
PASS
coverage: 30.0% of statements
=== RUN   TestGenerateCerts
--- PASS: TestGenerateCerts (1.11s)
=== RUN   TestConfigmapCreate
--- PASS: TestConfigmapCreate (0.10s)
=== RUN   TestCRDCreate
--- PASS: TestCRDCreate (0.11s)
=== RUN   TestMutatingWebhookCreate
--- PASS: TestMutatingWebhookCreate (1.54s)
=== RUN   TestMutatingWebhookCreateNamespaced
--- PASS: TestMutatingWebhookCreateNamespaced (4.81s)
=== RUN   TestValidatingWebhookCreate
--- PASS: TestValidatingWebhookCreate (0.82s)
=== RUN   TestValidatingWebhookCreateNamespaced
--- PASS: TestValidatingWebhookCreateNamespaced (2.36s)
=== RUN   TestWebHookSvcCreate
--- PASS: TestWebHookSvcCreate (1.71s)
PASS
coverage: 52.1% of statements
=== RUN   TestImageSetNormal
    prepack_test.go:50: Scenario: GRPC image with version
    prepack_test.go:50: Scenario: GRPC image with no version
    prepack_test.go:50: Scenario: REST image with version
    prepack_test.go:50: Scenario: REST image with no version
--- PASS: TestImageSetNormal (0.00s)
=== RUN   TestGetPredictorConfig
    prepack_test.go:81: Scenario: related image sklearn
    prepack_test.go:81: Scenario: default image sklearn
--- PASS: TestGetPredictorConfig (0.01s)
=== RUN   TestPredictorServerConfigPrepackImageConfig
--- PASS: TestPredictorServerConfigPrepackImageConfig (0.00s)
=== RUN   TestPredictorServerConfigPrepackImageName
--- PASS: TestPredictorServerConfigPrepackImageName (0.00s)
=== RUN   TestGetDeploymentNameOneModel
--- PASS: TestGetDeploymentNameOneModel (0.00s)
=== RUN   TestGetDeploymentNameLong
--- PASS: TestGetDeploymentNameLong (0.00s)
=== RUN   TestValidProtocolTransportServerType
--- PASS: TestValidProtocolTransportServerType (0.00s)
=== RUN   TestValidateBadProtocol
--- PASS: TestValidateBadProtocol (0.00s)
=== RUN   TestValidateBadTransport
--- PASS: TestValidateBadTransport (0.00s)
=== RUN   TestValidateBadServerType
--- PASS: TestValidateBadServerType (0.00s)
=== RUN   TestValidateMixedTransport
--- PASS: TestValidateMixedTransport (0.00s)
=== RUN   TestValidateMixedMultipleTransport
--- PASS: TestValidateMixedMultipleTransport (0.00s)
=== RUN   TestDefaultSingleContainer
--- PASS: TestDefaultSingleContainer (0.00s)
=== RUN   TestMetricsPortAddedTwoContainers
--- PASS: TestMetricsPortAddedTwoContainers (0.00s)
=== RUN   TestMetricsPortAddedTwoComponentSpecsTwoContainers
--- PASS: TestMetricsPortAddedTwoComponentSpecsTwoContainers (0.00s)
=== RUN   TestOverrideMetricsPortName
Failed to find config map seldon-config
no kind is registered for the type v1.ConfigMap in scheme "pkg/runtime/scheme.go:101"
--- PASS: TestOverrideMetricsPortName (0.00s)
=== RUN   TestPortUseExisting
--- PASS: TestPortUseExisting (0.00s)
=== RUN   TestMetricsPortAddedToPrepacked
--- PASS: TestMetricsPortAddedToPrepacked (0.00s)
=== RUN   TestPredictorProtocolGrpc
--- PASS: TestPredictorProtocolGrpc (0.00s)
=== RUN   TestPrepackedWithExistingContainer
--- PASS: TestPrepackedWithExistingContainer (0.00s)
=== RUN   TestPrepackedWithCustom
--- PASS: TestPrepackedWithCustom (0.00s)
=== RUN   TestPrepackedWithExistingContainerAndImage
--- PASS: TestPrepackedWithExistingContainerAndImage (0.01s)
=== RUN   TestMetricsPortAddedToTwoPrepacked
--- PASS: TestMetricsPortAddedToTwoPrepacked (0.00s)
=== RUN   TestDefaultPrepackagedServerType
--- PASS: TestDefaultPrepackagedServerType (0.00s)
=== RUN   TestValidateSingleModel
--- PASS: TestValidateSingleModel (0.00s)
=== RUN   TestValidateSingleModelNoName
--- PASS: TestValidateSingleModelNoName (0.00s)
=== RUN   TestValidateNoEngineMultiGraph
--- PASS: TestValidateNoEngineMultiGraph (0.00s)
=== RUN   TestValidateDuplPredictorName
--- PASS: TestValidateDuplPredictorName (0.00s)
=== RUN   TestValidateTrafficSum
--- PASS: TestValidateTrafficSum (0.00s)
=== RUN   TestDefaultABTest
--- PASS: TestDefaultABTest (0.00s)
=== RUN   TestValidateTensorflowProtocolNormalPrepackaged
--- PASS: TestValidateTensorflowProtocolNormalPrepackaged (0.00s)
=== RUN   TestValidateTensorflowProtocolNormal
--- PASS: TestValidateTensorflowProtocolNormal (0.01s)
=== RUN   TestValidateV2ProtocolNormal
--- PASS: TestValidateV2ProtocolNormal (0.00s)
=== RUN   TestPredictorNoGraph
--- PASS: TestPredictorNoGraph (0.00s)
=== RUN   TestShadowPredictor
--- PASS: TestShadowPredictor (0.00s)
=== RUN   TestNoPredictors
--- PASS: TestNoPredictors (0.00s)
=== RUN   TestValidateTwoShadows
--- PASS: TestValidateTwoShadows (0.00s)
PASS
coverage: 39.3% of statements
path is /workspace/source/operator
All profiles combined

Ginkgo ran 6 suites in 1m9.188514525s
Test Suite Passed
docker build . -t seldonio/seldon-core-operator:1.3.0-dev
Sending build context to Docker daemon  11.19MB
Step 1/28 : FROM golang:1.14.9 as builder
1.14.9: Pulling from library/golang
57df1a1f1ad8: Pulling fs layer
71e126169501: Pulling fs layer
1af28a55c3f3: Pulling fs layer
03f1c9932170: Pulling fs layer
f4773b341423: Pulling fs layer
6e11e1e4650d: Pulling fs layer
7bdfcd218115: Pulling fs layer
f4773b341423: Waiting
6e11e1e4650d: Waiting
7bdfcd218115: Waiting
03f1c9932170: Waiting
71e126169501: Download complete
1af28a55c3f3: Download complete
57df1a1f1ad8: Verifying Checksum
57df1a1f1ad8: Download complete
03f1c9932170: Verifying Checksum
03f1c9932170: Download complete
f4773b341423: Verifying Checksum
f4773b341423: Download complete
7bdfcd218115: Verifying Checksum
7bdfcd218115: Download complete
6e11e1e4650d: Verifying Checksum
6e11e1e4650d: Download complete
57df1a1f1ad8: Pull complete
71e126169501: Pull complete
1af28a55c3f3: Pull complete
03f1c9932170: Pull complete
f4773b341423: Pull complete
6e11e1e4650d: Pull complete
7bdfcd218115: Pull complete
Digest: sha256:2586a80bea5329c08ef5e4e48a120f1fe947c4f928f51f189dbdb3fe8b40c9d2
Status: Downloaded newer image for golang:1.14.9
 ---> d6747a138341
Step 2/28 : WORKDIR /workspace
 ---> Running in f64abf8e17b9
Removing intermediate container f64abf8e17b9
 ---> 7b8aec45628b
Step 3/28 : COPY go.mod go.mod
 ---> 49b1bf439586
Step 4/28 : COPY go.sum go.sum
 ---> 1ee6a4a9a00d
Step 5/28 : RUN go mod download
 ---> Running in 224abc86d063
Removing intermediate container 224abc86d063
 ---> 81e00801c181
Step 6/28 : COPY main.go main.go
 ---> 9b2c38e539f2
Step 7/28 : COPY apis/ apis/
 ---> d94bdc0a77b9
Step 8/28 : COPY controllers/ controllers/
 ---> 8540b2e881b7
Step 9/28 : COPY utils/ utils/
 ---> 8d02860c4962
Step 10/28 : COPY constants/ constants/
 ---> 131fb926b12b
Step 11/28 : COPY client/ client/
 ---> 06dd1042b97b
Step 12/28 : RUN go build -a -o manager main.go
 ---> Running in 41f663c89d66
Removing intermediate container 41f663c89d66
 ---> 0eae05f40888
Step 13/28 : RUN wget -O hashicorp-golang-lru.tar.gz https://github.com/hashicorp/golang-lru/archive/master.tar.gz
 ---> Running in 93581e7ba023
[91m--2020-10-06 12:48:41--  https://github.com/hashicorp/golang-lru/archive/master.tar.gz
[0m[91mResolving github.com (github.com)... [0m[91m140.82.121.4
Connecting to github.com (github.com)|140.82.121.4|:443... [0m[91mconnected.
[0m[91mHTTP request sent, awaiting response... [0m[91m302 Found
Location: https://codeload.github.com/hashicorp/golang-lru/tar.gz/master [following]
[0m[91m--2020-10-06 12:48:41--  https://codeload.github.com/hashicorp/golang-lru/tar.gz/master
Resolving codeload.github.com (codeload.github.com)... [0m[91m140.82.121.10
Connecting to codeload.github.com (codeload.github.com)|140.82.121.10|:443... [0m[91mconnected.
[0m[91mHTTP request sent, awaiting response... [0m[91m200 OK
[0m[91mLength: unspecified [application/x-gzip]
Saving to: 'hashicorp-golang-lru.tar.gz'

     0K .......... ..[0m[91m.                                         1.02M=0.01s

2020-10-06 12:48:42 (1.02 MB/s) - 'hashicorp-golang-lru.tar.gz' saved [13973]

[0mRemoving intermediate container 93581e7ba023
 ---> b8a3b5c14ade
Step 14/28 : RUN wget -O armon-consul-api.tar.gz https://github.com/armon/consul-api/archive/master.tar.gz
 ---> Running in d746657481fe
[91m--2020-10-06 12:48:43--  https://github.com/armon/consul-api/archive/master.tar.gz
[0m[91mResolving github.com (github.com)... [0m[91m140.82.121.3
Connecting to github.com (github.com)|140.82.121.3|:443... [0m[91mconnected.
[0m[91mHTTP request sent, awaiting response... [0m[91m302 Found
Location: https://codeload.github.com/armon/consul-api/tar.gz/master [following]
--2020-10-06 12:48:43--  https://codeload.github.com/armon/consul-api/tar.gz/master
Resolving codeload.github.com (codeload.github.com)... [0m[91m140.82.121.9
Connecting to codeload.github.com (codeload.github.com)|140.82.121.9|:443... [0m[91mconnected.
[0m[91mHTTP request sent, awaiting response... [0m[91m200 OK
Length: unspecified [application/x-gzip]
Saving to: 'armon-consul-api.tar.gz'
[0m[91m
     0K ...[0m[91m....[0m[91m... ..[0m[91m.....                                    [0m[91m 1.37M=0.01s

2020-10-06 12:48:43 (1.37 MB/s) - 'armon-consul-api.tar.gz' saved [17977]

[0mRemoving intermediate container d746657481fe
 ---> eda7549a44ca
Step 15/28 : RUN wget -O hasicorp-hcl.tar.gz https://github.com/hashicorp/hcl/archive/master.tar.gz
 ---> Running in c2ac05aba012
[91m--2020-10-06 12:48:44--  https://github.com/hashicorp/hcl/archive/master.tar.gz
[0m[91mResolving github.com (github.com)... [0m[91m140.82.121.3
Connecting to github.com (github.com)|140.82.121.3|:443... [0m[91mconnected.
[0m[91mHTTP request sent, awaiting response... [0m[91m302 Found
Location: https://codeload.github.com/hashicorp/hcl/tar.gz/master [following]
[0m[91m--2020-10-06 12:48:45--  https://codeload.github.com/hashicorp/hcl/tar.gz/master
Resolving codeload.github.com (codeload.github.com)... [0m[91m140.82.121.10[0m[91m
[0m[91mConnecting to codeload.github.com (codeload.github.com)|140.82.121.10|:443... [0m[91mconnected.
[0m[91mHTTP request sent, awaiting response... [0m[91m200 OK
Length: unspecified [application/x-gzip]
Saving to: 'hasicorp-hcl.tar.gz'

     0K .......... .[0m[91m.....[0m[91m.... .......... .......[0m[91m... .......... 1.86M
    50K .......... .......... .                                80.0M=0.03s

2020-10-06 12:48:45 (2.63 MB/s) - 'hasicorp-hcl.tar.gz' saved [72956]

[0mRemoving intermediate container c2ac05aba012
 ---> 95fe6ad70bef
Step 16/28 : FROM gcr.io/distroless/base:latest
latest: Pulling from distroless/base
5c7fe08dec51: Pulling fs layer
31eb28996804: Pulling fs layer
5c7fe08dec51: Verifying Checksum
5c7fe08dec51: Download complete
31eb28996804: Verifying Checksum
31eb28996804: Download complete
5c7fe08dec51: Pull complete
31eb28996804: Pull complete
Digest: sha256:884ac2144c3ee154bd67271e99bc6ef00f430092750167729b0321ab55fde5ec
Status: Downloaded newer image for gcr.io/distroless/base:latest
 ---> aa310c5c880e
Step 17/28 : WORKDIR /
 ---> Running in 1ba645eaac42
Removing intermediate container 1ba645eaac42
 ---> ad56777065b2
Step 18/28 : COPY --from=builder /workspace/manager .
 ---> 0067c1ac0a33
Step 19/28 : COPY licenses/license.txt licenses/license.txt
 ---> ed6738e60b26
Step 20/28 : COPY --from=builder /workspace/hashicorp-golang-lru.tar.gz licenses/mpl_source/hashicorp-golang-lru.tar.gz
 ---> e842d469e214
Step 21/28 : COPY --from=builder /workspace/armon-consul-api.tar.gz licenses/mpl_source/armon-consul-api.tar.gz
 ---> 70bb9ccaae4b
Step 22/28 : COPY --from=builder /workspace/hasicorp-hcl.tar.gz licenses/mpl_source/hasicorp-hcl.tar.gz
 ---> 42c588862b93
Step 23/28 : COPY generated/admissionregistration.k8s.io_v1beta1_mutatingwebhookconfiguration_seldon-mutating-webhook-configuration.yaml /tmp/operator-resources/mutate.yaml
 ---> 0c4f2928e0e2
Step 24/28 : COPY generated/admissionregistration.k8s.io_v1beta1_validatingwebhookconfiguration_seldon-validating-webhook-configuration.yaml /tmp/operator-resources/validate.yaml
 ---> c7d3a62e7c35
Step 25/28 : COPY generated/~g_v1_service_seldon-webhook-service.yaml /tmp/operator-resources/service.yaml
 ---> 729de7ba816f
Step 26/28 : COPY generated/~g_v1_configmap_seldon-config.yaml /tmp/operator-resources/configmap.yaml
 ---> f5e1c6ed55d1
Step 27/28 : COPY generated/apiextensions.k8s.io_v1beta1_customresourcedefinition_seldondeployments.machinelearning.seldon.io.yaml /tmp/operator-resources/crd.yaml
 ---> 01a931a01a79
Step 28/28 : ENTRYPOINT ["/manager"]
 ---> Running in 03907bd42f06
Removing intermediate container 03907bd42f06
 ---> fb37f405e5bb
Successfully built fb37f405e5bb
Successfully tagged seldonio/seldon-core-operator:1.3.0-dev
docker save seldonio/seldon-core-operator:1.3.0-dev > operator.tar
kind load image-archive operator.tar --name kind
make[1]: Leaving directory '/workspace/source/operator'
Files changed in engine folder:
SKIPPING ENGINE IMAGE BUILD...
Files changed in executor folder:
executor/go.mod
executor/go.sum
executor/licenses/dep.txt
cd ../../executor && make kind-image-install
make[1]: Entering directory '/workspace/source/executor'
rm _operator -rf
cp -r ../operator _operator
go fmt ./api/... ./predictor/... ./k8s/... ./logger/...
go: downloading google.golang.org/grpc v1.32.0
go: downloading github.com/opentracing/opentracing-go v1.2.0
go: downloading github.com/cloudevents/sdk-go v1.2.0
go: downloading github.com/confluentinc/confluent-kafka-go v1.4.2
go: downloading github.com/prometheus/common v0.14.0
go: downloading github.com/grpc-ecosystem/go-grpc-middleware v1.2.1
go: downloading github.com/gorilla/mux v1.8.0
go: downloading github.com/uber/jaeger-client-go v2.25.0+incompatible
go: downloading go.opencensus.io v0.22.4
go: downloading github.com/google/uuid v1.1.2
go: downloading go.uber.org/zap v1.16.0
go: downloading github.com/lightstep/tracecontext.go v0.0.0-20181129014701-1757c391b1ac
go: downloading github.com/uber/jaeger-lib v2.2.0+incompatible
go: downloading google.golang.org/genproto v0.0.0-20200731012542-8145dea6a485
go vet ./api/... ./predictor/... ./k8s/... ./logger/...
go: downloading gotest.tools v2.2.0+incompatible
go test ./api/... ./predictor/... ./k8s/... ./logger/... -coverprofile cover.out
?   	github.com/seldonio/seldon-core/executor/api	[no test files]
?   	github.com/seldonio/seldon-core/executor/api/client	[no test files]
ok  	github.com/seldonio/seldon-core/executor/api/grpc	0.083s	coverage: 18.0% of statements
?   	github.com/seldonio/seldon-core/executor/api/grpc/kfserving	[no test files]
?   	github.com/seldonio/seldon-core/executor/api/grpc/kfserving/inference	[no test files]
ok  	github.com/seldonio/seldon-core/executor/api/grpc/seldon	1.181s	coverage: 48.5% of statements
?   	github.com/seldonio/seldon-core/executor/api/grpc/seldon/proto	[no test files]
?   	github.com/seldonio/seldon-core/executor/api/grpc/seldon/test	[no test files]
ok  	github.com/seldonio/seldon-core/executor/api/grpc/tensorflow	0.070s	coverage: 19.2% of statements
ok  	github.com/seldonio/seldon-core/executor/api/kafka	0.077s	coverage: 1.2% of statements
ok  	github.com/seldonio/seldon-core/executor/api/metric	0.044s	coverage: 31.6% of statements
ok  	github.com/seldonio/seldon-core/executor/api/payload	0.172s	coverage: 64.3% of statements
ok  	github.com/seldonio/seldon-core/executor/api/rest	1.100s	coverage: 63.2% of statements
?   	github.com/seldonio/seldon-core/executor/api/test	[no test files]
ok  	github.com/seldonio/seldon-core/executor/api/tracing	0.014s	coverage: 72.2% of statements
ok  	github.com/seldonio/seldon-core/executor/api/util	0.071s	coverage: 48.1% of statements
ok  	github.com/seldonio/seldon-core/executor/predictor	0.102s	coverage: 67.9% of statements
ok  	github.com/seldonio/seldon-core/executor/k8s	0.023s	coverage: 72.7% of statements
?   	github.com/seldonio/seldon-core/executor/logger	[no test files]
mkdir -p api/rest/openapi/
cp ../openapi/swagger-ui/* api/rest/openapi/
cp ../openapi/engine.oas3.json api/rest/openapi/seldon.json
docker build -f Dockerfile.executor -t seldonio/seldon-core-executor:1.3.0-dev .
Sending build context to Docker daemon   89.7MB
Step 1/27 : FROM golang:1.13 as builder
1.13: Pulling from library/golang
d6ff36c9ec48: Pulling fs layer
c958d65b3090: Pulling fs layer
edaf0a6b092f: Pulling fs layer
80931cf68816: Pulling fs layer
813643441356: Pulling fs layer
799f41bb59c9: Pulling fs layer
16b5038bccc8: Pulling fs layer
16b5038bccc8: Waiting
80931cf68816: Waiting
813643441356: Waiting
799f41bb59c9: Waiting
edaf0a6b092f: Verifying Checksum
edaf0a6b092f: Download complete
c958d65b3090: Verifying Checksum
c958d65b3090: Download complete
d6ff36c9ec48: Verifying Checksum
d6ff36c9ec48: Download complete
80931cf68816: Verifying Checksum
80931cf68816: Download complete
813643441356: Verifying Checksum
813643441356: Download complete
16b5038bccc8: Verifying Checksum
16b5038bccc8: Download complete
799f41bb59c9: Verifying Checksum
799f41bb59c9: Download complete
d6ff36c9ec48: Pull complete
c958d65b3090: Pull complete
edaf0a6b092f: Pull complete
80931cf68816: Pull complete
813643441356: Pull complete
799f41bb59c9: Pull complete
16b5038bccc8: Pull complete
Digest: sha256:8ebb6d5a48deef738381b56b1d4cd33d99a5d608e0d03c5fe8dfa3f68d41a1f8
Status: Downloaded newer image for golang:1.13
 ---> d6f3656320fe
Step 2/27 : WORKDIR /workspace
 ---> Running in 4b4b2a0b9adf
Removing intermediate container 4b4b2a0b9adf
 ---> d1c5e7ef6ed5
Step 3/27 : COPY go.mod go.mod
 ---> 3c57ec59e7de
Step 4/27 : COPY go.sum go.sum
 ---> d1474ac4e2c7
Step 5/27 : COPY proto/ proto/
 ---> 5d48c8996ff2
Step 6/27 : COPY _operator/ _operator/
 ---> cbdb7d9bafd7
Step 7/27 : RUN go mod download
 ---> Running in 1f9774db005f
[91mgo: finding bazil.org/fuse v0.0.0-20180421153158-65cc252bf669
[0m[91mgo: finding cloud.google.com/go v0.62.0
[0m[91mgo: finding cloud.google.com/go/bigquery v1.8.0
[0m[91mgo: finding cloud.google.com/go/datastore v1.1.0
[0m[91mgo: finding cloud.google.com/go/firestore v1.1.0
[0m[91mgo: finding cloud.google.com/go/logging v1.0.0
[0m[91mgo: finding cloud.google.com/go/pubsub v1.6.1
[0m[91mgo: finding cloud.google.com/go/storage v1.10.0
[0m[91mgo: finding code.gitea.io/sdk/gitea v0.12.0
[0m[91mgo: finding contrib.go.opencensus.io/exporter/aws v0.0.0-20181029163544-2befc13012d0
[0m[91mgo: finding contrib.go.opencensus.io/exporter/ocagent v0.7.1-0.20200615190824-f8c219d2d895
[0m[91mgo: finding contrib.go.opencensus.io/exporter/prometheus v0.2.1-0.20200609204449-6bcf6f8577f0
[0m[91mgo: finding contrib.go.opencensus.io/exporter/stackdriver v0.13.2
[0m[91mgo: finding contrib.go.opencensus.io/exporter/zipkin v0.1.1
[0m[91mgo: finding contrib.go.opencensus.io/integrations/ocsql v0.1.4
[0m[91mgo: finding contrib.go.opencensus.io/resource v0.1.1
[0m[91mgo: finding dmitri.shuralyov.com/gpu/mtl v0.0.0-20190408044501-666a987793e9
[0m[91mgo: finding git.apache.org/thrift.git v0.12.0
[0m[91mgo: finding github.com/Azure/azure-amqp-common-go v1.1.4
[0m[91mgo: finding github.com/Azure/azure-amqp-common-go/v2 v2.1.0
[0m[91mgo: finding github.com/Azure/azure-amqp-common-go/v3 v3.0.1
[0m[91mgo: finding github.com/Azure/azure-event-hubs-go v1.3.1
[0m[91mgo: finding github.com/Azure/azure-pipeline-go v0.2.2
[0m[91mgo: finding github.com/Azure/azure-sdk-for-go v46.0.0+incompatible
[0m[91mgo: finding github.com/Azure/azure-service-bus-go v0.10.6
[0m[91mgo: finding github.com/Azure/azure-storage-blob-go v0.10.0
[0m[91mgo: finding github.com/Azure/azure-storage-queue-go v0.0.0-20191125232315-636801874cdd
[0m[91mgo: finding github.com/Azure/go-amqp v0.13.1
[0m[91mgo: finding github.com/Azure/go-ansiterm v0.0.0-20170929234023-d6e3b3328b78
[0m[91mgo: finding github.com/Azure/go-autorest v14.2.0+incompatible
[0m[91mgo: finding github.com/Azure/go-autorest/autorest v0.11.3
[0m[91mgo: finding github.com/Azure/go-autorest/autorest/adal v0.9.2
[0m[91mgo: finding github.com/Azure/go-autorest/autorest/azure/auth v0.5.1
[0m[91mgo: finding github.com/Azure/go-autorest/autorest/azure/cli v0.4.0
[0m[91mgo: finding github.com/Azure/go-autorest/autorest/date v0.3.0
[0m[91mgo: finding github.com/Azure/go-autorest/autorest/mocks v0.4.1
[0m[91mgo: finding github.com/Azure/go-autorest/autorest/to v0.4.0
[0m[91mgo: finding github.com/Azure/go-autorest/autorest/validation v0.3.0
[0m[91mgo: finding github.com/Azure/go-autorest/logger v0.2.0
[0m[91mgo: finding github.com/Azure/go-autorest/tracing v0.6.0
[0m[91mgo: finding github.com/BurntSushi/toml v0.3.1
[0m[91mgo: finding github.com/BurntSushi/xgb v0.0.0-20160522181843-27f122750802
[0m[91mgo: finding github.com/DataDog/zstd v1.4.1
[0m[91mgo: finding github.com/Djarvur/go-err113 v0.1.0
[0m[91mgo: finding github.com/GoogleCloudPlatform/cloud-builders/gcs-fetcher v0.0.0-20191203181535-308b93ad1f39
[0m[91mgo: finding github.com/GoogleCloudPlatform/cloudsql-proxy v0.0.0-20191009163259-e802c2cb94ae
[0m[91mgo: finding github.com/GoogleCloudPlatform/k8s-cloud-provider v0.0.0-20190822182118-27a4ced34534
[0m[91mgo: finding github.com/GoogleCloudPlatform/testgrid v0.0.13
[0m[91mgo: finding github.com/Huawei/gophercloud v1.0.21
[0m[91mgo: finding github.com/Knetic/govaluate v3.0.1-0.20171022003610-9aa49832a739+incompatible
[0m[91mgo: finding github.com/MakeNowJust/heredoc v0.0.0-20170808103936-bb23615498cd
[0m[91mgo: finding github.com/Masterminds/goutils v1.1.0
[0m[91mgo: finding github.com/Masterminds/semver v1.5.0
[0m[91mgo: finding github.com/Masterminds/semver/v3 v3.1.0
[0m[91mgo: finding github.com/Masterminds/sprig/v3 v3.0.2
[0m[91mgo: finding github.com/Masterminds/vcs v1.13.1
[0m[91mgo: finding github.com/Microsoft/go-winio v0.4.15-0.20190919025122-fc70bd9a86b5
[0m[91mgo: finding github.com/Microsoft/hcsshim v0.8.7
[0m[91mgo: finding github.com/NYTimes/gziphandler v0.0.0-20170623195520-56545f4a5d46
[0m[91mgo: finding github.com/OneOfOne/xxhash v1.2.2
[0m[91mgo: finding github.com/OpenPeeDeeP/depguard v1.0.1
[0m[91mgo: finding github.com/PuerkitoBio/purell v1.1.1
[0m[91mgo: finding github.com/PuerkitoBio/urlesc v0.0.0-20170810143723-de5bf2ad4578
[0m[91mgo: finding github.com/Shopify/logrus-bugsnag v0.0.0-20171204204709-577dee27f20d
[0m[91mgo: finding github.com/Shopify/sarama v1.27.0
[0m[91mgo: finding github.com/Shopify/toxiproxy v2.1.4+incompatible
[0m[91mgo: finding github.com/StackExchange/wmi v0.0.0-20180116203802-5d049714c4a6
[0m[91mgo: finding github.com/VividCortex/gohistogram v1.0.0
[0m[91mgo: finding github.com/afex/hystrix-go v0.0.0-20180502004556-fa1af6a1f4f5
[0m[91mgo: finding github.com/agnivade/levenshtein v1.0.1
[0m[91mgo: finding github.com/alcortesm/tgz v0.0.0-20161220082320-9c5fe88206d7
[0m[91mgo: finding github.com/alecthomas/kingpin v2.2.6+incompatible
[0m[91mgo: finding github.com/alecthomas/template v0.0.0-20190718012654-fb15b899a751
[0m[91mgo: finding github.com/alecthomas/units v0.0.0-20190924025748-f65c72e2690d
[0m[91mgo: finding github.com/andreyvit/diff v0.0.0-20170406064948-c7f18ee00883
[0m[91mgo: finding github.com/andybalholm/brotli v0.0.0-20190621154722-5f990b63d2d6
[0m[91mgo: finding github.com/andygrunwald/go-gerrit v0.0.0-20190120104749-174420ebee6c
[0m[91mgo: finding github.com/anmitsu/go-shlex v0.0.0-20161002113705-648efa622239
[0m[91mgo: finding github.com/antihax/optional v1.0.0
[0m[91mgo: finding github.com/apache/thrift v0.13.0
[0m[91mgo: finding github.com/apex/log v1.3.0
[0m[91mgo: finding github.com/apex/logs v0.0.4
[0m[91mgo: finding github.com/aphistic/golf v0.0.0-20180712155816-02c07f170c5a
[0m[91mgo: finding github.com/aphistic/sweet v0.2.0
[0m[91mgo: finding github.com/armon/circbuf v0.0.0-20150827004946-bbbad097214e
[0m[91mgo: finding github.com/armon/consul-api v0.0.0-20180202201655-eb2c6b5be1b6
[0m[91mgo: finding github.com/armon/go-metrics v0.0.0-20180917152333-f0300d1749da
[0m[91mgo: finding github.com/armon/go-radix v0.0.0-20180808171621-7fddfc383310
[0m[91mgo: finding github.com/armon/go-socks5 v0.0.0-20160902184237-e75332964ef5
[0m[91mgo: finding github.com/aryann/difflib v0.0.0-20170710044230-e206f873d14a
[0m[91mgo: finding github.com/asaskevich/govalidator v0.0.0-20200108200545-475eaeb16496
[0m[91mgo: finding github.com/aws/aws-k8s-tester v1.0.0
[0m[91mgo: finding github.com/aws/aws-lambda-go v1.13.3
[0m[91mgo: finding github.com/aws/aws-sdk-go v1.34.18
[0m[91mgo: finding github.com/aws/aws-sdk-go-v2 v0.18.0
[0m[91mgo: finding github.com/aybabtme/rgbterm v0.0.0-20170906152045-cc83f3b3ce59
[0m[91mgo: finding github.com/bazelbuild/buildtools v0.0.0-20190917191645-69366ca98f89
[0m[91mgo: finding github.com/beorn7/perks v1.0.1
[0m[91mgo: finding github.com/bgentry/speakeasy v0.1.0
[0m[91mgo: finding github.com/bitly/go-simplejson v0.5.0
[0m[91mgo: finding github.com/bketelsen/crypt v0.0.3-0.20200106085610-5cbc8cc4026c
[0m[91mgo: finding github.com/blakesmith/ar v0.0.0-20190502131153-809d4375e1fb
[0m[91mgo: finding github.com/blang/semver v3.5.1+incompatible
[0m[91mgo: finding github.com/bmizerany/assert v0.0.0-20160611221934-b7ed37b82869
[0m[91mgo: finding github.com/bmizerany/perks v0.0.0-20141205001514-d9a9656a3a4b
[0m[91mgo: finding github.com/bombsimon/wsl/v2 v2.2.0
[0m[91mgo: finding github.com/bombsimon/wsl/v3 v3.1.0
[0m[91mgo: finding github.com/bshuster-repo/logrus-logstash-hook v0.4.1
[0m[91mgo: finding github.com/bugsnag/bugsnag-go v0.0.0-20141110184014-b1d153021fcd
[0m[91mgo: finding github.com/bugsnag/osext v0.0.0-20130617224835-0dd3f918b21b
[0m[91mgo: finding github.com/bugsnag/panicwrap v0.0.0-20151223152923-e2c28503fcd0
[0m[91mgo: finding github.com/bwmarrin/snowflake v0.0.0
[0m[91mgo: finding github.com/caarlos0/ctrlc v1.0.0
[0m[91mgo: finding github.com/campoy/unique v0.0.0-20180121183637-88950e537e7e
[0m[91mgo: finding github.com/casbin/casbin/v2 v2.1.2
[0m[91mgo: finding github.com/cavaliercoder/go-cpio v0.0.0-20180626203310-925f9528c45e
[0m[91mgo: finding github.com/cenkalti/backoff v2.2.1+incompatible
[0m[91mgo: finding github.com/census-instrumentation/opencensus-proto v0.2.1
[0m[91mgo: finding github.com/cespare/xxhash v1.1.0
[0m[91mgo: finding github.com/cespare/xxhash/v2 v2.1.1
[0m[91mgo: finding github.com/chai2010/gettext-go v0.0.0-20160711120539-c6fed771bfd5
[0m[91mgo: finding github.com/chzyer/logex v1.1.10
[0m[91mgo: finding github.com/chzyer/readline v0.0.0-20180603132655-2972be24d48e
[0m[91mgo: finding github.com/chzyer/test v0.0.0-20180213035817-a1ea475d72b1
[0m[91mgo: finding github.com/cihub/seelog v0.0.0-20170130134532-f561c5e57575
[0m[91mgo: finding github.com/clarketm/json v1.13.4
[0m[91mgo: finding github.com/clbanning/x2j v0.0.0-20191024224557-825249438eec
[0m[91mgo: finding github.com/client9/misspell v0.3.4
[0m[91mgo: finding github.com/cloudevents/sdk-go v1.2.0
[0m[91mgo: finding github.com/cloudevents/sdk-go/v2 v2.0.0
[0m[91mgo: finding github.com/cncf/udpa/go v0.0.0-20191209042840-269d4d468f6f
[0m[91mgo: finding github.com/cockroachdb/datadriven v0.0.0-20190809214429-80d97fb3cbaa
[0m[91mgo: finding github.com/codahale/hdrhistogram v0.0.0-20161010025455-3a0bb77429bd
[0m[91mgo: finding github.com/confluentinc/confluent-kafka-go v1.4.2
[0m[91mgo: finding github.com/containerd/cgroups v0.0.0-20190919134610-bf292b21730f
[0m[91mgo: finding github.com/containerd/console v0.0.0-20180822173158-c12b1e7919c1
[0m[91mgo: finding github.com/containerd/containerd v1.3.3
[0m[91mgo: finding github.com/containerd/continuity v0.0.0-20200107194136-26c1120b8d41
[0m[91mgo: finding github.com/containerd/fifo v0.0.0-20190226154929-a9fb20d87448
[0m[91mgo: finding github.com/containerd/go-runc v0.0.0-20180907222934-5a6d9f37cfa3
[0m[91mgo: finding github.com/containerd/ttrpc v0.0.0-20190828154514-0e0f228740de
[0m[91mgo: finding github.com/containerd/typeurl v0.0.0-20180627222232-a93fcdb778cd
[0m[91mgo: finding github.com/coreos/bbolt v1.3.3
[0m[91mgo: finding github.com/coreos/etcd v3.3.17+incompatible
[0m[91mgo: finding github.com/coreos/go-etcd v2.0.0+incompatible
[0m[91mgo: finding github.com/coreos/go-oidc v2.1.0+incompatible
[0m[91mgo: finding github.com/coreos/go-semver v0.3.0
[0m[91mgo: finding github.com/coreos/go-systemd v0.0.0-20190321100706-95778dfbb74e
[0m[91mgo: finding github.com/coreos/pkg v0.0.0-20180928190104-399ea9e2e55f
[0m[91mgo: finding github.com/cpuguy83/go-md2man v1.0.10
[0m[91mgo: finding github.com/cpuguy83/go-md2man/v2 v2.0.0
[0m[91mgo: finding github.com/creack/pty v1.1.9
[0m[91mgo: finding github.com/cyphar/filepath-securejoin v0.2.2
[0m[91mgo: finding github.com/davecgh/go-spew v1.1.1
[0m[91mgo: finding github.com/daviddengcn/go-colortext v0.0.0-20160507010035-511bcaf42ccd
[0m[91mgo: finding github.com/deislabs/oras v0.8.1
[0m[91mgo: finding github.com/denisenkom/go-mssqldb v0.0.0-20191124224453-732737034ffd
[0m[91mgo: finding github.com/denverdino/aliyungo v0.0.0-20190125010748-a747050bb1ba
[0m[91mgo: finding github.com/devigned/tab v0.1.1
[0m[91mgo: finding github.com/dgrijalva/jwt-go v3.2.0+incompatible
[0m[91mgo: finding github.com/dgryski/go-gk v0.0.0-20200319235926-a69029f61654
[0m[91mgo: finding github.com/dgryski/go-sip13 v0.0.0-20181026042036-e10d5fee7954
[0m[91mgo: finding github.com/dimchansky/utfbom v1.1.0
[0m[91mgo: finding github.com/djherbis/atime v1.0.0
[0m[91mgo: finding github.com/dnaeon/go-vcr v1.0.1
[0m[91mgo: finding github.com/docker/cli v0.0.0-20200210162036-a4bedce16568
[0m[91mgo: finding github.com/docker/distribution v2.7.1+incompatible
[0m[91mgo: finding github.com/docker/docker v1.13.1
[0m[91mgo: finding github.com/docker/docker-credential-helpers v0.6.3
[0m[91mgo: finding github.com/docker/go-connections v0.4.0
[0m[91mgo: finding github.com/docker/go-metrics v0.0.0-20180209012529-399ea8c73916
[0m[91mgo: finding github.com/docker/go-units v0.4.0
[0m[91mgo: finding github.com/docker/libtrust v0.0.0-20150114040149-fa567046d9b1
[0m[91mgo: finding github.com/docker/spdystream v0.0.0-20160310174837-449fdfce4d96
[0m[91mgo: finding github.com/docopt/docopt-go v0.0.0-20180111231733-ee0de3bc6815
[0m[91mgo: finding github.com/dsnet/compress v0.0.1
[0m[91mgo: finding github.com/dsnet/golib v0.0.0-20171103203638-1ea166775780
[0m[91mgo: finding github.com/dustin/go-humanize v1.0.0
[0m[91mgo: finding github.com/eapache/go-resiliency v1.2.0
[0m[91mgo: finding github.com/eapache/go-xerial-snappy v0.0.0-20180814174437-776d5712da21
[0m[91mgo: finding github.com/eapache/queue v1.1.0
[0m[91mgo: finding github.com/edsrzf/mmap-go v1.0.0
[0m[91mgo: finding github.com/elazarl/goproxy v0.0.0-20180725130230-947c36da3153
[0m[91mgo: finding github.com/emicklei/go-restful v2.9.5+incompatible
[0m[91mgo: finding github.com/emicklei/go-restful-swagger12 v0.0.0-20170208215640-dcef7f557305
[0m[91mgo: finding github.com/emirpasic/gods v1.12.0
[0m[91mgo: finding github.com/envoyproxy/go-control-plane v0.9.4
[0m[91mgo: finding github.com/envoyproxy/protoc-gen-validate v0.1.0
[0m[91mgo: finding github.com/erikstmartin/go-testdb v0.0.0-20160219214506-8d10e4a1bae5
[0m[91mgo: finding github.com/evanphx/json-patch v4.9.0+incompatible
[0m[91mgo: finding github.com/exponent-io/jsonpath v0.0.0-20151013193312-d6023ce2651d
[0m[91mgo: finding github.com/fatih/camelcase v1.0.0
[0m[91mgo: finding github.com/fatih/color v1.9.0
[0m[91mgo: finding github.com/fatih/structs v1.1.0
[0m[91mgo: finding github.com/flynn/go-shlex v0.0.0-20150515145356-3f9db97f8568
[0m[91mgo: finding github.com/fortytw2/leaktest v1.3.0
[0m[91mgo: finding github.com/franela/goblin v0.0.0-20200105215937-c9ffbefa60db
[0m[91mgo: finding github.com/franela/goreq v0.0.0-20171204163338-bcd34c9993f8
[0m[91mgo: finding github.com/frankban/quicktest v1.10.0
[0m[91mgo: finding github.com/fsnotify/fsnotify v1.4.9
[0m[91mgo: finding github.com/fsouza/fake-gcs-server v1.19.4
[0m[91mgo: finding github.com/garyburd/redigo v0.0.0-20150301180006-535138d7bcd7
[0m[91mgo: finding github.com/ghodss/yaml v1.0.0
[0m[91mgo: finding github.com/gliderlabs/ssh v0.2.2
[0m[91mgo: finding github.com/globalsign/mgo v0.0.0-20181015135952-eeefdecb41b8
[0m[91mgo: finding github.com/go-bindata/go-bindata/v3 v3.1.3
[0m[91mgo: finding github.com/go-critic/go-critic v0.4.3
[0m[91mgo: finding github.com/go-gl/glfw v0.0.0-20190409004039-e6da0acd62b1
[0m[91mgo: finding github.com/go-gl/glfw/v3.3/glfw v0.0.0-20200222043503-6f7a984d4dc4
[0m[91mgo: finding github.com/go-ini/ini v1.55.0
[0m[91mgo: finding github.com/go-kit/kit v0.10.0
[0m[91mgo: finding github.com/go-ldap/ldap v3.0.2+incompatible
[0m[91mgo: finding github.com/go-lintpack/lintpack v0.5.2
[0m[91mgo: finding github.com/go-logfmt/logfmt v0.5.0
[0m[91mgo: finding github.com/go-logr/logr v0.1.0
[0m[91mgo: finding github.com/go-logr/zapr v0.1.1
[0m[91mgo: finding github.com/go-ole/go-ole v1.2.1
[0m[91mgo: finding github.com/go-openapi/analysis v0.19.5
[0m[91mgo: finding github.com/go-openapi/errors v0.19.2
[0m[91mgo: finding github.com/go-openapi/jsonpointer v0.19.3
[0m[91mgo: finding github.com/go-openapi/jsonreference v0.19.3
[0m[91mgo: finding github.com/go-openapi/loads v0.19.4
[0m[91mgo: finding github.com/go-openapi/runtime v0.19.4
[0m[91mgo: finding github.com/go-openapi/spec v0.19.6
[0m[91mgo: finding github.com/go-openapi/strfmt v0.19.3
[0m[91mgo: finding github.com/go-openapi/swag v0.19.7
[0m[91mgo: finding github.com/go-openapi/validate v0.19.5
[0m[91mgo: finding github.com/go-redis/redis v6.15.9+incompatible
[0m[91mgo: finding github.com/go-sql-driver/mysql v1.5.0
[0m[91mgo: finding github.com/go-stack/stack v1.8.0
[0m[91mgo: finding github.com/go-test/deep v1.0.4
[0m[91mgo: finding github.com/go-toolsmith/astcast v1.0.0
[0m[91mgo: finding github.com/go-toolsmith/astcopy v1.0.0
[0m[91mgo: finding github.com/go-toolsmith/astequal v1.0.0
[0m[91mgo: finding github.com/go-toolsmith/astfmt v1.0.0
[0m[91mgo: finding github.com/go-toolsmith/astinfo v0.0.0-20180906194353-9809ff7efb21
[0m[91mgo: finding github.com/go-toolsmith/astp v1.0.0
[0m[91mgo: finding github.com/go-toolsmith/pkgload v1.0.0
[0m[91mgo: finding github.com/go-toolsmith/strparse v1.0.0
[0m[91mgo: finding github.com/go-toolsmith/typep v1.0.2
[0m[91mgo: finding github.com/go-xmlfmt/xmlfmt v0.0.0-20191208150333-d5b6f63a941b
[0m[91mgo: finding github.com/go-yaml/yaml v2.1.0+incompatible
[0m[91mgo: finding github.com/gobuffalo/envy v1.7.1
[0m[91mgo: finding github.com/gobwas/glob v0.2.3
[0m[91mgo: finding github.com/godbus/dbus v0.0.0-20190422162347-ade71ed3457e
[0m[91mgo: finding github.com/gofrs/flock v0.7.1
[0m[91mgo: finding github.com/gogo/googleapis v1.1.0
[0m[91mgo: finding github.com/gogo/protobuf v1.3.1
[0m[91mgo: finding github.com/golang-sql/civil v0.0.0-20190719163853-cb61b32ac6fe
[0m[91mgo: finding github.com/golang/gddo v0.0.0-20190419222130-af0f2af80721
[0m[91mgo: finding github.com/golang/glog v0.0.0-20160126235308-23def4e6c14b
[0m[91mgo: finding github.com/golang/groupcache v0.0.0-20200121045136-8c9f03a8e57e
[0m[91mgo: finding github.com/golang/lint v0.0.0-20180702182130-06c8688daad7
[0m[91mgo: finding github.com/golang/mock v1.4.4
[0m[91mgo: finding github.com/golang/protobuf v1.4.2
[0m[91mgo: finding github.com/golang/snappy v0.0.1
[0m[91mgo: finding github.com/golangci/check v0.0.0-20180506172741-cfe4005ccda2
[0m[91mgo: finding github.com/golangci/dupl v0.0.0-20180902072040-3e9179ac440a
[0m[91mgo: finding github.com/golangci/errcheck v0.0.0-20181223084120-ef45e06d44b6
[0m[91mgo: finding github.com/golangci/go-misc v0.0.0-20180628070357-927a3d87b613
[0m[91mgo: finding github.com/golangci/goconst v0.0.0-20180610141641-041c5f2b40f3
[0m[91mgo: finding github.com/golangci/gocyclo v0.0.0-20180528144436-0a533e8fa43d
[0m[91mgo: finding github.com/golangci/gofmt v0.0.0-20190930125516-244bba706f1a
[0m[91mgo: finding github.com/golangci/golangci-lint v1.27.0
[0m[91mgo: finding github.com/golangci/ineffassign v0.0.0-20190609212857-42439a7714cc
[0m[91mgo: finding github.com/golangci/lint-1 v0.0.0-20191013205115-297bf364a8e0
[0m[91mgo: finding github.com/golangci/maligned v0.0.0-20180506175553-b1d89398deca
[0m[91mgo: finding github.com/golangci/misspell v0.3.5
[0m[91mgo: finding github.com/golangci/prealloc v0.0.0-20180630174525-215b22d4de21
[0m[91mgo: finding github.com/golangci/revgrep v0.0.0-20180812185044-276a5c0a1039
[0m[91mgo: finding github.com/golangci/unconvert v0.0.0-20180507085042-28b1c447d1f4
[0m[91mgo: finding github.com/golangplus/bytes v0.0.0-20160111154220-45c989fe5450
[0m[91mgo: finding github.com/golangplus/fmt v0.0.0-20150411045040-2a5d6d7d2995
[0m[91mgo: finding github.com/golangplus/testing v0.0.0-20180327235837-af21d9c3145e
[0m[91mgo: finding github.com/gomodule/redigo v1.7.0
[0m[91mgo: finding github.com/google/btree v1.0.0
[0m[91mgo: finding github.com/google/go-cmp v0.5.1
[0m[91mgo: finding github.com/google/go-containerregistry v0.1.1
[0m[91mgo: finding github.com/google/go-github v17.0.0+incompatible
[0m[91mgo: finding github.com/google/go-github/v27 v27.0.6
[0m[91mgo: finding github.com/google/go-github/v28 v28.1.1
[0m[91mgo: finding github.com/google/go-github/v29 v29.0.3
[0m[91mgo: finding github.com/google/go-licenses v0.0.0-20200227160636-0fa8c766a591
[0m[91mgo: finding github.com/google/go-querystring v1.0.0
[0m[91mgo: finding github.com/google/go-replayers/grpcreplay v0.1.0
[0m[91mgo: finding github.com/google/go-replayers/httpreplay v0.1.0
[0m[91mgo: finding github.com/google/gofuzz v1.1.0
[0m[91mgo: finding github.com/google/licenseclassifier v0.0.0-20200708223521-3d09a0ea2f39
[0m[91mgo: finding github.com/google/mako v0.0.0-20190821191249-122f8dcef9e3
[0m[91mgo: finding github.com/google/martian v2.1.1-0.20190517191504-25dcb96d9e51+incompatible
[0m[91mgo: finding github.com/google/martian/v3 v3.0.0
[0m[91mgo: finding github.com/google/pprof v0.0.0-20200708004538-1a94d8640e99
[0m[91mgo: finding github.com/google/renameio v0.1.0
[0m[91mgo: finding github.com/google/rpmpack v0.0.0-20191226140753-aa36bfddb3a0
[0m[91mgo: finding github.com/google/subcommands v1.0.1
[0m[91mgo: finding github.com/google/uuid v1.1.2
[0m[91mgo: finding github.com/google/wire v0.4.0
[0m[91mgo: finding github.com/googleapis/gax-go v2.0.2+incompatible
[0m[91mgo: finding github.com/googleapis/gax-go/v2 v2.0.5
[0m[91mgo: finding github.com/googleapis/gnostic v0.4.0
[0m[91mgo: finding github.com/gookit/color v1.2.4
[0m[91mgo: finding github.com/gophercloud/gophercloud v0.1.0
[0m[91mgo: finding github.com/gopherjs/gopherjs v0.0.0-20181017120253-0766667cb4d1
[0m[91mgo: finding github.com/goreleaser/goreleaser v0.136.0
[0m[91mgo: finding github.com/goreleaser/nfpm v1.3.0
[0m[91mgo: finding github.com/gorilla/context v1.1.1
[0m[91mgo: finding github.com/gorilla/csrf v1.6.2
[0m[91mgo: finding github.com/gorilla/handlers v1.4.2
[0m[91mgo: finding github.com/gorilla/mux v1.8.0
[0m[91mgo: finding github.com/gorilla/securecookie v1.1.1
[0m[91mgo: finding github.com/gorilla/sessions v1.2.0
[0m[91mgo: finding github.com/gorilla/websocket v1.4.2
[0m[91mgo: finding github.com/gostaticanalysis/analysisutil v0.0.3
[0m[91mgo: finding github.com/gosuri/uitable v0.0.4
[0m[91mgo: finding github.com/gotestyourself/gotestyourself v2.2.0+incompatible
[0m[91mgo: finding github.com/gregjones/httpcache v0.0.0-20190212212710-3befbb6ad0cc
[0m[91mgo: finding github.com/grpc-ecosystem/go-grpc-middleware v1.2.1
[0m[91mgo: finding github.com/grpc-ecosystem/go-grpc-prometheus v1.2.0
[0m[91mgo: finding github.com/grpc-ecosystem/grpc-gateway v1.14.6
[0m[91mgo: finding github.com/h2non/gock v1.0.9
[0m[91mgo: finding github.com/hashicorp/consul/api v1.3.0
[0m[91mgo: finding github.com/hashicorp/consul/sdk v0.3.0
[0m[91mgo: finding github.com/hashicorp/errwrap v1.0.0
[0m[91mgo: finding github.com/hashicorp/go-cleanhttp v0.5.1
[0m[91mgo: finding github.com/hashicorp/go-hclog v0.9.2
[0m[91mgo: finding github.com/hashicorp/go-immutable-radix v1.0.0
[0m[91mgo: finding github.com/hashicorp/go-msgpack v0.5.3
[0m[91mgo: finding github.com/hashicorp/go-multierror v1.1.0
[0m[91mgo: finding github.com/hashicorp/go-plugin v1.0.1
[0m[91mgo: finding github.com/hashicorp/go-retryablehttp v0.6.6
[0m[91mgo: finding github.com/hashicorp/go-rootcerts v1.0.1
[0m[91mgo: finding github.com/hashicorp/go-sockaddr v1.0.2
[0m[91mgo: finding github.com/hashicorp/go-syslog v1.0.0
[0m[91mgo: finding github.com/hashicorp/go-uuid v1.0.2
[0m[91mgo: finding github.com/hashicorp/go-version v1.2.0
[0m[91mgo: finding github.com/hashicorp/go.net v0.0.1
[0m[91mgo: finding github.com/hashicorp/golang-lru v0.5.4
[0m[91mgo: finding github.com/hashicorp/hcl v1.0.0
[0m[91mgo: finding github.com/hashicorp/logutils v1.0.0
[0m[91mgo: finding github.com/hashicorp/mdns v1.0.0
[0m[91mgo: finding github.com/hashicorp/memberlist v0.1.3
[0m[91mgo: finding github.com/hashicorp/serf v0.8.2
[0m[91mgo: finding github.com/hashicorp/vault/api v1.0.4
[0m[91mgo: finding github.com/hashicorp/vault/sdk v0.1.13
[0m[91mgo: finding github.com/hashicorp/yamux v0.0.0-20181012175058-2f1d1f20f75d
[0m[91mgo: finding github.com/hpcloud/tail v1.0.0
[0m[91mgo: finding github.com/huandu/xstrings v1.2.0
[0m[91mgo: finding github.com/hudl/fargo v1.3.0
[0m[91mgo: finding github.com/ianlancetaylor/demangle v0.0.0-20181102032728-5e5cf60278f6
[0m[91mgo: finding github.com/imdario/mergo v0.3.11
[0m[91mgo: finding github.com/inconshreveable/mousetrap v1.0.0
[0m[91mgo: finding github.com/influxdata/influxdb v0.0.0-20161215172503-049f9b42e9a5
[0m[91mgo: finding github.com/influxdata/influxdb1-client v0.0.0-20191209144304-8bf82d3c094d
[0m[91mgo: finding github.com/influxdata/tdigest v0.0.0-20181121200506-bf2b5ad3c0a9
[0m[91mgo: finding github.com/jarcoal/httpmock v1.0.5
[0m[91mgo: finding github.com/jbenet/go-context v0.0.0-20150711004518-d14ea06fba99
[0m[91mgo: finding github.com/jcmturner/gofork v1.0.0
[0m[91mgo: finding github.com/jenkins-x/go-scm v1.5.117
[0m[91mgo: finding github.com/jessevdk/go-flags v1.4.0
[0m[91mgo: finding github.com/jingyugao/rowserrcheck v0.0.0-20191204022205-72ab7603b68a
[0m[91mgo: finding github.com/jinzhu/gorm v1.9.12
[0m[91mgo: finding github.com/jinzhu/inflection v1.0.0
[0m[91mgo: finding github.com/jinzhu/now v1.1.1
[0m[91mgo: finding github.com/jirfag/go-printf-func-name v0.0.0-20200119135958-7558a9eaa5af
[0m[91mgo: finding github.com/jmespath/go-jmespath v0.3.0
[0m[91mgo: finding github.com/jmoiron/sqlx v1.2.1-0.20190826204134-d7d95172beb5
[0m[91mgo: finding github.com/joefitzgerald/rainbow-reporter v0.1.0
[0m[91mgo: finding github.com/joho/godotenv v1.3.0
[0m[91mgo: finding github.com/jonboulle/clockwork v0.1.0
[0m[91mgo: finding github.com/jpillora/backoff v1.0.0
[0m[91mgo: finding github.com/json-iterator/go v1.1.10
[0m[91mgo: finding github.com/jstemmer/go-junit-report v0.9.1
[0m[91mgo: finding github.com/jtolds/gls v4.20.0+incompatible
[0m[91mgo: finding github.com/julienschmidt/httprouter v1.3.0
[0m[91mgo: finding github.com/kballard/go-shellquote v0.0.0-20180428030007-95032a82bc51
[0m[91mgo: finding github.com/kedacore/keda v0.0.0-20200911122749-717aab81817f
[0m[91mgo: finding github.com/kelseyhightower/envconfig v1.4.0
[0m[91mgo: finding github.com/kevinburke/ssh_config v0.0.0-20190725054713-01f96b0aa0cd
[0m[91mgo: finding github.com/kisielk/errcheck v1.2.0
[0m[91mgo: finding github.com/kisielk/gotool v1.0.0
[0m[91mgo: finding github.com/klauspost/compress v1.10.10
[0m[91mgo: finding github.com/klauspost/cpuid v1.2.2
[0m[91mgo: finding github.com/klauspost/pgzip v1.2.1
[0m[91mgo: finding github.com/knative/build v0.1.2
[0m[91mgo: finding github.com/konsorten/go-windows-terminal-sequences v1.0.3
[0m[91mgo: finding github.com/kr/logfmt v0.0.0-20140226030751-b84e30acd515
[0m[91mgo: finding github.com/kr/pretty v0.2.0
[0m[91mgo: finding github.com/kr/pty v1.1.8
[0m[91mgo: finding github.com/kr/text v0.2.0
[0m[91mgo: finding github.com/kubernetes-incubator/custom-metrics-apiserver v0.0.0-20200618121405-54026617ec44
[0m[91mgo: finding github.com/lib/pq v1.8.0
[0m[91mgo: finding github.com/liggitt/tabwriter v0.0.0-20181228230101-89fcab3d43de
[0m[91mgo: finding github.com/lightstep/lightstep-tracer-common/golang/gogo v0.0.0-20190605223551-bc2310a04743
[0m[91mgo: finding github.com/lightstep/lightstep-tracer-go v0.18.1
[0m[91mgo: finding github.com/lightstep/tracecontext.go v0.0.0-20181129014701-1757c391b1ac
[0m[91mgo: finding github.com/lithammer/dedent v1.1.0
[0m[91mgo: finding github.com/logrusorgru/aurora v0.0.0-20181002194514-a7b3b318ed4e
[0m[91mgo: finding github.com/lyft/protoc-gen-validate v0.0.13
[0m[91mgo: finding github.com/magiconair/properties v1.8.1
[0m[91mgo: finding github.com/mailru/easyjson v0.7.1-0.20191009090205-6c0755d89d1e
[0m[91mgo: finding github.com/maratori/testpackage v1.0.1
[0m[91mgo: finding github.com/markbates/inflect v1.0.4
[0m[91mgo: finding github.com/marstr/guid v1.1.0
[0m[91mgo: finding github.com/matoous/godox v0.0.0-20190911065817-5d6d842e92eb
[0m[91mgo: finding github.com/mattbaird/jsonpatch v0.0.0-20171005235357-81af80346b1a
[0m[91mgo: finding github.com/mattn/go-colorable v0.1.6
[0m[91mgo: finding github.com/mattn/go-ieproxy v0.0.1
[0m[91mgo: finding github.com/mattn/go-isatty v0.0.12
[0m[91mgo: finding github.com/mattn/go-runewidth v0.0.8
[0m[91mgo: finding github.com/mattn/go-shellwords v1.0.10
[0m[91mgo: finding github.com/mattn/go-sqlite3 v2.0.1+incompatible
[0m[91mgo: finding github.com/mattn/go-zglob v0.0.2
[0m[91mgo: finding github.com/mattn/goveralls v0.0.2
[0m[91mgo: finding github.com/matttproud/golang_protobuf_extensions v1.0.1
[0m[91mgo: finding github.com/maxbrunsfeld/counterfeiter/v6 v6.2.2
[0m[91mgo: finding github.com/mgutz/ansi v0.0.0-20170206155736-9520e82c474b
[0m[91mgo: finding github.com/mholt/archiver/v3 v3.3.0
[0m[91mgo: finding github.com/miekg/dns v1.0.14
[0m[91mgo: finding github.com/mitchellh/cli v1.0.0
[0m[91mgo: finding github.com/mitchellh/copystructure v1.0.0
[0m[91mgo: finding github.com/mitchellh/go-homedir v1.1.0
[0m[91mgo: finding github.com/mitchellh/go-ps v0.0.0-20190716172923-621e5597135b
[0m[91mgo: finding github.com/mitchellh/go-testing-interface v1.0.0
[0m[91mgo: finding github.com/mitchellh/go-wordwrap v1.0.0
[0m[91mgo: finding github.com/mitchellh/gox v0.4.0
[0m[91mgo: finding github.com/mitchellh/hashstructure v1.0.0
[0m[91mgo: finding github.com/mitchellh/iochan v1.0.0
[0m[91mgo: finding github.com/mitchellh/ioprogress v0.0.0-20180201004757-6a23b12fa88e
[0m[91mgo: finding github.com/mitchellh/mapstructure v1.3.3
[0m[91mgo: finding github.com/mitchellh/osext v0.0.0-20151018003038-5e2d6d41470f
[0m[91mgo: finding github.com/mitchellh/reflectwalk v1.0.0
[0m[91mgo: finding github.com/modern-go/concurrent v0.0.0-20180306012644-bacd9c7ef1dd
[0m[91mgo: finding github.com/modern-go/reflect2 v1.0.1
[0m[91mgo: finding github.com/mohae/deepcopy v0.0.0-20170929034955-c48cc78d4826
[0m[91mgo: finding github.com/morikuni/aec v1.0.0
[0m[91mgo: finding github.com/mozilla/tls-observatory v0.0.0-20200317151703-4fa42e1c2dee
[0m[91mgo: finding github.com/munnerz/goautoneg v0.0.0-20191010083416-a7dc8b61c822
[0m[91mgo: finding github.com/mwitkow/go-conntrack v0.0.0-20190716064945-2f068394615f
[0m[91mgo: finding github.com/mxk/go-flowrate v0.0.0-20140419014527-cca7078d478f
[0m[91mgo: finding github.com/nakabonne/nestif v0.3.0
[0m[91mgo: finding github.com/natefinch/lumberjack v2.0.0+incompatible
[0m[91mgo: finding github.com/nats-io/gnatsd v1.4.1
[0m[91mgo: finding github.com/nats-io/go-nats v1.7.0
[0m[91mgo: finding github.com/nats-io/jwt v0.3.2
[0m[91mgo: finding github.com/nats-io/nats-server/v2 v2.1.2
[0m[91mgo: finding github.com/nats-io/nats.go v1.9.1
[0m[91mgo: finding github.com/nats-io/nkeys v0.1.3
[0m[91mgo: finding github.com/nats-io/nuid v1.0.1
[0m[91mgo: finding github.com/nbio/st v0.0.0-20140626010706-e9e8d9816f32
[0m[91mgo: finding github.com/nbutton23/zxcvbn-go v0.0.0-20180912185939-ae427f1e4c1d
[0m[91mgo: finding github.com/ncw/swift v1.0.47
[0m[91mgo: finding github.com/niemeyer/pretty v0.0.0-20200227124842-a10e7caefd8e
[0m[91mgo: finding github.com/nwaples/rardecode v1.0.0
[0m[91mgo: finding github.com/nxadm/tail v1.4.4
[0m[91mgo: finding github.com/octago/sflags v0.2.0
[0m[91mgo: finding github.com/oklog/oklog v0.3.2
[0m[91mgo: finding github.com/oklog/run v1.0.0
[0m[91mgo: finding github.com/oklog/ulid v1.3.1
[0m[91mgo: finding github.com/olekukonko/tablewriter v0.0.0-20170122224234-a0225b3f23b5
[0m[91mgo: finding github.com/onsi/ginkgo v1.14.1
[0m[91mgo: finding github.com/onsi/gomega v1.10.2
[0m[91mgo: finding github.com/op/go-logging v0.0.0-20160315200505-970db520ece7
[0m[91mgo: finding github.com/opencontainers/go-digest v1.0.0-rc1
[0m[91mgo: finding github.com/opencontainers/image-spec v1.0.1
[0m[91mgo: finding github.com/opencontainers/runc v0.1.1
[0m[91mgo: finding github.com/opencontainers/runtime-spec v0.1.2-0.20190507144316-5b71a03e2700
[0m[91mgo: finding github.com/opencontainers/runtime-tools v0.0.0-20181011054405-1d69bd0f9c39
[0m[91mgo: finding github.com/opentracing-contrib/go-observer v0.0.0-20170622124052-a52f23424492
[0m[91mgo: finding github.com/opentracing/basictracer-go v1.0.0
[0m[91mgo: finding github.com/opentracing/opentracing-go v1.2.0
[0m[91mgo: finding github.com/openzipkin-contrib/zipkin-go-opentracing v0.4.5
[0m[91mgo: finding github.com/openzipkin/zipkin-go v0.2.2
[0m[91mgo: finding github.com/otiai10/copy v1.0.2
[0m[91mgo: finding github.com/otiai10/curr v0.0.0-20150429015615-9b4961190c95
[0m[91mgo: finding github.com/otiai10/mint v1.3.0
[0m[91mgo: finding github.com/pact-foundation/pact-go v1.0.4
[0m[91mgo: finding github.com/pascaldekloe/goe v0.1.0
[0m[91mgo: finding github.com/pborman/uuid v1.2.0
[0m[91mgo: finding github.com/pelletier/go-buffruneio v0.2.0
[0m[91mgo: finding github.com/pelletier/go-toml v1.8.0
[0m[91mgo: finding github.com/performancecopilot/speed v3.0.0+incompatible
[0m[91mgo: finding github.com/peterbourgon/diskv v2.0.1+incompatible
[0m[91mgo: finding github.com/phayes/checkstyle v0.0.0-20170904204023-bfd46e6a821d
[0m[91mgo: finding github.com/phayes/freeport v0.0.0-20180830031419-95f893ade6f2
[0m[91mgo: finding github.com/pierrec/lz4 v2.5.2+incompatible
[0m[91mgo: finding github.com/pkg/errors v0.9.1
[0m[91mgo: finding github.com/pkg/profile v1.2.1
[0m[91mgo: finding github.com/pmezard/go-difflib v1.0.0
[0m[91mgo: finding github.com/posener/complete v1.1.1
[0m[91mgo: finding github.com/pquerna/cachecontrol v0.0.0-20171018203845-0dec1b30a021
[0m[91mgo: finding github.com/prometheus/client_golang v1.7.1
[0m[91mgo: finding github.com/prometheus/client_model v0.2.0
[0m[91mgo: finding github.com/prometheus/common v0.14.0
[0m[91mgo: finding github.com/prometheus/procfs v0.1.3
[0m[91mgo: finding github.com/prometheus/statsd_exporter v0.15.0
[0m[91mgo: finding github.com/prometheus/tsdb v0.7.1
[0m[91mgo: finding github.com/quasilyte/go-consistent v0.0.0-20190521200055-c6f3937de18c
[0m[91mgo: finding github.com/quasilyte/go-ruleguard v0.1.2-0.20200318202121-b00d7a75d3d8
[0m[91mgo: finding github.com/rcrowley/go-metrics v0.0.0-20200313005456-10cdbea86bc0
[0m[91mgo: finding github.com/remyoudompheng/bigfft v0.0.0-20170806203942-52369c62f446
[0m[91mgo: finding github.com/robfig/cron/v3 v3.0.1
[0m[91mgo: finding github.com/rogpeppe/fastuuid v1.2.0
[0m[91mgo: finding github.com/rogpeppe/go-internal v1.5.2
[0m[91mgo: finding github.com/rubiojr/go-vhd v0.0.0-20160810183302-0bfd3b39853c
[0m[91mgo: finding github.com/russross/blackfriday v1.5.2
[0m[91mgo: finding github.com/russross/blackfriday/v2 v2.0.1
[0m[91mgo: finding github.com/ryancurrah/gomodguard v1.1.0
[0m[91mgo: finding github.com/ryanuber/columnize v2.1.0+incompatible
[0m[91mgo: finding github.com/ryanuber/go-glob v1.0.0
[0m[91mgo: finding github.com/samuel/go-zookeeper v0.0.0-20190923202752-2cc03de413da
[0m[91mgo: finding github.com/sassoftware/go-rpmutils v0.0.0-20190420191620-a8f1baeba37b
[0m[91mgo: finding github.com/satori/go.uuid v1.2.0
[0m[91mgo: finding github.com/sclevine/spec v1.2.0
[0m[91mgo: finding github.com/sean-/seed v0.0.0-20170313163322-e2103e2c3529
[0m[91mgo: finding github.com/securego/gosec v0.0.0-20200401082031-e946c8c39989
[0m[91mgo: finding github.com/securego/gosec/v2 v2.3.0
[0m[91mgo: finding github.com/sergi/go-diff v1.1.0
[0m[91mgo: finding github.com/shirou/gopsutil v0.0.0-20190901111213-e4ec7b275ada
[0m[91mgo: finding github.com/shirou/w32 v0.0.0-20160930032740-bb4de0191aa4
[0m[91mgo: finding github.com/shurcooL/githubv4 v0.0.0-20191102174205-af46314aec7b
[0m[91mgo: finding github.com/shurcooL/go v0.0.0-20180423040247-9e1955d9fb6e
[0m[91mgo: finding github.com/shurcooL/go-goon v0.0.0-20170922171312-37c2f522c041
[0m[91mgo: finding github.com/shurcooL/graphql v0.0.0-20181231061246-d48a9a75455f
[0m[91mgo: finding github.com/shurcooL/sanitized_anchor_name v1.0.0
[0m[91mgo: finding github.com/sirupsen/logrus v1.6.0
[0m[91mgo: finding github.com/smartystreets/assertions v1.0.0
[0m[91mgo: finding github.com/smartystreets/go-aws-auth v0.0.0-20180515143844-0c1422d1fdb9
[0m[91mgo: finding github.com/smartystreets/goconvey v1.6.4
[0m[91mgo: finding github.com/smartystreets/gunit v1.0.0
[0m[91mgo: finding github.com/soheilhy/cmux v0.1.4
[0m[91mgo: finding github.com/sony/gobreaker v0.4.1
[0m[91mgo: finding github.com/sourcegraph/go-diff v0.5.3
[0m[91mgo: finding github.com/spaolacci/murmur3 v0.0.0-20180118202830-f09979ecbc72
[0m[91mgo: finding github.com/spf13/afero v1.2.2
[0m[91mgo: finding github.com/spf13/cast v1.3.1
[0m[91mgo: finding github.com/spf13/cobra v1.0.0
[0m[91mgo: finding github.com/spf13/jwalterweatherman v1.1.0
[0m[91mgo: finding github.com/spf13/pflag v1.0.5
[0m[91mgo: finding github.com/spf13/viper v1.7.0
[0m[91mgo: finding github.com/src-d/gcfg v1.4.0
[0m[91mgo: finding github.com/streadway/amqp v1.0.0
[0m[91mgo: finding github.com/streadway/handy v0.0.0-20190108123426-d5acb3125c2a
[0m[91mgo: finding github.com/streadway/quantile v0.0.0-20150917103942-b0c588724d25
[0m[91mgo: finding github.com/stretchr/ob** v0.2.0
[0m[91mgo: finding github.com/stretchr/testify v1.6.1
[0m[91mgo: finding github.com/subosito/gotenv v1.2.0
[0m[91mgo: finding github.com/syndtr/gocapability v0.0.0-20170704070218-db04d3cc01c8
[0m[91mgo: finding github.com/tdakkota/asciicheck v0.0.0-20200416200610-e657995f937b
[0m[91mgo: finding github.com/tektoncd/pipeline v0.13.1-0.20200625065359-44f22a067b75
[0m[91mgo: finding github.com/tektoncd/plumbing v0.0.0-20200430135134-e53521e1d887
[0m[91mgo: finding github.com/tektoncd/plumbing/pipelinerun-logs v0.0.0-20191206114338-712d544c2c21
[0m[91mgo: finding github.com/tetafro/godot v0.4.2
[0m[91mgo: finding github.com/tidwall/gjson v1.6.1
[0m[91mgo: finding github.com/tidwall/match v1.0.1
[0m[91mgo: finding github.com/tidwall/pretty v1.0.2
[0m[91mgo: finding github.com/timakin/bodyclose v0.0.0-20200424151742-cb6215831a94
[0m[91mgo: finding github.com/tj/assert v0.0.0-20171129193455-018094318fb0
[0m[91mgo: finding github.com/tj/go-elastic v0.0.0-20171221160941-36157cbbebc2
[0m[91mgo: finding github.com/tj/go-kinesis v0.0.0-20171128231115-08b17f58cb1b
[0m[91mgo: finding github.com/tj/go-spin v1.1.0
[0m[91mgo: finding github.com/tmc/grpc-websocket-proxy v0.0.0-20190109142713-0ad062ec5ee5
[0m[91mgo: finding github.com/tommy-muehle/go-mnd v1.3.1-0.20200224220436-e6f9a994e8fa
[0m[91mgo: finding github.com/tsenart/vegeta v12.7.1-0.20190725001342-b5f4fca92137+incompatible
[0m[91mgo: finding github.com/uber/jaeger-client-go v2.25.0+incompatible
[0m[91mgo: finding github.com/uber/jaeger-lib v2.2.0+incompatible
[0m[91mgo: finding github.com/ugorji/go v1.1.4
[0m[91mgo: finding github.com/ugorji/go/codec v0.0.0-20181204163529-d75b2dcb6bc8
[0m[91mgo: finding github.com/ulikunitz/xz v0.5.7
[0m[91mgo: finding github.com/ultraware/funlen v0.0.2
[0m[91mgo: finding github.com/ultraware/whitespace v0.0.4
[0m[91mgo: finding github.com/urfave/cli v1.22.1
[0m[91mgo: finding github.com/uudashr/gocognit v1.0.1
[0m[91mgo: finding github.com/valyala/bytebufferpool v1.0.0
[0m[91mgo: finding github.com/valyala/fasthttp v1.2.0
[0m[91mgo: finding github.com/valyala/quicktemplate v1.2.0
[0m[91mgo: finding github.com/valyala/tcplisten v0.0.0-20161114210144-ceec8f93295a
[0m[91mgo: finding github.com/vdemeester/k8s-pkg-credentialprovider v1.17.4
[0m[91mgo: finding github.com/vektah/gqlparser v1.1.2
[0m[91mgo: finding github.com/vmware/govmomi v0.20.3
[0m[91mgo: finding github.com/xanzy/go-gitlab v0.32.0
[0m[91mgo: finding github.com/xanzy/ssh-agent v0.2.1
[0m[91mgo: finding github.com/xdg/scram v0.0.0-20180814205039-7eeb5667e42c
[0m[91mgo: finding github.com/xdg/stringprep v1.0.0
[0m[91mgo: finding github.com/xeipuuv/gojsonpointer v0.0.0-20180127040702-4e3ac2762d5f
[0m[91mgo: finding github.com/xeipuuv/gojsonreference v0.0.0-20180127040603-bd5ef7bd5415
[0m[91mgo: finding github.com/xeipuuv/gojsonschema v1.1.0
[0m[91mgo: finding github.com/xi2/xz v0.0.0-20171230120015-48954b6210f8
[0m[91mgo: finding github.com/xiang90/probing v0.0.0-20190116061207-43a291ad63a2
[0m[91mgo: finding github.com/xlab/handysort v0.0.0-20150421192137-fb3537ed64a1
[0m[91mgo: finding github.com/xordataexchange/crypt v0.0.3-0.20170626215501-b2862e3d0a77
[0m[91mgo: finding github.com/yuin/goldmark v1.2.1
[0m[91mgo: finding github.com/yvasiyarov/go-metrics v0.0.0-20140926110328-57bccd1ccd43
[0m[91mgo: finding github.com/yvasiyarov/gorelic v0.0.0-20141212073537-a9bba5b9ab50
[0m[91mgo: finding github.com/yvasiyarov/newrelic_platform_go v0.0.0-20140908184405-b21fdbd4370f
[0m[91mgo: finding go.etcd.io/bbolt v1.3.3
[0m[91mgo: finding go.etcd.io/etcd v0.0.0-20191023171146-3cf2f69b5738
[0m[91mgo: finding go.mongodb.org/mongo-driver v1.1.2
[0m[91mgo: finding go.opencensus.io v0.22.4
[0m[91mgo: finding go.uber.org/atomic v1.6.0
[0m[91mgo: finding go.uber.org/automaxprocs v1.3.0
[0m[91mgo: finding go.uber.org/multierr v1.5.0
[0m[91mgo: finding go.uber.org/tools v0.0.0-20190618225709-2cfd321de3ee
[0m[91mgo: finding go.uber.org/zap v1.16.0
[0m[91mgo: finding gocloud.dev v0.19.0
[0m[91mgo: finding golang.org/x/crypto v0.0.0-20200728195943-123391ffb6de
[0m[91mgo: finding golang.org/x/exp v0.0.0-20200331195152-e8c3332aa8e5
[0m[91mgo: finding golang.org/x/image v0.0.0-20190802002840-cff245a6509b
[0m[91mgo: finding golang.org/x/lint v0.0.0-20200302205851-738671d3881b
[0m[91mgo: finding golang.org/x/mobile v0.0.0-20190806162312-597adff16ade
[0m[91mgo: finding golang.org/x/mod v0.3.0
[0m[91mgo: finding golang.org/x/net v0.0.0-20200822124328-c89045814202
[0m[91mgo: finding golang.org/x/oauth2 v0.0.0-20200107190931-bf48bf16ab8d
[0m[91mgo: finding golang.org/x/sync v0.0.0-20200625203802-6e8e738ad208
[0m[91mgo: finding golang.org/x/sys v0.0.0-20200905004654-be1d3432aa8f
[0m[91mgo: finding golang.org/x/text v0.3.3
[0m[91mgo: finding golang.org/x/time v0.0.0-20200630173020-3af7569d3a1e
[0m[91mgo: finding golang.org/x/tools v0.0.0-20200904185747-39188db58858
[0m[91mgo: finding golang.org/x/xerrors v0.0.0-20200804184101-5ec99f83aff1
[0m[91mgo: finding gomodules.xyz/jsonpatch/v2 v2.1.0
[0m[91mgo: finding gonum.org/v1/gonum v0.0.0-20190331200053-3d26580ed485
[0m[91mgo: finding gonum.org/v1/netlib v0.0.0-20190331212654-76723241ea4e
[0m[91mgo: finding google.golang.org/api v0.29.0
[0m[91mgo: finding google.golang.org/appengine v1.6.6
[0m[91mgo: finding google.golang.org/cloud v0.0.0-20151119220103-975617b05ea8
[0m[91mgo: finding google.golang.org/genproto v0.0.0-20200731012542-8145dea6a485
[0m[91mgo: finding google.golang.org/grpc v1.32.0
[0m[91mgo: finding google.golang.org/protobuf v1.25.0
[0m[91mgo: finding gopkg.in/airbrake/gobrake.v2 v2.0.9
[0m[91mgo: finding gopkg.in/alecthomas/kingpin.v2 v2.2.6
[0m[91mgo: finding gopkg.in/asn1-ber.v1 v1.0.0-20181015200546-f715ec2f112d
[0m[91mgo: finding gopkg.in/check.v1 v1.0.0-20200227125254-8fa46927fb4f
[0m[91mgo: finding gopkg.in/cheggaaa/pb.v1 v1.0.25
[0m[91mgo: finding gopkg.in/errgo.v2 v2.1.0
[0m[91mgo: finding gopkg.in/fsnotify.v1 v1.4.7
[0m[91mgo: finding gopkg.in/gcfg.v1 v1.2.3
[0m[91mgo: finding gopkg.in/gemnasium/logrus-airbrake-hook.v2 v2.1.2
[0m[91mgo: finding gopkg.in/inf.v0 v0.9.1
[0m[91mgo: finding gopkg.in/ini.v1 v1.56.0
[0m[91mgo: finding gopkg.in/jcmturner/aescts.v1 v1.0.1
[0m[91mgo: finding gopkg.in/jcmturner/dnsutils.v1 v1.0.1
[0m[91mgo: finding gopkg.in/jcmturner/goidentity.v3 v3.0.0
[0m[91mgo: finding gopkg.in/jcmturner/gokrb5.v7 v7.5.0
[0m[91mgo: finding gopkg.in/jcmturner/rpc.v1 v1.1.0
[0m[91mgo: finding gopkg.in/natefinch/lumberjack.v2 v2.0.0
[0m[91mgo: finding gopkg.in/resty.v1 v1.12.0
[0m[91mgo: finding gopkg.in/robfig/cron.v2 v2.0.0-20150107220207-be2e0b0deed5
[0m[91mgo: finding gopkg.in/square/go-jose.v2 v2.3.1
[0m[91mgo: finding gopkg.in/src-d/go-billy.v4 v4.3.2
[0m[91mgo: finding gopkg.in/src-d/go-git-fixtures.v3 v3.5.0
[0m[91mgo: finding gopkg.in/src-d/go-git.v4 v4.13.1
[0m[91mgo: finding gopkg.in/tomb.v1 v1.0.0-20141024135613-dd632973f1e7
[0m[91mgo: finding gopkg.in/warnings.v0 v0.1.2
[0m[91mgo: finding gopkg.in/yaml.v1 v1.0.0-20140924161607-9f9df34309c0
[0m[91mgo: finding gopkg.in/yaml.v2 v2.3.0
[0m[91mgo: finding gopkg.in/yaml.v3 v3.0.0-20200601152816-913338de1bd2
[0m[91mgo: finding gotest.tools v2.2.0+incompatible
[0m[91mgo: finding helm.sh/helm/v3 v3.1.1
[0m[91mgo: finding honnef.co/go/tools v0.0.1-2020.1.4
[0m[91mgo: finding istio.io/api v0.0.0-20200513175333-ae3da0d240e3
[0m[91mgo: finding istio.io/client-go v0.0.0-20200513180646-f8d9d8ff84e6
[0m[91mgo: finding istio.io/gogo-genproto v0.0.0-20190930162913-45029607206a
[0m[91mgo: finding k8s.io/api v0.18.8
[0m[91mgo: finding k8s.io/apiextensions-apiserver v0.18.8
[0m[91mgo: finding k8s.io/apimachinery v0.18.8
[0m[91mgo: finding k8s.io/apiserver v0.18.8
[0m[91mgo: finding k8s.io/cli-runtime v0.17.3
[0m[91mgo: finding k8s.io/client-go v0.18.8
[0m[91mgo: finding k8s.io/cloud-provider v0.17.4
[0m[91mgo: finding k8s.io/code-generator v0.18.8
[0m[91mgo: finding k8s.io/component-base v0.18.8
[0m[91mgo: finding k8s.io/csi-translation-lib v0.17.4
[0m[91mgo: finding k8s.io/gengo v0.0.0-20200205140755-e0e292d8aa12
[0m[91mgo: finding k8s.io/klog v1.0.0
[0m[91mgo: finding k8s.io/klog/v2 v2.0.0
[0m[91mgo: finding k8s.io/kube-openapi v0.0.0-20200410145947-bcb3869e6f29
[0m[91mgo: finding k8s.io/kubectl v0.17.2
[0m[91mgo: finding k8s.io/kubernetes v1.14.7
[0m[91mgo: finding k8s.io/legacy-cloud-providers v0.17.4
[0m[91mgo: finding k8s.io/metrics v0.18.8
[0m[91mgo: finding k8s.io/test-infra v0.0.0-20200803112140-d8aa4e063646
[0m[91mgo: finding k8s.io/utils v0.0.0-20200603063816-c1c6865ac451
[0m[91mgo: finding knative.dev/caching v0.0.0-20200116200605-67bca2c83dfa
[0m[91mgo: finding knative.dev/eventing-contrib v0.11.2
[0m[91mgo: finding knative.dev/pkg v0.0.0-20200911145400-2d4efecc6bc1
[0m[91mgo: finding knative.dev/test-infra v0.0.0-20200909211651-72eb6ae3c773
[0m[91mgo: finding modernc.org/cc v1.0.0
[0m[91mgo: finding modernc.org/golex v1.0.0
[0m[91mgo: finding modernc.org/mathutil v1.0.0
[0m[91mgo: finding modernc.org/strutil v1.0.0
[0m[91mgo: finding modernc.org/xc v1.0.0
[0m[91mgo: finding mvdan.cc/interfacer v0.0.0-20180901003855-c20040233aed
[0m[91mgo: finding mvdan.cc/lint v0.0.0-20170908181259-adc824a0674b
[0m[91mgo: finding mvdan.cc/unparam v0.0.0-20200501210554-b37ab49443f7
[0m[91mgo: finding mvdan.cc/xurls/v2 v2.0.0
[0m[91mgo: finding pack.ag/amqp v0.11.2
[0m[91mgo: finding rsc.io/binaryregexp v0.2.0
[0m[91mgo: finding rsc.io/letsencrypt v0.0.3
[0m[91mgo: finding rsc.io/quote/v3 v3.1.0
[0m[91mgo: finding rsc.io/sampler v1.3.0
[0m[91mgo: finding sigs.k8s.io/apiserver-network-proxy/konnectivity-client v0.0.7
[0m[91mgo: finding sigs.k8s.io/boskos v0.0.0-20200729174948-794df80db9c9
[0m[91mgo: finding sigs.k8s.io/controller-runtime v0.6.3
[0m[91mgo: finding sigs.k8s.io/kustomize v2.0.3+incompatible
[0m[91mgo: finding sigs.k8s.io/structured-merge-diff v1.0.1
[0m[91mgo: finding sigs.k8s.io/structured-merge-diff/v2 v2.0.1
[0m[91mgo: finding sigs.k8s.io/structured-merge-diff/v3 v3.0.1-0.20200706213357-43c19bbb7fba
[0m[91mgo: finding sigs.k8s.io/testing_frameworks v0.1.1
[0m[91mgo: finding sigs.k8s.io/yaml v1.2.0
[0m[91mgo: finding sourcegraph.com/sourcegraph/appdash v0.0.0-20190731080439-ebfcffb1b5c0
[0m[91mgo: finding sourcegraph.com/sqs/pbtypes v1.0.0
[0m[91mgo: finding vbom.ml/util v0.0.0-20180919145318-efcd4e0f9787
[0mRemoving intermediate container 1f9774db005f
 ---> 208d16f11dac
Step 8/27 : COPY cmd/ cmd/
 ---> 522412d7f590
Step 9/27 : COPY api/ api/
 ---> ff7a73428c16
Step 10/27 : COPY predictor/ predictor/
 ---> 26eea4ec09ea
Step 11/27 : COPY logger/ logger/
 ---> cb4f9a5b861c
Step 12/27 : COPY k8s/ k8s/
 ---> 241013e1abe0
Step 13/27 : RUN go build -a -o executor cmd/executor/main.go
 ---> Running in 0f57c0a42aa3
Removing intermediate container 0f57c0a42aa3
 ---> 2400922278a7
Step 14/27 : RUN wget -O hashicorp-golang-lru.tar.gz https://github.com/hashicorp/golang-lru/archive/master.tar.gz
 ---> Running in e8ac6ff5b889
[91m--2020-10-06 12:53:31--  https://github.com/hashicorp/golang-lru/archive/master.tar.gz
[0m[91mResolving github.com (github.com)... [0m[91m140.82.121.4
Connecting to github.com (github.com)|140.82.121.4|:443... [0m[91mconnected.
[0m[91mHTTP request sent, awaiting response... [0m[91m302 Found
Location: https://codeload.github.com/hashicorp/golang-lru/tar.gz/master [following]
[0m[91m--2020-10-06 12:53:31--  https://codeload.github.com/hashicorp/golang-lru/tar.gz/master
Resolving codeload.github.com (codeload.github.com)... [0m[91m140.82.121.10
Connecting to codeload.github.com (codeload.github.com)|140.82.121.10|:443... [0m[91mconnected.
[0m[91mHTTP request sent, awaiting response... [0m[91m200 OK
[0m[91mLength: [0m[91munspecified[0m[91m [application/x-gzip]
[0m[91mSaving to: 'hashicorp-golang-lru.tar.gz'
[0m[91m
     0K ...[0m[91m....... ..[0m[91m.                                         1.26M=0.01s

[0m[91m2020-10-06 12:53:32 (1.26 MB/s) - 'hashicorp-golang-lru.tar.gz' saved [13973]

[0mRemoving intermediate container e8ac6ff5b889
 ---> 3fa83f4fb3b2
Step 15/27 : RUN wget -O armon-consul-api.tar.gz https://github.com/armon/consul-api/archive/master.tar.gz
 ---> Running in e41b01e563fe
[91m--2020-10-06 12:53:33--  https://github.com/armon/consul-api/archive/master.tar.gz
[0m[91mResolving github.com (github.com)... [0m[91m140.82.121.4
Connecting to github.com (github.com)|140.82.121.4|:443... [0m[91mconnected.
[0m[91mHTTP request sent, awaiting response... [0m[91m302 Found
Location: https://codeload.github.com/armon/consul-api/tar.gz/master [following]
[0m[91m--2020-10-06 12:53:33--  https://codeload.github.com/armon/consul-api/tar.gz/master
Resolving codeload.github.com (codeload.github.com)... [0m[91m140.82.121.10[0m[91m
[0m[91mConnecting to codeload.github.com (codeload.github.com)|140.82.121.10|:443... [0m[91mconnected.
[0m[91mHTTP request sent, awaiting response... [0m[91m200 OK
Length: unspecified [application/x-gzip]
Saving to: 'armon-consul-api.tar.gz'
[0m[91m
     0K ....[0m[91m.....[0m[91m. .[0m[91m.....[0m[91m.                                     1.28M=0.01s

[0m[91m2020-10-06 12:53:33 (1.28 MB/s) - 'armon-consul-api.tar.gz' saved [17977]

[0mRemoving intermediate container e41b01e563fe
 ---> ce641e6ca13e
Step 16/27 : RUN wget -O hasicorp-hcl.tar.gz https://github.com/hashicorp/hcl/archive/master.tar.gz
 ---> Running in af9a88e6ff56
[91m--2020-10-06 12:53:34--  https://github.com/hashicorp/hcl/archive/master.tar.gz
[0m[91mResolving github.com (github.com)... [0m[91m140.82.121.4
Connecting to github.com (github.com)|140.82.121.4|:443... [0m[91mconnected.
[0m[91mHTTP request sent, awaiting response... [0m[91m302 Found
Location: https://codeload.github.com/hashicorp/hcl/tar.gz/master [following]
--2020-10-06 12:53:35--  https://codeload.github.com/hashicorp/hcl/tar.gz/master
Resolving codeload.github.com (codeload.github.com)... [0m[91m140.82.121.9
Connecting to codeload.github.com (codeload.github.com)|140.82.121.9|:443... [0m[91mconnected.
[0m[91mHTTP request sent, awaiting response... [0m[91m200 OK
Length: unspecified [application/x-gzip]
Saving to: 'hasicorp-hcl.tar.gz'

     0K .......... .[0m[91m......... .......... ..[0m[91m.....[0m[91m... .......[0m[91m.[0m[91m.. 1.84M
    50K .......... .......... .                                84.3M=0.03s

[0m[91m2020-10-06 12:53:35 (2.59 MB/s) - 'hasicorp-hcl.tar.gz' saved [72956]

[0mRemoving intermediate container af9a88e6ff56
 ---> 0dbcfe2ac1ab
Step 17/27 : COPY api/rest/openapi/ /openapi/
 ---> fcb3ebf83280
Step 18/27 : RUN chmod -R 660 /openapi/
 ---> Running in 806954447ad7
Removing intermediate container 806954447ad7
 ---> ca798ae3d28f
Step 19/27 : FROM gcr.io/distroless/base:latest
 ---> aa310c5c880e
Step 20/27 : WORKDIR /
 ---> Using cache
 ---> ad56777065b2
Step 21/27 : COPY --from=builder /workspace/executor .
 ---> a602cbf22346
Step 22/27 : COPY licenses/license.txt licenses/license.txt
 ---> 35c1b6abebbf
Step 23/27 : COPY --from=builder /workspace/hashicorp-golang-lru.tar.gz licenses/mpl_source/hashicorp-golang-lru.tar.gz
 ---> 4ad93fd8f5d1
Step 24/27 : COPY --from=builder /workspace/armon-consul-api.tar.gz licenses/mpl_source/armon-consul-api.tar.gz
 ---> 51e7763f3863
Step 25/27 : COPY --from=builder /workspace/hasicorp-hcl.tar.gz licenses/mpl_source/hasicorp-hcl.tar.gz
 ---> f2eddf04f820
Step 26/27 : COPY --from=builder /openapi/ /openapi/
 ---> 0529e5cb7aee
Step 27/27 : ENTRYPOINT ["/executor"]
 ---> Running in 31c6bfc1851b
Removing intermediate container 31c6bfc1851b
 ---> 23bc10800e82
Successfully built 23bc10800e82
Successfully tagged seldonio/seldon-core-executor:1.3.0-dev
kind load -v 3 docker-image seldonio/seldon-core-executor:1.3.0-dev --name kind
Image: "seldonio/seldon-core-executor:1.3.0-dev" with ID "sha256:23bc10800e82d3995bed5dc25cfdb1e554fcff3fbeda2c9efe7d7023c9df6acd" not present on node "kind-worker"
Image: "seldonio/seldon-core-executor:1.3.0-dev" with ID "sha256:23bc10800e82d3995bed5dc25cfdb1e554fcff3fbeda2c9efe7d7023c9df6acd" not present on node "kind-control-plane"
make[1]: Leaving directory '/workspace/source/executor'
Build test models
make -C ../docker/fixed-model kind_load_images
make[1]: Entering directory '/workspace/source/testing/docker/fixed-model'
s2i build -E environment_rest_v1 . seldonio/seldon-core-s2i-python3:0.15 seldonio/fixed-model:0.1
---> Installing application source...
Build completed successfully
s2i build -E environment_rest_v2 . seldonio/seldon-core-s2i-python3:0.15 seldonio/fixed-model:0.2
---> Installing application source...
Build completed successfully
kind load -v 3 docker-image seldonio/fixed-model:0.1
Image: "seldonio/fixed-model:0.1" with ID "sha256:b76e25eef33185364bc2fbf1827d47d57f54dfc9996549d50e2165e0b5eaa6c4" not present on node "kind-worker"
Image: "seldonio/fixed-model:0.1" with ID "sha256:b76e25eef33185364bc2fbf1827d47d57f54dfc9996549d50e2165e0b5eaa6c4" not present on node "kind-control-plane"
kind load -v 3 docker-image seldonio/fixed-model:0.2
Image: "seldonio/fixed-model:0.2" with ID "sha256:110cef3a708c1a7f0a69093aa078412a5066d4178d316bcf94b9407183b9825b" not present on node "kind-worker"
Image: "seldonio/fixed-model:0.2" with ID "sha256:110cef3a708c1a7f0a69093aa078412a5066d4178d316bcf94b9407183b9825b" not present on node "kind-control-plane"
make[1]: Leaving directory '/workspace/source/testing/docker/fixed-model'
make -C ../docker/echo-model kind_load_image
make[1]: Entering directory '/workspace/source/testing/docker/echo-model'
s2i build \
	-E environment_rest \
	.\
	seldonio/seldon-core-s2i-python3:1.1.1-SNAPSHOT\
	seldonio/echo-model:0.1
---> Installing application source...
Build completed successfully
kind load -v 3 docker-image seldonio/echo-model:0.1
Image: "seldonio/echo-model:0.1" with ID "sha256:e522a238793b5b5d8d4a2577e329fc1d65beee22917e0603c96a4f3c74c73522" not present on node "kind-worker"
Image: "seldonio/echo-model:0.1" with ID "sha256:e522a238793b5b5d8d4a2577e329fc1d65beee22917e0603c96a4f3c74c73522" not present on node "kind-control-plane"
make[1]: Leaving directory '/workspace/source/testing/docker/echo-model'
Files changed in prepackaged folder:
SKIPPING PREPACKAGED IMAGE BUILD...
Files changed in alibi explain folder:
SKIPPING ALIBI EXPLAIN IMAGE BUILD...
Files changed in alibi detect folder:
SKIPPING ALIBI DETECT IMAGE BUILD...
Files changed in misc folders:
SKIPPING MISC IMAGE BUILD...
kubectl create namespace seldon || echo "Namespace seldon already exists"
namespace/seldon created
kubectl create namespace test1 || echo "Namespace test1 already exists"
namespace/test1 created
helm repo add stable https://kubernetes-charts.storage.googleapis.com/
"stable" has been added to your repositories
helm repo add seldonio https://storage.googleapis.com/seldon-charts
"seldonio" has been added to your repositories
helm repo add jaegertracing https://jaegertracing.github.io/helm-charts
"jaegertracing" has been added to your repositories
helm repo add datawire https://www.getambassador.io
"datawire" has been added to your repositories
helm repo update
Hang tight while we grab the latest from your chart repositories...
...Successfully got an update from the "jaegertracing" chart repository
...Successfully got an update from the "seldonio" chart repository
...Successfully got an update from the "datawire" chart repository
...Successfully got an update from the "stable" chart repository
Update Complete. âŽˆ Happy Helming!âŽˆ 
helm upgrade ambassador \
	datawire/ambassador \
	-f ../resources/ambassador_values.yaml \
	--set image.repository=quay.io/datawire/ambassador \
	--set crds.keep=false \
	--set enableAES=false \
	--namespace seldon \
	--set replicaCount=1 \
	--wait --install
Release "ambassador" does not exist. Installing it now.
manifest_sorter.go:192: info: skipping unknown hook: "crd-install"
manifest_sorter.go:192: info: skipping unknown hook: "crd-install"
manifest_sorter.go:192: info: skipping unknown hook: "crd-install"
manifest_sorter.go:192: info: skipping unknown hook: "crd-install"
manifest_sorter.go:192: info: skipping unknown hook: "crd-install"
manifest_sorter.go:192: info: skipping unknown hook: "crd-install"
manifest_sorter.go:192: info: skipping unknown hook: "crd-install"
manifest_sorter.go:192: info: skipping unknown hook: "crd-install"
manifest_sorter.go:192: info: skipping unknown hook: "crd-install"
manifest_sorter.go:192: info: skipping unknown hook: "crd-install"
manifest_sorter.go:192: info: skipping unknown hook: "crd-install"
manifest_sorter.go:192: info: skipping unknown hook: "crd-install"
manifest_sorter.go:192: info: skipping unknown hook: "crd-install"
manifest_sorter.go:192: info: skipping unknown hook: "crd-install"
manifest_sorter.go:192: info: skipping unknown hook: "crd-install"
manifest_sorter.go:192: info: skipping unknown hook: "crd-install"
manifest_sorter.go:192: info: skipping unknown hook: "crd-install"
manifest_sorter.go:192: info: skipping unknown hook: "crd-install"
NAME: ambassador
LAST DEPLOYED: Tue Oct  6 13:00:04 2020
NAMESPACE: seldon
STATUS: deployed
REVISION: 1
NOTES:
-------------------------------------------------------------------------------
  Congratulations! You've successfully installed Ambassador!

-------------------------------------------------------------------------------
To get the IP address of Ambassador, run the following commands:
  export NODE_PORT=$(kubectl get --namespace seldon -o jsonpath="{.spec.ports[0].nodePort}" services ambassador)
  export NODE_IP=$(kubectl get nodes --namespace seldon -o jsonpath="{.items[0].status.addresses[0].address}")
  echo http://$NODE_IP:$NODE_PORT

For help, visit our Slack at https://d6e.co/slack or view the documentation online at https://www.getambassador.io.
kubectl apply -f istio-1.4.2.yaml
clusterrole.rbac.authorization.k8s.io/istio-reader-istio-system created
clusterrolebinding.rbac.authorization.k8s.io/istio-reader-istio-system created
customresourcedefinition.apiextensions.k8s.io/attributemanifests.config.istio.io created
customresourcedefinition.apiextensions.k8s.io/clusterrbacconfigs.rbac.istio.io created
customresourcedefinition.apiextensions.k8s.io/destinationrules.networking.istio.io created
customresourcedefinition.apiextensions.k8s.io/envoyfilters.networking.istio.io created
customresourcedefinition.apiextensions.k8s.io/gateways.networking.istio.io created
customresourcedefinition.apiextensions.k8s.io/httpapispecbindings.config.istio.io created
customresourcedefinition.apiextensions.k8s.io/httpapispecs.config.istio.io created
customresourcedefinition.apiextensions.k8s.io/meshpolicies.authentication.istio.io created
customresourcedefinition.apiextensions.k8s.io/policies.authentication.istio.io created
customresourcedefinition.apiextensions.k8s.io/quotaspecbindings.config.istio.io created
customresourcedefinition.apiextensions.k8s.io/quotaspecs.config.istio.io created
customresourcedefinition.apiextensions.k8s.io/rbacconfigs.rbac.istio.io created
customresourcedefinition.apiextensions.k8s.io/rules.config.istio.io created
customresourcedefinition.apiextensions.k8s.io/serviceentries.networking.istio.io created
customresourcedefinition.apiextensions.k8s.io/servicerolebindings.rbac.istio.io created
customresourcedefinition.apiextensions.k8s.io/serviceroles.rbac.istio.io created
customresourcedefinition.apiextensions.k8s.io/virtualservices.networking.istio.io created
customresourcedefinition.apiextensions.k8s.io/adapters.config.istio.io created
customresourcedefinition.apiextensions.k8s.io/instances.config.istio.io created
customresourcedefinition.apiextensions.k8s.io/templates.config.istio.io created
customresourcedefinition.apiextensions.k8s.io/handlers.config.istio.io created
customresourcedefinition.apiextensions.k8s.io/sidecars.networking.istio.io created
customresourcedefinition.apiextensions.k8s.io/authorizationpolicies.security.istio.io created
namespace/istio-system created
serviceaccount/istio-reader-service-account created
clusterrole.rbac.authorization.k8s.io/istio-citadel-istio-system created
clusterrolebinding.rbac.authorization.k8s.io/istio-citadel-istio-system created
deployment.apps/istio-citadel created
poddisruptionbudget.policy/istio-citadel created
service/istio-citadel created
serviceaccount/istio-citadel-service-account created
deployment.apps/istio-egressgateway created
poddisruptionbudget.policy/istio-egressgateway created
gateway.networking.istio.io/istio-multicluster-egressgateway created
virtualservice.networking.istio.io/istio-multicluster-egressgateway created
envoyfilter.networking.istio.io/istio-multicluster-egressgateway created
destinationrule.networking.istio.io/istio-multicluster-destinationrule created
service/istio-egressgateway created
role.rbac.authorization.k8s.io/istio-egressgateway-sds created
rolebinding.rbac.authorization.k8s.io/istio-egressgateway-sds created
serviceaccount/istio-egressgateway-service-account created
clusterrole.rbac.authorization.k8s.io/istio-galley-istio-system created
clusterrolebinding.rbac.authorization.k8s.io/istio-galley-*****-role-binding-istio-system created
configmap/istio-mesh-galley created
configmap/istio-galley-configuration created
deployment.apps/istio-galley created
poddisruptionbudget.policy/istio-galley created
service/istio-galley created
serviceaccount/istio-galley-service-account created
configmap/istio-grafana-configuration-dashboards-citadel-dashboard created
configmap/istio-grafana-configuration-dashboards-galley-dashboard created
configmap/istio-grafana-configuration-dashboards-istio-mesh-dashboard created
configmap/istio-grafana-configuration-dashboards-istio-performance-dashboard created
configmap/istio-grafana-configuration-dashboards-istio-service-dashboard created
configmap/istio-grafana-configuration-dashboards-istio-workload-dashboard created
configmap/istio-grafana-configuration-dashboards-mixer-dashboard created
configmap/istio-grafana-configuration-dashboards-pilot-dashboard created
configmap/istio-grafana created
deployment.apps/grafana created
policy.authentication.istio.io/grafana-ports-mtls-disabled created
service/grafana created
deployment.apps/istio-ingressgateway created
gateway.networking.istio.io/ingressgateway created
poddisruptionbudget.policy/ingressgateway created
service/istio-ingressgateway created
serviceaccount/istio-ingressgateway-service-account created
sidecar.networking.istio.io/default created
clusterrole.rbac.authorization.k8s.io/istio-sidecar-injector-istio-system created
clusterrolebinding.rbac.authorization.k8s.io/istio-sidecar-injector-*****-role-binding-istio-system created
configmap/injector-mesh created
deployment.apps/istio-sidecar-injector created
mutatingwebhookconfiguration.admissionregistration.k8s.io/istio-sidecar-injector created
poddisruptionbudget.policy/istio-sidecar-injector created
service/istio-sidecar-injector created
serviceaccount/istio-sidecar-injector-service-account created
configmap/istio-sidecar-injector created
clusterrole.rbac.authorization.k8s.io/kiali created
clusterrole.rbac.authorization.k8s.io/kiali-viewer created
clusterrolebinding.rbac.authorization.k8s.io/kiali created
configmap/kiali created
secret/kiali created
deployment.apps/kiali created
service/kiali created
serviceaccount/kiali-service-account created
clusterrole.rbac.authorization.k8s.io/istio-pilot-istio-system created
clusterrolebinding.rbac.authorization.k8s.io/istio-pilot-istio-system created
configmap/pilot-envoy-config created
configmap/istio created
deployment.apps/istio-pilot created
meshpolicy.authentication.istio.io/default created
poddisruptionbudget.policy/istio-pilot created
service/istio-pilot created
serviceaccount/istio-pilot-service-account created
clusterrole.rbac.authorization.k8s.io/istio-policy created
clusterrolebinding.rbac.authorization.k8s.io/istio-policy-*****-role-binding-istio-system created
destinationrule.networking.istio.io/istio-policy created
deployment.apps/istio-policy created
poddisruptionbudget.policy/istio-policy created
service/istio-policy created
serviceaccount/istio-policy-service-account created
clusterrole.rbac.authorization.k8s.io/prometheus-istio-system created
clusterrolebinding.rbac.authorization.k8s.io/prometheus-istio-system created
configmap/prometheus created
deployment.apps/prometheus created
service/prometheus created
serviceaccount/prometheus created
horizontalpodautoscaler.autoscaling/istio-telemetry created
clusterrole.rbac.authorization.k8s.io/istio-mixer-istio-system created
clusterrolebinding.rbac.authorization.k8s.io/istio-mixer-*****-role-binding-istio-system created
attributemanifest.config.istio.io/istioproxy created
attributemanifest.config.istio.io/kubernetes created
handler.config.istio.io/stdio created
instance.config.istio.io/accesslog created
instance.config.istio.io/tcpaccesslog created
rule.config.istio.io/stdio created
rule.config.istio.io/stdiotcp created
instance.config.istio.io/requestcount created
instance.config.istio.io/requestduration created
instance.config.istio.io/requestsize created
instance.config.istio.io/responsesize created
instance.config.istio.io/tcpbytesent created
instance.config.istio.io/tcpbytereceived created
instance.config.istio.io/tcpconnectionsopened created
instance.config.istio.io/tcpconnectionsclosed created
handler.config.istio.io/prometheus created
rule.config.istio.io/promhttp created
rule.config.istio.io/promtcp created
rule.config.istio.io/promtcpconnectionopen created
rule.config.istio.io/promtcpconnectionclosed created
handler.config.istio.io/kubernetesenv created
rule.config.istio.io/kubeattrgenrulerule created
rule.config.istio.io/tcpkubeattrgenrulerule created
instance.config.istio.io/attributes created
destinationrule.networking.istio.io/istio-telemetry created
configmap/telemetry-envoy-config created
deployment.apps/istio-telemetry created
poddisruptionbudget.policy/istio-telemetry created
service/istio-telemetry created
serviceaccount/istio-mixer-service-account created
deployment.apps/istio-tracing created
service/jaeger-query created
service/jaeger-collector created
service/jaeger-agent created
service/zipkin created
service/tracing created
kubectl rollout status deployment.apps/istio-ingressgateway -n istio-system
Waiting for deployment "istio-ingressgateway" rollout to finish: 0 of 1 updated replicas are available...
deployment "istio-ingressgateway" successfully rolled out
kubectl rollout status deployment.apps/istio-pilot -n istio-system
deployment "istio-pilot" successfully rolled out
kubectl rollout status deployment.apps/istio-citadel -n istio-system
deployment "istio-citadel" successfully rolled out
kubectl create -f ../resources/seldon-gateway.yaml -n istio-system
gateway.networking.istio.io/seldon-gateway created
helm upgrade jaeger-operator \
	jaegertracing/jaeger-operator \
	--set rbac.clusterRole=true \
	--namespace seldon \
	--wait --install
Release "jaeger-operator" does not exist. Installing it now.
manifest_sorter.go:192: info: skipping unknown hook: "crd-install"
NAME: jaeger-operator
LAST DEPLOYED: Tue Oct  6 13:02:49 2020
NAMESPACE: seldon
STATUS: deployed
REVISION: 1
TEST SUITE: None
NOTES:
jaeger-operator is installed.


Check the jaeger-operator logs
  export POD=$(kubectl get pods-l app.kubernetes.io/instance=jaeger-operator -lapp.kubernetes.io/name=jaeger-operator --namespace seldon --output name)
  kubectl logs $POD --namespace=seldon
kubectl apply -f ../resources/jaeger.yaml --namespace seldon
jaeger.jaegertracing.io/jaeger created
mapping.getambassador.io/jaeger created
cd ../../operator && make install-cert-manager
make[1]: Entering directory '/workspace/source/operator'
kubectl create namespace cert-manager || echo "Namespace cert-manager-exists"
namespace/cert-manager created
kubectl label namespace cert-manager cert-manager.io/disable-validation=true || echo "namespace cert-manager-already labelled"
namespace/cert-manager labeled
kubectl apply --validate=false -f https://github.com/jetstack/cert-manager/releases/download/v0.12.0/cert-manager.yaml
customresourcedefinition.apiextensions.k8s.io/certificaterequests.cert-manager.io created
customresourcedefinition.apiextensions.k8s.io/certificates.cert-manager.io created
customresourcedefinition.apiextensions.k8s.io/challenges.acme.cert-manager.io created
customresourcedefinition.apiextensions.k8s.io/clusterissuers.cert-manager.io created
customresourcedefinition.apiextensions.k8s.io/issuers.cert-manager.io created
customresourcedefinition.apiextensions.k8s.io/orders.acme.cert-manager.io created
Warning: kubectl apply should be used on resource created by either kubectl create --save-config or kubectl apply
namespace/cert-manager configured
serviceaccount/cert-manager-cainjector created
serviceaccount/cert-manager created
serviceaccount/cert-manager-webhook created
clusterrole.rbac.authorization.k8s.io/cert-manager-cainjector created
clusterrolebinding.rbac.authorization.k8s.io/cert-manager-cainjector created
role.rbac.authorization.k8s.io/cert-manager-cainjector:leaderelection created
rolebinding.rbac.authorization.k8s.io/cert-manager-cainjector:leaderelection created
clusterrolebinding.rbac.authorization.k8s.io/cert-manager-webhook:auth-delegator created
rolebinding.rbac.authorization.k8s.io/cert-manager-webhook:webhook-authentication-reader created
clusterrole.rbac.authorization.k8s.io/cert-manager-webhook:webhook-requester created
role.rbac.authorization.k8s.io/cert-manager:leaderelection created
rolebinding.rbac.authorization.k8s.io/cert-manager:leaderelection created
clusterrole.rbac.authorization.k8s.io/cert-manager-controller-issuers created
clusterrole.rbac.authorization.k8s.io/cert-manager-controller-clusterissuers created
clusterrole.rbac.authorization.k8s.io/cert-manager-controller-certificates created
clusterrole.rbac.authorization.k8s.io/cert-manager-controller-orders created
clusterrole.rbac.authorization.k8s.io/cert-manager-controller-challenges created
clusterrole.rbac.authorization.k8s.io/cert-manager-controller-ingress-shim created
clusterrolebinding.rbac.authorization.k8s.io/cert-manager-controller-issuers created
clusterrolebinding.rbac.authorization.k8s.io/cert-manager-controller-clusterissuers created
clusterrolebinding.rbac.authorization.k8s.io/cert-manager-controller-certificates created
clusterrolebinding.rbac.authorization.k8s.io/cert-manager-controller-orders created
clusterrolebinding.rbac.authorization.k8s.io/cert-manager-controller-challenges created
clusterrolebinding.rbac.authorization.k8s.io/cert-manager-controller-ingress-shim created
clusterrole.rbac.authorization.k8s.io/cert-manager-view created
clusterrole.rbac.authorization.k8s.io/cert-manager-edit created
service/cert-manager created
service/cert-manager-webhook created
deployment.apps/cert-manager-cainjector created
deployment.apps/cert-manager created
deployment.apps/cert-manager-webhook created
mutatingwebhookconfiguration.admissionregistration.k8s.io/cert-manager-webhook created
validatingwebhookconfiguration.admissionregistration.k8s.io/cert-manager-webhook created
kubectl rollout status deployment.apps/cert-manager -n cert-manager
Waiting for deployment "cert-manager" rollout to finish: 0 of 1 updated replicas are available...
deployment "cert-manager" successfully rolled out
kubectl rollout status deployment.apps/cert-manager-cainjector -n cert-manager
deployment "cert-manager-cainjector" successfully rolled out
kubectl rollout status deployment.apps/cert-manager-webhook -n cert-manager
Waiting for deployment "cert-manager-webhook" rollout to finish: 0 of 1 updated replicas are available...
deployment "cert-manager-webhook" successfully rolled out
make[1]: Leaving directory '/workspace/source/operator'
sleep 5 #https://github.com/jetstack/cert-manager/issues/2273
kubectl create namespace seldon-system || echo "namespace seldon-system exists"
namespace/seldon-system created
helm delete seldon --namespace seldon-system || echo "seldon-core not installed"
Error: uninstall: Release not loaded: seldon: release: not found
seldon-core not installed
helm upgrade seldon \
	../../helm-charts/seldon-core-operator \
	--namespace seldon-system \
	--set istio.enabled=true \
	--set istio.gateway=istio-system/seldon-gateway \
	--set certManager.enabled=false \
	--set executor.enabled="true" \
	--wait --install
Release "seldon" does not exist. Installing it now.
NAME: seldon
LAST DEPLOYED: Tue Oct  6 13:03:40 2020
NAMESPACE: seldon-system
STATUS: deployed
REVISION: 1
TEST SUITE: None
kubectl config set-context $(kubectl config current-context) --namespace=seldon
Context "kind-kind" modified.
kubectl apply -f metrics.yaml
clusterrole.rbac.authorization.k8s.io/system:aggregated-metrics-reader created
clusterrolebinding.rbac.authorization.k8s.io/metrics-server:system:auth-delegator created
rolebinding.rbac.authorization.k8s.io/metrics-server-auth-reader created
apiservice.apiregistration.k8s.io/v1beta1.metrics.k8s.io created
serviceaccount/metrics-server created
deployment.apps/metrics-server created
service/metrics-server created
clusterrole.rbac.authorization.k8s.io/system:metrics-server created
clusterrolebinding.rbac.authorization.k8s.io/system:metrics-server created
make: Entering directory '/workspace/source/python'
pip install -e . -r requirements-dev.txt
Obtaining file:///workspace/source/python
Collecting black==19.10b0
  Downloading black-19.10b0-py36-none-any.whl (97 kB)
Collecting flake8==3.8.1
  Downloading flake8-3.8.1-py2.py3-none-any.whl (72 kB)
Collecting mypy<0.783
  Downloading mypy-0.782-cp36-cp36m-manylinux1_x86_64.whl (20.8 MB)
Requirement already satisfied: Pillow==7.2.0 in /usr/local/lib/python3.6/site-packages (from -r requirements-dev.txt (line 5)) (7.2.0)
Collecting pytest==6.1.0
  Downloading pytest-6.1.0-py3-none-any.whl (272 kB)
Collecting pytest-cov==2.10.1
  Downloading pytest_cov-2.10.1-py2.py3-none-any.whl (19 kB)
Collecting tox<4.0.0
  Downloading tox-3.20.0-py2.py3-none-any.whl (83 kB)
Requirement already satisfied: grpcio-tools==1.32.0 in /usr/local/lib/python3.6/site-packages (from -r requirements-dev.txt (line 9)) (1.32.0)
Collecting mypy-protobuf==1.22
  Downloading mypy_protobuf-1.22-py3-none-any.whl (7.5 kB)
Collecting tenacity==6.2.0
  Downloading tenacity-6.2.0-py2.py3-none-any.whl (24 kB)
Collecting coverage==5.3
  Downloading coverage-5.3-cp36-cp36m-manylinux1_x86_64.whl (229 kB)
Collecting pandas==1.1.0
  Downloading pandas-1.1.0-cp36-cp36m-manylinux1_x86_64.whl (10.5 MB)
Collecting pip-licenses==2.3.0
  Downloading pip_licenses-2.3.0-py3-none-any.whl (14 kB)
Collecting Flask<2.0.0
  Downloading Flask-1.1.2-py2.py3-none-any.whl (94 kB)
Requirement already satisfied: jsonschema<4.0.0 in /usr/local/lib/python3.6/site-packages (from seldon-core==1.3.0.dev0) (3.2.0)
Collecting Flask-cors<4.0.0
  Downloading Flask_Cors-3.0.9-py2.py3-none-any.whl (14 kB)
Collecting redis<4.0.0
  Downloading redis-3.5.3-py2.py3-none-any.whl (72 kB)
Requirement already satisfied: requests<3.0.0 in /usr/local/lib/python3.6/site-packages (from seldon-core==1.3.0.dev0) (2.24.0)
Requirement already satisfied: numpy<2.0.0 in /usr/local/lib/python3.6/site-packages (from seldon-core==1.3.0.dev0) (1.19.2)
Collecting flatbuffers<2.0.0
  Downloading flatbuffers-1.12-py2.py3-none-any.whl (15 kB)
Requirement already satisfied: protobuf<4.0.0 in /usr/local/lib/python3.6/site-packages (from seldon-core==1.3.0.dev0) (3.13.0)
Requirement already satisfied: grpcio<2.0.0 in /usr/local/lib/python3.6/site-packages (from seldon-core==1.3.0.dev0) (1.32.0)
Collecting Flask-OpenTracing<1.2.0,>=1.1.0
  Downloading Flask-OpenTracing-1.1.0.tar.gz (8.2 kB)
Collecting opentracing<2.4.0,>=2.2.0
  Downloading opentracing-2.3.0.tar.gz (48 kB)
Collecting jaeger-client<4.4.0,>=4.1.0
  Downloading jaeger-client-4.3.0.tar.gz (81 kB)
Collecting grpcio-opentracing<1.2.0,>=1.1.4
  Downloading grpcio_opentracing-1.1.4-py3-none-any.whl (14 kB)
Requirement already satisfied: PyYAML<5.4 in /usr/local/lib/python3.6/site-packages (from seldon-core==1.3.0.dev0) (5.3.1)
Collecting gunicorn<20.1.0,>=19.9.0
  Downloading gunicorn-20.0.4-py2.py3-none-any.whl (77 kB)
Requirement already satisfied: setuptools>=41.0.0 in /usr/local/lib/python3.6/site-packages (from seldon-core==1.3.0.dev0) (50.3.0)
Requirement already satisfied: prometheus_client<0.9.0,>=0.7.1 in /usr/local/lib/python3.6/site-packages (from seldon-core==1.3.0.dev0) (0.8.0)
Collecting typed-ast>=1.4.0
  Downloading typed_ast-1.4.1-cp36-cp36m-manylinux1_x86_64.whl (737 kB)
Collecting regex
  Downloading regex-2020.9.27-cp36-cp36m-manylinux2010_x86_64.whl (662 kB)
Collecting appdirs
  Downloading appdirs-1.4.4-py2.py3-none-any.whl (9.6 kB)
Collecting click>=6.5
  Downloading click-7.1.2-py2.py3-none-any.whl (82 kB)
Collecting toml>=0.9.4
  Downloading toml-0.10.1-py2.py3-none-any.whl (19 kB)
Collecting pathspec<1,>=0.6
  Downloading pathspec-0.8.0-py2.py3-none-any.whl (28 kB)
Requirement already satisfied: attrs>=18.1.0 in /usr/local/lib/python3.6/site-packages (from black==19.10b0->-r requirements-dev.txt (line 2)) (20.2.0)
Requirement already satisfied: importlib-metadata; python_version < "3.8" in /usr/local/lib/python3.6/site-packages (from flake8==3.8.1->-r requirements-dev.txt (line 3)) (1.7.0)
Collecting mccabe<0.7.0,>=0.6.0
  Downloading mccabe-0.6.1-py2.py3-none-any.whl (8.6 kB)
Collecting pyflakes<2.3.0,>=2.2.0
  Downloading pyflakes-2.2.0-py2.py3-none-any.whl (66 kB)
Collecting pycodestyle<2.7.0,>=2.6.0a1
  Downloading pycodestyle-2.6.0-py2.py3-none-any.whl (41 kB)
Collecting mypy-extensions<0.5.0,>=0.4.3
  Downloading mypy_extensions-0.4.3-py2.py3-none-any.whl (4.5 kB)
Requirement already satisfied: typing-extensions>=3.7.4 in /usr/local/lib/python3.6/site-packages (from mypy<0.783->-r requirements-dev.txt (line 4)) (3.7.4.3)
Requirement already satisfied: pluggy<1.0,>=0.12 in /usr/local/lib/python3.6/site-packages (from pytest==6.1.0->-r requirements-dev.txt (line 6)) (0.13.1)
Requirement already satisfied: packaging in /usr/local/lib/python3.6/site-packages (from pytest==6.1.0->-r requirements-dev.txt (line 6)) (20.4)
Collecting iniconfig
  Downloading iniconfig-1.0.1-py3-none-any.whl (4.2 kB)
Requirement already satisfied: py>=1.8.2 in /usr/local/lib/python3.6/site-packages (from pytest==6.1.0->-r requirements-dev.txt (line 6)) (1.9.0)
Collecting virtualenv!=20.0.0,!=20.0.1,!=20.0.2,!=20.0.3,!=20.0.4,!=20.0.5,!=20.0.6,!=20.0.7,>=16.0.0
  Downloading virtualenv-20.0.33-py2.py3-none-any.whl (4.9 MB)
Requirement already satisfied: six>=1.14.0 in /usr/local/lib/python3.6/site-packages (from tox<4.0.0->-r requirements-dev.txt (line 8)) (1.15.0)
Collecting filelock>=3.0.0
  Downloading filelock-3.0.12-py3-none-any.whl (7.6 kB)
Requirement already satisfied: python-dateutil>=2.7.3 in /usr/local/lib/python3.6/site-packages (from pandas==1.1.0->-r requirements-dev.txt (line 19)) (2.8.1)
Requirement already satisfied: pytz>=2017.2 in /usr/local/lib/python3.6/site-packages (from pandas==1.1.0->-r requirements-dev.txt (line 19)) (2020.1)
Collecting PTable
  Downloading PTable-0.9.2.tar.gz (31 kB)
Requirement already satisfied: Jinja2>=2.10.1 in /usr/local/lib/python3.6/site-packages (from Flask<2.0.0->seldon-core==1.3.0.dev0) (2.11.2)
Requirement already satisfied: Werkzeug>=0.15 in /usr/local/lib/python3.6/site-packages (from Flask<2.0.0->seldon-core==1.3.0.dev0) (1.0.1)
Collecting itsdangerous>=0.24
  Downloading itsdangerous-1.1.0-py2.py3-none-any.whl (16 kB)
Requirement already satisfied: pyrsistent>=0.14.0 in /usr/local/lib/python3.6/site-packages (from jsonschema<4.0.0->seldon-core==1.3.0.dev0) (0.17.3)
Requirement already satisfied: urllib3!=1.25.0,!=1.25.1,<1.26,>=1.21.1 in /usr/local/lib/python3.6/site-packages (from requests<3.0.0->seldon-core==1.3.0.dev0) (1.25.10)
Requirement already satisfied: chardet<4,>=3.0.2 in /usr/local/lib/python3.6/site-packages (from requests<3.0.0->seldon-core==1.3.0.dev0) (3.0.4)
Requirement already satisfied: certifi>=2017.4.17 in /usr/local/lib/python3.6/site-packages (from requests<3.0.0->seldon-core==1.3.0.dev0) (2020.6.20)
Requirement already satisfied: idna<3,>=2.5 in /usr/local/lib/python3.6/site-packages (from requests<3.0.0->seldon-core==1.3.0.dev0) (2.10)
Collecting threadloop<2,>=1
  Downloading threadloop-1.0.2.tar.gz (4.9 kB)
Collecting thrift
  Downloading thrift-0.13.0.tar.gz (59 kB)
Requirement already satisfied: tornado>=4.3 in /usr/local/lib/python3.6/site-packages (from jaeger-client<4.4.0,>=4.1.0->seldon-core==1.3.0.dev0) (6.0.4)
Requirement already satisfied: zipp>=0.5 in /usr/local/lib/python3.6/site-packages (from importlib-metadata; python_version < "3.8"->flake8==3.8.1->-r requirements-dev.txt (line 3)) (3.1.0)
Requirement already satisfied: pyparsing>=2.0.2 in /usr/local/lib/python3.6/site-packages (from packaging->pytest==6.1.0->-r requirements-dev.txt (line 6)) (2.4.7)
Collecting distlib<1,>=0.3.1
  Downloading distlib-0.3.1-py2.py3-none-any.whl (335 kB)
Collecting importlib-resources>=1.0; python_version < "3.7"
  Downloading importlib_resources-3.0.0-py2.py3-none-any.whl (23 kB)
Requirement already satisfied: MarkupSafe>=0.23 in /usr/local/lib/python3.6/site-packages (from Jinja2>=2.10.1->Flask<2.0.0->seldon-core==1.3.0.dev0) (1.1.1)
Building wheels for collected packages: Flask-OpenTracing, opentracing, jaeger-client, PTable, threadloop, thrift
  Building wheel for Flask-OpenTracing (setup.py): started
  Building wheel for Flask-OpenTracing (setup.py): finished with status 'done'
  Created wheel for Flask-OpenTracing: filename=Flask_OpenTracing-1.1.0-py3-none-any.whl size=9071 sha256=43ee25a46ca2ec2ac72e9a2c516f3365e3033681de8742abeb9ae854ea9aaaa2
  Stored in directory: /builder/home/.cache/pip/wheels/ad/4b/2d/24ff0da0a0b53c7c77ce59b843bcceaf644c88703241e59615
  Building wheel for opentracing (setup.py): started
  Building wheel for opentracing (setup.py): finished with status 'done'
  Created wheel for opentracing: filename=opentracing-2.3.0-py3-none-any.whl size=51346 sha256=0e73df0d48ffd46d99b2b33aff3776822987bfcc5ccaa4e802a91b9340469239
  Stored in directory: /builder/home/.cache/pip/wheels/d4/53/31/bfca74f038fa9f83eb7de2131555b75ffa9bcbca18d23e5edf
  Building wheel for jaeger-client (setup.py): started
  Building wheel for jaeger-client (setup.py): finished with status 'done'
  Created wheel for jaeger-client: filename=jaeger_client-4.3.0-py3-none-any.whl size=64290 sha256=dc5f78d7b0d67a86087eddfb943f4ca65ac78d7f6a71eb3c68acbe8a5e308234
  Stored in directory: /builder/home/.cache/pip/wheels/a8/37/30/d86c970966efbf6da89e8085db50f2be4cf36ca68513eff785
  Building wheel for PTable (setup.py): started
  Building wheel for PTable (setup.py): finished with status 'done'
  Created wheel for PTable: filename=PTable-0.9.2-py3-none-any.whl size=22907 sha256=a04cd8f3d80fd6f440c9581c43b71a265d37c0b8d17b17aa4c979372110403b7
  Stored in directory: /builder/home/.cache/pip/wheels/f3/65/67/71f473ec87ea4554d1bdfb1b5128cfe1414c2b113b72a1ee8e
  Building wheel for threadloop (setup.py): started
  Building wheel for threadloop (setup.py): finished with status 'done'
  Created wheel for threadloop: filename=threadloop-1.0.2-py3-none-any.whl size=3425 sha256=e69b22ee8690fb445a070a85759b09f3733aaeb898753623ba86fd42657089d0
  Stored in directory: /builder/home/.cache/pip/wheels/02/54/65/9f87de48fe8fcaaee30f279973d946ad55f9df56b93b3e78da
  Building wheel for thrift (setup.py): started
  Building wheel for thrift (setup.py): finished with status 'done'
  Created wheel for thrift: filename=thrift-0.13.0-cp36-cp36m-linux_x86_64.whl size=483919 sha256=c72536c8fda60ef4c57b292524c1e21930ffec4e65f18a63098fbea11e835333
  Stored in directory: /builder/home/.cache/pip/wheels/e0/38/fc/472fe18756b177b42096961f8bd3ff2dc5c5620ac399fce52d
Successfully built Flask-OpenTracing opentracing jaeger-client PTable threadloop thrift
Installing collected packages: typed-ast, regex, appdirs, click, toml, pathspec, black, mccabe, pyflakes, pycodestyle, flake8, mypy-extensions, mypy, iniconfig, pytest, coverage, pytest-cov, distlib, importlib-resources, filelock, virtualenv, tox, mypy-protobuf, tenacity, pandas, PTable, pip-licenses, itsdangerous, Flask, Flask-cors, redis, flatbuffers, opentracing, Flask-OpenTracing, threadloop, thrift, jaeger-client, grpcio-opentracing, gunicorn, seldon-core
  Attempting uninstall: pytest
    Found existing installation: pytest 5.3.1
    Uninstalling pytest-5.3.1:
      Successfully uninstalled pytest-5.3.1
  Attempting uninstall: coverage
    Found existing installation: coverage 4.5.4
    Uninstalling coverage-4.5.4:
      Successfully uninstalled coverage-4.5.4
  Attempting uninstall: pytest-cov
    Found existing installation: pytest-cov 2.8.1
    Uninstalling pytest-cov-2.8.1:
      Successfully uninstalled pytest-cov-2.8.1
  Attempting uninstall: tenacity
    Found existing installation: tenacity 6.0.0
    Uninstalling tenacity-6.0.0:
      Successfully uninstalled tenacity-6.0.0
  Attempting uninstall: pandas
    Found existing installation: pandas 1.1.2
    Uninstalling pandas-1.1.2:
      Successfully uninstalled pandas-1.1.2
  Running setup.py develop for seldon-core
ERROR: After October 2020 you may experience errors when installing or updating packages. This is because pip will change the way that it resolves dependency conflicts.

We recommend you use --use-feature=2020-resolver to test your packages with the new resolver before it becomes the default.

alibi 0.5.2 requires tensorflow>=2.0, but you'll have tensorflow 1.15.2 which is incompatible.
Successfully installed Flask-1.1.2 Flask-OpenTracing-1.1.0 Flask-cors-3.0.9 PTable-0.9.2 appdirs-1.4.4 black-19.10b0 click-7.1.2 coverage-5.3 distlib-0.3.1 filelock-3.0.12 flake8-3.8.1 flatbuffers-1.12 grpcio-opentracing-1.1.4 gunicorn-20.0.4 importlib-resources-3.0.0 iniconfig-1.0.1 itsdangerous-1.1.0 jaeger-client-4.3.0 mccabe-0.6.1 mypy-0.782 mypy-extensions-0.4.3 mypy-protobuf-1.22 opentracing-2.3.0 pandas-1.1.0 pathspec-0.8.0 pip-licenses-2.3.0 pycodestyle-2.6.0 pyflakes-2.2.0 pytest-6.1.0 pytest-cov-2.10.1 redis-3.5.3 regex-2020.9.27 seldon-core tenacity-6.2.0 threadloop-1.0.2 thrift-0.13.0 toml-0.10.1 tox-3.20.0 typed-ast-1.4.1 virtualenv-20.0.33
make: Leaving directory '/workspace/source/python'
cp ../../proto/prediction.proto ./proto
cd ../../proto/tensorflow && make create_protos
make[1]: Entering directory '/workspace/source/proto/tensorflow'
./create-protos.sh
Downloading proto files for master
make[1]: Leaving directory '/workspace/source/proto/tensorflow'
cp -vr ../../proto/tensorflow/tensorflow .
'../../proto/tensorflow/tensorflow' -> './tensorflow'
'../../proto/tensorflow/tensorflow/core' -> './tensorflow/core'
'../../proto/tensorflow/tensorflow/core/framework' -> './tensorflow/core/framework'
'../../proto/tensorflow/tensorflow/core/framework/types.proto' -> './tensorflow/core/framework/types.proto'
'../../proto/tensorflow/tensorflow/core/framework/resource_handle.proto' -> './tensorflow/core/framework/resource_handle.proto'
'../../proto/tensorflow/tensorflow/core/framework/tensor_shape.proto' -> './tensorflow/core/framework/tensor_shape.proto'
'../../proto/tensorflow/tensorflow/core/framework/tensor.proto' -> './tensorflow/core/framework/tensor.proto'
python -m grpc.tools.protoc -I. --python_out=. --grpc_python_out=. ./proto/prediction.proto
cd ../../notebooks && make build_protos
make[1]: Entering directory '/workspace/source/notebooks'
cd ../proto/tensorflow && make create_protos
make[2]: Entering directory '/workspace/source/proto/tensorflow'
make[2]: Nothing to be done for 'create_protos'.
make[2]: Leaving directory '/workspace/source/proto/tensorflow'
cp -vr ../proto/tensorflow/tensorflow .
'../proto/tensorflow/tensorflow' -> './tensorflow'
'../proto/tensorflow/tensorflow/core' -> './tensorflow/core'
'../proto/tensorflow/tensorflow/core/framework' -> './tensorflow/core/framework'
'../proto/tensorflow/tensorflow/core/framework/types.proto' -> './tensorflow/core/framework/types.proto'
'../proto/tensorflow/tensorflow/core/framework/resource_handle.proto' -> './tensorflow/core/framework/resource_handle.proto'
'../proto/tensorflow/tensorflow/core/framework/tensor_shape.proto' -> './tensorflow/core/framework/tensor_shape.proto'
'../proto/tensorflow/tensorflow/core/framework/tensor.proto' -> './tensorflow/core/framework/tensor.proto'
cp ../proto/prediction.proto ./proto
python -m grpc.tools.protoc -I. --python_out=. --grpc_python_out=. ./proto/prediction.proto
make[1]: Leaving directory '/workspace/source/notebooks'
cd ../../proto/k8s && make create_protos
make[1]: Entering directory '/workspace/source/proto/k8s'
./create-k8s-protos.sh
Downloading proto files for master
Munging proto file packages
sed -i.bak 's|import "k8s.io/apiextensions-apiserver/|//import "k8s.io/apiextensions-apiserver/|' k8s.io/api/core/v1/generated.proto
rm k8s.io/api/core/v1/generated.proto.bak
make[1]: Leaving directory '/workspace/source/proto/k8s'
pip install -r dev_requirements.txt
Collecting pytest==5.3.1
  Downloading pytest-5.3.1-py3-none-any.whl (233 kB)
Requirement already satisfied: pytest-xdist==1.30.0 in /usr/local/lib/python3.6/site-packages (from -r dev_requirements.txt (line 2)) (1.30.0)
Collecting pytest-cov==2.8.1
  Downloading pytest_cov-2.8.1-py2.py3-none-any.whl (18 kB)
Requirement already satisfied: flaky==3.6.1 in /usr/local/lib/python3.6/site-packages (from -r dev_requirements.txt (line 4)) (3.6.1)
Collecting tenacity==6.0.0
  Downloading tenacity-6.0.0-py2.py3-none-any.whl (24 kB)
Requirement already satisfied: sh==1.13.1 in /usr/local/lib/python3.6/site-packages (from -r dev_requirements.txt (line 6)) (1.13.1)
Requirement already satisfied: ipython==7.13.0 in /usr/local/lib/python3.6/site-packages (from -r dev_requirements.txt (line 9)) (7.13.0)
Requirement already satisfied: nbconvert==5.6.1 in /usr/local/lib/python3.6/site-packages (from -r dev_requirements.txt (line 10)) (5.6.1)
Requirement already satisfied: alibi==0.5.2 in /usr/local/lib/python3.6/site-packages (from -r dev_requirements.txt (line 11)) (0.5.2)
Collecting shap==0.35.0
  Downloading shap-0.35.0.tar.gz (273 kB)
Requirement already satisfied: matplotlib==3.1.3 in /usr/local/lib/python3.6/site-packages (from -r dev_requirements.txt (line 13)) (3.1.3)
Collecting tensorflow==1.15.4
  Downloading tensorflow-1.15.4-cp36-cp36m-manylinux2010_x86_64.whl (110.5 MB)
Collecting coverage==4.5.4
  Downloading coverage-4.5.4-cp36-cp36m-manylinux1_x86_64.whl (205 kB)
Requirement already satisfied: pluggy<1.0,>=0.12 in /usr/local/lib/python3.6/site-packages (from pytest==5.3.1->-r dev_requirements.txt (line 1)) (0.13.1)
Requirement already satisfied: attrs>=17.4.0 in /usr/local/lib/python3.6/site-packages (from pytest==5.3.1->-r dev_requirements.txt (line 1)) (20.2.0)
Requirement already satisfied: py>=1.5.0 in /usr/local/lib/python3.6/site-packages (from pytest==5.3.1->-r dev_requirements.txt (line 1)) (1.9.0)
Requirement already satisfied: wcwidth in /usr/local/lib/python3.6/site-packages (from pytest==5.3.1->-r dev_requirements.txt (line 1)) (0.2.5)
Requirement already satisfied: more-itertools>=4.0.0 in /usr/local/lib/python3.6/site-packages (from pytest==5.3.1->-r dev_requirements.txt (line 1)) (8.5.0)
Requirement already satisfied: importlib-metadata>=0.12; python_version < "3.8" in /usr/local/lib/python3.6/site-packages (from pytest==5.3.1->-r dev_requirements.txt (line 1)) (1.7.0)
Requirement already satisfied: packaging in /usr/local/lib/python3.6/site-packages (from pytest==5.3.1->-r dev_requirements.txt (line 1)) (20.4)
Requirement already satisfied: execnet>=1.1 in /usr/local/lib/python3.6/site-packages (from pytest-xdist==1.30.0->-r dev_requirements.txt (line 2)) (1.7.1)
Requirement already satisfied: pytest-forked in /usr/local/lib/python3.6/site-packages (from pytest-xdist==1.30.0->-r dev_requirements.txt (line 2)) (1.3.0)
Requirement already satisfied: six in /usr/local/lib/python3.6/site-packages (from pytest-xdist==1.30.0->-r dev_requirements.txt (line 2)) (1.15.0)
Requirement already satisfied: decorator in /usr/local/lib/python3.6/site-packages (from ipython==7.13.0->-r dev_requirements.txt (line 9)) (4.4.2)
Requirement already satisfied: setuptools>=18.5 in /usr/local/lib/python3.6/site-packages (from ipython==7.13.0->-r dev_requirements.txt (line 9)) (50.3.0)
Requirement already satisfied: pygments in /usr/local/lib/python3.6/site-packages (from ipython==7.13.0->-r dev_requirements.txt (line 9)) (2.7.1)
Requirement already satisfied: traitlets>=4.2 in /usr/local/lib/python3.6/site-packages (from ipython==7.13.0->-r dev_requirements.txt (line 9)) (4.3.3)
Requirement already satisfied: prompt-toolkit!=3.0.0,!=3.0.1,<3.1.0,>=2.0.0 in /usr/local/lib/python3.6/site-packages (from ipython==7.13.0->-r dev_requirements.txt (line 9)) (3.0.7)
Requirement already satisfied: jedi>=0.10 in /usr/local/lib/python3.6/site-packages (from ipython==7.13.0->-r dev_requirements.txt (line 9)) (0.17.2)
Requirement already satisfied: backcall in /usr/local/lib/python3.6/site-packages (from ipython==7.13.0->-r dev_requirements.txt (line 9)) (0.2.0)
Requirement already satisfied: pexpect; sys_platform != "win32" in /usr/local/lib/python3.6/site-packages (from ipython==7.13.0->-r dev_requirements.txt (line 9)) (4.8.0)
Requirement already satisfied: pickleshare in /usr/local/lib/python3.6/site-packages (from ipython==7.13.0->-r dev_requirements.txt (line 9)) (0.7.5)
Requirement already satisfied: nbformat>=4.4 in /usr/local/lib/python3.6/site-packages (from nbconvert==5.6.1->-r dev_requirements.txt (line 10)) (5.0.7)
Requirement already satisfied: jinja2>=2.4 in /usr/local/lib/python3.6/site-packages (from nbconvert==5.6.1->-r dev_requirements.txt (line 10)) (2.11.2)
Requirement already satisfied: testpath in /usr/local/lib/python3.6/site-packages (from nbconvert==5.6.1->-r dev_requirements.txt (line 10)) (0.4.4)
Requirement already satisfied: jupyter-core in /usr/local/lib/python3.6/site-packages (from nbconvert==5.6.1->-r dev_requirements.txt (line 10)) (4.6.3)
Requirement already satisfied: entrypoints>=0.2.2 in /usr/local/lib/python3.6/site-packages (from nbconvert==5.6.1->-r dev_requirements.txt (line 10)) (0.3)
Requirement already satisfied: mistune<2,>=0.8.1 in /usr/local/lib/python3.6/site-packages (from nbconvert==5.6.1->-r dev_requirements.txt (line 10)) (0.8.4)
Requirement already satisfied: pandocfilters>=1.4.1 in /usr/local/lib/python3.6/site-packages (from nbconvert==5.6.1->-r dev_requirements.txt (line 10)) (1.4.2)
Requirement already satisfied: bleach in /usr/local/lib/python3.6/site-packages (from nbconvert==5.6.1->-r dev_requirements.txt (line 10)) (3.2.0)
Requirement already satisfied: defusedxml in /usr/local/lib/python3.6/site-packages (from nbconvert==5.6.1->-r dev_requirements.txt (line 10)) (0.6.0)
Requirement already satisfied: pandas in /usr/local/lib/python3.6/site-packages (from alibi==0.5.2->-r dev_requirements.txt (line 11)) (1.1.0)
Requirement already satisfied: numpy in /usr/local/lib/python3.6/site-packages (from alibi==0.5.2->-r dev_requirements.txt (line 11)) (1.19.2)
Requirement already satisfied: requests in /usr/local/lib/python3.6/site-packages (from alibi==0.5.2->-r dev_requirements.txt (line 11)) (2.24.0)
Requirement already satisfied: prettyprinter in /usr/local/lib/python3.6/site-packages (from alibi==0.5.2->-r dev_requirements.txt (line 11)) (0.18.0)
Requirement already satisfied: scipy in /usr/local/lib/python3.6/site-packages (from alibi==0.5.2->-r dev_requirements.txt (line 11)) (1.5.2)
Requirement already satisfied: spacy[lookups] in /usr/local/lib/python3.6/site-packages (from alibi==0.5.2->-r dev_requirements.txt (line 11)) (2.3.2)
Requirement already satisfied: scikit-image!=0.17.1 in /usr/local/lib/python3.6/site-packages (from alibi==0.5.2->-r dev_requirements.txt (line 11)) (0.17.2)
Requirement already satisfied: scikit-learn in /usr/local/lib/python3.6/site-packages (from alibi==0.5.2->-r dev_requirements.txt (line 11)) (0.23.2)
Requirement already satisfied: typing-extensions>=3.7.2 in /usr/local/lib/python3.6/site-packages (from alibi==0.5.2->-r dev_requirements.txt (line 11)) (3.7.4.3)
Requirement already satisfied: beautifulsoup4 in /usr/local/lib/python3.6/site-packages (from alibi==0.5.2->-r dev_requirements.txt (line 11)) (4.9.1)
Requirement already satisfied: Pillow in /usr/local/lib/python3.6/site-packages (from alibi==0.5.2->-r dev_requirements.txt (line 11)) (7.2.0)
Requirement already satisfied: tqdm>4.25.0 in /usr/local/lib/python3.6/site-packages (from shap==0.35.0->-r dev_requirements.txt (line 12)) (4.49.0)
Requirement already satisfied: kiwisolver>=1.0.1 in /usr/local/lib/python3.6/site-packages (from matplotlib==3.1.3->-r dev_requirements.txt (line 13)) (1.2.0)
Requirement already satisfied: pyparsing!=2.0.4,!=2.1.2,!=2.1.6,>=2.0.1 in /usr/local/lib/python3.6/site-packages (from matplotlib==3.1.3->-r dev_requirements.txt (line 13)) (2.4.7)
Requirement already satisfied: python-dateutil>=2.1 in /usr/local/lib/python3.6/site-packages (from matplotlib==3.1.3->-r dev_requirements.txt (line 13)) (2.8.1)
Requirement already satisfied: cycler>=0.10 in /usr/local/lib/python3.6/site-packages (from matplotlib==3.1.3->-r dev_requirements.txt (line 13)) (0.10.0)
Requirement already satisfied: tensorboard<1.16.0,>=1.15.0 in /usr/local/lib/python3.6/site-packages (from tensorflow==1.15.4->-r dev_requirements.txt (line 14)) (1.15.0)
Requirement already satisfied: keras-preprocessing>=1.0.5 in /usr/local/lib/python3.6/site-packages (from tensorflow==1.15.4->-r dev_requirements.txt (line 14)) (1.1.2)
Requirement already satisfied: google-pasta>=0.1.6 in /usr/local/lib/python3.6/site-packages (from tensorflow==1.15.4->-r dev_requirements.txt (line 14)) (0.2.0)
Requirement already satisfied: astor>=0.6.0 in /usr/local/lib/python3.6/site-packages (from tensorflow==1.15.4->-r dev_requirements.txt (line 14)) (0.8.1)
Requirement already satisfied: termcolor>=1.1.0 in /usr/local/lib/python3.6/site-packages (from tensorflow==1.15.4->-r dev_requirements.txt (line 14)) (1.1.0)
Requirement already satisfied: wheel>=0.26; python_version >= "3" in /usr/local/lib/python3.6/site-packages (from tensorflow==1.15.4->-r dev_requirements.txt (line 14)) (0.35.1)
Requirement already satisfied: gast==0.2.2 in /usr/local/lib/python3.6/site-packages (from tensorflow==1.15.4->-r dev_requirements.txt (line 14)) (0.2.2)
Requirement already satisfied: keras-applications>=1.0.8 in /usr/local/lib/python3.6/site-packages (from tensorflow==1.15.4->-r dev_requirements.txt (line 14)) (1.0.8)
Requirement already satisfied: protobuf>=3.6.1 in /usr/local/lib/python3.6/site-packages (from tensorflow==1.15.4->-r dev_requirements.txt (line 14)) (3.13.0)
Requirement already satisfied: absl-py>=0.7.0 in /usr/local/lib/python3.6/site-packages (from tensorflow==1.15.4->-r dev_requirements.txt (line 14)) (0.10.0)
Requirement already satisfied: tensorflow-estimator==1.15.1 in /usr/local/lib/python3.6/site-packages (from tensorflow==1.15.4->-r dev_requirements.txt (line 14)) (1.15.1)
Requirement already satisfied: grpcio>=1.8.6 in /usr/local/lib/python3.6/site-packages (from tensorflow==1.15.4->-r dev_requirements.txt (line 14)) (1.32.0)
Requirement already satisfied: wrapt>=1.11.1 in /usr/local/lib/python3.6/site-packages (from tensorflow==1.15.4->-r dev_requirements.txt (line 14)) (1.12.1)
Requirement already satisfied: opt-einsum>=2.3.2 in /usr/local/lib/python3.6/site-packages (from tensorflow==1.15.4->-r dev_requirements.txt (line 14)) (3.3.0)
Requirement already satisfied: zipp>=0.5 in /usr/local/lib/python3.6/site-packages (from importlib-metadata>=0.12; python_version < "3.8"->pytest==5.3.1->-r dev_requirements.txt (line 1)) (3.1.0)
Requirement already satisfied: apipkg>=1.4 in /usr/local/lib/python3.6/site-packages (from execnet>=1.1->pytest-xdist==1.30.0->-r dev_requirements.txt (line 2)) (1.5)
Requirement already satisfied: ipython-genutils in /usr/local/lib/python3.6/site-packages (from traitlets>=4.2->ipython==7.13.0->-r dev_requirements.txt (line 9)) (0.2.0)
Requirement already satisfied: parso<0.8.0,>=0.7.0 in /usr/local/lib/python3.6/site-packages (from jedi>=0.10->ipython==7.13.0->-r dev_requirements.txt (line 9)) (0.7.1)
Requirement already satisfied: ptyprocess>=0.5 in /usr/local/lib/python3.6/site-packages (from pexpect; sys_platform != "win32"->ipython==7.13.0->-r dev_requirements.txt (line 9)) (0.6.0)
Requirement already satisfied: jsonschema!=2.5.0,>=2.4 in /usr/local/lib/python3.6/site-packages (from nbformat>=4.4->nbconvert==5.6.1->-r dev_requirements.txt (line 10)) (3.2.0)
Requirement already satisfied: MarkupSafe>=0.23 in /usr/local/lib/python3.6/site-packages (from jinja2>=2.4->nbconvert==5.6.1->-r dev_requirements.txt (line 10)) (1.1.1)
Requirement already satisfied: webencodings in /usr/local/lib/python3.6/site-packages (from bleach->nbconvert==5.6.1->-r dev_requirements.txt (line 10)) (0.5.1)
Requirement already satisfied: pytz>=2017.2 in /usr/local/lib/python3.6/site-packages (from pandas->alibi==0.5.2->-r dev_requirements.txt (line 11)) (2020.1)
Requirement already satisfied: urllib3!=1.25.0,!=1.25.1,<1.26,>=1.21.1 in /usr/local/lib/python3.6/site-packages (from requests->alibi==0.5.2->-r dev_requirements.txt (line 11)) (1.25.10)
Requirement already satisfied: idna<3,>=2.5 in /usr/local/lib/python3.6/site-packages (from requests->alibi==0.5.2->-r dev_requirements.txt (line 11)) (2.10)
Requirement already satisfied: chardet<4,>=3.0.2 in /usr/local/lib/python3.6/site-packages (from requests->alibi==0.5.2->-r dev_requirements.txt (line 11)) (3.0.4)
Requirement already satisfied: certifi>=2017.4.17 in /usr/local/lib/python3.6/site-packages (from requests->alibi==0.5.2->-r dev_requirements.txt (line 11)) (2020.6.20)
Requirement already satisfied: colorful>=0.4.0 in /usr/local/lib/python3.6/site-packages (from prettyprinter->alibi==0.5.2->-r dev_requirements.txt (line 11)) (0.5.4)
Requirement already satisfied: srsly<1.1.0,>=1.0.2 in /usr/local/lib/python3.6/site-packages (from spacy[lookups]->alibi==0.5.2->-r dev_requirements.txt (line 11)) (1.0.2)
Requirement already satisfied: thinc==7.4.1 in /usr/local/lib/python3.6/site-packages (from spacy[lookups]->alibi==0.5.2->-r dev_requirements.txt (line 11)) (7.4.1)
Requirement already satisfied: blis<0.5.0,>=0.4.0 in /usr/local/lib/python3.6/site-packages (from spacy[lookups]->alibi==0.5.2->-r dev_requirements.txt (line 11)) (0.4.1)
Requirement already satisfied: catalogue<1.1.0,>=0.0.7 in /usr/local/lib/python3.6/site-packages (from spacy[lookups]->alibi==0.5.2->-r dev_requirements.txt (line 11)) (1.0.0)
Requirement already satisfied: preshed<3.1.0,>=3.0.2 in /usr/local/lib/python3.6/site-packages (from spacy[lookups]->alibi==0.5.2->-r dev_requirements.txt (line 11)) (3.0.2)
Requirement already satisfied: murmurhash<1.1.0,>=0.28.0 in /usr/local/lib/python3.6/site-packages (from spacy[lookups]->alibi==0.5.2->-r dev_requirements.txt (line 11)) (1.0.2)
Requirement already satisfied: plac<1.2.0,>=0.9.6 in /usr/local/lib/python3.6/site-packages (from spacy[lookups]->alibi==0.5.2->-r dev_requirements.txt (line 11)) (1.1.3)
Requirement already satisfied: cymem<2.1.0,>=2.0.2 in /usr/local/lib/python3.6/site-packages (from spacy[lookups]->alibi==0.5.2->-r dev_requirements.txt (line 11)) (2.0.3)
Requirement already satisfied: wasabi<1.1.0,>=0.4.0 in /usr/local/lib/python3.6/site-packages (from spacy[lookups]->alibi==0.5.2->-r dev_requirements.txt (line 11)) (0.8.0)
Requirement already satisfied: spacy-lookups-data<0.4.0,>=0.3.2; extra == "lookups" in /usr/local/lib/python3.6/site-packages (from spacy[lookups]->alibi==0.5.2->-r dev_requirements.txt (line 11)) (0.3.2)
Requirement already satisfied: imageio>=2.3.0 in /usr/local/lib/python3.6/site-packages (from scikit-image!=0.17.1->alibi==0.5.2->-r dev_requirements.txt (line 11)) (2.9.0)
Requirement already satisfied: tifffile>=2019.7.26 in /usr/local/lib/python3.6/site-packages (from scikit-image!=0.17.1->alibi==0.5.2->-r dev_requirements.txt (line 11)) (2020.9.3)
Requirement already satisfied: networkx>=2.0 in /usr/local/lib/python3.6/site-packages (from scikit-image!=0.17.1->alibi==0.5.2->-r dev_requirements.txt (line 11)) (2.5)
Requirement already satisfied: PyWavelets>=1.1.1 in /usr/local/lib/python3.6/site-packages (from scikit-image!=0.17.1->alibi==0.5.2->-r dev_requirements.txt (line 11)) (1.1.1)
Requirement already satisfied: joblib>=0.11 in /usr/local/lib/python3.6/site-packages (from scikit-learn->alibi==0.5.2->-r dev_requirements.txt (line 11)) (0.16.0)
Requirement already satisfied: threadpoolctl>=2.0.0 in /usr/local/lib/python3.6/site-packages (from scikit-learn->alibi==0.5.2->-r dev_requirements.txt (line 11)) (2.1.0)
Requirement already satisfied: soupsieve>1.2 in /usr/local/lib/python3.6/site-packages (from beautifulsoup4->alibi==0.5.2->-r dev_requirements.txt (line 11)) (2.0.1)
Requirement already satisfied: markdown>=2.6.8 in /usr/local/lib/python3.6/site-packages (from tensorboard<1.16.0,>=1.15.0->tensorflow==1.15.4->-r dev_requirements.txt (line 14)) (3.2.2)
Requirement already satisfied: werkzeug>=0.11.15 in /usr/local/lib/python3.6/site-packages (from tensorboard<1.16.0,>=1.15.0->tensorflow==1.15.4->-r dev_requirements.txt (line 14)) (1.0.1)
Requirement already satisfied: h5py in /usr/local/lib/python3.6/site-packages (from keras-applications>=1.0.8->tensorflow==1.15.4->-r dev_requirements.txt (line 14)) (2.10.0)
Requirement already satisfied: pyrsistent>=0.14.0 in /usr/local/lib/python3.6/site-packages (from jsonschema!=2.5.0,>=2.4->nbformat>=4.4->nbconvert==5.6.1->-r dev_requirements.txt (line 10)) (0.17.3)
Building wheels for collected packages: shap
  Building wheel for shap (setup.py): started
  Building wheel for shap (setup.py): finished with status 'done'
  Created wheel for shap: filename=shap-0.35.0-cp36-cp36m-linux_x86_64.whl size=450801 sha256=0cb47720a6bae5bae71b968ae1a8a6776100638e0ad69e917c50b9981a6f1e68
  Stored in directory: /builder/home/.cache/pip/wheels/ac/f6/db/c284df1614d9fd3093cdcae76f0246077fb8862be3c4c95b09
Successfully built shap
Installing collected packages: pytest, coverage, pytest-cov, tenacity, shap, tensorflow
  Attempting uninstall: pytest
    Found existing installation: pytest 6.1.0
    Uninstalling pytest-6.1.0:
      Successfully uninstalled pytest-6.1.0
  Attempting uninstall: coverage
    Found existing installation: coverage 5.3
    Uninstalling coverage-5.3:
      Successfully uninstalled coverage-5.3
  Attempting uninstall: pytest-cov
    Found existing installation: pytest-cov 2.10.1
    Uninstalling pytest-cov-2.10.1:
      Successfully uninstalled pytest-cov-2.10.1
  Attempting uninstall: tenacity
    Found existing installation: tenacity 6.2.0
    Uninstalling tenacity-6.2.0:
      Successfully uninstalled tenacity-6.2.0
  Attempting uninstall: shap
    Found existing installation: shap 0.36.0
    Uninstalling shap-0.36.0:
      Successfully uninstalled shap-0.36.0
  Attempting uninstall: tensorflow
    Found existing installation: tensorflow 1.15.2
    Uninstalling tensorflow-1.15.2:
      Successfully uninstalled tensorflow-1.15.2
Successfully installed coverage-4.5.4 pytest-5.3.1 pytest-cov-2.8.1 shap-0.35.0 tenacity-6.0.0 tensorflow-1.15.4
ERROR: After October 2020 you may experience errors when installing or updating packages. This is because pip will change the way that it resolves dependency conflicts.

We recommend you use --use-feature=2020-resolver to test your packages with the new resolver before it becomes the default.

tensorflow 1.15.4 requires numpy<1.19.0,>=1.16.0, but you'll have numpy 1.19.2 which is incompatible.
alibi 0.5.2 requires tensorflow>=2.0, but you'll have tensorflow 1.15.4 which is incompatible.
pip install -e ../../python
Obtaining file:///workspace/source/python
Requirement already satisfied: Flask<2.0.0 in /usr/local/lib/python3.6/site-packages (from seldon-core==1.3.0.dev0) (1.1.2)
Requirement already satisfied: jsonschema<4.0.0 in /usr/local/lib/python3.6/site-packages (from seldon-core==1.3.0.dev0) (3.2.0)
Requirement already satisfied: Flask-cors<4.0.0 in /usr/local/lib/python3.6/site-packages (from seldon-core==1.3.0.dev0) (3.0.9)
Requirement already satisfied: redis<4.0.0 in /usr/local/lib/python3.6/site-packages (from seldon-core==1.3.0.dev0) (3.5.3)
Requirement already satisfied: requests<3.0.0 in /usr/local/lib/python3.6/site-packages (from seldon-core==1.3.0.dev0) (2.24.0)
Requirement already satisfied: numpy<2.0.0 in /usr/local/lib/python3.6/site-packages (from seldon-core==1.3.0.dev0) (1.19.2)
Requirement already satisfied: flatbuffers<2.0.0 in /usr/local/lib/python3.6/site-packages (from seldon-core==1.3.0.dev0) (1.12)
Requirement already satisfied: protobuf<4.0.0 in /usr/local/lib/python3.6/site-packages (from seldon-core==1.3.0.dev0) (3.13.0)
Requirement already satisfied: grpcio<2.0.0 in /usr/local/lib/python3.6/site-packages (from seldon-core==1.3.0.dev0) (1.32.0)
Requirement already satisfied: Flask-OpenTracing<1.2.0,>=1.1.0 in /usr/local/lib/python3.6/site-packages (from seldon-core==1.3.0.dev0) (1.1.0)
Requirement already satisfied: opentracing<2.4.0,>=2.2.0 in /usr/local/lib/python3.6/site-packages (from seldon-core==1.3.0.dev0) (2.3.0)
Requirement already satisfied: jaeger-client<4.4.0,>=4.1.0 in /usr/local/lib/python3.6/site-packages (from seldon-core==1.3.0.dev0) (4.3.0)
Requirement already satisfied: grpcio-opentracing<1.2.0,>=1.1.4 in /usr/local/lib/python3.6/site-packages (from seldon-core==1.3.0.dev0) (1.1.4)
Requirement already satisfied: PyYAML<5.4 in /usr/local/lib/python3.6/site-packages (from seldon-core==1.3.0.dev0) (5.3.1)
Requirement already satisfied: gunicorn<20.1.0,>=19.9.0 in /usr/local/lib/python3.6/site-packages (from seldon-core==1.3.0.dev0) (20.0.4)
Requirement already satisfied: setuptools>=41.0.0 in /usr/local/lib/python3.6/site-packages (from seldon-core==1.3.0.dev0) (50.3.0)
Requirement already satisfied: prometheus_client<0.9.0,>=0.7.1 in /usr/local/lib/python3.6/site-packages (from seldon-core==1.3.0.dev0) (0.8.0)
Requirement already satisfied: Werkzeug>=0.15 in /usr/local/lib/python3.6/site-packages (from Flask<2.0.0->seldon-core==1.3.0.dev0) (1.0.1)
Requirement already satisfied: Jinja2>=2.10.1 in /usr/local/lib/python3.6/site-packages (from Flask<2.0.0->seldon-core==1.3.0.dev0) (2.11.2)
Requirement already satisfied: click>=5.1 in /usr/local/lib/python3.6/site-packages (from Flask<2.0.0->seldon-core==1.3.0.dev0) (7.1.2)
Requirement already satisfied: itsdangerous>=0.24 in /usr/local/lib/python3.6/site-packages (from Flask<2.0.0->seldon-core==1.3.0.dev0) (1.1.0)
Requirement already satisfied: six>=1.11.0 in /usr/local/lib/python3.6/site-packages (from jsonschema<4.0.0->seldon-core==1.3.0.dev0) (1.15.0)
Requirement already satisfied: pyrsistent>=0.14.0 in /usr/local/lib/python3.6/site-packages (from jsonschema<4.0.0->seldon-core==1.3.0.dev0) (0.17.3)
Requirement already satisfied: attrs>=17.4.0 in /usr/local/lib/python3.6/site-packages (from jsonschema<4.0.0->seldon-core==1.3.0.dev0) (20.2.0)
Requirement already satisfied: importlib-metadata; python_version < "3.8" in /usr/local/lib/python3.6/site-packages (from jsonschema<4.0.0->seldon-core==1.3.0.dev0) (1.7.0)
Requirement already satisfied: chardet<4,>=3.0.2 in /usr/local/lib/python3.6/site-packages (from requests<3.0.0->seldon-core==1.3.0.dev0) (3.0.4)
Requirement already satisfied: idna<3,>=2.5 in /usr/local/lib/python3.6/site-packages (from requests<3.0.0->seldon-core==1.3.0.dev0) (2.10)
Requirement already satisfied: certifi>=2017.4.17 in /usr/local/lib/python3.6/site-packages (from requests<3.0.0->seldon-core==1.3.0.dev0) (2020.6.20)
Requirement already satisfied: urllib3!=1.25.0,!=1.25.1,<1.26,>=1.21.1 in /usr/local/lib/python3.6/site-packages (from requests<3.0.0->seldon-core==1.3.0.dev0) (1.25.10)
Requirement already satisfied: tornado>=4.3 in /usr/local/lib/python3.6/site-packages (from jaeger-client<4.4.0,>=4.1.0->seldon-core==1.3.0.dev0) (6.0.4)
Requirement already satisfied: thrift in /usr/local/lib/python3.6/site-packages (from jaeger-client<4.4.0,>=4.1.0->seldon-core==1.3.0.dev0) (0.13.0)
Requirement already satisfied: threadloop<2,>=1 in /usr/local/lib/python3.6/site-packages (from jaeger-client<4.4.0,>=4.1.0->seldon-core==1.3.0.dev0) (1.0.2)
Requirement already satisfied: MarkupSafe>=0.23 in /usr/local/lib/python3.6/site-packages (from Jinja2>=2.10.1->Flask<2.0.0->seldon-core==1.3.0.dev0) (1.1.1)
Requirement already satisfied: zipp>=0.5 in /usr/local/lib/python3.6/site-packages (from importlib-metadata; python_version < "3.8"->jsonschema<4.0.0->seldon-core==1.3.0.dev0) (3.1.0)
Installing collected packages: seldon-core
  Attempting uninstall: seldon-core
    Found existing installation: seldon-core 1.3.0.dev0
    Uninstalling seldon-core-1.3.0.dev0:
      Successfully uninstalled seldon-core-1.3.0.dev0
  Running setup.py develop for seldon-core
Successfully installed seldon-core
# Run the core tests in parallel
pytest \
	--verbose \
	-s \
	-W ignore \
	-n "4" \
	-m "not sequential and not notebooks" 2>&1
============================= test session starts ==============================
platform linux -- Python 3.6.10, pytest-5.3.1, py-1.9.0, pluggy-0.13.1 -- /usr/local/bin/python
cachedir: .pytest_cache
rootdir: /workspace/source/testing/scripts, inifile: setup.cfg
plugins: cov-2.8.1, xdist-1.30.0, flaky-3.6.1, forked-1.3.0
gw0 I / gw1 I / gw2 I / gw3 I
[gw0] linux Python 3.6.10 cwd: /workspace/source/testing/scripts
[gw1] linux Python 3.6.10 cwd: /workspace/source/testing/scripts
[gw2] linux Python 3.6.10 cwd: /workspace/source/testing/scripts
[gw3] linux Python 3.6.10 cwd: /workspace/source/testing/scripts
[gw1] Python 3.6.10 (default, Sep 18 2020, 12:54:15)  -- [GCC 8.3.0]
[gw3] Python 3.6.10 (default, Sep 18 2020, 12:54:15)  -- [GCC 8.3.0]
[gw0] Python 3.6.10 (default, Sep 18 2020, 12:54:15)  -- [GCC 8.3.0]
[gw2] Python 3.6.10 (default, Sep 18 2020, 12:54:15)  -- [GCC 8.3.0]
gw0 [35] / gw1 [35] / gw2 [35] / gw3 [35]

scheduling tests via LoadScheduling

test_api_version.py::test_api_version[machinelearning.seldon.io/v1alpha2] 
test_api_version.py::test_api_version[machinelearning.seldon.io/v1] 
test_api_version.py::test_api_version[machinelearning.seldon.io/v1alpha3] 
test_bad_graphs.py::TestBadGraphs::test_duplicate_predictor_name Error from server (SeldonDeployment.machinelearing.seldon.io "dupname" is invalid: [spec.predictors[1]: Invalid value: "mymodel": Duplicate predictor name, spec: Invalid value: "mymodel": Traffic must sum to 100 for multiple predictors]): error when creating "../resources/bad_duplicate_predictor_name.json": admission webhook "v1alpha2.vseldondeployment.kb.io" denied the request: SeldonDeployment.machinelearing.seldon.io "dupname" is invalid: [spec.predictors[1]: Invalid value: "mymodel": Duplicate predictor name, spec: Invalid value: "mymodel": Traffic must sum to 100 for multiple predictors]

[gw2] PASSED test_bad_graphs.py::TestBadGraphs::test_duplicate_predictor_name 
test_helm_charts_clusterwide.py::TestClusterWide::test_single_model Error: uninstall: Release not loaded: mymodel: release: not found

[gw2] PASSED test_helm_charts_clusterwide.py::TestClusterWide::test_single_model Error: uninstall: Release not loaded: mymodel: release: not found

[gw0] PASSED test_api_version.py::test_api_version[machinelearning.seldon.io/v1] Error: uninstall: Release not loaded: mymodel: release: not found

[gw1] PASSED test_api_version.py::test_api_version[machinelearning.seldon.io/v1alpha2] Error: uninstall: Release not loaded: mymodel: release: not found

[gw3] PASSED test_api_version.py::test_api_version[machinelearning.seldon.io/v1alpha3] 
test_helm_charts_clusterwide.py::TestClusterWide::test_abtest_model 
test_batch_processor.py::TestBatchWorker::test_batch_worker 
test_bad_graphs.py::TestBadGraphs::test_model_no_graph 
test_bad_graphs.py::TestBadGraphs::test_model_name_mismatch Error from server (SeldonDeployment.machinelearing.seldon.io "test-deployment" is invalid: spec.predictors[0].graph: Invalid value: "": Can't find container for Predictive Unit): error when creating "../resources/bad_no_graph.yaml": admission webhook "v1.vseldondeployment.kb.io" denied the request: SeldonDeployment.machinelearing.seldon.io "test-deployment" is invalid: spec.predictors[0].graph: Invalid value: "": Can't find container for Predictive Unit

[gw3] PASSED test_bad_graphs.py::TestBadGraphs::test_model_no_graph 
test_prepackaged_servers.py::TestPrepack::test_sklearn_v2 Error from server (SeldonDeployment.machinelearing.seldon.io "namemismatch" is invalid: spec.predictors[0].graph: Invalid value: "complex-model_bad_name": Can't find container for Predictive Unit): error when creating "../resources/bad_name_mismatch.json": admission webhook "v1alpha2.vseldondeployment.kb.io" denied the request: SeldonDeployment.machinelearing.seldon.io "namemismatch" is invalid: spec.predictors[0].graph: Invalid value: "complex-model_bad_name": Can't find container for Predictive Unit

[gw1] PASSED test_bad_graphs.py::TestBadGraphs::test_model_name_mismatch 
test_prepackaged_servers.py::TestPrepack::test_sklearn Error: uninstall: Release not loaded: myabtest: release: not found

[gw2] PASSED test_helm_charts_clusterwide.py::TestClusterWide::test_abtest_model 
test_helm_charts_clusterwide.py::TestClusterWide::test_mab_model 
[gw1] PASSED test_prepackaged_servers.py::TestPrepack::test_sklearn 
[gw0] PASSED test_batch_processor.py::TestBatchWorker::test_batch_worker 
test_prepackaged_servers.py::TestPrepack::test_xgboost 
test_local_operators.py::TestLocalOperators::test_namespace_operator 
[gw3] FAILED test_prepackaged_servers.py::TestPrepack::test_sklearn_v2 Error: uninstall: Release not loaded: mymab: release: not found

[gw2] PASSED test_helm_charts_clusterwide.py::TestClusterWide::test_mab_model 
test_prepackaged_servers.py::TestPrepack::test_tfserving 
[gw1] PASSED test_prepackaged_servers.py::TestPrepack::test_xgboost 
[gw0] PASSED test_local_operators.py::TestLocalOperators::test_namespace_operator 
test_prepackaged_servers.py::TestPrepack::test_xgboost_v2 
test_local_operators.py::TestLocalOperators::test_labelled_operator Error from server (InternalError): error when creating "../resources/model_controller_id.yaml": Internal error occurred: failed calling webhook "v1alpha2.mseldondeployment.kb.io": Post https://seldon-webhook-service.test-labelled-operator.svc:443/mutate-machinelearning-seldon-io-v1alpha2-seldondeployment?timeout=30s: dial tcp 10.106.179.163:443: connect: connection refused

test_prepackaged_servers.py::TestPrepack::test_mlflow 
[gw2] PASSED test_prepackaged_servers.py::TestPrepack::test_xgboost_v2 
test_prepackaged_servers.py::TestPrepack::test_openapi_sklearn 
[gw0] PASSED test_local_operators.py::TestLocalOperators::test_labelled_operator 
test_rolling_updates.py::test_rolling_deployment[graph1.json-graph2.json-True-ambas] 
[gw3] PASSED test_prepackaged_servers.py::TestPrepack::test_tfserving 
[gw2] PASSED test_prepackaged_servers.py::TestPrepack::test_openapi_sklearn 
test_rolling_updates.py::test_rolling_deployment[graph1.json-graph3.json-True-ambas] 
test_prepackaged_servers.py::TestPrepack::test_text_alibi_explainer 
[gw0] PASSED test_rolling_updates.py::test_rolling_deployment[graph1.json-graph2.json-True-ambas] 
[gw1] PASSED test_prepackaged_servers.py::TestPrepack::test_mlflow 
test_rolling_updates.py::test_rolling_deployment[graph1.json-graph3.json-True-istio] 
test_rolling_updates.py::test_rolling_deployment[graph1.json-graph2.json-True-istio] 
[gw2] PASSED test_rolling_updates.py::test_rolling_deployment[graph1.json-graph3.json-True-ambas] 
test_rolling_updates.py::test_rolling_deployment[graph1.json-graph4.json-True-ambas] 
[gw1] PASSED test_rolling_updates.py::test_rolling_deployment[graph1.json-graph2.json-True-istio] 
[gw0] PASSED test_rolling_updates.py::test_rolling_deployment[graph1.json-graph3.json-True-istio] 
test_rolling_updates.py::test_rolling_deployment[graph1.json-graph5.json-True-istio] 
test_rolling_updates.py::test_rolling_deployment[graph1.json-graph5.json-True-ambas] 
test_rolling_updates.py::test_rolling_deployment[graph1.json-graph4.json-True-ambas] 
[gw0] PASSED test_rolling_updates.py::test_rolling_deployment[graph1.json-graph5.json-True-ambas] 
test_rolling_updates.py::test_rolling_deployment[graph7.json-graph8.json-False-ambas] 
[gw1] PASSED test_rolling_updates.py::test_rolling_deployment[graph1.json-graph5.json-True-istio] 
test_rolling_updates.py::test_rolling_deployment[graph1.json-graph8.json-True-istio] 
[gw0] PASSED test_rolling_updates.py::test_rolling_deployment[graph7.json-graph8.json-False-ambas] 
test_rolling_updates.py::test_rolling_deployment[graph7.json-graph8.json-False-istio] 
[gw1] PASSED test_rolling_updates.py::test_rolling_deployment[graph1.json-graph8.json-True-istio] 
test_rolling_updates.py::test_rolling_deployment[graph1.json-graph4.json-True-ambas] 
test_security.py::test_xss_escaping 
[gw0] PASSED test_rolling_updates.py::test_rolling_deployment[graph7.json-graph8.json-False-istio] 
test_security.py::test_xss_header 
[gw1] PASSED test_security.py::test_xss_escaping 
test_tracing.py::test_tracing_rest 
[gw0] PASSED test_security.py::test_xss_header 
[gw2] PASSED test_rolling_updates.py::test_rolling_deployment[graph1.json-graph4.json-True-ambas] 
test_rolling_updates.py::test_rolling_deployment[graph1.json-graph8.json-True-ambas] 
[gw1] PASSED test_tracing.py::test_tracing_rest 
[gw2] PASSED test_rolling_updates.py::test_rolling_deployment[graph1.json-graph8.json-True-ambas] error: deployment "movie-movies-predictor-explainer" exceeded its progress deadline
error: deployment "movie-movies-predictor-explainer" exceeded its progress deadline
error: deployment "movie-movies-predictor-explainer" exceeded its progress deadline
error: deployment "movie-movies-predictor-explainer" exceeded its progress deadline
error: deployment "movie-movies-predictor-explainer" exceeded its progress deadline
error: deployment "movie-movies-predictor-explainer" exceeded its progress deadline
error: deployment "movie-movies-predictor-explainer" exceeded its progress deadline
error: deployment "movie-movies-predictor-explainer" exceeded its progress deadline
error: deployment "movie-movies-predictor-explainer" exceeded its progress deadline
error: deployment "movie-movies-predictor-explainer" exceeded its progress deadline
error: deployment "movie-movies-predictor-explainer" exceeded its progress deadline
error: deployment "movie-movies-predictor-explainer" exceeded its progress deadline
error: deployment "movie-movies-predictor-explainer" exceeded its progress deadline
error: deployment "movie-movies-predictor-explainer" exceeded its progress deadline
error: deployment "movie-movies-predictor-explainer" exceeded its progress deadline
error: deployment "movie-movies-predictor-explainer" exceeded its progress deadline
error: deployment "movie-movies-predictor-explainer" exceeded its progress deadline
error: deployment "movie-movies-predictor-explainer" exceeded its progress deadline
error: deployment "movie-movies-predictor-explainer" exceeded its progress deadline
error: deployment "movie-movies-predictor-explainer" exceeded its progress deadline
error: deployment "movie-movies-predictor-explainer" exceeded its progress deadline
error: deployment "movie-movies-predictor-explainer" exceeded its progress deadline
error: deployment "movie-movies-predictor-explainer" exceeded its progress deadline
error: deployment "movie-movies-predictor-explainer" exceeded its progress deadline
error: deployment "movie-movies-predictor-explainer" exceeded its progress deadline
error: deployment "movie-movies-predictor-explainer" exceeded its progress deadline
error: deployment "movie-movies-predictor-explainer" exceeded its progress deadline
error: deployment "movie-movies-predictor-explainer" exceeded its progress deadline
error: deployment "movie-movies-predictor-explainer" exceeded its progress deadline
error: deployment "movie-movies-predictor-explainer" exceeded its progress deadline
error: deployment "movie-movies-predictor-explainer" exceeded its progress deadline
error: deployment "movie-movies-predictor-explainer" exceeded its progress deadline
error: deployment "movie-movies-predictor-explainer" exceeded its progress deadline
error: deployment "movie-movies-predictor-explainer" exceeded its progress deadline
error: deployment "movie-movies-predictor-explainer" exceeded its progress deadline
error: deployment "movie-movies-predictor-explainer" exceeded its progress deadline
error: deployment "movie-movies-predictor-explainer" exceeded its progress deadline
error: deployment "movie-movies-predictor-explainer" exceeded its progress deadline
error: deployment "movie-movies-predictor-explainer" exceeded its progress deadline
error: deployment "movie-movies-predictor-explainer" exceeded its progress deadline
error: deployment "movie-movies-predictor-explainer" exceeded its progress deadline
error: deployment "movie-movies-predictor-explainer" exceeded its progress deadline
error: deployment "movie-movies-predictor-explainer" exceeded its progress deadline
error: deployment "movie-movies-predictor-explainer" exceeded its progress deadline
error: deployment "movie-movies-predictor-explainer" exceeded its progress deadline
error: deployment "movie-movies-predictor-explainer" exceeded its progress deadline
error: deployment "movie-movies-predictor-explainer" exceeded its progress deadline
error: deployment "movie-movies-predictor-explainer" exceeded its progress deadline
error: deployment "movie-movies-predictor-explainer" exceeded its progress deadline
error: deployment "movie-movies-predictor-explainer" exceeded its progress deadline

[gw3] FAILED test_prepackaged_servers.py::TestPrepack::test_text_alibi_explainer 
test_rolling_updates.py::test_rolling_deployment[graph1.json-graph4.json-True-istio] 
[gw3] PASSED test_rolling_updates.py::test_rolling_deployment[graph1.json-graph4.json-True-istio] 

=================================== FAILURES ===================================
_________________________ TestPrepack.test_sklearn_v2 __________________________
[gw3] linux -- Python 3.6.10 /usr/local/bin/python

self = <test_prepackaged_servers.TestPrepack object at 0x7f0bd3d94470>
namespace = 'test-sklearn-v2'

    @skipif_engine
    def test_sklearn_v2(self, namespace):
        spec = "../resources/iris-sklearn-v2.yaml"
        retry_run(f"kubectl apply -f {spec} -n {namespace}")
        wait_for_status("sklearn", namespace)
        wait_for_rollout("sklearn", namespace)
        time.sleep(1)
    
        logging.warning("Initial request")
        r = v2_protocol.inference_request(
            model_name="sklearn",
            namespace=namespace,
            payload={
                "inputs": [
                    {
                        "name": "input-0",
                        "shape": [4],
                        "datatype": "FP32",
                        "data": [[0.1, 0.2, 0.3, 0.4]],
                    }
                ],
            },
        )
>       assert r.status_code == 200
E       assert 404 == 200
E         -404
E         +200

test_prepackaged_servers.py:74: AssertionError
------------------------------ Captured log call -------------------------------
WARNING  root:seldon_e2e_utils.py:186 Failed to find status - sleeping
WARNING  root:seldon_e2e_utils.py:186 Failed to find status - sleeping
WARNING  root:seldon_e2e_utils.py:186 Failed to find status - sleeping
WARNING  root:seldon_e2e_utils.py:186 Failed to find status - sleeping
WARNING  root:seldon_e2e_utils.py:186 Failed to find status - sleeping
WARNING  root:seldon_e2e_utils.py:186 Failed to find status - sleeping
WARNING  root:seldon_e2e_utils.py:186 Failed to find status - sleeping
WARNING  root:seldon_e2e_utils.py:186 Failed to find status - sleeping
WARNING  root:seldon_e2e_utils.py:186 Failed to find status - sleeping
WARNING  root:seldon_e2e_utils.py:186 Failed to find status - sleeping
WARNING  root:seldon_e2e_utils.py:186 Failed to find status - sleeping
WARNING  root:seldon_e2e_utils.py:186 Failed to find status - sleeping
WARNING  root:seldon_e2e_utils.py:186 Failed to find status - sleeping
WARNING  root:seldon_e2e_utils.py:186 Failed to find status - sleeping
WARNING  root:seldon_e2e_utils.py:186 Failed to find status - sleeping
WARNING  root:seldon_e2e_utils.py:186 Failed to find status - sleeping
WARNING  root:seldon_e2e_utils.py:186 Failed to find status - sleeping
WARNING  root:seldon_e2e_utils.py:186 Failed to find status - sleeping
WARNING  root:seldon_e2e_utils.py:186 Failed to find status - sleeping
WARNING  root:seldon_e2e_utils.py:186 Failed to find status - sleeping
WARNING  root:test_prepackaged_servers.py:59 Initial request
____________________ TestPrepack.test_text_alibi_explainer _____________________
[gw3] linux -- Python 3.6.10 /usr/local/bin/python

self = <test_prepackaged_servers.TestPrepack object at 0x7f0bcdf62320>
namespace = 'test-text-alibi-explainer'

    def test_text_alibi_explainer(self, namespace):
        spec = "../resources/movies-text-explainer.yaml"
        retry_run(f"kubectl apply -f {spec} -n {namespace}")
        wait_for_status("movie", namespace)
>       wait_for_rollout("movie", namespace, expected_deployments=2)

test_prepackaged_servers.py:191: 
_ _ _ _ _ _ _ _ _ _ _ _ _ _ _ _ _ _ _ _ _ _ _ _ _ _ _ _ _ _ _ _ _ _ _ _ _ _ _ _ 

sdep_name = 'movie', namespace = 'test-text-alibi-explainer', attempts = 50
sleep = 5, expected_deployments = 2

    def wait_for_rollout(
        sdep_name, namespace, attempts=50, sleep=5, expected_deployments=1
    ):
        deployment_names = []
        for _ in range(attempts):
            deployment_names = get_deployment_names(sdep_name, namespace)
            deployments = len(deployment_names)
    
            if deployments == expected_deployments:
                break
            time.sleep(sleep)
    
        error_msg = (
            f"Expected {expected_deployments} deployment(s) but got {len(deployment_names)}"
        )
        assert len(deployment_names) == expected_deployments, error_msg
    
        for deployment_name in deployment_names:
            logging.info(f"Waiting for deployment {deployment_name}")
            for _ in range(attempts):
                ret = run(
                    f"kubectl rollout status -n {namespace} deploy/{deployment_name}",
                    shell=True,
                )
                if ret.returncode == 0:
                    logging.info(f"Successfully waited for deployment {deployment_name}")
                    break
                logging.warning(
                    f"Unsuccessful wait command but retrying for {deployment_name}"
                )
                time.sleep(sleep)
            assert (
                ret.returncode == 0
>           ), f"Wait for rollout of {deployment_name} failed: non-zero return code"
E           AssertionError: Wait for rollout of movie-movies-predictor-explainer failed: non-zero return code

seldon_e2e_utils.py:158: AssertionError
------------------------------ Captured log call -------------------------------
WARNING  root:seldon_e2e_utils.py:186 Failed to find status - sleeping
WARNING  root:seldon_e2e_utils.py:186 Failed to find status - sleeping
WARNING  root:seldon_e2e_utils.py:186 Failed to find status - sleeping
WARNING  root:seldon_e2e_utils.py:186 Failed to find status - sleeping
WARNING  root:seldon_e2e_utils.py:186 Failed to find status - sleeping
WARNING  root:seldon_e2e_utils.py:186 Failed to find status - sleeping
WARNING  root:seldon_e2e_utils.py:186 Failed to find status - sleeping
WARNING  root:seldon_e2e_utils.py:186 Failed to find status - sleeping
WARNING  root:seldon_e2e_utils.py:186 Failed to find status - sleeping
WARNING  root:seldon_e2e_utils.py:186 Failed to find status - sleeping
WARNING  root:seldon_e2e_utils.py:186 Failed to find status - sleeping
WARNING  root:seldon_e2e_utils.py:186 Failed to find status - sleeping
WARNING  root:seldon_e2e_utils.py:186 Failed to find status - sleeping
WARNING  root:seldon_e2e_utils.py:186 Failed to find status - sleeping
WARNING  root:seldon_e2e_utils.py:186 Failed to find status - sleeping
WARNING  root:seldon_e2e_utils.py:186 Failed to find status - sleeping
WARNING  root:seldon_e2e_utils.py:186 Failed to find status - sleeping
WARNING  root:seldon_e2e_utils.py:186 Failed to find status - sleeping
WARNING  root:seldon_e2e_utils.py:186 Failed to find status - sleeping
WARNING  root:seldon_e2e_utils.py:186 Failed to find status - sleeping
WARNING  root:seldon_e2e_utils.py:153 Unsuccessful wait command but retrying for movie-movies-predictor-explainer
WARNING  root:seldon_e2e_utils.py:153 Unsuccessful wait command but retrying for movie-movies-predictor-explainer
WARNING  root:seldon_e2e_utils.py:153 Unsuccessful wait command but retrying for movie-movies-predictor-explainer
WARNING  root:seldon_e2e_utils.py:153 Unsuccessful wait command but retrying for movie-movies-predictor-explainer
WARNING  root:seldon_e2e_utils.py:153 Unsuccessful wait command but retrying for movie-movies-predictor-explainer
WARNING  root:seldon_e2e_utils.py:153 Unsuccessful wait command but retrying for movie-movies-predictor-explainer
WARNING  root:seldon_e2e_utils.py:153 Unsuccessful wait command but retrying for movie-movies-predictor-explainer
WARNING  root:seldon_e2e_utils.py:153 Unsuccessful wait command but retrying for movie-movies-predictor-explainer
WARNING  root:seldon_e2e_utils.py:153 Unsuccessful wait command but retrying for movie-movies-predictor-explainer
WARNING  root:seldon_e2e_utils.py:153 Unsuccessful wait command but retrying for movie-movies-predictor-explainer
WARNING  root:seldon_e2e_utils.py:153 Unsuccessful wait command but retrying for movie-movies-predictor-explainer
WARNING  root:seldon_e2e_utils.py:153 Unsuccessful wait command but retrying for movie-movies-predictor-explainer
WARNING  root:seldon_e2e_utils.py:153 Unsuccessful wait command but retrying for movie-movies-predictor-explainer
WARNING  root:seldon_e2e_utils.py:153 Unsuccessful wait command but retrying for movie-movies-predictor-explainer
WARNING  root:seldon_e2e_utils.py:153 Unsuccessful wait command but retrying for movie-movies-predictor-explainer
WARNING  root:seldon_e2e_utils.py:153 Unsuccessful wait command but retrying for movie-movies-predictor-explainer
WARNING  root:seldon_e2e_utils.py:153 Unsuccessful wait command but retrying for movie-movies-predictor-explainer
WARNING  root:seldon_e2e_utils.py:153 Unsuccessful wait command but retrying for movie-movies-predictor-explainer
WARNING  root:seldon_e2e_utils.py:153 Unsuccessful wait command but retrying for movie-movies-predictor-explainer
WARNING  root:seldon_e2e_utils.py:153 Unsuccessful wait command but retrying for movie-movies-predictor-explainer
WARNING  root:seldon_e2e_utils.py:153 Unsuccessful wait command but retrying for movie-movies-predictor-explainer
WARNING  root:seldon_e2e_utils.py:153 Unsuccessful wait command but retrying for movie-movies-predictor-explainer
WARNING  root:seldon_e2e_utils.py:153 Unsuccessful wait command but retrying for movie-movies-predictor-explainer
WARNING  root:seldon_e2e_utils.py:153 Unsuccessful wait command but retrying for movie-movies-predictor-explainer
WARNING  root:seldon_e2e_utils.py:153 Unsuccessful wait command but retrying for movie-movies-predictor-explainer
WARNING  root:seldon_e2e_utils.py:153 Unsuccessful wait command but retrying for movie-movies-predictor-explainer
WARNING  root:seldon_e2e_utils.py:153 Unsuccessful wait command but retrying for movie-movies-predictor-explainer
WARNING  root:seldon_e2e_utils.py:153 Unsuccessful wait command but retrying for movie-movies-predictor-explainer
WARNING  root:seldon_e2e_utils.py:153 Unsuccessful wait command but retrying for movie-movies-predictor-explainer
WARNING  root:seldon_e2e_utils.py:153 Unsuccessful wait command but retrying for movie-movies-predictor-explainer
WARNING  root:seldon_e2e_utils.py:153 Unsuccessful wait command but retrying for movie-movies-predictor-explainer
WARNING  root:seldon_e2e_utils.py:153 Unsuccessful wait command but retrying for movie-movies-predictor-explainer
WARNING  root:seldon_e2e_utils.py:153 Unsuccessful wait command but retrying for movie-movies-predictor-explainer
WARNING  root:seldon_e2e_utils.py:153 Unsuccessful wait command but retrying for movie-movies-predictor-explainer
WARNING  root:seldon_e2e_utils.py:153 Unsuccessful wait command but retrying for movie-movies-predictor-explainer
WARNING  root:seldon_e2e_utils.py:153 Unsuccessful wait command but retrying for movie-movies-predictor-explainer
WARNING  root:seldon_e2e_utils.py:153 Unsuccessful wait command but retrying for movie-movies-predictor-explainer
WARNING  root:seldon_e2e_utils.py:153 Unsuccessful wait command but retrying for movie-movies-predictor-explainer
WARNING  root:seldon_e2e_utils.py:153 Unsuccessful wait command but retrying for movie-movies-predictor-explainer
WARNING  root:seldon_e2e_utils.py:153 Unsuccessful wait command but retrying for movie-movies-predictor-explainer
WARNING  root:seldon_e2e_utils.py:153 Unsuccessful wait command but retrying for movie-movies-predictor-explainer
WARNING  root:seldon_e2e_utils.py:153 Unsuccessful wait command but retrying for movie-movies-predictor-explainer
WARNING  root:seldon_e2e_utils.py:153 Unsuccessful wait command but retrying for movie-movies-predictor-explainer
WARNING  root:seldon_e2e_utils.py:153 Unsuccessful wait command but retrying for movie-movies-predictor-explainer
WARNING  root:seldon_e2e_utils.py:153 Unsuccessful wait command but retrying for movie-movies-predictor-explainer
WARNING  root:seldon_e2e_utils.py:153 Unsuccessful wait command but retrying for movie-movies-predictor-explainer
WARNING  root:seldon_e2e_utils.py:153 Unsuccessful wait command but retrying for movie-movies-predictor-explainer
WARNING  root:seldon_e2e_utils.py:153 Unsuccessful wait command but retrying for movie-movies-predictor-explainer
WARNING  root:seldon_e2e_utils.py:153 Unsuccessful wait command but retrying for movie-movies-predictor-explainer
WARNING  root:seldon_e2e_utils.py:153 Unsuccessful wait command but retrying for movie-movies-predictor-explainer
===Flaky Test Report===

test_rolling_deployment[graph1.json-graph2.json-True-ambas] passed 1 out of the required 1 times. Success!
test_rolling_deployment[graph1.json-graph3.json-True-istio] passed 1 out of the required 1 times. Success!
test_rolling_deployment[graph1.json-graph5.json-True-ambas] passed 1 out of the required 1 times. Success!
test_rolling_deployment[graph7.json-graph8.json-False-ambas] passed 1 out of the required 1 times. Success!
test_rolling_deployment[graph7.json-graph8.json-False-istio] passed 1 out of the required 1 times. Success!
test_rolling_deployment[graph1.json-graph2.json-True-istio] passed 1 out of the required 1 times. Success!
test_rolling_deployment[graph1.json-graph5.json-True-istio] passed 1 out of the required 1 times. Success!
test_rolling_deployment[graph1.json-graph8.json-True-istio] passed 1 out of the required 1 times. Success!
test_rolling_deployment[graph1.json-graph3.json-True-ambas] passed 1 out of the required 1 times. Success!
test_rolling_deployment[graph1.json-graph4.json-True-ambas] failed (2 runs remaining out of 3).
	<class 'AssertionError'>
	
	[<TracebackEntry /workspace/source/testing/scripts/test_rolling_updates.py:238>, <TracebackEntry /workspace/source/testing/scripts/seldon_e2e_utils.py:601>, <TracebackEntry /workspace/source/testing/scripts/seldon_e2e_utils.py:593>, <TracebackEntry /workspace/source/testing/scripts/seldon_e2e_utils.py:611>]
test_rolling_deployment[graph1.json-graph4.json-True-ambas] failed (1 runs remaining out of 3).
	<class 'AssertionError'>
	
	[<TracebackEntry /workspace/source/testing/scripts/test_rolling_updates.py:238>, <TracebackEntry /workspace/source/testing/scripts/seldon_e2e_utils.py:601>, <TracebackEntry /workspace/source/testing/scripts/seldon_e2e_utils.py:593>, <TracebackEntry /workspace/source/testing/scripts/seldon_e2e_utils.py:611>]
test_rolling_deployment[graph1.json-graph4.json-True-ambas] passed 1 out of the required 1 times. Success!
test_rolling_deployment[graph1.json-graph8.json-True-ambas] passed 1 out of the required 1 times. Success!
test_rolling_deployment[graph1.json-graph4.json-True-istio] passed 1 out of the required 1 times. Success!

===End Flaky Test Report===
================== 2 failed, 33 passed in 1452.89s (0:24:12) ===================
make: *** [Makefile:132: test_parallel] Error 1
Test returned errors
kind delete cluster
Deleting cluster "kind" ...
Stopping Docker: dockerProgram process in pidfile '/var/run/docker-ssd.pid', 1 process(es), refused to die.
[31m
Pipeline failed on stage 'end-to-end' : container 'step-test-end-to-end'. The execution of the pipeline has stopped.[0m
