
Showing logs for build [32mseldonio-seldon-core-pr-2564-no-t72bz-4[0m stage [32mpr-build-comment[0m and container [32mstep-credential-initializer-lflmr[0m
{"level":"info","ts":1603296251.666839,"logger":"fallback-logger","caller":"logging/config.go:69","msg":"Fetch GitHub commit ID from kodata failed: open /var/run/ko/refs/heads/0.8.0-ns-support: no such file or directory"}
{"level":"info","ts":1603296251.6672335,"logger":"fallback-logger","caller":"creds-init/main.go:40","msg":"Credentials initialized."}

Showing logs for build [32mseldonio-seldon-core-pr-2564-no-t72bz-4[0m stage [32mpr-build-comment[0m and container [32mstep-working-dir-initializer-jjlhn[0m
{"level":"info","ts":1603296254.303381,"logger":"fallback-logger","caller":"logging/config.go:69","msg":"Fetch GitHub commit ID from kodata failed: open /var/run/ko/HEAD: no such file or directory"}
{"level":"info","ts":1603296254.3075678,"logger":"fallback-logger","caller":"bash/main.go:64","msg":"Successfully executed command \"sh -c mkdir -p /workspace/source\"; output "}

Showing logs for build [32mseldonio-seldon-core-pr-2564-no-t72bz-4[0m stage [32mpr-build-comment[0m and container [32mstep-place-tools[0m

Showing logs for build [32mseldonio-seldon-core-pr-2564-no-t72bz-4[0m stage [32mpr-build-comment[0m and container [32mstep-create-dir-workspace-jhv5h[0m
{"level":"info","ts":1603296265.7523553,"logger":"fallback-logger","caller":"logging/config.go:69","msg":"Fetch GitHub commit ID from kodata failed: open /var/run/ko/HEAD: no such file or directory"}
{"level":"info","ts":1603296265.7550468,"logger":"fallback-logger","caller":"bash/main.go:64","msg":"Successfully executed command \"sh -c mkdir -p source\"; output "}

Showing logs for build [32mseldonio-seldon-core-pr-2564-no-t72bz-4[0m stage [32mpr-build-comment[0m and container [32mstep-git-source-seldonio-seldon-core-pr-2564-no-t72bz-bglcl[0m
{"level":"info","ts":1603296266.7213671,"logger":"fallback-logger","caller":"logging/config.go:69","msg":"Fetch GitHub commit ID from kodata failed: open /var/run/ko/refs/heads/0.8.0-ns-support: no such file or directory"}
{"level":"info","ts":1603296272.3318698,"logger":"fallback-logger","caller":"git/git.go:103","msg":"Successfully cloned https://github.com/SeldonIO/seldon-core.git @ master in path /workspace/source"}

Showing logs for build [32mseldonio-seldon-core-pr-2564-no-t72bz-4[0m stage [32mpr-build-comment[0m and container [32mstep-setup-builder-home[0m

Showing logs for build [32mseldonio-seldon-core-pr-2564-no-t72bz-4[0m stage [32mpr-build-comment[0m and container [32mstep-git-merge[0m
Using SHAs from PULL_REFS=master:0bd83773228a18e7f376270f4b85cbef69395b8f,2564:03928db0b392c6fa36365175b0109d9f2734a155
DEBUG: LC_ALL=C JX_LOG_LEVEL=error git fetch origin --unshallow 03928db0b392c6fa36365175b0109d9f2734a155: 0bd83773228a18e7f376270f4b85cbef69395b8f:
DEBUG: ran git fetch --unshallow origin 03928db0b392c6fa36365175b0109d9f2734a155: 0bd83773228a18e7f376270f4b85cbef69395b8f: in 
DEBUG: LC_ALL=C JX_LOG_LEVEL=error git branch
DEBUG: LC_ALL=C JX_LOG_LEVEL=error git checkout master
DEBUG: ran git checkout master in 
DEBUG: LC_ALL=C JX_LOG_LEVEL=error git reset --hard 0bd83773228a18e7f376270f4b85cbef69395b8f
DEBUG: ran git reset --hard 0bd83773228a18e7f376270f4b85cbef69395b8f in 
DEBUG: LC_ALL=C JX_LOG_LEVEL=error git clean -fd .
DEBUG: ran clean --force -d . in 
DEBUG: JX_LOG_LEVEL=error LC_ALL=C git merge 03928db0b392c6fa36365175b0109d9f2734a155
DEBUG: ran git merge 03928db0b392c6fa36365175b0109d9f2734a155 in 
DEBUG: LC_ALL=C JX_LOG_LEVEL=error git log --format=%H%x1f%an%x1f%ae%x1f%cn%x1f%ce%x1f%s%n%b%x1e 0bd83773228a18e7f376270f4b85cbef69395b8f..HEAD
Merged SHA 3518e27197a2789e2a901f08cf16b31ee0067816 with commit message 'Merge commit '03928db0b392c6fa36365175b0109d9f2734a155'' into base branch master
Merged SHA 03928db0b392c6fa36365175b0109d9f2734a155 with commit message 'reduce flakiness in custom_metrics notebook' into base branch master
Merged SHA f2b39e22eb49eba3f13287b13b8022c591a23a85 with commit message 'fix protocol_examples notebook' into base branch master

Showing logs for build [32mseldonio-seldon-core-pr-2564-no-t72bz-4[0m stage [32mpr-build-comment[0m and container [32mstep-step2[0m
+++ dirname ./add-pr-build-comment
++ cd .
++ pwd
+ STARTUP_DIR=/workspace/source/ci
+ REPO_OWNER=SeldonIO
+ REPO_NAME=seldon-core
+ PULL_NUMBER=2564
+ BUILD_NUMBER=4
+ PIPELINE_CONTEXT=notebooks
++ cat
+++ date
+ COMMENT_MSG='Wed Oct 21 16:04:43 UTC 2020
The logs for [notebooks] [4] will show after the pipeline context has finished.  
https://github.com/SeldonIO/seldon-core/blob/gh-pages/jenkins-x/logs/SeldonIO/seldon-core/PR-2564/4.log

impatient try  
** get build logs SeldonIO/seldon-core/PR-2564 --build=4'
+ ** step pr comment --owner=SeldonIO --repository=seldon-core --pull-request=2564 '--comment=Wed Oct 21 16:04:43 UTC 2020
The logs for [notebooks] [4] will show after the pipeline context has finished.  
https://github.com/SeldonIO/seldon-core/blob/gh-pages/jenkins-x/logs/SeldonIO/seldon-core/PR-2564/4.log

impatient try  
** get build logs SeldonIO/seldon-core/PR-2564 --build=4'

Showing logs for build [32mseldonio-seldon-core-pr-2564-no-t72bz-4[0m stage [32mpr-build-comment[0m and container [32mstep-source-mkdir-seldonio-seldon-core-pr-2564-no-t72bz-gw9pv[0m
{"level":"info","ts":1603296285.5387115,"logger":"fallback-logger","caller":"logging/config.go:69","msg":"Fetch GitHub commit ID from kodata failed: open /var/run/ko/HEAD: no such file or directory"}
{"level":"info","ts":1603296285.542953,"logger":"fallback-logger","caller":"bash/main.go:64","msg":"Successfully executed command \"sh -c mkdir -p /pvc/pr-build-comment/workspace\"; output "}

Showing logs for build [32mseldonio-seldon-core-pr-2564-no-t72bz-4[0m stage [32mpr-build-comment[0m and container [32mstep-source-copy-seldonio-seldon-core-pr-2564-no-t72bz-fsbkj[0m
{"level":"info","ts":1603296286.2259753,"logger":"fallback-logger","caller":"logging/config.go:69","msg":"Fetch GitHub commit ID from kodata failed: open /var/run/ko/HEAD: no such file or directory"}
{"level":"info","ts":1603296286.7505252,"logger":"fallback-logger","caller":"bash/main.go:64","msg":"Successfully executed command \"sh -c cp -r source/. /pvc/pr-build-comment/workspace\"; output "}

Showing logs for build [32mseldonio-seldon-core-pr-2564-no-t72bz-4[0m stage [32mend-to-end[0m and container [32mstep-credential-initializer-8tht4[0m
{"level":"info","ts":1603296291.927541,"logger":"fallback-logger","caller":"logging/config.go:69","msg":"Fetch GitHub commit ID from kodata failed: open /var/run/ko/refs/heads/0.8.0-ns-support: no such file or directory"}
{"level":"info","ts":1603296291.928105,"logger":"fallback-logger","caller":"creds-init/main.go:40","msg":"Credentials initialized."}

Showing logs for build [32mseldonio-seldon-core-pr-2564-no-t72bz-4[0m stage [32mend-to-end[0m and container [32mstep-working-dir-initializer-hnllw[0m
{"level":"info","ts":1603296292.4743562,"logger":"fallback-logger","caller":"logging/config.go:69","msg":"Fetch GitHub commit ID from kodata failed: open /var/run/ko/HEAD: no such file or directory"}
{"level":"info","ts":1603296292.4772182,"logger":"fallback-logger","caller":"bash/main.go:64","msg":"Successfully executed command \"sh -c mkdir -p /workspace/source\"; output "}

Showing logs for build [32mseldonio-seldon-core-pr-2564-no-t72bz-4[0m stage [32mend-to-end[0m and container [32mstep-place-tools[0m

Showing logs for build [32mseldonio-seldon-core-pr-2564-no-t72bz-4[0m stage [32mend-to-end[0m and container [32mstep-create-dir-workspace-psgzb[0m
{"level":"info","ts":1603296302.7650077,"logger":"fallback-logger","caller":"logging/config.go:69","msg":"Fetch GitHub commit ID from kodata failed: open /var/run/ko/HEAD: no such file or directory"}
{"level":"info","ts":1603296302.766642,"logger":"fallback-logger","caller":"bash/main.go:64","msg":"Successfully executed command \"sh -c mkdir -p /workspace/source\"; output "}

Showing logs for build [32mseldonio-seldon-core-pr-2564-no-t72bz-4[0m stage [32mend-to-end[0m and container [32mstep-source-copy-workspace-zdxx2[0m
{"level":"info","ts":1603296302.8032162,"logger":"fallback-logger","caller":"logging/config.go:69","msg":"Fetch GitHub commit ID from kodata failed: open /var/run/ko/HEAD: no such file or directory"}
{"level":"info","ts":1603296303.3357594,"logger":"fallback-logger","caller":"bash/main.go:64","msg":"Successfully executed command \"sh -c cp -r /pvc/pr-build-comment/workspace/. /workspace/source\"; output "}

Showing logs for build [32mseldonio-seldon-core-pr-2564-no-t72bz-4[0m stage [32mend-to-end[0m and container [32mstep-setup-builder-home[0m

Showing logs for build [32mseldonio-seldon-core-pr-2564-no-t72bz-4[0m stage [32mend-to-end[0m and container [32mstep-test-end-to-end[0m
Test run type is: [notebooks]
Starting Docker: docker.
[SETUP] Waiting for Docker to be ready, sleeping for 1 seconds ...
kind create cluster --config ../resources/kind_config.yaml
Creating cluster "kind" ...
 â€¢ Ensuring node image (kindest/node:v1.16.3) ðŸ–¼  ...
 âœ“ Ensuring node image (kindest/node:v1.16.3) ðŸ–¼
 â€¢ Preparing nodes ðŸ“¦  ...
 âœ“ Preparing nodes ðŸ“¦
 â€¢ Writing configuration ðŸ“œ  ...
 âœ“ Writing configuration ðŸ“œ
 â€¢ Starting control-plane ðŸ•¹ï¸  ...
 âœ“ Starting control-plane ðŸ•¹ï¸
 â€¢ Installing CNI ðŸ”Œ  ...
 âœ“ Installing CNI ðŸ”Œ
 â€¢ Installing StorageClass ðŸ’¾  ...
 âœ“ Installing StorageClass ðŸ’¾
 â€¢ Joining worker nodes ðŸšœ  ...
 âœ“ Joining worker nodes ðŸšœ
Set kubectl context to "kind-kind"
You can now use your cluster with:

kubectl cluster-info --context kind-kind

Have a question, bug, or feature request? Let us know! https://kind.sigs.k8s.io/#community ðŸ™‚
`kind get kubeconfig-path` is deprecated!
Files changed in python folder:

KIND will export and merge kubeconfig like kops, minikube, etc.
This command is now unnecessary and will be removed in a future release.

For more info see: https://github.com/kubernetes-sigs/kind/issues/1060
See also the output of `kind create cluster`

SKIPPING PYTHON IMAGE BUILD...
Files changed in operator folder:
SKIPPING OPERATOR IMAGE BUILD...
Files changed in engine folder:
SKIPPING ENGINE IMAGE BUILD...
Files changed in executor folder:
SKIPPING EXECUTOR IMAGE BUILD...
Build test models
make -C ../docker/fixed-model kind_load_images
make[1]: Entering directory '/workspace/source/testing/docker/fixed-model'
s2i build -E environment_rest_v1 . seldonio/seldon-core-s2i-python3:0.15 seldonio/fixed-model:0.1
---> Installing application source...
Build completed successfully
s2i build -E environment_rest_v2 . seldonio/seldon-core-s2i-python3:0.15 seldonio/fixed-model:0.2
---> Installing application source...
Build completed successfully
kind load -v 3 docker-image seldonio/fixed-model:0.1
Image: "seldonio/fixed-model:0.1" with ID "sha256:fa485c6ab55afab804df6cd6045436a41e5a515595001bde4a8a995679461390" not present on node "kind-control-plane"
Image: "seldonio/fixed-model:0.1" with ID "sha256:fa485c6ab55afab804df6cd6045436a41e5a515595001bde4a8a995679461390" not present on node "kind-worker"
kind load -v 3 docker-image seldonio/fixed-model:0.2
Image: "seldonio/fixed-model:0.2" with ID "sha256:f9ecc2e7ce997cb13e2ec20ce38bfe07238c3589da900372ed843fb58a56d033" not present on node "kind-control-plane"
Image: "seldonio/fixed-model:0.2" with ID "sha256:f9ecc2e7ce997cb13e2ec20ce38bfe07238c3589da900372ed843fb58a56d033" not present on node "kind-worker"
make[1]: Leaving directory '/workspace/source/testing/docker/fixed-model'
make -C ../docker/echo-model kind_load_image
make[1]: Entering directory '/workspace/source/testing/docker/echo-model'
s2i build \
	-E environment_rest \
	.\
	seldonio/seldon-core-s2i-python3:1.1.1-SNAPSHOT\
	seldonio/echo-model:0.1
---> Installing application source...
Build completed successfully
kind load -v 3 docker-image seldonio/echo-model:0.1
Image: "seldonio/echo-model:0.1" with ID "sha256:4830560978abd1474d5886fa20e4134ce56eac8faf4489dbf1585f951b9e0072" not present on node "kind-control-plane"
Image: "seldonio/echo-model:0.1" with ID "sha256:4830560978abd1474d5886fa20e4134ce56eac8faf4489dbf1585f951b9e0072" not present on node "kind-worker"
make[1]: Leaving directory '/workspace/source/testing/docker/echo-model'
Files changed in prepackaged folder:
SKIPPING PREPACKAGED IMAGE BUILD...
Files changed in alibi explain folder:
SKIPPING ALIBI EXPLAIN IMAGE BUILD...
Files changed in alibi detect folder:
SKIPPING ALIBI DETECT IMAGE BUILD...
Files changed in misc folders:
SKIPPING MISC IMAGE BUILD...
kubectl create namespace seldon || echo "Namespace seldon already exists"
namespace/seldon created
kubectl create namespace test1 || echo "Namespace test1 already exists"
namespace/test1 created
helm repo add stable https://kubernetes-charts.storage.googleapis.com/
"stable" has been added to your repositories
helm repo add seldonio https://storage.googleapis.com/seldon-charts
"seldonio" has been added to your repositories
helm repo add jaegertracing https://jaegertracing.github.io/helm-charts
"jaegertracing" has been added to your repositories
helm repo add datawire https://www.getambassador.io
"datawire" has been added to your repositories
helm repo update
Hang tight while we grab the latest from your chart repositories...
...Successfully got an update from the "seldonio" chart repository
...Successfully got an update from the "jaegertracing" chart repository
...Successfully got an update from the "datawire" chart repository
...Successfully got an update from the "stable" chart repository
Update Complete. âŽˆ Happy Helming!âŽˆ 
helm upgrade ambassador \
	datawire/ambassador \
	-f ../resources/ambassador_values.yaml \
	--set image.repository=quay.io/datawire/ambassador \
	--set crds.keep=false \
	--set enableAES=false \
	--namespace seldon \
	--set replicaCount=1 \
	--wait --install
Release "ambassador" does not exist. Installing it now.
manifest_sorter.go:192: info: skipping unknown hook: "crd-install"
manifest_sorter.go:192: info: skipping unknown hook: "crd-install"
manifest_sorter.go:192: info: skipping unknown hook: "crd-install"
manifest_sorter.go:192: info: skipping unknown hook: "crd-install"
manifest_sorter.go:192: info: skipping unknown hook: "crd-install"
manifest_sorter.go:192: info: skipping unknown hook: "crd-install"
manifest_sorter.go:192: info: skipping unknown hook: "crd-install"
manifest_sorter.go:192: info: skipping unknown hook: "crd-install"
manifest_sorter.go:192: info: skipping unknown hook: "crd-install"
manifest_sorter.go:192: info: skipping unknown hook: "crd-install"
manifest_sorter.go:192: info: skipping unknown hook: "crd-install"
manifest_sorter.go:192: info: skipping unknown hook: "crd-install"
manifest_sorter.go:192: info: skipping unknown hook: "crd-install"
manifest_sorter.go:192: info: skipping unknown hook: "crd-install"
manifest_sorter.go:192: info: skipping unknown hook: "crd-install"
manifest_sorter.go:192: info: skipping unknown hook: "crd-install"
manifest_sorter.go:192: info: skipping unknown hook: "crd-install"
manifest_sorter.go:192: info: skipping unknown hook: "crd-install"
NAME: ambassador
LAST DEPLOYED: Wed Oct 21 16:13:44 2020
NAMESPACE: seldon
STATUS: deployed
REVISION: 1
NOTES:
-------------------------------------------------------------------------------
  Congratulations! You've successfully installed Ambassador!

-------------------------------------------------------------------------------
To get the IP address of Ambassador, run the following commands:
  export NODE_PORT=$(kubectl get --namespace seldon -o jsonpath="{.spec.ports[0].nodePort}" services ambassador)
  export NODE_IP=$(kubectl get nodes --namespace seldon -o jsonpath="{.items[0].status.addresses[0].address}")
  echo http://$NODE_IP:$NODE_PORT

For help, visit our Slack at https://d6e.co/slack or view the documentation online at https://www.getambassador.io.
kubectl apply -f istio-1.4.2.yaml
clusterrole.rbac.authorization.k8s.io/istio-reader-istio-system created
clusterrolebinding.rbac.authorization.k8s.io/istio-reader-istio-system created
customresourcedefinition.apiextensions.k8s.io/attributemanifests.config.istio.io created
customresourcedefinition.apiextensions.k8s.io/clusterrbacconfigs.rbac.istio.io created
customresourcedefinition.apiextensions.k8s.io/destinationrules.networking.istio.io created
customresourcedefinition.apiextensions.k8s.io/envoyfilters.networking.istio.io created
customresourcedefinition.apiextensions.k8s.io/gateways.networking.istio.io created
customresourcedefinition.apiextensions.k8s.io/httpapispecbindings.config.istio.io created
customresourcedefinition.apiextensions.k8s.io/httpapispecs.config.istio.io created
customresourcedefinition.apiextensions.k8s.io/meshpolicies.authentication.istio.io created
customresourcedefinition.apiextensions.k8s.io/policies.authentication.istio.io created
customresourcedefinition.apiextensions.k8s.io/quotaspecbindings.config.istio.io created
customresourcedefinition.apiextensions.k8s.io/quotaspecs.config.istio.io created
customresourcedefinition.apiextensions.k8s.io/rbacconfigs.rbac.istio.io created
customresourcedefinition.apiextensions.k8s.io/rules.config.istio.io created
customresourcedefinition.apiextensions.k8s.io/serviceentries.networking.istio.io created
customresourcedefinition.apiextensions.k8s.io/servicerolebindings.rbac.istio.io created
customresourcedefinition.apiextensions.k8s.io/serviceroles.rbac.istio.io created
customresourcedefinition.apiextensions.k8s.io/virtualservices.networking.istio.io created
customresourcedefinition.apiextensions.k8s.io/adapters.config.istio.io created
customresourcedefinition.apiextensions.k8s.io/instances.config.istio.io created
customresourcedefinition.apiextensions.k8s.io/templates.config.istio.io created
customresourcedefinition.apiextensions.k8s.io/handlers.config.istio.io created
customresourcedefinition.apiextensions.k8s.io/sidecars.networking.istio.io created
customresourcedefinition.apiextensions.k8s.io/authorizationpolicies.security.istio.io created
namespace/istio-system created
serviceaccount/istio-reader-service-account created
clusterrole.rbac.authorization.k8s.io/istio-citadel-istio-system created
clusterrolebinding.rbac.authorization.k8s.io/istio-citadel-istio-system created
deployment.apps/istio-citadel created
poddisruptionbudget.policy/istio-citadel created
service/istio-citadel created
serviceaccount/istio-citadel-service-account created
deployment.apps/istio-egressgateway created
poddisruptionbudget.policy/istio-egressgateway created
gateway.networking.istio.io/istio-multicluster-egressgateway created
virtualservice.networking.istio.io/istio-multicluster-egressgateway created
envoyfilter.networking.istio.io/istio-multicluster-egressgateway created
destinationrule.networking.istio.io/istio-multicluster-destinationrule created
service/istio-egressgateway created
role.rbac.authorization.k8s.io/istio-egressgateway-sds created
rolebinding.rbac.authorization.k8s.io/istio-egressgateway-sds created
serviceaccount/istio-egressgateway-service-account created
clusterrole.rbac.authorization.k8s.io/istio-galley-istio-system created
clusterrolebinding.rbac.authorization.k8s.io/istio-galley-*****-role-binding-istio-system created
configmap/istio-mesh-galley created
configmap/istio-galley-configuration created
deployment.apps/istio-galley created
poddisruptionbudget.policy/istio-galley created
service/istio-galley created
serviceaccount/istio-galley-service-account created
configmap/istio-grafana-configuration-dashboards-citadel-dashboard created
configmap/istio-grafana-configuration-dashboards-galley-dashboard created
configmap/istio-grafana-configuration-dashboards-istio-mesh-dashboard created
configmap/istio-grafana-configuration-dashboards-istio-performance-dashboard created
configmap/istio-grafana-configuration-dashboards-istio-service-dashboard created
configmap/istio-grafana-configuration-dashboards-istio-workload-dashboard created
configmap/istio-grafana-configuration-dashboards-mixer-dashboard created
configmap/istio-grafana-configuration-dashboards-pilot-dashboard created
configmap/istio-grafana created
deployment.apps/grafana created
policy.authentication.istio.io/grafana-ports-mtls-disabled created
service/grafana created
deployment.apps/istio-ingressgateway created
gateway.networking.istio.io/ingressgateway created
poddisruptionbudget.policy/ingressgateway created
service/istio-ingressgateway created
serviceaccount/istio-ingressgateway-service-account created
sidecar.networking.istio.io/default created
clusterrole.rbac.authorization.k8s.io/istio-sidecar-injector-istio-system created
clusterrolebinding.rbac.authorization.k8s.io/istio-sidecar-injector-*****-role-binding-istio-system created
configmap/injector-mesh created
deployment.apps/istio-sidecar-injector created
mutatingwebhookconfiguration.admissionregistration.k8s.io/istio-sidecar-injector created
poddisruptionbudget.policy/istio-sidecar-injector created
service/istio-sidecar-injector created
serviceaccount/istio-sidecar-injector-service-account created
configmap/istio-sidecar-injector created
clusterrole.rbac.authorization.k8s.io/kiali created
clusterrole.rbac.authorization.k8s.io/kiali-viewer created
clusterrolebinding.rbac.authorization.k8s.io/kiali created
configmap/kiali created
secret/kiali created
deployment.apps/kiali created
service/kiali created
serviceaccount/kiali-service-account created
clusterrole.rbac.authorization.k8s.io/istio-pilot-istio-system created
clusterrolebinding.rbac.authorization.k8s.io/istio-pilot-istio-system created
configmap/pilot-envoy-config created
configmap/istio created
deployment.apps/istio-pilot created
meshpolicy.authentication.istio.io/default created
poddisruptionbudget.policy/istio-pilot created
service/istio-pilot created
serviceaccount/istio-pilot-service-account created
clusterrole.rbac.authorization.k8s.io/istio-policy created
clusterrolebinding.rbac.authorization.k8s.io/istio-policy-*****-role-binding-istio-system created
destinationrule.networking.istio.io/istio-policy created
deployment.apps/istio-policy created
poddisruptionbudget.policy/istio-policy created
service/istio-policy created
serviceaccount/istio-policy-service-account created
clusterrole.rbac.authorization.k8s.io/prometheus-istio-system created
clusterrolebinding.rbac.authorization.k8s.io/prometheus-istio-system created
configmap/prometheus created
deployment.apps/prometheus created
service/prometheus created
serviceaccount/prometheus created
horizontalpodautoscaler.autoscaling/istio-telemetry created
clusterrole.rbac.authorization.k8s.io/istio-mixer-istio-system created
clusterrolebinding.rbac.authorization.k8s.io/istio-mixer-*****-role-binding-istio-system created
attributemanifest.config.istio.io/istioproxy created
attributemanifest.config.istio.io/kubernetes created
handler.config.istio.io/stdio created
instance.config.istio.io/accesslog created
instance.config.istio.io/tcpaccesslog created
rule.config.istio.io/stdio created
rule.config.istio.io/stdiotcp created
instance.config.istio.io/requestcount created
instance.config.istio.io/requestduration created
instance.config.istio.io/requestsize created
instance.config.istio.io/responsesize created
instance.config.istio.io/tcpbytesent created
instance.config.istio.io/tcpbytereceived created
instance.config.istio.io/tcpconnectionsopened created
instance.config.istio.io/tcpconnectionsclosed created
handler.config.istio.io/prometheus created
rule.config.istio.io/promhttp created
rule.config.istio.io/promtcp created
rule.config.istio.io/promtcpconnectionopen created
rule.config.istio.io/promtcpconnectionclosed created
handler.config.istio.io/kubernetesenv created
rule.config.istio.io/kubeattrgenrulerule created
rule.config.istio.io/tcpkubeattrgenrulerule created
instance.config.istio.io/attributes created
destinationrule.networking.istio.io/istio-telemetry created
configmap/telemetry-envoy-config created
deployment.apps/istio-telemetry created
poddisruptionbudget.policy/istio-telemetry created
service/istio-telemetry created
serviceaccount/istio-mixer-service-account created
deployment.apps/istio-tracing created
service/jaeger-query created
service/jaeger-collector created
service/jaeger-agent created
service/zipkin created
service/tracing created
kubectl rollout status deployment.apps/istio-ingressgateway -n istio-system
Waiting for deployment "istio-ingressgateway" rollout to finish: 0 of 1 updated replicas are available...
deployment "istio-ingressgateway" successfully rolled out
kubectl rollout status deployment.apps/istio-pilot -n istio-system
deployment "istio-pilot" successfully rolled out
kubectl rollout status deployment.apps/istio-citadel -n istio-system
deployment "istio-citadel" successfully rolled out
kubectl create -f ../resources/seldon-gateway.yaml -n istio-system
gateway.networking.istio.io/seldon-gateway created
helm upgrade jaeger-operator \
	jaegertracing/jaeger-operator \
	--set rbac.clusterRole=true \
	--namespace seldon \
	--wait --install
Release "jaeger-operator" does not exist. Installing it now.
manifest_sorter.go:192: info: skipping unknown hook: "crd-install"
NAME: jaeger-operator
LAST DEPLOYED: Wed Oct 21 16:17:25 2020
NAMESPACE: seldon
STATUS: deployed
REVISION: 1
TEST SUITE: None
NOTES:
jaeger-operator is installed.


Check the jaeger-operator logs
  export POD=$(kubectl get pods-l app.kubernetes.io/instance=jaeger-operator -lapp.kubernetes.io/name=jaeger-operator --namespace seldon --output name)
  kubectl logs $POD --namespace=seldon
kubectl apply -f ../resources/jaeger.yaml --namespace seldon
jaeger.jaegertracing.io/jaeger created
mapping.getambassador.io/jaeger created
cd ../../operator && make install-cert-manager
make[1]: Entering directory '/workspace/source/operator'
kubectl create namespace cert-manager || echo "Namespace cert-manager-exists"
namespace/cert-manager created
kubectl label namespace cert-manager cert-manager.io/disable-validation=true || echo "namespace cert-manager-already labelled"
namespace/cert-manager labeled
kubectl apply --validate=false -f https://github.com/jetstack/cert-manager/releases/download/v0.12.0/cert-manager.yaml
customresourcedefinition.apiextensions.k8s.io/certificaterequests.cert-manager.io created
customresourcedefinition.apiextensions.k8s.io/certificates.cert-manager.io created
customresourcedefinition.apiextensions.k8s.io/challenges.acme.cert-manager.io created
customresourcedefinition.apiextensions.k8s.io/clusterissuers.cert-manager.io created
customresourcedefinition.apiextensions.k8s.io/issuers.cert-manager.io created
customresourcedefinition.apiextensions.k8s.io/orders.acme.cert-manager.io created
Warning: kubectl apply should be used on resource created by either kubectl create --save-config or kubectl apply
namespace/cert-manager configured
serviceaccount/cert-manager-cainjector created
serviceaccount/cert-manager created
serviceaccount/cert-manager-webhook created
clusterrole.rbac.authorization.k8s.io/cert-manager-cainjector created
clusterrolebinding.rbac.authorization.k8s.io/cert-manager-cainjector created
role.rbac.authorization.k8s.io/cert-manager-cainjector:leaderelection created
rolebinding.rbac.authorization.k8s.io/cert-manager-cainjector:leaderelection created
clusterrolebinding.rbac.authorization.k8s.io/cert-manager-webhook:auth-delegator created
rolebinding.rbac.authorization.k8s.io/cert-manager-webhook:webhook-authentication-reader created
clusterrole.rbac.authorization.k8s.io/cert-manager-webhook:webhook-requester created
role.rbac.authorization.k8s.io/cert-manager:leaderelection created
rolebinding.rbac.authorization.k8s.io/cert-manager:leaderelection created
clusterrole.rbac.authorization.k8s.io/cert-manager-controller-issuers created
clusterrole.rbac.authorization.k8s.io/cert-manager-controller-clusterissuers created
clusterrole.rbac.authorization.k8s.io/cert-manager-controller-certificates created
clusterrole.rbac.authorization.k8s.io/cert-manager-controller-orders created
clusterrole.rbac.authorization.k8s.io/cert-manager-controller-challenges created
clusterrole.rbac.authorization.k8s.io/cert-manager-controller-ingress-shim created
clusterrolebinding.rbac.authorization.k8s.io/cert-manager-controller-issuers created
clusterrolebinding.rbac.authorization.k8s.io/cert-manager-controller-clusterissuers created
clusterrolebinding.rbac.authorization.k8s.io/cert-manager-controller-certificates created
clusterrolebinding.rbac.authorization.k8s.io/cert-manager-controller-orders created
clusterrolebinding.rbac.authorization.k8s.io/cert-manager-controller-challenges created
clusterrolebinding.rbac.authorization.k8s.io/cert-manager-controller-ingress-shim created
clusterrole.rbac.authorization.k8s.io/cert-manager-view created
clusterrole.rbac.authorization.k8s.io/cert-manager-edit created
service/cert-manager created
service/cert-manager-webhook created
deployment.apps/cert-manager-cainjector created
deployment.apps/cert-manager created
deployment.apps/cert-manager-webhook created
mutatingwebhookconfiguration.admissionregistration.k8s.io/cert-manager-webhook created
validatingwebhookconfiguration.admissionregistration.k8s.io/cert-manager-webhook created
kubectl rollout status deployment.apps/cert-manager -n cert-manager
Waiting for deployment "cert-manager" rollout to finish: 0 of 1 updated replicas are available...
deployment "cert-manager" successfully rolled out
kubectl rollout status deployment.apps/cert-manager-cainjector -n cert-manager
Waiting for deployment "cert-manager-cainjector" rollout to finish: 0 of 1 updated replicas are available...
deployment "cert-manager-cainjector" successfully rolled out
kubectl rollout status deployment.apps/cert-manager-webhook -n cert-manager
Waiting for deployment "cert-manager-webhook" rollout to finish: 0 of 1 updated replicas are available...
deployment "cert-manager-webhook" successfully rolled out
make[1]: Leaving directory '/workspace/source/operator'
sleep 5 #https://github.com/jetstack/cert-manager/issues/2273
kubectl create namespace seldon-system || echo "namespace seldon-system exists"
namespace/seldon-system created
helm delete seldon --namespace seldon-system || echo "seldon-core not installed"
Error: uninstall: Release not loaded: seldon: release: not found
seldon-core not installed
helm upgrade seldon \
	../../helm-charts/seldon-core-operator \
	--namespace seldon-system \
	--set istio.enabled=true \
	--set istio.gateway=istio-system/seldon-gateway \
	--set certManager.enabled=false \
	--set executor.enabled="true" \
	--wait --install
Release "seldon" does not exist. Installing it now.
NAME: seldon
LAST DEPLOYED: Wed Oct 21 16:19:29 2020
NAMESPACE: seldon-system
STATUS: deployed
REVISION: 1
TEST SUITE: None
kubectl config set-context $(kubectl config current-context) --namespace=seldon
Context "kind-kind" modified.
kubectl apply -f metrics.yaml
clusterrole.rbac.authorization.k8s.io/system:aggregated-metrics-reader created
clusterrolebinding.rbac.authorization.k8s.io/metrics-server:system:auth-delegator created
rolebinding.rbac.authorization.k8s.io/metrics-server-auth-reader created
apiservice.apiregistration.k8s.io/v1beta1.metrics.k8s.io created
serviceaccount/metrics-server created
deployment.apps/metrics-server created
service/metrics-server created
clusterrole.rbac.authorization.k8s.io/system:metrics-server created
clusterrolebinding.rbac.authorization.k8s.io/system:metrics-server created
make: Entering directory '/workspace/source/python'
pip install -e . -r requirements-dev.txt
Obtaining file:///workspace/source/python
Collecting black==19.10b0
  Downloading black-19.10b0-py36-none-any.whl (97 kB)
Collecting flake8==3.8.1
  Downloading flake8-3.8.1-py2.py3-none-any.whl (72 kB)
Collecting mypy<0.791
  Downloading mypy-0.790-cp36-cp36m-manylinux1_x86_64.whl (21.0 MB)
Collecting Pillow==8.0.0
  Downloading Pillow-8.0.0-cp36-cp36m-manylinux1_x86_64.whl (2.2 MB)
Collecting pytest==6.1.0
  Downloading pytest-6.1.0-py3-none-any.whl (272 kB)
Collecting pytest-cov==2.10.1
  Downloading pytest_cov-2.10.1-py2.py3-none-any.whl (19 kB)
Collecting tox<4.0.0
  Downloading tox-3.20.1-py2.py3-none-any.whl (83 kB)
Requirement already satisfied: grpcio-tools==1.32.0 in /usr/local/lib/python3.6/site-packages (from -r requirements-dev.txt (line 9)) (1.32.0)
Collecting mypy-protobuf==1.22
  Downloading mypy_protobuf-1.22-py3-none-any.whl (7.5 kB)
Collecting tenacity==6.2.0
  Downloading tenacity-6.2.0-py2.py3-none-any.whl (24 kB)
Collecting coverage==5.3
  Downloading coverage-5.3-cp36-cp36m-manylinux1_x86_64.whl (229 kB)
Collecting pandas==1.1.0
  Downloading pandas-1.1.0-cp36-cp36m-manylinux1_x86_64.whl (10.5 MB)
Collecting pip-licenses==2.3.0
  Downloading pip_licenses-2.3.0-py3-none-any.whl (14 kB)
Collecting Flask<2.0.0
  Downloading Flask-1.1.2-py2.py3-none-any.whl (94 kB)
Requirement already satisfied: jsonschema<4.0.0 in /usr/local/lib/python3.6/site-packages (from seldon-core==1.4.0.dev0) (3.2.0)
Collecting Flask-cors<4.0.0
  Downloading Flask_Cors-3.0.9-py2.py3-none-any.whl (14 kB)
Collecting redis<4.0.0
  Downloading redis-3.5.3-py2.py3-none-any.whl (72 kB)
Requirement already satisfied: requests<3.0.0 in /usr/local/lib/python3.6/site-packages (from seldon-core==1.4.0.dev0) (2.24.0)
Requirement already satisfied: numpy<2.0.0 in /usr/local/lib/python3.6/site-packages (from seldon-core==1.4.0.dev0) (1.19.2)
Collecting flatbuffers<2.0.0
  Downloading flatbuffers-1.12-py2.py3-none-any.whl (15 kB)
Requirement already satisfied: protobuf<4.0.0 in /usr/local/lib/python3.6/site-packages (from seldon-core==1.4.0.dev0) (3.13.0)
Requirement already satisfied: grpcio<2.0.0 in /usr/local/lib/python3.6/site-packages (from seldon-core==1.4.0.dev0) (1.32.0)
Collecting Flask-OpenTracing<1.2.0,>=1.1.0
  Downloading Flask-OpenTracing-1.1.0.tar.gz (8.2 kB)
Collecting opentracing<2.4.0,>=2.2.0
  Downloading opentracing-2.3.0.tar.gz (48 kB)
Collecting jaeger-client<4.4.0,>=4.1.0
  Downloading jaeger-client-4.3.0.tar.gz (81 kB)
Collecting grpcio-opentracing<1.2.0,>=1.1.4
  Downloading grpcio_opentracing-1.1.4-py3-none-any.whl (14 kB)
Requirement already satisfied: PyYAML<5.4 in /usr/local/lib/python3.6/site-packages (from seldon-core==1.4.0.dev0) (5.3.1)
Collecting gunicorn<20.1.0,>=19.9.0
  Downloading gunicorn-20.0.4-py2.py3-none-any.whl (77 kB)
Requirement already satisfied: setuptools>=41.0.0 in /usr/local/lib/python3.6/site-packages (from seldon-core==1.4.0.dev0) (50.3.0)
Requirement already satisfied: prometheus_client<0.9.0,>=0.7.1 in /usr/local/lib/python3.6/site-packages (from seldon-core==1.4.0.dev0) (0.8.0)
Collecting toml>=0.9.4
  Downloading toml-0.10.1-py2.py3-none-any.whl (19 kB)
Collecting click>=6.5
  Downloading click-7.1.2-py2.py3-none-any.whl (82 kB)
Collecting typed-ast>=1.4.0
  Downloading typed_ast-1.4.1-cp36-cp36m-manylinux1_x86_64.whl (737 kB)
Collecting appdirs
  Downloading appdirs-1.4.4-py2.py3-none-any.whl (9.6 kB)
Collecting pathspec<1,>=0.6
  Downloading pathspec-0.8.0-py2.py3-none-any.whl (28 kB)
Collecting regex
  Downloading regex-2020.10.15-cp36-cp36m-manylinux2010_x86_64.whl (662 kB)
Requirement already satisfied: attrs>=18.1.0 in /usr/local/lib/python3.6/site-packages (from black==19.10b0->-r requirements-dev.txt (line 2)) (20.2.0)
Requirement already satisfied: importlib-metadata; python_version < "3.8" in /usr/local/lib/python3.6/site-packages (from flake8==3.8.1->-r requirements-dev.txt (line 3)) (2.0.0)
Collecting mccabe<0.7.0,>=0.6.0
  Downloading mccabe-0.6.1-py2.py3-none-any.whl (8.6 kB)
Collecting pyflakes<2.3.0,>=2.2.0
  Downloading pyflakes-2.2.0-py2.py3-none-any.whl (66 kB)
Collecting pycodestyle<2.7.0,>=2.6.0a1
  Downloading pycodestyle-2.6.0-py2.py3-none-any.whl (41 kB)
Collecting mypy-extensions<0.5.0,>=0.4.3
  Downloading mypy_extensions-0.4.3-py2.py3-none-any.whl (4.5 kB)
Requirement already satisfied: typing-extensions>=3.7.4 in /usr/local/lib/python3.6/site-packages (from mypy<0.791->-r requirements-dev.txt (line 4)) (3.7.4.3)
Requirement already satisfied: packaging in /usr/local/lib/python3.6/site-packages (from pytest==6.1.0->-r requirements-dev.txt (line 6)) (20.4)
Requirement already satisfied: py>=1.8.2 in /usr/local/lib/python3.6/site-packages (from pytest==6.1.0->-r requirements-dev.txt (line 6)) (1.9.0)
Collecting iniconfig
  Downloading iniconfig-1.1.1-py2.py3-none-any.whl (5.0 kB)
Requirement already satisfied: pluggy<1.0,>=0.12 in /usr/local/lib/python3.6/site-packages (from pytest==6.1.0->-r requirements-dev.txt (line 6)) (0.13.1)
Collecting virtualenv!=20.0.0,!=20.0.1,!=20.0.2,!=20.0.3,!=20.0.4,!=20.0.5,!=20.0.6,!=20.0.7,>=16.0.0
  Downloading virtualenv-20.0.35-py2.py3-none-any.whl (4.9 MB)
Collecting filelock>=3.0.0
  Downloading filelock-3.0.12-py3-none-any.whl (7.6 kB)
Requirement already satisfied: six>=1.14.0 in /usr/local/lib/python3.6/site-packages (from tox<4.0.0->-r requirements-dev.txt (line 8)) (1.15.0)
Requirement already satisfied: pytz>=2017.2 in /usr/local/lib/python3.6/site-packages (from pandas==1.1.0->-r requirements-dev.txt (line 19)) (2020.1)
Requirement already satisfied: python-dateutil>=2.7.3 in /usr/local/lib/python3.6/site-packages (from pandas==1.1.0->-r requirements-dev.txt (line 19)) (2.8.1)
Collecting PTable
  Downloading PTable-0.9.2.tar.gz (31 kB)
Requirement already satisfied: Jinja2>=2.10.1 in /usr/local/lib/python3.6/site-packages (from Flask<2.0.0->seldon-core==1.4.0.dev0) (2.11.2)
Collecting itsdangerous>=0.24
  Downloading itsdangerous-1.1.0-py2.py3-none-any.whl (16 kB)
Requirement already satisfied: Werkzeug>=0.15 in /usr/local/lib/python3.6/site-packages (from Flask<2.0.0->seldon-core==1.4.0.dev0) (1.0.1)
Requirement already satisfied: pyrsistent>=0.14.0 in /usr/local/lib/python3.6/site-packages (from jsonschema<4.0.0->seldon-core==1.4.0.dev0) (0.17.3)
Requirement already satisfied: urllib3!=1.25.0,!=1.25.1,<1.26,>=1.21.1 in /usr/local/lib/python3.6/site-packages (from requests<3.0.0->seldon-core==1.4.0.dev0) (1.25.10)
Requirement already satisfied: idna<3,>=2.5 in /usr/local/lib/python3.6/site-packages (from requests<3.0.0->seldon-core==1.4.0.dev0) (2.10)
Requirement already satisfied: chardet<4,>=3.0.2 in /usr/local/lib/python3.6/site-packages (from requests<3.0.0->seldon-core==1.4.0.dev0) (3.0.4)
Requirement already satisfied: certifi>=2017.4.17 in /usr/local/lib/python3.6/site-packages (from requests<3.0.0->seldon-core==1.4.0.dev0) (2020.6.20)
Collecting threadloop<2,>=1
  Downloading threadloop-1.0.2.tar.gz (4.9 kB)
Collecting thrift
  Downloading thrift-0.13.0.tar.gz (59 kB)
Requirement already satisfied: tornado>=4.3 in /usr/local/lib/python3.6/site-packages (from jaeger-client<4.4.0,>=4.1.0->seldon-core==1.4.0.dev0) (6.0.4)
Requirement already satisfied: zipp>=0.5 in /usr/local/lib/python3.6/site-packages (from importlib-metadata; python_version < "3.8"->flake8==3.8.1->-r requirements-dev.txt (line 3)) (3.3.0)
Requirement already satisfied: pyparsing>=2.0.2 in /usr/local/lib/python3.6/site-packages (from packaging->pytest==6.1.0->-r requirements-dev.txt (line 6)) (2.4.7)
Collecting importlib-resources>=1.0; python_version < "3.7"
  Downloading importlib_resources-3.0.0-py2.py3-none-any.whl (23 kB)
Collecting distlib<1,>=0.3.1
  Downloading distlib-0.3.1-py2.py3-none-any.whl (335 kB)
Requirement already satisfied: MarkupSafe>=0.23 in /usr/local/lib/python3.6/site-packages (from Jinja2>=2.10.1->Flask<2.0.0->seldon-core==1.4.0.dev0) (1.1.1)
Building wheels for collected packages: Flask-OpenTracing, opentracing, jaeger-client, PTable, threadloop, thrift
  Building wheel for Flask-OpenTracing (setup.py): started
  Building wheel for Flask-OpenTracing (setup.py): finished with status 'done'
  Created wheel for Flask-OpenTracing: filename=Flask_OpenTracing-1.1.0-py3-none-any.whl size=9071 sha256=0c8032e0cc3a01e4904c8da1b2e964a514534fe567a5ece2e1febf75d3137f7a
  Stored in directory: /builder/home/.cache/pip/wheels/ad/4b/2d/24ff0da0a0b53c7c77ce59b843bcceaf644c88703241e59615
  Building wheel for opentracing (setup.py): started
  Building wheel for opentracing (setup.py): finished with status 'done'
  Created wheel for opentracing: filename=opentracing-2.3.0-py3-none-any.whl size=51346 sha256=603499cbf3986cdd529f9271e1e31481296323b4c9729383e87fe3ff30931b43
  Stored in directory: /builder/home/.cache/pip/wheels/d4/53/31/bfca74f038fa9f83eb7de2131555b75ffa9bcbca18d23e5edf
  Building wheel for jaeger-client (setup.py): started
  Building wheel for jaeger-client (setup.py): finished with status 'done'
  Created wheel for jaeger-client: filename=jaeger_client-4.3.0-py3-none-any.whl size=64290 sha256=efa675e3dfef4a3c93fd1a20b6b085618c8eb2072cf47fa28bdd5af3696ee4f5
  Stored in directory: /builder/home/.cache/pip/wheels/a8/37/30/d86c970966efbf6da89e8085db50f2be4cf36ca68513eff785
  Building wheel for PTable (setup.py): started
  Building wheel for PTable (setup.py): finished with status 'done'
  Created wheel for PTable: filename=PTable-0.9.2-py3-none-any.whl size=22907 sha256=bba62e3cc6ee5c2049ff783e0a91ef9d75fba85560aa8bf0122670f94be2c725
  Stored in directory: /builder/home/.cache/pip/wheels/f3/65/67/71f473ec87ea4554d1bdfb1b5128cfe1414c2b113b72a1ee8e
  Building wheel for threadloop (setup.py): started
  Building wheel for threadloop (setup.py): finished with status 'done'
  Created wheel for threadloop: filename=threadloop-1.0.2-py3-none-any.whl size=3425 sha256=cd20bdad9536ae6fe2d1c33f988109a1e9a70efc187f67776b3496051677c027
  Stored in directory: /builder/home/.cache/pip/wheels/02/54/65/9f87de48fe8fcaaee30f279973d946ad55f9df56b93b3e78da
  Building wheel for thrift (setup.py): started
  Building wheel for thrift (setup.py): finished with status 'done'
  Created wheel for thrift: filename=thrift-0.13.0-cp36-cp36m-linux_x86_64.whl size=483930 sha256=14d50ced30c566700dbde93eb5f72fc5b1a9a0380d99dfd049e253023faef18f
  Stored in directory: /builder/home/.cache/pip/wheels/e0/38/fc/472fe18756b177b42096961f8bd3ff2dc5c5620ac399fce52d
Successfully built Flask-OpenTracing opentracing jaeger-client PTable threadloop thrift
Installing collected packages: toml, click, typed-ast, appdirs, pathspec, regex, black, mccabe, pyflakes, pycodestyle, flake8, mypy-extensions, mypy, Pillow, iniconfig, pytest, coverage, pytest-cov, importlib-resources, distlib, filelock, virtualenv, tox, mypy-protobuf, tenacity, pandas, PTable, pip-licenses, itsdangerous, Flask, Flask-cors, redis, flatbuffers, opentracing, Flask-OpenTracing, threadloop, thrift, jaeger-client, grpcio-opentracing, gunicorn, seldon-core
  Attempting uninstall: Pillow
    Found existing installation: Pillow 7.2.0
    Uninstalling Pillow-7.2.0:
      Successfully uninstalled Pillow-7.2.0
  Attempting uninstall: pytest
    Found existing installation: pytest 5.3.1
    Uninstalling pytest-5.3.1:
      Successfully uninstalled pytest-5.3.1
  Attempting uninstall: coverage
    Found existing installation: coverage 4.5.4
    Uninstalling coverage-4.5.4:
      Successfully uninstalled coverage-4.5.4
  Attempting uninstall: pytest-cov
    Found existing installation: pytest-cov 2.8.1
    Uninstalling pytest-cov-2.8.1:
      Successfully uninstalled pytest-cov-2.8.1
  Attempting uninstall: tenacity
    Found existing installation: tenacity 6.0.0
    Uninstalling tenacity-6.0.0:
      Successfully uninstalled tenacity-6.0.0
  Attempting uninstall: pandas
    Found existing installation: pandas 1.1.3
    Uninstalling pandas-1.1.3:
      Successfully uninstalled pandas-1.1.3
  Running setup.py develop for seldon-core
Successfully installed Flask-1.1.2 Flask-OpenTracing-1.1.0 Flask-cors-3.0.9 PTable-0.9.2 Pillow-8.0.0 appdirs-1.4.4 black-19.10b0 click-7.1.2 coverage-5.3 distlib-0.3.1 filelock-3.0.12 flake8-3.8.1 flatbuffers-1.12 grpcio-opentracing-1.1.4 gunicorn-20.0.4 importlib-resources-3.0.0 iniconfig-1.1.1 itsdangerous-1.1.0 jaeger-client-4.3.0 mccabe-0.6.1 mypy-0.790 mypy-extensions-0.4.3 mypy-protobuf-1.22 opentracing-2.3.0 pandas-1.1.0 pathspec-0.8.0 pip-licenses-2.3.0 pycodestyle-2.6.0 pyflakes-2.2.0 pytest-6.1.0 pytest-cov-2.10.1 redis-3.5.3 regex-2020.10.15 seldon-core tenacity-6.2.0 threadloop-1.0.2 thrift-0.13.0 toml-0.10.1 tox-3.20.1 typed-ast-1.4.1 virtualenv-20.0.35
ERROR: After October 2020 you may experience errors when installing or updating packages. This is because pip will change the way that it resolves dependency conflicts.

We recommend you use --use-feature=2020-resolver to test your packages with the new resolver before it becomes the default.

alibi 0.5.2 requires tensorflow>=2.0, but you'll have tensorflow 1.15.4 which is incompatible.
WARNING: You are using pip version 20.2.3; however, version 20.2.4 is available.
You should consider upgrading via the '/usr/local/bin/python -m pip install --upgrade pip' command.
make: Leaving directory '/workspace/source/python'
cp ../../proto/prediction.proto ./proto
cd ../../proto/tensorflow && make create_protos
make[1]: Entering directory '/workspace/source/proto/tensorflow'
./create-protos.sh
Downloading proto files for master
make[1]: Leaving directory '/workspace/source/proto/tensorflow'
cp -vr ../../proto/tensorflow/tensorflow .
'../../proto/tensorflow/tensorflow' -> './tensorflow'
'../../proto/tensorflow/tensorflow/core' -> './tensorflow/core'
'../../proto/tensorflow/tensorflow/core/framework' -> './tensorflow/core/framework'
'../../proto/tensorflow/tensorflow/core/framework/types.proto' -> './tensorflow/core/framework/types.proto'
'../../proto/tensorflow/tensorflow/core/framework/resource_handle.proto' -> './tensorflow/core/framework/resource_handle.proto'
'../../proto/tensorflow/tensorflow/core/framework/tensor_shape.proto' -> './tensorflow/core/framework/tensor_shape.proto'
'../../proto/tensorflow/tensorflow/core/framework/tensor.proto' -> './tensorflow/core/framework/tensor.proto'
python -m grpc.tools.protoc -I. --python_out=. --grpc_python_out=. ./proto/prediction.proto
cd ../../notebooks && make build_protos
make[1]: Entering directory '/workspace/source/notebooks'
cd ../proto/tensorflow && make create_protos
make[2]: Entering directory '/workspace/source/proto/tensorflow'
make[2]: Nothing to be done for 'create_protos'.
make[2]: Leaving directory '/workspace/source/proto/tensorflow'
cp -vr ../proto/tensorflow/tensorflow .
'../proto/tensorflow/tensorflow' -> './tensorflow'
'../proto/tensorflow/tensorflow/core' -> './tensorflow/core'
'../proto/tensorflow/tensorflow/core/framework' -> './tensorflow/core/framework'
'../proto/tensorflow/tensorflow/core/framework/types.proto' -> './tensorflow/core/framework/types.proto'
'../proto/tensorflow/tensorflow/core/framework/resource_handle.proto' -> './tensorflow/core/framework/resource_handle.proto'
'../proto/tensorflow/tensorflow/core/framework/tensor_shape.proto' -> './tensorflow/core/framework/tensor_shape.proto'
'../proto/tensorflow/tensorflow/core/framework/tensor.proto' -> './tensorflow/core/framework/tensor.proto'
cp ../proto/prediction.proto ./proto
python -m grpc.tools.protoc -I. --python_out=. --grpc_python_out=. ./proto/prediction.proto
make[1]: Leaving directory '/workspace/source/notebooks'
cd ../../proto/k8s && make create_protos
make[1]: Entering directory '/workspace/source/proto/k8s'
./create-k8s-protos.sh
Downloading proto files for master
Munging proto file packages
sed -i.bak 's|import "k8s.io/apiextensions-apiserver/|//import "k8s.io/apiextensions-apiserver/|' k8s.io/api/core/v1/generated.proto
rm k8s.io/api/core/v1/generated.proto.bak
make[1]: Leaving directory '/workspace/source/proto/k8s'
pip install -r dev_requirements.txt
Collecting pytest==5.3.1
  Downloading pytest-5.3.1-py3-none-any.whl (233 kB)
Requirement already satisfied: pytest-xdist==1.30.0 in /usr/local/lib/python3.6/site-packages (from -r dev_requirements.txt (line 2)) (1.30.0)
Collecting pytest-cov==2.8.1
  Downloading pytest_cov-2.8.1-py2.py3-none-any.whl (18 kB)
Requirement already satisfied: flaky==3.6.1 in /usr/local/lib/python3.6/site-packages (from -r dev_requirements.txt (line 4)) (3.6.1)
Collecting tenacity==6.0.0
  Downloading tenacity-6.0.0-py2.py3-none-any.whl (24 kB)
Requirement already satisfied: sh==1.13.1 in /usr/local/lib/python3.6/site-packages (from -r dev_requirements.txt (line 6)) (1.13.1)
Requirement already satisfied: ipython==7.13.0 in /usr/local/lib/python3.6/site-packages (from -r dev_requirements.txt (line 9)) (7.13.0)
Requirement already satisfied: nbconvert==5.6.1 in /usr/local/lib/python3.6/site-packages (from -r dev_requirements.txt (line 10)) (5.6.1)
Requirement already satisfied: alibi==0.5.2 in /usr/local/lib/python3.6/site-packages (from -r dev_requirements.txt (line 11)) (0.5.2)
Requirement already satisfied: shap==0.35.0 in /usr/local/lib/python3.6/site-packages (from -r dev_requirements.txt (line 12)) (0.35.0)
Requirement already satisfied: matplotlib==3.1.3 in /usr/local/lib/python3.6/site-packages (from -r dev_requirements.txt (line 13)) (3.1.3)
Requirement already satisfied: tensorflow==1.15.4 in /usr/local/lib/python3.6/site-packages (from -r dev_requirements.txt (line 14)) (1.15.4)
Collecting coverage==4.5.4
  Downloading coverage-4.5.4-cp36-cp36m-manylinux1_x86_64.whl (205 kB)
Requirement already satisfied: packaging in /usr/local/lib/python3.6/site-packages (from pytest==5.3.1->-r dev_requirements.txt (line 1)) (20.4)
Requirement already satisfied: py>=1.5.0 in /usr/local/lib/python3.6/site-packages (from pytest==5.3.1->-r dev_requirements.txt (line 1)) (1.9.0)
Requirement already satisfied: wcwidth in /usr/local/lib/python3.6/site-packages (from pytest==5.3.1->-r dev_requirements.txt (line 1)) (0.2.5)
Requirement already satisfied: attrs>=17.4.0 in /usr/local/lib/python3.6/site-packages (from pytest==5.3.1->-r dev_requirements.txt (line 1)) (20.2.0)
Requirement already satisfied: more-itertools>=4.0.0 in /usr/local/lib/python3.6/site-packages (from pytest==5.3.1->-r dev_requirements.txt (line 1)) (8.5.0)
Requirement already satisfied: pluggy<1.0,>=0.12 in /usr/local/lib/python3.6/site-packages (from pytest==5.3.1->-r dev_requirements.txt (line 1)) (0.13.1)
Requirement already satisfied: importlib-metadata>=0.12; python_version < "3.8" in /usr/local/lib/python3.6/site-packages (from pytest==5.3.1->-r dev_requirements.txt (line 1)) (2.0.0)
Requirement already satisfied: pytest-forked in /usr/local/lib/python3.6/site-packages (from pytest-xdist==1.30.0->-r dev_requirements.txt (line 2)) (1.3.0)
Requirement already satisfied: six in /usr/local/lib/python3.6/site-packages (from pytest-xdist==1.30.0->-r dev_requirements.txt (line 2)) (1.15.0)
Requirement already satisfied: execnet>=1.1 in /usr/local/lib/python3.6/site-packages (from pytest-xdist==1.30.0->-r dev_requirements.txt (line 2)) (1.7.1)
Requirement already satisfied: pexpect; sys_platform != "win32" in /usr/local/lib/python3.6/site-packages (from ipython==7.13.0->-r dev_requirements.txt (line 9)) (4.8.0)
Requirement already satisfied: prompt-toolkit!=3.0.0,!=3.0.1,<3.1.0,>=2.0.0 in /usr/local/lib/python3.6/site-packages (from ipython==7.13.0->-r dev_requirements.txt (line 9)) (3.0.7)
Requirement already satisfied: decorator in /usr/local/lib/python3.6/site-packages (from ipython==7.13.0->-r dev_requirements.txt (line 9)) (4.4.2)
Requirement already satisfied: pickleshare in /usr/local/lib/python3.6/site-packages (from ipython==7.13.0->-r dev_requirements.txt (line 9)) (0.7.5)
Requirement already satisfied: pygments in /usr/local/lib/python3.6/site-packages (from ipython==7.13.0->-r dev_requirements.txt (line 9)) (2.7.1)
Requirement already satisfied: setuptools>=18.5 in /usr/local/lib/python3.6/site-packages (from ipython==7.13.0->-r dev_requirements.txt (line 9)) (50.3.0)
Requirement already satisfied: traitlets>=4.2 in /usr/local/lib/python3.6/site-packages (from ipython==7.13.0->-r dev_requirements.txt (line 9)) (4.3.3)
Requirement already satisfied: backcall in /usr/local/lib/python3.6/site-packages (from ipython==7.13.0->-r dev_requirements.txt (line 9)) (0.2.0)
Requirement already satisfied: jedi>=0.10 in /usr/local/lib/python3.6/site-packages (from ipython==7.13.0->-r dev_requirements.txt (line 9)) (0.17.2)
Requirement already satisfied: jinja2>=2.4 in /usr/local/lib/python3.6/site-packages (from nbconvert==5.6.1->-r dev_requirements.txt (line 10)) (2.11.2)
Requirement already satisfied: mistune<2,>=0.8.1 in /usr/local/lib/python3.6/site-packages (from nbconvert==5.6.1->-r dev_requirements.txt (line 10)) (0.8.4)
Requirement already satisfied: defusedxml in /usr/local/lib/python3.6/site-packages (from nbconvert==5.6.1->-r dev_requirements.txt (line 10)) (0.6.0)
Requirement already satisfied: bleach in /usr/local/lib/python3.6/site-packages (from nbconvert==5.6.1->-r dev_requirements.txt (line 10)) (3.2.1)
Requirement already satisfied: jupyter-core in /usr/local/lib/python3.6/site-packages (from nbconvert==5.6.1->-r dev_requirements.txt (line 10)) (4.6.3)
Requirement already satisfied: nbformat>=4.4 in /usr/local/lib/python3.6/site-packages (from nbconvert==5.6.1->-r dev_requirements.txt (line 10)) (5.0.7)
Requirement already satisfied: entrypoints>=0.2.2 in /usr/local/lib/python3.6/site-packages (from nbconvert==5.6.1->-r dev_requirements.txt (line 10)) (0.3)
Requirement already satisfied: pandocfilters>=1.4.1 in /usr/local/lib/python3.6/site-packages (from nbconvert==5.6.1->-r dev_requirements.txt (line 10)) (1.4.2)
Requirement already satisfied: testpath in /usr/local/lib/python3.6/site-packages (from nbconvert==5.6.1->-r dev_requirements.txt (line 10)) (0.4.4)
Requirement already satisfied: scipy in /usr/local/lib/python3.6/site-packages (from alibi==0.5.2->-r dev_requirements.txt (line 11)) (1.5.2)
Requirement already satisfied: pandas in /usr/local/lib/python3.6/site-packages (from alibi==0.5.2->-r dev_requirements.txt (line 11)) (1.1.0)
Requirement already satisfied: numpy in /usr/local/lib/python3.6/site-packages (from alibi==0.5.2->-r dev_requirements.txt (line 11)) (1.19.2)
Requirement already satisfied: scikit-image!=0.17.1 in /usr/local/lib/python3.6/site-packages (from alibi==0.5.2->-r dev_requirements.txt (line 11)) (0.17.2)
Requirement already satisfied: requests in /usr/local/lib/python3.6/site-packages (from alibi==0.5.2->-r dev_requirements.txt (line 11)) (2.24.0)
Requirement already satisfied: spacy[lookups] in /usr/local/lib/python3.6/site-packages (from alibi==0.5.2->-r dev_requirements.txt (line 11)) (2.3.2)
Requirement already satisfied: typing-extensions>=3.7.2 in /usr/local/lib/python3.6/site-packages (from alibi==0.5.2->-r dev_requirements.txt (line 11)) (3.7.4.3)
Requirement already satisfied: beautifulsoup4 in /usr/local/lib/python3.6/site-packages (from alibi==0.5.2->-r dev_requirements.txt (line 11)) (4.9.3)
Requirement already satisfied: prettyprinter in /usr/local/lib/python3.6/site-packages (from alibi==0.5.2->-r dev_requirements.txt (line 11)) (0.18.0)
Requirement already satisfied: Pillow in /usr/local/lib/python3.6/site-packages (from alibi==0.5.2->-r dev_requirements.txt (line 11)) (8.0.0)
Requirement already satisfied: scikit-learn in /usr/local/lib/python3.6/site-packages (from alibi==0.5.2->-r dev_requirements.txt (line 11)) (0.23.2)
Requirement already satisfied: tqdm>4.25.0 in /usr/local/lib/python3.6/site-packages (from shap==0.35.0->-r dev_requirements.txt (line 12)) (4.50.2)
Requirement already satisfied: cycler>=0.10 in /usr/local/lib/python3.6/site-packages (from matplotlib==3.1.3->-r dev_requirements.txt (line 13)) (0.10.0)
Requirement already satisfied: python-dateutil>=2.1 in /usr/local/lib/python3.6/site-packages (from matplotlib==3.1.3->-r dev_requirements.txt (line 13)) (2.8.1)
Requirement already satisfied: kiwisolver>=1.0.1 in /usr/local/lib/python3.6/site-packages (from matplotlib==3.1.3->-r dev_requirements.txt (line 13)) (1.2.0)
Requirement already satisfied: pyparsing!=2.0.4,!=2.1.2,!=2.1.6,>=2.0.1 in /usr/local/lib/python3.6/site-packages (from matplotlib==3.1.3->-r dev_requirements.txt (line 13)) (2.4.7)
Requirement already satisfied: keras-applications>=1.0.8 in /usr/local/lib/python3.6/site-packages (from tensorflow==1.15.4->-r dev_requirements.txt (line 14)) (1.0.8)
Requirement already satisfied: wrapt>=1.11.1 in /usr/local/lib/python3.6/site-packages (from tensorflow==1.15.4->-r dev_requirements.txt (line 14)) (1.12.1)
Requirement already satisfied: wheel>=0.26; python_version >= "3" in /usr/local/lib/python3.6/site-packages (from tensorflow==1.15.4->-r dev_requirements.txt (line 14)) (0.35.1)
Requirement already satisfied: keras-preprocessing>=1.0.5 in /usr/local/lib/python3.6/site-packages (from tensorflow==1.15.4->-r dev_requirements.txt (line 14)) (1.1.2)
Requirement already satisfied: protobuf>=3.6.1 in /usr/local/lib/python3.6/site-packages (from tensorflow==1.15.4->-r dev_requirements.txt (line 14)) (3.13.0)
Requirement already satisfied: tensorflow-estimator==1.15.1 in /usr/local/lib/python3.6/site-packages (from tensorflow==1.15.4->-r dev_requirements.txt (line 14)) (1.15.1)
Requirement already satisfied: termcolor>=1.1.0 in /usr/local/lib/python3.6/site-packages (from tensorflow==1.15.4->-r dev_requirements.txt (line 14)) (1.1.0)
Requirement already satisfied: gast==0.2.2 in /usr/local/lib/python3.6/site-packages (from tensorflow==1.15.4->-r dev_requirements.txt (line 14)) (0.2.2)
Requirement already satisfied: opt-einsum>=2.3.2 in /usr/local/lib/python3.6/site-packages (from tensorflow==1.15.4->-r dev_requirements.txt (line 14)) (3.3.0)
Requirement already satisfied: grpcio>=1.8.6 in /usr/local/lib/python3.6/site-packages (from tensorflow==1.15.4->-r dev_requirements.txt (line 14)) (1.32.0)
Requirement already satisfied: google-pasta>=0.1.6 in /usr/local/lib/python3.6/site-packages (from tensorflow==1.15.4->-r dev_requirements.txt (line 14)) (0.2.0)
Requirement already satisfied: absl-py>=0.7.0 in /usr/local/lib/python3.6/site-packages (from tensorflow==1.15.4->-r dev_requirements.txt (line 14)) (0.10.0)
Requirement already satisfied: tensorboard<1.16.0,>=1.15.0 in /usr/local/lib/python3.6/site-packages (from tensorflow==1.15.4->-r dev_requirements.txt (line 14)) (1.15.0)
Requirement already satisfied: astor>=0.6.0 in /usr/local/lib/python3.6/site-packages (from tensorflow==1.15.4->-r dev_requirements.txt (line 14)) (0.8.1)
Requirement already satisfied: zipp>=0.5 in /usr/local/lib/python3.6/site-packages (from importlib-metadata>=0.12; python_version < "3.8"->pytest==5.3.1->-r dev_requirements.txt (line 1)) (3.3.0)
Requirement already satisfied: apipkg>=1.4 in /usr/local/lib/python3.6/site-packages (from execnet>=1.1->pytest-xdist==1.30.0->-r dev_requirements.txt (line 2)) (1.5)
Requirement already satisfied: ptyprocess>=0.5 in /usr/local/lib/python3.6/site-packages (from pexpect; sys_platform != "win32"->ipython==7.13.0->-r dev_requirements.txt (line 9)) (0.6.0)
Requirement already satisfied: ipython-genutils in /usr/local/lib/python3.6/site-packages (from traitlets>=4.2->ipython==7.13.0->-r dev_requirements.txt (line 9)) (0.2.0)
Requirement already satisfied: parso<0.8.0,>=0.7.0 in /usr/local/lib/python3.6/site-packages (from jedi>=0.10->ipython==7.13.0->-r dev_requirements.txt (line 9)) (0.7.1)
Requirement already satisfied: MarkupSafe>=0.23 in /usr/local/lib/python3.6/site-packages (from jinja2>=2.4->nbconvert==5.6.1->-r dev_requirements.txt (line 10)) (1.1.1)
Requirement already satisfied: webencodings in /usr/local/lib/python3.6/site-packages (from bleach->nbconvert==5.6.1->-r dev_requirements.txt (line 10)) (0.5.1)
Requirement already satisfied: jsonschema!=2.5.0,>=2.4 in /usr/local/lib/python3.6/site-packages (from nbformat>=4.4->nbconvert==5.6.1->-r dev_requirements.txt (line 10)) (3.2.0)
Requirement already satisfied: pytz>=2017.2 in /usr/local/lib/python3.6/site-packages (from pandas->alibi==0.5.2->-r dev_requirements.txt (line 11)) (2020.1)
Requirement already satisfied: PyWavelets>=1.1.1 in /usr/local/lib/python3.6/site-packages (from scikit-image!=0.17.1->alibi==0.5.2->-r dev_requirements.txt (line 11)) (1.1.1)
Requirement already satisfied: networkx>=2.0 in /usr/local/lib/python3.6/site-packages (from scikit-image!=0.17.1->alibi==0.5.2->-r dev_requirements.txt (line 11)) (2.5)
Requirement already satisfied: imageio>=2.3.0 in /usr/local/lib/python3.6/site-packages (from scikit-image!=0.17.1->alibi==0.5.2->-r dev_requirements.txt (line 11)) (2.9.0)
Requirement already satisfied: tifffile>=2019.7.26 in /usr/local/lib/python3.6/site-packages (from scikit-image!=0.17.1->alibi==0.5.2->-r dev_requirements.txt (line 11)) (2020.9.3)
Requirement already satisfied: chardet<4,>=3.0.2 in /usr/local/lib/python3.6/site-packages (from requests->alibi==0.5.2->-r dev_requirements.txt (line 11)) (3.0.4)
Requirement already satisfied: idna<3,>=2.5 in /usr/local/lib/python3.6/site-packages (from requests->alibi==0.5.2->-r dev_requirements.txt (line 11)) (2.10)
Requirement already satisfied: urllib3!=1.25.0,!=1.25.1,<1.26,>=1.21.1 in /usr/local/lib/python3.6/site-packages (from requests->alibi==0.5.2->-r dev_requirements.txt (line 11)) (1.25.10)
Requirement already satisfied: certifi>=2017.4.17 in /usr/local/lib/python3.6/site-packages (from requests->alibi==0.5.2->-r dev_requirements.txt (line 11)) (2020.6.20)
Requirement already satisfied: blis<0.5.0,>=0.4.0 in /usr/local/lib/python3.6/site-packages (from spacy[lookups]->alibi==0.5.2->-r dev_requirements.txt (line 11)) (0.4.1)
Requirement already satisfied: catalogue<1.1.0,>=0.0.7 in /usr/local/lib/python3.6/site-packages (from spacy[lookups]->alibi==0.5.2->-r dev_requirements.txt (line 11)) (1.0.0)
Requirement already satisfied: srsly<1.1.0,>=1.0.2 in /usr/local/lib/python3.6/site-packages (from spacy[lookups]->alibi==0.5.2->-r dev_requirements.txt (line 11)) (1.0.2)
Requirement already satisfied: wasabi<1.1.0,>=0.4.0 in /usr/local/lib/python3.6/site-packages (from spacy[lookups]->alibi==0.5.2->-r dev_requirements.txt (line 11)) (0.8.0)
Requirement already satisfied: preshed<3.1.0,>=3.0.2 in /usr/local/lib/python3.6/site-packages (from spacy[lookups]->alibi==0.5.2->-r dev_requirements.txt (line 11)) (3.0.2)
Requirement already satisfied: murmurhash<1.1.0,>=0.28.0 in /usr/local/lib/python3.6/site-packages (from spacy[lookups]->alibi==0.5.2->-r dev_requirements.txt (line 11)) (1.0.2)
Requirement already satisfied: plac<1.2.0,>=0.9.6 in /usr/local/lib/python3.6/site-packages (from spacy[lookups]->alibi==0.5.2->-r dev_requirements.txt (line 11)) (1.1.3)
Requirement already satisfied: cymem<2.1.0,>=2.0.2 in /usr/local/lib/python3.6/site-packages (from spacy[lookups]->alibi==0.5.2->-r dev_requirements.txt (line 11)) (2.0.3)
Requirement already satisfied: thinc==7.4.1 in /usr/local/lib/python3.6/site-packages (from spacy[lookups]->alibi==0.5.2->-r dev_requirements.txt (line 11)) (7.4.1)
Requirement already satisfied: spacy-lookups-data<0.4.0,>=0.3.2; extra == "lookups" in /usr/local/lib/python3.6/site-packages (from spacy[lookups]->alibi==0.5.2->-r dev_requirements.txt (line 11)) (0.3.2)
Requirement already satisfied: soupsieve>1.2; python_version >= "3.0" in /usr/local/lib/python3.6/site-packages (from beautifulsoup4->alibi==0.5.2->-r dev_requirements.txt (line 11)) (2.0.1)
Requirement already satisfied: colorful>=0.4.0 in /usr/local/lib/python3.6/site-packages (from prettyprinter->alibi==0.5.2->-r dev_requirements.txt (line 11)) (0.5.4)
Requirement already satisfied: threadpoolctl>=2.0.0 in /usr/local/lib/python3.6/site-packages (from scikit-learn->alibi==0.5.2->-r dev_requirements.txt (line 11)) (2.1.0)
Requirement already satisfied: joblib>=0.11 in /usr/local/lib/python3.6/site-packages (from scikit-learn->alibi==0.5.2->-r dev_requirements.txt (line 11)) (0.17.0)
Requirement already satisfied: h5py in /usr/local/lib/python3.6/site-packages (from keras-applications>=1.0.8->tensorflow==1.15.4->-r dev_requirements.txt (line 14)) (2.10.0)
Requirement already satisfied: markdown>=2.6.8 in /usr/local/lib/python3.6/site-packages (from tensorboard<1.16.0,>=1.15.0->tensorflow==1.15.4->-r dev_requirements.txt (line 14)) (3.3)
Requirement already satisfied: werkzeug>=0.11.15 in /usr/local/lib/python3.6/site-packages (from tensorboard<1.16.0,>=1.15.0->tensorflow==1.15.4->-r dev_requirements.txt (line 14)) (1.0.1)
Requirement already satisfied: pyrsistent>=0.14.0 in /usr/local/lib/python3.6/site-packages (from jsonschema!=2.5.0,>=2.4->nbformat>=4.4->nbconvert==5.6.1->-r dev_requirements.txt (line 10)) (0.17.3)
Installing collected packages: pytest, coverage, pytest-cov, tenacity
  Attempting uninstall: pytest
    Found existing installation: pytest 6.1.0
    Uninstalling pytest-6.1.0:
      Successfully uninstalled pytest-6.1.0
  Attempting uninstall: coverage
    Found existing installation: coverage 5.3
    Uninstalling coverage-5.3:
      Successfully uninstalled coverage-5.3
  Attempting uninstall: pytest-cov
    Found existing installation: pytest-cov 2.10.1
    Uninstalling pytest-cov-2.10.1:
      Successfully uninstalled pytest-cov-2.10.1
  Attempting uninstall: tenacity
    Found existing installation: tenacity 6.2.0
    Uninstalling tenacity-6.2.0:
      Successfully uninstalled tenacity-6.2.0
Successfully installed coverage-4.5.4 pytest-5.3.1 pytest-cov-2.8.1 tenacity-6.0.0
WARNING: You are using pip version 20.2.3; however, version 20.2.4 is available.
You should consider upgrading via the '/usr/local/bin/python -m pip install --upgrade pip' command.
pip install -e ../../python
Obtaining file:///workspace/source/python
Requirement already satisfied: Flask<2.0.0 in /usr/local/lib/python3.6/site-packages (from seldon-core==1.4.0.dev0) (1.1.2)
Requirement already satisfied: jsonschema<4.0.0 in /usr/local/lib/python3.6/site-packages (from seldon-core==1.4.0.dev0) (3.2.0)
Requirement already satisfied: Flask-cors<4.0.0 in /usr/local/lib/python3.6/site-packages (from seldon-core==1.4.0.dev0) (3.0.9)
Requirement already satisfied: redis<4.0.0 in /usr/local/lib/python3.6/site-packages (from seldon-core==1.4.0.dev0) (3.5.3)
Requirement already satisfied: requests<3.0.0 in /usr/local/lib/python3.6/site-packages (from seldon-core==1.4.0.dev0) (2.24.0)
Requirement already satisfied: numpy<2.0.0 in /usr/local/lib/python3.6/site-packages (from seldon-core==1.4.0.dev0) (1.19.2)
Requirement already satisfied: flatbuffers<2.0.0 in /usr/local/lib/python3.6/site-packages (from seldon-core==1.4.0.dev0) (1.12)
Requirement already satisfied: protobuf<4.0.0 in /usr/local/lib/python3.6/site-packages (from seldon-core==1.4.0.dev0) (3.13.0)
Requirement already satisfied: grpcio<2.0.0 in /usr/local/lib/python3.6/site-packages (from seldon-core==1.4.0.dev0) (1.32.0)
Requirement already satisfied: Flask-OpenTracing<1.2.0,>=1.1.0 in /usr/local/lib/python3.6/site-packages (from seldon-core==1.4.0.dev0) (1.1.0)
Requirement already satisfied: opentracing<2.4.0,>=2.2.0 in /usr/local/lib/python3.6/site-packages (from seldon-core==1.4.0.dev0) (2.3.0)
Requirement already satisfied: jaeger-client<4.4.0,>=4.1.0 in /usr/local/lib/python3.6/site-packages (from seldon-core==1.4.0.dev0) (4.3.0)
Requirement already satisfied: grpcio-opentracing<1.2.0,>=1.1.4 in /usr/local/lib/python3.6/site-packages (from seldon-core==1.4.0.dev0) (1.1.4)
Requirement already satisfied: PyYAML<5.4 in /usr/local/lib/python3.6/site-packages (from seldon-core==1.4.0.dev0) (5.3.1)
Requirement already satisfied: gunicorn<20.1.0,>=19.9.0 in /usr/local/lib/python3.6/site-packages (from seldon-core==1.4.0.dev0) (20.0.4)
Requirement already satisfied: setuptools>=41.0.0 in /usr/local/lib/python3.6/site-packages (from seldon-core==1.4.0.dev0) (50.3.0)
Requirement already satisfied: prometheus_client<0.9.0,>=0.7.1 in /usr/local/lib/python3.6/site-packages (from seldon-core==1.4.0.dev0) (0.8.0)
Requirement already satisfied: Jinja2>=2.10.1 in /usr/local/lib/python3.6/site-packages (from Flask<2.0.0->seldon-core==1.4.0.dev0) (2.11.2)
Requirement already satisfied: itsdangerous>=0.24 in /usr/local/lib/python3.6/site-packages (from Flask<2.0.0->seldon-core==1.4.0.dev0) (1.1.0)
Requirement already satisfied: Werkzeug>=0.15 in /usr/local/lib/python3.6/site-packages (from Flask<2.0.0->seldon-core==1.4.0.dev0) (1.0.1)
Requirement already satisfied: click>=5.1 in /usr/local/lib/python3.6/site-packages (from Flask<2.0.0->seldon-core==1.4.0.dev0) (7.1.2)
Requirement already satisfied: attrs>=17.4.0 in /usr/local/lib/python3.6/site-packages (from jsonschema<4.0.0->seldon-core==1.4.0.dev0) (20.2.0)
Requirement already satisfied: importlib-metadata; python_version < "3.8" in /usr/local/lib/python3.6/site-packages (from jsonschema<4.0.0->seldon-core==1.4.0.dev0) (2.0.0)
Requirement already satisfied: pyrsistent>=0.14.0 in /usr/local/lib/python3.6/site-packages (from jsonschema<4.0.0->seldon-core==1.4.0.dev0) (0.17.3)
Requirement already satisfied: six>=1.11.0 in /usr/local/lib/python3.6/site-packages (from jsonschema<4.0.0->seldon-core==1.4.0.dev0) (1.15.0)
Requirement already satisfied: certifi>=2017.4.17 in /usr/local/lib/python3.6/site-packages (from requests<3.0.0->seldon-core==1.4.0.dev0) (2020.6.20)
Requirement already satisfied: chardet<4,>=3.0.2 in /usr/local/lib/python3.6/site-packages (from requests<3.0.0->seldon-core==1.4.0.dev0) (3.0.4)
Requirement already satisfied: idna<3,>=2.5 in /usr/local/lib/python3.6/site-packages (from requests<3.0.0->seldon-core==1.4.0.dev0) (2.10)
Requirement already satisfied: urllib3!=1.25.0,!=1.25.1,<1.26,>=1.21.1 in /usr/local/lib/python3.6/site-packages (from requests<3.0.0->seldon-core==1.4.0.dev0) (1.25.10)
Requirement already satisfied: threadloop<2,>=1 in /usr/local/lib/python3.6/site-packages (from jaeger-client<4.4.0,>=4.1.0->seldon-core==1.4.0.dev0) (1.0.2)
Requirement already satisfied: tornado>=4.3 in /usr/local/lib/python3.6/site-packages (from jaeger-client<4.4.0,>=4.1.0->seldon-core==1.4.0.dev0) (6.0.4)
Requirement already satisfied: thrift in /usr/local/lib/python3.6/site-packages (from jaeger-client<4.4.0,>=4.1.0->seldon-core==1.4.0.dev0) (0.13.0)
Requirement already satisfied: MarkupSafe>=0.23 in /usr/local/lib/python3.6/site-packages (from Jinja2>=2.10.1->Flask<2.0.0->seldon-core==1.4.0.dev0) (1.1.1)
Requirement already satisfied: zipp>=0.5 in /usr/local/lib/python3.6/site-packages (from importlib-metadata; python_version < "3.8"->jsonschema<4.0.0->seldon-core==1.4.0.dev0) (3.3.0)
Installing collected packages: seldon-core
  Attempting uninstall: seldon-core
    Found existing installation: seldon-core 1.4.0.dev0
    Uninstalling seldon-core-1.4.0.dev0:
      Successfully uninstalled seldon-core-1.4.0.dev0
  Running setup.py develop for seldon-core
Successfully installed seldon-core
WARNING: You are using pip version 20.2.3; however, version 20.2.4 is available.
You should consider upgrading via the '/usr/local/bin/python -m pip install --upgrade pip' command.
pytest \
	--verbose \
	-s \
	-m "notebooks" \
	-W ignore test_notebooks.py::TestNotebooks 2>&1
============================= test session starts ==============================
platform linux -- Python 3.6.10, pytest-5.3.1, py-1.9.0, pluggy-0.13.1 -- /usr/local/bin/python
cachedir: .pytest_cache
rootdir: /workspace/source/testing/scripts, inifile: setup.cfg
plugins: cov-2.8.1, flaky-3.6.1, xdist-1.30.0, forked-1.3.0
collecting ... collected 28 items

test_notebooks.py::TestNotebooks::test_helm_examples [NbConvertApp] Converting notebook ../../notebooks/helm_examples.ipynb to script
[NbConvertApp] Writing 7028 bytes to ../../notebooks/helm_examples.py

PODS UPDATE: NAMESPACE       NAME                                         READY   STATUS    RESTARTS   AGE


PODS UPDATE: cert-manager    cert-manager-5c47f46f57-sxgdj                1/1     Running   0          3m20s


PODS UPDATE: cert-manager    cert-manager-cainjector-6659d6844d-x4q7v     1/1     Running   0          3m20s


PODS UPDATE: cert-manager    cert-manager-webhook-547567b88f-jg6fv        1/1     Running   0          3m20s


PODS UPDATE: istio-system    grafana-6b65874977-64qzj                     1/1     Running   0          6m38s


PODS UPDATE: istio-system    istio-citadel-86dcf4c6b-dsjn7                1/1     Running   0          6m40s


PODS UPDATE: istio-system    istio-egressgateway-68f754ccdd-dmrdw         1/1     Running   0          6m40s


PODS UPDATE: istio-system    istio-galley-5fc6d6c45b-nxh4s                1/1     Running   0          6m39s


PODS UPDATE: istio-system    istio-ingressgateway-6d759478d8-plz4h        1/1     Running   0          6m38s


PODS UPDATE: istio-system    istio-pilot-5c4995d687-6tgsh                 1/1     Running   0          6m38s


PODS UPDATE: istio-system    istio-policy-57b99968f-zpn2j                 1/1     Running   1          6m38s


PODS UPDATE: istio-system    istio-sidecar-injector-746f7c7bbb-8dqbf      1/1     Running   0          6m38s


PODS UPDATE: istio-system    istio-telemetry-854d8556d5-9hgld             1/1     Running   1          6m36s


PODS UPDATE: istio-system    istio-tracing-c66d67cd9-pcb2l                1/1     Running   0          6m36s


PODS UPDATE: istio-system    kiali-8559969566-4c69m                       1/1     Running   0          6m38s


PODS UPDATE: istio-system    prometheus-66c5887c86-nvzhs                  1/1     Running   0          6m37s


PODS UPDATE: kube-system     coredns-5644d7b6d9-dqzcd                     1/1     Running   0          14m


PODS UPDATE: kube-system     coredns-5644d7b6d9-q5pj5                     1/1     Running   0          14m


PODS UPDATE: kube-system     etcd-kind-control-plane                      1/1     Running   0          13m


PODS UPDATE: kube-system     kindnet-2jff5                                1/1     Running   0          14m


PODS UPDATE: kube-system     kindnet-bmqjs                                1/1     Running   0          14m


PODS UPDATE: kube-system     kube-apiserver-kind-control-plane            1/1     Running   0          14m


PODS UPDATE: kube-system     kube-controller-manager-kind-control-plane   1/1     Running   0          13m


PODS UPDATE: kube-system     kube-proxy-cqqpc                             1/1     Running   0          14m


PODS UPDATE: kube-system     kube-proxy-zqj7j                             1/1     Running   0          14m


PODS UPDATE: kube-system     kube-scheduler-kind-control-plane            1/1     Running   0          14m


PODS UPDATE: kube-system     metrics-server-787cbd4d5d-8tk6v              1/1     Running   0          73s


PODS UPDATE: seldon-system   seldon-controller-manager-6cc57d48d7-zztzn   1/1     Running   0          117s


PODS UPDATE: seldon          ambassador-6747c68887-p54d8                  1/1     Running   0          7m43s


PODS UPDATE: seldon          jaeger-5cb557b89d-xjvqq                      1/1     Running   0          3m21s


PODS UPDATE: seldon          jaeger-operator-67777ffc99-xw49k             1/1     Running   0          4m2s


PODS UPDATE: seldon          mymodel-default-0-model-55678c8c55-695kp     0/2     Pending   0          0s


PODS UPDATE: seldon          mymodel-default-0-model-55678c8c55-695kp     0/2     Pending   0          0s


PODS UPDATE: seldon          mymodel-default-0-model-55678c8c55-695kp     0/2     ContainerCreating   0          0s


PODS UPDATE: seldon          mymodel-default-0-model-55678c8c55-695kp     0/2     Running             0          84s


PODS UPDATE: seldon          mymodel-default-0-model-55678c8c55-695kp     1/2     Running             0          101s


PODS UPDATE: seldon          mymodel-default-0-model-55678c8c55-695kp     2/2     Running             0          105s


PODS UPDATE: seldon          mymodel-default-0-model-55678c8c55-695kp     2/2     Terminating         0          2m4s


PODS UPDATE: seldon          mymodel-default-0-model-59c8946498-djhzn     0/2     Pending             0          0s


PODS UPDATE: seldon          mymodel-default-0-model-59c8946498-djhzn     0/2     Pending             0          0s


PODS UPDATE: seldon          mymodel-default-0-model-59c8946498-djhzn     0/2     ContainerCreating   0          0s


PODS UPDATE: seldon          mymodel-default-0-model-55678c8c55-695kp     1/2     Terminating         0          2m15s


PODS UPDATE: seldon          mymodel-default-0-model-55678c8c55-695kp     0/2     Terminating         0          2m36s


PODS UPDATE: seldon          mymodel-default-0-model-55678c8c55-695kp     0/2     Terminating         0          3m6s


PODS UPDATE: seldon          mymodel-default-0-model-55678c8c55-695kp     0/2     Terminating         0          3m8s


PODS UPDATE: seldon          mymodel-default-0-model-55678c8c55-695kp     0/2     Terminating         0          3m8s


PODS UPDATE: seldon          mymodel-default-0-model-59c8946498-djhzn     0/2     Running             0          66s


PODS UPDATE: seldon          mymodel-default-0-model-59c8946498-djhzn     1/2     Running             0          83s


PODS UPDATE: seldon          mymodel-default-0-model-59c8946498-djhzn     2/2     Running             0          89s


PODS UPDATE: seldon          mymodel-default-0-model-59c8946498-djhzn     2/2     Terminating         0          105s


PODS UPDATE: seldon          myabtest-default-0-classifier-1-6469d95bbc-qn27z   0/2     Pending             0          0s


PODS UPDATE: seldon          myabtest-default-0-classifier-1-6469d95bbc-qn27z   0/2     Pending             0          0s


PODS UPDATE: seldon          myabtest-default-1-classifier-2-6f6f597cb9-kb2vf   0/1     Pending             0          0s


PODS UPDATE: seldon          myabtest-default-1-classifier-2-6f6f597cb9-kb2vf   0/1     Pending             0          0s


PODS UPDATE: seldon          myabtest-default-0-classifier-1-6469d95bbc-qn27z   0/2     ContainerCreating   0          0s


PODS UPDATE: seldon          myabtest-default-1-classifier-2-6f6f597cb9-kb2vf   0/1     ContainerCreating   0          0s


PODS UPDATE: seldon          mymodel-default-0-model-59c8946498-djhzn           1/2     Terminating         0          119s


PODS UPDATE: seldon          myabtest-default-1-classifier-2-6f6f597cb9-kb2vf   0/1     Running             0          3s


PODS UPDATE: seldon          myabtest-default-0-classifier-1-6469d95bbc-qn27z   0/2     Running             0          3s


PODS UPDATE: seldon          mymodel-default-0-model-59c8946498-djhzn           0/2     Terminating         0          2m8s


PODS UPDATE: seldon          mymodel-default-0-model-59c8946498-djhzn           0/2     Terminating         0          2m16s


PODS UPDATE: seldon          mymodel-default-0-model-59c8946498-djhzn           0/2     Terminating         0          2m16s


PODS UPDATE: seldon          myabtest-default-1-classifier-2-6f6f597cb9-kb2vf   1/1     Running             0          25s


PODS UPDATE: seldon          myabtest-default-0-classifier-1-6469d95bbc-qn27z   1/2     Running             0          25s


PODS UPDATE: seldon          myabtest-default-0-classifier-1-6469d95bbc-qn27z   2/2     Running             0          26s


PODS UPDATE: seldon          myabtest-default-0-classifier-1-6469d95bbc-qn27z   2/2     Terminating         0          42s


PODS UPDATE: seldon          myabtest-default-1-classifier-2-6f6f597cb9-kb2vf   1/1     Terminating         0          42s


PODS UPDATE: seldon          myabtest-default-0-classifier-1-6469d95bbc-qn27z   1/2     Terminating         0          55s


PODS UPDATE: seldon          myabtest-default-0-classifier-1-85b555c598-kmw8v   0/2     Pending             0          0s


PODS UPDATE: seldon          myabtest-default-0-classifier-1-85b555c598-kmw8v   0/2     Pending             0          0s


PODS UPDATE: seldon          myabtest-default-1-classifier-2-6b7db66597-txtc5   0/1     Pending             0          0s


PODS UPDATE: seldon          myabtest-default-1-classifier-2-6b7db66597-txtc5   0/1     Pending             0          0s


PODS UPDATE: seldon          myabtest-default-0-classifier-1-85b555c598-kmw8v   0/2     ContainerCreating   0          0s


PODS UPDATE: seldon          myabtest-default-1-classifier-2-6b7db66597-txtc5   0/1     ContainerCreating   0          0s


PODS UPDATE: seldon          myabtest-default-0-classifier-1-6469d95bbc-qn27z   0/2     Terminating         0          64s


PODS UPDATE: seldon          myabtest-default-0-classifier-1-6469d95bbc-qn27z   0/2     Terminating         0          64s


PODS UPDATE: seldon          myabtest-default-1-classifier-2-6f6f597cb9-kb2vf   0/1     Terminating         0          64s


PODS UPDATE: seldon          myabtest-default-0-classifier-1-85b555c598-kmw8v   0/2     Running             0          7s


PODS UPDATE: seldon          myabtest-default-1-classifier-2-6b7db66597-txtc5   0/1     Running             0          7s


PODS UPDATE: seldon          myabtest-default-0-classifier-1-6469d95bbc-qn27z   0/2     Terminating         0          65s


PODS UPDATE: seldon          myabtest-default-0-classifier-1-6469d95bbc-qn27z   0/2     Terminating         0          65s


PODS UPDATE: seldon          myabtest-default-1-classifier-2-6f6f597cb9-kb2vf   0/1     Terminating         0          65s


PODS UPDATE: seldon          myabtest-default-1-classifier-2-6f6f597cb9-kb2vf   0/1     Terminating         0          65s


PODS UPDATE: seldon          myabtest-default-1-classifier-2-6b7db66597-txtc5   1/1     Running             0          29s


PODS UPDATE: seldon          myabtest-default-0-classifier-1-85b555c598-kmw8v   1/2     Running             0          30s


PODS UPDATE: seldon          myabtest-default-0-classifier-1-85b555c598-kmw8v   2/2     Running             0          30s


PODS UPDATE: seldon          myabtest-default-1-classifier-2-6b7db66597-txtc5   1/1     Terminating         0          46s


PODS UPDATE: seldon          myabtest-default-0-classifier-1-85b555c598-kmw8v   2/2     Terminating         0          46s


PODS UPDATE: seldon          mymab-default-0-classifier-1-6dd47776d9-hmpsf      0/2     Pending             0          0s


PODS UPDATE: seldon          mymab-default-1-classifier-2-5fbb94b6b6-wzpvz      0/1     Pending             0          0s


PODS UPDATE: seldon          mymab-default-0-classifier-1-6dd47776d9-hmpsf      0/2     Pending             0          0s


PODS UPDATE: seldon          mymab-default-1-classifier-2-5fbb94b6b6-wzpvz      0/1     Pending             0          0s


PODS UPDATE: seldon          mymab-default-2-eg-router-7944df495c-pqkt8         0/1     Pending             0          0s


PODS UPDATE: seldon          mymab-default-2-eg-router-7944df495c-pqkt8         0/1     Pending             0          0s


PODS UPDATE: seldon          mymab-default-0-classifier-1-6dd47776d9-hmpsf      0/2     ContainerCreating   0          0s


PODS UPDATE: seldon          mymab-default-1-classifier-2-5fbb94b6b6-wzpvz      0/1     ContainerCreating   0          0s


PODS UPDATE: seldon          mymab-default-2-eg-router-7944df495c-pqkt8         0/1     ContainerCreating   0          0s


PODS UPDATE: seldon          myabtest-default-0-classifier-1-85b555c598-kmw8v   1/2     Terminating         0          60s


PODS UPDATE: seldon          mymab-default-1-classifier-2-5fbb94b6b6-wzpvz      0/1     Running             0          13s


PODS UPDATE: seldon          myabtest-default-1-classifier-2-6b7db66597-txtc5   0/1     Terminating         0          79s


PODS UPDATE: seldon          myabtest-default-0-classifier-1-85b555c598-kmw8v   0/2     Terminating         0          80s


PODS UPDATE: seldon          myabtest-default-0-classifier-1-85b555c598-kmw8v   0/2     Terminating         0          88s


PODS UPDATE: seldon          myabtest-default-1-classifier-2-6b7db66597-txtc5   0/1     Terminating         0          88s


PODS UPDATE: seldon PASSED
test_notebooks.py::TestNotebooks::test_explainer_examples [NbConvertApp] Converting notebook ../../notebooks/explainer_examples.ipynb to script
[NbConvertApp] Writing 29264 bytes to ../../notebooks/explainer_examples.py
         mymab-default-0-classifier-1-6dd47776d9-hmpsf      0/2     Running             0          32s


PODS UPDATE: seldon          mymab-default-1-classifier-2-5fbb94b6b6-wzpvz      1/1     Running             0          33s


PODS UPDATE: seldon          mymab-default-2-eg-router-7944df495c-pqkt8         0/1     Running             0          33s


PODS UPDATE: seldon          myabtest-default-0-classifier-1-85b555c598-kmw8v   0/2     Terminating         0          92s


PODS UPDATE: seldon          myabtest-default-0-classifier-1-85b555c598-kmw8v   0/2     Terminating         0          92s


PODS UPDATE: seldon          myabtest-default-1-classifier-2-6b7db66597-txtc5   0/1     Terminating         0          92s


PODS UPDATE: seldon          myabtest-default-1-classifier-2-6b7db66597-txtc5   0/1     Terminating         0          92s


PODS UPDATE: seldon          mymab-default-0-classifier-1-6dd47776d9-hmpsf      1/2     Running             0          37s


PODS UPDATE: seldon          mymab-default-2-eg-router-7944df495c-pqkt8         1/1     Running             0          55s


PODS UPDATE: seldon          mymab-default-0-classifier-1-6dd47776d9-hmpsf      2/2     Running             0          57s


PODS UPDATE: seldon          mymab-default-2-eg-router-7944df495c-pqkt8         1/1     Terminating         0          82s


PODS UPDATE: seldon          mymab-default-1-classifier-2-5fbb94b6b6-wzpvz      1/1     Terminating         0          82s


PODS UPDATE: seldon          mymab-default-0-classifier-1-6dd47776d9-hmpsf      2/2     Terminating         0          82s


PODS UPDATE: seldon          mymab-default-0-classifier-1-6dd47776d9-hmpsf      1/2     Terminating         0          93s


PODS UPDATE: seldon          mymab-default-0-classifier-1-888d56c7-j4dwm        0/2     Pending             0          0s


PODS UPDATE: seldon          mymab-default-1-classifier-2-86df69bc74-7474p      0/1     Pending             0          0s


PODS UPDATE: seldon          mymab-default-0-classifier-1-888d56c7-j4dwm        0/2     Pending             0          0s


PODS UPDATE: seldon          mymab-default-2-eg-router-57bc97dc57-nqsdp         0/1     Pending             0          0s


PODS UPDATE: seldon          mymab-default-1-classifier-2-86df69bc74-7474p      0/1     Pending             0          0s


PODS UPDATE: seldon          mymab-default-2-eg-router-57bc97dc57-nqsdp         0/1     Pending             0          0s


PODS UPDATE: seldon          mymab-default-0-classifier-1-888d56c7-j4dwm        0/2     ContainerCreating   0          0s


PODS UPDATE: seldon          mymab-default-1-classifier-2-86df69bc74-7474p      0/1     ContainerCreating   0          0s


PODS UPDATE: seldon          mymab-default-2-eg-router-57bc97dc57-nqsdp         0/1     ContainerCreating   0          0s


PODS UPDATE: seldon          mymab-default-1-classifier-2-5fbb94b6b6-wzpvz      0/1     Terminating         0          113s


PODS UPDATE: seldon          mymab-default-2-eg-router-7944df495c-pqkt8         0/1     Terminating         0          115s


PODS UPDATE: seldon          mymab-default-0-classifier-1-6dd47776d9-hmpsf      0/2     Terminating         0          117s


PODS UPDATE: seldon          mymab-default-2-eg-router-7944df495c-pqkt8         0/1     Terminating         0          2m3s


PODS UPDATE: seldon          mymab-default-1-classifier-2-5fbb94b6b6-wzpvz      0/1     Terminating         0          2m4s


PODS UPDATE: seldon          mymab-default-1-classifier-2-5fbb94b6b6-wzpvz      0/1     Terminating         0          2m4s


PODS UPDATE: seldon          mymab-default-0-classifier-1-6dd47776d9-hmpsf      0/2     Terminating         0          2m5s


PODS UPDATE: seldon          mymab-default-2-eg-router-57bc97dc57-nqsdp         0/1     Running             0          21s


PODS UPDATE: seldon          mymab-default-1-classifier-2-86df69bc74-7474p      0/1     Running             0          21s


PODS UPDATE: seldon          mymab-default-0-classifier-1-888d56c7-j4dwm        0/2     Running             0          22s


PODS UPDATE: seldon          mymab-default-2-eg-router-7944df495c-pqkt8         0/1     Terminating         0          2m15s


PODS UPDATE: seldon          mymab-default-2-eg-router-7944df495c-pqkt8         0/1     Terminating         0          2m15s


PODS UPDATE: seldon          mymab-default-1-classifier-2-5fbb94b6b6-wzpvz      0/1     Terminating         0          2m15s


PODS UPDATE: seldon          mymab-default-1-classifier-2-5fbb94b6b6-wzpvz      0/1     Terminating         0          2m15s


PODS UPDATE: seldon          mymab-default-0-classifier-1-6dd47776d9-hmpsf      0/2     Terminating         0          2m15s


PODS UPDATE: seldon          mymab-default-0-classifier-1-6dd47776d9-hmpsf      0/2     Terminating         0          2m15s


PODS UPDATE: seldon          mymab-default-1-classifier-2-86df69bc74-7474p      1/1     Running             0          40s


PODS UPDATE: seldon          mymab-default-0-classifier-1-888d56c7-j4dwm        1/2     Running             0          42s


PODS UPDATE: seldon          mymab-default-2-eg-router-57bc97dc57-nqsdp         1/1     Running             0          44s


PODS UPDATE: seldon          mymab-default-0-classifier-1-888d56c7-j4dwm        2/2     Running             0          48s


PODS UPDATE: seldon          mymab-default-1-classifier-2-86df69bc74-7474p      1/1     Terminating         0          64s


PODS UPDATE: seldon          mymab-default-2-eg-router-57bc97dc57-nqsdp         1/1     Terminating         0          64s


PODS UPDATE: seldon          mymab-default-0-classifier-1-888d56c7-j4dwm        2/2     Terminating         0          64s


PODS UPDATE: seldon          income-default-0-classifier-59c8f7d77c-zpppp       0/2     Pending             0          0s


PODS UPDATE: seldon          income-default-explainer-77697d588f-qx7sb          0/1     Pending             0          0s


PODS UPDATE: seldon          income-default-0-classifier-59c8f7d77c-zpppp       0/2     Pending             0          0s


PODS UPDATE: seldon          income-default-explainer-77697d588f-qx7sb          0/1     Pending             0          0s


PODS UPDATE: seldon          income-default-0-classifier-59c8f7d77c-zpppp       0/2     Init:0/1            0          0s


PODS UPDATE: seldon          income-default-explainer-77697d588f-qx7sb          0/1     Init:0/1            0          0s


PODS UPDATE: seldon          mymab-default-0-classifier-1-888d56c7-j4dwm        1/2     Terminating         0          78s


PODS UPDATE: seldon          mymab-default-1-classifier-2-86df69bc74-7474p      0/1     Terminating         0          89s


PODS UPDATE: seldon          income-default-explainer-77697d588f-qx7sb          0/1     Init:0/1            0          16s


PODS UPDATE: seldon          income-default-0-classifier-59c8f7d77c-zpppp       0/2     Init:0/1            0          16s


PODS UPDATE: seldon          mymab-default-2-eg-router-57bc97dc57-nqsdp         0/1     Terminating         0          90s


PODS UPDATE: seldon          mymab-default-0-classifier-1-888d56c7-j4dwm        0/2     Terminating         0          90s


PODS UPDATE: seldon          income-default-explainer-77697d588f-qx7sb          0/1     PodInitializing     0          19s


PODS UPDATE: seldon          income-default-0-classifier-59c8f7d77c-zpppp       0/2     PodInitializing     0          20s


PODS UPDATE: seldon          mymab-default-0-classifier-1-888d56c7-j4dwm        0/2     Terminating         0          101s


PODS UPDATE: seldon          mymab-default-0-classifier-1-888d56c7-j4dwm        0/2     Terminating         0          101s


PODS UPDATE: seldon          mymab-default-2-eg-router-57bc97dc57-nqsdp         0/1     Terminating         0          101s


PODS UPDATE: seldon          mymab-default-2-eg-router-57bc97dc57-nqsdp         0/1     Terminating         0          101s


PODS UPDATE: seldon          mymab-default-1-classifier-2-86df69bc74-7474p      0/1     Terminating         0          101s


PODS UPDATE: seldon          mymab-default-1-classifier-2-86df69bc74-7474p      0/1     Terminating         0          101s


PODS UPDATE: seldon          income-default-explainer-77697d588f-qx7sb          0/1     CreateContainerError   0          4m20s


PODS UPDATE: seldon          income-default-explainer-77697d588f-qx7sb          0/1     CreateContainerError   0          4m31s


PODS UPDATE: seldon          income-default-0-classifier-59c8f7d77c-zpppp       0/2     Running                0          4m50s


PODS UPDATE: seldon          income-default-explainer-77697d588f-qx7sb          0/1     CreateContainerError   0          4m57s


PODS UPDATE: seldon          income-default-explainer-77697d588f-qx7sb          0/1     Running                1          4m58s


PODS UPDATE: seldon          income-default-0-classifier-59c8f7d77c-zpppp       1/2     Running                0          5m12s


PODS UPDATE: seldon          income-default-0-classifier-59c8f7d77c-zpppp       2/2     Running                0          5m13s


PODS UPDATE: seldon          income-default-explainer-77697d588f-qx7sb          1/1     Running                1          5m19s


PODS UPDATE: seldon          income-default-0-classifier-59c8f7d77c-zpppp       2/2     Terminating            0          5m48s


PODS UPDATE: seldon          income-default-explainer-77697d588f-qx7sb          1/1     Terminating            1          5m48s


PODS UPDATE: seldon          movie-default-0-classifier-7768657584-jcp2n        0/2     Pending                0          0s


PODS UPDATE: seldon          movie-default-explainer-79d597596d-4bn5q           0/1     Pending                0          0s


PODS UPDATE: seldon          movie-default-0-classifier-7768657584-jcp2n        0/2     Pending                0          0s


PODS UPDATE: seldon          movie-default-explainer-79d597596d-4bn5q           0/1     Pending                0          0s


PODS UPDATE: seldon          movie-default-0-classifier-7768657584-jcp2n        0/2     Init:0/1               0          0s


PODS UPDATE: seldon          movie-default-explainer-79d597596d-4bn5q           0/1     ContainerCreating      0          0s


PODS UPDATE: seldon          movie-default-explainer-79d597596d-4bn5q           0/1     Running                0          3s


PODS UPDATE: seldon          movie-default-0-classifier-7768657584-jcp2n        0/2     Init:0/1               0          3s


PODS UPDATE: seldon          income-default-0-classifier-59c8f7d77c-zpppp       1/2     Terminating            0          5m58s


PODS UPDATE: seldon          movie-default-0-classifier-7768657584-jcp2n        0/2     PodInitializing        0          8s


PODS UPDATE: seldon          income-default-0-classifier-59c8f7d77c-zpppp       0/2     Terminating            0          6m1s


PODS UPDATE: seldon          income-default-0-classifier-59c8f7d77c-zpppp       0/2     Terminating            0          6m1s


PODS UPDATE: seldon          movie-default-0-classifier-7768657584-jcp2n        0/2     Running                0          10s


PODS UPDATE: seldon          income-default-0-classifier-59c8f7d77c-zpppp       0/2     Terminating            0          6m8s


PODS UPDATE: seldon          income-default-0-classifier-59c8f7d77c-zpppp       0/2     Terminating            0          6m8s


PODS UPDATE: seldon          income-default-explainer-77697d588f-qx7sb          0/1     Terminating            1          6m11s


PODS UPDATE: seldon          income-default-explainer-77697d588f-qx7sb          0/1     Terminating            0          6m12s


PODS UPDATE: seldon          income-default-explainer-77697d588f-qx7sb          0/1     Terminating            0          6m25s


PODS UPDATE: seldon          income-default-explainer-77697d588f-qx7sb          0/1     Terminating            0          6m25s


PODS UPDATE: seldon          income-default-explainer-77697d588f-qx7sb          0/1     Terminating            0          6m25s


PODS UPDATE: seldon          movie-default-0-classifier-7768657584-jcp2n        1/2     Running                0          33s


PODS UPDATE: seldon          movie-default-0-classifiseldondeployment.machinelearning.seldon.io "image" deleted
[NbConvertApp] Converting notebook ../../notebooks/explainer_examples.ipynb to script
[NbConvertApp] Writing 29264 bytes to ../../notebooks/explainer_examples.py
er-7768657584-jcp2n        2/2     Running                0          33s


PODS UPDATE: seldon          movie-default-explainer-79d597596d-4bn5q           1/1     Running                0          38s


PODS UPDATE: seldon          movie-default-explainer-79d597596d-4bn5q           1/1     Terminating            0          101s


PODS UPDATE: seldon          movie-default-0-classifier-7768657584-jcp2n        2/2     Terminating            0          101s


PODS UPDATE: seldon          image-default-explainer-5dbfd47b44-tzwct           0/1     Pending                0          0s


PODS UPDATE: seldon          image-default-0-transformer-classifier-7544b874b4-wnk4z   0/4     Pending                0          0s


PODS UPDATE: seldon          image-default-explainer-5dbfd47b44-tzwct                  0/1     Pending                0          0s


PODS UPDATE: seldon          image-default-0-transformer-classifier-7544b874b4-wnk4z   0/4     Pending                0          0s


PODS UPDATE: seldon          image-default-explainer-5dbfd47b44-tzwct                  0/1     Init:0/1               0          0s


PODS UPDATE: seldon          image-default-0-transformer-classifier-7544b874b4-wnk4z   0/4     Init:0/1               0          0s


PODS UPDATE: seldon          image-default-explainer-5dbfd47b44-tzwct                  0/1     Init:0/1               0          4s


PODS UPDATE: seldon          image-default-0-transformer-classifier-7544b874b4-wnk4z   0/4     Init:0/1               0          4s


PODS UPDATE: seldon          movie-default-0-classifier-7768657584-jcp2n               0/2     Terminating            0          113s


PODS UPDATE: seldon          image-default-explainer-5dbfd47b44-tzwct                  0/1     PodInitializing        0          7s


PODS UPDATE: seldon          image-default-0-transformer-classifier-7544b874b4-wnk4z   0/4     PodInitializing        0          8s


PODS UPDATE: seldon          image-default-explainer-5dbfd47b44-tzwct                  0/1     Running                0          9s


PODS UPDATE: seldon          movie-default-explainer-79d597596d-4bn5q                  0/1     Terminating            0          2m4s


PODS UPDATE: seldon          movie-default-0-classifier-7768657584-jcp2n               0/2     Terminating            0          2m5s


PODS UPDATE: seldon          movie-default-0-classifier-7768657584-jcp2n               0/2     Terminating            0          2m5s


PODS UPDATE: seldon          movie-default-explainer-79d597596d-4bn5q                  0/1     Terminating            0          2m15s


PODS UPDATE: seldon          movie-default-explainer-79d597596d-4bn5q                  0/1     Terminating            0          2m15s


PODS UPDATE: seldon          image-default-explainer-5dbfd47b44-tzwct                  1/1     Running                0          32s


PODS UPDATE: seldon          image-default-0-transformer-classifier-7544b874b4-wnk4z   1/4     Running                0          96s


PODS UPDATE: seldon          image-default-0-transformer-classifier-7544b874b4-wnk4z   2/4     Running                0          100s


PODS UPDATE: seldon          image-default-0-transformer-classifier-7544b874b4-wnk4z   3/4     Running                0          108s


PODS UPDATE: seldon          image-default-0-transformer-classifier-7544b874b4-wnk4z   4/4     Running                0          116s


PODS UPDATE: seldon          image-default-explainer-5dbfd47b44-tzwct                  1/1     Terminating            0          2m28s


PODS UPDATE: seldon          image-default-0-transformer-classifier-7544b874b4-wnk4z   4/4     Terminating            0          2m28s


PODS UPDATE: seldon          income-default-0-classifier-59c8f7d77c-nm2b8              0/2     Pending                0          0s


PODS UPDATE: seldon          income-default-explainer-77697d588f-qmgwk                 0/1     Pending                0          0s


PODS UPDATE: seldon          income-default-explainer-77697d588f-qmgwk                 0/1     Pending                0          0s


PODS UPDATE: seldon          income-default-0-classifier-59c8f7d77c-nm2b8              0/2     Pending                0          0s


PODS UPDATE: seldon          income-default-explainer-77697d588f-qmgwk                 0/1     Init:0/1               0          0s


PODS UPDATE: seldon          income-default-0-classifier-59c8f7d77c-nm2b8              0/2     Init:0/1               0          0s


PODS UPDATE: seldon          income-default-explainer-77697d588f-qmgwk                 0/1     Init:0/1               0          4s


PODS UPDATE: seldon          income-default-0-classifier-59c8f7d77c-nm2b8              0/2     Init:0/1               0          4s


PODS UPDATE: seldon          income-default-explainer-77697d588f-qmgwk                 0/1     PodInitializing        0          7s


PODS UPDATE: seldon          image-default-0-transformer-classifier-7544b874b4-wnk4z   3/4     Terminating            0          2m41s


PODS UPDATE: seldon          income-default-0-classifier-59c8f7d77c-nm2b8              0/2     PodInitializing        0          8s


PODS UPDATE: seldon          income-default-explainer-77697d588f-qmgwk                 0/1     Running                0          8s


PODS UPDATE: seldon          income-default-0-classifier-59c8f7d77c-nm2b8              0/2     Running                0          15s


PODS UPDATE: seldon          image-default-0-transformer-classifier-7544b874b4-wnk4z   0/4     Terminating            0          2m49s


PODS UPDATE: seldon          image-default-0-transformer-classifier-7544b874b4-wnk4z   0/4     Terminating            0          2m49s


PODS UPDATE: seldon          image-default-explainer-5dbfd47b44-tzwct                  0/1     Terminating            0          2m50s


PODS UPDATE: seldon          image-default-0-transformer-classifier-7544b874b4-wnk4z   0/4     Terminating            0          2m59s


PODS UPDATE: seldon          image-default-0-transformer-classifier-7544b874b4-wnk4z   0/4     Terminating            0          2m59s


PODS UPDATE: seldon          image-default-explainer-5dbfd47b44-tzwct                  0/1     Terminating            0          2m59s


PODS UPDATE: seldon          image-default-explainer-5dbfd47b44-tzwct                  0/1     Terminating            0          2m59s


PODS UPDATE: seldon          income-default-explainer-77697d588f-qmgwk                 1/1     Running                0          29s


PODS UPDATE: seldon          income-default-0-classifier-59c8f7d77c-nm2b8              1/2     Running                0          36s


PODS UPDATE: seldon          income-default-0-classifier-59c8f7d77c-nm2b8              2/2     Running                0          36s


PODS UPDATE: seldon          income-default-explainer-77697d588f-qmgwk                 1/1     Terminating            0          75s


PODS UPDATE: seldon          income-default-0-classifier-59c8f7d77c-nm2b8              2/2     Terminating            0          75s


PODS UPDATE: seldon          movie-default-0-classifier-7768657584-sj728               0/2     Pending                0          0s


PODS UPDATE: seldon          movie-default-explainer-79d597596d-ldpb8                  0/1     Pending                0          0s


PODS UPDATE: seldon          movie-default-explainer-79d597596d-ldpb8                  0/1     Pending                0          1s


PODS UPDATE: seldon          movie-default-0-classifier-7768657584-sj728               0/2     Pending                0          1s


PODS UPDATE: seldon          movie-default-explainer-79d597596d-ldpb8                  0/1     ContainerCreating      0          1s


PODS UPDATE: seldon          movie-default-0-classifier-7768657584-sj728               0/2     Init:0/1               0          1s


PODS UPDATE: seldon          income-default-0-classifier-59c8f7d77c-nm2b8              1/2     Terminating            0          86s


PODS UPDATE: seldon          movie-default-0-classifier-7768657584-sj728               0/2     Init:0/1               0          6s


PODS UPDATE: seldon          movie-defaulseldondeployment.machinelearning.seldon.io "image" deleted
FAILED
test_notebooks.py::TestNotebooks::test_istio_examples [NbConvertApp] Converting notebook ../../notebooks/istio_example.ipynb to script
[NbConvertApp] Writing 6006 bytes to ../../notebooks/istio_example.py
t-explainer-79d597596d-ldpb8                  0/1     Running                0          6s


PODS UPDATE: seldon          movie-default-0-classifier-7768657584-sj728               0/2     PodInitializing        0          9s


PODS UPDATE: seldon          income-default-0-classifier-59c8f7d77c-nm2b8              0/2     Terminating            0          91s


PODS UPDATE: seldon          income-default-0-classifier-59c8f7d77c-nm2b8              0/2     Terminating            0          96s


PODS UPDATE: seldon          income-default-0-classifier-59c8f7d77c-nm2b8              0/2     Terminating            0          96s


PODS UPDATE: seldon          movie-default-0-classifier-7768657584-sj728               0/2     Running                0          16s


PODS UPDATE: seldon          income-default-explainer-77697d588f-qmgwk                 0/1     Terminating            0          98s


PODS UPDATE: seldon          income-default-explainer-77697d588f-qmgwk                 0/1     Terminating            0          106s


PODS UPDATE: seldon          income-default-explainer-77697d588f-qmgwk                 0/1     Terminating            0          106s


PODS UPDATE: seldon          movie-default-0-classifier-7768657584-sj728               1/2     Running                0          35s


PODS UPDATE: seldon          movie-default-0-classifier-7768657584-sj728               2/2     Running                0          36s


PODS UPDATE: seldon          movie-default-explainer-79d597596d-ldpb8                  1/1     Running                0          69s


PODS UPDATE: seldon          movie-default-explainer-79d597596d-ldpb8                  1/1     Terminating            0          2m2s


PODS UPDATE: seldon          movie-default-0-classifier-7768657584-sj728               2/2     Terminating            0          2m2s


PODS UPDATE: seldon          image-default-0-transformer-classifier-7544b874b4-tgbl8   0/4     Pending                0          0s


PODS UPDATE: seldon          image-default-explainer-5dbfd47b44-c7mw6                  0/1     Pending                0          0s


PODS UPDATE: seldon          image-default-0-transformer-classifier-7544b874b4-tgbl8   0/4     Pending                0          0s


PODS UPDATE: seldon          image-default-explainer-5dbfd47b44-c7mw6                  0/1     Pending                0          0s


PODS UPDATE: seldon          image-default-0-transformer-classifier-7544b874b4-tgbl8   0/4     Init:0/1               0          0s


PODS UPDATE: seldon          image-default-explainer-5dbfd47b44-c7mw6                  0/1     Init:0/1               0          0s


PODS UPDATE: seldon          image-default-explainer-5dbfd47b44-c7mw6                  0/1     Init:0/1               0          3s


PODS UPDATE: seldon          image-default-0-transformer-classifier-7544b874b4-tgbl8   0/4     Init:0/1               0          3s


PODS UPDATE: seldon          movie-default-0-classifier-7768657584-sj728               0/2     Terminating            0          2m16s


PODS UPDATE: seldon          movie-default-0-classifier-7768657584-sj728               0/2     Terminating            0          2m17s


PODS UPDATE: seldon          movie-default-0-classifier-7768657584-sj728               0/2     Terminating            0          2m17s


PODS UPDATE: seldon          image-default-explainer-5dbfd47b44-c7mw6                  0/1     PodInitializing        0          10s


PODS UPDATE: seldon          image-default-0-transformer-classifier-7544b874b4-tgbl8   0/4     PodInitializing        0          12s


PODS UPDATE: seldon          image-default-explainer-5dbfd47b44-c7mw6                  0/1     Running                0          12s


PODS UPDATE: seldon          image-default-0-transformer-classifier-7544b874b4-tgbl8   1/4     Running                0          16s


PODS UPDATE: seldon          movie-default-explainer-79d597596d-ldpb8                  0/1     Terminating            0          2m24s


PODS UPDATE: seldon          movie-default-explainer-79d597596d-ldpb8                  0/1     Terminating            0          2m24s


PODS UPDATE: seldon          movie-default-explainer-79d597596d-ldpb8                  0/1     Terminating            0          2m25s


PODS UPDATE: seldon          movie-default-explainer-79d597596d-ldpb8                  0/1     Terminating            0          2m25s


PODS UPDATE: seldon          image-default-explainer-5dbfd47b44-c7mw6                  1/1     Running                0          32s


PODS UPDATE: seldon          image-default-0-transformer-classifier-7544b874b4-tgbl8   2/4     Running                0          36s


PODS UPDATE: seldon          image-default-0-transformer-classifier-7544b874b4-tgbl8   3/4     Running                0          36s


PODS UPDATE: seldon          image-default-0-transformer-classifier-7544b874b4-tgbl8   4/4     Running                0          38s


PODS UPDATE: seldon          image-default-0-transformer-classifier-7544b874b4-tgbl8   4/4     Terminating            0          68s


PODS UPDATE: seldon          image-default-explainer-5dbfd47b44-c7mw6                  1/1     Terminating            0          68s


PODS UPDATE: seldon          mymodel-default-0-model-55678c8c55-45dtr                  0/2     Pending                0          0s


PODS UPDATE: seldon          mymodel-default-0-model-55678c8c55-45dtr                  0/2     Pending                0          0s


PODS UPDATE: seldon          mymodel-default-0-model-55678c8c55-45dtr                  0/2     ContainerCreating      0          1s


PODS UPDATE: seldon          mymodel-default-0-model-55678c8c55-45dtr                  0/2     Running                0          2s


PODS UPDATE: seldon          image-default-0-transformer-classifier-7544b874b4-tgbl8   3/4     Terminating            0          81s


PODS UPDATE: seldon          image-default-explainer-5dbfd47b44-c7mw6                  0/1     Terminating            0          90s


PODS UPDATE: seldon          image-default-0-transformer-classifier-7544b874b4-tgbl8   0/4     Terminating            0          90s


PODS UPDATE: seldon          mymodel-default-0-model-55678c8c55-45dtr                  1/2     Running                0          22s


PODS UPDATE: seldon          mymodel-default-0-model-55678c8c55-45dtr                  2/2     Running                0          23s


PODS UPDATE: seldon          image-default-explainer-5dbfd47b44-c7mw6                  0/1     Terminating            0          98s


PODS UPDATE: seldon          image-default-explainer-5dbfd47b44-c7mw6                  0/1     Terminating            0          98s


PODS UPDATE: seldon          image-default-0-transformer-classifier-7544b874b4-tgbl8   0/4     Terminating            0          98s


PODS UPDATE: seldon          image-default-0-transformer-classifier-7544b874b4-tgbl8   0/4     Terminating            0          98s


PODS UPDATE: seldon          mymodel-default-0-model-55678c8c55-45dtr                  2/2     Terminating            0          43s


PODS UPDATE: seldon          myabtest-default-1-classifier-2-6f6f597cb9-sg5hb          0/1     Pending                0          0s


PODS UPDATE: seldon          myabtest-default-0-classifier-1-6469d95bbc-rv4vt          0/2     Pending                0          0s


PODS UPDATE: seldon          myabtest-default-1-classifier-2-6f6f597cb9-sg5hb          0/1     Pending                0          0s


PODS UPDATE: seldon          myabtest-default-0-classifier-1-6469d95bbc-rv4vt          0/2     Pending                0          0s


PODS UPDATE: seldon          myabtest-default-1-classifier-2-6f6f597cb9-sg5hb          0/1     ContainerCreating      0          0s


PODS UPDATE: seldon          myabtest-default-0-classifier-1-6469d95bbc-rv4vt          0/2     ContainerCreating      0          0s


PODS UPDATE: seldon          myabtest-default-1-classifier-2-6f6f597cb9-sg5hb          0/1     Running                0          4s


PODS UPDATE: seldon          mymodel-default-0-model-55678c8c55-45dtr                  1/2     Terminating            0          53s


PODS UPDATE: seldon          myabtest-default-0-classifier-1-6469d95bbc-rv4vt          0/2     Running                0          8s


PODS UPDATE: seldon          mymodel-default-0-model-55678c8c55-45dtr                  0/2     Terminating            0          65s


PODS UPDATE: seldon          myabtest-default-1-classifier-2-6f6f597cb9-sg5hb          1/1     Running                0          24s


PODS UPDATE: seldon          myabtest-default-0-classifier-1-6469d95bbc-rv4vt          1/2     Running                0          26s


PODS UPDATE: seldon          mymodel-default-0-model-55678c8c55-45dtr                  0/2     Terminating            0          76s


PODS UPDATE: seldon          mymodel-default-0-model-55678c8c55-45dtr                  0/2     Terminating            0          76s


PODS UPDATE: seldon          myabtest-default-0-classifier-1-6469d95bbc-rv4vt          2/2     Running                0          30s


PODS UPDATE: seldon          myabtest-default-0-classifier-1-6469d95bbc-rv4vt          2/2     Terminating            0          46s


PODS UPDATE: seldon          myabtest-default-1-classifier-2-6f6f597cb9-sg5hb          1/1     Terminating            0          46s


PODS UPDATE: seldon          mymab-default-0-classifier-1-6dd47776d9-bk9gb             0/2     Pending                0          0s


PODS UPDATE: seldon          mymab-default-1-classifier-2-5fbb94b6b6-sd7mv             0/1     Pending                0          0s


PODS UPDATE: seldon          mymab-default-0-classifier-1-6dd47776d9-bk9gb             0/2     Pending                0          0s


PODS UPDATE: seldon          mymab-default-1-classifier-2-5fbb94b6b6-sd7mv             0/1     Pending                0          0s


PODS UPDATE: seldon          mymab-default-2-eg-router-7944df495c-fccfg                0/1     Pending                0          0s


PODS UPDATE: seldon          mymab-default-2-eg-router-7944df495c-fccfg                0/1     Pending                0          0s


PODS UPDATE: seldon          mymab-default-0-classifier-1-6dd47776d9-bk9gb             0/2     ContainerCreating      0          0s


PODS UPDATE: seldon          mymab-default-1-classifier-2-5fbb94b6b6-sd7mv             0/1     ContainerCreating      0          0s


PODS UPDATE: seldon          mymab-default-2-eg-router-7944df495c-fccfg                0/1     ContainerCreating      0          0s


PODS UPDATE: seldon          mymab-default-2-eg-router-7944df495c-fccfg                0/1     Running                0          8s


PODS UPDATE: seldon          mymab-default-1-classifier-2-5fbb94b6b6-sd7mv             0/1     Running                0          8s


PODS UPDATE: seldon          myabtest-default-0-classifier-1-6469d95bbc-rv4vt          1/2     Terminating            0          60s


PODS UPDATE: seldon          mymab-default-0-classifier-1-6dd47776d9-bk9gb             0/2     Running                0          12s


PODS UPDATE: seldon          myabtest-default-1-classifier-2-6f6f597cb9-sg5hb          0/1     Terminating            0          70s


PODS UPDATE: seldon          myabtest-default-0-classifier-1-6469d95bbc-rv4vt          0/2     Terminating            0          71s


PODS UPDATE: seldon          myabtest-default-0-classifier-1-6469d95bbc-rv4vt          0/2     Terminating            0          71s


PODS UPDATE: seldon          myabtest-default-1-classifier-2-6f6f597cb9-sg5hb          0/1     Terminating            0          71s


PODS UPDATE: seldon          myabtest-default-1-classifier-2-6f6f597cb9-sg5hb          0/1     Terminating            0          71s


PODS UPDATE: seldon          myabtest-default-0-classifier-1-6469d95bbc-rv4vt          0/2     Terminating            0          79s


PODS UPDATE: seldon          myabtest-default-0-classifier-1-6469d95bbc-rv4vt          0/2     Terminating            0          79s


PODS UPDATE: seldon          mymab-default-1-classifier-2-5fbb94b6b6-sd7mv             1/1     Running                0          28s


PODS UPDATE: seldon          mymab-default-0-classifier-1-6PASSED
test_notebooks.py::TestNotebooks::test_max_grpc_msg_size [NbConvertApp] Converting notebook ../../notebooks/max_grpc_msg_size.ipynb to script
[NbConvertApp] Writing 6684 bytes to ../../notebooks/max_grpc_msg_size.py
dd47776d9-bk9gb             1/2     Running                0          31s


PODS UPDATE: seldon          mymab-default-2-eg-router-7944df495c-fccfg                1/1     Running                0          31s


PODS UPDATE: seldon          mymab-default-0-classifier-1-6dd47776d9-bk9gb             2/2     Running                0          35s


PODS UPDATE: seldon          mymab-default-2-eg-router-7944df495c-fccfg                1/1     Terminating            0          52s


PODS UPDATE: seldon          mymab-default-1-classifier-2-5fbb94b6b6-sd7mv             1/1     Terminating            0          52s


PODS UPDATE: seldon          mymab-default-0-classifier-1-6dd47776d9-bk9gb             2/2     Terminating            0          52s


PODS UPDATE: seldon          iris-default-0-iris-default-7495f9fb9d-5qv94              0/2     Pending                0          0s


PODS UPDATE: seldon          iris-shadow-0-iris-shadow-68c4cd5494-mdw6k                0/2     Pending                0          0s


PODS UPDATE: seldon          iris-default-0-iris-default-7495f9fb9d-5qv94              0/2     Pending                0          0s


PODS UPDATE: seldon          iris-shadow-0-iris-shadow-68c4cd5494-mdw6k                0/2     Pending                0          0s


PODS UPDATE: seldon          iris-default-0-iris-default-7495f9fb9d-5qv94              0/2     Init:0/1               0          0s


PODS UPDATE: seldon          iris-shadow-0-iris-shadow-68c4cd5494-mdw6k                0/2     Init:0/1               0          0s


PODS UPDATE: seldon          iris-default-0-iris-default-7495f9fb9d-5qv94              0/2     Init:0/1               0          3s


PODS UPDATE: seldon          iris-shadow-0-iris-shadow-68c4cd5494-mdw6k                0/2     Init:0/1               0          3s


PODS UPDATE: seldon          mymab-default-0-classifier-1-6dd47776d9-bk9gb             1/2     Terminating            0          65s


PODS UPDATE: seldon          iris-default-0-iris-default-7495f9fb9d-5qv94              0/2     PodInitializing        0          6s


PODS UPDATE: seldon          iris-shadow-0-iris-shadow-68c4cd5494-mdw6k                0/2     PodInitializing        0          6s


PODS UPDATE: seldon          iris-default-0-iris-default-7495f9fb9d-5qv94              0/2     Running                0          8s


PODS UPDATE: seldon          iris-shadow-0-iris-shadow-68c4cd5494-mdw6k                0/2     Running                0          8s


PODS UPDATE: seldon          mymab-default-0-classifier-1-6dd47776d9-bk9gb             0/2     Terminating            0          86s


PODS UPDATE: seldon          mymab-default-2-eg-router-7944df495c-fccfg                0/1     Terminating            0          86s


PODS UPDATE: seldon          iris-shadow-0-iris-shadow-68c4cd5494-mdw6k                1/2     Running                0          28s


PODS UPDATE: seldon          iris-shadow-0-iris-shadow-68c4cd5494-mdw6k                2/2     Running                0          29s


PODS UPDATE: seldon          mymab-default-1-classifier-2-5fbb94b6b6-sd7mv             0/1     Terminating            0          88s


PODS UPDATE: seldon          iris-default-0-iris-default-7495f9fb9d-5qv94              1/2     Running                0          30s


PODS UPDATE: seldon          iris-default-0-iris-default-7495f9fb9d-5qv94              2/2     Running                0          30s


PODS UPDATE: seldon          mymab-default-1-classifier-2-5fbb94b6b6-sd7mv             0/1     Terminating            0          93s


PODS UPDATE: seldon          mymab-default-0-classifier-1-6dd47776d9-bk9gb             0/2     Terminating            0          93s


PODS UPDATE: seldon          mymab-default-2-eg-router-7944df495c-fccfg                0/1     Terminating            0          94s


PODS UPDATE: seldon          mymab-default-1-classifier-2-5fbb94b6b6-sd7mv             0/1     Terminating            0          97s


PODS UPDATE: seldon          mymab-default-1-classifier-2-5fbb94b6b6-sd7mv             0/1     Terminating           PASSED
test_notebooks.py::TestNotebooks::test_multiple_operators [NbConvertApp] Converting notebook ../../notebooks/multiple_operators.ipynb to script
[NbConvertApp] Writing 4257 bytes to ../../notebooks/multiple_operators.py
 0          97s


PODS UPDATE: seldon          mymab-default-0-classifier-1-6dd47776d9-bk9gb             0/2     Terminating            0          97s


PODS UPDATE: seldon          mymab-default-0-classifier-1-6dd47776d9-bk9gb             0/2     Terminating            0          97s


PODS UPDATE: seldon          iris-default-0-iris-default-7495f9fb9d-5qv94              2/2     Terminating            0          46s


PODS UPDATE: seldon          iris-shadow-0-iris-shadow-68c4cd5494-mdw6k                2/2     Terminating            0          46s


PODS UPDATE: seldon          mymab-default-2-eg-router-7944df495c-fccfg                0/1     Terminating            0          107s


PODS UPDATE: seldon          mymab-default-2-eg-router-7944df495c-fccfg                0/1     Terminating            0          107s


PODS UPDATE: seldon          model-long-timeout-test-0-classifier-76b9c58c74-ngxk8     0/2     Pending                0          0s


PODS UPDATE: seldon          model-long-timeout-test-0-classifier-76b9c58c74-ngxk8     0/2     Pending                0          0s


PODS UPDATE: seldon          model-long-timeout-test-0-classifier-76b9c58c74-ngxk8     0/2     ContainerCreating      0          0s


PODS UPDATE: seldon          iris-shadow-0-iris-shadow-68c4cd5494-mdw6k                1/2     Terminating            0          58s


PODS UPDATE: seldon          iris-default-0-iris-default-7495f9fb9d-5qv94              1/2     Terminating            0          60s


PODS UPDATE: seldon          iris-default-0-iris-default-7495f9fb9d-5qv94              0/2     Terminating            0          61s


PODS UPDATE: seldon          iris-default-0-iris-default-7495f9fb9d-5qv94              0/2     Terminating            0          61s


PODS UPDATE: seldon          iris-shadow-0-iris-shadow-68c4cd5494-mdw6k                0/2     Terminating            0          61s


PODS UPDATE: seldon          iris-shadow-0-iris-shadow-68c4cd5494-mdw6k                0/2     Terminating            0          62s


PODS UPDATE: seldon          iris-shadow-0-iris-shadow-68c4cd5494-mdw6k                0/2     Terminating            0          62s


PODS UPDATE: seldon          iris-shadow-0-iris-shadow-68c4cd5494-mdw6k                0/2     Terminating            0          62s


PODS UPDATE: seldon          iris-default-0-iris-default-7495f9fb9d-5qv94              0/2     Terminating            0          62s


PODS UPDATE: seldon          iris-default-0-iris-default-7495f9fb9d-5qv94              0/2     Terminating            0          62s


PODS UPDATE: seldon          model-long-timeout-test-0-classifier-76b9c58c74-ngxk8     0/2     Running                0          68s


PODS UPDATE: seldon          model-long-timeout-test-0-classifier-76b9c58c74-ngxk8     1/2     Running                0          88s


PODS UPDATE: seldon          model-long-timeout-test-0-classifier-76b9c58c74-ngxk8     2/2     Running                0          89s


PODS UPDATE: seldon          model-long-timeout-test-0-classifier-76b9c58c74-ngxk8     2/2     Terminating            0          107s


PODS UPDATE: seldon          seldon-model-grpc-size-0-classifier-5645ffdcc8-j2dp2      0/2     Pending                0          0s


PODS UPDATE: seldon          seldon-model-grpc-size-0-classifier-5645ffdcc8-j2dp2      0/2     Pending                0          0s


PODS UPDATE: seldon          seldon-model-grpc-size-0-classifier-5645ffdcc8-j2dp2      0/2     ContainerCreating      0          0s


PODS UPDATE: seldon          seldon-model-grpc-size-0-classifier-5645ffdcc8-j2dp2      0/2     Running                0          2s


PODS UPDATE: seldon          model-long-timeout-test-0-classifier-76b9c58c74-ngxk8     1/2     Terminating            0          118s


PODS UPDATE: seldon          model-long-timeout-test-0-classifier-76b9c58c74-ngxk8     0/2     Terminating            0          2m12s


PODS UPDATE: seldon          seldon-model-grpc-size-0-classifier-5645ffdcc8-j2dp2      1/2     Running                0          23s


PODS UPDATE: seldon          PASSED
test_notebooks.py::TestNotebooks::test_protocol_examples [NbConvertApp] Converting notebook ../../notebooks/protocol_examples.ipynb to script
[NbConvertApp] Writing 12669 bytes to ../../notebooks/protocol_examples.py
seldon-model-grpc-size-0-classifier-5645ffdcc8-j2dp2      2/2     Running                0          23s


PODS UPDATE: seldon          model-long-timeout-test-0-classifier-76b9c58c74-ngxk8     0/2     Terminating            0          2m24s


PODS UPDATE: seldon          model-long-timeout-test-0-classifier-76b9c58c74-ngxk8     0/2     Terminating            0          2m24s


PODS UPDATE: seldon          seldon-model-grpc-size-0-classifier-5645ffdcc8-j2dp2      2/2     Terminating            0          58s


PODS UPDATE: seldon-ns1      seldon-controller-manager-5c4cc97ffd-wgkkz                0/1     Pending                0          0s


PODS UPDATE: seldon-ns1      seldon-controller-manager-5c4cc97ffd-wgkkz                0/1     Pending                0          0s


PODS UPDATE: seldon-ns1      seldon-controller-manager-5c4cc97ffd-wgkkz                0/1     ContainerCreating      0          0s


PODS UPDATE: seldon          seldon-model-grpc-size-0-classifier-5645ffdcc8-j2dp2      1/2     Terminating            0          68s


PODS UPDATE: seldon-ns1      seldon-controller-manager-5c4cc97ffd-wgkkz                1/1     Running                0          4s


PODS UPDATE: seldon          seldon-model-grpc-size-0-classifier-5645ffdcc8-j2dp2      0/2     Terminating            0          88s


PODS UPDATE: seldon          seldon-model-grpc-size-0-classifier-5645ffdcc8-j2dp2      0/2     Terminating            0          91s


PODS UPDATE: seldon          seldon-model-grpc-size-0-classifier-5645ffdcc8-j2dp2      0/2     Terminating            0          91s


PODS UPDATE: seldon          seldon-model-grpc-size-0-classifier-5645ffdcc8-j2dp2      0/2     Terminating            0          102s


PODS UPDATE: seldon          seldon-model-grpc-size-0-classifier-5645ffdcc8-j2dp2      0/2     Terminating            0          102s


PODS UPDATE: seldon-ns1      seldon-controller-manager-5c4cc97ffd-wgkkz                1/1     Terminating            0          67s


PODS UPDATE: seldon-id1      seldon-controller-manager-6fbfc787b-r9mt2                 0/1     Pending                0          0s


PODS UPDATE: seldon-id1      seldon-controller-manager-6fbfc787b-r9mt2                 0/1     Pending                0          0s


PODS UPDATE: seldon-id1      seldon-controller-manager-6fbfc787b-r9mt2                 0/1     ContainerCreating      0          0s


PODS UPDATE: seldon-ns1      seldon-controller-manager-5c4cc97ffd-wgkkz                0/1     Terminating            0          80s


PODS UPDATE: seldon-ns1      seldon-controller-manager-5c4cc97ffd-wgkkz                0/1     Terminating            0          84s


PODS UPDATE: seldon-ns1      seldon-controller-manager-5c4cc97ffd-wgkkz                0/1     Terminating            0          84s


PODS UPDATE: seldon-id1      seldon-controller-manager-6fbfc787b-r9mt2                 1/1     Running                0          5s


PODS UPDATE: default         test-c1-example-0-classifier-6f989446bd-5ng6l             0/2     Pending                0          0s


PODS UPDATE: default         test-c1-example-0-classifier-6f989446bd-5ng6l             0/2     Pending                0          0s


PODS UPDATE: default         test-c1-example-0-classifier-6f989446bd-5ng6l             0/2     ContainerCreating      0          0s


PODS UPDATE: default         test-c1-example-0-classifier-6f989446bd-5ng6l             0/2     Running                0          39s


PODS UPDATE: default         test-c1-example-0-classifier-6f989446bd-5ng6l             1/2     Running                0          60s


PODS UPDATE: default         test-c1-example-0-classifier-6f989446bd-5ng6l             2/2     Running                0          62s


PODS UPDATE: default         test-c1-example-0-classifier-6f989446bd-5ng6l             2/2     Terminating            0          78s


PODS UPDATE: default         test-c1-example-0-classifier-6f989446bd-5ng6l             0/2     Terminating            0          81s


PODS UPDATE: default         test-c1-example-0-classifier-6f989446bd-5ng6l             0/2     Terminating            0          81s


PODS UPDATE: default         test-c1-example-0-classifier-6f989446bd-5ng6l             0/2     Terminating            0          91s


PODS UPDATE: default         test-c1-example-0-classifier-6f989446bd-5ng6l             0/2     Terminating            0          91s


PODS UPDATE: seldon-id1      seldon-controller-manager-6fbfc787b-r9mt2                 1/1     Terminating            0          117s


PODS UPDATE: seldon-id1      seldon-controller-manager-6fbfc787b-r9mt2                 0/1     Terminating            0          118s


PODS UPDATE: seldon-id1      seldon-controller-manager-6fbfc787b-r9mt2                 0/1     Terminating            0          2m4s


PODS UPDATE: seldon-id1      seldon-controller-manager-6fbfc787b-r9mt2                 0/1     Terminating            0          2m4s


PODS UPDATE: seldon          rest-seldon-model-0-classifier-69f48756fd-nggm2           0/2     Pending                0          0s


PODS UPDATE: seldon          rest-seldon-model-0-classifier-69f48756fd-nggm2           0/2     Pending                0          0s


PODS UPDATE: seldon          rest-seldon-model-0-classifier-69f48756fd-nggm2           0/2     ContainerCreating      0          0s


PODS UPDATE: seldon          rest-seldon-model-0-classifier-69f48756fd-nggm2           0/2     Running                0          3s


PODS UPDATE: seldon          rest-seldon-model-0-classifier-69f48756fd-nggm2           1/2     Running                0          25s


PODS UPDATE: seldon          rest-seldon-model-0-classifier-69f48756fd-nggm2           2/2     Running                0          27s


PODS UPDATE: seldon          rest-seldon-model-0-classifier-69f48756fd-nggm2           2/2     Terminating            0          44s


PODS UPDATE: seldon          grpc-seldon-model-0-classifier-54cc67f655-2ckm8           0/2     Pending                0          0s


PODS UPDATE: seldon          grpc-seldon-model-0-classifier-54cc67f655-2ckm8           0/2     Pending                0          0s


PODS UPDATE: seldon          grpc-seldon-model-0-classifier-54cc67f655-2ckm8           0/2     ContainerCreating      0          0s


PODS UPDATE: seldon          grpc-seldon-model-0-classifier-54cc67f655-2ckm8           0/2     Running                0          2s


PODS UPDATE: seldon          rest-seldon-model-0-classifier-69f48756fd-nggm2           1/2     Terminating            0          57s


PODS UPDATE: seldon          rest-seldon-model-0-classifier-69f48756fd-nggm2           0/2     Terminating            0          64s


PODS UPDATE: seldon          rest-seldon-model-0-classifier-69f48756fd-nggm2           0/2     Terminating            0          65s


PODS UPDATE: seldon          rest-seldon-model-0-classifier-69f48756fd-nggm2           0/2     Terminating            0          70s


PODS UPDATE: seldon          rest-seldon-model-0-classifier-69f48756fd-nggm2           0/2     Terminating            0          70s


PODS UPDATE: seldon          grpc-seldon-model-0-classifier-54cc67f655-2ckm8           1/2     Running                0          23s


PODS UPDATE: seldon          grpc-seldon-model-0-classifier-54cc67f655-2ckm8           2/2     Running                0          24s


PODS UPDATE: seldon          grpc-seldon-model-0-classifier-54cc67f655-2ckm8           2/2     Terminating            0          40s


PODS UPDATE: seldon          rest-tfserving-model-0-halfplustwo-6798749d8f-6h4lt       0/2     Pending                0          0s


PODS UPDATE: seldon          rest-tfserving-model-0-halfplustwo-6798749d8f-6h4lt       0/2     Pending                0          0s


PODS UPDATE: seldon          rest-tfserving-model-0-halfplustwo-6798749d8f-6h4lt       0/2     ContainerCreating      0          0s


PODS UPDATE: seldon          grpc-seldon-model-0-classifier-54cc67f655-2ckm8           1/2     Terminating            0          53s


PODS UPDATE: seldon          grpc-seldon-model-0-classifier-54cc67f655-2ckm8           0/2     Terminating            0          62s


PODS UPDATE: seldon          rest-tfserving-model-0-halfplustwo-6798749d8f-6h4lt       0/2     Running                0          19s


PODS UPDATE: seldon          grpc-seldon-model-0-classifier-54cc67f655-2ckm8           0/2     Terminating            0          72s


PODS UPDATE: seldon          grpc-seldon-model-0-classifier-54cc67f655-2ckm8           0/2     Terminating            0          72s


PODS UPDATE: seldon          rest-tfserving-model-0-halfplustwo-6798749d8f-6h4lt       1/2     Running                0          37s


PODS UPDATE: seldon          rest-tfserving-model-0-halfplustwo-6798749d8f-6h4lt       2/2     Running                0          39s


PODS UPDATE: seldon          rest-tfserving-model-0-halfplustwo-6798749d8f-6h4lt       2/2     Terminating            0          54s


PODS UPDATE: seldon          grpc-tfserving-model-0-halfplustwo-57fdc8b89f-mdz9v       0/2     Pending                0          0s


PODS UPDATE: seldon          grpc-tfserving-model-0-halfplustwo-57fdc8b89f-mdz9v       0/2     Pending                0          0s


PODS UPDATE: seldon          grpc-tfserving-model-0-halfplustwo-57fdc8b89f-mdz9v       0/2     ContainerCreating      0          0s


PODS UPDATE: seldon          grpc-tfserving-model-0-halfplustwo-57fdc8b89f-mdz9v       0/2     Running                0          7s


PODS UPDATE: seldon          rest-tfserving-model-0-halfplustwo-6798749d8f-6h4lt       1/2     Terminating            0          69s

PASSED
test_notebooks.py::TestNotebooks::test_server_examples [NbConvertApp] Converting notebook ../../notebooks/server_examples.ipynb to script
[NbConvertApp] Writing 14682 bytes to ../../notebooks/server_examples.py
PASSED
test_notebooks.py::TestNotebooks::test_rolling_updates [NbConvertApp] Converting notebook ../../notebooks/rolling_updates.ipynb to script
[NbConvertApp] Writing 25670 bytes to ../../notebooks/rolling_updates.py
PASSED
test_notebooks.py::TestNotebooks::test_ambassador_canary [NbConvertApp] Converting notebook ../../examples/ambassador/canary/ambassador_canary.ipynb to script
[NbConvertApp] Writing 3332 bytes to ../../examples/ambassador/canary/ambassador_canary.py
PASSED
test_notebooks.py::TestNotebooks::test_ambassador_headers [NbConvertApp] Converting notebook ../../examples/ambassador/headers/ambassador_headers.ipynb to script
[NbConvertApp] Writing 3974 bytes to ../../examples/ambassador/headers/ambassador_headers.py
PASSED
test_notebooks.py::TestNotebooks::test_ambassador_shadow [NbConvertApp] Converting notebook ../../examples/ambassador/shadow/ambassador_shadow.ipynb to script
[NbConvertApp] Writing 3611 bytes to ../../examples/ambassador/shadow/ambassador_shadow.py
PASSED
test_notebooks.py::TestNotebooks::test_ambassador_custom [NbConvertApp] Converting notebook ../../examples/ambassador/custom/ambassador_custom.ipynb to script
[NbConvertApp] Writing 2537 bytes to ../../examples/ambassador/custom/ambassador_custom.py
PASSED
test_notebooks.py::TestNotebooks::test_istio_canary [NbConvertApp] Converting notebook ../../examples/istio/canary_update/canary.ipynb to script
[NbConvertApp] Writing 6859 bytes to ../../examples/istio/canary_update/canary.py
PASSED
test_notebooks.py::TestNotebooks::test_keda_prom_auto_scale [NbConvertApp] Converting notebook ../../examples/keda/keda_prom_auto_scale.ipynb to script
[NbConvertApp] Writing 4690 bytes to ../../examples/keda/keda_prom_auto_scale.py
seldondeployment.machinelearning.seldon.io "seldon-model" deleted
[NbConvertApp] Converting notebook ../../examples/keda/keda_prom_auto_scale.ipynb to script
[NbConvertApp] Writing 4690 bytes to ../../examples/keda/keda_prom_auto_scale.py
seldondeployment.machinelearning.seldon.io "seldon-model" deleted
FAILED
test_notebooks.py::TestNotebooks::test_tracing [NbConvertApp] Converting notebook ../../examples/models/tracing/tracing.ipynb to script
[NbConvertApp] Writing 4792 bytes to ../../examples/models/tracing/tracing.py
PASSED
test_notebooks.py::TestNotebooks::test_metrics [NbConvertApp] Converting notebook ../../examples/models/metrics/metrics.ipynb to script
[NbConvertApp] Writing 7647 bytes to ../../examples/models/metrics/metrics.py
PASSED
test_notebooks.py::TestNotebooks::test_metadata [NbConvertApp] Converting notebook ../../examples/models/metadata/metadata.ipynb to script
[NbConvertApp] Writing 10406 bytes to ../../examples/models/metadata/metadata.py
PASSED
test_notebooks.py::TestNotebooks::test_graph_metadata [NbConvertApp] Converting notebook ../../examples/models/metadata/graph_metadata.ipynb to script
[NbConvertApp] Writing 25780 bytes to ../../examples/models/metadata/graph_metadata.py
PASSED
test_notebooks.py::TestNotebooks::test_grpc_metadata [NbConvertApp] Converting notebook ../../examples/models/metadata/metadata_grpc.ipynb to script
[NbConvertApp] Writing 3860 bytes to ../../examples/models/metadata/metadata_grpc.py
PASSED
test_notebooks.py::TestNotebooks::test_payload_logging [NbConvertApp] Converting notebook ../../examples/models/payload_logging/payload_logging.ipynb to script
[NbConvertApp] Writing 2868 bytes to ../../examples/models/payload_logging/payload_logging.py
PASSED
test_notebooks.py::TestNotebooks::test_custom_metrics [NbConvertApp] Converting notebook ../../examples/models/custom_metrics/customMetrics.ipynb to script
[NbConvertApp] Writing 4240 bytes to ../../examples/models/custom_metrics/customMetrics.py
seldondeployment.machinelearning.seldon.io "seldon-model" deleted
release "seldon-core-analytics" uninstalled
[NbConvertApp] Converting notebook ../../examples/models/custom_metrics/customMetrics.ipynb to script
[NbConvertApp] Writing 4240 bytes to ../../examples/models/custom_metrics/customMetrics.py
seldondeployment.machinelearning.seldon.io "seldon-model" deleted
release "seldon-core-analytics" uninstalled
FAILED
test_notebooks.py::TestNotebooks::test_autoscaling [NbConvertApp] Converting notebook ../../examples/models/autoscaling/autoscaling_example.ipynb to script
[NbConvertApp] Writing 3973 bytes to ../../examples/models/autoscaling/autoscaling_example.py
PASSED
test_notebooks.py::TestNotebooks::test_scaling [NbConvertApp] Converting notebook ../../notebooks/scale.ipynb to script
[NbConvertApp] Writing 6495 bytes to ../../notebooks/scale.py
PASSED
test_notebooks.py::TestNotebooks::test_jsondata [NbConvertApp] Converting notebook ../../examples/models/sklearn_iris_jsondata/sklearn_iris_jsondata.ipynb to script
[NbConvertApp] Writing 5567 bytes to ../../examples/models/sklearn_iris_jsondata/sklearn_iris_jsondata.py
PASSED
test_notebooks.py::TestNotebooks::test_sklearn_iris [NbConvertApp] Converting notebook ../../examples/models/sklearn_iris/sklearn_iris.ipynb to script
[NbConvertApp] Writing 4831 bytes to ../../examples/models/sklearn_iris/sklearn_iris.py
PASSED
test_notebooks.py::TestNotebooks::test_custom_metrics_server [NbConvertApp] Converting notebook ../../examples/feedback/metrics-server/README.ipynb to script
[NbConvertApp] Writing 7904 bytes to ../../examples/feedback/metrics-server/README.py
PASSED
test_notebooks.py::TestNotebooks::test_upgrade [NbConvertApp] Converting notebook ../../notebooks/operator_upgrade.ipynb to script
[NbConvertApp] Writing 7062 bytes to ../../notebooks/operator_upgrade.py
PASSED
test_notebooks.py::TestNotebooks::test_disruption_budgets [NbConvertApp] Converting notebook ../../examples/models/disruption_budgets/pdbs_example.ipynb to script
[NbConvertApp] Writing 3165 bytes to ../../examples/models/disruption_budgets/pdbs_example.py
PASSED

=================================== FAILURES ===================================
____________________ TestNotebooks.test_explainer_examples _____________________

self = <test_notebooks.TestNotebooks object at 0x7fecf7d36e80>

    def test_explainer_examples(self):
>       create_and_run_script("../../notebooks", "explainer_examples")

test_notebooks.py:42: 
_ _ _ _ _ _ _ _ _ _ _ _ _ _ _ _ _ _ _ _ _ _ _ _ _ _ _ _ _ _ _ _ _ _ _ _ _ _ _ _ 
test_notebooks.py:27: in create_and_run_script
    raise e
test_notebooks.py:20: in create_and_run_script
    encoding="utf-8",
_ _ _ _ _ _ _ _ _ _ _ _ _ _ _ _ _ _ _ _ _ _ _ _ _ _ _ _ _ _ _ _ _ _ _ _ _ _ _ _ 

input = None, timeout = None, check = True
popenargs = ('cd ../../notebooks && ./explainer_examples.py',)
kwargs = {'encoding': 'utf-8', 'shell': True, 'stderr': -1, 'stdout': -1}
process = <subprocess.Popen object at 0x7fecf7d36f60>
stdout = 'Context "kind-kind" modified.\nseldondeployment.machinelearning.seldon.io/income created\nWaiting for deployment "inc...1;32m    457\x1b[0m \x1b[0;34m\x1b[0m\x1b[0m\n\n\x1b[0;31mTypeError\x1b[0m: \'Response\' object is not subscriptable\n'
stderr = 'Error from server (AlreadyExists): namespaces "seldon" already exists\n  % Total    % Received % Xferd  Average Speed...es SQLite, your history will not be saved\n  warn("IPython History requires SQLite, your history will not be saved")\n'
retcode = 1

    def run(*popenargs, input=None, timeout=None, check=False, **kwargs):
        """Run command with arguments and return a CompletedProcess instance.
    
        The returned instance will have attributes args, returncode, stdout and
        stderr. By default, stdout and stderr are not captured, and those attributes
        will be None. Pass stdout=PIPE and/or stderr=PIPE in order to capture them.
    
        If check is True and the exit code was non-zero, it raises a
        CalledProcessError. The CalledProcessError object will have the return code
        in the returncode attribute, and output & stderr attributes if those streams
        were captured.
    
        If timeout is given, and the process takes too long, a TimeoutExpired
        exception will be raised.
    
        There is an optional argument "input", allowing you to
        pass a string to the subprocess's stdin.  If you use this argument
        you may not also use the Popen constructor's "stdin" argument, as
        it will be used internally.
    
        The other arguments are the same as for the Popen constructor.
    
        If universal_newlines=True is passed, the "input" argument must be a
        string and stdout/stderr in the returned object will be strings rather than
        bytes.
        """
        if input is not None:
            if 'stdin' in kwargs:
                raise ValueError('stdin and input arguments may not both be used.')
            kwargs['stdin'] = PIPE
    
        with Popen(*popenargs, **kwargs) as process:
            try:
                stdout, stderr = process.communicate(input, timeout=timeout)
            except TimeoutExpired:
                process.kill()
                stdout, stderr = process.communicate()
                raise TimeoutExpired(process.args, timeout, output=stdout,
                                     stderr=stderr)
            except:
                process.kill()
                process.wait()
                raise
            retcode = process.poll()
            if check and retcode:
                raise CalledProcessError(retcode, process.args,
>                                        output=stdout, stderr=stderr)
E               subprocess.CalledProcessError: Command 'cd ../../notebooks && ./explainer_examples.py' returned non-zero exit status 1.

/usr/local/lib/python3.6/subprocess.py:438: CalledProcessError
------------------------------ Captured log call -------------------------------
ERROR    root:test_notebooks.py:24 failed notebook test explainer_examples stdout:Context "kind-kind" modified.
seldondeployment.machinelearning.seldon.io/income created
Waiting for deployment "income-default-0-classifier" rollout to finish: 0 of 1 updated replicas are available...
deployment "income-default-0-classifier" successfully rolled out
deployment "income-default-explainer" successfully rolled out
{"data":{"names":["t:0","t:1"],"ndarray":[[0.8585304277244477,0.14146957227555243]]},"meta":{}}
[
  "Marital Status = Separated",
  "Capital Gain <= 0.00"
]
seldondeployment.machinelearning.seldon.io "income" deleted
seldondeployment.machinelearning.seldon.io/movie created
Waiting for deployment "movie-default-0-classifier" rollout to finish: 0 of 1 updated replicas are available...
deployment "movie-default-0-classifier" successfully rolled out
deployment "movie-default-explainer" successfully rolled out
{"data":{"names":["t:0","t:1"],"ndarray":[[0.21266916924914636,0.7873308307508536]]},"meta":{}}
[
  "emotionally",
  "vapid"
]
seldondeployment.machinelearning.seldon.io "movie" deleted
seldondeployment.machinelearning.seldon.io/image created
Waiting for deployment "image-default-0-transformer-classifier" rollout to finish: 0 of 1 updated replicas are available...
deployment "image-default-0-transformer-classifier" successfully rolled out
deployment "image-default-explainer" successfully rolled out
Writing resources/income_explainer.yaml
{'data': {'names': ['t:0', 't:1'], 'tensor': {'shape': [1, 2], 'values': [0.8585304277244477, 0.14146957227555243]}}, 'meta': {}}
['Marital Status = Never-Married']
Overwriting resources/moviesentiment_explainer.yaml
Success:True message:
Request:
meta {
}
data {
  ndarray {
    values {
      string_value: "this film has great actors"
    }
  }
}

Response:
{'data': {'names': ['t:0', 't:1'], 'ndarray': [[0.21266916924914636, 0.7873308307508536]]}, 'meta': {}}
['emotionally', 'vapid']
Writing resources/imagenet_explainer_grpc.yaml
WARNING:tensorflow:From /workspace/source/python/seldon_core/utils.py:309: The name tf.make_tensor_proto is deprecated. Please use tf.compat.v1.make_tensor_proto instead.

Downloading data from https://storage.googleapis.com/download.tensorflow.org/data/imagenet_class_index.json

 8192/35363 [=====>........................] - ETA: 0s
40960/35363 [==================================] - 0s 0us/step
[0;31m---------------------------------------------------------------------------[0m
[0;31mTypeError[0m                                 Traceback (most recent call last)
[0;32m/workspace/source/notebooks/explainer_examples.py[0m in [0;36m<module>[0;34m[0m
[1;32m    453[0m [0mf[0m[0;34m,[0m [0maxarr[0m [0;34m=[0m [0mplt[0m[0;34m.[0m[0msubplots[0m[0;34m([0m[0;36m1[0m[0;34m,[0m [0;36m2[0m[0;34m)[0m[0;34m[0m[0;34m[0m[0m
[1;32m    454[0m [0maxarr[0m[0;34m[[0m[0;36m0[0m[0;34m][0m[0;34m.[0m[0mimshow[0m[0;34m([0m[0mdata[0m[0;34m[[0m[0;36m0[0m[0;34m][0m[0;34m)[0m[0;34m[0m[0;34m[0m[0m
[0;32m--> 455[0;31m [0maxarr[0m[0;34m[[0m[0;36m1[0m[0;34m][0m[0;34m.[0m[0mimshow[0m[0;34m([0m[0mr[0m[0;34m.[0m[0mresponse[0m[0;34m[[0m[0;34m"data"[0m[0;34m][0m[0;34m[[0m[0;34m"anchor"[0m[0;34m][0m[0;34m)[0m[0;34m[0m[0;34m[0m[0m
[0m[1;32m    456[0m [0mplt[0m[0;34m.[0m[0mshow[0m[0;34m([0m[0;34m)[0m[0;34m[0m[0;34m[0m[0m
[1;32m    457[0m [0;34m[0m[0m

[0;31mTypeError[0m: 'Response' object is not subscriptable
, stderr:Error from server (AlreadyExists): namespaces "seldon" already exists
  % Total    % Received % Xferd  Average Speed   Time    Time     Time  Current
                                 Dload  Upload   Total   Spent    Left  Speed

  0     0    0     0    0     0      0      0 --:--:-- --:--:-- --:--:--     0
100   161  100    96  100    65   6400   4333 --:--:-- --:--:-- --:--:-- 10733
  % Total    % Received % Xferd  Average Speed   Time    Time     Time  Current
                                 Dload  Upload   Total   Spent    Left  Speed

  0     0    0     0    0     0      0      0 --:--:-- --:--:-- --:--:--     0
100  2554  100  2463  100    91   3884    143 --:--:-- --:--:-- --:--:--  4028
  % Total    % Received % Xferd  Average Speed   Time    Time     Time  Current
                                 Dload  Upload   Total   Spent    Left  Speed

  0     0    0     0    0     0      0      0 --:--:-- --:--:-- --:--:--     0
100   148  100    96  100    52   2909   1575 --:--:-- --:--:-- --:--:--  4484
/usr/local/lib/python3.6/site-packages/IPython/core/history.py:226: UserWarning: IPython History requires SQLite, your history will not be saved
  warn("IPython History requires SQLite, your history will not be saved")
------------------------------ Captured log call -------------------------------
ERROR    root:test_notebooks.py:24 failed notebook test explainer_examples stdout:Context "kind-kind" modified.
seldondeployment.machinelearning.seldon.io/income created
Waiting for deployment "income-default-0-classifier" rollout to finish: 0 of 1 updated replicas are available...
deployment "income-default-0-classifier" successfully rolled out
deployment "income-default-explainer" successfully rolled out
{"data":{"names":["t:0","t:1"],"ndarray":[[0.8585304277244477,0.14146957227555243]]},"meta":{}}
[
  "Marital Status = Separated",
  "Capital Loss <= 0.00"
]
seldondeployment.machinelearning.seldon.io "income" deleted
seldondeployment.machinelearning.seldon.io/movie created
Waiting for deployment "movie-default-0-classifier" rollout to finish: 0 of 1 updated replicas are available...
deployment "movie-default-0-classifier" successfully rolled out
Waiting for deployment "movie-default-explainer" rollout to finish: 0 of 1 updated replicas are available...
deployment "movie-default-explainer" successfully rolled out
{"data":{"names":["t:0","t:1"],"ndarray":[[0.21266916924914636,0.7873308307508536]]},"meta":{}}
[
  "emotionally",
  "vapid"
]
seldondeployment.machinelearning.seldon.io "movie" deleted
seldondeployment.machinelearning.seldon.io/image created
Waiting for deployment "image-default-0-transformer-classifier" rollout to finish: 0 of 1 updated replicas are available...
deployment "image-default-0-transformer-classifier" successfully rolled out
deployment "image-default-explainer" successfully rolled out
Overwriting resources/income_explainer.yaml
{'data': {'names': ['t:0', 't:1'], 'tensor': {'shape': [1, 2], 'values': [0.8585304277244477, 0.14146957227555243]}}, 'meta': {}}
['Marital Status = Never-Married']
Overwriting resources/moviesentiment_explainer.yaml
Success:True message:
Request:
meta {
}
data {
  ndarray {
    values {
      string_value: "this film has great actors"
    }
  }
}

Response:
{'data': {'names': ['t:0', 't:1'], 'ndarray': [[0.21266916924914636, 0.7873308307508536]]}, 'meta': {}}
['emotionally', 'vapid']
Overwriting resources/imagenet_explainer_grpc.yaml
WARNING:tensorflow:From /workspace/source/python/seldon_core/utils.py:309: The name tf.make_tensor_proto is deprecated. Please use tf.compat.v1.make_tensor_proto instead.

[0;31m---------------------------------------------------------------------------[0m
[0;31mTypeError[0m                                 Traceback (most recent call last)
[0;32m/workspace/source/notebooks/explainer_examples.py[0m in [0;36m<module>[0;34m[0m
[1;32m    453[0m [0mf[0m[0;34m,[0m [0maxarr[0m [0;34m=[0m [0mplt[0m[0;34m.[0m[0msubplots[0m[0;34m([0m[0;36m1[0m[0;34m,[0m [0;36m2[0m[0;34m)[0m[0;34m[0m[0;34m[0m[0m
[1;32m    454[0m [0maxarr[0m[0;34m[[0m[0;36m0[0m[0;34m][0m[0;34m.[0m[0mimshow[0m[0;34m([0m[0mdata[0m[0;34m[[0m[0;36m0[0m[0;34m][0m[0;34m)[0m[0;34m[0m[0;34m[0m[0m
[0;32m--> 455[0;31m [0maxarr[0m[0;34m[[0m[0;36m1[0m[0;34m][0m[0;34m.[0m[0mimshow[0m[0;34m([0m[0mr[0m[0;34m.[0m[0mresponse[0m[0;34m[[0m[0;34m"data"[0m[0;34m][0m[0;34m[[0m[0;34m"anchor"[0m[0;34m][0m[0;34m)[0m[0;34m[0m[0;34m[0m[0m
[0m[1;32m    456[0m [0mplt[0m[0;34m.[0m[0mshow[0m[0;34m([0m[0;34m)[0m[0;34m[0m[0;34m[0m[0m
[1;32m    457[0m [0;34m[0m[0m

[0;31mTypeError[0m: 'Response' object is not subscriptable
, stderr:Error from server (AlreadyExists): namespaces "seldon" already exists
  % Total    % Received % Xferd  Average Speed   Time    Time     Time  Current
                                 Dload  Upload   Total   Spent    Left  Speed

  0     0    0     0    0     0      0      0 --:--:-- --:--:-- --:--:--     0
100   161  100    96  100    65   1476   1000 --:--:-- --:--:-- --:--:--  2515
  % Total    % Received % Xferd  Average Speed   Time    Time     Time  Current
                                 Dload  Upload   Total   Spent    Left  Speed

  0     0    0     0    0     0      0      0 --:--:-- --:--:-- --:--:--     0
100    91    0     0  100    91      0     75  0:00:01  0:00:01 --:--:--    75
100  2430  100  2339  100    91   1668     64  0:00:01  0:00:01 --:--:--  1732
100  2430  100  2339  100    91   1668     64  0:00:01  0:00:01 --:--:--  1732
  % Total    % Received % Xferd  Average Speed   Time    Time     Time  Current
                                 Dload  Upload   Total   Spent    Left  Speed

  0     0    0     0    0     0      0      0 --:--:-- --:--:-- --:--:--     0
100   148  100    96  100    52   3692   2000 --:--:-- --:--:-- --:--:--  5692
/usr/local/lib/python3.6/site-packages/IPython/core/history.py:226: UserWarning: IPython History requires SQLite, your history will not be saved
  warn("IPython History requires SQLite, your history will not be saved")
___________________ TestNotebooks.test_keda_prom_auto_scale ____________________

self = <test_notebooks.TestNotebooks object at 0x7fecf6c1b9e8>

    def test_keda_prom_auto_scale(self):
>       create_and_run_script("../../examples/keda", "keda_prom_auto_scale")

test_notebooks.py:90: 
_ _ _ _ _ _ _ _ _ _ _ _ _ _ _ _ _ _ _ _ _ _ _ _ _ _ _ _ _ _ _ _ _ _ _ _ _ _ _ _ 
test_notebooks.py:27: in create_and_run_script
    raise e
test_notebooks.py:20: in create_and_run_script
    encoding="utf-8",
_ _ _ _ _ _ _ _ _ _ _ _ _ _ _ _ _ _ _ _ _ _ _ _ _ _ _ _ _ _ _ _ _ _ _ _ _ _ _ _ 

input = None, timeout = None, check = True
popenargs = ('cd ../../examples/keda && ./keda_prom_auto_scale.py',)
kwargs = {'encoding': 'utf-8', 'shell': True, 'stderr': -1, 'stdout': -1}
process = <subprocess.Popen object at 0x7fecf6c1ba20>
stdout = 'namespace/keda unchanged\ncustomresourcedefinition.apiextensions.k8s.io/scaledjobs.keda.sh configured\ncustomresource...[0m \x1b[0;34m\x1b[0m\x1b[0m\n\x1b[1;32m    161\x1b[0m \x1b[0;34m\x1b[0m\x1b[0m\n\n\x1b[0;31mAssertionError\x1b[0m: \n'
stderr = 'error: \'role\' already has a value (locust), and --overwrite is false\nerror: \'role\' already has a value (locust),...es SQLite, your history will not be saved\n  warn("IPython History requires SQLite, your history will not be saved")\n'
retcode = 1

    def run(*popenargs, input=None, timeout=None, check=False, **kwargs):
        """Run command with arguments and return a CompletedProcess instance.
    
        The returned instance will have attributes args, returncode, stdout and
        stderr. By default, stdout and stderr are not captured, and those attributes
        will be None. Pass stdout=PIPE and/or stderr=PIPE in order to capture them.
    
        If check is True and the exit code was non-zero, it raises a
        CalledProcessError. The CalledProcessError object will have the return code
        in the returncode attribute, and output & stderr attributes if those streams
        were captured.
    
        If timeout is given, and the process takes too long, a TimeoutExpired
        exception will be raised.
    
        There is an optional argument "input", allowing you to
        pass a string to the subprocess's stdin.  If you use this argument
        you may not also use the Popen constructor's "stdin" argument, as
        it will be used internally.
    
        The other arguments are the same as for the Popen constructor.
    
        If universal_newlines=True is passed, the "input" argument must be a
        string and stdout/stderr in the returned object will be strings rather than
        bytes.
        """
        if input is not None:
            if 'stdin' in kwargs:
                raise ValueError('stdin and input arguments may not both be used.')
            kwargs['stdin'] = PIPE
    
        with Popen(*popenargs, **kwargs) as process:
            try:
                stdout, stderr = process.communicate(input, timeout=timeout)
            except TimeoutExpired:
                process.kill()
                stdout, stderr = process.communicate()
                raise TimeoutExpired(process.args, timeout, output=stdout,
                                     stderr=stderr)
            except:
                process.kill()
                process.wait()
                raise
            retcode = process.poll()
            if check and retcode:
                raise CalledProcessError(retcode, process.args,
>                                        output=stdout, stderr=stderr)
E               subprocess.CalledProcessError: Command 'cd ../../examples/keda && ./keda_prom_auto_scale.py' returned non-zero exit status 1.

/usr/local/lib/python3.6/subprocess.py:438: CalledProcessError
------------------------------ Captured log call -------------------------------
ERROR    root:test_notebooks.py:24 failed notebook test keda_prom_auto_scale stdout:namespace/keda created
customresourcedefinition.apiextensions.k8s.io/scaledjobs.keda.sh created
customresourcedefinition.apiextensions.k8s.io/scaledobjects.keda.sh created
customresourcedefinition.apiextensions.k8s.io/triggerauthentications.keda.sh created
serviceaccount/keda-operator created
clusterrole.rbac.authorization.k8s.io/keda-external-metrics-reader created
clusterrole.rbac.authorization.k8s.io/keda-operator created
rolebinding.rbac.authorization.k8s.io/keda-auth-reader created
clusterrolebinding.rbac.authorization.k8s.io/keda-hpa-controller-external-metrics created
clusterrolebinding.rbac.authorization.k8s.io/keda-operator created
clusterrolebinding.rbac.authorization.k8s.io/keda:system:auth-delegator created
service/keda-metrics-apiserver created
deployment.apps/keda-metrics-apiserver created
deployment.apps/keda-operator created
apiservice.apiregistration.k8s.io/v1beta1.external.metrics.k8s.io created
NAME                                      READY   STATUS              RESTARTS   AGE
keda-metrics-apiserver-84c85f5f99-cf27g   0/1     ContainerCreating   0          1s
keda-operator-746c7cc6cb-fjwhj            0/1     ContainerCreating   0          0s
[94mapiVersion[39;49;00m: machinelearning.seldon.io/v1
[94mkind[39;49;00m: SeldonDeployment
[94mmetadata[39;49;00m:
  [94mname[39;49;00m: seldon-model
[94mspec[39;49;00m:
  [94mname[39;49;00m: test-deployment
  [94mpredictors[39;49;00m:
  - [94mcomponentSpecs[39;49;00m:
    - [94mspec[39;49;00m:
        [94mcontainers[39;49;00m:
        - [94mimage[39;49;00m: seldonio/mock_classifier_rest:1.3
          [94mimagePullPolicy[39;49;00m: IfNotPresent
          [94mname[39;49;00m: classifier
          [94mresources[39;49;00m:
            [94mrequests[39;49;00m:
              [94mcpu[39;49;00m: [33m'[39;49;00m[33m0.5[39;49;00m[33m'[39;49;00m
      [94mkedaSpec[39;49;00m:
        [94mpollingInterval[39;49;00m: 15                                [37m# Optional. Default: 30 seconds[39;49;00m
        [94mminReplicaCount[39;49;00m: 1                                 [37m# Optional. Default: 0[39;49;00m
        [94mmaxReplicaCount[39;49;00m: 5                                 [37m# Optional. Default: 100[39;49;00m
        [94mtriggers[39;49;00m:
        - [94mtype[39;49;00m: prometheus
          [94mmetadata[39;49;00m:
            [37m# Required[39;49;00m
            [94mserverAddress[39;49;00m: http://seldon-core-analytics-prometheus-seldon.seldon-system.svc.cluster.local
            [94mmetricName[39;49;00m: access_frequency
            [94mthreshold[39;49;00m: [33m'[39;49;00m[33m10[39;49;00m[33m'[39;49;00m
            [94mquery[39;49;00m: rate(seldon_api_executor_client_requests_seconds_count{seldon_app=~"seldon-model-example"}[10s])
        [94mterminationGracePeriodSeconds[39;49;00m: 1
    [94mgraph[39;49;00m:
      [94mchildren[39;49;00m: []
      [94mendpoint[39;49;00m:
        [94mtype[39;49;00m: REST
      [94mname[39;49;00m: classifier
      [94mtype[39;49;00m: MODEL
    [94mname[39;49;00m: example
seldondeployment.machinelearning.seldon.io/seldon-model created
Waiting for deployment "seldon-model-example-0-classifier" rollout to finish: 0 of 1 updated replicas are available...
deployment "seldon-model-example-0-classifier" successfully rolled out
node/kind-control-plane labeled
node/kind-worker labeled
NAME                                READY   UP-TO-DATE   AVAILABLE   AGE
seldon-model-example-0-classifier   1/1     1            1           28s
NAME: seldon-core-loadtesting
LAST DEPLOYED: Wed Oct 21 17:35:34 2020
NAMESPACE: seldon
STATUS: deployed
REVISION: 1
TEST SUITE: None
1
1
1
1
1
1
1
1
1
1
1
1
1
1
1
1
1
1
1
1
1
1
1
1
1
1
1
1
1
1
1
1
1
1
1
1
1
1
1
1
1
1
1
1
1
1
1
1
1
1
1
1
1
1
1
1
1
1
1
1
[0;31m---------------------------------------------------------------------------[0m
[0;31mAssertionError[0m                            Traceback (most recent call last)
[0;32m/workspace/source/examples/keda/keda_prom_auto_scale.py[0m in [0;36m<module>[0;34m[0m
[1;32m    157[0m         [0;32mbreak[0m[0;34m[0m[0;34m[0m[0m
[1;32m    158[0m     [0mtime[0m[0;34m.[0m[0msleep[0m[0;34m([0m[0;36m5[0m[0;34m)[0m[0;34m[0m[0;34m[0m[0m
[0;32m--> 159[0;31m [0;32massert[0m[0;34m([0m[0mscaled[0m[0;34m)[0m[0;34m[0m[0;34m[0m[0m
[0m[1;32m    160[0m [0;34m[0m[0m
[1;32m    161[0m [0;34m[0m[0m

[0;31mAssertionError[0m: 
, stderr:/usr/local/lib/python3.6/site-packages/IPython/core/history.py:226: UserWarning: IPython History requires SQLite, your history will not be saved
  warn("IPython History requires SQLite, your history will not be saved")
------------------------------ Captured log call -------------------------------
ERROR    root:test_notebooks.py:24 failed notebook test keda_prom_auto_scale stdout:namespace/keda unchanged
customresourcedefinition.apiextensions.k8s.io/scaledjobs.keda.sh configured
customresourcedefinition.apiextensions.k8s.io/scaledobjects.keda.sh configured
customresourcedefinition.apiextensions.k8s.io/triggerauthentications.keda.sh configured
serviceaccount/keda-operator unchanged
clusterrole.rbac.authorization.k8s.io/keda-external-metrics-reader unchanged
clusterrole.rbac.authorization.k8s.io/keda-operator configured
rolebinding.rbac.authorization.k8s.io/keda-auth-reader unchanged
clusterrolebinding.rbac.authorization.k8s.io/keda-hpa-controller-external-metrics unchanged
clusterrolebinding.rbac.authorization.k8s.io/keda-operator unchanged
clusterrolebinding.rbac.authorization.k8s.io/keda:system:auth-delegator unchanged
service/keda-metrics-apiserver unchanged
deployment.apps/keda-metrics-apiserver configured
deployment.apps/keda-operator configured
apiservice.apiregistration.k8s.io/v1beta1.external.metrics.k8s.io unchanged
NAME                                      READY   STATUS    RESTARTS   AGE
keda-metrics-apiserver-84c85f5f99-cf27g   1/1     Running   0          5m47s
keda-operator-746c7cc6cb-fjwhj            1/1     Running   0          5m46s
[94mapiVersion[39;49;00m: machinelearning.seldon.io/v1
[94mkind[39;49;00m: SeldonDeployment
[94mmetadata[39;49;00m:
  [94mname[39;49;00m: seldon-model
[94mspec[39;49;00m:
  [94mname[39;49;00m: test-deployment
  [94mpredictors[39;49;00m:
  - [94mcomponentSpecs[39;49;00m:
    - [94mspec[39;49;00m:
        [94mcontainers[39;49;00m:
        - [94mimage[39;49;00m: seldonio/mock_classifier_rest:1.3
          [94mimagePullPolicy[39;49;00m: IfNotPresent
          [94mname[39;49;00m: classifier
          [94mresources[39;49;00m:
            [94mrequests[39;49;00m:
              [94mcpu[39;49;00m: [33m'[39;49;00m[33m0.5[39;49;00m[33m'[39;49;00m
      [94mkedaSpec[39;49;00m:
        [94mpollingInterval[39;49;00m: 15                                [37m# Optional. Default: 30 seconds[39;49;00m
        [94mminReplicaCount[39;49;00m: 1                                 [37m# Optional. Default: 0[39;49;00m
        [94mmaxReplicaCount[39;49;00m: 5                                 [37m# Optional. Default: 100[39;49;00m
        [94mtriggers[39;49;00m:
        - [94mtype[39;49;00m: prometheus
          [94mmetadata[39;49;00m:
            [37m# Required[39;49;00m
            [94mserverAddress[39;49;00m: http://seldon-core-analytics-prometheus-seldon.seldon-system.svc.cluster.local
            [94mmetricName[39;49;00m: access_frequency
            [94mthreshold[39;49;00m: [33m'[39;49;00m[33m10[39;49;00m[33m'[39;49;00m
            [94mquery[39;49;00m: rate(seldon_api_executor_client_requests_seconds_count{seldon_app=~"seldon-model-example"}[10s])
        [94mterminationGracePeriodSeconds[39;49;00m: 1
    [94mgraph[39;49;00m:
      [94mchildren[39;49;00m: []
      [94mendpoint[39;49;00m:
        [94mtype[39;49;00m: REST
      [94mname[39;49;00m: classifier
      [94mtype[39;49;00m: MODEL
    [94mname[39;49;00m: example
seldondeployment.machinelearning.seldon.io/seldon-model created
Waiting for deployment "seldon-model-example-0-classifier" rollout to finish: 0 of 1 updated replicas are available...
deployment "seldon-model-example-0-classifier" successfully rolled out
NAME                                READY   UP-TO-DATE   AVAILABLE   AGE
seldon-model-example-0-classifier   1/1     1            1           31s
1
1
1
1
1
1
1
1
1
1
1
1
1
1
1
1
1
1
1
1
1
1
1
1
1
1
1
1
1
1
1
1
1
1
1
1
1
1
1
1
1
1
1
1
1
1
1
1
1
1
1
1
1
1
1
1
1
1
1
1
[0;31m---------------------------------------------------------------------------[0m
[0;31mAssertionError[0m                            Traceback (most recent call last)
[0;32m/workspace/source/examples/keda/keda_prom_auto_scale.py[0m in [0;36m<module>[0;34m[0m
[1;32m    157[0m         [0;32mbreak[0m[0;34m[0m[0;34m[0m[0m
[1;32m    158[0m     [0mtime[0m[0;34m.[0m[0msleep[0m[0;34m([0m[0;36m5[0m[0;34m)[0m[0;34m[0m[0;34m[0m[0m
[0;32m--> 159[0;31m [0;32massert[0m[0;34m([0m[0mscaled[0m[0;34m)[0m[0;34m[0m[0;34m[0m[0m
[0m[1;32m    160[0m [0;34m[0m[0m
[1;32m    161[0m [0;34m[0m[0m

[0;31mAssertionError[0m: 
, stderr:error: 'role' already has a value (locust), and --overwrite is false
error: 'role' already has a value (locust), and --overwrite is false
Error: cannot re-use a name that is still in use
/usr/local/lib/python3.6/site-packages/IPython/core/history.py:226: UserWarning: IPython History requires SQLite, your history will not be saved
  warn("IPython History requires SQLite, your history will not be saved")
______________________ TestNotebooks.test_custom_metrics _______________________

self = <test_notebooks.TestNotebooks object at 0x7fecf6c1bba8>

    def test_custom_metrics(self):
        try:
            create_and_run_script(
                "../../examples/models/custom_metrics", "customMetrics"
            )
        except CalledProcessError as e:
            run(
                f"helm delete seldon-core-analytics --namespace seldon-system",
                shell=True,
                check=False,
            )
>           raise e

test_notebooks.py:135: 
_ _ _ _ _ _ _ _ _ _ _ _ _ _ _ _ _ _ _ _ _ _ _ _ _ _ _ _ _ _ _ _ _ _ _ _ _ _ _ _ 
test_notebooks.py:127: in test_custom_metrics
    "../../examples/models/custom_metrics", "customMetrics"
test_notebooks.py:27: in create_and_run_script
    raise e
test_notebooks.py:20: in create_and_run_script
    encoding="utf-8",
_ _ _ _ _ _ _ _ _ _ _ _ _ _ _ _ _ _ _ _ _ _ _ _ _ _ _ _ _ _ _ _ _ _ _ _ _ _ _ _ 

input = None, timeout = None, check = True
popenargs = ('cd ../../examples/models/custom_metrics && ./customMetrics.py',)
kwargs = {'encoding': 'utf-8', 'shell': True, 'stderr': -1, 'stdout': -1}
process = <subprocess.Popen object at 0x7fecf6c1b978>
stdout = 'Context "kind-kind" modified.\n\x1b[94mapiVersion\x1b[39;49;00m: machinelearning.seldon.io/v1\n\x1b[94mkind\x1b[39;49...[0;34m\x1b[0m\x1b[0;34m\x1b[0m\x1b[0m\n\n\x1b[0;31mJSONDecodeError\x1b[0m: Expecting value: line 1 column 1 (char 0)\n'
stderr = 'Error: persistentvolumeclaims "seldon-core-analytics-prometheus-alertmanager" not found\nError from server (AlreadyEx...es SQLite, your history will not be saved\n  warn("IPython History requires SQLite, your history will not be saved")\n'
retcode = 1

    def run(*popenargs, input=None, timeout=None, check=False, **kwargs):
        """Run command with arguments and return a CompletedProcess instance.
    
        The returned instance will have attributes args, returncode, stdout and
        stderr. By default, stdout and stderr are not captured, and those attributes
        will be None. Pass stdout=PIPE and/or stderr=PIPE in order to capture them.
    
        If check is True and the exit code was non-zero, it raises a
        CalledProcessError. The CalledProcessError object will have the return code
        in the returncode attribute, and output & stderr attributes if those streams
        were captured.
    
        If timeout is given, and the process takes too long, a TimeoutExpired
        exception will be raised.
    
        There is an optional argument "input", allowing you to
        pass a string to the subprocess's stdin.  If you use this argument
        you may not also use the Popen constructor's "stdin" argument, as
        it will be used internally.
    
        The other arguments are the same as for the Popen constructor.
    
        If universal_newlines=True is passed, the "input" argument must be a
        string and stdout/stderr in the returned object will be strings rather than
        bytes.
        """
        if input is not None:
            if 'stdin' in kwargs:
                raise ValueError('stdin and input arguments may not both be used.')
            kwargs['stdin'] = PIPE
    
        with Popen(*popenargs, **kwargs) as process:
            try:
                stdout, stderr = process.communicate(input, timeout=timeout)
            except TimeoutExpired:
                process.kill()
                stdout, stderr = process.communicate()
                raise TimeoutExpired(process.args, timeout, output=stdout,
                                     stderr=stderr)
            except:
                process.kill()
                process.wait()
                raise
            retcode = process.poll()
            if check and retcode:
                raise CalledProcessError(retcode, process.args,
>                                        output=stdout, stderr=stderr)
E               subprocess.CalledProcessError: Command 'cd ../../examples/models/custom_metrics && ./customMetrics.py' returned non-zero exit status 1.

/usr/local/lib/python3.6/subprocess.py:438: CalledProcessError
------------------------------ Captured log call -------------------------------
ERROR    root:test_notebooks.py:24 failed notebook test customMetrics stdout:NAME: seldon-core-analytics
LAST DEPLOYED: Wed Oct 21 18:04:58 2020
NAMESPACE: seldon-system
STATUS: deployed
REVISION: 1
Context "kind-kind" modified.
[94mapiVersion[39;49;00m: machinelearning.seldon.io/v1
[94mkind[39;49;00m: SeldonDeployment
[94mmetadata[39;49;00m:
  [94mname[39;49;00m: seldon-model
[94mspec[39;49;00m:
  [94mname[39;49;00m: test-deployment
  [94mpredictors[39;49;00m:
  - [94mcomponentSpecs[39;49;00m:
    - [94mspec[39;49;00m:
        [94mcontainers[39;49;00m:
        - [94mimage[39;49;00m: seldonio/model-with-metrics_rest:0.1
          [94mname[39;49;00m: classifier
    [94mgraph[39;49;00m:
      [94mchildren[39;49;00m: []
      [94mendpoint[39;49;00m:
        [94mtype[39;49;00m: REST
      [94mname[39;49;00m: classifier
      [94mtype[39;49;00m: MODEL
    [94mname[39;49;00m: example
    [94mreplicas[39;49;00m: 1
seldondeployment.machinelearning.seldon.io/seldon-model created
Waiting for deployment "seldon-model-example-0-classifier" rollout to finish: 0 of 1 updated replicas are available...
deployment "seldon-model-example-0-classifier" successfully rolled out
[0;31m---------------------------------------------------------------------------[0m
[0;31mJSONDecodeError[0m                           Traceback (most recent call last)
[0;32m/workspace/source/examples/models/custom_metrics/customMetrics.py[0m in [0;36m<module>[0;34m[0m
[1;32m    115[0m [0;34m[0m[0m
[1;32m    116[0m [0;34m[0m[0m
[0;32m--> 117[0;31m [0mresponse[0m[0;34m=[0m[0mjson[0m[0;34m.[0m[0mloads[0m[0;34m([0m[0mresponseRaw[0m[0;34m[[0m[0;36m0[0m[0;34m][0m[0;34m)[0m[0;34m[0m[0;34m[0m[0m
[0m[1;32m    118[0m [0mprint[0m[0;34m([0m[0mresponse[0m[0;34m)[0m[0;34m[0m[0;34m[0m[0m
[1;32m    119[0m [0;32massert[0m[0;34m([0m[0mlen[0m[0;34m([0m[0mresponse[0m[0;34m[[0m[0;34m"meta"[0m[0;34m][0m[0;34m[[0m[0;34m"metrics"[0m[0;34m][0m[0;34m)[0m [0;34m==[0m [0;36m3[0m[0;34m)[0m[0;34m[0m[0;34m[0m[0m

[0;32m/usr/local/lib/python3.6/json/__init__.py[0m in [0;36mloads[0;34m(s, encoding, cls, object_hook, parse_float, parse_int, parse_constant, object_pairs_hook, **kw)[0m
[1;32m    352[0m             [0mparse_int[0m [0;32mis[0m [0;32mNone[0m [0;32mand[0m [0mparse_float[0m [0;32mis[0m [0;32mNone[0m [0;32mand[0m[0;34m[0m[0;34m[0m[0m
[1;32m    353[0m             parse_constant is None and object_pairs_hook is None and not kw):
[0;32m--> 354[0;31m         [0;32mreturn[0m [0m_default_decoder[0m[0;34m.[0m[0mdecode[0m[0;34m([0m[0ms[0m[0;34m)[0m[0;34m[0m[0;34m[0m[0m
[0m[1;32m    355[0m     [0;32mif[0m [0mcls[0m [0;32mis[0m [0;32mNone[0m[0;34m:[0m[0;34m[0m[0;34m[0m[0m
[1;32m    356[0m         [0mcls[0m [0;34m=[0m [0mJSONDecoder[0m[0;34m[0m[0;34m[0m[0m

[0;32m/usr/local/lib/python3.6/json/decoder.py[0m in [0;36mdecode[0;34m(self, s, _w)[0m
[1;32m    337[0m [0;34m[0m[0m
[1;32m    338[0m         """
[0;32m--> 339[0;31m         [0mobj[0m[0;34m,[0m [0mend[0m [0;34m=[0m [0mself[0m[0;34m.[0m[0mraw_decode[0m[0;34m([0m[0ms[0m[0;34m,[0m [0midx[0m[0;34m=[0m[0m_w[0m[0;34m([0m[0ms[0m[0;34m,[0m [0;36m0[0m[0;34m)[0m[0;34m.[0m[0mend[0m[0;34m([0m[0;34m)[0m[0;34m)[0m[0;34m[0m[0;34m[0m[0m
[0m[1;32m    340[0m         [0mend[0m [0;34m=[0m [0m_w[0m[0;34m([0m[0ms[0m[0;34m,[0m [0mend[0m[0;34m)[0m[0;34m.[0m[0mend[0m[0;34m([0m[0;34m)[0m[0;34m[0m[0;34m[0m[0m
[1;32m    341[0m         [0;32mif[0m [0mend[0m [0;34m!=[0m [0mlen[0m[0;34m([0m[0ms[0m[0;34m)[0m[0;34m:[0m[0;34m[0m[0;34m[0m[0m

[0;32m/usr/local/lib/python3.6/json/decoder.py[0m in [0;36mraw_decode[0;34m(self, s, idx)[0m
[1;32m    355[0m             [0mobj[0m[0;34m,[0m [0mend[0m [0;34m=[0m [0mself[0m[0;34m.[0m[0mscan_once[0m[0;34m([0m[0ms[0m[0;34m,[0m [0midx[0m[0;34m)[0m[0;34m[0m[0;34m[0m[0m
[1;32m    356[0m         [0;32mexcept[0m [0mStopIteration[0m [0;32mas[0m [0merr[0m[0;34m:[0m[0;34m[0m[0;34m[0m[0m
[0;32m--> 357[0;31m             [0;32mraise[0m [0mJSONDecodeError[0m[0;34m([0m[0;34m"Expecting value"[0m[0;34m,[0m [0ms[0m[0;34m,[0m [0merr[0m[0;34m.[0m[0mvalue[0m[0;34m)[0m [0;32mfrom[0m [0;32mNone[0m[0;34m[0m[0;34m[0m[0m
[0m[1;32m    358[0m         [0;32mreturn[0m [0mobj[0m[0;34m,[0m [0mend[0m[0;34m[0m[0;34m[0m[0m

[0;31mJSONDecodeError[0m: Expecting value: line 1 column 1 (char 0)
, stderr:Error from server (AlreadyExists): namespaces "seldon" already exists
/usr/local/lib/python3.6/site-packages/IPython/core/history.py:226: UserWarning: IPython History requires SQLite, your history will not be saved
  warn("IPython History requires SQLite, your history will not be saved")
------------------------------ Captured log call -------------------------------
ERROR    root:test_notebooks.py:24 failed notebook test customMetrics stdout:Context "kind-kind" modified.
[94mapiVersion[39;49;00m: machinelearning.seldon.io/v1
[94mkind[39;49;00m: SeldonDeployment
[94mmetadata[39;49;00m:
  [94mname[39;49;00m: seldon-model
[94mspec[39;49;00m:
  [94mname[39;49;00m: test-deployment
  [94mpredictors[39;49;00m:
  - [94mcomponentSpecs[39;49;00m:
    - [94mspec[39;49;00m:
        [94mcontainers[39;49;00m:
        - [94mimage[39;49;00m: seldonio/model-with-metrics_rest:0.1
          [94mname[39;49;00m: classifier
    [94mgraph[39;49;00m:
      [94mchildren[39;49;00m: []
      [94mendpoint[39;49;00m:
        [94mtype[39;49;00m: REST
      [94mname[39;49;00m: classifier
      [94mtype[39;49;00m: MODEL
    [94mname[39;49;00m: example
    [94mreplicas[39;49;00m: 1
seldondeployment.machinelearning.seldon.io/seldon-model created
Waiting for deployment "seldon-model-example-0-classifier" rollout to finish: 0 of 1 updated replicas are available...
deployment "seldon-model-example-0-classifier" successfully rolled out
[0;31m---------------------------------------------------------------------------[0m
[0;31mJSONDecodeError[0m                           Traceback (most recent call last)
[0;32m/workspace/source/examples/models/custom_metrics/customMetrics.py[0m in [0;36m<module>[0;34m[0m
[1;32m    115[0m [0;34m[0m[0m
[1;32m    116[0m [0;34m[0m[0m
[0;32m--> 117[0;31m [0mresponse[0m[0;34m=[0m[0mjson[0m[0;34m.[0m[0mloads[0m[0;34m([0m[0mresponseRaw[0m[0;34m[[0m[0;36m0[0m[0;34m][0m[0;34m)[0m[0;34m[0m[0;34m[0m[0m
[0m[1;32m    118[0m [0mprint[0m[0;34m([0m[0mresponse[0m[0;34m)[0m[0;34m[0m[0;34m[0m[0m
[1;32m    119[0m [0;32massert[0m[0;34m([0m[0mlen[0m[0;34m([0m[0mresponse[0m[0;34m[[0m[0;34m"meta"[0m[0;34m][0m[0;34m[[0m[0;34m"metrics"[0m[0;34m][0m[0;34m)[0m [0;34m==[0m [0;36m3[0m[0;34m)[0m[0;34m[0m[0;34m[0m[0m

[0;32m/usr/local/lib/python3.6/json/__init__.py[0m in [0;36mloads[0;34m(s, encoding, cls, object_hook, parse_float, parse_int, parse_constant, object_pairs_hook, **kw)[0m
[1;32m    352[0m             [0mparse_int[0m [0;32mis[0m [0;32mNone[0m [0;32mand[0m [0mparse_float[0m [0;32mis[0m [0;32mNone[0m [0;32mand[0m[0;34m[0m[0;34m[0m[0m
[1;32m    353[0m             parse_constant is None and object_pairs_hook is None and not kw):
[0;32m--> 354[0;31m         [0;32mreturn[0m [0m_default_decoder[0m[0;34m.[0m[0mdecode[0m[0;34m([0m[0ms[0m[0;34m)[0m[0;34m[0m[0;34m[0m[0m
[0m[1;32m    355[0m     [0;32mif[0m [0mcls[0m [0;32mis[0m [0;32mNone[0m[0;34m:[0m[0;34m[0m[0;34m[0m[0m
[1;32m    356[0m         [0mcls[0m [0;34m=[0m [0mJSONDecoder[0m[0;34m[0m[0;34m[0m[0m

[0;32m/usr/local/lib/python3.6/json/decoder.py[0m in [0;36mdecode[0;34m(self, s, _w)[0m
[1;32m    337[0m [0;34m[0m[0m
[1;32m    338[0m         """
[0;32m--> 339[0;31m         [0mobj[0m[0;34m,[0m [0mend[0m [0;34m=[0m [0mself[0m[0;34m.[0m[0mraw_decode[0m[0;34m([0m[0ms[0m[0;34m,[0m [0midx[0m[0;34m=[0m[0m_w[0m[0;34m([0m[0ms[0m[0;34m,[0m [0;36m0[0m[0;34m)[0m[0;34m.[0m[0mend[0m[0;34m([0m[0;34m)[0m[0;34m)[0m[0;34m[0m[0;34m[0m[0m
[0m[1;32m    340[0m         [0mend[0m [0;34m=[0m [0m_w[0m[0;34m([0m[0ms[0m[0;34m,[0m [0mend[0m[0;34m)[0m[0;34m.[0m[0mend[0m[0;34m([0m[0;34m)[0m[0;34m[0m[0;34m[0m[0m
[1;32m    341[0m         [0;32mif[0m [0mend[0m [0;34m!=[0m [0mlen[0m[0;34m([0m[0ms[0m[0;34m)[0m[0;34m:[0m[0;34m[0m[0;34m[0m[0m

[0;32m/usr/local/lib/python3.6/json/decoder.py[0m in [0;36mraw_decode[0;34m(self, s, idx)[0m
[1;32m    355[0m             [0mobj[0m[0;34m,[0m [0mend[0m [0;34m=[0m [0mself[0m[0;34m.[0m[0mscan_once[0m[0;34m([0m[0ms[0m[0;34m,[0m [0midx[0m[0;34m)[0m[0;34m[0m[0;34m[0m[0m
[1;32m    356[0m         [0;32mexcept[0m [0mStopIteration[0m [0;32mas[0m [0merr[0m[0;34m:[0m[0;34m[0m[0;34m[0m[0m
[0;32m--> 357[0;31m             [0;32mraise[0m [0mJSONDecodeError[0m[0;34m([0m[0;34m"Expecting value"[0m[0;34m,[0m [0ms[0m[0;34m,[0m [0merr[0m[0;34m.[0m[0mvalue[0m[0;34m)[0m [0;32mfrom[0m [0;32mNone[0m[0;34m[0m[0;34m[0m[0m
[0m[1;32m    358[0m         [0;32mreturn[0m [0mobj[0m[0;34m,[0m [0mend[0m[0;34m[0m[0;34m[0m[0m

[0;31mJSONDecodeError[0m: Expecting value: line 1 column 1 (char 0)
, stderr:Error: persistentvolumeclaims "seldon-core-analytics-prometheus-alertmanager" not found
Error from server (AlreadyExists): namespaces "seldon" already exists
/usr/local/lib/python3.6/site-packages/IPython/core/history.py:226: UserWarning: IPython History requires SQLite, your history will not be saved
  warn("IPython History requires SQLite, your history will not be saved")
===Flaky Test Report===

test_helm_examples passed 1 out of the required 1 times. Success!
test_explainer_examples failed (1 runs remaining out of 2).
	<class 'subprocess.CalledProcessError'>
	Command 'cd ../../notebooks && ./explainer_examples.py' returned non-zero exit status 1.
	[<TracebackEntry /workspace/source/testing/scripts/test_notebooks.py:42>, <TracebackEntry /workspace/source/testing/scripts/test_notebooks.py:27>, <TracebackEntry /workspace/source/testing/scripts/test_notebooks.py:20>, <TracebackEntry /usr/local/lib/python3.6/subprocess.py:438>]
test_explainer_examples failed; it passed 0 out of the required 1 times.
	<class 'subprocess.CalledProcessError'>
	Command 'cd ../../notebooks && ./explainer_examples.py' returned non-zero exit status 1.
	[<TracebackEntry /workspace/source/testing/scripts/test_notebooks.py:42>, <TracebackEntry /workspace/source/testing/scripts/test_notebooks.py:27>, <TracebackEntry /workspace/source/testing/scripts/test_notebooks.py:20>, <TracebackEntry /usr/local/lib/python3.6/subprocess.py:438>]
test_istio_examples passed 1 out of the required 1 times. Success!
test_max_grpc_msg_size passed 1 out of the required 1 times. Success!
test_multiple_operators passed 1 out of the required 1 times. Success!
test_protocol_examples passed 1 out of the required 1 times. Success!
test_server_examples passed 1 out of the required 1 times. Success!
test_rolling_updates passed 1 out of the required 1 times. Success!
test_ambassador_canary passed 1 out of the required 1 times. Success!
test_ambassador_headers passed 1 out of the required 1 times. Success!
test_ambassador_shadow passed 1 out of the required 1 times. Success!
test_ambassador_custom passed 1 out of the required 1 times. Success!
test_istio_canary passed 1 out of the required 1 times. Success!
test_keda_prom_auto_scale failed (1 runs remaining out of 2).
	<class 'subprocess.CalledProcessError'>
	Command 'cd ../../examples/keda && ./keda_prom_auto_scale.py' returned non-zero exit status 1.
	[<TracebackEntry /workspace/source/testing/scripts/test_notebooks.py:90>, <TracebackEntry /workspace/source/testing/scripts/test_notebooks.py:27>, <TracebackEntry /workspace/source/testing/scripts/test_notebooks.py:20>, <TracebackEntry /usr/local/lib/python3.6/subprocess.py:438>]
test_keda_prom_auto_scale failed; it passed 0 out of the required 1 times.
	<class 'subprocess.CalledProcessError'>
	Command 'cd ../../examples/keda && ./keda_prom_auto_scale.py' returned non-zero exit status 1.
	[<TracebackEntry /workspace/source/testing/scripts/test_notebooks.py:90>, <TracebackEntry /workspace/source/testing/scripts/test_notebooks.py:27>, <TracebackEntry /workspace/source/testing/scripts/test_notebooks.py:20>, <TracebackEntry /usr/local/lib/python3.6/subprocess.py:438>]
test_tracing passed 1 out of the required 1 times. Success!
test_metrics passed 1 out of the required 1 times. Success!
test_metadata passed 1 out of the required 1 times. Success!
test_graph_metadata passed 1 out of the required 1 times. Success!
test_grpc_metadata passed 1 out of the required 1 times. Success!
test_payload_logging passed 1 out of the required 1 times. Success!
test_custom_metrics failed (1 runs remaining out of 2).
	<class 'subprocess.CalledProcessError'>
	Command 'cd ../../examples/models/custom_metrics && ./customMetrics.py' returned non-zero exit status 1.
	[<TracebackEntry /workspace/source/testing/scripts/test_notebooks.py:135>, <TracebackEntry /workspace/source/testing/scripts/test_notebooks.py:127>, <TracebackEntry /workspace/source/testing/scripts/test_notebooks.py:27>, <TracebackEntry /workspace/source/testing/scripts/test_notebooks.py:20>, <TracebackEntry /usr/local/lib/python3.6/subprocess.py:438>]
test_custom_metrics failed; it passed 0 out of the required 1 times.
	<class 'subprocess.CalledProcessError'>
	Command 'cd ../../examples/models/custom_metrics && ./customMetrics.py' returned non-zero exit status 1.
	[<TracebackEntry /workspace/source/testing/scripts/test_notebooks.py:135>, <TracebackEntry /workspace/source/testing/scripts/test_notebooks.py:127>, <TracebackEntry /workspace/source/testing/scripts/test_notebooks.py:27>, <TracebackEntry /workspace/source/testing/scripts/test_notebooks.py:20>, <TracebackEntry /usr/local/lib/python3.6/subprocess.py:438>]
test_autoscaling passed 1 out of the required 1 times. Success!
test_scaling passed 1 out of the required 1 times. Success!
test_jsondata passed 1 out of the required 1 times. Success!
test_sklearn_iris passed 1 out of the required 1 times. Success!
test_custom_metrics_server passed 1 out of the required 1 times. Success!
test_upgrade passed 1 out of the required 1 times. Success!
test_disruption_budgets passed 1 out of the required 1 times. Success!

===End Flaky Test Report===
================== 3 failed, 25 passed in 7792.87s (2:09:52) ===================
make: *** [Makefile:149: test_notebooks] Error 1
Test returned errors
kind delete cluster
Deleting cluster "kind" ...
Stopping Docker: dockerProgram process in pidfile '/var/run/docker-ssd.pid', 1 process(es), refused to die.
[31m
Pipeline failed on stage 'end-to-end' : container 'step-test-end-to-end'. The execution of the pipeline has stopped.[0m
