
Showing logs for build [32mseldonio-seldon-core-pr-1016-in-mcnll-1[0m stage [32mpr-build-comment[0m and container [32mstep-credential-initializer-7m26m[0m
{"level":"warn","ts":1579819725.0409644,"logger":"fallback-logger","caller":"logging/config.go:69","msg":"Fetch GitHub commit ID from kodata failed: \"ref: refs/heads/0.8.0-**-support-backwards-incompats\" is not a valid GitHub commit ID"}
{"level":"info","ts":1579819725.041507,"logger":"fallback-logger","caller":"creds-init/main.go:40","msg":"Credentials initialized."}

Showing logs for build [32mseldonio-seldon-core-pr-1016-in-mcnll-1[0m stage [32mpr-build-comment[0m and container [32mstep-working-dir-initializer-xfn7w[0m
{"level":"warn","ts":1579819726.0188842,"logger":"fallback-logger","caller":"logging/config.go:69","msg":"Fetch GitHub commit ID from kodata failed: open /var/run/ko/HEAD: no such file or directory"}
{"level":"info","ts":1579819726.0210314,"logger":"fallback-logger","caller":"bash/main.go:64","msg":"Successfully executed command \"sh -c mkdir -p /workspace/source\"; output "}

Showing logs for build [32mseldonio-seldon-core-pr-1016-in-mcnll-1[0m stage [32mpr-build-comment[0m and container [32mstep-place-tools[0m

Showing logs for build [32mseldonio-seldon-core-pr-1016-in-mcnll-1[0m stage [32mpr-build-comment[0m and container [32mstep-create-dir-workspace-x678t[0m
{"level":"warn","ts":1579819732.085705,"logger":"fallback-logger","caller":"logging/config.go:69","msg":"Fetch GitHub commit ID from kodata failed: open /var/run/ko/HEAD: no such file or directory"}
{"level":"info","ts":1579819732.0875733,"logger":"fallback-logger","caller":"bash/main.go:64","msg":"Successfully executed command \"sh -c mkdir -p source\"; output "}

Showing logs for build [32mseldonio-seldon-core-pr-1016-in-mcnll-1[0m stage [32mpr-build-comment[0m and container [32mstep-git-source-seldonio-seldon-core-pr-1016-in-4gt4b[0m
{"level":"warn","ts":1579819732.346929,"logger":"fallback-logger","caller":"logging/config.go:69","msg":"Fetch GitHub commit ID from kodata failed: \"ref: refs/heads/0.8.0-**-support-backwards-incompats\" is not a valid GitHub commit ID"}
{"level":"info","ts":1579819734.7872362,"logger":"fallback-logger","caller":"git/git.go:103","msg":"Successfully cloned https://github.com/SeldonIO/seldon-core.git @ master in path /workspace/source"}

Showing logs for build [32mseldonio-seldon-core-pr-1016-in-mcnll-1[0m stage [32mpr-build-comment[0m and container [32mstep-git-merge[0m
Using SHAs from PULL_REFS=master:87fe3f9787eb0ff59c7aea24bd7ac1ae89e8366d,1016:aeca6647e189d36d946ffd415cc1cfc372dbd659
DEBUG: ran git fetch --unshallow origin aeca6647e189d36d946ffd415cc1cfc372dbd659: 87fe3f9787eb0ff59c7aea24bd7ac1ae89e8366d: in 
DEBUG: ran git checkout master in 
DEBUG: ran git reset --hard 87fe3f9787eb0ff59c7aea24bd7ac1ae89e8366d in 
DEBUG: ran clean --force -d . in 
DEBUG: ran git merge aeca6647e189d36d946ffd415cc1cfc372dbd659 in 
Merged SHA aeca6647e189d36d946ffd415cc1cfc372dbd659 with commit message 'remove grpc test due to Ambassador issues' into base branch master
Merged SHA fbc8e94be47c8e51188ab7ebadc3b883ac31b1d1 with commit message 'rebase' into base branch master
Merged SHA f66f773154aadb8a07a9803151339b80daf72657 with commit message 'fix typo' into base branch master
Merged SHA 90cde353d82a4c95ba3d9fdac02ab04daefb70d0 with commit message 'Update grpc server receivers' into base branch master
Merged SHA 79d94a76812a0a69cbf99a194c74de705550d210 with commit message 'Fix typos from review' into base branch master
Merged SHA 2fd3ff451b7e8eca64b3503e3ca5d4636f645bc8 with commit message 'Update from testing example notebooks' into base branch master
Merged SHA 04dfb568a433f1b697168c59e15f0409252b8644 with commit message 'update from code review' into base branch master
Merged SHA f25753cb50d2eda0256663154123da2053b98054 with commit message 'add docs for new metadata endpoint' into base branch master
Merged SHA 51244719a3a3dc6190eef4dad84bbab5d0a591a8 with commit message 'update tests' into base branch master
Merged SHA da09ef3bd7cee05331b20b53eacd693541bd6f41 with commit message 'rebase' into base branch master
Merged SHA 10f5c330d8459c69bd943dfb4fec8a4ab3cc5b7d with commit message 'Docs update' into base branch master
Merged SHA 8d5af50ae8c6aa5131fb1a4b6e12008ec79809c0 with commit message 'Add header pass thru and more tests' into base branch master
Merged SHA 5921b70705350ed20b141f95f225b21c9feb7fc2 with commit message 'Add logging docs and example' into base branch master
Merged SHA b1630d8e7c5359e726dc48804d1d34b90725116b with commit message 'Update tensorflow serving prepacked server creation' into base branch master
Merged SHA 28f66e4211d7452b7befbb1c62ce27fb30614e0b with commit message 'add metrics examples and docs' into base branch master
Merged SHA 7b45d2310925de212b9cb6a94264672c84ba3c2c with commit message 'Update seldon id logging and context pass thru' into base branch master
Merged SHA e87b4e38746a5e8436ad9af4a8bc7474e3453a26 with commit message 'updates docs and tracing example' into base branch master
Merged SHA 1f6d7711ed90641097bb38111f3661516943806b with commit message 'lint' into base branch master
Merged SHA 980ea292714f373012828fc58ea6186a5e6ea610 with commit message 'add seldon puid to rest' into base branch master
Merged SHA 96fa7daea5a424b24139a6cbee1db7c10ec331ad with commit message 'python linter' into base branch master
Merged SHA 0bd64ff4e68de307802a2198373fe5a1adf9d619 with commit message 'Add metadata endpoints' into base branch master
Merged SHA 4da41fad5fb1dc60f949f97ac0bdd6e16e830afe with commit message 'Add tensorflow model status' into base branch master
Merged SHA 6de46515f78f7b9c2c9e1fe1c9f425560ffb5909 with commit message 'Add status for REST' into base branch master
Merged SHA a3b05b3476c1cf790ee1be7a21711419a818a46a with commit message 'Update ingress so seldon and tensorflow work' into base branch master
Merged SHA 4e2a681eb9fc6114f7b090583d826f050b6b654a with commit message 'Updates from e2e tests' into base branch master
Merged SHA 7e2b1c769437b55355c82e07864d23256b02dca8 with commit message 'Add feedback' into base branch master
Merged SHA 18c892edc31171a5c74670c6c50898b235d542f3 with commit message 'update tests' into base branch master
Merged SHA f12cde6d3e062cb274125f5874cff69a5a60ccef with commit message 'Add executor helm variables' into base branch master
Merged SHA 90ca5148cf6dda22d2a3b1823439c2a6c25f2fe8 with commit message 'Update helm charts on testing' into base branch master
Merged SHA fb86cdd282d77db4a0a0de5628626e8facd8567a with commit message 'Merge branch 'master' into executor' into base branch master
Merged SHA e41c9b0ef23fbe7ea365d34f9de47876f101dd1f with commit message 'Update README' into base branch master
Merged SHA 6175b9b904ff91dc60aa8d2924f7a29cf995e8bd with commit message 'clean up' into base branch master
Merged SHA 2eeb4431cc7a62b3990411db79228c7864b77401 with commit message 'Add grpc prometheus metrics' into base branch master
Merged SHA 6d25b25c49941e46738cf7dc132aac23ffcb05be with commit message 'add REST metrics' into base branch master
Merged SHA 304df2690b9a236d13172967cc1202832bb4d559 with commit message 'Add tfserving example' into base branch master
Merged SHA 1bcd2d8419bacfbf83986b1a70aa5c44e3f71c9c with commit message 'add protos' into base branch master
Merged SHA 6c827e080e3c4456fa452760e478a68a259469ad with commit message 'add tf' into base branch master
Merged SHA e9172ef183d8ba749df8cfa07a6c3f9abf405924 with commit message 'add tensorflow grpc' into base branch master
Merged SHA 5d2f03ae387b490dd440c57351f27f1c5c589f48 with commit message 'package restructure' into base branch master
Merged SHA d0001c5aa1d3331fb806021b308cd2fc748a910a with commit message 'Allow tensorflow protocol for REST' into base branch master
Merged SHA 2a29e7587d09c3b8a014c669510c5e312182f3d5 with commit message 'Add logger sample' into base branch master
Merged SHA 42789d24e1372183a77283ffc0b81aefbad80b6e with commit message 'Add open tracing to executor' into base branch master
Merged SHA 14174fe4b394a63f83928adc3642f9f5809d792e with commit message 'run linter' into base branch master
Merged SHA 1b5a1f2ce748c721dbe0a19a98e40f8ef685726d with commit message 'Add new logger' into base branch master
Merged SHA e724c54c899e56c61f0d232c33b60c67f026d36c with commit message 'Merge branch 'master' into executor' into base branch master
Merged SHA cd02dea56569c511466182a3e1ed6a03ae762d2d with commit message 'add JSON rest client with test' into base branch master
Merged SHA b70ee3eea41ba35a8641b5c6921e6c68015e4863 with commit message 'use operator types and clientset' into base branch master
Merged SHA 6b540d1ded8cfc6ecffd80c2103aa7e73023dde3 with commit message 'lint updates and clean Makefile' into base branch master
Merged SHA 4fc0346ab1ac22439fe8ace66b6585ed5359dec0 with commit message 'rebase' into base branch master
Merged SHA 2dab32847c94f9e8e0eafb4d1b27a52346ed17bb with commit message 'initial generic processing' into base branch master
Merged SHA d61ee53428b922bd2b5d34a1ecd88495aea892a4 with commit message 'review updates and content type handling' into base branch master
Merged SHA a52af143f978bf0d6381c3361dc40f904e4b60f5 with commit message 'Merge branch 'master' into executor' into base branch master
Merged SHA dc3b5c573b9f281ed2c0731593ed16ae1d2fe766 with commit message 'Update test for AB test' into base branch master
Merged SHA f83875c7eeca0fcdeae480e9398a08ba86ef6f1e with commit message 'Basic testing for model and abtests' into base branch master
Merged SHA 583b54d6638428fdf5d534477b9c41d10d0c3732 with commit message 'rebase' into base branch master
Merged SHA db3ba063a922a0e47b8882da72cc4b6962edd5fa with commit message 'Add README' into base branch master
Merged SHA ff04ed759c2f187e62d8ea88867cd92fe7188835 with commit message 'Add grpc tests' into base branch master
Merged SHA e52cb74e20ae31851e5b5093f84b8c6d8b59ae55 with commit message 'Add rest server tests' into base branch master
Merged SHA da9ab7519afb36aedb567ca68ea6f8570ac55110 with commit message 'rebase' into base branch master
Merged SHA 4083d9ffaabb53c89a5b792116b49c7a7238a2bb with commit message 'finish grpc server' into base branch master
Merged SHA 49a7b69c00977aeded912d048a942e71682f789f with commit message 'grpc client initial commit' into base branch master
Merged SHA 61077fb017d0dfb6ef3ffb93c5f590cdc110b0ad with commit message 'initial grpc commit' into base branch master
Merged SHA eb8219b1609b1d729543382eb4235f651da5c22d with commit message 'add proto folder' into base branch master
Merged SHA 00e57f219e82fbf6333160aee10c5af9571dfeea with commit message 'updated mean classifier' into base branch master
Merged SHA 88f17c9ef568cf94036a26ccfca2ee8367120f1e with commit message 'client updates' into base branch master
Merged SHA 59b34b51712fbdc7e1ce6118268050c79bfb2fde with commit message 'incorporate into operator' into base branch master
Merged SHA aaaf941e4fe1ba1309e1cd646a5ccd54c12286a3 with commit message 'go vet' into base branch master
Merged SHA 8710ff86fe2d1877566fec73d80f3b31912edad8 with commit message 'go fmt' into base branch master
Merged SHA b81f5dede50b548b2290e1fc49fa42ab9a05479e with commit message 'correct type annotation for aggregate' into base branch master
Merged SHA 2ab8b5bd5a949fc16f2ba99afff1626bcdb58113 with commit message 'rest client tests' into base branch master
Merged SHA c61136beed474a4fc636f31a9e4197214f0cc42f with commit message 'add full predictor process' into base branch master
Merged SHA 7b3445fc598b7ed5d6ab71daf0dd023782568507 with commit message 'Merge branch 'master' into executor' into base branch master
Merged SHA 598b13fd40fbb59c6839d911e911e9a349e1f262 with commit message 'update executor transform' into base branch master
Merged SHA 188392a22b3a1387f762830350fa46493901d1a3 with commit message 'generalize executor payloads' into base branch master
Merged SHA ac827cbf6e963555bca40ee694072b7fa5db5541 with commit message 'update to refector and test transform - WIP' into base branch master
Merged SHA f24f6ee5d0d15b5b4133016792129d4b75a64031 with commit message 'Merge branch 'master' into executor' into base branch master
Merged SHA f795b1bf98dc813817ff99c005b9f7190f3564ef with commit message 'Merge branch 'master' into executor' into base branch master
Merged SHA c5c58d57b0f4fae7d0c872f66df87bd660610c03 with commit message 'initial e2e processing' into base branch master
Merged SHA 11d88f60093dff4168ac4487b15a045ea9d86488 with commit message 'executor initial commit' into base branch master

Showing logs for build [32mseldonio-seldon-core-pr-1016-in-mcnll-1[0m stage [32mpr-build-comment[0m and container [32mstep-step2[0m
+++ dirname ./add-pr-build-comment
++ cd .
++ pwd
+ STARTUP_DIR=/workspace/source/ci
+ REPO_OWNER=SeldonIO
+ REPO_NAME=seldon-core
+ PULL_NUMBER=1016
+ BUILD_NUMBER=1
+ PIPELINE_CONTEXT=integration
++ cat
+++ date
+ COMMENT_MSG='Thu Jan 23 22:49:00 UTC 2020
The logs for [integration] [1] will show after the pipeline context has finished.  
https://github.com/SeldonIO/seldon-core/blob/gh-pages/jenkins-x/logs/SeldonIO/seldon-core/PR-1016/1.log

impatient try  
** get build logs SeldonIO/seldon-core/PR-1016 --build=1'
+ ** step pr comment --owner=SeldonIO --repository=seldon-core --pull-request=1016 '--comment=Thu Jan 23 22:49:00 UTC 2020
The logs for [integration] [1] will show after the pipeline context has finished.  
https://github.com/SeldonIO/seldon-core/blob/gh-pages/jenkins-x/logs/SeldonIO/seldon-core/PR-1016/1.log

impatient try  
** get build logs SeldonIO/seldon-core/PR-1016 --build=1'

Showing logs for build [32mseldonio-seldon-core-pr-1016-in-mcnll-1[0m stage [32mpr-build-comment[0m and container [32mstep-source-mkdir-seldonio-seldon-core-pr-1016-in-82vmj[0m
{"level":"warn","ts":1579819743.1370966,"logger":"fallback-logger","caller":"logging/config.go:69","msg":"Fetch GitHub commit ID from kodata failed: open /var/run/ko/HEAD: no such file or directory"}
{"level":"info","ts":1579819743.1407902,"logger":"fallback-logger","caller":"bash/main.go:64","msg":"Successfully executed command \"sh -c mkdir -p /pvc/pr-build-comment/workspace\"; output "}

Showing logs for build [32mseldonio-seldon-core-pr-1016-in-mcnll-1[0m stage [32mpr-build-comment[0m and container [32mstep-source-copy-seldonio-seldon-core-pr-1016-in-7zwrf[0m
{"level":"warn","ts":1579819743.3822846,"logger":"fallback-logger","caller":"logging/config.go:69","msg":"Fetch GitHub commit ID from kodata failed: open /var/run/ko/HEAD: no such file or directory"}
{"level":"info","ts":1579819743.6879816,"logger":"fallback-logger","caller":"bash/main.go:64","msg":"Successfully executed command \"sh -c cp -r source/. /pvc/pr-build-comment/workspace\"; output "}

Showing logs for build [32mseldonio-seldon-core-pr-1016-in-mcnll-1[0m stage [32mend-to-end[0m and container [32mstep-credential-initializer-t92kh[0m
{"level":"warn","ts":1579819746.6348248,"logger":"fallback-logger","caller":"logging/config.go:69","msg":"Fetch GitHub commit ID from kodata failed: \"ref: refs/heads/0.8.0-**-support-backwards-incompats\" is not a valid GitHub commit ID"}
{"level":"info","ts":1579819746.6354785,"logger":"fallback-logger","caller":"creds-init/main.go:40","msg":"Credentials initialized."}

Showing logs for build [32mseldonio-seldon-core-pr-1016-in-mcnll-1[0m stage [32mend-to-end[0m and container [32mstep-working-dir-initializer-t9w6s[0m
{"level":"warn","ts":1579819747.9403198,"logger":"fallback-logger","caller":"logging/config.go:69","msg":"Fetch GitHub commit ID from kodata failed: open /var/run/ko/HEAD: no such file or directory"}
{"level":"info","ts":1579819747.9420505,"logger":"fallback-logger","caller":"bash/main.go:64","msg":"Successfully executed command \"sh -c mkdir -p /workspace/source\"; output "}

Showing logs for build [32mseldonio-seldon-core-pr-1016-in-mcnll-1[0m stage [32mend-to-end[0m and container [32mstep-place-tools[0m

Showing logs for build [32mseldonio-seldon-core-pr-1016-in-mcnll-1[0m stage [32mend-to-end[0m and container [32mstep-create-dir-workspace-jlqkq[0m
{"level":"warn","ts":1579819754.0284603,"logger":"fallback-logger","caller":"logging/config.go:69","msg":"Fetch GitHub commit ID from kodata failed: open /var/run/ko/HEAD: no such file or directory"}
{"level":"info","ts":1579819754.030778,"logger":"fallback-logger","caller":"bash/main.go:64","msg":"Successfully executed command \"sh -c mkdir -p /workspace/source\"; output "}

Showing logs for build [32mseldonio-seldon-core-pr-1016-in-mcnll-1[0m stage [32mend-to-end[0m and container [32mstep-source-copy-workspace-k89bs[0m
{"level":"warn","ts":1579819754.2874067,"logger":"fallback-logger","caller":"logging/config.go:69","msg":"Fetch GitHub commit ID from kodata failed: open /var/run/ko/HEAD: no such file or directory"}
{"level":"info","ts":1579819754.5577219,"logger":"fallback-logger","caller":"bash/main.go:64","msg":"Successfully executed command \"sh -c cp -r /pvc/pr-build-comment/workspace/. /workspace/source\"; output "}

Showing logs for build [32mseldonio-seldon-core-pr-1016-in-mcnll-1[0m stage [32mend-to-end[0m and container [32mstep-test-end-to-end[0m
Starting Docker: docker.
[SETUP] Waiting for Docker to be ready, sleeping for 1 seconds ...
kind create cluster --config kind_config.yaml
Creating cluster "kind" ...
 â€¢ Ensuring node image (kindest/node:v1.16.3) ðŸ–¼  ...
 âœ“ Ensuring node image (kindest/node:v1.16.3) ðŸ–¼
 â€¢ Preparing nodes ðŸ“¦  ...
 âœ“ Preparing nodes ðŸ“¦
 â€¢ Writing configuration ðŸ“œ  ...
 âœ“ Writing configuration ðŸ“œ
 â€¢ Starting control-plane ðŸ•¹ï¸  ...
 âœ“ Starting control-plane ðŸ•¹ï¸
 â€¢ Installing CNI ðŸ”Œ  ...
 âœ“ Installing CNI ðŸ”Œ
 â€¢ Installing StorageClass ðŸ’¾  ...
 âœ“ Installing StorageClass ðŸ’¾
 â€¢ Joining worker nodes ðŸšœ  ...
 âœ“ Joining worker nodes ðŸšœ
Set kubectl context to "kind-kind"
You can now use your cluster with:

kubectl cluster-info --context kind-kind

Have a question, bug, or feature request? Let us know! https://kind.sigs.k8s.io/#community ðŸ™‚
`kind get kubeconfig-path` is deprecated!

KIND will export and merge kubeconfig like kops, minikube, etc.
This command is now unnecessary and will be removed in a future release.

For more info see: https://github.com/kubernetes-sigs/kind/issues/1060
See also the output of `kind create cluster`
Files changed in python folder:
python/seldon_core/seldon_methods.py
python/seldon_core/user_model.py
python/seldon_core/wrapper.py
python/tests/test_combiner_microservice.py
python/tests/test_model_microservice.py

cd ../../wrappers/s2i/python/build_scripts && ./build_all_local.sh
make[1]: Entering directory '/workspace/source/wrappers/s2i/python'
mkdir -p _python
cp -r ../../../python _python
cat Dockerfile.local.tmpl | sed  -e "s|%PYTHON_VERSION%|3.6|" | sed  -e "s|%CONDA_VERSION%|4.7.12|" > Dockerfile
set -x && docker build -t docker.io/seldonio/seldon-core-s2i-python`echo -n 3.6 | sed 's/\.//g'`:0.17-SNAPSHOT .
++ echo -n 3.6
++ sed 's/\.//g'
+ docker build -t docker.io/seldonio/seldon-core-s2i-python36:0.17-SNAPSHOT .
Sending build context to Docker daemon  622.1kB
Step 1/10 : FROM continuumio/miniconda3:4.7.12
4.7.12: Pulling from continuumio/miniconda3
b8f262c62ec6: Pulling fs layer
0a43c0154f16: Pulling fs layer
906d7b5da8fb: Pulling fs layer
b8f262c62ec6: Verifying Checksum
b8f262c62ec6: Download complete
906d7b5da8fb: Verifying Checksum
906d7b5da8fb: Download complete
0a43c0154f16: Verifying Checksum
0a43c0154f16: Download complete
b8f262c62ec6: Pull complete
0a43c0154f16: Pull complete
906d7b5da8fb: Pull complete
Digest: sha256:6c979670684d970f8ba934bf9b7bf42e77c30a22eb96af1f30a039b484719159
Status: Downloaded newer image for continuumio/miniconda3:4.7.12
 ---> 406f2b43ea59
Step 2/10 : LABEL io.openshift.s2i.scripts-url="image:///s2i/bin"
 ---> Running in bd53a341abc8
Removing intermediate container bd53a341abc8
 ---> 526b75b1fc69
Step 3/10 : RUN conda install --yes python=3.6 conda=4.7.12
 ---> Running in d22a0ab696fc
Collecting package metadata (current_repodata.json): ...working... done
Solving environment: ...working... failed with initial frozen solve. Retrying with flexible solve.
Solving environment: ...working... failed with repodata from current_repodata.json, will retry with next repodata source.
Collecting package metadata (repodata.json): ...working... done
Solving environment: ...working... done

## Package Plan ##

  environment location: /opt/conda

  added / updated specs:
    - conda=4.7.12
    - python=3.6


The following packages will be downloaded:

    package                    |            build
    ---------------------------|-----------------
    asn1crypto-1.3.0           |           py36_0         164 KB
    ca-certificates-2019.11.27 |                0         124 KB
    certifi-2019.11.28         |           py36_0         153 KB
    cffi-1.13.2                |   py36h2e261b9_0         224 KB
    chardet-3.0.4              |        py36_1003         180 KB
    conda-4.7.12               |           py36_0         2.8 MB
    conda-package-handling-1.6.0|   py36h7b6447c_0         795 KB
    cryptography-2.8           |   py36h1ba5d50_0         552 KB
    idna-2.8                   |           py36_0         112 KB
    openssl-1.1.1d             |       h7b6447c_3         2.5 MB
    pip-19.3.1                 |           py36_0         1.7 MB
    pycosat-0.6.3              |   py36h7b6447c_0          82 KB
    pycparser-2.19             |           py36_0         170 KB
    pyopenssl-19.1.0           |           py36_0          87 KB
    pysocks-1.7.1              |           py36_0          30 KB
    python-3.6.9               |       h265db76_0        30.2 MB
    requests-2.22.0            |           py36_1          92 KB
    ruamel_yaml-0.15.87        |   py36h7b6447c_0         257 KB
    setuptools-44.0.0          |           py36_0         510 KB
    six-1.13.0                 |           py36_0          26 KB
    tqdm-4.36.1                |             py_0          50 KB
    urllib3-1.25.7             |           py36_0         169 KB
    wheel-0.33.6               |           py36_0          42 KB
    ------------------------------------------------------------
                                           Total:        40.9 MB

The following packages will be UPDATED:

  asn1crypto                                   1.0.1-py37_0 --> 1.3.0-py36_0
  ca-certificates                               2019.8.28-0 --> 2019.11.27-0
  certifi                                  2019.9.11-py37_0 --> 2019.11.28-py36_0
  cffi                                1.12.3-py37h2e261b9_0 --> 1.13.2-py36h2e261b9_0
  cryptography                           2.7-py37h1ba5d50_0 --> 2.8-py36h1ba5d50_0
  openssl                                 1.1.1d-h7b6447c_2 --> 1.1.1d-h7b6447c_3
  pip                                         19.2.3-py37_0 --> 19.3.1-py36_0
  pyopenssl                                   19.0.0-py37_0 --> 19.1.0-py36_0
  requests                                    2.22.0-py37_0 --> 2.22.0-py36_1
  ruamel_yaml                        0.15.46-py37h14c3975_0 --> 0.15.87-py36h7b6447c_0
  setuptools                                  41.4.0-py37_0 --> 44.0.0-py36_0
  six                                         1.12.0-py37_0 --> 1.13.0-py36_0
  urllib3                                     1.24.2-py37_0 --> 1.25.7-py36_0

The following packages will be DOWNGRADED:

  chardet                                   3.0.4-py37_1003 --> 3.0.4-py36_1003
  conda                                       4.7.12-py37_0 --> 4.7.12-py36_0
  conda-package-han~                   1.6.0-py37h7b6447c_0 --> 1.6.0-py36h7b6447c_0
  idna                                           2.8-py37_0 --> 2.8-py36_0
  pycosat                              0.6.3-py37h14c3975_0 --> 0.6.3-py36h7b6447c_0
  pycparser                                     2.19-py37_0 --> 2.19-py36_0
  pysocks                                      1.7.1-py37_0 --> 1.7.1-py36_0
  python                                   3.7.4-h265db76_1 --> 3.6.9-h265db76_0
  wheel                                       0.33.6-py37_0 --> 0.33.6-py36_0



Downloading and Extracting Packages
ca-certificates-2019 | 124 KB    |            |   0% ca-certificates-2019 | 124 KB    | ########## | 100% 
openssl-1.1.1d       | 2.5 MB    |            |   0% openssl-1.1.1d       | 2.5 MB    | ########## | 100% 
urllib3-1.25.7       | 169 KB    |            |   0% urllib3-1.25.7       | 169 KB    | ########## | 100% 
asn1crypto-1.3.0     | 164 KB    |            |   0% asn1crypto-1.3.0     | 164 KB    | ########## | 100% 
pip-19.3.1           | 1.7 MB    |            |   0% pip-19.3.1           | 1.7 MB    | ########## | 100% 
pyopenssl-19.1.0     | 87 KB     |            |   0% pyopenssl-19.1.0     | 87 KB     | ########## | 100% 
conda-4.7.12         | 2.8 MB    |            |   0% conda-4.7.12         | 2.8 MB    | ########## | 100% 
chardet-3.0.4        | 180 KB    |            |   0% chardet-3.0.4        | 180 KB    | ########## | 100% 
setuptools-44.0.0    | 510 KB    |            |   0% setuptools-44.0.0    | 510 KB    | ########## | 100% 
cffi-1.13.2          | 224 KB    |            |   0% cffi-1.13.2          | 224 KB    | ########## | 100% 
cryptography-2.8     | 552 KB    |            |   0% cryptography-2.8     | 552 KB    | ########## | 100% 
conda-package-handli | 795 KB    |            |   0% conda-package-handli | 795 KB    | ########## | 100% 
pysocks-1.7.1        | 30 KB     |            |   0% pysocks-1.7.1        | 30 KB     | ########## | 100% 
idna-2.8             | 112 KB    |            |   0% idna-2.8             | 112 KB    | ########## | 100% 
ruamel_yaml-0.15.87  | 257 KB    |            |   0% ruamel_yaml-0.15.87  | 257 KB    | ########## | 100% 
requests-2.22.0      | 92 KB     |            |   0% requests-2.22.0      | 92 KB     | ########## | 100% 
pycparser-2.19       | 170 KB    |            |   0% pycparser-2.19       | 170 KB    | ########## | 100% 
six-1.13.0           | 26 KB     |            |   0% six-1.13.0           | 26 KB     | ########## | 100% 
python-3.6.9         | 30.2 MB   |            |   0% python-3.6.9         | 30.2 MB   | ##5        |  26% python-3.6.9         | 30.2 MB   | #####4     |  55% python-3.6.9         | 30.2 MB   | ########3  |  84% python-3.6.9         | 30.2 MB   | ########## | 100% 
tqdm-4.36.1          | 50 KB     |            |   0% tqdm-4.36.1          | 50 KB     | ########## | 100% 
pycosat-0.6.3        | 82 KB     |            |   0% pycosat-0.6.3        | 82 KB     | ########## | 100% 
certifi-2019.11.28   | 153 KB    |            |   0% certifi-2019.11.28   | 153 KB    | ########## | 100% 
wheel-0.33.6         | 42 KB     |            |   0% wheel-0.33.6         | 42 KB     | ########## | 100% 
Preparing transaction: ...working... done
Verifying transaction: ...working... done
Executing transaction: ...working... done
[91m

==> WARNING: A newer version of conda exists. <==
  current version: 4.7.12
  latest version: 4.8.1

Please update conda by running

    $ conda update -n base -c defaults conda


[0mRemoving intermediate container d22a0ab696fc
 ---> a67287948a28
Step 4/10 : RUN apt-get update --yes && apt-get install --yes gcc make build-essential
 ---> Running in b41749f510c7
Get:1 http://deb.debian.org/debian buster InRelease [122 kB]
Get:2 http://deb.debian.org/debian buster-updates InRelease [49.3 kB]
Get:3 http://security.debian.org/debian-security buster/updates InRelease [65.4 kB]
Get:4 http://deb.debian.org/debian buster/main amd64 Packages [7908 kB]
Get:5 http://security.debian.org/debian-security buster/updates/main amd64 Packages [174 kB]
Fetched 8318 kB in 2s (4513 kB/s)
Reading package lists...
Reading package lists...
Building dependency tree...
Reading state information...
The following additional packages will be installed:
  binutils binutils-common binutils-x86-64-linux-gnu cpp cpp-8 dirmngr
  dpkg-dev fakeroot g++ g++-8 gcc-8 gnupg gnupg-l10n gnupg-utils gpg gpg-agent
  gpg-wks-client gpg-wks-server gpgconf gpgsm libalgorithm-diff-perl
  libalgorithm-diff-xs-perl libalgorithm-merge-perl libasan5 libassuan0
  libatomic1 libbinutils libc-dev-bin libc6-dev libcc1-0 libdpkg-perl
  libfakeroot libfile-fcntllock-perl libgcc-8-dev libgomp1 libisl19 libitm1
  libksba8 liblocale-gettext-perl liblsan0 libmpc3 libmpfr6 libmpx2 libnpth0
  libquadmath0 libstdc++-8-dev libtsan0 libubsan1 linux-libc-dev manpages
  manpages-dev pinentry-curses
Suggested packages:
  binutils-doc cpp-doc gcc-8-locales dbus-user-session libpam-systemd
  pinentry-gnome3 tor debian-keyring g++-multilib g++-8-multilib gcc-8-doc
  libstdc++6-8-dbg gcc-multilib autoconf automake libtool flex bison gdb
  gcc-doc gcc-8-multilib libgcc1-dbg libgomp1-dbg libitm1-dbg libatomic1-dbg
  libasan5-dbg liblsan0-dbg libtsan0-dbg libubsan1-dbg libmpx2-dbg
  libquadmath0-dbg parcimonie xloadimage scdaemon glibc-doc bzr
  libstdc++-8-doc make-doc man-browser pinentry-doc
The following NEW packages will be installed:
  binutils binutils-common binutils-x86-64-linux-gnu build-essential cpp cpp-8
  dirmngr dpkg-dev fakeroot g++ g++-8 gcc gcc-8 gnupg gnupg-l10n gnupg-utils
  gpg gpg-agent gpg-wks-client gpg-wks-server gpgconf gpgsm
  libalgorithm-diff-perl libalgorithm-diff-xs-perl libalgorithm-merge-perl
  libasan5 libassuan0 libatomic1 libbinutils libc-dev-bin libc6-dev libcc1-0
  libdpkg-perl libfakeroot libfile-fcntllock-perl libgcc-8-dev libgomp1
  libisl19 libitm1 libksba8 liblocale-gettext-perl liblsan0 libmpc3 libmpfr6
  libmpx2 libnpth0 libquadmath0 libstdc++-8-dev libtsan0 libubsan1
  linux-libc-dev make manpages manpages-dev pinentry-curses
0 upgraded, 55 newly installed, 0 to remove and 26 not upgraded.
Need to get 57.6 MB of archives.
After this operation, 202 MB of additional disk space will be used.
Get:1 http://deb.debian.org/debian buster/main amd64 liblocale-gettext-perl amd64 1.07-3+b4 [18.9 kB]
Get:2 http://deb.debian.org/debian buster/main amd64 manpages all 4.16-2 [1295 kB]
Get:3 http://security.debian.org/debian-security buster/updates/main amd64 linux-libc-dev amd64 4.19.67-2+deb10u2 [1234 kB]
Get:4 http://deb.debian.org/debian buster/main amd64 binutils-common amd64 2.31.1-16 [2073 kB]
Get:5 http://deb.debian.org/debian buster/main amd64 libbinutils amd64 2.31.1-16 [478 kB]
Get:6 http://deb.debian.org/debian buster/main amd64 binutils-x86-64-linux-gnu amd64 2.31.1-16 [1823 kB]
Get:7 http://deb.debian.org/debian buster/main amd64 binutils amd64 2.31.1-16 [56.8 kB]
Get:8 http://deb.debian.org/debian buster/main amd64 libc-dev-bin amd64 2.28-10 [275 kB]
Get:9 http://deb.debian.org/debian buster/main amd64 libc6-dev amd64 2.28-10 [2691 kB]
Get:10 http://deb.debian.org/debian buster/main amd64 libisl19 amd64 0.20-2 [587 kB]
Get:11 http://deb.debian.org/debian buster/main amd64 libmpfr6 amd64 4.0.2-1 [775 kB]
Get:12 http://deb.debian.org/debian buster/main amd64 libmpc3 amd64 1.1.0-1 [41.3 kB]
Get:13 http://deb.debian.org/debian buster/main amd64 cpp-8 amd64 8.3.0-6 [8914 kB]
Get:14 http://deb.debian.org/debian buster/main amd64 cpp amd64 4:8.3.0-1 [19.4 kB]
Get:15 http://deb.debian.org/debian buster/main amd64 libcc1-0 amd64 8.3.0-6 [46.6 kB]
Get:16 http://deb.debian.org/debian buster/main amd64 libgomp1 amd64 8.3.0-6 [75.8 kB]
Get:17 http://deb.debian.org/debian buster/main amd64 libitm1 amd64 8.3.0-6 [27.7 kB]
Get:18 http://deb.debian.org/debian buster/main amd64 libatomic1 amd64 8.3.0-6 [9032 B]
Get:19 http://deb.debian.org/debian buster/main amd64 libasan5 amd64 8.3.0-6 [362 kB]
Get:20 http://deb.debian.org/debian buster/main amd64 liblsan0 amd64 8.3.0-6 [131 kB]
Get:21 http://deb.debian.org/debian buster/main amd64 libtsan0 amd64 8.3.0-6 [283 kB]
Get:22 http://deb.debian.org/debian buster/main amd64 libubsan1 amd64 8.3.0-6 [120 kB]
Get:23 http://deb.debian.org/debian buster/main amd64 libmpx2 amd64 8.3.0-6 [11.4 kB]
Get:24 http://deb.debian.org/debian buster/main amd64 libquadmath0 amd64 8.3.0-6 [133 kB]
Get:25 http://deb.debian.org/debian buster/main amd64 libgcc-8-dev amd64 8.3.0-6 [2298 kB]
Get:26 http://deb.debian.org/debian buster/main amd64 gcc-8 amd64 8.3.0-6 [9452 kB]
Get:27 http://deb.debian.org/debian buster/main amd64 gcc amd64 4:8.3.0-1 [5196 B]
Get:28 http://deb.debian.org/debian buster/main amd64 libstdc++-8-dev amd64 8.3.0-6 [1532 kB]
Get:29 http://deb.debian.org/debian buster/main amd64 g++-8 amd64 8.3.0-6 [9752 kB]
Get:30 http://deb.debian.org/debian buster/main amd64 g++ amd64 4:8.3.0-1 [1644 B]
Get:31 http://deb.debian.org/debian buster/main amd64 make amd64 4.2.1-1.2 [341 kB]
Get:32 http://deb.debian.org/debian buster/main amd64 libdpkg-perl all 1.19.7 [1414 kB]
Get:33 http://deb.debian.org/debian buster/main amd64 dpkg-dev all 1.19.7 [1773 kB]
Get:34 http://deb.debian.org/debian buster/main amd64 build-essential amd64 12.6 [7576 B]
Get:35 http://deb.debian.org/debian buster/main amd64 libassuan0 amd64 2.5.2-1 [49.4 kB]
Get:36 http://deb.debian.org/debian buster/main amd64 gpgconf amd64 2.2.12-1+deb10u1 [510 kB]
Get:37 http://deb.debian.org/debian buster/main amd64 libksba8 amd64 1.3.5-2 [99.7 kB]
Get:38 http://deb.debian.org/debian buster/main amd64 libnpth0 amd64 1.6-1 [18.4 kB]
Get:39 http://deb.debian.org/debian buster/main amd64 dirmngr amd64 2.2.12-1+deb10u1 [712 kB]
Get:40 http://deb.debian.org/debian buster/main amd64 libfakeroot amd64 1.23-1 [45.9 kB]
Get:41 http://deb.debian.org/debian buster/main amd64 fakeroot amd64 1.23-1 [85.8 kB]
Get:42 http://deb.debian.org/debian buster/main amd64 gnupg-l10n all 2.2.12-1+deb10u1 [1010 kB]
Get:43 http://deb.debian.org/debian buster/main amd64 gnupg-utils amd64 2.2.12-1+deb10u1 [861 kB]
Get:44 http://deb.debian.org/debian buster/main amd64 gpg amd64 2.2.12-1+deb10u1 [865 kB]
Get:45 http://deb.debian.org/debian buster/main amd64 pinentry-curses amd64 1.1.0-2 [64.5 kB]
Get:46 http://deb.debian.org/debian buster/main amd64 gpg-agent amd64 2.2.12-1+deb10u1 [617 kB]
Get:47 http://deb.debian.org/debian buster/main amd64 gpg-wks-client amd64 2.2.12-1+deb10u1 [485 kB]
Get:48 http://deb.debian.org/debian buster/main amd64 gpg-wks-server amd64 2.2.12-1+deb10u1 [478 kB]
Get:49 http://deb.debian.org/debian buster/main amd64 gpgsm amd64 2.2.12-1+deb10u1 [604 kB]
Get:50 http://deb.debian.org/debian buster/main amd64 gnupg all 2.2.12-1+deb10u1 [715 kB]
Get:51 http://deb.debian.org/debian buster/main amd64 libalgorithm-diff-perl all 1.19.03-2 [47.9 kB]
Get:52 http://deb.debian.org/debian buster/main amd64 libalgorithm-diff-xs-perl amd64 0.04-5+b1 [11.8 kB]
Get:53 http://deb.debian.org/debian buster/main amd64 libalgorithm-merge-perl all 0.08-3 [12.7 kB]
Get:54 http://deb.debian.org/debian buster/main amd64 libfile-fcntllock-perl amd64 0.22-3+b5 [35.4 kB]
Get:55 http://deb.debian.org/debian buster/main amd64 manpages-dev all 4.16-2 [2232 kB]
[91mdebconf: delaying package configuration, since apt-utils is not installed
[0mFetched 57.6 MB in 1s (79.8 MB/s)
Selecting previously unselected package liblocale-gettext-perl.
(Reading database ... (Reading database ... 5%(Reading database ... 10%(Reading database ... 15%(Reading database ... 20%(Reading database ... 25%(Reading database ... 30%(Reading database ... 35%(Reading database ... 40%(Reading database ... 45%(Reading database ... 50%(Reading database ... 55%(Reading database ... 60%(Reading database ... 65%(Reading database ... 70%(Reading database ... 75%(Reading database ... 80%(Reading database ... 85%(Reading database ... 90%(Reading database ... 95%(Reading database ... 100%(Reading database ... 12557 files and directories currently installed.)
Preparing to unpack .../00-liblocale-gettext-perl_1.07-3+b4_amd64.deb ...
Unpacking liblocale-gettext-perl (1.07-3+b4) ...
Selecting previously unselected package manpages.
Preparing to unpack .../01-manpages_4.16-2_all.deb ...
Unpacking manpages (4.16-2) ...
Selecting previously unselected package binutils-common:amd64.
Preparing to unpack .../02-binutils-common_2.31.1-16_amd64.deb ...
Unpacking binutils-common:amd64 (2.31.1-16) ...
Selecting previously unselected package libbinutils:amd64.
Preparing to unpack .../03-libbinutils_2.31.1-16_amd64.deb ...
Unpacking libbinutils:amd64 (2.31.1-16) ...
Selecting previously unselected package binutils-x86-64-linux-gnu.
Preparing to unpack .../04-binutils-x86-64-linux-gnu_2.31.1-16_amd64.deb ...
Unpacking binutils-x86-64-linux-gnu (2.31.1-16) ...
Selecting previously unselected package binutils.
Preparing to unpack .../05-binutils_2.31.1-16_amd64.deb ...
Unpacking binutils (2.31.1-16) ...
Selecting previously unselected package libc-dev-bin.
Preparing to unpack .../06-libc-dev-bin_2.28-10_amd64.deb ...
Unpacking libc-dev-bin (2.28-10) ...
Selecting previously unselected package linux-libc-dev:amd64.
Preparing to unpack .../07-linux-libc-dev_4.19.67-2+deb10u2_amd64.deb ...
Unpacking linux-libc-dev:amd64 (4.19.67-2+deb10u2) ...
Selecting previously unselected package libc6-dev:amd64.
Preparing to unpack .../08-libc6-dev_2.28-10_amd64.deb ...
Unpacking libc6-dev:amd64 (2.28-10) ...
Selecting previously unselected package libisl19:amd64.
Preparing to unpack .../09-libisl19_0.20-2_amd64.deb ...
Unpacking libisl19:amd64 (0.20-2) ...
Selecting previously unselected package libmpfr6:amd64.
Preparing to unpack .../10-libmpfr6_4.0.2-1_amd64.deb ...
Unpacking libmpfr6:amd64 (4.0.2-1) ...
Selecting previously unselected package libmpc3:amd64.
Preparing to unpack .../11-libmpc3_1.1.0-1_amd64.deb ...
Unpacking libmpc3:amd64 (1.1.0-1) ...
Selecting previously unselected package cpp-8.
Preparing to unpack .../12-cpp-8_8.3.0-6_amd64.deb ...
Unpacking cpp-8 (8.3.0-6) ...
Selecting previously unselected package cpp.
Preparing to unpack .../13-cpp_4%3a8.3.0-1_amd64.deb ...
Unpacking cpp (4:8.3.0-1) ...
Selecting previously unselected package libcc1-0:amd64.
Preparing to unpack .../14-libcc1-0_8.3.0-6_amd64.deb ...
Unpacking libcc1-0:amd64 (8.3.0-6) ...
Selecting previously unselected package libgomp1:amd64.
Preparing to unpack .../15-libgomp1_8.3.0-6_amd64.deb ...
Unpacking libgomp1:amd64 (8.3.0-6) ...
Selecting previously unselected package libitm1:amd64.
Preparing to unpack .../16-libitm1_8.3.0-6_amd64.deb ...
Unpacking libitm1:amd64 (8.3.0-6) ...
Selecting previously unselected package libatomic1:amd64.
Preparing to unpack .../17-libatomic1_8.3.0-6_amd64.deb ...
Unpacking libatomic1:amd64 (8.3.0-6) ...
Selecting previously unselected package libasan5:amd64.
Preparing to unpack .../18-libasan5_8.3.0-6_amd64.deb ...
Unpacking libasan5:amd64 (8.3.0-6) ...
Selecting previously unselected package liblsan0:amd64.
Preparing to unpack .../19-liblsan0_8.3.0-6_amd64.deb ...
Unpacking liblsan0:amd64 (8.3.0-6) ...
Selecting previously unselected package libtsan0:amd64.
Preparing to unpack .../20-libtsan0_8.3.0-6_amd64.deb ...
Unpacking libtsan0:amd64 (8.3.0-6) ...
Selecting previously unselected package libubsan1:amd64.
Preparing to unpack .../21-libubsan1_8.3.0-6_amd64.deb ...
Unpacking libubsan1:amd64 (8.3.0-6) ...
Selecting previously unselected package libmpx2:amd64.
Preparing to unpack .../22-libmpx2_8.3.0-6_amd64.deb ...
Unpacking libmpx2:amd64 (8.3.0-6) ...
Selecting previously unselected package libquadmath0:amd64.
Preparing to unpack .../23-libquadmath0_8.3.0-6_amd64.deb ...
Unpacking libquadmath0:amd64 (8.3.0-6) ...
Selecting previously unselected package libgcc-8-dev:amd64.
Preparing to unpack .../24-libgcc-8-dev_8.3.0-6_amd64.deb ...
Unpacking libgcc-8-dev:amd64 (8.3.0-6) ...
Selecting previously unselected package gcc-8.
Preparing to unpack .../25-gcc-8_8.3.0-6_amd64.deb ...
Unpacking gcc-8 (8.3.0-6) ...
Selecting previously unselected package gcc.
Preparing to unpack .../26-gcc_4%3a8.3.0-1_amd64.deb ...
Unpacking gcc (4:8.3.0-1) ...
Selecting previously unselected package libstdc++-8-dev:amd64.
Preparing to unpack .../27-libstdc++-8-dev_8.3.0-6_amd64.deb ...
Unpacking libstdc++-8-dev:amd64 (8.3.0-6) ...
Selecting previously unselected package g++-8.
Preparing to unpack .../28-g++-8_8.3.0-6_amd64.deb ...
Unpacking g++-8 (8.3.0-6) ...
Selecting previously unselected package g++.
Preparing to unpack .../29-g++_4%3a8.3.0-1_amd64.deb ...
Unpacking g++ (4:8.3.0-1) ...
Selecting previously unselected package make.
Preparing to unpack .../30-make_4.2.1-1.2_amd64.deb ...
Unpacking make (4.2.1-1.2) ...
Selecting previously unselected package libdpkg-perl.
Preparing to unpack .../31-libdpkg-perl_1.19.7_all.deb ...
Unpacking libdpkg-perl (1.19.7) ...
Selecting previously unselected package dpkg-dev.
Preparing to unpack .../32-dpkg-dev_1.19.7_all.deb ...
Unpacking dpkg-dev (1.19.7) ...
Selecting previously unselected package build-essential.
Preparing to unpack .../33-build-essential_12.6_amd64.deb ...
Unpacking build-essential (12.6) ...
Selecting previously unselected package libassuan0:amd64.
Preparing to unpack .../34-libassuan0_2.5.2-1_amd64.deb ...
Unpacking libassuan0:amd64 (2.5.2-1) ...
Selecting previously unselected package gpgconf.
Preparing to unpack .../35-gpgconf_2.2.12-1+deb10u1_amd64.deb ...
Unpacking gpgconf (2.2.12-1+deb10u1) ...
Selecting previously unselected package libksba8:amd64.
Preparing to unpack .../36-libksba8_1.3.5-2_amd64.deb ...
Unpacking libksba8:amd64 (1.3.5-2) ...
Selecting previously unselected package libnpth0:amd64.
Preparing to unpack .../37-libnpth0_1.6-1_amd64.deb ...
Unpacking libnpth0:amd64 (1.6-1) ...
Selecting previously unselected package dirmngr.
Preparing to unpack .../38-dirmngr_2.2.12-1+deb10u1_amd64.deb ...
Unpacking dirmngr (2.2.12-1+deb10u1) ...
Selecting previously unselected package libfakeroot:amd64.
Preparing to unpack .../39-libfakeroot_1.23-1_amd64.deb ...
Unpacking libfakeroot:amd64 (1.23-1) ...
Selecting previously unselected package fakeroot.
Preparing to unpack .../40-fakeroot_1.23-1_amd64.deb ...
Unpacking fakeroot (1.23-1) ...
Selecting previously unselected package gnupg-l10n.
Preparing to unpack .../41-gnupg-l10n_2.2.12-1+deb10u1_all.deb ...
Unpacking gnupg-l10n (2.2.12-1+deb10u1) ...
Selecting previously unselected package gnupg-utils.
Preparing to unpack .../42-gnupg-utils_2.2.12-1+deb10u1_amd64.deb ...
Unpacking gnupg-utils (2.2.12-1+deb10u1) ...
Selecting previously unselected package gpg.
Preparing to unpack .../43-gpg_2.2.12-1+deb10u1_amd64.deb ...
Unpacking gpg (2.2.12-1+deb10u1) ...
Selecting previously unselected package pinentry-curses.
Preparing to unpack .../44-pinentry-curses_1.1.0-2_amd64.deb ...
Unpacking pinentry-curses (1.1.0-2) ...
Selecting previously unselected package gpg-agent.
Preparing to unpack .../45-gpg-agent_2.2.12-1+deb10u1_amd64.deb ...
Unpacking gpg-agent (2.2.12-1+deb10u1) ...
Selecting previously unselected package gpg-wks-client.
Preparing to unpack .../46-gpg-wks-client_2.2.12-1+deb10u1_amd64.deb ...
Unpacking gpg-wks-client (2.2.12-1+deb10u1) ...
Selecting previously unselected package gpg-wks-server.
Preparing to unpack .../47-gpg-wks-server_2.2.12-1+deb10u1_amd64.deb ...
Unpacking gpg-wks-server (2.2.12-1+deb10u1) ...
Selecting previously unselected package gpgsm.
Preparing to unpack .../48-gpgsm_2.2.12-1+deb10u1_amd64.deb ...
Unpacking gpgsm (2.2.12-1+deb10u1) ...
Selecting previously unselected package gnupg.
Preparing to unpack .../49-gnupg_2.2.12-1+deb10u1_all.deb ...
Unpacking gnupg (2.2.12-1+deb10u1) ...
Selecting previously unselected package libalgorithm-diff-perl.
Preparing to unpack .../50-libalgorithm-diff-perl_1.19.03-2_all.deb ...
Unpacking libalgorithm-diff-perl (1.19.03-2) ...
Selecting previously unselected package libalgorithm-diff-xs-perl.
Preparing to unpack .../51-libalgorithm-diff-xs-perl_0.04-5+b1_amd64.deb ...
Unpacking libalgorithm-diff-xs-perl (0.04-5+b1) ...
Selecting previously unselected package libalgorithm-merge-perl.
Preparing to unpack .../52-libalgorithm-merge-perl_0.08-3_all.deb ...
Unpacking libalgorithm-merge-perl (0.08-3) ...
Selecting previously unselected package libfile-fcntllock-perl.
Preparing to unpack .../53-libfile-fcntllock-perl_0.22-3+b5_amd64.deb ...
Unpacking libfile-fcntllock-perl (0.22-3+b5) ...
Selecting previously unselected package manpages-dev.
Preparing to unpack .../54-manpages-dev_4.16-2_all.deb ...
Unpacking manpages-dev (4.16-2) ...
Setting up libksba8:amd64 (1.3.5-2) ...
Setting up libfile-fcntllock-perl (0.22-3+b5) ...
Setting up libalgorithm-diff-perl (1.19.03-2) ...
Setting up manpages (4.16-2) ...
Setting up binutils-common:amd64 (2.31.1-16) ...
Setting up linux-libc-dev:amd64 (4.19.67-2+deb10u2) ...
Setting up libnpth0:amd64 (1.6-1) ...
Setting up libassuan0:amd64 (2.5.2-1) ...
Setting up libgomp1:amd64 (8.3.0-6) ...
Setting up libfakeroot:amd64 (1.23-1) ...
Setting up fakeroot (1.23-1) ...
update-alternatives: using /usr/bin/fakeroot-sysv to provide /usr/bin/fakeroot (fakeroot) in auto mode
update-alternatives: warning: skip creation of /usr/share/man/man1/fakeroot.1.gz because associated file /usr/share/man/man1/fakeroot-sysv.1.gz (of link group fakeroot) doesn't exist
update-alternatives: warning: skip creation of /usr/share/man/man1/faked.1.gz because associated file /usr/share/man/man1/faked-sysv.1.gz (of link group fakeroot) doesn't exist
update-alternatives: warning: skip creation of /usr/share/man/es/man1/fakeroot.1.gz because associated file /usr/share/man/es/man1/fakeroot-sysv.1.gz (of link group fakeroot) doesn't exist
update-alternatives: warning: skip creation of /usr/share/man/es/man1/faked.1.gz because associated file /usr/share/man/es/man1/faked-sysv.1.gz (of link group fakeroot) doesn't exist
update-alternatives: warning: skip creation of /usr/share/man/fr/man1/fakeroot.1.gz because associated file /usr/share/man/fr/man1/fakeroot-sysv.1.gz (of link group fakeroot) doesn't exist
update-alternatives: warning: skip creation of /usr/share/man/fr/man1/faked.1.gz because associated file /usr/share/man/fr/man1/faked-sysv.1.gz (of link group fakeroot) doesn't exist
update-alternatives: warning: skip creation of /usr/share/man/sv/man1/fakeroot.1.gz because associated file /usr/share/man/sv/man1/fakeroot-sysv.1.gz (of link group fakeroot) doesn't exist
update-alternatives: warning: skip creation of /usr/share/man/sv/man1/faked.1.gz because associated file /usr/share/man/sv/man1/faked-sysv.1.gz (of link group fakeroot) doesn't exist
Setting up libasan5:amd64 (8.3.0-6) ...
Setting up make (4.2.1-1.2) ...
Setting up libmpfr6:amd64 (4.0.2-1) ...
Setting up gnupg-l10n (2.2.12-1+deb10u1) ...
Setting up libquadmath0:amd64 (8.3.0-6) ...
Setting up libmpc3:amd64 (1.1.0-1) ...
Setting up libatomic1:amd64 (8.3.0-6) ...
Setting up libdpkg-perl (1.19.7) ...
Setting up libmpx2:amd64 (8.3.0-6) ...
Setting up libubsan1:amd64 (8.3.0-6) ...
Setting up libisl19:amd64 (0.20-2) ...
Setting up gpgconf (2.2.12-1+deb10u1) ...
Setting up libbinutils:amd64 (2.31.1-16) ...
Setting up cpp-8 (8.3.0-6) ...
Setting up libc-dev-bin (2.28-10) ...
Setting up libalgorithm-diff-xs-perl (0.04-5+b1) ...
Setting up libcc1-0:amd64 (8.3.0-6) ...
Setting up liblocale-gettext-perl (1.07-3+b4) ...
Setting up gpg (2.2.12-1+deb10u1) ...
Setting up liblsan0:amd64 (8.3.0-6) ...
Setting up libitm1:amd64 (8.3.0-6) ...
Setting up libalgorithm-merge-perl (0.08-3) ...
Setting up gnupg-utils (2.2.12-1+deb10u1) ...
Setting up binutils-x86-64-linux-gnu (2.31.1-16) ...
Setting up libtsan0:amd64 (8.3.0-6) ...
Setting up pinentry-curses (1.1.0-2) ...
Setting up manpages-dev (4.16-2) ...
Setting up gpg-agent (2.2.12-1+deb10u1) ...
Setting up gpgsm (2.2.12-1+deb10u1) ...
Setting up binutils (2.31.1-16) ...
Setting up dpkg-dev (1.19.7) ...
Setting up dirmngr (2.2.12-1+deb10u1) ...
Setting up libgcc-8-dev:amd64 (8.3.0-6) ...
Setting up gpg-wks-server (2.2.12-1+deb10u1) ...
Setting up cpp (4:8.3.0-1) ...
Setting up libc6-dev:amd64 (2.28-10) ...
Setting up libstdc++-8-dev:amd64 (8.3.0-6) ...
Setting up gcc-8 (8.3.0-6) ...
Setting up gpg-wks-client (2.2.12-1+deb10u1) ...
Setting up gcc (4:8.3.0-1) ...
Setting up g++-8 (8.3.0-6) ...
Setting up gnupg (2.2.12-1+deb10u1) ...
Setting up g++ (4:8.3.0-1) ...
update-alternatives: using /usr/bin/g++ to provide /usr/bin/c++ (c++) in auto mode
Setting up build-essential (12.6) ...
Processing triggers for libc-bin (2.28-10) ...
Removing intermediate container b41749f510c7
 ---> 18c8cd5c0a9f
Step 5/10 : RUN mkdir microservice
 ---> Running in ba4f2e09923e
Removing intermediate container ba4f2e09923e
 ---> ec456fe4e3fb
Step 6/10 : WORKDIR /microservice
 ---> Running in 67eaaa4bc11f
Removing intermediate container 67eaaa4bc11f
 ---> a0f25748faf4
Step 7/10 : COPY ./s2i/bin/ /s2i/bin
 ---> 9913e2d6f66e
Step 8/10 : COPY _python /microservice
 ---> 06c436fa02c9
Step 9/10 : RUN cd /microservice/python && make install
 ---> Running in 7eb7613cab40
pip install -e .
Obtaining file:///microservice/python
Collecting Flask<2.0.0
  Downloading https://files.pythonhosted.org/packages/9b/93/628509b8d5dc749656a9641f4caf13540e2cdec85276964ff8f43bbb1d3b/Flask-1.1.1-py2.py3-none-any.whl (94kB)
Collecting Flask-cors<4.0.0
  Downloading https://files.pythonhosted.org/packages/78/38/e68b11daa5d613e3a91e4bf3da76c94ac9ee0d9cd515af9c1ab80d36f709/Flask_Cors-3.0.8-py2.py3-none-any.whl
Collecting redis<4.0.0
  Downloading https://files.pythonhosted.org/packages/32/ae/28613a62eea0d53d3db3147f8715f90da07667e99baeedf1010eb400f8c0/redis-3.3.11-py2.py3-none-any.whl (66kB)
Requirement already satisfied: requests<3.0.0 in /opt/conda/lib/python3.6/site-packages (from seldon-core==1.0.1) (2.22.0)
Collecting numpy<2.0.0
  Downloading https://files.pythonhosted.org/packages/62/20/4d43e141b5bc426ba38274933ef8e76e85c7adea2c321ecf9ebf7421cedf/numpy-1.18.1-cp36-cp36m-manylinux1_x86_64.whl (20.1MB)
Collecting flatbuffers<2.0.0
  Downloading https://files.pythonhosted.org/packages/c9/84/adf5837f96c39990bc55afdfddf460b38b4562f50341359afa32e4a98de7/flatbuffers-1.11-py2.py3-none-any.whl
Collecting protobuf<4.0.0
  Downloading https://files.pythonhosted.org/packages/ca/ac/838c8c8a5f33a58132dd2ad2a30329f6ae1614a9f56ffb79eaaf71a9d156/protobuf-3.11.2-cp36-cp36m-manylinux1_x86_64.whl (1.3MB)
Collecting grpcio<2.0.0
  Downloading https://files.pythonhosted.org/packages/17/8f/f79c5c174bebece41f824dd7b1ba98da45dc2d4c373b38ac6a7f6a5acb5e/grpcio-1.26.0-cp36-cp36m-manylinux2010_x86_64.whl (2.4MB)
Collecting Flask-OpenTracing<1.2.0,>=1.1.0
  Downloading https://files.pythonhosted.org/packages/58/6c/6417701ba5ecc8854670c6db3207bcc3e5fbc96289a7cb18d5516d99a1c6/Flask-OpenTracing-1.1.0.tar.gz
Collecting opentracing<2.3.0,>=2.2.0
  Downloading https://files.pythonhosted.org/packages/94/9f/289424136addf621fb4c75624ef9a3a80e8575da3993a87950c57e93217e/opentracing-2.2.0.tar.gz (47kB)
Collecting jaeger-client<4.2.0,>=4.1.0
  Downloading https://files.pythonhosted.org/packages/f1/da/569a4f1bc3d0c412c7f903053f09ef62fa10949374ca90bc852b22dd3860/jaeger-client-4.1.0.tar.gz (80kB)
Collecting grpcio-opentracing<1.2.0,>=1.1.4
  Downloading https://files.pythonhosted.org/packages/db/82/2fcad380697c3dab25de76ee590bcab3eb9bbfb4add916044d7e83ec2b10/grpcio_opentracing-1.1.4-py3-none-any.whl
Collecting pyaml<20.0.0
  Downloading https://files.pythonhosted.org/packages/35/1e/eda9fe07f752ced7afcef590e7d74390f0d9c9c0b7ff98317afbaa0697e3/pyaml-19.12.0-py2.py3-none-any.whl
Collecting gunicorn<20.1.0,>=19.9.0
  Downloading https://files.pythonhosted.org/packages/69/ca/926f7cd3a2014b16870086b2d0fdc84a9e49473c68a8dff8b57f7c156f43/gunicorn-20.0.4-py2.py3-none-any.whl (77kB)
Collecting minio<6.0.0,>=4.0.9
  Downloading https://files.pythonhosted.org/packages/63/e7/2a0b66bfa07871aa453d3f6a6089d16abfd6b69a69aa1b15d436c82b50dd/minio-5.0.6-py2.py3-none-any.whl (62kB)
Collecting azure-storage-blob<3.0.0,>=2.0.1
  Downloading https://files.pythonhosted.org/packages/3e/84/610f379b46d7d3c2d48eadeed6a12b6d46a43100fea70534f5992d0ac996/azure_storage_blob-2.1.0-py2.py3-none-any.whl (88kB)
Requirement already satisfied: setuptools>=41.0.0 in /opt/conda/lib/python3.6/site-packages (from seldon-core==1.0.1) (44.0.0.post20200106)
Collecting itsdangerous>=0.24
  Downloading https://files.pythonhosted.org/packages/76/ae/44b03b253d6fade317f32c24d100b3b35c2239807046a4c953c7b89fa49e/itsdangerous-1.1.0-py2.py3-none-any.whl
Collecting click>=5.1
  Downloading https://files.pythonhosted.org/packages/fa/37/45185cb5abbc30d7257104c434fe0b07e5a195a6847506c074527aa599ec/Click-7.0-py2.py3-none-any.whl (81kB)
Collecting Werkzeug>=0.15
  Downloading https://files.pythonhosted.org/packages/ce/42/3aeda98f96e85fd26180534d36570e4d18108d62ae36f87694b476b83d6f/Werkzeug-0.16.0-py2.py3-none-any.whl (327kB)
Collecting Jinja2>=2.10.1
  Downloading https://files.pythonhosted.org/packages/65/e0/eb35e762802015cab1ccee04e8a277b03f1d8e53da3ec3106882ec42558b/Jinja2-2.10.3-py2.py3-none-any.whl (125kB)
Requirement already satisfied: Six in /opt/conda/lib/python3.6/site-packages (from Flask-cors<4.0.0->seldon-core==1.0.1) (1.13.0)
Requirement already satisfied: certifi>=2017.4.17 in /opt/conda/lib/python3.6/site-packages (from requests<3.0.0->seldon-core==1.0.1) (2019.11.28)
Requirement already satisfied: urllib3!=1.25.0,!=1.25.1,<1.26,>=1.21.1 in /opt/conda/lib/python3.6/site-packages (from requests<3.0.0->seldon-core==1.0.1) (1.25.7)
Requirement already satisfied: idna<2.9,>=2.5 in /opt/conda/lib/python3.6/site-packages (from requests<3.0.0->seldon-core==1.0.1) (2.8)
Requirement already satisfied: chardet<3.1.0,>=3.0.2 in /opt/conda/lib/python3.6/site-packages (from requests<3.0.0->seldon-core==1.0.1) (3.0.4)
Collecting threadloop<2,>=1
  Downloading https://files.pythonhosted.org/packages/d3/1d/8398c1645b97dc008d3c658e04beda01ede3d90943d40c8d56863cf891bd/threadloop-1.0.2.tar.gz
Collecting thrift
  Downloading https://files.pythonhosted.org/packages/97/1e/3284d19d7be99305eda145b8aa46b0c33244e4a496ec66440dac19f8274d/thrift-0.13.0.tar.gz (59kB)
Collecting tornado<6,>=4.3
  Downloading https://files.pythonhosted.org/packages/e6/78/6e7b5af12c12bdf38ca9bfe863fcaf53dc10430a312d0324e76c1e5ca426/tornado-5.1.1.tar.gz (516kB)
Collecting PyYAML
  Downloading https://files.pythonhosted.org/packages/3d/d9/ea9816aea31beeadccd03f1f8b625ecf8f645bd66744484d162d84803ce5/PyYAML-5.3.tar.gz (268kB)
Collecting python-dateutil
  Downloading https://files.pythonhosted.org/packages/d4/70/d60450c3dd48ef87586924207ae8907090de0b306af2bce5d134d78615cb/python_dateutil-2.8.1-py2.py3-none-any.whl (227kB)
Collecting pytz
  Downloading https://files.pythonhosted.org/packages/e7/f9/f0b53f88060247251bf481fa6ea62cd0d25bf1b11a87888e53ce5b7c8ad2/pytz-2019.3-py2.py3-none-any.whl (509kB)
Collecting azure-common>=1.1.5
  Downloading https://files.pythonhosted.org/packages/3f/4b/8881f8446853dfe3d404468689edcff33c0e2bf62ac2ddf31d08d739fadc/azure_common-1.1.24-py2.py3-none-any.whl
Collecting azure-storage-common~=2.1
  Downloading https://files.pythonhosted.org/packages/6b/a0/6794b318ce0118d1a4053bdf0149a60807407db9b710354f2b203c2f5975/azure_storage_common-2.1.0-py2.py3-none-any.whl (47kB)
Collecting MarkupSafe>=0.23
  Downloading https://files.pythonhosted.org/packages/b2/5f/23e0023be6bb885d00ffbefad2942bc51a620328ee910f64abe5a8d18dd1/MarkupSafe-1.1.1-cp36-cp36m-manylinux1_x86_64.whl
Requirement already satisfied: cryptography in /opt/conda/lib/python3.6/site-packages (from azure-storage-common~=2.1->azure-storage-blob<3.0.0,>=2.0.1->seldon-core==1.0.1) (2.8)
Requirement already satisfied: cffi!=1.11.3,>=1.8 in /opt/conda/lib/python3.6/site-packages (from cryptography->azure-storage-common~=2.1->azure-storage-blob<3.0.0,>=2.0.1->seldon-core==1.0.1) (1.13.2)
Requirement already satisfied: pycparser in /opt/conda/lib/python3.6/site-packages (from cffi!=1.11.3,>=1.8->cryptography->azure-storage-common~=2.1->azure-storage-blob<3.0.0,>=2.0.1->seldon-core==1.0.1) (2.19)
Building wheels for collected packages: Flask-OpenTracing, opentracing, jaeger-client, threadloop, thrift, tornado, PyYAML
  Building wheel for Flask-OpenTracing (setup.py): started
  Building wheel for Flask-OpenTracing (setup.py): finished with status 'done'
  Created wheel for Flask-OpenTracing: filename=Flask_OpenTracing-1.1.0-cp36-none-any.whl size=9071 sha256=f56ec31624bd56d3cee7aef23250c5158a9ad16681996ebf2ebf0151ad8192b7
  Stored in directory: /root/.cache/pip/wheels/7b/dc/25/3cf0b35c129232ee596c413f13d1d1f5a8e38c427266276dfd
  Building wheel for opentracing (setup.py): started
  Building wheel for opentracing (setup.py): finished with status 'done'
  Created wheel for opentracing: filename=opentracing-2.2.0-cp36-none-any.whl size=49320 sha256=09a807996c8170291cca70a64a3870efc0f31bca32cb543c2037dcdd9532783b
  Stored in directory: /root/.cache/pip/wheels/93/e9/b5/1cdc3544f99a54caca13832b5afa26fd98701fe709dc049576
  Building wheel for jaeger-client (setup.py): started
  Building wheel for jaeger-client (setup.py): finished with status 'done'
  Created wheel for jaeger-client: filename=jaeger_client-4.1.0-cp36-none-any.whl size=64309 sha256=50d1e4073f872108fca119b10f25e2dd50a6b9a7e59044b281eaaff4093ba096
  Stored in directory: /root/.cache/pip/wheels/f2/84/7f/e89da3ee8ce35598d6382b6389fa2ada5d66acca2422537994
  Building wheel for threadloop (setup.py): started
  Building wheel for threadloop (setup.py): finished with status 'done'
  Created wheel for threadloop: filename=threadloop-1.0.2-cp36-none-any.whl size=3425 sha256=c6eea3761453ebca2c483964810db1d0394a79c88b850411c681f5c5a5ffb312
  Stored in directory: /root/.cache/pip/wheels/d7/7a/30/d212623a4cd34f6cce400f8122b1b7af740d3440c68023d51f
  Building wheel for thrift (setup.py): started
  Building wheel for thrift (setup.py): finished with status 'done'
  Created wheel for thrift: filename=thrift-0.13.0-cp36-cp36m-linux_x86_64.whl size=483963 sha256=676fc3bf2edac683768edcc3d4ce142d8d78af0467fdf70a487ff85be3811fbc
  Stored in directory: /root/.cache/pip/wheels/02/a2/46/689ccfcf40155c23edc7cdbd9de488611c8fdf49ff34b1706e
  Building wheel for tornado (setup.py): started
  Building wheel for tornado (setup.py): finished with status 'done'
  Created wheel for tornado: filename=tornado-5.1.1-cp36-cp36m-linux_x86_64.whl size=462668 sha256=aca00ed278e7fc7f364fae9c99e95c2964243f43b066cd0414dce1b7f8d2f0da
  Stored in directory: /root/.cache/pip/wheels/6d/e1/ce/f4ee2fa420cc6b940123c64992b81047816d0a9fad6b879325
  Building wheel for PyYAML (setup.py): started
  Building wheel for PyYAML (setup.py): finished with status 'done'
  Created wheel for PyYAML: filename=PyYAML-5.3-cp36-cp36m-linux_x86_64.whl size=44229 sha256=19ae0e5e2c0f5d862b12deb4abbd92f90f9438c37d669633096e87ac7e08fe28
  Stored in directory: /root/.cache/pip/wheels/e4/76/4d/a95b8dd7b452b69e8ed4f68b69e1b55e12c9c9624dd962b191
Successfully built Flask-OpenTracing opentracing jaeger-client threadloop thrift tornado PyYAML
Installing collected packages: itsdangerous, click, Werkzeug, MarkupSafe, Jinja2, Flask, Flask-cors, redis, numpy, flatbuffers, protobuf, grpcio, opentracing, Flask-OpenTracing, tornado, threadloop, thrift, jaeger-client, grpcio-opentracing, PyYAML, pyaml, gunicorn, python-dateutil, pytz, minio, azure-common, azure-storage-common, azure-storage-blob, seldon-core
  Running setup.py develop for seldon-core
Successfully installed Flask-1.1.1 Flask-OpenTracing-1.1.0 Flask-cors-3.0.8 Jinja2-2.10.3 MarkupSafe-1.1.1 PyYAML-5.3 Werkzeug-0.16.0 azure-common-1.1.24 azure-storage-blob-2.1.0 azure-storage-common-2.1.0 click-7.0 flatbuffers-1.11 grpcio-1.26.0 grpcio-opentracing-1.1.4 gunicorn-20.0.4 itsdangerous-1.1.0 jaeger-client-4.1.0 minio-5.0.6 numpy-1.18.1 opentracing-2.2.0 protobuf-3.11.2 pyaml-19.12.0 python-dateutil-2.8.1 pytz-2019.3 redis-3.3.11 seldon-core threadloop-1.0.2 thrift-0.13.0 tornado-5.1.1
Removing intermediate container 7eb7613cab40
 ---> 140510c0da0e
Step 10/10 : EXPOSE 5000
 ---> Running in ce06d5301f25
Removing intermediate container ce06d5301f25
 ---> 827524033c48
Successfully built 827524033c48
Successfully tagged seldonio/seldon-core-s2i-python36:0.17-SNAPSHOT
make[1]: Leaving directory '/workspace/source/wrappers/s2i/python'
make[1]: Entering directory '/workspace/source/wrappers/s2i/python'
mkdir -p _python
cp -r ../../../python _python
cat Dockerfile.local.tmpl | sed  -e "s|%PYTHON_VERSION%|3.7|" | sed  -e "s|%CONDA_VERSION%|4.7.12|" > Dockerfile
set -x && docker build -t docker.io/seldonio/seldon-core-s2i-python`echo -n 3.7 | sed 's/\.//g'`:0.17-SNAPSHOT .
++ echo -n 3.7
++ sed 's/\.//g'
+ docker build -t docker.io/seldonio/seldon-core-s2i-python37:0.17-SNAPSHOT .
Sending build context to Docker daemon  622.1kB
Step 1/10 : FROM continuumio/miniconda3:4.7.12
 ---> 406f2b43ea59
Step 2/10 : LABEL io.openshift.s2i.scripts-url="image:///s2i/bin"
 ---> Using cache
 ---> 526b75b1fc69
Step 3/10 : RUN conda install --yes python=3.7 conda=4.7.12
 ---> Running in c5661ecbb065
Collecting package metadata (current_repodata.json): ...working... done
Solving environment: ...working... done

## Package Plan ##

  environment location: /opt/conda

  added / updated specs:
    - conda=4.7.12
    - python=3.7


The following packages will be downloaded:

    package                    |            build
    ---------------------------|-----------------
    ca-certificates-2019.11.27 |                0         124 KB
    certifi-2019.11.28         |           py37_0         153 KB
    openssl-1.1.1d             |       h7b6447c_3         2.5 MB
    ------------------------------------------------------------
                                           Total:         2.8 MB

The following packages will be UPDATED:

  ca-certificates                               2019.8.28-0 --> 2019.11.27-0
  certifi                                  2019.9.11-py37_0 --> 2019.11.28-py37_0
  openssl                                 1.1.1d-h7b6447c_2 --> 1.1.1d-h7b6447c_3



Downloading and Extracting Packages
ca-certificates-2019 | 124 KB    |            |   0% ca-certificates-2019 | 124 KB    | ########## | 100% 
openssl-1.1.1d       | 2.5 MB    |            |   0% openssl-1.1.1d       | 2.5 MB    | ########## | 100% 
certifi-2019.11.28   | 153 KB    |            |   0% certifi-2019.11.28   | 153 KB    | ########## | 100% 
Preparing transaction: ...working... done
Verifying transaction: ...working... done
Executing transaction: ...working... done
[91m

==> WARNING: A newer version of conda exists. <==
  current version: 4.7.12
  latest version: 4.8.1

Please update conda by running

    $ conda update -n base -c defaults conda


[0mRemoving intermediate container c5661ecbb065
 ---> 9b86911228cb
Step 4/10 : RUN apt-get update --yes && apt-get install --yes gcc make build-essential
 ---> Running in b2f09060ae3b
Get:1 http://deb.debian.org/debian buster InRelease [122 kB]
Get:2 http://security.debian.org/debian-security buster/updates InRelease [65.4 kB]
Get:3 http://deb.debian.org/debian buster-updates InRelease [49.3 kB]
Get:4 http://deb.debian.org/debian buster/main amd64 Packages [7908 kB]
Get:5 http://security.debian.org/debian-security buster/updates/main amd64 Packages [174 kB]
Fetched 8318 kB in 2s (4494 kB/s)
Reading package lists...
Reading package lists...
Building dependency tree...
Reading state information...
The following additional packages will be installed:
  binutils binutils-common binutils-x86-64-linux-gnu cpp cpp-8 dirmngr
  dpkg-dev fakeroot g++ g++-8 gcc-8 gnupg gnupg-l10n gnupg-utils gpg gpg-agent
  gpg-wks-client gpg-wks-server gpgconf gpgsm libalgorithm-diff-perl
  libalgorithm-diff-xs-perl libalgorithm-merge-perl libasan5 libassuan0
  libatomic1 libbinutils libc-dev-bin libc6-dev libcc1-0 libdpkg-perl
  libfakeroot libfile-fcntllock-perl libgcc-8-dev libgomp1 libisl19 libitm1
  libksba8 liblocale-gettext-perl liblsan0 libmpc3 libmpfr6 libmpx2 libnpth0
  libquadmath0 libstdc++-8-dev libtsan0 libubsan1 linux-libc-dev manpages
  manpages-dev pinentry-curses
Suggested packages:
  binutils-doc cpp-doc gcc-8-locales dbus-user-session libpam-systemd
  pinentry-gnome3 tor debian-keyring g++-multilib g++-8-multilib gcc-8-doc
  libstdc++6-8-dbg gcc-multilib autoconf automake libtool flex bison gdb
  gcc-doc gcc-8-multilib libgcc1-dbg libgomp1-dbg libitm1-dbg libatomic1-dbg
  libasan5-dbg liblsan0-dbg libtsan0-dbg libubsan1-dbg libmpx2-dbg
  libquadmath0-dbg parcimonie xloadimage scdaemon glibc-doc bzr
  libstdc++-8-doc make-doc man-browser pinentry-doc
The following NEW packages will be installed:
  binutils binutils-common binutils-x86-64-linux-gnu build-essential cpp cpp-8
  dirmngr dpkg-dev fakeroot g++ g++-8 gcc gcc-8 gnupg gnupg-l10n gnupg-utils
  gpg gpg-agent gpg-wks-client gpg-wks-server gpgconf gpgsm
  libalgorithm-diff-perl libalgorithm-diff-xs-perl libalgorithm-merge-perl
  libasan5 libassuan0 libatomic1 libbinutils libc-dev-bin libc6-dev libcc1-0
  libdpkg-perl libfakeroot libfile-fcntllock-perl libgcc-8-dev libgomp1
  libisl19 libitm1 libksba8 liblocale-gettext-perl liblsan0 libmpc3 libmpfr6
  libmpx2 libnpth0 libquadmath0 libstdc++-8-dev libtsan0 libubsan1
  linux-libc-dev make manpages manpages-dev pinentry-curses
0 upgraded, 55 newly installed, 0 to remove and 26 not upgraded.
Need to get 57.6 MB of archives.
After this operation, 202 MB of additional disk space will be used.
Get:1 http://deb.debian.org/debian buster/main amd64 liblocale-gettext-perl amd64 1.07-3+b4 [18.9 kB]
Get:2 http://deb.debian.org/debian buster/main amd64 manpages all 4.16-2 [1295 kB]
Get:3 http://security.debian.org/debian-security buster/updates/main amd64 linux-libc-dev amd64 4.19.67-2+deb10u2 [1234 kB]
Get:4 http://deb.debian.org/debian buster/main amd64 binutils-common amd64 2.31.1-16 [2073 kB]
Get:5 http://deb.debian.org/debian buster/main amd64 libbinutils amd64 2.31.1-16 [478 kB]
Get:6 http://deb.debian.org/debian buster/main amd64 binutils-x86-64-linux-gnu amd64 2.31.1-16 [1823 kB]
Get:7 http://deb.debian.org/debian buster/main amd64 binutils amd64 2.31.1-16 [56.8 kB]
Get:8 http://deb.debian.org/debian buster/main amd64 libc-dev-bin amd64 2.28-10 [275 kB]
Get:9 http://deb.debian.org/debian buster/main amd64 libc6-dev amd64 2.28-10 [2691 kB]
Get:10 http://deb.debian.org/debian buster/main amd64 libisl19 amd64 0.20-2 [587 kB]
Get:11 http://deb.debian.org/debian buster/main amd64 libmpfr6 amd64 4.0.2-1 [775 kB]
Get:12 http://deb.debian.org/debian buster/main amd64 libmpc3 amd64 1.1.0-1 [41.3 kB]
Get:13 http://deb.debian.org/debian buster/main amd64 cpp-8 amd64 8.3.0-6 [8914 kB]
Get:14 http://deb.debian.org/debian buster/main amd64 cpp amd64 4:8.3.0-1 [19.4 kB]
Get:15 http://deb.debian.org/debian buster/main amd64 libcc1-0 amd64 8.3.0-6 [46.6 kB]
Get:16 http://deb.debian.org/debian buster/main amd64 libgomp1 amd64 8.3.0-6 [75.8 kB]
Get:17 http://deb.debian.org/debian buster/main amd64 libitm1 amd64 8.3.0-6 [27.7 kB]
Get:18 http://deb.debian.org/debian buster/main amd64 libatomic1 amd64 8.3.0-6 [9032 B]
Get:19 http://deb.debian.org/debian buster/main amd64 libasan5 amd64 8.3.0-6 [362 kB]
Get:20 http://deb.debian.org/debian buster/main amd64 liblsan0 amd64 8.3.0-6 [131 kB]
Get:21 http://deb.debian.org/debian buster/main amd64 libtsan0 amd64 8.3.0-6 [283 kB]
Get:22 http://deb.debian.org/debian buster/main amd64 libubsan1 amd64 8.3.0-6 [120 kB]
Get:23 http://deb.debian.org/debian buster/main amd64 libmpx2 amd64 8.3.0-6 [11.4 kB]
Get:24 http://deb.debian.org/debian buster/main amd64 libquadmath0 amd64 8.3.0-6 [133 kB]
Get:25 http://deb.debian.org/debian buster/main amd64 libgcc-8-dev amd64 8.3.0-6 [2298 kB]
Get:26 http://deb.debian.org/debian buster/main amd64 gcc-8 amd64 8.3.0-6 [9452 kB]
Get:27 http://deb.debian.org/debian buster/main amd64 gcc amd64 4:8.3.0-1 [5196 B]
Get:28 http://deb.debian.org/debian buster/main amd64 libstdc++-8-dev amd64 8.3.0-6 [1532 kB]
Get:29 http://deb.debian.org/debian buster/main amd64 g++-8 amd64 8.3.0-6 [9752 kB]
Get:30 http://deb.debian.org/debian buster/main amd64 g++ amd64 4:8.3.0-1 [1644 B]
Get:31 http://deb.debian.org/debian buster/main amd64 make amd64 4.2.1-1.2 [341 kB]
Get:32 http://deb.debian.org/debian buster/main amd64 libdpkg-perl all 1.19.7 [1414 kB]
Get:33 http://deb.debian.org/debian buster/main amd64 dpkg-dev all 1.19.7 [1773 kB]
Get:34 http://deb.debian.org/debian buster/main amd64 build-essential amd64 12.6 [7576 B]
Get:35 http://deb.debian.org/debian buster/main amd64 libassuan0 amd64 2.5.2-1 [49.4 kB]
Get:36 http://deb.debian.org/debian buster/main amd64 gpgconf amd64 2.2.12-1+deb10u1 [510 kB]
Get:37 http://deb.debian.org/debian buster/main amd64 libksba8 amd64 1.3.5-2 [99.7 kB]
Get:38 http://deb.debian.org/debian buster/main amd64 libnpth0 amd64 1.6-1 [18.4 kB]
Get:39 http://deb.debian.org/debian buster/main amd64 dirmngr amd64 2.2.12-1+deb10u1 [712 kB]
Get:40 http://deb.debian.org/debian buster/main amd64 libfakeroot amd64 1.23-1 [45.9 kB]
Get:41 http://deb.debian.org/debian buster/main amd64 fakeroot amd64 1.23-1 [85.8 kB]
Get:42 http://deb.debian.org/debian buster/main amd64 gnupg-l10n all 2.2.12-1+deb10u1 [1010 kB]
Get:43 http://deb.debian.org/debian buster/main amd64 gnupg-utils amd64 2.2.12-1+deb10u1 [861 kB]
Get:44 http://deb.debian.org/debian buster/main amd64 gpg amd64 2.2.12-1+deb10u1 [865 kB]
Get:45 http://deb.debian.org/debian buster/main amd64 pinentry-curses amd64 1.1.0-2 [64.5 kB]
Get:46 http://deb.debian.org/debian buster/main amd64 gpg-agent amd64 2.2.12-1+deb10u1 [617 kB]
Get:47 http://deb.debian.org/debian buster/main amd64 gpg-wks-client amd64 2.2.12-1+deb10u1 [485 kB]
Get:48 http://deb.debian.org/debian buster/main amd64 gpg-wks-server amd64 2.2.12-1+deb10u1 [478 kB]
Get:49 http://deb.debian.org/debian buster/main amd64 gpgsm amd64 2.2.12-1+deb10u1 [604 kB]
Get:50 http://deb.debian.org/debian buster/main amd64 gnupg all 2.2.12-1+deb10u1 [715 kB]
Get:51 http://deb.debian.org/debian buster/main amd64 libalgorithm-diff-perl all 1.19.03-2 [47.9 kB]
Get:52 http://deb.debian.org/debian buster/main amd64 libalgorithm-diff-xs-perl amd64 0.04-5+b1 [11.8 kB]
Get:53 http://deb.debian.org/debian buster/main amd64 libalgorithm-merge-perl all 0.08-3 [12.7 kB]
Get:54 http://deb.debian.org/debian buster/main amd64 libfile-fcntllock-perl amd64 0.22-3+b5 [35.4 kB]
Get:55 http://deb.debian.org/debian buster/main amd64 manpages-dev all 4.16-2 [2232 kB]
[91mdebconf: delaying package configuration, since apt-utils is not installed
[0mFetched 57.6 MB in 1s (77.4 MB/s)
Selecting previously unselected package liblocale-gettext-perl.
(Reading database ... (Reading database ... 5%(Reading database ... 10%(Reading database ... 15%(Reading database ... 20%(Reading database ... 25%(Reading database ... 30%(Reading database ... 35%(Reading database ... 40%(Reading database ... 45%(Reading database ... 50%(Reading database ... 55%(Reading database ... 60%(Reading database ... 65%(Reading database ... 70%(Reading database ... 75%(Reading database ... 80%(Reading database ... 85%(Reading database ... 90%(Reading database ... 95%(Reading database ... 100%(Reading database ... 12557 files and directories currently installed.)
Preparing to unpack .../00-liblocale-gettext-perl_1.07-3+b4_amd64.deb ...
Unpacking liblocale-gettext-perl (1.07-3+b4) ...
Selecting previously unselected package manpages.
Preparing to unpack .../01-manpages_4.16-2_all.deb ...
Unpacking manpages (4.16-2) ...
Selecting previously unselected package binutils-common:amd64.
Preparing to unpack .../02-binutils-common_2.31.1-16_amd64.deb ...
Unpacking binutils-common:amd64 (2.31.1-16) ...
Selecting previously unselected package libbinutils:amd64.
Preparing to unpack .../03-libbinutils_2.31.1-16_amd64.deb ...
Unpacking libbinutils:amd64 (2.31.1-16) ...
Selecting previously unselected package binutils-x86-64-linux-gnu.
Preparing to unpack .../04-binutils-x86-64-linux-gnu_2.31.1-16_amd64.deb ...
Unpacking binutils-x86-64-linux-gnu (2.31.1-16) ...
Selecting previously unselected package binutils.
Preparing to unpack .../05-binutils_2.31.1-16_amd64.deb ...
Unpacking binutils (2.31.1-16) ...
Selecting previously unselected package libc-dev-bin.
Preparing to unpack .../06-libc-dev-bin_2.28-10_amd64.deb ...
Unpacking libc-dev-bin (2.28-10) ...
Selecting previously unselected package linux-libc-dev:amd64.
Preparing to unpack .../07-linux-libc-dev_4.19.67-2+deb10u2_amd64.deb ...
Unpacking linux-libc-dev:amd64 (4.19.67-2+deb10u2) ...
Selecting previously unselected package libc6-dev:amd64.
Preparing to unpack .../08-libc6-dev_2.28-10_amd64.deb ...
Unpacking libc6-dev:amd64 (2.28-10) ...
Selecting previously unselected package libisl19:amd64.
Preparing to unpack .../09-libisl19_0.20-2_amd64.deb ...
Unpacking libisl19:amd64 (0.20-2) ...
Selecting previously unselected package libmpfr6:amd64.
Preparing to unpack .../10-libmpfr6_4.0.2-1_amd64.deb ...
Unpacking libmpfr6:amd64 (4.0.2-1) ...
Selecting previously unselected package libmpc3:amd64.
Preparing to unpack .../11-libmpc3_1.1.0-1_amd64.deb ...
Unpacking libmpc3:amd64 (1.1.0-1) ...
Selecting previously unselected package cpp-8.
Preparing to unpack .../12-cpp-8_8.3.0-6_amd64.deb ...
Unpacking cpp-8 (8.3.0-6) ...
Selecting previously unselected package cpp.
Preparing to unpack .../13-cpp_4%3a8.3.0-1_amd64.deb ...
Unpacking cpp (4:8.3.0-1) ...
Selecting previously unselected package libcc1-0:amd64.
Preparing to unpack .../14-libcc1-0_8.3.0-6_amd64.deb ...
Unpacking libcc1-0:amd64 (8.3.0-6) ...
Selecting previously unselected package libgomp1:amd64.
Preparing to unpack .../15-libgomp1_8.3.0-6_amd64.deb ...
Unpacking libgomp1:amd64 (8.3.0-6) ...
Selecting previously unselected package libitm1:amd64.
Preparing to unpack .../16-libitm1_8.3.0-6_amd64.deb ...
Unpacking libitm1:amd64 (8.3.0-6) ...
Selecting previously unselected package libatomic1:amd64.
Preparing to unpack .../17-libatomic1_8.3.0-6_amd64.deb ...
Unpacking libatomic1:amd64 (8.3.0-6) ...
Selecting previously unselected package libasan5:amd64.
Preparing to unpack .../18-libasan5_8.3.0-6_amd64.deb ...
Unpacking libasan5:amd64 (8.3.0-6) ...
Selecting previously unselected package liblsan0:amd64.
Preparing to unpack .../19-liblsan0_8.3.0-6_amd64.deb ...
Unpacking liblsan0:amd64 (8.3.0-6) ...
Selecting previously unselected package libtsan0:amd64.
Preparing to unpack .../20-libtsan0_8.3.0-6_amd64.deb ...
Unpacking libtsan0:amd64 (8.3.0-6) ...
Selecting previously unselected package libubsan1:amd64.
Preparing to unpack .../21-libubsan1_8.3.0-6_amd64.deb ...
Unpacking libubsan1:amd64 (8.3.0-6) ...
Selecting previously unselected package libmpx2:amd64.
Preparing to unpack .../22-libmpx2_8.3.0-6_amd64.deb ...
Unpacking libmpx2:amd64 (8.3.0-6) ...
Selecting previously unselected package libquadmath0:amd64.
Preparing to unpack .../23-libquadmath0_8.3.0-6_amd64.deb ...
Unpacking libquadmath0:amd64 (8.3.0-6) ...
Selecting previously unselected package libgcc-8-dev:amd64.
Preparing to unpack .../24-libgcc-8-dev_8.3.0-6_amd64.deb ...
Unpacking libgcc-8-dev:amd64 (8.3.0-6) ...
Selecting previously unselected package gcc-8.
Preparing to unpack .../25-gcc-8_8.3.0-6_amd64.deb ...
Unpacking gcc-8 (8.3.0-6) ...
Selecting previously unselected package gcc.
Preparing to unpack .../26-gcc_4%3a8.3.0-1_amd64.deb ...
Unpacking gcc (4:8.3.0-1) ...
Selecting previously unselected package libstdc++-8-dev:amd64.
Preparing to unpack .../27-libstdc++-8-dev_8.3.0-6_amd64.deb ...
Unpacking libstdc++-8-dev:amd64 (8.3.0-6) ...
Selecting previously unselected package g++-8.
Preparing to unpack .../28-g++-8_8.3.0-6_amd64.deb ...
Unpacking g++-8 (8.3.0-6) ...
Selecting previously unselected package g++.
Preparing to unpack .../29-g++_4%3a8.3.0-1_amd64.deb ...
Unpacking g++ (4:8.3.0-1) ...
Selecting previously unselected package make.
Preparing to unpack .../30-make_4.2.1-1.2_amd64.deb ...
Unpacking make (4.2.1-1.2) ...
Selecting previously unselected package libdpkg-perl.
Preparing to unpack .../31-libdpkg-perl_1.19.7_all.deb ...
Unpacking libdpkg-perl (1.19.7) ...
Selecting previously unselected package dpkg-dev.
Preparing to unpack .../32-dpkg-dev_1.19.7_all.deb ...
Unpacking dpkg-dev (1.19.7) ...
Selecting previously unselected package build-essential.
Preparing to unpack .../33-build-essential_12.6_amd64.deb ...
Unpacking build-essential (12.6) ...
Selecting previously unselected package libassuan0:amd64.
Preparing to unpack .../34-libassuan0_2.5.2-1_amd64.deb ...
Unpacking libassuan0:amd64 (2.5.2-1) ...
Selecting previously unselected package gpgconf.
Preparing to unpack .../35-gpgconf_2.2.12-1+deb10u1_amd64.deb ...
Unpacking gpgconf (2.2.12-1+deb10u1) ...
Selecting previously unselected package libksba8:amd64.
Preparing to unpack .../36-libksba8_1.3.5-2_amd64.deb ...
Unpacking libksba8:amd64 (1.3.5-2) ...
Selecting previously unselected package libnpth0:amd64.
Preparing to unpack .../37-libnpth0_1.6-1_amd64.deb ...
Unpacking libnpth0:amd64 (1.6-1) ...
Selecting previously unselected package dirmngr.
Preparing to unpack .../38-dirmngr_2.2.12-1+deb10u1_amd64.deb ...
Unpacking dirmngr (2.2.12-1+deb10u1) ...
Selecting previously unselected package libfakeroot:amd64.
Preparing to unpack .../39-libfakeroot_1.23-1_amd64.deb ...
Unpacking libfakeroot:amd64 (1.23-1) ...
Selecting previously unselected package fakeroot.
Preparing to unpack .../40-fakeroot_1.23-1_amd64.deb ...
Unpacking fakeroot (1.23-1) ...
Selecting previously unselected package gnupg-l10n.
Preparing to unpack .../41-gnupg-l10n_2.2.12-1+deb10u1_all.deb ...
Unpacking gnupg-l10n (2.2.12-1+deb10u1) ...
Selecting previously unselected package gnupg-utils.
Preparing to unpack .../42-gnupg-utils_2.2.12-1+deb10u1_amd64.deb ...
Unpacking gnupg-utils (2.2.12-1+deb10u1) ...
Selecting previously unselected package gpg.
Preparing to unpack .../43-gpg_2.2.12-1+deb10u1_amd64.deb ...
Unpacking gpg (2.2.12-1+deb10u1) ...
Selecting previously unselected package pinentry-curses.
Preparing to unpack .../44-pinentry-curses_1.1.0-2_amd64.deb ...
Unpacking pinentry-curses (1.1.0-2) ...
Selecting previously unselected package gpg-agent.
Preparing to unpack .../45-gpg-agent_2.2.12-1+deb10u1_amd64.deb ...
Unpacking gpg-agent (2.2.12-1+deb10u1) ...
Selecting previously unselected package gpg-wks-client.
Preparing to unpack .../46-gpg-wks-client_2.2.12-1+deb10u1_amd64.deb ...
Unpacking gpg-wks-client (2.2.12-1+deb10u1) ...
Selecting previously unselected package gpg-wks-server.
Preparing to unpack .../47-gpg-wks-server_2.2.12-1+deb10u1_amd64.deb ...
Unpacking gpg-wks-server (2.2.12-1+deb10u1) ...
Selecting previously unselected package gpgsm.
Preparing to unpack .../48-gpgsm_2.2.12-1+deb10u1_amd64.deb ...
Unpacking gpgsm (2.2.12-1+deb10u1) ...
Selecting previously unselected package gnupg.
Preparing to unpack .../49-gnupg_2.2.12-1+deb10u1_all.deb ...
Unpacking gnupg (2.2.12-1+deb10u1) ...
Selecting previously unselected package libalgorithm-diff-perl.
Preparing to unpack .../50-libalgorithm-diff-perl_1.19.03-2_all.deb ...
Unpacking libalgorithm-diff-perl (1.19.03-2) ...
Selecting previously unselected package libalgorithm-diff-xs-perl.
Preparing to unpack .../51-libalgorithm-diff-xs-perl_0.04-5+b1_amd64.deb ...
Unpacking libalgorithm-diff-xs-perl (0.04-5+b1) ...
Selecting previously unselected package libalgorithm-merge-perl.
Preparing to unpack .../52-libalgorithm-merge-perl_0.08-3_all.deb ...
Unpacking libalgorithm-merge-perl (0.08-3) ...
Selecting previously unselected package libfile-fcntllock-perl.
Preparing to unpack .../53-libfile-fcntllock-perl_0.22-3+b5_amd64.deb ...
Unpacking libfile-fcntllock-perl (0.22-3+b5) ...
Selecting previously unselected package manpages-dev.
Preparing to unpack .../54-manpages-dev_4.16-2_all.deb ...
Unpacking manpages-dev (4.16-2) ...
Setting up libksba8:amd64 (1.3.5-2) ...
Setting up libfile-fcntllock-perl (0.22-3+b5) ...
Setting up libalgorithm-diff-perl (1.19.03-2) ...
Setting up manpages (4.16-2) ...
Setting up binutils-common:amd64 (2.31.1-16) ...
Setting up linux-libc-dev:amd64 (4.19.67-2+deb10u2) ...
Setting up libnpth0:amd64 (1.6-1) ...
Setting up libassuan0:amd64 (2.5.2-1) ...
Setting up libgomp1:amd64 (8.3.0-6) ...
Setting up libfakeroot:amd64 (1.23-1) ...
Setting up fakeroot (1.23-1) ...
update-alternatives: using /usr/bin/fakeroot-sysv to provide /usr/bin/fakeroot (fakeroot) in auto mode
update-alternatives: warning: skip creation of /usr/share/man/man1/fakeroot.1.gz because associated file /usr/share/man/man1/fakeroot-sysv.1.gz (of link group fakeroot) doesn't exist
update-alternatives: warning: skip creation of /usr/share/man/man1/faked.1.gz because associated file /usr/share/man/man1/faked-sysv.1.gz (of link group fakeroot) doesn't exist
update-alternatives: warning: skip creation of /usr/share/man/es/man1/fakeroot.1.gz because associated file /usr/share/man/es/man1/fakeroot-sysv.1.gz (of link group fakeroot) doesn't exist
update-alternatives: warning: skip creation of /usr/share/man/es/man1/faked.1.gz because associated file /usr/share/man/es/man1/faked-sysv.1.gz (of link group fakeroot) doesn't exist
update-alternatives: warning: skip creation of /usr/share/man/fr/man1/fakeroot.1.gz because associated file /usr/share/man/fr/man1/fakeroot-sysv.1.gz (of link group fakeroot) doesn't exist
update-alternatives: warning: skip creation of /usr/share/man/fr/man1/faked.1.gz because associated file /usr/share/man/fr/man1/faked-sysv.1.gz (of link group fakeroot) doesn't exist
update-alternatives: warning: skip creation of /usr/share/man/sv/man1/fakeroot.1.gz because associated file /usr/share/man/sv/man1/fakeroot-sysv.1.gz (of link group fakeroot) doesn't exist
update-alternatives: warning: skip creation of /usr/share/man/sv/man1/faked.1.gz because associated file /usr/share/man/sv/man1/faked-sysv.1.gz (of link group fakeroot) doesn't exist
Setting up libasan5:amd64 (8.3.0-6) ...
Setting up make (4.2.1-1.2) ...
Setting up libmpfr6:amd64 (4.0.2-1) ...
Setting up gnupg-l10n (2.2.12-1+deb10u1) ...
Setting up libquadmath0:amd64 (8.3.0-6) ...
Setting up libmpc3:amd64 (1.1.0-1) ...
Setting up libatomic1:amd64 (8.3.0-6) ...
Setting up libdpkg-perl (1.19.7) ...
Setting up libmpx2:amd64 (8.3.0-6) ...
Setting up libubsan1:amd64 (8.3.0-6) ...
Setting up libisl19:amd64 (0.20-2) ...
Setting up gpgconf (2.2.12-1+deb10u1) ...
Setting up libbinutils:amd64 (2.31.1-16) ...
Setting up cpp-8 (8.3.0-6) ...
Setting up libc-dev-bin (2.28-10) ...
Setting up libalgorithm-diff-xs-perl (0.04-5+b1) ...
Setting up libcc1-0:amd64 (8.3.0-6) ...
Setting up liblocale-gettext-perl (1.07-3+b4) ...
Setting up gpg (2.2.12-1+deb10u1) ...
Setting up liblsan0:amd64 (8.3.0-6) ...
Setting up libitm1:amd64 (8.3.0-6) ...
Setting up libalgorithm-merge-perl (0.08-3) ...
Setting up gnupg-utils (2.2.12-1+deb10u1) ...
Setting up binutils-x86-64-linux-gnu (2.31.1-16) ...
Setting up libtsan0:amd64 (8.3.0-6) ...
Setting up pinentry-curses (1.1.0-2) ...
Setting up manpages-dev (4.16-2) ...
Setting up gpg-agent (2.2.12-1+deb10u1) ...
Setting up gpgsm (2.2.12-1+deb10u1) ...
Setting up binutils (2.31.1-16) ...
Setting up dpkg-dev (1.19.7) ...
Setting up dirmngr (2.2.12-1+deb10u1) ...
Setting up libgcc-8-dev:amd64 (8.3.0-6) ...
Setting up gpg-wks-server (2.2.12-1+deb10u1) ...
Setting up cpp (4:8.3.0-1) ...
Setting up libc6-dev:amd64 (2.28-10) ...
Setting up libstdc++-8-dev:amd64 (8.3.0-6) ...
Setting up gcc-8 (8.3.0-6) ...
Setting up gpg-wks-client (2.2.12-1+deb10u1) ...
Setting up gcc (4:8.3.0-1) ...
Setting up g++-8 (8.3.0-6) ...
Setting up gnupg (2.2.12-1+deb10u1) ...
Setting up g++ (4:8.3.0-1) ...
update-alternatives: using /usr/bin/g++ to provide /usr/bin/c++ (c++) in auto mode
Setting up build-essential (12.6) ...
Processing triggers for libc-bin (2.28-10) ...
Removing intermediate container b2f09060ae3b
 ---> 8b3c7b29cc12
Step 5/10 : RUN mkdir microservice
 ---> Running in 84cf39340532
Removing intermediate container 84cf39340532
 ---> d8545cce2838
Step 6/10 : WORKDIR /microservice
 ---> Running in 41dc7d9346ed
Removing intermediate container 41dc7d9346ed
 ---> f1383c1ee1b3
Step 7/10 : COPY ./s2i/bin/ /s2i/bin
 ---> 1e1c7e3c3ef1
Step 8/10 : COPY _python /microservice
 ---> 19ba4e702003
Step 9/10 : RUN cd /microservice/python && make install
 ---> Running in be7841c3a935
pip install -e .
Obtaining file:///microservice/python
Collecting Flask<2.0.0 (from seldon-core==1.0.1)
  Downloading https://files.pythonhosted.org/packages/9b/93/628509b8d5dc749656a9641f4caf13540e2cdec85276964ff8f43bbb1d3b/Flask-1.1.1-py2.py3-none-any.whl (94kB)
Collecting Flask-cors<4.0.0 (from seldon-core==1.0.1)
  Downloading https://files.pythonhosted.org/packages/78/38/e68b11daa5d613e3a91e4bf3da76c94ac9ee0d9cd515af9c1ab80d36f709/Flask_Cors-3.0.8-py2.py3-none-any.whl
Collecting redis<4.0.0 (from seldon-core==1.0.1)
  Downloading https://files.pythonhosted.org/packages/32/ae/28613a62eea0d53d3db3147f8715f90da07667e99baeedf1010eb400f8c0/redis-3.3.11-py2.py3-none-any.whl (66kB)
Requirement already satisfied: requests<3.0.0 in /opt/conda/lib/python3.7/site-packages (from seldon-core==1.0.1) (2.22.0)
Collecting numpy<2.0.0 (from seldon-core==1.0.1)
  Downloading https://files.pythonhosted.org/packages/63/0c/0261693cc3ad8e2b66e66dc2d2676a2cc17d3efb1c58a70db73754320e47/numpy-1.18.1-cp37-cp37m-manylinux1_x86_64.whl (20.1MB)
Collecting flatbuffers<2.0.0 (from seldon-core==1.0.1)
  Downloading https://files.pythonhosted.org/packages/c9/84/adf5837f96c39990bc55afdfddf460b38b4562f50341359afa32e4a98de7/flatbuffers-1.11-py2.py3-none-any.whl
Collecting protobuf<4.0.0 (from seldon-core==1.0.1)
  Downloading https://files.pythonhosted.org/packages/4a/14/f5c294f1e36a031f165128c25feba93b3116f15a74398d0b2747ed75744f/protobuf-3.11.2-cp37-cp37m-manylinux1_x86_64.whl (1.3MB)
Collecting grpcio<2.0.0 (from seldon-core==1.0.1)
  Downloading https://files.pythonhosted.org/packages/bc/b3/0052e38c640d52b710e235b15821cc3c61d0065bf54e70a44550ef127349/grpcio-1.26.0-cp37-cp37m-manylinux2010_x86_64.whl (2.4MB)
Collecting Flask-OpenTracing<1.2.0,>=1.1.0 (from seldon-core==1.0.1)
  Downloading https://files.pythonhosted.org/packages/58/6c/6417701ba5ecc8854670c6db3207bcc3e5fbc96289a7cb18d5516d99a1c6/Flask-OpenTracing-1.1.0.tar.gz
Collecting opentracing<2.3.0,>=2.2.0 (from seldon-core==1.0.1)
  Downloading https://files.pythonhosted.org/packages/94/9f/289424136addf621fb4c75624ef9a3a80e8575da3993a87950c57e93217e/opentracing-2.2.0.tar.gz (47kB)
Collecting jaeger-client<4.2.0,>=4.1.0 (from seldon-core==1.0.1)
  Downloading https://files.pythonhosted.org/packages/f1/da/569a4f1bc3d0c412c7f903053f09ef62fa10949374ca90bc852b22dd3860/jaeger-client-4.1.0.tar.gz (80kB)
Collecting grpcio-opentracing<1.2.0,>=1.1.4 (from seldon-core==1.0.1)
  Downloading https://files.pythonhosted.org/packages/db/82/2fcad380697c3dab25de76ee590bcab3eb9bbfb4add916044d7e83ec2b10/grpcio_opentracing-1.1.4-py3-none-any.whl
Collecting pyaml<20.0.0 (from seldon-core==1.0.1)
  Downloading https://files.pythonhosted.org/packages/35/1e/eda9fe07f752ced7afcef590e7d74390f0d9c9c0b7ff98317afbaa0697e3/pyaml-19.12.0-py2.py3-none-any.whl
Collecting gunicorn<20.1.0,>=19.9.0 (from seldon-core==1.0.1)
  Downloading https://files.pythonhosted.org/packages/69/ca/926f7cd3a2014b16870086b2d0fdc84a9e49473c68a8dff8b57f7c156f43/gunicorn-20.0.4-py2.py3-none-any.whl (77kB)
Collecting minio<6.0.0,>=4.0.9 (from seldon-core==1.0.1)
  Downloading https://files.pythonhosted.org/packages/63/e7/2a0b66bfa07871aa453d3f6a6089d16abfd6b69a69aa1b15d436c82b50dd/minio-5.0.6-py2.py3-none-any.whl (62kB)
Collecting azure-storage-blob<3.0.0,>=2.0.1 (from seldon-core==1.0.1)
  Downloading https://files.pythonhosted.org/packages/3e/84/610f379b46d7d3c2d48eadeed6a12b6d46a43100fea70534f5992d0ac996/azure_storage_blob-2.1.0-py2.py3-none-any.whl (88kB)
Requirement already satisfied: setuptools>=41.0.0 in /opt/conda/lib/python3.7/site-packages (from seldon-core==1.0.1) (41.4.0)
Collecting click>=5.1 (from Flask<2.0.0->seldon-core==1.0.1)
  Downloading https://files.pythonhosted.org/packages/fa/37/45185cb5abbc30d7257104c434fe0b07e5a195a6847506c074527aa599ec/Click-7.0-py2.py3-none-any.whl (81kB)
Collecting Jinja2>=2.10.1 (from Flask<2.0.0->seldon-core==1.0.1)
  Downloading https://files.pythonhosted.org/packages/65/e0/eb35e762802015cab1ccee04e8a277b03f1d8e53da3ec3106882ec42558b/Jinja2-2.10.3-py2.py3-none-any.whl (125kB)
Collecting Werkzeug>=0.15 (from Flask<2.0.0->seldon-core==1.0.1)
  Downloading https://files.pythonhosted.org/packages/ce/42/3aeda98f96e85fd26180534d36570e4d18108d62ae36f87694b476b83d6f/Werkzeug-0.16.0-py2.py3-none-any.whl (327kB)
Collecting itsdangerous>=0.24 (from Flask<2.0.0->seldon-core==1.0.1)
  Downloading https://files.pythonhosted.org/packages/76/ae/44b03b253d6fade317f32c24d100b3b35c2239807046a4c953c7b89fa49e/itsdangerous-1.1.0-py2.py3-none-any.whl
Requirement already satisfied: Six in /opt/conda/lib/python3.7/site-packages (from Flask-cors<4.0.0->seldon-core==1.0.1) (1.12.0)
Requirement already satisfied: urllib3!=1.25.0,!=1.25.1,<1.26,>=1.21.1 in /opt/conda/lib/python3.7/site-packages (from requests<3.0.0->seldon-core==1.0.1) (1.24.2)
Requirement already satisfied: chardet<3.1.0,>=3.0.2 in /opt/conda/lib/python3.7/site-packages (from requests<3.0.0->seldon-core==1.0.1) (3.0.4)
Requirement already satisfied: certifi>=2017.4.17 in /opt/conda/lib/python3.7/site-packages (from requests<3.0.0->seldon-core==1.0.1) (2019.11.28)
Requirement already satisfied: idna<2.9,>=2.5 in /opt/conda/lib/python3.7/site-packages (from requests<3.0.0->seldon-core==1.0.1) (2.8)
Collecting threadloop<2,>=1 (from jaeger-client<4.2.0,>=4.1.0->seldon-core==1.0.1)
  Downloading https://files.pythonhosted.org/packages/d3/1d/8398c1645b97dc008d3c658e04beda01ede3d90943d40c8d56863cf891bd/threadloop-1.0.2.tar.gz
Collecting thrift (from jaeger-client<4.2.0,>=4.1.0->seldon-core==1.0.1)
  Downloading https://files.pythonhosted.org/packages/97/1e/3284d19d7be99305eda145b8aa46b0c33244e4a496ec66440dac19f8274d/thrift-0.13.0.tar.gz (59kB)
Collecting tornado<6,>=4.3 (from jaeger-client<4.2.0,>=4.1.0->seldon-core==1.0.1)
  Downloading https://files.pythonhosted.org/packages/e6/78/6e7b5af12c12bdf38ca9bfe863fcaf53dc10430a312d0324e76c1e5ca426/tornado-5.1.1.tar.gz (516kB)
Collecting PyYAML (from pyaml<20.0.0->seldon-core==1.0.1)
  Downloading https://files.pythonhosted.org/packages/3d/d9/ea9816aea31beeadccd03f1f8b625ecf8f645bd66744484d162d84803ce5/PyYAML-5.3.tar.gz (268kB)
Collecting pytz (from minio<6.0.0,>=4.0.9->seldon-core==1.0.1)
  Downloading https://files.pythonhosted.org/packages/e7/f9/f0b53f88060247251bf481fa6ea62cd0d25bf1b11a87888e53ce5b7c8ad2/pytz-2019.3-py2.py3-none-any.whl (509kB)
Collecting python-dateutil (from minio<6.0.0,>=4.0.9->seldon-core==1.0.1)
  Downloading https://files.pythonhosted.org/packages/d4/70/d60450c3dd48ef87586924207ae8907090de0b306af2bce5d134d78615cb/python_dateutil-2.8.1-py2.py3-none-any.whl (227kB)
Collecting azure-common>=1.1.5 (from azure-storage-blob<3.0.0,>=2.0.1->seldon-core==1.0.1)
  Downloading https://files.pythonhosted.org/packages/3f/4b/8881f8446853dfe3d404468689edcff33c0e2bf62ac2ddf31d08d739fadc/azure_common-1.1.24-py2.py3-none-any.whl
Collecting azure-storage-common~=2.1 (from azure-storage-blob<3.0.0,>=2.0.1->seldon-core==1.0.1)
  Downloading https://files.pythonhosted.org/packages/6b/a0/6794b318ce0118d1a4053bdf0149a60807407db9b710354f2b203c2f5975/azure_storage_common-2.1.0-py2.py3-none-any.whl (47kB)
Collecting MarkupSafe>=0.23 (from Jinja2>=2.10.1->Flask<2.0.0->seldon-core==1.0.1)
  Downloading https://files.pythonhosted.org/packages/98/7b/ff284bd8c80654e471b769062a9b43cc5d03e7a615048d96f4619df8d420/MarkupSafe-1.1.1-cp37-cp37m-manylinux1_x86_64.whl
Requirement already satisfied: cryptography in /opt/conda/lib/python3.7/site-packages (from azure-storage-common~=2.1->azure-storage-blob<3.0.0,>=2.0.1->seldon-core==1.0.1) (2.7)
Requirement already satisfied: asn1crypto>=0.21.0 in /opt/conda/lib/python3.7/site-packages (from cryptography->azure-storage-common~=2.1->azure-storage-blob<3.0.0,>=2.0.1->seldon-core==1.0.1) (1.0.1)
Requirement already satisfied: cffi!=1.11.3,>=1.8 in /opt/conda/lib/python3.7/site-packages (from cryptography->azure-storage-common~=2.1->azure-storage-blob<3.0.0,>=2.0.1->seldon-core==1.0.1) (1.12.3)
Requirement already satisfied: pycparser in /opt/conda/lib/python3.7/site-packages (from cffi!=1.11.3,>=1.8->cryptography->azure-storage-common~=2.1->azure-storage-blob<3.0.0,>=2.0.1->seldon-core==1.0.1) (2.19)
Building wheels for collected packages: Flask-OpenTracing, opentracing, jaeger-client, threadloop, thrift, tornado, PyYAML
  Building wheel for Flask-OpenTracing (setup.py): started
  Building wheel for Flask-OpenTracing (setup.py): finished with status 'done'
  Created wheel for Flask-OpenTracing: filename=Flask_OpenTracing-1.1.0-cp37-none-any.whl size=9072 sha256=7f3817eb9b35f39539a4b825a476a2be56b759cc9f06e5e260f043fcef305af4
  Stored in directory: /root/.cache/pip/wheels/7b/dc/25/3cf0b35c129232ee596c413f13d1d1f5a8e38c427266276dfd
  Building wheel for opentracing (setup.py): started
  Building wheel for opentracing (setup.py): finished with status 'done'
  Created wheel for opentracing: filename=opentracing-2.2.0-cp37-none-any.whl size=49320 sha256=da46b3a42e874522ac504e037c79151b4e4dfb383de166cdce6163ab0bb02a75
  Stored in directory: /root/.cache/pip/wheels/93/e9/b5/1cdc3544f99a54caca13832b5afa26fd98701fe709dc049576
  Building wheel for jaeger-client (setup.py): started
  Building wheel for jaeger-client (setup.py): finished with status 'done'
  Created wheel for jaeger-client: filename=jaeger_client-4.1.0-cp37-none-any.whl size=64309 sha256=79ca6851f43bf4eedd82543d4efe97c94fa53ce4daad28601e0541c3b7814df2
  Stored in directory: /root/.cache/pip/wheels/f2/84/7f/e89da3ee8ce35598d6382b6389fa2ada5d66acca2422537994
  Building wheel for threadloop (setup.py): started
  Building wheel for threadloop (setup.py): finished with status 'done'
  Created wheel for threadloop: filename=threadloop-1.0.2-cp37-none-any.whl size=3424 sha256=8f2ac764abca4895c129cb45a1ba5834c18b6b523dd6d36b026075064e100fd0
  Stored in directory: /root/.cache/pip/wheels/d7/7a/30/d212623a4cd34f6cce400f8122b1b7af740d3440c68023d51f
  Building wheel for thrift (setup.py): started
  Building wheel for thrift (setup.py): finished with status 'done'
  Created wheel for thrift: filename=thrift-0.13.0-cp37-cp37m-linux_x86_64.whl size=486859 sha256=fbf7b4f5588f09270605c31c768923be6a3fdb1c90878b55aa63b3af8ea6bbe3
  Stored in directory: /root/.cache/pip/wheels/02/a2/46/689ccfcf40155c23edc7cdbd9de488611c8fdf49ff34b1706e
  Building wheel for tornado (setup.py): started
  Building wheel for tornado (setup.py): finished with status 'done'
  Created wheel for tornado: filename=tornado-5.1.1-cp37-cp37m-linux_x86_64.whl size=463622 sha256=67cd27f90e40e299298fe1f9ab2e8a8f7747c081593e10d287295ac312b08111
  Stored in directory: /root/.cache/pip/wheels/6d/e1/ce/f4ee2fa420cc6b940123c64992b81047816d0a9fad6b879325
  Building wheel for PyYAML (setup.py): started
  Building wheel for PyYAML (setup.py): finished with status 'done'
  Created wheel for PyYAML: filename=PyYAML-5.3-cp37-cp37m-linux_x86_64.whl size=44228 sha256=31abe15950f87dcd4a6ba6a21207ce120324bf5109f421ddfebcb8fd60f7e7ec
  Stored in directory: /root/.cache/pip/wheels/e4/76/4d/a95b8dd7b452b69e8ed4f68b69e1b55e12c9c9624dd962b191
Successfully built Flask-OpenTracing opentracing jaeger-client threadloop thrift tornado PyYAML
Installing collected packages: click, MarkupSafe, Jinja2, Werkzeug, itsdangerous, Flask, Flask-cors, redis, numpy, flatbuffers, protobuf, grpcio, opentracing, Flask-OpenTracing, tornado, threadloop, thrift, jaeger-client, grpcio-opentracing, PyYAML, pyaml, gunicorn, pytz, python-dateutil, minio, azure-common, azure-storage-common, azure-storage-blob, seldon-core
  Running setup.py develop for seldon-core
Successfully installed Flask-1.1.1 Flask-OpenTracing-1.1.0 Flask-cors-3.0.8 Jinja2-2.10.3 MarkupSafe-1.1.1 PyYAML-5.3 Werkzeug-0.16.0 azure-common-1.1.24 azure-storage-blob-2.1.0 azure-storage-common-2.1.0 click-7.0 flatbuffers-1.11 grpcio-1.26.0 grpcio-opentracing-1.1.4 gunicorn-20.0.4 itsdangerous-1.1.0 jaeger-client-4.1.0 minio-5.0.6 numpy-1.18.1 opentracing-2.2.0 protobuf-3.11.2 pyaml-19.12.0 python-dateutil-2.8.1 pytz-2019.3 redis-3.3.11 seldon-core threadloop-1.0.2 thrift-0.13.0 tornado-5.1.1
Removing intermediate container be7841c3a935
 ---> 9b91d955779c
Step 10/10 : EXPOSE 5000
 ---> Running in 356ac074067a
Removing intermediate container 356ac074067a
 ---> cd007cdadfad
Successfully built cd007cdadfad
Successfully tagged seldonio/seldon-core-s2i-python37:0.17-SNAPSHOT
make[1]: Leaving directory '/workspace/source/wrappers/s2i/python'
make[1]: Entering directory '/workspace/source/wrappers/s2i/python'
docker tag docker.io/seldonio/seldon-core-s2i-python`echo -n 3.7 | sed 's/\.//g'`:0.17-SNAPSHOT docker.io/seldonio/seldon-core-s2i-python`echo -n 3.7 | cut -d. -f1`:0.17-SNAPSHOT
make[1]: Leaving directory '/workspace/source/wrappers/s2i/python'
Files changed in operator folder:
operator/apis/machinelearning/v1/seldondeployment_types.go
operator/apis/machinelearning/v1/seldondeployment_webhook.go
operator/config/crd/bases/machinelearning.seldon.io_seldondeployments.yaml
operator/config/crd/kustomization.yaml
operator/config/manager/manager.yaml
operator/constants/constants.go
operator/controllers/ambassador.go
operator/controllers/seldondeployment_controller.go
operator/controllers/seldondeployment_engine.go
operator/controllers/seldondeployment_prepackaged_servers.go
operator/controllers/seldondeployment_prepackaged_servers_test.go
operator/helm/split_resources.py
cd ../../operator && make kind-image-install
make[1]: Entering directory '/workspace/source/operator'
go: creating new go.mod: module tmp
go: finding sigs.k8s.io/controller-tools/cmd/controller-gen v0.2.4
go: finding sigs.k8s.io/controller-tools/cmd v0.2.4
go: finding sigs.k8s.io/controller-tools v0.2.4
go: downloading sigs.k8s.io/controller-tools v0.2.4
go: extracting sigs.k8s.io/controller-tools v0.2.4
go: finding github.com/fatih/color v1.7.0
go: finding github.com/spf13/pflag v1.0.3
go: finding github.com/google/go-cmp v0.3.0
go: finding github.com/onsi/gomega v1.5.0
go: finding github.com/onsi/ginkgo v1.8.0
go: finding golang.org/x/tools v0.0.0-20190621195816-6e04913cbbac
go: finding k8s.io/api v0.0.0-20190918155943-95b840bb6a1f
go: finding sigs.k8s.io/yaml v1.1.0
go: finding gopkg.in/inf.v0 v0.9.1
go: finding gopkg.in/yaml.v3 v3.0.0-20190905181640-827449938966
go: finding github.com/mattn/go-colorable v0.1.2
go: finding github.com/gobuffalo/flect v0.1.5
go: finding github.com/golang/protobuf v1.2.0
go: finding k8s.io/apiextensions-apiserver v0.0.0-20190918161926-8f644eb6e783
go: finding k8s.io/utils v0.0.0-20190801114015-581e00157fb1
go: finding gopkg.in/tomb.v1 v1.0.0-20141024135613-dd632973f1e7
go: finding k8s.io/apimachinery v0.0.0-20190913080033-27d36303b655
go: finding github.com/gogo/protobuf v1.2.2-0.20190723190241-65acae22fc9d
go: finding gopkg.in/fsnotify.v1 v1.4.7
go: finding gopkg.in/yaml.v2 v2.2.1
go: finding github.com/fsnotify/fsnotify v1.4.7
go: finding github.com/stretchr/testify v1.3.0
go: finding github.com/mattn/go-isatty v0.0.8
go: finding github.com/davecgh/go-spew v1.1.1
go: finding golang.org/x/net v0.0.0-20180906233101-161cd47e91fd
go: finding github.com/onsi/ginkgo v1.6.0
go: finding github.com/pborman/uuid v1.2.0
go: finding github.com/spf13/afero v1.2.2
go: finding github.com/prometheus/client_golang v0.9.2
go: finding github.com/go-openapi/spec v0.19.2
go: finding github.com/hashicorp/golang-lru v0.5.1
go: finding github.com/pmezard/go-difflib v1.0.0
go: finding github.com/hpcloud/tail v1.0.0
go: finding github.com/google/gofuzz v1.0.0
go: finding github.com/stretchr/ob** v0.1.0
go: finding k8s.io/klog v0.3.0
go: finding github.com/davecgh/go-spew v1.1.0
go: finding github.com/go-openapi/errors v0.19.2
go: finding github.com/json-iterator/go v1.1.7
go: finding k8s.io/klog v0.4.0
go: finding github.com/kr/pretty v0.1.0
go: finding k8s.io/component-base v0.0.0-20190918160511-547f6c5d7090
go: finding github.com/go-openapi/validate v0.19.2
go: finding gopkg.in/check.v1 v0.0.0-20161208181325-20d25e280405
go: finding github.com/coreos/etcd v3.3.15+incompatible
go: finding github.com/google/uuid v1.0.0
go: finding github.com/go-openapi/jsonreference v0.19.2
go: finding github.com/prometheus/common v0.0.0-20181126121408-4724e9255275
go: finding github.com/kr/pty v1.1.5
go: finding gopkg.in/inf.v0 v0.9.0
go: finding golang.org/x/crypto v0.0.0-20190611184440-5c40567a22f8
go: finding github.com/prometheus/client_model v0.0.0-20180712105110-5c3871d89910
go: finding github.com/google/uuid v1.1.1
go: finding golang.org/x/net v0.0.0-20190311183353-d8887717615a
go: finding github.com/docker/spdystream v0.0.0-20160310174837-449fdfce4d96
go: finding golang.org/x/sync v0.0.0-20180314180146-1d60e4601c6f
go: finding github.com/go-openapi/strfmt v0.19.0
go: finding k8s.io/kube-openapi v0.0.0-20190816220812-743ec37842bf
go: finding github.com/go-openapi/swag v0.19.2
go: finding github.com/evanphx/json-patch v4.2.0+incompatible
go: finding github.com/golang/protobuf v1.3.1
go: finding github.com/mxk/go-flowrate v0.0.0-20140419014527-cca7078d478f
go: finding golang.org/x/net v0.0.0-20190404232315-eb5bcb51f2a3
go: finding github.com/googleapis/gnostic v0.0.0-20170729233727-0c5108395e2d
go: finding github.com/kr/text v0.1.0
go: finding github.com/modern-go/concurrent v0.0.0-20180228061459-e0a39a4cb421
go: finding github.com/go-logr/logr v0.1.0
go: finding github.com/mitchellh/mapstructure v1.1.2
go: finding github.com/mailru/easyjson v0.0.0-20180823135443-60711f1a8329
go: finding github.com/modern-go/reflect2 v1.0.1
go: finding github.com/beorn7/perks v0.0.0-20180321164747-3a771d992973
go: finding k8s.io/code-generator v0.0.0-20190912054826-cd179ad6a269
go: finding k8s.io/client-go v0.0.0-20190918160344-1fbdaa4c8d90
go: finding gopkg.in/check.v1 v1.0.0-20180628173108-788fd7840127
go: finding github.com/kr/pty v1.1.1
go: finding github.com/go-openapi/analysis v0.19.2
go: finding github.com/spf13/cobra v0.0.5
go: finding github.com/blang/semver v3.5.0+incompatible
go: finding github.com/matttproud/golang_protobuf_extensions v1.0.1
go: finding github.com/spf13/pflag v0.0.0-20170130214245-9ff6c6923cff
go: finding sigs.k8s.io/structured-merge-diff v0.0.0-20190525122527-15d366b2352e
go: finding golang.org/x/net v0.0.0-20181201002055-351d144fa1fc
go: finding github.com/onsi/gomega v0.0.0-20170829124025-dcabb60a477c
go: finding golang.org/x/sys v0.0.0-20190412213103-97732733099d
go: finding golang.org/x/sys v0.0.0-20180909124046-d0be0721c37e
go: finding github.com/asaskevich/govalidator v0.0.0-20180720115003-f9ffefc3facf
go: finding k8s.io/klog v0.0.0-20181102134211-b9b56d5dfc92
go: finding github.com/BurntSushi/toml v0.3.1
go: finding golang.org/x/sys v0.0.0-20170830134202-bb24a47a89ea
go: finding k8s.io/apiserver v0.0.0-20190918160949-bfa5e2e684ad
go: finding github.com/mitchellh/go-homedir v1.1.0
go: finding github.com/json-iterator/go v0.0.0-20180612202835-f2b4162afba3
go: finding github.com/modern-go/concurrent v0.0.0-20180306012644-bacd9c7ef1dd
go: finding github.com/globalsign/mgo v0.0.0-20180905125535-1ca0a4f7cbcb
go: finding golang.org/x/text v0.0.0-20160726164857-2910a502d2bf
go: finding github.com/kisielk/gotool v1.0.0
go: finding github.com/gophercloud/gophercloud v0.1.0
go: finding golang.org/x/time v0.0.0-20181108054448-85acf8d2951c
go: finding golang.org/x/net v0.0.0-20190613194153-d28f0bde5980
go: finding github.com/Azure/go-autorest/autorest v0.9.0
go: finding golang.org/x/oauth2 v0.0.0-20190604053449-0f29369cfe45
go: finding github.com/go-openapi/jsonpointer v0.19.2
go: finding github.com/gregjones/httpcache v0.0.0-20170728041850-787624de3eb7
go: finding github.com/go-openapi/spec v0.0.0-20160808142527-6aced65f8501
go: finding google.golang.org/appengine v1.5.0
go: finding github.com/mailru/easyjson v0.0.0-20190614124828-94de47d64c63
go: finding github.com/go-openapi/jsonpointer v0.0.0-20160704185906-46af16f9f7b1
go: finding github.com/PuerkitoBio/urlesc v0.0.0-20160726150825-5bd2802263f2
go: finding github.com/mailru/easyjson v0.0.0-20160728113105-d5b7844b561a
go: finding github.com/modern-go/reflect2 v0.0.0-20180320133207-05fbef0ca5da
go: finding github.com/coreos/go-systemd v0.0.0-20180511133405-39ca1b05acc7
go: finding github.com/emicklei/go-restful v2.9.5+incompatible
go: finding google.golang.org/grpc v1.23.0
go: finding golang.org/x/sys v0.0.0-20190222072716-a9d3bda3a223
go: finding github.com/asaskevich/govalidator v0.0.0-20190424111038-f61b66f89f4a
go: finding github.com/grpc-ecosystem/go-grpc-prometheus v1.2.0
go: finding github.com/elazarl/goproxy v0.0.0-20170405201442-c4fc26588b6e
go: finding github.com/xiang90/probing v0.0.0-20160813154853-07dd2e8dfe18
go: finding gonum.org/v1/netlib v0.0.0-20190331212654-76723241ea4e
go: finding github.com/PuerkitoBio/urlesc v0.0.0-20170810143723-de5bf2ad4578
go: finding github.com/stretchr/testify v0.0.0-20151208002404-e3a8ff8ce365
go: finding github.com/spf13/viper v1.3.2
go: finding gopkg.in/natefinch/lumberjack.v2 v2.0.0
go: finding golang.org/x/tools v0.0.0-20190614205625-5aca471b1d59
go: finding github.com/PuerkitoBio/purell v1.1.1
go: finding go.uber.org/multierr v0.0.0-20180122172545-ddea229ff1df
go: finding github.com/tmc/grpc-websocket-proxy v0.0.0-20170815181823-89b8d40f7ca8
go: finding github.com/pkg/errors v0.8.0
go: finding golang.org/x/sys v0.0.0-20190215142949-d0b11bdaac8a
go: finding golang.org/x/sync v0.0.0-20181108010431-42b317875d0f
go: finding cloud.google.com/go v0.34.0
go: finding github.com/google/go-cmp v0.2.0
go: finding github.com/Azure/go-autorest/autorest/mocks v0.2.0
go: finding gonum.org/v1/gonum v0.0.0-20190331200053-3d26580ed485
go: finding github.com/armon/consul-api v0.0.0-20180202201655-eb2c6b5be1b6
go: finding k8s.io/gengo v0.0.0-20190822140433-26a664648505
go: finding golang.org/x/net v0.0.0-20170114055629-f2499483f923
go: finding golang.org/x/crypto v0.0.0-20190308221718-c2843e01d9a2
go: finding golang.org/x/tools v0.0.0-20181011042414-1f849cf54d09
go: finding github.com/pelletier/go-toml v1.2.0
go: finding github.com/spf13/afero v1.1.2
go: finding github.com/coreos/go-semver v0.2.0
go: finding github.com/emicklei/go-restful v0.0.0-20170410110728-ff4f55a20633
go: finding golang.org/x/net v0.0.0-20190108225652-1e06a53dbb7e
go: finding github.com/ugorji/go/codec v0.0.0-20181204163529-d75b2dcb6bc8
go: finding github.com/coreos/etcd v3.3.10+incompatible
go: finding github.com/NYTimes/gziphandler v0.0.0-20170623195520-56545f4a5d46
go: finding github.com/go-openapi/loads v0.19.2
go: finding golang.org/x/sys v0.0.0-20190209173611-3b5209105503
go: finding golang.org/x/net v0.0.0-20190812203447-cdfb69ac37fc
go: finding golang.org/x/crypto v0.0.0-20190211182817-74369b46fc67
go: finding github.com/cpuguy83/go-md2man v1.0.10
go: finding github.com/jonboulle/clockwork v0.1.0
go: finding github.com/Azure/go-autorest/tracing v0.5.0
go: finding github.com/docker/docker v0.7.3-0.20190327010347-be7ac8be2ae0
go: finding github.com/go-openapi/runtime v0.19.0
go: finding google.golang.org/appengine v1.1.0
go: finding github.com/google/gofuzz v0.0.0-20161122191042-44d81051d367
go: finding gopkg.in/yaml.v2 v2.2.2
go: finding golang.org/x/exp v0.0.0-20190125153040-c74c464bbbf2
go: finding github.com/prometheus/procfs v0.0.0-20181204211112-1dc9a6cbc91a
go: finding golang.org/x/tools v0.0.0-20190206041539-40960b6deb8e
go: finding github.com/Azure/go-autorest/autorest/adal v0.5.0
go: finding github.com/coreos/go-etcd v2.0.0+incompatible
go: finding github.com/kisielk/errcheck v1.2.0
go: finding github.com/sirupsen/logrus v1.4.2
go: finding github.com/grpc-ecosystem/grpc-gateway v1.3.0
go: finding google.golang.org/genproto v0.0.0-20180817151627-c66870c02cf8
go: finding github.com/coreos/pkg v0.0.0-20180108230652-97fdf19511ea
go: finding modernc.org/mathutil v1.0.0
go: finding github.com/peterbourgon/diskv v2.0.1+incompatible
go: finding github.com/PuerkitoBio/purell v1.0.0
go: finding github.com/gorilla/websocket v1.4.0
go: finding github.com/grpc-ecosystem/go-grpc-middleware v0.0.0-20190222133341-cfaf5686ec79
go: finding github.com/globalsign/mgo v0.0.0-20181015135952-eeefdecb41b8
go: finding github.com/coreos/go-semver v0.3.0
go: finding golang.org/x/text v0.3.2
go: finding github.com/Azure/go-autorest/autorest/mocks v0.1.0
go: finding modernc.org/cc v1.0.0
go: finding golang.org/x/lint v0.0.0-20190313153728-d0100b6bd8b3
go: finding github.com/Azure/go-autorest/logger v0.1.0
go: finding gonum.org/v1/netlib v0.0.0-20190313105609-8cb42192e0e0
go: finding golang.org/x/net v0.0.0-20180724234803-3673e40ba225
go: finding github.com/go-openapi/swag v0.0.0-20160704191624-1d0bd113de87
go: finding github.com/russross/blackfriday v1.5.2
go: finding cloud.google.com/go v0.26.0
go: finding github.com/stretchr/ob** v0.2.0
go: finding github.com/golang/protobuf v0.0.0-20161109072736-4bd1920723d7
go: finding golang.org/x/sys v0.0.0-20181205085412-a5c9d58dba9a
go: finding golang.org/x/text v0.3.0
go: finding modernc.org/xc v1.0.0
go: finding github.com/go-openapi/jsonpointer v0.18.0
go: finding github.com/mailru/easyjson v0.0.0-20190312143242-1de009706dbe
go: finding modernc.org/golex v1.0.0
go: finding google.golang.org/appengine v1.4.0
go: finding github.com/go-openapi/swag v0.18.0
go: finding github.com/konsorten/go-windows-terminal-sequences v1.0.1
go: finding github.com/spf13/cast v1.3.0
go: finding golang.org/x/tools v0.0.0-20180917221912-90fa682c2a6e
go: finding github.com/imdario/mergo v0.3.5
go: finding github.com/go-openapi/spec v0.18.0
go: finding github.com/go-openapi/errors v0.18.0
go: finding golang.org/x/oauth2 v0.0.0-20180821212333-d2e6202438be
go: finding github.com/Azure/go-autorest/autorest/date v0.1.0
go: finding golang.org/x/sys v0.0.0-20190321052220-f7bb7a8bee54
go: finding golang.org/x/tools v0.0.0-20181030221726-6c7e314b6563
go: finding github.com/golang/groupcache v0.0.0-20160516000752-02826c3e7903
go: finding gopkg.in/square/go-jose.v2 v2.2.2
go: finding github.com/spf13/jwalterweatherman v1.0.0
go: finding golang.org/x/net v0.0.0-20181005035420-146acd28ed58
go: finding github.com/go-openapi/swag v0.17.0
go: finding github.com/go-openapi/jsonreference v0.17.0
go: finding golang.org/x/sys v0.0.0-20190422165155-953cdadca894
go: finding github.com/go-openapi/strfmt v0.18.0
go: finding github.com/davecgh/go-spew v0.0.0-20151105211317-5215b55f46b2
go: finding github.com/PuerkitoBio/purell v1.1.0
go: finding github.com/docker/go-units v0.3.3
go: finding github.com/soheilhy/cmux v0.1.3
go: finding github.com/go-openapi/validate v0.18.0
go: finding golang.org/x/net v0.0.0-20190320064053-1272bf9dcd53
go: finding github.com/onsi/ginkgo v0.0.0-20170829012221-11459a886d9c
go: finding github.com/go-openapi/loads v0.18.0
go: finding github.com/go-openapi/loads v0.19.0
go: finding github.com/pmezard/go-difflib v0.0.0-20151028094244-d8ed2627bdf0
go: finding golang.org/x/sys v0.0.0-20190616124812-15dcb6c0061f
go: finding github.com/coreos/go-oidc v2.1.0+incompatible
go: finding github.com/golang/glog v0.0.0-20160126235308-23def4e6c14b
go: finding modernc.org/strutil v1.0.0
go: finding golang.org/x/sync v0.0.0-20190423024810-112230192c58
go: finding github.com/client9/misspell v0.3.4
go: finding github.com/dgrijalva/jwt-go v3.2.0+incompatible
go: finding sigs.k8s.io/structured-merge-diff v0.0.0-20190817042607-6149e4549fca
go: finding github.com/go-openapi/jsonpointer v0.17.0
go: finding github.com/json-iterator/go v1.1.6
go: finding github.com/go-openapi/analysis v0.18.0
go: finding golang.org/x/crypto v0.0.0-20181203042331-505ab145d0a9
go: finding github.com/go-openapi/jsonreference v0.0.0-20160704190145-13c6e3589ad9
go: finding honnef.co/go/tools v0.0.0-20190523083050-ea95bdfd59fc
go: finding go.uber.org/zap v0.0.0-20180814183419-67bc79d13d15
go: finding github.com/magiconair/properties v1.8.0
go: finding go.uber.org/atomic v0.0.0-20181018215023-8dc6146f7569
go: finding github.com/ghodss/yaml v0.0.0-20150909031657-73d445a93680
go: finding github.com/go-openapi/runtime v0.0.0-20180920151709-4f900dc2ade9
go: finding github.com/inconshreveable/mousetrap v1.0.0
go: finding github.com/Azure/go-ansiterm v0.0.0-20170929234023-d6e3b3328b78
go: finding github.com/go-openapi/errors v0.17.0
go: finding golang.org/x/tools v0.0.0-20190311212946-11955173bddd
go: finding golang.org/x/exp v0.0.0-20190312203227-4b39c73a6495
go: finding github.com/stretchr/ob** v0.1.1
go: finding golang.org/x/tools v0.0.0-20190524140312-2c0ae7006135
go: finding cloud.google.com/go v0.38.0
go: finding golang.org/x/image v0.0.0-20190227222117-0694c2d4d067
go: finding github.com/hashicorp/hcl v1.0.0
go: finding github.com/go-openapi/loads v0.17.0
go: finding github.com/go-openapi/analysis v0.17.0
go: finding github.com/stretchr/testify v1.2.2
go: finding github.com/remyoudompheng/bigfft v0.0.0-20170806203942-52369c62f446
go: finding golang.org/x/sys v0.0.0-20190312061237-fead79001313
go: finding golang.org/x/crypto v0.0.0-20190320223903-b7391e95e576
go: finding github.com/pquerna/cachecontrol v0.0.0-20171018203845-0dec1b30a021
go: finding golang.org/x/sync v0.0.0-20181221193216-37e7f081c4d4
go: finding github.com/xordataexchange/crypt v0.0.3-0.20170626215501-b2862e3d0a77
go: finding golang.org/x/text v0.3.1-0.20180807135948-17ff2d5776d2
go: finding github.com/go-openapi/jsonreference v0.18.0
go: finding honnef.co/go/tools v0.0.0-20190106161140-3f1c8253044a
go: finding github.com/google/pprof v0.0.0-20181206194817-3ea8567a2e57
go: finding github.com/google/btree v0.0.0-20180813153112-4030bb1f1f0c
go: finding golang.org/x/lint v0.0.0-20190301231843-5614ed5bae6f
go: finding google.golang.org/grpc v1.19.0
go: finding github.com/modern-go/reflect2 v0.0.0-20180701023420-4b7aa43c6742
go: finding github.com/googleapis/gax-go/v2 v2.0.4
go: finding github.com/google/martian v2.1.0+incompatible
go: finding github.com/go-openapi/spec v0.17.0
go: finding golang.org/x/tools v0.0.0-20190312170243-e65039ee4138
go: finding github.com/coreos/bbolt v1.3.1-coreos.6
go: finding github.com/jstemmer/go-junit-report v0.0.0-20190106144839-af01ea7f8024
go: finding golang.org/x/sync v0.0.0-20190227155943-e225da77a7e6
go: finding google.golang.org/genproto v0.0.0-20190502173448-54afdca5d873
go: finding go.opencensus.io v0.21.0
go: finding golang.org/x/net v0.0.0-20190213061140-3a22650c66bd
go: finding golang.org/x/tools v0.0.0-20190226205152-f727befe758c
go: finding github.com/golang/mock v1.1.1
go: finding golang.org/x/oauth2 v0.0.0-20190226205417-e64efc72b421
go: finding google.golang.org/genproto v0.0.0-20190418145605-e7d98fc518a7
go: finding github.com/go-openapi/analysis v0.0.0-20180825180245-b006789cd277
go: finding google.golang.org/api v0.4.0
go: finding k8s.io/gengo v0.0.0-20190128074634-0689ccc1d7d6
go: finding golang.org/x/exp v0.0.0-20190121172915-509febef88a4
go: finding golang.org/x/tools v0.0.0-20190114222345-bf090417da8b
go: finding github.com/munnerz/goautoneg v0.0.0-20120707110453-a547fc61f48d
go: finding honnef.co/go/tools v0.0.0-20190102054323-c2f93a96b099
go: finding golang.org/x/sys v0.0.0-20180830151530-49385e6e1522
go: finding gotest.tools v2.2.0+incompatible
go: finding golang.org/x/lint v0.0.0-20190227174305-5b3e6a55c961
go: finding github.com/BurntSushi/xgb v0.0.0-20160522181843-27f122750802
go: finding github.com/golang/mock v1.2.0
go: finding golang.org/x/mobile v0.0.0-20190312151609-d3739f865fa6
go: finding github.com/go-openapi/strfmt v0.17.0
go: finding golang.org/x/lint v0.0.0-20181026193005-c67002cb31c3
go: finding golang.org/x/tools v0.0.0-20190312151545-0bb0c0a6e846
go: finding golang.org/x/net v0.0.0-20180826012351-8a410e7b638d
go: finding github.com/hashicorp/golang-lru v0.5.0
go: finding google.golang.org/genproto v0.0.0-20190307195333-5fe7a883aa19
go: downloading github.com/spf13/cobra v0.0.5
go: downloading k8s.io/apimachinery v0.0.0-20190913080033-27d36303b655
go: downloading sigs.k8s.io/yaml v1.1.0
go: downloading golang.org/x/tools v0.0.0-20190621195816-6e04913cbbac
go: downloading k8s.io/apiextensions-apiserver v0.0.0-20190918161926-8f644eb6e783
go: downloading gopkg.in/yaml.v3 v3.0.0-20190905181640-827449938966
go: extracting sigs.k8s.io/yaml v1.1.0
go: downloading github.com/gobuffalo/flect v0.1.5
go: extracting github.com/gobuffalo/flect v0.1.5
go: extracting gopkg.in/yaml.v3 v3.0.0-20190905181640-827449938966
go: downloading gopkg.in/yaml.v2 v2.2.2
go: extracting github.com/spf13/cobra v0.0.5
go: downloading github.com/spf13/pflag v1.0.3
go: extracting gopkg.in/yaml.v2 v2.2.2
go: downloading github.com/fatih/color v1.7.0
go: extracting github.com/spf13/pflag v1.0.3
go: downloading k8s.io/api v0.0.0-20190918155943-95b840bb6a1f
go: extracting k8s.io/apiextensions-apiserver v0.0.0-20190918161926-8f644eb6e783
go: downloading k8s.io/utils v0.0.0-20190801114015-581e00157fb1
go: extracting k8s.io/apimachinery v0.0.0-20190913080033-27d36303b655
go: extracting github.com/fatih/color v1.7.0
go: extracting k8s.io/utils v0.0.0-20190801114015-581e00157fb1
go: downloading github.com/mattn/go-colorable v0.1.2
go: extracting github.com/mattn/go-colorable v0.1.2
go: downloading github.com/gogo/protobuf v1.2.2-0.20190723190241-65acae22fc9d
go: downloading gopkg.in/inf.v0 v0.9.1
go: downloading k8s.io/klog v0.4.0
go: downloading github.com/mattn/go-isatty v0.0.8
go: downloading github.com/google/gofuzz v1.0.0
go: extracting github.com/mattn/go-isatty v0.0.8
go: downloading golang.org/x/net v0.0.0-20190812203447-cdfb69ac37fc
go: downloading golang.org/x/sys v0.0.0-20190616124812-15dcb6c0061f
go: extracting gopkg.in/inf.v0 v0.9.1
go: extracting github.com/google/gofuzz v1.0.0
go: extracting k8s.io/klog v0.4.0
go: extracting golang.org/x/net v0.0.0-20190812203447-cdfb69ac37fc
go: downloading golang.org/x/text v0.3.2
go: extracting golang.org/x/tools v0.0.0-20190621195816-6e04913cbbac
go: extracting golang.org/x/sys v0.0.0-20190616124812-15dcb6c0061f
go: extracting k8s.io/api v0.0.0-20190918155943-95b840bb6a1f
go: extracting github.com/gogo/protobuf v1.2.2-0.20190723190241-65acae22fc9d
go: extracting golang.org/x/text v0.3.2
/builder/home/go/bin/controller-gen object:headerFile=./hack/boilerplate.go.txt paths="./..."
go fmt ./...
go vet ./...
go: downloading github.com/onsi/gomega v1.5.0
go: downloading github.com/onsi/ginkgo v1.8.0
go: downloading github.com/Azure/go-autorest/autorest v0.9.2
go: downloading github.com/gophercloud/gophercloud v0.4.0
go: downloading sigs.k8s.io/testing_frameworks v0.1.1
go: extracting github.com/onsi/gomega v1.5.0
go: extracting github.com/Azure/go-autorest/autorest v0.9.2
go: downloading github.com/Azure/go-autorest/autorest/adal v0.7.0
go: downloading github.com/Azure/go-autorest/tracing v0.5.0
go: downloading github.com/Azure/go-autorest/logger v0.1.0
go: extracting github.com/onsi/ginkgo v1.8.0
go: extracting github.com/Azure/go-autorest/autorest/adal v0.7.0
go: extracting github.com/Azure/go-autorest/tracing v0.5.0
go: downloading github.com/dgrijalva/jwt-go v3.2.0+incompatible
go: downloading github.com/Azure/go-autorest/autorest/date v0.2.0
go: extracting github.com/Azure/go-autorest/logger v0.1.0
go: downloading github.com/hpcloud/tail v1.0.0
go: extracting github.com/Azure/go-autorest/autorest/date v0.2.0
go: extracting github.com/hpcloud/tail v1.0.0
go: downloading gopkg.in/tomb.v1 v1.0.0-20141024135613-dd632973f1e7
go: extracting github.com/dgrijalva/jwt-go v3.2.0+incompatible
go: extracting gopkg.in/tomb.v1 v1.0.0-20141024135613-dd632973f1e7
go: extracting github.com/gophercloud/gophercloud v0.4.0
go: extracting sigs.k8s.io/testing_frameworks v0.1.1
/builder/home/go/bin/controller-gen "crd:trivialVersions=true" rbac:roleName=manager-role webhook paths="./..." output:crd:artifacts:config=config/crd/bases
go test ./... -coverprofile cover.out
?   	github.com/seldonio/seldon-core/operator	[no test files]
?   	github.com/seldonio/seldon-core/operator/apis/machinelearning/v1	[no test files]
?   	github.com/seldonio/seldon-core/operator/apis/machinelearning/v1alpha2	[no test files]
?   	github.com/seldonio/seldon-core/operator/apis/machinelearning/v1alpha3	[no test files]
?   	github.com/seldonio/seldon-core/operator/client/machinelearning/v1/clientset/versioned	[no test files]
?   	github.com/seldonio/seldon-core/operator/client/machinelearning/v1/clientset/versioned/fake	[no test files]
?   	github.com/seldonio/seldon-core/operator/client/machinelearning/v1/clientset/versioned/scheme	[no test files]
?   	github.com/seldonio/seldon-core/operator/client/machinelearning/v1/clientset/versioned/typed/machinelearning/v1	[no test files]
?   	github.com/seldonio/seldon-core/operator/client/machinelearning/v1/clientset/versioned/typed/machinelearning/v1/fake	[no test files]
?   	github.com/seldonio/seldon-core/operator/client/machinelearning/v1/informers/externalversions	[no test files]
?   	github.com/seldonio/seldon-core/operator/client/machinelearning/v1/informers/externalversions/internalinterfaces	[no test files]
?   	github.com/seldonio/seldon-core/operator/client/machinelearning/v1/informers/externalversions/machinelearning	[no test files]
?   	github.com/seldonio/seldon-core/operator/client/machinelearning/v1/informers/externalversions/machinelearning/v1	[no test files]
?   	github.com/seldonio/seldon-core/operator/client/machinelearning/v1/listers/machinelearning/v1	[no test files]
?   	github.com/seldonio/seldon-core/operator/client/machinelearning/v1alpha2/clientset/versioned	[no test files]
?   	github.com/seldonio/seldon-core/operator/client/machinelearning/v1alpha2/clientset/versioned/fake	[no test files]
?   	github.com/seldonio/seldon-core/operator/client/machinelearning/v1alpha2/clientset/versioned/scheme	[no test files]
?   	github.com/seldonio/seldon-core/operator/client/machinelearning/v1alpha2/clientset/versioned/typed/machinelearning/v1alpha2	[no test files]
?   	github.com/seldonio/seldon-core/operator/client/machinelearning/v1alpha2/clientset/versioned/typed/machinelearning/v1alpha2/fake	[no test files]
?   	github.com/seldonio/seldon-core/operator/client/machinelearning/v1alpha2/informers/externalversions	[no test files]
?   	github.com/seldonio/seldon-core/operator/client/machinelearning/v1alpha2/informers/externalversions/internalinterfaces	[no test files]
?   	github.com/seldonio/seldon-core/operator/client/machinelearning/v1alpha2/informers/externalversions/machinelearning	[no test files]
?   	github.com/seldonio/seldon-core/operator/client/machinelearning/v1alpha2/informers/externalversions/machinelearning/v1alpha2	[no test files]
?   	github.com/seldonio/seldon-core/operator/client/machinelearning/v1alpha2/listers/machinelearning/v1alpha2	[no test files]
?   	github.com/seldonio/seldon-core/operator/client/machinelearning/v1alpha3/clientset/versioned	[no test files]
?   	github.com/seldonio/seldon-core/operator/client/machinelearning/v1alpha3/clientset/versioned/fake	[no test files]
?   	github.com/seldonio/seldon-core/operator/client/machinelearning/v1alpha3/clientset/versioned/scheme	[no test files]
?   	github.com/seldonio/seldon-core/operator/client/machinelearning/v1alpha3/clientset/versioned/typed/machinelearning/v1alpha3	[no test files]
?   	github.com/seldonio/seldon-core/operator/client/machinelearning/v1alpha3/clientset/versioned/typed/machinelearning/v1alpha3/fake	[no test files]
?   	github.com/seldonio/seldon-core/operator/client/machinelearning/v1alpha3/informers/externalversions	[no test files]
?   	github.com/seldonio/seldon-core/operator/client/machinelearning/v1alpha3/informers/externalversions/internalinterfaces	[no test files]
?   	github.com/seldonio/seldon-core/operator/client/machinelearning/v1alpha3/informers/externalversions/machinelearning	[no test files]
?   	github.com/seldonio/seldon-core/operator/client/machinelearning/v1alpha3/informers/externalversions/machinelearning/v1alpha3	[no test files]
?   	github.com/seldonio/seldon-core/operator/client/machinelearning/v1alpha3/listers/machinelearning/v1alpha3	[no test files]
?   	github.com/seldonio/seldon-core/operator/constants	[no test files]
ok  	github.com/seldonio/seldon-core/operator/controllers	12.399s	coverage: 44.7% of statements
?   	github.com/seldonio/seldon-core/operator/controllers/resources/credentials	[no test files]
ok  	github.com/seldonio/seldon-core/operator/controllers/resources/credentials/gcs	0.013s	coverage: 100.0% of statements
ok  	github.com/seldonio/seldon-core/operator/controllers/resources/credentials/s3	0.012s	coverage: 94.6% of statements
?   	github.com/seldonio/seldon-core/operator/utils	[no test files]
docker build . -t seldonio/seldon-core-operator:1.0.2-SNAPSHOT
Sending build context to Docker daemon  1.254MB
Step 1/16 : FROM golang:1.12.5 as builder
1.12.5: Pulling from library/golang
6f2f362378c5: Pulling fs layer
494c27a8a6b8: Pulling fs layer
7596bb83081b: Pulling fs layer
372744b62d49: Pulling fs layer
0658c6765517: Pulling fs layer
dbd5b1749350: Pulling fs layer
ca642e59c356: Pulling fs layer
ca642e59c356: Waiting
0658c6765517: Waiting
372744b62d49: Waiting
dbd5b1749350: Waiting
7596bb83081b: Verifying Checksum
7596bb83081b: Download complete
494c27a8a6b8: Download complete
6f2f362378c5: Verifying Checksum
6f2f362378c5: Download complete
372744b62d49: Download complete
0658c6765517: Verifying Checksum
0658c6765517: Download complete
ca642e59c356: Verifying Checksum
ca642e59c356: Download complete
dbd5b1749350: Download complete
6f2f362378c5: Pull complete
494c27a8a6b8: Pull complete
7596bb83081b: Pull complete
372744b62d49: Pull complete
0658c6765517: Pull complete
dbd5b1749350: Pull complete
ca642e59c356: Pull complete
Digest: sha256:5bc207d20bd9e97c57dc2ad013f2b02d982cc6e411d48bdc79d90bb601696650
Status: Downloaded newer image for golang:1.12.5
 ---> 1ef078f0da9e
Step 2/16 : WORKDIR /workspace
 ---> Running in c2982ad962dc
Removing intermediate container c2982ad962dc
 ---> c3517d23ae9e
Step 3/16 : COPY go.mod go.mod
 ---> 70fcbb129d9f
Step 4/16 : COPY go.sum go.sum
 ---> 930194f29091
Step 5/16 : RUN go mod download
 ---> Running in 5d6f911874ba
[91mgo: finding github.com/onsi/gomega v1.5.0
go: finding github.com/googleapis/gnostic v0.3.0
[0m[91mgo: finding github.com/gophercloud/gophercloud v0.4.0
[0m[91mgo: finding github.com/onsi/ginkgo v1.8.0
[0m[91mgo: finding github.com/Azure/go-autorest/autorest/adal v0.7.0
[0m[91mgo: finding sigs.k8s.io/controller-runtime v0.2.0
[0m[91mgo: finding k8s.io/api v0.0.0-20190409021203-6e4e0e4f393b
[0m[91mgo: finding sigs.k8s.io/controller-tools v0.2.0
[0m[91mgo: finding k8s.io/client-go v11.0.1-0.20190409021438-1a26190bd76a+incompatible
[0m[91mgo: finding gopkg.in/yaml.v2 v2.2.2
[0m[91mgo: finding github.com/onsi/ginkgo v1.6.0
[0m[91mgo: finding github.com/Azure/go-autorest/tracing v0.5.0
[0m[91mgo: finding k8s.io/apiextensions-apiserver v0.0.0-20190409022649-727a075fdec8
[0m[91mgo: finding knative.dev/pkg v0.0.0-20190823221514-39a29cf1bf26
[0m[91mgo: finding github.com/google/gofuzz v0.0.0-20170612174753-24818f796faf
[0m[91mgo: finding github.com/prometheus/client_golang v0.9.0
[0m[91mgo: finding github.com/fatih/color v1.7.0
[0m[91mgo: finding github.com/json-iterator/go v1.1.5
[0m[91mgo: finding github.com/Azure/go-autorest/autorest/date v0.2.0
[0m[91mgo: finding k8s.io/klog v0.3.3
[0m[91mgo: finding golang.org/x/sync v0.0.0-20190423024810-112230192c58
[0m[91mgo: finding github.com/prometheus/common v0.0.0-20180801064454-c7de2306084e
[0m[91mgo: finding github.com/kr/pretty v0.1.0
[0m[91mgo: finding github.com/spf13/pflag v1.0.2
[0m[91mgo: finding github.com/googleapis/gnostic v0.2.0
[0m[91mgo: finding github.com/modern-go/reflect2 v0.0.0-20180701023420-4b7aa43c6742
[0m[91mgo: finding github.com/Azure/go-autorest/autorest/mocks v0.3.0
[0m[91mgo: finding github.com/modern-go/concurrent v0.0.0-20180306012644-bacd9c7ef1dd
[0m[91mgo: finding k8s.io/utils v0.0.0-20190506122338-8fab8cb257d5
[0m[91mgo: finding github.com/hpcloud/tail v1.0.0
[0m[91mgo: finding k8s.io/kube-openapi v0.0.0-20180731170545-e3762e86a74c
[0m[91mgo: finding github.com/gogo/protobuf v1.1.1
[0m[91mgo: finding k8s.io/apimachinery v0.0.0-20190404173353-6a84e37a896d
[0m[91mgo: finding sigs.k8s.io/yaml v1.1.0
[0m[91mgo: finding golang.org/x/time v0.0.0-20180412165947-fbb02b2291d2
[0m[91mgo: finding golang.org/x/net v0.0.0-20180906233101-161cd47e91fd
[0m[91mgo: finding github.com/golang/protobuf v1.3.1
[0m[91mgo: finding github.com/golang/groupcache v0.0.0-20180513044358-24b0969c4cb7
[0m[91mgo: finding golang.org/x/oauth2 v0.0.0-20180821212333-d2e6202438be
[0m[91mgo: finding golang.org/x/crypto v0.0.0-20190308221718-c2843e01d9a2
[0m[91mgo: finding github.com/inconshreveable/mousetrap v1.0.0
[0m[91mgo: finding github.com/matttproud/golang_protobuf_extensions v1.0.1
[0m[91mgo: finding go.uber.org/atomic v1.3.2
[0m[91mgo: finding golang.org/x/crypto v0.0.0-20190611184440-5c40567a22f8
[0m[91mgo: finding k8s.io/kube-openapi v0.0.0-20190603182131-db7b694dc208
[0m[91mgo: finding github.com/json-iterator/go v1.1.6
[0m[91mgo: finding go.uber.org/zap v1.9.1
[0m[91mgo: finding github.com/mattn/go-colorable v0.1.2
[0m[91mgo: finding k8s.io/gengo v0.0.0-20190128074634-0689ccc1d7d6
[0m[91mgo: finding github.com/onsi/gomega v1.4.2
[0m[91mgo: finding github.com/json-iterator/go v0.0.0-20180612202835-f2b4162afba3
[0m[91mgo: finding github.com/google/go-cmp v0.3.1
[0m[91mgo: finding github.com/munnerz/goautoneg v0.0.0-20120707110453-a547fc61f48d
[0m[91mgo: finding github.com/Azure/go-autorest/autorest v0.9.0
[0m[91mgo: finding github.com/pborman/uuid v0.0.0-20170612153648-e790cca94e6c
[0m[91mgo: finding github.com/PuerkitoBio/urlesc v0.0.0-20160726150825-5bd2802263f2
[0m[91mgo: finding github.com/go-openapi/jsonpointer v0.0.0-20160704185906-46af16f9f7b1
[0m[91mgo: finding github.com/mattn/go-isatty v0.0.8
[0m[91mgo: finding github.com/Azure/go-autorest/autorest v0.9.2
[0m[91mgo: finding github.com/go-openapi/swag v0.0.0-20160704191624-1d0bd113de87
[0m[91mgo: finding github.com/go-logr/logr v0.1.0
[0m[91mgo: finding github.com/gobuffalo/flect v0.1.5
[0m[91mgo: finding github.com/prometheus/procfs v0.0.0-20180725123919-05ee40e3a273
[0m[91mgo: finding github.com/spf13/pflag v0.0.0-20170130214245-9ff6c6923cff
[0m[91mgo: finding github.com/mailru/easyjson v0.0.0-20160728113105-d5b7844b561a
[0m[91mgo: finding google.golang.org/appengine v1.1.0
[0m[91mgo: finding github.com/onsi/ginkgo v0.0.0-20170829012221-11459a886d9c
[0m[91mgo: finding gopkg.in/yaml.v2 v2.2.1
[0m[91mgo: finding github.com/NYTimes/gziphandler v0.0.0-20170623195520-56545f4a5d46
[0m[91mgo: finding github.com/google/go-cmp v0.3.0
[0m[91mgo: finding github.com/davecgh/go-spew v0.0.0-20151105211317-5215b55f46b2
[0m[91mgo: finding golang.org/x/net v0.0.0-20190404232315-eb5bcb51f2a3
[0m[91mgo: finding github.com/google/gofuzz v1.0.0
[0m[91mgo: finding golang.org/x/sys v0.0.0-20190412213103-97732733099d
[0m[91mgo: finding golang.org/x/net v0.0.0-20170114055629-f2499483f923
[0m[91mgo: finding github.com/google/gofuzz v0.0.0-20161122191042-44d81051d367
[0m[91mgo: finding golang.org/x/crypto v0.0.0-20180820150726-614d502a4dac
[0m[91mgo: finding golang.org/x/net v0.0.0-20190620200207-3b0461eec859
[0m[91mgo: finding github.com/emicklei/go-restful v0.0.0-20170410110728-ff4f55a20633
[0m[91mgo: finding github.com/spf13/pflag v1.0.3
[0m[91mgo: finding github.com/fsnotify/fsnotify v1.4.7
[0m[91mgo: finding github.com/gogo/protobuf v1.2.1
[0m[91mgo: finding gopkg.in/tomb.v1 v1.0.0-20141024135613-dd632973f1e7
[0m[91mgo: finding gopkg.in/check.v1 v0.0.0-20161208181325-20d25e280405
[0m[91mgo: finding golang.org/x/text v0.3.0
[0m[91mgo: finding golang.org/x/sys v0.0.0-20190429190828-d89cdac9e872
[0m[91mgo: finding sigs.k8s.io/testing_frameworks v0.1.1
[0m[91mgo: finding k8s.io/klog v0.0.0-20181102134211-b9b56d5dfc92
[0m[91mgo: finding github.com/hashicorp/golang-lru v0.0.0-20180201235237-0fb14efe8c47
[0m[91mgo: finding gopkg.in/fsnotify.v1 v1.4.7
[0m[91mgo: finding github.com/pmezard/go-difflib v0.0.0-20151028094244-d8ed2627bdf0
[0m[91mgo: finding golang.org/x/text v0.0.0-20160726164857-2910a502d2bf
[0m[91mgo: finding github.com/dgrijalva/jwt-go v3.2.0+incompatible
[0m[91mgo: finding github.com/imdario/mergo v0.3.6
[0m[91mgo: finding github.com/googleapis/gnostic v0.0.0-20170426233943-68f4ded48ba9
[0m[91mgo: finding github.com/golang/protobuf v1.2.0
[0m[91mgo: finding github.com/go-logr/zapr v0.1.0
[0m[91mgo: finding github.com/beorn7/perks v0.0.0-20180321164747-3a771d992973
[0m[91mgo: finding github.com/modern-go/reflect2 v1.0.1
[0m[91mgo: finding github.com/modern-go/reflect2 v0.0.0-20180320133207-05fbef0ca5da
[0m[91mgo: finding github.com/onsi/gomega v0.0.0-20170829124025-dcabb60a477c
[0m[91mgo: finding gopkg.in/check.v1 v1.0.0-20180628173108-788fd7840127
[0m[91mgo: finding github.com/evanphx/json-patch v4.5.0+incompatible
[0m[91mgo: finding github.com/PuerkitoBio/purell v1.0.0
[0m[91mgo: finding sigs.k8s.io/structured-merge-diff v0.0.0-20190525122527-15d366b2352e
[0m[91mgo: finding golang.org/x/crypto v0.0.0-20190211182817-74369b46fc67
[0m[91mgo: finding golang.org/x/net v0.0.0-20190501004415-9ce7a6920f09
[0m[91mgo: finding k8s.io/klog v0.2.0
[0m[91mgo: finding github.com/davecgh/go-spew v1.1.1
[0m[91mgo: finding github.com/prometheus/client_model v0.0.0-20180712105110-5c3871d89910
[0m[91mgo: finding github.com/Azure/go-autorest/autorest/mocks v0.2.0
[0m[91mgo: finding go.uber.org/multierr v1.1.0
[0m[91mgo: finding github.com/ghodss/yaml v0.0.0-20150909031657-73d445a93680
[0m[91mgo: finding github.com/go-openapi/jsonreference v0.0.0-20160704190145-13c6e3589ad9
[0m[91mgo: finding golang.org/x/tools v0.0.0-20190501045030-23463209683d
[0m[91mgo: finding golang.org/x/sys v0.0.0-20180909124046-d0be0721c37e
[0m[91mgo: finding gomodules.xyz/jsonpatch/v2 v2.0.1
[0m[91mgo: finding golang.org/x/text v0.3.2
[0m[91mgo: finding golang.org/x/sys v0.0.0-20170830134202-bb24a47a89ea
[0m[91mgo: finding golang.org/x/sys v0.0.0-20190621203818-d432491b9138
[0m[91mgo: finding github.com/golang/protobuf v0.0.0-20161109072736-4bd1920723d7
[0m[91mgo: finding github.com/go-openapi/spec v0.0.0-20160808142527-6aced65f8501
[0m[91mgo: finding k8s.io/klog v0.3.0
[0m[91mgo: finding golang.org/x/sys v0.0.0-20190215142949-d0b11bdaac8a
[0m[91mgo: finding golang.org/x/sys v0.0.0-20190222072716-a9d3bda3a223
[0m[91mgo: finding golang.org/x/tools v0.0.0-20181011042414-1f849cf54d09
[0m[91mgo: finding github.com/Azure/go-autorest/logger v0.1.0
[0m[91mgo: finding github.com/Azure/go-autorest/autorest/adal v0.5.0
[0m[91mgo: finding gopkg.in/inf.v0 v0.9.1
[0m[91mgo: finding cloud.google.com/go v0.26.0
[0m[91mgo: finding github.com/spf13/afero v1.2.2
[0m[91mgo: finding golang.org/x/tools v0.0.0-20180917221912-90fa682c2a6e
[0m[91mgo: finding github.com/pkg/errors v0.8.1
[0m[91mgo: finding github.com/spf13/cobra v0.0.3
[0m[91mgo: finding golang.org/x/sys v0.0.0-20190209173611-3b5209105503
[0m[91mgo: finding github.com/stretchr/testify v0.0.0-20151208002404-e3a8ff8ce365
[0m[91mgo: finding golang.org/x/net v0.0.0-20190311183353-d8887717615a
[0m[91mgo: finding github.com/kr/text v0.1.0
[0m[91mgo: finding github.com/stretchr/testify v1.3.0
[0m[91mgo: finding github.com/kisielk/errcheck v1.1.0
[0m[91mgo: finding golang.org/x/sync v0.0.0-20180314180146-1d60e4601c6f
[0m[91mgo: finding github.com/Azure/go-autorest/autorest/mocks v0.1.0
go: finding github.com/Azure/go-autorest/autorest/date v0.1.0
[0m[91mgo: finding github.com/kr/pty v1.1.1
[0m[91mgo: finding golang.org/x/tools v0.0.0-20180221164845-07fd8470d635
[0m[91mgo: finding github.com/pmezard/go-difflib v1.0.0
go: finding github.com/davecgh/go-spew v1.1.0
[0m[91mgo: finding github.com/kisielk/gotool v1.0.0
[0m[91mgo: finding github.com/stretchr/ob** v0.1.0
[0mRemoving intermediate container 5d6f911874ba
 ---> 542ddbec2e1c
Step 6/16 : COPY main.go main.go
 ---> 7801922089e6
Step 7/16 : COPY apis/ apis/
 ---> 2cf3aae231fd
Step 8/16 : COPY controllers/ controllers/
 ---> 2d87af83ef30
Step 9/16 : COPY utils/ utils/
 ---> e8e68db3a250
Step 10/16 : COPY constants/ constants/
 ---> ed6d7dacac3a
Step 11/16 : COPY client/ client/
 ---> 31a5f040559e
Step 12/16 : RUN CGO_ENABLED=0 GOOS=linux GOARCH=amd64 GO111MODULE=on go build -a -o manager main.go
 ---> Running in e3d7728db848
Removing intermediate container e3d7728db848
 ---> cb5a82b29171
Step 13/16 : FROM gcr.io/distroless/static:latest
latest: Pulling from distroless/static
9ff2acc3204b: Pulling fs layer
9ff2acc3204b: Download complete
9ff2acc3204b: Pull complete
Digest: sha256:c6d5981545ce1406d33e61434c61e9452dad93ecd8397c41e89036ef977a88f4
Status: Downloaded newer image for gcr.io/distroless/static:latest
 ---> e4d2a899b1bf
Step 14/16 : WORKDIR /
 ---> Running in ef10bbd41d0b
Removing intermediate container ef10bbd41d0b
 ---> 9d817ed27e6d
Step 15/16 : COPY --from=builder /workspace/manager .
 ---> bb2460a4bbea
Step 16/16 : ENTRYPOINT ["/manager"]
 ---> Running in 9ae84c10eef2
Removing intermediate container 9ae84c10eef2
 ---> d5a3b39b5bfd
Successfully built d5a3b39b5bfd
Successfully tagged seldonio/seldon-core-operator:1.0.2-SNAPSHOT
docker save seldonio/seldon-core-operator:1.0.2-SNAPSHOT > operator.tar
kind load image-archive operator.tar 
make[1]: Leaving directory '/workspace/source/operator'
Files changed in engine folder:
SKIPPING ENGINE IMAGE BUILD...
Files changed in executor folder:
executor/.gitignore
executor/Dockerfile
executor/Makefile
executor/README.md
executor/api/client/client.go
executor/api/client/seldondeployment_client.go
executor/api/constants.go
executor/api/grpc/client.go
executor/api/grpc/client_test.go
executor/api/grpc/seldon/client.go
executor/api/grpc/seldon/proto/prediction.pb.go
executor/api/grpc/seldon/server.go
executor/api/grpc/seldon/server_test.go
executor/api/grpc/server.go
executor/api/grpc/server_test.go
executor/api/grpc/tensorflow/client.go
executor/api/grpc/tensorflow/server.go
executor/api/grpc/tensorflow/server_test.go
executor/api/metric/client.go
executor/api/metric/client_test.go
executor/api/metric/constants.go
executor/api/metric/server.go
executor/api/payload/bytes.go
executor/api/payload/metadata.go
executor/api/payload/metadata_test.go
executor/api/payload/payload.go
executor/api/payload/payload_test.go
executor/api/payload/proto.go
executor/api/payload/proto_test.go
executor/api/rest/client.go
executor/api/rest/client_test.go
executor/api/rest/constants.go
executor/api/rest/server.go
executor/api/rest/server_test.go
executor/api/rest/tensorflow.go
executor/api/rest/utils.go
executor/api/rest/utils_test.go
executor/api/test/seldonmessage_test_client.go
executor/api/util/utils.go
executor/go.mod
executor/go.sum
executor/hack/boilerplate.go.txt
executor/hack/tools/README.md
executor/hack/tools/go.mod
executor/hack/tools/go.sum
executor/hack/tools/tools.go
executor/hack/update_generated.sh
executor/logger/collector.go
executor/logger/constants.go
executor/logger/dispatcher.go
executor/logger/types.go
executor/logger/worker.go
executor/main.go
executor/predictor/components.go
executor/predictor/predictor_process.go
executor/predictor/predictor_process_test.go
executor/predictor/ready_checker.go
executor/proto/model_service.proto
executor/proto/prediction.proto
executor/proto/prediction_service.proto
executor/proto/tensorflow/compiler/jit/xla_activity.proto
executor/proto/tensorflow/compiler/tf2tensorrt/utils/trt_engine_instance.proto
executor/proto/tensorflow/compiler/tf2xla/host_compute_metadata.proto
executor/proto/tensorflow/compiler/tf2xla/tf2xla.proto
executor/proto/tensorflow/compiler/xla/rpc/xla_service.proto
executor/proto/tensorflow/compiler/xla/service/gpu/backend_configs.proto
executor/proto/tensorflow/compiler/xla/service/gpu/gpu_autotuning.proto
executor/proto/tensorflow/compiler/xla/service/hlo.proto
executor/proto/tensorflow/compiler/xla/service/hlo_profile_printer_data.proto
executor/proto/tensorflow/compiler/xla/xla.proto
executor/proto/tensorflow/compiler/xla/xla_data.proto
executor/proto/tensorflow/compiler/xrt/xrt.proto
executor/proto/tensorflow/contrib/boosted_trees/proto/learner.proto
executor/proto/tensorflow/contrib/boosted_trees/proto/quantiles.proto
executor/proto/tensorflow/contrib/boosted_trees/proto/split_info.proto
executor/proto/tensorflow/contrib/boosted_trees/proto/tree_config.proto
executor/proto/tensorflow/contrib/cloud/kernels/bigquery_table_partition.proto
executor/proto/tensorflow/contrib/decision_trees/proto/generic_tree_model.proto
executor/proto/tensorflow/contrib/decision_trees/proto/generic_tree_model_extensions.proto
executor/proto/tensorflow/contrib/gdr/gdr.proto
executor/proto/tensorflow/contrib/mpi/mpi_msg.proto
executor/proto/tensorflow/contrib/mpi_collectives/mpi_message.proto
executor/proto/tensorflow/contrib/rpc/python/kernel_tests/test_example.proto
executor/proto/tensorflow/contrib/session_bundle/manifest.proto
executor/proto/tensorflow/contrib/tensor_forest/proto/fertile_stats.proto
executor/proto/tensorflow/contrib/tensor_forest/proto/tensor_forest_params.proto
executor/proto/tensorflow/contrib/tensorboard/plugins/projector/projector_config.proto
executor/proto/tensorflow/contrib/training/python/training/hparam.proto
executor/proto/tensorflow/contrib/verbs/verbs_service.proto
executor/proto/tensorflow/core/debug/debug_service.proto
executor/proto/tensorflow/core/debug/debugger_event_metadata.proto
executor/proto/tensorflow/core/example/example.pb.go
executor/proto/tensorflow/core/example/example.proto
executor/proto/tensorflow/core/example/example_parser_configuration.pb.go
executor/proto/tensorflow/core/example/example_parser_configuration.proto
executor/proto/tensorflow/core/example/feature.pb.go
executor/proto/tensorflow/core/example/feature.proto
executor/proto/tensorflow/core/framework/allocation_description.pb.go
executor/proto/tensorflow/core/framework/allocation_description.proto
executor/proto/tensorflow/core/framework/api_def.pb.go
executor/proto/tensorflow/core/framework/api_def.proto
executor/proto/tensorflow/core/framework/attr_value.pb.go
executor/proto/tensorflow/core/framework/attr_value.proto
executor/proto/tensorflow/core/framework/cost_graph.pb.go
executor/proto/tensorflow/core/framework/cost_graph.proto
executor/proto/tensorflow/core/framework/device_attributes.pb.go
executor/proto/tensorflow/core/framework/device_attributes.proto
executor/proto/tensorflow/core/framework/function.pb.go
executor/proto/tensorflow/core/framework/function.proto
executor/proto/tensorflow/core/framework/graph.pb.go
executor/proto/tensorflow/core/framework/graph.proto
executor/proto/tensorflow/core/framework/graph_transfer_info.pb.go
executor/proto/tensorflow/core/framework/graph_transfer_info.proto
executor/proto/tensorflow/core/framework/kernel_def.pb.go
executor/proto/tensorflow/core/framework/kernel_def.proto
executor/proto/tensorflow/core/framework/log_memory.pb.go
executor/proto/tensorflow/core/framework/log_memory.proto
executor/proto/tensorflow/core/framework/node_def.pb.go
executor/proto/tensorflow/core/framework/node_def.proto
executor/proto/tensorflow/core/framework/op_def.pb.go
executor/proto/tensorflow/core/framework/op_def.proto
executor/proto/tensorflow/core/framework/reader_base.pb.go
executor/proto/tensorflow/core/framework/reader_base.proto
executor/proto/tensorflow/core/framework/remote_fused_graph_execute_info.pb.go
executor/proto/tensorflow/core/framework/remote_fused_graph_execute_info.proto
executor/proto/tensorflow/core/framework/resource_handle.pb.go
executor/proto/tensorflow/core/framework/resource_handle.proto
executor/proto/tensorflow/core/framework/step_stats.pb.go
executor/proto/tensorflow/core/framework/step_stats.proto
executor/proto/tensorflow/core/framework/summary.pb.go
executor/proto/tensorflow/core/framework/summary.proto
executor/proto/tensorflow/core/framework/tensor.pb.go
executor/proto/tensorflow/core/framework/tensor.proto
executor/proto/tensorflow/core/framework/tensor_description.pb.go
executor/proto/tensorflow/core/framework/tensor_description.proto
executor/proto/tensorflow/core/framework/tensor_shape.pb.go
executor/proto/tensorflow/core/framework/tensor_shape.proto
executor/proto/tensorflow/core/framework/tensor_slice.pb.go
executor/proto/tensorflow/core/framework/tensor_slice.proto
executor/proto/tensorflow/core/framework/types.pb.go
executor/proto/tensorflow/core/framework/types.proto
executor/proto/tensorflow/core/framework/variable.pb.go
executor/proto/tensorflow/core/framework/variable.proto
executor/proto/tensorflow/core/framework/versions.pb.go
executor/proto/tensorflow/core/framework/versions.proto
executor/proto/tensorflow/core/go.mod
executor/proto/tensorflow/core/grappler/costs/op_performance_data.proto
executor/proto/tensorflow/core/kernels/boosted_trees/boosted_trees.proto
executor/proto/tensorflow/core/lib/core/error_codes.pb.go
executor/proto/tensorflow/core/lib/core/error_codes.proto
executor/proto/tensorflow/core/profiler/op_profile.proto
executor/proto/tensorflow/core/profiler/profile.proto
executor/proto/tensorflow/core/profiler/profiler_analysis.proto
executor/proto/tensorflow/core/profiler/profiler_service.proto
executor/proto/tensorflow/core/profiler/tfprof_log.proto
executor/proto/tensorflow/core/profiler/tfprof_options.proto
executor/proto/tensorflow/core/profiler/tfprof_output.proto
executor/proto/tensorflow/core/protobuf/autotuning.pb.go
executor/proto/tensorflow/core/protobuf/autotuning.proto
executor/proto/tensorflow/core/protobuf/cluster.pb.go
executor/proto/tensorflow/core/protobuf/cluster.proto
executor/proto/tensorflow/core/protobuf/config.pb.go
executor/proto/tensorflow/core/protobuf/config.proto
executor/proto/tensorflow/core/protobuf/control_flow.pb.go
executor/proto/tensorflow/core/protobuf/control_flow.proto
executor/proto/tensorflow/core/protobuf/conv_autotuning.pb.go
executor/proto/tensorflow/core/protobuf/conv_autotuning.proto
executor/proto/tensorflow/core/protobuf/critical_section.pb.go
executor/proto/tensorflow/core/protobuf/critical_section.proto
executor/proto/tensorflow/core/protobuf/data/experimental/snapshot.proto
executor/proto/tensorflow/core/protobuf/debug.pb.go
executor/proto/tensorflow/core/protobuf/debug.proto
executor/proto/tensorflow/core/protobuf/device_properties.pb.go
executor/proto/tensorflow/core/protobuf/device_properties.proto
executor/proto/tensorflow/core/protobuf/dnn.pb.go
executor/proto/tensorflow/core/protobuf/eager_service.pb.go
executor/proto/tensorflow/core/protobuf/eager_service.proto
executor/proto/tensorflow/core/protobuf/graph_debug_info.pb.go
executor/proto/tensorflow/core/protobuf/graph_debug_info.proto
executor/proto/tensorflow/core/protobuf/master.pb.go
executor/proto/tensorflow/core/protobuf/master.proto
executor/proto/tensorflow/core/protobuf/master_service.pb.go
executor/proto/tensorflow/core/protobuf/master_service.proto
executor/proto/tensorflow/core/protobuf/meta_graph.pb.go
executor/proto/tensorflow/core/protobuf/meta_graph.proto
executor/proto/tensorflow/core/protobuf/named_tensor.pb.go
executor/proto/tensorflow/core/protobuf/named_tensor.proto
executor/proto/tensorflow/core/protobuf/queue_runner.pb.go
executor/proto/tensorflow/core/protobuf/queue_runner.proto
executor/proto/tensorflow/core/protobuf/replay_log.pb.go
executor/proto/tensorflow/core/protobuf/replay_log.proto
executor/proto/tensorflow/core/protobuf/rewriter_config.pb.go
executor/proto/tensorflow/core/protobuf/rewriter_config.proto
executor/proto/tensorflow/core/protobuf/saved_model.pb.go
executor/proto/tensorflow/core/protobuf/saved_model.proto
executor/proto/tensorflow/core/protobuf/saved_object_graph.pb.go
executor/proto/tensorflow/core/protobuf/saved_object_graph.proto
executor/proto/tensorflow/core/protobuf/saver.pb.go
executor/proto/tensorflow/core/protobuf/saver.proto
executor/proto/tensorflow/core/protobuf/struct.pb.go
executor/proto/tensorflow/core/protobuf/struct.proto
executor/proto/tensorflow/core/protobuf/tensor_bundle.pb.go
executor/proto/tensorflow/core/protobuf/tensor_bundle.proto
executor/proto/tensorflow/core/protobuf/tensorflow_server.pb.go
executor/proto/tensorflow/core/protobuf/tensorflow_server.proto
executor/proto/tensorflow/core/protobuf/tpu/compilation_result.proto
executor/proto/tensorflow/core/protobuf/tpu/dynamic_padding.proto
executor/proto/tensorflow/core/protobuf/tpu/optimization_parameters.proto
executor/proto/tensorflow/core/protobuf/tpu/topology.proto
executor/proto/tensorflow/core/protobuf/tpu/tpu_embedding_configuration.proto
executor/proto/tensorflow/core/protobuf/tpu/tpu_embedding_output_layout.proto
executor/proto/tensorflow/core/protobuf/trace_events.pb.go
executor/proto/tensorflow/core/protobuf/trace_events.proto
executor/proto/tensorflow/core/protobuf/trackable_object_graph.pb.go
executor/proto/tensorflow/core/protobuf/trackable_object_graph.proto
executor/proto/tensorflow/core/protobuf/transport_options.pb.go
executor/proto/tensorflow/core/protobuf/transport_options.proto
executor/proto/tensorflow/core/protobuf/verifier_config.pb.go
executor/proto/tensorflow/core/protobuf/verifier_config.proto
executor/proto/tensorflow/core/protobuf/worker.pb.go
executor/proto/tensorflow/core/protobuf/worker.proto
executor/proto/tensorflow/core/protobuf/worker_service.pb.go
executor/proto/tensorflow/core/protobuf/worker_service.proto
executor/proto/tensorflow/core/util/event.proto
executor/proto/tensorflow/core/util/example_proto_fast_parsing_test.proto
executor/proto/tensorflow/core/util/memmapped_file_system.proto
executor/proto/tensorflow/core/util/saved_tensor_slice.proto
executor/proto/tensorflow/core/util/test_log.proto
executor/proto/tensorflow/lite/toco/model_flags.proto
executor/proto/tensorflow/lite/toco/toco_flags.proto
executor/proto/tensorflow/lite/toco/types.proto
executor/proto/tensorflow/lite/tools/evaluation/proto/evaluation_config.proto
executor/proto/tensorflow/lite/tools/evaluation/proto/evaluation_stages.proto
executor/proto/tensorflow/python/framework/cpp_shape_inference.proto
executor/proto/tensorflow/python/kernel_tests/proto/test_example.proto
executor/proto/tensorflow/python/tpu/tensor_tracer.proto
executor/proto/tensorflow/python/training/checkpoint_state.proto
executor/proto/tensorflow/python/util/protobuf/compare_test.proto
executor/proto/tensorflow/serving/class_registration_test.pb.go
executor/proto/tensorflow/serving/classification.pb.go
executor/proto/tensorflow/serving/file_system_storage_path_source.pb.go
executor/proto/tensorflow/serving/get_model_metadata.pb.go
executor/proto/tensorflow/serving/get_model_status.pb.go
executor/proto/tensorflow/serving/inference.pb.go
executor/proto/tensorflow/serving/input.pb.go
executor/proto/tensorflow/serving/log_collector_config.pb.go
executor/proto/tensorflow/serving/logging.pb.go
executor/proto/tensorflow/serving/logging_config.pb.go
executor/proto/tensorflow/serving/model.pb.go
executor/proto/tensorflow/serving/model_management.pb.go
executor/proto/tensorflow/serving/model_server_config.pb.go
executor/proto/tensorflow/serving/model_service.pb.go
executor/proto/tensorflow/serving/monitoring_config.pb.go
executor/proto/tensorflow/serving/platform_config.pb.go
executor/proto/tensorflow/serving/predict.pb.go
executor/proto/tensorflow/serving/prediction_log.pb.go
executor/proto/tensorflow/serving/prediction_service.pb.go
executor/proto/tensorflow/serving/regression.pb.go
executor/proto/tensorflow/serving/session_service.pb.go
executor/proto/tensorflow/serving/ssl_config.pb.go
executor/proto/tensorflow/serving/static_storage_path_source.pb.go
executor/proto/tensorflow/serving/status.pb.go
executor/proto/tensorflow/stream_executor/dnn.proto
executor/proto/tensorflow/tools/api/lib/api_objects.proto
executor/proto/tensorflow/tools/proto_text/test.proto
executor/proto/tensorflow_serving/apis/BUILD
executor/proto/tensorflow_serving/apis/classification.proto
executor/proto/tensorflow_serving/apis/classifier.h
executor/proto/tensorflow_serving/apis/get_model_metadata.proto
executor/proto/tensorflow_serving/apis/get_model_status.proto
executor/proto/tensorflow_serving/apis/inference.proto
executor/proto/tensorflow_serving/apis/input.proto
executor/proto/tensorflow_serving/apis/internal/BUILD
executor/proto/tensorflow_serving/apis/internal/serialized_input.proto
executor/proto/tensorflow_serving/apis/model.proto
executor/proto/tensorflow_serving/apis/model_management.proto
executor/proto/tensorflow_serving/apis/model_service.proto
executor/proto/tensorflow_serving/apis/predict.proto
executor/proto/tensorflow_serving/apis/prediction_log.proto
executor/proto/tensorflow_serving/apis/prediction_service.proto
executor/proto/tensorflow_serving/apis/regression.proto
executor/proto/tensorflow_serving/apis/regressor.h
executor/proto/tensorflow_serving/apis/session_service.proto
executor/proto/tensorflow_serving/config/log_collector_config.proto
executor/proto/tensorflow_serving/config/logging_config.proto
executor/proto/tensorflow_serving/config/model_server_config.proto
executor/proto/tensorflow_serving/config/monitoring_config.proto
executor/proto/tensorflow_serving/config/platform_config.proto
executor/proto/tensorflow_serving/config/ssl_config.proto
executor/proto/tensorflow_serving/core/logging.proto
executor/proto/tensorflow_serving/core/test_util/fake_loader_source_adapter.proto
executor/proto/tensorflow_serving/model_servers/test_util/storage_path_error_injecting_source_adapter.proto
executor/proto/tensorflow_serving/resources/resources.proto
executor/proto/tensorflow_serving/servables/hashmap/hashmap_source_adapter.proto
executor/proto/tensorflow_serving/servables/tensorflow/saved_model_bundle_source_adapter.proto
executor/proto/tensorflow_serving/servables/tensorflow/session_bundle_config.proto
executor/proto/tensorflow_serving/servables/tensorflow/session_bundle_source_adapter.proto
executor/proto/tensorflow_serving/sources/storage_path/file_system_storage_path_source.proto
executor/proto/tensorflow_serving/sources/storage_path/static_storage_path_source.proto
executor/proto/tensorflow_serving/util/class_registration_test.proto
executor/proto/tensorflow_serving/util/status.proto
executor/protoc.go
executor/samples/local/logger/Makefile
executor/samples/local/logger/README.md
executor/samples/local/logger/model_grpc.yaml
executor/samples/local/logger/model_rest.yaml
executor/samples/local/metrics/Makefile
executor/samples/local/metrics/README.md
executor/samples/local/metrics/model_grpc.yaml
executor/samples/local/metrics/model_rest.yaml
executor/samples/local/tfserving/Makefile
executor/samples/local/tfserving/README.md
executor/samples/local/tfserving/convert.py
executor/samples/local/tfserving/model/00000123/assets/foo.txt
executor/samples/local/tfserving/model/00000123/saved_model.pb
executor/samples/local/tfserving/model/00000123/variables/variables.data-00000-of-00001
executor/samples/local/tfserving/model/00000123/variables/variables.index
executor/samples/local/tfserving/model_grpc.yaml
executor/samples/local/tfserving/model_grpc_chain.yaml
executor/samples/local/tfserving/model_rest.yaml
executor/samples/local/tfserving/model_rest_chain.yaml
executor/samples/local/tracing/Makefile
executor/samples/local/tracing/README.md
executor/samples/local/tracing/jaeger_trace_grpc.png
executor/samples/local/tracing/jaeger_trace_rest.png
executor/samples/local/tracing/model_grpc.yaml
executor/samples/local/tracing/model_rest.yaml
cd ../../executor && make kind-image-install
make[1]: Entering directory '/workspace/source/executor'
go fmt ./...
go: finding github.com/onsi/gomega v1.7.0
go: finding github.com/ghodss/yaml v1.0.0
go: finding github.com/grpc-ecosystem/go-grpc-middleware v1.1.0
go: finding github.com/tensorflow/tensorflow v1.14.0
go: finding github.com/seldonio/seldon-core/operator v0.0.0-20191223100430-3b372610589b
go: finding github.com/cloudevents/sdk-go v0.10.2
go: finding github.com/go-stack/stack v1.8.0
go: finding github.com/uber/jaeger-client-go v2.21.1+incompatible
go: finding github.com/prometheus/client_golang v1.3.0
go: finding sigs.k8s.io/controller-runtime v0.2.2
go: finding google.golang.org/genproto v0.0.0-20190819201941-24fa4b261c55
go: finding golang.org/x/xerrors v0.0.0-20190717185122-a985d3407aa7
go: finding google.golang.org/grpc v1.24.0
go: finding go.uber.org/zap v1.10.0
go: finding github.com/prometheus/common v0.7.0
go: finding github.com/alecthomas/units v0.0.0-20190717042225-c3de453c63f4
go: finding github.com/prometheus/client_golang v1.0.0
go: finding golang.org/x/net v0.0.0-20190926025831-c00fd9afed17
go: finding github.com/julienschmidt/httprouter v1.2.0
go: finding github.com/go-kit/kit v0.9.0
go: finding github.com/mwitkow/go-conntrack v0.0.0-20161129095857-cc309e4a2223
go: finding gopkg.in/alecthomas/kingpin.v2 v2.2.6
go: finding pack.ag/amqp v0.11.0
go: finding github.com/golang/protobuf v1.3.2
go: finding github.com/Azure/go-autorest/autorest/to v0.2.0
go: finding github.com/fortytw2/leaktest v1.3.0
go: finding cloud.google.com/go v0.40.0
go: finding github.com/prometheus/common v0.4.1
go: finding github.com/nats-io/nats-server/v2 v2.1.2
go: finding github.com/prometheus/client_golang v0.9.1
go: finding github.com/opentracing/opentracing-go v1.1.0
go: finding github.com/kr/logfmt v0.0.0-20140226030751-b84e30acd515
go: finding golang.org/x/net v0.0.0-20190503192946-f4e77d36d62c
go: finding github.com/prometheus/procfs v0.0.0-20181005140218-185b4288413d
go: finding github.com/Azure/go-autorest/autorest v0.2.0
go: finding golang.org/x/sys v0.0.0-20191220142924-d4481acd189f
go: finding github.com/beorn7/perks v1.0.0
go: finding google.golang.org/genproto v0.0.0-20190530194941-fb225487d101
go: finding github.com/uber/jaeger-lib v2.2.0+incompatible
go: finding golang.org/x/sys v0.0.0-20181116152217-5ac8a444bdc5
go: finding github.com/prometheus/procfs v0.0.8
go: finding github.com/Azure/go-autorest/autorest/validation v0.1.0
go: finding honnef.co/go/tools v0.0.0-20190418001031-e561f6794a2a
go: finding github.com/alecthomas/units v0.0.0-20151022065526-2efee857e7cf
go: finding github.com/prometheus/client_model v0.1.0
go: finding github.com/kelseyhightower/envconfig v1.4.0
go: finding github.com/json-iterator/go v1.1.8
go: finding github.com/googleapis/gnostic v0.3.1
go: finding github.com/Azure/go-autorest/autorest/adal v0.1.0
go: finding github.com/prometheus/procfs v0.0.2
go: finding github.com/gorilla/mux v1.7.3
go: finding go.uber.org/atomic v1.4.0
go: finding golang.org/x/net v0.0.0-20181114220301-adae6a3d119a
go: finding github.com/alecthomas/template v0.0.0-20160405071501-a0175ee3bccc
go: finding github.com/nats-io/nats.go v1.9.1
go: finding github.com/go-kit/kit v0.8.0
go: finding golang.org/x/sys v0.0.0-20190726091711-fc99dfbffb4e
go: finding github.com/go-logfmt/logfmt v0.3.0
go: finding github.com/Azure/go-autorest/tracing v0.1.0
go: finding google.golang.org/api v0.6.0
go: finding github.com/docopt/docopt-go v0.0.0-20180111231733-ee0de3bc6815
go: finding github.com/nats-io/jwt v0.3.2
go: finding github.com/nats-io/nuid v1.0.1
go: finding github.com/Azure/azure-sdk-for-go v30.1.0+incompatible
go: finding github.com/cespare/xxhash/v2 v2.1.1
go: finding github.com/alecthomas/template v0.0.0-20190718012654-fb15b899a751
go: finding github.com/go-logfmt/logfmt v0.4.0
go: finding github.com/nats-io/nkeys v0.1.0
go: finding go.opencensus.io v0.20.2
go: finding contrib.go.opencensus.io/exporter/prometheus v0.1.0
go: finding golang.org/x/crypto v0.0.0-20190701094942-4def268fd1a4
go: finding golang.org/x/lint v0.0.0-20190409202823-959b441ac422
go: finding github.com/prometheus/client_model v0.0.0-20190129233127-fd36f4220a90
go: finding go.opencensus.io v0.22.0
go: finding google.golang.org/grpc v1.20.1
go: finding golang.org/x/sync v0.0.0-20190911185100-cd5d95a43a6e
go: finding github.com/stretchr/testify v1.4.0
go: finding github.com/beorn7/perks v1.0.1
go: finding github.com/nats-io/jwt v0.3.0
go: finding rsc.io/binaryregexp v0.2.0
go: finding golang.org/x/sys v0.0.0-20190507160741-ecd444e8653b
go: finding github.com/sirupsen/logrus v1.2.0
go: finding contrib.go.opencensus.io/exporter/ocagent v0.4.12
go: finding github.com/nats-io/nkeys v0.1.3
go: finding golang.org/x/tools v0.0.0-20190506145303-2d16b83fe98c
go: finding google.golang.org/api v0.3.1
go: finding github.com/prometheus/client_golang v0.9.3-0.20190127221311-3c4408c8b829
go: finding golang.org/x/sys v0.0.0-20190502145724-3ef323f4f1fd
go: finding google.golang.org/genproto v0.0.0-20190425155659-357c62f0e4bb
go: finding github.com/apache/thrift v0.12.0
go: finding github.com/openzipkin/zipkin-go v0.1.6
go: finding golang.org/x/crypto v0.0.0-20180904163835-0709b304e793
go: finding golang.org/x/sys v0.0.0-20180905080454-ebe1bf3edb33
go: finding google.golang.org/grpc v1.19.1
go: finding github.com/grpc-ecosystem/grpc-gateway v1.8.5
go: finding github.com/census-instrumentation/opencensus-proto v0.2.0
go: finding golang.org/x/sys v0.0.0-20181122145206-62eef0e2fa9b
go: finding go.opencensus.io v0.20.1
go: finding github.com/gorilla/context v1.1.1
go: finding github.com/rcrowley/go-metrics v0.0.0-20181016184325-3113b8401b8a
go: finding github.com/eapache/go-resiliency v1.1.0
go: finding github.com/eapache/queue v1.1.0
go: finding github.com/Shopify/sarama v1.19.0
go: finding github.com/gorilla/mux v1.6.2
go: finding github.com/prometheus/client_model v0.0.0-20190115171406-56726106282f
go: finding github.com/prometheus/common v0.2.0
go: finding google.golang.org/grpc v1.17.0
go: finding gopkg.in/yaml.v2 v2.0.0-20170812160011-eb3733d160e7
go: finding github.com/Shopify/toxiproxy v2.1.4+incompatible
go: finding github.com/rogpeppe/fastuuid v0.0.0-20150106093220-6724a57986af
go: finding golang.org/x/net v0.0.0-20190125091013-d26f9f9a57f3
go: finding golang.org/x/sys v0.0.0-20181107165924-66b7b1311ac8
go: finding golang.org/x/net v0.0.0-20181220203305-927f97764cc3
go: finding github.com/golang/snappy v0.0.0-20180518054509-2e65f85255db
go: finding github.com/eapache/go-xerial-snappy v0.0.0-20180814174437-776d5712da21
go: finding github.com/onsi/ginkgo v1.7.0
go: finding github.com/pierrec/lz4 v2.0.5+incompatible
go: finding github.com/prometheus/procfs v0.0.0-20190117184657-bf6a532e95b1
go: finding github.com/gogo/protobuf v1.2.0
go: finding github.com/onsi/gomega v1.4.3
go: finding gopkg.in/resty.v1 v1.12.0
go: finding honnef.co/go/tools v0.0.0-20180728063816-88497007e858
go: finding golang.org/x/tools v0.0.0-20180828015842-6cd1fcedba52
go: downloading github.com/tensorflow/tensorflow v1.14.0
go: downloading github.com/uber/jaeger-client-go v2.21.1+incompatible
go: downloading github.com/golang/protobuf v1.3.2
go: downloading github.com/grpc-ecosystem/go-grpc-middleware v1.1.0
go: downloading github.com/google/uuid v1.1.1
go: downloading sigs.k8s.io/controller-runtime v0.2.2
go: downloading github.com/opentracing/opentracing-go v1.1.0
go: extracting github.com/google/uuid v1.1.1
go: downloading google.golang.org/grpc v1.24.0
go: extracting github.com/opentracing/opentracing-go v1.1.0
go: extracting github.com/grpc-ecosystem/go-grpc-middleware v1.1.0
go: extracting github.com/uber/jaeger-client-go v2.21.1+incompatible
go: extracting sigs.k8s.io/controller-runtime v0.2.2
go: downloading github.com/cloudevents/sdk-go v0.10.2
go: downloading github.com/ghodss/yaml v1.0.0
go: extracting github.com/ghodss/yaml v1.0.0
go: extracting github.com/golang/protobuf v1.3.2
go: downloading github.com/seldonio/seldon-core/operator v0.0.0-20191223100430-3b372610589b
go: downloading github.com/prometheus/client_golang v1.3.0
go: downloading github.com/gorilla/mux v1.7.3
go: extracting github.com/gorilla/mux v1.7.3
go: extracting github.com/cloudevents/sdk-go v0.10.2
go: extracting github.com/prometheus/client_golang v1.3.0
go: downloading github.com/uber/jaeger-lib v2.2.0+incompatible
go: downloading go.uber.org/atomic v1.4.0
go: extracting github.com/seldonio/seldon-core/operator v0.0.0-20191223100430-3b372610589b
go: extracting go.uber.org/atomic v1.4.0
go: downloading golang.org/x/xerrors v0.0.0-20190717185122-a985d3407aa7
go: extracting github.com/uber/jaeger-lib v2.2.0+incompatible
go: downloading github.com/prometheus/common v0.7.0
go: extracting golang.org/x/xerrors v0.0.0-20190717185122-a985d3407aa7
go: downloading go.uber.org/zap v1.10.0
go: extracting github.com/prometheus/common v0.7.0
go: extracting google.golang.org/grpc v1.24.0
go: extracting go.uber.org/zap v1.10.0
go: downloading golang.org/x/time v0.0.0-20181108054448-85acf8d2951c
go: downloading go.opencensus.io v0.22.0
go: downloading google.golang.org/genproto v0.0.0-20190819201941-24fa4b261c55
go: downloading github.com/cespare/xxhash/v2 v2.1.1
go: downloading golang.org/x/net v0.0.0-20190926025831-c00fd9afed17
go: downloading github.com/prometheus/client_model v0.1.0
go: extracting github.com/cespare/xxhash/v2 v2.1.1
go: extracting github.com/prometheus/client_model v0.1.0
go: downloading github.com/beorn7/perks v1.0.1
go: extracting github.com/beorn7/perks v1.0.1
go: extracting golang.org/x/time v0.0.0-20181108054448-85acf8d2951c
go: downloading github.com/prometheus/procfs v0.0.8
go: downloading golang.org/x/oauth2 v0.0.0-20190604053449-0f29369cfe45
go: extracting go.opencensus.io v0.22.0
go: extracting github.com/prometheus/procfs v0.0.8
go: downloading github.com/sirupsen/logrus v1.4.2
go: downloading golang.org/x/sys v0.0.0-20191220142924-d4481acd189f
go: downloading github.com/hashicorp/golang-lru v0.5.1
go: extracting github.com/sirupsen/logrus v1.4.2
go: extracting github.com/hashicorp/golang-lru v0.5.1
go: downloading github.com/googleapis/gnostic v0.3.1
go: downloading golang.org/x/crypto v0.0.0-20190701094942-4def268fd1a4
go: extracting golang.org/x/oauth2 v0.0.0-20190604053449-0f29369cfe45
go: extracting github.com/googleapis/gnostic v0.3.1
go: downloading gopkg.in/alecthomas/kingpin.v2 v2.2.6
go: extracting gopkg.in/alecthomas/kingpin.v2 v2.2.6
go: downloading github.com/alecthomas/units v0.0.0-20190717042225-c3de453c63f4
go: extracting github.com/alecthomas/units v0.0.0-20190717042225-c3de453c63f4
go: extracting golang.org/x/net v0.0.0-20190926025831-c00fd9afed17
go: extracting golang.org/x/crypto v0.0.0-20190701094942-4def268fd1a4
go: downloading github.com/json-iterator/go v1.1.8
go: downloading github.com/alecthomas/template v0.0.0-20190718012654-fb15b899a751
go: extracting github.com/alecthomas/template v0.0.0-20190718012654-fb15b899a751
go: extracting github.com/json-iterator/go v1.1.8
go: extracting golang.org/x/sys v0.0.0-20191220142924-d4481acd189f
go: extracting google.golang.org/genproto v0.0.0-20190819201941-24fa4b261c55
go: extracting github.com/tensorflow/tensorflow v1.14.0
go vet ./...
go: downloading github.com/onsi/gomega v1.7.0
go: downloading gotest.tools v2.2.0+incompatible
go: extracting github.com/onsi/gomega v1.7.0
go: extracting gotest.tools v2.2.0+incompatible
go test ./api/... ./predictor/...  -coverprofile cover.out
?   	github.com/seldonio/seldon-core/executor/api	[no test files]
?   	github.com/seldonio/seldon-core/executor/api/client	[no test files]
ok  	github.com/seldonio/seldon-core/executor/api/grpc	0.023s	coverage: 58.8% of statements
ok  	github.com/seldonio/seldon-core/executor/api/grpc/seldon	0.026s	coverage: 11.7% of statements
?   	github.com/seldonio/seldon-core/executor/api/grpc/seldon/proto	[no test files]
ok  	github.com/seldonio/seldon-core/executor/api/grpc/tensorflow	0.028s	coverage: 17.2% of statements
ok  	github.com/seldonio/seldon-core/executor/api/metric	0.019s	coverage: 37.5% of statements
ok  	github.com/seldonio/seldon-core/executor/api/payload	0.012s	coverage: 64.3% of statements
ok  	github.com/seldonio/seldon-core/executor/api/rest	0.052s	coverage: 60.7% of statements
?   	github.com/seldonio/seldon-core/executor/api/test	[no test files]
?   	github.com/seldonio/seldon-core/executor/api/util	[no test files]
ok  	github.com/seldonio/seldon-core/executor/predictor	0.061s	coverage: 76.6% of statements
docker build . -t seldonio/seldon-core-executor:1.0.2-SNAPSHOT
Sending build context to Docker daemon  2.526MB
Step 1/15 : FROM golang:1.13 as builder
1.13: Pulling from library/golang
8f0fdd3eaac0: Pulling fs layer
d918eaefd9de: Pulling fs layer
43bf3e3107f5: Pulling fs layer
27622921edb2: Pulling fs layer
f862a94ee651: Pulling fs layer
410143ccff32: Pulling fs layer
4e820fb4177f: Pulling fs layer
f862a94ee651: Waiting
410143ccff32: Waiting
4e820fb4177f: Waiting
27622921edb2: Waiting
d918eaefd9de: Verifying Checksum
d918eaefd9de: Download complete
43bf3e3107f5: Verifying Checksum
43bf3e3107f5: Download complete
8f0fdd3eaac0: Verifying Checksum
8f0fdd3eaac0: Download complete
27622921edb2: Verifying Checksum
27622921edb2: Download complete
f862a94ee651: Verifying Checksum
f862a94ee651: Download complete
4e820fb4177f: Verifying Checksum
4e820fb4177f: Download complete
410143ccff32: Verifying Checksum
410143ccff32: Download complete
8f0fdd3eaac0: Pull complete
d918eaefd9de: Pull complete
43bf3e3107f5: Pull complete
27622921edb2: Pull complete
f862a94ee651: Pull complete
410143ccff32: Pull complete
4e820fb4177f: Pull complete
Digest: sha256:2df96417dca0561bf1027742dcc5b446a18957cd28eba6aa79269f23f1846d3f
Status: Downloaded newer image for golang:1.13
 ---> 272e3f68338f
Step 2/15 : WORKDIR /workspace
 ---> Running in 75ed7c7277d3
Removing intermediate container 75ed7c7277d3
 ---> 81fa17b80183
Step 3/15 : COPY go.mod go.mod
 ---> c91e62d019ae
Step 4/15 : COPY go.sum go.sum
 ---> 44b137d382ca
Step 5/15 : COPY proto/ proto/
 ---> cb58711134a3
Step 6/15 : RUN go mod download
 ---> Running in 9b6336da6a2a
[91mgo: finding cloud.google.com/go v0.40.0
[0m[91mgo: finding contrib.go.opencensus.io/exporter/ocagent v0.4.12
[0m[91mgo: finding contrib.go.opencensus.io/exporter/prometheus v0.1.0
[0m[91mgo: finding github.com/Azure/azure-sdk-for-go v30.1.0+incompatible
[0m[91mgo: finding github.com/Azure/go-autorest/autorest v0.9.2
[0m[91mgo: finding github.com/Azure/go-autorest/autorest/adal v0.7.0
[0m[91mgo: finding github.com/Azure/go-autorest/autorest/date v0.2.0
[0m[91mgo: finding github.com/Azure/go-autorest/autorest/mocks v0.3.0
[0m[91mgo: finding github.com/Azure/go-autorest/autorest/to v0.2.0
[0m[91mgo: finding github.com/Azure/go-autorest/autorest/validation v0.1.0
[0m[91mgo: finding github.com/Azure/go-autorest/logger v0.1.0
[0m[91mgo: finding github.com/Azure/go-autorest/tracing v0.5.0
[0m[91mgo: finding github.com/BurntSushi/toml v0.3.1
[0m[91mgo: finding github.com/NYTimes/gziphandler v0.0.0-20170623195520-56545f4a5d46
[0m[91mgo: finding github.com/PuerkitoBio/purell v1.0.0
[0m[91mgo: finding github.com/PuerkitoBio/urlesc v0.0.0-20160726150825-5bd2802263f2
[0m[91mgo: finding github.com/Shopify/sarama v1.19.0
[0m[91mgo: finding github.com/Shopify/toxiproxy v2.1.4+incompatible
[0m[91mgo: finding github.com/alecthomas/template v0.0.0-20190718012654-fb15b899a751
[0m[91mgo: finding github.com/alecthomas/units v0.0.0-20190717042225-c3de453c63f4
[0m[91mgo: finding github.com/apache/thrift v0.12.0
[0m[91mgo: finding github.com/beorn7/perks v1.0.1
[0m[91mgo: finding github.com/census-instrumentation/opencensus-proto v0.2.0
[0m[91mgo: finding github.com/cespare/xxhash/v2 v2.1.1
[0m[91mgo: finding github.com/client9/misspell v0.3.4
[0m[91mgo: finding github.com/cloudevents/sdk-go v0.10.2
[0m[91mgo: finding github.com/davecgh/go-spew v1.1.1
[0m[91mgo: finding github.com/dgrijalva/jwt-go v3.2.0+incompatible
[0m[91mgo: finding github.com/docopt/docopt-go v0.0.0-20180111231733-ee0de3bc6815
[0m[91mgo: finding github.com/eapache/go-resiliency v1.1.0
[0m[91mgo: finding github.com/eapache/go-xerial-snappy v0.0.0-20180814174437-776d5712da21
[0m[91mgo: finding github.com/eapache/queue v1.1.0
[0m[91mgo: finding github.com/emicklei/go-restful v0.0.0-20170410110728-ff4f55a20633
[0m[91mgo: finding github.com/evanphx/json-patch v4.5.0+incompatible
[0m[91mgo: finding github.com/fatih/color v1.7.0
[0m[91mgo: finding github.com/fortytw2/leaktest v1.3.0
[0m[91mgo: finding github.com/fsnotify/fsnotify v1.4.7
[0m[91mgo: finding github.com/ghodss/yaml v1.0.0
[0m[91mgo: finding github.com/go-kit/kit v0.9.0
[0m[91mgo: finding github.com/go-logfmt/logfmt v0.4.0
[0m[91mgo: finding github.com/go-logr/logr v0.1.0
[0m[91mgo: finding github.com/go-logr/zapr v0.1.0
[0m[91mgo: finding github.com/go-openapi/jsonpointer v0.0.0-20160704185906-46af16f9f7b1
[0m[91mgo: finding github.com/go-openapi/jsonreference v0.0.0-20160704190145-13c6e3589ad9
[0m[91mgo: finding github.com/go-openapi/spec v0.0.0-20160808142527-6aced65f8501
[0m[91mgo: finding github.com/go-openapi/swag v0.0.0-20160704191624-1d0bd113de87
[0m[91mgo: finding github.com/go-stack/stack v1.8.0
[0m[91mgo: finding github.com/gobuffalo/flect v0.1.5
[0m[91mgo: finding github.com/gogo/protobuf v1.2.1
[0m[91mgo: finding github.com/golang/glog v0.0.0-20160126235308-23def4e6c14b
[0m[91mgo: finding github.com/golang/groupcache v0.0.0-20180513044358-24b0969c4cb7
[0m[91mgo: finding github.com/golang/mock v1.2.0
[0m[91mgo: finding github.com/golang/protobuf v1.3.2
[0m[91mgo: finding github.com/golang/snappy v0.0.0-20180518054509-2e65f85255db
[0m[91mgo: finding github.com/google/btree v0.0.0-20180813153112-4030bb1f1f0c
[0m[91mgo: finding github.com/google/go-cmp v0.3.1
[0m[91mgo: finding github.com/google/gofuzz v1.0.0
[0m[91mgo: finding github.com/google/martian v2.1.0+incompatible
[0m[91mgo: finding github.com/google/pprof v0.0.0-20181206194817-3ea8567a2e57
[0m[91mgo: finding github.com/google/uuid v1.1.1
[0m[91mgo: finding github.com/googleapis/gax-go/v2 v2.0.4
[0m[91mgo: finding github.com/googleapis/gnostic v0.3.1
[0m[91mgo: finding github.com/gophercloud/gophercloud v0.4.0
[0m[91mgo: finding github.com/gorilla/context v1.1.1
[0m[91mgo: finding github.com/gorilla/mux v1.7.3
[0m[91mgo: finding github.com/grpc-ecosystem/go-grpc-middleware v1.1.0
[0m[91mgo: finding github.com/grpc-ecosystem/go-grpc-prometheus v1.2.0
[0m[91mgo: finding github.com/grpc-ecosystem/grpc-gateway v1.8.5
[0m[91mgo: finding github.com/hashicorp/golang-lru v0.5.1
[0m[91mgo: finding github.com/hpcloud/tail v1.0.0
[0m[91mgo: finding github.com/imdario/mergo v0.3.6
[0m[91mgo: finding github.com/inconshreveable/mousetrap v1.0.0
[0m[91mgo: finding github.com/json-iterator/go v1.1.8
[0m[91mgo: finding github.com/jstemmer/go-junit-report v0.0.0-20190106144839-af01ea7f8024
[0m[91mgo: finding github.com/julienschmidt/httprouter v1.2.0
[0m[91mgo: finding github.com/kelseyhightower/envconfig v1.4.0
[0m[91mgo: finding github.com/kisielk/errcheck v1.1.0
[0m[91mgo: finding github.com/kisielk/gotool v1.0.0
[0m[91mgo: finding github.com/konsorten/go-windows-terminal-sequences v1.0.1
[0m[91mgo: finding github.com/kr/logfmt v0.0.0-20140226030751-b84e30acd515
[0m[91mgo: finding github.com/kr/pretty v0.1.0
[0m[91mgo: finding github.com/kr/pty v1.1.1
[0m[91mgo: finding github.com/kr/text v0.1.0
[0m[91mgo: finding github.com/mailru/easyjson v0.0.0-20160728113105-d5b7844b561a
[0m[91mgo: finding github.com/mattn/go-colorable v0.1.2
[0m[91mgo: finding github.com/mattn/go-isatty v0.0.8
[0m[91mgo: finding github.com/matttproud/golang_protobuf_extensions v1.0.1
[0m[91mgo: finding github.com/modern-go/concurrent v0.0.0-20180306012644-bacd9c7ef1dd
[0m[91mgo: finding github.com/modern-go/reflect2 v1.0.1
[0m[91mgo: finding github.com/munnerz/goautoneg v0.0.0-20120707110453-a547fc61f48d
[0m[91mgo: finding github.com/mwitkow/go-conntrack v0.0.0-20161129095857-cc309e4a2223
[0m[91mgo: finding github.com/nats-io/jwt v0.3.2
[0m[91mgo: finding github.com/nats-io/nats-server/v2 v2.1.2
[0m[91mgo: finding github.com/nats-io/nats.go v1.9.1
[0m[91mgo: finding github.com/nats-io/nkeys v0.1.3
[0m[91mgo: finding github.com/nats-io/nuid v1.0.1
[0m[91mgo: finding github.com/onsi/ginkgo v1.8.0
[0m[91mgo: finding github.com/onsi/gomega v1.7.0
[0m[91mgo: finding github.com/opentracing/opentracing-go v1.1.0
[0m[91mgo: finding github.com/openzipkin/zipkin-go v0.1.6
[0m[91mgo: finding github.com/pborman/uuid v0.0.0-20170612153648-e790cca94e6c
[0m[91mgo: finding github.com/pierrec/lz4 v2.0.5+incompatible
[0m[91mgo: finding github.com/pkg/errors v0.8.1
[0m[91mgo: finding github.com/pmezard/go-difflib v1.0.0
[0m[91mgo: finding github.com/prometheus/client_golang v1.3.0
[0m[91mgo: finding github.com/prometheus/client_model v0.1.0
[0m[91mgo: finding github.com/prometheus/common v0.7.0
[0m[91mgo: finding github.com/prometheus/procfs v0.0.8
[0m[91mgo: finding github.com/rcrowley/go-metrics v0.0.0-20181016184325-3113b8401b8a
[0m[91mgo: finding github.com/rogpeppe/fastuuid v0.0.0-20150106093220-6724a57986af
[0m[91mgo: finding github.com/seldonio/seldon-core/operator v0.0.0-20191223100430-3b372610589b
[0m[91mgo: finding github.com/sirupsen/logrus v1.4.2
[0m[91mgo: finding github.com/spf13/afero v1.2.2
[0m[91mgo: finding github.com/spf13/cobra v0.0.3
[0m[91mgo: finding github.com/spf13/pflag v1.0.3
[0m[91mgo: finding github.com/stretchr/ob** v0.1.1
[0m[91mgo: finding github.com/stretchr/testify v1.4.0
[0m[91mgo: finding github.com/tensorflow/tensorflow v1.14.0
[0m[91mgo: finding github.com/uber/jaeger-client-go v2.21.1+incompatible
[0m[91mgo: finding github.com/uber/jaeger-lib v2.2.0+incompatible
[0m[91mgo: finding go.opencensus.io v0.22.0
[0m[91mgo: finding go.uber.org/atomic v1.4.0
[0m[91mgo: finding go.uber.org/multierr v1.1.0
[0m[91mgo: finding go.uber.org/zap v1.10.0
[0m[91mgo: finding golang.org/x/crypto v0.0.0-20190701094942-4def268fd1a4
[0m[91mgo: finding golang.org/x/exp v0.0.0-20190121172915-509febef88a4
[0m[91mgo: finding golang.org/x/lint v0.0.0-20190409202823-959b441ac422
[0m[91mgo: finding golang.org/x/net v0.0.0-20190926025831-c00fd9afed17
[0m[91mgo: finding golang.org/x/oauth2 v0.0.0-20190604053449-0f29369cfe45
[0m[91mgo: finding golang.org/x/sync v0.0.0-20190911185100-cd5d95a43a6e
[0m[91mgo: finding golang.org/x/sys v0.0.0-20191220142924-d4481acd189f
[0m[91mgo: finding golang.org/x/text v0.3.2
[0m[91mgo: finding golang.org/x/time v0.0.0-20181108054448-85acf8d2951c
[0m[91mgo: finding golang.org/x/tools v0.0.0-20190524140312-2c0ae7006135
[0m[91mgo: finding golang.org/x/xerrors v0.0.0-20190717185122-a985d3407aa7
[0m[91mgo: finding gomodules.xyz/jsonpatch/v2 v2.0.1
[0m[91mgo: finding google.golang.org/api v0.6.0
[0m[91mgo: finding google.golang.org/appengine v1.5.0
[0m[91mgo: finding google.golang.org/genproto v0.0.0-20190819201941-24fa4b261c55
[0m[91mgo: finding google.golang.org/grpc v1.24.0
[0m[91mgo: finding gopkg.in/alecthomas/kingpin.v2 v2.2.6
[0m[91mgo: finding gopkg.in/check.v1 v1.0.0-20180628173108-788fd7840127
[0m[91mgo: finding gopkg.in/fsnotify.v1 v1.4.7
[0m[91mgo: finding gopkg.in/inf.v0 v0.9.1
[0m[91mgo: finding gopkg.in/resty.v1 v1.12.0
[0m[91mgo: finding gopkg.in/tomb.v1 v1.0.0-20141024135613-dd632973f1e7
[0m[91mgo: finding gopkg.in/yaml.v2 v2.2.2
[0m[91mgo: finding gotest.tools v2.2.0+incompatible
[0m[91mgo: finding honnef.co/go/tools v0.0.0-20190523083050-ea95bdfd59fc
[0m[91mgo: finding k8s.io/api v0.0.0-20190409021203-6e4e0e4f393b
[0m[91mgo: finding k8s.io/apiextensions-apiserver v0.0.0-20190409022649-727a075fdec8
[0m[91mgo: finding k8s.io/apimachinery v0.0.0-20190404173353-6a84e37a896d
[0m[91mgo: finding k8s.io/client-go v11.0.1-0.20190409021438-1a26190bd76a+incompatible
[0m[91mgo: finding k8s.io/gengo v0.0.0-20190128074634-0689ccc1d7d6
[0m[91mgo: finding k8s.io/klog v0.3.3
[0m[91mgo: finding k8s.io/kube-openapi v0.0.0-20190603182131-db7b694dc208
[0m[91mgo: finding k8s.io/utils v0.0.0-20190506122338-8fab8cb257d5
[0m[91mgo: finding knative.dev/pkg v0.0.0-20190823221514-39a29cf1bf26
[0m[91mgo: finding pack.ag/amqp v0.11.0
[0m[91mgo: finding rsc.io/binaryregexp v0.2.0
[0m[91mgo: finding sigs.k8s.io/controller-runtime v0.2.2
[0m[91mgo: finding sigs.k8s.io/controller-tools v0.2.0
[0m[91mgo: finding sigs.k8s.io/structured-merge-diff v0.0.0-20190525122527-15d366b2352e
[0m[91mgo: finding sigs.k8s.io/testing_frameworks v0.1.1
[0m[91mgo: finding sigs.k8s.io/yaml v1.1.0
[0mRemoving intermediate container 9b6336da6a2a
 ---> 365ec84b65d1
Step 7/15 : COPY main.go main.go
 ---> 38a0860ed91e
Step 8/15 : COPY api/ api/
 ---> b6937bbf2f11
Step 9/15 : COPY predictor/ predictor/
 ---> 84f029871806
Step 10/15 : COPY logger/ logger/
 ---> 0cc9bfe5c2e1
Step 11/15 : RUN CGO_ENABLED=0 GOOS=linux GOARCH=amd64 GO111MODULE=on go build -a -o executor main.go
 ---> Running in 443dc6a458bb
Removing intermediate container 443dc6a458bb
 ---> e56171447175
Step 12/15 : FROM gcr.io/distroless/static:latest
 ---> e4d2a899b1bf
Step 13/15 : WORKDIR /
 ---> Using cache
 ---> 9d817ed27e6d
Step 14/15 : COPY --from=builder /workspace/executor .
 ---> 3660947707ea
Step 15/15 : ENTRYPOINT ["/executor"]
 ---> Running in 51d3fd22522b
Removing intermediate container 51d3fd22522b
 ---> 11a01802d6a1
Successfully built 11a01802d6a1
Successfully tagged seldonio/seldon-core-executor:1.0.2-SNAPSHOT
kind load -v 3 docker-image seldonio/seldon-core-executor:1.0.2-SNAPSHOT
Image: "seldonio/seldon-core-executor:1.0.2-SNAPSHOT" with ID "sha256:11a01802d6a12fedb3b127b46f6ecf652764c8ef3412ffb9c8dbfbbb05a11ca6" not present on node "kind-control-plane"
Image: "seldonio/seldon-core-executor:1.0.2-SNAPSHOT" with ID "sha256:11a01802d6a12fedb3b127b46f6ecf652764c8ef3412ffb9c8dbfbbb05a11ca6" not present on node "kind-worker"
make[1]: Leaving directory '/workspace/source/executor'
Build fixed models
cd ../docker/fixed-model && make kind_load_images
make[1]: Entering directory '/workspace/source/testing/docker/fixed-model'
s2i build -E environment_rest_v1 . seldonio/seldon-core-s2i-python3:0.15 seldonio/fixed-model:0.1
---> Installing application source...
Build completed successfully
s2i build -E environment_rest_v2 . seldonio/seldon-core-s2i-python3:0.15 seldonio/fixed-model:0.2
---> Installing application source...
Build completed successfully
kind load -v 3 docker-image seldonio/fixed-model:0.1
Image: "seldonio/fixed-model:0.1" with ID "sha256:abbbe42843759d1214babf2e0349a90b47affbb48e4a5e95cb5f1fb24b8b39f0" not present on node "kind-control-plane"
Image: "seldonio/fixed-model:0.1" with ID "sha256:abbbe42843759d1214babf2e0349a90b47affbb48e4a5e95cb5f1fb24b8b39f0" not present on node "kind-worker"
kind load -v 3 docker-image seldonio/fixed-model:0.2
Image: "seldonio/fixed-model:0.2" with ID "sha256:78db390c6428a9db0a7bb4e5fe15e0794929c0aad3fed2a14954127eeae5ca17" not present on node "kind-control-plane"
Image: "seldonio/fixed-model:0.2" with ID "sha256:78db390c6428a9db0a7bb4e5fe15e0794929c0aad3fed2a14954127eeae5ca17" not present on node "kind-worker"
make[1]: Leaving directory '/workspace/source/testing/docker/fixed-model'
kubectl create namespace seldon || echo "Namespace seldon already exists"
namespace/seldon created
kubectl create namespace test1 || echo "Namespace test1 already exists"
namespace/test1 created
helm repo add stable https://kubernetes-charts.storage.googleapis.com/
"stable" has been added to your repositories
helm repo add seldonio https://storage.googleapis.com/seldon-charts
"seldonio" has been added to your repositories
helm repo update
Hang tight while we grab the latest from your chart repositories...
...Successfully got an update from the "seldonio" chart repository
...Successfully got an update from the "stable" chart repository
Update Complete. âŽˆ Happy Helming!âŽˆ 
helm install --wait ambassador stable/ambassador -f ambassador_values.yaml --set crds.keep=false --namespace seldon --set replicaCount=1
manifest_sorter.go:175: info: skipping unknown hook: "crd-install"
manifest_sorter.go:175: info: skipping unknown hook: "crd-install"
manifest_sorter.go:175: info: skipping unknown hook: "crd-install"
manifest_sorter.go:175: info: skipping unknown hook: "crd-install"
manifest_sorter.go:175: info: skipping unknown hook: "crd-install"
manifest_sorter.go:175: info: skipping unknown hook: "crd-install"
manifest_sorter.go:175: info: skipping unknown hook: "crd-install"
manifest_sorter.go:175: info: skipping unknown hook: "crd-install"
manifest_sorter.go:175: info: skipping unknown hook: "crd-install"
manifest_sorter.go:175: info: skipping unknown hook: "crd-install"
manifest_sorter.go:175: info: skipping unknown hook: "crd-install"
manifest_sorter.go:175: info: skipping unknown hook: "crd-install"
manifest_sorter.go:175: info: skipping unknown hook: "crd-install"
manifest_sorter.go:175: info: skipping unknown hook: "crd-install"
NAME: ambassador
LAST DEPLOYED: Thu Jan 23 23:03:33 2020
NAMESPACE: seldon
STATUS: deployed
REVISION: 1
NOTES:
Congratulations! You've successfully installed Ambassador.

For help, visit our Slack at https://d6e.co/slack or view the documentation online at https://www.getambassador.io.

To get the IP address of Ambassador, run the following commands:
  export NODE_PORT=$(kubectl get --namespace seldon -o jsonpath="{.spec.ports[0].nodePort}" services ambassador)
  export NODE_IP=$(kubectl get nodes --namespace seldon -o jsonpath="{.items[0].status.addresses[0].address}")
  echo http://$NODE_IP:$NODE_PORT
kubectl apply -f istio-1.4.2.yaml
clusterrole.rbac.authorization.k8s.io/istio-reader-istio-system created
clusterrolebinding.rbac.authorization.k8s.io/istio-reader-istio-system created
customresourcedefinition.apiextensions.k8s.io/attributemanifests.config.istio.io created
customresourcedefinition.apiextensions.k8s.io/clusterrbacconfigs.rbac.istio.io created
customresourcedefinition.apiextensions.k8s.io/destinationrules.networking.istio.io created
customresourcedefinition.apiextensions.k8s.io/envoyfilters.networking.istio.io created
customresourcedefinition.apiextensions.k8s.io/gateways.networking.istio.io created
customresourcedefinition.apiextensions.k8s.io/httpapispecbindings.config.istio.io created
customresourcedefinition.apiextensions.k8s.io/httpapispecs.config.istio.io created
customresourcedefinition.apiextensions.k8s.io/meshpolicies.authentication.istio.io created
customresourcedefinition.apiextensions.k8s.io/policies.authentication.istio.io created
customresourcedefinition.apiextensions.k8s.io/quotaspecbindings.config.istio.io created
customresourcedefinition.apiextensions.k8s.io/quotaspecs.config.istio.io created
customresourcedefinition.apiextensions.k8s.io/rbacconfigs.rbac.istio.io created
customresourcedefinition.apiextensions.k8s.io/rules.config.istio.io created
customresourcedefinition.apiextensions.k8s.io/serviceentries.networking.istio.io created
customresourcedefinition.apiextensions.k8s.io/servicerolebindings.rbac.istio.io created
customresourcedefinition.apiextensions.k8s.io/serviceroles.rbac.istio.io created
customresourcedefinition.apiextensions.k8s.io/virtualservices.networking.istio.io created
customresourcedefinition.apiextensions.k8s.io/adapters.config.istio.io created
customresourcedefinition.apiextensions.k8s.io/instances.config.istio.io created
customresourcedefinition.apiextensions.k8s.io/templates.config.istio.io created
customresourcedefinition.apiextensions.k8s.io/handlers.config.istio.io created
customresourcedefinition.apiextensions.k8s.io/sidecars.networking.istio.io created
customresourcedefinition.apiextensions.k8s.io/authorizationpolicies.security.istio.io created
namespace/istio-system created
serviceaccount/istio-reader-service-account created
clusterrole.rbac.authorization.k8s.io/istio-citadel-istio-system created
clusterrolebinding.rbac.authorization.k8s.io/istio-citadel-istio-system created
deployment.apps/istio-citadel created
poddisruptionbudget.policy/istio-citadel created
service/istio-citadel created
serviceaccount/istio-citadel-service-account created
deployment.apps/istio-egressgateway created
poddisruptionbudget.policy/istio-egressgateway created
gateway.networking.istio.io/istio-multicluster-egressgateway created
virtualservice.networking.istio.io/istio-multicluster-egressgateway created
envoyfilter.networking.istio.io/istio-multicluster-egressgateway created
destinationrule.networking.istio.io/istio-multicluster-destinationrule created
service/istio-egressgateway created
role.rbac.authorization.k8s.io/istio-egressgateway-sds created
rolebinding.rbac.authorization.k8s.io/istio-egressgateway-sds created
serviceaccount/istio-egressgateway-service-account created
clusterrole.rbac.authorization.k8s.io/istio-galley-istio-system created
clusterrolebinding.rbac.authorization.k8s.io/istio-galley-*****-role-binding-istio-system created
configmap/istio-mesh-galley created
configmap/istio-galley-configuration created
deployment.apps/istio-galley created
poddisruptionbudget.policy/istio-galley created
service/istio-galley created
serviceaccount/istio-galley-service-account created
configmap/istio-grafana-configuration-dashboards-citadel-dashboard created
configmap/istio-grafana-configuration-dashboards-galley-dashboard created
configmap/istio-grafana-configuration-dashboards-istio-mesh-dashboard created
configmap/istio-grafana-configuration-dashboards-istio-performance-dashboard created
configmap/istio-grafana-configuration-dashboards-istio-service-dashboard created
configmap/istio-grafana-configuration-dashboards-istio-workload-dashboard created
configmap/istio-grafana-configuration-dashboards-mixer-dashboard created
configmap/istio-grafana-configuration-dashboards-pilot-dashboard created
configmap/istio-grafana created
deployment.apps/grafana created
policy.authentication.istio.io/grafana-ports-mtls-disabled created
service/grafana created
deployment.apps/istio-ingressgateway created
gateway.networking.istio.io/ingressgateway created
poddisruptionbudget.policy/ingressgateway created
service/istio-ingressgateway created
serviceaccount/istio-ingressgateway-service-account created
sidecar.networking.istio.io/default created
clusterrole.rbac.authorization.k8s.io/istio-sidecar-injector-istio-system created
clusterrolebinding.rbac.authorization.k8s.io/istio-sidecar-injector-*****-role-binding-istio-system created
configmap/injector-mesh created
deployment.apps/istio-sidecar-injector created
mutatingwebhookconfiguration.admissionregistration.k8s.io/istio-sidecar-injector created
poddisruptionbudget.policy/istio-sidecar-injector created
service/istio-sidecar-injector created
serviceaccount/istio-sidecar-injector-service-account created
configmap/istio-sidecar-injector created
clusterrole.rbac.authorization.k8s.io/kiali created
clusterrole.rbac.authorization.k8s.io/kiali-viewer created
clusterrolebinding.rbac.authorization.k8s.io/kiali created
configmap/kiali created
secret/kiali created
deployment.apps/kiali created
service/kiali created
serviceaccount/kiali-service-account created
clusterrole.rbac.authorization.k8s.io/istio-pilot-istio-system created
clusterrolebinding.rbac.authorization.k8s.io/istio-pilot-istio-system created
configmap/pilot-envoy-config created
configmap/istio created
deployment.apps/istio-pilot created
meshpolicy.authentication.istio.io/default created
poddisruptionbudget.policy/istio-pilot created
service/istio-pilot created
serviceaccount/istio-pilot-service-account created
clusterrole.rbac.authorization.k8s.io/istio-policy created
clusterrolebinding.rbac.authorization.k8s.io/istio-policy-*****-role-binding-istio-system created
destinationrule.networking.istio.io/istio-policy created
deployment.apps/istio-policy created
poddisruptionbudget.policy/istio-policy created
service/istio-policy created
serviceaccount/istio-policy-service-account created
clusterrole.rbac.authorization.k8s.io/prometheus-istio-system created
clusterrolebinding.rbac.authorization.k8s.io/prometheus-istio-system created
configmap/prometheus created
deployment.apps/prometheus created
service/prometheus created
serviceaccount/prometheus created
horizontalpodautoscaler.autoscaling/istio-telemetry created
clusterrole.rbac.authorization.k8s.io/istio-mixer-istio-system created
clusterrolebinding.rbac.authorization.k8s.io/istio-mixer-*****-role-binding-istio-system created
attributemanifest.config.istio.io/istioproxy created
attributemanifest.config.istio.io/kubernetes created
handler.config.istio.io/stdio created
instance.config.istio.io/accesslog created
instance.config.istio.io/tcpaccesslog created
rule.config.istio.io/stdio created
rule.config.istio.io/stdiotcp created
instance.config.istio.io/requestcount created
instance.config.istio.io/requestduration created
instance.config.istio.io/requestsize created
instance.config.istio.io/responsesize created
instance.config.istio.io/tcpbytesent created
instance.config.istio.io/tcpbytereceived created
instance.config.istio.io/tcpconnectionsopened created
instance.config.istio.io/tcpconnectionsclosed created
handler.config.istio.io/prometheus created
rule.config.istio.io/promhttp created
rule.config.istio.io/promtcp created
rule.config.istio.io/promtcpconnectionopen created
rule.config.istio.io/promtcpconnectionclosed created
handler.config.istio.io/kubernetesenv created
rule.config.istio.io/kubeattrgenrulerule created
rule.config.istio.io/tcpkubeattrgenrulerule created
instance.config.istio.io/attributes created
destinationrule.networking.istio.io/istio-telemetry created
configmap/telemetry-envoy-config created
deployment.apps/istio-telemetry created
poddisruptionbudget.policy/istio-telemetry created
service/istio-telemetry created
serviceaccount/istio-mixer-service-account created
deployment.apps/istio-tracing created
service/jaeger-query created
service/jaeger-collector created
service/jaeger-agent created
service/zipkin created
service/tracing created
kubectl rollout status deployment.apps/istio-ingressgateway -n istio-system
Waiting for deployment "istio-ingressgateway" rollout to finish: 0 of 1 updated replicas are available...
deployment "istio-ingressgateway" successfully rolled out
kubectl rollout status deployment.apps/istio-pilot -n istio-system
deployment "istio-pilot" successfully rolled out
kubectl rollout status deployment.apps/istio-citadel -n istio-system
deployment "istio-citadel" successfully rolled out
cd ../../operator && make install-cert-manager
make[1]: Entering directory '/workspace/source/operator'
kubectl create namespace cert-manager || echo "Namespace cert-manager-exists"
namespace/cert-manager created
kubectl label namespace cert-manager cert-manager.io/disable-validation=true || echo "namespace cert-manager-already labelled"
namespace/cert-manager labeled
kubectl apply --validate=false -f https://github.com/jetstack/cert-manager/releases/download/v0.12.0/cert-manager.yaml
customresourcedefinition.apiextensions.k8s.io/certificaterequests.cert-manager.io created
customresourcedefinition.apiextensions.k8s.io/certificates.cert-manager.io created
customresourcedefinition.apiextensions.k8s.io/challenges.acme.cert-manager.io created
customresourcedefinition.apiextensions.k8s.io/clusterissuers.cert-manager.io created
customresourcedefinition.apiextensions.k8s.io/issuers.cert-manager.io created
customresourcedefinition.apiextensions.k8s.io/orders.acme.cert-manager.io created
Warning: kubectl apply should be used on resource created by either kubectl create --save-config or kubectl apply
namespace/cert-manager configured
serviceaccount/cert-manager-cainjector created
serviceaccount/cert-manager created
serviceaccount/cert-manager-webhook created
clusterrole.rbac.authorization.k8s.io/cert-manager-cainjector created
clusterrolebinding.rbac.authorization.k8s.io/cert-manager-cainjector created
role.rbac.authorization.k8s.io/cert-manager-cainjector:leaderelection created
rolebinding.rbac.authorization.k8s.io/cert-manager-cainjector:leaderelection created
clusterrolebinding.rbac.authorization.k8s.io/cert-manager-webhook:auth-delegator created
rolebinding.rbac.authorization.k8s.io/cert-manager-webhook:webhook-authentication-reader created
clusterrole.rbac.authorization.k8s.io/cert-manager-webhook:webhook-requester created
role.rbac.authorization.k8s.io/cert-manager:leaderelection created
rolebinding.rbac.authorization.k8s.io/cert-manager:leaderelection created
clusterrole.rbac.authorization.k8s.io/cert-manager-controller-issuers created
clusterrole.rbac.authorization.k8s.io/cert-manager-controller-clusterissuers created
clusterrole.rbac.authorization.k8s.io/cert-manager-controller-certificates created
clusterrole.rbac.authorization.k8s.io/cert-manager-controller-orders created
clusterrole.rbac.authorization.k8s.io/cert-manager-controller-challenges created
clusterrole.rbac.authorization.k8s.io/cert-manager-controller-ingress-shim created
clusterrolebinding.rbac.authorization.k8s.io/cert-manager-controller-issuers created
clusterrolebinding.rbac.authorization.k8s.io/cert-manager-controller-clusterissuers created
clusterrolebinding.rbac.authorization.k8s.io/cert-manager-controller-certificates created
clusterrolebinding.rbac.authorization.k8s.io/cert-manager-controller-orders created
clusterrolebinding.rbac.authorization.k8s.io/cert-manager-controller-challenges created
clusterrolebinding.rbac.authorization.k8s.io/cert-manager-controller-ingress-shim created
clusterrole.rbac.authorization.k8s.io/cert-manager-view created
clusterrole.rbac.authorization.k8s.io/cert-manager-edit created
service/cert-manager created
service/cert-manager-webhook created
deployment.apps/cert-manager-cainjector created
deployment.apps/cert-manager created
deployment.apps/cert-manager-webhook created
mutatingwebhookconfiguration.admissionregistration.k8s.io/cert-manager-webhook created
validatingwebhookconfiguration.admissionregistration.k8s.io/cert-manager-webhook created
kubectl rollout status deployment.apps/cert-manager -n cert-manager
Waiting for deployment "cert-manager" rollout to finish: 0 of 1 updated replicas are available...
deployment "cert-manager" successfully rolled out
kubectl rollout status deployment.apps/cert-manager-cainjector -n cert-manager
deployment "cert-manager-cainjector" successfully rolled out
kubectl rollout status deployment.apps/cert-manager-webhook -n cert-manager
Waiting for deployment "cert-manager-webhook" rollout to finish: 0 of 1 updated replicas are available...
deployment "cert-manager-webhook" successfully rolled out
make[1]: Leaving directory '/workspace/source/operator'
sleep 5 #https://github.com/jetstack/cert-manager/issues/2273
kubectl create namespace seldon-system || echo "namespace seldon-system exists"
namespace/seldon-system created
helm install --wait seldon ../../helm-charts/seldon-core-operator --namespace seldon-system --set istio.enabled=true --set istio.gateway=seldon-gateway --set certManager.enabled=false --set executor.enabled=true
NAME: seldon
LAST DEPLOYED: Thu Jan 23 23:06:18 2020
NAMESPACE: seldon-system
STATUS: deployed
REVISION: 1
TEST SUITE: None
kubectl config set-context $(kubectl config current-context) --namespace=seldon
Context "kind-kind" modified.
make: Entering directory '/workspace/source/python'
pip install -e . -r requirements-dev.txt
Obtaining file:///workspace/source/python
Collecting Flask<2.0.0
  Downloading https://files.pythonhosted.org/packages/9b/93/628509b8d5dc749656a9641f4caf13540e2cdec85276964ff8f43bbb1d3b/Flask-1.1.1-py2.py3-none-any.whl (94kB)
Collecting Flask-cors<4.0.0
  Downloading https://files.pythonhosted.org/packages/78/38/e68b11daa5d613e3a91e4bf3da76c94ac9ee0d9cd515af9c1ab80d36f709/Flask_Cors-3.0.8-py2.py3-none-any.whl
Collecting redis<4.0.0
  Downloading https://files.pythonhosted.org/packages/32/ae/28613a62eea0d53d3db3147f8715f90da07667e99baeedf1010eb400f8c0/redis-3.3.11-py2.py3-none-any.whl (66kB)
Collecting requests<3.0.0
  Downloading https://files.pythonhosted.org/packages/51/bd/23c926cd341ea6b7dd0b2a00aba99ae0f828be89d72b2190f27c11d4b7fb/requests-2.22.0-py2.py3-none-any.whl (57kB)
Collecting numpy<2.0.0
  Downloading https://files.pythonhosted.org/packages/62/20/4d43e141b5bc426ba38274933ef8e76e85c7adea2c321ecf9ebf7421cedf/numpy-1.18.1-cp36-cp36m-manylinux1_x86_64.whl (20.1MB)
Collecting flatbuffers<2.0.0
  Downloading https://files.pythonhosted.org/packages/c9/84/adf5837f96c39990bc55afdfddf460b38b4562f50341359afa32e4a98de7/flatbuffers-1.11-py2.py3-none-any.whl
Requirement already satisfied: protobuf<4.0.0 in /usr/local/lib/python3.6/site-packages (from -r requirements.txt (line 7)) (3.11.2)
Requirement already satisfied: grpcio<2.0.0 in /usr/local/lib/python3.6/site-packages (from -r requirements.txt (line 8)) (1.26.0)
Collecting Flask-OpenTracing<1.2.0,>=1.1.0
  Downloading https://files.pythonhosted.org/packages/58/6c/6417701ba5ecc8854670c6db3207bcc3e5fbc96289a7cb18d5516d99a1c6/Flask-OpenTracing-1.1.0.tar.gz
Collecting opentracing<2.3.0,>=2.2.0
  Downloading https://files.pythonhosted.org/packages/94/9f/289424136addf621fb4c75624ef9a3a80e8575da3993a87950c57e93217e/opentracing-2.2.0.tar.gz (47kB)
Collecting jaeger-client<4.2.0,>=4.1.0
  Downloading https://files.pythonhosted.org/packages/f1/da/569a4f1bc3d0c412c7f903053f09ef62fa10949374ca90bc852b22dd3860/jaeger-client-4.1.0.tar.gz (80kB)
Collecting grpcio-opentracing<1.2.0,>=1.1.4
  Downloading https://files.pythonhosted.org/packages/db/82/2fcad380697c3dab25de76ee590bcab3eb9bbfb4add916044d7e83ec2b10/grpcio_opentracing-1.1.4-py3-none-any.whl
Collecting pyaml<20.0.0
  Downloading https://files.pythonhosted.org/packages/35/1e/eda9fe07f752ced7afcef590e7d74390f0d9c9c0b7ff98317afbaa0697e3/pyaml-19.12.0-py2.py3-none-any.whl
Collecting gunicorn<20.1.0,>=19.9.0
  Downloading https://files.pythonhosted.org/packages/69/ca/926f7cd3a2014b16870086b2d0fdc84a9e49473c68a8dff8b57f7c156f43/gunicorn-20.0.4-py2.py3-none-any.whl (77kB)
Collecting minio<6.0.0,>=4.0.9
  Downloading https://files.pythonhosted.org/packages/63/e7/2a0b66bfa07871aa453d3f6a6089d16abfd6b69a69aa1b15d436c82b50dd/minio-5.0.6-py2.py3-none-any.whl (62kB)
Collecting azure-storage-blob<3.0.0,>=2.0.1
  Downloading https://files.pythonhosted.org/packages/3e/84/610f379b46d7d3c2d48eadeed6a12b6d46a43100fea70534f5992d0ac996/azure_storage_blob-2.1.0-py2.py3-none-any.whl (88kB)
Requirement already satisfied: setuptools>=41.0.0 in /usr/local/lib/python3.6/site-packages (from -r requirements.txt (line 17)) (45.0.0)
Collecting pandas==0.25.3
  Downloading https://files.pythonhosted.org/packages/52/3f/f6a428599e0d4497e1595030965b5ba455fd8ade6e977e3c819973c4b41d/pandas-0.25.3-cp36-cp36m-manylinux1_x86_64.whl (10.4MB)
Collecting google-cloud-storage>=1.16.0
  Downloading https://files.pythonhosted.org/packages/cd/6d/75c2a47af99d15aa8b4de4e66226c128e623f8c9d3e27a8588368ccc38fc/google_cloud_storage-1.25.0-py2.py3-none-any.whl (73kB)
Collecting mypy<0.762
  Downloading https://files.pythonhosted.org/packages/7e/2f/859faf744fab87c2e1749ef1e7bce1f7550ab1b384c872d657063beb0ac2/mypy-0.761-cp36-cp36m-manylinux1_x86_64.whl (24.1MB)
Collecting Pillow==7.0.0
  Downloading https://files.pythonhosted.org/packages/19/5e/23dcc0ce3cc2abe92efd3cd61d764bee6ccdf1b667a1fb566f45dc249953/Pillow-7.0.0-cp36-cp36m-manylinux1_x86_64.whl (2.1MB)
Collecting tox<4.0.0
  Downloading https://files.pythonhosted.org/packages/77/a7/a5b721d9bf955edfe36013e5ecc9136fc6b2fef622ab1797ff0560273d8e/tox-3.14.3-py2.py3-none-any.whl (80kB)
Collecting pytest==5.3.1
  Downloading https://files.pythonhosted.org/packages/da/ed/d22d7f06eb1107271694ed2171b9d52e8eea38d9757124e75ba13324ac77/pytest-5.3.1-py3-none-any.whl (233kB)
Collecting pytest-cov==2.8.1
  Downloading https://files.pythonhosted.org/packages/b9/54/3673ee8be482f81527678ac894276223b9814bb7262e4f730469bb7bf70e/pytest_cov-2.8.1-py2.py3-none-any.whl
Collecting coverage==4.5.4
  Downloading https://files.pythonhosted.org/packages/51/b1/13609068fff1c8c056f0c4601ad6985cf5c1bbfc529196ab08bd2a57dc39/coverage-4.5.4-cp36-cp36m-manylinux1_x86_64.whl (205kB)
Collecting Werkzeug>=0.15
  Downloading https://files.pythonhosted.org/packages/ce/42/3aeda98f96e85fd26180534d36570e4d18108d62ae36f87694b476b83d6f/Werkzeug-0.16.0-py2.py3-none-any.whl (327kB)
Collecting Jinja2>=2.10.1
  Downloading https://files.pythonhosted.org/packages/65/e0/eb35e762802015cab1ccee04e8a277b03f1d8e53da3ec3106882ec42558b/Jinja2-2.10.3-py2.py3-none-any.whl (125kB)
Collecting itsdangerous>=0.24
  Downloading https://files.pythonhosted.org/packages/76/ae/44b03b253d6fade317f32c24d100b3b35c2239807046a4c953c7b89fa49e/itsdangerous-1.1.0-py2.py3-none-any.whl
Collecting click>=5.1
  Downloading https://files.pythonhosted.org/packages/fa/37/45185cb5abbc30d7257104c434fe0b07e5a195a6847506c074527aa599ec/Click-7.0-py2.py3-none-any.whl (81kB)
Requirement already satisfied: Six in /usr/local/lib/python3.6/site-packages (from Flask-cors<4.0.0->-r requirements.txt (line 2)) (1.13.0)
Collecting chardet<3.1.0,>=3.0.2
  Downloading https://files.pythonhosted.org/packages/bc/a9/01ffebfb562e4274b6487b4bb1ddec7ca55ec7510b22e4c51f14098443b8/chardet-3.0.4-py2.py3-none-any.whl (133kB)
Collecting urllib3!=1.25.0,!=1.25.1,<1.26,>=1.21.1
  Downloading https://files.pythonhosted.org/packages/e8/74/6e4f91745020f967d09332bb2b8b9b10090957334692eb88ea4afe91b77f/urllib3-1.25.8-py2.py3-none-any.whl (125kB)
Collecting idna<2.9,>=2.5
  Downloading https://files.pythonhosted.org/packages/14/2c/cd551d81dbe15200be1cf41cd03869a46fe7226e7450af7a6545bfc474c9/idna-2.8-py2.py3-none-any.whl (58kB)
Collecting certifi>=2017.4.17
  Downloading https://files.pythonhosted.org/packages/b9/63/df50cac98ea0d5b006c55a399c3bf1db9da7b5a24de7890bc9cfd5dd9e99/certifi-2019.11.28-py2.py3-none-any.whl (156kB)
Collecting threadloop<2,>=1
  Downloading https://files.pythonhosted.org/packages/d3/1d/8398c1645b97dc008d3c658e04beda01ede3d90943d40c8d56863cf891bd/threadloop-1.0.2.tar.gz
Collecting thrift
  Downloading https://files.pythonhosted.org/packages/97/1e/3284d19d7be99305eda145b8aa46b0c33244e4a496ec66440dac19f8274d/thrift-0.13.0.tar.gz (59kB)
Collecting tornado<6,>=4.3
  Downloading https://files.pythonhosted.org/packages/e6/78/6e7b5af12c12bdf38ca9bfe863fcaf53dc10430a312d0324e76c1e5ca426/tornado-5.1.1.tar.gz (516kB)
Requirement already satisfied: PyYAML in /usr/local/lib/python3.6/site-packages (from pyaml<20.0.0->-r requirements.txt (line 13)) (5.3)
Collecting python-dateutil
  Downloading https://files.pythonhosted.org/packages/d4/70/d60450c3dd48ef87586924207ae8907090de0b306af2bce5d134d78615cb/python_dateutil-2.8.1-py2.py3-none-any.whl (227kB)
Collecting pytz
  Downloading https://files.pythonhosted.org/packages/e7/f9/f0b53f88060247251bf481fa6ea62cd0d25bf1b11a87888e53ce5b7c8ad2/pytz-2019.3-py2.py3-none-any.whl (509kB)
Collecting azure-common>=1.1.5
  Downloading https://files.pythonhosted.org/packages/3f/4b/8881f8446853dfe3d404468689edcff33c0e2bf62ac2ddf31d08d739fadc/azure_common-1.1.24-py2.py3-none-any.whl
Collecting azure-storage-common~=2.1
  Downloading https://files.pythonhosted.org/packages/6b/a0/6794b318ce0118d1a4053bdf0149a60807407db9b710354f2b203c2f5975/azure_storage_common-2.1.0-py2.py3-none-any.whl (47kB)
Collecting google-cloud-core<2.0dev,>=1.2.0
  Downloading https://files.pythonhosted.org/packages/45/26/09d7aebd08dcfcfb0873d727b716c8ab3dc7dc5b44f09d192c724e03d374/google_cloud_core-1.2.0-py2.py3-none-any.whl
Collecting google-resumable-media<0.6dev,>=0.5.0
  Downloading https://files.pythonhosted.org/packages/35/9e/f73325d0466ce5bdc36333f1aeb2892ead7b76e79bdb5c8b0493961fa098/google_resumable_media-0.5.0-py2.py3-none-any.whl
Collecting google-auth<2.0dev,>=1.9.0
  Downloading https://files.pythonhosted.org/packages/73/38/99d8c4db8788e050f2024032ecaa5e6df276e5befaabdd7e1bad17fe9b00/google_auth-1.10.2-py2.py3-none-any.whl (76kB)
Collecting typed-ast<1.5.0,>=1.4.0
  Downloading https://files.pythonhosted.org/packages/90/ed/5459080d95eb87a02fe860d447197be63b6e2b5e9ff73c2b0a85622994f4/typed_ast-1.4.1-cp36-cp36m-manylinux1_x86_64.whl (737kB)
Collecting typing-extensions>=3.7.4
  Downloading https://files.pythonhosted.org/packages/03/92/705fe8aca27678e01bbdd7738173b8e7df0088a2202c80352f664630d638/typing_extensions-3.7.4.1-py3-none-any.whl
Collecting mypy-extensions<0.5.0,>=0.4.3
  Downloading https://files.pythonhosted.org/packages/5c/eb/975c7c080f3223a5cdaff09612f3a5221e4ba534f7039db34c35d95fa6a5/mypy_extensions-0.4.3-py2.py3-none-any.whl
Collecting toml>=0.9.4
  Downloading https://files.pythonhosted.org/packages/a2/12/ced7105d2de62fa7c8fb5fce92cc4ce66b57c95fb875e9318dba7f8c5db0/toml-0.10.0-py2.py3-none-any.whl
Collecting filelock<4,>=3.0.0
  Downloading https://files.pythonhosted.org/packages/93/83/71a2ee6158bb9f39a90c0dea1637f81d5eef866e188e1971a1b1ab01a35a/filelock-3.0.12-py3-none-any.whl
Collecting py<2,>=1.4.17
  Downloading https://files.pythonhosted.org/packages/99/8d/21e1767c009211a62a8e3067280bfce76e89c9f876180308515942304d2d/py-1.8.1-py2.py3-none-any.whl (83kB)
Collecting virtualenv>=16.0.0
  Downloading https://files.pythonhosted.org/packages/05/f1/2e07e8ca50e047b9cc9ad56cf4291f4e041fa73207d000a095fe478abf84/virtualenv-16.7.9-py2.py3-none-any.whl (3.4MB)
Collecting importlib-metadata<2,>=0.12; python_version < "3.8"
  Downloading https://files.pythonhosted.org/packages/d7/31/74dcb59a601b95fce3b0334e8fc9db758f78e43075f22aeb3677dfb19f4c/importlib_metadata-1.4.0-py2.py3-none-any.whl
Collecting pluggy<1,>=0.12.0
  Downloading https://files.pythonhosted.org/packages/a0/28/85c7aa31b80d150b772fbe4a229487bc6644da9ccb7e427dd8cc60cb8a62/pluggy-0.13.1-py2.py3-none-any.whl
Collecting packaging>=14
  Downloading https://files.pythonhosted.org/packages/d8/5b/3098db49a61ccc8583ffead6aedc226f08ff56dc03106b6ec54451e27a30/packaging-20.0-py2.py3-none-any.whl
Collecting attrs>=17.4.0
  Downloading https://files.pythonhosted.org/packages/a2/db/4313ab3be961f7a763066401fb77f7748373b6094076ae2bda2806988af6/attrs-19.3.0-py2.py3-none-any.whl
Collecting more-itertools>=4.0.0
  Downloading https://files.pythonhosted.org/packages/bc/e2/3206a70758a21f9878fcf9478282bb68fbc66a5564718f9ed724c3f2bb52/more_itertools-8.1.0-py3-none-any.whl (41kB)
Collecting wcwidth
  Downloading https://files.pythonhosted.org/packages/58/b4/4850a0ccc6f567cc0ebe7060d20ffd4258b8210efadc259da62dc6ed9c65/wcwidth-0.1.8-py2.py3-none-any.whl
Collecting MarkupSafe>=0.23
  Downloading https://files.pythonhosted.org/packages/b2/5f/23e0023be6bb885d00ffbefad2942bc51a620328ee910f64abe5a8d18dd1/MarkupSafe-1.1.1-cp36-cp36m-manylinux1_x86_64.whl
Collecting cryptography
  Downloading https://files.pythonhosted.org/packages/ca/9a/7cece52c46546e214e10811b36b2da52ce1ea7fa203203a629b8dfadad53/cryptography-2.8-cp34-abi3-manylinux2010_x86_64.whl (2.3MB)
Collecting google-api-core<2.0.0dev,>=1.16.0
  Downloading https://files.pythonhosted.org/packages/63/7e/a523169b0cc9ce62d56e07571db927286a94b1a5f51ac220bd97db825c77/google_api_core-1.16.0-py2.py3-none-any.whl (70kB)
Collecting pyasn1-modules>=0.2.1
  Downloading https://files.pythonhosted.org/packages/95/de/214830a981892a3e286c3794f41ae67a4495df1108c3da8a9f62159b9a9d/pyasn1_modules-0.2.8-py2.py3-none-any.whl (155kB)
Collecting rsa<4.1,>=3.1.4
  Downloading https://files.pythonhosted.org/packages/02/e5/38518af393f7c214357079ce67a317307936896e961e35450b70fad2a9cf/rsa-4.0-py2.py3-none-any.whl
Collecting cachetools<5.0,>=2.0.0
  Downloading https://files.pythonhosted.org/packages/08/6a/abf83cb951617793fd49c98cb9456860f5df66ff89883c8660aa0672d425/cachetools-4.0.0-py3-none-any.whl
Collecting zipp>=0.5
  Downloading https://files.pythonhosted.org/packages/e1/0f/c25ab0632254f276599b664c3b9973f537a04910130321e0fb936806ff40/zipp-2.0.1-py3-none-any.whl
Collecting pyparsing>=2.0.2
  Downloading https://files.pythonhosted.org/packages/5d/bc/1e58593167fade7b544bfe9502a26dc860940a79ab306e651e7f13be68c2/pyparsing-2.4.6-py2.py3-none-any.whl (67kB)
Collecting cffi!=1.11.3,>=1.8
  Downloading https://files.pythonhosted.org/packages/49/72/0d42f94fe94afa8030350c26e9d787219f3f008ec9bf6b86c66532b29236/cffi-1.13.2-cp36-cp36m-manylinux1_x86_64.whl (397kB)
Collecting googleapis-common-protos<2.0dev,>=1.6.0
  Downloading https://files.pythonhosted.org/packages/05/46/168fd780f594a4d61122f7f3dc0561686084319ad73b4febbf02ae8b32cf/googleapis-common-protos-1.51.0.tar.gz
Collecting pyasn1<0.5.0,>=0.4.6
  Downloading https://files.pythonhosted.org/packages/62/1e/a94a8d635fa3ce4cfc7f506003548d0a2447ae76fd5ca53932970fe3053f/pyasn1-0.4.8-py2.py3-none-any.whl (77kB)
Collecting pycparser
  Downloading https://files.pythonhosted.org/packages/68/9e/49196946aee219aead1290e00d1e7fdeab8567783e83e1b9ab5585e6206a/pycparser-2.19.tar.gz (158kB)
Building wheels for collected packages: Flask-OpenTracing, opentracing, jaeger-client, threadloop, thrift, tornado, googleapis-common-protos, pycparser
  Building wheel for Flask-OpenTracing (setup.py): started
  Building wheel for Flask-OpenTracing (setup.py): finished with status 'done'
  Created wheel for Flask-OpenTracing: filename=Flask_OpenTracing-1.1.0-cp36-none-any.whl size=9071 sha256=1bde490569cb3b6c1fc11d8f60ba12946aaba1b488735aa861200c4863bb03f6
  Stored in directory: /builder/home/.cache/pip/wheels/7b/dc/25/3cf0b35c129232ee596c413f13d1d1f5a8e38c427266276dfd
  Building wheel for opentracing (setup.py): started
  Building wheel for opentracing (setup.py): finished with status 'done'
  Created wheel for opentracing: filename=opentracing-2.2.0-cp36-none-any.whl size=49320 sha256=af9fdbe63e4fce96e9504d7998305f6b391cae722eba9a7ccf869663eedcbe5f
  Stored in directory: /builder/home/.cache/pip/wheels/93/e9/b5/1cdc3544f99a54caca13832b5afa26fd98701fe709dc049576
  Building wheel for jaeger-client (setup.py): started
  Building wheel for jaeger-client (setup.py): finished with status 'done'
  Created wheel for jaeger-client: filename=jaeger_client-4.1.0-cp36-none-any.whl size=64309 sha256=2bc8cb40682ebc71a3f89299d6473e56693bc05b9471eb8f236e3c4b6d0a4da7
  Stored in directory: /builder/home/.cache/pip/wheels/f2/84/7f/e89da3ee8ce35598d6382b6389fa2ada5d66acca2422537994
  Building wheel for threadloop (setup.py): started
  Building wheel for threadloop (setup.py): finished with status 'done'
  Created wheel for threadloop: filename=threadloop-1.0.2-cp36-none-any.whl size=3425 sha256=c40768e5d32b8f3cf742e6152f0e4b9baf5dbdc7ef7687448f37850c29d8e488
  Stored in directory: /builder/home/.cache/pip/wheels/d7/7a/30/d212623a4cd34f6cce400f8122b1b7af740d3440c68023d51f
  Building wheel for thrift (setup.py): started
  Building wheel for thrift (setup.py): finished with status 'done'
  Created wheel for thrift: filename=thrift-0.13.0-cp36-cp36m-linux_x86_64.whl size=483876 sha256=079b948da3309664984dc12d0ac51b7ee07f133e88bae19e31cadafd161ebd1c
  Stored in directory: /builder/home/.cache/pip/wheels/02/a2/46/689ccfcf40155c23edc7cdbd9de488611c8fdf49ff34b1706e
  Building wheel for tornado (setup.py): started
  Building wheel for tornado (setup.py): finished with status 'done'
  Created wheel for tornado: filename=tornado-5.1.1-cp36-cp36m-linux_x86_64.whl size=462653 sha256=9cd91c90c384af9371ae135b2f25b663963562830da1317ea83638006d23e44b
  Stored in directory: /builder/home/.cache/pip/wheels/6d/e1/ce/f4ee2fa420cc6b940123c64992b81047816d0a9fad6b879325
  Building wheel for googleapis-common-protos (setup.py): started
  Building wheel for googleapis-common-protos (setup.py): finished with status 'done'
  Created wheel for googleapis-common-protos: filename=googleapis_common_protos-1.51.0-cp36-none-any.whl size=77593 sha256=2ab289e1353cc4ceee80ebab40dd2700507be2c9a0aac3d1e4abf96b8621703f
  Stored in directory: /builder/home/.cache/pip/wheels/2c/f9/7f/6eb87e636072bf467e25348bbeb96849333e6a080dca78f706
  Building wheel for pycparser (setup.py): started
  Building wheel for pycparser (setup.py): finished with status 'done'
  Created wheel for pycparser: filename=pycparser-2.19-py2.py3-none-any.whl size=111029 sha256=36635c397d94ebbbfa00613956c5ddeef242b71719e1d3ac89519d8f582ea453
  Stored in directory: /builder/home/.cache/pip/wheels/f2/9a/90/de94f8556265ddc9d9c8b271b0f63e57b26fb1d67a45564511
Successfully built Flask-OpenTracing opentracing jaeger-client threadloop thrift tornado googleapis-common-protos pycparser
Installing collected packages: Werkzeug, MarkupSafe, Jinja2, itsdangerous, click, Flask, Flask-cors, redis, chardet, urllib3, idna, certifi, requests, numpy, flatbuffers, opentracing, Flask-OpenTracing, tornado, threadloop, thrift, jaeger-client, grpcio-opentracing, pyaml, gunicorn, python-dateutil, pytz, minio, azure-common, pycparser, cffi, cryptography, azure-storage-common, azure-storage-blob, pandas, googleapis-common-protos, pyasn1, pyasn1-modules, rsa, cachetools, google-auth, google-api-core, google-cloud-core, google-resumable-media, google-cloud-storage, typed-ast, typing-extensions, mypy-extensions, mypy, Pillow, toml, filelock, py, virtualenv, more-itertools, zipp, importlib-metadata, pluggy, pyparsing, packaging, tox, attrs, wcwidth, pytest, coverage, pytest-cov, seldon-core
  Running setup.py develop for seldon-core
Successfully installed Flask-1.1.1 Flask-OpenTracing-1.1.0 Flask-cors-3.0.8 Jinja2-2.10.3 MarkupSafe-1.1.1 Pillow-7.0.0 Werkzeug-0.16.0 attrs-19.3.0 azure-common-1.1.24 azure-storage-blob-2.1.0 azure-storage-common-2.1.0 cachetools-4.0.0 certifi-2019.11.28 cffi-1.13.2 chardet-3.0.4 click-7.0 coverage-4.5.4 cryptography-2.8 filelock-3.0.12 flatbuffers-1.11 google-api-core-1.16.0 google-auth-1.10.2 google-cloud-core-1.2.0 google-cloud-storage-1.25.0 google-resumable-media-0.5.0 googleapis-common-protos-1.51.0 grpcio-opentracing-1.1.4 gunicorn-20.0.4 idna-2.8 importlib-metadata-1.4.0 itsdangerous-1.1.0 jaeger-client-4.1.0 minio-5.0.6 more-itertools-8.1.0 mypy-0.761 mypy-extensions-0.4.3 numpy-1.18.1 opentracing-2.2.0 packaging-20.0 pandas-0.25.3 pluggy-0.13.1 py-1.8.1 pyaml-19.12.0 pyasn1-0.4.8 pyasn1-modules-0.2.8 pycparser-2.19 pyparsing-2.4.6 pytest-5.3.1 pytest-cov-2.8.1 python-dateutil-2.8.1 pytz-2019.3 redis-3.3.11 requests-2.22.0 rsa-4.0 seldon-core threadloop-1.0.2 thrift-0.13.0 toml-0.10.0 tornado-5.1.1 tox-3.14.3 typed-ast-1.4.1 typing-extensions-3.7.4.1 urllib3-1.25.8 virtualenv-16.7.9 wcwidth-0.1.8 zipp-2.0.1
WARNING: You are using pip version 19.3.1; however, version 20.0.1 is available.
You should consider upgrading via the 'pip install --upgrade pip' command.
make: Leaving directory '/workspace/source/python'
cp ../../proto/prediction.proto ./proto
cd ../../proto/tensorflow && make create_protos
make[1]: Entering directory '/workspace/source/proto/tensorflow'
./create-protos.sh
Downloading proto files for master
make[1]: Leaving directory '/workspace/source/proto/tensorflow'
cp -vr ../../proto/tensorflow/tensorflow .
'../../proto/tensorflow/tensorflow' -> './tensorflow'
'../../proto/tensorflow/tensorflow/core' -> './tensorflow/core'
'../../proto/tensorflow/tensorflow/core/framework' -> './tensorflow/core/framework'
'../../proto/tensorflow/tensorflow/core/framework/types.proto' -> './tensorflow/core/framework/types.proto'
'../../proto/tensorflow/tensorflow/core/framework/resource_handle.proto' -> './tensorflow/core/framework/resource_handle.proto'
'../../proto/tensorflow/tensorflow/core/framework/tensor_shape.proto' -> './tensorflow/core/framework/tensor_shape.proto'
'../../proto/tensorflow/tensorflow/core/framework/tensor.proto' -> './tensorflow/core/framework/tensor.proto'
python -m grpc.tools.protoc -I. --python_out=. --grpc_python_out=. ./proto/prediction.proto
cd ../../notebooks && make build_protos
make[1]: Entering directory '/workspace/source/notebooks'
cd ../proto/tensorflow && make create_protos
make[2]: Entering directory '/workspace/source/proto/tensorflow'
make[2]: Nothing to be done for 'create_protos'.
make[2]: Leaving directory '/workspace/source/proto/tensorflow'
cp -vr ../proto/tensorflow/tensorflow .
'../proto/tensorflow/tensorflow' -> './tensorflow'
'../proto/tensorflow/tensorflow/core' -> './tensorflow/core'
'../proto/tensorflow/tensorflow/core/framework' -> './tensorflow/core/framework'
'../proto/tensorflow/tensorflow/core/framework/types.proto' -> './tensorflow/core/framework/types.proto'
'../proto/tensorflow/tensorflow/core/framework/resource_handle.proto' -> './tensorflow/core/framework/resource_handle.proto'
'../proto/tensorflow/tensorflow/core/framework/tensor_shape.proto' -> './tensorflow/core/framework/tensor_shape.proto'
'../proto/tensorflow/tensorflow/core/framework/tensor.proto' -> './tensorflow/core/framework/tensor.proto'
cp ../proto/prediction.proto ./proto
python -m grpc.tools.protoc -I. --python_out=. --grpc_python_out=. ./proto/prediction.proto
make[1]: Leaving directory '/workspace/source/notebooks'
cd ../../proto/k8s && make create_protos
make[1]: Entering directory '/workspace/source/proto/k8s'
./create-k8s-protos.sh
Downloading proto files for master
Munging proto file packages
sed -i.bak 's|import "k8s.io/apiextensions-apiserver/|//import "k8s.io/apiextensions-apiserver/|' k8s.io/api/core/v1/generated.proto
rm k8s.io/api/core/v1/generated.proto.bak
make[1]: Leaving directory '/workspace/source/proto/k8s'
pip install -r dev_requirements.txt
Obtaining file:///workspace/source/python (from -r dev_requirements.txt (line 8))
Requirement already satisfied: pytest==5.3.1 in /usr/local/lib/python3.6/site-packages (from -r dev_requirements.txt (line 1)) (5.3.1)
Collecting pytest-xdist==1.30.0
  Downloading https://files.pythonhosted.org/packages/f7/80/2af1fc039f779f61c7207dc9f79a1479874e7795f869fddaf135efde1cd4/pytest_xdist-1.30.0-py2.py3-none-any.whl
Requirement already satisfied: pytest-cov==2.8.1 in /usr/local/lib/python3.6/site-packages (from -r dev_requirements.txt (line 3)) (2.8.1)
Requirement already satisfied: coverage==4.5.4 in /usr/local/lib/python3.6/site-packages (from -r dev_requirements.txt (line 5)) (4.5.4)
Collecting retrying
  Downloading https://files.pythonhosted.org/packages/44/ef/beae4b4ef80902f22e3af073397f079c96969c69b2c7d52a57ea9ae61c9d/retrying-1.3.3.tar.gz
Requirement already satisfied: Flask<2.0.0 in /usr/local/lib/python3.6/site-packages (from seldon-core==1.0.1->-r dev_requirements.txt (line 8)) (1.1.1)
Requirement already satisfied: Flask-cors<4.0.0 in /usr/local/lib/python3.6/site-packages (from seldon-core==1.0.1->-r dev_requirements.txt (line 8)) (3.0.8)
Requirement already satisfied: redis<4.0.0 in /usr/local/lib/python3.6/site-packages (from seldon-core==1.0.1->-r dev_requirements.txt (line 8)) (3.3.11)
Requirement already satisfied: requests<3.0.0 in /usr/local/lib/python3.6/site-packages (from seldon-core==1.0.1->-r dev_requirements.txt (line 8)) (2.22.0)
Requirement already satisfied: numpy<2.0.0 in /usr/local/lib/python3.6/site-packages (from seldon-core==1.0.1->-r dev_requirements.txt (line 8)) (1.18.1)
Requirement already satisfied: flatbuffers<2.0.0 in /usr/local/lib/python3.6/site-packages (from seldon-core==1.0.1->-r dev_requirements.txt (line 8)) (1.11)
Requirement already satisfied: protobuf<4.0.0 in /usr/local/lib/python3.6/site-packages (from seldon-core==1.0.1->-r dev_requirements.txt (line 8)) (3.11.2)
Requirement already satisfied: grpcio<2.0.0 in /usr/local/lib/python3.6/site-packages (from seldon-core==1.0.1->-r dev_requirements.txt (line 8)) (1.26.0)
Requirement already satisfied: Flask-OpenTracing<1.2.0,>=1.1.0 in /usr/local/lib/python3.6/site-packages (from seldon-core==1.0.1->-r dev_requirements.txt (line 8)) (1.1.0)
Requirement already satisfied: opentracing<2.3.0,>=2.2.0 in /usr/local/lib/python3.6/site-packages (from seldon-core==1.0.1->-r dev_requirements.txt (line 8)) (2.2.0)
Requirement already satisfied: jaeger-client<4.2.0,>=4.1.0 in /usr/local/lib/python3.6/site-packages (from seldon-core==1.0.1->-r dev_requirements.txt (line 8)) (4.1.0)
Requirement already satisfied: grpcio-opentracing<1.2.0,>=1.1.4 in /usr/local/lib/python3.6/site-packages (from seldon-core==1.0.1->-r dev_requirements.txt (line 8)) (1.1.4)
Requirement already satisfied: pyaml<20.0.0 in /usr/local/lib/python3.6/site-packages (from seldon-core==1.0.1->-r dev_requirements.txt (line 8)) (19.12.0)
Requirement already satisfied: gunicorn<20.1.0,>=19.9.0 in /usr/local/lib/python3.6/site-packages (from seldon-core==1.0.1->-r dev_requirements.txt (line 8)) (20.0.4)
Requirement already satisfied: minio<6.0.0,>=4.0.9 in /usr/local/lib/python3.6/site-packages (from seldon-core==1.0.1->-r dev_requirements.txt (line 8)) (5.0.6)
Requirement already satisfied: azure-storage-blob<3.0.0,>=2.0.1 in /usr/local/lib/python3.6/site-packages (from seldon-core==1.0.1->-r dev_requirements.txt (line 8)) (2.1.0)
Requirement already satisfied: setuptools>=41.0.0 in /usr/local/lib/python3.6/site-packages (from seldon-core==1.0.1->-r dev_requirements.txt (line 8)) (45.0.0)
Requirement already satisfied: wcwidth in /usr/local/lib/python3.6/site-packages (from pytest==5.3.1->-r dev_requirements.txt (line 1)) (0.1.8)
Requirement already satisfied: more-itertools>=4.0.0 in /usr/local/lib/python3.6/site-packages (from pytest==5.3.1->-r dev_requirements.txt (line 1)) (8.1.0)
Requirement already satisfied: importlib-metadata>=0.12; python_version < "3.8" in /usr/local/lib/python3.6/site-packages (from pytest==5.3.1->-r dev_requirements.txt (line 1)) (1.4.0)
Requirement already satisfied: attrs>=17.4.0 in /usr/local/lib/python3.6/site-packages (from pytest==5.3.1->-r dev_requirements.txt (line 1)) (19.3.0)
Requirement already satisfied: py>=1.5.0 in /usr/local/lib/python3.6/site-packages (from pytest==5.3.1->-r dev_requirements.txt (line 1)) (1.8.1)
Requirement already satisfied: packaging in /usr/local/lib/python3.6/site-packages (from pytest==5.3.1->-r dev_requirements.txt (line 1)) (20.0)
Requirement already satisfied: pluggy<1.0,>=0.12 in /usr/local/lib/python3.6/site-packages (from pytest==5.3.1->-r dev_requirements.txt (line 1)) (0.13.1)
Collecting execnet>=1.1
  Downloading https://files.pythonhosted.org/packages/d3/2e/c63af07fa471e0a02d05793c7a56a9f7d274a8489442a5dc4fb3b2b3c705/execnet-1.7.1-py2.py3-none-any.whl
Requirement already satisfied: six in /usr/local/lib/python3.6/site-packages (from pytest-xdist==1.30.0->-r dev_requirements.txt (line 2)) (1.13.0)
Collecting pytest-forked
  Downloading https://files.pythonhosted.org/packages/03/1e/81235e1fcfed57a4e679d34794d60c01a1e9a29ef5b9844d797716111d80/pytest_forked-1.1.3-py2.py3-none-any.whl
Requirement already satisfied: click>=5.1 in /usr/local/lib/python3.6/site-packages (from Flask<2.0.0->seldon-core==1.0.1->-r dev_requirements.txt (line 8)) (7.0)
Requirement already satisfied: Werkzeug>=0.15 in /usr/local/lib/python3.6/site-packages (from Flask<2.0.0->seldon-core==1.0.1->-r dev_requirements.txt (line 8)) (0.16.0)
Requirement already satisfied: itsdangerous>=0.24 in /usr/local/lib/python3.6/site-packages (from Flask<2.0.0->seldon-core==1.0.1->-r dev_requirements.txt (line 8)) (1.1.0)
Requirement already satisfied: Jinja2>=2.10.1 in /usr/local/lib/python3.6/site-packages (from Flask<2.0.0->seldon-core==1.0.1->-r dev_requirements.txt (line 8)) (2.10.3)
Requirement already satisfied: chardet<3.1.0,>=3.0.2 in /usr/local/lib/python3.6/site-packages (from requests<3.0.0->seldon-core==1.0.1->-r dev_requirements.txt (line 8)) (3.0.4)
Requirement already satisfied: idna<2.9,>=2.5 in /usr/local/lib/python3.6/site-packages (from requests<3.0.0->seldon-core==1.0.1->-r dev_requirements.txt (line 8)) (2.8)
Requirement already satisfied: urllib3!=1.25.0,!=1.25.1,<1.26,>=1.21.1 in /usr/local/lib/python3.6/site-packages (from requests<3.0.0->seldon-core==1.0.1->-r dev_requirements.txt (line 8)) (1.25.8)
Requirement already satisfied: certifi>=2017.4.17 in /usr/local/lib/python3.6/site-packages (from requests<3.0.0->seldon-core==1.0.1->-r dev_requirements.txt (line 8)) (2019.11.28)
Requirement already satisfied: tornado<6,>=4.3 in /usr/local/lib/python3.6/site-packages (from jaeger-client<4.2.0,>=4.1.0->seldon-core==1.0.1->-r dev_requirements.txt (line 8)) (5.1.1)
Requirement already satisfied: threadloop<2,>=1 in /usr/local/lib/python3.6/site-packages (from jaeger-client<4.2.0,>=4.1.0->seldon-core==1.0.1->-r dev_requirements.txt (line 8)) (1.0.2)
Requirement already satisfied: thrift in /usr/local/lib/python3.6/site-packages (from jaeger-client<4.2.0,>=4.1.0->seldon-core==1.0.1->-r dev_requirements.txt (line 8)) (0.13.0)
Requirement already satisfied: PyYAML in /usr/local/lib/python3.6/site-packages (from pyaml<20.0.0->seldon-core==1.0.1->-r dev_requirements.txt (line 8)) (5.3)
Requirement already satisfied: python-dateutil in /usr/local/lib/python3.6/site-packages (from minio<6.0.0,>=4.0.9->seldon-core==1.0.1->-r dev_requirements.txt (line 8)) (2.8.1)
Requirement already satisfied: pytz in /usr/local/lib/python3.6/site-packages (from minio<6.0.0,>=4.0.9->seldon-core==1.0.1->-r dev_requirements.txt (line 8)) (2019.3)
Requirement already satisfied: azure-common>=1.1.5 in /usr/local/lib/python3.6/site-packages (from azure-storage-blob<3.0.0,>=2.0.1->seldon-core==1.0.1->-r dev_requirements.txt (line 8)) (1.1.24)
Requirement already satisfied: azure-storage-common~=2.1 in /usr/local/lib/python3.6/site-packages (from azure-storage-blob<3.0.0,>=2.0.1->seldon-core==1.0.1->-r dev_requirements.txt (line 8)) (2.1.0)
Requirement already satisfied: zipp>=0.5 in /usr/local/lib/python3.6/site-packages (from importlib-metadata>=0.12; python_version < "3.8"->pytest==5.3.1->-r dev_requirements.txt (line 1)) (2.0.1)
Requirement already satisfied: pyparsing>=2.0.2 in /usr/local/lib/python3.6/site-packages (from packaging->pytest==5.3.1->-r dev_requirements.txt (line 1)) (2.4.6)
Collecting apipkg>=1.4
  Downloading https://files.pythonhosted.org/packages/67/08/4815a09603fc800209431bec5b8bd2acf2f95abdfb558a44a42507fb94da/apipkg-1.5-py2.py3-none-any.whl
Requirement already satisfied: MarkupSafe>=0.23 in /usr/local/lib/python3.6/site-packages (from Jinja2>=2.10.1->Flask<2.0.0->seldon-core==1.0.1->-r dev_requirements.txt (line 8)) (1.1.1)
Requirement already satisfied: cryptography in /usr/local/lib/python3.6/site-packages (from azure-storage-common~=2.1->azure-storage-blob<3.0.0,>=2.0.1->seldon-core==1.0.1->-r dev_requirements.txt (line 8)) (2.8)
Requirement already satisfied: cffi!=1.11.3,>=1.8 in /usr/local/lib/python3.6/site-packages (from cryptography->azure-storage-common~=2.1->azure-storage-blob<3.0.0,>=2.0.1->seldon-core==1.0.1->-r dev_requirements.txt (line 8)) (1.13.2)
Requirement already satisfied: pycparser in /usr/local/lib/python3.6/site-packages (from cffi!=1.11.3,>=1.8->cryptography->azure-storage-common~=2.1->azure-storage-blob<3.0.0,>=2.0.1->seldon-core==1.0.1->-r dev_requirements.txt (line 8)) (2.19)
Building wheels for collected packages: retrying
  Building wheel for retrying (setup.py): started
  Building wheel for retrying (setup.py): finished with status 'done'
  Created wheel for retrying: filename=retrying-1.3.3-cp36-none-any.whl size=11429 sha256=8013791f2c8871b1cd3329b95c54cecfe658a2d274ad2ce9a77d97bff7c2368e
  Stored in directory: /builder/home/.cache/pip/wheels/d7/a9/33/acc7b709e2a35caa7d4cae442f6fe6fbf2c43f80823d46460c
Successfully built retrying
Installing collected packages: apipkg, execnet, pytest-forked, pytest-xdist, retrying, seldon-core
  Found existing installation: seldon-core 1.0.1
    Uninstalling seldon-core-1.0.1:
      Successfully uninstalled seldon-core-1.0.1
  Running setup.py develop for seldon-core
Successfully installed apipkg-1.5 execnet-1.7.1 pytest-forked-1.1.3 pytest-xdist-1.30.0 retrying-1.3.3 seldon-core
WARNING: You are using pip version 19.3.1; however, version 20.0.1 is available.
You should consider upgrading via the 'pip install --upgrade pip' command.
# Run the core tests in parallel
pytest \
	--verbose \
	-s \
	-W ignore \
	-n "4" \
	-m "not sequential" 2>&1
============================= test session starts ==============================
platform linux -- Python 3.6.0, pytest-5.3.1, py-1.8.1, pluggy-0.13.1 -- /usr/local/bin/python
cachedir: .pytest_cache
rootdir: /workspace/source/testing/scripts, inifile: setup.cfg
plugins: xdist-1.30.0, forked-1.1.3, cov-2.8.1
gw0 I / gw1 I / gw2 I / gw3 I
[gw0] linux Python 3.6.0 cwd: /workspace/source/testing/scripts
[gw1] linux Python 3.6.0 cwd: /workspace/source/testing/scripts
[gw2] linux Python 3.6.0 cwd: /workspace/source/testing/scripts
[gw3] linux Python 3.6.0 cwd: /workspace/source/testing/scripts
[gw0] Python 3.6.0 (default, Jan 13 2020, 16:14:11)  -- [GCC 8.3.0]
[gw1] Python 3.6.0 (default, Jan 13 2020, 16:14:11)  -- [GCC 8.3.0]
[gw2] Python 3.6.0 (default, Jan 13 2020, 16:14:11)  -- [GCC 8.3.0]
[gw3] Python 3.6.0 (default, Jan 13 2020, 16:14:11)  -- [GCC 8.3.0]
gw0 [36] / gw1 [36] / gw2 [36] / gw3 [36]

scheduling tests via LoadScheduling

test_bad_graphs.py::TestBadGraphs::test_duplicate_predictor_name 
test_api_version.py::test_api_version[machinelearning.seldon.io/v1] 
test_api_version.py::test_api_version[machinelearning.seldon.io/v1alpha3] 
test_api_version.py::test_api_version[machinelearning.seldon.io/v1alpha2] Error from server (SeldonDeployment.machinelearing.seldon.io "dupname" is invalid: [spec.predictors[1]: Invalid value: "mymodel": Duplicate predictor name, spec: Invalid value: "dupname": Traffic must sum to 100 for multiple predictors]): error when creating "../resources/bad_duplicate_predictor_name.json": admission webhook "vseldondeployment.kb.io" denied the request: SeldonDeployment.machinelearing.seldon.io "dupname" is invalid: [spec.predictors[1]: Invalid value: "mymodel": Duplicate predictor name, spec: Invalid value: "dupname": Traffic must sum to 100 for multiple predictors]

[gw3] PASSED test_bad_graphs.py::TestBadGraphs::test_duplicate_predictor_name 
test_helm_charts_clusterwide.py::TestClusterWide::test_mab_model Error: uninstall: Release not loaded: mymodel: release: not found

[gw0] PASSED test_api_version.py::test_api_version[machinelearning.seldon.io/v1alpha2] Error: uninstall: Release not loaded: mymodel: release: not found

[gw2] PASSED test_api_version.py::test_api_version[machinelearning.seldon.io/v1] Error: uninstall: Release not loaded: mymodel: release: not found

[gw1] PASSED test_api_version.py::test_api_version[machinelearning.seldon.io/v1alpha3] Error: uninstall: Release not loaded: mymab: release: not found

[gw3] PASSED test_helm_charts_clusterwide.py::TestClusterWide::test_mab_model 
test_helm_charts_clusterwide.py::TestClusterWide::test_abtest_model 
test_helm_charts_clusterwide.py::TestClusterWide::test_single_model 
test_bad_graphs.py::TestBadGraphs::test_model_name_mismatch Error from server (SeldonDeployment.machinelearing.seldon.io "namemismatch" is invalid: spec.predictors[0].graph: Invalid value: "complex-model_bad_name": Can't find container for Predictive Unit): error when creating "../resources/bad_name_mismatch.json": admission webhook "vseldondeployment.kb.io" denied the request: SeldonDeployment.machinelearing.seldon.io "namemismatch" is invalid: spec.predictors[0].graph: Invalid value: "complex-model_bad_name": Can't find container for Predictive Unit

[gw0] PASSED test_bad_graphs.py::TestBadGraphs::test_model_name_mismatch 
test_local_operators.py::TestLocalOperators::test_namespace_operator 
test_local_operators.py::TestLocalOperators::test_labelled_operator Error from server (InternalError): error when creating "../resources/model_controller_id.yaml": Internal error occurred: failed calling webhook "mseldondeployment.kb.io": Post https://seldon-webhook-service.test-labelled-operator.svc:443/mutate-machinelearning-seldon-io-v1alpha2-seldondeployment?timeout=30s: dial tcp 10.104.69.90:443: connect: connection refused
Error: uninstall: Release not loaded: mymodel: release: not found

[gw1] PASSED test_helm_charts_clusterwide.py::TestClusterWide::test_single_model 
[gw0] PASSED test_local_operators.py::TestLocalOperators::test_namespace_operator Error: uninstall: Release not loaded: myabtest: release: not found

[gw2] PASSED test_helm_charts_clusterwide.py::TestClusterWide::test_abtest_model 
test_rolling_updates.py::TestRollingHttp::test_rolling_update1[ambas] 
[gw3] PASSED test_local_operators.py::TestLocalOperators::test_labelled_operator 
test_prepackaged_servers.py::TestPrepack::test_mlflow 
test_prepackaged_servers.py::TestPrepack::test_tfserving 
test_prepackaged_servers.py::TestPrepack::test_sklearn Error from server (NotFound): error when deleting "../resources/graph2.json": seldondeployments.machinelearning.seldon.io "mymodel" not found

[gw0] PASSED test_rolling_updates.py::TestRollingHttp::test_rolling_update1[ambas] 
test_rolling_updates.py::TestRollingHttp::test_rolling_update1[istio] 
[gw1] PASSED test_prepackaged_servers.py::TestPrepack::test_mlflow 
test_rolling_updates.py::TestRollingHttp::test_rolling_update2[ambas] 
[gw3] PASSED test_prepackaged_servers.py::TestPrepack::test_sklearn Error from server (NotFound): error when deleting "../resources/graph2.json": seldondeployments.machinelearning.seldon.io "mymodel" not found

[gw0] PASSED test_rolling_updates.py::TestRollingHttp::test_rolling_update1[istio] 
[gw2] PASSED test_prepackaged_servers.py::TestPrepack::test_tfserving 
test_rolling_updates.py::TestRollingHttp::test_rolling_update3[ambas] 
test_rolling_updates.py::TestRollingHttp::test_rolling_update2[istio] 
test_prepackaged_servers.py::TestPrepack::test_xgboost Error from server (NotFound): error when deleting "../resources/graph3.json": seldondeployments.machinelearning.seldon.io "mymodel" not found

[gw1] PASSED test_rolling_updates.py::TestRollingHttp::test_rolling_update2[ambas] 
test_rolling_updates.py::TestRollingHttp::test_rolling_update3[istio] Error from server (NotFound): error when deleting "../resources/graph3.json": seldondeployments.machinelearning.seldon.io "mymodel" not found

[gw3] PASSED test_rolling_updates.py::TestRollingHttp::test_rolling_update2[istio] 
[gw2] PASSED test_prepackaged_servers.py::TestPrepack::test_xgboost Error from server (NotFound): error when deleting "../resources/graph4.json": seldondeployments.machinelearning.seldon.io "mymodel" not found

[gw0] PASSED test_rolling_updates.py::TestRollingHttp::test_rolling_update3[ambas] 
test_rolling_updates.py::TestRollingHttp::test_rolling_update5[ambas] 
test_rolling_updates.py::TestRollingHttp::test_rolling_update4[istio] 
test_rolling_updates.py::TestRollingHttp::test_rolling_update4[ambas] Error from server (NotFound): error when deleting "../resources/graph4.json": seldondeployments.machinelearning.seldon.io "mymodel" not found

[gw1] PASSED test_rolling_updates.py::TestRollingHttp::test_rolling_update3[istio] 
test_rolling_updates.py::TestRollingHttp::test_rolling_update5[istio] Error from server (NotFound): error when deleting "../resources/graph6.json": seldondeployments.machinelearning.seldon.io "mymodel" not found

[gw2] PASSED test_rolling_updates.py::TestRollingHttp::test_rolling_update5[ambas] Error from server (NotFound): error when deleting "../resources/graph5.json": seldondeployments.machinelearning.seldon.io "mymodel" not found

[gw3] PASSED test_rolling_updates.py::TestRollingHttp::test_rolling_update4[istio] 
test_rolling_updates.py::TestRollingHttp::test_rolling_update6[ambas] Error from server (NotFound): error when deleting "../resources/graph5.json": seldondeployments.machinelearning.seldon.io "mymodel" not found

[gw0] PASSED test_rolling_updates.py::TestRollingHttp::test_rolling_update4[ambas] Error from server (NotFound): error when deleting "../resources/graph6.json": seldondeployments.machinelearning.seldon.io "mymodel" not found

[gw1] PASSED test_rolling_updates.py::TestRollingHttp::test_rolling_update5[istio] 
test_rolling_updates.py::TestRollingHttp::test_rolling_update6[istio] 
test_rolling_updates.py::TestRollingHttp::test_rolling_update7[ambas] 
test_rolling_updates.py::TestRollingHttp::test_rolling_update7[istio] Error from server (NotFound): error when deleting "../resources/graph2svc.json": seldondeployments.machinelearning.seldon.io "mymodel" not found

[gw2] PASSED test_rolling_updates.py::TestRollingHttp::test_rolling_update6[ambas] Error from server (NotFound): error when deleting "../resources/graph2svc.json": seldondeployments.machinelearning.seldon.io "mymodel" not found

[gw3] PASSED test_rolling_updates.py::TestRollingHttp::test_rolling_update6[istio] 
test_rolling_updates.py::TestRollingHttp::test_rolling_update8[ambas] Error from server (NotFound): error when deleting "../resources/graph3svc.json": seldondeployments.machinelearning.seldon.io "mymodel" not found

[gw0] PASSED test_rolling_updates.py::TestRollingHttp::test_rolling_update7[ambas] 
test_rolling_updates.py::TestRollingHttp::test_rolling_update8[istio] Error from server (NotFound): error when deleting "../resources/graph3svc.json": seldondeployments.machinelearning.seldon.io "mymodel" not found

[gw1] PASSED test_rolling_updates.py::TestRollingHttp::test_rolling_update7[istio] 
test_rolling_updates.py::TestRollingHttp::test_rolling_update9[ambas] 
test_rolling_updates.py::TestRollingHttp::test_rolling_update9[istio] 
[gw2] FAILED test_rolling_updates.py::TestRollingHttp::test_rolling_update8[ambas] 
test_rolling_updates.py::TestRollingHttp::test_rolling_update10[ambas] Error from server (NotFound): error when deleting "../resources/graph4svc.json": seldondeployments.machinelearning.seldon.io "mymodel" not found

[gw3] PASSED test_rolling_updates.py::TestRollingHttp::test_rolling_update8[istio] 
test_rolling_updates.py::TestRollingHttp::test_rolling_update10[istio] Error from server (NotFound): error when deleting "../resources/graph5svc.json": seldondeployments.machinelearning.seldon.io "mymodel" not found

[gw0] PASSED test_rolling_updates.py::TestRollingHttp::test_rolling_update9[ambas] Error from server (NotFound): error when deleting "../resources/graph5svc.json": seldondeployments.machinelearning.seldon.io "mymodel" not found

[gw1] PASSED test_rolling_updates.py::TestRollingHttp::test_rolling_update9[istio] Error from server (NotFound): error when deleting "../resources/graph6svc.json": seldondeployments.machinelearning.seldon.io "mymodel" not found

[gw2] PASSED test_rolling_updates.py::TestRollingHttp::test_rolling_update10[ambas] 
test_rolling_updates.py::test_rolling_update_deployment[graph1.json-graph8.json] 
test_rolling_updates.py::test_rolling_update_deployment[graph7.json-graph8.json] Error from server (NotFound): error when deleting "../resources/graph6svc.json": seldondeployments.machinelearning.seldon.io "mymodel" not found

[gw3] PASSED test_rolling_updates.py::TestRollingHttp::test_rolling_update10[istio] Error from server (NotFound): error when deleting "../resources/graph8.json": seldondeployments.machinelearning.seldon.io "mymodel" not found

[gw0] PASSED test_rolling_updates.py::test_rolling_update_deployment[graph1.json-graph8.json] Error from server (NotFound): error when deleting "../resources/graph8.json": seldondeployments.machinelearning.seldon.io "mymodel" not found

[gw1] PASSED test_rolling_updates.py::test_rolling_update_deployment[graph7.json-graph8.json] 

=================================== FAILURES ===================================
_________________ TestRollingHttp.test_rolling_update8[ambas] __________________
[gw2] linux -- Python 3.6.0 /usr/local/bin/python

self = <test_rolling_updates.TestRollingHttp object at 0x7ff2c575c518>
namespace = 'test-rolling-update8-ambas', api_gateway = 'localhost:8003'

    @with_api_gateways
    # Test updating a model with a new resource request but same image
    def test_rolling_update8(self, namespace, api_gateway):
        if api_gateway == API_ISTIO_GATEWAY:
            retry_run(
                f"kubectl create -f ../resources/seldon-gateway.yaml -n {namespace}"
            )
        retry_run(f"kubectl apply -f ../resources/graph1svc.json -n {namespace}")
        wait_for_status("mymodel", namespace)
        wait_for_rollout("mymodel", namespace, expected_deployments=2)
        r = initial_rest_request("mymodel", namespace, endpoint=api_gateway)
        assert r.status_code == 200
        assert r.json()["data"]["tensor"]["values"] == [1.0, 2.0, 3.0, 4.0]
        retry_run(f"kubectl apply -f ../resources/graph4svc.json -n {namespace}")
        r = initial_rest_request("mymodel", namespace, endpoint=api_gateway)
        assert r.status_code == 200
        assert r.json()["data"]["tensor"]["values"] == [1.0, 2.0, 3.0, 4.0]
        i = 0
        for i in range(50):
            r = rest_request_ambassador("mymodel", namespace, api_gateway)
>           assert r.status_code == 200
E           assert 504 == 200
E             -504
E             +200

test_rolling_updates.py:287: AssertionError
------------------------------ Captured log setup ------------------------------
WARNING  root:seldon_e2e_utils.py:98 Successfully ran command: kubectl create namespace test-rolling-update8-ambas
------------------------------ Captured log call -------------------------------
WARNING  root:seldon_e2e_utils.py:98 Successfully ran command: kubectl apply -f ../resources/graph1svc.json -n test-rolling-update8-ambas
WARNING  root:seldon_e2e_utils.py:118 Failed to find status - sleeping
WARNING  root:seldon_e2e_utils.py:118 Failed to find status - sleeping
WARNING  root:seldon_e2e_utils.py:118 Failed to find status - sleeping
WARNING  root:seldon_e2e_utils.py:118 Failed to find status - sleeping
WARNING  root:seldon_e2e_utils.py:118 Failed to find status - sleeping
WARNING  root:seldon_e2e_utils.py:115 Status for SeldonDeployment mymodel is ready.
WARNING  root:seldon_e2e_utils.py:52 Successfully waited for SeldonDeployment mymodel
WARNING  root:seldon_e2e_utils.py:63 For SeldonDeployment mymodel found following deployments: ['mymodel-mymodel-e2eb561', 'mymodel-mymodel-svc-orch-8e2a24b']
WARNING  root:seldon_e2e_utils.py:76 Waiting for deployment mymodel-mymodel-e2eb561
WARNING  root:seldon_e2e_utils.py:83 Successfully waited for deployment mymodel-mymodel-e2eb561
WARNING  root:seldon_e2e_utils.py:76 Waiting for deployment mymodel-mymodel-svc-orch-8e2a24b
WARNING  root:seldon_e2e_utils.py:83 Successfully waited for deployment mymodel-mymodel-svc-orch-8e2a24b
WARNING  root:seldon_e2e_utils.py:98 Successfully ran command: kubectl apply -f ../resources/graph4svc.json -n test-rolling-update8-ambas
=================== 1 failed, 35 passed in 945.32s (0:15:45) ===================
make: *** [Makefile:82: test] Error 1
kind delete cluster
Deleting cluster "kind" ...
Stopping Docker: dockerProgram process in pidfile '/var/run/docker-ssd.pid', 1 process(es), refused to die.
[31m
Pipeline failed on stage 'end-to-end' : container 'step-test-end-to-end'. The execution of the pipeline has stopped.[0m
