
Showing logs for build [32mseldonio-seldon-core-pr-2432-in-58lbr-3[0m stage [32mpr-build-comment[0m and container [32mstep-credential-initializer-9plzw[0m
{"level":"info","ts":1600092584.8458028,"logger":"fallback-logger","caller":"logging/config.go:69","msg":"Fetch GitHub commit ID from kodata failed: open /var/run/ko/refs/heads/0.8.0-ns-support: no such file or directory"}
{"level":"info","ts":1600092584.8465395,"logger":"fallback-logger","caller":"creds-init/main.go:40","msg":"Credentials initialized."}

Showing logs for build [32mseldonio-seldon-core-pr-2432-in-58lbr-3[0m stage [32mpr-build-comment[0m and container [32mstep-working-dir-initializer-9gs8w[0m
{"level":"info","ts":1600092586.6965399,"logger":"fallback-logger","caller":"logging/config.go:69","msg":"Fetch GitHub commit ID from kodata failed: open /var/run/ko/HEAD: no such file or directory"}
{"level":"info","ts":1600092586.7085707,"logger":"fallback-logger","caller":"bash/main.go:64","msg":"Successfully executed command \"sh -c mkdir -p /workspace/source\"; output "}

Showing logs for build [32mseldonio-seldon-core-pr-2432-in-58lbr-3[0m stage [32mpr-build-comment[0m and container [32mstep-place-tools[0m

Showing logs for build [32mseldonio-seldon-core-pr-2432-in-58lbr-3[0m stage [32mpr-build-comment[0m and container [32mstep-create-dir-workspace-v86s5[0m
{"level":"info","ts":1600092599.4279025,"logger":"fallback-logger","caller":"logging/config.go:69","msg":"Fetch GitHub commit ID from kodata failed: open /var/run/ko/HEAD: no such file or directory"}
{"level":"info","ts":1600092599.4336157,"logger":"fallback-logger","caller":"bash/main.go:64","msg":"Successfully executed command \"sh -c mkdir -p source\"; output "}

Showing logs for build [32mseldonio-seldon-core-pr-2432-in-58lbr-3[0m stage [32mpr-build-comment[0m and container [32mstep-git-source-seldonio-seldon-core-pr-2432-in-58lbr-8ndfd[0m
{"level":"info","ts":1600092599.7991378,"logger":"fallback-logger","caller":"logging/config.go:69","msg":"Fetch GitHub commit ID from kodata failed: open /var/run/ko/refs/heads/0.8.0-ns-support: no such file or directory"}
{"level":"info","ts":1600092607.129022,"logger":"fallback-logger","caller":"git/git.go:103","msg":"Successfully cloned https://github.com/SeldonIO/seldon-core.git @ master in path /workspace/source"}

Showing logs for build [32mseldonio-seldon-core-pr-2432-in-58lbr-3[0m stage [32mpr-build-comment[0m and container [32mstep-setup-builder-home[0m

Showing logs for build [32mseldonio-seldon-core-pr-2432-in-58lbr-3[0m stage [32mpr-build-comment[0m and container [32mstep-git-merge[0m
Using SHAs from PULL_REFS=master:bfa9e45bc3f712b571daccf7607e3a35eb07bba1,2432:c24cb8ccfc24dbca99e644a061e67a3298c0a51f
DEBUG: JX_LOG_LEVEL=error LC_ALL=C git fetch origin --unshallow c24cb8ccfc24dbca99e644a061e67a3298c0a51f: bfa9e45bc3f712b571daccf7607e3a35eb07bba1:
DEBUG: ran git fetch --unshallow origin c24cb8ccfc24dbca99e644a061e67a3298c0a51f: bfa9e45bc3f712b571daccf7607e3a35eb07bba1: in 
DEBUG: LC_ALL=C JX_LOG_LEVEL=error git branch
DEBUG: LC_ALL=C JX_LOG_LEVEL=error git checkout master
DEBUG: ran git checkout master in 
DEBUG: LC_ALL=C JX_LOG_LEVEL=error git reset --hard bfa9e45bc3f712b571daccf7607e3a35eb07bba1
DEBUG: ran git reset --hard bfa9e45bc3f712b571daccf7607e3a35eb07bba1 in 
DEBUG: LC_ALL=C JX_LOG_LEVEL=error git clean -fd .
DEBUG: ran clean --force -d . in 
DEBUG: LC_ALL=C JX_LOG_LEVEL=error git merge c24cb8ccfc24dbca99e644a061e67a3298c0a51f
DEBUG: ran git merge c24cb8ccfc24dbca99e644a061e67a3298c0a51f in 
DEBUG: LC_ALL=C JX_LOG_LEVEL=error git log --format=%H%x1f%an%x1f%ae%x1f%cn%x1f%ce%x1f%s%n%b%x1e bfa9e45bc3f712b571daccf7607e3a35eb07bba1..HEAD
Merged SHA 293def91c832e9f7cf25873469407eeec27afb92 with commit message 'Merge commit 'c24cb8ccfc24dbca99e644a061e67a3298c0a51f'' into base branch master
Merged SHA c24cb8ccfc24dbca99e644a061e67a3298c0a51f with commit message 'add code to log deployment logs in tests' into base branch master
Merged SHA aef37c6f41758d012a8f8d67e4f367029f2411ed with commit message 'upgrade alibi-explain to 0.5.4' into base branch master
Merged SHA c3a9af6ab199cb440613f62252a0a3c322f0ad49 with commit message 'Bump pytest from 5.4.2 to 6.0.2 in /python' into base branch master
Merged SHA 33a7d5502dfd9033bc506edbcf04c9f0964c9a7a with commit message 'Bump okhttp from 4.8.1 to 4.9.0 in /engine' into base branch master
Merged SHA 5f9b04ec89f1dc99c6d2871b130c5b9753657a80 with commit message 'build alibi explain and detect servers independently' into base branch master
Merged SHA 015aa4447185b9381a55db3765a855c52c96fdff with commit message 'upgrade alibi-detect to v0.4.2 to workaround "Turkey" import problem' into base branch master

Showing logs for build [32mseldonio-seldon-core-pr-2432-in-58lbr-3[0m stage [32mpr-build-comment[0m and container [32mstep-step2[0m
+++ dirname ./add-pr-build-comment
++ cd .
++ pwd
+ STARTUP_DIR=/workspace/source/ci
+ REPO_OWNER=SeldonIO
+ REPO_NAME=seldon-core
+ PULL_NUMBER=2432
+ BUILD_NUMBER=3
+ PIPELINE_CONTEXT=integration
++ cat
+++ date
+ COMMENT_MSG='Mon Sep 14 14:10:22 UTC 2020
The logs for [integration] [3] will show after the pipeline context has finished.  
https://github.com/SeldonIO/seldon-core/blob/gh-pages/jenkins-x/logs/SeldonIO/seldon-core/PR-2432/3.log

impatient try  
** get build logs SeldonIO/seldon-core/PR-2432 --build=3'
+ ** step pr comment --owner=SeldonIO --repository=seldon-core --pull-request=2432 '--comment=Mon Sep 14 14:10:22 UTC 2020
The logs for [integration] [3] will show after the pipeline context has finished.  
https://github.com/SeldonIO/seldon-core/blob/gh-pages/jenkins-x/logs/SeldonIO/seldon-core/PR-2432/3.log

impatient try  
** get build logs SeldonIO/seldon-core/PR-2432 --build=3'

Showing logs for build [32mseldonio-seldon-core-pr-2432-in-58lbr-3[0m stage [32mpr-build-comment[0m and container [32mstep-source-mkdir-seldonio-seldon-core-pr-2432-in-58lbr-684kp[0m
{"level":"info","ts":1600092625.1240032,"logger":"fallback-logger","caller":"logging/config.go:69","msg":"Fetch GitHub commit ID from kodata failed: open /var/run/ko/HEAD: no such file or directory"}
{"level":"info","ts":1600092625.3026712,"logger":"fallback-logger","caller":"bash/main.go:64","msg":"Successfully executed command \"sh -c mkdir -p /pvc/pr-build-comment/workspace\"; output "}

Showing logs for build [32mseldonio-seldon-core-pr-2432-in-58lbr-3[0m stage [32mpr-build-comment[0m and container [32mstep-source-copy-seldonio-seldon-core-pr-2432-in-58lbr-7pd2s[0m
{"level":"info","ts":1600092625.5866346,"logger":"fallback-logger","caller":"logging/config.go:69","msg":"Fetch GitHub commit ID from kodata failed: open /var/run/ko/HEAD: no such file or directory"}
{"level":"info","ts":1600092626.4517486,"logger":"fallback-logger","caller":"bash/main.go:64","msg":"Successfully executed command \"sh -c cp -r source/. /pvc/pr-build-comment/workspace\"; output "}

Showing logs for build [32mseldonio-seldon-core-pr-2432-in-58lbr-3[0m stage [32mend-to-end[0m and container [32mstep-credential-initializer-zm285[0m
{"level":"info","ts":1600092630.4857433,"logger":"fallback-logger","caller":"logging/config.go:69","msg":"Fetch GitHub commit ID from kodata failed: open /var/run/ko/refs/heads/0.8.0-ns-support: no such file or directory"}
{"level":"info","ts":1600092630.4863014,"logger":"fallback-logger","caller":"creds-init/main.go:40","msg":"Credentials initialized."}

Showing logs for build [32mseldonio-seldon-core-pr-2432-in-58lbr-3[0m stage [32mend-to-end[0m and container [32mstep-working-dir-initializer-fp4t4[0m
{"level":"info","ts":1600092632.9723756,"logger":"fallback-logger","caller":"logging/config.go:69","msg":"Fetch GitHub commit ID from kodata failed: open /var/run/ko/HEAD: no such file or directory"}
{"level":"info","ts":1600092632.9747512,"logger":"fallback-logger","caller":"bash/main.go:64","msg":"Successfully executed command \"sh -c mkdir -p /workspace/source\"; output "}

Showing logs for build [32mseldonio-seldon-core-pr-2432-in-58lbr-3[0m stage [32mend-to-end[0m and container [32mstep-place-tools[0m

Showing logs for build [32mseldonio-seldon-core-pr-2432-in-58lbr-3[0m stage [32mend-to-end[0m and container [32mstep-create-dir-workspace-9r79t[0m
{"level":"info","ts":1600092642.1789045,"logger":"fallback-logger","caller":"logging/config.go:69","msg":"Fetch GitHub commit ID from kodata failed: open /var/run/ko/HEAD: no such file or directory"}
{"level":"info","ts":1600092642.1812155,"logger":"fallback-logger","caller":"bash/main.go:64","msg":"Successfully executed command \"sh -c mkdir -p /workspace/source\"; output "}

Showing logs for build [32mseldonio-seldon-core-pr-2432-in-58lbr-3[0m stage [32mend-to-end[0m and container [32mstep-source-copy-workspace-vp7jh[0m
{"level":"info","ts":1600092642.578082,"logger":"fallback-logger","caller":"logging/config.go:69","msg":"Fetch GitHub commit ID from kodata failed: open /var/run/ko/HEAD: no such file or directory"}
{"level":"info","ts":1600092643.2247024,"logger":"fallback-logger","caller":"bash/main.go:64","msg":"Successfully executed command \"sh -c cp -r /pvc/pr-build-comment/workspace/. /workspace/source\"; output "}

Showing logs for build [32mseldonio-seldon-core-pr-2432-in-58lbr-3[0m stage [32mend-to-end[0m and container [32mstep-setup-builder-home[0m

Showing logs for build [32mseldonio-seldon-core-pr-2432-in-58lbr-3[0m stage [32mend-to-end[0m and container [32mstep-test-end-to-end[0m
Test run type is: [base]
Starting Docker: docker.
[SETUP] Waiting for Docker to be ready, sleeping for 1 seconds ...
kind create cluster --config ../resources/kind_config.yaml
Creating cluster "kind" ...
 â€¢ Ensuring node image (kindest/node:v1.16.3) ðŸ–¼  ...
 âœ“ Ensuring node image (kindest/node:v1.16.3) ðŸ–¼
 â€¢ Preparing nodes ðŸ“¦  ...
 âœ“ Preparing nodes ðŸ“¦
 â€¢ Writing configuration ðŸ“œ  ...
 âœ“ Writing configuration ðŸ“œ
 â€¢ Starting control-plane ðŸ•¹ï¸  ...
 âœ“ Starting control-plane ðŸ•¹ï¸
 â€¢ Installing CNI ðŸ”Œ  ...
 âœ“ Installing CNI ðŸ”Œ
 â€¢ Installing StorageClass ðŸ’¾  ...
 âœ“ Installing StorageClass ðŸ’¾
 â€¢ Joining worker nodes ðŸšœ  ...
 âœ“ Joining worker nodes ðŸšœ
Set kubectl context to "kind-kind"
You can now use your cluster with:

kubectl cluster-info --context kind-kind

Thanks for using kind! ðŸ˜Š
`kind get kubeconfig-path` is deprecated!

KIND will export and merge kubeconfig like kops, minikube, etc.
This command is now unnecessary and will be removed in a future release.

For more info see: https://github.com/kubernetes-sigs/kind/issues/1060
See also the output of `kind create cluster`

Files changed in python folder:
SKIPPING PYTHON IMAGE BUILD...
Files changed in operator folder:
SKIPPING OPERATOR IMAGE BUILD...
Files changed in engine folder:
SKIPPING ENGINE IMAGE BUILD...
Files changed in executor folder:
SKIPPING EXECUTOR IMAGE BUILD...
Build test models
make -C ../docker/fixed-model kind_load_images
make[1]: Entering directory '/workspace/source/testing/docker/fixed-model'
s2i build -E environment_rest_v1 . seldonio/seldon-core-s2i-python3:0.15 seldonio/fixed-model:0.1
---> Installing application source...
Build completed successfully
s2i build -E environment_rest_v2 . seldonio/seldon-core-s2i-python3:0.15 seldonio/fixed-model:0.2
---> Installing application source...
Build completed successfully
kind load -v 3 docker-image seldonio/fixed-model:0.1
Image: "seldonio/fixed-model:0.1" with ID "sha256:6e6aa97ddcd72365a44cff7f96dba0f1e678e2f68130358094ed838c930ced3f" not present on node "kind-worker"
Image: "seldonio/fixed-model:0.1" with ID "sha256:6e6aa97ddcd72365a44cff7f96dba0f1e678e2f68130358094ed838c930ced3f" not present on node "kind-control-plane"
kind load -v 3 docker-image seldonio/fixed-model:0.2
Image: "seldonio/fixed-model:0.2" with ID "sha256:c4df7e6d79320328a2147515b7f354e4820dceea5e9134f248ec02e901812bb1" not present on node "kind-worker"
Image: "seldonio/fixed-model:0.2" with ID "sha256:c4df7e6d79320328a2147515b7f354e4820dceea5e9134f248ec02e901812bb1" not present on node "kind-control-plane"
make[1]: Leaving directory '/workspace/source/testing/docker/fixed-model'
make -C ../docker/echo-model kind_load_image
make[1]: Entering directory '/workspace/source/testing/docker/echo-model'
s2i build \
	-E environment_rest \
	.\
	seldonio/seldon-core-s2i-python3:1.1.1-SNAPSHOT\
	seldonio/echo-model:0.1
---> Installing application source...
Build completed successfully
kind load -v 3 docker-image seldonio/echo-model:0.1
Image: "seldonio/echo-model:0.1" with ID "sha256:b55ef6a2b359d7ff45c866d37404a6e5a6d6217899fbe1d48fc4e3f858979381" not present on node "kind-worker"
Image: "seldonio/echo-model:0.1" with ID "sha256:b55ef6a2b359d7ff45c866d37404a6e5a6d6217899fbe1d48fc4e3f858979381" not present on node "kind-control-plane"
make[1]: Leaving directory '/workspace/source/testing/docker/echo-model'
Files changed in prepackaged folder:
SKIPPING PREPACKAGED IMAGE BUILD...
Files changed in alibi explain folder:
components/alibi-explain-server/alibiexplainer/kernel_shap.py
components/alibi-explain-server/setup.py
cd ../../components/alibi-explain-server && make kind_load
make[1]: Entering directory '/workspace/source/components/alibi-explain-server'
# Protobuf
cp ../../proto/prediction.proto alibiexplainer/proto/
make -C ../../proto/tensorflow/ create_protos
make[2]: Entering directory '/workspace/source/proto/tensorflow'
./create-protos.sh
Downloading proto files for master
make[2]: Leaving directory '/workspace/source/proto/tensorflow'
cp -r ../../proto/tensorflow/tensorflow \
	alibiexplainer/proto/
make -C ../../proto/tensorflow clean
make[2]: Entering directory '/workspace/source/proto/tensorflow'
removed 'tensorflow/core/framework/resource_handle.proto'
removed 'tensorflow/core/framework/tensor_shape.proto'
removed 'tensorflow/core/framework/tensor.proto'
removed 'tensorflow/core/framework/types.proto'
removed directory 'tensorflow/core/framework'
removed directory 'tensorflow/core'
removed directory 'tensorflow'
make[2]: Leaving directory '/workspace/source/proto/tensorflow'
pip install -r requirements-dev.txt
Requirement already satisfied: grpcio-tools==1.31.0 in /usr/local/lib/python3.6/site-packages (from -r requirements-dev.txt (line 1)) (1.31.0)
Collecting mypy-protobuf==1.22
  Downloading mypy_protobuf-1.22-py3-none-any.whl (7.5 kB)
Requirement already satisfied: grpcio>=1.31.0 in /usr/local/lib/python3.6/site-packages (from grpcio-tools==1.31.0->-r requirements-dev.txt (line 1)) (1.31.0)
Requirement already satisfied: protobuf<4.0dev,>=3.5.0.post1 in /usr/local/lib/python3.6/site-packages (from grpcio-tools==1.31.0->-r requirements-dev.txt (line 1)) (3.13.0)
Requirement already satisfied: six>=1.5.2 in /usr/local/lib/python3.6/site-packages (from grpcio>=1.31.0->grpcio-tools==1.31.0->-r requirements-dev.txt (line 1)) (1.15.0)
Requirement already satisfied: setuptools in /usr/local/lib/python3.6/site-packages (from protobuf<4.0dev,>=3.5.0.post1->grpcio-tools==1.31.0->-r requirements-dev.txt (line 1)) (50.3.0)
Installing collected packages: mypy-protobuf
Successfully installed mypy-protobuf-1.22
WARNING: You are using pip version 20.2.2; however, version 20.2.3 is available.
You should consider upgrading via the '/usr/local/bin/python -m pip install --upgrade pip' command.
# Protobuf
cd alibiexplainer && python \
	-m grpc.tools.protoc \
	-I./ \
	-I./proto/ \
	--python_out=./ \
	--grpc_python_out=./ \
	--mypy_out=./ \
	./proto/prediction.proto
Writing mypy to proto/prediction_pb2.pyi
## We build TF's protobufs as well in case the tensorflow package
## is not found
cd alibiexplainer/proto && python \
	-m grpc.tools.protoc \
	-I./ \
	-I../ \
	--python_out=./ \
	./tensorflow/core/framework/*.proto
sed -i "s/from tensorflow/from alibiexplainer.proto.tensorflow/" alibiexplainer/proto/*.py
sed -i "s/from tensorflow.core.framework/from ./" \
	alibiexplainer/proto/tensorflow/core/framework/resource_handle_pb2.py alibiexplainer/proto/tensorflow/core/framework/tensor_pb2.py alibiexplainer/proto/tensorflow/core/framework/tensor_shape_pb2.py alibiexplainer/proto/tensorflow/core/framework/types_pb2.py
sed -i "s/from proto/from alibiexplainer.proto/g" alibiexplainer/proto/prediction_pb2_grpc.py
docker build --file=Dockerfile --force-rm=true -t seldonio/alibiexplainer:1.2.3-dev .
Sending build context to Docker daemon    340kB
Step 1/14 : FROM registry.access.redhat.com/ubi8/python-36
latest: Pulling from ubi8/python-36
ec1681b6a383: Pulling fs layer
c4d668e229cd: Pulling fs layer
da1cc572023a: Pulling fs layer
35ad9b4fba1f: Pulling fs layer
4783191e6645: Pulling fs layer
35ad9b4fba1f: Waiting
4783191e6645: Waiting
da1cc572023a: Download complete
c4d668e229cd: Verifying Checksum
c4d668e229cd: Download complete
ec1681b6a383: Verifying Checksum
4783191e6645: Verifying Checksum
4783191e6645: Download complete
35ad9b4fba1f: Verifying Checksum
35ad9b4fba1f: Download complete
ec1681b6a383: Pull complete
c4d668e229cd: Pull complete
da1cc572023a: Pull complete
35ad9b4fba1f: Pull complete
4783191e6645: Pull complete
Digest: sha256:eeba6a5fd0decaa43fc49dcb6a7ffd115931a7bfaa8b1b650f852ddb782c6705
Status: Downloaded newer image for registry.access.redhat.com/ubi8/python-36:latest
 ---> b6155b8cda24
Step 2/14 : LABEL name="Seldon Alibi Wrapper"       vendor="Seldon Technologies"       version="1.2.3-dev"       release="1"       summary="Alibi Explainer Wrapper for Seldon Core"       description="Allows Seldon Core inference models to run with a black box model explanation model from the Alibi:Explain project"
 ---> Running in bcc6cba92065
Removing intermediate container bcc6cba92065
 ---> 0c871b0b9acb
Step 3/14 : USER root
 ---> Running in e07bac316c1c
Removing intermediate container e07bac316c1c
 ---> c02bc911f192
Step 4/14 : RUN pip install --upgrade pip
 ---> Running in e3758d93e38d
Collecting pip
  Downloading https://files.pythonhosted.org/packages/4e/5f/528232275f6509b1fff703c9280e58951a81abe24640905de621c9f81839/pip-20.2.3-py2.py3-none-any.whl (1.5MB)
Installing collected packages: pip
  Found existing installation: pip 9.0.3
    Uninstalling pip-9.0.3:
      Successfully uninstalled pip-9.0.3
Successfully installed pip-20.2.3
Removing intermediate container e3758d93e38d
 ---> 96145b5c0ecb
Step 5/14 : COPY setup.py setup.py
 ---> 04a8f593cec0
Step 6/14 : COPY alibiexplainer alibiexplainer
 ---> af695d4c7d5e
Step 7/14 : COPY README.md README.md
 ---> a31025793d29
Step 8/14 : RUN pip install .
 ---> Running in 9ac22229e66b
Processing /opt/app-root/src
Collecting kfserving>=0.3.0
  Downloading kfserving-0.4.0-py3-none-any.whl (85 kB)
Collecting alibi==0.5.4
  Downloading alibi-0.5.4-py3-none-any.whl (215 kB)
Collecting scikit-learn>=0.23.0
  Downloading scikit_learn-0.23.2-cp36-cp36m-manylinux1_x86_64.whl (6.8 MB)
Collecting argparse>=1.4.0
  Downloading argparse-1.4.0-py2.py3-none-any.whl (23 kB)
Collecting requests>=2.22.0
  Downloading requests-2.24.0-py2.py3-none-any.whl (61 kB)
Collecting joblib>=0.13.2
  Downloading joblib-0.16.0-py3-none-any.whl (300 kB)
Collecting dill>=0.3.0
  Downloading dill-0.3.2.zip (177 kB)
Collecting grpcio>=1.22.0
  Downloading grpcio-1.32.0-cp36-cp36m-manylinux2014_x86_64.whl (3.8 MB)
Collecting xgboost==1.2.0
  Downloading xgboost-1.2.0-py3-none-manylinux2010_x86_64.whl (148.9 MB)
Collecting shap==0.36.0
  Downloading shap-0.36.0.tar.gz (319 kB)
Collecting urllib3>=1.15.1
  Downloading urllib3-1.25.10-py2.py3-none-any.whl (127 kB)
Collecting six>=1.10
  Downloading six-1.15.0-py2.py3-none-any.whl (10 kB)
Requirement already satisfied: setuptools>=21.0.0 in /opt/app-root/lib/python3.6/site-packages (from kfserving>=0.3.0->alibiexplainer==0.3.0) (39.2.0)
Collecting kubernetes==10.0.1
  Downloading kubernetes-10.0.1-py2.py3-none-any.whl (1.5 MB)
Collecting tornado>=1.4.1
  Downloading tornado-6.0.4.tar.gz (496 kB)
Collecting table-logger>=0.3.5
  Downloading table_logger-0.3.6-py3-none-any.whl (14 kB)
Collecting azure-storage-blob<=2.1.0,>=1.3.0
  Downloading azure_storage_blob-2.1.0-py2.py3-none-any.whl (88 kB)
Collecting certifi>=14.05.14
  Downloading certifi-2020.6.20-py2.py3-none-any.whl (156 kB)
Collecting adal>=1.2.2
  Downloading adal-1.2.4-py2.py3-none-any.whl (55 kB)
Collecting numpy>=1.17.3
  Downloading numpy-1.19.2-cp36-cp36m-manylinux2010_x86_64.whl (14.5 MB)
Collecting google-cloud-storage>=1.16.0
  Downloading google_cloud_storage-1.31.0-py2.py3-none-any.whl (88 kB)
Collecting python-dateutil>=2.5.3
  Downloading python_dateutil-2.8.1-py2.py3-none-any.whl (227 kB)
Collecting minio>=4.0.9
  Downloading minio-6.0.0-py2.py3-none-any.whl (72 kB)
Collecting Pillow
  Downloading Pillow-7.2.0-cp36-cp36m-manylinux1_x86_64.whl (2.2 MB)
Collecting attrs
  Downloading attrs-20.2.0-py2.py3-none-any.whl (48 kB)
Collecting beautifulsoup4
  Downloading beautifulsoup4-4.9.1-py3-none-any.whl (115 kB)
Collecting typing-extensions>=3.7.2
  Downloading typing_extensions-3.7.4.3-py3-none-any.whl (22 kB)
Collecting spacy[lookups]
  Downloading spacy-2.3.2-cp36-cp36m-manylinux1_x86_64.whl (9.9 MB)
Collecting prettyprinter
  Downloading prettyprinter-0.18.0-py2.py3-none-any.whl (48 kB)
Collecting pandas
  Downloading pandas-1.1.2-cp36-cp36m-manylinux1_x86_64.whl (10.5 MB)
Collecting scipy
  Downloading scipy-1.5.2-cp36-cp36m-manylinux1_x86_64.whl (25.9 MB)
Collecting scikit-image!=0.17.1
  Downloading scikit_image-0.17.2-cp36-cp36m-manylinux1_x86_64.whl (12.4 MB)
Collecting matplotlib
  Downloading matplotlib-3.3.1-cp36-cp36m-manylinux1_x86_64.whl (11.6 MB)
Collecting tensorflow>=2.0
  Downloading tensorflow-2.3.0-cp36-cp36m-manylinux2010_x86_64.whl (320.4 MB)
Collecting threadpoolctl>=2.0.0
  Downloading threadpoolctl-2.1.0-py3-none-any.whl (12 kB)
Collecting chardet<4,>=3.0.2
  Downloading chardet-3.0.4-py2.py3-none-any.whl (133 kB)
Collecting idna<3,>=2.5
  Downloading idna-2.10-py2.py3-none-any.whl (58 kB)
Collecting tqdm>4.25.0
  Downloading tqdm-4.49.0-py2.py3-none-any.whl (69 kB)
Collecting slicer
  Downloading slicer-0.0.3-py3-none-any.whl (11 kB)
Collecting numba
  Downloading numba-0.51.2-cp36-cp36m-manylinux2014_x86_64.whl (3.1 MB)
Collecting requests-oauthlib
  Downloading requests_oauthlib-1.3.0-py2.py3-none-any.whl (23 kB)
Collecting websocket-client!=0.40.0,!=0.41.*,!=0.42.*,>=0.32.0
  Downloading websocket_client-0.57.0-py2.py3-none-any.whl (200 kB)
Collecting google-auth>=1.0.1
  Downloading google_auth-1.21.1-py2.py3-none-any.whl (93 kB)
Collecting pyyaml>=3.12
  Downloading PyYAML-5.3.1.tar.gz (269 kB)
Collecting azure-common>=1.1.5
  Downloading azure_common-1.1.25-py2.py3-none-any.whl (12 kB)
Collecting azure-storage-common~=2.1
  Downloading azure_storage_common-2.1.0-py2.py3-none-any.whl (47 kB)
Collecting PyJWT>=1.0.0
  Downloading PyJWT-1.7.1-py2.py3-none-any.whl (18 kB)
Collecting cryptography>=1.1.0
  Downloading cryptography-3.1-cp35-abi3-manylinux2010_x86_64.whl (2.6 MB)
Collecting google-resumable-media<2.0dev,>=1.0.0
  Downloading google_resumable_media-1.0.0-py2.py3-none-any.whl (42 kB)
Collecting google-cloud-core<2.0dev,>=1.4.1
  Downloading google_cloud_core-1.4.1-py2.py3-none-any.whl (26 kB)
Collecting pytz
  Downloading pytz-2020.1-py2.py3-none-any.whl (510 kB)
Collecting configparser
  Downloading configparser-5.0.0-py3-none-any.whl (22 kB)
Collecting soupsieve>1.2
  Downloading soupsieve-2.0.1-py3-none-any.whl (32 kB)
Collecting wasabi<1.1.0,>=0.4.0
  Downloading wasabi-0.8.0-py3-none-any.whl (23 kB)
Collecting thinc==7.4.1
  Downloading thinc-7.4.1-cp36-cp36m-manylinux1_x86_64.whl (2.1 MB)
Collecting catalogue<1.1.0,>=0.0.7
  Downloading catalogue-1.0.0-py2.py3-none-any.whl (7.7 kB)
Collecting srsly<1.1.0,>=1.0.2
  Downloading srsly-1.0.2-cp36-cp36m-manylinux1_x86_64.whl (185 kB)
Collecting plac<1.2.0,>=0.9.6
  Downloading plac-1.1.3-py2.py3-none-any.whl (20 kB)
Collecting murmurhash<1.1.0,>=0.28.0
  Downloading murmurhash-1.0.2-cp36-cp36m-manylinux1_x86_64.whl (19 kB)
Collecting cymem<2.1.0,>=2.0.2
  Downloading cymem-2.0.3-cp36-cp36m-manylinux1_x86_64.whl (32 kB)
Collecting blis<0.5.0,>=0.4.0
  Downloading blis-0.4.1-cp36-cp36m-manylinux1_x86_64.whl (3.7 MB)
Collecting preshed<3.1.0,>=3.0.2
  Downloading preshed-3.0.2-cp36-cp36m-manylinux1_x86_64.whl (119 kB)
Collecting spacy-lookups-data<0.4.0,>=0.3.2; extra == "lookups"
  Downloading spacy_lookups_data-0.3.2.tar.gz (93.8 MB)
Collecting Pygments>=2.2.0
  Downloading Pygments-2.7.0-py3-none-any.whl (950 kB)
Collecting colorful>=0.4.0
  Downloading colorful-0.5.4-py2.py3-none-any.whl (201 kB)
Collecting PyWavelets>=1.1.1
  Downloading PyWavelets-1.1.1-cp36-cp36m-manylinux1_x86_64.whl (4.4 MB)
Collecting imageio>=2.3.0
  Downloading imageio-2.9.0-py3-none-any.whl (3.3 MB)
Collecting tifffile>=2019.7.26
  Downloading tifffile-2020.9.3-py3-none-any.whl (148 kB)
Collecting networkx>=2.0
  Downloading networkx-2.5-py3-none-any.whl (1.6 MB)
Collecting cycler>=0.10
  Downloading cycler-0.10.0-py2.py3-none-any.whl (6.5 kB)
Collecting kiwisolver>=1.0.1
  Downloading kiwisolver-1.2.0-cp36-cp36m-manylinux1_x86_64.whl (88 kB)
Collecting pyparsing!=2.0.4,!=2.1.2,!=2.1.6,>=2.0.3
  Downloading pyparsing-2.4.7-py2.py3-none-any.whl (67 kB)
Collecting tensorflow-estimator<2.4.0,>=2.3.0
  Downloading tensorflow_estimator-2.3.0-py2.py3-none-any.whl (459 kB)
Collecting tensorboard<3,>=2.3.0
  Downloading tensorboard-2.3.0-py3-none-any.whl (6.8 MB)
Requirement already satisfied: wheel>=0.26 in /opt/app-root/lib/python3.6/site-packages (from tensorflow>=2.0->alibi==0.5.4->alibiexplainer==0.3.0) (0.31.1)
Collecting h5py<2.11.0,>=2.10.0
  Downloading h5py-2.10.0-cp36-cp36m-manylinux1_x86_64.whl (2.9 MB)
Collecting astunparse==1.6.3
  Downloading astunparse-1.6.3-py2.py3-none-any.whl (12 kB)
Collecting termcolor>=1.1.0
  Downloading termcolor-1.1.0.tar.gz (3.9 kB)
Collecting gast==0.3.3
  Downloading gast-0.3.3-py2.py3-none-any.whl (9.7 kB)
Collecting protobuf>=3.9.2
  Downloading protobuf-3.13.0-cp36-cp36m-manylinux1_x86_64.whl (1.3 MB)
Collecting opt-einsum>=2.3.2
  Downloading opt_einsum-3.3.0-py3-none-any.whl (65 kB)
Collecting wrapt>=1.11.1
  Downloading wrapt-1.12.1.tar.gz (27 kB)
Collecting absl-py>=0.7.0
  Downloading absl_py-0.10.0-py3-none-any.whl (127 kB)
Collecting keras-preprocessing<1.2,>=1.1.1
  Downloading Keras_Preprocessing-1.1.2-py2.py3-none-any.whl (42 kB)
Collecting google-pasta>=0.1.8
  Downloading google_pasta-0.2.0-py3-none-any.whl (57 kB)
Collecting llvmlite<0.35,>=0.34.0.dev0
  Downloading llvmlite-0.34.0-cp36-cp36m-manylinux2010_x86_64.whl (24.6 MB)
Collecting oauthlib>=3.0.0
  Downloading oauthlib-3.1.0-py2.py3-none-any.whl (147 kB)
Collecting rsa<5,>=3.1.4; python_version >= "3.5"
  Downloading rsa-4.6-py3-none-any.whl (47 kB)
Collecting pyasn1-modules>=0.2.1
  Downloading pyasn1_modules-0.2.8-py2.py3-none-any.whl (155 kB)
Collecting cachetools<5.0,>=2.0.0
  Downloading cachetools-4.1.1-py3-none-any.whl (10 kB)
Collecting cffi!=1.11.3,>=1.8
  Downloading cffi-1.14.2-cp36-cp36m-manylinux1_x86_64.whl (400 kB)
Collecting google-crc32c<2.0dev,>=1.0; python_version >= "3.5"
  Downloading google_crc32c-1.0.0-cp36-cp36m-manylinux2010_x86_64.whl (39 kB)
Collecting google-api-core<2.0.0dev,>=1.19.0
  Downloading google_api_core-1.22.2-py2.py3-none-any.whl (91 kB)
Collecting importlib-metadata>=0.20; python_version < "3.8"
  Downloading importlib_metadata-1.7.0-py2.py3-none-any.whl (31 kB)
Collecting decorator>=4.3.0
  Downloading decorator-4.4.2-py2.py3-none-any.whl (9.2 kB)
Collecting tensorboard-plugin-wit>=1.6.0
  Downloading tensorboard_plugin_wit-1.7.0-py3-none-any.whl (779 kB)
Collecting markdown>=2.6.8
  Downloading Markdown-3.2.2-py3-none-any.whl (88 kB)
Collecting werkzeug>=0.11.15
  Downloading Werkzeug-1.0.1-py2.py3-none-any.whl (298 kB)
Collecting google-auth-oauthlib<0.5,>=0.4.1
  Downloading google_auth_oauthlib-0.4.1-py2.py3-none-any.whl (18 kB)
Collecting pyasn1>=0.1.3
  Downloading pyasn1-0.4.8-py2.py3-none-any.whl (77 kB)
Collecting pycparser
  Downloading pycparser-2.20-py2.py3-none-any.whl (112 kB)
Collecting googleapis-common-protos<2.0dev,>=1.6.0
  Downloading googleapis_common_protos-1.52.0-py2.py3-none-any.whl (100 kB)
Collecting zipp>=0.5
  Downloading zipp-3.1.0-py3-none-any.whl (4.9 kB)
Building wheels for collected packages: alibiexplainer, dill, shap, tornado, pyyaml, spacy-lookups-data, termcolor, wrapt
  Building wheel for alibiexplainer (setup.py): started
  Building wheel for alibiexplainer (setup.py): finished with status 'done'
  Created wheel for alibiexplainer: filename=alibiexplainer-0.3.0-py3-none-any.whl size=1715 sha256=c564599d01bdc9295056112ab6a3f4e752f621a73574d24029adf2444c2939ca
  Stored in directory: /tmp/pip-ephem-wheel-cache-0h46h3g7/wheels/3a/7e/97/8e807946820407225d42c8f04583946801d265a80f73301883
  Building wheel for dill (setup.py): started
  Building wheel for dill (setup.py): finished with status 'done'
  Created wheel for dill: filename=dill-0.3.2-py3-none-any.whl size=77840 sha256=fd8fb0f50dc392d8246704401c9eebf062d5f05ed50705cd23e75f8dd5d031e0
  Stored in directory: /tmp/pip-ephem-wheel-cache-0h46h3g7/wheels/02/49/cf/660924cd9bc5fcddc3a0246fe39800c83028d3ccea244de352
  Building wheel for shap (setup.py): started
  Building wheel for shap (setup.py): finished with status 'done'
  Created wheel for shap: filename=shap-0.36.0-cp36-cp36m-linux_x86_64.whl size=503814 sha256=5ea2d8833ce5ecc68b99492c97b408496089897241ba2488008e0bd5ce695820
  Stored in directory: /tmp/pip-ephem-wheel-cache-0h46h3g7/wheels/13/25/e6/7510ba3a400c62b74e62118de280be871af157dac83efc71c8
  Building wheel for tornado (setup.py): started
  Building wheel for tornado (setup.py): finished with status 'done'
  Created wheel for tornado: filename=tornado-6.0.4-cp36-cp36m-linux_x86_64.whl size=428278 sha256=b541ee91c91496a3cf033f42f3c6e76dcc37be121e45d0c70a97a3a5ef515117
  Stored in directory: /tmp/pip-ephem-wheel-cache-0h46h3g7/wheels/37/a7/db/2d592e44029ef817f3ef63ea991db34191cebaef087a96f505
  Building wheel for pyyaml (setup.py): started
  Building wheel for pyyaml (setup.py): finished with status 'done'
  Created wheel for pyyaml: filename=PyYAML-5.3.1-cp36-cp36m-linux_x86_64.whl size=44632 sha256=ddca21b003aa8dd719858f7fa916ce102283ece82afdbf2f463b486dd16464b4
  Stored in directory: /tmp/pip-ephem-wheel-cache-0h46h3g7/wheels/e5/9d/ad/2ee53cf262cba1ffd8afe1487eef788ea3f260b7e6232a80fc
  Building wheel for spacy-lookups-data (setup.py): started
  Building wheel for spacy-lookups-data (setup.py): finished with status 'done'
  Created wheel for spacy-lookups-data: filename=spacy_lookups_data-0.3.2-py2.py3-none-any.whl size=93806736 sha256=2b92b2abd89135c952de7967b61076c7d499c65800161f560ef2a509dac595e6
  Stored in directory: /tmp/pip-ephem-wheel-cache-0h46h3g7/wheels/4b/4e/9d/d04994a2ff89a3f994cf9a08171bbb0b2c4aa6bd9a4f7adcbb
  Building wheel for termcolor (setup.py): started
  Building wheel for termcolor (setup.py): finished with status 'done'
  Created wheel for termcolor: filename=termcolor-1.1.0-py3-none-any.whl size=4001 sha256=222be39acc0081c7f06e3d1725704862f82cce0e5e63ae7db0aa60b855639d60
  Stored in directory: /tmp/pip-ephem-wheel-cache-0h46h3g7/wheels/93/2a/eb/e58dbcbc963549ee4f065ff80a59f274cc7210b6eab962acdc
  Building wheel for wrapt (setup.py): started
  Building wheel for wrapt (setup.py): finished with status 'done'
  Created wheel for wrapt: filename=wrapt-1.12.1-cp36-cp36m-linux_x86_64.whl size=72129 sha256=ef83d2b80c237e77f2214d97c533c7f94987139d39689834144f272041e08144
  Stored in directory: /tmp/pip-ephem-wheel-cache-0h46h3g7/wheels/32/42/7f/23cae9ff6ef66798d00dc5d659088e57dbba01566f6c60db63
Successfully built alibiexplainer dill shap tornado pyyaml spacy-lookups-data termcolor wrapt
Installing collected packages: urllib3, six, chardet, certifi, idna, requests, oauthlib, requests-oauthlib, websocket-client, pyasn1, rsa, pyasn1-modules, cachetools, google-auth, pyyaml, python-dateutil, kubernetes, tornado, numpy, table-logger, azure-common, pycparser, cffi, cryptography, azure-storage-common, azure-storage-blob, argparse, PyJWT, adal, google-crc32c, google-resumable-media, protobuf, googleapis-common-protos, pytz, google-api-core, google-cloud-core, google-cloud-storage, configparser, minio, kfserving, Pillow, attrs, soupsieve, beautifulsoup4, scipy, threadpoolctl, joblib, scikit-learn, typing-extensions, pandas, tqdm, slicer, llvmlite, numba, shap, wasabi, zipp, importlib-metadata, catalogue, plac, srsly, murmurhash, cymem, blis, preshed, thinc, spacy-lookups-data, spacy, Pygments, colorful, prettyprinter, PyWavelets, imageio, cycler, kiwisolver, pyparsing, matplotlib, tifffile, decorator, networkx, scikit-image, tensorflow-estimator, grpcio, absl-py, tensorboard-plugin-wit, markdown, werkzeug, google-auth-oauthlib, tensorboard, h5py, astunparse, termcolor, gast, opt-einsum, wrapt, keras-preprocessing, google-pasta, tensorflow, alibi, dill, xgboost, alibiexplainer
[91mERROR: After October 2020 you may experience errors when installing or updating packages. This is because pip will change the way that it resolves dependency conflicts.

We recommend you use --use-feature=2020-resolver to test your packages with the new resolver before it becomes the default.

google-auth 1.21.1 requires setuptools>=40.3.0, but you'll have setuptools 39.2.0 which is incompatible.
tensorboard 2.3.0 requires setuptools>=41.0.0, but you'll have setuptools 39.2.0 which is incompatible.
tensorflow 2.3.0 requires numpy<1.19.0,>=1.16.0, but you'll have numpy 1.19.2 which is incompatible.
tensorflow 2.3.0 requires scipy==1.4.1, but you'll have scipy 1.5.2 which is incompatible.
[0mSuccessfully installed Pillow-7.2.0 PyJWT-1.7.1 PyWavelets-1.1.1 Pygments-2.7.0 absl-py-0.10.0 adal-1.2.4 alibi-0.5.4 alibiexplainer-0.3.0 argparse-1.4.0 astunparse-1.6.3 attrs-20.2.0 azure-common-1.1.25 azure-storage-blob-2.1.0 azure-storage-common-2.1.0 beautifulsoup4-4.9.1 blis-0.4.1 cachetools-4.1.1 catalogue-1.0.0 certifi-2020.6.20 cffi-1.14.2 chardet-3.0.4 colorful-0.5.4 configparser-5.0.0 cryptography-3.1 cycler-0.10.0 cymem-2.0.3 decorator-4.4.2 dill-0.3.2 gast-0.3.3 google-api-core-1.22.2 google-auth-1.21.1 google-auth-oauthlib-0.4.1 google-cloud-core-1.4.1 google-cloud-storage-1.31.0 google-crc32c-1.0.0 google-pasta-0.2.0 google-resumable-media-1.0.0 googleapis-common-protos-1.52.0 grpcio-1.32.0 h5py-2.10.0 idna-2.10 imageio-2.9.0 importlib-metadata-1.7.0 joblib-0.16.0 keras-preprocessing-1.1.2 kfserving-0.4.0 kiwisolver-1.2.0 kubernetes-10.0.1 llvmlite-0.34.0 markdown-3.2.2 matplotlib-3.3.1 minio-6.0.0 murmurhash-1.0.2 networkx-2.5 numba-0.51.2 numpy-1.19.2 oauthlib-3.1.0 opt-einsum-3.3.0 pandas-1.1.2 plac-1.1.3 preshed-3.0.2 prettyprinter-0.18.0 protobuf-3.13.0 pyasn1-0.4.8 pyasn1-modules-0.2.8 pycparser-2.20 pyparsing-2.4.7 python-dateutil-2.8.1 pytz-2020.1 pyyaml-5.3.1 requests-2.24.0 requests-oauthlib-1.3.0 rsa-4.6 scikit-image-0.17.2 scikit-learn-0.23.2 scipy-1.5.2 shap-0.36.0 six-1.15.0 slicer-0.0.3 soupsieve-2.0.1 spacy-2.3.2 spacy-lookups-data-0.3.2 srsly-1.0.2 table-logger-0.3.6 tensorboard-2.3.0 tensorboard-plugin-wit-1.7.0 tensorflow-2.3.0 tensorflow-estimator-2.3.0 termcolor-1.1.0 thinc-7.4.1 threadpoolctl-2.1.0 tifffile-2020.9.3 tornado-6.0.4 tqdm-4.49.0 typing-extensions-3.7.4.3 urllib3-1.25.10 wasabi-0.8.0 websocket-client-0.57.0 werkzeug-1.0.1 wrapt-1.12.1 xgboost-1.2.0 zipp-3.1.0
Removing intermediate container 9ac22229e66b
 ---> f7acc91c65da
Step 9/14 : RUN chmod -R a+rwx /opt/app-root/lib/python3.6
 ---> Running in bedf05d834b6
Removing intermediate container bedf05d834b6
 ---> 32a304ab355e
Step 10/14 : RUN pip install pip-licenses
 ---> Running in 5bb750a21239
Collecting pip-licenses
  Downloading pip_licenses-2.3.0-py3-none-any.whl (14 kB)
Collecting PTable
  Downloading PTable-0.9.2.tar.gz (31 kB)
Building wheels for collected packages: PTable
  Building wheel for PTable (setup.py): started
  Building wheel for PTable (setup.py): finished with status 'done'
  Created wheel for PTable: filename=PTable-0.9.2-py3-none-any.whl size=21893 sha256=55e3efea4f00064e51c5263b39029c9cfdc273d483d1662ff9b1a6632d9d4e97
  Stored in directory: /tmp/pip-ephem-wheel-cache-yz8iwghm/wheels/f3/65/67/71f473ec87ea4554d1bdfb1b5128cfe1414c2b113b72a1ee8e
Successfully built PTable
Installing collected packages: PTable, pip-licenses
Successfully installed PTable-0.9.2 pip-licenses-2.3.0
Removing intermediate container 5bb750a21239
 ---> 6c7bfd3f7792
Step 11/14 : RUN mkdir ./licenses && pip-licenses --from=mixed --format=csv --output-file=./licenses/license_info.csv &&     pip-licenses --from=mixed --format=plain-vertical --with-license-file --no-license-path --output-file=./licenses/license.txt
 ---> Running in a37f22cd8da5
created path: ./licenses/license_info.csv
created path: ./licenses/license.txt
Removing intermediate container a37f22cd8da5
 ---> a0230ff2105f
Step 12/14 : RUN mv ./licenses /licenses
 ---> Running in e1d2105f5a71
Removing intermediate container e1d2105f5a71
 ---> 11e0db4ad3c2
Step 13/14 : USER default
 ---> Running in 916163ad71f7
Removing intermediate container 916163ad71f7
 ---> 054defe74cf6
Step 14/14 : ENTRYPOINT ["python", "-m", "alibiexplainer"]
 ---> Running in 38d42cfdc037
Removing intermediate container 38d42cfdc037
 ---> 93633e0e5cf1
Successfully built 93633e0e5cf1
Successfully tagged seldonio/alibiexplainer:1.2.3-dev
kind load docker-image seldonio/alibiexplainer:1.2.3-dev
Image: "seldonio/alibiexplainer:1.2.3-dev" with ID "sha256:93633e0e5cf14625000e6f9cbc79e26b388bac94459dbe66e4051be4bbd10f40" not present on node "kind-worker"
Image: "seldonio/alibiexplainer:1.2.3-dev" with ID "sha256:93633e0e5cf14625000e6f9cbc79e26b388bac94459dbe66e4051be4bbd10f40" not present on node "kind-control-plane"
make[1]: Leaving directory '/workspace/source/components/alibi-explain-server'
Files changed in alibi folder:
components/alibi-detect-server/requirements_server.txt
cd ../../components/alibi-detect-server && make kind_load
make[1]: Entering directory '/workspace/source/components/alibi-detect-server'
docker build -f Dockerfile -t seldonio/alibi-detect-server:1.2.3-dev .
Sending build context to Docker daemon  130.6kB
Step 1/15 : FROM registry.access.redhat.com/ubi8/python-36
 ---> b6155b8cda24
Step 2/15 : LABEL name="Seldon Alibi Detect Server"       vendor="Seldon Technologies"       version="1.2.3-dev"       release="1"       summary="Alibi Detect Server for Seldon Core"       description="The Alibi Detect Server provides outlier, drift and adversarial detection services for Seldon Core"
 ---> Running in d18ae0bb5dd5
Removing intermediate container d18ae0bb5dd5
 ---> 80e3be61e847
Step 3/15 : ADD requirements_server.txt .
 ---> 7ff360804aad
Step 4/15 : RUN pip install pip -U
 ---> Running in 93339296abfc
Collecting pip
  Downloading https://files.pythonhosted.org/packages/4e/5f/528232275f6509b1fff703c9280e58951a81abe24640905de621c9f81839/pip-20.2.3-py2.py3-none-any.whl (1.5MB)
Installing collected packages: pip
  Found existing installation: pip 9.0.3
    Uninstalling pip-9.0.3:
      Successfully uninstalled pip-9.0.3
Successfully installed pip-20.2.3
Removing intermediate container 93339296abfc
 ---> b7e0805e973c
Step 5/15 : RUN pip install -r requirements_server.txt
 ---> Running in 4da41091aa42
Collecting kfserving==0.3.0.1
  Downloading kfserving-0.3.0.1-py3-none-any.whl (83 kB)
Collecting alibi-detect==0.4.2
  Downloading alibi_detect-0.4.2-py3-none-any.whl (142 kB)
Collecting fbprophet==0.6
  Downloading fbprophet-0.6.tar.gz (54 kB)
Collecting holidays==0.9.11
  Downloading holidays-0.9.11.tar.gz (81 kB)
Collecting adal>=1.2.2
  Downloading adal-1.2.4-py2.py3-none-any.whl (55 kB)
Collecting certifi>=14.05.14
  Downloading certifi-2020.6.20-py2.py3-none-any.whl (156 kB)
Collecting urllib3>=1.15.1
  Downloading urllib3-1.25.10-py2.py3-none-any.whl (127 kB)
Collecting tornado>=1.4.1
  Downloading tornado-6.0.4.tar.gz (496 kB)
Collecting azure-storage-blob<=2.1.0,>=1.3.0
  Downloading azure_storage_blob-2.1.0-py2.py3-none-any.whl (88 kB)
Collecting argparse>=1.4.0
  Downloading argparse-1.4.0-py2.py3-none-any.whl (23 kB)
Collecting python-dateutil>=2.5.3
  Downloading python_dateutil-2.8.1-py2.py3-none-any.whl (227 kB)
Collecting six>=1.10
  Downloading six-1.15.0-py2.py3-none-any.whl (10 kB)
Requirement already satisfied: setuptools>=21.0.0 in /opt/app-root/lib/python3.6/site-packages (from kfserving==0.3.0.1->-r requirements_server.txt (line 1)) (39.2.0)
Collecting table-logger>=0.3.5
  Downloading table_logger-0.3.6-py3-none-any.whl (14 kB)
Collecting numpy>=1.17.3
  Downloading numpy-1.19.2-cp36-cp36m-manylinux2010_x86_64.whl (14.5 MB)
Collecting minio>=4.0.9
  Downloading minio-6.0.0-py2.py3-none-any.whl (72 kB)
Collecting google-cloud-storage>=1.16.0
  Downloading google_cloud_storage-1.31.0-py2.py3-none-any.whl (88 kB)
Collecting kubernetes==10.0.1
  Downloading kubernetes-10.0.1-py2.py3-none-any.whl (1.5 MB)
Collecting scipy
  Downloading scipy-1.5.2-cp36-cp36m-manylinux1_x86_64.whl (25.9 MB)
Collecting matplotlib
  Downloading matplotlib-3.3.1-cp36-cp36m-manylinux1_x86_64.whl (11.6 MB)
Collecting dask[array]
  Downloading dask-2.26.0-py3-none-any.whl (843 kB)
Collecting tensorflow-probability>=0.8
  Downloading tensorflow_probability-0.11.0-py2.py3-none-any.whl (4.3 MB)
Collecting pandas
  Downloading pandas-1.1.2-cp36-cp36m-manylinux1_x86_64.whl (10.5 MB)
Collecting scikit-image
  Downloading scikit_image-0.17.2-cp36-cp36m-manylinux1_x86_64.whl (12.4 MB)
Collecting scikit-learn
  Downloading scikit_learn-0.23.2-cp36-cp36m-manylinux1_x86_64.whl (6.8 MB)
Collecting creme
  Downloading creme-0.6.1-cp36-cp36m-manylinux2010_x86_64.whl (1.1 MB)
Collecting Pillow
  Downloading Pillow-7.2.0-cp36-cp36m-manylinux1_x86_64.whl (2.2 MB)
Collecting tensorflow>=2
  Downloading tensorflow-2.3.0-cp36-cp36m-manylinux2010_x86_64.whl (320.4 MB)
Collecting opencv-python
  Downloading opencv_python-4.4.0.42-cp36-cp36m-manylinux2014_x86_64.whl (49.4 MB)
Collecting transformers>=2.10.0
  Downloading transformers-3.1.0-py3-none-any.whl (884 kB)
Collecting Cython>=0.22
  Downloading Cython-0.29.21-cp36-cp36m-manylinux1_x86_64.whl (2.0 MB)
Collecting cmdstanpy==0.4
  Downloading cmdstanpy-0.4.0-py3-none-any.whl (22 kB)
Collecting pystan>=2.14
  Downloading pystan-2.19.1.1-cp36-cp36m-manylinux1_x86_64.whl (67.3 MB)
Collecting LunarCalendar>=0.0.9
  Downloading LunarCalendar-0.0.9-py2.py3-none-any.whl (18 kB)
Collecting convertdate>=2.1.2
  Downloading convertdate-2.2.2-py2.py3-none-any.whl (40 kB)
Collecting setuptools-git>=1.2
  Downloading setuptools_git-1.2-py2.py3-none-any.whl (10 kB)
Collecting PyJWT>=1.0.0
  Downloading PyJWT-1.7.1-py2.py3-none-any.whl (18 kB)
Collecting requests>=2.0.0
  Downloading requests-2.24.0-py2.py3-none-any.whl (61 kB)
Collecting cryptography>=1.1.0
  Downloading cryptography-3.1-cp35-abi3-manylinux2010_x86_64.whl (2.6 MB)
Collecting azure-common>=1.1.5
  Downloading azure_common-1.1.25-py2.py3-none-any.whl (12 kB)
Collecting azure-storage-common~=2.1
  Downloading azure_storage_common-2.1.0-py2.py3-none-any.whl (47 kB)
Collecting pytz
  Downloading pytz-2020.1-py2.py3-none-any.whl (510 kB)
Collecting configparser
  Downloading configparser-5.0.0-py3-none-any.whl (22 kB)
Collecting google-resumable-media<2.0dev,>=1.0.0
  Downloading google_resumable_media-1.0.0-py2.py3-none-any.whl (42 kB)
Collecting google-auth<2.0dev,>=1.11.0
  Downloading google_auth-1.21.1-py2.py3-none-any.whl (93 kB)
Collecting google-cloud-core<2.0dev,>=1.4.1
  Downloading google_cloud_core-1.4.1-py2.py3-none-any.whl (26 kB)
Collecting requests-oauthlib
  Downloading requests_oauthlib-1.3.0-py2.py3-none-any.whl (23 kB)
Collecting websocket-client!=0.40.0,!=0.41.*,!=0.42.*,>=0.32.0
  Downloading websocket_client-0.57.0-py2.py3-none-any.whl (200 kB)
Collecting pyyaml>=3.12
  Downloading PyYAML-5.3.1.tar.gz (269 kB)
Collecting kiwisolver>=1.0.1
  Downloading kiwisolver-1.2.0-cp36-cp36m-manylinux1_x86_64.whl (88 kB)
Collecting pyparsing!=2.0.4,!=2.1.2,!=2.1.6,>=2.0.3
  Downloading pyparsing-2.4.7-py2.py3-none-any.whl (67 kB)
Collecting cycler>=0.10
  Downloading cycler-0.10.0-py2.py3-none-any.whl (6.5 kB)
Collecting toolz>=0.8.2; extra == "array"
  Downloading toolz-0.10.0.tar.gz (49 kB)
Collecting decorator
  Downloading decorator-4.4.2-py2.py3-none-any.whl (9.2 kB)
Collecting dm-tree
  Downloading dm_tree-0.1.5-cp36-cp36m-manylinux1_x86_64.whl (294 kB)
Collecting gast>=0.3.2
  Downloading gast-0.4.0-py3-none-any.whl (9.8 kB)
Collecting cloudpickle==1.3
  Downloading cloudpickle-1.3.0-py2.py3-none-any.whl (26 kB)
Collecting PyWavelets>=1.1.1
  Downloading PyWavelets-1.1.1-cp36-cp36m-manylinux1_x86_64.whl (4.4 MB)
Collecting networkx>=2.0
  Downloading networkx-2.5-py3-none-any.whl (1.6 MB)
Collecting imageio>=2.3.0
  Downloading imageio-2.9.0-py3-none-any.whl (3.3 MB)
Collecting tifffile>=2019.7.26
  Downloading tifffile-2020.9.3-py3-none-any.whl (148 kB)
Collecting joblib>=0.11
  Downloading joblib-0.16.0-py3-none-any.whl (300 kB)
Collecting threadpoolctl>=2.0.0
  Downloading threadpoolctl-2.1.0-py3-none-any.whl (12 kB)
Collecting mmh3==2.5.1
  Downloading mmh3-2.5.1.tar.gz (9.8 kB)
Collecting keras-preprocessing<1.2,>=1.1.1
  Downloading Keras_Preprocessing-1.1.2-py2.py3-none-any.whl (42 kB)
Collecting wrapt>=1.11.1
  Downloading wrapt-1.12.1.tar.gz (27 kB)
Collecting absl-py>=0.7.0
  Downloading absl_py-0.10.0-py3-none-any.whl (127 kB)
Collecting protobuf>=3.9.2
  Downloading protobuf-3.13.0-cp36-cp36m-manylinux1_x86_64.whl (1.3 MB)
Collecting termcolor>=1.1.0
  Downloading termcolor-1.1.0.tar.gz (3.9 kB)
Collecting tensorboard<3,>=2.3.0
  Downloading tensorboard-2.3.0-py3-none-any.whl (6.8 MB)
Collecting tensorflow-estimator<2.4.0,>=2.3.0
  Downloading tensorflow_estimator-2.3.0-py2.py3-none-any.whl (459 kB)
Requirement already satisfied: wheel>=0.26 in /opt/app-root/lib/python3.6/site-packages (from tensorflow>=2->alibi-detect==0.4.2->-r requirements_server.txt (line 2)) (0.31.1)
Collecting astunparse==1.6.3
  Downloading astunparse-1.6.3-py2.py3-none-any.whl (12 kB)
Collecting grpcio>=1.8.6
  Downloading grpcio-1.32.0-cp36-cp36m-manylinux2014_x86_64.whl (3.8 MB)
Collecting google-pasta>=0.1.8
  Downloading google_pasta-0.2.0-py3-none-any.whl (57 kB)
Collecting h5py<2.11.0,>=2.10.0
  Downloading h5py-2.10.0-cp36-cp36m-manylinux1_x86_64.whl (2.9 MB)
Collecting opt-einsum>=2.3.2
  Downloading opt_einsum-3.3.0-py3-none-any.whl (65 kB)
Collecting sacremoses
  Downloading sacremoses-0.0.43.tar.gz (883 kB)
Collecting tokenizers==0.8.1.rc2
  Downloading tokenizers-0.8.1rc2-cp36-cp36m-manylinux1_x86_64.whl (3.0 MB)
Collecting sentencepiece!=0.1.92
  Downloading sentencepiece-0.1.91-cp36-cp36m-manylinux1_x86_64.whl (1.1 MB)
Collecting dataclasses; python_version < "3.7"
  Downloading dataclasses-0.7-py3-none-any.whl (18 kB)
Collecting tqdm>=4.27
  Downloading tqdm-4.49.0-py2.py3-none-any.whl (69 kB)
Collecting regex!=2019.12.17
  Downloading regex-2020.7.14-cp36-cp36m-manylinux2010_x86_64.whl (660 kB)
Collecting filelock
  Downloading filelock-3.0.12-py3-none-any.whl (7.6 kB)
Collecting packaging
  Downloading packaging-20.4-py2.py3-none-any.whl (37 kB)
Collecting ephem>=3.7.5.3
  Downloading ephem-3.7.7.1-cp36-cp36m-manylinux2010_x86_64.whl (1.2 MB)
Collecting pymeeus<=1,>=0.3.6
  Downloading PyMeeus-0.3.7.tar.gz (732 kB)
Collecting chardet<4,>=3.0.2
  Downloading chardet-3.0.4-py2.py3-none-any.whl (133 kB)
Collecting idna<3,>=2.5
  Downloading idna-2.10-py2.py3-none-any.whl (58 kB)
Collecting cffi!=1.11.3,>=1.8
  Downloading cffi-1.14.2-cp36-cp36m-manylinux1_x86_64.whl (400 kB)
Collecting google-crc32c<2.0dev,>=1.0; python_version >= "3.5"
  Downloading google_crc32c-1.0.0-cp36-cp36m-manylinux2010_x86_64.whl (39 kB)
Collecting cachetools<5.0,>=2.0.0
  Downloading cachetools-4.1.1-py3-none-any.whl (10 kB)
Collecting pyasn1-modules>=0.2.1
  Downloading pyasn1_modules-0.2.8-py2.py3-none-any.whl (155 kB)
Collecting rsa<5,>=3.1.4; python_version >= "3.5"
  Downloading rsa-4.6-py3-none-any.whl (47 kB)
Collecting google-api-core<2.0.0dev,>=1.19.0
  Downloading google_api_core-1.22.2-py2.py3-none-any.whl (91 kB)
Collecting oauthlib>=3.0.0
  Downloading oauthlib-3.1.0-py2.py3-none-any.whl (147 kB)
Collecting werkzeug>=0.11.15
  Downloading Werkzeug-1.0.1-py2.py3-none-any.whl (298 kB)
Collecting google-auth-oauthlib<0.5,>=0.4.1
  Downloading google_auth_oauthlib-0.4.1-py2.py3-none-any.whl (18 kB)
Collecting markdown>=2.6.8
  Downloading Markdown-3.2.2-py3-none-any.whl (88 kB)
Collecting tensorboard-plugin-wit>=1.6.0
  Downloading tensorboard_plugin_wit-1.7.0-py3-none-any.whl (779 kB)
Collecting click
  Downloading click-7.1.2-py2.py3-none-any.whl (82 kB)
Collecting pycparser
  Downloading pycparser-2.20-py2.py3-none-any.whl (112 kB)
Collecting pyasn1<0.5.0,>=0.4.6
  Downloading pyasn1-0.4.8-py2.py3-none-any.whl (77 kB)
Collecting googleapis-common-protos<2.0dev,>=1.6.0
  Downloading googleapis_common_protos-1.52.0-py2.py3-none-any.whl (100 kB)
Collecting importlib-metadata; python_version < "3.8"
  Downloading importlib_metadata-1.7.0-py2.py3-none-any.whl (31 kB)
Collecting zipp>=0.5
  Downloading zipp-3.1.0-py3-none-any.whl (4.9 kB)
Building wheels for collected packages: fbprophet, holidays, tornado, pyyaml, toolz, mmh3, wrapt, termcolor, sacremoses, pymeeus
  Building wheel for fbprophet (setup.py): started
  Building wheel for fbprophet (setup.py): finished with status 'error'
[91m  ERROR: Command errored out with exit status 1:
   command: /opt/app-root/bin/python3.6 -u -c 'import sys, setuptools, tokenize; sys.argv[0] = '"'"'/tmp/pip-install-169ealao/fbprophet/setup.py'"'"'; __file__='"'"'/tmp/pip-install-169ealao/fbprophet/setup.py'"'"';f=getattr(tokenize, '"'"'open'"'"', open)(__file__);code=f.read().replace('"'"'\r\n'"'"', '"'"'\n'"'"');f.close();exec(compile(code, __file__, '"'"'exec'"'"'))' bdist_wheel -d /tmp/pip-wheel-lud_y15k
       cwd: /tmp/pip-install-169ealao/fbprophet/
  Complete output (40 lines):
  running bdist_wheel
  running build
  running build_py
  creating build
  creating build/lib
  creating build/lib/fbprophet
  creating build/lib/fbprophet/stan_model
  Traceback (most recent call last):
    File "<string>", line 1, in <module>
    File "/tmp/pip-install-169ealao/fbprophet/setup.py", line 148, in <module>
      """
    File "/opt/app-root/lib/python3.6/site-packages/setuptools/__init__.py", line 129, in setup
      return distutils.core.setup(**attrs)
    File "/usr/lib64/python3.6/distutils/core.py", line 148, in setup
      dist.run_commands()
    File "/usr/lib64/python3.6/distutils/dist.py", line 955, in run_commands
      self.run_command(cmd)
    File "/usr/lib64/python3.6/distutils/dist.py", line 974, in run_command
      cmd_obj.run()
    File "/opt/app-root/lib/python3.6/site-packages/wheel/bdist_wheel.py", line 201, in run
      self.run_command('build')
    File "/usr/lib64/python3.6/distutils/cmd.py", line 313, in run_command
      self.distribution.run_command(command)
    File "/usr/lib64/python3.6/distutils/dist.py", line 974, in run_command
      cmd_obj.run()
    File "/usr/lib64/python3.6/distutils/command/build.py", line 135, in run
      self.run_command(cmd_name)
    File "/usr/lib64/python3.6/distutils/cmd.py", line 313, in run_command
      self.distribution.run_command(command)
    File "/usr/lib64/python3.6/distutils/dist.py", line 974, in run_command
      cmd_obj.run()
    File "/tmp/pip-install-169ealao/fbprophet/setup.py", line 48, in run
      build_models(target_dir)
    File "/tmp/pip-install-169ealao/fbprophet/setup.py", line 36, in build_models
      from fbprophet.models import StanBackendEnum
    File "/tmp/pip-install-169ealao/fbprophet/fbprophet/__init__.py", line 8, in <module>
      from fbprophet.forecaster import Prophet
    File "/tmp/pip-install-169ealao/fbprophet/fbprophet/forecaster.py", line 14, in <module>
      import numpy as np
  ModuleNotFoundError: No module named 'numpy'
  ----------------------------------------
[0m[91m  ERROR: Failed building wheel for fbprophet
[0m  Running setup.py clean for fbprophet
  Building wheel for holidays (setup.py): started
  Building wheel for holidays (setup.py): finished with status 'done'
  Created wheel for holidays: filename=holidays-0.9.11-py3-none-any.whl size=43936 sha256=934491c318feb847f87968b70d964fa6c8ceb75749fd027d8005a0e2337e69bc
  Stored in directory: /tmp/pip-ephem-wheel-cache-95qks5e7/wheels/8b/05/14/02819ebeabc15200adf7087844165616193c4d48c35442f38c
  Building wheel for tornado (setup.py): started
  Building wheel for tornado (setup.py): finished with status 'done'
  Created wheel for tornado: filename=tornado-6.0.4-cp36-cp36m-linux_x86_64.whl size=428276 sha256=7982e02c2b33f2442f81366e4343c919cd6964c226b0a2c9c36c5c30f98bfca0
  Stored in directory: /tmp/pip-ephem-wheel-cache-95qks5e7/wheels/37/a7/db/2d592e44029ef817f3ef63ea991db34191cebaef087a96f505
  Building wheel for pyyaml (setup.py): started
  Building wheel for pyyaml (setup.py): finished with status 'done'
  Created wheel for pyyaml: filename=PyYAML-5.3.1-cp36-cp36m-linux_x86_64.whl size=44632 sha256=1568f5e71eb6fced1b6f1ff4e53c4981c02bb762c3edacd3eb637009fcc85d69
  Stored in directory: /tmp/pip-ephem-wheel-cache-95qks5e7/wheels/e5/9d/ad/2ee53cf262cba1ffd8afe1487eef788ea3f260b7e6232a80fc
  Building wheel for toolz (setup.py): started
  Building wheel for toolz (setup.py): finished with status 'done'
  Created wheel for toolz: filename=toolz-0.10.0-py3-none-any.whl size=54600 sha256=d939aef51f4f04eb279ffd9baa9a7ad7411e73d21c63fe2cc92dfa930f478452
  Stored in directory: /tmp/pip-ephem-wheel-cache-95qks5e7/wheels/fc/da/2e/27e381e9cfc922d078a0a750c7ec72e76df66100e81722516d
  Building wheel for mmh3 (setup.py): started
  Building wheel for mmh3 (setup.py): finished with status 'done'
  Created wheel for mmh3: filename=mmh3-2.5.1-cp36-cp36m-linux_x86_64.whl size=47773 sha256=04886f0d8a0c5e0469a1171679f0dd503e3623d7cc18e2f9c97bd41b338e444c
  Stored in directory: /tmp/pip-ephem-wheel-cache-95qks5e7/wheels/cc/3a/98/fc5e7f8e1840cf6dcf2435260b29661db90a0b22dbd2739df6
  Building wheel for wrapt (setup.py): started
  Building wheel for wrapt (setup.py): finished with status 'done'
  Created wheel for wrapt: filename=wrapt-1.12.1-cp36-cp36m-linux_x86_64.whl size=72125 sha256=aa9ea7c6aed177058a38784c0f7e9b1ba1f456ff1ea0d8efbdb50bb474755979
  Stored in directory: /tmp/pip-ephem-wheel-cache-95qks5e7/wheels/32/42/7f/23cae9ff6ef66798d00dc5d659088e57dbba01566f6c60db63
  Building wheel for termcolor (setup.py): started
  Building wheel for termcolor (setup.py): finished with status 'done'
  Created wheel for termcolor: filename=termcolor-1.1.0-py3-none-any.whl size=4001 sha256=5a1a8cc05d915ec3793e4ad18703968a967752202cf1ec0160e52dc11b4e49bc
  Stored in directory: /tmp/pip-ephem-wheel-cache-95qks5e7/wheels/93/2a/eb/e58dbcbc963549ee4f065ff80a59f274cc7210b6eab962acdc
  Building wheel for sacremoses (setup.py): started
  Building wheel for sacremoses (setup.py): finished with status 'done'
  Created wheel for sacremoses: filename=sacremoses-0.0.43-py3-none-any.whl size=893264 sha256=38a2e119e03e078f244976246c34fb0ba2f07148ac361dd5cac553948e5b5220
  Stored in directory: /tmp/pip-ephem-wheel-cache-95qks5e7/wheels/49/25/98/cdea9c79b2d9a22ccc59540b1784b67f06b633378e97f58da2
  Building wheel for pymeeus (setup.py): started
  Building wheel for pymeeus (setup.py): finished with status 'done'
  Created wheel for pymeeus: filename=PyMeeus-0.3.7-py3-none-any.whl size=687743 sha256=b8a9d83d6f2d41f89ec72e982df438c2237ded705ed3d682cc5181d77fcce95a
  Stored in directory: /tmp/pip-ephem-wheel-cache-95qks5e7/wheels/e9/c3/07/d32faf16682e2cd245be46e4c54053c8c82fa9762f4a4bcc63
Successfully built holidays tornado pyyaml toolz mmh3 wrapt termcolor sacremoses pymeeus
Failed to build fbprophet
Installing collected packages: PyJWT, urllib3, chardet, idna, certifi, requests, six, python-dateutil, pycparser, cffi, cryptography, adal, tornado, azure-common, azure-storage-common, azure-storage-blob, argparse, numpy, table-logger, pytz, configparser, minio, google-crc32c, google-resumable-media, cachetools, pyasn1, pyasn1-modules, rsa, google-auth, protobuf, googleapis-common-protos, google-api-core, google-cloud-core, google-cloud-storage, oauthlib, requests-oauthlib, websocket-client, pyyaml, kubernetes, kfserving, scipy, kiwisolver, Pillow, pyparsing, cycler, matplotlib, toolz, dask, decorator, dm-tree, gast, cloudpickle, tensorflow-probability, pandas, PyWavelets, networkx, imageio, tifffile, scikit-image, joblib, threadpoolctl, scikit-learn, mmh3, creme, Cython, cmdstanpy, pystan, ephem, LunarCalendar, pymeeus, convertdate, holidays, setuptools-git, fbprophet, keras-preprocessing, wrapt, absl-py, termcolor, werkzeug, google-auth-oauthlib, zipp, importlib-metadata, markdown, grpcio, tensorboard-plugin-wit, tensorboard, tensorflow-estimator, astunparse, google-pasta, h5py, opt-einsum, tensorflow, opencv-python, regex, click, tqdm, sacremoses, tokenizers, sentencepiece, dataclasses, filelock, packaging, transformers, alibi-detect
    Running setup.py install for fbprophet: started
    Running setup.py install for fbprophet: still running...
    Running setup.py install for fbprophet: finished with status 'done'
[91m  DEPRECATION: fbprophet was installed using the legacy 'setup.py install' method, because a wheel could not be built for it. pip 21.0 will remove support for this functionality. A possible replacement is to fix the wheel build issue reported above. You can find discussion regarding this at https://github.com/pypa/pip/issues/8368.
[0m[91mERROR: After October 2020 you may experience errors when installing or updating packages. This is because pip will change the way that it resolves dependency conflicts.

We recommend you use --use-feature=2020-resolver to test your packages with the new resolver before it becomes the default.

google-auth 1.21.1 requires setuptools>=40.3.0, but you'll have setuptools 39.2.0 which is incompatible.
tensorboard 2.3.0 requires setuptools>=41.0.0, but you'll have setuptools 39.2.0 which is incompatible.
tensorflow 2.3.0 requires gast==0.3.3, but you'll have gast 0.4.0 which is incompatible.
tensorflow 2.3.0 requires numpy<1.19.0,>=1.16.0, but you'll have numpy 1.19.2 which is incompatible.
tensorflow 2.3.0 requires scipy==1.4.1, but you'll have scipy 1.5.2 which is incompatible.
[0mSuccessfully installed Cython-0.29.21 LunarCalendar-0.0.9 Pillow-7.2.0 PyJWT-1.7.1 PyWavelets-1.1.1 absl-py-0.10.0 adal-1.2.4 alibi-detect-0.4.2 argparse-1.4.0 astunparse-1.6.3 azure-common-1.1.25 azure-storage-blob-2.1.0 azure-storage-common-2.1.0 cachetools-4.1.1 certifi-2020.6.20 cffi-1.14.2 chardet-3.0.4 click-7.1.2 cloudpickle-1.3.0 cmdstanpy-0.4.0 configparser-5.0.0 convertdate-2.2.2 creme-0.6.1 cryptography-3.1 cycler-0.10.0 dask-2.26.0 dataclasses-0.7 decorator-4.4.2 dm-tree-0.1.5 ephem-3.7.7.1 fbprophet-0.6 filelock-3.0.12 gast-0.4.0 google-api-core-1.22.2 google-auth-1.21.1 google-auth-oauthlib-0.4.1 google-cloud-core-1.4.1 google-cloud-storage-1.31.0 google-crc32c-1.0.0 google-pasta-0.2.0 google-resumable-media-1.0.0 googleapis-common-protos-1.52.0 grpcio-1.32.0 h5py-2.10.0 holidays-0.9.11 idna-2.10 imageio-2.9.0 importlib-metadata-1.7.0 joblib-0.16.0 keras-preprocessing-1.1.2 kfserving-0.3.0.1 kiwisolver-1.2.0 kubernetes-10.0.1 markdown-3.2.2 matplotlib-3.3.1 minio-6.0.0 mmh3-2.5.1 networkx-2.5 numpy-1.19.2 oauthlib-3.1.0 opencv-python-4.4.0.42 opt-einsum-3.3.0 packaging-20.4 pandas-1.1.2 protobuf-3.13.0 pyasn1-0.4.8 pyasn1-modules-0.2.8 pycparser-2.20 pymeeus-0.3.7 pyparsing-2.4.7 pystan-2.19.1.1 python-dateutil-2.8.1 pytz-2020.1 pyyaml-5.3.1 regex-2020.7.14 requests-2.24.0 requests-oauthlib-1.3.0 rsa-4.6 sacremoses-0.0.43 scikit-image-0.17.2 scikit-learn-0.23.2 scipy-1.5.2 sentencepiece-0.1.91 setuptools-git-1.2 six-1.15.0 table-logger-0.3.6 tensorboard-2.3.0 tensorboard-plugin-wit-1.7.0 tensorflow-2.3.0 tensorflow-estimator-2.3.0 tensorflow-probability-0.11.0 termcolor-1.1.0 threadpoolctl-2.1.0 tifffile-2020.9.3 tokenizers-0.8.1rc2 toolz-0.10.0 tornado-6.0.4 tqdm-4.49.0 transformers-3.1.0 urllib3-1.25.10 websocket-client-0.57.0 werkzeug-1.0.1 wrapt-1.12.1 zipp-3.1.0
Removing intermediate container 4da41091aa42
 ---> fab1542756b5
Step 6/15 : RUN git clone --branch 24-extensions https://github.com/ryandawsonuk/sdk-python.git &&     cd sdk-python &&     pip install -e .
 ---> Running in dabbb127d2c4
[91mCloning into 'sdk-python'...
[0mObtaining file:///opt/app-root/src/sdk-python
Installing collected packages: cloudevents
  Running setup.py develop for cloudevents
Successfully installed cloudevents
Removing intermediate container dabbb127d2c4
 ---> abbbfd3a07ec
Step 7/15 : COPY adserver adserver
 ---> 2f5e8ed5469e
Step 8/15 : COPY setup.py .
 ---> 2e1d480f0e8a
Step 9/15 : RUN pip install -e .
 ---> Running in e6e76467f946
Obtaining file:///opt/app-root/src
Requirement already satisfied: alibi-detect in /opt/app-root/lib/python3.6/site-packages (from adserver==0.1.0) (0.4.2)
Requirement already satisfied: kfserving>=0.2.0 in /opt/app-root/lib/python3.6/site-packages (from adserver==0.1.0) (0.3.0.1)
Requirement already satisfied: argparse>=1.4.0 in /opt/app-root/lib/python3.6/site-packages (from adserver==0.1.0) (1.4.0)
Requirement already satisfied: numpy>=1.8.2 in /opt/app-root/lib/python3.6/site-packages (from adserver==0.1.0) (1.19.2)
Requirement already satisfied: cloudevents in ./sdk-python (from adserver==0.1.0) (0.0.1.dev32)
Requirement already satisfied: fbprophet<0.7,>=0.5 in /opt/app-root/lib/python3.6/site-packages (from alibi-detect->adserver==0.1.0) (0.6)
Requirement already satisfied: Pillow in /opt/app-root/lib/python3.6/site-packages (from alibi-detect->adserver==0.1.0) (7.2.0)
Requirement already satisfied: opencv-python in /opt/app-root/lib/python3.6/site-packages (from alibi-detect->adserver==0.1.0) (4.4.0.42)
Requirement already satisfied: scikit-learn in /opt/app-root/lib/python3.6/site-packages (from alibi-detect->adserver==0.1.0) (0.23.2)
Requirement already satisfied: tensorflow-probability>=0.8 in /opt/app-root/lib/python3.6/site-packages (from alibi-detect->adserver==0.1.0) (0.11.0)
Requirement already satisfied: scipy in /opt/app-root/lib/python3.6/site-packages (from alibi-detect->adserver==0.1.0) (1.5.2)
Requirement already satisfied: creme in /opt/app-root/lib/python3.6/site-packages (from alibi-detect->adserver==0.1.0) (0.6.1)
Requirement already satisfied: scikit-image in /opt/app-root/lib/python3.6/site-packages (from alibi-detect->adserver==0.1.0) (0.17.2)
Requirement already satisfied: transformers>=2.10.0 in /opt/app-root/lib/python3.6/site-packages (from alibi-detect->adserver==0.1.0) (3.1.0)
Requirement already satisfied: pandas in /opt/app-root/lib/python3.6/site-packages (from alibi-detect->adserver==0.1.0) (1.1.2)
Requirement already satisfied: holidays==0.9.11 in /opt/app-root/lib/python3.6/site-packages (from alibi-detect->adserver==0.1.0) (0.9.11)
Requirement already satisfied: matplotlib in /opt/app-root/lib/python3.6/site-packages (from alibi-detect->adserver==0.1.0) (3.3.1)
Requirement already satisfied: tensorflow>=2 in /opt/app-root/lib/python3.6/site-packages (from alibi-detect->adserver==0.1.0) (2.3.0)
Requirement already satisfied: dask[array] in /opt/app-root/lib/python3.6/site-packages (from alibi-detect->adserver==0.1.0) (2.26.0)
Requirement already satisfied: certifi>=14.05.14 in /opt/app-root/lib/python3.6/site-packages (from kfserving>=0.2.0->adserver==0.1.0) (2020.6.20)
Requirement already satisfied: kubernetes==10.0.1 in /opt/app-root/lib/python3.6/site-packages (from kfserving>=0.2.0->adserver==0.1.0) (10.0.1)
Requirement already satisfied: urllib3>=1.15.1 in /opt/app-root/lib/python3.6/site-packages (from kfserving>=0.2.0->adserver==0.1.0) (1.25.10)
Requirement already satisfied: google-cloud-storage>=1.16.0 in /opt/app-root/lib/python3.6/site-packages (from kfserving>=0.2.0->adserver==0.1.0) (1.31.0)
Requirement already satisfied: adal>=1.2.2 in /opt/app-root/lib/python3.6/site-packages (from kfserving>=0.2.0->adserver==0.1.0) (1.2.4)
Requirement already satisfied: setuptools>=21.0.0 in /opt/app-root/lib/python3.6/site-packages (from kfserving>=0.2.0->adserver==0.1.0) (39.2.0)
Requirement already satisfied: azure-storage-blob<=2.1.0,>=1.3.0 in /opt/app-root/lib/python3.6/site-packages (from kfserving>=0.2.0->adserver==0.1.0) (2.1.0)
Requirement already satisfied: table-logger>=0.3.5 in /opt/app-root/lib/python3.6/site-packages (from kfserving>=0.2.0->adserver==0.1.0) (0.3.6)
Requirement already satisfied: tornado>=1.4.1 in /opt/app-root/lib/python3.6/site-packages (from kfserving>=0.2.0->adserver==0.1.0) (6.0.4)
Requirement already satisfied: six>=1.10 in /opt/app-root/lib/python3.6/site-packages (from kfserving>=0.2.0->adserver==0.1.0) (1.15.0)
Requirement already satisfied: python-dateutil>=2.5.3 in /opt/app-root/lib/python3.6/site-packages (from kfserving>=0.2.0->adserver==0.1.0) (2.8.1)
Requirement already satisfied: minio>=4.0.9 in /opt/app-root/lib/python3.6/site-packages (from kfserving>=0.2.0->adserver==0.1.0) (6.0.0)
Requirement already satisfied: Cython>=0.22 in /opt/app-root/lib/python3.6/site-packages (from fbprophet<0.7,>=0.5->alibi-detect->adserver==0.1.0) (0.29.21)
Requirement already satisfied: cmdstanpy==0.4 in /opt/app-root/lib/python3.6/site-packages (from fbprophet<0.7,>=0.5->alibi-detect->adserver==0.1.0) (0.4.0)
Requirement already satisfied: pystan>=2.14 in /opt/app-root/lib/python3.6/site-packages (from fbprophet<0.7,>=0.5->alibi-detect->adserver==0.1.0) (2.19.1.1)
Requirement already satisfied: LunarCalendar>=0.0.9 in /opt/app-root/lib/python3.6/site-packages (from fbprophet<0.7,>=0.5->alibi-detect->adserver==0.1.0) (0.0.9)
Requirement already satisfied: convertdate>=2.1.2 in /opt/app-root/lib/python3.6/site-packages (from fbprophet<0.7,>=0.5->alibi-detect->adserver==0.1.0) (2.2.2)
Requirement already satisfied: setuptools-git>=1.2 in /opt/app-root/lib/python3.6/site-packages (from fbprophet<0.7,>=0.5->alibi-detect->adserver==0.1.0) (1.2)
Requirement already satisfied: threadpoolctl>=2.0.0 in /opt/app-root/lib/python3.6/site-packages (from scikit-learn->alibi-detect->adserver==0.1.0) (2.1.0)
Requirement already satisfied: joblib>=0.11 in /opt/app-root/lib/python3.6/site-packages (from scikit-learn->alibi-detect->adserver==0.1.0) (0.16.0)
Requirement already satisfied: cloudpickle==1.3 in /opt/app-root/lib/python3.6/site-packages (from tensorflow-probability>=0.8->alibi-detect->adserver==0.1.0) (1.3.0)
Requirement already satisfied: gast>=0.3.2 in /opt/app-root/lib/python3.6/site-packages (from tensorflow-probability>=0.8->alibi-detect->adserver==0.1.0) (0.4.0)
Requirement already satisfied: dm-tree in /opt/app-root/lib/python3.6/site-packages (from tensorflow-probability>=0.8->alibi-detect->adserver==0.1.0) (0.1.5)
Requirement already satisfied: decorator in /opt/app-root/lib/python3.6/site-packages (from tensorflow-probability>=0.8->alibi-detect->adserver==0.1.0) (4.4.2)
Requirement already satisfied: mmh3==2.5.1 in /opt/app-root/lib/python3.6/site-packages (from creme->alibi-detect->adserver==0.1.0) (2.5.1)
Requirement already satisfied: imageio>=2.3.0 in /opt/app-root/lib/python3.6/site-packages (from scikit-image->alibi-detect->adserver==0.1.0) (2.9.0)
Requirement already satisfied: tifffile>=2019.7.26 in /opt/app-root/lib/python3.6/site-packages (from scikit-image->alibi-detect->adserver==0.1.0) (2020.9.3)
Requirement already satisfied: PyWavelets>=1.1.1 in /opt/app-root/lib/python3.6/site-packages (from scikit-image->alibi-detect->adserver==0.1.0) (1.1.1)
Requirement already satisfied: networkx>=2.0 in /opt/app-root/lib/python3.6/site-packages (from scikit-image->alibi-detect->adserver==0.1.0) (2.5)
Requirement already satisfied: packaging in /opt/app-root/lib/python3.6/site-packages (from transformers>=2.10.0->alibi-detect->adserver==0.1.0) (20.4)
Requirement already satisfied: requests in /opt/app-root/lib/python3.6/site-packages (from transformers>=2.10.0->alibi-detect->adserver==0.1.0) (2.24.0)
Requirement already satisfied: sacremoses in /opt/app-root/lib/python3.6/site-packages (from transformers>=2.10.0->alibi-detect->adserver==0.1.0) (0.0.43)
Requirement already satisfied: dataclasses; python_version < "3.7" in /opt/app-root/lib/python3.6/site-packages (from transformers>=2.10.0->alibi-detect->adserver==0.1.0) (0.7)
Requirement already satisfied: tqdm>=4.27 in /opt/app-root/lib/python3.6/site-packages (from transformers>=2.10.0->alibi-detect->adserver==0.1.0) (4.49.0)
Requirement already satisfied: filelock in /opt/app-root/lib/python3.6/site-packages (from transformers>=2.10.0->alibi-detect->adserver==0.1.0) (3.0.12)
Requirement already satisfied: sentencepiece!=0.1.92 in /opt/app-root/lib/python3.6/site-packages (from transformers>=2.10.0->alibi-detect->adserver==0.1.0) (0.1.91)
Requirement already satisfied: regex!=2019.12.17 in /opt/app-root/lib/python3.6/site-packages (from transformers>=2.10.0->alibi-detect->adserver==0.1.0) (2020.7.14)
Requirement already satisfied: tokenizers==0.8.1.rc2 in /opt/app-root/lib/python3.6/site-packages (from transformers>=2.10.0->alibi-detect->adserver==0.1.0) (0.8.1rc2)
Requirement already satisfied: pytz>=2017.2 in /opt/app-root/lib/python3.6/site-packages (from pandas->alibi-detect->adserver==0.1.0) (2020.1)
Requirement already satisfied: pyparsing!=2.0.4,!=2.1.2,!=2.1.6,>=2.0.3 in /opt/app-root/lib/python3.6/site-packages (from matplotlib->alibi-detect->adserver==0.1.0) (2.4.7)
Requirement already satisfied: kiwisolver>=1.0.1 in /opt/app-root/lib/python3.6/site-packages (from matplotlib->alibi-detect->adserver==0.1.0) (1.2.0)
Requirement already satisfied: cycler>=0.10 in /opt/app-root/lib/python3.6/site-packages (from matplotlib->alibi-detect->adserver==0.1.0) (0.10.0)
Requirement already satisfied: termcolor>=1.1.0 in /opt/app-root/lib/python3.6/site-packages (from tensorflow>=2->alibi-detect->adserver==0.1.0) (1.1.0)
Requirement already satisfied: google-pasta>=0.1.8 in /opt/app-root/lib/python3.6/site-packages (from tensorflow>=2->alibi-detect->adserver==0.1.0) (0.2.0)
Requirement already satisfied: opt-einsum>=2.3.2 in /opt/app-root/lib/python3.6/site-packages (from tensorflow>=2->alibi-detect->adserver==0.1.0) (3.3.0)
Requirement already satisfied: wheel>=0.26 in /opt/app-root/lib/python3.6/site-packages (from tensorflow>=2->alibi-detect->adserver==0.1.0) (0.31.1)
Requirement already satisfied: tensorflow-estimator<2.4.0,>=2.3.0 in /opt/app-root/lib/python3.6/site-packages (from tensorflow>=2->alibi-detect->adserver==0.1.0) (2.3.0)
Requirement already satisfied: wrapt>=1.11.1 in /opt/app-root/lib/python3.6/site-packages (from tensorflow>=2->alibi-detect->adserver==0.1.0) (1.12.1)
Requirement already satisfied: absl-py>=0.7.0 in /opt/app-root/lib/python3.6/site-packages (from tensorflow>=2->alibi-detect->adserver==0.1.0) (0.10.0)
Requirement already satisfied: grpcio>=1.8.6 in /opt/app-root/lib/python3.6/site-packages (from tensorflow>=2->alibi-detect->adserver==0.1.0) (1.32.0)
Requirement already satisfied: h5py<2.11.0,>=2.10.0 in /opt/app-root/lib/python3.6/site-packages (from tensorflow>=2->alibi-detect->adserver==0.1.0) (2.10.0)
Requirement already satisfied: astunparse==1.6.3 in /opt/app-root/lib/python3.6/site-packages (from tensorflow>=2->alibi-detect->adserver==0.1.0) (1.6.3)
Requirement already satisfied: tensorboard<3,>=2.3.0 in /opt/app-root/lib/python3.6/site-packages (from tensorflow>=2->alibi-detect->adserver==0.1.0) (2.3.0)
Requirement already satisfied: keras-preprocessing<1.2,>=1.1.1 in /opt/app-root/lib/python3.6/site-packages (from tensorflow>=2->alibi-detect->adserver==0.1.0) (1.1.2)
Requirement already satisfied: protobuf>=3.9.2 in /opt/app-root/lib/python3.6/site-packages (from tensorflow>=2->alibi-detect->adserver==0.1.0) (3.13.0)
Requirement already satisfied: pyyaml in /opt/app-root/lib/python3.6/site-packages (from dask[array]->alibi-detect->adserver==0.1.0) (5.3.1)
Requirement already satisfied: toolz>=0.8.2; extra == "array" in /opt/app-root/lib/python3.6/site-packages (from dask[array]->alibi-detect->adserver==0.1.0) (0.10.0)
Requirement already satisfied: websocket-client!=0.40.0,!=0.41.*,!=0.42.*,>=0.32.0 in /opt/app-root/lib/python3.6/site-packages (from kubernetes==10.0.1->kfserving>=0.2.0->adserver==0.1.0) (0.57.0)
Requirement already satisfied: google-auth>=1.0.1 in /opt/app-root/lib/python3.6/site-packages (from kubernetes==10.0.1->kfserving>=0.2.0->adserver==0.1.0) (1.21.1)
Requirement already satisfied: requests-oauthlib in /opt/app-root/lib/python3.6/site-packages (from kubernetes==10.0.1->kfserving>=0.2.0->adserver==0.1.0) (1.3.0)
Requirement already satisfied: google-resumable-media<2.0dev,>=1.0.0 in /opt/app-root/lib/python3.6/site-packages (from google-cloud-storage>=1.16.0->kfserving>=0.2.0->adserver==0.1.0) (1.0.0)
Requirement already satisfied: google-cloud-core<2.0dev,>=1.4.1 in /opt/app-root/lib/python3.6/site-packages (from google-cloud-storage>=1.16.0->kfserving>=0.2.0->adserver==0.1.0) (1.4.1)
Requirement already satisfied: cryptography>=1.1.0 in /opt/app-root/lib/python3.6/site-packages (from adal>=1.2.2->kfserving>=0.2.0->adserver==0.1.0) (3.1)
Requirement already satisfied: PyJWT>=1.0.0 in /opt/app-root/lib/python3.6/site-packages (from adal>=1.2.2->kfserving>=0.2.0->adserver==0.1.0) (1.7.1)
Requirement already satisfied: azure-common>=1.1.5 in /opt/app-root/lib/python3.6/site-packages (from azure-storage-blob<=2.1.0,>=1.3.0->kfserving>=0.2.0->adserver==0.1.0) (1.1.25)
Requirement already satisfied: azure-storage-common~=2.1 in /opt/app-root/lib/python3.6/site-packages (from azure-storage-blob<=2.1.0,>=1.3.0->kfserving>=0.2.0->adserver==0.1.0) (2.1.0)
Requirement already satisfied: configparser in /opt/app-root/lib/python3.6/site-packages (from minio>=4.0.9->kfserving>=0.2.0->adserver==0.1.0) (5.0.0)
Requirement already satisfied: ephem>=3.7.5.3 in /opt/app-root/lib/python3.6/site-packages (from LunarCalendar>=0.0.9->fbprophet<0.7,>=0.5->alibi-detect->adserver==0.1.0) (3.7.7.1)
Requirement already satisfied: pymeeus<=1,>=0.3.6 in /opt/app-root/lib/python3.6/site-packages (from convertdate>=2.1.2->fbprophet<0.7,>=0.5->alibi-detect->adserver==0.1.0) (0.3.7)
Requirement already satisfied: idna<3,>=2.5 in /opt/app-root/lib/python3.6/site-packages (from requests->transformers>=2.10.0->alibi-detect->adserver==0.1.0) (2.10)
Requirement already satisfied: chardet<4,>=3.0.2 in /opt/app-root/lib/python3.6/site-packages (from requests->transformers>=2.10.0->alibi-detect->adserver==0.1.0) (3.0.4)
Requirement already satisfied: click in /opt/app-root/lib/python3.6/site-packages (from sacremoses->transformers>=2.10.0->alibi-detect->adserver==0.1.0) (7.1.2)
Requirement already satisfied: google-auth-oauthlib<0.5,>=0.4.1 in /opt/app-root/lib/python3.6/site-packages (from tensorboard<3,>=2.3.0->tensorflow>=2->alibi-detect->adserver==0.1.0) (0.4.1)
Requirement already satisfied: tensorboard-plugin-wit>=1.6.0 in /opt/app-root/lib/python3.6/site-packages (from tensorboard<3,>=2.3.0->tensorflow>=2->alibi-detect->adserver==0.1.0) (1.7.0)
Requirement already satisfied: werkzeug>=0.11.15 in /opt/app-root/lib/python3.6/site-packages (from tensorboard<3,>=2.3.0->tensorflow>=2->alibi-detect->adserver==0.1.0) (1.0.1)
Requirement already satisfied: markdown>=2.6.8 in /opt/app-root/lib/python3.6/site-packages (from tensorboard<3,>=2.3.0->tensorflow>=2->alibi-detect->adserver==0.1.0) (3.2.2)
Requirement already satisfied: pyasn1-modules>=0.2.1 in /opt/app-root/lib/python3.6/site-packages (from google-auth>=1.0.1->kubernetes==10.0.1->kfserving>=0.2.0->adserver==0.1.0) (0.2.8)
Requirement already satisfied: cachetools<5.0,>=2.0.0 in /opt/app-root/lib/python3.6/site-packages (from google-auth>=1.0.1->kubernetes==10.0.1->kfserving>=0.2.0->adserver==0.1.0) (4.1.1)
Requirement already satisfied: rsa<5,>=3.1.4; python_version >= "3.5" in /opt/app-root/lib/python3.6/site-packages (from google-auth>=1.0.1->kubernetes==10.0.1->kfserving>=0.2.0->adserver==0.1.0) (4.6)
Requirement already satisfied: oauthlib>=3.0.0 in /opt/app-root/lib/python3.6/site-packages (from requests-oauthlib->kubernetes==10.0.1->kfserving>=0.2.0->adserver==0.1.0) (3.1.0)
Requirement already satisfied: google-crc32c<2.0dev,>=1.0; python_version >= "3.5" in /opt/app-root/lib/python3.6/site-packages (from google-resumable-media<2.0dev,>=1.0.0->google-cloud-storage>=1.16.0->kfserving>=0.2.0->adserver==0.1.0) (1.0.0)
Requirement already satisfied: google-api-core<2.0.0dev,>=1.19.0 in /opt/app-root/lib/python3.6/site-packages (from google-cloud-core<2.0dev,>=1.4.1->google-cloud-storage>=1.16.0->kfserving>=0.2.0->adserver==0.1.0) (1.22.2)
Requirement already satisfied: cffi!=1.11.3,>=1.8 in /opt/app-root/lib/python3.6/site-packages (from cryptography>=1.1.0->adal>=1.2.2->kfserving>=0.2.0->adserver==0.1.0) (1.14.2)
Requirement already satisfied: importlib-metadata; python_version < "3.8" in /opt/app-root/lib/python3.6/site-packages (from markdown>=2.6.8->tensorboard<3,>=2.3.0->tensorflow>=2->alibi-detect->adserver==0.1.0) (1.7.0)
Requirement already satisfied: pyasn1<0.5.0,>=0.4.6 in /opt/app-root/lib/python3.6/site-packages (from pyasn1-modules>=0.2.1->google-auth>=1.0.1->kubernetes==10.0.1->kfserving>=0.2.0->adserver==0.1.0) (0.4.8)
Requirement already satisfied: googleapis-common-protos<2.0dev,>=1.6.0 in /opt/app-root/lib/python3.6/site-packages (from google-api-core<2.0.0dev,>=1.19.0->google-cloud-core<2.0dev,>=1.4.1->google-cloud-storage>=1.16.0->kfserving>=0.2.0->adserver==0.1.0) (1.52.0)
Requirement already satisfied: pycparser in /opt/app-root/lib/python3.6/site-packages (from cffi!=1.11.3,>=1.8->cryptography>=1.1.0->adal>=1.2.2->kfserving>=0.2.0->adserver==0.1.0) (2.20)
Requirement already satisfied: zipp>=0.5 in /opt/app-root/lib/python3.6/site-packages (from importlib-metadata; python_version < "3.8"->markdown>=2.6.8->tensorboard<3,>=2.3.0->tensorflow>=2->alibi-detect->adserver==0.1.0) (3.1.0)
Installing collected packages: adserver
  Running setup.py develop for adserver
Successfully installed adserver
Removing intermediate container e6e76467f946
 ---> ae27df30a84a
Step 10/15 : RUN pip install pip-licenses
 ---> Running in 77b230ee8462
Collecting pip-licenses
  Downloading pip_licenses-2.3.0-py3-none-any.whl (14 kB)
Collecting PTable
  Downloading PTable-0.9.2.tar.gz (31 kB)
Building wheels for collected packages: PTable
  Building wheel for PTable (setup.py): started
  Building wheel for PTable (setup.py): finished with status 'done'
  Created wheel for PTable: filename=PTable-0.9.2-py3-none-any.whl size=21893 sha256=ce511b0ac0eb9dd2de8e2a643d91a422b6bff6423634428755047530b3c09429
  Stored in directory: /tmp/pip-ephem-wheel-cache-ma4ylp9z/wheels/f3/65/67/71f473ec87ea4554d1bdfb1b5128cfe1414c2b113b72a1ee8e
Successfully built PTable
Installing collected packages: PTable, pip-licenses
Successfully installed PTable-0.9.2 pip-licenses-2.3.0
Removing intermediate container 77b230ee8462
 ---> cd377c784c62
Step 11/15 : RUN mkdir ./licenses && pip-licenses --from=mixed --format=csv --output-file=./licenses/license_info.csv &&     pip-licenses --from=mixed --format=plain-vertical --with-license-file --no-license-path --output-file=./licenses/license.txt
 ---> Running in ab464778404c
created path: ./licenses/license_info.csv
created path: ./licenses/license.txt
Removing intermediate container ab464778404c
 ---> 7e9ce1d5ea88
Step 12/15 : USER root
 ---> Running in 4ad9a6211f3d
Removing intermediate container 4ad9a6211f3d
 ---> 4e826276d3e1
Step 13/15 : RUN mv ./licenses /licenses
 ---> Running in a7f3bdadc0a8
Removing intermediate container a7f3bdadc0a8
 ---> 846f9b2dd4c8
Step 14/15 : USER default
 ---> Running in 0a00642afad7
Removing intermediate container 0a00642afad7
 ---> aa094599f81a
Step 15/15 : ENTRYPOINT ["python", "-m", "adserver"]
 ---> Running in 07bb62ddb16a
Removing intermediate container 07bb62ddb16a
 ---> fdee76005494
Successfully built fdee76005494
Successfully tagged seldonio/alibi-detect-server:1.2.3-dev
kind load docker-image seldonio/alibi-detect-server:1.2.3-dev
Image: "seldonio/alibi-detect-server:1.2.3-dev" with ID "sha256:fdee76005494e285f3d4b501ac2c4591b4f2621668e2cd51a325f874b34c1da7" not present on node "kind-worker"
Image: "seldonio/alibi-detect-server:1.2.3-dev" with ID "sha256:fdee76005494e285f3d4b501ac2c4591b4f2621668e2cd51a325f874b34c1da7" not present on node "kind-control-plane"
make[1]: Leaving directory '/workspace/source/components/alibi-detect-server'
Files changed in misc folders:
SKIPPING MISC IMAGE BUILD...
kubectl create namespace seldon || echo "Namespace seldon already exists"
namespace/seldon created
kubectl create namespace test1 || echo "Namespace test1 already exists"
namespace/test1 created
helm repo add stable https://kubernetes-charts.storage.googleapis.com/
"stable" has been added to your repositories
helm repo add seldonio https://storage.googleapis.com/seldon-charts
"seldonio" has been added to your repositories
helm repo add jaegertracing https://jaegertracing.github.io/helm-charts
"jaegertracing" has been added to your repositories
helm repo add datawire https://www.getambassador.io
"datawire" has been added to your repositories
helm repo update
Hang tight while we grab the latest from your chart repositories...
...Successfully got an update from the "jaegertracing" chart repository
...Successfully got an update from the "seldonio" chart repository
...Successfully got an update from the "datawire" chart repository
...Successfully got an update from the "stable" chart repository
Update Complete. âŽˆ Happy Helming!âŽˆ 
helm upgrade ambassador \
	datawire/ambassador \
	-f ../resources/ambassador_values.yaml \
	--set image.repository=quay.io/datawire/ambassador \
	--set crds.keep=false \
	--set enableAES=false \
	--namespace seldon \
	--set replicaCount=1 \
	--wait --install
Release "ambassador" does not exist. Installing it now.
manifest_sorter.go:192: info: skipping unknown hook: "crd-install"
manifest_sorter.go:192: info: skipping unknown hook: "crd-install"
manifest_sorter.go:192: info: skipping unknown hook: "crd-install"
manifest_sorter.go:192: info: skipping unknown hook: "crd-install"
manifest_sorter.go:192: info: skipping unknown hook: "crd-install"
manifest_sorter.go:192: info: skipping unknown hook: "crd-install"
manifest_sorter.go:192: info: skipping unknown hook: "crd-install"
manifest_sorter.go:192: info: skipping unknown hook: "crd-install"
manifest_sorter.go:192: info: skipping unknown hook: "crd-install"
manifest_sorter.go:192: info: skipping unknown hook: "crd-install"
manifest_sorter.go:192: info: skipping unknown hook: "crd-install"
manifest_sorter.go:192: info: skipping unknown hook: "crd-install"
manifest_sorter.go:192: info: skipping unknown hook: "crd-install"
manifest_sorter.go:192: info: skipping unknown hook: "crd-install"
manifest_sorter.go:192: info: skipping unknown hook: "crd-install"
manifest_sorter.go:192: info: skipping unknown hook: "crd-install"
manifest_sorter.go:192: info: skipping unknown hook: "crd-install"
manifest_sorter.go:192: info: skipping unknown hook: "crd-install"
NAME: ambassador
LAST DEPLOYED: Mon Sep 14 14:41:15 2020
NAMESPACE: seldon
STATUS: deployed
REVISION: 1
NOTES:
-------------------------------------------------------------------------------
  Congratulations! You've successfully installed Ambassador!

-------------------------------------------------------------------------------
To get the IP address of Ambassador, run the following commands:
  export NODE_PORT=$(kubectl get --namespace seldon -o jsonpath="{.spec.ports[0].nodePort}" services ambassador)
  export NODE_IP=$(kubectl get nodes --namespace seldon -o jsonpath="{.items[0].status.addresses[0].address}")
  echo http://$NODE_IP:$NODE_PORT

For help, visit our Slack at https://d6e.co/slack or view the documentation online at https://www.getambassador.io.
kubectl apply -f istio-1.4.2.yaml
clusterrole.rbac.authorization.k8s.io/istio-reader-istio-system created
clusterrolebinding.rbac.authorization.k8s.io/istio-reader-istio-system created
customresourcedefinition.apiextensions.k8s.io/attributemanifests.config.istio.io created
customresourcedefinition.apiextensions.k8s.io/clusterrbacconfigs.rbac.istio.io created
customresourcedefinition.apiextensions.k8s.io/destinationrules.networking.istio.io created
customresourcedefinition.apiextensions.k8s.io/envoyfilters.networking.istio.io created
customresourcedefinition.apiextensions.k8s.io/gateways.networking.istio.io created
customresourcedefinition.apiextensions.k8s.io/httpapispecbindings.config.istio.io created
customresourcedefinition.apiextensions.k8s.io/httpapispecs.config.istio.io created
customresourcedefinition.apiextensions.k8s.io/meshpolicies.authentication.istio.io created
customresourcedefinition.apiextensions.k8s.io/policies.authentication.istio.io created
customresourcedefinition.apiextensions.k8s.io/quotaspecbindings.config.istio.io created
customresourcedefinition.apiextensions.k8s.io/quotaspecs.config.istio.io created
customresourcedefinition.apiextensions.k8s.io/rbacconfigs.rbac.istio.io created
customresourcedefinition.apiextensions.k8s.io/rules.config.istio.io created
customresourcedefinition.apiextensions.k8s.io/serviceentries.networking.istio.io created
customresourcedefinition.apiextensions.k8s.io/servicerolebindings.rbac.istio.io created
customresourcedefinition.apiextensions.k8s.io/serviceroles.rbac.istio.io created
customresourcedefinition.apiextensions.k8s.io/virtualservices.networking.istio.io created
customresourcedefinition.apiextensions.k8s.io/adapters.config.istio.io created
customresourcedefinition.apiextensions.k8s.io/instances.config.istio.io created
customresourcedefinition.apiextensions.k8s.io/templates.config.istio.io created
customresourcedefinition.apiextensions.k8s.io/handlers.config.istio.io created
customresourcedefinition.apiextensions.k8s.io/sidecars.networking.istio.io created
customresourcedefinition.apiextensions.k8s.io/authorizationpolicies.security.istio.io created
namespace/istio-system created
serviceaccount/istio-reader-service-account created
clusterrole.rbac.authorization.k8s.io/istio-citadel-istio-system created
clusterrolebinding.rbac.authorization.k8s.io/istio-citadel-istio-system created
deployment.apps/istio-citadel created
poddisruptionbudget.policy/istio-citadel created
service/istio-citadel created
serviceaccount/istio-citadel-service-account created
deployment.apps/istio-egressgateway created
poddisruptionbudget.policy/istio-egressgateway created
gateway.networking.istio.io/istio-multicluster-egressgateway created
virtualservice.networking.istio.io/istio-multicluster-egressgateway created
envoyfilter.networking.istio.io/istio-multicluster-egressgateway created
destinationrule.networking.istio.io/istio-multicluster-destinationrule created
service/istio-egressgateway created
role.rbac.authorization.k8s.io/istio-egressgateway-sds created
rolebinding.rbac.authorization.k8s.io/istio-egressgateway-sds created
serviceaccount/istio-egressgateway-service-account created
clusterrole.rbac.authorization.k8s.io/istio-galley-istio-system created
clusterrolebinding.rbac.authorization.k8s.io/istio-galley-*****-role-binding-istio-system created
configmap/istio-mesh-galley created
configmap/istio-galley-configuration created
deployment.apps/istio-galley created
poddisruptionbudget.policy/istio-galley created
service/istio-galley created
serviceaccount/istio-galley-service-account created
configmap/istio-grafana-configuration-dashboards-citadel-dashboard created
configmap/istio-grafana-configuration-dashboards-galley-dashboard created
configmap/istio-grafana-configuration-dashboards-istio-mesh-dashboard created
configmap/istio-grafana-configuration-dashboards-istio-performance-dashboard created
configmap/istio-grafana-configuration-dashboards-istio-service-dashboard created
configmap/istio-grafana-configuration-dashboards-istio-workload-dashboard created
configmap/istio-grafana-configuration-dashboards-mixer-dashboard created
configmap/istio-grafana-configuration-dashboards-pilot-dashboard created
configmap/istio-grafana created
deployment.apps/grafana created
policy.authentication.istio.io/grafana-ports-mtls-disabled created
service/grafana created
deployment.apps/istio-ingressgateway created
gateway.networking.istio.io/ingressgateway created
poddisruptionbudget.policy/ingressgateway created
service/istio-ingressgateway created
serviceaccount/istio-ingressgateway-service-account created
sidecar.networking.istio.io/default created
clusterrole.rbac.authorization.k8s.io/istio-sidecar-injector-istio-system created
clusterrolebinding.rbac.authorization.k8s.io/istio-sidecar-injector-*****-role-binding-istio-system created
configmap/injector-mesh created
deployment.apps/istio-sidecar-injector created
mutatingwebhookconfiguration.admissionregistration.k8s.io/istio-sidecar-injector created
poddisruptionbudget.policy/istio-sidecar-injector created
service/istio-sidecar-injector created
serviceaccount/istio-sidecar-injector-service-account created
configmap/istio-sidecar-injector created
clusterrole.rbac.authorization.k8s.io/kiali created
clusterrole.rbac.authorization.k8s.io/kiali-viewer created
clusterrolebinding.rbac.authorization.k8s.io/kiali created
configmap/kiali created
secret/kiali created
deployment.apps/kiali created
service/kiali created
serviceaccount/kiali-service-account created
clusterrole.rbac.authorization.k8s.io/istio-pilot-istio-system created
clusterrolebinding.rbac.authorization.k8s.io/istio-pilot-istio-system created
configmap/pilot-envoy-config created
configmap/istio created
deployment.apps/istio-pilot created
meshpolicy.authentication.istio.io/default created
poddisruptionbudget.policy/istio-pilot created
service/istio-pilot created
serviceaccount/istio-pilot-service-account created
clusterrole.rbac.authorization.k8s.io/istio-policy created
clusterrolebinding.rbac.authorization.k8s.io/istio-policy-*****-role-binding-istio-system created
destinationrule.networking.istio.io/istio-policy created
deployment.apps/istio-policy created
poddisruptionbudget.policy/istio-policy created
service/istio-policy created
serviceaccount/istio-policy-service-account created
clusterrole.rbac.authorization.k8s.io/prometheus-istio-system created
clusterrolebinding.rbac.authorization.k8s.io/prometheus-istio-system created
configmap/prometheus created
deployment.apps/prometheus created
service/prometheus created
serviceaccount/prometheus created
horizontalpodautoscaler.autoscaling/istio-telemetry created
clusterrole.rbac.authorization.k8s.io/istio-mixer-istio-system created
clusterrolebinding.rbac.authorization.k8s.io/istio-mixer-*****-role-binding-istio-system created
attributemanifest.config.istio.io/istioproxy created
attributemanifest.config.istio.io/kubernetes created
handler.config.istio.io/stdio created
instance.config.istio.io/accesslog created
instance.config.istio.io/tcpaccesslog created
rule.config.istio.io/stdio created
rule.config.istio.io/stdiotcp created
instance.config.istio.io/requestcount created
instance.config.istio.io/requestduration created
instance.config.istio.io/requestsize created
instance.config.istio.io/responsesize created
instance.config.istio.io/tcpbytesent created
instance.config.istio.io/tcpbytereceived created
instance.config.istio.io/tcpconnectionsopened created
instance.config.istio.io/tcpconnectionsclosed created
handler.config.istio.io/prometheus created
rule.config.istio.io/promhttp created
rule.config.istio.io/promtcp created
rule.config.istio.io/promtcpconnectionopen created
rule.config.istio.io/promtcpconnectionclosed created
handler.config.istio.io/kubernetesenv created
rule.config.istio.io/kubeattrgenrulerule created
rule.config.istio.io/tcpkubeattrgenrulerule created
instance.config.istio.io/attributes created
destinationrule.networking.istio.io/istio-telemetry created
configmap/telemetry-envoy-config created
deployment.apps/istio-telemetry created
poddisruptionbudget.policy/istio-telemetry created
service/istio-telemetry created
serviceaccount/istio-mixer-service-account created
deployment.apps/istio-tracing created
service/jaeger-query created
service/jaeger-collector created
service/jaeger-agent created
service/zipkin created
service/tracing created
kubectl rollout status deployment.apps/istio-ingressgateway -n istio-system
Waiting for deployment "istio-ingressgateway" rollout to finish: 0 of 1 updated replicas are available...
deployment "istio-ingressgateway" successfully rolled out
kubectl rollout status deployment.apps/istio-pilot -n istio-system
deployment "istio-pilot" successfully rolled out
kubectl rollout status deployment.apps/istio-citadel -n istio-system
deployment "istio-citadel" successfully rolled out
kubectl create -f ../resources/seldon-gateway.yaml -n istio-system
gateway.networking.istio.io/seldon-gateway created
helm upgrade jaeger-operator \
	jaegertracing/jaeger-operator \
	--set rbac.clusterRole=true \
	--namespace seldon \
	--wait --install
Release "jaeger-operator" does not exist. Installing it now.
manifest_sorter.go:192: info: skipping unknown hook: "crd-install"
NAME: jaeger-operator
LAST DEPLOYED: Mon Sep 14 14:43:50 2020
NAMESPACE: seldon
STATUS: deployed
REVISION: 1
TEST SUITE: None
NOTES:
jaeger-operator is installed.


Check the jaeger-operator logs
  export POD=$(kubectl get pods-l app.kubernetes.io/instance=jaeger-operator -lapp.kubernetes.io/name=jaeger-operator --namespace seldon --output name)
  kubectl logs $POD --namespace=seldon
kubectl apply -f ../resources/jaeger.yaml --namespace seldon
jaeger.jaegertracing.io/jaeger created
mapping.getambassador.io/jaeger created
cd ../../operator && make install-cert-manager
make[1]: Entering directory '/workspace/source/operator'
kubectl create namespace cert-manager || echo "Namespace cert-manager-exists"
namespace/cert-manager created
kubectl label namespace cert-manager cert-manager.io/disable-validation=true || echo "namespace cert-manager-already labelled"
namespace/cert-manager labeled
kubectl apply --validate=false -f https://github.com/jetstack/cert-manager/releases/download/v0.12.0/cert-manager.yaml
customresourcedefinition.apiextensions.k8s.io/certificaterequests.cert-manager.io created
customresourcedefinition.apiextensions.k8s.io/certificates.cert-manager.io created
customresourcedefinition.apiextensions.k8s.io/challenges.acme.cert-manager.io created
customresourcedefinition.apiextensions.k8s.io/clusterissuers.cert-manager.io created
customresourcedefinition.apiextensions.k8s.io/issuers.cert-manager.io created
customresourcedefinition.apiextensions.k8s.io/orders.acme.cert-manager.io created
Warning: kubectl apply should be used on resource created by either kubectl create --save-config or kubectl apply
namespace/cert-manager configured
serviceaccount/cert-manager-cainjector created
serviceaccount/cert-manager created
serviceaccount/cert-manager-webhook created
clusterrole.rbac.authorization.k8s.io/cert-manager-cainjector created
clusterrolebinding.rbac.authorization.k8s.io/cert-manager-cainjector created
role.rbac.authorization.k8s.io/cert-manager-cainjector:leaderelection created
rolebinding.rbac.authorization.k8s.io/cert-manager-cainjector:leaderelection created
clusterrolebinding.rbac.authorization.k8s.io/cert-manager-webhook:auth-delegator created
rolebinding.rbac.authorization.k8s.io/cert-manager-webhook:webhook-authentication-reader created
clusterrole.rbac.authorization.k8s.io/cert-manager-webhook:webhook-requester created
role.rbac.authorization.k8s.io/cert-manager:leaderelection created
rolebinding.rbac.authorization.k8s.io/cert-manager:leaderelection created
clusterrole.rbac.authorization.k8s.io/cert-manager-controller-issuers created
clusterrole.rbac.authorization.k8s.io/cert-manager-controller-clusterissuers created
clusterrole.rbac.authorization.k8s.io/cert-manager-controller-certificates created
clusterrole.rbac.authorization.k8s.io/cert-manager-controller-orders created
clusterrole.rbac.authorization.k8s.io/cert-manager-controller-challenges created
clusterrole.rbac.authorization.k8s.io/cert-manager-controller-ingress-shim created
clusterrolebinding.rbac.authorization.k8s.io/cert-manager-controller-issuers created
clusterrolebinding.rbac.authorization.k8s.io/cert-manager-controller-clusterissuers created
clusterrolebinding.rbac.authorization.k8s.io/cert-manager-controller-certificates created
clusterrolebinding.rbac.authorization.k8s.io/cert-manager-controller-orders created
clusterrolebinding.rbac.authorization.k8s.io/cert-manager-controller-challenges created
clusterrolebinding.rbac.authorization.k8s.io/cert-manager-controller-ingress-shim created
clusterrole.rbac.authorization.k8s.io/cert-manager-view created
clusterrole.rbac.authorization.k8s.io/cert-manager-edit created
service/cert-manager created
service/cert-manager-webhook created
deployment.apps/cert-manager-cainjector created
deployment.apps/cert-manager created
deployment.apps/cert-manager-webhook created
mutatingwebhookconfiguration.admissionregistration.k8s.io/cert-manager-webhook created
validatingwebhookconfiguration.admissionregistration.k8s.io/cert-manager-webhook created
kubectl rollout status deployment.apps/cert-manager -n cert-manager
Waiting for deployment "cert-manager" rollout to finish: 0 of 1 updated replicas are available...
deployment "cert-manager" successfully rolled out
kubectl rollout status deployment.apps/cert-manager-cainjector -n cert-manager
deployment "cert-manager-cainjector" successfully rolled out
kubectl rollout status deployment.apps/cert-manager-webhook -n cert-manager
Waiting for deployment "cert-manager-webhook" rollout to finish: 0 of 1 updated replicas are available...
deployment "cert-manager-webhook" successfully rolled out
make[1]: Leaving directory '/workspace/source/operator'
sleep 5 #https://github.com/jetstack/cert-manager/issues/2273
kubectl create namespace seldon-system || echo "namespace seldon-system exists"
namespace/seldon-system created
helm delete seldon --namespace seldon-system || echo "seldon-core not installed"
Error: uninstall: Release not loaded: seldon: release: not found
seldon-core not installed
helm upgrade seldon \
	../../helm-charts/seldon-core-operator \
	--namespace seldon-system \
	--set istio.enabled=true \
	--set istio.gateway=istio-system/seldon-gateway \
	--set certManager.enabled=false \
	--set executor.enabled="true" \
	--wait --install
Release "seldon" does not exist. Installing it now.
NAME: seldon
LAST DEPLOYED: Mon Sep 14 14:45:53 2020
NAMESPACE: seldon-system
STATUS: deployed
REVISION: 1
TEST SUITE: None
kubectl config set-context $(kubectl config current-context) --namespace=seldon
Context "kind-kind" modified.
kubectl apply -f metrics.yaml
clusterrole.rbac.authorization.k8s.io/system:aggregated-metrics-reader created
clusterrolebinding.rbac.authorization.k8s.io/metrics-server:system:auth-delegator created
rolebinding.rbac.authorization.k8s.io/metrics-server-auth-reader created
apiservice.apiregistration.k8s.io/v1beta1.metrics.k8s.io created
serviceaccount/metrics-server created
deployment.apps/metrics-server created
service/metrics-server created
clusterrole.rbac.authorization.k8s.io/system:metrics-server created
clusterrolebinding.rbac.authorization.k8s.io/system:metrics-server created
make: Entering directory '/workspace/source/python'
pip install -e . -r requirements-dev.txt
Obtaining file:///workspace/source/python
Collecting black==19.10b0
  Downloading black-19.10b0-py36-none-any.whl (97 kB)
Collecting flake8==3.8.1
  Downloading flake8-3.8.1-py2.py3-none-any.whl (72 kB)
Collecting mypy<0.783
  Downloading mypy-0.782-cp36-cp36m-manylinux1_x86_64.whl (20.8 MB)
Requirement already satisfied: Pillow==7.2.0 in /usr/local/lib/python3.6/site-packages (from -r requirements-dev.txt (line 5)) (7.2.0)
Collecting pytest==6.0.2
  Downloading pytest-6.0.2-py3-none-any.whl (270 kB)
Collecting pytest-cov==2.10.1
  Downloading pytest_cov-2.10.1-py2.py3-none-any.whl (19 kB)
Collecting tox<4.0.0
  Downloading tox-3.20.0-py2.py3-none-any.whl (83 kB)
Requirement already satisfied: grpcio-tools==1.31.0 in /usr/local/lib/python3.6/site-packages (from -r requirements-dev.txt (line 9)) (1.31.0)
Requirement already satisfied: mypy-protobuf==1.22 in /usr/local/lib/python3.6/site-packages (from -r requirements-dev.txt (line 10)) (1.22)
Collecting tenacity==6.2.0
  Downloading tenacity-6.2.0-py2.py3-none-any.whl (24 kB)
Collecting coverage==5.3
  Downloading coverage-5.3-cp36-cp36m-manylinux1_x86_64.whl (229 kB)
Collecting pandas==1.1.0
  Downloading pandas-1.1.0-cp36-cp36m-manylinux1_x86_64.whl (10.5 MB)
Collecting pip-licenses==2.3.0
  Downloading pip_licenses-2.3.0-py3-none-any.whl (14 kB)
Collecting Flask<2.0.0
  Downloading Flask-1.1.2-py2.py3-none-any.whl (94 kB)
Requirement already satisfied: jsonschema<4.0.0 in /usr/local/lib/python3.6/site-packages (from seldon-core==1.2.3.dev0) (3.2.0)
Collecting Flask-cors<4.0.0
  Downloading Flask_Cors-3.0.9-py2.py3-none-any.whl (14 kB)
Collecting redis<4.0.0
  Downloading redis-3.5.3-py2.py3-none-any.whl (72 kB)
Requirement already satisfied: requests<3.0.0 in /usr/local/lib/python3.6/site-packages (from seldon-core==1.2.3.dev0) (2.24.0)
Requirement already satisfied: numpy<2.0.0 in /usr/local/lib/python3.6/site-packages (from seldon-core==1.2.3.dev0) (1.19.1)
Collecting flatbuffers<2.0.0
  Downloading flatbuffers-1.12-py2.py3-none-any.whl (15 kB)
Requirement already satisfied: protobuf<4.0.0 in /usr/local/lib/python3.6/site-packages (from seldon-core==1.2.3.dev0) (3.13.0)
Requirement already satisfied: grpcio<2.0.0 in /usr/local/lib/python3.6/site-packages (from seldon-core==1.2.3.dev0) (1.31.0)
Collecting Flask-OpenTracing<1.2.0,>=1.1.0
  Downloading Flask-OpenTracing-1.1.0.tar.gz (8.2 kB)
Collecting opentracing<2.4.0,>=2.2.0
  Downloading opentracing-2.3.0.tar.gz (48 kB)
Collecting jaeger-client<4.4.0,>=4.1.0
  Downloading jaeger-client-4.3.0.tar.gz (81 kB)
Collecting grpcio-opentracing<1.2.0,>=1.1.4
  Downloading grpcio_opentracing-1.1.4-py3-none-any.whl (14 kB)
Requirement already satisfied: PyYAML<5.4 in /usr/local/lib/python3.6/site-packages (from seldon-core==1.2.3.dev0) (5.3.1)
Collecting gunicorn<20.1.0,>=19.9.0
  Downloading gunicorn-20.0.4-py2.py3-none-any.whl (77 kB)
Requirement already satisfied: setuptools>=41.0.0 in /usr/local/lib/python3.6/site-packages (from seldon-core==1.2.3.dev0) (50.3.0)
Requirement already satisfied: prometheus_client<0.9.0,>=0.7.1 in /usr/local/lib/python3.6/site-packages (from seldon-core==1.2.3.dev0) (0.8.0)
Collecting pathspec<1,>=0.6
  Downloading pathspec-0.8.0-py2.py3-none-any.whl (28 kB)
Collecting typed-ast>=1.4.0
  Downloading typed_ast-1.4.1-cp36-cp36m-manylinux1_x86_64.whl (737 kB)
Collecting appdirs
  Downloading appdirs-1.4.4-py2.py3-none-any.whl (9.6 kB)
Requirement already satisfied: attrs>=18.1.0 in /usr/local/lib/python3.6/site-packages (from black==19.10b0->-r requirements-dev.txt (line 2)) (20.2.0)
Collecting toml>=0.9.4
  Downloading toml-0.10.1-py2.py3-none-any.whl (19 kB)
Collecting regex
  Downloading regex-2020.7.14-cp36-cp36m-manylinux2010_x86_64.whl (660 kB)
Collecting click>=6.5
  Downloading click-7.1.2-py2.py3-none-any.whl (82 kB)
Requirement already satisfied: importlib-metadata; python_version < "3.8" in /usr/local/lib/python3.6/site-packages (from flake8==3.8.1->-r requirements-dev.txt (line 3)) (1.7.0)
Collecting pycodestyle<2.7.0,>=2.6.0a1
  Downloading pycodestyle-2.6.0-py2.py3-none-any.whl (41 kB)
Collecting mccabe<0.7.0,>=0.6.0
  Downloading mccabe-0.6.1-py2.py3-none-any.whl (8.6 kB)
Collecting pyflakes<2.3.0,>=2.2.0
  Downloading pyflakes-2.2.0-py2.py3-none-any.whl (66 kB)
Collecting mypy-extensions<0.5.0,>=0.4.3
  Downloading mypy_extensions-0.4.3-py2.py3-none-any.whl (4.5 kB)
Requirement already satisfied: typing-extensions>=3.7.4 in /usr/local/lib/python3.6/site-packages (from mypy<0.783->-r requirements-dev.txt (line 4)) (3.7.4.3)
Collecting iniconfig
  Downloading iniconfig-1.0.1-py3-none-any.whl (4.2 kB)
Requirement already satisfied: pluggy<1.0,>=0.12 in /usr/local/lib/python3.6/site-packages (from pytest==6.0.2->-r requirements-dev.txt (line 6)) (0.13.1)
Requirement already satisfied: py>=1.8.2 in /usr/local/lib/python3.6/site-packages (from pytest==6.0.2->-r requirements-dev.txt (line 6)) (1.9.0)
Requirement already satisfied: more-itertools>=4.0.0 in /usr/local/lib/python3.6/site-packages (from pytest==6.0.2->-r requirements-dev.txt (line 6)) (8.5.0)
Requirement already satisfied: packaging in /usr/local/lib/python3.6/site-packages (from pytest==6.0.2->-r requirements-dev.txt (line 6)) (20.4)
Requirement already satisfied: six>=1.14.0 in /usr/local/lib/python3.6/site-packages (from tox<4.0.0->-r requirements-dev.txt (line 8)) (1.15.0)
Collecting filelock>=3.0.0
  Downloading filelock-3.0.12-py3-none-any.whl (7.6 kB)
Collecting virtualenv!=20.0.0,!=20.0.1,!=20.0.2,!=20.0.3,!=20.0.4,!=20.0.5,!=20.0.6,!=20.0.7,>=16.0.0
  Downloading virtualenv-20.0.31-py2.py3-none-any.whl (4.9 MB)
Requirement already satisfied: pytz>=2017.2 in /usr/local/lib/python3.6/site-packages (from pandas==1.1.0->-r requirements-dev.txt (line 19)) (2020.1)
Requirement already satisfied: python-dateutil>=2.7.3 in /usr/local/lib/python3.6/site-packages (from pandas==1.1.0->-r requirements-dev.txt (line 19)) (2.8.1)
Collecting PTable
  Downloading PTable-0.9.2.tar.gz (31 kB)
Collecting itsdangerous>=0.24
  Downloading itsdangerous-1.1.0-py2.py3-none-any.whl (16 kB)
Requirement already satisfied: Jinja2>=2.10.1 in /usr/local/lib/python3.6/site-packages (from Flask<2.0.0->seldon-core==1.2.3.dev0) (2.11.2)
Requirement already satisfied: Werkzeug>=0.15 in /usr/local/lib/python3.6/site-packages (from Flask<2.0.0->seldon-core==1.2.3.dev0) (1.0.1)
Requirement already satisfied: pyrsistent>=0.14.0 in /usr/local/lib/python3.6/site-packages (from jsonschema<4.0.0->seldon-core==1.2.3.dev0) (0.16.0)
Requirement already satisfied: certifi>=2017.4.17 in /usr/local/lib/python3.6/site-packages (from requests<3.0.0->seldon-core==1.2.3.dev0) (2020.6.20)
Requirement already satisfied: idna<3,>=2.5 in /usr/local/lib/python3.6/site-packages (from requests<3.0.0->seldon-core==1.2.3.dev0) (2.10)
Requirement already satisfied: urllib3!=1.25.0,!=1.25.1,<1.26,>=1.21.1 in /usr/local/lib/python3.6/site-packages (from requests<3.0.0->seldon-core==1.2.3.dev0) (1.25.10)
Requirement already satisfied: chardet<4,>=3.0.2 in /usr/local/lib/python3.6/site-packages (from requests<3.0.0->seldon-core==1.2.3.dev0) (3.0.4)
Collecting threadloop<2,>=1
  Downloading threadloop-1.0.2.tar.gz (4.9 kB)
Collecting thrift
  Downloading thrift-0.13.0.tar.gz (59 kB)
Requirement already satisfied: tornado>=4.3 in /usr/local/lib/python3.6/site-packages (from jaeger-client<4.4.0,>=4.1.0->seldon-core==1.2.3.dev0) (6.0.4)
Requirement already satisfied: zipp>=0.5 in /usr/local/lib/python3.6/site-packages (from importlib-metadata; python_version < "3.8"->flake8==3.8.1->-r requirements-dev.txt (line 3)) (3.1.0)
Requirement already satisfied: pyparsing>=2.0.2 in /usr/local/lib/python3.6/site-packages (from packaging->pytest==6.0.2->-r requirements-dev.txt (line 6)) (2.4.7)
Collecting importlib-resources>=1.0; python_version < "3.7"
  Downloading importlib_resources-3.0.0-py2.py3-none-any.whl (23 kB)
Collecting distlib<1,>=0.3.1
  Downloading distlib-0.3.1-py2.py3-none-any.whl (335 kB)
Requirement already satisfied: MarkupSafe>=0.23 in /usr/local/lib/python3.6/site-packages (from Jinja2>=2.10.1->Flask<2.0.0->seldon-core==1.2.3.dev0) (1.1.1)
Building wheels for collected packages: Flask-OpenTracing, opentracing, jaeger-client, PTable, threadloop, thrift
  Building wheel for Flask-OpenTracing (setup.py): started
  Building wheel for Flask-OpenTracing (setup.py): finished with status 'done'
  Created wheel for Flask-OpenTracing: filename=Flask_OpenTracing-1.1.0-py3-none-any.whl size=9071 sha256=0105ac8d4230e614bd191d3f406561652a0b92de4c49ef1ce726a89e466fcd21
  Stored in directory: /builder/home/.cache/pip/wheels/ad/4b/2d/24ff0da0a0b53c7c77ce59b843bcceaf644c88703241e59615
  Building wheel for opentracing (setup.py): started
  Building wheel for opentracing (setup.py): finished with status 'done'
  Created wheel for opentracing: filename=opentracing-2.3.0-py3-none-any.whl size=51346 sha256=a8b0c12fd6ec5b9a4b1b1d37d7cf1e05d5fb8a6ef44ffaba83c24c68ff95ef46
  Stored in directory: /builder/home/.cache/pip/wheels/d4/53/31/bfca74f038fa9f83eb7de2131555b75ffa9bcbca18d23e5edf
  Building wheel for jaeger-client (setup.py): started
  Building wheel for jaeger-client (setup.py): finished with status 'done'
  Created wheel for jaeger-client: filename=jaeger_client-4.3.0-py3-none-any.whl size=64290 sha256=12ef0bd5a137ccda327a6760f25e04b0d6d17da82f9112b894a38d69a5a10256
  Stored in directory: /builder/home/.cache/pip/wheels/a8/37/30/d86c970966efbf6da89e8085db50f2be4cf36ca68513eff785
  Building wheel for PTable (setup.py): started
  Building wheel for PTable (setup.py): finished with status 'done'
  Created wheel for PTable: filename=PTable-0.9.2-py3-none-any.whl size=22907 sha256=1aca3077c8e620980ee69177cae57cf516d389c959e01a61aaba002e7b8cbd1e
  Stored in directory: /builder/home/.cache/pip/wheels/f3/65/67/71f473ec87ea4554d1bdfb1b5128cfe1414c2b113b72a1ee8e
  Building wheel for threadloop (setup.py): started
  Building wheel for threadloop (setup.py): finished with status 'done'
  Created wheel for threadloop: filename=threadloop-1.0.2-py3-none-any.whl size=3425 sha256=5702d4ca1ef599d04d9690063e371c500c1fbbd7aaa14b1bb6dee8c591cf96e6
  Stored in directory: /builder/home/.cache/pip/wheels/02/54/65/9f87de48fe8fcaaee30f279973d946ad55f9df56b93b3e78da
  Building wheel for thrift (setup.py): started
  Building wheel for thrift (setup.py): finished with status 'done'
  Created wheel for thrift: filename=thrift-0.13.0-cp36-cp36m-linux_x86_64.whl size=483929 sha256=afa61b77edabff8023ed21d2621c5da16c64fc67c6c8f98b690dc7717cf16cb4
  Stored in directory: /builder/home/.cache/pip/wheels/e0/38/fc/472fe18756b177b42096961f8bd3ff2dc5c5620ac399fce52d
Successfully built Flask-OpenTracing opentracing jaeger-client PTable threadloop thrift
Installing collected packages: pathspec, typed-ast, appdirs, toml, regex, click, black, pycodestyle, mccabe, pyflakes, flake8, mypy-extensions, mypy, iniconfig, pytest, coverage, pytest-cov, filelock, importlib-resources, distlib, virtualenv, tox, tenacity, pandas, PTable, pip-licenses, itsdangerous, Flask, Flask-cors, redis, flatbuffers, opentracing, Flask-OpenTracing, threadloop, thrift, jaeger-client, grpcio-opentracing, gunicorn, seldon-core
  Attempting uninstall: pytest
    Found existing installation: pytest 5.3.1
    Uninstalling pytest-5.3.1:
      Successfully uninstalled pytest-5.3.1
  Attempting uninstall: coverage
    Found existing installation: coverage 4.5.4
    Uninstalling coverage-4.5.4:
      Successfully uninstalled coverage-4.5.4
  Attempting uninstall: pytest-cov
    Found existing installation: pytest-cov 2.8.1
    Uninstalling pytest-cov-2.8.1:
      Successfully uninstalled pytest-cov-2.8.1
  Attempting uninstall: tenacity
    Found existing installation: tenacity 6.0.0
    Uninstalling tenacity-6.0.0:
      Successfully uninstalled tenacity-6.0.0
  Attempting uninstall: pandas
    Found existing installation: pandas 1.1.1
    Uninstalling pandas-1.1.1:
      Successfully uninstalled pandas-1.1.1
  Running setup.py develop for seldon-core
ERROR: After October 2020 you may experience errors when installing or updating packages. This is because pip will change the way that it resolves dependency conflicts.

We recommend you use --use-feature=2020-resolver to test your packages with the new resolver before it becomes the default.

alibi 0.5.2 requires tensorflow>=2.0, but you'll have tensorflow 1.15.2 which is incompatible.
Successfully installed Flask-1.1.2 Flask-OpenTracing-1.1.0 Flask-cors-3.0.9 PTable-0.9.2 appdirs-1.4.4 black-19.10b0 click-7.1.2 coverage-5.3 distlib-0.3.1 filelock-3.0.12 flake8-3.8.1 flatbuffers-1.12 grpcio-opentracing-1.1.4 gunicorn-20.0.4 importlib-resources-3.0.0 iniconfig-1.0.1 itsdangerous-1.1.0 jaeger-client-4.3.0 mccabe-0.6.1 mypy-0.782 mypy-extensions-0.4.3 opentracing-2.3.0 pandas-1.1.0 pathspec-0.8.0 pip-licenses-2.3.0 pycodestyle-2.6.0 pyflakes-2.2.0 pytest-6.0.2 pytest-cov-2.10.1 redis-3.5.3 regex-2020.7.14 seldon-core tenacity-6.2.0 threadloop-1.0.2 thrift-0.13.0 toml-0.10.1 tox-3.20.0 typed-ast-1.4.1 virtualenv-20.0.31
WARNING: You are using pip version 20.2.2; however, version 20.2.3 is available.
You should consider upgrading via the '/usr/local/bin/python -m pip install --upgrade pip' command.
make: Leaving directory '/workspace/source/python'
cp ../../proto/prediction.proto ./proto
cd ../../proto/tensorflow && make create_protos
make[1]: Entering directory '/workspace/source/proto/tensorflow'
./create-protos.sh
Downloading proto files for master
make[1]: Leaving directory '/workspace/source/proto/tensorflow'
cp -vr ../../proto/tensorflow/tensorflow .
'../../proto/tensorflow/tensorflow' -> './tensorflow'
'../../proto/tensorflow/tensorflow/core' -> './tensorflow/core'
'../../proto/tensorflow/tensorflow/core/framework' -> './tensorflow/core/framework'
'../../proto/tensorflow/tensorflow/core/framework/types.proto' -> './tensorflow/core/framework/types.proto'
'../../proto/tensorflow/tensorflow/core/framework/resource_handle.proto' -> './tensorflow/core/framework/resource_handle.proto'
'../../proto/tensorflow/tensorflow/core/framework/tensor_shape.proto' -> './tensorflow/core/framework/tensor_shape.proto'
'../../proto/tensorflow/tensorflow/core/framework/tensor.proto' -> './tensorflow/core/framework/tensor.proto'
python -m grpc.tools.protoc -I. --python_out=. --grpc_python_out=. ./proto/prediction.proto
cd ../../notebooks && make build_protos
make[1]: Entering directory '/workspace/source/notebooks'
cd ../proto/tensorflow && make create_protos
make[2]: Entering directory '/workspace/source/proto/tensorflow'
make[2]: Nothing to be done for 'create_protos'.
make[2]: Leaving directory '/workspace/source/proto/tensorflow'
cp -vr ../proto/tensorflow/tensorflow .
'../proto/tensorflow/tensorflow' -> './tensorflow'
'../proto/tensorflow/tensorflow/core' -> './tensorflow/core'
'../proto/tensorflow/tensorflow/core/framework' -> './tensorflow/core/framework'
'../proto/tensorflow/tensorflow/core/framework/types.proto' -> './tensorflow/core/framework/types.proto'
'../proto/tensorflow/tensorflow/core/framework/resource_handle.proto' -> './tensorflow/core/framework/resource_handle.proto'
'../proto/tensorflow/tensorflow/core/framework/tensor_shape.proto' -> './tensorflow/core/framework/tensor_shape.proto'
'../proto/tensorflow/tensorflow/core/framework/tensor.proto' -> './tensorflow/core/framework/tensor.proto'
cp ../proto/prediction.proto ./proto
python -m grpc.tools.protoc -I. --python_out=. --grpc_python_out=. ./proto/prediction.proto
make[1]: Leaving directory '/workspace/source/notebooks'
cd ../../proto/k8s && make create_protos
make[1]: Entering directory '/workspace/source/proto/k8s'
./create-k8s-protos.sh
Downloading proto files for master
Munging proto file packages
sed -i.bak 's|import "k8s.io/apiextensions-apiserver/|//import "k8s.io/apiextensions-apiserver/|' k8s.io/api/core/v1/generated.proto
rm k8s.io/api/core/v1/generated.proto.bak
make[1]: Leaving directory '/workspace/source/proto/k8s'
pip install -r dev_requirements.txt
Collecting pytest==5.3.1
  Downloading pytest-5.3.1-py3-none-any.whl (233 kB)
Requirement already satisfied: pytest-xdist==1.30.0 in /usr/local/lib/python3.6/site-packages (from -r dev_requirements.txt (line 2)) (1.30.0)
Collecting pytest-cov==2.8.1
  Downloading pytest_cov-2.8.1-py2.py3-none-any.whl (18 kB)
Requirement already satisfied: flaky==3.6.1 in /usr/local/lib/python3.6/site-packages (from -r dev_requirements.txt (line 4)) (3.6.1)
Collecting tenacity==6.0.0
  Downloading tenacity-6.0.0-py2.py3-none-any.whl (24 kB)
Requirement already satisfied: sh==1.13.1 in /usr/local/lib/python3.6/site-packages (from -r dev_requirements.txt (line 6)) (1.13.1)
Requirement already satisfied: ipython==7.13.0 in /usr/local/lib/python3.6/site-packages (from -r dev_requirements.txt (line 9)) (7.13.0)
Requirement already satisfied: nbconvert==5.6.1 in /usr/local/lib/python3.6/site-packages (from -r dev_requirements.txt (line 10)) (5.6.1)
Collecting alibi==0.5.4
  Downloading alibi-0.5.4-py3-none-any.whl (215 kB)
Requirement already satisfied: matplotlib==3.1.3 in /usr/local/lib/python3.6/site-packages (from -r dev_requirements.txt (line 12)) (3.1.3)
Requirement already satisfied: tensorflow==1.15.2 in /usr/local/lib/python3.6/site-packages (from -r dev_requirements.txt (line 13)) (1.15.2)
Collecting coverage==4.5.4
  Downloading coverage-4.5.4-cp36-cp36m-manylinux1_x86_64.whl (205 kB)
Requirement already satisfied: packaging in /usr/local/lib/python3.6/site-packages (from pytest==5.3.1->-r dev_requirements.txt (line 1)) (20.4)
Requirement already satisfied: pluggy<1.0,>=0.12 in /usr/local/lib/python3.6/site-packages (from pytest==5.3.1->-r dev_requirements.txt (line 1)) (0.13.1)
Requirement already satisfied: importlib-metadata>=0.12; python_version < "3.8" in /usr/local/lib/python3.6/site-packages (from pytest==5.3.1->-r dev_requirements.txt (line 1)) (1.7.0)
Requirement already satisfied: py>=1.5.0 in /usr/local/lib/python3.6/site-packages (from pytest==5.3.1->-r dev_requirements.txt (line 1)) (1.9.0)
Requirement already satisfied: attrs>=17.4.0 in /usr/local/lib/python3.6/site-packages (from pytest==5.3.1->-r dev_requirements.txt (line 1)) (20.2.0)
Requirement already satisfied: wcwidth in /usr/local/lib/python3.6/site-packages (from pytest==5.3.1->-r dev_requirements.txt (line 1)) (0.2.5)
Requirement already satisfied: more-itertools>=4.0.0 in /usr/local/lib/python3.6/site-packages (from pytest==5.3.1->-r dev_requirements.txt (line 1)) (8.5.0)
Requirement already satisfied: pytest-forked in /usr/local/lib/python3.6/site-packages (from pytest-xdist==1.30.0->-r dev_requirements.txt (line 2)) (1.3.0)
Requirement already satisfied: six in /usr/local/lib/python3.6/site-packages (from pytest-xdist==1.30.0->-r dev_requirements.txt (line 2)) (1.15.0)
Requirement already satisfied: execnet>=1.1 in /usr/local/lib/python3.6/site-packages (from pytest-xdist==1.30.0->-r dev_requirements.txt (line 2)) (1.7.1)
Requirement already satisfied: prompt-toolkit!=3.0.0,!=3.0.1,<3.1.0,>=2.0.0 in /usr/local/lib/python3.6/site-packages (from ipython==7.13.0->-r dev_requirements.txt (line 9)) (3.0.7)
Requirement already satisfied: pygments in /usr/local/lib/python3.6/site-packages (from ipython==7.13.0->-r dev_requirements.txt (line 9)) (2.6.1)
Requirement already satisfied: traitlets>=4.2 in /usr/local/lib/python3.6/site-packages (from ipython==7.13.0->-r dev_requirements.txt (line 9)) (4.3.3)
Requirement already satisfied: backcall in /usr/local/lib/python3.6/site-packages (from ipython==7.13.0->-r dev_requirements.txt (line 9)) (0.2.0)
Requirement already satisfied: pexpect; sys_platform != "win32" in /usr/local/lib/python3.6/site-packages (from ipython==7.13.0->-r dev_requirements.txt (line 9)) (4.8.0)
Requirement already satisfied: pickleshare in /usr/local/lib/python3.6/site-packages (from ipython==7.13.0->-r dev_requirements.txt (line 9)) (0.7.5)
Requirement already satisfied: jedi>=0.10 in /usr/local/lib/python3.6/site-packages (from ipython==7.13.0->-r dev_requirements.txt (line 9)) (0.17.2)
Requirement already satisfied: decorator in /usr/local/lib/python3.6/site-packages (from ipython==7.13.0->-r dev_requirements.txt (line 9)) (4.4.2)
Requirement already satisfied: setuptools>=18.5 in /usr/local/lib/python3.6/site-packages (from ipython==7.13.0->-r dev_requirements.txt (line 9)) (50.3.0)
Requirement already satisfied: bleach in /usr/local/lib/python3.6/site-packages (from nbconvert==5.6.1->-r dev_requirements.txt (line 10)) (3.1.5)
Requirement already satisfied: defusedxml in /usr/local/lib/python3.6/site-packages (from nbconvert==5.6.1->-r dev_requirements.txt (line 10)) (0.6.0)
Requirement already satisfied: entrypoints>=0.2.2 in /usr/local/lib/python3.6/site-packages (from nbconvert==5.6.1->-r dev_requirements.txt (line 10)) (0.3)
Requirement already satisfied: testpath in /usr/local/lib/python3.6/site-packages (from nbconvert==5.6.1->-r dev_requirements.txt (line 10)) (0.4.4)
Requirement already satisfied: pandocfilters>=1.4.1 in /usr/local/lib/python3.6/site-packages (from nbconvert==5.6.1->-r dev_requirements.txt (line 10)) (1.4.2)
Requirement already satisfied: nbformat>=4.4 in /usr/local/lib/python3.6/site-packages (from nbconvert==5.6.1->-r dev_requirements.txt (line 10)) (5.0.7)
Requirement already satisfied: jinja2>=2.4 in /usr/local/lib/python3.6/site-packages (from nbconvert==5.6.1->-r dev_requirements.txt (line 10)) (2.11.2)
Requirement already satisfied: jupyter-core in /usr/local/lib/python3.6/site-packages (from nbconvert==5.6.1->-r dev_requirements.txt (line 10)) (4.6.3)
Requirement already satisfied: mistune<2,>=0.8.1 in /usr/local/lib/python3.6/site-packages (from nbconvert==5.6.1->-r dev_requirements.txt (line 10)) (0.8.4)
Requirement already satisfied: shap>=0.36 in /usr/local/lib/python3.6/site-packages (from alibi==0.5.4->-r dev_requirements.txt (line 11)) (0.36.0)
Requirement already satisfied: prettyprinter in /usr/local/lib/python3.6/site-packages (from alibi==0.5.4->-r dev_requirements.txt (line 11)) (0.18.0)
Requirement already satisfied: scipy in /usr/local/lib/python3.6/site-packages (from alibi==0.5.4->-r dev_requirements.txt (line 11)) (1.5.2)
Requirement already satisfied: beautifulsoup4 in /usr/local/lib/python3.6/site-packages (from alibi==0.5.4->-r dev_requirements.txt (line 11)) (4.9.1)
Requirement already satisfied: spacy[lookups] in /usr/local/lib/python3.6/site-packages (from alibi==0.5.4->-r dev_requirements.txt (line 11)) (2.3.2)
Requirement already satisfied: numpy in /usr/local/lib/python3.6/site-packages (from alibi==0.5.4->-r dev_requirements.txt (line 11)) (1.19.1)
Requirement already satisfied: typing-extensions>=3.7.2 in /usr/local/lib/python3.6/site-packages (from alibi==0.5.4->-r dev_requirements.txt (line 11)) (3.7.4.3)
Requirement already satisfied: Pillow in /usr/local/lib/python3.6/site-packages (from alibi==0.5.4->-r dev_requirements.txt (line 11)) (7.2.0)
Requirement already satisfied: scikit-learn in /usr/local/lib/python3.6/site-packages (from alibi==0.5.4->-r dev_requirements.txt (line 11)) (0.23.2)
Requirement already satisfied: requests in /usr/local/lib/python3.6/site-packages (from alibi==0.5.4->-r dev_requirements.txt (line 11)) (2.24.0)
Requirement already satisfied: pandas in /usr/local/lib/python3.6/site-packages (from alibi==0.5.4->-r dev_requirements.txt (line 11)) (1.1.0)
Requirement already satisfied: scikit-image!=0.17.1 in /usr/local/lib/python3.6/site-packages (from alibi==0.5.4->-r dev_requirements.txt (line 11)) (0.17.2)
Requirement already satisfied: pyparsing!=2.0.4,!=2.1.2,!=2.1.6,>=2.0.1 in /usr/local/lib/python3.6/site-packages (from matplotlib==3.1.3->-r dev_requirements.txt (line 12)) (2.4.7)
Requirement already satisfied: python-dateutil>=2.1 in /usr/local/lib/python3.6/site-packages (from matplotlib==3.1.3->-r dev_requirements.txt (line 12)) (2.8.1)
Requirement already satisfied: kiwisolver>=1.0.1 in /usr/local/lib/python3.6/site-packages (from matplotlib==3.1.3->-r dev_requirements.txt (line 12)) (1.2.0)
Requirement already satisfied: cycler>=0.10 in /usr/local/lib/python3.6/site-packages (from matplotlib==3.1.3->-r dev_requirements.txt (line 12)) (0.10.0)
Requirement already satisfied: tensorflow-estimator==1.15.1 in /usr/local/lib/python3.6/site-packages (from tensorflow==1.15.2->-r dev_requirements.txt (line 13)) (1.15.1)
Requirement already satisfied: grpcio>=1.8.6 in /usr/local/lib/python3.6/site-packages (from tensorflow==1.15.2->-r dev_requirements.txt (line 13)) (1.31.0)
Requirement already satisfied: opt-einsum>=2.3.2 in /usr/local/lib/python3.6/site-packages (from tensorflow==1.15.2->-r dev_requirements.txt (line 13)) (3.3.0)
Requirement already satisfied: wheel>=0.26; python_version >= "3" in /usr/local/lib/python3.6/site-packages (from tensorflow==1.15.2->-r dev_requirements.txt (line 13)) (0.35.1)
Requirement already satisfied: keras-preprocessing>=1.0.5 in /usr/local/lib/python3.6/site-packages (from tensorflow==1.15.2->-r dev_requirements.txt (line 13)) (1.1.2)
Requirement already satisfied: gast==0.2.2 in /usr/local/lib/python3.6/site-packages (from tensorflow==1.15.2->-r dev_requirements.txt (line 13)) (0.2.2)
Requirement already satisfied: protobuf>=3.6.1 in /usr/local/lib/python3.6/site-packages (from tensorflow==1.15.2->-r dev_requirements.txt (line 13)) (3.13.0)
Requirement already satisfied: tensorboard<1.16.0,>=1.15.0 in /usr/local/lib/python3.6/site-packages (from tensorflow==1.15.2->-r dev_requirements.txt (line 13)) (1.15.0)
Requirement already satisfied: absl-py>=0.7.0 in /usr/local/lib/python3.6/site-packages (from tensorflow==1.15.2->-r dev_requirements.txt (line 13)) (0.10.0)
Requirement already satisfied: wrapt>=1.11.1 in /usr/local/lib/python3.6/site-packages (from tensorflow==1.15.2->-r dev_requirements.txt (line 13)) (1.12.1)
Requirement already satisfied: astor>=0.6.0 in /usr/local/lib/python3.6/site-packages (from tensorflow==1.15.2->-r dev_requirements.txt (line 13)) (0.8.1)
Requirement already satisfied: termcolor>=1.1.0 in /usr/local/lib/python3.6/site-packages (from tensorflow==1.15.2->-r dev_requirements.txt (line 13)) (1.1.0)
Requirement already satisfied: keras-applications>=1.0.8 in /usr/local/lib/python3.6/site-packages (from tensorflow==1.15.2->-r dev_requirements.txt (line 13)) (1.0.8)
Requirement already satisfied: google-pasta>=0.1.6 in /usr/local/lib/python3.6/site-packages (from tensorflow==1.15.2->-r dev_requirements.txt (line 13)) (0.2.0)
Requirement already satisfied: zipp>=0.5 in /usr/local/lib/python3.6/site-packages (from importlib-metadata>=0.12; python_version < "3.8"->pytest==5.3.1->-r dev_requirements.txt (line 1)) (3.1.0)
Requirement already satisfied: apipkg>=1.4 in /usr/local/lib/python3.6/site-packages (from execnet>=1.1->pytest-xdist==1.30.0->-r dev_requirements.txt (line 2)) (1.5)
Requirement already satisfied: ipython-genutils in /usr/local/lib/python3.6/site-packages (from traitlets>=4.2->ipython==7.13.0->-r dev_requirements.txt (line 9)) (0.2.0)
Requirement already satisfied: ptyprocess>=0.5 in /usr/local/lib/python3.6/site-packages (from pexpect; sys_platform != "win32"->ipython==7.13.0->-r dev_requirements.txt (line 9)) (0.6.0)
Requirement already satisfied: parso<0.8.0,>=0.7.0 in /usr/local/lib/python3.6/site-packages (from jedi>=0.10->ipython==7.13.0->-r dev_requirements.txt (line 9)) (0.7.1)
Requirement already satisfied: webencodings in /usr/local/lib/python3.6/site-packages (from bleach->nbconvert==5.6.1->-r dev_requirements.txt (line 10)) (0.5.1)
Requirement already satisfied: jsonschema!=2.5.0,>=2.4 in /usr/local/lib/python3.6/site-packages (from nbformat>=4.4->nbconvert==5.6.1->-r dev_requirements.txt (line 10)) (3.2.0)
Requirement already satisfied: MarkupSafe>=0.23 in /usr/local/lib/python3.6/site-packages (from jinja2>=2.4->nbconvert==5.6.1->-r dev_requirements.txt (line 10)) (1.1.1)
Requirement already satisfied: slicer in /usr/local/lib/python3.6/site-packages (from shap>=0.36->alibi==0.5.4->-r dev_requirements.txt (line 11)) (0.0.3)
Requirement already satisfied: tqdm>4.25.0 in /usr/local/lib/python3.6/site-packages (from shap>=0.36->alibi==0.5.4->-r dev_requirements.txt (line 11)) (4.48.2)
Requirement already satisfied: numba in /usr/local/lib/python3.6/site-packages (from shap>=0.36->alibi==0.5.4->-r dev_requirements.txt (line 11)) (0.51.2)
Requirement already satisfied: colorful>=0.4.0 in /usr/local/lib/python3.6/site-packages (from prettyprinter->alibi==0.5.4->-r dev_requirements.txt (line 11)) (0.5.4)
Requirement already satisfied: soupsieve>1.2 in /usr/local/lib/python3.6/site-packages (from beautifulsoup4->alibi==0.5.4->-r dev_requirements.txt (line 11)) (2.0.1)
Requirement already satisfied: wasabi<1.1.0,>=0.4.0 in /usr/local/lib/python3.6/site-packages (from spacy[lookups]->alibi==0.5.4->-r dev_requirements.txt (line 11)) (0.8.0)
Requirement already satisfied: plac<1.2.0,>=0.9.6 in /usr/local/lib/python3.6/site-packages (from spacy[lookups]->alibi==0.5.4->-r dev_requirements.txt (line 11)) (1.1.3)
Requirement already satisfied: cymem<2.1.0,>=2.0.2 in /usr/local/lib/python3.6/site-packages (from spacy[lookups]->alibi==0.5.4->-r dev_requirements.txt (line 11)) (2.0.3)
Requirement already satisfied: murmurhash<1.1.0,>=0.28.0 in /usr/local/lib/python3.6/site-packages (from spacy[lookups]->alibi==0.5.4->-r dev_requirements.txt (line 11)) (1.0.2)
Requirement already satisfied: blis<0.5.0,>=0.4.0 in /usr/local/lib/python3.6/site-packages (from spacy[lookups]->alibi==0.5.4->-r dev_requirements.txt (line 11)) (0.4.1)
Requirement already satisfied: srsly<1.1.0,>=1.0.2 in /usr/local/lib/python3.6/site-packages (from spacy[lookups]->alibi==0.5.4->-r dev_requirements.txt (line 11)) (1.0.2)
Requirement already satisfied: thinc==7.4.1 in /usr/local/lib/python3.6/site-packages (from spacy[lookups]->alibi==0.5.4->-r dev_requirements.txt (line 11)) (7.4.1)
Requirement already satisfied: catalogue<1.1.0,>=0.0.7 in /usr/local/lib/python3.6/site-packages (from spacy[lookups]->alibi==0.5.4->-r dev_requirements.txt (line 11)) (1.0.0)
Requirement already satisfied: preshed<3.1.0,>=3.0.2 in /usr/local/lib/python3.6/site-packages (from spacy[lookups]->alibi==0.5.4->-r dev_requirements.txt (line 11)) (3.0.2)
Requirement already satisfied: spacy-lookups-data<0.4.0,>=0.3.2; extra == "lookups" in /usr/local/lib/python3.6/site-packages (from spacy[lookups]->alibi==0.5.4->-r dev_requirements.txt (line 11)) (0.3.2)
Requirement already satisfied: joblib>=0.11 in /usr/local/lib/python3.6/site-packages (from scikit-learn->alibi==0.5.4->-r dev_requirements.txt (line 11)) (0.16.0)
Requirement already satisfied: threadpoolctl>=2.0.0 in /usr/local/lib/python3.6/site-packages (from scikit-learn->alibi==0.5.4->-r dev_requirements.txt (line 11)) (2.1.0)
Requirement already satisfied: certifi>=2017.4.17 in /usr/local/lib/python3.6/site-packages (from requests->alibi==0.5.4->-r dev_requirements.txt (line 11)) (2020.6.20)
Requirement already satisfied: idna<3,>=2.5 in /usr/local/lib/python3.6/site-packages (from requests->alibi==0.5.4->-r dev_requirements.txt (line 11)) (2.10)
Requirement already satisfied: urllib3!=1.25.0,!=1.25.1,<1.26,>=1.21.1 in /usr/local/lib/python3.6/site-packages (from requests->alibi==0.5.4->-r dev_requirements.txt (line 11)) (1.25.10)
Requirement already satisfied: chardet<4,>=3.0.2 in /usr/local/lib/python3.6/site-packages (from requests->alibi==0.5.4->-r dev_requirements.txt (line 11)) (3.0.4)
Requirement already satisfied: pytz>=2017.2 in /usr/local/lib/python3.6/site-packages (from pandas->alibi==0.5.4->-r dev_requirements.txt (line 11)) (2020.1)
Requirement already satisfied: PyWavelets>=1.1.1 in /usr/local/lib/python3.6/site-packages (from scikit-image!=0.17.1->alibi==0.5.4->-r dev_requirements.txt (line 11)) (1.1.1)
Requirement already satisfied: networkx>=2.0 in /usr/local/lib/python3.6/site-packages (from scikit-image!=0.17.1->alibi==0.5.4->-r dev_requirements.txt (line 11)) (2.5)
Requirement already satisfied: tifffile>=2019.7.26 in /usr/local/lib/python3.6/site-packages (from scikit-image!=0.17.1->alibi==0.5.4->-r dev_requirements.txt (line 11)) (2020.9.3)
Requirement already satisfied: imageio>=2.3.0 in /usr/local/lib/python3.6/site-packages (from scikit-image!=0.17.1->alibi==0.5.4->-r dev_requirements.txt (line 11)) (2.9.0)
Requirement already satisfied: markdown>=2.6.8 in /usr/local/lib/python3.6/site-packages (from tensorboard<1.16.0,>=1.15.0->tensorflow==1.15.2->-r dev_requirements.txt (line 13)) (3.2.2)
Requirement already satisfied: werkzeug>=0.11.15 in /usr/local/lib/python3.6/site-packages (from tensorboard<1.16.0,>=1.15.0->tensorflow==1.15.2->-r dev_requirements.txt (line 13)) (1.0.1)
Requirement already satisfied: h5py in /usr/local/lib/python3.6/site-packages (from keras-applications>=1.0.8->tensorflow==1.15.2->-r dev_requirements.txt (line 13)) (2.10.0)
Requirement already satisfied: pyrsistent>=0.14.0 in /usr/local/lib/python3.6/site-packages (from jsonschema!=2.5.0,>=2.4->nbformat>=4.4->nbconvert==5.6.1->-r dev_requirements.txt (line 10)) (0.16.0)
Requirement already satisfied: llvmlite<0.35,>=0.34.0.dev0 in /usr/local/lib/python3.6/site-packages (from numba->shap>=0.36->alibi==0.5.4->-r dev_requirements.txt (line 11)) (0.34.0)
Installing collected packages: pytest, coverage, pytest-cov, tenacity, alibi
  Attempting uninstall: pytest
    Found existing installation: pytest 6.0.2
    Uninstalling pytest-6.0.2:
      Successfully uninstalled pytest-6.0.2
  Attempting uninstall: coverage
    Found existing installation: coverage 5.3
    Uninstalling coverage-5.3:
      Successfully uninstalled coverage-5.3
  Attempting uninstall: pytest-cov
    Found existing installation: pytest-cov 2.10.1
    Uninstalling pytest-cov-2.10.1:
      Successfully uninstalled pytest-cov-2.10.1
  Attempting uninstall: tenacity
    Found existing installation: tenacity 6.2.0
    Uninstalling tenacity-6.2.0:
      Successfully uninstalled tenacity-6.2.0
  Attempting uninstall: alibi
    Found existing installation: alibi 0.5.2
    Uninstalling alibi-0.5.2:
      Successfully uninstalled alibi-0.5.2
ERROR: After October 2020 you may experience errors when installing or updating packages. This is because pip will change the way that it resolves dependency conflicts.

We recommend you use --use-feature=2020-resolver to test your packages with the new resolver before it becomes the default.

alibi 0.5.4 requires tensorflow>=2.0, but you'll have tensorflow 1.15.2 which is incompatible.
Successfully installed alibi-0.5.4 coverage-4.5.4 pytest-5.3.1 pytest-cov-2.8.1 tenacity-6.0.0
WARNING: You are using pip version 20.2.2; however, version 20.2.3 is available.
You should consider upgrading via the '/usr/local/bin/python -m pip install --upgrade pip' command.
pip install -e ../../python
Obtaining file:///workspace/source/python
Requirement already satisfied: Flask<2.0.0 in /usr/local/lib/python3.6/site-packages (from seldon-core==1.2.3.dev0) (1.1.2)
Requirement already satisfied: jsonschema<4.0.0 in /usr/local/lib/python3.6/site-packages (from seldon-core==1.2.3.dev0) (3.2.0)
Requirement already satisfied: Flask-cors<4.0.0 in /usr/local/lib/python3.6/site-packages (from seldon-core==1.2.3.dev0) (3.0.9)
Requirement already satisfied: redis<4.0.0 in /usr/local/lib/python3.6/site-packages (from seldon-core==1.2.3.dev0) (3.5.3)
Requirement already satisfied: requests<3.0.0 in /usr/local/lib/python3.6/site-packages (from seldon-core==1.2.3.dev0) (2.24.0)
Requirement already satisfied: numpy<2.0.0 in /usr/local/lib/python3.6/site-packages (from seldon-core==1.2.3.dev0) (1.19.1)
Requirement already satisfied: flatbuffers<2.0.0 in /usr/local/lib/python3.6/site-packages (from seldon-core==1.2.3.dev0) (1.12)
Requirement already satisfied: protobuf<4.0.0 in /usr/local/lib/python3.6/site-packages (from seldon-core==1.2.3.dev0) (3.13.0)
Requirement already satisfied: grpcio<2.0.0 in /usr/local/lib/python3.6/site-packages (from seldon-core==1.2.3.dev0) (1.31.0)
Requirement already satisfied: Flask-OpenTracing<1.2.0,>=1.1.0 in /usr/local/lib/python3.6/site-packages (from seldon-core==1.2.3.dev0) (1.1.0)
Requirement already satisfied: opentracing<2.4.0,>=2.2.0 in /usr/local/lib/python3.6/site-packages (from seldon-core==1.2.3.dev0) (2.3.0)
Requirement already satisfied: jaeger-client<4.4.0,>=4.1.0 in /usr/local/lib/python3.6/site-packages (from seldon-core==1.2.3.dev0) (4.3.0)
Requirement already satisfied: grpcio-opentracing<1.2.0,>=1.1.4 in /usr/local/lib/python3.6/site-packages (from seldon-core==1.2.3.dev0) (1.1.4)
Requirement already satisfied: PyYAML<5.4 in /usr/local/lib/python3.6/site-packages (from seldon-core==1.2.3.dev0) (5.3.1)
Requirement already satisfied: gunicorn<20.1.0,>=19.9.0 in /usr/local/lib/python3.6/site-packages (from seldon-core==1.2.3.dev0) (20.0.4)
Requirement already satisfied: setuptools>=41.0.0 in /usr/local/lib/python3.6/site-packages (from seldon-core==1.2.3.dev0) (50.3.0)
Requirement already satisfied: prometheus_client<0.9.0,>=0.7.1 in /usr/local/lib/python3.6/site-packages (from seldon-core==1.2.3.dev0) (0.8.0)
Requirement already satisfied: Jinja2>=2.10.1 in /usr/local/lib/python3.6/site-packages (from Flask<2.0.0->seldon-core==1.2.3.dev0) (2.11.2)
Requirement already satisfied: itsdangerous>=0.24 in /usr/local/lib/python3.6/site-packages (from Flask<2.0.0->seldon-core==1.2.3.dev0) (1.1.0)
Requirement already satisfied: click>=5.1 in /usr/local/lib/python3.6/site-packages (from Flask<2.0.0->seldon-core==1.2.3.dev0) (7.1.2)
Requirement already satisfied: Werkzeug>=0.15 in /usr/local/lib/python3.6/site-packages (from Flask<2.0.0->seldon-core==1.2.3.dev0) (1.0.1)
Requirement already satisfied: six>=1.11.0 in /usr/local/lib/python3.6/site-packages (from jsonschema<4.0.0->seldon-core==1.2.3.dev0) (1.15.0)
Requirement already satisfied: importlib-metadata; python_version < "3.8" in /usr/local/lib/python3.6/site-packages (from jsonschema<4.0.0->seldon-core==1.2.3.dev0) (1.7.0)
Requirement already satisfied: pyrsistent>=0.14.0 in /usr/local/lib/python3.6/site-packages (from jsonschema<4.0.0->seldon-core==1.2.3.dev0) (0.16.0)
Requirement already satisfied: attrs>=17.4.0 in /usr/local/lib/python3.6/site-packages (from jsonschema<4.0.0->seldon-core==1.2.3.dev0) (20.2.0)
Requirement already satisfied: idna<3,>=2.5 in /usr/local/lib/python3.6/site-packages (from requests<3.0.0->seldon-core==1.2.3.dev0) (2.10)
Requirement already satisfied: urllib3!=1.25.0,!=1.25.1,<1.26,>=1.21.1 in /usr/local/lib/python3.6/site-packages (from requests<3.0.0->seldon-core==1.2.3.dev0) (1.25.10)
Requirement already satisfied: chardet<4,>=3.0.2 in /usr/local/lib/python3.6/site-packages (from requests<3.0.0->seldon-core==1.2.3.dev0) (3.0.4)
Requirement already satisfied: certifi>=2017.4.17 in /usr/local/lib/python3.6/site-packages (from requests<3.0.0->seldon-core==1.2.3.dev0) (2020.6.20)
Requirement already satisfied: tornado>=4.3 in /usr/local/lib/python3.6/site-packages (from jaeger-client<4.4.0,>=4.1.0->seldon-core==1.2.3.dev0) (6.0.4)
Requirement already satisfied: thrift in /usr/local/lib/python3.6/site-packages (from jaeger-client<4.4.0,>=4.1.0->seldon-core==1.2.3.dev0) (0.13.0)
Requirement already satisfied: threadloop<2,>=1 in /usr/local/lib/python3.6/site-packages (from jaeger-client<4.4.0,>=4.1.0->seldon-core==1.2.3.dev0) (1.0.2)
Requirement already satisfied: MarkupSafe>=0.23 in /usr/local/lib/python3.6/site-packages (from Jinja2>=2.10.1->Flask<2.0.0->seldon-core==1.2.3.dev0) (1.1.1)
Requirement already satisfied: zipp>=0.5 in /usr/local/lib/python3.6/site-packages (from importlib-metadata; python_version < "3.8"->jsonschema<4.0.0->seldon-core==1.2.3.dev0) (3.1.0)
Installing collected packages: seldon-core
  Attempting uninstall: seldon-core
    Found existing installation: seldon-core 1.2.3.dev0
    Uninstalling seldon-core-1.2.3.dev0:
      Successfully uninstalled seldon-core-1.2.3.dev0
  Running setup.py develop for seldon-core
Successfully installed seldon-core
WARNING: You are using pip version 20.2.2; however, version 20.2.3 is available.
You should consider upgrading via the '/usr/local/bin/python -m pip install --upgrade pip' command.
# Run the core tests in parallel
pytest \
	--verbose \
	-s \
	-W ignore \
	-n "4" \
	-m "not sequential and not notebooks" 2>&1
============================= test session starts ==============================
platform linux -- Python 3.6.10, pytest-5.3.1, py-1.9.0, pluggy-0.13.1 -- /usr/local/bin/python
cachedir: .pytest_cache
rootdir: /workspace/source/testing/scripts, inifile: setup.cfg
plugins: cov-2.8.1, xdist-1.30.0, flaky-3.6.1, forked-1.3.0
gw0 I / gw1 I / gw2 I / gw3 I
[gw0] linux Python 3.6.10 cwd: /workspace/source/testing/scripts
[gw1] linux Python 3.6.10 cwd: /workspace/source/testing/scripts
[gw2] linux Python 3.6.10 cwd: /workspace/source/testing/scripts
[gw3] linux Python 3.6.10 cwd: /workspace/source/testing/scripts
[gw1] Python 3.6.10 (default, Sep  7 2020, 08:27:30)  -- [GCC 8.3.0]
[gw0] Python 3.6.10 (default, Sep  7 2020, 08:27:30)  -- [GCC 8.3.0]
[gw3] Python 3.6.10 (default, Sep  7 2020, 08:27:30)  -- [GCC 8.3.0]
[gw2] Python 3.6.10 (default, Sep  7 2020, 08:27:30)  -- [GCC 8.3.0]
gw0 [33] / gw1 [33] / gw2 [33] / gw3 [33]

scheduling tests via LoadScheduling

test_api_version.py::test_api_version[machinelearning.seldon.io/v1alpha2] 
test_api_version.py::test_api_version[machinelearning.seldon.io/v1alpha3] 
test_bad_graphs.py::TestBadGraphs::test_duplicate_predictor_name 
test_api_version.py::test_api_version[machinelearning.seldon.io/v1] Error from server (SeldonDeployment.machinelearing.seldon.io "dupname" is invalid: [spec.predictors[1]: Invalid value: "mymodel": Duplicate predictor name, spec: Invalid value: "mymodel": Traffic must sum to 100 for multiple predictors]): error when creating "../resources/bad_duplicate_predictor_name.json": admission webhook "v1alpha2.vseldondeployment.kb.io" denied the request: SeldonDeployment.machinelearing.seldon.io "dupname" is invalid: [spec.predictors[1]: Invalid value: "mymodel": Duplicate predictor name, spec: Invalid value: "mymodel": Traffic must sum to 100 for multiple predictors]

[gw2] PASSED test_bad_graphs.py::TestBadGraphs::test_duplicate_predictor_name 
test_helm_charts_clusterwide.py::TestClusterWide::test_single_model Error: uninstall: Release not loaded: mymodel: release: not found

[gw0] PASSED test_api_version.py::test_api_version[machinelearning.seldon.io/v1alpha3] Error: uninstall: Release not loaded: mymodel: release: not found

[gw1] PASSED test_api_version.py::test_api_version[machinelearning.seldon.io/v1alpha2] Error: uninstall: Release not loaded: mymodel: release: not found

[gw2] PASSED test_helm_charts_clusterwide.py::TestClusterWide::test_single_model Error: uninstall: Release not loaded: mymodel: release: not found

[gw3] PASSED test_api_version.py::test_api_version[machinelearning.seldon.io/v1] 
test_batch_processor.py::TestBatchWorker::test_batch_worker 
test_bad_graphs.py::TestBadGraphs::test_model_no_graph Error from server (SeldonDeployment.machinelearing.seldon.io "test-deployment" is invalid: spec.predictors[0].graph: Invalid value: "": Can't find container for Predictive Unit): error when creating "../resources/bad_no_graph.yaml": admission webhook "v1.vseldondeployment.kb.io" denied the request: SeldonDeployment.machinelearing.seldon.io "test-deployment" is invalid: spec.predictors[0].graph: Invalid value: "": Can't find container for Predictive Unit

[gw0] PASSED test_bad_graphs.py::TestBadGraphs::test_model_no_graph 
test_local_operators.py::TestLocalOperators::test_labelled_operator 
test_helm_charts_clusterwide.py::TestClusterWide::test_abtest_model 
test_bad_graphs.py::TestBadGraphs::test_model_name_mismatch Error from server (SeldonDeployment.machinelearing.seldon.io "namemismatch" is invalid: spec.predictors[0].graph: Invalid value: "complex-model_bad_name": Can't find container for Predictive Unit): error when creating "../resources/bad_name_mismatch.json": admission webhook "v1alpha2.vseldondeployment.kb.io" denied the request: SeldonDeployment.machinelearing.seldon.io "namemismatch" is invalid: spec.predictors[0].graph: Invalid value: "complex-model_bad_name": Can't find container for Predictive Unit

[gw1] PASSED test_bad_graphs.py::TestBadGraphs::test_model_name_mismatch 
test_prepackaged_servers.py::TestPrepack::test_tfserving Error from server (InternalError): error when creating "../resources/model_controller_id.yaml": Internal error occurred: failed calling webhook "v1alpha2.mseldondeployment.kb.io": Post https://seldon-webhook-service.test-labelled-operator.svc:443/mutate-machinelearning-seldon-io-v1alpha2-seldondeployment?timeout=30s: dial tcp 10.109.36.35:443: connect: connection refused

[gw0] PASSED test_local_operators.py::TestLocalOperators::test_labelled_operator 
test_prepackaged_servers.py::TestPrepack::test_sklearn Error: uninstall: Release not loaded: myabtest: release: not found

[gw2] PASSED test_helm_charts_clusterwide.py::TestClusterWide::test_abtest_model 
[gw0] PASSED test_prepackaged_servers.py::TestPrepack::test_sklearn 
[gw3] PASSED test_batch_processor.py::TestBatchWorker::test_batch_worker 
test_helm_charts_clusterwide.py::TestClusterWide::test_mab_model 
test_prepackaged_servers.py::TestPrepack::test_mlflow 
test_local_operators.py::TestLocalOperators::test_namespace_operator 
[gw1] PASSED test_prepackaged_servers.py::TestPrepack::test_tfserving Error: uninstall: Release not loaded: mymab: release: not found

[gw2] PASSED test_helm_charts_clusterwide.py::TestClusterWide::test_mab_model 
test_prepackaged_servers.py::TestPrepack::test_xgboost 
[gw3] PASSED test_local_operators.py::TestLocalOperators::test_namespace_operator 
test_rolling_updates.py::test_rolling_deployment[graph1.json-graph2.json-True-ambas] 
test_prepackaged_servers.py::TestPrepack::test_text_alibi_explainer 
[gw1] PASSED test_prepackaged_servers.py::TestPrepack::test_xgboost 
[gw0] PASSED test_prepackaged_servers.py::TestPrepack::test_mlflow 
test_rolling_updates.py::test_rolling_deployment[graph1.json-graph2.json-True-istio] 
test_prepackaged_servers.py::TestPrepack::test_openapi_sklearn 
[gw3] PASSED test_rolling_updates.py::test_rolling_deployment[graph1.json-graph2.json-True-ambas] 
[gw0] PASSED test_prepackaged_servers.py::TestPrepack::test_openapi_sklearn 
test_rolling_updates.py::test_rolling_deployment[graph1.json-graph3.json-True-ambas] 
test_rolling_updates.py::test_rolling_deployment[graph1.json-graph4.json-True-istio] 
[gw2] FAILED test_prepackaged_servers.py::TestPrepack::test_text_alibi_explainer 
[gw1] PASSED test_rolling_updates.py::test_rolling_deployment[graph1.json-graph2.json-True-istio] 
test_rolling_updates.py::test_rolling_deployment[graph1.json-graph4.json-True-ambas] 
test_rolling_updates.py::test_rolling_deployment[graph1.json-graph3.json-True-istio] 
[gw3] PASSED test_rolling_updates.py::test_rolling_deployment[graph1.json-graph3.json-True-ambas] 
test_rolling_updates.py::test_rolling_deployment[graph1.json-graph5.json-True-ambas] 
[gw1] PASSED test_rolling_updates.py::test_rolling_deployment[graph1.json-graph4.json-True-ambas] 
test_rolling_updates.py::test_rolling_deployment[graph1.json-graph4.json-True-istio] 
test_rolling_updates.py::test_rolling_deployment[graph1.json-graph8.json-True-ambas] 
test_rolling_updates.py::test_rolling_deployment[graph1.json-graph3.json-True-istio] 
[gw3] PASSED test_rolling_updates.py::test_rolling_deployment[graph1.json-graph5.json-True-ambas] 
[gw0] PASSED test_rolling_updates.py::test_rolling_deployment[graph1.json-graph4.json-True-istio] 
test_rolling_updates.py::test_rolling_deployment[graph7.json-graph8.json-False-ambas] 
[gw1] PASSED test_rolling_updates.py::test_rolling_deployment[graph1.json-graph8.json-True-ambas] 
[gw2] PASSED test_rolling_updates.py::test_rolling_deployment[graph1.json-graph3.json-True-istio] 
test_rolling_updates.py::test_rolling_deployment[graph1.json-graph5.json-True-istio] 
[gw3] PASSED test_rolling_updates.py::test_rolling_deployment[graph7.json-graph8.json-False-ambas] 
test_rolling_updates.py::test_rolling_deployment[graph7.json-graph8.json-False-istio] 
test_rolling_updates.py::test_rolling_deployment[graph1.json-graph8.json-True-istio] 
[gw1] PASSED test_rolling_updates.py::test_rolling_deployment[graph7.json-graph8.json-False-istio] 
test_security.py::test_xss_escaping 
test_tracing.py::test_tracing_rest 
[gw3] PASSED test_security.py::test_xss_escaping 
[gw0] PASSED test_rolling_updates.py::test_rolling_deployment[graph1.json-graph5.json-True-istio] 
[gw2] PASSED test_rolling_updates.py::test_rolling_deployment[graph1.json-graph8.json-True-istio] 
[gw1] PASSED test_tracing.py::test_tracing_rest 
test_security.py::test_xss_header 
[gw0] PASSED test_security.py::test_xss_header 

=================================== FAILURES ===================================
____________________ TestPrepack.test_text_alibi_explainer _____________________
[gw2] linux -- Python 3.6.10 /usr/local/bin/python

self = <test_prepackaged_servers.TestPrepack object at 0x7f6276bd6f60>
namespace = 'test-text-alibi-explainer'

    def test_text_alibi_explainer(self, namespace):
        spec = "../resources/movies-text-explainer.yaml"
        retry_run(f"kubectl apply -f {spec} -n {namespace}")
        wait_for_status("movie", namespace)
        wait_for_rollout("movie", namespace, expected_deployments=2)
        time.sleep(5)
        logging.warning("Initial request")
        r = initial_rest_request(
            "movie", namespace, data=["This is test data"], dtype="ndarray"
        )
        log_sdep_logs("movie", namespace)
        assert r.status_code == 200
        e = initial_rest_request(
            "movie",
            namespace,
            data=["This is test data"],
            dtype="ndarray",
            method="explain",
            predictor_name="movies-predictor",
        )
        log_sdep_logs("movie", namespace)
>       assert e.status_code == 200
E       AttributeError: 'NoneType' object has no attribute 'status_code'

test_prepackaged_servers.py:155: AttributeError
------------------------------ Captured log call -------------------------------
WARNING  root:seldon_e2e_utils.py:188 Failed to find status - sleeping
WARNING  root:seldon_e2e_utils.py:188 Failed to find status - sleeping
WARNING  root:seldon_e2e_utils.py:188 Failed to find status - sleeping
WARNING  root:seldon_e2e_utils.py:188 Failed to find status - sleeping
WARNING  root:seldon_e2e_utils.py:188 Failed to find status - sleeping
WARNING  root:seldon_e2e_utils.py:188 Failed to find status - sleeping
WARNING  root:seldon_e2e_utils.py:188 Failed to find status - sleeping
WARNING  root:seldon_e2e_utils.py:188 Failed to find status - sleeping
WARNING  root:seldon_e2e_utils.py:188 Failed to find status - sleeping
WARNING  root:seldon_e2e_utils.py:188 Failed to find status - sleeping
WARNING  root:seldon_e2e_utils.py:188 Failed to find status - sleeping
WARNING  root:seldon_e2e_utils.py:188 Failed to find status - sleeping
WARNING  root:seldon_e2e_utils.py:188 Failed to find status - sleeping
WARNING  root:test_prepackaged_servers.py:140 Initial request
WARNING  root:seldon_e2e_utils.py:99 [I 200914 14:52:39 initializer-entrypoint:13] Initializing, args: src_uri [gs://seldon-models/sklearn/moviesentiment] dest_path[ [/mnt/models]
[I 200914 14:52:39 storage:35] Copying contents of gs://seldon-models/sklearn/moviesentiment to local
[I 200914 14:52:39 storage:111] Downloading: /mnt/models/model.joblib
[I 200914 14:52:39 storage:60] Successfully copied gs://seldon-models/sklearn/moviesentiment to /mnt/models
starting microservice
2020-09-14 14:52:43,651 - seldon_core.microservice:main:207 - INFO:  Starting microservice.py:main
2020-09-14 14:52:43,651 - seldon_core.microservice:main:208 - INFO:  Seldon Core version: 1.2.3-dev
2020-09-14 14:52:43,653 - seldon_core.microservice:main:310 - INFO:  Parse JAEGER_EXTRA_TAGS []
2020-09-14 14:52:43,653 - seldon_core.microservice:load_annotations:135 - INFO:  Found annotation kubernetes.io/config.seen:2020-09-14T14:52:37.034740692Z 
2020-09-14 14:52:43,653 - seldon_core.microservice:load_annotations:135 - INFO:  Found annotation kubernetes.io/config.source:api 
2020-09-14 14:52:43,654 - seldon_core.microservice:load_annotations:135 - INFO:  Found annotation prometheus.io/path:/prometheus 
2020-09-14 14:52:43,654 - seldon_core.microservice:load_annotations:135 - INFO:  Found annotation prometheus.io/scrape:true 
2020-09-14 14:52:43,654 - seldon_core.microservice:main:313 - INFO:  Annotations: {'kubernetes.io/config.seen': '2020-09-14T14:52:37.034740692Z', 'kubernetes.io/config.source': 'api', 'prometheus.io/path': '/prometheus', 'prometheus.io/scrape': 'true'}
2020-09-14 14:52:43,654 - seldon_core.microservice:main:317 - INFO:  Importing SKLearnServer
2020-09-14 14:52:43,683 - SKLearnServer:__init__:21 - INFO:  Model uri: /mnt/models
2020-09-14 14:52:43,683 - SKLearnServer:__init__:22 - INFO:  method: predict_proba
2020-09-14 14:52:43,683 - SKLearnServer:load:26 - INFO:  load
2020-09-14 14:52:43,683 - root:download:47 - INFO:  Copying contents of /mnt/models to local
2020-09-14 14:52:43,683 - SKLearnServer:load:30 - INFO:  model file: /mnt/models/model.joblib
2020-09-14 14:52:44,420 - seldon_core.microservice:main:388 - INFO:  REST gunicorn microservice running on port 9000
2020-09-14 14:52:44,422 - seldon_core.microservice:main:446 - INFO:  REST metrics microservice running on port 6000
2020-09-14 14:52:44,423 - seldon_core.microservice:main:456 - INFO:  Starting servers
[2020-09-14 14:52:44 +0000] [62] [INFO] Starting gunicorn 20.0.4
[2020-09-14 14:52:44 +0000] [62] [INFO] Listening at: http://0.0.0.0:6000 (62)
[2020-09-14 14:52:44 +0000] [62] [INFO] Using worker: sync
[2020-09-14 14:52:44 +0000] [7] [INFO] Starting gunicorn 20.0.4
[2020-09-14 14:52:44 +0000] [68] [INFO] Booting worker with pid: 68
[2020-09-14 14:52:44 +0000] [7] [INFO] Listening at: http://0.0.0.0:9000 (7)
[2020-09-14 14:52:44 +0000] [7] [INFO] Using worker: threads
[2020-09-14 14:52:44 +0000] [69] [INFO] Booting worker with pid: 69
2020-09-14 14:52:44,505 - SKLearnServer:load:26 - INFO:  load
2020-09-14 14:52:44,505 - root:download:47 - INFO:  Copying contents of /mnt/models to local
2020-09-14 14:52:44,506 - SKLearnServer:load:30 - INFO:  model file: /mnt/models/model.joblib
10.244.1.14 - - [14/Sep/2020:14:52:52 +0000] "GET /prometheus HTTP/1.1" 404 232 "-" "Prometheus/2.12.0"
10.244.1.14 - - [14/Sep/2020:14:52:57 +0000] "GET /prometheus HTTP/1.1" 200 0 "-" "Prometheus/2.12.0"
10.244.1.14 - - [14/Sep/2020:14:53:07 +0000] "GET /prometheus HTTP/1.1" 404 232 "-" "Prometheus/2.12.0"
10.244.1.14 - - [14/Sep/2020:14:53:12 +0000] "GET /prometheus HTTP/1.1" 200 0 "-" "Prometheus/2.12.0"
10.244.1.14 - - [14/Sep/2020:14:53:22 +0000] "GET /prometheus HTTP/1.1" 404 232 "-" "Prometheus/2.12.0"
10.244.1.14 - - [14/Sep/2020:14:53:27 +0000] "GET /prometheus HTTP/1.1" 200 0 "-" "Prometheus/2.12.0"
10.244.1.14 - - [14/Sep/2020:14:53:37 +0000] "GET /prometheus HTTP/1.1" 404 232 "-" "Prometheus/2.12.0"
10.244.1.14 - - [14/Sep/2020:14:53:42 +0000] "GET /prometheus HTTP/1.1" 200 0 "-" "Prometheus/2.12.0"
2020-09-14 14:53:50,360 - SKLearnServer:predict:41 - INFO:  Calling predict_proba
127.0.0.1 - - [14/Sep/2020:14:53:50 +0000] "POST /predict HTTP/1.1" 200 95 "-" "python-requests/2.24.0"
{"level":"info","ts":1600095162.715151,"logger":"entrypoint","msg":"Trying to get predictor from Env"}
{"level":"info","ts":1600095162.7210336,"logger":"entrypoint","msg":"Starting","worker":1}
{"level":"info","ts":1600095162.721116,"logger":"entrypoint","msg":"Starting","worker":2}
{"level":"info","ts":1600095162.7211215,"logger":"entrypoint","msg":"Starting","worker":3}
{"level":"info","ts":1600095162.7211256,"logger":"entrypoint","msg":"Starting","worker":4}
{"level":"info","ts":1600095162.7211294,"logger":"entrypoint","msg":"Starting","worker":5}
{"level":"info","ts":1600095162.722153,"logger":"entrypoint","msg":"Running HTTP server ","port":8000}
{"level":"info","ts":1600095162.7222047,"logger":"entrypoint","msg":"Running gRPC server ","port":8000}
{"level":"info","ts":1600095162.7222445,"logger":"entrypoint","msg":"Setting max message size ","size":2147483647}
{"level":"info","ts":1600095162.7231576,"logger":"SeldonRestApi","msg":"Listening","Address":"0.0.0.0:8000"}
{"level":"info","ts":1600095162.723274,"logger":"entrypoint","msg":"server started"}

WARNING  root:seldon_e2e_utils.py:99 2020-09-14 14:52:52.971961: W tensorflow/stream_executor/platform/default/dso_loader.cc:59] Could not load dynamic library 'libcudart.so.10.1'; dlerror: libcudart.so.10.1: cannot open shared object file: No such file or directory
2020-09-14 14:52:52.972039: I tensorflow/stream_executor/cuda/cudart_stub.cc:29] Ignore above cudart dlerror if you do not have a GPU set up on your machine.
INFO:root:Extra args: {}
INFO:root:Predict URL set to movie-movies-predictor.test-text-alibi-explainer:8000
INFO:root:Protocol is seldon.http
INFO:root:Anchor Text args {}
INFO:root:Loading Spacy Language model for en_core_web_md
Collecting en_core_web_md==2.3.1
  Downloading https://github.com/explosion/spacy-models/releases/download/en_core_web_md-2.3.1/en_core_web_md-2.3.1.tar.gz (50.8 MB)
Requirement already satisfied: spacy<2.4.0,>=2.3.0 in /opt/app-root/lib/python3.6/site-packages (from en_core_web_md==2.3.1) (2.3.2)
Requirement already satisfied: setuptools in /opt/app-root/lib/python3.6/site-packages (from spacy<2.4.0,>=2.3.0->en_core_web_md==2.3.1) (39.2.0)
Requirement already satisfied: tqdm<5.0.0,>=4.38.0 in /opt/app-root/lib/python3.6/site-packages (from spacy<2.4.0,>=2.3.0->en_core_web_md==2.3.1) (4.49.0)
Requirement already satisfied: cymem<2.1.0,>=2.0.2 in /opt/app-root/lib/python3.6/site-packages (from spacy<2.4.0,>=2.3.0->en_core_web_md==2.3.1) (2.0.3)
Requirement already satisfied: blis<0.5.0,>=0.4.0 in /opt/app-root/lib/python3.6/site-packages (from spacy<2.4.0,>=2.3.0->en_core_web_md==2.3.1) (0.4.1)
Requirement already satisfied: numpy>=1.15.0 in /opt/app-root/lib/python3.6/site-packages (from spacy<2.4.0,>=2.3.0->en_core_web_md==2.3.1) (1.19.2)
Requirement already satisfied: thinc==7.4.1 in /opt/app-root/lib/python3.6/site-packages (from spacy<2.4.0,>=2.3.0->en_core_web_md==2.3.1) (7.4.1)
Requirement already satisfied: preshed<3.1.0,>=3.0.2 in /opt/app-root/lib/python3.6/site-packages (from spacy<2.4.0,>=2.3.0->en_core_web_md==2.3.1) (3.0.2)
Requirement already satisfied: requests<3.0.0,>=2.13.0 in /opt/app-root/lib/python3.6/site-packages (from spacy<2.4.0,>=2.3.0->en_core_web_md==2.3.1) (2.24.0)
Requirement already satisfied: plac<1.2.0,>=0.9.6 in /opt/app-root/lib/python3.6/site-packages (from spacy<2.4.0,>=2.3.0->en_core_web_md==2.3.1) (1.1.3)
Requirement already satisfied: catalogue<1.1.0,>=0.0.7 in /opt/app-root/lib/python3.6/site-packages (from spacy<2.4.0,>=2.3.0->en_core_web_md==2.3.1) (1.0.0)
Requirement already satisfied: wasabi<1.1.0,>=0.4.0 in /opt/app-root/lib/python3.6/site-packages (from spacy<2.4.0,>=2.3.0->en_core_web_md==2.3.1) (0.8.0)
Requirement already satisfied: murmurhash<1.1.0,>=0.28.0 in /opt/app-root/lib/python3.6/site-packages (from spacy<2.4.0,>=2.3.0->en_core_web_md==2.3.1) (1.0.2)
Requirement already satisfied: srsly<1.1.0,>=1.0.2 in /opt/app-root/lib/python3.6/site-packages (from spacy<2.4.0,>=2.3.0->en_core_web_md==2.3.1) (1.0.2)
Requirement already satisfied: idna<3,>=2.5 in /opt/app-root/lib/python3.6/site-packages (from requests<3.0.0,>=2.13.0->spacy<2.4.0,>=2.3.0->en_core_web_md==2.3.1) (2.10)
Requirement already satisfied: certifi>=2017.4.17 in /opt/app-root/lib/python3.6/site-packages (from requests<3.0.0,>=2.13.0->spacy<2.4.0,>=2.3.0->en_core_web_md==2.3.1) (2020.6.20)
Requirement already satisfied: chardet<4,>=3.0.2 in /opt/app-root/lib/python3.6/site-packages (from requests<3.0.0,>=2.13.0->spacy<2.4.0,>=2.3.0->en_core_web_md==2.3.1) (3.0.4)
Requirement already satisfied: urllib3!=1.25.0,!=1.25.1,<1.26,>=1.21.1 in /opt/app-root/lib/python3.6/site-packages (from requests<3.0.0,>=2.13.0->spacy<2.4.0,>=2.3.0->en_core_web_md==2.3.1) (1.25.10)
Requirement already satisfied: importlib-metadata>=0.20; python_version < "3.8" in /opt/app-root/lib/python3.6/site-packages (from catalogue<1.1.0,>=0.0.7->spacy<2.4.0,>=2.3.0->en_core_web_md==2.3.1) (1.7.0)
Requirement already satisfied: zipp>=0.5 in /opt/app-root/lib/python3.6/site-packages (from importlib-metadata>=0.20; python_version < "3.8"->catalogue<1.1.0,>=0.0.7->spacy<2.4.0,>=2.3.0->en_core_web_md==2.3.1) (3.1.0)
Building wheels for collected packages: en-core-web-md
  Building wheel for en-core-web-md (setup.py): started
  Building wheel for en-core-web-md (setup.py): finished with status 'done'
  Created wheel for en-core-web-md: filename=en_core_web_md-2.3.1-py3-none-any.whl size=50916647 sha256=778a93a1bf027459a524b8bbe0ca65fdeeb08f7ffa7d37e6b0ea9c0a73a90354
  Stored in directory: /tmp/pip-ephem-wheel-cache-n6r59jzl/wheels/52/35/5a/21d21ba55fc116713b5b84c0620e3ebdccb752021aefbeb90f
Successfully built en-core-web-md
Installing collected packages: en-core-web-md
Successfully installed en-core-web-md-2.3.1
[38;5;2mâœ” Download and installation successful[0m
You can now load the model via spacy.load('en_core_web_md')
[38;5;2mâœ” Linking successful[0m
/opt/app-root/lib/python3.6/site-packages/en_core_web_md -->
/opt/app-root/lib/python3.6/site-packages/spacy/data/en_core_web_md
You can now load the model via spacy.load('en_core_web_md')
INFO:root:Language model loaded
INFO:root:Registering model:movie
INFO:root:Listening on port 9000
WARNING:tornado.access:404 GET /prometheus (10.244.1.14) 2.15ms

WARNING  root:seldon_e2e_utils.py:232 Bad status:504
WARNING  root:seldon_e2e_utils.py:232 Bad status:504
WARNING  root:seldon_e2e_utils.py:232 Bad status:504
WARNING  root:seldon_e2e_utils.py:232 Bad status:504
WARNING  root:seldon_e2e_utils.py:99 [I 200914 14:52:39 initializer-entrypoint:13] Initializing, args: src_uri [gs://seldon-models/sklearn/moviesentiment] dest_path[ [/mnt/models]
[I 200914 14:52:39 storage:35] Copying contents of gs://seldon-models/sklearn/moviesentiment to local
[I 200914 14:52:39 storage:111] Downloading: /mnt/models/model.joblib
[I 200914 14:52:39 storage:60] Successfully copied gs://seldon-models/sklearn/moviesentiment to /mnt/models
starting microservice
2020-09-14 14:52:43,651 - seldon_core.microservice:main:207 - INFO:  Starting microservice.py:main
2020-09-14 14:52:43,651 - seldon_core.microservice:main:208 - INFO:  Seldon Core version: 1.2.3-dev
2020-09-14 14:52:43,653 - seldon_core.microservice:main:310 - INFO:  Parse JAEGER_EXTRA_TAGS []
2020-09-14 14:52:43,653 - seldon_core.microservice:load_annotations:135 - INFO:  Found annotation kubernetes.io/config.seen:2020-09-14T14:52:37.034740692Z 
2020-09-14 14:52:43,653 - seldon_core.microservice:load_annotations:135 - INFO:  Found annotation kubernetes.io/config.source:api 
2020-09-14 14:52:43,654 - seldon_core.microservice:load_annotations:135 - INFO:  Found annotation prometheus.io/path:/prometheus 
2020-09-14 14:52:43,654 - seldon_core.microservice:load_annotations:135 - INFO:  Found annotation prometheus.io/scrape:true 
2020-09-14 14:52:43,654 - seldon_core.microservice:main:313 - INFO:  Annotations: {'kubernetes.io/config.seen': '2020-09-14T14:52:37.034740692Z', 'kubernetes.io/config.source': 'api', 'prometheus.io/path': '/prometheus', 'prometheus.io/scrape': 'true'}
2020-09-14 14:52:43,654 - seldon_core.microservice:main:317 - INFO:  Importing SKLearnServer
2020-09-14 14:52:43,683 - SKLearnServer:__init__:21 - INFO:  Model uri: /mnt/models
2020-09-14 14:52:43,683 - SKLearnServer:__init__:22 - INFO:  method: predict_proba
2020-09-14 14:52:43,683 - SKLearnServer:load:26 - INFO:  load
2020-09-14 14:52:43,683 - root:download:47 - INFO:  Copying contents of /mnt/models to local
2020-09-14 14:52:43,683 - SKLearnServer:load:30 - INFO:  model file: /mnt/models/model.joblib
2020-09-14 14:52:44,420 - seldon_core.microservice:main:388 - INFO:  REST gunicorn microservice running on port 9000
2020-09-14 14:52:44,422 - seldon_core.microservice:main:446 - INFO:  REST metrics microservice running on port 6000
2020-09-14 14:52:44,423 - seldon_core.microservice:main:456 - INFO:  Starting servers
[2020-09-14 14:52:44 +0000] [62] [INFO] Starting gunicorn 20.0.4
[2020-09-14 14:52:44 +0000] [62] [INFO] Listening at: http://0.0.0.0:6000 (62)
[2020-09-14 14:52:44 +0000] [62] [INFO] Using worker: sync
[2020-09-14 14:52:44 +0000] [7] [INFO] Starting gunicorn 20.0.4
[2020-09-14 14:52:44 +0000] [68] [INFO] Booting worker with pid: 68
[2020-09-14 14:52:44 +0000] [7] [INFO] Listening at: http://0.0.0.0:9000 (7)
[2020-09-14 14:52:44 +0000] [7] [INFO] Using worker: threads
[2020-09-14 14:52:44 +0000] [69] [INFO] Booting worker with pid: 69
2020-09-14 14:52:44,505 - SKLearnServer:load:26 - INFO:  load
2020-09-14 14:52:44,505 - root:download:47 - INFO:  Copying contents of /mnt/models to local
2020-09-14 14:52:44,506 - SKLearnServer:load:30 - INFO:  model file: /mnt/models/model.joblib
10.244.1.14 - - [14/Sep/2020:14:52:52 +0000] "GET /prometheus HTTP/1.1" 404 232 "-" "Prometheus/2.12.0"
10.244.1.14 - - [14/Sep/2020:14:52:57 +0000] "GET /prometheus HTTP/1.1" 200 0 "-" "Prometheus/2.12.0"
10.244.1.14 - - [14/Sep/2020:14:53:07 +0000] "GET /prometheus HTTP/1.1" 404 232 "-" "Prometheus/2.12.0"
10.244.1.14 - - [14/Sep/2020:14:53:12 +0000] "GET /prometheus HTTP/1.1" 200 0 "-" "Prometheus/2.12.0"
10.244.1.14 - - [14/Sep/2020:14:53:22 +0000] "GET /prometheus HTTP/1.1" 404 232 "-" "Prometheus/2.12.0"
10.244.1.14 - - [14/Sep/2020:14:53:27 +0000] "GET /prometheus HTTP/1.1" 200 0 "-" "Prometheus/2.12.0"
10.244.1.14 - - [14/Sep/2020:14:53:37 +0000] "GET /prometheus HTTP/1.1" 404 232 "-" "Prometheus/2.12.0"
10.244.1.14 - - [14/Sep/2020:14:53:42 +0000] "GET /prometheus HTTP/1.1" 200 0 "-" "Prometheus/2.12.0"
2020-09-14 14:53:50,360 - SKLearnServer:predict:41 - INFO:  Calling predict_proba
127.0.0.1 - - [14/Sep/2020:14:53:50 +0000] "POST /predict HTTP/1.1" 200 95 "-" "python-requests/2.24.0"
2020-09-14 14:53:51,014 - SKLearnServer:predict:41 - INFO:  Calling predict_proba
127.0.0.1 - - [14/Sep/2020:14:53:51 +0000] "POST /predict HTTP/1.1" 200 95 "-" "python-requests/2.24.0"
10.244.1.14 - - [14/Sep/2020:14:53:52 +0000] "GET /prometheus HTTP/1.1" 404 232 "-" "Prometheus/2.12.0"
10.244.1.14 - - [14/Sep/2020:14:53:57 +0000] "GET /prometheus HTTP/1.1" 200 0 "-" "Prometheus/2.12.0"
10.244.1.14 - - [14/Sep/2020:14:54:07 +0000] "GET /prometheus HTTP/1.1" 404 232 "-" "Prometheus/2.12.0"
10.244.1.14 - - [14/Sep/2020:14:54:12 +0000] "GET /prometheus HTTP/1.1" 200 0 "-" "Prometheus/2.12.0"
{"level":"info","ts":1600095162.715151,"logger":"entrypoint","msg":"Trying to get predictor from Env"}
{"level":"info","ts":1600095162.7210336,"logger":"entrypoint","msg":"Starting","worker":1}
{"level":"info","ts":1600095162.721116,"logger":"entrypoint","msg":"Starting","worker":2}
{"level":"info","ts":1600095162.7211215,"logger":"entrypoint","msg":"Starting","worker":3}
{"level":"info","ts":1600095162.7211256,"logger":"entrypoint","msg":"Starting","worker":4}
{"level":"info","ts":1600095162.7211294,"logger":"entrypoint","msg":"Starting","worker":5}
{"level":"info","ts":1600095162.722153,"logger":"entrypoint","msg":"Running HTTP server ","port":8000}
{"level":"info","ts":1600095162.7222047,"logger":"entrypoint","msg":"Running gRPC server ","port":8000}
{"level":"info","ts":1600095162.7222445,"logger":"entrypoint","msg":"Setting max message size ","size":2147483647}
{"level":"info","ts":1600095162.7231576,"logger":"SeldonRestApi","msg":"Listening","Address":"0.0.0.0:8000"}
{"level":"info","ts":1600095162.723274,"logger":"entrypoint","msg":"server started"}

WARNING  root:seldon_e2e_utils.py:99 2020-09-14 14:52:52.971961: W tensorflow/stream_executor/platform/default/dso_loader.cc:59] Could not load dynamic library 'libcudart.so.10.1'; dlerror: libcudart.so.10.1: cannot open shared object file: No such file or directory
2020-09-14 14:52:52.972039: I tensorflow/stream_executor/cuda/cudart_stub.cc:29] Ignore above cudart dlerror if you do not have a GPU set up on your machine.
INFO:root:Extra args: {}
INFO:root:Predict URL set to movie-movies-predictor.test-text-alibi-explainer:8000
INFO:root:Protocol is seldon.http
INFO:root:Anchor Text args {}
INFO:root:Loading Spacy Language model for en_core_web_md
Collecting en_core_web_md==2.3.1
  Downloading https://github.com/explosion/spacy-models/releases/download/en_core_web_md-2.3.1/en_core_web_md-2.3.1.tar.gz (50.8 MB)
Requirement already satisfied: spacy<2.4.0,>=2.3.0 in /opt/app-root/lib/python3.6/site-packages (from en_core_web_md==2.3.1) (2.3.2)
Requirement already satisfied: setuptools in /opt/app-root/lib/python3.6/site-packages (from spacy<2.4.0,>=2.3.0->en_core_web_md==2.3.1) (39.2.0)
Requirement already satisfied: tqdm<5.0.0,>=4.38.0 in /opt/app-root/lib/python3.6/site-packages (from spacy<2.4.0,>=2.3.0->en_core_web_md==2.3.1) (4.49.0)
Requirement already satisfied: cymem<2.1.0,>=2.0.2 in /opt/app-root/lib/python3.6/site-packages (from spacy<2.4.0,>=2.3.0->en_core_web_md==2.3.1) (2.0.3)
Requirement already satisfied: blis<0.5.0,>=0.4.0 in /opt/app-root/lib/python3.6/site-packages (from spacy<2.4.0,>=2.3.0->en_core_web_md==2.3.1) (0.4.1)
Requirement already satisfied: numpy>=1.15.0 in /opt/app-root/lib/python3.6/site-packages (from spacy<2.4.0,>=2.3.0->en_core_web_md==2.3.1) (1.19.2)
Requirement already satisfied: thinc==7.4.1 in /opt/app-root/lib/python3.6/site-packages (from spacy<2.4.0,>=2.3.0->en_core_web_md==2.3.1) (7.4.1)
Requirement already satisfied: preshed<3.1.0,>=3.0.2 in /opt/app-root/lib/python3.6/site-packages (from spacy<2.4.0,>=2.3.0->en_core_web_md==2.3.1) (3.0.2)
Requirement already satisfied: requests<3.0.0,>=2.13.0 in /opt/app-root/lib/python3.6/site-packages (from spacy<2.4.0,>=2.3.0->en_core_web_md==2.3.1) (2.24.0)
Requirement already satisfied: plac<1.2.0,>=0.9.6 in /opt/app-root/lib/python3.6/site-packages (from spacy<2.4.0,>=2.3.0->en_core_web_md==2.3.1) (1.1.3)
Requirement already satisfied: catalogue<1.1.0,>=0.0.7 in /opt/app-root/lib/python3.6/site-packages (from spacy<2.4.0,>=2.3.0->en_core_web_md==2.3.1) (1.0.0)
Requirement already satisfied: wasabi<1.1.0,>=0.4.0 in /opt/app-root/lib/python3.6/site-packages (from spacy<2.4.0,>=2.3.0->en_core_web_md==2.3.1) (0.8.0)
Requirement already satisfied: murmurhash<1.1.0,>=0.28.0 in /opt/app-root/lib/python3.6/site-packages (from spacy<2.4.0,>=2.3.0->en_core_web_md==2.3.1) (1.0.2)
Requirement already satisfied: srsly<1.1.0,>=1.0.2 in /opt/app-root/lib/python3.6/site-packages (from spacy<2.4.0,>=2.3.0->en_core_web_md==2.3.1) (1.0.2)
Requirement already satisfied: idna<3,>=2.5 in /opt/app-root/lib/python3.6/site-packages (from requests<3.0.0,>=2.13.0->spacy<2.4.0,>=2.3.0->en_core_web_md==2.3.1) (2.10)
Requirement already satisfied: certifi>=2017.4.17 in /opt/app-root/lib/python3.6/site-packages (from requests<3.0.0,>=2.13.0->spacy<2.4.0,>=2.3.0->en_core_web_md==2.3.1) (2020.6.20)
Requirement already satisfied: chardet<4,>=3.0.2 in /opt/app-root/lib/python3.6/site-packages (from requests<3.0.0,>=2.13.0->spacy<2.4.0,>=2.3.0->en_core_web_md==2.3.1) (3.0.4)
Requirement already satisfied: urllib3!=1.25.0,!=1.25.1,<1.26,>=1.21.1 in /opt/app-root/lib/python3.6/site-packages (from requests<3.0.0,>=2.13.0->spacy<2.4.0,>=2.3.0->en_core_web_md==2.3.1) (1.25.10)
Requirement already satisfied: importlib-metadata>=0.20; python_version < "3.8" in /opt/app-root/lib/python3.6/site-packages (from catalogue<1.1.0,>=0.0.7->spacy<2.4.0,>=2.3.0->en_core_web_md==2.3.1) (1.7.0)
Requirement already satisfied: zipp>=0.5 in /opt/app-root/lib/python3.6/site-packages (from importlib-metadata>=0.20; python_version < "3.8"->catalogue<1.1.0,>=0.0.7->spacy<2.4.0,>=2.3.0->en_core_web_md==2.3.1) (3.1.0)
Building wheels for collected packages: en-core-web-md
  Building wheel for en-core-web-md (setup.py): started
  Building wheel for en-core-web-md (setup.py): finished with status 'done'
  Created wheel for en-core-web-md: filename=en_core_web_md-2.3.1-py3-none-any.whl size=50916647 sha256=778a93a1bf027459a524b8bbe0ca65fdeeb08f7ffa7d37e6b0ea9c0a73a90354
  Stored in directory: /tmp/pip-ephem-wheel-cache-n6r59jzl/wheels/52/35/5a/21d21ba55fc116713b5b84c0620e3ebdccb752021aefbeb90f
Successfully built en-core-web-md
Installing collected packages: en-core-web-md
Successfully installed en-core-web-md-2.3.1
[38;5;2mâœ” Download and installation successful[0m
You can now load the model via spacy.load('en_core_web_md')
[38;5;2mâœ” Linking successful[0m
/opt/app-root/lib/python3.6/site-packages/en_core_web_md -->
/opt/app-root/lib/python3.6/site-packages/spacy/data/en_core_web_md
You can now load the model via spacy.load('en_core_web_md')
INFO:root:Language model loaded
INFO:root:Registering model:movie
INFO:root:Listening on port 9000
WARNING:tornado.access:404 GET /prometheus (10.244.1.14) 2.15ms
['Hello world']
===Flaky Test Report===

test_rolling_deployment[graph1.json-graph2.json-True-ambas] passed 1 out of the required 1 times. Success!
test_rolling_deployment[graph1.json-graph3.json-True-ambas] passed 1 out of the required 1 times. Success!
test_rolling_deployment[graph1.json-graph5.json-True-ambas] passed 1 out of the required 1 times. Success!
test_rolling_deployment[graph7.json-graph8.json-False-ambas] passed 1 out of the required 1 times. Success!
test_rolling_deployment[graph1.json-graph3.json-True-istio] failed (2 runs remaining out of 3).
	<class 'AssertionError'>
	
	[<TracebackEntry /workspace/source/testing/scripts/test_rolling_updates.py:238>, <TracebackEntry /workspace/source/testing/scripts/seldon_e2e_utils.py:603>, <TracebackEntry /workspace/source/testing/scripts/seldon_e2e_utils.py:595>, <TracebackEntry /workspace/source/testing/scripts/seldon_e2e_utils.py:613>]
test_rolling_deployment[graph1.json-graph3.json-True-istio] passed 1 out of the required 1 times. Success!
test_rolling_deployment[graph1.json-graph8.json-True-istio] passed 1 out of the required 1 times. Success!
test_rolling_deployment[graph1.json-graph2.json-True-istio] passed 1 out of the required 1 times. Success!
test_rolling_deployment[graph1.json-graph4.json-True-ambas] passed 1 out of the required 1 times. Success!
test_rolling_deployment[graph1.json-graph8.json-True-ambas] passed 1 out of the required 1 times. Success!
test_rolling_deployment[graph7.json-graph8.json-False-istio] passed 1 out of the required 1 times. Success!
test_rolling_deployment[graph1.json-graph4.json-True-istio] failed (2 runs remaining out of 3).
	<class 'AssertionError'>
	
	[<TracebackEntry /workspace/source/testing/scripts/test_rolling_updates.py:238>, <TracebackEntry /workspace/source/testing/scripts/seldon_e2e_utils.py:603>, <TracebackEntry /workspace/source/testing/scripts/seldon_e2e_utils.py:595>, <TracebackEntry /workspace/source/testing/scripts/seldon_e2e_utils.py:613>]
test_rolling_deployment[graph1.json-graph4.json-True-istio] passed 1 out of the required 1 times. Success!
test_rolling_deployment[graph1.json-graph5.json-True-istio] passed 1 out of the required 1 times. Success!

===End Flaky Test Report===
=================== 1 failed, 32 passed in 831.61s (0:13:51) ===================
make: *** [Makefile:132: test_parallel] Error 1
Test returned errors
kind delete cluster
Deleting cluster "kind" ...
Stopping Docker: dockerProgram process in pidfile '/var/run/docker-ssd.pid', 1 process(es), refused to die.
[31m
Pipeline failed on stage 'end-to-end' : container 'step-test-end-to-end'. The execution of the pipeline has stopped.[0m
