
Showing logs for build [32mseldonio-seldon-core-pr-2057-in-gcwzk-1[0m stage [32mpr-build-comment[0m and container [32mstep-credential-initializer-8npd7[0m
{"level":"info","ts":1598522845.0542688,"logger":"fallback-logger","caller":"logging/config.go:69","msg":"Fetch GitHub commit ID from kodata failed: open /var/run/ko/refs/heads/0.8.0-ns-support: no such file or directory"}
{"level":"info","ts":1598522845.0553443,"logger":"fallback-logger","caller":"creds-init/main.go:40","msg":"Credentials initialized."}

Showing logs for build [32mseldonio-seldon-core-pr-2057-in-gcwzk-1[0m stage [32mpr-build-comment[0m and container [32mstep-working-dir-initializer-r8qmc[0m
{"level":"info","ts":1598522846.1675103,"logger":"fallback-logger","caller":"logging/config.go:69","msg":"Fetch GitHub commit ID from kodata failed: open /var/run/ko/HEAD: no such file or directory"}
{"level":"info","ts":1598522846.1697931,"logger":"fallback-logger","caller":"bash/main.go:64","msg":"Successfully executed command \"sh -c mkdir -p /workspace/source\"; output "}

Showing logs for build [32mseldonio-seldon-core-pr-2057-in-gcwzk-1[0m stage [32mpr-build-comment[0m and container [32mstep-place-tools[0m

Showing logs for build [32mseldonio-seldon-core-pr-2057-in-gcwzk-1[0m stage [32mpr-build-comment[0m and container [32mstep-create-dir-workspace-mz4l5[0m
{"level":"info","ts":1598522853.435337,"logger":"fallback-logger","caller":"logging/config.go:69","msg":"Fetch GitHub commit ID from kodata failed: open /var/run/ko/HEAD: no such file or directory"}
{"level":"info","ts":1598522853.4379067,"logger":"fallback-logger","caller":"bash/main.go:64","msg":"Successfully executed command \"sh -c mkdir -p source\"; output "}

Showing logs for build [32mseldonio-seldon-core-pr-2057-in-gcwzk-1[0m stage [32mpr-build-comment[0m and container [32mstep-git-source-seldonio-seldon-core-pr-2057-in-gcwzk-rk4rr[0m
{"level":"info","ts":1598522853.7803655,"logger":"fallback-logger","caller":"logging/config.go:69","msg":"Fetch GitHub commit ID from kodata failed: open /var/run/ko/refs/heads/0.8.0-ns-support: no such file or directory"}
{"level":"info","ts":1598522858.3978744,"logger":"fallback-logger","caller":"git/git.go:103","msg":"Successfully cloned https://github.com/SeldonIO/seldon-core.git @ master in path /workspace/source"}

Showing logs for build [32mseldonio-seldon-core-pr-2057-in-gcwzk-1[0m stage [32mpr-build-comment[0m and container [32mstep-setup-builder-home[0m

Showing logs for build [32mseldonio-seldon-core-pr-2057-in-gcwzk-1[0m stage [32mpr-build-comment[0m and container [32mstep-git-merge[0m
Using SHAs from PULL_REFS=master:5d1687d52e050b62fe095d9d28bf503289e8c5f4,2057:c9c0de5bed99d04b203a61fe8e26386866c6a437
DEBUG: LC_ALL=C JX_LOG_LEVEL=error git fetch origin --unshallow c9c0de5bed99d04b203a61fe8e26386866c6a437: 5d1687d52e050b62fe095d9d28bf503289e8c5f4:
DEBUG: ran git fetch --unshallow origin c9c0de5bed99d04b203a61fe8e26386866c6a437: 5d1687d52e050b62fe095d9d28bf503289e8c5f4: in 
DEBUG: JX_LOG_LEVEL=error LC_ALL=C git branch
DEBUG: LC_ALL=C JX_LOG_LEVEL=error git checkout master
DEBUG: ran git checkout master in 
DEBUG: LC_ALL=C JX_LOG_LEVEL=error git reset --hard 5d1687d52e050b62fe095d9d28bf503289e8c5f4
DEBUG: ran git reset --hard 5d1687d52e050b62fe095d9d28bf503289e8c5f4 in 
DEBUG: LC_ALL=C JX_LOG_LEVEL=error git clean -fd .
DEBUG: ran clean --force -d . in 
DEBUG: LC_ALL=C JX_LOG_LEVEL=error git merge c9c0de5bed99d04b203a61fe8e26386866c6a437
DEBUG: ran git merge c9c0de5bed99d04b203a61fe8e26386866c6a437 in 
DEBUG: LC_ALL=C JX_LOG_LEVEL=error git log --format=%H%x1f%an%x1f%ae%x1f%cn%x1f%ce%x1f%s%n%b%x1e 5d1687d52e050b62fe095d9d28bf503289e8c5f4..HEAD
Merged SHA 1f06e750ad977db0d5c2eb5d4266ad8a16f495b3 with commit message 'Merge commit 'c9c0de5bed99d04b203a61fe8e26386866c6a437'' into base branch master
Merged SHA c9c0de5bed99d04b203a61fe8e26386866c6a437 with commit message 'add .enabled to grafana and prometheus' into base branch master
Merged SHA fe2ae12191c80bb2d58319d048a07fc8e3aad312 with commit message 'allow independent installation of grafana and prometheus' into base branch master

Showing logs for build [32mseldonio-seldon-core-pr-2057-in-gcwzk-1[0m stage [32mpr-build-comment[0m and container [32mstep-step2[0m
+++ dirname ./add-pr-build-comment
++ cd .
++ pwd
+ STARTUP_DIR=/workspace/source/ci
+ REPO_OWNER=SeldonIO
+ REPO_NAME=seldon-core
+ PULL_NUMBER=2057
+ BUILD_NUMBER=1
+ PIPELINE_CONTEXT=integration
++ cat
+++ date
+ COMMENT_MSG='Thu Aug 27 10:07:46 UTC 2020
The logs for [integration] [1] will show after the pipeline context has finished.  
https://github.com/SeldonIO/seldon-core/blob/gh-pages/jenkins-x/logs/SeldonIO/seldon-core/PR-2057/1.log

impatient try  
** get build logs SeldonIO/seldon-core/PR-2057 --build=1'
+ ** step pr comment --owner=SeldonIO --repository=seldon-core --pull-request=2057 '--comment=Thu Aug 27 10:07:46 UTC 2020
The logs for [integration] [1] will show after the pipeline context has finished.  
https://github.com/SeldonIO/seldon-core/blob/gh-pages/jenkins-x/logs/SeldonIO/seldon-core/PR-2057/1.log

impatient try  
** get build logs SeldonIO/seldon-core/PR-2057 --build=1'

Showing logs for build [32mseldonio-seldon-core-pr-2057-in-gcwzk-1[0m stage [32mpr-build-comment[0m and container [32mstep-source-mkdir-seldonio-seldon-core-pr-2057-in-gcwzk-2ftmx[0m
{"level":"info","ts":1598522868.9577935,"logger":"fallback-logger","caller":"logging/config.go:69","msg":"Fetch GitHub commit ID from kodata failed: open /var/run/ko/HEAD: no such file or directory"}
{"level":"info","ts":1598522868.9647353,"logger":"fallback-logger","caller":"bash/main.go:64","msg":"Successfully executed command \"sh -c mkdir -p /pvc/pr-build-comment/workspace\"; output "}

Showing logs for build [32mseldonio-seldon-core-pr-2057-in-gcwzk-1[0m stage [32mpr-build-comment[0m and container [32mstep-source-copy-seldonio-seldon-core-pr-2057-in-gcwzk-hlw4g[0m
{"level":"info","ts":1598522869.2488286,"logger":"fallback-logger","caller":"logging/config.go:69","msg":"Fetch GitHub commit ID from kodata failed: open /var/run/ko/HEAD: no such file or directory"}
{"level":"info","ts":1598522869.968224,"logger":"fallback-logger","caller":"bash/main.go:64","msg":"Successfully executed command \"sh -c cp -r source/. /pvc/pr-build-comment/workspace\"; output "}

Showing logs for build [32mseldonio-seldon-core-pr-2057-in-gcwzk-1[0m stage [32mend-to-end[0m and container [32mstep-credential-initializer-hwgvt[0m
{"level":"info","ts":1598522876.1340768,"logger":"fallback-logger","caller":"logging/config.go:69","msg":"Fetch GitHub commit ID from kodata failed: open /var/run/ko/refs/heads/0.8.0-ns-support: no such file or directory"}
{"level":"info","ts":1598522876.1357682,"logger":"fallback-logger","caller":"creds-init/main.go:40","msg":"Credentials initialized."}

Showing logs for build [32mseldonio-seldon-core-pr-2057-in-gcwzk-1[0m stage [32mend-to-end[0m and container [32mstep-working-dir-initializer-nsjrq[0m
{"level":"info","ts":1598522879.5865026,"logger":"fallback-logger","caller":"logging/config.go:69","msg":"Fetch GitHub commit ID from kodata failed: open /var/run/ko/HEAD: no such file or directory"}
{"level":"info","ts":1598522879.5880008,"logger":"fallback-logger","caller":"bash/main.go:64","msg":"Successfully executed command \"sh -c mkdir -p /workspace/source\"; output "}

Showing logs for build [32mseldonio-seldon-core-pr-2057-in-gcwzk-1[0m stage [32mend-to-end[0m and container [32mstep-place-tools[0m

Showing logs for build [32mseldonio-seldon-core-pr-2057-in-gcwzk-1[0m stage [32mend-to-end[0m and container [32mstep-create-dir-workspace-zqb7t[0m
{"level":"info","ts":1598522886.594504,"logger":"fallback-logger","caller":"logging/config.go:69","msg":"Fetch GitHub commit ID from kodata failed: open /var/run/ko/HEAD: no such file or directory"}
{"level":"info","ts":1598522886.5971339,"logger":"fallback-logger","caller":"bash/main.go:64","msg":"Successfully executed command \"sh -c mkdir -p /workspace/source\"; output "}

Showing logs for build [32mseldonio-seldon-core-pr-2057-in-gcwzk-1[0m stage [32mend-to-end[0m and container [32mstep-source-copy-workspace-jp5mb[0m
{"level":"info","ts":1598522886.887802,"logger":"fallback-logger","caller":"logging/config.go:69","msg":"Fetch GitHub commit ID from kodata failed: open /var/run/ko/HEAD: no such file or directory"}
{"level":"info","ts":1598522891.1675937,"logger":"fallback-logger","caller":"bash/main.go:64","msg":"Successfully executed command \"sh -c cp -r /pvc/pr-build-comment/workspace/. /workspace/source\"; output "}

Showing logs for build [32mseldonio-seldon-core-pr-2057-in-gcwzk-1[0m stage [32mend-to-end[0m and container [32mstep-setup-builder-home[0m

Showing logs for build [32mseldonio-seldon-core-pr-2057-in-gcwzk-1[0m stage [32mend-to-end[0m and container [32mstep-test-end-to-end[0m
Test run type is: [base]
Starting Docker: docker.
[SETUP] Waiting for Docker to be ready, sleeping for 1 seconds ...
kind create cluster --config ../resources/kind_config.yaml
Creating cluster "kind" ...
 â€¢ Ensuring node image (kindest/node:v1.16.3) ðŸ–¼  ...
 âœ“ Ensuring node image (kindest/node:v1.16.3) ðŸ–¼
 â€¢ Preparing nodes ðŸ“¦  ...
 âœ“ Preparing nodes ðŸ“¦
 â€¢ Writing configuration ðŸ“œ  ...
 âœ“ Writing configuration ðŸ“œ
 â€¢ Starting control-plane ðŸ•¹ï¸  ...
 âœ“ Starting control-plane ðŸ•¹ï¸
 â€¢ Installing CNI ðŸ”Œ  ...
 âœ“ Installing CNI ðŸ”Œ
 â€¢ Installing StorageClass ðŸ’¾  ...
 âœ“ Installing StorageClass ðŸ’¾
 â€¢ Joining worker nodes ðŸšœ  ...
 âœ“ Joining worker nodes ðŸšœ
Set kubectl context to "kind-kind"
You can now use your cluster with:

kubectl cluster-info --context kind-kind

Not sure what to do next? ðŸ˜… Check out https://kind.sigs.k8s.io/docs/user/quick-start/
`kind get kubeconfig-path` is deprecated!

KIND will export and merge kubeconfig like kops, minikube, etc.
This command is now unnecessary and will be removed in a future release.

For more info see: https://github.com/kubernetes-sigs/kind/issues/1060
See also the output of `kind create cluster`

Files changed in python folder:
SKIPPING PYTHON IMAGE BUILD...
Files changed in operator folder:
SKIPPING OPERATOR IMAGE BUILD...
Files changed in engine folder:
SKIPPING ENGINE IMAGE BUILD...
Files changed in executor folder:
SKIPPING EXECUTOR IMAGE BUILD...
Build test models
make -C ../docker/fixed-model kind_load_images
make[1]: Entering directory '/workspace/source/testing/docker/fixed-model'
s2i build -E environment_rest_v1 . seldonio/seldon-core-s2i-python3:0.15 seldonio/fixed-model:0.1
---> Installing application source...
Build completed successfully
s2i build -E environment_rest_v2 . seldonio/seldon-core-s2i-python3:0.15 seldonio/fixed-model:0.2
---> Installing application source...
Build completed successfully
kind load -v 3 docker-image seldonio/fixed-model:0.1
Image: "seldonio/fixed-model:0.1" with ID "sha256:3e013209ee91781307df9790b6692bfd18eaab46e1264626fb963442f26e5edf" not present on node "kind-control-plane"
Image: "seldonio/fixed-model:0.1" with ID "sha256:3e013209ee91781307df9790b6692bfd18eaab46e1264626fb963442f26e5edf" not present on node "kind-worker"
kind load -v 3 docker-image seldonio/fixed-model:0.2
Image: "seldonio/fixed-model:0.2" with ID "sha256:b5fa60717f6606b08b8c8ee626f328b16cc162bf07a1c504cc5d3815a1c00988" not present on node "kind-control-plane"
Image: "seldonio/fixed-model:0.2" with ID "sha256:b5fa60717f6606b08b8c8ee626f328b16cc162bf07a1c504cc5d3815a1c00988" not present on node "kind-worker"
make[1]: Leaving directory '/workspace/source/testing/docker/fixed-model'
make -C ../docker/echo-model kind_load_image
make[1]: Entering directory '/workspace/source/testing/docker/echo-model'
s2i build \
	-E environment_rest \
	.\
	seldonio/seldon-core-s2i-python3:1.1.1-SNAPSHOT\
	seldonio/echo-model:0.1
---> Installing application source...
Build completed successfully
kind load -v 3 docker-image seldonio/echo-model:0.1
Image: "seldonio/echo-model:0.1" with ID "sha256:33fcf0e1e1b1fe1a280f884959a5f5f43de99ff86c78b90f7e27f3aa43295bc5" not present on node "kind-control-plane"
Image: "seldonio/echo-model:0.1" with ID "sha256:33fcf0e1e1b1fe1a280f884959a5f5f43de99ff86c78b90f7e27f3aa43295bc5" not present on node "kind-worker"
make[1]: Leaving directory '/workspace/source/testing/docker/echo-model'
Files changed in prepackaged folder:
SKIPPING PREPACKAGED IMAGE BUILD...
Files changed in alibi folder:
SKIPPING ALIBI IMAGE BUILD...
Files changed in misc folders:
SKIPPING MISC IMAGE BUILD...
kubectl create namespace seldon || echo "Namespace seldon already exists"
namespace/seldon created
kubectl create namespace test1 || echo "Namespace test1 already exists"
namespace/test1 created
helm repo add stable https://kubernetes-charts.storage.googleapis.com/
"stable" has been added to your repositories
helm repo add seldonio https://storage.googleapis.com/seldon-charts
"seldonio" has been added to your repositories
helm repo add jaegertracing https://jaegertracing.github.io/helm-charts
"jaegertracing" has been added to your repositories
helm repo add datawire https://www.getambassador.io
"datawire" has been added to your repositories
helm repo update
Hang tight while we grab the latest from your chart repositories...
...Successfully got an update from the "seldonio" chart repository
...Successfully got an update from the "jaegertracing" chart repository
...Successfully got an update from the "datawire" chart repository
...Successfully got an update from the "stable" chart repository
Update Complete. âŽˆ Happy Helming!âŽˆ 
helm install ambassador \
	datawire/ambassador \
	-f ../resources/ambassador_values.yaml \
	--set image.repository=quay.io/datawire/ambassador \
	--set crds.keep=false \
	--set enableAES=false \
	--namespace seldon \
	--set replicaCount=1 \
	--wait
manifest_sorter.go:192: info: skipping unknown hook: "crd-install"
manifest_sorter.go:192: info: skipping unknown hook: "crd-install"
manifest_sorter.go:192: info: skipping unknown hook: "crd-install"
manifest_sorter.go:192: info: skipping unknown hook: "crd-install"
manifest_sorter.go:192: info: skipping unknown hook: "crd-install"
manifest_sorter.go:192: info: skipping unknown hook: "crd-install"
manifest_sorter.go:192: info: skipping unknown hook: "crd-install"
manifest_sorter.go:192: info: skipping unknown hook: "crd-install"
manifest_sorter.go:192: info: skipping unknown hook: "crd-install"
manifest_sorter.go:192: info: skipping unknown hook: "crd-install"
manifest_sorter.go:192: info: skipping unknown hook: "crd-install"
manifest_sorter.go:192: info: skipping unknown hook: "crd-install"
manifest_sorter.go:192: info: skipping unknown hook: "crd-install"
manifest_sorter.go:192: info: skipping unknown hook: "crd-install"
manifest_sorter.go:192: info: skipping unknown hook: "crd-install"
manifest_sorter.go:192: info: skipping unknown hook: "crd-install"
manifest_sorter.go:192: info: skipping unknown hook: "crd-install"
manifest_sorter.go:192: info: skipping unknown hook: "crd-install"
NAME: ambassador
LAST DEPLOYED: Thu Aug 27 10:15:27 2020
NAMESPACE: seldon
STATUS: deployed
REVISION: 1
NOTES:
-------------------------------------------------------------------------------
  Congratulations! You've successfully installed Ambassador!

-------------------------------------------------------------------------------
To get the IP address of Ambassador, run the following commands:
  export NODE_PORT=$(kubectl get --namespace seldon -o jsonpath="{.spec.ports[0].nodePort}" services ambassador)
  export NODE_IP=$(kubectl get nodes --namespace seldon -o jsonpath="{.items[0].status.addresses[0].address}")
  echo http://$NODE_IP:$NODE_PORT

For help, visit our Slack at https://d6e.co/slack or view the documentation online at https://www.getambassador.io.
kubectl apply -f istio-1.4.2.yaml
clusterrole.rbac.authorization.k8s.io/istio-reader-istio-system created
clusterrolebinding.rbac.authorization.k8s.io/istio-reader-istio-system created
customresourcedefinition.apiextensions.k8s.io/attributemanifests.config.istio.io created
customresourcedefinition.apiextensions.k8s.io/clusterrbacconfigs.rbac.istio.io created
customresourcedefinition.apiextensions.k8s.io/destinationrules.networking.istio.io created
customresourcedefinition.apiextensions.k8s.io/envoyfilters.networking.istio.io created
customresourcedefinition.apiextensions.k8s.io/gateways.networking.istio.io created
customresourcedefinition.apiextensions.k8s.io/httpapispecbindings.config.istio.io created
customresourcedefinition.apiextensions.k8s.io/httpapispecs.config.istio.io created
customresourcedefinition.apiextensions.k8s.io/meshpolicies.authentication.istio.io created
customresourcedefinition.apiextensions.k8s.io/policies.authentication.istio.io created
customresourcedefinition.apiextensions.k8s.io/quotaspecbindings.config.istio.io created
customresourcedefinition.apiextensions.k8s.io/quotaspecs.config.istio.io created
customresourcedefinition.apiextensions.k8s.io/rbacconfigs.rbac.istio.io created
customresourcedefinition.apiextensions.k8s.io/rules.config.istio.io created
customresourcedefinition.apiextensions.k8s.io/serviceentries.networking.istio.io created
customresourcedefinition.apiextensions.k8s.io/servicerolebindings.rbac.istio.io created
customresourcedefinition.apiextensions.k8s.io/serviceroles.rbac.istio.io created
customresourcedefinition.apiextensions.k8s.io/virtualservices.networking.istio.io created
customresourcedefinition.apiextensions.k8s.io/adapters.config.istio.io created
customresourcedefinition.apiextensions.k8s.io/instances.config.istio.io created
customresourcedefinition.apiextensions.k8s.io/templates.config.istio.io created
customresourcedefinition.apiextensions.k8s.io/handlers.config.istio.io created
customresourcedefinition.apiextensions.k8s.io/sidecars.networking.istio.io created
customresourcedefinition.apiextensions.k8s.io/authorizationpolicies.security.istio.io created
namespace/istio-system created
serviceaccount/istio-reader-service-account created
clusterrole.rbac.authorization.k8s.io/istio-citadel-istio-system created
clusterrolebinding.rbac.authorization.k8s.io/istio-citadel-istio-system created
deployment.apps/istio-citadel created
poddisruptionbudget.policy/istio-citadel created
service/istio-citadel created
serviceaccount/istio-citadel-service-account created
deployment.apps/istio-egressgateway created
poddisruptionbudget.policy/istio-egressgateway created
gateway.networking.istio.io/istio-multicluster-egressgateway created
virtualservice.networking.istio.io/istio-multicluster-egressgateway created
envoyfilter.networking.istio.io/istio-multicluster-egressgateway created
destinationrule.networking.istio.io/istio-multicluster-destinationrule created
service/istio-egressgateway created
role.rbac.authorization.k8s.io/istio-egressgateway-sds created
rolebinding.rbac.authorization.k8s.io/istio-egressgateway-sds created
serviceaccount/istio-egressgateway-service-account created
clusterrole.rbac.authorization.k8s.io/istio-galley-istio-system created
clusterrolebinding.rbac.authorization.k8s.io/istio-galley-*****-role-binding-istio-system created
configmap/istio-mesh-galley created
configmap/istio-galley-configuration created
deployment.apps/istio-galley created
poddisruptionbudget.policy/istio-galley created
service/istio-galley created
serviceaccount/istio-galley-service-account created
configmap/istio-grafana-configuration-dashboards-citadel-dashboard created
configmap/istio-grafana-configuration-dashboards-galley-dashboard created
configmap/istio-grafana-configuration-dashboards-istio-mesh-dashboard created
configmap/istio-grafana-configuration-dashboards-istio-performance-dashboard created
configmap/istio-grafana-configuration-dashboards-istio-service-dashboard created
configmap/istio-grafana-configuration-dashboards-istio-workload-dashboard created
configmap/istio-grafana-configuration-dashboards-mixer-dashboard created
configmap/istio-grafana-configuration-dashboards-pilot-dashboard created
configmap/istio-grafana created
deployment.apps/grafana created
policy.authentication.istio.io/grafana-ports-mtls-disabled created
service/grafana created
deployment.apps/istio-ingressgateway created
gateway.networking.istio.io/ingressgateway created
poddisruptionbudget.policy/ingressgateway created
service/istio-ingressgateway created
serviceaccount/istio-ingressgateway-service-account created
sidecar.networking.istio.io/default created
clusterrole.rbac.authorization.k8s.io/istio-sidecar-injector-istio-system created
clusterrolebinding.rbac.authorization.k8s.io/istio-sidecar-injector-*****-role-binding-istio-system created
configmap/injector-mesh created
deployment.apps/istio-sidecar-injector created
mutatingwebhookconfiguration.admissionregistration.k8s.io/istio-sidecar-injector created
poddisruptionbudget.policy/istio-sidecar-injector created
service/istio-sidecar-injector created
serviceaccount/istio-sidecar-injector-service-account created
configmap/istio-sidecar-injector created
clusterrole.rbac.authorization.k8s.io/kiali created
clusterrole.rbac.authorization.k8s.io/kiali-viewer created
clusterrolebinding.rbac.authorization.k8s.io/kiali created
configmap/kiali created
secret/kiali created
deployment.apps/kiali created
service/kiali created
serviceaccount/kiali-service-account created
clusterrole.rbac.authorization.k8s.io/istio-pilot-istio-system created
clusterrolebinding.rbac.authorization.k8s.io/istio-pilot-istio-system created
configmap/pilot-envoy-config created
configmap/istio created
deployment.apps/istio-pilot created
meshpolicy.authentication.istio.io/default created
poddisruptionbudget.policy/istio-pilot created
service/istio-pilot created
serviceaccount/istio-pilot-service-account created
clusterrole.rbac.authorization.k8s.io/istio-policy created
clusterrolebinding.rbac.authorization.k8s.io/istio-policy-*****-role-binding-istio-system created
destinationrule.networking.istio.io/istio-policy created
deployment.apps/istio-policy created
poddisruptionbudget.policy/istio-policy created
service/istio-policy created
serviceaccount/istio-policy-service-account created
clusterrole.rbac.authorization.k8s.io/prometheus-istio-system created
clusterrolebinding.rbac.authorization.k8s.io/prometheus-istio-system created
configmap/prometheus created
deployment.apps/prometheus created
service/prometheus created
serviceaccount/prometheus created
horizontalpodautoscaler.autoscaling/istio-telemetry created
clusterrole.rbac.authorization.k8s.io/istio-mixer-istio-system created
clusterrolebinding.rbac.authorization.k8s.io/istio-mixer-*****-role-binding-istio-system created
attributemanifest.config.istio.io/istioproxy created
attributemanifest.config.istio.io/kubernetes created
handler.config.istio.io/stdio created
instance.config.istio.io/accesslog created
instance.config.istio.io/tcpaccesslog created
rule.config.istio.io/stdio created
rule.config.istio.io/stdiotcp created
instance.config.istio.io/requestcount created
instance.config.istio.io/requestduration created
instance.config.istio.io/requestsize created
instance.config.istio.io/responsesize created
instance.config.istio.io/tcpbytesent created
instance.config.istio.io/tcpbytereceived created
instance.config.istio.io/tcpconnectionsopened created
instance.config.istio.io/tcpconnectionsclosed created
handler.config.istio.io/prometheus created
rule.config.istio.io/promhttp created
rule.config.istio.io/promtcp created
rule.config.istio.io/promtcpconnectionopen created
rule.config.istio.io/promtcpconnectionclosed created
handler.config.istio.io/kubernetesenv created
rule.config.istio.io/kubeattrgenrulerule created
rule.config.istio.io/tcpkubeattrgenrulerule created
instance.config.istio.io/attributes created
destinationrule.networking.istio.io/istio-telemetry created
configmap/telemetry-envoy-config created
deployment.apps/istio-telemetry created
poddisruptionbudget.policy/istio-telemetry created
service/istio-telemetry created
serviceaccount/istio-mixer-service-account created
deployment.apps/istio-tracing created
service/jaeger-query created
service/jaeger-collector created
service/jaeger-agent created
service/zipkin created
service/tracing created
kubectl rollout status deployment.apps/istio-ingressgateway -n istio-system
Waiting for deployment "istio-ingressgateway" rollout to finish: 0 of 1 updated replicas are available...
deployment "istio-ingressgateway" successfully rolled out
kubectl rollout status deployment.apps/istio-pilot -n istio-system
deployment "istio-pilot" successfully rolled out
kubectl rollout status deployment.apps/istio-citadel -n istio-system
deployment "istio-citadel" successfully rolled out
kubectl create -f ../resources/seldon-gateway.yaml -n istio-system
gateway.networking.istio.io/seldon-gateway created
helm install jaeger-operator \
	jaegertracing/jaeger-operator \
	--set rbac.clusterRole=true \
	--namespace seldon \
	--wait
manifest_sorter.go:192: info: skipping unknown hook: "crd-install"
NAME: jaeger-operator
LAST DEPLOYED: Thu Aug 27 10:18:02 2020
NAMESPACE: seldon
STATUS: deployed
REVISION: 1
TEST SUITE: None
NOTES:
jaeger-operator is installed.


Check the jaeger-operator logs
  export POD=$(kubectl get pods-l app.kubernetes.io/instance=jaeger-operator -lapp.kubernetes.io/name=jaeger-operator --namespace seldon --output name)
  kubectl logs $POD --namespace=seldon
kubectl apply -f ../resources/jaeger.yaml --namespace seldon
jaeger.jaegertracing.io/jaeger created
mapping.getambassador.io/jaeger created
cd ../../operator && make install-cert-manager
make[1]: Entering directory '/workspace/source/operator'
kubectl create namespace cert-manager || echo "Namespace cert-manager-exists"
namespace/cert-manager created
kubectl label namespace cert-manager cert-manager.io/disable-validation=true || echo "namespace cert-manager-already labelled"
namespace/cert-manager labeled
kubectl apply --validate=false -f https://github.com/jetstack/cert-manager/releases/download/v0.12.0/cert-manager.yaml
customresourcedefinition.apiextensions.k8s.io/certificaterequests.cert-manager.io created
customresourcedefinition.apiextensions.k8s.io/certificates.cert-manager.io created
customresourcedefinition.apiextensions.k8s.io/challenges.acme.cert-manager.io created
customresourcedefinition.apiextensions.k8s.io/clusterissuers.cert-manager.io created
customresourcedefinition.apiextensions.k8s.io/issuers.cert-manager.io created
customresourcedefinition.apiextensions.k8s.io/orders.acme.cert-manager.io created
Warning: kubectl apply should be used on resource created by either kubectl create --save-config or kubectl apply
namespace/cert-manager configured
serviceaccount/cert-manager-cainjector created
serviceaccount/cert-manager created
serviceaccount/cert-manager-webhook created
clusterrole.rbac.authorization.k8s.io/cert-manager-cainjector created
clusterrolebinding.rbac.authorization.k8s.io/cert-manager-cainjector created
role.rbac.authorization.k8s.io/cert-manager-cainjector:leaderelection created
rolebinding.rbac.authorization.k8s.io/cert-manager-cainjector:leaderelection created
clusterrolebinding.rbac.authorization.k8s.io/cert-manager-webhook:auth-delegator created
rolebinding.rbac.authorization.k8s.io/cert-manager-webhook:webhook-authentication-reader created
clusterrole.rbac.authorization.k8s.io/cert-manager-webhook:webhook-requester created
role.rbac.authorization.k8s.io/cert-manager:leaderelection created
rolebinding.rbac.authorization.k8s.io/cert-manager:leaderelection created
clusterrole.rbac.authorization.k8s.io/cert-manager-controller-issuers created
clusterrole.rbac.authorization.k8s.io/cert-manager-controller-clusterissuers created
clusterrole.rbac.authorization.k8s.io/cert-manager-controller-certificates created
clusterrole.rbac.authorization.k8s.io/cert-manager-controller-orders created
clusterrole.rbac.authorization.k8s.io/cert-manager-controller-challenges created
clusterrole.rbac.authorization.k8s.io/cert-manager-controller-ingress-shim created
clusterrolebinding.rbac.authorization.k8s.io/cert-manager-controller-issuers created
clusterrolebinding.rbac.authorization.k8s.io/cert-manager-controller-clusterissuers created
clusterrolebinding.rbac.authorization.k8s.io/cert-manager-controller-certificates created
clusterrolebinding.rbac.authorization.k8s.io/cert-manager-controller-orders created
clusterrolebinding.rbac.authorization.k8s.io/cert-manager-controller-challenges created
clusterrolebinding.rbac.authorization.k8s.io/cert-manager-controller-ingress-shim created
clusterrole.rbac.authorization.k8s.io/cert-manager-view created
clusterrole.rbac.authorization.k8s.io/cert-manager-edit created
service/cert-manager created
service/cert-manager-webhook created
deployment.apps/cert-manager-cainjector created
deployment.apps/cert-manager created
deployment.apps/cert-manager-webhook created
mutatingwebhookconfiguration.admissionregistration.k8s.io/cert-manager-webhook created
validatingwebhookconfiguration.admissionregistration.k8s.io/cert-manager-webhook created
kubectl rollout status deployment.apps/cert-manager -n cert-manager
Waiting for deployment "cert-manager" rollout to finish: 0 of 1 updated replicas are available...
deployment "cert-manager" successfully rolled out
kubectl rollout status deployment.apps/cert-manager-cainjector -n cert-manager
deployment "cert-manager-cainjector" successfully rolled out
kubectl rollout status deployment.apps/cert-manager-webhook -n cert-manager
Waiting for deployment "cert-manager-webhook" rollout to finish: 0 of 1 updated replicas are available...
deployment "cert-manager-webhook" successfully rolled out
make[1]: Leaving directory '/workspace/source/operator'
sleep 5 #https://github.com/jetstack/cert-manager/issues/2273
kubectl create namespace seldon-system || echo "namespace seldon-system exists"
namespace/seldon-system created
helm delete seldon --namespace seldon-system || echo "seldon-core not installed"
Error: uninstall: Release not loaded: seldon: release: not found
seldon-core not installed
helm install seldon \
	../../helm-charts/seldon-core-operator \
	--namespace seldon-system \
	--set istio.enabled=true \
	--set istio.gateway=istio-system/seldon-gateway \
	--set certManager.enabled=false \
	--set executor.enabled="true" \
	--wait
NAME: seldon
LAST DEPLOYED: Thu Aug 27 10:18:45 2020
NAMESPACE: seldon-system
STATUS: deployed
REVISION: 1
TEST SUITE: None
kubectl config set-context $(kubectl config current-context) --namespace=seldon
Context "kind-kind" modified.
kubectl apply -f metrics.yaml
clusterrole.rbac.authorization.k8s.io/system:aggregated-metrics-reader created
clusterrolebinding.rbac.authorization.k8s.io/metrics-server:system:auth-delegator created
rolebinding.rbac.authorization.k8s.io/metrics-server-auth-reader created
apiservice.apiregistration.k8s.io/v1beta1.metrics.k8s.io created
serviceaccount/metrics-server created
deployment.apps/metrics-server created
service/metrics-server created
clusterrole.rbac.authorization.k8s.io/system:metrics-server created
clusterrolebinding.rbac.authorization.k8s.io/system:metrics-server created
make: Entering directory '/workspace/source/python'
pip install -e . -r requirements-dev.txt
Obtaining file:///workspace/source/python
Collecting black==19.10b0
  Downloading black-19.10b0-py36-none-any.whl (97 kB)
Collecting flake8==3.8.1
  Downloading flake8-3.8.1-py2.py3-none-any.whl (72 kB)
Collecting mypy<0.783
  Downloading mypy-0.782-cp36-cp36m-manylinux1_x86_64.whl (20.8 MB)
Requirement already satisfied: Pillow==7.2.0 in /usr/local/lib/python3.6/site-packages (from -r requirements-dev.txt (line 5)) (7.2.0)
Collecting pytest==5.4.2
  Downloading pytest-5.4.2-py3-none-any.whl (247 kB)
Collecting pytest-cov==2.10.1
  Downloading pytest_cov-2.10.1-py2.py3-none-any.whl (19 kB)
Collecting tox<4.0.0
  Downloading tox-3.19.0-py2.py3-none-any.whl (83 kB)
Requirement already satisfied: grpcio-tools==1.31.0 in /usr/local/lib/python3.6/site-packages (from -r requirements-dev.txt (line 9)) (1.31.0)
Collecting mypy-protobuf==1.22
  Downloading mypy_protobuf-1.22-py3-none-any.whl (7.5 kB)
Collecting tenacity==6.2.0
  Downloading tenacity-6.2.0-py2.py3-none-any.whl (24 kB)
Collecting coverage==5.2
  Downloading coverage-5.2-cp36-cp36m-manylinux1_x86_64.whl (229 kB)
Collecting pandas==1.1.0
  Downloading pandas-1.1.0-cp36-cp36m-manylinux1_x86_64.whl (10.5 MB)
Collecting pip-licenses==2.3.0
  Downloading pip_licenses-2.3.0-py3-none-any.whl (14 kB)
Collecting Flask<2.0.0
  Downloading Flask-1.1.2-py2.py3-none-any.whl (94 kB)
Requirement already satisfied: jsonschema<4.0.0 in /usr/local/lib/python3.6/site-packages (from seldon-core==1.2.3.dev0) (3.2.0)
Collecting Flask-cors<4.0.0
  Downloading Flask_Cors-3.0.8-py2.py3-none-any.whl (14 kB)
Collecting redis<4.0.0
  Downloading redis-3.5.3-py2.py3-none-any.whl (72 kB)
Requirement already satisfied: requests<3.0.0 in /usr/local/lib/python3.6/site-packages (from seldon-core==1.2.3.dev0) (2.24.0)
Requirement already satisfied: numpy<2.0.0 in /usr/local/lib/python3.6/site-packages (from seldon-core==1.2.3.dev0) (1.19.1)
Collecting flatbuffers<2.0.0
  Downloading flatbuffers-1.12-py2.py3-none-any.whl (15 kB)
Requirement already satisfied: protobuf<4.0.0 in /usr/local/lib/python3.6/site-packages (from seldon-core==1.2.3.dev0) (3.13.0)
Requirement already satisfied: grpcio<2.0.0 in /usr/local/lib/python3.6/site-packages (from seldon-core==1.2.3.dev0) (1.31.0)
Collecting Flask-OpenTracing<1.2.0,>=1.1.0
  Downloading Flask-OpenTracing-1.1.0.tar.gz (8.2 kB)
Collecting opentracing<2.4.0,>=2.2.0
  Downloading opentracing-2.3.0.tar.gz (48 kB)
Collecting jaeger-client<4.4.0,>=4.1.0
  Downloading jaeger-client-4.3.0.tar.gz (81 kB)
Collecting grpcio-opentracing<1.2.0,>=1.1.4
  Downloading grpcio_opentracing-1.1.4-py3-none-any.whl (14 kB)
Requirement already satisfied: PyYAML<5.4 in /usr/local/lib/python3.6/site-packages (from seldon-core==1.2.3.dev0) (5.3.1)
Collecting gunicorn<20.1.0,>=19.9.0
  Downloading gunicorn-20.0.4-py2.py3-none-any.whl (77 kB)
Requirement already satisfied: setuptools>=41.0.0 in /usr/local/lib/python3.6/site-packages (from seldon-core==1.2.3.dev0) (49.6.0)
Requirement already satisfied: prometheus_client<0.9.0,>=0.7.1 in /usr/local/lib/python3.6/site-packages (from seldon-core==1.2.3.dev0) (0.8.0)
Collecting regex
  Downloading regex-2020.7.14-cp36-cp36m-manylinux2010_x86_64.whl (660 kB)
Requirement already satisfied: attrs>=18.1.0 in /usr/local/lib/python3.6/site-packages (from black==19.10b0->-r requirements-dev.txt (line 2)) (20.1.0)
Collecting click>=6.5
  Downloading click-7.1.2-py2.py3-none-any.whl (82 kB)
Collecting pathspec<1,>=0.6
  Downloading pathspec-0.8.0-py2.py3-none-any.whl (28 kB)
Collecting appdirs
  Downloading appdirs-1.4.4-py2.py3-none-any.whl (9.6 kB)
Collecting typed-ast>=1.4.0
  Downloading typed_ast-1.4.1-cp36-cp36m-manylinux1_x86_64.whl (737 kB)
Collecting toml>=0.9.4
  Downloading toml-0.10.1-py2.py3-none-any.whl (19 kB)
Collecting mccabe<0.7.0,>=0.6.0
  Downloading mccabe-0.6.1-py2.py3-none-any.whl (8.6 kB)
Requirement already satisfied: importlib-metadata; python_version < "3.8" in /usr/local/lib/python3.6/site-packages (from flake8==3.8.1->-r requirements-dev.txt (line 3)) (1.7.0)
Collecting pyflakes<2.3.0,>=2.2.0
  Downloading pyflakes-2.2.0-py2.py3-none-any.whl (66 kB)
Collecting pycodestyle<2.7.0,>=2.6.0a1
  Downloading pycodestyle-2.6.0-py2.py3-none-any.whl (41 kB)
Collecting mypy-extensions<0.5.0,>=0.4.3
  Downloading mypy_extensions-0.4.3-py2.py3-none-any.whl (4.5 kB)
Requirement already satisfied: typing-extensions>=3.7.4 in /usr/local/lib/python3.6/site-packages (from mypy<0.783->-r requirements-dev.txt (line 4)) (3.7.4.3)
Requirement already satisfied: more-itertools>=4.0.0 in /usr/local/lib/python3.6/site-packages (from pytest==5.4.2->-r requirements-dev.txt (line 6)) (8.4.0)
Requirement already satisfied: packaging in /usr/local/lib/python3.6/site-packages (from pytest==5.4.2->-r requirements-dev.txt (line 6)) (20.4)
Requirement already satisfied: wcwidth in /usr/local/lib/python3.6/site-packages (from pytest==5.4.2->-r requirements-dev.txt (line 6)) (0.2.5)
Requirement already satisfied: pluggy<1.0,>=0.12 in /usr/local/lib/python3.6/site-packages (from pytest==5.4.2->-r requirements-dev.txt (line 6)) (0.13.1)
Requirement already satisfied: py>=1.5.0 in /usr/local/lib/python3.6/site-packages (from pytest==5.4.2->-r requirements-dev.txt (line 6)) (1.9.0)
Collecting virtualenv!=20.0.0,!=20.0.1,!=20.0.2,!=20.0.3,!=20.0.4,!=20.0.5,!=20.0.6,!=20.0.7,>=16.0.0
  Downloading virtualenv-20.0.31-py2.py3-none-any.whl (4.9 MB)
Collecting filelock>=3.0.0
  Downloading filelock-3.0.12-py3-none-any.whl (7.6 kB)
Requirement already satisfied: six>=1.14.0 in /usr/local/lib/python3.6/site-packages (from tox<4.0.0->-r requirements-dev.txt (line 8)) (1.15.0)
Requirement already satisfied: pytz>=2017.2 in /usr/local/lib/python3.6/site-packages (from pandas==1.1.0->-r requirements-dev.txt (line 19)) (2020.1)
Requirement already satisfied: python-dateutil>=2.7.3 in /usr/local/lib/python3.6/site-packages (from pandas==1.1.0->-r requirements-dev.txt (line 19)) (2.8.1)
Collecting PTable
  Downloading PTable-0.9.2.tar.gz (31 kB)
Requirement already satisfied: Jinja2>=2.10.1 in /usr/local/lib/python3.6/site-packages (from Flask<2.0.0->seldon-core==1.2.3.dev0) (2.11.2)
Collecting itsdangerous>=0.24
  Downloading itsdangerous-1.1.0-py2.py3-none-any.whl (16 kB)
Requirement already satisfied: Werkzeug>=0.15 in /usr/local/lib/python3.6/site-packages (from Flask<2.0.0->seldon-core==1.2.3.dev0) (1.0.1)
Requirement already satisfied: pyrsistent>=0.14.0 in /usr/local/lib/python3.6/site-packages (from jsonschema<4.0.0->seldon-core==1.2.3.dev0) (0.16.0)
Requirement already satisfied: chardet<4,>=3.0.2 in /usr/local/lib/python3.6/site-packages (from requests<3.0.0->seldon-core==1.2.3.dev0) (3.0.4)
Requirement already satisfied: certifi>=2017.4.17 in /usr/local/lib/python3.6/site-packages (from requests<3.0.0->seldon-core==1.2.3.dev0) (2020.6.20)
Requirement already satisfied: idna<3,>=2.5 in /usr/local/lib/python3.6/site-packages (from requests<3.0.0->seldon-core==1.2.3.dev0) (2.10)
Requirement already satisfied: urllib3!=1.25.0,!=1.25.1,<1.26,>=1.21.1 in /usr/local/lib/python3.6/site-packages (from requests<3.0.0->seldon-core==1.2.3.dev0) (1.25.10)
Collecting threadloop<2,>=1
  Downloading threadloop-1.0.2.tar.gz (4.9 kB)
Collecting thrift
  Downloading thrift-0.13.0.tar.gz (59 kB)
Requirement already satisfied: tornado>=4.3 in /usr/local/lib/python3.6/site-packages (from jaeger-client<4.4.0,>=4.1.0->seldon-core==1.2.3.dev0) (6.0.4)
Requirement already satisfied: zipp>=0.5 in /usr/local/lib/python3.6/site-packages (from importlib-metadata; python_version < "3.8"->flake8==3.8.1->-r requirements-dev.txt (line 3)) (3.1.0)
Requirement already satisfied: pyparsing>=2.0.2 in /usr/local/lib/python3.6/site-packages (from packaging->pytest==5.4.2->-r requirements-dev.txt (line 6)) (2.4.7)
Collecting importlib-resources>=1.0; python_version < "3.7"
  Downloading importlib_resources-3.0.0-py2.py3-none-any.whl (23 kB)
Collecting distlib<1,>=0.3.1
  Downloading distlib-0.3.1-py2.py3-none-any.whl (335 kB)
Requirement already satisfied: MarkupSafe>=0.23 in /usr/local/lib/python3.6/site-packages (from Jinja2>=2.10.1->Flask<2.0.0->seldon-core==1.2.3.dev0) (1.1.1)
Building wheels for collected packages: Flask-OpenTracing, opentracing, jaeger-client, PTable, threadloop, thrift
  Building wheel for Flask-OpenTracing (setup.py): started
  Building wheel for Flask-OpenTracing (setup.py): finished with status 'done'
  Created wheel for Flask-OpenTracing: filename=Flask_OpenTracing-1.1.0-py3-none-any.whl size=9071 sha256=f57e68428bfce8c4634bf1dee9f10347c7e2343a19d78cbacd39c4815874ebc0
  Stored in directory: /builder/home/.cache/pip/wheels/ad/4b/2d/24ff0da0a0b53c7c77ce59b843bcceaf644c88703241e59615
  Building wheel for opentracing (setup.py): started
  Building wheel for opentracing (setup.py): finished with status 'done'
  Created wheel for opentracing: filename=opentracing-2.3.0-py3-none-any.whl size=51346 sha256=5275a72db93ba7ab87e0f567c55eee52058686c5a397428491ba4624376f1d1e
  Stored in directory: /builder/home/.cache/pip/wheels/d4/53/31/bfca74f038fa9f83eb7de2131555b75ffa9bcbca18d23e5edf
  Building wheel for jaeger-client (setup.py): started
  Building wheel for jaeger-client (setup.py): finished with status 'done'
  Created wheel for jaeger-client: filename=jaeger_client-4.3.0-py3-none-any.whl size=64290 sha256=eb549b661afd446c47841339d5bfc3ce9015d763fa2c32bbb083a2cbba92fd4e
  Stored in directory: /builder/home/.cache/pip/wheels/a8/37/30/d86c970966efbf6da89e8085db50f2be4cf36ca68513eff785
  Building wheel for PTable (setup.py): started
  Building wheel for PTable (setup.py): finished with status 'done'
  Created wheel for PTable: filename=PTable-0.9.2-py3-none-any.whl size=22907 sha256=765bf366d29afd6e68bbb46d506207e80860f4a3d0f77cb97ccb503d3d8d84d3
  Stored in directory: /builder/home/.cache/pip/wheels/f3/65/67/71f473ec87ea4554d1bdfb1b5128cfe1414c2b113b72a1ee8e
  Building wheel for threadloop (setup.py): started
  Building wheel for threadloop (setup.py): finished with status 'done'
  Created wheel for threadloop: filename=threadloop-1.0.2-py3-none-any.whl size=3425 sha256=7e7e1c72cad94496a0f94658cf428c27d6ec32f5cbf82abb4bff76384677dfea
  Stored in directory: /builder/home/.cache/pip/wheels/02/54/65/9f87de48fe8fcaaee30f279973d946ad55f9df56b93b3e78da
  Building wheel for thrift (setup.py): started
  Building wheel for thrift (setup.py): finished with status 'done'
  Created wheel for thrift: filename=thrift-0.13.0-cp36-cp36m-linux_x86_64.whl size=483908 sha256=7e8653cc89146aa1ce7b26f53ca7efa5923956d5c8976e65915a5ba8e0cee1dc
  Stored in directory: /builder/home/.cache/pip/wheels/e0/38/fc/472fe18756b177b42096961f8bd3ff2dc5c5620ac399fce52d
Successfully built Flask-OpenTracing opentracing jaeger-client PTable threadloop thrift
Installing collected packages: regex, click, pathspec, appdirs, typed-ast, toml, black, mccabe, pyflakes, pycodestyle, flake8, mypy-extensions, mypy, pytest, coverage, pytest-cov, filelock, importlib-resources, distlib, virtualenv, tox, mypy-protobuf, tenacity, pandas, PTable, pip-licenses, itsdangerous, Flask, Flask-cors, redis, flatbuffers, opentracing, Flask-OpenTracing, threadloop, thrift, jaeger-client, grpcio-opentracing, gunicorn, seldon-core
  Attempting uninstall: pytest
    Found existing installation: pytest 5.3.1
    Uninstalling pytest-5.3.1:
      Successfully uninstalled pytest-5.3.1
  Attempting uninstall: coverage
    Found existing installation: coverage 4.5.4
    Uninstalling coverage-4.5.4:
      Successfully uninstalled coverage-4.5.4
  Attempting uninstall: pytest-cov
    Found existing installation: pytest-cov 2.8.1
    Uninstalling pytest-cov-2.8.1:
      Successfully uninstalled pytest-cov-2.8.1
  Attempting uninstall: tenacity
    Found existing installation: tenacity 6.0.0
    Uninstalling tenacity-6.0.0:
      Successfully uninstalled tenacity-6.0.0
  Attempting uninstall: pandas
    Found existing installation: pandas 1.1.1
    Uninstalling pandas-1.1.1:
      Successfully uninstalled pandas-1.1.1
  Running setup.py develop for seldon-core
ERROR: After October 2020 you may experience errors when installing or updating packages. This is because pip will change the way that it resolves dependency conflicts.

We recommend you use --use-feature=2020-resolver to test your packages with the new resolver before it becomes the default.

alibi 0.5.2 requires tensorflow>=2.0, but you'll have tensorflow 1.15.2 which is incompatible.
Successfully installed Flask-1.1.2 Flask-OpenTracing-1.1.0 Flask-cors-3.0.8 PTable-0.9.2 appdirs-1.4.4 black-19.10b0 click-7.1.2 coverage-5.2 distlib-0.3.1 filelock-3.0.12 flake8-3.8.1 flatbuffers-1.12 grpcio-opentracing-1.1.4 gunicorn-20.0.4 importlib-resources-3.0.0 itsdangerous-1.1.0 jaeger-client-4.3.0 mccabe-0.6.1 mypy-0.782 mypy-extensions-0.4.3 mypy-protobuf-1.22 opentracing-2.3.0 pandas-1.1.0 pathspec-0.8.0 pip-licenses-2.3.0 pycodestyle-2.6.0 pyflakes-2.2.0 pytest-5.4.2 pytest-cov-2.10.1 redis-3.5.3 regex-2020.7.14 seldon-core tenacity-6.2.0 threadloop-1.0.2 thrift-0.13.0 toml-0.10.1 tox-3.19.0 typed-ast-1.4.1 virtualenv-20.0.31
make: Leaving directory '/workspace/source/python'
cp ../../proto/prediction.proto ./proto
cd ../../proto/tensorflow && make create_protos
make[1]: Entering directory '/workspace/source/proto/tensorflow'
./create-protos.sh
Downloading proto files for master
make[1]: Leaving directory '/workspace/source/proto/tensorflow'
cp -vr ../../proto/tensorflow/tensorflow .
'../../proto/tensorflow/tensorflow' -> './tensorflow'
'../../proto/tensorflow/tensorflow/core' -> './tensorflow/core'
'../../proto/tensorflow/tensorflow/core/framework' -> './tensorflow/core/framework'
'../../proto/tensorflow/tensorflow/core/framework/types.proto' -> './tensorflow/core/framework/types.proto'
'../../proto/tensorflow/tensorflow/core/framework/resource_handle.proto' -> './tensorflow/core/framework/resource_handle.proto'
'../../proto/tensorflow/tensorflow/core/framework/tensor_shape.proto' -> './tensorflow/core/framework/tensor_shape.proto'
'../../proto/tensorflow/tensorflow/core/framework/tensor.proto' -> './tensorflow/core/framework/tensor.proto'
python -m grpc.tools.protoc -I. --python_out=. --grpc_python_out=. ./proto/prediction.proto
cd ../../notebooks && make build_protos
make[1]: Entering directory '/workspace/source/notebooks'
cd ../proto/tensorflow && make create_protos
make[2]: Entering directory '/workspace/source/proto/tensorflow'
make[2]: Nothing to be done for 'create_protos'.
make[2]: Leaving directory '/workspace/source/proto/tensorflow'
cp -vr ../proto/tensorflow/tensorflow .
'../proto/tensorflow/tensorflow' -> './tensorflow'
'../proto/tensorflow/tensorflow/core' -> './tensorflow/core'
'../proto/tensorflow/tensorflow/core/framework' -> './tensorflow/core/framework'
'../proto/tensorflow/tensorflow/core/framework/types.proto' -> './tensorflow/core/framework/types.proto'
'../proto/tensorflow/tensorflow/core/framework/resource_handle.proto' -> './tensorflow/core/framework/resource_handle.proto'
'../proto/tensorflow/tensorflow/core/framework/tensor_shape.proto' -> './tensorflow/core/framework/tensor_shape.proto'
'../proto/tensorflow/tensorflow/core/framework/tensor.proto' -> './tensorflow/core/framework/tensor.proto'
cp ../proto/prediction.proto ./proto
python -m grpc.tools.protoc -I. --python_out=. --grpc_python_out=. ./proto/prediction.proto
make[1]: Leaving directory '/workspace/source/notebooks'
cd ../../proto/k8s && make create_protos
make[1]: Entering directory '/workspace/source/proto/k8s'
./create-k8s-protos.sh
Downloading proto files for master
Munging proto file packages
sed -i.bak 's|import "k8s.io/apiextensions-apiserver/|//import "k8s.io/apiextensions-apiserver/|' k8s.io/api/core/v1/generated.proto
rm k8s.io/api/core/v1/generated.proto.bak
make[1]: Leaving directory '/workspace/source/proto/k8s'
pip install -r dev_requirements.txt
Collecting pytest==5.3.1
  Downloading pytest-5.3.1-py3-none-any.whl (233 kB)
Requirement already satisfied: pytest-xdist==1.30.0 in /usr/local/lib/python3.6/site-packages (from -r dev_requirements.txt (line 2)) (1.30.0)
Collecting pytest-cov==2.8.1
  Downloading pytest_cov-2.8.1-py2.py3-none-any.whl (18 kB)
Requirement already satisfied: flaky==3.6.1 in /usr/local/lib/python3.6/site-packages (from -r dev_requirements.txt (line 4)) (3.6.1)
Collecting tenacity==6.0.0
  Downloading tenacity-6.0.0-py2.py3-none-any.whl (24 kB)
Requirement already satisfied: sh==1.13.1 in /usr/local/lib/python3.6/site-packages (from -r dev_requirements.txt (line 6)) (1.13.1)
Requirement already satisfied: ipython==7.13.0 in /usr/local/lib/python3.6/site-packages (from -r dev_requirements.txt (line 9)) (7.13.0)
Requirement already satisfied: nbconvert==5.6.1 in /usr/local/lib/python3.6/site-packages (from -r dev_requirements.txt (line 10)) (5.6.1)
Requirement already satisfied: alibi==0.5.2 in /usr/local/lib/python3.6/site-packages (from -r dev_requirements.txt (line 11)) (0.5.2)
Requirement already satisfied: matplotlib==3.1.3 in /usr/local/lib/python3.6/site-packages (from -r dev_requirements.txt (line 12)) (3.1.3)
Requirement already satisfied: tensorflow==1.15.2 in /usr/local/lib/python3.6/site-packages (from -r dev_requirements.txt (line 13)) (1.15.2)
Collecting coverage==4.5.4
  Downloading coverage-4.5.4-cp36-cp36m-manylinux1_x86_64.whl (205 kB)
Requirement already satisfied: wcwidth in /usr/local/lib/python3.6/site-packages (from pytest==5.3.1->-r dev_requirements.txt (line 1)) (0.2.5)
Requirement already satisfied: importlib-metadata>=0.12; python_version < "3.8" in /usr/local/lib/python3.6/site-packages (from pytest==5.3.1->-r dev_requirements.txt (line 1)) (1.7.0)
Requirement already satisfied: more-itertools>=4.0.0 in /usr/local/lib/python3.6/site-packages (from pytest==5.3.1->-r dev_requirements.txt (line 1)) (8.4.0)
Requirement already satisfied: packaging in /usr/local/lib/python3.6/site-packages (from pytest==5.3.1->-r dev_requirements.txt (line 1)) (20.4)
Requirement already satisfied: py>=1.5.0 in /usr/local/lib/python3.6/site-packages (from pytest==5.3.1->-r dev_requirements.txt (line 1)) (1.9.0)
Requirement already satisfied: pluggy<1.0,>=0.12 in /usr/local/lib/python3.6/site-packages (from pytest==5.3.1->-r dev_requirements.txt (line 1)) (0.13.1)
Requirement already satisfied: attrs>=17.4.0 in /usr/local/lib/python3.6/site-packages (from pytest==5.3.1->-r dev_requirements.txt (line 1)) (20.1.0)
Requirement already satisfied: six in /usr/local/lib/python3.6/site-packages (from pytest-xdist==1.30.0->-r dev_requirements.txt (line 2)) (1.15.0)
Requirement already satisfied: pytest-forked in /usr/local/lib/python3.6/site-packages (from pytest-xdist==1.30.0->-r dev_requirements.txt (line 2)) (1.3.0)
Requirement already satisfied: execnet>=1.1 in /usr/local/lib/python3.6/site-packages (from pytest-xdist==1.30.0->-r dev_requirements.txt (line 2)) (1.7.1)
Requirement already satisfied: backcall in /usr/local/lib/python3.6/site-packages (from ipython==7.13.0->-r dev_requirements.txt (line 9)) (0.2.0)
Requirement already satisfied: decorator in /usr/local/lib/python3.6/site-packages (from ipython==7.13.0->-r dev_requirements.txt (line 9)) (4.4.2)
Requirement already satisfied: setuptools>=18.5 in /usr/local/lib/python3.6/site-packages (from ipython==7.13.0->-r dev_requirements.txt (line 9)) (49.6.0)
Requirement already satisfied: pexpect; sys_platform != "win32" in /usr/local/lib/python3.6/site-packages (from ipython==7.13.0->-r dev_requirements.txt (line 9)) (4.8.0)
Requirement already satisfied: jedi>=0.10 in /usr/local/lib/python3.6/site-packages (from ipython==7.13.0->-r dev_requirements.txt (line 9)) (0.17.2)
Requirement already satisfied: pygments in /usr/local/lib/python3.6/site-packages (from ipython==7.13.0->-r dev_requirements.txt (line 9)) (2.6.1)
Requirement already satisfied: traitlets>=4.2 in /usr/local/lib/python3.6/site-packages (from ipython==7.13.0->-r dev_requirements.txt (line 9)) (4.3.3)
Requirement already satisfied: prompt-toolkit!=3.0.0,!=3.0.1,<3.1.0,>=2.0.0 in /usr/local/lib/python3.6/site-packages (from ipython==7.13.0->-r dev_requirements.txt (line 9)) (3.0.6)
Requirement already satisfied: pickleshare in /usr/local/lib/python3.6/site-packages (from ipython==7.13.0->-r dev_requirements.txt (line 9)) (0.7.5)
Requirement already satisfied: entrypoints>=0.2.2 in /usr/local/lib/python3.6/site-packages (from nbconvert==5.6.1->-r dev_requirements.txt (line 10)) (0.3)
Requirement already satisfied: pandocfilters>=1.4.1 in /usr/local/lib/python3.6/site-packages (from nbconvert==5.6.1->-r dev_requirements.txt (line 10)) (1.4.2)
Requirement already satisfied: bleach in /usr/local/lib/python3.6/site-packages (from nbconvert==5.6.1->-r dev_requirements.txt (line 10)) (3.1.5)
Requirement already satisfied: jinja2>=2.4 in /usr/local/lib/python3.6/site-packages (from nbconvert==5.6.1->-r dev_requirements.txt (line 10)) (2.11.2)
Requirement already satisfied: mistune<2,>=0.8.1 in /usr/local/lib/python3.6/site-packages (from nbconvert==5.6.1->-r dev_requirements.txt (line 10)) (0.8.4)
Requirement already satisfied: testpath in /usr/local/lib/python3.6/site-packages (from nbconvert==5.6.1->-r dev_requirements.txt (line 10)) (0.4.4)
Requirement already satisfied: defusedxml in /usr/local/lib/python3.6/site-packages (from nbconvert==5.6.1->-r dev_requirements.txt (line 10)) (0.6.0)
Requirement already satisfied: nbformat>=4.4 in /usr/local/lib/python3.6/site-packages (from nbconvert==5.6.1->-r dev_requirements.txt (line 10)) (5.0.7)
Requirement already satisfied: jupyter-core in /usr/local/lib/python3.6/site-packages (from nbconvert==5.6.1->-r dev_requirements.txt (line 10)) (4.6.3)
Requirement already satisfied: spacy[lookups] in /usr/local/lib/python3.6/site-packages (from alibi==0.5.2->-r dev_requirements.txt (line 11)) (2.3.2)
Requirement already satisfied: beautifulsoup4 in /usr/local/lib/python3.6/site-packages (from alibi==0.5.2->-r dev_requirements.txt (line 11)) (4.9.1)
Requirement already satisfied: numpy in /usr/local/lib/python3.6/site-packages (from alibi==0.5.2->-r dev_requirements.txt (line 11)) (1.19.1)
Requirement already satisfied: scipy in /usr/local/lib/python3.6/site-packages (from alibi==0.5.2->-r dev_requirements.txt (line 11)) (1.5.2)
Requirement already satisfied: scikit-image!=0.17.1 in /usr/local/lib/python3.6/site-packages (from alibi==0.5.2->-r dev_requirements.txt (line 11)) (0.17.2)
Requirement already satisfied: requests in /usr/local/lib/python3.6/site-packages (from alibi==0.5.2->-r dev_requirements.txt (line 11)) (2.24.0)
Requirement already satisfied: shap in /usr/local/lib/python3.6/site-packages (from alibi==0.5.2->-r dev_requirements.txt (line 11)) (0.35.0)
Requirement already satisfied: prettyprinter in /usr/local/lib/python3.6/site-packages (from alibi==0.5.2->-r dev_requirements.txt (line 11)) (0.18.0)
Requirement already satisfied: scikit-learn in /usr/local/lib/python3.6/site-packages (from alibi==0.5.2->-r dev_requirements.txt (line 11)) (0.23.2)
Requirement already satisfied: Pillow in /usr/local/lib/python3.6/site-packages (from alibi==0.5.2->-r dev_requirements.txt (line 11)) (7.2.0)
Requirement already satisfied: typing-extensions>=3.7.2 in /usr/local/lib/python3.6/site-packages (from alibi==0.5.2->-r dev_requirements.txt (line 11)) (3.7.4.3)
Requirement already satisfied: pandas in /usr/local/lib/python3.6/site-packages (from alibi==0.5.2->-r dev_requirements.txt (line 11)) (1.1.0)
Requirement already satisfied: kiwisolver>=1.0.1 in /usr/local/lib/python3.6/site-packages (from matplotlib==3.1.3->-r dev_requirements.txt (line 12)) (1.2.0)
Requirement already satisfied: pyparsing!=2.0.4,!=2.1.2,!=2.1.6,>=2.0.1 in /usr/local/lib/python3.6/site-packages (from matplotlib==3.1.3->-r dev_requirements.txt (line 12)) (2.4.7)
Requirement already satisfied: cycler>=0.10 in /usr/local/lib/python3.6/site-packages (from matplotlib==3.1.3->-r dev_requirements.txt (line 12)) (0.10.0)
Requirement already satisfied: python-dateutil>=2.1 in /usr/local/lib/python3.6/site-packages (from matplotlib==3.1.3->-r dev_requirements.txt (line 12)) (2.8.1)
Requirement already satisfied: absl-py>=0.7.0 in /usr/local/lib/python3.6/site-packages (from tensorflow==1.15.2->-r dev_requirements.txt (line 13)) (0.10.0)
Requirement already satisfied: astor>=0.6.0 in /usr/local/lib/python3.6/site-packages (from tensorflow==1.15.2->-r dev_requirements.txt (line 13)) (0.8.1)
Requirement already satisfied: google-pasta>=0.1.6 in /usr/local/lib/python3.6/site-packages (from tensorflow==1.15.2->-r dev_requirements.txt (line 13)) (0.2.0)
Requirement already satisfied: termcolor>=1.1.0 in /usr/local/lib/python3.6/site-packages (from tensorflow==1.15.2->-r dev_requirements.txt (line 13)) (1.1.0)
Requirement already satisfied: tensorflow-estimator==1.15.1 in /usr/local/lib/python3.6/site-packages (from tensorflow==1.15.2->-r dev_requirements.txt (line 13)) (1.15.1)
Requirement already satisfied: keras-preprocessing>=1.0.5 in /usr/local/lib/python3.6/site-packages (from tensorflow==1.15.2->-r dev_requirements.txt (line 13)) (1.1.2)
Requirement already satisfied: protobuf>=3.6.1 in /usr/local/lib/python3.6/site-packages (from tensorflow==1.15.2->-r dev_requirements.txt (line 13)) (3.13.0)
Requirement already satisfied: opt-einsum>=2.3.2 in /usr/local/lib/python3.6/site-packages (from tensorflow==1.15.2->-r dev_requirements.txt (line 13)) (3.3.0)
Requirement already satisfied: wrapt>=1.11.1 in /usr/local/lib/python3.6/site-packages (from tensorflow==1.15.2->-r dev_requirements.txt (line 13)) (1.12.1)
Requirement already satisfied: keras-applications>=1.0.8 in /usr/local/lib/python3.6/site-packages (from tensorflow==1.15.2->-r dev_requirements.txt (line 13)) (1.0.8)
Requirement already satisfied: gast==0.2.2 in /usr/local/lib/python3.6/site-packages (from tensorflow==1.15.2->-r dev_requirements.txt (line 13)) (0.2.2)
Requirement already satisfied: wheel>=0.26; python_version >= "3" in /usr/local/lib/python3.6/site-packages (from tensorflow==1.15.2->-r dev_requirements.txt (line 13)) (0.35.1)
Requirement already satisfied: grpcio>=1.8.6 in /usr/local/lib/python3.6/site-packages (from tensorflow==1.15.2->-r dev_requirements.txt (line 13)) (1.31.0)
Requirement already satisfied: tensorboard<1.16.0,>=1.15.0 in /usr/local/lib/python3.6/site-packages (from tensorflow==1.15.2->-r dev_requirements.txt (line 13)) (1.15.0)
Requirement already satisfied: zipp>=0.5 in /usr/local/lib/python3.6/site-packages (from importlib-metadata>=0.12; python_version < "3.8"->pytest==5.3.1->-r dev_requirements.txt (line 1)) (3.1.0)
Requirement already satisfied: apipkg>=1.4 in /usr/local/lib/python3.6/site-packages (from execnet>=1.1->pytest-xdist==1.30.0->-r dev_requirements.txt (line 2)) (1.5)
Requirement already satisfied: ptyprocess>=0.5 in /usr/local/lib/python3.6/site-packages (from pexpect; sys_platform != "win32"->ipython==7.13.0->-r dev_requirements.txt (line 9)) (0.6.0)
Requirement already satisfied: parso<0.8.0,>=0.7.0 in /usr/local/lib/python3.6/site-packages (from jedi>=0.10->ipython==7.13.0->-r dev_requirements.txt (line 9)) (0.7.1)
Requirement already satisfied: ipython-genutils in /usr/local/lib/python3.6/site-packages (from traitlets>=4.2->ipython==7.13.0->-r dev_requirements.txt (line 9)) (0.2.0)
Requirement already satisfied: webencodings in /usr/local/lib/python3.6/site-packages (from bleach->nbconvert==5.6.1->-r dev_requirements.txt (line 10)) (0.5.1)
Requirement already satisfied: MarkupSafe>=0.23 in /usr/local/lib/python3.6/site-packages (from jinja2>=2.4->nbconvert==5.6.1->-r dev_requirements.txt (line 10)) (1.1.1)
Requirement already satisfied: jsonschema!=2.5.0,>=2.4 in /usr/local/lib/python3.6/site-packages (from nbformat>=4.4->nbconvert==5.6.1->-r dev_requirements.txt (line 10)) (3.2.0)
Requirement already satisfied: murmurhash<1.1.0,>=0.28.0 in /usr/local/lib/python3.6/site-packages (from spacy[lookups]->alibi==0.5.2->-r dev_requirements.txt (line 11)) (1.0.2)
Requirement already satisfied: plac<1.2.0,>=0.9.6 in /usr/local/lib/python3.6/site-packages (from spacy[lookups]->alibi==0.5.2->-r dev_requirements.txt (line 11)) (1.1.3)
Requirement already satisfied: wasabi<1.1.0,>=0.4.0 in /usr/local/lib/python3.6/site-packages (from spacy[lookups]->alibi==0.5.2->-r dev_requirements.txt (line 11)) (0.7.1)
Requirement already satisfied: tqdm<5.0.0,>=4.38.0 in /usr/local/lib/python3.6/site-packages (from spacy[lookups]->alibi==0.5.2->-r dev_requirements.txt (line 11)) (4.48.2)
Requirement already satisfied: srsly<1.1.0,>=1.0.2 in /usr/local/lib/python3.6/site-packages (from spacy[lookups]->alibi==0.5.2->-r dev_requirements.txt (line 11)) (1.0.2)
Requirement already satisfied: blis<0.5.0,>=0.4.0 in /usr/local/lib/python3.6/site-packages (from spacy[lookups]->alibi==0.5.2->-r dev_requirements.txt (line 11)) (0.4.1)
Requirement already satisfied: preshed<3.1.0,>=3.0.2 in /usr/local/lib/python3.6/site-packages (from spacy[lookups]->alibi==0.5.2->-r dev_requirements.txt (line 11)) (3.0.2)
Requirement already satisfied: catalogue<1.1.0,>=0.0.7 in /usr/local/lib/python3.6/site-packages (from spacy[lookups]->alibi==0.5.2->-r dev_requirements.txt (line 11)) (1.0.0)
Requirement already satisfied: cymem<2.1.0,>=2.0.2 in /usr/local/lib/python3.6/site-packages (from spacy[lookups]->alibi==0.5.2->-r dev_requirements.txt (line 11)) (2.0.3)
Requirement already satisfied: thinc==7.4.1 in /usr/local/lib/python3.6/site-packages (from spacy[lookups]->alibi==0.5.2->-r dev_requirements.txt (line 11)) (7.4.1)
Requirement already satisfied: spacy-lookups-data<0.4.0,>=0.3.2; extra == "lookups" in /usr/local/lib/python3.6/site-packages (from spacy[lookups]->alibi==0.5.2->-r dev_requirements.txt (line 11)) (0.3.2)
Requirement already satisfied: soupsieve>1.2 in /usr/local/lib/python3.6/site-packages (from beautifulsoup4->alibi==0.5.2->-r dev_requirements.txt (line 11)) (2.0.1)
Requirement already satisfied: networkx>=2.0 in /usr/local/lib/python3.6/site-packages (from scikit-image!=0.17.1->alibi==0.5.2->-r dev_requirements.txt (line 11)) (2.5)
Requirement already satisfied: imageio>=2.3.0 in /usr/local/lib/python3.6/site-packages (from scikit-image!=0.17.1->alibi==0.5.2->-r dev_requirements.txt (line 11)) (2.9.0)
Requirement already satisfied: tifffile>=2019.7.26 in /usr/local/lib/python3.6/site-packages (from scikit-image!=0.17.1->alibi==0.5.2->-r dev_requirements.txt (line 11)) (2020.8.13)
Requirement already satisfied: PyWavelets>=1.1.1 in /usr/local/lib/python3.6/site-packages (from scikit-image!=0.17.1->alibi==0.5.2->-r dev_requirements.txt (line 11)) (1.1.1)
Requirement already satisfied: urllib3!=1.25.0,!=1.25.1,<1.26,>=1.21.1 in /usr/local/lib/python3.6/site-packages (from requests->alibi==0.5.2->-r dev_requirements.txt (line 11)) (1.25.10)
Requirement already satisfied: certifi>=2017.4.17 in /usr/local/lib/python3.6/site-packages (from requests->alibi==0.5.2->-r dev_requirements.txt (line 11)) (2020.6.20)
Requirement already satisfied: idna<3,>=2.5 in /usr/local/lib/python3.6/site-packages (from requests->alibi==0.5.2->-r dev_requirements.txt (line 11)) (2.10)
Requirement already satisfied: chardet<4,>=3.0.2 in /usr/local/lib/python3.6/site-packages (from requests->alibi==0.5.2->-r dev_requirements.txt (line 11)) (3.0.4)
Requirement already satisfied: colorful>=0.4.0 in /usr/local/lib/python3.6/site-packages (from prettyprinter->alibi==0.5.2->-r dev_requirements.txt (line 11)) (0.5.4)
Requirement already satisfied: joblib>=0.11 in /usr/local/lib/python3.6/site-packages (from scikit-learn->alibi==0.5.2->-r dev_requirements.txt (line 11)) (0.16.0)
Requirement already satisfied: threadpoolctl>=2.0.0 in /usr/local/lib/python3.6/site-packages (from scikit-learn->alibi==0.5.2->-r dev_requirements.txt (line 11)) (2.1.0)
Requirement already satisfied: pytz>=2017.2 in /usr/local/lib/python3.6/site-packages (from pandas->alibi==0.5.2->-r dev_requirements.txt (line 11)) (2020.1)
Requirement already satisfied: h5py in /usr/local/lib/python3.6/site-packages (from keras-applications>=1.0.8->tensorflow==1.15.2->-r dev_requirements.txt (line 13)) (2.10.0)
Requirement already satisfied: werkzeug>=0.11.15 in /usr/local/lib/python3.6/site-packages (from tensorboard<1.16.0,>=1.15.0->tensorflow==1.15.2->-r dev_requirements.txt (line 13)) (1.0.1)
Requirement already satisfied: markdown>=2.6.8 in /usr/local/lib/python3.6/site-packages (from tensorboard<1.16.0,>=1.15.0->tensorflow==1.15.2->-r dev_requirements.txt (line 13)) (3.2.2)
Requirement already satisfied: pyrsistent>=0.14.0 in /usr/local/lib/python3.6/site-packages (from jsonschema!=2.5.0,>=2.4->nbformat>=4.4->nbconvert==5.6.1->-r dev_requirements.txt (line 10)) (0.16.0)
Installing collected packages: pytest, coverage, pytest-cov, tenacity
  Attempting uninstall: pytest
    Found existing installation: pytest 5.4.2
    Uninstalling pytest-5.4.2:
      Successfully uninstalled pytest-5.4.2
  Attempting uninstall: coverage
    Found existing installation: coverage 5.2
    Uninstalling coverage-5.2:
      Successfully uninstalled coverage-5.2
  Attempting uninstall: pytest-cov
    Found existing installation: pytest-cov 2.10.1
    Uninstalling pytest-cov-2.10.1:
      Successfully uninstalled pytest-cov-2.10.1
  Attempting uninstall: tenacity
    Found existing installation: tenacity 6.2.0
    Uninstalling tenacity-6.2.0:
      Successfully uninstalled tenacity-6.2.0
Successfully installed coverage-4.5.4 pytest-5.3.1 pytest-cov-2.8.1 tenacity-6.0.0
pip install -e ../../python
Obtaining file:///workspace/source/python
Requirement already satisfied: Flask<2.0.0 in /usr/local/lib/python3.6/site-packages (from seldon-core==1.2.3.dev0) (1.1.2)
Requirement already satisfied: jsonschema<4.0.0 in /usr/local/lib/python3.6/site-packages (from seldon-core==1.2.3.dev0) (3.2.0)
Requirement already satisfied: Flask-cors<4.0.0 in /usr/local/lib/python3.6/site-packages (from seldon-core==1.2.3.dev0) (3.0.8)
Requirement already satisfied: redis<4.0.0 in /usr/local/lib/python3.6/site-packages (from seldon-core==1.2.3.dev0) (3.5.3)
Requirement already satisfied: requests<3.0.0 in /usr/local/lib/python3.6/site-packages (from seldon-core==1.2.3.dev0) (2.24.0)
Requirement already satisfied: numpy<2.0.0 in /usr/local/lib/python3.6/site-packages (from seldon-core==1.2.3.dev0) (1.19.1)
Requirement already satisfied: flatbuffers<2.0.0 in /usr/local/lib/python3.6/site-packages (from seldon-core==1.2.3.dev0) (1.12)
Requirement already satisfied: protobuf<4.0.0 in /usr/local/lib/python3.6/site-packages (from seldon-core==1.2.3.dev0) (3.13.0)
Requirement already satisfied: grpcio<2.0.0 in /usr/local/lib/python3.6/site-packages (from seldon-core==1.2.3.dev0) (1.31.0)
Requirement already satisfied: Flask-OpenTracing<1.2.0,>=1.1.0 in /usr/local/lib/python3.6/site-packages (from seldon-core==1.2.3.dev0) (1.1.0)
Requirement already satisfied: opentracing<2.4.0,>=2.2.0 in /usr/local/lib/python3.6/site-packages (from seldon-core==1.2.3.dev0) (2.3.0)
Requirement already satisfied: jaeger-client<4.4.0,>=4.1.0 in /usr/local/lib/python3.6/site-packages (from seldon-core==1.2.3.dev0) (4.3.0)
Requirement already satisfied: grpcio-opentracing<1.2.0,>=1.1.4 in /usr/local/lib/python3.6/site-packages (from seldon-core==1.2.3.dev0) (1.1.4)
Requirement already satisfied: PyYAML<5.4 in /usr/local/lib/python3.6/site-packages (from seldon-core==1.2.3.dev0) (5.3.1)
Requirement already satisfied: gunicorn<20.1.0,>=19.9.0 in /usr/local/lib/python3.6/site-packages (from seldon-core==1.2.3.dev0) (20.0.4)
Requirement already satisfied: setuptools>=41.0.0 in /usr/local/lib/python3.6/site-packages (from seldon-core==1.2.3.dev0) (49.6.0)
Requirement already satisfied: prometheus_client<0.9.0,>=0.7.1 in /usr/local/lib/python3.6/site-packages (from seldon-core==1.2.3.dev0) (0.8.0)
Requirement already satisfied: itsdangerous>=0.24 in /usr/local/lib/python3.6/site-packages (from Flask<2.0.0->seldon-core==1.2.3.dev0) (1.1.0)
Requirement already satisfied: click>=5.1 in /usr/local/lib/python3.6/site-packages (from Flask<2.0.0->seldon-core==1.2.3.dev0) (7.1.2)
Requirement already satisfied: Jinja2>=2.10.1 in /usr/local/lib/python3.6/site-packages (from Flask<2.0.0->seldon-core==1.2.3.dev0) (2.11.2)
Requirement already satisfied: Werkzeug>=0.15 in /usr/local/lib/python3.6/site-packages (from Flask<2.0.0->seldon-core==1.2.3.dev0) (1.0.1)
Requirement already satisfied: importlib-metadata; python_version < "3.8" in /usr/local/lib/python3.6/site-packages (from jsonschema<4.0.0->seldon-core==1.2.3.dev0) (1.7.0)
Requirement already satisfied: pyrsistent>=0.14.0 in /usr/local/lib/python3.6/site-packages (from jsonschema<4.0.0->seldon-core==1.2.3.dev0) (0.16.0)
Requirement already satisfied: attrs>=17.4.0 in /usr/local/lib/python3.6/site-packages (from jsonschema<4.0.0->seldon-core==1.2.3.dev0) (20.1.0)
Requirement already satisfied: six>=1.11.0 in /usr/local/lib/python3.6/site-packages (from jsonschema<4.0.0->seldon-core==1.2.3.dev0) (1.15.0)
Requirement already satisfied: urllib3!=1.25.0,!=1.25.1,<1.26,>=1.21.1 in /usr/local/lib/python3.6/site-packages (from requests<3.0.0->seldon-core==1.2.3.dev0) (1.25.10)
Requirement already satisfied: idna<3,>=2.5 in /usr/local/lib/python3.6/site-packages (from requests<3.0.0->seldon-core==1.2.3.dev0) (2.10)
Requirement already satisfied: certifi>=2017.4.17 in /usr/local/lib/python3.6/site-packages (from requests<3.0.0->seldon-core==1.2.3.dev0) (2020.6.20)
Requirement already satisfied: chardet<4,>=3.0.2 in /usr/local/lib/python3.6/site-packages (from requests<3.0.0->seldon-core==1.2.3.dev0) (3.0.4)
Requirement already satisfied: thrift in /usr/local/lib/python3.6/site-packages (from jaeger-client<4.4.0,>=4.1.0->seldon-core==1.2.3.dev0) (0.13.0)
Requirement already satisfied: tornado>=4.3 in /usr/local/lib/python3.6/site-packages (from jaeger-client<4.4.0,>=4.1.0->seldon-core==1.2.3.dev0) (6.0.4)
Requirement already satisfied: threadloop<2,>=1 in /usr/local/lib/python3.6/site-packages (from jaeger-client<4.4.0,>=4.1.0->seldon-core==1.2.3.dev0) (1.0.2)
Requirement already satisfied: MarkupSafe>=0.23 in /usr/local/lib/python3.6/site-packages (from Jinja2>=2.10.1->Flask<2.0.0->seldon-core==1.2.3.dev0) (1.1.1)
Requirement already satisfied: zipp>=0.5 in /usr/local/lib/python3.6/site-packages (from importlib-metadata; python_version < "3.8"->jsonschema<4.0.0->seldon-core==1.2.3.dev0) (3.1.0)
Installing collected packages: seldon-core
  Attempting uninstall: seldon-core
    Found existing installation: seldon-core 1.2.3.dev0
    Uninstalling seldon-core-1.2.3.dev0:
      Successfully uninstalled seldon-core-1.2.3.dev0
  Running setup.py develop for seldon-core
Successfully installed seldon-core
# Run the core tests in parallel
pytest \
	--verbose \
	-s \
	-W ignore \
	-n "4" \
	-m "not sequential and not notebooks" 2>&1
============================= test session starts ==============================
platform linux -- Python 3.6.10, pytest-5.3.1, py-1.9.0, pluggy-0.13.1 -- /usr/local/bin/python
cachedir: .pytest_cache
rootdir: /workspace/source/testing/scripts, inifile: setup.cfg
plugins: cov-2.8.1, xdist-1.30.0, flaky-3.6.1, forked-1.3.0
gw0 I / gw1 I / gw2 I / gw3 I
[gw0] linux Python 3.6.10 cwd: /workspace/source/testing/scripts
[gw1] linux Python 3.6.10 cwd: /workspace/source/testing/scripts
[gw2] linux Python 3.6.10 cwd: /workspace/source/testing/scripts
[gw3] linux Python 3.6.10 cwd: /workspace/source/testing/scripts
[gw0] Python 3.6.10 (default, Aug 24 2020, 09:23:46)  -- [GCC 8.3.0]
[gw1] Python 3.6.10 (default, Aug 24 2020, 09:23:46)  -- [GCC 8.3.0]
[gw2] Python 3.6.10 (default, Aug 24 2020, 09:23:46)  -- [GCC 8.3.0]
[gw3] Python 3.6.10 (default, Aug 24 2020, 09:23:46)  -- [GCC 8.3.0]
gw0 [33] / gw1 [33] / gw2 [33] / gw3 [33]

scheduling tests via LoadScheduling

test_api_version.py::test_api_version[machinelearning.seldon.io/v1alpha2] 
test_api_version.py::test_api_version[machinelearning.seldon.io/v1alpha3] 
test_api_version.py::test_api_version[machinelearning.seldon.io/v1] 
test_bad_graphs.py::TestBadGraphs::test_duplicate_predictor_name Error from server (SeldonDeployment.machinelearing.seldon.io "dupname" is invalid: [spec.predictors[1]: Invalid value: "mymodel": Duplicate predictor name, spec: Invalid value: "mymodel": Traffic must sum to 100 for multiple predictors]): error when creating "../resources/bad_duplicate_predictor_name.json": admission webhook "v1alpha2.vseldondeployment.kb.io" denied the request: SeldonDeployment.machinelearing.seldon.io "dupname" is invalid: [spec.predictors[1]: Invalid value: "mymodel": Duplicate predictor name, spec: Invalid value: "mymodel": Traffic must sum to 100 for multiple predictors]

[gw3] PASSED test_bad_graphs.py::TestBadGraphs::test_duplicate_predictor_name 
test_helm_charts_clusterwide.py::TestClusterWide::test_single_model Error: uninstall: Release not loaded: mymodel: release: not found

[gw2] PASSED test_api_version.py::test_api_version[machinelearning.seldon.io/v1] Error: uninstall: Release not loaded: mymodel: release: not found

[gw3] PASSED test_helm_charts_clusterwide.py::TestClusterWide::test_single_model Error: uninstall: Release not loaded: mymodel: release: not found

[gw0] PASSED test_api_version.py::test_api_version[machinelearning.seldon.io/v1alpha2] Error: uninstall: Release not loaded: mymodel: release: not found

[gw1] PASSED test_api_version.py::test_api_version[machinelearning.seldon.io/v1alpha3] 
test_batch_processor.py::TestBatchWorker::test_batch_worker 
test_bad_graphs.py::TestBadGraphs::test_model_name_mismatch 
test_bad_graphs.py::TestBadGraphs::test_model_no_graph Error from server (SeldonDeployment.machinelearing.seldon.io "namemismatch" is invalid: spec.predictors[0].graph: Invalid value: "complex-model_bad_name": Can't find container for Predictive Unit): error when creating "../resources/bad_name_mismatch.json": admission webhook "v1alpha2.vseldondeployment.kb.io" denied the request: SeldonDeployment.machinelearing.seldon.io "namemismatch" is invalid: spec.predictors[0].graph: Invalid value: "complex-model_bad_name": Can't find container for Predictive Unit

[gw0] PASSED test_bad_graphs.py::TestBadGraphs::test_model_name_mismatch 
test_local_operators.py::TestLocalOperators::test_labelled_operator Error from server (SeldonDeployment.machinelearing.seldon.io "test-deployment" is invalid: spec.predictors[0].graph: Invalid value: "": Can't find container for Predictive Unit): error when creating "../resources/bad_no_graph.yaml": admission webhook "v1.vseldondeployment.kb.io" denied the request: SeldonDeployment.machinelearing.seldon.io "test-deployment" is invalid: spec.predictors[0].graph: Invalid value: "": Can't find container for Predictive Unit

[gw1] PASSED test_bad_graphs.py::TestBadGraphs::test_model_no_graph 
test_prepackaged_servers.py::TestPrepack::test_sklearn 
test_helm_charts_clusterwide.py::TestClusterWide::test_abtest_model Error from server (InternalError): error when creating "../resources/model_controller_id.yaml": Internal error occurred: failed calling webhook "v1alpha2.mseldondeployment.kb.io": Post https://seldon-webhook-service.test-labelled-operator.svc:443/mutate-machinelearning-seldon-io-v1alpha2-seldondeployment?timeout=30s: dial tcp 10.100.211.132:443: connect: connection refused

[gw0] PASSED test_local_operators.py::TestLocalOperators::test_labelled_operator 
test_prepackaged_servers.py::TestPrepack::test_tfserving Error: uninstall: Release not loaded: myabtest: release: not found

[gw3] PASSED test_helm_charts_clusterwide.py::TestClusterWide::test_abtest_model 
[gw1] PASSED test_prepackaged_servers.py::TestPrepack::test_sklearn 
[gw2] PASSED test_batch_processor.py::TestBatchWorker::test_batch_worker 
test_helm_charts_clusterwide.py::TestClusterWide::test_mab_model 
test_prepackaged_servers.py::TestPrepack::test_xgboost 
test_local_operators.py::TestLocalOperators::test_namespace_operator 
[gw0] PASSED test_prepackaged_servers.py::TestPrepack::test_tfserving Error: uninstall: Release not loaded: mymab: release: not found

[gw3] PASSED test_helm_charts_clusterwide.py::TestClusterWide::test_mab_model 
test_prepackaged_servers.py::TestPrepack::test_mlflow 
[gw2] PASSED test_local_operators.py::TestLocalOperators::test_namespace_operator 
[gw1] PASSED test_prepackaged_servers.py::TestPrepack::test_xgboost 
test_prepackaged_servers.py::TestPrepack::test_text_alibi_explainer 
test_prepackaged_servers.py::TestPrepack::test_openapi_sklearn 
test_rolling_updates.py::test_rolling_deployment[graph1.json-graph2.json-True-ambas] 
[gw1] PASSED test_prepackaged_servers.py::TestPrepack::test_openapi_sklearn 
test_rolling_updates.py::test_rolling_deployment[graph1.json-graph3.json-True-istio] 
[gw0] PASSED test_prepackaged_servers.py::TestPrepack::test_mlflow 
test_rolling_updates.py::test_rolling_deployment[graph1.json-graph2.json-True-istio] 
[gw3] PASSED test_prepackaged_servers.py::TestPrepack::test_text_alibi_explainer 
[gw2] PASSED test_rolling_updates.py::test_rolling_deployment[graph1.json-graph2.json-True-ambas] 
test_rolling_updates.py::test_rolling_deployment[graph1.json-graph3.json-True-ambas] 
test_rolling_updates.py::test_rolling_deployment[graph1.json-graph4.json-True-ambas] 
[gw1] PASSED test_rolling_updates.py::test_rolling_deployment[graph1.json-graph3.json-True-istio] 
[gw0] PASSED test_rolling_updates.py::test_rolling_deployment[graph1.json-graph2.json-True-istio] 
test_rolling_updates.py::test_rolling_deployment[graph1.json-graph4.json-True-istio] 
test_rolling_updates.py::test_rolling_deployment[graph1.json-graph5.json-True-ambas] 
[gw3] PASSED test_rolling_updates.py::test_rolling_deployment[graph1.json-graph3.json-True-ambas] 
[gw2] PASSED test_rolling_updates.py::test_rolling_deployment[graph1.json-graph4.json-True-ambas] 
test_rolling_updates.py::test_rolling_deployment[graph1.json-graph5.json-True-istio] 
test_rolling_updates.py::test_rolling_deployment[graph1.json-graph8.json-True-ambas] 
[gw1] PASSED test_rolling_updates.py::test_rolling_deployment[graph1.json-graph4.json-True-istio] 
[gw0] PASSED test_rolling_updates.py::test_rolling_deployment[graph1.json-graph5.json-True-ambas] 
test_rolling_updates.py::test_rolling_deployment[graph1.json-graph8.json-True-istio] 
test_rolling_updates.py::test_rolling_deployment[graph7.json-graph8.json-False-ambas] 
[gw3] PASSED test_rolling_updates.py::test_rolling_deployment[graph1.json-graph5.json-True-istio] 
test_rolling_updates.py::test_rolling_deployment[graph7.json-graph8.json-False-istio] 
[gw0] PASSED test_rolling_updates.py::test_rolling_deployment[graph7.json-graph8.json-False-ambas] 
[gw2] PASSED test_rolling_updates.py::test_rolling_deployment[graph1.json-graph8.json-True-ambas] 
test_tracing.py::test_tracing_rest 
test_security.py::test_xss_escaping 
[gw3] PASSED test_rolling_updates.py::test_rolling_deployment[graph7.json-graph8.json-False-istio] 
[gw1] PASSED test_rolling_updates.py::test_rolling_deployment[graph1.json-graph8.json-True-istio] 
test_security.py::test_xss_header 
[gw2] PASSED test_security.py::test_xss_escaping 
[gw0] PASSED test_tracing.py::test_tracing_rest 
[gw1] PASSED test_security.py::test_xss_header 
===Flaky Test Report===

test_rolling_deployment[graph1.json-graph3.json-True-ambas] passed 1 out of the required 1 times. Success!
test_rolling_deployment[graph1.json-graph5.json-True-istio] passed 1 out of the required 1 times. Success!
test_rolling_deployment[graph7.json-graph8.json-False-istio] passed 1 out of the required 1 times. Success!
test_rolling_deployment[graph1.json-graph2.json-True-ambas] passed 1 out of the required 1 times. Success!
test_rolling_deployment[graph1.json-graph4.json-True-ambas] passed 1 out of the required 1 times. Success!
test_rolling_deployment[graph1.json-graph8.json-True-ambas] passed 1 out of the required 1 times. Success!
test_rolling_deployment[graph1.json-graph2.json-True-istio] passed 1 out of the required 1 times. Success!
test_rolling_deployment[graph1.json-graph5.json-True-ambas] passed 1 out of the required 1 times. Success!
test_rolling_deployment[graph7.json-graph8.json-False-ambas] passed 1 out of the required 1 times. Success!
test_rolling_deployment[graph1.json-graph3.json-True-istio] passed 1 out of the required 1 times. Success!
test_rolling_deployment[graph1.json-graph4.json-True-istio] passed 1 out of the required 1 times. Success!
test_rolling_deployment[graph1.json-graph8.json-True-istio] passed 1 out of the required 1 times. Success!

===End Flaky Test Report===

======================== 33 passed in 788.96s (0:13:08) ========================
# Then run the s2i tests in sequence (as they currently fail in parallel
pytest \
	--verbose \
	-s \
	-W ignore \
	-n 0 \
	-m "sequential" 2>&1
============================= test session starts ==============================
platform linux -- Python 3.6.10, pytest-5.3.1, py-1.9.0, pluggy-0.13.1 -- /usr/local/bin/python
cachedir: .pytest_cache
rootdir: /workspace/source/testing/scripts, inifile: setup.cfg
plugins: cov-2.8.1, xdist-1.30.0, flaky-3.6.1, forked-1.3.0
collecting ... collected 109 items / 58 deselected / 51 selected

test_operator_updates.py::test_cluster_update[0.4.1] SKIPPED
test_operator_updates.py::test_cluster_update[0.5.1] namespace/test-cluster-update-0-5-1 created
Error from server (InternalError): error when creating "../resources/graph1.json": Internal error occurred: failed calling webhook "mseldondeployment.kb.io": Post https://seldon-webhook-service.seldon-system.svc:443/mutate-machinelearning-seldon-io-v1alpha2-seldondeployment?timeout=30s: dial tcp 10.97.93.85:443: connect: connection refused
seldondeployment.machinelearning.seldon.io/mymodel created

PODS UPDATE: NAMESPACE       NAME                                         READY   STATUS    RESTARTS   AGE


PODS UPDATE: cert-manager    cert-manager-5c47f46f57-f8bns                1/1     Running   0          14m


PODS UPDATE: cert-manager    cert-manager-cainjector-6659d6844d-smvlb     1/1     Running   0          14m


PODS UPDATE: cert-manager    cert-manager-webhook-547567b88f-9wrk9        1/1     Running   0          14m


PODS UPDATE: istio-system    grafana-6b65874977-p2ncj                     1/1     Running   0          16m


PODS UPDATE: istio-system    istio-citadel-86dcf4c6b-mfqfq                1/1     Running   0          16m


PODS UPDATE: istio-system    istio-egressgateway-68f754ccdd-zksns         1/1     Running   0          16m


PODS UPDATE: istio-system    istio-galley-5fc6d6c45b-962f4                1/1     Running   0          16m


PODS UPDATE: istio-system    istio-ingressgateway-6d759478d8-tsc57        1/1     Running   0          16m


PODS UPDATE: istio-system    istio-pilot-5c4995d687-xlrpb                 1/1     Running   0          16m


PODS UPDATE: istio-system    istio-policy-57b99968f-4cx8m                 1/1     Running   1          16m


PODS UPDATE: istio-system    istio-sidecar-injector-746f7c7bbb-cdhgh      1/1     Running   0          16m


PODS UPDATE: istio-system    istio-telemetry-854d8556d5-6bgrt             1/1     Running   1          16m


PODS UPDATE: istio-system    istio-tracing-c66d67cd9-xntjg                1/1     Running   0          16m


PODS UPDATE: istio-system    kiali-8559969566-hb8x7                       1/1     Running   0          16m


PODS UPDATE: istio-system    prometheus-66c5887c86-tbqx7                  1/1     Running   0          16m


PODS UPDATE: kube-system     coredns-5644d7b6d9-jq2cg                     1/1     Running   0          23m


PODS UPDATE: kube-system     coredns-5644d7b6d9-kxzxp                     1/1     Running   0          23m


PODS UPDATE: kube-system     etcd-kind-control-plane                      1/1     Running   0          22m


PODS UPDATE: kube-system     kindnet-cfgbb                                1/1     Running   0          23m


PODS UPDATE: kube-system     kindnet-qljl9                                1/1     Running   0          23m


PODS UPDATE: kube-system     kube-apiserver-kind-control-plane            1/1     Running   0          22m


PODS UPDATE: kube-system     kube-controller-manager-kind-control-plane   1/1     Running   0          22m


PODS UPDATE: kube-system     kube-proxy-d92zr                             1/1     Running   0          23m


PODS UPDATE: kube-system     kube-proxy-g9ljl                             1/1     Running   0          23m


PODS UPDATE: kube-system     kube-scheduler-kind-control-plane            1/1     Running   0          22m


PODS UPDATE: kube-system     metrics-server-787cbd4d5d-ts5gs              1/1     Running   0          14m


PODS UPDATE: seldon-system   seldon-controller-manager-5569844fd7-6x446   1/1     Running   0          14m


PODS UPDATE: seldon          ambassador-868798d7cb-ntxm2                  1/1     Running   0          17m


PODS UPDATE: seldon          jaeger-658576999c-8d9mw                      1/1     Running   0          14m


PODS UPDATE: seldon          jaeger-operator-7b5fdddfb8-j6j27             1/1     Running   0          15m


PODS UPDATE: seldon-system   seldon-controller-manager-5569844fd7-6x446   1/1     Terminating   0          14m


PODS UPDATE: seldon-system   seldon-controller-manager-5569844fd7-6x446   0/1     Terminating   0          14m


PODS UPDATE: seldon-system   seldon-controller-manager-5569844fd7-6x446   0/1     Terminating   0          14m


PODS UPDATE: seldon-system   seldon-controller-manager-5569844fd7-6x446   0/1     Terminating   0          14m


PODS UPDATE: seldon-system   seldon-controller-manager-fc99ffd87-mn98z    0/1     Pending       0          0s


PODS UPDATE: seldon-system   seldon-controller-manager-fc99ffd87-mn98z    0/1     Pending       0          0s


PODS UPDATE: seldon-system   seldon-contdeployment "mymodel-mymodel-e2eb561" successfully rolled out
Release "seldon" has been upgraded. Happy Helming!
NAME: seldon
LAST DEPLOYED: Thu Aug 27 10:33:55 2020
NAMESPACE: seldon-system
STATUS: deployed
REVISION: 2
TEST SUITE: None
PASSEDnamespace "test-cluster-update-0-5-1" deleted

test_operator_updates.py::test_cluster_update[1.0.2] namespace/test-cluster-update-1-0-2 created
seldondeployment.machinelearning.seldon.io/mymodel created
roller-manager-fc99ffd87-mn98z    0/1     ContainerCreating   0          0s


PODS UPDATE: seldon-system   seldon-controller-manager-fc99ffd87-mn98z    1/1     Running             0          5s


PODS UPDATE: test-cluster-update-0-5-1   mymodel-mymodel-e2eb561-6d9f48c58d-7bdpt     0/2     Pending             0          0s


PODS UPDATE: test-cluster-update-0-5-1   mymodel-mymodel-e2eb561-6d9f48c58d-7bdpt     0/2     Pending             0          0s


PODS UPDATE: test-cluster-update-0-5-1   mymodel-mymodel-e2eb561-6d9f48c58d-7bdpt     0/2     ContainerCreating   0          0s


PODS UPDATE: test-cluster-update-0-5-1   mymodel-mymodel-e2eb561-6d9f48c58d-7bdpt     0/2     Running             0          10s


PODS UPDATE: test-cluster-update-0-5-1   mymodel-mymodel-e2eb561-6d9f48c58d-7bdpt     1/2     Running             0          24s


PODS UPDATE: test-cluster-update-0-5-1   mymodel-mymodel-e2eb561-6d9f48c58d-7bdpt     2/2     Running             0          32s


PODS UPDATE: seldon-system               seldon-controller-manager-5569844fd7-82zr6   0/1     Pending             0          0s


PODS UPDATE: seldon-system               seldon-controller-manager-5569844fd7-82zr6   0/1     Pending             0          0s


PODS UPDATE: seldon-system               seldon-controller-manager-5569844fd7-82zr6   0/1     ContainerCreating   0          0s


PODS UPDATE: seldon-system               seldon-controller-manager-5569844fd7-82zr6   1/1     Running             0          2s


PODS UPDATE: seldon-system               seldon-controller-manager-fc99ffd87-mn98z    1/1     Terminating         0          54s


PODS UPDATE: seldon-system               seldon-controller-manager-fc99ffd87-mn98z    0/1     Terminating         0          55s


PODS UPDATE: seldon-system               seldon-controller-manager-5569844fd7-82zr6   1/1     Terminating         0          3s


PODS UPDATE: test-cluster-update-0-5-1   mymodel-mymodel-e2eb561-6d9f48c58d-7bdpt     2/2     Terminating         0          44s


PODS UPDATE: seldon-system               seldon-controller-manager-fc99ffd87-mn98z    0/1     Terminating         0          56s


PODS UPDATE: seldon-system               seldon-controller-manager-fc99ffd87-mn98z    0/1     Terminating         0          56s


PODS UPDATE: seldon-system               seldon-controller-manager-5569844fd7-82zr6   0/1     Terminating         0          5s


PODS UPDATE: seldon-system               seldon-controller-manager-5569844fd7-82zr6   0/1     Terminating         0          6s


PODS UPDATE: seldon-system               seldon-controller-manager-5569844fd7-82zr6   0/1     Terminating         0          6s


PODS UPDATE: seldon-system               seldon-controller-manager-5569844fd7-nhgs2   0/1     Pending             0          0s


PODS UPDATE: seldon-system               seldon-controller-manager-5569844fd7-nhgs2   0/1     Pending             0          0s


PODS UPDATE: seldon-system               seldon-controller-manager-5569844fd7-nhgs2   0/1     ContainerCreating   0          0s


PODS UPDATE: seldon-system               seldon-controller-manager-5569844fd7-nhgs2   1/1     Running             0          2s


PODS UPDATE: test-cluster-update-0-5-1   mymodel-mymodel-e2eb561-6d9f48c58d-7bdpt     1/2     Terminating         0          57s


PODS UPDATE: test-cluster-update-0-5-1   mymodel-mymodel-e2eb561-6d9f48c58d-7bdpt     0/2     Terminating         0          65s


PODS UPDATE: test-cluster-update-0-5-1   mymodel-mymodel-e2eb561-6d9f48c58d-7bdpt     0/2     Terminating         0          66s


PODS UPDATE: test-cluster-update-0-5-1   mymodel-mymodel-e2eb561-6d9f48c58d-7bdpt     0/2     Terminating         0          66s


PODS UPDATE: seldon-system               seldon-controller-manager-5569844fd7-nhgs2   1/1     Terminating         0          26s


PODS UPDATE: seldon-system               seldon-controller-manager-78cf68ffb9-wg9w5   0/1     Pending             0          0s


PODS UPDATE: seldon-system               seldon-controller-manager-78cf68ffb9-wg9w5   0/1     Pending             0  deployment "mymodel-mymodel-e2eb561" successfully rolled out
Release "seldon" has been upgraded. Happy Helming!
NAME: seldon
LAST DEPLOYED: Thu Aug 27 10:35:28 2020
NAMESPACE: seldon-system
STATUS: deployed
REVISION: 2
TEST SUITE: None
PASSEDnamespace "test-cluster-update-1-0-2" deleted

test_operator_updates.py::test_cluster_update[1.1.0] namespace/test-cluster-update-1-1-0 created
seldondeployment.machinelearning.seldon.io/mymodel created
        0s


PODS UPDATE: seldon-system               seldon-controller-manager-78cf68ffb9-wg9w5   0/1     ContainerCreating   0          0s


PODS UPDATE: seldon-system               seldon-controller-manager-5569844fd7-nhgs2   0/1     Terminating         0          28s


PODS UPDATE: seldon-system               seldon-controller-manager-78cf68ffb9-wg9w5   1/1     Running             0          5s


PODS UPDATE: seldon-system               seldon-controller-manager-5569844fd7-nhgs2   0/1     Terminating         0          33s


PODS UPDATE: seldon-system               seldon-controller-manager-5569844fd7-nhgs2   0/1     Terminating         0          33s


PODS UPDATE: test-cluster-update-1-0-2   mymodel-mymodel-e2eb561-85dd6d6c9-2x4g6      0/2     Pending             0          0s


PODS UPDATE: test-cluster-update-1-0-2   mymodel-mymodel-e2eb561-85dd6d6c9-2x4g6      0/2     Pending             0          0s


PODS UPDATE: test-cluster-update-1-0-2   mymodel-mymodel-e2eb561-85dd6d6c9-2x4g6      0/2     ContainerCreating   0          0s


PODS UPDATE: test-cluster-update-1-0-2   mymodel-mymodel-e2eb561-85dd6d6c9-2x4g6      0/2     Running             0          12s


PODS UPDATE: test-cluster-update-1-0-2   mymodel-mymodel-e2eb561-85dd6d6c9-2x4g6      1/2     Running             0          22s


PODS UPDATE: test-cluster-update-1-0-2   mymodel-mymodel-e2eb561-85dd6d6c9-2x4g6      2/2     Running             0          31s


PODS UPDATE: seldon-system               seldon-controller-manager-5569844fd7-7xmcs   0/1     Pending             0          0s


PODS UPDATE: seldon-system               seldon-controller-manager-5569844fd7-7xmcs   0/1     Pending             0          0s


PODS UPDATE: seldon-system               seldon-controller-manager-5569844fd7-7xmcs   0/1     ContainerCreating   0          0s


PODS UPDATE: seldon-system               seldon-controller-manager-5569844fd7-7xmcs   1/1     Running             0          11s


PODS UPDATE: seldon-system               seldon-controller-manager-78cf68ffb9-wg9w5   1/1     Terminating         0          69s


PODS UPDATE: seldon-system               seldon-controller-manager-78cf68ffb9-wg9w5   0/1     Terminating         0          70s


PODS UPDATE: seldon-system               seldon-controller-manager-78cf68ffb9-wg9w5   0/1     Terminating         0          71s


PODS UPDATE: seldon-system               seldon-controller-manager-78cf68ffb9-wg9w5   0/1     Terminating         0          71s


PODS UPDATE: seldon-system               seldon-controller-manager-5569844fd7-7xmcs   1/1     Terminating         0          14s


PODS UPDATE: test-cluster-update-1-0-2   mymodel-mymodel-e2eb561-85dd6d6c9-2x4g6      2/2     Terminating         0          51s


PODS UPDATE: seldon-system               seldon-controller-manager-5569844fd7-7xmcs   0/1     Terminating         0          16s


PODS UPDATE: seldon-system               seldon-controller-manager-5569844fd7-l7sdg   0/1     Pending             0          0s


PODS UPDATE: seldon-system               seldon-controller-manager-5569844fd7-l7sdg   0/1     Pending             0          0s


PODS UPDATE: seldon-system               seldon-controller-manager-5569844fd7-l7sdg   0/1     ContainerCreating   0          0s


PODS UPDATE: seldon-system               seldon-controller-manager-5569844fd7-l7sdg   1/1     Running             0          3s


PODS UPDATE: seldon-system               seldon-controller-manager-5569844fd7-7xmcs   0/1     Terminating         0          27s


PODS UPDATE: seldon-system               seldon-controller-manager-5569844fd7-7xmcs   0/1     Terminating         0          27s


PODS UPDATE: test-cluster-update-1-0-2   mymodel-mymodel-e2eb561-85dd6d6c9-2x4g6      0/2     Terminating         0          73s


PODS UPDATE: test-cluster-update-1-0-2   mymodel-mymodel-e2eb561-85dd6d6c9-2x4g6      0/2     Terminating         0          74s


PODS UPDATE: test-cluster-update-1-0-2   mymodel-mymodel-e2eb561-85dd6d6c9-2x4g6      0/2     Terminating         0          83s


PODS UPDATE: test-cluster-update-1deployment "mymodel-mymodel-0-complex-model" successfully rolled out
Release "seldon" has been upgraded. Happy Helming!
NAME: seldon
LAST DEPLOYED: Thu Aug 27 10:37:16 2020
NAMESPACE: seldon-system
STATUS: deployed
REVISION: 2
TEST SUITE: None
PASSEDnamespace "test-cluster-update-1-1-0" deleted

test_operator_updates.py::test_namespace_update[1.0.2] namespace/test-namespace-update-1-0-2 created
seldondeployment.machinelearning.seldon.io/mymodel created
-0-2   mymodel-mymodel-e2eb561-85dd6d6c9-2x4g6      0/2     Terminating         0          83s


PODS UPDATE: seldon-system               seldon-controller-manager-5569844fd7-l7sdg   1/1     Terminating         0          33s


PODS UPDATE: seldon-system               seldon-controller-manager-5569844fd7-l7sdg   0/1     Terminating         0          33s


PODS UPDATE: seldon-system               seldon-controller-manager-5569844fd7-l7sdg   0/1     Terminating         0          34s


PODS UPDATE: seldon-system               seldon-controller-manager-5569844fd7-l7sdg   0/1     Terminating         0          34s


PODS UPDATE: seldon-system               seldon-controller-manager-6978f54b99-hqs4d   0/1     Pending             0          0s


PODS UPDATE: seldon-system               seldon-controller-manager-6978f54b99-hqs4d   0/1     Pending             0          0s


PODS UPDATE: seldon-system               seldon-controller-manager-6978f54b99-hqs4d   0/1     ContainerCreating   0          1s


PODS UPDATE: seldon-system               seldon-controller-manager-6978f54b99-hqs4d   1/1     Running             0          5s


PODS UPDATE: test-cluster-update-1-1-0   mymodel-mymodel-0-complex-model-6df5d95fcd-ncg7f   0/2     Pending             0          0s


PODS UPDATE: test-cluster-update-1-1-0   mymodel-mymodel-0-complex-model-6df5d95fcd-ncg7f   0/2     Pending             0          0s


PODS UPDATE: test-cluster-update-1-1-0   mymodel-mymodel-0-complex-model-6df5d95fcd-ncg7f   0/2     ContainerCreating   0          0s


PODS UPDATE: test-cluster-update-1-1-0   mymodel-mymodel-0-complex-model-6df5d95fcd-ncg7f   0/2     Running             0          5s


PODS UPDATE: test-cluster-update-1-1-0   mymodel-mymodel-0-complex-model-6df5d95fcd-ncg7f   1/2     Running             0          21s


PODS UPDATE: test-cluster-update-1-1-0   mymodel-mymodel-0-complex-model-6df5d95fcd-ncg7f   2/2     Running             0          28s


PODS UPDATE: seldon-system               seldon-controller-manager-5569844fd7-vbgxc         0/1     Pending             0          0s


PODS UPDATE: seldon-system               seldon-controller-manager-5569844fd7-vbgxc         0/1     Pending             0          0s


PODS UPDATE: seldon-system               seldon-controller-manager-5569844fd7-vbgxc         0/1     ContainerCreating   0          0s


PODS UPDATE: seldon-system               seldon-controller-manager-5569844fd7-vbgxc         1/1     Running             0          1s


PODS UPDATE: seldon-system               seldon-controller-manager-6978f54b99-hqs4d         1/1     Terminating         0          58s


PODS UPDATE: seldon-system               seldon-controller-manager-6978f54b99-hqs4d         0/1     Terminating         0          59s


PODS UPDATE: seldon-system               seldon-controller-manager-6978f54b99-hqs4d         0/1     Terminating         0          60s


PODS UPDATE: seldon-system               seldon-controller-manager-6978f54b99-hqs4d         0/1     Terminating         0          60s


PODS UPDATE: seldon-system               seldon-controller-manager-5569844fd7-vbgxc         1/1     Terminating         0          4s


PODS UPDATE: test-cluster-update-1-1-0   mymodel-mymodel-0-complex-model-6df5d95fcd-ncg7f   2/2     Terminating         0          37s


PODS UPDATE: seldon-system               seldon-controller-manager-5569844fd7-vbgxc         0/1     Terminating         0          4s


PODS UPDATE: seldon-system               seldon-controller-manager-5569844fd7-vbgxc         0/1     Terminating         0          5s


PODS UPDATE: seldon-system               seldon-controller-manager-5569844fd7-vbgxc         0/1     Terminating         0          5s


PODS UPDATE: seldon-system               seldon-controller-manager-5569844fd7-r6vbc         0/1     Pending             0          0s


PODS UPDATE: seldon-system               seldon-controller-manager-5569844fd7-r6vbc         0/1     Pending             0          0s


PODS UPDATE: seldon-system               seldon-controller-manager-5569844fd7-r6vbc         deployment "mymodel-mymodel-e2eb561" successfully rolled out
namespace/test-namespace-update-1-0-2 labeled
NAME: seldon
LAST DEPLOYED: Thu Aug 27 10:38:37 2020
NAMESPACE: test-namespace-update-1-0-2
STATUS: deployed
REVISION: 1
TEST SUITE: None
deployment "mymodel-mymodel-e2eb561" successfully rolled out
PASSEDnamespace "test-namespace-update-1-0-2" deleted
0/1     ContainerCreating   0          0s


PODS UPDATE: seldon-system               seldon-controller-manager-5569844fd7-r6vbc         1/1     Running             0          1s


PODS UPDATE: test-cluster-update-1-1-0   mymodel-mymodel-0-complex-model-6df5d95fcd-ncg7f   1/2     Terminating         0          48s


PODS UPDATE: test-cluster-update-1-1-0   mymodel-mymodel-0-complex-model-6df5d95fcd-ncg7f   0/2     Terminating         0          58s


PODS UPDATE: test-cluster-update-1-1-0   mymodel-mymodel-0-complex-model-6df5d95fcd-ncg7f   0/2     Terminating         0          59s


PODS UPDATE: test-cluster-update-1-1-0   mymodel-mymodel-0-complex-model-6df5d95fcd-ncg7f   0/2     Terminating         0          59s


PODS UPDATE: seldon-system               seldon-controller-manager-5569844fd7-r6vbc         1/1     Terminating         0          27s


PODS UPDATE: seldon-system               seldon-controller-manager-5569844fd7-r6vbc         0/1     Terminating         0          28s


PODS UPDATE: seldon-system               seldon-controller-manager-78cf68ffb9-8qdwz         0/1     Pending             0          0s


PODS UPDATE: seldon-system               seldon-controller-manager-78cf68ffb9-8qdwz         0/1     Pending             0          0s


PODS UPDATE: seldon-system               seldon-controller-manager-78cf68ffb9-8qdwz         0/1     ContainerCreating   0          0s


PODS UPDATE: seldon-system               seldon-controller-manager-78cf68ffb9-8qdwz         1/1     Running             0          2s


PODS UPDATE: seldon-system               seldon-controller-manager-5569844fd7-r6vbc         0/1     Terminating         0          33s


PODS UPDATE: seldon-system               seldon-controller-manager-5569844fd7-r6vbc         0/1     Terminating         0          33s


PODS UPDATE: test-namespace-update-1-0-2   mymodel-mymodel-e2eb561-67b4df4df8-xsltm           0/2     Pending             0          0s


PODS UPDATE: test-namespace-update-1-0-2   mymodel-mymodel-e2eb561-67b4df4df8-xsltm           0/2     Pending             0          0s


PODS UPDATE: test-namespace-update-1-0-2   mymodel-mymodel-e2eb561-67b4df4df8-xsltm           0/2     ContainerCreating   0          0s


PODS UPDATE: test-namespace-update-1-0-2   mymodel-mymodel-e2eb561-67b4df4df8-xsltm           0/2     Running             0          2s


PODS UPDATE: test-namespace-update-1-0-2   mymodel-mymodel-e2eb561-67b4df4df8-xsltm           1/2     Running             0          24s


PODS UPDATE: test-namespace-update-1-0-2   mymodel-mymodel-e2eb561-67b4df4df8-xsltm           2/2     Running             0          24s


PODS UPDATE: test-namespace-update-1-0-2   seldon-controller-manager-7795675dbd-nb877         0/1     Pending             0          0s


PODS UPDATE: test-namespace-update-1-0-2   seldon-controller-manager-7795675dbd-nb877         0/1     Pending             0          0s


PODS UPDATE: test-namespace-update-1-0-2   seldon-controller-manager-7795675dbd-nb877         0/1     ContainerCreating   0          0s


PODS UPDATE: test-namespace-update-1-0-2   seldon-controller-manager-7795675dbd-nb877         1/1     Running             0          2s


PODS UPDATE: test-namespace-update-1-0-2   mymodel-mymodel-0-complex-model-745446d98c-hsh49   0/2     Pending             0          0s


PODS UPDATE: test-namespace-update-1-0-2   mymodel-mymodel-0-complex-model-745446d98c-hsh49   0/2     Pending             0          0s


PODS UPDATE: test-namespace-update-1-0-2   mymodel-mymodel-0-complex-model-745446d98c-hsh49   0/2     ContainerCreating   0          0s


PODS UPDATE: seldon-system                 seldon-controller-manager-78cf68ffb9-8qdwz         1/1     Terminating         0          51s


PODS UPDATE: test-namespace-update-1-0-2   mymodel-mymodel-e2eb561-67b4df4df8-xsltm           2/2     Terminating         0          32s


PODS UPDATE: test-namespace-update-1-0-2   mymodel-mymodel-0-complex-model-745446d98c-hsh49   0/2     Terminating         0          1s


PODS UPDATE: test-namespace-update-1-0-2   mymodel-mymodel-0-com
test_operator_updates.py::test_namespace_update[1.1.0] namespace/test-namespace-update-1-1-0 created
seldondeployment.machinelearning.seldon.io/mymodel created
deployment "mymodel-mymodel-0-complex-model" successfully rolled out
namespace/test-namespace-update-1-1-0 labeled
NAME: seldon
LAST DEPLOYED: Thu Aug 27 10:42:33 2020
NAMESPACE: test-namespace-update-1-1-0
STATUS: deployed
REVISION: 1
TEST SUITE: None
deployment "mymodel-mymodel-0-complex-model" successfully rolled out
PASSEDplex-model-745446d98c-hsh49   0/2     Terminating         0          1s


PODS UPDATE: test-namespace-update-1-0-2   mymodel-mymodel-0-complex-model-745446d98c-hsh49   0/2     Terminating         0          2s


PODS UPDATE: seldon-system                 seldon-controller-manager-78cf68ffb9-8qdwz         0/1     Terminating         0          52s


PODS UPDATE: seldon-system                 seldon-controller-manager-5569844fd7-6pclx         0/1     Pending             0          0s


PODS UPDATE: seldon-system                 seldon-controller-manager-5569844fd7-6pclx         0/1     Pending             0          0s


PODS UPDATE: seldon-system                 seldon-controller-manager-5569844fd7-6pclx         0/1     ContainerCreating   0          0s


PODS UPDATE: seldon-system                 seldon-controller-manager-5569844fd7-6pclx         1/1     Running             0          2s


PODS UPDATE: test-namespace-update-1-0-2   seldon-controller-manager-7795675dbd-nb877         1/1     Terminating         0          14s


PODS UPDATE: test-namespace-update-1-0-2   seldon-controller-manager-7795675dbd-nb877         0/1     Terminating         0          15s


PODS UPDATE: test-namespace-update-1-0-2   seldon-controller-manager-7795675dbd-nb877         0/1     Terminating         0          18s


PODS UPDATE: test-namespace-update-1-0-2   seldon-controller-manager-7795675dbd-nb877         0/1     Terminating         0          18s


PODS UPDATE: seldon-system                 seldon-controller-manager-78cf68ffb9-8qdwz         0/1     Terminating         0          65s


PODS UPDATE: seldon-system                 seldon-controller-manager-78cf68ffb9-8qdwz         0/1     Terminating         0          65s


PODS UPDATE: test-namespace-update-1-0-2   mymodel-mymodel-0-complex-model-745446d98c-hsh49   1/2     Terminating         0          21s


PODS UPDATE: test-namespace-update-1-0-2   mymodel-mymodel-0-complex-model-745446d98c-hsh49   2/2     Terminating         0          22s


PODS UPDATE: test-namespace-update-1-0-2   mymodel-mymodel-e2eb561-67b4df4df8-xsltm           0/2     Terminating         0          55s


PODS UPDATE: test-namespace-update-1-0-2   mymodel-mymodel-e2eb561-67b4df4df8-xsltm           0/2     Terminating         0          66s


PODS UPDATE: test-namespace-update-1-0-2   mymodel-mymodel-e2eb561-67b4df4df8-xsltm           0/2     Terminating         0          66s


PODS UPDATE: test-namespace-update-1-0-2   mymodel-mymodel-0-complex-model-745446d98c-hsh49   1/2     Terminating         0          87s


PODS UPDATE: test-namespace-update-1-0-2   mymodel-mymodel-0-complex-model-745446d98c-hsh49   0/2     Terminating         0          97s


PODS UPDATE: test-namespace-update-1-0-2   mymodel-mymodel-0-complex-model-745446d98c-hsh49   0/2     Terminating         0          105s


PODS UPDATE: test-namespace-update-1-0-2   mymodel-mymodel-0-complex-model-745446d98c-hsh49   0/2     Terminating         0          105s


PODS UPDATE: seldon-system                 seldon-controller-manager-5569844fd7-6pclx         1/1     Terminating         0          3m


PODS UPDATE: seldon-system                 seldon-controller-manager-5569844fd7-6pclx         0/1     Terminating         0          3m1s


PODS UPDATE: seldon-system                 seldon-controller-manager-5569844fd7-6pclx         0/1     Terminating         0          3m2s


PODS UPDATE: seldon-system                 seldon-controller-manager-5569844fd7-6pclx         0/1     Terminating         0          3m2s


PODS UPDATE: seldon-system                 seldon-controller-manager-6978f54b99-pppqr         0/1     Pending             0          0s


PODS UPDATE: seldon-system                 seldon-controller-manager-6978f54b99-pppqr         0/1     Pending             0          0s


PODS UPDATE: seldon-system                 seldon-controller-manager-6978f54b99-pppqr         0/1     ContainerCreating   0          0s


PODS UPDATE: seldon-system                 seldon-controller-manager-6978f54b99-pppqr         1/1     Running             0          1namespace "test-namespace-update-1-1-0" deleted

test_operator_updates.py::test_label_update[1.0.2] namespace/test-label-update-1-0-2 created
seldondeployment.machinelearning.seldon.io/mymodel created
deployment "mymodel-mymodel-e2eb561" successfully rolled out
s


PODS UPDATE: test-namespace-update-1-1-0   mymodel-mymodel-0-complex-model-665ff44775-mrgnl   0/2     Pending             0          0s


PODS UPDATE: test-namespace-update-1-1-0   mymodel-mymodel-0-complex-model-665ff44775-mrgnl   0/2     Pending             0          0s


PODS UPDATE: test-namespace-update-1-1-0   mymodel-mymodel-0-complex-model-665ff44775-mrgnl   0/2     ContainerCreating   0          0s


PODS UPDATE: test-namespace-update-1-1-0   mymodel-mymodel-0-complex-model-665ff44775-mrgnl   0/2     Running             0          1s


PODS UPDATE: test-namespace-update-1-1-0   mymodel-mymodel-0-complex-model-665ff44775-mrgnl   1/2     Running             0          21s


PODS UPDATE: test-namespace-update-1-1-0   mymodel-mymodel-0-complex-model-665ff44775-mrgnl   2/2     Running             0          22s


PODS UPDATE: test-namespace-update-1-1-0   seldon-controller-manager-f966c9db7-4g8fr          0/1     Pending             0          0s


PODS UPDATE: test-namespace-update-1-1-0   seldon-controller-manager-f966c9db7-4g8fr          0/1     Pending             0          0s


PODS UPDATE: test-namespace-update-1-1-0   seldon-controller-manager-f966c9db7-4g8fr          0/1     ContainerCreating   0          0s


PODS UPDATE: test-namespace-update-1-1-0   seldon-controller-manager-f966c9db7-4g8fr          1/1     Running             0          2s


PODS UPDATE: test-namespace-update-1-1-0   mymodel-mymodel-0-complex-model-5498798b74-scqm4   0/2     Pending             0          0s


PODS UPDATE: test-namespace-update-1-1-0   mymodel-mymodel-0-complex-model-5498798b74-scqm4   0/2     Pending             0          0s


PODS UPDATE: test-namespace-update-1-1-0   mymodel-mymodel-0-complex-model-5498798b74-scqm4   0/2     ContainerCreating   0          0s


PODS UPDATE: seldon-system                 seldon-controller-manager-6978f54b99-pppqr         1/1     Terminating         0          51s


PODS UPDATE: test-namespace-update-1-1-0   mymodel-mymodel-0-complex-model-665ff44775-mrgnl   2/2     Terminating         0          32s


PODS UPDATE: test-namespace-update-1-1-0   mymodel-mymodel-0-complex-model-5498798b74-scqm4   0/2     Terminating         0          2s


PODS UPDATE: test-namespace-update-1-1-0   mymodel-mymodel-0-complex-model-5498798b74-scqm4   0/2     Terminating         0          2s


PODS UPDATE: seldon-system                 seldon-controller-manager-6978f54b99-pppqr         0/1     Terminating         0          53s


PODS UPDATE: test-namespace-update-1-1-0   mymodel-mymodel-0-complex-model-5498798b74-scqm4   0/2     Terminating         0          3s


PODS UPDATE: seldon-system                 seldon-controller-manager-5569844fd7-7kb5t         0/1     Pending             0          0s


PODS UPDATE: seldon-system                 seldon-controller-manager-5569844fd7-7kb5t         0/1     Pending             0          1s


PODS UPDATE: seldon-system                 seldon-controller-manager-5569844fd7-7kb5t         0/1     ContainerCreating   0          1s


PODS UPDATE: seldon-system                 seldon-controller-manager-5569844fd7-7kb5t         1/1     Running             0          3s


PODS UPDATE: seldon-system                 seldon-controller-manager-6978f54b99-pppqr         0/1     Terminating         0          59s


PODS UPDATE: seldon-system                 seldon-controller-manager-6978f54b99-pppqr         0/1     Terminating         0          59s


PODS UPDATE: test-namespace-update-1-1-0   seldon-controller-manager-f966c9db7-4g8fr          1/1     Terminating         0          14s


PODS UPDATE: test-namespace-update-1-1-0   mymodel-mymodel-0-complex-model-665ff44775-mrgnl   1/2     Terminating         0          46s


PODS UPDATE: test-namespace-update-1-1-0   seldon-controller-manager-f966c9db7-4g8fr          0/1     Terminating         0          20s


PODS UPDATE: test-namespace-update-1-1-0   seldon-controller-manager-f966c9db7-4g8fr          0/1     Terminating         0          21s


PODS UPDATE: test-namespace-update-1-1-0   seldon-controller-manager-f966c9db7-NAME: seldon-test-label-update-1-0-2
LAST DEPLOYED: Thu Aug 27 10:45:25 2020
NAMESPACE: test-label-update-1-0-2
STATUS: deployed
REVISION: 1
TEST SUITE: None
seldondeployment.machinelearning.seldon.io/mymodel labeled
deployment "mymodel-mymodel-0-complex-model" successfully rolled out
release "seldon-test-label-update-1-0-2" uninstalled
PASSEDnamespace "test-label-update-1-0-2" deleted

test_operator_updates.py::test_label_update[1.1.0] namespace/test-label-update-1-1-0 created
4g8fr          0/1     Terminating         0          21s


PODS UPDATE: test-namespace-update-1-1-0   mymodel-mymodel-0-complex-model-5498798b74-scqm4   1/2     Terminating         0          23s


PODS UPDATE: test-namespace-update-1-1-0   mymodel-mymodel-0-complex-model-5498798b74-scqm4   2/2     Terminating         0          24s


PODS UPDATE: test-namespace-update-1-1-0   mymodel-mymodel-0-complex-model-665ff44775-mrgnl   0/2     Terminating         0          59s


PODS UPDATE: test-namespace-update-1-1-0   mymodel-mymodel-0-complex-model-665ff44775-mrgnl   0/2     Terminating         0          60s


PODS UPDATE: test-namespace-update-1-1-0   mymodel-mymodel-0-complex-model-665ff44775-mrgnl   0/2     Terminating         0          60s


PODS UPDATE: test-namespace-update-1-1-0   mymodel-mymodel-0-complex-model-5498798b74-scqm4   1/2     Terminating         0          88s


PODS UPDATE: test-namespace-update-1-1-0   mymodel-mymodel-0-complex-model-5498798b74-scqm4   0/2     Terminating         0          95s


PODS UPDATE: test-namespace-update-1-1-0   mymodel-mymodel-0-complex-model-5498798b74-scqm4   0/2     Terminating         0          95s


PODS UPDATE: test-namespace-update-1-1-0   mymodel-mymodel-0-complex-model-5498798b74-scqm4   0/2     Terminating         0          99s


PODS UPDATE: test-namespace-update-1-1-0   mymodel-mymodel-0-complex-model-5498798b74-scqm4   0/2     Terminating         0          99s


PODS UPDATE: seldon-system                 seldon-controller-manager-5569844fd7-7kb5t         1/1     Terminating         0          116s


PODS UPDATE: seldon-system                 seldon-controller-manager-5569844fd7-7kb5t         0/1     Terminating         0          117s


PODS UPDATE: seldon-system                 seldon-controller-manager-5569844fd7-7kb5t         0/1     Terminating         0          118s


PODS UPDATE: seldon-system                 seldon-controller-manager-5569844fd7-7kb5t         0/1     Terminating         0          118s


PODS UPDATE: seldon-system                 seldon-controller-manager-78cf68ffb9-tqcrm         0/1     Pending             0          0s


PODS UPDATE: seldon-system                 seldon-controller-manager-78cf68ffb9-tqcrm         0/1     Pending             0          0s


PODS UPDATE: seldon-system                 seldon-controller-manager-78cf68ffb9-tqcrm         0/1     ContainerCreating   0          0s


PODS UPDATE: seldon-system                 seldon-controller-manager-78cf68ffb9-tqcrm         1/1     Running             0          2s


PODS UPDATE: test-label-update-1-0-2       mymodel-mymodel-e2eb561-5cc49c64f9-zv8gd           0/2     Pending             0          0s


PODS UPDATE: test-label-update-1-0-2       mymodel-mymodel-e2eb561-5cc49c64f9-zv8gd           0/2     Pending             0          0s


PODS UPDATE: test-label-update-1-0-2       mymodel-mymodel-e2eb561-5cc49c64f9-zv8gd           0/2     ContainerCreating   0          0s


PODS UPDATE: test-label-update-1-0-2       mymodel-mymodel-e2eb561-5cc49c64f9-zv8gd           0/2     Running             0          2s


PODS UPDATE: test-label-update-1-0-2       mymodel-mymodel-e2eb561-5cc49c64f9-zv8gd           1/2     Running             0          21s


PODS UPDATE: test-label-update-1-0-2       mymodel-mymodel-e2eb561-5cc49c64f9-zv8gd           2/2     Running             0          25s


PODS UPDATE: test-label-update-1-0-2       seldon-controller-manager-7d9bdd4b8f-qgsbd         0/1     Pending             0          0s


PODS UPDATE: test-label-update-1-0-2       seldon-controller-manager-7d9bdd4b8f-qgsbd         0/1     Pending             0          0s


PODS UPDATE: test-label-update-1-0-2       seldon-controller-manager-7d9bdd4b8f-qgsbd         0/1     ContainerCreating   0          0s


PODS UPDATE: test-label-update-1-0-2       seldon-controller-manager-7d9bdd4b8f-qgsbd         1/1     Running             0          1s


PODS UPDATE: test-label-update-1-0-2       mymodel-mymodel-0-complex-model-6f68874fcb-7xstd   0/2     Pending             0          0s


PODS UPDATE: tseldondeployment.machinelearning.seldon.io/mymodel created
deployment "mymodel-mymodel-0-complex-model" successfully rolled out
NAME: seldon-test-label-update-1-1-0
LAST DEPLOYED: Thu Aug 27 10:48:04 2020
NAMESPACE: test-label-update-1-1-0
STATUS: deployed
REVISION: 1
TEST SUITE: None
seldondeployment.machinelearning.seldon.io/mymodel labeled
deployment "mymodel-mymodel-0-complex-model" successfully rolled out
release "seldon-test-label-update-1-1-0" uninstalled
PASSEDest-label-update-1-0-2       mymodel-mymodel-0-complex-model-6f68874fcb-7xstd   0/2     Pending             0          0s


PODS UPDATE: test-label-update-1-0-2       mymodel-mymodel-0-complex-model-6f68874fcb-7xstd   0/2     ContainerCreating   0          1s


PODS UPDATE: test-label-update-1-0-2       mymodel-mymodel-0-complex-model-6f68874fcb-7xstd   0/2     Running             0          2s


PODS UPDATE: test-label-update-1-0-2       mymodel-mymodel-0-complex-model-6f68874fcb-7xstd   1/2     Running             0          24s


PODS UPDATE: test-label-update-1-0-2       mymodel-mymodel-0-complex-model-6f68874fcb-7xstd   2/2     Running             0          26s


PODS UPDATE: test-label-update-1-0-2       mymodel-mymodel-e2eb561-5cc49c64f9-zv8gd           2/2     Terminating         0          57s


PODS UPDATE: test-label-update-1-0-2       mymodel-mymodel-e2eb561-5cc49c64f9-zv8gd           0/2     Terminating         0          78s


PODS UPDATE: test-label-update-1-0-2       mymodel-mymodel-e2eb561-5cc49c64f9-zv8gd           0/2     Terminating         0          78s


PODS UPDATE: test-label-update-1-0-2       mymodel-mymodel-e2eb561-5cc49c64f9-zv8gd           0/2     Terminating         0          79s


PODS UPDATE: test-label-update-1-0-2       mymodel-mymodel-e2eb561-5cc49c64f9-zv8gd           0/2     Terminating         0          79s


PODS UPDATE: test-label-update-1-0-2       seldon-controller-manager-7d9bdd4b8f-qgsbd         1/1     Terminating         0          56s


PODS UPDATE: seldon-system                 seldon-controller-manager-78cf68ffb9-tqcrm         1/1     Terminating         0          118s


PODS UPDATE: test-label-update-1-0-2       mymodel-mymodel-0-complex-model-6f68874fcb-7xstd   2/2     Terminating         0          68s


PODS UPDATE: test-label-update-1-0-2       seldon-controller-manager-7d9bdd4b8f-qgsbd         0/1     Terminating         0          70s


PODS UPDATE: seldon-system                 seldon-controller-manager-78cf68ffb9-tqcrm         0/1     Terminating         0          118s


PODS UPDATE: seldon-system                 seldon-controller-manager-5569844fd7-lnvzs         0/1     Pending             0          0s


PODS UPDATE: seldon-system                 seldon-controller-manager-5569844fd7-lnvzs         0/1     Pending             0          0s


PODS UPDATE: seldon-system                 seldon-controller-manager-5569844fd7-lnvzs         0/1     ContainerCreating   0          0s


PODS UPDATE: seldon-system                 seldon-controller-manager-5569844fd7-lnvzs         1/1     Running             0          1s


PODS UPDATE: seldon-system                 seldon-controller-manager-78cf68ffb9-tqcrm         0/1     Terminating         0          2m8s


PODS UPDATE: seldon-system                 seldon-controller-manager-78cf68ffb9-tqcrm         0/1     Terminating         0          2m9s


PODS UPDATE: test-label-update-1-0-2       seldon-controller-manager-7d9bdd4b8f-qgsbd         0/1     Terminating         0          83s


PODS UPDATE: test-label-update-1-0-2       seldon-controller-manager-7d9bdd4b8f-qgsbd         0/1     Terminating         0          84s


PODS UPDATE: test-label-update-1-0-2       mymodel-mymodel-0-complex-model-6f68874fcb-7xstd   1/2     Terminating         0          82s


PODS UPDATE: test-label-update-1-0-2       mymodel-mymodel-0-complex-model-6f68874fcb-7xstd   0/2     Terminating         0          95s


PODS UPDATE: test-label-update-1-0-2       mymodel-mymodel-0-complex-model-6f68874fcb-7xstd   0/2     Terminating         0          95s


PODS UPDATE: test-label-update-1-0-2       mymodel-mymodel-0-complex-model-6f68874fcb-7xstd   0/2     Terminating         0          98s


PODS UPDATE: test-label-update-1-0-2       mymodel-mymodel-0-complex-model-6f68874fcb-7xstd   0/2     Terminating         0          98s


PODS UPDATE: seldon-system                 seldon-controller-manager-5569844fd7-lnvzs         1/1     Terminating         0          31s


PODS UPDATE: seldon-system                 seldon-controller-manager-5569844fd7-lnvzs         0/1     Terminating         0          37s


PODS UPDATE: seldon-system                 seldon-controller-manager-6978f54b99-7c4dv         0/1     Pending             0          0s


PODS UPDATE: seldon-system                 seldon-controller-manager-6978f54b99-7c4dv         0/1     Pending             0          0s


PODS UPDATE: seldon-system                 seldon-controller-manager-6978f54b99-7c4dv         0/1     ContainerCreating   0          0s


PODS UPDATE: seldon-system                 seldon-controller-manager-6978f54b99-7c4dv         1/1     Running             0          4s


PODS UPDATE: seldon-system                 seldon-controller-manager-5569844fd7-lnvzs         0/1     Terminating         0          49s


PODS UPDATE: seldon-system                 seldon-controller-manager-5569844fd7-lnvzs         0/1     Terminating         0          49s


PODS UPDATE: test-label-update-1-1-0       mymodel-mymodel-0-complex-model-67df8cf78-jl2sq    0/2     Pending             0          0s


PODS UPDATE: test-label-update-1-1-0       mymodel-mymodel-0-complex-model-67df8cf78-jl2sq    0/2     Pending             0          0s


PODS UPDATE: test-label-update-1-1-0       mymodel-mymodel-0-complex-model-67df8cf78-jl2sq    0/2     ContainerCreating   0          0s


PODS UPDATE: test-label-update-1-1-0       mymodel-mymodel-0-complex-model-67df8cf78-jl2sq    0/2     Running             0          2s


PODS UPDATE: test-label-update-1-1-0       mymodel-mymodel-0-complex-model-67df8cf78-jl2sq    1/2     Running             0          21s


PODS UPDATE: test-label-update-1-1-0       mymodel-mymodel-0-complex-model-67df8cf78-jl2sq    2/2     Running             0          23s


PODS UPDATE: test-label-update-1-1-0       seldon-controller-manager-787cb4674-94ndx          0/1     Pending             0          0s


PODS UPDATE: test-label-update-1-1-0       seldon-controller-manager-787cb4674-94ndx          0/1     Pending             0          0s


PODS UPDATE: test-label-update-1-1-0       seldon-controller-manager-787cb4674-94ndx          0/1     ContainerCreating   0          0s


PODS UPDATE: test-label-update-1-1-0       seldon-controller-manager-787cb4674-94ndx          1/1     Running             0          1s


PODS UPDATE: test-label-update-1-1-0       mymodel-mymodel-0-complex-model-5dff596565-hnnbh   0/2     Pending             0          0s


PODS UPDATE: test-label-update-1-1-0       mymodel-mymodel-0-complex-model-5dff596565-hnnbh   0/2     Pending             0          0s


PODS UPDATE: test-label-update-1-1-0       mymodel-mymodel-0-complex-model-5dff596565-hnnbh   0/2     ContainerCreating   0          0s


PODS UPDATE: test-label-update-1-1-0       mymodel-mymodel-0-complex-model-5dff596565-hnnbh   0/2     Running             0          2s


PODS UPDATE: test-label-update-1-1-0       mymodel-mymodel-0-complex-model-5dff596565-hnnbh   1/2     Running             0          21s


PODS UPDATE: test-label-update-1-1-0       mymodel-mymodel-0-complex-model-5dff596565-hnnbh   2/2     Running             0          25s


PODS UPDATE: test-label-update-1-1-0       mymodel-mymodel-0-complex-model-67df8cf78-jl2sq    2/2     Terminating         0          54s


PODS UPDATE: test-label-update-1-1-0       seldon-controller-manager-787cb4674-94ndx          1/1     Terminating         0          29s


PODS UPDATE: test-label-update-1-1-0       seldon-controller-manager-787cb4674-94ndx          0/1     Terminating         0          30s


PODS UPDATE: seldon-system                 seldon-controller-manager-6978f54b99-7c4dv         1/1     Terminating         0          79s


PODS UPDATE: test-label-update-1-1-0       mymodel-mymodel-0-complex-model-5dff596565-hnnbh   2/2     Terminating         0          28s


PODS UPDATE: seldon-system                 seldon-controller-manager-6978f54b99-7c4dv         0/1     Terminating         0          80s


PODS UPDATE: seldon-system                 seldon-controller-manager-5569844fd7-sqzdj         0/1     Pending             0          0s


PODS UPDATE: seldon-systenamespace "test-label-update-1-1-0" deleted

test_rolling_updates.py::TestRollingHttp::test_rolling_update5[ambas] namespace/test-rolling-update5-ambas created
seldondeployment.machinelearning.seldon.io/mymodel created
deployment "mymodel-mymodel-0-complex-model" successfully rolled out
seldondeployment.machinelearning.seldon.io/mymodel configured
seldondeployment.machinelearning.seldon.io "mymodel" deleted
Error from server (NotFound): error when deleting "../resources/graph6.json": seldondeployments.machinelearning.seldon.io "mymodel" not found
PASSEDnamespace "test-rolling-update5-ambas" deleted
m                 seldon-controller-manager-5569844fd7-sqzdj         0/1     Pending             0          0s


PODS UPDATE: seldon-system                 seldon-controller-manager-5569844fd7-sqzdj         0/1     ContainerCreating   0          0s


PODS UPDATE: seldon-system                 seldon-controller-manager-5569844fd7-sqzdj         1/1     Running             0          2s


PODS UPDATE: test-label-update-1-1-0       mymodel-mymodel-0-complex-model-67df8cf78-jl2sq    1/2     Terminating         0          68s


PODS UPDATE: test-label-update-1-1-0       seldon-controller-manager-787cb4674-94ndx          0/1     Terminating         0          41s


PODS UPDATE: test-label-update-1-1-0       seldon-controller-manager-787cb4674-94ndx          0/1     Terminating         0          41s


PODS UPDATE: seldon-system                 seldon-controller-manager-6978f54b99-7c4dv         0/1     Terminating         0          90s


PODS UPDATE: seldon-system                 seldon-controller-manager-6978f54b99-7c4dv         0/1     Terminating         0          90s


PODS UPDATE: test-label-update-1-1-0       mymodel-mymodel-0-complex-model-5dff596565-hnnbh   1/2     Terminating         0          41s


PODS UPDATE: test-label-update-1-1-0       mymodel-mymodel-0-complex-model-67df8cf78-jl2sq    0/2     Terminating         0          75s


PODS UPDATE: test-label-update-1-1-0       mymodel-mymodel-0-complex-model-67df8cf78-jl2sq    0/2     Terminating         0          76s


PODS UPDATE: test-label-update-1-1-0       mymodel-mymodel-0-complex-model-67df8cf78-jl2sq    0/2     Terminating         0          76s


PODS UPDATE: test-label-update-1-1-0       mymodel-mymodel-0-complex-model-5dff596565-hnnbh   0/2     Terminating         0          49s


PODS UPDATE: test-label-update-1-1-0       mymodel-mymodel-0-complex-model-5dff596565-hnnbh   0/2     Terminating         0          59s


PODS UPDATE: test-label-update-1-1-0       mymodel-mymodel-0-complex-model-5dff596565-hnnbh   0/2     Terminating         0          59s


PODS UPDATE: test-rolling-update5-ambas    mymodel-mymodel-0-complex-model-7c4bc4476f-bwt5g   0/2     Pending             0          0s


PODS UPDATE: test-rolling-update5-ambas    mymodel-mymodel-0-complex-model-7c4bc4476f-bwt5g   0/2     Pending             0          0s


PODS UPDATE: test-rolling-update5-ambas    mymodel-mymodel-0-complex-model-7c4bc4476f-bwt5g   0/2     ContainerCreating   0          0s


PODS UPDATE: test-rolling-update5-ambas    mymodel-mymodel-0-complex-model-7c4bc4476f-bwt5g   0/2     Running             0          5s


PODS UPDATE: test-rolling-update5-ambas    mymodel-mymodel-0-complex-model-7c4bc4476f-bwt5g   1/2     Running             0          27s


PODS UPDATE: test-rolling-update5-ambas    mymodel-mymodel-0-complex-model-7c4bc4476f-bwt5g   2/2     Running             0          27s


PODS UPDATE: test-rolling-update5-ambas    mymodel-mymodel-canary-0-complex-model-6b5c78c68b-ptz87   0/2     Pending             0          0s


PODS UPDATE: test-rolling-update5-ambas    mymodel-mymodel-canary-0-complex-model-6b5c78c68b-ptz87   0/2     Pending             0          0s


PODS UPDATE: test-rolling-update5-ambas    mymodel-mymodel-canary-0-complex-model-6b5c78c68b-ptz87   0/2     ContainerCreating   0          0s


PODS UPDATE: test-rolling-update5-ambas    mymodel-mymodel-canary-0-complex-model-6b5c78c68b-ptz87   0/2     Running             0          15s


PODS UPDATE: test-rolling-update5-ambas    mymodel-mymodel-canary-0-complex-model-6b5c78c68b-ptz87   1/2     Running             0          35s


PODS UPDATE: test-rolling-update5-ambas    mymodel-mymodel-canary-0-complex-model-6b5c78c68b-ptz87   2/2     Running             0          35s


PODS UPDATE: test-rolling-update5-ambas    mymodel-mymodel-canary-0-complex-model-6b5c78c68b-ptz87   2/2     Terminating         0          39s


PODS UPDATE: test-rolling-update5-ambas    mymodel-mymodel-0-complex-model-7c4bc4476f-bwt5g          2/2     Terminating         0          71s


PODS UPDATE: test-rolling-update5-ambas    m
test_rolling_updates.py::TestRollingHttp::test_rolling_update5[istio] namespace/test-rolling-update5-istio created
seldondeployment.machinelearning.seldon.io/mymodel created
deployment "mymodel-mymodel-0-complex-model" successfully rolled out
seldondeployment.machinelearning.seldon.io/mymodel configured
seldondeployment.machinelearning.seldon.io "mymodel" deleted
Error from server (NotFound): error when deleting "../resources/graph6.json": seldondeployments.machinelearning.seldon.io "mymodel" not found
PASSEDnamespace "test-rolling-update5-istio" deleted

test_rolling_updates.py::TestRollingHttp::test_rolling_update6[ambas] namespace/test-rolling-update6-ambas created
seldondeployment.machinelearning.seldon.io/mymodel created
ymodel-mymodel-canary-0-complex-model-6b5c78c68b-ptz87   1/2     Terminating         0          50s


PODS UPDATE: test-rolling-update5-ambas    mymodel-mymodel-0-complex-model-7c4bc4476f-bwt5g          1/2     Terminating         0          82s


PODS UPDATE: test-rolling-update5-ambas    mymodel-mymodel-canary-0-complex-model-6b5c78c68b-ptz87   0/2     Terminating         0          60s


PODS UPDATE: test-rolling-update5-ambas    mymodel-mymodel-0-complex-model-7c4bc4476f-bwt5g          0/2     Terminating         0          92s


PODS UPDATE: test-rolling-update5-ambas    mymodel-mymodel-canary-0-complex-model-6b5c78c68b-ptz87   0/2     Terminating         0          61s


PODS UPDATE: test-rolling-update5-ambas    mymodel-mymodel-canary-0-complex-model-6b5c78c68b-ptz87   0/2     Terminating         0          61s


PODS UPDATE: test-rolling-update5-ambas    mymodel-mymodel-canary-0-complex-model-6b5c78c68b-ptz87   0/2     Terminating         0          61s


PODS UPDATE: test-rolling-update5-ambas    mymodel-mymodel-0-complex-model-7c4bc4476f-bwt5g          0/2     Terminating         0          93s


PODS UPDATE: test-rolling-update5-ambas    mymodel-mymodel-0-complex-model-7c4bc4476f-bwt5g          0/2     Terminating         0          93s


PODS UPDATE: test-rolling-update5-istio    mymodel-mymodel-0-complex-model-9d665578f-nv2xx           0/2     Pending             0          0s


PODS UPDATE: test-rolling-update5-istio    mymodel-mymodel-0-complex-model-9d665578f-nv2xx           0/2     Pending             0          0s


PODS UPDATE: test-rolling-update5-istio    mymodel-mymodel-0-complex-model-9d665578f-nv2xx           0/2     ContainerCreating   0          0s


PODS UPDATE: test-rolling-update5-istio    mymodel-mymodel-0-complex-model-9d665578f-nv2xx           0/2     Running             0          2s


PODS UPDATE: test-rolling-update5-istio    mymodel-mymodel-0-complex-model-9d665578f-nv2xx           1/2     Running             0          22s


PODS UPDATE: test-rolling-update5-istio    mymodel-mymodel-0-complex-model-9d665578f-nv2xx           2/2     Running             0          24s


PODS UPDATE: test-rolling-update5-istio    mymodel-mymodel-canary-0-complex-model-6b67cbccc8-bl5fx   0/2     Pending             0          0s


PODS UPDATE: test-rolling-update5-istio    mymodel-mymodel-canary-0-complex-model-6b67cbccc8-bl5fx   0/2     Pending             0          0s


PODS UPDATE: test-rolling-update5-istio    mymodel-mymodel-canary-0-complex-model-6b67cbccc8-bl5fx   0/2     ContainerCreating   0          0s


PODS UPDATE: test-rolling-update5-istio    mymodel-mymodel-canary-0-complex-model-6b67cbccc8-bl5fx   0/2     Running             0          1s


PODS UPDATE: test-rolling-update5-istio    mymodel-mymodel-canary-0-complex-model-6b67cbccc8-bl5fx   1/2     Running             0          21s


PODS UPDATE: test-rolling-update5-istio    mymodel-mymodel-canary-0-complex-model-6b67cbccc8-bl5fx   2/2     Running             0          23s


PODS UPDATE: test-rolling-update5-istio    mymodel-mymodel-canary-0-complex-model-6b67cbccc8-bl5fx   2/2     Terminating         0          27s


PODS UPDATE: test-rolling-update5-istio    mymodel-mymodel-0-complex-model-9d665578f-nv2xx           2/2     Terminating         0          54s


PODS UPDATE: test-rolling-update5-istio    mymodel-mymodel-0-complex-model-9d665578f-nv2xx           1/2     Terminating         0          67s


PODS UPDATE: test-rolling-update5-istio    mymodel-mymodel-canary-0-complex-model-6b67cbccc8-bl5fx   1/2     Terminating         0          41s


PODS UPDATE: test-rolling-update5-istio    mymodel-mymodel-0-complex-model-9d665578f-nv2xx           0/2     Terminating         0          75s


PODS UPDATE: test-rolling-update5-istio    mymodel-mymodel-0-complex-model-9d665578f-nv2xx           0/2     Terminating         0          75s


PODS UPDATE: test-rolling-update5-istio    mymodel-mymodel-canary-0-complex-model-6b67cbccc8-bl5fx   0/2     Terminating         0          48s


PODS UPDATE: test-rolling-update5-istio    mymodel-mymodel-cdeployment "mymodel-mymodel-0-complex-model" successfully rolled out
deployment "mymodel-mymodel-svc-orch" successfully rolled out
seldondeployment.machinelearning.seldon.io/mymodel configured
seldondeployment.machinelearning.seldon.io "mymodel" deleted
Error from server (NotFound): error when deleting "../resources/graph2svc.json": seldondeployments.machinelearning.seldon.io "mymodel" not found
PASSEDnamespace "test-rolling-update6-ambas" deleted

test_rolling_updates.py::TestRollingHttp::test_rolling_update6[istio] namespace/test-rolling-update6-istio created
seldondeployment.machinelearning.seldon.io/mymodel created
anary-0-complex-model-6b67cbccc8-bl5fx   0/2     Terminating         0          49s


PODS UPDATE: test-rolling-update5-istio    mymodel-mymodel-canary-0-complex-model-6b67cbccc8-bl5fx   0/2     Terminating         0          49s


PODS UPDATE: test-rolling-update5-istio    mymodel-mymodel-0-complex-model-9d665578f-nv2xx           0/2     Terminating         0          76s


PODS UPDATE: test-rolling-update5-istio    mymodel-mymodel-0-complex-model-9d665578f-nv2xx           0/2     Terminating         0          76s


PODS UPDATE: test-rolling-update6-ambas    mymodel-mymodel-svc-orch-886cf7455-9bwl8                  0/1     Pending             0          0s


PODS UPDATE: test-rolling-update6-ambas    mymodel-mymodel-0-complex-model-5fbb5996f9-76x6v          0/1     Pending             0          0s


PODS UPDATE: test-rolling-update6-ambas    mymodel-mymodel-svc-orch-886cf7455-9bwl8                  0/1     Pending             0          0s


PODS UPDATE: test-rolling-update6-ambas    mymodel-mymodel-0-complex-model-5fbb5996f9-76x6v          0/1     Pending             0          0s


PODS UPDATE: test-rolling-update6-ambas    mymodel-mymodel-svc-orch-886cf7455-9bwl8                  0/1     ContainerCreating   0          0s


PODS UPDATE: test-rolling-update6-ambas    mymodel-mymodel-0-complex-model-5fbb5996f9-76x6v          0/1     ContainerCreating   0          0s


PODS UPDATE: test-rolling-update6-ambas    mymodel-mymodel-0-complex-model-5fbb5996f9-76x6v          0/1     Running             0          2s


PODS UPDATE: test-rolling-update6-ambas    mymodel-mymodel-svc-orch-886cf7455-9bwl8                  0/1     Running             0          2s


PODS UPDATE: test-rolling-update6-ambas    mymodel-mymodel-0-complex-model-5fbb5996f9-76x6v          1/1     Running             0          21s


PODS UPDATE: test-rolling-update6-ambas    mymodel-mymodel-svc-orch-886cf7455-9bwl8                  1/1     Running             0          22s


PODS UPDATE: test-rolling-update6-ambas    mymodel-mymodel-svc-orch-585dfc857b-jtg9r                 0/1     Pending             0          0s


PODS UPDATE: test-rolling-update6-ambas    mymodel-mymodel-0-complex-model-56c5d48487-2bvhk          0/1     Pending             0          0s


PODS UPDATE: test-rolling-update6-ambas    mymodel-mymodel-0-complex-model-56c5d48487-2bvhk          0/1     Pending             0          0s


PODS UPDATE: test-rolling-update6-ambas    mymodel-mymodel-svc-orch-585dfc857b-jtg9r                 0/1     Pending             0          0s


PODS UPDATE: test-rolling-update6-ambas    mymodel-mymodel-0-complex-model-56c5d48487-2bvhk          0/1     ContainerCreating   0          0s


PODS UPDATE: test-rolling-update6-ambas    mymodel-mymodel-svc-orch-585dfc857b-jtg9r                 0/1     ContainerCreating   0          0s


PODS UPDATE: test-rolling-update6-ambas    mymodel-mymodel-svc-orch-585dfc857b-jtg9r                 0/1     Running             0          2s


PODS UPDATE: test-rolling-update6-ambas    mymodel-mymodel-0-complex-model-56c5d48487-2bvhk          0/1     Running             0          2s


PODS UPDATE: test-rolling-update6-ambas    mymodel-mymodel-0-complex-model-56c5d48487-2bvhk          1/1     Running             0          22s


PODS UPDATE: test-rolling-update6-ambas    mymodel-mymodel-0-complex-model-5fbb5996f9-76x6v          1/1     Terminating         0          49s


PODS UPDATE: test-rolling-update6-ambas    mymodel-mymodel-svc-orch-886cf7455-9bwl8                  1/1     Terminating         0          51s


PODS UPDATE: test-rolling-update6-ambas    mymodel-mymodel-0-complex-model-56c5d48487-2bvhk          1/1     Terminating         0          24s


PODS UPDATE: test-rolling-update6-ambas    mymodel-mymodel-svc-orch-585dfc857b-jtg9r                 0/1     Terminating         0          24s


PODS UPDATE: test-rolling-update6-ambas    mymodel-mymodel-svc-orch-886cf7455-9bwl8                  0/1     Terminating         0          52s


PODS UPDATE: test-rolling-update6-ambas    mymodel-mymodel-svc-orch-585dfc857b-jtg9rdeployment "mymodel-mymodel-0-complex-model" successfully rolled out
deployment "mymodel-mymodel-svc-orch" successfully rolled out
seldondeployment.machinelearning.seldon.io/mymodel configured
seldondeployment.machinelearning.seldon.io "mymodel" deleted
Error from server (NotFound): error when deleting "../resources/graph2svc.json": seldondeployments.machinelearning.seldon.io "mymodel" not found
PASSEDnamespace "test-rolling-update6-istio" deleted
                 0/1     Terminating         0          25s


PODS UPDATE: test-rolling-update6-ambas    mymodel-mymodel-svc-orch-886cf7455-9bwl8                  0/1     Terminating         0          56s


PODS UPDATE: test-rolling-update6-ambas    mymodel-mymodel-svc-orch-886cf7455-9bwl8                  0/1     Terminating         0          56s


PODS UPDATE: test-rolling-update6-ambas    mymodel-mymodel-svc-orch-585dfc857b-jtg9r                 0/1     Terminating         0          29s


PODS UPDATE: test-rolling-update6-ambas    mymodel-mymodel-svc-orch-585dfc857b-jtg9r                 0/1     Terminating         0          29s


PODS UPDATE: test-rolling-update6-ambas    mymodel-mymodel-0-complex-model-5fbb5996f9-76x6v          0/1     Terminating         0          71s


PODS UPDATE: test-rolling-update6-ambas    mymodel-mymodel-0-complex-model-56c5d48487-2bvhk          0/1     Terminating         0          45s


PODS UPDATE: test-rolling-update6-ambas    mymodel-mymodel-0-complex-model-56c5d48487-2bvhk          0/1     Terminating         0          49s


PODS UPDATE: test-rolling-update6-ambas    mymodel-mymodel-0-complex-model-56c5d48487-2bvhk          0/1     Terminating         0          49s


PODS UPDATE: test-rolling-update6-ambas    mymodel-mymodel-0-complex-model-5fbb5996f9-76x6v          0/1     Terminating         0          76s


PODS UPDATE: test-rolling-update6-ambas    mymodel-mymodel-0-complex-model-5fbb5996f9-76x6v          0/1     Terminating         0          76s


PODS UPDATE: test-rolling-update6-istio    mymodel-mymodel-svc-orch-77f99f878b-rplq2                 0/1     Pending             0          0s


PODS UPDATE: test-rolling-update6-istio    mymodel-mymodel-svc-orch-77f99f878b-rplq2                 0/1     Pending             0          0s


PODS UPDATE: test-rolling-update6-istio    mymodel-mymodel-0-complex-model-5fbb5996f9-d7rj8          0/1     Pending             0          0s


PODS UPDATE: test-rolling-update6-istio    mymodel-mymodel-0-complex-model-5fbb5996f9-d7rj8          0/1     Pending             0          0s


PODS UPDATE: test-rolling-update6-istio    mymodel-mymodel-svc-orch-77f99f878b-rplq2                 0/1     ContainerCreating   0          0s


PODS UPDATE: test-rolling-update6-istio    mymodel-mymodel-0-complex-model-5fbb5996f9-d7rj8          0/1     ContainerCreating   0          0s


PODS UPDATE: test-rolling-update6-istio    mymodel-mymodel-svc-orch-77f99f878b-rplq2                 0/1     Running             0          2s


PODS UPDATE: test-rolling-update6-istio    mymodel-mymodel-0-complex-model-5fbb5996f9-d7rj8          0/1     Running             0          2s


PODS UPDATE: test-rolling-update6-istio    mymodel-mymodel-0-complex-model-5fbb5996f9-d7rj8          1/1     Running             0          21s


PODS UPDATE: test-rolling-update6-istio    mymodel-mymodel-svc-orch-77f99f878b-rplq2                 1/1     Running             0          22s


PODS UPDATE: test-rolling-update6-istio    mymodel-mymodel-svc-orch-799fd6467c-7cwtw                 0/1     Pending             0          0s


PODS UPDATE: test-rolling-update6-istio    mymodel-mymodel-0-complex-model-56c5d48487-v6gck          0/1     Pending             0          0s


PODS UPDATE: test-rolling-update6-istio    mymodel-mymodel-svc-orch-799fd6467c-7cwtw                 0/1     Pending             0          0s


PODS UPDATE: test-rolling-update6-istio    mymodel-mymodel-0-complex-model-56c5d48487-v6gck          0/1     Pending             0          0s


PODS UPDATE: test-rolling-update6-istio    mymodel-mymodel-svc-orch-799fd6467c-7cwtw                 0/1     ContainerCreating   0          0s


PODS UPDATE: test-rolling-update6-istio    mymodel-mymodel-0-complex-model-56c5d48487-v6gck          0/1     ContainerCreating   0          0s


PODS UPDATE: test-rolling-update6-istio    mymodel-mymodel-0-complex-model-56c5d48487-v6gck          0/1     Running             0          2s


PODS UPDATE: test-rolling-update6-istio    mymodel-mymodel-svc-orch-799fd6467c-7cwtw                 0/1   
test_rolling_updates.py::TestRollingHttp::test_rolling_update7[ambas] namespace/test-rolling-update7-ambas created
seldondeployment.machinelearning.seldon.io/mymodel created
deployment "mymodel-mymodel-0-complex-model" successfully rolled out
deployment "mymodel-mymodel-svc-orch" successfully rolled out
seldondeployment.machinelearning.seldon.io/mymodel configured
seldondeployment.machinelearning.seldon.io "mymodel" deleted
Error from server (NotFound): error when deleting "../resources/graph3svc.json": seldondeployments.machinelearning.seldon.io "mymodel" not found
PASSEDnamespace "test-rolling-update7-ambas" deleted
  Running             0          2s


PODS UPDATE: test-rolling-update6-istio    mymodel-mymodel-svc-orch-799fd6467c-7cwtw                 1/1     Running             0          22s


PODS UPDATE: test-rolling-update6-istio    mymodel-mymodel-svc-orch-77f99f878b-rplq2                 1/1     Terminating         0          49s


PODS UPDATE: test-rolling-update6-istio    mymodel-mymodel-0-complex-model-56c5d48487-v6gck          1/1     Running             0          22s


PODS UPDATE: test-rolling-update6-istio    mymodel-mymodel-0-complex-model-5fbb5996f9-d7rj8          1/1     Terminating         0          49s


PODS UPDATE: test-rolling-update6-istio    mymodel-mymodel-svc-orch-77f99f878b-rplq2                 0/1     Terminating         0          49s


PODS UPDATE: test-rolling-update6-istio    mymodel-mymodel-svc-orch-799fd6467c-7cwtw                 1/1     Terminating         0          23s


PODS UPDATE: test-rolling-update6-istio    mymodel-mymodel-0-complex-model-56c5d48487-v6gck          1/1     Terminating         0          23s


PODS UPDATE: test-rolling-update6-istio    mymodel-mymodel-svc-orch-799fd6467c-7cwtw                 0/1     Terminating         0          24s


PODS UPDATE: test-rolling-update6-istio    mymodel-mymodel-svc-orch-799fd6467c-7cwtw                 0/1     Terminating         0          32s


PODS UPDATE: test-rolling-update6-istio    mymodel-mymodel-svc-orch-799fd6467c-7cwtw                 0/1     Terminating         0          32s


PODS UPDATE: test-rolling-update6-istio    mymodel-mymodel-svc-orch-77f99f878b-rplq2                 0/1     Terminating         0          59s


PODS UPDATE: test-rolling-update6-istio    mymodel-mymodel-svc-orch-77f99f878b-rplq2                 0/1     Terminating         0          59s


PODS UPDATE: test-rolling-update6-istio    mymodel-mymodel-0-complex-model-56c5d48487-v6gck          0/1     Terminating         0          43s


PODS UPDATE: test-rolling-update6-istio    mymodel-mymodel-0-complex-model-5fbb5996f9-d7rj8          0/1     Terminating         0          70s


PODS UPDATE: test-rolling-update6-istio    mymodel-mymodel-0-complex-model-56c5d48487-v6gck          0/1     Terminating         0          44s


PODS UPDATE: test-rolling-update6-istio    mymodel-mymodel-0-complex-model-56c5d48487-v6gck          0/1     Terminating         0          44s


PODS UPDATE: test-rolling-update6-istio    mymodel-mymodel-0-complex-model-5fbb5996f9-d7rj8          0/1     Terminating         0          71s


PODS UPDATE: test-rolling-update6-istio    mymodel-mymodel-0-complex-model-5fbb5996f9-d7rj8          0/1     Terminating         0          71s


PODS UPDATE: test-rolling-update7-ambas    mymodel-mymodel-svc-orch-89d877bd6-bzsjw                  0/1     Pending             0          0s


PODS UPDATE: test-rolling-update7-ambas    mymodel-mymodel-0-complex-model-5fbb5996f9-77j24          0/1     Pending             0          0s


PODS UPDATE: test-rolling-update7-ambas    mymodel-mymodel-svc-orch-89d877bd6-bzsjw                  0/1     Pending             0          0s


PODS UPDATE: test-rolling-update7-ambas    mymodel-mymodel-0-complex-model-5fbb5996f9-77j24          0/1     Pending             0          0s


PODS UPDATE: test-rolling-update7-ambas    mymodel-mymodel-svc-orch-89d877bd6-bzsjw                  0/1     ContainerCreating   0          0s


PODS UPDATE: test-rolling-update7-ambas    mymodel-mymodel-0-complex-model-5fbb5996f9-77j24          0/1     ContainerCreating   0          0s


PODS UPDATE: test-rolling-update7-ambas    mymodel-mymodel-0-complex-model-5fbb5996f9-77j24          0/1     Running             0          1s


PODS UPDATE: test-rolling-update7-ambas    mymodel-mymodel-svc-orch-89d877bd6-bzsjw                  0/1     Running             0          1s


PODS UPDATE: test-rolling-update7-ambas    mymodel-mymodel-0-complex-model-5fbb5996f9-77j24          1/1     Running             0          22s


PODS UPDATE: test-rolling-update7-ambas    mymodel-mymodel-svc-orch-89d877bd6-bzsjw                  1/1     Running        
test_rolling_updates.py::TestRollingHttp::test_rolling_update7[istio] namespace/test-rolling-update7-istio created
seldondeployment.machinelearning.seldon.io/mymodel created
deployment "mymodel-mymodel-0-complex-model" successfully rolled out
deployment "mymodel-mymodel-svc-orch" successfully rolled out
seldondeployment.machinelearning.seldon.io/mymodel configured
     0          23s


PODS UPDATE: test-rolling-update7-ambas    mymodel-mymodel-svc-orch-84df88c5bf-ktn94                 0/1     Pending             0          0s


PODS UPDATE: test-rolling-update7-ambas    mymodel-mymodel-svc-orch-84df88c5bf-ktn94                 0/1     Pending             0          0s


PODS UPDATE: test-rolling-update7-ambas    mymodel-mymodel-0-complex-model2-8f9b659b7-n5fp8          0/1     Pending             0          0s


PODS UPDATE: test-rolling-update7-ambas    mymodel-mymodel-svc-orch-84df88c5bf-ktn94                 0/1     ContainerCreating   0          0s


PODS UPDATE: test-rolling-update7-ambas    mymodel-mymodel-0-complex-model2-8f9b659b7-n5fp8          0/1     Pending             0          0s


PODS UPDATE: test-rolling-update7-ambas    mymodel-mymodel-0-complex-model2-8f9b659b7-n5fp8          0/1     ContainerCreating   0          0s


PODS UPDATE: test-rolling-update7-ambas    mymodel-mymodel-svc-orch-84df88c5bf-ktn94                 0/1     Running             0          1s


PODS UPDATE: test-rolling-update7-ambas    mymodel-mymodel-0-complex-model2-8f9b659b7-n5fp8          0/1     Running             0          1s


PODS UPDATE: test-rolling-update7-ambas    mymodel-mymodel-0-complex-model2-8f9b659b7-n5fp8          1/1     Running             0          25s


PODS UPDATE: test-rolling-update7-ambas    mymodel-mymodel-svc-orch-84df88c5bf-ktn94                 1/1     Running             0          26s


PODS UPDATE: test-rolling-update7-ambas    mymodel-mymodel-svc-orch-89d877bd6-bzsjw                  1/1     Terminating         0          53s


PODS UPDATE: test-rolling-update7-ambas    mymodel-mymodel-0-complex-model-5fbb5996f9-77j24          1/1     Terminating         0          53s


PODS UPDATE: test-rolling-update7-ambas    mymodel-mymodel-0-complex-model2-8f9b659b7-n5fp8          1/1     Terminating         0          26s


PODS UPDATE: test-rolling-update7-ambas    mymodel-mymodel-svc-orch-84df88c5bf-ktn94                 1/1     Terminating         0          26s


PODS UPDATE: test-rolling-update7-ambas    mymodel-mymodel-svc-orch-89d877bd6-bzsjw                  0/1     Terminating         0          53s


PODS UPDATE: test-rolling-update7-ambas    mymodel-mymodel-svc-orch-84df88c5bf-ktn94                 0/1     Terminating         0          27s


PODS UPDATE: test-rolling-update7-ambas    mymodel-mymodel-svc-orch-89d877bd6-bzsjw                  0/1     Terminating         0          54s


PODS UPDATE: test-rolling-update7-ambas    mymodel-mymodel-svc-orch-89d877bd6-bzsjw                  0/1     Terminating         0          54s


PODS UPDATE: test-rolling-update7-ambas    mymodel-mymodel-svc-orch-84df88c5bf-ktn94                 0/1     Terminating         0          39s


PODS UPDATE: test-rolling-update7-ambas    mymodel-mymodel-svc-orch-84df88c5bf-ktn94                 0/1     Terminating         0          39s


PODS UPDATE: test-rolling-update7-ambas    mymodel-mymodel-0-complex-model-5fbb5996f9-77j24          0/1     Terminating         0          73s


PODS UPDATE: test-rolling-update7-ambas    mymodel-mymodel-0-complex-model-5fbb5996f9-77j24          0/1     Terminating         0          74s


PODS UPDATE: test-rolling-update7-ambas    mymodel-mymodel-0-complex-model-5fbb5996f9-77j24          0/1     Terminating         0          74s


PODS UPDATE: test-rolling-update7-ambas    mymodel-mymodel-0-complex-model2-8f9b659b7-n5fp8          0/1     Terminating         0          47s


PODS UPDATE: test-rolling-update7-ambas    mymodel-mymodel-0-complex-model2-8f9b659b7-n5fp8          0/1     Terminating         0          59s


PODS UPDATE: test-rolling-update7-ambas    mymodel-mymodel-0-complex-model2-8f9b659b7-n5fp8          0/1     Terminating         0          59s


PODS UPDATE: test-rolling-update7-istio    mymodel-mymodel-svc-orch-594fb788ff-nc8bp                 0/1     Pending             0          0s


PODS UPDATE: test-rolling-update7-istio    mymodel-mymodel-0-complex-model-5fbb5996f9-rbxdf          0/1     Pending             0          0seldondeployment.machinelearning.seldon.io "mymodel" deleted
Error from server (NotFound): error when deleting "../resources/graph3svc.json": seldondeployments.machinelearning.seldon.io "mymodel" not found
PASSEDnamespace "test-rolling-update7-istio" deleted

test_rolling_updates.py::TestRollingHttp::test_rolling_update8[ambas] namespace/test-rolling-update8-ambas created
seldondeployment.machinelearning.seldon.io/mymodel created
deployment "mymodel-mymodel-0-complex-model" successfully rolled out
deployment "mymodel-mymodel-svc-orch" successfully rolled out
seldondeployment.machinelearning.seldon.io/mymodel configured
s


PODS UPDATE: test-rolling-update7-istio    mymodel-mymodel-svc-orch-594fb788ff-nc8bp                 0/1     Pending             0          0s


PODS UPDATE: test-rolling-update7-istio    mymodel-mymodel-0-complex-model-5fbb5996f9-rbxdf          0/1     Pending             0          0s


PODS UPDATE: test-rolling-update7-istio    mymodel-mymodel-svc-orch-594fb788ff-nc8bp                 0/1     ContainerCreating   0          0s


PODS UPDATE: test-rolling-update7-istio    mymodel-mymodel-0-complex-model-5fbb5996f9-rbxdf          0/1     ContainerCreating   0          0s


PODS UPDATE: test-rolling-update7-istio    mymodel-mymodel-0-complex-model-5fbb5996f9-rbxdf          0/1     Running             0          2s


PODS UPDATE: test-rolling-update7-istio    mymodel-mymodel-svc-orch-594fb788ff-nc8bp                 0/1     Running             0          2s


PODS UPDATE: test-rolling-update7-istio    mymodel-mymodel-0-complex-model-5fbb5996f9-rbxdf          1/1     Running             0          23s


PODS UPDATE: test-rolling-update7-istio    mymodel-mymodel-svc-orch-594fb788ff-nc8bp                 1/1     Running             0          25s


PODS UPDATE: test-rolling-update7-istio    mymodel-mymodel-svc-orch-589b7bf649-j4kbn                 0/1     Pending             0          0s


PODS UPDATE: test-rolling-update7-istio    mymodel-mymodel-svc-orch-589b7bf649-j4kbn                 0/1     Pending             0          0s


PODS UPDATE: test-rolling-update7-istio    mymodel-mymodel-0-complex-model2-8f9b659b7-7t4xg          0/1     Pending             0          0s


PODS UPDATE: test-rolling-update7-istio    mymodel-mymodel-0-complex-model2-8f9b659b7-7t4xg          0/1     Pending             0          0s


PODS UPDATE: test-rolling-update7-istio    mymodel-mymodel-svc-orch-589b7bf649-j4kbn                 0/1     ContainerCreating   0          0s


PODS UPDATE: test-rolling-update7-istio    mymodel-mymodel-0-complex-model2-8f9b659b7-7t4xg          0/1     ContainerCreating   0          0s


PODS UPDATE: test-rolling-update7-istio    mymodel-mymodel-0-complex-model2-8f9b659b7-7t4xg          0/1     Running             0          2s


PODS UPDATE: test-rolling-update7-istio    mymodel-mymodel-svc-orch-589b7bf649-j4kbn                 0/1     Running             0          2s


PODS UPDATE: test-rolling-update7-istio    mymodel-mymodel-0-complex-model2-8f9b659b7-7t4xg          1/1     Running             0          26s


PODS UPDATE: test-rolling-update7-istio    mymodel-mymodel-svc-orch-589b7bf649-j4kbn                 1/1     Running             0          26s


PODS UPDATE: test-rolling-update7-istio    mymodel-mymodel-svc-orch-594fb788ff-nc8bp                 1/1     Terminating         0          53s


PODS UPDATE: test-rolling-update7-istio    mymodel-mymodel-0-complex-model-5fbb5996f9-rbxdf          1/1     Terminating         0          53s


PODS UPDATE: test-rolling-update7-istio    mymodel-mymodel-svc-orch-589b7bf649-j4kbn                 1/1     Terminating         0          27s


PODS UPDATE: test-rolling-update7-istio    mymodel-mymodel-0-complex-model2-8f9b659b7-7t4xg          1/1     Terminating         0          27s


PODS UPDATE: test-rolling-update7-istio    mymodel-mymodel-svc-orch-589b7bf649-j4kbn                 0/1     Terminating         0          28s


PODS UPDATE: test-rolling-update7-istio    mymodel-mymodel-svc-orch-594fb788ff-nc8bp                 0/1     Terminating         0          55s


PODS UPDATE: test-rolling-update7-istio    mymodel-mymodel-svc-orch-589b7bf649-j4kbn                 0/1     Terminating         0          29s


PODS UPDATE: test-rolling-update7-istio    mymodel-mymodel-svc-orch-589b7bf649-j4kbn                 0/1     Terminating         0          39s


PODS UPDATE: test-rolling-update7-istio    mymodel-mymodel-svc-orch-589b7bf649-j4kbn                 0/1     Terminating         0          39s


PODS UPDATE: test-rolling-update7-istio    mymodel-mymodel-svc-orch-594fb788ff-nc8bp                 0/1     Terminating         0          66s


PODS UPDATE: test-seldondeployment.machinelearning.seldon.io "mymodel" deleted
Error from server (NotFound): error when deleting "../resources/graph4svc.json": seldondeployments.machinelearning.seldon.io "mymodel" not found
PASSEDnamespace "test-rolling-update8-ambas" deleted

test_rolling_updates.py::TestRollingHttp::test_rolling_update8[istio] namespace/test-rolling-update8-istio created
seldondeployment.machinelearning.seldon.io/mymodel created
rolling-update7-istio    mymodel-mymodel-svc-orch-594fb788ff-nc8bp                 0/1     Terminating         0          66s


PODS UPDATE: test-rolling-update7-istio    mymodel-mymodel-0-complex-model-5fbb5996f9-rbxdf          0/1     Terminating         0          75s


PODS UPDATE: test-rolling-update7-istio    mymodel-mymodel-0-complex-model2-8f9b659b7-7t4xg          0/1     Terminating         0          48s


PODS UPDATE: test-rolling-update7-istio    mymodel-mymodel-0-complex-model-5fbb5996f9-rbxdf          0/1     Terminating         0          86s


PODS UPDATE: test-rolling-update7-istio    mymodel-mymodel-0-complex-model-5fbb5996f9-rbxdf          0/1     Terminating         0          86s


PODS UPDATE: test-rolling-update7-istio    mymodel-mymodel-0-complex-model2-8f9b659b7-7t4xg          0/1     Terminating         0          59s


PODS UPDATE: test-rolling-update7-istio    mymodel-mymodel-0-complex-model2-8f9b659b7-7t4xg          0/1     Terminating         0          59s


PODS UPDATE: test-rolling-update8-ambas    mymodel-mymodel-svc-orch-7f6cb6656c-7h9mw                 0/1     Pending             0          0s


PODS UPDATE: test-rolling-update8-ambas    mymodel-mymodel-0-complex-model-5fbb5996f9-vhss2          0/1     Pending             0          0s


PODS UPDATE: test-rolling-update8-ambas    mymodel-mymodel-0-complex-model-5fbb5996f9-vhss2          0/1     Pending             0          0s


PODS UPDATE: test-rolling-update8-ambas    mymodel-mymodel-svc-orch-7f6cb6656c-7h9mw                 0/1     Pending             0          0s


PODS UPDATE: test-rolling-update8-ambas    mymodel-mymodel-0-complex-model-5fbb5996f9-vhss2          0/1     ContainerCreating   0          0s


PODS UPDATE: test-rolling-update8-ambas    mymodel-mymodel-svc-orch-7f6cb6656c-7h9mw                 0/1     ContainerCreating   0          0s


PODS UPDATE: test-rolling-update8-ambas    mymodel-mymodel-svc-orch-7f6cb6656c-7h9mw                 0/1     Running             0          1s


PODS UPDATE: test-rolling-update8-ambas    mymodel-mymodel-0-complex-model-5fbb5996f9-vhss2          0/1     Running             0          2s


PODS UPDATE: test-rolling-update8-ambas    mymodel-mymodel-0-complex-model-5fbb5996f9-vhss2          1/1     Running             0          22s


PODS UPDATE: test-rolling-update8-ambas    mymodel-mymodel-svc-orch-7f6cb6656c-7h9mw                 1/1     Running             0          24s


PODS UPDATE: test-rolling-update8-ambas    mymodel-mymodel-svc-orch-674c7584f6-8s56z                 0/1     Pending             0          0s


PODS UPDATE: test-rolling-update8-ambas    mymodel-mymodel-svc-orch-674c7584f6-8s56z                 0/1     Pending             0          0s


PODS UPDATE: test-rolling-update8-ambas    mymodel-mymodel-0-complex-model-cd9557cc-9bk5c            0/1     Pending             0          0s


PODS UPDATE: test-rolling-update8-ambas    mymodel-mymodel-0-complex-model-cd9557cc-9bk5c            0/1     Pending             0          0s


PODS UPDATE: test-rolling-update8-ambas    mymodel-mymodel-svc-orch-674c7584f6-8s56z                 0/1     ContainerCreating   0          0s


PODS UPDATE: test-rolling-update8-ambas    mymodel-mymodel-0-complex-model-cd9557cc-9bk5c            0/1     ContainerCreating   0          0s


PODS UPDATE: test-rolling-update8-ambas    mymodel-mymodel-0-complex-model-cd9557cc-9bk5c            0/1     Running             0          1s


PODS UPDATE: test-rolling-update8-ambas    mymodel-mymodel-svc-orch-674c7584f6-8s56z                 0/1     Running             0          1s


PODS UPDATE: test-rolling-update8-ambas    mymodel-mymodel-0-complex-model-cd9557cc-9bk5c            1/1     Running             0          22s


PODS UPDATE: test-rolling-update8-ambas    mymodel-mymodel-0-complex-model-5fbb5996f9-vhss2          1/1     Terminating         0          49s


PODS UPDATE: test-rolling-update8-ambas    mymodel-mymodel-svc-orch-674c7584f6-8s56z                 1/1     Running             0          23s


PODS UPDATE: test-rolling-update8-ambas   deployment "mymodel-mymodel-0-complex-model" successfully rolled out
deployment "mymodel-mymodel-svc-orch" successfully rolled out
seldondeployment.machinelearning.seldon.io/mymodel configured
seldondeployment.machinelearning.seldon.io "mymodel" deleted
Error from server (NotFound): error when deleting "../resources/graph4svc.json": seldondeployments.machinelearning.seldon.io "mymodel" not found
PASSEDnamespace "test-rolling-update8-istio" deleted

test_rolling_updates.py::TestRollingHttp::test_rolling_update9[ambas] namespace/test-rolling-update9-ambas created
seldondeployment.machinelearning.seldon.io/mymodel created
 mymodel-mymodel-svc-orch-7f6cb6656c-7h9mw                 1/1     Terminating         0          50s


PODS UPDATE: test-rolling-update8-ambas    mymodel-mymodel-svc-orch-7f6cb6656c-7h9mw                 0/1     Terminating         0          64s


PODS UPDATE: test-rolling-update8-ambas    mymodel-mymodel-svc-orch-7f6cb6656c-7h9mw                 0/1     Terminating         0          65s


PODS UPDATE: test-rolling-update8-ambas    mymodel-mymodel-0-complex-model-5fbb5996f9-vhss2          0/1     Terminating         0          70s


PODS UPDATE: test-rolling-update8-ambas    mymodel-mymodel-0-complex-model-5fbb5996f9-vhss2          0/1     Terminating         0          70s


PODS UPDATE: test-rolling-update8-ambas    mymodel-mymodel-svc-orch-7f6cb6656c-7h9mw                 0/1     Terminating         0          75s


PODS UPDATE: test-rolling-update8-ambas    mymodel-mymodel-svc-orch-7f6cb6656c-7h9mw                 0/1     Terminating         0          75s


PODS UPDATE: test-rolling-update8-ambas    mymodel-mymodel-0-complex-model-5fbb5996f9-vhss2          0/1     Terminating         0          75s


PODS UPDATE: test-rolling-update8-ambas    mymodel-mymodel-0-complex-model-5fbb5996f9-vhss2          0/1     Terminating         0          75s


PODS UPDATE: test-rolling-update8-ambas    mymodel-mymodel-svc-orch-674c7584f6-8s56z                 1/1     Terminating         0          52s


PODS UPDATE: test-rolling-update8-ambas    mymodel-mymodel-0-complex-model-cd9557cc-9bk5c            1/1     Terminating         0          52s


PODS UPDATE: test-rolling-update8-ambas    mymodel-mymodel-svc-orch-674c7584f6-8s56z                 0/1     Terminating         0          63s


PODS UPDATE: test-rolling-update8-ambas    mymodel-mymodel-svc-orch-674c7584f6-8s56z                 0/1     Terminating         0          64s


PODS UPDATE: test-rolling-update8-ambas    mymodel-mymodel-svc-orch-674c7584f6-8s56z                 0/1     Terminating         0          68s


PODS UPDATE: test-rolling-update8-ambas    mymodel-mymodel-svc-orch-674c7584f6-8s56z                 0/1     Terminating         0          68s


PODS UPDATE: test-rolling-update8-ambas    mymodel-mymodel-0-complex-model-cd9557cc-9bk5c            0/1     Terminating         0          72s


PODS UPDATE: test-rolling-update8-ambas    mymodel-mymodel-0-complex-model-cd9557cc-9bk5c            0/1     Terminating         0          78s


PODS UPDATE: test-rolling-update8-ambas    mymodel-mymodel-0-complex-model-cd9557cc-9bk5c            0/1     Terminating         0          78s


PODS UPDATE: test-rolling-update8-istio    mymodel-mymodel-svc-orch-7d88948b66-9kb65                 0/1     Pending             0          0s


PODS UPDATE: test-rolling-update8-istio    mymodel-mymodel-0-complex-model-5fbb5996f9-vs6wb          0/1     Pending             0          0s


PODS UPDATE: test-rolling-update8-istio    mymodel-mymodel-svc-orch-7d88948b66-9kb65                 0/1     Pending             0          0s


PODS UPDATE: test-rolling-update8-istio    mymodel-mymodel-0-complex-model-5fbb5996f9-vs6wb          0/1     Pending             0          0s


PODS UPDATE: test-rolling-update8-istio    mymodel-mymodel-svc-orch-7d88948b66-9kb65                 0/1     ContainerCreating   0          0s


PODS UPDATE: test-rolling-update8-istio    mymodel-mymodel-0-complex-model-5fbb5996f9-vs6wb          0/1     ContainerCreating   0          0s


PODS UPDATE: test-rolling-update8-istio    mymodel-mymodel-svc-orch-7d88948b66-9kb65                 0/1     Running             0          2s


PODS UPDATE: test-rolling-update8-istio    mymodel-mymodel-0-complex-model-5fbb5996f9-vs6wb          0/1     Running             0          2s


PODS UPDATE: test-rolling-update8-istio    mymodel-mymodel-0-complex-model-5fbb5996f9-vs6wb          1/1     Running             0          24s


PODS UPDATE: test-rolling-update8-istio    mymodel-mymodel-svc-orch-7d88948b66-9kb65                 1/1     Running             0          25s


PODS UPDATE: test-rolling-update8-istio    mymodel-mymodeldeployment "mymodel-mymodel-0-complex-model" successfully rolled out
deployment "mymodel-mymodel-svc-orch" successfully rolled out
seldondeployment.machinelearning.seldon.io/mymodel configured
seldondeployment.machinelearning.seldon.io "mymodel" deleted
Error from server (NotFound): error when deleting "../resources/graph5svc.json": seldondeployments.machinelearning.seldon.io "mymodel" not found
PASSED-svc-orch-69564b46d5-tqmkj                 0/1     Pending             0          0s


PODS UPDATE: test-rolling-update8-istio    mymodel-mymodel-svc-orch-69564b46d5-tqmkj                 0/1     Pending             0          0s


PODS UPDATE: test-rolling-update8-istio    mymodel-mymodel-0-complex-model-cd9557cc-vxrkl            0/1     Pending             0          0s


PODS UPDATE: test-rolling-update8-istio    mymodel-mymodel-0-complex-model-cd9557cc-vxrkl            0/1     Pending             0          0s


PODS UPDATE: test-rolling-update8-istio    mymodel-mymodel-svc-orch-69564b46d5-tqmkj                 0/1     ContainerCreating   0          0s


PODS UPDATE: test-rolling-update8-istio    mymodel-mymodel-0-complex-model-cd9557cc-vxrkl            0/1     ContainerCreating   0          0s


PODS UPDATE: test-rolling-update8-istio    mymodel-mymodel-svc-orch-69564b46d5-tqmkj                 0/1     Running             0          1s


PODS UPDATE: test-rolling-update8-istio    mymodel-mymodel-0-complex-model-cd9557cc-vxrkl            0/1     Running             0          1s


PODS UPDATE: test-rolling-update8-istio    mymodel-mymodel-0-complex-model-cd9557cc-vxrkl            1/1     Running             0          23s


PODS UPDATE: test-rolling-update8-istio    mymodel-mymodel-0-complex-model-5fbb5996f9-vs6wb          1/1     Terminating         0          50s


PODS UPDATE: test-rolling-update8-istio    mymodel-mymodel-svc-orch-69564b46d5-tqmkj                 1/1     Running             0          25s


PODS UPDATE: test-rolling-update8-istio    mymodel-mymodel-svc-orch-7d88948b66-9kb65                 1/1     Terminating         0          52s


PODS UPDATE: test-rolling-update8-istio    mymodel-mymodel-svc-orch-7d88948b66-9kb65                 0/1     Terminating         0          53s


PODS UPDATE: test-rolling-update8-istio    mymodel-mymodel-svc-orch-7d88948b66-9kb65                 0/1     Terminating         0          54s


PODS UPDATE: test-rolling-update8-istio    mymodel-mymodel-svc-orch-7d88948b66-9kb65                 0/1     Terminating         0          54s


PODS UPDATE: test-rolling-update8-istio    mymodel-mymodel-0-complex-model-5fbb5996f9-vs6wb          0/1     Terminating         0          70s


PODS UPDATE: test-rolling-update8-istio    mymodel-mymodel-0-complex-model-5fbb5996f9-vs6wb          0/1     Terminating         0          78s


PODS UPDATE: test-rolling-update8-istio    mymodel-mymodel-0-complex-model-cd9557cc-vxrkl            1/1     Terminating         0          51s


PODS UPDATE: test-rolling-update8-istio    mymodel-mymodel-0-complex-model-5fbb5996f9-vs6wb          0/1     Terminating         0          78s


PODS UPDATE: test-rolling-update8-istio    mymodel-mymodel-svc-orch-69564b46d5-tqmkj                 1/1     Terminating         0          51s


PODS UPDATE: test-rolling-update8-istio    mymodel-mymodel-svc-orch-69564b46d5-tqmkj                 0/1     Terminating         0          52s


PODS UPDATE: test-rolling-update8-istio    mymodel-mymodel-svc-orch-69564b46d5-tqmkj                 0/1     Terminating         0          61s


PODS UPDATE: test-rolling-update8-istio    mymodel-mymodel-svc-orch-69564b46d5-tqmkj                 0/1     Terminating         0          61s


PODS UPDATE: test-rolling-update8-istio    mymodel-mymodel-0-complex-model-cd9557cc-vxrkl            0/1     Terminating         0          72s


PODS UPDATE: test-rolling-update8-istio    mymodel-mymodel-0-complex-model-cd9557cc-vxrkl            0/1     Terminating         0          81s


PODS UPDATE: test-rolling-update8-istio    mymodel-mymodel-0-complex-model-cd9557cc-vxrkl            0/1     Terminating         0          81s


PODS UPDATE: test-rolling-update9-ambas    mymodel-mymodel-svc-orch-fffb87896-ddc89                  0/1     Pending             0          0s


PODS UPDATE: test-rolling-update9-ambas    mymodel-mymodel-0-complex-model-5fbb5996f9-fdwg2          0/1     Pending             0          0s


PODS UPDATE: test-rolling-update9-ambas    mymodel-mymodel-svc-orch-fffb87896-ddc89                  0/1     Pending             0          0s


PODS UPDATE: test-rolling-update9-ambas    mymodel-mymodel-0-complex-model-5fbb5996f9-fdwg2          0/1     Pending             0          0s


PODS UPDATE: test-rolling-update9-ambas    mymodel-mymodel-svc-orch-fffb87896-ddc89                  0/1     ContainerCreating   0          0s


PODS UPDATE: test-rolling-update9-ambas    mymodel-mymodel-0-complex-model-5fbb5996f9-fdwg2          0/1     ContainerCreating   0          0s


PODS UPDATE: test-rolling-update9-ambas    mymodel-mymodel-0-complex-model-5fbb5996f9-fdwg2          0/1     Running             0          2s


PODS UPDATE: test-rolling-update9-ambas    mymodel-mymodel-svc-orch-fffb87896-ddc89                  0/1     Running             0          2s


PODS UPDATE: test-rolling-update9-ambas    mymodel-mymodel-0-complex-model-5fbb5996f9-fdwg2          1/1     Running             0          25s


PODS UPDATE: test-rolling-update9-ambas    mymodel-mymodel-svc-orch-fffb87896-ddc89                  1/1     Running             0          26s


PODS UPDATE: test-rolling-update9-ambas    mymodel-mymodel-svc-orch-5f8dd5755-7ptwv                  0/1     Pending             0          0s


PODS UPDATE: test-rolling-update9-ambas    mymodel-mymodel-0-model1-7d478d4b9c-vhl4b                 0/1     Pending             0          0s


PODS UPDATE: test-rolling-update9-ambas    mymodel-mymodel-svc-orch-5f8dd5755-7ptwv                  0/1     Pending             0          0s


PODS UPDATE: test-rolling-update9-ambas    mymodel-mymodel-0-model1-7d478d4b9c-vhl4b                 0/1     Pending             0          0s


PODS UPDATE: test-rolling-update9-ambas    mymodel-mymodel-1-model2-599c98db76-rn77z                 0/1     Pending             0          0s


PODS UPDATE: test-rolling-update9-ambas    mymodel-mymodel-1-model2-599c98db76-rn77z                 0/1     Pending             0          0s


PODS UPDATE: test-rolling-update9-ambas    mymodel-mymodel-svc-orch-5f8dd5755-7ptwv                  0/1     ContainerCreating   0          0s


PODS UPDATE: test-rolling-update9-ambas    mymodel-mymodel-0-model1-7d478d4b9c-vhl4b                 0/1     ContainerCreating   0          0s


PODS UPDATE: test-rolling-update9-ambas    mymodel-mymodel-1-model2-599c98db76-rn77z                 0/1     ContainerCreating   0          0s


PODS UPDATE: test-rolling-update9-ambas    mymodel-mymodel-1-model2-599c98db76-rn77z                 0/1     Running             0          2s


PODS UPDATE: test-rolling-update9-ambas    mymodel-mymodel-0-model1-7d478d4b9c-vhl4b                 0/1     Running             0          2s


PODS UPDATE: test-rolling-update9-ambas    mymodel-mymodel-svc-orch-5f8dd5755-7ptwv                  0/1     Running             0          2s


PODS UPDATE: test-rolling-update9-ambas    mymodel-mymodel-1-model2-599c98db76-rn77z                 1/1     Running             0          21s


PODS UPDATE: test-rolling-update9-ambas    mymodel-mymodel-0-model1-7d478d4b9c-vhl4b                 1/1     Running             0          23s


PODS UPDATE: test-rolling-update9-ambas    mymodel-mymodel-svc-orch-5f8dd5755-7ptwv                  1/1     Running             0          27s


PODS UPDATE: test-rolling-update9-ambas    mymodel-mymodel-svc-orch-fffb87896-ddc89                  1/1     Terminating         0          59s


PODS UPDATE: test-rolling-update9-ambas    mymodel-mymodel-0-complex-model-5fbb5996f9-fdwg2          1/1     Terminating         0          59s


PODS UPDATE: test-rolling-update9-ambas    mymodel-mymodel-svc-orch-fffb87896-ddc89                  0/1     Terminating         0          60s


PODS UPDATE: test-rolling-update9-ambas    mymodel-mymodel-svc-orch-fffb87896-ddc89                  0/1     Terminating         0          68s


PODS UPDATE: test-rolling-update9-ambas    mymodel-mymodel-svc-orch-fffb87896-ddc89                  0/1     Terminating         0          68s


PODS UPDATE: test-rolling-update9-ambas    mymodel-mymodel-0-complex-model-5fbb5996f9-fdwg2          0namespace "test-rolling-update9-ambas" deleted

test_rolling_updates.py::TestRollingHttp::test_rolling_update9[istio] namespace/test-rolling-update9-istio created
seldondeployment.machinelearning.seldon.io/mymodel created
deployment "mymodel-mymodel-0-complex-model" successfully rolled out
deployment "mymodel-mymodel-svc-orch" successfully rolled out
seldondeployment.machinelearning.seldon.io/mymodel configured
/1     Terminating         0          80s


PODS UPDATE: test-rolling-update9-ambas    mymodel-mymodel-svc-orch-5f8dd5755-7ptwv                  1/1     Terminating         0          51s


PODS UPDATE: test-rolling-update9-ambas    mymodel-mymodel-0-model1-7d478d4b9c-vhl4b                 1/1     Terminating         0          51s


PODS UPDATE: test-rolling-update9-ambas    mymodel-mymodel-1-model2-599c98db76-rn77z                 1/1     Terminating         0          51s


PODS UPDATE: test-rolling-update9-ambas    mymodel-mymodel-svc-orch-5f8dd5755-7ptwv                  0/1     Terminating         0          52s


PODS UPDATE: test-rolling-update9-ambas    mymodel-mymodel-svc-orch-5f8dd5755-7ptwv                  0/1     Terminating         0          56s


PODS UPDATE: test-rolling-update9-ambas    mymodel-mymodel-svc-orch-5f8dd5755-7ptwv                  0/1     Terminating         0          56s


PODS UPDATE: test-rolling-update9-ambas    mymodel-mymodel-0-complex-model-5fbb5996f9-fdwg2          0/1     Terminating         0          88s


PODS UPDATE: test-rolling-update9-ambas    mymodel-mymodel-0-complex-model-5fbb5996f9-fdwg2          0/1     Terminating         0          88s


PODS UPDATE: test-rolling-update9-ambas    mymodel-mymodel-0-model1-7d478d4b9c-vhl4b                 0/1     Terminating         0          72s


PODS UPDATE: test-rolling-update9-ambas    mymodel-mymodel-1-model2-599c98db76-rn77z                 0/1     Terminating         0          72s


PODS UPDATE: test-rolling-update9-ambas    mymodel-mymodel-1-model2-599c98db76-rn77z                 0/1     Terminating         0          72s


PODS UPDATE: test-rolling-update9-ambas    mymodel-mymodel-1-model2-599c98db76-rn77z                 0/1     Terminating         0          76s


PODS UPDATE: test-rolling-update9-ambas    mymodel-mymodel-1-model2-599c98db76-rn77z                 0/1     Terminating         0          76s


PODS UPDATE: test-rolling-update9-ambas    mymodel-mymodel-0-model1-7d478d4b9c-vhl4b                 0/1     Terminating         0          76s


PODS UPDATE: test-rolling-update9-ambas    mymodel-mymodel-0-model1-7d478d4b9c-vhl4b                 0/1     Terminating         0          76s


PODS UPDATE: test-rolling-update9-istio    mymodel-mymodel-svc-orch-85f4b9ffbf-7qmsk                 0/1     Pending             0          0s


PODS UPDATE: test-rolling-update9-istio    mymodel-mymodel-0-complex-model-5fbb5996f9-mzbtl          0/1     Pending             0          0s


PODS UPDATE: test-rolling-update9-istio    mymodel-mymodel-svc-orch-85f4b9ffbf-7qmsk                 0/1     Pending             0          0s


PODS UPDATE: test-rolling-update9-istio    mymodel-mymodel-0-complex-model-5fbb5996f9-mzbtl          0/1     Pending             0          0s


PODS UPDATE: test-rolling-update9-istio    mymodel-mymodel-svc-orch-85f4b9ffbf-7qmsk                 0/1     ContainerCreating   0          0s


PODS UPDATE: test-rolling-update9-istio    mymodel-mymodel-0-complex-model-5fbb5996f9-mzbtl          0/1     ContainerCreating   0          0s


PODS UPDATE: test-rolling-update9-istio    mymodel-mymodel-svc-orch-85f4b9ffbf-7qmsk                 0/1     Running             0          1s


PODS UPDATE: test-rolling-update9-istio    mymodel-mymodel-0-complex-model-5fbb5996f9-mzbtl          0/1     Running             0          2s


PODS UPDATE: test-rolling-update9-istio    mymodel-mymodel-0-complex-model-5fbb5996f9-mzbtl          1/1     Running             0          23s


PODS UPDATE: test-rolling-update9-istio    mymodel-mymodel-svc-orch-85f4b9ffbf-7qmsk                 1/1     Running             0          24s


PODS UPDATE: test-rolling-update9-istio    mymodel-mymodel-svc-orch-7f6d8c7475-chmnv                 0/1     Pending             0          0s


PODS UPDATE: test-rolling-update9-istio    mymodel-mymodel-svc-orch-7f6d8c7475-chmnv                 0/1     Pending             0          0s


PODS UPDATE: test-rolling-update9-istio    mymodel-mymodel-0-model1-7d478d4b9c-7flsw                 0/1     Pending    seldondeployment.machinelearning.seldon.io "mymodel" deleted
Error from server (NotFound): error when deleting "../resources/graph5svc.json": seldondeployments.machinelearning.seldon.io "mymodel" not found
PASSEDnamespace "test-rolling-update9-istio" deleted

test_rolling_updates.py::TestRollingHttp::test_rolling_update10[ambas] namespace/test-rolling-update10-ambas created
seldondeployment.machinelearning.seldon.io/mymodel created
         0          0s


PODS UPDATE: test-rolling-update9-istio    mymodel-mymodel-svc-orch-7f6d8c7475-chmnv                 0/1     ContainerCreating   0          0s


PODS UPDATE: test-rolling-update9-istio    mymodel-mymodel-0-model1-7d478d4b9c-7flsw                 0/1     Pending             0          0s


PODS UPDATE: test-rolling-update9-istio    mymodel-mymodel-1-model2-599c98db76-57fjp                 0/1     Pending             0          0s


PODS UPDATE: test-rolling-update9-istio    mymodel-mymodel-1-model2-599c98db76-57fjp                 0/1     Pending             0          0s


PODS UPDATE: test-rolling-update9-istio    mymodel-mymodel-0-model1-7d478d4b9c-7flsw                 0/1     ContainerCreating   0          0s


PODS UPDATE: test-rolling-update9-istio    mymodel-mymodel-1-model2-599c98db76-57fjp                 0/1     ContainerCreating   0          0s


PODS UPDATE: test-rolling-update9-istio    mymodel-mymodel-0-model1-7d478d4b9c-7flsw                 0/1     Running             0          2s


PODS UPDATE: test-rolling-update9-istio    mymodel-mymodel-1-model2-599c98db76-57fjp                 0/1     Running             0          2s


PODS UPDATE: test-rolling-update9-istio    mymodel-mymodel-svc-orch-7f6d8c7475-chmnv                 0/1     Running             0          2s


PODS UPDATE: test-rolling-update9-istio    mymodel-mymodel-1-model2-599c98db76-57fjp                 1/1     Running             0          23s


PODS UPDATE: test-rolling-update9-istio    mymodel-mymodel-0-model1-7d478d4b9c-7flsw                 1/1     Running             0          25s


PODS UPDATE: test-rolling-update9-istio    mymodel-mymodel-svc-orch-7f6d8c7475-chmnv                 1/1     Running             0          27s


PODS UPDATE: test-rolling-update9-istio    mymodel-mymodel-svc-orch-85f4b9ffbf-7qmsk                 1/1     Terminating         0          54s


PODS UPDATE: test-rolling-update9-istio    mymodel-mymodel-0-complex-model-5fbb5996f9-mzbtl          1/1     Terminating         0          55s


PODS UPDATE: test-rolling-update9-istio    mymodel-mymodel-svc-orch-85f4b9ffbf-7qmsk                 0/1     Terminating         0          55s


PODS UPDATE: test-rolling-update9-istio    mymodel-mymodel-svc-orch-85f4b9ffbf-7qmsk                 0/1     Terminating         0          59s


PODS UPDATE: test-rolling-update9-istio    mymodel-mymodel-svc-orch-85f4b9ffbf-7qmsk                 0/1     Terminating         0          59s


PODS UPDATE: test-rolling-update9-istio    mymodel-mymodel-0-complex-model-5fbb5996f9-mzbtl          0/1     Terminating         0          76s


PODS UPDATE: test-rolling-update9-istio    mymodel-mymodel-0-complex-model-5fbb5996f9-mzbtl          0/1     Terminating         0          77s


PODS UPDATE: test-rolling-update9-istio    mymodel-mymodel-0-complex-model-5fbb5996f9-mzbtl          0/1     Terminating         0          77s


PODS UPDATE: test-rolling-update9-istio    mymodel-mymodel-svc-orch-7f6d8c7475-chmnv                 1/1     Terminating         0          51s


PODS UPDATE: test-rolling-update9-istio    mymodel-mymodel-0-model1-7d478d4b9c-7flsw                 1/1     Terminating         0          51s


PODS UPDATE: test-rolling-update9-istio    mymodel-mymodel-1-model2-599c98db76-57fjp                 1/1     Terminating         0          51s


PODS UPDATE: test-rolling-update9-istio    mymodel-mymodel-svc-orch-7f6d8c7475-chmnv                 0/1     Terminating         0          52s


PODS UPDATE: test-rolling-update9-istio    mymodel-mymodel-svc-orch-7f6d8c7475-chmnv                 0/1     Terminating         0          62s


PODS UPDATE: test-rolling-update9-istio    mymodel-mymodel-svc-orch-7f6d8c7475-chmnv                 0/1     Terminating         0          62s


PODS UPDATE: test-rolling-update9-istio    mymodel-mymodel-1-model2-599c98db76-57fjp                 0/1     Terminating         0          72s


PODS UPDATE: test-rolling-update9-istio    mymodel-mymodel-0-model1-7d478d4b9c-7flsw                 0/1     Terminating         0        deployment "mymodel-mymodel-0-complex-model" successfully rolled out
deployment "mymodel-mymodel-svc-orch" successfully rolled out
seldondeployment.machinelearning.seldon.io/mymodel configured
seldondeployment.machinelearning.seldon.io "mymodel" deleted
Error from server (NotFound): error when deleting "../resources/graph6svc.json": seldondeployments.machinelearning.seldon.io "mymodel" not found
PASSEDnamespace "test-rolling-update10-ambas" deleted
  72s


PODS UPDATE: test-rolling-update9-istio    mymodel-mymodel-1-model2-599c98db76-57fjp                 0/1     Terminating         0          73s


PODS UPDATE: test-rolling-update9-istio    mymodel-mymodel-1-model2-599c98db76-57fjp                 0/1     Terminating         0          82s


PODS UPDATE: test-rolling-update9-istio    mymodel-mymodel-1-model2-599c98db76-57fjp                 0/1     Terminating         0          82s


PODS UPDATE: test-rolling-update9-istio    mymodel-mymodel-0-model1-7d478d4b9c-7flsw                 0/1     Terminating         0          82s


PODS UPDATE: test-rolling-update9-istio    mymodel-mymodel-0-model1-7d478d4b9c-7flsw                 0/1     Terminating         0          82s


PODS UPDATE: test-rolling-update10-ambas   mymodel-mymodel-svc-orch-6cb9dd5c78-qtlpn                 0/1     Pending             0          0s


PODS UPDATE: test-rolling-update10-ambas   mymodel-mymodel-svc-orch-6cb9dd5c78-qtlpn                 0/1     Pending             0          0s


PODS UPDATE: test-rolling-update10-ambas   mymodel-mymodel-svc-orch-6cb9dd5c78-qtlpn                 0/1     ContainerCreating   0          0s


PODS UPDATE: test-rolling-update10-ambas   mymodel-mymodel-0-complex-model-5fbb5996f9-vghqm          0/1     Pending             0          0s


PODS UPDATE: test-rolling-update10-ambas   mymodel-mymodel-0-complex-model-5fbb5996f9-vghqm          0/1     Pending             0          0s


PODS UPDATE: test-rolling-update10-ambas   mymodel-mymodel-0-complex-model-5fbb5996f9-vghqm          0/1     ContainerCreating   0          0s


PODS UPDATE: test-rolling-update10-ambas   mymodel-mymodel-svc-orch-6cb9dd5c78-qtlpn                 0/1     Running             0          1s


PODS UPDATE: test-rolling-update10-ambas   mymodel-mymodel-0-complex-model-5fbb5996f9-vghqm          0/1     Running             0          2s


PODS UPDATE: test-rolling-update10-ambas   mymodel-mymodel-0-complex-model-5fbb5996f9-vghqm          1/1     Running             0          23s


PODS UPDATE: test-rolling-update10-ambas   mymodel-mymodel-svc-orch-6cb9dd5c78-qtlpn                 1/1     Running             0          26s


PODS UPDATE: test-rolling-update10-ambas   mymodel-mymodel-canary-svc-orch-67b877c7b6-xx2ht          0/1     Pending             0          0s


PODS UPDATE: test-rolling-update10-ambas   mymodel-mymodel-canary-0-complex-model-75f685ff66-qbrhn   0/1     Pending             0          0s


PODS UPDATE: test-rolling-update10-ambas   mymodel-mymodel-canary-svc-orch-67b877c7b6-xx2ht          0/1     Pending             0          0s


PODS UPDATE: test-rolling-update10-ambas   mymodel-mymodel-canary-0-complex-model-75f685ff66-qbrhn   0/1     Pending             0          0s


PODS UPDATE: test-rolling-update10-ambas   mymodel-mymodel-canary-svc-orch-67b877c7b6-xx2ht          0/1     ContainerCreating   0          0s


PODS UPDATE: test-rolling-update10-ambas   mymodel-mymodel-canary-0-complex-model-75f685ff66-qbrhn   0/1     ContainerCreating   0          0s


PODS UPDATE: test-rolling-update10-ambas   mymodel-mymodel-canary-0-complex-model-75f685ff66-qbrhn   0/1     Running             0          2s


PODS UPDATE: test-rolling-update10-ambas   mymodel-mymodel-canary-svc-orch-67b877c7b6-xx2ht          0/1     Running             0          2s


PODS UPDATE: test-rolling-update10-ambas   mymodel-mymodel-canary-0-complex-model-75f685ff66-qbrhn   1/1     Running             0          23s


PODS UPDATE: test-rolling-update10-ambas   mymodel-mymodel-canary-svc-orch-67b877c7b6-xx2ht          1/1     Running             0          26s


PODS UPDATE: test-rolling-update10-ambas   mymodel-mymodel-svc-orch-6cb9dd5c78-qtlpn                 1/1     Terminating         0          66s


PODS UPDATE: test-rolling-update10-ambas   mymodel-mymodel-canary-0-complex-model-75f685ff66-qbrhn   1/1     Terminating         0          34s


PODS UPDATE: test-rolling-update10-ambas   mymodel-mymodel-0-complex-model-5fbb5996f9-vghqm          1/1     Terminating         0          66s


PODS UPDATE: test-rolling-update10-ambas   mymodel-mymodel-canary-svc-orch-67b877c7b6-xx2ht          1/1     Terminating         0          34s


PODS UPDATE: test-rolling-update10-ambas   mymodel-mymodel-svc-orch-6cb9dd5c78-qtlpn                 0/1     Terminating         0          67s


PODS UPDATE: test-rolling-update10-ambas   mymodel-mymodel-canary-svc-orch-67b877c7b6-xx2ht          0/1     Terminating         0          35s


PODS UPDATE: test-rolling-update10-ambas   mymodel-mymodel-svc-orch-6cb9dd5c78-qtlpn                 0/1     Terminating         0          67s


PODS UPDATE: test-rolling-update10-ambas   mymodel-mymodel-svc-orch-6cb9dd5c78-qtlpn                 0/1     Terminating         0          68s


PODS UPDATE: test-rolling-update10-ambas   mymodel-mymodel-canary-svc-orch-67b877c7b6-xx2ht          0/1     Terminating         0          36s


PODS UPDATE: test-rolling-update10-ambas   mymodel-mymodel-canary-svc-orch-67b877c7b6-xx2ht          0/1     Terminating         0          36s


PODS UPDATE: test-rolling-update10-ambas   mymodel-mymodel-canary-svc-orch-67b877c7b6-xx2ht          0/1     Terminating         0          36s


PODS UPDATE: test-rolling-update10-ambas   mymodel-mymodel-svc-orch-6cb9dd5c78-qtlpn                 0/1     Terminating         0          74s


PODS UPDATE: test-rolling-update10-ambas   mymodel-mymodel-svc-orch-6cb9dd5c78-qtlpn                 0/1     Terminating         0          74s


test_rolling_updates.py::TestRollingHttp::test_rolling_update10[istio] namespace/test-rolling-update10-istio created
seldondeployment.machinelearning.seldon.io/mymodel created
deployment "mymodel-mymodel-0-complex-model" successfully rolled out
deployment "mymodel-mymodel-svc-orch" successfully rolled out
seldondeployment.machinelearning.seldon.io/mymodel configured
seldondeployment.machinelearning.seldon.io "mymodel" deleted
Error from server (NotFound): error when deleting "../resources/graph6svc.json": seldondeployments.machinelearning.seldon.io "mymodel" not found
PASSEDnamespace "test-rolling-update10-istio" deleted

test_s2i_python.py::TestPythonS2i::test_build_router_rest ---> Installing application source...
Collecting pip-licenses
Downloading https://files.pythonhosted.org/packages/c5/50/6c4b4e69a0c43bd9f03a30579695093062ba72da4e3e4026cd2144dbcc71/pip_licenses-2.3.0-py3-none-any.whl
Collecting PTable (from pip-licenses)
Downloading https://files.pythonhosted.org/packages/ab/b3/b54301811173ca94119eb474634f120a49cd370f257d1aae5a4abaf12729/PTable-0.9.2.tar.gz
Building wheels for collected packages: PTable
Building wheel for PTable (setup.py): started
Building wheel for PTable (setup.py): finished with status 'done'
Created wheel for PTable: filename=PTable-0.9.2-cp37-none-any.whl size=22906 sha256=8b97647f025b883c1eee7d50579134cffb07932823d1e20ca61ada86f036b9dc
Stored in directory: /root/.cache/pip/wheels/22/cc/2e/55980bfe86393df3e9896146a01f6802978d09d7ebcba5ea56
Successfully built PTable
Installing collected packages: PTable, pip-licenses
Successfully installed PTable-0.9.2 pip-licenses-2.3.0
created path: ./licenses/license_info.csv
created path: ./licenses/license.txt
Build completed successfully
e0306c8ffdd3a73442afc962733e605a2d21187386800431278f6373acea13b8
router-rest
PASSED
test_s2i_python.py::TestPythonS2i::test_build_router_grpc ---> Installing application source...
Collecting pip-licenses
Downloading https://files.pythonhosted.org/packages/c5/50/6c4b4e69a0c43bd9f03a30579695093062ba72da4e3e4026cd2144dbcc71/pip_licenses-2.3.0-py3-none-any.whl
Collecting PTable (from pip-licenses)
Downloading https://files.pythonhosted.org/packages/ab/b3/b54301811173ca94119eb474634f120a49cd370f257d1aae5a4abaf12729/PTable-0.9.2.tar.gz
Building wheels for collected packages: PTable
Building wheel for PTable (setup.py): started
Building wheel for PTable (setup.py): finished with status 'done'
Created wheel for PTable: filename=PTable-0.9.2-cp37-none-any.whl size=22906 sha256=8ec67783b0279f486f6ccf9db40a94baa2a4b1bca852152bb9be18716cbbc2a2
Stored in directory: /root/.cache/pip/wheels/22/cc/2e/55980bfe86393df3e9896146a01f6802978d09d7ebcba5ea56
Successfully built PTable
Installing collected packages: PTable, pip-licenses
Successfully installed PTable-0.9.2 pip-licenses-2.3.0
created path: ./licenses/license_info.csv
created path: ./licenses/license.txt
Build completed successfully
7a44035c5e1c91f457ac7313a56e8074c660c14c4874766d117bda510aec4aa2
router-grpc
PASSED
test_s2i_python.py::TestPythonS2i::test_build_model_rest ---> Installing application source...
Collecting pip-licenses
Downloading https://files.pythonhosted.org/packages/c5/50/6c4b4e69a0c43bd9f03a30579695093062ba72da4e3e4026cd2144dbcc71/pip_licenses-2.3.0-py3-none-any.whl
Collecting PTable (from pip-licenses)
Downloading https://files.pythonhosted.org/packages/ab/b3/b54301811173ca94119eb474634f120a49cd370f257d1aae5a4abaf12729/PTable-0.9.2.tar.gz
Building wheels for collected packages: PTable
Building wheel for PTable (setup.py): started
Building wheel for PTable (setup.py): finished with status 'done'
Created wheel for PTable: filename=PTable-0.9.2-cp37-none-any.whl size=22906 sha256=1e6e63e1030bf86a2147d57fc2bb491f5dc11aa06b7abb6e99a01a8c4f456a91
Stored in directory: /root/.cache/pip/wheels/22/cc/2e/55980bfe86393df3e9896146a01f6802978d09d7ebcba5ea56
Successfully built PTable
Installing collected packages: PTable, pip-licenses
Successfully installed PTable-0.9.2 pip-licenses-2.3.0
created path: ./licenses/license_info.csv
created path: ./licenses/license.txt
Build completed successfully
cab3da6d4f9868ad22cf7cdca86090e36c60f919830151aa5e058ff9d090c166
model-rest
PASSED
test_s2i_python.py::TestPythonS2i::test_build_model_grpc ---> Installing application source...
Collecting pip-licenses
Downloading https://files.pythonhosted.org/packages/c5/50/6c4b4e69a0c43bd9f03a30579695093062ba72da4e3e4026cd2144dbcc71/pip_licenses-2.3.0-py3-none-any.whl
Collecting PTable (from pip-licenses)
Downloading https://files.pythonhosted.org/packages/ab/b3/b54301811173ca94119eb474634f120a49cd370f257d1aae5a4abaf12729/PTable-0.9.2.tar.gz
Building wheels for collected packages: PTable
Building wheel for PTable (setup.py): started
Building wheel for PTable (setup.py): finished with status 'done'
Created wheel for PTable: filename=PTable-0.9.2-cp37-none-any.whl size=22906 sha256=56674d61c31b5739a63134a6edaa64e93cb6b43494b9c325b441cdad7b617581
Stored in directory: /root/.cache/pip/wheels/22/cc/2e/55980bfe86393df3e9896146a01f6802978d09d7ebcba5ea56
Successfully built PTable
Installing collected packages: PTable, pip-licenses
Successfully installed PTable-0.9.2 pip-licenses-2.3.0
created path: ./licenses/license_info.csv
created path: ./licenses/license.txt
Build completed successfully
482131e16fce3ed6779eea7f9e904d8bb3a4fef94db24f95b619a77d28a20351
model-grpc
PASSED
test_s2i_python.py::TestPythonS2i::test_build_transformer_rest ---> Installing application source...
Collecting pip-licenses
Downloading https://files.pythonhosted.org/packages/c5/50/6c4b4e69a0c43bd9f03a30579695093062ba72da4e3e4026cd2144dbcc71/pip_licenses-2.3.0-py3-none-any.whl
Collecting PTable (from pip-licenses)
Downloading https://files.pythonhosted.org/packages/ab/b3/b54301811173ca94119eb474634f120a49cd370f257d1aae5a4abaf12729/PTable-0.9.2.tar.gz
Building wheels for collected packages: PTable
Building wheel for PTable (setup.py): started
Building wheel for PTable (setup.py): finished with status 'done'
Created wheel for PTable: filename=PTable-0.9.2-cp37-none-any.whl size=22906 sha256=77e473410ba12ed89c3838ad192fe1dbe15afacfce8e36d1ea32f266485c636f
Stored in directory: /root/.cache/pip/wheels/22/cc/2e/55980bfe86393df3e9896146a01f6802978d09d7ebcba5ea56
Successfully built PTable
Installing collected packages: PTable, pip-licenses
Successfully installed PTable-0.9.2 pip-licenses-2.3.0
created path: ./licenses/license_info.csv
created path: ./licenses/license.txt
Build completed successfully
308e4d36d52401842e383e5da375eb135f0145967d52bfa7f6b60620343aaedc
transformer-rest
PASSED
test_s2i_python.py::TestPythonS2i::test_build_transformer_grpc ---> Installing application source...
Collecting pip-licenses
Downloading https://files.pythonhosted.org/packages/c5/50/6c4b4e69a0c43bd9f03a30579695093062ba72da4e3e4026cd2144dbcc71/pip_licenses-2.3.0-py3-none-any.whl
Collecting PTable (from pip-licenses)
Downloading https://files.pythonhosted.org/packages/ab/b3/b54301811173ca94119eb474634f120a49cd370f257d1aae5a4abaf12729/PTable-0.9.2.tar.gz
Building wheels for collected packages: PTable
Building wheel for PTable (setup.py): started
Building wheel for PTable (setup.py): finished with status 'done'
Created wheel for PTable: filename=PTable-0.9.2-cp37-none-any.whl size=22906 sha256=f366079ca5863797de8f0d6bab57b8037d028cdfb382203880124b99fdc89031
Stored in directory: /root/.cache/pip/wheels/22/cc/2e/55980bfe86393df3e9896146a01f6802978d09d7ebcba5ea56
Successfully built PTable
Installing collected packages: PTable, pip-licenses
Successfully installed PTable-0.9.2 pip-licenses-2.3.0
created path: ./licenses/license_info.csv
created path: ./licenses/license.txt
Build completed successfully
9c388497a9d99296b2832d44934e350fd957e880d4c63b1fbd81e705607367bd
transformer-grpc
PASSED
test_s2i_python.py::TestPythonS2i::test_build_combiner_rest ---> Installing application source...
Collecting pip-licenses
Downloading https://files.pythonhosted.org/packages/c5/50/6c4b4e69a0c43bd9f03a30579695093062ba72da4e3e4026cd2144dbcc71/pip_licenses-2.3.0-py3-none-any.whl
Collecting PTable (from pip-licenses)
Downloading https://files.pythonhosted.org/packages/ab/b3/b54301811173ca94119eb474634f120a49cd370f257d1aae5a4abaf12729/PTable-0.9.2.tar.gz
Building wheels for collected packages: PTable
Building wheel for PTable (setup.py): started
Building wheel for PTable (setup.py): finished with status 'done'
Created wheel for PTable: filename=PTable-0.9.2-cp37-none-any.whl size=22906 sha256=62ba0542149c34f2a6871acadb321ddfe07d946e896fcf7ff9f0bf8de0c06ef5
Stored in directory: /root/.cache/pip/wheels/22/cc/2e/55980bfe86393df3e9896146a01f6802978d09d7ebcba5ea56
Successfully built PTable
Installing collected packages: PTable, pip-licenses
Successfully installed PTable-0.9.2 pip-licenses-2.3.0
created path: ./licenses/license_info.csv
created path: ./licenses/license.txt
Build completed successfully
805974af65615d21bfe1a08ca77f8fe510873f6b1968ad9ca450828eecc5582c
combiner-rest
PASSED
test_s2i_python.py::TestPythonS2i::test_build_combiner_grpc ---> Installing application source...
Collecting pip-licenses
Downloading https://files.pythonhosted.org/packages/c5/50/6c4b4e69a0c43bd9f03a30579695093062ba72da4e3e4026cd2144dbcc71/pip_licenses-2.3.0-py3-none-any.whl
Collecting PTable (from pip-licenses)
Downloading https://files.pythonhosted.org/packages/ab/b3/b54301811173ca94119eb474634f120a49cd370f257d1aae5a4abaf12729/PTable-0.9.2.tar.gz
Building wheels for collected packages: PTable
Building wheel for PTable (setup.py): started
Building wheel for PTable (setup.py): finished with status 'done'
Created wheel for PTable: filename=PTable-0.9.2-cp37-none-any.whl size=22906 sha256=31cad4bd1c0bf3f48b9323e2c7b66b9548d6218bc8198e2b26e87574e88167cb
Stored in directory: /root/.cache/pip/wheels/22/cc/2e/55980bfe86393df3e9896146a01f6802978d09d7ebcba5ea56
Successfully built PTable
Installing collected packages: PTable, pip-licenses
Successfully installed PTable-0.9.2 pip-licenses-2.3.0
created path: ./licenses/license_info.csv
created path: ./licenses/license.txt
Build completed successfully
7457fc0a4887f9c5c613cb733179f19560265b62ec7c63fe6e57a874c477af73
combiner-grpc
PASSED
test_s2i_python.py::TestPythonS2iK8s::test_model_rest namespace/test-model-rest created
---> Installing application source...
Collecting pip-licenses
Downloading https://files.pythonhosted.org/packages/c5/50/6c4b4e69a0c43bd9f03a30579695093062ba72da4e3e4026cd2144dbcc71/pip_licenses-2.3.0-py3-none-any.whl
Collecting PTable (from pip-licenses)
Downloading https://files.pythonhosted.org/packages/ab/b3/b54301811173ca94119eb474634f120a49cd370f257d1aae5a4abaf12729/PTable-0.9.2.tar.gz
Building wheels for collected packages: PTable
Building wheel for PTable (setup.py): started
Building wheel for PTable (setup.py): finished with status 'done'
Created wheel for PTable: filename=PTable-0.9.2-cp37-none-any.whl size=22906 sha256=a509520c1708b4f763a24ed48eb79bd6072f75b40273ef4459f1ff9cfd47179d
Stored in directory: /root/.cache/pip/wheels/22/cc/2e/55980bfe86393df3e9896146a01f6802978d09d7ebcba5ea56
Successfully built PTable
Installing collected packages: PTable, pip-licenses
Successfully installed PTable-0.9.2 pip-licenses-2.3.0
created path: ./licenses/license_info.csv
created path: ./licenses/license.txt
Build completed successfully
Image: "seldonio/testmodel_rest:0.1" with ID "sha256:cdc15cc23a39673546b94236c8a00851ae7aea2a67f9fbb5a3f30d76bc0f832b" not present on node "kind-control-plane"
Image: "seldonio/testmodel_rest:0.1" with ID "sha256:cdc15cc23a39673546b94236c8a00851ae7aea2a67f9fbb5a3f30d76bc0f832b" not present on node "kind-worker"
seldondeployment.machinelearning.seldon.io/mymodel created
deployment "mymodel-mymodel-0-model" successfully rolled out
seldondeployment.machinelearning.seldon.io "mymodel" deleted
PASSEDnamespace "test-model-rest" deleted

test_s2i_python.py::TestPythonS2iK8s::test_model_rest_non200 namespace/test-model-rest-non200 created
---> Installing application source...
Collecting pip-licenses
Downloading https://files.pythonhosted.org/packages/c5/50/6c4b4e69a0c43bd9f03a30579695093062ba72da4e3e4026cd2144dbcc71/pip_licenses-2.3.0-py3-none-any.whl
Collecting PTable (from pip-licenses)
Downloading https://files.pythonhosted.org/packages/ab/b3/b54301811173ca94119eb474634f120a49cd370f257d1aae5a4abaf12729/PTable-0.9.2.tar.gz
Building wheels for collected packages: PTable
Building wheel for PTable (setup.py): started
Building wheel for PTable (setup.py): finished with status 'done'
Created wheel for PTable: filename=PTable-0.9.2-cp37-none-any.whl size=22906 sha256=a7a3032a96ab37f91740d5de3db2630266b6630f11a930e0ac3db9f534df8229
Stored in directory: /root/.cache/pip/wheels/22/cc/2e/55980bfe86393df3e9896146a01f6802978d09d7ebcba5ea56
Successfully built PTable
Installing collected packages: PTable, pip-licenses
Successfully installed PTable-0.9.2 pip-licenses-2.3.0
created path: ./licenses/license_info.csv
created path: ./licenses/license.txt
Build completed successfully
Image: "seldonio/testmodel_rest_non200:0.1" with ID "sha256:9b5f3aa4288e331e39254208df40a2514d6fb2e37ef5ccd626be4cd13b3122db" not present on node "kind-control-plane"
Image: "seldonio/testmodel_rest_non200:0.1" with ID "sha256:9b5f3aa4288e331e39254208df40a2514d6fb2e37ef5ccd626be4cd13b3122db" not present on node "kind-worker"
seldondeployment.machinelearning.seldon.io/mymodel created
deployment "mymodel-mymodel-0-model" successfully rolled out
seldondeployment.machinelearning.seldon.io "mymodel" deleted
PASSEDnamespace "test-model-rest-non200" deleted

test_s2i_python.py::TestPythonS2iK8s::test_input_transformer_rest namespace/test-input-transformer-rest created
---> Installing application source...
Collecting pip-licenses
Downloading https://files.pythonhosted.org/packages/c5/50/6c4b4e69a0c43bd9f03a30579695093062ba72da4e3e4026cd2144dbcc71/pip_licenses-2.3.0-py3-none-any.whl
Collecting PTable (from pip-licenses)
Downloading https://files.pythonhosted.org/packages/ab/b3/b54301811173ca94119eb474634f120a49cd370f257d1aae5a4abaf12729/PTable-0.9.2.tar.gz
Building wheels for collected packages: PTable
Building wheel for PTable (setup.py): started
Building wheel for PTable (setup.py): finished with status 'done'
Created wheel for PTable: filename=PTable-0.9.2-cp37-none-any.whl size=22906 sha256=d03396aaef3622d24620cd6489e7f92154733a0785beff5a2cf90a3dfa423966
Stored in directory: /root/.cache/pip/wheels/22/cc/2e/55980bfe86393df3e9896146a01f6802978d09d7ebcba5ea56
Successfully built PTable
Installing collected packages: PTable, pip-licenses
Successfully installed PTable-0.9.2 pip-licenses-2.3.0
created path: ./licenses/license_info.csv
created path: ./licenses/license.txt
Build completed successfully
Image: "seldonio/testtransformer_rest:0.1" with ID "sha256:a8a539e4048f29a2e3a9f2b48eefd7157524fda253dc042e6301ac0f2067dec6" not present on node "kind-control-plane"
Image: "seldonio/testtransformer_rest:0.1" with ID "sha256:a8a539e4048f29a2e3a9f2b48eefd7157524fda253dc042e6301ac0f2067dec6" not present on node "kind-worker"
seldondeployment.machinelearning.seldon.io/mytrans created
deployment "mytrans-mytrans-0-trans" successfully rolled out
seldondeployment.machinelearning.seldon.io "mytrans" deleted
PASSEDnamespace "test-input-transformer-rest" deleted

test_s2i_python.py::TestPythonS2iK8s::test_output_transformer_rest namespace/test-output-transformer-rest created
---> Installing application source...
Collecting pip-licenses
Downloading https://files.pythonhosted.org/packages/c5/50/6c4b4e69a0c43bd9f03a30579695093062ba72da4e3e4026cd2144dbcc71/pip_licenses-2.3.0-py3-none-any.whl
Collecting PTable (from pip-licenses)
Downloading https://files.pythonhosted.org/packages/ab/b3/b54301811173ca94119eb474634f120a49cd370f257d1aae5a4abaf12729/PTable-0.9.2.tar.gz
Building wheels for collected packages: PTable
Building wheel for PTable (setup.py): started
Building wheel for PTable (setup.py): finished with status 'done'
Created wheel for PTable: filename=PTable-0.9.2-cp37-none-any.whl size=22906 sha256=7718b3e435dc2e67b1518c7c76f3deb95d8ae63e6f976a3de04d39c7bfa968f0
Stored in directory: /root/.cache/pip/wheels/22/cc/2e/55980bfe86393df3e9896146a01f6802978d09d7ebcba5ea56
Successfully built PTable
Installing collected packages: PTable, pip-licenses
Successfully installed PTable-0.9.2 pip-licenses-2.3.0
created path: ./licenses/license_info.csv
created path: ./licenses/license.txt
Build completed successfully
Image: "seldonio/testtransformer_rest:0.1" with ID "sha256:b5e53a2a821e5035e2ded416ac5cf36e08189653cd69af88f49db2bcf26cf2dd" not present on node "kind-control-plane"
Image: "seldonio/testtransformer_rest:0.1" with ID "sha256:b5e53a2a821e5035e2ded416ac5cf36e08189653cd69af88f49db2bcf26cf2dd" not present on node "kind-worker"
seldondeployment.machinelearning.seldon.io/mytrans created
deployment "mytrans-mytrans-0-model-transformer" successfully rolled out
seldondeployment.machinelearning.seldon.io "mytrans" deleted
PASSEDnamespace "test-output-transformer-rest" deleted

test_s2i_python.py::TestPythonS2iK8s::test_router_rest namespace/test-router-rest created
---> Installing application source...
Collecting pip-licenses
Downloading https://files.pythonhosted.org/packages/c5/50/6c4b4e69a0c43bd9f03a30579695093062ba72da4e3e4026cd2144dbcc71/pip_licenses-2.3.0-py3-none-any.whl
Collecting PTable (from pip-licenses)
Downloading https://files.pythonhosted.org/packages/ab/b3/b54301811173ca94119eb474634f120a49cd370f257d1aae5a4abaf12729/PTable-0.9.2.tar.gz
Building wheels for collected packages: PTable
Building wheel for PTable (setup.py): started
Building wheel for PTable (setup.py): finished with status 'done'
Created wheel for PTable: filename=PTable-0.9.2-cp37-none-any.whl size=22906 sha256=94e8911e8a2f61acf9ef2baac29f25eaa863ed9cbe8a2ddd9dc534b992d23468
Stored in directory: /root/.cache/pip/wheels/22/cc/2e/55980bfe86393df3e9896146a01f6802978d09d7ebcba5ea56
Successfully built PTable
Installing collected packages: PTable, pip-licenses
Successfully installed PTable-0.9.2 pip-licenses-2.3.0
created path: ./licenses/license_info.csv
created path: ./licenses/license.txt
Build completed successfully
Image: "seldonio/testmodel_rest:0.1" with ID "sha256:5634fa6fafa3a630a7768f46a69c4b2ac007c3eea75af2344e4dd0422c1b6ce6" not present on node "kind-control-plane"
Image: "seldonio/testmodel_rest:0.1" with ID "sha256:5634fa6fafa3a630a7768f46a69c4b2ac007c3eea75af2344e4dd0422c1b6ce6" not present on node "kind-worker"
---> Installing application source...
Collecting pip-licenses
Downloading https://files.pythonhosted.org/packages/c5/50/6c4b4e69a0c43bd9f03a30579695093062ba72da4e3e4026cd2144dbcc71/pip_licenses-2.3.0-py3-none-any.whl
Collecting PTable (from pip-licenses)
Downloading https://files.pythonhosted.org/packages/ab/b3/b54301811173ca94119eb474634f120a49cd370f257d1aae5a4abaf12729/PTable-0.9.2.tar.gz
Building wheels for collected packages: PTable
Building wheel for PTable (setup.py): started
Building wheel for PTable (setup.py): finished with status 'done'
Created wheel for PTable: filename=PTable-0.9.2-cp37-none-any.whl size=22906 sha256=e81f5247c21379b9e146bffad4193ee5f9b6ecf0e30d5d42475d0f21e961a896
Stored in directory: /root/.cache/pip/wheels/22/cc/2e/55980bfe86393df3e9896146a01f6802978d09d7ebcba5ea56
Successfully built PTable
Installing collected packages: PTable, pip-licenses
Successfully installed PTable-0.9.2 pip-licenses-2.3.0
created path: ./licenses/license_info.csv
created path: ./licenses/license.txt
Build completed successfully
Image: "seldonio/testrouter_rest:0.1" with ID "sha256:acc6e361754aab0c0678379e86d1485b7d4161d68b456175c73911e5df4dd9ea" not present on node "kind-control-plane"
Image: "seldonio/testrouter_rest:0.1" with ID "sha256:acc6e361754aab0c0678379e86d1485b7d4161d68b456175c73911e5df4dd9ea" not present on node "kind-worker"
seldondeployment.machinelearning.seldon.io/myrouter created
deployment "myrouter-myrouter-0-model-router" successfully rolled out
seldondeployment.machinelearning.seldon.io "myrouter" deleted
PASSEDnamespace "test-router-rest" deleted

test_s2i_python.py::TestPythonS2iK8s::test_combiner_rest namespace/test-combiner-rest created
---> Installing application source...
Collecting pip-licenses
Downloading https://files.pythonhosted.org/packages/c5/50/6c4b4e69a0c43bd9f03a30579695093062ba72da4e3e4026cd2144dbcc71/pip_licenses-2.3.0-py3-none-any.whl
Collecting PTable (from pip-licenses)
Downloading https://files.pythonhosted.org/packages/ab/b3/b54301811173ca94119eb474634f120a49cd370f257d1aae5a4abaf12729/PTable-0.9.2.tar.gz
Building wheels for collected packages: PTable
Building wheel for PTable (setup.py): started
Building wheel for PTable (setup.py): finished with status 'done'
Created wheel for PTable: filename=PTable-0.9.2-cp37-none-any.whl size=22906 sha256=490ab6dd68fe6e80262780076b325fa753325ece0ad3306dfd49549de52f5ec2
Stored in directory: /root/.cache/pip/wheels/22/cc/2e/55980bfe86393df3e9896146a01f6802978d09d7ebcba5ea56
Successfully built PTable
Installing collected packages: PTable, pip-licenses
Successfully installed PTable-0.9.2 pip-licenses-2.3.0
created path: ./licenses/license_info.csv
created path: ./licenses/license.txt
Build completed successfully
Image: "seldonio/testmodel_rest:0.1" with ID "sha256:1759f8f88006e42f20d83c3efa0e06fe5e4747e49cbf7b17ad86554a9e45fb37" not present on node "kind-control-plane"
Image: "seldonio/testmodel_rest:0.1" with ID "sha256:1759f8f88006e42f20d83c3efa0e06fe5e4747e49cbf7b17ad86554a9e45fb37" not present on node "kind-worker"
---> Installing application source...
Collecting pip-licenses
Downloading https://files.pythonhosted.org/packages/c5/50/6c4b4e69a0c43bd9f03a30579695093062ba72da4e3e4026cd2144dbcc71/pip_licenses-2.3.0-py3-none-any.whl
Collecting PTable (from pip-licenses)
Downloading https://files.pythonhosted.org/packages/ab/b3/b54301811173ca94119eb474634f120a49cd370f257d1aae5a4abaf12729/PTable-0.9.2.tar.gz
Building wheels for collected packages: PTable
Building wheel for PTable (setup.py): started
Building wheel for PTable (setup.py): finished with status 'done'
Created wheel for PTable: filename=PTable-0.9.2-cp37-none-any.whl size=22906 sha256=83698ba9bf18576688aa91a23dc3e8a1ab657fa3ad63362e242e0c5aecacaa3f
Stored in directory: /root/.cache/pip/wheels/22/cc/2e/55980bfe86393df3e9896146a01f6802978d09d7ebcba5ea56
Successfully built PTable
Installing collected packages: PTable, pip-licenses
Successfully installed PTable-0.9.2 pip-licenses-2.3.0
created path: ./licenses/license_info.csv
created path: ./licenses/license.txt
Build completed successfully
Image: "seldonio/testcombiner_rest:0.1" with ID "sha256:a9d1fed21b6be6c074662eeeb9413c33ee40cbc6c8e880dbad9b9edd56b28fae" not present on node "kind-control-plane"
Image: "seldonio/testcombiner_rest:0.1" with ID "sha256:a9d1fed21b6be6c074662eeeb9413c33ee40cbc6c8e880dbad9b9edd56b28fae" not present on node "kind-worker"
seldondeployment.machinelearning.seldon.io/mycombiner created
deployment "mycombiner-mycombiner-0-model-combiner" successfully rolled out
seldondeployment.machinelearning.seldon.io "mycombiner" deleted
PASSEDnamespace "test-combiner-rest" deleted

test_seldon_metadata.py::TestTagsPythonS2i::test_build_modelmetadata_rest ---> Installing application source...
Collecting pip-licenses
Downloading https://files.pythonhosted.org/packages/c5/50/6c4b4e69a0c43bd9f03a30579695093062ba72da4e3e4026cd2144dbcc71/pip_licenses-2.3.0-py3-none-any.whl
Collecting PTable (from pip-licenses)
Downloading https://files.pythonhosted.org/packages/ab/b3/b54301811173ca94119eb474634f120a49cd370f257d1aae5a4abaf12729/PTable-0.9.2.tar.gz
Building wheels for collected packages: PTable
Building wheel for PTable (setup.py): started
Building wheel for PTable (setup.py): finished with status 'done'
Created wheel for PTable: filename=PTable-0.9.2-cp37-none-any.whl size=22906 sha256=0df675e2a26573e23abcdfc5542a76b486ccb3bae7f5d352088582c67ff9304d
Stored in directory: /root/.cache/pip/wheels/22/cc/2e/55980bfe86393df3e9896146a01f6802978d09d7ebcba5ea56
Successfully built PTable
Installing collected packages: PTable, pip-licenses
Successfully installed PTable-0.9.2 pip-licenses-2.3.0
created path: ./licenses/license_info.csv
created path: ./licenses/license.txt
Build completed successfully
5f11c457201cefcac8f97343d37cfd3b1e469e28e513e57336471d2f457a93f3
model-modelmetadata-rest
PASSED
test_seldon_metadata.py::TestTagsPythonS2i::test_build_modelmetadata_grpc ---> Installing application source...
Collecting pip-licenses
Downloading https://files.pythonhosted.org/packages/c5/50/6c4b4e69a0c43bd9f03a30579695093062ba72da4e3e4026cd2144dbcc71/pip_licenses-2.3.0-py3-none-any.whl
Collecting PTable (from pip-licenses)
Downloading https://files.pythonhosted.org/packages/ab/b3/b54301811173ca94119eb474634f120a49cd370f257d1aae5a4abaf12729/PTable-0.9.2.tar.gz
Building wheels for collected packages: PTable
Building wheel for PTable (setup.py): started
Building wheel for PTable (setup.py): finished with status 'done'
Created wheel for PTable: filename=PTable-0.9.2-cp37-none-any.whl size=22906 sha256=dd56ab3e200d889853b494c737ce2dc7fe98bce9d25f8c3f76d55d331e0d2c39
Stored in directory: /root/.cache/pip/wheels/22/cc/2e/55980bfe86393df3e9896146a01f6802978d09d7ebcba5ea56
Successfully built PTable
Installing collected packages: PTable, pip-licenses
Successfully installed PTable-0.9.2 pip-licenses-2.3.0
created path: ./licenses/license_info.csv
created path: ./licenses/license.txt
Build completed successfully
fc4fa1ce4d0010347b5c891d376c137b169e247c2df6763f280b1e2e04f2f3af
model-modelmetadata-grpc
PASSED
test_seldon_metadata.py::TestTagsPythonS2iK8s::test_modelmetadata_rest namespace/test-modelmetadata-rest created
---> Installing application source...
Collecting pip-licenses
Downloading https://files.pythonhosted.org/packages/c5/50/6c4b4e69a0c43bd9f03a30579695093062ba72da4e3e4026cd2144dbcc71/pip_licenses-2.3.0-py3-none-any.whl
Collecting PTable (from pip-licenses)
Downloading https://files.pythonhosted.org/packages/ab/b3/b54301811173ca94119eb474634f120a49cd370f257d1aae5a4abaf12729/PTable-0.9.2.tar.gz
Building wheels for collected packages: PTable
Building wheel for PTable (setup.py): started
Building wheel for PTable (setup.py): finished with status 'done'
Created wheel for PTable: filename=PTable-0.9.2-cp37-none-any.whl size=22906 sha256=0c8a817a16b9e0c1af14986e7fcc7ed14ab5a3972a673901526d60a46971864b
Stored in directory: /root/.cache/pip/wheels/22/cc/2e/55980bfe86393df3e9896146a01f6802978d09d7ebcba5ea56
Successfully built PTable
Installing collected packages: PTable, pip-licenses
Successfully installed PTable-0.9.2 pip-licenses-2.3.0
created path: ./licenses/license_info.csv
created path: ./licenses/license.txt
Build completed successfully
Image: "seldonio/test_metadata_modelmetadata_rest:0.1" with ID "sha256:64c76c9d226914957e3e227acd84427b0c0291ec71d0f1da79db1fa71dab9561" not present on node "kind-control-plane"
Image: "seldonio/test_metadata_modelmetadata_rest:0.1" with ID "sha256:64c76c9d226914957e3e227acd84427b0c0291ec71d0f1da79db1fa71dab9561" not present on node "kind-worker"
seldondeployment.machinelearning.seldon.io/mymodel-modelmetadata created
deployment "mymodel-modelmetadata-example-0-my-model" successfully rolled out
PASSEDnamespace "test-modelmetadata-rest" deleted

test_seldon_metadata.py::TestTagsPythonS2iK8s::test_manifestmodelmetadata_rest namespace/test-manifestmodelmetadata-rest created
---> Installing application source...
Collecting pip-licenses
Downloading https://files.pythonhosted.org/packages/c5/50/6c4b4e69a0c43bd9f03a30579695093062ba72da4e3e4026cd2144dbcc71/pip_licenses-2.3.0-py3-none-any.whl
Collecting PTable (from pip-licenses)
Downloading https://files.pythonhosted.org/packages/ab/b3/b54301811173ca94119eb474634f120a49cd370f257d1aae5a4abaf12729/PTable-0.9.2.tar.gz
Building wheels for collected packages: PTable
Building wheel for PTable (setup.py): started
Building wheel for PTable (setup.py): finished with status 'done'
Created wheel for PTable: filename=PTable-0.9.2-cp37-none-any.whl size=22906 sha256=712ffebe90df11cabb972d140b2f4a277b19e0b541204f0f5a474a08a0057d58
Stored in directory: /root/.cache/pip/wheels/22/cc/2e/55980bfe86393df3e9896146a01f6802978d09d7ebcba5ea56
Successfully built PTable
Installing collected packages: PTable, pip-licenses
Successfully installed PTable-0.9.2 pip-licenses-2.3.0
created path: ./licenses/license_info.csv
created path: ./licenses/license.txt
Build completed successfully
Image: "seldonio/test_metadata_manifestmetadata_rest:0.1" with ID "sha256:4726f6cc78f272345a5a7c583d59288368dd1bd1c353d5594954371264f563ac" not present on node "kind-control-plane"
Image: "seldonio/test_metadata_manifestmetadata_rest:0.1" with ID "sha256:4726f6cc78f272345a5a7c583d59288368dd1bd1c353d5594954371264f563ac" not present on node "kind-worker"
seldondeployment.machinelearning.seldon.io/mymodel-manifestmetadata created
deployment "mymodel-manifestmetadata-example-0-my-model" successfully rolled out
PASSEDnamespace "test-manifestmodelmetadata-rest" deleted

test_seldon_metadata.py::TestTagsPythonS2iK8s::test_modelmetadata_grpc namespace/test-modelmetadata-grpc created
---> Installing application source...
Collecting pip-licenses
Downloading https://files.pythonhosted.org/packages/c5/50/6c4b4e69a0c43bd9f03a30579695093062ba72da4e3e4026cd2144dbcc71/pip_licenses-2.3.0-py3-none-any.whl
Collecting PTable (from pip-licenses)
Downloading https://files.pythonhosted.org/packages/ab/b3/b54301811173ca94119eb474634f120a49cd370f257d1aae5a4abaf12729/PTable-0.9.2.tar.gz
Building wheels for collected packages: PTable
Building wheel for PTable (setup.py): started
Building wheel for PTable (setup.py): finished with status 'done'
Created wheel for PTable: filename=PTable-0.9.2-cp37-none-any.whl size=22906 sha256=bb935a1c0a31e0c9391c7f900fba8de36709fd6281c34d8de0d7d41fa1774fcd
Stored in directory: /root/.cache/pip/wheels/22/cc/2e/55980bfe86393df3e9896146a01f6802978d09d7ebcba5ea56
Successfully built PTable
Installing collected packages: PTable, pip-licenses
Successfully installed PTable-0.9.2 pip-licenses-2.3.0
created path: ./licenses/license_info.csv
created path: ./licenses/license.txt
Build completed successfully
Image: "seldonio/test_metadata_modelmetadata_grpc:0.1" with ID "sha256:ccdb59690c42a2d7002926d58a65785b9b012051e511434ed925e802c3fa6e98" not present on node "kind-control-plane"
Image: "seldonio/test_metadata_modelmetadata_grpc:0.1" with ID "sha256:ccdb59690c42a2d7002926d58a65785b9b012051e511434ed925e802c3fa6e98" not present on node "kind-worker"
seldondeployment.machinelearning.seldon.io/mymodel-modelmetadata created
deployment "mymodel-modelmetadata-example-0-my-model" successfully rolled out
PASSEDnamespace "test-modelmetadata-grpc" deleted

test_tags.py::TestTagsPythonS2i::test_build_model_one_rest ---> Installing application source...
Collecting pip-licenses
Downloading https://files.pythonhosted.org/packages/c5/50/6c4b4e69a0c43bd9f03a30579695093062ba72da4e3e4026cd2144dbcc71/pip_licenses-2.3.0-py3-none-any.whl
Collecting PTable (from pip-licenses)
Downloading https://files.pythonhosted.org/packages/ab/b3/b54301811173ca94119eb474634f120a49cd370f257d1aae5a4abaf12729/PTable-0.9.2.tar.gz
Building wheels for collected packages: PTable
Building wheel for PTable (setup.py): started
Building wheel for PTable (setup.py): finished with status 'done'
Created wheel for PTable: filename=PTable-0.9.2-cp37-none-any.whl size=22906 sha256=229ea05c90fb2b93b097965c2682d2749a742c6eeda0673565d24c952c8186e7
Stored in directory: /root/.cache/pip/wheels/22/cc/2e/55980bfe86393df3e9896146a01f6802978d09d7ebcba5ea56
Successfully built PTable
Installing collected packages: PTable, pip-licenses
Successfully installed PTable-0.9.2 pip-licenses-2.3.0
created path: ./licenses/license_info.csv
created path: ./licenses/license.txt
Build completed successfully
b5c266e4cb2de715c96caff140eadb2afc0fbb7b8acfb8660b6164397779d0e3
model-one-rest
PASSED
test_tags.py::TestTagsPythonS2i::test_build_model_two_rest ---> Installing application source...
Collecting pip-licenses
Downloading https://files.pythonhosted.org/packages/c5/50/6c4b4e69a0c43bd9f03a30579695093062ba72da4e3e4026cd2144dbcc71/pip_licenses-2.3.0-py3-none-any.whl
Collecting PTable (from pip-licenses)
Downloading https://files.pythonhosted.org/packages/ab/b3/b54301811173ca94119eb474634f120a49cd370f257d1aae5a4abaf12729/PTable-0.9.2.tar.gz
Building wheels for collected packages: PTable
Building wheel for PTable (setup.py): started
Building wheel for PTable (setup.py): finished with status 'done'
Created wheel for PTable: filename=PTable-0.9.2-cp37-none-any.whl size=22906 sha256=9cd341f49c1b1a1e95463b461986069f78f2d2aecf943412751bb06beccd18a9
Stored in directory: /root/.cache/pip/wheels/22/cc/2e/55980bfe86393df3e9896146a01f6802978d09d7ebcba5ea56
Successfully built PTable
Installing collected packages: PTable, pip-licenses
Successfully installed PTable-0.9.2 pip-licenses-2.3.0
created path: ./licenses/license_info.csv
created path: ./licenses/license.txt
Build completed successfully
a869fb931fcb8090915f928fd1ef0b199b57ddea5a83d22a6b35a312e7a8b8a8
model-two-rest
PASSED
test_tags.py::TestTagsPythonS2i::test_build_model_one_grpc ---> Installing application source...
Collecting pip-licenses
Downloading https://files.pythonhosted.org/packages/c5/50/6c4b4e69a0c43bd9f03a30579695093062ba72da4e3e4026cd2144dbcc71/pip_licenses-2.3.0-py3-none-any.whl
Collecting PTable (from pip-licenses)
Downloading https://files.pythonhosted.org/packages/ab/b3/b54301811173ca94119eb474634f120a49cd370f257d1aae5a4abaf12729/PTable-0.9.2.tar.gz
Building wheels for collected packages: PTable
Building wheel for PTable (setup.py): started
Building wheel for PTable (setup.py): finished with status 'done'
Created wheel for PTable: filename=PTable-0.9.2-cp37-none-any.whl size=22906 sha256=5455aad2840dc4c613fe4e0323e8191bd7a5c591bf21bedee8494b8f48953ef6
Stored in directory: /root/.cache/pip/wheels/22/cc/2e/55980bfe86393df3e9896146a01f6802978d09d7ebcba5ea56
Successfully built PTable
Installing collected packages: PTable, pip-licenses
Successfully installed PTable-0.9.2 pip-licenses-2.3.0
created path: ./licenses/license_info.csv
created path: ./licenses/license.txt
Build completed successfully
bf24980c93688b56dffba32707c79d4589778bd7c84a96bd38f7ff011c22ed9b
model-one-grpc
PASSED
test_tags.py::TestTagsPythonS2i::test_build_model_two_grpc ---> Installing application source...
Collecting pip-licenses
Downloading https://files.pythonhosted.org/packages/c5/50/6c4b4e69a0c43bd9f03a30579695093062ba72da4e3e4026cd2144dbcc71/pip_licenses-2.3.0-py3-none-any.whl
Collecting PTable (from pip-licenses)
Downloading https://files.pythonhosted.org/packages/ab/b3/b54301811173ca94119eb474634f120a49cd370f257d1aae5a4abaf12729/PTable-0.9.2.tar.gz
Building wheels for collected packages: PTable
Building wheel for PTable (setup.py): started
Building wheel for PTable (setup.py): finished with status 'done'
Created wheel for PTable: filename=PTable-0.9.2-cp37-none-any.whl size=22906 sha256=63ca5df6788061497834ba9319a63ca129d7421c8de949a0cc834680ac3b658a
Stored in directory: /root/.cache/pip/wheels/22/cc/2e/55980bfe86393df3e9896146a01f6802978d09d7ebcba5ea56
Successfully built PTable
Installing collected packages: PTable, pip-licenses
Successfully installed PTable-0.9.2 pip-licenses-2.3.0
created path: ./licenses/license_info.csv
created path: ./licenses/license.txt
Build completed successfully
304f3069c2639830aaee4ada7017a772d5486d2a624db209509c555d9ffa1f81
model-two-grpc
PASSED
test_tags.py::TestTagsPythonS2i::test_build_combiner_rest ---> Installing application source...
Collecting pip-licenses
Downloading https://files.pythonhosted.org/packages/c5/50/6c4b4e69a0c43bd9f03a30579695093062ba72da4e3e4026cd2144dbcc71/pip_licenses-2.3.0-py3-none-any.whl
Collecting PTable (from pip-licenses)
Downloading https://files.pythonhosted.org/packages/ab/b3/b54301811173ca94119eb474634f120a49cd370f257d1aae5a4abaf12729/PTable-0.9.2.tar.gz
Building wheels for collected packages: PTable
Building wheel for PTable (setup.py): started
Building wheel for PTable (setup.py): finished with status 'done'
Created wheel for PTable: filename=PTable-0.9.2-cp37-none-any.whl size=22906 sha256=b8528139e350c92fd22650440011abf1bcb7d78e78ec2f634cc2b95e38cf0b3f
Stored in directory: /root/.cache/pip/wheels/22/cc/2e/55980bfe86393df3e9896146a01f6802978d09d7ebcba5ea56
Successfully built PTable
Installing collected packages: PTable, pip-licenses
Successfully installed PTable-0.9.2 pip-licenses-2.3.0
created path: ./licenses/license_info.csv
created path: ./licenses/license.txt
Build completed successfully
d0304aef1dc027bb6a8b1f9931b63774d0b2e0fcd1bab4ea5efcd570b414a9ce
combiner-rest
PASSED
test_tags.py::TestTagsPythonS2i::test_build_combiner_grpc ---> Installing application source...
Collecting pip-licenses
Downloading https://files.pythonhosted.org/packages/c5/50/6c4b4e69a0c43bd9f03a30579695093062ba72da4e3e4026cd2144dbcc71/pip_licenses-2.3.0-py3-none-any.whl
Collecting PTable (from pip-licenses)
Downloading https://files.pythonhosted.org/packages/ab/b3/b54301811173ca94119eb474634f120a49cd370f257d1aae5a4abaf12729/PTable-0.9.2.tar.gz
Building wheels for collected packages: PTable
Building wheel for PTable (setup.py): started
Building wheel for PTable (setup.py): finished with status 'done'
Created wheel for PTable: filename=PTable-0.9.2-cp37-none-any.whl size=22906 sha256=10b1950793c203a447b0767b0e67b4d47b8db45225929a40647e7525f5120848
Stored in directory: /root/.cache/pip/wheels/22/cc/2e/55980bfe86393df3e9896146a01f6802978d09d7ebcba5ea56
Successfully built PTable
Installing collected packages: PTable, pip-licenses
Successfully installed PTable-0.9.2 pip-licenses-2.3.0
created path: ./licenses/license_info.csv
created path: ./licenses/license.txt
Build completed successfully
b5e3ef7d9dc95fdff117ee4f83f4326b8e429ac586fb99122edb644f73004e4c
combiner-grpc
PASSED
test_tags.py::TestTagsPythonS2iK8s::test_model_single_rest namespace/test-model-single-rest created
---> Installing application source...
Collecting pip-licenses
Downloading https://files.pythonhosted.org/packages/c5/50/6c4b4e69a0c43bd9f03a30579695093062ba72da4e3e4026cd2144dbcc71/pip_licenses-2.3.0-py3-none-any.whl
Collecting PTable (from pip-licenses)
Downloading https://files.pythonhosted.org/packages/ab/b3/b54301811173ca94119eb474634f120a49cd370f257d1aae5a4abaf12729/PTable-0.9.2.tar.gz
Building wheels for collected packages: PTable
Building wheel for PTable (setup.py): started
Building wheel for PTable (setup.py): finished with status 'done'
Created wheel for PTable: filename=PTable-0.9.2-cp37-none-any.whl size=22906 sha256=44d8a8ce1152bf6ba76525d50e6bb8d8957e607a35621886e0c6d09485a0ed9e
Stored in directory: /root/.cache/pip/wheels/22/cc/2e/55980bfe86393df3e9896146a01f6802978d09d7ebcba5ea56
Successfully built PTable
Installing collected packages: PTable, pip-licenses
Successfully installed PTable-0.9.2 pip-licenses-2.3.0
created path: ./licenses/license_info.csv
created path: ./licenses/license.txt
Build completed successfully
Image: "seldonio/test_tags_one_rest:0.1" with ID "sha256:db10d01e6ce4817f20921ba18320211273d40374d022d6d59606b40f878b85da" not present on node "kind-control-plane"
Image: "seldonio/test_tags_one_rest:0.1" with ID "sha256:db10d01e6ce4817f20921ba18320211273d40374d022d6d59606b40f878b85da" not present on node "kind-worker"
seldondeployment.machinelearning.seldon.io/mymodel-tags-single created
deployment "mymodel-tags-single-mymodel-tags-single-0-model" successfully rolled out
seldondeployment.machinelearning.seldon.io "mymodel-tags-single" deleted
PASSEDnamespace "test-model-single-rest" deleted

test_tags.py::TestTagsPythonS2iK8s::test_model_graph_rest namespace/test-model-graph-rest created
---> Installing application source...
Collecting pip-licenses
Downloading https://files.pythonhosted.org/packages/c5/50/6c4b4e69a0c43bd9f03a30579695093062ba72da4e3e4026cd2144dbcc71/pip_licenses-2.3.0-py3-none-any.whl
Collecting PTable (from pip-licenses)
Downloading https://files.pythonhosted.org/packages/ab/b3/b54301811173ca94119eb474634f120a49cd370f257d1aae5a4abaf12729/PTable-0.9.2.tar.gz
Building wheels for collected packages: PTable
Building wheel for PTable (setup.py): started
Building wheel for PTable (setup.py): finished with status 'done'
Created wheel for PTable: filename=PTable-0.9.2-cp37-none-any.whl size=22906 sha256=fa510abcf5ae39f4366414a399b6fa197be6632ec6675a0c054307e21e2f1c8e
Stored in directory: /root/.cache/pip/wheels/22/cc/2e/55980bfe86393df3e9896146a01f6802978d09d7ebcba5ea56
Successfully built PTable
Installing collected packages: PTable, pip-licenses
Successfully installed PTable-0.9.2 pip-licenses-2.3.0
created path: ./licenses/license_info.csv
created path: ./licenses/license.txt
Build completed successfully
Image: "seldonio/test_tags_one_rest:0.1" with ID "sha256:4df3024f5fc8eca58bb7066d5a9f92a83e45eaf59376586fb6b4575c76af59e9" not present on node "kind-control-plane"
Image: "seldonio/test_tags_one_rest:0.1" with ID "sha256:4df3024f5fc8eca58bb7066d5a9f92a83e45eaf59376586fb6b4575c76af59e9" not present on node "kind-worker"
---> Installing application source...
Collecting pip-licenses
Downloading https://files.pythonhosted.org/packages/c5/50/6c4b4e69a0c43bd9f03a30579695093062ba72da4e3e4026cd2144dbcc71/pip_licenses-2.3.0-py3-none-any.whl
Collecting PTable (from pip-licenses)
Downloading https://files.pythonhosted.org/packages/ab/b3/b54301811173ca94119eb474634f120a49cd370f257d1aae5a4abaf12729/PTable-0.9.2.tar.gz
Building wheels for collected packages: PTable
Building wheel for PTable (setup.py): started
Building wheel for PTable (setup.py): finished with status 'done'
Created wheel for PTable: filename=PTable-0.9.2-cp37-none-any.whl size=22906 sha256=5963cd6b523461edfb0bc80bf0616ef337a256453045435c17e09d1cf7282623
Stored in directory: /root/.cache/pip/wheels/22/cc/2e/55980bfe86393df3e9896146a01f6802978d09d7ebcba5ea56
Successfully built PTable
Installing collected packages: PTable, pip-licenses
Successfully installed PTable-0.9.2 pip-licenses-2.3.0
created path: ./licenses/license_info.csv
created path: ./licenses/license.txt
Build completed successfully
Image: "seldonio/test_tags_two_rest:0.1" with ID "sha256:804204ca7a186fd964ecd9e926880ca9e6ad09d8c722fafd1964606c9c3e56c8" not present on node "kind-control-plane"
Image: "seldonio/test_tags_two_rest:0.1" with ID "sha256:804204ca7a186fd964ecd9e926880ca9e6ad09d8c722fafd1964606c9c3e56c8" not present on node "kind-worker"
seldondeployment.machinelearning.seldon.io/mymodel-tags-graph created
deployment "mymodel-tags-graph-mymodel-tags-graph-0-model-one-model-two" successfully rolled out
seldondeployment.machinelearning.seldon.io "mymodel-tags-graph" deleted
PASSEDnamespace "test-model-graph-rest" deleted

test_tags.py::TestTagsPythonS2iK8s::test_model_combiner_rest namespace/test-model-combiner-rest created
---> Installing application source...
Collecting pip-licenses
Downloading https://files.pythonhosted.org/packages/c5/50/6c4b4e69a0c43bd9f03a30579695093062ba72da4e3e4026cd2144dbcc71/pip_licenses-2.3.0-py3-none-any.whl
Collecting PTable (from pip-licenses)
Downloading https://files.pythonhosted.org/packages/ab/b3/b54301811173ca94119eb474634f120a49cd370f257d1aae5a4abaf12729/PTable-0.9.2.tar.gz
Building wheels for collected packages: PTable
Building wheel for PTable (setup.py): started
Building wheel for PTable (setup.py): finished with status 'done'
Created wheel for PTable: filename=PTable-0.9.2-cp37-none-any.whl size=22906 sha256=757f6844cb20839ecb0a899af41cfea1c14bf24c8175439167169f87a7f2065a
Stored in directory: /root/.cache/pip/wheels/22/cc/2e/55980bfe86393df3e9896146a01f6802978d09d7ebcba5ea56
Successfully built PTable
Installing collected packages: PTable, pip-licenses
Successfully installed PTable-0.9.2 pip-licenses-2.3.0
created path: ./licenses/license_info.csv
created path: ./licenses/license.txt
Build completed successfully
Image: "seldonio/test_tags_one_rest:0.1" with ID "sha256:a13514372725bcf34cd8e1be8c65cfca9e83d4064e0739c86f862741ed7511d7" not present on node "kind-control-plane"
Image: "seldonio/test_tags_one_rest:0.1" with ID "sha256:a13514372725bcf34cd8e1be8c65cfca9e83d4064e0739c86f862741ed7511d7" not present on node "kind-worker"
---> Installing application source...
Collecting pip-licenses
Downloading https://files.pythonhosted.org/packages/c5/50/6c4b4e69a0c43bd9f03a30579695093062ba72da4e3e4026cd2144dbcc71/pip_licenses-2.3.0-py3-none-any.whl
Collecting PTable (from pip-licenses)
Downloading https://files.pythonhosted.org/packages/ab/b3/b54301811173ca94119eb474634f120a49cd370f257d1aae5a4abaf12729/PTable-0.9.2.tar.gz
Building wheels for collected packages: PTable
Building wheel for PTable (setup.py): started
Building wheel for PTable (setup.py): finished with status 'done'
Created wheel for PTable: filename=PTable-0.9.2-cp37-none-any.whl size=22906 sha256=b6d7a4c107af2721cf37af5c1ca11a1bb67a5e0c370bbc1951be109b2480a50e
Stored in directory: /root/.cache/pip/wheels/22/cc/2e/55980bfe86393df3e9896146a01f6802978d09d7ebcba5ea56
Successfully built PTable
Installing collected packages: PTable, pip-licenses
Successfully installed PTable-0.9.2 pip-licenses-2.3.0
created path: ./licenses/license_info.csv
created path: ./licenses/license.txt
Build completed successfully
Image: "seldonio/test_tags_two_rest:0.1" with ID "sha256:8a79dcee18c6c0fbeba4a0842993447eca5b029e522b432064c631d8d06e65a2" not present on node "kind-control-plane"
Image: "seldonio/test_tags_two_rest:0.1" with ID "sha256:8a79dcee18c6c0fbeba4a0842993447eca5b029e522b432064c631d8d06e65a2" not present on node "kind-worker"
---> Installing application source...
Collecting pip-licenses
Downloading https://files.pythonhosted.org/packages/c5/50/6c4b4e69a0c43bd9f03a30579695093062ba72da4e3e4026cd2144dbcc71/pip_licenses-2.3.0-py3-none-any.whl
Collecting PTable (from pip-licenses)
Downloading https://files.pythonhosted.org/packages/ab/b3/b54301811173ca94119eb474634f120a49cd370f257d1aae5a4abaf12729/PTable-0.9.2.tar.gz
Building wheels for collected packages: PTable
Building wheel for PTable (setup.py): started
Building wheel for PTable (setup.py): finished with status 'done'
Created wheel for PTable: filename=PTable-0.9.2-cp37-none-any.whl size=22906 sha256=e96d681142df31340138d56d7bf453a6340fa0b886f8b3ff705a9f3ddfde3125
Stored in directory: /root/.cache/pip/wheels/22/cc/2e/55980bfe86393df3e9896146a01f6802978d09d7ebcba5ea56
Successfully built PTable
Installing collected packages: PTable, pip-licenses
Successfully installed PTable-0.9.2 pip-licenses-2.3.0
created path: ./licenses/license_info.csv
created path: ./licenses/license.txt
Build completed successfully
Image: "seldonio/test_tags_combiner_rest:0.1" with ID "sha256:43cd42bb875bcf30d54a77da6b62bf3c3247ca416f2d3fcaa250317978059565" not present on node "kind-control-plane"
Image: "seldonio/test_tags_combiner_rest:0.1" with ID "sha256:43cd42bb875bcf30d54a77da6b62bf3c3247ca416f2d3fcaa250317978059565" not present on node "kind-worker"
seldondeployment.machinelearning.seldon.io/mymodel-tags-combiner created
deployment "seldon-a8d2256d87a7c13f898df7d6478eb475" successfully rolled out
seldondeployment.machinelearning.seldon.io "mymodel-tags-combiner" deleted
PASSEDnamespace "test-model-combiner-rest" deleted

test_tags.py::TestTagsPythonS2iK8s::test_model_single_grpc namespace/test-model-single-grpc created
---> Installing application source...
Collecting pip-licenses
Downloading https://files.pythonhosted.org/packages/c5/50/6c4b4e69a0c43bd9f03a30579695093062ba72da4e3e4026cd2144dbcc71/pip_licenses-2.3.0-py3-none-any.whl
Collecting PTable (from pip-licenses)
Downloading https://files.pythonhosted.org/packages/ab/b3/b54301811173ca94119eb474634f120a49cd370f257d1aae5a4abaf12729/PTable-0.9.2.tar.gz
Building wheels for collected packages: PTable
Building wheel for PTable (setup.py): started
Building wheel for PTable (setup.py): finished with status 'done'
Created wheel for PTable: filename=PTable-0.9.2-cp37-none-any.whl size=22906 sha256=d96f7d77143b8c56555f065867dafba5a1c818f510713724b4f1c06d58001572
Stored in directory: /root/.cache/pip/wheels/22/cc/2e/55980bfe86393df3e9896146a01f6802978d09d7ebcba5ea56
Successfully built PTable
Installing collected packages: PTable, pip-licenses
Successfully installed PTable-0.9.2 pip-licenses-2.3.0
created path: ./licenses/license_info.csv
created path: ./licenses/license.txt
Build completed successfully
Image: "seldonio/test_tags_one_grpc:0.1" with ID "sha256:574b17de122883c9bde7bae93b427952f6d76acafa0ff09aa376af97b4e79aa2" not present on node "kind-control-plane"
Image: "seldonio/test_tags_one_grpc:0.1" with ID "sha256:574b17de122883c9bde7bae93b427952f6d76acafa0ff09aa376af97b4e79aa2" not present on node "kind-worker"
seldondeployment.machinelearning.seldon.io/mymodel-tags-single created
deployment "mymodel-tags-single-mymodel-tags-single-0-model" successfully rolled out
seldondeployment.machinelearning.seldon.io "mymodel-tags-single" deleted
PASSEDnamespace "test-model-single-grpc" deleted

test_tags.py::TestTagsPythonS2iK8s::test_model_graph_grpc namespace/test-model-graph-grpc created
---> Installing application source...
Collecting pip-licenses
Downloading https://files.pythonhosted.org/packages/c5/50/6c4b4e69a0c43bd9f03a30579695093062ba72da4e3e4026cd2144dbcc71/pip_licenses-2.3.0-py3-none-any.whl
Collecting PTable (from pip-licenses)
Downloading https://files.pythonhosted.org/packages/ab/b3/b54301811173ca94119eb474634f120a49cd370f257d1aae5a4abaf12729/PTable-0.9.2.tar.gz
Building wheels for collected packages: PTable
Building wheel for PTable (setup.py): started
Building wheel for PTable (setup.py): finished with status 'done'
Created wheel for PTable: filename=PTable-0.9.2-cp37-none-any.whl size=22906 sha256=158efb35c29c0141fe14bd9cb45732afa5aae873dd628fece0fd9a3794fcd79a
Stored in directory: /root/.cache/pip/wheels/22/cc/2e/55980bfe86393df3e9896146a01f6802978d09d7ebcba5ea56
Successfully built PTable
Installing collected packages: PTable, pip-licenses
Successfully installed PTable-0.9.2 pip-licenses-2.3.0
created path: ./licenses/license_info.csv
created path: ./licenses/license.txt
Build completed successfully
Image: "seldonio/test_tags_one_grpc:0.1" with ID "sha256:d58ce5f70c0823a5aeb5df39dfc77e8be4ae31124acc4bc7aabc60710c13b135" not present on node "kind-control-plane"
Image: "seldonio/test_tags_one_grpc:0.1" with ID "sha256:d58ce5f70c0823a5aeb5df39dfc77e8be4ae31124acc4bc7aabc60710c13b135" not present on node "kind-worker"
---> Installing application source...
Collecting pip-licenses
Downloading https://files.pythonhosted.org/packages/c5/50/6c4b4e69a0c43bd9f03a30579695093062ba72da4e3e4026cd2144dbcc71/pip_licenses-2.3.0-py3-none-any.whl
Collecting PTable (from pip-licenses)
Downloading https://files.pythonhosted.org/packages/ab/b3/b54301811173ca94119eb474634f120a49cd370f257d1aae5a4abaf12729/PTable-0.9.2.tar.gz
Building wheels for collected packages: PTable
Building wheel for PTable (setup.py): started
Building wheel for PTable (setup.py): finished with status 'done'
Created wheel for PTable: filename=PTable-0.9.2-cp37-none-any.whl size=22906 sha256=d4c364ff461b122c2699b23dcf3365ed53420138b8f1a56463ebf75886f8b750
Stored in directory: /root/.cache/pip/wheels/22/cc/2e/55980bfe86393df3e9896146a01f6802978d09d7ebcba5ea56
Successfully built PTable
Installing collected packages: PTable, pip-licenses
Successfully installed PTable-0.9.2 pip-licenses-2.3.0
created path: ./licenses/license_info.csv
created path: ./licenses/license.txt
Build completed successfully
Image: "seldonio/test_tags_two_grpc:0.1" with ID "sha256:a5cb8ed441b623a3564a59267a3d12a15c8503f0d6c737f027d389096494c389" not present on node "kind-control-plane"
Image: "seldonio/test_tags_two_grpc:0.1" with ID "sha256:a5cb8ed441b623a3564a59267a3d12a15c8503f0d6c737f027d389096494c389" not present on node "kind-worker"
seldondeployment.machinelearning.seldon.io/mymodel-tags-graph created
deployment "mymodel-tags-graph-mymodel-tags-graph-0-model-one-model-two" successfully rolled out
seldondeployment.machinelearning.seldon.io "mymodel-tags-graph" deleted
PASSEDnamespace "test-model-graph-grpc" deleted

test_tags.py::TestTagsPythonS2iK8s::test_model_combiner_grpc namespace/test-model-combiner-grpc created
---> Installing application source...
Collecting pip-licenses
Downloading https://files.pythonhosted.org/packages/c5/50/6c4b4e69a0c43bd9f03a30579695093062ba72da4e3e4026cd2144dbcc71/pip_licenses-2.3.0-py3-none-any.whl
Collecting PTable (from pip-licenses)
Downloading https://files.pythonhosted.org/packages/ab/b3/b54301811173ca94119eb474634f120a49cd370f257d1aae5a4abaf12729/PTable-0.9.2.tar.gz
Building wheels for collected packages: PTable
Building wheel for PTable (setup.py): started
Building wheel for PTable (setup.py): finished with status 'done'
Created wheel for PTable: filename=PTable-0.9.2-cp37-none-any.whl size=22906 sha256=edd3f0c97a7743b7b4b8cdc37be26d958b0a393f930209faeae1395ffcfd2fcc
Stored in directory: /root/.cache/pip/wheels/22/cc/2e/55980bfe86393df3e9896146a01f6802978d09d7ebcba5ea56
Successfully built PTable
Installing collected packages: PTable, pip-licenses
Successfully installed PTable-0.9.2 pip-licenses-2.3.0
created path: ./licenses/license_info.csv
created path: ./licenses/license.txt
Build completed successfully
Image: "seldonio/test_tags_one_grpc:0.1" with ID "sha256:73702c58d8d5cbfcf7003cda104b5bd0091f216221d8241328c4206d51f3d303" not present on node "kind-control-plane"
Image: "seldonio/test_tags_one_grpc:0.1" with ID "sha256:73702c58d8d5cbfcf7003cda104b5bd0091f216221d8241328c4206d51f3d303" not present on node "kind-worker"
---> Installing application source...
Collecting pip-licenses
Downloading https://files.pythonhosted.org/packages/c5/50/6c4b4e69a0c43bd9f03a30579695093062ba72da4e3e4026cd2144dbcc71/pip_licenses-2.3.0-py3-none-any.whl
Collecting PTable (from pip-licenses)
Downloading https://files.pythonhosted.org/packages/ab/b3/b54301811173ca94119eb474634f120a49cd370f257d1aae5a4abaf12729/PTable-0.9.2.tar.gz
Building wheels for collected packages: PTable
Building wheel for PTable (setup.py): started
Building wheel for PTable (setup.py): finished with status 'done'
Created wheel for PTable: filename=PTable-0.9.2-cp37-none-any.whl size=22906 sha256=7fe1d2f719b03d659c3d01f596671e6457bc13e9579e531b230658cfcbe1532d
Stored in directory: /root/.cache/pip/wheels/22/cc/2e/55980bfe86393df3e9896146a01f6802978d09d7ebcba5ea56
Successfully built PTable
Installing collected packages: PTable, pip-licenses
Successfully installed PTable-0.9.2 pip-licenses-2.3.0
created path: ./licenses/license_info.csv
created path: ./licenses/license.txt
Build completed successfully
Image: "seldonio/test_tags_two_grpc:0.1" with ID "sha256:fa9946f9687f73d7ee01263d3f164204f045d35e6692171404a196d253c0a368" not present on node "kind-control-plane"
Image: "seldonio/test_tags_two_grpc:0.1" with ID "sha256:fa9946f9687f73d7ee01263d3f164204f045d35e6692171404a196d253c0a368" not present on node "kind-worker"
---> Installing application source...
Collecting pip-licenses
Downloading https://files.pythonhosted.org/packages/c5/50/6c4b4e69a0c43bd9f03a30579695093062ba72da4e3e4026cd2144dbcc71/pip_licenses-2.3.0-py3-none-any.whl
Collecting PTable (from pip-licenses)
Downloading https://files.pythonhosted.org/packages/ab/b3/b54301811173ca94119eb474634f120a49cd370f257d1aae5a4abaf12729/PTable-0.9.2.tar.gz
Building wheels for collected packages: PTable
Building wheel for PTable (setup.py): started
Building wheel for PTable (setup.py): finished with status 'done'
Created wheel for PTable: filename=PTable-0.9.2-cp37-none-any.whl size=22906 sha256=160051d19db6fe065bd554d97de56c9abdc825f9a81b1ab0c886a96e70450032
Stored in directory: /root/.cache/pip/wheels/22/cc/2e/55980bfe86393df3e9896146a01f6802978d09d7ebcba5ea56
Successfully built PTable
Installing collected packages: PTable, pip-licenses
Successfully installed PTable-0.9.2 pip-licenses-2.3.0
created path: ./licenses/license_info.csv
created path: ./licenses/license.txt
Build completed successfully
Image: "seldonio/test_tags_combiner_grpc:0.1" with ID "sha256:27d3938f99348b5a45a0f1084a36c06b97bd37c0638cdee2218d473d75a76935" not present on node "kind-control-plane"
Image: "seldonio/test_tags_combiner_grpc:0.1" with ID "sha256:27d3938f99348b5a45a0f1084a36c06b97bd37c0638cdee2218d473d75a76935" not present on node "kind-worker"
seldondeployment.machinelearning.seldon.io/mymodel-tags-combiner created
deployment "seldon-a8d2256d87a7c13f898df7d6478eb475" successfully rolled out
seldondeployment.machinelearning.seldon.io "mymodel-tags-combiner" deleted
PASSEDnamespace "test-model-combiner-grpc" deleted

===Flaky Test Report===

test_namespace_update[1.0.2] passed 1 out of the required 1 times. Success!
test_namespace_update[1.1.0] passed 1 out of the required 1 times. Success!
test_rolling_update5[ambas] passed 1 out of the required 1 times. Success!
test_rolling_update5[istio] passed 1 out of the required 1 times. Success!
test_rolling_update6[ambas] passed 1 out of the required 1 times. Success!
test_rolling_update6[istio] passed 1 out of the required 1 times. Success!
test_rolling_update7[ambas] passed 1 out of the required 1 times. Success!
test_rolling_update7[istio] passed 1 out of the required 1 times. Success!
test_rolling_update8[ambas] passed 1 out of the required 1 times. Success!
test_rolling_update8[istio] passed 1 out of the required 1 times. Success!
test_rolling_update9[ambas] passed 1 out of the required 1 times. Success!
test_rolling_update9[istio] passed 1 out of the required 1 times. Success!
test_rolling_update10[ambas] passed 1 out of the required 1 times. Success!
test_rolling_update10[istio] passed 1 out of the required 1 times. Success!

===End Flaky Test Report===

========== 50 passed, 1 skipped, 58 deselected in 4596.11s (1:16:36) ===========
kind delete cluster
Deleting cluster "kind" ...
Stopping Docker: dockerProgram process in pidfile '/var/run/docker-ssd.pid', 1 process(es), refused to die.
