
Showing logs for build [32mseldonio-seldon-core-pr-1415-in-f49sc-9[0m stage [32mpr-build-comment[0m and container [32mstep-credential-initializer-mvxzl[0m
{"level":"warn","ts":1581082055.3899515,"logger":"fallback-logger","caller":"logging/config.go:69","msg":"Fetch GitHub commit ID from kodata failed: \"ref: refs/heads/0.8.0-**-support-backwards-incompats\" is not a valid GitHub commit ID"}
{"level":"info","ts":1581082055.3903916,"logger":"fallback-logger","caller":"creds-init/main.go:40","msg":"Credentials initialized."}

Showing logs for build [32mseldonio-seldon-core-pr-1415-in-f49sc-9[0m stage [32mpr-build-comment[0m and container [32mstep-working-dir-initializer-kt654[0m
{"level":"warn","ts":1581082056.454251,"logger":"fallback-logger","caller":"logging/config.go:69","msg":"Fetch GitHub commit ID from kodata failed: open /var/run/ko/HEAD: no such file or directory"}
{"level":"info","ts":1581082056.455726,"logger":"fallback-logger","caller":"bash/main.go:64","msg":"Successfully executed command \"sh -c mkdir -p /workspace/source\"; output "}

Showing logs for build [32mseldonio-seldon-core-pr-1415-in-f49sc-9[0m stage [32mpr-build-comment[0m and container [32mstep-place-tools[0m

Showing logs for build [32mseldonio-seldon-core-pr-1415-in-f49sc-9[0m stage [32mpr-build-comment[0m and container [32mstep-create-dir-workspace-kpmgl[0m
{"level":"warn","ts":1581082062.591845,"logger":"fallback-logger","caller":"logging/config.go:69","msg":"Fetch GitHub commit ID from kodata failed: open /var/run/ko/HEAD: no such file or directory"}
{"level":"info","ts":1581082062.593456,"logger":"fallback-logger","caller":"bash/main.go:64","msg":"Successfully executed command \"sh -c mkdir -p source\"; output "}

Showing logs for build [32mseldonio-seldon-core-pr-1415-in-f49sc-9[0m stage [32mpr-build-comment[0m and container [32mstep-git-source-seldonio-seldon-core-pr-1415-in-p9q9b[0m
{"level":"warn","ts":1581082062.8748393,"logger":"fallback-logger","caller":"logging/config.go:69","msg":"Fetch GitHub commit ID from kodata failed: \"ref: refs/heads/0.8.0-**-support-backwards-incompats\" is not a valid GitHub commit ID"}
{"level":"info","ts":1581082066.068266,"logger":"fallback-logger","caller":"git/git.go:103","msg":"Successfully cloned https://github.com/SeldonIO/seldon-core.git @ master in path /workspace/source"}

Showing logs for build [32mseldonio-seldon-core-pr-1415-in-f49sc-9[0m stage [32mpr-build-comment[0m and container [32mstep-git-merge[0m
Using SHAs from PULL_REFS=master:9e81a0067ca9fd7a18a41b32e37e5e0e68cb076c,1415:34c751cb1142ed73be10fcf902d10956e5828937
DEBUG: ran git fetch --unshallow origin 34c751cb1142ed73be10fcf902d10956e5828937: 9e81a0067ca9fd7a18a41b32e37e5e0e68cb076c: in 
DEBUG: ran git checkout master in 
DEBUG: ran git reset --hard 9e81a0067ca9fd7a18a41b32e37e5e0e68cb076c in 
DEBUG: ran clean --force -d . in 
DEBUG: ran git merge 34c751cb1142ed73be10fcf902d10956e5828937 in 
Merged SHA 34c751cb1142ed73be10fcf902d10956e5828937 with commit message 'Mark flaky tests' into base branch master
Merged SHA 879d1764438f1ec16f1ee847dc2c159bfb2a5aeb with commit message 'Fix error' into base branch master
Merged SHA 50f7e04316ee4f7f0bd2b59a8dd47a1762396ce6 with commit message 'Restore python-builder image' into base branch master
Merged SHA 2d40890fcc77866e4a6aa2d6ea11e3bd8344018b with commit message 'Use new version of core-builder' into base branch master
Merged SHA a772cb7a49fc1fead2792172fa12fc210cac4807 with commit message 'Add manual deletion of CRD' into base branch master

Showing logs for build [32mseldonio-seldon-core-pr-1415-in-f49sc-9[0m stage [32mpr-build-comment[0m and container [32mstep-step2[0m
+++ dirname ./add-pr-build-comment
++ cd .
++ pwd
+ STARTUP_DIR=/workspace/source/ci
+ REPO_OWNER=SeldonIO
+ REPO_NAME=seldon-core
+ PULL_NUMBER=1415
+ BUILD_NUMBER=9
+ PIPELINE_CONTEXT=integration
++ cat
+++ date
+ COMMENT_MSG='Fri Feb  7 13:27:58 UTC 2020
The logs for [integration] [9] will show after the pipeline context has finished.  
https://github.com/SeldonIO/seldon-core/blob/gh-pages/jenkins-x/logs/SeldonIO/seldon-core/PR-1415/9.log

impatient try  
** get build logs SeldonIO/seldon-core/PR-1415 --build=9'
+ ** step pr comment --owner=SeldonIO --repository=seldon-core --pull-request=1415 '--comment=Fri Feb  7 13:27:58 UTC 2020
The logs for [integration] [9] will show after the pipeline context has finished.  
https://github.com/SeldonIO/seldon-core/blob/gh-pages/jenkins-x/logs/SeldonIO/seldon-core/PR-1415/9.log

impatient try  
** get build logs SeldonIO/seldon-core/PR-1415 --build=9'

Showing logs for build [32mseldonio-seldon-core-pr-1415-in-f49sc-9[0m stage [32mpr-build-comment[0m and container [32mstep-source-mkdir-seldonio-seldon-core-pr-1415-in-2qzsh[0m
{"level":"warn","ts":1581082080.6532722,"logger":"fallback-logger","caller":"logging/config.go:69","msg":"Fetch GitHub commit ID from kodata failed: open /var/run/ko/HEAD: no such file or directory"}
{"level":"info","ts":1581082080.6566272,"logger":"fallback-logger","caller":"bash/main.go:64","msg":"Successfully executed command \"sh -c mkdir -p /pvc/pr-build-comment/workspace\"; output "}

Showing logs for build [32mseldonio-seldon-core-pr-1415-in-f49sc-9[0m stage [32mpr-build-comment[0m and container [32mstep-source-copy-seldonio-seldon-core-pr-1415-in-zw4n6[0m
{"level":"warn","ts":1581082080.9403641,"logger":"fallback-logger","caller":"logging/config.go:69","msg":"Fetch GitHub commit ID from kodata failed: open /var/run/ko/HEAD: no such file or directory"}
{"level":"info","ts":1581082081.1616611,"logger":"fallback-logger","caller":"bash/main.go:64","msg":"Successfully executed command \"sh -c cp -r source/. /pvc/pr-build-comment/workspace\"; output "}

Showing logs for build [32mseldonio-seldon-core-pr-1415-in-f49sc-9[0m stage [32mend-to-end[0m and container [32mstep-credential-initializer-w262r[0m
{"level":"warn","ts":1581082115.4135406,"logger":"fallback-logger","caller":"logging/config.go:69","msg":"Fetch GitHub commit ID from kodata failed: \"ref: refs/heads/0.8.0-**-support-backwards-incompats\" is not a valid GitHub commit ID"}
{"level":"info","ts":1581082115.414091,"logger":"fallback-logger","caller":"creds-init/main.go:40","msg":"Credentials initialized."}

Showing logs for build [32mseldonio-seldon-core-pr-1415-in-f49sc-9[0m stage [32mend-to-end[0m and container [32mstep-working-dir-initializer-qtx8f[0m
{"level":"warn","ts":1581082115.7071173,"logger":"fallback-logger","caller":"logging/config.go:69","msg":"Fetch GitHub commit ID from kodata failed: open /var/run/ko/HEAD: no such file or directory"}
{"level":"info","ts":1581082115.7085333,"logger":"fallback-logger","caller":"bash/main.go:64","msg":"Successfully executed command \"sh -c mkdir -p /workspace/source\"; output "}

Showing logs for build [32mseldonio-seldon-core-pr-1415-in-f49sc-9[0m stage [32mend-to-end[0m and container [32mstep-place-tools[0m

Showing logs for build [32mseldonio-seldon-core-pr-1415-in-f49sc-9[0m stage [32mend-to-end[0m and container [32mstep-create-dir-workspace-q72wc[0m
{"level":"warn","ts":1581082121.7571135,"logger":"fallback-logger","caller":"logging/config.go:69","msg":"Fetch GitHub commit ID from kodata failed: open /var/run/ko/HEAD: no such file or directory"}
{"level":"info","ts":1581082121.7584789,"logger":"fallback-logger","caller":"bash/main.go:64","msg":"Successfully executed command \"sh -c mkdir -p /workspace/source\"; output "}

Showing logs for build [32mseldonio-seldon-core-pr-1415-in-f49sc-9[0m stage [32mend-to-end[0m and container [32mstep-source-copy-workspace-bzclf[0m
{"level":"warn","ts":1581082121.9527886,"logger":"fallback-logger","caller":"logging/config.go:69","msg":"Fetch GitHub commit ID from kodata failed: open /var/run/ko/HEAD: no such file or directory"}
{"level":"info","ts":1581082123.9442322,"logger":"fallback-logger","caller":"bash/main.go:64","msg":"Successfully executed command \"sh -c cp -r /pvc/pr-build-comment/workspace/. /workspace/source\"; output "}

Showing logs for build [32mseldonio-seldon-core-pr-1415-in-f49sc-9[0m stage [32mend-to-end[0m and container [32mstep-test-end-to-end[0m
Starting Docker: docker.
[SETUP] Waiting for Docker to be ready, sleeping for 1 seconds ...
kind create cluster --config kind_config.yaml
Creating cluster "kind" ...
 â€¢ Ensuring node image (kindest/node:v1.16.3) ðŸ–¼  ...
 âœ“ Ensuring node image (kindest/node:v1.16.3) ðŸ–¼
 â€¢ Preparing nodes ðŸ“¦  ...
 âœ“ Preparing nodes ðŸ“¦
 â€¢ Writing configuration ðŸ“œ  ...
 âœ“ Writing configuration ðŸ“œ
 â€¢ Starting control-plane ðŸ•¹ï¸  ...
 âœ“ Starting control-plane ðŸ•¹ï¸
 â€¢ Installing CNI ðŸ”Œ  ...
 âœ“ Installing CNI ðŸ”Œ
 â€¢ Installing StorageClass ðŸ’¾  ...
 âœ“ Installing StorageClass ðŸ’¾
 â€¢ Joining worker nodes ðŸšœ  ...
 âœ“ Joining worker nodes ðŸšœ
Set kubectl context to "kind-kind"
You can now use your cluster with:

kubectl cluster-info --context kind-kind

Have a question, bug, or feature request? Let us know! https://kind.sigs.k8s.io/#community ðŸ™‚
`kind get kubeconfig-path` is deprecated!

KIND will export and merge kubeconfig like kops, minikube, etc.
This command is now unnecessary and will be removed in a future release.

For more info see: https://github.com/kubernetes-sigs/kind/issues/1060
See also the output of `kind create cluster`

Files changed in python folder:
SKIPPING PYTHON IMAGE BUILD...
Files changed in operator folder:
SKIPPING OPERATOR IMAGE BUILD...
Files changed in engine folder:
SKIPPING ENGINE IMAGE BUILD...
Files changed in executor folder:
SKIPPING EXECUTOR IMAGE BUILD...
Build fixed models
cd ../docker/fixed-model && make kind_load_images
make[1]: Entering directory '/workspace/source/testing/docker/fixed-model'
s2i build -E environment_rest_v1 . seldonio/seldon-core-s2i-python3:0.15 seldonio/fixed-model:0.1
---> Installing application source...
Build completed successfully
s2i build -E environment_rest_v2 . seldonio/seldon-core-s2i-python3:0.15 seldonio/fixed-model:0.2
---> Installing application source...
Build completed successfully
kind load -v 3 docker-image seldonio/fixed-model:0.1
Image: "seldonio/fixed-model:0.1" with ID "sha256:e85cd98eae8d8ba87622964afe239e67579340379327d5b3506e74107731c6b5" not present on node "kind-worker"
Image: "seldonio/fixed-model:0.1" with ID "sha256:e85cd98eae8d8ba87622964afe239e67579340379327d5b3506e74107731c6b5" not present on node "kind-control-plane"
kind load -v 3 docker-image seldonio/fixed-model:0.2
Image: "seldonio/fixed-model:0.2" with ID "sha256:9804c04cd513554c706730417e60a19810929c6d721ae070c640b98855c11055" not present on node "kind-worker"
Image: "seldonio/fixed-model:0.2" with ID "sha256:9804c04cd513554c706730417e60a19810929c6d721ae070c640b98855c11055" not present on node "kind-control-plane"
make[1]: Leaving directory '/workspace/source/testing/docker/fixed-model'
kubectl create namespace seldon || echo "Namespace seldon already exists"
namespace/seldon created
kubectl create namespace test1 || echo "Namespace test1 already exists"
namespace/test1 created
helm repo add stable https://kubernetes-charts.storage.googleapis.com/
"stable" has been added to your repositories
helm repo add seldonio https://storage.googleapis.com/seldon-charts
"seldonio" has been added to your repositories
helm repo update
Hang tight while we grab the latest from your chart repositories...
...Successfully got an update from the "seldonio" chart repository
...Successfully got an update from the "stable" chart repository
Update Complete. âŽˆ Happy Helming!âŽˆ 
helm install --wait ambassador stable/ambassador -f ambassador_values.yaml --set crds.keep=false --namespace seldon --set replicaCount=1
manifest_sorter.go:175: info: skipping unknown hook: "crd-install"
manifest_sorter.go:175: info: skipping unknown hook: "crd-install"
manifest_sorter.go:175: info: skipping unknown hook: "crd-install"
manifest_sorter.go:175: info: skipping unknown hook: "crd-install"
manifest_sorter.go:175: info: skipping unknown hook: "crd-install"
manifest_sorter.go:175: info: skipping unknown hook: "crd-install"
manifest_sorter.go:175: info: skipping unknown hook: "crd-install"
manifest_sorter.go:175: info: skipping unknown hook: "crd-install"
manifest_sorter.go:175: info: skipping unknown hook: "crd-install"
manifest_sorter.go:175: info: skipping unknown hook: "crd-install"
manifest_sorter.go:175: info: skipping unknown hook: "crd-install"
manifest_sorter.go:175: info: skipping unknown hook: "crd-install"
manifest_sorter.go:175: info: skipping unknown hook: "crd-install"
manifest_sorter.go:175: info: skipping unknown hook: "crd-install"
NAME: ambassador
LAST DEPLOYED: Fri Feb  7 13:33:32 2020
NAMESPACE: seldon
STATUS: deployed
REVISION: 1
NOTES:
Congratulations! You've successfully installed Ambassador.

For help, visit our Slack at https://d6e.co/slack or view the documentation online at https://www.getambassador.io.

To get the IP address of Ambassador, run the following commands:
  export NODE_PORT=$(kubectl get --namespace seldon -o jsonpath="{.spec.ports[0].nodePort}" services ambassador)
  export NODE_IP=$(kubectl get nodes --namespace seldon -o jsonpath="{.items[0].status.addresses[0].address}")
  echo http://$NODE_IP:$NODE_PORT
kubectl apply -f istio-1.4.2.yaml
clusterrole.rbac.authorization.k8s.io/istio-reader-istio-system created
clusterrolebinding.rbac.authorization.k8s.io/istio-reader-istio-system created
customresourcedefinition.apiextensions.k8s.io/attributemanifests.config.istio.io created
customresourcedefinition.apiextensions.k8s.io/clusterrbacconfigs.rbac.istio.io created
customresourcedefinition.apiextensions.k8s.io/destinationrules.networking.istio.io created
customresourcedefinition.apiextensions.k8s.io/envoyfilters.networking.istio.io created
customresourcedefinition.apiextensions.k8s.io/gateways.networking.istio.io created
customresourcedefinition.apiextensions.k8s.io/httpapispecbindings.config.istio.io created
customresourcedefinition.apiextensions.k8s.io/httpapispecs.config.istio.io created
customresourcedefinition.apiextensions.k8s.io/meshpolicies.authentication.istio.io created
customresourcedefinition.apiextensions.k8s.io/policies.authentication.istio.io created
customresourcedefinition.apiextensions.k8s.io/quotaspecbindings.config.istio.io created
customresourcedefinition.apiextensions.k8s.io/quotaspecs.config.istio.io created
customresourcedefinition.apiextensions.k8s.io/rbacconfigs.rbac.istio.io created
customresourcedefinition.apiextensions.k8s.io/rules.config.istio.io created
customresourcedefinition.apiextensions.k8s.io/serviceentries.networking.istio.io created
customresourcedefinition.apiextensions.k8s.io/servicerolebindings.rbac.istio.io created
customresourcedefinition.apiextensions.k8s.io/serviceroles.rbac.istio.io created
customresourcedefinition.apiextensions.k8s.io/virtualservices.networking.istio.io created
customresourcedefinition.apiextensions.k8s.io/adapters.config.istio.io created
customresourcedefinition.apiextensions.k8s.io/instances.config.istio.io created
customresourcedefinition.apiextensions.k8s.io/templates.config.istio.io created
customresourcedefinition.apiextensions.k8s.io/handlers.config.istio.io created
customresourcedefinition.apiextensions.k8s.io/sidecars.networking.istio.io created
customresourcedefinition.apiextensions.k8s.io/authorizationpolicies.security.istio.io created
namespace/istio-system created
serviceaccount/istio-reader-service-account created
clusterrole.rbac.authorization.k8s.io/istio-citadel-istio-system created
clusterrolebinding.rbac.authorization.k8s.io/istio-citadel-istio-system created
deployment.apps/istio-citadel created
poddisruptionbudget.policy/istio-citadel created
service/istio-citadel created
serviceaccount/istio-citadel-service-account created
deployment.apps/istio-egressgateway created
poddisruptionbudget.policy/istio-egressgateway created
gateway.networking.istio.io/istio-multicluster-egressgateway created
virtualservice.networking.istio.io/istio-multicluster-egressgateway created
envoyfilter.networking.istio.io/istio-multicluster-egressgateway created
destinationrule.networking.istio.io/istio-multicluster-destinationrule created
service/istio-egressgateway created
role.rbac.authorization.k8s.io/istio-egressgateway-sds created
rolebinding.rbac.authorization.k8s.io/istio-egressgateway-sds created
serviceaccount/istio-egressgateway-service-account created
clusterrole.rbac.authorization.k8s.io/istio-galley-istio-system created
clusterrolebinding.rbac.authorization.k8s.io/istio-galley-*****-role-binding-istio-system created
configmap/istio-mesh-galley created
configmap/istio-galley-configuration created
deployment.apps/istio-galley created
poddisruptionbudget.policy/istio-galley created
service/istio-galley created
serviceaccount/istio-galley-service-account created
configmap/istio-grafana-configuration-dashboards-citadel-dashboard created
configmap/istio-grafana-configuration-dashboards-galley-dashboard created
configmap/istio-grafana-configuration-dashboards-istio-mesh-dashboard created
configmap/istio-grafana-configuration-dashboards-istio-performance-dashboard created
configmap/istio-grafana-configuration-dashboards-istio-service-dashboard created
configmap/istio-grafana-configuration-dashboards-istio-workload-dashboard created
configmap/istio-grafana-configuration-dashboards-mixer-dashboard created
configmap/istio-grafana-configuration-dashboards-pilot-dashboard created
configmap/istio-grafana created
deployment.apps/grafana created
policy.authentication.istio.io/grafana-ports-mtls-disabled created
service/grafana created
deployment.apps/istio-ingressgateway created
gateway.networking.istio.io/ingressgateway created
poddisruptionbudget.policy/ingressgateway created
service/istio-ingressgateway created
serviceaccount/istio-ingressgateway-service-account created
sidecar.networking.istio.io/default created
clusterrole.rbac.authorization.k8s.io/istio-sidecar-injector-istio-system created
clusterrolebinding.rbac.authorization.k8s.io/istio-sidecar-injector-*****-role-binding-istio-system created
configmap/injector-mesh created
deployment.apps/istio-sidecar-injector created
mutatingwebhookconfiguration.admissionregistration.k8s.io/istio-sidecar-injector created
poddisruptionbudget.policy/istio-sidecar-injector created
service/istio-sidecar-injector created
serviceaccount/istio-sidecar-injector-service-account created
configmap/istio-sidecar-injector created
clusterrole.rbac.authorization.k8s.io/kiali created
clusterrole.rbac.authorization.k8s.io/kiali-viewer created
clusterrolebinding.rbac.authorization.k8s.io/kiali created
configmap/kiali created
secret/kiali created
deployment.apps/kiali created
service/kiali created
serviceaccount/kiali-service-account created
clusterrole.rbac.authorization.k8s.io/istio-pilot-istio-system created
clusterrolebinding.rbac.authorization.k8s.io/istio-pilot-istio-system created
configmap/pilot-envoy-config created
configmap/istio created
deployment.apps/istio-pilot created
meshpolicy.authentication.istio.io/default created
poddisruptionbudget.policy/istio-pilot created
service/istio-pilot created
serviceaccount/istio-pilot-service-account created
clusterrole.rbac.authorization.k8s.io/istio-policy created
clusterrolebinding.rbac.authorization.k8s.io/istio-policy-*****-role-binding-istio-system created
destinationrule.networking.istio.io/istio-policy created
deployment.apps/istio-policy created
poddisruptionbudget.policy/istio-policy created
service/istio-policy created
serviceaccount/istio-policy-service-account created
clusterrole.rbac.authorization.k8s.io/prometheus-istio-system created
clusterrolebinding.rbac.authorization.k8s.io/prometheus-istio-system created
configmap/prometheus created
deployment.apps/prometheus created
service/prometheus created
serviceaccount/prometheus created
horizontalpodautoscaler.autoscaling/istio-telemetry created
clusterrole.rbac.authorization.k8s.io/istio-mixer-istio-system created
clusterrolebinding.rbac.authorization.k8s.io/istio-mixer-*****-role-binding-istio-system created
attributemanifest.config.istio.io/istioproxy created
attributemanifest.config.istio.io/kubernetes created
handler.config.istio.io/stdio created
instance.config.istio.io/accesslog created
instance.config.istio.io/tcpaccesslog created
rule.config.istio.io/stdio created
rule.config.istio.io/stdiotcp created
instance.config.istio.io/requestcount created
instance.config.istio.io/requestduration created
instance.config.istio.io/requestsize created
instance.config.istio.io/responsesize created
instance.config.istio.io/tcpbytesent created
instance.config.istio.io/tcpbytereceived created
instance.config.istio.io/tcpconnectionsopened created
instance.config.istio.io/tcpconnectionsclosed created
handler.config.istio.io/prometheus created
rule.config.istio.io/promhttp created
rule.config.istio.io/promtcp created
rule.config.istio.io/promtcpconnectionopen created
rule.config.istio.io/promtcpconnectionclosed created
handler.config.istio.io/kubernetesenv created
rule.config.istio.io/kubeattrgenrulerule created
rule.config.istio.io/tcpkubeattrgenrulerule created
instance.config.istio.io/attributes created
destinationrule.networking.istio.io/istio-telemetry created
configmap/telemetry-envoy-config created
deployment.apps/istio-telemetry created
poddisruptionbudget.policy/istio-telemetry created
service/istio-telemetry created
serviceaccount/istio-mixer-service-account created
deployment.apps/istio-tracing created
service/jaeger-query created
service/jaeger-collector created
service/jaeger-agent created
service/zipkin created
service/tracing created
kubectl rollout status deployment.apps/istio-ingressgateway -n istio-system
Waiting for deployment "istio-ingressgateway" rollout to finish: 0 of 1 updated replicas are available...
deployment "istio-ingressgateway" successfully rolled out
kubectl rollout status deployment.apps/istio-pilot -n istio-system
deployment "istio-pilot" successfully rolled out
kubectl rollout status deployment.apps/istio-citadel -n istio-system
deployment "istio-citadel" successfully rolled out
cd ../../operator && make install-cert-manager
make[1]: Entering directory '/workspace/source/operator'
kubectl create namespace cert-manager || echo "Namespace cert-manager-exists"
namespace/cert-manager created
kubectl label namespace cert-manager cert-manager.io/disable-validation=true || echo "namespace cert-manager-already labelled"
namespace/cert-manager labeled
kubectl apply --validate=false -f https://github.com/jetstack/cert-manager/releases/download/v0.12.0/cert-manager.yaml
customresourcedefinition.apiextensions.k8s.io/certificaterequests.cert-manager.io created
customresourcedefinition.apiextensions.k8s.io/certificates.cert-manager.io created
customresourcedefinition.apiextensions.k8s.io/challenges.acme.cert-manager.io created
customresourcedefinition.apiextensions.k8s.io/clusterissuers.cert-manager.io created
customresourcedefinition.apiextensions.k8s.io/issuers.cert-manager.io created
customresourcedefinition.apiextensions.k8s.io/orders.acme.cert-manager.io created
Warning: kubectl apply should be used on resource created by either kubectl create --save-config or kubectl apply
namespace/cert-manager configured
serviceaccount/cert-manager-cainjector created
serviceaccount/cert-manager created
serviceaccount/cert-manager-webhook created
clusterrole.rbac.authorization.k8s.io/cert-manager-cainjector created
clusterrolebinding.rbac.authorization.k8s.io/cert-manager-cainjector created
role.rbac.authorization.k8s.io/cert-manager-cainjector:leaderelection created
rolebinding.rbac.authorization.k8s.io/cert-manager-cainjector:leaderelection created
clusterrolebinding.rbac.authorization.k8s.io/cert-manager-webhook:auth-delegator created
rolebinding.rbac.authorization.k8s.io/cert-manager-webhook:webhook-authentication-reader created
clusterrole.rbac.authorization.k8s.io/cert-manager-webhook:webhook-requester created
role.rbac.authorization.k8s.io/cert-manager:leaderelection created
rolebinding.rbac.authorization.k8s.io/cert-manager:leaderelection created
clusterrole.rbac.authorization.k8s.io/cert-manager-controller-issuers created
clusterrole.rbac.authorization.k8s.io/cert-manager-controller-clusterissuers created
clusterrole.rbac.authorization.k8s.io/cert-manager-controller-certificates created
clusterrole.rbac.authorization.k8s.io/cert-manager-controller-orders created
clusterrole.rbac.authorization.k8s.io/cert-manager-controller-challenges created
clusterrole.rbac.authorization.k8s.io/cert-manager-controller-ingress-shim created
clusterrolebinding.rbac.authorization.k8s.io/cert-manager-controller-issuers created
clusterrolebinding.rbac.authorization.k8s.io/cert-manager-controller-clusterissuers created
clusterrolebinding.rbac.authorization.k8s.io/cert-manager-controller-certificates created
clusterrolebinding.rbac.authorization.k8s.io/cert-manager-controller-orders created
clusterrolebinding.rbac.authorization.k8s.io/cert-manager-controller-challenges created
clusterrolebinding.rbac.authorization.k8s.io/cert-manager-controller-ingress-shim created
clusterrole.rbac.authorization.k8s.io/cert-manager-view created
clusterrole.rbac.authorization.k8s.io/cert-manager-edit created
service/cert-manager created
service/cert-manager-webhook created
deployment.apps/cert-manager-cainjector created
deployment.apps/cert-manager created
deployment.apps/cert-manager-webhook created
mutatingwebhookconfiguration.admissionregistration.k8s.io/cert-manager-webhook created
validatingwebhookconfiguration.admissionregistration.k8s.io/cert-manager-webhook created
kubectl rollout status deployment.apps/cert-manager -n cert-manager
Waiting for deployment "cert-manager" rollout to finish: 0 of 1 updated replicas are available...
deployment "cert-manager" successfully rolled out
kubectl rollout status deployment.apps/cert-manager-cainjector -n cert-manager
deployment "cert-manager-cainjector" successfully rolled out
kubectl rollout status deployment.apps/cert-manager-webhook -n cert-manager
Waiting for deployment "cert-manager-webhook" rollout to finish: 0 of 1 updated replicas are available...
deployment "cert-manager-webhook" successfully rolled out
make[1]: Leaving directory '/workspace/source/operator'
sleep 5 #https://github.com/jetstack/cert-manager/issues/2273
kubectl create namespace seldon-system || echo "namespace seldon-system exists"
namespace/seldon-system created
helm install --wait seldon ../../helm-charts/seldon-core-operator --namespace seldon-system --set istio.enabled=true --set istio.gateway=seldon-gateway --set certManager.enabled=false --set executor.enabled=true
NAME: seldon
LAST DEPLOYED: Fri Feb  7 13:36:35 2020
NAMESPACE: seldon-system
STATUS: deployed
REVISION: 1
TEST SUITE: None
kubectl config set-context $(kubectl config current-context) --namespace=seldon
Context "kind-kind" modified.
make: Entering directory '/workspace/source/python'
pip install -e . -r requirements-dev.txt
Obtaining file:///workspace/source/python
Collecting Flask<2.0.0
  Downloading Flask-1.1.1-py2.py3-none-any.whl (94 kB)
Collecting Flask-cors<4.0.0
  Downloading Flask_Cors-3.0.8-py2.py3-none-any.whl (14 kB)
Collecting redis<4.0.0
  Downloading redis-3.4.1-py2.py3-none-any.whl (71 kB)
Collecting requests<3.0.0
  Downloading requests-2.22.0-py2.py3-none-any.whl (57 kB)
Collecting numpy<2.0.0
  Downloading numpy-1.18.1-cp36-cp36m-manylinux1_x86_64.whl (20.1 MB)
Collecting flatbuffers<2.0.0
  Downloading flatbuffers-1.11-py2.py3-none-any.whl (15 kB)
Requirement already satisfied: protobuf<4.0.0 in /usr/local/lib/python3.6/site-packages (from -r requirements.txt (line 7)) (3.11.3)
Requirement already satisfied: grpcio<2.0.0 in /usr/local/lib/python3.6/site-packages (from -r requirements.txt (line 8)) (1.26.0)
Collecting Flask-OpenTracing<1.2.0,>=1.1.0
  Downloading Flask-OpenTracing-1.1.0.tar.gz (8.2 kB)
Collecting opentracing<2.3.0,>=2.2.0
  Downloading opentracing-2.2.0.tar.gz (47 kB)
Collecting jaeger-client<4.2.0,>=4.1.0
  Downloading jaeger-client-4.1.0.tar.gz (80 kB)
Collecting grpcio-opentracing<1.2.0,>=1.1.4
  Downloading grpcio_opentracing-1.1.4-py3-none-any.whl (14 kB)
Collecting pyaml<20.0.0
  Downloading pyaml-19.12.0-py2.py3-none-any.whl (17 kB)
Collecting gunicorn<20.1.0,>=19.9.0
  Downloading gunicorn-20.0.4-py2.py3-none-any.whl (77 kB)
Collecting minio<6.0.0,>=4.0.9
  Downloading minio-5.0.7-py2.py3-none-any.whl (71 kB)
Collecting azure-storage-blob<3.0.0,>=2.0.1
  Downloading azure_storage_blob-2.1.0-py2.py3-none-any.whl (88 kB)
Requirement already satisfied: setuptools>=41.0.0 in /usr/local/lib/python3.6/site-packages (from -r requirements.txt (line 17)) (45.1.0)
Collecting pandas==0.25.3
  Downloading pandas-0.25.3-cp36-cp36m-manylinux1_x86_64.whl (10.4 MB)
Collecting google-cloud-storage>=1.16.0
  Downloading google_cloud_storage-1.25.0-py2.py3-none-any.whl (73 kB)
Collecting mypy<0.762
  Downloading mypy-0.761-cp36-cp36m-manylinux1_x86_64.whl (24.1 MB)
Collecting Pillow==7.0.0
  Downloading Pillow-7.0.0-cp36-cp36m-manylinux1_x86_64.whl (2.1 MB)
Collecting tox<4.0.0
  Downloading tox-3.14.3-py2.py3-none-any.whl (80 kB)
Collecting pytest==5.3.1
  Downloading pytest-5.3.1-py3-none-any.whl (233 kB)
Collecting pytest-cov==2.8.1
  Downloading pytest_cov-2.8.1-py2.py3-none-any.whl (18 kB)
Collecting coverage==4.5.4
  Downloading coverage-4.5.4-cp36-cp36m-manylinux1_x86_64.whl (205 kB)
Collecting Werkzeug>=0.15
  Downloading Werkzeug-1.0.0-py2.py3-none-any.whl (298 kB)
Collecting itsdangerous>=0.24
  Downloading itsdangerous-1.1.0-py2.py3-none-any.whl (16 kB)
Collecting Jinja2>=2.10.1
  Downloading Jinja2-2.11.1-py2.py3-none-any.whl (126 kB)
Collecting click>=5.1
  Downloading Click-7.0-py2.py3-none-any.whl (81 kB)
Requirement already satisfied: Six in /usr/local/lib/python3.6/site-packages (from Flask-cors<4.0.0->-r requirements.txt (line 2)) (1.14.0)
Collecting idna<2.9,>=2.5
  Downloading idna-2.8-py2.py3-none-any.whl (58 kB)
Collecting urllib3!=1.25.0,!=1.25.1,<1.26,>=1.21.1
  Downloading urllib3-1.25.8-py2.py3-none-any.whl (125 kB)
Collecting chardet<3.1.0,>=3.0.2
  Downloading chardet-3.0.4-py2.py3-none-any.whl (133 kB)
Collecting certifi>=2017.4.17
  Downloading certifi-2019.11.28-py2.py3-none-any.whl (156 kB)
Collecting threadloop<2,>=1
  Downloading threadloop-1.0.2.tar.gz (4.9 kB)
Collecting thrift
  Downloading thrift-0.13.0.tar.gz (59 kB)
Collecting tornado<6,>=4.3
  Downloading tornado-5.1.1.tar.gz (516 kB)
Requirement already satisfied: PyYAML in /usr/local/lib/python3.6/site-packages (from pyaml<20.0.0->-r requirements.txt (line 13)) (5.3)
Collecting python-dateutil
  Downloading python_dateutil-2.8.1-py2.py3-none-any.whl (227 kB)
Collecting configparser
  Downloading configparser-4.0.2-py2.py3-none-any.whl (22 kB)
Collecting pytz
  Downloading pytz-2019.3-py2.py3-none-any.whl (509 kB)
Collecting azure-storage-common~=2.1
  Downloading azure_storage_common-2.1.0-py2.py3-none-any.whl (47 kB)
Collecting azure-common>=1.1.5
  Downloading azure_common-1.1.24-py2.py3-none-any.whl (12 kB)
Collecting google-resumable-media<0.6dev,>=0.5.0
  Downloading google_resumable_media-0.5.0-py2.py3-none-any.whl (38 kB)
Collecting google-auth<2.0dev,>=1.9.0
  Downloading google_auth-1.11.0-py2.py3-none-any.whl (76 kB)
Collecting google-cloud-core<2.0dev,>=1.2.0
  Downloading google_cloud_core-1.3.0-py2.py3-none-any.whl (26 kB)
Collecting mypy-extensions<0.5.0,>=0.4.3
  Downloading mypy_extensions-0.4.3-py2.py3-none-any.whl (4.5 kB)
Collecting typed-ast<1.5.0,>=1.4.0
  Downloading typed_ast-1.4.1-cp36-cp36m-manylinux1_x86_64.whl (737 kB)
Collecting typing-extensions>=3.7.4
  Downloading typing_extensions-3.7.4.1-py3-none-any.whl (20 kB)
Collecting virtualenv>=16.0.0
  Downloading virtualenv-16.7.9-py2.py3-none-any.whl (3.4 MB)
Collecting toml>=0.9.4
  Downloading toml-0.10.0-py2.py3-none-any.whl (25 kB)
Collecting pluggy<1,>=0.12.0
  Downloading pluggy-0.13.1-py2.py3-none-any.whl (18 kB)
Collecting filelock<4,>=3.0.0
  Downloading filelock-3.0.12-py3-none-any.whl (7.6 kB)
Collecting importlib-metadata<2,>=0.12; python_version < "3.8"
  Downloading importlib_metadata-1.5.0-py2.py3-none-any.whl (30 kB)
Collecting py<2,>=1.4.17
  Downloading py-1.8.1-py2.py3-none-any.whl (83 kB)
Collecting packaging>=14
  Downloading packaging-20.1-py2.py3-none-any.whl (36 kB)
Collecting wcwidth
  Downloading wcwidth-0.1.8-py2.py3-none-any.whl (17 kB)
Collecting more-itertools>=4.0.0
  Downloading more_itertools-8.2.0-py3-none-any.whl (43 kB)
Collecting attrs>=17.4.0
  Downloading attrs-19.3.0-py2.py3-none-any.whl (39 kB)
Collecting MarkupSafe>=0.23
  Downloading MarkupSafe-1.1.1-cp36-cp36m-manylinux1_x86_64.whl (27 kB)
Collecting cryptography
  Downloading cryptography-2.8-cp34-abi3-manylinux2010_x86_64.whl (2.3 MB)
Collecting cachetools<5.0,>=2.0.0
  Downloading cachetools-4.0.0-py3-none-any.whl (10 kB)
Collecting pyasn1-modules>=0.2.1
  Downloading pyasn1_modules-0.2.8-py2.py3-none-any.whl (155 kB)
Collecting rsa<4.1,>=3.1.4
  Downloading rsa-4.0-py2.py3-none-any.whl (38 kB)
Collecting google-api-core<2.0.0dev,>=1.16.0
  Downloading google_api_core-1.16.0-py2.py3-none-any.whl (70 kB)
Collecting zipp>=0.5
  Downloading zipp-2.1.0-py3-none-any.whl (4.6 kB)
Collecting pyparsing>=2.0.2
  Downloading pyparsing-2.4.6-py2.py3-none-any.whl (67 kB)
Collecting cffi!=1.11.3,>=1.8
  Downloading cffi-1.13.2-cp36-cp36m-manylinux1_x86_64.whl (397 kB)
Collecting pyasn1<0.5.0,>=0.4.6
  Downloading pyasn1-0.4.8-py2.py3-none-any.whl (77 kB)
Collecting googleapis-common-protos<2.0dev,>=1.6.0
  Downloading googleapis-common-protos-1.51.0.tar.gz (35 kB)
Collecting pycparser
  Downloading pycparser-2.19.tar.gz (158 kB)
Building wheels for collected packages: Flask-OpenTracing, opentracing, jaeger-client, threadloop, thrift, tornado, googleapis-common-protos, pycparser
  Building wheel for Flask-OpenTracing (setup.py): started
  Building wheel for Flask-OpenTracing (setup.py): finished with status 'done'
  Created wheel for Flask-OpenTracing: filename=Flask_OpenTracing-1.1.0-py3-none-any.whl size=9070 sha256=50821b95b3de27c20f066499efe6b9c4a7ed81327792c09b0449efa662e0000f
  Stored in directory: /builder/home/.cache/pip/wheels/ad/4b/2d/24ff0da0a0b53c7c77ce59b843bcceaf644c88703241e59615
  Building wheel for opentracing (setup.py): started
  Building wheel for opentracing (setup.py): finished with status 'done'
  Created wheel for opentracing: filename=opentracing-2.2.0-py3-none-any.whl size=49319 sha256=b11685146c34767f22d3b9c02661aa70120899ca6fb91cd24d424b3603782782
  Stored in directory: /builder/home/.cache/pip/wheels/39/40/44/8bace79f4514e99786236c31f1df8d1b814ff02c1e08b1d697
  Building wheel for jaeger-client (setup.py): started
  Building wheel for jaeger-client (setup.py): finished with status 'done'
  Created wheel for jaeger-client: filename=jaeger_client-4.1.0-py3-none-any.whl size=64309 sha256=86171aab3eeb8d71fada9a44d789022e5395e6d91b7e7ce0b923a77274a80cae
  Stored in directory: /builder/home/.cache/pip/wheels/e9/9b/8c/503d0cc13b39a551c054515683ba1d15b40324c863dc442e66
  Building wheel for threadloop (setup.py): started
  Building wheel for threadloop (setup.py): finished with status 'done'
  Created wheel for threadloop: filename=threadloop-1.0.2-py3-none-any.whl size=3423 sha256=a25b9cb536e7e8bc9f4f220b57f0355ad83ac7c5e01eeea5a1bace44d2d7ba8b
  Stored in directory: /builder/home/.cache/pip/wheels/02/54/65/9f87de48fe8fcaaee30f279973d946ad55f9df56b93b3e78da
  Building wheel for thrift (setup.py): started
  Building wheel for thrift (setup.py): finished with status 'done'
  Created wheel for thrift: filename=thrift-0.13.0-cp36-cp36m-linux_x86_64.whl size=483915 sha256=208e3c4d2b86141f1d61bf991116003ea85b7b92b3374fdae2a5e642b41970f1
  Stored in directory: /builder/home/.cache/pip/wheels/e0/38/fc/472fe18756b177b42096961f8bd3ff2dc5c5620ac399fce52d
  Building wheel for tornado (setup.py): started
  Building wheel for tornado (setup.py): finished with status 'done'
  Created wheel for tornado: filename=tornado-5.1.1-cp36-cp36m-linux_x86_64.whl size=462655 sha256=d53e7268714eccb1ad97dc537b49eeaa09183f14316297d9b2558c1e41afe273
  Stored in directory: /builder/home/.cache/pip/wheels/64/74/71/e7a0d0eb4fc42cb20a17aec36f8f0b5b8c5e1ec19c701fd34a
  Building wheel for googleapis-common-protos (setup.py): started
  Building wheel for googleapis-common-protos (setup.py): finished with status 'done'
  Created wheel for googleapis-common-protos: filename=googleapis_common_protos-1.51.0-py3-none-any.whl size=77592 sha256=81a6438860451cd1ffb0dc1b859f7e9bbd700f466cb38ed5989d9a866c899e6a
  Stored in directory: /builder/home/.cache/pip/wheels/35/8d/af/a922cb18800b31fadac3523cadf6c1efdf233b788fe7a4da70
  Building wheel for pycparser (setup.py): started
  Building wheel for pycparser (setup.py): finished with status 'done'
  Created wheel for pycparser: filename=pycparser-2.19-py2.py3-none-any.whl size=111031 sha256=24dba77fdd3e382ff900124e2080a9c0843993333179f3bab2001da281c77150
  Stored in directory: /builder/home/.cache/pip/wheels/c6/6b/83/2608afaa57ecfb0a66ac89191a8d9bad71c62ca55ee499c2d0
Successfully built Flask-OpenTracing opentracing jaeger-client threadloop thrift tornado googleapis-common-protos pycparser
Installing collected packages: Werkzeug, itsdangerous, MarkupSafe, Jinja2, click, Flask, Flask-cors, redis, idna, urllib3, chardet, certifi, requests, numpy, flatbuffers, opentracing, Flask-OpenTracing, tornado, threadloop, thrift, jaeger-client, grpcio-opentracing, pyaml, gunicorn, python-dateutil, configparser, pytz, minio, pycparser, cffi, cryptography, azure-common, azure-storage-common, azure-storage-blob, pandas, google-resumable-media, cachetools, pyasn1, pyasn1-modules, rsa, google-auth, googleapis-common-protos, google-api-core, google-cloud-core, google-cloud-storage, mypy-extensions, typed-ast, typing-extensions, mypy, Pillow, virtualenv, toml, zipp, importlib-metadata, pluggy, filelock, py, pyparsing, packaging, tox, wcwidth, more-itertools, attrs, pytest, coverage, pytest-cov, seldon-core
  Running setup.py develop for seldon-core
Successfully installed Flask-1.1.1 Flask-OpenTracing-1.1.0 Flask-cors-3.0.8 Jinja2-2.11.1 MarkupSafe-1.1.1 Pillow-7.0.0 Werkzeug-1.0.0 attrs-19.3.0 azure-common-1.1.24 azure-storage-blob-2.1.0 azure-storage-common-2.1.0 cachetools-4.0.0 certifi-2019.11.28 cffi-1.13.2 chardet-3.0.4 click-7.0 configparser-4.0.2 coverage-4.5.4 cryptography-2.8 filelock-3.0.12 flatbuffers-1.11 google-api-core-1.16.0 google-auth-1.11.0 google-cloud-core-1.3.0 google-cloud-storage-1.25.0 google-resumable-media-0.5.0 googleapis-common-protos-1.51.0 grpcio-opentracing-1.1.4 gunicorn-20.0.4 idna-2.8 importlib-metadata-1.5.0 itsdangerous-1.1.0 jaeger-client-4.1.0 minio-5.0.7 more-itertools-8.2.0 mypy-0.761 mypy-extensions-0.4.3 numpy-1.18.1 opentracing-2.2.0 packaging-20.1 pandas-0.25.3 pluggy-0.13.1 py-1.8.1 pyaml-19.12.0 pyasn1-0.4.8 pyasn1-modules-0.2.8 pycparser-2.19 pyparsing-2.4.6 pytest-5.3.1 pytest-cov-2.8.1 python-dateutil-2.8.1 pytz-2019.3 redis-3.4.1 requests-2.22.0 rsa-4.0 seldon-core threadloop-1.0.2 thrift-0.13.0 toml-0.10.0 tornado-5.1.1 tox-3.14.3 typed-ast-1.4.1 typing-extensions-3.7.4.1 urllib3-1.25.8 virtualenv-16.7.9 wcwidth-0.1.8 zipp-2.1.0
make: Leaving directory '/workspace/source/python'
cp ../../proto/prediction.proto ./proto
cd ../../proto/tensorflow && make create_protos
make[1]: Entering directory '/workspace/source/proto/tensorflow'
./create-protos.sh
Downloading proto files for master
make[1]: Leaving directory '/workspace/source/proto/tensorflow'
cp -vr ../../proto/tensorflow/tensorflow .
'../../proto/tensorflow/tensorflow' -> './tensorflow'
'../../proto/tensorflow/tensorflow/core' -> './tensorflow/core'
'../../proto/tensorflow/tensorflow/core/framework' -> './tensorflow/core/framework'
'../../proto/tensorflow/tensorflow/core/framework/types.proto' -> './tensorflow/core/framework/types.proto'
'../../proto/tensorflow/tensorflow/core/framework/resource_handle.proto' -> './tensorflow/core/framework/resource_handle.proto'
'../../proto/tensorflow/tensorflow/core/framework/tensor_shape.proto' -> './tensorflow/core/framework/tensor_shape.proto'
'../../proto/tensorflow/tensorflow/core/framework/tensor.proto' -> './tensorflow/core/framework/tensor.proto'
python -m grpc.tools.protoc -I. --python_out=. --grpc_python_out=. ./proto/prediction.proto
cd ../../notebooks && make build_protos
make[1]: Entering directory '/workspace/source/notebooks'
cd ../proto/tensorflow && make create_protos
make[2]: Entering directory '/workspace/source/proto/tensorflow'
make[2]: Nothing to be done for 'create_protos'.
make[2]: Leaving directory '/workspace/source/proto/tensorflow'
cp -vr ../proto/tensorflow/tensorflow .
'../proto/tensorflow/tensorflow' -> './tensorflow'
'../proto/tensorflow/tensorflow/core' -> './tensorflow/core'
'../proto/tensorflow/tensorflow/core/framework' -> './tensorflow/core/framework'
'../proto/tensorflow/tensorflow/core/framework/types.proto' -> './tensorflow/core/framework/types.proto'
'../proto/tensorflow/tensorflow/core/framework/resource_handle.proto' -> './tensorflow/core/framework/resource_handle.proto'
'../proto/tensorflow/tensorflow/core/framework/tensor_shape.proto' -> './tensorflow/core/framework/tensor_shape.proto'
'../proto/tensorflow/tensorflow/core/framework/tensor.proto' -> './tensorflow/core/framework/tensor.proto'
cp ../proto/prediction.proto ./proto
python -m grpc.tools.protoc -I. --python_out=. --grpc_python_out=. ./proto/prediction.proto
make[1]: Leaving directory '/workspace/source/notebooks'
cd ../../proto/k8s && make create_protos
make[1]: Entering directory '/workspace/source/proto/k8s'
./create-k8s-protos.sh
Downloading proto files for master
Munging proto file packages
sed -i.bak 's|import "k8s.io/apiextensions-apiserver/|//import "k8s.io/apiextensions-apiserver/|' k8s.io/api/core/v1/generated.proto
rm k8s.io/api/core/v1/generated.proto.bak
make[1]: Leaving directory '/workspace/source/proto/k8s'
pip install -r dev_requirements.txt
Obtaining file:///workspace/source/python (from -r dev_requirements.txt (line 11))
Requirement already satisfied: pytest==5.3.1 in /usr/local/lib/python3.6/site-packages (from -r dev_requirements.txt (line 1)) (5.3.1)
Collecting pytest-xdist==1.30.0
  Downloading pytest_xdist-1.30.0-py2.py3-none-any.whl (35 kB)
Requirement already satisfied: pytest-cov==2.8.1 in /usr/local/lib/python3.6/site-packages (from -r dev_requirements.txt (line 3)) (2.8.1)
Collecting flaky==3.6.1
  Downloading flaky-3.6.1-py2.py3-none-any.whl (22 kB)
Collecting retrying==1.3.3
  Downloading retrying-1.3.3.tar.gz (10 kB)
Requirement already satisfied: coverage==4.5.4 in /usr/local/lib/python3.6/site-packages (from -r dev_requirements.txt (line 8)) (4.5.4)
Requirement already satisfied: Flask<2.0.0 in /usr/local/lib/python3.6/site-packages (from seldon-core==1.0.1->-r dev_requirements.txt (line 11)) (1.1.1)
Requirement already satisfied: Flask-cors<4.0.0 in /usr/local/lib/python3.6/site-packages (from seldon-core==1.0.1->-r dev_requirements.txt (line 11)) (3.0.8)
Requirement already satisfied: redis<4.0.0 in /usr/local/lib/python3.6/site-packages (from seldon-core==1.0.1->-r dev_requirements.txt (line 11)) (3.4.1)
Requirement already satisfied: requests<3.0.0 in /usr/local/lib/python3.6/site-packages (from seldon-core==1.0.1->-r dev_requirements.txt (line 11)) (2.22.0)
Requirement already satisfied: numpy<2.0.0 in /usr/local/lib/python3.6/site-packages (from seldon-core==1.0.1->-r dev_requirements.txt (line 11)) (1.18.1)
Requirement already satisfied: flatbuffers<2.0.0 in /usr/local/lib/python3.6/site-packages (from seldon-core==1.0.1->-r dev_requirements.txt (line 11)) (1.11)
Requirement already satisfied: protobuf<4.0.0 in /usr/local/lib/python3.6/site-packages (from seldon-core==1.0.1->-r dev_requirements.txt (line 11)) (3.11.3)
Requirement already satisfied: grpcio<2.0.0 in /usr/local/lib/python3.6/site-packages (from seldon-core==1.0.1->-r dev_requirements.txt (line 11)) (1.26.0)
Requirement already satisfied: Flask-OpenTracing<1.2.0,>=1.1.0 in /usr/local/lib/python3.6/site-packages (from seldon-core==1.0.1->-r dev_requirements.txt (line 11)) (1.1.0)
Requirement already satisfied: opentracing<2.3.0,>=2.2.0 in /usr/local/lib/python3.6/site-packages (from seldon-core==1.0.1->-r dev_requirements.txt (line 11)) (2.2.0)
Requirement already satisfied: jaeger-client<4.2.0,>=4.1.0 in /usr/local/lib/python3.6/site-packages (from seldon-core==1.0.1->-r dev_requirements.txt (line 11)) (4.1.0)
Requirement already satisfied: grpcio-opentracing<1.2.0,>=1.1.4 in /usr/local/lib/python3.6/site-packages (from seldon-core==1.0.1->-r dev_requirements.txt (line 11)) (1.1.4)
Requirement already satisfied: pyaml<20.0.0 in /usr/local/lib/python3.6/site-packages (from seldon-core==1.0.1->-r dev_requirements.txt (line 11)) (19.12.0)
Requirement already satisfied: gunicorn<20.1.0,>=19.9.0 in /usr/local/lib/python3.6/site-packages (from seldon-core==1.0.1->-r dev_requirements.txt (line 11)) (20.0.4)
Requirement already satisfied: minio<6.0.0,>=4.0.9 in /usr/local/lib/python3.6/site-packages (from seldon-core==1.0.1->-r dev_requirements.txt (line 11)) (5.0.7)
Requirement already satisfied: azure-storage-blob<3.0.0,>=2.0.1 in /usr/local/lib/python3.6/site-packages (from seldon-core==1.0.1->-r dev_requirements.txt (line 11)) (2.1.0)
Requirement already satisfied: setuptools>=41.0.0 in /usr/local/lib/python3.6/site-packages (from seldon-core==1.0.1->-r dev_requirements.txt (line 11)) (45.1.0)
Requirement already satisfied: attrs>=17.4.0 in /usr/local/lib/python3.6/site-packages (from pytest==5.3.1->-r dev_requirements.txt (line 1)) (19.3.0)
Requirement already satisfied: importlib-metadata>=0.12; python_version < "3.8" in /usr/local/lib/python3.6/site-packages (from pytest==5.3.1->-r dev_requirements.txt (line 1)) (1.5.0)
Requirement already satisfied: py>=1.5.0 in /usr/local/lib/python3.6/site-packages (from pytest==5.3.1->-r dev_requirements.txt (line 1)) (1.8.1)
Requirement already satisfied: packaging in /usr/local/lib/python3.6/site-packages (from pytest==5.3.1->-r dev_requirements.txt (line 1)) (20.1)
Requirement already satisfied: wcwidth in /usr/local/lib/python3.6/site-packages (from pytest==5.3.1->-r dev_requirements.txt (line 1)) (0.1.8)
Requirement already satisfied: more-itertools>=4.0.0 in /usr/local/lib/python3.6/site-packages (from pytest==5.3.1->-r dev_requirements.txt (line 1)) (8.2.0)
Requirement already satisfied: pluggy<1.0,>=0.12 in /usr/local/lib/python3.6/site-packages (from pytest==5.3.1->-r dev_requirements.txt (line 1)) (0.13.1)
Requirement already satisfied: six in /usr/local/lib/python3.6/site-packages (from pytest-xdist==1.30.0->-r dev_requirements.txt (line 2)) (1.14.0)
Collecting pytest-forked
  Downloading pytest_forked-1.1.3-py2.py3-none-any.whl (4.5 kB)
Collecting execnet>=1.1
  Downloading execnet-1.7.1-py2.py3-none-any.whl (39 kB)
Requirement already satisfied: click>=5.1 in /usr/local/lib/python3.6/site-packages (from Flask<2.0.0->seldon-core==1.0.1->-r dev_requirements.txt (line 11)) (7.0)
Requirement already satisfied: Werkzeug>=0.15 in /usr/local/lib/python3.6/site-packages (from Flask<2.0.0->seldon-core==1.0.1->-r dev_requirements.txt (line 11)) (1.0.0)
Requirement already satisfied: Jinja2>=2.10.1 in /usr/local/lib/python3.6/site-packages (from Flask<2.0.0->seldon-core==1.0.1->-r dev_requirements.txt (line 11)) (2.11.1)
Requirement already satisfied: itsdangerous>=0.24 in /usr/local/lib/python3.6/site-packages (from Flask<2.0.0->seldon-core==1.0.1->-r dev_requirements.txt (line 11)) (1.1.0)
Requirement already satisfied: urllib3!=1.25.0,!=1.25.1,<1.26,>=1.21.1 in /usr/local/lib/python3.6/site-packages (from requests<3.0.0->seldon-core==1.0.1->-r dev_requirements.txt (line 11)) (1.25.8)
Requirement already satisfied: chardet<3.1.0,>=3.0.2 in /usr/local/lib/python3.6/site-packages (from requests<3.0.0->seldon-core==1.0.1->-r dev_requirements.txt (line 11)) (3.0.4)
Requirement already satisfied: idna<2.9,>=2.5 in /usr/local/lib/python3.6/site-packages (from requests<3.0.0->seldon-core==1.0.1->-r dev_requirements.txt (line 11)) (2.8)
Requirement already satisfied: certifi>=2017.4.17 in /usr/local/lib/python3.6/site-packages (from requests<3.0.0->seldon-core==1.0.1->-r dev_requirements.txt (line 11)) (2019.11.28)
Requirement already satisfied: threadloop<2,>=1 in /usr/local/lib/python3.6/site-packages (from jaeger-client<4.2.0,>=4.1.0->seldon-core==1.0.1->-r dev_requirements.txt (line 11)) (1.0.2)
Requirement already satisfied: tornado<6,>=4.3 in /usr/local/lib/python3.6/site-packages (from jaeger-client<4.2.0,>=4.1.0->seldon-core==1.0.1->-r dev_requirements.txt (line 11)) (5.1.1)
Requirement already satisfied: thrift in /usr/local/lib/python3.6/site-packages (from jaeger-client<4.2.0,>=4.1.0->seldon-core==1.0.1->-r dev_requirements.txt (line 11)) (0.13.0)
Requirement already satisfied: PyYAML in /usr/local/lib/python3.6/site-packages (from pyaml<20.0.0->seldon-core==1.0.1->-r dev_requirements.txt (line 11)) (5.3)
Requirement already satisfied: pytz in /usr/local/lib/python3.6/site-packages (from minio<6.0.0,>=4.0.9->seldon-core==1.0.1->-r dev_requirements.txt (line 11)) (2019.3)
Requirement already satisfied: python-dateutil in /usr/local/lib/python3.6/site-packages (from minio<6.0.0,>=4.0.9->seldon-core==1.0.1->-r dev_requirements.txt (line 11)) (2.8.1)
Requirement already satisfied: configparser in /usr/local/lib/python3.6/site-packages (from minio<6.0.0,>=4.0.9->seldon-core==1.0.1->-r dev_requirements.txt (line 11)) (4.0.2)
Requirement already satisfied: azure-storage-common~=2.1 in /usr/local/lib/python3.6/site-packages (from azure-storage-blob<3.0.0,>=2.0.1->seldon-core==1.0.1->-r dev_requirements.txt (line 11)) (2.1.0)
Requirement already satisfied: azure-common>=1.1.5 in /usr/local/lib/python3.6/site-packages (from azure-storage-blob<3.0.0,>=2.0.1->seldon-core==1.0.1->-r dev_requirements.txt (line 11)) (1.1.24)
Requirement already satisfied: zipp>=0.5 in /usr/local/lib/python3.6/site-packages (from importlib-metadata>=0.12; python_version < "3.8"->pytest==5.3.1->-r dev_requirements.txt (line 1)) (2.1.0)
Requirement already satisfied: pyparsing>=2.0.2 in /usr/local/lib/python3.6/site-packages (from packaging->pytest==5.3.1->-r dev_requirements.txt (line 1)) (2.4.6)
Collecting apipkg>=1.4
  Downloading apipkg-1.5-py2.py3-none-any.whl (4.9 kB)
Requirement already satisfied: MarkupSafe>=0.23 in /usr/local/lib/python3.6/site-packages (from Jinja2>=2.10.1->Flask<2.0.0->seldon-core==1.0.1->-r dev_requirements.txt (line 11)) (1.1.1)
Requirement already satisfied: cryptography in /usr/local/lib/python3.6/site-packages (from azure-storage-common~=2.1->azure-storage-blob<3.0.0,>=2.0.1->seldon-core==1.0.1->-r dev_requirements.txt (line 11)) (2.8)
Requirement already satisfied: cffi!=1.11.3,>=1.8 in /usr/local/lib/python3.6/site-packages (from cryptography->azure-storage-common~=2.1->azure-storage-blob<3.0.0,>=2.0.1->seldon-core==1.0.1->-r dev_requirements.txt (line 11)) (1.13.2)
Requirement already satisfied: pycparser in /usr/local/lib/python3.6/site-packages (from cffi!=1.11.3,>=1.8->cryptography->azure-storage-common~=2.1->azure-storage-blob<3.0.0,>=2.0.1->seldon-core==1.0.1->-r dev_requirements.txt (line 11)) (2.19)
Building wheels for collected packages: retrying
  Building wheel for retrying (setup.py): started
  Building wheel for retrying (setup.py): finished with status 'done'
  Created wheel for retrying: filename=retrying-1.3.3-py3-none-any.whl size=11430 sha256=cd8167022cf2f456d753b49e46d55b7a2b1471b1b849440da7881ed584098a5e
  Stored in directory: /builder/home/.cache/pip/wheels/ac/cb/8a/b27bf6323e2f4c462dcbf77d70b7c5e7868a7fbe12871770cf
Successfully built retrying
Installing collected packages: pytest-forked, apipkg, execnet, pytest-xdist, flaky, retrying, seldon-core
  Attempting uninstall: seldon-core
    Found existing installation: seldon-core 1.0.1
    Uninstalling seldon-core-1.0.1:
      Successfully uninstalled seldon-core-1.0.1
  Running setup.py develop for seldon-core
Successfully installed apipkg-1.5 execnet-1.7.1 flaky-3.6.1 pytest-forked-1.1.3 pytest-xdist-1.30.0 retrying-1.3.3 seldon-core
# Run the core tests in parallel
pytest \
	--verbose \
	-s \
	-W ignore \
	-n "4" \
	-m "not sequential" 2>&1
============================= test session starts ==============================
platform linux -- Python 3.6.0, pytest-5.3.1, py-1.8.1, pluggy-0.13.1 -- /usr/local/bin/python
cachedir: .pytest_cache
rootdir: /workspace/source/testing/scripts, inifile: setup.cfg
plugins: xdist-1.30.0, forked-1.1.3, flaky-3.6.1, cov-2.8.1
gw0 I / gw1 I / gw2 I / gw3 I
[gw0] linux Python 3.6.0 cwd: /workspace/source/testing/scripts
[gw1] linux Python 3.6.0 cwd: /workspace/source/testing/scripts
[gw2] linux Python 3.6.0 cwd: /workspace/source/testing/scripts
[gw3] linux Python 3.6.0 cwd: /workspace/source/testing/scripts
[gw0] Python 3.6.0 (default, Feb  4 2020, 10:38:29)  -- [GCC 8.3.0]
[gw1] Python 3.6.0 (default, Feb  4 2020, 10:38:29)  -- [GCC 8.3.0]
[gw2] Python 3.6.0 (default, Feb  4 2020, 10:38:29)  -- [GCC 8.3.0]
[gw3] Python 3.6.0 (default, Feb  4 2020, 10:38:29)  -- [GCC 8.3.0]
gw0 [36] / gw1 [36] / gw2 [36] / gw3 [36]

scheduling tests via LoadScheduling

test_bad_graphs.py::TestBadGraphs::test_duplicate_predictor_name 
test_api_version.py::test_api_version[machinelearning.seldon.io/v1] 
test_api_version.py::test_api_version[machinelearning.seldon.io/v1alpha2] 
test_api_version.py::test_api_version[machinelearning.seldon.io/v1alpha3] Error from server (SeldonDeployment.machinelearing.seldon.io "dupname" is invalid: [spec.predictors[1]: Invalid value: "mymodel": Duplicate predictor name, spec: Invalid value: "dupname": Traffic must sum to 100 for multiple predictors]): error when creating "../resources/bad_duplicate_predictor_name.json": admission webhook "vseldondeployment.kb.io" denied the request: SeldonDeployment.machinelearing.seldon.io "dupname" is invalid: [spec.predictors[1]: Invalid value: "mymodel": Duplicate predictor name, spec: Invalid value: "dupname": Traffic must sum to 100 for multiple predictors]

[gw3] PASSED test_bad_graphs.py::TestBadGraphs::test_duplicate_predictor_name 
test_helm_charts_clusterwide.py::TestClusterWide::test_mab_model Error: uninstall: Release not loaded: mymodel: release: not found

[gw1] PASSED test_api_version.py::test_api_version[machinelearning.seldon.io/v1alpha3] Error: uninstall: Release not loaded: mymodel: release: not found

[gw0] PASSED test_api_version.py::test_api_version[machinelearning.seldon.io/v1alpha2] Error: uninstall: Release not loaded: mymab: release: not found

[gw3] PASSED test_helm_charts_clusterwide.py::TestClusterWide::test_mab_model Error: uninstall: Release not loaded: mymodel: release: not found

[gw2] PASSED test_api_version.py::test_api_version[machinelearning.seldon.io/v1] 
test_bad_graphs.py::TestBadGraphs::test_model_name_mismatch Error from server (SeldonDeployment.machinelearing.seldon.io "namemismatch" is invalid: spec.predictors[0].graph: Invalid value: "complex-model_bad_name": Can't find container for Predictive Unit): error when creating "../resources/bad_name_mismatch.json": admission webhook "vseldondeployment.kb.io" denied the request: SeldonDeployment.machinelearing.seldon.io "namemismatch" is invalid: spec.predictors[0].graph: Invalid value: "complex-model_bad_name": Can't find container for Predictive Unit

[gw0] PASSED test_bad_graphs.py::TestBadGraphs::test_model_name_mismatch 
test_local_operators.py::TestLocalOperators::test_namespace_operator 
test_helm_charts_clusterwide.py::TestClusterWide::test_single_model 
test_local_operators.py::TestLocalOperators::test_labelled_operator 
test_helm_charts_clusterwide.py::TestClusterWide::test_abtest_model Error from server (InternalError): error when creating "../resources/model_controller_id.yaml": Internal error occurred: failed calling webhook "mseldondeployment.kb.io": Post https://seldon-webhook-service.test-labelled-operator.svc:443/mutate-machinelearning-seldon-io-v1alpha2-seldondeployment?timeout=30s: dial tcp 10.110.211.106:443: connect: connection refused

[gw0] PASSED test_local_operators.py::TestLocalOperators::test_namespace_operator Error: uninstall: Release not loaded: mymodel: release: not found

[gw1] PASSED test_helm_charts_clusterwide.py::TestClusterWide::test_single_model Error: uninstall: Release not loaded: myabtest: release: not found

[gw2] PASSED test_helm_charts_clusterwide.py::TestClusterWide::test_abtest_model 
[gw3] PASSED test_local_operators.py::TestLocalOperators::test_labelled_operator 
test_prepackaged_servers.py::TestPrepack::test_tfserving 
test_prepackaged_servers.py::TestPrepack::test_mlflow 
test_prepackaged_servers.py::TestPrepack::test_sklearn 
test_rolling_updates.py::TestRollingHttp::test_rolling_update1[ambas] Error from server (NotFound): error when deleting "../resources/graph2.json": seldondeployments.machinelearning.seldon.io "mymodel" not found

[gw2] PASSED test_rolling_updates.py::TestRollingHttp::test_rolling_update1[ambas] 
[gw1] PASSED test_prepackaged_servers.py::TestPrepack::test_mlflow 
test_rolling_updates.py::TestRollingHttp::test_rolling_update1[istio] 
test_rolling_updates.py::TestRollingHttp::test_rolling_update2[istio] 
[gw3] PASSED test_prepackaged_servers.py::TestPrepack::test_sklearn 
[gw0] PASSED test_prepackaged_servers.py::TestPrepack::test_tfserving 
test_rolling_updates.py::TestRollingHttp::test_rolling_update2[ambas] Error from server (NotFound): error when deleting "../resources/graph2.json": seldondeployments.machinelearning.seldon.io "mymodel" not found

[gw1] PASSED test_rolling_updates.py::TestRollingHttp::test_rolling_update1[istio] Error from server (NotFound): error when deleting "../resources/graph3.json": seldondeployments.machinelearning.seldon.io "mymodel" not found

[gw2] PASSED test_rolling_updates.py::TestRollingHttp::test_rolling_update2[istio] 
test_prepackaged_servers.py::TestPrepack::test_xgboost 
test_rolling_updates.py::TestRollingHttp::test_rolling_update3[ambas] 
test_rolling_updates.py::TestRollingHttp::test_rolling_update3[istio] 
[gw0] PASSED test_prepackaged_servers.py::TestPrepack::test_xgboost 
test_rolling_updates.py::TestRollingHttp::test_rolling_update2[ambas] 
test_rolling_updates.py::TestRollingHttp::test_rolling_update4[istio] Error from server (NotFound): error when deleting "../resources/graph4.json": seldondeployments.machinelearning.seldon.io "mymodel" not found

[gw1] PASSED test_rolling_updates.py::TestRollingHttp::test_rolling_update3[ambas] Error from server (NotFound): error when deleting "../resources/graph4.json": seldondeployments.machinelearning.seldon.io "mymodel" not found

[gw2] PASSED test_rolling_updates.py::TestRollingHttp::test_rolling_update3[istio] 
test_rolling_updates.py::TestRollingHttp::test_rolling_update5[istio] 
test_rolling_updates.py::TestRollingHttp::test_rolling_update5[ambas] Error from server (NotFound): error when deleting "../resources/graph3.json": seldondeployments.machinelearning.seldon.io "mymodel" not found

[gw3] PASSED test_rolling_updates.py::TestRollingHttp::test_rolling_update2[ambas] Error from server (NotFound): error when deleting "../resources/graph5.json": seldondeployments.machinelearning.seldon.io "mymodel" not found

[gw0] PASSED test_rolling_updates.py::TestRollingHttp::test_rolling_update4[istio] 
test_rolling_updates.py::TestRollingHttp::test_rolling_update4[ambas] Error from server (NotFound): error when deleting "../resources/graph6.json": seldondeployments.machinelearning.seldon.io "mymodel" not found

[gw1] PASSED test_rolling_updates.py::TestRollingHttp::test_rolling_update5[ambas] Error from server (NotFound): error when deleting "../resources/graph6.json": seldondeployments.machinelearning.seldon.io "mymodel" not found

[gw2] PASSED test_rolling_updates.py::TestRollingHttp::test_rolling_update5[istio] 
test_rolling_updates.py::TestRollingHttp::test_rolling_update6[ambas] 
test_rolling_updates.py::TestRollingHttp::test_rolling_update7[ambas] 
test_rolling_updates.py::TestRollingHttp::test_rolling_update6[istio] Error from server (NotFound): error when deleting "../resources/graph5.json": seldondeployments.machinelearning.seldon.io "mymodel" not found

[gw3] PASSED test_rolling_updates.py::TestRollingHttp::test_rolling_update4[ambas] Error from server (NotFound): error when deleting "../resources/graph2svc.json": seldondeployments.machinelearning.seldon.io "mymodel" not found

[gw0] PASSED test_rolling_updates.py::TestRollingHttp::test_rolling_update6[ambas] Error from server (NotFound): error when deleting "../resources/graph3svc.json": seldondeployments.machinelearning.seldon.io "mymodel" not found

[gw1] PASSED test_rolling_updates.py::TestRollingHttp::test_rolling_update7[ambas] Error from server (NotFound): error when deleting "../resources/graph2svc.json": seldondeployments.machinelearning.seldon.io "mymodel" not found

[gw2] PASSED test_rolling_updates.py::TestRollingHttp::test_rolling_update6[istio] 
test_rolling_updates.py::TestRollingHttp::test_rolling_update7[istio] 
test_rolling_updates.py::TestRollingHttp::test_rolling_update8[ambas] 
test_rolling_updates.py::TestRollingHttp::test_rolling_update8[istio] 
test_rolling_updates.py::TestRollingHttp::test_rolling_update9[ambas] Error from server (NotFound): error when deleting "../resources/graph3svc.json": seldondeployments.machinelearning.seldon.io "mymodel" not found

[gw3] PASSED test_rolling_updates.py::TestRollingHttp::test_rolling_update7[istio] 
test_rolling_updates.py::TestRollingHttp::test_rolling_update9[istio] 
test_rolling_updates.py::TestRollingHttp::test_rolling_update9[ambas] Error from server (NotFound): error when deleting "../resources/graph4svc.json": seldondeployments.machinelearning.seldon.io "mymodel" not found

[gw1] PASSED test_rolling_updates.py::TestRollingHttp::test_rolling_update8[istio] 
test_rolling_updates.py::TestRollingHttp::test_rolling_update10[istio] 
test_rolling_updates.py::TestRollingHttp::test_rolling_update8[ambas] Error from server (NotFound): error when deleting "../resources/graph5svc.json": seldondeployments.machinelearning.seldon.io "mymodel" not found

[gw3] PASSED test_rolling_updates.py::TestRollingHttp::test_rolling_update9[istio] Error from server (NotFound): error when deleting "../resources/graph5svc.json": seldondeployments.machinelearning.seldon.io "mymodel" not found

[gw2] PASSED test_rolling_updates.py::TestRollingHttp::test_rolling_update9[ambas] Error from server (NotFound): error when deleting "../resources/graph6svc.json": seldondeployments.machinelearning.seldon.io "mymodel" not found

[gw1] PASSED test_rolling_updates.py::TestRollingHttp::test_rolling_update10[istio] 
test_rolling_updates.py::test_rolling_update_deployment[graph7.json-graph8.json] 
test_rolling_updates.py::test_rolling_update_deployment[graph1.json-graph8.json] Error from server (NotFound): error when deleting "../resources/graph4svc.json": seldondeployments.machinelearning.seldon.io "mymodel" not found

[gw0] PASSED test_rolling_updates.py::TestRollingHttp::test_rolling_update8[ambas] 
test_rolling_updates.py::TestRollingHttp::test_rolling_update10[ambas] Error from server (NotFound): error when deleting "../resources/graph6svc.json": seldondeployments.machinelearning.seldon.io "mymodel" not found

[gw0] PASSED test_rolling_updates.py::TestRollingHttp::test_rolling_update10[ambas] Error from server (NotFound): error when deleting "../resources/graph8.json": seldondeployments.machinelearning.seldon.io "mymodel" not found

[gw3] PASSED test_rolling_updates.py::test_rolling_update_deployment[graph7.json-graph8.json] Error from server (NotFound): error when deleting "../resources/graph8.json": seldondeployments.machinelearning.seldon.io "mymodel" not found

[gw2] PASSED test_rolling_updates.py::test_rolling_update_deployment[graph1.json-graph8.json] 
===Flaky Test Report===

test_rolling_update1[istio] passed 1 out of the required 1 times. Success!
test_rolling_update3[ambas] passed 1 out of the required 1 times. Success!
test_rolling_update5[ambas] passed 1 out of the required 1 times. Success!
test_rolling_update7[ambas] passed 1 out of the required 1 times. Success!
test_rolling_update8[istio] passed 1 out of the required 1 times. Success!
test_rolling_update10[istio] passed 1 out of the required 1 times. Success!
test_rolling_update4[istio] passed 1 out of the required 1 times. Success!
test_rolling_update6[ambas] passed 1 out of the required 1 times. Success!
test_rolling_update8[ambas] failed (1 runs remaining out of 2).
	<class 'AssertionError'>
	assert 504 == 200
  -504
  +200
	[<TracebackEntry /workspace/source/testing/scripts/test_rolling_updates.py:281>]
test_rolling_update8[ambas] passed 1 out of the required 1 times. Success!
test_rolling_update10[ambas] passed 1 out of the required 1 times. Success!
test_rolling_update2[ambas] failed (1 runs remaining out of 2).
	<class 'AssertionError'>
	assert 503 == 200
  -503
  +200
	[<TracebackEntry /workspace/source/testing/scripts/test_rolling_updates.py:84>]
test_rolling_update2[ambas] passed 1 out of the required 1 times. Success!
test_rolling_update4[ambas] passed 1 out of the required 1 times. Success!
test_rolling_update7[istio] passed 1 out of the required 1 times. Success!
test_rolling_update9[istio] passed 1 out of the required 1 times. Success!
test_rolling_update_deployment[graph7.json-graph8.json] passed 1 out of the required 1 times. Success!
test_rolling_update1[ambas] passed 1 out of the required 1 times. Success!
test_rolling_update2[istio] passed 1 out of the required 1 times. Success!
test_rolling_update3[istio] passed 1 out of the required 1 times. Success!
test_rolling_update5[istio] passed 1 out of the required 1 times. Success!
test_rolling_update6[istio] passed 1 out of the required 1 times. Success!
test_rolling_update9[ambas] failed (1 runs remaining out of 2).
	<class 'AssertionError'>
	assert 504 == 200
  -504
  +200
	[<TracebackEntry /workspace/source/testing/scripts/test_rolling_updates.py:309>]
test_rolling_update9[ambas] passed 1 out of the required 1 times. Success!
test_rolling_update_deployment[graph1.json-graph8.json] passed 1 out of the required 1 times. Success!

===End Flaky Test Report===

======================= 36 passed in 1121.66s (0:18:41) ========================
# Then run the s2i tests in sequence (as they currently fail in parallel
pytest \
	--verbose \
	-s \
	-W ignore \
	-n 0 \
	-m "sequential" 2>&1
============================= test session starts ==============================
platform linux -- Python 3.6.0, pytest-5.3.1, py-1.8.1, pluggy-0.13.1 -- /usr/local/bin/python
cachedir: .pytest_cache
rootdir: /workspace/source/testing/scripts, inifile: setup.cfg
plugins: xdist-1.30.0, forked-1.1.3, flaky-3.6.1, cov-2.8.1
collecting ... collected 58 items / 36 deselected / 22 selected

test_operator_updates.py::test_cluster_update[0.4.1] SKIPPED
test_operator_updates.py::test_cluster_update[0.5.1] namespace/test-cluster-update-0-5-1 created
release "seldon" uninstalled
customresourcedefinition.apiextensions.k8s.io "seldondeployments.machinelearning.seldon.io" deleted
NAME: seldon
LAST DEPLOYED: Fri Feb  7 13:56:13 2020
NAMESPACE: seldon-system
STATUS: deployed
REVISION: 1
TEST SUITE: None
Error from server (InternalError): error when creating "../resources/graph1.json": Internal error occurred: failed calling webhook "mseldondeployment.kb.io": Post https://seldon-webhook-service.seldon-system.svc:443/mutate-machinelearning-seldon-io-v1alpha2-seldondeployment?timeout=30s: dial tcp 10.97.0.70:443: connect: connection refused
seldondeployment.machinelearning.seldon.io/mymodel created

PODS UPDATE: NAMESPACE       NAME                                         READY   STATUS    RESTARTS   AGE


PODS UPDATE: cert-manager    cert-manager-5c47f46f57-724q5                1/1     Running   0          20m


PODS UPDATE: cert-manager    cert-manager-cainjector-6659d6844d-pb6kw     1/1     Running   0          20m


PODS UPDATE: cert-manager    cert-manager-webhook-547567b88f-kg7t6        1/1     Running   0          20m


PODS UPDATE: istio-system    grafana-6b65874977-c9l45                     1/1     Running   0          21m


PODS UPDATE: istio-system    istio-citadel-86dcf4c6b-hcptq                1/1     Running   0          21m


PODS UPDATE: istio-system    istio-egressgateway-68f754ccdd-5dtd7         1/1     Running   0          21m


PODS UPDATE: istio-system    istio-galley-5fc6d6c45b-5pb6j                1/1     Running   0          21m


PODS UPDATE: istio-system    istio-ingressgateway-6d759478d8-9bcrm        1/1     Running   0          21m


PODS UPDATE: istio-system    istio-pilot-5c4995d687-b9zc8                 1/1     Running   0          21m


PODS UPDATE: istio-system    istio-policy-57b99968f-k5xgl                 1/1     Running   0          21m


PODS UPDATE: istio-system    istio-sidecar-injector-746f7c7bbb-9mflj      1/1     Running   0          21m


PODS UPDATE: istio-system    istio-telemetry-854d8556d5-pmshr             1/1     Running   0          21m


PODS UPDATE: istio-system    istio-tracing-c66d67cd9-9bhzz                1/1     Running   0          21m


PODS UPDATE: istio-system    kiali-8559969566-76tc5                       1/1     Running   0          21m


PODS UPDATE: istio-system    prometheus-66c5887c86-5zdrk                  1/1     Running   0          21m


PODS UPDATE: kube-system     coredns-5644d7b6d9-rkrfh                     1/1     Running   0          26m


PODS UPDATE: kube-system     coredns-5644d7b6d9-tr9n7                     1/1     Running   0          26m


PODS UPDATE: kube-system     etcd-kind-control-plane                      1/1     Running   0          25m


PODS UPDATE: kube-system     kindnet-4pqll                                1/1     Running   0          26m


PODS UPDATE: kube-system     kindnet-sgxsc                                1/1     Running   0          26m


PODS UPDATE: kube-system     kube-apiserver-kind-control-plane            1/1     Running   0          25m


PODS UPDATE: kube-system     kube-controller-manager-kind-control-plane   1/1     Running   0          25m


PODS UPDATE: kube-system     kube-proxy-4q8ls                             1/1     Running   0          26m


PODS UPDATE: kube-system     kube-proxy-9ddb6                             1/1     Running   0          26m


PODS UPDATE: kube-system     kube-scheduler-kind-control-plane            1/1     Running   0          25m


PODS UPDATE: seldon-system   seldon-controller-manager-5994c7fd6b-pkbzg   1/1     Running   0          19m


PODS UPDATE: seldon          ambassador-689859d47c-cd7w7                  1/1     Running   0          22m


PODS UPDATE: seldon-system   seldon-controller-manager-5994c7fd6b-pkbzg   1/1     Terminating   0          19m


PODS UPDATE: seldon-system   seldon-controller-manager-769f69989f-2z754   0/1     Pending       0          0s


PODS UPDATE: seldon-system   seldon-controller-manager-769f69989f-2z754   0/1     Pending       0          0s


PODS UPDATE: seldon-system   seldon-controller-manager-769f69989f-2z754   0/1     ContainerCreating   0          0s


PODS UPDATE: seldon-system   seldon-controller-manager-5994c7fd6b-pkbzg   0/1     Terminating         0          19m


PODS UPDATE: seldon-system   seldon-controller-manager-769f69989f-2z754   1/1     Running             0          8s


PODS UPDATE: seldon-system   seldon-controller-manager-5994c7fd6b-pkbzg   0/1     Terminating         0          19m


PODS UPDATE: seldon-system   seldon-controller-manager-5994c7fd6b-pkbzg   0/1     Terminating         0          19m


PODS UPDATE: test-cluster-update-0-5-1   mymodel-mymodel-e2eb561-fbb6f756f-86njk      0/2     Pending            deployment "mymodel-mymodel-e2eb561" successfully rolled out
NAME      AGE
mymodel   53s
Release "seldon" has been upgraded. Happy Helming!
NAME: seldon
LAST DEPLOYED: Fri Feb  7 13:57:32 2020
NAMESPACE: seldon-system
STATUS: deployed
REVISION: 2
TEST SUITE: None
NAME      AGE
mymodel   65s
PASSEDrelease "seldon" uninstalled
customresourcedefinition.apiextensions.k8s.io "seldondeployments.machinelearning.seldon.io" deleted
NAME: seldon
LAST DEPLOYED: Fri Feb  7 13:57:39 2020
NAMESPACE: seldon-system
STATUS: deployed
REVISION: 1
TEST SUITE: None
namespace "test-cluster-update-0-5-1" deleted

test_operator_updates.py::test_cluster_update[1.0.0] namespace/test-cluster-update-1-0-0 created
release "seldon" uninstalled
customresourcedefinition.apiextensions.k8s.io "seldondeployments.machinelearning.seldon.io" deleted
NAME: seldon
LAST DEPLOYED: Fri Feb  7 13:58:08 2020
NAMESPACE: seldon-system
STATUS: deployed
REVISION: 1
TEST SUITE: None
Error from server (InternalError): error when creating "../resources/graph1.json": Internal error occurred: failed calling webhook "mseldondeployment.kb.io": Post https://seldon-webhook-service.seldon-system.svc:443/mutate-machinelearning-seldon-io-v1alpha2-seldondeployment?timeout=30s: dial tcp 10.101.117.1:443: connect: connection refused
seldondeployment.machinelearning.seldon.io/mymodel created
 0          0s


PODS UPDATE: test-cluster-update-0-5-1   mymodel-mymodel-e2eb561-fbb6f756f-86njk      0/2     Pending             0          0s


PODS UPDATE: test-cluster-update-0-5-1   mymodel-mymodel-e2eb561-fbb6f756f-86njk      0/2     ContainerCreating   0          0s


PODS UPDATE: test-cluster-update-0-5-1   mymodel-mymodel-e2eb561-fbb6f756f-86njk      0/2     Running             0          22s


PODS UPDATE: test-cluster-update-0-5-1   mymodel-mymodel-e2eb561-fbb6f756f-86njk      1/2     Running             0          30s


PODS UPDATE: test-cluster-update-0-5-1   mymodel-mymodel-e2eb561-fbb6f756f-86njk      2/2     Running             0          40s


PODS UPDATE: seldon-system               seldon-controller-manager-6bcbf68d85-xs4nf   0/1     Pending             0          0s


PODS UPDATE: seldon-system               seldon-controller-manager-6bcbf68d85-xs4nf   0/1     Pending             0          0s


PODS UPDATE: seldon-system               seldon-controller-manager-6bcbf68d85-xs4nf   0/1     ContainerCreating   0          0s


PODS UPDATE: seldon-system               seldon-controller-manager-6bcbf68d85-xs4nf   1/1     Running             0          3s


PODS UPDATE: seldon-system               seldon-controller-manager-769f69989f-2z754   1/1     Terminating         0          80s


PODS UPDATE: seldon-system               seldon-controller-manager-769f69989f-2z754   0/1     Terminating         0          80s


PODS UPDATE: seldon-system               seldon-controller-manager-6bcbf68d85-xs4nf   1/1     Terminating         0          5s


PODS UPDATE: seldon-system               seldon-controller-manager-6bcbf68d85-xs4nf   0/1     Terminating         0          6s


PODS UPDATE: seldon-system               seldon-controller-manager-5994c7fd6b-4ksrn   0/1     Pending             0          1s


PODS UPDATE: seldon-system               seldon-controller-manager-5994c7fd6b-4ksrn   0/1     Pending             0          1s


PODS UPDATE: seldon-system               seldon-controller-manager-5994c7fd6b-4ksrn   0/1     ContainerCreating   0          1s


PODS UPDATE: test-cluster-update-0-5-1   mymodel-mymodel-e2eb561-fbb6f756f-86njk      2/2     Terminating         0          59s


PODS UPDATE: seldon-system               seldon-controller-manager-5994c7fd6b-4ksrn   1/1     Running             0          2s


PODS UPDATE: seldon-system               seldon-controller-manager-6bcbf68d85-xs4nf   0/1     Terminating         0          13s


PODS UPDATE: seldon-system               seldon-controller-manager-6bcbf68d85-xs4nf   0/1     Terminating         0          13s


PODS UPDATE: seldon-system               seldon-controller-manager-769f69989f-2z754   0/1     Terminating         0          89s


PODS UPDATE: seldon-system               seldon-controller-manager-769f69989f-2z754   0/1     Terminating         0          89s


PODS UPDATE: test-cluster-update-0-5-1   mymodel-mymodel-e2eb561-fbb6f756f-86njk      1/2     Terminating         0          70s


PODS UPDATE: test-cluster-update-0-5-1   mymodel-mymodel-e2eb561-fbb6f756f-86njk      0/2     Terminating         0          80s


PODS UPDATE: test-cluster-update-0-5-1   mymodel-mymodel-e2eb561-fbb6f756f-86njk      0/2     Terminating         0          84s


PODS UPDATE: test-cluster-update-0-5-1   mymodel-mymodel-e2eb561-fbb6f756f-86njk      0/2     Terminating         0          84s


PODS UPDATE: seldon-system               seldon-controller-manager-5994c7fd6b-4ksrn   1/1     Terminating         0          27s


PODS UPDATE: seldon-system               seldon-controller-manager-5994c7fd6b-4ksrn   0/1     Terminating         0          28s


PODS UPDATE: seldon-system               seldon-controller-manager-64645458d5-6kntt   0/1     Pending             0          0s


PODS UPDATE: seldon-system               seldon-controller-manager-64645458d5-6kntt   0/1     Pending             0          0s


PODS UPDATE: seldon-system               seldon-controller-manager-64645458d5-6kntt   0/1     ContainerCreating   0          0s


PODS UPDATE: seldon-system       deployment "mymodel-mymodel-e2eb561" successfully rolled out
NAME      AGE
mymodel   47s
Release "seldon" has been upgraded. Happy Helming!
NAME: seldon
LAST DEPLOYED: Fri Feb  7 13:59:09 2020
NAMESPACE: seldon-system
STATUS: deployed
REVISION: 2
TEST SUITE: None
NAME      AGE
mymodel   51s
PASSEDrelease "seldon" uninstalled
customresourcedefinition.apiextensions.k8s.io "seldondeployments.machinelearning.seldon.io" deleted
NAME: seldon
LAST DEPLOYED: Fri Feb  7 13:59:13 2020
NAMESPACE: seldon-system
STATUS: deployed
REVISION: 1
TEST SUITE: None
namespace "test-cluster-update-1-0-0" deleted

test_operator_updates.py::test_cluster_update[1.0.1] namespace/test-cluster-update-1-0-1 created
release "seldon" uninstalled
customresourcedefinition.apiextensions.k8s.io "seldondeployments.machinelearning.seldon.io" deleted
NAME: seldon
LAST DEPLOYED: Fri Feb  7 13:59:50 2020
NAMESPACE: seldon-system
STATUS: deployed
REVISION: 1
TEST SUITE: None
seldondeployment.machinelearning.seldon.io/mymodel created
        seldon-controller-manager-64645458d5-6kntt   1/1     Running             0          5s


PODS UPDATE: seldon-system               seldon-controller-manager-5994c7fd6b-4ksrn   0/1     Terminating         0          36s


PODS UPDATE: seldon-system               seldon-controller-manager-5994c7fd6b-4ksrn   0/1     Terminating         0          36s


PODS UPDATE: test-cluster-update-1-0-0   mymodel-mymodel-e2eb561-df56cfcf8-mzfrp      0/2     Pending             0          0s


PODS UPDATE: test-cluster-update-1-0-0   mymodel-mymodel-e2eb561-df56cfcf8-mzfrp      0/2     Pending             0          0s


PODS UPDATE: test-cluster-update-1-0-0   mymodel-mymodel-e2eb561-df56cfcf8-mzfrp      0/2     ContainerCreating   0          0s


PODS UPDATE: test-cluster-update-1-0-0   mymodel-mymodel-e2eb561-df56cfcf8-mzfrp      0/2     Running             0          9s


PODS UPDATE: test-cluster-update-1-0-0   mymodel-mymodel-e2eb561-df56cfcf8-mzfrp      1/2     Running             0          24s


PODS UPDATE: test-cluster-update-1-0-0   mymodel-mymodel-e2eb561-df56cfcf8-mzfrp      2/2     Running             0          31s


PODS UPDATE: seldon-system               seldon-controller-manager-6bcbf68d85-gcrhb   0/1     Pending             0          0s


PODS UPDATE: seldon-system               seldon-controller-manager-6bcbf68d85-gcrhb   0/1     Pending             0          0s


PODS UPDATE: seldon-system               seldon-controller-manager-6bcbf68d85-gcrhb   0/1     ContainerCreating   0          0s


PODS UPDATE: seldon-system               seldon-controller-manager-6bcbf68d85-gcrhb   1/1     Running             0          2s


PODS UPDATE: seldon-system               seldon-controller-manager-64645458d5-6kntt   1/1     Terminating         0          62s


PODS UPDATE: seldon-system               seldon-controller-manager-64645458d5-6kntt   0/1     Terminating         0          63s


PODS UPDATE: seldon-system               seldon-controller-manager-6bcbf68d85-gcrhb   1/1     Terminating         0          3s


PODS UPDATE: test-cluster-update-1-0-0   mymodel-mymodel-e2eb561-df56cfcf8-mzfrp      2/2     Terminating         0          41s


PODS UPDATE: seldon-system               seldon-controller-manager-6bcbf68d85-gcrhb   0/1     Terminating         0          5s


PODS UPDATE: seldon-system               seldon-controller-manager-5994c7fd6b-p26p7   0/1     Pending             0          1s


PODS UPDATE: seldon-system               seldon-controller-manager-5994c7fd6b-p26p7   0/1     Pending             0          1s


PODS UPDATE: seldon-system               seldon-controller-manager-5994c7fd6b-p26p7   0/1     ContainerCreating   0          1s


PODS UPDATE: seldon-system               seldon-controller-manager-64645458d5-6kntt   0/1     Terminating         0          67s


PODS UPDATE: seldon-system               seldon-controller-manager-64645458d5-6kntt   0/1     Terminating         0          67s


PODS UPDATE: seldon-system               seldon-controller-manager-5994c7fd6b-p26p7   1/1     Running             0          3s


PODS UPDATE: seldon-system               seldon-controller-manager-6bcbf68d85-gcrhb   0/1     Terminating         0          17s


PODS UPDATE: seldon-system               seldon-controller-manager-6bcbf68d85-gcrhb   0/1     Terminating         0          17s


PODS UPDATE: test-cluster-update-1-0-0   mymodel-mymodel-e2eb561-df56cfcf8-mzfrp      0/2     Terminating         0          62s


PODS UPDATE: test-cluster-update-1-0-0   mymodel-mymodel-e2eb561-df56cfcf8-mzfrp      0/2     Terminating         0          63s


PODS UPDATE: test-cluster-update-1-0-0   mymodel-mymodel-e2eb561-df56cfcf8-mzfrp      0/2     Terminating         0          74s


PODS UPDATE: test-cluster-update-1-0-0   mymodel-mymodel-e2eb561-df56cfcf8-mzfrp      0/2     Terminating         0          74s


PODS UPDATE: seldon-system               seldon-controller-manager-5994c7fd6b-p26p7   1/1     Terminating         0          35s


PODS UPDATE: seldon-system               seldon-controller-manager-5994c7fd6b-p26p7deployment "mymodel-mymodel-e2eb561" successfully rolled out
NAME      AGE
mymodel   57s
Release "seldon" has been upgraded. Happy Helming!
NAME: seldon
LAST DEPLOYED: Fri Feb  7 14:00:56 2020
NAMESPACE: seldon-system
STATUS: deployed
REVISION: 2
TEST SUITE: None
NAME      AGE
mymodel   62s
PASSEDrelease "seldon" uninstalled
customresourcedefinition.apiextensions.k8s.io "seldondeployments.machinelearning.seldon.io" deleted
NAME: seldon
LAST DEPLOYED: Fri Feb  7 14:01:01 2020
NAMESPACE: seldon-system
STATUS: deployed
REVISION: 1
TEST SUITE: None
namespace "test-cluster-update-1-0-1" deleted

test_operator_updates.py::test_namespace_update[1.0.0] namespace/test-namespace-update-1-0-0 created
release "seldon" uninstalled
customresourcedefinition.apiextensions.k8s.io "seldondeployments.machinelearning.seldon.io" deleted
NAME: seldon
LAST DEPLOYED: Fri Feb  7 14:01:28 2020
NAMESPACE: seldon-system
STATUS: deployed
REVISION: 1
TEST SUITE: None
Error from server (InternalError): error when creating "../resources/graph1.json": Internal error occurred: failed calling webhook "mseldondeployment.kb.io": Post https://seldon-webhook-service.seldon-system.svc:443/mutate-machinelearning-seldon-io-v1alpha2-seldondeployment?timeout=30s: dial tcp 10.98.78.19:443: connect: connection refused
seldondeployment.machinelearning.seldon.io/mymodel created
deployment "mymodel-mymodel-e2eb561" successfully rolled out
NAME      AGE
mymodel   36s
namespace/test-namespace-update-1-0-0 labeled
   0/1     Terminating         0          36s


PODS UPDATE: seldon-system               seldon-controller-manager-85965c8487-6hx5n   0/1     Pending             0          0s


PODS UPDATE: seldon-system               seldon-controller-manager-85965c8487-6hx5n   0/1     Pending             0          0s


PODS UPDATE: seldon-system               seldon-controller-manager-85965c8487-6hx5n   0/1     ContainerCreating   0          0s


PODS UPDATE: seldon-system               seldon-controller-manager-5994c7fd6b-p26p7   0/1     Terminating         0          42s


PODS UPDATE: seldon-system               seldon-controller-manager-5994c7fd6b-p26p7   0/1     Terminating         0          42s


PODS UPDATE: seldon-system               seldon-controller-manager-85965c8487-6hx5n   1/1     Running             0          5s


PODS UPDATE: test-cluster-update-1-0-1   mymodel-mymodel-e2eb561-c97b7999d-prrr8      0/2     Pending             0          0s


PODS UPDATE: test-cluster-update-1-0-1   mymodel-mymodel-e2eb561-c97b7999d-prrr8      0/2     Pending             0          0s


PODS UPDATE: test-cluster-update-1-0-1   mymodel-mymodel-e2eb561-c97b7999d-prrr8      0/2     ContainerCreating   0          0s


PODS UPDATE: test-cluster-update-1-0-1   mymodel-mymodel-e2eb561-c97b7999d-prrr8      0/2     Running             0          11s


PODS UPDATE: test-cluster-update-1-0-1   mymodel-mymodel-e2eb561-c97b7999d-prrr8      1/2     Running             0          25s


PODS UPDATE: test-cluster-update-1-0-1   mymodel-mymodel-e2eb561-c97b7999d-prrr8      2/2     Running             0          34s


PODS UPDATE: seldon-system               seldon-controller-manager-6bcbf68d85-xfkmf   0/1     Pending             0          0s


PODS UPDATE: seldon-system               seldon-controller-manager-6bcbf68d85-xfkmf   0/1     Pending             0          0s


PODS UPDATE: seldon-system               seldon-controller-manager-6bcbf68d85-xfkmf   0/1     ContainerCreating   0          0s


PODS UPDATE: seldon-system               seldon-controller-manager-6bcbf68d85-xfkmf   1/1     Running             0          2s


PODS UPDATE: seldon-system               seldon-controller-manager-85965c8487-6hx5n   1/1     Terminating         0          68s


PODS UPDATE: seldon-system               seldon-controller-manager-85965c8487-6hx5n   0/1     Terminating         0          69s


PODS UPDATE: seldon-system               seldon-controller-manager-6bcbf68d85-xfkmf   1/1     Terminating         0          3s


PODS UPDATE: test-cluster-update-1-0-1   mymodel-mymodel-e2eb561-c97b7999d-prrr8      2/2     Terminating         0          46s


PODS UPDATE: seldon-system               seldon-controller-manager-6bcbf68d85-xfkmf   0/1     Terminating         0          5s


PODS UPDATE: seldon-system               seldon-controller-manager-5994c7fd6b-pj85p   0/1     Pending             0          0s


PODS UPDATE: seldon-system               seldon-controller-manager-5994c7fd6b-pj85p   0/1     Pending             0          0s


PODS UPDATE: seldon-system               seldon-controller-manager-5994c7fd6b-pj85p   0/1     ContainerCreating   0          0s


PODS UPDATE: seldon-system               seldon-controller-manager-5994c7fd6b-pj85p   1/1     Running             0          2s


PODS UPDATE: seldon-system               seldon-controller-manager-85965c8487-6hx5n   0/1     Terminating         0          75s


PODS UPDATE: seldon-system               seldon-controller-manager-85965c8487-6hx5n   0/1     Terminating         0          75s


PODS UPDATE: seldon-system               seldon-controller-manager-6bcbf68d85-xfkmf   0/1     Terminating         0          9s


PODS UPDATE: seldon-system               seldon-controller-manager-6bcbf68d85-xfkmf   0/1     Terminating         0          9s


PODS UPDATE: test-cluster-update-1-0-1   mymodel-mymodel-e2eb561-c97b7999d-prrr8      0/2     Terminating         0          67s


PODS UPDATE: test-cluster-update-1-0-1   mymodel-mymodel-e2eb561-c97b7999d-prrr8      0/2     Terminating         0          71s


PODS UNAME: seldon
LAST DEPLOYED: Fri Feb  7 14:02:15 2020
NAMESPACE: test-namespace-update-1-0-0
STATUS: deployed
REVISION: 1
TEST SUITE: None
deployment "mymodel-mymodel-e2eb561" successfully rolled out
NAME      AGE
mymodel   40s
PASSEDrelease "seldon" uninstalled
customresourcedefinition.apiextensions.k8s.io "seldondeployments.machinelearning.seldon.io" deleted
NAME: seldon
LAST DEPLOYED: Fri Feb  7 14:02:20 2020
NAMESPACE: seldon-system
STATUS: deployed
REVISION: 1
TEST SUITE: None
namespace "test-namespace-update-1-0-0" deleted

test_operator_updates.py::test_namespace_update[1.0.1] namespace/test-namespace-update-1-0-1 created
release "seldon" uninstalled
customresourcedefinition.apiextensions.k8s.io "seldondeployments.machinelearning.seldon.io" deleted
PDATE: test-cluster-update-1-0-1   mymodel-mymodel-e2eb561-c97b7999d-prrr8      0/2     Terminating         0          71s


PODS UPDATE: seldon-system               seldon-controller-manager-5994c7fd6b-pj85p   1/1     Terminating         0          25s


PODS UPDATE: seldon-system               seldon-controller-manager-5994c7fd6b-pj85p   0/1     Terminating         0          26s


PODS UPDATE: seldon-system               seldon-controller-manager-64645458d5-d6qr2   0/1     Pending             0          0s


PODS UPDATE: seldon-system               seldon-controller-manager-64645458d5-d6qr2   0/1     Pending             0          0s


PODS UPDATE: seldon-system               seldon-controller-manager-64645458d5-d6qr2   0/1     ContainerCreating   0          0s


PODS UPDATE: seldon-system               seldon-controller-manager-64645458d5-d6qr2   1/1     Running             0          1s


PODS UPDATE: seldon-system               seldon-controller-manager-5994c7fd6b-pj85p   0/1     Terminating         0          34s


PODS UPDATE: seldon-system               seldon-controller-manager-5994c7fd6b-pj85p   0/1     Terminating         0          34s


PODS UPDATE: test-namespace-update-1-0-0   mymodel-mymodel-e2eb561-bfddd67ff-687rd      0/2     Pending             0          0s


PODS UPDATE: test-namespace-update-1-0-0   mymodel-mymodel-e2eb561-bfddd67ff-687rd      0/2     Pending             0          0s


PODS UPDATE: test-namespace-update-1-0-0   mymodel-mymodel-e2eb561-bfddd67ff-687rd      0/2     ContainerCreating   0          0s


PODS UPDATE: test-namespace-update-1-0-0   mymodel-mymodel-e2eb561-bfddd67ff-687rd      0/2     Running             0          1s


PODS UPDATE: test-namespace-update-1-0-0   mymodel-mymodel-e2eb561-bfddd67ff-687rd      1/2     Running             0          21s


PODS UPDATE: test-namespace-update-1-0-0   mymodel-mymodel-e2eb561-bfddd67ff-687rd      2/2     Running             0          22s


PODS UPDATE: test-namespace-update-1-0-0   seldon-controller-manager-76b57b699f-ktdgd   0/1     Pending             0          0s


PODS UPDATE: test-namespace-update-1-0-0   seldon-controller-manager-76b57b699f-ktdgd   0/1     Pending             0          0s


PODS UPDATE: test-namespace-update-1-0-0   seldon-controller-manager-76b57b699f-ktdgd   0/1     ContainerCreating   0          0s


PODS UPDATE: test-namespace-update-1-0-0   seldon-controller-manager-76b57b699f-ktdgd   1/1     Running             0          1s


PODS UPDATE: seldon-system                 seldon-controller-manager-64645458d5-d6qr2   1/1     Terminating         0          49s


PODS UPDATE: test-namespace-update-1-0-0   mymodel-mymodel-e2eb561-bfddd67ff-687rd      2/2     Terminating         0          29s


PODS UPDATE: test-namespace-update-1-0-0   mymodel-mymodel-e2eb561-778dd649f8-9twqs     0/2     Pending             0          0s


PODS UPDATE: test-namespace-update-1-0-0   mymodel-mymodel-e2eb561-778dd649f8-9twqs     0/2     Pending             0          0s


PODS UPDATE: test-namespace-update-1-0-0   mymodel-mymodel-e2eb561-778dd649f8-9twqs     0/2     ContainerCreating   0          0s


PODS UPDATE: test-namespace-update-1-0-0   mymodel-mymodel-e2eb561-778dd649f8-9twqs     0/2     Terminating         0          0s


PODS UPDATE: test-namespace-update-1-0-0   mymodel-mymodel-e2eb561-778dd649f8-9twqs     0/2     Terminating         0          0s


PODS UPDATE: seldon-system                 seldon-controller-manager-64645458d5-d6qr2   0/1     Terminating         0          50s


PODS UPDATE: seldon-system                 seldon-controller-manager-5994c7fd6b-8n72n   0/1     Pending             0          0s


PODS UPDATE: seldon-system                 seldon-controller-manager-5994c7fd6b-8n72n   0/1     Pending             0          0s


PODS UPDATE: seldon-system                 seldon-controller-manager-5994c7fd6b-8n72n   0/1     ContainerCreating   0          0s


PODS UPDATE: seldon-system                 seldon-controller-manager-5994c7fd6b-8n72n   1/1     Running             0          1s


PODS UPDATE: test-NAME: seldon
LAST DEPLOYED: Fri Feb  7 14:02:48 2020
NAMESPACE: seldon-system
STATUS: deployed
REVISION: 1
TEST SUITE: None
Error from server (InternalError): error when creating "../resources/graph1.json": Internal error occurred: failed calling webhook "mseldondeployment.kb.io": Post https://seldon-webhook-service.seldon-system.svc:443/mutate-machinelearning-seldon-io-v1alpha2-seldondeployment?timeout=30s: dial tcp 10.109.47.175:443: connect: connection refused
seldondeployment.machinelearning.seldon.io/mymodel created
deployment "mymodel-mymodel-e2eb561" successfully rolled out
NAME      AGE
mymodel   37s
namespace/test-namespace-update-1-0-1 labeled
NAME: seldon
LAST DEPLOYED: Fri Feb  7 14:03:34 2020
NAMESPACE: test-namespace-update-1-0-1
STATUS: deployed
REVISION: 1
TEST SUITE: None
deployment "mymodel-mymodel-e2eb561" successfully rolled out
NAME      AGE
mymodel   41s
PASSEDrelease "seldon" uninstalled
customresourcedefinition.apiextensions.k8s.io "seldondeployments.machinelearning.seldon.io" deleted
NAME: seldon
LAST DEPLOYED: Fri Feb  7 14:03:39 2020
NAMESPACE: seldon-system
STATUS: deployed
REVISION: 1
TEST SUITE: None
namespace "test-namespace-update-1-0-1" deleted
namespace-update-1-0-0   mymodel-mymodel-e2eb561-778dd649f8-9twqs     0/2     Terminating         0          6s


PODS UPDATE: test-namespace-update-1-0-0   mymodel-mymodel-e2eb561-778dd649f8-9twqs     0/2     Terminating         0          6s


PODS UPDATE: seldon-system                 seldon-controller-manager-64645458d5-d6qr2   0/1     Terminating         0          56s


PODS UPDATE: seldon-system                 seldon-controller-manager-64645458d5-d6qr2   0/1     Terminating         0          56s


PODS UPDATE: test-namespace-update-1-0-0   seldon-controller-manager-76b57b699f-ktdgd   1/1     Terminating         0          12s


PODS UPDATE: test-namespace-update-1-0-0   seldon-controller-manager-76b57b699f-ktdgd   0/1     Terminating         0          13s


PODS UPDATE: test-namespace-update-1-0-0   seldon-controller-manager-76b57b699f-ktdgd   0/1     Terminating         0          14s


PODS UPDATE: test-namespace-update-1-0-0   seldon-controller-manager-76b57b699f-ktdgd   0/1     Terminating         0          14s


PODS UPDATE: test-namespace-update-1-0-0   mymodel-mymodel-e2eb561-bfddd67ff-687rd      0/2     Terminating         0          50s


PODS UPDATE: test-namespace-update-1-0-0   mymodel-mymodel-e2eb561-bfddd67ff-687rd      0/2     Terminating         0          50s


PODS UPDATE: test-namespace-update-1-0-0   mymodel-mymodel-e2eb561-bfddd67ff-687rd      0/2     Terminating         0          56s


PODS UPDATE: test-namespace-update-1-0-0   mymodel-mymodel-e2eb561-bfddd67ff-687rd      0/2     Terminating         0          56s


PODS UPDATE: seldon-system                 seldon-controller-manager-5994c7fd6b-8n72n   1/1     Terminating         0          25s


PODS UPDATE: seldon-system                 seldon-controller-manager-5994c7fd6b-8n72n   0/1     Terminating         0          26s


PODS UPDATE: seldon-system                 seldon-controller-manager-5994c7fd6b-8n72n   0/1     Terminating         0          27s


PODS UPDATE: seldon-system                 seldon-controller-manager-5994c7fd6b-8n72n   0/1     Terminating         0          27s


PODS UPDATE: seldon-system                 seldon-controller-manager-85965c8487-vqq58   0/1     Pending             0          0s


PODS UPDATE: seldon-system                 seldon-controller-manager-85965c8487-vqq58   0/1     Pending             0          0s


PODS UPDATE: seldon-system                 seldon-controller-manager-85965c8487-vqq58   0/1     ContainerCreating   0          0s


PODS UPDATE: seldon-system                 seldon-controller-manager-85965c8487-vqq58   1/1     Running             0          1s


PODS UPDATE: test-namespace-update-1-0-1   mymodel-mymodel-e2eb561-74f48678d7-z4qfs     0/2     Pending             0          0s


PODS UPDATE: test-namespace-update-1-0-1   mymodel-mymodel-e2eb561-74f48678d7-z4qfs     0/2     Pending             0          0s


PODS UPDATE: test-namespace-update-1-0-1   mymodel-mymodel-e2eb561-74f48678d7-z4qfs     0/2     ContainerCreating   0          0s


PODS UPDATE: test-namespace-update-1-0-1   mymodel-mymodel-e2eb561-74f48678d7-z4qfs     0/2     Running             0          2s


PODS UPDATE: test-namespace-update-1-0-1   mymodel-mymodel-e2eb561-74f48678d7-z4qfs     1/2     Running             0          22s


PODS UPDATE: test-namespace-update-1-0-1   mymodel-mymodel-e2eb561-74f48678d7-z4qfs     2/2     Running             0          22s


PODS UPDATE: test-namespace-update-1-0-1   seldon-controller-manager-5fdd557f68-lwzj9   0/1     Pending             0          0s


PODS UPDATE: test-namespace-update-1-0-1   seldon-controller-manager-5fdd557f68-lwzj9   0/1     Pending             0          0s


PODS UPDATE: test-namespace-update-1-0-1   seldon-controller-manager-5fdd557f68-lwzj9   0/1     ContainerCreating   0          0s


PODS UPDATE: test-namespace-update-1-0-1   seldon-controller-manager-5fdd557f68-lwzj9   1/1     Running             0          1s


PODS UPDATE: seldon-system                 seldon-controller-manager-85965c8487-vqq58   1/1     Terminating         0          49s


PODS 
test_operator_updates.py::test_label_update[1.0.0] namespace/test-label-update-1-0-0 created
release "seldon" uninstalled
customresourcedefinition.apiextensions.k8s.io "seldondeployments.machinelearning.seldon.io" deleted
NAME: seldon
LAST DEPLOYED: Fri Feb  7 14:04:06 2020
NAMESPACE: seldon-system
STATUS: deployed
REVISION: 1
TEST SUITE: None
Error from server (InternalError): error when creating "../resources/graph1.json": Internal error occurred: failed calling webhook "mseldondeployment.kb.io": Post https://seldon-webhook-service.seldon-system.svc:443/mutate-machinelearning-seldon-io-v1alpha2-seldondeployment?timeout=30s: dial tcp 10.108.25.74:443: connect: connection refused
seldondeployment.machinelearning.seldon.io/mymodel created
deployment "mymodel-mymodel-e2eb561" successfully rolled out
NAME      AGE
mymodel   42s
NAME: seldon-test-label-update-1-0-0
LAST DEPLOYED: Fri Feb  7 14:04:58 2020
NAMESPACE: test-label-update-1-0-0
STATUS: deployed
REVISION: 1
TEST SUITE: None
seldondeployment.machinelearning.seldon.io/mymodel labeled
Waiting for deployment "mymodel-mymodel-e2eb561" rollout to finish: 1 old replicas are pending termination...
Waiting for deployment "mymodel-mymodel-e2eb561" rollout to finish: 1 old replicas are pending termination...
deployment "mymodel-mymodel-e2eb561" successfully rolled out
NAME      AGE
mymodel   72s
release "seldon-test-label-update-1-0-0" uninstalled
PASSEDrelease "seldon" uninstalled
customresourcedefinition.apiextensions.k8s.io "seldondeployments.machinelearning.seldon.io" deleted
UPDATE: test-namespace-update-1-0-1   mymodel-mymodel-e2eb561-5cc895c959-hp4cm     0/2     Pending             0          0s


PODS UPDATE: test-namespace-update-1-0-1   mymodel-mymodel-e2eb561-5cc895c959-hp4cm     0/2     Pending             0          0s


PODS UPDATE: test-namespace-update-1-0-1   mymodel-mymodel-e2eb561-5cc895c959-hp4cm     0/2     ContainerCreating   0          0s


PODS UPDATE: test-namespace-update-1-0-1   mymodel-mymodel-e2eb561-74f48678d7-z4qfs     2/2     Terminating         0          30s


PODS UPDATE: test-namespace-update-1-0-1   mymodel-mymodel-e2eb561-5cc895c959-hp4cm     0/2     Terminating         0          0s


PODS UPDATE: test-namespace-update-1-0-1   mymodel-mymodel-e2eb561-5cc895c959-hp4cm     0/2     Terminating         0          0s


PODS UPDATE: seldon-system                 seldon-controller-manager-85965c8487-vqq58   0/1     Terminating         0          50s


PODS UPDATE: seldon-system                 seldon-controller-manager-5994c7fd6b-l4692   0/1     Pending             0          0s


PODS UPDATE: seldon-system                 seldon-controller-manager-5994c7fd6b-l4692   0/1     Pending             0          0s


PODS UPDATE: seldon-system                 seldon-controller-manager-5994c7fd6b-l4692   0/1     ContainerCreating   0          0s


PODS UPDATE: seldon-system                 seldon-controller-manager-5994c7fd6b-l4692   1/1     Running             0          2s


PODS UPDATE: test-namespace-update-1-0-1   mymodel-mymodel-e2eb561-5cc895c959-hp4cm     0/2     Terminating         0          4s


PODS UPDATE: test-namespace-update-1-0-1   mymodel-mymodel-e2eb561-5cc895c959-hp4cm     0/2     Terminating         0          4s


PODS UPDATE: seldon-system                 seldon-controller-manager-85965c8487-vqq58   0/1     Terminating         0          57s


PODS UPDATE: seldon-system                 seldon-controller-manager-85965c8487-vqq58   0/1     Terminating         0          57s


PODS UPDATE: test-namespace-update-1-0-1   seldon-controller-manager-5fdd557f68-lwzj9   1/1     Terminating         0          13s


PODS UPDATE: test-namespace-update-1-0-1   seldon-controller-manager-5fdd557f68-lwzj9   0/1     Terminating         0          14s


PODS UPDATE: test-namespace-update-1-0-1   seldon-controller-manager-5fdd557f68-lwzj9   0/1     Terminating         0          15s


PODS UPDATE: test-namespace-update-1-0-1   seldon-controller-manager-5fdd557f68-lwzj9   0/1     Terminating         0          15s


PODS UPDATE: test-namespace-update-1-0-1   mymodel-mymodel-e2eb561-74f48678d7-z4qfs     0/2     Terminating         0          52s


PODS UPDATE: test-namespace-update-1-0-1   mymodel-mymodel-e2eb561-74f48678d7-z4qfs     0/2     Terminating         0          53s


PODS UPDATE: test-namespace-update-1-0-1   mymodel-mymodel-e2eb561-74f48678d7-z4qfs     0/2     Terminating         0          53s


PODS UPDATE: seldon-system                 seldon-controller-manager-5994c7fd6b-l4692   1/1     Terminating         0          25s


PODS UPDATE: seldon-system                 seldon-controller-manager-5994c7fd6b-l4692   0/1     Terminating         0          27s


PODS UPDATE: seldon-system                 seldon-controller-manager-5994c7fd6b-l4692   0/1     Terminating         0          27s


PODS UPDATE: seldon-system                 seldon-controller-manager-64645458d5-c7wdf   0/1     Pending             0          0s


PODS UPDATE: seldon-system                 seldon-controller-manager-64645458d5-c7wdf   0/1     Pending             0          0s


PODS UPDATE: seldon-system                 seldon-controller-manager-64645458d5-c7wdf   0/1     ContainerCreating   0          0s


PODS UPDATE: seldon-system                 seldon-controller-manager-64645458d5-c7wdf   1/1     Running             0          2s


PODS UPDATE: seldon-system                 seldon-controller-manager-5994c7fd6b-l4692   0/1     Terminating         0          36s


PODS UPDATE: seldon-system                 seldon-controller-manager-5994c7fd6b-l4692   0/1     Terminating         0         NAME: seldon
LAST DEPLOYED: Fri Feb  7 14:05:31 2020
NAMESPACE: seldon-system
STATUS: deployed
REVISION: 1
TEST SUITE: None
namespace "test-label-update-1-0-0" deleted

test_operator_updates.py::test_label_update[1.0.1] namespace/test-label-update-1-0-1 created
release "seldon" uninstalled
customresourcedefinition.apiextensions.k8s.io "seldondeployments.machinelearning.seldon.io" deleted
NAME: seldon
LAST DEPLOYED: Fri Feb  7 14:06:00 2020
NAMESPACE: seldon-system
STATUS: deployed
REVISION: 1
TEST SUITE: None
seldondeployment.machinelearning.seldon.io/mymodel created
deployment "mymodel-mymodel-e2eb561" successfully rolled out
NAME      AGE
mymodel   41s
NAME: seldon-test-label-update-1-0-1
LAST DEPLOYED: Fri Feb  7 14:06:48 2020
NAMESPACE: test-label-update-1-0-1
STATUS: deployed
REVISION: 1
TEST SUITE: None
Error from server (InternalError): Internal error occurred: failed calling webhook "mseldondeployment.kb.io": Post https://seldon-webhook-service.test-label-update-1-0-1.svc:443/mutate-machinelearning-seldon-io-v1-seldondeployment?timeout=30s: dial tcp 10.109.167.49:443: connect: connection refused
seldondeployment.machinelearning.seldon.io/mymodel labeled
 36s


PODS UPDATE: test-label-update-1-0-0       mymodel-mymodel-e2eb561-7574577f98-927c7     0/2     Pending             0          0s


PODS UPDATE: test-label-update-1-0-0       mymodel-mymodel-e2eb561-7574577f98-927c7     0/2     Pending             0          0s


PODS UPDATE: test-label-update-1-0-0       mymodel-mymodel-e2eb561-7574577f98-927c7     0/2     ContainerCreating   0          0s


PODS UPDATE: test-label-update-1-0-0       mymodel-mymodel-e2eb561-7574577f98-927c7     0/2     Running             0          2s


PODS UPDATE: test-label-update-1-0-0       mymodel-mymodel-e2eb561-7574577f98-927c7     1/2     Running             0          21s


PODS UPDATE: test-label-update-1-0-0       mymodel-mymodel-e2eb561-7574577f98-927c7     2/2     Running             0          24s


PODS UPDATE: test-label-update-1-0-0       seldon-controller-manager-5f8df99c46-ctzm6   0/1     Pending             0          0s


PODS UPDATE: test-label-update-1-0-0       seldon-controller-manager-5f8df99c46-ctzm6   0/1     Pending             0          0s


PODS UPDATE: test-label-update-1-0-0       seldon-controller-manager-5f8df99c46-ctzm6   0/1     ContainerCreating   0          0s


PODS UPDATE: test-label-update-1-0-0       seldon-controller-manager-5f8df99c46-ctzm6   1/1     Running             0          2s


PODS UPDATE: test-label-update-1-0-0       mymodel-mymodel-e2eb561-7bc7b8f4f5-kfdjz     0/2     Pending             0          0s


PODS UPDATE: test-label-update-1-0-0       mymodel-mymodel-e2eb561-7bc7b8f4f5-kfdjz     0/2     Pending             0          0s


PODS UPDATE: test-label-update-1-0-0       mymodel-mymodel-e2eb561-7bc7b8f4f5-kfdjz     0/2     ContainerCreating   0          0s


PODS UPDATE: test-label-update-1-0-0       mymodel-mymodel-e2eb561-7bc7b8f4f5-kfdjz     0/2     Running             0          2s


PODS UPDATE: test-label-update-1-0-0       mymodel-mymodel-e2eb561-7bc7b8f4f5-kfdjz     1/2     Running             0          22s


PODS UPDATE: test-label-update-1-0-0       mymodel-mymodel-e2eb561-7bc7b8f4f5-kfdjz     2/2     Running             0          25s


PODS UPDATE: test-label-update-1-0-0       mymodel-mymodel-e2eb561-7574577f98-927c7     2/2     Terminating         0          60s


PODS UPDATE: test-label-update-1-0-0       seldon-controller-manager-5f8df99c46-ctzm6   1/1     Terminating         0          30s


PODS UPDATE: seldon-system                 seldon-controller-manager-64645458d5-c7wdf   1/1     Terminating         0          82s


PODS UPDATE: test-label-update-1-0-0       seldon-controller-manager-5f8df99c46-ctzm6   0/1     Terminating         0          31s


PODS UPDATE: test-label-update-1-0-0       mymodel-mymodel-e2eb561-7bc7b8f4f5-kfdjz     2/2     Terminating         0          27s


PODS UPDATE: seldon-system                 seldon-controller-manager-64645458d5-c7wdf   0/1     Terminating         0          83s


PODS UPDATE: seldon-system                 seldon-controller-manager-5994c7fd6b-knblt   0/1     Pending             0          0s


PODS UPDATE: seldon-system                 seldon-controller-manager-5994c7fd6b-knblt   0/1     Pending             0          0s


PODS UPDATE: seldon-system                 seldon-controller-manager-5994c7fd6b-knblt   0/1     ContainerCreating   0          0s


PODS UPDATE: seldon-system                 seldon-controller-manager-5994c7fd6b-knblt   1/1     Running             0          2s


PODS UPDATE: test-label-update-1-0-0       seldon-controller-manager-5f8df99c46-ctzm6   0/1     Terminating         0          37s


PODS UPDATE: test-label-update-1-0-0       seldon-controller-manager-5f8df99c46-ctzm6   0/1     Terminating         0          37s


PODS UPDATE: seldon-system                 seldon-controller-manager-64645458d5-c7wdf   0/1     Terminating         0          88s


PODS UPDATE: seldon-system                 seldon-controller-manager-64645458d5-c7wdf   0/1     Terminating         0          88s


PODS UPDATE: test-label-update-1-0-0       mymodel-mymodel-e2eb561-7bc7b8f4f5-kfdjz     1/2     Terminating        Waiting for deployment "mymodel-mymodel-e2eb561" rollout to finish: 1 old replicas are pending termination...
Waiting for deployment "mymodel-mymodel-e2eb561" rollout to finish: 1 old replicas are pending termination...
deployment "mymodel-mymodel-e2eb561" successfully rolled out
NAME      AGE
mymodel   76s
release "seldon-test-label-update-1-0-1" uninstalled
PASSEDrelease "seldon" uninstalled
customresourcedefinition.apiextensions.k8s.io "seldondeployments.machinelearning.seldon.io" deleted
NAME: seldon
LAST DEPLOYED: Fri Feb  7 14:07:24 2020
NAMESPACE: seldon-system
STATUS: deployed
REVISION: 1
TEST SUITE: None
namespace "test-label-update-1-0-1" deleted

test_s2i_python.py::TestPythonS2i::test_build_router_rest ---> Installing application source...
Build completed successfully
f722fdb1bfb3d1a0a3300d23cafcc0b65ce66aba84d06fefef4e4ffc3c7f6be1
router-rest
PASSED
test_s2i_python.py::TestPythonS2i::test_build_router_grpc ---> Installing application source...
Build completed successfully
6d83b66f67afd8e445662b2bf4803367b83b92516392ea6ec13cd6133bbe4807
router-grpc
PASSED
test_s2i_python.py::TestPythonS2i::test_build_model_rest ---> Installing application source...
Build completed successfully
28146c1cb04e01f42acc7b3e960148ebf3e307bf7119970c32a1044dfc67689f
model-rest
PASSED
test_s2i_python.py::TestPythonS2i::test_build_model_grpc ---> Installing application source...
Build completed successfully
3c258bba6f299c6577690fe54d6783d6333d4bc77e47cbea69ce0f0acab52313
model-grpc
PASSED
test_s2i_python.py::TestPythonS2i::test_build_transformer_rest ---> Installing application source...
Build completed successfully
c8d61e8346b07f0592e7ab96e224cadea55c1e19040312e27f6957a3cacf25c2
transformer-rest
PASSED
test_s2i_python.py::TestPythonS2i::test_build_transformer_grpc ---> Installing application source...
Build completed successfully
cf9f54514d5e83a77c92ab765bd4facb467c6e0e09fa7d74af81700db8b6739f
transformer-grpc
PASSED
test_s2i_python.py::TestPythonS2i::test_build_combiner_rest ---> Installing application source...
Build completed successfully
aabbd956e18f35f9bd23eec693985f39cb58dbd435dbbe2e2675e3b0a6bcf86c
combiner-rest
PASSED
test_s2i_python.py::TestPythonS2i::test_build_combiner_grpc ---> Installing application source...
Build completed successfully
cb53ac60052ea8f44e459a0f0493dd4893985990247543325c1a88b88b9ba755
combiner-grpc
PASSED
test_s2i_python.py::TestPythonS2iK8s::test_model_rest namespace/test-model-rest created
---> Installing application source...
Build completed successfully
Image: "seldonio/testmodel_rest:0.1" with ID "sha256:cc71eff0ac65629b065c1d9107e0162015803d4ba9ae9487c8c9578ae22c14eb" not present on node "kind-worker"
Image: "seldonio/testmodel_rest:0.1" with ID "sha256:cc71eff0ac65629b065c1d9107e0162015803d4ba9ae9487c8c9578ae22c14eb" not present on node "kind-control-plane"
seldondeployment.machinelearning.seldon.io/mymodel created
deployment "mymodel-mymodel-8715075" successfully rolled out
seldondeployment.machinelearning.seldon.io "mymodel" deleted
PASSEDnamespace "test-model-rest" deleted
 0          40s


PODS UPDATE: test-label-update-1-0-0       mymodel-mymodel-e2eb561-7574577f98-927c7     0/2     Terminating         0          81s


PODS UPDATE: test-label-update-1-0-0       mymodel-mymodel-e2eb561-7574577f98-927c7     0/2     Terminating         0          81s


PODS UPDATE: test-label-update-1-0-0       mymodel-mymodel-e2eb561-7574577f98-927c7     0/2     Terminating         0          82s


PODS UPDATE: test-label-update-1-0-0       mymodel-mymodel-e2eb561-7574577f98-927c7     0/2     Terminating         0          82s


PODS UPDATE: test-label-update-1-0-0       mymodel-mymodel-e2eb561-7bc7b8f4f5-kfdjz     0/2     Terminating         0          48s


PODS UPDATE: test-label-update-1-0-0       mymodel-mymodel-e2eb561-7bc7b8f4f5-kfdjz     0/2     Terminating         0          49s


PODS UPDATE: test-label-update-1-0-0       mymodel-mymodel-e2eb561-7bc7b8f4f5-kfdjz     0/2     Terminating         0          49s


PODS UPDATE: seldon-system                 seldon-controller-manager-5994c7fd6b-knblt   1/1     Terminating         0          27s


PODS UPDATE: seldon-system                 seldon-controller-manager-5994c7fd6b-knblt   0/1     Terminating         0          28s


PODS UPDATE: seldon-system                 seldon-controller-manager-85965c8487-zwd8w   0/1     Pending             0          0s


PODS UPDATE: seldon-system                 seldon-controller-manager-85965c8487-zwd8w   0/1     Pending             0          0s


PODS UPDATE: seldon-system                 seldon-controller-manager-85965c8487-zwd8w   0/1     ContainerCreating   0          0s


PODS UPDATE: seldon-system                 seldon-controller-manager-85965c8487-zwd8w   1/1     Running             0          2s


PODS UPDATE: seldon-system                 seldon-controller-manager-5994c7fd6b-knblt   0/1     Terminating         0          34s


PODS UPDATE: seldon-system                 seldon-controller-manager-5994c7fd6b-knblt   0/1     Terminating         0          34s


PODS UPDATE: test-label-update-1-0-1       mymodel-mymodel-e2eb561-5dddc789c4-phs7w     0/2     Pending             0          0s


PODS UPDATE: test-label-update-1-0-1       mymodel-mymodel-e2eb561-5dddc789c4-phs7w     0/2     Pending             0          0s


PODS UPDATE: test-label-update-1-0-1       mymodel-mymodel-e2eb561-5dddc789c4-phs7w     0/2     ContainerCreating   0          0s


PODS UPDATE: test-label-update-1-0-1       mymodel-mymodel-e2eb561-5dddc789c4-phs7w     0/2     Running             0          1s


PODS UPDATE: test-label-update-1-0-1       mymodel-mymodel-e2eb561-5dddc789c4-phs7w     1/2     Running             0          22s


PODS UPDATE: test-label-update-1-0-1       mymodel-mymodel-e2eb561-5dddc789c4-phs7w     2/2     Running             0          25s


PODS UPDATE: test-label-update-1-0-1       seldon-controller-manager-8677df7787-qsxcc   0/1     Pending             0          0s


PODS UPDATE: test-label-update-1-0-1       seldon-controller-manager-8677df7787-qsxcc   0/1     Pending             0          0s


PODS UPDATE: test-label-update-1-0-1       seldon-controller-manager-8677df7787-qsxcc   0/1     ContainerCreating   0          0s


PODS UPDATE: test-label-update-1-0-1       seldon-controller-manager-8677df7787-qsxcc   1/1     Running             0          2s


PODS UPDATE: test-label-update-1-0-1       mymodel-mymodel-e2eb561-7fc69b8678-n6pnf     0/2     Pending             0          0s


PODS UPDATE: test-label-update-1-0-1       mymodel-mymodel-e2eb561-7fc69b8678-n6pnf     0/2     Pending             0          0s


PODS UPDATE: test-label-update-1-0-1       mymodel-mymodel-e2eb561-7fc69b8678-n6pnf     0/2     ContainerCreating   0          0s


PODS UPDATE: test-label-update-1-0-1       mymodel-mymodel-e2eb561-7fc69b8678-n6pnf     0/2     Running             0          1s


PODS UPDATE: test-label-update-1-0-1       mymodel-mymodel-e2eb561-7fc69b8678-n6pnf     1/2     Running             0          25s


PODS UPDATE: test-label-update-1-0-1       mymodel-mymodel-e2eb561-7fc69b8678-n6pnf     2/2     Running 
test_s2i_python.py::TestPythonS2iK8s::test_model_rest_non200 namespace/test-model-rest-non200 created
---> Installing application source...
Build completed successfully
Image: "seldonio/testmodel_rest_non200:0.1" with ID "sha256:3ee8e87f4283b35fb3e60c872b70e95cb241875d66a3242a933906139513f1be" not present on node "kind-worker"
Image: "seldonio/testmodel_rest_non200:0.1" with ID "sha256:3ee8e87f4283b35fb3e60c872b70e95cb241875d66a3242a933906139513f1be" not present on node "kind-control-plane"
seldondeployment.machinelearning.seldon.io/mymodel created
deployment "mymodel-mymodel-4e3d66d" successfully rolled out
seldondeployment.machinelearning.seldon.io "mymodel" deleted
PASSEDnamespace "test-model-rest-non200" deleted

test_s2i_python.py::TestPythonS2iK8s::test_input_transformer_rest namespace/test-input-transformer-rest created
---> Installing application source...
Build completed successfully
Image: "seldonio/testtransformer_rest:0.1" with ID "sha256:09c5b4912c5c6d3c94531f61c3a7d1dbc91ca5f07bab733bb333b1e4fae72ca8" not present on node "kind-worker"
Image: "seldonio/testtransformer_rest:0.1" with ID "sha256:09c5b4912c5c6d3c94531f61c3a7d1dbc91ca5f07bab733bb333b1e4fae72ca8" not present on node "kind-control-plane"
seldondeployment.machinelearning.seldon.io/mytrans created
deployment "mytrans-mytrans-1f278ae" successfully rolled out
seldondeployment.machinelearning.seldon.io "mytrans" deleted
PASSEDnamespace "test-input-transformer-rest" deleted

test_s2i_python.py::TestPythonS2iK8s::test_output_transformer_rest namespace/test-output-transformer-rest created
---> Installing application source...
Build completed successfully
Image: "seldonio/testtransformer_rest:0.1" with ID "sha256:6dfbd36c379207fb5fcb7edb1565580471e63d739001890d1a6e9c9cba1f40e1" not present on node "kind-worker"
Image: "seldonio/testtransformer_rest:0.1" with ID "sha256:6dfbd36c379207fb5fcb7edb1565580471e63d739001890d1a6e9c9cba1f40e1" not present on node "kind-control-plane"
seldondeployment.machinelearning.seldon.io/mytrans created
deployment "mytrans-mytrans-52996cb" successfully rolled out
seldondeployment.machinelearning.seldon.io "mytrans" deleted
PASSEDnamespace "test-output-transformer-rest" deleted
            0          25s


PODS UPDATE: test-label-update-1-0-1       mymodel-mymodel-e2eb561-5dddc789c4-phs7w     2/2     Terminating         0          61s


PODS UPDATE: test-label-update-1-0-1       seldon-controller-manager-8677df7787-qsxcc   1/1     Terminating         0          33s


PODS UPDATE: seldon-system                 seldon-controller-manager-85965c8487-zwd8w   1/1     Terminating         0          82s


PODS UPDATE: test-label-update-1-0-1       seldon-controller-manager-8677df7787-qsxcc   0/1     Terminating         0          34s


PODS UPDATE: test-label-update-1-0-1       mymodel-mymodel-e2eb561-7fc69b8678-n6pnf     2/2     Terminating         0          27s


PODS UPDATE: seldon-system                 seldon-controller-manager-85965c8487-zwd8w   0/1     Terminating         0          83s


PODS UPDATE: test-label-update-1-0-1       seldon-controller-manager-8677df7787-qsxcc   0/1     Terminating         0          35s


PODS UPDATE: test-label-update-1-0-1       seldon-controller-manager-8677df7787-qsxcc   0/1     Terminating         0          35s


PODS UPDATE: seldon-system                 seldon-controller-manager-5994c7fd6b-h2rf6   0/1     Pending             0          0s


PODS UPDATE: seldon-system                 seldon-controller-manager-5994c7fd6b-h2rf6   0/1     Pending             0          0s


PODS UPDATE: seldon-system                 seldon-controller-manager-5994c7fd6b-h2rf6   0/1     ContainerCreating   0          0s


PODS UPDATE: seldon-system                 seldon-controller-manager-5994c7fd6b-h2rf6   1/1     Running             0          2s


PODS UPDATE: seldon-system                 seldon-controller-manager-85965c8487-zwd8w   0/1     Terminating         0          95s


PODS UPDATE: seldon-system                 seldon-controller-manager-85965c8487-zwd8w   0/1     Terminating         0          95s


PODS UPDATE: test-label-update-1-0-1       mymodel-mymodel-e2eb561-7fc69b8678-n6pnf     1/2     Terminating         0          40s


PODS UPDATE: test-label-update-1-0-1       mymodel-mymodel-e2eb561-5dddc789c4-phs7w     0/2     Terminating         0          81s


PODS UPDATE: test-label-update-1-0-1       mymodel-mymodel-e2eb561-5dddc789c4-phs7w     0/2     Terminating         0          82s


PODS UPDATE: test-label-update-1-0-1       mymodel-mymodel-e2eb561-7fc69b8678-n6pnf     0/2     Terminating         0          47s


PODS UPDATE: test-label-update-1-0-1       mymodel-mymodel-e2eb561-5dddc789c4-phs7w     0/2     Terminating         0          85s


PODS UPDATE: test-label-update-1-0-1       mymodel-mymodel-e2eb561-5dddc789c4-phs7w     0/2     Terminating         0          85s


PODS UPDATE: test-label-update-1-0-1       mymodel-mymodel-e2eb561-7fc69b8678-n6pnf     0/2     Terminating         0          59s


PODS UPDATE: test-label-update-1-0-1       mymodel-mymodel-e2eb561-7fc69b8678-n6pnf     0/2     Terminating         0          59s


PODS UPDATE: test-model-rest               mymodel-mymodel-8715075-646bdd79bf-7tqv5     0/2     Pending             0          0s


PODS UPDATE: test-model-rest               mymodel-mymodel-8715075-646bdd79bf-7tqv5     0/2     Pending             0          0s


PODS UPDATE: test-model-rest               mymodel-mymodel-8715075-646bdd79bf-7tqv5     0/2     ContainerCreating   0          0s


PODS UPDATE: test-model-rest               mymodel-mymodel-8715075-646bdd79bf-7tqv5     0/2     Running             0          2s


PODS UPDATE: test-model-rest               mymodel-mymodel-8715075-646bdd79bf-7tqv5     1/2     Running             0          22s


PODS UPDATE: test-model-rest               mymodel-mymodel-8715075-646bdd79bf-7tqv5     2/2     Running             0          25s


PODS UPDATE: test-model-rest               mymodel-mymodel-8715075-646bdd79bf-7tqv5     2/2     Terminating         0          30s


PODS UPDATE: test-model-rest               mymodel-mymodel-8715075-646bdd79bf-7tqv5     1/2     Terminating         0          45s


PODS UPDATE: test-model-rest               mymodel-mymodel-8715075-646bdd79bf-7tqv5     0/2     Terminating         0          52s


PODS UPDATE: test-model-rest               mymodel-mymodel-8715075-646bdd79bf-7tqv5     0/2     Terminating         0          58s


PODS UPDATE: test-model-rest               mymodel-mymodel-8715075-646bdd79bf-7tqv5     0/2     Terminating         0          58s


PODS UPDATE: test-model-rest-non200        mymodel-mymodel-4e3d66d-68c67575fb-4w9hs     0/2     Pending             0          0s


PODS UPDATE: test-model-rest-non200        mymodel-mymodel-4e3d66d-68c67575fb-4w9hs     0/2     Pending             0          0s


PODS UPDATE: test-model-rest-non200        mymodel-mymodel-4e3d66d-68c67575fb-4w9hs     0/2     ContainerCreating   0          0s


PODS UPDATE: test-model-rest-non200        mymodel-mymodel-4e3d66d-68c67575fb-4w9hs     0/2     Running             0          2s


PODS UPDATE: test-model-rest-non200        mymodel-mymodel-4e3d66d-68c67575fb-4w9hs     1/2     Running             0          22s


PODS UPDATE: test-model-rest-non200        mymodel-mymodel-4e3d66d-68c67575fb-4w9hs     2/2     Running             0          23s


PODS UPDATE: test-model-rest-non200        mymodel-mymodel-4e3d66d-68c67575fb-4w9hs     2/2     Terminating         0          42s


PODS UPDATE: test-model-rest-non200        mymodel-mymodel-4e3d66d-68c67575fb-4w9hs     1/2     Terminating         0          53s


PODS UPDATE: test-model-rest-non200        mymodel-mymodel-4e3d66d-68c67575fb-4w9hs     0/2     Terminating         0          63s


PODS UPDATE: test-model-rest-non200        mymodel-mymodel-4e3d66d-68c67575fb-4w9hs     0/2     Terminating         0          64s


PODS UPDATE: test-model-rest-non200        mymodel-mymodel-4e3d66d-68c67575fb-4w9hs     0/2     Terminating         0          64s


PODS UPDATE: test-input-transformer-rest   mytrans-mytrans-1f278ae-587f6b6db8-cxspj     0/2     Pending             0          0s


PODS UPDATE: test-input-transformer-rest   mytrans-mytrans-1f278ae-587f6b6db8-cxspj     0/2     Pending             0          0s


PODS UPDATE: test-input-transformer-rest   mytrans-mytrans-1f278ae-587f6b6db8-cxspj     0/2     ContainerCreating   0          0s


PODS UPDATE: test-input-transformer-rest   mytrans-mytrans-1f278ae-587f6b6db8-cxspj     0/2     Running             0          1s


PODS UPDATE: test-input-transformer-rest   mytrans-mytrans-1f278ae-587f6b6db8-cxspj     1/2     Running             0          23s


PODS UPDATE: test-input-transformer-rest   mytrans-mytrans-1f278ae-587f6b6db8-cxspj     2/2     Running             0          23s


PODS UPDATE: test-input-transformer-rest   mytrans-mytrans-1f278ae-587f6b6db8-cxspj     2/2     Terminating         0          26s


PODS UPDATE: test-input-transformer-rest   mytrans-mytrans-1f278ae-587f6b6db8-cxspj     1/2     Terminating         0          38s


PODS UPDATE: test-input-transformer-rest   mytrans-mytrans-1f278ae-587f6b6db8-cxspj     0/2     Terminating         0          46s


PODS UPDATE: test-input-transformer-rest   mytrans-mytrans-1f278ae-587f6b6db8-cxspj     0/2     Terminating         0          46s


PODS UPDATE: test-input-transformer-rest   mytrans-mytrans-1f278ae-587f6b6db8-cxspj     0/2     Terminating         0          47s


PODS UPDATE: test-input-transformer-rest   mytrans-mytrans-1f278ae-587f6b6db8-cxspj     0/2     Terminating         0          47s


PODS UPDATE: test-output-transformer-rest   mytrans-mytrans-52996cb-7c7d456599-6xtgv     0/3     Pending             0          0s


PODS UPDATE: test-output-transformer-rest   mytrans-mytrans-52996cb-7c7d456599-6xtgv     0/3     Pending             0          0s


PODS UPDATE: test-output-transformer-rest   mytrans-mytrans-52996cb-7c7d456599-6xtgv     0/3     ContainerCreating   0          0s


PODS UPDATE: test-output-transformer-rest   mytrans-mytrans-52996cb-7c7d456599-6xtgv     0/3     Running             0          1s


PODS UPDATE: test-output-transformer-rest   mytrans-mytrans-52996cb-7c7d456599-6xtgv     1/3     Running             0          22s


PODS UPDATE: test-output-transformer-rest   mytrans-mytrans-52996
test_s2i_python.py::TestPythonS2iK8s::test_router_rest namespace/test-router-rest created
---> Installing application source...
Build completed successfully
Image: "seldonio/testmodel_rest:0.1" with ID "sha256:096a7611d577a8a2e6c450617659c56ef92dcbc3f41229eb938b5a7c9b8e21cd" not present on node "kind-worker"
Image: "seldonio/testmodel_rest:0.1" with ID "sha256:096a7611d577a8a2e6c450617659c56ef92dcbc3f41229eb938b5a7c9b8e21cd" not present on node "kind-control-plane"
---> Installing application source...
Build completed successfully
Image: "seldonio/testrouter_rest:0.1" with ID "sha256:3ac1e077f228df3551cb6badf03cb3cdeebd238ca32fe3b8bcc5a99b98c541ec" not present on node "kind-worker"
Image: "seldonio/testrouter_rest:0.1" with ID "sha256:3ac1e077f228df3551cb6badf03cb3cdeebd238ca32fe3b8bcc5a99b98c541ec" not present on node "kind-control-plane"
seldondeployment.machinelearning.seldon.io/myrouter created
deployment "myrouter-myrouter-340ed69" successfully rolled out
seldondeployment.machinelearning.seldon.io "myrouter" deleted
PASSEDnamespace "test-router-rest" deleted

test_s2i_python.py::TestPythonS2iK8s::test_combiner_rest namespace/test-combiner-rest created
---> Installing application source...
Build completed successfully
Image: "seldonio/testmodel_rest:0.1" with ID "sha256:1df2319f5f1ae84aff6b2f3e5d44a5d8e38aff9d3560e6f26a977397596404c3" not present on node "kind-worker"
Image: "seldonio/testmodel_rest:0.1" with ID "sha256:1df2319f5f1ae84aff6b2f3e5d44a5d8e38aff9d3560e6f26a977397596404c3" not present on node "kind-control-plane"
---> Installing application source...
Build completed successfully
Image: "seldonio/testcombiner_rest:0.1" with ID "sha256:e486b1995ec4e8cd473f79570547f8ff8d50612bf7c1380af7dd1d75a69a657a" not present on node "kind-worker"
Image: "seldonio/testcombiner_rest:0.1" with ID "sha256:e486b1995ec4e8cd473f79570547f8ff8d50612bf7c1380af7dd1d75a69a657a" not present on node "kind-control-plane"
seldondeployment.machinelearning.seldon.io/mycombiner created
deployment "mycombiner-mycombiner-acc7c4d" successfully rolled out
seldondeployment.machinelearning.seldon.io "mycombiner" deleted
PASSEDnamespace "test-combiner-rest" deleted


========== 21 passed, 1 skipped, 36 deselected in 1517.94s (0:25:17) ===========
kind delete cluster
Deleting cluster "kind" ...
cb-7c7d456599-6xtgv     2/3     Running             0          23s


PODS UPDATE: test-output-transformer-rest   mytrans-mytrans-52996cb-7c7d456599-6xtgv     3/3     Running             0          25s


PODS UPDATE: test-output-transformer-rest   mytrans-mytrans-52996cb-7c7d456599-6xtgv     3/3     Terminating         0          27s


PODS UPDATE: test-output-transformer-rest   mytrans-mytrans-52996cb-7c7d456599-6xtgv     2/3     Terminating         0          38s


PODS UPDATE: test-output-transformer-rest   mytrans-mytrans-52996cb-7c7d456599-6xtgv     0/3     Terminating         0          48s


PODS UPDATE: test-output-transformer-rest   mytrans-mytrans-52996cb-7c7d456599-6xtgv     0/3     Terminating         0          48s


PODS UPDATE: test-output-transformer-rest   mytrans-mytrans-52996cb-7c7d456599-6xtgv     0/3     Terminating         0          49s


PODS UPDATE: test-output-transformer-rest   mytrans-mytrans-52996cb-7c7d456599-6xtgv     0/3     Terminating         0          49s


PODS UPDATE: test-router-rest               myrouter-myrouter-340ed69-fb5878c49-9dz9l    0/3     Pending             0          0s


PODS UPDATE: test-router-rest               myrouter-myrouter-340ed69-fb5878c49-9dz9l    0/3     Pending             0          0s


PODS UPDATE: test-router-rest               myrouter-myrouter-340ed69-fb5878c49-9dz9l    0/3     ContainerCreating   0          0s


PODS UPDATE: test-router-rest               myrouter-myrouter-340ed69-fb5878c49-9dz9l    0/3     Running             0          2s


PODS UPDATE: test-router-rest               myrouter-myrouter-340ed69-fb5878c49-9dz9l    1/3     Running             0          21s


PODS UPDATE: test-router-rest               myrouter-myrouter-340ed69-fb5878c49-9dz9l    2/3     Running             0          24s


PODS UPDATE: test-router-rest               myrouter-myrouter-340ed69-fb5878c49-9dz9l    3/3     Running             0          25s


PODS UPDATE: test-router-rest               myrouter-myrouter-340ed69-fb5878c49-9dz9l    3/3     Terminating         0          26s


PODS UPDATE: test-router-rest               myrouter-myrouter-340ed69-fb5878c49-9dz9l    2/3     Terminating         0          39s


PODS UPDATE: test-router-rest               myrouter-myrouter-340ed69-fb5878c49-9dz9l    0/3     Terminating         0          47s


PODS UPDATE: test-router-rest               myrouter-myrouter-340ed69-fb5878c49-9dz9l    0/3     Terminating         0          47s


PODS UPDATE: test-router-rest               myrouter-myrouter-340ed69-fb5878c49-9dz9l    0/3     Terminating         0          48s


PODS UPDATE: test-router-rest               myrouter-myrouter-340ed69-fb5878c49-9dz9l    0/3     Terminating         0          48s


PODS UPDATE: test-combiner-rest             mycombiner-mycombiner-acc7c4d-664cf8d9d9-lv8fb   0/3     Pending             0          0s


PODS UPDATE: test-combiner-rest             mycombiner-mycombiner-acc7c4d-664cf8d9d9-lv8fb   0/3     Pending             0          0s


PODS UPDATE: test-combiner-rest             mycombiner-mycombiner-acc7c4d-664cf8d9d9-lv8fb   0/3     ContainerCreating   0          0s


PODS UPDATE: test-combiner-rest             mycombiner-mycombiner-acc7c4d-664cf8d9d9-lv8fb   0/3     Running             0          2s


PODS UPDATE: test-combiner-rest             mycombiner-mycombiner-acc7c4d-664cf8d9d9-lv8fb   1/3     Running             0          23s


PODS UPDATE: test-combiner-rest             mycombiner-mycombiner-acc7c4d-664cf8d9d9-lv8fb   2/3     Running             0          24s


PODS UPDATE: test-combiner-rest             mycombiner-mycombiner-acc7c4d-664cf8d9d9-lv8fb   3/3     Running             0          25s


PODS UPDATE: test-combiner-rest             mycombiner-mycombiner-acc7c4d-664cf8d9d9-lv8fb   3/3     Terminating         0          27s


PODS UPDATE: test-combiner-rest             mycombiner-mycombiner-acc7c4d-664cf8d9d9-lv8fb   2/3     Terminating         0          39s


PODS UPDATE: test-combiner-rest             mycombiner-mycombiner-acc7c4d-664cf8d9d9-lv8fb   0/3     Terminating         0          48s


PODS UPDATE: test-combiner-rest             mycombiner-mycombiner-acc7c4d-664cf8d9d9-lv8fb   0/3     Terminating         0          59s


PODS UPDATE: test-combiner-rest             mycombiner-mycombiner-acc7c4d-664cf8d9d9-lv8fb   0/3     Terminating         0          59s

Stopping Docker: dockerProgram process in pidfile '/var/run/docker-ssd.pid', 1 process(es), refused to die.
