
Showing logs for build [32mseldonio-seldon-core-pr-2515-no-hnrtj-17[0m stage [32mpr-build-comment[0m and container [32mstep-credential-initializer-r7tkw[0m
{"level":"info","ts":1602606481.5130672,"logger":"fallback-logger","caller":"logging/config.go:69","msg":"Fetch GitHub commit ID from kodata failed: open /var/run/ko/refs/heads/0.8.0-ns-support: no such file or directory"}
{"level":"info","ts":1602606481.5134935,"logger":"fallback-logger","caller":"creds-init/main.go:40","msg":"Credentials initialized."}

Showing logs for build [32mseldonio-seldon-core-pr-2515-no-hnrtj-17[0m stage [32mpr-build-comment[0m and container [32mstep-working-dir-initializer-rmlb8[0m
{"level":"info","ts":1602606482.573004,"logger":"fallback-logger","caller":"logging/config.go:69","msg":"Fetch GitHub commit ID from kodata failed: open /var/run/ko/HEAD: no such file or directory"}
{"level":"info","ts":1602606482.576625,"logger":"fallback-logger","caller":"bash/main.go:64","msg":"Successfully executed command \"sh -c mkdir -p /workspace/source\"; output "}

Showing logs for build [32mseldonio-seldon-core-pr-2515-no-hnrtj-17[0m stage [32mpr-build-comment[0m and container [32mstep-place-tools[0m

Showing logs for build [32mseldonio-seldon-core-pr-2515-no-hnrtj-17[0m stage [32mpr-build-comment[0m and container [32mstep-create-dir-workspace-wng25[0m
{"level":"info","ts":1602606487.5811162,"logger":"fallback-logger","caller":"logging/config.go:69","msg":"Fetch GitHub commit ID from kodata failed: open /var/run/ko/HEAD: no such file or directory"}
{"level":"info","ts":1602606487.5838616,"logger":"fallback-logger","caller":"bash/main.go:64","msg":"Successfully executed command \"sh -c mkdir -p source\"; output "}

Showing logs for build [32mseldonio-seldon-core-pr-2515-no-hnrtj-17[0m stage [32mpr-build-comment[0m and container [32mstep-git-source-seldonio-seldon-core-pr-2515-no-hnrtj-dl5js[0m
{"level":"info","ts":1602606487.9780328,"logger":"fallback-logger","caller":"logging/config.go:69","msg":"Fetch GitHub commit ID from kodata failed: open /var/run/ko/refs/heads/0.8.0-ns-support: no such file or directory"}
{"level":"info","ts":1602606493.400765,"logger":"fallback-logger","caller":"git/git.go:103","msg":"Successfully cloned https://github.com/SeldonIO/seldon-core.git @ master in path /workspace/source"}

Showing logs for build [32mseldonio-seldon-core-pr-2515-no-hnrtj-17[0m stage [32mpr-build-comment[0m and container [32mstep-setup-builder-home[0m

Showing logs for build [32mseldonio-seldon-core-pr-2515-no-hnrtj-17[0m stage [32mpr-build-comment[0m and container [32mstep-git-merge[0m
Using SHAs from PULL_REFS=master:e70d7edeb61c30e084d1ec2a0fc95748d12a80f4,2515:e6b98c7106d92388b53386a28660295fcb636b90
DEBUG: LC_ALL=C JX_LOG_LEVEL=error git fetch origin --unshallow e6b98c7106d92388b53386a28660295fcb636b90: e70d7edeb61c30e084d1ec2a0fc95748d12a80f4:
DEBUG: ran git fetch --unshallow origin e6b98c7106d92388b53386a28660295fcb636b90: e70d7edeb61c30e084d1ec2a0fc95748d12a80f4: in 
DEBUG: LC_ALL=C JX_LOG_LEVEL=error git branch
DEBUG: LC_ALL=C JX_LOG_LEVEL=error git checkout master
DEBUG: ran git checkout master in 
DEBUG: LC_ALL=C JX_LOG_LEVEL=error git reset --hard e70d7edeb61c30e084d1ec2a0fc95748d12a80f4
DEBUG: ran git reset --hard e70d7edeb61c30e084d1ec2a0fc95748d12a80f4 in 
DEBUG: LC_ALL=C JX_LOG_LEVEL=error git clean -fd .
DEBUG: ran clean --force -d . in 
DEBUG: LC_ALL=C JX_LOG_LEVEL=error git merge e6b98c7106d92388b53386a28660295fcb636b90
DEBUG: ran git merge e6b98c7106d92388b53386a28660295fcb636b90 in 
DEBUG: JX_LOG_LEVEL=error LC_ALL=C git log --format=%H%x1f%an%x1f%ae%x1f%cn%x1f%ce%x1f%s%n%b%x1e e70d7edeb61c30e084d1ec2a0fc95748d12a80f4..HEAD
Merged SHA c2842cc56485750f03269af9f4e57746ebcd8ef7 with commit message 'Merge commit 'e6b98c7106d92388b53386a28660295fcb636b90'' into base branch master
Merged SHA e6b98c7106d92388b53386a28660295fcb636b90 with commit message 'feat(pdb): Add support for managing PDBs' into base branch master

Showing logs for build [32mseldonio-seldon-core-pr-2515-no-hnrtj-17[0m stage [32mpr-build-comment[0m and container [32mstep-step2[0m
+++ dirname ./add-pr-build-comment
++ cd .
++ pwd
+ STARTUP_DIR=/workspace/source/ci
+ REPO_OWNER=SeldonIO
+ REPO_NAME=seldon-core
+ PULL_NUMBER=2515
+ BUILD_NUMBER=17
+ PIPELINE_CONTEXT=notebooks
++ cat
+++ date
+ COMMENT_MSG='Tue Oct 13 16:28:28 UTC 2020
The logs for [notebooks] [17] will show after the pipeline context has finished.  
https://github.com/SeldonIO/seldon-core/blob/gh-pages/jenkins-x/logs/SeldonIO/seldon-core/PR-2515/17.log

impatient try  
** get build logs SeldonIO/seldon-core/PR-2515 --build=17'
+ ** step pr comment --owner=SeldonIO --repository=seldon-core --pull-request=2515 '--comment=Tue Oct 13 16:28:28 UTC 2020
The logs for [notebooks] [17] will show after the pipeline context has finished.  
https://github.com/SeldonIO/seldon-core/blob/gh-pages/jenkins-x/logs/SeldonIO/seldon-core/PR-2515/17.log

impatient try  
** get build logs SeldonIO/seldon-core/PR-2515 --build=17'

Showing logs for build [32mseldonio-seldon-core-pr-2515-no-hnrtj-17[0m stage [32mpr-build-comment[0m and container [32mstep-source-mkdir-seldonio-seldon-core-pr-2515-no-hnrtj-xd9b8[0m
{"level":"info","ts":1602606516.2794347,"logger":"fallback-logger","caller":"logging/config.go:69","msg":"Fetch GitHub commit ID from kodata failed: open /var/run/ko/HEAD: no such file or directory"}
{"level":"info","ts":1602606516.2852325,"logger":"fallback-logger","caller":"bash/main.go:64","msg":"Successfully executed command \"sh -c mkdir -p /pvc/pr-build-comment/workspace\"; output "}

Showing logs for build [32mseldonio-seldon-core-pr-2515-no-hnrtj-17[0m stage [32mpr-build-comment[0m and container [32mstep-source-copy-seldonio-seldon-core-pr-2515-no-hnrtj-cnplr[0m
{"level":"info","ts":1602606516.629064,"logger":"fallback-logger","caller":"logging/config.go:69","msg":"Fetch GitHub commit ID from kodata failed: open /var/run/ko/HEAD: no such file or directory"}
{"level":"info","ts":1602606517.2806618,"logger":"fallback-logger","caller":"bash/main.go:64","msg":"Successfully executed command \"sh -c cp -r source/. /pvc/pr-build-comment/workspace\"; output "}

Showing logs for build [32mseldonio-seldon-core-pr-2515-no-hnrtj-17[0m stage [32mend-to-end[0m and container [32mstep-credential-initializer-wzm6n[0m
{"level":"info","ts":1602606520.6299067,"logger":"fallback-logger","caller":"logging/config.go:69","msg":"Fetch GitHub commit ID from kodata failed: open /var/run/ko/refs/heads/0.8.0-ns-support: no such file or directory"}
{"level":"info","ts":1602606520.6304018,"logger":"fallback-logger","caller":"creds-init/main.go:40","msg":"Credentials initialized."}

Showing logs for build [32mseldonio-seldon-core-pr-2515-no-hnrtj-17[0m stage [32mend-to-end[0m and container [32mstep-working-dir-initializer-cqmcr[0m
{"level":"info","ts":1602606521.690038,"logger":"fallback-logger","caller":"logging/config.go:69","msg":"Fetch GitHub commit ID from kodata failed: open /var/run/ko/HEAD: no such file or directory"}
{"level":"info","ts":1602606521.6928923,"logger":"fallback-logger","caller":"bash/main.go:64","msg":"Successfully executed command \"sh -c mkdir -p /workspace/source\"; output "}

Showing logs for build [32mseldonio-seldon-core-pr-2515-no-hnrtj-17[0m stage [32mend-to-end[0m and container [32mstep-place-tools[0m

Showing logs for build [32mseldonio-seldon-core-pr-2515-no-hnrtj-17[0m stage [32mend-to-end[0m and container [32mstep-create-dir-workspace-r9v69[0m
{"level":"info","ts":1602606527.781053,"logger":"fallback-logger","caller":"logging/config.go:69","msg":"Fetch GitHub commit ID from kodata failed: open /var/run/ko/HEAD: no such file or directory"}
{"level":"info","ts":1602606527.785037,"logger":"fallback-logger","caller":"bash/main.go:64","msg":"Successfully executed command \"sh -c mkdir -p /workspace/source\"; output "}

Showing logs for build [32mseldonio-seldon-core-pr-2515-no-hnrtj-17[0m stage [32mend-to-end[0m and container [32mstep-source-copy-workspace-wjfjt[0m
{"level":"info","ts":1602606528.0896437,"logger":"fallback-logger","caller":"logging/config.go:69","msg":"Fetch GitHub commit ID from kodata failed: open /var/run/ko/HEAD: no such file or directory"}
{"level":"info","ts":1602606528.5866325,"logger":"fallback-logger","caller":"bash/main.go:64","msg":"Successfully executed command \"sh -c cp -r /pvc/pr-build-comment/workspace/. /workspace/source\"; output "}

Showing logs for build [32mseldonio-seldon-core-pr-2515-no-hnrtj-17[0m stage [32mend-to-end[0m and container [32mstep-setup-builder-home[0m

Showing logs for build [32mseldonio-seldon-core-pr-2515-no-hnrtj-17[0m stage [32mend-to-end[0m and container [32mstep-test-end-to-end[0m
Test run type is: [notebooks]
Starting Docker: docker.
[SETUP] Waiting for Docker to be ready, sleeping for 1 seconds ...
kind create cluster --config ../resources/kind_config.yaml
Creating cluster "kind" ...
 â€¢ Ensuring node image (kindest/node:v1.16.3) ðŸ–¼  ...
 âœ“ Ensuring node image (kindest/node:v1.16.3) ðŸ–¼
 â€¢ Preparing nodes ðŸ“¦  ...
 âœ“ Preparing nodes ðŸ“¦
 â€¢ Writing configuration ðŸ“œ  ...
 âœ“ Writing configuration ðŸ“œ
 â€¢ Starting control-plane ðŸ•¹ï¸  ...
 âœ“ Starting control-plane ðŸ•¹ï¸
 â€¢ Installing CNI ðŸ”Œ  ...
 âœ“ Installing CNI ðŸ”Œ
 â€¢ Installing StorageClass ðŸ’¾  ...
 âœ“ Installing StorageClass ðŸ’¾
 â€¢ Joining worker nodes ðŸšœ  ...
 âœ“ Joining worker nodes ðŸšœ
Set kubectl context to "kind-kind"
You can now use your cluster with:

kubectl cluster-info --context kind-kind

Thanks for using kind! ðŸ˜Š
`kind get kubeconfig-path` is deprecated!

KIND will export and merge kubeconfig like kops, minikube, etc.
This command is now unnecessary and will be removed in a future release.

For more info see: https://github.com/kubernetes-sigs/kind/issues/1060
See also the output of `kind create cluster`

Files changed in python folder:
SKIPPING PYTHON IMAGE BUILD...
Files changed in operator folder:
operator/apis/machinelearning.seldon.io/v1/seldondeployment_types.go
operator/apis/machinelearning.seldon.io/v1/zz_generated.deepcopy.go
operator/config/crd/bases/machinelearning.seldon.io_seldondeployments.yaml
operator/config/crd_v1/bases/machinelearning.seldon.io_seldondeployments.yaml
operator/config/rbac/role.yaml
operator/constants/constants.go
operator/controllers/seldondeployment_controller.go
operator/controllers/seldondeployment_controller_test.go
operator/testing/machinelearning.seldon.io_seldondeployments.yaml
cd ../../operator && make kind-image-install
make[1]: Entering directory '/workspace/source/operator'
go: creating new go.mod: module tmp
go: downloading sigs.k8s.io/controller-tools v0.2.5
go: found sigs.k8s.io/controller-tools/cmd/controller-gen in sigs.k8s.io/controller-tools v0.2.5
go: downloading github.com/spf13/cobra v0.0.5
go: downloading k8s.io/apimachinery v0.17.0
go: downloading k8s.io/api v0.17.0
go: downloading sigs.k8s.io/yaml v1.1.0
go: downloading golang.org/x/tools v0.0.0-20190920225731-5eefd052ad72
go: downloading github.com/gobuffalo/flect v0.2.0
go: downloading k8s.io/apiextensions-apiserver v0.17.0
go: downloading github.com/spf13/pflag v1.0.5
go: downloading github.com/fatih/color v1.7.0
go: downloading github.com/mattn/go-isatty v0.0.8
go: downloading gopkg.in/yaml.v2 v2.2.4
go: downloading gopkg.in/yaml.v3 v3.0.0-20190905181640-827449938966
go: downloading k8s.io/utils v0.0.0-20191114184206-e782cd3c129f
go: downloading github.com/gogo/protobuf v1.2.2-0.20190723190241-65acae22fc9d
go: downloading github.com/mattn/go-colorable v0.1.2
go: downloading github.com/inconshreveable/mousetrap v1.0.0
go: downloading github.com/google/gofuzz v1.0.0
go: downloading gopkg.in/inf.v0 v0.9.1
go: downloading k8s.io/klog v1.0.0
go: downloading golang.org/x/net v0.0.0-20191004110552-13f9640d40b9
go: downloading golang.org/x/sys v0.0.0-20190826190057-c7b8b68b1456
go: downloading golang.org/x/text v0.3.2
/builder/home/go/bin/controller-gen object:headerFile=./hack/boilerplate.go.txt paths="./..."
go fmt ./...
go vet ./...
go: downloading github.com/onsi/ginkgo v1.14.0
go: downloading github.com/onsi/gomega v1.10.1
go: downloading golang.org/x/xerrors v0.0.0-20191204190536-9bdfabe68543
go: downloading github.com/nxadm/tail v1.4.4
go: downloading gopkg.in/tomb.v1 v1.0.0-20141024135613-dd632973f1e7
/builder/home/go/bin/controller-gen "crd:trivialVersions=true" rbac:roleName=manager-role webhook paths="./..." output:crd:artifacts:config=config/crd/bases
rm -rf generated
mkdir generated
kustomize build config/default/ -o generated
cp generated/apiextensions.k8s.io_v1beta1_customresourcedefinition_seldondeployments.machinelearning.seldon.io.yaml testing/machinelearning.seldon.io_seldondeployments.yaml
ginkgo -r -outputdir=. -cover -coverprofile=cover.out ./controllers ./utils ./apis
[1602606699] [1mController Suite[0m - 66/66 specs test k8s client
&{Reader:0xc0003b1a80 Writer:0xc0001f28d0 StatusClient:0xc0001f28d0}
[32mâ€¢[0m[32mâ€¢[0m[32mâ€¢[0m[32mâ€¢[0m[32mâ€¢[0m[32mâ€¢[0m[32mâ€¢[0m[32mâ€¢[0m[32mâ€¢[0m[32mâ€¢[0m[32mâ€¢[0m[32mâ€¢[0m[32mâ€¢[0m[32mâ€¢[0m[32mâ€¢[0m[32mâ€¢[0m[32mâ€¢[0m[32mâ€¢[0m[32mâ€¢[0m[32mâ€¢[0m[32mâ€¢[0m[32mâ€¢[0m[32mâ€¢[0m[32mâ€¢[0m[32mâ€¢[0m[32mâ€¢[0m[32mâ€¢[0m[32mâ€¢[0m[32mâ€¢[0m[32mâ€¢[0m[32mâ€¢[0m[32mâ€¢[0m[32mâ€¢[0m[32mâ€¢[0m[32mâ€¢[0m[32mâ€¢[0m[32mâ€¢[0m[32mâ€¢[0m[32mâ€¢[0m[32mâ€¢[0m[32mâ€¢[0m[32mâ€¢[0m[32mâ€¢[0m[32mâ€¢[0m[32mâ€¢[0m[32mâ€¢[0m[32mâ€¢[0m[32mâ€¢[0m[32mâ€¢[0m[32mâ€¢[0m[32mâ€¢[0m[32mâ€¢[0m[32mâ€¢[0m[32mâ€¢[0m[32mâ€¢[0m[32mâ€¢[0m[32mâ€¢[0m[32mâ€¢[0m[32mâ€¢[0m[32mâ€¢[0m[32mâ€¢[0m[32mâ€¢[0m[32mâ€¢[0m[32mâ€¢[0m[32mâ€¢[0m[32mâ€¢[0mE1013 16:32:39.754388   27057 reflector.go:383] pkg/mod/k8s.io/client-go@v0.18.8/tools/cache/reflector.go:125: Failed to watch *v1alpha3.VirtualService: Get "http://127.0.0.1:44425/apis/networking.istio.io/v1alpha3/virtualservices?allowWatchBookmarks=true&resourceVersion=118&timeoutSeconds=384&watch=true": dial tcp 127.0.0.1:44425: connect: connection refused
E1013 16:32:39.754442   27057 reflector.go:383] pkg/mod/k8s.io/client-go@v0.18.8/tools/cache/reflector.go:125: Failed to watch *v1.Deployment: Get "http://127.0.0.1:44425/apis/apps/v1/deployments?allowWatchBookmarks=true&resourceVersion=414&timeoutSeconds=387&watch=true": dial tcp 127.0.0.1:44425: connect: connection refused
E1013 16:32:39.755019   27057 reflector.go:383] pkg/mod/k8s.io/client-go@v0.18.8/tools/cache/reflector.go:125: Failed to watch *v1.ConfigMap: Get "http://127.0.0.1:44425/api/v1/configmaps?allowWatchBookmarks=true&resourceVersion=118&timeoutSeconds=503&watch=true": dial tcp 127.0.0.1:44425: connect: connection refused
E1013 16:32:39.755025   27057 reflector.go:383] pkg/mod/k8s.io/client-go@v0.18.8/tools/cache/reflector.go:125: Failed to watch *v2beta1.HorizontalPodAutoscaler: Get "http://127.0.0.1:44425/apis/autoscaling/v2beta1/horizontalpodautoscalers?allowWatchBookmarks=true&resourceVersion=192&timeoutSeconds=365&watch=true": dial tcp 127.0.0.1:44425: connect: connection refused
E1013 16:32:39.755945   27057 reflector.go:383] pkg/mod/k8s.io/client-go@v0.18.8/tools/cache/reflector.go:125: Failed to watch *v1beta1.PodDisruptionBudget: Get "http://127.0.0.1:44425/apis/policy/v1beta1/poddisruptionbudgets?allowWatchBookmarks=true&resourceVersion=226&timeoutSeconds=408&watch=true": dial tcp 127.0.0.1:44425: connect: connection refused
E1013 16:32:39.755944   27057 reflector.go:383] pkg/mod/k8s.io/client-go@v0.18.8/tools/cache/reflector.go:125: Failed to watch *v1.SeldonDeployment: Get "http://127.0.0.1:44425/apis/machinelearning.seldon.io/v1/seldondeployments?allowWatchBookmarks=true&resourceVersion=421&timeoutSeconds=360&watch=true": dial tcp 127.0.0.1:44425: connect: connection refused
E1013 16:32:39.757641   27057 reflector.go:383] pkg/mod/k8s.io/client-go@v0.18.8/tools/cache/reflector.go:125: Failed to watch *v1.Namespace: Get "http://127.0.0.1:44425/api/v1/namespaces?allowWatchBookmarks=true&resourceVersion=396&timeoutSeconds=471&watch=true": dial tcp 127.0.0.1:44425: connect: connection refused
E1013 16:32:39.757644   27057 reflector.go:383] pkg/mod/k8s.io/client-go@v0.18.8/tools/cache/reflector.go:125: Failed to watch *v1.Service: Get "http://127.0.0.1:44425/api/v1/services?allowWatchBookmarks=true&resourceVersion=412&timeoutSeconds=558&watch=true": dial tcp 127.0.0.1:44425: connect: connection refused

 [32mSUCCESS![0m 32.533953218s PASS
coverage: 66.3% of statements
=== RUN   TestGcsSecret
--- PASS: TestGcsSecret (0.00s)
PASS
coverage: 100.0% of statements
=== RUN   TestS3Secret
--- PASS: TestS3Secret (0.00s)
PASS
coverage: 94.6% of statements
=== RUN   TestGetEnvAsBool
--- PASS: TestGetEnvAsBool (0.00s)
=== RUN   TestAddEnvVarToDeploymentContainers
--- PASS: TestAddEnvVarToDeploymentContainers (0.00s)
=== RUN   TestMountSecretToDeploymentContainers
--- PASS: TestMountSecretToDeploymentContainers (0.00s)
PASS
coverage: 30.0% of statements
=== RUN   TestGenerateCerts
--- PASS: TestGenerateCerts (2.69s)
=== RUN   TestConfigmapCreate
--- PASS: TestConfigmapCreate (0.00s)
=== RUN   TestCRDCreate
--- PASS: TestCRDCreate (0.07s)
=== RUN   TestMutatingWebhookCreate
--- PASS: TestMutatingWebhookCreate (1.58s)
=== RUN   TestMutatingWebhookCreateNamespaced
--- PASS: TestMutatingWebhookCreateNamespaced (0.97s)
=== RUN   TestValidatingWebhookCreate
--- PASS: TestValidatingWebhookCreate (2.05s)
=== RUN   TestValidatingWebhookCreateNamespaced
--- PASS: TestValidatingWebhookCreateNamespaced (8.80s)
=== RUN   TestWebHookSvcCreate
--- PASS: TestWebHookSvcCreate (4.72s)
PASS
coverage: 52.1% of statements
=== RUN   TestImageSetNormal
    prepack_test.go:50: Scenario: GRPC image with version
    prepack_test.go:50: Scenario: GRPC image with no version
    prepack_test.go:50: Scenario: REST image with version
    prepack_test.go:50: Scenario: REST image with no version
--- PASS: TestImageSetNormal (0.00s)
=== RUN   TestGetPredictorConfig
    prepack_test.go:81: Scenario: related image sklearn
    prepack_test.go:81: Scenario: default image sklearn
--- PASS: TestGetPredictorConfig (0.01s)
=== RUN   TestPredictorServerConfigPrepackImageConfig
--- PASS: TestPredictorServerConfigPrepackImageConfig (0.00s)
=== RUN   TestPredictorServerConfigPrepackImageName
--- PASS: TestPredictorServerConfigPrepackImageName (0.00s)
=== RUN   TestGetDeploymentNameOneModel
--- PASS: TestGetDeploymentNameOneModel (0.00s)
=== RUN   TestGetDeploymentNameLong
--- PASS: TestGetDeploymentNameLong (0.00s)
=== RUN   TestValidProtocolTransportServerType
--- PASS: TestValidProtocolTransportServerType (0.00s)
=== RUN   TestValidateBadProtocol
--- PASS: TestValidateBadProtocol (0.00s)
=== RUN   TestValidateBadTransport
--- PASS: TestValidateBadTransport (0.00s)
=== RUN   TestValidateBadServerType
--- PASS: TestValidateBadServerType (0.00s)
=== RUN   TestValidateMixedTransport
--- PASS: TestValidateMixedTransport (0.00s)
=== RUN   TestValidateMixedMultipleTransport
--- PASS: TestValidateMixedMultipleTransport (0.00s)
=== RUN   TestDefaultSingleContainer
--- PASS: TestDefaultSingleContainer (0.00s)
=== RUN   TestMetricsPortAddedTwoContainers
--- PASS: TestMetricsPortAddedTwoContainers (0.00s)
=== RUN   TestMetricsPortAddedTwoComponentSpecsTwoContainers
--- PASS: TestMetricsPortAddedTwoComponentSpecsTwoContainers (0.00s)
=== RUN   TestOverrideMetricsPortName
Failed to find config map seldon-config
no kind is registered for the type v1.ConfigMap in scheme "pkg/runtime/scheme.go:101"
--- PASS: TestOverrideMetricsPortName (0.00s)
=== RUN   TestPortUseExisting
--- PASS: TestPortUseExisting (0.00s)
=== RUN   TestMetricsPortAddedToPrepacked
--- PASS: TestMetricsPortAddedToPrepacked (0.00s)
=== RUN   TestPredictorProtocolGrpc
--- PASS: TestPredictorProtocolGrpc (0.00s)
=== RUN   TestPrepackedWithExistingContainer
--- PASS: TestPrepackedWithExistingContainer (0.00s)
=== RUN   TestPrepackedWithCustom
--- PASS: TestPrepackedWithCustom (0.01s)
=== RUN   TestPrepackedWithExistingContainerAndImage
--- PASS: TestPrepackedWithExistingContainerAndImage (0.00s)
=== RUN   TestMetricsPortAddedToTwoPrepacked
--- PASS: TestMetricsPortAddedToTwoPrepacked (0.00s)
=== RUN   TestDefaultPrepackagedServerType
--- PASS: TestDefaultPrepackagedServerType (0.00s)
=== RUN   TestValidateSingleModel
--- PASS: TestValidateSingleModel (0.00s)
=== RUN   TestValidateSingleModelNoName
--- PASS: TestValidateSingleModelNoName (0.00s)
=== RUN   TestValidateNoEngineMultiGraph
--- PASS: TestValidateNoEngineMultiGraph (0.00s)
=== RUN   TestValidateDuplPredictorName
--- PASS: TestValidateDuplPredictorName (0.00s)
=== RUN   TestValidateTrafficSum
--- PASS: TestValidateTrafficSum (0.00s)
=== RUN   TestDefaultABTest
--- PASS: TestDefaultABTest (0.00s)
=== RUN   TestValidateTensorflowProtocolNormalPrepackaged
--- PASS: TestValidateTensorflowProtocolNormalPrepackaged (0.00s)
=== RUN   TestValidateTensorflowProtocolNormal
--- PASS: TestValidateTensorflowProtocolNormal (0.00s)
=== RUN   TestValidateV2ProtocolNormal
--- PASS: TestValidateV2ProtocolNormal (0.00s)
=== RUN   TestPredictorNoGraph
--- PASS: TestPredictorNoGraph (0.00s)
=== RUN   TestShadowPredictor
--- PASS: TestShadowPredictor (0.00s)
=== RUN   TestNoPredictors
--- PASS: TestNoPredictors (0.00s)
=== RUN   TestValidateTwoShadows
--- PASS: TestValidateTwoShadows (0.00s)
PASS
coverage: 40.3% of statements
path is /workspace/source/operator
All profiles combined

Ginkgo ran 6 suites in 1m21.269355808s
Test Suite Passed
docker build . -t seldonio/seldon-core-operator:1.3.0-dev
Sending build context to Docker daemon  11.96MB
Step 1/28 : FROM golang:1.13.2 as builder
1.13.2: Pulling from library/golang
c7b7d16361e0: Pulling fs layer
b7a128769df1: Pulling fs layer
1128949d0793: Pulling fs layer
667692510b70: Pulling fs layer
c70d80036479: Pulling fs layer
a8669f8c1a42: Pulling fs layer
433331673060: Pulling fs layer
c70d80036479: Waiting
a8669f8c1a42: Waiting
433331673060: Waiting
667692510b70: Waiting
b7a128769df1: Verifying Checksum
b7a128769df1: Download complete
1128949d0793: Verifying Checksum
1128949d0793: Download complete
c7b7d16361e0: Verifying Checksum
c7b7d16361e0: Download complete
667692510b70: Verifying Checksum
667692510b70: Download complete
c70d80036479: Verifying Checksum
c70d80036479: Download complete
433331673060: Verifying Checksum
433331673060: Download complete
a8669f8c1a42: Download complete
c7b7d16361e0: Pull complete
b7a128769df1: Pull complete
1128949d0793: Pull complete
667692510b70: Pull complete
c70d80036479: Pull complete
a8669f8c1a42: Pull complete
433331673060: Pull complete
Digest: sha256:b3086f21bfbe896973dd6147b46f2736a7deb2c04ed76219835befa0244a9562
Status: Downloaded newer image for golang:1.13.2
 ---> e37698ff7351
Step 2/28 : WORKDIR /workspace
 ---> Running in b979c7b2a58b
Removing intermediate container b979c7b2a58b
 ---> 2a8e75b28de5
Step 3/28 : COPY go.mod go.mod
 ---> 39cba59c8586
Step 4/28 : COPY go.sum go.sum
 ---> 9de1c9797033
Step 5/28 : RUN go mod download
 ---> Running in dd4dad95876c
[91mgo: finding cloud.google.com/go v0.38.0
[0m[91mgo: finding github.com/Azure/go-ansiterm v0.0.0-20170929234023-d6e3b3328b78
[0m[91mgo: finding github.com/Azure/go-autorest v14.2.0+incompatible
[0m[91mgo: finding github.com/Azure/go-autorest/autorest v0.9.0
[0m[91mgo: finding github.com/Azure/go-autorest/autorest/adal v0.9.0
[0m[91mgo: finding github.com/Azure/go-autorest/autorest/date v0.3.0
[0m[91mgo: finding github.com/Azure/go-autorest/autorest/mocks v0.4.0
[0m[91mgo: finding github.com/Azure/go-autorest/logger v0.1.0
[0m[91mgo: finding github.com/Azure/go-autorest/tracing v0.6.0
[0m[91mgo: finding github.com/BurntSushi/toml v0.3.1
[0m[91mgo: finding github.com/NYTimes/gziphandler v0.0.0-20170623195520-56545f4a5d46
[0m[91mgo: finding github.com/PuerkitoBio/purell v1.1.1
[0m[91mgo: finding github.com/PuerkitoBio/urlesc v0.0.0-20170810143723-de5bf2ad4578
[0m[91mgo: finding github.com/agnivade/levenshtein v1.0.1
[0m[91mgo: finding github.com/alecthomas/template v0.0.0-20160405071501-a0175ee3bccc
[0m[91mgo: finding github.com/alecthomas/units v0.0.0-20151022065526-2efee857e7cf
[0m[91mgo: finding github.com/andreyvit/diff v0.0.0-20170406064948-c7f18ee00883
[0m[91mgo: finding github.com/armon/consul-api v0.0.0-20180202201655-eb2c6b5be1b6
[0m[91mgo: finding github.com/asaskevich/govalidator v0.0.0-20190424111038-f61b66f89f4a
[0m[91mgo: finding github.com/beorn7/perks v1.0.0
[0m[91mgo: finding github.com/bgentry/speakeasy v0.1.0
[0m[91mgo: finding github.com/blang/semver v3.5.0+incompatible
[0m[91mgo: finding github.com/census-instrumentation/opencensus-proto v0.2.1
[0m[91mgo: finding github.com/client9/misspell v0.3.4
[0m[91mgo: finding github.com/cockroachdb/datadriven v0.0.0-20190809214429-80d97fb3cbaa
[0m[91mgo: finding github.com/coreos/etcd v3.3.10+incompatible
[0m[91mgo: finding github.com/coreos/go-etcd v2.0.0+incompatible
[0m[91mgo: finding github.com/coreos/go-oidc v2.1.0+incompatible
[0m[91mgo: finding github.com/coreos/go-semver v0.3.0
[0m[91mgo: finding github.com/coreos/go-systemd v0.0.0-20190321100706-95778dfbb74e
[0m[91mgo: finding github.com/coreos/pkg v0.0.0-20180108230652-97fdf19511ea
[0m[91mgo: finding github.com/cpuguy83/go-md2man v1.0.10
[0m[91mgo: finding github.com/creack/pty v1.1.7
[0m[91mgo: finding github.com/davecgh/go-spew v1.1.1
[0m[91mgo: finding github.com/dgrijalva/jwt-go v3.2.0+incompatible
[0m[91mgo: finding github.com/docker/docker v0.7.3-0.20190327010347-be7ac8be2ae0
[0m[91mgo: finding github.com/docker/go-units v0.4.0
[0m[91mgo: finding github.com/docker/spdystream v0.0.0-20160310174837-449fdfce4d96
[0m[91mgo: finding github.com/docopt/docopt-go v0.0.0-20180111231733-ee0de3bc6815
[0m[91mgo: finding github.com/dustin/go-humanize v1.0.0
[0m[91mgo: finding github.com/elazarl/goproxy v0.0.0-20180725130230-947c36da3153
[0m[91mgo: finding github.com/emicklei/go-restful v2.9.5+incompatible
[0m[91mgo: finding github.com/envoyproxy/go-control-plane v0.9.1-0.20191026205805-5f8ba28d4473
[0m[91mgo: finding github.com/envoyproxy/protoc-gen-validate v0.1.0
[0m[91mgo: finding github.com/evanphx/json-patch v4.9.0+incompatible
[0m[91mgo: finding github.com/fatih/color v1.7.0
[0m[91mgo: finding github.com/fsnotify/fsnotify v1.4.9
[0m[91mgo: finding github.com/ghodss/yaml v1.0.0
[0m[91mgo: finding github.com/globalsign/mgo v0.0.0-20181015135952-eeefdecb41b8
[0m[91mgo: finding github.com/go-kit/kit v0.8.0
[0m[91mgo: finding github.com/go-logfmt/logfmt v0.3.0
[0m[91mgo: finding github.com/go-logr/logr v0.1.0
[0m[91mgo: finding github.com/go-logr/zapr v0.1.0
[0m[91mgo: finding github.com/go-openapi/analysis v0.19.5
[0m[91mgo: finding github.com/go-openapi/errors v0.19.2
[0m[91mgo: finding github.com/go-openapi/jsonpointer v0.19.3
[0m[91mgo: finding github.com/go-openapi/jsonreference v0.19.3
[0m[91mgo: finding github.com/go-openapi/loads v0.19.4
[0m[91mgo: finding github.com/go-openapi/runtime v0.19.4
[0m[91mgo: finding github.com/go-openapi/spec v0.19.3
[0m[91mgo: finding github.com/go-openapi/strfmt v0.19.3
[0m[91mgo: finding github.com/go-openapi/swag v0.19.5
[0m[91mgo: finding github.com/go-openapi/validate v0.19.5
[0m[91mgo: finding github.com/go-stack/stack v1.8.0
[0m[91mgo: finding github.com/gogo/protobuf v1.3.1
[0m[91mgo: finding github.com/golang/glog v0.0.0-20160126235308-23def4e6c14b
[0m[91mgo: finding github.com/golang/groupcache v0.0.0-20190702054246-869f871628b6
[0m[91mgo: finding github.com/golang/mock v1.2.0
[0m[91mgo: finding github.com/golang/protobuf v1.4.2
[0m[91mgo: finding github.com/google/btree v1.0.0
[0m[91mgo: finding github.com/google/go-cmp v0.5.0
[0m[91mgo: finding github.com/google/gofuzz v1.1.0
[0m[91mgo: finding github.com/google/martian v2.1.0+incompatible
[0m[91mgo: finding github.com/google/pprof v0.0.0-20181206194817-3ea8567a2e57
[0m[91mgo: finding github.com/google/renameio v0.1.0
[0m[91mgo: finding github.com/google/uuid v1.1.1
[0m[91mgo: finding github.com/googleapis/gax-go/v2 v2.0.4
[0m[91mgo: finding github.com/googleapis/gnostic v0.3.1
[0m[91mgo: finding github.com/gophercloud/gophercloud v0.1.0
[0m[91mgo: finding github.com/gorilla/websocket v1.4.0
[0m[91mgo: finding github.com/gregjones/httpcache v0.0.0-20180305231024-9cad4c3443a7
[0m[91mgo: finding github.com/grpc-ecosystem/go-grpc-middleware v1.0.1-0.20190118093823-f849b5445de4
[0m[91mgo: finding github.com/grpc-ecosystem/go-grpc-prometheus v1.2.0
[0m[91mgo: finding github.com/grpc-ecosystem/grpc-gateway v1.9.5
[0m[91mgo: finding github.com/hashicorp/golang-lru v0.5.4
[0m[91mgo: finding github.com/hashicorp/hcl v1.0.0
[0m[91mgo: finding github.com/hpcloud/tail v1.0.0
[0m[91mgo: finding github.com/imdario/mergo v0.3.9
[0m[91mgo: finding github.com/inconshreveable/mousetrap v1.0.0
[0m[91mgo: finding github.com/jessevdk/go-flags v1.4.0
[0m[91mgo: finding github.com/jonboulle/clockwork v0.1.0
[0m[91mgo: finding github.com/json-iterator/go v1.1.10
[0m[91mgo: finding github.com/jstemmer/go-junit-report v0.0.0-20190106144839-af01ea7f8024
[0m[91mgo: finding github.com/julienschmidt/httprouter v1.2.0
[0m[91mgo: finding github.com/kisielk/errcheck v1.2.0
[0m[91mgo: finding github.com/kisielk/gotool v1.0.0
[0m[91mgo: finding github.com/konsorten/go-windows-terminal-sequences v1.0.1
[0m[91mgo: finding github.com/kr/logfmt v0.0.0-20140226030751-b84e30acd515
[0m[91mgo: finding github.com/kr/pretty v0.1.0
[0m[91mgo: finding github.com/kr/pty v1.1.5
[0m[91mgo: finding github.com/kr/text v0.1.0
[0m[91mgo: finding github.com/magiconair/properties v1.8.0
[0m[91mgo: finding github.com/mailru/easyjson v0.7.0
[0m[91mgo: finding github.com/mattn/go-colorable v0.0.9
[0m[91mgo: finding github.com/mattn/go-isatty v0.0.4
[0m[91mgo: finding github.com/mattn/go-runewidth v0.0.2
[0m[91mgo: finding github.com/matttproud/golang_protobuf_extensions v1.0.1
[0m[91mgo: finding github.com/mitchellh/go-homedir v1.1.0
[0m[91mgo: finding github.com/mitchellh/mapstructure v1.1.2
[0m[91mgo: finding github.com/modern-go/concurrent v0.0.0-20180306012644-bacd9c7ef1dd
[0m[91mgo: finding github.com/modern-go/reflect2 v1.0.1
[0m[91mgo: finding github.com/munnerz/goautoneg v0.0.0-20191010083416-a7dc8b61c822
[0m[91mgo: finding github.com/mwitkow/go-conntrack v0.0.0-20161129095857-cc309e4a2223
[0m[91mgo: finding github.com/mxk/go-flowrate v0.0.0-20140419014527-cca7078d478f
[0m[91mgo: finding github.com/nxadm/tail v1.4.4
[0m[91mgo: finding github.com/olekukonko/tablewriter v0.0.0-20170122224234-a0225b3f23b5
[0m[91mgo: finding github.com/onsi/ginkgo v1.14.0
[0m[91mgo: finding github.com/onsi/gomega v1.10.1
[0m[91mgo: finding github.com/pborman/uuid v1.2.0
[0m[91mgo: finding github.com/pelletier/go-toml v1.2.0
[0m[91mgo: finding github.com/peterbourgon/diskv v2.0.1+incompatible
[0m[91mgo: finding github.com/pkg/errors v0.8.1
[0m[91mgo: finding github.com/pmezard/go-difflib v1.0.0
[0m[91mgo: finding github.com/pquerna/cachecontrol v0.0.0-20171018203845-0dec1b30a021
[0m[91mgo: finding github.com/prometheus/client_golang v1.0.0
[0m[91mgo: finding github.com/prometheus/client_model v0.2.0
[0m[91mgo: finding github.com/prometheus/common v0.4.1
[0m[91mgo: finding github.com/prometheus/procfs v0.0.11
[0m[91mgo: finding github.com/rogpeppe/fastuuid v0.0.0-20150106093220-6724a57986af
[0m[91mgo: finding github.com/rogpeppe/go-internal v1.3.0
[0m[91mgo: finding github.com/russross/blackfriday v1.5.2
[0m[91mgo: finding github.com/sergi/go-diff v1.0.0
[0m[91mgo: finding github.com/sirupsen/logrus v1.4.2
[0m[91mgo: finding github.com/soheilhy/cmux v0.1.4
[0m[91mgo: finding github.com/spf13/afero v1.2.2
[0m[91mgo: finding github.com/spf13/cast v1.3.0
[0m[91mgo: finding github.com/spf13/cobra v0.0.5
[0m[91mgo: finding github.com/spf13/jwalterweatherman v1.0.0
[0m[91mgo: finding github.com/spf13/pflag v1.0.5
[0m[91mgo: finding github.com/spf13/viper v1.3.2
[0m[91mgo: finding github.com/stretchr/ob** v0.2.0
[0m[91mgo: finding github.com/stretchr/testify v1.4.0
[0m[91mgo: finding github.com/tidwall/pretty v1.0.0
[0m[91mgo: finding github.com/tmc/grpc-websocket-proxy v0.0.0-20170815181823-89b8d40f7ca8
[0m[91mgo: finding github.com/ugorji/go/codec v0.0.0-20181204163529-d75b2dcb6bc8
[0m[91mgo: finding github.com/urfave/cli v1.20.0
[0m[91mgo: finding github.com/vektah/gqlparser v1.1.2
[0m[91mgo: finding github.com/xiang90/probing v0.0.0-20190116061207-43a291ad63a2
[0m[91mgo: finding github.com/xordataexchange/crypt v0.0.3-0.20170626215501-b2862e3d0a77
[0m[91mgo: finding go.etcd.io/bbolt v1.3.3
[0m[91mgo: finding go.etcd.io/etcd v0.0.0-20191023171146-3cf2f69b5738
[0m[91mgo: finding go.mongodb.org/mongo-driver v1.1.2
[0m[91mgo: finding go.opencensus.io v0.21.0
[0m[91mgo: finding go.uber.org/atomic v1.6.0
[0m[91mgo: finding go.uber.org/multierr v1.5.0
[0m[91mgo: finding go.uber.org/tools v0.0.0-20190618225709-2cfd321de3ee
[0m[91mgo: finding go.uber.org/zap v1.15.0
[0m[91mgo: finding golang.org/x/crypto v0.0.0-20200622213623-75b288015ac9
[0m[91mgo: finding golang.org/x/exp v0.0.0-20190121172915-509febef88a4
[0m[91mgo: finding golang.org/x/lint v0.0.0-20190930215403-16217165b5de
[0m[91mgo: finding golang.org/x/mod v0.0.0-20190513183733-4bf6d317e70e
[0m[91mgo: finding golang.org/x/net v0.0.0-20200520004742-59133d7f0dd7
[0m[91mgo: finding golang.org/x/oauth2 v0.0.0-20190604053449-0f29369cfe45
[0m[91mgo: finding golang.org/x/sync v0.0.0-20190911185100-cd5d95a43a6e
[0m[91mgo: finding golang.org/x/sys v0.0.0-20200519105757-fe76b779f299
[0m[91mgo: finding golang.org/x/text v0.3.3
[0m[91mgo: finding golang.org/x/time v0.0.0-20190921001708-c4c64cad1fd0
[0m[91mgo: finding golang.org/x/tools v0.0.0-20191029190741-b9c20aec41a5
[0m[91mgo: finding golang.org/x/xerrors v0.0.0-20191204190536-9bdfabe68543
[0m[91mgo: finding gomodules.xyz/jsonpatch/v2 v2.0.1
[0m[91mgo: finding google.golang.org/api v0.4.0
[0m[91mgo: finding google.golang.org/appengine v1.6.5
[0m[91mgo: finding google.golang.org/genproto v0.0.0-20190916214212-f660b8655731
[0m[91mgo: finding google.golang.org/grpc v1.26.0
[0m[91mgo: finding google.golang.org/protobuf v1.23.0
[0m[91mgo: finding gopkg.in/alecthomas/kingpin.v2 v2.2.6
[0m[91mgo: finding gopkg.in/check.v1 v1.0.0-20190902080502-41f04d3bba15
[0m[91mgo: finding gopkg.in/cheggaaa/pb.v1 v1.0.25
[0m[91mgo: finding gopkg.in/errgo.v2 v2.1.0
[0m[91mgo: finding gopkg.in/fsnotify.v1 v1.4.7
[0m[91mgo: finding gopkg.in/inf.v0 v0.9.1
[0m[91mgo: finding gopkg.in/natefinch/lumberjack.v2 v2.0.0
[0m[91mgo: finding gopkg.in/resty.v1 v1.12.0
[0m[91mgo: finding gopkg.in/square/go-jose.v2 v2.2.2
[0m[91mgo: finding gopkg.in/tomb.v1 v1.0.0-20141024135613-dd632973f1e7
[0m[91mgo: finding gopkg.in/yaml.v2 v2.3.0
[0m[91mgo: finding gotest.tools v2.2.0+incompatible
[0m[91mgo: finding honnef.co/go/tools v0.0.1-2019.2.3
[0m[91mgo: finding istio.io/api v0.0.0-20200513175333-ae3da0d240e3
[0m[91mgo: finding istio.io/client-go v0.0.0-20200513180646-f8d9d8ff84e6
[0m[91mgo: finding istio.io/gogo-genproto v0.0.0-20190930162913-45029607206a
[0m[91mgo: finding k8s.io/api v0.18.8
[0m[91mgo: finding k8s.io/apiextensions-apiserver v0.18.8
[0m[91mgo: finding k8s.io/apimachinery v0.18.8
[0m[91mgo: finding k8s.io/apiserver v0.18.8
[0m[91mgo: finding k8s.io/client-go v0.18.8
[0m[91mgo: finding k8s.io/code-generator v0.18.8
[0m[91mgo: finding k8s.io/component-base v0.18.8
[0m[91mgo: finding k8s.io/gengo v0.0.0-20200114144118-36b2048a9120
[0m[91mgo: finding k8s.io/klog v1.0.0
[0m[91mgo: finding k8s.io/klog/v2 v2.0.0
[0m[91mgo: finding k8s.io/kube-openapi v0.0.0-20200410145947-61e04a5be9a6
[0m[91mgo: finding k8s.io/utils v0.0.0-20200603063816-c1c6865ac451
[0m[91mgo: finding knative.dev/pkg v0.0.0-20200513151758-7b6bb61326ae
[0m[91mgo: finding sigs.k8s.io/apiserver-network-proxy/konnectivity-client v0.0.7
[0m[91mgo: finding sigs.k8s.io/controller-runtime v0.6.3
[0m[91mgo: finding sigs.k8s.io/structured-merge-diff v0.0.0-20190525122527-15d366b2352e
[0m[91mgo: finding sigs.k8s.io/structured-merge-diff/v3 v3.0.0
[0m[91mgo: finding sigs.k8s.io/yaml v1.2.0
[0mRemoving intermediate container dd4dad95876c
 ---> 5cc7732b90bd
Step 6/28 : COPY main.go main.go
 ---> 29b2264bc1a8
Step 7/28 : COPY apis/ apis/
 ---> e8d252853d44
Step 8/28 : COPY controllers/ controllers/
 ---> dcc28f430012
Step 9/28 : COPY utils/ utils/
 ---> f1fb33ace273
Step 10/28 : COPY constants/ constants/
 ---> 869ab8d1d214
Step 11/28 : COPY client/ client/
 ---> 8a6a674145be
Step 12/28 : RUN go build -a -o manager main.go
 ---> Running in 4ad4f0950e05
Removing intermediate container 4ad4f0950e05
 ---> 61ea4a8cb35a
Step 13/28 : RUN wget -O hashicorp-golang-lru.tar.gz https://github.com/hashicorp/golang-lru/archive/master.tar.gz
 ---> Running in 7f90952cd22d
[91m--2020-10-13 16:35:03--  https://github.com/hashicorp/golang-lru/archive/master.tar.gz
[0m[91mResolving github.com (github.com)... [0m[91m140.82.121.3
Connecting to github.com (github.com)|140.82.121.3|:443... [0m[91mconnected.
[0m[91mHTTP request sent, awaiting response... [0m[91m302 Found
Location: https://codeload.github.com/hashicorp/golang-lru/tar.gz/master [following]
[0m[91m--2020-10-13 16:35:03--  https://codeload.github.com/hashicorp/golang-lru/tar.gz/master
Resolving codeload.github.com (codeload.github.com)... [0m[91m140.82.121.10
Connecting to codeload.github.com (codeload.github.com)|140.82.121.10|:443... [0m[91mconnected.
[0m[91mHTTP request sent, awaiting response... [0m[91m200 OK
Length: unspecified [application/x-gzip]
Saving to: 'hashicorp-golang-lru.tar.gz'

     0K .......... ..[0m[91m.                                         1.10M=0.01s

2020-10-13 16:35:04 (1.10 MB/s) - 'hashicorp-golang-lru.tar.gz' saved [13973]

[0mRemoving intermediate container 7f90952cd22d
 ---> 0b88b3d03af6
Step 14/28 : RUN wget -O armon-consul-api.tar.gz https://github.com/armon/consul-api/archive/master.tar.gz
 ---> Running in b2980dc07d1f
[91m--2020-10-13 16:35:05--  https://github.com/armon/consul-api/archive/master.tar.gz
[0m[91mResolving github.com (github.com)... [0m[91m140.82.121.3
Connecting to github.com (github.com)|140.82.121.3|:443... [0m[91mconnected.
[0m[91mHTTP request sent, awaiting response... [0m[91m302 Found
Location: https://codeload.github.com/armon/consul-api/tar.gz/master [following]
[0m[91m--2020-10-13 16:35:05--  https://codeload.github.com/armon/consul-api/tar.gz/master
Resolving codeload.github.com (codeload.github.com)... [0m[91m140.82.121.9
Connecting to codeload.github.com (codeload.github.com)|140.82.121.9|:443... [0m[91mconnected.
[0m[91mHTTP request sent, awaiting response... [0m[91m200 OK
Length: unspecified [application/x-gzip]
Saving to: 'armon-consul-api.tar.gz'
[0m[91m
     0K .......... .[0m[91m..[0m[91m....                                     1.29M=0.01s

2020-10-13 16:35:05 (1.29 MB/s) - 'armon-consul-api.tar.gz' saved [17977]

[0mRemoving intermediate container b2980dc07d1f
 ---> 98875d047691
Step 15/28 : RUN wget -O hasicorp-hcl.tar.gz https://github.com/hashicorp/hcl/archive/master.tar.gz
 ---> Running in 7d562aa2ad7b
[91m--2020-10-13 16:35:07--  https://github.com/hashicorp/hcl/archive/master.tar.gz
[0m[91mResolving github.com (github.com)... [0m[91m140.82.121.3
Connecting to github.com (github.com)|140.82.121.3|:443... [0m[91mconnected.
[0m[91mHTTP request sent, awaiting response... [0m[91m302 Found
Location: https://codeload.github.com/hashicorp/hcl/tar.gz/master [following]
--2020-10-13 16:35:07--  https://codeload.github.com/hashicorp/hcl/tar.gz/master
Resolving codeload.github.com (codeload.github.com)... [0m[91m140.82.121.10
Connecting to codeload.github.com (codeload.github.com)|140.82.121.10|:443... [0m[91mconnected.
[0m[91mHTTP request sent, awaiting response... [0m[91m200 OK
Length: unspecified [application/x-gzip]
Saving to: 'hasicorp-hcl.tar.gz'
[0m[91m
     0K .......... .[0m[91m......... .......... ........[0m[91m.. .......... 1.88M[0m[91m
    50K ......[0m[91m.... .......... .                                28.3M=0.03s

2020-10-13 16:35:07 (2.60 MB/s) - 'hasicorp-hcl.tar.gz' saved [72956]

[0mRemoving intermediate container 7d562aa2ad7b
 ---> 603d68407b0b
Step 16/28 : FROM gcr.io/distroless/base:latest
latest: Pulling from distroless/base
5c7fe08dec51: Pulling fs layer
31eb28996804: Pulling fs layer
5c7fe08dec51: Verifying Checksum
5c7fe08dec51: Download complete
31eb28996804: Verifying Checksum
31eb28996804: Download complete
5c7fe08dec51: Pull complete
31eb28996804: Pull complete
Digest: sha256:884ac2144c3ee154bd67271e99bc6ef00f430092750167729b0321ab55fde5ec
Status: Downloaded newer image for gcr.io/distroless/base:latest
 ---> aa310c5c880e
Step 17/28 : WORKDIR /
 ---> Running in 55327b9afe33
Removing intermediate container 55327b9afe33
 ---> d6e13d17b8c9
Step 18/28 : COPY --from=builder /workspace/manager .
 ---> 13fe36389f05
Step 19/28 : COPY licenses/license.txt licenses/license.txt
 ---> f47190df06ed
Step 20/28 : COPY --from=builder /workspace/hashicorp-golang-lru.tar.gz licenses/mpl_source/hashicorp-golang-lru.tar.gz
 ---> 40bb409a1141
Step 21/28 : COPY --from=builder /workspace/armon-consul-api.tar.gz licenses/mpl_source/armon-consul-api.tar.gz
 ---> fddf05d2116a
Step 22/28 : COPY --from=builder /workspace/hasicorp-hcl.tar.gz licenses/mpl_source/hasicorp-hcl.tar.gz
 ---> 867370d50959
Step 23/28 : COPY generated/admissionregistration.k8s.io_v1beta1_mutatingwebhookconfiguration_seldon-mutating-webhook-configuration.yaml /tmp/operator-resources/mutate.yaml
 ---> d71730e28367
Step 24/28 : COPY generated/admissionregistration.k8s.io_v1beta1_validatingwebhookconfiguration_seldon-validating-webhook-configuration.yaml /tmp/operator-resources/validate.yaml
 ---> 290b5bbf4305
Step 25/28 : COPY generated/~g_v1_service_seldon-webhook-service.yaml /tmp/operator-resources/service.yaml
 ---> a5d4392c8ac8
Step 26/28 : COPY generated/~g_v1_configmap_seldon-config.yaml /tmp/operator-resources/configmap.yaml
 ---> 885b028a762f
Step 27/28 : COPY generated/apiextensions.k8s.io_v1beta1_customresourcedefinition_seldondeployments.machinelearning.seldon.io.yaml /tmp/operator-resources/crd.yaml
 ---> e734f920c1be
Step 28/28 : ENTRYPOINT ["/manager"]
 ---> Running in b0c96e037682
Removing intermediate container b0c96e037682
 ---> 5d37b91c8594
Successfully built 5d37b91c8594
Successfully tagged seldonio/seldon-core-operator:1.3.0-dev
docker save seldonio/seldon-core-operator:1.3.0-dev > operator.tar
kind load image-archive operator.tar --name kind
make[1]: Leaving directory '/workspace/source/operator'
Files changed in engine folder:
SKIPPING ENGINE IMAGE BUILD...
Files changed in executor folder:
SKIPPING EXECUTOR IMAGE BUILD...
Build test models
make -C ../docker/fixed-model kind_load_images
make[1]: Entering directory '/workspace/source/testing/docker/fixed-model'
s2i build -E environment_rest_v1 . seldonio/seldon-core-s2i-python3:0.15 seldonio/fixed-model:0.1
---> Installing application source...
Build completed successfully
s2i build -E environment_rest_v2 . seldonio/seldon-core-s2i-python3:0.15 seldonio/fixed-model:0.2
---> Installing application source...
Build completed successfully
kind load -v 3 docker-image seldonio/fixed-model:0.1
Image: "seldonio/fixed-model:0.1" with ID "sha256:b46cb5f9d7a1c35529b05d247a2dd7802794a985a126bf11874f7a825a52c899" not present on node "kind-worker"
Image: "seldonio/fixed-model:0.1" with ID "sha256:b46cb5f9d7a1c35529b05d247a2dd7802794a985a126bf11874f7a825a52c899" not present on node "kind-control-plane"
kind load -v 3 docker-image seldonio/fixed-model:0.2
Image: "seldonio/fixed-model:0.2" with ID "sha256:2d1fc1bf661f5e5a67c201aa2d16a54da6c50f59c3d91fb0a811fc827345a350" not present on node "kind-worker"
Image: "seldonio/fixed-model:0.2" with ID "sha256:2d1fc1bf661f5e5a67c201aa2d16a54da6c50f59c3d91fb0a811fc827345a350" not present on node "kind-control-plane"
make[1]: Leaving directory '/workspace/source/testing/docker/fixed-model'
make -C ../docker/echo-model kind_load_image
make[1]: Entering directory '/workspace/source/testing/docker/echo-model'
s2i build \
	-E environment_rest \
	.\
	seldonio/seldon-core-s2i-python3:1.1.1-SNAPSHOT\
	seldonio/echo-model:0.1
---> Installing application source...
Build completed successfully
kind load -v 3 docker-image seldonio/echo-model:0.1
Image: "seldonio/echo-model:0.1" with ID "sha256:8c48e71a2e7fa4e65b287c31814e5d4f3f75b6f2d91d1be090eb91e386620000" not present on node "kind-worker"
Image: "seldonio/echo-model:0.1" with ID "sha256:8c48e71a2e7fa4e65b287c31814e5d4f3f75b6f2d91d1be090eb91e386620000" not present on node "kind-control-plane"
make[1]: Leaving directory '/workspace/source/testing/docker/echo-model'
Files changed in prepackaged folder:
SKIPPING PREPACKAGED IMAGE BUILD...
Files changed in alibi explain folder:
SKIPPING ALIBI EXPLAIN IMAGE BUILD...
Files changed in alibi detect folder:
SKIPPING ALIBI DETECT IMAGE BUILD...
Files changed in misc folders:
SKIPPING MISC IMAGE BUILD...
kubectl create namespace seldon || echo "Namespace seldon already exists"
namespace/seldon created
kubectl create namespace test1 || echo "Namespace test1 already exists"
namespace/test1 created
helm repo add stable https://kubernetes-charts.storage.googleapis.com/
"stable" has been added to your repositories
helm repo add seldonio https://storage.googleapis.com/seldon-charts
"seldonio" has been added to your repositories
helm repo add jaegertracing https://jaegertracing.github.io/helm-charts
"jaegertracing" has been added to your repositories
helm repo add datawire https://www.getambassador.io
"datawire" has been added to your repositories
helm repo update
Hang tight while we grab the latest from your chart repositories...
...Successfully got an update from the "seldonio" chart repository
...Successfully got an update from the "jaegertracing" chart repository
...Successfully got an update from the "datawire" chart repository
...Successfully got an update from the "stable" chart repository
Update Complete. âŽˆ Happy Helming!âŽˆ 
helm upgrade ambassador \
	datawire/ambassador \
	-f ../resources/ambassador_values.yaml \
	--set image.repository=quay.io/datawire/ambassador \
	--set crds.keep=false \
	--set enableAES=false \
	--namespace seldon \
	--set replicaCount=1 \
	--wait --install
Release "ambassador" does not exist. Installing it now.
manifest_sorter.go:192: info: skipping unknown hook: "crd-install"
manifest_sorter.go:192: info: skipping unknown hook: "crd-install"
manifest_sorter.go:192: info: skipping unknown hook: "crd-install"
manifest_sorter.go:192: info: skipping unknown hook: "crd-install"
manifest_sorter.go:192: info: skipping unknown hook: "crd-install"
manifest_sorter.go:192: info: skipping unknown hook: "crd-install"
manifest_sorter.go:192: info: skipping unknown hook: "crd-install"
manifest_sorter.go:192: info: skipping unknown hook: "crd-install"
manifest_sorter.go:192: info: skipping unknown hook: "crd-install"
manifest_sorter.go:192: info: skipping unknown hook: "crd-install"
manifest_sorter.go:192: info: skipping unknown hook: "crd-install"
manifest_sorter.go:192: info: skipping unknown hook: "crd-install"
manifest_sorter.go:192: info: skipping unknown hook: "crd-install"
manifest_sorter.go:192: info: skipping unknown hook: "crd-install"
manifest_sorter.go:192: info: skipping unknown hook: "crd-install"
manifest_sorter.go:192: info: skipping unknown hook: "crd-install"
manifest_sorter.go:192: info: skipping unknown hook: "crd-install"
manifest_sorter.go:192: info: skipping unknown hook: "crd-install"
NAME: ambassador
LAST DEPLOYED: Tue Oct 13 16:41:47 2020
NAMESPACE: seldon
STATUS: deployed
REVISION: 1
NOTES:
-------------------------------------------------------------------------------
  Congratulations! You've successfully installed Ambassador!

-------------------------------------------------------------------------------
To get the IP address of Ambassador, run the following commands:
  export NODE_PORT=$(kubectl get --namespace seldon -o jsonpath="{.spec.ports[0].nodePort}" services ambassador)
  export NODE_IP=$(kubectl get nodes --namespace seldon -o jsonpath="{.items[0].status.addresses[0].address}")
  echo http://$NODE_IP:$NODE_PORT

For help, visit our Slack at https://d6e.co/slack or view the documentation online at https://www.getambassador.io.
kubectl apply -f istio-1.4.2.yaml
clusterrole.rbac.authorization.k8s.io/istio-reader-istio-system created
clusterrolebinding.rbac.authorization.k8s.io/istio-reader-istio-system created
customresourcedefinition.apiextensions.k8s.io/attributemanifests.config.istio.io created
customresourcedefinition.apiextensions.k8s.io/clusterrbacconfigs.rbac.istio.io created
customresourcedefinition.apiextensions.k8s.io/destinationrules.networking.istio.io created
customresourcedefinition.apiextensions.k8s.io/envoyfilters.networking.istio.io created
customresourcedefinition.apiextensions.k8s.io/gateways.networking.istio.io created
customresourcedefinition.apiextensions.k8s.io/httpapispecbindings.config.istio.io created
customresourcedefinition.apiextensions.k8s.io/httpapispecs.config.istio.io created
customresourcedefinition.apiextensions.k8s.io/meshpolicies.authentication.istio.io created
customresourcedefinition.apiextensions.k8s.io/policies.authentication.istio.io created
customresourcedefinition.apiextensions.k8s.io/quotaspecbindings.config.istio.io created
customresourcedefinition.apiextensions.k8s.io/quotaspecs.config.istio.io created
customresourcedefinition.apiextensions.k8s.io/rbacconfigs.rbac.istio.io created
customresourcedefinition.apiextensions.k8s.io/rules.config.istio.io created
customresourcedefinition.apiextensions.k8s.io/serviceentries.networking.istio.io created
customresourcedefinition.apiextensions.k8s.io/servicerolebindings.rbac.istio.io created
customresourcedefinition.apiextensions.k8s.io/serviceroles.rbac.istio.io created
customresourcedefinition.apiextensions.k8s.io/virtualservices.networking.istio.io created
customresourcedefinition.apiextensions.k8s.io/adapters.config.istio.io created
customresourcedefinition.apiextensions.k8s.io/instances.config.istio.io created
customresourcedefinition.apiextensions.k8s.io/templates.config.istio.io created
customresourcedefinition.apiextensions.k8s.io/handlers.config.istio.io created
customresourcedefinition.apiextensions.k8s.io/sidecars.networking.istio.io created
customresourcedefinition.apiextensions.k8s.io/authorizationpolicies.security.istio.io created
namespace/istio-system created
serviceaccount/istio-reader-service-account created
clusterrole.rbac.authorization.k8s.io/istio-citadel-istio-system created
clusterrolebinding.rbac.authorization.k8s.io/istio-citadel-istio-system created
deployment.apps/istio-citadel created
poddisruptionbudget.policy/istio-citadel created
service/istio-citadel created
serviceaccount/istio-citadel-service-account created
deployment.apps/istio-egressgateway created
poddisruptionbudget.policy/istio-egressgateway created
gateway.networking.istio.io/istio-multicluster-egressgateway created
virtualservice.networking.istio.io/istio-multicluster-egressgateway created
envoyfilter.networking.istio.io/istio-multicluster-egressgateway created
destinationrule.networking.istio.io/istio-multicluster-destinationrule created
service/istio-egressgateway created
role.rbac.authorization.k8s.io/istio-egressgateway-sds created
rolebinding.rbac.authorization.k8s.io/istio-egressgateway-sds created
serviceaccount/istio-egressgateway-service-account created
clusterrole.rbac.authorization.k8s.io/istio-galley-istio-system created
clusterrolebinding.rbac.authorization.k8s.io/istio-galley-*****-role-binding-istio-system created
configmap/istio-mesh-galley created
configmap/istio-galley-configuration created
deployment.apps/istio-galley created
poddisruptionbudget.policy/istio-galley created
service/istio-galley created
serviceaccount/istio-galley-service-account created
configmap/istio-grafana-configuration-dashboards-citadel-dashboard created
configmap/istio-grafana-configuration-dashboards-galley-dashboard created
configmap/istio-grafana-configuration-dashboards-istio-mesh-dashboard created
configmap/istio-grafana-configuration-dashboards-istio-performance-dashboard created
configmap/istio-grafana-configuration-dashboards-istio-service-dashboard created
configmap/istio-grafana-configuration-dashboards-istio-workload-dashboard created
configmap/istio-grafana-configuration-dashboards-mixer-dashboard created
configmap/istio-grafana-configuration-dashboards-pilot-dashboard created
configmap/istio-grafana created
deployment.apps/grafana created
policy.authentication.istio.io/grafana-ports-mtls-disabled created
service/grafana created
deployment.apps/istio-ingressgateway created
gateway.networking.istio.io/ingressgateway created
poddisruptionbudget.policy/ingressgateway created
service/istio-ingressgateway created
serviceaccount/istio-ingressgateway-service-account created
sidecar.networking.istio.io/default created
clusterrole.rbac.authorization.k8s.io/istio-sidecar-injector-istio-system created
clusterrolebinding.rbac.authorization.k8s.io/istio-sidecar-injector-*****-role-binding-istio-system created
configmap/injector-mesh created
deployment.apps/istio-sidecar-injector created
mutatingwebhookconfiguration.admissionregistration.k8s.io/istio-sidecar-injector created
poddisruptionbudget.policy/istio-sidecar-injector created
service/istio-sidecar-injector created
serviceaccount/istio-sidecar-injector-service-account created
configmap/istio-sidecar-injector created
clusterrole.rbac.authorization.k8s.io/kiali created
clusterrole.rbac.authorization.k8s.io/kiali-viewer created
clusterrolebinding.rbac.authorization.k8s.io/kiali created
configmap/kiali created
secret/kiali created
deployment.apps/kiali created
service/kiali created
serviceaccount/kiali-service-account created
clusterrole.rbac.authorization.k8s.io/istio-pilot-istio-system created
clusterrolebinding.rbac.authorization.k8s.io/istio-pilot-istio-system created
configmap/pilot-envoy-config created
configmap/istio created
deployment.apps/istio-pilot created
meshpolicy.authentication.istio.io/default created
poddisruptionbudget.policy/istio-pilot created
service/istio-pilot created
serviceaccount/istio-pilot-service-account created
clusterrole.rbac.authorization.k8s.io/istio-policy created
clusterrolebinding.rbac.authorization.k8s.io/istio-policy-*****-role-binding-istio-system created
destinationrule.networking.istio.io/istio-policy created
deployment.apps/istio-policy created
poddisruptionbudget.policy/istio-policy created
service/istio-policy created
serviceaccount/istio-policy-service-account created
clusterrole.rbac.authorization.k8s.io/prometheus-istio-system created
clusterrolebinding.rbac.authorization.k8s.io/prometheus-istio-system created
configmap/prometheus created
deployment.apps/prometheus created
service/prometheus created
serviceaccount/prometheus created
horizontalpodautoscaler.autoscaling/istio-telemetry created
clusterrole.rbac.authorization.k8s.io/istio-mixer-istio-system created
clusterrolebinding.rbac.authorization.k8s.io/istio-mixer-*****-role-binding-istio-system created
attributemanifest.config.istio.io/istioproxy created
attributemanifest.config.istio.io/kubernetes created
handler.config.istio.io/stdio created
instance.config.istio.io/accesslog created
instance.config.istio.io/tcpaccesslog created
rule.config.istio.io/stdio created
rule.config.istio.io/stdiotcp created
instance.config.istio.io/requestcount created
instance.config.istio.io/requestduration created
instance.config.istio.io/requestsize created
instance.config.istio.io/responsesize created
instance.config.istio.io/tcpbytesent created
instance.config.istio.io/tcpbytereceived created
instance.config.istio.io/tcpconnectionsopened created
instance.config.istio.io/tcpconnectionsclosed created
handler.config.istio.io/prometheus created
rule.config.istio.io/promhttp created
rule.config.istio.io/promtcp created
rule.config.istio.io/promtcpconnectionopen created
rule.config.istio.io/promtcpconnectionclosed created
handler.config.istio.io/kubernetesenv created
rule.config.istio.io/kubeattrgenrulerule created
rule.config.istio.io/tcpkubeattrgenrulerule created
instance.config.istio.io/attributes created
destinationrule.networking.istio.io/istio-telemetry created
configmap/telemetry-envoy-config created
deployment.apps/istio-telemetry created
poddisruptionbudget.policy/istio-telemetry created
service/istio-telemetry created
serviceaccount/istio-mixer-service-account created
deployment.apps/istio-tracing created
service/jaeger-query created
service/jaeger-collector created
service/jaeger-agent created
service/zipkin created
service/tracing created
kubectl rollout status deployment.apps/istio-ingressgateway -n istio-system
Waiting for deployment "istio-ingressgateway" rollout to finish: 0 of 1 updated replicas are available...
deployment "istio-ingressgateway" successfully rolled out
kubectl rollout status deployment.apps/istio-pilot -n istio-system
deployment "istio-pilot" successfully rolled out
kubectl rollout status deployment.apps/istio-citadel -n istio-system
deployment "istio-citadel" successfully rolled out
kubectl create -f ../resources/seldon-gateway.yaml -n istio-system
gateway.networking.istio.io/seldon-gateway created
helm upgrade jaeger-operator \
	jaegertracing/jaeger-operator \
	--set rbac.clusterRole=true \
	--namespace seldon \
	--wait --install
Release "jaeger-operator" does not exist. Installing it now.
manifest_sorter.go:192: info: skipping unknown hook: "crd-install"
NAME: jaeger-operator
LAST DEPLOYED: Tue Oct 13 16:44:06 2020
NAMESPACE: seldon
STATUS: deployed
REVISION: 1
TEST SUITE: None
NOTES:
jaeger-operator is installed.


Check the jaeger-operator logs
  export POD=$(kubectl get pods-l app.kubernetes.io/instance=jaeger-operator -lapp.kubernetes.io/name=jaeger-operator --namespace seldon --output name)
  kubectl logs $POD --namespace=seldon
kubectl apply -f ../resources/jaeger.yaml --namespace seldon
jaeger.jaegertracing.io/jaeger created
mapping.getambassador.io/jaeger created
cd ../../operator && make install-cert-manager
make[1]: Entering directory '/workspace/source/operator'
kubectl create namespace cert-manager || echo "Namespace cert-manager-exists"
namespace/cert-manager created
kubectl label namespace cert-manager cert-manager.io/disable-validation=true || echo "namespace cert-manager-already labelled"
namespace/cert-manager labeled
kubectl apply --validate=false -f https://github.com/jetstack/cert-manager/releases/download/v0.12.0/cert-manager.yaml
customresourcedefinition.apiextensions.k8s.io/certificaterequests.cert-manager.io created
customresourcedefinition.apiextensions.k8s.io/certificates.cert-manager.io created
customresourcedefinition.apiextensions.k8s.io/challenges.acme.cert-manager.io created
customresourcedefinition.apiextensions.k8s.io/clusterissuers.cert-manager.io created
customresourcedefinition.apiextensions.k8s.io/issuers.cert-manager.io created
customresourcedefinition.apiextensions.k8s.io/orders.acme.cert-manager.io created
Warning: kubectl apply should be used on resource created by either kubectl create --save-config or kubectl apply
namespace/cert-manager configured
serviceaccount/cert-manager-cainjector created
serviceaccount/cert-manager created
serviceaccount/cert-manager-webhook created
clusterrole.rbac.authorization.k8s.io/cert-manager-cainjector created
clusterrolebinding.rbac.authorization.k8s.io/cert-manager-cainjector created
role.rbac.authorization.k8s.io/cert-manager-cainjector:leaderelection created
rolebinding.rbac.authorization.k8s.io/cert-manager-cainjector:leaderelection created
clusterrolebinding.rbac.authorization.k8s.io/cert-manager-webhook:auth-delegator created
rolebinding.rbac.authorization.k8s.io/cert-manager-webhook:webhook-authentication-reader created
clusterrole.rbac.authorization.k8s.io/cert-manager-webhook:webhook-requester created
role.rbac.authorization.k8s.io/cert-manager:leaderelection created
rolebinding.rbac.authorization.k8s.io/cert-manager:leaderelection created
clusterrole.rbac.authorization.k8s.io/cert-manager-controller-issuers created
clusterrole.rbac.authorization.k8s.io/cert-manager-controller-clusterissuers created
clusterrole.rbac.authorization.k8s.io/cert-manager-controller-certificates created
clusterrole.rbac.authorization.k8s.io/cert-manager-controller-orders created
clusterrole.rbac.authorization.k8s.io/cert-manager-controller-challenges created
clusterrole.rbac.authorization.k8s.io/cert-manager-controller-ingress-shim created
clusterrolebinding.rbac.authorization.k8s.io/cert-manager-controller-issuers created
clusterrolebinding.rbac.authorization.k8s.io/cert-manager-controller-clusterissuers created
clusterrolebinding.rbac.authorization.k8s.io/cert-manager-controller-certificates created
clusterrolebinding.rbac.authorization.k8s.io/cert-manager-controller-orders created
clusterrolebinding.rbac.authorization.k8s.io/cert-manager-controller-challenges created
clusterrolebinding.rbac.authorization.k8s.io/cert-manager-controller-ingress-shim created
clusterrole.rbac.authorization.k8s.io/cert-manager-view created
clusterrole.rbac.authorization.k8s.io/cert-manager-edit created
service/cert-manager created
service/cert-manager-webhook created
deployment.apps/cert-manager-cainjector created
deployment.apps/cert-manager created
deployment.apps/cert-manager-webhook created
mutatingwebhookconfiguration.admissionregistration.k8s.io/cert-manager-webhook created
validatingwebhookconfiguration.admissionregistration.k8s.io/cert-manager-webhook created
kubectl rollout status deployment.apps/cert-manager -n cert-manager
Waiting for deployment "cert-manager" rollout to finish: 0 of 1 updated replicas are available...
deployment "cert-manager" successfully rolled out
kubectl rollout status deployment.apps/cert-manager-cainjector -n cert-manager
deployment "cert-manager-cainjector" successfully rolled out
kubectl rollout status deployment.apps/cert-manager-webhook -n cert-manager
Waiting for deployment "cert-manager-webhook" rollout to finish: 0 of 1 updated replicas are available...
deployment "cert-manager-webhook" successfully rolled out
make[1]: Leaving directory '/workspace/source/operator'
sleep 5 #https://github.com/jetstack/cert-manager/issues/2273
kubectl create namespace seldon-system || echo "namespace seldon-system exists"
namespace/seldon-system created
helm delete seldon --namespace seldon-system || echo "seldon-core not installed"
Error: uninstall: Release not loaded: seldon: release: not found
seldon-core not installed
helm upgrade seldon \
	../../helm-charts/seldon-core-operator \
	--namespace seldon-system \
	--set istio.enabled=true \
	--set istio.gateway=istio-system/seldon-gateway \
	--set certManager.enabled=false \
	--set executor.enabled="true" \
	--wait --install
Release "seldon" does not exist. Installing it now.
NAME: seldon
LAST DEPLOYED: Tue Oct 13 16:44:52 2020
NAMESPACE: seldon-system
STATUS: deployed
REVISION: 1
TEST SUITE: None
kubectl config set-context $(kubectl config current-context) --namespace=seldon
Context "kind-kind" modified.
kubectl apply -f metrics.yaml
clusterrole.rbac.authorization.k8s.io/system:aggregated-metrics-reader created
clusterrolebinding.rbac.authorization.k8s.io/metrics-server:system:auth-delegator created
rolebinding.rbac.authorization.k8s.io/metrics-server-auth-reader created
apiservice.apiregistration.k8s.io/v1beta1.metrics.k8s.io created
serviceaccount/metrics-server created
deployment.apps/metrics-server created
service/metrics-server created
clusterrole.rbac.authorization.k8s.io/system:metrics-server created
clusterrolebinding.rbac.authorization.k8s.io/system:metrics-server created
make: Entering directory '/workspace/source/python'
pip install -e . -r requirements-dev.txt
Obtaining file:///workspace/source/python
Collecting black==19.10b0
  Downloading black-19.10b0-py36-none-any.whl (97 kB)
Collecting flake8==3.8.1
  Downloading flake8-3.8.1-py2.py3-none-any.whl (72 kB)
Collecting mypy<0.791
  Downloading mypy-0.790-cp36-cp36m-manylinux1_x86_64.whl (21.0 MB)
Requirement already satisfied: Pillow==7.2.0 in /usr/local/lib/python3.6/site-packages (from -r requirements-dev.txt (line 5)) (7.2.0)
Collecting pytest==6.1.0
  Downloading pytest-6.1.0-py3-none-any.whl (272 kB)
Collecting pytest-cov==2.10.1
  Downloading pytest_cov-2.10.1-py2.py3-none-any.whl (19 kB)
Collecting tox<4.0.0
  Downloading tox-3.20.1-py2.py3-none-any.whl (83 kB)
Requirement already satisfied: grpcio-tools==1.32.0 in /usr/local/lib/python3.6/site-packages (from -r requirements-dev.txt (line 9)) (1.32.0)
Collecting mypy-protobuf==1.22
  Downloading mypy_protobuf-1.22-py3-none-any.whl (7.5 kB)
Collecting tenacity==6.2.0
  Downloading tenacity-6.2.0-py2.py3-none-any.whl (24 kB)
Collecting coverage==5.3
  Downloading coverage-5.3-cp36-cp36m-manylinux1_x86_64.whl (229 kB)
Collecting pandas==1.1.0
  Downloading pandas-1.1.0-cp36-cp36m-manylinux1_x86_64.whl (10.5 MB)
Collecting pip-licenses==2.3.0
  Downloading pip_licenses-2.3.0-py3-none-any.whl (14 kB)
Collecting Flask<2.0.0
  Downloading Flask-1.1.2-py2.py3-none-any.whl (94 kB)
Requirement already satisfied: jsonschema<4.0.0 in /usr/local/lib/python3.6/site-packages (from seldon-core==1.3.0.dev0) (3.2.0)
Collecting Flask-cors<4.0.0
  Downloading Flask_Cors-3.0.9-py2.py3-none-any.whl (14 kB)
Collecting redis<4.0.0
  Downloading redis-3.5.3-py2.py3-none-any.whl (72 kB)
Requirement already satisfied: requests<3.0.0 in /usr/local/lib/python3.6/site-packages (from seldon-core==1.3.0.dev0) (2.24.0)
Requirement already satisfied: numpy<2.0.0 in /usr/local/lib/python3.6/site-packages (from seldon-core==1.3.0.dev0) (1.19.2)
Collecting flatbuffers<2.0.0
  Downloading flatbuffers-1.12-py2.py3-none-any.whl (15 kB)
Requirement already satisfied: protobuf<4.0.0 in /usr/local/lib/python3.6/site-packages (from seldon-core==1.3.0.dev0) (3.13.0)
Requirement already satisfied: grpcio<2.0.0 in /usr/local/lib/python3.6/site-packages (from seldon-core==1.3.0.dev0) (1.32.0)
Collecting Flask-OpenTracing<1.2.0,>=1.1.0
  Downloading Flask-OpenTracing-1.1.0.tar.gz (8.2 kB)
Collecting opentracing<2.4.0,>=2.2.0
  Downloading opentracing-2.3.0.tar.gz (48 kB)
Collecting jaeger-client<4.4.0,>=4.1.0
  Downloading jaeger-client-4.3.0.tar.gz (81 kB)
Collecting grpcio-opentracing<1.2.0,>=1.1.4
  Downloading grpcio_opentracing-1.1.4-py3-none-any.whl (14 kB)
Requirement already satisfied: PyYAML<5.4 in /usr/local/lib/python3.6/site-packages (from seldon-core==1.3.0.dev0) (5.3.1)
Collecting gunicorn<20.1.0,>=19.9.0
  Downloading gunicorn-20.0.4-py2.py3-none-any.whl (77 kB)
Requirement already satisfied: setuptools>=41.0.0 in /usr/local/lib/python3.6/site-packages (from seldon-core==1.3.0.dev0) (50.3.0)
Requirement already satisfied: prometheus_client<0.9.0,>=0.7.1 in /usr/local/lib/python3.6/site-packages (from seldon-core==1.3.0.dev0) (0.8.0)
Collecting pathspec<1,>=0.6
  Downloading pathspec-0.8.0-py2.py3-none-any.whl (28 kB)
Collecting typed-ast>=1.4.0
  Downloading typed_ast-1.4.1-cp36-cp36m-manylinux1_x86_64.whl (737 kB)
Collecting click>=6.5
  Downloading click-7.1.2-py2.py3-none-any.whl (82 kB)
Collecting toml>=0.9.4
  Downloading toml-0.10.1-py2.py3-none-any.whl (19 kB)
Collecting regex
  Downloading regex-2020.10.11-cp36-cp36m-manylinux2010_x86_64.whl (662 kB)
Requirement already satisfied: attrs>=18.1.0 in /usr/local/lib/python3.6/site-packages (from black==19.10b0->-r requirements-dev.txt (line 2)) (20.2.0)
Collecting appdirs
  Downloading appdirs-1.4.4-py2.py3-none-any.whl (9.6 kB)
Collecting mccabe<0.7.0,>=0.6.0
  Downloading mccabe-0.6.1-py2.py3-none-any.whl (8.6 kB)
Collecting pyflakes<2.3.0,>=2.2.0
  Downloading pyflakes-2.2.0-py2.py3-none-any.whl (66 kB)
Requirement already satisfied: importlib-metadata; python_version < "3.8" in /usr/local/lib/python3.6/site-packages (from flake8==3.8.1->-r requirements-dev.txt (line 3)) (2.0.0)
Collecting pycodestyle<2.7.0,>=2.6.0a1
  Downloading pycodestyle-2.6.0-py2.py3-none-any.whl (41 kB)
Requirement already satisfied: typing-extensions>=3.7.4 in /usr/local/lib/python3.6/site-packages (from mypy<0.791->-r requirements-dev.txt (line 4)) (3.7.4.3)
Collecting mypy-extensions<0.5.0,>=0.4.3
  Downloading mypy_extensions-0.4.3-py2.py3-none-any.whl (4.5 kB)
Requirement already satisfied: packaging in /usr/local/lib/python3.6/site-packages (from pytest==6.1.0->-r requirements-dev.txt (line 6)) (20.4)
Collecting iniconfig
  Downloading iniconfig-1.0.1-py3-none-any.whl (4.2 kB)
Requirement already satisfied: pluggy<1.0,>=0.12 in /usr/local/lib/python3.6/site-packages (from pytest==6.1.0->-r requirements-dev.txt (line 6)) (0.13.1)
Requirement already satisfied: py>=1.8.2 in /usr/local/lib/python3.6/site-packages (from pytest==6.1.0->-r requirements-dev.txt (line 6)) (1.9.0)
Requirement already satisfied: six>=1.14.0 in /usr/local/lib/python3.6/site-packages (from tox<4.0.0->-r requirements-dev.txt (line 8)) (1.15.0)
Collecting virtualenv!=20.0.0,!=20.0.1,!=20.0.2,!=20.0.3,!=20.0.4,!=20.0.5,!=20.0.6,!=20.0.7,>=16.0.0
  Downloading virtualenv-20.0.34-py2.py3-none-any.whl (4.9 MB)
Collecting filelock>=3.0.0
  Downloading filelock-3.0.12-py3-none-any.whl (7.6 kB)
Requirement already satisfied: pytz>=2017.2 in /usr/local/lib/python3.6/site-packages (from pandas==1.1.0->-r requirements-dev.txt (line 19)) (2020.1)
Requirement already satisfied: python-dateutil>=2.7.3 in /usr/local/lib/python3.6/site-packages (from pandas==1.1.0->-r requirements-dev.txt (line 19)) (2.8.1)
Collecting PTable
  Downloading PTable-0.9.2.tar.gz (31 kB)
Collecting itsdangerous>=0.24
  Downloading itsdangerous-1.1.0-py2.py3-none-any.whl (16 kB)
Requirement already satisfied: Jinja2>=2.10.1 in /usr/local/lib/python3.6/site-packages (from Flask<2.0.0->seldon-core==1.3.0.dev0) (2.11.2)
Requirement already satisfied: Werkzeug>=0.15 in /usr/local/lib/python3.6/site-packages (from Flask<2.0.0->seldon-core==1.3.0.dev0) (1.0.1)
Requirement already satisfied: pyrsistent>=0.14.0 in /usr/local/lib/python3.6/site-packages (from jsonschema<4.0.0->seldon-core==1.3.0.dev0) (0.17.3)
Requirement already satisfied: urllib3!=1.25.0,!=1.25.1,<1.26,>=1.21.1 in /usr/local/lib/python3.6/site-packages (from requests<3.0.0->seldon-core==1.3.0.dev0) (1.25.10)
Requirement already satisfied: chardet<4,>=3.0.2 in /usr/local/lib/python3.6/site-packages (from requests<3.0.0->seldon-core==1.3.0.dev0) (3.0.4)
Requirement already satisfied: certifi>=2017.4.17 in /usr/local/lib/python3.6/site-packages (from requests<3.0.0->seldon-core==1.3.0.dev0) (2020.6.20)
Requirement already satisfied: idna<3,>=2.5 in /usr/local/lib/python3.6/site-packages (from requests<3.0.0->seldon-core==1.3.0.dev0) (2.10)
Collecting threadloop<2,>=1
  Downloading threadloop-1.0.2.tar.gz (4.9 kB)
Collecting thrift
  Downloading thrift-0.13.0.tar.gz (59 kB)
Requirement already satisfied: tornado>=4.3 in /usr/local/lib/python3.6/site-packages (from jaeger-client<4.4.0,>=4.1.0->seldon-core==1.3.0.dev0) (6.0.4)
Requirement already satisfied: zipp>=0.5 in /usr/local/lib/python3.6/site-packages (from importlib-metadata; python_version < "3.8"->flake8==3.8.1->-r requirements-dev.txt (line 3)) (3.3.0)
Requirement already satisfied: pyparsing>=2.0.2 in /usr/local/lib/python3.6/site-packages (from packaging->pytest==6.1.0->-r requirements-dev.txt (line 6)) (2.4.7)
Collecting importlib-resources>=1.0; python_version < "3.7"
  Downloading importlib_resources-3.0.0-py2.py3-none-any.whl (23 kB)
Collecting distlib<1,>=0.3.1
  Downloading distlib-0.3.1-py2.py3-none-any.whl (335 kB)
Requirement already satisfied: MarkupSafe>=0.23 in /usr/local/lib/python3.6/site-packages (from Jinja2>=2.10.1->Flask<2.0.0->seldon-core==1.3.0.dev0) (1.1.1)
Building wheels for collected packages: Flask-OpenTracing, opentracing, jaeger-client, PTable, threadloop, thrift
  Building wheel for Flask-OpenTracing (setup.py): started
  Building wheel for Flask-OpenTracing (setup.py): finished with status 'done'
  Created wheel for Flask-OpenTracing: filename=Flask_OpenTracing-1.1.0-py3-none-any.whl size=9071 sha256=9d29a9caa881fa4174ffd25cfe9b20443f1e9bde89eb340947046ff347bce4c7
  Stored in directory: /builder/home/.cache/pip/wheels/ad/4b/2d/24ff0da0a0b53c7c77ce59b843bcceaf644c88703241e59615
  Building wheel for opentracing (setup.py): started
  Building wheel for opentracing (setup.py): finished with status 'done'
  Created wheel for opentracing: filename=opentracing-2.3.0-py3-none-any.whl size=51346 sha256=018ed44657a2e0698efb633e90ca0dfbcbacc4039547a6878f4b7924165667f7
  Stored in directory: /builder/home/.cache/pip/wheels/d4/53/31/bfca74f038fa9f83eb7de2131555b75ffa9bcbca18d23e5edf
  Building wheel for jaeger-client (setup.py): started
  Building wheel for jaeger-client (setup.py): finished with status 'done'
  Created wheel for jaeger-client: filename=jaeger_client-4.3.0-py3-none-any.whl size=64290 sha256=ec588ffd0b9f03d3751944e694652c035d9241f55eeef9b806434b111cb1660c
  Stored in directory: /builder/home/.cache/pip/wheels/a8/37/30/d86c970966efbf6da89e8085db50f2be4cf36ca68513eff785
  Building wheel for PTable (setup.py): started
  Building wheel for PTable (setup.py): finished with status 'done'
  Created wheel for PTable: filename=PTable-0.9.2-py3-none-any.whl size=22907 sha256=c89218442b23388cdbd5e8c930b52ff5075f591f6bd45805eab8f3317736f2ff
  Stored in directory: /builder/home/.cache/pip/wheels/f3/65/67/71f473ec87ea4554d1bdfb1b5128cfe1414c2b113b72a1ee8e
  Building wheel for threadloop (setup.py): started
  Building wheel for threadloop (setup.py): finished with status 'done'
  Created wheel for threadloop: filename=threadloop-1.0.2-py3-none-any.whl size=3425 sha256=9eda76b7fa9a2afcc68cb9b5c14386d46c5d824a0e3c0c96a9dbc905664820cd
  Stored in directory: /builder/home/.cache/pip/wheels/02/54/65/9f87de48fe8fcaaee30f279973d946ad55f9df56b93b3e78da
  Building wheel for thrift (setup.py): started
  Building wheel for thrift (setup.py): finished with status 'done'
  Created wheel for thrift: filename=thrift-0.13.0-cp36-cp36m-linux_x86_64.whl size=483903 sha256=b56f82e37d016b3ad533006dbb99c83554cc48caade47ea9eb139d3fb26c62ee
  Stored in directory: /builder/home/.cache/pip/wheels/e0/38/fc/472fe18756b177b42096961f8bd3ff2dc5c5620ac399fce52d
Successfully built Flask-OpenTracing opentracing jaeger-client PTable threadloop thrift
Installing collected packages: pathspec, typed-ast, click, toml, regex, appdirs, black, mccabe, pyflakes, pycodestyle, flake8, mypy-extensions, mypy, iniconfig, pytest, coverage, pytest-cov, importlib-resources, distlib, filelock, virtualenv, tox, mypy-protobuf, tenacity, pandas, PTable, pip-licenses, itsdangerous, Flask, Flask-cors, redis, flatbuffers, opentracing, Flask-OpenTracing, threadloop, thrift, jaeger-client, grpcio-opentracing, gunicorn, seldon-core
  Attempting uninstall: pytest
    Found existing installation: pytest 5.3.1
    Uninstalling pytest-5.3.1:
      Successfully uninstalled pytest-5.3.1
  Attempting uninstall: coverage
    Found existing installation: coverage 4.5.4
    Uninstalling coverage-4.5.4:
      Successfully uninstalled coverage-4.5.4
  Attempting uninstall: pytest-cov
    Found existing installation: pytest-cov 2.8.1
    Uninstalling pytest-cov-2.8.1:
      Successfully uninstalled pytest-cov-2.8.1
  Attempting uninstall: tenacity
    Found existing installation: tenacity 6.0.0
    Uninstalling tenacity-6.0.0:
      Successfully uninstalled tenacity-6.0.0
  Attempting uninstall: pandas
    Found existing installation: pandas 1.1.3
    Uninstalling pandas-1.1.3:
      Successfully uninstalled pandas-1.1.3
  Running setup.py develop for seldon-core
Successfully installed Flask-1.1.2 Flask-OpenTracing-1.1.0 Flask-cors-3.0.9 PTable-0.9.2 appdirs-1.4.4 black-19.10b0 click-7.1.2 coverage-5.3 distlib-0.3.1 filelock-3.0.12 flake8-3.8.1 flatbuffers-1.12 grpcio-opentracing-1.1.4 gunicorn-20.0.4 importlib-resources-3.0.0 iniconfig-1.0.1 itsdangerous-1.1.0 jaeger-client-4.3.0 mccabe-0.6.1 mypy-0.790 mypy-extensions-0.4.3 mypy-protobuf-1.22 opentracing-2.3.0 pandas-1.1.0 pathspec-0.8.0 pip-licenses-2.3.0 pycodestyle-2.6.0 pyflakes-2.2.0 pytest-6.1.0 pytest-cov-2.10.1 redis-3.5.3 regex-2020.10.11 seldon-core tenacity-6.2.0 threadloop-1.0.2 thrift-0.13.0 toml-0.10.1 tox-3.20.1 typed-ast-1.4.1 virtualenv-20.0.34
ERROR: After October 2020 you may experience errors when installing or updating packages. This is because pip will change the way that it resolves dependency conflicts.

We recommend you use --use-feature=2020-resolver to test your packages with the new resolver before it becomes the default.

alibi 0.5.2 requires tensorflow>=2.0, but you'll have tensorflow 1.15.4 which is incompatible.
make: Leaving directory '/workspace/source/python'
cp ../../proto/prediction.proto ./proto
cd ../../proto/tensorflow && make create_protos
make[1]: Entering directory '/workspace/source/proto/tensorflow'
./create-protos.sh
Downloading proto files for master
make[1]: Leaving directory '/workspace/source/proto/tensorflow'
cp -vr ../../proto/tensorflow/tensorflow .
'../../proto/tensorflow/tensorflow' -> './tensorflow'
'../../proto/tensorflow/tensorflow/core' -> './tensorflow/core'
'../../proto/tensorflow/tensorflow/core/framework' -> './tensorflow/core/framework'
'../../proto/tensorflow/tensorflow/core/framework/types.proto' -> './tensorflow/core/framework/types.proto'
'../../proto/tensorflow/tensorflow/core/framework/resource_handle.proto' -> './tensorflow/core/framework/resource_handle.proto'
'../../proto/tensorflow/tensorflow/core/framework/tensor_shape.proto' -> './tensorflow/core/framework/tensor_shape.proto'
'../../proto/tensorflow/tensorflow/core/framework/tensor.proto' -> './tensorflow/core/framework/tensor.proto'
python -m grpc.tools.protoc -I. --python_out=. --grpc_python_out=. ./proto/prediction.proto
cd ../../notebooks && make build_protos
make[1]: Entering directory '/workspace/source/notebooks'
cd ../proto/tensorflow && make create_protos
make[2]: Entering directory '/workspace/source/proto/tensorflow'
make[2]: Nothing to be done for 'create_protos'.
make[2]: Leaving directory '/workspace/source/proto/tensorflow'
cp -vr ../proto/tensorflow/tensorflow .
'../proto/tensorflow/tensorflow' -> './tensorflow'
'../proto/tensorflow/tensorflow/core' -> './tensorflow/core'
'../proto/tensorflow/tensorflow/core/framework' -> './tensorflow/core/framework'
'../proto/tensorflow/tensorflow/core/framework/types.proto' -> './tensorflow/core/framework/types.proto'
'../proto/tensorflow/tensorflow/core/framework/resource_handle.proto' -> './tensorflow/core/framework/resource_handle.proto'
'../proto/tensorflow/tensorflow/core/framework/tensor_shape.proto' -> './tensorflow/core/framework/tensor_shape.proto'
'../proto/tensorflow/tensorflow/core/framework/tensor.proto' -> './tensorflow/core/framework/tensor.proto'
cp ../proto/prediction.proto ./proto
python -m grpc.tools.protoc -I. --python_out=. --grpc_python_out=. ./proto/prediction.proto
make[1]: Leaving directory '/workspace/source/notebooks'
cd ../../proto/k8s && make create_protos
make[1]: Entering directory '/workspace/source/proto/k8s'
./create-k8s-protos.sh
Downloading proto files for master
Munging proto file packages
sed -i.bak 's|import "k8s.io/apiextensions-apiserver/|//import "k8s.io/apiextensions-apiserver/|' k8s.io/api/core/v1/generated.proto
rm k8s.io/api/core/v1/generated.proto.bak
make[1]: Leaving directory '/workspace/source/proto/k8s'
pip install -r dev_requirements.txt
Collecting pytest==5.3.1
  Downloading pytest-5.3.1-py3-none-any.whl (233 kB)
Requirement already satisfied: pytest-xdist==1.30.0 in /usr/local/lib/python3.6/site-packages (from -r dev_requirements.txt (line 2)) (1.30.0)
Collecting pytest-cov==2.8.1
  Downloading pytest_cov-2.8.1-py2.py3-none-any.whl (18 kB)
Requirement already satisfied: flaky==3.6.1 in /usr/local/lib/python3.6/site-packages (from -r dev_requirements.txt (line 4)) (3.6.1)
Collecting tenacity==6.0.0
  Downloading tenacity-6.0.0-py2.py3-none-any.whl (24 kB)
Requirement already satisfied: sh==1.13.1 in /usr/local/lib/python3.6/site-packages (from -r dev_requirements.txt (line 6)) (1.13.1)
Requirement already satisfied: ipython==7.13.0 in /usr/local/lib/python3.6/site-packages (from -r dev_requirements.txt (line 9)) (7.13.0)
Requirement already satisfied: nbconvert==5.6.1 in /usr/local/lib/python3.6/site-packages (from -r dev_requirements.txt (line 10)) (5.6.1)
Requirement already satisfied: alibi==0.5.2 in /usr/local/lib/python3.6/site-packages (from -r dev_requirements.txt (line 11)) (0.5.2)
Requirement already satisfied: shap==0.35.0 in /usr/local/lib/python3.6/site-packages (from -r dev_requirements.txt (line 12)) (0.35.0)
Requirement already satisfied: matplotlib==3.1.3 in /usr/local/lib/python3.6/site-packages (from -r dev_requirements.txt (line 13)) (3.1.3)
Requirement already satisfied: tensorflow==1.15.4 in /usr/local/lib/python3.6/site-packages (from -r dev_requirements.txt (line 14)) (1.15.4)
Collecting coverage==4.5.4
  Downloading coverage-4.5.4-cp36-cp36m-manylinux1_x86_64.whl (205 kB)
Requirement already satisfied: py>=1.5.0 in /usr/local/lib/python3.6/site-packages (from pytest==5.3.1->-r dev_requirements.txt (line 1)) (1.9.0)
Requirement already satisfied: wcwidth in /usr/local/lib/python3.6/site-packages (from pytest==5.3.1->-r dev_requirements.txt (line 1)) (0.2.5)
Requirement already satisfied: packaging in /usr/local/lib/python3.6/site-packages (from pytest==5.3.1->-r dev_requirements.txt (line 1)) (20.4)
Requirement already satisfied: pluggy<1.0,>=0.12 in /usr/local/lib/python3.6/site-packages (from pytest==5.3.1->-r dev_requirements.txt (line 1)) (0.13.1)
Requirement already satisfied: attrs>=17.4.0 in /usr/local/lib/python3.6/site-packages (from pytest==5.3.1->-r dev_requirements.txt (line 1)) (20.2.0)
Requirement already satisfied: importlib-metadata>=0.12; python_version < "3.8" in /usr/local/lib/python3.6/site-packages (from pytest==5.3.1->-r dev_requirements.txt (line 1)) (2.0.0)
Requirement already satisfied: more-itertools>=4.0.0 in /usr/local/lib/python3.6/site-packages (from pytest==5.3.1->-r dev_requirements.txt (line 1)) (8.5.0)
Requirement already satisfied: execnet>=1.1 in /usr/local/lib/python3.6/site-packages (from pytest-xdist==1.30.0->-r dev_requirements.txt (line 2)) (1.7.1)
Requirement already satisfied: pytest-forked in /usr/local/lib/python3.6/site-packages (from pytest-xdist==1.30.0->-r dev_requirements.txt (line 2)) (1.3.0)
Requirement already satisfied: six in /usr/local/lib/python3.6/site-packages (from pytest-xdist==1.30.0->-r dev_requirements.txt (line 2)) (1.15.0)
Requirement already satisfied: traitlets>=4.2 in /usr/local/lib/python3.6/site-packages (from ipython==7.13.0->-r dev_requirements.txt (line 9)) (4.3.3)
Requirement already satisfied: backcall in /usr/local/lib/python3.6/site-packages (from ipython==7.13.0->-r dev_requirements.txt (line 9)) (0.2.0)
Requirement already satisfied: pygments in /usr/local/lib/python3.6/site-packages (from ipython==7.13.0->-r dev_requirements.txt (line 9)) (2.7.1)
Requirement already satisfied: decorator in /usr/local/lib/python3.6/site-packages (from ipython==7.13.0->-r dev_requirements.txt (line 9)) (4.4.2)
Requirement already satisfied: pickleshare in /usr/local/lib/python3.6/site-packages (from ipython==7.13.0->-r dev_requirements.txt (line 9)) (0.7.5)
Requirement already satisfied: prompt-toolkit!=3.0.0,!=3.0.1,<3.1.0,>=2.0.0 in /usr/local/lib/python3.6/site-packages (from ipython==7.13.0->-r dev_requirements.txt (line 9)) (3.0.7)
Requirement already satisfied: jedi>=0.10 in /usr/local/lib/python3.6/site-packages (from ipython==7.13.0->-r dev_requirements.txt (line 9)) (0.17.2)
Requirement already satisfied: pexpect; sys_platform != "win32" in /usr/local/lib/python3.6/site-packages (from ipython==7.13.0->-r dev_requirements.txt (line 9)) (4.8.0)
Requirement already satisfied: setuptools>=18.5 in /usr/local/lib/python3.6/site-packages (from ipython==7.13.0->-r dev_requirements.txt (line 9)) (50.3.0)
Requirement already satisfied: nbformat>=4.4 in /usr/local/lib/python3.6/site-packages (from nbconvert==5.6.1->-r dev_requirements.txt (line 10)) (5.0.7)
Requirement already satisfied: jinja2>=2.4 in /usr/local/lib/python3.6/site-packages (from nbconvert==5.6.1->-r dev_requirements.txt (line 10)) (2.11.2)
Requirement already satisfied: entrypoints>=0.2.2 in /usr/local/lib/python3.6/site-packages (from nbconvert==5.6.1->-r dev_requirements.txt (line 10)) (0.3)
Requirement already satisfied: defusedxml in /usr/local/lib/python3.6/site-packages (from nbconvert==5.6.1->-r dev_requirements.txt (line 10)) (0.6.0)
Requirement already satisfied: mistune<2,>=0.8.1 in /usr/local/lib/python3.6/site-packages (from nbconvert==5.6.1->-r dev_requirements.txt (line 10)) (0.8.4)
Requirement already satisfied: jupyter-core in /usr/local/lib/python3.6/site-packages (from nbconvert==5.6.1->-r dev_requirements.txt (line 10)) (4.6.3)
Requirement already satisfied: pandocfilters>=1.4.1 in /usr/local/lib/python3.6/site-packages (from nbconvert==5.6.1->-r dev_requirements.txt (line 10)) (1.4.2)
Requirement already satisfied: testpath in /usr/local/lib/python3.6/site-packages (from nbconvert==5.6.1->-r dev_requirements.txt (line 10)) (0.4.4)
Requirement already satisfied: bleach in /usr/local/lib/python3.6/site-packages (from nbconvert==5.6.1->-r dev_requirements.txt (line 10)) (3.2.1)
Requirement already satisfied: Pillow in /usr/local/lib/python3.6/site-packages (from alibi==0.5.2->-r dev_requirements.txt (line 11)) (7.2.0)
Requirement already satisfied: numpy in /usr/local/lib/python3.6/site-packages (from alibi==0.5.2->-r dev_requirements.txt (line 11)) (1.19.2)
Requirement already satisfied: beautifulsoup4 in /usr/local/lib/python3.6/site-packages (from alibi==0.5.2->-r dev_requirements.txt (line 11)) (4.9.3)
Requirement already satisfied: spacy[lookups] in /usr/local/lib/python3.6/site-packages (from alibi==0.5.2->-r dev_requirements.txt (line 11)) (2.3.2)
Requirement already satisfied: requests in /usr/local/lib/python3.6/site-packages (from alibi==0.5.2->-r dev_requirements.txt (line 11)) (2.24.0)
Requirement already satisfied: scipy in /usr/local/lib/python3.6/site-packages (from alibi==0.5.2->-r dev_requirements.txt (line 11)) (1.5.2)
Requirement already satisfied: typing-extensions>=3.7.2 in /usr/local/lib/python3.6/site-packages (from alibi==0.5.2->-r dev_requirements.txt (line 11)) (3.7.4.3)
Requirement already satisfied: scikit-learn in /usr/local/lib/python3.6/site-packages (from alibi==0.5.2->-r dev_requirements.txt (line 11)) (0.23.2)
Requirement already satisfied: prettyprinter in /usr/local/lib/python3.6/site-packages (from alibi==0.5.2->-r dev_requirements.txt (line 11)) (0.18.0)
Requirement already satisfied: scikit-image!=0.17.1 in /usr/local/lib/python3.6/site-packages (from alibi==0.5.2->-r dev_requirements.txt (line 11)) (0.17.2)
Requirement already satisfied: pandas in /usr/local/lib/python3.6/site-packages (from alibi==0.5.2->-r dev_requirements.txt (line 11)) (1.1.0)
Requirement already satisfied: tqdm>4.25.0 in /usr/local/lib/python3.6/site-packages (from shap==0.35.0->-r dev_requirements.txt (line 12)) (4.50.2)
Requirement already satisfied: kiwisolver>=1.0.1 in /usr/local/lib/python3.6/site-packages (from matplotlib==3.1.3->-r dev_requirements.txt (line 13)) (1.2.0)
Requirement already satisfied: pyparsing!=2.0.4,!=2.1.2,!=2.1.6,>=2.0.1 in /usr/local/lib/python3.6/site-packages (from matplotlib==3.1.3->-r dev_requirements.txt (line 13)) (2.4.7)
Requirement already satisfied: cycler>=0.10 in /usr/local/lib/python3.6/site-packages (from matplotlib==3.1.3->-r dev_requirements.txt (line 13)) (0.10.0)
Requirement already satisfied: python-dateutil>=2.1 in /usr/local/lib/python3.6/site-packages (from matplotlib==3.1.3->-r dev_requirements.txt (line 13)) (2.8.1)
Requirement already satisfied: absl-py>=0.7.0 in /usr/local/lib/python3.6/site-packages (from tensorflow==1.15.4->-r dev_requirements.txt (line 14)) (0.10.0)
Requirement already satisfied: tensorflow-estimator==1.15.1 in /usr/local/lib/python3.6/site-packages (from tensorflow==1.15.4->-r dev_requirements.txt (line 14)) (1.15.1)
Requirement already satisfied: astor>=0.6.0 in /usr/local/lib/python3.6/site-packages (from tensorflow==1.15.4->-r dev_requirements.txt (line 14)) (0.8.1)
Requirement already satisfied: opt-einsum>=2.3.2 in /usr/local/lib/python3.6/site-packages (from tensorflow==1.15.4->-r dev_requirements.txt (line 14)) (3.3.0)
Requirement already satisfied: wheel>=0.26; python_version >= "3" in /usr/local/lib/python3.6/site-packages (from tensorflow==1.15.4->-r dev_requirements.txt (line 14)) (0.35.1)
Requirement already satisfied: gast==0.2.2 in /usr/local/lib/python3.6/site-packages (from tensorflow==1.15.4->-r dev_requirements.txt (line 14)) (0.2.2)
Requirement already satisfied: wrapt>=1.11.1 in /usr/local/lib/python3.6/site-packages (from tensorflow==1.15.4->-r dev_requirements.txt (line 14)) (1.12.1)
Requirement already satisfied: google-pasta>=0.1.6 in /usr/local/lib/python3.6/site-packages (from tensorflow==1.15.4->-r dev_requirements.txt (line 14)) (0.2.0)
Requirement already satisfied: keras-applications>=1.0.8 in /usr/local/lib/python3.6/site-packages (from tensorflow==1.15.4->-r dev_requirements.txt (line 14)) (1.0.8)
Requirement already satisfied: termcolor>=1.1.0 in /usr/local/lib/python3.6/site-packages (from tensorflow==1.15.4->-r dev_requirements.txt (line 14)) (1.1.0)
Requirement already satisfied: keras-preprocessing>=1.0.5 in /usr/local/lib/python3.6/site-packages (from tensorflow==1.15.4->-r dev_requirements.txt (line 14)) (1.1.2)
Requirement already satisfied: protobuf>=3.6.1 in /usr/local/lib/python3.6/site-packages (from tensorflow==1.15.4->-r dev_requirements.txt (line 14)) (3.13.0)
Requirement already satisfied: tensorboard<1.16.0,>=1.15.0 in /usr/local/lib/python3.6/site-packages (from tensorflow==1.15.4->-r dev_requirements.txt (line 14)) (1.15.0)
Requirement already satisfied: grpcio>=1.8.6 in /usr/local/lib/python3.6/site-packages (from tensorflow==1.15.4->-r dev_requirements.txt (line 14)) (1.32.0)
Requirement already satisfied: zipp>=0.5 in /usr/local/lib/python3.6/site-packages (from importlib-metadata>=0.12; python_version < "3.8"->pytest==5.3.1->-r dev_requirements.txt (line 1)) (3.3.0)
Requirement already satisfied: apipkg>=1.4 in /usr/local/lib/python3.6/site-packages (from execnet>=1.1->pytest-xdist==1.30.0->-r dev_requirements.txt (line 2)) (1.5)
Requirement already satisfied: ipython-genutils in /usr/local/lib/python3.6/site-packages (from traitlets>=4.2->ipython==7.13.0->-r dev_requirements.txt (line 9)) (0.2.0)
Requirement already satisfied: parso<0.8.0,>=0.7.0 in /usr/local/lib/python3.6/site-packages (from jedi>=0.10->ipython==7.13.0->-r dev_requirements.txt (line 9)) (0.7.1)
Requirement already satisfied: ptyprocess>=0.5 in /usr/local/lib/python3.6/site-packages (from pexpect; sys_platform != "win32"->ipython==7.13.0->-r dev_requirements.txt (line 9)) (0.6.0)
Requirement already satisfied: jsonschema!=2.5.0,>=2.4 in /usr/local/lib/python3.6/site-packages (from nbformat>=4.4->nbconvert==5.6.1->-r dev_requirements.txt (line 10)) (3.2.0)
Requirement already satisfied: MarkupSafe>=0.23 in /usr/local/lib/python3.6/site-packages (from jinja2>=2.4->nbconvert==5.6.1->-r dev_requirements.txt (line 10)) (1.1.1)
Requirement already satisfied: webencodings in /usr/local/lib/python3.6/site-packages (from bleach->nbconvert==5.6.1->-r dev_requirements.txt (line 10)) (0.5.1)
Requirement already satisfied: soupsieve>1.2; python_version >= "3.0" in /usr/local/lib/python3.6/site-packages (from beautifulsoup4->alibi==0.5.2->-r dev_requirements.txt (line 11)) (2.0.1)
Requirement already satisfied: wasabi<1.1.0,>=0.4.0 in /usr/local/lib/python3.6/site-packages (from spacy[lookups]->alibi==0.5.2->-r dev_requirements.txt (line 11)) (0.8.0)
Requirement already satisfied: plac<1.2.0,>=0.9.6 in /usr/local/lib/python3.6/site-packages (from spacy[lookups]->alibi==0.5.2->-r dev_requirements.txt (line 11)) (1.1.3)
Requirement already satisfied: cymem<2.1.0,>=2.0.2 in /usr/local/lib/python3.6/site-packages (from spacy[lookups]->alibi==0.5.2->-r dev_requirements.txt (line 11)) (2.0.3)
Requirement already satisfied: blis<0.5.0,>=0.4.0 in /usr/local/lib/python3.6/site-packages (from spacy[lookups]->alibi==0.5.2->-r dev_requirements.txt (line 11)) (0.4.1)
Requirement already satisfied: srsly<1.1.0,>=1.0.2 in /usr/local/lib/python3.6/site-packages (from spacy[lookups]->alibi==0.5.2->-r dev_requirements.txt (line 11)) (1.0.2)
Requirement already satisfied: catalogue<1.1.0,>=0.0.7 in /usr/local/lib/python3.6/site-packages (from spacy[lookups]->alibi==0.5.2->-r dev_requirements.txt (line 11)) (1.0.0)
Requirement already satisfied: murmurhash<1.1.0,>=0.28.0 in /usr/local/lib/python3.6/site-packages (from spacy[lookups]->alibi==0.5.2->-r dev_requirements.txt (line 11)) (1.0.2)
Requirement already satisfied: thinc==7.4.1 in /usr/local/lib/python3.6/site-packages (from spacy[lookups]->alibi==0.5.2->-r dev_requirements.txt (line 11)) (7.4.1)
Requirement already satisfied: preshed<3.1.0,>=3.0.2 in /usr/local/lib/python3.6/site-packages (from spacy[lookups]->alibi==0.5.2->-r dev_requirements.txt (line 11)) (3.0.2)
Requirement already satisfied: spacy-lookups-data<0.4.0,>=0.3.2; extra == "lookups" in /usr/local/lib/python3.6/site-packages (from spacy[lookups]->alibi==0.5.2->-r dev_requirements.txt (line 11)) (0.3.2)
Requirement already satisfied: urllib3!=1.25.0,!=1.25.1,<1.26,>=1.21.1 in /usr/local/lib/python3.6/site-packages (from requests->alibi==0.5.2->-r dev_requirements.txt (line 11)) (1.25.10)
Requirement already satisfied: idna<3,>=2.5 in /usr/local/lib/python3.6/site-packages (from requests->alibi==0.5.2->-r dev_requirements.txt (line 11)) (2.10)
Requirement already satisfied: certifi>=2017.4.17 in /usr/local/lib/python3.6/site-packages (from requests->alibi==0.5.2->-r dev_requirements.txt (line 11)) (2020.6.20)
Requirement already satisfied: chardet<4,>=3.0.2 in /usr/local/lib/python3.6/site-packages (from requests->alibi==0.5.2->-r dev_requirements.txt (line 11)) (3.0.4)
Requirement already satisfied: threadpoolctl>=2.0.0 in /usr/local/lib/python3.6/site-packages (from scikit-learn->alibi==0.5.2->-r dev_requirements.txt (line 11)) (2.1.0)
Requirement already satisfied: joblib>=0.11 in /usr/local/lib/python3.6/site-packages (from scikit-learn->alibi==0.5.2->-r dev_requirements.txt (line 11)) (0.17.0)
Requirement already satisfied: colorful>=0.4.0 in /usr/local/lib/python3.6/site-packages (from prettyprinter->alibi==0.5.2->-r dev_requirements.txt (line 11)) (0.5.4)
Requirement already satisfied: networkx>=2.0 in /usr/local/lib/python3.6/site-packages (from scikit-image!=0.17.1->alibi==0.5.2->-r dev_requirements.txt (line 11)) (2.5)
Requirement already satisfied: imageio>=2.3.0 in /usr/local/lib/python3.6/site-packages (from scikit-image!=0.17.1->alibi==0.5.2->-r dev_requirements.txt (line 11)) (2.9.0)
Requirement already satisfied: tifffile>=2019.7.26 in /usr/local/lib/python3.6/site-packages (from scikit-image!=0.17.1->alibi==0.5.2->-r dev_requirements.txt (line 11)) (2020.9.3)
Requirement already satisfied: PyWavelets>=1.1.1 in /usr/local/lib/python3.6/site-packages (from scikit-image!=0.17.1->alibi==0.5.2->-r dev_requirements.txt (line 11)) (1.1.1)
Requirement already satisfied: pytz>=2017.2 in /usr/local/lib/python3.6/site-packages (from pandas->alibi==0.5.2->-r dev_requirements.txt (line 11)) (2020.1)
Requirement already satisfied: h5py in /usr/local/lib/python3.6/site-packages (from keras-applications>=1.0.8->tensorflow==1.15.4->-r dev_requirements.txt (line 14)) (2.10.0)
Requirement already satisfied: markdown>=2.6.8 in /usr/local/lib/python3.6/site-packages (from tensorboard<1.16.0,>=1.15.0->tensorflow==1.15.4->-r dev_requirements.txt (line 14)) (3.3)
Requirement already satisfied: werkzeug>=0.11.15 in /usr/local/lib/python3.6/site-packages (from tensorboard<1.16.0,>=1.15.0->tensorflow==1.15.4->-r dev_requirements.txt (line 14)) (1.0.1)
Requirement already satisfied: pyrsistent>=0.14.0 in /usr/local/lib/python3.6/site-packages (from jsonschema!=2.5.0,>=2.4->nbformat>=4.4->nbconvert==5.6.1->-r dev_requirements.txt (line 10)) (0.17.3)
Installing collected packages: pytest, coverage, pytest-cov, tenacity
  Attempting uninstall: pytest
    Found existing installation: pytest 6.1.0
    Uninstalling pytest-6.1.0:
      Successfully uninstalled pytest-6.1.0
  Attempting uninstall: coverage
    Found existing installation: coverage 5.3
    Uninstalling coverage-5.3:
      Successfully uninstalled coverage-5.3
  Attempting uninstall: pytest-cov
    Found existing installation: pytest-cov 2.10.1
    Uninstalling pytest-cov-2.10.1:
      Successfully uninstalled pytest-cov-2.10.1
  Attempting uninstall: tenacity
    Found existing installation: tenacity 6.2.0
    Uninstalling tenacity-6.2.0:
      Successfully uninstalled tenacity-6.2.0
Successfully installed coverage-4.5.4 pytest-5.3.1 pytest-cov-2.8.1 tenacity-6.0.0
pip install -e ../../python
Obtaining file:///workspace/source/python
Requirement already satisfied: Flask<2.0.0 in /usr/local/lib/python3.6/site-packages (from seldon-core==1.3.0.dev0) (1.1.2)
Requirement already satisfied: jsonschema<4.0.0 in /usr/local/lib/python3.6/site-packages (from seldon-core==1.3.0.dev0) (3.2.0)
Requirement already satisfied: Flask-cors<4.0.0 in /usr/local/lib/python3.6/site-packages (from seldon-core==1.3.0.dev0) (3.0.9)
Requirement already satisfied: redis<4.0.0 in /usr/local/lib/python3.6/site-packages (from seldon-core==1.3.0.dev0) (3.5.3)
Requirement already satisfied: requests<3.0.0 in /usr/local/lib/python3.6/site-packages (from seldon-core==1.3.0.dev0) (2.24.0)
Requirement already satisfied: numpy<2.0.0 in /usr/local/lib/python3.6/site-packages (from seldon-core==1.3.0.dev0) (1.19.2)
Requirement already satisfied: flatbuffers<2.0.0 in /usr/local/lib/python3.6/site-packages (from seldon-core==1.3.0.dev0) (1.12)
Requirement already satisfied: protobuf<4.0.0 in /usr/local/lib/python3.6/site-packages (from seldon-core==1.3.0.dev0) (3.13.0)
Requirement already satisfied: grpcio<2.0.0 in /usr/local/lib/python3.6/site-packages (from seldon-core==1.3.0.dev0) (1.32.0)
Requirement already satisfied: Flask-OpenTracing<1.2.0,>=1.1.0 in /usr/local/lib/python3.6/site-packages (from seldon-core==1.3.0.dev0) (1.1.0)
Requirement already satisfied: opentracing<2.4.0,>=2.2.0 in /usr/local/lib/python3.6/site-packages (from seldon-core==1.3.0.dev0) (2.3.0)
Requirement already satisfied: jaeger-client<4.4.0,>=4.1.0 in /usr/local/lib/python3.6/site-packages (from seldon-core==1.3.0.dev0) (4.3.0)
Requirement already satisfied: grpcio-opentracing<1.2.0,>=1.1.4 in /usr/local/lib/python3.6/site-packages (from seldon-core==1.3.0.dev0) (1.1.4)
Requirement already satisfied: PyYAML<5.4 in /usr/local/lib/python3.6/site-packages (from seldon-core==1.3.0.dev0) (5.3.1)
Requirement already satisfied: gunicorn<20.1.0,>=19.9.0 in /usr/local/lib/python3.6/site-packages (from seldon-core==1.3.0.dev0) (20.0.4)
Requirement already satisfied: setuptools>=41.0.0 in /usr/local/lib/python3.6/site-packages (from seldon-core==1.3.0.dev0) (50.3.0)
Requirement already satisfied: prometheus_client<0.9.0,>=0.7.1 in /usr/local/lib/python3.6/site-packages (from seldon-core==1.3.0.dev0) (0.8.0)
Requirement already satisfied: click>=5.1 in /usr/local/lib/python3.6/site-packages (from Flask<2.0.0->seldon-core==1.3.0.dev0) (7.1.2)
Requirement already satisfied: Werkzeug>=0.15 in /usr/local/lib/python3.6/site-packages (from Flask<2.0.0->seldon-core==1.3.0.dev0) (1.0.1)
Requirement already satisfied: Jinja2>=2.10.1 in /usr/local/lib/python3.6/site-packages (from Flask<2.0.0->seldon-core==1.3.0.dev0) (2.11.2)
Requirement already satisfied: itsdangerous>=0.24 in /usr/local/lib/python3.6/site-packages (from Flask<2.0.0->seldon-core==1.3.0.dev0) (1.1.0)
Requirement already satisfied: six>=1.11.0 in /usr/local/lib/python3.6/site-packages (from jsonschema<4.0.0->seldon-core==1.3.0.dev0) (1.15.0)
Requirement already satisfied: importlib-metadata; python_version < "3.8" in /usr/local/lib/python3.6/site-packages (from jsonschema<4.0.0->seldon-core==1.3.0.dev0) (2.0.0)
Requirement already satisfied: pyrsistent>=0.14.0 in /usr/local/lib/python3.6/site-packages (from jsonschema<4.0.0->seldon-core==1.3.0.dev0) (0.17.3)
Requirement already satisfied: attrs>=17.4.0 in /usr/local/lib/python3.6/site-packages (from jsonschema<4.0.0->seldon-core==1.3.0.dev0) (20.2.0)
Requirement already satisfied: chardet<4,>=3.0.2 in /usr/local/lib/python3.6/site-packages (from requests<3.0.0->seldon-core==1.3.0.dev0) (3.0.4)
Requirement already satisfied: idna<3,>=2.5 in /usr/local/lib/python3.6/site-packages (from requests<3.0.0->seldon-core==1.3.0.dev0) (2.10)
Requirement already satisfied: urllib3!=1.25.0,!=1.25.1,<1.26,>=1.21.1 in /usr/local/lib/python3.6/site-packages (from requests<3.0.0->seldon-core==1.3.0.dev0) (1.25.10)
Requirement already satisfied: certifi>=2017.4.17 in /usr/local/lib/python3.6/site-packages (from requests<3.0.0->seldon-core==1.3.0.dev0) (2020.6.20)
Requirement already satisfied: thrift in /usr/local/lib/python3.6/site-packages (from jaeger-client<4.4.0,>=4.1.0->seldon-core==1.3.0.dev0) (0.13.0)
Requirement already satisfied: tornado>=4.3 in /usr/local/lib/python3.6/site-packages (from jaeger-client<4.4.0,>=4.1.0->seldon-core==1.3.0.dev0) (6.0.4)
Requirement already satisfied: threadloop<2,>=1 in /usr/local/lib/python3.6/site-packages (from jaeger-client<4.4.0,>=4.1.0->seldon-core==1.3.0.dev0) (1.0.2)
Requirement already satisfied: MarkupSafe>=0.23 in /usr/local/lib/python3.6/site-packages (from Jinja2>=2.10.1->Flask<2.0.0->seldon-core==1.3.0.dev0) (1.1.1)
Requirement already satisfied: zipp>=0.5 in /usr/local/lib/python3.6/site-packages (from importlib-metadata; python_version < "3.8"->jsonschema<4.0.0->seldon-core==1.3.0.dev0) (3.3.0)
Installing collected packages: seldon-core
  Attempting uninstall: seldon-core
    Found existing installation: seldon-core 1.3.0.dev0
    Uninstalling seldon-core-1.3.0.dev0:
      Successfully uninstalled seldon-core-1.3.0.dev0
  Running setup.py develop for seldon-core
Successfully installed seldon-core
pytest \
	--verbose \
	-s \
	-m "notebooks" \
	-W ignore test_notebooks.py::TestNotebooks 2>&1
============================= test session starts ==============================
platform linux -- Python 3.6.10, pytest-5.3.1, py-1.9.0, pluggy-0.13.1 -- /usr/local/bin/python
cachedir: .pytest_cache
rootdir: /workspace/source/testing/scripts, inifile: setup.cfg
plugins: cov-2.8.1, xdist-1.30.0, flaky-3.6.1, forked-1.3.0
collecting ... collected 27 items

test_notebooks.py::TestNotebooks::test_helm_examples [NbConvertApp] Converting notebook ../../notebooks/helm_examples.ipynb to script
[NbConvertApp] Writing 7028 bytes to ../../notebooks/helm_examples.py

PODS UPDATE: NAMESPACE       NAME                                         READY   STATUS    RESTARTS   AGE


PODS UPDATE: cert-manager    cert-manager-5c47f46f57-wsghj                1/1     Running   0          117s


PODS UPDATE: cert-manager    cert-manager-cainjector-6659d6844d-29tx8     1/1     Running   0          117s


PODS UPDATE: cert-manager    cert-manager-webhook-547567b88f-9q7zw        1/1     Running   0          117s


PODS UPDATE: istio-system    grafana-6b65874977-nrtvh                     1/1     Running   0          3m25s


PODS UPDATE: istio-system    istio-citadel-86dcf4c6b-dg74x                1/1     Running   0          3m26s


PODS UPDATE: istio-system    istio-egressgateway-68f754ccdd-m82vk         1/1     Running   0          3m26s


PODS UPDATE: istio-system    istio-galley-5fc6d6c45b-zxdl9                1/1     Running   0          3m25s


PODS UPDATE: istio-system    istio-ingressgateway-6d759478d8-4f9c7        1/1     Running   0          3m23s


PODS UPDATE: istio-system    istio-pilot-5c4995d687-xqwmb                 1/1     Running   0          3m24s


PODS UPDATE: istio-system    istio-policy-57b99968f-ztkb7                 1/1     Running   0          3m24s


PODS UPDATE: istio-system    istio-sidecar-injector-746f7c7bbb-z5k4g      1/1     Running   0          3m23s


PODS UPDATE: istio-system    istio-telemetry-854d8556d5-tk6xh             1/1     Running   0          3m23s


PODS UPDATE: istio-system    istio-tracing-c66d67cd9-5724n                1/1     Running   0          3m23s


PODS UPDATE: istio-system    kiali-8559969566-zwgbs                       1/1     Running   0          3m24s


PODS UPDATE: istio-system    prometheus-66c5887c86-n98fl                  1/1     Running   0          3m24s


PODS UPDATE: kube-system     coredns-5644d7b6d9-5rxrz                     1/1     Running   0          15m


PODS UPDATE: kube-system     coredns-5644d7b6d9-cb6vz                     1/1     Running   0          15m


PODS UPDATE: kube-system     etcd-kind-control-plane                      1/1     Running   0          15m


PODS UPDATE: kube-system     kindnet-5v984                                1/1     Running   0          15m


PODS UPDATE: kube-system     kindnet-x64zj                                1/1     Running   0          15m


PODS UPDATE: kube-system     kube-apiserver-kind-control-plane            1/1     Running   0          15m


PODS UPDATE: kube-system     kube-controller-manager-kind-control-plane   1/1     Running   0          15m


PODS UPDATE: kube-system     kube-proxy-h2bsl                             1/1     Running   0          15m


PODS UPDATE: kube-system     kube-proxy-qgk5x                             1/1     Running   0          15m


PODS UPDATE: kube-system     kube-scheduler-kind-control-plane            1/1     Running   0          15m


PODS UPDATE: kube-system     metrics-server-787cbd4d5d-drwk6              1/1     Running   0          84s


PODS UPDATE: seldon-system   seldon-controller-manager-799597445-fk7hn    1/1     Running   0          87s


PODS UPDATE: seldon          ambassador-59c95874bd-z4rcs                  1/1     Running   0          4m33s


PODS UPDATE: seldon          jaeger-5cb557b89d-gwc5s                      1/1     Running   0          118s


PODS UPDATE: seldon          jaeger-operator-67777ffc99-h9brv             1/1     Running   0          2m14s


PODS UPDATE: seldon          mymodel-default-0-model-64cd8bbbd7-tf9wn     0/2     Pending   0          0s


PODS UPDATE: seldon          mymodel-default-0-model-64cd8bbbd7-tf9wn     0/2     Pending   0          0s


PODS UPDATE: seldon          mymodel-default-0-model-64cd8bbbd7-tf9wn     0/2     ContainerCreating   0          0s


PODS UPDATE: seldon          mymodel-default-0-model-64cd8bbbd7-tf9wn     0/2     Running             0          78s


PODS UPDATE: seldon          mymodel-default-0-model-64cd8bbbd7-tf9wn     1/2     Running             0          97s


PODS UPDATE: seldon          mymodel-default-0-model-64cd8bbbd7-tf9wn     2/2     Running             0          102s


PODS UPDATE: seldon          mymodel-default-0-model-64cd8bbbd7-tf9wn     2/2     Terminating         0          2m2s


PODS UPDATE: seldon          mymodel-default-0-model-57d979887b-sqmvf     0/2     Pending             0          0s


PODS UPDATE: seldon          mymodel-default-0-model-57d979887b-sqmvf     0/2     Pending             0          0s


PODS UPDATE: seldon          mymodel-default-0-model-57d979887b-sqmvf     0/2     ContainerCreating   0          0s


PODS UPDATE: seldon          mymodel-default-0-model-64cd8bbbd7-tf9wn     1/2     Terminating         0          2m12s


PODS UPDATE: seldon          mymodel-default-0-model-64cd8bbbd7-tf9wn     0/2     Terminating         0          2m26s


PODS UPDATE: seldon          mymodel-default-0-model-64cd8bbbd7-tf9wn     0/2     Terminating         0          2m30s


PODS UPDATE: seldon          mymodel-default-0-model-64cd8bbbd7-tf9wn     0/2     Terminating         0          2m30s


PODS UPDATE: seldon          mymodel-default-0-model-57d979887b-sqmvf     0/2     Running             0          51s


PODS UPDATE: seldon          mymodel-default-0-model-57d979887b-sqmvf     1/2     Running             0          72s


PODS UPDATE: seldon          mymodel-default-0-model-57d979887b-sqmvf     2/2     Running             0          73s


PODS UPDATE: seldon          mymodel-default-0-model-57d979887b-sqmvf     2/2     Terminating         0          88s


PODS UPDATE: seldon          myabtest-default-0-classifier-1-688654d445-xb94r   0/2     Pending             0          0s


PODS UPDATE: seldon          myabtest-default-1-classifier-2-6f6f597cb9-42vn5   0/1     Pending             0          0s


PODS UPDATE: seldon          myabtest-default-0-classifier-1-688654d445-xb94r   0/2     Pending             0          0s


PODS UPDATE: seldon          myabtest-default-1-classifier-2-6f6f597cb9-42vn5   0/1     Pending             0          0s


PODS UPDATE: seldon          myabtest-default-0-classifier-1-688654d445-xb94r   0/2     ContainerCreating   0          0s


PODS UPDATE: seldon          myabtest-default-1-classifier-2-6f6f597cb9-42vn5   0/1     ContainerCreating   0          0s


PODS UPDATE: seldon          myabtest-default-1-classifier-2-6f6f597cb9-42vn5   0/1     Running             0          2s


PODS UPDATE: seldon          myabtest-default-0-classifier-1-688654d445-xb94r   0/2     Running             0          2s


PODS UPDATE: seldon          mymodel-default-0-model-57d979887b-sqmvf           1/2     Terminating         0          103s


PODS UPDATE: seldon          mymodel-default-0-model-57d979887b-sqmvf           0/2     Terminating         0          110s


PODS UPDATE: seldon          mymodel-default-0-model-57d979887b-sqmvf           0/2     Terminating         0          113s


PODS UPDATE: seldon          mymodel-default-0-model-57d979887b-sqmvf           0/2     Terminating         0          113s


PODS UPDATE: seldon          myabtest-default-0-classifier-1-688654d445-xb94r   1/2     Running             0          22s


PODS UPDATE: seldon          myabtest-default-1-classifier-2-6f6f597cb9-42vn5   1/1     Running             0          25s


PODS UPDATE: seldon          myabtest-default-0-classifier-1-688654d445-xb94r   2/2     Running             0          26s


PODS UPDATE: seldon          myabtest-default-1-classifier-2-6f6f597cb9-42vn5   1/1     Terminating         0          42s


PODS UPDATE: seldon          myabtest-default-0-classifier-1-688654d445-xb94r   2/2     Terminating         0          42s


PODS UPDATE: seldon          myabtest-default-0-classifier-1-d449bc966-99tbk    0/2     Pending             0          0s


PODS UPDATE: seldon          myabtest-default-0-classifier-1-d449bc966-99tbk    0/2     Pending             0          0s


PODS UPDATE: seldon          myabtest-default-1-classifier-2-6b7db66597-wm2xd   0/1     Pending             0          0s


PODS UPDATE: seldon          myabtest-default-1-classifier-2-6b7db66597-wm2xd   0/1     Pending             0          0s


PODS UPDATE: seldon          myabtest-default-0-classifier-1-d449bc966-99tbk    0/2     ContainerCreating   0          0s


PODS UPDATE: seldon          myabtest-default-1-classifier-2-6b7db66597-wm2xd   0/1     ContainerCreating   0          0s


PODS UPDATE: seldon          myabtest-default-1-classifier-2-6b7db66597-wm2xd   0/1     Running             0          1s


PODS UPDATE: seldon          myabtest-default-0-classifier-1-d449bc966-99tbk    0/2     Running             0          1s


PODS UPDATE: seldon          myabtest-default-0-classifier-1-688654d445-xb94r   1/2     Terminating         0          55s


PODS UPDATE: seldon          myabtest-default-1-classifier-2-6f6f597cb9-42vn5   0/1     Terminating         0          63s


PODS UPDATE: seldon          myabtest-default-0-classifier-1-688654d445-xb94r   0/2     Terminating         0          63s


PODS UPDATE: seldon          myabtest-default-0-classifier-1-688654d445-xb94r   0/2     Terminating         0          64s


PODS UPDATE: seldon          myabtest-default-1-classifier-2-6f6f597cb9-42vn5   0/1     Terminating         0          69s


PODS UPDATE: seldon          myabtest-default-1-classifier-2-6f6f597cb9-42vn5   0/1     Terminating         0          69s


PODS UPDATE: seldon          myabtest-default-0-classifier-1-688654d445-xb94r   0/2     Terminating         0          69s


PODS UPDATE: seldon          myabtest-default-0-classifier-1-688654d445-xb94r   0/2     Terminating         0          69s


PODS UPDATE: seldon          myabtest-default-1-classifier-2-6b7db66597-wm2xd   1/1     Running             0          23s


PODS UPDATE: seldon          myabtest-default-0-classifier-1-d449bc966-99tbk    1/2     Running             0          24s


PODS UPDATE: seldon          myabtest-default-0-classifier-1-d449bc966-99tbk    2/2     Running             0          26s


PODS UPDATE: seldon          myabtest-default-1-classifier-2-6b7db66597-wm2xd   1/1     Terminating         0          43s


PODS UPDATE: seldon          myabtest-default-0-classifier-1-d449bc966-99tbk    2/2     Terminating         0          43s


PODS UPDATE: seldon          mymab-default-1-classifier-2-5fbb94b6b6-thxg8      0/1     Pending             0          0s


PODS UPDATE: seldon          mymab-default-0-classifier-1-664b75d5d6-w6pn9      0/2     Pending             0          0s


PODS UPDATE: seldon          mymab-default-1-classifier-2-5fbb94b6b6-thxg8      0/1     Pending             0          0s


PODS UPDATE: seldon          mymab-default-0-classifier-1-664b75d5d6-w6pn9      0/2     Pending             0          0s


PODS UPDATE: seldon          mymab-default-2-eg-router-7944df495c-t2ncb         0/1     Pending             0          0s


PODS UPDATE: seldon          mymab-default-2-eg-router-7944df495c-t2ncb         0/1     Pending             0          0s


PODS UPDATE: seldon          mymab-default-1-classifier-2-5fbb94b6b6-thxg8      0/1     ContainerCreating   0          0s


PODS UPDATE: seldon          mymab-default-0-classifier-1-664b75d5d6-w6pn9      0/2     ContainerCreating   0          0s


PODS UPDATE: seldon          mymab-default-2-eg-router-7944df495c-t2ncb         0/1     ContainerCreating   0          0s


PODS UPDATE: seldon          mymab-default-1-classifier-2-5fbb94b6b6-thxg8      0/1     Running             0          1s


PODS UPDATE: seldon          mymab-default-0-classifier-1-664b75d5d6-w6pn9      0/2     Running             0          2s


PODS UPDATE: seldon          myabtest-default-0-classifier-1-d449bc966-99tbk    1/2     Terminating         0          56s


PODS UPDATE: seldon          mymab-default-2-eg-router-7944df495c-t2ncb         0/1     Running             0          8s


PODS UPDATE: seldon          myabtest-default-0-classifier-1-d449bc966-99tbk    0/2     Terminating         0          64s


PODS UPDATE: seldon          myabtest-default-0-classifier-1-d449bc966-99tbk    0/2     Terminating         0          64s


PODS UPDATE: seldon          myabtest-default-1-classifier-2-6b7db66597-wm2xd   0/1     Terminating         0          64s


PODS UPDATE: seldon     PASSED
test_notebooks.py::TestNotebooks::test_explainer_examples [NbConvertApp] Converting notebook ../../notebooks/explainer_examples.ipynb to script
[NbConvertApp] Writing 29264 bytes to ../../notebooks/explainer_examples.py
     myabtest-default-1-classifier-2-6b7db66597-wm2xd   0/1     Terminating         0          65s


PODS UPDATE: seldon          myabtest-default-1-classifier-2-6b7db66597-wm2xd   0/1     Terminating         0          65s


PODS UPDATE: seldon          mymab-default-1-classifier-2-5fbb94b6b6-thxg8      1/1     Running             0          22s


PODS UPDATE: seldon          myabtest-default-0-classifier-1-d449bc966-99tbk    0/2     Terminating         0          71s


PODS UPDATE: seldon          myabtest-default-0-classifier-1-d449bc966-99tbk    0/2     Terminating         0          71s


PODS UPDATE: seldon          mymab-default-0-classifier-1-664b75d5d6-w6pn9      1/2     Running             0          25s


PODS UPDATE: seldon          mymab-default-2-eg-router-7944df495c-t2ncb         1/1     Running             0          28s


PODS UPDATE: seldon          mymab-default-0-classifier-1-664b75d5d6-w6pn9      2/2     Running             0          30s


PODS UPDATE: seldon          mymab-default-1-classifier-2-5fbb94b6b6-thxg8      1/1     Terminating         0          47s


PODS UPDATE: seldon          mymab-default-0-classifier-1-664b75d5d6-w6pn9      2/2     Terminating         0          47s


PODS UPDATE: seldon          mymab-default-2-eg-router-7944df495c-t2ncb         1/1     Terminating         0          47s


PODS UPDATE: seldon          mymab-default-0-classifier-1-857c858c46-k65kj      0/2     Pending             0          0s


PODS UPDATE: seldon          mymab-default-1-classifier-2-86df69bc74-2cnt6      0/1     Pending             0          0s


PODS UPDATE: seldon          mymab-default-0-classifier-1-857c858c46-k65kj      0/2     Pending             0          0s


PODS UPDATE: seldon          mymab-default-2-eg-router-57bc97dc57-x76sh         0/1     Pending             0          0s


PODS UPDATE: seldon          mymab-default-1-classifier-2-86df69bc74-2cnt6      0/1     Pending             0          0s


PODS UPDATE: seldon          mymab-default-2-eg-router-57bc97dc57-x76sh         0/1     Pending             0          0s


PODS UPDATE: seldon          mymab-default-0-classifier-1-857c858c46-k65kj      0/2     ContainerCreating   0          0s


PODS UPDATE: seldon          mymab-default-1-classifier-2-86df69bc74-2cnt6      0/1     ContainerCreating   0          0s


PODS UPDATE: seldon          mymab-default-2-eg-router-57bc97dc57-x76sh         0/1     ContainerCreating   0          0s


PODS UPDATE: seldon          mymab-default-1-classifier-2-86df69bc74-2cnt6      0/1     Running             0          2s


PODS UPDATE: seldon          mymab-default-0-classifier-1-857c858c46-k65kj      0/2     Running             0          2s


PODS UPDATE: seldon          mymab-default-2-eg-router-57bc97dc57-x76sh         0/1     Running             0          4s


PODS UPDATE: seldon          mymab-default-0-classifier-1-664b75d5d6-w6pn9      1/2     Terminating         0          60s


PODS UPDATE: seldon          mymab-default-0-classifier-1-664b75d5d6-w6pn9      0/2     Terminating         0          68s


PODS UPDATE: seldon          mymab-default-1-classifier-2-5fbb94b6b6-thxg8      0/1     Terminating         0          69s


PODS UPDATE: seldon          mymab-default-2-eg-router-7944df495c-t2ncb         0/1     Terminating         0          69s


PODS UPDATE: seldon          mymab-default-2-eg-router-7944df495c-t2ncb         0/1     Terminating         0          73s


PODS UPDATE: seldon          mymab-default-2-eg-router-7944df495c-t2ncb         0/1     Terminating         0          73s


PODS UPDATE: seldon          mymab-default-0-classifier-1-664b75d5d6-w6pn9      0/2     Terminating         0          73s


PODS UPDATE: seldon          mymab-default-0-classifier-1-664b75d5d6-w6pn9      0/2     Terminating         0          73s


PODS UPDATE: seldon          mymab-default-1-classifier-2-5fbb94b6b6-thxg8      0/1     Terminating         0          73s


PODS UPDATE: seldon          mymab-default-1-classifier-2-5fbb94b6b6-thxg8      0/1     Terminating         0          73s


PODS UPDATE: seldon          mymab-default-1-classifier-2-86df69bc74-2cnt6      1/1     Running             0          23s


PODS UPDATE: seldon          mymab-default-0-classifier-1-857c858c46-k65kj      1/2     Running             0          23s


PODS UPDATE: seldon          mymab-default-2-eg-router-57bc97dc57-x76sh         1/1     Running             0          27s


PODS UPDATE: seldon          mymab-default-0-classifier-1-857c858c46-k65kj      2/2     Running             0          29s


PODS UPDATE: seldon          mymab-default-0-classifier-1-857c858c46-k65kj      2/2     Terminating         0          46s


PODS UPDATE: seldon          mymab-default-2-eg-router-57bc97dc57-x76sh         1/1     Terminating         0          46s


PODS UPDATE: seldon          mymab-default-1-classifier-2-86df69bc74-2cnt6      1/1     Terminating         0          46s


PODS UPDATE: seldon          income-default-0-classifier-7fd6994d4c-p5j62       0/2     Pending             0          0s


PODS UPDATE: seldon          income-default-explainer-57fcddf7d4-dd8fv          0/1     Pending             0          0s


PODS UPDATE: seldon          income-default-0-classifier-7fd6994d4c-p5j62       0/2     Pending             0          0s


PODS UPDATE: seldon          income-default-explainer-57fcddf7d4-dd8fv          0/1     Pending             0          0s


PODS UPDATE: seldon          income-default-0-classifier-7fd6994d4c-p5j62       0/2     Init:0/1            0          0s


PODS UPDATE: seldon          income-default-explainer-57fcddf7d4-dd8fv          0/1     Init:0/1            0          0s


PODS UPDATE: seldon          mymab-default-0-classifier-1-857c858c46-k65kj      1/2     Terminating         0          59s


PODS UPDATE: seldon          mymab-default-0-classifier-1-857c858c46-k65kj      0/2     Terminating         0          70s


PODS UPDATE: seldon          income-default-explainer-57fcddf7d4-dd8fv          0/1     Init:0/1            0          15s


PODS UPDATE: seldon          income-default-0-classifier-7fd6994d4c-p5j62       0/2     Init:0/1            0          15s


PODS UPDATE: seldon          mymab-default-1-classifier-2-86df69bc74-2cnt6      0/1     Terminating         0          70s


PODS UPDATE: seldon          mymab-default-2-eg-router-57bc97dc57-x76sh         0/1     Terminating         0          70s


PODS UPDATE: seldon          mymab-default-1-classifier-2-86df69bc74-2cnt6      0/1     Terminating         0          71s


PODS UPDATE: seldon          income-default-explainer-57fcddf7d4-dd8fv          0/1     PodInitializing     0          17s


PODS UPDATE: seldon          income-default-0-classifier-7fd6994d4c-p5j62       0/2     PodInitializing     0          17s


PODS UPDATE: seldon          mymab-default-1-classifier-2-86df69bc74-2cnt6      0/1     Terminating         0          80s


PODS UPDATE: seldon          mymab-default-1-classifier-2-86df69bc74-2cnt6      0/1     Terminating         0          80s


PODS UPDATE: seldon          mymab-default-2-eg-router-57bc97dc57-x76sh         0/1     Terminating         0          80s


PODS UPDATE: seldon          mymab-default-2-eg-router-57bc97dc57-x76sh         0/1     Terminating         0          80s


PODS UPDATE: seldon          mymab-default-0-classifier-1-857c858c46-k65kj      0/2     Terminating         0          80s


PODS UPDATE: seldon          mymab-default-0-classifier-1-857c858c46-k65kj      0/2     Terminating         0          80s


PODS UPDATE: seldon          income-default-explainer-57fcddf7d4-dd8fv          0/1     Running             0          2m13s


PODS UPDATE: seldon          income-default-explainer-57fcddf7d4-dd8fv          1/1     Running             0          2m34s


PODS UPDATE: seldon          income-default-0-classifier-7fd6994d4c-p5j62       0/2     Running             0          2m40s


PODS UPDATE: seldon          income-default-0-classifier-7fd6994d4c-p5j62       1/2     Running             0          2m59s


PODS UPDATE: seldon          income-default-0-classifier-7fd6994d4c-p5j62       2/2     Running      seldondeployment.machinelearning.seldon.io "image" deleted
[NbConvertApp] Converting notebook ../../notebooks/explainer_examples.ipynb to script
[NbConvertApp] Writing 29264 bytes to ../../notebooks/explainer_examples.py
       0          3m


PODS UPDATE: seldon          income-default-explainer-57fcddf7d4-dd8fv          1/1     Terminating         0          3m34s


PODS UPDATE: seldon          income-default-0-classifier-7fd6994d4c-p5j62       2/2     Terminating         0          3m34s


PODS UPDATE: seldon          movie-default-0-classifier-68dfcd97d6-n2l9m        0/2     Pending             0          0s


PODS UPDATE: seldon          movie-default-0-classifier-68dfcd97d6-n2l9m        0/2     Pending             0          0s


PODS UPDATE: seldon          movie-default-explainer-6d7cd7c8bc-dj9mr           0/1     Pending             0          0s


PODS UPDATE: seldon          movie-default-explainer-6d7cd7c8bc-dj9mr           0/1     Pending             0          0s


PODS UPDATE: seldon          movie-default-0-classifier-68dfcd97d6-n2l9m        0/2     Init:0/1            0          0s


PODS UPDATE: seldon          movie-default-explainer-6d7cd7c8bc-dj9mr           0/1     ContainerCreating   0          0s


PODS UPDATE: seldon          movie-default-0-classifier-68dfcd97d6-n2l9m        0/2     Init:0/1            0          2s


PODS UPDATE: seldon          movie-default-explainer-6d7cd7c8bc-dj9mr           0/1     Running             0          2s


PODS UPDATE: seldon          movie-default-0-classifier-68dfcd97d6-n2l9m        0/2     PodInitializing     0          4s


PODS UPDATE: seldon          movie-default-0-classifier-68dfcd97d6-n2l9m        0/2     Running             0          5s


PODS UPDATE: seldon          income-default-0-classifier-7fd6994d4c-p5j62       1/2     Terminating         0          3m44s


PODS UPDATE: seldon          income-default-0-classifier-7fd6994d4c-p5j62       0/2     Terminating         0          3m46s


PODS UPDATE: seldon          income-default-0-classifier-7fd6994d4c-p5j62       0/2     Terminating         0          3m47s


PODS UPDATE: seldon          income-default-0-classifier-7fd6994d4c-p5j62       0/2     Terminating         0          3m47s


PODS UPDATE: seldon          income-default-explainer-57fcddf7d4-dd8fv          0/1     Terminating         0          3m57s


PODS UPDATE: seldon          income-default-explainer-57fcddf7d4-dd8fv          0/1     Terminating         0          3m57s


PODS UPDATE: seldon          income-default-explainer-57fcddf7d4-dd8fv          0/1     Terminating         0          4m5s


PODS UPDATE: seldon          income-default-explainer-57fcddf7d4-dd8fv          0/1     Terminating         0          4m5s


PODS UPDATE: seldon          movie-default-0-classifier-68dfcd97d6-n2l9m        1/2     Running             0          27s


PODS UPDATE: seldon          movie-default-0-classifier-68dfcd97d6-n2l9m        2/2     Running             0          29s


PODS UPDATE: seldon          movie-default-explainer-6d7cd7c8bc-dj9mr           1/1     Running             0          31s


PODS UPDATE: seldon          movie-default-explainer-6d7cd7c8bc-dj9mr           1/1     Terminating         0          93s


PODS UPDATE: seldon          movie-default-0-classifier-68dfcd97d6-n2l9m        2/2     Terminating         0          93s


PODS UPDATE: seldon          image-default-0-transformer-classifier-588d5db549-l2n2n   0/4     Pending             0          0s


PODS UPDATE: seldon          image-default-explainer-7f884749bf-css77                  0/1     Pending             0          0s


PODS UPDATE: seldon          image-default-0-transformer-classifier-588d5db549-l2n2n   0/4     Pending             0          0s


PODS UPDATE: seldon          image-default-explainer-7f884749bf-css77                  0/1     Pending             0          0s


PODS UPDATE: seldon          image-default-0-transformer-classifier-588d5db549-l2n2n   0/4     Init:0/1            0          0s


PODS UPDATE: seldon          image-default-explainer-7f884749bf-css77                  0/1     Init:0/1            0          0s


PODS UPDATE: seldon          image-default-explainer-7f884749bf-css77                  0/1     Init:0/1            0          1s


PODS UPDATE: seldon          image-default-0-transformer-classifier-588d5db549-l2n2n   0/4     Init:0/1            0          1s


PODS UPDATE: seldon          image-default-explainer-7f884749bf-css77                  0/1     PodInitializing     0          3s


PODS UPDATE: seldon          image-default-explainer-7f884749bf-css77                  0/1     Running             0          4s


PODS UPDATE: seldon          movie-default-0-classifier-68dfcd97d6-n2l9m               1/2     Terminating         0          104s


PODS UPDATE: seldon          movie-default-0-classifier-68dfcd97d6-n2l9m               0/2     Terminating         0          105s


PODS UPDATE: seldon          image-default-0-transformer-classifier-588d5db549-l2n2n   0/4     PodInitializing     0          7s


PODS UPDATE: seldon          movie-default-0-classifier-68dfcd97d6-n2l9m               0/2     Terminating         0          106s


PODS UPDATE: seldon          movie-default-0-classifier-68dfcd97d6-n2l9m               0/2     Terminating         0          107s


PODS UPDATE: seldon          movie-default-explainer-6d7cd7c8bc-dj9mr                  0/1     Terminating         0          116s


PODS UPDATE: seldon          movie-default-explainer-6d7cd7c8bc-dj9mr                  0/1     Terminating         0          116s


PODS UPDATE: seldon          image-default-explainer-7f884749bf-css77                  1/1     Running             0          25s


PODS UPDATE: seldon          movie-default-explainer-6d7cd7c8bc-dj9mr                  0/1     Terminating         0          2m6s


PODS UPDATE: seldon          movie-default-explainer-6d7cd7c8bc-dj9mr                  0/1     Terminating         0          2m6s


PODS UPDATE: seldon          image-default-0-transformer-classifier-588d5db549-l2n2n   1/4     Running             0          84s


PODS UPDATE: seldon          image-default-0-transformer-classifier-588d5db549-l2n2n   2/4     Running             0          88s


PODS UPDATE: seldon          image-default-0-transformer-classifier-588d5db549-l2n2n   3/4     Running             0          92s


PODS UPDATE: seldon          image-default-0-transformer-classifier-588d5db549-l2n2n   4/4     Running             0          105s


PODS UPDATE: seldon          image-default-0-transformer-classifier-588d5db549-l2n2n   4/4     Terminating         0          2m22s


PODS UPDATE: seldon          image-default-explainer-7f884749bf-css77                  1/1     Terminating         0          2m22s


PODS UPDATE: seldon          income-default-0-classifier-7fd6994d4c-sgpss              0/2     Pending             0          0s


PODS UPDATE: seldon          income-default-explainer-57fcddf7d4-nxjcd                 0/1     Pending             0          0s


PODS UPDATE: seldon          income-default-0-classifier-7fd6994d4c-sgpss              0/2     Pending             0          0s


PODS UPDATE: seldon          income-default-explainer-57fcddf7d4-nxjcd                 0/1     Pending             0          0s


PODS UPDATE: seldon          income-default-0-classifier-7fd6994d4c-sgpss              0/2     Init:0/1            0          0s


PODS UPDATE: seldon          income-default-explainer-57fcddf7d4-nxjcd                 0/1     Init:0/1            0          0s


PODS UPDATE: seldon          income-default-explainer-57fcddf7d4-nxjcd                 0/1     Init:0/1            0          2s


PODS UPDATE: seldon          income-default-0-classifier-7fd6994d4c-sgpss              0/2     Init:0/1            0          2s


PODS UPDATE: seldon          income-default-explainer-57fcddf7d4-nxjcd                 0/1     PodInitializing     0          5s


PODS UPDATE: seldon          income-default-0-classifier-7fd6994d4c-sgpss              0/2     PodInitializing     0          5s


PODS UPDATE: seldon          image-default-0-transformer-classifier-588d5db549-l2n2n   3/4     Terminating         0          2m35s


PODS UPDATE: seldon          income-default-0-classifier-7fd6994d4c-sgpss              0/2     Running             0          6s


PODS UPDATE: seldon        seldondeployment.machinelearning.seldon.io "image" deleted
FAILED
test_notebooks.py::TestNotebooks::test_istio_examples [NbConvertApp] Converting notebook ../../notebooks/istio_example.ipynb to script
[NbConvertApp] Writing 6006 bytes to ../../notebooks/istio_example.py
  income-default-explainer-57fcddf7d4-nxjcd                 0/1     Running             0          6s


PODS UPDATE: seldon          image-default-0-transformer-classifier-588d5db549-l2n2n   2/4     Terminating         0          2m42s


PODS UPDATE: seldon          image-default-explainer-7f884749bf-css77                  0/1     Terminating         0          2m43s


PODS UPDATE: seldon          image-default-0-transformer-classifier-588d5db549-l2n2n   0/4     Terminating         0          2m43s


PODS UPDATE: seldon          image-default-0-transformer-classifier-588d5db549-l2n2n   0/4     Terminating         0          2m44s


PODS UPDATE: seldon          image-default-explainer-7f884749bf-css77                  0/1     Terminating         0          2m44s


PODS UPDATE: seldon          image-default-explainer-7f884749bf-css77                  0/1     Terminating         0          2m44s


PODS UPDATE: seldon          image-default-0-transformer-classifier-588d5db549-l2n2n   0/4     Terminating         0          2m44s


PODS UPDATE: seldon          image-default-0-transformer-classifier-588d5db549-l2n2n   0/4     Terminating         0          2m44s


PODS UPDATE: seldon          income-default-explainer-57fcddf7d4-nxjcd                 1/1     Running             0          27s


PODS UPDATE: seldon          income-default-0-classifier-7fd6994d4c-sgpss              1/2     Running             0          28s


PODS UPDATE: seldon          income-default-0-classifier-7fd6994d4c-sgpss              2/2     Running             0          28s


PODS UPDATE: seldon          income-default-0-classifier-7fd6994d4c-sgpss              2/2     Terminating         0          62s


PODS UPDATE: seldon          income-default-explainer-57fcddf7d4-nxjcd                 1/1     Terminating         0          63s


PODS UPDATE: seldon          movie-default-explainer-6d7cd7c8bc-5952x                  0/1     Pending             0          0s


PODS UPDATE: seldon          movie-default-0-classifier-68dfcd97d6-dp**2               0/2     Pending             0          0s


PODS UPDATE: seldon          movie-default-explainer-6d7cd7c8bc-5952x                  0/1     Pending             0          0s


PODS UPDATE: seldon          movie-default-0-classifier-68dfcd97d6-dp**2               0/2     Pending             0          0s


PODS UPDATE: seldon          movie-default-explainer-6d7cd7c8bc-5952x                  0/1     ContainerCreating   0          0s


PODS UPDATE: seldon          movie-default-0-classifier-68dfcd97d6-dp**2               0/2     Init:0/1            0          0s


PODS UPDATE: seldon          movie-default-0-classifier-68dfcd97d6-dp**2               0/2     Init:0/1            0          2s


PODS UPDATE: seldon          movie-default-explainer-6d7cd7c8bc-5952x                  0/1     Running             0          2s


PODS UPDATE: seldon          movie-default-0-classifier-68dfcd97d6-dp**2               0/2     PodInitializing     0          4s


PODS UPDATE: seldon          movie-default-0-classifier-68dfcd97d6-dp**2               0/2     Running             0          5s


PODS UPDATE: seldon          income-default-0-classifier-7fd6994d4c-sgpss              1/2     Terminating         0          73s


PODS UPDATE: seldon          income-default-0-classifier-7fd6994d4c-sgpss              0/2     Terminating         0          75s


PODS UPDATE: seldon          income-default-0-classifier-7fd6994d4c-sgpss              0/2     Terminating         0          79s


PODS UPDATE: seldon          income-default-0-classifier-7fd6994d4c-sgpss              0/2     Terminating         0          79s


PODS UPDATE: seldon          income-default-explainer-57fcddf7d4-nxjcd                 0/1     Terminating         0          86s


PODS UPDATE: seldon          income-default-explainer-57fcddf7d4-nxjcd                 0/1     Terminating         0          89s


PODS UPDATE: seldon          income-default-explainer-57fcddf7d4-nxjcd                 0/1     Terminating         0          89s


PODS UPDATE: seldon          movie-default-0-classifier-68dfcd97d6-dp**2               1/2     Running             0          24s


PODS UPDATE: seldon          movie-default-0-classifier-68dfcd97d6-dp**2               2/2     Running             0          26s


PODS UPDATE: seldon          movie-default-explainer-6d7cd7c8bc-5952x                  1/1     Running             0          29s


PODS UPDATE: seldon          movie-default-explainer-6d7cd7c8bc-5952x                  1/1     Terminating         0          89s


PODS UPDATE: seldon          movie-default-0-classifier-68dfcd97d6-dp**2               2/2     Terminating         0          89s


PODS UPDATE: seldon          image-default-0-transformer-classifier-588d5db549-4nhlm   0/4     Pending             0          0s


PODS UPDATE: seldon          image-default-explainer-7f884749bf-c7z59                  0/1     Pending             0          0s


PODS UPDATE: seldon          image-default-0-transformer-classifier-588d5db549-4nhlm   0/4     Pending             0          0s


PODS UPDATE: seldon          image-default-explainer-7f884749bf-c7z59                  0/1     Pending             0          0s


PODS UPDATE: seldon          image-default-0-transformer-classifier-588d5db549-4nhlm   0/4     Init:0/1            0          0s


PODS UPDATE: seldon          image-default-explainer-7f884749bf-c7z59                  0/1     Init:0/1            0          0s


PODS UPDATE: seldon          image-default-explainer-7f884749bf-c7z59                  0/1     Init:0/1            0          2s


PODS UPDATE: seldon          image-default-0-transformer-classifier-588d5db549-4nhlm   0/4     Init:0/1            0          2s


PODS UPDATE: seldon          image-default-explainer-7f884749bf-c7z59                  0/1     PodInitializing     0          4s


PODS UPDATE: seldon          image-default-explainer-7f884749bf-c7z59                  0/1     Running             0          5s


PODS UPDATE: seldon          movie-default-0-classifier-68dfcd97d6-dp**2               0/2     Terminating         0          101s


PODS UPDATE: seldon          movie-default-0-classifier-68dfcd97d6-dp**2               0/2     Terminating         0          101s


PODS UPDATE: seldon          image-default-0-transformer-classifier-588d5db549-4nhlm   0/4     PodInitializing     0          7s


PODS UPDATE: seldon          image-default-0-transformer-classifier-588d5db549-4nhlm   1/4     Running             0          9s


PODS UPDATE: seldon          movie-default-explainer-6d7cd7c8bc-5952x                  0/1     Terminating         0          110s


PODS UPDATE: seldon          movie-default-0-classifier-68dfcd97d6-dp**2               0/2     Terminating         0          111s


PODS UPDATE: seldon          movie-default-0-classifier-68dfcd97d6-dp**2               0/2     Terminating         0          111s


PODS UPDATE: seldon          movie-default-explainer-6d7cd7c8bc-5952x                  0/1     Terminating         0          111s


PODS UPDATE: seldon          movie-default-explainer-6d7cd7c8bc-5952x                  0/1     Terminating         0          111s


PODS UPDATE: seldon          image-default-explainer-7f884749bf-c7z59                  1/1     Running             0          24s


PODS UPDATE: seldon          image-default-0-transformer-classifier-588d5db549-4nhlm   2/4     Running             0          28s


PODS UPDATE: seldon          image-default-0-transformer-classifier-588d5db549-4nhlm   3/4     Running             0          30s


PODS UPDATE: seldon          image-default-0-transformer-classifier-588d5db549-4nhlm   4/4     Running             0          30s


PODS UPDATE: seldon          image-default-0-transformer-classifier-588d5db549-4nhlm   4/4     Terminating         0          58s


PODS UPDATE: seldon          image-default-explainer-7f884749bf-c7z59                  1/1     Terminating         0          58s


PODS UPDATE: seldon          mymodel-default-0-model-64cd8bbbd7-7phnv                  0/2     Pending             0          0s


PODS UPDATE: seldon          mymodel-default-0-model-64cd8bbbd7-7phnv                  0/2     Pending             0          0s


PODS UPDATE: seldon          mymodel-default-0-model-64cd8bbbd7-7phnv                  0/2     ContainerCreating   0          0s


PODS UPDATE: seldon          mymodel-default-0-model-64cd8bbbd7-7phnv                  0/2     Running             0          2s


PODS UPDATE: seldon          image-default-0-transformer-classifier-588d5db549-4nhlm   3/4     Terminating         0          70s


PODS UPDATE: seldon          image-default-explainer-7f884749bf-c7z59                  0/1     Terminating         0          79s


PODS UPDATE: seldon          image-default-explainer-7f884749bf-c7z59                  0/1     Terminating         0          79s


PODS UPDATE: seldon          image-default-0-transformer-classifier-588d5db549-4nhlm   0/4     Terminating         0          80s


PODS UPDATE: seldon          image-default-0-transformer-classifier-588d5db549-4nhlm   0/4     Terminating         0          81s


PODS UPDATE: seldon          mymodel-default-0-model-64cd8bbbd7-7phnv                  1/2     Running             0          22s


PODS UPDATE: seldon          mymodel-default-0-model-64cd8bbbd7-7phnv                  2/2     Running             0          23s


PODS UPDATE: seldon          image-default-0-transformer-classifier-588d5db549-4nhlm   0/4     Terminating         0          87s


PODS UPDATE: seldon          image-default-0-transformer-classifier-588d5db549-4nhlm   0/4     Terminating         0          87s


PODS UPDATE: seldon          image-default-explainer-7f884749bf-c7z59                  0/1     Terminating         0          87s


PODS UPDATE: seldon          image-default-explainer-7f884749bf-c7z59                  0/1     Terminating         0          87s


PODS UPDATE: seldon          mymodel-default-0-model-64cd8bbbd7-7phnv                  2/2     Terminating         0          42s


PODS UPDATE: seldon          myabtest-default-0-classifier-1-688654d445-xtfdh          0/2     Pending             0          0s


PODS UPDATE: seldon          myabtest-default-1-classifier-2-6f6f597cb9-5x7l5          0/1     Pending             0          0s


PODS UPDATE: seldon          myabtest-default-0-classifier-1-688654d445-xtfdh          0/2     Pending             0          0s


PODS UPDATE: seldon          myabtest-default-1-classifier-2-6f6f597cb9-5x7l5          0/1     Pending             0          0s


PODS UPDATE: seldon          myabtest-default-0-classifier-1-688654d445-xtfdh          0/2     ContainerCreating   0          0s


PODS UPDATE: seldon          myabtest-default-1-classifier-2-6f6f597cb9-5x7l5          0/1     ContainerCreating   0          0s


PODS UPDATE: seldon          myabtest-default-1-classifier-2-6f6f597cb9-5x7l5          0/1     Running             0          2s


PODS UPDATE: seldon          myabtest-default-0-classifier-1-688654d445-xtfdh          0/2     Running             0          2s


PODS UPDATE: seldon          mymodel-default-0-model-64cd8bbbd7-7phnv                  1/2     Terminating         0          53s


PODS UPDATE: seldon          mymodel-default-0-model-64cd8bbbd7-7phnv                  0/2     Terminating         0          63s


PODS UPDATE: seldon          mymodel-default-0-model-64cd8bbbd7-7phnv                  0/2     Terminating         0          64s


PODS UPDATE: seldon          mymodel-default-0-model-64cd8bbbd7-7phnv                  0/2     Terminating         0          64s


PODS UPDATE: seldon          myabtest-default-0-classifier-1-688654d445-xtfdh          1/2     Running             0          24s


PODS UPDATE: seldon          myabtest-default-1-classifier-2-6f6f597cb9-5x7l5          1/1     Running             0          25s


PODS UPDATE: seldon          myabtest-default-0-classifier-1-688654d445-xtfdh          2/2     Running             0          27s


PODS UPDATE: seldon          myabtest-default-1-classifier-2-6f6f597cb9-5x7l5          1/1     Terminating         0          43s


PODS UPDATE: seldon          myabtest-default-0-classifier-1-688654d445-xtfdh          2/2     Terminating         0          43s


PODS UPDATE: seldon          mymab-default-0-classifier-1-664b75d5d6-8m5n2             0/2     Pending             0          0s


PODS UPDATE: seldon          mymab-default-1-classifier-2-5fbb94b6b6-ndb68             0/1     Pending             0          0s


PODS UPDATE: seldon          mymab-default-2-eg-router-7944df495c-5mf5g                0/1     Pending             0          0s


PODS UPDATE: seldon          mymab-default-1-classifier-2-5fbb94b6b6-ndb68             0/1     Pending             0          0s


PODS UPDATE: seldon          mymab-default-0-classifier-1-664b75d5d6-8m5n2             0/2     Pending             0          0s


PODS UPDATE: seldon          mymab-default-2-eg-router-7944df495c-5mf5g                0/1     Pending             0          0s


PODS UPDATE: seldon          mymab-default-1-classifier-2-5fbb94b6b6-ndb68             0/1     ContainerCreating   0          0s


PODS UPDATE: seldon          mymab-default-0-classifier-1-664b75d5d6-8m5n2             0/2     ContainerCreating   0          0s


PODS UPDATE: seldon          mymab-default-2-eg-router-7944df495c-5mf5g                0/1     ContainerCreating   0          0s


PODS UPDATE: seldon          mymab-default-1-classifier-2-5fbb94b6b6-ndb68             0/1     Running             0          1s


PODS UPDATE: seldon          mymab-default-0-classifier-1-664b75d5d6-8m5n2             0/2     Running             0          2s


PODS UPDATE: seldon          mymab-default-2-eg-router-7944df495c-5mf5g                0/1     Running             0          2s


PODS UPDATE: seldon          myabtest-default-0-classifier-1-688654d445-xtfdh          1/2     Terminating         0          57s


PODS UPDATE: seldon          myabtest-default-1-classifier-2-6f6f597cb9-5x7l5          0/1     Terminating         0          64s


PODS UPDATE: seldon          myabtest-default-0-classifier-1-688654d445-xtfdh          0/2     Terminating         0          64s


PODS UPDATE: seldon          myabtest-default-0-classifier-1-688654d445-xtfdh          0/2     Terminating         0          65s


PODS UPDATE: seldon          myabtest-default-0-classifier-1-688654d445-xtfdh          0/2     Terminating         0          65s


PODS UPDATE: seldon          myabtest-default-1-classifier-2-6f6f597cb9-5x7l5          0/1     Terminating         0          65s


PODS UPDATE: seldon          myabtest-default-1-classifier-2-6f6f597cb9-5x7l5          0/1     Terminating         0          65s


PODS UPDATE: seldon          mymab-default-1-classifier-2-5fbb94b6b6-ndb68             1/1     Running             0          21s


PODS UPDATE: seldon          mymab-default-2-eg-router-7944df495c-5mf5g                1/1     Running             0          24s


PODS UPDATE: seldon          mymab-default-0-classifier-1-664b75d5d6-8m5n2             1/2     Running             0          24s


PODS UPDATE: seldon          mymab-default-0-classifier-1-664b75d5d6-8m5n2             2/2     Running             0          24s


PODS UPDATE: seldon          mymab-default-0-classifier-1-664b75d5d6-8m5n2             2/2     Terminating         0          41s


PODS UPDATE: seldon          mymab-default-2-eg-router-7944df495c-5mf5g                1/1     Terminating         0          41s


PODS UPDATE: seldon          mymab-default-1-classifier-2-5fbb94b6b6-ndb68             1/1     Terminating         0          41s


PODS UPDATE: seldon          iris-default-0-iris-default-7877c79ffd-vkv9v              0/2     Pending             0          0s


PODS UPDATE: seldon          iris-default-0-iris-default-7877c79ffd-vkv9v              0/2     Pending             0          0s


PODS UPDATE: seldon          iris-shadow-0-iris-shadow-6fd7c7fd68-jmqql                0/2     Pending             0          0s


PODS UPDATE: seldon          iris-shadow-0-iris-shadow-6fd7c7fd68-jmqql                0/2     Pending             0          0s


PODS UPDATE: seldon          iris-default-0-iris-default-7877c79ffd-vkvPASSED
test_notebooks.py::TestNotebooks::test_max_grpc_msg_size [NbConvertApp] Converting notebook ../../notebooks/max_grpc_msg_size.ipynb to script
[NbConvertApp] Writing 6684 bytes to ../../notebooks/max_grpc_msg_size.py
9v              0/2     Init:0/1            0          1s


PODS UPDATE: seldon          iris-shadow-0-iris-shadow-6fd7c7fd68-jmqql                0/2     Init:0/1            0          1s


PODS UPDATE: seldon          iris-default-0-iris-default-7877c79ffd-vkv9v              0/2     Init:0/1            0          2s


PODS UPDATE: seldon          iris-shadow-0-iris-shadow-6fd7c7fd68-jmqql                0/2     Init:0/1            0          2s


PODS UPDATE: seldon          iris-default-0-iris-default-7877c79ffd-vkv9v              0/2     PodInitializing     0          4s


PODS UPDATE: seldon          iris-shadow-0-iris-shadow-6fd7c7fd68-jmqql                0/2     PodInitializing     0          4s


PODS UPDATE: seldon          iris-default-0-iris-default-7877c79ffd-vkv9v              0/2     Running             0          5s


PODS UPDATE: seldon          iris-shadow-0-iris-shadow-6fd7c7fd68-jmqql                0/2     Running             0          5s


PODS UPDATE: seldon          mymab-default-0-classifier-1-664b75d5d6-8m5n2             1/2     Terminating         0          53s


PODS UPDATE: seldon          mymab-default-2-eg-router-7944df495c-5mf5g                0/1     Terminating         0          62s


PODS UPDATE: seldon          mymab-default-0-classifier-1-664b75d5d6-8m5n2             0/2     Terminating         0          62s


PODS UPDATE: seldon          mymab-default-1-classifier-2-5fbb94b6b6-ndb68             0/1     Terminating         0          62s


PODS UPDATE: seldon          mymab-default-2-eg-router-7944df495c-5mf5g                0/1     Terminating         0          66s


PODS UPDATE: seldon          mymab-default-2-eg-router-7944df495c-5mf5g                0/1     Terminating         0          66s


PODS UPDATE: seldon          mymab-default-1-classifier-2-5fbb94b6b6-ndb68             0/1     Terminating         0          66s


PODS UPDATE: seldon          mymab-default-1-classifier-2-5fbb94b6b6-ndb68             0/1     Terminating         0          66s


PODS UPDATE: seldon          mymab-default-0-classifier-1-664b75d5d6-8m5n2             0/2     Terminating         0          66s


PODS UPDATE: seldon          mymab-default-0-classifier-1-664b75d5d6-8m5n2             0/2     Terminating         0          66s


PODS UPDATE: seldon          iris-default-0-iris-default-7877c79ffd-vkv9v              1/2     Running             0          24s


PODS UPDATE: seldon          iris-shadow-0-iris-shadow-6fd7c7fd68-jmqql                1/2     Running             0          25s


PODS UPDATE: seldon          iris-default-0-iris-default-7877c79ffd-vkv9v              2/2     Running             0          26s


PODS UPDATE: seldon          iris-shadow-0-iris-shadow-6fd7c7fd68-jmqql                2/2     Running             0          29s


PODS UPDATE: seldon          iris-shadow-0-iris-shadow-6fd7c7fd68-jmqql                2/2     Terminating         0          45s


PODS UPDATE: seldon          iris-default-0-iris-default-7877c79ffd-vkv9v              2/2     Terminating         0          45s


PODS UPDATE: seldon          model-long-timeout-test-0-classifier-6fd798897b-gg2ks     0/2     Pending             0          0s


PODS UPDATE: seldon          model-long-timeout-test-0-classifier-6fd798897b-gg2ks     0/2     Pending             0          0s


PODS UPDATE: seldon          model-long-timeout-test-0-classifier-6fd798897b-gg2ks     0/2     ContainerCreating   0          0s


PODS UPDATE: seldon          iris-default-0-iris-default-7877c79ffd-vkv9v              1/2     Terminating         0          56s


PODS UPDATE: seldon          iris-default-0-iris-default-7877c79ffd-vkv9v              0/2     Terminating         0          56s


PODS UPDATE: seldon          iris-default-0-iris-default-7877c79ffd-vkv9v              0/2     Terminating         0          58s


PODS UPDATE: seldon          iris-default-0-iris-default-7877c79ffd-vkv9v              0/2     Terminating         0          58s


PODS UPDATE: seldon          iris-shadow-0-iris-shadow-6fd7c7fd68-jmqql               PASSED
test_notebooks.py::TestNotebooks::test_multiple_operators [NbConvertApp] Converting notebook ../../notebooks/multiple_operators.ipynb to script
[NbConvertApp] Writing 4257 bytes to ../../notebooks/multiple_operators.py
 0/2     Terminating         0          60s


PODS UPDATE: seldon          iris-shadow-0-iris-shadow-6fd7c7fd68-jmqql                0/2     Terminating         0          69s


PODS UPDATE: seldon          iris-shadow-0-iris-shadow-6fd7c7fd68-jmqql                0/2     Terminating         0          69s


PODS UPDATE: seldon          model-long-timeout-test-0-classifier-6fd798897b-gg2ks     0/2     Running             0          63s


PODS UPDATE: seldon          model-long-timeout-test-0-classifier-6fd798897b-gg2ks     1/2     Running             0          83s


PODS UPDATE: seldon          model-long-timeout-test-0-classifier-6fd798897b-gg2ks     2/2     Running             0          86s


PODS UPDATE: seldon          model-long-timeout-test-0-classifier-6fd798897b-gg2ks     2/2     Terminating         0          106s


PODS UPDATE: seldon          seldon-model-grpc-size-0-classifier-84b85df58-t97ms       0/2     Pending             0          0s


PODS UPDATE: seldon          seldon-model-grpc-size-0-classifier-84b85df58-t97ms       0/2     Pending             0          0s


PODS UPDATE: seldon          seldon-model-grpc-size-0-classifier-84b85df58-t97ms       0/2     ContainerCreating   0          0s


PODS UPDATE: seldon          seldon-model-grpc-size-0-classifier-84b85df58-t97ms       0/2     Running             0          2s


PODS UPDATE: seldon          model-long-timeout-test-0-classifier-6fd798897b-gg2ks     1/2     Terminating         0          118s


PODS UPDATE: seldon          model-long-timeout-test-0-classifier-6fd798897b-gg2ks     0/2     Terminating         0          2m7s


PODS UPDATE: seldon          model-long-timeout-test-0-classifier-6fd798897b-gg2ks     0/2     Terminating         0          2m7s


PODS UPDATE: seldon          model-long-timeout-test-0-classifier-6fd798897b-gg2ks     0/2     Terminating         0          2m8s


PODS UPDATE: seldon          model-long-timeout-test-0-classifier-6fd798897b-gg2ks     0/2     Terminating         0          2m8s


PODS UPDATE: seldon          seldon-model-grpc-size-0-classifier-84b85df58-t97ms       1/2     Running             0          22s


PODS UPDATE: seldon          seldon-model-grpc-size-0-classifier-84b85df58-t97ms       2/2     Running             0          26s


PODS UPDATE: seldon          seldon-model-grpc-size-0-classifier-84b85df58-t97ms       2/2     Terminating         0          63s


PODS UPDATE: seldon-ns1      seldon-controller-manager-6595b94676-4jtlm                0/1     Pending             0          0s


PODS UPDATE: seldon-ns1      seldon-controller-manager-6595b94676-4jtlm                0/1     Pending             0          0s


PODS UPDATE: seldon-ns1      seldon-controller-manager-6595b94676-4jtlm                0/1     ContainerCreating   0          0s


PODS UPDATE: seldon-ns1      seldon-controller-manager-6595b94676-4jtlm                1/1     Running             0          1s


PODS UPDATE: seldon          seldon-model-grpc-size-0-classifier-84b85df58-t97ms       1/2     Terminating         0          76s


PODS UPDATE: seldon          seldon-model-grpc-size-0-classifier-84b85df58-t97ms       0/2     Terminating         0          84s


PODS UPDATE: seldon          seldon-model-grpc-size-0-classifier-84b85df58-t97ms       0/2     Terminating         0          96s


PODS UPDATE: seldon          seldon-model-grpc-size-0-classifier-84b85df58-t97ms       0/2     Terminating         0          96s


PODS UPDATE: seldon-ns1      seldon-controller-manager-6595b94676-4jtlm                1/1     Terminating         0          60s


PODS UPDATE: seldon-ns1      seldon-controller-manager-6595b94676-4jtlm                0/1     Terminating         0          62s


PODS UPDATE: seldon-ns1      seldon-controller-manager-6595b94676-4jtlm                0/1     Terminating         0          64s


PODS UPDATE: seldon-ns1      seldon-controller-manager-6595b94676-4jtlm                0/1     Terminating         0          64s


PODS UPDATE: seldon-id1      seldon-controller-manager-55d844498-6qmqg                 0/1  PASSED
test_notebooks.py::TestNotebooks::test_protocol_examples [NbConvertApp] Converting notebook ../../notebooks/protocol_examples.ipynb to script
[NbConvertApp] Writing 12615 bytes to ../../notebooks/protocol_examples.py
No resources found
[NbConvertApp] Converting notebook ../../notebooks/protocol_examples.ipynb to script
[NbConvertApp] Writing 12615 bytes to ../../notebooks/protocol_examples.py
   Pending             0          0s


PODS UPDATE: seldon-id1      seldon-controller-manager-55d844498-6qmqg                 0/1     Pending             0          0s


PODS UPDATE: seldon-id1      seldon-controller-manager-55d844498-6qmqg                 0/1     ContainerCreating   0          0s


PODS UPDATE: seldon-id1      seldon-controller-manager-55d844498-6qmqg                 1/1     Running             0          2s


PODS UPDATE: default         test-c1-example-0-classifier-955dcb978-snb54              0/2     Pending             0          0s


PODS UPDATE: default         test-c1-example-0-classifier-955dcb978-snb54              0/2     Pending             0          0s


PODS UPDATE: default         test-c1-example-0-classifier-955dcb978-snb54              0/2     ContainerCreating   0          0s


PODS UPDATE: default         test-c1-example-0-classifier-955dcb978-snb54              0/2     Running             0          39s


PODS UPDATE: default         test-c1-example-0-classifier-955dcb978-snb54              1/2     Running             0          59s


PODS UPDATE: default         test-c1-example-0-classifier-955dcb978-snb54              2/2     Running             0          59s


PODS UPDATE: default         test-c1-example-0-classifier-955dcb978-snb54              2/2     Terminating         0          75s


PODS UPDATE: default         test-c1-example-0-classifier-955dcb978-snb54              0/2     Terminating         0          79s


PODS UPDATE: default         test-c1-example-0-classifier-955dcb978-snb54              0/2     Terminating         0          80s


PODS UPDATE: default         test-c1-example-0-classifier-955dcb978-snb54              0/2     Terminating         0          87s


PODS UPDATE: default         test-c1-example-0-classifier-955dcb978-snb54              0/2     Terminating         0          87s


PODS UPDATE: seldon-id1      seldon-controller-manager-55d844498-6qmqg                 1/1     Terminating         0          111s


PODS UPDATE: seldon-id1      seldon-controller-manager-55d844498-6qmqg                 0/1     Terminating         0          112s


PODS UPDATE: seldon-id1      seldon-controller-manager-55d844498-6qmqg                 0/1     Terminating         0          113s


PODS UPDATE: seldon-id1      seldon-controller-manager-55d844498-6qmqg                 0/1     Terminating         0          113s


PODS UPDATE: seldon          rest-seldon-model-0-classifier-678666f5c6-xk49m           0/2     Pending             0          0s


PODS UPDATE: seldon          rest-seldon-model-0-classifier-678666f5c6-xk49m           0/2     Pending             0          0s


PODS UPDATE: seldon          rest-seldon-model-0-classifier-678666f5c6-xk49m           0/2     ContainerCreating   0          0s


PODS UPDATE: seldon          rest-seldon-model-0-classifier-678666f5c6-xk49m           0/2     Running             0          1s


PODS UPDATE: seldon          rest-seldon-model-0-classifier-678666f5c6-xk49m           1/2     Running             0          21s


PODS UPDATE: seldon          rest-seldon-model-0-classifier-678666f5c6-xk49m           2/2     Running             0          24s


PODS UPDATE: seldon          rest-seldon-model-0-classifier-678666f5c6-xk49m           2/2     Terminating         0          39s


PODS UPDATE: seldon          grpc-seldon-model-0-classifier-665976c9f-nsft6            0/2     Pending             0          0s


PODS UPDATE: seldon          grpc-seldon-model-0-classifier-665976c9f-nsft6            0/2     Pending             0          0s


PODS UPDATE: seldon          grpc-seldon-model-0-classifier-665976c9f-nsft6            0/2     ContainerCreating   0          1s


PODS UPDATE: seldon          grpc-seldon-model-0-classifier-665976c9f-nsft6            0/2     Running             0          2s


PODS UPDATE: seldon          rest-seldon-model-0-classifier-678666f5c6-xk49m           1/2     Terminating         0          54s


PODS UPDATE: seldon          rest-seldon-model-0-classifier-678666f5c6-xk49m           0/2     Terminating         0          60s


PODS UPDATE: seldon          rest-seldon-model-0-classifier-678666f5c6-xk49m           0/2     Terminating         0          61s


PODS UPDATE: seldon          rest-seldon-model-0-classifier-678666f5c6-xk49m           0/2     Terminating         0          62s


PODS UPDATE: seldon          rest-seldon-model-0-classifier-678666f5c6-xk49m           0/2     Terminating         0          62s


PODS UPDATE: seldon          grpc-seldon-model-0-classifier-665976c9f-nsft6            1/2     Running             0          24s


PODS UPDATE: seldon          grpc-seldon-model-0-classifier-665976c9f-nsft6            2/2     Running             0          25s


PODS UPDATE: seldon          grpc-seldon-model-0-classifier-665976c9f-nsft6            2/2     Terminating         0          41s


PODS UPDATE: seldon          grpc-seldon-model-0-classifier-665976c9f-nsft6            1/2     Terminating         0          54s


PODS UPDATE: seldon          grpc-seldon-model-0-classifier-665976c9f-nsft6            0/2     Terminating         0          63s


PODS UPDATE: seldon          grpc-seldon-model-0-classifier-665976c9f-nsft6            0/2     Terminating         0          73s


PODS UPDATE: seldon          grpc-seldon-model-0-classifier-665976c9f-nsft6            0/2     Terminating         0          73s


PODS UPDATE: seldon          rest-seldon-model-0-classifier-678666f5c6-9t7k5           0/2     Pending             0          0s


PODS UPDATE: seldon          rest-seldon-model-0-classifier-678666f5c6-9t7k5           0/2     Pending             0          0s


PODS UPDATE: seldon          rest-seldon-model-0-classifier-678666f5c6-9t7k5           0/2     ContainerCreating   0          0s


PODS UPDATE: seldon          rest-seldon-model-0-classifier-678666f5c6-9t7k5           0/2     Running             0          2s


PODS UPDATE: seldon          rest-seldon-model-0-classifier-678666f5c6-9t7k5           1/2     Running             0          23s


PODS UPDATE: seldon          rest-seldon-model-0-classifier-678666f5c6-9t7k5           2/2     Running             0          25s


PODS UPDATE: seldon          rest-seldon-model-0-classifier-678666f5c6-9t7k5           2/2     Terminating         0          41s


PODS UPDATE: seldon          grpc-seldon-model-0-classifier-665976c9f-nzvf5            0/2     Pending             0          0s


PODS UPDATE: seldon          grpc-seldon-model-0-classifier-665976c9f-nzvf5            0/2     Pending             0          0s


PODS UPDATE: seldon          grpc-seldon-model-0-classifier-665976c9f-nzvf5            0/2     ContainerCreating   0          0s


PODS UPDATE: seldon          grpc-seldon-model-0-classifier-665976c9f-nzvf5            0/2     Running             0          1s


PODS UPDATE: seldon          rest-seldon-model-0-classifier-678666f5c6-9t7k5           1/2     Terminating         0          55s


PODS UPDATE: seldon          rest-seldon-model-0-classifier-678666f5c6-9t7k5           0/2     Terminating         0          62s


PODS UPDATE: seldon          rest-seldon-model-0-classifier-678666f5c6-9t7k5           0/2     Terminating         0          62s


PODS UPDATE: seldon          rest-seldon-model-0-classifier-678666f5c6-9t7k5           0/2     Terminating         0          63s


PODS UPDATE: seldon          rest-seldon-model-0-classifier-678666f5c6-9t7k5           0/2     Terminating         0          63s


PODS UPDATE: seldon          rest-seldon-model-0-classifier-678666f5c6-9t7k5           0/2     Terminating         0          63s


PODS UPDATE: seldon          grpc-seldon-model-0-classifier-665976c9f-nzvf5            1/2     Running             0          22s


PODS UPDATE: seldon          grpc-seldon-model-0-classifier-665976c9f-nzvf5            2/2     Running             0          23s


PODS UPDATE: seldon          grpc-seldon-model-0-classifier-665976c9f-nzvf5            2/2     Terminating         0          38s


PODS UPDATE: seldon          grpc-seldon-model-0-classifier-665976c9f-nzvf5            1/2     Terminating         0          53s


PODS UPDATE: seldon          grpc-seldon-model-0-classifier-665976c9f-nzvf5            0/2     Terminating         0          59s


PODS UPDATE: seldon          grpc-seldon-model-0-classifier-665976c9f-nzvf5            0/2     Terminating         0          63s


PODS UPDATE: seldon          grpc-seldon-model-0-classifier-665976c9f-nzvf5            0/2     Terminating         0          63s

No resources found
FAILED
test_notebooks.py::TestNotebooks::test_server_examples [NbConvertApp] Converting notebook ../../notebooks/server_examples.ipynb to script
[NbConvertApp] Writing 14682 bytes to ../../notebooks/server_examples.py
PASSED
test_notebooks.py::TestNotebooks::test_rolling_updates [NbConvertApp] Converting notebook ../../notebooks/rolling_updates.ipynb to script
[NbConvertApp] Writing 25670 bytes to ../../notebooks/rolling_updates.py
PASSED
test_notebooks.py::TestNotebooks::test_ambassador_canary [NbConvertApp] Converting notebook ../../examples/ambassador/canary/ambassador_canary.ipynb to script
[NbConvertApp] Writing 3332 bytes to ../../examples/ambassador/canary/ambassador_canary.py
PASSED
test_notebooks.py::TestNotebooks::test_ambassador_headers [NbConvertApp] Converting notebook ../../examples/ambassador/headers/ambassador_headers.ipynb to script
[NbConvertApp] Writing 3974 bytes to ../../examples/ambassador/headers/ambassador_headers.py
PASSED
test_notebooks.py::TestNotebooks::test_ambassador_shadow [NbConvertApp] Converting notebook ../../examples/ambassador/shadow/ambassador_shadow.ipynb to script
[NbConvertApp] Writing 3611 bytes to ../../examples/ambassador/shadow/ambassador_shadow.py
PASSED
test_notebooks.py::TestNotebooks::test_ambassador_custom [NbConvertApp] Converting notebook ../../examples/ambassador/custom/ambassador_custom.ipynb to script
[NbConvertApp] Writing 2537 bytes to ../../examples/ambassador/custom/ambassador_custom.py
PASSED
test_notebooks.py::TestNotebooks::test_istio_canary [NbConvertApp] Converting notebook ../../examples/istio/canary_update/canary.ipynb to script
[NbConvertApp] Writing 6859 bytes to ../../examples/istio/canary_update/canary.py
PASSED
test_notebooks.py::TestNotebooks::test_tracing [NbConvertApp] Converting notebook ../../examples/models/tracing/tracing.ipynb to script
[NbConvertApp] Writing 4792 bytes to ../../examples/models/tracing/tracing.py
PASSED
test_notebooks.py::TestNotebooks::test_metrics [NbConvertApp] Converting notebook ../../examples/models/metrics/metrics.ipynb to script
[NbConvertApp] Writing 7647 bytes to ../../examples/models/metrics/metrics.py
PASSED
test_notebooks.py::TestNotebooks::test_metadata [NbConvertApp] Converting notebook ../../examples/models/metadata/metadata.ipynb to script
[NbConvertApp] Writing 10406 bytes to ../../examples/models/metadata/metadata.py
PASSED
test_notebooks.py::TestNotebooks::test_graph_metadata [NbConvertApp] Converting notebook ../../examples/models/metadata/graph_metadata.ipynb to script
[NbConvertApp] Writing 25780 bytes to ../../examples/models/metadata/graph_metadata.py
PASSED
test_notebooks.py::TestNotebooks::test_grpc_metadata [NbConvertApp] Converting notebook ../../examples/models/metadata/metadata_grpc.ipynb to script
[NbConvertApp] Writing 3860 bytes to ../../examples/models/metadata/metadata_grpc.py
PASSED
test_notebooks.py::TestNotebooks::test_payload_logging [NbConvertApp] Converting notebook ../../examples/models/payload_logging/payload_logging.ipynb to script
[NbConvertApp] Writing 2868 bytes to ../../examples/models/payload_logging/payload_logging.py
PASSED
test_notebooks.py::TestNotebooks::test_custom_metrics [NbConvertApp] Converting notebook ../../examples/models/custom_metrics/customMetrics.ipynb to script
[NbConvertApp] Writing 4256 bytes to ../../examples/models/custom_metrics/customMetrics.py
seldondeployment.machinelearning.seldon.io "seldon-model" deleted
release "seldon-core-analytics" uninstalled
[NbConvertApp] Converting notebook ../../examples/models/custom_metrics/customMetrics.ipynb to script
[NbConvertApp] Writing 4256 bytes to ../../examples/models/custom_metrics/customMetrics.py
seldondeployment.machinelearning.seldon.io "seldon-model" deleted
release "seldon-core-analytics" uninstalled
FAILED
test_notebooks.py::TestNotebooks::test_autoscaling [NbConvertApp] Converting notebook ../../examples/models/autoscaling/autoscaling_example.ipynb to script
[NbConvertApp] Writing 3973 bytes to ../../examples/models/autoscaling/autoscaling_example.py
PASSED
test_notebooks.py::TestNotebooks::test_scaling [NbConvertApp] Converting notebook ../../notebooks/scale.ipynb to script
[NbConvertApp] Writing 6495 bytes to ../../notebooks/scale.py
PASSED
test_notebooks.py::TestNotebooks::test_jsondata [NbConvertApp] Converting notebook ../../examples/models/sklearn_iris_jsondata/sklearn_iris_jsondata.ipynb to script
[NbConvertApp] Writing 5567 bytes to ../../examples/models/sklearn_iris_jsondata/sklearn_iris_jsondata.py
PASSED
test_notebooks.py::TestNotebooks::test_sklearn_iris [NbConvertApp] Converting notebook ../../examples/models/sklearn_iris/sklearn_iris.ipynb to script
[NbConvertApp] Writing 4831 bytes to ../../examples/models/sklearn_iris/sklearn_iris.py
PASSED
test_notebooks.py::TestNotebooks::test_custom_metrics_server [NbConvertApp] Converting notebook ../../examples/feedback/metrics-server/README.ipynb to script
[NbConvertApp] Writing 7904 bytes to ../../examples/feedback/metrics-server/README.py
PASSED
test_notebooks.py::TestNotebooks::test_upgrade [NbConvertApp] Converting notebook ../../notebooks/operator_upgrade.ipynb to script
[NbConvertApp] Writing 7062 bytes to ../../notebooks/operator_upgrade.py
PASSED
test_notebooks.py::TestNotebooks::test_disruption_budgets [NbConvertApp] Converting notebook ../../examples/models/disruption_budgets/pdbs_example.ipynb to script
[NbConvertApp] Writing 3165 bytes to ../../examples/models/disruption_budgets/pdbs_example.py
PASSED

=================================== FAILURES ===================================
____________________ TestNotebooks.test_explainer_examples _____________________

self = <test_notebooks.TestNotebooks object at 0x7f3af3c06e48>

    def test_explainer_examples(self):
>       create_and_run_script("../../notebooks", "explainer_examples")

test_notebooks.py:42: 
_ _ _ _ _ _ _ _ _ _ _ _ _ _ _ _ _ _ _ _ _ _ _ _ _ _ _ _ _ _ _ _ _ _ _ _ _ _ _ _ 
test_notebooks.py:27: in create_and_run_script
    raise e
test_notebooks.py:20: in create_and_run_script
    encoding="utf-8",
_ _ _ _ _ _ _ _ _ _ _ _ _ _ _ _ _ _ _ _ _ _ _ _ _ _ _ _ _ _ _ _ _ _ _ _ _ _ _ _ 

input = None, timeout = None, check = True
popenargs = ('cd ../../notebooks && ./explainer_examples.py',)
kwargs = {'encoding': 'utf-8', 'shell': True, 'stderr': -1, 'stdout': -1}
process = <subprocess.Popen object at 0x7f3af3c06f28>
stdout = 'Context "kind-kind" modified.\nseldondeployment.machinelearning.seldon.io/income created\nWaiting for deployment "inc...1;32m    457\x1b[0m \x1b[0;34m\x1b[0m\x1b[0m\n\n\x1b[0;31mTypeError\x1b[0m: \'Response\' object is not subscriptable\n'
stderr = 'Error from server (AlreadyExists): namespaces "seldon" already exists\n  % Total    % Received % Xferd  Average Speed...es SQLite, your history will not be saved\n  warn("IPython History requires SQLite, your history will not be saved")\n'
retcode = 1

    def run(*popenargs, input=None, timeout=None, check=False, **kwargs):
        """Run command with arguments and return a CompletedProcess instance.
    
        The returned instance will have attributes args, returncode, stdout and
        stderr. By default, stdout and stderr are not captured, and those attributes
        will be None. Pass stdout=PIPE and/or stderr=PIPE in order to capture them.
    
        If check is True and the exit code was non-zero, it raises a
        CalledProcessError. The CalledProcessError object will have the return code
        in the returncode attribute, and output & stderr attributes if those streams
        were captured.
    
        If timeout is given, and the process takes too long, a TimeoutExpired
        exception will be raised.
    
        There is an optional argument "input", allowing you to
        pass a string to the subprocess's stdin.  If you use this argument
        you may not also use the Popen constructor's "stdin" argument, as
        it will be used internally.
    
        The other arguments are the same as for the Popen constructor.
    
        If universal_newlines=True is passed, the "input" argument must be a
        string and stdout/stderr in the returned object will be strings rather than
        bytes.
        """
        if input is not None:
            if 'stdin' in kwargs:
                raise ValueError('stdin and input arguments may not both be used.')
            kwargs['stdin'] = PIPE
    
        with Popen(*popenargs, **kwargs) as process:
            try:
                stdout, stderr = process.communicate(input, timeout=timeout)
            except TimeoutExpired:
                process.kill()
                stdout, stderr = process.communicate()
                raise TimeoutExpired(process.args, timeout, output=stdout,
                                     stderr=stderr)
            except:
                process.kill()
                process.wait()
                raise
            retcode = process.poll()
            if check and retcode:
                raise CalledProcessError(retcode, process.args,
>                                        output=stdout, stderr=stderr)
E               subprocess.CalledProcessError: Command 'cd ../../notebooks && ./explainer_examples.py' returned non-zero exit status 1.

/usr/local/lib/python3.6/subprocess.py:438: CalledProcessError
------------------------------ Captured log call -------------------------------
ERROR    root:test_notebooks.py:24 failed notebook test explainer_examples stdout:Context "kind-kind" modified.
seldondeployment.machinelearning.seldon.io/income created
Waiting for deployment "income-default-0-classifier" rollout to finish: 0 of 1 updated replicas are available...
deployment "income-default-0-classifier" successfully rolled out
deployment "income-default-explainer" successfully rolled out
{"data":{"names":["t:0","t:1"],"ndarray":[[0.8585304277244477,0.14146957227555243]]},"meta":{}}
[
  "Marital Status = Separated"
]
seldondeployment.machinelearning.seldon.io "income" deleted
seldondeployment.machinelearning.seldon.io/movie created
Waiting for deployment "movie-default-0-classifier" rollout to finish: 0 of 1 updated replicas are available...
deployment "movie-default-0-classifier" successfully rolled out
deployment "movie-default-explainer" successfully rolled out
{"data":{"names":["t:0","t:1"],"ndarray":[[0.21266916924914636,0.7873308307508536]]},"meta":{}}
[
  "emotionally",
  "vapid"
]
seldondeployment.machinelearning.seldon.io "movie" deleted
seldondeployment.machinelearning.seldon.io/image created
Waiting for deployment "image-default-0-transformer-classifier" rollout to finish: 0 of 1 updated replicas are available...
deployment "image-default-0-transformer-classifier" successfully rolled out
deployment "image-default-explainer" successfully rolled out
Writing resources/income_explainer.yaml
{'data': {'names': ['t:0', 't:1'], 'tensor': {'shape': [1, 2], 'values': [0.8585304277244477, 0.14146957227555243]}}, 'meta': {}}
['Marital Status = Never-Married']
Overwriting resources/moviesentiment_explainer.yaml
Success:True message:
Request:
meta {
}
data {
  ndarray {
    values {
      string_value: "this film has great actors"
    }
  }
}

Response:
{'data': {'names': ['t:0', 't:1'], 'ndarray': [[0.21266916924914636, 0.7873308307508536]]}, 'meta': {}}
['emotionally', 'vapid']
Writing resources/imagenet_explainer_grpc.yaml
WARNING:tensorflow:From /workspace/source/python/seldon_core/utils.py:309: The name tf.make_tensor_proto is deprecated. Please use tf.compat.v1.make_tensor_proto instead.

Downloading data from https://storage.googleapis.com/download.tensorflow.org/data/imagenet_class_index.json

 8192/35363 [=====>........................] - ETA: 0s
40960/35363 [==================================] - 0s 0us/step
[0;31m---------------------------------------------------------------------------[0m
[0;31mTypeError[0m                                 Traceback (most recent call last)
[0;32m/workspace/source/notebooks/explainer_examples.py[0m in [0;36m<module>[0;34m[0m
[1;32m    453[0m [0mf[0m[0;34m,[0m [0maxarr[0m [0;34m=[0m [0mplt[0m[0;34m.[0m[0msubplots[0m[0;34m([0m[0;36m1[0m[0;34m,[0m [0;36m2[0m[0;34m)[0m[0;34m[0m[0;34m[0m[0m
[1;32m    454[0m [0maxarr[0m[0;34m[[0m[0;36m0[0m[0;34m][0m[0;34m.[0m[0mimshow[0m[0;34m([0m[0mdata[0m[0;34m[[0m[0;36m0[0m[0;34m][0m[0;34m)[0m[0;34m[0m[0;34m[0m[0m
[0;32m--> 455[0;31m [0maxarr[0m[0;34m[[0m[0;36m1[0m[0;34m][0m[0;34m.[0m[0mimshow[0m[0;34m([0m[0mr[0m[0;34m.[0m[0mresponse[0m[0;34m[[0m[0;34m"data"[0m[0;34m][0m[0;34m[[0m[0;34m"anchor"[0m[0;34m][0m[0;34m)[0m[0;34m[0m[0;34m[0m[0m
[0m[1;32m    456[0m [0mplt[0m[0;34m.[0m[0mshow[0m[0;34m([0m[0;34m)[0m[0;34m[0m[0;34m[0m[0m
[1;32m    457[0m [0;34m[0m[0m

[0;31mTypeError[0m: 'Response' object is not subscriptable
, stderr:Error from server (AlreadyExists): namespaces "seldon" already exists
  % Total    % Received % Xferd  Average Speed   Time    Time     Time  Current
                                 Dload  Upload   Total   Spent    Left  Speed

  0     0    0     0    0     0      0      0 --:--:-- --:--:-- --:--:--     0
100   161  100    96  100    65   5333   3611 --:--:-- --:--:-- --:--:--  8944
  % Total    % Received % Xferd  Average Speed   Time    Time     Time  Current
                                 Dload  Upload   Total   Spent    Left  Speed

  0     0    0     0    0     0      0      0 --:--:-- --:--:-- --:--:--     0
100    91    0     0  100    91      0    446 --:--:-- --:--:-- --:--:--   446
100  1479  100  1388  100    91   3595    235 --:--:-- --:--:-- --:--:--  3821
  % Total    % Received % Xferd  Average Speed   Time    Time     Time  Current
                                 Dload  Upload   Total   Spent    Left  Speed

  0     0    0     0    0     0      0      0 --:--:-- --:--:-- --:--:--     0
100   148  100    96  100    52   3840   2080 --:--:-- --:--:-- --:--:--  5692
100   148  100    96  100    52   3692   2000 --:--:-- --:--:-- --:--:--  5481
/usr/local/lib/python3.6/site-packages/IPython/core/history.py:226: UserWarning: IPython History requires SQLite, your history will not be saved
  warn("IPython History requires SQLite, your history will not be saved")
------------------------------ Captured log call -------------------------------
ERROR    root:test_notebooks.py:24 failed notebook test explainer_examples stdout:Context "kind-kind" modified.
seldondeployment.machinelearning.seldon.io/income created
Waiting for deployment "income-default-0-classifier" rollout to finish: 0 of 1 updated replicas are available...
deployment "income-default-0-classifier" successfully rolled out
deployment "income-default-explainer" successfully rolled out
{"data":{"names":["t:0","t:1"],"ndarray":[[0.8585304277244477,0.14146957227555243]]},"meta":{}}
[
  "Marital Status = Separated",
  "Capital Gain <= 0.00"
]
seldondeployment.machinelearning.seldon.io "income" deleted
seldondeployment.machinelearning.seldon.io/movie created
Waiting for deployment "movie-default-0-classifier" rollout to finish: 0 of 1 updated replicas are available...
deployment "movie-default-0-classifier" successfully rolled out
deployment "movie-default-explainer" successfully rolled out
{"data":{"names":["t:0","t:1"],"ndarray":[[0.21266916924914636,0.7873308307508536]]},"meta":{}}
[
  "emotionally",
  "vapid"
]
seldondeployment.machinelearning.seldon.io "movie" deleted
seldondeployment.machinelearning.seldon.io/image created
Waiting for deployment "image-default-0-transformer-classifier" rollout to finish: 0 of 1 updated replicas are available...
deployment "image-default-0-transformer-classifier" successfully rolled out
deployment "image-default-explainer" successfully rolled out
Overwriting resources/income_explainer.yaml
{'data': {'names': ['t:0', 't:1'], 'tensor': {'shape': [1, 2], 'values': [0.8585304277244477, 0.14146957227555243]}}, 'meta': {}}
['Marital Status = Never-Married']
Overwriting resources/moviesentiment_explainer.yaml
Success:True message:
Request:
meta {
}
data {
  ndarray {
    values {
      string_value: "this film has great actors"
    }
  }
}

Response:
{'data': {'names': ['t:0', 't:1'], 'ndarray': [[0.21266916924914636, 0.7873308307508536]]}, 'meta': {}}
['emotionally', 'vapid']
Overwriting resources/imagenet_explainer_grpc.yaml
WARNING:tensorflow:From /workspace/source/python/seldon_core/utils.py:309: The name tf.make_tensor_proto is deprecated. Please use tf.compat.v1.make_tensor_proto instead.

[0;31m---------------------------------------------------------------------------[0m
[0;31mTypeError[0m                                 Traceback (most recent call last)
[0;32m/workspace/source/notebooks/explainer_examples.py[0m in [0;36m<module>[0;34m[0m
[1;32m    453[0m [0mf[0m[0;34m,[0m [0maxarr[0m [0;34m=[0m [0mplt[0m[0;34m.[0m[0msubplots[0m[0;34m([0m[0;36m1[0m[0;34m,[0m [0;36m2[0m[0;34m)[0m[0;34m[0m[0;34m[0m[0m
[1;32m    454[0m [0maxarr[0m[0;34m[[0m[0;36m0[0m[0;34m][0m[0;34m.[0m[0mimshow[0m[0;34m([0m[0mdata[0m[0;34m[[0m[0;36m0[0m[0;34m][0m[0;34m)[0m[0;34m[0m[0;34m[0m[0m
[0;32m--> 455[0;31m [0maxarr[0m[0;34m[[0m[0;36m1[0m[0;34m][0m[0;34m.[0m[0mimshow[0m[0;34m([0m[0mr[0m[0;34m.[0m[0mresponse[0m[0;34m[[0m[0;34m"data"[0m[0;34m][0m[0;34m[[0m[0;34m"anchor"[0m[0;34m][0m[0;34m)[0m[0;34m[0m[0;34m[0m[0m
[0m[1;32m    456[0m [0mplt[0m[0;34m.[0m[0mshow[0m[0;34m([0m[0;34m)[0m[0;34m[0m[0;34m[0m[0m
[1;32m    457[0m [0;34m[0m[0m

[0;31mTypeError[0m: 'Response' object is not subscriptable
, stderr:Error from server (AlreadyExists): namespaces "seldon" already exists
  % Total    % Received % Xferd  Average Speed   Time    Time     Time  Current
                                 Dload  Upload   Total   Spent    Left  Speed

  0     0    0     0    0     0      0      0 --:--:-- --:--:-- --:--:--     0
100   161  100    96  100    65   5647   3823 --:--:-- --:--:-- --:--:--  9470
  % Total    % Received % Xferd  Average Speed   Time    Time     Time  Current
                                 Dload  Upload   Total   Spent    Left  Speed

  0     0    0     0    0     0      0      0 --:--:-- --:--:-- --:--:--     0
100  2489  100  2398  100    91   4786    181 --:--:-- --:--:-- --:--:--  4968
  % Total    % Received % Xferd  Average Speed   Time    Time     Time  Current
                                 Dload  Upload   Total   Spent    Left  Speed

  0     0    0     0    0     0      0      0 --:--:-- --:--:-- --:--:--     0
100   148  100    96  100    52   3840   2080 --:--:-- --:--:-- --:--:--  5920
/usr/local/lib/python3.6/site-packages/IPython/core/history.py:226: UserWarning: IPython History requires SQLite, your history will not be saved
  warn("IPython History requires SQLite, your history will not be saved")
_____________________ TestNotebooks.test_protocol_examples _____________________

self = <test_notebooks.TestNotebooks object at 0x7f3af4e1b748>

    def test_protocol_examples(self):
>       create_and_run_script("../../notebooks", "protocol_examples")

test_notebooks.py:54: 
_ _ _ _ _ _ _ _ _ _ _ _ _ _ _ _ _ _ _ _ _ _ _ _ _ _ _ _ _ _ _ _ _ _ _ _ _ _ _ _ 
test_notebooks.py:27: in create_and_run_script
    raise e
test_notebooks.py:20: in create_and_run_script
    encoding="utf-8",
_ _ _ _ _ _ _ _ _ _ _ _ _ _ _ _ _ _ _ _ _ _ _ _ _ _ _ _ _ _ _ _ _ _ _ _ _ _ _ _ 

input = None, timeout = None, check = True
popenargs = ('cd ../../notebooks && ./protocol_examples.py',)
kwargs = {'encoding': 'utf-8', 'shell': True, 'stderr': -1, 'stdout': -1}
process = <subprocess.Popen object at 0x7f3af4e1b5f8>
stdout = 'Context "kind-kind" modified.\nseldondeployment.machinelearning.seldon.io/rest-seldon created\nWaiting for deployment...[0m \x1b[0;34m\x1b[0m\x1b[0m\n\x1b[1;32m    265\x1b[0m \x1b[0;34m\x1b[0m\x1b[0m\n\n\x1b[0;31mAssertionError\x1b[0m: \n'
stderr = 'Error from server (AlreadyExists): namespaces "seldon" already exists\n/usr/local/lib/python3.6/site-packages/IPython...esourceVersion":"", "selfLink":""}}\n\n\nerror: arguments in resource/name form must have a single resource and name\n'
retcode = 1

    def run(*popenargs, input=None, timeout=None, check=False, **kwargs):
        """Run command with arguments and return a CompletedProcess instance.
    
        The returned instance will have attributes args, returncode, stdout and
        stderr. By default, stdout and stderr are not captured, and those attributes
        will be None. Pass stdout=PIPE and/or stderr=PIPE in order to capture them.
    
        If check is True and the exit code was non-zero, it raises a
        CalledProcessError. The CalledProcessError object will have the return code
        in the returncode attribute, and output & stderr attributes if those streams
        were captured.
    
        If timeout is given, and the process takes too long, a TimeoutExpired
        exception will be raised.
    
        There is an optional argument "input", allowing you to
        pass a string to the subprocess's stdin.  If you use this argument
        you may not also use the Popen constructor's "stdin" argument, as
        it will be used internally.
    
        The other arguments are the same as for the Popen constructor.
    
        If universal_newlines=True is passed, the "input" argument must be a
        string and stdout/stderr in the returned object will be strings rather than
        bytes.
        """
        if input is not None:
            if 'stdin' in kwargs:
                raise ValueError('stdin and input arguments may not both be used.')
            kwargs['stdin'] = PIPE
    
        with Popen(*popenargs, **kwargs) as process:
            try:
                stdout, stderr = process.communicate(input, timeout=timeout)
            except TimeoutExpired:
                process.kill()
                stdout, stderr = process.communicate()
                raise TimeoutExpired(process.args, timeout, output=stdout,
                                     stderr=stderr)
            except:
                process.kill()
                process.wait()
                raise
            retcode = process.poll()
            if check and retcode:
                raise CalledProcessError(retcode, process.args,
>                                        output=stdout, stderr=stderr)
E               subprocess.CalledProcessError: Command 'cd ../../notebooks && ./protocol_examples.py' returned non-zero exit status 1.

/usr/local/lib/python3.6/subprocess.py:438: CalledProcessError
------------------------------ Captured log call -------------------------------
ERROR    root:test_notebooks.py:24 failed notebook test protocol_examples stdout:Context "kind-kind" modified.
seldondeployment.machinelearning.seldon.io/rest-seldon created
Waiting for deployment "rest-seldon-model-0-classifier" rollout to finish: 0 of 1 updated replicas are available...
deployment "rest-seldon-model-0-classifier" successfully rolled out
Overwriting resources/model_seldon_rest.yaml
Available
seldondeployment.machinelearning.seldon.io "rest-seldon" deleted
seldondeployment.machinelearning.seldon.io/grpc-seldon created
Waiting for deployment "grpc-seldon-model-0-classifier" rollout to finish: 0 of 1 updated replicas are available...
deployment "grpc-seldon-model-0-classifier" successfully rolled out
{'data': {'names': ['proba'], 'ndarray': [[0.43782349911420193]]}, 'meta': {}}
Overwriting resources/model_seldon_grpc.yaml
Available
seldondeployment.machinelearning.seldon.io "grpc-seldon" deleted
{'meta': {}, 'data': {'names': ['proba'], 'ndarray': [[0.43782349911420193]]}}
Overwriting resources/model_tfserving_rest.yaml
Error from server (NotFound): seldondeployments.machinelearning.seldon.io "rest-tfserving" not found
Error from server (NotFound): seldondeployments.machinelearning.seldon.io "rest-tfserving" not found
Error from server (NotFound): seldondeployments.machinelearning.seldon.io "rest-tfserving" not found
Error from server (NotFound): seldondeployments.machinelearning.seldon.io "rest-tfserving" not found
Error from server (NotFound): seldondeployments.machinelearning.seldon.io "rest-tfserving" not found
Error from server (NotFound): seldondeployments.machinelearning.seldon.io "rest-tfserving" not found
Error from server (NotFound): seldondeployments.machinelearning.seldon.io "rest-tfserving" not found
Error from server (NotFound): seldondeployments.machinelearning.seldon.io "rest-tfserving" not found
Error from server (NotFound): seldondeployments.machinelearning.seldon.io "rest-tfserving" not found
Error from server (NotFound): seldondeployments.machinelearning.seldon.io "rest-tfserving" not found
Error from server (NotFound): seldondeployments.machinelearning.seldon.io "rest-tfserving" not found
Error from server (NotFound): seldondeployments.machinelearning.seldon.io "rest-tfserving" not found
Error from server (NotFound): seldondeployments.machinelearning.seldon.io "rest-tfserving" not found
Error from server (NotFound): seldondeployments.machinelearning.seldon.io "rest-tfserving" not found
Error from server (NotFound): seldondeployments.machinelearning.seldon.io "rest-tfserving" not found
Error from server (NotFound): seldondeployments.machinelearning.seldon.io "rest-tfserving" not found
Error from server (NotFound): seldondeployments.machinelearning.seldon.io "rest-tfserving" not found
Error from server (NotFound): seldondeployments.machinelearning.seldon.io "rest-tfserving" not found
Error from server (NotFound): seldondeployments.machinelearning.seldon.io "rest-tfserving" not found
Error from server (NotFound): seldondeployments.machinelearning.seldon.io "rest-tfserving" not found
Error from server (NotFound): seldondeployments.machinelearning.seldon.io "rest-tfserving" not found
Error from server (NotFound): seldondeployments.machinelearning.seldon.io "rest-tfserving" not found
Error from server (NotFound): seldondeployments.machinelearning.seldon.io "rest-tfserving" not found
Error from server (NotFound): seldondeployments.machinelearning.seldon.io "rest-tfserving" not found
Error from server (NotFound): seldondeployments.machinelearning.seldon.io "rest-tfserving" not found
Error from server (NotFound): seldondeployments.machinelearning.seldon.io "rest-tfserving" not found
Error from server (NotFound): seldondeployments.machinelearning.seldon.io "rest-tfserving" not found
Error from server (NotFound): seldondeployments.machinelearning.seldon.io "rest-tfserving" not found
Error from server (NotFound): seldondeployments.machinelearning.seldon.io "rest-tfserving" not found
Error from server (NotFound): seldondeployments.machinelearning.seldon.io "rest-tfserving" not found
Error from server (NotFound): seldondeployments.machinelearning.seldon.io "rest-tfserving" not found
Error from server (NotFound): seldondeployments.machinelearning.seldon.io "rest-tfserving" not found
Error from server (NotFound): seldondeployments.machinelearning.seldon.io "rest-tfserving" not found
Error from server (NotFound): seldondeployments.machinelearning.seldon.io "rest-tfserving" not found
Error from server (NotFound): seldondeployments.machinelearning.seldon.io "rest-tfserving" not found
Error from server (NotFound): seldondeployments.machinelearning.seldon.io "rest-tfserving" not found
Error from server (NotFound): seldondeployments.machinelearning.seldon.io "rest-tfserving" not found
Error from server (NotFound): seldondeployments.machinelearning.seldon.io "rest-tfserving" not found
Error from server (NotFound): seldondeployments.machinelearning.seldon.io "rest-tfserving" not found
Error from server (NotFound): seldondeployments.machinelearning.seldon.io "rest-tfserving" not found
Error from server (NotFound): seldondeployments.machinelearning.seldon.io "rest-tfserving" not found
Error from server (NotFound): seldondeployments.machinelearning.seldon.io "rest-tfserving" not found
Error from server (NotFound): seldondeployments.machinelearning.seldon.io "rest-tfserving" not found
Error from server (NotFound): seldondeployments.machinelearning.seldon.io "rest-tfserving" not found
Error from server (NotFound): seldondeployments.machinelearning.seldon.io "rest-tfserving" not found
Error from server (NotFound): seldondeployments.machinelearning.seldon.io "rest-tfserving" not found
Error from server (NotFound): seldondeployments.machinelearning.seldon.io "rest-tfserving" not found
Error from server (NotFound): seldondeployments.machinelearning.seldon.io "rest-tfserving" not found
Error from server (NotFound): seldondeployments.machinelearning.seldon.io "rest-tfserving" not found
Error from server (NotFound): seldondeployments.machinelearning.seldon.io "rest-tfserving" not found
Error from server (NotFound): seldondeployments.machinelearning.seldon.io "rest-tfserving" not found
Error from server (NotFound): seldondeployments.machinelearning.seldon.io "rest-tfserving" not found
Error from server (NotFound): seldondeployments.machinelearning.seldon.io "rest-tfserving" not found
Error from server (NotFound): seldondeployments.machinelearning.seldon.io "rest-tfserving" not found
Error from server (NotFound): seldondeployments.machinelearning.seldon.io "rest-tfserving" not found
Error from server (NotFound): seldondeployments.machinelearning.seldon.io "rest-tfserving" not found
Error from server (NotFound): seldondeployments.machinelearning.seldon.io "rest-tfserving" not found
Error from server (NotFound): seldondeployments.machinelearning.seldon.io "rest-tfserving" not found
Error from server (NotFound): seldondeployments.machinelearning.seldon.io "rest-tfserving" not found
Error from server (NotFound): seldondeployments.machinelearning.seldon.io "rest-tfserving" not found
[0;31m---------------------------------------------------------------------------[0m
[0;31mAssertionError[0m                            Traceback (most recent call last)
[0;32m/workspace/source/notebooks/protocol_examples.py[0m in [0;36m<module>[0;34m[0m
[1;32m    261[0m         [0;32mbreak[0m[0;34m[0m[0;34m[0m[0m
[1;32m    262[0m     [0mtime[0m[0;34m.[0m[0msleep[0m[0;34m([0m[0;36m1[0m[0;34m)[0m[0;34m[0m[0;34m[0m[0m
[0;32m--> 263[0;31m [0;32massert[0m[0;34m([0m[0mstate[0m[0;34m==[0m[0;34m"Available"[0m[0;34m)[0m[0;34m[0m[0;34m[0m[0m
[0m[1;32m    264[0m [0;34m[0m[0m
[1;32m    265[0m [0;34m[0m[0m

[0;31mAssertionError[0m: 
, stderr:Error from server (AlreadyExists): namespaces "seldon" already exists
/usr/local/lib/python3.6/site-packages/IPython/core/history.py:226: UserWarning: IPython History requires SQLite, your history will not be saved
  warn("IPython History requires SQLite, your history will not be saved")
The SeldonDeployment "rest-tfserving" is invalid: spec.predictors.componentSpecs.spec.containers.ports.protocol: Required value
error: error executing jsonpath "{.items[0].metadata.name}": Error executing template: array index out of bounds: index 0, length 0. Printing more information for debugging the template:
	template was:
		{.items[0].metadata.name}
	object given to jsonpath engine was:
		map[string]interface {}{"apiVersion":"v1", "items":[]interface {}{}, "kind":"List", "metadata":map[string]interface {}{"resourceVersion":"", "selfLink":""}}


error: arguments in resource/name form must have a single resource and name
------------------------------ Captured log call -------------------------------
ERROR    root:test_notebooks.py:24 failed notebook test protocol_examples stdout:Context "kind-kind" modified.
seldondeployment.machinelearning.seldon.io/rest-seldon created
Waiting for deployment "rest-seldon-model-0-classifier" rollout to finish: 0 of 1 updated replicas are available...
deployment "rest-seldon-model-0-classifier" successfully rolled out
Overwriting resources/model_seldon_rest.yaml
Available
seldondeployment.machinelearning.seldon.io "rest-seldon" deleted
seldondeployment.machinelearning.seldon.io/grpc-seldon created
Waiting for deployment "grpc-seldon-model-0-classifier" rollout to finish: 0 of 1 updated replicas are available...
deployment "grpc-seldon-model-0-classifier" successfully rolled out
{'data': {'names': ['proba'], 'ndarray': [[0.43782349911420193]]}, 'meta': {}}
Overwriting resources/model_seldon_grpc.yaml
Available
seldondeployment.machinelearning.seldon.io "grpc-seldon" deleted
{'meta': {}, 'data': {'names': ['proba'], 'ndarray': [[0.43782349911420193]]}}
Overwriting resources/model_tfserving_rest.yaml
Error from server (NotFound): seldondeployments.machinelearning.seldon.io "rest-tfserving" not found
Error from server (NotFound): seldondeployments.machinelearning.seldon.io "rest-tfserving" not found
Error from server (NotFound): seldondeployments.machinelearning.seldon.io "rest-tfserving" not found
Error from server (NotFound): seldondeployments.machinelearning.seldon.io "rest-tfserving" not found
Error from server (NotFound): seldondeployments.machinelearning.seldon.io "rest-tfserving" not found
Error from server (NotFound): seldondeployments.machinelearning.seldon.io "rest-tfserving" not found
Error from server (NotFound): seldondeployments.machinelearning.seldon.io "rest-tfserving" not found
Error from server (NotFound): seldondeployments.machinelearning.seldon.io "rest-tfserving" not found
Error from server (NotFound): seldondeployments.machinelearning.seldon.io "rest-tfserving" not found
Error from server (NotFound): seldondeployments.machinelearning.seldon.io "rest-tfserving" not found
Error from server (NotFound): seldondeployments.machinelearning.seldon.io "rest-tfserving" not found
Error from server (NotFound): seldondeployments.machinelearning.seldon.io "rest-tfserving" not found
Error from server (NotFound): seldondeployments.machinelearning.seldon.io "rest-tfserving" not found
Error from server (NotFound): seldondeployments.machinelearning.seldon.io "rest-tfserving" not found
Error from server (NotFound): seldondeployments.machinelearning.seldon.io "rest-tfserving" not found
Error from server (NotFound): seldondeployments.machinelearning.seldon.io "rest-tfserving" not found
Error from server (NotFound): seldondeployments.machinelearning.seldon.io "rest-tfserving" not found
Error from server (NotFound): seldondeployments.machinelearning.seldon.io "rest-tfserving" not found
Error from server (NotFound): seldondeployments.machinelearning.seldon.io "rest-tfserving" not found
Error from server (NotFound): seldondeployments.machinelearning.seldon.io "rest-tfserving" not found
Error from server (NotFound): seldondeployments.machinelearning.seldon.io "rest-tfserving" not found
Error from server (NotFound): seldondeployments.machinelearning.seldon.io "rest-tfserving" not found
Error from server (NotFound): seldondeployments.machinelearning.seldon.io "rest-tfserving" not found
Error from server (NotFound): seldondeployments.machinelearning.seldon.io "rest-tfserving" not found
Error from server (NotFound): seldondeployments.machinelearning.seldon.io "rest-tfserving" not found
Error from server (NotFound): seldondeployments.machinelearning.seldon.io "rest-tfserving" not found
Error from server (NotFound): seldondeployments.machinelearning.seldon.io "rest-tfserving" not found
Error from server (NotFound): seldondeployments.machinelearning.seldon.io "rest-tfserving" not found
Error from server (NotFound): seldondeployments.machinelearning.seldon.io "rest-tfserving" not found
Error from server (NotFound): seldondeployments.machinelearning.seldon.io "rest-tfserving" not found
Error from server (NotFound): seldondeployments.machinelearning.seldon.io "rest-tfserving" not found
Error from server (NotFound): seldondeployments.machinelearning.seldon.io "rest-tfserving" not found
Error from server (NotFound): seldondeployments.machinelearning.seldon.io "rest-tfserving" not found
Error from server (NotFound): seldondeployments.machinelearning.seldon.io "rest-tfserving" not found
Error from server (NotFound): seldondeployments.machinelearning.seldon.io "rest-tfserving" not found
Error from server (NotFound): seldondeployments.machinelearning.seldon.io "rest-tfserving" not found
Error from server (NotFound): seldondeployments.machinelearning.seldon.io "rest-tfserving" not found
Error from server (NotFound): seldondeployments.machinelearning.seldon.io "rest-tfserving" not found
Error from server (NotFound): seldondeployments.machinelearning.seldon.io "rest-tfserving" not found
Error from server (NotFound): seldondeployments.machinelearning.seldon.io "rest-tfserving" not found
Error from server (NotFound): seldondeployments.machinelearning.seldon.io "rest-tfserving" not found
Error from server (NotFound): seldondeployments.machinelearning.seldon.io "rest-tfserving" not found
Error from server (NotFound): seldondeployments.machinelearning.seldon.io "rest-tfserving" not found
Error from server (NotFound): seldondeployments.machinelearning.seldon.io "rest-tfserving" not found
Error from server (NotFound): seldondeployments.machinelearning.seldon.io "rest-tfserving" not found
Error from server (NotFound): seldondeployments.machinelearning.seldon.io "rest-tfserving" not found
Error from server (NotFound): seldondeployments.machinelearning.seldon.io "rest-tfserving" not found
Error from server (NotFound): seldondeployments.machinelearning.seldon.io "rest-tfserving" not found
Error from server (NotFound): seldondeployments.machinelearning.seldon.io "rest-tfserving" not found
Error from server (NotFound): seldondeployments.machinelearning.seldon.io "rest-tfserving" not found
Error from server (NotFound): seldondeployments.machinelearning.seldon.io "rest-tfserving" not found
Error from server (NotFound): seldondeployments.machinelearning.seldon.io "rest-tfserving" not found
Error from server (NotFound): seldondeployments.machinelearning.seldon.io "rest-tfserving" not found
Error from server (NotFound): seldondeployments.machinelearning.seldon.io "rest-tfserving" not found
Error from server (NotFound): seldondeployments.machinelearning.seldon.io "rest-tfserving" not found
Error from server (NotFound): seldondeployments.machinelearning.seldon.io "rest-tfserving" not found
Error from server (NotFound): seldondeployments.machinelearning.seldon.io "rest-tfserving" not found
Error from server (NotFound): seldondeployments.machinelearning.seldon.io "rest-tfserving" not found
Error from server (NotFound): seldondeployments.machinelearning.seldon.io "rest-tfserving" not found
Error from server (NotFound): seldondeployments.machinelearning.seldon.io "rest-tfserving" not found
[0;31m---------------------------------------------------------------------------[0m
[0;31mAssertionError[0m                            Traceback (most recent call last)
[0;32m/workspace/source/notebooks/protocol_examples.py[0m in [0;36m<module>[0;34m[0m
[1;32m    261[0m         [0;32mbreak[0m[0;34m[0m[0;34m[0m[0m
[1;32m    262[0m     [0mtime[0m[0;34m.[0m[0msleep[0m[0;34m([0m[0;36m1[0m[0;34m)[0m[0;34m[0m[0;34m[0m[0m
[0;32m--> 263[0;31m [0;32massert[0m[0;34m([0m[0mstate[0m[0;34m==[0m[0;34m"Available"[0m[0;34m)[0m[0;34m[0m[0;34m[0m[0m
[0m[1;32m    264[0m [0;34m[0m[0m
[1;32m    265[0m [0;34m[0m[0m

[0;31mAssertionError[0m: 
, stderr:Error from server (AlreadyExists): namespaces "seldon" already exists
/usr/local/lib/python3.6/site-packages/IPython/core/history.py:226: UserWarning: IPython History requires SQLite, your history will not be saved
  warn("IPython History requires SQLite, your history will not be saved")
The SeldonDeployment "rest-tfserving" is invalid: spec.predictors.componentSpecs.spec.containers.ports.protocol: Required value
error: error executing jsonpath "{.items[0].metadata.name}": Error executing template: array index out of bounds: index 0, length 0. Printing more information for debugging the template:
	template was:
		{.items[0].metadata.name}
	object given to jsonpath engine was:
		map[string]interface {}{"apiVersion":"v1", "items":[]interface {}{}, "kind":"List", "metadata":map[string]interface {}{"resourceVersion":"", "selfLink":""}}


error: arguments in resource/name form must have a single resource and name
______________________ TestNotebooks.test_custom_metrics _______________________

self = <test_notebooks.TestNotebooks object at 0x7f3af4e1bd68>

    def test_custom_metrics(self):
        try:
            create_and_run_script(
                "../../examples/models/custom_metrics", "customMetrics"
            )
        except CalledProcessError as e:
            run(
                f"helm delete seldon-core-analytics --namespace seldon-system",
                shell=True,
                check=False,
            )
>           raise e

test_notebooks.py:128: 
_ _ _ _ _ _ _ _ _ _ _ _ _ _ _ _ _ _ _ _ _ _ _ _ _ _ _ _ _ _ _ _ _ _ _ _ _ _ _ _ 
test_notebooks.py:120: in test_custom_metrics
    "../../examples/models/custom_metrics", "customMetrics"
test_notebooks.py:27: in create_and_run_script
    raise e
test_notebooks.py:20: in create_and_run_script
    encoding="utf-8",
_ _ _ _ _ _ _ _ _ _ _ _ _ _ _ _ _ _ _ _ _ _ _ _ _ _ _ _ _ _ _ _ _ _ _ _ _ _ _ _ 

input = None, timeout = None, check = True
popenargs = ('cd ../../examples/models/custom_metrics && ./customMetrics.py',)
kwargs = {'encoding': 'utf-8', 'shell': True, 'stderr': -1, 'stdout': -1}
process = <subprocess.Popen object at 0x7f3af4e1b908>
stdout = 'NAME: seldon-core-analytics\nLAST DEPLOYED: Tue Oct 13 18:11:21 2020\nNAMESPACE: seldon-system\nSTATUS: deployed\nREV...0m\x1b[0m\n\x1b[1;32m    174\x1b[0m \x1b[0;34m\x1b[0m\x1b[0m\n\n\x1b[0;31mIndexError\x1b[0m: list index out of range\n'
stderr = 'Error from server (AlreadyExists): namespaces "seldon" already exists\n/usr/local/lib/python3.6/site-packages/IPython...es SQLite, your history will not be saved\n  warn("IPython History requires SQLite, your history will not be saved")\n'
retcode = 1

    def run(*popenargs, input=None, timeout=None, check=False, **kwargs):
        """Run command with arguments and return a CompletedProcess instance.
    
        The returned instance will have attributes args, returncode, stdout and
        stderr. By default, stdout and stderr are not captured, and those attributes
        will be None. Pass stdout=PIPE and/or stderr=PIPE in order to capture them.
    
        If check is True and the exit code was non-zero, it raises a
        CalledProcessError. The CalledProcessError object will have the return code
        in the returncode attribute, and output & stderr attributes if those streams
        were captured.
    
        If timeout is given, and the process takes too long, a TimeoutExpired
        exception will be raised.
    
        There is an optional argument "input", allowing you to
        pass a string to the subprocess's stdin.  If you use this argument
        you may not also use the Popen constructor's "stdin" argument, as
        it will be used internally.
    
        The other arguments are the same as for the Popen constructor.
    
        If universal_newlines=True is passed, the "input" argument must be a
        string and stdout/stderr in the returned object will be strings rather than
        bytes.
        """
        if input is not None:
            if 'stdin' in kwargs:
                raise ValueError('stdin and input arguments may not both be used.')
            kwargs['stdin'] = PIPE
    
        with Popen(*popenargs, **kwargs) as process:
            try:
                stdout, stderr = process.communicate(input, timeout=timeout)
            except TimeoutExpired:
                process.kill()
                stdout, stderr = process.communicate()
                raise TimeoutExpired(process.args, timeout, output=stdout,
                                     stderr=stderr)
            except:
                process.kill()
                process.wait()
                raise
            retcode = process.poll()
            if check and retcode:
                raise CalledProcessError(retcode, process.args,
>                                        output=stdout, stderr=stderr)
E               subprocess.CalledProcessError: Command 'cd ../../examples/models/custom_metrics && ./customMetrics.py' returned non-zero exit status 1.

/usr/local/lib/python3.6/subprocess.py:438: CalledProcessError
------------------------------ Captured log call -------------------------------
ERROR    root:test_notebooks.py:24 failed notebook test customMetrics stdout:NAME: seldon-core-analytics
LAST DEPLOYED: Tue Oct 13 18:07:54 2020
NAMESPACE: seldon-system
STATUS: deployed
REVISION: 1
Context "kind-kind" modified.
[94mapiVersion[39;49;00m: machinelearning.seldon.io/v1
[94mkind[39;49;00m: SeldonDeployment
[94mmetadata[39;49;00m:
  [94mname[39;49;00m: seldon-model
[94mspec[39;49;00m:
  [94mname[39;49;00m: test-deployment
  [94mpredictors[39;49;00m:
  - [94mcomponentSpecs[39;49;00m:
    - [94mspec[39;49;00m:
        [94mcontainers[39;49;00m:
        - [94mimage[39;49;00m: seldonio/model-with-metrics_rest:0.1
          [94mname[39;49;00m: classifier
    [94mgraph[39;49;00m:
      [94mchildren[39;49;00m: []
      [94mendpoint[39;49;00m:
        [94mtype[39;49;00m: REST
      [94mname[39;49;00m: classifier
      [94mtype[39;49;00m: MODEL
    [94mname[39;49;00m: example
    [94mreplicas[39;49;00m: 1
seldondeployment.machinelearning.seldon.io/seldon-model created
Waiting for deployment "seldon-model-example-0-classifier" rollout to finish: 0 of 1 updated replicas are available...
deployment "seldon-model-example-0-classifier" successfully rolled out
{'data': {'names': ['t:0', 't:1', 't:2'], 'ndarray': [[1.0, 2.0, 5.0]]}, 'meta': {'metrics': [{'key': 'mycounter', 'type': 'COUNTER', 'value': 1}, {'key': 'mygauge', 'type': 'GAUGE', 'value': 100}, {'key': 'mytimer', 'type': 'TIMER', 'value': 20.2}]}}
Waiting so metrics can be scraped
Overwriting get-metrics.sh
seldondeployment.machinelearning.seldon.io "seldon-model" deleted
[94mapiVersion[39;49;00m: machinelearning.seldon.io/v1
[94mkind[39;49;00m: SeldonDeployment
[94mmetadata[39;49;00m:
  [94mname[39;49;00m: seldon-model
[94mspec[39;49;00m:
  [94mname[39;49;00m: test-deployment
  [94mpredictors[39;49;00m:
  - [94mcomponentSpecs[39;49;00m:
    - [94mspec[39;49;00m:
        [94mcontainers[39;49;00m:
        - [94mimage[39;49;00m: seldonio/model-with-metrics_grpc:0.1
          [94mname[39;49;00m: classifier
    [94mgraph[39;49;00m:
      [94mchildren[39;49;00m: []
      [94mendpoint[39;49;00m:
        [94mtype[39;49;00m: GRPC
      [94mname[39;49;00m: classifier
      [94mtype[39;49;00m: MODEL
    [94mname[39;49;00m: example
    [94mreplicas[39;49;00m: 1
seldondeployment.machinelearning.seldon.io/seldon-model created
Waiting for deployment "seldon-model-example-0-classifier" rollout to finish: 0 of 1 updated replicas are available...
deployment "seldon-model-example-0-classifier" successfully rolled out
{'status': 'success', 'data': {'resultType': 'vector', 'result': [{'metric': {'__name__': 'mycounter_total', 'app': 'seldon-model-example-0-classifier', 'app_kubernetes_io_managed_by': 'seldon-core', 'fluentd': 'true', 'image_name': 'seldonio/model-with-metrics_rest', 'image_version': '0.1', 'instance': '10.244.1.146:6000', 'job': 'kubernetes-pods', 'kubernetes_namespace': 'seldon', 'kubernetes_pod_name': 'seldon-model-example-0-classifier-76968597f8-4sg2g', 'model_name': 'classifier', 'pod_template_hash': '76968597f8', 'predictor_name': 'example', 'predictor_version': 'example', 'seldon_app': 'seldon-model-example', 'seldon_app_svc': 'seldon-model-example-classifier', 'seldon_deployment_id': 'seldon-model', 'seldon_deployment_name': 'seldon-model', 'seldon_io_default': 'true', 'seldon_io_model': 'true', 'version': 'example', 'worker_id': '1'}, 'value': [1602612621.12, '1']}]}}
{'meta': {'metrics': [{'key': 'mycounter', 'value': 1}, {'key': 'mygauge', 'type': 'GAUGE', 'value': 100}, {'key': 'mytimer', 'type': 'TIMER', 'value': 20.2}]}, 'data': {'names': ['t:0', 't:1', 't:2'], 'ndarray': [[1, 2, 5]]}}
Waiting so metrics can be scraped
{'status': 'success', 'data': {'resultType': 'vector', 'result': [{'metric': {'__name__': 'mycounter_total', 'app': 'seldon-model-example-0-classifier', 'app_kubernetes_io_managed_by': 'seldon-core', 'fluentd': 'true', 'image_name': 'seldonio/model-with-metrics_rest', 'image_version': '0.1', 'instance': '10.244.1.146:6000', 'job': 'kubernetes-pods', 'kubernetes_namespace': 'seldon', 'kubernetes_pod_name': 'seldon-model-example-0-classifier-76968597f8-4sg2g', 'model_name': 'classifier', 'pod_template_hash': '76968597f8', 'predictor_name': 'example', 'predictor_version': 'example', 'seldon_app': 'seldon-model-example', 'seldon_app_svc': 'seldon-model-example-classifier', 'seldon_deployment_id': 'seldon-model', 'seldon_deployment_name': 'seldon-model', 'seldon_io_default': 'true', 'seldon_io_model': 'true', 'version': 'example', 'worker_id': '1'}, 'value': [1602612676.877, '1']}, {'metric': {'__name__': 'mycounter_total', 'app': 'seldon-model-example-0-classifier', 'app_kubernetes_io_managed_by': 'seldon-core', 'fluentd': 'true', 'image_name': 'seldonio/model-with-metrics_grpc', 'image_version': '0.1', 'instance': '10.244.1.148:6000', 'job': 'kubernetes-pods', 'kubernetes_namespace': 'seldon', 'kubernetes_pod_name': 'seldon-model-example-0-classifier-cdc85868b-9blqq', 'model_name': 'classifier', 'pod_template_hash': 'cdc85868b', 'predictor_name': 'example', 'predictor_version': 'example', 'seldon_app': 'seldon-model-example', 'seldon_app_svc': 'seldon-model-example-classifier', 'seldon_deployment_id': 'seldon-model', 'seldon_deployment_name': 'seldon-model', 'seldon_io_default': 'true', 'seldon_io_model': 'true', 'version': 'example', 'worker_id': 'ThreadPoolExecutor-0_0'}, 'value': [1602612676.877, '1']}]}}
[0;31m---------------------------------------------------------------------------[0m
[0;31mAssertionError[0m                            Traceback (most recent call last)
[0;32m/workspace/source/examples/models/custom_metrics/customMetrics.py[0m in [0;36m<module>[0;34m[0m
[1;32m    272[0m [0mprint[0m[0;34m([0m[0mresponse[0m[0;34m)[0m[0;34m[0m[0;34m[0m[0m
[1;32m    273[0m [0;32massert[0m[0;34m([0m[0mresponse[0m[0;34m[[0m[0;34m'data'[0m[0;34m][0m[0;34m[[0m[0;34m"result"[0m[0;34m][0m[0;34m[[0m[0;36m0[0m[0;34m][0m[0;34m[[0m[0;34m"metric"[0m[0;34m][0m[0;34m[[0m[0;34m"__name__"[0m[0;34m][0m[0;34m==[0m[0;34m'mycounter_total'[0m[0;34m)[0m[0;34m[0m[0;34m[0m[0m
[0;32m--> 274[0;31m [0;32massert[0m[0;34m([0m[0mresponse[0m[0;34m[[0m[0;34m'data'[0m[0;34m][0m[0;34m[[0m[0;34m"result"[0m[0;34m][0m[0;34m[[0m[0;36m0[0m[0;34m][0m[0;34m[[0m[0;34m"metric"[0m[0;34m][0m[0;34m[[0m[0;34m"image_name"[0m[0;34m][0m[0;34m==[0m[0;34m'seldonio/model-with-metrics_grpc'[0m[0;34m)[0m[0;34m[0m[0;34m[0m[0m
[0m[1;32m    275[0m [0;34m[0m[0m
[1;32m    276[0m [0;34m[0m[0m

[0;31mAssertionError[0m: 
, stderr:Error from server (AlreadyExists): namespaces "seldon" already exists
/usr/local/lib/python3.6/site-packages/IPython/core/history.py:226: UserWarning: IPython History requires SQLite, your history will not be saved
  warn("IPython History requires SQLite, your history will not be saved")
------------------------------ Captured log call -------------------------------
ERROR    root:test_notebooks.py:24 failed notebook test customMetrics stdout:NAME: seldon-core-analytics
LAST DEPLOYED: Tue Oct 13 18:11:21 2020
NAMESPACE: seldon-system
STATUS: deployed
REVISION: 1
Context "kind-kind" modified.
[94mapiVersion[39;49;00m: machinelearning.seldon.io/v1
[94mkind[39;49;00m: SeldonDeployment
[94mmetadata[39;49;00m:
  [94mname[39;49;00m: seldon-model
[94mspec[39;49;00m:
  [94mname[39;49;00m: test-deployment
  [94mpredictors[39;49;00m:
  - [94mcomponentSpecs[39;49;00m:
    - [94mspec[39;49;00m:
        [94mcontainers[39;49;00m:
        - [94mimage[39;49;00m: seldonio/model-with-metrics_rest:0.1
          [94mname[39;49;00m: classifier
    [94mgraph[39;49;00m:
      [94mchildren[39;49;00m: []
      [94mendpoint[39;49;00m:
        [94mtype[39;49;00m: REST
      [94mname[39;49;00m: classifier
      [94mtype[39;49;00m: MODEL
    [94mname[39;49;00m: example
    [94mreplicas[39;49;00m: 1
seldondeployment.machinelearning.seldon.io/seldon-model created
Waiting for deployment "seldon-model-example-0-classifier" rollout to finish: 0 of 1 updated replicas are available...
deployment "seldon-model-example-0-classifier" successfully rolled out
{'data': {'names': ['t:0', 't:1', 't:2'], 'ndarray': [[1.0, 2.0, 5.0]]}, 'meta': {'metrics': [{'key': 'mycounter', 'type': 'COUNTER', 'value': 1}, {'key': 'mygauge', 'type': 'GAUGE', 'value': 100}, {'key': 'mytimer', 'type': 'TIMER', 'value': 20.2}]}}
Waiting so metrics can be scraped
Overwriting get-metrics.sh
{'status': 'success', 'data': {'resultType': 'vector', 'result': []}}
[0;31m---------------------------------------------------------------------------[0m
[0;31mIndexError[0m                                Traceback (most recent call last)
[0;32m/workspace/source/examples/models/custom_metrics/customMetrics.py[0m in [0;36m<module>[0;34m[0m
[1;32m    170[0m [0mresponse[0m[0;34m=[0m[0mjson[0m[0;34m.[0m[0mloads[0m[0;34m([0m[0mresponseRaw[0m[0;34m[[0m[0;36m0[0m[0;34m][0m[0;34m)[0m[0;34m[0m[0;34m[0m[0m
[1;32m    171[0m [0mprint[0m[0;34m([0m[0mresponse[0m[0;34m)[0m[0;34m[0m[0;34m[0m[0m
[0;32m--> 172[0;31m [0;32massert[0m[0;34m([0m[0mresponse[0m[0;34m[[0m[0;34m'data'[0m[0;34m][0m[0;34m[[0m[0;34m"result"[0m[0;34m][0m[0;34m[[0m[0;36m0[0m[0;34m][0m[0;34m[[0m[0;34m"metric"[0m[0;34m][0m[0;34m[[0m[0;34m"__name__"[0m[0;34m][0m[0;34m==[0m[0;34m'mycounter_total'[0m[0;34m)[0m[0;34m[0m[0;34m[0m[0m
[0m[1;32m    173[0m [0;34m[0m[0m
[1;32m    174[0m [0;34m[0m[0m

[0;31mIndexError[0m: list index out of range
, stderr:Error from server (AlreadyExists): namespaces "seldon" already exists
/usr/local/lib/python3.6/site-packages/IPython/core/history.py:226: UserWarning: IPython History requires SQLite, your history will not be saved
  warn("IPython History requires SQLite, your history will not be saved")
===Flaky Test Report===

test_helm_examples passed 1 out of the required 1 times. Success!
test_explainer_examples failed (1 runs remaining out of 2).
	<class 'subprocess.CalledProcessError'>
	Command 'cd ../../notebooks && ./explainer_examples.py' returned non-zero exit status 1.
	[<TracebackEntry /workspace/source/testing/scripts/test_notebooks.py:42>, <TracebackEntry /workspace/source/testing/scripts/test_notebooks.py:27>, <TracebackEntry /workspace/source/testing/scripts/test_notebooks.py:20>, <TracebackEntry /usr/local/lib/python3.6/subprocess.py:438>]
test_explainer_examples failed; it passed 0 out of the required 1 times.
	<class 'subprocess.CalledProcessError'>
	Command 'cd ../../notebooks && ./explainer_examples.py' returned non-zero exit status 1.
	[<TracebackEntry /workspace/source/testing/scripts/test_notebooks.py:42>, <TracebackEntry /workspace/source/testing/scripts/test_notebooks.py:27>, <TracebackEntry /workspace/source/testing/scripts/test_notebooks.py:20>, <TracebackEntry /usr/local/lib/python3.6/subprocess.py:438>]
test_istio_examples passed 1 out of the required 1 times. Success!
test_max_grpc_msg_size passed 1 out of the required 1 times. Success!
test_multiple_operators passed 1 out of the required 1 times. Success!
test_protocol_examples failed (1 runs remaining out of 2).
	<class 'subprocess.CalledProcessError'>
	Command 'cd ../../notebooks && ./protocol_examples.py' returned non-zero exit status 1.
	[<TracebackEntry /workspace/source/testing/scripts/test_notebooks.py:54>, <TracebackEntry /workspace/source/testing/scripts/test_notebooks.py:27>, <TracebackEntry /workspace/source/testing/scripts/test_notebooks.py:20>, <TracebackEntry /usr/local/lib/python3.6/subprocess.py:438>]
test_protocol_examples failed; it passed 0 out of the required 1 times.
	<class 'subprocess.CalledProcessError'>
	Command 'cd ../../notebooks && ./protocol_examples.py' returned non-zero exit status 1.
	[<TracebackEntry /workspace/source/testing/scripts/test_notebooks.py:54>, <TracebackEntry /workspace/source/testing/scripts/test_notebooks.py:27>, <TracebackEntry /workspace/source/testing/scripts/test_notebooks.py:20>, <TracebackEntry /usr/local/lib/python3.6/subprocess.py:438>]
test_server_examples passed 1 out of the required 1 times. Success!
test_rolling_updates passed 1 out of the required 1 times. Success!
test_ambassador_canary passed 1 out of the required 1 times. Success!
test_ambassador_headers passed 1 out of the required 1 times. Success!
test_ambassador_shadow passed 1 out of the required 1 times. Success!
test_ambassador_custom passed 1 out of the required 1 times. Success!
test_istio_canary passed 1 out of the required 1 times. Success!
test_tracing passed 1 out of the required 1 times. Success!
test_metrics passed 1 out of the required 1 times. Success!
test_metadata passed 1 out of the required 1 times. Success!
test_graph_metadata passed 1 out of the required 1 times. Success!
test_grpc_metadata passed 1 out of the required 1 times. Success!
test_payload_logging passed 1 out of the required 1 times. Success!
test_custom_metrics failed (1 runs remaining out of 2).
	<class 'subprocess.CalledProcessError'>
	Command 'cd ../../examples/models/custom_metrics && ./customMetrics.py' returned non-zero exit status 1.
	[<TracebackEntry /workspace/source/testing/scripts/test_notebooks.py:128>, <TracebackEntry /workspace/source/testing/scripts/test_notebooks.py:120>, <TracebackEntry /workspace/source/testing/scripts/test_notebooks.py:27>, <TracebackEntry /workspace/source/testing/scripts/test_notebooks.py:20>, <TracebackEntry /usr/local/lib/python3.6/subprocess.py:438>]
test_custom_metrics failed; it passed 0 out of the required 1 times.
	<class 'subprocess.CalledProcessError'>
	Command 'cd ../../examples/models/custom_metrics && ./customMetrics.py' returned non-zero exit status 1.
	[<TracebackEntry /workspace/source/testing/scripts/test_notebooks.py:128>, <TracebackEntry /workspace/source/testing/scripts/test_notebooks.py:120>, <TracebackEntry /workspace/source/testing/scripts/test_notebooks.py:27>, <TracebackEntry /workspace/source/testing/scripts/test_notebooks.py:20>, <TracebackEntry /usr/local/lib/python3.6/subprocess.py:438>]
test_autoscaling passed 1 out of the required 1 times. Success!
test_scaling passed 1 out of the required 1 times. Success!
test_jsondata passed 1 out of the required 1 times. Success!
test_sklearn_iris passed 1 out of the required 1 times. Success!
test_custom_metrics_server passed 1 out of the required 1 times. Success!
test_upgrade passed 1 out of the required 1 times. Success!
test_disruption_budgets passed 1 out of the required 1 times. Success!

===End Flaky Test Report===
================== 3 failed, 24 passed in 6663.86s (1:51:03) ===================
make: *** [Makefile:149: test_notebooks] Error 1
Test returned errors
kind delete cluster
Deleting cluster "kind" ...
Stopping Docker: dockerProgram process in pidfile '/var/run/docker-ssd.pid', 1 process(es), refused to die.
[31m
Pipeline failed on stage 'end-to-end' : container 'step-test-end-to-end'. The execution of the pipeline has stopped.[0m
