
Showing logs for build [32mseldonio-seldon-core-pr-2515-no-n2lsw-21[0m stage [32mpr-build-comment[0m and container [32mstep-credential-initializer-pzlw4[0m
{"level":"info","ts":1602689912.7389176,"logger":"fallback-logger","caller":"logging/config.go:69","msg":"Fetch GitHub commit ID from kodata failed: open /var/run/ko/refs/heads/0.8.0-ns-support: no such file or directory"}
{"level":"info","ts":1602689912.7414944,"logger":"fallback-logger","caller":"creds-init/main.go:40","msg":"Credentials initialized."}

Showing logs for build [32mseldonio-seldon-core-pr-2515-no-n2lsw-21[0m stage [32mpr-build-comment[0m and container [32mstep-working-dir-initializer-8kn4x[0m
{"level":"info","ts":1602689916.02327,"logger":"fallback-logger","caller":"logging/config.go:69","msg":"Fetch GitHub commit ID from kodata failed: open /var/run/ko/HEAD: no such file or directory"}
{"level":"info","ts":1602689916.1279573,"logger":"fallback-logger","caller":"bash/main.go:64","msg":"Successfully executed command \"sh -c mkdir -p /workspace/source\"; output "}

Showing logs for build [32mseldonio-seldon-core-pr-2515-no-n2lsw-21[0m stage [32mpr-build-comment[0m and container [32mstep-place-tools[0m

Showing logs for build [32mseldonio-seldon-core-pr-2515-no-n2lsw-21[0m stage [32mpr-build-comment[0m and container [32mstep-create-dir-workspace-lskc6[0m
{"level":"info","ts":1602689936.7906246,"logger":"fallback-logger","caller":"logging/config.go:69","msg":"Fetch GitHub commit ID from kodata failed: open /var/run/ko/HEAD: no such file or directory"}
{"level":"info","ts":1602689936.795302,"logger":"fallback-logger","caller":"bash/main.go:64","msg":"Successfully executed command \"sh -c mkdir -p source\"; output "}

Showing logs for build [32mseldonio-seldon-core-pr-2515-no-n2lsw-21[0m stage [32mpr-build-comment[0m and container [32mstep-git-source-seldonio-seldon-core-pr-2515-no-n2lsw-6b297[0m
{"level":"info","ts":1602689938.664689,"logger":"fallback-logger","caller":"logging/config.go:69","msg":"Fetch GitHub commit ID from kodata failed: open /var/run/ko/refs/heads/0.8.0-ns-support: no such file or directory"}
{"level":"info","ts":1602689945.236171,"logger":"fallback-logger","caller":"git/git.go:103","msg":"Successfully cloned https://github.com/SeldonIO/seldon-core.git @ master in path /workspace/source"}

Showing logs for build [32mseldonio-seldon-core-pr-2515-no-n2lsw-21[0m stage [32mpr-build-comment[0m and container [32mstep-setup-builder-home[0m

Showing logs for build [32mseldonio-seldon-core-pr-2515-no-n2lsw-21[0m stage [32mpr-build-comment[0m and container [32mstep-git-merge[0m
Using SHAs from PULL_REFS=master:e70d7edeb61c30e084d1ec2a0fc95748d12a80f4,2515:7814d94bbe0602fc09d64a5947e14e30b8c4b50d
DEBUG: LC_ALL=C JX_LOG_LEVEL=error git fetch origin --unshallow 7814d94bbe0602fc09d64a5947e14e30b8c4b50d: e70d7edeb61c30e084d1ec2a0fc95748d12a80f4:
DEBUG: ran git fetch --unshallow origin 7814d94bbe0602fc09d64a5947e14e30b8c4b50d: e70d7edeb61c30e084d1ec2a0fc95748d12a80f4: in 
DEBUG: LC_ALL=C JX_LOG_LEVEL=error git branch
DEBUG: LC_ALL=C JX_LOG_LEVEL=error git checkout master
DEBUG: ran git checkout master in 
DEBUG: LC_ALL=C JX_LOG_LEVEL=error git reset --hard e70d7edeb61c30e084d1ec2a0fc95748d12a80f4
DEBUG: ran git reset --hard e70d7edeb61c30e084d1ec2a0fc95748d12a80f4 in 
DEBUG: LC_ALL=C JX_LOG_LEVEL=error git clean -fd .
DEBUG: ran clean --force -d . in 
DEBUG: LC_ALL=C JX_LOG_LEVEL=error git merge 7814d94bbe0602fc09d64a5947e14e30b8c4b50d
DEBUG: ran git merge 7814d94bbe0602fc09d64a5947e14e30b8c4b50d in 
DEBUG: LC_ALL=C JX_LOG_LEVEL=error git log --format=%H%x1f%an%x1f%ae%x1f%cn%x1f%ce%x1f%s%n%b%x1e e70d7edeb61c30e084d1ec2a0fc95748d12a80f4..HEAD
Merged SHA 7814d94bbe0602fc09d64a5947e14e30b8c4b50d with commit message 'feat(pdb): Add support for managing PDBs' into base branch master

Showing logs for build [32mseldonio-seldon-core-pr-2515-no-n2lsw-21[0m stage [32mpr-build-comment[0m and container [32mstep-step2[0m
+++ dirname ./add-pr-build-comment
++ cd .
++ pwd
+ STARTUP_DIR=/workspace/source/ci
+ REPO_OWNER=SeldonIO
+ REPO_NAME=seldon-core
+ PULL_NUMBER=2515
+ BUILD_NUMBER=21
+ PIPELINE_CONTEXT=notebooks
++ cat
+++ date
+ COMMENT_MSG='Wed Oct 14 15:39:27 UTC 2020
The logs for [notebooks] [21] will show after the pipeline context has finished.  
https://github.com/SeldonIO/seldon-core/blob/gh-pages/jenkins-x/logs/SeldonIO/seldon-core/PR-2515/21.log

impatient try  
** get build logs SeldonIO/seldon-core/PR-2515 --build=21'
+ ** step pr comment --owner=SeldonIO --repository=seldon-core --pull-request=2515 '--comment=Wed Oct 14 15:39:27 UTC 2020
The logs for [notebooks] [21] will show after the pipeline context has finished.  
https://github.com/SeldonIO/seldon-core/blob/gh-pages/jenkins-x/logs/SeldonIO/seldon-core/PR-2515/21.log

impatient try  
** get build logs SeldonIO/seldon-core/PR-2515 --build=21'

Showing logs for build [32mseldonio-seldon-core-pr-2515-no-n2lsw-21[0m stage [32mpr-build-comment[0m and container [32mstep-source-mkdir-seldonio-seldon-core-pr-2515-no-n2lsw-qts4x[0m
{"level":"info","ts":1602689976.4771502,"logger":"fallback-logger","caller":"logging/config.go:69","msg":"Fetch GitHub commit ID from kodata failed: open /var/run/ko/HEAD: no such file or directory"}
{"level":"info","ts":1602689976.4835098,"logger":"fallback-logger","caller":"bash/main.go:64","msg":"Successfully executed command \"sh -c mkdir -p /pvc/pr-build-comment/workspace\"; output "}

Showing logs for build [32mseldonio-seldon-core-pr-2515-no-n2lsw-21[0m stage [32mpr-build-comment[0m and container [32mstep-source-copy-seldonio-seldon-core-pr-2515-no-n2lsw-4qwtq[0m
{"level":"info","ts":1602689977.096715,"logger":"fallback-logger","caller":"logging/config.go:69","msg":"Fetch GitHub commit ID from kodata failed: open /var/run/ko/HEAD: no such file or directory"}
{"level":"info","ts":1602689977.673974,"logger":"fallback-logger","caller":"bash/main.go:64","msg":"Successfully executed command \"sh -c cp -r source/. /pvc/pr-build-comment/workspace\"; output "}

Showing logs for build [32mseldonio-seldon-core-pr-2515-no-n2lsw-21[0m stage [32mend-to-end[0m and container [32mstep-credential-initializer-gsp9w[0m
{"level":"info","ts":1602689981.6515923,"logger":"fallback-logger","caller":"logging/config.go:69","msg":"Fetch GitHub commit ID from kodata failed: open /var/run/ko/refs/heads/0.8.0-ns-support: no such file or directory"}
{"level":"info","ts":1602689981.6520107,"logger":"fallback-logger","caller":"creds-init/main.go:40","msg":"Credentials initialized."}

Showing logs for build [32mseldonio-seldon-core-pr-2515-no-n2lsw-21[0m stage [32mend-to-end[0m and container [32mstep-working-dir-initializer-mphtf[0m
{"level":"info","ts":1602689983.163046,"logger":"fallback-logger","caller":"logging/config.go:69","msg":"Fetch GitHub commit ID from kodata failed: open /var/run/ko/HEAD: no such file or directory"}
{"level":"info","ts":1602689983.1650722,"logger":"fallback-logger","caller":"bash/main.go:64","msg":"Successfully executed command \"sh -c mkdir -p /workspace/source\"; output "}

Showing logs for build [32mseldonio-seldon-core-pr-2515-no-n2lsw-21[0m stage [32mend-to-end[0m and container [32mstep-place-tools[0m

Showing logs for build [32mseldonio-seldon-core-pr-2515-no-n2lsw-21[0m stage [32mend-to-end[0m and container [32mstep-create-dir-workspace-vwsb2[0m
{"level":"info","ts":1602689993.975386,"logger":"fallback-logger","caller":"logging/config.go:69","msg":"Fetch GitHub commit ID from kodata failed: open /var/run/ko/HEAD: no such file or directory"}
{"level":"info","ts":1602689993.9783385,"logger":"fallback-logger","caller":"bash/main.go:64","msg":"Successfully executed command \"sh -c mkdir -p /workspace/source\"; output "}

Showing logs for build [32mseldonio-seldon-core-pr-2515-no-n2lsw-21[0m stage [32mend-to-end[0m and container [32mstep-source-copy-workspace-z7rpx[0m
{"level":"info","ts":1602689994.5785234,"logger":"fallback-logger","caller":"logging/config.go:69","msg":"Fetch GitHub commit ID from kodata failed: open /var/run/ko/HEAD: no such file or directory"}
{"level":"info","ts":1602689995.210656,"logger":"fallback-logger","caller":"bash/main.go:64","msg":"Successfully executed command \"sh -c cp -r /pvc/pr-build-comment/workspace/. /workspace/source\"; output "}

Showing logs for build [32mseldonio-seldon-core-pr-2515-no-n2lsw-21[0m stage [32mend-to-end[0m and container [32mstep-setup-builder-home[0m

Showing logs for build [32mseldonio-seldon-core-pr-2515-no-n2lsw-21[0m stage [32mend-to-end[0m and container [32mstep-test-end-to-end[0m
Test run type is: [notebooks]
Starting Docker: docker.
[SETUP] Waiting for Docker to be ready, sleeping for 1 seconds ...
kind create cluster --config ../resources/kind_config.yaml
Creating cluster "kind" ...
 â€¢ Ensuring node image (kindest/node:v1.16.3) ðŸ–¼  ...
 âœ“ Ensuring node image (kindest/node:v1.16.3) ðŸ–¼
 â€¢ Preparing nodes ðŸ“¦  ...
 âœ“ Preparing nodes ðŸ“¦
 â€¢ Writing configuration ðŸ“œ  ...
 âœ“ Writing configuration ðŸ“œ
 â€¢ Starting control-plane ðŸ•¹ï¸  ...
 âœ“ Starting control-plane ðŸ•¹ï¸
 â€¢ Installing CNI ðŸ”Œ  ...
 âœ“ Installing CNI ðŸ”Œ
 â€¢ Installing StorageClass ðŸ’¾  ...
 âœ“ Installing StorageClass ðŸ’¾
 â€¢ Joining worker nodes ðŸšœ  ...
 âœ“ Joining worker nodes ðŸšœ
Set kubectl context to "kind-kind"
You can now use your cluster with:

kubectl cluster-info --context kind-kind

Have a question, bug, or feature request? Let us know! https://kind.sigs.k8s.io/#community ðŸ™‚
`kind get kubeconfig-path` is deprecated!

KIND will export and merge kubeconfig like kops, minikube, etc.
This command is now unnecessary and will be removed in a future release.

For more info see: https://github.com/kubernetes-sigs/kind/issues/1060
See also the output of `kind create cluster`

Files changed in python folder:
SKIPPING PYTHON IMAGE BUILD...
Files changed in operator folder:
operator/apis/machinelearning.seldon.io/v1/seldondeployment_types.go
operator/apis/machinelearning.seldon.io/v1/zz_generated.deepcopy.go
operator/config/crd/bases/machinelearning.seldon.io_seldondeployments.yaml
operator/config/crd_v1/bases/machinelearning.seldon.io_seldondeployments.yaml
operator/config/rbac/role.yaml
operator/constants/constants.go
operator/controllers/seldondeployment_controller.go
operator/controllers/seldondeployment_controller_test.go
operator/testing/machinelearning.seldon.io_seldondeployments.yaml
cd ../../operator && make kind-image-install
make[1]: Entering directory '/workspace/source/operator'
go: creating new go.mod: module tmp
go: downloading sigs.k8s.io/controller-tools v0.2.5
go: found sigs.k8s.io/controller-tools/cmd/controller-gen in sigs.k8s.io/controller-tools v0.2.5
go: downloading k8s.io/apimachinery v0.17.0
go: downloading k8s.io/apiextensions-apiserver v0.17.0
go: downloading golang.org/x/tools v0.0.0-20190920225731-5eefd052ad72
go: downloading github.com/gobuffalo/flect v0.2.0
go: downloading sigs.k8s.io/yaml v1.1.0
go: downloading github.com/spf13/cobra v0.0.5
go: downloading k8s.io/api v0.17.0
go: downloading github.com/fatih/color v1.7.0
go: downloading github.com/spf13/pflag v1.0.5
go: downloading github.com/gogo/protobuf v1.2.2-0.20190723190241-65acae22fc9d
go: downloading github.com/inconshreveable/mousetrap v1.0.0
go: downloading github.com/mattn/go-isatty v0.0.8
go: downloading github.com/mattn/go-colorable v0.1.2
go: downloading golang.org/x/sys v0.0.0-20190826190057-c7b8b68b1456
go: downloading gopkg.in/yaml.v2 v2.2.4
go: downloading k8s.io/utils v0.0.0-20191114184206-e782cd3c129f
go: downloading github.com/google/gofuzz v1.0.0
go: downloading k8s.io/klog v1.0.0
go: downloading gopkg.in/yaml.v3 v3.0.0-20190905181640-827449938966
go: downloading golang.org/x/net v0.0.0-20191004110552-13f9640d40b9
go: downloading gopkg.in/inf.v0 v0.9.1
go: downloading golang.org/x/text v0.3.2
/builder/home/go/bin/controller-gen object:headerFile=./hack/boilerplate.go.txt paths="./..."
go fmt ./...
go vet ./...
go: downloading github.com/onsi/ginkgo v1.14.0
go: downloading github.com/onsi/gomega v1.10.1
go: downloading golang.org/x/xerrors v0.0.0-20191204190536-9bdfabe68543
go: downloading github.com/nxadm/tail v1.4.4
go: downloading gopkg.in/tomb.v1 v1.0.0-20141024135613-dd632973f1e7
/builder/home/go/bin/controller-gen "crd:trivialVersions=true" rbac:roleName=manager-role webhook paths="./..." output:crd:artifacts:config=config/crd/bases
rm -rf generated
mkdir generated
kustomize build config/default/ -o generated
cp generated/apiextensions.k8s.io_v1beta1_customresourcedefinition_seldondeployments.machinelearning.seldon.io.yaml testing/machinelearning.seldon.io_seldondeployments.yaml
ginkgo -r -outputdir=. -cover -coverprofile=cover.out ./controllers ./utils ./apis
[1602690191] [1mController Suite[0m - 66/66 specs test k8s client
&{Reader:0xc000c4a8e0 Writer:0xc00060f6e0 StatusClient:0xc00060f6e0}
[32mâ€¢[0m[32mâ€¢[0m[32mâ€¢[0m[32mâ€¢[0m[32mâ€¢[0m[32mâ€¢[0m[32mâ€¢[0m[32mâ€¢[0m[32mâ€¢[0m[32mâ€¢[0m[32mâ€¢[0m[32mâ€¢[0m[32mâ€¢[0m[32mâ€¢[0m[32mâ€¢[0m[32mâ€¢[0m[32mâ€¢[0m[32mâ€¢[0m[32mâ€¢[0m[32mâ€¢[0m[32mâ€¢[0m[32mâ€¢[0m[32mâ€¢[0m[32mâ€¢[0m[32mâ€¢[0m[32mâ€¢[0m[32mâ€¢[0m[32mâ€¢[0m[32mâ€¢[0m[32mâ€¢[0m[32mâ€¢[0m[32mâ€¢[0m[32mâ€¢[0m[32mâ€¢[0m[32mâ€¢[0m[32mâ€¢[0m[32mâ€¢[0m[32mâ€¢[0m[32mâ€¢[0m[32mâ€¢[0m[32mâ€¢[0m[32mâ€¢[0m[32mâ€¢[0m[32mâ€¢[0m[32mâ€¢[0m[32mâ€¢[0m[32mâ€¢[0m[32mâ€¢[0m[32mâ€¢[0m[32mâ€¢[0m[32mâ€¢[0m[32mâ€¢[0m[32mâ€¢[0m[32mâ€¢[0m[32mâ€¢[0m[32mâ€¢[0m[32mâ€¢[0m[32mâ€¢[0m[32mâ€¢[0m[32mâ€¢[0m[32mâ€¢[0m[32mâ€¢[0m[32mâ€¢[0m[32mâ€¢[0m[32mâ€¢[0m[32mâ€¢[0mE1014 15:44:14.305431   26439 reflector.go:383] pkg/mod/k8s.io/client-go@v0.18.8/tools/cache/reflector.go:125: Failed to watch *v2beta1.HorizontalPodAutoscaler: Get "http://127.0.0.1:32941/apis/autoscaling/v2beta1/horizontalpodautoscalers?allowWatchBookmarks=true&resourceVersion=311&timeoutSeconds=384&watch=true": dial tcp 127.0.0.1:32941: connect: connection refused
E1014 15:44:14.306127   26439 reflector.go:383] pkg/mod/k8s.io/client-go@v0.18.8/tools/cache/reflector.go:125: Failed to watch *v1.Deployment: Get "http://127.0.0.1:32941/apis/apps/v1/deployments?allowWatchBookmarks=true&resourceVersion=401&timeoutSeconds=360&watch=true": dial tcp 127.0.0.1:32941: connect: connection refused
E1014 15:44:14.306129   26439 reflector.go:383] pkg/mod/k8s.io/client-go@v0.18.8/tools/cache/reflector.go:125: Failed to watch *v1.ConfigMap: Get "http://127.0.0.1:32941/api/v1/configmaps?allowWatchBookmarks=true&resourceVersion=118&timeoutSeconds=503&watch=true": dial tcp 127.0.0.1:32941: connect: connection refused
E1014 15:44:14.306151   26439 reflector.go:383] pkg/mod/k8s.io/client-go@v0.18.8/tools/cache/reflector.go:125: Failed to watch *v1.Service: Get "http://127.0.0.1:32941/api/v1/services?allowWatchBookmarks=true&resourceVersion=397&timeoutSeconds=365&watch=true": dial tcp 127.0.0.1:32941: connect: connection refused
E1014 15:44:14.306156   26439 reflector.go:383] pkg/mod/k8s.io/client-go@v0.18.8/tools/cache/reflector.go:125: Failed to watch *v1beta1.PodDisruptionBudget: Get "http://127.0.0.1:32941/apis/policy/v1beta1/poddisruptionbudgets?allowWatchBookmarks=true&resourceVersion=399&timeoutSeconds=387&watch=true": dial tcp 127.0.0.1:32941: connect: connection refused
E1014 15:44:14.306131   26439 reflector.go:383] pkg/mod/k8s.io/client-go@v0.18.8/tools/cache/reflector.go:125: Failed to watch *v1.SeldonDeployment: Get "http://127.0.0.1:32941/apis/machinelearning.seldon.io/v1/seldondeployments?allowWatchBookmarks=true&resourceVersion=406&timeoutSeconds=408&watch=true": dial tcp 127.0.0.1:32941: connect: connection refused
E1014 15:44:14.306186   26439 reflector.go:383] pkg/mod/k8s.io/client-go@v0.18.8/tools/cache/reflector.go:125: Failed to watch *v1alpha3.VirtualService: Get "http://127.0.0.1:32941/apis/networking.istio.io/v1alpha3/virtualservices?allowWatchBookmarks=true&resourceVersion=118&timeoutSeconds=471&watch=true": dial tcp 127.0.0.1:32941: connect: connection refused
E1014 15:44:14.306207   26439 reflector.go:383] pkg/mod/k8s.io/client-go@v0.18.8/tools/cache/reflector.go:125: Failed to watch *v1.Namespace: Get "http://127.0.0.1:32941/api/v1/namespaces?allowWatchBookmarks=true&resourceVersion=391&timeoutSeconds=558&watch=true": dial tcp 127.0.0.1:32941: connect: connection refused

 [32mSUCCESS![0m 32.49980387s PASS
coverage: 64.4% of statements
=== RUN   TestGcsSecret
--- PASS: TestGcsSecret (0.00s)
PASS
coverage: 100.0% of statements
=== RUN   TestS3Secret
--- PASS: TestS3Secret (0.00s)
PASS
coverage: 94.6% of statements
=== RUN   TestGetEnvAsBool
--- PASS: TestGetEnvAsBool (0.00s)
=== RUN   TestAddEnvVarToDeploymentContainers
--- PASS: TestAddEnvVarToDeploymentContainers (0.00s)
=== RUN   TestMountSecretToDeploymentContainers
--- PASS: TestMountSecretToDeploymentContainers (0.00s)
PASS
coverage: 30.0% of statements
=== RUN   TestGenerateCerts
--- PASS: TestGenerateCerts (2.97s)
=== RUN   TestConfigmapCreate
--- PASS: TestConfigmapCreate (0.03s)
=== RUN   TestCRDCreate
--- PASS: TestCRDCreate (0.07s)
=== RUN   TestMutatingWebhookCreate
--- PASS: TestMutatingWebhookCreate (1.28s)
=== RUN   TestMutatingWebhookCreateNamespaced
--- PASS: TestMutatingWebhookCreateNamespaced (3.02s)
=== RUN   TestValidatingWebhookCreate
--- PASS: TestValidatingWebhookCreate (0.85s)
=== RUN   TestValidatingWebhookCreateNamespaced
--- PASS: TestValidatingWebhookCreateNamespaced (2.07s)
=== RUN   TestWebHookSvcCreate
--- PASS: TestWebHookSvcCreate (3.22s)
PASS
coverage: 52.1% of statements
=== RUN   TestImageSetNormal
    prepack_test.go:50: Scenario: GRPC image with version
    prepack_test.go:50: Scenario: GRPC image with no version
    prepack_test.go:50: Scenario: REST image with version
    prepack_test.go:50: Scenario: REST image with no version
--- PASS: TestImageSetNormal (0.01s)
=== RUN   TestGetPredictorConfig
    prepack_test.go:81: Scenario: related image sklearn
    prepack_test.go:81: Scenario: default image sklearn
--- PASS: TestGetPredictorConfig (0.01s)
=== RUN   TestPredictorServerConfigPrepackImageConfig
--- PASS: TestPredictorServerConfigPrepackImageConfig (0.00s)
=== RUN   TestPredictorServerConfigPrepackImageName
--- PASS: TestPredictorServerConfigPrepackImageName (0.00s)
=== RUN   TestGetDeploymentNameOneModel
--- PASS: TestGetDeploymentNameOneModel (0.00s)
=== RUN   TestGetDeploymentNameLong
--- PASS: TestGetDeploymentNameLong (0.00s)
=== RUN   TestValidProtocolTransportServerType
--- PASS: TestValidProtocolTransportServerType (0.00s)
=== RUN   TestValidateBadProtocol
--- PASS: TestValidateBadProtocol (0.00s)
=== RUN   TestValidateBadTransport
--- PASS: TestValidateBadTransport (0.00s)
=== RUN   TestValidateBadServerType
--- PASS: TestValidateBadServerType (0.00s)
=== RUN   TestValidateMixedTransport
--- PASS: TestValidateMixedTransport (0.00s)
=== RUN   TestValidateMixedMultipleTransport
--- PASS: TestValidateMixedMultipleTransport (0.00s)
=== RUN   TestDefaultSingleContainer
--- PASS: TestDefaultSingleContainer (0.00s)
=== RUN   TestMetricsPortAddedTwoContainers
--- PASS: TestMetricsPortAddedTwoContainers (0.00s)
=== RUN   TestMetricsPortAddedTwoComponentSpecsTwoContainers
--- PASS: TestMetricsPortAddedTwoComponentSpecsTwoContainers (0.00s)
=== RUN   TestOverrideMetricsPortName
Failed to find config map seldon-config
no kind is registered for the type v1.ConfigMap in scheme "pkg/runtime/scheme.go:101"
--- PASS: TestOverrideMetricsPortName (0.00s)
=== RUN   TestPortUseExisting
--- PASS: TestPortUseExisting (0.00s)
=== RUN   TestMetricsPortAddedToPrepacked
--- PASS: TestMetricsPortAddedToPrepacked (0.00s)
=== RUN   TestPredictorProtocolGrpc
--- PASS: TestPredictorProtocolGrpc (0.00s)
=== RUN   TestPrepackedWithExistingContainer
--- PASS: TestPrepackedWithExistingContainer (0.01s)
=== RUN   TestPrepackedWithCustom
--- PASS: TestPrepackedWithCustom (0.01s)
=== RUN   TestPrepackedWithExistingContainerAndImage
--- PASS: TestPrepackedWithExistingContainerAndImage (0.00s)
=== RUN   TestMetricsPortAddedToTwoPrepacked
--- PASS: TestMetricsPortAddedToTwoPrepacked (0.00s)
=== RUN   TestDefaultPrepackagedServerType
--- PASS: TestDefaultPrepackagedServerType (0.00s)
=== RUN   TestValidateSingleModel
--- PASS: TestValidateSingleModel (0.00s)
=== RUN   TestValidateSingleModelNoName
--- PASS: TestValidateSingleModelNoName (0.00s)
=== RUN   TestValidateNoEngineMultiGraph
--- PASS: TestValidateNoEngineMultiGraph (0.00s)
=== RUN   TestValidateDuplPredictorName
--- PASS: TestValidateDuplPredictorName (0.00s)
=== RUN   TestValidateTrafficSum
--- PASS: TestValidateTrafficSum (0.00s)
=== RUN   TestDefaultABTest
--- PASS: TestDefaultABTest (0.00s)
=== RUN   TestValidateTensorflowProtocolNormalPrepackaged
--- PASS: TestValidateTensorflowProtocolNormalPrepackaged (0.00s)
=== RUN   TestValidateTensorflowProtocolNormal
--- PASS: TestValidateTensorflowProtocolNormal (0.00s)
=== RUN   TestValidateV2ProtocolNormal
--- PASS: TestValidateV2ProtocolNormal (0.00s)
=== RUN   TestPredictorNoGraph
--- PASS: TestPredictorNoGraph (0.00s)
=== RUN   TestShadowPredictor
--- PASS: TestShadowPredictor (0.00s)
=== RUN   TestNoPredictors
--- PASS: TestNoPredictors (0.00s)
=== RUN   TestValidateTwoShadows
--- PASS: TestValidateTwoShadows (0.00s)
PASS
coverage: 40.3% of statements
path is /workspace/source/operator
All profiles combined

Ginkgo ran 6 suites in 1m16.327612568s
Test Suite Passed
docker build . -t seldonio/seldon-core-operator:1.3.0-dev
Sending build context to Docker daemon  11.96MB
Step 1/28 : FROM golang:1.13.2 as builder
1.13.2: Pulling from library/golang
c7b7d16361e0: Pulling fs layer
b7a128769df1: Pulling fs layer
1128949d0793: Pulling fs layer
667692510b70: Pulling fs layer
c70d80036479: Pulling fs layer
a8669f8c1a42: Pulling fs layer
433331673060: Pulling fs layer
667692510b70: Waiting
c70d80036479: Waiting
a8669f8c1a42: Waiting
433331673060: Waiting
1128949d0793: Download complete
b7a128769df1: Verifying Checksum
b7a128769df1: Download complete
c7b7d16361e0: Verifying Checksum
c7b7d16361e0: Download complete
667692510b70: Verifying Checksum
667692510b70: Download complete
c70d80036479: Verifying Checksum
c70d80036479: Download complete
433331673060: Verifying Checksum
433331673060: Download complete
a8669f8c1a42: Verifying Checksum
a8669f8c1a42: Download complete
c7b7d16361e0: Pull complete
b7a128769df1: Pull complete
1128949d0793: Pull complete
667692510b70: Pull complete
c70d80036479: Pull complete
a8669f8c1a42: Pull complete
433331673060: Pull complete
Digest: sha256:b3086f21bfbe896973dd6147b46f2736a7deb2c04ed76219835befa0244a9562
Status: Downloaded newer image for golang:1.13.2
 ---> e37698ff7351
Step 2/28 : WORKDIR /workspace
 ---> Running in 6b91f829866a
Removing intermediate container 6b91f829866a
 ---> f50284a24932
Step 3/28 : COPY go.mod go.mod
 ---> 753f452d64c8
Step 4/28 : COPY go.sum go.sum
 ---> 7eece512c3bf
Step 5/28 : RUN go mod download
 ---> Running in f463a1b00fdc
[91mgo: finding cloud.google.com/go v0.38.0
[0m[91mgo: finding github.com/Azure/go-ansiterm v0.0.0-20170929234023-d6e3b3328b78
[0m[91mgo: finding github.com/Azure/go-autorest v14.2.0+incompatible
[0m[91mgo: finding github.com/Azure/go-autorest/autorest v0.9.0
[0m[91mgo: finding github.com/Azure/go-autorest/autorest/adal v0.9.0
[0m[91mgo: finding github.com/Azure/go-autorest/autorest/date v0.3.0
[0m[91mgo: finding github.com/Azure/go-autorest/autorest/mocks v0.4.0
[0m[91mgo: finding github.com/Azure/go-autorest/logger v0.1.0
[0m[91mgo: finding github.com/Azure/go-autorest/tracing v0.6.0
[0m[91mgo: finding github.com/BurntSushi/toml v0.3.1
[0m[91mgo: finding github.com/NYTimes/gziphandler v0.0.0-20170623195520-56545f4a5d46
[0m[91mgo: finding github.com/PuerkitoBio/purell v1.1.1
[0m[91mgo: finding github.com/PuerkitoBio/urlesc v0.0.0-20170810143723-de5bf2ad4578
[0m[91mgo: finding github.com/agnivade/levenshtein v1.0.1
[0m[91mgo: finding github.com/alecthomas/template v0.0.0-20160405071501-a0175ee3bccc
[0m[91mgo: finding github.com/alecthomas/units v0.0.0-20151022065526-2efee857e7cf
[0m[91mgo: finding github.com/andreyvit/diff v0.0.0-20170406064948-c7f18ee00883
[0m[91mgo: finding github.com/armon/consul-api v0.0.0-20180202201655-eb2c6b5be1b6
[0m[91mgo: finding github.com/asaskevich/govalidator v0.0.0-20190424111038-f61b66f89f4a
[0m[91mgo: finding github.com/beorn7/perks v1.0.0
[0m[91mgo: finding github.com/bgentry/speakeasy v0.1.0
[0m[91mgo: finding github.com/blang/semver v3.5.0+incompatible
[0m[91mgo: finding github.com/census-instrumentation/opencensus-proto v0.2.1
[0m[91mgo: finding github.com/client9/misspell v0.3.4
[0m[91mgo: finding github.com/cockroachdb/datadriven v0.0.0-20190809214429-80d97fb3cbaa
[0m[91mgo: finding github.com/coreos/etcd v3.3.10+incompatible
[0m[91mgo: finding github.com/coreos/go-etcd v2.0.0+incompatible
[0m[91mgo: finding github.com/coreos/go-oidc v2.1.0+incompatible
[0m[91mgo: finding github.com/coreos/go-semver v0.3.0
[0m[91mgo: finding github.com/coreos/go-systemd v0.0.0-20190321100706-95778dfbb74e
[0m[91mgo: finding github.com/coreos/pkg v0.0.0-20180108230652-97fdf19511ea
[0m[91mgo: finding github.com/cpuguy83/go-md2man v1.0.10
[0m[91mgo: finding github.com/creack/pty v1.1.7
[0m[91mgo: finding github.com/davecgh/go-spew v1.1.1
[0m[91mgo: finding github.com/dgrijalva/jwt-go v3.2.0+incompatible
[0m[91mgo: finding github.com/docker/docker v0.7.3-0.20190327010347-be7ac8be2ae0
[0m[91mgo: finding github.com/docker/go-units v0.4.0
[0m[91mgo: finding github.com/docker/spdystream v0.0.0-20160310174837-449fdfce4d96
[0m[91mgo: finding github.com/docopt/docopt-go v0.0.0-20180111231733-ee0de3bc6815
[0m[91mgo: finding github.com/dustin/go-humanize v1.0.0
[0m[91mgo: finding github.com/elazarl/goproxy v0.0.0-20180725130230-947c36da3153
[0m[91mgo: finding github.com/emicklei/go-restful v2.9.5+incompatible
[0m[91mgo: finding github.com/envoyproxy/go-control-plane v0.9.1-0.20191026205805-5f8ba28d4473
[0m[91mgo: finding github.com/envoyproxy/protoc-gen-validate v0.1.0
[0m[91mgo: finding github.com/evanphx/json-patch v4.9.0+incompatible
[0m[91mgo: finding github.com/fatih/color v1.7.0
[0m[91mgo: finding github.com/fsnotify/fsnotify v1.4.9
[0m[91mgo: finding github.com/ghodss/yaml v1.0.0
[0m[91mgo: finding github.com/globalsign/mgo v0.0.0-20181015135952-eeefdecb41b8
[0m[91mgo: finding github.com/go-kit/kit v0.8.0
[0m[91mgo: finding github.com/go-logfmt/logfmt v0.3.0
[0m[91mgo: finding github.com/go-logr/logr v0.1.0
[0m[91mgo: finding github.com/go-logr/zapr v0.1.0
[0m[91mgo: finding github.com/go-openapi/analysis v0.19.5
[0m[91mgo: finding github.com/go-openapi/errors v0.19.2
[0m[91mgo: finding github.com/go-openapi/jsonpointer v0.19.3
[0m[91mgo: finding github.com/go-openapi/jsonreference v0.19.3
[0m[91mgo: finding github.com/go-openapi/loads v0.19.4
[0m[91mgo: finding github.com/go-openapi/runtime v0.19.4
[0m[91mgo: finding github.com/go-openapi/spec v0.19.3
[0m[91mgo: finding github.com/go-openapi/strfmt v0.19.3
[0m[91mgo: finding github.com/go-openapi/swag v0.19.5
[0m[91mgo: finding github.com/go-openapi/validate v0.19.5
[0m[91mgo: finding github.com/go-stack/stack v1.8.0
[0m[91mgo: finding github.com/gogo/protobuf v1.3.1
[0m[91mgo: finding github.com/golang/glog v0.0.0-20160126235308-23def4e6c14b
[0m[91mgo: finding github.com/golang/groupcache v0.0.0-20190702054246-869f871628b6
[0m[91mgo: finding github.com/golang/mock v1.2.0
[0m[91mgo: finding github.com/golang/protobuf v1.4.2
[0m[91mgo: finding github.com/google/btree v1.0.0
[0m[91mgo: finding github.com/google/go-cmp v0.5.0
[0m[91mgo: finding github.com/google/gofuzz v1.1.0
[0m[91mgo: finding github.com/google/martian v2.1.0+incompatible
[0m[91mgo: finding github.com/google/pprof v0.0.0-20181206194817-3ea8567a2e57
[0m[91mgo: finding github.com/google/renameio v0.1.0
[0m[91mgo: finding github.com/google/uuid v1.1.1
[0m[91mgo: finding github.com/googleapis/gax-go/v2 v2.0.4
[0m[91mgo: finding github.com/googleapis/gnostic v0.3.1
[0m[91mgo: finding github.com/gophercloud/gophercloud v0.1.0
[0m[91mgo: finding github.com/gorilla/websocket v1.4.0
[0m[91mgo: finding github.com/gregjones/httpcache v0.0.0-20180305231024-9cad4c3443a7
[0m[91mgo: finding github.com/grpc-ecosystem/go-grpc-middleware v1.0.1-0.20190118093823-f849b5445de4
[0m[91mgo: finding github.com/grpc-ecosystem/go-grpc-prometheus v1.2.0
[0m[91mgo: finding github.com/grpc-ecosystem/grpc-gateway v1.9.5
[0m[91mgo: finding github.com/hashicorp/golang-lru v0.5.4
[0m[91mgo: finding github.com/hashicorp/hcl v1.0.0
[0m[91mgo: finding github.com/hpcloud/tail v1.0.0
[0m[91mgo: finding github.com/imdario/mergo v0.3.9
[0m[91mgo: finding github.com/inconshreveable/mousetrap v1.0.0
[0m[91mgo: finding github.com/jessevdk/go-flags v1.4.0
[0m[91mgo: finding github.com/jonboulle/clockwork v0.1.0
[0m[91mgo: finding github.com/json-iterator/go v1.1.10
[0m[91mgo: finding github.com/jstemmer/go-junit-report v0.0.0-20190106144839-af01ea7f8024
[0m[91mgo: finding github.com/julienschmidt/httprouter v1.2.0
[0m[91mgo: finding github.com/kisielk/errcheck v1.2.0
[0m[91mgo: finding github.com/kisielk/gotool v1.0.0
[0m[91mgo: finding github.com/konsorten/go-windows-terminal-sequences v1.0.1
[0m[91mgo: finding github.com/kr/logfmt v0.0.0-20140226030751-b84e30acd515
[0m[91mgo: finding github.com/kr/pretty v0.1.0
[0m[91mgo: finding github.com/kr/pty v1.1.5
[0m[91mgo: finding github.com/kr/text v0.1.0
[0m[91mgo: finding github.com/magiconair/properties v1.8.0
[0m[91mgo: finding github.com/mailru/easyjson v0.7.0
[0m[91mgo: finding github.com/mattn/go-colorable v0.0.9
[0m[91mgo: finding github.com/mattn/go-isatty v0.0.4
[0m[91mgo: finding github.com/mattn/go-runewidth v0.0.2
[0m[91mgo: finding github.com/matttproud/golang_protobuf_extensions v1.0.1
[0m[91mgo: finding github.com/mitchellh/go-homedir v1.1.0
[0m[91mgo: finding github.com/mitchellh/mapstructure v1.1.2
[0m[91mgo: finding github.com/modern-go/concurrent v0.0.0-20180306012644-bacd9c7ef1dd
[0m[91mgo: finding github.com/modern-go/reflect2 v1.0.1
[0m[91mgo: finding github.com/munnerz/goautoneg v0.0.0-20191010083416-a7dc8b61c822
[0m[91mgo: finding github.com/mwitkow/go-conntrack v0.0.0-20161129095857-cc309e4a2223
[0m[91mgo: finding github.com/mxk/go-flowrate v0.0.0-20140419014527-cca7078d478f
[0m[91mgo: finding github.com/nxadm/tail v1.4.4
[0m[91mgo: finding github.com/olekukonko/tablewriter v0.0.0-20170122224234-a0225b3f23b5
[0m[91mgo: finding github.com/onsi/ginkgo v1.14.0
[0m[91mgo: finding github.com/onsi/gomega v1.10.1
[0m[91mgo: finding github.com/pborman/uuid v1.2.0
[0m[91mgo: finding github.com/pelletier/go-toml v1.2.0
[0m[91mgo: finding github.com/peterbourgon/diskv v2.0.1+incompatible
[0m[91mgo: finding github.com/pkg/errors v0.8.1
[0m[91mgo: finding github.com/pmezard/go-difflib v1.0.0
[0m[91mgo: finding github.com/pquerna/cachecontrol v0.0.0-20171018203845-0dec1b30a021
[0m[91mgo: finding github.com/prometheus/client_golang v1.0.0
[0m[91mgo: finding github.com/prometheus/client_model v0.2.0
[0m[91mgo: finding github.com/prometheus/common v0.4.1
[0m[91mgo: finding github.com/prometheus/procfs v0.0.11
[0m[91mgo: finding github.com/rogpeppe/fastuuid v0.0.0-20150106093220-6724a57986af
[0m[91mgo: finding github.com/rogpeppe/go-internal v1.3.0
[0m[91mgo: finding github.com/russross/blackfriday v1.5.2
[0m[91mgo: finding github.com/sergi/go-diff v1.0.0
[0m[91mgo: finding github.com/sirupsen/logrus v1.4.2
[0m[91mgo: finding github.com/soheilhy/cmux v0.1.4
[0m[91mgo: finding github.com/spf13/afero v1.2.2
[0m[91mgo: finding github.com/spf13/cast v1.3.0
[0m[91mgo: finding github.com/spf13/cobra v0.0.5
[0m[91mgo: finding github.com/spf13/jwalterweatherman v1.0.0
[0m[91mgo: finding github.com/spf13/pflag v1.0.5
[0m[91mgo: finding github.com/spf13/viper v1.3.2
[0m[91mgo: finding github.com/stretchr/ob** v0.2.0
[0m[91mgo: finding github.com/stretchr/testify v1.4.0
[0m[91mgo: finding github.com/tidwall/pretty v1.0.0
[0m[91mgo: finding github.com/tmc/grpc-websocket-proxy v0.0.0-20170815181823-89b8d40f7ca8
[0m[91mgo: finding github.com/ugorji/go/codec v0.0.0-20181204163529-d75b2dcb6bc8
[0m[91mgo: finding github.com/urfave/cli v1.20.0
[0m[91mgo: finding github.com/vektah/gqlparser v1.1.2
[0m[91mgo: finding github.com/xiang90/probing v0.0.0-20190116061207-43a291ad63a2
[0m[91mgo: finding github.com/xordataexchange/crypt v0.0.3-0.20170626215501-b2862e3d0a77
[0m[91mgo: finding go.etcd.io/bbolt v1.3.3
[0m[91mgo: finding go.etcd.io/etcd v0.0.0-20191023171146-3cf2f69b5738
[0m[91mgo: finding go.mongodb.org/mongo-driver v1.1.2
[0m[91mgo: finding go.opencensus.io v0.21.0
[0m[91mgo: finding go.uber.org/atomic v1.6.0
[0m[91mgo: finding go.uber.org/multierr v1.5.0
[0m[91mgo: finding go.uber.org/tools v0.0.0-20190618225709-2cfd321de3ee
[0m[91mgo: finding go.uber.org/zap v1.15.0
[0m[91mgo: finding golang.org/x/crypto v0.0.0-20200622213623-75b288015ac9
[0m[91mgo: finding golang.org/x/exp v0.0.0-20190121172915-509febef88a4
[0m[91mgo: finding golang.org/x/lint v0.0.0-20190930215403-16217165b5de
[0m[91mgo: finding golang.org/x/mod v0.0.0-20190513183733-4bf6d317e70e
[0m[91mgo: finding golang.org/x/net v0.0.0-20200520004742-59133d7f0dd7
[0m[91mgo: finding golang.org/x/oauth2 v0.0.0-20190604053449-0f29369cfe45
[0m[91mgo: finding golang.org/x/sync v0.0.0-20190911185100-cd5d95a43a6e
[0m[91mgo: finding golang.org/x/sys v0.0.0-20200519105757-fe76b779f299
[0m[91mgo: finding golang.org/x/text v0.3.3
[0m[91mgo: finding golang.org/x/time v0.0.0-20190921001708-c4c64cad1fd0
[0m[91mgo: finding golang.org/x/tools v0.0.0-20191029190741-b9c20aec41a5
[0m[91mgo: finding golang.org/x/xerrors v0.0.0-20191204190536-9bdfabe68543
[0m[91mgo: finding gomodules.xyz/jsonpatch/v2 v2.0.1
[0m[91mgo: finding google.golang.org/api v0.4.0
[0m[91mgo: finding google.golang.org/appengine v1.6.5
[0m[91mgo: finding google.golang.org/genproto v0.0.0-20190916214212-f660b8655731
[0m[91mgo: finding google.golang.org/grpc v1.26.0
[0m[91mgo: finding google.golang.org/protobuf v1.23.0
[0m[91mgo: finding gopkg.in/alecthomas/kingpin.v2 v2.2.6
[0m[91mgo: finding gopkg.in/check.v1 v1.0.0-20190902080502-41f04d3bba15
[0m[91mgo: finding gopkg.in/cheggaaa/pb.v1 v1.0.25
[0m[91mgo: finding gopkg.in/errgo.v2 v2.1.0
[0m[91mgo: finding gopkg.in/fsnotify.v1 v1.4.7
[0m[91mgo: finding gopkg.in/inf.v0 v0.9.1
[0m[91mgo: finding gopkg.in/natefinch/lumberjack.v2 v2.0.0
[0m[91mgo: finding gopkg.in/resty.v1 v1.12.0
[0m[91mgo: finding gopkg.in/square/go-jose.v2 v2.2.2
[0m[91mgo: finding gopkg.in/tomb.v1 v1.0.0-20141024135613-dd632973f1e7
[0m[91mgo: finding gopkg.in/yaml.v2 v2.3.0
[0m[91mgo: finding gotest.tools v2.2.0+incompatible
[0m[91mgo: finding honnef.co/go/tools v0.0.1-2019.2.3
[0m[91mgo: finding istio.io/api v0.0.0-20200513175333-ae3da0d240e3
[0m[91mgo: finding istio.io/client-go v0.0.0-20200513180646-f8d9d8ff84e6
[0m[91mgo: finding istio.io/gogo-genproto v0.0.0-20190930162913-45029607206a
[0m[91mgo: finding k8s.io/api v0.18.8
[0m[91mgo: finding k8s.io/apiextensions-apiserver v0.18.8
[0m[91mgo: finding k8s.io/apimachinery v0.18.8
[0m[91mgo: finding k8s.io/apiserver v0.18.8
[0m[91mgo: finding k8s.io/client-go v0.18.8
[0m[91mgo: finding k8s.io/code-generator v0.18.8
[0m[91mgo: finding k8s.io/component-base v0.18.8
[0m[91mgo: finding k8s.io/gengo v0.0.0-20200114144118-36b2048a9120
[0m[91mgo: finding k8s.io/klog v1.0.0
[0m[91mgo: finding k8s.io/klog/v2 v2.0.0
[0m[91mgo: finding k8s.io/kube-openapi v0.0.0-20200410145947-61e04a5be9a6
[0m[91mgo: finding k8s.io/utils v0.0.0-20200603063816-c1c6865ac451
[0m[91mgo: finding knative.dev/pkg v0.0.0-20200513151758-7b6bb61326ae
[0m[91mgo: finding sigs.k8s.io/apiserver-network-proxy/konnectivity-client v0.0.7
[0m[91mgo: finding sigs.k8s.io/controller-runtime v0.6.3
[0m[91mgo: finding sigs.k8s.io/structured-merge-diff v0.0.0-20190525122527-15d366b2352e
[0m[91mgo: finding sigs.k8s.io/structured-merge-diff/v3 v3.0.0
[0m[91mgo: finding sigs.k8s.io/yaml v1.2.0
[0mRemoving intermediate container f463a1b00fdc
 ---> 3026a1c044b2
Step 6/28 : COPY main.go main.go
 ---> c81221649436
Step 7/28 : COPY apis/ apis/
 ---> c2c5349b128f
Step 8/28 : COPY controllers/ controllers/
 ---> 81c3414883ab
Step 9/28 : COPY utils/ utils/
 ---> 8f239d91000f
Step 10/28 : COPY constants/ constants/
 ---> 01368a67c012
Step 11/28 : COPY client/ client/
 ---> 7efc1657022a
Step 12/28 : RUN go build -a -o manager main.go
 ---> Running in 47b8930802c1
Removing intermediate container 47b8930802c1
 ---> 333efaf26ae8
Step 13/28 : RUN wget -O hashicorp-golang-lru.tar.gz https://github.com/hashicorp/golang-lru/archive/master.tar.gz
 ---> Running in 3f3f704a8252
[91m--2020-10-14 15:46:30--  https://github.com/hashicorp/golang-lru/archive/master.tar.gz
[0m[91mResolving github.com (github.com)... [0m[91m140.82.121.4
Connecting to github.com (github.com)|140.82.121.4|:443... [0m[91mconnected.
[0m[91mHTTP request sent, awaiting response... [0m[91m302 Found
Location: https://codeload.github.com/hashicorp/golang-lru/tar.gz/master [following]
--2020-10-14 15:46:31--  https://codeload.github.com/hashicorp/golang-lru/tar.gz/master
Resolving codeload.github.com (codeload.github.com)... [0m[91m140.82.121.10
Connecting to codeload.github.com (codeload.github.com)|140.82.121.10|:443... [0m[91mconnected.
[0m[91mHTTP request sent, awaiting response... [0m[91m200 OK
Length: unspecified [application/x-gzip]
Saving to: 'hashicorp-golang-lru.tar.gz'
[0m[91m
     0K ....[0m[91m...... .[0m[91m..                                         1.10M=0.01s

[0m[91m2020-10-14 15:46:31 (1.10 MB/s) - 'hashicorp-golang-lru.tar.gz' saved [13973]

[0mRemoving intermediate container 3f3f704a8252
 ---> 0a43ddd90289
Step 14/28 : RUN wget -O armon-consul-api.tar.gz https://github.com/armon/consul-api/archive/master.tar.gz
 ---> Running in f74d379cb44c
[91m--2020-10-14 15:46:32--  https://github.com/armon/consul-api/archive/master.tar.gz
[0m[91mResolving github.com (github.com)... [0m[91m140.82.121.4
Connecting to github.com (github.com)|140.82.121.4|:443... [0m[91mconnected.
[0m[91mHTTP request sent, awaiting response... [0m[91m302 Found
Location: https://codeload.github.com/armon/consul-api/tar.gz/master [following]
[0m[91m--2020-10-14 15:46:32--  https://codeload.github.com/armon/consul-api/tar.gz/master
Resolving codeload.github.com (codeload.github.com)... [0m[91m140.82.121.10
Connecting to codeload.github.com (codeload.github.com)|140.82.121.10|:443... [0m[91mconnected.
[0m[91mHTTP request sent, awaiting response... [0m[91m200 OK
Length: unspecified [application/x-gzip]
Saving to: 'armon-consul-api.tar.gz'
[0m[91m
     0K .......... .[0m[91m......                      [0m[91m   [0m[91m    [0m[91m [0m[91m  [0m[91m     1.37M=0.01s

[0m[91m2020-10-14 15:46:33 (1.37 MB/s) - 'armon-consul-api.tar.gz' saved [17977]

[0mRemoving intermediate container f74d379cb44c
 ---> 9626adaac028
Step 15/28 : RUN wget -O hasicorp-hcl.tar.gz https://github.com/hashicorp/hcl/archive/master.tar.gz
 ---> Running in 6ed97159695d
[91m--2020-10-14 15:46:34--  https://github.com/hashicorp/hcl/archive/master.tar.gz
[0m[91mResolving github.com (github.com)... [0m[91m140.82.121.4
Connecting to github.com (github.com)|140.82.121.4|:443... [0m[91mconnected.
[0m[91mHTTP request sent, awaiting response... [0m[91m302 Found
[0m[91mLocation: https://codeload.github.com/hashicorp/hcl/tar.gz/master [following]
[0m[91m--2020-10-14 15:46:34--  https://codeload.github.com/hashicorp/hcl/tar.gz/master
[0m[91mResolving codeload.github.com (codeload.github.com)... [0m[91m140.82.121.10
Connecting to codeload.github.com (codeload.github.com)|140.82.121.10|:443... [0m[91mconnected.
[0m[91mHTTP request sent, awaiting response... [0m[91m200 OK
Length: unspecified [application/x-gzip]
Saving to: 'hasicorp-hcl.tar.gz'
[0m[91m
     0K .......... ..[0m[91m.....[0m[91m... .......... ......[0m[91m....[0m[91m .......... 1.83M
    50K ..[0m[91m........[0m[91m .......... .[0m[91m                                44.9M=0.03s

2020-10-14 15:46:35 (2.56 MB/s) - 'hasicorp-hcl.tar.gz' saved [72956]

[0mRemoving intermediate container 6ed97159695d
 ---> 2ce13cb416d8
Step 16/28 : FROM gcr.io/distroless/base:latest
latest: Pulling from distroless/base
5c7fe08dec51: Pulling fs layer
31eb28996804: Pulling fs layer
5c7fe08dec51: Verifying Checksum
5c7fe08dec51: Download complete
31eb28996804: Verifying Checksum
31eb28996804: Download complete
5c7fe08dec51: Pull complete
31eb28996804: Pull complete
Digest: sha256:08b50837bd6afc1ad5e55e5b997422b57206dd497e538b2cdee6762add07b5ac
Status: Downloaded newer image for gcr.io/distroless/base:latest
 ---> aa310c5c880e
Step 17/28 : WORKDIR /
 ---> Running in 5fcb94d072c9
Removing intermediate container 5fcb94d072c9
 ---> 64ab5e015957
Step 18/28 : COPY --from=builder /workspace/manager .
 ---> 6709dd6cd1e7
Step 19/28 : COPY licenses/license.txt licenses/license.txt
 ---> eb045ad5523f
Step 20/28 : COPY --from=builder /workspace/hashicorp-golang-lru.tar.gz licenses/mpl_source/hashicorp-golang-lru.tar.gz
 ---> 31dd6cbb6b4b
Step 21/28 : COPY --from=builder /workspace/armon-consul-api.tar.gz licenses/mpl_source/armon-consul-api.tar.gz
 ---> 58a8f96bbcdd
Step 22/28 : COPY --from=builder /workspace/hasicorp-hcl.tar.gz licenses/mpl_source/hasicorp-hcl.tar.gz
 ---> 17dd953c6bb5
Step 23/28 : COPY generated/admissionregistration.k8s.io_v1beta1_mutatingwebhookconfiguration_seldon-mutating-webhook-configuration.yaml /tmp/operator-resources/mutate.yaml
 ---> efea55e36b9a
Step 24/28 : COPY generated/admissionregistration.k8s.io_v1beta1_validatingwebhookconfiguration_seldon-validating-webhook-configuration.yaml /tmp/operator-resources/validate.yaml
 ---> 7e35b6266ddb
Step 25/28 : COPY generated/~g_v1_service_seldon-webhook-service.yaml /tmp/operator-resources/service.yaml
 ---> 9f41546c05f1
Step 26/28 : COPY generated/~g_v1_configmap_seldon-config.yaml /tmp/operator-resources/configmap.yaml
 ---> 0bf245dc8275
Step 27/28 : COPY generated/apiextensions.k8s.io_v1beta1_customresourcedefinition_seldondeployments.machinelearning.seldon.io.yaml /tmp/operator-resources/crd.yaml
 ---> cb83f7019b02
Step 28/28 : ENTRYPOINT ["/manager"]
 ---> Running in 4c709c0a79e0
Removing intermediate container 4c709c0a79e0
 ---> c174e4987731
Successfully built c174e4987731
Successfully tagged seldonio/seldon-core-operator:1.3.0-dev
docker save seldonio/seldon-core-operator:1.3.0-dev > operator.tar
kind load image-archive operator.tar --name kind
make[1]: Leaving directory '/workspace/source/operator'
Files changed in engine folder:
SKIPPING ENGINE IMAGE BUILD...
Files changed in executor folder:
SKIPPING EXECUTOR IMAGE BUILD...
Build test models
make -C ../docker/fixed-model kind_load_images
make[1]: Entering directory '/workspace/source/testing/docker/fixed-model'
s2i build -E environment_rest_v1 . seldonio/seldon-core-s2i-python3:0.15 seldonio/fixed-model:0.1
---> Installing application source...
Build completed successfully
s2i build -E environment_rest_v2 . seldonio/seldon-core-s2i-python3:0.15 seldonio/fixed-model:0.2
---> Installing application source...
Build completed successfully
kind load -v 3 docker-image seldonio/fixed-model:0.1
Image: "seldonio/fixed-model:0.1" with ID "sha256:ac9420a7525cf5c250c79f47eddde756b4f3b16a304a1fda807c35d71ebda16a" not present on node "kind-control-plane"
Image: "seldonio/fixed-model:0.1" with ID "sha256:ac9420a7525cf5c250c79f47eddde756b4f3b16a304a1fda807c35d71ebda16a" not present on node "kind-worker"
kind load -v 3 docker-image seldonio/fixed-model:0.2
Image: "seldonio/fixed-model:0.2" with ID "sha256:736f1c6f80f43f850e8d7d061d7d39671d8f30661a18c714ab7101e94c1e6269" not present on node "kind-control-plane"
Image: "seldonio/fixed-model:0.2" with ID "sha256:736f1c6f80f43f850e8d7d061d7d39671d8f30661a18c714ab7101e94c1e6269" not present on node "kind-worker"
make[1]: Leaving directory '/workspace/source/testing/docker/fixed-model'
make -C ../docker/echo-model kind_load_image
make[1]: Entering directory '/workspace/source/testing/docker/echo-model'
s2i build \
	-E environment_rest \
	.\
	seldonio/seldon-core-s2i-python3:1.1.1-SNAPSHOT\
	seldonio/echo-model:0.1
---> Installing application source...
Build completed successfully
kind load -v 3 docker-image seldonio/echo-model:0.1
Image: "seldonio/echo-model:0.1" with ID "sha256:0264aa74420cdfbf1f079703386204a1c953da9e2193fd3cf906b9fd0ee95f7f" not present on node "kind-control-plane"
Image: "seldonio/echo-model:0.1" with ID "sha256:0264aa74420cdfbf1f079703386204a1c953da9e2193fd3cf906b9fd0ee95f7f" not present on node "kind-worker"
make[1]: Leaving directory '/workspace/source/testing/docker/echo-model'
Files changed in prepackaged folder:
SKIPPING PREPACKAGED IMAGE BUILD...
Files changed in alibi explain folder:
SKIPPING ALIBI EXPLAIN IMAGE BUILD...
Files changed in alibi detect folder:
SKIPPING ALIBI DETECT IMAGE BUILD...
Files changed in misc folders:
SKIPPING MISC IMAGE BUILD...
kubectl create namespace seldon || echo "Namespace seldon already exists"
namespace/seldon created
kubectl create namespace test1 || echo "Namespace test1 already exists"
namespace/test1 created
helm repo add stable https://kubernetes-charts.storage.googleapis.com/
"stable" has been added to your repositories
helm repo add seldonio https://storage.googleapis.com/seldon-charts
"seldonio" has been added to your repositories
helm repo add jaegertracing https://jaegertracing.github.io/helm-charts
"jaegertracing" has been added to your repositories
helm repo add datawire https://www.getambassador.io
"datawire" has been added to your repositories
helm repo update
Hang tight while we grab the latest from your chart repositories...
...Successfully got an update from the "jaegertracing" chart repository
...Successfully got an update from the "seldonio" chart repository
...Successfully got an update from the "datawire" chart repository
...Successfully got an update from the "stable" chart repository
Update Complete. âŽˆ Happy Helming!âŽˆ 
helm upgrade ambassador \
	datawire/ambassador \
	-f ../resources/ambassador_values.yaml \
	--set image.repository=quay.io/datawire/ambassador \
	--set crds.keep=false \
	--set enableAES=false \
	--namespace seldon \
	--set replicaCount=1 \
	--wait --install
Release "ambassador" does not exist. Installing it now.
manifest_sorter.go:192: info: skipping unknown hook: "crd-install"
manifest_sorter.go:192: info: skipping unknown hook: "crd-install"
manifest_sorter.go:192: info: skipping unknown hook: "crd-install"
manifest_sorter.go:192: info: skipping unknown hook: "crd-install"
manifest_sorter.go:192: info: skipping unknown hook: "crd-install"
manifest_sorter.go:192: info: skipping unknown hook: "crd-install"
manifest_sorter.go:192: info: skipping unknown hook: "crd-install"
manifest_sorter.go:192: info: skipping unknown hook: "crd-install"
manifest_sorter.go:192: info: skipping unknown hook: "crd-install"
manifest_sorter.go:192: info: skipping unknown hook: "crd-install"
manifest_sorter.go:192: info: skipping unknown hook: "crd-install"
manifest_sorter.go:192: info: skipping unknown hook: "crd-install"
manifest_sorter.go:192: info: skipping unknown hook: "crd-install"
manifest_sorter.go:192: info: skipping unknown hook: "crd-install"
manifest_sorter.go:192: info: skipping unknown hook: "crd-install"
manifest_sorter.go:192: info: skipping unknown hook: "crd-install"
manifest_sorter.go:192: info: skipping unknown hook: "crd-install"
manifest_sorter.go:192: info: skipping unknown hook: "crd-install"
NAME: ambassador
LAST DEPLOYED: Wed Oct 14 15:53:07 2020
NAMESPACE: seldon
STATUS: deployed
REVISION: 1
NOTES:
-------------------------------------------------------------------------------
  Congratulations! You've successfully installed Ambassador!

-------------------------------------------------------------------------------
To get the IP address of Ambassador, run the following commands:
  export NODE_PORT=$(kubectl get --namespace seldon -o jsonpath="{.spec.ports[0].nodePort}" services ambassador)
  export NODE_IP=$(kubectl get nodes --namespace seldon -o jsonpath="{.items[0].status.addresses[0].address}")
  echo http://$NODE_IP:$NODE_PORT

For help, visit our Slack at https://d6e.co/slack or view the documentation online at https://www.getambassador.io.
kubectl apply -f istio-1.4.2.yaml
clusterrole.rbac.authorization.k8s.io/istio-reader-istio-system created
clusterrolebinding.rbac.authorization.k8s.io/istio-reader-istio-system created
customresourcedefinition.apiextensions.k8s.io/attributemanifests.config.istio.io created
customresourcedefinition.apiextensions.k8s.io/clusterrbacconfigs.rbac.istio.io created
customresourcedefinition.apiextensions.k8s.io/destinationrules.networking.istio.io created
customresourcedefinition.apiextensions.k8s.io/envoyfilters.networking.istio.io created
customresourcedefinition.apiextensions.k8s.io/gateways.networking.istio.io created
customresourcedefinition.apiextensions.k8s.io/httpapispecbindings.config.istio.io created
customresourcedefinition.apiextensions.k8s.io/httpapispecs.config.istio.io created
customresourcedefinition.apiextensions.k8s.io/meshpolicies.authentication.istio.io created
customresourcedefinition.apiextensions.k8s.io/policies.authentication.istio.io created
customresourcedefinition.apiextensions.k8s.io/quotaspecbindings.config.istio.io created
customresourcedefinition.apiextensions.k8s.io/quotaspecs.config.istio.io created
customresourcedefinition.apiextensions.k8s.io/rbacconfigs.rbac.istio.io created
customresourcedefinition.apiextensions.k8s.io/rules.config.istio.io created
customresourcedefinition.apiextensions.k8s.io/serviceentries.networking.istio.io created
customresourcedefinition.apiextensions.k8s.io/servicerolebindings.rbac.istio.io created
customresourcedefinition.apiextensions.k8s.io/serviceroles.rbac.istio.io created
customresourcedefinition.apiextensions.k8s.io/virtualservices.networking.istio.io created
customresourcedefinition.apiextensions.k8s.io/adapters.config.istio.io created
customresourcedefinition.apiextensions.k8s.io/instances.config.istio.io created
customresourcedefinition.apiextensions.k8s.io/templates.config.istio.io created
customresourcedefinition.apiextensions.k8s.io/handlers.config.istio.io created
customresourcedefinition.apiextensions.k8s.io/sidecars.networking.istio.io created
customresourcedefinition.apiextensions.k8s.io/authorizationpolicies.security.istio.io created
namespace/istio-system created
serviceaccount/istio-reader-service-account created
clusterrole.rbac.authorization.k8s.io/istio-citadel-istio-system created
clusterrolebinding.rbac.authorization.k8s.io/istio-citadel-istio-system created
deployment.apps/istio-citadel created
poddisruptionbudget.policy/istio-citadel created
service/istio-citadel created
serviceaccount/istio-citadel-service-account created
deployment.apps/istio-egressgateway created
poddisruptionbudget.policy/istio-egressgateway created
gateway.networking.istio.io/istio-multicluster-egressgateway created
virtualservice.networking.istio.io/istio-multicluster-egressgateway created
envoyfilter.networking.istio.io/istio-multicluster-egressgateway created
destinationrule.networking.istio.io/istio-multicluster-destinationrule created
service/istio-egressgateway created
role.rbac.authorization.k8s.io/istio-egressgateway-sds created
rolebinding.rbac.authorization.k8s.io/istio-egressgateway-sds created
serviceaccount/istio-egressgateway-service-account created
clusterrole.rbac.authorization.k8s.io/istio-galley-istio-system created
clusterrolebinding.rbac.authorization.k8s.io/istio-galley-*****-role-binding-istio-system created
configmap/istio-mesh-galley created
configmap/istio-galley-configuration created
deployment.apps/istio-galley created
poddisruptionbudget.policy/istio-galley created
service/istio-galley created
serviceaccount/istio-galley-service-account created
configmap/istio-grafana-configuration-dashboards-citadel-dashboard created
configmap/istio-grafana-configuration-dashboards-galley-dashboard created
configmap/istio-grafana-configuration-dashboards-istio-mesh-dashboard created
configmap/istio-grafana-configuration-dashboards-istio-performance-dashboard created
configmap/istio-grafana-configuration-dashboards-istio-service-dashboard created
configmap/istio-grafana-configuration-dashboards-istio-workload-dashboard created
configmap/istio-grafana-configuration-dashboards-mixer-dashboard created
configmap/istio-grafana-configuration-dashboards-pilot-dashboard created
configmap/istio-grafana created
deployment.apps/grafana created
policy.authentication.istio.io/grafana-ports-mtls-disabled created
service/grafana created
deployment.apps/istio-ingressgateway created
gateway.networking.istio.io/ingressgateway created
poddisruptionbudget.policy/ingressgateway created
service/istio-ingressgateway created
serviceaccount/istio-ingressgateway-service-account created
sidecar.networking.istio.io/default created
clusterrole.rbac.authorization.k8s.io/istio-sidecar-injector-istio-system created
clusterrolebinding.rbac.authorization.k8s.io/istio-sidecar-injector-*****-role-binding-istio-system created
configmap/injector-mesh created
deployment.apps/istio-sidecar-injector created
mutatingwebhookconfiguration.admissionregistration.k8s.io/istio-sidecar-injector created
poddisruptionbudget.policy/istio-sidecar-injector created
service/istio-sidecar-injector created
serviceaccount/istio-sidecar-injector-service-account created
configmap/istio-sidecar-injector created
clusterrole.rbac.authorization.k8s.io/kiali created
clusterrole.rbac.authorization.k8s.io/kiali-viewer created
clusterrolebinding.rbac.authorization.k8s.io/kiali created
configmap/kiali created
secret/kiali created
deployment.apps/kiali created
service/kiali created
serviceaccount/kiali-service-account created
clusterrole.rbac.authorization.k8s.io/istio-pilot-istio-system created
clusterrolebinding.rbac.authorization.k8s.io/istio-pilot-istio-system created
configmap/pilot-envoy-config created
configmap/istio created
deployment.apps/istio-pilot created
meshpolicy.authentication.istio.io/default created
poddisruptionbudget.policy/istio-pilot created
service/istio-pilot created
serviceaccount/istio-pilot-service-account created
clusterrole.rbac.authorization.k8s.io/istio-policy created
clusterrolebinding.rbac.authorization.k8s.io/istio-policy-*****-role-binding-istio-system created
destinationrule.networking.istio.io/istio-policy created
deployment.apps/istio-policy created
poddisruptionbudget.policy/istio-policy created
service/istio-policy created
serviceaccount/istio-policy-service-account created
clusterrole.rbac.authorization.k8s.io/prometheus-istio-system created
clusterrolebinding.rbac.authorization.k8s.io/prometheus-istio-system created
configmap/prometheus created
deployment.apps/prometheus created
service/prometheus created
serviceaccount/prometheus created
horizontalpodautoscaler.autoscaling/istio-telemetry created
clusterrole.rbac.authorization.k8s.io/istio-mixer-istio-system created
clusterrolebinding.rbac.authorization.k8s.io/istio-mixer-*****-role-binding-istio-system created
attributemanifest.config.istio.io/istioproxy created
attributemanifest.config.istio.io/kubernetes created
handler.config.istio.io/stdio created
instance.config.istio.io/accesslog created
instance.config.istio.io/tcpaccesslog created
rule.config.istio.io/stdio created
rule.config.istio.io/stdiotcp created
instance.config.istio.io/requestcount created
instance.config.istio.io/requestduration created
instance.config.istio.io/requestsize created
instance.config.istio.io/responsesize created
instance.config.istio.io/tcpbytesent created
instance.config.istio.io/tcpbytereceived created
instance.config.istio.io/tcpconnectionsopened created
instance.config.istio.io/tcpconnectionsclosed created
handler.config.istio.io/prometheus created
rule.config.istio.io/promhttp created
rule.config.istio.io/promtcp created
rule.config.istio.io/promtcpconnectionopen created
rule.config.istio.io/promtcpconnectionclosed created
handler.config.istio.io/kubernetesenv created
rule.config.istio.io/kubeattrgenrulerule created
rule.config.istio.io/tcpkubeattrgenrulerule created
instance.config.istio.io/attributes created
destinationrule.networking.istio.io/istio-telemetry created
configmap/telemetry-envoy-config created
deployment.apps/istio-telemetry created
poddisruptionbudget.policy/istio-telemetry created
service/istio-telemetry created
serviceaccount/istio-mixer-service-account created
deployment.apps/istio-tracing created
service/jaeger-query created
service/jaeger-collector created
service/jaeger-agent created
service/zipkin created
service/tracing created
kubectl rollout status deployment.apps/istio-ingressgateway -n istio-system
Waiting for deployment "istio-ingressgateway" rollout to finish: 0 of 1 updated replicas are available...
deployment "istio-ingressgateway" successfully rolled out
kubectl rollout status deployment.apps/istio-pilot -n istio-system
deployment "istio-pilot" successfully rolled out
kubectl rollout status deployment.apps/istio-citadel -n istio-system
deployment "istio-citadel" successfully rolled out
kubectl create -f ../resources/seldon-gateway.yaml -n istio-system
gateway.networking.istio.io/seldon-gateway created
helm upgrade jaeger-operator \
	jaegertracing/jaeger-operator \
	--set rbac.clusterRole=true \
	--namespace seldon \
	--wait --install
Release "jaeger-operator" does not exist. Installing it now.
manifest_sorter.go:192: info: skipping unknown hook: "crd-install"
NAME: jaeger-operator
LAST DEPLOYED: Wed Oct 14 15:55:32 2020
NAMESPACE: seldon
STATUS: deployed
REVISION: 1
TEST SUITE: None
NOTES:
jaeger-operator is installed.


Check the jaeger-operator logs
  export POD=$(kubectl get pods-l app.kubernetes.io/instance=jaeger-operator -lapp.kubernetes.io/name=jaeger-operator --namespace seldon --output name)
  kubectl logs $POD --namespace=seldon
kubectl apply -f ../resources/jaeger.yaml --namespace seldon
jaeger.jaegertracing.io/jaeger created
mapping.getambassador.io/jaeger created
cd ../../operator && make install-cert-manager
make[1]: Entering directory '/workspace/source/operator'
kubectl create namespace cert-manager || echo "Namespace cert-manager-exists"
namespace/cert-manager created
kubectl label namespace cert-manager cert-manager.io/disable-validation=true || echo "namespace cert-manager-already labelled"
namespace/cert-manager labeled
kubectl apply --validate=false -f https://github.com/jetstack/cert-manager/releases/download/v0.12.0/cert-manager.yaml
customresourcedefinition.apiextensions.k8s.io/certificaterequests.cert-manager.io created
customresourcedefinition.apiextensions.k8s.io/certificates.cert-manager.io created
customresourcedefinition.apiextensions.k8s.io/challenges.acme.cert-manager.io created
customresourcedefinition.apiextensions.k8s.io/clusterissuers.cert-manager.io created
customresourcedefinition.apiextensions.k8s.io/issuers.cert-manager.io created
customresourcedefinition.apiextensions.k8s.io/orders.acme.cert-manager.io created
Warning: kubectl apply should be used on resource created by either kubectl create --save-config or kubectl apply
namespace/cert-manager configured
serviceaccount/cert-manager-cainjector created
serviceaccount/cert-manager created
serviceaccount/cert-manager-webhook created
clusterrole.rbac.authorization.k8s.io/cert-manager-cainjector created
clusterrolebinding.rbac.authorization.k8s.io/cert-manager-cainjector created
role.rbac.authorization.k8s.io/cert-manager-cainjector:leaderelection created
rolebinding.rbac.authorization.k8s.io/cert-manager-cainjector:leaderelection created
clusterrolebinding.rbac.authorization.k8s.io/cert-manager-webhook:auth-delegator created
rolebinding.rbac.authorization.k8s.io/cert-manager-webhook:webhook-authentication-reader created
clusterrole.rbac.authorization.k8s.io/cert-manager-webhook:webhook-requester created
role.rbac.authorization.k8s.io/cert-manager:leaderelection created
rolebinding.rbac.authorization.k8s.io/cert-manager:leaderelection created
clusterrole.rbac.authorization.k8s.io/cert-manager-controller-issuers created
clusterrole.rbac.authorization.k8s.io/cert-manager-controller-clusterissuers created
clusterrole.rbac.authorization.k8s.io/cert-manager-controller-certificates created
clusterrole.rbac.authorization.k8s.io/cert-manager-controller-orders created
clusterrole.rbac.authorization.k8s.io/cert-manager-controller-challenges created
clusterrole.rbac.authorization.k8s.io/cert-manager-controller-ingress-shim created
clusterrolebinding.rbac.authorization.k8s.io/cert-manager-controller-issuers created
clusterrolebinding.rbac.authorization.k8s.io/cert-manager-controller-clusterissuers created
clusterrolebinding.rbac.authorization.k8s.io/cert-manager-controller-certificates created
clusterrolebinding.rbac.authorization.k8s.io/cert-manager-controller-orders created
clusterrolebinding.rbac.authorization.k8s.io/cert-manager-controller-challenges created
clusterrolebinding.rbac.authorization.k8s.io/cert-manager-controller-ingress-shim created
clusterrole.rbac.authorization.k8s.io/cert-manager-view created
clusterrole.rbac.authorization.k8s.io/cert-manager-edit created
service/cert-manager created
service/cert-manager-webhook created
deployment.apps/cert-manager-cainjector created
deployment.apps/cert-manager created
deployment.apps/cert-manager-webhook created
mutatingwebhookconfiguration.admissionregistration.k8s.io/cert-manager-webhook created
validatingwebhookconfiguration.admissionregistration.k8s.io/cert-manager-webhook created
kubectl rollout status deployment.apps/cert-manager -n cert-manager
Waiting for deployment "cert-manager" rollout to finish: 0 of 1 updated replicas are available...
deployment "cert-manager" successfully rolled out
kubectl rollout status deployment.apps/cert-manager-cainjector -n cert-manager
deployment "cert-manager-cainjector" successfully rolled out
kubectl rollout status deployment.apps/cert-manager-webhook -n cert-manager
Waiting for deployment "cert-manager-webhook" rollout to finish: 0 of 1 updated replicas are available...
deployment "cert-manager-webhook" successfully rolled out
make[1]: Leaving directory '/workspace/source/operator'
sleep 5 #https://github.com/jetstack/cert-manager/issues/2273
kubectl create namespace seldon-system || echo "namespace seldon-system exists"
namespace/seldon-system created
helm delete seldon --namespace seldon-system || echo "seldon-core not installed"
Error: uninstall: Release not loaded: seldon: release: not found
seldon-core not installed
helm upgrade seldon \
	../../helm-charts/seldon-core-operator \
	--namespace seldon-system \
	--set istio.enabled=true \
	--set istio.gateway=istio-system/seldon-gateway \
	--set certManager.enabled=false \
	--set executor.enabled="true" \
	--wait --install
Release "seldon" does not exist. Installing it now.
NAME: seldon
LAST DEPLOYED: Wed Oct 14 15:56:17 2020
NAMESPACE: seldon-system
STATUS: deployed
REVISION: 1
TEST SUITE: None
kubectl config set-context $(kubectl config current-context) --namespace=seldon
Context "kind-kind" modified.
kubectl apply -f metrics.yaml
clusterrole.rbac.authorization.k8s.io/system:aggregated-metrics-reader created
clusterrolebinding.rbac.authorization.k8s.io/metrics-server:system:auth-delegator created
rolebinding.rbac.authorization.k8s.io/metrics-server-auth-reader created
apiservice.apiregistration.k8s.io/v1beta1.metrics.k8s.io created
serviceaccount/metrics-server created
deployment.apps/metrics-server created
service/metrics-server created
clusterrole.rbac.authorization.k8s.io/system:metrics-server created
clusterrolebinding.rbac.authorization.k8s.io/system:metrics-server created
make: Entering directory '/workspace/source/python'
pip install -e . -r requirements-dev.txt
Obtaining file:///workspace/source/python
Collecting black==19.10b0
  Downloading black-19.10b0-py36-none-any.whl (97 kB)
Collecting flake8==3.8.1
  Downloading flake8-3.8.1-py2.py3-none-any.whl (72 kB)
Collecting mypy<0.791
  Downloading mypy-0.790-cp36-cp36m-manylinux1_x86_64.whl (21.0 MB)
Requirement already satisfied: Pillow==7.2.0 in /usr/local/lib/python3.6/site-packages (from -r requirements-dev.txt (line 5)) (7.2.0)
Collecting pytest==6.1.0
  Downloading pytest-6.1.0-py3-none-any.whl (272 kB)
Collecting pytest-cov==2.10.1
  Downloading pytest_cov-2.10.1-py2.py3-none-any.whl (19 kB)
Collecting tox<4.0.0
  Downloading tox-3.20.1-py2.py3-none-any.whl (83 kB)
Requirement already satisfied: grpcio-tools==1.32.0 in /usr/local/lib/python3.6/site-packages (from -r requirements-dev.txt (line 9)) (1.32.0)
Collecting mypy-protobuf==1.22
  Downloading mypy_protobuf-1.22-py3-none-any.whl (7.5 kB)
Collecting tenacity==6.2.0
  Downloading tenacity-6.2.0-py2.py3-none-any.whl (24 kB)
Collecting coverage==5.3
  Downloading coverage-5.3-cp36-cp36m-manylinux1_x86_64.whl (229 kB)
Collecting pandas==1.1.0
  Downloading pandas-1.1.0-cp36-cp36m-manylinux1_x86_64.whl (10.5 MB)
Collecting pip-licenses==2.3.0
  Downloading pip_licenses-2.3.0-py3-none-any.whl (14 kB)
Collecting Flask<2.0.0
  Downloading Flask-1.1.2-py2.py3-none-any.whl (94 kB)
Requirement already satisfied: jsonschema<4.0.0 in /usr/local/lib/python3.6/site-packages (from seldon-core==1.3.0.dev0) (3.2.0)
Collecting Flask-cors<4.0.0
  Downloading Flask_Cors-3.0.9-py2.py3-none-any.whl (14 kB)
Collecting redis<4.0.0
  Downloading redis-3.5.3-py2.py3-none-any.whl (72 kB)
Requirement already satisfied: requests<3.0.0 in /usr/local/lib/python3.6/site-packages (from seldon-core==1.3.0.dev0) (2.24.0)
Requirement already satisfied: numpy<2.0.0 in /usr/local/lib/python3.6/site-packages (from seldon-core==1.3.0.dev0) (1.19.2)
Collecting flatbuffers<2.0.0
  Downloading flatbuffers-1.12-py2.py3-none-any.whl (15 kB)
Requirement already satisfied: protobuf<4.0.0 in /usr/local/lib/python3.6/site-packages (from seldon-core==1.3.0.dev0) (3.13.0)
Requirement already satisfied: grpcio<2.0.0 in /usr/local/lib/python3.6/site-packages (from seldon-core==1.3.0.dev0) (1.32.0)
Collecting Flask-OpenTracing<1.2.0,>=1.1.0
  Downloading Flask-OpenTracing-1.1.0.tar.gz (8.2 kB)
Collecting opentracing<2.4.0,>=2.2.0
  Downloading opentracing-2.3.0.tar.gz (48 kB)
Collecting jaeger-client<4.4.0,>=4.1.0
  Downloading jaeger-client-4.3.0.tar.gz (81 kB)
Collecting grpcio-opentracing<1.2.0,>=1.1.4
  Downloading grpcio_opentracing-1.1.4-py3-none-any.whl (14 kB)
Requirement already satisfied: PyYAML<5.4 in /usr/local/lib/python3.6/site-packages (from seldon-core==1.3.0.dev0) (5.3.1)
Collecting gunicorn<20.1.0,>=19.9.0
  Downloading gunicorn-20.0.4-py2.py3-none-any.whl (77 kB)
Requirement already satisfied: setuptools>=41.0.0 in /usr/local/lib/python3.6/site-packages (from seldon-core==1.3.0.dev0) (50.3.0)
Requirement already satisfied: prometheus_client<0.9.0,>=0.7.1 in /usr/local/lib/python3.6/site-packages (from seldon-core==1.3.0.dev0) (0.8.0)
Collecting toml>=0.9.4
  Downloading toml-0.10.1-py2.py3-none-any.whl (19 kB)
Requirement already satisfied: attrs>=18.1.0 in /usr/local/lib/python3.6/site-packages (from black==19.10b0->-r requirements-dev.txt (line 2)) (20.2.0)
Collecting pathspec<1,>=0.6
  Downloading pathspec-0.8.0-py2.py3-none-any.whl (28 kB)
Collecting click>=6.5
  Downloading click-7.1.2-py2.py3-none-any.whl (82 kB)
Collecting appdirs
  Downloading appdirs-1.4.4-py2.py3-none-any.whl (9.6 kB)
Collecting typed-ast>=1.4.0
  Downloading typed_ast-1.4.1-cp36-cp36m-manylinux1_x86_64.whl (737 kB)
Collecting regex
  Downloading regex-2020.10.11-cp36-cp36m-manylinux2010_x86_64.whl (662 kB)
Collecting pyflakes<2.3.0,>=2.2.0
  Downloading pyflakes-2.2.0-py2.py3-none-any.whl (66 kB)
Collecting mccabe<0.7.0,>=0.6.0
  Downloading mccabe-0.6.1-py2.py3-none-any.whl (8.6 kB)
Requirement already satisfied: importlib-metadata; python_version < "3.8" in /usr/local/lib/python3.6/site-packages (from flake8==3.8.1->-r requirements-dev.txt (line 3)) (2.0.0)
Collecting pycodestyle<2.7.0,>=2.6.0a1
  Downloading pycodestyle-2.6.0-py2.py3-none-any.whl (41 kB)
Requirement already satisfied: typing-extensions>=3.7.4 in /usr/local/lib/python3.6/site-packages (from mypy<0.791->-r requirements-dev.txt (line 4)) (3.7.4.3)
Collecting mypy-extensions<0.5.0,>=0.4.3
  Downloading mypy_extensions-0.4.3-py2.py3-none-any.whl (4.5 kB)
Requirement already satisfied: packaging in /usr/local/lib/python3.6/site-packages (from pytest==6.1.0->-r requirements-dev.txt (line 6)) (20.4)
Requirement already satisfied: pluggy<1.0,>=0.12 in /usr/local/lib/python3.6/site-packages (from pytest==6.1.0->-r requirements-dev.txt (line 6)) (0.13.1)
Requirement already satisfied: py>=1.8.2 in /usr/local/lib/python3.6/site-packages (from pytest==6.1.0->-r requirements-dev.txt (line 6)) (1.9.0)
Collecting iniconfig
  Downloading iniconfig-1.1.1.tar.gz (8.1 kB)
  Installing build dependencies: started
  Installing build dependencies: finished with status 'done'
  Getting requirements to build wheel: started
  Getting requirements to build wheel: finished with status 'done'
    Preparing wheel metadata: started
    Preparing wheel metadata: finished with status 'done'
Collecting filelock>=3.0.0
  Downloading filelock-3.0.12-py3-none-any.whl (7.6 kB)
Collecting virtualenv!=20.0.0,!=20.0.1,!=20.0.2,!=20.0.3,!=20.0.4,!=20.0.5,!=20.0.6,!=20.0.7,>=16.0.0
  Downloading virtualenv-20.0.34-py2.py3-none-any.whl (4.9 MB)
Requirement already satisfied: six>=1.14.0 in /usr/local/lib/python3.6/site-packages (from tox<4.0.0->-r requirements-dev.txt (line 8)) (1.15.0)
Requirement already satisfied: pytz>=2017.2 in /usr/local/lib/python3.6/site-packages (from pandas==1.1.0->-r requirements-dev.txt (line 19)) (2020.1)
Requirement already satisfied: python-dateutil>=2.7.3 in /usr/local/lib/python3.6/site-packages (from pandas==1.1.0->-r requirements-dev.txt (line 19)) (2.8.1)
Collecting PTable
  Downloading PTable-0.9.2.tar.gz (31 kB)
Requirement already satisfied: Jinja2>=2.10.1 in /usr/local/lib/python3.6/site-packages (from Flask<2.0.0->seldon-core==1.3.0.dev0) (2.11.2)
Collecting itsdangerous>=0.24
  Downloading itsdangerous-1.1.0-py2.py3-none-any.whl (16 kB)
Requirement already satisfied: Werkzeug>=0.15 in /usr/local/lib/python3.6/site-packages (from Flask<2.0.0->seldon-core==1.3.0.dev0) (1.0.1)
Requirement already satisfied: pyrsistent>=0.14.0 in /usr/local/lib/python3.6/site-packages (from jsonschema<4.0.0->seldon-core==1.3.0.dev0) (0.17.3)
Requirement already satisfied: chardet<4,>=3.0.2 in /usr/local/lib/python3.6/site-packages (from requests<3.0.0->seldon-core==1.3.0.dev0) (3.0.4)
Requirement already satisfied: certifi>=2017.4.17 in /usr/local/lib/python3.6/site-packages (from requests<3.0.0->seldon-core==1.3.0.dev0) (2020.6.20)
Requirement already satisfied: idna<3,>=2.5 in /usr/local/lib/python3.6/site-packages (from requests<3.0.0->seldon-core==1.3.0.dev0) (2.10)
Requirement already satisfied: urllib3!=1.25.0,!=1.25.1,<1.26,>=1.21.1 in /usr/local/lib/python3.6/site-packages (from requests<3.0.0->seldon-core==1.3.0.dev0) (1.25.10)
Collecting threadloop<2,>=1
  Downloading threadloop-1.0.2.tar.gz (4.9 kB)
Collecting thrift
  Downloading thrift-0.13.0.tar.gz (59 kB)
Requirement already satisfied: tornado>=4.3 in /usr/local/lib/python3.6/site-packages (from jaeger-client<4.4.0,>=4.1.0->seldon-core==1.3.0.dev0) (6.0.4)
Requirement already satisfied: zipp>=0.5 in /usr/local/lib/python3.6/site-packages (from importlib-metadata; python_version < "3.8"->flake8==3.8.1->-r requirements-dev.txt (line 3)) (3.3.0)
Requirement already satisfied: pyparsing>=2.0.2 in /usr/local/lib/python3.6/site-packages (from packaging->pytest==6.1.0->-r requirements-dev.txt (line 6)) (2.4.7)
Collecting distlib<1,>=0.3.1
  Downloading distlib-0.3.1-py2.py3-none-any.whl (335 kB)
Collecting importlib-resources>=1.0; python_version < "3.7"
  Downloading importlib_resources-3.0.0-py2.py3-none-any.whl (23 kB)
Requirement already satisfied: MarkupSafe>=0.23 in /usr/local/lib/python3.6/site-packages (from Jinja2>=2.10.1->Flask<2.0.0->seldon-core==1.3.0.dev0) (1.1.1)
Building wheels for collected packages: Flask-OpenTracing, opentracing, jaeger-client, iniconfig, PTable, threadloop, thrift
  Building wheel for Flask-OpenTracing (setup.py): started
  Building wheel for Flask-OpenTracing (setup.py): finished with status 'done'
  Created wheel for Flask-OpenTracing: filename=Flask_OpenTracing-1.1.0-py3-none-any.whl size=9071 sha256=c153932b1a2cd8d399ff01ba32bdc9e26ffb7c2d3dff41568152ae396460d8c8
  Stored in directory: /builder/home/.cache/pip/wheels/ad/4b/2d/24ff0da0a0b53c7c77ce59b843bcceaf644c88703241e59615
  Building wheel for opentracing (setup.py): started
  Building wheel for opentracing (setup.py): finished with status 'done'
  Created wheel for opentracing: filename=opentracing-2.3.0-py3-none-any.whl size=51346 sha256=a9d87a26a1c897b6e95bee5bd26066797a87d3eebd3cdb42d3f1c7a6dffdb207
  Stored in directory: /builder/home/.cache/pip/wheels/d4/53/31/bfca74f038fa9f83eb7de2131555b75ffa9bcbca18d23e5edf
  Building wheel for jaeger-client (setup.py): started
  Building wheel for jaeger-client (setup.py): finished with status 'done'
  Created wheel for jaeger-client: filename=jaeger_client-4.3.0-py3-none-any.whl size=64290 sha256=66d6021dd9554f6c1f9896f4e03dbfb6e2e00201b1405b6fef5f318b30af5d54
  Stored in directory: /builder/home/.cache/pip/wheels/a8/37/30/d86c970966efbf6da89e8085db50f2be4cf36ca68513eff785
  Building wheel for iniconfig (PEP 517): started
  Building wheel for iniconfig (PEP 517): finished with status 'done'
  Created wheel for iniconfig: filename=iniconfig-1.1.1-py2.py3-none-any.whl size=4990 sha256=d7edcea74b3fd023527453a5a29251889a0a1e7d26220a8e659b8949c4b477ed
  Stored in directory: /builder/home/.cache/pip/wheels/15/10/56/1a54efcb0993cc193bb0b1aa13815381687f662252f1f778bc
  Building wheel for PTable (setup.py): started
  Building wheel for PTable (setup.py): finished with status 'done'
  Created wheel for PTable: filename=PTable-0.9.2-py3-none-any.whl size=22907 sha256=5545806a72aafd7e24491f22e18eae817704518021617ded472f8986a45811f0
  Stored in directory: /builder/home/.cache/pip/wheels/f3/65/67/71f473ec87ea4554d1bdfb1b5128cfe1414c2b113b72a1ee8e
  Building wheel for threadloop (setup.py): started
  Building wheel for threadloop (setup.py): finished with status 'done'
  Created wheel for threadloop: filename=threadloop-1.0.2-py3-none-any.whl size=3425 sha256=e4f43a88d27779f2789a9653d1c466052bcba4df3f2398300a9f6e28beae2618
  Stored in directory: /builder/home/.cache/pip/wheels/02/54/65/9f87de48fe8fcaaee30f279973d946ad55f9df56b93b3e78da
  Building wheel for thrift (setup.py): started
  Building wheel for thrift (setup.py): finished with status 'done'
  Created wheel for thrift: filename=thrift-0.13.0-cp36-cp36m-linux_x86_64.whl size=483896 sha256=bd9d5ad3e418bb8788437823ba5052313388b8a27022214a4af9d65a74fed79c
  Stored in directory: /builder/home/.cache/pip/wheels/e0/38/fc/472fe18756b177b42096961f8bd3ff2dc5c5620ac399fce52d
Successfully built Flask-OpenTracing opentracing jaeger-client iniconfig PTable threadloop thrift
Installing collected packages: toml, pathspec, click, appdirs, typed-ast, regex, black, pyflakes, mccabe, pycodestyle, flake8, mypy-extensions, mypy, iniconfig, pytest, coverage, pytest-cov, filelock, distlib, importlib-resources, virtualenv, tox, mypy-protobuf, tenacity, pandas, PTable, pip-licenses, itsdangerous, Flask, Flask-cors, redis, flatbuffers, opentracing, Flask-OpenTracing, threadloop, thrift, jaeger-client, grpcio-opentracing, gunicorn, seldon-core
  Attempting uninstall: pytest
    Found existing installation: pytest 5.3.1
    Uninstalling pytest-5.3.1:
      Successfully uninstalled pytest-5.3.1
  Attempting uninstall: coverage
    Found existing installation: coverage 4.5.4
    Uninstalling coverage-4.5.4:
      Successfully uninstalled coverage-4.5.4
  Attempting uninstall: pytest-cov
    Found existing installation: pytest-cov 2.8.1
    Uninstalling pytest-cov-2.8.1:
      Successfully uninstalled pytest-cov-2.8.1
  Attempting uninstall: tenacity
    Found existing installation: tenacity 6.0.0
    Uninstalling tenacity-6.0.0:
      Successfully uninstalled tenacity-6.0.0
  Attempting uninstall: pandas
    Found existing installation: pandas 1.1.3
    Uninstalling pandas-1.1.3:
      Successfully uninstalled pandas-1.1.3
  Running setup.py develop for seldon-core
Successfully installed Flask-1.1.2 Flask-OpenTracing-1.1.0 Flask-cors-3.0.9 PTable-0.9.2 appdirs-1.4.4 black-19.10b0 click-7.1.2 coverage-5.3 distlib-0.3.1 filelock-3.0.12 flake8-3.8.1 flatbuffers-1.12 grpcio-opentracing-1.1.4 gunicorn-20.0.4 importlib-resources-3.0.0 iniconfig-1.1.1 itsdangerous-1.1.0 jaeger-client-4.3.0 mccabe-0.6.1 mypy-0.790 mypy-extensions-0.4.3 mypy-protobuf-1.22 opentracing-2.3.0 pandas-1.1.0 pathspec-0.8.0 pip-licenses-2.3.0 pycodestyle-2.6.0 pyflakes-2.2.0 pytest-6.1.0 pytest-cov-2.10.1 redis-3.5.3 regex-2020.10.11 seldon-core tenacity-6.2.0 threadloop-1.0.2 thrift-0.13.0 toml-0.10.1 tox-3.20.1 typed-ast-1.4.1 virtualenv-20.0.34
ERROR: After October 2020 you may experience errors when installing or updating packages. This is because pip will change the way that it resolves dependency conflicts.

We recommend you use --use-feature=2020-resolver to test your packages with the new resolver before it becomes the default.

alibi 0.5.2 requires tensorflow>=2.0, but you'll have tensorflow 1.15.4 which is incompatible.
make: Leaving directory '/workspace/source/python'
cp ../../proto/prediction.proto ./proto
cd ../../proto/tensorflow && make create_protos
make[1]: Entering directory '/workspace/source/proto/tensorflow'
./create-protos.sh
Downloading proto files for master
make[1]: Leaving directory '/workspace/source/proto/tensorflow'
cp -vr ../../proto/tensorflow/tensorflow .
'../../proto/tensorflow/tensorflow' -> './tensorflow'
'../../proto/tensorflow/tensorflow/core' -> './tensorflow/core'
'../../proto/tensorflow/tensorflow/core/framework' -> './tensorflow/core/framework'
'../../proto/tensorflow/tensorflow/core/framework/types.proto' -> './tensorflow/core/framework/types.proto'
'../../proto/tensorflow/tensorflow/core/framework/resource_handle.proto' -> './tensorflow/core/framework/resource_handle.proto'
'../../proto/tensorflow/tensorflow/core/framework/tensor_shape.proto' -> './tensorflow/core/framework/tensor_shape.proto'
'../../proto/tensorflow/tensorflow/core/framework/tensor.proto' -> './tensorflow/core/framework/tensor.proto'
python -m grpc.tools.protoc -I. --python_out=. --grpc_python_out=. ./proto/prediction.proto
cd ../../notebooks && make build_protos
make[1]: Entering directory '/workspace/source/notebooks'
cd ../proto/tensorflow && make create_protos
make[2]: Entering directory '/workspace/source/proto/tensorflow'
make[2]: Nothing to be done for 'create_protos'.
make[2]: Leaving directory '/workspace/source/proto/tensorflow'
cp -vr ../proto/tensorflow/tensorflow .
'../proto/tensorflow/tensorflow' -> './tensorflow'
'../proto/tensorflow/tensorflow/core' -> './tensorflow/core'
'../proto/tensorflow/tensorflow/core/framework' -> './tensorflow/core/framework'
'../proto/tensorflow/tensorflow/core/framework/types.proto' -> './tensorflow/core/framework/types.proto'
'../proto/tensorflow/tensorflow/core/framework/resource_handle.proto' -> './tensorflow/core/framework/resource_handle.proto'
'../proto/tensorflow/tensorflow/core/framework/tensor_shape.proto' -> './tensorflow/core/framework/tensor_shape.proto'
'../proto/tensorflow/tensorflow/core/framework/tensor.proto' -> './tensorflow/core/framework/tensor.proto'
cp ../proto/prediction.proto ./proto
python -m grpc.tools.protoc -I. --python_out=. --grpc_python_out=. ./proto/prediction.proto
make[1]: Leaving directory '/workspace/source/notebooks'
cd ../../proto/k8s && make create_protos
make[1]: Entering directory '/workspace/source/proto/k8s'
./create-k8s-protos.sh
Downloading proto files for master
Munging proto file packages
sed -i.bak 's|import "k8s.io/apiextensions-apiserver/|//import "k8s.io/apiextensions-apiserver/|' k8s.io/api/core/v1/generated.proto
rm k8s.io/api/core/v1/generated.proto.bak
make[1]: Leaving directory '/workspace/source/proto/k8s'
pip install -r dev_requirements.txt
Collecting pytest==5.3.1
  Downloading pytest-5.3.1-py3-none-any.whl (233 kB)
Requirement already satisfied: pytest-xdist==1.30.0 in /usr/local/lib/python3.6/site-packages (from -r dev_requirements.txt (line 2)) (1.30.0)
Collecting pytest-cov==2.8.1
  Downloading pytest_cov-2.8.1-py2.py3-none-any.whl (18 kB)
Requirement already satisfied: flaky==3.6.1 in /usr/local/lib/python3.6/site-packages (from -r dev_requirements.txt (line 4)) (3.6.1)
Collecting tenacity==6.0.0
  Downloading tenacity-6.0.0-py2.py3-none-any.whl (24 kB)
Requirement already satisfied: sh==1.13.1 in /usr/local/lib/python3.6/site-packages (from -r dev_requirements.txt (line 6)) (1.13.1)
Requirement already satisfied: ipython==7.13.0 in /usr/local/lib/python3.6/site-packages (from -r dev_requirements.txt (line 9)) (7.13.0)
Requirement already satisfied: nbconvert==5.6.1 in /usr/local/lib/python3.6/site-packages (from -r dev_requirements.txt (line 10)) (5.6.1)
Requirement already satisfied: alibi==0.5.2 in /usr/local/lib/python3.6/site-packages (from -r dev_requirements.txt (line 11)) (0.5.2)
Requirement already satisfied: shap==0.35.0 in /usr/local/lib/python3.6/site-packages (from -r dev_requirements.txt (line 12)) (0.35.0)
Requirement already satisfied: matplotlib==3.1.3 in /usr/local/lib/python3.6/site-packages (from -r dev_requirements.txt (line 13)) (3.1.3)
Requirement already satisfied: tensorflow==1.15.4 in /usr/local/lib/python3.6/site-packages (from -r dev_requirements.txt (line 14)) (1.15.4)
Collecting coverage==4.5.4
  Downloading coverage-4.5.4-cp36-cp36m-manylinux1_x86_64.whl (205 kB)
Requirement already satisfied: wcwidth in /usr/local/lib/python3.6/site-packages (from pytest==5.3.1->-r dev_requirements.txt (line 1)) (0.2.5)
Requirement already satisfied: py>=1.5.0 in /usr/local/lib/python3.6/site-packages (from pytest==5.3.1->-r dev_requirements.txt (line 1)) (1.9.0)
Requirement already satisfied: importlib-metadata>=0.12; python_version < "3.8" in /usr/local/lib/python3.6/site-packages (from pytest==5.3.1->-r dev_requirements.txt (line 1)) (2.0.0)
Requirement already satisfied: attrs>=17.4.0 in /usr/local/lib/python3.6/site-packages (from pytest==5.3.1->-r dev_requirements.txt (line 1)) (20.2.0)
Requirement already satisfied: pluggy<1.0,>=0.12 in /usr/local/lib/python3.6/site-packages (from pytest==5.3.1->-r dev_requirements.txt (line 1)) (0.13.1)
Requirement already satisfied: packaging in /usr/local/lib/python3.6/site-packages (from pytest==5.3.1->-r dev_requirements.txt (line 1)) (20.4)
Requirement already satisfied: more-itertools>=4.0.0 in /usr/local/lib/python3.6/site-packages (from pytest==5.3.1->-r dev_requirements.txt (line 1)) (8.5.0)
Requirement already satisfied: six in /usr/local/lib/python3.6/site-packages (from pytest-xdist==1.30.0->-r dev_requirements.txt (line 2)) (1.15.0)
Requirement already satisfied: pytest-forked in /usr/local/lib/python3.6/site-packages (from pytest-xdist==1.30.0->-r dev_requirements.txt (line 2)) (1.3.0)
Requirement already satisfied: execnet>=1.1 in /usr/local/lib/python3.6/site-packages (from pytest-xdist==1.30.0->-r dev_requirements.txt (line 2)) (1.7.1)
Requirement already satisfied: backcall in /usr/local/lib/python3.6/site-packages (from ipython==7.13.0->-r dev_requirements.txt (line 9)) (0.2.0)
Requirement already satisfied: pickleshare in /usr/local/lib/python3.6/site-packages (from ipython==7.13.0->-r dev_requirements.txt (line 9)) (0.7.5)
Requirement already satisfied: pygments in /usr/local/lib/python3.6/site-packages (from ipython==7.13.0->-r dev_requirements.txt (line 9)) (2.7.1)
Requirement already satisfied: prompt-toolkit!=3.0.0,!=3.0.1,<3.1.0,>=2.0.0 in /usr/local/lib/python3.6/site-packages (from ipython==7.13.0->-r dev_requirements.txt (line 9)) (3.0.7)
Requirement already satisfied: setuptools>=18.5 in /usr/local/lib/python3.6/site-packages (from ipython==7.13.0->-r dev_requirements.txt (line 9)) (50.3.0)
Requirement already satisfied: traitlets>=4.2 in /usr/local/lib/python3.6/site-packages (from ipython==7.13.0->-r dev_requirements.txt (line 9)) (4.3.3)
Requirement already satisfied: jedi>=0.10 in /usr/local/lib/python3.6/site-packages (from ipython==7.13.0->-r dev_requirements.txt (line 9)) (0.17.2)
Requirement already satisfied: decorator in /usr/local/lib/python3.6/site-packages (from ipython==7.13.0->-r dev_requirements.txt (line 9)) (4.4.2)
Requirement already satisfied: pexpect; sys_platform != "win32" in /usr/local/lib/python3.6/site-packages (from ipython==7.13.0->-r dev_requirements.txt (line 9)) (4.8.0)
Requirement already satisfied: mistune<2,>=0.8.1 in /usr/local/lib/python3.6/site-packages (from nbconvert==5.6.1->-r dev_requirements.txt (line 10)) (0.8.4)
Requirement already satisfied: jupyter-core in /usr/local/lib/python3.6/site-packages (from nbconvert==5.6.1->-r dev_requirements.txt (line 10)) (4.6.3)
Requirement already satisfied: testpath in /usr/local/lib/python3.6/site-packages (from nbconvert==5.6.1->-r dev_requirements.txt (line 10)) (0.4.4)
Requirement already satisfied: pandocfilters>=1.4.1 in /usr/local/lib/python3.6/site-packages (from nbconvert==5.6.1->-r dev_requirements.txt (line 10)) (1.4.2)
Requirement already satisfied: entrypoints>=0.2.2 in /usr/local/lib/python3.6/site-packages (from nbconvert==5.6.1->-r dev_requirements.txt (line 10)) (0.3)
Requirement already satisfied: bleach in /usr/local/lib/python3.6/site-packages (from nbconvert==5.6.1->-r dev_requirements.txt (line 10)) (3.2.1)
Requirement already satisfied: nbformat>=4.4 in /usr/local/lib/python3.6/site-packages (from nbconvert==5.6.1->-r dev_requirements.txt (line 10)) (5.0.7)
Requirement already satisfied: jinja2>=2.4 in /usr/local/lib/python3.6/site-packages (from nbconvert==5.6.1->-r dev_requirements.txt (line 10)) (2.11.2)
Requirement already satisfied: defusedxml in /usr/local/lib/python3.6/site-packages (from nbconvert==5.6.1->-r dev_requirements.txt (line 10)) (0.6.0)
Requirement already satisfied: numpy in /usr/local/lib/python3.6/site-packages (from alibi==0.5.2->-r dev_requirements.txt (line 11)) (1.19.2)
Requirement already satisfied: pandas in /usr/local/lib/python3.6/site-packages (from alibi==0.5.2->-r dev_requirements.txt (line 11)) (1.1.0)
Requirement already satisfied: prettyprinter in /usr/local/lib/python3.6/site-packages (from alibi==0.5.2->-r dev_requirements.txt (line 11)) (0.18.0)
Requirement already satisfied: spacy[lookups] in /usr/local/lib/python3.6/site-packages (from alibi==0.5.2->-r dev_requirements.txt (line 11)) (2.3.2)
Requirement already satisfied: scikit-learn in /usr/local/lib/python3.6/site-packages (from alibi==0.5.2->-r dev_requirements.txt (line 11)) (0.23.2)
Requirement already satisfied: scikit-image!=0.17.1 in /usr/local/lib/python3.6/site-packages (from alibi==0.5.2->-r dev_requirements.txt (line 11)) (0.17.2)
Requirement already satisfied: typing-extensions>=3.7.2 in /usr/local/lib/python3.6/site-packages (from alibi==0.5.2->-r dev_requirements.txt (line 11)) (3.7.4.3)
Requirement already satisfied: Pillow in /usr/local/lib/python3.6/site-packages (from alibi==0.5.2->-r dev_requirements.txt (line 11)) (7.2.0)
Requirement already satisfied: requests in /usr/local/lib/python3.6/site-packages (from alibi==0.5.2->-r dev_requirements.txt (line 11)) (2.24.0)
Requirement already satisfied: scipy in /usr/local/lib/python3.6/site-packages (from alibi==0.5.2->-r dev_requirements.txt (line 11)) (1.5.2)
Requirement already satisfied: beautifulsoup4 in /usr/local/lib/python3.6/site-packages (from alibi==0.5.2->-r dev_requirements.txt (line 11)) (4.9.3)
Requirement already satisfied: tqdm>4.25.0 in /usr/local/lib/python3.6/site-packages (from shap==0.35.0->-r dev_requirements.txt (line 12)) (4.50.2)
Requirement already satisfied: python-dateutil>=2.1 in /usr/local/lib/python3.6/site-packages (from matplotlib==3.1.3->-r dev_requirements.txt (line 13)) (2.8.1)
Requirement already satisfied: pyparsing!=2.0.4,!=2.1.2,!=2.1.6,>=2.0.1 in /usr/local/lib/python3.6/site-packages (from matplotlib==3.1.3->-r dev_requirements.txt (line 13)) (2.4.7)
Requirement already satisfied: kiwisolver>=1.0.1 in /usr/local/lib/python3.6/site-packages (from matplotlib==3.1.3->-r dev_requirements.txt (line 13)) (1.2.0)
Requirement already satisfied: cycler>=0.10 in /usr/local/lib/python3.6/site-packages (from matplotlib==3.1.3->-r dev_requirements.txt (line 13)) (0.10.0)
Requirement already satisfied: tensorflow-estimator==1.15.1 in /usr/local/lib/python3.6/site-packages (from tensorflow==1.15.4->-r dev_requirements.txt (line 14)) (1.15.1)
Requirement already satisfied: wheel>=0.26; python_version >= "3" in /usr/local/lib/python3.6/site-packages (from tensorflow==1.15.4->-r dev_requirements.txt (line 14)) (0.35.1)
Requirement already satisfied: protobuf>=3.6.1 in /usr/local/lib/python3.6/site-packages (from tensorflow==1.15.4->-r dev_requirements.txt (line 14)) (3.13.0)
Requirement already satisfied: keras-applications>=1.0.8 in /usr/local/lib/python3.6/site-packages (from tensorflow==1.15.4->-r dev_requirements.txt (line 14)) (1.0.8)
Requirement already satisfied: opt-einsum>=2.3.2 in /usr/local/lib/python3.6/site-packages (from tensorflow==1.15.4->-r dev_requirements.txt (line 14)) (3.3.0)
Requirement already satisfied: tensorboard<1.16.0,>=1.15.0 in /usr/local/lib/python3.6/site-packages (from tensorflow==1.15.4->-r dev_requirements.txt (line 14)) (1.15.0)
Requirement already satisfied: wrapt>=1.11.1 in /usr/local/lib/python3.6/site-packages (from tensorflow==1.15.4->-r dev_requirements.txt (line 14)) (1.12.1)
Requirement already satisfied: termcolor>=1.1.0 in /usr/local/lib/python3.6/site-packages (from tensorflow==1.15.4->-r dev_requirements.txt (line 14)) (1.1.0)
Requirement already satisfied: gast==0.2.2 in /usr/local/lib/python3.6/site-packages (from tensorflow==1.15.4->-r dev_requirements.txt (line 14)) (0.2.2)
Requirement already satisfied: grpcio>=1.8.6 in /usr/local/lib/python3.6/site-packages (from tensorflow==1.15.4->-r dev_requirements.txt (line 14)) (1.32.0)
Requirement already satisfied: google-pasta>=0.1.6 in /usr/local/lib/python3.6/site-packages (from tensorflow==1.15.4->-r dev_requirements.txt (line 14)) (0.2.0)
Requirement already satisfied: absl-py>=0.7.0 in /usr/local/lib/python3.6/site-packages (from tensorflow==1.15.4->-r dev_requirements.txt (line 14)) (0.10.0)
Requirement already satisfied: astor>=0.6.0 in /usr/local/lib/python3.6/site-packages (from tensorflow==1.15.4->-r dev_requirements.txt (line 14)) (0.8.1)
Requirement already satisfied: keras-preprocessing>=1.0.5 in /usr/local/lib/python3.6/site-packages (from tensorflow==1.15.4->-r dev_requirements.txt (line 14)) (1.1.2)
Requirement already satisfied: zipp>=0.5 in /usr/local/lib/python3.6/site-packages (from importlib-metadata>=0.12; python_version < "3.8"->pytest==5.3.1->-r dev_requirements.txt (line 1)) (3.3.0)
Requirement already satisfied: apipkg>=1.4 in /usr/local/lib/python3.6/site-packages (from execnet>=1.1->pytest-xdist==1.30.0->-r dev_requirements.txt (line 2)) (1.5)
Requirement already satisfied: ipython-genutils in /usr/local/lib/python3.6/site-packages (from traitlets>=4.2->ipython==7.13.0->-r dev_requirements.txt (line 9)) (0.2.0)
Requirement already satisfied: parso<0.8.0,>=0.7.0 in /usr/local/lib/python3.6/site-packages (from jedi>=0.10->ipython==7.13.0->-r dev_requirements.txt (line 9)) (0.7.1)
Requirement already satisfied: ptyprocess>=0.5 in /usr/local/lib/python3.6/site-packages (from pexpect; sys_platform != "win32"->ipython==7.13.0->-r dev_requirements.txt (line 9)) (0.6.0)
Requirement already satisfied: webencodings in /usr/local/lib/python3.6/site-packages (from bleach->nbconvert==5.6.1->-r dev_requirements.txt (line 10)) (0.5.1)
Requirement already satisfied: jsonschema!=2.5.0,>=2.4 in /usr/local/lib/python3.6/site-packages (from nbformat>=4.4->nbconvert==5.6.1->-r dev_requirements.txt (line 10)) (3.2.0)
Requirement already satisfied: MarkupSafe>=0.23 in /usr/local/lib/python3.6/site-packages (from jinja2>=2.4->nbconvert==5.6.1->-r dev_requirements.txt (line 10)) (1.1.1)
Requirement already satisfied: pytz>=2017.2 in /usr/local/lib/python3.6/site-packages (from pandas->alibi==0.5.2->-r dev_requirements.txt (line 11)) (2020.1)
Requirement already satisfied: colorful>=0.4.0 in /usr/local/lib/python3.6/site-packages (from prettyprinter->alibi==0.5.2->-r dev_requirements.txt (line 11)) (0.5.4)
Requirement already satisfied: wasabi<1.1.0,>=0.4.0 in /usr/local/lib/python3.6/site-packages (from spacy[lookups]->alibi==0.5.2->-r dev_requirements.txt (line 11)) (0.8.0)
Requirement already satisfied: preshed<3.1.0,>=3.0.2 in /usr/local/lib/python3.6/site-packages (from spacy[lookups]->alibi==0.5.2->-r dev_requirements.txt (line 11)) (3.0.2)
Requirement already satisfied: catalogue<1.1.0,>=0.0.7 in /usr/local/lib/python3.6/site-packages (from spacy[lookups]->alibi==0.5.2->-r dev_requirements.txt (line 11)) (1.0.0)
Requirement already satisfied: srsly<1.1.0,>=1.0.2 in /usr/local/lib/python3.6/site-packages (from spacy[lookups]->alibi==0.5.2->-r dev_requirements.txt (line 11)) (1.0.2)
Requirement already satisfied: cymem<2.1.0,>=2.0.2 in /usr/local/lib/python3.6/site-packages (from spacy[lookups]->alibi==0.5.2->-r dev_requirements.txt (line 11)) (2.0.3)
Requirement already satisfied: murmurhash<1.1.0,>=0.28.0 in /usr/local/lib/python3.6/site-packages (from spacy[lookups]->alibi==0.5.2->-r dev_requirements.txt (line 11)) (1.0.2)
Requirement already satisfied: plac<1.2.0,>=0.9.6 in /usr/local/lib/python3.6/site-packages (from spacy[lookups]->alibi==0.5.2->-r dev_requirements.txt (line 11)) (1.1.3)
Requirement already satisfied: blis<0.5.0,>=0.4.0 in /usr/local/lib/python3.6/site-packages (from spacy[lookups]->alibi==0.5.2->-r dev_requirements.txt (line 11)) (0.4.1)
Requirement already satisfied: thinc==7.4.1 in /usr/local/lib/python3.6/site-packages (from spacy[lookups]->alibi==0.5.2->-r dev_requirements.txt (line 11)) (7.4.1)
Requirement already satisfied: spacy-lookups-data<0.4.0,>=0.3.2; extra == "lookups" in /usr/local/lib/python3.6/site-packages (from spacy[lookups]->alibi==0.5.2->-r dev_requirements.txt (line 11)) (0.3.2)
Requirement already satisfied: threadpoolctl>=2.0.0 in /usr/local/lib/python3.6/site-packages (from scikit-learn->alibi==0.5.2->-r dev_requirements.txt (line 11)) (2.1.0)
Requirement already satisfied: joblib>=0.11 in /usr/local/lib/python3.6/site-packages (from scikit-learn->alibi==0.5.2->-r dev_requirements.txt (line 11)) (0.17.0)
Requirement already satisfied: tifffile>=2019.7.26 in /usr/local/lib/python3.6/site-packages (from scikit-image!=0.17.1->alibi==0.5.2->-r dev_requirements.txt (line 11)) (2020.9.3)
Requirement already satisfied: imageio>=2.3.0 in /usr/local/lib/python3.6/site-packages (from scikit-image!=0.17.1->alibi==0.5.2->-r dev_requirements.txt (line 11)) (2.9.0)
Requirement already satisfied: PyWavelets>=1.1.1 in /usr/local/lib/python3.6/site-packages (from scikit-image!=0.17.1->alibi==0.5.2->-r dev_requirements.txt (line 11)) (1.1.1)
Requirement already satisfied: networkx>=2.0 in /usr/local/lib/python3.6/site-packages (from scikit-image!=0.17.1->alibi==0.5.2->-r dev_requirements.txt (line 11)) (2.5)
Requirement already satisfied: chardet<4,>=3.0.2 in /usr/local/lib/python3.6/site-packages (from requests->alibi==0.5.2->-r dev_requirements.txt (line 11)) (3.0.4)
Requirement already satisfied: urllib3!=1.25.0,!=1.25.1,<1.26,>=1.21.1 in /usr/local/lib/python3.6/site-packages (from requests->alibi==0.5.2->-r dev_requirements.txt (line 11)) (1.25.10)
Requirement already satisfied: certifi>=2017.4.17 in /usr/local/lib/python3.6/site-packages (from requests->alibi==0.5.2->-r dev_requirements.txt (line 11)) (2020.6.20)
Requirement already satisfied: idna<3,>=2.5 in /usr/local/lib/python3.6/site-packages (from requests->alibi==0.5.2->-r dev_requirements.txt (line 11)) (2.10)
Requirement already satisfied: soupsieve>1.2; python_version >= "3.0" in /usr/local/lib/python3.6/site-packages (from beautifulsoup4->alibi==0.5.2->-r dev_requirements.txt (line 11)) (2.0.1)
Requirement already satisfied: h5py in /usr/local/lib/python3.6/site-packages (from keras-applications>=1.0.8->tensorflow==1.15.4->-r dev_requirements.txt (line 14)) (2.10.0)
Requirement already satisfied: markdown>=2.6.8 in /usr/local/lib/python3.6/site-packages (from tensorboard<1.16.0,>=1.15.0->tensorflow==1.15.4->-r dev_requirements.txt (line 14)) (3.3)
Requirement already satisfied: werkzeug>=0.11.15 in /usr/local/lib/python3.6/site-packages (from tensorboard<1.16.0,>=1.15.0->tensorflow==1.15.4->-r dev_requirements.txt (line 14)) (1.0.1)
Requirement already satisfied: pyrsistent>=0.14.0 in /usr/local/lib/python3.6/site-packages (from jsonschema!=2.5.0,>=2.4->nbformat>=4.4->nbconvert==5.6.1->-r dev_requirements.txt (line 10)) (0.17.3)
Installing collected packages: pytest, coverage, pytest-cov, tenacity
  Attempting uninstall: pytest
    Found existing installation: pytest 6.1.0
    Uninstalling pytest-6.1.0:
      Successfully uninstalled pytest-6.1.0
  Attempting uninstall: coverage
    Found existing installation: coverage 5.3
    Uninstalling coverage-5.3:
      Successfully uninstalled coverage-5.3
  Attempting uninstall: pytest-cov
    Found existing installation: pytest-cov 2.10.1
    Uninstalling pytest-cov-2.10.1:
      Successfully uninstalled pytest-cov-2.10.1
  Attempting uninstall: tenacity
    Found existing installation: tenacity 6.2.0
    Uninstalling tenacity-6.2.0:
      Successfully uninstalled tenacity-6.2.0
Successfully installed coverage-4.5.4 pytest-5.3.1 pytest-cov-2.8.1 tenacity-6.0.0
pip install -e ../../python
Obtaining file:///workspace/source/python
Requirement already satisfied: Flask<2.0.0 in /usr/local/lib/python3.6/site-packages (from seldon-core==1.3.0.dev0) (1.1.2)
Requirement already satisfied: jsonschema<4.0.0 in /usr/local/lib/python3.6/site-packages (from seldon-core==1.3.0.dev0) (3.2.0)
Requirement already satisfied: Flask-cors<4.0.0 in /usr/local/lib/python3.6/site-packages (from seldon-core==1.3.0.dev0) (3.0.9)
Requirement already satisfied: redis<4.0.0 in /usr/local/lib/python3.6/site-packages (from seldon-core==1.3.0.dev0) (3.5.3)
Requirement already satisfied: requests<3.0.0 in /usr/local/lib/python3.6/site-packages (from seldon-core==1.3.0.dev0) (2.24.0)
Requirement already satisfied: numpy<2.0.0 in /usr/local/lib/python3.6/site-packages (from seldon-core==1.3.0.dev0) (1.19.2)
Requirement already satisfied: flatbuffers<2.0.0 in /usr/local/lib/python3.6/site-packages (from seldon-core==1.3.0.dev0) (1.12)
Requirement already satisfied: protobuf<4.0.0 in /usr/local/lib/python3.6/site-packages (from seldon-core==1.3.0.dev0) (3.13.0)
Requirement already satisfied: grpcio<2.0.0 in /usr/local/lib/python3.6/site-packages (from seldon-core==1.3.0.dev0) (1.32.0)
Requirement already satisfied: Flask-OpenTracing<1.2.0,>=1.1.0 in /usr/local/lib/python3.6/site-packages (from seldon-core==1.3.0.dev0) (1.1.0)
Requirement already satisfied: opentracing<2.4.0,>=2.2.0 in /usr/local/lib/python3.6/site-packages (from seldon-core==1.3.0.dev0) (2.3.0)
Requirement already satisfied: jaeger-client<4.4.0,>=4.1.0 in /usr/local/lib/python3.6/site-packages (from seldon-core==1.3.0.dev0) (4.3.0)
Requirement already satisfied: grpcio-opentracing<1.2.0,>=1.1.4 in /usr/local/lib/python3.6/site-packages (from seldon-core==1.3.0.dev0) (1.1.4)
Requirement already satisfied: PyYAML<5.4 in /usr/local/lib/python3.6/site-packages (from seldon-core==1.3.0.dev0) (5.3.1)
Requirement already satisfied: gunicorn<20.1.0,>=19.9.0 in /usr/local/lib/python3.6/site-packages (from seldon-core==1.3.0.dev0) (20.0.4)
Requirement already satisfied: setuptools>=41.0.0 in /usr/local/lib/python3.6/site-packages (from seldon-core==1.3.0.dev0) (50.3.0)
Requirement already satisfied: prometheus_client<0.9.0,>=0.7.1 in /usr/local/lib/python3.6/site-packages (from seldon-core==1.3.0.dev0) (0.8.0)
Requirement already satisfied: Jinja2>=2.10.1 in /usr/local/lib/python3.6/site-packages (from Flask<2.0.0->seldon-core==1.3.0.dev0) (2.11.2)
Requirement already satisfied: Werkzeug>=0.15 in /usr/local/lib/python3.6/site-packages (from Flask<2.0.0->seldon-core==1.3.0.dev0) (1.0.1)
Requirement already satisfied: itsdangerous>=0.24 in /usr/local/lib/python3.6/site-packages (from Flask<2.0.0->seldon-core==1.3.0.dev0) (1.1.0)
Requirement already satisfied: click>=5.1 in /usr/local/lib/python3.6/site-packages (from Flask<2.0.0->seldon-core==1.3.0.dev0) (7.1.2)
Requirement already satisfied: attrs>=17.4.0 in /usr/local/lib/python3.6/site-packages (from jsonschema<4.0.0->seldon-core==1.3.0.dev0) (20.2.0)
Requirement already satisfied: importlib-metadata; python_version < "3.8" in /usr/local/lib/python3.6/site-packages (from jsonschema<4.0.0->seldon-core==1.3.0.dev0) (2.0.0)
Requirement already satisfied: six>=1.11.0 in /usr/local/lib/python3.6/site-packages (from jsonschema<4.0.0->seldon-core==1.3.0.dev0) (1.15.0)
Requirement already satisfied: pyrsistent>=0.14.0 in /usr/local/lib/python3.6/site-packages (from jsonschema<4.0.0->seldon-core==1.3.0.dev0) (0.17.3)
Requirement already satisfied: urllib3!=1.25.0,!=1.25.1,<1.26,>=1.21.1 in /usr/local/lib/python3.6/site-packages (from requests<3.0.0->seldon-core==1.3.0.dev0) (1.25.10)
Requirement already satisfied: idna<3,>=2.5 in /usr/local/lib/python3.6/site-packages (from requests<3.0.0->seldon-core==1.3.0.dev0) (2.10)
Requirement already satisfied: certifi>=2017.4.17 in /usr/local/lib/python3.6/site-packages (from requests<3.0.0->seldon-core==1.3.0.dev0) (2020.6.20)
Requirement already satisfied: chardet<4,>=3.0.2 in /usr/local/lib/python3.6/site-packages (from requests<3.0.0->seldon-core==1.3.0.dev0) (3.0.4)
Requirement already satisfied: thrift in /usr/local/lib/python3.6/site-packages (from jaeger-client<4.4.0,>=4.1.0->seldon-core==1.3.0.dev0) (0.13.0)
Requirement already satisfied: threadloop<2,>=1 in /usr/local/lib/python3.6/site-packages (from jaeger-client<4.4.0,>=4.1.0->seldon-core==1.3.0.dev0) (1.0.2)
Requirement already satisfied: tornado>=4.3 in /usr/local/lib/python3.6/site-packages (from jaeger-client<4.4.0,>=4.1.0->seldon-core==1.3.0.dev0) (6.0.4)
Requirement already satisfied: MarkupSafe>=0.23 in /usr/local/lib/python3.6/site-packages (from Jinja2>=2.10.1->Flask<2.0.0->seldon-core==1.3.0.dev0) (1.1.1)
Requirement already satisfied: zipp>=0.5 in /usr/local/lib/python3.6/site-packages (from importlib-metadata; python_version < "3.8"->jsonschema<4.0.0->seldon-core==1.3.0.dev0) (3.3.0)
Installing collected packages: seldon-core
  Attempting uninstall: seldon-core
    Found existing installation: seldon-core 1.3.0.dev0
    Uninstalling seldon-core-1.3.0.dev0:
      Successfully uninstalled seldon-core-1.3.0.dev0
  Running setup.py develop for seldon-core
Successfully installed seldon-core
pytest \
	--verbose \
	-s \
	-m "notebooks" \
	-W ignore test_notebooks.py::TestNotebooks 2>&1
============================= test session starts ==============================
platform linux -- Python 3.6.10, pytest-5.3.1, py-1.9.0, pluggy-0.13.1 -- /usr/local/bin/python
cachedir: .pytest_cache
rootdir: /workspace/source/testing/scripts, inifile: setup.cfg
plugins: cov-2.8.1, xdist-1.30.0, flaky-3.6.1, forked-1.3.0
collecting ... collected 27 items

test_notebooks.py::TestNotebooks::test_helm_examples [NbConvertApp] Converting notebook ../../notebooks/helm_examples.ipynb to script
[NbConvertApp] Writing 7028 bytes to ../../notebooks/helm_examples.py

PODS UPDATE: NAMESPACE       NAME                                         READY   STATUS    RESTARTS   AGE


PODS UPDATE: cert-manager    cert-manager-5c47f46f57-rw**l                1/1     Running   0          118s


PODS UPDATE: cert-manager    cert-manager-cainjector-6659d6844d-628cr     1/1     Running   0          118s


PODS UPDATE: cert-manager    cert-manager-webhook-547567b88f-nwl7l        1/1     Running   0          118s


PODS UPDATE: istio-system    grafana-6b65874977-wlbb9                     1/1     Running   0          3m38s


PODS UPDATE: istio-system    istio-citadel-86dcf4c6b-9kgl4                1/1     Running   0          3m39s


PODS UPDATE: istio-system    istio-egressgateway-68f754ccdd-zl6rz         1/1     Running   0          3m39s


PODS UPDATE: istio-system    istio-galley-5fc6d6c45b-tk6r5                1/1     Running   0          3m37s


PODS UPDATE: istio-system    istio-ingressgateway-6d759478d8-r66ks        1/1     Running   0          3m36s


PODS UPDATE: istio-system    istio-pilot-5c4995d687-bh8lf                 1/1     Running   0          3m37s


PODS UPDATE: istio-system    istio-policy-57b99968f-lf4w2                 1/1     Running   2          3m37s


PODS UPDATE: istio-system    istio-sidecar-injector-746f7c7bbb-lkkbm      1/1     Running   0          3m37s


PODS UPDATE: istio-system    istio-telemetry-854d8556d5-qwhxr             1/1     Running   1          3m36s


PODS UPDATE: istio-system    istio-tracing-c66d67cd9-7j8mk                1/1     Running   0          3m36s


PODS UPDATE: istio-system    kiali-8559969566-82724                       1/1     Running   0          3m36s


PODS UPDATE: istio-system    prometheus-66c5887c86-7nwzw                  1/1     Running   0          3m37s


PODS UPDATE: kube-system     coredns-5644d7b6d9-6wqxw                     1/1     Running   0          16m


PODS UPDATE: kube-system     coredns-5644d7b6d9-n4tl5                     1/1     Running   0          16m


PODS UPDATE: kube-system     etcd-kind-control-plane                      1/1     Running   0          15m


PODS UPDATE: kube-system     kindnet-6rr4z                                1/1     Running   0          15m


PODS UPDATE: kube-system     kindnet-qnx6g                                1/1     Running   0          16m


PODS UPDATE: kube-system     kube-apiserver-kind-control-plane            1/1     Running   0          15m


PODS UPDATE: kube-system     kube-controller-manager-kind-control-plane   1/1     Running   0          15m


PODS UPDATE: kube-system     kube-proxy-88c4d                             1/1     Running   0          15m


PODS UPDATE: kube-system     kube-proxy-khckr                             1/1     Running   0          16m


PODS UPDATE: kube-system     kube-scheduler-kind-control-plane            1/1     Running   0          15m


PODS UPDATE: kube-system     metrics-server-787cbd4d5d-q7gcm              1/1     Running   0          86s


PODS UPDATE: seldon-system   seldon-controller-manager-799597445-vrn4s    1/1     Running   0          89s


PODS UPDATE: seldon          ambassador-59c95874bd-x8ktn                  1/1     Running   0          4m40s


PODS UPDATE: seldon          jaeger-5cb557b89d-h2gw7                      1/1     Running   0          118s


PODS UPDATE: seldon          jaeger-operator-67777ffc99-9n6ph             1/1     Running   0          2m15s


PODS UPDATE: seldon          mymodel-default-0-model-64cd8bbbd7-bc7x7     0/2     Pending   0          0s


PODS UPDATE: seldon          mymodel-default-0-model-64cd8bbbd7-bc7x7     0/2     Pending   0          0s


PODS UPDATE: seldon          mymodel-default-0-model-64cd8bbbd7-bc7x7     0/2     ContainerCreating   0          0s


PODS UPDATE: seldon          mymodel-default-0-model-64cd8bbbd7-bc7x7     0/2     Running             0          79s


PODS UPDATE: seldon          mymodel-default-0-model-64cd8bbbd7-bc7x7     1/2     Running             0          97s


PODS UPDATE: seldon          mymodel-default-0-model-64cd8bbbd7-bc7x7     2/2     Running             0          100s


PODS UPDATE: seldon          mymodel-default-0-model-64cd8bbbd7-bc7x7     2/2     Terminating         0          2m


PODS UPDATE: seldon          mymodel-default-0-model-57d979887b-jz**l     0/2     Pending             0          0s


PODS UPDATE: seldon          mymodel-default-0-model-57d979887b-jz**l     0/2     Pending             0          0s


PODS UPDATE: seldon          mymodel-default-0-model-57d979887b-jz**l     0/2     ContainerCreating   0          0s


PODS UPDATE: seldon          mymodel-default-0-model-64cd8bbbd7-bc7x7     1/2     Terminating         0          2m10s


PODS UPDATE: seldon          mymodel-default-0-model-64cd8bbbd7-bc7x7     0/2     Terminating         0          2m22s


PODS UPDATE: seldon          mymodel-default-0-model-64cd8bbbd7-bc7x7     0/2     Terminating         0          2m23s


PODS UPDATE: seldon          mymodel-default-0-model-64cd8bbbd7-bc7x7     0/2     Terminating         0          2m23s


PODS UPDATE: seldon          mymodel-default-0-model-57d979887b-jz**l     0/2     Running             0          54s


PODS UPDATE: seldon          mymodel-default-0-model-57d979887b-jz**l     1/2     Running             0          75s


PODS UPDATE: seldon          mymodel-default-0-model-57d979887b-jz**l     2/2     Running             0          76s


PODS UPDATE: seldon          mymodel-default-0-model-57d979887b-jz**l     2/2     Terminating         0          93s


PODS UPDATE: seldon          myabtest-default-0-classifier-1-688654d445-ln489   0/2     Pending             0          0s


PODS UPDATE: seldon          myabtest-default-1-classifier-2-6f6f597cb9-wr2rj   0/1     Pending             0          0s


PODS UPDATE: seldon          myabtest-default-1-classifier-2-6f6f597cb9-wr2rj   0/1     Pending             0          0s


PODS UPDATE: seldon          myabtest-default-0-classifier-1-688654d445-ln489   0/2     Pending             0          0s


PODS UPDATE: seldon          myabtest-default-1-classifier-2-6f6f597cb9-wr2rj   0/1     ContainerCreating   0          0s


PODS UPDATE: seldon          myabtest-default-0-classifier-1-688654d445-ln489   0/2     ContainerCreating   0          0s


PODS UPDATE: seldon          myabtest-default-0-classifier-1-688654d445-ln489   0/2     Running             0          2s


PODS UPDATE: seldon          myabtest-default-1-classifier-2-6f6f597cb9-wr2rj   0/1     Running             0          2s


PODS UPDATE: seldon          mymodel-default-0-model-57d979887b-jz**l           1/2     Terminating         0          105s


PODS UPDATE: seldon          mymodel-default-0-model-57d979887b-jz**l           0/2     Terminating         0          114s


PODS UPDATE: seldon          mymodel-default-0-model-57d979887b-jz**l           0/2     Terminating         0          115s


PODS UPDATE: seldon          mymodel-default-0-model-57d979887b-jz**l           0/2     Terminating         0          115s


PODS UPDATE: seldon          myabtest-default-1-classifier-2-6f6f597cb9-wr2rj   1/1     Running             0          21s


PODS UPDATE: seldon          myabtest-default-0-classifier-1-688654d445-ln489   1/2     Running             0          23s


PODS UPDATE: seldon          myabtest-default-0-classifier-1-688654d445-ln489   2/2     Running             0          25s


PODS UPDATE: seldon          myabtest-default-0-classifier-1-688654d445-ln489   2/2     Terminating         0          41s


PODS UPDATE: seldon          myabtest-default-1-classifier-2-6f6f597cb9-wr2rj   1/1     Terminating         0          41s


PODS UPDATE: seldon          myabtest-default-0-classifier-1-d449bc966-dxjnd    0/2     Pending             0          0s


PODS UPDATE: seldon          myabtest-default-1-classifier-2-6b7db66597-scsj8   0/1     Pending             0          0s


PODS UPDATE: seldon          myabtest-default-0-classifier-1-d449bc966-dxjnd    0/2     Pending             0          0s


PODS UPDATE: seldon          myabtest-default-1-classifier-2-6b7db66597-scsj8   0/1     Pending             0          0s


PODS UPDATE: seldon          myabtest-default-0-classifier-1-d449bc966-dxjnd    0/2     ContainerCreating   0          0s


PODS UPDATE: seldon          myabtest-default-1-classifier-2-6b7db66597-scsj8   0/1     ContainerCreating   0          0s


PODS UPDATE: seldon          myabtest-default-1-classifier-2-6b7db66597-scsj8   0/1     Running             0          2s


PODS UPDATE: seldon          myabtest-default-0-classifier-1-d449bc966-dxjnd    0/2     Running             0          2s


PODS UPDATE: seldon          myabtest-default-0-classifier-1-688654d445-ln489   1/2     Terminating         0          55s


PODS UPDATE: seldon          myabtest-default-1-classifier-2-6f6f597cb9-wr2rj   0/1     Terminating         0          62s


PODS UPDATE: seldon          myabtest-default-0-classifier-1-688654d445-ln489   0/2     Terminating         0          62s


PODS UPDATE: seldon          myabtest-default-0-classifier-1-688654d445-ln489   0/2     Terminating         0          62s


PODS UPDATE: seldon          myabtest-default-0-classifier-1-688654d445-ln489   0/2     Terminating         0          63s


PODS UPDATE: seldon          myabtest-default-0-classifier-1-688654d445-ln489   0/2     Terminating         0          63s


PODS UPDATE: seldon          myabtest-default-1-classifier-2-6f6f597cb9-wr2rj   0/1     Terminating         0          63s


PODS UPDATE: seldon          myabtest-default-1-classifier-2-6f6f597cb9-wr2rj   0/1     Terminating         0          63s


PODS UPDATE: seldon          myabtest-default-1-classifier-2-6b7db66597-scsj8   1/1     Running             0          21s


PODS UPDATE: seldon          myabtest-default-0-classifier-1-d449bc966-dxjnd    1/2     Running             0          21s


PODS UPDATE: seldon          myabtest-default-0-classifier-1-d449bc966-dxjnd    2/2     Running             0          23s


PODS UPDATE: seldon          myabtest-default-1-classifier-2-6b7db66597-scsj8   1/1     Terminating         0          39s


PODS UPDATE: seldon          myabtest-default-0-classifier-1-d449bc966-dxjnd    2/2     Terminating         0          39s


PODS UPDATE: seldon          mymab-default-0-classifier-1-664b75d5d6-mrl4c      0/2     Pending             0          0s


PODS UPDATE: seldon          mymab-default-1-classifier-2-5fbb94b6b6-mkdxk      0/1     Pending             0          0s


PODS UPDATE: seldon          mymab-default-0-classifier-1-664b75d5d6-mrl4c      0/2     Pending             0          0s


PODS UPDATE: seldon          mymab-default-2-eg-router-7944df495c-88xx7         0/1     Pending             0          0s


PODS UPDATE: seldon          mymab-default-1-classifier-2-5fbb94b6b6-mkdxk      0/1     Pending             0          0s


PODS UPDATE: seldon          mymab-default-2-eg-router-7944df495c-88xx7         0/1     Pending             0          0s


PODS UPDATE: seldon          mymab-default-0-classifier-1-664b75d5d6-mrl4c      0/2     ContainerCreating   0          0s


PODS UPDATE: seldon          mymab-default-1-classifier-2-5fbb94b6b6-mkdxk      0/1     ContainerCreating   0          0s


PODS UPDATE: seldon          mymab-default-2-eg-router-7944df495c-88xx7         0/1     ContainerCreating   0          0s


PODS UPDATE: seldon          mymab-default-0-classifier-1-664b75d5d6-mrl4c      0/2     Running             0          1s


PODS UPDATE: seldon          mymab-default-1-classifier-2-5fbb94b6b6-mkdxk      0/1     Running             0          1s


PODS UPDATE: seldon          myabtest-default-0-classifier-1-d449bc966-dxjnd    1/2     Terminating         0          53s


PODS UPDATE: seldon          mymab-default-2-eg-router-7944df495c-88xx7         0/1     Running             0          8s


PODS UPDATE: seldon          myabtest-default-1-classifier-2-6b7db66597-scsj8   0/1     Terminating         0          60s


PODS UPDATE: seldon          myabtest-default-1-classifier-2-6b7db66597-scsj8   0/1     Terminating         0          60s


PODS UPDATE: seldon          myabtest-default-0-classifier-1-d449bc966-dxjnd    0/2     Terminating         0          61s


PODS UPDATE: seldon       PASSED
test_notebooks.py::TestNotebooks::test_explainer_examples [NbConvertApp] Converting notebook ../../notebooks/explainer_examples.ipynb to script
[NbConvertApp] Writing 29264 bytes to ../../notebooks/explainer_examples.py
   mymab-default-0-classifier-1-664b75d5d6-mrl4c      1/2     Running             0          23s


PODS UPDATE: seldon          mymab-default-1-classifier-2-5fbb94b6b6-mkdxk      1/1     Running             0          24s


PODS UPDATE: seldon          myabtest-default-0-classifier-1-d449bc966-dxjnd    0/2     Terminating         0          71s


PODS UPDATE: seldon          myabtest-default-0-classifier-1-d449bc966-dxjnd    0/2     Terminating         0          71s


PODS UPDATE: seldon          myabtest-default-1-classifier-2-6b7db66597-scsj8   0/1     Terminating         0          71s


PODS UPDATE: seldon          myabtest-default-1-classifier-2-6b7db66597-scsj8   0/1     Terminating         0          72s


PODS UPDATE: seldon          mymab-default-2-eg-router-7944df495c-88xx7         1/1     Running             0          28s


PODS UPDATE: seldon          mymab-default-0-classifier-1-664b75d5d6-mrl4c      2/2     Running             0          29s


PODS UPDATE: seldon          mymab-default-2-eg-router-7944df495c-88xx7         1/1     Terminating         0          46s


PODS UPDATE: seldon          mymab-default-0-classifier-1-664b75d5d6-mrl4c      2/2     Terminating         0          46s


PODS UPDATE: seldon          mymab-default-1-classifier-2-5fbb94b6b6-mkdxk      1/1     Terminating         0          46s


PODS UPDATE: seldon          mymab-default-0-classifier-1-857c858c46-jslln      0/2     Pending             0          0s


PODS UPDATE: seldon          mymab-default-2-eg-router-57bc97dc57-b9mb7         0/1     Pending             0          0s


PODS UPDATE: seldon          mymab-default-1-classifier-2-86df69bc74-7jmr2      0/1     Pending             0          0s


PODS UPDATE: seldon          mymab-default-0-classifier-1-857c858c46-jslln      0/2     Pending             0          0s


PODS UPDATE: seldon          mymab-default-1-classifier-2-86df69bc74-7jmr2      0/1     Pending             0          0s


PODS UPDATE: seldon          mymab-default-2-eg-router-57bc97dc57-b9mb7         0/1     Pending             0          0s


PODS UPDATE: seldon          mymab-default-0-classifier-1-857c858c46-jslln      0/2     ContainerCreating   0          0s


PODS UPDATE: seldon          mymab-default-1-classifier-2-86df69bc74-7jmr2      0/1     ContainerCreating   0          0s


PODS UPDATE: seldon          mymab-default-2-eg-router-57bc97dc57-b9mb7         0/1     ContainerCreating   0          0s


PODS UPDATE: seldon          mymab-default-0-classifier-1-857c858c46-jslln      0/2     Running             0          2s


PODS UPDATE: seldon          mymab-default-1-classifier-2-86df69bc74-7jmr2      0/1     Running             0          2s


PODS UPDATE: seldon          mymab-default-2-eg-router-57bc97dc57-b9mb7         0/1     Running             0          5s


PODS UPDATE: seldon          mymab-default-0-classifier-1-664b75d5d6-mrl4c      1/2     Terminating         0          59s


PODS UPDATE: seldon          mymab-default-0-classifier-1-664b75d5d6-mrl4c      0/2     Terminating         0          68s


PODS UPDATE: seldon          mymab-default-2-eg-router-7944df495c-88xx7         0/1     Terminating         0          68s


PODS UPDATE: seldon          mymab-default-1-classifier-2-5fbb94b6b6-mkdxk      0/1     Terminating         0          68s


PODS UPDATE: seldon          mymab-default-1-classifier-2-5fbb94b6b6-mkdxk      0/1     Terminating         0          69s


PODS UPDATE: seldon          mymab-default-1-classifier-2-5fbb94b6b6-mkdxk      0/1     Terminating         0          69s


PODS UPDATE: seldon          mymab-default-0-classifier-1-664b75d5d6-mrl4c      0/2     Terminating         0          69s


PODS UPDATE: seldon          mymab-default-0-classifier-1-664b75d5d6-mrl4c      0/2     Terminating         0          69s


PODS UPDATE: seldon          mymab-default-0-classifier-1-857c858c46-jslln      1/2     Running             0          21s


PODS UPDATE: seldon          mymab-default-1-classifier-2-86df69bc74-7jmr2      1/1     Running             0          21s


PODS UPDATE: seldon          mymab-default-2-eg-router-7944df495c-88xx7         0/1     Terminating         0          76s


PODS UPDATE: seldon          mymab-default-2-eg-router-7944df495c-88xx7         0/1     Terminating         0          76s


PODS UPDATE: seldon          mymab-default-2-eg-router-57bc97dc57-b9mb7         1/1     Running             0          24s


PODS UPDATE: seldon          mymab-default-0-classifier-1-857c858c46-jslln      2/2     Running             0          28s


PODS UPDATE: seldon          mymab-default-2-eg-router-57bc97dc57-b9mb7         1/1     Terminating         0          45s


PODS UPDATE: seldon          mymab-default-0-classifier-1-857c858c46-jslln      2/2     Terminating         0          45s


PODS UPDATE: seldon          mymab-default-1-classifier-2-86df69bc74-7jmr2      1/1     Terminating         0          45s


PODS UPDATE: seldon          income-default-0-classifier-7fd6994d4c-28knm       0/2     Pending             0          0s


PODS UPDATE: seldon          income-default-explainer-57fcddf7d4-j2hbz          0/1     Pending             0          0s


PODS UPDATE: seldon          income-default-0-classifier-7fd6994d4c-28knm       0/2     Pending             0          0s


PODS UPDATE: seldon          income-default-explainer-57fcddf7d4-j2hbz          0/1     Pending             0          0s


PODS UPDATE: seldon          income-default-0-classifier-7fd6994d4c-28knm       0/2     Init:0/1            0          0s


PODS UPDATE: seldon          income-default-explainer-57fcddf7d4-j2hbz          0/1     Init:0/1            0          0s


PODS UPDATE: seldon          mymab-default-0-classifier-1-857c858c46-jslln      1/2     Terminating         0          58s


PODS UPDATE: seldon          income-default-explainer-57fcddf7d4-j2hbz          0/1     Init:0/1            0          14s


PODS UPDATE: seldon          mymab-default-1-classifier-2-86df69bc74-7jmr2      0/1     Terminating         0          69s


PODS UPDATE: seldon          mymab-default-0-classifier-1-857c858c46-jslln      0/2     Terminating         0          69s


PODS UPDATE: seldon          mymab-default-2-eg-router-57bc97dc57-b9mb7         0/1     Terminating         0          69s


PODS UPDATE: seldon          income-default-0-classifier-7fd6994d4c-28knm       0/2     Init:0/1            0          14s


PODS UPDATE: seldon          mymab-default-0-classifier-1-857c858c46-jslln      0/2     Terminating         0          71s


PODS UPDATE: seldon          mymab-default-0-classifier-1-857c858c46-jslln      0/2     Terminating         0          71s


PODS UPDATE: seldon          mymab-default-0-classifier-1-857c858c46-jslln      0/2     Terminating         0          71s


PODS UPDATE: seldon          income-default-explainer-57fcddf7d4-j2hbz          0/1     PodInitializing     0          17s


PODS UPDATE: seldon          income-default-0-classifier-7fd6994d4c-28knm       0/2     PodInitializing     0          17s


PODS UPDATE: seldon          mymab-default-2-eg-router-57bc97dc57-b9mb7         0/1     Terminating         0          74s


PODS UPDATE: seldon          mymab-default-2-eg-router-57bc97dc57-b9mb7         0/1     Terminating         0          74s


PODS UPDATE: seldon          mymab-default-1-classifier-2-86df69bc74-7jmr2      0/1     Terminating         0          74s


PODS UPDATE: seldon          mymab-default-1-classifier-2-86df69bc74-7jmr2      0/1     Terminating         0          74s


PODS UPDATE: seldon          income-default-explainer-57fcddf7d4-j2hbz          0/1     Running             0          2m11s


PODS UPDATE: seldon          income-default-explainer-57fcddf7d4-j2hbz          1/1     Running             0          2m31s


PODS UPDATE: seldon          income-default-0-classifier-7fd6994d4c-28knm       0/2     Running             0          2m34s


PODS UPDATE: seldon          income-default-0-classifier-7fd6994d4c-28knm       1/2     Running             0          2m53s


PODS UPDATE: seldon          income-default-0-classifier-7fd6994d4c-28knm       2/2     Running        seldondeployment.machinelearning.seldon.io "image" deleted
[NbConvertApp] Converting notebook ../../notebooks/explainer_examples.ipynb to script
[NbConvertApp] Writing 29264 bytes to ../../notebooks/explainer_examples.py
     0          2m57s


PODS UPDATE: seldon          income-default-explainer-57fcddf7d4-j2hbz          1/1     Terminating         0          3m33s


PODS UPDATE: seldon          income-default-0-classifier-7fd6994d4c-28knm       2/2     Terminating         0          3m33s


PODS UPDATE: seldon          movie-default-0-classifier-68dfcd97d6-8dsjc        0/2     Pending             0          0s


PODS UPDATE: seldon          movie-default-explainer-6d7cd7c8bc-n7jcs           0/1     Pending             0          0s


PODS UPDATE: seldon          movie-default-0-classifier-68dfcd97d6-8dsjc        0/2     Pending             0          0s


PODS UPDATE: seldon          movie-default-explainer-6d7cd7c8bc-n7jcs           0/1     Pending             0          0s


PODS UPDATE: seldon          movie-default-0-classifier-68dfcd97d6-8dsjc        0/2     Init:0/1            0          0s


PODS UPDATE: seldon          movie-default-explainer-6d7cd7c8bc-n7jcs           0/1     ContainerCreating   0          1s


PODS UPDATE: seldon          movie-default-explainer-6d7cd7c8bc-n7jcs           0/1     Running             0          2s


PODS UPDATE: seldon          movie-default-0-classifier-68dfcd97d6-8dsjc        0/2     Init:0/1            0          2s


PODS UPDATE: seldon          movie-default-0-classifier-68dfcd97d6-8dsjc        0/2     PodInitializing     0          4s


PODS UPDATE: seldon          movie-default-0-classifier-68dfcd97d6-8dsjc        0/2     Running             0          5s


PODS UPDATE: seldon          income-default-0-classifier-7fd6994d4c-28knm       1/2     Terminating         0          3m43s


PODS UPDATE: seldon          income-default-0-classifier-7fd6994d4c-28knm       0/2     Terminating         0          3m45s


PODS UPDATE: seldon          income-default-0-classifier-7fd6994d4c-28knm       0/2     Terminating         0          3m45s


PODS UPDATE: seldon          income-default-0-classifier-7fd6994d4c-28knm       0/2     Terminating         0          3m46s


PODS UPDATE: seldon          income-default-0-classifier-7fd6994d4c-28knm       0/2     Terminating         0          3m46s


PODS UPDATE: seldon          income-default-explainer-57fcddf7d4-j2hbz          0/1     Terminating         0          3m56s


PODS UPDATE: seldon          income-default-explainer-57fcddf7d4-j2hbz          0/1     Terminating         0          3m59s


PODS UPDATE: seldon          income-default-explainer-57fcddf7d4-j2hbz          0/1     Terminating         0          3m59s


PODS UPDATE: seldon          movie-default-0-classifier-68dfcd97d6-8dsjc        1/2     Running             0          25s


PODS UPDATE: seldon          movie-default-0-classifier-68dfcd97d6-8dsjc        2/2     Running             0          27s


PODS UPDATE: seldon          movie-default-explainer-6d7cd7c8bc-n7jcs           1/1     Running             0          34s


PODS UPDATE: seldon          movie-default-0-classifier-68dfcd97d6-8dsjc        2/2     Terminating         0          91s


PODS UPDATE: seldon          movie-default-explainer-6d7cd7c8bc-n7jcs           1/1     Terminating         0          91s


PODS UPDATE: seldon          image-default-0-transformer-classifier-588d5db549-p7qdr   0/4     Pending             0          0s


PODS UPDATE: seldon          image-default-explainer-7f884749bf-w8hnp                  0/1     Pending             0          0s


PODS UPDATE: seldon          image-default-0-transformer-classifier-588d5db549-p7qdr   0/4     Pending             0          0s


PODS UPDATE: seldon          image-default-explainer-7f884749bf-w8hnp                  0/1     Pending             0          0s


PODS UPDATE: seldon          image-default-0-transformer-classifier-588d5db549-p7qdr   0/4     Init:0/1            0          0s


PODS UPDATE: seldon          image-default-explainer-7f884749bf-w8hnp                  0/1     Init:0/1            0          0s


PODS UPDATE: seldon          image-default-explainer-7f884749bf-w8hnp                  0/1     Init:0/1            0          2s


PODS UPDATE: seldon          image-default-0-transformer-classifier-588d5db549-p7qdr   0/4     Init:0/1            0          2s


PODS UPDATE: seldon          image-default-explainer-7f884749bf-w8hnp                  0/1     PodInitializing     0          4s


PODS UPDATE: seldon          image-default-explainer-7f884749bf-w8hnp                  0/1     Running             0          5s


PODS UPDATE: seldon          image-default-0-transformer-classifier-588d5db549-p7qdr   0/4     PodInitializing     0          6s


PODS UPDATE: seldon          movie-default-0-classifier-68dfcd97d6-8dsjc               1/2     Terminating         0          102s


PODS UPDATE: seldon          movie-default-0-classifier-68dfcd97d6-8dsjc               0/2     Terminating         0          104s


PODS UPDATE: seldon          movie-default-0-classifier-68dfcd97d6-8dsjc               0/2     Terminating         0          113s


PODS UPDATE: seldon          movie-default-0-classifier-68dfcd97d6-8dsjc               0/2     Terminating         0          113s


PODS UPDATE: seldon          movie-default-explainer-6d7cd7c8bc-n7jcs                  0/1     Terminating         0          114s


PODS UPDATE: seldon          movie-default-explainer-6d7cd7c8bc-n7jcs                  0/1     Terminating         0          115s


PODS UPDATE: seldon          movie-default-explainer-6d7cd7c8bc-n7jcs                  0/1     Terminating         0          115s


PODS UPDATE: seldon          image-default-explainer-7f884749bf-w8hnp                  1/1     Running             0          27s


PODS UPDATE: seldon          image-default-0-transformer-classifier-588d5db549-p7qdr   1/4     Running             0          82s


PODS UPDATE: seldon          image-default-0-transformer-classifier-588d5db549-p7qdr   2/4     Running             0          83s


PODS UPDATE: seldon          image-default-0-transformer-classifier-588d5db549-p7qdr   3/4     Running             0          95s


PODS UPDATE: seldon          image-default-0-transformer-classifier-588d5db549-p7qdr   4/4     Running             0          105s


PODS UPDATE: seldon          image-default-explainer-7f884749bf-w8hnp                  1/1     Terminating         0          2m23s


PODS UPDATE: seldon          image-default-0-transformer-classifier-588d5db549-p7qdr   4/4     Terminating         0          2m23s


PODS UPDATE: seldon          income-default-0-classifier-7fd6994d4c-r8rl9              0/2     Pending             0          0s


PODS UPDATE: seldon          income-default-explainer-57fcddf7d4-k9b5s                 0/1     Pending             0          0s


PODS UPDATE: seldon          income-default-0-classifier-7fd6994d4c-r8rl9              0/2     Pending             0          0s


PODS UPDATE: seldon          income-default-explainer-57fcddf7d4-k9b5s                 0/1     Pending             0          0s


PODS UPDATE: seldon          income-default-0-classifier-7fd6994d4c-r8rl9              0/2     Init:0/1            0          0s


PODS UPDATE: seldon          income-default-explainer-57fcddf7d4-k9b5s                 0/1     Init:0/1            0          0s


PODS UPDATE: seldon          income-default-0-classifier-7fd6994d4c-r8rl9              0/2     Init:0/1            0          1s


PODS UPDATE: seldon          income-default-explainer-57fcddf7d4-k9b5s                 0/1     Init:0/1            0          1s


PODS UPDATE: seldon          income-default-0-classifier-7fd6994d4c-r8rl9              0/2     PodInitializing     0          3s


PODS UPDATE: seldon          income-default-explainer-57fcddf7d4-k9b5s                 0/1     PodInitializing     0          3s


PODS UPDATE: seldon          income-default-0-classifier-7fd6994d4c-r8rl9              0/2     Running             0          4s


PODS UPDATE: seldon          income-default-explainer-57fcddf7d4-k9b5s                 0/1     Running             0          5s


PODS UPDATE: seldon          image-default-0-transformer-classifier-588d5db549-p7qdr   3/4     Terminating         0          2m35s


PODS UPDATE: seldon       seldondeployment.machinelearning.seldon.io "image" deleted
FAILED
test_notebooks.py::TestNotebooks::test_istio_examples [NbConvertApp] Converting notebook ../../notebooks/istio_example.ipynb to script
[NbConvertApp] Writing 6006 bytes to ../../notebooks/istio_example.py
   image-default-0-transformer-classifier-588d5db549-p7qdr   0/4     Terminating         0          2m44s


PODS UPDATE: seldon          image-default-explainer-7f884749bf-w8hnp                  0/1     Terminating         0          2m44s


PODS UPDATE: seldon          image-default-explainer-7f884749bf-w8hnp                  0/1     Terminating         0          2m44s


PODS UPDATE: seldon          image-default-0-transformer-classifier-588d5db549-p7qdr   0/4     Terminating         0          2m45s


PODS UPDATE: seldon          image-default-0-transformer-classifier-588d5db549-p7qdr   0/4     Terminating         0          2m45s


PODS UPDATE: seldon          image-default-explainer-7f884749bf-w8hnp                  0/1     Terminating         0          2m45s


PODS UPDATE: seldon          image-default-explainer-7f884749bf-w8hnp                  0/1     Terminating         0          2m45s


PODS UPDATE: seldon          income-default-0-classifier-7fd6994d4c-r8rl9              1/2     Running             0          25s


PODS UPDATE: seldon          income-default-explainer-57fcddf7d4-k9b5s                 1/1     Running             0          28s


PODS UPDATE: seldon          income-default-0-classifier-7fd6994d4c-r8rl9              2/2     Running             0          28s


PODS UPDATE: seldon          income-default-0-classifier-7fd6994d4c-r8rl9              2/2     Terminating         0          63s


PODS UPDATE: seldon          income-default-explainer-57fcddf7d4-k9b5s                 1/1     Terminating         0          63s


PODS UPDATE: seldon          movie-default-0-classifier-68dfcd97d6-5rdsh               0/2     Pending             0          0s


PODS UPDATE: seldon          movie-default-explainer-6d7cd7c8bc-whw6b                  0/1     Pending             0          0s


PODS UPDATE: seldon          movie-default-0-classifier-68dfcd97d6-5rdsh               0/2     Pending             0          0s


PODS UPDATE: seldon          movie-default-explainer-6d7cd7c8bc-whw6b                  0/1     Pending             0          0s


PODS UPDATE: seldon          movie-default-0-classifier-68dfcd97d6-5rdsh               0/2     Init:0/1            0          0s


PODS UPDATE: seldon          movie-default-explainer-6d7cd7c8bc-whw6b                  0/1     ContainerCreating   0          0s


PODS UPDATE: seldon          movie-default-0-classifier-68dfcd97d6-5rdsh               0/2     Init:0/1            0          2s


PODS UPDATE: seldon          movie-default-explainer-6d7cd7c8bc-whw6b                  0/1     Running             0          2s


PODS UPDATE: seldon          movie-default-0-classifier-68dfcd97d6-5rdsh               0/2     PodInitializing     0          4s


PODS UPDATE: seldon          movie-default-0-classifier-68dfcd97d6-5rdsh               0/2     Running             0          5s


PODS UPDATE: seldon          income-default-0-classifier-7fd6994d4c-r8rl9              1/2     Terminating         0          73s


PODS UPDATE: seldon          income-default-0-classifier-7fd6994d4c-r8rl9              0/2     Terminating         0          75s


PODS UPDATE: seldon          income-default-0-classifier-7fd6994d4c-r8rl9              0/2     Terminating         0          76s


PODS UPDATE: seldon          income-default-explainer-57fcddf7d4-k9b5s                 0/1     Terminating         0          86s


PODS UPDATE: seldon          income-default-0-classifier-7fd6994d4c-r8rl9              0/2     Terminating         0          86s


PODS UPDATE: seldon          income-default-0-classifier-7fd6994d4c-r8rl9              0/2     Terminating         0          86s


PODS UPDATE: seldon          income-default-explainer-57fcddf7d4-k9b5s                 0/1     Terminating         0          87s


PODS UPDATE: seldon          income-default-explainer-57fcddf7d4-k9b5s                 0/1     Terminating         0          87s


PODS UPDATE: seldon          movie-default-0-classifier-68dfcd97d6-5rdsh               1/2     Running             0          25s


PODS UPDATE: seldon          movie-default-0-classifier-68dfcd97d6-5rdsh               2/2     Running             0          27s


PODS UPDATE: seldon          movie-default-explainer-6d7cd7c8bc-whw6b                  1/1     Running             0          49s


PODS UPDATE: seldon          movie-default-explainer-6d7cd7c8bc-whw6b                  1/1     Terminating         0          99s


PODS UPDATE: seldon          movie-default-0-classifier-68dfcd97d6-5rdsh               2/2     Terminating         0          99s


PODS UPDATE: seldon          image-default-0-transformer-classifier-588d5db549-n5hnw   0/4     Pending             0          0s


PODS UPDATE: seldon          image-default-0-transformer-classifier-588d5db549-n5hnw   0/4     Pending             0          0s


PODS UPDATE: seldon          image-default-explainer-7f884749bf-72qvb                  0/1     Pending             0          0s


PODS UPDATE: seldon          image-default-explainer-7f884749bf-72qvb                  0/1     Pending             0          0s


PODS UPDATE: seldon          image-default-0-transformer-classifier-588d5db549-n5hnw   0/4     Init:0/1            0          0s


PODS UPDATE: seldon          image-default-explainer-7f884749bf-72qvb                  0/1     Init:0/1            0          0s


PODS UPDATE: seldon          image-default-0-transformer-classifier-588d5db549-n5hnw   0/4     Init:0/1            0          1s


PODS UPDATE: seldon          image-default-explainer-7f884749bf-72qvb                  0/1     Init:0/1            0          1s


PODS UPDATE: seldon          image-default-explainer-7f884749bf-72qvb                  0/1     PodInitializing     0          5s


PODS UPDATE: seldon          image-default-explainer-7f884749bf-72qvb                  0/1     Running             0          6s


PODS UPDATE: seldon          movie-default-0-classifier-68dfcd97d6-5rdsh               0/2     Terminating         0          112s


PODS UPDATE: seldon          image-default-0-transformer-classifier-588d5db549-n5hnw   0/4     PodInitializing     0          10s


PODS UPDATE: seldon          image-default-0-transformer-classifier-588d5db549-n5hnw   1/4     Running             0          12s


PODS UPDATE: seldon          movie-default-0-classifier-68dfcd97d6-5rdsh               0/2     Terminating         0          118s


PODS UPDATE: seldon          movie-default-0-classifier-68dfcd97d6-5rdsh               0/2     Terminating         0          118s


PODS UPDATE: seldon          movie-default-explainer-6d7cd7c8bc-whw6b                  0/1     Terminating         0          2m1s


PODS UPDATE: seldon          movie-default-explainer-6d7cd7c8bc-whw6b                  0/1     Terminating         0          2m8s


PODS UPDATE: seldon          movie-default-explainer-6d7cd7c8bc-whw6b                  0/1     Terminating         0          2m8s


PODS UPDATE: seldon          image-default-explainer-7f884749bf-72qvb                  1/1     Running             0          27s


PODS UPDATE: seldon          image-default-0-transformer-classifier-588d5db549-n5hnw   2/4     Running             0          31s


PODS UPDATE: seldon          image-default-0-transformer-classifier-588d5db549-n5hnw   3/4     Running             0          32s


PODS UPDATE: seldon          image-default-0-transformer-classifier-588d5db549-n5hnw   4/4     Running             0          35s


PODS UPDATE: seldon          image-default-explainer-7f884749bf-72qvb                  1/1     Terminating         0          65s


PODS UPDATE: seldon          image-default-0-transformer-classifier-588d5db549-n5hnw   4/4     Terminating         0          65s


PODS UPDATE: seldon          mymodel-default-0-model-64cd8bbbd7-859d9                  0/2     Pending             0          0s


PODS UPDATE: seldon          mymodel-default-0-model-64cd8bbbd7-859d9                  0/2     Pending             0          0s


PODS UPDATE: seldon          mymodel-default-0-model-64cd8bbbd7-859d9                  0/2     ContainerCreating   0          0s


PODS UPDATE: seldon          mymodel-default-0-model-64cd8bbbd7-859d9                  0/2     Running             0          2s


PODS UPDATE: seldon          image-default-0-transformer-classifier-588d5db549-n5hnw   3/4     Terminating         0          75s


PODS UPDATE: seldon          image-default-explainer-7f884749bf-72qvb                  0/1     Terminating         0          87s


PODS UPDATE: seldon          image-default-0-transformer-classifier-588d5db549-n5hnw   0/4     Terminating         0          87s


PODS UPDATE: seldon          mymodel-default-0-model-64cd8bbbd7-859d9                  1/2     Running             0          22s


PODS UPDATE: seldon          mymodel-default-0-model-64cd8bbbd7-859d9                  2/2     Running             0          25s


PODS UPDATE: seldon          image-default-0-transformer-classifier-588d5db549-n5hnw   0/4     Terminating         0          94s


PODS UPDATE: seldon          image-default-0-transformer-classifier-588d5db549-n5hnw   0/4     Terminating         0          94s


PODS UPDATE: seldon          image-default-explainer-7f884749bf-72qvb                  0/1     Terminating         0          94s


PODS UPDATE: seldon          image-default-explainer-7f884749bf-72qvb                  0/1     Terminating         0          94s


PODS UPDATE: seldon          mymodel-default-0-model-64cd8bbbd7-859d9                  2/2     Terminating         0          43s


PODS UPDATE: seldon          myabtest-default-1-classifier-2-6f6f597cb9-xlcs9          0/1     Pending             0          0s


PODS UPDATE: seldon          myabtest-default-0-classifier-1-688654d445-wcwfl          0/2     Pending             0          0s


PODS UPDATE: seldon          myabtest-default-1-classifier-2-6f6f597cb9-xlcs9          0/1     Pending             0          0s


PODS UPDATE: seldon          myabtest-default-0-classifier-1-688654d445-wcwfl          0/2     Pending             0          0s


PODS UPDATE: seldon          myabtest-default-1-classifier-2-6f6f597cb9-xlcs9          0/1     ContainerCreating   0          0s


PODS UPDATE: seldon          myabtest-default-0-classifier-1-688654d445-wcwfl          0/2     ContainerCreating   0          0s


PODS UPDATE: seldon          myabtest-default-0-classifier-1-688654d445-wcwfl          0/2     Running             0          2s


PODS UPDATE: seldon          myabtest-default-1-classifier-2-6f6f597cb9-xlcs9          0/1     Running             0          2s


PODS UPDATE: seldon          mymodel-default-0-model-64cd8bbbd7-859d9                  1/2     Terminating         0          55s


PODS UPDATE: seldon          mymodel-default-0-model-64cd8bbbd7-859d9                  0/2     Terminating         0          64s


PODS UPDATE: seldon          mymodel-default-0-model-64cd8bbbd7-859d9                  0/2     Terminating         0          65s


PODS UPDATE: seldon          mymodel-default-0-model-64cd8bbbd7-859d9                  0/2     Terminating         0          65s


PODS UPDATE: seldon          myabtest-default-0-classifier-1-688654d445-wcwfl          1/2     Running             0          21s


PODS UPDATE: seldon          myabtest-default-1-classifier-2-6f6f597cb9-xlcs9          1/1     Running             0          22s


PODS UPDATE: seldon          myabtest-default-0-classifier-1-688654d445-wcwfl          2/2     Running             0          23s


PODS UPDATE: seldon          myabtest-default-1-classifier-2-6f6f597cb9-xlcs9          1/1     Terminating         0          40s


PODS UPDATE: seldon          myabtest-default-0-classifier-1-688654d445-wcwfl          2/2     Terminating         0          40s


PODS UPDATE: seldon          mymab-default-0-classifier-1-664b75d5d6-2sd7p             0/2     Pending             0          0s


PODS UPDATE: seldon          mymab-default-2-eg-router-7944df495c-5k5sq                0/1     Pending             0          0s


PODS UPDATE: seldon          mymab-default-1-classifier-2-5fbb94b6b6-b8dkx             0/1     Pending             0          0s


PODS UPDATE: seldon          mymab-default-2-eg-router-7944df495c-5k5sq                0/1     Pending             0          0s


PODS UPDATE: seldon          mymab-default-0-classifier-1-664b75d5d6-2sd7p             0/2     Pending             0          0s


PODS UPDATE: seldon          mymab-default-1-classifier-2-5fbb94b6b6-b8dkx             0/1     Pending             0          0s


PODS UPDATE: seldon          mymab-default-2-eg-router-7944df495c-5k5sq                0/1     ContainerCreating   0          0s


PODS UPDATE: seldon          mymab-default-0-classifier-1-664b75d5d6-2sd7p             0/2     ContainerCreating   0          0s


PODS UPDATE: seldon          mymab-default-1-classifier-2-5fbb94b6b6-b8dkx             0/1     ContainerCreating   0          0s


PODS UPDATE: seldon          mymab-default-1-classifier-2-5fbb94b6b6-b8dkx             0/1     Running             0          1s


PODS UPDATE: seldon          mymab-default-2-eg-router-7944df495c-5k5sq                0/1     Running             0          1s


PODS UPDATE: seldon          mymab-default-0-classifier-1-664b75d5d6-2sd7p             0/2     Running             0          2s


PODS UPDATE: seldon          myabtest-default-0-classifier-1-688654d445-wcwfl          1/2     Terminating         0          53s


PODS UPDATE: seldon          myabtest-default-0-classifier-1-688654d445-wcwfl          0/2     Terminating         0          61s


PODS UPDATE: seldon          myabtest-default-1-classifier-2-6f6f597cb9-xlcs9          0/1     Terminating         0          61s


PODS UPDATE: seldon          myabtest-default-1-classifier-2-6f6f597cb9-xlcs9          0/1     Terminating         0          62s


PODS UPDATE: seldon          myabtest-default-1-classifier-2-6f6f597cb9-xlcs9          0/1     Terminating         0          62s


PODS UPDATE: seldon          myabtest-default-0-classifier-1-688654d445-wcwfl          0/2     Terminating         0          62s


PODS UPDATE: seldon          myabtest-default-0-classifier-1-688654d445-wcwfl          0/2     Terminating         0          62s


PODS UPDATE: seldon          mymab-default-1-classifier-2-5fbb94b6b6-b8dkx             1/1     Running             0          21s


PODS UPDATE: seldon          mymab-default-0-classifier-1-664b75d5d6-2sd7p             1/2     Running             0          21s


PODS UPDATE: seldon          mymab-default-2-eg-router-7944df495c-5k5sq                1/1     Running             0          24s


PODS UPDATE: seldon          mymab-default-0-classifier-1-664b75d5d6-2sd7p             2/2     Running             0          28s


PODS UPDATE: seldon          mymab-default-2-eg-router-7944df495c-5k5sq                1/1     Terminating         0          44s


PODS UPDATE: seldon          mymab-default-0-classifier-1-664b75d5d6-2sd7p             2/2     Terminating         0          44s


PODS UPDATE: seldon          mymab-default-1-classifier-2-5fbb94b6b6-b8dkx             1/1     Terminating         0          44s


PODS UPDATE: seldon          iris-default-0-iris-default-7877c79ffd-wjk4d              0/2     Pending             0          0s


PODS UPDATE: seldon          iris-shadow-0-iris-shadow-6fd7c7fd68-qn6jh                0/2     Pending             0          0s


PODS UPDATE: seldon          iris-default-0-iris-default-7877c79ffd-wjk4d              0/2     Pending             0          0s


PODS UPDATE: seldon          iris-shadow-0-iris-shadow-6fd7c7fd68-qn6jh                0/2     Pending             0          0s


PODS UPDATE: seldon          iris-default-0-iris-default-7877c79ffd-wjk4d              0/2     Init:0/1            0          0s


PODS UPDATE: seldon          iris-shadow-0-iris-shadow-6fd7c7fd68-qn6jh                0/2     Init:0/1            0          0s


PODS UPDATE: seldon          iris-shadow-0-iris-shadow-6fd7c7fd68-qn6jh                0/2     Init:0/1            0          2s


PODS UPDATE: seldon          iris-default-0-iris-default-7877c79ffd-wjk4d              0/2     Init:0/1            0          2s


PODS UPDATE: seldon          iris-default-0-iris-default-7877c79ffd-wjk4d PASSED
test_notebooks.py::TestNotebooks::test_max_grpc_msg_size [NbConvertApp] Converting notebook ../../notebooks/max_grpc_msg_size.ipynb to script
[NbConvertApp] Writing 6684 bytes to ../../notebooks/max_grpc_msg_size.py
PASSED
test_notebooks.py::TestNotebooks::test_multiple_operators [NbConvertApp] Converting notebook ../../notebooks/multiple_operators.ipynb to script
[NbConvertApp] Writing 4257 bytes to ../../notebooks/multiple_operators.py
             0/2     PodInitializing     0          5s


PODS UPDATE: seldon          iris-shadow-0-iris-shadow-6fd7c7fd68-qn6jh                0/2     PodInitializing     0          5s


PODS UPDATE: seldon          iris-default-0-iris-default-7877c79ffd-wjk4d              0/2     Running             0          6s


PODS UPDATE: seldon          iris-shadow-0-iris-shadow-6fd7c7fd68-qn6jh                0/2     Running             0          6s


PODS UPDATE: seldon          mymab-default-0-classifier-1-664b75d5d6-2sd7p             1/2     Terminating         0          58s


PODS UPDATE: seldon          mymab-default-0-classifier-1-664b75d5d6-2sd7p             0/2     Terminating         0          66s


PODS UPDATE: seldon          mymab-default-1-classifier-2-5fbb94b6b6-b8dkx             0/1     Terminating         0          66s


PODS UPDATE: seldon          mymab-default-2-eg-router-7944df495c-5k5sq                0/1     Terminating         0          66s


PODS UPDATE: seldon          mymab-default-1-classifier-2-5fbb94b6b6-b8dkx             0/1     Terminating         0          67s


PODS UPDATE: seldon          mymab-default-1-classifier-2-5fbb94b6b6-b8dkx             0/1     Terminating         0          67s


PODS UPDATE: seldon          mymab-default-0-classifier-1-664b75d5d6-2sd7p             0/2     Terminating         0          67s


PODS UPDATE: seldon          mymab-default-0-classifier-1-664b75d5d6-2sd7p             0/2     Terminating         0          67s


PODS UPDATE: seldon          mymab-default-2-eg-router-7944df495c-5k5sq                0/1     Terminating         0          72s


PODS UPDATE: seldon          mymab-default-2-eg-router-7944df495c-5k5sq                0/1     Terminating         0          72s


PODS UPDATE: seldon          iris-shadow-0-iris-shadow-6fd7c7fd68-qn6jh                1/2     Running             0          25s


PODS UPDATE: seldon          iris-default-0-iris-default-7877c79ffd-wjk4d              1/2     Running             0          26s


PODS UPDATE: seldon          iris-default-0-iris-default-7877c79ffd-wjk4d              2/2     Running             0          27s


PODS UPDATE: seldon          iris-shadow-0-iris-shadow-6fd7c7fd68-qn6jh                2/2     Running             0          27s


PODS UPDATE: seldon          iris-default-0-iris-default-7877c79ffd-wjk4d              2/2     Terminating         0          43s


PODS UPDATE: seldon          iris-shadow-0-iris-shadow-6fd7c7fd68-qn6jh                2/2     Terminating         0          43s


PODS UPDATE: seldon          model-long-timeout-test-0-classifier-6fd798897b-2p6nn     0/2     Pending             0          0s


PODS UPDATE: seldon          model-long-timeout-test-0-classifier-6fd798897b-2p6nn     0/2     Pending             0          0s


PODS UPDATE: seldon          model-long-timeout-test-0-classifier-6fd798897b-2p6nn     0/2     ContainerCreating   0          0s


PODS UPDATE: seldon          iris-shadow-0-iris-shadow-6fd7c7fd68-qn6jh                0/2     Terminating         0          55s


PODS UPDATE: seldon          iris-default-0-iris-default-7877c79ffd-wjk4d              0/2     Terminating         0          56s


PODS UPDATE: seldon          iris-shadow-0-iris-shadow-6fd7c7fd68-qn6jh                0/2     Terminating         0          56s


PODS UPDATE: seldon          iris-shadow-0-iris-shadow-6fd7c7fd68-qn6jh                0/2     Terminating         0          56s


PODS UPDATE: seldon          iris-default-0-iris-default-7877c79ffd-wjk4d              0/2     Terminating         0          61s


PODS UPDATE: seldon          iris-default-0-iris-default-7877c79ffd-wjk4d              0/2     Terminating         0          62s


PODS UPDATE: seldon          model-long-timeout-test-0-classifier-6fd798897b-2p6nn     0/2     Running             0          64s


PODS UPDATE: seldon          model-long-timeout-test-0-classifier-6fd798897b-2p6nn     1/2     Running             0          83s


PODS UPDATE: seldon          model-long-timeout-test-0-classifier-6fd798897b-2p6nn   PASSED
test_notebooks.py::TestNotebooks::test_protocol_examples [NbConvertApp] Converting notebook ../../notebooks/protocol_examples.ipynb to script
[NbConvertApp] Writing 12615 bytes to ../../notebooks/protocol_examples.py
  2/2     Running             0          85s


PODS UPDATE: seldon          model-long-timeout-test-0-classifier-6fd798897b-2p6nn     2/2     Terminating         0          103s


PODS UPDATE: seldon          seldon-model-grpc-size-0-classifier-84b85df58-29f27       0/2     Pending             0          0s


PODS UPDATE: seldon          seldon-model-grpc-size-0-classifier-84b85df58-29f27       0/2     Pending             0          0s


PODS UPDATE: seldon          seldon-model-grpc-size-0-classifier-84b85df58-29f27       0/2     ContainerCreating   0          0s


PODS UPDATE: seldon          seldon-model-grpc-size-0-classifier-84b85df58-29f27       0/2     Running             0          1s


PODS UPDATE: seldon          model-long-timeout-test-0-classifier-6fd798897b-2p6nn     1/2     Terminating         0          115s


PODS UPDATE: seldon          model-long-timeout-test-0-classifier-6fd798897b-2p6nn     0/2     Terminating         0          2m4s


PODS UPDATE: seldon          model-long-timeout-test-0-classifier-6fd798897b-2p6nn     0/2     Terminating         0          2m10s


PODS UPDATE: seldon          model-long-timeout-test-0-classifier-6fd798897b-2p6nn     0/2     Terminating         0          2m10s


PODS UPDATE: seldon          seldon-model-grpc-size-0-classifier-84b85df58-29f27       1/2     Running             0          22s


PODS UPDATE: seldon          seldon-model-grpc-size-0-classifier-84b85df58-29f27       2/2     Running             0          23s


PODS UPDATE: seldon          seldon-model-grpc-size-0-classifier-84b85df58-29f27       2/2     Terminating         0          56s


PODS UPDATE: seldon-ns1      seldon-controller-manager-6595b94676-lvx4k                0/1     Pending             0          0s


PODS UPDATE: seldon-ns1      seldon-controller-manager-6595b94676-lvx4k                0/1     Pending             0          0s


PODS UPDATE: seldon-ns1      seldon-controller-manager-6595b94676-lvx4k                0/1     ContainerCreating   0          0s


PODS UPDATE: seldon          seldon-model-grpc-size-0-classifier-84b85df58-29f27       1/2     Terminating         0          67s


PODS UPDATE: seldon-ns1      seldon-controller-manager-6595b94676-lvx4k                1/1     Running             0          2s


PODS UPDATE: seldon          seldon-model-grpc-size-0-classifier-84b85df58-29f27       0/2     Terminating         0          77s


PODS UPDATE: seldon          seldon-model-grpc-size-0-classifier-84b85df58-29f27       0/2     Terminating         0          78s


PODS UPDATE: seldon          seldon-model-grpc-size-0-classifier-84b85df58-29f27       0/2     Terminating         0          78s


PODS UPDATE: seldon-ns1      seldon-controller-manager-6595b94676-lvx4k                1/1     Terminating         0          60s


PODS UPDATE: seldon-ns1      seldon-controller-manager-6595b94676-lvx4k                0/1     Terminating         0          61s


PODS UPDATE: seldon-ns1      seldon-controller-manager-6595b94676-lvx4k                0/1     Terminating         0          62s


PODS UPDATE: seldon-ns1      seldon-controller-manager-6595b94676-lvx4k                0/1     Terminating         0          62s


PODS UPDATE: seldon-id1      seldon-controller-manager-55d844498-fw625                 0/1     Pending             0          0s


PODS UPDATE: seldon-id1      seldon-controller-manager-55d844498-fw625                 0/1     Pending             0          0s


PODS UPDATE: seldon-id1      seldon-controller-manager-55d844498-fw625                 0/1     ContainerCreating   0          0s


PODS UPDATE: seldon-id1      seldon-controller-manager-55d844498-fw625                 1/1     Running             0          2s


PODS UPDATE: default         test-c1-example-0-classifier-955dcb978-mgz5c              0/2     Pending             0          0s


PODS UPDATE: default         test-c1-example-0-classifier-955dcb978-mgz5c              0/2     Pending             0          0s


PODS UPDATE: default         test-c1-example-0-classifier-955dcb978-mgz5c              0/2     CNo resources found
[NbConvertApp] Converting notebook ../../notebooks/protocol_examples.ipynb to script
[NbConvertApp] Writing 12615 bytes to ../../notebooks/protocol_examples.py
ontainerCreating   0          0s


PODS UPDATE: default         test-c1-example-0-classifier-955dcb978-mgz5c              0/2     Running             0          40s


PODS UPDATE: default         test-c1-example-0-classifier-955dcb978-mgz5c              1/2     Running             0          62s


PODS UPDATE: default         test-c1-example-0-classifier-955dcb978-mgz5c              2/2     Running             0          64s


PODS UPDATE: default         test-c1-example-0-classifier-955dcb978-mgz5c              2/2     Terminating         0          81s


PODS UPDATE: default         test-c1-example-0-classifier-955dcb978-mgz5c              0/2     Terminating         0          85s


PODS UPDATE: default         test-c1-example-0-classifier-955dcb978-mgz5c              0/2     Terminating         0          85s


PODS UPDATE: default         test-c1-example-0-classifier-955dcb978-mgz5c              0/2     Terminating         0          88s


PODS UPDATE: default         test-c1-example-0-classifier-955dcb978-mgz5c              0/2     Terminating         0          88s


PODS UPDATE: seldon-id1      seldon-controller-manager-55d844498-fw625                 1/1     Terminating         0          116s


PODS UPDATE: seldon-id1      seldon-controller-manager-55d844498-fw625                 0/1     Terminating         0          117s


PODS UPDATE: seldon          rest-seldon-model-0-classifier-678666f5c6-vd9sv           0/2     Pending             0          0s


PODS UPDATE: seldon          rest-seldon-model-0-classifier-678666f5c6-vd9sv           0/2     Pending             0          0s


PODS UPDATE: seldon          rest-seldon-model-0-classifier-678666f5c6-vd9sv           0/2     ContainerCreating   0          0s


PODS UPDATE: seldon          rest-seldon-model-0-classifier-678666f5c6-vd9sv           0/2     Running             0          2s


PODS UPDATE: seldon-id1      seldon-controller-manager-55d844498-fw625                 0/1     Terminating         0          2m8s


PODS UPDATE: seldon-id1      seldon-controller-manager-55d844498-fw625                 0/1     Terminating         0          2m8s


PODS UPDATE: seldon          rest-seldon-model-0-classifier-678666f5c6-vd9sv           1/2     Running             0          23s


PODS UPDATE: seldon          rest-seldon-model-0-classifier-678666f5c6-vd9sv           2/2     Running             0          25s


PODS UPDATE: seldon          rest-seldon-model-0-classifier-678666f5c6-vd9sv           2/2     Terminating         0          40s


PODS UPDATE: seldon          grpc-seldon-model-0-classifier-665976c9f-dltnc            0/2     Pending             0          0s


PODS UPDATE: seldon          grpc-seldon-model-0-classifier-665976c9f-dltnc            0/2     Pending             0          0s


PODS UPDATE: seldon          grpc-seldon-model-0-classifier-665976c9f-dltnc            0/2     ContainerCreating   0          0s


PODS UPDATE: seldon          grpc-seldon-model-0-classifier-665976c9f-dltnc            0/2     Running             0          2s


PODS UPDATE: seldon          rest-seldon-model-0-classifier-678666f5c6-vd9sv           1/2     Terminating         0          55s


PODS UPDATE: seldon          rest-seldon-model-0-classifier-678666f5c6-vd9sv           0/2     Terminating         0          61s


PODS UPDATE: seldon          rest-seldon-model-0-classifier-678666f5c6-vd9sv           0/2     Terminating         0          64s


PODS UPDATE: seldon          rest-seldon-model-0-classifier-678666f5c6-vd9sv           0/2     Terminating         0          64s


PODS UPDATE: seldon          grpc-seldon-model-0-classifier-665976c9f-dltnc            1/2     Running             0          23s


PODS UPDATE: seldon          grpc-seldon-model-0-classifier-665976c9f-dltnc            2/2     Running             0          24s


PODS UPDATE: seldon          grpc-seldon-model-0-classifier-665976c9f-dltnc            2/2     Terminating         0          40s


PODS UPDATE: seldon          grpc-seldon-model-0-classifier-665976c9f-dltnc            1/2     TerminatinNo resources found
FAILED
test_notebooks.py::TestNotebooks::test_server_examples [NbConvertApp] Converting notebook ../../notebooks/server_examples.ipynb to script
[NbConvertApp] Writing 14682 bytes to ../../notebooks/server_examples.py
g         0          54s


PODS UPDATE: seldon          grpc-seldon-model-0-classifier-665976c9f-dltnc            0/2     Terminating         0          61s


PODS UPDATE: seldon          grpc-seldon-model-0-classifier-665976c9f-dltnc            0/2     Terminating         0          68s


PODS UPDATE: seldon          grpc-seldon-model-0-classifier-665976c9f-dltnc            0/2     Terminating         0          68s


PODS UPDATE: seldon          rest-seldon-model-0-classifier-678666f5c6-9xdzs           0/2     Pending             0          0s


PODS UPDATE: seldon          rest-seldon-model-0-classifier-678666f5c6-9xdzs           0/2     Pending             0          0s


PODS UPDATE: seldon          rest-seldon-model-0-classifier-678666f5c6-9xdzs           0/2     ContainerCreating   0          0s


PODS UPDATE: seldon          rest-seldon-model-0-classifier-678666f5c6-9xdzs           0/2     Running             0          1s


PODS UPDATE: seldon          rest-seldon-model-0-classifier-678666f5c6-9xdzs           1/2     Running             0          25s


PODS UPDATE: seldon          rest-seldon-model-0-classifier-678666f5c6-9xdzs           2/2     Running             0          25s


PODS UPDATE: seldon          rest-seldon-model-0-classifier-678666f5c6-9xdzs           2/2     Terminating         0          41s


PODS UPDATE: seldon          grpc-seldon-model-0-classifier-665976c9f-bl2mf            0/2     Pending             0          0s


PODS UPDATE: seldon          grpc-seldon-model-0-classifier-665976c9f-bl2mf            0/2     Pending             0          0s


PODS UPDATE: seldon          grpc-seldon-model-0-classifier-665976c9f-bl2mf            0/2     ContainerCreating   0          0s


PODS UPDATE: seldon          grpc-seldon-model-0-classifier-665976c9f-bl2mf            0/2     Running             0          2s


PODS UPDATE: seldon          rest-seldon-model-0-classifier-678666f5c6-9xdzs           1/2     Terminating         0          55s


PODS UPDATE: seldon          rest-seldon-model-0-classifier-678666f5c6-9xdzs           0/2     Terminating         0          62s


PODS UPDATE: seldon          rest-seldon-model-0-classifier-678666f5c6-9xdzs           0/2     Terminating         0          62s


PODS UPDATE: seldon          rest-seldon-model-0-classifier-678666f5c6-9xdzs           0/2     Terminating         0          63s


PODS UPDATE: seldon          rest-seldon-model-0-classifier-678666f5c6-9xdzs           0/2     Terminating         0          63s


PODS UPDATE: seldon          grpc-seldon-model-0-classifier-665976c9f-bl2mf            1/2     Running             0          22s


PODS UPDATE: seldon          grpc-seldon-model-0-classifier-665976c9f-bl2mf            2/2     Running             0          24s


PODS UPDATE: seldon          grpc-seldon-model-0-classifier-665976c9f-bl2mf            2/2     Terminating         0          40s


PODS UPDATE: seldon          grpc-seldon-model-0-classifier-665976c9f-bl2mf            1/2     Terminating         0          54s


PODS UPDATE: seldon          grpc-seldon-model-0-classifier-665976c9f-bl2mf            0/2     Terminating         0          61s


PODS UPDATE: seldon          grpc-seldon-model-0-classifier-665976c9f-bl2mf            0/2     Terminating         0          61s


PODS UPDATE: seldon          grpc-seldon-model-0-classifier-665976c9f-bl2mf            0/2     Terminating         0          68s


PODS UPDATE: seldon          grpc-seldon-model-0-classifier-665976c9f-bl2mf            0/2     Terminating         0          68s


PODS UPDATE: seldon          sklearn-default-0-classifier-8b7fc58b7-d7kk5              0/2     Pending             0          0s


PODS UPDATE: seldon          sklearn-default-0-classifier-8b7fc58b7-d7kk5              0/2     Pending             0          0s


PODS UPDATE: seldon          sklearn-default-0-classifier-8b7fc58b7-d7kk5              0/2     Init:0/1            0          0s


PODS UPDATE: seldon          sklearn-default-0-classifier-8b7fc58b7-d7kk5              0/2     Init:0/1            0          1s


PODS UPDATE: seldon          sklearn-default-0-classifier-8b7fc58b7-d7kk5              0/2     PodInitializing     0          3s


PODS UPDATE: seldon          sklearn-default-0-classifier-8b7fc58b7-d7kk5              0/2     Running             0          4s


PODS UPDATE: seldon          sklearn-default-0-classifier-8b7fc58b7-d7kk5              1/2     Running             0          26s


PODS UPDATE: seldon          sklearn-default-0-classifier-8b7fc58b7-d7kk5              2/2     Running             0          27s


PODS UPDATE: seldon          sklearn-default-0-classifier-8b7fc58b7-d7kk5              2/2     Terminating         0          45s


PODS UPDATE: seldon          sklearn-default-0-classifier-5fc4c6b6d9-7xz5p             0/2     Pending             0          0s


PODS UPDATE: seldon          sklearn-default-0-classifier-5fc4c6b6d9-7xz5p             0/2     Pending             0          0s


PODS UPDATE: seldon          sklearn-default-0-classifier-5fc4c6b6d9-7xz5p             0/2     Init:0/1            0          0s


PODS UPDATE: seldon          sklearn-default-0-classifier-5fc4c6b6d9-7xz5p             0/2     Init:0/1            0          2s


PODS UPDATE: seldon          sklearn-default-0-classifier-5fc4c6b6d9-7xz5p             0/2     PodInitializing     0          3s


PODS UPDATE: seldon          sklearn-default-0-classifier-8b7fc58b7-d7kk5              1/2     Terminating         0          56s


PODS UPDATE: seldon          sklearn-default-0-classifier-8b7fc58b7-d7kk5              0/2     Terminating         0          60s


PODS UPDATE: seldon          sklearn-default-0-classifier-8b7fc58b7-d7kk5              0/2     Terminating         0          65s


PODS UPDATE: seldon          sklearn-default-0-classifier-8b7fc58b7-d7kk5              0/2     Terminating         0          65s


PODS UPDATE: seldon          sklearn-default-0-classifier-5fc4c6b6d9-7xz5p             0/2     Running             0          33s


PODS UPDATE: seldon          sklearn-default-0-classifier-5fc4c6b6d9-7xz5p             1/2     Running             0          52s


PODS UPDATE: seldon          sklearn-default-0-classifier-5fc4c6b6d9-7xz5p             2/2     Running             0          55s


PODS UPDATE: seldon          sklearn-default-0-classifier-5fc4c6b6d9-7xz5p             2/2     Terminating         0          72s


PODS UPDATE: seldon          xgboost-default-0-classifier-6564b9c78f-c455k             0/2     Pending             0          0s


PODS UPDATE: seldon          xgboost-default-0-classifier-6564b9c78f-c455k             0/2     Pending             0          0s


PODS UPDATE: seldon          xgboost-default-0-classifier-6564b9c78f-c455k             0/2     Init:0/1            0          0s


PODS UPDATE: seldon          xgboost-default-0-classifier-6564b9c78f-c455k             0/2     Init:0/1            0          2s


PODS UPDATE: seldon          xgboost-default-0-classifier-6564b9c78f-c455k             0/2     PodInitializing     0          4s


PODS UPDATE: seldon          sklearn-default-0-classifier-5fc4c6b6d9-7xz5p             0/2     Terminating         0          83s


PODS UPDATE: seldon          sklearn-default-0-classifier-5fc4c6b6d9-7xz5p             0/2     Terminating         0          94s


PODS UPDATE: seldon          sklearn-default-0-classifier-5fc4c6b6d9-7xz5p             0/2     Terminating         0          94s


PODS UPDATE: seldon          xgboost-default-0-classifier-6564b9c78f-c455k             0/2     Running             0          24s


PODS UPDATE: seldon          xgboost-default-0-classifier-6564b9c78f-c455k             1/2     Running             0          48s


PODS UPDATE: seldon          xgboost-default-0-classifier-6564b9c78f-c455k             2/2     Running             0          48s


PODS UPDATE: seldon          xgboost-default-0-classifier-6564b9c78f-c455k             2/2     Terminating         0          64s


PODS UPDATE: seldon          xgboost-default-0-classifier-d57cfbd4b-tfjnw              0/2     Pending             0          0s


PODS UPDATE: seldon          xgboost-default-0-classifier-d57cfbd4b-tfjnw              0/2     Pending             0          0s


PODS UPDATE: seldon          xgboost-default-0-classifier-d57cfbd4b-tfjnw              0/2     Init:0/1            0          0s


PODS UPDATE: seldon          xgboost-default-0-classifier-d57cfbd4b-tfjnw              0/2     Init:0/1            0          1s


PODS UPDATE: seldon          xgboost-default-0-classifier-d57cfbd4b-tfjnw              0/2     PodInitializing     0          3s


PODS UPDATE: seldon          xgboost-default-0-classifier-d57cfbd4b-tfjnw              0/2     Running             0          4s


PODS UPDATE: seldon          xgboost-default-0-classifier-6564b9c78f-c455k             0/2     Terminating         0          76s


PODS UPDATE: seldon          xgboost-default-0-classifier-6564b9c78f-c455k             0/2     Terminating         0          77s


PODS UPDATE: seldon          xgboost-default-0-classifier-6564b9c78f-c455k             0/2     Terminating         0          77s


PODS UPDATE: seldon          xgboost-default-0-classifier-d57cfbd4b-tfjnw              1/2     Running             0          24s


PODS UPDATE: seldon          xgboost-default-0-classifier-d57cfbd4b-tfjnw              2/2     Running             0          26s


PODS UPDATE: seldon          xgboost-default-0-classifier-d57cfbd4b-tfjnw              2/2     Terminating         0          42s


PODS UPDATE: seldon          tfserving-default-0-mnist-model-66fc996449-hl8fw          0/3     Pending             0          0s


PODS UPDATE: seldon          tfserving-default-0-mnist-model-66fc996449-hl8fw          0/3     Pending             0          0s


PODS UPDATE: seldon          tfserving-default-0-mnist-model-66fc996449-hl8fw          0/3     Init:0/1            0          0s


PODS UPDATE: seldon          tfserving-default-0-mnist-model-66fc996449-hl8fw          0/3     Init:0/1            0          2s


PODS UPDATE: seldon          tfserving-default-0-mnist-model-66fc996449-hl8fw          0/3     PodInitializing     0          5s


PODS UPDATE: seldon          xgboost-default-0-classifier-d57cfbd4b-tfjnw              0/2     Terminating         0          54s


PODS UPDATE: seldon          xgboost-default-0-classifier-d57cfbd4b-tfjnw              0/2     Terminating         0          59s


PODS UPDATE: seldon          xgboost-default-0-classifier-d57cfbd4b-tfjnw              0/2     Terminating         0          59s


PODS UPDATE: seldon          tfserving-default-0-mnist-model-66fc996449-hl8fw          1/3     Running             0          58s


PODS UPDATE: seldon          tfserving-default-0-mnist-model-66fc996449-hl8fw          2/3     Running             0          78s


PODS UPDATE: seldon          tfserving-default-0-mnist-model-66fc996449-hl8fw          3/3     Running             0          79s


PODS UPDATE: seldon          tfserving-default-0-mnist-model-66fc996449-hl8fw          3/3     Terminating         0          95s


PODS UPDATE: seldon          hpt-default-0-halfplustwo-686fd975bb-c2j4d                0/2     Pending             0          0s


PODS UPDATE: seldon          hpt-default-0-halfplustwo-686fd975bb-c2j4d                0/2     Pending             0          0s


PODS UPDATE: seldon          hpt-default-0-halfplustwo-686fd975bb-c2j4d                0/2     Init:0/1            0          0s


PODS UPDATE: seldon          hpt-default-0-halfplustwo-686fd975bb-c2j4d                0/2     Init:0/1            0          1s

PASSED
test_notebooks.py::TestNotebooks::test_rolling_updates [NbConvertApp] Converting notebook ../../notebooks/rolling_updates.ipynb to script
[NbConvertApp] Writing 25670 bytes to ../../notebooks/rolling_updates.py
PASSED
test_notebooks.py::TestNotebooks::test_ambassador_canary [NbConvertApp] Converting notebook ../../examples/ambassador/canary/ambassador_canary.ipynb to script
[NbConvertApp] Writing 3332 bytes to ../../examples/ambassador/canary/ambassador_canary.py
PASSED
test_notebooks.py::TestNotebooks::test_ambassador_headers [NbConvertApp] Converting notebook ../../examples/ambassador/headers/ambassador_headers.ipynb to script
[NbConvertApp] Writing 3974 bytes to ../../examples/ambassador/headers/ambassador_headers.py
PASSED
test_notebooks.py::TestNotebooks::test_ambassador_shadow [NbConvertApp] Converting notebook ../../examples/ambassador/shadow/ambassador_shadow.ipynb to script
[NbConvertApp] Writing 3611 bytes to ../../examples/ambassador/shadow/ambassador_shadow.py
PASSED
test_notebooks.py::TestNotebooks::test_ambassador_custom [NbConvertApp] Converting notebook ../../examples/ambassador/custom/ambassador_custom.ipynb to script
[NbConvertApp] Writing 2537 bytes to ../../examples/ambassador/custom/ambassador_custom.py
PASSED
test_notebooks.py::TestNotebooks::test_istio_canary [NbConvertApp] Converting notebook ../../examples/istio/canary_update/canary.ipynb to script
[NbConvertApp] Writing 6859 bytes to ../../examples/istio/canary_update/canary.py
PASSED
test_notebooks.py::TestNotebooks::test_tracing [NbConvertApp] Converting notebook ../../examples/models/tracing/tracing.ipynb to script
[NbConvertApp] Writing 4792 bytes to ../../examples/models/tracing/tracing.py
PASSED
test_notebooks.py::TestNotebooks::test_metrics [NbConvertApp] Converting notebook ../../examples/models/metrics/metrics.ipynb to script
[NbConvertApp] Writing 7647 bytes to ../../examples/models/metrics/metrics.py
PASSED
test_notebooks.py::TestNotebooks::test_metadata [NbConvertApp] Converting notebook ../../examples/models/metadata/metadata.ipynb to script
[NbConvertApp] Writing 10406 bytes to ../../examples/models/metadata/metadata.py
PASSED
test_notebooks.py::TestNotebooks::test_graph_metadata [NbConvertApp] Converting notebook ../../examples/models/metadata/graph_metadata.ipynb to script
[NbConvertApp] Writing 25780 bytes to ../../examples/models/metadata/graph_metadata.py
PASSED
test_notebooks.py::TestNotebooks::test_grpc_metadata [NbConvertApp] Converting notebook ../../examples/models/metadata/metadata_grpc.ipynb to script
[NbConvertApp] Writing 3860 bytes to ../../examples/models/metadata/metadata_grpc.py
PASSED
test_notebooks.py::TestNotebooks::test_payload_logging [NbConvertApp] Converting notebook ../../examples/models/payload_logging/payload_logging.ipynb to script
[NbConvertApp] Writing 2868 bytes to ../../examples/models/payload_logging/payload_logging.py
PASSED
test_notebooks.py::TestNotebooks::test_custom_metrics [NbConvertApp] Converting notebook ../../examples/models/custom_metrics/customMetrics.ipynb to script
[NbConvertApp] Writing 4256 bytes to ../../examples/models/custom_metrics/customMetrics.py
PASSED
test_notebooks.py::TestNotebooks::test_autoscaling [NbConvertApp] Converting notebook ../../examples/models/autoscaling/autoscaling_example.ipynb to script
[NbConvertApp] Writing 3973 bytes to ../../examples/models/autoscaling/autoscaling_example.py
PASSED
test_notebooks.py::TestNotebooks::test_scaling [NbConvertApp] Converting notebook ../../notebooks/scale.ipynb to script
[NbConvertApp] Writing 6495 bytes to ../../notebooks/scale.py
PASSED
test_notebooks.py::TestNotebooks::test_jsondata [NbConvertApp] Converting notebook ../../examples/models/sklearn_iris_jsondata/sklearn_iris_jsondata.ipynb to script
[NbConvertApp] Writing 5567 bytes to ../../examples/models/sklearn_iris_jsondata/sklearn_iris_jsondata.py
PASSED
test_notebooks.py::TestNotebooks::test_sklearn_iris [NbConvertApp] Converting notebook ../../examples/models/sklearn_iris/sklearn_iris.ipynb to script
[NbConvertApp] Writing 4831 bytes to ../../examples/models/sklearn_iris/sklearn_iris.py
PASSED
test_notebooks.py::TestNotebooks::test_custom_metrics_server [NbConvertApp] Converting notebook ../../examples/feedback/metrics-server/README.ipynb to script
[NbConvertApp] Writing 7904 bytes to ../../examples/feedback/metrics-server/README.py
PASSED
test_notebooks.py::TestNotebooks::test_upgrade [NbConvertApp] Converting notebook ../../notebooks/operator_upgrade.ipynb to script
[NbConvertApp] Writing 7062 bytes to ../../notebooks/operator_upgrade.py
PASSED
test_notebooks.py::TestNotebooks::test_disruption_budgets [NbConvertApp] Converting notebook ../../examples/models/disruption_budgets/pdbs_example.ipynb to script
[NbConvertApp] Writing 3165 bytes to ../../examples/models/disruption_budgets/pdbs_example.py
PASSED

=================================== FAILURES ===================================
____________________ TestNotebooks.test_explainer_examples _____________________

self = <test_notebooks.TestNotebooks object at 0x7fc9dbb1ceb8>

    def test_explainer_examples(self):
>       create_and_run_script("../../notebooks", "explainer_examples")

test_notebooks.py:42: 
_ _ _ _ _ _ _ _ _ _ _ _ _ _ _ _ _ _ _ _ _ _ _ _ _ _ _ _ _ _ _ _ _ _ _ _ _ _ _ _ 
test_notebooks.py:27: in create_and_run_script
    raise e
test_notebooks.py:20: in create_and_run_script
    encoding="utf-8",
_ _ _ _ _ _ _ _ _ _ _ _ _ _ _ _ _ _ _ _ _ _ _ _ _ _ _ _ _ _ _ _ _ _ _ _ _ _ _ _ 

input = None, timeout = None, check = True
popenargs = ('cd ../../notebooks && ./explainer_examples.py',)
kwargs = {'encoding': 'utf-8', 'shell': True, 'stderr': -1, 'stdout': -1}
process = <subprocess.Popen object at 0x7fc9dbb1cf98>
stdout = 'Context "kind-kind" modified.\nseldondeployment.machinelearning.seldon.io/income created\nWaiting for deployment "inc...1;32m    457\x1b[0m \x1b[0;34m\x1b[0m\x1b[0m\n\n\x1b[0;31mTypeError\x1b[0m: \'Response\' object is not subscriptable\n'
stderr = 'Error from server (AlreadyExists): namespaces "seldon" already exists\n  % Total    % Received % Xferd  Average Speed...es SQLite, your history will not be saved\n  warn("IPython History requires SQLite, your history will not be saved")\n'
retcode = 1

    def run(*popenargs, input=None, timeout=None, check=False, **kwargs):
        """Run command with arguments and return a CompletedProcess instance.
    
        The returned instance will have attributes args, returncode, stdout and
        stderr. By default, stdout and stderr are not captured, and those attributes
        will be None. Pass stdout=PIPE and/or stderr=PIPE in order to capture them.
    
        If check is True and the exit code was non-zero, it raises a
        CalledProcessError. The CalledProcessError object will have the return code
        in the returncode attribute, and output & stderr attributes if those streams
        were captured.
    
        If timeout is given, and the process takes too long, a TimeoutExpired
        exception will be raised.
    
        There is an optional argument "input", allowing you to
        pass a string to the subprocess's stdin.  If you use this argument
        you may not also use the Popen constructor's "stdin" argument, as
        it will be used internally.
    
        The other arguments are the same as for the Popen constructor.
    
        If universal_newlines=True is passed, the "input" argument must be a
        string and stdout/stderr in the returned object will be strings rather than
        bytes.
        """
        if input is not None:
            if 'stdin' in kwargs:
                raise ValueError('stdin and input arguments may not both be used.')
            kwargs['stdin'] = PIPE
    
        with Popen(*popenargs, **kwargs) as process:
            try:
                stdout, stderr = process.communicate(input, timeout=timeout)
            except TimeoutExpired:
                process.kill()
                stdout, stderr = process.communicate()
                raise TimeoutExpired(process.args, timeout, output=stdout,
                                     stderr=stderr)
            except:
                process.kill()
                process.wait()
                raise
            retcode = process.poll()
            if check and retcode:
                raise CalledProcessError(retcode, process.args,
>                                        output=stdout, stderr=stderr)
E               subprocess.CalledProcessError: Command 'cd ../../notebooks && ./explainer_examples.py' returned non-zero exit status 1.

/usr/local/lib/python3.6/subprocess.py:438: CalledProcessError
------------------------------ Captured log call -------------------------------
ERROR    root:test_notebooks.py:24 failed notebook test explainer_examples stdout:Context "kind-kind" modified.
seldondeployment.machinelearning.seldon.io/income created
Waiting for deployment "income-default-0-classifier" rollout to finish: 0 of 1 updated replicas are available...
deployment "income-default-0-classifier" successfully rolled out
deployment "income-default-explainer" successfully rolled out
{"data":{"names":["t:0","t:1"],"ndarray":[[0.8585304277244477,0.14146957227555243]]},"meta":{}}
[
  "Marital Status = Separated",
  "Sex = Female"
]
seldondeployment.machinelearning.seldon.io "income" deleted
seldondeployment.machinelearning.seldon.io/movie created
Waiting for deployment "movie-default-0-classifier" rollout to finish: 0 of 1 updated replicas are available...
deployment "movie-default-0-classifier" successfully rolled out
deployment "movie-default-explainer" successfully rolled out
{"data":{"names":["t:0","t:1"],"ndarray":[[0.21266916924914636,0.7873308307508536]]},"meta":{}}
[
  "emotionally",
  "vapid"
]
seldondeployment.machinelearning.seldon.io "movie" deleted
seldondeployment.machinelearning.seldon.io/image created
Waiting for deployment "image-default-0-transformer-classifier" rollout to finish: 0 of 1 updated replicas are available...
deployment "image-default-0-transformer-classifier" successfully rolled out
deployment "image-default-explainer" successfully rolled out
Writing resources/income_explainer.yaml
{'data': {'names': ['t:0', 't:1'], 'tensor': {'shape': [1, 2], 'values': [0.8585304277244477, 0.14146957227555243]}}, 'meta': {}}
['Marital Status = Never-Married']
Overwriting resources/moviesentiment_explainer.yaml
Success:True message:
Request:
meta {
}
data {
  ndarray {
    values {
      string_value: "this film has great actors"
    }
  }
}

Response:
{'data': {'names': ['t:0', 't:1'], 'ndarray': [[0.21266916924914636, 0.7873308307508536]]}, 'meta': {}}
['emotionally', 'vapid']
Writing resources/imagenet_explainer_grpc.yaml
WARNING:tensorflow:From /workspace/source/python/seldon_core/utils.py:309: The name tf.make_tensor_proto is deprecated. Please use tf.compat.v1.make_tensor_proto instead.

Downloading data from https://storage.googleapis.com/download.tensorflow.org/data/imagenet_class_index.json

 8192/35363 [=====>........................] - ETA: 0s
40960/35363 [==================================] - 0s 0us/step
[0;31m---------------------------------------------------------------------------[0m
[0;31mTypeError[0m                                 Traceback (most recent call last)
[0;32m/workspace/source/notebooks/explainer_examples.py[0m in [0;36m<module>[0;34m[0m
[1;32m    453[0m [0mf[0m[0;34m,[0m [0maxarr[0m [0;34m=[0m [0mplt[0m[0;34m.[0m[0msubplots[0m[0;34m([0m[0;36m1[0m[0;34m,[0m [0;36m2[0m[0;34m)[0m[0;34m[0m[0;34m[0m[0m
[1;32m    454[0m [0maxarr[0m[0;34m[[0m[0;36m0[0m[0;34m][0m[0;34m.[0m[0mimshow[0m[0;34m([0m[0mdata[0m[0;34m[[0m[0;36m0[0m[0;34m][0m[0;34m)[0m[0;34m[0m[0;34m[0m[0m
[0;32m--> 455[0;31m [0maxarr[0m[0;34m[[0m[0;36m1[0m[0;34m][0m[0;34m.[0m[0mimshow[0m[0;34m([0m[0mr[0m[0;34m.[0m[0mresponse[0m[0;34m[[0m[0;34m"data"[0m[0;34m][0m[0;34m[[0m[0;34m"anchor"[0m[0;34m][0m[0;34m)[0m[0;34m[0m[0;34m[0m[0m
[0m[1;32m    456[0m [0mplt[0m[0;34m.[0m[0mshow[0m[0;34m([0m[0;34m)[0m[0;34m[0m[0;34m[0m[0m
[1;32m    457[0m [0;34m[0m[0m

[0;31mTypeError[0m: 'Response' object is not subscriptable
, stderr:Error from server (AlreadyExists): namespaces "seldon" already exists
  % Total    % Received % Xferd  Average Speed   Time    Time     Time  Current
                                 Dload  Upload   Total   Spent    Left  Speed

  0     0    0     0    0     0      0      0 --:--:-- --:--:-- --:--:--     0
100   161  100    96  100    65   5647   3823 --:--:-- --:--:-- --:--:--  9470
  % Total    % Received % Xferd  Average Speed   Time    Time     Time  Current
                                 Dload  Upload   Total   Spent    Left  Speed

  0     0    0     0    0     0      0      0 --:--:-- --:--:-- --:--:--     0
100  2331  100  2240  100    91   3618    147 --:--:-- --:--:-- --:--:--  3759
100  2331  100  2240  100    91   3607    146 --:--:-- --:--:-- --:--:--  3747
  % Total    % Received % Xferd  Average Speed   Time    Time     Time  Current
                                 Dload  Upload   Total   Spent    Left  Speed

  0     0    0     0    0     0      0      0 --:--:-- --:--:-- --:--:--     0
100   148  100    96  100    52   4173   2260 --:--:-- --:--:-- --:--:--  6727
/usr/local/lib/python3.6/site-packages/IPython/core/history.py:226: UserWarning: IPython History requires SQLite, your history will not be saved
  warn("IPython History requires SQLite, your history will not be saved")
------------------------------ Captured log call -------------------------------
ERROR    root:test_notebooks.py:24 failed notebook test explainer_examples stdout:Context "kind-kind" modified.
seldondeployment.machinelearning.seldon.io/income created
Waiting for deployment "income-default-0-classifier" rollout to finish: 0 of 1 updated replicas are available...
deployment "income-default-0-classifier" successfully rolled out
deployment "income-default-explainer" successfully rolled out
{"data":{"names":["t:0","t:1"],"ndarray":[[0.8585304277244477,0.14146957227555243]]},"meta":{}}
[
  "Marital Status = Separated",
  "Capital Gain <= 0.00"
]
seldondeployment.machinelearning.seldon.io "income" deleted
seldondeployment.machinelearning.seldon.io/movie created
Waiting for deployment "movie-default-0-classifier" rollout to finish: 0 of 1 updated replicas are available...
deployment "movie-default-0-classifier" successfully rolled out
Waiting for deployment "movie-default-explainer" rollout to finish: 0 of 1 updated replicas are available...
deployment "movie-default-explainer" successfully rolled out
{"data":{"names":["t:0","t:1"],"ndarray":[[0.21266916924914636,0.7873308307508536]]},"meta":{}}
[
  "emotionally",
  "vapid"
]
seldondeployment.machinelearning.seldon.io "movie" deleted
seldondeployment.machinelearning.seldon.io/image created
Waiting for deployment "image-default-0-transformer-classifier" rollout to finish: 0 of 1 updated replicas are available...
deployment "image-default-0-transformer-classifier" successfully rolled out
deployment "image-default-explainer" successfully rolled out
Overwriting resources/income_explainer.yaml
{'data': {'names': ['t:0', 't:1'], 'tensor': {'shape': [1, 2], 'values': [0.8585304277244477, 0.14146957227555243]}}, 'meta': {}}
['Marital Status = Never-Married']
Overwriting resources/moviesentiment_explainer.yaml
Success:True message:
Request:
meta {
}
data {
  ndarray {
    values {
      string_value: "this film has great actors"
    }
  }
}

Response:
{'data': {'names': ['t:0', 't:1'], 'ndarray': [[0.21266916924914636, 0.7873308307508536]]}, 'meta': {}}
['emotionally', 'vapid']
Overwriting resources/imagenet_explainer_grpc.yaml
WARNING:tensorflow:From /workspace/source/python/seldon_core/utils.py:309: The name tf.make_tensor_proto is deprecated. Please use tf.compat.v1.make_tensor_proto instead.

[0;31m---------------------------------------------------------------------------[0m
[0;31mTypeError[0m                                 Traceback (most recent call last)
[0;32m/workspace/source/notebooks/explainer_examples.py[0m in [0;36m<module>[0;34m[0m
[1;32m    453[0m [0mf[0m[0;34m,[0m [0maxarr[0m [0;34m=[0m [0mplt[0m[0;34m.[0m[0msubplots[0m[0;34m([0m[0;36m1[0m[0;34m,[0m [0;36m2[0m[0;34m)[0m[0;34m[0m[0;34m[0m[0m
[1;32m    454[0m [0maxarr[0m[0;34m[[0m[0;36m0[0m[0;34m][0m[0;34m.[0m[0mimshow[0m[0;34m([0m[0mdata[0m[0;34m[[0m[0;36m0[0m[0;34m][0m[0;34m)[0m[0;34m[0m[0;34m[0m[0m
[0;32m--> 455[0;31m [0maxarr[0m[0;34m[[0m[0;36m1[0m[0;34m][0m[0;34m.[0m[0mimshow[0m[0;34m([0m[0mr[0m[0;34m.[0m[0mresponse[0m[0;34m[[0m[0;34m"data"[0m[0;34m][0m[0;34m[[0m[0;34m"anchor"[0m[0;34m][0m[0;34m)[0m[0;34m[0m[0;34m[0m[0m
[0m[1;32m    456[0m [0mplt[0m[0;34m.[0m[0mshow[0m[0;34m([0m[0;34m)[0m[0;34m[0m[0;34m[0m[0m
[1;32m    457[0m [0;34m[0m[0m

[0;31mTypeError[0m: 'Response' object is not subscriptable
, stderr:Error from server (AlreadyExists): namespaces "seldon" already exists
  % Total    % Received % Xferd  Average Speed   Time    Time     Time  Current
                                 Dload  Upload   Total   Spent    Left  Speed

  0     0    0     0    0     0      0      0 --:--:-- --:--:-- --:--:--     0
100   161  100    96  100    65   4571   3095 --:--:-- --:--:-- --:--:--  7318
100   161  100    96  100    65   4173   2826 --:--:-- --:--:-- --:--:--  6708
  % Total    % Received % Xferd  Average Speed   Time    Time     Time  Current
                                 Dload  Upload   Total   Spent    Left  Speed

  0     0    0     0    0     0      0      0 --:--:-- --:--:-- --:--:--     0
100  2297  100  2206  100    91   4342    179 --:--:-- --:--:-- --:--:--  4521
  % Total    % Received % Xferd  Average Speed   Time    Time     Time  Current
                                 Dload  Upload   Total   Spent    Left  Speed

  0     0    0     0    0     0      0      0 --:--:-- --:--:-- --:--:--     0
100   148  100    96  100    52   4363   2363 --:--:-- --:--:-- --:--:--  6727
/usr/local/lib/python3.6/site-packages/IPython/core/history.py:226: UserWarning: IPython History requires SQLite, your history will not be saved
  warn("IPython History requires SQLite, your history will not be saved")
_____________________ TestNotebooks.test_protocol_examples _____________________

self = <test_notebooks.TestNotebooks object at 0x7fc9dcd30588>

    def test_protocol_examples(self):
>       create_and_run_script("../../notebooks", "protocol_examples")

test_notebooks.py:54: 
_ _ _ _ _ _ _ _ _ _ _ _ _ _ _ _ _ _ _ _ _ _ _ _ _ _ _ _ _ _ _ _ _ _ _ _ _ _ _ _ 
test_notebooks.py:27: in create_and_run_script
    raise e
test_notebooks.py:20: in create_and_run_script
    encoding="utf-8",
_ _ _ _ _ _ _ _ _ _ _ _ _ _ _ _ _ _ _ _ _ _ _ _ _ _ _ _ _ _ _ _ _ _ _ _ _ _ _ _ 

input = None, timeout = None, check = True
popenargs = ('cd ../../notebooks && ./protocol_examples.py',)
kwargs = {'encoding': 'utf-8', 'shell': True, 'stderr': -1, 'stdout': -1}
process = <subprocess.Popen object at 0x7fc9dcd305f8>
stdout = 'Context "kind-kind" modified.\nseldondeployment.machinelearning.seldon.io/rest-seldon created\nWaiting for deployment...[0m \x1b[0;34m\x1b[0m\x1b[0m\n\x1b[1;32m    265\x1b[0m \x1b[0;34m\x1b[0m\x1b[0m\n\n\x1b[0;31mAssertionError\x1b[0m: \n'
stderr = 'Error from server (AlreadyExists): namespaces "seldon" already exists\n/usr/local/lib/python3.6/site-packages/IPython...esourceVersion":"", "selfLink":""}}\n\n\nerror: arguments in resource/name form must have a single resource and name\n'
retcode = 1

    def run(*popenargs, input=None, timeout=None, check=False, **kwargs):
        """Run command with arguments and return a CompletedProcess instance.
    
        The returned instance will have attributes args, returncode, stdout and
        stderr. By default, stdout and stderr are not captured, and those attributes
        will be None. Pass stdout=PIPE and/or stderr=PIPE in order to capture them.
    
        If check is True and the exit code was non-zero, it raises a
        CalledProcessError. The CalledProcessError object will have the return code
        in the returncode attribute, and output & stderr attributes if those streams
        were captured.
    
        If timeout is given, and the process takes too long, a TimeoutExpired
        exception will be raised.
    
        There is an optional argument "input", allowing you to
        pass a string to the subprocess's stdin.  If you use this argument
        you may not also use the Popen constructor's "stdin" argument, as
        it will be used internally.
    
        The other arguments are the same as for the Popen constructor.
    
        If universal_newlines=True is passed, the "input" argument must be a
        string and stdout/stderr in the returned object will be strings rather than
        bytes.
        """
        if input is not None:
            if 'stdin' in kwargs:
                raise ValueError('stdin and input arguments may not both be used.')
            kwargs['stdin'] = PIPE
    
        with Popen(*popenargs, **kwargs) as process:
            try:
                stdout, stderr = process.communicate(input, timeout=timeout)
            except TimeoutExpired:
                process.kill()
                stdout, stderr = process.communicate()
                raise TimeoutExpired(process.args, timeout, output=stdout,
                                     stderr=stderr)
            except:
                process.kill()
                process.wait()
                raise
            retcode = process.poll()
            if check and retcode:
                raise CalledProcessError(retcode, process.args,
>                                        output=stdout, stderr=stderr)
E               subprocess.CalledProcessError: Command 'cd ../../notebooks && ./protocol_examples.py' returned non-zero exit status 1.

/usr/local/lib/python3.6/subprocess.py:438: CalledProcessError
------------------------------ Captured log call -------------------------------
ERROR    root:test_notebooks.py:24 failed notebook test protocol_examples stdout:Context "kind-kind" modified.
seldondeployment.machinelearning.seldon.io/rest-seldon created
Waiting for deployment "rest-seldon-model-0-classifier" rollout to finish: 0 of 1 updated replicas are available...
deployment "rest-seldon-model-0-classifier" successfully rolled out
Overwriting resources/model_seldon_rest.yaml
Available
seldondeployment.machinelearning.seldon.io "rest-seldon" deleted
seldondeployment.machinelearning.seldon.io/grpc-seldon created
Waiting for deployment "grpc-seldon-model-0-classifier" rollout to finish: 0 of 1 updated replicas are available...
deployment "grpc-seldon-model-0-classifier" successfully rolled out
{'data': {'names': ['proba'], 'ndarray': [[0.43782349911420193]]}, 'meta': {}}
Overwriting resources/model_seldon_grpc.yaml
Available
seldondeployment.machinelearning.seldon.io "grpc-seldon" deleted
{'meta': {}, 'data': {'names': ['proba'], 'ndarray': [[0.43782349911420193]]}}
Overwriting resources/model_tfserving_rest.yaml
Error from server (NotFound): seldondeployments.machinelearning.seldon.io "rest-tfserving" not found
Error from server (NotFound): seldondeployments.machinelearning.seldon.io "rest-tfserving" not found
Error from server (NotFound): seldondeployments.machinelearning.seldon.io "rest-tfserving" not found
Error from server (NotFound): seldondeployments.machinelearning.seldon.io "rest-tfserving" not found
Error from server (NotFound): seldondeployments.machinelearning.seldon.io "rest-tfserving" not found
Error from server (NotFound): seldondeployments.machinelearning.seldon.io "rest-tfserving" not found
Error from server (NotFound): seldondeployments.machinelearning.seldon.io "rest-tfserving" not found
Error from server (NotFound): seldondeployments.machinelearning.seldon.io "rest-tfserving" not found
Error from server (NotFound): seldondeployments.machinelearning.seldon.io "rest-tfserving" not found
Error from server (NotFound): seldondeployments.machinelearning.seldon.io "rest-tfserving" not found
Error from server (NotFound): seldondeployments.machinelearning.seldon.io "rest-tfserving" not found
Error from server (NotFound): seldondeployments.machinelearning.seldon.io "rest-tfserving" not found
Error from server (NotFound): seldondeployments.machinelearning.seldon.io "rest-tfserving" not found
Error from server (NotFound): seldondeployments.machinelearning.seldon.io "rest-tfserving" not found
Error from server (NotFound): seldondeployments.machinelearning.seldon.io "rest-tfserving" not found
Error from server (NotFound): seldondeployments.machinelearning.seldon.io "rest-tfserving" not found
Error from server (NotFound): seldondeployments.machinelearning.seldon.io "rest-tfserving" not found
Error from server (NotFound): seldondeployments.machinelearning.seldon.io "rest-tfserving" not found
Error from server (NotFound): seldondeployments.machinelearning.seldon.io "rest-tfserving" not found
Error from server (NotFound): seldondeployments.machinelearning.seldon.io "rest-tfserving" not found
Error from server (NotFound): seldondeployments.machinelearning.seldon.io "rest-tfserving" not found
Error from server (NotFound): seldondeployments.machinelearning.seldon.io "rest-tfserving" not found
Error from server (NotFound): seldondeployments.machinelearning.seldon.io "rest-tfserving" not found
Error from server (NotFound): seldondeployments.machinelearning.seldon.io "rest-tfserving" not found
Error from server (NotFound): seldondeployments.machinelearning.seldon.io "rest-tfserving" not found
Error from server (NotFound): seldondeployments.machinelearning.seldon.io "rest-tfserving" not found
Error from server (NotFound): seldondeployments.machinelearning.seldon.io "rest-tfserving" not found
Error from server (NotFound): seldondeployments.machinelearning.seldon.io "rest-tfserving" not found
Error from server (NotFound): seldondeployments.machinelearning.seldon.io "rest-tfserving" not found
Error from server (NotFound): seldondeployments.machinelearning.seldon.io "rest-tfserving" not found
Error from server (NotFound): seldondeployments.machinelearning.seldon.io "rest-tfserving" not found
Error from server (NotFound): seldondeployments.machinelearning.seldon.io "rest-tfserving" not found
Error from server (NotFound): seldondeployments.machinelearning.seldon.io "rest-tfserving" not found
Error from server (NotFound): seldondeployments.machinelearning.seldon.io "rest-tfserving" not found
Error from server (NotFound): seldondeployments.machinelearning.seldon.io "rest-tfserving" not found
Error from server (NotFound): seldondeployments.machinelearning.seldon.io "rest-tfserving" not found
Error from server (NotFound): seldondeployments.machinelearning.seldon.io "rest-tfserving" not found
Error from server (NotFound): seldondeployments.machinelearning.seldon.io "rest-tfserving" not found
Error from server (NotFound): seldondeployments.machinelearning.seldon.io "rest-tfserving" not found
Error from server (NotFound): seldondeployments.machinelearning.seldon.io "rest-tfserving" not found
Error from server (NotFound): seldondeployments.machinelearning.seldon.io "rest-tfserving" not found
Error from server (NotFound): seldondeployments.machinelearning.seldon.io "rest-tfserving" not found
Error from server (NotFound): seldondeployments.machinelearning.seldon.io "rest-tfserving" not found
Error from server (NotFound): seldondeployments.machinelearning.seldon.io "rest-tfserving" not found
Error from server (NotFound): seldondeployments.machinelearning.seldon.io "rest-tfserving" not found
Error from server (NotFound): seldondeployments.machinelearning.seldon.io "rest-tfserving" not found
Error from server (NotFound): seldondeployments.machinelearning.seldon.io "rest-tfserving" not found
Error from server (NotFound): seldondeployments.machinelearning.seldon.io "rest-tfserving" not found
Error from server (NotFound): seldondeployments.machinelearning.seldon.io "rest-tfserving" not found
Error from server (NotFound): seldondeployments.machinelearning.seldon.io "rest-tfserving" not found
Error from server (NotFound): seldondeployments.machinelearning.seldon.io "rest-tfserving" not found
Error from server (NotFound): seldondeployments.machinelearning.seldon.io "rest-tfserving" not found
Error from server (NotFound): seldondeployments.machinelearning.seldon.io "rest-tfserving" not found
Error from server (NotFound): seldondeployments.machinelearning.seldon.io "rest-tfserving" not found
Error from server (NotFound): seldondeployments.machinelearning.seldon.io "rest-tfserving" not found
Error from server (NotFound): seldondeployments.machinelearning.seldon.io "rest-tfserving" not found
Error from server (NotFound): seldondeployments.machinelearning.seldon.io "rest-tfserving" not found
Error from server (NotFound): seldondeployments.machinelearning.seldon.io "rest-tfserving" not found
Error from server (NotFound): seldondeployments.machinelearning.seldon.io "rest-tfserving" not found
Error from server (NotFound): seldondeployments.machinelearning.seldon.io "rest-tfserving" not found
[0;31m---------------------------------------------------------------------------[0m
[0;31mAssertionError[0m                            Traceback (most recent call last)
[0;32m/workspace/source/notebooks/protocol_examples.py[0m in [0;36m<module>[0;34m[0m
[1;32m    261[0m         [0;32mbreak[0m[0;34m[0m[0;34m[0m[0m
[1;32m    262[0m     [0mtime[0m[0;34m.[0m[0msleep[0m[0;34m([0m[0;36m1[0m[0;34m)[0m[0;34m[0m[0;34m[0m[0m
[0;32m--> 263[0;31m [0;32massert[0m[0;34m([0m[0mstate[0m[0;34m==[0m[0;34m"Available"[0m[0;34m)[0m[0;34m[0m[0;34m[0m[0m
[0m[1;32m    264[0m [0;34m[0m[0m
[1;32m    265[0m [0;34m[0m[0m

[0;31mAssertionError[0m: 
, stderr:Error from server (AlreadyExists): namespaces "seldon" already exists
/usr/local/lib/python3.6/site-packages/IPython/core/history.py:226: UserWarning: IPython History requires SQLite, your history will not be saved
  warn("IPython History requires SQLite, your history will not be saved")
The SeldonDeployment "rest-tfserving" is invalid: spec.predictors.componentSpecs.spec.containers.ports.protocol: Required value
error: error executing jsonpath "{.items[0].metadata.name}": Error executing template: array index out of bounds: index 0, length 0. Printing more information for debugging the template:
	template was:
		{.items[0].metadata.name}
	object given to jsonpath engine was:
		map[string]interface {}{"apiVersion":"v1", "items":[]interface {}{}, "kind":"List", "metadata":map[string]interface {}{"resourceVersion":"", "selfLink":""}}


error: arguments in resource/name form must have a single resource and name
------------------------------ Captured log call -------------------------------
ERROR    root:test_notebooks.py:24 failed notebook test protocol_examples stdout:Context "kind-kind" modified.
seldondeployment.machinelearning.seldon.io/rest-seldon created
Waiting for deployment "rest-seldon-model-0-classifier" rollout to finish: 0 of 1 updated replicas are available...
deployment "rest-seldon-model-0-classifier" successfully rolled out
Overwriting resources/model_seldon_rest.yaml
Available
seldondeployment.machinelearning.seldon.io "rest-seldon" deleted
seldondeployment.machinelearning.seldon.io/grpc-seldon created
Waiting for deployment "grpc-seldon-model-0-classifier" rollout to finish: 0 of 1 updated replicas are available...
deployment "grpc-seldon-model-0-classifier" successfully rolled out
{'data': {'names': ['proba'], 'ndarray': [[0.43782349911420193]]}, 'meta': {}}
Overwriting resources/model_seldon_grpc.yaml
Available
seldondeployment.machinelearning.seldon.io "grpc-seldon" deleted
{'meta': {}, 'data': {'names': ['proba'], 'ndarray': [[0.43782349911420193]]}}
Overwriting resources/model_tfserving_rest.yaml
Error from server (NotFound): seldondeployments.machinelearning.seldon.io "rest-tfserving" not found
Error from server (NotFound): seldondeployments.machinelearning.seldon.io "rest-tfserving" not found
Error from server (NotFound): seldondeployments.machinelearning.seldon.io "rest-tfserving" not found
Error from server (NotFound): seldondeployments.machinelearning.seldon.io "rest-tfserving" not found
Error from server (NotFound): seldondeployments.machinelearning.seldon.io "rest-tfserving" not found
Error from server (NotFound): seldondeployments.machinelearning.seldon.io "rest-tfserving" not found
Error from server (NotFound): seldondeployments.machinelearning.seldon.io "rest-tfserving" not found
Error from server (NotFound): seldondeployments.machinelearning.seldon.io "rest-tfserving" not found
Error from server (NotFound): seldondeployments.machinelearning.seldon.io "rest-tfserving" not found
Error from server (NotFound): seldondeployments.machinelearning.seldon.io "rest-tfserving" not found
Error from server (NotFound): seldondeployments.machinelearning.seldon.io "rest-tfserving" not found
Error from server (NotFound): seldondeployments.machinelearning.seldon.io "rest-tfserving" not found
Error from server (NotFound): seldondeployments.machinelearning.seldon.io "rest-tfserving" not found
Error from server (NotFound): seldondeployments.machinelearning.seldon.io "rest-tfserving" not found
Error from server (NotFound): seldondeployments.machinelearning.seldon.io "rest-tfserving" not found
Error from server (NotFound): seldondeployments.machinelearning.seldon.io "rest-tfserving" not found
Error from server (NotFound): seldondeployments.machinelearning.seldon.io "rest-tfserving" not found
Error from server (NotFound): seldondeployments.machinelearning.seldon.io "rest-tfserving" not found
Error from server (NotFound): seldondeployments.machinelearning.seldon.io "rest-tfserving" not found
Error from server (NotFound): seldondeployments.machinelearning.seldon.io "rest-tfserving" not found
Error from server (NotFound): seldondeployments.machinelearning.seldon.io "rest-tfserving" not found
Error from server (NotFound): seldondeployments.machinelearning.seldon.io "rest-tfserving" not found
Error from server (NotFound): seldondeployments.machinelearning.seldon.io "rest-tfserving" not found
Error from server (NotFound): seldondeployments.machinelearning.seldon.io "rest-tfserving" not found
Error from server (NotFound): seldondeployments.machinelearning.seldon.io "rest-tfserving" not found
Error from server (NotFound): seldondeployments.machinelearning.seldon.io "rest-tfserving" not found
Error from server (NotFound): seldondeployments.machinelearning.seldon.io "rest-tfserving" not found
Error from server (NotFound): seldondeployments.machinelearning.seldon.io "rest-tfserving" not found
Error from server (NotFound): seldondeployments.machinelearning.seldon.io "rest-tfserving" not found
Error from server (NotFound): seldondeployments.machinelearning.seldon.io "rest-tfserving" not found
Error from server (NotFound): seldondeployments.machinelearning.seldon.io "rest-tfserving" not found
Error from server (NotFound): seldondeployments.machinelearning.seldon.io "rest-tfserving" not found
Error from server (NotFound): seldondeployments.machinelearning.seldon.io "rest-tfserving" not found
Error from server (NotFound): seldondeployments.machinelearning.seldon.io "rest-tfserving" not found
Error from server (NotFound): seldondeployments.machinelearning.seldon.io "rest-tfserving" not found
Error from server (NotFound): seldondeployments.machinelearning.seldon.io "rest-tfserving" not found
Error from server (NotFound): seldondeployments.machinelearning.seldon.io "rest-tfserving" not found
Error from server (NotFound): seldondeployments.machinelearning.seldon.io "rest-tfserving" not found
Error from server (NotFound): seldondeployments.machinelearning.seldon.io "rest-tfserving" not found
Error from server (NotFound): seldondeployments.machinelearning.seldon.io "rest-tfserving" not found
Error from server (NotFound): seldondeployments.machinelearning.seldon.io "rest-tfserving" not found
Error from server (NotFound): seldondeployments.machinelearning.seldon.io "rest-tfserving" not found
Error from server (NotFound): seldondeployments.machinelearning.seldon.io "rest-tfserving" not found
Error from server (NotFound): seldondeployments.machinelearning.seldon.io "rest-tfserving" not found
Error from server (NotFound): seldondeployments.machinelearning.seldon.io "rest-tfserving" not found
Error from server (NotFound): seldondeployments.machinelearning.seldon.io "rest-tfserving" not found
Error from server (NotFound): seldondeployments.machinelearning.seldon.io "rest-tfserving" not found
Error from server (NotFound): seldondeployments.machinelearning.seldon.io "rest-tfserving" not found
Error from server (NotFound): seldondeployments.machinelearning.seldon.io "rest-tfserving" not found
Error from server (NotFound): seldondeployments.machinelearning.seldon.io "rest-tfserving" not found
Error from server (NotFound): seldondeployments.machinelearning.seldon.io "rest-tfserving" not found
Error from server (NotFound): seldondeployments.machinelearning.seldon.io "rest-tfserving" not found
Error from server (NotFound): seldondeployments.machinelearning.seldon.io "rest-tfserving" not found
Error from server (NotFound): seldondeployments.machinelearning.seldon.io "rest-tfserving" not found
Error from server (NotFound): seldondeployments.machinelearning.seldon.io "rest-tfserving" not found
Error from server (NotFound): seldondeployments.machinelearning.seldon.io "rest-tfserving" not found
Error from server (NotFound): seldondeployments.machinelearning.seldon.io "rest-tfserving" not found
Error from server (NotFound): seldondeployments.machinelearning.seldon.io "rest-tfserving" not found
Error from server (NotFound): seldondeployments.machinelearning.seldon.io "rest-tfserving" not found
Error from server (NotFound): seldondeployments.machinelearning.seldon.io "rest-tfserving" not found
[0;31m---------------------------------------------------------------------------[0m
[0;31mAssertionError[0m                            Traceback (most recent call last)
[0;32m/workspace/source/notebooks/protocol_examples.py[0m in [0;36m<module>[0;34m[0m
[1;32m    261[0m         [0;32mbreak[0m[0;34m[0m[0;34m[0m[0m
[1;32m    262[0m     [0mtime[0m[0;34m.[0m[0msleep[0m[0;34m([0m[0;36m1[0m[0;34m)[0m[0;34m[0m[0;34m[0m[0m
[0;32m--> 263[0;31m [0;32massert[0m[0;34m([0m[0mstate[0m[0;34m==[0m[0;34m"Available"[0m[0;34m)[0m[0;34m[0m[0;34m[0m[0m
[0m[1;32m    264[0m [0;34m[0m[0m
[1;32m    265[0m [0;34m[0m[0m

[0;31mAssertionError[0m: 
, stderr:Error from server (AlreadyExists): namespaces "seldon" already exists
/usr/local/lib/python3.6/site-packages/IPython/core/history.py:226: UserWarning: IPython History requires SQLite, your history will not be saved
  warn("IPython History requires SQLite, your history will not be saved")
The SeldonDeployment "rest-tfserving" is invalid: spec.predictors.componentSpecs.spec.containers.ports.protocol: Required value
error: error executing jsonpath "{.items[0].metadata.name}": Error executing template: array index out of bounds: index 0, length 0. Printing more information for debugging the template:
	template was:
		{.items[0].metadata.name}
	object given to jsonpath engine was:
		map[string]interface {}{"apiVersion":"v1", "items":[]interface {}{}, "kind":"List", "metadata":map[string]interface {}{"resourceVersion":"", "selfLink":""}}


error: arguments in resource/name form must have a single resource and name
===Flaky Test Report===

test_helm_examples passed 1 out of the required 1 times. Success!
test_explainer_examples failed (1 runs remaining out of 2).
	<class 'subprocess.CalledProcessError'>
	Command 'cd ../../notebooks && ./explainer_examples.py' returned non-zero exit status 1.
	[<TracebackEntry /workspace/source/testing/scripts/test_notebooks.py:42>, <TracebackEntry /workspace/source/testing/scripts/test_notebooks.py:27>, <TracebackEntry /workspace/source/testing/scripts/test_notebooks.py:20>, <TracebackEntry /usr/local/lib/python3.6/subprocess.py:438>]
test_explainer_examples failed; it passed 0 out of the required 1 times.
	<class 'subprocess.CalledProcessError'>
	Command 'cd ../../notebooks && ./explainer_examples.py' returned non-zero exit status 1.
	[<TracebackEntry /workspace/source/testing/scripts/test_notebooks.py:42>, <TracebackEntry /workspace/source/testing/scripts/test_notebooks.py:27>, <TracebackEntry /workspace/source/testing/scripts/test_notebooks.py:20>, <TracebackEntry /usr/local/lib/python3.6/subprocess.py:438>]
test_istio_examples passed 1 out of the required 1 times. Success!
test_max_grpc_msg_size passed 1 out of the required 1 times. Success!
test_multiple_operators passed 1 out of the required 1 times. Success!
test_protocol_examples failed (1 runs remaining out of 2).
	<class 'subprocess.CalledProcessError'>
	Command 'cd ../../notebooks && ./protocol_examples.py' returned non-zero exit status 1.
	[<TracebackEntry /workspace/source/testing/scripts/test_notebooks.py:54>, <TracebackEntry /workspace/source/testing/scripts/test_notebooks.py:27>, <TracebackEntry /workspace/source/testing/scripts/test_notebooks.py:20>, <TracebackEntry /usr/local/lib/python3.6/subprocess.py:438>]
test_protocol_examples failed; it passed 0 out of the required 1 times.
	<class 'subprocess.CalledProcessError'>
	Command 'cd ../../notebooks && ./protocol_examples.py' returned non-zero exit status 1.
	[<TracebackEntry /workspace/source/testing/scripts/test_notebooks.py:54>, <TracebackEntry /workspace/source/testing/scripts/test_notebooks.py:27>, <TracebackEntry /workspace/source/testing/scripts/test_notebooks.py:20>, <TracebackEntry /usr/local/lib/python3.6/subprocess.py:438>]
test_server_examples passed 1 out of the required 1 times. Success!
test_rolling_updates passed 1 out of the required 1 times. Success!
test_ambassador_canary passed 1 out of the required 1 times. Success!
test_ambassador_headers passed 1 out of the required 1 times. Success!
test_ambassador_shadow passed 1 out of the required 1 times. Success!
test_ambassador_custom passed 1 out of the required 1 times. Success!
test_istio_canary passed 1 out of the required 1 times. Success!
test_tracing passed 1 out of the required 1 times. Success!
test_metrics passed 1 out of the required 1 times. Success!
test_metadata passed 1 out of the required 1 times. Success!
test_graph_metadata passed 1 out of the required 1 times. Success!
test_grpc_metadata passed 1 out of the required 1 times. Success!
test_payload_logging passed 1 out of the required 1 times. Success!
test_custom_metrics passed 1 out of the required 1 times. Success!
test_autoscaling passed 1 out of the required 1 times. Success!
test_scaling passed 1 out of the required 1 times. Success!
test_jsondata passed 1 out of the required 1 times. Success!
test_sklearn_iris passed 1 out of the required 1 times. Success!
test_custom_metrics_server passed 1 out of the required 1 times. Success!
test_upgrade passed 1 out of the required 1 times. Success!
test_disruption_budgets passed 1 out of the required 1 times. Success!

===End Flaky Test Report===
================== 2 failed, 25 passed in 6844.16s (1:54:04) ===================
make: *** [Makefile:149: test_notebooks] Error 1
Test returned errors
kind delete cluster
Deleting cluster "kind" ...
Stopping Docker: dockerProgram process in pidfile '/var/run/docker-ssd.pid', 1 process(es), refused to die.
[31m
Pipeline failed on stage 'end-to-end' : container 'step-test-end-to-end'. The execution of the pipeline has stopped.[0m
