
Showing logs for build [32mseldonio-seldon-core-pr-2317-in-zptvr-4[0m stage [32mpr-build-comment[0m and container [32mstep-credential-initializer-mvrdc[0m
{"level":"info","ts":1598275451.386925,"logger":"fallback-logger","caller":"logging/config.go:69","msg":"Fetch GitHub commit ID from kodata failed: open /var/run/ko/refs/heads/0.8.0-ns-support: no such file or directory"}
{"level":"info","ts":1598275451.387366,"logger":"fallback-logger","caller":"creds-init/main.go:40","msg":"Credentials initialized."}

Showing logs for build [32mseldonio-seldon-core-pr-2317-in-zptvr-4[0m stage [32mpr-build-comment[0m and container [32mstep-working-dir-initializer-pcpfm[0m
{"level":"info","ts":1598275453.2441998,"logger":"fallback-logger","caller":"logging/config.go:69","msg":"Fetch GitHub commit ID from kodata failed: open /var/run/ko/HEAD: no such file or directory"}
{"level":"info","ts":1598275453.2475166,"logger":"fallback-logger","caller":"bash/main.go:64","msg":"Successfully executed command \"sh -c mkdir -p /workspace/source\"; output "}

Showing logs for build [32mseldonio-seldon-core-pr-2317-in-zptvr-4[0m stage [32mpr-build-comment[0m and container [32mstep-place-tools[0m

Showing logs for build [32mseldonio-seldon-core-pr-2317-in-zptvr-4[0m stage [32mpr-build-comment[0m and container [32mstep-create-dir-workspace-5zj6g[0m
{"level":"info","ts":1598275465.3406518,"logger":"fallback-logger","caller":"logging/config.go:69","msg":"Fetch GitHub commit ID from kodata failed: open /var/run/ko/HEAD: no such file or directory"}
{"level":"info","ts":1598275465.3466752,"logger":"fallback-logger","caller":"bash/main.go:64","msg":"Successfully executed command \"sh -c mkdir -p source\"; output "}

Showing logs for build [32mseldonio-seldon-core-pr-2317-in-zptvr-4[0m stage [32mpr-build-comment[0m and container [32mstep-git-source-seldonio-seldon-core-pr-2317-in-zptvr-nftcs[0m
{"level":"info","ts":1598275465.5266342,"logger":"fallback-logger","caller":"logging/config.go:69","msg":"Fetch GitHub commit ID from kodata failed: open /var/run/ko/refs/heads/0.8.0-ns-support: no such file or directory"}
{"level":"info","ts":1598275473.497565,"logger":"fallback-logger","caller":"git/git.go:103","msg":"Successfully cloned https://github.com/SeldonIO/seldon-core.git @ master in path /workspace/source"}

Showing logs for build [32mseldonio-seldon-core-pr-2317-in-zptvr-4[0m stage [32mpr-build-comment[0m and container [32mstep-setup-builder-home[0m

Showing logs for build [32mseldonio-seldon-core-pr-2317-in-zptvr-4[0m stage [32mpr-build-comment[0m and container [32mstep-git-merge[0m
Using SHAs from PULL_REFS=master:2469b15a44017302367d490e4b81ae4948f3c856,2317:d21258252004bf62b83c8509a099b8597b3d0129
DEBUG: LC_ALL=C JX_LOG_LEVEL=error git fetch origin --unshallow d21258252004bf62b83c8509a099b8597b3d0129: 2469b15a44017302367d490e4b81ae4948f3c856:
DEBUG: ran git fetch --unshallow origin d21258252004bf62b83c8509a099b8597b3d0129: 2469b15a44017302367d490e4b81ae4948f3c856: in 
DEBUG: LC_ALL=C JX_LOG_LEVEL=error git branch
DEBUG: LC_ALL=C JX_LOG_LEVEL=error git checkout master
DEBUG: ran git checkout master in 
DEBUG: LC_ALL=C JX_LOG_LEVEL=error git reset --hard 2469b15a44017302367d490e4b81ae4948f3c856
DEBUG: ran git reset --hard 2469b15a44017302367d490e4b81ae4948f3c856 in 
DEBUG: JX_LOG_LEVEL=error LC_ALL=C git clean -fd .
DEBUG: ran clean --force -d . in 
DEBUG: JX_LOG_LEVEL=error LC_ALL=C git merge d21258252004bf62b83c8509a099b8597b3d0129
DEBUG: ran git merge d21258252004bf62b83c8509a099b8597b3d0129 in 
DEBUG: LC_ALL=C JX_LOG_LEVEL=error git log --format=%H%x1f%an%x1f%ae%x1f%cn%x1f%ce%x1f%s%n%b%x1e 2469b15a44017302367d490e4b81ae4948f3c856..HEAD
Merged SHA f5bbc7bad3f597288d011bc29e3a951f389ce73a with commit message 'Merge commit 'd21258252004bf62b83c8509a099b8597b3d0129'' into base branch master
Merged SHA d21258252004bf62b83c8509a099b8597b3d0129 with commit message 'Bump github.com/gorilla/mux from 1.7.4 to 1.8.0 in /executor' into base branch master

Showing logs for build [32mseldonio-seldon-core-pr-2317-in-zptvr-4[0m stage [32mpr-build-comment[0m and container [32mstep-step2[0m
+++ dirname ./add-pr-build-comment
++ cd .
++ pwd
+ STARTUP_DIR=/workspace/source/ci
+ REPO_OWNER=SeldonIO
+ REPO_NAME=seldon-core
+ PULL_NUMBER=2317
+ BUILD_NUMBER=4
+ PIPELINE_CONTEXT=integration
++ cat
+++ date
+ COMMENT_MSG='Mon Aug 24 13:24:53 UTC 2020
The logs for [integration] [4] will show after the pipeline context has finished.  
https://github.com/SeldonIO/seldon-core/blob/gh-pages/jenkins-x/logs/SeldonIO/seldon-core/PR-2317/4.log

impatient try  
** get build logs SeldonIO/seldon-core/PR-2317 --build=4'
+ ** step pr comment --owner=SeldonIO --repository=seldon-core --pull-request=2317 '--comment=Mon Aug 24 13:24:53 UTC 2020
The logs for [integration] [4] will show after the pipeline context has finished.  
https://github.com/SeldonIO/seldon-core/blob/gh-pages/jenkins-x/logs/SeldonIO/seldon-core/PR-2317/4.log

impatient try  
** get build logs SeldonIO/seldon-core/PR-2317 --build=4'

Showing logs for build [32mseldonio-seldon-core-pr-2317-in-zptvr-4[0m stage [32mpr-build-comment[0m and container [32mstep-source-mkdir-seldonio-seldon-core-pr-2317-in-zptvr-zt6dn[0m
{"level":"info","ts":1598275498.6056514,"logger":"fallback-logger","caller":"logging/config.go:69","msg":"Fetch GitHub commit ID from kodata failed: open /var/run/ko/HEAD: no such file or directory"}
{"level":"info","ts":1598275498.6676385,"logger":"fallback-logger","caller":"bash/main.go:64","msg":"Successfully executed command \"sh -c mkdir -p /pvc/pr-build-comment/workspace\"; output "}

Showing logs for build [32mseldonio-seldon-core-pr-2317-in-zptvr-4[0m stage [32mpr-build-comment[0m and container [32mstep-source-copy-seldonio-seldon-core-pr-2317-in-zptvr-qhzx8[0m
{"level":"info","ts":1598275499.00638,"logger":"fallback-logger","caller":"logging/config.go:69","msg":"Fetch GitHub commit ID from kodata failed: open /var/run/ko/HEAD: no such file or directory"}
{"level":"info","ts":1598275500.0346887,"logger":"fallback-logger","caller":"bash/main.go:64","msg":"Successfully executed command \"sh -c cp -r source/. /pvc/pr-build-comment/workspace\"; output "}

Showing logs for build [32mseldonio-seldon-core-pr-2317-in-zptvr-4[0m stage [32mend-to-end[0m and container [32mstep-credential-initializer-n6jsb[0m
{"level":"info","ts":1598275522.2057765,"logger":"fallback-logger","caller":"logging/config.go:69","msg":"Fetch GitHub commit ID from kodata failed: open /var/run/ko/refs/heads/0.8.0-ns-support: no such file or directory"}
{"level":"info","ts":1598275522.206419,"logger":"fallback-logger","caller":"creds-init/main.go:40","msg":"Credentials initialized."}

Showing logs for build [32mseldonio-seldon-core-pr-2317-in-zptvr-4[0m stage [32mend-to-end[0m and container [32mstep-working-dir-initializer-lcq95[0m
{"level":"info","ts":1598275524.0829961,"logger":"fallback-logger","caller":"logging/config.go:69","msg":"Fetch GitHub commit ID from kodata failed: open /var/run/ko/HEAD: no such file or directory"}
{"level":"info","ts":1598275524.1646235,"logger":"fallback-logger","caller":"bash/main.go:64","msg":"Successfully executed command \"sh -c mkdir -p /workspace/source\"; output "}

Showing logs for build [32mseldonio-seldon-core-pr-2317-in-zptvr-4[0m stage [32mend-to-end[0m and container [32mstep-place-tools[0m

Showing logs for build [32mseldonio-seldon-core-pr-2317-in-zptvr-4[0m stage [32mend-to-end[0m and container [32mstep-create-dir-workspace-h7fzb[0m
{"level":"info","ts":1598275605.0527716,"logger":"fallback-logger","caller":"logging/config.go:69","msg":"Fetch GitHub commit ID from kodata failed: open /var/run/ko/HEAD: no such file or directory"}
{"level":"info","ts":1598275605.0542645,"logger":"fallback-logger","caller":"bash/main.go:64","msg":"Successfully executed command \"sh -c mkdir -p /workspace/source\"; output "}

Showing logs for build [32mseldonio-seldon-core-pr-2317-in-zptvr-4[0m stage [32mend-to-end[0m and container [32mstep-source-copy-workspace-gmv9v[0m
{"level":"info","ts":1598275605.8307657,"logger":"fallback-logger","caller":"logging/config.go:69","msg":"Fetch GitHub commit ID from kodata failed: open /var/run/ko/HEAD: no such file or directory"}
{"level":"info","ts":1598275632.041446,"logger":"fallback-logger","caller":"bash/main.go:64","msg":"Successfully executed command \"sh -c cp -r /pvc/pr-build-comment/workspace/. /workspace/source\"; output "}

Showing logs for build [32mseldonio-seldon-core-pr-2317-in-zptvr-4[0m stage [32mend-to-end[0m and container [32mstep-setup-builder-home[0m

Showing logs for build [32mseldonio-seldon-core-pr-2317-in-zptvr-4[0m stage [32mend-to-end[0m and container [32mstep-test-end-to-end[0m
Test run type is: [base]
Starting Docker: docker.
[SETUP] Waiting for Docker to be ready, sleeping for 1 seconds ...
kind create cluster --config ../resources/kind_config.yaml
Creating cluster "kind" ...
 â€¢ Ensuring node image (kindest/node:v1.16.3) ðŸ–¼  ...
 âœ“ Ensuring node image (kindest/node:v1.16.3) ðŸ–¼
 â€¢ Preparing nodes ðŸ“¦  ...
 âœ“ Preparing nodes ðŸ“¦
 â€¢ Writing configuration ðŸ“œ  ...
 âœ“ Writing configuration ðŸ“œ
 â€¢ Starting control-plane ðŸ•¹ï¸  ...
 âœ“ Starting control-plane ðŸ•¹ï¸
 â€¢ Installing CNI ðŸ”Œ  ...
 âœ“ Installing CNI ðŸ”Œ
 â€¢ Installing StorageClass ðŸ’¾  ...
 âœ“ Installing StorageClass ðŸ’¾
 â€¢ Joining worker nodes ðŸšœ  ...
 âœ“ Joining worker nodes ðŸšœ
Set kubectl context to "kind-kind"
You can now use your cluster with:

kubectl cluster-info --context kind-kind

Not sure what to do next? ðŸ˜… Check out https://kind.sigs.k8s.io/docs/user/quick-start/
`kind get kubeconfig-path` is deprecated!

KIND will export and merge kubeconfig like kops, minikube, etc.
This command is now unnecessary and will be removed in a future release.

For more info see: https://github.com/kubernetes-sigs/kind/issues/1060
See also the output of `kind create cluster`

Files changed in python folder:
SKIPPING PYTHON IMAGE BUILD...
Files changed in operator folder:
SKIPPING OPERATOR IMAGE BUILD...
Files changed in engine folder:
SKIPPING ENGINE IMAGE BUILD...
Files changed in executor folder:
executor/go.mod
executor/go.sum
cd ../../executor && make kind-image-install
make[1]: Entering directory '/workspace/source/executor'
go fmt ./api/... ./predictor/... ./k8s/...
go: downloading github.com/go-logr/logr v0.1.0
go: downloading github.com/grpc-ecosystem/go-grpc-middleware v1.2.1
go: downloading google.golang.org/grpc v1.30.0
go: downloading github.com/prometheus/client_golang v1.7.1
go: downloading github.com/golang/protobuf v1.4.2
go: downloading github.com/uber/jaeger-client-go v2.25.0+incompatible
go: downloading github.com/gorilla/mux v1.8.0
go: downloading google.golang.org/protobuf v1.23.0
go: downloading github.com/google/uuid v1.1.1
go: downloading sigs.k8s.io/controller-runtime v0.5.8
go: downloading github.com/opentracing/opentracing-go v1.2.0
go: downloading github.com/prometheus/common v0.12.0
go: downloading github.com/cloudevents/sdk-go v1.2.0
go: downloading github.com/beorn7/perks v1.0.1
go: downloading github.com/uber/jaeger-lib v2.2.0+incompatible
go: downloading github.com/cespare/xxhash/v2 v2.1.1
go: downloading k8s.io/api v0.17.9
go: downloading k8s.io/apimachinery v0.17.9
go: downloading github.com/prometheus/client_model v0.2.0
go: downloading k8s.io/client-go v0.17.9
go: downloading go.uber.org/atomic v1.6.0
go: downloading github.com/lightstep/tracecontext.go v0.0.0-20181129014701-1757c391b1ac
go: downloading golang.org/x/net v0.0.0-20200625001655-4c5254603344
go: downloading go.uber.org/zap v1.15.0
go: downloading github.com/go-logr/zapr v0.1.0
go: downloading google.golang.org/genproto v0.0.0-20200423170343-7949de9c1215
go: downloading golang.org/x/time v0.0.0-20191024005414-555d28b269f0
go: downloading github.com/evanphx/json-patch v4.5.0+incompatible
go: downloading github.com/prometheus/procfs v0.1.3
go: downloading go.opencensus.io v0.22.2
go: downloading github.com/pkg/errors v0.9.1
go: downloading gomodules.xyz/jsonpatch/v2 v2.0.1
go: downloading golang.org/x/sys v0.0.0-20200625212154-ddb9806d33ae
go: downloading github.com/gogo/protobuf v1.3.1
go: downloading github.com/golang/groupcache v0.0.0-20190702054246-869f871628b6
go: downloading k8s.io/klog v1.0.0
go: downloading github.com/matttproud/golang_protobuf_extensions v1.0.1
go: downloading k8s.io/utils v0.0.0-20200619165400-6e3d28b6ed19
go: downloading golang.org/x/text v0.3.3
go: downloading gopkg.in/inf.v0 v0.9.1
go: downloading github.com/imdario/mergo v0.3.9
go: downloading golang.org/x/crypto v0.0.0-20200622213623-75b288015ac9
go: downloading github.com/google/gofuzz v1.0.0
go: downloading go.uber.org/multierr v1.5.0
go: downloading github.com/spf13/pflag v1.0.5
go: downloading gopkg.in/fsnotify.v1 v1.4.7
go: downloading golang.org/x/xerrors v0.0.0-20191204190536-9bdfabe68543
go: downloading github.com/davecgh/go-spew v1.1.1
go: downloading github.com/json-iterator/go v1.1.10
go: downloading golang.org/x/oauth2 v0.0.0-20190604053449-0f29369cfe45
go: downloading k8s.io/klog/v2 v2.0.0
go: downloading github.com/googleapis/gnostic v0.3.1
go: downloading sigs.k8s.io/yaml v1.1.0
go: downloading github.com/google/go-cmp v0.5.0
go: downloading gopkg.in/yaml.v2 v2.3.0
go: downloading k8s.io/apiextensions-apiserver v0.17.9
go: downloading github.com/modern-go/reflect2 v1.0.1
go: downloading github.com/hashicorp/golang-lru v0.5.4
go: downloading k8s.io/kube-openapi v0.0.0-20200410145947-bcb3869e6f29
go: downloading github.com/modern-go/concurrent v0.0.0-20180306012644-bacd9c7ef1dd
go vet ./api/... ./predictor/... ./k8s/...
go: downloading github.com/onsi/gomega v1.10.1
go: downloading gotest.tools v2.2.0+incompatible
go test ./api/... ./predictor/... ./k8s/... -coverprofile cover.out
?   	github.com/seldonio/seldon-core/executor/api	[no test files]
?   	github.com/seldonio/seldon-core/executor/api/client	[no test files]
ok  	github.com/seldonio/seldon-core/executor/api/grpc	0.059s	coverage: 18.0% of statements
ok  	github.com/seldonio/seldon-core/executor/api/grpc/seldon	1.210s	coverage: 48.5% of statements
?   	github.com/seldonio/seldon-core/executor/api/grpc/seldon/proto	[no test files]
?   	github.com/seldonio/seldon-core/executor/api/grpc/seldon/test	[no test files]
ok  	github.com/seldonio/seldon-core/executor/api/grpc/tensorflow	0.119s	coverage: 19.0% of statements
ok  	github.com/seldonio/seldon-core/executor/api/metric	0.115s	coverage: 31.6% of statements
ok  	github.com/seldonio/seldon-core/executor/api/payload	0.054s	coverage: 64.3% of statements
ok  	github.com/seldonio/seldon-core/executor/api/rest	1.091s	coverage: 67.5% of statements
?   	github.com/seldonio/seldon-core/executor/api/test	[no test files]
ok  	github.com/seldonio/seldon-core/executor/api/tracing	0.017s	coverage: 72.2% of statements
ok  	github.com/seldonio/seldon-core/executor/api/util	0.045s	coverage: 48.1% of statements
ok  	github.com/seldonio/seldon-core/executor/predictor	0.082s	coverage: 78.5% of statements
ok  	github.com/seldonio/seldon-core/executor/k8s	0.014s	coverage: 72.7% of statements
mkdir -p api/rest/openapi/
cp ../openapi/swagger-ui/* api/rest/openapi/
cp ../openapi/engine.oas3.json api/rest/openapi/seldon.json
cd .. && docker build -f executor/Dockerfile -t seldonio/seldon-core-executor:1.2.3-dev .
Sending build context to Docker daemon  174.7MB
Step 1/27 : FROM golang:1.13 as builder
1.13: Pulling from library/golang
d6ff36c9ec48: Pulling fs layer
c958d65b3090: Pulling fs layer
edaf0a6b092f: Pulling fs layer
80931cf68816: Pulling fs layer
813643441356: Pulling fs layer
799f41bb59c9: Pulling fs layer
16b5038bccc8: Pulling fs layer
799f41bb59c9: Waiting
16b5038bccc8: Waiting
813643441356: Waiting
80931cf68816: Waiting
c958d65b3090: Verifying Checksum
c958d65b3090: Download complete
edaf0a6b092f: Verifying Checksum
edaf0a6b092f: Download complete
d6ff36c9ec48: Verifying Checksum
d6ff36c9ec48: Download complete
80931cf68816: Verifying Checksum
80931cf68816: Download complete
813643441356: Verifying Checksum
813643441356: Download complete
16b5038bccc8: Verifying Checksum
16b5038bccc8: Download complete
799f41bb59c9: Verifying Checksum
799f41bb59c9: Download complete
d6ff36c9ec48: Pull complete
c958d65b3090: Pull complete
edaf0a6b092f: Pull complete
80931cf68816: Pull complete
813643441356: Pull complete
799f41bb59c9: Pull complete
16b5038bccc8: Pull complete
Digest: sha256:8ebb6d5a48deef738381b56b1d4cd33d99a5d608e0d03c5fe8dfa3f68d41a1f8
Status: Downloaded newer image for golang:1.13
 ---> d6f3656320fe
Step 2/27 : WORKDIR /workspace
 ---> Running in a8db9f53f68b
Removing intermediate container a8db9f53f68b
 ---> cf483351a3ce
Step 3/27 : COPY executor/go.mod go.mod
 ---> 83673be1c416
Step 4/27 : COPY executor/go.sum go.sum
 ---> 58f4483b3867
Step 5/27 : COPY executor/proto/ proto/
 ---> e575a974ea4f
Step 6/27 : COPY executor/operator/ operator/
 ---> e0f4ff0571d0
Step 7/27 : RUN go mod download
 ---> Running in 606cec42c78a
[91mgo: finding cloud.google.com/go v0.40.0
[0m[91mgo: finding contrib.go.opencensus.io/exporter/ocagent v0.4.12
[0m[91mgo: finding contrib.go.opencensus.io/exporter/prometheus v0.1.0
[0m[91mgo: finding dmitri.shuralyov.com/gpu/mtl v0.0.0-20190408044501-666a987793e9
[0m[91mgo: finding github.com/Azure/azure-sdk-for-go v30.1.0+incompatible
[0m[91mgo: finding github.com/Azure/go-ansiterm v0.0.0-20170929234023-d6e3b3328b78
[0m[91mgo: finding github.com/Azure/go-autorest v14.2.0+incompatible
[0m[91mgo: finding github.com/Azure/go-autorest/autorest v0.9.0
[0m[91mgo: finding github.com/Azure/go-autorest/autorest/adal v0.9.0
[0m[91mgo: finding github.com/Azure/go-autorest/autorest/date v0.3.0
[0m[91mgo: finding github.com/Azure/go-autorest/autorest/mocks v0.4.0
[0m[91mgo: finding github.com/Azure/go-autorest/autorest/to v0.2.0
[0m[91mgo: finding github.com/Azure/go-autorest/autorest/validation v0.1.0
[0m[91mgo: finding github.com/Azure/go-autorest/logger v0.1.0
[0m[91mgo: finding github.com/Azure/go-autorest/tracing v0.6.0
[0m[91mgo: finding github.com/BurntSushi/toml v0.3.1
[0m[91mgo: finding github.com/BurntSushi/xgb v0.0.0-20160522181843-27f122750802
[0m[91mgo: finding github.com/Knetic/govaluate v3.0.1-0.20171022003610-9aa49832a739+incompatible
[0m[91mgo: finding github.com/NYTimes/gziphandler v0.0.0-20170623195520-56545f4a5d46
[0m[91mgo: finding github.com/PuerkitoBio/purell v1.1.1
[0m[91mgo: finding github.com/PuerkitoBio/urlesc v0.0.0-20170810143723-de5bf2ad4578
[0m[91mgo: finding github.com/Shopify/sarama v1.19.0
[0m[91mgo: finding github.com/Shopify/toxiproxy v2.1.4+incompatible
[0m[91mgo: finding github.com/VividCortex/gohistogram v1.0.0
[0m[91mgo: finding github.com/afex/hystrix-go v0.0.0-20180502004556-fa1af6a1f4f5
[0m[91mgo: finding github.com/agnivade/levenshtein v1.0.1
[0m[91mgo: finding github.com/alecthomas/template v0.0.0-20190718012654-fb15b899a751
[0m[91mgo: finding github.com/alecthomas/units v0.0.0-20190924025748-f65c72e2690d
[0m[91mgo: finding github.com/andreyvit/diff v0.0.0-20170406064948-c7f18ee00883
[0m[91mgo: finding github.com/apache/thrift v0.13.0
[0m[91mgo: finding github.com/armon/circbuf v0.0.0-20150827004946-bbbad097214e
[0m[91mgo: finding github.com/armon/consul-api v0.0.0-20180202201655-eb2c6b5be1b6
[0m[91mgo: finding github.com/armon/go-metrics v0.0.0-20180917152333-f0300d1749da
[0m[91mgo: finding github.com/armon/go-radix v0.0.0-20180808171621-7fddfc383310
[0m[91mgo: finding github.com/aryann/difflib v0.0.0-20170710044230-e206f873d14a
[0m[91mgo: finding github.com/asaskevich/govalidator v0.0.0-20190424111038-f61b66f89f4a
[0m[91mgo: finding github.com/aws/aws-lambda-go v1.13.3
[0m[91mgo: finding github.com/aws/aws-sdk-go v1.27.0
[0m[91mgo: finding github.com/aws/aws-sdk-go-v2 v0.18.0
[0m[91mgo: finding github.com/beorn7/perks v1.0.1
[0m[91mgo: finding github.com/bgentry/speakeasy v0.1.0
[0m[91mgo: finding github.com/blang/semver v3.5.0+incompatible
[0m[91mgo: finding github.com/casbin/casbin/v2 v2.1.2
[0m[91mgo: finding github.com/cenkalti/backoff v2.2.1+incompatible
[0m[91mgo: finding github.com/census-instrumentation/opencensus-proto v0.2.1
[0m[91mgo: finding github.com/cespare/xxhash/v2 v2.1.1
[0m[91mgo: finding github.com/clbanning/x2j v0.0.0-20191024224557-825249438eec
[0m[91mgo: finding github.com/client9/misspell v0.3.4
[0m[91mgo: finding github.com/cloudevents/sdk-go v1.2.0
[0m[91mgo: finding github.com/cncf/udpa/go v0.0.0-20191209042840-269d4d468f6f
[0m[91mgo: finding github.com/cockroachdb/datadriven v0.0.0-20190809214429-80d97fb3cbaa
[0m[91mgo: finding github.com/codahale/hdrhistogram v0.0.0-20161010025455-3a0bb77429bd
[0m[91mgo: finding github.com/coreos/etcd v3.3.10+incompatible
[0m[91mgo: finding github.com/coreos/go-etcd v2.0.0+incompatible
[0m[91mgo: finding github.com/coreos/go-oidc v2.1.0+incompatible
[0m[91mgo: finding github.com/coreos/go-semver v0.3.0
[0m[91mgo: finding github.com/coreos/go-systemd v0.0.0-20190321100706-95778dfbb74e
[0m[91mgo: finding github.com/coreos/pkg v0.0.0-20180108230652-97fdf19511ea
[0m[91mgo: finding github.com/cpuguy83/go-md2man v1.0.10
[0m[91mgo: finding github.com/cpuguy83/go-md2man/v2 v2.0.0-20190314233015-f79a8a8ca69d
[0m[91mgo: finding github.com/creack/pty v1.1.7
[0m[91mgo: finding github.com/davecgh/go-spew v1.1.1
[0m[91mgo: finding github.com/dgrijalva/jwt-go v3.2.0+incompatible
[0m[91mgo: finding github.com/docker/docker v0.7.3-0.20190327010347-be7ac8be2ae0
[0m[91mgo: finding github.com/docker/go-units v0.4.0
[0m[91mgo: finding github.com/docker/spdystream v0.0.0-20160310174837-449fdfce4d96
[0m[91mgo: finding github.com/docopt/docopt-go v0.0.0-20180111231733-ee0de3bc6815
[0m[91mgo: finding github.com/dustin/go-humanize v1.0.0
[0m[91mgo: finding github.com/eapache/go-resiliency v1.1.0
[0m[91mgo: finding github.com/eapache/go-xerial-snappy v0.0.0-20180814174437-776d5712da21
[0m[91mgo: finding github.com/eapache/queue v1.1.0
[0m[91mgo: finding github.com/edsrzf/mmap-go v1.0.0
[0m[91mgo: finding github.com/elazarl/goproxy v0.0.0-20170405201442-c4fc26588b6e
[0m[91mgo: finding github.com/emicklei/go-restful v2.9.5+incompatible
[0m[91mgo: finding github.com/envoyproxy/go-control-plane v0.9.4
[0m[91mgo: finding github.com/envoyproxy/protoc-gen-validate v0.1.0
[0m[91mgo: finding github.com/evanphx/json-patch v4.5.0+incompatible
[0m[91mgo: finding github.com/fatih/color v1.7.0
[0m[91mgo: finding github.com/fortytw2/leaktest v1.3.0
[0m[91mgo: finding github.com/franela/goblin v0.0.0-20200105215937-c9ffbefa60db
[0m[91mgo: finding github.com/franela/goreq v0.0.0-20171204163338-bcd34c9993f8
[0m[91mgo: finding github.com/fsnotify/fsnotify v1.4.9
[0m[91mgo: finding github.com/ghodss/yaml v1.0.0
[0m[91mgo: finding github.com/globalsign/mgo v0.0.0-20181015135952-eeefdecb41b8
[0m[91mgo: finding github.com/go-gl/glfw/v3.3/glfw v0.0.0-20200222043503-6f7a984d4dc4
[0m[91mgo: finding github.com/go-kit/kit v0.10.0
[0m[91mgo: finding github.com/go-logfmt/logfmt v0.5.0
[0m[91mgo: finding github.com/go-logr/logr v0.1.0
[0m[91mgo: finding github.com/go-logr/zapr v0.1.0
[0m[91mgo: finding github.com/go-openapi/analysis v0.19.5
[0m[91mgo: finding github.com/go-openapi/errors v0.19.2
[0m[91mgo: finding github.com/go-openapi/jsonpointer v0.19.3
[0m[91mgo: finding github.com/go-openapi/jsonreference v0.19.3
[0m[91mgo: finding github.com/go-openapi/loads v0.19.4
[0m[91mgo: finding github.com/go-openapi/runtime v0.19.4
[0m[91mgo: finding github.com/go-openapi/spec v0.19.3
[0m[91mgo: finding github.com/go-openapi/strfmt v0.19.3
[0m[91mgo: finding github.com/go-openapi/swag v0.19.5
[0m[91mgo: finding github.com/go-openapi/validate v0.19.5
[0m[91mgo: finding github.com/go-sql-driver/mysql v1.4.0
[0m[91mgo: finding github.com/go-stack/stack v1.8.0
[0m[91mgo: finding github.com/gogo/googleapis v1.1.0
[0m[91mgo: finding github.com/gogo/protobuf v1.3.1
[0m[91mgo: finding github.com/golang/glog v0.0.0-20160126235308-23def4e6c14b
[0m[91mgo: finding github.com/golang/groupcache v0.0.0-20190702054246-869f871628b6
[0m[91mgo: finding github.com/golang/mock v1.2.0
[0m[91mgo: finding github.com/golang/protobuf v1.4.2
[0m[91mgo: finding github.com/golang/snappy v0.0.0-20180518054509-2e65f85255db
[0m[91mgo: finding github.com/google/btree v1.0.0
[0m[91mgo: finding github.com/google/go-cmp v0.5.0
[0m[91mgo: finding github.com/google/gofuzz v1.0.0
[0m[91mgo: finding github.com/google/martian v2.1.0+incompatible
[0m[91mgo: finding github.com/google/pprof v0.0.0-20181206194817-3ea8567a2e57
[0m[91mgo: finding github.com/google/renameio v0.1.0
[0m[91mgo: finding github.com/google/uuid v1.1.1
[0m[91mgo: finding github.com/googleapis/gax-go/v2 v2.0.5
[0m[91mgo: finding github.com/googleapis/gnostic v0.3.1
[0m[91mgo: finding github.com/gophercloud/gophercloud v0.1.0
[0m[91mgo: finding github.com/gopherjs/gopherjs v0.0.0-20181017120253-0766667cb4d1
[0m[91mgo: finding github.com/gorilla/context v1.1.1
[0m[91mgo: finding github.com/gorilla/mux v1.8.0
[0m[91mgo: finding github.com/gorilla/websocket v1.4.0
[0m[91mgo: finding github.com/gregjones/httpcache v0.0.0-20180305231024-9cad4c3443a7
[0m[91mgo: finding github.com/grpc-ecosystem/go-grpc-middleware v1.2.1
[0m[91mgo: finding github.com/grpc-ecosystem/go-grpc-prometheus v1.2.0
[0m[91mgo: finding github.com/grpc-ecosystem/grpc-gateway v1.9.5
[0m[91mgo: finding github.com/hashicorp/consul/api v1.3.0
[0m[91mgo: finding github.com/hashicorp/consul/sdk v0.3.0
[0m[91mgo: finding github.com/hashicorp/errwrap v1.0.0
[0m[91mgo: finding github.com/hashicorp/go-cleanhttp v0.5.1
[0m[91mgo: finding github.com/hashicorp/go-immutable-radix v1.0.0
[0m[91mgo: finding github.com/hashicorp/go-msgpack v0.5.3
[0m[91mgo: finding github.com/hashicorp/go-multierror v1.0.0
[0m[91mgo: finding github.com/hashicorp/go-rootcerts v1.0.0
[0m[91mgo: finding github.com/hashicorp/go-sockaddr v1.0.0
[0m[91mgo: finding github.com/hashicorp/go-syslog v1.0.0
[0m[91mgo: finding github.com/hashicorp/go-uuid v1.0.1
[0m[91mgo: finding github.com/hashicorp/go-version v1.2.0
[0m[91mgo: finding github.com/hashicorp/go.net v0.0.1
[0m[91mgo: finding github.com/hashicorp/golang-lru v0.5.4
[0m[91mgo: finding github.com/hashicorp/hcl v1.0.0
[0m[91mgo: finding github.com/hashicorp/logutils v1.0.0
[0m[91mgo: finding github.com/hashicorp/mdns v1.0.0
[0m[91mgo: finding github.com/hashicorp/memberlist v0.1.3
[0m[91mgo: finding github.com/hashicorp/serf v0.8.2
[0m[91mgo: finding github.com/hpcloud/tail v1.0.0
[0m[91mgo: finding github.com/hudl/fargo v1.3.0
[0m[91mgo: finding github.com/imdario/mergo v0.3.9
[0m[91mgo: finding github.com/inconshreveable/mousetrap v1.0.0
[0m[91mgo: finding github.com/influxdata/influxdb1-client v0.0.0-20191209144304-8bf82d3c094d
[0m[91mgo: finding github.com/jmespath/go-jmespath v0.0.0-20180206201540-c2b33e8439af
[0m[91mgo: finding github.com/jonboulle/clockwork v0.1.0
[0m[91mgo: finding github.com/jpillora/backoff v1.0.0
[0m[91mgo: finding github.com/json-iterator/go v1.1.10
[0m[91mgo: finding github.com/jstemmer/go-junit-report v0.0.0-20190106144839-af01ea7f8024
[0m[91mgo: finding github.com/jtolds/gls v4.20.0+incompatible
[0m[91mgo: finding github.com/julienschmidt/httprouter v1.3.0
[0m[91mgo: finding github.com/kelseyhightower/envconfig v1.4.0
[0m[91mgo: finding github.com/kisielk/errcheck v1.2.0
[0m[91mgo: finding github.com/kisielk/gotool v1.0.0
[0m[91mgo: finding github.com/konsorten/go-windows-terminal-sequences v1.0.3
[0m[91mgo: finding github.com/kr/logfmt v0.0.0-20140226030751-b84e30acd515
[0m[91mgo: finding github.com/kr/pretty v0.2.0
[0m[91mgo: finding github.com/kr/pty v1.1.5
[0m[91mgo: finding github.com/kr/text v0.1.0
[0m[91mgo: finding github.com/lightstep/lightstep-tracer-common/golang/gogo v0.0.0-20190605223551-bc2310a04743
[0m[91mgo: finding github.com/lightstep/lightstep-tracer-go v0.18.1
[0m[91mgo: finding github.com/lightstep/tracecontext.go v0.0.0-20181129014701-1757c391b1ac
[0m[91mgo: finding github.com/lyft/protoc-gen-validate v0.0.13
[0m[91mgo: finding github.com/magiconair/properties v1.8.0
[0m[91mgo: finding github.com/mailru/easyjson v0.7.0
[0m[91mgo: finding github.com/mattn/go-colorable v0.0.9
[0m[91mgo: finding github.com/mattn/go-isatty v0.0.4
[0m[91mgo: finding github.com/mattn/go-runewidth v0.0.2
[0m[91mgo: finding github.com/matttproud/golang_protobuf_extensions v1.0.1
[0m[91mgo: finding github.com/miekg/dns v1.0.14
[0m[91mgo: finding github.com/mitchellh/cli v1.0.0
[0m[91mgo: finding github.com/mitchellh/go-homedir v1.1.0
[0m[91mgo: finding github.com/mitchellh/go-testing-interface v1.0.0
[0m[91mgo: finding github.com/mitchellh/gox v0.4.0
[0m[91mgo: finding github.com/mitchellh/iochan v1.0.0
[0m[91mgo: finding github.com/mitchellh/mapstructure v1.1.2
[0m[91mgo: finding github.com/modern-go/concurrent v0.0.0-20180306012644-bacd9c7ef1dd
[0m[91mgo: finding github.com/modern-go/reflect2 v1.0.1
[0m[91mgo: finding github.com/munnerz/goautoneg v0.0.0-20191010083416-a7dc8b61c822
[0m[91mgo: finding github.com/mwitkow/go-conntrack v0.0.0-20190716064945-2f068394615f
[0m[91mgo: finding github.com/mxk/go-flowrate v0.0.0-20140419014527-cca7078d478f
[0m[91mgo: finding github.com/nats-io/jwt v0.3.2
[0m[91mgo: finding github.com/nats-io/nats-server/v2 v2.1.2
[0m[91mgo: finding github.com/nats-io/nats.go v1.9.1
[0m[91mgo: finding github.com/nats-io/nkeys v0.1.3
[0m[91mgo: finding github.com/nats-io/nuid v1.0.1
[0m[91mgo: finding github.com/nxadm/tail v1.4.4
[0m[91mgo: finding github.com/oklog/oklog v0.3.2
[0m[91mgo: finding github.com/oklog/run v1.0.0
[0m[91mgo: finding github.com/olekukonko/tablewriter v0.0.0-20170122224234-a0225b3f23b5
[0m[91mgo: finding github.com/onsi/ginkgo v1.14.0
[0m[91mgo: finding github.com/onsi/gomega v1.10.1
[0m[91mgo: finding github.com/op/go-logging v0.0.0-20160315200505-970db520ece7
[0m[91mgo: finding github.com/opentracing-contrib/go-observer v0.0.0-20170622124052-a52f23424492
[0m[91mgo: finding github.com/opentracing/basictracer-go v1.0.0
[0m[91mgo: finding github.com/opentracing/opentracing-go v1.2.0
[0m[91mgo: finding github.com/openzipkin-contrib/zipkin-go-opentracing v0.4.5
[0m[91mgo: finding github.com/openzipkin/zipkin-go v0.2.2
[0m[91mgo: finding github.com/pact-foundation/pact-go v1.0.4
[0m[91mgo: finding github.com/pascaldekloe/goe v0.0.0-20180627143212-57f6aae5913c
[0m[91mgo: finding github.com/pborman/uuid v1.2.0
[0m[91mgo: finding github.com/pelletier/go-toml v1.2.0
[0m[91mgo: finding github.com/performancecopilot/speed v3.0.0+incompatible
[0m[91mgo: finding github.com/peterbourgon/diskv v2.0.1+incompatible
[0m[91mgo: finding github.com/pierrec/lz4 v2.0.5+incompatible
[0m[91mgo: finding github.com/pkg/errors v0.9.1
[0m[91mgo: finding github.com/pkg/profile v1.2.1
[0m[91mgo: finding github.com/pmezard/go-difflib v1.0.0
[0m[91mgo: finding github.com/posener/complete v1.1.1
[0m[91mgo: finding github.com/pquerna/cachecontrol v0.0.0-20171018203845-0dec1b30a021
[0m[91mgo: finding github.com/prometheus/client_golang v1.7.1
[0m[91mgo: finding github.com/prometheus/client_model v0.2.0
[0m[91mgo: finding github.com/prometheus/common v0.12.0
[0m[91mgo: finding github.com/prometheus/procfs v0.1.3
[0m[91mgo: finding github.com/rcrowley/go-metrics v0.0.0-20181016184325-3113b8401b8a
[0m[91mgo: finding github.com/remyoudompheng/bigfft v0.0.0-20170806203942-52369c62f446
[0m[91mgo: finding github.com/rogpeppe/fastuuid v0.0.0-20150106093220-6724a57986af
[0m[91mgo: finding github.com/rogpeppe/go-internal v1.3.0
[0m[91mgo: finding github.com/russross/blackfriday v1.5.2
[0m[91mgo: finding github.com/russross/blackfriday/v2 v2.0.1
[0m[91mgo: finding github.com/ryanuber/columnize v0.0.0-20160712163229-9b3edd62028f
[0m[91mgo: finding github.com/samuel/go-zookeeper v0.0.0-20190923202752-2cc03de413da
[0m[91mgo: finding github.com/sean-/seed v0.0.0-20170313163322-e2103e2c3529
[0m[91mgo: finding github.com/sergi/go-diff v1.0.0
[0m[91mgo: finding github.com/shurcooL/sanitized_anchor_name v1.0.0
[0m[91mgo: finding github.com/sirupsen/logrus v1.6.0
[0m[91mgo: finding github.com/smartystreets/assertions v0.0.0-20180927180507-b2de0cb4f26d
[0m[91mgo: finding github.com/smartystreets/goconvey v1.6.4
[0m[91mgo: finding github.com/soheilhy/cmux v0.1.4
[0m[91mgo: finding github.com/sony/gobreaker v0.4.1
[0m[91mgo: finding github.com/spf13/afero v1.2.2
[0m[91mgo: finding github.com/spf13/cast v1.3.0
[0m[91mgo: finding github.com/spf13/cobra v0.0.5
[0m[91mgo: finding github.com/spf13/jwalterweatherman v1.0.0
[0m[91mgo: finding github.com/spf13/pflag v1.0.5
[0m[91mgo: finding github.com/spf13/viper v1.3.2
[0m[91mgo: finding github.com/streadway/amqp v0.0.0-20190827072141-edfb9018d271
[0m[91mgo: finding github.com/streadway/handy v0.0.0-20190108123426-d5acb3125c2a
[0m[91mgo: finding github.com/stretchr/ob** v0.2.0
[0m[91mgo: finding github.com/stretchr/testify v1.4.0
[0m[91mgo: finding github.com/tidwall/pretty v1.0.0
[0m[91mgo: finding github.com/tmc/grpc-websocket-proxy v0.0.0-20170815181823-89b8d40f7ca8
[0m[91mgo: finding github.com/uber/jaeger-client-go v2.25.0+incompatible
[0m[91mgo: finding github.com/uber/jaeger-lib v2.2.0+incompatible
[0m[91mgo: finding github.com/ugorji/go/codec v0.0.0-20181204163529-d75b2dcb6bc8
[0m[91mgo: finding github.com/urfave/cli v1.22.1
[0m[91mgo: finding github.com/valyala/bytebufferpool v1.0.0
[0m[91mgo: finding github.com/vektah/gqlparser v1.1.2
[0m[91mgo: finding github.com/xiang90/probing v0.0.0-20190116061207-43a291ad63a2
[0m[91mgo: finding github.com/xordataexchange/crypt v0.0.3-0.20170626215501-b2862e3d0a77
[0m[91mgo: finding go.etcd.io/bbolt v1.3.3
[0m[91mgo: finding go.etcd.io/etcd v0.0.0-20191023171146-3cf2f69b5738
[0m[91mgo: finding go.mongodb.org/mongo-driver v1.1.2
[0m[91mgo: finding go.opencensus.io v0.22.2
[0m[91mgo: finding go.uber.org/atomic v1.6.0
[0m[91mgo: finding go.uber.org/multierr v1.5.0
[0m[91mgo: finding go.uber.org/tools v0.0.0-20190618225709-2cfd321de3ee
[0m[91mgo: finding go.uber.org/zap v1.15.0
[0m[91mgo: finding golang.org/x/crypto v0.0.0-20200622213623-75b288015ac9
[0m[91mgo: finding golang.org/x/exp v0.0.0-20200331195152-e8c3332aa8e5
[0m[91mgo: finding golang.org/x/image v0.0.0-20190802002840-cff245a6509b
[0m[91mgo: finding golang.org/x/lint v0.0.0-20190930215403-16217165b5de
[0m[91mgo: finding golang.org/x/mobile v0.0.0-20190719004257-d2bd2a29d028
[0m[91mgo: finding golang.org/x/mod v0.1.1-0.20191107180719-034126e5016b
[0m[91mgo: finding golang.org/x/net v0.0.0-20200625001655-4c5254603344
[0m[91mgo: finding golang.org/x/oauth2 v0.0.0-20190604053449-0f29369cfe45
[0m[91mgo: finding golang.org/x/sync v0.0.0-20190911185100-cd5d95a43a6e
[0m[91mgo: finding golang.org/x/sys v0.0.0-20200625212154-ddb9806d33ae
[0m[91mgo: finding golang.org/x/text v0.3.3
[0m[91mgo: finding golang.org/x/time v0.0.0-20191024005414-555d28b269f0
[0m[91mgo: finding golang.org/x/tools v0.0.0-20200207183749-b753a1ba74fa
[0m[91mgo: finding golang.org/x/xerrors v0.0.0-20191204190536-9bdfabe68543
[0m[91mgo: finding gomodules.xyz/jsonpatch/v2 v2.0.1
[0m[91mgo: finding gonum.org/v1/gonum v0.0.0-20190331200053-3d26580ed485
[0m[91mgo: finding gonum.org/v1/netlib v0.0.0-20190331212654-76723241ea4e
[0m[91mgo: finding google.golang.org/api v0.15.0
[0m[91mgo: finding google.golang.org/appengine v1.6.5
[0m[91mgo: finding google.golang.org/genproto v0.0.0-20200423170343-7949de9c1215
[0m[91mgo: finding google.golang.org/grpc v1.30.0
[0m[91mgo: finding google.golang.org/protobuf v1.23.0
[0m[91mgo: finding gopkg.in/alecthomas/kingpin.v2 v2.2.6
[0m[91mgo: finding gopkg.in/check.v1 v1.0.0-20190902080502-41f04d3bba15
[0m[91mgo: finding gopkg.in/cheggaaa/pb.v1 v1.0.25
[0m[91mgo: finding gopkg.in/errgo.v2 v2.1.0
[0m[91mgo: finding gopkg.in/fsnotify.v1 v1.4.7
[0m[91mgo: finding gopkg.in/gcfg.v1 v1.2.3
[0m[91mgo: finding gopkg.in/inf.v0 v0.9.1
[0m[91mgo: finding gopkg.in/natefinch/lumberjack.v2 v2.0.0
[0m[91mgo: finding gopkg.in/resty.v1 v1.12.0
[0m[91mgo: finding gopkg.in/square/go-jose.v2 v2.2.2
[0m[91mgo: finding gopkg.in/tomb.v1 v1.0.0-20141024135613-dd632973f1e7
[0m[91mgo: finding gopkg.in/warnings.v0 v0.1.2
[0m[91mgo: finding gopkg.in/yaml.v2 v2.3.0
[0m[91mgo: finding gotest.tools v2.2.0+incompatible
[0m[91mgo: finding honnef.co/go/tools v0.0.1-2019.2.3
[0m[91mgo: finding istio.io/api v0.0.0-20200513175333-ae3da0d240e3
[0m[91mgo: finding istio.io/client-go v0.0.0-20200513180646-f8d9d8ff84e6
[0m[91mgo: finding istio.io/gogo-genproto v0.0.0-20190930162913-45029607206a
[0m[91mgo: finding k8s.io/api v0.17.9
[0m[91mgo: finding k8s.io/apiextensions-apiserver v0.17.9
[0m[91mgo: finding k8s.io/apimachinery v0.17.9
[0m[91mgo: finding k8s.io/apiserver v0.17.9
[0m[91mgo: finding k8s.io/client-go v0.17.9
[0m[91mgo: finding k8s.io/code-generator v0.17.9
[0m[91mgo: finding k8s.io/component-base v0.17.9
[0m[91mgo: finding k8s.io/gengo v0.0.0-20190822140433-26a664648505
[0m[91mgo: finding k8s.io/klog v1.0.0
[0m[91mgo: finding k8s.io/klog/v2 v2.0.0
[0m[91mgo: finding k8s.io/kube-openapi v0.0.0-20200410145947-bcb3869e6f29
[0m[91mgo: finding k8s.io/utils v0.0.0-20200619165400-6e3d28b6ed19
[0m[91mgo: finding knative.dev/pkg v0.0.0-20200513151758-7b6bb61326ae
[0m[91mgo: finding modernc.org/cc v1.0.0
[0m[91mgo: finding modernc.org/golex v1.0.0
[0m[91mgo: finding modernc.org/mathutil v1.0.0
[0m[91mgo: finding modernc.org/strutil v1.0.0
[0m[91mgo: finding modernc.org/xc v1.0.0
[0m[91mgo: finding pack.ag/amqp v0.11.0
[0m[91mgo: finding rsc.io/binaryregexp v0.2.0
[0m[91mgo: finding sigs.k8s.io/controller-runtime v0.5.8
[0m[91mgo: finding sigs.k8s.io/structured-merge-diff v0.0.0-20190525122527-15d366b2352e
[0m[91mgo: finding sigs.k8s.io/structured-merge-diff/v2 v2.0.1
[0m[91mgo: finding sigs.k8s.io/yaml v1.1.0
[0m[91mgo: finding sourcegraph.com/sourcegraph/appdash v0.0.0-20190731080439-ebfcffb1b5c0
[0mRemoving intermediate container 606cec42c78a
 ---> e9d28273d7c6
Step 8/27 : COPY executor/main.go main.go
 ---> 1da88e9d5334
Step 9/27 : COPY executor/api/ api/
 ---> 3c8a89195c33
Step 10/27 : COPY executor/predictor/ predictor/
 ---> a49ec4fc1d46
Step 11/27 : COPY executor/logger/ logger/
 ---> 286354cb2144
Step 12/27 : COPY executor/k8s/ k8s/
 ---> cdaff093f2fa
Step 13/27 : RUN go build -a -o executor main.go
 ---> Running in 4e3fe8f8189f
Removing intermediate container 4e3fe8f8189f
 ---> 56ffa112ded2
Step 14/27 : RUN wget -O hashicorp-golang-lru.tar.gz https://github.com/hashicorp/golang-lru/archive/master.tar.gz
 ---> Running in b6d1a281f4e6
[91m--2020-08-24 13:35:26--  https://github.com/hashicorp/golang-lru/archive/master.tar.gz
[0m[91mResolving github.com (github.com)... [0m[91m140.82.118.4
Connecting to github.com (github.com)|140.82.118.4|:443... [0m[91mconnected.
[0m[91mHTTP request sent, awaiting response... [0m[91m302 Found
Location: https://codeload.github.com/hashicorp/golang-lru/tar.gz/master [following]
--2020-08-24 13:35:26--  https://codeload.github.com/hashicorp/golang-lru/tar.gz/master
Resolving codeload.github.com (codeload.github.com)... [0m[91m140.82.112.10
Connecting to codeload.github.com (codeload.github.com)|140.82.112.10|:443... [0m[91mconnected.
[0m[91mHTTP request sent, awaiting response... [0m[91m200 OK
[0m[91mLength: unspecified [application/x-gzip]
Saving to: 'hashicorp-golang-lru.tar.gz'

     0K ........[0m[91m.[0m[91m. ...                                          237K=0.06s

[0m[91m2020-08-24 13:35:26 (237 KB/s) - 'hashicorp-golang-lru.tar.gz' saved [13973]

[0mRemoving intermediate container b6d1a281f4e6
 ---> f18ba291700b
Step 15/27 : RUN wget -O armon-consul-api.tar.gz https://github.com/armon/consul-api/archive/master.tar.gz
 ---> Running in 108c07764085
[91m--2020-08-24 13:35:28--  https://github.com/armon/consul-api/archive/master.tar.gz
[0m[91mResolving github.com (github.com)... [0m[91m140.82.118.4
Connecting to github.com (github.com)|140.82.118.4|:443... [0m[91mconnected.
[0m[91mHTTP request sent, awaiting response... [0m[91m302 Found
Location: https://codeload.github.com/armon/consul-api/tar.gz/master [following]
--2020-08-24 13:35:28--  https://codeload.github.com/armon/consul-api/tar.gz/master
Resolving codeload.github.com (codeload.github.com)... [0m[91m140.82.112.10
Connecting to codeload.github.com (codeload.github.com)|140.82.112.10|:443... [0m[91mconnected.
[0m[91mHTTP request sent, awaiting response... [0m[91m200 OK
Length: unspecified [application/x-gzip]
Saving to: 'armon-consul-api.tar.gz'
[0m[91m
     0K .........[0m[91m. .....[0m[91m.[0m[91m. [0m[91m [0m[91m [0m[91m                                   232K=0.08s

2020-08-24 13:35:29 (232 KB/s) - 'armon-consul-api.tar.gz' saved [17977]

[0mRemoving intermediate container 108c07764085
 ---> 63e738757284
Step 16/27 : RUN wget -O hasicorp-hcl.tar.gz https://github.com/hashicorp/hcl/archive/master.tar.gz
 ---> Running in d85db39b10fd
[91m--2020-08-24 13:35:33--  https://github.com/hashicorp/hcl/archive/master.tar.gz
[0m[91mResolving github.com (github.com)... [0m[91m140.82.118.4
Connecting to github.com (github.com)|140.82.118.4|:443... [0m[91mconnected.
[0m[91mHTTP request sent, awaiting response... [0m[91m302 Found
[0m[91mLocation: https://codeload.github.com/hashicorp/hcl/tar.gz/master [following]
[0m[91m--2020-08-24 13:35:33--  https://codeload.github.com/hashicorp/hcl/tar.gz/master
[0m[91mResolving codeload.github.com (codeload.github.com)... [0m[91m140.82.112.10[0m[91m
Connecting to codeload.github.com (codeload.github.com)|140.82.112.10|:443... [0m[91mconnected.
[0m[91mHTTP request sent, awaiting response... [0m[91m200 OK
Length: unspecified [application/x-gzip]
Saving to: 'hasicorp-hcl.tar.gz'

     0K ....[0m[91m.....[0m[91m.[0m[91m [0m[91m.[0m[91m.[0m[91m...[0m[91m.[0m[91m.... ..[0m[91m..[0m[91m....[0m[91m.. [0m[91m.[0m[91m.[0m[91m...[0m[91m.[0m[91m.... ........[0m[91m.[0m[91m.[0m[91m  327K[0m[91m
    50K[0m[91m [0m[91m.[0m[91m.[0m[91m.[0m[91m.[0m[91m.[0m[91m.[0m[91m.[0m[91m.[0m[91m.[0m[91m.[0m[91m [0m[91m.[0m[91m.[0m[91m.[0m[91m.[0m[91m.[0m[91m.[0m[91m.[0m[91m.[0m[91m.[0m[91m.[0m[91m [0m[91m.[0m[91m [0m[91m [0m[91m [0m[91m [0m[91m [0m[91m [0m[91m [0m[91m [0m[91m [0m[91m [0m[91m [0m[91m [0m[91m [0m[91m [0m[91m [0m[91m [0m[91m [0m[91m [0m[91m [0m[91m [0m[91m [0m[91m [0m[91m [0m[91m [0m[91m [0m[91m [0m[91m [0m[91m [0m[91m [0m[91m [0m[91m [0m[91m 4.20M[0m[91m=0.2s[0m[91m

[0m[91m2020-08-24 13:35:33 (452 KB/s) - 'hasicorp-hcl.tar.gz' saved [72956]

[0mRemoving intermediate container d85db39b10fd
 ---> 26d80bfe08a7
Step 17/27 : COPY executor/api/rest/openapi/ /openapi/
 ---> 08abe71018e6
Step 18/27 : RUN chmod -R 660 /openapi/
 ---> Running in af33208e2d75
Removing intermediate container af33208e2d75
 ---> 3f93be42f356
Step 19/27 : FROM gcr.io/distroless/base:latest
latest: Pulling from distroless/base
4000adbbc3eb: Pulling fs layer
69e2f037cdb3: Pulling fs layer
4000adbbc3eb: Verifying Checksum
4000adbbc3eb: Download complete
69e2f037cdb3: Verifying Checksum
69e2f037cdb3: Download complete
4000adbbc3eb: Pull complete
69e2f037cdb3: Pull complete
Digest: sha256:be73c7e6bb15793be42cdba97ca55d731558d8a625acdc13f9b8d49e3ef7de02
Status: Downloaded newer image for gcr.io/distroless/base:latest
 ---> ae9876e34217
Step 20/27 : WORKDIR /
 ---> Running in 5691c130a847
Removing intermediate container 5691c130a847
 ---> 19d267d44e34
Step 21/27 : COPY --from=builder /workspace/executor .
 ---> 2e2cc1dd14fd
Step 22/27 : COPY executor/licenses/license.txt licenses/license.txt
 ---> 55b806e21bc4
Step 23/27 : COPY --from=builder /workspace/hashicorp-golang-lru.tar.gz licenses/mpl_source/hashicorp-golang-lru.tar.gz
 ---> 7396eba559f5
Step 24/27 : COPY --from=builder /workspace/armon-consul-api.tar.gz licenses/mpl_source/armon-consul-api.tar.gz
 ---> 840ae388710f
Step 25/27 : COPY --from=builder /workspace/hasicorp-hcl.tar.gz licenses/mpl_source/hasicorp-hcl.tar.gz
 ---> a919d81af8b5
Step 26/27 : COPY --from=builder /openapi/ /openapi/
 ---> 247a41efab1d
Step 27/27 : ENTRYPOINT ["/executor"]
 ---> Running in dcdcbcf6d78a
Removing intermediate container dcdcbcf6d78a
 ---> d20f37d42ba9
Successfully built d20f37d42ba9
Successfully tagged seldonio/seldon-core-executor:1.2.3-dev
kind load -v 3 docker-image seldonio/seldon-core-executor:1.2.3-dev --name kind
Image: "seldonio/seldon-core-executor:1.2.3-dev" with ID "sha256:d20f37d42ba94e42a3904e56e42cae0988e15d431f6233a404695496e9edb029" not present on node "kind-control-plane"
Image: "seldonio/seldon-core-executor:1.2.3-dev" with ID "sha256:d20f37d42ba94e42a3904e56e42cae0988e15d431f6233a404695496e9edb029" not present on node "kind-worker"
make[1]: Leaving directory '/workspace/source/executor'
Build test models
make -C ../docker/fixed-model kind_load_images
make[1]: Entering directory '/workspace/source/testing/docker/fixed-model'
s2i build -E environment_rest_v1 . seldonio/seldon-core-s2i-python3:0.15 seldonio/fixed-model:0.1
---> Installing application source...
Build completed successfully
s2i build -E environment_rest_v2 . seldonio/seldon-core-s2i-python3:0.15 seldonio/fixed-model:0.2
---> Installing application source...
Build completed successfully
kind load -v 3 docker-image seldonio/fixed-model:0.1
Image: "seldonio/fixed-model:0.1" with ID "sha256:28c87cca06f03c96417113c3883c0bb4cfadaa11fc0089b1d7813a81ffef688c" not present on node "kind-control-plane"
Image: "seldonio/fixed-model:0.1" with ID "sha256:28c87cca06f03c96417113c3883c0bb4cfadaa11fc0089b1d7813a81ffef688c" not present on node "kind-worker"
kind load -v 3 docker-image seldonio/fixed-model:0.2
Image: "seldonio/fixed-model:0.2" with ID "sha256:1f896a55783e35d319b696a14fbdbc92b549fac5a1a6e14a681da2f27d3b28bb" not present on node "kind-control-plane"
Image: "seldonio/fixed-model:0.2" with ID "sha256:1f896a55783e35d319b696a14fbdbc92b549fac5a1a6e14a681da2f27d3b28bb" not present on node "kind-worker"
make[1]: Leaving directory '/workspace/source/testing/docker/fixed-model'
make -C ../docker/echo-model kind_load_image
make[1]: Entering directory '/workspace/source/testing/docker/echo-model'
s2i build \
	-E environment_rest \
	.\
	seldonio/seldon-core-s2i-python3:1.1.1-SNAPSHOT\
	seldonio/echo-model:0.1
---> Installing application source...
Build completed successfully
kind load -v 3 docker-image seldonio/echo-model:0.1
Image: "seldonio/echo-model:0.1" with ID "sha256:9a04a4049343cc00c1515d4f763288b05a54786038d0a6c13744440546b961e4" not present on node "kind-control-plane"
Image: "seldonio/echo-model:0.1" with ID "sha256:9a04a4049343cc00c1515d4f763288b05a54786038d0a6c13744440546b961e4" not present on node "kind-worker"
make[1]: Leaving directory '/workspace/source/testing/docker/echo-model'
Files changed in prepackaged folder:
SKIPPING PREPACKAGED IMAGE BUILD...
Files changed in alibi folder:
SKIPPING ALIBI IMAGE BUILD...
Files changed in misc folders:
SKIPPING MISC IMAGE BUILD...
kubectl create namespace seldon || echo "Namespace seldon already exists"
namespace/seldon created
kubectl create namespace test1 || echo "Namespace test1 already exists"
namespace/test1 created
helm repo add stable https://kubernetes-charts.storage.googleapis.com/
"stable" has been added to your repositories
helm repo add seldonio https://storage.googleapis.com/seldon-charts
"seldonio" has been added to your repositories
helm repo add jaegertracing https://jaegertracing.github.io/helm-charts
"jaegertracing" has been added to your repositories
helm repo add datawire https://www.getambassador.io
"datawire" has been added to your repositories
helm repo update
Hang tight while we grab the latest from your chart repositories...
...Successfully got an update from the "jaegertracing" chart repository
...Successfully got an update from the "seldonio" chart repository
...Successfully got an update from the "datawire" chart repository
...Successfully got an update from the "stable" chart repository
Update Complete. âŽˆ Happy Helming!âŽˆ 
helm install ambassador \
	datawire/ambassador \
	-f ../resources/ambassador_values.yaml \
	--set image.repository=quay.io/datawire/ambassador \
	--set crds.keep=false \
	--set enableAES=false \
	--namespace seldon \
	--set replicaCount=1 \
	--wait
manifest_sorter.go:192: info: skipping unknown hook: "crd-install"
manifest_sorter.go:192: info: skipping unknown hook: "crd-install"
manifest_sorter.go:192: info: skipping unknown hook: "crd-install"
manifest_sorter.go:192: info: skipping unknown hook: "crd-install"
manifest_sorter.go:192: info: skipping unknown hook: "crd-install"
manifest_sorter.go:192: info: skipping unknown hook: "crd-install"
manifest_sorter.go:192: info: skipping unknown hook: "crd-install"
manifest_sorter.go:192: info: skipping unknown hook: "crd-install"
manifest_sorter.go:192: info: skipping unknown hook: "crd-install"
manifest_sorter.go:192: info: skipping unknown hook: "crd-install"
manifest_sorter.go:192: info: skipping unknown hook: "crd-install"
manifest_sorter.go:192: info: skipping unknown hook: "crd-install"
manifest_sorter.go:192: info: skipping unknown hook: "crd-install"
manifest_sorter.go:192: info: skipping unknown hook: "crd-install"
manifest_sorter.go:192: info: skipping unknown hook: "crd-install"
manifest_sorter.go:192: info: skipping unknown hook: "crd-install"
manifest_sorter.go:192: info: skipping unknown hook: "crd-install"
manifest_sorter.go:192: info: skipping unknown hook: "crd-install"
NAME: ambassador
LAST DEPLOYED: Mon Aug 24 13:46:10 2020
NAMESPACE: seldon
STATUS: deployed
REVISION: 1
NOTES:
-------------------------------------------------------------------------------
  Congratulations! You've successfully installed Ambassador!

-------------------------------------------------------------------------------
To get the IP address of Ambassador, run the following commands:
  export NODE_PORT=$(kubectl get --namespace seldon -o jsonpath="{.spec.ports[0].nodePort}" services ambassador)
  export NODE_IP=$(kubectl get nodes --namespace seldon -o jsonpath="{.items[0].status.addresses[0].address}")
  echo http://$NODE_IP:$NODE_PORT

For help, visit our Slack at https://d6e.co/slack or view the documentation online at https://www.getambassador.io.
kubectl apply -f istio-1.4.2.yaml
clusterrole.rbac.authorization.k8s.io/istio-reader-istio-system created
clusterrolebinding.rbac.authorization.k8s.io/istio-reader-istio-system created
customresourcedefinition.apiextensions.k8s.io/attributemanifests.config.istio.io created
customresourcedefinition.apiextensions.k8s.io/clusterrbacconfigs.rbac.istio.io created
customresourcedefinition.apiextensions.k8s.io/destinationrules.networking.istio.io created
customresourcedefinition.apiextensions.k8s.io/envoyfilters.networking.istio.io created
customresourcedefinition.apiextensions.k8s.io/gateways.networking.istio.io created
customresourcedefinition.apiextensions.k8s.io/httpapispecbindings.config.istio.io created
customresourcedefinition.apiextensions.k8s.io/httpapispecs.config.istio.io created
customresourcedefinition.apiextensions.k8s.io/meshpolicies.authentication.istio.io created
customresourcedefinition.apiextensions.k8s.io/policies.authentication.istio.io created
customresourcedefinition.apiextensions.k8s.io/quotaspecbindings.config.istio.io created
customresourcedefinition.apiextensions.k8s.io/quotaspecs.config.istio.io created
customresourcedefinition.apiextensions.k8s.io/rbacconfigs.rbac.istio.io created
customresourcedefinition.apiextensions.k8s.io/rules.config.istio.io created
customresourcedefinition.apiextensions.k8s.io/serviceentries.networking.istio.io created
customresourcedefinition.apiextensions.k8s.io/servicerolebindings.rbac.istio.io created
customresourcedefinition.apiextensions.k8s.io/serviceroles.rbac.istio.io created
customresourcedefinition.apiextensions.k8s.io/virtualservices.networking.istio.io created
customresourcedefinition.apiextensions.k8s.io/adapters.config.istio.io created
customresourcedefinition.apiextensions.k8s.io/instances.config.istio.io created
customresourcedefinition.apiextensions.k8s.io/templates.config.istio.io created
customresourcedefinition.apiextensions.k8s.io/handlers.config.istio.io created
customresourcedefinition.apiextensions.k8s.io/sidecars.networking.istio.io created
customresourcedefinition.apiextensions.k8s.io/authorizationpolicies.security.istio.io created
namespace/istio-system created
serviceaccount/istio-reader-service-account created
clusterrole.rbac.authorization.k8s.io/istio-citadel-istio-system created
clusterrolebinding.rbac.authorization.k8s.io/istio-citadel-istio-system created
deployment.apps/istio-citadel created
poddisruptionbudget.policy/istio-citadel created
service/istio-citadel created
serviceaccount/istio-citadel-service-account created
deployment.apps/istio-egressgateway created
poddisruptionbudget.policy/istio-egressgateway created
gateway.networking.istio.io/istio-multicluster-egressgateway created
virtualservice.networking.istio.io/istio-multicluster-egressgateway created
envoyfilter.networking.istio.io/istio-multicluster-egressgateway created
destinationrule.networking.istio.io/istio-multicluster-destinationrule created
service/istio-egressgateway created
role.rbac.authorization.k8s.io/istio-egressgateway-sds created
rolebinding.rbac.authorization.k8s.io/istio-egressgateway-sds created
serviceaccount/istio-egressgateway-service-account created
clusterrole.rbac.authorization.k8s.io/istio-galley-istio-system created
clusterrolebinding.rbac.authorization.k8s.io/istio-galley-*****-role-binding-istio-system created
configmap/istio-mesh-galley created
configmap/istio-galley-configuration created
deployment.apps/istio-galley created
poddisruptionbudget.policy/istio-galley created
service/istio-galley created
serviceaccount/istio-galley-service-account created
configmap/istio-grafana-configuration-dashboards-citadel-dashboard created
configmap/istio-grafana-configuration-dashboards-galley-dashboard created
configmap/istio-grafana-configuration-dashboards-istio-mesh-dashboard created
configmap/istio-grafana-configuration-dashboards-istio-performance-dashboard created
configmap/istio-grafana-configuration-dashboards-istio-service-dashboard created
configmap/istio-grafana-configuration-dashboards-istio-workload-dashboard created
configmap/istio-grafana-configuration-dashboards-mixer-dashboard created
configmap/istio-grafana-configuration-dashboards-pilot-dashboard created
configmap/istio-grafana created
deployment.apps/grafana created
policy.authentication.istio.io/grafana-ports-mtls-disabled created
service/grafana created
deployment.apps/istio-ingressgateway created
gateway.networking.istio.io/ingressgateway created
poddisruptionbudget.policy/ingressgateway created
service/istio-ingressgateway created
serviceaccount/istio-ingressgateway-service-account created
sidecar.networking.istio.io/default created
clusterrole.rbac.authorization.k8s.io/istio-sidecar-injector-istio-system created
clusterrolebinding.rbac.authorization.k8s.io/istio-sidecar-injector-*****-role-binding-istio-system created
configmap/injector-mesh created
deployment.apps/istio-sidecar-injector created
mutatingwebhookconfiguration.admissionregistration.k8s.io/istio-sidecar-injector created
poddisruptionbudget.policy/istio-sidecar-injector created
service/istio-sidecar-injector created
serviceaccount/istio-sidecar-injector-service-account created
configmap/istio-sidecar-injector created
clusterrole.rbac.authorization.k8s.io/kiali created
clusterrole.rbac.authorization.k8s.io/kiali-viewer created
clusterrolebinding.rbac.authorization.k8s.io/kiali created
configmap/kiali created
secret/kiali created
deployment.apps/kiali created
service/kiali created
serviceaccount/kiali-service-account created
clusterrole.rbac.authorization.k8s.io/istio-pilot-istio-system created
clusterrolebinding.rbac.authorization.k8s.io/istio-pilot-istio-system created
configmap/pilot-envoy-config created
configmap/istio created
deployment.apps/istio-pilot created
meshpolicy.authentication.istio.io/default created
poddisruptionbudget.policy/istio-pilot created
service/istio-pilot created
serviceaccount/istio-pilot-service-account created
clusterrole.rbac.authorization.k8s.io/istio-policy created
clusterrolebinding.rbac.authorization.k8s.io/istio-policy-*****-role-binding-istio-system created
destinationrule.networking.istio.io/istio-policy created
deployment.apps/istio-policy created
poddisruptionbudget.policy/istio-policy created
service/istio-policy created
serviceaccount/istio-policy-service-account created
clusterrole.rbac.authorization.k8s.io/prometheus-istio-system created
clusterrolebinding.rbac.authorization.k8s.io/prometheus-istio-system created
configmap/prometheus created
deployment.apps/prometheus created
service/prometheus created
serviceaccount/prometheus created
horizontalpodautoscaler.autoscaling/istio-telemetry created
clusterrole.rbac.authorization.k8s.io/istio-mixer-istio-system created
clusterrolebinding.rbac.authorization.k8s.io/istio-mixer-*****-role-binding-istio-system created
attributemanifest.config.istio.io/istioproxy created
attributemanifest.config.istio.io/kubernetes created
handler.config.istio.io/stdio created
instance.config.istio.io/accesslog created
instance.config.istio.io/tcpaccesslog created
rule.config.istio.io/stdio created
rule.config.istio.io/stdiotcp created
instance.config.istio.io/requestcount created
instance.config.istio.io/requestduration created
instance.config.istio.io/requestsize created
instance.config.istio.io/responsesize created
instance.config.istio.io/tcpbytesent created
instance.config.istio.io/tcpbytereceived created
instance.config.istio.io/tcpconnectionsopened created
instance.config.istio.io/tcpconnectionsclosed created
handler.config.istio.io/prometheus created
rule.config.istio.io/promhttp created
rule.config.istio.io/promtcp created
rule.config.istio.io/promtcpconnectionopen created
rule.config.istio.io/promtcpconnectionclosed created
handler.config.istio.io/kubernetesenv created
rule.config.istio.io/kubeattrgenrulerule created
rule.config.istio.io/tcpkubeattrgenrulerule created
instance.config.istio.io/attributes created
destinationrule.networking.istio.io/istio-telemetry created
configmap/telemetry-envoy-config created
deployment.apps/istio-telemetry created
poddisruptionbudget.policy/istio-telemetry created
service/istio-telemetry created
serviceaccount/istio-mixer-service-account created
deployment.apps/istio-tracing created
service/jaeger-query created
service/jaeger-collector created
service/jaeger-agent created
service/zipkin created
service/tracing created
kubectl rollout status deployment.apps/istio-ingressgateway -n istio-system
Waiting for deployment "istio-ingressgateway" rollout to finish: 0 of 1 updated replicas are available...
deployment "istio-ingressgateway" successfully rolled out
kubectl rollout status deployment.apps/istio-pilot -n istio-system
deployment "istio-pilot" successfully rolled out
kubectl rollout status deployment.apps/istio-citadel -n istio-system
deployment "istio-citadel" successfully rolled out
kubectl create -f ../resources/seldon-gateway.yaml -n istio-system
gateway.networking.istio.io/seldon-gateway created
helm install jaeger-operator \
	jaegertracing/jaeger-operator \
	--set rbac.clusterRole=true \
	--namespace seldon \
	--wait
manifest_sorter.go:192: info: skipping unknown hook: "crd-install"
NAME: jaeger-operator
LAST DEPLOYED: Mon Aug 24 13:49:11 2020
NAMESPACE: seldon
STATUS: deployed
REVISION: 1
TEST SUITE: None
NOTES:
jaeger-operator is installed.


Check the jaeger-operator logs
  export POD=$(kubectl get pods-l app.kubernetes.io/instance=jaeger-operator -lapp.kubernetes.io/name=jaeger-operator --namespace seldon --output name)
  kubectl logs $POD --namespace=seldon
kubectl apply -f ../resources/jaeger.yaml --namespace seldon
jaeger.jaegertracing.io/jaeger created
mapping.getambassador.io/jaeger created
cd ../../operator && make install-cert-manager
make[1]: Entering directory '/workspace/source/operator'
kubectl create namespace cert-manager || echo "Namespace cert-manager-exists"
namespace/cert-manager created
kubectl label namespace cert-manager cert-manager.io/disable-validation=true || echo "namespace cert-manager-already labelled"
namespace/cert-manager labeled
kubectl apply --validate=false -f https://github.com/jetstack/cert-manager/releases/download/v0.12.0/cert-manager.yaml
customresourcedefinition.apiextensions.k8s.io/certificaterequests.cert-manager.io created
customresourcedefinition.apiextensions.k8s.io/certificates.cert-manager.io created
customresourcedefinition.apiextensions.k8s.io/challenges.acme.cert-manager.io created
customresourcedefinition.apiextensions.k8s.io/clusterissuers.cert-manager.io created
customresourcedefinition.apiextensions.k8s.io/issuers.cert-manager.io created
customresourcedefinition.apiextensions.k8s.io/orders.acme.cert-manager.io created
Warning: kubectl apply should be used on resource created by either kubectl create --save-config or kubectl apply
namespace/cert-manager configured
serviceaccount/cert-manager-cainjector created
serviceaccount/cert-manager created
serviceaccount/cert-manager-webhook created
clusterrole.rbac.authorization.k8s.io/cert-manager-cainjector created
clusterrolebinding.rbac.authorization.k8s.io/cert-manager-cainjector created
role.rbac.authorization.k8s.io/cert-manager-cainjector:leaderelection created
rolebinding.rbac.authorization.k8s.io/cert-manager-cainjector:leaderelection created
clusterrolebinding.rbac.authorization.k8s.io/cert-manager-webhook:auth-delegator created
rolebinding.rbac.authorization.k8s.io/cert-manager-webhook:webhook-authentication-reader created
clusterrole.rbac.authorization.k8s.io/cert-manager-webhook:webhook-requester created
role.rbac.authorization.k8s.io/cert-manager:leaderelection created
rolebinding.rbac.authorization.k8s.io/cert-manager:leaderelection created
clusterrole.rbac.authorization.k8s.io/cert-manager-controller-issuers created
clusterrole.rbac.authorization.k8s.io/cert-manager-controller-clusterissuers created
clusterrole.rbac.authorization.k8s.io/cert-manager-controller-certificates created
clusterrole.rbac.authorization.k8s.io/cert-manager-controller-orders created
clusterrole.rbac.authorization.k8s.io/cert-manager-controller-challenges created
clusterrole.rbac.authorization.k8s.io/cert-manager-controller-ingress-shim created
clusterrolebinding.rbac.authorization.k8s.io/cert-manager-controller-issuers created
clusterrolebinding.rbac.authorization.k8s.io/cert-manager-controller-clusterissuers created
clusterrolebinding.rbac.authorization.k8s.io/cert-manager-controller-certificates created
clusterrolebinding.rbac.authorization.k8s.io/cert-manager-controller-orders created
clusterrolebinding.rbac.authorization.k8s.io/cert-manager-controller-challenges created
clusterrolebinding.rbac.authorization.k8s.io/cert-manager-controller-ingress-shim created
clusterrole.rbac.authorization.k8s.io/cert-manager-view created
clusterrole.rbac.authorization.k8s.io/cert-manager-edit created
service/cert-manager created
service/cert-manager-webhook created
deployment.apps/cert-manager-cainjector created
deployment.apps/cert-manager created
deployment.apps/cert-manager-webhook created
mutatingwebhookconfiguration.admissionregistration.k8s.io/cert-manager-webhook created
validatingwebhookconfiguration.admissionregistration.k8s.io/cert-manager-webhook created
kubectl rollout status deployment.apps/cert-manager -n cert-manager
Waiting for deployment "cert-manager" rollout to finish: 0 of 1 updated replicas are available...
deployment "cert-manager" successfully rolled out
kubectl rollout status deployment.apps/cert-manager-cainjector -n cert-manager
Waiting for deployment "cert-manager-cainjector" rollout to finish: 0 of 1 updated replicas are available...
deployment "cert-manager-cainjector" successfully rolled out
kubectl rollout status deployment.apps/cert-manager-webhook -n cert-manager
Waiting for deployment "cert-manager-webhook" rollout to finish: 0 of 1 updated replicas are available...
deployment "cert-manager-webhook" successfully rolled out
make[1]: Leaving directory '/workspace/source/operator'
sleep 5 #https://github.com/jetstack/cert-manager/issues/2273
kubectl create namespace seldon-system || echo "namespace seldon-system exists"
namespace/seldon-system created
helm delete seldon --namespace seldon-system || echo "seldon-core not installed"
Error: uninstall: Release not loaded: seldon: release: not found
seldon-core not installed
helm install seldon \
	../../helm-charts/seldon-core-operator \
	--namespace seldon-system \
	--set istio.enabled=true \
	--set istio.gateway=istio-system/seldon-gateway \
	--set certManager.enabled=false \
	--set executor.enabled="true" \
	--wait
NAME: seldon
LAST DEPLOYED: Mon Aug 24 13:50:33 2020
NAMESPACE: seldon-system
STATUS: deployed
REVISION: 1
TEST SUITE: None
kubectl config set-context $(kubectl config current-context) --namespace=seldon
Context "kind-kind" modified.
kubectl apply -f metrics.yaml
clusterrole.rbac.authorization.k8s.io/system:aggregated-metrics-reader created
clusterrolebinding.rbac.authorization.k8s.io/metrics-server:system:auth-delegator created
rolebinding.rbac.authorization.k8s.io/metrics-server-auth-reader created
apiservice.apiregistration.k8s.io/v1beta1.metrics.k8s.io created
serviceaccount/metrics-server created
deployment.apps/metrics-server created
service/metrics-server created
clusterrole.rbac.authorization.k8s.io/system:metrics-server created
clusterrolebinding.rbac.authorization.k8s.io/system:metrics-server created
make: Entering directory '/workspace/source/python'
pip install -e . -r requirements-dev.txt
Obtaining file:///workspace/source/python
Collecting Flask<2.0.0
  Downloading Flask-1.1.2-py2.py3-none-any.whl (94 kB)
Requirement already satisfied: jsonschema<4.0.0 in /usr/local/lib/python3.6/site-packages (from -r requirements.txt (line 2)) (3.2.0)
Collecting Flask-cors<4.0.0
  Downloading Flask_Cors-3.0.8-py2.py3-none-any.whl (14 kB)
Collecting redis<4.0.0
  Downloading redis-3.5.3-py2.py3-none-any.whl (72 kB)
Requirement already satisfied: requests<3.0.0 in /usr/local/lib/python3.6/site-packages (from -r requirements.txt (line 5)) (2.24.0)
Requirement already satisfied: numpy<2.0.0 in /usr/local/lib/python3.6/site-packages (from -r requirements.txt (line 6)) (1.19.1)
Collecting flatbuffers<2.0.0
  Downloading flatbuffers-1.12-py2.py3-none-any.whl (15 kB)
Requirement already satisfied: protobuf<4.0.0 in /usr/local/lib/python3.6/site-packages (from -r requirements.txt (line 8)) (3.13.0)
Requirement already satisfied: grpcio<2.0.0 in /usr/local/lib/python3.6/site-packages (from -r requirements.txt (line 9)) (1.31.0)
Collecting Flask-OpenTracing<1.2.0,>=1.1.0
  Downloading Flask-OpenTracing-1.1.0.tar.gz (8.2 kB)
Collecting opentracing<2.4.0,>=2.2.0
  Downloading opentracing-2.3.0.tar.gz (48 kB)
Collecting jaeger-client<4.4.0,>=4.1.0
  Downloading jaeger-client-4.3.0.tar.gz (81 kB)
Collecting grpcio-opentracing<1.2.0,>=1.1.4
  Downloading grpcio_opentracing-1.1.4-py3-none-any.whl (14 kB)
Requirement already satisfied: PyYAML<5.4 in /usr/local/lib/python3.6/site-packages (from -r requirements.txt (line 14)) (5.3.1)
Collecting gunicorn<20.1.0,>=19.9.0
  Downloading gunicorn-20.0.4-py2.py3-none-any.whl (77 kB)
Collecting minio<6.0.0,>=4.0.9
  Downloading minio-5.0.10-py2.py3-none-any.whl (75 kB)
Collecting azure-storage-blob<3.0.0,>=2.0.1
  Downloading azure_storage_blob-2.1.0-py2.py3-none-any.whl (88 kB)
Requirement already satisfied: setuptools>=41.0.0 in /usr/local/lib/python3.6/site-packages (from -r requirements.txt (line 18)) (49.6.0)
Collecting google-cloud-storage>=1.16.0
  Downloading google_cloud_storage-1.30.0-py2.py3-none-any.whl (86 kB)
Requirement already satisfied: prometheus_client<0.9.0,>=0.7.1 in /usr/local/lib/python3.6/site-packages (from -r requirements.txt (line 20)) (0.8.0)
Collecting black==19.10b0
  Downloading black-19.10b0-py36-none-any.whl (97 kB)
Collecting flake8==3.8.1
  Downloading flake8-3.8.1-py2.py3-none-any.whl (72 kB)
Collecting mypy<0.783
  Downloading mypy-0.782-cp36-cp36m-manylinux1_x86_64.whl (20.8 MB)
Requirement already satisfied: Pillow==7.2.0 in /usr/local/lib/python3.6/site-packages (from -r requirements-dev.txt (line 5)) (7.2.0)
Collecting pytest==5.4.2
  Downloading pytest-5.4.2-py3-none-any.whl (247 kB)
Collecting pytest-cov==2.10.1
  Downloading pytest_cov-2.10.1-py2.py3-none-any.whl (19 kB)
Collecting tox<4.0.0
  Downloading tox-3.19.0-py2.py3-none-any.whl (83 kB)
Requirement already satisfied: grpcio-tools==1.31.0 in /usr/local/lib/python3.6/site-packages (from -r requirements-dev.txt (line 9)) (1.31.0)
Collecting mypy-protobuf==1.22
  Downloading mypy_protobuf-1.22-py3-none-any.whl (7.5 kB)
Collecting tenacity==6.2.0
  Downloading tenacity-6.2.0-py2.py3-none-any.whl (24 kB)
Collecting coverage==5.2
  Downloading coverage-5.2-cp36-cp36m-manylinux1_x86_64.whl (229 kB)
Collecting pandas==1.1.0
  Downloading pandas-1.1.0-cp36-cp36m-manylinux1_x86_64.whl (10.5 MB)
Collecting pip-licenses==2.3.0
  Downloading pip_licenses-2.3.0-py3-none-any.whl (14 kB)
Requirement already satisfied: Werkzeug>=0.15 in /usr/local/lib/python3.6/site-packages (from Flask<2.0.0->-r requirements.txt (line 1)) (1.0.1)
Requirement already satisfied: Jinja2>=2.10.1 in /usr/local/lib/python3.6/site-packages (from Flask<2.0.0->-r requirements.txt (line 1)) (2.11.2)
Collecting click>=5.1
  Downloading click-7.1.2-py2.py3-none-any.whl (82 kB)
Collecting itsdangerous>=0.24
  Downloading itsdangerous-1.1.0-py2.py3-none-any.whl (16 kB)
Requirement already satisfied: pyrsistent>=0.14.0 in /usr/local/lib/python3.6/site-packages (from jsonschema<4.0.0->-r requirements.txt (line 2)) (0.16.0)
Requirement already satisfied: importlib-metadata; python_version < "3.8" in /usr/local/lib/python3.6/site-packages (from jsonschema<4.0.0->-r requirements.txt (line 2)) (1.7.0)
Requirement already satisfied: attrs>=17.4.0 in /usr/local/lib/python3.6/site-packages (from jsonschema<4.0.0->-r requirements.txt (line 2)) (20.1.0)
Requirement already satisfied: six>=1.11.0 in /usr/local/lib/python3.6/site-packages (from jsonschema<4.0.0->-r requirements.txt (line 2)) (1.15.0)
Requirement already satisfied: chardet<4,>=3.0.2 in /usr/local/lib/python3.6/site-packages (from requests<3.0.0->-r requirements.txt (line 5)) (3.0.4)
Requirement already satisfied: idna<3,>=2.5 in /usr/local/lib/python3.6/site-packages (from requests<3.0.0->-r requirements.txt (line 5)) (2.10)
Requirement already satisfied: urllib3!=1.25.0,!=1.25.1,<1.26,>=1.21.1 in /usr/local/lib/python3.6/site-packages (from requests<3.0.0->-r requirements.txt (line 5)) (1.25.10)
Requirement already satisfied: certifi>=2017.4.17 in /usr/local/lib/python3.6/site-packages (from requests<3.0.0->-r requirements.txt (line 5)) (2020.6.20)
Collecting threadloop<2,>=1
  Downloading threadloop-1.0.2.tar.gz (4.9 kB)
Collecting thrift
  Downloading thrift-0.13.0.tar.gz (59 kB)
Requirement already satisfied: tornado>=4.3 in /usr/local/lib/python3.6/site-packages (from jaeger-client<4.4.0,>=4.1.0->-r requirements.txt (line 12)) (6.0.4)
Requirement already satisfied: pytz in /usr/local/lib/python3.6/site-packages (from minio<6.0.0,>=4.0.9->-r requirements.txt (line 16)) (2020.1)
Requirement already satisfied: python-dateutil in /usr/local/lib/python3.6/site-packages (from minio<6.0.0,>=4.0.9->-r requirements.txt (line 16)) (2.8.1)
Collecting configparser
  Downloading configparser-5.0.0-py3-none-any.whl (22 kB)
Collecting azure-common>=1.1.5
  Downloading azure_common-1.1.25-py2.py3-none-any.whl (12 kB)
Collecting azure-storage-common~=2.1
  Downloading azure_storage_common-2.1.0-py2.py3-none-any.whl (47 kB)
Collecting google-auth<2.0dev,>=1.11.0
  Downloading google_auth-1.20.1-py2.py3-none-any.whl (91 kB)
Collecting google-resumable-media<2.0dev,>=0.6.0
  Downloading google_resumable_media-0.7.1-py2.py3-none-any.whl (42 kB)
Collecting google-cloud-core<2.0dev,>=1.2.0
  Downloading google_cloud_core-1.4.1-py2.py3-none-any.whl (26 kB)
Collecting typed-ast>=1.4.0
  Downloading typed_ast-1.4.1-cp36-cp36m-manylinux1_x86_64.whl (737 kB)
Collecting appdirs
  Downloading appdirs-1.4.4-py2.py3-none-any.whl (9.6 kB)
Collecting toml>=0.9.4
  Downloading toml-0.10.1-py2.py3-none-any.whl (19 kB)
Collecting regex
  Downloading regex-2020.7.14-cp36-cp36m-manylinux2010_x86_64.whl (660 kB)
Collecting pathspec<1,>=0.6
  Downloading pathspec-0.8.0-py2.py3-none-any.whl (28 kB)
Collecting pyflakes<2.3.0,>=2.2.0
  Downloading pyflakes-2.2.0-py2.py3-none-any.whl (66 kB)
Collecting mccabe<0.7.0,>=0.6.0
  Downloading mccabe-0.6.1-py2.py3-none-any.whl (8.6 kB)
Collecting pycodestyle<2.7.0,>=2.6.0a1
  Downloading pycodestyle-2.6.0-py2.py3-none-any.whl (41 kB)
Collecting mypy-extensions<0.5.0,>=0.4.3
  Downloading mypy_extensions-0.4.3-py2.py3-none-any.whl (4.5 kB)
Collecting typing-extensions>=3.7.4
  Downloading typing_extensions-3.7.4.3-py3-none-any.whl (22 kB)
Requirement already satisfied: pluggy<1.0,>=0.12 in /usr/local/lib/python3.6/site-packages (from pytest==5.4.2->-r requirements-dev.txt (line 6)) (0.13.1)
Requirement already satisfied: wcwidth in /usr/local/lib/python3.6/site-packages (from pytest==5.4.2->-r requirements-dev.txt (line 6)) (0.2.5)
Requirement already satisfied: more-itertools>=4.0.0 in /usr/local/lib/python3.6/site-packages (from pytest==5.4.2->-r requirements-dev.txt (line 6)) (8.4.0)
Requirement already satisfied: packaging in /usr/local/lib/python3.6/site-packages (from pytest==5.4.2->-r requirements-dev.txt (line 6)) (20.4)
Requirement already satisfied: py>=1.5.0 in /usr/local/lib/python3.6/site-packages (from pytest==5.4.2->-r requirements-dev.txt (line 6)) (1.9.0)
Collecting filelock>=3.0.0
  Downloading filelock-3.0.12-py3-none-any.whl (7.6 kB)
Collecting virtualenv!=20.0.0,!=20.0.1,!=20.0.2,!=20.0.3,!=20.0.4,!=20.0.5,!=20.0.6,!=20.0.7,>=16.0.0
  Downloading virtualenv-20.0.31-py2.py3-none-any.whl (4.9 MB)
Collecting PTable
  Downloading PTable-0.9.2.tar.gz (31 kB)
Requirement already satisfied: MarkupSafe>=0.23 in /usr/local/lib/python3.6/site-packages (from Jinja2>=2.10.1->Flask<2.0.0->-r requirements.txt (line 1)) (1.1.1)
Requirement already satisfied: zipp>=0.5 in /usr/local/lib/python3.6/site-packages (from importlib-metadata; python_version < "3.8"->jsonschema<4.0.0->-r requirements.txt (line 2)) (3.1.0)
Collecting cryptography
  Downloading cryptography-3.0-cp35-abi3-manylinux2010_x86_64.whl (2.7 MB)
Collecting cachetools<5.0,>=2.0.0
  Downloading cachetools-4.1.1-py3-none-any.whl (10 kB)
Collecting rsa<5,>=3.1.4; python_version >= "3.5"
  Downloading rsa-4.6-py3-none-any.whl (47 kB)
Collecting pyasn1-modules>=0.2.1
  Downloading pyasn1_modules-0.2.8-py2.py3-none-any.whl (155 kB)
Collecting google-crc32c<0.2dev,>=0.1.0; python_version >= "3.5"
  Downloading google_crc32c-0.1.0-cp36-cp36m-manylinux2010_x86_64.whl (39 kB)
Collecting google-api-core<2.0.0dev,>=1.19.0
  Downloading google_api_core-1.22.1-py2.py3-none-any.whl (91 kB)
Requirement already satisfied: pyparsing>=2.0.2 in /usr/local/lib/python3.6/site-packages (from packaging->pytest==5.4.2->-r requirements-dev.txt (line 6)) (2.4.7)
Collecting importlib-resources>=1.0; python_version < "3.7"
  Downloading importlib_resources-3.0.0-py2.py3-none-any.whl (23 kB)
Collecting distlib<1,>=0.3.1
  Downloading distlib-0.3.1-py2.py3-none-any.whl (335 kB)
Requirement already satisfied: cffi!=1.11.3,>=1.8 in /usr/local/lib/python3.6/site-packages (from cryptography->azure-storage-common~=2.1->azure-storage-blob<3.0.0,>=2.0.1->-r requirements.txt (line 17)) (1.14.2)
Collecting pyasn1>=0.1.3
  Downloading pyasn1-0.4.8-py2.py3-none-any.whl (77 kB)
Collecting googleapis-common-protos<2.0dev,>=1.6.0
  Downloading googleapis_common_protos-1.52.0-py2.py3-none-any.whl (100 kB)
Requirement already satisfied: pycparser in /usr/local/lib/python3.6/site-packages (from cffi!=1.11.3,>=1.8->cryptography->azure-storage-common~=2.1->azure-storage-blob<3.0.0,>=2.0.1->-r requirements.txt (line 17)) (2.20)
Building wheels for collected packages: Flask-OpenTracing, opentracing, jaeger-client, threadloop, thrift, PTable
  Building wheel for Flask-OpenTracing (setup.py): started
  Building wheel for Flask-OpenTracing (setup.py): finished with status 'done'
  Created wheel for Flask-OpenTracing: filename=Flask_OpenTracing-1.1.0-py3-none-any.whl size=9071 sha256=06473f1bb9a38512bb77582ee45c51a39d658da364e457e88ad07bf5fafa5a0a
  Stored in directory: /builder/home/.cache/pip/wheels/ad/4b/2d/24ff0da0a0b53c7c77ce59b843bcceaf644c88703241e59615
  Building wheel for opentracing (setup.py): started
  Building wheel for opentracing (setup.py): finished with status 'done'
  Created wheel for opentracing: filename=opentracing-2.3.0-py3-none-any.whl size=51346 sha256=62a593b665b0564e98abbfd7f4da3163f8178e19e8349a6548e3dd03c1cd4da8
  Stored in directory: /builder/home/.cache/pip/wheels/d4/53/31/bfca74f038fa9f83eb7de2131555b75ffa9bcbca18d23e5edf
  Building wheel for jaeger-client (setup.py): started
  Building wheel for jaeger-client (setup.py): finished with status 'done'
  Created wheel for jaeger-client: filename=jaeger_client-4.3.0-py3-none-any.whl size=64290 sha256=4bd38925e70358f46e44039a6e1136182da7011dd5cec394371d73befeb88dc3
  Stored in directory: /builder/home/.cache/pip/wheels/a8/37/30/d86c970966efbf6da89e8085db50f2be4cf36ca68513eff785
  Building wheel for threadloop (setup.py): started
  Building wheel for threadloop (setup.py): finished with status 'done'
  Created wheel for threadloop: filename=threadloop-1.0.2-py3-none-any.whl size=3425 sha256=b4e416ab900edc02d75e6040f1506df1bd75e80434d38a4353a3401660bed0f6
  Stored in directory: /builder/home/.cache/pip/wheels/02/54/65/9f87de48fe8fcaaee30f279973d946ad55f9df56b93b3e78da
  Building wheel for thrift (setup.py): started
  Building wheel for thrift (setup.py): finished with status 'done'
  Created wheel for thrift: filename=thrift-0.13.0-cp36-cp36m-linux_x86_64.whl size=483911 sha256=338bba0ba52b37cacf1e53661d7d31708bd1abb95957d5a3c3829ed33cf4f106
  Stored in directory: /builder/home/.cache/pip/wheels/e0/38/fc/472fe18756b177b42096961f8bd3ff2dc5c5620ac399fce52d
  Building wheel for PTable (setup.py): started
  Building wheel for PTable (setup.py): finished with status 'done'
  Created wheel for PTable: filename=PTable-0.9.2-py3-none-any.whl size=22907 sha256=effe7cd7346ff9cb04546ac34bd790204896ae5369baf6ac375587639a79e8d3
  Stored in directory: /builder/home/.cache/pip/wheels/f3/65/67/71f473ec87ea4554d1bdfb1b5128cfe1414c2b113b72a1ee8e
Successfully built Flask-OpenTracing opentracing jaeger-client threadloop thrift PTable
Installing collected packages: click, itsdangerous, Flask, Flask-cors, redis, flatbuffers, opentracing, Flask-OpenTracing, threadloop, thrift, jaeger-client, grpcio-opentracing, gunicorn, configparser, minio, azure-common, cryptography, azure-storage-common, azure-storage-blob, cachetools, pyasn1, rsa, pyasn1-modules, google-auth, google-crc32c, google-resumable-media, googleapis-common-protos, google-api-core, google-cloud-core, google-cloud-storage, typed-ast, appdirs, toml, regex, pathspec, black, pyflakes, mccabe, pycodestyle, flake8, mypy-extensions, typing-extensions, mypy, pytest, coverage, pytest-cov, filelock, importlib-resources, distlib, virtualenv, tox, mypy-protobuf, tenacity, pandas, PTable, pip-licenses, seldon-core
  Attempting uninstall: pytest
    Found existing installation: pytest 5.3.1
    Uninstalling pytest-5.3.1:
      Successfully uninstalled pytest-5.3.1
  Attempting uninstall: coverage
    Found existing installation: coverage 4.5.4
    Uninstalling coverage-4.5.4:
      Successfully uninstalled coverage-4.5.4
  Attempting uninstall: pytest-cov
    Found existing installation: pytest-cov 2.8.1
    Uninstalling pytest-cov-2.8.1:
      Successfully uninstalled pytest-cov-2.8.1
  Attempting uninstall: tenacity
    Found existing installation: tenacity 6.0.0
    Uninstalling tenacity-6.0.0:
      Successfully uninstalled tenacity-6.0.0
  Attempting uninstall: pandas
    Found existing installation: pandas 1.1.1
    Uninstalling pandas-1.1.1:
      Successfully uninstalled pandas-1.1.1
  Running setup.py develop for seldon-core
Successfully installed Flask-1.1.2 Flask-OpenTracing-1.1.0 Flask-cors-3.0.8 PTable-0.9.2 appdirs-1.4.4 azure-common-1.1.25 azure-storage-blob-2.1.0 azure-storage-common-2.1.0 black-19.10b0 cachetools-4.1.1 click-7.1.2 configparser-5.0.0 coverage-5.2 cryptography-3.0 distlib-0.3.1 filelock-3.0.12 flake8-3.8.1 flatbuffers-1.12 google-api-core-1.22.1 google-auth-1.20.1 google-cloud-core-1.4.1 google-cloud-storage-1.30.0 google-crc32c-0.1.0 google-resumable-media-0.7.1 googleapis-common-protos-1.52.0 grpcio-opentracing-1.1.4 gunicorn-20.0.4 importlib-resources-3.0.0 itsdangerous-1.1.0 jaeger-client-4.3.0 mccabe-0.6.1 minio-5.0.10 mypy-0.782 mypy-extensions-0.4.3 mypy-protobuf-1.22 opentracing-2.3.0 pandas-1.1.0 pathspec-0.8.0 pip-licenses-2.3.0 pyasn1-0.4.8 pyasn1-modules-0.2.8 pycodestyle-2.6.0 pyflakes-2.2.0 pytest-5.4.2 pytest-cov-2.10.1 redis-3.5.3 regex-2020.7.14 rsa-4.6 seldon-core tenacity-6.2.0 threadloop-1.0.2 thrift-0.13.0 toml-0.10.1 tox-3.19.0 typed-ast-1.4.1 typing-extensions-3.7.4.3 virtualenv-20.0.31
make: Leaving directory '/workspace/source/python'
cp ../../proto/prediction.proto ./proto
cd ../../proto/tensorflow && make create_protos
make[1]: Entering directory '/workspace/source/proto/tensorflow'
./create-protos.sh
Downloading proto files for master
make[1]: Leaving directory '/workspace/source/proto/tensorflow'
cp -vr ../../proto/tensorflow/tensorflow .
'../../proto/tensorflow/tensorflow' -> './tensorflow'
'../../proto/tensorflow/tensorflow/core' -> './tensorflow/core'
'../../proto/tensorflow/tensorflow/core/framework' -> './tensorflow/core/framework'
'../../proto/tensorflow/tensorflow/core/framework/types.proto' -> './tensorflow/core/framework/types.proto'
'../../proto/tensorflow/tensorflow/core/framework/resource_handle.proto' -> './tensorflow/core/framework/resource_handle.proto'
'../../proto/tensorflow/tensorflow/core/framework/tensor_shape.proto' -> './tensorflow/core/framework/tensor_shape.proto'
'../../proto/tensorflow/tensorflow/core/framework/tensor.proto' -> './tensorflow/core/framework/tensor.proto'
python -m grpc.tools.protoc -I. --python_out=. --grpc_python_out=. ./proto/prediction.proto
cd ../../notebooks && make build_protos
make[1]: Entering directory '/workspace/source/notebooks'
cd ../proto/tensorflow && make create_protos
make[2]: Entering directory '/workspace/source/proto/tensorflow'
make[2]: Nothing to be done for 'create_protos'.
make[2]: Leaving directory '/workspace/source/proto/tensorflow'
cp -vr ../proto/tensorflow/tensorflow .
'../proto/tensorflow/tensorflow' -> './tensorflow'
'../proto/tensorflow/tensorflow/core' -> './tensorflow/core'
'../proto/tensorflow/tensorflow/core/framework' -> './tensorflow/core/framework'
'../proto/tensorflow/tensorflow/core/framework/types.proto' -> './tensorflow/core/framework/types.proto'
'../proto/tensorflow/tensorflow/core/framework/resource_handle.proto' -> './tensorflow/core/framework/resource_handle.proto'
'../proto/tensorflow/tensorflow/core/framework/tensor_shape.proto' -> './tensorflow/core/framework/tensor_shape.proto'
'../proto/tensorflow/tensorflow/core/framework/tensor.proto' -> './tensorflow/core/framework/tensor.proto'
cp ../proto/prediction.proto ./proto
python -m grpc.tools.protoc -I. --python_out=. --grpc_python_out=. ./proto/prediction.proto
make[1]: Leaving directory '/workspace/source/notebooks'
cd ../../proto/k8s && make create_protos
make[1]: Entering directory '/workspace/source/proto/k8s'
./create-k8s-protos.sh
Downloading proto files for master
Munging proto file packages
sed -i.bak 's|import "k8s.io/apiextensions-apiserver/|//import "k8s.io/apiextensions-apiserver/|' k8s.io/api/core/v1/generated.proto
rm k8s.io/api/core/v1/generated.proto.bak
make[1]: Leaving directory '/workspace/source/proto/k8s'
pip install -r dev_requirements.txt
Collecting pytest==5.3.1
  Downloading pytest-5.3.1-py3-none-any.whl (233 kB)
Requirement already satisfied: pytest-xdist==1.30.0 in /usr/local/lib/python3.6/site-packages (from -r dev_requirements.txt (line 2)) (1.30.0)
Collecting pytest-cov==2.8.1
  Downloading pytest_cov-2.8.1-py2.py3-none-any.whl (18 kB)
Requirement already satisfied: flaky==3.6.1 in /usr/local/lib/python3.6/site-packages (from -r dev_requirements.txt (line 4)) (3.6.1)
Collecting tenacity==6.0.0
  Downloading tenacity-6.0.0-py2.py3-none-any.whl (24 kB)
Requirement already satisfied: sh==1.13.1 in /usr/local/lib/python3.6/site-packages (from -r dev_requirements.txt (line 6)) (1.13.1)
Requirement already satisfied: ipython==7.13.0 in /usr/local/lib/python3.6/site-packages (from -r dev_requirements.txt (line 9)) (7.13.0)
Requirement already satisfied: nbconvert==5.6.1 in /usr/local/lib/python3.6/site-packages (from -r dev_requirements.txt (line 10)) (5.6.1)
Requirement already satisfied: alibi==0.3.2 in /usr/local/lib/python3.6/site-packages (from -r dev_requirements.txt (line 11)) (0.3.2)
Requirement already satisfied: matplotlib==3.1.3 in /usr/local/lib/python3.6/site-packages (from -r dev_requirements.txt (line 12)) (3.1.3)
Requirement already satisfied: tensorflow==1.15.2 in /usr/local/lib/python3.6/site-packages (from -r dev_requirements.txt (line 13)) (1.15.2)
Collecting coverage==4.5.4
  Downloading coverage-4.5.4-cp36-cp36m-manylinux1_x86_64.whl (205 kB)
Requirement already satisfied: attrs>=17.4.0 in /usr/local/lib/python3.6/site-packages (from pytest==5.3.1->-r dev_requirements.txt (line 1)) (20.1.0)
Requirement already satisfied: py>=1.5.0 in /usr/local/lib/python3.6/site-packages (from pytest==5.3.1->-r dev_requirements.txt (line 1)) (1.9.0)
Requirement already satisfied: pluggy<1.0,>=0.12 in /usr/local/lib/python3.6/site-packages (from pytest==5.3.1->-r dev_requirements.txt (line 1)) (0.13.1)
Requirement already satisfied: packaging in /usr/local/lib/python3.6/site-packages (from pytest==5.3.1->-r dev_requirements.txt (line 1)) (20.4)
Requirement already satisfied: wcwidth in /usr/local/lib/python3.6/site-packages (from pytest==5.3.1->-r dev_requirements.txt (line 1)) (0.2.5)
Requirement already satisfied: more-itertools>=4.0.0 in /usr/local/lib/python3.6/site-packages (from pytest==5.3.1->-r dev_requirements.txt (line 1)) (8.4.0)
Requirement already satisfied: importlib-metadata>=0.12; python_version < "3.8" in /usr/local/lib/python3.6/site-packages (from pytest==5.3.1->-r dev_requirements.txt (line 1)) (1.7.0)
Requirement already satisfied: six in /usr/local/lib/python3.6/site-packages (from pytest-xdist==1.30.0->-r dev_requirements.txt (line 2)) (1.15.0)
Requirement already satisfied: pytest-forked in /usr/local/lib/python3.6/site-packages (from pytest-xdist==1.30.0->-r dev_requirements.txt (line 2)) (1.3.0)
Requirement already satisfied: execnet>=1.1 in /usr/local/lib/python3.6/site-packages (from pytest-xdist==1.30.0->-r dev_requirements.txt (line 2)) (1.7.1)
Requirement already satisfied: prompt-toolkit!=3.0.0,!=3.0.1,<3.1.0,>=2.0.0 in /usr/local/lib/python3.6/site-packages (from ipython==7.13.0->-r dev_requirements.txt (line 9)) (3.0.6)
Requirement already satisfied: jedi>=0.10 in /usr/local/lib/python3.6/site-packages (from ipython==7.13.0->-r dev_requirements.txt (line 9)) (0.17.2)
Requirement already satisfied: backcall in /usr/local/lib/python3.6/site-packages (from ipython==7.13.0->-r dev_requirements.txt (line 9)) (0.2.0)
Requirement already satisfied: decorator in /usr/local/lib/python3.6/site-packages (from ipython==7.13.0->-r dev_requirements.txt (line 9)) (4.4.2)
Requirement already satisfied: setuptools>=18.5 in /usr/local/lib/python3.6/site-packages (from ipython==7.13.0->-r dev_requirements.txt (line 9)) (49.6.0)
Requirement already satisfied: pickleshare in /usr/local/lib/python3.6/site-packages (from ipython==7.13.0->-r dev_requirements.txt (line 9)) (0.7.5)
Requirement already satisfied: pexpect; sys_platform != "win32" in /usr/local/lib/python3.6/site-packages (from ipython==7.13.0->-r dev_requirements.txt (line 9)) (4.8.0)
Requirement already satisfied: traitlets>=4.2 in /usr/local/lib/python3.6/site-packages (from ipython==7.13.0->-r dev_requirements.txt (line 9)) (4.3.3)
Requirement already satisfied: pygments in /usr/local/lib/python3.6/site-packages (from ipython==7.13.0->-r dev_requirements.txt (line 9)) (2.6.1)
Requirement already satisfied: bleach in /usr/local/lib/python3.6/site-packages (from nbconvert==5.6.1->-r dev_requirements.txt (line 10)) (3.1.5)
Requirement already satisfied: nbformat>=4.4 in /usr/local/lib/python3.6/site-packages (from nbconvert==5.6.1->-r dev_requirements.txt (line 10)) (5.0.7)
Requirement already satisfied: entrypoints>=0.2.2 in /usr/local/lib/python3.6/site-packages (from nbconvert==5.6.1->-r dev_requirements.txt (line 10)) (0.3)
Requirement already satisfied: mistune<2,>=0.8.1 in /usr/local/lib/python3.6/site-packages (from nbconvert==5.6.1->-r dev_requirements.txt (line 10)) (0.8.4)
Requirement already satisfied: testpath in /usr/local/lib/python3.6/site-packages (from nbconvert==5.6.1->-r dev_requirements.txt (line 10)) (0.4.4)
Requirement already satisfied: jupyter-core in /usr/local/lib/python3.6/site-packages (from nbconvert==5.6.1->-r dev_requirements.txt (line 10)) (4.6.3)
Requirement already satisfied: jinja2>=2.4 in /usr/local/lib/python3.6/site-packages (from nbconvert==5.6.1->-r dev_requirements.txt (line 10)) (2.11.2)
Requirement already satisfied: pandocfilters>=1.4.1 in /usr/local/lib/python3.6/site-packages (from nbconvert==5.6.1->-r dev_requirements.txt (line 10)) (1.4.2)
Requirement already satisfied: defusedxml in /usr/local/lib/python3.6/site-packages (from nbconvert==5.6.1->-r dev_requirements.txt (line 10)) (0.6.0)
Requirement already satisfied: scikit-learn in /usr/local/lib/python3.6/site-packages (from alibi==0.3.2->-r dev_requirements.txt (line 11)) (0.23.2)
Requirement already satisfied: scikit-image in /usr/local/lib/python3.6/site-packages (from alibi==0.3.2->-r dev_requirements.txt (line 11)) (0.17.2)
Requirement already satisfied: numpy in /usr/local/lib/python3.6/site-packages (from alibi==0.3.2->-r dev_requirements.txt (line 11)) (1.19.1)
Requirement already satisfied: spacy in /usr/local/lib/python3.6/site-packages (from alibi==0.3.2->-r dev_requirements.txt (line 11)) (2.3.2)
Requirement already satisfied: requests in /usr/local/lib/python3.6/site-packages (from alibi==0.3.2->-r dev_requirements.txt (line 11)) (2.24.0)
Requirement already satisfied: beautifulsoup4 in /usr/local/lib/python3.6/site-packages (from alibi==0.3.2->-r dev_requirements.txt (line 11)) (4.9.1)
Requirement already satisfied: pandas in /usr/local/lib/python3.6/site-packages (from alibi==0.3.2->-r dev_requirements.txt (line 11)) (1.1.0)
Requirement already satisfied: Pillow in /usr/local/lib/python3.6/site-packages (from alibi==0.3.2->-r dev_requirements.txt (line 11)) (7.2.0)
Requirement already satisfied: cycler>=0.10 in /usr/local/lib/python3.6/site-packages (from matplotlib==3.1.3->-r dev_requirements.txt (line 12)) (0.10.0)
Requirement already satisfied: kiwisolver>=1.0.1 in /usr/local/lib/python3.6/site-packages (from matplotlib==3.1.3->-r dev_requirements.txt (line 12)) (1.2.0)
Requirement already satisfied: pyparsing!=2.0.4,!=2.1.2,!=2.1.6,>=2.0.1 in /usr/local/lib/python3.6/site-packages (from matplotlib==3.1.3->-r dev_requirements.txt (line 12)) (2.4.7)
Requirement already satisfied: python-dateutil>=2.1 in /usr/local/lib/python3.6/site-packages (from matplotlib==3.1.3->-r dev_requirements.txt (line 12)) (2.8.1)
Requirement already satisfied: opt-einsum>=2.3.2 in /usr/local/lib/python3.6/site-packages (from tensorflow==1.15.2->-r dev_requirements.txt (line 13)) (3.3.0)
Requirement already satisfied: tensorboard<1.16.0,>=1.15.0 in /usr/local/lib/python3.6/site-packages (from tensorflow==1.15.2->-r dev_requirements.txt (line 13)) (1.15.0)
Requirement already satisfied: termcolor>=1.1.0 in /usr/local/lib/python3.6/site-packages (from tensorflow==1.15.2->-r dev_requirements.txt (line 13)) (1.1.0)
Requirement already satisfied: wrapt>=1.11.1 in /usr/local/lib/python3.6/site-packages (from tensorflow==1.15.2->-r dev_requirements.txt (line 13)) (1.12.1)
Requirement already satisfied: gast==0.2.2 in /usr/local/lib/python3.6/site-packages (from tensorflow==1.15.2->-r dev_requirements.txt (line 13)) (0.2.2)
Requirement already satisfied: google-pasta>=0.1.6 in /usr/local/lib/python3.6/site-packages (from tensorflow==1.15.2->-r dev_requirements.txt (line 13)) (0.2.0)
Requirement already satisfied: tensorflow-estimator==1.15.1 in /usr/local/lib/python3.6/site-packages (from tensorflow==1.15.2->-r dev_requirements.txt (line 13)) (1.15.1)
Requirement already satisfied: grpcio>=1.8.6 in /usr/local/lib/python3.6/site-packages (from tensorflow==1.15.2->-r dev_requirements.txt (line 13)) (1.31.0)
Requirement already satisfied: astor>=0.6.0 in /usr/local/lib/python3.6/site-packages (from tensorflow==1.15.2->-r dev_requirements.txt (line 13)) (0.8.1)
Requirement already satisfied: protobuf>=3.6.1 in /usr/local/lib/python3.6/site-packages (from tensorflow==1.15.2->-r dev_requirements.txt (line 13)) (3.13.0)
Requirement already satisfied: keras-preprocessing>=1.0.5 in /usr/local/lib/python3.6/site-packages (from tensorflow==1.15.2->-r dev_requirements.txt (line 13)) (1.1.2)
Requirement already satisfied: keras-applications>=1.0.8 in /usr/local/lib/python3.6/site-packages (from tensorflow==1.15.2->-r dev_requirements.txt (line 13)) (1.0.8)
Requirement already satisfied: wheel>=0.26; python_version >= "3" in /usr/local/lib/python3.6/site-packages (from tensorflow==1.15.2->-r dev_requirements.txt (line 13)) (0.35.1)
Requirement already satisfied: absl-py>=0.7.0 in /usr/local/lib/python3.6/site-packages (from tensorflow==1.15.2->-r dev_requirements.txt (line 13)) (0.10.0)
Requirement already satisfied: zipp>=0.5 in /usr/local/lib/python3.6/site-packages (from importlib-metadata>=0.12; python_version < "3.8"->pytest==5.3.1->-r dev_requirements.txt (line 1)) (3.1.0)
Requirement already satisfied: apipkg>=1.4 in /usr/local/lib/python3.6/site-packages (from execnet>=1.1->pytest-xdist==1.30.0->-r dev_requirements.txt (line 2)) (1.5)
Requirement already satisfied: parso<0.8.0,>=0.7.0 in /usr/local/lib/python3.6/site-packages (from jedi>=0.10->ipython==7.13.0->-r dev_requirements.txt (line 9)) (0.7.1)
Requirement already satisfied: ptyprocess>=0.5 in /usr/local/lib/python3.6/site-packages (from pexpect; sys_platform != "win32"->ipython==7.13.0->-r dev_requirements.txt (line 9)) (0.6.0)
Requirement already satisfied: ipython-genutils in /usr/local/lib/python3.6/site-packages (from traitlets>=4.2->ipython==7.13.0->-r dev_requirements.txt (line 9)) (0.2.0)
Requirement already satisfied: webencodings in /usr/local/lib/python3.6/site-packages (from bleach->nbconvert==5.6.1->-r dev_requirements.txt (line 10)) (0.5.1)
Requirement already satisfied: jsonschema!=2.5.0,>=2.4 in /usr/local/lib/python3.6/site-packages (from nbformat>=4.4->nbconvert==5.6.1->-r dev_requirements.txt (line 10)) (3.2.0)
Requirement already satisfied: MarkupSafe>=0.23 in /usr/local/lib/python3.6/site-packages (from jinja2>=2.4->nbconvert==5.6.1->-r dev_requirements.txt (line 10)) (1.1.1)
Requirement already satisfied: threadpoolctl>=2.0.0 in /usr/local/lib/python3.6/site-packages (from scikit-learn->alibi==0.3.2->-r dev_requirements.txt (line 11)) (2.1.0)
Requirement already satisfied: joblib>=0.11 in /usr/local/lib/python3.6/site-packages (from scikit-learn->alibi==0.3.2->-r dev_requirements.txt (line 11)) (0.16.0)
Requirement already satisfied: scipy>=0.19.1 in /usr/local/lib/python3.6/site-packages (from scikit-learn->alibi==0.3.2->-r dev_requirements.txt (line 11)) (1.5.2)
Requirement already satisfied: imageio>=2.3.0 in /usr/local/lib/python3.6/site-packages (from scikit-image->alibi==0.3.2->-r dev_requirements.txt (line 11)) (2.9.0)
Requirement already satisfied: PyWavelets>=1.1.1 in /usr/local/lib/python3.6/site-packages (from scikit-image->alibi==0.3.2->-r dev_requirements.txt (line 11)) (1.1.1)
Requirement already satisfied: networkx>=2.0 in /usr/local/lib/python3.6/site-packages (from scikit-image->alibi==0.3.2->-r dev_requirements.txt (line 11)) (2.5)
Requirement already satisfied: tifffile>=2019.7.26 in /usr/local/lib/python3.6/site-packages (from scikit-image->alibi==0.3.2->-r dev_requirements.txt (line 11)) (2020.8.13)
Requirement already satisfied: blis<0.5.0,>=0.4.0 in /usr/local/lib/python3.6/site-packages (from spacy->alibi==0.3.2->-r dev_requirements.txt (line 11)) (0.4.1)
Requirement already satisfied: preshed<3.1.0,>=3.0.2 in /usr/local/lib/python3.6/site-packages (from spacy->alibi==0.3.2->-r dev_requirements.txt (line 11)) (3.0.2)
Requirement already satisfied: cymem<2.1.0,>=2.0.2 in /usr/local/lib/python3.6/site-packages (from spacy->alibi==0.3.2->-r dev_requirements.txt (line 11)) (2.0.3)
Requirement already satisfied: srsly<1.1.0,>=1.0.2 in /usr/local/lib/python3.6/site-packages (from spacy->alibi==0.3.2->-r dev_requirements.txt (line 11)) (1.0.2)
Requirement already satisfied: thinc==7.4.1 in /usr/local/lib/python3.6/site-packages (from spacy->alibi==0.3.2->-r dev_requirements.txt (line 11)) (7.4.1)
Requirement already satisfied: wasabi<1.1.0,>=0.4.0 in /usr/local/lib/python3.6/site-packages (from spacy->alibi==0.3.2->-r dev_requirements.txt (line 11)) (0.7.1)
Requirement already satisfied: plac<1.2.0,>=0.9.6 in /usr/local/lib/python3.6/site-packages (from spacy->alibi==0.3.2->-r dev_requirements.txt (line 11)) (1.1.3)
Requirement already satisfied: catalogue<1.1.0,>=0.0.7 in /usr/local/lib/python3.6/site-packages (from spacy->alibi==0.3.2->-r dev_requirements.txt (line 11)) (1.0.0)
Requirement already satisfied: murmurhash<1.1.0,>=0.28.0 in /usr/local/lib/python3.6/site-packages (from spacy->alibi==0.3.2->-r dev_requirements.txt (line 11)) (1.0.2)
Requirement already satisfied: tqdm<5.0.0,>=4.38.0 in /usr/local/lib/python3.6/site-packages (from spacy->alibi==0.3.2->-r dev_requirements.txt (line 11)) (4.48.2)
Requirement already satisfied: chardet<4,>=3.0.2 in /usr/local/lib/python3.6/site-packages (from requests->alibi==0.3.2->-r dev_requirements.txt (line 11)) (3.0.4)
Requirement already satisfied: idna<3,>=2.5 in /usr/local/lib/python3.6/site-packages (from requests->alibi==0.3.2->-r dev_requirements.txt (line 11)) (2.10)
Requirement already satisfied: urllib3!=1.25.0,!=1.25.1,<1.26,>=1.21.1 in /usr/local/lib/python3.6/site-packages (from requests->alibi==0.3.2->-r dev_requirements.txt (line 11)) (1.25.10)
Requirement already satisfied: certifi>=2017.4.17 in /usr/local/lib/python3.6/site-packages (from requests->alibi==0.3.2->-r dev_requirements.txt (line 11)) (2020.6.20)
Requirement already satisfied: soupsieve>1.2 in /usr/local/lib/python3.6/site-packages (from beautifulsoup4->alibi==0.3.2->-r dev_requirements.txt (line 11)) (2.0.1)
Requirement already satisfied: pytz>=2017.2 in /usr/local/lib/python3.6/site-packages (from pandas->alibi==0.3.2->-r dev_requirements.txt (line 11)) (2020.1)
Requirement already satisfied: werkzeug>=0.11.15 in /usr/local/lib/python3.6/site-packages (from tensorboard<1.16.0,>=1.15.0->tensorflow==1.15.2->-r dev_requirements.txt (line 13)) (1.0.1)
Requirement already satisfied: markdown>=2.6.8 in /usr/local/lib/python3.6/site-packages (from tensorboard<1.16.0,>=1.15.0->tensorflow==1.15.2->-r dev_requirements.txt (line 13)) (3.2.2)
Requirement already satisfied: h5py in /usr/local/lib/python3.6/site-packages (from keras-applications>=1.0.8->tensorflow==1.15.2->-r dev_requirements.txt (line 13)) (2.10.0)
Requirement already satisfied: pyrsistent>=0.14.0 in /usr/local/lib/python3.6/site-packages (from jsonschema!=2.5.0,>=2.4->nbformat>=4.4->nbconvert==5.6.1->-r dev_requirements.txt (line 10)) (0.16.0)
Installing collected packages: pytest, coverage, pytest-cov, tenacity
  Attempting uninstall: pytest
    Found existing installation: pytest 5.4.2
    Uninstalling pytest-5.4.2:
      Successfully uninstalled pytest-5.4.2
  Attempting uninstall: coverage
    Found existing installation: coverage 5.2
    Uninstalling coverage-5.2:
      Successfully uninstalled coverage-5.2
  Attempting uninstall: pytest-cov
    Found existing installation: pytest-cov 2.10.1
    Uninstalling pytest-cov-2.10.1:
      Successfully uninstalled pytest-cov-2.10.1
  Attempting uninstall: tenacity
    Found existing installation: tenacity 6.2.0
    Uninstalling tenacity-6.2.0:
      Successfully uninstalled tenacity-6.2.0
Successfully installed coverage-4.5.4 pytest-5.3.1 pytest-cov-2.8.1 tenacity-6.0.0
pip install -e ../../python
Obtaining file:///workspace/source/python
Requirement already satisfied: Flask<2.0.0 in /usr/local/lib/python3.6/site-packages (from seldon-core==1.2.3.dev0) (1.1.2)
Requirement already satisfied: jsonschema<4.0.0 in /usr/local/lib/python3.6/site-packages (from seldon-core==1.2.3.dev0) (3.2.0)
Requirement already satisfied: Flask-cors<4.0.0 in /usr/local/lib/python3.6/site-packages (from seldon-core==1.2.3.dev0) (3.0.8)
Requirement already satisfied: redis<4.0.0 in /usr/local/lib/python3.6/site-packages (from seldon-core==1.2.3.dev0) (3.5.3)
Requirement already satisfied: requests<3.0.0 in /usr/local/lib/python3.6/site-packages (from seldon-core==1.2.3.dev0) (2.24.0)
Requirement already satisfied: numpy<2.0.0 in /usr/local/lib/python3.6/site-packages (from seldon-core==1.2.3.dev0) (1.19.1)
Requirement already satisfied: flatbuffers<2.0.0 in /usr/local/lib/python3.6/site-packages (from seldon-core==1.2.3.dev0) (1.12)
Requirement already satisfied: protobuf<4.0.0 in /usr/local/lib/python3.6/site-packages (from seldon-core==1.2.3.dev0) (3.13.0)
Requirement already satisfied: grpcio<2.0.0 in /usr/local/lib/python3.6/site-packages (from seldon-core==1.2.3.dev0) (1.31.0)
Requirement already satisfied: Flask-OpenTracing<1.2.0,>=1.1.0 in /usr/local/lib/python3.6/site-packages (from seldon-core==1.2.3.dev0) (1.1.0)
Requirement already satisfied: opentracing<2.4.0,>=2.2.0 in /usr/local/lib/python3.6/site-packages (from seldon-core==1.2.3.dev0) (2.3.0)
Requirement already satisfied: jaeger-client<4.4.0,>=4.1.0 in /usr/local/lib/python3.6/site-packages (from seldon-core==1.2.3.dev0) (4.3.0)
Requirement already satisfied: grpcio-opentracing<1.2.0,>=1.1.4 in /usr/local/lib/python3.6/site-packages (from seldon-core==1.2.3.dev0) (1.1.4)
Requirement already satisfied: PyYAML<5.4 in /usr/local/lib/python3.6/site-packages (from seldon-core==1.2.3.dev0) (5.3.1)
Requirement already satisfied: gunicorn<20.1.0,>=19.9.0 in /usr/local/lib/python3.6/site-packages (from seldon-core==1.2.3.dev0) (20.0.4)
Requirement already satisfied: minio<6.0.0,>=4.0.9 in /usr/local/lib/python3.6/site-packages (from seldon-core==1.2.3.dev0) (5.0.10)
Requirement already satisfied: setuptools>=41.0.0 in /usr/local/lib/python3.6/site-packages (from seldon-core==1.2.3.dev0) (49.6.0)
Requirement already satisfied: prometheus_client<0.9.0,>=0.7.1 in /usr/local/lib/python3.6/site-packages (from seldon-core==1.2.3.dev0) (0.8.0)
Requirement already satisfied: itsdangerous>=0.24 in /usr/local/lib/python3.6/site-packages (from Flask<2.0.0->seldon-core==1.2.3.dev0) (1.1.0)
Requirement already satisfied: Jinja2>=2.10.1 in /usr/local/lib/python3.6/site-packages (from Flask<2.0.0->seldon-core==1.2.3.dev0) (2.11.2)
Requirement already satisfied: click>=5.1 in /usr/local/lib/python3.6/site-packages (from Flask<2.0.0->seldon-core==1.2.3.dev0) (7.1.2)
Requirement already satisfied: Werkzeug>=0.15 in /usr/local/lib/python3.6/site-packages (from Flask<2.0.0->seldon-core==1.2.3.dev0) (1.0.1)
Requirement already satisfied: importlib-metadata; python_version < "3.8" in /usr/local/lib/python3.6/site-packages (from jsonschema<4.0.0->seldon-core==1.2.3.dev0) (1.7.0)
Requirement already satisfied: six>=1.11.0 in /usr/local/lib/python3.6/site-packages (from jsonschema<4.0.0->seldon-core==1.2.3.dev0) (1.15.0)
Requirement already satisfied: attrs>=17.4.0 in /usr/local/lib/python3.6/site-packages (from jsonschema<4.0.0->seldon-core==1.2.3.dev0) (20.1.0)
Requirement already satisfied: pyrsistent>=0.14.0 in /usr/local/lib/python3.6/site-packages (from jsonschema<4.0.0->seldon-core==1.2.3.dev0) (0.16.0)
Requirement already satisfied: certifi>=2017.4.17 in /usr/local/lib/python3.6/site-packages (from requests<3.0.0->seldon-core==1.2.3.dev0) (2020.6.20)
Requirement already satisfied: urllib3!=1.25.0,!=1.25.1,<1.26,>=1.21.1 in /usr/local/lib/python3.6/site-packages (from requests<3.0.0->seldon-core==1.2.3.dev0) (1.25.10)
Requirement already satisfied: chardet<4,>=3.0.2 in /usr/local/lib/python3.6/site-packages (from requests<3.0.0->seldon-core==1.2.3.dev0) (3.0.4)
Requirement already satisfied: idna<3,>=2.5 in /usr/local/lib/python3.6/site-packages (from requests<3.0.0->seldon-core==1.2.3.dev0) (2.10)
Requirement already satisfied: tornado>=4.3 in /usr/local/lib/python3.6/site-packages (from jaeger-client<4.4.0,>=4.1.0->seldon-core==1.2.3.dev0) (6.0.4)
Requirement already satisfied: threadloop<2,>=1 in /usr/local/lib/python3.6/site-packages (from jaeger-client<4.4.0,>=4.1.0->seldon-core==1.2.3.dev0) (1.0.2)
Requirement already satisfied: thrift in /usr/local/lib/python3.6/site-packages (from jaeger-client<4.4.0,>=4.1.0->seldon-core==1.2.3.dev0) (0.13.0)
Requirement already satisfied: python-dateutil in /usr/local/lib/python3.6/site-packages (from minio<6.0.0,>=4.0.9->seldon-core==1.2.3.dev0) (2.8.1)
Requirement already satisfied: pytz in /usr/local/lib/python3.6/site-packages (from minio<6.0.0,>=4.0.9->seldon-core==1.2.3.dev0) (2020.1)
Requirement already satisfied: configparser in /usr/local/lib/python3.6/site-packages (from minio<6.0.0,>=4.0.9->seldon-core==1.2.3.dev0) (5.0.0)
Requirement already satisfied: MarkupSafe>=0.23 in /usr/local/lib/python3.6/site-packages (from Jinja2>=2.10.1->Flask<2.0.0->seldon-core==1.2.3.dev0) (1.1.1)
Requirement already satisfied: zipp>=0.5 in /usr/local/lib/python3.6/site-packages (from importlib-metadata; python_version < "3.8"->jsonschema<4.0.0->seldon-core==1.2.3.dev0) (3.1.0)
Installing collected packages: seldon-core
  Attempting uninstall: seldon-core
    Found existing installation: seldon-core 1.2.3.dev0
    Uninstalling seldon-core-1.2.3.dev0:
      Successfully uninstalled seldon-core-1.2.3.dev0
  Running setup.py develop for seldon-core
Successfully installed seldon-core
# Run the core tests in parallel
pytest \
	--verbose \
	-s \
	-W ignore \
	-n "4" \
	-m "not sequential and not notebooks" 2>&1
============================= test session starts ==============================
platform linux -- Python 3.6.10, pytest-5.3.1, py-1.9.0, pluggy-0.13.1 -- /usr/local/bin/python
cachedir: .pytest_cache
rootdir: /workspace/source/testing/scripts, inifile: setup.cfg
plugins: cov-2.8.1, xdist-1.30.0, flaky-3.6.1, forked-1.3.0
gw0 I / gw1 I / gw2 I / gw3 I
[gw0] linux Python 3.6.10 cwd: /workspace/source/testing/scripts
[gw1] linux Python 3.6.10 cwd: /workspace/source/testing/scripts
[gw2] linux Python 3.6.10 cwd: /workspace/source/testing/scripts
[gw3] linux Python 3.6.10 cwd: /workspace/source/testing/scripts
[gw1] Python 3.6.10 (default, Aug 24 2020, 09:23:46)  -- [GCC 8.3.0]
[gw0] Python 3.6.10 (default, Aug 24 2020, 09:23:46)  -- [GCC 8.3.0]
[gw2] Python 3.6.10 (default, Aug 24 2020, 09:23:46)  -- [GCC 8.3.0]
[gw3] Python 3.6.10 (default, Aug 24 2020, 09:23:46)  -- [GCC 8.3.0]
gw0 [33] / gw1 [33] / gw2 [33] / gw3 [33]

scheduling tests via LoadScheduling

test_api_version.py::test_api_version[machinelearning.seldon.io/v1] 
test_api_version.py::test_api_version[machinelearning.seldon.io/v1alpha2] 
test_bad_graphs.py::TestBadGraphs::test_duplicate_predictor_name 
test_api_version.py::test_api_version[machinelearning.seldon.io/v1alpha3] Error from server (SeldonDeployment.machinelearing.seldon.io "dupname" is invalid: [spec.predictors[1]: Invalid value: "mymodel": Duplicate predictor name, spec: Invalid value: "mymodel": Traffic must sum to 100 for multiple predictors]): error when creating "../resources/bad_duplicate_predictor_name.json": admission webhook "v1alpha2.vseldondeployment.kb.io" denied the request: SeldonDeployment.machinelearing.seldon.io "dupname" is invalid: [spec.predictors[1]: Invalid value: "mymodel": Duplicate predictor name, spec: Invalid value: "mymodel": Traffic must sum to 100 for multiple predictors]

[gw3] PASSED test_bad_graphs.py::TestBadGraphs::test_duplicate_predictor_name 
test_helm_charts_clusterwide.py::TestClusterWide::test_single_model Error: uninstall: Release not loaded: mymodel: release: not found

[gw3] PASSED test_helm_charts_clusterwide.py::TestClusterWide::test_single_model Error: uninstall: Release not loaded: mymodel: release: not found

[gw0] PASSED test_api_version.py::test_api_version[machinelearning.seldon.io/v1alpha3] Error: uninstall: Release not loaded: mymodel: release: not found

[gw2] PASSED test_api_version.py::test_api_version[machinelearning.seldon.io/v1] Error: uninstall: Release not loaded: mymodel: release: not found

[gw1] PASSED test_api_version.py::test_api_version[machinelearning.seldon.io/v1alpha2] 
test_batch_processor.py::TestBatchWorker::test_batch_worker 
test_helm_charts_clusterwide.py::TestClusterWide::test_abtest_model 
test_bad_graphs.py::TestBadGraphs::test_model_name_mismatch Error from server (SeldonDeployment.machinelearing.seldon.io "namemismatch" is invalid: spec.predictors[0].graph: Invalid value: "complex-model_bad_name": Can't find container for Predictive Unit): error when creating "../resources/bad_name_mismatch.json": admission webhook "v1alpha2.vseldondeployment.kb.io" denied the request: SeldonDeployment.machinelearing.seldon.io "namemismatch" is invalid: spec.predictors[0].graph: Invalid value: "complex-model_bad_name": Can't find container for Predictive Unit

[gw1] PASSED test_bad_graphs.py::TestBadGraphs::test_model_name_mismatch 
test_local_operators.py::TestLocalOperators::test_labelled_operator 
test_bad_graphs.py::TestBadGraphs::test_model_no_graph Error from server (SeldonDeployment.machinelearing.seldon.io "test-deployment" is invalid: spec.predictors[0].graph: Invalid value: "": Can't find container for Predictive Unit): error when creating "../resources/bad_no_graph.yaml": admission webhook "v1.vseldondeployment.kb.io" denied the request: SeldonDeployment.machinelearing.seldon.io "test-deployment" is invalid: spec.predictors[0].graph: Invalid value: "": Can't find container for Predictive Unit

[gw0] PASSED test_bad_graphs.py::TestBadGraphs::test_model_no_graph 
test_prepackaged_servers.py::TestPrepack::test_tfserving Error from server (InternalError): error when creating "../resources/model_controller_id.yaml": Internal error occurred: failed calling webhook "v1alpha2.mseldondeployment.kb.io": Post https://seldon-webhook-service.test-labelled-operator.svc:443/mutate-machinelearning-seldon-io-v1alpha2-seldondeployment?timeout=30s: dial tcp 10.98.140.208:443: connect: connection refused
Error from server (InternalError): error when creating "../resources/model_controller_id.yaml": Internal error occurred: failed calling webhook "v1alpha2.mseldondeployment.kb.io": Post https://seldon-webhook-service.test-labelled-operator.svc:443/mutate-machinelearning-seldon-io-v1alpha2-seldondeployment?timeout=30s: dial tcp 10.98.140.208:443: connect: connection refused
Error from server (InternalError): error when creating "../resources/model_controller_id.yaml": Internal error occurred: failed calling webhook "v1alpha2.mseldondeployment.kb.io": Post https://seldon-webhook-service.test-labelled-operator.svc:443/mutate-machinelearning-seldon-io-v1alpha2-seldondeployment?timeout=30s: dial tcp 10.98.140.208:443: connect: connection refused
Error from server (InternalError): error when creating "../resources/model_controller_id.yaml": Internal error occurred: failed calling webhook "v1alpha2.mseldondeployment.kb.io": Post https://seldon-webhook-service.test-labelled-operator.svc:443/mutate-machinelearning-seldon-io-v1alpha2-seldondeployment?timeout=30s: dial tcp 10.98.140.208:443: connect: connection refused

[gw1] PASSED test_local_operators.py::TestLocalOperators::test_labelled_operator 
test_prepackaged_servers.py::TestPrepack::test_sklearn Error: uninstall: Release not loaded: myabtest: release: not found

[gw3] PASSED test_helm_charts_clusterwide.py::TestClusterWide::test_abtest_model 
test_helm_charts_clusterwide.py::TestClusterWide::test_mab_model 
[gw1] PASSED test_prepackaged_servers.py::TestPrepack::test_sklearn 
[gw2] PASSED test_batch_processor.py::TestBatchWorker::test_batch_worker 
[gw0] PASSED test_prepackaged_servers.py::TestPrepack::test_tfserving 
test_prepackaged_servers.py::TestPrepack::test_mlflow 
test_local_operators.py::TestLocalOperators::test_namespace_operator Error: uninstall: Release not loaded: mymab: release: not found

[gw3] PASSED test_helm_charts_clusterwide.py::TestClusterWide::test_mab_model 
test_prepackaged_servers.py::TestPrepack::test_xgboost 
[gw2] PASSED test_local_operators.py::TestLocalOperators::test_namespace_operator 
[gw0] PASSED test_prepackaged_servers.py::TestPrepack::test_xgboost 
test_rolling_updates.py::test_rolling_deployment[graph1.json-graph2.json-True-ambas] 
test_prepackaged_servers.py::TestPrepack::test_text_alibi_explainer 
[gw1] PASSED test_prepackaged_servers.py::TestPrepack::test_mlflow 
test_rolling_updates.py::test_rolling_deployment[graph1.json-graph2.json-True-istio] 
[gw3] PASSED test_prepackaged_servers.py::TestPrepack::test_text_alibi_explainer 
[gw2] PASSED test_rolling_updates.py::test_rolling_deployment[graph1.json-graph2.json-True-ambas] 
test_prepackaged_servers.py::TestPrepack::test_openapi_sklearn 
test_rolling_updates.py::test_rolling_deployment[graph1.json-graph3.json-True-istio] 
[gw0] PASSED test_rolling_updates.py::test_rolling_deployment[graph1.json-graph2.json-True-istio] 
test_rolling_updates.py::test_rolling_deployment[graph1.json-graph3.json-True-ambas] 
[gw1] PASSED test_prepackaged_servers.py::TestPrepack::test_openapi_sklearn 
test_rolling_updates.py::test_rolling_deployment[graph1.json-graph4.json-True-ambas] 
test_rolling_updates.py::test_rolling_deployment[graph1.json-graph4.json-True-istio] 
[gw3] PASSED test_rolling_updates.py::test_rolling_deployment[graph1.json-graph3.json-True-istio] 
test_rolling_updates.py::test_rolling_deployment[graph1.json-graph5.json-True-ambas] 
[gw0] PASSED test_rolling_updates.py::test_rolling_deployment[graph1.json-graph4.json-True-ambas] 
[gw1] PASSED test_rolling_updates.py::test_rolling_deployment[graph1.json-graph4.json-True-istio] 
test_rolling_updates.py::test_rolling_deployment[graph1.json-graph8.json-True-ambas] 
test_rolling_updates.py::test_rolling_deployment[graph1.json-graph3.json-True-ambas] 
test_rolling_updates.py::test_rolling_deployment[graph1.json-graph8.json-True-istio] 
[gw3] PASSED test_rolling_updates.py::test_rolling_deployment[graph1.json-graph5.json-True-ambas] 
test_rolling_updates.py::test_rolling_deployment[graph7.json-graph8.json-False-ambas] 
[gw0] PASSED test_rolling_updates.py::test_rolling_deployment[graph1.json-graph8.json-True-ambas] 
[gw2] PASSED test_rolling_updates.py::test_rolling_deployment[graph1.json-graph3.json-True-ambas] 
[gw3] PASSED test_rolling_updates.py::test_rolling_deployment[graph7.json-graph8.json-False-ambas] 
[gw1] PASSED test_rolling_updates.py::test_rolling_deployment[graph1.json-graph8.json-True-istio] 
test_security.py::test_xss_header 
test_security.py::test_xss_escaping 
[gw1] PASSED test_security.py::test_xss_escaping 
[gw3] PASSED test_security.py::test_xss_header 
test_rolling_updates.py::test_rolling_deployment[graph1.json-graph5.json-True-istio] 
test_rolling_updates.py::test_rolling_deployment[graph7.json-graph8.json-False-istio] 
test_tracing.py::test_tracing_rest 
[gw0] PASSED test_rolling_updates.py::test_rolling_deployment[graph7.json-graph8.json-False-istio] 
[gw3] PASSED test_tracing.py::test_tracing_rest 
[gw2] PASSED test_rolling_updates.py::test_rolling_deployment[graph1.json-graph5.json-True-istio] 
===Flaky Test Report===

test_rolling_deployment[graph1.json-graph4.json-True-istio] passed 1 out of the required 1 times. Success!
test_rolling_deployment[graph1.json-graph8.json-True-istio] passed 1 out of the required 1 times. Success!
test_rolling_deployment[graph1.json-graph2.json-True-istio] passed 1 out of the required 1 times. Success!
test_rolling_deployment[graph1.json-graph4.json-True-ambas] passed 1 out of the required 1 times. Success!
test_rolling_deployment[graph1.json-graph8.json-True-ambas] passed 1 out of the required 1 times. Success!
test_rolling_deployment[graph7.json-graph8.json-False-istio] passed 1 out of the required 1 times. Success!
test_rolling_deployment[graph1.json-graph3.json-True-istio] passed 1 out of the required 1 times. Success!
test_rolling_deployment[graph1.json-graph5.json-True-ambas] passed 1 out of the required 1 times. Success!
test_rolling_deployment[graph7.json-graph8.json-False-ambas] passed 1 out of the required 1 times. Success!
test_rolling_deployment[graph1.json-graph2.json-True-ambas] passed 1 out of the required 1 times. Success!
test_rolling_deployment[graph1.json-graph3.json-True-ambas] failed (2 runs remaining out of 3).
	<class 'AssertionError'>
	
	[<TracebackEntry /workspace/source/testing/scripts/test_rolling_updates.py:238>, <TracebackEntry /workspace/source/testing/scripts/seldon_e2e_utils.py:581>, <TracebackEntry /workspace/source/testing/scripts/seldon_e2e_utils.py:573>, <TracebackEntry /workspace/source/testing/scripts/seldon_e2e_utils.py:591>]
test_rolling_deployment[graph1.json-graph3.json-True-ambas] passed 1 out of the required 1 times. Success!
test_rolling_deployment[graph1.json-graph5.json-True-istio] passed 1 out of the required 1 times. Success!

===End Flaky Test Report===

======================= 33 passed in 2184.85s (0:36:24) ========================
# Then run the s2i tests in sequence (as they currently fail in parallel
pytest \
	--verbose \
	-s \
	-W ignore \
	-n 0 \
	-m "sequential" 2>&1
============================= test session starts ==============================
platform linux -- Python 3.6.10, pytest-5.3.1, py-1.9.0, pluggy-0.13.1 -- /usr/local/bin/python
cachedir: .pytest_cache
rootdir: /workspace/source/testing/scripts, inifile: setup.cfg
plugins: cov-2.8.1, xdist-1.30.0, flaky-3.6.1, forked-1.3.0
collecting ... collected 109 items / 58 deselected / 51 selected

test_operator_updates.py::test_cluster_update[0.4.1] SKIPPED
test_operator_updates.py::test_cluster_update[0.5.1] namespace/test-cluster-update-0-5-1 created
seldondeployment.machinelearning.seldon.io/mymodel created

PODS UPDATE: NAMESPACE       NAME                                         READY   STATUS    RESTARTS   AGE


PODS UPDATE: cert-manager    cert-manager-5c47f46f57-xrrp9                1/1     Running   0          39m


PODS UPDATE: cert-manager    cert-manager-cainjector-6659d6844d-bzhwg     1/1     Running   1          39m


PODS UPDATE: cert-manager    cert-manager-webhook-547567b88f-g6pjd        1/1     Running   0          39m


PODS UPDATE: istio-system    grafana-6b65874977-krpp5                     1/1     Running   0          41m


PODS UPDATE: istio-system    istio-citadel-86dcf4c6b-79k8l                1/1     Running   0          41m


PODS UPDATE: istio-system    istio-egressgateway-68f754ccdd-j2x8n         1/1     Running   0          42m


PODS UPDATE: istio-system    istio-galley-5fc6d6c45b-ltlct                1/1     Running   0          41m


PODS UPDATE: istio-system    istio-ingressgateway-6d759478d8-wlbfj        1/1     Running   0          41m


PODS UPDATE: istio-system    istio-pilot-5c4995d687-gkm5x                 1/1     Running   0          41m


PODS UPDATE: istio-system    istio-policy-57b99968f-sccn8                 1/1     Running   1          41m


PODS UPDATE: istio-system    istio-sidecar-injector-746f7c7bbb-qs4sf      1/1     Running   0          41m


PODS UPDATE: istio-system    istio-telemetry-854d8556d5-zdrxl             1/1     Running   1          41m


PODS UPDATE: istio-system    istio-tracing-c66d67cd9-njh47                1/1     Running   0          41m


PODS UPDATE: istio-system    kiali-8559969566-qzdx9                       1/1     Running   0          41m


PODS UPDATE: istio-system    prometheus-66c5887c86-ztxns                  1/1     Running   0          41m


PODS UPDATE: kube-system     coredns-5644d7b6d9-g5qjz                     1/1     Running   0          59m


PODS UPDATE: kube-system     coredns-5644d7b6d9-vfmmz                     1/1     Running   0          59m


PODS UPDATE: kube-system     etcd-kind-control-plane                      1/1     Running   0          59m


PODS UPDATE: kube-system     kindnet-s88zv                                1/1     Running   0          59m


PODS UPDATE: kube-system     kindnet-t9xvf                                1/1     Running   0          59m


PODS UPDATE: kube-system     kube-apiserver-kind-control-plane            1/1     Running   0          59m


PODS UPDATE: kube-system     kube-controller-manager-kind-control-plane   1/1     Running   1          59m


PODS UPDATE: kube-system     kube-proxy-5n6n4                             1/1     Running   0          59m


PODS UPDATE: kube-system     kube-proxy-hcccz                             1/1     Running   0          59m


PODS UPDATE: kube-system     kube-scheduler-kind-control-plane            1/1     Running   1          59m


PODS UPDATE: kube-system     metrics-server-787cbd4d5d-z8js6              1/1     Running   0          38m


PODS UPDATE: seldon-system   seldon-controller-manager-5569844fd7-lhp9x   1/1     Running   1          38m


PODS UPDATE: seldon          ambassador-868798d7cb-7f6tl                  1/1     Running   0          43m


PODS UPDATE: seldon          jaeger-658576999c-vf5gz                      1/1     Running   0          39m


PODS UPDATE: seldon          jaeger-operator-7b5fdddfb8-ttkww             1/1     Running   0          40m


PODS UPDATE: seldon-system   seldon-controller-manager-5569844fd7-lhp9x   1/1     Terminating   1          38m


PODS UPDATE: seldon-system   seldon-controller-manager-fc99ffd87-mx6js    0/1     Pending       0          0s


PODS UPDATE: seldon-system   seldon-controller-manager-fc99ffd87-mx6js    0/1     Pending       0          0s


PODS UPDATE: seldon-system   seldon-controller-manager-fc99ffd87-mx6js    0/1     ContainerCreating   0          0s


PODS UPDATE: seldon-system   seldon-controller-manager-fc99ffd87-mx6js    0/1     CreateContainerError   0          2m9s


PODS UPDATE: seldon-system   seldon-controller-manager-fc99ffd87-mx6js    0/1     CreateContainerError   0          2m23s


PODS UPDATE: sdeployment "mymodel-mymodel-e2eb561" successfully rolled out
Release "seldon" has been upgraded. Happy Helming!
NAME: seldon
LAST DEPLOYED: Mon Aug 24 14:34:09 2020
NAMESPACE: seldon-system
STATUS: deployed
REVISION: 2
TEST SUITE: None
PASSEDnamespace "test-cluster-update-0-5-1" deleted

test_operator_updates.py::test_cluster_update[1.0.2] namespace/test-cluster-update-1-0-2 created
eldon-system   seldon-controller-manager-fc99ffd87-mx6js    0/1     CreateContainerError   0          2m56s


PODS UPDATE: seldon-system   seldon-controller-manager-fc99ffd87-mx6js    1/1     Running                1          3m9s


PODS UPDATE: seldon-system   seldon-controller-manager-5569844fd7-lhp9x   0/1     Terminating            1          42m


PODS UPDATE: seldon-system   seldon-controller-manager-5569844fd7-lhp9x   0/1     Terminating            1          42m


PODS UPDATE: seldon-system   seldon-controller-manager-5569844fd7-lhp9x   0/1     Terminating            1          42m


PODS UPDATE: test-cluster-update-0-5-1   mymodel-mymodel-e2eb561-6d9f48c58d-hdwb2     0/2     Pending                0          0s


PODS UPDATE: test-cluster-update-0-5-1   mymodel-mymodel-e2eb561-6d9f48c58d-hdwb2     0/2     Pending                0          1s


PODS UPDATE: test-cluster-update-0-5-1   mymodel-mymodel-e2eb561-6d9f48c58d-hdwb2     0/2     ContainerCreating      0          1s


PODS UPDATE: test-cluster-update-0-5-1   mymodel-mymodel-e2eb561-6d9f48c58d-hdwb2     0/2     Running                0          40s


PODS UPDATE: test-cluster-update-0-5-1   mymodel-mymodel-e2eb561-6d9f48c58d-hdwb2     1/2     Running                0          43s


PODS UPDATE: test-cluster-update-0-5-1   mymodel-mymodel-e2eb561-6d9f48c58d-hdwb2     2/2     Running                0          62s


PODS UPDATE: seldon-system               seldon-controller-manager-5569844fd7-wp45h   0/1     Pending                0          0s


PODS UPDATE: seldon-system               seldon-controller-manager-5569844fd7-wp45h   0/1     Pending                0          0s


PODS UPDATE: seldon-system               seldon-controller-manager-5569844fd7-wp45h   0/1     ContainerCreating      0          0s


PODS UPDATE: seldon-system               seldon-controller-manager-5569844fd7-wp45h   1/1     Running                0          4s


PODS UPDATE: seldon-system               seldon-controller-manager-fc99ffd87-mx6js    1/1     Terminating            1          4m37s


PODS UPDATE: seldon-system               seldon-controller-manager-fc99ffd87-mx6js    0/1     Terminating            1          4m39s


PODS UPDATE: seldon-system               seldon-controller-manager-5569844fd7-wp45h   1/1     Terminating            0          7s


PODS UPDATE: seldon-system               seldon-controller-manager-fc99ffd87-mx6js    0/1     Terminating            0          4m40s


PODS UPDATE: test-cluster-update-0-5-1   mymodel-mymodel-e2eb561-6d9f48c58d-hdwb2     2/2     Terminating            0          87s


PODS UPDATE: seldon-system               seldon-controller-manager-5569844fd7-wp45h   0/1     Terminating            0          8s


PODS UPDATE: seldon-system               seldon-controller-manager-5569844fd7-thvkh   0/1     Pending                0          0s


PODS UPDATE: seldon-system               seldon-controller-manager-5569844fd7-thvkh   0/1     Pending                0          0s


PODS UPDATE: seldon-system               seldon-controller-manager-5569844fd7-thvkh   0/1     ContainerCreating      0          0s


PODS UPDATE: seldon-system               seldon-controller-manager-5569844fd7-thvkh   1/1     Running                0          2s


PODS UPDATE: seldon-system               seldon-controller-manager-5569844fd7-wp45h   0/1     Terminating            0          15s


PODS UPDATE: seldon-system               seldon-controller-manager-5569844fd7-wp45h   0/1     Terminating            0          16s


PODS UPDATE: seldon-system               seldon-controller-manager-fc99ffd87-mx6js    0/1     Terminating            0          4m52s


PODS UPDATE: seldon-system               seldon-controller-manager-fc99ffd87-mx6js    0/1     Terminating            0          4m52s


PODS UPDATE: seldon-system               seldon-controller-manager-fc99ffd87-mx6js    0/1     Terminating            0          4m52s


PODS UPDATE: test-cluster-update-0-5-1   mymodel-mymodel-e2eb561-6d9f48c58d-hdwb2     1/2     Terminating            0          102s


PODS UPDATE: seldondeployment.machinelearning.seldon.io/mymodel created
deployment "mymodel-mymodel-e2eb561" successfully rolled out
Release "seldon" has been upgraded. Happy Helming!
NAME: seldon
LAST DEPLOYED: Mon Aug 24 14:37:08 2020
NAMESPACE: seldon-system
STATUS: deployed
REVISION: 2
TEST SUITE: None
PASSEDnamespace "test-cluster-update-1-0-2" deleted

test_operator_updates.py::test_cluster_update[1.1.0] namespace/test-cluster-update-1-1-0 created
test-cluster-update-0-5-1   mymodel-mymodel-e2eb561-6d9f48c58d-hdwb2     0/2     Terminating            0          114s


PODS UPDATE: test-cluster-update-0-5-1   mymodel-mymodel-e2eb561-6d9f48c58d-hdwb2     0/2     Terminating            0          2m5s


PODS UPDATE: test-cluster-update-0-5-1   mymodel-mymodel-e2eb561-6d9f48c58d-hdwb2     0/2     Terminating            0          2m5s


PODS UPDATE: seldon-system               seldon-controller-manager-5569844fd7-thvkh   1/1     Terminating            0          38s


PODS UPDATE: seldon-system               seldon-controller-manager-78cf68ffb9-dmtkk   0/1     Pending                0          0s


PODS UPDATE: seldon-system               seldon-controller-manager-78cf68ffb9-dmtkk   0/1     Pending                0          0s


PODS UPDATE: seldon-system               seldon-controller-manager-78cf68ffb9-dmtkk   0/1     ContainerCreating      0          0s


PODS UPDATE: seldon-system               seldon-controller-manager-5569844fd7-thvkh   0/1     Terminating            0          46s


PODS UPDATE: seldon-system               seldon-controller-manager-78cf68ffb9-dmtkk   1/1     Running                0          9s


PODS UPDATE: seldon-system               seldon-controller-manager-5569844fd7-thvkh   0/1     Terminating            0          55s


PODS UPDATE: seldon-system               seldon-controller-manager-5569844fd7-thvkh   0/1     Terminating            0          55s


PODS UPDATE: test-cluster-update-1-0-2   mymodel-mymodel-e2eb561-85dd6d6c9-kvjrf      0/2     Pending                0          0s


PODS UPDATE: test-cluster-update-1-0-2   mymodel-mymodel-e2eb561-85dd6d6c9-kvjrf      0/2     Pending                0          0s


PODS UPDATE: test-cluster-update-1-0-2   mymodel-mymodel-e2eb561-85dd6d6c9-kvjrf      0/2     ContainerCreating      0          0s


PODS UPDATE: test-cluster-update-1-0-2   mymodel-mymodel-e2eb561-85dd6d6c9-kvjrf      0/2     Running                0          66s


PODS UPDATE: test-cluster-update-1-0-2   mymodel-mymodel-e2eb561-85dd6d6c9-kvjrf      1/2     Running                0          67s


PODS UPDATE: test-cluster-update-1-0-2   mymodel-mymodel-e2eb561-85dd6d6c9-kvjrf      2/2     Running                0          89s


PODS UPDATE: seldon-system               seldon-controller-manager-5569844fd7-5przx   0/1     Pending                0          0s


PODS UPDATE: seldon-system               seldon-controller-manager-5569844fd7-5przx   0/1     Pending                0          0s


PODS UPDATE: seldon-system               seldon-controller-manager-5569844fd7-5przx   0/1     ContainerCreating      0          0s


PODS UPDATE: seldon-system               seldon-controller-manager-5569844fd7-5przx   1/1     Running                0          3s


PODS UPDATE: seldon-system               seldon-controller-manager-78cf68ffb9-dmtkk   1/1     Terminating            0          2m8s


PODS UPDATE: seldon-system               seldon-controller-manager-78cf68ffb9-dmtkk   0/1     Terminating            0          2m9s


PODS UPDATE: seldon-system               seldon-controller-manager-78cf68ffb9-dmtkk   0/1     Terminating            0          2m10s


PODS UPDATE: seldon-system               seldon-controller-manager-78cf68ffb9-dmtkk   0/1     Terminating            0          2m10s


PODS UPDATE: seldon-system               seldon-controller-manager-5569844fd7-5przx   1/1     Terminating            0          6s


PODS UPDATE: test-cluster-update-1-0-2   mymodel-mymodel-e2eb561-85dd6d6c9-kvjrf      2/2     Terminating            0          106s


PODS UPDATE: seldon-system               seldon-controller-manager-5569844fd7-xxwsf   0/1     Pending                0          0s


PODS UPDATE: seldon-system               seldon-controller-manager-5569844fd7-xxwsf   0/1     Pending                0          0s


PODS UPDATE: seldon-system               seldon-controller-manager-5569844fd7-xxwsf   0/1     ContainerCreating      0          0s


PODS UPDATE: seldon-system               seldon-controller-manager-5569844fd7-5przx   0/1     seldondeployment.machinelearning.seldon.io/mymodel created
deployment "mymodel-mymodel-0-complex-model" successfully rolled out
Release "seldon" has been upgraded. Happy Helming!
NAME: seldon
LAST DEPLOYED: Mon Aug 24 14:39:47 2020
NAMESPACE: seldon-system
STATUS: deployed
REVISION: 2
TEST SUITE: None
PASSEDnamespace "test-cluster-update-1-1-0" deleted

test_operator_updates.py::test_namespace_update[1.0.2] namespace/test-namespace-update-1-0-2 created
Terminating            0          14s


PODS UPDATE: seldon-system               seldon-controller-manager-5569844fd7-5przx   0/1     Terminating            0          15s


PODS UPDATE: seldon-system               seldon-controller-manager-5569844fd7-5przx   0/1     Terminating            0          15s


PODS UPDATE: seldon-system               seldon-controller-manager-5569844fd7-xxwsf   1/1     Running                0          5s


PODS UPDATE: test-cluster-update-1-0-2   mymodel-mymodel-e2eb561-85dd6d6c9-kvjrf      1/2     Terminating            0          2m17s


PODS UPDATE: test-cluster-update-1-0-2   mymodel-mymodel-e2eb561-85dd6d6c9-kvjrf      0/2     Terminating            0          2m19s


PODS UPDATE: test-cluster-update-1-0-2   mymodel-mymodel-e2eb561-85dd6d6c9-kvjrf      0/2     Terminating            0          2m43s


PODS UPDATE: test-cluster-update-1-0-2   mymodel-mymodel-e2eb561-85dd6d6c9-kvjrf      0/2     Terminating            0          2m46s


PODS UPDATE: test-cluster-update-1-0-2   mymodel-mymodel-e2eb561-85dd6d6c9-kvjrf      0/2     Terminating            0          2m46s


PODS UPDATE: seldon-system               seldon-controller-manager-5569844fd7-xxwsf   1/1     Terminating            0          66s


PODS UPDATE: seldon-system               seldon-controller-manager-5569844fd7-xxwsf   0/1     Terminating            0          75s


PODS UPDATE: seldon-system               seldon-controller-manager-5569844fd7-xxwsf   0/1     Terminating            0          76s


PODS UPDATE: seldon-system               seldon-controller-manager-5569844fd7-xxwsf   0/1     Terminating            0          76s


PODS UPDATE: seldon-system               seldon-controller-manager-6978f54b99-bhpt8   0/1     Pending                0          0s


PODS UPDATE: seldon-system               seldon-controller-manager-6978f54b99-bhpt8   0/1     Pending                0          0s


PODS UPDATE: seldon-system               seldon-controller-manager-6978f54b99-bhpt8   0/1     ContainerCreating      0          0s


PODS UPDATE: seldon-system               seldon-controller-manager-6978f54b99-bhpt8   1/1     Running                0          11s


PODS UPDATE: test-cluster-update-1-1-0   mymodel-mymodel-0-complex-model-6df5d95fcd-thvmr   0/2     Pending                0          0s


PODS UPDATE: test-cluster-update-1-1-0   mymodel-mymodel-0-complex-model-6df5d95fcd-thvmr   0/2     Pending                0          0s


PODS UPDATE: test-cluster-update-1-1-0   mymodel-mymodel-0-complex-model-6df5d95fcd-thvmr   0/2     ContainerCreating      0          0s


PODS UPDATE: test-cluster-update-1-1-0   mymodel-mymodel-0-complex-model-6df5d95fcd-thvmr   0/2     Running                0          10s


PODS UPDATE: test-cluster-update-1-1-0   mymodel-mymodel-0-complex-model-6df5d95fcd-thvmr   1/2     Running                0          27s


PODS UPDATE: test-cluster-update-1-1-0   mymodel-mymodel-0-complex-model-6df5d95fcd-thvmr   2/2     Running                0          32s


PODS UPDATE: seldon-system               seldon-controller-manager-5569844fd7-mlh45         0/1     Pending                0          0s


PODS UPDATE: seldon-system               seldon-controller-manager-5569844fd7-mlh45         0/1     Pending                0          0s


PODS UPDATE: seldon-system               seldon-controller-manager-5569844fd7-mlh45         0/1     ContainerCreating      0          0s


PODS UPDATE: seldon-system               seldon-controller-manager-5569844fd7-mlh45         1/1     Running                0          17s


PODS UPDATE: seldon-system               seldon-controller-manager-6978f54b99-bhpt8         1/1     Terminating            0          86s


PODS UPDATE: seldon-system               seldon-controller-manager-6978f54b99-bhpt8         0/1     Terminating            0          88s


PODS UPDATE: seldon-system               seldon-controller-manager-5569844fd7-mlh45         1/1     Terminating            0          22s


PODS UPDATE: test-cluster-update-1-1-0   mymodel-mymodel-0-complex-model-6df5d95fcd-thvmr   seldondeployment.machinelearning.seldon.io/mymodel created
deployment "mymodel-mymodel-e2eb561" successfully rolled out
namespace/test-namespace-update-1-0-2 labeled
NAME: seldon
LAST DEPLOYED: Mon Aug 24 14:41:51 2020
NAMESPACE: test-namespace-update-1-0-2
STATUS: deployed
REVISION: 1
TEST SUITE: None
deployment "mymodel-mymodel-e2eb561" successfully rolled out
PASSEDnamespace "test-namespace-update-1-0-2" deleted
2/2     Terminating            0          62s


PODS UPDATE: seldon-system               seldon-controller-manager-5569844fd7-jdt67         0/1     Pending                0          0s


PODS UPDATE: seldon-system               seldon-controller-manager-5569844fd7-jdt67         0/1     Pending                0          0s


PODS UPDATE: seldon-system               seldon-controller-manager-5569844fd7-jdt67         0/1     ContainerCreating      0          0s


PODS UPDATE: seldon-system               seldon-controller-manager-6978f54b99-bhpt8         0/1     Terminating            0          97s


PODS UPDATE: seldon-system               seldon-controller-manager-6978f54b99-bhpt8         0/1     Terminating            0          97s


PODS UPDATE: seldon-system               seldon-controller-manager-5569844fd7-mlh45         0/1     Terminating            0          28s


PODS UPDATE: seldon-system               seldon-controller-manager-5569844fd7-jdt67         1/1     Running                0          1s


PODS UPDATE: test-cluster-update-1-1-0   mymodel-mymodel-0-complex-model-6df5d95fcd-thvmr   1/2     Terminating            0          76s


PODS UPDATE: seldon-system               seldon-controller-manager-5569844fd7-mlh45         0/1     Terminating            0          38s


PODS UPDATE: seldon-system               seldon-controller-manager-5569844fd7-mlh45         0/1     Terminating            0          38s


PODS UPDATE: test-cluster-update-1-1-0   mymodel-mymodel-0-complex-model-6df5d95fcd-thvmr   0/2     Terminating            0          83s


PODS UPDATE: test-cluster-update-1-1-0   mymodel-mymodel-0-complex-model-6df5d95fcd-thvmr   0/2     Terminating            0          87s


PODS UPDATE: test-cluster-update-1-1-0   mymodel-mymodel-0-complex-model-6df5d95fcd-thvmr   0/2     Terminating            0          87s


PODS UPDATE: seldon-system               seldon-controller-manager-5569844fd7-jdt67         1/1     Terminating            0          30s


PODS UPDATE: seldon-system               seldon-controller-manager-5569844fd7-jdt67         0/1     Terminating            0          32s


PODS UPDATE: seldon-system               seldon-controller-manager-78cf68ffb9-p2fqd         0/1     Pending                0          0s


PODS UPDATE: seldon-system               seldon-controller-manager-78cf68ffb9-p2fqd         0/1     Pending                0          0s


PODS UPDATE: seldon-system               seldon-controller-manager-78cf68ffb9-p2fqd         0/1     ContainerCreating      0          0s


PODS UPDATE: seldon-system               seldon-controller-manager-78cf68ffb9-p2fqd         1/1     Running                0          5s


PODS UPDATE: seldon-system               seldon-controller-manager-5569844fd7-jdt67         0/1     Terminating            0          40s


PODS UPDATE: seldon-system               seldon-controller-manager-5569844fd7-jdt67         0/1     Terminating            0          40s


PODS UPDATE: test-namespace-update-1-0-2   mymodel-mymodel-e2eb561-67b4df4df8-5rpf2           0/2     Pending                0          0s


PODS UPDATE: test-namespace-update-1-0-2   mymodel-mymodel-e2eb561-67b4df4df8-5rpf2           0/2     Pending                0          0s


PODS UPDATE: test-namespace-update-1-0-2   mymodel-mymodel-e2eb561-67b4df4df8-5rpf2           0/2     ContainerCreating      0          1s


PODS UPDATE: test-namespace-update-1-0-2   mymodel-mymodel-e2eb561-67b4df4df8-5rpf2           0/2     Running                0          9s


PODS UPDATE: test-namespace-update-1-0-2   mymodel-mymodel-e2eb561-67b4df4df8-5rpf2           1/2     Running                0          30s


PODS UPDATE: test-namespace-update-1-0-2   mymodel-mymodel-e2eb561-67b4df4df8-5rpf2           2/2     Running                0          30s


PODS UPDATE: test-namespace-update-1-0-2   seldon-controller-manager-7795675dbd-g6tzm         0/1     Pending                0          0s


PODS UPDATE: test-namespace-update-1-0-2   seldon-controller-manager-7795675dbd-g6tzm         0/1     Pending                0 
test_operator_updates.py::test_namespace_update[1.1.0] namespace/test-namespace-update-1-1-0 created
seldondeployment.machinelearning.seldon.io/mymodel created
deployment "mymodel-mymodel-0-complex-model" successfully rolled out
namespace/test-namespace-update-1-1-0 labeled
NAME: seldon
LAST DEPLOYED: Mon Aug 24 14:48:22 2020
NAMESPACE: test-namespace-update-1-1-0
STATUS: deployed
REVISION: 1
TEST SUITE: None
Waiting for deployment "mymodel-mymodel-0-complex-model" rollout to finish: 0 out of 1 new replicas have been updated...
Waiting for deployment "mymodel-mymodel-0-complex-model" rollout to finish: 1 old replicas are pending termination...
         1s


PODS UPDATE: test-namespace-update-1-0-2   seldon-controller-manager-7795675dbd-g6tzm         0/1     ContainerCreating      0          2s


PODS UPDATE: test-namespace-update-1-0-2   seldon-controller-manager-7795675dbd-g6tzm         1/1     Running                0          6s


PODS UPDATE: test-namespace-update-1-0-2   mymodel-mymodel-0-complex-model-745446d98c-kzvg6   0/2     Pending                0          0s


PODS UPDATE: test-namespace-update-1-0-2   mymodel-mymodel-0-complex-model-745446d98c-kzvg6   0/2     Pending                0          0s


PODS UPDATE: test-namespace-update-1-0-2   mymodel-mymodel-0-complex-model-745446d98c-kzvg6   0/2     ContainerCreating      0          1s


PODS UPDATE: seldon-system                 seldon-controller-manager-78cf68ffb9-p2fqd         1/1     Terminating            0          90s


PODS UPDATE: test-namespace-update-1-0-2   mymodel-mymodel-e2eb561-67b4df4df8-5rpf2           2/2     Terminating            0          69s


PODS UPDATE: test-namespace-update-1-0-2   mymodel-mymodel-0-complex-model-745446d98c-kzvg6   0/2     Terminating            0          14s


PODS UPDATE: test-namespace-update-1-0-2   mymodel-mymodel-0-complex-model-745446d98c-kzvg6   0/2     Terminating            0          14s


PODS UPDATE: seldon-system                 seldon-controller-manager-5569844fd7-9dwn6         0/1     Pending                0          0s


PODS UPDATE: seldon-system                 seldon-controller-manager-5569844fd7-9dwn6         0/1     Pending                0          0s


PODS UPDATE: seldon-system                 seldon-controller-manager-5569844fd7-9dwn6         0/1     ContainerCreating      0          0s


PODS UPDATE: seldon-system                 seldon-controller-manager-78cf68ffb9-p2fqd         0/1     Terminating            0          101s


PODS UPDATE: seldon-system                 seldon-controller-manager-78cf68ffb9-p2fqd         0/1     Terminating            0          102s


PODS UPDATE: seldon-system                 seldon-controller-manager-78cf68ffb9-p2fqd         0/1     Terminating            0          102s


PODS UPDATE: seldon-system                 seldon-controller-manager-78cf68ffb9-p2fqd         0/1     Terminating            0          102s


PODS UPDATE: seldon-system                 seldon-controller-manager-5569844fd7-9dwn6         1/1     Running                0          14s


PODS UPDATE: test-namespace-update-1-0-2   mymodel-mymodel-e2eb561-67b4df4df8-5rpf2           1/2     Terminating            0          99s


PODS UPDATE: test-namespace-update-1-0-2   mymodel-mymodel-e2eb561-67b4df4df8-5rpf2           0/2     Terminating            0          100s


PODS UPDATE: test-namespace-update-1-0-2   seldon-controller-manager-7795675dbd-g6tzm         1/1     Terminating            0          56s


PODS UPDATE: test-namespace-update-1-0-2   mymodel-mymodel-e2eb561-67b4df4df8-5rpf2           0/2     Terminating            0          111s


PODS UPDATE: test-namespace-update-1-0-2   seldon-controller-manager-7795675dbd-g6tzm         0/1     Terminating            0          64s


PODS UPDATE: test-namespace-update-1-0-2   mymodel-mymodel-0-complex-model-745446d98c-kzvg6   0/2     Terminating            0          58s


PODS UPDATE: test-namespace-update-1-0-2   mymodel-mymodel-0-complex-model-745446d98c-kzvg6   0/2     Terminating            0          58s


PODS UPDATE: test-namespace-update-1-0-2   seldon-controller-manager-7795675dbd-g6tzm         0/1     Terminating            0          75s


PODS UPDATE: test-namespace-update-1-0-2   seldon-controller-manager-7795675dbd-g6tzm         0/1     Terminating            0          75s


PODS UPDATE: test-namespace-update-1-0-2   mymodel-mymodel-e2eb561-67b4df4df8-5rpf2           0/2     Terminating            0          2m3s


PODS UPDATE: test-namespace-update-1-0-2   mymodel-mymodel-e2eb561-67b4df4df8-5rpf2           0/2     Terminating            0          2m4s


PODS UPDATE: seldon-system                 seldon-controller-manager-5569844fd7-9dwn6         1/1     TermWaiting for deployment "mymodel-mymodel-0-complex-model" rollout to finish: 1 old replicas are pending termination...
deployment "mymodel-mymodel-0-complex-model" successfully rolled out
PASSEDnamespace "test-namespace-update-1-1-0" deleted

test_operator_updates.py::test_label_update[1.0.2] namespace/test-label-update-1-0-2 created
inating            0          66s


PODS UPDATE: seldon-system                 seldon-controller-manager-5569844fd7-9dwn6         0/1     Terminating            0          74s


PODS UPDATE: seldon-system                 seldon-controller-manager-5569844fd7-9dwn6         0/1     Terminating            0          85s


PODS UPDATE: seldon-system                 seldon-controller-manager-5569844fd7-9dwn6         0/1     Terminating            0          85s


PODS UPDATE: seldon-system                 seldon-controller-manager-6978f54b99-p59dn         0/1     Pending                0          0s


PODS UPDATE: seldon-system                 seldon-controller-manager-6978f54b99-p59dn         0/1     Pending                0          0s


PODS UPDATE: seldon-system                 seldon-controller-manager-6978f54b99-p59dn         0/1     ContainerCreating      0          2s


PODS UPDATE: seldon-system                 seldon-controller-manager-6978f54b99-p59dn         1/1     Running                0          67s


PODS UPDATE: test-namespace-update-1-1-0   mymodel-mymodel-0-complex-model-665ff44775-p4484   0/2     Pending                0          0s


PODS UPDATE: test-namespace-update-1-1-0   mymodel-mymodel-0-complex-model-665ff44775-p4484   0/2     Pending                0          0s


PODS UPDATE: test-namespace-update-1-1-0   mymodel-mymodel-0-complex-model-665ff44775-p4484   0/2     ContainerCreating      0          0s


PODS UPDATE: test-namespace-update-1-1-0   mymodel-mymodel-0-complex-model-665ff44775-p4484   0/2     Running                0          58s


PODS UPDATE: test-namespace-update-1-1-0   mymodel-mymodel-0-complex-model-665ff44775-p4484   1/2     Running                0          80s


PODS UPDATE: test-namespace-update-1-1-0   mymodel-mymodel-0-complex-model-665ff44775-p4484   2/2     Running                0          81s


PODS UPDATE: test-namespace-update-1-1-0   seldon-controller-manager-f966c9db7-t6fk7          0/1     Pending                0          0s


PODS UPDATE: test-namespace-update-1-1-0   seldon-controller-manager-f966c9db7-t6fk7          0/1     Pending                0          0s


PODS UPDATE: test-namespace-update-1-1-0   seldon-controller-manager-f966c9db7-t6fk7          0/1     ContainerCreating      0          0s


PODS UPDATE: test-namespace-update-1-1-0   seldon-controller-manager-f966c9db7-t6fk7          1/1     Running                0          35s


PODS UPDATE: test-namespace-update-1-1-0   mymodel-mymodel-0-complex-model-5498798b74-lsgrv   0/2     Pending                0          0s


PODS UPDATE: test-namespace-update-1-1-0   mymodel-mymodel-0-complex-model-5498798b74-lsgrv   0/2     Pending                0          0s


PODS UPDATE: test-namespace-update-1-1-0   mymodel-mymodel-0-complex-model-5498798b74-lsgrv   0/2     ContainerCreating      0          0s


PODS UPDATE: test-namespace-update-1-1-0   mymodel-mymodel-0-complex-model-5498798b74-lsgrv   0/2     CreateContainerError   0          2m49s


PODS UPDATE: test-namespace-update-1-1-0   mymodel-mymodel-0-complex-model-5498798b74-lsgrv   0/2     Running                1          3m18s


PODS UPDATE: test-namespace-update-1-1-0   mymodel-mymodel-0-complex-model-5498798b74-lsgrv   1/2     Running                1          3m22s


PODS UPDATE: test-namespace-update-1-1-0   mymodel-mymodel-0-complex-model-5498798b74-lsgrv   2/2     Running                1          3m41s


PODS UPDATE: test-namespace-update-1-1-0   mymodel-mymodel-0-complex-model-665ff44775-p4484   2/2     Terminating            0          6m28s


PODS UPDATE: test-namespace-update-1-1-0   mymodel-mymodel-0-complex-model-665ff44775-p4484   1/2     Terminating            0          6m39s


PODS UPDATE: seldon-system                 seldon-controller-manager-6978f54b99-p59dn         1/1     Terminating            0          8m12s


PODS UPDATE: test-namespace-update-1-1-0   mymodel-mymodel-0-complex-model-5498798b74-lsgrv   2/2     Terminating            1          4m


PODS UPDATE: seldon-system                 seldon-controller-manager-5569844fd7-fbvseldondeployment.machinelearning.seldon.io/mymodel created
deployment "mymodel-mymodel-e2eb561" successfully rolled out
NAME: seldon-test-label-update-1-0-2
LAST DEPLOYED: Mon Aug 24 14:56:21 2020
NAMESPACE: test-label-update-1-0-2
STATUS: deployed
REVISION: 1
TEST SUITE: None
seldondeployment.machinelearning.seldon.io/mymodel labeled
deployment "mymodel-mymodel-0-complex-model" successfully rolled out
release "seldon-test-label-update-1-0-2" uninstalled
PASSEDrt         0/1     Pending                0          0s


PODS UPDATE: seldon-system                 seldon-controller-manager-5569844fd7-fbvrt         0/1     Pending                0          0s


PODS UPDATE: seldon-system                 seldon-controller-manager-5569844fd7-fbvrt         0/1     ContainerCreating      0          1s


PODS UPDATE: test-namespace-update-1-1-0   mymodel-mymodel-0-complex-model-5498798b74-lsgrv   1/2     Terminating            1          4m12s


PODS UPDATE: test-namespace-update-1-1-0   mymodel-mymodel-0-complex-model-665ff44775-p4484   0/2     Terminating            0          7m


PODS UPDATE: test-namespace-update-1-1-0   mymodel-mymodel-0-complex-model-5498798b74-lsgrv   0/2     Terminating            1          4m31s


PODS UPDATE: seldon-system                 seldon-controller-manager-5569844fd7-fbvrt         1/1     Running                0          22s


PODS UPDATE: test-namespace-update-1-1-0   mymodel-mymodel-0-complex-model-5498798b74-lsgrv   0/2     Terminating            0          4m35s


PODS UPDATE: seldon-system                 seldon-controller-manager-6978f54b99-p59dn         0/1     Terminating            0          8m50s


PODS UPDATE: seldon-system                 seldon-controller-manager-6978f54b99-p59dn         0/1     Terminating            0          8m50s


PODS UPDATE: test-namespace-update-1-1-0   mymodel-mymodel-0-complex-model-665ff44775-p4484   0/2     Terminating            0          7m22s


PODS UPDATE: test-namespace-update-1-1-0   mymodel-mymodel-0-complex-model-665ff44775-p4484   0/2     Terminating            0          7m25s


PODS UPDATE: test-namespace-update-1-1-0   mymodel-mymodel-0-complex-model-665ff44775-p4484   0/2     Terminating            0          7m25s


PODS UPDATE: seldon-system                 seldon-controller-manager-6978f54b99-p59dn         0/1     Terminating            0          8m53s


PODS UPDATE: seldon-system                 seldon-controller-manager-6978f54b99-p59dn         0/1     Terminating            0          8m53s


PODS UPDATE: test-namespace-update-1-1-0   seldon-controller-manager-f966c9db7-t6fk7          1/1     Terminating            0          5m19s


PODS UPDATE: test-namespace-update-1-1-0   seldon-controller-manager-f966c9db7-t6fk7          0/1     Terminating            0          5m21s


PODS UPDATE: test-namespace-update-1-1-0   seldon-controller-manager-f966c9db7-t6fk7          0/1     Terminating            0          5m29s


PODS UPDATE: test-namespace-update-1-1-0   seldon-controller-manager-f966c9db7-t6fk7          0/1     Terminating            0          5m29s


PODS UPDATE: test-namespace-update-1-1-0   mymodel-mymodel-0-complex-model-5498798b74-lsgrv   0/2     Terminating            0          5m27s


PODS UPDATE: test-namespace-update-1-1-0   mymodel-mymodel-0-complex-model-5498798b74-lsgrv   0/2     Terminating            0          5m27s


PODS UPDATE: test-namespace-update-1-1-0   mymodel-mymodel-0-complex-model-5498798b74-lsgrv   0/2     Terminating            0          5m27s


PODS UPDATE: seldon-system                 seldon-controller-manager-5569844fd7-fbvrt         1/1     Terminating            0          100s


PODS UPDATE: seldon-system                 seldon-controller-manager-5569844fd7-fbvrt         0/1     Terminating            0          104s


PODS UPDATE: seldon-system                 seldon-controller-manager-5569844fd7-fbvrt         0/1     Terminating            0          105s


PODS UPDATE: seldon-system                 seldon-controller-manager-5569844fd7-fbvrt         0/1     Terminating            0          106s


PODS UPDATE: seldon-system                 seldon-controller-manager-78cf68ffb9-pdbnc         0/1     Pending                0          0s


PODS UPDATE: seldon-system                 seldon-controller-manager-78cf68ffb9-pdbnc         0/1     Pending                0          0s


PODS UPDATE: seldon-system                 seldon-controller-manager-78cf68ffb9-pdbnc         0/1     ContainerCreating      0          1s


PODS UPDATE: seldon-system    namespace "test-label-update-1-0-2" deleted

test_operator_updates.py::test_label_update[1.1.0] namespace/test-label-update-1-1-0 created
seldondeployment.machinelearning.seldon.io/mymodel created
deployment "mymodel-mymodel-0-complex-model" successfully rolled out
NAME: seldon-test-label-update-1-1-0
LAST DEPLOYED: Mon Aug 24 14:59:20 2020
NAMESPACE: test-label-update-1-1-0
STATUS: deployed
REVISION: 1
TEST SUITE: None
seldondeployment.machinelearning.seldon.io/mymodel labeled
             seldon-controller-manager-78cf68ffb9-pdbnc         1/1     Running                0          3s


PODS UPDATE: test-label-update-1-0-2       mymodel-mymodel-e2eb561-5cc49c64f9-7rx2h           0/2     Pending                0          1s


PODS UPDATE: test-label-update-1-0-2       mymodel-mymodel-e2eb561-5cc49c64f9-7rx2h           0/2     Pending                0          1s


PODS UPDATE: test-label-update-1-0-2       mymodel-mymodel-e2eb561-5cc49c64f9-7rx2h           0/2     ContainerCreating      0          3s


PODS UPDATE: test-label-update-1-0-2       mymodel-mymodel-e2eb561-5cc49c64f9-7rx2h           0/2     Running                0          9s


PODS UPDATE: test-label-update-1-0-2       mymodel-mymodel-e2eb561-5cc49c64f9-7rx2h           1/2     Running                0          29s


PODS UPDATE: test-label-update-1-0-2       mymodel-mymodel-e2eb561-5cc49c64f9-7rx2h           2/2     Running                0          31s


PODS UPDATE: test-label-update-1-0-2       seldon-controller-manager-7d9bdd4b8f-kkhc7         0/1     Pending                0          0s


PODS UPDATE: test-label-update-1-0-2       seldon-controller-manager-7d9bdd4b8f-kkhc7         0/1     Pending                0          0s


PODS UPDATE: test-label-update-1-0-2       seldon-controller-manager-7d9bdd4b8f-kkhc7         0/1     ContainerCreating      0          0s


PODS UPDATE: test-label-update-1-0-2       seldon-controller-manager-7d9bdd4b8f-kkhc7         1/1     Running                0          2s


PODS UPDATE: test-label-update-1-0-2       mymodel-mymodel-0-complex-model-6f68874fcb-268t9   0/2     Pending                0          0s


PODS UPDATE: test-label-update-1-0-2       mymodel-mymodel-0-complex-model-6f68874fcb-268t9   0/2     Pending                0          0s


PODS UPDATE: test-label-update-1-0-2       mymodel-mymodel-0-complex-model-6f68874fcb-268t9   0/2     ContainerCreating      0          0s


PODS UPDATE: test-label-update-1-0-2       mymodel-mymodel-0-complex-model-6f68874fcb-268t9   0/2     Running                0          2s


PODS UPDATE: test-label-update-1-0-2       mymodel-mymodel-0-complex-model-6f68874fcb-268t9   1/2     Running                0          21s


PODS UPDATE: test-label-update-1-0-2       mymodel-mymodel-0-complex-model-6f68874fcb-268t9   2/2     Running                0          23s


PODS UPDATE: test-label-update-1-0-2       mymodel-mymodel-e2eb561-5cc49c64f9-7rx2h           2/2     Terminating            0          69s


PODS UPDATE: test-label-update-1-0-2       mymodel-mymodel-e2eb561-5cc49c64f9-7rx2h           0/2     Terminating            0          91s


PODS UPDATE: test-label-update-1-0-2       mymodel-mymodel-e2eb561-5cc49c64f9-7rx2h           0/2     Terminating            0          94s


PODS UPDATE: test-label-update-1-0-2       mymodel-mymodel-e2eb561-5cc49c64f9-7rx2h           0/2     Terminating            0          94s


PODS UPDATE: test-label-update-1-0-2       seldon-controller-manager-7d9bdd4b8f-kkhc7         1/1     Terminating            0          59s


PODS UPDATE: seldon-system                 seldon-controller-manager-78cf68ffb9-pdbnc         1/1     Terminating            0          2m14s


PODS UPDATE: test-label-update-1-0-2       seldon-controller-manager-7d9bdd4b8f-kkhc7         0/1     Terminating            0          61s


PODS UPDATE: test-label-update-1-0-2       mymodel-mymodel-0-complex-model-6f68874fcb-268t9   2/2     Terminating            0          56s


PODS UPDATE: seldon-system                 seldon-controller-manager-78cf68ffb9-pdbnc         0/1     Terminating            0          2m15s


PODS UPDATE: test-label-update-1-0-2       seldon-controller-manager-7d9bdd4b8f-kkhc7         0/1     Terminating            0          62s


PODS UPDATE: test-label-update-1-0-2       seldon-controller-manager-7d9bdd4b8f-kkhc7         0/1     Terminating            0          62s


PODS UPDATE: seldon-system                 seldon-controller-manager-5569844fd7-jdksh         0/1     Pending                0          0s


PODS UPDATE: seldodeployment "mymodel-mymodel-0-complex-model" successfully rolled out
FAILEDn-system                 seldon-controller-manager-5569844fd7-jdksh         0/1     Pending                0          0s


PODS UPDATE: seldon-system                 seldon-controller-manager-5569844fd7-jdksh         0/1     ContainerCreating      0          0s


PODS UPDATE: seldon-system                 seldon-controller-manager-5569844fd7-jdksh         1/1     Running                0          2s


PODS UPDATE: seldon-system                 seldon-controller-manager-78cf68ffb9-pdbnc         0/1     Terminating            0          2m26s


PODS UPDATE: seldon-system                 seldon-controller-manager-78cf68ffb9-pdbnc         0/1     Terminating            0          2m26s


PODS UPDATE: test-label-update-1-0-2       mymodel-mymodel-0-complex-model-6f68874fcb-268t9   1/2     Terminating            0          68s


PODS UPDATE: test-label-update-1-0-2       mymodel-mymodel-0-complex-model-6f68874fcb-268t9   0/2     Terminating            0          78s


PODS UPDATE: test-label-update-1-0-2       mymodel-mymodel-0-complex-model-6f68874fcb-268t9   0/2     Terminating            0          88s


PODS UPDATE: test-label-update-1-0-2       mymodel-mymodel-0-complex-model-6f68874fcb-268t9   0/2     Terminating            0          88s


PODS UPDATE: seldon-system                 seldon-controller-manager-5569844fd7-jdksh         1/1     Terminating            0          31s


PODS UPDATE: seldon-system                 seldon-controller-manager-5569844fd7-jdksh         0/1     Terminating            0          33s


PODS UPDATE: seldon-system                 seldon-controller-manager-5569844fd7-jdksh         0/1     Terminating            0          34s


PODS UPDATE: seldon-system                 seldon-controller-manager-5569844fd7-jdksh         0/1     Terminating            0          34s


PODS UPDATE: seldon-system                 seldon-controller-manager-6978f54b99-bh7gk         0/1     Pending                0          0s


PODS UPDATE: seldon-system                 seldon-controller-manager-6978f54b99-bh7gk         0/1     Pending                0          0s


PODS UPDATE: seldon-system                 seldon-controller-manager-6978f54b99-bh7gk         0/1     ContainerCreating      0          0s


PODS UPDATE: seldon-system                 seldon-controller-manager-6978f54b99-bh7gk         1/1     Running                0          2s


PODS UPDATE: test-label-update-1-1-0       mymodel-mymodel-0-complex-model-67df8cf78-zds4g    0/2     Pending                0          0s


PODS UPDATE: test-label-update-1-1-0       mymodel-mymodel-0-complex-model-67df8cf78-zds4g    0/2     Pending                0          0s


PODS UPDATE: test-label-update-1-1-0       mymodel-mymodel-0-complex-model-67df8cf78-zds4g    0/2     ContainerCreating      0          0s


PODS UPDATE: test-label-update-1-1-0       mymodel-mymodel-0-complex-model-67df8cf78-zds4g    0/2     Running                0          4s


PODS UPDATE: test-label-update-1-1-0       mymodel-mymodel-0-complex-model-67df8cf78-zds4g    1/2     Running                0          27s


PODS UPDATE: test-label-update-1-1-0       mymodel-mymodel-0-complex-model-67df8cf78-zds4g    2/2     Running                0          27s


PODS UPDATE: test-label-update-1-1-0       seldon-controller-manager-787cb4674-w557j          0/1     Pending                0          0s


PODS UPDATE: test-label-update-1-1-0       seldon-controller-manager-787cb4674-w557j          0/1     Pending                0          0s


PODS UPDATE: test-label-update-1-1-0       seldon-controller-manager-787cb4674-w557j          0/1     ContainerCreating      0          1s


PODS UPDATE: test-label-update-1-1-0       seldon-controller-manager-787cb4674-w557j          1/1     Running                0          15s


PODS UPDATE: test-label-update-1-1-0       mymodel-mymodel-0-complex-model-5dff596565-jlfxv   0/2     Pending                0          0s


PODS UPDATE: test-label-update-1-1-0       mymodel-mymodel-0-complex-model-5dff596565-jlfxv   0/2     Pending                0          0s


PODS UPDATE: test-label-update-1-1-0       mymodel-mymodel-0-complex-model-5dff596565-jlfxv   0/2     ContainerCreating      0          0s


PODS UPDATE: test-label-update-1-1-0       mymodel-mymodel-0-complex-model-5dff596565-jlfxv   0/2     Running                0          1s


PODS UPDATE: test-label-update-1-1-0       mymodel-mymodel-0-complex-model-5dff596565-jlfxv   1/2     Running                0          21s


PODS UPDATE: test-label-update-1-1-0       mymodel-mymodel-0-complex-model-5dff596565-jlfxv   2/2     Running                0          21s


PODS UPDATE: test-label-update-1-1-0       mymodel-mymodel-0-complex-model-67df8cf78-zds4g    2/2     Terminating            0          76s


PODS UPDATE: seldon-system                 seldon-controller-manager-6978f54b99-bh7gk         1/1     Terminating            0          105s


PODS UPDATE: test-label-update-1-1-0       mymodel-mymodel-0-complex-model-5dff596565-jlfxv   2/2     Terminating            0          30s


PODS UPDATE: test-label-update-1-1-0       mymodel-mymodel-0-complex-model-67df8cf78-zds4g    1/2     Terminating            0          87s

namespace "test-label-update-1-1-0" deleted

test_rolling_updates.py::TestRollingHttp::test_rolling_update5[ambas] namespace/test-rolling-update5-ambas created
seldondeployment.machinelearning.seldon.io/mymodel created
deployment "mymodel-mymodel-0-complex-model" successfully rolled out
seldondeployment.machinelearning.seldon.io/mymodel configured
seldondeployment.machinelearning.seldon.io "mymodel" deleted
Error from server (NotFound): error when deleting "../resources/graph6.json": seldondeployments.machinelearning.seldon.io "mymodel" not found
PASSEDnamespace "test-rolling-update5-ambas" deleted

test_rolling_updates.py::TestRollingHttp::test_rolling_update5[istio] namespace/test-rolling-update5-istio created
seldondeployment.machinelearning.seldon.io/mymodel created
deployment "mymodel-mymodel-0-complex-model" successfully rolled out
seldondeployment.machinelearning.seldon.io/mymodel configured
seldondeployment.machinelearning.seldon.io "mymodel" deleted
Error from server (NotFound): error when deleting "../resources/graph6.json": seldondeployments.machinelearning.seldon.io "mymodel" not found
PASSEDnamespace "test-rolling-update5-istio" deleted

test_rolling_updates.py::TestRollingHttp::test_rolling_update6[ambas] namespace/test-rolling-update6-ambas created
seldondeployment.machinelearning.seldon.io/mymodel created
deployment "mymodel-mymodel-0-complex-model" successfully rolled out
deployment "mymodel-mymodel-svc-orch" successfully rolled out
seldondeployment.machinelearning.seldon.io/mymodel configured
seldondeployment.machinelearning.seldon.io "mymodel" deleted
Error from server (NotFound): error when deleting "../resources/graph2svc.json": seldondeployments.machinelearning.seldon.io "mymodel" not found
PASSEDnamespace "test-rolling-update6-ambas" deleted

test_rolling_updates.py::TestRollingHttp::test_rolling_update6[istio] namespace/test-rolling-update6-istio created
seldondeployment.machinelearning.seldon.io/mymodel created
deployment "mymodel-mymodel-0-complex-model" successfully rolled out
deployment "mymodel-mymodel-svc-orch" successfully rolled out
seldondeployment.machinelearning.seldon.io/mymodel configured
seldondeployment.machinelearning.seldon.io "mymodel" deleted
Error from server (NotFound): error when deleting "../resources/graph2svc.json": seldondeployments.machinelearning.seldon.io "mymodel" not found
PASSEDnamespace "test-rolling-update6-istio" deleted

test_rolling_updates.py::TestRollingHttp::test_rolling_update7[ambas] namespace/test-rolling-update7-ambas created
seldondeployment.machinelearning.seldon.io/mymodel created
deployment "mymodel-mymodel-0-complex-model" successfully rolled out
deployment "mymodel-mymodel-svc-orch" successfully rolled out
seldondeployment.machinelearning.seldon.io/mymodel configured
seldondeployment.machinelearning.seldon.io "mymodel" deleted
Error from server (NotFound): error when deleting "../resources/graph3svc.json": seldondeployments.machinelearning.seldon.io "mymodel" not found
PASSEDnamespace "test-rolling-update7-ambas" deleted

test_rolling_updates.py::TestRollingHttp::test_rolling_update7[istio] namespace/test-rolling-update7-istio created
seldondeployment.machinelearning.seldon.io/mymodel created
deployment "mymodel-mymodel-0-complex-model" successfully rolled out
deployment "mymodel-mymodel-svc-orch" successfully rolled out
seldondeployment.machinelearning.seldon.io/mymodel configured
seldondeployment.machinelearning.seldon.io "mymodel" deleted
Error from server (NotFound): error when deleting "../resources/graph3svc.json": seldondeployments.machinelearning.seldon.io "mymodel" not found
PASSEDnamespace "test-rolling-update7-istio" deleted

test_rolling_updates.py::TestRollingHttp::test_rolling_update8[ambas] namespace/test-rolling-update8-ambas created
seldondeployment.machinelearning.seldon.io/mymodel created
deployment "mymodel-mymodel-0-complex-model" successfully rolled out
deployment "mymodel-mymodel-svc-orch" successfully rolled out
seldondeployment.machinelearning.seldon.io/mymodel configured
seldondeployment.machinelearning.seldon.io "mymodel" deleted
Error from server (NotFound): error when deleting "../resources/graph4svc.json": seldondeployments.machinelearning.seldon.io "mymodel" not found
PASSEDnamespace "test-rolling-update8-ambas" deleted

test_rolling_updates.py::TestRollingHttp::test_rolling_update8[istio] namespace/test-rolling-update8-istio created
seldondeployment.machinelearning.seldon.io/mymodel created
deployment "mymodel-mymodel-0-complex-model" successfully rolled out
deployment "mymodel-mymodel-svc-orch" successfully rolled out
seldondeployment.machinelearning.seldon.io/mymodel configured
seldondeployment.machinelearning.seldon.io "mymodel" deleted
Error from server (NotFound): error when deleting "../resources/graph4svc.json": seldondeployments.machinelearning.seldon.io "mymodel" not found
PASSEDnamespace "test-rolling-update8-istio" deleted

test_rolling_updates.py::TestRollingHttp::test_rolling_update9[ambas] namespace/test-rolling-update9-ambas created
seldondeployment.machinelearning.seldon.io/mymodel created
deployment "mymodel-mymodel-0-complex-model" successfully rolled out
deployment "mymodel-mymodel-svc-orch" successfully rolled out
seldondeployment.machinelearning.seldon.io/mymodel configured
seldondeployment.machinelearning.seldon.io "mymodel" deleted
Error from server (NotFound): error when deleting "../resources/graph5svc.json": seldondeployments.machinelearning.seldon.io "mymodel" not found
PASSEDnamespace "test-rolling-update9-ambas" deleted

test_rolling_updates.py::TestRollingHttp::test_rolling_update9[istio] namespace/test-rolling-update9-istio created
seldondeployment.machinelearning.seldon.io/mymodel created
deployment "mymodel-mymodel-0-complex-model" successfully rolled out
deployment "mymodel-mymodel-svc-orch" successfully rolled out
seldondeployment.machinelearning.seldon.io/mymodel configured
namespace "test-rolling-update9-istio" deleted
namespace/test-rolling-update9-istio created
seldondeployment.machinelearning.seldon.io/mymodel created
deployment "mymodel-mymodel-0-complex-model" successfully rolled out
deployment "mymodel-mymodel-svc-orch" successfully rolled out
seldondeployment.machinelearning.seldon.io/mymodel configured
seldondeployment.machinelearning.seldon.io "mymodel" deleted
Error from server (NotFound): error when deleting "../resources/graph5svc.json": seldondeployments.machinelearning.seldon.io "mymodel" not found
PASSEDnamespace "test-rolling-update9-istio" deleted

test_rolling_updates.py::TestRollingHttp::test_rolling_update10[ambas] namespace/test-rolling-update10-ambas created
seldondeployment.machinelearning.seldon.io/mymodel created
deployment "mymodel-mymodel-0-complex-model" successfully rolled out
deployment "mymodel-mymodel-svc-orch" successfully rolled out
seldondeployment.machinelearning.seldon.io/mymodel configured
seldondeployment.machinelearning.seldon.io "mymodel" deleted
Error from server (NotFound): error when deleting "../resources/graph6svc.json": seldondeployments.machinelearning.seldon.io "mymodel" not found
PASSEDnamespace "test-rolling-update10-ambas" deleted

test_rolling_updates.py::TestRollingHttp::test_rolling_update10[istio] namespace/test-rolling-update10-istio created
seldondeployment.machinelearning.seldon.io/mymodel created
deployment "mymodel-mymodel-0-complex-model" successfully rolled out
deployment "mymodel-mymodel-svc-orch" successfully rolled out
seldondeployment.machinelearning.seldon.io/mymodel configured
seldondeployment.machinelearning.seldon.io "mymodel" deleted
Error from server (NotFound): error when deleting "../resources/graph6svc.json": seldondeployments.machinelearning.seldon.io "mymodel" not found
PASSEDnamespace "test-rolling-update10-istio" deleted

test_s2i_python.py::TestPythonS2i::test_build_router_rest ---> Installing application source...
Collecting pip-licenses
Downloading https://files.pythonhosted.org/packages/c5/50/6c4b4e69a0c43bd9f03a30579695093062ba72da4e3e4026cd2144dbcc71/pip_licenses-2.3.0-py3-none-any.whl
Collecting PTable (from pip-licenses)
Downloading https://files.pythonhosted.org/packages/ab/b3/b54301811173ca94119eb474634f120a49cd370f257d1aae5a4abaf12729/PTable-0.9.2.tar.gz
Building wheels for collected packages: PTable
Building wheel for PTable (setup.py): started
Building wheel for PTable (setup.py): finished with status 'done'
Created wheel for PTable: filename=PTable-0.9.2-cp37-none-any.whl size=22906 sha256=eca305879e5ad0cd54aef9c1eae33d72a383d243b6ce71f746256dfb7163687f
Stored in directory: /root/.cache/pip/wheels/22/cc/2e/55980bfe86393df3e9896146a01f6802978d09d7ebcba5ea56
Successfully built PTable
Installing collected packages: PTable, pip-licenses
Successfully installed PTable-0.9.2 pip-licenses-2.3.0
created path: ./licenses/license_info.csv
created path: ./licenses/license.txt
Build completed successfully
0d1cbe3b4732453d7489020e250df848761fe3d6ea653cb3e590dada7ad9ab87
router-rest
PASSED
test_s2i_python.py::TestPythonS2i::test_build_router_grpc ---> Installing application source...
Collecting pip-licenses
Downloading https://files.pythonhosted.org/packages/c5/50/6c4b4e69a0c43bd9f03a30579695093062ba72da4e3e4026cd2144dbcc71/pip_licenses-2.3.0-py3-none-any.whl
Collecting PTable (from pip-licenses)
Downloading https://files.pythonhosted.org/packages/ab/b3/b54301811173ca94119eb474634f120a49cd370f257d1aae5a4abaf12729/PTable-0.9.2.tar.gz
Building wheels for collected packages: PTable
Building wheel for PTable (setup.py): started
Building wheel for PTable (setup.py): finished with status 'done'
Created wheel for PTable: filename=PTable-0.9.2-cp37-none-any.whl size=22906 sha256=b7336c92fc319274a4d9507d9f5bf6fc428bd97ad36c19b6e79d2a78b31a1637
Stored in directory: /root/.cache/pip/wheels/22/cc/2e/55980bfe86393df3e9896146a01f6802978d09d7ebcba5ea56
Successfully built PTable
Installing collected packages: PTable, pip-licenses
Successfully installed PTable-0.9.2 pip-licenses-2.3.0
created path: ./licenses/license_info.csv
created path: ./licenses/license.txt
Build completed successfully
e21999584f252b093753c2e290fcc84a4abc2b8a6c870372ad50b048fddf4991
router-grpc
PASSED
test_s2i_python.py::TestPythonS2i::test_build_model_rest ---> Installing application source...
Collecting pip-licenses
Downloading https://files.pythonhosted.org/packages/c5/50/6c4b4e69a0c43bd9f03a30579695093062ba72da4e3e4026cd2144dbcc71/pip_licenses-2.3.0-py3-none-any.whl
Collecting PTable (from pip-licenses)
Downloading https://files.pythonhosted.org/packages/ab/b3/b54301811173ca94119eb474634f120a49cd370f257d1aae5a4abaf12729/PTable-0.9.2.tar.gz
Building wheels for collected packages: PTable
Building wheel for PTable (setup.py): started
Building wheel for PTable (setup.py): finished with status 'done'
Created wheel for PTable: filename=PTable-0.9.2-cp37-none-any.whl size=22906 sha256=7a34132ecc791fa0716083619854ad1a74171795ed3745e76b6cfd607160fb13
Stored in directory: /root/.cache/pip/wheels/22/cc/2e/55980bfe86393df3e9896146a01f6802978d09d7ebcba5ea56
Successfully built PTable
Installing collected packages: PTable, pip-licenses
Successfully installed PTable-0.9.2 pip-licenses-2.3.0
created path: ./licenses/license_info.csv
created path: ./licenses/license.txt
Build completed successfully
610ab63786b9eef1511e5087d06800c59e9906d7797023cbd70e13c751c00f89
model-rest
PASSED
test_s2i_python.py::TestPythonS2i::test_build_model_grpc ---> Installing application source...
Collecting pip-licenses
Downloading https://files.pythonhosted.org/packages/c5/50/6c4b4e69a0c43bd9f03a30579695093062ba72da4e3e4026cd2144dbcc71/pip_licenses-2.3.0-py3-none-any.whl
Collecting PTable (from pip-licenses)
Downloading https://files.pythonhosted.org/packages/ab/b3/b54301811173ca94119eb474634f120a49cd370f257d1aae5a4abaf12729/PTable-0.9.2.tar.gz
Building wheels for collected packages: PTable
Building wheel for PTable (setup.py): started
Building wheel for PTable (setup.py): finished with status 'done'
Created wheel for PTable: filename=PTable-0.9.2-cp37-none-any.whl size=22906 sha256=dd0ed3c2c67c509e422752d93e5e411fecc55c827e3e6f8f513a25fa5496cbf9
Stored in directory: /root/.cache/pip/wheels/22/cc/2e/55980bfe86393df3e9896146a01f6802978d09d7ebcba5ea56
Successfully built PTable
Installing collected packages: PTable, pip-licenses
Successfully installed PTable-0.9.2 pip-licenses-2.3.0
created path: ./licenses/license_info.csv
created path: ./licenses/license.txt
Build completed successfully
499a3de841d362f098e533214948c52c05f234ef5f05985e0613592c48902d3c
model-grpc
PASSED
test_s2i_python.py::TestPythonS2i::test_build_transformer_rest ---> Installing application source...
Collecting pip-licenses
Downloading https://files.pythonhosted.org/packages/c5/50/6c4b4e69a0c43bd9f03a30579695093062ba72da4e3e4026cd2144dbcc71/pip_licenses-2.3.0-py3-none-any.whl
Collecting PTable (from pip-licenses)
Downloading https://files.pythonhosted.org/packages/ab/b3/b54301811173ca94119eb474634f120a49cd370f257d1aae5a4abaf12729/PTable-0.9.2.tar.gz
Building wheels for collected packages: PTable
Building wheel for PTable (setup.py): started
Building wheel for PTable (setup.py): finished with status 'done'
Created wheel for PTable: filename=PTable-0.9.2-cp37-none-any.whl size=22906 sha256=9316014af5b66f505512f17c551a6df86226a3acd7378d90b5cb68d2976c37e5
Stored in directory: /root/.cache/pip/wheels/22/cc/2e/55980bfe86393df3e9896146a01f6802978d09d7ebcba5ea56
Successfully built PTable
Installing collected packages: PTable, pip-licenses
Successfully installed PTable-0.9.2 pip-licenses-2.3.0
created path: ./licenses/license_info.csv
created path: ./licenses/license.txt
Build completed successfully
6dc719c51f7f163b3222d51dabc84914a6fb24272478364d756cfcb3c451235b
transformer-rest
PASSED
test_s2i_python.py::TestPythonS2i::test_build_transformer_grpc ---> Installing application source...
Collecting pip-licenses
Downloading https://files.pythonhosted.org/packages/c5/50/6c4b4e69a0c43bd9f03a30579695093062ba72da4e3e4026cd2144dbcc71/pip_licenses-2.3.0-py3-none-any.whl
Collecting PTable (from pip-licenses)
Downloading https://files.pythonhosted.org/packages/ab/b3/b54301811173ca94119eb474634f120a49cd370f257d1aae5a4abaf12729/PTable-0.9.2.tar.gz
Building wheels for collected packages: PTable
Building wheel for PTable (setup.py): started
Building wheel for PTable (setup.py): finished with status 'done'
Created wheel for PTable: filename=PTable-0.9.2-cp37-none-any.whl size=22906 sha256=6ec503e9201feac452b2c7eac9ff1529e29d7eaf73dbc27c90b11afab29b27dd
Stored in directory: /root/.cache/pip/wheels/22/cc/2e/55980bfe86393df3e9896146a01f6802978d09d7ebcba5ea56
Successfully built PTable
Installing collected packages: PTable, pip-licenses
Successfully installed PTable-0.9.2 pip-licenses-2.3.0
created path: ./licenses/license_info.csv
created path: ./licenses/license.txt
Build completed successfully
1dfa0584599a0964fefa8bc5c1f6dcb95a24dc45c1b5b834414f3c11aa69c487
transformer-grpc
PASSED
test_s2i_python.py::TestPythonS2i::test_build_combiner_rest ---> Installing application source...
Collecting pip-licenses
Downloading https://files.pythonhosted.org/packages/c5/50/6c4b4e69a0c43bd9f03a30579695093062ba72da4e3e4026cd2144dbcc71/pip_licenses-2.3.0-py3-none-any.whl
Collecting PTable (from pip-licenses)
Downloading https://files.pythonhosted.org/packages/ab/b3/b54301811173ca94119eb474634f120a49cd370f257d1aae5a4abaf12729/PTable-0.9.2.tar.gz
Building wheels for collected packages: PTable
Building wheel for PTable (setup.py): started
Building wheel for PTable (setup.py): finished with status 'done'
Created wheel for PTable: filename=PTable-0.9.2-cp37-none-any.whl size=22906 sha256=7e367f39961a48b94497905bd282debd46584be4bb0567d6948424c645683e4c
Stored in directory: /root/.cache/pip/wheels/22/cc/2e/55980bfe86393df3e9896146a01f6802978d09d7ebcba5ea56
Successfully built PTable
Installing collected packages: PTable, pip-licenses
Successfully installed PTable-0.9.2 pip-licenses-2.3.0
created path: ./licenses/license_info.csv
created path: ./licenses/license.txt
Build completed successfully
49c49e81579841382e5f478430c5c677be20907f9788362b27fed6cda6c04844
combiner-rest
PASSED
test_s2i_python.py::TestPythonS2i::test_build_combiner_grpc ---> Installing application source...
Collecting pip-licenses
Downloading https://files.pythonhosted.org/packages/c5/50/6c4b4e69a0c43bd9f03a30579695093062ba72da4e3e4026cd2144dbcc71/pip_licenses-2.3.0-py3-none-any.whl
Collecting PTable (from pip-licenses)
Downloading https://files.pythonhosted.org/packages/ab/b3/b54301811173ca94119eb474634f120a49cd370f257d1aae5a4abaf12729/PTable-0.9.2.tar.gz
Building wheels for collected packages: PTable
Building wheel for PTable (setup.py): started
Building wheel for PTable (setup.py): finished with status 'done'
Created wheel for PTable: filename=PTable-0.9.2-cp37-none-any.whl size=22906 sha256=1d032eb4b8a16eae86b954a5933af38fbc7afe52a585bfaeefb3cdbba33e1eec
Stored in directory: /root/.cache/pip/wheels/22/cc/2e/55980bfe86393df3e9896146a01f6802978d09d7ebcba5ea56
Successfully built PTable
Installing collected packages: PTable, pip-licenses
Successfully installed PTable-0.9.2 pip-licenses-2.3.0
created path: ./licenses/license_info.csv
created path: ./licenses/license.txt
Build completed successfully
93db7aa5b234aa77ecec3160035100180311fd67258a2e40443aee32066e8271
combiner-grpc
PASSED
test_s2i_python.py::TestPythonS2iK8s::test_model_rest namespace/test-model-rest created
---> Installing application source...
Collecting pip-licenses
Downloading https://files.pythonhosted.org/packages/c5/50/6c4b4e69a0c43bd9f03a30579695093062ba72da4e3e4026cd2144dbcc71/pip_licenses-2.3.0-py3-none-any.whl
Collecting PTable (from pip-licenses)
Downloading https://files.pythonhosted.org/packages/ab/b3/b54301811173ca94119eb474634f120a49cd370f257d1aae5a4abaf12729/PTable-0.9.2.tar.gz
Building wheels for collected packages: PTable
Building wheel for PTable (setup.py): started
Building wheel for PTable (setup.py): finished with status 'done'
Created wheel for PTable: filename=PTable-0.9.2-cp37-none-any.whl size=22906 sha256=4c012b23f59c0d820ed677faa0f7910849986d788551add83165585aa167d4f3
Stored in directory: /root/.cache/pip/wheels/22/cc/2e/55980bfe86393df3e9896146a01f6802978d09d7ebcba5ea56
Successfully built PTable
Installing collected packages: PTable, pip-licenses
Successfully installed PTable-0.9.2 pip-licenses-2.3.0
created path: ./licenses/license_info.csv
created path: ./licenses/license.txt
Build completed successfully
Image: "seldonio/testmodel_rest:0.1" with ID "sha256:b0292e4bb2a47548717e8cc26483d2923c051242bf8d8695853d809eb67e2e46" not present on node "kind-control-plane"
Image: "seldonio/testmodel_rest:0.1" with ID "sha256:b0292e4bb2a47548717e8cc26483d2923c051242bf8d8695853d809eb67e2e46" not present on node "kind-worker"
Error from server (InternalError): error when creating "../resources/s2i_python_model.json": Internal error occurred: failed calling webhook "v1alpha2.mseldondeployment.kb.io": Post https://seldon-webhook-service.seldon-system.svc:443/mutate-machinelearning-seldon-io-v1alpha2-seldondeployment?timeout=30s: dial tcp 10.107.231.199:443: connect: connection refused
Error from server (InternalError): error when creating "../resources/s2i_python_model.json": Internal error occurred: failed calling webhook "v1alpha2.mseldondeployment.kb.io": Post https://seldon-webhook-service.seldon-system.svc:443/mutate-machinelearning-seldon-io-v1alpha2-seldondeployment?timeout=30s: dial tcp 10.107.231.199:443: connect: connection refused
seldondeployment.machinelearning.seldon.io/mymodel created
deployment "mymodel-mymodel-0-model" successfully rolled out
seldondeployment.machinelearning.seldon.io "mymodel" deleted
PASSEDnamespace "test-model-rest" deleted

test_s2i_python.py::TestPythonS2iK8s::test_model_rest_non200 namespace/test-model-rest-non200 created
---> Installing application source...
Collecting pip-licenses
Downloading https://files.pythonhosted.org/packages/c5/50/6c4b4e69a0c43bd9f03a30579695093062ba72da4e3e4026cd2144dbcc71/pip_licenses-2.3.0-py3-none-any.whl
Collecting PTable (from pip-licenses)
Downloading https://files.pythonhosted.org/packages/ab/b3/b54301811173ca94119eb474634f120a49cd370f257d1aae5a4abaf12729/PTable-0.9.2.tar.gz
Building wheels for collected packages: PTable
Building wheel for PTable (setup.py): started
Building wheel for PTable (setup.py): finished with status 'done'
Created wheel for PTable: filename=PTable-0.9.2-cp37-none-any.whl size=22906 sha256=5d7f4e77af6f99a13479b7f61bb02fd0f33871f865b7c7897af3c9a4966be716
Stored in directory: /root/.cache/pip/wheels/22/cc/2e/55980bfe86393df3e9896146a01f6802978d09d7ebcba5ea56
Successfully built PTable
Installing collected packages: PTable, pip-licenses
Successfully installed PTable-0.9.2 pip-licenses-2.3.0
created path: ./licenses/license_info.csv
created path: ./licenses/license.txt
Build completed successfully
Image: "seldonio/testmodel_rest_non200:0.1" with ID "sha256:f7030e3f8e302f134ca99cc655e5dc6a57c34c23fb231db2e77d315bc5c06bdf" not present on node "kind-control-plane"
Image: "seldonio/testmodel_rest_non200:0.1" with ID "sha256:f7030e3f8e302f134ca99cc655e5dc6a57c34c23fb231db2e77d315bc5c06bdf" not present on node "kind-worker"
Error from server (InternalError): error when creating "../resources/s2i_python_model_non200.json": Internal error occurred: failed calling webhook "v1alpha2.mseldondeployment.kb.io": Post https://seldon-webhook-service.seldon-system.svc:443/mutate-machinelearning-seldon-io-v1alpha2-seldondeployment?timeout=30s: dial tcp 10.107.231.199:443: connect: connection refused
Error from server (InternalError): error when creating "../resources/s2i_python_model_non200.json": Internal error occurred: failed calling webhook "v1alpha2.mseldondeployment.kb.io": Post https://seldon-webhook-service.seldon-system.svc:443/mutate-machinelearning-seldon-io-v1alpha2-seldondeployment?timeout=30s: dial tcp 10.107.231.199:443: connect: connection refused
Error from server (InternalError): error when creating "../resources/s2i_python_model_non200.json": Internal error occurred: failed calling webhook "v1alpha2.mseldondeployment.kb.io": Post https://seldon-webhook-service.seldon-system.svc:443/mutate-machinelearning-seldon-io-v1alpha2-seldondeployment?timeout=30s: dial tcp 10.107.231.199:443: connect: connection refused
Error from server (InternalError): error when creating "../resources/s2i_python_model_non200.json": Internal error occurred: failed calling webhook "v1alpha2.mseldondeployment.kb.io": Post https://seldon-webhook-service.seldon-system.svc:443/mutate-machinelearning-seldon-io-v1alpha2-seldondeployment?timeout=30s: dial tcp 10.107.231.199:443: connect: connection refused
Error from server (InternalError): error when creating "../resources/s2i_python_model_non200.json": Internal error occurred: failed calling webhook "v1alpha2.mseldondeployment.kb.io": Post https://seldon-webhook-service.seldon-system.svc:443/mutate-machinelearning-seldon-io-v1alpha2-seldondeployment?timeout=30s: dial tcp 10.107.231.199:443: connect: connection refused
Error from server (InternalError): error when creating "../resources/s2i_python_model_non200.json": Internal error occurred: failed calling webhook "v1alpha2.mseldondeployment.kb.io": Post https://seldon-webhook-service.seldon-system.svc:443/mutate-machinelearning-seldon-io-v1alpha2-seldondeployment?timeout=30s: dial tcp 10.107.231.199:443: connect: connection refused
Error from server (InternalError): error when creating "../resources/s2i_python_model_non200.json": Internal error occurred: failed calling webhook "v1alpha2.mseldondeployment.kb.io": Post https://seldon-webhook-service.seldon-system.svc:443/mutate-machinelearning-seldon-io-v1alpha2-seldondeployment?timeout=30s: dial tcp 10.107.231.199:443: connect: connection refused
seldondeployment.machinelearning.seldon.io/mymodel created
deployment "mymodel-mymodel-0-model" successfully rolled out
seldondeployment.machinelearning.seldon.io "mymodel" deleted
PASSEDnamespace "test-model-rest-non200" deleted

test_s2i_python.py::TestPythonS2iK8s::test_input_transformer_rest namespace/test-input-transformer-rest created
---> Installing application source...
Collecting pip-licenses
Downloading https://files.pythonhosted.org/packages/c5/50/6c4b4e69a0c43bd9f03a30579695093062ba72da4e3e4026cd2144dbcc71/pip_licenses-2.3.0-py3-none-any.whl
Collecting PTable (from pip-licenses)
Downloading https://files.pythonhosted.org/packages/ab/b3/b54301811173ca94119eb474634f120a49cd370f257d1aae5a4abaf12729/PTable-0.9.2.tar.gz
Building wheels for collected packages: PTable
Building wheel for PTable (setup.py): started
Building wheel for PTable (setup.py): finished with status 'done'
Created wheel for PTable: filename=PTable-0.9.2-cp37-none-any.whl size=22906 sha256=86b2768e1ddc9ab41f6528c165554e43da8a4b9d91ed2a121519f94ac8a1ed6f
Stored in directory: /root/.cache/pip/wheels/22/cc/2e/55980bfe86393df3e9896146a01f6802978d09d7ebcba5ea56
Successfully built PTable
Installing collected packages: PTable, pip-licenses
Successfully installed PTable-0.9.2 pip-licenses-2.3.0
created path: ./licenses/license_info.csv
created path: ./licenses/license.txt
Build completed successfully
Image: "seldonio/testtransformer_rest:0.1" with ID "sha256:eab8872c8c11c975b2cc3db526d5714615b14d9b2dc2dfe7361c050aec3bbd6d" not present on node "kind-control-plane"
Image: "seldonio/testtransformer_rest:0.1" with ID "sha256:eab8872c8c11c975b2cc3db526d5714615b14d9b2dc2dfe7361c050aec3bbd6d" not present on node "kind-worker"
seldondeployment.machinelearning.seldon.io/mytrans created
deployment "mytrans-mytrans-0-trans" successfully rolled out
seldondeployment.machinelearning.seldon.io "mytrans" deleted
PASSEDnamespace "test-input-transformer-rest" deleted

test_s2i_python.py::TestPythonS2iK8s::test_output_transformer_rest namespace/test-output-transformer-rest created
---> Installing application source...
Collecting pip-licenses
Downloading https://files.pythonhosted.org/packages/c5/50/6c4b4e69a0c43bd9f03a30579695093062ba72da4e3e4026cd2144dbcc71/pip_licenses-2.3.0-py3-none-any.whl
Collecting PTable (from pip-licenses)
Downloading https://files.pythonhosted.org/packages/ab/b3/b54301811173ca94119eb474634f120a49cd370f257d1aae5a4abaf12729/PTable-0.9.2.tar.gz
Building wheels for collected packages: PTable
Building wheel for PTable (setup.py): started
Building wheel for PTable (setup.py): finished with status 'done'
Created wheel for PTable: filename=PTable-0.9.2-cp37-none-any.whl size=22906 sha256=e9dfccf1e43d99882f33fec5f7eb1dc81e7532ccb2eb26c762f9ebfb2cb90477
Stored in directory: /root/.cache/pip/wheels/22/cc/2e/55980bfe86393df3e9896146a01f6802978d09d7ebcba5ea56
Successfully built PTable
Installing collected packages: PTable, pip-licenses
Successfully installed PTable-0.9.2 pip-licenses-2.3.0
created path: ./licenses/license_info.csv
created path: ./licenses/license.txt
Build completed successfully
Image: "seldonio/testtransformer_rest:0.1" with ID "sha256:07da8681416c5d6662bfe25e8a51edadfb81354a245f9ce63202f5cffbc14d8c" not present on node "kind-control-plane"
Image: "seldonio/testtransformer_rest:0.1" with ID "sha256:07da8681416c5d6662bfe25e8a51edadfb81354a245f9ce63202f5cffbc14d8c" not present on node "kind-worker"
seldondeployment.machinelearning.seldon.io/mytrans created
deployment "mytrans-mytrans-0-model-transformer" successfully rolled out
seldondeployment.machinelearning.seldon.io "mytrans" deleted
PASSEDnamespace "test-output-transformer-rest" deleted

test_s2i_python.py::TestPythonS2iK8s::test_router_rest namespace/test-router-rest created
---> Installing application source...
Collecting pip-licenses
Downloading https://files.pythonhosted.org/packages/c5/50/6c4b4e69a0c43bd9f03a30579695093062ba72da4e3e4026cd2144dbcc71/pip_licenses-2.3.0-py3-none-any.whl
Collecting PTable (from pip-licenses)
Downloading https://files.pythonhosted.org/packages/ab/b3/b54301811173ca94119eb474634f120a49cd370f257d1aae5a4abaf12729/PTable-0.9.2.tar.gz
Building wheels for collected packages: PTable
Building wheel for PTable (setup.py): started
Building wheel for PTable (setup.py): finished with status 'done'
Created wheel for PTable: filename=PTable-0.9.2-cp37-none-any.whl size=22906 sha256=31564de8ddf31d9b88da29bd87a755295ecb86ebd2776a7a0d48934f615fdde9
Stored in directory: /root/.cache/pip/wheels/22/cc/2e/55980bfe86393df3e9896146a01f6802978d09d7ebcba5ea56
Successfully built PTable
Installing collected packages: PTable, pip-licenses
Successfully installed PTable-0.9.2 pip-licenses-2.3.0
created path: ./licenses/license_info.csv
created path: ./licenses/license.txt
Build completed successfully
Image: "seldonio/testmodel_rest:0.1" with ID "sha256:ea8db17349b1ce82b85ebbfc9bbb842b18b601a8506a58298f6efcaf06dc408b" not present on node "kind-control-plane"
Image: "seldonio/testmodel_rest:0.1" with ID "sha256:ea8db17349b1ce82b85ebbfc9bbb842b18b601a8506a58298f6efcaf06dc408b" not present on node "kind-worker"
---> Installing application source...
Collecting pip-licenses
Downloading https://files.pythonhosted.org/packages/c5/50/6c4b4e69a0c43bd9f03a30579695093062ba72da4e3e4026cd2144dbcc71/pip_licenses-2.3.0-py3-none-any.whl
Collecting PTable (from pip-licenses)
Downloading https://files.pythonhosted.org/packages/ab/b3/b54301811173ca94119eb474634f120a49cd370f257d1aae5a4abaf12729/PTable-0.9.2.tar.gz
Building wheels for collected packages: PTable
Building wheel for PTable (setup.py): started
Building wheel for PTable (setup.py): finished with status 'done'
Created wheel for PTable: filename=PTable-0.9.2-cp37-none-any.whl size=22906 sha256=bc82313a3bca7d0daaf92d7cb2fcadce89adc4a1354e0fcca46b993430dd4e61
Stored in directory: /root/.cache/pip/wheels/22/cc/2e/55980bfe86393df3e9896146a01f6802978d09d7ebcba5ea56
Successfully built PTable
Installing collected packages: PTable, pip-licenses
Successfully installed PTable-0.9.2 pip-licenses-2.3.0
created path: ./licenses/license_info.csv
created path: ./licenses/license.txt
Build completed successfully
Image: "seldonio/testrouter_rest:0.1" with ID "sha256:f5bca4a74b8726d37a591681b94947c443ed89de42875e79f426cea9d4e0ad96" not present on node "kind-control-plane"
Image: "seldonio/testrouter_rest:0.1" with ID "sha256:f5bca4a74b8726d37a591681b94947c443ed89de42875e79f426cea9d4e0ad96" not present on node "kind-worker"
seldondeployment.machinelearning.seldon.io/myrouter created
deployment "myrouter-myrouter-0-model-router" successfully rolled out
seldondeployment.machinelearning.seldon.io "myrouter" deleted
PASSEDnamespace "test-router-rest" deleted

test_s2i_python.py::TestPythonS2iK8s::test_combiner_rest namespace/test-combiner-rest created
---> Installing application source...
Collecting pip-licenses
Downloading https://files.pythonhosted.org/packages/c5/50/6c4b4e69a0c43bd9f03a30579695093062ba72da4e3e4026cd2144dbcc71/pip_licenses-2.3.0-py3-none-any.whl
Collecting PTable (from pip-licenses)
Downloading https://files.pythonhosted.org/packages/ab/b3/b54301811173ca94119eb474634f120a49cd370f257d1aae5a4abaf12729/PTable-0.9.2.tar.gz
Building wheels for collected packages: PTable
Building wheel for PTable (setup.py): started
Building wheel for PTable (setup.py): finished with status 'done'
Created wheel for PTable: filename=PTable-0.9.2-cp37-none-any.whl size=22906 sha256=e50685fa7753a13a76773c146d4441cdefb6ae9ac3527f2bee120c75102ce021
Stored in directory: /root/.cache/pip/wheels/22/cc/2e/55980bfe86393df3e9896146a01f6802978d09d7ebcba5ea56
Successfully built PTable
Installing collected packages: PTable, pip-licenses
Successfully installed PTable-0.9.2 pip-licenses-2.3.0
created path: ./licenses/license_info.csv
created path: ./licenses/license.txt
Build completed successfully
Image: "seldonio/testmodel_rest:0.1" with ID "sha256:41e34626fa153669e06de4ee14856d524be5bdaca3c490f71cdca42b96d3736d" not present on node "kind-control-plane"
Image: "seldonio/testmodel_rest:0.1" with ID "sha256:41e34626fa153669e06de4ee14856d524be5bdaca3c490f71cdca42b96d3736d" not present on node "kind-worker"
---> Installing application source...
Collecting pip-licenses
Downloading https://files.pythonhosted.org/packages/c5/50/6c4b4e69a0c43bd9f03a30579695093062ba72da4e3e4026cd2144dbcc71/pip_licenses-2.3.0-py3-none-any.whl
Collecting PTable (from pip-licenses)
Downloading https://files.pythonhosted.org/packages/ab/b3/b54301811173ca94119eb474634f120a49cd370f257d1aae5a4abaf12729/PTable-0.9.2.tar.gz
Building wheels for collected packages: PTable
Building wheel for PTable (setup.py): started
Building wheel for PTable (setup.py): finished with status 'done'
Created wheel for PTable: filename=PTable-0.9.2-cp37-none-any.whl size=22906 sha256=fd9c6de7ee297e77fa2c4eb7f58f3424d17a799970a86d6d30979e85fb949fe6
Stored in directory: /root/.cache/pip/wheels/22/cc/2e/55980bfe86393df3e9896146a01f6802978d09d7ebcba5ea56
Successfully built PTable
Installing collected packages: PTable, pip-licenses
Successfully installed PTable-0.9.2 pip-licenses-2.3.0
created path: ./licenses/license_info.csv
created path: ./licenses/license.txt
Build completed successfully
Image: "seldonio/testcombiner_rest:0.1" with ID "sha256:f20f9c70363123ce50e1fe3b441f36b30c55851c800d343290b58d7312f4f9a6" not present on node "kind-control-plane"
Image: "seldonio/testcombiner_rest:0.1" with ID "sha256:f20f9c70363123ce50e1fe3b441f36b30c55851c800d343290b58d7312f4f9a6" not present on node "kind-worker"
seldondeployment.machinelearning.seldon.io/mycombiner created
deployment "mycombiner-mycombiner-0-model-combiner" successfully rolled out
seldondeployment.machinelearning.seldon.io "mycombiner" deleted
PASSEDnamespace "test-combiner-rest" deleted

test_seldon_metadata.py::TestTagsPythonS2i::test_build_modelmetadata_rest ---> Installing application source...
Collecting pip-licenses
Downloading https://files.pythonhosted.org/packages/c5/50/6c4b4e69a0c43bd9f03a30579695093062ba72da4e3e4026cd2144dbcc71/pip_licenses-2.3.0-py3-none-any.whl
Collecting PTable (from pip-licenses)
Downloading https://files.pythonhosted.org/packages/ab/b3/b54301811173ca94119eb474634f120a49cd370f257d1aae5a4abaf12729/PTable-0.9.2.tar.gz
Building wheels for collected packages: PTable
Building wheel for PTable (setup.py): started
Building wheel for PTable (setup.py): finished with status 'done'
Created wheel for PTable: filename=PTable-0.9.2-cp37-none-any.whl size=22906 sha256=c273cad437c5454a8f4efefce7977b4979cd8de7067d504140576495d6c5cebf
Stored in directory: /root/.cache/pip/wheels/22/cc/2e/55980bfe86393df3e9896146a01f6802978d09d7ebcba5ea56
Successfully built PTable
Installing collected packages: PTable, pip-licenses
Successfully installed PTable-0.9.2 pip-licenses-2.3.0
created path: ./licenses/license_info.csv
created path: ./licenses/license.txt
Build completed successfully
ddfcd9fd24199dad917d63491357c95c871af482aef25a24f3ac8609b4bb9f08
model-modelmetadata-rest
PASSED
test_seldon_metadata.py::TestTagsPythonS2i::test_build_modelmetadata_grpc ---> Installing application source...
Collecting pip-licenses
Downloading https://files.pythonhosted.org/packages/c5/50/6c4b4e69a0c43bd9f03a30579695093062ba72da4e3e4026cd2144dbcc71/pip_licenses-2.3.0-py3-none-any.whl
Collecting PTable (from pip-licenses)
Downloading https://files.pythonhosted.org/packages/ab/b3/b54301811173ca94119eb474634f120a49cd370f257d1aae5a4abaf12729/PTable-0.9.2.tar.gz
Building wheels for collected packages: PTable
Building wheel for PTable (setup.py): started
Building wheel for PTable (setup.py): finished with status 'done'
Created wheel for PTable: filename=PTable-0.9.2-cp37-none-any.whl size=22906 sha256=a8701b8196bef301dd184ed0083475e329629b547aa5dd3528de6b5ea8212e96
Stored in directory: /root/.cache/pip/wheels/22/cc/2e/55980bfe86393df3e9896146a01f6802978d09d7ebcba5ea56
Successfully built PTable
Installing collected packages: PTable, pip-licenses
Successfully installed PTable-0.9.2 pip-licenses-2.3.0
created path: ./licenses/license_info.csv
created path: ./licenses/license.txt
Build completed successfully
ca59ae3facc6bbc4125ea0d9c5dc9502626db28efd70e6d12489b1ac0618d9e3
model-modelmetadata-grpc
PASSED
test_seldon_metadata.py::TestTagsPythonS2iK8s::test_modelmetadata_rest namespace/test-modelmetadata-rest created
---> Installing application source...
Collecting pip-licenses
Downloading https://files.pythonhosted.org/packages/c5/50/6c4b4e69a0c43bd9f03a30579695093062ba72da4e3e4026cd2144dbcc71/pip_licenses-2.3.0-py3-none-any.whl
Collecting PTable (from pip-licenses)
Downloading https://files.pythonhosted.org/packages/ab/b3/b54301811173ca94119eb474634f120a49cd370f257d1aae5a4abaf12729/PTable-0.9.2.tar.gz
Building wheels for collected packages: PTable
Building wheel for PTable (setup.py): started
Building wheel for PTable (setup.py): finished with status 'done'
Created wheel for PTable: filename=PTable-0.9.2-cp37-none-any.whl size=22906 sha256=91b0c0dfd3146c81543df368e116b25d603ad33bef94635c024aa2c61dbe888b
Stored in directory: /root/.cache/pip/wheels/22/cc/2e/55980bfe86393df3e9896146a01f6802978d09d7ebcba5ea56
Successfully built PTable
Installing collected packages: PTable, pip-licenses
Successfully installed PTable-0.9.2 pip-licenses-2.3.0
created path: ./licenses/license_info.csv
created path: ./licenses/license.txt
Build completed successfully
Image: "seldonio/test_metadata_modelmetadata_rest:0.1" with ID "sha256:2847ab70ca5359c39abeed7786f0da754f59cadcba40a9c7641acfb5c4c800fd" not present on node "kind-control-plane"
Image: "seldonio/test_metadata_modelmetadata_rest:0.1" with ID "sha256:2847ab70ca5359c39abeed7786f0da754f59cadcba40a9c7641acfb5c4c800fd" not present on node "kind-worker"
seldondeployment.machinelearning.seldon.io/mymodel-modelmetadata created
deployment "mymodel-modelmetadata-example-0-my-model" successfully rolled out
PASSEDnamespace "test-modelmetadata-rest" deleted

test_seldon_metadata.py::TestTagsPythonS2iK8s::test_manifestmodelmetadata_rest namespace/test-manifestmodelmetadata-rest created
---> Installing application source...
Collecting pip-licenses
Downloading https://files.pythonhosted.org/packages/c5/50/6c4b4e69a0c43bd9f03a30579695093062ba72da4e3e4026cd2144dbcc71/pip_licenses-2.3.0-py3-none-any.whl
Collecting PTable (from pip-licenses)
Downloading https://files.pythonhosted.org/packages/ab/b3/b54301811173ca94119eb474634f120a49cd370f257d1aae5a4abaf12729/PTable-0.9.2.tar.gz
Building wheels for collected packages: PTable
Building wheel for PTable (setup.py): started
Building wheel for PTable (setup.py): finished with status 'done'
Created wheel for PTable: filename=PTable-0.9.2-cp37-none-any.whl size=22906 sha256=fa57df15dce49c7cd5299fec454d467a730aab1c3e8035856c575a157c33ea23
Stored in directory: /root/.cache/pip/wheels/22/cc/2e/55980bfe86393df3e9896146a01f6802978d09d7ebcba5ea56
Successfully built PTable
Installing collected packages: PTable, pip-licenses
Successfully installed PTable-0.9.2 pip-licenses-2.3.0
created path: ./licenses/license_info.csv
created path: ./licenses/license.txt
Build completed successfully
Image: "seldonio/test_metadata_manifestmetadata_rest:0.1" with ID "sha256:029dcd0c9abfacd619f749934664b90fa759f5fa653a0d6128312c64cee6ae71" not present on node "kind-control-plane"
Image: "seldonio/test_metadata_manifestmetadata_rest:0.1" with ID "sha256:029dcd0c9abfacd619f749934664b90fa759f5fa653a0d6128312c64cee6ae71" not present on node "kind-worker"
seldondeployment.machinelearning.seldon.io/mymodel-manifestmetadata created
deployment "mymodel-manifestmetadata-example-0-my-model" successfully rolled out
PASSEDnamespace "test-manifestmodelmetadata-rest" deleted

test_seldon_metadata.py::TestTagsPythonS2iK8s::test_modelmetadata_grpc namespace/test-modelmetadata-grpc created
---> Installing application source...
Collecting pip-licenses
Downloading https://files.pythonhosted.org/packages/c5/50/6c4b4e69a0c43bd9f03a30579695093062ba72da4e3e4026cd2144dbcc71/pip_licenses-2.3.0-py3-none-any.whl
Collecting PTable (from pip-licenses)
Downloading https://files.pythonhosted.org/packages/ab/b3/b54301811173ca94119eb474634f120a49cd370f257d1aae5a4abaf12729/PTable-0.9.2.tar.gz
Building wheels for collected packages: PTable
Building wheel for PTable (setup.py): started
Building wheel for PTable (setup.py): finished with status 'done'
Created wheel for PTable: filename=PTable-0.9.2-cp37-none-any.whl size=22906 sha256=767a639446f80f3394368449c8b6a7b03c2d61fa92ff5d5c3aca2d9e4e46b86b
Stored in directory: /root/.cache/pip/wheels/22/cc/2e/55980bfe86393df3e9896146a01f6802978d09d7ebcba5ea56
Successfully built PTable
Installing collected packages: PTable, pip-licenses
Successfully installed PTable-0.9.2 pip-licenses-2.3.0
created path: ./licenses/license_info.csv
created path: ./licenses/license.txt
Build completed successfully
Image: "seldonio/test_metadata_modelmetadata_grpc:0.1" with ID "sha256:0f00a77edb417a44f90add228f6fbcb7bfda3c30a26e2fb66a97635c0ac8b97d" not present on node "kind-control-plane"
Image: "seldonio/test_metadata_modelmetadata_grpc:0.1" with ID "sha256:0f00a77edb417a44f90add228f6fbcb7bfda3c30a26e2fb66a97635c0ac8b97d" not present on node "kind-worker"
seldondeployment.machinelearning.seldon.io/mymodel-modelmetadata created
deployment "mymodel-modelmetadata-example-0-my-model" successfully rolled out
PASSEDnamespace "test-modelmetadata-grpc" deleted

test_tags.py::TestTagsPythonS2i::test_build_model_one_rest ---> Installing application source...
Collecting pip-licenses
Downloading https://files.pythonhosted.org/packages/c5/50/6c4b4e69a0c43bd9f03a30579695093062ba72da4e3e4026cd2144dbcc71/pip_licenses-2.3.0-py3-none-any.whl
Collecting PTable (from pip-licenses)
Downloading https://files.pythonhosted.org/packages/ab/b3/b54301811173ca94119eb474634f120a49cd370f257d1aae5a4abaf12729/PTable-0.9.2.tar.gz
Building wheels for collected packages: PTable
Building wheel for PTable (setup.py): started
Building wheel for PTable (setup.py): finished with status 'done'
Created wheel for PTable: filename=PTable-0.9.2-cp37-none-any.whl size=22906 sha256=1f18087e1960dc10450daffa2e35d4f4e0081e5efe175efc526d769136774cc6
Stored in directory: /root/.cache/pip/wheels/22/cc/2e/55980bfe86393df3e9896146a01f6802978d09d7ebcba5ea56
Successfully built PTable
Installing collected packages: PTable, pip-licenses
Successfully installed PTable-0.9.2 pip-licenses-2.3.0
created path: ./licenses/license_info.csv
created path: ./licenses/license.txt
Build completed successfully
8a5e45e651e3637135fc1c44bb31662f2b217d1726ff81b9e902235c15d47288
model-one-rest
PASSED
test_tags.py::TestTagsPythonS2i::test_build_model_two_rest ---> Installing application source...
Collecting pip-licenses
Downloading https://files.pythonhosted.org/packages/c5/50/6c4b4e69a0c43bd9f03a30579695093062ba72da4e3e4026cd2144dbcc71/pip_licenses-2.3.0-py3-none-any.whl
Collecting PTable (from pip-licenses)
Downloading https://files.pythonhosted.org/packages/ab/b3/b54301811173ca94119eb474634f120a49cd370f257d1aae5a4abaf12729/PTable-0.9.2.tar.gz
Building wheels for collected packages: PTable
Building wheel for PTable (setup.py): started
Building wheel for PTable (setup.py): finished with status 'done'
Created wheel for PTable: filename=PTable-0.9.2-cp37-none-any.whl size=22906 sha256=dea1415238a758425b73776903726a1873b775d7639b40ee40a1190749826c82
Stored in directory: /root/.cache/pip/wheels/22/cc/2e/55980bfe86393df3e9896146a01f6802978d09d7ebcba5ea56
Successfully built PTable
Installing collected packages: PTable, pip-licenses
Successfully installed PTable-0.9.2 pip-licenses-2.3.0
created path: ./licenses/license_info.csv
created path: ./licenses/license.txt
Build completed successfully
05a2a9ce4e7ff03c968a63777686b76311fa684cc9b83291248dfe78128d462d
model-two-rest
PASSED
test_tags.py::TestTagsPythonS2i::test_build_model_one_grpc ---> Installing application source...
Collecting pip-licenses
Downloading https://files.pythonhosted.org/packages/c5/50/6c4b4e69a0c43bd9f03a30579695093062ba72da4e3e4026cd2144dbcc71/pip_licenses-2.3.0-py3-none-any.whl
Collecting PTable (from pip-licenses)
Downloading https://files.pythonhosted.org/packages/ab/b3/b54301811173ca94119eb474634f120a49cd370f257d1aae5a4abaf12729/PTable-0.9.2.tar.gz
Building wheels for collected packages: PTable
Building wheel for PTable (setup.py): started
Building wheel for PTable (setup.py): finished with status 'done'
Created wheel for PTable: filename=PTable-0.9.2-cp37-none-any.whl size=22906 sha256=866e222f6a1aa8c00fb9f380616ed0eb91881f4a8c209c40df5ccbc57ba8e8bb
Stored in directory: /root/.cache/pip/wheels/22/cc/2e/55980bfe86393df3e9896146a01f6802978d09d7ebcba5ea56
Successfully built PTable
Installing collected packages: PTable, pip-licenses
Successfully installed PTable-0.9.2 pip-licenses-2.3.0
created path: ./licenses/license_info.csv
created path: ./licenses/license.txt
Build completed successfully
39371a3c4c0c25f9438d7884786ff5e10db8f5e96f7cf8b8cbcc2b6838488ad5
model-one-grpc
PASSED
test_tags.py::TestTagsPythonS2i::test_build_model_two_grpc ---> Installing application source...
Collecting pip-licenses
Downloading https://files.pythonhosted.org/packages/c5/50/6c4b4e69a0c43bd9f03a30579695093062ba72da4e3e4026cd2144dbcc71/pip_licenses-2.3.0-py3-none-any.whl
Collecting PTable (from pip-licenses)
Downloading https://files.pythonhosted.org/packages/ab/b3/b54301811173ca94119eb474634f120a49cd370f257d1aae5a4abaf12729/PTable-0.9.2.tar.gz
Building wheels for collected packages: PTable
Building wheel for PTable (setup.py): started
Building wheel for PTable (setup.py): finished with status 'done'
Created wheel for PTable: filename=PTable-0.9.2-cp37-none-any.whl size=22906 sha256=c28085b639f5271f479027853ae6ea15818b0294751e487ed87ff9e6bd3dfe81
Stored in directory: /root/.cache/pip/wheels/22/cc/2e/55980bfe86393df3e9896146a01f6802978d09d7ebcba5ea56
Successfully built PTable
Installing collected packages: PTable, pip-licenses
Successfully installed PTable-0.9.2 pip-licenses-2.3.0
created path: ./licenses/license_info.csv
created path: ./licenses/license.txt
Build completed successfully
95c627d0e632ccb1762c42a1d0c75a01fc749c29b9b0e644478febacfd94d876
model-two-grpc
PASSED
test_tags.py::TestTagsPythonS2i::test_build_combiner_rest ---> Installing application source...
Collecting pip-licenses
Downloading https://files.pythonhosted.org/packages/c5/50/6c4b4e69a0c43bd9f03a30579695093062ba72da4e3e4026cd2144dbcc71/pip_licenses-2.3.0-py3-none-any.whl
Collecting PTable (from pip-licenses)
Downloading https://files.pythonhosted.org/packages/ab/b3/b54301811173ca94119eb474634f120a49cd370f257d1aae5a4abaf12729/PTable-0.9.2.tar.gz
Building wheels for collected packages: PTable
Building wheel for PTable (setup.py): started
Building wheel for PTable (setup.py): finished with status 'done'
Created wheel for PTable: filename=PTable-0.9.2-cp37-none-any.whl size=22906 sha256=0ef8fcf7c2a8badad56e7a7e3bf93bb860bd5301dfd69e750107e57e3090f1c6
Stored in directory: /root/.cache/pip/wheels/22/cc/2e/55980bfe86393df3e9896146a01f6802978d09d7ebcba5ea56
Successfully built PTable
Installing collected packages: PTable, pip-licenses
Successfully installed PTable-0.9.2 pip-licenses-2.3.0
created path: ./licenses/license_info.csv
created path: ./licenses/license.txt
Build completed successfully
15ad4e539e7b5ee0e7546cb82806966867bbea5706dee88ae4f16f4828df7ba4
combiner-rest
PASSED
test_tags.py::TestTagsPythonS2i::test_build_combiner_grpc ---> Installing application source...
Collecting pip-licenses
Downloading https://files.pythonhosted.org/packages/c5/50/6c4b4e69a0c43bd9f03a30579695093062ba72da4e3e4026cd2144dbcc71/pip_licenses-2.3.0-py3-none-any.whl
Collecting PTable (from pip-licenses)
Downloading https://files.pythonhosted.org/packages/ab/b3/b54301811173ca94119eb474634f120a49cd370f257d1aae5a4abaf12729/PTable-0.9.2.tar.gz
Building wheels for collected packages: PTable
Building wheel for PTable (setup.py): started
Building wheel for PTable (setup.py): finished with status 'done'
Created wheel for PTable: filename=PTable-0.9.2-cp37-none-any.whl size=22906 sha256=508028745de299c062fe3fcfef80641e4f5be01594c394c00a64c5d8084247fa
Stored in directory: /root/.cache/pip/wheels/22/cc/2e/55980bfe86393df3e9896146a01f6802978d09d7ebcba5ea56
Successfully built PTable
Installing collected packages: PTable, pip-licenses
Successfully installed PTable-0.9.2 pip-licenses-2.3.0
created path: ./licenses/license_info.csv
created path: ./licenses/license.txt
Build completed successfully
7ce203e122bae2b0d36e2f5994a8d684987790cfa1259926b7fffc4dc4557d8e
combiner-grpc
PASSED
test_tags.py::TestTagsPythonS2iK8s::test_model_single_rest namespace/test-model-single-rest created
---> Installing application source...
Collecting pip-licenses
Downloading https://files.pythonhosted.org/packages/c5/50/6c4b4e69a0c43bd9f03a30579695093062ba72da4e3e4026cd2144dbcc71/pip_licenses-2.3.0-py3-none-any.whl
Collecting PTable (from pip-licenses)
Downloading https://files.pythonhosted.org/packages/ab/b3/b54301811173ca94119eb474634f120a49cd370f257d1aae5a4abaf12729/PTable-0.9.2.tar.gz
Building wheels for collected packages: PTable
Building wheel for PTable (setup.py): started
Building wheel for PTable (setup.py): finished with status 'done'
Created wheel for PTable: filename=PTable-0.9.2-cp37-none-any.whl size=22906 sha256=42f1b74ae542d03b63e552a54b92e1bda79bd2ac9b354e7d4fc947fe889982ab
Stored in directory: /root/.cache/pip/wheels/22/cc/2e/55980bfe86393df3e9896146a01f6802978d09d7ebcba5ea56
Successfully built PTable
Installing collected packages: PTable, pip-licenses
Successfully installed PTable-0.9.2 pip-licenses-2.3.0
created path: ./licenses/license_info.csv
created path: ./licenses/license.txt
Build completed successfully
Image: "seldonio/test_tags_one_rest:0.1" with ID "sha256:d12bd7f36ad2eeb16fe5d8e52bce3275b07fdd0ac95c83dd1e818637eeb8432d" not present on node "kind-control-plane"
Image: "seldonio/test_tags_one_rest:0.1" with ID "sha256:d12bd7f36ad2eeb16fe5d8e52bce3275b07fdd0ac95c83dd1e818637eeb8432d" not present on node "kind-worker"
seldondeployment.machinelearning.seldon.io/mymodel-tags-single created
deployment "mymodel-tags-single-mymodel-tags-single-0-model" successfully rolled out
seldondeployment.machinelearning.seldon.io "mymodel-tags-single" deleted
PASSEDnamespace "test-model-single-rest" deleted

test_tags.py::TestTagsPythonS2iK8s::test_model_graph_rest namespace/test-model-graph-rest created
---> Installing application source...
Collecting pip-licenses
Downloading https://files.pythonhosted.org/packages/c5/50/6c4b4e69a0c43bd9f03a30579695093062ba72da4e3e4026cd2144dbcc71/pip_licenses-2.3.0-py3-none-any.whl
Collecting PTable (from pip-licenses)
Downloading https://files.pythonhosted.org/packages/ab/b3/b54301811173ca94119eb474634f120a49cd370f257d1aae5a4abaf12729/PTable-0.9.2.tar.gz
Building wheels for collected packages: PTable
Building wheel for PTable (setup.py): started
Building wheel for PTable (setup.py): finished with status 'done'
Created wheel for PTable: filename=PTable-0.9.2-cp37-none-any.whl size=22906 sha256=d78e17d76ef474e29f62995aea9ea67f2a88d4378d5198a71eafe98cd3118c5c
Stored in directory: /root/.cache/pip/wheels/22/cc/2e/55980bfe86393df3e9896146a01f6802978d09d7ebcba5ea56
Successfully built PTable
Installing collected packages: PTable, pip-licenses
Successfully installed PTable-0.9.2 pip-licenses-2.3.0
created path: ./licenses/license_info.csv
created path: ./licenses/license.txt
Build completed successfully
Image: "seldonio/test_tags_one_rest:0.1" with ID "sha256:408c1c9c78bfbb9faee06edcecda9173bbd60bfedebb86f481f761b38b63074b" not present on node "kind-control-plane"
Image: "seldonio/test_tags_one_rest:0.1" with ID "sha256:408c1c9c78bfbb9faee06edcecda9173bbd60bfedebb86f481f761b38b63074b" not present on node "kind-worker"
---> Installing application source...
Collecting pip-licenses
Downloading https://files.pythonhosted.org/packages/c5/50/6c4b4e69a0c43bd9f03a30579695093062ba72da4e3e4026cd2144dbcc71/pip_licenses-2.3.0-py3-none-any.whl
Collecting PTable (from pip-licenses)
Downloading https://files.pythonhosted.org/packages/ab/b3/b54301811173ca94119eb474634f120a49cd370f257d1aae5a4abaf12729/PTable-0.9.2.tar.gz
Building wheels for collected packages: PTable
Building wheel for PTable (setup.py): started
Building wheel for PTable (setup.py): finished with status 'done'
Created wheel for PTable: filename=PTable-0.9.2-cp37-none-any.whl size=22906 sha256=e500c53ba4246f7a6b86b9380ea25e65db676e2461ea8d053f1ec249857a9dd5
Stored in directory: /root/.cache/pip/wheels/22/cc/2e/55980bfe86393df3e9896146a01f6802978d09d7ebcba5ea56
Successfully built PTable
Installing collected packages: PTable, pip-licenses
Successfully installed PTable-0.9.2 pip-licenses-2.3.0
created path: ./licenses/license_info.csv
created path: ./licenses/license.txt
Build completed successfully
Image: "seldonio/test_tags_two_rest:0.1" with ID "sha256:d29cbf6fb4bf3abfdc0b573b1112e3bee8e97cd96232e8cb5c94976d561d2aa3" not present on node "kind-control-plane"
Image: "seldonio/test_tags_two_rest:0.1" with ID "sha256:d29cbf6fb4bf3abfdc0b573b1112e3bee8e97cd96232e8cb5c94976d561d2aa3" not present on node "kind-worker"
seldondeployment.machinelearning.seldon.io/mymodel-tags-graph created
deployment "mymodel-tags-graph-mymodel-tags-graph-0-model-one-model-two" successfully rolled out
seldondeployment.machinelearning.seldon.io "mymodel-tags-graph" deleted
PASSEDnamespace "test-model-graph-rest" deleted

test_tags.py::TestTagsPythonS2iK8s::test_model_combiner_rest namespace/test-model-combiner-rest created
---> Installing application source...
Collecting pip-licenses
Downloading https://files.pythonhosted.org/packages/c5/50/6c4b4e69a0c43bd9f03a30579695093062ba72da4e3e4026cd2144dbcc71/pip_licenses-2.3.0-py3-none-any.whl
Collecting PTable (from pip-licenses)
Downloading https://files.pythonhosted.org/packages/ab/b3/b54301811173ca94119eb474634f120a49cd370f257d1aae5a4abaf12729/PTable-0.9.2.tar.gz
Building wheels for collected packages: PTable
Building wheel for PTable (setup.py): started
Building wheel for PTable (setup.py): finished with status 'done'
Created wheel for PTable: filename=PTable-0.9.2-cp37-none-any.whl size=22906 sha256=62dae10648aebb6333c796ff6c2ad9bebca1941dd0c93c5005f0d7e0ed886be4
Stored in directory: /root/.cache/pip/wheels/22/cc/2e/55980bfe86393df3e9896146a01f6802978d09d7ebcba5ea56
Successfully built PTable
Installing collected packages: PTable, pip-licenses
Successfully installed PTable-0.9.2 pip-licenses-2.3.0
created path: ./licenses/license_info.csv
created path: ./licenses/license.txt
Build completed successfully
Image: "seldonio/test_tags_one_rest:0.1" with ID "sha256:678d6dd794e8863bd00c88b2b3691bc064a2bffc5d0a55de68624bc01f908c62" not present on node "kind-control-plane"
Image: "seldonio/test_tags_one_rest:0.1" with ID "sha256:678d6dd794e8863bd00c88b2b3691bc064a2bffc5d0a55de68624bc01f908c62" not present on node "kind-worker"
---> Installing application source...
Collecting pip-licenses
Downloading https://files.pythonhosted.org/packages/c5/50/6c4b4e69a0c43bd9f03a30579695093062ba72da4e3e4026cd2144dbcc71/pip_licenses-2.3.0-py3-none-any.whl
Collecting PTable (from pip-licenses)
Downloading https://files.pythonhosted.org/packages/ab/b3/b54301811173ca94119eb474634f120a49cd370f257d1aae5a4abaf12729/PTable-0.9.2.tar.gz
Building wheels for collected packages: PTable
Building wheel for PTable (setup.py): started
Building wheel for PTable (setup.py): finished with status 'done'
Created wheel for PTable: filename=PTable-0.9.2-cp37-none-any.whl size=22906 sha256=f1d53cfdb94450de5d8730bdc637f4207df0d0f1bee06bd6abf2320ce587c8dd
Stored in directory: /root/.cache/pip/wheels/22/cc/2e/55980bfe86393df3e9896146a01f6802978d09d7ebcba5ea56
Successfully built PTable
Installing collected packages: PTable, pip-licenses
Successfully installed PTable-0.9.2 pip-licenses-2.3.0
created path: ./licenses/license_info.csv
created path: ./licenses/license.txt
Build completed successfully
Image: "seldonio/test_tags_two_rest:0.1" with ID "sha256:d69ce7f17aa05988705bf32562251115a57e93bdb84580d9d288be12cb617b7c" not present on node "kind-control-plane"
Image: "seldonio/test_tags_two_rest:0.1" with ID "sha256:d69ce7f17aa05988705bf32562251115a57e93bdb84580d9d288be12cb617b7c" not present on node "kind-worker"
---> Installing application source...
Collecting pip-licenses
Downloading https://files.pythonhosted.org/packages/c5/50/6c4b4e69a0c43bd9f03a30579695093062ba72da4e3e4026cd2144dbcc71/pip_licenses-2.3.0-py3-none-any.whl
Collecting PTable (from pip-licenses)
Downloading https://files.pythonhosted.org/packages/ab/b3/b54301811173ca94119eb474634f120a49cd370f257d1aae5a4abaf12729/PTable-0.9.2.tar.gz
Building wheels for collected packages: PTable
Building wheel for PTable (setup.py): started
Building wheel for PTable (setup.py): finished with status 'done'
Created wheel for PTable: filename=PTable-0.9.2-cp37-none-any.whl size=22906 sha256=8242f586906e6f0e4208ae5e0512cc0e1550614311b1b960c7c2142be2228287
Stored in directory: /root/.cache/pip/wheels/22/cc/2e/55980bfe86393df3e9896146a01f6802978d09d7ebcba5ea56
Successfully built PTable
Installing collected packages: PTable, pip-licenses
Successfully installed PTable-0.9.2 pip-licenses-2.3.0
created path: ./licenses/license_info.csv
created path: ./licenses/license.txt
Build completed successfully
Image: "seldonio/test_tags_combiner_rest:0.1" with ID "sha256:8b4825fb772bc1efece903bf6b608588bcf06904c3984cefe595c2eee29cf9ee" not present on node "kind-control-plane"
Image: "seldonio/test_tags_combiner_rest:0.1" with ID "sha256:8b4825fb772bc1efece903bf6b608588bcf06904c3984cefe595c2eee29cf9ee" not present on node "kind-worker"
seldondeployment.machinelearning.seldon.io/mymodel-tags-combiner created
deployment "seldon-a8d2256d87a7c13f898df7d6478eb475" successfully rolled out
seldondeployment.machinelearning.seldon.io "mymodel-tags-combiner" deleted
PASSEDnamespace "test-model-combiner-rest" deleted

test_tags.py::TestTagsPythonS2iK8s::test_model_single_grpc namespace/test-model-single-grpc created
---> Installing application source...
Collecting pip-licenses
Downloading https://files.pythonhosted.org/packages/c5/50/6c4b4e69a0c43bd9f03a30579695093062ba72da4e3e4026cd2144dbcc71/pip_licenses-2.3.0-py3-none-any.whl
Collecting PTable (from pip-licenses)
Downloading https://files.pythonhosted.org/packages/ab/b3/b54301811173ca94119eb474634f120a49cd370f257d1aae5a4abaf12729/PTable-0.9.2.tar.gz
Building wheels for collected packages: PTable
Building wheel for PTable (setup.py): started
Building wheel for PTable (setup.py): finished with status 'done'
Created wheel for PTable: filename=PTable-0.9.2-cp37-none-any.whl size=22906 sha256=a72bb0116ad6155f817a3a23f2ee7e9260a0d02ca3f8f7fccf749b968fe16c39
Stored in directory: /root/.cache/pip/wheels/22/cc/2e/55980bfe86393df3e9896146a01f6802978d09d7ebcba5ea56
Successfully built PTable
Installing collected packages: PTable, pip-licenses
Successfully installed PTable-0.9.2 pip-licenses-2.3.0
created path: ./licenses/license_info.csv
created path: ./licenses/license.txt
Build completed successfully
Image: "seldonio/test_tags_one_grpc:0.1" with ID "sha256:b6a23e137a105f7eff01609ec7f038ff8fa4b7c784d131c7216d3c2ffdf1ba7b" not present on node "kind-control-plane"
Image: "seldonio/test_tags_one_grpc:0.1" with ID "sha256:b6a23e137a105f7eff01609ec7f038ff8fa4b7c784d131c7216d3c2ffdf1ba7b" not present on node "kind-worker"
seldondeployment.machinelearning.seldon.io/mymodel-tags-single created
deployment "mymodel-tags-single-mymodel-tags-single-0-model" successfully rolled out
seldondeployment.machinelearning.seldon.io "mymodel-tags-single" deleted
PASSEDnamespace "test-model-single-grpc" deleted

test_tags.py::TestTagsPythonS2iK8s::test_model_graph_grpc namespace/test-model-graph-grpc created
---> Installing application source...
Collecting pip-licenses
Downloading https://files.pythonhosted.org/packages/c5/50/6c4b4e69a0c43bd9f03a30579695093062ba72da4e3e4026cd2144dbcc71/pip_licenses-2.3.0-py3-none-any.whl
Collecting PTable (from pip-licenses)
Downloading https://files.pythonhosted.org/packages/ab/b3/b54301811173ca94119eb474634f120a49cd370f257d1aae5a4abaf12729/PTable-0.9.2.tar.gz
Building wheels for collected packages: PTable
Building wheel for PTable (setup.py): started
Building wheel for PTable (setup.py): finished with status 'done'
Created wheel for PTable: filename=PTable-0.9.2-cp37-none-any.whl size=22906 sha256=a3ff0c832fccbee011e5328d0a2ba1deb00476841127b9dd87abcc7042ecf899
Stored in directory: /root/.cache/pip/wheels/22/cc/2e/55980bfe86393df3e9896146a01f6802978d09d7ebcba5ea56
Successfully built PTable
Installing collected packages: PTable, pip-licenses
Successfully installed PTable-0.9.2 pip-licenses-2.3.0
created path: ./licenses/license_info.csv
created path: ./licenses/license.txt
Build completed successfully
Image: "seldonio/test_tags_one_grpc:0.1" with ID "sha256:ffab3125fc18ecba4114732f6e9500fa1876ffa43495a3c0d494756a80551001" not present on node "kind-control-plane"
Image: "seldonio/test_tags_one_grpc:0.1" with ID "sha256:ffab3125fc18ecba4114732f6e9500fa1876ffa43495a3c0d494756a80551001" not present on node "kind-worker"
---> Installing application source...
Collecting pip-licenses
Downloading https://files.pythonhosted.org/packages/c5/50/6c4b4e69a0c43bd9f03a30579695093062ba72da4e3e4026cd2144dbcc71/pip_licenses-2.3.0-py3-none-any.whl
Collecting PTable (from pip-licenses)
Downloading https://files.pythonhosted.org/packages/ab/b3/b54301811173ca94119eb474634f120a49cd370f257d1aae5a4abaf12729/PTable-0.9.2.tar.gz
Building wheels for collected packages: PTable
Building wheel for PTable (setup.py): started
Building wheel for PTable (setup.py): finished with status 'done'
Created wheel for PTable: filename=PTable-0.9.2-cp37-none-any.whl size=22906 sha256=4e459aef013a091fce86f9ec40d4caac17e8d77b7456cc9a83ca59d37b748186
Stored in directory: /root/.cache/pip/wheels/22/cc/2e/55980bfe86393df3e9896146a01f6802978d09d7ebcba5ea56
Successfully built PTable
Installing collected packages: PTable, pip-licenses
Successfully installed PTable-0.9.2 pip-licenses-2.3.0
created path: ./licenses/license_info.csv
created path: ./licenses/license.txt
Build completed successfully
Image: "seldonio/test_tags_two_grpc:0.1" with ID "sha256:283032ba1fb0ecc7e660f17821fe55626af5a9e6c946d5cb58c690378fff9227" not present on node "kind-control-plane"
Image: "seldonio/test_tags_two_grpc:0.1" with ID "sha256:283032ba1fb0ecc7e660f17821fe55626af5a9e6c946d5cb58c690378fff9227" not present on node "kind-worker"
seldondeployment.machinelearning.seldon.io/mymodel-tags-graph created
deployment "mymodel-tags-graph-mymodel-tags-graph-0-model-one-model-two" successfully rolled out
seldondeployment.machinelearning.seldon.io "mymodel-tags-graph" deleted
PASSEDnamespace "test-model-graph-grpc" deleted

test_tags.py::TestTagsPythonS2iK8s::test_model_combiner_grpc namespace/test-model-combiner-grpc created
---> Installing application source...
Collecting pip-licenses
Downloading https://files.pythonhosted.org/packages/c5/50/6c4b4e69a0c43bd9f03a30579695093062ba72da4e3e4026cd2144dbcc71/pip_licenses-2.3.0-py3-none-any.whl
Collecting PTable (from pip-licenses)
Downloading https://files.pythonhosted.org/packages/ab/b3/b54301811173ca94119eb474634f120a49cd370f257d1aae5a4abaf12729/PTable-0.9.2.tar.gz
Building wheels for collected packages: PTable
Building wheel for PTable (setup.py): started
Building wheel for PTable (setup.py): finished with status 'done'
Created wheel for PTable: filename=PTable-0.9.2-cp37-none-any.whl size=22906 sha256=22e62f9b73e57fb6994ae48867b5895554cbf9d03c1a02c2456c18e5e02966bf
Stored in directory: /root/.cache/pip/wheels/22/cc/2e/55980bfe86393df3e9896146a01f6802978d09d7ebcba5ea56
Successfully built PTable
Installing collected packages: PTable, pip-licenses
Successfully installed PTable-0.9.2 pip-licenses-2.3.0
created path: ./licenses/license_info.csv
created path: ./licenses/license.txt
Build completed successfully
Image: "seldonio/test_tags_one_grpc:0.1" with ID "sha256:b63dcb3fadf011711d8b0fe96c3c0dc208af114fd2868ea120bbb691aacddf35" not present on node "kind-control-plane"
Image: "seldonio/test_tags_one_grpc:0.1" with ID "sha256:b63dcb3fadf011711d8b0fe96c3c0dc208af114fd2868ea120bbb691aacddf35" not present on node "kind-worker"
---> Installing application source...
Collecting pip-licenses
Downloading https://files.pythonhosted.org/packages/c5/50/6c4b4e69a0c43bd9f03a30579695093062ba72da4e3e4026cd2144dbcc71/pip_licenses-2.3.0-py3-none-any.whl
Collecting PTable (from pip-licenses)
Downloading https://files.pythonhosted.org/packages/ab/b3/b54301811173ca94119eb474634f120a49cd370f257d1aae5a4abaf12729/PTable-0.9.2.tar.gz
Building wheels for collected packages: PTable
Building wheel for PTable (setup.py): started
Building wheel for PTable (setup.py): finished with status 'done'
Created wheel for PTable: filename=PTable-0.9.2-cp37-none-any.whl size=22906 sha256=73662bb3bf933dc53d96170c77395b889ea09d4a1875666418e8102d489bd83b
Stored in directory: /root/.cache/pip/wheels/22/cc/2e/55980bfe86393df3e9896146a01f6802978d09d7ebcba5ea56
Successfully built PTable
Installing collected packages: PTable, pip-licenses
Successfully installed PTable-0.9.2 pip-licenses-2.3.0
created path: ./licenses/license_info.csv
created path: ./licenses/license.txt
Build completed successfully
Image: "seldonio/test_tags_two_grpc:0.1" with ID "sha256:6886db54a72931f9bdc3eac3054c646c96c2b3a3e7bd8f9e404defa2851b5046" not present on node "kind-control-plane"
Image: "seldonio/test_tags_two_grpc:0.1" with ID "sha256:6886db54a72931f9bdc3eac3054c646c96c2b3a3e7bd8f9e404defa2851b5046" not present on node "kind-worker"
---> Installing application source...
Collecting pip-licenses
Downloading https://files.pythonhosted.org/packages/c5/50/6c4b4e69a0c43bd9f03a30579695093062ba72da4e3e4026cd2144dbcc71/pip_licenses-2.3.0-py3-none-any.whl
Collecting PTable (from pip-licenses)
Downloading https://files.pythonhosted.org/packages/ab/b3/b54301811173ca94119eb474634f120a49cd370f257d1aae5a4abaf12729/PTable-0.9.2.tar.gz
Building wheels for collected packages: PTable
Building wheel for PTable (setup.py): started
Building wheel for PTable (setup.py): finished with status 'done'
Created wheel for PTable: filename=PTable-0.9.2-cp37-none-any.whl size=22906 sha256=326b53c78047b8e0545adde23d990c339847c4c6356b8a6011e694771483e4ba
Stored in directory: /root/.cache/pip/wheels/22/cc/2e/55980bfe86393df3e9896146a01f6802978d09d7ebcba5ea56
Successfully built PTable
Installing collected packages: PTable, pip-licenses
Successfully installed PTable-0.9.2 pip-licenses-2.3.0
created path: ./licenses/license_info.csv
created path: ./licenses/license.txt
Build completed successfully
Image: "seldonio/test_tags_combiner_grpc:0.1" with ID "sha256:bb2f2aacaf79fda7c686fa3b0382b9c95dd266f1ec4d3125edd4d7df901900d3" not present on node "kind-control-plane"
Image: "seldonio/test_tags_combiner_grpc:0.1" with ID "sha256:bb2f2aacaf79fda7c686fa3b0382b9c95dd266f1ec4d3125edd4d7df901900d3" not present on node "kind-worker"
seldondeployment.machinelearning.seldon.io/mymodel-tags-combiner created
deployment "seldon-a8d2256d87a7c13f898df7d6478eb475" successfully rolled out
seldondeployment.machinelearning.seldon.io "mymodel-tags-combiner" deleted
PASSEDnamespace "test-model-combiner-grpc" deleted


=================================== FAILURES ===================================
___________________________ test_label_update[1.1.0] ___________________________

namespace = 'test-label-update-1-1-0', seldon_version = '1.1.0'

    @pytest.mark.sequential
    @pytest.mark.parametrize("seldon_version", ["1.0.2", "1.1.0"], indirect=True)
    def test_label_update(namespace, seldon_version):
        # Deploy test model
        retry_run(f"kubectl apply -f ../resources/graph1.json -n {namespace}")
        wait_for_status("mymodel", namespace)
        wait_for_rollout("mymodel", namespace)
        assert_model("mymodel", namespace, initial=True)
    
        controller_id = f"seldon-{namespace}"
    
        def _install_label_scoped():
            # TODO: We install the new controller on the same namespace
            # but it's not necessary, since it will get targeted by
            # controllerId
            retry_run(
                f"helm install {controller_id} "
                "../../helm-charts/seldon-core-operator "
                f"--namespace {namespace} "
                "--set crd.create=false "
                f"--set controllerId={controller_id} "
                "--wait",
                attempts=2,
            )
    
            # Label model to be served by new controller
            retry_run(
                "kubectl label sdep mymodel "
                f"seldon.io/controller-id={controller_id} "
                f"--namespace {namespace}"
            )
    
            # Assert that model is still working under new id-scoped operator
            wait_for_status("mymodel", namespace)
            wait_for_rollout("mymodel", namespace)
    
>       assert_model_during_op(_install_label_scoped, "mymodel", namespace)

test_operator_updates.py:115: 
_ _ _ _ _ _ _ _ _ _ _ _ _ _ _ _ _ _ _ _ _ _ _ _ _ _ _ _ _ _ _ _ _ _ _ _ _ _ _ _ 
seldon_e2e_utils.py:581: in assert_model_during_op
    raise err
seldon_e2e_utils.py:573: in assert_model_during_op
    assert_model(*assert_args, **assert_kwargs)
_ _ _ _ _ _ _ _ _ _ _ _ _ _ _ _ _ _ _ _ _ _ _ _ _ _ _ _ _ _ _ _ _ _ _ _ _ _ _ _ 

sdep_name = 'mymodel', namespace = 'test-label-update-1-1-0', initial = False
endpoint = 'localhost:8003'

    def assert_model(sdep_name, namespace, initial=False, endpoint=API_AMBASSADOR):
        _request = initial_rest_request if initial else rest_request
        r = _request(sdep_name, namespace, endpoint=endpoint)
    
>       assert r is not None
E       AssertionError

seldon_e2e_utils.py:591: AssertionError
------------------------------ Captured log call -------------------------------
WARNING  root:seldon_e2e_utils.py:168 Failed to find status - sleeping
WARNING  root:seldon_e2e_utils.py:168 Failed to find status - sleeping
WARNING  root:seldon_e2e_utils.py:168 Failed to find status - sleeping
WARNING  root:seldon_e2e_utils.py:168 Failed to find status - sleeping
WARNING  root:seldon_e2e_utils.py:168 Failed to find status - sleeping
WARNING  root:seldon_e2e_utils.py:168 Failed to find status - sleeping
WARNING  root:seldon_e2e_utils.py:168 Failed to find status - sleeping
WARNING  root:seldon_e2e_utils.py:168 Failed to find status - sleeping
WARNING  root:seldon_e2e_utils.py:168 Failed to find status - sleeping
WARNING  root:seldon_e2e_utils.py:168 Failed to find status - sleeping
WARNING  root:seldon_e2e_utils.py:168 Failed to find status - sleeping
WARNING  root:seldon_e2e_utils.py:168 Failed to find status - sleeping
WARNING  root:seldon_e2e_utils.py:168 Failed to find status - sleeping
WARNING  root:seldon_e2e_utils.py:168 Failed to find status - sleeping
WARNING  root:seldon_e2e_utils.py:212 Bad status:503
===Flaky Test Report===

test_namespace_update[1.0.2] passed 1 out of the required 1 times. Success!
test_namespace_update[1.1.0] passed 1 out of the required 1 times. Success!
test_rolling_update5[ambas] passed 1 out of the required 1 times. Success!
test_rolling_update5[istio] passed 1 out of the required 1 times. Success!
test_rolling_update6[ambas] passed 1 out of the required 1 times. Success!
test_rolling_update6[istio] passed 1 out of the required 1 times. Success!
test_rolling_update7[ambas] passed 1 out of the required 1 times. Success!
test_rolling_update7[istio] passed 1 out of the required 1 times. Success!
test_rolling_update8[ambas] passed 1 out of the required 1 times. Success!
test_rolling_update8[istio] passed 1 out of the required 1 times. Success!
test_rolling_update9[ambas] passed 1 out of the required 1 times. Success!
test_rolling_update9[istio] failed (4 runs remaining out of 5).
	<class 'AssertionError'>
	assert 503 == 200
  -503
  +200
	[<TracebackEntry /workspace/source/testing/scripts/test_rolling_updates.py:162>]
test_rolling_update9[istio] passed 1 out of the required 1 times. Success!
test_rolling_update10[ambas] passed 1 out of the required 1 times. Success!
test_rolling_update10[istio] passed 1 out of the required 1 times. Success!

===End Flaky Test Report===
===== 1 failed, 49 passed, 1 skipped, 58 deselected in 7411.91s (2:03:31) ======
make: *** [Makefile:139: test_sequential] Error 1
Test returned errors
kind delete cluster
Deleting cluster "kind" ...
Stopping Docker: dockerProgram process in pidfile '/var/run/docker-ssd.pid', 1 process(es), refused to die.
[31m
Pipeline failed on stage 'end-to-end' : container 'step-test-end-to-end'. The execution of the pipeline has stopped.[0m
