
Showing logs for build [32mseldonio-seldon-core-pr-2832-in-jt4f9-3[0m stage [32mpr-build-comment[0m and container [32mstep-credential-initializer-mvsns[0m
{"level":"info","ts":1610459820.7446814,"logger":"fallback-logger","caller":"logging/config.go:69","msg":"Fetch GitHub commit ID from kodata failed: open /var/run/ko/refs/heads/0.8.0-ns-support: no such file or directory"}
{"level":"info","ts":1610459820.7464247,"logger":"fallback-logger","caller":"creds-init/main.go:40","msg":"Credentials initialized."}

Showing logs for build [32mseldonio-seldon-core-pr-2832-in-jt4f9-3[0m stage [32mpr-build-comment[0m and container [32mstep-working-dir-initializer-jrt8z[0m
{"level":"info","ts":1610459821.9814374,"logger":"fallback-logger","caller":"logging/config.go:69","msg":"Fetch GitHub commit ID from kodata failed: open /var/run/ko/HEAD: no such file or directory"}
{"level":"info","ts":1610459821.983019,"logger":"fallback-logger","caller":"bash/main.go:64","msg":"Successfully executed command \"sh -c mkdir -p /workspace/source\"; output "}

Showing logs for build [32mseldonio-seldon-core-pr-2832-in-jt4f9-3[0m stage [32mpr-build-comment[0m and container [32mstep-place-tools[0m

Showing logs for build [32mseldonio-seldon-core-pr-2832-in-jt4f9-3[0m stage [32mpr-build-comment[0m and container [32mstep-create-dir-workspace-c4l6p[0m
{"level":"info","ts":1610459828.0753658,"logger":"fallback-logger","caller":"logging/config.go:69","msg":"Fetch GitHub commit ID from kodata failed: open /var/run/ko/HEAD: no such file or directory"}
{"level":"info","ts":1610459828.0768013,"logger":"fallback-logger","caller":"bash/main.go:64","msg":"Successfully executed command \"sh -c mkdir -p source\"; output "}

Showing logs for build [32mseldonio-seldon-core-pr-2832-in-jt4f9-3[0m stage [32mpr-build-comment[0m and container [32mstep-git-source-seldonio-seldon-core-pr-2832-in-jt4f9-25j8s[0m
{"level":"info","ts":1610459828.3412287,"logger":"fallback-logger","caller":"logging/config.go:69","msg":"Fetch GitHub commit ID from kodata failed: open /var/run/ko/refs/heads/0.8.0-ns-support: no such file or directory"}
{"level":"info","ts":1610459838.1992042,"logger":"fallback-logger","caller":"git/git.go:103","msg":"Successfully cloned https://github.com/SeldonIO/seldon-core.git @ master in path /workspace/source"}

Showing logs for build [32mseldonio-seldon-core-pr-2832-in-jt4f9-3[0m stage [32mpr-build-comment[0m and container [32mstep-setup-builder-home[0m

Showing logs for build [32mseldonio-seldon-core-pr-2832-in-jt4f9-3[0m stage [32mpr-build-comment[0m and container [32mstep-git-merge[0m
Using SHAs from PULL_REFS=master:97ca4a3fc624debad5baefb9d20ea0237f9f2216,2832:484f4d4f16734eae2d5e4cb1ad07bd324e3021a1
DEBUG: LC_ALL=C JX_LOG_LEVEL=error git fetch origin --unshallow 484f4d4f16734eae2d5e4cb1ad07bd324e3021a1: 97ca4a3fc624debad5baefb9d20ea0237f9f2216:
DEBUG: ran git fetch --unshallow origin 484f4d4f16734eae2d5e4cb1ad07bd324e3021a1: 97ca4a3fc624debad5baefb9d20ea0237f9f2216: in 
DEBUG: LC_ALL=C JX_LOG_LEVEL=error git branch
DEBUG: JX_LOG_LEVEL=error LC_ALL=C git checkout master
DEBUG: ran git checkout master in 
DEBUG: LC_ALL=C JX_LOG_LEVEL=error git reset --hard 97ca4a3fc624debad5baefb9d20ea0237f9f2216
DEBUG: ran git reset --hard 97ca4a3fc624debad5baefb9d20ea0237f9f2216 in 
DEBUG: LC_ALL=C JX_LOG_LEVEL=error git clean -fd .
DEBUG: ran clean --force -d . in 
DEBUG: LC_ALL=C JX_LOG_LEVEL=error git merge 484f4d4f16734eae2d5e4cb1ad07bd324e3021a1
DEBUG: ran git merge 484f4d4f16734eae2d5e4cb1ad07bd324e3021a1 in 
DEBUG: LC_ALL=C JX_LOG_LEVEL=error git log --format=%H%x1f%an%x1f%ae%x1f%cn%x1f%ce%x1f%s%n%b%x1e 97ca4a3fc624debad5baefb9d20ea0237f9f2216..HEAD
Merged SHA f9886cba48fcbec55c76a72a4b000830167bc7e1 with commit message 'Merge commit '484f4d4f16734eae2d5e4cb1ad07bd324e3021a1'' into base branch master
Merged SHA 484f4d4f16734eae2d5e4cb1ad07bd324e3021a1 with commit message 'Add V2 data plane support for alibi detect server' into base branch master
Merged SHA 46b48aa8a3457df5028a8de90dade8f1675b01d5 with commit message 'Merge branch 'text_drift' into 2831_v2_outlier_drift' into base branch master
Merged SHA 99bab83de2a4e33ccc35dbadcef01a15153e5074 with commit message 'Update Alibi Detect Server to Alibi 0.4.4' into base branch master

Showing logs for build [32mseldonio-seldon-core-pr-2832-in-jt4f9-3[0m stage [32mpr-build-comment[0m and container [32mstep-step2[0m
+++ dirname ./add-pr-build-comment
++ cd .
++ pwd
+ STARTUP_DIR=/workspace/source/ci
+ REPO_OWNER=SeldonIO
+ REPO_NAME=seldon-core
+ PULL_NUMBER=2832
+ BUILD_NUMBER=3
+ PIPELINE_CONTEXT=integration
++ cat
+++ date
+ COMMENT_MSG='Tue Jan 12 13:57:28 UTC 2021
The logs for [integration] [3] will show after the pipeline context has finished.  
https://github.com/SeldonIO/seldon-core/blob/gh-pages/jenkins-x/logs/SeldonIO/seldon-core/PR-2832/3.log

impatient try  
** get build logs SeldonIO/seldon-core/PR-2832 --build=3'
+ ** step pr comment --owner=SeldonIO --repository=seldon-core --pull-request=2832 '--comment=Tue Jan 12 13:57:28 UTC 2021
The logs for [integration] [3] will show after the pipeline context has finished.  
https://github.com/SeldonIO/seldon-core/blob/gh-pages/jenkins-x/logs/SeldonIO/seldon-core/PR-2832/3.log

impatient try  
** get build logs SeldonIO/seldon-core/PR-2832 --build=3'

Showing logs for build [32mseldonio-seldon-core-pr-2832-in-jt4f9-3[0m stage [32mpr-build-comment[0m and container [32mstep-source-mkdir-seldonio-seldon-core-pr-2832-in-jt4f9-vhssp[0m
{"level":"info","ts":1610459851.1361237,"logger":"fallback-logger","caller":"logging/config.go:69","msg":"Fetch GitHub commit ID from kodata failed: open /var/run/ko/HEAD: no such file or directory"}
{"level":"info","ts":1610459851.1534495,"logger":"fallback-logger","caller":"bash/main.go:64","msg":"Successfully executed command \"sh -c mkdir -p /pvc/pr-build-comment/workspace\"; output "}

Showing logs for build [32mseldonio-seldon-core-pr-2832-in-jt4f9-3[0m stage [32mpr-build-comment[0m and container [32mstep-source-copy-seldonio-seldon-core-pr-2832-in-jt4f9-trpdj[0m
{"level":"info","ts":1610459851.347065,"logger":"fallback-logger","caller":"logging/config.go:69","msg":"Fetch GitHub commit ID from kodata failed: open /var/run/ko/HEAD: no such file or directory"}
{"level":"info","ts":1610459851.8919346,"logger":"fallback-logger","caller":"bash/main.go:64","msg":"Successfully executed command \"sh -c cp -r source/. /pvc/pr-build-comment/workspace\"; output "}

Showing logs for build [32mseldonio-seldon-core-pr-2832-in-jt4f9-3[0m stage [32mend-to-end[0m and container [32mstep-credential-initializer-b78f6[0m
{"level":"info","ts":1610459853.9941509,"logger":"fallback-logger","caller":"logging/config.go:69","msg":"Fetch GitHub commit ID from kodata failed: open /var/run/ko/refs/heads/0.8.0-ns-support: no such file or directory"}
{"level":"info","ts":1610459853.9945786,"logger":"fallback-logger","caller":"creds-init/main.go:40","msg":"Credentials initialized."}

Showing logs for build [32mseldonio-seldon-core-pr-2832-in-jt4f9-3[0m stage [32mend-to-end[0m and container [32mstep-working-dir-initializer-99v7b[0m
{"level":"info","ts":1610459854.348481,"logger":"fallback-logger","caller":"logging/config.go:69","msg":"Fetch GitHub commit ID from kodata failed: open /var/run/ko/HEAD: no such file or directory"}
{"level":"info","ts":1610459854.35026,"logger":"fallback-logger","caller":"bash/main.go:64","msg":"Successfully executed command \"sh -c mkdir -p /workspace/source\"; output "}

Showing logs for build [32mseldonio-seldon-core-pr-2832-in-jt4f9-3[0m stage [32mend-to-end[0m and container [32mstep-place-tools[0m

Showing logs for build [32mseldonio-seldon-core-pr-2832-in-jt4f9-3[0m stage [32mend-to-end[0m and container [32mstep-create-dir-workspace-k447q[0m
{"level":"info","ts":1610459861.4699216,"logger":"fallback-logger","caller":"logging/config.go:69","msg":"Fetch GitHub commit ID from kodata failed: open /var/run/ko/HEAD: no such file or directory"}
{"level":"info","ts":1610459861.4716582,"logger":"fallback-logger","caller":"bash/main.go:64","msg":"Successfully executed command \"sh -c mkdir -p /workspace/source\"; output "}

Showing logs for build [32mseldonio-seldon-core-pr-2832-in-jt4f9-3[0m stage [32mend-to-end[0m and container [32mstep-source-copy-workspace-k9xff[0m
{"level":"info","ts":1610459861.6834276,"logger":"fallback-logger","caller":"logging/config.go:69","msg":"Fetch GitHub commit ID from kodata failed: open /var/run/ko/HEAD: no such file or directory"}
{"level":"info","ts":1610459862.1248455,"logger":"fallback-logger","caller":"bash/main.go:64","msg":"Successfully executed command \"sh -c cp -r /pvc/pr-build-comment/workspace/. /workspace/source\"; output "}

Showing logs for build [32mseldonio-seldon-core-pr-2832-in-jt4f9-3[0m stage [32mend-to-end[0m and container [32mstep-setup-builder-home[0m

Showing logs for build [32mseldonio-seldon-core-pr-2832-in-jt4f9-3[0m stage [32mend-to-end[0m and container [32mstep-test-end-to-end[0m
Test run type is: [base]
Starting Docker: docker.
kind create cluster --config ../resources/kind_config.yaml
Creating cluster "kind" ...
 â€¢ Ensuring node image (kindest/node:v1.16.3) ðŸ–¼  ...
 âœ“ Ensuring node image (kindest/node:v1.16.3) ðŸ–¼
 â€¢ Preparing nodes ðŸ“¦  ...
 âœ“ Preparing nodes ðŸ“¦
 â€¢ Writing configuration ðŸ“œ  ...
 âœ“ Writing configuration ðŸ“œ
 â€¢ Starting control-plane ðŸ•¹ï¸  ...
 âœ“ Starting control-plane ðŸ•¹ï¸
 â€¢ Installing CNI ðŸ”Œ  ...
 âœ“ Installing CNI ðŸ”Œ
 â€¢ Installing StorageClass ðŸ’¾  ...
 âœ“ Installing StorageClass ðŸ’¾
 â€¢ Joining worker nodes ðŸšœ  ...
 âœ“ Joining worker nodes ðŸšœ
Set kubectl context to "kind-kind"
You can now use your cluster with:

kubectl cluster-info --context kind-kind

Have a question, bug, or feature request? Let us know! https://kind.sigs.k8s.io/#community ðŸ™‚
`kind get kubeconfig-path` is deprecated!

KIND will export and merge kubeconfig like kops, minikube, etc.
This command is now unnecessary and will be removed in a future release.

For more info see: https://github.com/kubernetes-sigs/kind/issues/1060
See also the output of `kind create cluster`

Files changed in python folder:
SKIPPING PYTHON IMAGE BUILD...
Files changed in operator folder:
SKIPPING OPERATOR IMAGE BUILD...
Files changed in engine folder:
SKIPPING ENGINE IMAGE BUILD...
Files changed in executor folder:
executor/api/util/utils_test.go
cd ../../executor && make kind-image-install
make[1]: Entering directory '/workspace/source/executor'
rm -rf _operator
cp -r ../operator _operator
go fmt ./api/... ./predictor/... ./k8s/... ./logger/...
go: downloading google.golang.org/grpc v1.32.0
go: downloading github.com/golang/protobuf v1.4.2
go: downloading github.com/cloudevents/sdk-go v1.2.0
go: downloading github.com/gorilla/mux v1.8.0
go: downloading github.com/go-logr/logr v0.1.0
go: downloading github.com/prometheus/client_golang v1.7.1
go: downloading github.com/google/uuid v1.1.2
go: downloading github.com/opentracing/opentracing-go v1.2.0
go: downloading github.com/confluentinc/confluent-kafka-go v1.4.2
go: downloading google.golang.org/protobuf v1.25.0
go: downloading golang.org/x/xerrors v0.0.0-20200804184101-5ec99f83aff1
go: downloading github.com/prometheus/client_model v0.2.0
go: downloading go.opencensus.io v0.22.4
go: downloading github.com/prometheus/common v0.14.0
go: downloading google.golang.org/genproto v0.0.0-20200731012542-8145dea6a485
go: downloading github.com/pkg/errors v0.9.1
go: downloading sigs.k8s.io/controller-runtime v0.6.4
go: downloading go.uber.org/zap v1.16.0
go: downloading github.com/grpc-ecosystem/go-grpc-middleware v1.2.1
go: downloading golang.org/x/net v0.0.0-20201202161906-c7110b5ffcbb
go: downloading github.com/prometheus/procfs v0.1.3
go: downloading github.com/kedacore/keda v0.0.0-20200911122749-717aab81817f
go: downloading k8s.io/apimachinery v0.18.8
go: downloading github.com/beorn7/perks v1.0.1
go: downloading go.uber.org/multierr v1.5.0
go: downloading github.com/uber/jaeger-client-go v2.25.0+incompatible
go: downloading github.com/lightstep/tracecontext.go v0.0.0-20181129014701-1757c391b1ac
go: downloading github.com/ghodss/yaml v1.0.0
go: downloading go.uber.org/atomic v1.6.0
go: downloading github.com/gogo/protobuf v1.3.1
go: downloading github.com/google/gofuzz v1.1.0
go: downloading k8s.io/api v0.18.8
go: downloading github.com/matttproud/golang_protobuf_extensions v1.0.1
go: downloading gopkg.in/yaml.v2 v2.4.0
go: downloading golang.org/x/sys v0.0.0-20200930185726-fdedc70b468f
go: downloading k8s.io/client-go v0.18.8
go: downloading gomodules.xyz/jsonpatch/v2 v2.1.0
go: downloading github.com/spf13/pflag v1.0.5
go: downloading knative.dev/pkg v0.0.0-20200911145400-2d4efecc6bc1
go: downloading sigs.k8s.io/structured-merge-diff v1.0.1
go: downloading github.com/go-logr/zapr v0.1.1
go: downloading golang.org/x/time v0.0.0-20200630173020-3af7569d3a1e
go: downloading sigs.k8s.io/structured-merge-diff/v3 v3.0.1-0.20200706213357-43c19bbb7fba
go: downloading gopkg.in/inf.v0 v0.9.1
go: downloading github.com/evanphx/json-patch v4.9.0+incompatible
go: downloading github.com/fsnotify/fsnotify v1.4.9
go: downloading github.com/cespare/xxhash v1.1.0
go: downloading github.com/cespare/xxhash/v2 v2.1.1
go: downloading github.com/imdario/mergo v0.3.11
go: downloading github.com/google/go-cmp v0.5.4
go: downloading golang.org/x/text v0.3.3
go: downloading sigs.k8s.io/yaml v1.2.0
go: downloading golang.org/x/crypto v0.0.0-20200728195943-123391ffb6de
go: downloading github.com/json-iterator/go v1.1.10
go: downloading github.com/modern-go/reflect2 v1.0.1
go: downloading k8s.io/klog v1.0.0
go: downloading github.com/uber/jaeger-lib v2.2.0+incompatible
go: downloading k8s.io/apiextensions-apiserver v0.18.8
go: downloading github.com/davecgh/go-spew v1.1.1
go: downloading github.com/modern-go/concurrent v0.0.0-20180306012644-bacd9c7ef1dd
go: downloading k8s.io/utils v0.0.0-20200603063816-c1c6865ac451
go: downloading github.com/googleapis/gnostic v0.4.0
go: downloading github.com/golang/groupcache v0.0.0-20200121045136-8c9f03a8e57e
go: downloading golang.org/x/oauth2 v0.0.0-20200107190931-bf48bf16ab8d
go: downloading github.com/hashicorp/golang-lru v0.5.4
go: downloading k8s.io/kube-openapi v0.0.0-20200410145947-bcb3869e6f29
go: downloading k8s.io/klog/v2 v2.0.0
go vet ./api/... ./predictor/... ./k8s/... ./logger/...
go: downloading github.com/onsi/gomega v1.10.4
go: downloading gotest.tools v2.2.0+incompatible
go test ./api/... ./predictor/... ./k8s/... ./logger/... -coverprofile cover.out
?   	github.com/seldonio/seldon-core/executor/api	[no test files]
?   	github.com/seldonio/seldon-core/executor/api/client	[no test files]
ok  	github.com/seldonio/seldon-core/executor/api/grpc	0.062s	coverage: 18.0% of statements
?   	github.com/seldonio/seldon-core/executor/api/grpc/kfserving	[no test files]
?   	github.com/seldonio/seldon-core/executor/api/grpc/kfserving/inference	[no test files]
ok  	github.com/seldonio/seldon-core/executor/api/grpc/seldon	1.148s	coverage: 48.1% of statements
?   	github.com/seldonio/seldon-core/executor/api/grpc/seldon/proto	[no test files]
?   	github.com/seldonio/seldon-core/executor/api/grpc/seldon/test	[no test files]
ok  	github.com/seldonio/seldon-core/executor/api/grpc/tensorflow	0.049s	coverage: 19.0% of statements
ok  	github.com/seldonio/seldon-core/executor/api/kafka	0.050s	coverage: 1.2% of statements
ok  	github.com/seldonio/seldon-core/executor/api/metric	0.149s	coverage: 31.6% of statements
ok  	github.com/seldonio/seldon-core/executor/api/payload	0.034s	coverage: 64.3% of statements
ok  	github.com/seldonio/seldon-core/executor/api/rest	1.071s	coverage: 62.9% of statements
?   	github.com/seldonio/seldon-core/executor/api/test	[no test files]
ok  	github.com/seldonio/seldon-core/executor/api/tracing	0.011s	coverage: 72.2% of statements
ok  	github.com/seldonio/seldon-core/executor/api/util	0.029s	coverage: 38.0% of statements
ok  	github.com/seldonio/seldon-core/executor/predictor	0.075s	coverage: 68.3% of statements
ok  	github.com/seldonio/seldon-core/executor/k8s	0.117s	coverage: 72.7% of statements
?   	github.com/seldonio/seldon-core/executor/logger	[no test files]
mkdir -p api/rest/openapi/
cp ../openapi/swagger-ui/* api/rest/openapi/
cp ../openapi/engine.oas3.json api/rest/openapi/seldon.json
docker build -f Dockerfile.executor -t seldonio/seldon-core-executor:1.6.0-dev .
Sending build context to Docker daemon  23.61MB
Step 1/27 : FROM golang:1.13 as builder
1.13: Pulling from library/golang
d6ff36c9ec48: Pulling fs layer
c958d65b3090: Pulling fs layer
edaf0a6b092f: Pulling fs layer
80931cf68816: Pulling fs layer
813643441356: Pulling fs layer
799f41bb59c9: Pulling fs layer
16b5038bccc8: Pulling fs layer
80931cf68816: Waiting
813643441356: Waiting
16b5038bccc8: Waiting
edaf0a6b092f: Download complete
c958d65b3090: Verifying Checksum
c958d65b3090: Download complete
d6ff36c9ec48: Verifying Checksum
d6ff36c9ec48: Download complete
813643441356: Verifying Checksum
813643441356: Download complete
16b5038bccc8: Download complete
80931cf68816: Download complete
d6ff36c9ec48: Pull complete
c958d65b3090: Pull complete
edaf0a6b092f: Pull complete
799f41bb59c9: Verifying Checksum
799f41bb59c9: Download complete
80931cf68816: Pull complete
813643441356: Pull complete
799f41bb59c9: Pull complete
16b5038bccc8: Pull complete
Digest: sha256:8ebb6d5a48deef738381b56b1d4cd33d99a5d608e0d03c5fe8dfa3f68d41a1f8
Status: Downloaded newer image for golang:1.13
 ---> d6f3656320fe
Step 2/27 : WORKDIR /workspace
 ---> Running in a87f3a26383a
Removing intermediate container a87f3a26383a
 ---> d27b623fc2ab
Step 3/27 : COPY go.mod go.mod
 ---> f3692988ba34
Step 4/27 : COPY go.sum go.sum
 ---> 32172d6f586b
Step 5/27 : COPY proto/ proto/
 ---> d181c727ad11
Step 6/27 : COPY _operator/ _operator/
 ---> 4f62fa05c566
Step 7/27 : RUN go mod download
 ---> Running in 1ee10920860e
[91mgo: finding bazil.org/fuse v0.0.0-20180421153158-65cc252bf669
[0m[91mgo: finding cloud.google.com/go v0.62.0
[0m[91mgo: finding cloud.google.com/go/bigquery v1.8.0
[0m[91mgo: finding cloud.google.com/go/datastore v1.1.0
[0m[91mgo: finding cloud.google.com/go/firestore v1.1.0
[0m[91mgo: finding cloud.google.com/go/logging v1.0.0
[0m[91mgo: finding cloud.google.com/go/pubsub v1.6.1
[0m[91mgo: finding cloud.google.com/go/storage v1.10.0
[0m[91mgo: finding code.gitea.io/sdk/gitea v0.12.0
[0m[91mgo: finding contrib.go.opencensus.io/exporter/aws v0.0.0-20181029163544-2befc13012d0
[0m[91mgo: finding contrib.go.opencensus.io/exporter/ocagent v0.7.1-0.20200615190824-f8c219d2d895
[0m[91mgo: finding contrib.go.opencensus.io/exporter/prometheus v0.2.1-0.20200609204449-6bcf6f8577f0
[0m[91mgo: finding contrib.go.opencensus.io/exporter/stackdriver v0.13.2
[0m[91mgo: finding contrib.go.opencensus.io/exporter/zipkin v0.1.1
[0m[91mgo: finding contrib.go.opencensus.io/integrations/ocsql v0.1.4
[0m[91mgo: finding contrib.go.opencensus.io/resource v0.1.1
[0m[91mgo: finding dmitri.shuralyov.com/gpu/mtl v0.0.0-20190408044501-666a987793e9
[0m[91mgo: finding git.apache.org/thrift.git v0.12.0
[0m[91mgo: finding github.com/Azure/azure-amqp-common-go v1.1.4
[0m[91mgo: finding github.com/Azure/azure-amqp-common-go/v2 v2.1.0
[0m[91mgo: finding github.com/Azure/azure-amqp-common-go/v3 v3.0.1
[0m[91mgo: finding github.com/Azure/azure-event-hubs-go v1.3.1
[0m[91mgo: finding github.com/Azure/azure-pipeline-go v0.2.2
[0m[91mgo: finding github.com/Azure/azure-sdk-for-go v46.0.0+incompatible
[0m[91mgo: finding github.com/Azure/azure-service-bus-go v0.10.6
[0m[91mgo: finding github.com/Azure/azure-storage-blob-go v0.10.0
[0m[91mgo: finding github.com/Azure/azure-storage-queue-go v0.0.0-20191125232315-636801874cdd
[0m[91mgo: finding github.com/Azure/go-amqp v0.13.1
[0m[91mgo: finding github.com/Azure/go-ansiterm v0.0.0-20170929234023-d6e3b3328b78
[0m[91mgo: finding github.com/Azure/go-autorest v14.2.0+incompatible
[0m[91mgo: finding github.com/Azure/go-autorest/autorest v0.11.3
[0m[91mgo: finding github.com/Azure/go-autorest/autorest/adal v0.9.2
[0m[91mgo: finding github.com/Azure/go-autorest/autorest/azure/auth v0.5.1
[0m[91mgo: finding github.com/Azure/go-autorest/autorest/azure/cli v0.4.0
[0m[91mgo: finding github.com/Azure/go-autorest/autorest/date v0.3.0
[0m[91mgo: finding github.com/Azure/go-autorest/autorest/mocks v0.4.1
[0m[91mgo: finding github.com/Azure/go-autorest/autorest/to v0.4.0
[0m[91mgo: finding github.com/Azure/go-autorest/autorest/validation v0.3.0
[0m[91mgo: finding github.com/Azure/go-autorest/logger v0.2.0
[0m[91mgo: finding github.com/Azure/go-autorest/tracing v0.6.0
[0m[91mgo: finding github.com/BurntSushi/toml v0.3.1
[0m[91mgo: finding github.com/BurntSushi/xgb v0.0.0-20160522181843-27f122750802
[0m[91mgo: finding github.com/DataDog/zstd v1.4.1
[0m[91mgo: finding github.com/Djarvur/go-err113 v0.1.0
[0m[91mgo: finding github.com/GoogleCloudPlatform/cloud-builders/gcs-fetcher v0.0.0-20191203181535-308b93ad1f39
[0m[91mgo: finding github.com/GoogleCloudPlatform/cloudsql-proxy v0.0.0-20191009163259-e802c2cb94ae
[0m[91mgo: finding github.com/GoogleCloudPlatform/k8s-cloud-provider v0.0.0-20190822182118-27a4ced34534
[0m[91mgo: finding github.com/GoogleCloudPlatform/testgrid v0.0.13
[0m[91mgo: finding github.com/Huawei/gophercloud v1.0.21
[0m[91mgo: finding github.com/Knetic/govaluate v3.0.1-0.20171022003610-9aa49832a739+incompatible
[0m[91mgo: finding github.com/MakeNowJust/heredoc v0.0.0-20170808103936-bb23615498cd
[0m[91mgo: finding github.com/Masterminds/goutils v1.1.0
[0m[91mgo: finding github.com/Masterminds/semver v1.5.0
[0m[91mgo: finding github.com/Masterminds/semver/v3 v3.1.0
[0m[91mgo: finding github.com/Masterminds/sprig/v3 v3.0.2
[0m[91mgo: finding github.com/Masterminds/vcs v1.13.1
[0m[91mgo: finding github.com/Microsoft/go-winio v0.4.15-0.20190919025122-fc70bd9a86b5
[0m[91mgo: finding github.com/Microsoft/hcsshim v0.8.7
[0m[91mgo: finding github.com/NYTimes/gziphandler v0.0.0-20170623195520-56545f4a5d46
[0m[91mgo: finding github.com/OneOfOne/xxhash v1.2.2
[0m[91mgo: finding github.com/OpenPeeDeeP/depguard v1.0.1
[0m[91mgo: finding github.com/PuerkitoBio/purell v1.1.1
[0m[91mgo: finding github.com/PuerkitoBio/urlesc v0.0.0-20170810143723-de5bf2ad4578
[0m[91mgo: finding github.com/Shopify/logrus-bugsnag v0.0.0-20171204204709-577dee27f20d
[0m[91mgo: finding github.com/Shopify/sarama v1.27.0
[0m[91mgo: finding github.com/Shopify/toxiproxy v2.1.4+incompatible
[0m[91mgo: finding github.com/StackExchange/wmi v0.0.0-20180116203802-5d049714c4a6
[0m[91mgo: finding github.com/VividCortex/gohistogram v1.0.0
[0m[91mgo: finding github.com/afex/hystrix-go v0.0.0-20180502004556-fa1af6a1f4f5
[0m[91mgo: finding github.com/agnivade/levenshtein v1.0.1
[0m[91mgo: finding github.com/alcortesm/tgz v0.0.0-20161220082320-9c5fe88206d7
[0m[91mgo: finding github.com/alecthomas/kingpin v2.2.6+incompatible
[0m[91mgo: finding github.com/alecthomas/template v0.0.0-20190718012654-fb15b899a751
[0m[91mgo: finding github.com/alecthomas/units v0.0.0-20190924025748-f65c72e2690d
[0m[91mgo: finding github.com/andreyvit/diff v0.0.0-20170406064948-c7f18ee00883
[0m[91mgo: finding github.com/andybalholm/brotli v0.0.0-20190621154722-5f990b63d2d6
[0m[91mgo: finding github.com/andygrunwald/go-gerrit v0.0.0-20190120104749-174420ebee6c
[0m[91mgo: finding github.com/anmitsu/go-shlex v0.0.0-20161002113705-648efa622239
[0m[91mgo: finding github.com/antihax/optional v1.0.0
[0m[91mgo: finding github.com/apache/thrift v0.13.0
[0m[91mgo: finding github.com/apex/log v1.3.0
[0m[91mgo: finding github.com/apex/logs v0.0.4
[0m[91mgo: finding github.com/aphistic/golf v0.0.0-20180712155816-02c07f170c5a
[0m[91mgo: finding github.com/aphistic/sweet v0.2.0
[0m[91mgo: finding github.com/armon/circbuf v0.0.0-20150827004946-bbbad097214e
[0m[91mgo: finding github.com/armon/consul-api v0.0.0-20180202201655-eb2c6b5be1b6
[0m[91mgo: finding github.com/armon/go-metrics v0.0.0-20180917152333-f0300d1749da
[0m[91mgo: finding github.com/armon/go-radix v0.0.0-20180808171621-7fddfc383310
[0m[91mgo: finding github.com/armon/go-socks5 v0.0.0-20160902184237-e75332964ef5
[0m[91mgo: finding github.com/aryann/difflib v0.0.0-20170710044230-e206f873d14a
[0m[91mgo: finding github.com/asaskevich/govalidator v0.0.0-20200108200545-475eaeb16496
[0m[91mgo: finding github.com/aws/aws-k8s-tester v1.0.0
[0m[91mgo: finding github.com/aws/aws-lambda-go v1.13.3
[0m[91mgo: finding github.com/aws/aws-sdk-go v1.34.18
[0m[91mgo: finding github.com/aws/aws-sdk-go-v2 v0.18.0
[0m[91mgo: finding github.com/aybabtme/rgbterm v0.0.0-20170906152045-cc83f3b3ce59
[0m[91mgo: finding github.com/bazelbuild/buildtools v0.0.0-20190917191645-69366ca98f89
[0m[91mgo: finding github.com/beorn7/perks v1.0.1
[0m[91mgo: finding github.com/bgentry/speakeasy v0.1.0
[0m[91mgo: finding github.com/bitly/go-simplejson v0.5.0
[0m[91mgo: finding github.com/bketelsen/crypt v0.0.3-0.20200106085610-5cbc8cc4026c
[0m[91mgo: finding github.com/blakesmith/ar v0.0.0-20190502131153-809d4375e1fb
[0m[91mgo: finding github.com/blang/semver v3.5.1+incompatible
[0m[91mgo: finding github.com/bmizerany/assert v0.0.0-20160611221934-b7ed37b82869
[0m[91mgo: finding github.com/bmizerany/perks v0.0.0-20141205001514-d9a9656a3a4b
[0m[91mgo: finding github.com/bombsimon/wsl/v2 v2.2.0
[0m[91mgo: finding github.com/bombsimon/wsl/v3 v3.1.0
[0m[91mgo: finding github.com/bshuster-repo/logrus-logstash-hook v0.4.1
[0m[91mgo: finding github.com/bugsnag/bugsnag-go v0.0.0-20141110184014-b1d153021fcd
[0m[91mgo: finding github.com/bugsnag/osext v0.0.0-20130617224835-0dd3f918b21b
[0m[91mgo: finding github.com/bugsnag/panicwrap v0.0.0-20151223152923-e2c28503fcd0
[0m[91mgo: finding github.com/bwmarrin/snowflake v0.0.0
[0m[91mgo: finding github.com/caarlos0/ctrlc v1.0.0
[0m[91mgo: finding github.com/campoy/unique v0.0.0-20180121183637-88950e537e7e
[0m[91mgo: finding github.com/casbin/casbin/v2 v2.1.2
[0m[91mgo: finding github.com/cavaliercoder/go-cpio v0.0.0-20180626203310-925f9528c45e
[0m[91mgo: finding github.com/cenkalti/backoff v2.2.1+incompatible
[0m[91mgo: finding github.com/census-instrumentation/opencensus-proto v0.2.1
[0m[91mgo: finding github.com/cespare/xxhash v1.1.0
[0m[91mgo: finding github.com/cespare/xxhash/v2 v2.1.1
[0m[91mgo: finding github.com/chai2010/gettext-go v0.0.0-20160711120539-c6fed771bfd5
[0m[91mgo: finding github.com/chzyer/logex v1.1.10
[0m[91mgo: finding github.com/chzyer/readline v0.0.0-20180603132655-2972be24d48e
[0m[91mgo: finding github.com/chzyer/test v0.0.0-20180213035817-a1ea475d72b1
[0m[91mgo: finding github.com/cihub/seelog v0.0.0-20170130134532-f561c5e57575
[0m[91mgo: finding github.com/clarketm/json v1.13.4
[0m[91mgo: finding github.com/clbanning/x2j v0.0.0-20191024224557-825249438eec
[0m[91mgo: finding github.com/client9/misspell v0.3.4
[0m[91mgo: finding github.com/cloudevents/sdk-go v1.2.0
[0m[91mgo: finding github.com/cloudevents/sdk-go/v2 v2.0.0
[0m[91mgo: finding github.com/cncf/udpa/go v0.0.0-20191209042840-269d4d468f6f
[0m[91mgo: finding github.com/cockroachdb/datadriven v0.0.0-20190809214429-80d97fb3cbaa
[0m[91mgo: finding github.com/codahale/hdrhistogram v0.0.0-20161010025455-3a0bb77429bd
[0m[91mgo: finding github.com/confluentinc/confluent-kafka-go v1.4.2
[0m[91mgo: finding github.com/containerd/cgroups v0.0.0-20190919134610-bf292b21730f
[0m[91mgo: finding github.com/containerd/console v0.0.0-20180822173158-c12b1e7919c1
[0m[91mgo: finding github.com/containerd/containerd v1.3.3
[0m[91mgo: finding github.com/containerd/continuity v0.0.0-20200107194136-26c1120b8d41
[0m[91mgo: finding github.com/containerd/fifo v0.0.0-20190226154929-a9fb20d87448
[0m[91mgo: finding github.com/containerd/go-runc v0.0.0-20180907222934-5a6d9f37cfa3
[0m[91mgo: finding github.com/containerd/ttrpc v0.0.0-20190828154514-0e0f228740de
[0m[91mgo: finding github.com/containerd/typeurl v0.0.0-20180627222232-a93fcdb778cd
[0m[91mgo: finding github.com/coreos/bbolt v1.3.3
[0m[91mgo: finding github.com/coreos/etcd v3.3.17+incompatible
[0m[91mgo: finding github.com/coreos/go-etcd v2.0.0+incompatible
[0m[91mgo: finding github.com/coreos/go-oidc v2.1.0+incompatible
[0m[91mgo: finding github.com/coreos/go-semver v0.3.0
[0m[91mgo: finding github.com/coreos/go-systemd v0.0.0-20190321100706-95778dfbb74e
[0m[91mgo: finding github.com/coreos/pkg v0.0.0-20180928190104-399ea9e2e55f
[0m[91mgo: finding github.com/cpuguy83/go-md2man v1.0.10
[0m[91mgo: finding github.com/cpuguy83/go-md2man/v2 v2.0.0
[0m[91mgo: finding github.com/creack/pty v1.1.9
[0m[91mgo: finding github.com/cyphar/filepath-securejoin v0.2.2
[0m[91mgo: finding github.com/davecgh/go-spew v1.1.1
[0m[91mgo: finding github.com/daviddengcn/go-colortext v0.0.0-20160507010035-511bcaf42ccd
[0m[91mgo: finding github.com/deislabs/oras v0.8.1
[0m[91mgo: finding github.com/denisenkom/go-mssqldb v0.0.0-20191124224453-732737034ffd
[0m[91mgo: finding github.com/denverdino/aliyungo v0.0.0-20190125010748-a747050bb1ba
[0m[91mgo: finding github.com/devigned/tab v0.1.1
[0m[91mgo: finding github.com/dgrijalva/jwt-go v3.2.0+incompatible
[0m[91mgo: finding github.com/dgryski/go-gk v0.0.0-20200319235926-a69029f61654
[0m[91mgo: finding github.com/dgryski/go-sip13 v0.0.0-20181026042036-e10d5fee7954
[0m[91mgo: finding github.com/dimchansky/utfbom v1.1.0
[0m[91mgo: finding github.com/djherbis/atime v1.0.0
[0m[91mgo: finding github.com/dnaeon/go-vcr v1.0.1
[0m[91mgo: finding github.com/docker/cli v0.0.0-20200210162036-a4bedce16568
[0m[91mgo: finding github.com/docker/distribution v2.7.1+incompatible
[0m[91mgo: finding github.com/docker/docker v1.13.1
[0m[91mgo: finding github.com/docker/docker-credential-helpers v0.6.3
[0m[91mgo: finding github.com/docker/go-connections v0.4.0
[0m[91mgo: finding github.com/docker/go-metrics v0.0.0-20180209012529-399ea8c73916
[0m[91mgo: finding github.com/docker/go-units v0.4.0
[0m[91mgo: finding github.com/docker/libtrust v0.0.0-20150114040149-fa567046d9b1
[0m[91mgo: finding github.com/docker/spdystream v0.0.0-20160310174837-449fdfce4d96
[0m[91mgo: finding github.com/docopt/docopt-go v0.0.0-20180111231733-ee0de3bc6815
[0m[91mgo: finding github.com/dsnet/compress v0.0.1
[0m[91mgo: finding github.com/dsnet/golib v0.0.0-20171103203638-1ea166775780
[0m[91mgo: finding github.com/dustin/go-humanize v1.0.0
[0m[91mgo: finding github.com/eapache/go-resiliency v1.2.0
[0m[91mgo: finding github.com/eapache/go-xerial-snappy v0.0.0-20180814174437-776d5712da21
[0m[91mgo: finding github.com/eapache/queue v1.1.0
[0m[91mgo: finding github.com/edsrzf/mmap-go v1.0.0
[0m[91mgo: finding github.com/elazarl/goproxy v0.0.0-20180725130230-947c36da3153
[0m[91mgo: finding github.com/emicklei/go-restful v2.9.5+incompatible
[0m[91mgo: finding github.com/emicklei/go-restful-swagger12 v0.0.0-20170208215640-dcef7f557305
[0m[91mgo: finding github.com/emirpasic/gods v1.12.0
[0m[91mgo: finding github.com/envoyproxy/go-control-plane v0.9.4
[0m[91mgo: finding github.com/envoyproxy/protoc-gen-validate v0.1.0
[0m[91mgo: finding github.com/erikstmartin/go-testdb v0.0.0-20160219214506-8d10e4a1bae5
[0m[91mgo: finding github.com/evanphx/json-patch v4.9.0+incompatible
[0m[91mgo: finding github.com/exponent-io/jsonpath v0.0.0-20151013193312-d6023ce2651d
[0m[91mgo: finding github.com/fatih/camelcase v1.0.0
[0m[91mgo: finding github.com/fatih/color v1.9.0
[0m[91mgo: finding github.com/fatih/structs v1.1.0
[0m[91mgo: finding github.com/flynn/go-shlex v0.0.0-20150515145356-3f9db97f8568
[0m[91mgo: finding github.com/fortytw2/leaktest v1.3.0
[0m[91mgo: finding github.com/franela/goblin v0.0.0-20200105215937-c9ffbefa60db
[0m[91mgo: finding github.com/franela/goreq v0.0.0-20171204163338-bcd34c9993f8
[0m[91mgo: finding github.com/frankban/quicktest v1.10.0
[0m[91mgo: finding github.com/fsnotify/fsnotify v1.4.9
[0m[91mgo: finding github.com/fsouza/fake-gcs-server v1.19.4
[0m[91mgo: finding github.com/garyburd/redigo v0.0.0-20150301180006-535138d7bcd7
[0m[91mgo: finding github.com/ghodss/yaml v1.0.0
[0m[91mgo: finding github.com/gliderlabs/ssh v0.2.2
[0m[91mgo: finding github.com/globalsign/mgo v0.0.0-20181015135952-eeefdecb41b8
[0m[91mgo: finding github.com/go-bindata/go-bindata/v3 v3.1.3
[0m[91mgo: finding github.com/go-critic/go-critic v0.4.3
[0m[91mgo: finding github.com/go-gl/glfw v0.0.0-20190409004039-e6da0acd62b1
[0m[91mgo: finding github.com/go-gl/glfw/v3.3/glfw v0.0.0-20200222043503-6f7a984d4dc4
[0m[91mgo: finding github.com/go-ini/ini v1.55.0
[0m[91mgo: finding github.com/go-kit/kit v0.10.0
[0m[91mgo: finding github.com/go-ldap/ldap v3.0.2+incompatible
[0m[91mgo: finding github.com/go-lintpack/lintpack v0.5.2
[0m[91mgo: finding github.com/go-logfmt/logfmt v0.5.0
[0m[91mgo: finding github.com/go-logr/logr v0.1.0
[0m[91mgo: finding github.com/go-logr/zapr v0.1.1
[0m[91mgo: finding github.com/go-ole/go-ole v1.2.1
[0m[91mgo: finding github.com/go-openapi/analysis v0.19.5
[0m[91mgo: finding github.com/go-openapi/errors v0.19.2
[0m[91mgo: finding github.com/go-openapi/jsonpointer v0.19.3
[0m[91mgo: finding github.com/go-openapi/jsonreference v0.19.3
[0m[91mgo: finding github.com/go-openapi/loads v0.19.4
[0m[91mgo: finding github.com/go-openapi/runtime v0.19.4
[0m[91mgo: finding github.com/go-openapi/spec v0.19.6
[0m[91mgo: finding github.com/go-openapi/strfmt v0.19.3
[0m[91mgo: finding github.com/go-openapi/swag v0.19.7
[0m[91mgo: finding github.com/go-openapi/validate v0.19.5
[0m[91mgo: finding github.com/go-redis/redis v6.15.9+incompatible
[0m[91mgo: finding github.com/go-sql-driver/mysql v1.5.0
[0m[91mgo: finding github.com/go-stack/stack v1.8.0
[0m[91mgo: finding github.com/go-test/deep v1.0.4
[0m[91mgo: finding github.com/go-toolsmith/astcast v1.0.0
[0m[91mgo: finding github.com/go-toolsmith/astcopy v1.0.0
[0m[91mgo: finding github.com/go-toolsmith/astequal v1.0.0
[0m[91mgo: finding github.com/go-toolsmith/astfmt v1.0.0
[0m[91mgo: finding github.com/go-toolsmith/astinfo v0.0.0-20180906194353-9809ff7efb21
[0m[91mgo: finding github.com/go-toolsmith/astp v1.0.0
[0m[91mgo: finding github.com/go-toolsmith/pkgload v1.0.0
[0m[91mgo: finding github.com/go-toolsmith/strparse v1.0.0
[0m[91mgo: finding github.com/go-toolsmith/typep v1.0.2
[0m[91mgo: finding github.com/go-xmlfmt/xmlfmt v0.0.0-20191208150333-d5b6f63a941b
[0m[91mgo: finding github.com/go-yaml/yaml v2.1.0+incompatible
[0m[91mgo: finding github.com/gobuffalo/envy v1.7.1
[0m[91mgo: finding github.com/gobwas/glob v0.2.3
[0m[91mgo: finding github.com/godbus/dbus v0.0.0-20190422162347-ade71ed3457e
[0m[91mgo: finding github.com/gofrs/flock v0.7.1
[0m[91mgo: finding github.com/gogo/googleapis v1.1.0
[0m[91mgo: finding github.com/gogo/protobuf v1.3.1
[0m[91mgo: finding github.com/golang-sql/civil v0.0.0-20190719163853-cb61b32ac6fe
[0m[91mgo: finding github.com/golang/gddo v0.0.0-20190419222130-af0f2af80721
[0m[91mgo: finding github.com/golang/glog v0.0.0-20160126235308-23def4e6c14b
[0m[91mgo: finding github.com/golang/groupcache v0.0.0-20200121045136-8c9f03a8e57e
[0m[91mgo: finding github.com/golang/lint v0.0.0-20180702182130-06c8688daad7
[0m[91mgo: finding github.com/golang/mock v1.4.4
[0m[91mgo: finding github.com/golang/protobuf v1.4.2
[0m[91mgo: finding github.com/golang/snappy v0.0.1
[0m[91mgo: finding github.com/golangci/check v0.0.0-20180506172741-cfe4005ccda2
[0m[91mgo: finding github.com/golangci/dupl v0.0.0-20180902072040-3e9179ac440a
[0m[91mgo: finding github.com/golangci/errcheck v0.0.0-20181223084120-ef45e06d44b6
[0m[91mgo: finding github.com/golangci/go-misc v0.0.0-20180628070357-927a3d87b613
[0m[91mgo: finding github.com/golangci/goconst v0.0.0-20180610141641-041c5f2b40f3
[0m[91mgo: finding github.com/golangci/gocyclo v0.0.0-20180528144436-0a533e8fa43d
[0m[91mgo: finding github.com/golangci/gofmt v0.0.0-20190930125516-244bba706f1a
[0m[91mgo: finding github.com/golangci/golangci-lint v1.27.0
[0m[91mgo: finding github.com/golangci/ineffassign v0.0.0-20190609212857-42439a7714cc
[0m[91mgo: finding github.com/golangci/lint-1 v0.0.0-20191013205115-297bf364a8e0
[0m[91mgo: finding github.com/golangci/maligned v0.0.0-20180506175553-b1d89398deca
[0m[91mgo: finding github.com/golangci/misspell v0.3.5
[0m[91mgo: finding github.com/golangci/prealloc v0.0.0-20180630174525-215b22d4de21
[0m[91mgo: finding github.com/golangci/revgrep v0.0.0-20180812185044-276a5c0a1039
[0m[91mgo: finding github.com/golangci/unconvert v0.0.0-20180507085042-28b1c447d1f4
[0m[91mgo: finding github.com/golangplus/bytes v0.0.0-20160111154220-45c989fe5450
[0m[91mgo: finding github.com/golangplus/fmt v0.0.0-20150411045040-2a5d6d7d2995
[0m[91mgo: finding github.com/golangplus/testing v0.0.0-20180327235837-af21d9c3145e
[0m[91mgo: finding github.com/gomodule/redigo v1.7.0
[0m[91mgo: finding github.com/google/btree v1.0.0
[0m[91mgo: finding github.com/google/go-cmp v0.5.4
[0m[91mgo: finding github.com/google/go-containerregistry v0.1.1
[0m[91mgo: finding github.com/google/go-github v17.0.0+incompatible
[0m[91mgo: finding github.com/google/go-github/v27 v27.0.6
[0m[91mgo: finding github.com/google/go-github/v28 v28.1.1
[0m[91mgo: finding github.com/google/go-github/v29 v29.0.3
[0m[91mgo: finding github.com/google/go-licenses v0.0.0-20200227160636-0fa8c766a591
[0m[91mgo: finding github.com/google/go-querystring v1.0.0
[0m[91mgo: finding github.com/google/go-replayers/grpcreplay v0.1.0
[0m[91mgo: finding github.com/google/go-replayers/httpreplay v0.1.0
[0m[91mgo: finding github.com/google/gofuzz v1.1.0
[0m[91mgo: finding github.com/google/licenseclassifier v0.0.0-20200708223521-3d09a0ea2f39
[0m[91mgo: finding github.com/google/mako v0.0.0-20190821191249-122f8dcef9e3
[0m[91mgo: finding github.com/google/martian v2.1.1-0.20190517191504-25dcb96d9e51+incompatible
[0m[91mgo: finding github.com/google/martian/v3 v3.0.0
[0m[91mgo: finding github.com/google/pprof v0.0.0-20200708004538-1a94d8640e99
[0m[91mgo: finding github.com/google/renameio v0.1.0
[0m[91mgo: finding github.com/google/rpmpack v0.0.0-20191226140753-aa36bfddb3a0
[0m[91mgo: finding github.com/google/subcommands v1.0.1
[0m[91mgo: finding github.com/google/uuid v1.1.2
[0m[91mgo: finding github.com/google/wire v0.4.0
[0m[91mgo: finding github.com/googleapis/gax-go v2.0.2+incompatible
[0m[91mgo: finding github.com/googleapis/gax-go/v2 v2.0.5
[0m[91mgo: finding github.com/googleapis/gnostic v0.4.0
[0m[91mgo: finding github.com/gookit/color v1.2.4
[0m[91mgo: finding github.com/gophercloud/gophercloud v0.1.0
[0m[91mgo: finding github.com/gopherjs/gopherjs v0.0.0-20181017120253-0766667cb4d1
[0m[91mgo: finding github.com/goreleaser/goreleaser v0.136.0
[0m[91mgo: finding github.com/goreleaser/nfpm v1.3.0
[0m[91mgo: finding github.com/gorilla/context v1.1.1
[0m[91mgo: finding github.com/gorilla/csrf v1.6.2
[0m[91mgo: finding github.com/gorilla/handlers v1.4.2
[0m[91mgo: finding github.com/gorilla/mux v1.8.0
[0m[91mgo: finding github.com/gorilla/securecookie v1.1.1
[0m[91mgo: finding github.com/gorilla/sessions v1.2.0
[0m[91mgo: finding github.com/gorilla/websocket v1.4.2
[0m[91mgo: finding github.com/gostaticanalysis/analysisutil v0.0.3
[0m[91mgo: finding github.com/gosuri/uitable v0.0.4
[0m[91mgo: finding github.com/gotestyourself/gotestyourself v2.2.0+incompatible
[0m[91mgo: finding github.com/gregjones/httpcache v0.0.0-20190212212710-3befbb6ad0cc
[0m[91mgo: finding github.com/grpc-ecosystem/go-grpc-middleware v1.2.1
[0m[91mgo: finding github.com/grpc-ecosystem/go-grpc-prometheus v1.2.0
[0m[91mgo: finding github.com/grpc-ecosystem/grpc-gateway v1.14.6
[0m[91mgo: finding github.com/h2non/gock v1.0.9
[0m[91mgo: finding github.com/hashicorp/consul/api v1.3.0
[0m[91mgo: finding github.com/hashicorp/consul/sdk v0.3.0
[0m[91mgo: finding github.com/hashicorp/errwrap v1.0.0
[0m[91mgo: finding github.com/hashicorp/go-cleanhttp v0.5.1
[0m[91mgo: finding github.com/hashicorp/go-hclog v0.9.2
[0m[91mgo: finding github.com/hashicorp/go-immutable-radix v1.0.0
[0m[91mgo: finding github.com/hashicorp/go-msgpack v0.5.3
[0m[91mgo: finding github.com/hashicorp/go-multierror v1.1.0
[0m[91mgo: finding github.com/hashicorp/go-plugin v1.0.1
[0m[91mgo: finding github.com/hashicorp/go-retryablehttp v0.6.6
[0m[91mgo: finding github.com/hashicorp/go-rootcerts v1.0.1
[0m[91mgo: finding github.com/hashicorp/go-sockaddr v1.0.2
[0m[91mgo: finding github.com/hashicorp/go-syslog v1.0.0
[0m[91mgo: finding github.com/hashicorp/go-uuid v1.0.2
[0m[91mgo: finding github.com/hashicorp/go-version v1.2.0
[0m[91mgo: finding github.com/hashicorp/go.net v0.0.1
[0m[91mgo: finding github.com/hashicorp/golang-lru v0.5.4
[0m[91mgo: finding github.com/hashicorp/hcl v1.0.0
[0m[91mgo: finding github.com/hashicorp/logutils v1.0.0
[0m[91mgo: finding github.com/hashicorp/mdns v1.0.0
[0m[91mgo: finding github.com/hashicorp/memberlist v0.1.3
[0m[91mgo: finding github.com/hashicorp/serf v0.8.2
[0m[91mgo: finding github.com/hashicorp/vault/api v1.0.4
[0m[91mgo: finding github.com/hashicorp/vault/sdk v0.1.13
[0m[91mgo: finding github.com/hashicorp/yamux v0.0.0-20181012175058-2f1d1f20f75d
[0m[91mgo: finding github.com/hpcloud/tail v1.0.0
[0m[91mgo: finding github.com/huandu/xstrings v1.2.0
[0m[91mgo: finding github.com/hudl/fargo v1.3.0
[0m[91mgo: finding github.com/ianlancetaylor/demangle v0.0.0-20181102032728-5e5cf60278f6
[0m[91mgo: finding github.com/imdario/mergo v0.3.11
[0m[91mgo: finding github.com/inconshreveable/mousetrap v1.0.0
[0m[91mgo: finding github.com/influxdata/influxdb v0.0.0-20161215172503-049f9b42e9a5
[0m[91mgo: finding github.com/influxdata/influxdb1-client v0.0.0-20191209144304-8bf82d3c094d
[0m[91mgo: finding github.com/influxdata/tdigest v0.0.0-20181121200506-bf2b5ad3c0a9
[0m[91mgo: finding github.com/jarcoal/httpmock v1.0.5
[0m[91mgo: finding github.com/jbenet/go-context v0.0.0-20150711004518-d14ea06fba99
[0m[91mgo: finding github.com/jcmturner/gofork v1.0.0
[0m[91mgo: finding github.com/jenkins-x/go-scm v1.5.117
[0m[91mgo: finding github.com/jessevdk/go-flags v1.4.0
[0m[91mgo: finding github.com/jingyugao/rowserrcheck v0.0.0-20191204022205-72ab7603b68a
[0m[91mgo: finding github.com/jinzhu/gorm v1.9.12
[0m[91mgo: finding github.com/jinzhu/inflection v1.0.0
[0m[91mgo: finding github.com/jinzhu/now v1.1.1
[0m[91mgo: finding github.com/jirfag/go-printf-func-name v0.0.0-20200119135958-7558a9eaa5af
[0m[91mgo: finding github.com/jmespath/go-jmespath v0.3.0
[0m[91mgo: finding github.com/jmoiron/sqlx v1.2.1-0.20190826204134-d7d95172beb5
[0m[91mgo: finding github.com/joefitzgerald/rainbow-reporter v0.1.0
[0m[91mgo: finding github.com/joho/godotenv v1.3.0
[0m[91mgo: finding github.com/jonboulle/clockwork v0.1.0
[0m[91mgo: finding github.com/jpillora/backoff v1.0.0
[0m[91mgo: finding github.com/json-iterator/go v1.1.10
[0m[91mgo: finding github.com/jstemmer/go-junit-report v0.9.1
[0m[91mgo: finding github.com/jtolds/gls v4.20.0+incompatible
[0m[91mgo: finding github.com/julienschmidt/httprouter v1.3.0
[0m[91mgo: finding github.com/kballard/go-shellquote v0.0.0-20180428030007-95032a82bc51
[0m[91mgo: finding github.com/kedacore/keda v0.0.0-20200911122749-717aab81817f
[0m[91mgo: finding github.com/kelseyhightower/envconfig v1.4.0
[0m[91mgo: finding github.com/kevinburke/ssh_config v0.0.0-20190725054713-01f96b0aa0cd
[0m[91mgo: finding github.com/kisielk/errcheck v1.2.0
[0m[91mgo: finding github.com/kisielk/gotool v1.0.0
[0m[91mgo: finding github.com/klauspost/compress v1.10.10
[0m[91mgo: finding github.com/klauspost/cpuid v1.2.2
[0m[91mgo: finding github.com/klauspost/pgzip v1.2.1
[0m[91mgo: finding github.com/knative/build v0.1.2
[0m[91mgo: finding github.com/konsorten/go-windows-terminal-sequences v1.0.3
[0m[91mgo: finding github.com/kr/logfmt v0.0.0-20140226030751-b84e30acd515
[0m[91mgo: finding github.com/kr/pretty v0.2.0
[0m[91mgo: finding github.com/kr/pty v1.1.8
[0m[91mgo: finding github.com/kr/text v0.2.0
[0m[91mgo: finding github.com/kubernetes-incubator/custom-metrics-apiserver v0.0.0-20200618121405-54026617ec44
[0m[91mgo: finding github.com/lib/pq v1.8.0
[0m[91mgo: finding github.com/liggitt/tabwriter v0.0.0-20181228230101-89fcab3d43de
[0m[91mgo: finding github.com/lightstep/lightstep-tracer-common/golang/gogo v0.0.0-20190605223551-bc2310a04743
[0m[91mgo: finding github.com/lightstep/lightstep-tracer-go v0.18.1
[0m[91mgo: finding github.com/lightstep/tracecontext.go v0.0.0-20181129014701-1757c391b1ac
[0m[91mgo: finding github.com/lithammer/dedent v1.1.0
[0m[91mgo: finding github.com/logrusorgru/aurora v0.0.0-20181002194514-a7b3b318ed4e
[0m[91mgo: finding github.com/lyft/protoc-gen-validate v0.0.13
[0m[91mgo: finding github.com/magiconair/properties v1.8.1
[0m[91mgo: finding github.com/mailru/easyjson v0.7.1-0.20191009090205-6c0755d89d1e
[0m[91mgo: finding github.com/maratori/testpackage v1.0.1
[0m[91mgo: finding github.com/markbates/inflect v1.0.4
[0m[91mgo: finding github.com/marstr/guid v1.1.0
[0m[91mgo: finding github.com/matoous/godox v0.0.0-20190911065817-5d6d842e92eb
[0m[91mgo: finding github.com/mattbaird/jsonpatch v0.0.0-20171005235357-81af80346b1a
[0m[91mgo: finding github.com/mattn/go-colorable v0.1.6
[0m[91mgo: finding github.com/mattn/go-ieproxy v0.0.1
[0m[91mgo: finding github.com/mattn/go-isatty v0.0.12
[0m[91mgo: finding github.com/mattn/go-runewidth v0.0.8
[0m[91mgo: finding github.com/mattn/go-shellwords v1.0.10
[0m[91mgo: finding github.com/mattn/go-sqlite3 v2.0.1+incompatible
[0m[91mgo: finding github.com/mattn/go-zglob v0.0.2
[0m[91mgo: finding github.com/mattn/goveralls v0.0.2
[0m[91mgo: finding github.com/matttproud/golang_protobuf_extensions v1.0.1
[0m[91mgo: finding github.com/maxbrunsfeld/counterfeiter/v6 v6.2.2
[0m[91mgo: finding github.com/mgutz/ansi v0.0.0-20170206155736-9520e82c474b
[0m[91mgo: finding github.com/mholt/archiver/v3 v3.3.0
[0m[91mgo: finding github.com/miekg/dns v1.0.14
[0m[91mgo: finding github.com/mitchellh/cli v1.0.0
[0m[91mgo: finding github.com/mitchellh/copystructure v1.0.0
[0m[91mgo: finding github.com/mitchellh/go-homedir v1.1.0
[0m[91mgo: finding github.com/mitchellh/go-ps v0.0.0-20190716172923-621e5597135b
[0m[91mgo: finding github.com/mitchellh/go-testing-interface v1.0.0
[0m[91mgo: finding github.com/mitchellh/go-wordwrap v1.0.0
[0m[91mgo: finding github.com/mitchellh/gox v0.4.0
[0m[91mgo: finding github.com/mitchellh/hashstructure v1.0.0
[0m[91mgo: finding github.com/mitchellh/iochan v1.0.0
[0m[91mgo: finding github.com/mitchellh/ioprogress v0.0.0-20180201004757-6a23b12fa88e
[0m[91mgo: finding github.com/mitchellh/mapstructure v1.3.3
[0m[91mgo: finding github.com/mitchellh/osext v0.0.0-20151018003038-5e2d6d41470f
[0m[91mgo: finding github.com/mitchellh/reflectwalk v1.0.0
[0m[91mgo: finding github.com/modern-go/concurrent v0.0.0-20180306012644-bacd9c7ef1dd
[0m[91mgo: finding github.com/modern-go/reflect2 v1.0.1
[0m[91mgo: finding github.com/mohae/deepcopy v0.0.0-20170929034955-c48cc78d4826
[0m[91mgo: finding github.com/morikuni/aec v1.0.0
[0m[91mgo: finding github.com/mozilla/tls-observatory v0.0.0-20200317151703-4fa42e1c2dee
[0m[91mgo: finding github.com/munnerz/goautoneg v0.0.0-20191010083416-a7dc8b61c822
[0m[91mgo: finding github.com/mwitkow/go-conntrack v0.0.0-20190716064945-2f068394615f
[0m[91mgo: finding github.com/mxk/go-flowrate v0.0.0-20140419014527-cca7078d478f
[0m[91mgo: finding github.com/nakabonne/nestif v0.3.0
[0m[91mgo: finding github.com/natefinch/lumberjack v2.0.0+incompatible
[0m[91mgo: finding github.com/nats-io/gnatsd v1.4.1
[0m[91mgo: finding github.com/nats-io/go-nats v1.7.0
[0m[91mgo: finding github.com/nats-io/jwt v0.3.2
[0m[91mgo: finding github.com/nats-io/nats-server/v2 v2.1.2
[0m[91mgo: finding github.com/nats-io/nats.go v1.9.1
[0m[91mgo: finding github.com/nats-io/nkeys v0.1.3
[0m[91mgo: finding github.com/nats-io/nuid v1.0.1
[0m[91mgo: finding github.com/nbio/st v0.0.0-20140626010706-e9e8d9816f32
[0m[91mgo: finding github.com/nbutton23/zxcvbn-go v0.0.0-20180912185939-ae427f1e4c1d
[0m[91mgo: finding github.com/ncw/swift v1.0.47
[0m[91mgo: finding github.com/niemeyer/pretty v0.0.0-20200227124842-a10e7caefd8e
[0m[91mgo: finding github.com/nwaples/rardecode v1.0.0
[0m[91mgo: finding github.com/nxadm/tail v1.4.4
[0m[91mgo: finding github.com/octago/sflags v0.2.0
[0m[91mgo: finding github.com/oklog/oklog v0.3.2
[0m[91mgo: finding github.com/oklog/run v1.0.0
[0m[91mgo: finding github.com/oklog/ulid v1.3.1
[0m[91mgo: finding github.com/olekukonko/tablewriter v0.0.0-20170122224234-a0225b3f23b5
[0m[91mgo: finding github.com/onsi/ginkgo v1.14.1
[0m[91mgo: finding github.com/onsi/gomega v1.10.4
[0m[91mgo: finding github.com/op/go-logging v0.0.0-20160315200505-970db520ece7
[0m[91mgo: finding github.com/opencontainers/go-digest v1.0.0-rc1
[0m[91mgo: finding github.com/opencontainers/image-spec v1.0.1
[0m[91mgo: finding github.com/opencontainers/runc v0.1.1
[0m[91mgo: finding github.com/opencontainers/runtime-spec v0.1.2-0.20190507144316-5b71a03e2700
[0m[91mgo: finding github.com/opencontainers/runtime-tools v0.0.0-20181011054405-1d69bd0f9c39
[0m[91mgo: finding github.com/opentracing-contrib/go-observer v0.0.0-20170622124052-a52f23424492
[0m[91mgo: finding github.com/opentracing/basictracer-go v1.0.0
[0m[91mgo: finding github.com/opentracing/opentracing-go v1.2.0
[0m[91mgo: finding github.com/openzipkin-contrib/zipkin-go-opentracing v0.4.5
[0m[91mgo: finding github.com/openzipkin/zipkin-go v0.2.2
[0m[91mgo: finding github.com/otiai10/copy v1.0.2
[0m[91mgo: finding github.com/otiai10/curr v0.0.0-20150429015615-9b4961190c95
[0m[91mgo: finding github.com/otiai10/mint v1.3.0
[0m[91mgo: finding github.com/pact-foundation/pact-go v1.0.4
[0m[91mgo: finding github.com/pascaldekloe/goe v0.1.0
[0m[91mgo: finding github.com/pborman/uuid v1.2.0
[0m[91mgo: finding github.com/pelletier/go-buffruneio v0.2.0
[0m[91mgo: finding github.com/pelletier/go-toml v1.8.0
[0m[91mgo: finding github.com/performancecopilot/speed v3.0.0+incompatible
[0m[91mgo: finding github.com/peterbourgon/diskv v2.0.1+incompatible
[0m[91mgo: finding github.com/phayes/checkstyle v0.0.0-20170904204023-bfd46e6a821d
[0m[91mgo: finding github.com/phayes/freeport v0.0.0-20180830031419-95f893ade6f2
[0m[91mgo: finding github.com/pierrec/lz4 v2.5.2+incompatible
[0m[91mgo: finding github.com/pkg/errors v0.9.1
[0m[91mgo: finding github.com/pkg/profile v1.2.1
[0m[91mgo: finding github.com/pmezard/go-difflib v1.0.0
[0m[91mgo: finding github.com/posener/complete v1.1.1
[0m[91mgo: finding github.com/pquerna/cachecontrol v0.0.0-20171018203845-0dec1b30a021
[0m[91mgo: finding github.com/prometheus/client_golang v1.7.1
[0m[91mgo: finding github.com/prometheus/client_model v0.2.0
[0m[91mgo: finding github.com/prometheus/common v0.14.0
[0m[91mgo: finding github.com/prometheus/procfs v0.1.3
[0m[91mgo: finding github.com/prometheus/statsd_exporter v0.15.0
[0m[91mgo: finding github.com/prometheus/tsdb v0.7.1
[0m[91mgo: finding github.com/quasilyte/go-consistent v0.0.0-20190521200055-c6f3937de18c
[0m[91mgo: finding github.com/quasilyte/go-ruleguard v0.1.2-0.20200318202121-b00d7a75d3d8
[0m[91mgo: finding github.com/rcrowley/go-metrics v0.0.0-20200313005456-10cdbea86bc0
[0m[91mgo: finding github.com/remyoudompheng/bigfft v0.0.0-20170806203942-52369c62f446
[0m[91mgo: finding github.com/robfig/cron/v3 v3.0.1
[0m[91mgo: finding github.com/rogpeppe/fastuuid v1.2.0
[0m[91mgo: finding github.com/rogpeppe/go-internal v1.5.2
[0m[91mgo: finding github.com/rubiojr/go-vhd v0.0.0-20160810183302-0bfd3b39853c
[0m[91mgo: finding github.com/russross/blackfriday v1.5.2
[0m[91mgo: finding github.com/russross/blackfriday/v2 v2.0.1
[0m[91mgo: finding github.com/ryancurrah/gomodguard v1.1.0
[0m[91mgo: finding github.com/ryanuber/columnize v2.1.0+incompatible
[0m[91mgo: finding github.com/ryanuber/go-glob v1.0.0
[0m[91mgo: finding github.com/samuel/go-zookeeper v0.0.0-20190923202752-2cc03de413da
[0m[91mgo: finding github.com/sassoftware/go-rpmutils v0.0.0-20190420191620-a8f1baeba37b
[0m[91mgo: finding github.com/satori/go.uuid v1.2.0
[0m[91mgo: finding github.com/sclevine/spec v1.2.0
[0m[91mgo: finding github.com/sean-/seed v0.0.0-20170313163322-e2103e2c3529
[0m[91mgo: finding github.com/securego/gosec v0.0.0-20200401082031-e946c8c39989
[0m[91mgo: finding github.com/securego/gosec/v2 v2.3.0
[0m[91mgo: finding github.com/sergi/go-diff v1.1.0
[0m[91mgo: finding github.com/shirou/gopsutil v0.0.0-20190901111213-e4ec7b275ada
[0m[91mgo: finding github.com/shirou/w32 v0.0.0-20160930032740-bb4de0191aa4
[0m[91mgo: finding github.com/shurcooL/githubv4 v0.0.0-20191102174205-af46314aec7b
[0m[91mgo: finding github.com/shurcooL/go v0.0.0-20180423040247-9e1955d9fb6e
[0m[91mgo: finding github.com/shurcooL/go-goon v0.0.0-20170922171312-37c2f522c041
[0m[91mgo: finding github.com/shurcooL/graphql v0.0.0-20181231061246-d48a9a75455f
[0m[91mgo: finding github.com/shurcooL/sanitized_anchor_name v1.0.0
[0m[91mgo: finding github.com/sirupsen/logrus v1.6.0
[0m[91mgo: finding github.com/smartystreets/assertions v1.0.0
[0m[91mgo: finding github.com/smartystreets/go-aws-auth v0.0.0-20180515143844-0c1422d1fdb9
[0m[91mgo: finding github.com/smartystreets/goconvey v1.6.4
[0m[91mgo: finding github.com/smartystreets/gunit v1.0.0
[0m[91mgo: finding github.com/soheilhy/cmux v0.1.4
[0m[91mgo: finding github.com/sony/gobreaker v0.4.1
[0m[91mgo: finding github.com/sourcegraph/go-diff v0.5.3
[0m[91mgo: finding github.com/spaolacci/murmur3 v0.0.0-20180118202830-f09979ecbc72
[0m[91mgo: finding github.com/spf13/afero v1.2.2
[0m[91mgo: finding github.com/spf13/cast v1.3.1
[0m[91mgo: finding github.com/spf13/cobra v1.0.0
[0m[91mgo: finding github.com/spf13/jwalterweatherman v1.1.0
[0m[91mgo: finding github.com/spf13/pflag v1.0.5
[0m[91mgo: finding github.com/spf13/viper v1.7.0
[0m[91mgo: finding github.com/src-d/gcfg v1.4.0
[0m[91mgo: finding github.com/streadway/amqp v1.0.0
[0m[91mgo: finding github.com/streadway/handy v0.0.0-20190108123426-d5acb3125c2a
[0m[91mgo: finding github.com/streadway/quantile v0.0.0-20150917103942-b0c588724d25
[0m[91mgo: finding github.com/stretchr/ob** v0.2.0
[0m[91mgo: finding github.com/stretchr/testify v1.6.1
[0m[91mgo: finding github.com/subosito/gotenv v1.2.0
[0m[91mgo: finding github.com/syndtr/gocapability v0.0.0-20170704070218-db04d3cc01c8
[0m[91mgo: finding github.com/tdakkota/asciicheck v0.0.0-20200416200610-e657995f937b
[0m[91mgo: finding github.com/tektoncd/pipeline v0.13.1-0.20200625065359-44f22a067b75
[0m[91mgo: finding github.com/tektoncd/plumbing v0.0.0-20200430135134-e53521e1d887
[0m[91mgo: finding github.com/tektoncd/plumbing/pipelinerun-logs v0.0.0-20191206114338-712d544c2c21
[0m[91mgo: finding github.com/tetafro/godot v0.4.2
[0m[91mgo: finding github.com/tidwall/gjson v1.6.1
[0m[91mgo: finding github.com/tidwall/match v1.0.1
[0m[91mgo: finding github.com/tidwall/pretty v1.0.2
[0m[91mgo: finding github.com/timakin/bodyclose v0.0.0-20200424151742-cb6215831a94
[0m[91mgo: finding github.com/tj/assert v0.0.0-20171129193455-018094318fb0
[0m[91mgo: finding github.com/tj/go-elastic v0.0.0-20171221160941-36157cbbebc2
[0m[91mgo: finding github.com/tj/go-kinesis v0.0.0-20171128231115-08b17f58cb1b
[0m[91mgo: finding github.com/tj/go-spin v1.1.0
[0m[91mgo: finding github.com/tmc/grpc-websocket-proxy v0.0.0-20190109142713-0ad062ec5ee5
[0m[91mgo: finding github.com/tommy-muehle/go-mnd v1.3.1-0.20200224220436-e6f9a994e8fa
[0m[91mgo: finding github.com/tsenart/vegeta v12.7.1-0.20190725001342-b5f4fca92137+incompatible
[0m[91mgo: finding github.com/uber/jaeger-client-go v2.25.0+incompatible
[0m[91mgo: finding github.com/uber/jaeger-lib v2.2.0+incompatible
[0m[91mgo: finding github.com/ugorji/go v1.1.4
[0m[91mgo: finding github.com/ugorji/go/codec v0.0.0-20181204163529-d75b2dcb6bc8
[0m[91mgo: finding github.com/ulikunitz/xz v0.5.7
[0m[91mgo: finding github.com/ultraware/funlen v0.0.2
[0m[91mgo: finding github.com/ultraware/whitespace v0.0.4
[0m[91mgo: finding github.com/urfave/cli v1.22.1
[0m[91mgo: finding github.com/uudashr/gocognit v1.0.1
[0m[91mgo: finding github.com/valyala/bytebufferpool v1.0.0
[0m[91mgo: finding github.com/valyala/fasthttp v1.2.0
[0m[91mgo: finding github.com/valyala/quicktemplate v1.2.0
[0m[91mgo: finding github.com/valyala/tcplisten v0.0.0-20161114210144-ceec8f93295a
[0m[91mgo: finding github.com/vdemeester/k8s-pkg-credentialprovider v1.17.4
[0m[91mgo: finding github.com/vektah/gqlparser v1.1.2
[0m[91mgo: finding github.com/vmware/govmomi v0.20.3
[0m[91mgo: finding github.com/xanzy/go-gitlab v0.32.0
[0m[91mgo: finding github.com/xanzy/ssh-agent v0.2.1
[0m[91mgo: finding github.com/xdg/scram v0.0.0-20180814205039-7eeb5667e42c
[0m[91mgo: finding github.com/xdg/stringprep v1.0.0
[0m[91mgo: finding github.com/xeipuuv/gojsonpointer v0.0.0-20180127040702-4e3ac2762d5f
[0m[91mgo: finding github.com/xeipuuv/gojsonreference v0.0.0-20180127040603-bd5ef7bd5415
[0m[91mgo: finding github.com/xeipuuv/gojsonschema v1.1.0
[0m[91mgo: finding github.com/xi2/xz v0.0.0-20171230120015-48954b6210f8
[0m[91mgo: finding github.com/xiang90/probing v0.0.0-20190116061207-43a291ad63a2
[0m[91mgo: finding github.com/xlab/handysort v0.0.0-20150421192137-fb3537ed64a1
[0m[91mgo: finding github.com/xordataexchange/crypt v0.0.3-0.20170626215501-b2862e3d0a77
[0m[91mgo: finding github.com/yuin/goldmark v1.2.1
[0m[91mgo: finding github.com/yvasiyarov/go-metrics v0.0.0-20140926110328-57bccd1ccd43
[0m[91mgo: finding github.com/yvasiyarov/gorelic v0.0.0-20141212073537-a9bba5b9ab50
[0m[91mgo: finding github.com/yvasiyarov/newrelic_platform_go v0.0.0-20140908184405-b21fdbd4370f
[0m[91mgo: finding go.etcd.io/bbolt v1.3.3
[0m[91mgo: finding go.etcd.io/etcd v0.0.0-20191023171146-3cf2f69b5738
[0m[91mgo: finding go.mongodb.org/mongo-driver v1.1.2
[0m[91mgo: finding go.opencensus.io v0.22.4
[0m[91mgo: finding go.uber.org/atomic v1.6.0
[0m[91mgo: finding go.uber.org/automaxprocs v1.3.0
[0m[91mgo: finding go.uber.org/multierr v1.5.0
[0m[91mgo: finding go.uber.org/tools v0.0.0-20190618225709-2cfd321de3ee
[0m[91mgo: finding go.uber.org/zap v1.16.0
[0m[91mgo: finding gocloud.dev v0.19.0
[0m[91mgo: finding golang.org/x/crypto v0.0.0-20200728195943-123391ffb6de
[0m[91mgo: finding golang.org/x/exp v0.0.0-20200331195152-e8c3332aa8e5
[0m[91mgo: finding golang.org/x/image v0.0.0-20190802002840-cff245a6509b
[0m[91mgo: finding golang.org/x/lint v0.0.0-20200302205851-738671d3881b
[0m[91mgo: finding golang.org/x/mobile v0.0.0-20190806162312-597adff16ade
[0m[91mgo: finding golang.org/x/mod v0.3.0
[0m[91mgo: finding golang.org/x/net v0.0.0-20201202161906-c7110b5ffcbb
[0m[91mgo: finding golang.org/x/oauth2 v0.0.0-20200107190931-bf48bf16ab8d
[0m[91mgo: finding golang.org/x/sync v0.0.0-20200625203802-6e8e738ad208
[0m[91mgo: finding golang.org/x/sys v0.0.0-20200930185726-fdedc70b468f
[0m[91mgo: finding golang.org/x/text v0.3.3
[0m[91mgo: finding golang.org/x/time v0.0.0-20200630173020-3af7569d3a1e
[0m[91mgo: finding golang.org/x/tools v0.0.0-20200904185747-39188db58858
[0m[91mgo: finding golang.org/x/xerrors v0.0.0-20200804184101-5ec99f83aff1
[0m[91mgo: finding gomodules.xyz/jsonpatch/v2 v2.1.0
[0m[91mgo: finding gonum.org/v1/gonum v0.0.0-20190331200053-3d26580ed485
[0m[91mgo: finding gonum.org/v1/netlib v0.0.0-20190331212654-76723241ea4e
[0m[91mgo: finding google.golang.org/api v0.29.0
[0m[91mgo: finding google.golang.org/appengine v1.6.6
[0m[91mgo: finding google.golang.org/cloud v0.0.0-20151119220103-975617b05ea8
[0m[91mgo: finding google.golang.org/genproto v0.0.0-20200731012542-8145dea6a485
[0m[91mgo: finding google.golang.org/grpc v1.32.0
[0m[91mgo: finding google.golang.org/protobuf v1.25.0
[0m[91mgo: finding gopkg.in/airbrake/gobrake.v2 v2.0.9
[0m[91mgo: finding gopkg.in/alecthomas/kingpin.v2 v2.2.6
[0m[91mgo: finding gopkg.in/asn1-ber.v1 v1.0.0-20181015200546-f715ec2f112d
[0m[91mgo: finding gopkg.in/check.v1 v1.0.0-20200227125254-8fa46927fb4f
[0m[91mgo: finding gopkg.in/cheggaaa/pb.v1 v1.0.25
[0m[91mgo: finding gopkg.in/errgo.v2 v2.1.0
[0m[91mgo: finding gopkg.in/fsnotify.v1 v1.4.7
[0m[91mgo: finding gopkg.in/gcfg.v1 v1.2.3
[0m[91mgo: finding gopkg.in/gemnasium/logrus-airbrake-hook.v2 v2.1.2
[0m[91mgo: finding gopkg.in/inf.v0 v0.9.1
[0m[91mgo: finding gopkg.in/ini.v1 v1.56.0
[0m[91mgo: finding gopkg.in/jcmturner/aescts.v1 v1.0.1
[0m[91mgo: finding gopkg.in/jcmturner/dnsutils.v1 v1.0.1
[0m[91mgo: finding gopkg.in/jcmturner/goidentity.v3 v3.0.0
[0m[91mgo: finding gopkg.in/jcmturner/gokrb5.v7 v7.5.0
[0m[91mgo: finding gopkg.in/jcmturner/rpc.v1 v1.1.0
[0m[91mgo: finding gopkg.in/natefinch/lumberjack.v2 v2.0.0
[0m[91mgo: finding gopkg.in/resty.v1 v1.12.0
[0m[91mgo: finding gopkg.in/robfig/cron.v2 v2.0.0-20150107220207-be2e0b0deed5
[0m[91mgo: finding gopkg.in/square/go-jose.v2 v2.3.1
[0m[91mgo: finding gopkg.in/src-d/go-billy.v4 v4.3.2
[0m[91mgo: finding gopkg.in/src-d/go-git-fixtures.v3 v3.5.0
[0m[91mgo: finding gopkg.in/src-d/go-git.v4 v4.13.1
[0m[91mgo: finding gopkg.in/tomb.v1 v1.0.0-20141024135613-dd632973f1e7
[0m[91mgo: finding gopkg.in/warnings.v0 v0.1.2
[0m[91mgo: finding gopkg.in/yaml.v1 v1.0.0-20140924161607-9f9df34309c0
[0m[91mgo: finding gopkg.in/yaml.v2 v2.4.0
[0m[91mgo: finding gopkg.in/yaml.v3 v3.0.0-20200601152816-913338de1bd2
[0m[91mgo: finding gotest.tools v2.2.0+incompatible
[0m[91mgo: finding helm.sh/helm/v3 v3.1.1
[0m[91mgo: finding honnef.co/go/tools v0.0.1-2020.1.4
[0m[91mgo: finding istio.io/api v0.0.0-20200513175333-ae3da0d240e3
[0m[91mgo: finding istio.io/client-go v0.0.0-20200513180646-f8d9d8ff84e6
[0m[91mgo: finding istio.io/gogo-genproto v0.0.0-20190930162913-45029607206a
[0m[91mgo: finding k8s.io/api v0.18.8
[0m[91mgo: finding k8s.io/apiextensions-apiserver v0.18.8
[0m[91mgo: finding k8s.io/apimachinery v0.18.8
[0m[91mgo: finding k8s.io/apiserver v0.18.8
[0m[91mgo: finding k8s.io/cli-runtime v0.17.3
[0m[91mgo: finding k8s.io/client-go v0.18.8
[0m[91mgo: finding k8s.io/cloud-provider v0.17.4
[0m[91mgo: finding k8s.io/code-generator v0.18.8
[0m[91mgo: finding k8s.io/component-base v0.18.8
[0m[91mgo: finding k8s.io/csi-translation-lib v0.17.4
[0m[91mgo: finding k8s.io/gengo v0.0.0-20200205140755-e0e292d8aa12
[0m[91mgo: finding k8s.io/klog v1.0.0
[0m[91mgo: finding k8s.io/klog/v2 v2.0.0
[0m[91mgo: finding k8s.io/kube-openapi v0.0.0-20200410145947-bcb3869e6f29
[0m[91mgo: finding k8s.io/kubectl v0.17.2
[0m[91mgo: finding k8s.io/kubernetes v1.14.7
[0m[91mgo: finding k8s.io/legacy-cloud-providers v0.17.4
[0m[91mgo: finding k8s.io/metrics v0.18.8
[0m[91mgo: finding k8s.io/test-infra v0.0.0-20200803112140-d8aa4e063646
[0m[91mgo: finding k8s.io/utils v0.0.0-20200603063816-c1c6865ac451
[0m[91mgo: finding knative.dev/caching v0.0.0-20200116200605-67bca2c83dfa
[0m[91mgo: finding knative.dev/eventing-contrib v0.11.2
[0m[91mgo: finding knative.dev/pkg v0.0.0-20200911145400-2d4efecc6bc1
[0m[91mgo: finding knative.dev/test-infra v0.0.0-20200909211651-72eb6ae3c773
[0m[91mgo: finding modernc.org/cc v1.0.0
[0m[91mgo: finding modernc.org/golex v1.0.0
[0m[91mgo: finding modernc.org/mathutil v1.0.0
[0m[91mgo: finding modernc.org/strutil v1.0.0
[0m[91mgo: finding modernc.org/xc v1.0.0
[0m[91mgo: finding mvdan.cc/interfacer v0.0.0-20180901003855-c20040233aed
[0m[91mgo: finding mvdan.cc/lint v0.0.0-20170908181259-adc824a0674b
[0m[91mgo: finding mvdan.cc/unparam v0.0.0-20200501210554-b37ab49443f7
[0m[91mgo: finding mvdan.cc/xurls/v2 v2.0.0
[0m[91mgo: finding pack.ag/amqp v0.11.2
[0m[91mgo: finding rsc.io/binaryregexp v0.2.0
[0m[91mgo: finding rsc.io/letsencrypt v0.0.3
[0m[91mgo: finding rsc.io/quote/v3 v3.1.0
[0m[91mgo: finding rsc.io/sampler v1.3.0
[0m[91mgo: finding sigs.k8s.io/apiserver-network-proxy/konnectivity-client v0.0.7
[0m[91mgo: finding sigs.k8s.io/boskos v0.0.0-20200729174948-794df80db9c9
[0m[91mgo: finding sigs.k8s.io/controller-runtime v0.6.4
[0m[91mgo: finding sigs.k8s.io/kustomize v2.0.3+incompatible
[0m[91mgo: finding sigs.k8s.io/structured-merge-diff v1.0.1
[0m[91mgo: finding sigs.k8s.io/structured-merge-diff/v2 v2.0.1
[0m[91mgo: finding sigs.k8s.io/structured-merge-diff/v3 v3.0.1-0.20200706213357-43c19bbb7fba
[0m[91mgo: finding sigs.k8s.io/testing_frameworks v0.1.1
[0m[91mgo: finding sigs.k8s.io/yaml v1.2.0
[0m[91mgo: finding sourcegraph.com/sourcegraph/appdash v0.0.0-20190731080439-ebfcffb1b5c0
[0m[91mgo: finding sourcegraph.com/sqs/pbtypes v1.0.0
[0m[91mgo: finding vbom.ml/util v0.0.0-20180919145318-efcd4e0f9787
[0mRemoving intermediate container 1ee10920860e
 ---> b69127fb215f
Step 8/27 : COPY cmd/ cmd/
 ---> fb3d88a45d1f
Step 9/27 : COPY api/ api/
 ---> c4f6059bd070
Step 10/27 : COPY predictor/ predictor/
 ---> 0b822a7a6bfe
Step 11/27 : COPY logger/ logger/
 ---> c42f7123e4ab
Step 12/27 : COPY k8s/ k8s/
 ---> 26e869d2ed7a
Step 13/27 : RUN go build -a -o executor cmd/executor/main.go
 ---> Running in 378f8769dd34
Removing intermediate container 378f8769dd34
 ---> 49c0e731136c
Step 14/27 : RUN wget -O hashicorp-golang-lru.tar.gz https://github.com/hashicorp/golang-lru/archive/master.tar.gz
 ---> Running in e0abb9bfed7a
[91m--2021-01-12 14:03:11--  https://github.com/hashicorp/golang-lru/archive/master.tar.gz
[0m[91mResolving github.com (github.com)... [0m[91m140.82.121.4
Connecting to github.com (github.com)|140.82.121.4|:443... [0m[91mconnected.
[0m[91mHTTP request sent, awaiting response... [0m[91m302 Found
Location: https://codeload.github.com/hashicorp/golang-lru/tar.gz/master [following]
--2021-01-12 14:03:11--  https://codeload.github.com/hashicorp/golang-lru/tar.gz/master
Resolving codeload.github.com (codeload.github.com)... [0m[91m140.82.121.9
Connecting to codeload.github.com (codeload.github.com)|140.82.121.9|:443... [0m[91mconnected.
[0m[91mHTTP request sent, awaiting response... [0m[91m200 OK
Length: unspecified [application/x-gzip]
Saving to: 'hashicorp-golang-lru.tar.gz'
[0m[91m
     0K ...[0m[91m.[0m[91m....[0m[91m.[0m[91m. .[0m[91m...                                       [0m[91m 1.05M=0.01s

[0m[91m2021-01-12 14:03:11 (1.05 MB/s) - 'hashicorp-golang-lru.tar.gz' saved [14371]

[0mRemoving intermediate container e0abb9bfed7a
 ---> ab459a95dcc3
Step 15/27 : RUN wget -O armon-consul-api.tar.gz https://github.com/armon/consul-api/archive/master.tar.gz
 ---> Running in 6b4b71ffe884
[91m--2021-01-12 14:03:12--  https://github.com/armon/consul-api/archive/master.tar.gz
[0m[91mResolving github.com (github.com)... [0m[91m140.82.121.4
Connecting to github.com (github.com)|140.82.121.4|:443... [0m[91mconnected.
[0m[91mHTTP request sent, awaiting response... [0m[91m302 Found
Location: https://codeload.github.com/armon/consul-api/tar.gz/master [following]
--2021-01-12 14:03:12--  https://codeload.github.com/armon/consul-api/tar.gz/master
Resolving codeload.github.com (codeload.github.com)... [0m[91m140.82.121.9
Connecting to codeload.github.com (codeload.github.com)|140.82.121.9|:443... [0m[91mconnected.
[0m[91mHTTP request sent, awaiting response... [0m[91m200 OK
Length: unspecified [application/x-gzip]
Saving to: 'armon-consul-api.tar.gz'
[0m[91m
     0K .[0m[91m....[0m[91m..[0m[91m..[0m[91m. .[0m[91m......                                     1.29M=0.01s

[0m[91m2021-01-12 14:03:13 (1.29 MB/s) - 'armon-consul-api.tar.gz' saved [17977]

[0mRemoving intermediate container 6b4b71ffe884
 ---> 1c82c6bd59e1
Step 16/27 : RUN wget -O hasicorp-hcl.tar.gz https://github.com/hashicorp/hcl/archive/master.tar.gz
 ---> Running in b4e9c12319c1
[91m--2021-01-12 14:03:14--  https://github.com/hashicorp/hcl/archive/master.tar.gz
[0m[91mResolving github.com (github.com)... [0m[91m140.82.121.4
Connecting to github.com (github.com)|140.82.121.4|:443... [0m[91mconnected.
[0m[91mHTTP request sent, awaiting response... [0m[91m302 Found
Location: https://codeload.github.com/hashicorp/hcl/tar.gz/master [following]
--2021-01-12 14:03:14--  https://codeload.github.com/hashicorp/hcl/tar.gz/master
Resolving codeload.github.com (codeload.github.com)... [0m[91m140.82.121.9
Connecting to codeload.github.com (codeload.github.com)|140.82.121.9|:443... [0m[91mconnected.
[0m[91mHTTP request sent, awaiting response... [0m[91m200 OK
Length: unspecified [application/x-gzip]
Saving to: 'hasicorp-hcl.tar.gz'
[0m[91m
     0K ...[0m[91m.[0m[91m.[0m[91m..[0m[91m..[0m[91m. ..[0m[91m.......[0m[91m. .......[0m[91m... .[0m[91m....[0m[91m.[0m[91m...[0m[91m. .......[0m[91m...[0m[91m 1.83M
    50K .[0m[91m.[0m[91m.[0m[91m...[0m[91m...[0m[91m. .[0m[91m...[0m[91m...[0m[91m... .                                1.62M=0.04s

[0m[91m2021-01-12 14:03:14 (1.76 MB/s) - 'hasicorp-hcl.tar.gz' saved [72944]

[0mRemoving intermediate container b4e9c12319c1
 ---> aac738af7aa0
Step 17/27 : COPY api/rest/openapi/ /openapi/
 ---> 8c2b39a4ff24
Step 18/27 : RUN chmod -R 660 /openapi/
 ---> Running in 4854cbb76336
Removing intermediate container 4854cbb76336
 ---> 71c9a4c28962
Step 19/27 : FROM gcr.io/distroless/base:latest
latest: Pulling from distroless/base
5749e56bea71: Pulling fs layer
a3e61620654b: Pulling fs layer
5749e56bea71: Verifying Checksum
5749e56bea71: Download complete
a3e61620654b: Verifying Checksum
a3e61620654b: Download complete
5749e56bea71: Pull complete
a3e61620654b: Pull complete
Digest: sha256:5e0cc69445ed1d8a17198250a7249d56dd4b6966bb6b2118e60ae9194c310647
Status: Downloaded newer image for gcr.io/distroless/base:latest
 ---> 125289cb40fd
Step 20/27 : WORKDIR /
 ---> Running in fbc5d680b2b0
Removing intermediate container fbc5d680b2b0
 ---> a12027c86139
Step 21/27 : COPY --from=builder /workspace/executor .
 ---> d66716d7caf7
Step 22/27 : COPY licenses/license.txt licenses/license.txt
 ---> 50526b56f93d
Step 23/27 : COPY --from=builder /workspace/hashicorp-golang-lru.tar.gz licenses/mpl_source/hashicorp-golang-lru.tar.gz
 ---> 6aaead54736a
Step 24/27 : COPY --from=builder /workspace/armon-consul-api.tar.gz licenses/mpl_source/armon-consul-api.tar.gz
 ---> 77cfbce7bd29
Step 25/27 : COPY --from=builder /workspace/hasicorp-hcl.tar.gz licenses/mpl_source/hasicorp-hcl.tar.gz
 ---> 1a8e8ed62a64
Step 26/27 : COPY --from=builder /openapi/ /openapi/
 ---> 9ed1035589fa
Step 27/27 : ENTRYPOINT ["/executor"]
 ---> Running in 80c788d768e0
Removing intermediate container 80c788d768e0
 ---> cf50bd964b84
Successfully built cf50bd964b84
Successfully tagged seldonio/seldon-core-executor:1.6.0-dev
kind load -v 3 docker-image seldonio/seldon-core-executor:1.6.0-dev --name kind
Image: "seldonio/seldon-core-executor:1.6.0-dev" with ID "sha256:cf50bd964b84e63db1e7a3dcb1cbb10f0e3c7f087fb659aebebda7e77b86d2c0" not present on node "kind-control-plane"
Image: "seldonio/seldon-core-executor:1.6.0-dev" with ID "sha256:cf50bd964b84e63db1e7a3dcb1cbb10f0e3c7f087fb659aebebda7e77b86d2c0" not present on node "kind-worker"
make[1]: Leaving directory '/workspace/source/executor'
Build test models
make -C ../../examples/models/mean_classifier kind_load
make[1]: Entering directory '/workspace/source/examples/models/mean_classifier'
s2i build -E environment . seldonio/seldon-core-s2i-python37-ubi8:1.6.0-dev seldonio/mock_classifier:1.6.0-dev
Before assembling
---> Installing application source...
---> Installing dependencies ...
Looking in links: /whl
Requirement already satisfied: seldon-core in ./python (from -r requirements.txt (line 1)) (1.6.0.dev0)
Requirement already satisfied: numpy in /opt/conda/lib/python3.7/site-packages (from -r requirements.txt (line 2)) (1.19.5)
Requirement already satisfied: Flask<2.0.0 in /opt/conda/lib/python3.7/site-packages (from seldon-core->-r requirements.txt (line 1)) (1.1.2)
Requirement already satisfied: jsonschema<4.0.0 in /opt/conda/lib/python3.7/site-packages (from seldon-core->-r requirements.txt (line 1)) (3.2.0)
Requirement already satisfied: Flask-cors<4.0.0 in /opt/conda/lib/python3.7/site-packages (from seldon-core->-r requirements.txt (line 1)) (3.0.10)
Requirement already satisfied: redis<4.0.0 in /opt/conda/lib/python3.7/site-packages (from seldon-core->-r requirements.txt (line 1)) (3.5.3)
Requirement already satisfied: requests<3.0.0 in /opt/conda/lib/python3.7/site-packages (from seldon-core->-r requirements.txt (line 1)) (2.22.0)
Requirement already satisfied: flatbuffers<2.0.0 in /opt/conda/lib/python3.7/site-packages (from seldon-core->-r requirements.txt (line 1)) (1.12)
Requirement already satisfied: protobuf<4.0.0 in /opt/conda/lib/python3.7/site-packages (from seldon-core->-r requirements.txt (line 1)) (3.14.0)
Requirement already satisfied: grpcio<2.0.0 in /opt/conda/lib/python3.7/site-packages (from seldon-core->-r requirements.txt (line 1)) (1.34.0)
Requirement already satisfied: Flask-OpenTracing<1.2.0,>=1.1.0 in /opt/conda/lib/python3.7/site-packages (from seldon-core->-r requirements.txt (line 1)) (1.1.0)
Requirement already satisfied: opentracing<2.5.0,>=2.2.0 in /opt/conda/lib/python3.7/site-packages (from seldon-core->-r requirements.txt (line 1)) (2.4.0)
Requirement already satisfied: jaeger-client<4.4.0,>=4.1.0 in /opt/conda/lib/python3.7/site-packages (from seldon-core->-r requirements.txt (line 1)) (4.3.0)
Requirement already satisfied: grpcio-opentracing<1.2.0,>=1.1.4 in /opt/conda/lib/python3.7/site-packages (from seldon-core->-r requirements.txt (line 1)) (1.1.4)
Requirement already satisfied: grpcio-reflection<1.35.0 in /opt/conda/lib/python3.7/site-packages (from seldon-core->-r requirements.txt (line 1)) (1.34.0)
Requirement already satisfied: PyYAML<5.4 in /opt/conda/lib/python3.7/site-packages (from seldon-core->-r requirements.txt (line 1)) (5.3.1)
Requirement already satisfied: gunicorn<20.1.0,>=19.9.0 in /opt/conda/lib/python3.7/site-packages (from seldon-core->-r requirements.txt (line 1)) (20.0.4)
Requirement already satisfied: setuptools>=41.0.0 in /opt/conda/lib/python3.7/site-packages (from seldon-core->-r requirements.txt (line 1)) (41.4.0)
Requirement already satisfied: prometheus_client<0.9.0,>=0.7.1 in /opt/conda/lib/python3.7/site-packages (from seldon-core->-r requirements.txt (line 1)) (0.8.0)
Requirement already satisfied: click>=5.1 in /opt/conda/lib/python3.7/site-packages (from Flask<2.0.0->seldon-core->-r requirements.txt (line 1)) (7.1.2)
Requirement already satisfied: Jinja2>=2.10.1 in /opt/conda/lib/python3.7/site-packages (from Flask<2.0.0->seldon-core->-r requirements.txt (line 1)) (2.11.2)
Requirement already satisfied: itsdangerous>=0.24 in /opt/conda/lib/python3.7/site-packages (from Flask<2.0.0->seldon-core->-r requirements.txt (line 1)) (1.1.0)
Requirement already satisfied: Werkzeug>=0.15 in /opt/conda/lib/python3.7/site-packages (from Flask<2.0.0->seldon-core->-r requirements.txt (line 1)) (1.0.1)
Requirement already satisfied: importlib-metadata; python_version < "3.8" in /opt/conda/lib/python3.7/site-packages (from jsonschema<4.0.0->seldon-core->-r requirements.txt (line 1)) (3.4.0)
Requirement already satisfied: pyrsistent>=0.14.0 in /opt/conda/lib/python3.7/site-packages (from jsonschema<4.0.0->seldon-core->-r requirements.txt (line 1)) (0.17.3)
Requirement already satisfied: six>=1.11.0 in /opt/conda/lib/python3.7/site-packages (from jsonschema<4.0.0->seldon-core->-r requirements.txt (line 1)) (1.12.0)
Requirement already satisfied: attrs>=17.4.0 in /opt/conda/lib/python3.7/site-packages (from jsonschema<4.0.0->seldon-core->-r requirements.txt (line 1)) (20.3.0)
Requirement already satisfied: urllib3!=1.25.0,!=1.25.1,<1.26,>=1.21.1 in /opt/conda/lib/python3.7/site-packages (from requests<3.0.0->seldon-core->-r requirements.txt (line 1)) (1.24.2)
Requirement already satisfied: certifi>=2017.4.17 in /opt/conda/lib/python3.7/site-packages (from requests<3.0.0->seldon-core->-r requirements.txt (line 1)) (2020.12.5)
Requirement already satisfied: chardet<3.1.0,>=3.0.2 in /opt/conda/lib/python3.7/site-packages (from requests<3.0.0->seldon-core->-r requirements.txt (line 1)) (3.0.4)
Requirement already satisfied: idna<2.9,>=2.5 in /opt/conda/lib/python3.7/site-packages (from requests<3.0.0->seldon-core->-r requirements.txt (line 1)) (2.8)
Requirement already satisfied: threadloop<2,>=1 in /opt/conda/lib/python3.7/site-packages (from jaeger-client<4.4.0,>=4.1.0->seldon-core->-r requirements.txt (line 1)) (1.0.2)
Requirement already satisfied: tornado>=4.3 in /opt/conda/lib/python3.7/site-packages (from jaeger-client<4.4.0,>=4.1.0->seldon-core->-r requirements.txt (line 1)) (6.1)
Requirement already satisfied: thrift in /opt/conda/lib/python3.7/site-packages (from jaeger-client<4.4.0,>=4.1.0->seldon-core->-r requirements.txt (line 1)) (0.13.0)
Requirement already satisfied: MarkupSafe>=0.23 in /opt/conda/lib/python3.7/site-packages (from Jinja2>=2.10.1->Flask<2.0.0->seldon-core->-r requirements.txt (line 1)) (1.1.1)
Requirement already satisfied: typing-extensions>=3.6.4; python_version < "3.8" in /opt/conda/lib/python3.7/site-packages (from importlib-metadata; python_version < "3.8"->jsonschema<4.0.0->seldon-core->-r requirements.txt (line 1)) (3.7.4.3)
Requirement already satisfied: zipp>=0.5 in /opt/conda/lib/python3.7/site-packages (from importlib-metadata; python_version < "3.8"->jsonschema<4.0.0->seldon-core->-r requirements.txt (line 1)) (3.4.0)
WARNING: Url '/whl' is ignored. It is either a non-existing path or lacks a specific scheme.
Collecting pip-licenses
Downloading https://files.pythonhosted.org/packages/89/05/3044295a5cf87c895022e915d888abdaa2ae7bdce741af462c9300fbebb3/pip_licenses-3.2.0-py3-none-any.whl
Collecting PTable (from pip-licenses)
Downloading https://files.pythonhosted.org/packages/ab/b3/b54301811173ca94119eb474634f120a49cd370f257d1aae5a4abaf12729/PTable-0.9.2.tar.gz
Building wheels for collected packages: PTable
Building wheel for PTable (setup.py): started
Building wheel for PTable (setup.py): finished with status 'done'
Created wheel for PTable: filename=PTable-0.9.2-cp37-none-any.whl size=22906 sha256=da3e50b6f73a8a54bb2648898c26ea7d8838f7405abc636d13ed6bc10d3df7e5
Stored in directory: /root/.cache/pip/wheels/22/cc/2e/55980bfe86393df3e9896146a01f6802978d09d7ebcba5ea56
Successfully built PTable
Installing collected packages: PTable, pip-licenses
Successfully installed PTable-0.9.2 pip-licenses-3.2.0
created path: ./licenses/license_info.csv
created path: ./licenses/license.txt
After successful assembling
Build completed successfully
kind load -v 3 docker-image seldonio/mock_classifier:1.6.0-dev
Image: "seldonio/mock_classifier:1.6.0-dev" with ID "sha256:0168fdc5e8e29aa8392cb59c7e3a3f14658e8fb1a883c93758d531257ba42128" not present on node "kind-control-plane"
Image: "seldonio/mock_classifier:1.6.0-dev" with ID "sha256:0168fdc5e8e29aa8392cb59c7e3a3f14658e8fb1a883c93758d531257ba42128" not present on node "kind-worker"
make[1]: Leaving directory '/workspace/source/examples/models/mean_classifier'
make -C ../docker/fixed-model kind_load_images
make[1]: Entering directory '/workspace/source/testing/docker/fixed-model'
s2i build -E environment_v1 . seldonio/seldon-core-s2i-python3:1.6.0-dev seldonio/fixed-model:0.1
---> Installing application source...
Collecting pip-licenses
Downloading https://files.pythonhosted.org/packages/89/05/3044295a5cf87c895022e915d888abdaa2ae7bdce741af462c9300fbebb3/pip_licenses-3.2.0-py3-none-any.whl
Collecting PTable (from pip-licenses)
Downloading https://files.pythonhosted.org/packages/ab/b3/b54301811173ca94119eb474634f120a49cd370f257d1aae5a4abaf12729/PTable-0.9.2.tar.gz
Building wheels for collected packages: PTable
Building wheel for PTable (setup.py): started
Building wheel for PTable (setup.py): finished with status 'done'
Created wheel for PTable: filename=PTable-0.9.2-cp37-none-any.whl size=22906 sha256=1c0b0e2a899951ad2063ede311f3800ef78e2f9dd5391f49ebe7aff35b7c8cf6
Stored in directory: /root/.cache/pip/wheels/22/cc/2e/55980bfe86393df3e9896146a01f6802978d09d7ebcba5ea56
Successfully built PTable
Installing collected packages: PTable, pip-licenses
Successfully installed PTable-0.9.2 pip-licenses-3.2.0
created path: ./licenses/license_info.csv
created path: ./licenses/license.txt
Build completed successfully
s2i build -E environment_v2 . seldonio/seldon-core-s2i-python3:1.6.0-dev  seldonio/fixed-model:0.2
---> Installing application source...
Collecting pip-licenses
Downloading https://files.pythonhosted.org/packages/89/05/3044295a5cf87c895022e915d888abdaa2ae7bdce741af462c9300fbebb3/pip_licenses-3.2.0-py3-none-any.whl
Collecting PTable (from pip-licenses)
Downloading https://files.pythonhosted.org/packages/ab/b3/b54301811173ca94119eb474634f120a49cd370f257d1aae5a4abaf12729/PTable-0.9.2.tar.gz
Building wheels for collected packages: PTable
Building wheel for PTable (setup.py): started
Building wheel for PTable (setup.py): finished with status 'done'
Created wheel for PTable: filename=PTable-0.9.2-cp37-none-any.whl size=22906 sha256=2ddf34bd5f8fe64629a9e4a1f1fc3afe0009d83cf3d15b72a900dc6a018b6919
Stored in directory: /root/.cache/pip/wheels/22/cc/2e/55980bfe86393df3e9896146a01f6802978d09d7ebcba5ea56
Successfully built PTable
Installing collected packages: PTable, pip-licenses
Successfully installed PTable-0.9.2 pip-licenses-3.2.0
created path: ./licenses/license_info.csv
created path: ./licenses/license.txt
Build completed successfully
kind load -v 3 docker-image seldonio/fixed-model:0.1
Image: "seldonio/fixed-model:0.1" with ID "sha256:e8e708567041248d9ebd52f05601064df3834bbe75957d6c539408003fb131ba" not present on node "kind-control-plane"
Image: "seldonio/fixed-model:0.1" with ID "sha256:e8e708567041248d9ebd52f05601064df3834bbe75957d6c539408003fb131ba" not present on node "kind-worker"
kind load -v 3 docker-image seldonio/fixed-model:0.2
Image: "seldonio/fixed-model:0.2" with ID "sha256:3395df1e4decc65bcf81f06608676a5f7b9263896b5bf47f7e06c3b20362a49e" not present on node "kind-control-plane"
Image: "seldonio/fixed-model:0.2" with ID "sha256:3395df1e4decc65bcf81f06608676a5f7b9263896b5bf47f7e06c3b20362a49e" not present on node "kind-worker"
make[1]: Leaving directory '/workspace/source/testing/docker/fixed-model'
make -C ../docker/echo-model kind_load_image
make[1]: Entering directory '/workspace/source/testing/docker/echo-model'
s2i build \
	-E environment_rest \
	.\
	seldonio/seldon-core-s2i-python3:1.6.0-dev\
	seldonio/echo-model:0.1
---> Installing application source...
Collecting pip-licenses
Downloading https://files.pythonhosted.org/packages/89/05/3044295a5cf87c895022e915d888abdaa2ae7bdce741af462c9300fbebb3/pip_licenses-3.2.0-py3-none-any.whl
Collecting PTable (from pip-licenses)
Downloading https://files.pythonhosted.org/packages/ab/b3/b54301811173ca94119eb474634f120a49cd370f257d1aae5a4abaf12729/PTable-0.9.2.tar.gz
Building wheels for collected packages: PTable
Building wheel for PTable (setup.py): started
Building wheel for PTable (setup.py): finished with status 'done'
Created wheel for PTable: filename=PTable-0.9.2-cp37-none-any.whl size=22906 sha256=4d1f098113f2f20228c74eb62f63e350be46a76f4c854464ebbe554365524117
Stored in directory: /root/.cache/pip/wheels/22/cc/2e/55980bfe86393df3e9896146a01f6802978d09d7ebcba5ea56
Successfully built PTable
Installing collected packages: PTable, pip-licenses
Successfully installed PTable-0.9.2 pip-licenses-3.2.0
created path: ./licenses/license_info.csv
created path: ./licenses/license.txt
Build completed successfully
kind load -v 3 docker-image seldonio/echo-model:0.1
Image: "seldonio/echo-model:0.1" with ID "sha256:eaefd8864d5238924477361e01df0b4a5432e04a78b8b1274f4f2fb3b0b7be04" not present on node "kind-control-plane"
Image: "seldonio/echo-model:0.1" with ID "sha256:eaefd8864d5238924477361e01df0b4a5432e04a78b8b1274f4f2fb3b0b7be04" not present on node "kind-worker"
make[1]: Leaving directory '/workspace/source/testing/docker/echo-model'
Files changed in prepackaged folder:
SKIPPING PREPACKAGED IMAGE BUILD...
Files changed in alibi explain folder:
SKIPPING ALIBI EXPLAIN IMAGE BUILD...
Files changed in alibi detect folder:
components/alibi-detect-server/Makefile
components/alibi-detect-server/adserver/base/alibi_model.py
components/alibi-detect-server/adserver/cd_model.py
components/alibi-detect-server/adserver/protocols/__init__.py
components/alibi-detect-server/adserver/protocols/v2.py
components/alibi-detect-server/adserver/server.py
components/alibi-detect-server/adserver/tests/test_cd_model.py
components/alibi-detect-server/adserver/tests/test_server.py
components/alibi-detect-server/cifar10-v2-outlier.json
components/alibi-detect-server/cifar10-v2.json
components/alibi-detect-server/cifar10.json
components/alibi-detect-server/imdb.json
components/alibi-detect-server/requirements_server.txt
components/alibi-detect-server/setup.py
cd ../../components/alibi-detect-server && make kind_load
make[1]: Entering directory '/workspace/source/components/alibi-detect-server'
docker build --pull -f Dockerfile -t seldonio/alibi-detect-server:1.6.0-dev .
Sending build context to Docker daemon  309.8kB
Step 1/14 : FROM docker.io/seldonio/seldon-core-s2i-python37-ubi8:1.6.0-dev
1.6.0-dev: Pulling from seldonio/seldon-core-s2i-python37-ubi8
Digest: sha256:bfe4d3d882fea97c5544e75b9ca1f2a182061fa2d8b840611298564bb5e5b081
Status: Image is up to date for seldonio/seldon-core-s2i-python37-ubi8:1.6.0-dev
 ---> 4a729f9d5cfb
Step 2/14 : LABEL name="Seldon Alibi Detect Server"       vendor="Seldon Technologies"       version="1.6.0-dev"       release="1"       summary="Alibi Detect Server for Seldon Core"       description="The Alibi Detect Server provides outlier, drift and adversarial detection services for Seldon Core"
 ---> Running in 1c2d3d811fcb
Removing intermediate container 1c2d3d811fcb
 ---> 90284ebee2e2
Step 3/14 : ADD requirements_server.txt .
 ---> 531912bbd4e6
Step 4/14 : RUN pip install pip -U
 ---> Running in 87142c08679a
Collecting pip
  Downloading https://files.pythonhosted.org/packages/54/eb/4a3642e971f404d69d4f6fa3885559d67562801b99d7592487f1ecc4e017/pip-20.3.3-py2.py3-none-any.whl (1.5MB)
Installing collected packages: pip
  Found existing installation: pip 19.2.3
    Uninstalling pip-19.2.3:
      Successfully uninstalled pip-19.2.3
Successfully installed pip-20.3.3
Removing intermediate container 87142c08679a
 ---> 2ed176d554bb
Step 5/14 : RUN pip install -r requirements_server.txt
 ---> Running in dae8bf09d6b5
Requirement already satisfied: seldon-core in ./python (from -r requirements_server.txt (line 1)) (1.6.0.dev0)
Collecting alibi-detect==0.4.4
  Downloading alibi_detect-0.4.4-py3-none-any.whl (148 kB)
Requirement already satisfied: numpy in /opt/conda/lib/python3.7/site-packages (from alibi-detect==0.4.4->-r requirements_server.txt (line 3)) (1.19.5)
Collecting fbprophet==0.6
  Downloading fbprophet-0.6.tar.gz (54 kB)
Collecting holidays==0.9.11
  Downloading holidays-0.9.11.tar.gz (81 kB)
Requirement already satisfied: six in /opt/conda/lib/python3.7/site-packages (from holidays==0.9.11->-r requirements_server.txt (line 5)) (1.12.0)
Collecting kfserving==0.3.0.1
  Downloading kfserving-0.3.0.1-py3-none-any.whl (83 kB)
Requirement already satisfied: certifi>=14.05.14 in /opt/conda/lib/python3.7/site-packages (from kfserving==0.3.0.1->-r requirements_server.txt (line 2)) (2020.12.5)
Requirement already satisfied: tornado>=1.4.1 in /opt/conda/lib/python3.7/site-packages (from kfserving==0.3.0.1->-r requirements_server.txt (line 2)) (6.1)
Requirement already satisfied: urllib3>=1.15.1 in /opt/conda/lib/python3.7/site-packages (from kfserving==0.3.0.1->-r requirements_server.txt (line 2)) (1.24.2)
Requirement already satisfied: setuptools>=21.0.0 in /opt/conda/lib/python3.7/site-packages (from kfserving==0.3.0.1->-r requirements_server.txt (line 2)) (41.4.0)
Collecting cmdstanpy==0.4
  Downloading cmdstanpy-0.4.0-py3-none-any.whl (22 kB)
Collecting kubernetes==10.0.1
  Downloading kubernetes-10.0.1-py2.py3-none-any.whl (1.5 MB)
Requirement already satisfied: requests in /opt/conda/lib/python3.7/site-packages (from kubernetes==10.0.1->kfserving==0.3.0.1->-r requirements_server.txt (line 2)) (2.22.0)
Requirement already satisfied: pyyaml>=3.12 in /opt/conda/lib/python3.7/site-packages (from kubernetes==10.0.1->kfserving==0.3.0.1->-r requirements_server.txt (line 2)) (5.3.1)
Collecting adal>=1.2.2
  Downloading adal-1.2.5-py2.py3-none-any.whl (55 kB)
Requirement already satisfied: cryptography>=1.1.0 in /opt/conda/lib/python3.7/site-packages (from adal>=1.2.2->kfserving==0.3.0.1->-r requirements_server.txt (line 2)) (2.7)
Collecting argparse>=1.4.0
  Downloading argparse-1.4.0-py2.py3-none-any.whl (23 kB)
Collecting azure-storage-blob<=2.1.0,>=1.3.0
  Downloading azure_storage_blob-2.1.0-py2.py3-none-any.whl (88 kB)
Collecting azure-common>=1.1.5
  Downloading azure_common-1.1.26-py2.py3-none-any.whl (12 kB)
Collecting azure-storage-common~=2.1
  Downloading azure_storage_common-2.1.0-py2.py3-none-any.whl (47 kB)
Collecting convertdate>=2.1.2
  Downloading convertdate-2.3.0-py3-none-any.whl (45 kB)
Requirement already satisfied: cffi!=1.11.3,>=1.8 in /opt/conda/lib/python3.7/site-packages (from cryptography>=1.1.0->adal>=1.2.2->kfserving==0.3.0.1->-r requirements_server.txt (line 2)) (1.12.3)
Requirement already satisfied: asn1crypto>=0.21.0 in /opt/conda/lib/python3.7/site-packages (from cryptography>=1.1.0->adal>=1.2.2->kfserving==0.3.0.1->-r requirements_server.txt (line 2)) (1.0.1)
Requirement already satisfied: pycparser in /opt/conda/lib/python3.7/site-packages (from cffi!=1.11.3,>=1.8->cryptography>=1.1.0->adal>=1.2.2->kfserving==0.3.0.1->-r requirements_server.txt (line 2)) (2.19)
Collecting Cython>=0.22
  Downloading Cython-0.29.21-cp37-cp37m-manylinux1_x86_64.whl (2.0 MB)
Collecting google-auth>=1.0.1
  Downloading google_auth-1.24.0-py2.py3-none-any.whl (114 kB)
Collecting cachetools<5.0,>=2.0.0
  Downloading cachetools-4.2.0-py3-none-any.whl (12 kB)
Collecting google-cloud-storage>=1.16.0
  Downloading google_cloud_storage-1.35.0-py2.py3-none-any.whl (96 kB)
Collecting google-cloud-core<2.0dev,>=1.4.1
  Downloading google_cloud_core-1.5.0-py2.py3-none-any.whl (27 kB)
Collecting google-api-core<2.0.0dev,>=1.21.0
  Downloading google_api_core-1.24.1-py2.py3-none-any.whl (92 kB)
Requirement already satisfied: protobuf>=3.12.0 in /opt/conda/lib/python3.7/site-packages (from google-api-core<2.0.0dev,>=1.21.0->google-cloud-core<2.0dev,>=1.4.1->google-cloud-storage>=1.16.0->kfserving==0.3.0.1->-r requirements_server.txt (line 2)) (3.14.0)
Collecting google-resumable-media<2.0dev,>=1.2.0
  Downloading google_resumable_media-1.2.0-py2.py3-none-any.whl (75 kB)
Collecting google-crc32c<2.0dev,>=1.0
  Downloading google_crc32c-1.1.0-cp37-cp37m-manylinux2010_x86_64.whl (39 kB)
Collecting googleapis-common-protos<2.0dev,>=1.6.0
  Downloading googleapis_common_protos-1.52.0-py2.py3-none-any.whl (100 kB)
Collecting LunarCalendar>=0.0.9
  Downloading LunarCalendar-0.0.9-py2.py3-none-any.whl (18 kB)
Collecting ephem>=3.7.5.3
  Downloading ephem-3.7.7.1-cp37-cp37m-manylinux2010_x86_64.whl (1.2 MB)
Collecting matplotlib
  Downloading matplotlib-3.3.3-cp37-cp37m-manylinux1_x86_64.whl (11.6 MB)
Collecting cycler>=0.10
  Downloading cycler-0.10.0-py2.py3-none-any.whl (6.5 kB)
Collecting kiwisolver>=1.0.1
  Downloading kiwisolver-1.3.1-cp37-cp37m-manylinux1_x86_64.whl (1.1 MB)
Collecting minio>=4.0.9
  Downloading minio-7.0.1-py3-none-any.whl (72 kB)
Collecting pandas
  Downloading pandas-1.2.0-cp37-cp37m-manylinux1_x86_64.whl (9.9 MB)
Collecting Pillow
  Downloading Pillow-8.1.0-cp37-cp37m-manylinux1_x86_64.whl (2.2 MB)
Collecting pyasn1-modules>=0.2.1
  Downloading pyasn1_modules-0.2.8-py2.py3-none-any.whl (155 kB)
Collecting pyasn1<0.5.0,>=0.4.6
  Downloading pyasn1-0.4.8-py2.py3-none-any.whl (77 kB)
Collecting PyJWT>=1.0.0
  Downloading PyJWT-2.0.0-py3-none-any.whl (15 kB)
Collecting pymeeus<=1,>=0.3.6
  Downloading PyMeeus-0.3.7.tar.gz (732 kB)
Collecting pyparsing!=2.0.4,!=2.1.2,!=2.1.6,>=2.0.3
  Downloading pyparsing-2.4.7-py2.py3-none-any.whl (67 kB)
Collecting pystan>=2.14
  Downloading pystan-2.19.1.1-cp37-cp37m-manylinux1_x86_64.whl (67.3 MB)
Collecting python-dateutil>=2.8.0
  Downloading python_dateutil-2.8.1-py2.py3-none-any.whl (227 kB)
Collecting pytz>=2014.10
  Downloading pytz-2020.5-py2.py3-none-any.whl (510 kB)
Requirement already satisfied: chardet<3.1.0,>=3.0.2 in /opt/conda/lib/python3.7/site-packages (from requests->kubernetes==10.0.1->kfserving==0.3.0.1->-r requirements_server.txt (line 2)) (3.0.4)
Requirement already satisfied: idna<2.9,>=2.5 in /opt/conda/lib/python3.7/site-packages (from requests->kubernetes==10.0.1->kfserving==0.3.0.1->-r requirements_server.txt (line 2)) (2.8)
Collecting rsa<5,>=3.1.4
  Downloading rsa-4.7-py3-none-any.whl (34 kB)
Collecting setuptools-git>=1.2
  Downloading setuptools_git-1.2-py2.py3-none-any.whl (10 kB)
Collecting six
  Downloading six-1.15.0-py2.py3-none-any.whl (10 kB)
Collecting table-logger>=0.3.5
  Downloading table_logger-0.3.6-py3-none-any.whl (14 kB)
Collecting tensorflow>=2
  Downloading tensorflow-2.4.0-cp37-cp37m-manylinux2010_x86_64.whl (394.7 MB)
Requirement already satisfied: flatbuffers~=1.12.0 in /opt/conda/lib/python3.7/site-packages (from tensorflow>=2->alibi-detect==0.4.4->-r requirements_server.txt (line 3)) (1.12)
Requirement already satisfied: typing-extensions~=3.7.4 in /opt/conda/lib/python3.7/site-packages (from tensorflow>=2->alibi-detect==0.4.4->-r requirements_server.txt (line 3)) (3.7.4.3)
Collecting gast==0.3.3
  Downloading gast-0.3.3-py2.py3-none-any.whl (9.7 kB)
Collecting absl-py~=0.10
  Downloading absl_py-0.11.0-py3-none-any.whl (127 kB)
Collecting astunparse~=1.6.3
  Downloading astunparse-1.6.3-py2.py3-none-any.whl (12 kB)
Collecting google-pasta~=0.2
  Downloading google_pasta-0.2.0-py3-none-any.whl (57 kB)
Collecting grpcio~=1.32.0
  Downloading grpcio-1.32.0-cp37-cp37m-manylinux2014_x86_64.whl (3.8 MB)
Collecting h5py~=2.10.0
  Downloading h5py-2.10.0-cp37-cp37m-manylinux1_x86_64.whl (2.9 MB)
Collecting keras-preprocessing~=1.1.2
  Downloading Keras_Preprocessing-1.1.2-py2.py3-none-any.whl (42 kB)
Collecting opt-einsum~=3.3.0
  Downloading opt_einsum-3.3.0-py3-none-any.whl (65 kB)
Collecting tensorboard~=2.4
  Downloading tensorboard-2.4.0-py3-none-any.whl (10.6 MB)
Requirement already satisfied: werkzeug>=0.11.15 in /opt/conda/lib/python3.7/site-packages (from tensorboard~=2.4->tensorflow>=2->alibi-detect==0.4.4->-r requirements_server.txt (line 3)) (1.0.1)
Collecting google-auth-oauthlib<0.5,>=0.4.1
  Downloading google_auth_oauthlib-0.4.2-py2.py3-none-any.whl (18 kB)
Collecting markdown>=2.6.8
  Downloading Markdown-3.3.3-py3-none-any.whl (96 kB)
Requirement already satisfied: importlib-metadata in /opt/conda/lib/python3.7/site-packages (from markdown>=2.6.8->tensorboard~=2.4->tensorflow>=2->alibi-detect==0.4.4->-r requirements_server.txt (line 3)) (3.4.0)
Collecting requests-oauthlib
  Downloading requests_oauthlib-1.3.0-py2.py3-none-any.whl (23 kB)
Collecting oauthlib>=3.0.0
  Downloading oauthlib-3.1.0-py2.py3-none-any.whl (147 kB)
Collecting tensorboard-plugin-wit>=1.6.0
  Downloading tensorboard_plugin_wit-1.7.0-py3-none-any.whl (779 kB)
Collecting tensorflow-estimator<2.5.0,>=2.4.0rc0
  Downloading tensorflow_estimator-2.4.0-py2.py3-none-any.whl (462 kB)
Collecting tensorflow-probability>=0.8
  Downloading tensorflow_probability-0.12.1-py2.py3-none-any.whl (4.8 MB)
Collecting cloudpickle>=1.3
  Downloading cloudpickle-1.6.0-py3-none-any.whl (23 kB)
Collecting termcolor~=1.1.0
  Downloading termcolor-1.1.0.tar.gz (3.9 kB)
Collecting transformers>=2.10.0
  Downloading transformers-4.1.1-py3-none-any.whl (1.5 MB)
Requirement already satisfied: tqdm>=4.27 in /opt/conda/lib/python3.7/site-packages (from transformers>=2.10.0->alibi-detect==0.4.4->-r requirements_server.txt (line 3)) (4.36.1)
Collecting tokenizers==0.9.4
  Downloading tokenizers-0.9.4-cp37-cp37m-manylinux2010_x86_64.whl (2.9 MB)
Collecting regex!=2019.12.17
  Downloading regex-2020.11.13-cp37-cp37m-manylinux2014_x86_64.whl (719 kB)
Collecting websocket-client!=0.40.0,!=0.41.*,!=0.42.*,>=0.32.0
  Downloading websocket_client-0.57.0-py2.py3-none-any.whl (200 kB)
Collecting wheel~=0.35
  Downloading wheel-0.36.2-py2.py3-none-any.whl (35 kB)
Collecting wrapt~=1.12.1
  Downloading wrapt-1.12.1.tar.gz (27 kB)
Requirement already satisfied: Flask<2.0.0 in /opt/conda/lib/python3.7/site-packages (from seldon-core->-r requirements_server.txt (line 1)) (1.1.2)
Requirement already satisfied: jsonschema<4.0.0 in /opt/conda/lib/python3.7/site-packages (from seldon-core->-r requirements_server.txt (line 1)) (3.2.0)
Requirement already satisfied: Flask-cors<4.0.0 in /opt/conda/lib/python3.7/site-packages (from seldon-core->-r requirements_server.txt (line 1)) (3.0.10)
Requirement already satisfied: redis<4.0.0 in /opt/conda/lib/python3.7/site-packages (from seldon-core->-r requirements_server.txt (line 1)) (3.5.3)
Requirement already satisfied: Flask-OpenTracing<1.2.0,>=1.1.0 in /opt/conda/lib/python3.7/site-packages (from seldon-core->-r requirements_server.txt (line 1)) (1.1.0)
Requirement already satisfied: opentracing<2.5.0,>=2.2.0 in /opt/conda/lib/python3.7/site-packages (from seldon-core->-r requirements_server.txt (line 1)) (2.4.0)
Requirement already satisfied: jaeger-client<4.4.0,>=4.1.0 in /opt/conda/lib/python3.7/site-packages (from seldon-core->-r requirements_server.txt (line 1)) (4.3.0)
Requirement already satisfied: grpcio-opentracing<1.2.0,>=1.1.4 in /opt/conda/lib/python3.7/site-packages (from seldon-core->-r requirements_server.txt (line 1)) (1.1.4)
Requirement already satisfied: grpcio-reflection<1.35.0 in /opt/conda/lib/python3.7/site-packages (from seldon-core->-r requirements_server.txt (line 1)) (1.34.0)
Requirement already satisfied: gunicorn<20.1.0,>=19.9.0 in /opt/conda/lib/python3.7/site-packages (from seldon-core->-r requirements_server.txt (line 1)) (20.0.4)
Requirement already satisfied: prometheus_client<0.9.0,>=0.7.1 in /opt/conda/lib/python3.7/site-packages (from seldon-core->-r requirements_server.txt (line 1)) (0.8.0)
Requirement already satisfied: Jinja2>=2.10.1 in /opt/conda/lib/python3.7/site-packages (from Flask<2.0.0->seldon-core->-r requirements_server.txt (line 1)) (2.11.2)
Requirement already satisfied: itsdangerous>=0.24 in /opt/conda/lib/python3.7/site-packages (from Flask<2.0.0->seldon-core->-r requirements_server.txt (line 1)) (1.1.0)
Requirement already satisfied: click>=5.1 in /opt/conda/lib/python3.7/site-packages (from Flask<2.0.0->seldon-core->-r requirements_server.txt (line 1)) (7.1.2)
Collecting grpcio-reflection<1.35.0
  Downloading grpcio-reflection-1.33.2.tar.gz (11 kB)
  Downloading grpcio-reflection-1.33.1.tar.gz (11 kB)
  Downloading grpcio-reflection-1.32.0.tar.gz (11 kB)
Requirement already satisfied: thrift in /opt/conda/lib/python3.7/site-packages (from jaeger-client<4.4.0,>=4.1.0->seldon-core->-r requirements_server.txt (line 1)) (0.13.0)
Requirement already satisfied: threadloop<2,>=1 in /opt/conda/lib/python3.7/site-packages (from jaeger-client<4.4.0,>=4.1.0->seldon-core->-r requirements_server.txt (line 1)) (1.0.2)
Requirement already satisfied: MarkupSafe>=0.23 in /opt/conda/lib/python3.7/site-packages (from Jinja2>=2.10.1->Flask<2.0.0->seldon-core->-r requirements_server.txt (line 1)) (1.1.1)
Requirement already satisfied: pyrsistent>=0.14.0 in /opt/conda/lib/python3.7/site-packages (from jsonschema<4.0.0->seldon-core->-r requirements_server.txt (line 1)) (0.17.3)
Requirement already satisfied: attrs>=17.4.0 in /opt/conda/lib/python3.7/site-packages (from jsonschema<4.0.0->seldon-core->-r requirements_server.txt (line 1)) (20.3.0)
Collecting creme
  Downloading creme-0.6.1-cp37-cp37m-manylinux2010_x86_64.whl (1.1 MB)
Collecting mmh3==2.5.1
  Downloading mmh3-2.5.1.tar.gz (9.8 kB)
Collecting scipy
  Downloading scipy-1.6.0-cp37-cp37m-manylinux1_x86_64.whl (27.4 MB)
Collecting dask[array]
  Downloading dask-2020.12.0-py3-none-any.whl (884 kB)
Collecting toolz>=0.8.2
  Downloading toolz-0.11.1-py3-none-any.whl (55 kB)
Collecting decorator
  Downloading decorator-4.4.2-py2.py3-none-any.whl (9.2 kB)
Collecting dm-tree
  Downloading dm_tree-0.1.5-cp37-cp37m-manylinux1_x86_64.whl (294 kB)
Collecting filelock
  Downloading filelock-3.0.12-py3-none-any.whl (7.6 kB)
Requirement already satisfied: zipp>=0.5 in /opt/conda/lib/python3.7/site-packages (from importlib-metadata->markdown>=2.6.8->tensorboard~=2.4->tensorflow>=2->alibi-detect==0.4.4->-r requirements_server.txt (line 3)) (3.4.0)
Collecting opencv-python
  Downloading opencv_python-4.5.1.48-cp37-cp37m-manylinux2014_x86_64.whl (50.4 MB)
Collecting packaging
  Downloading packaging-20.8-py2.py3-none-any.whl (39 kB)
Collecting sacremoses
  Downloading sacremoses-0.0.43.tar.gz (883 kB)
Collecting joblib
  Downloading joblib-1.0.0-py3-none-any.whl (302 kB)
Collecting scikit-image
  Downloading scikit_image-0.18.1-cp37-cp37m-manylinux1_x86_64.whl (29.2 MB)
Collecting imageio>=2.3.0
  Downloading imageio-2.9.0-py3-none-any.whl (3.3 MB)
Collecting networkx>=2.0
  Downloading networkx-2.5-py3-none-any.whl (1.6 MB)
Collecting PyWavelets>=1.1.1
  Downloading PyWavelets-1.1.1-cp37-cp37m-manylinux1_x86_64.whl (4.4 MB)
Collecting tifffile>=2019.7.26
  Downloading tifffile-2021.1.11-py3-none-any.whl (158 kB)
Collecting scikit-learn
  Downloading scikit_learn-0.24.0-cp37-cp37m-manylinux2010_x86_64.whl (22.3 MB)
Collecting threadpoolctl>=2.0.0
  Downloading threadpoolctl-2.1.0-py3-none-any.whl (12 kB)
Building wheels for collected packages: fbprophet, holidays, pymeeus, termcolor, wrapt, grpcio-reflection, mmh3, sacremoses
  Building wheel for fbprophet (setup.py): started
  Building wheel for fbprophet (setup.py): finished with status 'error'
[91m  ERROR: Command errored out with exit status 1:
   command: /opt/conda/bin/python -u -c 'import sys, setuptools, tokenize; sys.argv[0] = '"'"'/tmp/pip-install-3sz5sqs2/fbprophet_607d49f6c1ce4344881e7235188f1e9e/setup.py'"'"'; __file__='"'"'/tmp/pip-install-3sz5sqs2/fbprophet_607d49f6c1ce4344881e7235188f1e9e/setup.py'"'"';f=getattr(tokenize, '"'"'open'"'"', open)(__file__);code=f.read().replace('"'"'\r\n'"'"', '"'"'\n'"'"');f.close();exec(compile(code, __file__, '"'"'exec'"'"'))' bdist_wheel -d /tmp/pip-wheel-9sc3_uyt
       cwd: /tmp/pip-install-3sz5sqs2/fbprophet_607d49f6c1ce4344881e7235188f1e9e/
  Complete output (40 lines):
  running bdist_wheel
  running build
  running build_py
  creating build
  creating build/lib
  creating build/lib/fbprophet
  creating build/lib/fbprophet/stan_model
  Traceback (most recent call last):
    File "<string>", line 1, in <module>
    File "/tmp/pip-install-3sz5sqs2/fbprophet_607d49f6c1ce4344881e7235188f1e9e/setup.py", line 148, in <module>
      """
    File "/opt/conda/lib/python3.7/site-packages/setuptools/__init__.py", line 145, in setup
      return distutils.core.setup(**attrs)
    File "/opt/conda/lib/python3.7/distutils/core.py", line 148, in setup
      dist.run_commands()
    File "/opt/conda/lib/python3.7/distutils/dist.py", line 966, in run_commands
      self.run_command(cmd)
    File "/opt/conda/lib/python3.7/distutils/dist.py", line 985, in run_command
      cmd_obj.run()
    File "/opt/conda/lib/python3.7/site-packages/wheel/bdist_wheel.py", line 192, in run
      self.run_command('build')
    File "/opt/conda/lib/python3.7/distutils/cmd.py", line 313, in run_command
      self.distribution.run_command(command)
    File "/opt/conda/lib/python3.7/distutils/dist.py", line 985, in run_command
      cmd_obj.run()
    File "/opt/conda/lib/python3.7/distutils/command/build.py", line 135, in run
      self.run_command(cmd_name)
    File "/opt/conda/lib/python3.7/distutils/cmd.py", line 313, in run_command
      self.distribution.run_command(command)
    File "/opt/conda/lib/python3.7/distutils/dist.py", line 985, in run_command
      cmd_obj.run()
    File "/tmp/pip-install-3sz5sqs2/fbprophet_607d49f6c1ce4344881e7235188f1e9e/setup.py", line 48, in run
      build_models(target_dir)
    File "/tmp/pip-install-3sz5sqs2/fbprophet_607d49f6c1ce4344881e7235188f1e9e/setup.py", line 36, in build_models
      from fbprophet.models import StanBackendEnum
    File "/tmp/pip-install-3sz5sqs2/fbprophet_607d49f6c1ce4344881e7235188f1e9e/fbprophet/__init__.py", line 8, in <module>
      from fbprophet.forecaster import Prophet
    File "/tmp/pip-install-3sz5sqs2/fbprophet_607d49f6c1ce4344881e7235188f1e9e/fbprophet/forecaster.py", line 15, in <module>
      import pandas as pd
  ModuleNotFoundError: No module named 'pandas'
  ----------------------------------------
  ERROR: Failed building wheel for fbprophet
[0m  Running setup.py clean for fbprophet
  Building wheel for holidays (setup.py): started
  Building wheel for holidays (setup.py): finished with status 'done'
  Created wheel for holidays: filename=holidays-0.9.11-py3-none-any.whl size=44781 sha256=a1f7e301f79a3a35ea4db351b29c859902fed5ebcb5925636765e840864bb392
  Stored in directory: /root/.cache/pip/wheels/c7/2d/f0/1324bcf0e577829a77f2ac0f1b812e538b8349ca36b1049106
  Building wheel for pymeeus (setup.py): started
  Building wheel for pymeeus (setup.py): finished with status 'done'
  Created wheel for pymeeus: filename=PyMeeus-0.3.7-py3-none-any.whl size=702877 sha256=69758e3e57adc60d6bd1022e12a1debb7dfb7652c2fd3cd53ed2e012dedbeb5a
  Stored in directory: /root/.cache/pip/wheels/80/32/5f/2a67880d4ce584b9cf99146f9945e46942dfb010a9382c6ff5
  Building wheel for termcolor (setup.py): started
  Building wheel for termcolor (setup.py): finished with status 'done'
  Created wheel for termcolor: filename=termcolor-1.1.0-py3-none-any.whl size=4830 sha256=444c157b1d5e62ee2d63539feaec196c4a96148e5d04af0496641f40c4525952
  Stored in directory: /root/.cache/pip/wheels/3f/e3/ec/8a8336ff196023622fbcb36de0c5a5c218cbb24111d1d4c7f2
  Building wheel for wrapt (setup.py): started
  Building wheel for wrapt (setup.py): finished with status 'done'
  Created wheel for wrapt: filename=wrapt-1.12.1-cp37-cp37m-linux_x86_64.whl size=76689 sha256=ca059a6aa35cb242cd2c041a4d22a019c1b4a967bab536e65df89ebeadfbd2d1
  Stored in directory: /root/.cache/pip/wheels/62/76/4c/aa25851149f3f6d9785f6c869387ad82b3fd37582fa8147ac6
  Building wheel for grpcio-reflection (setup.py): started
  Building wheel for grpcio-reflection (setup.py): finished with status 'done'
  Created wheel for grpcio-reflection: filename=grpcio_reflection-1.32.0-py3-none-any.whl size=14409 sha256=75e8a0c482fb0ef761c86b3df30a958ff73235612037143fcda4adfcbe039361
  Stored in directory: /root/.cache/pip/wheels/50/f5/68/ab01fe6659e75a8e31c80f3349d2a9d644ee188488b3f98c93
  Building wheel for mmh3 (setup.py): started
  Building wheel for mmh3 (setup.py): finished with status 'done'
  Created wheel for mmh3: filename=mmh3-2.5.1-cp37-cp37m-linux_x86_64.whl size=48442 sha256=0edada6add20e9102d223ca71b7224a153ca9e7955f2532c06e0084e1fa6578d
  Stored in directory: /root/.cache/pip/wheels/ae/45/25/90e097a519143b2dca74cd93a056894a965f27908103e01799
  Building wheel for sacremoses (setup.py): started
  Building wheel for sacremoses (setup.py): finished with status 'done'
  Created wheel for sacremoses: filename=sacremoses-0.0.43-py3-none-any.whl size=893258 sha256=5aa7e8cf955ed1a99f7795a069e7ae1c545b3bc5d017aa7787a1409167a3f73c
  Stored in directory: /root/.cache/pip/wheels/69/09/d1/bf058f7d6fa0ecba2ce7c66be3b8d012beb4bf61a6e0c101c0
Successfully built holidays pymeeus termcolor wrapt grpcio-reflection mmh3 sacremoses
Failed to build fbprophet
Installing collected packages: six, pyasn1, rsa, pyasn1-modules, oauthlib, cachetools, requests-oauthlib, pytz, googleapis-common-protos, google-auth, wheel, tensorboard-plugin-wit, regex, python-dateutil, pyparsing, Pillow, markdown, kiwisolver, joblib, grpcio, google-crc32c, google-auth-oauthlib, google-api-core, decorator, cycler, azure-common, absl-py, wrapt, websocket-client, toolz, tokenizers, tifffile, threadpoolctl, termcolor, tensorflow-estimator, tensorboard, scipy, sacremoses, PyWavelets, pymeeus, PyJWT, pandas, packaging, opt-einsum, networkx, mmh3, matplotlib, keras-preprocessing, imageio, h5py, google-resumable-media, google-pasta, google-cloud-core, gast, filelock, ephem, dm-tree, dask, Cython, cloudpickle, azure-storage-common, astunparse, transformers, tensorflow-probability, tensorflow, table-logger, setuptools-git, scikit-learn, scikit-image, pystan, opencv-python, minio, LunarCalendar, kubernetes, holidays, grpcio-reflection, google-cloud-storage, creme, convertdate, cmdstanpy, azure-storage-blob, argparse, adal, kfserving, fbprophet, alibi-detect
  Attempting uninstall: six
    Found existing installation: six 1.12.0
    Uninstalling six-1.12.0:
      Successfully uninstalled six-1.12.0
  Attempting uninstall: wheel
    Found existing installation: wheel 0.33.6
    Uninstalling wheel-0.33.6:
      Successfully uninstalled wheel-0.33.6
  Attempting uninstall: grpcio
    Found existing installation: grpcio 1.34.0
    Uninstalling grpcio-1.34.0:
      Successfully uninstalled grpcio-1.34.0
  Attempting uninstall: grpcio-reflection
    Found existing installation: grpcio-reflection 1.34.0
    Uninstalling grpcio-reflection-1.34.0:
      Successfully uninstalled grpcio-reflection-1.34.0
    Running setup.py install for fbprophet: started
    Running setup.py install for fbprophet: still running...
    Running setup.py install for fbprophet: finished with status 'done'
[91m  DEPRECATION: fbprophet was installed using the legacy 'setup.py install' method, because a wheel could not be built for it. pip 21.0 will remove support for this functionality. A possible replacement is to fix the wheel build issue reported above. You can find discussion regarding this at https://github.com/pypa/pip/issues/8368.
[0mSuccessfully installed Cython-0.29.21 LunarCalendar-0.0.9 Pillow-8.1.0 PyJWT-2.0.0 PyWavelets-1.1.1 absl-py-0.11.0 adal-1.2.5 alibi-detect-0.4.4 argparse-1.4.0 astunparse-1.6.3 azure-common-1.1.26 azure-storage-blob-2.1.0 azure-storage-common-2.1.0 cachetools-4.2.0 cloudpickle-1.6.0 cmdstanpy-0.4.0 convertdate-2.3.0 creme-0.6.1 cycler-0.10.0 dask-2020.12.0 decorator-4.4.2 dm-tree-0.1.5 ephem-3.7.7.1 fbprophet-0.6 filelock-3.0.12 gast-0.3.3 google-api-core-1.24.1 google-auth-1.24.0 google-auth-oauthlib-0.4.2 google-cloud-core-1.5.0 google-cloud-storage-1.35.0 google-crc32c-1.1.0 google-pasta-0.2.0 google-resumable-media-1.2.0 googleapis-common-protos-1.52.0 grpcio-1.32.0 grpcio-reflection-1.32.0 h5py-2.10.0 holidays-0.9.11 imageio-2.9.0 joblib-1.0.0 keras-preprocessing-1.1.2 kfserving-0.3.0.1 kiwisolver-1.3.1 kubernetes-10.0.1 markdown-3.3.3 matplotlib-3.3.3 minio-7.0.1 mmh3-2.5.1 networkx-2.5 oauthlib-3.1.0 opencv-python-4.5.1.48 opt-einsum-3.3.0 packaging-20.8 pandas-1.2.0 pyasn1-0.4.8 pyasn1-modules-0.2.8 pymeeus-0.3.7 pyparsing-2.4.7 pystan-2.19.1.1 python-dateutil-2.8.1 pytz-2020.5 regex-2020.11.13 requests-oauthlib-1.3.0 rsa-4.7 sacremoses-0.0.43 scikit-image-0.18.1 scikit-learn-0.24.0 scipy-1.6.0 setuptools-git-1.2 six-1.15.0 table-logger-0.3.6 tensorboard-2.4.0 tensorboard-plugin-wit-1.7.0 tensorflow-2.4.0 tensorflow-estimator-2.4.0 tensorflow-probability-0.12.1 termcolor-1.1.0 threadpoolctl-2.1.0 tifffile-2021.1.11 tokenizers-0.9.4 toolz-0.11.1 transformers-4.1.1 websocket-client-0.57.0 wheel-0.36.2 wrapt-1.12.1
Removing intermediate container dae8bf09d6b5
 ---> 819912f37b06
Step 6/14 : RUN git clone --branch 24-extensions https://github.com/ryandawsonuk/sdk-python.git &&     cd sdk-python &&     pip install -e .
 ---> Running in c02ab84b8546
[91mCloning into 'sdk-python'...
[0mObtaining file:///microservice/sdk-python
Installing collected packages: cloudevents
  Running setup.py develop for cloudevents
Successfully installed cloudevents
Removing intermediate container c02ab84b8546
 ---> 6c7a926efa15
Step 7/14 : COPY adserver adserver
 ---> 1cee2b5c7d73
Step 8/14 : COPY setup.py .
 ---> 7fdc7e3eb323
Step 9/14 : RUN pip install -e .
 ---> Running in de0db3f71fd4
Obtaining file:///microservice
Requirement already satisfied: alibi-detect==0.4.4 in /opt/conda/lib/python3.7/site-packages (from adserver==0.1.0) (0.4.4)
Requirement already satisfied: kfserving>=0.2.0 in /opt/conda/lib/python3.7/site-packages (from adserver==0.1.0) (0.3.0.1)
Requirement already satisfied: numpy>=1.8.2 in /opt/conda/lib/python3.7/site-packages (from adserver==0.1.0) (1.19.5)
Requirement already satisfied: seldon_core in ./python (from adserver==0.1.0) (1.6.0.dev0)
Requirement already satisfied: matplotlib in /opt/conda/lib/python3.7/site-packages (from alibi-detect==0.4.4->adserver==0.1.0) (3.3.3)
Requirement already satisfied: dask[array] in /opt/conda/lib/python3.7/site-packages (from alibi-detect==0.4.4->adserver==0.1.0) (2020.12.0)
Requirement already satisfied: opencv-python in /opt/conda/lib/python3.7/site-packages (from alibi-detect==0.4.4->adserver==0.1.0) (4.5.1.48)
Requirement already satisfied: scikit-learn in /opt/conda/lib/python3.7/site-packages (from alibi-detect==0.4.4->adserver==0.1.0) (0.24.0)
Requirement already satisfied: scikit-image in /opt/conda/lib/python3.7/site-packages (from alibi-detect==0.4.4->adserver==0.1.0) (0.18.1)
Requirement already satisfied: tensorflow>=2 in /opt/conda/lib/python3.7/site-packages (from alibi-detect==0.4.4->adserver==0.1.0) (2.4.0)
Requirement already satisfied: pandas in /opt/conda/lib/python3.7/site-packages (from alibi-detect==0.4.4->adserver==0.1.0) (1.2.0)
Requirement already satisfied: creme in /opt/conda/lib/python3.7/site-packages (from alibi-detect==0.4.4->adserver==0.1.0) (0.6.1)
Requirement already satisfied: scipy in /opt/conda/lib/python3.7/site-packages (from alibi-detect==0.4.4->adserver==0.1.0) (1.6.0)
Requirement already satisfied: tensorflow-probability>=0.8 in /opt/conda/lib/python3.7/site-packages (from alibi-detect==0.4.4->adserver==0.1.0) (0.12.1)
Requirement already satisfied: Pillow in /opt/conda/lib/python3.7/site-packages (from alibi-detect==0.4.4->adserver==0.1.0) (8.1.0)
Collecting cloudevents==1.2.0
  Downloading cloudevents-1.2.0-py3-none-any.whl (26 kB)
Collecting elasticsearch==7.9.1
  Downloading elasticsearch-7.9.1-py2.py3-none-any.whl (219 kB)
Requirement already satisfied: certifi in /opt/conda/lib/python3.7/site-packages (from elasticsearch==7.9.1->adserver==0.1.0) (2020.12.5)
Requirement already satisfied: urllib3>=1.21.1 in /opt/conda/lib/python3.7/site-packages (from elasticsearch==7.9.1->adserver==0.1.0) (1.24.2)
Collecting google-cloud-core==1.4.1
  Downloading google_cloud_core-1.4.1-py2.py3-none-any.whl (26 kB)
Requirement already satisfied: google-api-core<2.0.0dev,>=1.19.0 in /opt/conda/lib/python3.7/site-packages (from google-cloud-core==1.4.1->adserver==0.1.0) (1.24.1)
Collecting google-cloud-storage==1.31.2
  Downloading google_cloud_storage-1.31.2-py2.py3-none-any.whl (88 kB)
Requirement already satisfied: google-resumable-media<2.0dev,>=1.0.0 in /opt/conda/lib/python3.7/site-packages (from google-cloud-storage==1.31.2->adserver==0.1.0) (1.2.0)
Requirement already satisfied: requests<3.0.0dev,>=2.18.0 in /opt/conda/lib/python3.7/site-packages (from google-cloud-storage==1.31.2->adserver==0.1.0) (2.22.0)
Requirement already satisfied: google-auth<2.0dev,>=1.11.0 in /opt/conda/lib/python3.7/site-packages (from google-cloud-storage==1.31.2->adserver==0.1.0) (1.24.0)
Collecting transformers==3.5.1
  Downloading transformers-3.5.1-py3-none-any.whl (1.3 MB)
Requirement already satisfied: tqdm>=4.27 in /opt/conda/lib/python3.7/site-packages (from transformers==3.5.1->adserver==0.1.0) (4.36.1)
Requirement already satisfied: sacremoses in /opt/conda/lib/python3.7/site-packages (from transformers==3.5.1->adserver==0.1.0) (0.0.43)
Requirement already satisfied: packaging in /opt/conda/lib/python3.7/site-packages (from transformers==3.5.1->adserver==0.1.0) (20.8)
Requirement already satisfied: regex!=2019.12.17 in /opt/conda/lib/python3.7/site-packages (from transformers==3.5.1->adserver==0.1.0) (2020.11.13)
Requirement already satisfied: protobuf in /opt/conda/lib/python3.7/site-packages (from transformers==3.5.1->adserver==0.1.0) (3.14.0)
Requirement already satisfied: filelock in /opt/conda/lib/python3.7/site-packages (from transformers==3.5.1->adserver==0.1.0) (3.0.12)
Collecting sentencepiece==0.1.91
  Downloading sentencepiece-0.1.91-cp37-cp37m-manylinux1_x86_64.whl (1.1 MB)
Collecting tokenizers==0.9.3
  Downloading tokenizers-0.9.3-cp37-cp37m-manylinux1_x86_64.whl (2.9 MB)
Collecting argparse>=1.4.0
  Using cached argparse-1.4.0-py2.py3-none-any.whl (23 kB)
Collecting deprecation<3.0,>=2.0
  Downloading deprecation-2.1.0-py2.py3-none-any.whl (11 kB)
Requirement already satisfied: googleapis-common-protos<2.0dev,>=1.6.0 in /opt/conda/lib/python3.7/site-packages (from google-api-core<2.0.0dev,>=1.19.0->google-cloud-core==1.4.1->adserver==0.1.0) (1.52.0)
Requirement already satisfied: six>=1.13.0 in /opt/conda/lib/python3.7/site-packages (from google-api-core<2.0.0dev,>=1.19.0->google-cloud-core==1.4.1->adserver==0.1.0) (1.15.0)
Requirement already satisfied: setuptools>=34.0.0 in /opt/conda/lib/python3.7/site-packages (from google-api-core<2.0.0dev,>=1.19.0->google-cloud-core==1.4.1->adserver==0.1.0) (41.4.0)
Requirement already satisfied: pytz in /opt/conda/lib/python3.7/site-packages (from google-api-core<2.0.0dev,>=1.19.0->google-cloud-core==1.4.1->adserver==0.1.0) (2020.5)
Requirement already satisfied: cachetools<5.0,>=2.0.0 in /opt/conda/lib/python3.7/site-packages (from google-auth<2.0dev,>=1.11.0->google-cloud-storage==1.31.2->adserver==0.1.0) (4.2.0)
Requirement already satisfied: rsa<5,>=3.1.4 in /opt/conda/lib/python3.7/site-packages (from google-auth<2.0dev,>=1.11.0->google-cloud-storage==1.31.2->adserver==0.1.0) (4.7)
Requirement already satisfied: pyasn1-modules>=0.2.1 in /opt/conda/lib/python3.7/site-packages (from google-auth<2.0dev,>=1.11.0->google-cloud-storage==1.31.2->adserver==0.1.0) (0.2.8)
Requirement already satisfied: google-crc32c<2.0dev,>=1.0 in /opt/conda/lib/python3.7/site-packages (from google-resumable-media<2.0dev,>=1.0.0->google-cloud-storage==1.31.2->adserver==0.1.0) (1.1.0)
Requirement already satisfied: cffi>=1.0.0 in /opt/conda/lib/python3.7/site-packages (from google-crc32c<2.0dev,>=1.0->google-resumable-media<2.0dev,>=1.0.0->google-cloud-storage==1.31.2->adserver==0.1.0) (1.12.3)
Requirement already satisfied: pycparser in /opt/conda/lib/python3.7/site-packages (from cffi>=1.0.0->google-crc32c<2.0dev,>=1.0->google-resumable-media<2.0dev,>=1.0.0->google-cloud-storage==1.31.2->adserver==0.1.0) (2.19)
Requirement already satisfied: table-logger>=0.3.5 in /opt/conda/lib/python3.7/site-packages (from kfserving>=0.2.0->adserver==0.1.0) (0.3.6)
Requirement already satisfied: azure-storage-blob<=2.1.0,>=1.3.0 in /opt/conda/lib/python3.7/site-packages (from kfserving>=0.2.0->adserver==0.1.0) (2.1.0)
Requirement already satisfied: adal>=1.2.2 in /opt/conda/lib/python3.7/site-packages (from kfserving>=0.2.0->adserver==0.1.0) (1.2.5)
Requirement already satisfied: kubernetes==10.0.1 in /opt/conda/lib/python3.7/site-packages (from kfserving>=0.2.0->adserver==0.1.0) (10.0.1)
Requirement already satisfied: tornado>=1.4.1 in /opt/conda/lib/python3.7/site-packages (from kfserving>=0.2.0->adserver==0.1.0) (6.1)
Requirement already satisfied: minio>=4.0.9 in /opt/conda/lib/python3.7/site-packages (from kfserving>=0.2.0->adserver==0.1.0) (7.0.1)
Requirement already satisfied: python-dateutil>=2.5.3 in /opt/conda/lib/python3.7/site-packages (from kfserving>=0.2.0->adserver==0.1.0) (2.8.1)
Requirement already satisfied: websocket-client!=0.40.0,!=0.41.*,!=0.42.*,>=0.32.0 in /opt/conda/lib/python3.7/site-packages (from kubernetes==10.0.1->kfserving>=0.2.0->adserver==0.1.0) (0.57.0)
Requirement already satisfied: pyyaml>=3.12 in /opt/conda/lib/python3.7/site-packages (from kubernetes==10.0.1->kfserving>=0.2.0->adserver==0.1.0) (5.3.1)
Requirement already satisfied: requests-oauthlib in /opt/conda/lib/python3.7/site-packages (from kubernetes==10.0.1->kfserving>=0.2.0->adserver==0.1.0) (1.3.0)
Requirement already satisfied: cryptography>=1.1.0 in /opt/conda/lib/python3.7/site-packages (from adal>=1.2.2->kfserving>=0.2.0->adserver==0.1.0) (2.7)
Requirement already satisfied: PyJWT>=1.0.0 in /opt/conda/lib/python3.7/site-packages (from adal>=1.2.2->kfserving>=0.2.0->adserver==0.1.0) (2.0.0)
Requirement already satisfied: azure-storage-common~=2.1 in /opt/conda/lib/python3.7/site-packages (from azure-storage-blob<=2.1.0,>=1.3.0->kfserving>=0.2.0->adserver==0.1.0) (2.1.0)
Requirement already satisfied: azure-common>=1.1.5 in /opt/conda/lib/python3.7/site-packages (from azure-storage-blob<=2.1.0,>=1.3.0->kfserving>=0.2.0->adserver==0.1.0) (1.1.26)
Requirement already satisfied: asn1crypto>=0.21.0 in /opt/conda/lib/python3.7/site-packages (from cryptography>=1.1.0->adal>=1.2.2->kfserving>=0.2.0->adserver==0.1.0) (1.0.1)
Requirement already satisfied: pyasn1<0.5.0,>=0.4.6 in /opt/conda/lib/python3.7/site-packages (from pyasn1-modules>=0.2.1->google-auth<2.0dev,>=1.11.0->google-cloud-storage==1.31.2->adserver==0.1.0) (0.4.8)
Requirement already satisfied: chardet<3.1.0,>=3.0.2 in /opt/conda/lib/python3.7/site-packages (from requests<3.0.0dev,>=2.18.0->google-cloud-storage==1.31.2->adserver==0.1.0) (3.0.4)
Requirement already satisfied: idna<2.9,>=2.5 in /opt/conda/lib/python3.7/site-packages (from requests<3.0.0dev,>=2.18.0->google-cloud-storage==1.31.2->adserver==0.1.0) (2.8)
Requirement already satisfied: astunparse~=1.6.3 in /opt/conda/lib/python3.7/site-packages (from tensorflow>=2->alibi-detect==0.4.4->adserver==0.1.0) (1.6.3)
Requirement already satisfied: google-pasta~=0.2 in /opt/conda/lib/python3.7/site-packages (from tensorflow>=2->alibi-detect==0.4.4->adserver==0.1.0) (0.2.0)
Requirement already satisfied: tensorflow-estimator<2.5.0,>=2.4.0rc0 in /opt/conda/lib/python3.7/site-packages (from tensorflow>=2->alibi-detect==0.4.4->adserver==0.1.0) (2.4.0)
Requirement already satisfied: wheel~=0.35 in /opt/conda/lib/python3.7/site-packages (from tensorflow>=2->alibi-detect==0.4.4->adserver==0.1.0) (0.36.2)
Requirement already satisfied: flatbuffers~=1.12.0 in /opt/conda/lib/python3.7/site-packages (from tensorflow>=2->alibi-detect==0.4.4->adserver==0.1.0) (1.12)
Requirement already satisfied: keras-preprocessing~=1.1.2 in /opt/conda/lib/python3.7/site-packages (from tensorflow>=2->alibi-detect==0.4.4->adserver==0.1.0) (1.1.2)
Requirement already satisfied: grpcio~=1.32.0 in /opt/conda/lib/python3.7/site-packages (from tensorflow>=2->alibi-detect==0.4.4->adserver==0.1.0) (1.32.0)
Requirement already satisfied: h5py~=2.10.0 in /opt/conda/lib/python3.7/site-packages (from tensorflow>=2->alibi-detect==0.4.4->adserver==0.1.0) (2.10.0)
Requirement already satisfied: opt-einsum~=3.3.0 in /opt/conda/lib/python3.7/site-packages (from tensorflow>=2->alibi-detect==0.4.4->adserver==0.1.0) (3.3.0)
Requirement already satisfied: termcolor~=1.1.0 in /opt/conda/lib/python3.7/site-packages (from tensorflow>=2->alibi-detect==0.4.4->adserver==0.1.0) (1.1.0)
Requirement already satisfied: tensorboard~=2.4 in /opt/conda/lib/python3.7/site-packages (from tensorflow>=2->alibi-detect==0.4.4->adserver==0.1.0) (2.4.0)
Requirement already satisfied: wrapt~=1.12.1 in /opt/conda/lib/python3.7/site-packages (from tensorflow>=2->alibi-detect==0.4.4->adserver==0.1.0) (1.12.1)
Requirement already satisfied: typing-extensions~=3.7.4 in /opt/conda/lib/python3.7/site-packages (from tensorflow>=2->alibi-detect==0.4.4->adserver==0.1.0) (3.7.4.3)
Requirement already satisfied: absl-py~=0.10 in /opt/conda/lib/python3.7/site-packages (from tensorflow>=2->alibi-detect==0.4.4->adserver==0.1.0) (0.11.0)
Requirement already satisfied: gast==0.3.3 in /opt/conda/lib/python3.7/site-packages (from tensorflow>=2->alibi-detect==0.4.4->adserver==0.1.0) (0.3.3)
Requirement already satisfied: markdown>=2.6.8 in /opt/conda/lib/python3.7/site-packages (from tensorboard~=2.4->tensorflow>=2->alibi-detect==0.4.4->adserver==0.1.0) (3.3.3)
Requirement already satisfied: tensorboard-plugin-wit>=1.6.0 in /opt/conda/lib/python3.7/site-packages (from tensorboard~=2.4->tensorflow>=2->alibi-detect==0.4.4->adserver==0.1.0) (1.7.0)
Requirement already satisfied: werkzeug>=0.11.15 in /opt/conda/lib/python3.7/site-packages (from tensorboard~=2.4->tensorflow>=2->alibi-detect==0.4.4->adserver==0.1.0) (1.0.1)
Requirement already satisfied: google-auth-oauthlib<0.5,>=0.4.1 in /opt/conda/lib/python3.7/site-packages (from tensorboard~=2.4->tensorflow>=2->alibi-detect==0.4.4->adserver==0.1.0) (0.4.2)
Requirement already satisfied: importlib-metadata in /opt/conda/lib/python3.7/site-packages (from markdown>=2.6.8->tensorboard~=2.4->tensorflow>=2->alibi-detect==0.4.4->adserver==0.1.0) (3.4.0)
Requirement already satisfied: oauthlib>=3.0.0 in /opt/conda/lib/python3.7/site-packages (from requests-oauthlib->kubernetes==10.0.1->kfserving>=0.2.0->adserver==0.1.0) (3.1.0)
Requirement already satisfied: decorator in /opt/conda/lib/python3.7/site-packages (from tensorflow-probability>=0.8->alibi-detect==0.4.4->adserver==0.1.0) (4.4.2)
Requirement already satisfied: cloudpickle>=1.3 in /opt/conda/lib/python3.7/site-packages (from tensorflow-probability>=0.8->alibi-detect==0.4.4->adserver==0.1.0) (1.6.0)
Requirement already satisfied: dm-tree in /opt/conda/lib/python3.7/site-packages (from tensorflow-probability>=0.8->alibi-detect==0.4.4->adserver==0.1.0) (0.1.5)
Requirement already satisfied: mmh3==2.5.1 in /opt/conda/lib/python3.7/site-packages (from creme->alibi-detect==0.4.4->adserver==0.1.0) (2.5.1)
Requirement already satisfied: toolz>=0.8.2 in /opt/conda/lib/python3.7/site-packages (from dask[array]->alibi-detect==0.4.4->adserver==0.1.0) (0.11.1)
Requirement already satisfied: zipp>=0.5 in /opt/conda/lib/python3.7/site-packages (from importlib-metadata->markdown>=2.6.8->tensorboard~=2.4->tensorflow>=2->alibi-detect==0.4.4->adserver==0.1.0) (3.4.0)
Requirement already satisfied: pyparsing!=2.0.4,!=2.1.2,!=2.1.6,>=2.0.3 in /opt/conda/lib/python3.7/site-packages (from matplotlib->alibi-detect==0.4.4->adserver==0.1.0) (2.4.7)
Requirement already satisfied: cycler>=0.10 in /opt/conda/lib/python3.7/site-packages (from matplotlib->alibi-detect==0.4.4->adserver==0.1.0) (0.10.0)
Requirement already satisfied: kiwisolver>=1.0.1 in /opt/conda/lib/python3.7/site-packages (from matplotlib->alibi-detect==0.4.4->adserver==0.1.0) (1.3.1)
Requirement already satisfied: joblib in /opt/conda/lib/python3.7/site-packages (from sacremoses->transformers==3.5.1->adserver==0.1.0) (1.0.0)
Requirement already satisfied: click in /opt/conda/lib/python3.7/site-packages (from sacremoses->transformers==3.5.1->adserver==0.1.0) (7.1.2)
Requirement already satisfied: networkx>=2.0 in /opt/conda/lib/python3.7/site-packages (from scikit-image->alibi-detect==0.4.4->adserver==0.1.0) (2.5)
Requirement already satisfied: imageio>=2.3.0 in /opt/conda/lib/python3.7/site-packages (from scikit-image->alibi-detect==0.4.4->adserver==0.1.0) (2.9.0)
Requirement already satisfied: tifffile>=2019.7.26 in /opt/conda/lib/python3.7/site-packages (from scikit-image->alibi-detect==0.4.4->adserver==0.1.0) (2021.1.11)
Requirement already satisfied: PyWavelets>=1.1.1 in /opt/conda/lib/python3.7/site-packages (from scikit-image->alibi-detect==0.4.4->adserver==0.1.0) (1.1.1)
Requirement already satisfied: threadpoolctl>=2.0.0 in /opt/conda/lib/python3.7/site-packages (from scikit-learn->alibi-detect==0.4.4->adserver==0.1.0) (2.1.0)
Requirement already satisfied: Flask<2.0.0 in /opt/conda/lib/python3.7/site-packages (from seldon_core->adserver==0.1.0) (1.1.2)
Requirement already satisfied: jsonschema<4.0.0 in /opt/conda/lib/python3.7/site-packages (from seldon_core->adserver==0.1.0) (3.2.0)
Requirement already satisfied: Flask-cors<4.0.0 in /opt/conda/lib/python3.7/site-packages (from seldon_core->adserver==0.1.0) (3.0.10)
Requirement already satisfied: redis<4.0.0 in /opt/conda/lib/python3.7/site-packages (from seldon_core->adserver==0.1.0) (3.5.3)
Requirement already satisfied: Flask-OpenTracing<1.2.0,>=1.1.0 in /opt/conda/lib/python3.7/site-packages (from seldon_core->adserver==0.1.0) (1.1.0)
Requirement already satisfied: opentracing<2.5.0,>=2.2.0 in /opt/conda/lib/python3.7/site-packages (from seldon_core->adserver==0.1.0) (2.4.0)
Requirement already satisfied: jaeger-client<4.4.0,>=4.1.0 in /opt/conda/lib/python3.7/site-packages (from seldon_core->adserver==0.1.0) (4.3.0)
Requirement already satisfied: grpcio-opentracing<1.2.0,>=1.1.4 in /opt/conda/lib/python3.7/site-packages (from seldon_core->adserver==0.1.0) (1.1.4)
Requirement already satisfied: grpcio-reflection<1.35.0 in /opt/conda/lib/python3.7/site-packages (from seldon_core->adserver==0.1.0) (1.32.0)
Requirement already satisfied: gunicorn<20.1.0,>=19.9.0 in /opt/conda/lib/python3.7/site-packages (from seldon_core->adserver==0.1.0) (20.0.4)
Requirement already satisfied: prometheus_client<0.9.0,>=0.7.1 in /opt/conda/lib/python3.7/site-packages (from seldon_core->adserver==0.1.0) (0.8.0)
Requirement already satisfied: Jinja2>=2.10.1 in /opt/conda/lib/python3.7/site-packages (from Flask<2.0.0->seldon_core->adserver==0.1.0) (2.11.2)
Requirement already satisfied: itsdangerous>=0.24 in /opt/conda/lib/python3.7/site-packages (from Flask<2.0.0->seldon_core->adserver==0.1.0) (1.1.0)
Requirement already satisfied: thrift in /opt/conda/lib/python3.7/site-packages (from jaeger-client<4.4.0,>=4.1.0->seldon_core->adserver==0.1.0) (0.13.0)
Requirement already satisfied: threadloop<2,>=1 in /opt/conda/lib/python3.7/site-packages (from jaeger-client<4.4.0,>=4.1.0->seldon_core->adserver==0.1.0) (1.0.2)
Requirement already satisfied: MarkupSafe>=0.23 in /opt/conda/lib/python3.7/site-packages (from Jinja2>=2.10.1->Flask<2.0.0->seldon_core->adserver==0.1.0) (1.1.1)
Requirement already satisfied: attrs>=17.4.0 in /opt/conda/lib/python3.7/site-packages (from jsonschema<4.0.0->seldon_core->adserver==0.1.0) (20.3.0)
Requirement already satisfied: pyrsistent>=0.14.0 in /opt/conda/lib/python3.7/site-packages (from jsonschema<4.0.0->seldon_core->adserver==0.1.0) (0.17.3)
Installing collected packages: tokenizers, sentencepiece, google-cloud-core, transformers, google-cloud-storage, deprecation, argparse, elasticsearch, cloudevents, adserver
  Attempting uninstall: tokenizers
    Found existing installation: tokenizers 0.9.4
    Uninstalling tokenizers-0.9.4:
      Successfully uninstalled tokenizers-0.9.4
  Attempting uninstall: google-cloud-core
    Found existing installation: google-cloud-core 1.5.0
    Uninstalling google-cloud-core-1.5.0:
      Successfully uninstalled google-cloud-core-1.5.0
  Attempting uninstall: transformers
    Found existing installation: transformers 4.1.1
    Uninstalling transformers-4.1.1:
      Successfully uninstalled transformers-4.1.1
  Attempting uninstall: google-cloud-storage
    Found existing installation: google-cloud-storage 1.35.0
    Uninstalling google-cloud-storage-1.35.0:
      Successfully uninstalled google-cloud-storage-1.35.0
  Attempting uninstall: cloudevents
    Found existing installation: cloudevents 0.0.1.dev32
    Uninstalling cloudevents-0.0.1.dev32:
      Successfully uninstalled cloudevents-0.0.1.dev32
  Running setup.py develop for adserver
Successfully installed adserver argparse-1.4.0 cloudevents-1.2.0 deprecation-2.1.0 elasticsearch-7.9.1 google-cloud-core-1.4.1 google-cloud-storage-1.31.2 sentencepiece-0.1.91 tokenizers-0.9.3 transformers-3.5.1
Removing intermediate container de0db3f71fd4
 ---> 812aa96ce1f8
Step 10/14 : RUN pip install pip-licenses
 ---> Running in a56a28ded52c
Collecting pip-licenses
  Downloading pip_licenses-3.2.0-py3-none-any.whl (15 kB)
Collecting PTable
  Downloading PTable-0.9.2.tar.gz (31 kB)
Building wheels for collected packages: PTable
  Building wheel for PTable (setup.py): started
  Building wheel for PTable (setup.py): finished with status 'done'
  Created wheel for PTable: filename=PTable-0.9.2-py3-none-any.whl size=22907 sha256=03314e5a2055c2444d5d466b7b45e7d384213561b6a23c9282e41178903ac927
  Stored in directory: /root/.cache/pip/wheels/33/df/2f/674985b3f8a2de3f96357d1eadef5110f74fa91b3785e52a54
Successfully built PTable
Installing collected packages: PTable, pip-licenses
Successfully installed PTable-0.9.2 pip-licenses-3.2.0
Removing intermediate container a56a28ded52c
 ---> 5ed44d1c871b
Step 11/14 : RUN mkdir ./licenses && pip-licenses --from=mixed --format=csv --output-file=./licenses/license_info.csv &&     pip-licenses --from=mixed --format=plain-vertical --with-license-file --no-license-path --output-file=./licenses/license.txt
 ---> Running in beb4192910e8
created path: ./licenses/license_info.csv
created path: ./licenses/license.txt
Removing intermediate container beb4192910e8
 ---> 498f763105eb
Step 12/14 : RUN yum install -y mesa-libGL
 ---> Running in 1260ea57d8a5
Updating Subscription Management repositories.
Unable to read consumer identity

This system is not registered to Red Hat Subscription Management. You can use subscription-manager to register.

Last metadata expiration check: 18:24:30 ago on Mon Jan 11 19:49:39 2021.
Dependencies resolved.
================================================================================
 Package            Arch        Version              Repository            Size
================================================================================
Installing:
 mesa-libGL         x86_64      20.1.4-1.el8         ubi-8-appstream      189 k
Installing dependencies:
 hwdata             noarch      0.314-8.6.el8        ubi-8-baseos         1.6 M
 libX11             x86_64      1.6.8-3.el8          ubi-8-appstream      611 k
 libX11-common      noarch      1.6.8-3.el8          ubi-8-appstream      158 k
 libX11-xcb         x86_64      1.6.8-3.el8          ubi-8-appstream       14 k
 libXau             x86_64      1.0.9-3.el8          ubi-8-appstream       37 k
 libXdamage         x86_64      1.1.4-14.el8         ubi-8-appstream       27 k
 libXext            x86_64      1.3.4-1.el8          ubi-8-appstream       45 k
 libXfixes          x86_64      5.0.3-7.el8          ubi-8-appstream       25 k
 libXxf86vm         x86_64      1.1.4-9.el8          ubi-8-appstream       19 k
 libdrm             x86_64      2.4.101-1.el8        ubi-8-appstream      165 k
 libglvnd           x86_64      1:1.2.0-6.el8        ubi-8-appstream       98 k
 libglvnd-glx       x86_64      1:1.2.0-6.el8        ubi-8-appstream      136 k
 libpciaccess       x86_64      0.14-1.el8           ubi-8-baseos          32 k
 libxcb             x86_64      1.13.1-1.el8         ubi-8-appstream      229 k
 libxshmfence       x86_64      1.3-2.el8            ubi-8-appstream       13 k
 mesa-libglapi      x86_64      20.1.4-1.el8         ubi-8-appstream       64 k

Transaction Summary
================================================================================
Install  17 Packages

Total download size: 3.4 M
Installed size: 14 M
Downloading Packages:
(1/17): libXfixes-5.0.3-7.el8.x86_64.rpm        337 kB/s |  25 kB     00:00    
(2/17): libpciaccess-0.14-1.el8.x86_64.rpm      403 kB/s |  32 kB     00:00    
(3/17): libxshmfence-1.3-2.el8.x86_64.rpm       2.4 MB/s |  13 kB     00:00    
(4/17): libXxf86vm-1.1.4-9.el8.x86_64.rpm       3.1 MB/s |  19 kB     00:00    
(5/17): libXdamage-1.1.4-14.el8.x86_64.rpm      4.3 MB/s |  27 kB     00:00    
(6/17): libglvnd-1.2.0-6.el8.x86_64.rpm         9.2 MB/s |  98 kB     00:00    
(7/17): libX11-common-1.6.8-3.el8.noarch.rpm     12 MB/s | 158 kB     00:00    
(8/17): hwdata-0.314-8.6.el8.noarch.rpm          15 MB/s | 1.6 MB     00:00    
(9/17): libXext-1.3.4-1.el8.x86_64.rpm          3.7 MB/s |  45 kB     00:00    
(10/17): libX11-xcb-1.6.8-3.el8.x86_64.rpm      3.1 MB/s |  14 kB     00:00    
(11/17): mesa-libglapi-20.1.4-1.el8.x86_64.rpm  9.8 MB/s |  64 kB     00:00    
(12/17): libX11-1.6.8-3.el8.x86_64.rpm           30 MB/s | 611 kB     00:00    
(13/17): libdrm-2.4.101-1.el8.x86_64.rpm         19 MB/s | 165 kB     00:00    
(14/17): libXau-1.0.9-3.el8.x86_64.rpm          5.7 MB/s |  37 kB     00:00    
(15/17): mesa-libGL-20.1.4-1.el8.x86_64.rpm      23 MB/s | 189 kB     00:00    
(16/17): libglvnd-glx-1.2.0-6.el8.x86_64.rpm     18 MB/s | 136 kB     00:00    
(17/17): libxcb-1.13.1-1.el8.x86_64.rpm          20 MB/s | 229 kB     00:00    
--------------------------------------------------------------------------------
Total                                            24 MB/s | 3.4 MB     00:00     
Running transaction check
Transaction check succeeded.
Running transaction test
Transaction test succeeded.
Running transaction
  Preparing        :                                                        1/1 
  Installing       : libXau-1.0.9-3.el8.x86_64                             1/17 
  Installing       : libxcb-1.13.1-1.el8.x86_64                            2/17 
  Installing       : mesa-libglapi-20.1.4-1.el8.x86_64                     3/17 
  Running scriptlet: mesa-libglapi-20.1.4-1.el8.x86_64                     3/17 
  Installing       : libX11-xcb-1.6.8-3.el8.x86_64                         4/17 
  Installing       : libglvnd-1:1.2.0-6.el8.x86_64                         5/17 
  Installing       : libX11-common-1.6.8-3.el8.noarch                      6/17 
  Installing       : libX11-1.6.8-3.el8.x86_64                             7/17 
  Installing       : libXext-1.3.4-1.el8.x86_64                            8/17 
  Installing       : libXfixes-5.0.3-7.el8.x86_64                          9/17 
  Installing       : libXdamage-1.1.4-14.el8.x86_64                       10/17 
  Installing       : libXxf86vm-1.1.4-9.el8.x86_64                        11/17 
  Installing       : libxshmfence-1.3-2.el8.x86_64                        12/17 
  Installing       : hwdata-0.314-8.6.el8.noarch                          13/17 
  Installing       : libpciaccess-0.14-1.el8.x86_64                       14/17 
  Installing       : libdrm-2.4.101-1.el8.x86_64                          15/17 
  Installing       : libglvnd-glx-1:1.2.0-6.el8.x86_64                    16/17 
  Installing       : mesa-libGL-20.1.4-1.el8.x86_64                       17/17 
  Running scriptlet: mesa-libGL-20.1.4-1.el8.x86_64                       17/17 
  Verifying        : libpciaccess-0.14-1.el8.x86_64                        1/17 
  Verifying        : hwdata-0.314-8.6.el8.noarch                           2/17 
  Verifying        : libXfixes-5.0.3-7.el8.x86_64                          3/17 
  Verifying        : libxshmfence-1.3-2.el8.x86_64                         4/17 
  Verifying        : libXxf86vm-1.1.4-9.el8.x86_64                         5/17 
  Verifying        : libXdamage-1.1.4-14.el8.x86_64                        6/17 
  Verifying        : libX11-common-1.6.8-3.el8.noarch                      7/17 
  Verifying        : libglvnd-1:1.2.0-6.el8.x86_64                         8/17 
  Verifying        : libXext-1.3.4-1.el8.x86_64                            9/17 
  Verifying        : libX11-1.6.8-3.el8.x86_64                            10/17 
  Verifying        : libX11-xcb-1.6.8-3.el8.x86_64                        11/17 
  Verifying        : mesa-libglapi-20.1.4-1.el8.x86_64                    12/17 
  Verifying        : libdrm-2.4.101-1.el8.x86_64                          13/17 
  Verifying        : libXau-1.0.9-3.el8.x86_64                            14/17 
  Verifying        : mesa-libGL-20.1.4-1.el8.x86_64                       15/17 
  Verifying        : libglvnd-glx-1:1.2.0-6.el8.x86_64                    16/17 
  Verifying        : libxcb-1.13.1-1.el8.x86_64                           17/17 
Installed products updated.

Installed:
  hwdata-0.314-8.6.el8.noarch            libX11-1.6.8-3.el8.x86_64             
  libX11-common-1.6.8-3.el8.noarch       libX11-xcb-1.6.8-3.el8.x86_64         
  libXau-1.0.9-3.el8.x86_64              libXdamage-1.1.4-14.el8.x86_64        
  libXext-1.3.4-1.el8.x86_64             libXfixes-5.0.3-7.el8.x86_64          
  libXxf86vm-1.1.4-9.el8.x86_64          libdrm-2.4.101-1.el8.x86_64           
  libglvnd-1:1.2.0-6.el8.x86_64          libglvnd-glx-1:1.2.0-6.el8.x86_64     
  libpciaccess-0.14-1.el8.x86_64         libxcb-1.13.1-1.el8.x86_64            
  libxshmfence-1.3-2.el8.x86_64          mesa-libGL-20.1.4-1.el8.x86_64        
  mesa-libglapi-20.1.4-1.el8.x86_64     

Complete!
Removing intermediate container 1260ea57d8a5
 ---> b086cb54f5d8
Step 13/14 : RUN mv ./licenses /licenses
 ---> Running in c82652029cec
Removing intermediate container c82652029cec
 ---> 0aa9309fb218
Step 14/14 : ENTRYPOINT ["python", "-m", "adserver"]
 ---> Running in 53a7a27ac39d
Removing intermediate container 53a7a27ac39d
 ---> 9e092ec57bf7
Successfully built 9e092ec57bf7
Successfully tagged seldonio/alibi-detect-server:1.6.0-dev
kind load docker-image seldonio/alibi-detect-server:1.6.0-dev
Image: "seldonio/alibi-detect-server:1.6.0-dev" with ID "sha256:9e092ec57bf7d58a6130698262c6ff5b207209849c05e1a120b115a01d00add6" not present on node "kind-control-plane"
Image: "seldonio/alibi-detect-server:1.6.0-dev" with ID "sha256:9e092ec57bf7d58a6130698262c6ff5b207209849c05e1a120b115a01d00add6" not present on node "kind-worker"
make[1]: Leaving directory '/workspace/source/components/alibi-detect-server'
Files changed in misc folders:
SKIPPING MISC IMAGE BUILD...
kubectl create namespace seldon || echo "Namespace seldon already exists"
namespace/seldon created
kubectl create namespace test1 || echo "Namespace test1 already exists"
namespace/test1 created
helm repo add seldonio https://storage.googleapis.com/seldon-charts
"seldonio" has been added to your repositories
helm repo add jaegertracing https://jaegertracing.github.io/helm-charts
"jaegertracing" has been added to your repositories
helm repo add datawire https://www.getambassador.io
"datawire" has been added to your repositories
helm repo update
Hang tight while we grab the latest from your chart repositories...
...Successfully got an update from the "jaegertracing" chart repository
...Successfully got an update from the "seldonio" chart repository
...Successfully got an update from the "datawire" chart repository
Update Complete. âŽˆ Happy Helming!âŽˆ 
helm upgrade ambassador \
	datawire/ambassador \
	-f ../resources/ambassador_values.yaml \
	--set image.repository=quay.io/datawire/ambassador \
	--set crds.keep=false \
	--set enableAES=false \
	--namespace seldon \
	--set replicaCount=1 \
	--wait --install
Release "ambassador" does not exist. Installing it now.
manifest_sorter.go:192: info: skipping unknown hook: "crd-install"
manifest_sorter.go:192: info: skipping unknown hook: "crd-install"
manifest_sorter.go:192: info: skipping unknown hook: "crd-install"
manifest_sorter.go:192: info: skipping unknown hook: "crd-install"
manifest_sorter.go:192: info: skipping unknown hook: "crd-install"
manifest_sorter.go:192: info: skipping unknown hook: "crd-install"
manifest_sorter.go:192: info: skipping unknown hook: "crd-install"
manifest_sorter.go:192: info: skipping unknown hook: "crd-install"
manifest_sorter.go:192: info: skipping unknown hook: "crd-install"
manifest_sorter.go:192: info: skipping unknown hook: "crd-install"
manifest_sorter.go:192: info: skipping unknown hook: "crd-install"
manifest_sorter.go:192: info: skipping unknown hook: "crd-install"
manifest_sorter.go:192: info: skipping unknown hook: "crd-install"
manifest_sorter.go:192: info: skipping unknown hook: "crd-install"
manifest_sorter.go:192: info: skipping unknown hook: "crd-install"
manifest_sorter.go:192: info: skipping unknown hook: "crd-install"
manifest_sorter.go:192: info: skipping unknown hook: "crd-install"
manifest_sorter.go:192: info: skipping unknown hook: "crd-install"
manifest_sorter.go:192: info: skipping unknown hook: "crd-install"
NAME: ambassador
LAST DEPLOYED: Tue Jan 12 14:18:46 2021
NAMESPACE: seldon
STATUS: deployed
REVISION: 1
NOTES:
-------------------------------------------------------------------------------
  Congratulations! You've successfully installed Ambassador!

-------------------------------------------------------------------------------
To get the IP address of Ambassador, run the following commands:
  export NODE_PORT=$(kubectl get --namespace seldon -o jsonpath="{.spec.ports[0].nodePort}" services ambassador)
  export NODE_IP=$(kubectl get nodes --namespace seldon -o jsonpath="{.items[0].status.addresses[0].address}")
  echo http://$NODE_IP:$NODE_PORT

For help, visit our Slack at https://d6e.co/slack or view the documentation online at https://www.getambassador.io.
curl -L https://istio.io/downloadIstio | ISTIO_VERSION=1.6.8 TARGET_ARCH=x86_64 sh -
  % Total    % Received % Xferd  Average Speed   Time    Time     Time  Current
                                 Dload  Upload   Total   Spent    Left  Speed
  0     0    0     0    0     0      0      0 --:--:-- --:--:-- --:--:--     0100   102  100   102    0     0    244      0 --:--:-- --:--:-- --:--:--   245
100  4579  100  4579    0     0  10430      0 --:--:-- --:--:-- --:--:-- 10430

Downloading istio-1.6.8 from https://github.com/istio/istio/releases/download/1.6.8/istio-1.6.8-linux-amd64.tar.gz ...

Istio 1.6.8 Download Complete!

Istio has been successfully downloaded into the istio-1.6.8 folder on your system.

Next Steps:
See https://istio.io/latest/docs/setup/install/ to add Istio to your Kubernetes cluster.

To configure the istioctl client tool for your workstation,
add the /workspace/source/testing/scripts/istio-1.6.8/bin directory to your environment path variable with:
	 export PATH="$PATH:/workspace/source/testing/scripts/istio-1.6.8/bin"

Begin the Istio pre-installation check by running:
	 istioctl x precheck 

Need more information? Visit https://istio.io/latest/docs/setup/install/ 
istio-1.6.8/bin/istioctl install --set profile=demo
Detected that your cluster does not support third party JWT authentication. Falling back to less secure first party JWT. See https://istio.io/docs/ops/best-practices/security/#configure-third-party-service-account-tokens for details.

- Processing resources for Istio core.
- Processing resources for Istio core.
- Processing resources for Istio core.
- Processing resources for Istio core.
- Processing resources for Istio core.
- Processing resources for Istio core.
- Processing resources for Istio core.
- Processing resources for Istio core.
- Processing resources for Istio core.
- Processing resources for Istio core.
- Processing resources for Istio core.
- Processing resources for Istio core.
- Processing resources for Istio core.
- Processing resources for Istio core.
- Processing resources for Istio core.
- Processing resources for Istio core.
- Processing resources for Istio core.
- Processing resources for Istio core.
- Processing resources for Istio core.
- Processing resources for Istio core.
- Processing resources for Istio core.
- Processing resources for Istio core.
- Processing resources for Istio core.
- Processing resources for Istio core.
- Processing resources for Istio core.
- Processing resources for Istio core.
- Processing resources for Istio core.
- Processing resources for Istio core.
- Processing resources for Istio core.
- Processing resources for Istio core.
- Processing resources for Istio core.
- Processing resources for Istio core.
âœ” Istio core installed
- Processing resources for Istiod.
- Processing resources for Istiod.
- Processing resources for Istiod.
- Processing resources for Istiod.
- Processing resources for Istiod.
- Processing resources for Istiod.
- Processing resources for Istiod.
- Processing resources for Istiod.
- Processing resources for Istiod.
- Processing resources for Istiod.
- Processing resources for Istiod.
- Processing resources for Istiod.
- Processing resources for Istiod.
- Processing resources for Istiod.
- Processing resources for Istiod.
- Processing resources for Istiod.
- Processing resources for Istiod. Waiting for Deployment/istio-system/istiod
- Processing resources for Istiod. Waiting for Deployment/istio-system/istiod
- Processing resources for Istiod. Waiting for Deployment/istio-system/istiod
- Processing resources for Istiod. Waiting for Deployment/istio-system/istiod
- Processing resources for Istiod. Waiting for Deployment/istio-system/istiod
- Processing resources for Istiod. Waiting for Deployment/istio-system/istiod
- Processing resources for Istiod. Waiting for Deployment/istio-system/istiod
- Processing resources for Istiod. Waiting for Deployment/istio-system/istiod
âœ” Istiod installed
- Processing resources for Egress gateways, Ingress gateways.
- Processing resources for Egress gateways, Ingress gateways.
- Processing resources for Egress gateways, Ingress gateways.
- Processing resources for Egress gateways, Ingress gateways.
- Processing resources for Egress gateways, Ingress gateways.
- Processing resources for Egress gateways, Ingress gateways.
- Processing resources for Egress gateways, Ingress gateways.
- Processing resources for Egress gateways, Ingress gateways.
- Processing resources for Egress gateways, Ingress gateways.
- Processing resources for Egress gateways, Ingress gateways. Waiting for Deployment/istio-system...
- Processing resources for Egress gateways, Ingress gateways. Waiting for Deployment/istio-system...
- Processing resources for Egress gateways, Ingress gateways. Waiting for Deployment/istio-system...
- Processing resources for Addons, Egress gateways, Ingress gateways. Waiting for Deployment/isti...
- Processing resources for Addons, Egress gateways, Ingress gateways. Waiting for Deployment/isti...
- Processing resources for Addons, Egress gateways, Ingress gateways. Waiting for Deployment/isti...
- Processing resources for Addons, Egress gateways, Ingress gateways. Waiting for Deployment/isti...
- Processing resources for Addons, Egress gateways, Ingress gateways. Waiting for Deployment/isti...
- Processing resources for Addons, Egress gateways, Ingress gateways. Waiting for Deployment/isti...
- Processing resources for Addons, Egress gateways, Ingress gateways. Waiting for Deployment/isti...
- Processing resources for Addons, Egress gateways, Ingress gateways. Waiting for Deployment/isti...
- Processing resources for Addons, Egress gateways, Ingress gateways. Waiting for Deployment/isti...
- Processing resources for Addons, Egress gateways, Ingress gateways. Waiting for Deployment/isti...
- Processing resources for Addons, Egress gateways, Ingress gateways. Waiting for Deployment/isti...
- Processing resources for Addons, Egress gateways, Ingress gateways. Waiting for Deployment/isti...
- Processing resources for Addons, Egress gateways, Ingress gateways. Waiting for Deployment/isti...
- Processing resources for Addons, Egress gateways, Ingress gateways. Waiting for Deployment/isti...
- Processing resources for Addons, Egress gateways, Ingress gateways. Waiting for Deployment/isti...
- Processing resources for Addons, Egress gateways, Ingress gateways. Waiting for Deployment/isti...
- Processing resources for Addons, Egress gateways, Ingress gateways. Waiting for Deployment/isti...
- Processing resources for Addons, Egress gateways, Ingress gateways. Waiting for Deployment/isti...
- Processing resources for Addons, Egress gateways, Ingress gateways. Waiting for Deployment/isti...
- Processing resources for Addons, Egress gateways, Ingress gateways. Waiting for Deployment/isti...
- Processing resources for Addons, Egress gateways, Ingress gateways. Waiting for Deployment/isti...
- Processing resources for Addons, Egress gateways, Ingress gateways. Waiting for Deployment/isti...
- Processing resources for Addons, Egress gateways, Ingress gateways. Waiting for Deployment/isti...
- Processing resources for Addons, Egress gateways, Ingress gateways. Waiting for Deployment/isti...
- Processing resources for Addons, Egress gateways, Ingress gateways. Waiting for Deployment/isti...
- Processing resources for Addons, Egress gateways, Ingress gateways. Waiting for Deployment/isti...
- Processing resources for Addons, Egress gateways, Ingress gateways. Waiting for Deployment/isti...
- Processing resources for Addons, Egress gateways, Ingress gateways. Waiting for Deployment/isti...
- Processing resources for Addons, Egress gateways, Ingress gateways. Waiting for Deployment/isti...
- Processing resources for Addons, Egress gateways, Ingress gateways. Waiting for Deployment/isti...
- Processing resources for Addons, Egress gateways, Ingress gateways. Waiting for Deployment/isti...
- Processing resources for Addons, Egress gateways, Ingress gateways. Waiting for Deployment/isti...
- Processing resources for Addons, Egress gateways, Ingress gateways. Waiting for Deployment/isti...
- Processing resources for Addons, Egress gateways, Ingress gateways. Waiting for Deployment/isti...
- Processing resources for Addons, Egress gateways, Ingress gateways. Waiting for Deployment/isti...
- Processing resources for Addons, Egress gateways, Ingress gateways. Waiting for Deployment/isti...
- Processing resources for Addons, Egress gateways, Ingress gateways. Waiting for Deployment/isti...
- Processing resources for Addons, Egress gateways, Ingress gateways. Waiting for Deployment/isti...
- Processing resources for Addons, Egress gateways, Ingress gateways. Waiting for Deployment/isti...
- Processing resources for Addons, Egress gateways, Ingress gateways. Waiting for Deployment/isti...
- Processing resources for Addons, Egress gateways, Ingress gateways. Waiting for Deployment/isti...
- Processing resources for Addons, Egress gateways, Ingress gateways. Waiting for Deployment/isti...
- Processing resources for Addons, Egress gateways, Ingress gateways. Waiting for Deployment/isti...
- Processing resources for Addons, Egress gateways, Ingress gateways. Waiting for Deployment/isti...
âœ” Egress gateways installed
âœ” Ingress gateways installed
- Processing resources for Addons. Waiting for Deployment/istio-system/grafana, Deployment/istio-...
- Processing resources for Addons. Waiting for Deployment/istio-system/grafana, Deployment/istio-...
- Processing resources for Addons. Waiting for Deployment/istio-system/grafana, Deployment/istio-...
- Processing resources for Addons. Waiting for Deployment/istio-system/grafana, Deployment/istio-...
- Processing resources for Addons. Waiting for Deployment/istio-system/grafana, Deployment/istio-...
- Processing resources for Addons. Waiting for Deployment/istio-system/grafana, Deployment/istio-...
- Processing resources for Addons. Waiting for Deployment/istio-system/istio-tracing, Deployment/...
- Processing resources for Addons. Waiting for Deployment/istio-system/istio-tracing, Deployment/...
- Processing resources for Addons. Waiting for Deployment/istio-system/istio-tracing, Deployment/...
- Processing resources for Addons. Waiting for Deployment/istio-system/kiali, Deployment/istio-sy...
- Processing resources for Addons. Waiting for Deployment/istio-system/kiali, Deployment/istio-sy...
- Processing resources for Addons. Waiting for Deployment/istio-system/kiali, Deployment/istio-sy...
- Processing resources for Addons. Waiting for Deployment/istio-system/kiali, Deployment/istio-sy...
- Processing resources for Addons. Waiting for Deployment/istio-system/kiali, Deployment/istio-sy...
- Processing resources for Addons. Waiting for Deployment/istio-system/kiali, Deployment/istio-sy...
- Processing resources for Addons. Waiting for Deployment/istio-system/kiali, Deployment/istio-sy...
- Processing resources for Addons. Waiting for Deployment/istio-system/kiali, Deployment/istio-sy...
- Processing resources for Addons. Waiting for Deployment/istio-system/kiali
âœ” Addons installed
- Pruning removed resources
kubectl patch svc istio-ingressgateway -n istio-system --patch "$(cat ../resources/istio-ingressgateway-patch.yaml)"
service/istio-ingressgateway patched
kubectl create -f ../resources/seldon-gateway.yaml -n istio-system
gateway.networking.istio.io/seldon-gateway created
kubectl apply -f https://github.com/kedacore/keda/releases/download/v2.0.0/keda-2.0.0.yaml
namespace/keda created
customresourcedefinition.apiextensions.k8s.io/scaledjobs.keda.sh created
customresourcedefinition.apiextensions.k8s.io/scaledobjects.keda.sh created
customresourcedefinition.apiextensions.k8s.io/triggerauthentications.keda.sh created
serviceaccount/keda-operator created
clusterrole.rbac.authorization.k8s.io/keda-external-metrics-reader created
clusterrole.rbac.authorization.k8s.io/keda-operator created
rolebinding.rbac.authorization.k8s.io/keda-auth-reader created
clusterrolebinding.rbac.authorization.k8s.io/keda-hpa-controller-external-metrics created
clusterrolebinding.rbac.authorization.k8s.io/keda-operator created
clusterrolebinding.rbac.authorization.k8s.io/keda:system:auth-delegator created
service/keda-metrics-apiserver created
deployment.apps/keda-metrics-apiserver created
deployment.apps/keda-operator created
apiservice.apiregistration.k8s.io/v1beta1.external.metrics.k8s.io created
helm upgrade jaeger-operator \
	jaegertracing/jaeger-operator \
	--set rbac.clusterRole=true \
	--namespace seldon \
	--wait --install
Release "jaeger-operator" does not exist. Installing it now.
âœ” Installation completemanifest_sorter.go:192: info: skipping unknown hook: "crd-install"
NAME: jaeger-operator
LAST DEPLOYED: Tue Jan 12 14:20:51 2021
NAMESPACE: seldon
STATUS: deployed
REVISION: 1
TEST SUITE: None
NOTES:
jaeger-operator is installed.


Check the jaeger-operator logs
  export POD=$(kubectl get pods -l app.kubernetes.io/instance=jaeger-operator -lapp.kubernetes.io/name=jaeger-operator --namespace seldon --output name)
  kubectl logs $POD --namespace=seldon
kubectl apply -f ../resources/jaeger.yaml --namespace seldon
jaeger.jaegertracing.io/jaeger created
mapping.getambassador.io/jaeger created
kubectl create namespace seldon-system || echo "namespace seldon-system exists"
namespace/seldon-system created
helm delete seldon --namespace seldon-system || echo "seldon-core not installed"
Error: uninstall: Release not loaded: seldon: release: not found
seldon-core not installed
helm upgrade seldon \
	../../helm-charts/seldon-core-operator \
	--namespace seldon-system \
	--set istio.enabled=true \
	--set keda.enabled=true \
	--set istio.gateway=istio-system/seldon-gateway \
	--set certManager.enabled=false \
	--set executor.enabled="true" \
	--wait --install
Release "seldon" does not exist. Installing it now.
NAME: seldon
LAST DEPLOYED: Tue Jan 12 14:21:10 2021
NAMESPACE: seldon-system
STATUS: deployed
REVISION: 1
TEST SUITE: None
kubectl config set-context $(kubectl config current-context) --namespace=seldon
Context "kind-kind" modified.
kubectl apply -f metrics.yaml
clusterrole.rbac.authorization.k8s.io/system:aggregated-metrics-reader created
clusterrolebinding.rbac.authorization.k8s.io/metrics-server:system:auth-delegator created
rolebinding.rbac.authorization.k8s.io/metrics-server-auth-reader created
apiservice.apiregistration.k8s.io/v1beta1.metrics.k8s.io created
serviceaccount/metrics-server created
deployment.apps/metrics-server created
service/metrics-server created
clusterrole.rbac.authorization.k8s.io/system:metrics-server created
clusterrolebinding.rbac.authorization.k8s.io/system:metrics-server created
make: Entering directory '/workspace/source/python'
pip install -e . -r requirements-dev.txt
Obtaining file:///workspace/source/python
Collecting black==20.8b1
  Downloading black-20.8b1.tar.gz (1.1 MB)
  Installing build dependencies: started
  Installing build dependencies: finished with status 'done'
  Getting requirements to build wheel: started
  Getting requirements to build wheel: finished with status 'done'
    Preparing wheel metadata: started
    Preparing wheel metadata: finished with status 'done'
Collecting flake8==3.8.1
  Downloading flake8-3.8.1-py2.py3-none-any.whl (72 kB)
Collecting mypy<0.791
  Downloading mypy-0.790-cp36-cp36m-manylinux1_x86_64.whl (21.0 MB)
Collecting Pillow==8.1.0
  Downloading Pillow-8.1.0-cp36-cp36m-manylinux1_x86_64.whl (2.2 MB)
Collecting pytest==6.2.1
  Downloading pytest-6.2.1-py3-none-any.whl (279 kB)
Collecting pytest-cov==2.10.1
  Downloading pytest_cov-2.10.1-py2.py3-none-any.whl (19 kB)
Collecting tox<4.0.0
  Downloading tox-3.21.0-py2.py3-none-any.whl (84 kB)
Collecting grpcio-tools==1.33.2
  Downloading grpcio_tools-1.33.2-cp36-cp36m-manylinux2014_x86_64.whl (2.5 MB)
Collecting mypy-protobuf==1.22
  Downloading mypy_protobuf-1.22-py3-none-any.whl (7.5 kB)
Collecting tenacity==6.3.1
  Downloading tenacity-6.3.1-py2.py3-none-any.whl (36 kB)
Collecting coverage==5.3.1
  Downloading coverage-5.3.1-cp36-cp36m-manylinux2010_x86_64.whl (241 kB)
ERROR: Could not find a version that satisfies the requirement pandas==1.2.0 (from -r requirements-dev.txt (line 19)) (from versions: 0.1, 0.2b0, 0.2b1, 0.2, 0.3.0b0, 0.3.0b2, 0.3.0, 0.4.0, 0.4.1, 0.4.2, 0.4.3, 0.5.0, 0.6.0, 0.6.1, 0.7.0rc1, 0.7.0, 0.7.1, 0.7.2, 0.7.3, 0.8.0rc1, 0.8.0rc2, 0.8.0, 0.8.1, 0.9.0, 0.9.1, 0.10.0, 0.10.1, 0.11.0, 0.12.0, 0.13.0, 0.13.1, 0.14.0, 0.14.1, 0.15.0, 0.15.1, 0.15.2, 0.16.0, 0.16.1, 0.16.2, 0.17.0, 0.17.1, 0.18.0, 0.18.1, 0.19.0rc1, 0.19.0, 0.19.1, 0.19.2, 0.20.0rc1, 0.20.0, 0.20.1, 0.20.2, 0.20.3, 0.21.0rc1, 0.21.0, 0.21.1, 0.22.0, 0.23.0rc2, 0.23.0, 0.23.1, 0.23.2, 0.23.3, 0.23.4, 0.24.0rc1, 0.24.0, 0.24.1, 0.24.2, 0.25.0rc0, 0.25.0, 0.25.1, 0.25.2, 0.25.3, 1.0.0rc0, 1.0.0, 1.0.1, 1.0.2, 1.0.3, 1.0.4, 1.0.5, 1.1.0rc0, 1.1.0, 1.1.1, 1.1.2, 1.1.3, 1.1.4, 1.1.5)
ERROR: No matching distribution found for pandas==1.2.0 (from -r requirements-dev.txt (line 19))
WARNING: You are using pip version 20.2.3; however, version 20.3.3 is available.
You should consider upgrading via the '/usr/local/bin/python -m pip install --upgrade pip' command.
make: *** [Makefile:54: install_dev] Error 1
make: Leaving directory '/workspace/source/python'
Dependency installation returned errors
kind delete cluster
Deleting cluster "kind" ...
Stopping Docker: dockerProgram process in pidfile '/var/run/docker-ssd.pid', 1 process(es), refused to die.
[31m
Pipeline failed on stage 'end-to-end' : container 'step-test-end-to-end'. The execution of the pipeline has stopped.[0m
