
Showing logs for build [32mseldonio-seldon-core-pr-2241-no-l6629-31[0m stage [32mpr-build-comment[0m and container [32mstep-credential-initializer-v986n[0m
{"level":"info","ts":1598368104.3845236,"logger":"fallback-logger","caller":"logging/config.go:69","msg":"Fetch GitHub commit ID from kodata failed: open /var/run/ko/refs/heads/0.8.0-ns-support: no such file or directory"}
{"level":"info","ts":1598368104.3849256,"logger":"fallback-logger","caller":"creds-init/main.go:40","msg":"Credentials initialized."}

Showing logs for build [32mseldonio-seldon-core-pr-2241-no-l6629-31[0m stage [32mpr-build-comment[0m and container [32mstep-working-dir-initializer-m24vm[0m
{"level":"info","ts":1598368105.7843559,"logger":"fallback-logger","caller":"logging/config.go:69","msg":"Fetch GitHub commit ID from kodata failed: open /var/run/ko/HEAD: no such file or directory"}
{"level":"info","ts":1598368105.7867095,"logger":"fallback-logger","caller":"bash/main.go:64","msg":"Successfully executed command \"sh -c mkdir -p /workspace/source\"; output "}

Showing logs for build [32mseldonio-seldon-core-pr-2241-no-l6629-31[0m stage [32mpr-build-comment[0m and container [32mstep-place-tools[0m

Showing logs for build [32mseldonio-seldon-core-pr-2241-no-l6629-31[0m stage [32mpr-build-comment[0m and container [32mstep-create-dir-workspace-6vr5m[0m
{"level":"info","ts":1598368110.9781125,"logger":"fallback-logger","caller":"logging/config.go:69","msg":"Fetch GitHub commit ID from kodata failed: open /var/run/ko/HEAD: no such file or directory"}
{"level":"info","ts":1598368110.979597,"logger":"fallback-logger","caller":"bash/main.go:64","msg":"Successfully executed command \"sh -c mkdir -p source\"; output "}

Showing logs for build [32mseldonio-seldon-core-pr-2241-no-l6629-31[0m stage [32mpr-build-comment[0m and container [32mstep-git-source-seldonio-seldon-core-pr-2241-no-l6629-vbhm7[0m
{"level":"info","ts":1598368111.253633,"logger":"fallback-logger","caller":"logging/config.go:69","msg":"Fetch GitHub commit ID from kodata failed: open /var/run/ko/refs/heads/0.8.0-ns-support: no such file or directory"}
{"level":"info","ts":1598368116.419286,"logger":"fallback-logger","caller":"git/git.go:103","msg":"Successfully cloned https://github.com/SeldonIO/seldon-core.git @ master in path /workspace/source"}

Showing logs for build [32mseldonio-seldon-core-pr-2241-no-l6629-31[0m stage [32mpr-build-comment[0m and container [32mstep-setup-builder-home[0m

Showing logs for build [32mseldonio-seldon-core-pr-2241-no-l6629-31[0m stage [32mpr-build-comment[0m and container [32mstep-git-merge[0m
Using SHAs from PULL_REFS=master:a95678475bae2ded6c846265d0b57c26a86cb83e,2241:9e935f40bfe3b7a0f8cdc666f9ad692e83414404
DEBUG: LC_ALL=C JX_LOG_LEVEL=error git fetch origin --unshallow 9e935f40bfe3b7a0f8cdc666f9ad692e83414404: a95678475bae2ded6c846265d0b57c26a86cb83e:
DEBUG: ran git fetch --unshallow origin 9e935f40bfe3b7a0f8cdc666f9ad692e83414404: a95678475bae2ded6c846265d0b57c26a86cb83e: in 
DEBUG: LC_ALL=C JX_LOG_LEVEL=error git branch
DEBUG: LC_ALL=C JX_LOG_LEVEL=error git checkout master
DEBUG: ran git checkout master in 
DEBUG: LC_ALL=C JX_LOG_LEVEL=error git reset --hard a95678475bae2ded6c846265d0b57c26a86cb83e
DEBUG: ran git reset --hard a95678475bae2ded6c846265d0b57c26a86cb83e in 
DEBUG: LC_ALL=C JX_LOG_LEVEL=error git clean -fd .
DEBUG: ran clean --force -d . in 
DEBUG: LC_ALL=C JX_LOG_LEVEL=error git merge 9e935f40bfe3b7a0f8cdc666f9ad692e83414404
DEBUG: ran git merge 9e935f40bfe3b7a0f8cdc666f9ad692e83414404 in 
DEBUG: LC_ALL=C JX_LOG_LEVEL=error git log --format=%H%x1f%an%x1f%ae%x1f%cn%x1f%ce%x1f%s%n%b%x1e a95678475bae2ded6c846265d0b57c26a86cb83e..HEAD
Merged SHA 0fbc60420eba85169341498426a3372f69523268 with commit message 'Merge commit '9e935f40bfe3b7a0f8cdc666f9ad692e83414404'' into base branch master
Merged SHA 9e935f40bfe3b7a0f8cdc666f9ad692e83414404 with commit message 'remove storage additions for sklearn server' into base branch master
Merged SHA 80d598470144b61a37f2a656e692ee8dbe4a7056 with commit message 'Use centralized protos and rebuild' into base branch master
Merged SHA c482cf9e368ae0c787f866ae4f949d9d9d7934dd with commit message 'updates from review and cleanup notebook' into base branch master
Merged SHA 9e80fa2878854f2fe9ac13a3f26a88618f0ec9e9 with commit message 'Merge branch 'master' into 2160_alibi_update' into base branch master
Merged SHA 23b573b686907ab8e5fef1b14eb419d0773cedfc with commit message 'Merge branch 'master' into 2160_alibi_update' into base branch master
Merged SHA 24e76a53ec6000707f1a9841d51faf6cea5d22b8 with commit message 'add missing gitignore' into base branch master
Merged SHA a19ae9a49cee6e3406b2269d17cc0b6f9725b213 with commit message 'examples and test' into base branch master
Merged SHA f4e60570ff527a162e8fb60ce32866e695941eea with commit message 'add kernel shap and test in seldon notebook' into base branch master
Merged SHA cdae64c6acf3866cc992db9ad0b90a849e60601f with commit message 'add integrated gradients' into base branch master
Merged SHA d4c30c1b59b1de2c49dafcc64494edd097eaa48b with commit message 'Add KernelShap and upgrade sklearn server to use 0.23.2 needed for Alibi' into base branch master
Merged SHA e14509bd56f4773c172c436f892e59ad2f7c65a5 with commit message 'Update to Alibi 0.5.2' into base branch master
Merged SHA 79fd324c9fc9234382832d860a5d1d1c072cdd55 with commit message 'Update docker image and tests' into base branch master
Merged SHA d4f8c80412656bd9a226ca04566dc774f4a1d754 with commit message 'initial update to remove kfserving dependency' into base branch master

Showing logs for build [32mseldonio-seldon-core-pr-2241-no-l6629-31[0m stage [32mpr-build-comment[0m and container [32mstep-step2[0m
+++ dirname ./add-pr-build-comment
++ cd .
++ pwd
+ STARTUP_DIR=/workspace/source/ci
+ REPO_OWNER=SeldonIO
+ REPO_NAME=seldon-core
+ PULL_NUMBER=2241
+ BUILD_NUMBER=31
+ PIPELINE_CONTEXT=notebooks
++ cat
+++ date
+ COMMENT_MSG='Tue Aug 25 15:08:45 UTC 2020
The logs for [notebooks] [31] will show after the pipeline context has finished.  
https://github.com/SeldonIO/seldon-core/blob/gh-pages/jenkins-x/logs/SeldonIO/seldon-core/PR-2241/31.log

impatient try  
** get build logs SeldonIO/seldon-core/PR-2241 --build=31'
+ ** step pr comment --owner=SeldonIO --repository=seldon-core --pull-request=2241 '--comment=Tue Aug 25 15:08:45 UTC 2020
The logs for [notebooks] [31] will show after the pipeline context has finished.  
https://github.com/SeldonIO/seldon-core/blob/gh-pages/jenkins-x/logs/SeldonIO/seldon-core/PR-2241/31.log

impatient try  
** get build logs SeldonIO/seldon-core/PR-2241 --build=31'

Showing logs for build [32mseldonio-seldon-core-pr-2241-no-l6629-31[0m stage [32mpr-build-comment[0m and container [32mstep-source-mkdir-seldonio-seldon-core-pr-2241-no-l6629-ps9dw[0m
{"level":"info","ts":1598368127.3796277,"logger":"fallback-logger","caller":"logging/config.go:69","msg":"Fetch GitHub commit ID from kodata failed: open /var/run/ko/HEAD: no such file or directory"}
{"level":"info","ts":1598368127.3841057,"logger":"fallback-logger","caller":"bash/main.go:64","msg":"Successfully executed command \"sh -c mkdir -p /pvc/pr-build-comment/workspace\"; output "}

Showing logs for build [32mseldonio-seldon-core-pr-2241-no-l6629-31[0m stage [32mpr-build-comment[0m and container [32mstep-source-copy-seldonio-seldon-core-pr-2241-no-l6629-mjsql[0m
{"level":"info","ts":1598368127.6365423,"logger":"fallback-logger","caller":"logging/config.go:69","msg":"Fetch GitHub commit ID from kodata failed: open /var/run/ko/HEAD: no such file or directory"}
{"level":"info","ts":1598368128.0278265,"logger":"fallback-logger","caller":"bash/main.go:64","msg":"Successfully executed command \"sh -c cp -r source/. /pvc/pr-build-comment/workspace\"; output "}

Showing logs for build [32mseldonio-seldon-core-pr-2241-no-l6629-31[0m stage [32mend-to-end[0m and container [32mstep-credential-initializer-hzrkx[0m
{"level":"info","ts":1598368130.8564985,"logger":"fallback-logger","caller":"logging/config.go:69","msg":"Fetch GitHub commit ID from kodata failed: open /var/run/ko/refs/heads/0.8.0-ns-support: no such file or directory"}
{"level":"info","ts":1598368130.8569298,"logger":"fallback-logger","caller":"creds-init/main.go:40","msg":"Credentials initialized."}

Showing logs for build [32mseldonio-seldon-core-pr-2241-no-l6629-31[0m stage [32mend-to-end[0m and container [32mstep-working-dir-initializer-4hw5l[0m
{"level":"info","ts":1598368131.2543337,"logger":"fallback-logger","caller":"logging/config.go:69","msg":"Fetch GitHub commit ID from kodata failed: open /var/run/ko/HEAD: no such file or directory"}
{"level":"info","ts":1598368131.2582045,"logger":"fallback-logger","caller":"bash/main.go:64","msg":"Successfully executed command \"sh -c mkdir -p /workspace/source\"; output "}

Showing logs for build [32mseldonio-seldon-core-pr-2241-no-l6629-31[0m stage [32mend-to-end[0m and container [32mstep-place-tools[0m

Showing logs for build [32mseldonio-seldon-core-pr-2241-no-l6629-31[0m stage [32mend-to-end[0m and container [32mstep-create-dir-workspace-8jhmh[0m
{"level":"info","ts":1598368138.6053677,"logger":"fallback-logger","caller":"logging/config.go:69","msg":"Fetch GitHub commit ID from kodata failed: open /var/run/ko/HEAD: no such file or directory"}
{"level":"info","ts":1598368138.6074872,"logger":"fallback-logger","caller":"bash/main.go:64","msg":"Successfully executed command \"sh -c mkdir -p /workspace/source\"; output "}

Showing logs for build [32mseldonio-seldon-core-pr-2241-no-l6629-31[0m stage [32mend-to-end[0m and container [32mstep-source-copy-workspace-qckpc[0m
{"level":"info","ts":1598368138.9441922,"logger":"fallback-logger","caller":"logging/config.go:69","msg":"Fetch GitHub commit ID from kodata failed: open /var/run/ko/HEAD: no such file or directory"}
{"level":"info","ts":1598368139.3580985,"logger":"fallback-logger","caller":"bash/main.go:64","msg":"Successfully executed command \"sh -c cp -r /pvc/pr-build-comment/workspace/. /workspace/source\"; output "}

Showing logs for build [32mseldonio-seldon-core-pr-2241-no-l6629-31[0m stage [32mend-to-end[0m and container [32mstep-setup-builder-home[0m

Showing logs for build [32mseldonio-seldon-core-pr-2241-no-l6629-31[0m stage [32mend-to-end[0m and container [32mstep-test-end-to-end[0m
Test run type is: [notebooks]
Starting Docker: docker.
[SETUP] Waiting for Docker to be ready, sleeping for 1 seconds ...
kind create cluster --config ../resources/kind_config.yaml
Creating cluster "kind" ...
 â€¢ Ensuring node image (kindest/node:v1.16.3) ðŸ–¼  ...
 âœ“ Ensuring node image (kindest/node:v1.16.3) ðŸ–¼
 â€¢ Preparing nodes ðŸ“¦  ...
 âœ“ Preparing nodes ðŸ“¦
 â€¢ Writing configuration ðŸ“œ  ...
 âœ“ Writing configuration ðŸ“œ
 â€¢ Starting control-plane ðŸ•¹ï¸  ...
 âœ“ Starting control-plane ðŸ•¹ï¸
 â€¢ Installing CNI ðŸ”Œ  ...
 âœ“ Installing CNI ðŸ”Œ
 â€¢ Installing StorageClass ðŸ’¾  ...
 âœ“ Installing StorageClass ðŸ’¾
 â€¢ Joining worker nodes ðŸšœ  ...
 âœ“ Joining worker nodes ðŸšœ
Set kubectl context to "kind-kind"
You can now use your cluster with:

kubectl cluster-info --context kind-kind

Have a nice day! ðŸ‘‹
`kind get kubeconfig-path` is deprecated!

KIND will export and merge kubeconfig like kops, minikube, etc.
This command is now unnecessary and will be removed in a future release.

For more info see: https://github.com/kubernetes-sigs/kind/issues/1060
See also the output of `kind create cluster`

Files changed in python folder:
SKIPPING PYTHON IMAGE BUILD...
Files changed in operator folder:
operator/apis/machinelearning.seldon.io/v1/seldondeployment_types.go
cd ../../operator && make kind-image-install
make[1]: Entering directory '/workspace/source/operator'
go: creating new go.mod: module tmp
go: downloading sigs.k8s.io/controller-tools v0.2.5
go: found sigs.k8s.io/controller-tools/cmd/controller-gen in sigs.k8s.io/controller-tools v0.2.5
go: downloading k8s.io/apimachinery v0.17.0
go: downloading github.com/fatih/color v1.7.0
go: downloading sigs.k8s.io/yaml v1.1.0
go: downloading github.com/spf13/cobra v0.0.5
go: downloading k8s.io/apiextensions-apiserver v0.17.0
go: downloading k8s.io/api v0.17.0
go: downloading gopkg.in/yaml.v3 v3.0.0-20190905181640-827449938966
go: downloading github.com/mattn/go-colorable v0.1.2
go: downloading github.com/mattn/go-isatty v0.0.8
go: downloading gopkg.in/yaml.v2 v2.2.4
go: downloading golang.org/x/tools v0.0.0-20190920225731-5eefd052ad72
go: downloading golang.org/x/sys v0.0.0-20190826190057-c7b8b68b1456
go: downloading github.com/spf13/pflag v1.0.5
go: downloading k8s.io/klog v1.0.0
go: downloading github.com/inconshreveable/mousetrap v1.0.0
go: downloading github.com/gogo/protobuf v1.2.2-0.20190723190241-65acae22fc9d
go: downloading github.com/gobuffalo/flect v0.2.0
go: downloading github.com/google/gofuzz v1.0.0
go: downloading k8s.io/utils v0.0.0-20191114184206-e782cd3c129f
go: downloading golang.org/x/net v0.0.0-20191004110552-13f9640d40b9
go: downloading gopkg.in/inf.v0 v0.9.1
go: downloading golang.org/x/text v0.3.2
/builder/home/go/bin/controller-gen object:headerFile=./hack/boilerplate.go.txt paths="./..."
go fmt ./...
go vet ./...
go: downloading github.com/onsi/gomega v1.10.1
go: downloading github.com/onsi/ginkgo v1.14.0
go: downloading golang.org/x/xerrors v0.0.0-20191204190536-9bdfabe68543
go: downloading github.com/nxadm/tail v1.4.4
go: downloading gopkg.in/tomb.v1 v1.0.0-20141024135613-dd632973f1e7
go: downloading github.com/fsnotify/fsnotify v1.4.9
/builder/home/go/bin/controller-gen "crd:trivialVersions=true" rbac:roleName=manager-role webhook paths="./..." output:crd:artifacts:config=config/crd/bases
rm -rf generated
mkdir generated
kustomize build config/default/ -o generated
cp generated/apiextensions.k8s.io_v1beta1_customresourcedefinition_seldondeployments.machinelearning.seldon.io.yaml testing/machinelearning.seldon.io_seldondeployments.yaml
ginkgo -r -outputdir=. -cover -coverprofile=cover.out ./controllers ./utils ./apis
[1598368305] [1mController Suite[0m - 49/49 specs test k8s client
&{Reader:0xc00000fc80 Writer:0xc0002807e0 StatusClient:0xc0002807e0}
[32mâ€¢[0m[32mâ€¢[0m[32mâ€¢[0m[32mâ€¢[0m[32mâ€¢[0m[32mâ€¢[0m[32mâ€¢[0m[32mâ€¢[0m[32mâ€¢[0m[32mâ€¢[0m[32mâ€¢[0m[32mâ€¢[0m[32mâ€¢[0m[32mâ€¢[0m[32mâ€¢[0m[32mâ€¢[0m[32mâ€¢[0m[32mâ€¢[0m[32mâ€¢[0m[32mâ€¢[0m[32mâ€¢[0m[32mâ€¢[0m[32mâ€¢[0m[32mâ€¢[0m[32mâ€¢[0m[32mâ€¢[0m[32mâ€¢[0m[32mâ€¢[0m[32mâ€¢[0m[32mâ€¢[0m[32mâ€¢[0m[32mâ€¢[0m[32mâ€¢[0m[32mâ€¢[0m[32mâ€¢[0m[32mâ€¢[0m[32mâ€¢[0m[32mâ€¢[0m[32mâ€¢[0m[32mâ€¢[0m[32mâ€¢[0m[32mâ€¢[0m[32mâ€¢[0m[32mâ€¢[0m[32mâ€¢[0m[32mâ€¢[0m[32mâ€¢[0m[32mâ€¢[0m[32mâ€¢[0mE0825 15:12:35.018783   26124 reflector.go:309] pkg/mod/k8s.io/client-go@v0.17.9/tools/cache/reflector.go:105: Failed to watch *v1.Service: Get "http://127.0.0.1:35923/api/v1/services?allowWatchBookmarks=true&resourceVersion=361&timeoutSeconds=440&watch=true": dial tcp 127.0.0.1:35923: connect: connection refused
E0825 15:12:35.018994   26124 reflector.go:309] pkg/mod/k8s.io/client-go@v0.17.9/tools/cache/reflector.go:105: Failed to watch *v1alpha3.VirtualService: Get "http://127.0.0.1:35923/apis/networking.istio.io/v1alpha3/virtualservices?allowWatchBookmarks=true&resourceVersion=118&timeoutSeconds=387&watch=true": dial tcp 127.0.0.1:35923: connect: connection refused
E0825 15:12:35.019055   26124 reflector.go:309] pkg/mod/k8s.io/client-go@v0.17.9/tools/cache/reflector.go:105: Failed to watch *v1.Deployment: Get "http://127.0.0.1:35923/apis/apps/v1/deployments?allowWatchBookmarks=true&resourceVersion=363&timeoutSeconds=384&watch=true": dial tcp 127.0.0.1:35923: connect: connection refused
E0825 15:12:35.019069   26124 reflector.go:309] pkg/mod/k8s.io/client-go@v0.17.9/tools/cache/reflector.go:105: Failed to watch *v1.ConfigMap: Get "http://127.0.0.1:35923/api/v1/configmaps?allowWatchBookmarks=true&resourceVersion=117&timeoutSeconds=395&watch=true": dial tcp 127.0.0.1:35923: connect: connection refused
E0825 15:12:35.019105   26124 reflector.go:309] pkg/mod/k8s.io/client-go@v0.17.9/tools/cache/reflector.go:105: Failed to watch *v1.Namespace: Get "http://127.0.0.1:35923/api/v1/namespaces?allowWatchBookmarks=true&resourceVersion=355&timeoutSeconds=365&watch=true": dial tcp 127.0.0.1:35923: connect: connection refused
E0825 15:12:35.019567   26124 reflector.go:309] pkg/mod/k8s.io/client-go@v0.17.9/tools/cache/reflector.go:105: Failed to watch *v2beta1.HorizontalPodAutoscaler: Get "http://127.0.0.1:35923/apis/autoscaling/v2beta1/horizontalpodautoscalers?allowWatchBookmarks=true&resourceVersion=126&timeoutSeconds=360&watch=true": dial tcp 127.0.0.1:35923: connect: connection refused
E0825 15:12:35.020038   26124 reflector.go:309] pkg/mod/k8s.io/client-go@v0.17.9/tools/cache/reflector.go:105: Failed to watch *v1.SeldonDeployment: Get "http://127.0.0.1:35923/apis/machinelearning.seldon.io/v1/seldondeployments?allowWatchBookmarks=true&resourceVersion=370&timeoutSeconds=503&watch=true": dial tcp 127.0.0.1:35923: connect: connection refused

 [32mSUCCESS![0m 27.867424152s PASS
coverage: 66.0% of statements
=== RUN   TestGcsSecret
--- PASS: TestGcsSecret (0.00s)
PASS
coverage: 100.0% of statements
=== RUN   TestS3Secret
--- PASS: TestS3Secret (0.00s)
PASS
coverage: 94.6% of statements
=== RUN   TestGetEnvAsBool
--- PASS: TestGetEnvAsBool (0.00s)
PASS
coverage: 10.9% of statements
=== RUN   TestGenerateCerts
--- PASS: TestGenerateCerts (2.03s)
=== RUN   TestConfigmapCreate
--- PASS: TestConfigmapCreate (0.03s)
=== RUN   TestCRDCreate
--- PASS: TestCRDCreate (0.08s)
=== RUN   TestMutatingWebhookCreate
--- PASS: TestMutatingWebhookCreate (1.01s)
=== RUN   TestMutatingWebhookCreateNamespaced
--- PASS: TestMutatingWebhookCreateNamespaced (4.45s)
=== RUN   TestValidatingWebhookCreate
--- PASS: TestValidatingWebhookCreate (1.75s)
=== RUN   TestValidatingWebhookCreateNamespaced
--- PASS: TestValidatingWebhookCreateNamespaced (2.23s)
=== RUN   TestWebHookSvcCreate
--- PASS: TestWebHookSvcCreate (1.31s)
PASS
coverage: 52.1% of statements
=== RUN   TestImageSetNormal
    prepack_test.go:50: Scenario: GRPC image with version
    prepack_test.go:50: Scenario: GRPC image with no version
    prepack_test.go:50: Scenario: REST image with version
    prepack_test.go:50: Scenario: REST image with no version
--- PASS: TestImageSetNormal (0.01s)
=== RUN   TestGetPredictorConfig
    prepack_test.go:81: Scenario: related image sklearn
    prepack_test.go:81: Scenario: default image sklearn
--- PASS: TestGetPredictorConfig (0.00s)
=== RUN   TestGetDeploymentNameOneModel
--- PASS: TestGetDeploymentNameOneModel (0.00s)
=== RUN   TestGetDeploymentNameLong
--- PASS: TestGetDeploymentNameLong (0.00s)
=== RUN   TestValidateBadProtocol
--- PASS: TestValidateBadProtocol (0.00s)
=== RUN   TestValidateBadTransport
--- PASS: TestValidateBadTransport (0.00s)
=== RUN   TestValidateMixedTransport
--- PASS: TestValidateMixedTransport (0.00s)
=== RUN   TestValidateMixedMultipleTransport
--- PASS: TestValidateMixedMultipleTransport (0.00s)
=== RUN   TestDefaultSingleContainer
--- PASS: TestDefaultSingleContainer (0.00s)
=== RUN   TestMetricsPortAddedTwoContainers
--- PASS: TestMetricsPortAddedTwoContainers (0.00s)
=== RUN   TestMetricsPortAddedTwoComponentSpecsTwoContainers
--- PASS: TestMetricsPortAddedTwoComponentSpecsTwoContainers (0.00s)
=== RUN   TestOverrideMetricsPortName
Failed to find config map seldon-config
no kind is registered for the type v1.ConfigMap in scheme "pkg/runtime/scheme.go:101"
--- PASS: TestOverrideMetricsPortName (0.00s)
=== RUN   TestPortUseExisting
--- PASS: TestPortUseExisting (0.00s)
=== RUN   TestMetricsPortAddedToPrepacked
--- PASS: TestMetricsPortAddedToPrepacked (0.00s)
=== RUN   TestPredictorProtocolGrpc
--- PASS: TestPredictorProtocolGrpc (0.00s)
=== RUN   TestPrepackedWithExistingContainer
--- PASS: TestPrepackedWithExistingContainer (0.00s)
=== RUN   TestPrepackedWithCustom
--- PASS: TestPrepackedWithCustom (0.00s)
=== RUN   TestPrepackedWithExistingContainerAndImage
--- PASS: TestPrepackedWithExistingContainerAndImage (0.00s)
=== RUN   TestMetricsPortAddedToTwoPrepacked
--- PASS: TestMetricsPortAddedToTwoPrepacked (0.00s)
=== RUN   TestDefaultPrepackagedServerType
--- PASS: TestDefaultPrepackagedServerType (0.00s)
=== RUN   TestValidateSingleModel
--- PASS: TestValidateSingleModel (0.00s)
=== RUN   TestValidateSingleModelNoName
--- PASS: TestValidateSingleModelNoName (0.00s)
=== RUN   TestValidateNoEngineMultiGraph
--- PASS: TestValidateNoEngineMultiGraph (0.00s)
=== RUN   TestValidateDuplPredictorName
--- PASS: TestValidateDuplPredictorName (0.00s)
=== RUN   TestValidateTrafficSum
--- PASS: TestValidateTrafficSum (0.00s)
=== RUN   TestDefaultABTest
--- PASS: TestDefaultABTest (0.00s)
=== RUN   TestValidateTensorflowProtocolNormalPrepackaged
--- PASS: TestValidateTensorflowProtocolNormalPrepackaged (0.00s)
=== RUN   TestValidateTensorflowProtocolNormal
--- PASS: TestValidateTensorflowProtocolNormal (0.00s)
=== RUN   TestPredictorNoGraph
--- PASS: TestPredictorNoGraph (0.00s)
=== RUN   TestShadowPredictor
--- PASS: TestShadowPredictor (0.00s)
=== RUN   TestNoPredictors
--- PASS: TestNoPredictors (0.00s)
PASS
coverage: 42.5% of statements
path is /workspace/source/operator
All profiles combined

Ginkgo ran 6 suites in 1m3.143017434s
Test Suite Passed
docker build . -t seldonio/seldon-core-operator:1.2.3-dev
Sending build context to Docker daemon  8.354MB
Step 1/28 : FROM golang:1.13.2 as builder
1.13.2: Pulling from library/golang
c7b7d16361e0: Pulling fs layer
b7a128769df1: Pulling fs layer
1128949d0793: Pulling fs layer
667692510b70: Pulling fs layer
c70d80036479: Pulling fs layer
a8669f8c1a42: Pulling fs layer
433331673060: Pulling fs layer
667692510b70: Waiting
a8669f8c1a42: Waiting
433331673060: Waiting
c70d80036479: Waiting
b7a128769df1: Verifying Checksum
b7a128769df1: Download complete
1128949d0793: Download complete
c7b7d16361e0: Verifying Checksum
c7b7d16361e0: Download complete
667692510b70: Verifying Checksum
667692510b70: Download complete
c70d80036479: Verifying Checksum
c70d80036479: Download complete
433331673060: Verifying Checksum
433331673060: Download complete
a8669f8c1a42: Verifying Checksum
a8669f8c1a42: Download complete
c7b7d16361e0: Pull complete
b7a128769df1: Pull complete
1128949d0793: Pull complete
667692510b70: Pull complete
c70d80036479: Pull complete
a8669f8c1a42: Pull complete
433331673060: Pull complete
Digest: sha256:b3086f21bfbe896973dd6147b46f2736a7deb2c04ed76219835befa0244a9562
Status: Downloaded newer image for golang:1.13.2
 ---> e37698ff7351
Step 2/28 : WORKDIR /workspace
 ---> Running in c95a20904c68
Removing intermediate container c95a20904c68
 ---> d43d10326792
Step 3/28 : COPY go.mod go.mod
 ---> 02ff913f754d
Step 4/28 : COPY go.sum go.sum
 ---> 1669f3673a05
Step 5/28 : RUN go mod download
 ---> Running in ead95776b339
[91mgo: finding cloud.google.com/go v0.38.0
[0m[91mgo: finding github.com/Azure/go-ansiterm v0.0.0-20170929234023-d6e3b3328b78
[0m[91mgo: finding github.com/Azure/go-autorest v14.2.0+incompatible
[0m[91mgo: finding github.com/Azure/go-autorest/autorest v0.9.0
[0m[91mgo: finding github.com/Azure/go-autorest/autorest/adal v0.9.0
[0m[91mgo: finding github.com/Azure/go-autorest/autorest/date v0.3.0
[0m[91mgo: finding github.com/Azure/go-autorest/autorest/mocks v0.4.0
[0m[91mgo: finding github.com/Azure/go-autorest/logger v0.1.0
[0m[91mgo: finding github.com/Azure/go-autorest/tracing v0.6.0
[0m[91mgo: finding github.com/BurntSushi/toml v0.3.1
[0m[91mgo: finding github.com/BurntSushi/xgb v0.0.0-20160522181843-27f122750802
[0m[91mgo: finding github.com/NYTimes/gziphandler v0.0.0-20170623195520-56545f4a5d46
[0m[91mgo: finding github.com/PuerkitoBio/purell v1.1.1
[0m[91mgo: finding github.com/PuerkitoBio/urlesc v0.0.0-20170810143723-de5bf2ad4578
[0m[91mgo: finding github.com/agnivade/levenshtein v1.0.1
[0m[91mgo: finding github.com/alecthomas/template v0.0.0-20160405071501-a0175ee3bccc
[0m[91mgo: finding github.com/alecthomas/units v0.0.0-20151022065526-2efee857e7cf
[0m[91mgo: finding github.com/andreyvit/diff v0.0.0-20170406064948-c7f18ee00883
[0m[91mgo: finding github.com/armon/consul-api v0.0.0-20180202201655-eb2c6b5be1b6
[0m[91mgo: finding github.com/asaskevich/govalidator v0.0.0-20190424111038-f61b66f89f4a
[0m[91mgo: finding github.com/beorn7/perks v1.0.1
[0m[91mgo: finding github.com/bgentry/speakeasy v0.1.0
[0m[91mgo: finding github.com/blang/semver v3.5.0+incompatible
[0m[91mgo: finding github.com/client9/misspell v0.3.4
[0m[91mgo: finding github.com/cockroachdb/datadriven v0.0.0-20190809214429-80d97fb3cbaa
[0m[91mgo: finding github.com/coreos/etcd v3.3.10+incompatible
[0m[91mgo: finding github.com/coreos/go-etcd v2.0.0+incompatible
[0m[91mgo: finding github.com/coreos/go-oidc v2.1.0+incompatible
[0m[91mgo: finding github.com/coreos/go-semver v0.3.0
[0m[91mgo: finding github.com/coreos/go-systemd v0.0.0-20190321100706-95778dfbb74e
[0m[91mgo: finding github.com/coreos/pkg v0.0.0-20180108230652-97fdf19511ea
[0m[91mgo: finding github.com/cpuguy83/go-md2man v1.0.10
[0m[91mgo: finding github.com/creack/pty v1.1.7
[0m[91mgo: finding github.com/davecgh/go-spew v1.1.1
[0m[91mgo: finding github.com/dgrijalva/jwt-go v3.2.0+incompatible
[0m[91mgo: finding github.com/docker/docker v0.7.3-0.20190327010347-be7ac8be2ae0
[0m[91mgo: finding github.com/docker/go-units v0.4.0
[0m[91mgo: finding github.com/docker/spdystream v0.0.0-20160310174837-449fdfce4d96
[0m[91mgo: finding github.com/docopt/docopt-go v0.0.0-20180111231733-ee0de3bc6815
[0m[91mgo: finding github.com/dustin/go-humanize v1.0.0
[0m[91mgo: finding github.com/elazarl/goproxy v0.0.0-20170405201442-c4fc26588b6e
[0m[91mgo: finding github.com/emicklei/go-restful v2.9.5+incompatible
[0m[91mgo: finding github.com/evanphx/json-patch v4.5.0+incompatible
[0m[91mgo: finding github.com/fatih/color v1.7.0
[0m[91mgo: finding github.com/fsnotify/fsnotify v1.4.9
[0m[91mgo: finding github.com/ghodss/yaml v1.0.0
[0m[91mgo: finding github.com/globalsign/mgo v0.0.0-20181015135952-eeefdecb41b8
[0m[91mgo: finding github.com/go-kit/kit v0.8.0
[0m[91mgo: finding github.com/go-logfmt/logfmt v0.3.0
[0m[91mgo: finding github.com/go-logr/logr v0.1.0
[0m[91mgo: finding github.com/go-logr/zapr v0.1.0
[0m[91mgo: finding github.com/go-openapi/analysis v0.19.5
[0m[91mgo: finding github.com/go-openapi/errors v0.19.2
[0m[91mgo: finding github.com/go-openapi/jsonpointer v0.19.3
[0m[91mgo: finding github.com/go-openapi/jsonreference v0.19.3
[0m[91mgo: finding github.com/go-openapi/loads v0.19.4
[0m[91mgo: finding github.com/go-openapi/runtime v0.19.4
[0m[91mgo: finding github.com/go-openapi/spec v0.19.3
[0m[91mgo: finding github.com/go-openapi/strfmt v0.19.3
[0m[91mgo: finding github.com/go-openapi/swag v0.19.5
[0m[91mgo: finding github.com/go-openapi/validate v0.19.5
[0m[91mgo: finding github.com/go-stack/stack v1.8.0
[0m[91mgo: finding github.com/gogo/protobuf v1.3.1
[0m[91mgo: finding github.com/golang/glog v0.0.0-20160126235308-23def4e6c14b
[0m[91mgo: finding github.com/golang/groupcache v0.0.0-20190702054246-869f871628b6
[0m[91mgo: finding github.com/golang/mock v1.2.0
[0m[91mgo: finding github.com/golang/protobuf v1.4.2
[0m[91mgo: finding github.com/google/btree v1.0.0
[0m[91mgo: finding github.com/google/go-cmp v0.5.0
[0m[91mgo: finding github.com/google/gofuzz v1.0.0
[0m[91mgo: finding github.com/google/martian v2.1.0+incompatible
[0m[91mgo: finding github.com/google/pprof v0.0.0-20181206194817-3ea8567a2e57
[0m[91mgo: finding github.com/google/renameio v0.1.0
[0m[91mgo: finding github.com/google/uuid v1.1.1
[0m[91mgo: finding github.com/googleapis/gax-go/v2 v2.0.4
[0m[91mgo: finding github.com/googleapis/gnostic v0.3.1
[0m[91mgo: finding github.com/gophercloud/gophercloud v0.1.0
[0m[91mgo: finding github.com/gorilla/websocket v1.4.0
[0m[91mgo: finding github.com/gregjones/httpcache v0.0.0-20180305231024-9cad4c3443a7
[0m[91mgo: finding github.com/grpc-ecosystem/go-grpc-middleware v1.0.1-0.20190118093823-f849b5445de4
[0m[91mgo: finding github.com/grpc-ecosystem/go-grpc-prometheus v1.2.0
[0m[91mgo: finding github.com/grpc-ecosystem/grpc-gateway v1.9.5
[0m[91mgo: finding github.com/hashicorp/golang-lru v0.5.4
[0m[91mgo: finding github.com/hashicorp/hcl v1.0.0
[0m[91mgo: finding github.com/hpcloud/tail v1.0.0
[0m[91mgo: finding github.com/imdario/mergo v0.3.9
[0m[91mgo: finding github.com/inconshreveable/mousetrap v1.0.0
[0m[91mgo: finding github.com/jonboulle/clockwork v0.1.0
[0m[91mgo: finding github.com/json-iterator/go v1.1.10
[0m[91mgo: finding github.com/jstemmer/go-junit-report v0.0.0-20190106144839-af01ea7f8024
[0m[91mgo: finding github.com/julienschmidt/httprouter v1.2.0
[0m[91mgo: finding github.com/kisielk/errcheck v1.2.0
[0m[91mgo: finding github.com/kisielk/gotool v1.0.0
[0m[91mgo: finding github.com/konsorten/go-windows-terminal-sequences v1.0.1
[0m[91mgo: finding github.com/kr/logfmt v0.0.0-20140226030751-b84e30acd515
[0m[91mgo: finding github.com/kr/pretty v0.1.0
[0m[91mgo: finding github.com/kr/pty v1.1.5
[0m[91mgo: finding github.com/kr/text v0.1.0
[0m[91mgo: finding github.com/magiconair/properties v1.8.0
[0m[91mgo: finding github.com/mailru/easyjson v0.7.0
[0m[91mgo: finding github.com/mattn/go-colorable v0.0.9
[0m[91mgo: finding github.com/mattn/go-isatty v0.0.4
[0m[91mgo: finding github.com/mattn/go-runewidth v0.0.2
[0m[91mgo: finding github.com/matttproud/golang_protobuf_extensions v1.0.1
[0m[91mgo: finding github.com/mitchellh/go-homedir v1.1.0
[0m[91mgo: finding github.com/mitchellh/mapstructure v1.1.2
[0m[91mgo: finding github.com/modern-go/concurrent v0.0.0-20180306012644-bacd9c7ef1dd
[0m[91mgo: finding github.com/modern-go/reflect2 v1.0.1
[0m[91mgo: finding github.com/munnerz/goautoneg v0.0.0-20191010083416-a7dc8b61c822
[0m[91mgo: finding github.com/mwitkow/go-conntrack v0.0.0-20161129095857-cc309e4a2223
[0m[91mgo: finding github.com/mxk/go-flowrate v0.0.0-20140419014527-cca7078d478f
[0m[91mgo: finding github.com/nxadm/tail v1.4.4
[0m[91mgo: finding github.com/olekukonko/tablewriter v0.0.0-20170122224234-a0225b3f23b5
[0m[91mgo: finding github.com/onsi/ginkgo v1.14.0
[0m[91mgo: finding github.com/onsi/gomega v1.10.1
[0m[91mgo: finding github.com/pborman/uuid v1.2.0
[0m[91mgo: finding github.com/pelletier/go-toml v1.2.0
[0m[91mgo: finding github.com/peterbourgon/diskv v2.0.1+incompatible
[0m[91mgo: finding github.com/pkg/errors v0.8.1
[0m[91mgo: finding github.com/pmezard/go-difflib v1.0.0
[0m[91mgo: finding github.com/pquerna/cachecontrol v0.0.0-20171018203845-0dec1b30a021
[0m[91mgo: finding github.com/prometheus/client_golang v1.0.0
[0m[91mgo: finding github.com/prometheus/client_model v0.0.0-20190129233127-fd36f4220a90
[0m[91mgo: finding github.com/prometheus/common v0.4.1
[0m[91mgo: finding github.com/prometheus/procfs v0.0.11
[0m[91mgo: finding github.com/remyoudompheng/bigfft v0.0.0-20170806203942-52369c62f446
[0m[91mgo: finding github.com/rogpeppe/fastuuid v0.0.0-20150106093220-6724a57986af
[0m[91mgo: finding github.com/rogpeppe/go-internal v1.3.0
[0m[91mgo: finding github.com/russross/blackfriday v1.5.2
[0m[91mgo: finding github.com/sergi/go-diff v1.0.0
[0m[91mgo: finding github.com/sirupsen/logrus v1.4.2
[0m[91mgo: finding github.com/soheilhy/cmux v0.1.4
[0m[91mgo: finding github.com/spf13/afero v1.2.2
[0m[91mgo: finding github.com/spf13/cast v1.3.0
[0m[91mgo: finding github.com/spf13/cobra v0.0.5
[0m[91mgo: finding github.com/spf13/jwalterweatherman v1.0.0
[0m[91mgo: finding github.com/spf13/pflag v1.0.5
[0m[91mgo: finding github.com/spf13/viper v1.3.2
[0m[91mgo: finding github.com/stretchr/ob** v0.2.0
[0m[91mgo: finding github.com/stretchr/testify v1.4.0
[0m[91mgo: finding github.com/tidwall/pretty v1.0.0
[0m[91mgo: finding github.com/tmc/grpc-websocket-proxy v0.0.0-20170815181823-89b8d40f7ca8
[0m[91mgo: finding github.com/ugorji/go/codec v0.0.0-20181204163529-d75b2dcb6bc8
[0m[91mgo: finding github.com/urfave/cli v1.20.0
[0m[91mgo: finding github.com/vektah/gqlparser v1.1.2
[0m[91mgo: finding github.com/xiang90/probing v0.0.0-20190116061207-43a291ad63a2
[0m[91mgo: finding github.com/xordataexchange/crypt v0.0.3-0.20170626215501-b2862e3d0a77
[0m[91mgo: finding go.etcd.io/bbolt v1.3.3
[0m[91mgo: finding go.etcd.io/etcd v0.0.0-20191023171146-3cf2f69b5738
[0m[91mgo: finding go.mongodb.org/mongo-driver v1.1.2
[0m[91mgo: finding go.opencensus.io v0.21.0
[0m[91mgo: finding go.uber.org/atomic v1.6.0
[0m[91mgo: finding go.uber.org/multierr v1.5.0
[0m[91mgo: finding go.uber.org/tools v0.0.0-20190618225709-2cfd321de3ee
[0m[91mgo: finding go.uber.org/zap v1.15.0
[0m[91mgo: finding golang.org/x/crypto v0.0.0-20200622213623-75b288015ac9
[0m[91mgo: finding golang.org/x/exp v0.0.0-20190312203227-4b39c73a6495
[0m[91mgo: finding golang.org/x/image v0.0.0-20190227222117-0694c2d4d067
[0m[91mgo: finding golang.org/x/lint v0.0.0-20190930215403-16217165b5de
[0m[91mgo: finding golang.org/x/mobile v0.0.0-20190312151609-d3739f865fa6
[0m[91mgo: finding golang.org/x/mod v0.0.0-20190513183733-4bf6d317e70e
[0m[91mgo: finding golang.org/x/net v0.0.0-20200520004742-59133d7f0dd7
[0m[91mgo: finding golang.org/x/oauth2 v0.0.0-20190604053449-0f29369cfe45
[0m[91mgo: finding golang.org/x/sync v0.0.0-20190911185100-cd5d95a43a6e
[0m[91mgo: finding golang.org/x/sys v0.0.0-20200519105757-fe76b779f299
[0m[91mgo: finding golang.org/x/text v0.3.3
[0m[91mgo: finding golang.org/x/time v0.0.0-20190921001708-c4c64cad1fd0
[0m[91mgo: finding golang.org/x/tools v0.0.0-20191029190741-b9c20aec41a5
[0m[91mgo: finding golang.org/x/xerrors v0.0.0-20191204190536-9bdfabe68543
[0m[91mgo: finding gomodules.xyz/jsonpatch/v2 v2.0.1
[0m[91mgo: finding gonum.org/v1/gonum v0.0.0-20190331200053-3d26580ed485
[0m[91mgo: finding gonum.org/v1/netlib v0.0.0-20190331212654-76723241ea4e
[0m[91mgo: finding google.golang.org/api v0.4.0
[0m[91mgo: finding google.golang.org/appengine v1.6.5
[0m[91mgo: finding google.golang.org/genproto v0.0.0-20190916214212-f660b8655731
[0m[91mgo: finding google.golang.org/grpc v1.23.1
[0m[91mgo: finding google.golang.org/protobuf v1.23.0
[0m[91mgo: finding gopkg.in/alecthomas/kingpin.v2 v2.2.6
[0m[91mgo: finding gopkg.in/check.v1 v1.0.0-20190902080502-41f04d3bba15
[0m[91mgo: finding gopkg.in/cheggaaa/pb.v1 v1.0.25
[0m[91mgo: finding gopkg.in/errgo.v2 v2.1.0
[0m[91mgo: finding gopkg.in/fsnotify.v1 v1.4.7
[0m[91mgo: finding gopkg.in/inf.v0 v0.9.1
[0m[91mgo: finding gopkg.in/natefinch/lumberjack.v2 v2.0.0
[0m[91mgo: finding gopkg.in/resty.v1 v1.12.0
[0m[91mgo: finding gopkg.in/square/go-jose.v2 v2.2.2
[0m[91mgo: finding gopkg.in/tomb.v1 v1.0.0-20141024135613-dd632973f1e7
[0m[91mgo: finding gopkg.in/yaml.v2 v2.3.0
[0m[91mgo: finding gotest.tools v2.2.0+incompatible
[0m[91mgo: finding honnef.co/go/tools v0.0.1-2019.2.3
[0m[91mgo: finding istio.io/api v0.0.0-20200513175333-ae3da0d240e3
[0m[91mgo: finding istio.io/client-go v0.0.0-20200513180646-f8d9d8ff84e6
[0m[91mgo: finding istio.io/gogo-genproto v0.0.0-20190930162913-45029607206a
[0m[91mgo: finding k8s.io/api v0.17.9
[0m[91mgo: finding k8s.io/apiextensions-apiserver v0.17.9
[0m[91mgo: finding k8s.io/apimachinery v0.17.9
[0m[91mgo: finding k8s.io/apiserver v0.17.9
[0m[91mgo: finding k8s.io/client-go v0.17.9
[0m[91mgo: finding k8s.io/code-generator v0.17.9
[0m[91mgo: finding k8s.io/component-base v0.17.9
[0m[91mgo: finding k8s.io/gengo v0.0.0-20190822140433-26a664648505
[0m[91mgo: finding k8s.io/klog v1.0.0
[0m[91mgo: finding k8s.io/klog/v2 v2.0.0
[0m[91mgo: finding k8s.io/kube-openapi v0.0.0-20200410145947-bcb3869e6f29
[0m[91mgo: finding k8s.io/utils v0.0.0-20200619165400-6e3d28b6ed19
[0m[91mgo: finding knative.dev/pkg v0.0.0-20200513151758-7b6bb61326ae
[0m[91mgo: finding modernc.org/cc v1.0.0
[0m[91mgo: finding modernc.org/golex v1.0.0
[0m[91mgo: finding modernc.org/mathutil v1.0.0
[0m[91mgo: finding modernc.org/strutil v1.0.0
[0m[91mgo: finding modernc.org/xc v1.0.0
[0m[91mgo: finding sigs.k8s.io/controller-runtime v0.5.8
[0m[91mgo: finding sigs.k8s.io/structured-merge-diff v0.0.0-20190525122527-15d366b2352e
[0m[91mgo: finding sigs.k8s.io/structured-merge-diff/v2 v2.0.1
[0m[91mgo: finding sigs.k8s.io/yaml v1.1.0
[0mRemoving intermediate container ead95776b339
 ---> f6fd7236978a
Step 6/28 : COPY main.go main.go
 ---> 7bf5ea69b24c
Step 7/28 : COPY apis/ apis/
 ---> a5ee2a104b82
Step 8/28 : COPY controllers/ controllers/
 ---> c2bc6cc8b589
Step 9/28 : COPY utils/ utils/
 ---> 2bd0ba17273d
Step 10/28 : COPY constants/ constants/
 ---> e2b70d67969f
Step 11/28 : COPY client/ client/
 ---> 0c10392bb5d8
Step 12/28 : RUN go build -a -o manager main.go
 ---> Running in 4603dc245103
Removing intermediate container 4603dc245103
 ---> 23e2128f0ecc
Step 13/28 : RUN wget -O hashicorp-golang-lru.tar.gz https://github.com/hashicorp/golang-lru/archive/master.tar.gz
 ---> Running in f202f3b5f4c0
[91m--2020-08-25 15:14:35--  https://github.com/hashicorp/golang-lru/archive/master.tar.gz
[0m[91mResolving github.com (github.com)... [0m[91m140.82.121.4
Connecting to github.com (github.com)|140.82.121.4|:443... [0m[91mconnected.
[0m[91mHTTP request sent, awaiting response... [0m[91m302 Found
Location: https://codeload.github.com/hashicorp/golang-lru/tar.gz/master [following]
--2020-08-25 15:14:35--  https://codeload.github.com/hashicorp/golang-lru/tar.gz/master
Resolving codeload.github.com (codeload.github.com)... [0m[91m140.82.121.9
Connecting to codeload.github.com (codeload.github.com)|140.82.121.9|:443... [0m[91mconnected.
[0m[91mHTTP request sent, awaiting response... [0m[91m200 OK
[0m[91mLength: unspecified [application/x-gzip]
Saving to: 'hashicorp-golang-lru.tar.gz'

     0K ........[0m[91m.. .[0m[91m..                                        [0m[91m 1.02M=0.01s

2020-08-25 15:14:35 (1.02 MB/s) - 'hashicorp-golang-lru.tar.gz' saved [13973]

[0mRemoving intermediate container f202f3b5f4c0
 ---> 4b9d67f82ea2
Step 14/28 : RUN wget -O armon-consul-api.tar.gz https://github.com/armon/consul-api/archive/master.tar.gz
 ---> Running in 32982c57b425
[91m--2020-08-25 15:14:36--  https://github.com/armon/consul-api/archive/master.tar.gz
[0m[91mResolving github.com (github.com)... [0m[91m140.82.121.3
Connecting to github.com (github.com)|140.82.121.3|:443... [0m[91mconnected.
[0m[91mHTTP request sent, awaiting response... [0m[91m302 Found
Location: https://codeload.github.com/armon/consul-api/tar.gz/master [following]
--2020-08-25 15:14:37--  https://codeload.github.com/armon/consul-api/tar.gz/master
Resolving codeload.github.com (codeload.github.com)... [0m[91m140.82.121.9
Connecting to codeload.github.com (codeload.github.com)|140.82.121.9|:443... [0m[91mconnected.
[0m[91mHTTP request sent, awaiting response... [0m[91m200 OK
Length: unspecified [application/x-gzip]
Saving to: 'armon-consul-api.tar.gz'
[0m[91m
     0K .......... .[0m[91m......                                     1.36M=0.01s

2020-08-25 15:14:37 (1.36 MB/s) - 'armon-consul-api.tar.gz' saved [17977]

[0mRemoving intermediate container 32982c57b425
 ---> 7d38b1d5a3f0
Step 15/28 : RUN wget -O hasicorp-hcl.tar.gz https://github.com/hashicorp/hcl/archive/master.tar.gz
 ---> Running in f8bf01bc9ae9
[91m--2020-08-25 15:14:38--  https://github.com/hashicorp/hcl/archive/master.tar.gz
[0m[91mResolving github.com (github.com)... [0m[91m140.82.121.3
Connecting to github.com (github.com)|140.82.121.3|:443... [0m[91mconnected.
[0m[91mHTTP request sent, awaiting response... [0m[91m302 Found
Location: https://codeload.github.com/hashicorp/hcl/tar.gz/master [following]
--2020-08-25 15:14:38--  https://codeload.github.com/hashicorp/hcl/tar.gz/master
Resolving codeload.github.com (codeload.github.com)... [0m[91m140.82.121.10
Connecting to codeload.github.com (codeload.github.com)|140.82.121.10|:443... [0m[91mconnected.
[0m[91mHTTP request sent, awaiting response... [0m[91m200 OK
[0m[91mLength: unspecified [application/x-gzip]
Saving to: 'hasicorp-hcl.tar.gz'

     0K .......... .[0m[91m.........[0m[91m .......... .......[0m[91m... ..[0m[91m...[0m[91m..... 2.03M
    50K ....[0m[91m......[0m[91m ..[0m[91m.....[0m[91m.[0m[91m.[0m[91m.[0m[91m [0m[91m.[0m[91m [0m[91m [0m[91m [0m[91m [0m[91m [0m[91m [0m[91m [0m[91m [0m[91m [0m[91m [0m[91m [0m[91m [0m[91m [0m[91m [0m[91m [0m[91m [0m[91m [0m[91m [0m[91m [0m[91m [0m[91m [0m[91m [0m[91m [0m[91m [0m[91m [0m[91m [0m[91m [0m[91m [0m[91m [0m[91m [0m[91m [0m[91m 15.0M[0m[91m=0.03s[0m[91m

[0m[91m2020-08-25 15:14:39 (2.73 MB/s) - 'hasicorp-hcl.tar.gz' saved [72956]

[0mRemoving intermediate container f8bf01bc9ae9
 ---> 0188ac747909
Step 16/28 : FROM gcr.io/distroless/base:latest
latest: Pulling from distroless/base
4000adbbc3eb: Pulling fs layer
69e2f037cdb3: Pulling fs layer
4000adbbc3eb: Verifying Checksum
4000adbbc3eb: Download complete
69e2f037cdb3: Verifying Checksum
4000adbbc3eb: Pull complete
69e2f037cdb3: Pull complete
Digest: sha256:be73c7e6bb15793be42cdba97ca55d731558d8a625acdc13f9b8d49e3ef7de02
Status: Downloaded newer image for gcr.io/distroless/base:latest
 ---> ae9876e34217
Step 17/28 : WORKDIR /
 ---> Running in c1d3b9f0c9e7
Removing intermediate container c1d3b9f0c9e7
 ---> 41996106ba36
Step 18/28 : COPY --from=builder /workspace/manager .
 ---> 75da09b7ea53
Step 19/28 : COPY licenses/license.txt licenses/license.txt
 ---> 344d81921417
Step 20/28 : COPY --from=builder /workspace/hashicorp-golang-lru.tar.gz licenses/mpl_source/hashicorp-golang-lru.tar.gz
 ---> a03a9c7f75cd
Step 21/28 : COPY --from=builder /workspace/armon-consul-api.tar.gz licenses/mpl_source/armon-consul-api.tar.gz
 ---> 5f24fd0836da
Step 22/28 : COPY --from=builder /workspace/hasicorp-hcl.tar.gz licenses/mpl_source/hasicorp-hcl.tar.gz
 ---> 604209c61149
Step 23/28 : COPY generated/admissionregistration.k8s.io_v1beta1_mutatingwebhookconfiguration_seldon-mutating-webhook-configuration.yaml /tmp/operator-resources/mutate.yaml
 ---> 80c425ad4d74
Step 24/28 : COPY generated/admissionregistration.k8s.io_v1beta1_validatingwebhookconfiguration_seldon-validating-webhook-configuration.yaml /tmp/operator-resources/validate.yaml
 ---> d2724af4d62a
Step 25/28 : COPY generated/~g_v1_service_seldon-webhook-service.yaml /tmp/operator-resources/service.yaml
 ---> 6aa637dfd04e
Step 26/28 : COPY generated/~g_v1_configmap_seldon-config.yaml /tmp/operator-resources/configmap.yaml
 ---> 8035132d66de
Step 27/28 : COPY generated/apiextensions.k8s.io_v1beta1_customresourcedefinition_seldondeployments.machinelearning.seldon.io.yaml /tmp/operator-resources/crd.yaml
 ---> 1158960ca7c4
Step 28/28 : ENTRYPOINT ["/manager"]
 ---> Running in f9350b8776a7
Removing intermediate container f9350b8776a7
 ---> d84b32a8bfbd
Successfully built d84b32a8bfbd
Successfully tagged seldonio/seldon-core-operator:1.2.3-dev
docker save seldonio/seldon-core-operator:1.2.3-dev > operator.tar
kind load image-archive operator.tar --name kind
make[1]: Leaving directory '/workspace/source/operator'
Files changed in engine folder:
SKIPPING ENGINE IMAGE BUILD...
Files changed in executor folder:
SKIPPING EXECUTOR IMAGE BUILD...
Build test models
make -C ../docker/fixed-model kind_load_images
make[1]: Entering directory '/workspace/source/testing/docker/fixed-model'
s2i build -E environment_rest_v1 . seldonio/seldon-core-s2i-python3:0.15 seldonio/fixed-model:0.1
---> Installing application source...
Build completed successfully
s2i build -E environment_rest_v2 . seldonio/seldon-core-s2i-python3:0.15 seldonio/fixed-model:0.2
---> Installing application source...
Build completed successfully
kind load -v 3 docker-image seldonio/fixed-model:0.1
Image: "seldonio/fixed-model:0.1" with ID "sha256:298b6c0eb8813ef804b7dd1bf1be23b917c1b99da6f65b848ecaec80fe7c4fe3" not present on node "kind-worker"
Image: "seldonio/fixed-model:0.1" with ID "sha256:298b6c0eb8813ef804b7dd1bf1be23b917c1b99da6f65b848ecaec80fe7c4fe3" not present on node "kind-control-plane"
kind load -v 3 docker-image seldonio/fixed-model:0.2
Image: "seldonio/fixed-model:0.2" with ID "sha256:28aec30545f81a6627f91fc4854bed0df552957d35d74710f958fa377f7a712b" not present on node "kind-worker"
Image: "seldonio/fixed-model:0.2" with ID "sha256:28aec30545f81a6627f91fc4854bed0df552957d35d74710f958fa377f7a712b" not present on node "kind-control-plane"
make[1]: Leaving directory '/workspace/source/testing/docker/fixed-model'
make -C ../docker/echo-model kind_load_image
make[1]: Entering directory '/workspace/source/testing/docker/echo-model'
s2i build \
	-E environment_rest \
	.\
	seldonio/seldon-core-s2i-python3:1.1.1-SNAPSHOT\
	seldonio/echo-model:0.1
---> Installing application source...
Build completed successfully
kind load -v 3 docker-image seldonio/echo-model:0.1
Image: "seldonio/echo-model:0.1" with ID "sha256:69fb923b7e8f68e6042b86980bea1d527fe2874847f92b8a740dea59d11676df" not present on node "kind-worker"
Image: "seldonio/echo-model:0.1" with ID "sha256:69fb923b7e8f68e6042b86980bea1d527fe2874847f92b8a740dea59d11676df" not present on node "kind-control-plane"
make[1]: Leaving directory '/workspace/source/testing/docker/echo-model'
Files changed in prepackaged folder:
servers/sklearnserver/sklearnserver/SKLearnServer.py
servers/sklearnserver/sklearnserver/requirements.txt
cd ../../servers/sklearnserver && make kind_load
make[1]: Entering directory '/workspace/source/servers/sklearnserver'
s2i build \
	-E environment_rest \
	./sklearnserver \
	seldonio/seldon-core-s2i-python37-ubi8:1.2.3-dev \
	seldonio/sklearnserver_rest:1.2.3-dev
Before assembling
---> Installing application source...
---> Installing dependencies ...
Looking in links: /whl
Requirement already satisfied: seldon_core in ./python (from -r requirements.txt (line 1)) (1.2.3.dev0)
Collecting scikit-learn==0.23.2 (from -r requirements.txt (line 2))
  WARNING: Url '/whl' is ignored. It is either a non-existing path or lacks a specific scheme.
Downloading https://files.pythonhosted.org/packages/f4/cb/64623369f348e9bfb29ff898a57ac7c91ed4921f228e9726546614d63ccb/scikit_learn-0.23.2-cp37-cp37m-manylinux1_x86_64.whl (6.8MB)
Requirement already satisfied: numpy>=1.8.2 in /opt/conda/lib/python3.7/site-packages (from -r requirements.txt (line 3)) (1.19.1)
Collecting joblib>=0.13.0 (from -r requirements.txt (line 4))
  WARNING: Url '/whl' is ignored. It is either a non-existing path or lacks a specific scheme.
Downloading https://files.pythonhosted.org/packages/51/dd/0e015051b4a27ec5a58b02ab774059f3289a94b0906f880a3f9507e74f38/joblib-0.16.0-py3-none-any.whl (300kB)
Requirement already satisfied: Flask<2.0.0 in /opt/conda/lib/python3.7/site-packages (from seldon_core->-r requirements.txt (line 1)) (1.1.2)
Requirement already satisfied: jsonschema<4.0.0 in /opt/conda/lib/python3.7/site-packages (from seldon_core->-r requirements.txt (line 1)) (3.2.0)
Requirement already satisfied: Flask-cors<4.0.0 in /opt/conda/lib/python3.7/site-packages (from seldon_core->-r requirements.txt (line 1)) (3.0.8)
Requirement already satisfied: redis<4.0.0 in /opt/conda/lib/python3.7/site-packages (from seldon_core->-r requirements.txt (line 1)) (3.5.3)
Requirement already satisfied: requests<3.0.0 in /opt/conda/lib/python3.7/site-packages (from seldon_core->-r requirements.txt (line 1)) (2.22.0)
Requirement already satisfied: flatbuffers<2.0.0 in /opt/conda/lib/python3.7/site-packages (from seldon_core->-r requirements.txt (line 1)) (1.12)
Requirement already satisfied: protobuf<4.0.0 in /opt/conda/lib/python3.7/site-packages (from seldon_core->-r requirements.txt (line 1)) (3.13.0)
Requirement already satisfied: grpcio<2.0.0 in /opt/conda/lib/python3.7/site-packages (from seldon_core->-r requirements.txt (line 1)) (1.31.0)
Requirement already satisfied: Flask-OpenTracing<1.2.0,>=1.1.0 in /opt/conda/lib/python3.7/site-packages (from seldon_core->-r requirements.txt (line 1)) (1.1.0)
Requirement already satisfied: opentracing<2.4.0,>=2.2.0 in /opt/conda/lib/python3.7/site-packages (from seldon_core->-r requirements.txt (line 1)) (2.3.0)
Requirement already satisfied: jaeger-client<4.4.0,>=4.1.0 in /opt/conda/lib/python3.7/site-packages (from seldon_core->-r requirements.txt (line 1)) (4.3.0)
Requirement already satisfied: grpcio-opentracing<1.2.0,>=1.1.4 in /opt/conda/lib/python3.7/site-packages (from seldon_core->-r requirements.txt (line 1)) (1.1.4)
Requirement already satisfied: PyYAML<5.4 in /opt/conda/lib/python3.7/site-packages (from seldon_core->-r requirements.txt (line 1)) (5.3.1)
Requirement already satisfied: gunicorn<20.1.0,>=19.9.0 in /opt/conda/lib/python3.7/site-packages (from seldon_core->-r requirements.txt (line 1)) (20.0.4)
Requirement already satisfied: minio<6.0.0,>=4.0.9 in /opt/conda/lib/python3.7/site-packages (from seldon_core->-r requirements.txt (line 1)) (5.0.10)
Requirement already satisfied: setuptools>=41.0.0 in /opt/conda/lib/python3.7/site-packages (from seldon_core->-r requirements.txt (line 1)) (41.4.0)
Requirement already satisfied: prometheus_client<0.9.0,>=0.7.1 in /opt/conda/lib/python3.7/site-packages (from seldon_core->-r requirements.txt (line 1)) (0.8.0)
Collecting threadpoolctl>=2.0.0 (from scikit-learn==0.23.2->-r requirements.txt (line 2))
  WARNING: Url '/whl' is ignored. It is either a non-existing path or lacks a specific scheme.
Downloading https://files.pythonhosted.org/packages/f7/12/ec3f2e203afa394a149911729357aa48affc59c20e2c1c8297a60f33f133/threadpoolctl-2.1.0-py3-none-any.whl
Collecting scipy>=0.19.1 (from scikit-learn==0.23.2->-r requirements.txt (line 2))
  WARNING: Url '/whl' is ignored. It is either a non-existing path or lacks a specific scheme.
Downloading https://files.pythonhosted.org/packages/65/f9/f7a7e5009711579c72da2725174825e5056741bf4001815d097eef1b2e17/scipy-1.5.2-cp37-cp37m-manylinux1_x86_64.whl (25.9MB)
Requirement already satisfied: itsdangerous>=0.24 in /opt/conda/lib/python3.7/site-packages (from Flask<2.0.0->seldon_core->-r requirements.txt (line 1)) (1.1.0)
Requirement already satisfied: Jinja2>=2.10.1 in /opt/conda/lib/python3.7/site-packages (from Flask<2.0.0->seldon_core->-r requirements.txt (line 1)) (2.11.2)
Requirement already satisfied: click>=5.1 in /opt/conda/lib/python3.7/site-packages (from Flask<2.0.0->seldon_core->-r requirements.txt (line 1)) (7.1.2)
Requirement already satisfied: Werkzeug>=0.15 in /opt/conda/lib/python3.7/site-packages (from Flask<2.0.0->seldon_core->-r requirements.txt (line 1)) (1.0.1)
Requirement already satisfied: attrs>=17.4.0 in /opt/conda/lib/python3.7/site-packages (from jsonschema<4.0.0->seldon_core->-r requirements.txt (line 1)) (20.1.0)
Requirement already satisfied: six>=1.11.0 in /opt/conda/lib/python3.7/site-packages (from jsonschema<4.0.0->seldon_core->-r requirements.txt (line 1)) (1.12.0)
Requirement already satisfied: pyrsistent>=0.14.0 in /opt/conda/lib/python3.7/site-packages (from jsonschema<4.0.0->seldon_core->-r requirements.txt (line 1)) (0.16.0)
Requirement already satisfied: importlib-metadata; python_version < "3.8" in /opt/conda/lib/python3.7/site-packages (from jsonschema<4.0.0->seldon_core->-r requirements.txt (line 1)) (1.7.0)
Requirement already satisfied: certifi>=2017.4.17 in /opt/conda/lib/python3.7/site-packages (from requests<3.0.0->seldon_core->-r requirements.txt (line 1)) (2020.6.20)
Requirement already satisfied: chardet<3.1.0,>=3.0.2 in /opt/conda/lib/python3.7/site-packages (from requests<3.0.0->seldon_core->-r requirements.txt (line 1)) (3.0.4)
Requirement already satisfied: urllib3!=1.25.0,!=1.25.1,<1.26,>=1.21.1 in /opt/conda/lib/python3.7/site-packages (from requests<3.0.0->seldon_core->-r requirements.txt (line 1)) (1.24.2)
Requirement already satisfied: idna<2.9,>=2.5 in /opt/conda/lib/python3.7/site-packages (from requests<3.0.0->seldon_core->-r requirements.txt (line 1)) (2.8)
Requirement already satisfied: tornado>=4.3 in /opt/conda/lib/python3.7/site-packages (from jaeger-client<4.4.0,>=4.1.0->seldon_core->-r requirements.txt (line 1)) (6.0.4)
Requirement already satisfied: thrift in /opt/conda/lib/python3.7/site-packages (from jaeger-client<4.4.0,>=4.1.0->seldon_core->-r requirements.txt (line 1)) (0.13.0)
Requirement already satisfied: threadloop<2,>=1 in /opt/conda/lib/python3.7/site-packages (from jaeger-client<4.4.0,>=4.1.0->seldon_core->-r requirements.txt (line 1)) (1.0.2)
Requirement already satisfied: pytz in /opt/conda/lib/python3.7/site-packages (from minio<6.0.0,>=4.0.9->seldon_core->-r requirements.txt (line 1)) (2020.1)
Requirement already satisfied: configparser in /opt/conda/lib/python3.7/site-packages (from minio<6.0.0,>=4.0.9->seldon_core->-r requirements.txt (line 1)) (5.0.0)
Requirement already satisfied: python-dateutil in /opt/conda/lib/python3.7/site-packages (from minio<6.0.0,>=4.0.9->seldon_core->-r requirements.txt (line 1)) (2.8.1)
Requirement already satisfied: MarkupSafe>=0.23 in /opt/conda/lib/python3.7/site-packages (from Jinja2>=2.10.1->Flask<2.0.0->seldon_core->-r requirements.txt (line 1)) (1.1.1)
Requirement already satisfied: zipp>=0.5 in /opt/conda/lib/python3.7/site-packages (from importlib-metadata; python_version < "3.8"->jsonschema<4.0.0->seldon_core->-r requirements.txt (line 1)) (3.1.0)
Installing collected packages: threadpoolctl, joblib, scipy, scikit-learn
Successfully installed joblib-0.16.0 scikit-learn-0.23.2 scipy-1.5.2 threadpoolctl-2.1.0
Collecting pip-licenses
Downloading https://files.pythonhosted.org/packages/c5/50/6c4b4e69a0c43bd9f03a30579695093062ba72da4e3e4026cd2144dbcc71/pip_licenses-2.3.0-py3-none-any.whl
Collecting PTable (from pip-licenses)
Downloading https://files.pythonhosted.org/packages/ab/b3/b54301811173ca94119eb474634f120a49cd370f257d1aae5a4abaf12729/PTable-0.9.2.tar.gz
Building wheels for collected packages: PTable
Building wheel for PTable (setup.py): started
Building wheel for PTable (setup.py): finished with status 'done'
Created wheel for PTable: filename=PTable-0.9.2-cp37-none-any.whl size=22906 sha256=676f5fde3a74bc1e30418b655fd79dca537c809238d076fcbcbac1ba8fb5b7f1
Stored in directory: /root/.cache/pip/wheels/22/cc/2e/55980bfe86393df3e9896146a01f6802978d09d7ebcba5ea56
Successfully built PTable
Installing collected packages: PTable, pip-licenses
Successfully installed PTable-0.9.2 pip-licenses-2.3.0
created path: ./licenses/license_info.csv
created path: ./licenses/license.txt
After successful assembling
Build completed successfully
s2i build \
	-E environment_grpc \
	./sklearnserver \
	seldonio/seldon-core-s2i-python37-ubi8:1.2.3-dev \
	seldonio/sklearnserver_grpc:1.2.3-dev
Before assembling
---> Installing application source...
---> Installing dependencies ...
Looking in links: /whl
Requirement already satisfied: seldon_core in ./python (from -r requirements.txt (line 1)) (1.2.3.dev0)
Collecting scikit-learn==0.23.2 (from -r requirements.txt (line 2))
  WARNING: Url '/whl' is ignored. It is either a non-existing path or lacks a specific scheme.
Downloading https://files.pythonhosted.org/packages/f4/cb/64623369f348e9bfb29ff898a57ac7c91ed4921f228e9726546614d63ccb/scikit_learn-0.23.2-cp37-cp37m-manylinux1_x86_64.whl (6.8MB)
Requirement already satisfied: numpy>=1.8.2 in /opt/conda/lib/python3.7/site-packages (from -r requirements.txt (line 3)) (1.19.1)
Collecting joblib>=0.13.0 (from -r requirements.txt (line 4))
  WARNING: Url '/whl' is ignored. It is either a non-existing path or lacks a specific scheme.
Downloading https://files.pythonhosted.org/packages/51/dd/0e015051b4a27ec5a58b02ab774059f3289a94b0906f880a3f9507e74f38/joblib-0.16.0-py3-none-any.whl (300kB)
Requirement already satisfied: Flask<2.0.0 in /opt/conda/lib/python3.7/site-packages (from seldon_core->-r requirements.txt (line 1)) (1.1.2)
Requirement already satisfied: jsonschema<4.0.0 in /opt/conda/lib/python3.7/site-packages (from seldon_core->-r requirements.txt (line 1)) (3.2.0)
Requirement already satisfied: Flask-cors<4.0.0 in /opt/conda/lib/python3.7/site-packages (from seldon_core->-r requirements.txt (line 1)) (3.0.8)
Requirement already satisfied: redis<4.0.0 in /opt/conda/lib/python3.7/site-packages (from seldon_core->-r requirements.txt (line 1)) (3.5.3)
Requirement already satisfied: requests<3.0.0 in /opt/conda/lib/python3.7/site-packages (from seldon_core->-r requirements.txt (line 1)) (2.22.0)
Requirement already satisfied: flatbuffers<2.0.0 in /opt/conda/lib/python3.7/site-packages (from seldon_core->-r requirements.txt (line 1)) (1.12)
Requirement already satisfied: protobuf<4.0.0 in /opt/conda/lib/python3.7/site-packages (from seldon_core->-r requirements.txt (line 1)) (3.13.0)
Requirement already satisfied: grpcio<2.0.0 in /opt/conda/lib/python3.7/site-packages (from seldon_core->-r requirements.txt (line 1)) (1.31.0)
Requirement already satisfied: Flask-OpenTracing<1.2.0,>=1.1.0 in /opt/conda/lib/python3.7/site-packages (from seldon_core->-r requirements.txt (line 1)) (1.1.0)
Requirement already satisfied: opentracing<2.4.0,>=2.2.0 in /opt/conda/lib/python3.7/site-packages (from seldon_core->-r requirements.txt (line 1)) (2.3.0)
Requirement already satisfied: jaeger-client<4.4.0,>=4.1.0 in /opt/conda/lib/python3.7/site-packages (from seldon_core->-r requirements.txt (line 1)) (4.3.0)
Requirement already satisfied: grpcio-opentracing<1.2.0,>=1.1.4 in /opt/conda/lib/python3.7/site-packages (from seldon_core->-r requirements.txt (line 1)) (1.1.4)
Requirement already satisfied: PyYAML<5.4 in /opt/conda/lib/python3.7/site-packages (from seldon_core->-r requirements.txt (line 1)) (5.3.1)
Requirement already satisfied: gunicorn<20.1.0,>=19.9.0 in /opt/conda/lib/python3.7/site-packages (from seldon_core->-r requirements.txt (line 1)) (20.0.4)
Requirement already satisfied: minio<6.0.0,>=4.0.9 in /opt/conda/lib/python3.7/site-packages (from seldon_core->-r requirements.txt (line 1)) (5.0.10)
Requirement already satisfied: setuptools>=41.0.0 in /opt/conda/lib/python3.7/site-packages (from seldon_core->-r requirements.txt (line 1)) (41.4.0)
Requirement already satisfied: prometheus_client<0.9.0,>=0.7.1 in /opt/conda/lib/python3.7/site-packages (from seldon_core->-r requirements.txt (line 1)) (0.8.0)
Collecting scipy>=0.19.1 (from scikit-learn==0.23.2->-r requirements.txt (line 2))
  WARNING: Url '/whl' is ignored. It is either a non-existing path or lacks a specific scheme.
Downloading https://files.pythonhosted.org/packages/65/f9/f7a7e5009711579c72da2725174825e5056741bf4001815d097eef1b2e17/scipy-1.5.2-cp37-cp37m-manylinux1_x86_64.whl (25.9MB)
Collecting threadpoolctl>=2.0.0 (from scikit-learn==0.23.2->-r requirements.txt (line 2))
  WARNING: Url '/whl' is ignored. It is either a non-existing path or lacks a specific scheme.
Downloading https://files.pythonhosted.org/packages/f7/12/ec3f2e203afa394a149911729357aa48affc59c20e2c1c8297a60f33f133/threadpoolctl-2.1.0-py3-none-any.whl
Requirement already satisfied: Werkzeug>=0.15 in /opt/conda/lib/python3.7/site-packages (from Flask<2.0.0->seldon_core->-r requirements.txt (line 1)) (1.0.1)
Requirement already satisfied: itsdangerous>=0.24 in /opt/conda/lib/python3.7/site-packages (from Flask<2.0.0->seldon_core->-r requirements.txt (line 1)) (1.1.0)
Requirement already satisfied: Jinja2>=2.10.1 in /opt/conda/lib/python3.7/site-packages (from Flask<2.0.0->seldon_core->-r requirements.txt (line 1)) (2.11.2)
Requirement already satisfied: click>=5.1 in /opt/conda/lib/python3.7/site-packages (from Flask<2.0.0->seldon_core->-r requirements.txt (line 1)) (7.1.2)
Requirement already satisfied: attrs>=17.4.0 in /opt/conda/lib/python3.7/site-packages (from jsonschema<4.0.0->seldon_core->-r requirements.txt (line 1)) (20.1.0)
Requirement already satisfied: six>=1.11.0 in /opt/conda/lib/python3.7/site-packages (from jsonschema<4.0.0->seldon_core->-r requirements.txt (line 1)) (1.12.0)
Requirement already satisfied: importlib-metadata; python_version < "3.8" in /opt/conda/lib/python3.7/site-packages (from jsonschema<4.0.0->seldon_core->-r requirements.txt (line 1)) (1.7.0)
Requirement already satisfied: pyrsistent>=0.14.0 in /opt/conda/lib/python3.7/site-packages (from jsonschema<4.0.0->seldon_core->-r requirements.txt (line 1)) (0.16.0)
Requirement already satisfied: chardet<3.1.0,>=3.0.2 in /opt/conda/lib/python3.7/site-packages (from requests<3.0.0->seldon_core->-r requirements.txt (line 1)) (3.0.4)
Requirement already satisfied: certifi>=2017.4.17 in /opt/conda/lib/python3.7/site-packages (from requests<3.0.0->seldon_core->-r requirements.txt (line 1)) (2020.6.20)
Requirement already satisfied: idna<2.9,>=2.5 in /opt/conda/lib/python3.7/site-packages (from requests<3.0.0->seldon_core->-r requirements.txt (line 1)) (2.8)
Requirement already satisfied: urllib3!=1.25.0,!=1.25.1,<1.26,>=1.21.1 in /opt/conda/lib/python3.7/site-packages (from requests<3.0.0->seldon_core->-r requirements.txt (line 1)) (1.24.2)
Requirement already satisfied: thrift in /opt/conda/lib/python3.7/site-packages (from jaeger-client<4.4.0,>=4.1.0->seldon_core->-r requirements.txt (line 1)) (0.13.0)
Requirement already satisfied: tornado>=4.3 in /opt/conda/lib/python3.7/site-packages (from jaeger-client<4.4.0,>=4.1.0->seldon_core->-r requirements.txt (line 1)) (6.0.4)
Requirement already satisfied: threadloop<2,>=1 in /opt/conda/lib/python3.7/site-packages (from jaeger-client<4.4.0,>=4.1.0->seldon_core->-r requirements.txt (line 1)) (1.0.2)
Requirement already satisfied: python-dateutil in /opt/conda/lib/python3.7/site-packages (from minio<6.0.0,>=4.0.9->seldon_core->-r requirements.txt (line 1)) (2.8.1)
Requirement already satisfied: configparser in /opt/conda/lib/python3.7/site-packages (from minio<6.0.0,>=4.0.9->seldon_core->-r requirements.txt (line 1)) (5.0.0)
Requirement already satisfied: pytz in /opt/conda/lib/python3.7/site-packages (from minio<6.0.0,>=4.0.9->seldon_core->-r requirements.txt (line 1)) (2020.1)
Requirement already satisfied: MarkupSafe>=0.23 in /opt/conda/lib/python3.7/site-packages (from Jinja2>=2.10.1->Flask<2.0.0->seldon_core->-r requirements.txt (line 1)) (1.1.1)
Requirement already satisfied: zipp>=0.5 in /opt/conda/lib/python3.7/site-packages (from importlib-metadata; python_version < "3.8"->jsonschema<4.0.0->seldon_core->-r requirements.txt (line 1)) (3.1.0)
Installing collected packages: scipy, joblib, threadpoolctl, scikit-learn
Successfully installed joblib-0.16.0 scikit-learn-0.23.2 scipy-1.5.2 threadpoolctl-2.1.0
Collecting pip-licenses
Downloading https://files.pythonhosted.org/packages/c5/50/6c4b4e69a0c43bd9f03a30579695093062ba72da4e3e4026cd2144dbcc71/pip_licenses-2.3.0-py3-none-any.whl
Collecting PTable (from pip-licenses)
Downloading https://files.pythonhosted.org/packages/ab/b3/b54301811173ca94119eb474634f120a49cd370f257d1aae5a4abaf12729/PTable-0.9.2.tar.gz
Building wheels for collected packages: PTable
Building wheel for PTable (setup.py): started
Building wheel for PTable (setup.py): finished with status 'done'
Created wheel for PTable: filename=PTable-0.9.2-cp37-none-any.whl size=22906 sha256=83daccb2a68d45fee59c9d4bb27ff728b2d7fe0fdf394c75fc7f4fad500e2a6a
Stored in directory: /root/.cache/pip/wheels/22/cc/2e/55980bfe86393df3e9896146a01f6802978d09d7ebcba5ea56
Successfully built PTable
Installing collected packages: PTable, pip-licenses
Successfully installed PTable-0.9.2 pip-licenses-2.3.0
created path: ./licenses/license_info.csv
created path: ./licenses/license.txt
After successful assembling
Build completed successfully
kind load -v 3 docker-image seldonio/sklearnserver_rest:1.2.3-dev --name kind
Image: "seldonio/sklearnserver_rest:1.2.3-dev" with ID "sha256:b4e3a0099775ff0b4fc777ad9807e26ce9708ddec4890007012188eab1dc86b4" not present on node "kind-worker"
Image: "seldonio/sklearnserver_rest:1.2.3-dev" with ID "sha256:b4e3a0099775ff0b4fc777ad9807e26ce9708ddec4890007012188eab1dc86b4" not present on node "kind-control-plane"
kind load -v 3 docker-image seldonio/sklearnserver_grpc:1.2.3-dev --name kind
Image: "seldonio/sklearnserver_grpc:1.2.3-dev" with ID "sha256:55cbcb127aac946f819615dce44f92f6fcaaaf73d8b1e196c3d81f47f62f6392" not present on node "kind-worker"
Image: "seldonio/sklearnserver_grpc:1.2.3-dev" with ID "sha256:55cbcb127aac946f819615dce44f92f6fcaaaf73d8b1e196c3d81f47f62f6392" not present on node "kind-control-plane"
make[1]: Leaving directory '/workspace/source/servers/sklearnserver'
cd ../../servers/xgboostserver && make kind_load
make[1]: Entering directory '/workspace/source/servers/xgboostserver'
s2i build \
	-E environment_rest \
	./xgboostserver \
	seldonio/seldon-core-s2i-python37-ubi8:1.2.3-dev \
	seldonio/xgboostserver_rest:1.2.3-dev
Before assembling
---> Installing application source...
---> Installing dependencies ...
Looking in links: /whl
Collecting scikit-learn==0.20.3 (from -r requirements.txt (line 1))
  WARNING: Url '/whl' is ignored. It is either a non-existing path or lacks a specific scheme.
Downloading https://files.pythonhosted.org/packages/aa/cc/a84e1748a2a70d0f3e081f56cefc634f3b57013b16faa6926d3a6f0598df/scikit_learn-0.20.3-cp37-cp37m-manylinux1_x86_64.whl (5.4MB)
Requirement already satisfied: numpy>=1.8.2 in /opt/conda/lib/python3.7/site-packages (from -r requirements.txt (line 2)) (1.19.1)
Collecting xgboost==1.0.1 (from -r requirements.txt (line 3))
  WARNING: Url '/whl' is ignored. It is either a non-existing path or lacks a specific scheme.
Downloading https://files.pythonhosted.org/packages/5c/b0/c4e5aa6d754bb19131a5990784a06c4c73d390446caf1d55f0a480dcf311/xgboost-1.0.1-py3-none-manylinux1_x86_64.whl (109.7MB)
Collecting scipy>=0.13.3 (from scikit-learn==0.20.3->-r requirements.txt (line 1))
  WARNING: Url '/whl' is ignored. It is either a non-existing path or lacks a specific scheme.
Downloading https://files.pythonhosted.org/packages/65/f9/f7a7e5009711579c72da2725174825e5056741bf4001815d097eef1b2e17/scipy-1.5.2-cp37-cp37m-manylinux1_x86_64.whl (25.9MB)
Installing collected packages: scipy, scikit-learn, xgboost
Successfully installed scikit-learn-0.20.3 scipy-1.5.2 xgboost-1.0.1
Collecting pip-licenses
Downloading https://files.pythonhosted.org/packages/c5/50/6c4b4e69a0c43bd9f03a30579695093062ba72da4e3e4026cd2144dbcc71/pip_licenses-2.3.0-py3-none-any.whl
Collecting PTable (from pip-licenses)
Downloading https://files.pythonhosted.org/packages/ab/b3/b54301811173ca94119eb474634f120a49cd370f257d1aae5a4abaf12729/PTable-0.9.2.tar.gz
Building wheels for collected packages: PTable
Building wheel for PTable (setup.py): started
Building wheel for PTable (setup.py): finished with status 'done'
Created wheel for PTable: filename=PTable-0.9.2-cp37-none-any.whl size=22906 sha256=4ba8e295b2892094de8cf11928b9d39c209dc89869a201ca3e374f4b2a699723
Stored in directory: /root/.cache/pip/wheels/22/cc/2e/55980bfe86393df3e9896146a01f6802978d09d7ebcba5ea56
Successfully built PTable
Installing collected packages: PTable, pip-licenses
Successfully installed PTable-0.9.2 pip-licenses-2.3.0
created path: ./licenses/license_info.csv
created path: ./licenses/license.txt
After successful assembling
Build completed successfully
s2i build \
	-E environment_grpc \
	./xgboostserver \
	seldonio/seldon-core-s2i-python37-ubi8:1.2.3-dev \
	seldonio/xgboostserver_grpc:1.2.3-dev
Before assembling
---> Installing application source...
---> Installing dependencies ...
Looking in links: /whl
Collecting scikit-learn==0.20.3 (from -r requirements.txt (line 1))
  WARNING: Url '/whl' is ignored. It is either a non-existing path or lacks a specific scheme.
Downloading https://files.pythonhosted.org/packages/aa/cc/a84e1748a2a70d0f3e081f56cefc634f3b57013b16faa6926d3a6f0598df/scikit_learn-0.20.3-cp37-cp37m-manylinux1_x86_64.whl (5.4MB)
Requirement already satisfied: numpy>=1.8.2 in /opt/conda/lib/python3.7/site-packages (from -r requirements.txt (line 2)) (1.19.1)
Collecting xgboost==1.0.1 (from -r requirements.txt (line 3))
  WARNING: Url '/whl' is ignored. It is either a non-existing path or lacks a specific scheme.
Downloading https://files.pythonhosted.org/packages/5c/b0/c4e5aa6d754bb19131a5990784a06c4c73d390446caf1d55f0a480dcf311/xgboost-1.0.1-py3-none-manylinux1_x86_64.whl (109.7MB)
Collecting scipy>=0.13.3 (from scikit-learn==0.20.3->-r requirements.txt (line 1))
  WARNING: Url '/whl' is ignored. It is either a non-existing path or lacks a specific scheme.
Downloading https://files.pythonhosted.org/packages/65/f9/f7a7e5009711579c72da2725174825e5056741bf4001815d097eef1b2e17/scipy-1.5.2-cp37-cp37m-manylinux1_x86_64.whl (25.9MB)
Installing collected packages: scipy, scikit-learn, xgboost
Successfully installed scikit-learn-0.20.3 scipy-1.5.2 xgboost-1.0.1
Collecting pip-licenses
Downloading https://files.pythonhosted.org/packages/c5/50/6c4b4e69a0c43bd9f03a30579695093062ba72da4e3e4026cd2144dbcc71/pip_licenses-2.3.0-py3-none-any.whl
Collecting PTable (from pip-licenses)
Downloading https://files.pythonhosted.org/packages/ab/b3/b54301811173ca94119eb474634f120a49cd370f257d1aae5a4abaf12729/PTable-0.9.2.tar.gz
Building wheels for collected packages: PTable
Building wheel for PTable (setup.py): started
Building wheel for PTable (setup.py): finished with status 'done'
Created wheel for PTable: filename=PTable-0.9.2-cp37-none-any.whl size=22906 sha256=074b16d21f8d29d4a903aab31ed4314c85180c0dbe66b175f739a7a1161e5b02
Stored in directory: /root/.cache/pip/wheels/22/cc/2e/55980bfe86393df3e9896146a01f6802978d09d7ebcba5ea56
Successfully built PTable
Installing collected packages: PTable, pip-licenses
Successfully installed PTable-0.9.2 pip-licenses-2.3.0
created path: ./licenses/license_info.csv
created path: ./licenses/license.txt
After successful assembling
Build completed successfully
kind load -v 3 docker-image seldonio/xgboostserver_rest:1.2.3-dev --name kind
Image: "seldonio/xgboostserver_rest:1.2.3-dev" with ID "sha256:41311a932d8fab601702d17284df1f63828c8a852445c36c0999124586fe2ec2" not present on node "kind-worker"
Image: "seldonio/xgboostserver_rest:1.2.3-dev" with ID "sha256:41311a932d8fab601702d17284df1f63828c8a852445c36c0999124586fe2ec2" not present on node "kind-control-plane"
kind load -v 3 docker-image seldonio/xgboostserver_grpc:1.2.3-dev --name kind
Image: "seldonio/xgboostserver_grpc:1.2.3-dev" with ID "sha256:792c2fe139625e456ecd4b5878ce36ffd553e94922c3cb6fb23eb549d99ad137" not present on node "kind-worker"
Image: "seldonio/xgboostserver_grpc:1.2.3-dev" with ID "sha256:792c2fe139625e456ecd4b5878ce36ffd553e94922c3cb6fb23eb549d99ad137" not present on node "kind-control-plane"
make[1]: Leaving directory '/workspace/source/servers/xgboostserver'
cd ../../servers/mlflowserver && make kind_load
make[1]: Entering directory '/workspace/source/servers/mlflowserver'
s2i build \
	-E environment_rest \
	./mlflowserver \
	seldonio/seldon-core-s2i-python37-ubi8:1.2.3-dev \
	seldonio/mlflowserver_rest:1.2.3-dev
Before assembling
---> Installing application source...
---> Installing dependencies ...
Looking in links: /whl
Processing ./python
Collecting pyyaml==5.1.2 (from -r requirements.txt (line 1))
  WARNING: Url '/whl' is ignored. It is either a non-existing path or lacks a specific scheme.
Downloading https://files.pythonhosted.org/packages/e3/e8/b3212641ee2718d556df0f23f78de8303f068fe29cdaa7a91018849582fe/PyYAML-5.1.2.tar.gz (265kB)
Requirement already satisfied: requests==2.22.0 in /opt/conda/lib/python3.7/site-packages (from -r requirements.txt (line 2)) (2.22.0)
Collecting mlflow<1.9.0,>=1.4.0 (from -r requirements.txt (line 3))
  WARNING: Url '/whl' is ignored. It is either a non-existing path or lacks a specific scheme.
Downloading https://files.pythonhosted.org/packages/9e/a7/40679fdb5ac44ad922902b560818682038be169f88c23ad719b9d1f82090/mlflow-1.8.0-py3-none-any.whl (10.4MB)
Collecting pandas (from -r requirements.txt (line 4))
  WARNING: Url '/whl' is ignored. It is either a non-existing path or lacks a specific scheme.
Downloading https://files.pythonhosted.org/packages/61/ed/10112535645ad7afd26c3b9defd20a32d9e42340b19c4f73ff26ccad06ee/pandas-1.1.1-cp37-cp37m-manylinux1_x86_64.whl (10.5MB)
Requirement already satisfied: Flask<2.0.0 in /opt/conda/lib/python3.7/site-packages (from seldon-core==1.2.3.dev0->-r requirements.txt (line 7)) (1.1.2)
Requirement already satisfied: jsonschema<4.0.0 in /opt/conda/lib/python3.7/site-packages (from seldon-core==1.2.3.dev0->-r requirements.txt (line 7)) (3.2.0)
Requirement already satisfied: Flask-cors<4.0.0 in /opt/conda/lib/python3.7/site-packages (from seldon-core==1.2.3.dev0->-r requirements.txt (line 7)) (3.0.8)
Requirement already satisfied: redis<4.0.0 in /opt/conda/lib/python3.7/site-packages (from seldon-core==1.2.3.dev0->-r requirements.txt (line 7)) (3.5.3)
Requirement already satisfied: numpy<2.0.0 in /opt/conda/lib/python3.7/site-packages (from seldon-core==1.2.3.dev0->-r requirements.txt (line 7)) (1.19.1)
Requirement already satisfied: flatbuffers<2.0.0 in /opt/conda/lib/python3.7/site-packages (from seldon-core==1.2.3.dev0->-r requirements.txt (line 7)) (1.12)
Requirement already satisfied: protobuf<4.0.0 in /opt/conda/lib/python3.7/site-packages (from seldon-core==1.2.3.dev0->-r requirements.txt (line 7)) (3.13.0)
Requirement already satisfied: grpcio<2.0.0 in /opt/conda/lib/python3.7/site-packages (from seldon-core==1.2.3.dev0->-r requirements.txt (line 7)) (1.31.0)
Requirement already satisfied: Flask-OpenTracing<1.2.0,>=1.1.0 in /opt/conda/lib/python3.7/site-packages (from seldon-core==1.2.3.dev0->-r requirements.txt (line 7)) (1.1.0)
Requirement already satisfied: opentracing<2.4.0,>=2.2.0 in /opt/conda/lib/python3.7/site-packages (from seldon-core==1.2.3.dev0->-r requirements.txt (line 7)) (2.3.0)
Requirement already satisfied: jaeger-client<4.4.0,>=4.1.0 in /opt/conda/lib/python3.7/site-packages (from seldon-core==1.2.3.dev0->-r requirements.txt (line 7)) (4.3.0)
Requirement already satisfied: grpcio-opentracing<1.2.0,>=1.1.4 in /opt/conda/lib/python3.7/site-packages (from seldon-core==1.2.3.dev0->-r requirements.txt (line 7)) (1.1.4)
Requirement already satisfied: gunicorn<20.1.0,>=19.9.0 in /opt/conda/lib/python3.7/site-packages (from seldon-core==1.2.3.dev0->-r requirements.txt (line 7)) (20.0.4)
Requirement already satisfied: minio<6.0.0,>=4.0.9 in /opt/conda/lib/python3.7/site-packages (from seldon-core==1.2.3.dev0->-r requirements.txt (line 7)) (5.0.10)
Requirement already satisfied: setuptools>=41.0.0 in /opt/conda/lib/python3.7/site-packages (from seldon-core==1.2.3.dev0->-r requirements.txt (line 7)) (41.4.0)
Requirement already satisfied: prometheus_client<0.9.0,>=0.7.1 in /opt/conda/lib/python3.7/site-packages (from seldon-core==1.2.3.dev0->-r requirements.txt (line 7)) (0.8.0)
Requirement already satisfied: chardet<3.1.0,>=3.0.2 in /opt/conda/lib/python3.7/site-packages (from requests==2.22.0->-r requirements.txt (line 2)) (3.0.4)
Requirement already satisfied: certifi>=2017.4.17 in /opt/conda/lib/python3.7/site-packages (from requests==2.22.0->-r requirements.txt (line 2)) (2020.6.20)
Requirement already satisfied: urllib3!=1.25.0,!=1.25.1,<1.26,>=1.21.1 in /opt/conda/lib/python3.7/site-packages (from requests==2.22.0->-r requirements.txt (line 2)) (1.24.2)
Requirement already satisfied: idna<2.9,>=2.5 in /opt/conda/lib/python3.7/site-packages (from requests==2.22.0->-r requirements.txt (line 2)) (2.8)
Collecting sqlparse (from mlflow<1.9.0,>=1.4.0->-r requirements.txt (line 3))
  WARNING: Url '/whl' is ignored. It is either a non-existing path or lacks a specific scheme.
Downloading https://files.pythonhosted.org/packages/85/ee/6e821932f413a5c4b76be9c5936e313e4fc626b33f16e027866e1d60f588/sqlparse-0.3.1-py2.py3-none-any.whl (40kB)
Requirement already satisfied: click>=7.0 in /opt/conda/lib/python3.7/site-packages (from mlflow<1.9.0,>=1.4.0->-r requirements.txt (line 3)) (7.1.2)
Requirement already satisfied: python-dateutil in /opt/conda/lib/python3.7/site-packages (from mlflow<1.9.0,>=1.4.0->-r requirements.txt (line 3)) (2.8.1)
Collecting gitpython>=2.1.0 (from mlflow<1.9.0,>=1.4.0->-r requirements.txt (line 3))
  WARNING: Url '/whl' is ignored. It is either a non-existing path or lacks a specific scheme.
Downloading https://files.pythonhosted.org/packages/f9/1e/a45320cab182bf1c8656107b3d4c042e659742822fc6bff150d769a984dd/GitPython-3.1.7-py3-none-any.whl (158kB)
Collecting cloudpickle (from mlflow<1.9.0,>=1.4.0->-r requirements.txt (line 3))
  WARNING: Url '/whl' is ignored. It is either a non-existing path or lacks a specific scheme.
Downloading https://files.pythonhosted.org/packages/8f/d7/bdb029d3de92c165afe6cdc69a2d01e26189b3bad64a1edf6ef5a5f11d1a/cloudpickle-1.5.0-py3-none-any.whl
Collecting entrypoints (from mlflow<1.9.0,>=1.4.0->-r requirements.txt (line 3))
  WARNING: Url '/whl' is ignored. It is either a non-existing path or lacks a specific scheme.
Downloading https://files.pythonhosted.org/packages/ac/c6/44694103f8c221443ee6b0041f69e2740d89a25641e62fb4f2ee568f2f9c/entrypoints-0.3-py2.py3-none-any.whl
Collecting querystring-parser (from mlflow<1.9.0,>=1.4.0->-r requirements.txt (line 3))
  WARNING: Url '/whl' is ignored. It is either a non-existing path or lacks a specific scheme.
Downloading https://files.pythonhosted.org/packages/4a/fa/f54f5662e0eababf0c49e92fd94bf178888562c0e7b677c8941bbbcd1bd6/querystring_parser-1.2.4.tar.gz
Collecting gorilla (from mlflow<1.9.0,>=1.4.0->-r requirements.txt (line 3))
  WARNING: Url '/whl' is ignored. It is either a non-existing path or lacks a specific scheme.
Downloading https://files.pythonhosted.org/packages/e3/56/5a683944cbfc77e429c6f03c636ca50504a785f60ffae91ddd7f5f7bb520/gorilla-0.3.0-py2.py3-none-any.whl
Collecting databricks-cli>=0.8.7 (from mlflow<1.9.0,>=1.4.0->-r requirements.txt (line 3))
  WARNING: Url '/whl' is ignored. It is either a non-existing path or lacks a specific scheme.
Downloading https://files.pythonhosted.org/packages/1e/57/5c2d6b83cb8753d12f548e89f91037632baa8289677c1b2ab2adf14bf6b2/databricks-cli-0.11.0.tar.gz (49kB)
Collecting docker>=4.0.0 (from mlflow<1.9.0,>=1.4.0->-r requirements.txt (line 3))
  WARNING: Url '/whl' is ignored. It is either a non-existing path or lacks a specific scheme.
Downloading https://files.pythonhosted.org/packages/9e/8c/8d42dbd83679483db207535f4fb02dc84325fa78b290f057694b057fcd21/docker-4.3.1-py2.py3-none-any.whl (145kB)
Collecting prometheus-flask-exporter (from mlflow<1.9.0,>=1.4.0->-r requirements.txt (line 3))
  WARNING: Url '/whl' is ignored. It is either a non-existing path or lacks a specific scheme.
Downloading https://files.pythonhosted.org/packages/84/b0/7549899a75e7ef0be5f8969094d0709e5dcc51dc21d58cc86b8d69441dce/prometheus_flask_exporter-0.15.4.tar.gz
Collecting simplejson (from mlflow<1.9.0,>=1.4.0->-r requirements.txt (line 3))
  WARNING: Url '/whl' is ignored. It is either a non-existing path or lacks a specific scheme.
Downloading https://files.pythonhosted.org/packages/a8/04/377418ac1e530ce2a196b54c6552c018fdf1fe776718053efb1f216bffcd/simplejson-3.17.2-cp37-cp37m-manylinux2010_x86_64.whl (128kB)
Collecting alembic (from mlflow<1.9.0,>=1.4.0->-r requirements.txt (line 3))
  WARNING: Url '/whl' is ignored. It is either a non-existing path or lacks a specific scheme.
Downloading https://files.pythonhosted.org/packages/60/1e/cabc75a189de0fbb2841d0975243e59bde8b7822bacbb95008ac6fe9ad47/alembic-1.4.2.tar.gz (1.1MB)
Installing build dependencies: started
Installing build dependencies: finished with status 'done'
Getting requirements to build wheel: started
Getting requirements to build wheel: finished with status 'done'
Preparing wheel metadata: started
Preparing wheel metadata: finished with status 'done'
Requirement already satisfied: six>=1.10.0 in /opt/conda/lib/python3.7/site-packages (from mlflow<1.9.0,>=1.4.0->-r requirements.txt (line 3)) (1.12.0)
Collecting sqlalchemy<=1.3.13 (from mlflow<1.9.0,>=1.4.0->-r requirements.txt (line 3))
  WARNING: Url '/whl' is ignored. It is either a non-existing path or lacks a specific scheme.
Downloading https://files.pythonhosted.org/packages/af/47/35edeb0f86c0b44934c05d961c893e223ef27e79e1f53b5e6f14820ff553/SQLAlchemy-1.3.13.tar.gz (6.0MB)
Requirement already satisfied: pytz>=2017.2 in /opt/conda/lib/python3.7/site-packages (from pandas->-r requirements.txt (line 4)) (2020.1)
Requirement already satisfied: itsdangerous>=0.24 in /opt/conda/lib/python3.7/site-packages (from Flask<2.0.0->seldon-core==1.2.3.dev0->-r requirements.txt (line 7)) (1.1.0)
Requirement already satisfied: Werkzeug>=0.15 in /opt/conda/lib/python3.7/site-packages (from Flask<2.0.0->seldon-core==1.2.3.dev0->-r requirements.txt (line 7)) (1.0.1)
Requirement already satisfied: Jinja2>=2.10.1 in /opt/conda/lib/python3.7/site-packages (from Flask<2.0.0->seldon-core==1.2.3.dev0->-r requirements.txt (line 7)) (2.11.2)
Requirement already satisfied: importlib-metadata; python_version < "3.8" in /opt/conda/lib/python3.7/site-packages (from jsonschema<4.0.0->seldon-core==1.2.3.dev0->-r requirements.txt (line 7)) (1.7.0)
Requirement already satisfied: attrs>=17.4.0 in /opt/conda/lib/python3.7/site-packages (from jsonschema<4.0.0->seldon-core==1.2.3.dev0->-r requirements.txt (line 7)) (20.1.0)
Requirement already satisfied: pyrsistent>=0.14.0 in /opt/conda/lib/python3.7/site-packages (from jsonschema<4.0.0->seldon-core==1.2.3.dev0->-r requirements.txt (line 7)) (0.16.0)
Requirement already satisfied: threadloop<2,>=1 in /opt/conda/lib/python3.7/site-packages (from jaeger-client<4.4.0,>=4.1.0->seldon-core==1.2.3.dev0->-r requirements.txt (line 7)) (1.0.2)
Requirement already satisfied: tornado>=4.3 in /opt/conda/lib/python3.7/site-packages (from jaeger-client<4.4.0,>=4.1.0->seldon-core==1.2.3.dev0->-r requirements.txt (line 7)) (6.0.4)
Requirement already satisfied: thrift in /opt/conda/lib/python3.7/site-packages (from jaeger-client<4.4.0,>=4.1.0->seldon-core==1.2.3.dev0->-r requirements.txt (line 7)) (0.13.0)
Requirement already satisfied: configparser in /opt/conda/lib/python3.7/site-packages (from minio<6.0.0,>=4.0.9->seldon-core==1.2.3.dev0->-r requirements.txt (line 7)) (5.0.0)
Collecting gitdb<5,>=4.0.1 (from gitpython>=2.1.0->mlflow<1.9.0,>=1.4.0->-r requirements.txt (line 3))
  WARNING: Url '/whl' is ignored. It is either a non-existing path or lacks a specific scheme.
Downloading https://files.pythonhosted.org/packages/48/11/d1800bca0a3bae820b84b7d813ad1eff15a48a64caea9c823fc8c1b119e8/gitdb-4.0.5-py3-none-any.whl (63kB)
Collecting tabulate>=0.7.7 (from databricks-cli>=0.8.7->mlflow<1.9.0,>=1.4.0->-r requirements.txt (line 3))
  WARNING: Url '/whl' is ignored. It is either a non-existing path or lacks a specific scheme.
Downloading https://files.pythonhosted.org/packages/c4/f4/770ae9385990f5a19a91431163d262182d3203662ea2b5739d0fcfc080f1/tabulate-0.8.7-py3-none-any.whl
Collecting websocket-client>=0.32.0 (from docker>=4.0.0->mlflow<1.9.0,>=1.4.0->-r requirements.txt (line 3))
  WARNING: Url '/whl' is ignored. It is either a non-existing path or lacks a specific scheme.
Downloading https://files.pythonhosted.org/packages/4c/5f/f61b420143ed1c8dc69f9eaec5ff1ac36109d52c80de49d66e0c36c3dfdf/websocket_client-0.57.0-py2.py3-none-any.whl (200kB)
Collecting python-editor>=0.3 (from alembic->mlflow<1.9.0,>=1.4.0->-r requirements.txt (line 3))
  WARNING: Url '/whl' is ignored. It is either a non-existing path or lacks a specific scheme.
Downloading https://files.pythonhosted.org/packages/c6/d3/201fc3abe391bbae6606e6f1d598c15d367033332bd54352b12f35513717/python_editor-1.0.4-py3-none-any.whl
Collecting Mako (from alembic->mlflow<1.9.0,>=1.4.0->-r requirements.txt (line 3))
  WARNING: Url '/whl' is ignored. It is either a non-existing path or lacks a specific scheme.
Downloading https://files.pythonhosted.org/packages/a6/37/0e706200d22172eb8fa17d68a7ae22dec7631a0a92266634fb518a88a5b2/Mako-1.1.3-py2.py3-none-any.whl (75kB)
Requirement already satisfied: MarkupSafe>=0.23 in /opt/conda/lib/python3.7/site-packages (from Jinja2>=2.10.1->Flask<2.0.0->seldon-core==1.2.3.dev0->-r requirements.txt (line 7)) (1.1.1)
Requirement already satisfied: zipp>=0.5 in /opt/conda/lib/python3.7/site-packages (from importlib-metadata; python_version < "3.8"->jsonschema<4.0.0->seldon-core==1.2.3.dev0->-r requirements.txt (line 7)) (3.1.0)
Collecting smmap<4,>=3.0.1 (from gitdb<5,>=4.0.1->gitpython>=2.1.0->mlflow<1.9.0,>=1.4.0->-r requirements.txt (line 3))
  WARNING: Url '/whl' is ignored. It is either a non-existing path or lacks a specific scheme.
Downloading https://files.pythonhosted.org/packages/b0/9a/4d409a6234eb940e6a78dfdfc66156e7522262f5f2fecca07dc55915952d/smmap-3.0.4-py2.py3-none-any.whl
Building wheels for collected packages: alembic
Building wheel for alembic (PEP 517): started
Building wheel for alembic (PEP 517): finished with status 'done'
Created wheel for alembic: filename=alembic-1.4.2-cp37-none-any.whl size=159540 sha256=d895ca701a4bdaf832fc0493bc9c0c5bb6e89a81a3f0014d3e534ecb189b23ad
Stored in directory: /root/.cache/pip/wheels/1f/04/83/76023f7a4c14688c0b5c2682a96392cfdd3ee4449eaaa287ef
Successfully built alembic
Building wheels for collected packages: pyyaml, seldon-core, querystring-parser, databricks-cli, prometheus-flask-exporter, sqlalchemy
Building wheel for pyyaml (setup.py): started
Building wheel for pyyaml (setup.py): finished with status 'done'
Created wheel for pyyaml: filename=PyYAML-5.1.2-cp37-cp37m-linux_x86_64.whl size=44103 sha256=64d65666042e80f815efd4c814fbc71fe8a8986aad1f0762ba7828f32c0cd40b
Stored in directory: /root/.cache/pip/wheels/d9/45/dd/65f0b38450c47cf7e5312883deb97d065e030c5cca0a365030
Building wheel for seldon-core (setup.py): started
Building wheel for seldon-core (setup.py): finished with status 'done'
Created wheel for seldon-core: filename=seldon_core-1.2.3.dev0-cp37-none-any.whl size=108211 sha256=b4cd7f6101f9e58464536f7c2bd1543e98e21ffbb1bc75a3f32e263c9868f35b
Stored in directory: /tmp/pip-ephem-wheel-cache-tg_u6d9c/wheels/a9/90/3f/f23037410d33e3a8e88ef02b095497c44983a6bd1787519d77
Building wheel for querystring-parser (setup.py): started
Building wheel for querystring-parser (setup.py): finished with status 'done'
Created wheel for querystring-parser: filename=querystring_parser-1.2.4-cp37-none-any.whl size=7079 sha256=107f266814ee1aaedcfadaa9d1c4e52f7b2abee301033a3ac4feb998293efb9e
Stored in directory: /root/.cache/pip/wheels/1e/41/34/23ebf5d1089a9aed847951e0ee375426eb4ad0a7079d88d41e
Building wheel for databricks-cli (setup.py): started
Building wheel for databricks-cli (setup.py): finished with status 'done'
Created wheel for databricks-cli: filename=databricks_cli-0.11.0-cp37-none-any.whl size=90300 sha256=3ee29f2fdf46ef24ccb7aaed0a558a86cb98db0684466beb93382d8596e615f4
Stored in directory: /root/.cache/pip/wheels/63/d0/4f/3deeca1f4c47a6aca7c2c6a6e2bf272391565dc86a7718a59b
Building wheel for prometheus-flask-exporter (setup.py): started
Building wheel for prometheus-flask-exporter (setup.py): finished with status 'done'
Created wheel for prometheus-flask-exporter: filename=prometheus_flask_exporter-0.15.4-cp37-none-any.whl size=16453 sha256=8337e71cf28c0dbb4d9bc64402f1c5407180aef779fe0e6b10e3f23055657ece
Stored in directory: /root/.cache/pip/wheels/4f/b4/70/b18fa12c1c0a30fd542767dbbcdac225c6aae012fa1b3124e4
Building wheel for sqlalchemy (setup.py): started
Building wheel for sqlalchemy (setup.py): finished with status 'done'
Created wheel for sqlalchemy: filename=SQLAlchemy-1.3.13-cp37-cp37m-linux_x86_64.whl size=1224263 sha256=70c6284c982e89d062564bdf90db1239a52f200fa26b593f5d1bf5374c372b2e
Stored in directory: /root/.cache/pip/wheels/b3/35/98/4c9cb3fd63d21d5606b972dd70643769745adf60e622467b71
Successfully built pyyaml seldon-core querystring-parser databricks-cli prometheus-flask-exporter sqlalchemy
Installing collected packages: pyyaml, sqlparse, smmap, gitdb, gitpython, cloudpickle, pandas, entrypoints, querystring-parser, gorilla, tabulate, databricks-cli, websocket-client, docker, prometheus-flask-exporter, simplejson, python-editor, sqlalchemy, Mako, alembic, mlflow, seldon-core
Found existing installation: PyYAML 5.3.1
Uninstalling PyYAML-5.3.1:
Successfully uninstalled PyYAML-5.3.1
Found existing installation: seldon-core 1.2.3.dev0
Uninstalling seldon-core-1.2.3.dev0:
Successfully uninstalled seldon-core-1.2.3.dev0
Successfully installed Mako-1.1.3 alembic-1.4.2 cloudpickle-1.5.0 databricks-cli-0.11.0 docker-4.3.1 entrypoints-0.3 gitdb-4.0.5 gitpython-3.1.7 gorilla-0.3.0 mlflow-1.8.0 pandas-1.1.1 prometheus-flask-exporter-0.15.4 python-editor-1.0.4 pyyaml-5.1.2 querystring-parser-1.2.4 seldon-core-1.2.3.dev0 simplejson-3.17.2 smmap-3.0.4 sqlalchemy-1.3.13 sqlparse-0.3.1 tabulate-0.8.7 websocket-client-0.57.0
Collecting pip-licenses
Downloading https://files.pythonhosted.org/packages/c5/50/6c4b4e69a0c43bd9f03a30579695093062ba72da4e3e4026cd2144dbcc71/pip_licenses-2.3.0-py3-none-any.whl
Collecting PTable (from pip-licenses)
Downloading https://files.pythonhosted.org/packages/ab/b3/b54301811173ca94119eb474634f120a49cd370f257d1aae5a4abaf12729/PTable-0.9.2.tar.gz
Building wheels for collected packages: PTable
Building wheel for PTable (setup.py): started
Building wheel for PTable (setup.py): finished with status 'done'
Created wheel for PTable: filename=PTable-0.9.2-cp37-none-any.whl size=22906 sha256=0dc47f4a60666f27d1734d2de2fa5ad05b1dc7adbb5e7cbb2b77d095d6f5a6eb
Stored in directory: /root/.cache/pip/wheels/22/cc/2e/55980bfe86393df3e9896146a01f6802978d09d7ebcba5ea56
Successfully built PTable
Installing collected packages: PTable, pip-licenses
Successfully installed PTable-0.9.2 pip-licenses-2.3.0
created path: ./licenses/license_info.csv
created path: ./licenses/license.txt
After successful assembling
Build completed successfully
s2i build \
	-E environment_grpc \
	./mlflowserver \
	seldonio/seldon-core-s2i-python37-ubi8:1.2.3-dev \
	seldonio/mlflowserver_grpc:1.2.3-dev
Before assembling
---> Installing application source...
---> Installing dependencies ...
Looking in links: /whl
Processing ./python
Collecting pyyaml==5.1.2 (from -r requirements.txt (line 1))
  WARNING: Url '/whl' is ignored. It is either a non-existing path or lacks a specific scheme.
Downloading https://files.pythonhosted.org/packages/e3/e8/b3212641ee2718d556df0f23f78de8303f068fe29cdaa7a91018849582fe/PyYAML-5.1.2.tar.gz (265kB)
Requirement already satisfied: requests==2.22.0 in /opt/conda/lib/python3.7/site-packages (from -r requirements.txt (line 2)) (2.22.0)
Collecting mlflow<1.9.0,>=1.4.0 (from -r requirements.txt (line 3))
  WARNING: Url '/whl' is ignored. It is either a non-existing path or lacks a specific scheme.
Downloading https://files.pythonhosted.org/packages/9e/a7/40679fdb5ac44ad922902b560818682038be169f88c23ad719b9d1f82090/mlflow-1.8.0-py3-none-any.whl (10.4MB)
Collecting pandas (from -r requirements.txt (line 4))
  WARNING: Url '/whl' is ignored. It is either a non-existing path or lacks a specific scheme.
Downloading https://files.pythonhosted.org/packages/61/ed/10112535645ad7afd26c3b9defd20a32d9e42340b19c4f73ff26ccad06ee/pandas-1.1.1-cp37-cp37m-manylinux1_x86_64.whl (10.5MB)
Requirement already satisfied: Flask<2.0.0 in /opt/conda/lib/python3.7/site-packages (from seldon-core==1.2.3.dev0->-r requirements.txt (line 7)) (1.1.2)
Requirement already satisfied: jsonschema<4.0.0 in /opt/conda/lib/python3.7/site-packages (from seldon-core==1.2.3.dev0->-r requirements.txt (line 7)) (3.2.0)
Requirement already satisfied: Flask-cors<4.0.0 in /opt/conda/lib/python3.7/site-packages (from seldon-core==1.2.3.dev0->-r requirements.txt (line 7)) (3.0.8)
Requirement already satisfied: redis<4.0.0 in /opt/conda/lib/python3.7/site-packages (from seldon-core==1.2.3.dev0->-r requirements.txt (line 7)) (3.5.3)
Requirement already satisfied: numpy<2.0.0 in /opt/conda/lib/python3.7/site-packages (from seldon-core==1.2.3.dev0->-r requirements.txt (line 7)) (1.19.1)
Requirement already satisfied: flatbuffers<2.0.0 in /opt/conda/lib/python3.7/site-packages (from seldon-core==1.2.3.dev0->-r requirements.txt (line 7)) (1.12)
Requirement already satisfied: protobuf<4.0.0 in /opt/conda/lib/python3.7/site-packages (from seldon-core==1.2.3.dev0->-r requirements.txt (line 7)) (3.13.0)
Requirement already satisfied: grpcio<2.0.0 in /opt/conda/lib/python3.7/site-packages (from seldon-core==1.2.3.dev0->-r requirements.txt (line 7)) (1.31.0)
Requirement already satisfied: Flask-OpenTracing<1.2.0,>=1.1.0 in /opt/conda/lib/python3.7/site-packages (from seldon-core==1.2.3.dev0->-r requirements.txt (line 7)) (1.1.0)
Requirement already satisfied: opentracing<2.4.0,>=2.2.0 in /opt/conda/lib/python3.7/site-packages (from seldon-core==1.2.3.dev0->-r requirements.txt (line 7)) (2.3.0)
Requirement already satisfied: jaeger-client<4.4.0,>=4.1.0 in /opt/conda/lib/python3.7/site-packages (from seldon-core==1.2.3.dev0->-r requirements.txt (line 7)) (4.3.0)
Requirement already satisfied: grpcio-opentracing<1.2.0,>=1.1.4 in /opt/conda/lib/python3.7/site-packages (from seldon-core==1.2.3.dev0->-r requirements.txt (line 7)) (1.1.4)
Requirement already satisfied: gunicorn<20.1.0,>=19.9.0 in /opt/conda/lib/python3.7/site-packages (from seldon-core==1.2.3.dev0->-r requirements.txt (line 7)) (20.0.4)
Requirement already satisfied: minio<6.0.0,>=4.0.9 in /opt/conda/lib/python3.7/site-packages (from seldon-core==1.2.3.dev0->-r requirements.txt (line 7)) (5.0.10)
Requirement already satisfied: setuptools>=41.0.0 in /opt/conda/lib/python3.7/site-packages (from seldon-core==1.2.3.dev0->-r requirements.txt (line 7)) (41.4.0)
Requirement already satisfied: prometheus_client<0.9.0,>=0.7.1 in /opt/conda/lib/python3.7/site-packages (from seldon-core==1.2.3.dev0->-r requirements.txt (line 7)) (0.8.0)
Requirement already satisfied: certifi>=2017.4.17 in /opt/conda/lib/python3.7/site-packages (from requests==2.22.0->-r requirements.txt (line 2)) (2020.6.20)
Requirement already satisfied: idna<2.9,>=2.5 in /opt/conda/lib/python3.7/site-packages (from requests==2.22.0->-r requirements.txt (line 2)) (2.8)
Requirement already satisfied: chardet<3.1.0,>=3.0.2 in /opt/conda/lib/python3.7/site-packages (from requests==2.22.0->-r requirements.txt (line 2)) (3.0.4)
Requirement already satisfied: urllib3!=1.25.0,!=1.25.1,<1.26,>=1.21.1 in /opt/conda/lib/python3.7/site-packages (from requests==2.22.0->-r requirements.txt (line 2)) (1.24.2)
Requirement already satisfied: click>=7.0 in /opt/conda/lib/python3.7/site-packages (from mlflow<1.9.0,>=1.4.0->-r requirements.txt (line 3)) (7.1.2)
Collecting docker>=4.0.0 (from mlflow<1.9.0,>=1.4.0->-r requirements.txt (line 3))
  WARNING: Url '/whl' is ignored. It is either a non-existing path or lacks a specific scheme.
Downloading https://files.pythonhosted.org/packages/9e/8c/8d42dbd83679483db207535f4fb02dc84325fa78b290f057694b057fcd21/docker-4.3.1-py2.py3-none-any.whl (145kB)
Collecting querystring-parser (from mlflow<1.9.0,>=1.4.0->-r requirements.txt (line 3))
  WARNING: Url '/whl' is ignored. It is either a non-existing path or lacks a specific scheme.
Downloading https://files.pythonhosted.org/packages/4a/fa/f54f5662e0eababf0c49e92fd94bf178888562c0e7b677c8941bbbcd1bd6/querystring_parser-1.2.4.tar.gz
Collecting prometheus-flask-exporter (from mlflow<1.9.0,>=1.4.0->-r requirements.txt (line 3))
  WARNING: Url '/whl' is ignored. It is either a non-existing path or lacks a specific scheme.
Downloading https://files.pythonhosted.org/packages/84/b0/7549899a75e7ef0be5f8969094d0709e5dcc51dc21d58cc86b8d69441dce/prometheus_flask_exporter-0.15.4.tar.gz
Requirement already satisfied: python-dateutil in /opt/conda/lib/python3.7/site-packages (from mlflow<1.9.0,>=1.4.0->-r requirements.txt (line 3)) (2.8.1)
Collecting gitpython>=2.1.0 (from mlflow<1.9.0,>=1.4.0->-r requirements.txt (line 3))
  WARNING: Url '/whl' is ignored. It is either a non-existing path or lacks a specific scheme.
Downloading https://files.pythonhosted.org/packages/f9/1e/a45320cab182bf1c8656107b3d4c042e659742822fc6bff150d769a984dd/GitPython-3.1.7-py3-none-any.whl (158kB)
Collecting entrypoints (from mlflow<1.9.0,>=1.4.0->-r requirements.txt (line 3))
  WARNING: Url '/whl' is ignored. It is either a non-existing path or lacks a specific scheme.
Downloading https://files.pythonhosted.org/packages/ac/c6/44694103f8c221443ee6b0041f69e2740d89a25641e62fb4f2ee568f2f9c/entrypoints-0.3-py2.py3-none-any.whl
Collecting cloudpickle (from mlflow<1.9.0,>=1.4.0->-r requirements.txt (line 3))
  WARNING: Url '/whl' is ignored. It is either a non-existing path or lacks a specific scheme.
Downloading https://files.pythonhosted.org/packages/8f/d7/bdb029d3de92c165afe6cdc69a2d01e26189b3bad64a1edf6ef5a5f11d1a/cloudpickle-1.5.0-py3-none-any.whl
Collecting sqlalchemy<=1.3.13 (from mlflow<1.9.0,>=1.4.0->-r requirements.txt (line 3))
  WARNING: Url '/whl' is ignored. It is either a non-existing path or lacks a specific scheme.
Downloading https://files.pythonhosted.org/packages/af/47/35edeb0f86c0b44934c05d961c893e223ef27e79e1f53b5e6f14820ff553/SQLAlchemy-1.3.13.tar.gz (6.0MB)
Collecting gorilla (from mlflow<1.9.0,>=1.4.0->-r requirements.txt (line 3))
  WARNING: Url '/whl' is ignored. It is either a non-existing path or lacks a specific scheme.
Downloading https://files.pythonhosted.org/packages/e3/56/5a683944cbfc77e429c6f03c636ca50504a785f60ffae91ddd7f5f7bb520/gorilla-0.3.0-py2.py3-none-any.whl
Collecting alembic (from mlflow<1.9.0,>=1.4.0->-r requirements.txt (line 3))
  WARNING: Url '/whl' is ignored. It is either a non-existing path or lacks a specific scheme.
Downloading https://files.pythonhosted.org/packages/60/1e/cabc75a189de0fbb2841d0975243e59bde8b7822bacbb95008ac6fe9ad47/alembic-1.4.2.tar.gz (1.1MB)
Installing build dependencies: started
Installing build dependencies: finished with status 'done'
Getting requirements to build wheel: started
Getting requirements to build wheel: finished with status 'done'
Preparing wheel metadata: started
Preparing wheel metadata: finished with status 'done'
Collecting databricks-cli>=0.8.7 (from mlflow<1.9.0,>=1.4.0->-r requirements.txt (line 3))
  WARNING: Url '/whl' is ignored. It is either a non-existing path or lacks a specific scheme.
Downloading https://files.pythonhosted.org/packages/1e/57/5c2d6b83cb8753d12f548e89f91037632baa8289677c1b2ab2adf14bf6b2/databricks-cli-0.11.0.tar.gz (49kB)
Collecting simplejson (from mlflow<1.9.0,>=1.4.0->-r requirements.txt (line 3))
  WARNING: Url '/whl' is ignored. It is either a non-existing path or lacks a specific scheme.
Downloading https://files.pythonhosted.org/packages/a8/04/377418ac1e530ce2a196b54c6552c018fdf1fe776718053efb1f216bffcd/simplejson-3.17.2-cp37-cp37m-manylinux2010_x86_64.whl (128kB)
Requirement already satisfied: six>=1.10.0 in /opt/conda/lib/python3.7/site-packages (from mlflow<1.9.0,>=1.4.0->-r requirements.txt (line 3)) (1.12.0)
Collecting sqlparse (from mlflow<1.9.0,>=1.4.0->-r requirements.txt (line 3))
  WARNING: Url '/whl' is ignored. It is either a non-existing path or lacks a specific scheme.
Downloading https://files.pythonhosted.org/packages/85/ee/6e821932f413a5c4b76be9c5936e313e4fc626b33f16e027866e1d60f588/sqlparse-0.3.1-py2.py3-none-any.whl (40kB)
Requirement already satisfied: pytz>=2017.2 in /opt/conda/lib/python3.7/site-packages (from pandas->-r requirements.txt (line 4)) (2020.1)
Requirement already satisfied: Werkzeug>=0.15 in /opt/conda/lib/python3.7/site-packages (from Flask<2.0.0->seldon-core==1.2.3.dev0->-r requirements.txt (line 7)) (1.0.1)
Requirement already satisfied: itsdangerous>=0.24 in /opt/conda/lib/python3.7/site-packages (from Flask<2.0.0->seldon-core==1.2.3.dev0->-r requirements.txt (line 7)) (1.1.0)
Requirement already satisfied: Jinja2>=2.10.1 in /opt/conda/lib/python3.7/site-packages (from Flask<2.0.0->seldon-core==1.2.3.dev0->-r requirements.txt (line 7)) (2.11.2)
Requirement already satisfied: pyrsistent>=0.14.0 in /opt/conda/lib/python3.7/site-packages (from jsonschema<4.0.0->seldon-core==1.2.3.dev0->-r requirements.txt (line 7)) (0.16.0)
Requirement already satisfied: attrs>=17.4.0 in /opt/conda/lib/python3.7/site-packages (from jsonschema<4.0.0->seldon-core==1.2.3.dev0->-r requirements.txt (line 7)) (20.1.0)
Requirement already satisfied: importlib-metadata; python_version < "3.8" in /opt/conda/lib/python3.7/site-packages (from jsonschema<4.0.0->seldon-core==1.2.3.dev0->-r requirements.txt (line 7)) (1.7.0)
Requirement already satisfied: threadloop<2,>=1 in /opt/conda/lib/python3.7/site-packages (from jaeger-client<4.4.0,>=4.1.0->seldon-core==1.2.3.dev0->-r requirements.txt (line 7)) (1.0.2)
Requirement already satisfied: thrift in /opt/conda/lib/python3.7/site-packages (from jaeger-client<4.4.0,>=4.1.0->seldon-core==1.2.3.dev0->-r requirements.txt (line 7)) (0.13.0)
Requirement already satisfied: tornado>=4.3 in /opt/conda/lib/python3.7/site-packages (from jaeger-client<4.4.0,>=4.1.0->seldon-core==1.2.3.dev0->-r requirements.txt (line 7)) (6.0.4)
Requirement already satisfied: configparser in /opt/conda/lib/python3.7/site-packages (from minio<6.0.0,>=4.0.9->seldon-core==1.2.3.dev0->-r requirements.txt (line 7)) (5.0.0)
Collecting websocket-client>=0.32.0 (from docker>=4.0.0->mlflow<1.9.0,>=1.4.0->-r requirements.txt (line 3))
  WARNING: Url '/whl' is ignored. It is either a non-existing path or lacks a specific scheme.
Downloading https://files.pythonhosted.org/packages/4c/5f/f61b420143ed1c8dc69f9eaec5ff1ac36109d52c80de49d66e0c36c3dfdf/websocket_client-0.57.0-py2.py3-none-any.whl (200kB)
Collecting gitdb<5,>=4.0.1 (from gitpython>=2.1.0->mlflow<1.9.0,>=1.4.0->-r requirements.txt (line 3))
  WARNING: Url '/whl' is ignored. It is either a non-existing path or lacks a specific scheme.
Downloading https://files.pythonhosted.org/packages/48/11/d1800bca0a3bae820b84b7d813ad1eff15a48a64caea9c823fc8c1b119e8/gitdb-4.0.5-py3-none-any.whl (63kB)
Collecting Mako (from alembic->mlflow<1.9.0,>=1.4.0->-r requirements.txt (line 3))
  WARNING: Url '/whl' is ignored. It is either a non-existing path or lacks a specific scheme.
Downloading https://files.pythonhosted.org/packages/a6/37/0e706200d22172eb8fa17d68a7ae22dec7631a0a92266634fb518a88a5b2/Mako-1.1.3-py2.py3-none-any.whl (75kB)
Collecting python-editor>=0.3 (from alembic->mlflow<1.9.0,>=1.4.0->-r requirements.txt (line 3))
  WARNING: Url '/whl' is ignored. It is either a non-existing path or lacks a specific scheme.
Downloading https://files.pythonhosted.org/packages/c6/d3/201fc3abe391bbae6606e6f1d598c15d367033332bd54352b12f35513717/python_editor-1.0.4-py3-none-any.whl
Collecting tabulate>=0.7.7 (from databricks-cli>=0.8.7->mlflow<1.9.0,>=1.4.0->-r requirements.txt (line 3))
  WARNING: Url '/whl' is ignored. It is either a non-existing path or lacks a specific scheme.
Downloading https://files.pythonhosted.org/packages/c4/f4/770ae9385990f5a19a91431163d262182d3203662ea2b5739d0fcfc080f1/tabulate-0.8.7-py3-none-any.whl
Requirement already satisfied: MarkupSafe>=0.23 in /opt/conda/lib/python3.7/site-packages (from Jinja2>=2.10.1->Flask<2.0.0->seldon-core==1.2.3.dev0->-r requirements.txt (line 7)) (1.1.1)
Requirement already satisfied: zipp>=0.5 in /opt/conda/lib/python3.7/site-packages (from importlib-metadata; python_version < "3.8"->jsonschema<4.0.0->seldon-core==1.2.3.dev0->-r requirements.txt (line 7)) (3.1.0)
Collecting smmap<4,>=3.0.1 (from gitdb<5,>=4.0.1->gitpython>=2.1.0->mlflow<1.9.0,>=1.4.0->-r requirements.txt (line 3))
  WARNING: Url '/whl' is ignored. It is either a non-existing path or lacks a specific scheme.
Downloading https://files.pythonhosted.org/packages/b0/9a/4d409a6234eb940e6a78dfdfc66156e7522262f5f2fecca07dc55915952d/smmap-3.0.4-py2.py3-none-any.whl
Building wheels for collected packages: alembic
Building wheel for alembic (PEP 517): started
Building wheel for alembic (PEP 517): finished with status 'done'
Created wheel for alembic: filename=alembic-1.4.2-cp37-none-any.whl size=159540 sha256=2f612e71955f5e881eaf987006cb2f47c83c18c678bfcdc7a82e02a7bd079c82
Stored in directory: /root/.cache/pip/wheels/1f/04/83/76023f7a4c14688c0b5c2682a96392cfdd3ee4449eaaa287ef
Successfully built alembic
Building wheels for collected packages: pyyaml, seldon-core, querystring-parser, prometheus-flask-exporter, sqlalchemy, databricks-cli
Building wheel for pyyaml (setup.py): started
Building wheel for pyyaml (setup.py): finished with status 'done'
Created wheel for pyyaml: filename=PyYAML-5.1.2-cp37-cp37m-linux_x86_64.whl size=44103 sha256=7ff2d9b21c71a95a33e77e0b9f4553e3f8e63bf64469dd7f7d62f2c47c2e3475
Stored in directory: /root/.cache/pip/wheels/d9/45/dd/65f0b38450c47cf7e5312883deb97d065e030c5cca0a365030
Building wheel for seldon-core (setup.py): started
Building wheel for seldon-core (setup.py): finished with status 'done'
Created wheel for seldon-core: filename=seldon_core-1.2.3.dev0-cp37-none-any.whl size=108211 sha256=23d1e739c1155ea2210f1873e54289bb1d57f1a5195e05354c3824dda2b419e1
Stored in directory: /tmp/pip-ephem-wheel-cache-qgjcflop/wheels/a9/90/3f/f23037410d33e3a8e88ef02b095497c44983a6bd1787519d77
Building wheel for querystring-parser (setup.py): started
Building wheel for querystring-parser (setup.py): finished with status 'done'
Created wheel for querystring-parser: filename=querystring_parser-1.2.4-cp37-none-any.whl size=7079 sha256=aad8c3dbb1e974a9cac84b477138eb053e5cc7ae594c7bff0a677644d164c5ff
Stored in directory: /root/.cache/pip/wheels/1e/41/34/23ebf5d1089a9aed847951e0ee375426eb4ad0a7079d88d41e
Building wheel for prometheus-flask-exporter (setup.py): started
Building wheel for prometheus-flask-exporter (setup.py): finished with status 'done'
Created wheel for prometheus-flask-exporter: filename=prometheus_flask_exporter-0.15.4-cp37-none-any.whl size=16453 sha256=77d7826f1e103f6e3bb778ec34de2c6a26b98970f997429f0b9fb7610954322b
Stored in directory: /root/.cache/pip/wheels/4f/b4/70/b18fa12c1c0a30fd542767dbbcdac225c6aae012fa1b3124e4
Building wheel for sqlalchemy (setup.py): started
Building wheel for sqlalchemy (setup.py): finished with status 'done'
Created wheel for sqlalchemy: filename=SQLAlchemy-1.3.13-cp37-cp37m-linux_x86_64.whl size=1224260 sha256=bd899fcd04e1b72505962698d00445d8c47f07212f6b3993da29236ef9e74e2b
Stored in directory: /root/.cache/pip/wheels/b3/35/98/4c9cb3fd63d21d5606b972dd70643769745adf60e622467b71
Building wheel for databricks-cli (setup.py): started
Building wheel for databricks-cli (setup.py): finished with status 'done'
Created wheel for databricks-cli: filename=databricks_cli-0.11.0-cp37-none-any.whl size=90300 sha256=0ce41b23ca604b4a7b334a5d83cf95fe69d2c86053d8c2638627067e5b651217
Stored in directory: /root/.cache/pip/wheels/63/d0/4f/3deeca1f4c47a6aca7c2c6a6e2bf272391565dc86a7718a59b
Successfully built pyyaml seldon-core querystring-parser prometheus-flask-exporter sqlalchemy databricks-cli
Installing collected packages: pyyaml, websocket-client, docker, pandas, querystring-parser, prometheus-flask-exporter, smmap, gitdb, gitpython, entrypoints, cloudpickle, sqlalchemy, gorilla, Mako, python-editor, alembic, tabulate, databricks-cli, simplejson, sqlparse, mlflow, seldon-core
Found existing installation: PyYAML 5.3.1
Uninstalling PyYAML-5.3.1:
Successfully uninstalled PyYAML-5.3.1
Found existing installation: seldon-core 1.2.3.dev0
Uninstalling seldon-core-1.2.3.dev0:
Successfully uninstalled seldon-core-1.2.3.dev0
Successfully installed Mako-1.1.3 alembic-1.4.2 cloudpickle-1.5.0 databricks-cli-0.11.0 docker-4.3.1 entrypoints-0.3 gitdb-4.0.5 gitpython-3.1.7 gorilla-0.3.0 mlflow-1.8.0 pandas-1.1.1 prometheus-flask-exporter-0.15.4 python-editor-1.0.4 pyyaml-5.1.2 querystring-parser-1.2.4 seldon-core-1.2.3.dev0 simplejson-3.17.2 smmap-3.0.4 sqlalchemy-1.3.13 sqlparse-0.3.1 tabulate-0.8.7 websocket-client-0.57.0
Collecting pip-licenses
Downloading https://files.pythonhosted.org/packages/c5/50/6c4b4e69a0c43bd9f03a30579695093062ba72da4e3e4026cd2144dbcc71/pip_licenses-2.3.0-py3-none-any.whl
Collecting PTable (from pip-licenses)
Downloading https://files.pythonhosted.org/packages/ab/b3/b54301811173ca94119eb474634f120a49cd370f257d1aae5a4abaf12729/PTable-0.9.2.tar.gz
Building wheels for collected packages: PTable
Building wheel for PTable (setup.py): started
Building wheel for PTable (setup.py): finished with status 'done'
Created wheel for PTable: filename=PTable-0.9.2-cp37-none-any.whl size=22906 sha256=8b84fe9141018c56abe3a2ee44429913cd97fd4c0e16e086bf1ab170b0851f6e
Stored in directory: /root/.cache/pip/wheels/22/cc/2e/55980bfe86393df3e9896146a01f6802978d09d7ebcba5ea56
Successfully built PTable
Installing collected packages: PTable, pip-licenses
Successfully installed PTable-0.9.2 pip-licenses-2.3.0
created path: ./licenses/license_info.csv
created path: ./licenses/license.txt
After successful assembling
Build completed successfully
kind load -v 3 docker-image seldonio/mlflowserver_rest:1.2.3-dev --name kind
Image: "seldonio/mlflowserver_rest:1.2.3-dev" with ID "sha256:6eb672353b9bb165dafb18b98c7d568bb3c62bf3cd174856ac7b3ddbba2b95db" not present on node "kind-worker"
Image: "seldonio/mlflowserver_rest:1.2.3-dev" with ID "sha256:6eb672353b9bb165dafb18b98c7d568bb3c62bf3cd174856ac7b3ddbba2b95db" not present on node "kind-control-plane"
kind load -v 3 docker-image seldonio/mlflowserver_grpc:1.2.3-dev --name kind
Image: "seldonio/mlflowserver_grpc:1.2.3-dev" with ID "sha256:f54e496341f9a639a61ae7e1a8e0356fc39023ea61940a5ee95954681dded4ac" not present on node "kind-worker"
Image: "seldonio/mlflowserver_grpc:1.2.3-dev" with ID "sha256:f54e496341f9a639a61ae7e1a8e0356fc39023ea61940a5ee95954681dded4ac" not present on node "kind-control-plane"
make[1]: Leaving directory '/workspace/source/servers/mlflowserver'
cd ../../integrations/tfserving && make kind_load
make[1]: Entering directory '/workspace/source/integrations/tfserving'
s2i build \
	-E environment_rest \
	. \
	seldonio/seldon-core-s2i-python37-ubi8:1.2.3-dev \
	seldonio/tfserving-proxy_rest:1.2.3-dev
Before assembling
---> Installing application source...
---> Installing dependencies ...
Looking in links: /whl
Collecting tensorflow>=1.12.0 (from -r requirements.txt (line 1))
  WARNING: Url '/whl' is ignored. It is either a non-existing path or lacks a specific scheme.
Downloading https://files.pythonhosted.org/packages/16/89/f2d29c2eafc2eeafb17d5634340e06366af904d332341200a49d954bce85/tensorflow-2.3.0-cp37-cp37m-manylinux2010_x86_64.whl (320.4MB)
Collecting tensorflow-serving-api>=1.10.1 (from -r requirements.txt (line 2))
  WARNING: Url '/whl' is ignored. It is either a non-existing path or lacks a specific scheme.
Downloading https://files.pythonhosted.org/packages/72/0d/0f0822b418fd51795a4768f35bb17619af51312ca9f5762c80bea34bd7ae/tensorflow_serving_api-2.3.0-py2.py3-none-any.whl
Requirement already satisfied: requests in /opt/conda/lib/python3.7/site-packages (from -r requirements.txt (line 3)) (2.22.0)
Requirement already satisfied: protobuf>=3.9.2 in /opt/conda/lib/python3.7/site-packages (from tensorflow>=1.12.0->-r requirements.txt (line 1)) (3.13.0)
Collecting absl-py>=0.7.0 (from tensorflow>=1.12.0->-r requirements.txt (line 1))
  WARNING: Url '/whl' is ignored. It is either a non-existing path or lacks a specific scheme.
Downloading https://files.pythonhosted.org/packages/b9/07/f69dd3367368ad69f174bfe426a973651412ec11d48ec05c000f19fe0561/absl_py-0.10.0-py3-none-any.whl (127kB)
Collecting tensorflow-estimator<2.4.0,>=2.3.0 (from tensorflow>=1.12.0->-r requirements.txt (line 1))
  WARNING: Url '/whl' is ignored. It is either a non-existing path or lacks a specific scheme.
Downloading https://files.pythonhosted.org/packages/e9/ed/5853ec0ae380cba4588eab1524e18ece1583b65f7ae0e97321f5ff9dfd60/tensorflow_estimator-2.3.0-py2.py3-none-any.whl (459kB)
Collecting h5py<2.11.0,>=2.10.0 (from tensorflow>=1.12.0->-r requirements.txt (line 1))
  WARNING: Url '/whl' is ignored. It is either a non-existing path or lacks a specific scheme.
Downloading https://files.pythonhosted.org/packages/3f/c0/abde58b837e066bca19a3f7332d9d0493521d7dd6b48248451a9e3fe2214/h5py-2.10.0-cp37-cp37m-manylinux1_x86_64.whl (2.9MB)
Collecting numpy<1.19.0,>=1.16.0 (from tensorflow>=1.12.0->-r requirements.txt (line 1))
  WARNING: Url '/whl' is ignored. It is either a non-existing path or lacks a specific scheme.
Downloading https://files.pythonhosted.org/packages/d6/c6/58e517e8b1fb192725cfa23c01c2e60e4e6699314ee9684a1c5f5c9b27e1/numpy-1.18.5-cp37-cp37m-manylinux1_x86_64.whl (20.1MB)
Requirement already satisfied: wheel>=0.26 in /opt/conda/lib/python3.7/site-packages (from tensorflow>=1.12.0->-r requirements.txt (line 1)) (0.33.6)
Requirement already satisfied: six>=1.12.0 in /opt/conda/lib/python3.7/site-packages (from tensorflow>=1.12.0->-r requirements.txt (line 1)) (1.12.0)
Requirement already satisfied: grpcio>=1.8.6 in /opt/conda/lib/python3.7/site-packages (from tensorflow>=1.12.0->-r requirements.txt (line 1)) (1.31.0)
Collecting termcolor>=1.1.0 (from tensorflow>=1.12.0->-r requirements.txt (line 1))
  WARNING: Url '/whl' is ignored. It is either a non-existing path or lacks a specific scheme.
Downloading https://files.pythonhosted.org/packages/8a/48/a76be51647d0eb9f10e2a4511bf3ffb8cc1e6b14e9e4fab46173aa79f981/termcolor-1.1.0.tar.gz
Collecting tensorboard<3,>=2.3.0 (from tensorflow>=1.12.0->-r requirements.txt (line 1))
  WARNING: Url '/whl' is ignored. It is either a non-existing path or lacks a specific scheme.
Downloading https://files.pythonhosted.org/packages/e9/1b/6a420d7e6ba431cf3d51b2a5bfa06a958c4141e3189385963dc7f6fbffb6/tensorboard-2.3.0-py3-none-any.whl (6.8MB)
Collecting scipy==1.4.1 (from tensorflow>=1.12.0->-r requirements.txt (line 1))
  WARNING: Url '/whl' is ignored. It is either a non-existing path or lacks a specific scheme.
Downloading https://files.pythonhosted.org/packages/dd/82/c1fe128f3526b128cfd185580ba40d01371c5d299fcf7f77968e22dfcc2e/scipy-1.4.1-cp37-cp37m-manylinux1_x86_64.whl (26.1MB)
Collecting gast==0.3.3 (from tensorflow>=1.12.0->-r requirements.txt (line 1))
  WARNING: Url '/whl' is ignored. It is either a non-existing path or lacks a specific scheme.
Downloading https://files.pythonhosted.org/packages/d6/84/759f5dd23fec8ba71952d97bcc7e2c9d7d63bdc582421f3cd4be845f0c98/gast-0.3.3-py2.py3-none-any.whl
Collecting astunparse==1.6.3 (from tensorflow>=1.12.0->-r requirements.txt (line 1))
  WARNING: Url '/whl' is ignored. It is either a non-existing path or lacks a specific scheme.
Downloading https://files.pythonhosted.org/packages/2b/03/13dde6512ad7b4557eb792fbcf0c653af6076b81e5941d36ec61f7ce6028/astunparse-1.6.3-py2.py3-none-any.whl
Collecting google-pasta>=0.1.8 (from tensorflow>=1.12.0->-r requirements.txt (line 1))
  WARNING: Url '/whl' is ignored. It is either a non-existing path or lacks a specific scheme.
Downloading https://files.pythonhosted.org/packages/a3/de/c648ef6835192e6e2cc03f40b19eeda4382c49b5bafb43d88b931c4c74ac/google_pasta-0.2.0-py3-none-any.whl (57kB)
Collecting keras-preprocessing<1.2,>=1.1.1 (from tensorflow>=1.12.0->-r requirements.txt (line 1))
  WARNING: Url '/whl' is ignored. It is either a non-existing path or lacks a specific scheme.
Downloading https://files.pythonhosted.org/packages/79/4c/7c3275a01e12ef9368a892926ab932b33bb13d55794881e3573482b378a7/Keras_Preprocessing-1.1.2-py2.py3-none-any.whl (42kB)
Collecting wrapt>=1.11.1 (from tensorflow>=1.12.0->-r requirements.txt (line 1))
  WARNING: Url '/whl' is ignored. It is either a non-existing path or lacks a specific scheme.
Downloading https://files.pythonhosted.org/packages/82/f7/e43cefbe88c5fd371f4cf0cf5eb3feccd07515af9fd6cf7dbf1d1793a797/wrapt-1.12.1.tar.gz
Collecting opt-einsum>=2.3.2 (from tensorflow>=1.12.0->-r requirements.txt (line 1))
  WARNING: Url '/whl' is ignored. It is either a non-existing path or lacks a specific scheme.
Downloading https://files.pythonhosted.org/packages/bc/19/404708a7e54ad2798907210462fd950c3442ea51acc8790f3da48d2bee8b/opt_einsum-3.3.0-py3-none-any.whl (65kB)
Requirement already satisfied: idna<2.9,>=2.5 in /opt/conda/lib/python3.7/site-packages (from requests->-r requirements.txt (line 3)) (2.8)
Requirement already satisfied: chardet<3.1.0,>=3.0.2 in /opt/conda/lib/python3.7/site-packages (from requests->-r requirements.txt (line 3)) (3.0.4)
Requirement already satisfied: urllib3!=1.25.0,!=1.25.1,<1.26,>=1.21.1 in /opt/conda/lib/python3.7/site-packages (from requests->-r requirements.txt (line 3)) (1.24.2)
Requirement already satisfied: certifi>=2017.4.17 in /opt/conda/lib/python3.7/site-packages (from requests->-r requirements.txt (line 3)) (2020.6.20)
Requirement already satisfied: setuptools in /opt/conda/lib/python3.7/site-packages (from protobuf>=3.9.2->tensorflow>=1.12.0->-r requirements.txt (line 1)) (41.4.0)
Requirement already satisfied: werkzeug>=0.11.15 in /opt/conda/lib/python3.7/site-packages (from tensorboard<3,>=2.3.0->tensorflow>=1.12.0->-r requirements.txt (line 1)) (1.0.1)
Collecting tensorboard-plugin-wit>=1.6.0 (from tensorboard<3,>=2.3.0->tensorflow>=1.12.0->-r requirements.txt (line 1))
  WARNING: Url '/whl' is ignored. It is either a non-existing path or lacks a specific scheme.
Downloading https://files.pythonhosted.org/packages/b6/85/5c5ac0a8c5efdfab916e9c6bc18963f6a6996a8a1e19ec4ad8c9ac9c623c/tensorboard_plugin_wit-1.7.0-py3-none-any.whl (779kB)
Collecting google-auth-oauthlib<0.5,>=0.4.1 (from tensorboard<3,>=2.3.0->tensorflow>=1.12.0->-r requirements.txt (line 1))
  WARNING: Url '/whl' is ignored. It is either a non-existing path or lacks a specific scheme.
Downloading https://files.pythonhosted.org/packages/7b/b8/88def36e74bee9fce511c9519571f4e485e890093ab7442284f4ffaef60b/google_auth_oauthlib-0.4.1-py2.py3-none-any.whl
Collecting markdown>=2.6.8 (from tensorboard<3,>=2.3.0->tensorflow>=1.12.0->-r requirements.txt (line 1))
  WARNING: Url '/whl' is ignored. It is either a non-existing path or lacks a specific scheme.
Downloading https://files.pythonhosted.org/packages/a4/63/eaec2bd025ab48c754b55e8819af0f6a69e2b1e187611dd40cbbe101ee7f/Markdown-3.2.2-py3-none-any.whl (88kB)
Collecting google-auth<2,>=1.6.3 (from tensorboard<3,>=2.3.0->tensorflow>=1.12.0->-r requirements.txt (line 1))
  WARNING: Url '/whl' is ignored. It is either a non-existing path or lacks a specific scheme.
Downloading https://files.pythonhosted.org/packages/0f/79/4c59796bb02535aee5e5d2e2c5e16008aaf48903c2ec2ff566a2774bb3e0/google_auth-1.20.1-py2.py3-none-any.whl (91kB)
Collecting requests-oauthlib>=0.7.0 (from google-auth-oauthlib<0.5,>=0.4.1->tensorboard<3,>=2.3.0->tensorflow>=1.12.0->-r requirements.txt (line 1))
  WARNING: Url '/whl' is ignored. It is either a non-existing path or lacks a specific scheme.
Downloading https://files.pythonhosted.org/packages/a3/12/b92740d845ab62ea4edf04d2f4164d82532b5a0b03836d4d4e71c6f3d379/requests_oauthlib-1.3.0-py2.py3-none-any.whl
Requirement already satisfied: importlib-metadata; python_version < "3.8" in /opt/conda/lib/python3.7/site-packages (from markdown>=2.6.8->tensorboard<3,>=2.3.0->tensorflow>=1.12.0->-r requirements.txt (line 1)) (1.7.0)
Collecting rsa<5,>=3.1.4; python_version >= "3.5" (from google-auth<2,>=1.6.3->tensorboard<3,>=2.3.0->tensorflow>=1.12.0->-r requirements.txt (line 1))
  WARNING: Url '/whl' is ignored. It is either a non-existing path or lacks a specific scheme.
Downloading https://files.pythonhosted.org/packages/1c/df/c3587a667d6b308fadc90b99e8bc8774788d033efcc70f4ecaae7fad144b/rsa-4.6-py3-none-any.whl (47kB)
Collecting pyasn1-modules>=0.2.1 (from google-auth<2,>=1.6.3->tensorboard<3,>=2.3.0->tensorflow>=1.12.0->-r requirements.txt (line 1))
  WARNING: Url '/whl' is ignored. It is either a non-existing path or lacks a specific scheme.
Downloading https://files.pythonhosted.org/packages/95/de/214830a981892a3e286c3794f41ae67a4495df1108c3da8a9f62159b9a9d/pyasn1_modules-0.2.8-py2.py3-none-any.whl (155kB)
Collecting cachetools<5.0,>=2.0.0 (from google-auth<2,>=1.6.3->tensorboard<3,>=2.3.0->tensorflow>=1.12.0->-r requirements.txt (line 1))
  WARNING: Url '/whl' is ignored. It is either a non-existing path or lacks a specific scheme.
Downloading https://files.pythonhosted.org/packages/cd/5c/f3aa86b6d5482f3051b433c7616668a9b96fbe49a622210e2c9781938a5c/cachetools-4.1.1-py3-none-any.whl
Collecting oauthlib>=3.0.0 (from requests-oauthlib>=0.7.0->google-auth-oauthlib<0.5,>=0.4.1->tensorboard<3,>=2.3.0->tensorflow>=1.12.0->-r requirements.txt (line 1))
  WARNING: Url '/whl' is ignored. It is either a non-existing path or lacks a specific scheme.
Downloading https://files.pythonhosted.org/packages/05/57/ce2e7a8fa7c0afb54a0581b14a65b56e62b5759dbc98e80627142b8a3704/oauthlib-3.1.0-py2.py3-none-any.whl (147kB)
Requirement already satisfied: zipp>=0.5 in /opt/conda/lib/python3.7/site-packages (from importlib-metadata; python_version < "3.8"->markdown>=2.6.8->tensorboard<3,>=2.3.0->tensorflow>=1.12.0->-r requirements.txt (line 1)) (3.1.0)
Collecting pyasn1>=0.1.3 (from rsa<5,>=3.1.4; python_version >= "3.5"->google-auth<2,>=1.6.3->tensorboard<3,>=2.3.0->tensorflow>=1.12.0->-r requirements.txt (line 1))
  WARNING: Url '/whl' is ignored. It is either a non-existing path or lacks a specific scheme.
Downloading https://files.pythonhosted.org/packages/62/1e/a94a8d635fa3ce4cfc7f506003548d0a2447ae76fd5ca53932970fe3053f/pyasn1-0.4.8-py2.py3-none-any.whl (77kB)
Building wheels for collected packages: termcolor, wrapt
Building wheel for termcolor (setup.py): started
Building wheel for termcolor (setup.py): finished with status 'done'
Created wheel for termcolor: filename=termcolor-1.1.0-cp37-none-any.whl size=4832 sha256=23db524fee3ff96589a50c576a78dd7baafcb9fbd75bff24dac64407891441d3
Stored in directory: /root/.cache/pip/wheels/7c/06/54/bc84598ba1daf8f970247f550b175aaaee85f68b4b0c5ab2c6
Building wheel for wrapt (setup.py): started
Building wheel for wrapt (setup.py): finished with status 'done'
Created wheel for wrapt: filename=wrapt-1.12.1-cp37-cp37m-linux_x86_64.whl size=76656 sha256=9cd927c5732266e49f37bc1f94b2f189226546cb1e155df03996cfb7f214ea2b
Stored in directory: /root/.cache/pip/wheels/b1/c2/ed/d62208260edbd3fa7156545c00ef966f45f2063d0a84f8208a
Successfully built termcolor wrapt
Installing collected packages: absl-py, tensorflow-estimator, numpy, h5py, termcolor, tensorboard-plugin-wit, oauthlib, requests-oauthlib, pyasn1, rsa, pyasn1-modules, cachetools, google-auth, google-auth-oauthlib, markdown, tensorboard, scipy, gast, astunparse, google-pasta, keras-preprocessing, wrapt, opt-einsum, tensorflow, tensorflow-serving-api
Found existing installation: numpy 1.19.1
Uninstalling numpy-1.19.1:
Successfully uninstalled numpy-1.19.1
Successfully installed absl-py-0.10.0 astunparse-1.6.3 cachetools-4.1.1 gast-0.3.3 google-auth-1.20.1 google-auth-oauthlib-0.4.1 google-pasta-0.2.0 h5py-2.10.0 keras-preprocessing-1.1.2 markdown-3.2.2 numpy-1.18.5 oauthlib-3.1.0 opt-einsum-3.3.0 pyasn1-0.4.8 pyasn1-modules-0.2.8 requests-oauthlib-1.3.0 rsa-4.6 scipy-1.4.1 tensorboard-2.3.0 tensorboard-plugin-wit-1.7.0 tensorflow-2.3.0 tensorflow-estimator-2.3.0 tensorflow-serving-api-2.3.0 termcolor-1.1.0 wrapt-1.12.1
Collecting pip-licenses
Downloading https://files.pythonhosted.org/packages/c5/50/6c4b4e69a0c43bd9f03a30579695093062ba72da4e3e4026cd2144dbcc71/pip_licenses-2.3.0-py3-none-any.whl
Collecting PTable (from pip-licenses)
Downloading https://files.pythonhosted.org/packages/ab/b3/b54301811173ca94119eb474634f120a49cd370f257d1aae5a4abaf12729/PTable-0.9.2.tar.gz
Building wheels for collected packages: PTable
Building wheel for PTable (setup.py): started
Building wheel for PTable (setup.py): finished with status 'done'
Created wheel for PTable: filename=PTable-0.9.2-cp37-none-any.whl size=22906 sha256=0795353ebd717379a6ca969d326a67a8440fe9205dca85798d0dc15025c875c3
Stored in directory: /root/.cache/pip/wheels/22/cc/2e/55980bfe86393df3e9896146a01f6802978d09d7ebcba5ea56
Successfully built PTable
Installing collected packages: PTable, pip-licenses
Successfully installed PTable-0.9.2 pip-licenses-2.3.0
created path: ./licenses/license_info.csv
created path: ./licenses/license.txt
After successful assembling
Build completed successfully
s2i build \
	-E environment_grpc \
	. \
	seldonio/seldon-core-s2i-python37-ubi8:1.2.3-dev \
	seldonio/tfserving-proxy_grpc:1.2.3-dev
Before assembling
---> Installing application source...
---> Installing dependencies ...
Looking in links: /whl
Collecting tensorflow>=1.12.0 (from -r requirements.txt (line 1))
  WARNING: Url '/whl' is ignored. It is either a non-existing path or lacks a specific scheme.
Downloading https://files.pythonhosted.org/packages/16/89/f2d29c2eafc2eeafb17d5634340e06366af904d332341200a49d954bce85/tensorflow-2.3.0-cp37-cp37m-manylinux2010_x86_64.whl (320.4MB)
Collecting tensorflow-serving-api>=1.10.1 (from -r requirements.txt (line 2))
  WARNING: Url '/whl' is ignored. It is either a non-existing path or lacks a specific scheme.
Downloading https://files.pythonhosted.org/packages/72/0d/0f0822b418fd51795a4768f35bb17619af51312ca9f5762c80bea34bd7ae/tensorflow_serving_api-2.3.0-py2.py3-none-any.whl
Requirement already satisfied: requests in /opt/conda/lib/python3.7/site-packages (from -r requirements.txt (line 3)) (2.22.0)
Requirement already satisfied: six>=1.12.0 in /opt/conda/lib/python3.7/site-packages (from tensorflow>=1.12.0->-r requirements.txt (line 1)) (1.12.0)
Requirement already satisfied: protobuf>=3.9.2 in /opt/conda/lib/python3.7/site-packages (from tensorflow>=1.12.0->-r requirements.txt (line 1)) (3.13.0)
Collecting keras-preprocessing<1.2,>=1.1.1 (from tensorflow>=1.12.0->-r requirements.txt (line 1))
  WARNING: Url '/whl' is ignored. It is either a non-existing path or lacks a specific scheme.
Downloading https://files.pythonhosted.org/packages/79/4c/7c3275a01e12ef9368a892926ab932b33bb13d55794881e3573482b378a7/Keras_Preprocessing-1.1.2-py2.py3-none-any.whl (42kB)
Collecting absl-py>=0.7.0 (from tensorflow>=1.12.0->-r requirements.txt (line 1))
  WARNING: Url '/whl' is ignored. It is either a non-existing path or lacks a specific scheme.
Downloading https://files.pythonhosted.org/packages/b9/07/f69dd3367368ad69f174bfe426a973651412ec11d48ec05c000f19fe0561/absl_py-0.10.0-py3-none-any.whl (127kB)
Collecting tensorflow-estimator<2.4.0,>=2.3.0 (from tensorflow>=1.12.0->-r requirements.txt (line 1))
  WARNING: Url '/whl' is ignored. It is either a non-existing path or lacks a specific scheme.
Downloading https://files.pythonhosted.org/packages/e9/ed/5853ec0ae380cba4588eab1524e18ece1583b65f7ae0e97321f5ff9dfd60/tensorflow_estimator-2.3.0-py2.py3-none-any.whl (459kB)
Collecting astunparse==1.6.3 (from tensorflow>=1.12.0->-r requirements.txt (line 1))
  WARNING: Url '/whl' is ignored. It is either a non-existing path or lacks a specific scheme.
Downloading https://files.pythonhosted.org/packages/2b/03/13dde6512ad7b4557eb792fbcf0c653af6076b81e5941d36ec61f7ce6028/astunparse-1.6.3-py2.py3-none-any.whl
Collecting termcolor>=1.1.0 (from tensorflow>=1.12.0->-r requirements.txt (line 1))
  WARNING: Url '/whl' is ignored. It is either a non-existing path or lacks a specific scheme.
Downloading https://files.pythonhosted.org/packages/8a/48/a76be51647d0eb9f10e2a4511bf3ffb8cc1e6b14e9e4fab46173aa79f981/termcolor-1.1.0.tar.gz
Requirement already satisfied: wheel>=0.26 in /opt/conda/lib/python3.7/site-packages (from tensorflow>=1.12.0->-r requirements.txt (line 1)) (0.33.6)
Collecting numpy<1.19.0,>=1.16.0 (from tensorflow>=1.12.0->-r requirements.txt (line 1))
  WARNING: Url '/whl' is ignored. It is either a non-existing path or lacks a specific scheme.
Downloading https://files.pythonhosted.org/packages/d6/c6/58e517e8b1fb192725cfa23c01c2e60e4e6699314ee9684a1c5f5c9b27e1/numpy-1.18.5-cp37-cp37m-manylinux1_x86_64.whl (20.1MB)
Collecting h5py<2.11.0,>=2.10.0 (from tensorflow>=1.12.0->-r requirements.txt (line 1))
  WARNING: Url '/whl' is ignored. It is either a non-existing path or lacks a specific scheme.
Downloading https://files.pythonhosted.org/packages/3f/c0/abde58b837e066bca19a3f7332d9d0493521d7dd6b48248451a9e3fe2214/h5py-2.10.0-cp37-cp37m-manylinux1_x86_64.whl (2.9MB)
Collecting gast==0.3.3 (from tensorflow>=1.12.0->-r requirements.txt (line 1))
  WARNING: Url '/whl' is ignored. It is either a non-existing path or lacks a specific scheme.
Downloading https://files.pythonhosted.org/packages/d6/84/759f5dd23fec8ba71952d97bcc7e2c9d7d63bdc582421f3cd4be845f0c98/gast-0.3.3-py2.py3-none-any.whl
Collecting tensorboard<3,>=2.3.0 (from tensorflow>=1.12.0->-r requirements.txt (line 1))
  WARNING: Url '/whl' is ignored. It is either a non-existing path or lacks a specific scheme.
Downloading https://files.pythonhosted.org/packages/e9/1b/6a420d7e6ba431cf3d51b2a5bfa06a958c4141e3189385963dc7f6fbffb6/tensorboard-2.3.0-py3-none-any.whl (6.8MB)
Collecting scipy==1.4.1 (from tensorflow>=1.12.0->-r requirements.txt (line 1))
  WARNING: Url '/whl' is ignored. It is either a non-existing path or lacks a specific scheme.
Downloading https://files.pythonhosted.org/packages/dd/82/c1fe128f3526b128cfd185580ba40d01371c5d299fcf7f77968e22dfcc2e/scipy-1.4.1-cp37-cp37m-manylinux1_x86_64.whl (26.1MB)
Collecting google-pasta>=0.1.8 (from tensorflow>=1.12.0->-r requirements.txt (line 1))
  WARNING: Url '/whl' is ignored. It is either a non-existing path or lacks a specific scheme.
Downloading https://files.pythonhosted.org/packages/a3/de/c648ef6835192e6e2cc03f40b19eeda4382c49b5bafb43d88b931c4c74ac/google_pasta-0.2.0-py3-none-any.whl (57kB)
Collecting opt-einsum>=2.3.2 (from tensorflow>=1.12.0->-r requirements.txt (line 1))
  WARNING: Url '/whl' is ignored. It is either a non-existing path or lacks a specific scheme.
Downloading https://files.pythonhosted.org/packages/bc/19/404708a7e54ad2798907210462fd950c3442ea51acc8790f3da48d2bee8b/opt_einsum-3.3.0-py3-none-any.whl (65kB)
Collecting wrapt>=1.11.1 (from tensorflow>=1.12.0->-r requirements.txt (line 1))
  WARNING: Url '/whl' is ignored. It is either a non-existing path or lacks a specific scheme.
Downloading https://files.pythonhosted.org/packages/82/f7/e43cefbe88c5fd371f4cf0cf5eb3feccd07515af9fd6cf7dbf1d1793a797/wrapt-1.12.1.tar.gz
Requirement already satisfied: grpcio>=1.8.6 in /opt/conda/lib/python3.7/site-packages (from tensorflow>=1.12.0->-r requirements.txt (line 1)) (1.31.0)
Requirement already satisfied: certifi>=2017.4.17 in /opt/conda/lib/python3.7/site-packages (from requests->-r requirements.txt (line 3)) (2020.6.20)
Requirement already satisfied: urllib3!=1.25.0,!=1.25.1,<1.26,>=1.21.1 in /opt/conda/lib/python3.7/site-packages (from requests->-r requirements.txt (line 3)) (1.24.2)
Requirement already satisfied: chardet<3.1.0,>=3.0.2 in /opt/conda/lib/python3.7/site-packages (from requests->-r requirements.txt (line 3)) (3.0.4)
Requirement already satisfied: idna<2.9,>=2.5 in /opt/conda/lib/python3.7/site-packages (from requests->-r requirements.txt (line 3)) (2.8)
Requirement already satisfied: setuptools in /opt/conda/lib/python3.7/site-packages (from protobuf>=3.9.2->tensorflow>=1.12.0->-r requirements.txt (line 1)) (41.4.0)
Collecting tensorboard-plugin-wit>=1.6.0 (from tensorboard<3,>=2.3.0->tensorflow>=1.12.0->-r requirements.txt (line 1))
  WARNING: Url '/whl' is ignored. It is either a non-existing path or lacks a specific scheme.
Downloading https://files.pythonhosted.org/packages/b6/85/5c5ac0a8c5efdfab916e9c6bc18963f6a6996a8a1e19ec4ad8c9ac9c623c/tensorboard_plugin_wit-1.7.0-py3-none-any.whl (779kB)
Collecting google-auth<2,>=1.6.3 (from tensorboard<3,>=2.3.0->tensorflow>=1.12.0->-r requirements.txt (line 1))
  WARNING: Url '/whl' is ignored. It is either a non-existing path or lacks a specific scheme.
Downloading https://files.pythonhosted.org/packages/0f/79/4c59796bb02535aee5e5d2e2c5e16008aaf48903c2ec2ff566a2774bb3e0/google_auth-1.20.1-py2.py3-none-any.whl (91kB)
Requirement already satisfied: werkzeug>=0.11.15 in /opt/conda/lib/python3.7/site-packages (from tensorboard<3,>=2.3.0->tensorflow>=1.12.0->-r requirements.txt (line 1)) (1.0.1)
Collecting google-auth-oauthlib<0.5,>=0.4.1 (from tensorboard<3,>=2.3.0->tensorflow>=1.12.0->-r requirements.txt (line 1))
  WARNING: Url '/whl' is ignored. It is either a non-existing path or lacks a specific scheme.
Downloading https://files.pythonhosted.org/packages/7b/b8/88def36e74bee9fce511c9519571f4e485e890093ab7442284f4ffaef60b/google_auth_oauthlib-0.4.1-py2.py3-none-any.whl
Collecting markdown>=2.6.8 (from tensorboard<3,>=2.3.0->tensorflow>=1.12.0->-r requirements.txt (line 1))
  WARNING: Url '/whl' is ignored. It is either a non-existing path or lacks a specific scheme.
Downloading https://files.pythonhosted.org/packages/a4/63/eaec2bd025ab48c754b55e8819af0f6a69e2b1e187611dd40cbbe101ee7f/Markdown-3.2.2-py3-none-any.whl (88kB)
Collecting pyasn1-modules>=0.2.1 (from google-auth<2,>=1.6.3->tensorboard<3,>=2.3.0->tensorflow>=1.12.0->-r requirements.txt (line 1))
  WARNING: Url '/whl' is ignored. It is either a non-existing path or lacks a specific scheme.
Downloading https://files.pythonhosted.org/packages/95/de/214830a981892a3e286c3794f41ae67a4495df1108c3da8a9f62159b9a9d/pyasn1_modules-0.2.8-py2.py3-none-any.whl (155kB)
Collecting cachetools<5.0,>=2.0.0 (from google-auth<2,>=1.6.3->tensorboard<3,>=2.3.0->tensorflow>=1.12.0->-r requirements.txt (line 1))
  WARNING: Url '/whl' is ignored. It is either a non-existing path or lacks a specific scheme.
Downloading https://files.pythonhosted.org/packages/cd/5c/f3aa86b6d5482f3051b433c7616668a9b96fbe49a622210e2c9781938a5c/cachetools-4.1.1-py3-none-any.whl
Collecting rsa<5,>=3.1.4; python_version >= "3.5" (from google-auth<2,>=1.6.3->tensorboard<3,>=2.3.0->tensorflow>=1.12.0->-r requirements.txt (line 1))
  WARNING: Url '/whl' is ignored. It is either a non-existing path or lacks a specific scheme.
Downloading https://files.pythonhosted.org/packages/1c/df/c3587a667d6b308fadc90b99e8bc8774788d033efcc70f4ecaae7fad144b/rsa-4.6-py3-none-any.whl (47kB)
Collecting requests-oauthlib>=0.7.0 (from google-auth-oauthlib<0.5,>=0.4.1->tensorboard<3,>=2.3.0->tensorflow>=1.12.0->-r requirements.txt (line 1))
  WARNING: Url '/whl' is ignored. It is either a non-existing path or lacks a specific scheme.
Downloading https://files.pythonhosted.org/packages/a3/12/b92740d845ab62ea4edf04d2f4164d82532b5a0b03836d4d4e71c6f3d379/requests_oauthlib-1.3.0-py2.py3-none-any.whl
Requirement already satisfied: importlib-metadata; python_version < "3.8" in /opt/conda/lib/python3.7/site-packages (from markdown>=2.6.8->tensorboard<3,>=2.3.0->tensorflow>=1.12.0->-r requirements.txt (line 1)) (1.7.0)
Collecting pyasn1<0.5.0,>=0.4.6 (from pyasn1-modules>=0.2.1->google-auth<2,>=1.6.3->tensorboard<3,>=2.3.0->tensorflow>=1.12.0->-r requirements.txt (line 1))
  WARNING: Url '/whl' is ignored. It is either a non-existing path or lacks a specific scheme.
Downloading https://files.pythonhosted.org/packages/62/1e/a94a8d635fa3ce4cfc7f506003548d0a2447ae76fd5ca53932970fe3053f/pyasn1-0.4.8-py2.py3-none-any.whl (77kB)
Collecting oauthlib>=3.0.0 (from requests-oauthlib>=0.7.0->google-auth-oauthlib<0.5,>=0.4.1->tensorboard<3,>=2.3.0->tensorflow>=1.12.0->-r requirements.txt (line 1))
  WARNING: Url '/whl' is ignored. It is either a non-existing path or lacks a specific scheme.
Downloading https://files.pythonhosted.org/packages/05/57/ce2e7a8fa7c0afb54a0581b14a65b56e62b5759dbc98e80627142b8a3704/oauthlib-3.1.0-py2.py3-none-any.whl (147kB)
Requirement already satisfied: zipp>=0.5 in /opt/conda/lib/python3.7/site-packages (from importlib-metadata; python_version < "3.8"->markdown>=2.6.8->tensorboard<3,>=2.3.0->tensorflow>=1.12.0->-r requirements.txt (line 1)) (3.1.0)
Building wheels for collected packages: termcolor, wrapt
Building wheel for termcolor (setup.py): started
Building wheel for termcolor (setup.py): finished with status 'done'
Created wheel for termcolor: filename=termcolor-1.1.0-cp37-none-any.whl size=4832 sha256=d4b29a61e3570c96ca8571a4649c7b6664a036891cffef064ca98091b28c52a5
Stored in directory: /root/.cache/pip/wheels/7c/06/54/bc84598ba1daf8f970247f550b175aaaee85f68b4b0c5ab2c6
Building wheel for wrapt (setup.py): started
Building wheel for wrapt (setup.py): finished with status 'done'
Created wheel for wrapt: filename=wrapt-1.12.1-cp37-cp37m-linux_x86_64.whl size=76671 sha256=7ef70f81ef024ffa9bd2889d8fe752011b8c6777cb1e1b1ee584f7f954e3f207
Stored in directory: /root/.cache/pip/wheels/b1/c2/ed/d62208260edbd3fa7156545c00ef966f45f2063d0a84f8208a
Successfully built termcolor wrapt
Installing collected packages: numpy, keras-preprocessing, absl-py, tensorflow-estimator, astunparse, termcolor, h5py, gast, tensorboard-plugin-wit, pyasn1, pyasn1-modules, cachetools, rsa, google-auth, oauthlib, requests-oauthlib, google-auth-oauthlib, markdown, tensorboard, scipy, google-pasta, opt-einsum, wrapt, tensorflow, tensorflow-serving-api
Found existing installation: numpy 1.19.1
Uninstalling numpy-1.19.1:
Successfully uninstalled numpy-1.19.1
Successfully installed absl-py-0.10.0 astunparse-1.6.3 cachetools-4.1.1 gast-0.3.3 google-auth-1.20.1 google-auth-oauthlib-0.4.1 google-pasta-0.2.0 h5py-2.10.0 keras-preprocessing-1.1.2 markdown-3.2.2 numpy-1.18.5 oauthlib-3.1.0 opt-einsum-3.3.0 pyasn1-0.4.8 pyasn1-modules-0.2.8 requests-oauthlib-1.3.0 rsa-4.6 scipy-1.4.1 tensorboard-2.3.0 tensorboard-plugin-wit-1.7.0 tensorflow-2.3.0 tensorflow-estimator-2.3.0 tensorflow-serving-api-2.3.0 termcolor-1.1.0 wrapt-1.12.1
Collecting pip-licenses
Downloading https://files.pythonhosted.org/packages/c5/50/6c4b4e69a0c43bd9f03a30579695093062ba72da4e3e4026cd2144dbcc71/pip_licenses-2.3.0-py3-none-any.whl
Collecting PTable (from pip-licenses)
Downloading https://files.pythonhosted.org/packages/ab/b3/b54301811173ca94119eb474634f120a49cd370f257d1aae5a4abaf12729/PTable-0.9.2.tar.gz
Building wheels for collected packages: PTable
Building wheel for PTable (setup.py): started
Building wheel for PTable (setup.py): finished with status 'done'
Created wheel for PTable: filename=PTable-0.9.2-cp37-none-any.whl size=22906 sha256=2e53ce7b9e8d224c4f5e1d35975ff579b99b40292f21c8d745637768252e993d
Stored in directory: /root/.cache/pip/wheels/22/cc/2e/55980bfe86393df3e9896146a01f6802978d09d7ebcba5ea56
Successfully built PTable
Installing collected packages: PTable, pip-licenses
Successfully installed PTable-0.9.2 pip-licenses-2.3.0
created path: ./licenses/license_info.csv
created path: ./licenses/license.txt
After successful assembling
Build completed successfully
kind load -v 3 docker-image seldonio/tfserving-proxy_rest:1.2.3-dev --name kind
Image: "seldonio/tfserving-proxy_rest:1.2.3-dev" with ID "sha256:017d5ebeea92c722df4b1158afd030b889d06e154dd483940d7bdea126964cf2" not present on node "kind-worker"
Image: "seldonio/tfserving-proxy_rest:1.2.3-dev" with ID "sha256:017d5ebeea92c722df4b1158afd030b889d06e154dd483940d7bdea126964cf2" not present on node "kind-control-plane"
kind load -v 3 docker-image seldonio/tfserving-proxy_grpc:1.2.3-dev --name kind
Image: "seldonio/tfserving-proxy_grpc:1.2.3-dev" with ID "sha256:9ac23826a2514dd662833af945209c7e309ecff44fda4283144a4c15ca15b69c" not present on node "kind-worker"
Image: "seldonio/tfserving-proxy_grpc:1.2.3-dev" with ID "sha256:9ac23826a2514dd662833af945209c7e309ecff44fda4283144a4c15ca15b69c" not present on node "kind-control-plane"
make[1]: Leaving directory '/workspace/source/integrations/tfserving'
Files changed in alibi folder:
components/alibi-explain-server/.gitignore
components/alibi-explain-server/Dockerfile
components/alibi-explain-server/Makefile
components/alibi-explain-server/README.md
components/alibi-explain-server/alibiexplainer/__init__.py
components/alibi-explain-server/alibiexplainer/__main__.py
components/alibi-explain-server/alibiexplainer/ale.py
components/alibi-explain-server/alibiexplainer/anchor_images.py
components/alibi-explain-server/alibiexplainer/anchor_tabular.py
components/alibi-explain-server/alibiexplainer/anchor_text.py
components/alibi-explain-server/alibiexplainer/constants.py
components/alibi-explain-server/alibiexplainer/explainer.py
components/alibi-explain-server/alibiexplainer/explainer_wrapper.py
components/alibi-explain-server/alibiexplainer/integrated_gradients.py
components/alibi-explain-server/alibiexplainer/kernel_shap.py
components/alibi-explain-server/alibiexplainer/model.py
components/alibi-explain-server/alibiexplainer/parser.py
components/alibi-explain-server/alibiexplainer/proto/prediction.proto
components/alibi-explain-server/alibiexplainer/proto/prediction_pb2.pyi
components/alibi-explain-server/alibiexplainer/proto/tensorflow/core/framework/resource_handle.proto
components/alibi-explain-server/alibiexplainer/proto/tensorflow/core/framework/tensor.proto
components/alibi-explain-server/alibiexplainer/proto/tensorflow/core/framework/tensor_shape.proto
components/alibi-explain-server/alibiexplainer/proto/tensorflow/core/framework/types.proto
components/alibi-explain-server/alibiexplainer/seldon_http.py
components/alibi-explain-server/alibiexplainer/server.py
components/alibi-explain-server/input.json
components/alibi-explain-server/requirements-dev.txt
components/alibi-explain-server/setup.py
components/alibi-explain-server/tests/__init__.py
components/alibi-explain-server/tests/test_ale.py
components/alibi-explain-server/tests/test_anchor_images.py
components/alibi-explain-server/tests/test_anchor_tabular.py
components/alibi-explain-server/tests/test_anchor_text.py
components/alibi-explain-server/tests/test_integrated_gradients.py
components/alibi-explain-server/tests/test_kernel_shap.py
components/alibi-explain-server/tests/test_parser.py
components/alibi-explain-server/tests/utils.py
cd ../../components/alibi-detect-server && make kind_load
make[1]: Entering directory '/workspace/source/components/alibi-detect-server'
docker build -f Dockerfile -t seldonio/alibi-detect-server:1.2.3-dev .
Sending build context to Docker daemon  130.6kB
Step 1/15 : FROM registry.access.redhat.com/ubi8/python-36
latest: Pulling from ubi8/python-36
77c58f19bd6e: Already exists
47db82df7f3f: Already exists
71391dc11a78: Pulling fs layer
6cc5487eb078: Pulling fs layer
d5e8f7f1544a: Pulling fs layer
71391dc11a78: Verifying Checksum
71391dc11a78: Download complete
6cc5487eb078: Verifying Checksum
6cc5487eb078: Download complete
d5e8f7f1544a: Verifying Checksum
d5e8f7f1544a: Download complete
71391dc11a78: Pull complete
6cc5487eb078: Pull complete
d5e8f7f1544a: Pull complete
Digest: sha256:94080dbd6467352e2d1428ac377c6858bf7d27c2726831582342ff3c1542eca1
Status: Downloaded newer image for registry.access.redhat.com/ubi8/python-36:latest
 ---> e55cd9a2e0ca
Step 2/15 : LABEL name="Seldon Alibi Detect Server"       vendor="Seldon Technologies"       version="1.2.3-dev"       release="1"       summary="Alibi Detect Server for Seldon Core"       description="The Alibi Detect Server provides outlier, drift and adversarial detection services for Seldon Core"
 ---> Running in 7157305fc158
Removing intermediate container 7157305fc158
 ---> fceab23ead07
Step 3/15 : ADD requirements_server.txt .
 ---> 19397156e34f
Step 4/15 : RUN pip install pip -U
 ---> Running in a00974d0c8d7
Collecting pip
  Downloading https://files.pythonhosted.org/packages/5a/4a/39400ff9b36e719bdf8f31c99fe1fa7842a42fa77432e584f707a5080063/pip-20.2.2-py2.py3-none-any.whl (1.5MB)
Installing collected packages: pip
  Found existing installation: pip 9.0.3
    Uninstalling pip-9.0.3:
      Successfully uninstalled pip-9.0.3
Successfully installed pip-20.2.2
Removing intermediate container a00974d0c8d7
 ---> e45ef72cf9fc
Step 5/15 : RUN pip install -r requirements_server.txt
 ---> Running in 429c8d74463b
Collecting kfserving==0.3.0.1
  Downloading kfserving-0.3.0.1-py3-none-any.whl (83 kB)
Collecting alibi-detect==0.4.0
  Downloading alibi_detect-0.4.0-py3-none-any.whl (91 kB)
Collecting adal>=1.2.2
  Downloading adal-1.2.4-py2.py3-none-any.whl (55 kB)
Collecting table-logger>=0.3.5
  Downloading table_logger-0.3.6-py3-none-any.whl (14 kB)
Collecting tornado>=1.4.1
  Downloading tornado-6.0.4.tar.gz (496 kB)
Collecting certifi>=14.05.14
  Downloading certifi-2020.6.20-py2.py3-none-any.whl (156 kB)
Collecting minio>=4.0.9
  Downloading minio-6.0.0-py2.py3-none-any.whl (72 kB)
Requirement already satisfied: setuptools>=21.0.0 in /opt/app-root/lib/python3.6/site-packages (from kfserving==0.3.0.1->-r requirements_server.txt (line 1)) (39.2.0)
Collecting kubernetes==10.0.1
  Downloading kubernetes-10.0.1-py2.py3-none-any.whl (1.5 MB)
Collecting six>=1.10
  Downloading six-1.15.0-py2.py3-none-any.whl (10 kB)
Collecting azure-storage-blob<=2.1.0,>=1.3.0
  Downloading azure_storage_blob-2.1.0-py2.py3-none-any.whl (88 kB)
Collecting numpy>=1.17.3
  Downloading numpy-1.19.1-cp36-cp36m-manylinux2010_x86_64.whl (14.5 MB)
Collecting urllib3>=1.15.1
  Downloading urllib3-1.25.10-py2.py3-none-any.whl (127 kB)
Collecting argparse>=1.4.0
  Downloading argparse-1.4.0-py2.py3-none-any.whl (23 kB)
Collecting google-cloud-storage>=1.16.0
  Downloading google_cloud_storage-1.30.0-py2.py3-none-any.whl (86 kB)
Collecting python-dateutil>=2.5.3
  Downloading python_dateutil-2.8.1-py2.py3-none-any.whl (227 kB)
Collecting matplotlib
  Downloading matplotlib-3.3.1-cp36-cp36m-manylinux1_x86_64.whl (11.6 MB)
Collecting tensorflow>=2
  Downloading tensorflow-2.3.0-cp36-cp36m-manylinux2010_x86_64.whl (320.4 MB)
Collecting creme
  Downloading creme-0.6.1-cp36-cp36m-manylinux2010_x86_64.whl (1.1 MB)
Collecting tensorflow-probability>=0.8
  Downloading tensorflow_probability-0.11.0-py2.py3-none-any.whl (4.3 MB)
Collecting scipy
  Downloading scipy-1.5.2-cp36-cp36m-manylinux1_x86_64.whl (25.9 MB)
Collecting scikit-image
  Downloading scikit_image-0.17.2-cp36-cp36m-manylinux1_x86_64.whl (12.4 MB)
Collecting fbprophet
  Downloading fbprophet-0.6.tar.gz (54 kB)
Collecting pandas
  Downloading pandas-1.1.1-cp36-cp36m-manylinux1_x86_64.whl (10.5 MB)
Collecting Pillow
  Downloading Pillow-7.2.0-cp36-cp36m-manylinux1_x86_64.whl (2.2 MB)
Collecting dask[array]
  Downloading dask-2.24.0-py3-none-any.whl (834 kB)
Collecting holidays==0.9.11
  Downloading holidays-0.9.11.tar.gz (81 kB)
Collecting scikit-learn
  Downloading scikit_learn-0.23.2-cp36-cp36m-manylinux1_x86_64.whl (6.8 MB)
Collecting opencv-python
  Downloading opencv_python-4.4.0.42-cp36-cp36m-manylinux2014_x86_64.whl (49.4 MB)
Collecting cryptography>=1.1.0
  Downloading cryptography-3.0-cp35-abi3-manylinux2010_x86_64.whl (2.7 MB)
Collecting requests>=2.0.0
  Downloading requests-2.24.0-py2.py3-none-any.whl (61 kB)
Collecting PyJWT>=1.0.0
  Downloading PyJWT-1.7.1-py2.py3-none-any.whl (18 kB)
Collecting configparser
  Downloading configparser-5.0.0-py3-none-any.whl (22 kB)
Collecting pytz
  Downloading pytz-2020.1-py2.py3-none-any.whl (510 kB)
Collecting websocket-client!=0.40.0,!=0.41.*,!=0.42.*,>=0.32.0
  Downloading websocket_client-0.57.0-py2.py3-none-any.whl (200 kB)
Collecting google-auth>=1.0.1
  Downloading google_auth-1.20.1-py2.py3-none-any.whl (91 kB)
Collecting requests-oauthlib
  Downloading requests_oauthlib-1.3.0-py2.py3-none-any.whl (23 kB)
Collecting pyyaml>=3.12
  Downloading PyYAML-5.3.1.tar.gz (269 kB)
Collecting azure-storage-common~=2.1
  Downloading azure_storage_common-2.1.0-py2.py3-none-any.whl (47 kB)
Collecting azure-common>=1.1.5
  Downloading azure_common-1.1.25-py2.py3-none-any.whl (12 kB)
Collecting google-resumable-media<2.0dev,>=0.6.0
  Downloading google_resumable_media-0.7.1-py2.py3-none-any.whl (42 kB)
Collecting google-cloud-core<2.0dev,>=1.2.0
  Downloading google_cloud_core-1.4.1-py2.py3-none-any.whl (26 kB)
Collecting kiwisolver>=1.0.1
  Downloading kiwisolver-1.2.0-cp36-cp36m-manylinux1_x86_64.whl (88 kB)
Collecting pyparsing!=2.0.4,!=2.1.2,!=2.1.6,>=2.0.3
  Downloading pyparsing-2.4.7-py2.py3-none-any.whl (67 kB)
Collecting cycler>=0.10
  Downloading cycler-0.10.0-py2.py3-none-any.whl (6.5 kB)
Collecting wrapt>=1.11.1
  Downloading wrapt-1.12.1.tar.gz (27 kB)
Collecting tensorboard<3,>=2.3.0
  Downloading tensorboard-2.3.0-py3-none-any.whl (6.8 MB)
Collecting termcolor>=1.1.0
  Downloading termcolor-1.1.0.tar.gz (3.9 kB)
Collecting opt-einsum>=2.3.2
  Downloading opt_einsum-3.3.0-py3-none-any.whl (65 kB)
Requirement already satisfied: wheel>=0.26 in /opt/app-root/lib/python3.6/site-packages (from tensorflow>=2->alibi-detect==0.4.0->-r requirements_server.txt (line 2)) (0.31.1)
Collecting absl-py>=0.7.0
  Downloading absl_py-0.10.0-py3-none-any.whl (127 kB)
Collecting astunparse==1.6.3
  Downloading astunparse-1.6.3-py2.py3-none-any.whl (12 kB)
Collecting google-pasta>=0.1.8
  Downloading google_pasta-0.2.0-py3-none-any.whl (57 kB)
Collecting protobuf>=3.9.2
  Downloading protobuf-3.13.0-cp36-cp36m-manylinux1_x86_64.whl (1.3 MB)
Collecting grpcio>=1.8.6
  Downloading grpcio-1.31.0-cp36-cp36m-manylinux2014_x86_64.whl (3.4 MB)
Collecting gast==0.3.3
  Downloading gast-0.3.3-py2.py3-none-any.whl (9.7 kB)
Collecting h5py<2.11.0,>=2.10.0
  Downloading h5py-2.10.0-cp36-cp36m-manylinux1_x86_64.whl (2.9 MB)
Collecting keras-preprocessing<1.2,>=1.1.1
  Downloading Keras_Preprocessing-1.1.2-py2.py3-none-any.whl (42 kB)
Collecting tensorflow-estimator<2.4.0,>=2.3.0
  Downloading tensorflow_estimator-2.3.0-py2.py3-none-any.whl (459 kB)
Collecting mmh3==2.5.1
  Downloading mmh3-2.5.1.tar.gz (9.8 kB)
Collecting decorator
  Downloading decorator-4.4.2-py2.py3-none-any.whl (9.2 kB)
Collecting dm-tree
  Downloading dm_tree-0.1.5-cp36-cp36m-manylinux1_x86_64.whl (294 kB)
Collecting cloudpickle==1.3
  Downloading cloudpickle-1.3.0-py2.py3-none-any.whl (26 kB)
Collecting PyWavelets>=1.1.1
  Downloading PyWavelets-1.1.1-cp36-cp36m-manylinux1_x86_64.whl (4.4 MB)
Collecting imageio>=2.3.0
  Downloading imageio-2.9.0-py3-none-any.whl (3.3 MB)
Collecting networkx>=2.0
  Downloading networkx-2.5-py3-none-any.whl (1.6 MB)
Collecting tifffile>=2019.7.26
  Downloading tifffile-2020.8.13-py3-none-any.whl (146 kB)
Collecting Cython>=0.22
  Downloading Cython-0.29.21-cp36-cp36m-manylinux1_x86_64.whl (2.0 MB)
Collecting cmdstanpy==0.4
  Downloading cmdstanpy-0.4.0-py3-none-any.whl (22 kB)
Collecting pystan>=2.14
  Downloading pystan-2.19.1.1-cp36-cp36m-manylinux1_x86_64.whl (67.3 MB)
Collecting LunarCalendar>=0.0.9
  Downloading LunarCalendar-0.0.9-py2.py3-none-any.whl (18 kB)
Collecting convertdate>=2.1.2
  Downloading convertdate-2.2.1-py2.py3-none-any.whl (43 kB)
Collecting setuptools-git>=1.2
  Downloading setuptools_git-1.2-py2.py3-none-any.whl (10 kB)
Collecting toolz>=0.8.2; extra == "array"
  Downloading toolz-0.10.0.tar.gz (49 kB)
Collecting threadpoolctl>=2.0.0
  Downloading threadpoolctl-2.1.0-py3-none-any.whl (12 kB)
Collecting joblib>=0.11
  Downloading joblib-0.16.0-py3-none-any.whl (300 kB)
Collecting cffi!=1.11.3,>=1.8
  Downloading cffi-1.14.2-cp36-cp36m-manylinux1_x86_64.whl (400 kB)
Collecting idna<3,>=2.5
  Downloading idna-2.10-py2.py3-none-any.whl (58 kB)
Collecting chardet<4,>=3.0.2
  Downloading chardet-3.0.4-py2.py3-none-any.whl (133 kB)
Collecting pyasn1-modules>=0.2.1
  Downloading pyasn1_modules-0.2.8-py2.py3-none-any.whl (155 kB)
Collecting cachetools<5.0,>=2.0.0
  Downloading cachetools-4.1.1-py3-none-any.whl (10 kB)
Collecting rsa<5,>=3.1.4; python_version >= "3.5"
  Downloading rsa-4.6-py3-none-any.whl (47 kB)
Collecting oauthlib>=3.0.0
  Downloading oauthlib-3.1.0-py2.py3-none-any.whl (147 kB)
Collecting google-crc32c<0.2dev,>=0.1.0; python_version >= "3.5"
  Downloading google_crc32c-0.1.0-cp36-cp36m-manylinux2010_x86_64.whl (39 kB)
Collecting google-api-core<2.0.0dev,>=1.19.0
  Downloading google_api_core-1.22.1-py2.py3-none-any.whl (91 kB)
Collecting google-auth-oauthlib<0.5,>=0.4.1
  Downloading google_auth_oauthlib-0.4.1-py2.py3-none-any.whl (18 kB)
Collecting tensorboard-plugin-wit>=1.6.0
  Downloading tensorboard_plugin_wit-1.7.0-py3-none-any.whl (779 kB)
Collecting werkzeug>=0.11.15
  Downloading Werkzeug-1.0.1-py2.py3-none-any.whl (298 kB)
Collecting markdown>=2.6.8
  Downloading Markdown-3.2.2-py3-none-any.whl (88 kB)
Collecting ephem>=3.7.5.3
  Downloading ephem-3.7.7.1-cp36-cp36m-manylinux2010_x86_64.whl (1.2 MB)
Collecting pymeeus<=1,>=0.3.6
  Downloading PyMeeus-0.3.7.tar.gz (732 kB)
Collecting pycparser
  Downloading pycparser-2.20-py2.py3-none-any.whl (112 kB)
Collecting pyasn1<0.5.0,>=0.4.6
  Downloading pyasn1-0.4.8-py2.py3-none-any.whl (77 kB)
Collecting googleapis-common-protos<2.0dev,>=1.6.0
  Downloading googleapis_common_protos-1.52.0-py2.py3-none-any.whl (100 kB)
Collecting importlib-metadata; python_version < "3.8"
  Downloading importlib_metadata-1.7.0-py2.py3-none-any.whl (31 kB)
Collecting zipp>=0.5
  Downloading zipp-3.1.0-py3-none-any.whl (4.9 kB)
Building wheels for collected packages: tornado, fbprophet, holidays, pyyaml, wrapt, termcolor, mmh3, toolz, pymeeus
  Building wheel for tornado (setup.py): started
  Building wheel for tornado (setup.py): finished with status 'done'
  Created wheel for tornado: filename=tornado-6.0.4-cp36-cp36m-linux_x86_64.whl size=428274 sha256=aac95a636ff19d5158c025029c1067b2ba038d3967fe0906859536b661a7b8c3
  Stored in directory: /tmp/pip-ephem-wheel-cache-27cnmf8n/wheels/37/a7/db/2d592e44029ef817f3ef63ea991db34191cebaef087a96f505
  Building wheel for fbprophet (setup.py): started
  Building wheel for fbprophet (setup.py): finished with status 'error'
[91m  ERROR: Command errored out with exit status 1:
   command: /opt/app-root/bin/python3.6 -u -c 'import sys, setuptools, tokenize; sys.argv[0] = '"'"'/tmp/pip-install-wgkupef1/fbprophet/setup.py'"'"'; __file__='"'"'/tmp/pip-install-wgkupef1/fbprophet/setup.py'"'"';f=getattr(tokenize, '"'"'open'"'"', open)(__file__);code=f.read().replace('"'"'\r\n'"'"', '"'"'\n'"'"');f.close();exec(compile(code, __file__, '"'"'exec'"'"'))' bdist_wheel -d /tmp/pip-wheel-vov5pmah
       cwd: /tmp/pip-install-wgkupef1/fbprophet/
  Complete output (40 lines):
  running bdist_wheel
  running build
  running build_py
  creating build
  creating build/lib
  creating build/lib/fbprophet
  creating build/lib/fbprophet/stan_model
  Traceback (most recent call last):
    File "<string>", line 1, in <module>
    File "/tmp/pip-install-wgkupef1/fbprophet/setup.py", line 148, in <module>
      """
    File "/opt/app-root/lib/python3.6/site-packages/setuptools/__init__.py", line 129, in setup
      return distutils.core.setup(**attrs)
    File "/usr/lib64/python3.6/distutils/core.py", line 148, in setup
      dist.run_commands()
    File "/usr/lib64/python3.6/distutils/dist.py", line 955, in run_commands
      self.run_command(cmd)
    File "/usr/lib64/python3.6/distutils/dist.py", line 974, in run_command
      cmd_obj.run()
    File "/opt/app-root/lib/python3.6/site-packages/wheel/bdist_wheel.py", line 201, in run
      self.run_command('build')
    File "/usr/lib64/python3.6/distutils/cmd.py", line 313, in run_command
      self.distribution.run_command(command)
    File "/usr/lib64/python3.6/distutils/dist.py", line 974, in run_command
      cmd_obj.run()
    File "/usr/lib64/python3.6/distutils/command/build.py", line 135, in run
      self.run_command(cmd_name)
    File "/usr/lib64/python3.6/distutils/cmd.py", line 313, in run_command
      self.distribution.run_command(command)
    File "/usr/lib64/python3.6/distutils/dist.py", line 974, in run_command
      cmd_obj.run()
    File "/tmp/pip-install-wgkupef1/fbprophet/setup.py", line 48, in run
      build_models(target_dir)
    File "/tmp/pip-install-wgkupef1/fbprophet/setup.py", line 36, in build_models
      from fbprophet.models import StanBackendEnum
    File "/tmp/pip-install-wgkupef1/fbprophet/fbprophet/__init__.py", line 8, in <module>
      from fbprophet.forecaster import Prophet
    File "/tmp/pip-install-wgkupef1/fbprophet/fbprophet/forecaster.py", line 14, in <module>
      import numpy as np
  ModuleNotFoundError: No module named 'numpy'
  ----------------------------------------
[0m[91m  ERROR: Failed building wheel for fbprophet
[0m  Running setup.py clean for fbprophet
  Building wheel for holidays (setup.py): started
  Building wheel for holidays (setup.py): finished with status 'done'
  Created wheel for holidays: filename=holidays-0.9.11-py3-none-any.whl size=43936 sha256=9447fa812ae8471004d3856e324e9b42ffe5aa32def62c0dfcd6164974730fe8
  Stored in directory: /tmp/pip-ephem-wheel-cache-27cnmf8n/wheels/8b/05/14/02819ebeabc15200adf7087844165616193c4d48c35442f38c
  Building wheel for pyyaml (setup.py): started
  Building wheel for pyyaml (setup.py): finished with status 'done'
  Created wheel for pyyaml: filename=PyYAML-5.3.1-cp36-cp36m-linux_x86_64.whl size=44632 sha256=1f3a1c5ac700cbe1f0e9d8b0709d9c728da2588da1e47e0878f0bdffe15ae4dc
  Stored in directory: /tmp/pip-ephem-wheel-cache-27cnmf8n/wheels/e5/9d/ad/2ee53cf262cba1ffd8afe1487eef788ea3f260b7e6232a80fc
  Building wheel for wrapt (setup.py): started
  Building wheel for wrapt (setup.py): finished with status 'done'
  Created wheel for wrapt: filename=wrapt-1.12.1-cp36-cp36m-linux_x86_64.whl size=72136 sha256=0b8b4c91cf6547fc6b3a961bc62a8380292e84234df8c5060d6556b45dbf6856
  Stored in directory: /tmp/pip-ephem-wheel-cache-27cnmf8n/wheels/32/42/7f/23cae9ff6ef66798d00dc5d659088e57dbba01566f6c60db63
  Building wheel for termcolor (setup.py): started
  Building wheel for termcolor (setup.py): finished with status 'done'
  Created wheel for termcolor: filename=termcolor-1.1.0-py3-none-any.whl size=4001 sha256=3827de9ba398284d1213d607e095ee68827129c5c5a5a310a496ae396780de77
  Stored in directory: /tmp/pip-ephem-wheel-cache-27cnmf8n/wheels/93/2a/eb/e58dbcbc963549ee4f065ff80a59f274cc7210b6eab962acdc
  Building wheel for mmh3 (setup.py): started
  Building wheel for mmh3 (setup.py): finished with status 'done'
  Created wheel for mmh3: filename=mmh3-2.5.1-cp36-cp36m-linux_x86_64.whl size=47776 sha256=7c5a1c3498afbe66c4f9ad91ca204a5ca76fc4bba570e4acf19f2d24218f5ab5
  Stored in directory: /tmp/pip-ephem-wheel-cache-27cnmf8n/wheels/cc/3a/98/fc5e7f8e1840cf6dcf2435260b29661db90a0b22dbd2739df6
  Building wheel for toolz (setup.py): started
  Building wheel for toolz (setup.py): finished with status 'done'
  Created wheel for toolz: filename=toolz-0.10.0-py3-none-any.whl size=54600 sha256=f2d0febb263761a0bba42363997e0dddb120805327b74fd248f02402e3c2a972
  Stored in directory: /tmp/pip-ephem-wheel-cache-27cnmf8n/wheels/fc/da/2e/27e381e9cfc922d078a0a750c7ec72e76df66100e81722516d
  Building wheel for pymeeus (setup.py): started
  Building wheel for pymeeus (setup.py): finished with status 'done'
  Created wheel for pymeeus: filename=PyMeeus-0.3.7-py3-none-any.whl size=687743 sha256=5b4dfc505abcaa67005e5eead5a982e491657e37a4a9894b8ef0d66f0a232cdd
  Stored in directory: /tmp/pip-ephem-wheel-cache-27cnmf8n/wheels/e9/c3/07/d32faf16682e2cd245be46e4c54053c8c82fa9762f4a4bcc63
Successfully built tornado holidays pyyaml wrapt termcolor mmh3 toolz pymeeus
Failed to build fbprophet
[91mDEPRECATION: Could not build wheels for fbprophet which do not use PEP 517. pip will fall back to legacy 'setup.py install' for these. pip 21.0 will remove support for this functionality. A possible replacement is to fix the wheel build issue reported above. You can find discussion regarding this at https://github.com/pypa/pip/issues/8368.
[0mInstalling collected packages: six, pycparser, cffi, cryptography, python-dateutil, idna, certifi, chardet, urllib3, requests, PyJWT, adal, numpy, table-logger, tornado, configparser, pytz, minio, websocket-client, pyasn1, pyasn1-modules, cachetools, rsa, google-auth, oauthlib, requests-oauthlib, pyyaml, kubernetes, azure-common, azure-storage-common, azure-storage-blob, argparse, google-crc32c, google-resumable-media, protobuf, googleapis-common-protos, google-api-core, google-cloud-core, google-cloud-storage, kfserving, kiwisolver, pyparsing, Pillow, cycler, matplotlib, wrapt, google-auth-oauthlib, grpcio, tensorboard-plugin-wit, werkzeug, zipp, importlib-metadata, markdown, absl-py, tensorboard, termcolor, opt-einsum, astunparse, scipy, google-pasta, gast, h5py, keras-preprocessing, tensorflow-estimator, tensorflow, mmh3, pandas, creme, decorator, dm-tree, cloudpickle, tensorflow-probability, PyWavelets, imageio, networkx, tifffile, scikit-image, Cython, cmdstanpy, pystan, ephem, LunarCalendar, pymeeus, convertdate, holidays, setuptools-git, fbprophet, toolz, dask, threadpoolctl, joblib, scikit-learn, opencv-python, alibi-detect
    Running setup.py install for fbprophet: started
    Running setup.py install for fbprophet: still running...
    Running setup.py install for fbprophet: finished with status 'done'
[91mERROR: After October 2020 you may experience errors when installing or updating packages. This is because pip will change the way that it resolves dependency conflicts.

We recommend you use --use-feature=2020-resolver to test your packages with the new resolver before it becomes the default.

google-auth 1.20.1 requires setuptools>=40.3.0, but you'll have setuptools 39.2.0 which is incompatible.
tensorboard 2.3.0 requires setuptools>=41.0.0, but you'll have setuptools 39.2.0 which is incompatible.
tensorflow 2.3.0 requires numpy<1.19.0,>=1.16.0, but you'll have numpy 1.19.1 which is incompatible.
tensorflow 2.3.0 requires scipy==1.4.1, but you'll have scipy 1.5.2 which is incompatible.
[0mSuccessfully installed Cython-0.29.21 LunarCalendar-0.0.9 Pillow-7.2.0 PyJWT-1.7.1 PyWavelets-1.1.1 absl-py-0.10.0 adal-1.2.4 alibi-detect-0.4.0 argparse-1.4.0 astunparse-1.6.3 azure-common-1.1.25 azure-storage-blob-2.1.0 azure-storage-common-2.1.0 cachetools-4.1.1 certifi-2020.6.20 cffi-1.14.2 chardet-3.0.4 cloudpickle-1.3.0 cmdstanpy-0.4.0 configparser-5.0.0 convertdate-2.2.1 creme-0.6.1 cryptography-3.0 cycler-0.10.0 dask-2.24.0 decorator-4.4.2 dm-tree-0.1.5 ephem-3.7.7.1 fbprophet-0.6 gast-0.3.3 google-api-core-1.22.1 google-auth-1.20.1 google-auth-oauthlib-0.4.1 google-cloud-core-1.4.1 google-cloud-storage-1.30.0 google-crc32c-0.1.0 google-pasta-0.2.0 google-resumable-media-0.7.1 googleapis-common-protos-1.52.0 grpcio-1.31.0 h5py-2.10.0 holidays-0.9.11 idna-2.10 imageio-2.9.0 importlib-metadata-1.7.0 joblib-0.16.0 keras-preprocessing-1.1.2 kfserving-0.3.0.1 kiwisolver-1.2.0 kubernetes-10.0.1 markdown-3.2.2 matplotlib-3.3.1 minio-6.0.0 mmh3-2.5.1 networkx-2.5 numpy-1.19.1 oauthlib-3.1.0 opencv-python-4.4.0.42 opt-einsum-3.3.0 pandas-1.1.1 protobuf-3.13.0 pyasn1-0.4.8 pyasn1-modules-0.2.8 pycparser-2.20 pymeeus-0.3.7 pyparsing-2.4.7 pystan-2.19.1.1 python-dateutil-2.8.1 pytz-2020.1 pyyaml-5.3.1 requests-2.24.0 requests-oauthlib-1.3.0 rsa-4.6 scikit-image-0.17.2 scikit-learn-0.23.2 scipy-1.5.2 setuptools-git-1.2 six-1.15.0 table-logger-0.3.6 tensorboard-2.3.0 tensorboard-plugin-wit-1.7.0 tensorflow-2.3.0 tensorflow-estimator-2.3.0 tensorflow-probability-0.11.0 termcolor-1.1.0 threadpoolctl-2.1.0 tifffile-2020.8.13 toolz-0.10.0 tornado-6.0.4 urllib3-1.25.10 websocket-client-0.57.0 werkzeug-1.0.1 wrapt-1.12.1 zipp-3.1.0
Removing intermediate container 429c8d74463b
 ---> 3177c9974c5f
Step 6/15 : RUN git clone --branch 24-extensions https://github.com/ryandawsonuk/sdk-python.git &&     cd sdk-python &&     pip install -e .
 ---> Running in 674a11e6412c
[91mCloning into 'sdk-python'...
[0mObtaining file:///opt/app-root/src/sdk-python
Installing collected packages: cloudevents
  Running setup.py develop for cloudevents
Successfully installed cloudevents
Removing intermediate container 674a11e6412c
 ---> c78bce692e67
Step 7/15 : COPY adserver adserver
 ---> eb1009a21740
Step 8/15 : COPY setup.py .
 ---> 224356d01d68
Step 9/15 : RUN pip install -e .
 ---> Running in aa80d37be4ce
Obtaining file:///opt/app-root/src
Requirement already satisfied: alibi-detect in /opt/app-root/lib/python3.6/site-packages (from adserver==0.1.0) (0.4.0)
Requirement already satisfied: kfserving>=0.2.0 in /opt/app-root/lib/python3.6/site-packages (from adserver==0.1.0) (0.3.0.1)
Requirement already satisfied: argparse>=1.4.0 in /opt/app-root/lib/python3.6/site-packages (from adserver==0.1.0) (1.4.0)
Requirement already satisfied: numpy>=1.8.2 in /opt/app-root/lib/python3.6/site-packages (from adserver==0.1.0) (1.19.1)
Requirement already satisfied: cloudevents in ./sdk-python (from adserver==0.1.0) (0.0.1.dev32)
Requirement already satisfied: dask[array] in /opt/app-root/lib/python3.6/site-packages (from alibi-detect->adserver==0.1.0) (2.24.0)
Requirement already satisfied: tensorflow>=2 in /opt/app-root/lib/python3.6/site-packages (from alibi-detect->adserver==0.1.0) (2.3.0)
Requirement already satisfied: Pillow in /opt/app-root/lib/python3.6/site-packages (from alibi-detect->adserver==0.1.0) (7.2.0)
Requirement already satisfied: matplotlib in /opt/app-root/lib/python3.6/site-packages (from alibi-detect->adserver==0.1.0) (3.3.1)
Requirement already satisfied: opencv-python in /opt/app-root/lib/python3.6/site-packages (from alibi-detect->adserver==0.1.0) (4.4.0.42)
Requirement already satisfied: pandas in /opt/app-root/lib/python3.6/site-packages (from alibi-detect->adserver==0.1.0) (1.1.1)
Requirement already satisfied: scipy in /opt/app-root/lib/python3.6/site-packages (from alibi-detect->adserver==0.1.0) (1.5.2)
Requirement already satisfied: creme in /opt/app-root/lib/python3.6/site-packages (from alibi-detect->adserver==0.1.0) (0.6.1)
Requirement already satisfied: scikit-image in /opt/app-root/lib/python3.6/site-packages (from alibi-detect->adserver==0.1.0) (0.17.2)
Requirement already satisfied: fbprophet in /opt/app-root/lib/python3.6/site-packages (from alibi-detect->adserver==0.1.0) (0.6)
Requirement already satisfied: holidays==0.9.11 in /opt/app-root/lib/python3.6/site-packages (from alibi-detect->adserver==0.1.0) (0.9.11)
Requirement already satisfied: tensorflow-probability>=0.8 in /opt/app-root/lib/python3.6/site-packages (from alibi-detect->adserver==0.1.0) (0.11.0)
Requirement already satisfied: scikit-learn in /opt/app-root/lib/python3.6/site-packages (from alibi-detect->adserver==0.1.0) (0.23.2)
Requirement already satisfied: urllib3>=1.15.1 in /opt/app-root/lib/python3.6/site-packages (from kfserving>=0.2.0->adserver==0.1.0) (1.25.10)
Requirement already satisfied: certifi>=14.05.14 in /opt/app-root/lib/python3.6/site-packages (from kfserving>=0.2.0->adserver==0.1.0) (2020.6.20)
Requirement already satisfied: python-dateutil>=2.5.3 in /opt/app-root/lib/python3.6/site-packages (from kfserving>=0.2.0->adserver==0.1.0) (2.8.1)
Requirement already satisfied: tornado>=1.4.1 in /opt/app-root/lib/python3.6/site-packages (from kfserving>=0.2.0->adserver==0.1.0) (6.0.4)
Requirement already satisfied: minio>=4.0.9 in /opt/app-root/lib/python3.6/site-packages (from kfserving>=0.2.0->adserver==0.1.0) (6.0.0)
Requirement already satisfied: google-cloud-storage>=1.16.0 in /opt/app-root/lib/python3.6/site-packages (from kfserving>=0.2.0->adserver==0.1.0) (1.30.0)
Requirement already satisfied: azure-storage-blob<=2.1.0,>=1.3.0 in /opt/app-root/lib/python3.6/site-packages (from kfserving>=0.2.0->adserver==0.1.0) (2.1.0)
Requirement already satisfied: six>=1.10 in /opt/app-root/lib/python3.6/site-packages (from kfserving>=0.2.0->adserver==0.1.0) (1.15.0)
Requirement already satisfied: table-logger>=0.3.5 in /opt/app-root/lib/python3.6/site-packages (from kfserving>=0.2.0->adserver==0.1.0) (0.3.6)
Requirement already satisfied: adal>=1.2.2 in /opt/app-root/lib/python3.6/site-packages (from kfserving>=0.2.0->adserver==0.1.0) (1.2.4)
Requirement already satisfied: kubernetes==10.0.1 in /opt/app-root/lib/python3.6/site-packages (from kfserving>=0.2.0->adserver==0.1.0) (10.0.1)
Requirement already satisfied: setuptools>=21.0.0 in /opt/app-root/lib/python3.6/site-packages (from kfserving>=0.2.0->adserver==0.1.0) (39.2.0)
Requirement already satisfied: pyyaml in /opt/app-root/lib/python3.6/site-packages (from dask[array]->alibi-detect->adserver==0.1.0) (5.3.1)
Requirement already satisfied: toolz>=0.8.2; extra == "array" in /opt/app-root/lib/python3.6/site-packages (from dask[array]->alibi-detect->adserver==0.1.0) (0.10.0)
Requirement already satisfied: gast==0.3.3 in /opt/app-root/lib/python3.6/site-packages (from tensorflow>=2->alibi-detect->adserver==0.1.0) (0.3.3)
Requirement already satisfied: wheel>=0.26 in /opt/app-root/lib/python3.6/site-packages (from tensorflow>=2->alibi-detect->adserver==0.1.0) (0.31.1)
Requirement already satisfied: h5py<2.11.0,>=2.10.0 in /opt/app-root/lib/python3.6/site-packages (from tensorflow>=2->alibi-detect->adserver==0.1.0) (2.10.0)
Requirement already satisfied: astunparse==1.6.3 in /opt/app-root/lib/python3.6/site-packages (from tensorflow>=2->alibi-detect->adserver==0.1.0) (1.6.3)
Requirement already satisfied: termcolor>=1.1.0 in /opt/app-root/lib/python3.6/site-packages (from tensorflow>=2->alibi-detect->adserver==0.1.0) (1.1.0)
Requirement already satisfied: tensorboard<3,>=2.3.0 in /opt/app-root/lib/python3.6/site-packages (from tensorflow>=2->alibi-detect->adserver==0.1.0) (2.3.0)
Requirement already satisfied: opt-einsum>=2.3.2 in /opt/app-root/lib/python3.6/site-packages (from tensorflow>=2->alibi-detect->adserver==0.1.0) (3.3.0)
Requirement already satisfied: google-pasta>=0.1.8 in /opt/app-root/lib/python3.6/site-packages (from tensorflow>=2->alibi-detect->adserver==0.1.0) (0.2.0)
Requirement already satisfied: grpcio>=1.8.6 in /opt/app-root/lib/python3.6/site-packages (from tensorflow>=2->alibi-detect->adserver==0.1.0) (1.31.0)
Requirement already satisfied: wrapt>=1.11.1 in /opt/app-root/lib/python3.6/site-packages (from tensorflow>=2->alibi-detect->adserver==0.1.0) (1.12.1)
Requirement already satisfied: tensorflow-estimator<2.4.0,>=2.3.0 in /opt/app-root/lib/python3.6/site-packages (from tensorflow>=2->alibi-detect->adserver==0.1.0) (2.3.0)
Requirement already satisfied: keras-preprocessing<1.2,>=1.1.1 in /opt/app-root/lib/python3.6/site-packages (from tensorflow>=2->alibi-detect->adserver==0.1.0) (1.1.2)
Requirement already satisfied: absl-py>=0.7.0 in /opt/app-root/lib/python3.6/site-packages (from tensorflow>=2->alibi-detect->adserver==0.1.0) (0.10.0)
Requirement already satisfied: protobuf>=3.9.2 in /opt/app-root/lib/python3.6/site-packages (from tensorflow>=2->alibi-detect->adserver==0.1.0) (3.13.0)
Requirement already satisfied: cycler>=0.10 in /opt/app-root/lib/python3.6/site-packages (from matplotlib->alibi-detect->adserver==0.1.0) (0.10.0)
Requirement already satisfied: pyparsing!=2.0.4,!=2.1.2,!=2.1.6,>=2.0.3 in /opt/app-root/lib/python3.6/site-packages (from matplotlib->alibi-detect->adserver==0.1.0) (2.4.7)
Requirement already satisfied: kiwisolver>=1.0.1 in /opt/app-root/lib/python3.6/site-packages (from matplotlib->alibi-detect->adserver==0.1.0) (1.2.0)
Requirement already satisfied: pytz>=2017.2 in /opt/app-root/lib/python3.6/site-packages (from pandas->alibi-detect->adserver==0.1.0) (2020.1)
Requirement already satisfied: mmh3==2.5.1 in /opt/app-root/lib/python3.6/site-packages (from creme->alibi-detect->adserver==0.1.0) (2.5.1)
Requirement already satisfied: imageio>=2.3.0 in /opt/app-root/lib/python3.6/site-packages (from scikit-image->alibi-detect->adserver==0.1.0) (2.9.0)
Requirement already satisfied: networkx>=2.0 in /opt/app-root/lib/python3.6/site-packages (from scikit-image->alibi-detect->adserver==0.1.0) (2.5)
Requirement already satisfied: tifffile>=2019.7.26 in /opt/app-root/lib/python3.6/site-packages (from scikit-image->alibi-detect->adserver==0.1.0) (2020.8.13)
Requirement already satisfied: PyWavelets>=1.1.1 in /opt/app-root/lib/python3.6/site-packages (from scikit-image->alibi-detect->adserver==0.1.0) (1.1.1)
Requirement already satisfied: Cython>=0.22 in /opt/app-root/lib/python3.6/site-packages (from fbprophet->alibi-detect->adserver==0.1.0) (0.29.21)
Requirement already satisfied: cmdstanpy==0.4 in /opt/app-root/lib/python3.6/site-packages (from fbprophet->alibi-detect->adserver==0.1.0) (0.4.0)
Requirement already satisfied: pystan>=2.14 in /opt/app-root/lib/python3.6/site-packages (from fbprophet->alibi-detect->adserver==0.1.0) (2.19.1.1)
Requirement already satisfied: LunarCalendar>=0.0.9 in /opt/app-root/lib/python3.6/site-packages (from fbprophet->alibi-detect->adserver==0.1.0) (0.0.9)
Requirement already satisfied: convertdate>=2.1.2 in /opt/app-root/lib/python3.6/site-packages (from fbprophet->alibi-detect->adserver==0.1.0) (2.2.1)
Requirement already satisfied: setuptools-git>=1.2 in /opt/app-root/lib/python3.6/site-packages (from fbprophet->alibi-detect->adserver==0.1.0) (1.2)
Requirement already satisfied: dm-tree in /opt/app-root/lib/python3.6/site-packages (from tensorflow-probability>=0.8->alibi-detect->adserver==0.1.0) (0.1.5)
Requirement already satisfied: cloudpickle==1.3 in /opt/app-root/lib/python3.6/site-packages (from tensorflow-probability>=0.8->alibi-detect->adserver==0.1.0) (1.3.0)
Requirement already satisfied: decorator in /opt/app-root/lib/python3.6/site-packages (from tensorflow-probability>=0.8->alibi-detect->adserver==0.1.0) (4.4.2)
Requirement already satisfied: joblib>=0.11 in /opt/app-root/lib/python3.6/site-packages (from scikit-learn->alibi-detect->adserver==0.1.0) (0.16.0)
Requirement already satisfied: threadpoolctl>=2.0.0 in /opt/app-root/lib/python3.6/site-packages (from scikit-learn->alibi-detect->adserver==0.1.0) (2.1.0)
Requirement already satisfied: configparser in /opt/app-root/lib/python3.6/site-packages (from minio>=4.0.9->kfserving>=0.2.0->adserver==0.1.0) (5.0.0)
Requirement already satisfied: google-auth<2.0dev,>=1.11.0 in /opt/app-root/lib/python3.6/site-packages (from google-cloud-storage>=1.16.0->kfserving>=0.2.0->adserver==0.1.0) (1.20.1)
Requirement already satisfied: google-resumable-media<2.0dev,>=0.6.0 in /opt/app-root/lib/python3.6/site-packages (from google-cloud-storage>=1.16.0->kfserving>=0.2.0->adserver==0.1.0) (0.7.1)
Requirement already satisfied: google-cloud-core<2.0dev,>=1.2.0 in /opt/app-root/lib/python3.6/site-packages (from google-cloud-storage>=1.16.0->kfserving>=0.2.0->adserver==0.1.0) (1.4.1)
Requirement already satisfied: azure-storage-common~=2.1 in /opt/app-root/lib/python3.6/site-packages (from azure-storage-blob<=2.1.0,>=1.3.0->kfserving>=0.2.0->adserver==0.1.0) (2.1.0)
Requirement already satisfied: azure-common>=1.1.5 in /opt/app-root/lib/python3.6/site-packages (from azure-storage-blob<=2.1.0,>=1.3.0->kfserving>=0.2.0->adserver==0.1.0) (1.1.25)
Requirement already satisfied: requests>=2.0.0 in /opt/app-root/lib/python3.6/site-packages (from adal>=1.2.2->kfserving>=0.2.0->adserver==0.1.0) (2.24.0)
Requirement already satisfied: cryptography>=1.1.0 in /opt/app-root/lib/python3.6/site-packages (from adal>=1.2.2->kfserving>=0.2.0->adserver==0.1.0) (3.0)
Requirement already satisfied: PyJWT>=1.0.0 in /opt/app-root/lib/python3.6/site-packages (from adal>=1.2.2->kfserving>=0.2.0->adserver==0.1.0) (1.7.1)
Requirement already satisfied: requests-oauthlib in /opt/app-root/lib/python3.6/site-packages (from kubernetes==10.0.1->kfserving>=0.2.0->adserver==0.1.0) (1.3.0)
Requirement already satisfied: websocket-client!=0.40.0,!=0.41.*,!=0.42.*,>=0.32.0 in /opt/app-root/lib/python3.6/site-packages (from kubernetes==10.0.1->kfserving>=0.2.0->adserver==0.1.0) (0.57.0)
Requirement already satisfied: werkzeug>=0.11.15 in /opt/app-root/lib/python3.6/site-packages (from tensorboard<3,>=2.3.0->tensorflow>=2->alibi-detect->adserver==0.1.0) (1.0.1)
Requirement already satisfied: markdown>=2.6.8 in /opt/app-root/lib/python3.6/site-packages (from tensorboard<3,>=2.3.0->tensorflow>=2->alibi-detect->adserver==0.1.0) (3.2.2)
Requirement already satisfied: google-auth-oauthlib<0.5,>=0.4.1 in /opt/app-root/lib/python3.6/site-packages (from tensorboard<3,>=2.3.0->tensorflow>=2->alibi-detect->adserver==0.1.0) (0.4.1)
Requirement already satisfied: tensorboard-plugin-wit>=1.6.0 in /opt/app-root/lib/python3.6/site-packages (from tensorboard<3,>=2.3.0->tensorflow>=2->alibi-detect->adserver==0.1.0) (1.7.0)
Requirement already satisfied: ephem>=3.7.5.3 in /opt/app-root/lib/python3.6/site-packages (from LunarCalendar>=0.0.9->fbprophet->alibi-detect->adserver==0.1.0) (3.7.7.1)
Requirement already satisfied: pymeeus<=1,>=0.3.6 in /opt/app-root/lib/python3.6/site-packages (from convertdate>=2.1.2->fbprophet->alibi-detect->adserver==0.1.0) (0.3.7)
Requirement already satisfied: rsa<5,>=3.1.4; python_version >= "3.5" in /opt/app-root/lib/python3.6/site-packages (from google-auth<2.0dev,>=1.11.0->google-cloud-storage>=1.16.0->kfserving>=0.2.0->adserver==0.1.0) (4.6)
Requirement already satisfied: cachetools<5.0,>=2.0.0 in /opt/app-root/lib/python3.6/site-packages (from google-auth<2.0dev,>=1.11.0->google-cloud-storage>=1.16.0->kfserving>=0.2.0->adserver==0.1.0) (4.1.1)
Requirement already satisfied: pyasn1-modules>=0.2.1 in /opt/app-root/lib/python3.6/site-packages (from google-auth<2.0dev,>=1.11.0->google-cloud-storage>=1.16.0->kfserving>=0.2.0->adserver==0.1.0) (0.2.8)
Requirement already satisfied: google-crc32c<0.2dev,>=0.1.0; python_version >= "3.5" in /opt/app-root/lib/python3.6/site-packages (from google-resumable-media<2.0dev,>=0.6.0->google-cloud-storage>=1.16.0->kfserving>=0.2.0->adserver==0.1.0) (0.1.0)
Requirement already satisfied: google-api-core<2.0.0dev,>=1.19.0 in /opt/app-root/lib/python3.6/site-packages (from google-cloud-core<2.0dev,>=1.2.0->google-cloud-storage>=1.16.0->kfserving>=0.2.0->adserver==0.1.0) (1.22.1)
Requirement already satisfied: idna<3,>=2.5 in /opt/app-root/lib/python3.6/site-packages (from requests>=2.0.0->adal>=1.2.2->kfserving>=0.2.0->adserver==0.1.0) (2.10)
Requirement already satisfied: chardet<4,>=3.0.2 in /opt/app-root/lib/python3.6/site-packages (from requests>=2.0.0->adal>=1.2.2->kfserving>=0.2.0->adserver==0.1.0) (3.0.4)
Requirement already satisfied: cffi!=1.11.3,>=1.8 in /opt/app-root/lib/python3.6/site-packages (from cryptography>=1.1.0->adal>=1.2.2->kfserving>=0.2.0->adserver==0.1.0) (1.14.2)
Requirement already satisfied: oauthlib>=3.0.0 in /opt/app-root/lib/python3.6/site-packages (from requests-oauthlib->kubernetes==10.0.1->kfserving>=0.2.0->adserver==0.1.0) (3.1.0)
Requirement already satisfied: importlib-metadata; python_version < "3.8" in /opt/app-root/lib/python3.6/site-packages (from markdown>=2.6.8->tensorboard<3,>=2.3.0->tensorflow>=2->alibi-detect->adserver==0.1.0) (1.7.0)
Requirement already satisfied: pyasn1>=0.1.3 in /opt/app-root/lib/python3.6/site-packages (from rsa<5,>=3.1.4; python_version >= "3.5"->google-auth<2.0dev,>=1.11.0->google-cloud-storage>=1.16.0->kfserving>=0.2.0->adserver==0.1.0) (0.4.8)
Requirement already satisfied: googleapis-common-protos<2.0dev,>=1.6.0 in /opt/app-root/lib/python3.6/site-packages (from google-api-core<2.0.0dev,>=1.19.0->google-cloud-core<2.0dev,>=1.2.0->google-cloud-storage>=1.16.0->kfserving>=0.2.0->adserver==0.1.0) (1.52.0)
Requirement already satisfied: pycparser in /opt/app-root/lib/python3.6/site-packages (from cffi!=1.11.3,>=1.8->cryptography>=1.1.0->adal>=1.2.2->kfserving>=0.2.0->adserver==0.1.0) (2.20)
Requirement already satisfied: zipp>=0.5 in /opt/app-root/lib/python3.6/site-packages (from importlib-metadata; python_version < "3.8"->markdown>=2.6.8->tensorboard<3,>=2.3.0->tensorflow>=2->alibi-detect->adserver==0.1.0) (3.1.0)
Installing collected packages: adserver
  Running setup.py develop for adserver
Successfully installed adserver
Removing intermediate container aa80d37be4ce
 ---> 4d3dc91001ae
Step 10/15 : RUN pip install pip-licenses
 ---> Running in 80e369ea7194
Collecting pip-licenses
  Downloading pip_licenses-2.3.0-py3-none-any.whl (14 kB)
Collecting PTable
  Downloading PTable-0.9.2.tar.gz (31 kB)
Building wheels for collected packages: PTable
  Building wheel for PTable (setup.py): started
  Building wheel for PTable (setup.py): finished with status 'done'
  Created wheel for PTable: filename=PTable-0.9.2-py3-none-any.whl size=21893 sha256=477591255e7dfa9cde06c4e3bdf9a5f1a11f574cdcbff8ab78049b94ae288ffa
  Stored in directory: /tmp/pip-ephem-wheel-cache-wt4albvi/wheels/f3/65/67/71f473ec87ea4554d1bdfb1b5128cfe1414c2b113b72a1ee8e
Successfully built PTable
Installing collected packages: PTable, pip-licenses
Successfully installed PTable-0.9.2 pip-licenses-2.3.0
Removing intermediate container 80e369ea7194
 ---> e014c5bcdcc8
Step 11/15 : RUN mkdir ./licenses && pip-licenses --from=mixed --format=csv --output-file=./licenses/license_info.csv &&     pip-licenses --from=mixed --format=plain-vertical --with-license-file --no-license-path --output-file=./licenses/license.txt
 ---> Running in ec133596058a
created path: ./licenses/license_info.csv
created path: ./licenses/license.txt
Removing intermediate container ec133596058a
 ---> b730b4d5a1bd
Step 12/15 : USER root
 ---> Running in 7295fa923ab9
Removing intermediate container 7295fa923ab9
 ---> a24530771b2e
Step 13/15 : RUN mv ./licenses /licenses
 ---> Running in 4189a3a2976c
Removing intermediate container 4189a3a2976c
 ---> 55adf6479b81
Step 14/15 : USER default
 ---> Running in 3d5740b65195
Removing intermediate container 3d5740b65195
 ---> 523db1721c6a
Step 15/15 : ENTRYPOINT ["python", "-m", "adserver"]
 ---> Running in f16a000a5cd3
Removing intermediate container f16a000a5cd3
 ---> ed9ad4571ab8
Successfully built ed9ad4571ab8
Successfully tagged seldonio/alibi-detect-server:1.2.3-dev
kind load docker-image seldonio/alibi-detect-server:1.2.3-dev
Image: "seldonio/alibi-detect-server:1.2.3-dev" with ID "sha256:ed9ad4571ab8caa112911cd64f6a15863cb51b3e920273676f7c2c93017b8976" not present on node "kind-worker"
Image: "seldonio/alibi-detect-server:1.2.3-dev" with ID "sha256:ed9ad4571ab8caa112911cd64f6a15863cb51b3e920273676f7c2c93017b8976" not present on node "kind-control-plane"
make[1]: Leaving directory '/workspace/source/components/alibi-detect-server'
cd ../../components/alibi-explain-server && make kind_load
make[1]: Entering directory '/workspace/source/components/alibi-explain-server'
# Protobuf
cp ../../proto/prediction.proto alibiexplainer/proto/
make -C ../../proto/tensorflow/ create_protos
make[2]: Entering directory '/workspace/source/proto/tensorflow'
./create-protos.sh
Downloading proto files for master
make[2]: Leaving directory '/workspace/source/proto/tensorflow'
cp -r ../../proto/tensorflow/tensorflow \
	alibiexplainer/proto/
make -C ../../proto/tensorflow clean
make[2]: Entering directory '/workspace/source/proto/tensorflow'
removed 'tensorflow/core/framework/resource_handle.proto'
removed 'tensorflow/core/framework/tensor_shape.proto'
removed 'tensorflow/core/framework/tensor.proto'
removed 'tensorflow/core/framework/types.proto'
removed directory 'tensorflow/core/framework'
removed directory 'tensorflow/core'
removed directory 'tensorflow'
make[2]: Leaving directory '/workspace/source/proto/tensorflow'
# Protobuf
cd alibiexplainer && python \
	-m grpc.tools.protoc \
	-I./ \
	-I./proto/ \
	--python_out=./ \
	--grpc_python_out=./ \
	--mypy_out=./ \
	./proto/prediction.proto
protoc-gen-mypy: program not found or is not executable
Please specify a program using absolute path or make sure the program is available in your PATH system variable
--mypy_out: protoc-gen-mypy: Plugin failed with status code 1.
make[1]: *** [Makefile:18: build_apis] Error 1
make[1]: Leaving directory '/workspace/source/components/alibi-explain-server'
make: *** [Makefile:35: kind_build_alibi] Error 2
Alibi server build returned errors
kind delete cluster
Deleting cluster "kind" ...
Stopping Docker: dockerProgram process in pidfile '/var/run/docker-ssd.pid', 1 process(es), refused to die.
[31m
Pipeline failed on stage 'end-to-end' : container 'step-test-end-to-end'. The execution of the pipeline has stopped.[0m
