
Showing logs for build [32mseldonio-seldon-core-master-rel-mnvmn-448[0m stage [32mbuild-and-push[0m and container [32mstep-credential-initializer-mwj7h[0m
{"level":"info","ts":1599124459.3816862,"logger":"fallback-logger","caller":"logging/config.go:69","msg":"Fetch GitHub commit ID from kodata failed: open /var/run/ko/refs/heads/0.8.0-ns-support: no such file or directory"}
{"level":"info","ts":1599124459.3822742,"logger":"fallback-logger","caller":"creds-init/main.go:40","msg":"Credentials initialized."}

Showing logs for build [32mseldonio-seldon-core-master-rel-mnvmn-448[0m stage [32mbuild-and-push[0m and container [32mstep-working-dir-initializer-vnk49[0m
{"level":"info","ts":1599124460.2807033,"logger":"fallback-logger","caller":"logging/config.go:69","msg":"Fetch GitHub commit ID from kodata failed: open /var/run/ko/HEAD: no such file or directory"}
{"level":"info","ts":1599124460.282886,"logger":"fallback-logger","caller":"bash/main.go:64","msg":"Successfully executed command \"sh -c mkdir -p /workspace/source\"; output "}

Showing logs for build [32mseldonio-seldon-core-master-rel-mnvmn-448[0m stage [32mbuild-and-push[0m and container [32mstep-place-tools[0m

Showing logs for build [32mseldonio-seldon-core-master-rel-mnvmn-448[0m stage [32mbuild-and-push[0m and container [32mstep-git-source-seldonio-seldon-core-master-rel-mnvmn-29xpz[0m
{"level":"info","ts":1599124481.7486339,"logger":"fallback-logger","caller":"logging/config.go:69","msg":"Fetch GitHub commit ID from kodata failed: open /var/run/ko/refs/heads/0.8.0-ns-support: no such file or directory"}
{"level":"info","ts":1599124486.8170283,"logger":"fallback-logger","caller":"git/git.go:103","msg":"Successfully cloned https://github.com/SeldonIO/seldon-core.git @ v1.2.3-dev in path /workspace/source"}

Showing logs for build [32mseldonio-seldon-core-master-rel-mnvmn-448[0m stage [32mbuild-and-push[0m and container [32mstep-setup-builder-home[0m

Showing logs for build [32mseldonio-seldon-core-master-rel-mnvmn-448[0m stage [32mbuild-and-push[0m and container [32mstep-git-merge[0m
Using SHAs from PULL_REFS=master:1de9bde7b9b37a0494e2aa696e732b461a605fca
WARNING: no SHAs to merge, falling back to initial cloned commit

Showing logs for build [32mseldonio-seldon-core-master-rel-mnvmn-448[0m stage [32mbuild-and-push[0m and container [32mstep-build-and-push-images[0m
Starting Docker: docker.
make: Entering directory '/workspace/source/wrappers/s2i/python'
mkdir -p _python
cp ../../../version.txt version.txt
cp -r ../../../python _python
set -x && docker build -f Dockerfile.local --build-arg PYTHON_VERSION=3.6 --build-arg CONDA_VERSION=4.7.12 --build-arg BASE_IMAGE=continuumio/miniconda3 -t docker.io/seldonio/seldon-core-s2i-python`echo -n 3.6 | sed 's/\.//g'`:1.2.3-dev .
++ echo -n 3.6
++ sed 's/\.//g'
+ docker build -f Dockerfile.local --build-arg PYTHON_VERSION=3.6 --build-arg CONDA_VERSION=4.7.12 --build-arg BASE_IMAGE=continuumio/miniconda3 -t docker.io/seldonio/seldon-core-s2i-python36:1.2.3-dev .
Sending build context to Docker daemon  1.129MB
Step 1/15 : ARG CONDA_VERSION
Step 2/15 : ARG BASE_IMAGE
Step 3/15 : FROM $BASE_IMAGE:$CONDA_VERSION
 ---> 406f2b43ea59
Step 4/15 : LABEL io.openshift.s2i.scripts-url="image:///s2i/bin"
 ---> Using cache
 ---> fef8526ad07c
Step 5/15 : ARG PYTHON_VERSION
 ---> Using cache
 ---> 2148d5573a92
Step 6/15 : RUN conda install --yes python=$PYTHON_VERSION conda=$CONDA_VERSION
 ---> Using cache
 ---> 2be22fcd4e5c
Step 7/15 : RUN apt-get update --yes && apt-get install --yes gcc make build-essential
 ---> Using cache
 ---> c2a195f55c02
Step 8/15 : RUN mkdir microservice
 ---> Using cache
 ---> 3632a087152e
Step 9/15 : WORKDIR /microservice
 ---> Using cache
 ---> aa9a4b8eb433
Step 10/15 : COPY ./s2i/bin/ /s2i/bin
 ---> Using cache
 ---> 7c5a12fb9fef
Step 11/15 : COPY _python /microservice
 ---> Using cache
 ---> 01be13433478
Step 12/15 : COPY version.txt /microservice/version.txt
 ---> Using cache
 ---> a811a57cce98
Step 13/15 : RUN cd /microservice/python && make install
 ---> Using cache
 ---> 0ecf522ece1d
Step 14/15 : RUN mkdir -p /.conda && chmod a+rwx /.conda
 ---> Using cache
 ---> a6fdf22f78eb
Step 15/15 : EXPOSE 5000
 ---> Using cache
 ---> 3bb4de012dff
Successfully built 3bb4de012dff
Successfully tagged seldonio/seldon-core-s2i-python36:1.2.3-dev
make: Leaving directory '/workspace/source/wrappers/s2i/python'
make: Entering directory '/workspace/source/wrappers/s2i/python'
mkdir -p _python
cp ../../../version.txt version.txt
cp -r ../../../python _python
set -x && docker build -f Dockerfile.local --build-arg PYTHON_VERSION=3.7 --build-arg CONDA_VERSION=4.7.12 --build-arg BASE_IMAGE=continuumio/miniconda3 -t docker.io/seldonio/seldon-core-s2i-python`echo -n 3.7 | sed 's/\.//g'`:1.2.3-dev .
++ echo -n 3.7
++ sed 's/\.//g'
+ docker build -f Dockerfile.local --build-arg PYTHON_VERSION=3.7 --build-arg CONDA_VERSION=4.7.12 --build-arg BASE_IMAGE=continuumio/miniconda3 -t docker.io/seldonio/seldon-core-s2i-python37:1.2.3-dev .
Sending build context to Docker daemon  1.129MB
Step 1/15 : ARG CONDA_VERSION
Step 2/15 : ARG BASE_IMAGE
Step 3/15 : FROM $BASE_IMAGE:$CONDA_VERSION
 ---> 406f2b43ea59
Step 4/15 : LABEL io.openshift.s2i.scripts-url="image:///s2i/bin"
 ---> Using cache
 ---> fef8526ad07c
Step 5/15 : ARG PYTHON_VERSION
 ---> Using cache
 ---> 2148d5573a92
Step 6/15 : RUN conda install --yes python=$PYTHON_VERSION conda=$CONDA_VERSION
 ---> Using cache
 ---> fad39f4a8142
Step 7/15 : RUN apt-get update --yes && apt-get install --yes gcc make build-essential
 ---> Using cache
 ---> 9b145c2255a6
Step 8/15 : RUN mkdir microservice
 ---> Using cache
 ---> c017ce7c718d
Step 9/15 : WORKDIR /microservice
 ---> Using cache
 ---> 6df5eceed56e
Step 10/15 : COPY ./s2i/bin/ /s2i/bin
 ---> Using cache
 ---> 716fb03a5d00
Step 11/15 : COPY _python /microservice
 ---> Using cache
 ---> e831050cb72b
Step 12/15 : COPY version.txt /microservice/version.txt
 ---> Using cache
 ---> e43c8492903c
Step 13/15 : RUN cd /microservice/python && make install
 ---> Using cache
 ---> 9855dcd554d9
Step 14/15 : RUN mkdir -p /.conda && chmod a+rwx /.conda
 ---> Using cache
 ---> 2e56d085df6d
Step 15/15 : EXPOSE 5000
 ---> Using cache
 ---> e4896b77de72
Successfully built e4896b77de72
Successfully tagged seldonio/seldon-core-s2i-python37:1.2.3-dev
make: Leaving directory '/workspace/source/wrappers/s2i/python'
make: Entering directory '/workspace/source/wrappers/s2i/python'
docker tag docker.io/seldonio/seldon-core-s2i-python`echo -n 3.7 | sed 's/\.//g'`:1.2.3-dev docker.io/seldonio/seldon-core-s2i-python`echo -n 3.7 | cut -d. -f1`:1.2.3-dev
make: Leaving directory '/workspace/source/wrappers/s2i/python'
make: Entering directory '/workspace/source/wrappers/s2i/python'
mkdir -p _python
cp ../../../version.txt version.txt
cp -r ../../../python _python
docker build -f Dockerfile.gpu --build-arg CONDA_VERSION=4.7.12 -t docker.io/seldonio/seldon-core-s2i-python3-tf-gpu:1.2.3-dev .
Sending build context to Docker daemon  1.129MB
Step 1/16 : FROM nvidia/cuda:10.0-cudnn7-runtime-ubuntu18.04
 ---> a9fac7264a6d
Step 2/16 : LABEL io.openshift.s2i.scripts-url="image:///s2i/bin"
 ---> Using cache
 ---> c94815e6f851
Step 3/16 : RUN apt-get update -y && apt-get install -qy --no-install-recommends     wget     libsm6     libxext6     libxrender-dev     libglib2.0-0     git     build-essential     &&     rm -rf /var/lib/apt/lists/*
 ---> Using cache
 ---> e052ca14bb44
Step 4/16 : ENV PATH /opt/conda/bin:$PATH
 ---> Using cache
 ---> d5b790ebb17c
Step 5/16 : ARG CONDA_VERSION
 ---> Using cache
 ---> 0b047c06bbf8
Step 6/16 : RUN wget --quiet https://repo.anaconda.com/miniconda/Miniconda3-${CONDA_VERSION}-Linux-x86_64.sh -O ~/miniconda.sh &&     /bin/bash ~/miniconda.sh -b -p /opt/conda &&     rm ~/miniconda.sh &&     /opt/conda/bin/conda clean -tipsy &&     ln -s /opt/conda/etc/profile.d/conda.sh /etc/profile.d/conda.sh &&     echo ". /opt/conda/etc/profile.d/conda.sh" >> ~/.bashrc &&     echo "conda activate base" >> ~/.bashrc &&     find /opt/conda/ -follow -type f -name '*.a' -delete &&     find /opt/conda/ -follow -type f -name '*.js.map' -delete &&     /opt/conda/bin/conda clean -afy
 ---> Using cache
 ---> bf300a86215a
Step 7/16 : RUN mkdir microservice
 ---> Using cache
 ---> f8a7ef0562c9
Step 8/16 : WORKDIR /microservice
 ---> Using cache
 ---> 690a3175d375
Step 9/16 : COPY ./s2i/bin/ /s2i/bin
 ---> Using cache
 ---> fcaed2402d95
Step 10/16 : COPY _python /microservice
 ---> Using cache
 ---> b4c572b043af
Step 11/16 : COPY version.txt /microservice/version.txt
 ---> Using cache
 ---> 5a2cf56e6883
Step 12/16 : RUN cd /microservice/python && make install
 ---> Using cache
 ---> b4039ba1cc04
Step 13/16 : COPY requirements_gpu.txt ./requirements.txt
 ---> Using cache
 ---> 21445d63e861
Step 14/16 : RUN pip install -r requirements.txt
 ---> Using cache
 ---> bc31d63a2fb3
Step 15/16 : RUN mkdir -p /.conda && chmod a+rwx /.conda
 ---> Using cache
 ---> a2b42a543118
Step 16/16 : EXPOSE 5000
 ---> Using cache
 ---> b58240465c5c
Successfully built b58240465c5c
Successfully tagged seldonio/seldon-core-s2i-python3-tf-gpu:1.2.3-dev
make: Leaving directory '/workspace/source/wrappers/s2i/python'
make: Entering directory '/workspace/source/wrappers/s2i/python'
docker build -f Dockerfile.conda --build-arg CONDA_VERSION=4.7.12 -t docker.io/seldonio/conda-ubi8:4.7.12 .
Sending build context to Docker daemon  1.129MB
Step 1/11 : FROM registry.access.redhat.com/ubi8/ubi
 ---> a1f8c9699786
Step 2/11 : ENV LANG=C.UTF-8 LC_ALL=C.UTF-8
 ---> Using cache
 ---> 31ab72fe53ae
Step 3/11 : ENV PATH /opt/conda/bin:$PATH
 ---> Using cache
 ---> 87eccd253308
Step 4/11 : RUN dnf update -y &&     dnf install -y wget bzip2 ca-certificates curl git
 ---> Using cache
 ---> 3fafbe385015
Step 5/11 : ARG CONDA_VERSION
 ---> Using cache
 ---> cc19b7972906
Step 6/11 : RUN wget --quiet https://repo.anaconda.com/miniconda/Miniconda3-$CONDA_VERSION-Linux-x86_64.sh -O ~/miniconda.sh &&     /bin/bash ~/miniconda.sh -b -p /opt/conda &&     rm ~/miniconda.sh &&     /opt/conda/bin/conda clean -tipsy &&     ln -s /opt/conda/etc/profile.d/conda.sh /etc/profile.d/conda.sh &&     echo ". /opt/conda/etc/profile.d/conda.sh" >> ~/.bashrc &&     echo "conda activate base" >> ~/.bashrc &&     chgrp -R root /opt/conda && chmod -R g+rw /opt/conda
 ---> Using cache
 ---> 7a061d07faf1
Step 7/11 : ENV TINI_VERSION v0.16.1
 ---> Using cache
 ---> 5fa1d7231c2c
Step 8/11 : ADD https://github.com/krallin/tini/releases/download/${TINI_VERSION}/tini /usr/bin/tini

 ---> Using cache
 ---> d1268897a036
Step 9/11 : RUN chmod +x /usr/bin/tini
 ---> Using cache
 ---> ec4252b19fb4
Step 10/11 : ENTRYPOINT [ "/usr/bin/tini", "--" ]
 ---> Using cache
 ---> b9316f33899a
Step 11/11 : CMD [ "/bin/bash" ]
 ---> Using cache
 ---> 0d868ea40307
Successfully built 0d868ea40307
Successfully tagged seldonio/conda-ubi8:4.7.12
make: Leaving directory '/workspace/source/wrappers/s2i/python'
make: Entering directory '/workspace/source/wrappers/s2i/python'
mkdir -p _python
cp ../../../version.txt version.txt
cp -r ../../../python _python
set -x && docker build -f Dockerfile.redhat --build-arg PYTHON_VERSION=3.7 --build-arg CONDA_VERSION=4.7.12 --build-arg BASE_IMAGE=docker.io/seldonio/conda-ubi8 -t docker.io/seldonio/seldon-core-s2i-python`echo -n 3.7 | sed 's/\.//g'`-ubi8:1.2.3-dev .
++ echo -n 3.7
++ sed 's/\.//g'
+ docker build -f Dockerfile.redhat --build-arg PYTHON_VERSION=3.7 --build-arg CONDA_VERSION=4.7.12 --build-arg BASE_IMAGE=docker.io/seldonio/conda-ubi8 -t docker.io/seldonio/seldon-core-s2i-python37-ubi8:1.2.3-dev .
Sending build context to Docker daemon  1.129MB
Step 1/15 : ARG CONDA_VERSION
Step 2/15 : ARG BASE_IMAGE
Step 3/15 : FROM $BASE_IMAGE:$CONDA_VERSION
 ---> 0d868ea40307
Step 4/15 : LABEL io.openshift.s2i.scripts-url="image:///s2i/bin"
 ---> Using cache
 ---> 779bbcbc7013
Step 5/15 : ARG PYTHON_VERSION
 ---> Using cache
 ---> 7204f0e822fe
Step 6/15 : RUN conda install --yes python=$PYTHON_VERSION conda=$CONDA_VERSION
 ---> Using cache
 ---> 37611b878ebf
Step 7/15 : RUN dnf install -y make automake gcc gcc-c++
 ---> Using cache
 ---> 899f566f50db
Step 8/15 : RUN mkdir microservice
 ---> Using cache
 ---> 09ba3125883b
Step 9/15 : WORKDIR /microservice
 ---> Using cache
 ---> 898847e2c3ed
Step 10/15 : COPY ./s2i/bin/ /s2i/bin
 ---> Using cache
 ---> 7235fd98612c
Step 11/15 : COPY _python /microservice
 ---> Using cache
 ---> 1d316ecb1db8
Step 12/15 : RUN cd /microservice/python && make install
 ---> Using cache
 ---> 904058bbc128
Step 13/15 : COPY _python/python/licenses/license.txt .
 ---> Using cache
 ---> 1c7c134da4c3
Step 14/15 : RUN mkdir -p /.conda && chmod a+rwx /.conda
 ---> Using cache
 ---> e3602f7a7fc7
Step 15/15 : EXPOSE 5000
 ---> Using cache
 ---> b5b5af93bab7
Successfully built b5b5af93bab7
Successfully tagged seldonio/seldon-core-s2i-python37-ubi8:1.2.3-dev
make: Leaving directory '/workspace/source/wrappers/s2i/python'
make: Entering directory '/workspace/source/wrappers/s2i/python'
docker push docker.io/seldonio/seldon-core-s2i-python`echo -n 3.6 | sed 's/\.//g'`:1.2.3-dev
The push refers to repository [docker.io/seldonio/seldon-core-s2i-python36]
8af4e5ea372a: Preparing
a26bdd9e70c1: Preparing
43cd636bdcbc: Preparing
449fe2f8ce25: Preparing
4e279fd013f5: Preparing
a11f96cc2ebf: Preparing
f499f4693367: Preparing
a152e0e4fce1: Preparing
5215cb249b79: Preparing
3ee7190fd43a: Preparing
2db44bce66cd: Preparing
a152e0e4fce1: Waiting
5215cb249b79: Waiting
3ee7190fd43a: Waiting
2db44bce66cd: Waiting
a11f96cc2ebf: Waiting
f499f4693367: Waiting
4e279fd013f5: Layer already exists
8af4e5ea372a: Layer already exists
449fe2f8ce25: Layer already exists
43cd636bdcbc: Layer already exists
a26bdd9e70c1: Layer already exists
a11f96cc2ebf: Layer already exists
a152e0e4fce1: Layer already exists
3ee7190fd43a: Layer already exists
5215cb249b79: Layer already exists
f499f4693367: Layer already exists
2db44bce66cd: Layer already exists
1.2.3-dev: digest: sha256:f9f98725203dbafdff82c28744fd72ed9cd0c7a0a69c75fe8b8182fe16925abb size: 2629
make: Leaving directory '/workspace/source/wrappers/s2i/python'
make: Entering directory '/workspace/source/wrappers/s2i/python'
docker push docker.io/seldonio/seldon-core-s2i-python`echo -n 3.6 | cut -d. -f1`:1.2.3-dev
The push refers to repository [docker.io/seldonio/seldon-core-s2i-python3]
fdc992484f07: Preparing
1622880875c4: Preparing
2065c3b610b4: Preparing
e54873965ce5: Preparing
13aa4ec2f54d: Preparing
423c16f3c8a9: Preparing
04df878ba327: Preparing
ee7d21a76699: Preparing
5215cb249b79: Preparing
3ee7190fd43a: Preparing
2db44bce66cd: Preparing
5215cb249b79: Waiting
423c16f3c8a9: Waiting
3ee7190fd43a: Waiting
04df878ba327: Waiting
ee7d21a76699: Waiting
2db44bce66cd: Waiting
2065c3b610b4: Layer already exists
13aa4ec2f54d: Layer already exists
fdc992484f07: Layer already exists
e54873965ce5: Layer already exists
1622880875c4: Layer already exists
423c16f3c8a9: Layer already exists
5215cb249b79: Layer already exists
3ee7190fd43a: Layer already exists
ee7d21a76699: Layer already exists
04df878ba327: Layer already exists
2db44bce66cd: Layer already exists
1.2.3-dev: digest: sha256:fa94909f6e8bc2d1f0b2ce63165094a88b12878dc4e8d33cdcb35ab4c7687336 size: 2628
make: Leaving directory '/workspace/source/wrappers/s2i/python'
make: Entering directory '/workspace/source/wrappers/s2i/python'
docker push docker.io/seldonio/seldon-core-s2i-python`echo -n 3.7 | sed 's/\.//g'`:1.2.3-dev
The push refers to repository [docker.io/seldonio/seldon-core-s2i-python37]
fdc992484f07: Preparing
1622880875c4: Preparing
2065c3b610b4: Preparing
e54873965ce5: Preparing
13aa4ec2f54d: Preparing
423c16f3c8a9: Preparing
04df878ba327: Preparing
ee7d21a76699: Preparing
5215cb249b79: Preparing
3ee7190fd43a: Preparing
2db44bce66cd: Preparing
04df878ba327: Waiting
ee7d21a76699: Waiting
3ee7190fd43a: Waiting
5215cb249b79: Waiting
2db44bce66cd: Waiting
423c16f3c8a9: Waiting
1622880875c4: Layer already exists
13aa4ec2f54d: Layer already exists
2065c3b610b4: Layer already exists
e54873965ce5: Layer already exists
fdc992484f07: Layer already exists
ee7d21a76699: Layer already exists
423c16f3c8a9: Layer already exists
3ee7190fd43a: Layer already exists
04df878ba327: Layer already exists
5215cb249b79: Layer already exists
2db44bce66cd: Layer already exists
1.2.3-dev: digest: sha256:fa94909f6e8bc2d1f0b2ce63165094a88b12878dc4e8d33cdcb35ab4c7687336 size: 2628
make: Leaving directory '/workspace/source/wrappers/s2i/python'
make: Entering directory '/workspace/source/wrappers/s2i/python'
docker push docker.io/seldonio/seldon-core-s2i-python3-tf-gpu:1.2.3-dev
The push refers to repository [docker.io/seldonio/seldon-core-s2i-python3-tf-gpu]
520d41ed7017: Preparing
6bd9a8998a27: Preparing
1d8c59803519: Preparing
742ca86a6d8e: Preparing
4ee2a277b7a3: Preparing
27a7b2587b8f: Preparing
bc3c50ee9a1d: Preparing
96297e46c8a6: Preparing
fadae39d507d: Preparing
1569132a69fb: Preparing
5349a3faa189: Preparing
4e3516398cef: Preparing
52ad947270f1: Preparing
dd841c774a30: Preparing
37b9a4b22186: Preparing
e0b3afb09dc3: Preparing
6c01b5a53aac: Preparing
2c6ac8e5063e: Preparing
cc967c529ced: Preparing
4e3516398cef: Waiting
52ad947270f1: Waiting
dd841c774a30: Waiting
37b9a4b22186: Waiting
96297e46c8a6: Waiting
fadae39d507d: Waiting
1569132a69fb: Waiting
5349a3faa189: Waiting
e0b3afb09dc3: Waiting
6c01b5a53aac: Waiting
bc3c50ee9a1d: Waiting
2c6ac8e5063e: Waiting
cc967c529ced: Waiting
27a7b2587b8f: Waiting
6bd9a8998a27: Layer already exists
4ee2a277b7a3: Layer already exists
1d8c59803519: Layer already exists
742ca86a6d8e: Layer already exists
520d41ed7017: Layer already exists
96297e46c8a6: Layer already exists
fadae39d507d: Layer already exists
bc3c50ee9a1d: Layer already exists
27a7b2587b8f: Layer already exists
1569132a69fb: Layer already exists
4e3516398cef: Layer already exists
52ad947270f1: Layer already exists
dd841c774a30: Layer already exists
5349a3faa189: Layer already exists
37b9a4b22186: Layer already exists
e0b3afb09dc3: Layer already exists
2c6ac8e5063e: Layer already exists
6c01b5a53aac: Layer already exists
cc967c529ced: Layer already exists
1.2.3-dev: digest: sha256:7b267887927b212e781289547c0d4fa6cd8259d526cfc2ae57ebefb454f7301c size: 4303
make: Leaving directory '/workspace/source/wrappers/s2i/python'
make: Entering directory '/workspace/source/wrappers/s2i/python'
docker push docker.io/seldonio/seldon-core-s2i-python`echo -n 3.7 | sed 's/\.//g'`-ubi8:1.2.3-dev
The push refers to repository [docker.io/seldonio/seldon-core-s2i-python37-ubi8]
68523b7546e1: Preparing
c7b2b29162ad: Preparing
66435f8e050b: Preparing
59ca18ec37b3: Preparing
7e656fcec888: Preparing
df9fa39bfd58: Preparing
0766588a057c: Preparing
5feaa8628ffa: Preparing
3d992ee17741: Preparing
64658a4160c4: Preparing
a73ff91af2b1: Preparing
637e0f8ee45c: Preparing
70056249a0e2: Preparing
226bfaae015f: Preparing
df9fa39bfd58: Waiting
3d992ee17741: Waiting
64658a4160c4: Waiting
a73ff91af2b1: Waiting
70056249a0e2: Waiting
226bfaae015f: Waiting
0766588a057c: Waiting
5feaa8628ffa: Waiting
7e656fcec888: Layer already exists
68523b7546e1: Layer already exists
66435f8e050b: Layer already exists
c7b2b29162ad: Layer already exists
59ca18ec37b3: Layer already exists
df9fa39bfd58: Layer already exists
3d992ee17741: Layer already exists
0766588a057c: Layer already exists
5feaa8628ffa: Layer already exists
64658a4160c4: Layer already exists
a73ff91af2b1: Layer already exists
70056249a0e2: Layer already exists
637e0f8ee45c: Layer already exists
226bfaae015f: Layer already exists
1.2.3-dev: digest: sha256:6a590657913cb33d79f5d9a39ea6b5d63690dc2d1c3eb7e7dfbaf8330f285167 size: 3254
make: Leaving directory '/workspace/source/wrappers/s2i/python'
make: Entering directory '/workspace/source/operator'
go: creating new go.mod: module tmp
go: found sigs.k8s.io/controller-tools/cmd/controller-gen in sigs.k8s.io/controller-tools v0.2.5
/builder/home/go/bin/controller-gen object:headerFile=./hack/boilerplate.go.txt paths="./..."
go fmt ./...
go vet ./...
/builder/home/go/bin/controller-gen "crd:trivialVersions=true" rbac:roleName=manager-role webhook paths="./..." output:crd:artifacts:config=config/crd/bases
rm -rf generated
mkdir generated
kustomize build config/default/ -o generated
cp generated/apiextensions.k8s.io_v1beta1_customresourcedefinition_seldondeployments.machinelearning.seldon.io.yaml testing/machinelearning.seldon.io_seldondeployments.yaml
ginkgo -r -outputdir=. -cover -coverprofile=cover.out ./controllers ./utils ./apis
[1599127963] [1mController Suite[0m - 49/49 specs test k8s client
&{Reader:0xc00063a860 Writer:0xc00001d530 StatusClient:0xc00001d530}
[32mâ€¢[0m[32mâ€¢[0m[32mâ€¢[0m[32mâ€¢[0m[32mâ€¢[0m[32mâ€¢[0m[32mâ€¢[0m[32mâ€¢[0m[32mâ€¢[0m[32mâ€¢[0m[32mâ€¢[0m[32mâ€¢[0m[32mâ€¢[0m[32mâ€¢[0m[32mâ€¢[0m[32mâ€¢[0m[32mâ€¢[0m[32mâ€¢[0m[32mâ€¢[0m[32mâ€¢[0m[32mâ€¢[0m[32mâ€¢[0m[32mâ€¢[0m[32mâ€¢[0m[32mâ€¢[0m[32mâ€¢[0m[32mâ€¢[0m[32mâ€¢[0m[32mâ€¢[0m[32mâ€¢[0m[32mâ€¢[0m[32mâ€¢[0m[32mâ€¢[0m[32mâ€¢[0m[32mâ€¢[0m[32mâ€¢[0m[32mâ€¢[0m[32mâ€¢[0m[32mâ€¢[0m[32mâ€¢[0m[32mâ€¢[0m[32mâ€¢[0m[32mâ€¢[0m[32mâ€¢[0m[32mâ€¢[0m[32mâ€¢[0m[32mâ€¢[0m[32mâ€¢[0m[32mâ€¢[0mE0903 10:13:33.002408    3451 reflector.go:309] pkg/mod/k8s.io/client-go@v0.17.9/tools/cache/reflector.go:105: Failed to watch *v1.SeldonDeployment: Get "http://127.0.0.1:35869/apis/machinelearning.seldon.io/v1/seldondeployments?allowWatchBookmarks=true&resourceVersion=373&timeoutSeconds=395&watch=true": dial tcp 127.0.0.1:35869: connect: connection refused
E0903 10:13:33.002442    3451 reflector.go:309] pkg/mod/k8s.io/client-go@v0.17.9/tools/cache/reflector.go:105: Failed to watch *v1.ConfigMap: Get "http://127.0.0.1:35869/api/v1/configmaps?allowWatchBookmarks=true&resourceVersion=117&timeoutSeconds=440&watch=true": dial tcp 127.0.0.1:35869: connect: connection refused
E0903 10:13:33.002408    3451 reflector.go:309] pkg/mod/k8s.io/client-go@v0.17.9/tools/cache/reflector.go:105: Failed to watch *v1alpha3.VirtualService: Get "http://127.0.0.1:35869/apis/networking.istio.io/v1alpha3/virtualservices?allowWatchBookmarks=true&resourceVersion=118&timeoutSeconds=384&watch=true": dial tcp 127.0.0.1:35869: connect: connection refused
E0903 10:13:33.002549    3451 reflector.go:309] pkg/mod/k8s.io/client-go@v0.17.9/tools/cache/reflector.go:105: Failed to watch *v1.Service: Get "http://127.0.0.1:35869/api/v1/services?allowWatchBookmarks=true&resourceVersion=366&timeoutSeconds=503&watch=true": dial tcp 127.0.0.1:35869: connect: connection refused
E0903 10:13:33.002622    3451 reflector.go:309] pkg/mod/k8s.io/client-go@v0.17.9/tools/cache/reflector.go:105: Failed to watch *v2beta1.HorizontalPodAutoscaler: Get "http://127.0.0.1:35869/apis/autoscaling/v2beta1/horizontalpodautoscalers?allowWatchBookmarks=true&resourceVersion=151&timeoutSeconds=365&watch=true": dial tcp 127.0.0.1:35869: connect: connection refused
E0903 10:13:33.003129    3451 reflector.go:309] pkg/mod/k8s.io/client-go@v0.17.9/tools/cache/reflector.go:105: Failed to watch *v1.Deployment: Get "http://127.0.0.1:35869/apis/apps/v1/deployments?allowWatchBookmarks=true&resourceVersion=367&timeoutSeconds=360&watch=true": dial tcp 127.0.0.1:35869: connect: connection refused
E0903 10:13:33.003381    3451 reflector.go:309] pkg/mod/k8s.io/client-go@v0.17.9/tools/cache/reflector.go:105: Failed to watch *v1.Namespace: Get "http://127.0.0.1:35869/api/v1/namespaces?allowWatchBookmarks=true&resourceVersion=304&timeoutSeconds=387&watch=true": dial tcp 127.0.0.1:35869: connect: connection refused

 [32mSUCCESS![0m 25.868478311s PASS
coverage: 66.0% of statements
=== RUN   TestGcsSecret
--- PASS: TestGcsSecret (0.00s)
PASS
coverage: 100.0% of statements
=== RUN   TestS3Secret
--- PASS: TestS3Secret (0.00s)
PASS
coverage: 94.6% of statements
=== RUN   TestGetEnvAsBool
--- PASS: TestGetEnvAsBool (0.00s)
PASS
coverage: 10.9% of statements
=== RUN   TestGenerateCerts
--- PASS: TestGenerateCerts (5.64s)
=== RUN   TestConfigmapCreate
--- PASS: TestConfigmapCreate (0.02s)
=== RUN   TestCRDCreate
--- PASS: TestCRDCreate (0.07s)
=== RUN   TestMutatingWebhookCreate
--- PASS: TestMutatingWebhookCreate (2.08s)
=== RUN   TestMutatingWebhookCreateNamespaced
--- PASS: TestMutatingWebhookCreateNamespaced (1.42s)
=== RUN   TestValidatingWebhookCreate
--- PASS: TestValidatingWebhookCreate (3.53s)
=== RUN   TestValidatingWebhookCreateNamespaced
--- PASS: TestValidatingWebhookCreateNamespaced (2.24s)
=== RUN   TestWebHookSvcCreate
--- PASS: TestWebHookSvcCreate (3.77s)
PASS
coverage: 52.1% of statements
=== RUN   TestImageSetNormal
    prepack_test.go:50: Scenario: GRPC image with no version
    prepack_test.go:50: Scenario: REST image with version
    prepack_test.go:50: Scenario: REST image with no version
    prepack_test.go:50: Scenario: GRPC image with version
--- PASS: TestImageSetNormal (0.00s)
=== RUN   TestGetPredictorConfig
    prepack_test.go:81: Scenario: related image sklearn
    prepack_test.go:81: Scenario: default image sklearn
--- PASS: TestGetPredictorConfig (0.00s)
=== RUN   TestGetDeploymentNameOneModel
--- PASS: TestGetDeploymentNameOneModel (0.00s)
=== RUN   TestGetDeploymentNameLong
--- PASS: TestGetDeploymentNameLong (0.00s)
=== RUN   TestValidateBadProtocol
--- PASS: TestValidateBadProtocol (0.00s)
=== RUN   TestValidateBadTransport
--- PASS: TestValidateBadTransport (0.00s)
=== RUN   TestValidateMixedTransport
--- PASS: TestValidateMixedTransport (0.00s)
=== RUN   TestValidateMixedMultipleTransport
--- PASS: TestValidateMixedMultipleTransport (0.00s)
=== RUN   TestDefaultSingleContainer
--- PASS: TestDefaultSingleContainer (0.00s)
=== RUN   TestMetricsPortAddedTwoContainers
--- PASS: TestMetricsPortAddedTwoContainers (0.00s)
=== RUN   TestMetricsPortAddedTwoComponentSpecsTwoContainers
--- PASS: TestMetricsPortAddedTwoComponentSpecsTwoContainers (0.00s)
=== RUN   TestOverrideMetricsPortName
Failed to find config map seldon-config
no kind is registered for the type v1.ConfigMap in scheme "pkg/runtime/scheme.go:101"
--- PASS: TestOverrideMetricsPortName (0.00s)
=== RUN   TestPortUseExisting
--- PASS: TestPortUseExisting (0.00s)
=== RUN   TestMetricsPortAddedToPrepacked
--- PASS: TestMetricsPortAddedToPrepacked (0.00s)
=== RUN   TestPredictorProtocolGrpc
--- PASS: TestPredictorProtocolGrpc (0.01s)
=== RUN   TestPrepackedWithExistingContainer
--- PASS: TestPrepackedWithExistingContainer (0.00s)
=== RUN   TestPrepackedWithCustom
--- PASS: TestPrepackedWithCustom (0.00s)
=== RUN   TestPrepackedWithExistingContainerAndImage
--- PASS: TestPrepackedWithExistingContainerAndImage (0.00s)
=== RUN   TestMetricsPortAddedToTwoPrepacked
--- PASS: TestMetricsPortAddedToTwoPrepacked (0.00s)
=== RUN   TestDefaultPrepackagedServerType
--- PASS: TestDefaultPrepackagedServerType (0.01s)
=== RUN   TestValidateSingleModel
--- PASS: TestValidateSingleModel (0.00s)
=== RUN   TestValidateSingleModelNoName
--- PASS: TestValidateSingleModelNoName (0.00s)
=== RUN   TestValidateNoEngineMultiGraph
--- PASS: TestValidateNoEngineMultiGraph (0.00s)
=== RUN   TestValidateDuplPredictorName
--- PASS: TestValidateDuplPredictorName (0.00s)
=== RUN   TestValidateTrafficSum
--- PASS: TestValidateTrafficSum (0.00s)
=== RUN   TestDefaultABTest
--- PASS: TestDefaultABTest (0.00s)
=== RUN   TestValidateTensorflowProtocolNormalPrepackaged
--- PASS: TestValidateTensorflowProtocolNormalPrepackaged (0.00s)
=== RUN   TestValidateTensorflowProtocolNormal
--- PASS: TestValidateTensorflowProtocolNormal (0.00s)
=== RUN   TestPredictorNoGraph
--- PASS: TestPredictorNoGraph (0.00s)
PASS
coverage: 41.6% of statements
path is /workspace/source/operator
All profiles combined

Ginkgo ran 6 suites in 1m8.244809966s
Test Suite Passed
docker build . -t seldonio/seldon-core-operator:1.2.3-dev
Sending build context to Docker daemon   8.35MB
Step 1/28 : FROM golang:1.13.2 as builder
 ---> e37698ff7351
Step 2/28 : WORKDIR /workspace
 ---> Using cache
 ---> 48db942e9315
Step 3/28 : COPY go.mod go.mod
 ---> Using cache
 ---> 4a72fc83eb56
Step 4/28 : COPY go.sum go.sum
 ---> Using cache
 ---> 152cee2c283d
Step 5/28 : RUN go mod download
 ---> Using cache
 ---> d0b5892c8c54
Step 6/28 : COPY main.go main.go
 ---> Using cache
 ---> 9e4491f0ab6c
Step 7/28 : COPY apis/ apis/
 ---> ba63420bab75
Step 8/28 : COPY controllers/ controllers/
 ---> bdb88c6f260c
Step 9/28 : COPY utils/ utils/
 ---> 9a0e01520cfc
Step 10/28 : COPY constants/ constants/
 ---> b7afad416394
Step 11/28 : COPY client/ client/
 ---> bf83f4390312
Step 12/28 : RUN go build -a -o manager main.go
 ---> Running in daee351048d0
Removing intermediate container daee351048d0
 ---> c79f447bc73b
Step 13/28 : RUN wget -O hashicorp-golang-lru.tar.gz https://github.com/hashicorp/golang-lru/archive/master.tar.gz
 ---> Running in 5df23348ee43
[91m--2020-09-03 10:14:41--  https://github.com/hashicorp/golang-lru/archive/master.tar.gz
[0m[91mResolving github.com (github.com)... [0m[91m140.82.121.3
Connecting to github.com (github.com)|140.82.121.3|:443... [0m[91mconnected.
[0m[91mHTTP request sent, awaiting response... [0m[91m302 Found
Location: https://codeload.github.com/hashicorp/golang-lru/tar.gz/master [following]
--2020-09-03 10:14:41--  https://codeload.github.com/hashicorp/golang-lru/tar.gz/master
[0m[91mResolving codeload.github.com (codeload.github.com)... [0m[91m140.82.121.9
Connecting to codeload.github.com (codeload.github.com)|140.82.121.9|:443... [0m[91mconnected.
[0m[91mHTTP request sent, awaiting response... [0m[91m200 OK
[0m[91mLength: unspecified [application/x-gzip]
Saving to: 'hashicorp-golang-lru.tar.gz'

     0K ...[0m[91m....... .[0m[91m.[0m[91m.                                         1.03M=0.01s

2020-09-03 10:14:42 (1.03 MB/s) - 'hashicorp-golang-lru.tar.gz' saved [13973]

[0mRemoving intermediate container 5df23348ee43
 ---> c8c40d59616e
Step 14/28 : RUN wget -O armon-consul-api.tar.gz https://github.com/armon/consul-api/archive/master.tar.gz
 ---> Running in 17c2fe1bc66e
[91m--2020-09-03 10:14:43--  https://github.com/armon/consul-api/archive/master.tar.gz
[0m[91mResolving github.com (github.com)... [0m[91m140.82.121.3
Connecting to github.com (github.com)|140.82.121.3|:443... [0m[91mconnected.
[0m[91mHTTP request sent, awaiting response... [0m[91m302 Found
Location: https://codeload.github.com/armon/consul-api/tar.gz/master [following]
--2020-09-03 10:14:43--  https://codeload.github.com/armon/consul-api/tar.gz/master
Resolving codeload.github.com (codeload.github.com)... [0m[91m140.82.121.9
Connecting to codeload.github.com (codeload.github.com)|140.82.121.9|:443... [0m[91mconnected.
[0m[91mHTTP request sent, awaiting response... [0m[91m200 OK
Length: unspecified [application/x-gzip]
Saving to: 'armon-consul-api.tar.gz'

     0K .......... .[0m[91m......                                    [0m[91m 1.40M=0.01s

2020-09-03 10:14:43 (1.40 MB/s) - 'armon-consul-api.tar.gz' saved [17977]

[0mRemoving intermediate container 17c2fe1bc66e
 ---> 247175e4dbb9
Step 15/28 : RUN wget -O hasicorp-hcl.tar.gz https://github.com/hashicorp/hcl/archive/master.tar.gz
 ---> Running in 9959c75d6a05
[91m--2020-09-03 10:14:44--  https://github.com/hashicorp/hcl/archive/master.tar.gz
[0m[91mResolving github.com (github.com)... [0m[91m140.82.121.3
Connecting to github.com (github.com)|140.82.121.3|:443... [0m[91mconnected.
[0m[91mHTTP request sent, awaiting response... [0m[91m302 Found
Location: https://codeload.github.com/hashicorp/hcl/tar.gz/master [following]
--2020-09-03 10:14:45--  https://codeload.github.com/hashicorp/hcl/tar.gz/master
Resolving codeload.github.com (codeload.github.com)... [0m[91m140.82.121.9
Connecting to codeload.github.com (codeload.github.com)|140.82.121.9|:443... [0m[91mconnected.
[0m[91mHTTP request sent, awaiting response... [0m[91m200 OK
Length: unspecified [application/x-gzip]
Saving to: 'hasicorp-hcl.tar.gz'

     0K ...[0m[91m....... .[0m[91m....[0m[91m.[0m[91m.[0m[91m... ...[0m[91m....... .....[0m[91m..[0m[91m... ....[0m[91m.[0m[91m..... 1.83M
    50K[0m[91m .....[0m[91m..... ..[0m[91m......[0m[91m.. .                          [0m[91m      36.1M=0.03s

2020-09-03 10:14:45 (2.55 MB/s) - 'hasicorp-hcl.tar.gz' saved [72956]

[0mRemoving intermediate container 9959c75d6a05
 ---> a351857d43b8
Step 16/28 : FROM gcr.io/distroless/base:latest
 ---> ae9876e34217
Step 17/28 : WORKDIR /
 ---> Using cache
 ---> 252169137582
Step 18/28 : COPY --from=builder /workspace/manager .
 ---> Using cache
 ---> 89472d0cbd8d
Step 19/28 : COPY licenses/license.txt licenses/license.txt
 ---> Using cache
 ---> 36866199e4a8
Step 20/28 : COPY --from=builder /workspace/hashicorp-golang-lru.tar.gz licenses/mpl_source/hashicorp-golang-lru.tar.gz
 ---> Using cache
 ---> 04312bd3daa3
Step 21/28 : COPY --from=builder /workspace/armon-consul-api.tar.gz licenses/mpl_source/armon-consul-api.tar.gz
 ---> Using cache
 ---> b6922c3d63ed
Step 22/28 : COPY --from=builder /workspace/hasicorp-hcl.tar.gz licenses/mpl_source/hasicorp-hcl.tar.gz
 ---> Using cache
 ---> 71e2f90d92dc
Step 23/28 : COPY generated/admissionregistration.k8s.io_v1beta1_mutatingwebhookconfiguration_seldon-mutating-webhook-configuration.yaml /tmp/operator-resources/mutate.yaml
 ---> Using cache
 ---> 159428813cc0
Step 24/28 : COPY generated/admissionregistration.k8s.io_v1beta1_validatingwebhookconfiguration_seldon-validating-webhook-configuration.yaml /tmp/operator-resources/validate.yaml
 ---> Using cache
 ---> e66165c653b0
Step 25/28 : COPY generated/~g_v1_service_seldon-webhook-service.yaml /tmp/operator-resources/service.yaml
 ---> Using cache
 ---> 1f07015bd092
Step 26/28 : COPY generated/~g_v1_configmap_seldon-config.yaml /tmp/operator-resources/configmap.yaml
 ---> Using cache
 ---> 203e6bfccfe2
Step 27/28 : COPY generated/apiextensions.k8s.io_v1beta1_customresourcedefinition_seldondeployments.machinelearning.seldon.io.yaml /tmp/operator-resources/crd.yaml
 ---> Using cache
 ---> d790dca29a50
Step 28/28 : ENTRYPOINT ["/manager"]
 ---> Using cache
 ---> 79113113169d
Successfully built 79113113169d
Successfully tagged seldonio/seldon-core-operator:1.2.3-dev
docker push seldonio/seldon-core-operator:1.2.3-dev
The push refers to repository [docker.io/seldonio/seldon-core-operator]
b26ad5b63b6d: Preparing
6e7720f10659: Preparing
2c1616b5f393: Preparing
b7320020d8d0: Preparing
1d62d4edbb0f: Preparing
f69afeaac836: Preparing
4ea7938dc8f6: Preparing
592221fd3198: Preparing
ce2ed0802661: Preparing
cd184aac26c2: Preparing
f47163e8de57: Preparing
d72a74c56330: Preparing
f69afeaac836: Waiting
4ea7938dc8f6: Waiting
f47163e8de57: Waiting
d72a74c56330: Waiting
cd184aac26c2: Waiting
592221fd3198: Waiting
ce2ed0802661: Waiting
6e7720f10659: Layer already exists
b26ad5b63b6d: Layer already exists
b7320020d8d0: Layer already exists
1d62d4edbb0f: Layer already exists
2c1616b5f393: Layer already exists
f69afeaac836: Layer already exists
4ea7938dc8f6: Layer already exists
cd184aac26c2: Layer already exists
592221fd3198: Layer already exists
ce2ed0802661: Layer already exists
d72a74c56330: Layer already exists
f47163e8de57: Layer already exists
1.2.3-dev: digest: sha256:8327151a3750ee44ca920e9c937289ccef7d2772dc6ef9b9ecc838389e163b7a size: 2823
docker build . -f Dockerfile.redhat -t seldonio/seldon-core-operator-ubi8:1.2.3-dev
Sending build context to Docker daemon   8.35MB
Step 1/29 : FROM golang:1.13.2 as builder
 ---> e37698ff7351
Step 2/29 : WORKDIR /workspace
 ---> Using cache
 ---> 48db942e9315
Step 3/29 : COPY go.mod go.mod
 ---> Using cache
 ---> 4a72fc83eb56
Step 4/29 : COPY go.sum go.sum
 ---> Using cache
 ---> 152cee2c283d
Step 5/29 : RUN go mod download
 ---> Using cache
 ---> d0b5892c8c54
Step 6/29 : COPY main.go main.go
 ---> Using cache
 ---> 9e4491f0ab6c
Step 7/29 : COPY apis/ apis/
 ---> Using cache
 ---> ba63420bab75
Step 8/29 : COPY controllers/ controllers/
 ---> Using cache
 ---> bdb88c6f260c
Step 9/29 : COPY utils/ utils/
 ---> Using cache
 ---> 9a0e01520cfc
Step 10/29 : COPY constants/ constants/
 ---> Using cache
 ---> b7afad416394
Step 11/29 : COPY client/ client/
 ---> Using cache
 ---> bf83f4390312
Step 12/29 : RUN go build -a -o manager main.go
 ---> Using cache
 ---> c79f447bc73b
Step 13/29 : RUN wget -O hashicorp-golang-lru.tar.gz https://github.com/hashicorp/golang-lru/archive/master.tar.gz
 ---> Using cache
 ---> c8c40d59616e
Step 14/29 : RUN wget -O armon-consul-api.tar.gz https://github.com/armon/consul-api/archive/master.tar.gz
 ---> Using cache
 ---> 247175e4dbb9
Step 15/29 : RUN wget -O hasicorp-hcl.tar.gz https://github.com/hashicorp/hcl/archive/master.tar.gz
 ---> Using cache
 ---> a351857d43b8
Step 16/29 : FROM registry.access.redhat.com/ubi8/ubi-minimal
 ---> 86c870596572
Step 17/29 : LABEL name="Seldon Operator"       vendor="Seldon Technologies"       version="1.2.3-dev"       release="1"       summary="An Operator to deploy, monitor, explain and manage production machine learning models at scale."       description="The Seldon operator for management, monitoring and operations of machine learning systems through the Seldon Engine. Once installed, the Seldon Operator provides multiple functions which facilitate the productisation, monitoring and maintenance of machine learning systems at scale."
 ---> Using cache
 ---> edbaaca9cf8b
Step 18/29 : WORKDIR /
 ---> Using cache
 ---> 76dabae2c44c
Step 19/29 : COPY --from=builder /workspace/manager .
 ---> Using cache
 ---> 0ba743b19a07
Step 20/29 : COPY licenses/license.txt licenses/license.txt
 ---> Using cache
 ---> 1306ddd7db2f
Step 21/29 : COPY --from=builder /workspace/hashicorp-golang-lru.tar.gz licenses/mpl_source/hashicorp-golang-lru.tar.gz
 ---> Using cache
 ---> 20a5cb4fd67c
Step 22/29 : COPY --from=builder /workspace/armon-consul-api.tar.gz licenses/mpl_source/armon-consul-api.tar.gz
 ---> Using cache
 ---> 26ae4eb552cb
Step 23/29 : COPY --from=builder /workspace/hasicorp-hcl.tar.gz licenses/mpl_source/hasicorp-hcl.tar.gz
 ---> Using cache
 ---> e056c1f81bd4
Step 24/29 : COPY generated/admissionregistration.k8s.io_v1beta1_mutatingwebhookconfiguration_seldon-mutating-webhook-configuration.yaml /tmp/operator-resources/mutate.yaml
 ---> Using cache
 ---> d1b77964f0a1
Step 25/29 : COPY generated/admissionregistration.k8s.io_v1beta1_validatingwebhookconfiguration_seldon-validating-webhook-configuration.yaml /tmp/operator-resources/validate.yaml
 ---> Using cache
 ---> 35e5ad4f2d1a
Step 26/29 : COPY generated/~g_v1_service_seldon-webhook-service.yaml /tmp/operator-resources/service.yaml
 ---> Using cache
 ---> 381b1ae55c24
Step 27/29 : COPY generated/~g_v1_configmap_seldon-config.yaml /tmp/operator-resources/configmap.yaml
 ---> Using cache
 ---> 21e3b738f1b7
Step 28/29 : COPY generated/apiextensions.k8s.io_v1beta1_customresourcedefinition_seldondeployments.machinelearning.seldon.io.yaml /tmp/operator-resources/crd.yaml
 ---> Using cache
 ---> 80cb0fc3d3cb
Step 29/29 : ENTRYPOINT ["/manager"]
 ---> Using cache
 ---> 0f7d42a2354c
Successfully built 0f7d42a2354c
Successfully tagged seldonio/seldon-core-operator-ubi8:1.2.3-dev
docker push seldonio/seldon-core-operator-ubi8:1.2.3-dev
The push refers to repository [docker.io/seldonio/seldon-core-operator-ubi8]
bc50c7ec0a8f: Preparing
98c795a3a27f: Preparing
2558e3b5366e: Preparing
3fb295ba615c: Preparing
c630a2a6156b: Preparing
51224d4c9b10: Preparing
5b590da40a0a: Preparing
0d3501d1c23e: Preparing
805667043df1: Preparing
cd184aac26c2: Preparing
c7e9c12dd629: Preparing
29bad1020e6f: Preparing
51224d4c9b10: Waiting
5b590da40a0a: Waiting
0d3501d1c23e: Waiting
805667043df1: Waiting
cd184aac26c2: Waiting
c7e9c12dd629: Waiting
29bad1020e6f: Waiting
bc50c7ec0a8f: Layer already exists
c630a2a6156b: Layer already exists
2558e3b5366e: Layer already exists
98c795a3a27f: Layer already exists
3fb295ba615c: Layer already exists
cd184aac26c2: Layer already exists
0d3501d1c23e: Layer already exists
5b590da40a0a: Layer already exists
805667043df1: Layer already exists
51224d4c9b10: Layer already exists
c7e9c12dd629: Layer already exists
29bad1020e6f: Layer already exists
1.2.3-dev: digest: sha256:1e9fbce7618b981e0110b5e3f1b6ead5c7d41870e3f1cdf6b734abfd33514dbb size: 2822
make: Leaving directory '/workspace/source/operator'
make: Entering directory '/workspace/source/executor'
go fmt ./api/... ./predictor/... ./k8s/...
go vet ./api/... ./predictor/... ./k8s/...
go test ./api/... ./predictor/... ./k8s/... -coverprofile cover.out
?   	github.com/seldonio/seldon-core/executor/api	[no test files]
?   	github.com/seldonio/seldon-core/executor/api/client	[no test files]
ok  	github.com/seldonio/seldon-core/executor/api/grpc	0.028s	coverage: 18.0% of statements
ok  	github.com/seldonio/seldon-core/executor/api/grpc/seldon	1.164s	coverage: 48.5% of statements
?   	github.com/seldonio/seldon-core/executor/api/grpc/seldon/proto	[no test files]
?   	github.com/seldonio/seldon-core/executor/api/grpc/seldon/test	[no test files]
ok  	github.com/seldonio/seldon-core/executor/api/grpc/tensorflow	0.065s	coverage: 19.0% of statements
ok  	github.com/seldonio/seldon-core/executor/api/metric	0.041s	coverage: 31.6% of statements
ok  	github.com/seldonio/seldon-core/executor/api/payload	0.033s	coverage: 64.3% of statements
ok  	github.com/seldonio/seldon-core/executor/api/rest	1.108s	coverage: 67.5% of statements
?   	github.com/seldonio/seldon-core/executor/api/test	[no test files]
ok  	github.com/seldonio/seldon-core/executor/api/tracing	0.028s	coverage: 72.2% of statements
ok  	github.com/seldonio/seldon-core/executor/api/util	0.025s	coverage: 48.1% of statements
ok  	github.com/seldonio/seldon-core/executor/predictor	0.093s	coverage: 78.5% of statements
ok  	github.com/seldonio/seldon-core/executor/k8s	0.061s	coverage: 72.7% of statements
mkdir -p api/rest/openapi/
cp ../openapi/swagger-ui/* api/rest/openapi/
cp ../openapi/engine.oas3.json api/rest/openapi/seldon.json
cd .. && docker build -f executor/Dockerfile -t seldonio/seldon-core-executor:1.2.3-dev .
Sending build context to Docker daemon  746.6MB
Step 1/27 : FROM golang:1.13 as builder
 ---> d6f3656320fe
Step 2/27 : WORKDIR /workspace
 ---> Using cache
 ---> 06a915cd83a0
Step 3/27 : COPY executor/go.mod go.mod
 ---> Using cache
 ---> e6db6bf30234
Step 4/27 : COPY executor/go.sum go.sum
 ---> Using cache
 ---> 878d7cc5fe66
Step 5/27 : COPY executor/proto/ proto/
 ---> Using cache
 ---> e3e08c95bb65
Step 6/27 : COPY executor/operator/ operator/
 ---> 7bf84c34ea1d
Step 7/27 : RUN go mod download
 ---> Running in a3295f0b9ce0
[91mgo: finding cloud.google.com/go v0.40.0
[0m[91mgo: finding contrib.go.opencensus.io/exporter/ocagent v0.4.12
[0m[91mgo: finding contrib.go.opencensus.io/exporter/prometheus v0.1.0
[0m[91mgo: finding github.com/Azure/azure-sdk-for-go v30.1.0+incompatible
[0m[91mgo: finding github.com/Azure/go-ansiterm v0.0.0-20170929234023-d6e3b3328b78
[0m[91mgo: finding github.com/Azure/go-autorest v14.2.0+incompatible
[0m[91mgo: finding github.com/Azure/go-autorest/autorest v0.9.0
[0m[91mgo: finding github.com/Azure/go-autorest/autorest/adal v0.9.0
[0m[91mgo: finding github.com/Azure/go-autorest/autorest/date v0.3.0
[0m[91mgo: finding github.com/Azure/go-autorest/autorest/mocks v0.4.0
[0m[91mgo: finding github.com/Azure/go-autorest/autorest/to v0.2.0
[0m[91mgo: finding github.com/Azure/go-autorest/autorest/validation v0.1.0
[0m[91mgo: finding github.com/Azure/go-autorest/logger v0.1.0
[0m[91mgo: finding github.com/Azure/go-autorest/tracing v0.6.0
[0m[91mgo: finding github.com/BurntSushi/toml v0.3.1
[0m[91mgo: finding github.com/BurntSushi/xgb v0.0.0-20160522181843-27f122750802
[0m[91mgo: finding github.com/NYTimes/gziphandler v0.0.0-20170623195520-56545f4a5d46
[0m[91mgo: finding github.com/PuerkitoBio/purell v1.1.1
[0m[91mgo: finding github.com/PuerkitoBio/urlesc v0.0.0-20170810143723-de5bf2ad4578
[0m[91mgo: finding github.com/Shopify/sarama v1.19.0
[0m[91mgo: finding github.com/Shopify/toxiproxy v2.1.4+incompatible
[0m[91mgo: finding github.com/agnivade/levenshtein v1.0.1
[0m[91mgo: finding github.com/alecthomas/template v0.0.0-20190718012654-fb15b899a751
[0m[91mgo: finding github.com/alecthomas/units v0.0.0-20190717042225-c3de453c63f4
[0m[91mgo: finding github.com/andreyvit/diff v0.0.0-20170406064948-c7f18ee00883
[0m[91mgo: finding github.com/apache/thrift v0.12.0
[0m[91mgo: finding github.com/armon/consul-api v0.0.0-20180202201655-eb2c6b5be1b6
[0m[91mgo: finding github.com/asaskevich/govalidator v0.0.0-20190424111038-f61b66f89f4a
[0m[91mgo: finding github.com/beorn7/perks v1.0.1
[0m[91mgo: finding github.com/bgentry/speakeasy v0.1.0
[0m[91mgo: finding github.com/blang/semver v3.5.0+incompatible
[0m[91mgo: finding github.com/census-instrumentation/opencensus-proto v0.2.1
[0m[91mgo: finding github.com/cespare/xxhash/v2 v2.1.1
[0m[91mgo: finding github.com/client9/misspell v0.3.4
[0m[91mgo: finding github.com/cloudevents/sdk-go v1.2.0
[0m[91mgo: finding github.com/cncf/udpa/go v0.0.0-20191209042840-269d4d468f6f
[0m[91mgo: finding github.com/cockroachdb/datadriven v0.0.0-20190809214429-80d97fb3cbaa
[0m[91mgo: finding github.com/coreos/etcd v3.3.10+incompatible
[0m[91mgo: finding github.com/coreos/go-etcd v2.0.0+incompatible
[0m[91mgo: finding github.com/coreos/go-oidc v2.1.0+incompatible
[0m[91mgo: finding github.com/coreos/go-semver v0.3.0
[0m[91mgo: finding github.com/coreos/go-systemd v0.0.0-20190321100706-95778dfbb74e
[0m[91mgo: finding github.com/coreos/pkg v0.0.0-20180108230652-97fdf19511ea
[0m[91mgo: finding github.com/cpuguy83/go-md2man v1.0.10
[0m[91mgo: finding github.com/creack/pty v1.1.7
[0m[91mgo: finding github.com/davecgh/go-spew v1.1.1
[0m[91mgo: finding github.com/dgrijalva/jwt-go v3.2.0+incompatible
[0m[91mgo: finding github.com/docker/docker v0.7.3-0.20190327010347-be7ac8be2ae0
[0m[91mgo: finding github.com/docker/go-units v0.4.0
[0m[91mgo: finding github.com/docker/spdystream v0.0.0-20160310174837-449fdfce4d96
[0m[91mgo: finding github.com/docopt/docopt-go v0.0.0-20180111231733-ee0de3bc6815
[0m[91mgo: finding github.com/dustin/go-humanize v1.0.0
[0m[91mgo: finding github.com/eapache/go-resiliency v1.1.0
[0m[91mgo: finding github.com/eapache/go-xerial-snappy v0.0.0-20180814174437-776d5712da21
[0m[91mgo: finding github.com/eapache/queue v1.1.0
[0m[91mgo: finding github.com/elazarl/goproxy v0.0.0-20170405201442-c4fc26588b6e
[0m[91mgo: finding github.com/emicklei/go-restful v2.9.5+incompatible
[0m[91mgo: finding github.com/envoyproxy/go-control-plane v0.9.4
[0m[91mgo: finding github.com/envoyproxy/protoc-gen-validate v0.1.0
[0m[91mgo: finding github.com/evanphx/json-patch v4.5.0+incompatible
[0m[91mgo: finding github.com/fatih/color v1.7.0
[0m[91mgo: finding github.com/fortytw2/leaktest v1.3.0
[0m[91mgo: finding github.com/fsnotify/fsnotify v1.4.9
[0m[91mgo: finding github.com/ghodss/yaml v1.0.0
[0m[91mgo: finding github.com/globalsign/mgo v0.0.0-20181015135952-eeefdecb41b8
[0m[91mgo: finding github.com/go-kit/kit v0.9.0
[0m[91mgo: finding github.com/go-logfmt/logfmt v0.4.0
[0m[91mgo: finding github.com/go-logr/logr v0.1.0
[0m[91mgo: finding github.com/go-logr/zapr v0.1.0
[0m[91mgo: finding github.com/go-openapi/analysis v0.19.5
[0m[91mgo: finding github.com/go-openapi/errors v0.19.2
[0m[91mgo: finding github.com/go-openapi/jsonpointer v0.19.3
[0m[91mgo: finding github.com/go-openapi/jsonreference v0.19.3
[0m[91mgo: finding github.com/go-openapi/loads v0.19.4
[0m[91mgo: finding github.com/go-openapi/runtime v0.19.4
[0m[91mgo: finding github.com/go-openapi/spec v0.19.3
[0m[91mgo: finding github.com/go-openapi/strfmt v0.19.3
[0m[91mgo: finding github.com/go-openapi/swag v0.19.5
[0m[91mgo: finding github.com/go-openapi/validate v0.19.5
[0m[91mgo: finding github.com/go-stack/stack v1.8.0
[0m[91mgo: finding github.com/gogo/protobuf v1.3.1
[0m[91mgo: finding github.com/golang/glog v0.0.0-20160126235308-23def4e6c14b
[0m[91mgo: finding github.com/golang/groupcache v0.0.0-20190702054246-869f871628b6
[0m[91mgo: finding github.com/golang/mock v1.2.0
[0m[91mgo: finding github.com/golang/protobuf v1.4.2
[0m[91mgo: finding github.com/golang/snappy v0.0.0-20180518054509-2e65f85255db
[0m[91mgo: finding github.com/google/btree v1.0.0
[0m[91mgo: finding github.com/google/go-cmp v0.5.0
[0m[91mgo: finding github.com/google/gofuzz v1.0.0
[0m[91mgo: finding github.com/google/martian v2.1.0+incompatible
[0m[91mgo: finding github.com/google/pprof v0.0.0-20181206194817-3ea8567a2e57
[0m[91mgo: finding github.com/google/renameio v0.1.0
[0m[91mgo: finding github.com/google/uuid v1.1.1
[0m[91mgo: finding github.com/googleapis/gax-go/v2 v2.0.5
[0m[91mgo: finding github.com/googleapis/gnostic v0.3.1
[0m[91mgo: finding github.com/gophercloud/gophercloud v0.1.0
[0m[91mgo: finding github.com/gorilla/context v1.1.1
[0m[91mgo: finding github.com/gorilla/mux v1.7.4
[0m[91mgo: finding github.com/gorilla/websocket v1.4.0
[0m[91mgo: finding github.com/gregjones/httpcache v0.0.0-20180305231024-9cad4c3443a7
[0m[91mgo: finding github.com/grpc-ecosystem/go-grpc-middleware v1.2.0
[0m[91mgo: finding github.com/grpc-ecosystem/go-grpc-prometheus v1.2.0
[0m[91mgo: finding github.com/grpc-ecosystem/grpc-gateway v1.9.5
[0m[91mgo: finding github.com/hashicorp/golang-lru v0.5.4
[0m[91mgo: finding github.com/hashicorp/hcl v1.0.0
[0m[91mgo: finding github.com/hpcloud/tail v1.0.0
[0m[91mgo: finding github.com/imdario/mergo v0.3.9
[0m[91mgo: finding github.com/inconshreveable/mousetrap v1.0.0
[0m[91mgo: finding github.com/jonboulle/clockwork v0.1.0
[0m[91mgo: finding github.com/json-iterator/go v1.1.10
[0m[91mgo: finding github.com/jstemmer/go-junit-report v0.0.0-20190106144839-af01ea7f8024
[0m[91mgo: finding github.com/julienschmidt/httprouter v1.2.0
[0m[91mgo: finding github.com/kelseyhightower/envconfig v1.4.0
[0m[91mgo: finding github.com/kisielk/errcheck v1.2.0
[0m[91mgo: finding github.com/kisielk/gotool v1.0.0
[0m[91mgo: finding github.com/konsorten/go-windows-terminal-sequences v1.0.1
[0m[91mgo: finding github.com/kr/logfmt v0.0.0-20140226030751-b84e30acd515
[0m[91mgo: finding github.com/kr/pretty v0.2.0
[0m[91mgo: finding github.com/kr/pty v1.1.5
[0m[91mgo: finding github.com/kr/text v0.1.0
[0m[91mgo: finding github.com/lightstep/tracecontext.go v0.0.0-20181129014701-1757c391b1ac
[0m[91mgo: finding github.com/magiconair/properties v1.8.0
[0m[91mgo: finding github.com/mailru/easyjson v0.7.0
[0m[91mgo: finding github.com/mattn/go-colorable v0.0.9
[0m[91mgo: finding github.com/mattn/go-isatty v0.0.4
[0m[91mgo: finding github.com/mattn/go-runewidth v0.0.2
[0m[91mgo: finding github.com/matttproud/golang_protobuf_extensions v1.0.1
[0m[91mgo: finding github.com/mitchellh/go-homedir v1.1.0
[0m[91mgo: finding github.com/mitchellh/mapstructure v1.1.2
[0m[91mgo: finding github.com/modern-go/concurrent v0.0.0-20180306012644-bacd9c7ef1dd
[0m[91mgo: finding github.com/modern-go/reflect2 v1.0.1
[0m[91mgo: finding github.com/munnerz/goautoneg v0.0.0-20191010083416-a7dc8b61c822
[0m[91mgo: finding github.com/mwitkow/go-conntrack v0.0.0-20161129095857-cc309e4a2223
[0m[91mgo: finding github.com/mxk/go-flowrate v0.0.0-20140419014527-cca7078d478f
[0m[91mgo: finding github.com/nats-io/jwt v0.3.2
[0m[91mgo: finding github.com/nats-io/nats-server/v2 v2.1.2
[0m[91mgo: finding github.com/nats-io/nats.go v1.9.1
[0m[91mgo: finding github.com/nats-io/nkeys v0.1.3
[0m[91mgo: finding github.com/nats-io/nuid v1.0.1
[0m[91mgo: finding github.com/nxadm/tail v1.4.4
[0m[91mgo: finding github.com/olekukonko/tablewriter v0.0.0-20170122224234-a0225b3f23b5
[0m[91mgo: finding github.com/onsi/ginkgo v1.14.0
[0m[91mgo: finding github.com/onsi/gomega v1.10.1
[0m[91mgo: finding github.com/opentracing/opentracing-go v1.2.0
[0m[91mgo: finding github.com/openzipkin/zipkin-go v0.1.6
[0m[91mgo: finding github.com/pborman/uuid v1.2.0
[0m[91mgo: finding github.com/pelletier/go-toml v1.2.0
[0m[91mgo: finding github.com/peterbourgon/diskv v2.0.1+incompatible
[0m[91mgo: finding github.com/pierrec/lz4 v2.0.5+incompatible
[0m[91mgo: finding github.com/pkg/errors v0.9.1
[0m[91mgo: finding github.com/pmezard/go-difflib v1.0.0
[0m[91mgo: finding github.com/pquerna/cachecontrol v0.0.0-20171018203845-0dec1b30a021
[0m[91mgo: finding github.com/prometheus/client_golang v1.7.1
[0m[91mgo: finding github.com/prometheus/client_model v0.2.0
[0m[91mgo: finding github.com/prometheus/common v0.10.0
[0m[91mgo: finding github.com/prometheus/procfs v0.1.3
[0m[91mgo: finding github.com/rcrowley/go-metrics v0.0.0-20181016184325-3113b8401b8a
[0m[91mgo: finding github.com/remyoudompheng/bigfft v0.0.0-20170806203942-52369c62f446
[0m[91mgo: finding github.com/rogpeppe/fastuuid v0.0.0-20150106093220-6724a57986af
[0m[91mgo: finding github.com/rogpeppe/go-internal v1.3.0
[0m[91mgo: finding github.com/russross/blackfriday v1.5.2
[0m[91mgo: finding github.com/sergi/go-diff v1.0.0
[0m[91mgo: finding github.com/sirupsen/logrus v1.4.2
[0m[91mgo: finding github.com/soheilhy/cmux v0.1.4
[0m[91mgo: finding github.com/spf13/afero v1.2.2
[0m[91mgo: finding github.com/spf13/cast v1.3.0
[0m[91mgo: finding github.com/spf13/cobra v0.0.5
[0m[91mgo: finding github.com/spf13/jwalterweatherman v1.0.0
[0m[91mgo: finding github.com/spf13/pflag v1.0.5
[0m[91mgo: finding github.com/spf13/viper v1.3.2
[0m[91mgo: finding github.com/stretchr/ob** v0.2.0
[0m[91mgo: finding github.com/stretchr/testify v1.4.0
[0m[91mgo: finding github.com/tidwall/pretty v1.0.0
[0m[91mgo: finding github.com/tmc/grpc-websocket-proxy v0.0.0-20170815181823-89b8d40f7ca8
[0m[91mgo: finding github.com/uber/jaeger-client-go v2.25.0+incompatible
[0m[91mgo: finding github.com/uber/jaeger-lib v2.2.0+incompatible
[0m[91mgo: finding github.com/ugorji/go/codec v0.0.0-20181204163529-d75b2dcb6bc8
[0m[91mgo: finding github.com/urfave/cli v1.20.0
[0m[91mgo: finding github.com/valyala/bytebufferpool v1.0.0
[0m[91mgo: finding github.com/vektah/gqlparser v1.1.2
[0m[91mgo: finding github.com/xiang90/probing v0.0.0-20190116061207-43a291ad63a2
[0m[91mgo: finding github.com/xordataexchange/crypt v0.0.3-0.20170626215501-b2862e3d0a77
[0m[91mgo: finding go.etcd.io/bbolt v1.3.3
[0m[91mgo: finding go.etcd.io/etcd v0.0.0-20191023171146-3cf2f69b5738
[0m[91mgo: finding go.mongodb.org/mongo-driver v1.1.2
[0m[91mgo: finding go.opencensus.io v0.22.0
[0m[91mgo: finding go.uber.org/atomic v1.6.0
[0m[91mgo: finding go.uber.org/multierr v1.5.0
[0m[91mgo: finding go.uber.org/tools v0.0.0-20190618225709-2cfd321de3ee
[0m[91mgo: finding go.uber.org/zap v1.15.0
[0m[91mgo: finding golang.org/x/crypto v0.0.0-20200622213623-75b288015ac9
[0m[91mgo: finding golang.org/x/exp v0.0.0-20190312203227-4b39c73a6495
[0m[91mgo: finding golang.org/x/image v0.0.0-20190227222117-0694c2d4d067
[0m[91mgo: finding golang.org/x/lint v0.0.0-20190930215403-16217165b5de
[0m[91mgo: finding golang.org/x/mobile v0.0.0-20190312151609-d3739f865fa6
[0m[91mgo: finding golang.org/x/mod v0.0.0-20190513183733-4bf6d317e70e
[0m[91mgo: finding golang.org/x/net v0.0.0-20200520004742-59133d7f0dd7
[0m[91mgo: finding golang.org/x/oauth2 v0.0.0-20190604053449-0f29369cfe45
[0m[91mgo: finding golang.org/x/sync v0.0.0-20190911185100-cd5d95a43a6e
[0m[91mgo: finding golang.org/x/sys v0.0.0-20200615200032-f1bc736245b1
[0m[91mgo: finding golang.org/x/text v0.3.3
[0m[91mgo: finding golang.org/x/time v0.0.0-20190921001708-c4c64cad1fd0
[0m[91mgo: finding golang.org/x/tools v0.0.0-20191029190741-b9c20aec41a5
[0m[91mgo: finding golang.org/x/xerrors v0.0.0-20191204190536-9bdfabe68543
[0m[91mgo: finding gomodules.xyz/jsonpatch/v2 v2.0.1
[0m[91mgo: finding gonum.org/v1/gonum v0.0.0-20190331200053-3d26580ed485
[0m[91mgo: finding gonum.org/v1/netlib v0.0.0-20190331212654-76723241ea4e
[0m[91mgo: finding google.golang.org/api v0.15.0
[0m[91mgo: finding google.golang.org/appengine v1.6.5
[0m[91mgo: finding google.golang.org/genproto v0.0.0-20190916214212-f660b8655731
[0m[91mgo: finding google.golang.org/grpc v1.30.0
[0m[91mgo: finding google.golang.org/protobuf v1.23.0
[0m[91mgo: finding gopkg.in/alecthomas/kingpin.v2 v2.2.6
[0m[91mgo: finding gopkg.in/check.v1 v1.0.0-20190902080502-41f04d3bba15
[0m[91mgo: finding gopkg.in/cheggaaa/pb.v1 v1.0.25
[0m[91mgo: finding gopkg.in/errgo.v2 v2.1.0
[0m[91mgo: finding gopkg.in/fsnotify.v1 v1.4.7
[0m[91mgo: finding gopkg.in/inf.v0 v0.9.1
[0m[91mgo: finding gopkg.in/natefinch/lumberjack.v2 v2.0.0
[0m[91mgo: finding gopkg.in/resty.v1 v1.12.0
[0m[91mgo: finding gopkg.in/square/go-jose.v2 v2.2.2
[0m[91mgo: finding gopkg.in/tomb.v1 v1.0.0-20141024135613-dd632973f1e7
[0m[91mgo: finding gopkg.in/yaml.v2 v2.3.0
[0m[91mgo: finding gotest.tools v2.2.0+incompatible
[0m[91mgo: finding honnef.co/go/tools v0.0.1-2019.2.3
[0m[91mgo: finding istio.io/api v0.0.0-20200513175333-ae3da0d240e3
[0m[91mgo: finding istio.io/client-go v0.0.0-20200513180646-f8d9d8ff84e6
[0m[91mgo: finding istio.io/gogo-genproto v0.0.0-20190930162913-45029607206a
[0m[91mgo: finding k8s.io/api v0.17.9
[0m[91mgo: finding k8s.io/apiextensions-apiserver v0.17.9
[0m[91mgo: finding k8s.io/apimachinery v0.17.9
[0m[91mgo: finding k8s.io/apiserver v0.17.9
[0m[91mgo: finding k8s.io/client-go v0.17.9
[0m[91mgo: finding k8s.io/code-generator v0.17.9
[0m[91mgo: finding k8s.io/component-base v0.17.9
[0m[91mgo: finding k8s.io/gengo v0.0.0-20190822140433-26a664648505
[0m[91mgo: finding k8s.io/klog v1.0.0
[0m[91mgo: finding k8s.io/klog/v2 v2.0.0
[0m[91mgo: finding k8s.io/kube-openapi v0.0.0-20200410145947-bcb3869e6f29
[0m[91mgo: finding k8s.io/utils v0.0.0-20200619165400-6e3d28b6ed19
[0m[91mgo: finding knative.dev/pkg v0.0.0-20200513151758-7b6bb61326ae
[0m[91mgo: finding modernc.org/cc v1.0.0
[0m[91mgo: finding modernc.org/golex v1.0.0
[0m[91mgo: finding modernc.org/mathutil v1.0.0
[0m[91mgo: finding modernc.org/strutil v1.0.0
[0m[91mgo: finding modernc.org/xc v1.0.0
[0m[91mgo: finding pack.ag/amqp v0.11.0
[0m[91mgo: finding rsc.io/binaryregexp v0.2.0
[0m[91mgo: finding sigs.k8s.io/controller-runtime v0.5.8
[0m[91mgo: finding sigs.k8s.io/structured-merge-diff v0.0.0-20190525122527-15d366b2352e
[0m[91mgo: finding sigs.k8s.io/structured-merge-diff/v2 v2.0.1
[0m[91mgo: finding sigs.k8s.io/yaml v1.1.0
[0mRemoving intermediate container a3295f0b9ce0
 ---> ca40f661d878
Step 8/27 : COPY executor/main.go main.go
 ---> 7d7f5c2f24e7
Step 9/27 : COPY executor/api/ api/
 ---> 1bfc2a26a176
Step 10/27 : COPY executor/predictor/ predictor/
 ---> ad525687142c
Step 11/27 : COPY executor/logger/ logger/
 ---> 8cb5bb759128
Step 12/27 : COPY executor/k8s/ k8s/
 ---> 0f712d323165
Step 13/27 : RUN go build -a -o executor main.go
 ---> Running in f203185b20d2
Removing intermediate container f203185b20d2
 ---> 2d111e26efd0
Step 14/27 : RUN wget -O hashicorp-golang-lru.tar.gz https://github.com/hashicorp/golang-lru/archive/master.tar.gz
 ---> Running in 7d2f7e027900
[91m--2020-09-03 10:17:42--  https://github.com/hashicorp/golang-lru/archive/master.tar.gz
[0m[91mResolving github.com (github.com)... [0m[91m140.82.121.3
Connecting to github.com (github.com)|140.82.121.3|:443... [0m[91mconnected.
[0m[91mHTTP request sent, awaiting response... [0m[91m302 Found
Location: https://codeload.github.com/hashicorp/golang-lru/tar.gz/master [following]
[0m[91m--2020-09-03 10:17:42--  https://codeload.github.com/hashicorp/golang-lru/tar.gz/master
[0m[91mResolving codeload.github.com (codeload.github.com)... [0m[91m140.82.121.10
Connecting to codeload.github.com (codeload.github.com)|140.82.121.10|:443... [0m[91mconnected.
[0m[91mHTTP request sent, awaiting response... [0m[91m200 OK
Length: unspecified [application/x-gzip]
Saving to: 'hashicorp-golang-lru.tar.gz'
[0m[91m
     0K .........[0m[91m.[0m[91m [0m[91m.[0m[91m.[0m[91m.[0m[91m  [0m[91m                                       1.10M[0m[91m=0.01s

2020-09-03 10:17:42 (1.10 MB/s) - 'hashicorp-golang-lru.tar.gz' saved [13973]

[0mRemoving intermediate container 7d2f7e027900
 ---> 95f5d91e2979
Step 15/27 : RUN wget -O armon-consul-api.tar.gz https://github.com/armon/consul-api/archive/master.tar.gz
 ---> Running in 910fdb09ea7b
[91m--2020-09-03 10:17:43--  https://github.com/armon/consul-api/archive/master.tar.gz
[0m[91mResolving github.com (github.com)... [0m[91m140.82.121.3
Connecting to github.com (github.com)|140.82.121.3|:443... [0m[91mconnected.
[0m[91mHTTP request sent, awaiting response... [0m[91m302 Found
Location: https://codeload.github.com/armon/consul-api/tar.gz/master [following]
--2020-09-03 10:17:44--  https://codeload.github.com/armon/consul-api/tar.gz/master
Resolving codeload.github.com (codeload.github.com)... [0m[91m140.82.121.10
Connecting to codeload.github.com (codeload.github.com)|140.82.121.10|:443... [0m[91mconnected.
[0m[91mHTTP request sent, awaiting response... [0m[91m200 OK
Length: [0m[91munspecified[0m[91m [application/x-gzip]
Saving to: 'armon-consul-api.tar.gz'
[0m[91m
     0K [0m[91m.......[0m[91m... .[0m[91m.....[0m[91m.                                     1.32M=0.01s

2020-09-03 10:17:44 (1.32 MB/s) - 'armon-consul-api.tar.gz' saved [17977]

[0mRemoving intermediate container 910fdb09ea7b
 ---> 85b356941b45
Step 16/27 : RUN wget -O hasicorp-hcl.tar.gz https://github.com/hashicorp/hcl/archive/master.tar.gz
 ---> Running in 56fe67172609
[91m--2020-09-03 10:17:45--  https://github.com/hashicorp/hcl/archive/master.tar.gz
[0m[91mResolving github.com (github.com)... [0m[91m140.82.121.4
Connecting to github.com (github.com)|140.82.121.4|:443... [0m[91mconnected.
[0m[91mHTTP request sent, awaiting response... [0m[91m302 Found
Location: https://codeload.github.com/hashicorp/hcl/tar.gz/master [following]
--2020-09-03 10:17:46--  https://codeload.github.com/hashicorp/hcl/tar.gz/master
Resolving codeload.github.com (codeload.github.com)... [0m[91m140.82.121.10
Connecting to codeload.github.com (codeload.github.com)|140.82.121.10|:443... [0m[91mconnected.
[0m[91mHTTP request sent, awaiting response... [0m[91m200 OK
Length: unspecified [application/x-gzip]
Saving to: 'hasicorp-hcl.tar.gz'
[0m[91m
     0K[0m[91m [0m[91m.[0m[91m.[0m[91m.[0m[91m.[0m[91m.[0m[91m.[0m[91m.[0m[91m.[0m[91m.[0m[91m.[0m[91m [0m[91m.[0m[91m......... .......... ......[0m[91m.[0m[91m..[0m[91m. .......[0m[91m...[0m[91m 1.94M
    50K .[0m[91m.....[0m[91m.[0m[91m... .[0m[91m..[0m[91m....[0m[91m..[0m[91m. .                                21.6M=0.03s[0m[91m

2020-09-03 10:17:46 (2.66 MB/s) - 'hasicorp-hcl.tar.gz' saved [72956]

[0mRemoving intermediate container 56fe67172609
 ---> d289ccb16fd8
Step 17/27 : COPY executor/api/rest/openapi/ /openapi/
 ---> 147535194315
Step 18/27 : RUN chmod -R 660 /openapi/
 ---> Running in 7d5aa7a67fd7
Removing intermediate container 7d5aa7a67fd7
 ---> ac5e1a0bcb91
Step 19/27 : FROM gcr.io/distroless/base:latest
 ---> ae9876e34217
Step 20/27 : WORKDIR /
 ---> Using cache
 ---> 252169137582
Step 21/27 : COPY --from=builder /workspace/executor .
 ---> Using cache
 ---> 663088f10ff7
Step 22/27 : COPY executor/licenses/license.txt licenses/license.txt
 ---> Using cache
 ---> 91e814bc063d
Step 23/27 : COPY --from=builder /workspace/hashicorp-golang-lru.tar.gz licenses/mpl_source/hashicorp-golang-lru.tar.gz
 ---> Using cache
 ---> 1a03a17af75a
Step 24/27 : COPY --from=builder /workspace/armon-consul-api.tar.gz licenses/mpl_source/armon-consul-api.tar.gz
 ---> Using cache
 ---> c42e8f423f12
Step 25/27 : COPY --from=builder /workspace/hasicorp-hcl.tar.gz licenses/mpl_source/hasicorp-hcl.tar.gz
 ---> Using cache
 ---> fcc59e105966
Step 26/27 : COPY --from=builder /openapi/ /openapi/
 ---> Using cache
 ---> 7ee8e6c4c048
Step 27/27 : ENTRYPOINT ["/executor"]
 ---> Using cache
 ---> 984fbea1e71e
Successfully built 984fbea1e71e
Successfully tagged seldonio/seldon-core-executor:1.2.3-dev
docker push seldonio/seldon-core-executor:1.2.3-dev
The push refers to repository [docker.io/seldonio/seldon-core-executor]
8fddb4f410fe: Preparing
3e0c6782e8a8: Preparing
8015306f4d47: Preparing
eacdca4e6d10: Preparing
38d5c796efb1: Preparing
c07c77d3f449: Preparing
f47163e8de57: Preparing
d72a74c56330: Preparing
c07c77d3f449: Waiting
f47163e8de57: Waiting
d72a74c56330: Waiting
3e0c6782e8a8: Layer already exists
8fddb4f410fe: Layer already exists
8015306f4d47: Layer already exists
eacdca4e6d10: Layer already exists
38d5c796efb1: Layer already exists
f47163e8de57: Layer already exists
c07c77d3f449: Layer already exists
d72a74c56330: Layer already exists
1.2.3-dev: digest: sha256:dccac426ac3ff165f6c509711090c8f27683a3d39702778480d16b55b5268dcf size: 1996
cd .. && docker build -f executor/Dockerfile.redhat -t seldonio/seldon-core-executor-ubi8:1.2.3-dev .
Sending build context to Docker daemon  746.6MB
Step 1/28 : FROM golang:1.13 as builder
 ---> d6f3656320fe
Step 2/28 : WORKDIR /workspace
 ---> Using cache
 ---> 06a915cd83a0
Step 3/28 : COPY executor/go.mod go.mod
 ---> Using cache
 ---> e6db6bf30234
Step 4/28 : COPY executor/go.sum go.sum
 ---> Using cache
 ---> 878d7cc5fe66
Step 5/28 : COPY executor/proto/ proto/
 ---> Using cache
 ---> e3e08c95bb65
Step 6/28 : COPY executor/operator/ operator/
 ---> Using cache
 ---> 7bf84c34ea1d
Step 7/28 : RUN go mod download
 ---> Using cache
 ---> ca40f661d878
Step 8/28 : COPY executor/main.go main.go
 ---> Using cache
 ---> 7d7f5c2f24e7
Step 9/28 : COPY executor/api/ api/
 ---> Using cache
 ---> 1bfc2a26a176
Step 10/28 : COPY executor/predictor/ predictor/
 ---> Using cache
 ---> ad525687142c
Step 11/28 : COPY executor/logger/ logger/
 ---> Using cache
 ---> 8cb5bb759128
Step 12/28 : COPY executor/k8s/ k8s/
 ---> Using cache
 ---> 0f712d323165
Step 13/28 : RUN go build -a -o executor main.go
 ---> Using cache
 ---> 2d111e26efd0
Step 14/28 : RUN wget -O hashicorp-golang-lru.tar.gz https://github.com/hashicorp/golang-lru/archive/master.tar.gz
 ---> Using cache
 ---> 95f5d91e2979
Step 15/28 : RUN wget -O armon-consul-api.tar.gz https://github.com/armon/consul-api/archive/master.tar.gz
 ---> Using cache
 ---> 85b356941b45
Step 16/28 : RUN wget -O hasicorp-hcl.tar.gz https://github.com/hashicorp/hcl/archive/master.tar.gz
 ---> Using cache
 ---> d289ccb16fd8
Step 17/28 : COPY executor/api/rest/openapi/ /openapi/
 ---> Using cache
 ---> 147535194315
Step 18/28 : RUN chmod -R 660 /openapi/
 ---> Using cache
 ---> ac5e1a0bcb91
Step 19/28 : FROM registry.access.redhat.com/ubi8/ubi-minimal
 ---> 86c870596572
Step 20/28 : LABEL name="Seldon Executor"       vendor="Seldon Technologies"       version="1.2.3-dev"       release="1"       summary="The service orchestrator for Seldon Core"       description="The service orchestrator for Seldon Core which manages the request/response flow through the Seldon Core inference graphs deployed via the Seldon Core Operator as SeldonDeployments custom resources"
 ---> Using cache
 ---> 52853a2aca32
Step 21/28 : WORKDIR /
 ---> Using cache
 ---> eee2f48064ed
Step 22/28 : COPY --from=builder /workspace/executor .
 ---> Using cache
 ---> 621c75a0689f
Step 23/28 : COPY executor/licenses/license.txt licenses/license.txt
 ---> Using cache
 ---> 7cc9c8999de0
Step 24/28 : COPY --from=builder /workspace/hashicorp-golang-lru.tar.gz licenses/mpl_source/hashicorp-golang-lru.tar.gz
 ---> Using cache
 ---> a0c57558c271
Step 25/28 : COPY --from=builder /workspace/armon-consul-api.tar.gz licenses/mpl_source/armon-consul-api.tar.gz
 ---> Using cache
 ---> 81d813ca5b0e
Step 26/28 : COPY --from=builder /workspace/hasicorp-hcl.tar.gz licenses/mpl_source/hasicorp-hcl.tar.gz
 ---> Using cache
 ---> 520807c5e7fe
Step 27/28 : COPY --from=builder /openapi/ /openapi/
 ---> Using cache
 ---> 9ded81eee5ef
Step 28/28 : ENTRYPOINT ["/executor"]
 ---> Using cache
 ---> 058eb3fa63e7
Successfully built 058eb3fa63e7
Successfully tagged seldonio/seldon-core-executor-ubi8:1.2.3-dev
docker push seldonio/seldon-core-executor-ubi8:1.2.3-dev
The push refers to repository [docker.io/seldonio/seldon-core-executor-ubi8]
8cd704efb4a7: Preparing
3f9bc5a63bef: Preparing
c8a50b5a2225: Preparing
f5ca7c378a34: Preparing
6abaf738bcdb: Preparing
c07c77d3f449: Preparing
c7e9c12dd629: Preparing
29bad1020e6f: Preparing
c07c77d3f449: Waiting
29bad1020e6f: Waiting
8cd704efb4a7: Layer already exists
6abaf738bcdb: Layer already exists
c8a50b5a2225: Layer already exists
f5ca7c378a34: Layer already exists
3f9bc5a63bef: Layer already exists
c07c77d3f449: Layer already exists
29bad1020e6f: Layer already exists
c7e9c12dd629: Layer already exists
1.2.3-dev: digest: sha256:4e279942ab1c5b889f50d2a8cd706437280198426c6395f278bfd63855c39ef2 size: 1995
make: Leaving directory '/workspace/source/executor'
make: Entering directory '/workspace/source/testing/scripts'
cp ../../proto/prediction.proto ./proto
cd ../../proto/tensorflow && make create_protos
make[1]: Entering directory '/workspace/source/proto/tensorflow'
make[1]: Nothing to be done for 'create_protos'.
make[1]: Leaving directory '/workspace/source/proto/tensorflow'
cp -vr ../../proto/tensorflow/tensorflow .
'../../proto/tensorflow/tensorflow/core/framework/types.proto' -> './tensorflow/core/framework/types.proto'
'../../proto/tensorflow/tensorflow/core/framework/resource_handle.proto' -> './tensorflow/core/framework/resource_handle.proto'
'../../proto/tensorflow/tensorflow/core/framework/tensor_shape.proto' -> './tensorflow/core/framework/tensor_shape.proto'
'../../proto/tensorflow/tensorflow/core/framework/tensor.proto' -> './tensorflow/core/framework/tensor.proto'
python -m grpc.tools.protoc -I. --python_out=. --grpc_python_out=. ./proto/prediction.proto
cd ../../notebooks && make build_protos
make[1]: Entering directory '/workspace/source/notebooks'
cd ../proto/tensorflow && make create_protos
make[2]: Entering directory '/workspace/source/proto/tensorflow'
make[2]: Nothing to be done for 'create_protos'.
make[2]: Leaving directory '/workspace/source/proto/tensorflow'
cp -vr ../proto/tensorflow/tensorflow .
'../proto/tensorflow/tensorflow/core/framework/types.proto' -> './tensorflow/core/framework/types.proto'
'../proto/tensorflow/tensorflow/core/framework/resource_handle.proto' -> './tensorflow/core/framework/resource_handle.proto'
'../proto/tensorflow/tensorflow/core/framework/tensor_shape.proto' -> './tensorflow/core/framework/tensor_shape.proto'
'../proto/tensorflow/tensorflow/core/framework/tensor.proto' -> './tensorflow/core/framework/tensor.proto'
cp ../proto/prediction.proto ./proto
python -m grpc.tools.protoc -I. --python_out=. --grpc_python_out=. ./proto/prediction.proto
make[1]: Leaving directory '/workspace/source/notebooks'
cd ../../proto/k8s && make create_protos
make[1]: Entering directory '/workspace/source/proto/k8s'
./create-k8s-protos.sh
Downloading proto files for master
Munging proto file packages
sed -i.bak 's|import "k8s.io/apiextensions-apiserver/|//import "k8s.io/apiextensions-apiserver/|' k8s.io/api/core/v1/generated.proto
rm k8s.io/api/core/v1/generated.proto.bak
make[1]: Leaving directory '/workspace/source/proto/k8s'
make: Leaving directory '/workspace/source/testing/scripts'
make: Entering directory '/workspace/source/engine'
cd ../proto/k8s ; make create_protos
make[1]: Entering directory '/workspace/source/proto/k8s'
./create-k8s-protos.sh
Downloading proto files for master
Munging proto file packages
sed -i.bak 's|import "k8s.io/apiextensions-apiserver/|//import "k8s.io/apiextensions-apiserver/|' k8s.io/api/core/v1/generated.proto
rm k8s.io/api/core/v1/generated.proto.bak
make[1]: Leaving directory '/workspace/source/proto/k8s'
cd ../proto/tensorflow ; make create_protos
make[1]: Entering directory '/workspace/source/proto/tensorflow'
make[1]: Nothing to be done for 'create_protos'.
make[1]: Leaving directory '/workspace/source/proto/tensorflow'
cp -v ../proto/seldon_deployment.proto src/main/proto/
'../proto/seldon_deployment.proto' -> 'src/main/proto/seldon_deployment.proto'
cp -v ../proto/prediction.proto src/main/proto/
'../proto/prediction.proto' -> 'src/main/proto/prediction.proto'
cp -vr ../proto/k8s/k8s.io src/main/proto
'../proto/k8s/k8s.io/api/core/v1/generated.proto' -> 'src/main/proto/k8s.io/api/core/v1/generated.proto'
'../proto/k8s/k8s.io/api/autoscaling/v2beta1/generated.proto' -> 'src/main/proto/k8s.io/api/autoscaling/v2beta1/generated.proto'
'../proto/k8s/k8s.io/apimachinery/pkg/api/resource/generated.proto' -> 'src/main/proto/k8s.io/apimachinery/pkg/api/resource/generated.proto'
'../proto/k8s/k8s.io/apimachinery/pkg/apis/meta/v1/generated.proto' -> 'src/main/proto/k8s.io/apimachinery/pkg/apis/meta/v1/generated.proto'
'../proto/k8s/k8s.io/apimachinery/pkg/util/intstr/generated.proto' -> 'src/main/proto/k8s.io/apimachinery/pkg/util/intstr/generated.proto'
'../proto/k8s/k8s.io/apimachinery/pkg/runtime/generated.proto' -> 'src/main/proto/k8s.io/apimachinery/pkg/runtime/generated.proto'
'../proto/k8s/k8s.io/apimachinery/pkg/runtime/schema/generated.proto' -> 'src/main/proto/k8s.io/apimachinery/pkg/runtime/schema/generated.proto'
cp -vr ../proto/tensorflow/tensorflow src/main/proto
'../proto/tensorflow/tensorflow/core/framework/types.proto' -> 'src/main/proto/tensorflow/core/framework/types.proto'
'../proto/tensorflow/tensorflow/core/framework/resource_handle.proto' -> 'src/main/proto/tensorflow/core/framework/resource_handle.proto'
'../proto/tensorflow/tensorflow/core/framework/tensor_shape.proto' -> 'src/main/proto/tensorflow/core/framework/tensor_shape.proto'
'../proto/tensorflow/tensorflow/core/framework/tensor.proto' -> 'src/main/proto/tensorflow/core/framework/tensor.proto'
cp -v ../openapi/engine.oas3.json src/main/resources/static/seldon.json
'../openapi/engine.oas3.json' -> 'src/main/resources/static/seldon.json'
docker build  -f Dockerfile -t seldonio/engine:1.2.3-dev .
Sending build context to Docker daemon  897.5kB
Step 1/9 : FROM maven:3.6.3-jdk-11 as builder
 ---> 1485ecabf6f7
Step 2/9 : WORKDIR /workspace
 ---> Using cache
 ---> 80a5ddbb50f0
Step 3/9 : COPY pom.xml pom.xml
 ---> Using cache
 ---> e0b33ff08325
Step 4/9 : COPY src/ src/
 ---> Using cache
 ---> 1e1a90d31967
Step 5/9 : RUN mvn clean verify -Dlicense.useMissingFile -B
 ---> Using cache
 ---> d2f98e345711
Step 6/9 : FROM openjdk:11.0.5-jre-slim
 ---> 3f7a31642b9f
Step 7/9 : COPY --from=builder /workspace/target/seldon-engine-*.jar app.jar
 ---> Using cache
 ---> a3009848c582
Step 8/9 : COPY --from=builder /workspace/target/generated-resources /licenses/
 ---> Using cache
 ---> 3129fb92209d
Step 9/9 : ENTRYPOINT [ "sh", "-c", "java -Djava.security.egd=file:/dev/./urandom $JAVA_OPTS -jar app.jar" ]
 ---> Using cache
 ---> 239ae69a0afd
Successfully built 239ae69a0afd
Successfully tagged seldonio/engine:1.2.3-dev
docker push seldonio/engine:1.2.3-dev
The push refers to repository [docker.io/seldonio/engine]
221ea80ea3bf: Preparing
b291077c4d2c: Preparing
290cec21aafb: Preparing
e7f8b07649a4: Preparing
109e67eff29c: Preparing
556c5fb0d91b: Preparing
556c5fb0d91b: Waiting
290cec21aafb: Layer already exists
109e67eff29c: Layer already exists
e7f8b07649a4: Layer already exists
b291077c4d2c: Layer already exists
221ea80ea3bf: Layer already exists
556c5fb0d91b: Layer already exists
1.2.3-dev: digest: sha256:7acafee305675f4b99eef95fcdad2390404fa7fb4d58a85258dd26a7959c9ba8 size: 1581
docker build  -f Dockerfile.redhat -t seldonio/engine-ubi8:1.2.3-dev .
Sending build context to Docker daemon  897.5kB
Step 1/11 : FROM maven:3.6.3-jdk-11 as builder
 ---> 1485ecabf6f7
Step 2/11 : WORKDIR /workspace
 ---> Using cache
 ---> 80a5ddbb50f0
Step 3/11 : COPY pom.xml pom.xml
 ---> Using cache
 ---> e0b33ff08325
Step 4/11 : COPY src/ src/
 ---> Using cache
 ---> 1e1a90d31967
Step 5/11 : RUN mvn clean verify -Dlicense.useMissingFile -B
 ---> Using cache
 ---> d2f98e345711
Step 6/11 : FROM registry.access.redhat.com/ubi8/ubi
 ---> a1f8c9699786
Step 7/11 : RUN yum install -y java-11-openjdk.x86_64
 ---> Using cache
 ---> e2ce786fec6c
Step 8/11 : LABEL name="Seldon Engine"       vendor="Seldon Technologies"       version="1.2.3-dev"       release="1"       summary="The Seldon Engine that is deployed for each model to handle the data flow of each ML computational graph."       description="The Seldon Engine that is deployed for each model to handle the data flow of each ML computational graph."
 ---> Using cache
 ---> 2ab217d71349
Step 9/11 : COPY --from=builder /workspace/target/seldon-engine-*.jar app.jar
 ---> Using cache
 ---> 42db307a68dc
Step 10/11 : COPY --from=builder /workspace/target/generated-resources /licenses/
 ---> Using cache
 ---> 83c056c38809
Step 11/11 : ENTRYPOINT [ "sh", "-c", "java -Djava.security.egd=file:/dev/./urandom $JAVA_OPTS -jar app.jar" ]
 ---> Using cache
 ---> 47d224f9656e
Successfully built 47d224f9656e
Successfully tagged seldonio/engine-ubi8:1.2.3-dev
docker push seldonio/engine-ubi8:1.2.3-dev
The push refers to repository [docker.io/seldonio/engine-ubi8]
6ce8b9572290: Preparing
b291077c4d2c: Preparing
112ae2f6d98f: Preparing
70056249a0e2: Preparing
226bfaae015f: Preparing
70056249a0e2: Layer already exists
112ae2f6d98f: Layer already exists
226bfaae015f: Layer already exists
6ce8b9572290: Layer already exists
b291077c4d2c: Layer already exists
1.2.3-dev: digest: sha256:784b84a9c6b65f0abd96896f98f8e99fd64c653955b40f9d9f62dd9618985331 size: 1372
make: Leaving directory '/workspace/source/engine'
make: Entering directory '/workspace/source/examples/models/mean_classifier'
s2i build -E environment_rest . seldonio/seldon-core-s2i-python37-ubi8:1.2.3-dev seldonio/mock_classifier_rest:1.2.3-dev
Before assembling
---> Installing application source...
---> Installing dependencies ...
Looking in links: /whl
Requirement already satisfied: seldon-core in ./python (from -r requirements.txt (line 1)) (1.2.3.dev0)
Requirement already satisfied: numpy in /opt/conda/lib/python3.7/site-packages (from -r requirements.txt (line 2)) (1.19.1)
Requirement already satisfied: Flask<2.0.0 in /opt/conda/lib/python3.7/site-packages (from seldon-core->-r requirements.txt (line 1)) (1.1.2)
Requirement already satisfied: jsonschema<4.0.0 in /opt/conda/lib/python3.7/site-packages (from seldon-core->-r requirements.txt (line 1)) (3.2.0)
Requirement already satisfied: Flask-cors<4.0.0 in /opt/conda/lib/python3.7/site-packages (from seldon-core->-r requirements.txt (line 1)) (3.0.9)
Requirement already satisfied: redis<4.0.0 in /opt/conda/lib/python3.7/site-packages (from seldon-core->-r requirements.txt (line 1)) (3.5.3)
Requirement already satisfied: requests<3.0.0 in /opt/conda/lib/python3.7/site-packages (from seldon-core->-r requirements.txt (line 1)) (2.22.0)
Requirement already satisfied: flatbuffers<2.0.0 in /opt/conda/lib/python3.7/site-packages (from seldon-core->-r requirements.txt (line 1)) (1.12)
Requirement already satisfied: protobuf<4.0.0 in /opt/conda/lib/python3.7/site-packages (from seldon-core->-r requirements.txt (line 1)) (3.13.0)
Requirement already satisfied: grpcio<2.0.0 in /opt/conda/lib/python3.7/site-packages (from seldon-core->-r requirements.txt (line 1)) (1.31.0)
Requirement already satisfied: Flask-OpenTracing<1.2.0,>=1.1.0 in /opt/conda/lib/python3.7/site-packages (from seldon-core->-r requirements.txt (line 1)) (1.1.0)
Requirement already satisfied: opentracing<2.4.0,>=2.2.0 in /opt/conda/lib/python3.7/site-packages (from seldon-core->-r requirements.txt (line 1)) (2.3.0)
Requirement already satisfied: jaeger-client<4.4.0,>=4.1.0 in /opt/conda/lib/python3.7/site-packages (from seldon-core->-r requirements.txt (line 1)) (4.3.0)
Requirement already satisfied: grpcio-opentracing<1.2.0,>=1.1.4 in /opt/conda/lib/python3.7/site-packages (from seldon-core->-r requirements.txt (line 1)) (1.1.4)
Requirement already satisfied: PyYAML<5.4 in /opt/conda/lib/python3.7/site-packages (from seldon-core->-r requirements.txt (line 1)) (5.3.1)
Requirement already satisfied: gunicorn<20.1.0,>=19.9.0 in /opt/conda/lib/python3.7/site-packages (from seldon-core->-r requirements.txt (line 1)) (20.0.4)
Requirement already satisfied: minio<6.0.0,>=4.0.9 in /opt/conda/lib/python3.7/site-packages (from seldon-core->-r requirements.txt (line 1)) (5.0.10)
Requirement already satisfied: setuptools>=41.0.0 in /opt/conda/lib/python3.7/site-packages (from seldon-core->-r requirements.txt (line 1)) (41.4.0)
Requirement already satisfied: prometheus_client<0.9.0,>=0.7.1 in /opt/conda/lib/python3.7/site-packages (from seldon-core->-r requirements.txt (line 1)) (0.8.0)
Requirement already satisfied: Jinja2>=2.10.1 in /opt/conda/lib/python3.7/site-packages (from Flask<2.0.0->seldon-core->-r requirements.txt (line 1)) (2.11.2)
Requirement already satisfied: Werkzeug>=0.15 in /opt/conda/lib/python3.7/site-packages (from Flask<2.0.0->seldon-core->-r requirements.txt (line 1)) (1.0.1)
Requirement already satisfied: click>=5.1 in /opt/conda/lib/python3.7/site-packages (from Flask<2.0.0->seldon-core->-r requirements.txt (line 1)) (7.1.2)
Requirement already satisfied: itsdangerous>=0.24 in /opt/conda/lib/python3.7/site-packages (from Flask<2.0.0->seldon-core->-r requirements.txt (line 1)) (1.1.0)
Requirement already satisfied: attrs>=17.4.0 in /opt/conda/lib/python3.7/site-packages (from jsonschema<4.0.0->seldon-core->-r requirements.txt (line 1)) (20.1.0)
Requirement already satisfied: six>=1.11.0 in /opt/conda/lib/python3.7/site-packages (from jsonschema<4.0.0->seldon-core->-r requirements.txt (line 1)) (1.12.0)
Requirement already satisfied: pyrsistent>=0.14.0 in /opt/conda/lib/python3.7/site-packages (from jsonschema<4.0.0->seldon-core->-r requirements.txt (line 1)) (0.16.0)
Requirement already satisfied: importlib-metadata; python_version < "3.8" in /opt/conda/lib/python3.7/site-packages (from jsonschema<4.0.0->seldon-core->-r requirements.txt (line 1)) (1.7.0)
Requirement already satisfied: chardet<3.1.0,>=3.0.2 in /opt/conda/lib/python3.7/site-packages (from requests<3.0.0->seldon-core->-r requirements.txt (line 1)) (3.0.4)
Requirement already satisfied: certifi>=2017.4.17 in /opt/conda/lib/python3.7/site-packages (from requests<3.0.0->seldon-core->-r requirements.txt (line 1)) (2020.6.20)
Requirement already satisfied: urllib3!=1.25.0,!=1.25.1,<1.26,>=1.21.1 in /opt/conda/lib/python3.7/site-packages (from requests<3.0.0->seldon-core->-r requirements.txt (line 1)) (1.24.2)
Requirement already satisfied: idna<2.9,>=2.5 in /opt/conda/lib/python3.7/site-packages (from requests<3.0.0->seldon-core->-r requirements.txt (line 1)) (2.8)
Requirement already satisfied: tornado>=4.3 in /opt/conda/lib/python3.7/site-packages (from jaeger-client<4.4.0,>=4.1.0->seldon-core->-r requirements.txt (line 1)) (6.0.4)
Requirement already satisfied: thrift in /opt/conda/lib/python3.7/site-packages (from jaeger-client<4.4.0,>=4.1.0->seldon-core->-r requirements.txt (line 1)) (0.13.0)
Requirement already satisfied: threadloop<2,>=1 in /opt/conda/lib/python3.7/site-packages (from jaeger-client<4.4.0,>=4.1.0->seldon-core->-r requirements.txt (line 1)) (1.0.2)
Requirement already satisfied: python-dateutil in /opt/conda/lib/python3.7/site-packages (from minio<6.0.0,>=4.0.9->seldon-core->-r requirements.txt (line 1)) (2.8.1)
Requirement already satisfied: configparser in /opt/conda/lib/python3.7/site-packages (from minio<6.0.0,>=4.0.9->seldon-core->-r requirements.txt (line 1)) (5.0.0)
Requirement already satisfied: pytz in /opt/conda/lib/python3.7/site-packages (from minio<6.0.0,>=4.0.9->seldon-core->-r requirements.txt (line 1)) (2020.1)
Requirement already satisfied: MarkupSafe>=0.23 in /opt/conda/lib/python3.7/site-packages (from Jinja2>=2.10.1->Flask<2.0.0->seldon-core->-r requirements.txt (line 1)) (1.1.1)
Requirement already satisfied: zipp>=0.5 in /opt/conda/lib/python3.7/site-packages (from importlib-metadata; python_version < "3.8"->jsonschema<4.0.0->seldon-core->-r requirements.txt (line 1)) (3.1.0)
Collecting pip-licenses
Downloading https://files.pythonhosted.org/packages/c5/50/6c4b4e69a0c43bd9f03a30579695093062ba72da4e3e4026cd2144dbcc71/pip_licenses-2.3.0-py3-none-any.whl
Collecting PTable (from pip-licenses)
Downloading https://files.pythonhosted.org/packages/ab/b3/b54301811173ca94119eb474634f120a49cd370f257d1aae5a4abaf12729/PTable-0.9.2.tar.gz
Building wheels for collected packages: PTable
Building wheel for PTable (setup.py): started
Building wheel for PTable (setup.py): finished with status 'done'
Created wheel for PTable: filename=PTable-0.9.2-cp37-none-any.whl size=22906 sha256=514073cafd40c5ba85808cf46a504be6c393a99f62f29df5673f8be075eb6102
Stored in directory: /root/.cache/pip/wheels/22/cc/2e/55980bfe86393df3e9896146a01f6802978d09d7ebcba5ea56
Successfully built PTable
Installing collected packages: PTable, pip-licenses
Successfully installed PTable-0.9.2 pip-licenses-2.3.0
created path: ./licenses/license_info.csv
created path: ./licenses/license.txt
After successful assembling
Build completed successfully
s2i build -E environment_grpc . seldonio/seldon-core-s2i-python37-ubi8:1.2.3-dev seldonio/mock_classifier_grpc:1.2.3-dev
Before assembling
---> Installing application source...
---> Installing dependencies ...
Looking in links: /whl
Requirement already satisfied: seldon-core in ./python (from -r requirements.txt (line 1)) (1.2.3.dev0)
Requirement already satisfied: numpy in /opt/conda/lib/python3.7/site-packages (from -r requirements.txt (line 2)) (1.19.1)
Requirement already satisfied: Flask<2.0.0 in /opt/conda/lib/python3.7/site-packages (from seldon-core->-r requirements.txt (line 1)) (1.1.2)
Requirement already satisfied: jsonschema<4.0.0 in /opt/conda/lib/python3.7/site-packages (from seldon-core->-r requirements.txt (line 1)) (3.2.0)
Requirement already satisfied: Flask-cors<4.0.0 in /opt/conda/lib/python3.7/site-packages (from seldon-core->-r requirements.txt (line 1)) (3.0.9)
Requirement already satisfied: redis<4.0.0 in /opt/conda/lib/python3.7/site-packages (from seldon-core->-r requirements.txt (line 1)) (3.5.3)
Requirement already satisfied: requests<3.0.0 in /opt/conda/lib/python3.7/site-packages (from seldon-core->-r requirements.txt (line 1)) (2.22.0)
Requirement already satisfied: flatbuffers<2.0.0 in /opt/conda/lib/python3.7/site-packages (from seldon-core->-r requirements.txt (line 1)) (1.12)
Requirement already satisfied: protobuf<4.0.0 in /opt/conda/lib/python3.7/site-packages (from seldon-core->-r requirements.txt (line 1)) (3.13.0)
Requirement already satisfied: grpcio<2.0.0 in /opt/conda/lib/python3.7/site-packages (from seldon-core->-r requirements.txt (line 1)) (1.31.0)
Requirement already satisfied: Flask-OpenTracing<1.2.0,>=1.1.0 in /opt/conda/lib/python3.7/site-packages (from seldon-core->-r requirements.txt (line 1)) (1.1.0)
Requirement already satisfied: opentracing<2.4.0,>=2.2.0 in /opt/conda/lib/python3.7/site-packages (from seldon-core->-r requirements.txt (line 1)) (2.3.0)
Requirement already satisfied: jaeger-client<4.4.0,>=4.1.0 in /opt/conda/lib/python3.7/site-packages (from seldon-core->-r requirements.txt (line 1)) (4.3.0)
Requirement already satisfied: grpcio-opentracing<1.2.0,>=1.1.4 in /opt/conda/lib/python3.7/site-packages (from seldon-core->-r requirements.txt (line 1)) (1.1.4)
Requirement already satisfied: PyYAML<5.4 in /opt/conda/lib/python3.7/site-packages (from seldon-core->-r requirements.txt (line 1)) (5.3.1)
Requirement already satisfied: gunicorn<20.1.0,>=19.9.0 in /opt/conda/lib/python3.7/site-packages (from seldon-core->-r requirements.txt (line 1)) (20.0.4)
Requirement already satisfied: minio<6.0.0,>=4.0.9 in /opt/conda/lib/python3.7/site-packages (from seldon-core->-r requirements.txt (line 1)) (5.0.10)
Requirement already satisfied: setuptools>=41.0.0 in /opt/conda/lib/python3.7/site-packages (from seldon-core->-r requirements.txt (line 1)) (41.4.0)
Requirement already satisfied: prometheus_client<0.9.0,>=0.7.1 in /opt/conda/lib/python3.7/site-packages (from seldon-core->-r requirements.txt (line 1)) (0.8.0)
Requirement already satisfied: click>=5.1 in /opt/conda/lib/python3.7/site-packages (from Flask<2.0.0->seldon-core->-r requirements.txt (line 1)) (7.1.2)
Requirement already satisfied: Werkzeug>=0.15 in /opt/conda/lib/python3.7/site-packages (from Flask<2.0.0->seldon-core->-r requirements.txt (line 1)) (1.0.1)
Requirement already satisfied: Jinja2>=2.10.1 in /opt/conda/lib/python3.7/site-packages (from Flask<2.0.0->seldon-core->-r requirements.txt (line 1)) (2.11.2)
Requirement already satisfied: itsdangerous>=0.24 in /opt/conda/lib/python3.7/site-packages (from Flask<2.0.0->seldon-core->-r requirements.txt (line 1)) (1.1.0)
Requirement already satisfied: importlib-metadata; python_version < "3.8" in /opt/conda/lib/python3.7/site-packages (from jsonschema<4.0.0->seldon-core->-r requirements.txt (line 1)) (1.7.0)
Requirement already satisfied: attrs>=17.4.0 in /opt/conda/lib/python3.7/site-packages (from jsonschema<4.0.0->seldon-core->-r requirements.txt (line 1)) (20.1.0)
Requirement already satisfied: six>=1.11.0 in /opt/conda/lib/python3.7/site-packages (from jsonschema<4.0.0->seldon-core->-r requirements.txt (line 1)) (1.12.0)
Requirement already satisfied: pyrsistent>=0.14.0 in /opt/conda/lib/python3.7/site-packages (from jsonschema<4.0.0->seldon-core->-r requirements.txt (line 1)) (0.16.0)
Requirement already satisfied: idna<2.9,>=2.5 in /opt/conda/lib/python3.7/site-packages (from requests<3.0.0->seldon-core->-r requirements.txt (line 1)) (2.8)
Requirement already satisfied: urllib3!=1.25.0,!=1.25.1,<1.26,>=1.21.1 in /opt/conda/lib/python3.7/site-packages (from requests<3.0.0->seldon-core->-r requirements.txt (line 1)) (1.24.2)
Requirement already satisfied: chardet<3.1.0,>=3.0.2 in /opt/conda/lib/python3.7/site-packages (from requests<3.0.0->seldon-core->-r requirements.txt (line 1)) (3.0.4)
Requirement already satisfied: certifi>=2017.4.17 in /opt/conda/lib/python3.7/site-packages (from requests<3.0.0->seldon-core->-r requirements.txt (line 1)) (2020.6.20)
Requirement already satisfied: thrift in /opt/conda/lib/python3.7/site-packages (from jaeger-client<4.4.0,>=4.1.0->seldon-core->-r requirements.txt (line 1)) (0.13.0)
Requirement already satisfied: tornado>=4.3 in /opt/conda/lib/python3.7/site-packages (from jaeger-client<4.4.0,>=4.1.0->seldon-core->-r requirements.txt (line 1)) (6.0.4)
Requirement already satisfied: threadloop<2,>=1 in /opt/conda/lib/python3.7/site-packages (from jaeger-client<4.4.0,>=4.1.0->seldon-core->-r requirements.txt (line 1)) (1.0.2)
Requirement already satisfied: python-dateutil in /opt/conda/lib/python3.7/site-packages (from minio<6.0.0,>=4.0.9->seldon-core->-r requirements.txt (line 1)) (2.8.1)
Requirement already satisfied: configparser in /opt/conda/lib/python3.7/site-packages (from minio<6.0.0,>=4.0.9->seldon-core->-r requirements.txt (line 1)) (5.0.0)
Requirement already satisfied: pytz in /opt/conda/lib/python3.7/site-packages (from minio<6.0.0,>=4.0.9->seldon-core->-r requirements.txt (line 1)) (2020.1)
Requirement already satisfied: MarkupSafe>=0.23 in /opt/conda/lib/python3.7/site-packages (from Jinja2>=2.10.1->Flask<2.0.0->seldon-core->-r requirements.txt (line 1)) (1.1.1)
Requirement already satisfied: zipp>=0.5 in /opt/conda/lib/python3.7/site-packages (from importlib-metadata; python_version < "3.8"->jsonschema<4.0.0->seldon-core->-r requirements.txt (line 1)) (3.1.0)
Collecting pip-licenses
Downloading https://files.pythonhosted.org/packages/c5/50/6c4b4e69a0c43bd9f03a30579695093062ba72da4e3e4026cd2144dbcc71/pip_licenses-2.3.0-py3-none-any.whl
Collecting PTable (from pip-licenses)
Downloading https://files.pythonhosted.org/packages/ab/b3/b54301811173ca94119eb474634f120a49cd370f257d1aae5a4abaf12729/PTable-0.9.2.tar.gz
Building wheels for collected packages: PTable
Building wheel for PTable (setup.py): started
Building wheel for PTable (setup.py): finished with status 'done'
Created wheel for PTable: filename=PTable-0.9.2-cp37-none-any.whl size=22906 sha256=1ae0be717ef735fada16c6e43dd00523c4357a83bd014577c63af760b10dd394
Stored in directory: /root/.cache/pip/wheels/22/cc/2e/55980bfe86393df3e9896146a01f6802978d09d7ebcba5ea56
Successfully built PTable
Installing collected packages: PTable, pip-licenses
Successfully installed PTable-0.9.2 pip-licenses-2.3.0
created path: ./licenses/license_info.csv
created path: ./licenses/license.txt
After successful assembling
Build completed successfully
docker push seldonio/mock_classifier_rest:1.2.3-dev
The push refers to repository [docker.io/seldonio/mock_classifier_rest]
1fe41ac51e98: Preparing
68523b7546e1: Preparing
c7b2b29162ad: Preparing
66435f8e050b: Preparing
59ca18ec37b3: Preparing
7e656fcec888: Preparing
df9fa39bfd58: Preparing
0766588a057c: Preparing
5feaa8628ffa: Preparing
3d992ee17741: Preparing
64658a4160c4: Preparing
a73ff91af2b1: Preparing
637e0f8ee45c: Preparing
70056249a0e2: Preparing
226bfaae015f: Preparing
7e656fcec888: Waiting
3d992ee17741: Waiting
64658a4160c4: Waiting
a73ff91af2b1: Waiting
637e0f8ee45c: Waiting
df9fa39bfd58: Waiting
0766588a057c: Waiting
5feaa8628ffa: Waiting
70056249a0e2: Waiting
226bfaae015f: Waiting
66435f8e050b: Layer already exists
59ca18ec37b3: Layer already exists
68523b7546e1: Layer already exists
c7b2b29162ad: Layer already exists
df9fa39bfd58: Layer already exists
7e656fcec888: Layer already exists
0766588a057c: Layer already exists
5feaa8628ffa: Layer already exists
3d992ee17741: Layer already exists
64658a4160c4: Layer already exists
a73ff91af2b1: Layer already exists
637e0f8ee45c: Layer already exists
70056249a0e2: Layer already exists
226bfaae015f: Layer already exists
1fe41ac51e98: Pushed
1.2.3-dev: digest: sha256:40209638dd0f48acd287dc40f0a71aec99d03641472a177265c11f98ef444ca8 size: 3464
docker push seldonio/mock_classifier_grpc:1.2.3-dev
The push refers to repository [docker.io/seldonio/mock_classifier_grpc]
ce63d14c11c7: Preparing
68523b7546e1: Preparing
c7b2b29162ad: Preparing
66435f8e050b: Preparing
59ca18ec37b3: Preparing
7e656fcec888: Preparing
df9fa39bfd58: Preparing
0766588a057c: Preparing
5feaa8628ffa: Preparing
3d992ee17741: Preparing
64658a4160c4: Preparing
a73ff91af2b1: Preparing
637e0f8ee45c: Preparing
70056249a0e2: Preparing
226bfaae015f: Preparing
a73ff91af2b1: Waiting
637e0f8ee45c: Waiting
0766588a057c: Waiting
70056249a0e2: Waiting
5feaa8628ffa: Waiting
3d992ee17741: Waiting
7e656fcec888: Waiting
64658a4160c4: Waiting
df9fa39bfd58: Waiting
226bfaae015f: Waiting
68523b7546e1: Layer already exists
59ca18ec37b3: Layer already exists
66435f8e050b: Layer already exists
c7b2b29162ad: Layer already exists
df9fa39bfd58: Layer already exists
0766588a057c: Layer already exists
5feaa8628ffa: Layer already exists
7e656fcec888: Layer already exists
3d992ee17741: Layer already exists
a73ff91af2b1: Layer already exists
64658a4160c4: Layer already exists
637e0f8ee45c: Layer already exists
70056249a0e2: Layer already exists
226bfaae015f: Layer already exists
ce63d14c11c7: Pushed
1.2.3-dev: digest: sha256:7b6b6c9824f5c41158f79f8d980ec6cf8b066764f8259ff0f6fdc63dedbf6add size: 3464
make: Leaving directory '/workspace/source/examples/models/mean_classifier'
make: Entering directory '/workspace/source/components/alibi-detect-server'
docker build -f Dockerfile -t seldonio/alibi-detect-server:1.2.3-dev .
Sending build context to Docker daemon  130.6kB
Step 1/15 : FROM registry.access.redhat.com/ubi8/python-36
 ---> e55cd9a2e0ca
Step 2/15 : LABEL name="Seldon Alibi Detect Server"       vendor="Seldon Technologies"       version="1.2.3-dev"       release="1"       summary="Alibi Detect Server for Seldon Core"       description="The Alibi Detect Server provides outlier, drift and adversarial detection services for Seldon Core"
 ---> Using cache
 ---> 8051693d59d0
Step 3/15 : ADD requirements_server.txt .
 ---> Using cache
 ---> 9752faae8db0
Step 4/15 : RUN pip install pip -U
 ---> Using cache
 ---> 4f3282d00ecf
Step 5/15 : RUN pip install -r requirements_server.txt
 ---> Running in b49ab1e51d39
Collecting kfserving==0.3.0.1
  Downloading kfserving-0.3.0.1-py3-none-any.whl (83 kB)
Collecting alibi-detect==0.4.0
  Downloading alibi_detect-0.4.0-py3-none-any.whl (91 kB)
Requirement already satisfied: setuptools>=21.0.0 in /opt/app-root/lib/python3.6/site-packages (from kfserving==0.3.0.1->-r requirements_server.txt (line 1)) (39.2.0)
Collecting table-logger>=0.3.5
  Downloading table_logger-0.3.6-py3-none-any.whl (14 kB)
Collecting minio>=4.0.9
  Downloading minio-6.0.0-py2.py3-none-any.whl (72 kB)
Collecting adal>=1.2.2
  Downloading adal-1.2.4-py2.py3-none-any.whl (55 kB)
Collecting google-cloud-storage>=1.16.0
  Downloading google_cloud_storage-1.31.0-py2.py3-none-any.whl (88 kB)
Collecting azure-storage-blob<=2.1.0,>=1.3.0
  Downloading azure_storage_blob-2.1.0-py2.py3-none-any.whl (88 kB)
Collecting certifi>=14.05.14
  Downloading certifi-2020.6.20-py2.py3-none-any.whl (156 kB)
Collecting kubernetes==10.0.1
  Downloading kubernetes-10.0.1-py2.py3-none-any.whl (1.5 MB)
Collecting tornado>=1.4.1
  Downloading tornado-6.0.4.tar.gz (496 kB)
Collecting six>=1.10
  Downloading six-1.15.0-py2.py3-none-any.whl (10 kB)
Collecting numpy>=1.17.3
  Downloading numpy-1.19.1-cp36-cp36m-manylinux2010_x86_64.whl (14.5 MB)
Collecting urllib3>=1.15.1
  Downloading urllib3-1.25.10-py2.py3-none-any.whl (127 kB)
Collecting python-dateutil>=2.5.3
  Downloading python_dateutil-2.8.1-py2.py3-none-any.whl (227 kB)
Collecting argparse>=1.4.0
  Downloading argparse-1.4.0-py2.py3-none-any.whl (23 kB)
Collecting dask[array]
  Downloading dask-2.25.0-py3-none-any.whl (834 kB)
Collecting tensorflow>=2
  Downloading tensorflow-2.3.0-cp36-cp36m-manylinux2010_x86_64.whl (320.4 MB)
Collecting creme
  Downloading creme-0.6.1-cp36-cp36m-manylinux2010_x86_64.whl (1.1 MB)
Collecting matplotlib
  Downloading matplotlib-3.3.1-cp36-cp36m-manylinux1_x86_64.whl (11.6 MB)
Collecting Pillow
  Downloading Pillow-7.2.0-cp36-cp36m-manylinux1_x86_64.whl (2.2 MB)
Collecting fbprophet
  Downloading fbprophet-0.7.tar.gz (64 kB)
Collecting holidays==0.9.11
  Downloading holidays-0.9.11.tar.gz (81 kB)
Collecting scikit-image
  Downloading scikit_image-0.17.2-cp36-cp36m-manylinux1_x86_64.whl (12.4 MB)
Collecting scikit-learn
  Downloading scikit_learn-0.23.2-cp36-cp36m-manylinux1_x86_64.whl (6.8 MB)
Collecting tensorflow-probability>=0.8
  Downloading tensorflow_probability-0.11.0-py2.py3-none-any.whl (4.3 MB)
Collecting scipy
  Downloading scipy-1.5.2-cp36-cp36m-manylinux1_x86_64.whl (25.9 MB)
Collecting pandas
  Downloading pandas-1.1.1-cp36-cp36m-manylinux1_x86_64.whl (10.5 MB)
Collecting opencv-python
  Downloading opencv_python-4.4.0.42-cp36-cp36m-manylinux2014_x86_64.whl (49.4 MB)
Collecting pytz
  Downloading pytz-2020.1-py2.py3-none-any.whl (510 kB)
Collecting configparser
  Downloading configparser-5.0.0-py3-none-any.whl (22 kB)
Collecting cryptography>=1.1.0
  Downloading cryptography-3.1-cp35-abi3-manylinux2010_x86_64.whl (2.6 MB)
Collecting PyJWT>=1.0.0
  Downloading PyJWT-1.7.1-py2.py3-none-any.whl (18 kB)
Collecting requests>=2.0.0
  Downloading requests-2.24.0-py2.py3-none-any.whl (61 kB)
Collecting google-resumable-media<2.0dev,>=1.0.0
  Downloading google_resumable_media-1.0.0-py2.py3-none-any.whl (42 kB)
Collecting google-cloud-core<2.0dev,>=1.4.1
  Downloading google_cloud_core-1.4.1-py2.py3-none-any.whl (26 kB)
Collecting google-auth<2.0dev,>=1.11.0
  Downloading google_auth-1.21.0-py2.py3-none-any.whl (92 kB)
Collecting azure-common>=1.1.5
  Downloading azure_common-1.1.25-py2.py3-none-any.whl (12 kB)
Collecting azure-storage-common~=2.1
  Downloading azure_storage_common-2.1.0-py2.py3-none-any.whl (47 kB)
Collecting pyyaml>=3.12
  Downloading PyYAML-5.3.1.tar.gz (269 kB)
Collecting requests-oauthlib
  Downloading requests_oauthlib-1.3.0-py2.py3-none-any.whl (23 kB)
Collecting websocket-client!=0.40.0,!=0.41.*,!=0.42.*,>=0.32.0
  Downloading websocket_client-0.57.0-py2.py3-none-any.whl (200 kB)
Collecting toolz>=0.8.2; extra == "array"
  Downloading toolz-0.10.0.tar.gz (49 kB)
Collecting gast==0.3.3
  Downloading gast-0.3.3-py2.py3-none-any.whl (9.7 kB)
Collecting grpcio>=1.8.6
  Downloading grpcio-1.31.0-cp36-cp36m-manylinux2014_x86_64.whl (3.4 MB)
Collecting opt-einsum>=2.3.2
  Downloading opt_einsum-3.3.0-py3-none-any.whl (65 kB)
Collecting astunparse==1.6.3
  Downloading astunparse-1.6.3-py2.py3-none-any.whl (12 kB)
Collecting keras-preprocessing<1.2,>=1.1.1
  Downloading Keras_Preprocessing-1.1.2-py2.py3-none-any.whl (42 kB)
Requirement already satisfied: wheel>=0.26 in /opt/app-root/lib/python3.6/site-packages (from tensorflow>=2->alibi-detect==0.4.0->-r requirements_server.txt (line 2)) (0.31.1)
Collecting tensorflow-estimator<2.4.0,>=2.3.0
  Downloading tensorflow_estimator-2.3.0-py2.py3-none-any.whl (459 kB)
Collecting wrapt>=1.11.1
  Downloading wrapt-1.12.1.tar.gz (27 kB)
Collecting protobuf>=3.9.2
  Downloading protobuf-3.13.0-cp36-cp36m-manylinux1_x86_64.whl (1.3 MB)
Collecting tensorboard<3,>=2.3.0
  Downloading tensorboard-2.3.0-py3-none-any.whl (6.8 MB)
Collecting google-pasta>=0.1.8
  Downloading google_pasta-0.2.0-py3-none-any.whl (57 kB)
Collecting termcolor>=1.1.0
  Downloading termcolor-1.1.0.tar.gz (3.9 kB)
Collecting absl-py>=0.7.0
  Downloading absl_py-0.10.0-py3-none-any.whl (127 kB)
Collecting h5py<2.11.0,>=2.10.0
  Downloading h5py-2.10.0-cp36-cp36m-manylinux1_x86_64.whl (2.9 MB)
Collecting mmh3==2.5.1
  Downloading mmh3-2.5.1.tar.gz (9.8 kB)
Collecting pyparsing!=2.0.4,!=2.1.2,!=2.1.6,>=2.0.3
  Downloading pyparsing-2.4.7-py2.py3-none-any.whl (67 kB)
Collecting kiwisolver>=1.0.1
  Downloading kiwisolver-1.2.0-cp36-cp36m-manylinux1_x86_64.whl (88 kB)
Collecting cycler>=0.10
  Downloading cycler-0.10.0-py2.py3-none-any.whl (6.5 kB)
Collecting Cython>=0.22
  Downloading Cython-0.29.21-cp36-cp36m-manylinux1_x86_64.whl (2.0 MB)
Collecting cmdstanpy==0.9.5
  Downloading cmdstanpy-0.9.5-py3-none-any.whl (37 kB)
Collecting pystan>=2.14
  Downloading pystan-2.19.1.1-cp36-cp36m-manylinux1_x86_64.whl (67.3 MB)
Collecting LunarCalendar>=0.0.9
  Downloading LunarCalendar-0.0.9-py2.py3-none-any.whl (18 kB)
Collecting convertdate>=2.1.2
  Downloading convertdate-2.2.1-py2.py3-none-any.whl (43 kB)
Collecting setuptools-git>=1.2
  Downloading setuptools_git-1.2-py2.py3-none-any.whl (10 kB)
Collecting tqdm>=4.36.1
  Downloading tqdm-4.48.2-py2.py3-none-any.whl (68 kB)
Collecting tifffile>=2019.7.26
  Downloading tifffile-2020.8.25-py3-none-any.whl (147 kB)
Collecting networkx>=2.0
  Downloading networkx-2.5-py3-none-any.whl (1.6 MB)
Collecting imageio>=2.3.0
  Downloading imageio-2.9.0-py3-none-any.whl (3.3 MB)
Collecting PyWavelets>=1.1.1
  Downloading PyWavelets-1.1.1-cp36-cp36m-manylinux1_x86_64.whl (4.4 MB)
Collecting threadpoolctl>=2.0.0
  Downloading threadpoolctl-2.1.0-py3-none-any.whl (12 kB)
Collecting joblib>=0.11
  Downloading joblib-0.16.0-py3-none-any.whl (300 kB)
Collecting decorator
  Downloading decorator-4.4.2-py2.py3-none-any.whl (9.2 kB)
Collecting cloudpickle==1.3
  Downloading cloudpickle-1.3.0-py2.py3-none-any.whl (26 kB)
Collecting dm-tree
  Downloading dm_tree-0.1.5-cp36-cp36m-manylinux1_x86_64.whl (294 kB)
Collecting cffi!=1.11.3,>=1.8
  Downloading cffi-1.14.2-cp36-cp36m-manylinux1_x86_64.whl (400 kB)
Collecting idna<3,>=2.5
  Downloading idna-2.10-py2.py3-none-any.whl (58 kB)
Collecting chardet<4,>=3.0.2
  Downloading chardet-3.0.4-py2.py3-none-any.whl (133 kB)
Collecting google-crc32c<2.0dev,>=1.0; python_version >= "3.5"
  Downloading google_crc32c-1.0.0-cp36-cp36m-manylinux2010_x86_64.whl (39 kB)
Collecting google-api-core<2.0.0dev,>=1.19.0
  Downloading google_api_core-1.22.1-py2.py3-none-any.whl (91 kB)
Collecting cachetools<5.0,>=2.0.0
  Downloading cachetools-4.1.1-py3-none-any.whl (10 kB)
Collecting rsa<5,>=3.1.4; python_version >= "3.5"
  Downloading rsa-4.6-py3-none-any.whl (47 kB)
Collecting pyasn1-modules>=0.2.1
  Downloading pyasn1_modules-0.2.8-py2.py3-none-any.whl (155 kB)
Collecting oauthlib>=3.0.0
  Downloading oauthlib-3.1.0-py2.py3-none-any.whl (147 kB)
Collecting markdown>=2.6.8
  Downloading Markdown-3.2.2-py3-none-any.whl (88 kB)
Collecting tensorboard-plugin-wit>=1.6.0
  Downloading tensorboard_plugin_wit-1.7.0-py3-none-any.whl (779 kB)
Collecting werkzeug>=0.11.15
  Downloading Werkzeug-1.0.1-py2.py3-none-any.whl (298 kB)
Collecting google-auth-oauthlib<0.5,>=0.4.1
  Downloading google_auth_oauthlib-0.4.1-py2.py3-none-any.whl (18 kB)
Collecting ephem>=3.7.5.3
  Downloading ephem-3.7.7.1-cp36-cp36m-manylinux2010_x86_64.whl (1.2 MB)
Collecting pymeeus<=1,>=0.3.6
  Downloading PyMeeus-0.3.7.tar.gz (732 kB)
Collecting pycparser
  Downloading pycparser-2.20-py2.py3-none-any.whl (112 kB)
Collecting googleapis-common-protos<2.0dev,>=1.6.0
  Downloading googleapis_common_protos-1.52.0-py2.py3-none-any.whl (100 kB)
Collecting pyasn1>=0.1.3
  Downloading pyasn1-0.4.8-py2.py3-none-any.whl (77 kB)
Collecting importlib-metadata; python_version < "3.8"
  Downloading importlib_metadata-1.7.0-py2.py3-none-any.whl (31 kB)
Collecting zipp>=0.5
  Downloading zipp-3.1.0-py3-none-any.whl (4.9 kB)
Building wheels for collected packages: tornado, fbprophet, holidays, pyyaml, toolz, wrapt, termcolor, mmh3, pymeeus
  Building wheel for tornado (setup.py): started
  Building wheel for tornado (setup.py): finished with status 'done'
  Created wheel for tornado: filename=tornado-6.0.4-cp36-cp36m-linux_x86_64.whl size=428282 sha256=3509b81da57fb5fa9277a3ee174a1b22c10b9b20a2a7902e149bc317ce96d705
  Stored in directory: /tmp/pip-ephem-wheel-cache-8bamsrqd/wheels/37/a7/db/2d592e44029ef817f3ef63ea991db34191cebaef087a96f505
  Building wheel for fbprophet (setup.py): started
  Building wheel for fbprophet (setup.py): finished with status 'error'
[91m  ERROR: Command errored out with exit status 1:
   command: /opt/app-root/bin/python3.6 -u -c 'import sys, setuptools, tokenize; sys.argv[0] = '"'"'/tmp/pip-install-m3lzevmt/fbprophet/setup.py'"'"'; __file__='"'"'/tmp/pip-install-m3lzevmt/fbprophet/setup.py'"'"';f=getattr(tokenize, '"'"'open'"'"', open)(__file__);code=f.read().replace('"'"'\r\n'"'"', '"'"'\n'"'"');f.close();exec(compile(code, __file__, '"'"'exec'"'"'))' bdist_wheel -d /tmp/pip-wheel-mgn8ucw1
       cwd: /tmp/pip-install-m3lzevmt/fbprophet/
  Complete output (40 lines):
  running bdist_wheel
  running build
  running build_py
  creating build
  creating build/lib
  creating build/lib/fbprophet
  creating build/lib/fbprophet/stan_model
  Traceback (most recent call last):
    File "<string>", line 1, in <module>
    File "/tmp/pip-install-m3lzevmt/fbprophet/setup.py", line 149, in <module>
      long_description_content_type='text/markdown',
    File "/opt/app-root/lib/python3.6/site-packages/setuptools/__init__.py", line 129, in setup
      return distutils.core.setup(**attrs)
    File "/usr/lib64/python3.6/distutils/core.py", line 148, in setup
      dist.run_commands()
    File "/usr/lib64/python3.6/distutils/dist.py", line 955, in run_commands
      self.run_command(cmd)
    File "/usr/lib64/python3.6/distutils/dist.py", line 974, in run_command
      cmd_obj.run()
    File "/opt/app-root/lib/python3.6/site-packages/wheel/bdist_wheel.py", line 201, in run
      self.run_command('build')
    File "/usr/lib64/python3.6/distutils/cmd.py", line 313, in run_command
      self.distribution.run_command(command)
    File "/usr/lib64/python3.6/distutils/dist.py", line 974, in run_command
      cmd_obj.run()
    File "/usr/lib64/python3.6/distutils/command/build.py", line 135, in run
      self.run_command(cmd_name)
    File "/usr/lib64/python3.6/distutils/cmd.py", line 313, in run_command
      self.distribution.run_command(command)
    File "/usr/lib64/python3.6/distutils/dist.py", line 974, in run_command
      cmd_obj.run()
    File "/tmp/pip-install-m3lzevmt/fbprophet/setup.py", line 48, in run
      build_models(target_dir)
    File "/tmp/pip-install-m3lzevmt/fbprophet/setup.py", line 36, in build_models
      from fbprophet.models import StanBackendEnum
    File "/tmp/pip-install-m3lzevmt/fbprophet/fbprophet/__init__.py", line 8, in <module>
      from fbprophet.forecaster import Prophet
    File "/tmp/pip-install-m3lzevmt/fbprophet/fbprophet/forecaster.py", line 14, in <module>
      import numpy as np
  ModuleNotFoundError: No module named 'numpy'
  ----------------------------------------
[0m[91m  ERROR: Failed building wheel for fbprophet
[0m  Running setup.py clean for fbprophet
  Building wheel for holidays (setup.py): started
  Building wheel for holidays (setup.py): finished with status 'done'
  Created wheel for holidays: filename=holidays-0.9.11-py3-none-any.whl size=43936 sha256=982aa588189bb59bc7439fa361c99c700e25088b2ce3181e29c0cac494dd6391
  Stored in directory: /tmp/pip-ephem-wheel-cache-8bamsrqd/wheels/8b/05/14/02819ebeabc15200adf7087844165616193c4d48c35442f38c
  Building wheel for pyyaml (setup.py): started
  Building wheel for pyyaml (setup.py): finished with status 'done'
  Created wheel for pyyaml: filename=PyYAML-5.3.1-cp36-cp36m-linux_x86_64.whl size=44632 sha256=eb65f328a8ea431841794cc4a0a6bace8f0fed687d8b4f9e1a2f63ee876a6662
  Stored in directory: /tmp/pip-ephem-wheel-cache-8bamsrqd/wheels/e5/9d/ad/2ee53cf262cba1ffd8afe1487eef788ea3f260b7e6232a80fc
  Building wheel for toolz (setup.py): started
  Building wheel for toolz (setup.py): finished with status 'done'
  Created wheel for toolz: filename=toolz-0.10.0-py3-none-any.whl size=54600 sha256=dbf98e0a44b974dc1358e768d3618bc5a1bb7dd0bdc2f04cec2c59faf9730b1a
  Stored in directory: /tmp/pip-ephem-wheel-cache-8bamsrqd/wheels/fc/da/2e/27e381e9cfc922d078a0a750c7ec72e76df66100e81722516d
  Building wheel for wrapt (setup.py): started
  Building wheel for wrapt (setup.py): finished with status 'done'
  Created wheel for wrapt: filename=wrapt-1.12.1-cp36-cp36m-linux_x86_64.whl size=72119 sha256=df95685ee60e1d1fab66ee23ac7252c1959cfdc8e24aac7832341ad3f0266544
  Stored in directory: /tmp/pip-ephem-wheel-cache-8bamsrqd/wheels/32/42/7f/23cae9ff6ef66798d00dc5d659088e57dbba01566f6c60db63
  Building wheel for termcolor (setup.py): started
  Building wheel for termcolor (setup.py): finished with status 'done'
  Created wheel for termcolor: filename=termcolor-1.1.0-py3-none-any.whl size=4001 sha256=337c92f350902d88eead4edd6e5cc289e2610a548f0ae3c03eccf7552a9440f5
  Stored in directory: /tmp/pip-ephem-wheel-cache-8bamsrqd/wheels/93/2a/eb/e58dbcbc963549ee4f065ff80a59f274cc7210b6eab962acdc
  Building wheel for mmh3 (setup.py): started
  Building wheel for mmh3 (setup.py): finished with status 'done'
  Created wheel for mmh3: filename=mmh3-2.5.1-cp36-cp36m-linux_x86_64.whl size=47772 sha256=beb6d142fbd8f0cd097121831580b19e8bca04c73d6aa47eace1e8dca148cd85
  Stored in directory: /tmp/pip-ephem-wheel-cache-8bamsrqd/wheels/cc/3a/98/fc5e7f8e1840cf6dcf2435260b29661db90a0b22dbd2739df6
  Building wheel for pymeeus (setup.py): started
  Building wheel for pymeeus (setup.py): finished with status 'done'
  Created wheel for pymeeus: filename=PyMeeus-0.3.7-py3-none-any.whl size=687743 sha256=4bce27167bc19b67257172130e3d7dcd1bf33d0d7a66087eb06112dcc14f5c9c
  Stored in directory: /tmp/pip-ephem-wheel-cache-8bamsrqd/wheels/e9/c3/07/d32faf16682e2cd245be46e4c54053c8c82fa9762f4a4bcc63
Successfully built tornado holidays pyyaml toolz wrapt termcolor mmh3 pymeeus
Failed to build fbprophet
[91mDEPRECATION: Could not build wheels for fbprophet which do not use PEP 517. pip will fall back to legacy 'setup.py install' for these. pip 21.0 will remove support for this functionality. A possible replacement is to fix the wheel build issue reported above. You can find discussion regarding this at https://github.com/pypa/pip/issues/8368.
[0mInstalling collected packages: numpy, table-logger, urllib3, pytz, six, python-dateutil, certifi, configparser, minio, pycparser, cffi, cryptography, PyJWT, idna, chardet, requests, adal, google-crc32c, google-resumable-media, protobuf, cachetools, pyasn1, rsa, pyasn1-modules, google-auth, googleapis-common-protos, google-api-core, google-cloud-core, google-cloud-storage, azure-common, azure-storage-common, azure-storage-blob, pyyaml, oauthlib, requests-oauthlib, websocket-client, kubernetes, tornado, argparse, kfserving, toolz, dask, gast, grpcio, opt-einsum, astunparse, keras-preprocessing, tensorflow-estimator, wrapt, zipp, importlib-metadata, markdown, tensorboard-plugin-wit, werkzeug, google-auth-oauthlib, absl-py, tensorboard, google-pasta, scipy, termcolor, h5py, tensorflow, pandas, mmh3, creme, pyparsing, kiwisolver, cycler, Pillow, matplotlib, Cython, cmdstanpy, pystan, ephem, LunarCalendar, pymeeus, convertdate, holidays, setuptools-git, tqdm, fbprophet, tifffile, decorator, networkx, imageio, PyWavelets, scikit-image, threadpoolctl, joblib, scikit-learn, cloudpickle, dm-tree, tensorflow-probability, opencv-python, alibi-detect
    Running setup.py install for fbprophet: started
    Running setup.py install for fbprophet: finished with status 'error'
[91m    ERROR: Command errored out with exit status 1:
     command: /opt/app-root/bin/python3.6 -u -c 'import sys, setuptools, tokenize; sys.argv[0] = '"'"'/tmp/pip-install-m3lzevmt/fbprophet/setup.py'"'"'; __file__='"'"'/tmp/pip-install-m3lzevmt/fbprophet/setup.py'"'"';f=getattr(tokenize, '"'"'open'"'"', open)(__file__);code=f.read().replace('"'"'\r\n'"'"', '"'"'\n'"'"');f.close();exec(compile(code, __file__, '"'"'exec'"'"'))' install --record /tmp/pip-record-c99jbtvp/install-record.txt --single-version-externally-managed --compile --install-headers /opt/app-root/include/site/python3.6/fbprophet
         cwd: /tmp/pip-install-m3lzevmt/fbprophet/
    Complete output (46 lines):
    running install
    running build
    running build_py
    creating build
    creating build/lib
    creating build/lib/fbprophet
    creating build/lib/fbprophet/stan_model
    Traceback (most recent call last):
      File "<string>", line 1, in <module>
      File "/tmp/pip-install-m3lzevmt/fbprophet/setup.py", line 149, in <module>
        long_description_content_type='text/markdown',
      File "/opt/app-root/lib/python3.6/site-packages/setuptools/__init__.py", line 129, in setup
        return distutils.core.setup(**attrs)
      File "/usr/lib64/python3.6/distutils/core.py", line 148, in setup
        dist.run_commands()
      File "/usr/lib64/python3.6/distutils/dist.py", line 955, in run_commands
        self.run_command(cmd)
      File "/usr/lib64/python3.6/distutils/dist.py", line 974, in run_command
        cmd_obj.run()
      File "/opt/app-root/lib/python3.6/site-packages/setuptools/command/install.py", line 61, in run
        return orig.install.run(self)
      File "/usr/lib64/python3.6/distutils/command/install.py", line 556, in run
        self.run_command('build')
      File "/usr/lib64/python3.6/distutils/cmd.py", line 313, in run_command
        self.distribution.run_command(command)
      File "/usr/lib64/python3.6/distutils/dist.py", line 974, in run_command
        cmd_obj.run()
      File "/usr/lib64/python3.6/distutils/command/build.py", line 135, in run
        self.run_command(cmd_name)
      File "/usr/lib64/python3.6/distutils/cmd.py", line 313, in run_command
        self.distribution.run_command(command)
      File "/usr/lib64/python3.6/distutils/dist.py", line 974, in run_command
        cmd_obj.run()
      File "/tmp/pip-install-m3lzevmt/fbprophet/setup.py", line 48, in run
        build_models(target_dir)
      File "/tmp/pip-install-m3lzevmt/fbprophet/setup.py", line 36, in build_models
        from fbprophet.models import StanBackendEnum
      File "/tmp/pip-install-m3lzevmt/fbprophet/fbprophet/__init__.py", line 8, in <module>
        from fbprophet.forecaster import Prophet
      File "/tmp/pip-install-m3lzevmt/fbprophet/fbprophet/forecaster.py", line 17, in <module>
        from fbprophet.make_holidays import get_holiday_names, make_holidays_df
      File "/tmp/pip-install-m3lzevmt/fbprophet/fbprophet/make_holidays.py", line 14, in <module>
        import fbprophet.hdays as hdays_part2
      File "/tmp/pip-install-m3lzevmt/fbprophet/fbprophet/hdays.py", line 17, in <module>
        from holidays import WEEKEND, HolidayBase, Turkey
    ImportError: cannot import name 'Turkey'
    ----------------------------------------
[0m[91mERROR: Command errored out with exit status 1: /opt/app-root/bin/python3.6 -u -c 'import sys, setuptools, tokenize; sys.argv[0] = '"'"'/tmp/pip-install-m3lzevmt/fbprophet/setup.py'"'"'; __file__='"'"'/tmp/pip-install-m3lzevmt/fbprophet/setup.py'"'"';f=getattr(tokenize, '"'"'open'"'"', open)(__file__);code=f.read().replace('"'"'\r\n'"'"', '"'"'\n'"'"');f.close();exec(compile(code, __file__, '"'"'exec'"'"'))' install --record /tmp/pip-record-c99jbtvp/install-record.txt --single-version-externally-managed --compile --install-headers /opt/app-root/include/site/python3.6/fbprophet Check the logs for full command output.
The command '/bin/sh -c pip install -r requirements_server.txt' returned a non-zero code: 1
make: *** [Makefile:51: docker-build] Error 1
[0mmake: Leaving directory '/workspace/source/components/alibi-detect-server'
make: Entering directory '/workspace/source/components/seldon-request-logger'
docker build . -t seldonio/seldon-request-logger:1.2.3-dev
Sending build context to Docker daemon    107kB
Step 1/14 : FROM registry.access.redhat.com/ubi8/python-36
 ---> e55cd9a2e0ca
Step 2/14 : LABEL name="Seldon Request Logger"       vendor="Seldon Technologies"       version="1.2.3-dev"       release="1"       summary="The payload logger for Seldon Core"       description="The Seldon Payload Logger allows request and response payloads from a Seldon Core inference graph to be processed and sent to an ELK endpoint"
 ---> Using cache
 ---> d947e3964d54
Step 3/14 : COPY app app
 ---> Using cache
 ---> bff18a8da2c6
Step 4/14 : COPY requirements.txt requirements.txt
 ---> Using cache
 ---> f755c49e3fa6
Step 5/14 : RUN pip install -r requirements.txt
 ---> Using cache
 ---> 09a24d5ef6fc
Step 6/14 : RUN pip install gunicorn
 ---> Using cache
 ---> 855dab1d69b5
Step 7/14 : RUN pip install pip-licenses
 ---> Using cache
 ---> cc388cf62e8e
Step 8/14 : RUN mkdir ./licenses && pip-licenses --from=mixed --format=csv --output-file=./licenses/license_info.csv &&     pip-licenses --from=mixed --format=plain-vertical --with-license-file --no-license-path --output-file=./licenses/license.txt
 ---> Using cache
 ---> 0befcc557fde
Step 9/14 : USER root
 ---> Using cache
 ---> 5d30408d8a15
Step 10/14 : RUN mv ./licenses /licenses
 ---> Using cache
 ---> b0bbe3cc16fc
Step 11/14 : USER default
 ---> Using cache
 ---> 7bba1f8377f0
Step 12/14 : EXPOSE 8080
 ---> Using cache
 ---> 6a95e56f2e45
Step 13/14 : ENTRYPOINT ["python"]
 ---> Using cache
 ---> 83697d10c73e
Step 14/14 : CMD ["app/default_logger.py"]
 ---> Using cache
 ---> c1e97b30b4e7
Successfully built c1e97b30b4e7
Successfully tagged seldonio/seldon-request-logger:1.2.3-dev
docker push seldonio/seldon-request-logger:1.2.3-dev
The push refers to repository [docker.io/seldonio/seldon-request-logger]
6cf2eba9bce8: Preparing
94a1fd649584: Preparing
76d85bc36ce3: Preparing
7f8b81b4733b: Preparing
ea387c7948db: Preparing
b6f5bdd64b22: Preparing
248f0d32e46c: Preparing
8c900de07a06: Preparing
7fbe9fcfa2da: Preparing
0bfe5b62a1ad: Preparing
70056249a0e2: Preparing
226bfaae015f: Preparing
b6f5bdd64b22: Waiting
8c900de07a06: Waiting
7fbe9fcfa2da: Waiting
0bfe5b62a1ad: Waiting
226bfaae015f: Waiting
70056249a0e2: Waiting
6cf2eba9bce8: Layer already exists
76d85bc36ce3: Layer already exists
94a1fd649584: Layer already exists
ea387c7948db: Layer already exists
7f8b81b4733b: Layer already exists
248f0d32e46c: Layer already exists
7fbe9fcfa2da: Layer already exists
8c900de07a06: Layer already exists
0bfe5b62a1ad: Layer already exists
b6f5bdd64b22: Layer already exists
70056249a0e2: Layer already exists
226bfaae015f: Layer already exists
1.2.3-dev: digest: sha256:5c9895735886fd4b5caa02f16dd74b01fde45884b6d34f38471c34c4838560c3 size: 2834
make: Leaving directory '/workspace/source/components/seldon-request-logger'
make: Entering directory '/workspace/source/servers/sklearnserver'
s2i build \
	-E environment_rest \
	./sklearnserver \
	seldonio/seldon-core-s2i-python37-ubi8:1.2.3-dev \
	seldonio/sklearnserver_rest:1.2.3-dev
Before assembling
---> Installing application source...
---> Installing dependencies ...
Looking in links: /whl
Requirement already satisfied: seldon_core in ./python (from -r requirements.txt (line 1)) (1.2.3.dev0)
Collecting scikit-learn==0.20.3 (from -r requirements.txt (line 2))
  WARNING: Url '/whl' is ignored. It is either a non-existing path or lacks a specific scheme.
Downloading https://files.pythonhosted.org/packages/aa/cc/a84e1748a2a70d0f3e081f56cefc634f3b57013b16faa6926d3a6f0598df/scikit_learn-0.20.3-cp37-cp37m-manylinux1_x86_64.whl (5.4MB)
Requirement already satisfied: numpy>=1.8.2 in /opt/conda/lib/python3.7/site-packages (from -r requirements.txt (line 3)) (1.19.1)
Collecting joblib>=0.13.0 (from -r requirements.txt (line 4))
  WARNING: Url '/whl' is ignored. It is either a non-existing path or lacks a specific scheme.
Downloading https://files.pythonhosted.org/packages/51/dd/0e015051b4a27ec5a58b02ab774059f3289a94b0906f880a3f9507e74f38/joblib-0.16.0-py3-none-any.whl (300kB)
Requirement already satisfied: Flask<2.0.0 in /opt/conda/lib/python3.7/site-packages (from seldon_core->-r requirements.txt (line 1)) (1.1.2)
Requirement already satisfied: jsonschema<4.0.0 in /opt/conda/lib/python3.7/site-packages (from seldon_core->-r requirements.txt (line 1)) (3.2.0)
Requirement already satisfied: Flask-cors<4.0.0 in /opt/conda/lib/python3.7/site-packages (from seldon_core->-r requirements.txt (line 1)) (3.0.9)
Requirement already satisfied: redis<4.0.0 in /opt/conda/lib/python3.7/site-packages (from seldon_core->-r requirements.txt (line 1)) (3.5.3)
Requirement already satisfied: requests<3.0.0 in /opt/conda/lib/python3.7/site-packages (from seldon_core->-r requirements.txt (line 1)) (2.22.0)
Requirement already satisfied: flatbuffers<2.0.0 in /opt/conda/lib/python3.7/site-packages (from seldon_core->-r requirements.txt (line 1)) (1.12)
Requirement already satisfied: protobuf<4.0.0 in /opt/conda/lib/python3.7/site-packages (from seldon_core->-r requirements.txt (line 1)) (3.13.0)
Requirement already satisfied: grpcio<2.0.0 in /opt/conda/lib/python3.7/site-packages (from seldon_core->-r requirements.txt (line 1)) (1.31.0)
Requirement already satisfied: Flask-OpenTracing<1.2.0,>=1.1.0 in /opt/conda/lib/python3.7/site-packages (from seldon_core->-r requirements.txt (line 1)) (1.1.0)
Requirement already satisfied: opentracing<2.4.0,>=2.2.0 in /opt/conda/lib/python3.7/site-packages (from seldon_core->-r requirements.txt (line 1)) (2.3.0)
Requirement already satisfied: jaeger-client<4.4.0,>=4.1.0 in /opt/conda/lib/python3.7/site-packages (from seldon_core->-r requirements.txt (line 1)) (4.3.0)
Requirement already satisfied: grpcio-opentracing<1.2.0,>=1.1.4 in /opt/conda/lib/python3.7/site-packages (from seldon_core->-r requirements.txt (line 1)) (1.1.4)
Requirement already satisfied: PyYAML<5.4 in /opt/conda/lib/python3.7/site-packages (from seldon_core->-r requirements.txt (line 1)) (5.3.1)
Requirement already satisfied: gunicorn<20.1.0,>=19.9.0 in /opt/conda/lib/python3.7/site-packages (from seldon_core->-r requirements.txt (line 1)) (20.0.4)
Requirement already satisfied: minio<6.0.0,>=4.0.9 in /opt/conda/lib/python3.7/site-packages (from seldon_core->-r requirements.txt (line 1)) (5.0.10)
Requirement already satisfied: setuptools>=41.0.0 in /opt/conda/lib/python3.7/site-packages (from seldon_core->-r requirements.txt (line 1)) (41.4.0)
Requirement already satisfied: prometheus_client<0.9.0,>=0.7.1 in /opt/conda/lib/python3.7/site-packages (from seldon_core->-r requirements.txt (line 1)) (0.8.0)
Collecting scipy>=0.13.3 (from scikit-learn==0.20.3->-r requirements.txt (line 2))
  WARNING: Url '/whl' is ignored. It is either a non-existing path or lacks a specific scheme.
Downloading https://files.pythonhosted.org/packages/65/f9/f7a7e5009711579c72da2725174825e5056741bf4001815d097eef1b2e17/scipy-1.5.2-cp37-cp37m-manylinux1_x86_64.whl (25.9MB)
Requirement already satisfied: itsdangerous>=0.24 in /opt/conda/lib/python3.7/site-packages (from Flask<2.0.0->seldon_core->-r requirements.txt (line 1)) (1.1.0)
Requirement already satisfied: click>=5.1 in /opt/conda/lib/python3.7/site-packages (from Flask<2.0.0->seldon_core->-r requirements.txt (line 1)) (7.1.2)
Requirement already satisfied: Werkzeug>=0.15 in /opt/conda/lib/python3.7/site-packages (from Flask<2.0.0->seldon_core->-r requirements.txt (line 1)) (1.0.1)
Requirement already satisfied: Jinja2>=2.10.1 in /opt/conda/lib/python3.7/site-packages (from Flask<2.0.0->seldon_core->-r requirements.txt (line 1)) (2.11.2)
Requirement already satisfied: six>=1.11.0 in /opt/conda/lib/python3.7/site-packages (from jsonschema<4.0.0->seldon_core->-r requirements.txt (line 1)) (1.12.0)
Requirement already satisfied: pyrsistent>=0.14.0 in /opt/conda/lib/python3.7/site-packages (from jsonschema<4.0.0->seldon_core->-r requirements.txt (line 1)) (0.16.0)
Requirement already satisfied: importlib-metadata; python_version < "3.8" in /opt/conda/lib/python3.7/site-packages (from jsonschema<4.0.0->seldon_core->-r requirements.txt (line 1)) (1.7.0)
Requirement already satisfied: attrs>=17.4.0 in /opt/conda/lib/python3.7/site-packages (from jsonschema<4.0.0->seldon_core->-r requirements.txt (line 1)) (20.1.0)
Requirement already satisfied: urllib3!=1.25.0,!=1.25.1,<1.26,>=1.21.1 in /opt/conda/lib/python3.7/site-packages (from requests<3.0.0->seldon_core->-r requirements.txt (line 1)) (1.24.2)
Requirement already satisfied: certifi>=2017.4.17 in /opt/conda/lib/python3.7/site-packages (from requests<3.0.0->seldon_core->-r requirements.txt (line 1)) (2020.6.20)
Requirement already satisfied: chardet<3.1.0,>=3.0.2 in /opt/conda/lib/python3.7/site-packages (from requests<3.0.0->seldon_core->-r requirements.txt (line 1)) (3.0.4)
Requirement already satisfied: idna<2.9,>=2.5 in /opt/conda/lib/python3.7/site-packages (from requests<3.0.0->seldon_core->-r requirements.txt (line 1)) (2.8)
Requirement already satisfied: thrift in /opt/conda/lib/python3.7/site-packages (from jaeger-client<4.4.0,>=4.1.0->seldon_core->-r requirements.txt (line 1)) (0.13.0)
Requirement already satisfied: tornado>=4.3 in /opt/conda/lib/python3.7/site-packages (from jaeger-client<4.4.0,>=4.1.0->seldon_core->-r requirements.txt (line 1)) (6.0.4)
Requirement already satisfied: threadloop<2,>=1 in /opt/conda/lib/python3.7/site-packages (from jaeger-client<4.4.0,>=4.1.0->seldon_core->-r requirements.txt (line 1)) (1.0.2)
Requirement already satisfied: pytz in /opt/conda/lib/python3.7/site-packages (from minio<6.0.0,>=4.0.9->seldon_core->-r requirements.txt (line 1)) (2020.1)
Requirement already satisfied: python-dateutil in /opt/conda/lib/python3.7/site-packages (from minio<6.0.0,>=4.0.9->seldon_core->-r requirements.txt (line 1)) (2.8.1)
Requirement already satisfied: configparser in /opt/conda/lib/python3.7/site-packages (from minio<6.0.0,>=4.0.9->seldon_core->-r requirements.txt (line 1)) (5.0.0)
Requirement already satisfied: MarkupSafe>=0.23 in /opt/conda/lib/python3.7/site-packages (from Jinja2>=2.10.1->Flask<2.0.0->seldon_core->-r requirements.txt (line 1)) (1.1.1)
Requirement already satisfied: zipp>=0.5 in /opt/conda/lib/python3.7/site-packages (from importlib-metadata; python_version < "3.8"->jsonschema<4.0.0->seldon_core->-r requirements.txt (line 1)) (3.1.0)
Installing collected packages: scipy, scikit-learn, joblib
Successfully installed joblib-0.16.0 scikit-learn-0.20.3 scipy-1.5.2
Collecting pip-licenses
Downloading https://files.pythonhosted.org/packages/c5/50/6c4b4e69a0c43bd9f03a30579695093062ba72da4e3e4026cd2144dbcc71/pip_licenses-2.3.0-py3-none-any.whl
Collecting PTable (from pip-licenses)
Downloading https://files.pythonhosted.org/packages/ab/b3/b54301811173ca94119eb474634f120a49cd370f257d1aae5a4abaf12729/PTable-0.9.2.tar.gz
Building wheels for collected packages: PTable
Building wheel for PTable (setup.py): started
Building wheel for PTable (setup.py): finished with status 'done'
Created wheel for PTable: filename=PTable-0.9.2-cp37-none-any.whl size=22906 sha256=d738063a290ef41ea62b74b0c96802e6cf9ba4397fbbb8f9ea068955021d8dc2
Stored in directory: /root/.cache/pip/wheels/22/cc/2e/55980bfe86393df3e9896146a01f6802978d09d7ebcba5ea56
Successfully built PTable
Installing collected packages: PTable, pip-licenses
Successfully installed PTable-0.9.2 pip-licenses-2.3.0
created path: ./licenses/license_info.csv
created path: ./licenses/license.txt
After successful assembling
Build completed successfully
s2i build \
	-E environment_grpc \
	./sklearnserver \
	seldonio/seldon-core-s2i-python37-ubi8:1.2.3-dev \
	seldonio/sklearnserver_grpc:1.2.3-dev
Before assembling
---> Installing application source...
---> Installing dependencies ...
Looking in links: /whl
Requirement already satisfied: seldon_core in ./python (from -r requirements.txt (line 1)) (1.2.3.dev0)
Collecting scikit-learn==0.20.3 (from -r requirements.txt (line 2))
  WARNING: Url '/whl' is ignored. It is either a non-existing path or lacks a specific scheme.
Downloading https://files.pythonhosted.org/packages/aa/cc/a84e1748a2a70d0f3e081f56cefc634f3b57013b16faa6926d3a6f0598df/scikit_learn-0.20.3-cp37-cp37m-manylinux1_x86_64.whl (5.4MB)
Requirement already satisfied: numpy>=1.8.2 in /opt/conda/lib/python3.7/site-packages (from -r requirements.txt (line 3)) (1.19.1)
Collecting joblib>=0.13.0 (from -r requirements.txt (line 4))
  WARNING: Url '/whl' is ignored. It is either a non-existing path or lacks a specific scheme.
Downloading https://files.pythonhosted.org/packages/51/dd/0e015051b4a27ec5a58b02ab774059f3289a94b0906f880a3f9507e74f38/joblib-0.16.0-py3-none-any.whl (300kB)
Requirement already satisfied: Flask<2.0.0 in /opt/conda/lib/python3.7/site-packages (from seldon_core->-r requirements.txt (line 1)) (1.1.2)
Requirement already satisfied: jsonschema<4.0.0 in /opt/conda/lib/python3.7/site-packages (from seldon_core->-r requirements.txt (line 1)) (3.2.0)
Requirement already satisfied: Flask-cors<4.0.0 in /opt/conda/lib/python3.7/site-packages (from seldon_core->-r requirements.txt (line 1)) (3.0.9)
Requirement already satisfied: redis<4.0.0 in /opt/conda/lib/python3.7/site-packages (from seldon_core->-r requirements.txt (line 1)) (3.5.3)
Requirement already satisfied: requests<3.0.0 in /opt/conda/lib/python3.7/site-packages (from seldon_core->-r requirements.txt (line 1)) (2.22.0)
Requirement already satisfied: flatbuffers<2.0.0 in /opt/conda/lib/python3.7/site-packages (from seldon_core->-r requirements.txt (line 1)) (1.12)
Requirement already satisfied: protobuf<4.0.0 in /opt/conda/lib/python3.7/site-packages (from seldon_core->-r requirements.txt (line 1)) (3.13.0)
Requirement already satisfied: grpcio<2.0.0 in /opt/conda/lib/python3.7/site-packages (from seldon_core->-r requirements.txt (line 1)) (1.31.0)
Requirement already satisfied: Flask-OpenTracing<1.2.0,>=1.1.0 in /opt/conda/lib/python3.7/site-packages (from seldon_core->-r requirements.txt (line 1)) (1.1.0)
Requirement already satisfied: opentracing<2.4.0,>=2.2.0 in /opt/conda/lib/python3.7/site-packages (from seldon_core->-r requirements.txt (line 1)) (2.3.0)
Requirement already satisfied: jaeger-client<4.4.0,>=4.1.0 in /opt/conda/lib/python3.7/site-packages (from seldon_core->-r requirements.txt (line 1)) (4.3.0)
Requirement already satisfied: grpcio-opentracing<1.2.0,>=1.1.4 in /opt/conda/lib/python3.7/site-packages (from seldon_core->-r requirements.txt (line 1)) (1.1.4)
Requirement already satisfied: PyYAML<5.4 in /opt/conda/lib/python3.7/site-packages (from seldon_core->-r requirements.txt (line 1)) (5.3.1)
Requirement already satisfied: gunicorn<20.1.0,>=19.9.0 in /opt/conda/lib/python3.7/site-packages (from seldon_core->-r requirements.txt (line 1)) (20.0.4)
Requirement already satisfied: minio<6.0.0,>=4.0.9 in /opt/conda/lib/python3.7/site-packages (from seldon_core->-r requirements.txt (line 1)) (5.0.10)
Requirement already satisfied: setuptools>=41.0.0 in /opt/conda/lib/python3.7/site-packages (from seldon_core->-r requirements.txt (line 1)) (41.4.0)
Requirement already satisfied: prometheus_client<0.9.0,>=0.7.1 in /opt/conda/lib/python3.7/site-packages (from seldon_core->-r requirements.txt (line 1)) (0.8.0)
Collecting scipy>=0.13.3 (from scikit-learn==0.20.3->-r requirements.txt (line 2))
  WARNING: Url '/whl' is ignored. It is either a non-existing path or lacks a specific scheme.
Downloading https://files.pythonhosted.org/packages/65/f9/f7a7e5009711579c72da2725174825e5056741bf4001815d097eef1b2e17/scipy-1.5.2-cp37-cp37m-manylinux1_x86_64.whl (25.9MB)
Requirement already satisfied: Werkzeug>=0.15 in /opt/conda/lib/python3.7/site-packages (from Flask<2.0.0->seldon_core->-r requirements.txt (line 1)) (1.0.1)
Requirement already satisfied: Jinja2>=2.10.1 in /opt/conda/lib/python3.7/site-packages (from Flask<2.0.0->seldon_core->-r requirements.txt (line 1)) (2.11.2)
Requirement already satisfied: itsdangerous>=0.24 in /opt/conda/lib/python3.7/site-packages (from Flask<2.0.0->seldon_core->-r requirements.txt (line 1)) (1.1.0)
Requirement already satisfied: click>=5.1 in /opt/conda/lib/python3.7/site-packages (from Flask<2.0.0->seldon_core->-r requirements.txt (line 1)) (7.1.2)
Requirement already satisfied: attrs>=17.4.0 in /opt/conda/lib/python3.7/site-packages (from jsonschema<4.0.0->seldon_core->-r requirements.txt (line 1)) (20.1.0)
Requirement already satisfied: pyrsistent>=0.14.0 in /opt/conda/lib/python3.7/site-packages (from jsonschema<4.0.0->seldon_core->-r requirements.txt (line 1)) (0.16.0)
Requirement already satisfied: importlib-metadata; python_version < "3.8" in /opt/conda/lib/python3.7/site-packages (from jsonschema<4.0.0->seldon_core->-r requirements.txt (line 1)) (1.7.0)
Requirement already satisfied: six>=1.11.0 in /opt/conda/lib/python3.7/site-packages (from jsonschema<4.0.0->seldon_core->-r requirements.txt (line 1)) (1.12.0)
Requirement already satisfied: urllib3!=1.25.0,!=1.25.1,<1.26,>=1.21.1 in /opt/conda/lib/python3.7/site-packages (from requests<3.0.0->seldon_core->-r requirements.txt (line 1)) (1.24.2)
Requirement already satisfied: chardet<3.1.0,>=3.0.2 in /opt/conda/lib/python3.7/site-packages (from requests<3.0.0->seldon_core->-r requirements.txt (line 1)) (3.0.4)
Requirement already satisfied: idna<2.9,>=2.5 in /opt/conda/lib/python3.7/site-packages (from requests<3.0.0->seldon_core->-r requirements.txt (line 1)) (2.8)
Requirement already satisfied: certifi>=2017.4.17 in /opt/conda/lib/python3.7/site-packages (from requests<3.0.0->seldon_core->-r requirements.txt (line 1)) (2020.6.20)
Requirement already satisfied: thrift in /opt/conda/lib/python3.7/site-packages (from jaeger-client<4.4.0,>=4.1.0->seldon_core->-r requirements.txt (line 1)) (0.13.0)
Requirement already satisfied: tornado>=4.3 in /opt/conda/lib/python3.7/site-packages (from jaeger-client<4.4.0,>=4.1.0->seldon_core->-r requirements.txt (line 1)) (6.0.4)
Requirement already satisfied: threadloop<2,>=1 in /opt/conda/lib/python3.7/site-packages (from jaeger-client<4.4.0,>=4.1.0->seldon_core->-r requirements.txt (line 1)) (1.0.2)
Requirement already satisfied: python-dateutil in /opt/conda/lib/python3.7/site-packages (from minio<6.0.0,>=4.0.9->seldon_core->-r requirements.txt (line 1)) (2.8.1)
Requirement already satisfied: pytz in /opt/conda/lib/python3.7/site-packages (from minio<6.0.0,>=4.0.9->seldon_core->-r requirements.txt (line 1)) (2020.1)
Requirement already satisfied: configparser in /opt/conda/lib/python3.7/site-packages (from minio<6.0.0,>=4.0.9->seldon_core->-r requirements.txt (line 1)) (5.0.0)
Requirement already satisfied: MarkupSafe>=0.23 in /opt/conda/lib/python3.7/site-packages (from Jinja2>=2.10.1->Flask<2.0.0->seldon_core->-r requirements.txt (line 1)) (1.1.1)
Requirement already satisfied: zipp>=0.5 in /opt/conda/lib/python3.7/site-packages (from importlib-metadata; python_version < "3.8"->jsonschema<4.0.0->seldon_core->-r requirements.txt (line 1)) (3.1.0)
Installing collected packages: scipy, scikit-learn, joblib
Successfully installed joblib-0.16.0 scikit-learn-0.20.3 scipy-1.5.2
Collecting pip-licenses
Downloading https://files.pythonhosted.org/packages/c5/50/6c4b4e69a0c43bd9f03a30579695093062ba72da4e3e4026cd2144dbcc71/pip_licenses-2.3.0-py3-none-any.whl
Collecting PTable (from pip-licenses)
Downloading https://files.pythonhosted.org/packages/ab/b3/b54301811173ca94119eb474634f120a49cd370f257d1aae5a4abaf12729/PTable-0.9.2.tar.gz
Building wheels for collected packages: PTable
Building wheel for PTable (setup.py): started
Building wheel for PTable (setup.py): finished with status 'done'
Created wheel for PTable: filename=PTable-0.9.2-cp37-none-any.whl size=22906 sha256=8d8bec356b75dbdedd430d40ab32c9b222faaba268e0772bd3f3874d208d0f18
Stored in directory: /root/.cache/pip/wheels/22/cc/2e/55980bfe86393df3e9896146a01f6802978d09d7ebcba5ea56
Successfully built PTable
Installing collected packages: PTable, pip-licenses
Successfully installed PTable-0.9.2 pip-licenses-2.3.0
created path: ./licenses/license_info.csv
created path: ./licenses/license.txt
After successful assembling
Build completed successfully
docker push seldonio/sklearnserver_rest:1.2.3-dev
The push refers to repository [docker.io/seldonio/sklearnserver_rest]
307ba70e3839: Preparing
68523b7546e1: Preparing
c7b2b29162ad: Preparing
66435f8e050b: Preparing
59ca18ec37b3: Preparing
7e656fcec888: Preparing
df9fa39bfd58: Preparing
0766588a057c: Preparing
5feaa8628ffa: Preparing
3d992ee17741: Preparing
64658a4160c4: Preparing
a73ff91af2b1: Preparing
637e0f8ee45c: Preparing
70056249a0e2: Preparing
226bfaae015f: Preparing
5feaa8628ffa: Waiting
64658a4160c4: Waiting
a73ff91af2b1: Waiting
637e0f8ee45c: Waiting
3d992ee17741: Waiting
70056249a0e2: Waiting
226bfaae015f: Waiting
df9fa39bfd58: Waiting
0766588a057c: Waiting
7e656fcec888: Waiting
59ca18ec37b3: Layer already exists
c7b2b29162ad: Layer already exists
66435f8e050b: Layer already exists
68523b7546e1: Layer already exists
0766588a057c: Layer already exists
7e656fcec888: Layer already exists
df9fa39bfd58: Layer already exists
5feaa8628ffa: Layer already exists
3d992ee17741: Layer already exists
64658a4160c4: Layer already exists
a73ff91af2b1: Layer already exists
637e0f8ee45c: Layer already exists
226bfaae015f: Layer already exists
70056249a0e2: Layer already exists
307ba70e3839: Pushed
1.2.3-dev: digest: sha256:7dcf391e23ad7d098c179a7e874685eb62e837004f4f6423cbb3d4ce3f778d89 size: 3466
docker push seldonio/sklearnserver_grpc:1.2.3-dev
The push refers to repository [docker.io/seldonio/sklearnserver_grpc]
9e97f9715cd5: Preparing
68523b7546e1: Preparing
c7b2b29162ad: Preparing
66435f8e050b: Preparing
59ca18ec37b3: Preparing
7e656fcec888: Preparing
df9fa39bfd58: Preparing
0766588a057c: Preparing
5feaa8628ffa: Preparing
3d992ee17741: Preparing
64658a4160c4: Preparing
a73ff91af2b1: Preparing
637e0f8ee45c: Preparing
70056249a0e2: Preparing
226bfaae015f: Preparing
3d992ee17741: Waiting
64658a4160c4: Waiting
a73ff91af2b1: Waiting
637e0f8ee45c: Waiting
7e656fcec888: Waiting
df9fa39bfd58: Waiting
70056249a0e2: Waiting
0766588a057c: Waiting
226bfaae015f: Waiting
68523b7546e1: Layer already exists
66435f8e050b: Layer already exists
59ca18ec37b3: Layer already exists
c7b2b29162ad: Layer already exists
0766588a057c: Layer already exists
df9fa39bfd58: Layer already exists
7e656fcec888: Layer already exists
5feaa8628ffa: Layer already exists
3d992ee17741: Layer already exists
a73ff91af2b1: Layer already exists
64658a4160c4: Layer already exists
637e0f8ee45c: Layer already exists
70056249a0e2: Layer already exists
226bfaae015f: Layer already exists
9e97f9715cd5: Pushed
1.2.3-dev: digest: sha256:be6139dae4c7066f63cd3f3503a385a6de94d3ef5827fbfdceb0c96c32f70abb size: 3466
make: Leaving directory '/workspace/source/servers/sklearnserver'
make: Entering directory '/workspace/source/servers/mlflowserver'
s2i build \
	-E environment_rest \
	./mlflowserver \
	seldonio/seldon-core-s2i-python37-ubi8:1.2.3-dev \
	seldonio/mlflowserver_rest:1.2.3-dev
Before assembling
---> Installing application source...
---> Installing dependencies ...
Looking in links: /whl
Processing ./python
Collecting pyyaml==5.1.2 (from -r requirements.txt (line 1))
  WARNING: Url '/whl' is ignored. It is either a non-existing path or lacks a specific scheme.
Downloading https://files.pythonhosted.org/packages/e3/e8/b3212641ee2718d556df0f23f78de8303f068fe29cdaa7a91018849582fe/PyYAML-5.1.2.tar.gz (265kB)
Requirement already satisfied: requests==2.22.0 in /opt/conda/lib/python3.7/site-packages (from -r requirements.txt (line 2)) (2.22.0)
Collecting mlflow<1.9.0,>=1.4.0 (from -r requirements.txt (line 3))
  WARNING: Url '/whl' is ignored. It is either a non-existing path or lacks a specific scheme.
Downloading https://files.pythonhosted.org/packages/9e/a7/40679fdb5ac44ad922902b560818682038be169f88c23ad719b9d1f82090/mlflow-1.8.0-py3-none-any.whl (10.4MB)
Collecting pandas (from -r requirements.txt (line 4))
  WARNING: Url '/whl' is ignored. It is either a non-existing path or lacks a specific scheme.
Downloading https://files.pythonhosted.org/packages/61/ed/10112535645ad7afd26c3b9defd20a32d9e42340b19c4f73ff26ccad06ee/pandas-1.1.1-cp37-cp37m-manylinux1_x86_64.whl (10.5MB)
Requirement already satisfied: Flask<2.0.0 in /opt/conda/lib/python3.7/site-packages (from seldon-core==1.2.3.dev0->-r requirements.txt (line 7)) (1.1.2)
Requirement already satisfied: jsonschema<4.0.0 in /opt/conda/lib/python3.7/site-packages (from seldon-core==1.2.3.dev0->-r requirements.txt (line 7)) (3.2.0)
Requirement already satisfied: Flask-cors<4.0.0 in /opt/conda/lib/python3.7/site-packages (from seldon-core==1.2.3.dev0->-r requirements.txt (line 7)) (3.0.9)
Requirement already satisfied: redis<4.0.0 in /opt/conda/lib/python3.7/site-packages (from seldon-core==1.2.3.dev0->-r requirements.txt (line 7)) (3.5.3)
Requirement already satisfied: numpy<2.0.0 in /opt/conda/lib/python3.7/site-packages (from seldon-core==1.2.3.dev0->-r requirements.txt (line 7)) (1.19.1)
Requirement already satisfied: flatbuffers<2.0.0 in /opt/conda/lib/python3.7/site-packages (from seldon-core==1.2.3.dev0->-r requirements.txt (line 7)) (1.12)
Requirement already satisfied: protobuf<4.0.0 in /opt/conda/lib/python3.7/site-packages (from seldon-core==1.2.3.dev0->-r requirements.txt (line 7)) (3.13.0)
Requirement already satisfied: grpcio<2.0.0 in /opt/conda/lib/python3.7/site-packages (from seldon-core==1.2.3.dev0->-r requirements.txt (line 7)) (1.31.0)
Requirement already satisfied: Flask-OpenTracing<1.2.0,>=1.1.0 in /opt/conda/lib/python3.7/site-packages (from seldon-core==1.2.3.dev0->-r requirements.txt (line 7)) (1.1.0)
Requirement already satisfied: opentracing<2.4.0,>=2.2.0 in /opt/conda/lib/python3.7/site-packages (from seldon-core==1.2.3.dev0->-r requirements.txt (line 7)) (2.3.0)
Requirement already satisfied: jaeger-client<4.4.0,>=4.1.0 in /opt/conda/lib/python3.7/site-packages (from seldon-core==1.2.3.dev0->-r requirements.txt (line 7)) (4.3.0)
Requirement already satisfied: grpcio-opentracing<1.2.0,>=1.1.4 in /opt/conda/lib/python3.7/site-packages (from seldon-core==1.2.3.dev0->-r requirements.txt (line 7)) (1.1.4)
Requirement already satisfied: gunicorn<20.1.0,>=19.9.0 in /opt/conda/lib/python3.7/site-packages (from seldon-core==1.2.3.dev0->-r requirements.txt (line 7)) (20.0.4)
Requirement already satisfied: minio<6.0.0,>=4.0.9 in /opt/conda/lib/python3.7/site-packages (from seldon-core==1.2.3.dev0->-r requirements.txt (line 7)) (5.0.10)
Requirement already satisfied: setuptools>=41.0.0 in /opt/conda/lib/python3.7/site-packages (from seldon-core==1.2.3.dev0->-r requirements.txt (line 7)) (41.4.0)
Requirement already satisfied: prometheus_client<0.9.0,>=0.7.1 in /opt/conda/lib/python3.7/site-packages (from seldon-core==1.2.3.dev0->-r requirements.txt (line 7)) (0.8.0)
Requirement already satisfied: idna<2.9,>=2.5 in /opt/conda/lib/python3.7/site-packages (from requests==2.22.0->-r requirements.txt (line 2)) (2.8)
Requirement already satisfied: urllib3!=1.25.0,!=1.25.1,<1.26,>=1.21.1 in /opt/conda/lib/python3.7/site-packages (from requests==2.22.0->-r requirements.txt (line 2)) (1.24.2)
Requirement already satisfied: certifi>=2017.4.17 in /opt/conda/lib/python3.7/site-packages (from requests==2.22.0->-r requirements.txt (line 2)) (2020.6.20)
Requirement already satisfied: chardet<3.1.0,>=3.0.2 in /opt/conda/lib/python3.7/site-packages (from requests==2.22.0->-r requirements.txt (line 2)) (3.0.4)
Collecting docker>=4.0.0 (from mlflow<1.9.0,>=1.4.0->-r requirements.txt (line 3))
  WARNING: Url '/whl' is ignored. It is either a non-existing path or lacks a specific scheme.
Downloading https://files.pythonhosted.org/packages/9e/8c/8d42dbd83679483db207535f4fb02dc84325fa78b290f057694b057fcd21/docker-4.3.1-py2.py3-none-any.whl (145kB)
Collecting sqlparse (from mlflow<1.9.0,>=1.4.0->-r requirements.txt (line 3))
  WARNING: Url '/whl' is ignored. It is either a non-existing path or lacks a specific scheme.
Downloading https://files.pythonhosted.org/packages/85/ee/6e821932f413a5c4b76be9c5936e313e4fc626b33f16e027866e1d60f588/sqlparse-0.3.1-py2.py3-none-any.whl (40kB)
Collecting cloudpickle (from mlflow<1.9.0,>=1.4.0->-r requirements.txt (line 3))
  WARNING: Url '/whl' is ignored. It is either a non-existing path or lacks a specific scheme.
Downloading https://files.pythonhosted.org/packages/e7/e3/898487e5dbeb612054cf2e0c188463acb358167fef749c53c8bb8918cea1/cloudpickle-1.6.0-py3-none-any.whl
Collecting alembic (from mlflow<1.9.0,>=1.4.0->-r requirements.txt (line 3))
  WARNING: Url '/whl' is ignored. It is either a non-existing path or lacks a specific scheme.
Downloading https://files.pythonhosted.org/packages/60/1e/cabc75a189de0fbb2841d0975243e59bde8b7822bacbb95008ac6fe9ad47/alembic-1.4.2.tar.gz (1.1MB)
Installing build dependencies: started
Installing build dependencies: finished with status 'done'
Getting requirements to build wheel: started
Getting requirements to build wheel: finished with status 'done'
Preparing wheel metadata: started
Preparing wheel metadata: finished with status 'done'
Collecting prometheus-flask-exporter (from mlflow<1.9.0,>=1.4.0->-r requirements.txt (line 3))
  WARNING: Url '/whl' is ignored. It is either a non-existing path or lacks a specific scheme.
Downloading https://files.pythonhosted.org/packages/55/ab/b040c4b47054912274db2339e53eb51a3a52788181a055033aa53b693d62/prometheus_flask_exporter-0.16.5.tar.gz
Collecting gitpython>=2.1.0 (from mlflow<1.9.0,>=1.4.0->-r requirements.txt (line 3))
  WARNING: Url '/whl' is ignored. It is either a non-existing path or lacks a specific scheme.
Downloading https://files.pythonhosted.org/packages/f9/1e/a45320cab182bf1c8656107b3d4c042e659742822fc6bff150d769a984dd/GitPython-3.1.7-py3-none-any.whl (158kB)
Requirement already satisfied: six>=1.10.0 in /opt/conda/lib/python3.7/site-packages (from mlflow<1.9.0,>=1.4.0->-r requirements.txt (line 3)) (1.12.0)
Collecting simplejson (from mlflow<1.9.0,>=1.4.0->-r requirements.txt (line 3))
  WARNING: Url '/whl' is ignored. It is either a non-existing path or lacks a specific scheme.
Downloading https://files.pythonhosted.org/packages/a8/04/377418ac1e530ce2a196b54c6552c018fdf1fe776718053efb1f216bffcd/simplejson-3.17.2-cp37-cp37m-manylinux2010_x86_64.whl (128kB)
Collecting querystring-parser (from mlflow<1.9.0,>=1.4.0->-r requirements.txt (line 3))
  WARNING: Url '/whl' is ignored. It is either a non-existing path or lacks a specific scheme.
Downloading https://files.pythonhosted.org/packages/4a/fa/f54f5662e0eababf0c49e92fd94bf178888562c0e7b677c8941bbbcd1bd6/querystring_parser-1.2.4.tar.gz
Collecting entrypoints (from mlflow<1.9.0,>=1.4.0->-r requirements.txt (line 3))
  WARNING: Url '/whl' is ignored. It is either a non-existing path or lacks a specific scheme.
Downloading https://files.pythonhosted.org/packages/ac/c6/44694103f8c221443ee6b0041f69e2740d89a25641e62fb4f2ee568f2f9c/entrypoints-0.3-py2.py3-none-any.whl
Collecting gorilla (from mlflow<1.9.0,>=1.4.0->-r requirements.txt (line 3))
  WARNING: Url '/whl' is ignored. It is either a non-existing path or lacks a specific scheme.
Downloading https://files.pythonhosted.org/packages/e3/56/5a683944cbfc77e429c6f03c636ca50504a785f60ffae91ddd7f5f7bb520/gorilla-0.3.0-py2.py3-none-any.whl
Collecting databricks-cli>=0.8.7 (from mlflow<1.9.0,>=1.4.0->-r requirements.txt (line 3))
  WARNING: Url '/whl' is ignored. It is either a non-existing path or lacks a specific scheme.
Downloading https://files.pythonhosted.org/packages/1e/57/5c2d6b83cb8753d12f548e89f91037632baa8289677c1b2ab2adf14bf6b2/databricks-cli-0.11.0.tar.gz (49kB)
Requirement already satisfied: click>=7.0 in /opt/conda/lib/python3.7/site-packages (from mlflow<1.9.0,>=1.4.0->-r requirements.txt (line 3)) (7.1.2)
Collecting sqlalchemy<=1.3.13 (from mlflow<1.9.0,>=1.4.0->-r requirements.txt (line 3))
  WARNING: Url '/whl' is ignored. It is either a non-existing path or lacks a specific scheme.
Downloading https://files.pythonhosted.org/packages/af/47/35edeb0f86c0b44934c05d961c893e223ef27e79e1f53b5e6f14820ff553/SQLAlchemy-1.3.13.tar.gz (6.0MB)
Requirement already satisfied: python-dateutil in /opt/conda/lib/python3.7/site-packages (from mlflow<1.9.0,>=1.4.0->-r requirements.txt (line 3)) (2.8.1)
Requirement already satisfied: pytz>=2017.2 in /opt/conda/lib/python3.7/site-packages (from pandas->-r requirements.txt (line 4)) (2020.1)
Requirement already satisfied: itsdangerous>=0.24 in /opt/conda/lib/python3.7/site-packages (from Flask<2.0.0->seldon-core==1.2.3.dev0->-r requirements.txt (line 7)) (1.1.0)
Requirement already satisfied: Jinja2>=2.10.1 in /opt/conda/lib/python3.7/site-packages (from Flask<2.0.0->seldon-core==1.2.3.dev0->-r requirements.txt (line 7)) (2.11.2)
Requirement already satisfied: Werkzeug>=0.15 in /opt/conda/lib/python3.7/site-packages (from Flask<2.0.0->seldon-core==1.2.3.dev0->-r requirements.txt (line 7)) (1.0.1)
Requirement already satisfied: attrs>=17.4.0 in /opt/conda/lib/python3.7/site-packages (from jsonschema<4.0.0->seldon-core==1.2.3.dev0->-r requirements.txt (line 7)) (20.1.0)
Requirement already satisfied: importlib-metadata; python_version < "3.8" in /opt/conda/lib/python3.7/site-packages (from jsonschema<4.0.0->seldon-core==1.2.3.dev0->-r requirements.txt (line 7)) (1.7.0)
Requirement already satisfied: pyrsistent>=0.14.0 in /opt/conda/lib/python3.7/site-packages (from jsonschema<4.0.0->seldon-core==1.2.3.dev0->-r requirements.txt (line 7)) (0.16.0)
Requirement already satisfied: thrift in /opt/conda/lib/python3.7/site-packages (from jaeger-client<4.4.0,>=4.1.0->seldon-core==1.2.3.dev0->-r requirements.txt (line 7)) (0.13.0)
Requirement already satisfied: tornado>=4.3 in /opt/conda/lib/python3.7/site-packages (from jaeger-client<4.4.0,>=4.1.0->seldon-core==1.2.3.dev0->-r requirements.txt (line 7)) (6.0.4)
Requirement already satisfied: threadloop<2,>=1 in /opt/conda/lib/python3.7/site-packages (from jaeger-client<4.4.0,>=4.1.0->seldon-core==1.2.3.dev0->-r requirements.txt (line 7)) (1.0.2)
Requirement already satisfied: configparser in /opt/conda/lib/python3.7/site-packages (from minio<6.0.0,>=4.0.9->seldon-core==1.2.3.dev0->-r requirements.txt (line 7)) (5.0.0)
Collecting websocket-client>=0.32.0 (from docker>=4.0.0->mlflow<1.9.0,>=1.4.0->-r requirements.txt (line 3))
  WARNING: Url '/whl' is ignored. It is either a non-existing path or lacks a specific scheme.
Downloading https://files.pythonhosted.org/packages/4c/5f/f61b420143ed1c8dc69f9eaec5ff1ac36109d52c80de49d66e0c36c3dfdf/websocket_client-0.57.0-py2.py3-none-any.whl (200kB)
Collecting Mako (from alembic->mlflow<1.9.0,>=1.4.0->-r requirements.txt (line 3))
  WARNING: Url '/whl' is ignored. It is either a non-existing path or lacks a specific scheme.
Downloading https://files.pythonhosted.org/packages/a6/37/0e706200d22172eb8fa17d68a7ae22dec7631a0a92266634fb518a88a5b2/Mako-1.1.3-py2.py3-none-any.whl (75kB)
Collecting python-editor>=0.3 (from alembic->mlflow<1.9.0,>=1.4.0->-r requirements.txt (line 3))
  WARNING: Url '/whl' is ignored. It is either a non-existing path or lacks a specific scheme.
Downloading https://files.pythonhosted.org/packages/c6/d3/201fc3abe391bbae6606e6f1d598c15d367033332bd54352b12f35513717/python_editor-1.0.4-py3-none-any.whl
Collecting gitdb<5,>=4.0.1 (from gitpython>=2.1.0->mlflow<1.9.0,>=1.4.0->-r requirements.txt (line 3))
  WARNING: Url '/whl' is ignored. It is either a non-existing path or lacks a specific scheme.
Downloading https://files.pythonhosted.org/packages/48/11/d1800bca0a3bae820b84b7d813ad1eff15a48a64caea9c823fc8c1b119e8/gitdb-4.0.5-py3-none-any.whl (63kB)
Collecting tabulate>=0.7.7 (from databricks-cli>=0.8.7->mlflow<1.9.0,>=1.4.0->-r requirements.txt (line 3))
  WARNING: Url '/whl' is ignored. It is either a non-existing path or lacks a specific scheme.
Downloading https://files.pythonhosted.org/packages/c4/f4/770ae9385990f5a19a91431163d262182d3203662ea2b5739d0fcfc080f1/tabulate-0.8.7-py3-none-any.whl
Requirement already satisfied: MarkupSafe>=0.23 in /opt/conda/lib/python3.7/site-packages (from Jinja2>=2.10.1->Flask<2.0.0->seldon-core==1.2.3.dev0->-r requirements.txt (line 7)) (1.1.1)
Requirement already satisfied: zipp>=0.5 in /opt/conda/lib/python3.7/site-packages (from importlib-metadata; python_version < "3.8"->jsonschema<4.0.0->seldon-core==1.2.3.dev0->-r requirements.txt (line 7)) (3.1.0)
Collecting smmap<4,>=3.0.1 (from gitdb<5,>=4.0.1->gitpython>=2.1.0->mlflow<1.9.0,>=1.4.0->-r requirements.txt (line 3))
  WARNING: Url '/whl' is ignored. It is either a non-existing path or lacks a specific scheme.
Downloading https://files.pythonhosted.org/packages/b0/9a/4d409a6234eb940e6a78dfdfc66156e7522262f5f2fecca07dc55915952d/smmap-3.0.4-py2.py3-none-any.whl
Building wheels for collected packages: alembic
Building wheel for alembic (PEP 517): started
Building wheel for alembic (PEP 517): finished with status 'done'
Created wheel for alembic: filename=alembic-1.4.2-cp37-none-any.whl size=159540 sha256=d9337a659fc6685bc39d7af1c2b10baf452085e51907168ad9cf5337d2e95bde
Stored in directory: /root/.cache/pip/wheels/1f/04/83/76023f7a4c14688c0b5c2682a96392cfdd3ee4449eaaa287ef
Successfully built alembic
Building wheels for collected packages: pyyaml, seldon-core, prometheus-flask-exporter, querystring-parser, databricks-cli, sqlalchemy
Building wheel for pyyaml (setup.py): started
Building wheel for pyyaml (setup.py): finished with status 'done'
Created wheel for pyyaml: filename=PyYAML-5.1.2-cp37-cp37m-linux_x86_64.whl size=44103 sha256=b65a323ebab2dc3bb9a7848d2ebe2f1fa342d144a9ceaea5b87b868e71994583
Stored in directory: /root/.cache/pip/wheels/d9/45/dd/65f0b38450c47cf7e5312883deb97d065e030c5cca0a365030
Building wheel for seldon-core (setup.py): started
Building wheel for seldon-core (setup.py): finished with status 'done'
Created wheel for seldon-core: filename=seldon_core-1.2.3.dev0-cp37-none-any.whl size=108210 sha256=b5bf3308a98cc2133ad5142528bf412ed768a6ec145f16b58674524329af7be2
Stored in directory: /tmp/pip-ephem-wheel-cache-rbxmjl45/wheels/a9/90/3f/f23037410d33e3a8e88ef02b095497c44983a6bd1787519d77
Building wheel for prometheus-flask-exporter (setup.py): started
Building wheel for prometheus-flask-exporter (setup.py): finished with status 'done'
Created wheel for prometheus-flask-exporter: filename=prometheus_flask_exporter-0.16.5-cp37-none-any.whl size=16810 sha256=f4acadbc4c6ab27673742b28d2fea780c322d008f8f8d142f777039407886524
Stored in directory: /root/.cache/pip/wheels/2f/27/62/a782b6e41acbdfa3cb4a332bbad8e163ed6602f09f9026769c
Building wheel for querystring-parser (setup.py): started
Building wheel for querystring-parser (setup.py): finished with status 'done'
Created wheel for querystring-parser: filename=querystring_parser-1.2.4-cp37-none-any.whl size=7079 sha256=442d7ab60362b9daf40d0d4668caa0e9c730c2b54f29c4d746b67788efec46ba
Stored in directory: /root/.cache/pip/wheels/1e/41/34/23ebf5d1089a9aed847951e0ee375426eb4ad0a7079d88d41e
Building wheel for databricks-cli (setup.py): started
Building wheel for databricks-cli (setup.py): finished with status 'done'
Created wheel for databricks-cli: filename=databricks_cli-0.11.0-cp37-none-any.whl size=90300 sha256=d1f08ac230375718595939d4e7a5bcdbe359568a79ab62bbec823b610a5cced2
Stored in directory: /root/.cache/pip/wheels/63/d0/4f/3deeca1f4c47a6aca7c2c6a6e2bf272391565dc86a7718a59b
Building wheel for sqlalchemy (setup.py): started
Building wheel for sqlalchemy (setup.py): finished with status 'done'
Created wheel for sqlalchemy: filename=SQLAlchemy-1.3.13-cp37-cp37m-linux_x86_64.whl size=1224271 sha256=7762af351a91675e67d5f262a2eaef927d429b4fe5ea7b2757510663d68f7dc7
Stored in directory: /root/.cache/pip/wheels/b3/35/98/4c9cb3fd63d21d5606b972dd70643769745adf60e622467b71
Successfully built pyyaml seldon-core prometheus-flask-exporter querystring-parser databricks-cli sqlalchemy
Installing collected packages: pyyaml, websocket-client, docker, pandas, sqlparse, cloudpickle, Mako, sqlalchemy, python-editor, alembic, prometheus-flask-exporter, smmap, gitdb, gitpython, simplejson, querystring-parser, entrypoints, gorilla, tabulate, databricks-cli, mlflow, seldon-core
Found existing installation: PyYAML 5.3.1
Uninstalling PyYAML-5.3.1:
Successfully uninstalled PyYAML-5.3.1
Found existing installation: seldon-core 1.2.3.dev0
Uninstalling seldon-core-1.2.3.dev0:
Successfully uninstalled seldon-core-1.2.3.dev0
Successfully installed Mako-1.1.3 alembic-1.4.2 cloudpickle-1.6.0 databricks-cli-0.11.0 docker-4.3.1 entrypoints-0.3 gitdb-4.0.5 gitpython-3.1.7 gorilla-0.3.0 mlflow-1.8.0 pandas-1.1.1 prometheus-flask-exporter-0.16.5 python-editor-1.0.4 pyyaml-5.1.2 querystring-parser-1.2.4 seldon-core-1.2.3.dev0 simplejson-3.17.2 smmap-3.0.4 sqlalchemy-1.3.13 sqlparse-0.3.1 tabulate-0.8.7 websocket-client-0.57.0
Collecting pip-licenses
Downloading https://files.pythonhosted.org/packages/c5/50/6c4b4e69a0c43bd9f03a30579695093062ba72da4e3e4026cd2144dbcc71/pip_licenses-2.3.0-py3-none-any.whl
Collecting PTable (from pip-licenses)
Downloading https://files.pythonhosted.org/packages/ab/b3/b54301811173ca94119eb474634f120a49cd370f257d1aae5a4abaf12729/PTable-0.9.2.tar.gz
Building wheels for collected packages: PTable
Building wheel for PTable (setup.py): started
Building wheel for PTable (setup.py): finished with status 'done'
Created wheel for PTable: filename=PTable-0.9.2-cp37-none-any.whl size=22906 sha256=2ff42471c573026a9dbe834af313600f93a9d26a7dbfd29d23d9df3094eca0f9
Stored in directory: /root/.cache/pip/wheels/22/cc/2e/55980bfe86393df3e9896146a01f6802978d09d7ebcba5ea56
Successfully built PTable
Installing collected packages: PTable, pip-licenses
Successfully installed PTable-0.9.2 pip-licenses-2.3.0
created path: ./licenses/license_info.csv
created path: ./licenses/license.txt
After successful assembling
Build completed successfully
s2i build \
	-E environment_grpc \
	./mlflowserver \
	seldonio/seldon-core-s2i-python37-ubi8:1.2.3-dev \
	seldonio/mlflowserver_grpc:1.2.3-dev
Before assembling
---> Installing application source...
---> Installing dependencies ...
Looking in links: /whl
Processing ./python
  WARNING: Url '/whl' is ignored. It is either a non-existing path or lacks a specific scheme.
Collecting pyyaml==5.1.2 (from -r requirements.txt (line 1))
Downloading https://files.pythonhosted.org/packages/e3/e8/b3212641ee2718d556df0f23f78de8303f068fe29cdaa7a91018849582fe/PyYAML-5.1.2.tar.gz (265kB)
Requirement already satisfied: requests==2.22.0 in /opt/conda/lib/python3.7/site-packages (from -r requirements.txt (line 2)) (2.22.0)
Collecting mlflow<1.9.0,>=1.4.0 (from -r requirements.txt (line 3))
  WARNING: Url '/whl' is ignored. It is either a non-existing path or lacks a specific scheme.
Downloading https://files.pythonhosted.org/packages/9e/a7/40679fdb5ac44ad922902b560818682038be169f88c23ad719b9d1f82090/mlflow-1.8.0-py3-none-any.whl (10.4MB)
Collecting pandas (from -r requirements.txt (line 4))
  WARNING: Url '/whl' is ignored. It is either a non-existing path or lacks a specific scheme.
Downloading https://files.pythonhosted.org/packages/61/ed/10112535645ad7afd26c3b9defd20a32d9e42340b19c4f73ff26ccad06ee/pandas-1.1.1-cp37-cp37m-manylinux1_x86_64.whl (10.5MB)
Requirement already satisfied: Flask<2.0.0 in /opt/conda/lib/python3.7/site-packages (from seldon-core==1.2.3.dev0->-r requirements.txt (line 7)) (1.1.2)
Requirement already satisfied: jsonschema<4.0.0 in /opt/conda/lib/python3.7/site-packages (from seldon-core==1.2.3.dev0->-r requirements.txt (line 7)) (3.2.0)
Requirement already satisfied: Flask-cors<4.0.0 in /opt/conda/lib/python3.7/site-packages (from seldon-core==1.2.3.dev0->-r requirements.txt (line 7)) (3.0.9)
Requirement already satisfied: redis<4.0.0 in /opt/conda/lib/python3.7/site-packages (from seldon-core==1.2.3.dev0->-r requirements.txt (line 7)) (3.5.3)
Requirement already satisfied: numpy<2.0.0 in /opt/conda/lib/python3.7/site-packages (from seldon-core==1.2.3.dev0->-r requirements.txt (line 7)) (1.19.1)
Requirement already satisfied: flatbuffers<2.0.0 in /opt/conda/lib/python3.7/site-packages (from seldon-core==1.2.3.dev0->-r requirements.txt (line 7)) (1.12)
Requirement already satisfied: protobuf<4.0.0 in /opt/conda/lib/python3.7/site-packages (from seldon-core==1.2.3.dev0->-r requirements.txt (line 7)) (3.13.0)
Requirement already satisfied: grpcio<2.0.0 in /opt/conda/lib/python3.7/site-packages (from seldon-core==1.2.3.dev0->-r requirements.txt (line 7)) (1.31.0)
Requirement already satisfied: Flask-OpenTracing<1.2.0,>=1.1.0 in /opt/conda/lib/python3.7/site-packages (from seldon-core==1.2.3.dev0->-r requirements.txt (line 7)) (1.1.0)
Requirement already satisfied: opentracing<2.4.0,>=2.2.0 in /opt/conda/lib/python3.7/site-packages (from seldon-core==1.2.3.dev0->-r requirements.txt (line 7)) (2.3.0)
Requirement already satisfied: jaeger-client<4.4.0,>=4.1.0 in /opt/conda/lib/python3.7/site-packages (from seldon-core==1.2.3.dev0->-r requirements.txt (line 7)) (4.3.0)
Requirement already satisfied: grpcio-opentracing<1.2.0,>=1.1.4 in /opt/conda/lib/python3.7/site-packages (from seldon-core==1.2.3.dev0->-r requirements.txt (line 7)) (1.1.4)
Requirement already satisfied: gunicorn<20.1.0,>=19.9.0 in /opt/conda/lib/python3.7/site-packages (from seldon-core==1.2.3.dev0->-r requirements.txt (line 7)) (20.0.4)
Requirement already satisfied: minio<6.0.0,>=4.0.9 in /opt/conda/lib/python3.7/site-packages (from seldon-core==1.2.3.dev0->-r requirements.txt (line 7)) (5.0.10)
Requirement already satisfied: setuptools>=41.0.0 in /opt/conda/lib/python3.7/site-packages (from seldon-core==1.2.3.dev0->-r requirements.txt (line 7)) (41.4.0)
Requirement already satisfied: prometheus_client<0.9.0,>=0.7.1 in /opt/conda/lib/python3.7/site-packages (from seldon-core==1.2.3.dev0->-r requirements.txt (line 7)) (0.8.0)
Requirement already satisfied: idna<2.9,>=2.5 in /opt/conda/lib/python3.7/site-packages (from requests==2.22.0->-r requirements.txt (line 2)) (2.8)
Requirement already satisfied: urllib3!=1.25.0,!=1.25.1,<1.26,>=1.21.1 in /opt/conda/lib/python3.7/site-packages (from requests==2.22.0->-r requirements.txt (line 2)) (1.24.2)
Requirement already satisfied: certifi>=2017.4.17 in /opt/conda/lib/python3.7/site-packages (from requests==2.22.0->-r requirements.txt (line 2)) (2020.6.20)
Requirement already satisfied: chardet<3.1.0,>=3.0.2 in /opt/conda/lib/python3.7/site-packages (from requests==2.22.0->-r requirements.txt (line 2)) (3.0.4)
Collecting docker>=4.0.0 (from mlflow<1.9.0,>=1.4.0->-r requirements.txt (line 3))
  WARNING: Url '/whl' is ignored. It is either a non-existing path or lacks a specific scheme.
Downloading https://files.pythonhosted.org/packages/9e/8c/8d42dbd83679483db207535f4fb02dc84325fa78b290f057694b057fcd21/docker-4.3.1-py2.py3-none-any.whl (145kB)
Collecting querystring-parser (from mlflow<1.9.0,>=1.4.0->-r requirements.txt (line 3))
  WARNING: Url '/whl' is ignored. It is either a non-existing path or lacks a specific scheme.
Downloading https://files.pythonhosted.org/packages/4a/fa/f54f5662e0eababf0c49e92fd94bf178888562c0e7b677c8941bbbcd1bd6/querystring_parser-1.2.4.tar.gz
Requirement already satisfied: click>=7.0 in /opt/conda/lib/python3.7/site-packages (from mlflow<1.9.0,>=1.4.0->-r requirements.txt (line 3)) (7.1.2)
Collecting sqlparse (from mlflow<1.9.0,>=1.4.0->-r requirements.txt (line 3))
  WARNING: Url '/whl' is ignored. It is either a non-existing path or lacks a specific scheme.
Downloading https://files.pythonhosted.org/packages/85/ee/6e821932f413a5c4b76be9c5936e313e4fc626b33f16e027866e1d60f588/sqlparse-0.3.1-py2.py3-none-any.whl (40kB)
Collecting alembic (from mlflow<1.9.0,>=1.4.0->-r requirements.txt (line 3))
  WARNING: Url '/whl' is ignored. It is either a non-existing path or lacks a specific scheme.
Downloading https://files.pythonhosted.org/packages/60/1e/cabc75a189de0fbb2841d0975243e59bde8b7822bacbb95008ac6fe9ad47/alembic-1.4.2.tar.gz (1.1MB)
Installing build dependencies: started
Installing build dependencies: finished with status 'done'
Getting requirements to build wheel: started
Getting requirements to build wheel: finished with status 'done'
Preparing wheel metadata: started
Preparing wheel metadata: finished with status 'done'
Collecting sqlalchemy<=1.3.13 (from mlflow<1.9.0,>=1.4.0->-r requirements.txt (line 3))
  WARNING: Url '/whl' is ignored. It is either a non-existing path or lacks a specific scheme.
Downloading https://files.pythonhosted.org/packages/af/47/35edeb0f86c0b44934c05d961c893e223ef27e79e1f53b5e6f14820ff553/SQLAlchemy-1.3.13.tar.gz (6.0MB)
Collecting simplejson (from mlflow<1.9.0,>=1.4.0->-r requirements.txt (line 3))
  WARNING: Url '/whl' is ignored. It is either a non-existing path or lacks a specific scheme.
Downloading https://files.pythonhosted.org/packages/a8/04/377418ac1e530ce2a196b54c6552c018fdf1fe776718053efb1f216bffcd/simplejson-3.17.2-cp37-cp37m-manylinux2010_x86_64.whl (128kB)
Collecting cloudpickle (from mlflow<1.9.0,>=1.4.0->-r requirements.txt (line 3))
  WARNING: Url '/whl' is ignored. It is either a non-existing path or lacks a specific scheme.
Downloading https://files.pythonhosted.org/packages/e7/e3/898487e5dbeb612054cf2e0c188463acb358167fef749c53c8bb8918cea1/cloudpickle-1.6.0-py3-none-any.whl
Collecting entrypoints (from mlflow<1.9.0,>=1.4.0->-r requirements.txt (line 3))
  WARNING: Url '/whl' is ignored. It is either a non-existing path or lacks a specific scheme.
Downloading https://files.pythonhosted.org/packages/ac/c6/44694103f8c221443ee6b0041f69e2740d89a25641e62fb4f2ee568f2f9c/entrypoints-0.3-py2.py3-none-any.whl
Requirement already satisfied: six>=1.10.0 in /opt/conda/lib/python3.7/site-packages (from mlflow<1.9.0,>=1.4.0->-r requirements.txt (line 3)) (1.12.0)
Collecting databricks-cli>=0.8.7 (from mlflow<1.9.0,>=1.4.0->-r requirements.txt (line 3))
  WARNING: Url '/whl' is ignored. It is either a non-existing path or lacks a specific scheme.
Downloading https://files.pythonhosted.org/packages/1e/57/5c2d6b83cb8753d12f548e89f91037632baa8289677c1b2ab2adf14bf6b2/databricks-cli-0.11.0.tar.gz (49kB)
Collecting gitpython>=2.1.0 (from mlflow<1.9.0,>=1.4.0->-r requirements.txt (line 3))
  WARNING: Url '/whl' is ignored. It is either a non-existing path or lacks a specific scheme.
Downloading https://files.pythonhosted.org/packages/f9/1e/a45320cab182bf1c8656107b3d4c042e659742822fc6bff150d769a984dd/GitPython-3.1.7-py3-none-any.whl (158kB)
Requirement already satisfied: python-dateutil in /opt/conda/lib/python3.7/site-packages (from mlflow<1.9.0,>=1.4.0->-r requirements.txt (line 3)) (2.8.1)
Collecting gorilla (from mlflow<1.9.0,>=1.4.0->-r requirements.txt (line 3))
  WARNING: Url '/whl' is ignored. It is either a non-existing path or lacks a specific scheme.
Downloading https://files.pythonhosted.org/packages/e3/56/5a683944cbfc77e429c6f03c636ca50504a785f60ffae91ddd7f5f7bb520/gorilla-0.3.0-py2.py3-none-any.whl
Collecting prometheus-flask-exporter (from mlflow<1.9.0,>=1.4.0->-r requirements.txt (line 3))
  WARNING: Url '/whl' is ignored. It is either a non-existing path or lacks a specific scheme.
Downloading https://files.pythonhosted.org/packages/55/ab/b040c4b47054912274db2339e53eb51a3a52788181a055033aa53b693d62/prometheus_flask_exporter-0.16.5.tar.gz
Requirement already satisfied: pytz>=2017.2 in /opt/conda/lib/python3.7/site-packages (from pandas->-r requirements.txt (line 4)) (2020.1)
Requirement already satisfied: Werkzeug>=0.15 in /opt/conda/lib/python3.7/site-packages (from Flask<2.0.0->seldon-core==1.2.3.dev0->-r requirements.txt (line 7)) (1.0.1)
Requirement already satisfied: Jinja2>=2.10.1 in /opt/conda/lib/python3.7/site-packages (from Flask<2.0.0->seldon-core==1.2.3.dev0->-r requirements.txt (line 7)) (2.11.2)
Requirement already satisfied: itsdangerous>=0.24 in /opt/conda/lib/python3.7/site-packages (from Flask<2.0.0->seldon-core==1.2.3.dev0->-r requirements.txt (line 7)) (1.1.0)
Requirement already satisfied: importlib-metadata; python_version < "3.8" in /opt/conda/lib/python3.7/site-packages (from jsonschema<4.0.0->seldon-core==1.2.3.dev0->-r requirements.txt (line 7)) (1.7.0)
Requirement already satisfied: pyrsistent>=0.14.0 in /opt/conda/lib/python3.7/site-packages (from jsonschema<4.0.0->seldon-core==1.2.3.dev0->-r requirements.txt (line 7)) (0.16.0)
Requirement already satisfied: attrs>=17.4.0 in /opt/conda/lib/python3.7/site-packages (from jsonschema<4.0.0->seldon-core==1.2.3.dev0->-r requirements.txt (line 7)) (20.1.0)
Requirement already satisfied: thrift in /opt/conda/lib/python3.7/site-packages (from jaeger-client<4.4.0,>=4.1.0->seldon-core==1.2.3.dev0->-r requirements.txt (line 7)) (0.13.0)
Requirement already satisfied: tornado>=4.3 in /opt/conda/lib/python3.7/site-packages (from jaeger-client<4.4.0,>=4.1.0->seldon-core==1.2.3.dev0->-r requirements.txt (line 7)) (6.0.4)
Requirement already satisfied: threadloop<2,>=1 in /opt/conda/lib/python3.7/site-packages (from jaeger-client<4.4.0,>=4.1.0->seldon-core==1.2.3.dev0->-r requirements.txt (line 7)) (1.0.2)
Requirement already satisfied: configparser in /opt/conda/lib/python3.7/site-packages (from minio<6.0.0,>=4.0.9->seldon-core==1.2.3.dev0->-r requirements.txt (line 7)) (5.0.0)
Collecting websocket-client>=0.32.0 (from docker>=4.0.0->mlflow<1.9.0,>=1.4.0->-r requirements.txt (line 3))
  WARNING: Url '/whl' is ignored. It is either a non-existing path or lacks a specific scheme.
Downloading https://files.pythonhosted.org/packages/4c/5f/f61b420143ed1c8dc69f9eaec5ff1ac36109d52c80de49d66e0c36c3dfdf/websocket_client-0.57.0-py2.py3-none-any.whl (200kB)
Collecting Mako (from alembic->mlflow<1.9.0,>=1.4.0->-r requirements.txt (line 3))
  WARNING: Url '/whl' is ignored. It is either a non-existing path or lacks a specific scheme.
Downloading https://files.pythonhosted.org/packages/a6/37/0e706200d22172eb8fa17d68a7ae22dec7631a0a92266634fb518a88a5b2/Mako-1.1.3-py2.py3-none-any.whl (75kB)
Collecting python-editor>=0.3 (from alembic->mlflow<1.9.0,>=1.4.0->-r requirements.txt (line 3))
  WARNING: Url '/whl' is ignored. It is either a non-existing path or lacks a specific scheme.
Downloading https://files.pythonhosted.org/packages/c6/d3/201fc3abe391bbae6606e6f1d598c15d367033332bd54352b12f35513717/python_editor-1.0.4-py3-none-any.whl
Collecting tabulate>=0.7.7 (from databricks-cli>=0.8.7->mlflow<1.9.0,>=1.4.0->-r requirements.txt (line 3))
  WARNING: Url '/whl' is ignored. It is either a non-existing path or lacks a specific scheme.
Downloading https://files.pythonhosted.org/packages/c4/f4/770ae9385990f5a19a91431163d262182d3203662ea2b5739d0fcfc080f1/tabulate-0.8.7-py3-none-any.whl
Collecting gitdb<5,>=4.0.1 (from gitpython>=2.1.0->mlflow<1.9.0,>=1.4.0->-r requirements.txt (line 3))
  WARNING: Url '/whl' is ignored. It is either a non-existing path or lacks a specific scheme.
Downloading https://files.pythonhosted.org/packages/48/11/d1800bca0a3bae820b84b7d813ad1eff15a48a64caea9c823fc8c1b119e8/gitdb-4.0.5-py3-none-any.whl (63kB)
Requirement already satisfied: MarkupSafe>=0.23 in /opt/conda/lib/python3.7/site-packages (from Jinja2>=2.10.1->Flask<2.0.0->seldon-core==1.2.3.dev0->-r requirements.txt (line 7)) (1.1.1)
Requirement already satisfied: zipp>=0.5 in /opt/conda/lib/python3.7/site-packages (from importlib-metadata; python_version < "3.8"->jsonschema<4.0.0->seldon-core==1.2.3.dev0->-r requirements.txt (line 7)) (3.1.0)
Collecting smmap<4,>=3.0.1 (from gitdb<5,>=4.0.1->gitpython>=2.1.0->mlflow<1.9.0,>=1.4.0->-r requirements.txt (line 3))
  WARNING: Url '/whl' is ignored. It is either a non-existing path or lacks a specific scheme.
Downloading https://files.pythonhosted.org/packages/b0/9a/4d409a6234eb940e6a78dfdfc66156e7522262f5f2fecca07dc55915952d/smmap-3.0.4-py2.py3-none-any.whl
Building wheels for collected packages: alembic
Building wheel for alembic (PEP 517): started
Building wheel for alembic (PEP 517): finished with status 'done'
Created wheel for alembic: filename=alembic-1.4.2-cp37-none-any.whl size=159540 sha256=51aa2394866d3453e9bb4d895d9c1751e010032d6ec1adb1f7609f73f1f68137
Stored in directory: /root/.cache/pip/wheels/1f/04/83/76023f7a4c14688c0b5c2682a96392cfdd3ee4449eaaa287ef
Successfully built alembic
Building wheels for collected packages: pyyaml, seldon-core, querystring-parser, sqlalchemy, databricks-cli, prometheus-flask-exporter
Building wheel for pyyaml (setup.py): started
Building wheel for pyyaml (setup.py): finished with status 'done'
Created wheel for pyyaml: filename=PyYAML-5.1.2-cp37-cp37m-linux_x86_64.whl size=44103 sha256=09e28d2d5034b4f543339ff7072846c14855fc7a016567bacbf6bdb29902db3d
Stored in directory: /root/.cache/pip/wheels/d9/45/dd/65f0b38450c47cf7e5312883deb97d065e030c5cca0a365030
Building wheel for seldon-core (setup.py): started
Building wheel for seldon-core (setup.py): finished with status 'done'
Created wheel for seldon-core: filename=seldon_core-1.2.3.dev0-cp37-none-any.whl size=108211 sha256=fab4dca17cab15ec6b5188b8f56259014547a052952ea1c839748b4099a29496
Stored in directory: /tmp/pip-ephem-wheel-cache-mwdjrie9/wheels/a9/90/3f/f23037410d33e3a8e88ef02b095497c44983a6bd1787519d77
Building wheel for querystring-parser (setup.py): started
Building wheel for querystring-parser (setup.py): finished with status 'done'
Created wheel for querystring-parser: filename=querystring_parser-1.2.4-cp37-none-any.whl size=7079 sha256=6165b8d39483f36d903914ca98b31ec8e455fbf96d5de3ae9a9512bfc0573ef7
Stored in directory: /root/.cache/pip/wheels/1e/41/34/23ebf5d1089a9aed847951e0ee375426eb4ad0a7079d88d41e
Building wheel for sqlalchemy (setup.py): started
Building wheel for sqlalchemy (setup.py): finished with status 'done'
Created wheel for sqlalchemy: filename=SQLAlchemy-1.3.13-cp37-cp37m-linux_x86_64.whl size=1224237 sha256=39b1d4f016a434bc14b60d1db96fc202dca0716a93310296ed547524936a55b8
Stored in directory: /root/.cache/pip/wheels/b3/35/98/4c9cb3fd63d21d5606b972dd70643769745adf60e622467b71
Building wheel for databricks-cli (setup.py): started
Building wheel for databricks-cli (setup.py): finished with status 'done'
Created wheel for databricks-cli: filename=databricks_cli-0.11.0-cp37-none-any.whl size=90300 sha256=136e55e3980a00c3a4075c92259652be70bfa7fadac9dd8c70c14382f9e8adb6
Stored in directory: /root/.cache/pip/wheels/63/d0/4f/3deeca1f4c47a6aca7c2c6a6e2bf272391565dc86a7718a59b
Building wheel for prometheus-flask-exporter (setup.py): started
Building wheel for prometheus-flask-exporter (setup.py): finished with status 'done'
Created wheel for prometheus-flask-exporter: filename=prometheus_flask_exporter-0.16.5-cp37-none-any.whl size=16810 sha256=99609381c4e0d0de73edb9198f1804addf5aba5170231a3f1f7fb820fce25e0f
Stored in directory: /root/.cache/pip/wheels/2f/27/62/a782b6e41acbdfa3cb4a332bbad8e163ed6602f09f9026769c
Successfully built pyyaml seldon-core querystring-parser sqlalchemy databricks-cli prometheus-flask-exporter
Installing collected packages: pyyaml, websocket-client, docker, querystring-parser, sqlparse, sqlalchemy, Mako, python-editor, alembic, simplejson, cloudpickle, entrypoints, tabulate, databricks-cli, smmap, gitdb, gitpython, pandas, gorilla, prometheus-flask-exporter, mlflow, seldon-core
Found existing installation: PyYAML 5.3.1
Uninstalling PyYAML-5.3.1:
Successfully uninstalled PyYAML-5.3.1
Found existing installation: seldon-core 1.2.3.dev0
Uninstalling seldon-core-1.2.3.dev0:
Successfully uninstalled seldon-core-1.2.3.dev0
Successfully installed Mako-1.1.3 alembic-1.4.2 cloudpickle-1.6.0 databricks-cli-0.11.0 docker-4.3.1 entrypoints-0.3 gitdb-4.0.5 gitpython-3.1.7 gorilla-0.3.0 mlflow-1.8.0 pandas-1.1.1 prometheus-flask-exporter-0.16.5 python-editor-1.0.4 pyyaml-5.1.2 querystring-parser-1.2.4 seldon-core-1.2.3.dev0 simplejson-3.17.2 smmap-3.0.4 sqlalchemy-1.3.13 sqlparse-0.3.1 tabulate-0.8.7 websocket-client-0.57.0
Collecting pip-licenses
Downloading https://files.pythonhosted.org/packages/c5/50/6c4b4e69a0c43bd9f03a30579695093062ba72da4e3e4026cd2144dbcc71/pip_licenses-2.3.0-py3-none-any.whl
Collecting PTable (from pip-licenses)
Downloading https://files.pythonhosted.org/packages/ab/b3/b54301811173ca94119eb474634f120a49cd370f257d1aae5a4abaf12729/PTable-0.9.2.tar.gz
Building wheels for collected packages: PTable
Building wheel for PTable (setup.py): started
Building wheel for PTable (setup.py): finished with status 'done'
Created wheel for PTable: filename=PTable-0.9.2-cp37-none-any.whl size=22906 sha256=1fb164f5b2d3df5c44cd2d9c837c3f4f8a9c01f0e418115eaac8029161c23693
Stored in directory: /root/.cache/pip/wheels/22/cc/2e/55980bfe86393df3e9896146a01f6802978d09d7ebcba5ea56
Successfully built PTable
Installing collected packages: PTable, pip-licenses
Successfully installed PTable-0.9.2 pip-licenses-2.3.0
created path: ./licenses/license_info.csv
created path: ./licenses/license.txt
After successful assembling
Build completed successfully
docker push seldonio/mlflowserver_rest:1.2.3-dev
The push refers to repository [docker.io/seldonio/mlflowserver_rest]
c1e384a31061: Preparing
68523b7546e1: Preparing
c7b2b29162ad: Preparing
66435f8e050b: Preparing
59ca18ec37b3: Preparing
7e656fcec888: Preparing
df9fa39bfd58: Preparing
0766588a057c: Preparing
5feaa8628ffa: Preparing
3d992ee17741: Preparing
64658a4160c4: Preparing
a73ff91af2b1: Preparing
637e0f8ee45c: Preparing
70056249a0e2: Preparing
226bfaae015f: Preparing
7e656fcec888: Waiting
df9fa39bfd58: Waiting
0766588a057c: Waiting
5feaa8628ffa: Waiting
3d992ee17741: Waiting
64658a4160c4: Waiting
a73ff91af2b1: Waiting
637e0f8ee45c: Waiting
226bfaae015f: Waiting
70056249a0e2: Waiting
66435f8e050b: Layer already exists
59ca18ec37b3: Layer already exists
68523b7546e1: Layer already exists
c7b2b29162ad: Layer already exists
0766588a057c: Layer already exists
5feaa8628ffa: Layer already exists
7e656fcec888: Layer already exists
df9fa39bfd58: Layer already exists
3d992ee17741: Layer already exists
64658a4160c4: Layer already exists
a73ff91af2b1: Layer already exists
637e0f8ee45c: Layer already exists
70056249a0e2: Layer already exists
226bfaae015f: Layer already exists
c1e384a31061: Pushed
1.2.3-dev: digest: sha256:0fe7067f4da96802864bc9662cfdc1b6ab5dd56569d8fa3a1261fc10dcd0dcd9 size: 3466
docker push seldonio/mlflowserver_grpc:1.2.3-dev
The push refers to repository [docker.io/seldonio/mlflowserver_grpc]
03f49afe99d8: Preparing
68523b7546e1: Preparing
c7b2b29162ad: Preparing
66435f8e050b: Preparing
59ca18ec37b3: Preparing
7e656fcec888: Preparing
df9fa39bfd58: Preparing
0766588a057c: Preparing
5feaa8628ffa: Preparing
3d992ee17741: Preparing
64658a4160c4: Preparing
a73ff91af2b1: Preparing
637e0f8ee45c: Preparing
70056249a0e2: Preparing
226bfaae015f: Preparing
7e656fcec888: Waiting
df9fa39bfd58: Waiting
0766588a057c: Waiting
5feaa8628ffa: Waiting
3d992ee17741: Waiting
64658a4160c4: Waiting
a73ff91af2b1: Waiting
637e0f8ee45c: Waiting
70056249a0e2: Waiting
226bfaae015f: Waiting
68523b7546e1: Layer already exists
59ca18ec37b3: Layer already exists
66435f8e050b: Layer already exists
c7b2b29162ad: Layer already exists
0766588a057c: Layer already exists
7e656fcec888: Layer already exists
df9fa39bfd58: Layer already exists
5feaa8628ffa: Layer already exists
64658a4160c4: Layer already exists
3d992ee17741: Layer already exists
a73ff91af2b1: Layer already exists
637e0f8ee45c: Layer already exists
226bfaae015f: Layer already exists
70056249a0e2: Layer already exists
03f49afe99d8: Pushed
1.2.3-dev: digest: sha256:7ab5ea5036b13a11ea65b908fe8135ef42f75678f11b3f97c93fa9e0f0a2600c size: 3466
make: Leaving directory '/workspace/source/servers/mlflowserver'
make: Entering directory '/workspace/source/servers/xgboostserver'
s2i build \
	-E environment_rest \
	./xgboostserver \
	seldonio/seldon-core-s2i-python37-ubi8:1.2.3-dev \
	seldonio/xgboostserver_rest:1.2.3-dev
Before assembling
---> Installing application source...
---> Installing dependencies ...
Looking in links: /whl
Collecting scikit-learn==0.20.3 (from -r requirements.txt (line 1))
  WARNING: Url '/whl' is ignored. It is either a non-existing path or lacks a specific scheme.
Downloading https://files.pythonhosted.org/packages/aa/cc/a84e1748a2a70d0f3e081f56cefc634f3b57013b16faa6926d3a6f0598df/scikit_learn-0.20.3-cp37-cp37m-manylinux1_x86_64.whl (5.4MB)
Requirement already satisfied: numpy>=1.8.2 in /opt/conda/lib/python3.7/site-packages (from -r requirements.txt (line 2)) (1.19.1)
Collecting xgboost==1.0.1 (from -r requirements.txt (line 3))
  WARNING: Url '/whl' is ignored. It is either a non-existing path or lacks a specific scheme.
Downloading https://files.pythonhosted.org/packages/5c/b0/c4e5aa6d754bb19131a5990784a06c4c73d390446caf1d55f0a480dcf311/xgboost-1.0.1-py3-none-manylinux1_x86_64.whl (109.7MB)
Collecting scipy>=0.13.3 (from scikit-learn==0.20.3->-r requirements.txt (line 1))
  WARNING: Url '/whl' is ignored. It is either a non-existing path or lacks a specific scheme.
Downloading https://files.pythonhosted.org/packages/65/f9/f7a7e5009711579c72da2725174825e5056741bf4001815d097eef1b2e17/scipy-1.5.2-cp37-cp37m-manylinux1_x86_64.whl (25.9MB)
Installing collected packages: scipy, scikit-learn, xgboost
Successfully installed scikit-learn-0.20.3 scipy-1.5.2 xgboost-1.0.1
Collecting pip-licenses
Downloading https://files.pythonhosted.org/packages/c5/50/6c4b4e69a0c43bd9f03a30579695093062ba72da4e3e4026cd2144dbcc71/pip_licenses-2.3.0-py3-none-any.whl
Collecting PTable (from pip-licenses)
Downloading https://files.pythonhosted.org/packages/ab/b3/b54301811173ca94119eb474634f120a49cd370f257d1aae5a4abaf12729/PTable-0.9.2.tar.gz
Building wheels for collected packages: PTable
Building wheel for PTable (setup.py): started
Building wheel for PTable (setup.py): finished with status 'done'
Created wheel for PTable: filename=PTable-0.9.2-cp37-none-any.whl size=22906 sha256=ed045ccb0832d69d7b11abbd60dbeca5665f8380e881c5db60a3cdf615c4ec54
Stored in directory: /root/.cache/pip/wheels/22/cc/2e/55980bfe86393df3e9896146a01f6802978d09d7ebcba5ea56
Successfully built PTable
Installing collected packages: PTable, pip-licenses
Successfully installed PTable-0.9.2 pip-licenses-2.3.0
created path: ./licenses/license_info.csv
created path: ./licenses/license.txt
After successful assembling
Build completed successfully
s2i build \
	-E environment_grpc \
	./xgboostserver \
	seldonio/seldon-core-s2i-python37-ubi8:1.2.3-dev \
	seldonio/xgboostserver_grpc:1.2.3-dev
Before assembling
---> Installing application source...
---> Installing dependencies ...
Looking in links: /whl
Collecting scikit-learn==0.20.3 (from -r requirements.txt (line 1))
  WARNING: Url '/whl' is ignored. It is either a non-existing path or lacks a specific scheme.
Downloading https://files.pythonhosted.org/packages/aa/cc/a84e1748a2a70d0f3e081f56cefc634f3b57013b16faa6926d3a6f0598df/scikit_learn-0.20.3-cp37-cp37m-manylinux1_x86_64.whl (5.4MB)
Requirement already satisfied: numpy>=1.8.2 in /opt/conda/lib/python3.7/site-packages (from -r requirements.txt (line 2)) (1.19.1)
Collecting xgboost==1.0.1 (from -r requirements.txt (line 3))
  WARNING: Url '/whl' is ignored. It is either a non-existing path or lacks a specific scheme.
Downloading https://files.pythonhosted.org/packages/5c/b0/c4e5aa6d754bb19131a5990784a06c4c73d390446caf1d55f0a480dcf311/xgboost-1.0.1-py3-none-manylinux1_x86_64.whl (109.7MB)
Collecting scipy>=0.13.3 (from scikit-learn==0.20.3->-r requirements.txt (line 1))
  WARNING: Url '/whl' is ignored. It is either a non-existing path or lacks a specific scheme.
Downloading https://files.pythonhosted.org/packages/65/f9/f7a7e5009711579c72da2725174825e5056741bf4001815d097eef1b2e17/scipy-1.5.2-cp37-cp37m-manylinux1_x86_64.whl (25.9MB)
Installing collected packages: scipy, scikit-learn, xgboost
Successfully installed scikit-learn-0.20.3 scipy-1.5.2 xgboost-1.0.1
Collecting pip-licenses
Downloading https://files.pythonhosted.org/packages/c5/50/6c4b4e69a0c43bd9f03a30579695093062ba72da4e3e4026cd2144dbcc71/pip_licenses-2.3.0-py3-none-any.whl
Collecting PTable (from pip-licenses)
Downloading https://files.pythonhosted.org/packages/ab/b3/b54301811173ca94119eb474634f120a49cd370f257d1aae5a4abaf12729/PTable-0.9.2.tar.gz
Building wheels for collected packages: PTable
Building wheel for PTable (setup.py): started
Building wheel for PTable (setup.py): finished with status 'done'
Created wheel for PTable: filename=PTable-0.9.2-cp37-none-any.whl size=22906 sha256=18d85aa9a7ea3ecb207c090a4e55cab924ac342ca03d96ab96d568ee7dc2545e
Stored in directory: /root/.cache/pip/wheels/22/cc/2e/55980bfe86393df3e9896146a01f6802978d09d7ebcba5ea56
Successfully built PTable
Installing collected packages: PTable, pip-licenses
Successfully installed PTable-0.9.2 pip-licenses-2.3.0
created path: ./licenses/license_info.csv
created path: ./licenses/license.txt
After successful assembling
Build completed successfully
docker push seldonio/xgboostserver_rest:1.2.3-dev
The push refers to repository [docker.io/seldonio/xgboostserver_rest]
8ac4382735c5: Preparing
68523b7546e1: Preparing
c7b2b29162ad: Preparing
66435f8e050b: Preparing
59ca18ec37b3: Preparing
7e656fcec888: Preparing
df9fa39bfd58: Preparing
0766588a057c: Preparing
5feaa8628ffa: Preparing
3d992ee17741: Preparing
64658a4160c4: Preparing
a73ff91af2b1: Preparing
637e0f8ee45c: Preparing
70056249a0e2: Preparing
226bfaae015f: Preparing
7e656fcec888: Waiting
df9fa39bfd58: Waiting
3d992ee17741: Waiting
70056249a0e2: Waiting
64658a4160c4: Waiting
a73ff91af2b1: Waiting
0766588a057c: Waiting
5feaa8628ffa: Waiting
637e0f8ee45c: Waiting
226bfaae015f: Waiting
68523b7546e1: Layer already exists
66435f8e050b: Layer already exists
c7b2b29162ad: Layer already exists
59ca18ec37b3: Layer already exists
df9fa39bfd58: Layer already exists
7e656fcec888: Layer already exists
0766588a057c: Layer already exists
5feaa8628ffa: Layer already exists
3d992ee17741: Layer already exists
a73ff91af2b1: Layer already exists
637e0f8ee45c: Layer already exists
64658a4160c4: Layer already exists
70056249a0e2: Layer already exists
226bfaae015f: Layer already exists
8ac4382735c5: Pushed
1.2.3-dev: digest: sha256:70c7e16a375ab1a7ba03b23e5f59f6d5dd1ea4142d5b33f4dea91aa3bd5e6762 size: 3467
docker push seldonio/xgboostserver_grpc:1.2.3-dev
The push refers to repository [docker.io/seldonio/xgboostserver_grpc]
f802e886761e: Preparing
68523b7546e1: Preparing
c7b2b29162ad: Preparing
66435f8e050b: Preparing
59ca18ec37b3: Preparing
7e656fcec888: Preparing
df9fa39bfd58: Preparing
0766588a057c: Preparing
5feaa8628ffa: Preparing
3d992ee17741: Preparing
64658a4160c4: Preparing
a73ff91af2b1: Preparing
637e0f8ee45c: Preparing
70056249a0e2: Preparing
226bfaae015f: Preparing
5feaa8628ffa: Waiting
3d992ee17741: Waiting
637e0f8ee45c: Waiting
64658a4160c4: Waiting
a73ff91af2b1: Waiting
70056249a0e2: Waiting
226bfaae015f: Waiting
7e656fcec888: Waiting
df9fa39bfd58: Waiting
0766588a057c: Waiting
c7b2b29162ad: Layer already exists
59ca18ec37b3: Layer already exists
68523b7546e1: Layer already exists
66435f8e050b: Layer already exists
7e656fcec888: Layer already exists
0766588a057c: Layer already exists
df9fa39bfd58: Layer already exists
5feaa8628ffa: Layer already exists
3d992ee17741: Layer already exists
64658a4160c4: Layer already exists
a73ff91af2b1: Layer already exists
637e0f8ee45c: Layer already exists
70056249a0e2: Layer already exists
226bfaae015f: Layer already exists
f802e886761e: Pushed
1.2.3-dev: digest: sha256:7f44cdb8e5b2bcfdb3a2af507a1a1c87a08be13054fab9904ec126ae50c76cd4 size: 3467
make: Leaving directory '/workspace/source/servers/xgboostserver'
make: Entering directory '/workspace/source/integrations/tfserving'
s2i build \
	-E environment_rest \
	. \
	seldonio/seldon-core-s2i-python37-ubi8:1.2.3-dev \
	seldonio/tfserving-proxy_rest:1.2.3-dev
Before assembling
---> Installing application source...
---> Installing dependencies ...
Looking in links: /whl
Collecting tensorflow>=1.12.0 (from -r requirements.txt (line 1))
  WARNING: Url '/whl' is ignored. It is either a non-existing path or lacks a specific scheme.
Downloading https://files.pythonhosted.org/packages/16/89/f2d29c2eafc2eeafb17d5634340e06366af904d332341200a49d954bce85/tensorflow-2.3.0-cp37-cp37m-manylinux2010_x86_64.whl (320.4MB)
Collecting tensorflow-serving-api>=1.10.1 (from -r requirements.txt (line 2))
  WARNING: Url '/whl' is ignored. It is either a non-existing path or lacks a specific scheme.
Downloading https://files.pythonhosted.org/packages/72/0d/0f0822b418fd51795a4768f35bb17619af51312ca9f5762c80bea34bd7ae/tensorflow_serving_api-2.3.0-py2.py3-none-any.whl
Requirement already satisfied: requests in /opt/conda/lib/python3.7/site-packages (from -r requirements.txt (line 3)) (2.22.0)
Collecting numpy<1.19.0,>=1.16.0 (from tensorflow>=1.12.0->-r requirements.txt (line 1))
  WARNING: Url '/whl' is ignored. It is either a non-existing path or lacks a specific scheme.
Downloading https://files.pythonhosted.org/packages/d6/c6/58e517e8b1fb192725cfa23c01c2e60e4e6699314ee9684a1c5f5c9b27e1/numpy-1.18.5-cp37-cp37m-manylinux1_x86_64.whl (20.1MB)
Requirement already satisfied: six>=1.12.0 in /opt/conda/lib/python3.7/site-packages (from tensorflow>=1.12.0->-r requirements.txt (line 1)) (1.12.0)
Collecting opt-einsum>=2.3.2 (from tensorflow>=1.12.0->-r requirements.txt (line 1))
  WARNING: Url '/whl' is ignored. It is either a non-existing path or lacks a specific scheme.
Downloading https://files.pythonhosted.org/packages/bc/19/404708a7e54ad2798907210462fd950c3442ea51acc8790f3da48d2bee8b/opt_einsum-3.3.0-py3-none-any.whl (65kB)
Requirement already satisfied: protobuf>=3.9.2 in /opt/conda/lib/python3.7/site-packages (from tensorflow>=1.12.0->-r requirements.txt (line 1)) (3.13.0)
Collecting astunparse==1.6.3 (from tensorflow>=1.12.0->-r requirements.txt (line 1))
  WARNING: Url '/whl' is ignored. It is either a non-existing path or lacks a specific scheme.
Downloading https://files.pythonhosted.org/packages/2b/03/13dde6512ad7b4557eb792fbcf0c653af6076b81e5941d36ec61f7ce6028/astunparse-1.6.3-py2.py3-none-any.whl
Collecting termcolor>=1.1.0 (from tensorflow>=1.12.0->-r requirements.txt (line 1))
  WARNING: Url '/whl' is ignored. It is either a non-existing path or lacks a specific scheme.
Downloading https://files.pythonhosted.org/packages/8a/48/a76be51647d0eb9f10e2a4511bf3ffb8cc1e6b14e9e4fab46173aa79f981/termcolor-1.1.0.tar.gz
Requirement already satisfied: grpcio>=1.8.6 in /opt/conda/lib/python3.7/site-packages (from tensorflow>=1.12.0->-r requirements.txt (line 1)) (1.31.0)
Requirement already satisfied: wheel>=0.26 in /opt/conda/lib/python3.7/site-packages (from tensorflow>=1.12.0->-r requirements.txt (line 1)) (0.33.6)
Collecting tensorboard<3,>=2.3.0 (from tensorflow>=1.12.0->-r requirements.txt (line 1))
  WARNING: Url '/whl' is ignored. It is either a non-existing path or lacks a specific scheme.
Downloading https://files.pythonhosted.org/packages/e9/1b/6a420d7e6ba431cf3d51b2a5bfa06a958c4141e3189385963dc7f6fbffb6/tensorboard-2.3.0-py3-none-any.whl (6.8MB)
Collecting scipy==1.4.1 (from tensorflow>=1.12.0->-r requirements.txt (line 1))
  WARNING: Url '/whl' is ignored. It is either a non-existing path or lacks a specific scheme.
Downloading https://files.pythonhosted.org/packages/dd/82/c1fe128f3526b128cfd185580ba40d01371c5d299fcf7f77968e22dfcc2e/scipy-1.4.1-cp37-cp37m-manylinux1_x86_64.whl (26.1MB)
Collecting google-pasta>=0.1.8 (from tensorflow>=1.12.0->-r requirements.txt (line 1))
  WARNING: Url '/whl' is ignored. It is either a non-existing path or lacks a specific scheme.
Downloading https://files.pythonhosted.org/packages/a3/de/c648ef6835192e6e2cc03f40b19eeda4382c49b5bafb43d88b931c4c74ac/google_pasta-0.2.0-py3-none-any.whl (57kB)
Collecting h5py<2.11.0,>=2.10.0 (from tensorflow>=1.12.0->-r requirements.txt (line 1))
  WARNING: Url '/whl' is ignored. It is either a non-existing path or lacks a specific scheme.
Downloading https://files.pythonhosted.org/packages/3f/c0/abde58b837e066bca19a3f7332d9d0493521d7dd6b48248451a9e3fe2214/h5py-2.10.0-cp37-cp37m-manylinux1_x86_64.whl (2.9MB)
Collecting gast==0.3.3 (from tensorflow>=1.12.0->-r requirements.txt (line 1))
  WARNING: Url '/whl' is ignored. It is either a non-existing path or lacks a specific scheme.
Downloading https://files.pythonhosted.org/packages/d6/84/759f5dd23fec8ba71952d97bcc7e2c9d7d63bdc582421f3cd4be845f0c98/gast-0.3.3-py2.py3-none-any.whl
Collecting keras-preprocessing<1.2,>=1.1.1 (from tensorflow>=1.12.0->-r requirements.txt (line 1))
  WARNING: Url '/whl' is ignored. It is either a non-existing path or lacks a specific scheme.
Downloading https://files.pythonhosted.org/packages/79/4c/7c3275a01e12ef9368a892926ab932b33bb13d55794881e3573482b378a7/Keras_Preprocessing-1.1.2-py2.py3-none-any.whl (42kB)
Collecting wrapt>=1.11.1 (from tensorflow>=1.12.0->-r requirements.txt (line 1))
  WARNING: Url '/whl' is ignored. It is either a non-existing path or lacks a specific scheme.
Downloading https://files.pythonhosted.org/packages/82/f7/e43cefbe88c5fd371f4cf0cf5eb3feccd07515af9fd6cf7dbf1d1793a797/wrapt-1.12.1.tar.gz
Collecting tensorflow-estimator<2.4.0,>=2.3.0 (from tensorflow>=1.12.0->-r requirements.txt (line 1))
  WARNING: Url '/whl' is ignored. It is either a non-existing path or lacks a specific scheme.
Downloading https://files.pythonhosted.org/packages/e9/ed/5853ec0ae380cba4588eab1524e18ece1583b65f7ae0e97321f5ff9dfd60/tensorflow_estimator-2.3.0-py2.py3-none-any.whl (459kB)
Collecting absl-py>=0.7.0 (from tensorflow>=1.12.0->-r requirements.txt (line 1))
  WARNING: Url '/whl' is ignored. It is either a non-existing path or lacks a specific scheme.
Downloading https://files.pythonhosted.org/packages/b9/07/f69dd3367368ad69f174bfe426a973651412ec11d48ec05c000f19fe0561/absl_py-0.10.0-py3-none-any.whl (127kB)
Requirement already satisfied: chardet<3.1.0,>=3.0.2 in /opt/conda/lib/python3.7/site-packages (from requests->-r requirements.txt (line 3)) (3.0.4)
Requirement already satisfied: urllib3!=1.25.0,!=1.25.1,<1.26,>=1.21.1 in /opt/conda/lib/python3.7/site-packages (from requests->-r requirements.txt (line 3)) (1.24.2)
Requirement already satisfied: certifi>=2017.4.17 in /opt/conda/lib/python3.7/site-packages (from requests->-r requirements.txt (line 3)) (2020.6.20)
Requirement already satisfied: idna<2.9,>=2.5 in /opt/conda/lib/python3.7/site-packages (from requests->-r requirements.txt (line 3)) (2.8)
Requirement already satisfied: setuptools in /opt/conda/lib/python3.7/site-packages (from protobuf>=3.9.2->tensorflow>=1.12.0->-r requirements.txt (line 1)) (41.4.0)
Collecting markdown>=2.6.8 (from tensorboard<3,>=2.3.0->tensorflow>=1.12.0->-r requirements.txt (line 1))
  WARNING: Url '/whl' is ignored. It is either a non-existing path or lacks a specific scheme.
Downloading https://files.pythonhosted.org/packages/a4/63/eaec2bd025ab48c754b55e8819af0f6a69e2b1e187611dd40cbbe101ee7f/Markdown-3.2.2-py3-none-any.whl (88kB)
Collecting google-auth<2,>=1.6.3 (from tensorboard<3,>=2.3.0->tensorflow>=1.12.0->-r requirements.txt (line 1))
  WARNING: Url '/whl' is ignored. It is either a non-existing path or lacks a specific scheme.
Downloading https://files.pythonhosted.org/packages/63/7f/ef6bcf2cc0f50c7163afb94382aab67a6b278e1e447c2e3981aa281b9747/google_auth-1.21.0-py2.py3-none-any.whl (92kB)
Collecting tensorboard-plugin-wit>=1.6.0 (from tensorboard<3,>=2.3.0->tensorflow>=1.12.0->-r requirements.txt (line 1))
  WARNING: Url '/whl' is ignored. It is either a non-existing path or lacks a specific scheme.
Downloading https://files.pythonhosted.org/packages/b6/85/5c5ac0a8c5efdfab916e9c6bc18963f6a6996a8a1e19ec4ad8c9ac9c623c/tensorboard_plugin_wit-1.7.0-py3-none-any.whl (779kB)
Requirement already satisfied: werkzeug>=0.11.15 in /opt/conda/lib/python3.7/site-packages (from tensorboard<3,>=2.3.0->tensorflow>=1.12.0->-r requirements.txt (line 1)) (1.0.1)
Collecting google-auth-oauthlib<0.5,>=0.4.1 (from tensorboard<3,>=2.3.0->tensorflow>=1.12.0->-r requirements.txt (line 1))
  WARNING: Url '/whl' is ignored. It is either a non-existing path or lacks a specific scheme.
Downloading https://files.pythonhosted.org/packages/7b/b8/88def36e74bee9fce511c9519571f4e485e890093ab7442284f4ffaef60b/google_auth_oauthlib-0.4.1-py2.py3-none-any.whl
Requirement already satisfied: importlib-metadata; python_version < "3.8" in /opt/conda/lib/python3.7/site-packages (from markdown>=2.6.8->tensorboard<3,>=2.3.0->tensorflow>=1.12.0->-r requirements.txt (line 1)) (1.7.0)
Collecting rsa<5,>=3.1.4; python_version >= "3.5" (from google-auth<2,>=1.6.3->tensorboard<3,>=2.3.0->tensorflow>=1.12.0->-r requirements.txt (line 1))
  WARNING: Url '/whl' is ignored. It is either a non-existing path or lacks a specific scheme.
Downloading https://files.pythonhosted.org/packages/1c/df/c3587a667d6b308fadc90b99e8bc8774788d033efcc70f4ecaae7fad144b/rsa-4.6-py3-none-any.whl (47kB)
Collecting cachetools<5.0,>=2.0.0 (from google-auth<2,>=1.6.3->tensorboard<3,>=2.3.0->tensorflow>=1.12.0->-r requirements.txt (line 1))
  WARNING: Url '/whl' is ignored. It is either a non-existing path or lacks a specific scheme.
Downloading https://files.pythonhosted.org/packages/cd/5c/f3aa86b6d5482f3051b433c7616668a9b96fbe49a622210e2c9781938a5c/cachetools-4.1.1-py3-none-any.whl
Collecting pyasn1-modules>=0.2.1 (from google-auth<2,>=1.6.3->tensorboard<3,>=2.3.0->tensorflow>=1.12.0->-r requirements.txt (line 1))
  WARNING: Url '/whl' is ignored. It is either a non-existing path or lacks a specific scheme.
Downloading https://files.pythonhosted.org/packages/95/de/214830a981892a3e286c3794f41ae67a4495df1108c3da8a9f62159b9a9d/pyasn1_modules-0.2.8-py2.py3-none-any.whl (155kB)
Collecting requests-oauthlib>=0.7.0 (from google-auth-oauthlib<0.5,>=0.4.1->tensorboard<3,>=2.3.0->tensorflow>=1.12.0->-r requirements.txt (line 1))
  WARNING: Url '/whl' is ignored. It is either a non-existing path or lacks a specific scheme.
Downloading https://files.pythonhosted.org/packages/a3/12/b92740d845ab62ea4edf04d2f4164d82532b5a0b03836d4d4e71c6f3d379/requests_oauthlib-1.3.0-py2.py3-none-any.whl
Requirement already satisfied: zipp>=0.5 in /opt/conda/lib/python3.7/site-packages (from importlib-metadata; python_version < "3.8"->markdown>=2.6.8->tensorboard<3,>=2.3.0->tensorflow>=1.12.0->-r requirements.txt (line 1)) (3.1.0)
Collecting pyasn1>=0.1.3 (from rsa<5,>=3.1.4; python_version >= "3.5"->google-auth<2,>=1.6.3->tensorboard<3,>=2.3.0->tensorflow>=1.12.0->-r requirements.txt (line 1))
  WARNING: Url '/whl' is ignored. It is either a non-existing path or lacks a specific scheme.
Downloading https://files.pythonhosted.org/packages/62/1e/a94a8d635fa3ce4cfc7f506003548d0a2447ae76fd5ca53932970fe3053f/pyasn1-0.4.8-py2.py3-none-any.whl (77kB)
Collecting oauthlib>=3.0.0 (from requests-oauthlib>=0.7.0->google-auth-oauthlib<0.5,>=0.4.1->tensorboard<3,>=2.3.0->tensorflow>=1.12.0->-r requirements.txt (line 1))
  WARNING: Url '/whl' is ignored. It is either a non-existing path or lacks a specific scheme.
Downloading https://files.pythonhosted.org/packages/05/57/ce2e7a8fa7c0afb54a0581b14a65b56e62b5759dbc98e80627142b8a3704/oauthlib-3.1.0-py2.py3-none-any.whl (147kB)
Building wheels for collected packages: termcolor, wrapt
Building wheel for termcolor (setup.py): started
Building wheel for termcolor (setup.py): finished with status 'done'
Created wheel for termcolor: filename=termcolor-1.1.0-cp37-none-any.whl size=4832 sha256=ed3265a88210d9204ca1b0f24f2d0092138c611643948e4c441d1cf4cf1d8b3c
Stored in directory: /root/.cache/pip/wheels/7c/06/54/bc84598ba1daf8f970247f550b175aaaee85f68b4b0c5ab2c6
Building wheel for wrapt (setup.py): started
Building wheel for wrapt (setup.py): finished with status 'done'
Created wheel for wrapt: filename=wrapt-1.12.1-cp37-cp37m-linux_x86_64.whl size=76656 sha256=12024acee876ec154242f65df9c6a277e1ae17e96c98d49612bb3da9241dffc1
Stored in directory: /root/.cache/pip/wheels/b1/c2/ed/d62208260edbd3fa7156545c00ef966f45f2063d0a84f8208a
Successfully built termcolor wrapt
Installing collected packages: numpy, opt-einsum, astunparse, termcolor, markdown, pyasn1, rsa, cachetools, pyasn1-modules, google-auth, tensorboard-plugin-wit, absl-py, oauthlib, requests-oauthlib, google-auth-oauthlib, tensorboard, scipy, google-pasta, h5py, gast, keras-preprocessing, wrapt, tensorflow-estimator, tensorflow, tensorflow-serving-api
Found existing installation: numpy 1.19.1
Uninstalling numpy-1.19.1:
Successfully uninstalled numpy-1.19.1
Successfully installed absl-py-0.10.0 astunparse-1.6.3 cachetools-4.1.1 gast-0.3.3 google-auth-1.21.0 google-auth-oauthlib-0.4.1 google-pasta-0.2.0 h5py-2.10.0 keras-preprocessing-1.1.2 markdown-3.2.2 numpy-1.18.5 oauthlib-3.1.0 opt-einsum-3.3.0 pyasn1-0.4.8 pyasn1-modules-0.2.8 requests-oauthlib-1.3.0 rsa-4.6 scipy-1.4.1 tensorboard-2.3.0 tensorboard-plugin-wit-1.7.0 tensorflow-2.3.0 tensorflow-estimator-2.3.0 tensorflow-serving-api-2.3.0 termcolor-1.1.0 wrapt-1.12.1
Collecting pip-licenses
Downloading https://files.pythonhosted.org/packages/c5/50/6c4b4e69a0c43bd9f03a30579695093062ba72da4e3e4026cd2144dbcc71/pip_licenses-2.3.0-py3-none-any.whl
Collecting PTable (from pip-licenses)
Downloading https://files.pythonhosted.org/packages/ab/b3/b54301811173ca94119eb474634f120a49cd370f257d1aae5a4abaf12729/PTable-0.9.2.tar.gz
Building wheels for collected packages: PTable
Building wheel for PTable (setup.py): started
Building wheel for PTable (setup.py): finished with status 'done'
Created wheel for PTable: filename=PTable-0.9.2-cp37-none-any.whl size=22906 sha256=c7ed4f3ddcfcaeea9b049c31d8a8164e5afe03b67ea0528f7e040eb2d15e5de9
Stored in directory: /root/.cache/pip/wheels/22/cc/2e/55980bfe86393df3e9896146a01f6802978d09d7ebcba5ea56
Successfully built PTable
Installing collected packages: PTable, pip-licenses
Successfully installed PTable-0.9.2 pip-licenses-2.3.0
created path: ./licenses/license_info.csv
created path: ./licenses/license.txt
After successful assembling
Build completed successfully
s2i build \
	-E environment_grpc \
	. \
	seldonio/seldon-core-s2i-python37-ubi8:1.2.3-dev \
	seldonio/tfserving-proxy_grpc:1.2.3-dev
Before assembling
---> Installing application source...
---> Installing dependencies ...
Looking in links: /whl
Collecting tensorflow>=1.12.0 (from -r requirements.txt (line 1))
  WARNING: Url '/whl' is ignored. It is either a non-existing path or lacks a specific scheme.
Downloading https://files.pythonhosted.org/packages/16/89/f2d29c2eafc2eeafb17d5634340e06366af904d332341200a49d954bce85/tensorflow-2.3.0-cp37-cp37m-manylinux2010_x86_64.whl (320.4MB)
Collecting tensorflow-serving-api>=1.10.1 (from -r requirements.txt (line 2))
  WARNING: Url '/whl' is ignored. It is either a non-existing path or lacks a specific scheme.
Downloading https://files.pythonhosted.org/packages/72/0d/0f0822b418fd51795a4768f35bb17619af51312ca9f5762c80bea34bd7ae/tensorflow_serving_api-2.3.0-py2.py3-none-any.whl
Requirement already satisfied: requests in /opt/conda/lib/python3.7/site-packages (from -r requirements.txt (line 3)) (2.22.0)
Requirement already satisfied: protobuf>=3.9.2 in /opt/conda/lib/python3.7/site-packages (from tensorflow>=1.12.0->-r requirements.txt (line 1)) (3.13.0)
Requirement already satisfied: six>=1.12.0 in /opt/conda/lib/python3.7/site-packages (from tensorflow>=1.12.0->-r requirements.txt (line 1)) (1.12.0)
Collecting tensorflow-estimator<2.4.0,>=2.3.0 (from tensorflow>=1.12.0->-r requirements.txt (line 1))
  WARNING: Url '/whl' is ignored. It is either a non-existing path or lacks a specific scheme.
Downloading https://files.pythonhosted.org/packages/e9/ed/5853ec0ae380cba4588eab1524e18ece1583b65f7ae0e97321f5ff9dfd60/tensorflow_estimator-2.3.0-py2.py3-none-any.whl (459kB)
Requirement already satisfied: wheel>=0.26 in /opt/conda/lib/python3.7/site-packages (from tensorflow>=1.12.0->-r requirements.txt (line 1)) (0.33.6)
Collecting keras-preprocessing<1.2,>=1.1.1 (from tensorflow>=1.12.0->-r requirements.txt (line 1))
  WARNING: Url '/whl' is ignored. It is either a non-existing path or lacks a specific scheme.
Downloading https://files.pythonhosted.org/packages/79/4c/7c3275a01e12ef9368a892926ab932b33bb13d55794881e3573482b378a7/Keras_Preprocessing-1.1.2-py2.py3-none-any.whl (42kB)
Collecting gast==0.3.3 (from tensorflow>=1.12.0->-r requirements.txt (line 1))
  WARNING: Url '/whl' is ignored. It is either a non-existing path or lacks a specific scheme.
Downloading https://files.pythonhosted.org/packages/d6/84/759f5dd23fec8ba71952d97bcc7e2c9d7d63bdc582421f3cd4be845f0c98/gast-0.3.3-py2.py3-none-any.whl
Collecting opt-einsum>=2.3.2 (from tensorflow>=1.12.0->-r requirements.txt (line 1))
  WARNING: Url '/whl' is ignored. It is either a non-existing path or lacks a specific scheme.
Downloading https://files.pythonhosted.org/packages/bc/19/404708a7e54ad2798907210462fd950c3442ea51acc8790f3da48d2bee8b/opt_einsum-3.3.0-py3-none-any.whl (65kB)
Collecting wrapt>=1.11.1 (from tensorflow>=1.12.0->-r requirements.txt (line 1))
  WARNING: Url '/whl' is ignored. It is either a non-existing path or lacks a specific scheme.
Downloading https://files.pythonhosted.org/packages/82/f7/e43cefbe88c5fd371f4cf0cf5eb3feccd07515af9fd6cf7dbf1d1793a797/wrapt-1.12.1.tar.gz
Collecting h5py<2.11.0,>=2.10.0 (from tensorflow>=1.12.0->-r requirements.txt (line 1))
  WARNING: Url '/whl' is ignored. It is either a non-existing path or lacks a specific scheme.
Downloading https://files.pythonhosted.org/packages/3f/c0/abde58b837e066bca19a3f7332d9d0493521d7dd6b48248451a9e3fe2214/h5py-2.10.0-cp37-cp37m-manylinux1_x86_64.whl (2.9MB)
Collecting numpy<1.19.0,>=1.16.0 (from tensorflow>=1.12.0->-r requirements.txt (line 1))
  WARNING: Url '/whl' is ignored. It is either a non-existing path or lacks a specific scheme.
Downloading https://files.pythonhosted.org/packages/d6/c6/58e517e8b1fb192725cfa23c01c2e60e4e6699314ee9684a1c5f5c9b27e1/numpy-1.18.5-cp37-cp37m-manylinux1_x86_64.whl (20.1MB)
Collecting tensorboard<3,>=2.3.0 (from tensorflow>=1.12.0->-r requirements.txt (line 1))
  WARNING: Url '/whl' is ignored. It is either a non-existing path or lacks a specific scheme.
Downloading https://files.pythonhosted.org/packages/e9/1b/6a420d7e6ba431cf3d51b2a5bfa06a958c4141e3189385963dc7f6fbffb6/tensorboard-2.3.0-py3-none-any.whl (6.8MB)
Collecting termcolor>=1.1.0 (from tensorflow>=1.12.0->-r requirements.txt (line 1))
  WARNING: Url '/whl' is ignored. It is either a non-existing path or lacks a specific scheme.
Downloading https://files.pythonhosted.org/packages/8a/48/a76be51647d0eb9f10e2a4511bf3ffb8cc1e6b14e9e4fab46173aa79f981/termcolor-1.1.0.tar.gz
Requirement already satisfied: grpcio>=1.8.6 in /opt/conda/lib/python3.7/site-packages (from tensorflow>=1.12.0->-r requirements.txt (line 1)) (1.31.0)
Collecting absl-py>=0.7.0 (from tensorflow>=1.12.0->-r requirements.txt (line 1))
  WARNING: Url '/whl' is ignored. It is either a non-existing path or lacks a specific scheme.
Downloading https://files.pythonhosted.org/packages/b9/07/f69dd3367368ad69f174bfe426a973651412ec11d48ec05c000f19fe0561/absl_py-0.10.0-py3-none-any.whl (127kB)
Collecting astunparse==1.6.3 (from tensorflow>=1.12.0->-r requirements.txt (line 1))
  WARNING: Url '/whl' is ignored. It is either a non-existing path or lacks a specific scheme.
Downloading https://files.pythonhosted.org/packages/2b/03/13dde6512ad7b4557eb792fbcf0c653af6076b81e5941d36ec61f7ce6028/astunparse-1.6.3-py2.py3-none-any.whl
Collecting scipy==1.4.1 (from tensorflow>=1.12.0->-r requirements.txt (line 1))
  WARNING: Url '/whl' is ignored. It is either a non-existing path or lacks a specific scheme.
Downloading https://files.pythonhosted.org/packages/dd/82/c1fe128f3526b128cfd185580ba40d01371c5d299fcf7f77968e22dfcc2e/scipy-1.4.1-cp37-cp37m-manylinux1_x86_64.whl (26.1MB)
Collecting google-pasta>=0.1.8 (from tensorflow>=1.12.0->-r requirements.txt (line 1))
  WARNING: Url '/whl' is ignored. It is either a non-existing path or lacks a specific scheme.
Downloading https://files.pythonhosted.org/packages/a3/de/c648ef6835192e6e2cc03f40b19eeda4382c49b5bafb43d88b931c4c74ac/google_pasta-0.2.0-py3-none-any.whl (57kB)
Requirement already satisfied: urllib3!=1.25.0,!=1.25.1,<1.26,>=1.21.1 in /opt/conda/lib/python3.7/site-packages (from requests->-r requirements.txt (line 3)) (1.24.2)
Requirement already satisfied: idna<2.9,>=2.5 in /opt/conda/lib/python3.7/site-packages (from requests->-r requirements.txt (line 3)) (2.8)
Requirement already satisfied: certifi>=2017.4.17 in /opt/conda/lib/python3.7/site-packages (from requests->-r requirements.txt (line 3)) (2020.6.20)
Requirement already satisfied: chardet<3.1.0,>=3.0.2 in /opt/conda/lib/python3.7/site-packages (from requests->-r requirements.txt (line 3)) (3.0.4)
Requirement already satisfied: setuptools in /opt/conda/lib/python3.7/site-packages (from protobuf>=3.9.2->tensorflow>=1.12.0->-r requirements.txt (line 1)) (41.4.0)
Collecting google-auth<2,>=1.6.3 (from tensorboard<3,>=2.3.0->tensorflow>=1.12.0->-r requirements.txt (line 1))
  WARNING: Url '/whl' is ignored. It is either a non-existing path or lacks a specific scheme.
Downloading https://files.pythonhosted.org/packages/63/7f/ef6bcf2cc0f50c7163afb94382aab67a6b278e1e447c2e3981aa281b9747/google_auth-1.21.0-py2.py3-none-any.whl (92kB)
Requirement already satisfied: werkzeug>=0.11.15 in /opt/conda/lib/python3.7/site-packages (from tensorboard<3,>=2.3.0->tensorflow>=1.12.0->-r requirements.txt (line 1)) (1.0.1)
Collecting markdown>=2.6.8 (from tensorboard<3,>=2.3.0->tensorflow>=1.12.0->-r requirements.txt (line 1))
  WARNING: Url '/whl' is ignored. It is either a non-existing path or lacks a specific scheme.
Downloading https://files.pythonhosted.org/packages/a4/63/eaec2bd025ab48c754b55e8819af0f6a69e2b1e187611dd40cbbe101ee7f/Markdown-3.2.2-py3-none-any.whl (88kB)
Collecting tensorboard-plugin-wit>=1.6.0 (from tensorboard<3,>=2.3.0->tensorflow>=1.12.0->-r requirements.txt (line 1))
  WARNING: Url '/whl' is ignored. It is either a non-existing path or lacks a specific scheme.
Downloading https://files.pythonhosted.org/packages/b6/85/5c5ac0a8c5efdfab916e9c6bc18963f6a6996a8a1e19ec4ad8c9ac9c623c/tensorboard_plugin_wit-1.7.0-py3-none-any.whl (779kB)
Collecting google-auth-oauthlib<0.5,>=0.4.1 (from tensorboard<3,>=2.3.0->tensorflow>=1.12.0->-r requirements.txt (line 1))
  WARNING: Url '/whl' is ignored. It is either a non-existing path or lacks a specific scheme.
Downloading https://files.pythonhosted.org/packages/7b/b8/88def36e74bee9fce511c9519571f4e485e890093ab7442284f4ffaef60b/google_auth_oauthlib-0.4.1-py2.py3-none-any.whl
Collecting rsa<5,>=3.1.4; python_version >= "3.5" (from google-auth<2,>=1.6.3->tensorboard<3,>=2.3.0->tensorflow>=1.12.0->-r requirements.txt (line 1))
  WARNING: Url '/whl' is ignored. It is either a non-existing path or lacks a specific scheme.
Downloading https://files.pythonhosted.org/packages/1c/df/c3587a667d6b308fadc90b99e8bc8774788d033efcc70f4ecaae7fad144b/rsa-4.6-py3-none-any.whl (47kB)
Collecting cachetools<5.0,>=2.0.0 (from google-auth<2,>=1.6.3->tensorboard<3,>=2.3.0->tensorflow>=1.12.0->-r requirements.txt (line 1))
  WARNING: Url '/whl' is ignored. It is either a non-existing path or lacks a specific scheme.
Downloading https://files.pythonhosted.org/packages/cd/5c/f3aa86b6d5482f3051b433c7616668a9b96fbe49a622210e2c9781938a5c/cachetools-4.1.1-py3-none-any.whl
Collecting pyasn1-modules>=0.2.1 (from google-auth<2,>=1.6.3->tensorboard<3,>=2.3.0->tensorflow>=1.12.0->-r requirements.txt (line 1))
  WARNING: Url '/whl' is ignored. It is either a non-existing path or lacks a specific scheme.
Downloading https://files.pythonhosted.org/packages/95/de/214830a981892a3e286c3794f41ae67a4495df1108c3da8a9f62159b9a9d/pyasn1_modules-0.2.8-py2.py3-none-any.whl (155kB)
Requirement already satisfied: importlib-metadata; python_version < "3.8" in /opt/conda/lib/python3.7/site-packages (from markdown>=2.6.8->tensorboard<3,>=2.3.0->tensorflow>=1.12.0->-r requirements.txt (line 1)) (1.7.0)
Collecting requests-oauthlib>=0.7.0 (from google-auth-oauthlib<0.5,>=0.4.1->tensorboard<3,>=2.3.0->tensorflow>=1.12.0->-r requirements.txt (line 1))
  WARNING: Url '/whl' is ignored. It is either a non-existing path or lacks a specific scheme.
Downloading https://files.pythonhosted.org/packages/a3/12/b92740d845ab62ea4edf04d2f4164d82532b5a0b03836d4d4e71c6f3d379/requests_oauthlib-1.3.0-py2.py3-none-any.whl
Collecting pyasn1>=0.1.3 (from rsa<5,>=3.1.4; python_version >= "3.5"->google-auth<2,>=1.6.3->tensorboard<3,>=2.3.0->tensorflow>=1.12.0->-r requirements.txt (line 1))
  WARNING: Url '/whl' is ignored. It is either a non-existing path or lacks a specific scheme.
Downloading https://files.pythonhosted.org/packages/62/1e/a94a8d635fa3ce4cfc7f506003548d0a2447ae76fd5ca53932970fe3053f/pyasn1-0.4.8-py2.py3-none-any.whl (77kB)
Requirement already satisfied: zipp>=0.5 in /opt/conda/lib/python3.7/site-packages (from importlib-metadata; python_version < "3.8"->markdown>=2.6.8->tensorboard<3,>=2.3.0->tensorflow>=1.12.0->-r requirements.txt (line 1)) (3.1.0)
Collecting oauthlib>=3.0.0 (from requests-oauthlib>=0.7.0->google-auth-oauthlib<0.5,>=0.4.1->tensorboard<3,>=2.3.0->tensorflow>=1.12.0->-r requirements.txt (line 1))
  WARNING: Url '/whl' is ignored. It is either a non-existing path or lacks a specific scheme.
Downloading https://files.pythonhosted.org/packages/05/57/ce2e7a8fa7c0afb54a0581b14a65b56e62b5759dbc98e80627142b8a3704/oauthlib-3.1.0-py2.py3-none-any.whl (147kB)
Building wheels for collected packages: wrapt, termcolor
Building wheel for wrapt (setup.py): started
Building wheel for wrapt (setup.py): finished with status 'done'
Created wheel for wrapt: filename=wrapt-1.12.1-cp37-cp37m-linux_x86_64.whl size=76662 sha256=f56134b70fae9757208f5b092fe3894dabe5f83d629c98ef015fd0cbffad7bd6
Stored in directory: /root/.cache/pip/wheels/b1/c2/ed/d62208260edbd3fa7156545c00ef966f45f2063d0a84f8208a
Building wheel for termcolor (setup.py): started
Building wheel for termcolor (setup.py): finished with status 'done'
Created wheel for termcolor: filename=termcolor-1.1.0-cp37-none-any.whl size=4832 sha256=1c592d682d47fad7309dae637dc647f2be6f225183db0f752d5cfd236d28f198
Stored in directory: /root/.cache/pip/wheels/7c/06/54/bc84598ba1daf8f970247f550b175aaaee85f68b4b0c5ab2c6
Successfully built wrapt termcolor
Installing collected packages: tensorflow-estimator, numpy, keras-preprocessing, gast, opt-einsum, wrapt, h5py, pyasn1, rsa, cachetools, pyasn1-modules, google-auth, markdown, tensorboard-plugin-wit, oauthlib, requests-oauthlib, google-auth-oauthlib, absl-py, tensorboard, termcolor, astunparse, scipy, google-pasta, tensorflow, tensorflow-serving-api
Found existing installation: numpy 1.19.1
Uninstalling numpy-1.19.1:
Successfully uninstalled numpy-1.19.1
Successfully installed absl-py-0.10.0 astunparse-1.6.3 cachetools-4.1.1 gast-0.3.3 google-auth-1.21.0 google-auth-oauthlib-0.4.1 google-pasta-0.2.0 h5py-2.10.0 keras-preprocessing-1.1.2 markdown-3.2.2 numpy-1.18.5 oauthlib-3.1.0 opt-einsum-3.3.0 pyasn1-0.4.8 pyasn1-modules-0.2.8 requests-oauthlib-1.3.0 rsa-4.6 scipy-1.4.1 tensorboard-2.3.0 tensorboard-plugin-wit-1.7.0 tensorflow-2.3.0 tensorflow-estimator-2.3.0 tensorflow-serving-api-2.3.0 termcolor-1.1.0 wrapt-1.12.1
Collecting pip-licenses
Downloading https://files.pythonhosted.org/packages/c5/50/6c4b4e69a0c43bd9f03a30579695093062ba72da4e3e4026cd2144dbcc71/pip_licenses-2.3.0-py3-none-any.whl
Collecting PTable (from pip-licenses)
Downloading https://files.pythonhosted.org/packages/ab/b3/b54301811173ca94119eb474634f120a49cd370f257d1aae5a4abaf12729/PTable-0.9.2.tar.gz
Building wheels for collected packages: PTable
Building wheel for PTable (setup.py): started
Building wheel for PTable (setup.py): finished with status 'done'
Created wheel for PTable: filename=PTable-0.9.2-cp37-none-any.whl size=22906 sha256=1469e1909a99715c87801555aa5cd83b5f9ce9c87a625f7826f09901a0e93fc4
Stored in directory: /root/.cache/pip/wheels/22/cc/2e/55980bfe86393df3e9896146a01f6802978d09d7ebcba5ea56
Successfully built PTable
Installing collected packages: PTable, pip-licenses
Successfully installed PTable-0.9.2 pip-licenses-2.3.0
created path: ./licenses/license_info.csv
created path: ./licenses/license.txt
After successful assembling
Build completed successfully
docker push seldonio/tfserving-proxy_rest:1.2.3-dev
The push refers to repository [docker.io/seldonio/tfserving-proxy_rest]
aa30d17da54d: Preparing
68523b7546e1: Preparing
c7b2b29162ad: Preparing
66435f8e050b: Preparing
59ca18ec37b3: Preparing
7e656fcec888: Preparing
df9fa39bfd58: Preparing
0766588a057c: Preparing
5feaa8628ffa: Preparing
3d992ee17741: Preparing
64658a4160c4: Preparing
a73ff91af2b1: Preparing
637e0f8ee45c: Preparing
70056249a0e2: Preparing
226bfaae015f: Preparing
5feaa8628ffa: Waiting
3d992ee17741: Waiting
64658a4160c4: Waiting
a73ff91af2b1: Waiting
637e0f8ee45c: Waiting
70056249a0e2: Waiting
226bfaae015f: Waiting
df9fa39bfd58: Waiting
0766588a057c: Waiting
7e656fcec888: Waiting
c7b2b29162ad: Layer already exists
68523b7546e1: Layer already exists
59ca18ec37b3: Layer already exists
66435f8e050b: Layer already exists
5feaa8628ffa: Layer already exists
df9fa39bfd58: Layer already exists
0766588a057c: Layer already exists
7e656fcec888: Layer already exists
64658a4160c4: Layer already exists
a73ff91af2b1: Layer already exists
3d992ee17741: Layer already exists
637e0f8ee45c: Layer already exists
70056249a0e2: Layer already exists
226bfaae015f: Layer already exists
aa30d17da54d: Pushed
1.2.3-dev: digest: sha256:53002903f69357cdd95a7181a047bb67fb486633d797b09188feacc90d1170a5 size: 3467
docker push seldonio/tfserving-proxy_grpc:1.2.3-dev
The push refers to repository [docker.io/seldonio/tfserving-proxy_grpc]
b709209e635e: Preparing
68523b7546e1: Preparing
c7b2b29162ad: Preparing
66435f8e050b: Preparing
59ca18ec37b3: Preparing
7e656fcec888: Preparing
df9fa39bfd58: Preparing
0766588a057c: Preparing
5feaa8628ffa: Preparing
3d992ee17741: Preparing
64658a4160c4: Preparing
a73ff91af2b1: Preparing
637e0f8ee45c: Preparing
70056249a0e2: Preparing
226bfaae015f: Preparing
5feaa8628ffa: Waiting
3d992ee17741: Waiting
64658a4160c4: Waiting
a73ff91af2b1: Waiting
637e0f8ee45c: Waiting
70056249a0e2: Waiting
226bfaae015f: Waiting
7e656fcec888: Waiting
df9fa39bfd58: Waiting
0766588a057c: Waiting
c7b2b29162ad: Layer already exists
59ca18ec37b3: Layer already exists
66435f8e050b: Layer already exists
68523b7546e1: Layer already exists
df9fa39bfd58: Layer already exists
7e656fcec888: Layer already exists
0766588a057c: Layer already exists
5feaa8628ffa: Layer already exists
64658a4160c4: Layer already exists
a73ff91af2b1: Layer already exists
3d992ee17741: Layer already exists
637e0f8ee45c: Layer already exists
226bfaae015f: Layer already exists
70056249a0e2: Layer already exists
b709209e635e: Pushed
1.2.3-dev: digest: sha256:06235cdbed8a134c1a49091b210791309f684b281913f77037894cc1503a2796 size: 3467
make: Leaving directory '/workspace/source/integrations/tfserving'
make: Entering directory '/workspace/source/components/alibi-explain-server'
docker build --file=Dockerfile --force-rm=true -t seldonio/alibiexplainer:1.2.3-dev .
Sending build context to Docker daemon  305.8MB
Step 1/15 : FROM registry.access.redhat.com/ubi8/python-36
 ---> e55cd9a2e0ca
Step 2/15 : LABEL name="Seldon Alibi Wrapper"       vendor="Seldon Technologies"       version="1.2.3-dev"       release="1"       summary="Alibi Explainer Wrapper for Seldon Core"       description="Allows Seldon Core inference models to run with a black box model explanation model from the Alibi:Explain project"
 ---> Using cache
 ---> d62acf81b505
Step 3/15 : COPY kfserving/python/alibiexplainer alibiexplainer
 ---> Using cache
 ---> e82e81fc7ed9
Step 4/15 : COPY kfserving/python/kfserving kfserving
 ---> Using cache
 ---> 8f90837b7e82
Step 5/15 : COPY kfserving/python/third_party third_party
 ---> Using cache
 ---> f51269c64a12
Step 6/15 : USER root
 ---> Using cache
 ---> b72d13f04194
Step 7/15 : RUN pip install --upgrade pip && pip install -e ./kfserving
 ---> Using cache
 ---> 07bc8d6f1902
Step 8/15 : RUN git clone https://github.com/SeldonIO/alibi.git &&     cd alibi &&     pip install .
 ---> Using cache
 ---> 9f8744e79add
Step 9/15 : RUN pip install -e ./alibiexplainer
 ---> Using cache
 ---> 7933ca1ec502
Step 10/15 : RUN chmod -R a+rwx /opt/app-root/lib/python3.6
 ---> Using cache
 ---> f86873126ecf
Step 11/15 : RUN pip install pip-licenses
 ---> Using cache
 ---> fbb068f7272a
Step 12/15 : RUN mkdir ./licenses && pip-licenses --from=mixed --format=csv --output-file=./licenses/license_info.csv &&     pip-licenses --from=mixed --format=plain-vertical --with-license-file --no-license-path --output-file=./licenses/license.txt
 ---> Using cache
 ---> b07927cde7f9
Step 13/15 : RUN mv ./licenses /licenses
 ---> Using cache
 ---> 4df74ba6251d
Step 14/15 : USER default
 ---> Using cache
 ---> e59269402c2c
Step 15/15 : ENTRYPOINT ["python", "-m", "alibiexplainer"]
 ---> Using cache
 ---> 16a20564de80
Successfully built 16a20564de80
Successfully tagged seldonio/alibiexplainer:1.2.3-dev
docker push seldonio/alibiexplainer:1.2.3-dev
The push refers to repository [docker.io/seldonio/alibiexplainer]
e3bc6fd51abd: Preparing
8ed52b14189d: Preparing
d36fae2aeb23: Preparing
a145db8418c7: Preparing
29628583066b: Preparing
55c6309385cb: Preparing
8fd4615b8f43: Preparing
2f05ec4e88bf: Preparing
62c4ea9b1555: Preparing
2321cc1163e6: Preparing
8c900de07a06: Preparing
7fbe9fcfa2da: Preparing
0bfe5b62a1ad: Preparing
70056249a0e2: Preparing
226bfaae015f: Preparing
62c4ea9b1555: Waiting
2321cc1163e6: Waiting
8c900de07a06: Waiting
7fbe9fcfa2da: Waiting
0bfe5b62a1ad: Waiting
70056249a0e2: Waiting
226bfaae015f: Waiting
2f05ec4e88bf: Waiting
8fd4615b8f43: Waiting
55c6309385cb: Waiting
e3bc6fd51abd: Layer already exists
29628583066b: Layer already exists
a145db8418c7: Layer already exists
8ed52b14189d: Layer already exists
d36fae2aeb23: Layer already exists
8fd4615b8f43: Layer already exists
55c6309385cb: Layer already exists
2f05ec4e88bf: Layer already exists
2321cc1163e6: Layer already exists
62c4ea9b1555: Layer already exists
226bfaae015f: Layer already exists
0bfe5b62a1ad: Layer already exists
8c900de07a06: Layer already exists
7fbe9fcfa2da: Layer already exists
70056249a0e2: Layer already exists
1.2.3-dev: digest: sha256:465b1bc1c9140d719a67a34f00dc625a74a8410369ec0d82544f5d21643d844c size: 3480
make: Leaving directory '/workspace/source/components/alibi-explain-server'
make: Entering directory '/workspace/source/components/storage-initializer'
docker build --file=Dockerfile --force-rm=true -t seldonio/storage-initializer:1.2.3-dev .
Sending build context to Docker daemon  305.8MB
Step 1/12 : FROM registry.access.redhat.com/ubi8/python-36
 ---> e55cd9a2e0ca
Step 2/12 : LABEL name="Storage Initializer"       vendor="Seldon Technologies"       version="1.2.3-dev"       release="1"       summary="Storage Initializer for Seldon Core"       description="Allows Seldon Core to download artifacts from cloud and local storage to a local volume"
 ---> Using cache
 ---> 690ea4dd531b
Step 3/12 : USER root
 ---> Using cache
 ---> 342a1d9ac155
Step 4/12 : COPY ./kfserving/python/kfserving kfserving
 ---> Using cache
 ---> 456000b1384c
Step 5/12 : RUN pip install --upgrade pip && pip install ./kfserving
 ---> Using cache
 ---> ff4a22968f1c
Step 6/12 : COPY ./kfserving/python/storage-initializer storage-initializer
 ---> Using cache
 ---> 6448587f732e
Step 7/12 : COPY ./kfserving/python/third_party third_party
 ---> Using cache
 ---> 94ce4abd076a
Step 8/12 : RUN pip install pip-licenses
 ---> Using cache
 ---> 0c958e690544
Step 9/12 : RUN mkdir ./licenses && pip-licenses --from=mixed --format=csv --output-file=./licenses/license_info.csv &&     pip-licenses --from=mixed --format=plain-vertical --with-license-file --no-license-path --output-file=./licenses/license.txt
 ---> Using cache
 ---> 9cba7c841101
Step 10/12 : RUN mv ./licenses /licenses
 ---> Using cache
 ---> f330b18150c6
Step 11/12 : USER default
 ---> Using cache
 ---> cab4903b46c6
Step 12/12 : ENTRYPOINT ["./storage-initializer/scripts/initializer-entrypoint"]
 ---> Using cache
 ---> 98c358bfef2e
Successfully built 98c358bfef2e
Successfully tagged seldonio/storage-initializer:1.2.3-dev
docker push seldonio/storage-initializer:1.2.3-dev
The push refers to repository [docker.io/seldonio/storage-initializer]
ae2f15d924c8: Preparing
e170fdb7016e: Preparing
56aff2395899: Preparing
cee3878db5dd: Preparing
a97b876ee4ac: Preparing
1dd6df510cdb: Preparing
3be03c52e741: Preparing
8c900de07a06: Preparing
7fbe9fcfa2da: Preparing
0bfe5b62a1ad: Preparing
70056249a0e2: Preparing
226bfaae015f: Preparing
70056249a0e2: Waiting
8c900de07a06: Waiting
7fbe9fcfa2da: Waiting
0bfe5b62a1ad: Waiting
226bfaae015f: Waiting
1dd6df510cdb: Waiting
3be03c52e741: Waiting
56aff2395899: Layer already exists
a97b876ee4ac: Layer already exists
e170fdb7016e: Layer already exists
cee3878db5dd: Layer already exists
ae2f15d924c8: Layer already exists
8c900de07a06: Layer already exists
1dd6df510cdb: Layer already exists
0bfe5b62a1ad: Layer already exists
7fbe9fcfa2da: Layer already exists
3be03c52e741: Layer already exists
226bfaae015f: Layer already exists
70056249a0e2: Layer already exists
1.2.3-dev: digest: sha256:ff993f682fe8a9315c8ad79c0e8c8a097d5bb89a26b6501e4453f93cb91dc53d size: 2838
make: Leaving directory '/workspace/source/components/storage-initializer'
b49ab1e51d39
Stopping Docker: dockerProgram process in pidfile '/var/run/docker-ssd.pid', 1 process(es), refused to die.
Python exit value: 0
Operator exit value: 0
Engine exit value: 0
Executor exit value: 0
Mock model exit value: 0
Alibi Detect exit value: 2
Request Logger exit value: 0
[31m
Pipeline failed on stage 'build-and-push' : container 'step-build-and-push-images'. The execution of the pipeline has stopped.[0m
