
Showing logs for build [32mseldonio-seldon-core-pr-1590-in-zmgsm-38[0m stage [32mpr-build-comment[0m and container [32mstep-credential-initializer-pddwn[0m
{"level":"warn","ts":1585309010.2544587,"logger":"fallback-logger","caller":"logging/config.go:69","msg":"Fetch GitHub commit ID from kodata failed: \"ref: refs/heads/0.8.0-**-support-backwards-incompats\" is not a valid GitHub commit ID"}
{"level":"info","ts":1585309010.2549136,"logger":"fallback-logger","caller":"creds-init/main.go:40","msg":"Credentials initialized."}

Showing logs for build [32mseldonio-seldon-core-pr-1590-in-zmgsm-38[0m stage [32mpr-build-comment[0m and container [32mstep-working-dir-initializer-pmk2q[0m
{"level":"warn","ts":1585309011.382469,"logger":"fallback-logger","caller":"logging/config.go:69","msg":"Fetch GitHub commit ID from kodata failed: open /var/run/ko/HEAD: no such file or directory"}
{"level":"info","ts":1585309011.3848088,"logger":"fallback-logger","caller":"bash/main.go:64","msg":"Successfully executed command \"sh -c mkdir -p /workspace/source\"; output "}

Showing logs for build [32mseldonio-seldon-core-pr-1590-in-zmgsm-38[0m stage [32mpr-build-comment[0m and container [32mstep-place-tools[0m

Showing logs for build [32mseldonio-seldon-core-pr-1590-in-zmgsm-38[0m stage [32mpr-build-comment[0m and container [32mstep-create-dir-workspace-t6724[0m
{"level":"warn","ts":1585309017.6465032,"logger":"fallback-logger","caller":"logging/config.go:69","msg":"Fetch GitHub commit ID from kodata failed: open /var/run/ko/HEAD: no such file or directory"}
{"level":"info","ts":1585309017.6491957,"logger":"fallback-logger","caller":"bash/main.go:64","msg":"Successfully executed command \"sh -c mkdir -p source\"; output "}

Showing logs for build [32mseldonio-seldon-core-pr-1590-in-zmgsm-38[0m stage [32mpr-build-comment[0m and container [32mstep-git-source-seldonio-seldon-core-pr-1590-in-2tq7n[0m
{"level":"warn","ts":1585309018.030387,"logger":"fallback-logger","caller":"logging/config.go:69","msg":"Fetch GitHub commit ID from kodata failed: \"ref: refs/heads/0.8.0-**-support-backwards-incompats\" is not a valid GitHub commit ID"}
{"level":"info","ts":1585309021.742329,"logger":"fallback-logger","caller":"git/git.go:103","msg":"Successfully cloned https://github.com/SeldonIO/seldon-core.git @ master in path /workspace/source"}

Showing logs for build [32mseldonio-seldon-core-pr-1590-in-zmgsm-38[0m stage [32mpr-build-comment[0m and container [32mstep-git-merge[0m
Using SHAs from PULL_REFS=master:5e7104e73588779d6f8bbaa31ebfb4e3d059e02e,1590:9057fd467aba95cfd7b88cd7139f629220f4aaea
DEBUG: ran git fetch --unshallow origin 9057fd467aba95cfd7b88cd7139f629220f4aaea: 5e7104e73588779d6f8bbaa31ebfb4e3d059e02e: in 
DEBUG: ran git checkout master in 
DEBUG: ran git reset --hard 5e7104e73588779d6f8bbaa31ebfb4e3d059e02e in 
DEBUG: ran clean --force -d . in 
DEBUG: ran git merge 9057fd467aba95cfd7b88cd7139f629220f4aaea in 
Merged SHA 9057fd467aba95cfd7b88cd7139f629220f4aaea with commit message 'partially revert 8afb6f33 to read env var only once' into base branch master
Merged SHA ea14660dcdd0ea7607dce043937540a7e333e893 with commit message 'add note in docs' into base branch master
Merged SHA d5eeb2a34003e2e38a90f5dc839afd8debc6b72e with commit message 'improve hadling and testing of INCLUDE_METRICS_IN_CLIENT_RESPONSE env variable' into base branch master
Merged SHA 91ae4d60eeed3b0a0c0e078f839b97f8e2a5458f with commit message 'fixes from code review' into base branch master
Merged SHA ec2ceda61d25d0e68afb212453ec00f10c4c3768 with commit message 'add tests for custom metrics returned to client' into base branch master
Merged SHA a736bdc35f2ae2bffdd28576e1e3a36ea80abb70 with commit message 'simplify metrics test code' into base branch master
Merged SHA 55cc322f410677b77a2ee45a99dee63181e61a1b with commit message 'skip metrics also in raw methods' into base branch master
Merged SHA 108cbc3ce6dbbc375f4c4319ec183b3478503c41 with commit message 'WIP: skip metrics in meta returned to client' into base branch master

Showing logs for build [32mseldonio-seldon-core-pr-1590-in-zmgsm-38[0m stage [32mpr-build-comment[0m and container [32mstep-step2[0m
+++ dirname ./add-pr-build-comment
++ cd .
++ pwd
+ STARTUP_DIR=/workspace/source/ci
+ REPO_OWNER=SeldonIO
+ REPO_NAME=seldon-core
+ PULL_NUMBER=1590
+ BUILD_NUMBER=38
+ PIPELINE_CONTEXT=integration
++ cat
+++ date
+ COMMENT_MSG='Fri Mar 27 11:37:08 UTC 2020
The logs for [integration] [38] will show after the pipeline context has finished.  
https://github.com/SeldonIO/seldon-core/blob/gh-pages/jenkins-x/logs/SeldonIO/seldon-core/PR-1590/38.log

impatient try  
** get build logs SeldonIO/seldon-core/PR-1590 --build=38'
+ ** step pr comment --owner=SeldonIO --repository=seldon-core --pull-request=1590 '--comment=Fri Mar 27 11:37:08 UTC 2020
The logs for [integration] [38] will show after the pipeline context has finished.  
https://github.com/SeldonIO/seldon-core/blob/gh-pages/jenkins-x/logs/SeldonIO/seldon-core/PR-1590/38.log

impatient try  
** get build logs SeldonIO/seldon-core/PR-1590 --build=38'

Showing logs for build [32mseldonio-seldon-core-pr-1590-in-zmgsm-38[0m stage [32mpr-build-comment[0m and container [32mstep-source-mkdir-seldonio-seldon-core-pr-1590-in-z4nsl[0m
{"level":"warn","ts":1585309032.0883842,"logger":"fallback-logger","caller":"logging/config.go:69","msg":"Fetch GitHub commit ID from kodata failed: open /var/run/ko/HEAD: no such file or directory"}
{"level":"info","ts":1585309032.0930705,"logger":"fallback-logger","caller":"bash/main.go:64","msg":"Successfully executed command \"sh -c mkdir -p /pvc/pr-build-comment/workspace\"; output "}

Showing logs for build [32mseldonio-seldon-core-pr-1590-in-zmgsm-38[0m stage [32mpr-build-comment[0m and container [32mstep-source-copy-seldonio-seldon-core-pr-1590-in-rn5bl[0m
{"level":"warn","ts":1585309032.437386,"logger":"fallback-logger","caller":"logging/config.go:69","msg":"Fetch GitHub commit ID from kodata failed: open /var/run/ko/HEAD: no such file or directory"}
{"level":"info","ts":1585309032.8035204,"logger":"fallback-logger","caller":"bash/main.go:64","msg":"Successfully executed command \"sh -c cp -r source/. /pvc/pr-build-comment/workspace\"; output "}

Showing logs for build [32mseldonio-seldon-core-pr-1590-in-zmgsm-38[0m stage [32mend-to-end[0m and container [32mstep-credential-initializer-gzbq8[0m
{"level":"warn","ts":1585309065.949384,"logger":"fallback-logger","caller":"logging/config.go:69","msg":"Fetch GitHub commit ID from kodata failed: \"ref: refs/heads/0.8.0-**-support-backwards-incompats\" is not a valid GitHub commit ID"}
{"level":"info","ts":1585309065.9498804,"logger":"fallback-logger","caller":"creds-init/main.go:40","msg":"Credentials initialized."}

Showing logs for build [32mseldonio-seldon-core-pr-1590-in-zmgsm-38[0m stage [32mend-to-end[0m and container [32mstep-working-dir-initializer-dmgzc[0m
{"level":"warn","ts":1585309067.0888464,"logger":"fallback-logger","caller":"logging/config.go:69","msg":"Fetch GitHub commit ID from kodata failed: open /var/run/ko/HEAD: no such file or directory"}
{"level":"info","ts":1585309067.0946736,"logger":"fallback-logger","caller":"bash/main.go:64","msg":"Successfully executed command \"sh -c mkdir -p /workspace/source\"; output "}

Showing logs for build [32mseldonio-seldon-core-pr-1590-in-zmgsm-38[0m stage [32mend-to-end[0m and container [32mstep-place-tools[0m

Showing logs for build [32mseldonio-seldon-core-pr-1590-in-zmgsm-38[0m stage [32mend-to-end[0m and container [32mstep-create-dir-workspace-njzsz[0m
{"level":"warn","ts":1585309074.362856,"logger":"fallback-logger","caller":"logging/config.go:69","msg":"Fetch GitHub commit ID from kodata failed: open /var/run/ko/HEAD: no such file or directory"}
{"level":"info","ts":1585309074.366356,"logger":"fallback-logger","caller":"bash/main.go:64","msg":"Successfully executed command \"sh -c mkdir -p /workspace/source\"; output "}

Showing logs for build [32mseldonio-seldon-core-pr-1590-in-zmgsm-38[0m stage [32mend-to-end[0m and container [32mstep-source-copy-workspace-ppjgq[0m
{"level":"warn","ts":1585309074.8348022,"logger":"fallback-logger","caller":"logging/config.go:69","msg":"Fetch GitHub commit ID from kodata failed: open /var/run/ko/HEAD: no such file or directory"}
{"level":"info","ts":1585309078.7610595,"logger":"fallback-logger","caller":"bash/main.go:64","msg":"Successfully executed command \"sh -c cp -r /pvc/pr-build-comment/workspace/. /workspace/source\"; output "}

Showing logs for build [32mseldonio-seldon-core-pr-1590-in-zmgsm-38[0m stage [32mend-to-end[0m and container [32mstep-test-end-to-end[0m
Test run type is: [base]
Starting Docker: docker.
[SETUP] Waiting for Docker to be ready, sleeping for 1 seconds ...
kind create cluster --config ../resources/kind_config.yaml
Creating cluster "kind" ...
 â€¢ Ensuring node image (kindest/node:v1.16.3) ðŸ–¼  ...
 âœ“ Ensuring node image (kindest/node:v1.16.3) ðŸ–¼
 â€¢ Preparing nodes ðŸ“¦  ...
 âœ“ Preparing nodes ðŸ“¦
 â€¢ Writing configuration ðŸ“œ  ...
 âœ“ Writing configuration ðŸ“œ
 â€¢ Starting control-plane ðŸ•¹ï¸  ...
 âœ“ Starting control-plane ðŸ•¹ï¸
 â€¢ Installing CNI ðŸ”Œ  ...
 âœ“ Installing CNI ðŸ”Œ
 â€¢ Installing StorageClass ðŸ’¾  ...
 âœ“ Installing StorageClass ðŸ’¾
 â€¢ Joining worker nodes ðŸšœ  ...
 âœ“ Joining worker nodes ðŸšœ
Set kubectl context to "kind-kind"
You can now use your cluster with:

kubectl cluster-info --context kind-kind

Have a question, bug, or feature request? Let us know! https://kind.sigs.k8s.io/#community ðŸ™‚
`kind get kubeconfig-path` is deprecated!

KIND will export and merge kubeconfig like kops, minikube, etc.
This command is now unnecessary and will be removed in a future release.

For more info see: https://github.com/kubernetes-sigs/kind/issues/1060
See also the output of `kind create cluster`

Files changed in python folder:
python/seldon_core/seldon_methods.py
python/seldon_core/user_model.py
python/tests/conftest.py
python/tests/test_metrics.py
cd ../../wrappers/s2i/python/build_scripts && ./build_all_local.sh
make[1]: Entering directory '/workspace/source/wrappers/s2i/python'
mkdir -p _python
cp -r ../../../python _python
cat Dockerfile.local.tmpl | sed  -e "s|%PYTHON_VERSION%|3.6|" | sed  -e "s|%CONDA_VERSION%|4.7.12|" > Dockerfile
set -x && docker build -t docker.io/seldonio/seldon-core-s2i-python`echo -n 3.6 | sed 's/\.//g'`:0.19-SNAPSHOT .
++ echo -n 3.6
++ sed 's/\.//g'
+ docker build -t docker.io/seldonio/seldon-core-s2i-python36:0.19-SNAPSHOT .
Sending build context to Docker daemon  954.9kB
Step 1/10 : FROM continuumio/miniconda3:4.7.12
4.7.12: Pulling from continuumio/miniconda3
b8f262c62ec6: Pulling fs layer
0a43c0154f16: Pulling fs layer
906d7b5da8fb: Pulling fs layer
b8f262c62ec6: Download complete
906d7b5da8fb: Verifying Checksum
906d7b5da8fb: Download complete
0a43c0154f16: Verifying Checksum
0a43c0154f16: Download complete
b8f262c62ec6: Pull complete
0a43c0154f16: Pull complete
906d7b5da8fb: Pull complete
Digest: sha256:6c979670684d970f8ba934bf9b7bf42e77c30a22eb96af1f30a039b484719159
Status: Downloaded newer image for continuumio/miniconda3:4.7.12
 ---> 406f2b43ea59
Step 2/10 : LABEL io.openshift.s2i.scripts-url="image:///s2i/bin"
 ---> Running in 0441a6b4ee36
Removing intermediate container 0441a6b4ee36
 ---> 765306793355
Step 3/10 : RUN conda install --yes python=3.6 conda=4.7.12
 ---> Running in d5647557ca2d
Collecting package metadata (current_repodata.json): ...working... done
Solving environment: ...working... failed with initial frozen solve. Retrying with flexible solve.
Solving environment: ...working... failed with repodata from current_repodata.json, will retry with next repodata source.
Collecting package metadata (repodata.json): ...working... done
Solving environment: ...working... done

## Package Plan ##

  environment location: /opt/conda

  added / updated specs:
    - conda=4.7.12
    - python=3.6


The following packages will be downloaded:

    package                    |            build
    ---------------------------|-----------------
    asn1crypto-1.3.0           |           py36_0         164 KB
    ca-certificates-2020.1.1   |                0         125 KB
    certifi-2019.11.28         |           py36_1         157 KB
    cffi-1.14.0                |   py36h2e261b9_0         223 KB
    chardet-3.0.4              |        py36_1003         180 KB
    conda-4.7.12               |           py36_0         2.8 MB
    conda-package-handling-1.6.0|   py36h7b6447c_0         795 KB
    cryptography-2.8           |   py36h1ba5d50_0         552 KB
    idna-2.9                   |             py_1          49 KB
    openssl-1.1.1e             |       h7b6447c_0         2.5 MB
    pip-20.0.2                 |           py36_1         1.7 MB
    pycosat-0.6.3              |   py36h7b6447c_0          82 KB
    pycparser-2.20             |             py_0          92 KB
    pyopenssl-19.1.0           |           py36_0          87 KB
    pysocks-1.7.1              |           py36_0          30 KB
    python-3.6.9               |       h265db76_0        30.2 MB
    requests-2.23.0            |           py36_0          91 KB
    ruamel_yaml-0.15.87        |   py36h7b6447c_0         257 KB
    setuptools-46.1.1          |           py36_0         511 KB
    six-1.14.0                 |           py36_0          27 KB
    tqdm-4.36.1                |             py_0          50 KB
    urllib3-1.25.8             |           py36_0         169 KB
    wheel-0.34.2               |           py36_0          51 KB
    ------------------------------------------------------------
                                           Total:        40.8 MB

The following packages will be UPDATED:

  asn1crypto                                   1.0.1-py37_0 --> 1.3.0-py36_0
  ca-certificates                               2019.8.28-0 --> 2020.1.1-0
  certifi                                  2019.9.11-py37_0 --> 2019.11.28-py36_1
  cffi                                1.12.3-py37h2e261b9_0 --> 1.14.0-py36h2e261b9_0
  cryptography                           2.7-py37h1ba5d50_0 --> 2.8-py36h1ba5d50_0
  idna                  pkgs/main/linux-64::idna-2.8-py37_0 --> pkgs/main/noarch::idna-2.9-py_1
  openssl                                 1.1.1d-h7b6447c_2 --> 1.1.1e-h7b6447c_0
  pip                                         19.2.3-py37_0 --> 20.0.2-py36_1
  pycparser          pkgs/main/linux-64::pycparser-2.19-py~ --> pkgs/main/noarch::pycparser-2.20-py_0
  pyopenssl                                   19.0.0-py37_0 --> 19.1.0-py36_0
  requests                                    2.22.0-py37_0 --> 2.23.0-py36_0
  ruamel_yaml                        0.15.46-py37h14c3975_0 --> 0.15.87-py36h7b6447c_0
  setuptools                                  41.4.0-py37_0 --> 46.1.1-py36_0
  six                                         1.12.0-py37_0 --> 1.14.0-py36_0
  urllib3                                     1.24.2-py37_0 --> 1.25.8-py36_0
  wheel                                       0.33.6-py37_0 --> 0.34.2-py36_0

The following packages will be DOWNGRADED:

  chardet                                   3.0.4-py37_1003 --> 3.0.4-py36_1003
  conda                                       4.7.12-py37_0 --> 4.7.12-py36_0
  conda-package-han~                   1.6.0-py37h7b6447c_0 --> 1.6.0-py36h7b6447c_0
  pycosat                              0.6.3-py37h14c3975_0 --> 0.6.3-py36h7b6447c_0
  pysocks                                      1.7.1-py37_0 --> 1.7.1-py36_0
  python                                   3.7.4-h265db76_1 --> 3.6.9-h265db76_0



Downloading and Extracting Packages
urllib3-1.25.8       | 169 KB    |            |   0% urllib3-1.25.8       | 169 KB    | ########## | 100% 
tqdm-4.36.1          | 50 KB     |            |   0% tqdm-4.36.1          | 50 KB     | ########## | 100% 
wheel-0.34.2         | 51 KB     |            |   0% wheel-0.34.2         | 51 KB     | ########## | 100% 
certifi-2019.11.28   | 157 KB    |            |   0% certifi-2019.11.28   | 157 KB    | ########## | 100% 
setuptools-46.1.1    | 511 KB    |            |   0% setuptools-46.1.1    | 511 KB    | ########## | 100% 
python-3.6.9         | 30.2 MB   |            |   0% python-3.6.9         | 30.2 MB   | ##2        |  22% python-3.6.9         | 30.2 MB   | ####9      |  49% python-3.6.9         | 30.2 MB   | ######6    |  66% python-3.6.9         | 30.2 MB   | #######9   |  80% python-3.6.9         | 30.2 MB   | #########2 |  92% python-3.6.9         | 30.2 MB   | ########## | 100% 
pysocks-1.7.1        | 30 KB     |            |   0% pysocks-1.7.1        | 30 KB     | ########## | 100% 
cffi-1.14.0          | 223 KB    |            |   0% cffi-1.14.0          | 223 KB    | ########## | 100% 
openssl-1.1.1e       | 2.5 MB    |            |   0% openssl-1.1.1e       | 2.5 MB    | ########## | 100% 
cryptography-2.8     | 552 KB    |            |   0% cryptography-2.8     | 552 KB    | ########## | 100% 
conda-package-handli | 795 KB    |            |   0% conda-package-handli | 795 KB    | ########## | 100% 
pycosat-0.6.3        | 82 KB     |            |   0% pycosat-0.6.3        | 82 KB     | ########## | 100% 
six-1.14.0           | 27 KB     |            |   0% six-1.14.0           | 27 KB     | ########## | 100% 
pyopenssl-19.1.0     | 87 KB     |            |   0% pyopenssl-19.1.0     | 87 KB     | ########## | 100% 
ca-certificates-2020 | 125 KB    |            |   0% ca-certificates-2020 | 125 KB    | ########## | 100% 
chardet-3.0.4        | 180 KB    |            |   0% chardet-3.0.4        | 180 KB    | ########## | 100% 
idna-2.9             | 49 KB     |            |   0% idna-2.9             | 49 KB     | ########## | 100% 
conda-4.7.12         | 2.8 MB    |            |   0% conda-4.7.12         | 2.8 MB    | ########## | 100% 
pycparser-2.20       | 92 KB     |            |   0% pycparser-2.20       | 92 KB     | ########## | 100% 
pip-20.0.2           | 1.7 MB    |            |   0% pip-20.0.2           | 1.7 MB    | ########## | 100% 
ruamel_yaml-0.15.87  | 257 KB    |            |   0% ruamel_yaml-0.15.87  | 257 KB    | ########## | 100% 
requests-2.23.0      | 91 KB     |            |   0% requests-2.23.0      | 91 KB     | ########## | 100% 
asn1crypto-1.3.0     | 164 KB    |            |   0% asn1crypto-1.3.0     | 164 KB    | ########## | 100% 
Preparing transaction: ...working... done
Verifying transaction: ...working... done
Executing transaction: ...working... done
[91m

==> WARNING: A newer version of conda exists. <==
  current version: 4.7.12
  latest version: 4.8.3

Please update conda by running

    $ conda update -n base -c defaults conda


[0mRemoving intermediate container d5647557ca2d
 ---> c8bb0ca9422c
Step 4/10 : RUN apt-get update --yes && apt-get install --yes gcc make build-essential
 ---> Running in ffaed45c5b56
Get:1 http://deb.debian.org/debian buster InRelease [122 kB]
Get:2 http://deb.debian.org/debian buster-updates InRelease [49.3 kB]
Get:3 http://security.debian.org/debian-security buster/updates InRelease [65.4 kB]
Get:4 http://deb.debian.org/debian buster/main amd64 Packages [7907 kB]
Get:5 http://deb.debian.org/debian buster-updates/main amd64 Packages.diff/Index [2212 B]
Get:6 http://deb.debian.org/debian buster-updates/main amd64 Packages 2020-02-23-2017.41.pdiff [2162 B]
Get:6 http://deb.debian.org/debian buster-updates/main amd64 Packages 2020-02-23-2017.41.pdiff [2162 B]
Get:7 http://security.debian.org/debian-security buster/updates/main amd64 Packages [185 kB]
Fetched 8333 kB in 2s (4243 kB/s)
Reading package lists...
Reading package lists...
Building dependency tree...
Reading state information...
The following additional packages will be installed:
  binutils binutils-common binutils-x86-64-linux-gnu cpp cpp-8 dirmngr
  dpkg-dev fakeroot g++ g++-8 gcc-8 gnupg gnupg-l10n gnupg-utils gpg gpg-agent
  gpg-wks-client gpg-wks-server gpgconf gpgsm libalgorithm-diff-perl
  libalgorithm-diff-xs-perl libalgorithm-merge-perl libasan5 libassuan0
  libatomic1 libbinutils libc-dev-bin libc6-dev libcc1-0 libdpkg-perl
  libfakeroot libfile-fcntllock-perl libgcc-8-dev libgomp1 libisl19 libitm1
  libksba8 liblocale-gettext-perl liblsan0 libmpc3 libmpfr6 libmpx2 libnpth0
  libquadmath0 libstdc++-8-dev libtsan0 libubsan1 linux-libc-dev manpages
  manpages-dev pinentry-curses
Suggested packages:
  binutils-doc cpp-doc gcc-8-locales dbus-user-session libpam-systemd
  pinentry-gnome3 tor debian-keyring g++-multilib g++-8-multilib gcc-8-doc
  libstdc++6-8-dbg gcc-multilib autoconf automake libtool flex bison gdb
  gcc-doc gcc-8-multilib libgcc1-dbg libgomp1-dbg libitm1-dbg libatomic1-dbg
  libasan5-dbg liblsan0-dbg libtsan0-dbg libubsan1-dbg libmpx2-dbg
  libquadmath0-dbg parcimonie xloadimage scdaemon glibc-doc bzr
  libstdc++-8-doc make-doc man-browser pinentry-doc
The following NEW packages will be installed:
  binutils binutils-common binutils-x86-64-linux-gnu build-essential cpp cpp-8
  dirmngr dpkg-dev fakeroot g++ g++-8 gcc gcc-8 gnupg gnupg-l10n gnupg-utils
  gpg gpg-agent gpg-wks-client gpg-wks-server gpgconf gpgsm
  libalgorithm-diff-perl libalgorithm-diff-xs-perl libalgorithm-merge-perl
  libasan5 libassuan0 libatomic1 libbinutils libc-dev-bin libc6-dev libcc1-0
  libdpkg-perl libfakeroot libfile-fcntllock-perl libgcc-8-dev libgomp1
  libisl19 libitm1 libksba8 liblocale-gettext-perl liblsan0 libmpc3 libmpfr6
  libmpx2 libnpth0 libquadmath0 libstdc++-8-dev libtsan0 libubsan1
  linux-libc-dev make manpages manpages-dev pinentry-curses
0 upgraded, 55 newly installed, 0 to remove and 31 not upgraded.
Need to get 57.7 MB of archives.
After this operation, 202 MB of additional disk space will be used.
Get:1 http://deb.debian.org/debian buster/main amd64 liblocale-gettext-perl amd64 1.07-3+b4 [18.9 kB]
Get:2 http://deb.debian.org/debian buster/main amd64 manpages all 4.16-2 [1295 kB]
Get:3 http://deb.debian.org/debian buster/main amd64 binutils-common amd64 2.31.1-16 [2073 kB]
Get:4 http://deb.debian.org/debian buster/main amd64 libbinutils amd64 2.31.1-16 [478 kB]
Get:5 http://deb.debian.org/debian buster/main amd64 binutils-x86-64-linux-gnu amd64 2.31.1-16 [1823 kB]
Get:6 http://deb.debian.org/debian buster/main amd64 binutils amd64 2.31.1-16 [56.8 kB]
Get:7 http://deb.debian.org/debian buster/main amd64 libc-dev-bin amd64 2.28-10 [275 kB]
Get:8 http://deb.debian.org/debian buster/main amd64 linux-libc-dev amd64 4.19.98-1 [1314 kB]
Get:9 http://deb.debian.org/debian buster/main amd64 libc6-dev amd64 2.28-10 [2691 kB]
Get:10 http://deb.debian.org/debian buster/main amd64 libisl19 amd64 0.20-2 [587 kB]
Get:11 http://deb.debian.org/debian buster/main amd64 libmpfr6 amd64 4.0.2-1 [775 kB]
Get:12 http://deb.debian.org/debian buster/main amd64 libmpc3 amd64 1.1.0-1 [41.3 kB]
Get:13 http://deb.debian.org/debian buster/main amd64 cpp-8 amd64 8.3.0-6 [8914 kB]
Get:14 http://deb.debian.org/debian buster/main amd64 cpp amd64 4:8.3.0-1 [19.4 kB]
Get:15 http://deb.debian.org/debian buster/main amd64 libcc1-0 amd64 8.3.0-6 [46.6 kB]
Get:16 http://deb.debian.org/debian buster/main amd64 libgomp1 amd64 8.3.0-6 [75.8 kB]
Get:17 http://deb.debian.org/debian buster/main amd64 libitm1 amd64 8.3.0-6 [27.7 kB]
Get:18 http://deb.debian.org/debian buster/main amd64 libatomic1 amd64 8.3.0-6 [9032 B]
Get:19 http://deb.debian.org/debian buster/main amd64 libasan5 amd64 8.3.0-6 [362 kB]
Get:20 http://deb.debian.org/debian buster/main amd64 liblsan0 amd64 8.3.0-6 [131 kB]
Get:21 http://deb.debian.org/debian buster/main amd64 libtsan0 amd64 8.3.0-6 [283 kB]
Get:22 http://deb.debian.org/debian buster/main amd64 libubsan1 amd64 8.3.0-6 [120 kB]
Get:23 http://deb.debian.org/debian buster/main amd64 libmpx2 amd64 8.3.0-6 [11.4 kB]
Get:24 http://deb.debian.org/debian buster/main amd64 libquadmath0 amd64 8.3.0-6 [133 kB]
Get:25 http://deb.debian.org/debian buster/main amd64 libgcc-8-dev amd64 8.3.0-6 [2298 kB]
Get:26 http://deb.debian.org/debian buster/main amd64 gcc-8 amd64 8.3.0-6 [9452 kB]
Get:27 http://deb.debian.org/debian buster/main amd64 gcc amd64 4:8.3.0-1 [5196 B]
Get:28 http://deb.debian.org/debian buster/main amd64 libstdc++-8-dev amd64 8.3.0-6 [1532 kB]
Get:29 http://deb.debian.org/debian buster/main amd64 g++-8 amd64 8.3.0-6 [9752 kB]
Get:30 http://deb.debian.org/debian buster/main amd64 g++ amd64 4:8.3.0-1 [1644 B]
Get:31 http://deb.debian.org/debian buster/main amd64 make amd64 4.2.1-1.2 [341 kB]
Get:32 http://deb.debian.org/debian buster/main amd64 libdpkg-perl all 1.19.7 [1414 kB]
Get:33 http://deb.debian.org/debian buster/main amd64 dpkg-dev all 1.19.7 [1773 kB]
Get:34 http://deb.debian.org/debian buster/main amd64 build-essential amd64 12.6 [7576 B]
Get:35 http://deb.debian.org/debian buster/main amd64 libassuan0 amd64 2.5.2-1 [49.4 kB]
Get:36 http://deb.debian.org/debian buster/main amd64 gpgconf amd64 2.2.12-1+deb10u1 [510 kB]
Get:37 http://deb.debian.org/debian buster/main amd64 libksba8 amd64 1.3.5-2 [99.7 kB]
Get:38 http://deb.debian.org/debian buster/main amd64 libnpth0 amd64 1.6-1 [18.4 kB]
Get:39 http://deb.debian.org/debian buster/main amd64 dirmngr amd64 2.2.12-1+deb10u1 [712 kB]
Get:40 http://deb.debian.org/debian buster/main amd64 libfakeroot amd64 1.23-1 [45.9 kB]
Get:41 http://deb.debian.org/debian buster/main amd64 fakeroot amd64 1.23-1 [85.8 kB]
Get:42 http://deb.debian.org/debian buster/main amd64 gnupg-l10n all 2.2.12-1+deb10u1 [1010 kB]
Get:43 http://deb.debian.org/debian buster/main amd64 gnupg-utils amd64 2.2.12-1+deb10u1 [861 kB]
Get:44 http://deb.debian.org/debian buster/main amd64 gpg amd64 2.2.12-1+deb10u1 [865 kB]
Get:45 http://deb.debian.org/debian buster/main amd64 pinentry-curses amd64 1.1.0-2 [64.5 kB]
Get:46 http://deb.debian.org/debian buster/main amd64 gpg-agent amd64 2.2.12-1+deb10u1 [617 kB]
Get:47 http://deb.debian.org/debian buster/main amd64 gpg-wks-client amd64 2.2.12-1+deb10u1 [485 kB]
Get:48 http://deb.debian.org/debian buster/main amd64 gpg-wks-server amd64 2.2.12-1+deb10u1 [478 kB]
Get:49 http://deb.debian.org/debian buster/main amd64 gpgsm amd64 2.2.12-1+deb10u1 [604 kB]
Get:50 http://deb.debian.org/debian buster/main amd64 gnupg all 2.2.12-1+deb10u1 [715 kB]
Get:51 http://deb.debian.org/debian buster/main amd64 libalgorithm-diff-perl all 1.19.03-2 [47.9 kB]
Get:52 http://deb.debian.org/debian buster/main amd64 libalgorithm-diff-xs-perl amd64 0.04-5+b1 [11.8 kB]
Get:53 http://deb.debian.org/debian buster/main amd64 libalgorithm-merge-perl all 0.08-3 [12.7 kB]
Get:54 http://deb.debian.org/debian buster/main amd64 libfile-fcntllock-perl amd64 0.22-3+b5 [35.4 kB]
Get:55 http://deb.debian.org/debian buster/main amd64 manpages-dev all 4.16-2 [2232 kB]
[91mdebconf: delaying package configuration, since apt-utils is not installed
[0mFetched 57.7 MB in 1s (74.2 MB/s)
Selecting previously unselected package liblocale-gettext-perl.
(Reading database ... (Reading database ... 5%(Reading database ... 10%(Reading database ... 15%(Reading database ... 20%(Reading database ... 25%(Reading database ... 30%(Reading database ... 35%(Reading database ... 40%(Reading database ... 45%(Reading database ... 50%(Reading database ... 55%(Reading database ... 60%(Reading database ... 65%(Reading database ... 70%(Reading database ... 75%(Reading database ... 80%(Reading database ... 85%(Reading database ... 90%(Reading database ... 95%(Reading database ... 100%(Reading database ... 12557 files and directories currently installed.)
Preparing to unpack .../00-liblocale-gettext-perl_1.07-3+b4_amd64.deb ...
Unpacking liblocale-gettext-perl (1.07-3+b4) ...
Selecting previously unselected package manpages.
Preparing to unpack .../01-manpages_4.16-2_all.deb ...
Unpacking manpages (4.16-2) ...
Selecting previously unselected package binutils-common:amd64.
Preparing to unpack .../02-binutils-common_2.31.1-16_amd64.deb ...
Unpacking binutils-common:amd64 (2.31.1-16) ...
Selecting previously unselected package libbinutils:amd64.
Preparing to unpack .../03-libbinutils_2.31.1-16_amd64.deb ...
Unpacking libbinutils:amd64 (2.31.1-16) ...
Selecting previously unselected package binutils-x86-64-linux-gnu.
Preparing to unpack .../04-binutils-x86-64-linux-gnu_2.31.1-16_amd64.deb ...
Unpacking binutils-x86-64-linux-gnu (2.31.1-16) ...
Selecting previously unselected package binutils.
Preparing to unpack .../05-binutils_2.31.1-16_amd64.deb ...
Unpacking binutils (2.31.1-16) ...
Selecting previously unselected package libc-dev-bin.
Preparing to unpack .../06-libc-dev-bin_2.28-10_amd64.deb ...
Unpacking libc-dev-bin (2.28-10) ...
Selecting previously unselected package linux-libc-dev:amd64.
Preparing to unpack .../07-linux-libc-dev_4.19.98-1_amd64.deb ...
Unpacking linux-libc-dev:amd64 (4.19.98-1) ...
Selecting previously unselected package libc6-dev:amd64.
Preparing to unpack .../08-libc6-dev_2.28-10_amd64.deb ...
Unpacking libc6-dev:amd64 (2.28-10) ...
Selecting previously unselected package libisl19:amd64.
Preparing to unpack .../09-libisl19_0.20-2_amd64.deb ...
Unpacking libisl19:amd64 (0.20-2) ...
Selecting previously unselected package libmpfr6:amd64.
Preparing to unpack .../10-libmpfr6_4.0.2-1_amd64.deb ...
Unpacking libmpfr6:amd64 (4.0.2-1) ...
Selecting previously unselected package libmpc3:amd64.
Preparing to unpack .../11-libmpc3_1.1.0-1_amd64.deb ...
Unpacking libmpc3:amd64 (1.1.0-1) ...
Selecting previously unselected package cpp-8.
Preparing to unpack .../12-cpp-8_8.3.0-6_amd64.deb ...
Unpacking cpp-8 (8.3.0-6) ...
Selecting previously unselected package cpp.
Preparing to unpack .../13-cpp_4%3a8.3.0-1_amd64.deb ...
Unpacking cpp (4:8.3.0-1) ...
Selecting previously unselected package libcc1-0:amd64.
Preparing to unpack .../14-libcc1-0_8.3.0-6_amd64.deb ...
Unpacking libcc1-0:amd64 (8.3.0-6) ...
Selecting previously unselected package libgomp1:amd64.
Preparing to unpack .../15-libgomp1_8.3.0-6_amd64.deb ...
Unpacking libgomp1:amd64 (8.3.0-6) ...
Selecting previously unselected package libitm1:amd64.
Preparing to unpack .../16-libitm1_8.3.0-6_amd64.deb ...
Unpacking libitm1:amd64 (8.3.0-6) ...
Selecting previously unselected package libatomic1:amd64.
Preparing to unpack .../17-libatomic1_8.3.0-6_amd64.deb ...
Unpacking libatomic1:amd64 (8.3.0-6) ...
Selecting previously unselected package libasan5:amd64.
Preparing to unpack .../18-libasan5_8.3.0-6_amd64.deb ...
Unpacking libasan5:amd64 (8.3.0-6) ...
Selecting previously unselected package liblsan0:amd64.
Preparing to unpack .../19-liblsan0_8.3.0-6_amd64.deb ...
Unpacking liblsan0:amd64 (8.3.0-6) ...
Selecting previously unselected package libtsan0:amd64.
Preparing to unpack .../20-libtsan0_8.3.0-6_amd64.deb ...
Unpacking libtsan0:amd64 (8.3.0-6) ...
Selecting previously unselected package libubsan1:amd64.
Preparing to unpack .../21-libubsan1_8.3.0-6_amd64.deb ...
Unpacking libubsan1:amd64 (8.3.0-6) ...
Selecting previously unselected package libmpx2:amd64.
Preparing to unpack .../22-libmpx2_8.3.0-6_amd64.deb ...
Unpacking libmpx2:amd64 (8.3.0-6) ...
Selecting previously unselected package libquadmath0:amd64.
Preparing to unpack .../23-libquadmath0_8.3.0-6_amd64.deb ...
Unpacking libquadmath0:amd64 (8.3.0-6) ...
Selecting previously unselected package libgcc-8-dev:amd64.
Preparing to unpack .../24-libgcc-8-dev_8.3.0-6_amd64.deb ...
Unpacking libgcc-8-dev:amd64 (8.3.0-6) ...
Selecting previously unselected package gcc-8.
Preparing to unpack .../25-gcc-8_8.3.0-6_amd64.deb ...
Unpacking gcc-8 (8.3.0-6) ...
Selecting previously unselected package gcc.
Preparing to unpack .../26-gcc_4%3a8.3.0-1_amd64.deb ...
Unpacking gcc (4:8.3.0-1) ...
Selecting previously unselected package libstdc++-8-dev:amd64.
Preparing to unpack .../27-libstdc++-8-dev_8.3.0-6_amd64.deb ...
Unpacking libstdc++-8-dev:amd64 (8.3.0-6) ...
Selecting previously unselected package g++-8.
Preparing to unpack .../28-g++-8_8.3.0-6_amd64.deb ...
Unpacking g++-8 (8.3.0-6) ...
Selecting previously unselected package g++.
Preparing to unpack .../29-g++_4%3a8.3.0-1_amd64.deb ...
Unpacking g++ (4:8.3.0-1) ...
Selecting previously unselected package make.
Preparing to unpack .../30-make_4.2.1-1.2_amd64.deb ...
Unpacking make (4.2.1-1.2) ...
Selecting previously unselected package libdpkg-perl.
Preparing to unpack .../31-libdpkg-perl_1.19.7_all.deb ...
Unpacking libdpkg-perl (1.19.7) ...
Selecting previously unselected package dpkg-dev.
Preparing to unpack .../32-dpkg-dev_1.19.7_all.deb ...
Unpacking dpkg-dev (1.19.7) ...
Selecting previously unselected package build-essential.
Preparing to unpack .../33-build-essential_12.6_amd64.deb ...
Unpacking build-essential (12.6) ...
Selecting previously unselected package libassuan0:amd64.
Preparing to unpack .../34-libassuan0_2.5.2-1_amd64.deb ...
Unpacking libassuan0:amd64 (2.5.2-1) ...
Selecting previously unselected package gpgconf.
Preparing to unpack .../35-gpgconf_2.2.12-1+deb10u1_amd64.deb ...
Unpacking gpgconf (2.2.12-1+deb10u1) ...
Selecting previously unselected package libksba8:amd64.
Preparing to unpack .../36-libksba8_1.3.5-2_amd64.deb ...
Unpacking libksba8:amd64 (1.3.5-2) ...
Selecting previously unselected package libnpth0:amd64.
Preparing to unpack .../37-libnpth0_1.6-1_amd64.deb ...
Unpacking libnpth0:amd64 (1.6-1) ...
Selecting previously unselected package dirmngr.
Preparing to unpack .../38-dirmngr_2.2.12-1+deb10u1_amd64.deb ...
Unpacking dirmngr (2.2.12-1+deb10u1) ...
Selecting previously unselected package libfakeroot:amd64.
Preparing to unpack .../39-libfakeroot_1.23-1_amd64.deb ...
Unpacking libfakeroot:amd64 (1.23-1) ...
Selecting previously unselected package fakeroot.
Preparing to unpack .../40-fakeroot_1.23-1_amd64.deb ...
Unpacking fakeroot (1.23-1) ...
Selecting previously unselected package gnupg-l10n.
Preparing to unpack .../41-gnupg-l10n_2.2.12-1+deb10u1_all.deb ...
Unpacking gnupg-l10n (2.2.12-1+deb10u1) ...
Selecting previously unselected package gnupg-utils.
Preparing to unpack .../42-gnupg-utils_2.2.12-1+deb10u1_amd64.deb ...
Unpacking gnupg-utils (2.2.12-1+deb10u1) ...
Selecting previously unselected package gpg.
Preparing to unpack .../43-gpg_2.2.12-1+deb10u1_amd64.deb ...
Unpacking gpg (2.2.12-1+deb10u1) ...
Selecting previously unselected package pinentry-curses.
Preparing to unpack .../44-pinentry-curses_1.1.0-2_amd64.deb ...
Unpacking pinentry-curses (1.1.0-2) ...
Selecting previously unselected package gpg-agent.
Preparing to unpack .../45-gpg-agent_2.2.12-1+deb10u1_amd64.deb ...
Unpacking gpg-agent (2.2.12-1+deb10u1) ...
Selecting previously unselected package gpg-wks-client.
Preparing to unpack .../46-gpg-wks-client_2.2.12-1+deb10u1_amd64.deb ...
Unpacking gpg-wks-client (2.2.12-1+deb10u1) ...
Selecting previously unselected package gpg-wks-server.
Preparing to unpack .../47-gpg-wks-server_2.2.12-1+deb10u1_amd64.deb ...
Unpacking gpg-wks-server (2.2.12-1+deb10u1) ...
Selecting previously unselected package gpgsm.
Preparing to unpack .../48-gpgsm_2.2.12-1+deb10u1_amd64.deb ...
Unpacking gpgsm (2.2.12-1+deb10u1) ...
Selecting previously unselected package gnupg.
Preparing to unpack .../49-gnupg_2.2.12-1+deb10u1_all.deb ...
Unpacking gnupg (2.2.12-1+deb10u1) ...
Selecting previously unselected package libalgorithm-diff-perl.
Preparing to unpack .../50-libalgorithm-diff-perl_1.19.03-2_all.deb ...
Unpacking libalgorithm-diff-perl (1.19.03-2) ...
Selecting previously unselected package libalgorithm-diff-xs-perl.
Preparing to unpack .../51-libalgorithm-diff-xs-perl_0.04-5+b1_amd64.deb ...
Unpacking libalgorithm-diff-xs-perl (0.04-5+b1) ...
Selecting previously unselected package libalgorithm-merge-perl.
Preparing to unpack .../52-libalgorithm-merge-perl_0.08-3_all.deb ...
Unpacking libalgorithm-merge-perl (0.08-3) ...
Selecting previously unselected package libfile-fcntllock-perl.
Preparing to unpack .../53-libfile-fcntllock-perl_0.22-3+b5_amd64.deb ...
Unpacking libfile-fcntllock-perl (0.22-3+b5) ...
Selecting previously unselected package manpages-dev.
Preparing to unpack .../54-manpages-dev_4.16-2_all.deb ...
Unpacking manpages-dev (4.16-2) ...
Setting up libksba8:amd64 (1.3.5-2) ...
Setting up libfile-fcntllock-perl (0.22-3+b5) ...
Setting up libalgorithm-diff-perl (1.19.03-2) ...
Setting up manpages (4.16-2) ...
Setting up binutils-common:amd64 (2.31.1-16) ...
Setting up linux-libc-dev:amd64 (4.19.98-1) ...
Setting up libnpth0:amd64 (1.6-1) ...
Setting up libassuan0:amd64 (2.5.2-1) ...
Setting up libgomp1:amd64 (8.3.0-6) ...
Setting up libfakeroot:amd64 (1.23-1) ...
Setting up fakeroot (1.23-1) ...
update-alternatives: using /usr/bin/fakeroot-sysv to provide /usr/bin/fakeroot (fakeroot) in auto mode
update-alternatives: warning: skip creation of /usr/share/man/man1/fakeroot.1.gz because associated file /usr/share/man/man1/fakeroot-sysv.1.gz (of link group fakeroot) doesn't exist
update-alternatives: warning: skip creation of /usr/share/man/man1/faked.1.gz because associated file /usr/share/man/man1/faked-sysv.1.gz (of link group fakeroot) doesn't exist
update-alternatives: warning: skip creation of /usr/share/man/es/man1/fakeroot.1.gz because associated file /usr/share/man/es/man1/fakeroot-sysv.1.gz (of link group fakeroot) doesn't exist
update-alternatives: warning: skip creation of /usr/share/man/es/man1/faked.1.gz because associated file /usr/share/man/es/man1/faked-sysv.1.gz (of link group fakeroot) doesn't exist
update-alternatives: warning: skip creation of /usr/share/man/fr/man1/fakeroot.1.gz because associated file /usr/share/man/fr/man1/fakeroot-sysv.1.gz (of link group fakeroot) doesn't exist
update-alternatives: warning: skip creation of /usr/share/man/fr/man1/faked.1.gz because associated file /usr/share/man/fr/man1/faked-sysv.1.gz (of link group fakeroot) doesn't exist
update-alternatives: warning: skip creation of /usr/share/man/sv/man1/fakeroot.1.gz because associated file /usr/share/man/sv/man1/fakeroot-sysv.1.gz (of link group fakeroot) doesn't exist
update-alternatives: warning: skip creation of /usr/share/man/sv/man1/faked.1.gz because associated file /usr/share/man/sv/man1/faked-sysv.1.gz (of link group fakeroot) doesn't exist
Setting up libasan5:amd64 (8.3.0-6) ...
Setting up make (4.2.1-1.2) ...
Setting up libmpfr6:amd64 (4.0.2-1) ...
Setting up gnupg-l10n (2.2.12-1+deb10u1) ...
Setting up libquadmath0:amd64 (8.3.0-6) ...
Setting up libmpc3:amd64 (1.1.0-1) ...
Setting up libatomic1:amd64 (8.3.0-6) ...
Setting up libdpkg-perl (1.19.7) ...
Setting up libmpx2:amd64 (8.3.0-6) ...
Setting up libubsan1:amd64 (8.3.0-6) ...
Setting up libisl19:amd64 (0.20-2) ...
Setting up gpgconf (2.2.12-1+deb10u1) ...
Setting up libbinutils:amd64 (2.31.1-16) ...
Setting up cpp-8 (8.3.0-6) ...
Setting up libc-dev-bin (2.28-10) ...
Setting up libalgorithm-diff-xs-perl (0.04-5+b1) ...
Setting up libcc1-0:amd64 (8.3.0-6) ...
Setting up liblocale-gettext-perl (1.07-3+b4) ...
Setting up gpg (2.2.12-1+deb10u1) ...
Setting up liblsan0:amd64 (8.3.0-6) ...
Setting up libitm1:amd64 (8.3.0-6) ...
Setting up libalgorithm-merge-perl (0.08-3) ...
Setting up gnupg-utils (2.2.12-1+deb10u1) ...
Setting up binutils-x86-64-linux-gnu (2.31.1-16) ...
Setting up libtsan0:amd64 (8.3.0-6) ...
Setting up pinentry-curses (1.1.0-2) ...
Setting up manpages-dev (4.16-2) ...
Setting up gpg-agent (2.2.12-1+deb10u1) ...
Setting up gpgsm (2.2.12-1+deb10u1) ...
Setting up binutils (2.31.1-16) ...
Setting up dpkg-dev (1.19.7) ...
Setting up dirmngr (2.2.12-1+deb10u1) ...
Setting up libgcc-8-dev:amd64 (8.3.0-6) ...
Setting up gpg-wks-server (2.2.12-1+deb10u1) ...
Setting up cpp (4:8.3.0-1) ...
Setting up libc6-dev:amd64 (2.28-10) ...
Setting up libstdc++-8-dev:amd64 (8.3.0-6) ...
Setting up gcc-8 (8.3.0-6) ...
Setting up gpg-wks-client (2.2.12-1+deb10u1) ...
Setting up gcc (4:8.3.0-1) ...
Setting up g++-8 (8.3.0-6) ...
Setting up gnupg (2.2.12-1+deb10u1) ...
Setting up g++ (4:8.3.0-1) ...
update-alternatives: using /usr/bin/g++ to provide /usr/bin/c++ (c++) in auto mode
Setting up build-essential (12.6) ...
Processing triggers for libc-bin (2.28-10) ...
Removing intermediate container ffaed45c5b56
 ---> fe6210b2ff22
Step 5/10 : RUN mkdir microservice
 ---> Running in a03d6a176eba
Removing intermediate container a03d6a176eba
 ---> 449c80efec93
Step 6/10 : WORKDIR /microservice
 ---> Running in 7009049369a2
Removing intermediate container 7009049369a2
 ---> dcd52cecac91
Step 7/10 : COPY ./s2i/bin/ /s2i/bin
 ---> c41a21edc82b
Step 8/10 : COPY _python /microservice
 ---> 366dcd094ef5
Step 9/10 : RUN cd /microservice/python && make install
 ---> Running in 9717f0bda60c
pip install -e .
Obtaining file:///microservice/python
Collecting Flask<2.0.0
  Downloading Flask-1.1.1-py2.py3-none-any.whl (94 kB)
Collecting Flask-cors<4.0.0
  Downloading Flask_Cors-3.0.8-py2.py3-none-any.whl (14 kB)
Collecting redis<4.0.0
  Downloading redis-3.4.1-py2.py3-none-any.whl (71 kB)
Requirement already satisfied: requests<3.0.0 in /opt/conda/lib/python3.6/site-packages (from seldon-core==1.0.2) (2.23.0)
Collecting numpy<2.0.0
  Downloading numpy-1.18.2-cp36-cp36m-manylinux1_x86_64.whl (20.2 MB)
Collecting flatbuffers<2.0.0
  Downloading flatbuffers-1.12-py2.py3-none-any.whl (15 kB)
Collecting protobuf<4.0.0
  Downloading protobuf-3.11.3-cp36-cp36m-manylinux1_x86_64.whl (1.3 MB)
Collecting grpcio<2.0.0
  Downloading grpcio-1.27.2-cp36-cp36m-manylinux2010_x86_64.whl (2.7 MB)
Collecting Flask-OpenTracing<1.2.0,>=1.1.0
  Downloading Flask-OpenTracing-1.1.0.tar.gz (8.2 kB)
Collecting opentracing<2.3.0,>=2.2.0
  Downloading opentracing-2.2.0.tar.gz (47 kB)
Collecting jaeger-client<4.2.0,>=4.1.0
  Downloading jaeger-client-4.1.0.tar.gz (80 kB)
Collecting grpcio-opentracing<1.2.0,>=1.1.4
  Downloading grpcio_opentracing-1.1.4-py3-none-any.whl (14 kB)
Collecting pyaml<20.0.0
  Downloading pyaml-19.12.0-py2.py3-none-any.whl (17 kB)
Collecting gunicorn<20.1.0,>=19.9.0
  Downloading gunicorn-20.0.4-py2.py3-none-any.whl (77 kB)
Collecting minio<6.0.0,>=4.0.9
  Downloading minio-5.0.8-py2.py3-none-any.whl (73 kB)
Collecting azure-storage-blob<3.0.0,>=2.0.1
  Downloading azure_storage_blob-2.1.0-py2.py3-none-any.whl (88 kB)
Requirement already satisfied: setuptools>=41.0.0 in /opt/conda/lib/python3.6/site-packages (from seldon-core==1.0.2) (46.1.1.post20200323)
Collecting prometheus_client<0.8.0,>=0.7.1
  Downloading prometheus_client-0.7.1.tar.gz (38 kB)
Collecting click>=5.1
  Downloading click-7.1.1-py2.py3-none-any.whl (82 kB)
Collecting Werkzeug>=0.15
  Downloading Werkzeug-1.0.0-py2.py3-none-any.whl (298 kB)
Collecting Jinja2>=2.10.1
  Downloading Jinja2-2.11.1-py2.py3-none-any.whl (126 kB)
Collecting itsdangerous>=0.24
  Downloading itsdangerous-1.1.0-py2.py3-none-any.whl (16 kB)
Requirement already satisfied: Six in /opt/conda/lib/python3.6/site-packages (from Flask-cors<4.0.0->seldon-core==1.0.2) (1.14.0)
Requirement already satisfied: certifi>=2017.4.17 in /opt/conda/lib/python3.6/site-packages (from requests<3.0.0->seldon-core==1.0.2) (2019.11.28)
Requirement already satisfied: idna<3,>=2.5 in /opt/conda/lib/python3.6/site-packages (from requests<3.0.0->seldon-core==1.0.2) (2.9)
Requirement already satisfied: chardet<4,>=3.0.2 in /opt/conda/lib/python3.6/site-packages (from requests<3.0.0->seldon-core==1.0.2) (3.0.4)
Requirement already satisfied: urllib3!=1.25.0,!=1.25.1,<1.26,>=1.21.1 in /opt/conda/lib/python3.6/site-packages (from requests<3.0.0->seldon-core==1.0.2) (1.25.8)
Collecting threadloop<2,>=1
  Downloading threadloop-1.0.2.tar.gz (4.9 kB)
Collecting thrift
  Downloading thrift-0.13.0.tar.gz (59 kB)
Collecting tornado<6,>=4.3
  Downloading tornado-5.1.1.tar.gz (516 kB)
Collecting PyYAML
  Downloading PyYAML-5.3.1.tar.gz (269 kB)
Collecting configparser
  Downloading configparser-5.0.0-py3-none-any.whl (22 kB)
Collecting python-dateutil
  Downloading python_dateutil-2.8.1-py2.py3-none-any.whl (227 kB)
Collecting pytz
  Downloading pytz-2019.3-py2.py3-none-any.whl (509 kB)
Collecting azure-common>=1.1.5
  Downloading azure_common-1.1.25-py2.py3-none-any.whl (12 kB)
Collecting azure-storage-common~=2.1
  Downloading azure_storage_common-2.1.0-py2.py3-none-any.whl (47 kB)
Collecting MarkupSafe>=0.23
  Downloading MarkupSafe-1.1.1-cp36-cp36m-manylinux1_x86_64.whl (27 kB)
Requirement already satisfied: cryptography in /opt/conda/lib/python3.6/site-packages (from azure-storage-common~=2.1->azure-storage-blob<3.0.0,>=2.0.1->seldon-core==1.0.2) (2.8)
Requirement already satisfied: cffi!=1.11.3,>=1.8 in /opt/conda/lib/python3.6/site-packages (from cryptography->azure-storage-common~=2.1->azure-storage-blob<3.0.0,>=2.0.1->seldon-core==1.0.2) (1.14.0)
Requirement already satisfied: pycparser in /opt/conda/lib/python3.6/site-packages (from cffi!=1.11.3,>=1.8->cryptography->azure-storage-common~=2.1->azure-storage-blob<3.0.0,>=2.0.1->seldon-core==1.0.2) (2.20)
Building wheels for collected packages: Flask-OpenTracing, opentracing, jaeger-client, prometheus-client, threadloop, thrift, tornado, PyYAML
  Building wheel for Flask-OpenTracing (setup.py): started
  Building wheel for Flask-OpenTracing (setup.py): finished with status 'done'
  Created wheel for Flask-OpenTracing: filename=Flask_OpenTracing-1.1.0-py3-none-any.whl size=9070 sha256=2251fd54c74d5c8bb28a5c924480613c615a92ad809a3d11752877f5cae4dc5d
  Stored in directory: /root/.cache/pip/wheels/ad/4b/2d/24ff0da0a0b53c7c77ce59b843bcceaf644c88703241e59615
  Building wheel for opentracing (setup.py): started
  Building wheel for opentracing (setup.py): finished with status 'done'
  Created wheel for opentracing: filename=opentracing-2.2.0-py3-none-any.whl size=49319 sha256=967ddfca204ba9315d85fa33cacd5436759a249967d054ea26d1a4126d651420
  Stored in directory: /root/.cache/pip/wheels/39/40/44/8bace79f4514e99786236c31f1df8d1b814ff02c1e08b1d697
  Building wheel for jaeger-client (setup.py): started
  Building wheel for jaeger-client (setup.py): finished with status 'done'
  Created wheel for jaeger-client: filename=jaeger_client-4.1.0-py3-none-any.whl size=64309 sha256=8e8f1635da4f94d81daa53b8d61ca0bedb2514e8abb900117e51924155a1ef6b
  Stored in directory: /root/.cache/pip/wheels/e9/9b/8c/503d0cc13b39a551c054515683ba1d15b40324c863dc442e66
  Building wheel for prometheus-client (setup.py): started
  Building wheel for prometheus-client (setup.py): finished with status 'done'
  Created wheel for prometheus-client: filename=prometheus_client-0.7.1-py3-none-any.whl size=41404 sha256=2f3f1919ef4ac3f0c7895413f962731d68e2f21f7cee4603d2b22ca41d8c5007
  Stored in directory: /root/.cache/pip/wheels/1d/4a/79/a3ad3f74b3495b4555359375ca33ad7b64e77f8b7a53c8894f
  Building wheel for threadloop (setup.py): started
  Building wheel for threadloop (setup.py): finished with status 'done'
  Created wheel for threadloop: filename=threadloop-1.0.2-py3-none-any.whl size=3423 sha256=c7b99fbff43ac495122b3675dc9e5139fb52560bd69255c17205c8a61bda75b3
  Stored in directory: /root/.cache/pip/wheels/02/54/65/9f87de48fe8fcaaee30f279973d946ad55f9df56b93b3e78da
  Building wheel for thrift (setup.py): started
  Building wheel for thrift (setup.py): finished with status 'done'
  Created wheel for thrift: filename=thrift-0.13.0-cp36-cp36m-linux_x86_64.whl size=483931 sha256=2c2b044fe78f70c87cb4bb9415e757cd845f1a6ff1bd71c2694a03307df07fd6
  Stored in directory: /root/.cache/pip/wheels/e0/38/fc/472fe18756b177b42096961f8bd3ff2dc5c5620ac399fce52d
  Building wheel for tornado (setup.py): started
  Building wheel for tornado (setup.py): finished with status 'done'
  Created wheel for tornado: filename=tornado-5.1.1-cp36-cp36m-linux_x86_64.whl size=462661 sha256=bebc42450e39c056c890a60f7b6a8e6b9d1e2ad25d906a3229d587b44ad5125d
  Stored in directory: /root/.cache/pip/wheels/64/74/71/e7a0d0eb4fc42cb20a17aec36f8f0b5b8c5e1ec19c701fd34a
  Building wheel for PyYAML (setup.py): started
  Building wheel for PyYAML (setup.py): finished with status 'done'
  Created wheel for PyYAML: filename=PyYAML-5.3.1-cp36-cp36m-linux_x86_64.whl size=44621 sha256=2d2aad598c5ad9d1744abf0be5e3bbff97098364d36fc3b84cb93321b5e68815
  Stored in directory: /root/.cache/pip/wheels/e5/9d/ad/2ee53cf262cba1ffd8afe1487eef788ea3f260b7e6232a80fc
Successfully built Flask-OpenTracing opentracing jaeger-client prometheus-client threadloop thrift tornado PyYAML
Installing collected packages: click, Werkzeug, MarkupSafe, Jinja2, itsdangerous, Flask, Flask-cors, redis, numpy, flatbuffers, protobuf, grpcio, opentracing, Flask-OpenTracing, tornado, threadloop, thrift, jaeger-client, grpcio-opentracing, PyYAML, pyaml, gunicorn, configparser, python-dateutil, pytz, minio, azure-common, azure-storage-common, azure-storage-blob, prometheus-client, seldon-core
  Running setup.py develop for seldon-core
Successfully installed Flask-1.1.1 Flask-OpenTracing-1.1.0 Flask-cors-3.0.8 Jinja2-2.11.1 MarkupSafe-1.1.1 PyYAML-5.3.1 Werkzeug-1.0.0 azure-common-1.1.25 azure-storage-blob-2.1.0 azure-storage-common-2.1.0 click-7.1.1 configparser-5.0.0 flatbuffers-1.12 grpcio-1.27.2 grpcio-opentracing-1.1.4 gunicorn-20.0.4 itsdangerous-1.1.0 jaeger-client-4.1.0 minio-5.0.8 numpy-1.18.2 opentracing-2.2.0 prometheus-client-0.7.1 protobuf-3.11.3 pyaml-19.12.0 python-dateutil-2.8.1 pytz-2019.3 redis-3.4.1 seldon-core threadloop-1.0.2 thrift-0.13.0 tornado-5.1.1
Removing intermediate container 9717f0bda60c
 ---> 428f650ea5e8
Step 10/10 : EXPOSE 5000
 ---> Running in cba918eb6c74
Removing intermediate container cba918eb6c74
 ---> 746d8c883700
Successfully built 746d8c883700
Successfully tagged seldonio/seldon-core-s2i-python36:0.19-SNAPSHOT
make[1]: Leaving directory '/workspace/source/wrappers/s2i/python'
make[1]: Entering directory '/workspace/source/wrappers/s2i/python'
mkdir -p _python
cp -r ../../../python _python
cat Dockerfile.local.tmpl | sed  -e "s|%PYTHON_VERSION%|3.7|" | sed  -e "s|%CONDA_VERSION%|4.7.12|" > Dockerfile
set -x && docker build -t docker.io/seldonio/seldon-core-s2i-python`echo -n 3.7 | sed 's/\.//g'`:0.19-SNAPSHOT .
++ echo -n 3.7
++ sed 's/\.//g'
+ docker build -t docker.io/seldonio/seldon-core-s2i-python37:0.19-SNAPSHOT .
Sending build context to Docker daemon  954.9kB
Step 1/10 : FROM continuumio/miniconda3:4.7.12
 ---> 406f2b43ea59
Step 2/10 : LABEL io.openshift.s2i.scripts-url="image:///s2i/bin"
 ---> Using cache
 ---> 765306793355
Step 3/10 : RUN conda install --yes python=3.7 conda=4.7.12
 ---> Running in 93e4fa468d59
Collecting package metadata (current_repodata.json): ...working... done
Solving environment: ...working... done

## Package Plan ##

  environment location: /opt/conda

  added / updated specs:
    - conda=4.7.12
    - python=3.7


The following packages will be downloaded:

    package                    |            build
    ---------------------------|-----------------
    ca-certificates-2020.1.1   |                0         125 KB
    certifi-2019.11.28         |           py37_1         156 KB
    openssl-1.1.1e             |       h7b6447c_0         2.5 MB
    ------------------------------------------------------------
                                           Total:         2.8 MB

The following packages will be UPDATED:

  ca-certificates                               2019.8.28-0 --> 2020.1.1-0
  certifi                                  2019.9.11-py37_0 --> 2019.11.28-py37_1
  openssl                                 1.1.1d-h7b6447c_2 --> 1.1.1e-h7b6447c_0



Downloading and Extracting Packages
ca-certificates-2020 | 125 KB    |            |   0% ca-certificates-2020 | 125 KB    | ########## | 100% 
certifi-2019.11.28   | 156 KB    |            |   0% certifi-2019.11.28   | 156 KB    | ########## | 100% 
openssl-1.1.1e       | 2.5 MB    |            |   0% openssl-1.1.1e       | 2.5 MB    | ########## | 100% 
Preparing transaction: ...working... done
Verifying transaction: ...working... done
Executing transaction: ...working... done
[91m

==> WARNING: A newer version of conda exists. <==
  current version: 4.7.12
  latest version: 4.8.3

Please update conda by running

    $ conda update -n base -c defaults conda


[0mRemoving intermediate container 93e4fa468d59
 ---> 0e661f3b0e8b
Step 4/10 : RUN apt-get update --yes && apt-get install --yes gcc make build-essential
 ---> Running in ad4cedf99eda
Get:1 http://deb.debian.org/debian buster InRelease [122 kB]
Get:2 http://security.debian.org/debian-security buster/updates InRelease [65.4 kB]
Get:3 http://deb.debian.org/debian buster-updates InRelease [49.3 kB]
Get:4 http://security.debian.org/debian-security buster/updates/main amd64 Packages [185 kB]
Get:5 http://deb.debian.org/debian buster/main amd64 Packages [7907 kB]
Get:6 http://deb.debian.org/debian buster-updates/main amd64 Packages.diff/Index [2212 B]
Get:7 http://deb.debian.org/debian buster-updates/main amd64 Packages 2020-02-23-2017.41.pdiff [2162 B]
Get:7 http://deb.debian.org/debian buster-updates/main amd64 Packages 2020-02-23-2017.41.pdiff [2162 B]
Fetched 8333 kB in 2s (4070 kB/s)
Reading package lists...
Reading package lists...
Building dependency tree...
Reading state information...
The following additional packages will be installed:
  binutils binutils-common binutils-x86-64-linux-gnu cpp cpp-8 dirmngr
  dpkg-dev fakeroot g++ g++-8 gcc-8 gnupg gnupg-l10n gnupg-utils gpg gpg-agent
  gpg-wks-client gpg-wks-server gpgconf gpgsm libalgorithm-diff-perl
  libalgorithm-diff-xs-perl libalgorithm-merge-perl libasan5 libassuan0
  libatomic1 libbinutils libc-dev-bin libc6-dev libcc1-0 libdpkg-perl
  libfakeroot libfile-fcntllock-perl libgcc-8-dev libgomp1 libisl19 libitm1
  libksba8 liblocale-gettext-perl liblsan0 libmpc3 libmpfr6 libmpx2 libnpth0
  libquadmath0 libstdc++-8-dev libtsan0 libubsan1 linux-libc-dev manpages
  manpages-dev pinentry-curses
Suggested packages:
  binutils-doc cpp-doc gcc-8-locales dbus-user-session libpam-systemd
  pinentry-gnome3 tor debian-keyring g++-multilib g++-8-multilib gcc-8-doc
  libstdc++6-8-dbg gcc-multilib autoconf automake libtool flex bison gdb
  gcc-doc gcc-8-multilib libgcc1-dbg libgomp1-dbg libitm1-dbg libatomic1-dbg
  libasan5-dbg liblsan0-dbg libtsan0-dbg libubsan1-dbg libmpx2-dbg
  libquadmath0-dbg parcimonie xloadimage scdaemon glibc-doc bzr
  libstdc++-8-doc make-doc man-browser pinentry-doc
The following NEW packages will be installed:
  binutils binutils-common binutils-x86-64-linux-gnu build-essential cpp cpp-8
  dirmngr dpkg-dev fakeroot g++ g++-8 gcc gcc-8 gnupg gnupg-l10n gnupg-utils
  gpg gpg-agent gpg-wks-client gpg-wks-server gpgconf gpgsm
  libalgorithm-diff-perl libalgorithm-diff-xs-perl libalgorithm-merge-perl
  libasan5 libassuan0 libatomic1 libbinutils libc-dev-bin libc6-dev libcc1-0
  libdpkg-perl libfakeroot libfile-fcntllock-perl libgcc-8-dev libgomp1
  libisl19 libitm1 libksba8 liblocale-gettext-perl liblsan0 libmpc3 libmpfr6
  libmpx2 libnpth0 libquadmath0 libstdc++-8-dev libtsan0 libubsan1
  linux-libc-dev make manpages manpages-dev pinentry-curses
0 upgraded, 55 newly installed, 0 to remove and 31 not upgraded.
Need to get 57.7 MB of archives.
After this operation, 202 MB of additional disk space will be used.
Get:1 http://deb.debian.org/debian buster/main amd64 liblocale-gettext-perl amd64 1.07-3+b4 [18.9 kB]
Get:2 http://deb.debian.org/debian buster/main amd64 manpages all 4.16-2 [1295 kB]
Get:3 http://deb.debian.org/debian buster/main amd64 binutils-common amd64 2.31.1-16 [2073 kB]
Get:4 http://deb.debian.org/debian buster/main amd64 libbinutils amd64 2.31.1-16 [478 kB]
Get:5 http://deb.debian.org/debian buster/main amd64 binutils-x86-64-linux-gnu amd64 2.31.1-16 [1823 kB]
Get:6 http://deb.debian.org/debian buster/main amd64 binutils amd64 2.31.1-16 [56.8 kB]
Get:7 http://deb.debian.org/debian buster/main amd64 libc-dev-bin amd64 2.28-10 [275 kB]
Get:8 http://deb.debian.org/debian buster/main amd64 linux-libc-dev amd64 4.19.98-1 [1314 kB]
Get:9 http://deb.debian.org/debian buster/main amd64 libc6-dev amd64 2.28-10 [2691 kB]
Get:10 http://deb.debian.org/debian buster/main amd64 libisl19 amd64 0.20-2 [587 kB]
Get:11 http://deb.debian.org/debian buster/main amd64 libmpfr6 amd64 4.0.2-1 [775 kB]
Get:12 http://deb.debian.org/debian buster/main amd64 libmpc3 amd64 1.1.0-1 [41.3 kB]
Get:13 http://deb.debian.org/debian buster/main amd64 cpp-8 amd64 8.3.0-6 [8914 kB]
Get:14 http://deb.debian.org/debian buster/main amd64 cpp amd64 4:8.3.0-1 [19.4 kB]
Get:15 http://deb.debian.org/debian buster/main amd64 libcc1-0 amd64 8.3.0-6 [46.6 kB]
Get:16 http://deb.debian.org/debian buster/main amd64 libgomp1 amd64 8.3.0-6 [75.8 kB]
Get:17 http://deb.debian.org/debian buster/main amd64 libitm1 amd64 8.3.0-6 [27.7 kB]
Get:18 http://deb.debian.org/debian buster/main amd64 libatomic1 amd64 8.3.0-6 [9032 B]
Get:19 http://deb.debian.org/debian buster/main amd64 libasan5 amd64 8.3.0-6 [362 kB]
Get:20 http://deb.debian.org/debian buster/main amd64 liblsan0 amd64 8.3.0-6 [131 kB]
Get:21 http://deb.debian.org/debian buster/main amd64 libtsan0 amd64 8.3.0-6 [283 kB]
Get:22 http://deb.debian.org/debian buster/main amd64 libubsan1 amd64 8.3.0-6 [120 kB]
Get:23 http://deb.debian.org/debian buster/main amd64 libmpx2 amd64 8.3.0-6 [11.4 kB]
Get:24 http://deb.debian.org/debian buster/main amd64 libquadmath0 amd64 8.3.0-6 [133 kB]
Get:25 http://deb.debian.org/debian buster/main amd64 libgcc-8-dev amd64 8.3.0-6 [2298 kB]
Get:26 http://deb.debian.org/debian buster/main amd64 gcc-8 amd64 8.3.0-6 [9452 kB]
Get:27 http://deb.debian.org/debian buster/main amd64 gcc amd64 4:8.3.0-1 [5196 B]
Get:28 http://deb.debian.org/debian buster/main amd64 libstdc++-8-dev amd64 8.3.0-6 [1532 kB]
Get:29 http://deb.debian.org/debian buster/main amd64 g++-8 amd64 8.3.0-6 [9752 kB]
Get:30 http://deb.debian.org/debian buster/main amd64 g++ amd64 4:8.3.0-1 [1644 B]
Get:31 http://deb.debian.org/debian buster/main amd64 make amd64 4.2.1-1.2 [341 kB]
Get:32 http://deb.debian.org/debian buster/main amd64 libdpkg-perl all 1.19.7 [1414 kB]
Get:33 http://deb.debian.org/debian buster/main amd64 dpkg-dev all 1.19.7 [1773 kB]
Get:34 http://deb.debian.org/debian buster/main amd64 build-essential amd64 12.6 [7576 B]
Get:35 http://deb.debian.org/debian buster/main amd64 libassuan0 amd64 2.5.2-1 [49.4 kB]
Get:36 http://deb.debian.org/debian buster/main amd64 gpgconf amd64 2.2.12-1+deb10u1 [510 kB]
Get:37 http://deb.debian.org/debian buster/main amd64 libksba8 amd64 1.3.5-2 [99.7 kB]
Get:38 http://deb.debian.org/debian buster/main amd64 libnpth0 amd64 1.6-1 [18.4 kB]
Get:39 http://deb.debian.org/debian buster/main amd64 dirmngr amd64 2.2.12-1+deb10u1 [712 kB]
Get:40 http://deb.debian.org/debian buster/main amd64 libfakeroot amd64 1.23-1 [45.9 kB]
Get:41 http://deb.debian.org/debian buster/main amd64 fakeroot amd64 1.23-1 [85.8 kB]
Get:42 http://deb.debian.org/debian buster/main amd64 gnupg-l10n all 2.2.12-1+deb10u1 [1010 kB]
Get:43 http://deb.debian.org/debian buster/main amd64 gnupg-utils amd64 2.2.12-1+deb10u1 [861 kB]
Get:44 http://deb.debian.org/debian buster/main amd64 gpg amd64 2.2.12-1+deb10u1 [865 kB]
Get:45 http://deb.debian.org/debian buster/main amd64 pinentry-curses amd64 1.1.0-2 [64.5 kB]
Get:46 http://deb.debian.org/debian buster/main amd64 gpg-agent amd64 2.2.12-1+deb10u1 [617 kB]
Get:47 http://deb.debian.org/debian buster/main amd64 gpg-wks-client amd64 2.2.12-1+deb10u1 [485 kB]
Get:48 http://deb.debian.org/debian buster/main amd64 gpg-wks-server amd64 2.2.12-1+deb10u1 [478 kB]
Get:49 http://deb.debian.org/debian buster/main amd64 gpgsm amd64 2.2.12-1+deb10u1 [604 kB]
Get:50 http://deb.debian.org/debian buster/main amd64 gnupg all 2.2.12-1+deb10u1 [715 kB]
Get:51 http://deb.debian.org/debian buster/main amd64 libalgorithm-diff-perl all 1.19.03-2 [47.9 kB]
Get:52 http://deb.debian.org/debian buster/main amd64 libalgorithm-diff-xs-perl amd64 0.04-5+b1 [11.8 kB]
Get:53 http://deb.debian.org/debian buster/main amd64 libalgorithm-merge-perl all 0.08-3 [12.7 kB]
Get:54 http://deb.debian.org/debian buster/main amd64 libfile-fcntllock-perl amd64 0.22-3+b5 [35.4 kB]
Get:55 http://deb.debian.org/debian buster/main amd64 manpages-dev all 4.16-2 [2232 kB]
[91mdebconf: delaying package configuration, since apt-utils is not installed
[0mFetched 57.7 MB in 1s (68.5 MB/s)
Selecting previously unselected package liblocale-gettext-perl.
(Reading database ... (Reading database ... 5%(Reading database ... 10%(Reading database ... 15%(Reading database ... 20%(Reading database ... 25%(Reading database ... 30%(Reading database ... 35%(Reading database ... 40%(Reading database ... 45%(Reading database ... 50%(Reading database ... 55%(Reading database ... 60%(Reading database ... 65%(Reading database ... 70%(Reading database ... 75%(Reading database ... 80%(Reading database ... 85%(Reading database ... 90%(Reading database ... 95%(Reading database ... 100%(Reading database ... 12557 files and directories currently installed.)
Preparing to unpack .../00-liblocale-gettext-perl_1.07-3+b4_amd64.deb ...
Unpacking liblocale-gettext-perl (1.07-3+b4) ...
Selecting previously unselected package manpages.
Preparing to unpack .../01-manpages_4.16-2_all.deb ...
Unpacking manpages (4.16-2) ...
Selecting previously unselected package binutils-common:amd64.
Preparing to unpack .../02-binutils-common_2.31.1-16_amd64.deb ...
Unpacking binutils-common:amd64 (2.31.1-16) ...
Selecting previously unselected package libbinutils:amd64.
Preparing to unpack .../03-libbinutils_2.31.1-16_amd64.deb ...
Unpacking libbinutils:amd64 (2.31.1-16) ...
Selecting previously unselected package binutils-x86-64-linux-gnu.
Preparing to unpack .../04-binutils-x86-64-linux-gnu_2.31.1-16_amd64.deb ...
Unpacking binutils-x86-64-linux-gnu (2.31.1-16) ...
Selecting previously unselected package binutils.
Preparing to unpack .../05-binutils_2.31.1-16_amd64.deb ...
Unpacking binutils (2.31.1-16) ...
Selecting previously unselected package libc-dev-bin.
Preparing to unpack .../06-libc-dev-bin_2.28-10_amd64.deb ...
Unpacking libc-dev-bin (2.28-10) ...
Selecting previously unselected package linux-libc-dev:amd64.
Preparing to unpack .../07-linux-libc-dev_4.19.98-1_amd64.deb ...
Unpacking linux-libc-dev:amd64 (4.19.98-1) ...
Selecting previously unselected package libc6-dev:amd64.
Preparing to unpack .../08-libc6-dev_2.28-10_amd64.deb ...
Unpacking libc6-dev:amd64 (2.28-10) ...
Selecting previously unselected package libisl19:amd64.
Preparing to unpack .../09-libisl19_0.20-2_amd64.deb ...
Unpacking libisl19:amd64 (0.20-2) ...
Selecting previously unselected package libmpfr6:amd64.
Preparing to unpack .../10-libmpfr6_4.0.2-1_amd64.deb ...
Unpacking libmpfr6:amd64 (4.0.2-1) ...
Selecting previously unselected package libmpc3:amd64.
Preparing to unpack .../11-libmpc3_1.1.0-1_amd64.deb ...
Unpacking libmpc3:amd64 (1.1.0-1) ...
Selecting previously unselected package cpp-8.
Preparing to unpack .../12-cpp-8_8.3.0-6_amd64.deb ...
Unpacking cpp-8 (8.3.0-6) ...
Selecting previously unselected package cpp.
Preparing to unpack .../13-cpp_4%3a8.3.0-1_amd64.deb ...
Unpacking cpp (4:8.3.0-1) ...
Selecting previously unselected package libcc1-0:amd64.
Preparing to unpack .../14-libcc1-0_8.3.0-6_amd64.deb ...
Unpacking libcc1-0:amd64 (8.3.0-6) ...
Selecting previously unselected package libgomp1:amd64.
Preparing to unpack .../15-libgomp1_8.3.0-6_amd64.deb ...
Unpacking libgomp1:amd64 (8.3.0-6) ...
Selecting previously unselected package libitm1:amd64.
Preparing to unpack .../16-libitm1_8.3.0-6_amd64.deb ...
Unpacking libitm1:amd64 (8.3.0-6) ...
Selecting previously unselected package libatomic1:amd64.
Preparing to unpack .../17-libatomic1_8.3.0-6_amd64.deb ...
Unpacking libatomic1:amd64 (8.3.0-6) ...
Selecting previously unselected package libasan5:amd64.
Preparing to unpack .../18-libasan5_8.3.0-6_amd64.deb ...
Unpacking libasan5:amd64 (8.3.0-6) ...
Selecting previously unselected package liblsan0:amd64.
Preparing to unpack .../19-liblsan0_8.3.0-6_amd64.deb ...
Unpacking liblsan0:amd64 (8.3.0-6) ...
Selecting previously unselected package libtsan0:amd64.
Preparing to unpack .../20-libtsan0_8.3.0-6_amd64.deb ...
Unpacking libtsan0:amd64 (8.3.0-6) ...
Selecting previously unselected package libubsan1:amd64.
Preparing to unpack .../21-libubsan1_8.3.0-6_amd64.deb ...
Unpacking libubsan1:amd64 (8.3.0-6) ...
Selecting previously unselected package libmpx2:amd64.
Preparing to unpack .../22-libmpx2_8.3.0-6_amd64.deb ...
Unpacking libmpx2:amd64 (8.3.0-6) ...
Selecting previously unselected package libquadmath0:amd64.
Preparing to unpack .../23-libquadmath0_8.3.0-6_amd64.deb ...
Unpacking libquadmath0:amd64 (8.3.0-6) ...
Selecting previously unselected package libgcc-8-dev:amd64.
Preparing to unpack .../24-libgcc-8-dev_8.3.0-6_amd64.deb ...
Unpacking libgcc-8-dev:amd64 (8.3.0-6) ...
Selecting previously unselected package gcc-8.
Preparing to unpack .../25-gcc-8_8.3.0-6_amd64.deb ...
Unpacking gcc-8 (8.3.0-6) ...
Selecting previously unselected package gcc.
Preparing to unpack .../26-gcc_4%3a8.3.0-1_amd64.deb ...
Unpacking gcc (4:8.3.0-1) ...
Selecting previously unselected package libstdc++-8-dev:amd64.
Preparing to unpack .../27-libstdc++-8-dev_8.3.0-6_amd64.deb ...
Unpacking libstdc++-8-dev:amd64 (8.3.0-6) ...
Selecting previously unselected package g++-8.
Preparing to unpack .../28-g++-8_8.3.0-6_amd64.deb ...
Unpacking g++-8 (8.3.0-6) ...
Selecting previously unselected package g++.
Preparing to unpack .../29-g++_4%3a8.3.0-1_amd64.deb ...
Unpacking g++ (4:8.3.0-1) ...
Selecting previously unselected package make.
Preparing to unpack .../30-make_4.2.1-1.2_amd64.deb ...
Unpacking make (4.2.1-1.2) ...
Selecting previously unselected package libdpkg-perl.
Preparing to unpack .../31-libdpkg-perl_1.19.7_all.deb ...
Unpacking libdpkg-perl (1.19.7) ...
Selecting previously unselected package dpkg-dev.
Preparing to unpack .../32-dpkg-dev_1.19.7_all.deb ...
Unpacking dpkg-dev (1.19.7) ...
Selecting previously unselected package build-essential.
Preparing to unpack .../33-build-essential_12.6_amd64.deb ...
Unpacking build-essential (12.6) ...
Selecting previously unselected package libassuan0:amd64.
Preparing to unpack .../34-libassuan0_2.5.2-1_amd64.deb ...
Unpacking libassuan0:amd64 (2.5.2-1) ...
Selecting previously unselected package gpgconf.
Preparing to unpack .../35-gpgconf_2.2.12-1+deb10u1_amd64.deb ...
Unpacking gpgconf (2.2.12-1+deb10u1) ...
Selecting previously unselected package libksba8:amd64.
Preparing to unpack .../36-libksba8_1.3.5-2_amd64.deb ...
Unpacking libksba8:amd64 (1.3.5-2) ...
Selecting previously unselected package libnpth0:amd64.
Preparing to unpack .../37-libnpth0_1.6-1_amd64.deb ...
Unpacking libnpth0:amd64 (1.6-1) ...
Selecting previously unselected package dirmngr.
Preparing to unpack .../38-dirmngr_2.2.12-1+deb10u1_amd64.deb ...
Unpacking dirmngr (2.2.12-1+deb10u1) ...
Selecting previously unselected package libfakeroot:amd64.
Preparing to unpack .../39-libfakeroot_1.23-1_amd64.deb ...
Unpacking libfakeroot:amd64 (1.23-1) ...
Selecting previously unselected package fakeroot.
Preparing to unpack .../40-fakeroot_1.23-1_amd64.deb ...
Unpacking fakeroot (1.23-1) ...
Selecting previously unselected package gnupg-l10n.
Preparing to unpack .../41-gnupg-l10n_2.2.12-1+deb10u1_all.deb ...
Unpacking gnupg-l10n (2.2.12-1+deb10u1) ...
Selecting previously unselected package gnupg-utils.
Preparing to unpack .../42-gnupg-utils_2.2.12-1+deb10u1_amd64.deb ...
Unpacking gnupg-utils (2.2.12-1+deb10u1) ...
Selecting previously unselected package gpg.
Preparing to unpack .../43-gpg_2.2.12-1+deb10u1_amd64.deb ...
Unpacking gpg (2.2.12-1+deb10u1) ...
Selecting previously unselected package pinentry-curses.
Preparing to unpack .../44-pinentry-curses_1.1.0-2_amd64.deb ...
Unpacking pinentry-curses (1.1.0-2) ...
Selecting previously unselected package gpg-agent.
Preparing to unpack .../45-gpg-agent_2.2.12-1+deb10u1_amd64.deb ...
Unpacking gpg-agent (2.2.12-1+deb10u1) ...
Selecting previously unselected package gpg-wks-client.
Preparing to unpack .../46-gpg-wks-client_2.2.12-1+deb10u1_amd64.deb ...
Unpacking gpg-wks-client (2.2.12-1+deb10u1) ...
Selecting previously unselected package gpg-wks-server.
Preparing to unpack .../47-gpg-wks-server_2.2.12-1+deb10u1_amd64.deb ...
Unpacking gpg-wks-server (2.2.12-1+deb10u1) ...
Selecting previously unselected package gpgsm.
Preparing to unpack .../48-gpgsm_2.2.12-1+deb10u1_amd64.deb ...
Unpacking gpgsm (2.2.12-1+deb10u1) ...
Selecting previously unselected package gnupg.
Preparing to unpack .../49-gnupg_2.2.12-1+deb10u1_all.deb ...
Unpacking gnupg (2.2.12-1+deb10u1) ...
Selecting previously unselected package libalgorithm-diff-perl.
Preparing to unpack .../50-libalgorithm-diff-perl_1.19.03-2_all.deb ...
Unpacking libalgorithm-diff-perl (1.19.03-2) ...
Selecting previously unselected package libalgorithm-diff-xs-perl.
Preparing to unpack .../51-libalgorithm-diff-xs-perl_0.04-5+b1_amd64.deb ...
Unpacking libalgorithm-diff-xs-perl (0.04-5+b1) ...
Selecting previously unselected package libalgorithm-merge-perl.
Preparing to unpack .../52-libalgorithm-merge-perl_0.08-3_all.deb ...
Unpacking libalgorithm-merge-perl (0.08-3) ...
Selecting previously unselected package libfile-fcntllock-perl.
Preparing to unpack .../53-libfile-fcntllock-perl_0.22-3+b5_amd64.deb ...
Unpacking libfile-fcntllock-perl (0.22-3+b5) ...
Selecting previously unselected package manpages-dev.
Preparing to unpack .../54-manpages-dev_4.16-2_all.deb ...
Unpacking manpages-dev (4.16-2) ...
Setting up libksba8:amd64 (1.3.5-2) ...
Setting up libfile-fcntllock-perl (0.22-3+b5) ...
Setting up libalgorithm-diff-perl (1.19.03-2) ...
Setting up manpages (4.16-2) ...
Setting up binutils-common:amd64 (2.31.1-16) ...
Setting up linux-libc-dev:amd64 (4.19.98-1) ...
Setting up libnpth0:amd64 (1.6-1) ...
Setting up libassuan0:amd64 (2.5.2-1) ...
Setting up libgomp1:amd64 (8.3.0-6) ...
Setting up libfakeroot:amd64 (1.23-1) ...
Setting up fakeroot (1.23-1) ...
update-alternatives: using /usr/bin/fakeroot-sysv to provide /usr/bin/fakeroot (fakeroot) in auto mode
update-alternatives: warning: skip creation of /usr/share/man/man1/fakeroot.1.gz because associated file /usr/share/man/man1/fakeroot-sysv.1.gz (of link group fakeroot) doesn't exist
update-alternatives: warning: skip creation of /usr/share/man/man1/faked.1.gz because associated file /usr/share/man/man1/faked-sysv.1.gz (of link group fakeroot) doesn't exist
update-alternatives: warning: skip creation of /usr/share/man/es/man1/fakeroot.1.gz because associated file /usr/share/man/es/man1/fakeroot-sysv.1.gz (of link group fakeroot) doesn't exist
update-alternatives: warning: skip creation of /usr/share/man/es/man1/faked.1.gz because associated file /usr/share/man/es/man1/faked-sysv.1.gz (of link group fakeroot) doesn't exist
update-alternatives: warning: skip creation of /usr/share/man/fr/man1/fakeroot.1.gz because associated file /usr/share/man/fr/man1/fakeroot-sysv.1.gz (of link group fakeroot) doesn't exist
update-alternatives: warning: skip creation of /usr/share/man/fr/man1/faked.1.gz because associated file /usr/share/man/fr/man1/faked-sysv.1.gz (of link group fakeroot) doesn't exist
update-alternatives: warning: skip creation of /usr/share/man/sv/man1/fakeroot.1.gz because associated file /usr/share/man/sv/man1/fakeroot-sysv.1.gz (of link group fakeroot) doesn't exist
update-alternatives: warning: skip creation of /usr/share/man/sv/man1/faked.1.gz because associated file /usr/share/man/sv/man1/faked-sysv.1.gz (of link group fakeroot) doesn't exist
Setting up libasan5:amd64 (8.3.0-6) ...
Setting up make (4.2.1-1.2) ...
Setting up libmpfr6:amd64 (4.0.2-1) ...
Setting up gnupg-l10n (2.2.12-1+deb10u1) ...
Setting up libquadmath0:amd64 (8.3.0-6) ...
Setting up libmpc3:amd64 (1.1.0-1) ...
Setting up libatomic1:amd64 (8.3.0-6) ...
Setting up libdpkg-perl (1.19.7) ...
Setting up libmpx2:amd64 (8.3.0-6) ...
Setting up libubsan1:amd64 (8.3.0-6) ...
Setting up libisl19:amd64 (0.20-2) ...
Setting up gpgconf (2.2.12-1+deb10u1) ...
Setting up libbinutils:amd64 (2.31.1-16) ...
Setting up cpp-8 (8.3.0-6) ...
Setting up libc-dev-bin (2.28-10) ...
Setting up libalgorithm-diff-xs-perl (0.04-5+b1) ...
Setting up libcc1-0:amd64 (8.3.0-6) ...
Setting up liblocale-gettext-perl (1.07-3+b4) ...
Setting up gpg (2.2.12-1+deb10u1) ...
Setting up liblsan0:amd64 (8.3.0-6) ...
Setting up libitm1:amd64 (8.3.0-6) ...
Setting up libalgorithm-merge-perl (0.08-3) ...
Setting up gnupg-utils (2.2.12-1+deb10u1) ...
Setting up binutils-x86-64-linux-gnu (2.31.1-16) ...
Setting up libtsan0:amd64 (8.3.0-6) ...
Setting up pinentry-curses (1.1.0-2) ...
Setting up manpages-dev (4.16-2) ...
Setting up gpg-agent (2.2.12-1+deb10u1) ...
Setting up gpgsm (2.2.12-1+deb10u1) ...
Setting up binutils (2.31.1-16) ...
Setting up dpkg-dev (1.19.7) ...
Setting up dirmngr (2.2.12-1+deb10u1) ...
Setting up libgcc-8-dev:amd64 (8.3.0-6) ...
Setting up gpg-wks-server (2.2.12-1+deb10u1) ...
Setting up cpp (4:8.3.0-1) ...
Setting up libc6-dev:amd64 (2.28-10) ...
Setting up libstdc++-8-dev:amd64 (8.3.0-6) ...
Setting up gcc-8 (8.3.0-6) ...
Setting up gpg-wks-client (2.2.12-1+deb10u1) ...
Setting up gcc (4:8.3.0-1) ...
Setting up g++-8 (8.3.0-6) ...
Setting up gnupg (2.2.12-1+deb10u1) ...
Setting up g++ (4:8.3.0-1) ...
update-alternatives: using /usr/bin/g++ to provide /usr/bin/c++ (c++) in auto mode
Setting up build-essential (12.6) ...
Processing triggers for libc-bin (2.28-10) ...
Removing intermediate container ad4cedf99eda
 ---> b2e5a41f5485
Step 5/10 : RUN mkdir microservice
 ---> Running in 3c2841be7ee8
Removing intermediate container 3c2841be7ee8
 ---> 1682285ab7d5
Step 6/10 : WORKDIR /microservice
 ---> Running in 28f23a86e226
Removing intermediate container 28f23a86e226
 ---> a679b1c91114
Step 7/10 : COPY ./s2i/bin/ /s2i/bin
 ---> 183afd872270
Step 8/10 : COPY _python /microservice
 ---> 3a7d1a928d71
Step 9/10 : RUN cd /microservice/python && make install
 ---> Running in adf1cb56b2af
pip install -e .
Obtaining file:///microservice/python
Collecting Flask<2.0.0 (from seldon-core==1.0.2)
  Downloading https://files.pythonhosted.org/packages/9b/93/628509b8d5dc749656a9641f4caf13540e2cdec85276964ff8f43bbb1d3b/Flask-1.1.1-py2.py3-none-any.whl (94kB)
Collecting Flask-cors<4.0.0 (from seldon-core==1.0.2)
  Downloading https://files.pythonhosted.org/packages/78/38/e68b11daa5d613e3a91e4bf3da76c94ac9ee0d9cd515af9c1ab80d36f709/Flask_Cors-3.0.8-py2.py3-none-any.whl
Collecting redis<4.0.0 (from seldon-core==1.0.2)
  Downloading https://files.pythonhosted.org/packages/f0/05/1fc7feedc19c123e7a95cfc9e7892eb6cdd2e5df4e9e8af6384349c1cc3d/redis-3.4.1-py2.py3-none-any.whl (71kB)
Requirement already satisfied: requests<3.0.0 in /opt/conda/lib/python3.7/site-packages (from seldon-core==1.0.2) (2.22.0)
Collecting numpy<2.0.0 (from seldon-core==1.0.2)
  Downloading https://files.pythonhosted.org/packages/b7/ce/d0b92f0283faa4da76ea82587ff9da70104e81f59ba14f76c87e4196254e/numpy-1.18.2-cp37-cp37m-manylinux1_x86_64.whl (20.2MB)
Collecting flatbuffers<2.0.0 (from seldon-core==1.0.2)
  Downloading https://files.pythonhosted.org/packages/eb/26/712e578c5f14e26ae3314c39a1bdc4eb2ec2f4ddc89b708cf8e0a0d20423/flatbuffers-1.12-py2.py3-none-any.whl
Collecting protobuf<4.0.0 (from seldon-core==1.0.2)
  Downloading https://files.pythonhosted.org/packages/ff/f1/8dcd4219bbae8aa44fe8871a89f05eca2dca9c04f8dbfed8a82b7be97a88/protobuf-3.11.3-cp37-cp37m-manylinux1_x86_64.whl (1.3MB)
Collecting grpcio<2.0.0 (from seldon-core==1.0.2)
  Downloading https://files.pythonhosted.org/packages/fb/00/997acb1c16f84e6d3ede511500f54e7b7a1fdfe7b4da5a5c2d07ad4e91f1/grpcio-1.27.2-cp37-cp37m-manylinux2010_x86_64.whl (2.7MB)
Collecting Flask-OpenTracing<1.2.0,>=1.1.0 (from seldon-core==1.0.2)
  Downloading https://files.pythonhosted.org/packages/58/6c/6417701ba5ecc8854670c6db3207bcc3e5fbc96289a7cb18d5516d99a1c6/Flask-OpenTracing-1.1.0.tar.gz
Collecting opentracing<2.3.0,>=2.2.0 (from seldon-core==1.0.2)
  Downloading https://files.pythonhosted.org/packages/94/9f/289424136addf621fb4c75624ef9a3a80e8575da3993a87950c57e93217e/opentracing-2.2.0.tar.gz (47kB)
Collecting jaeger-client<4.2.0,>=4.1.0 (from seldon-core==1.0.2)
  Downloading https://files.pythonhosted.org/packages/f1/da/569a4f1bc3d0c412c7f903053f09ef62fa10949374ca90bc852b22dd3860/jaeger-client-4.1.0.tar.gz (80kB)
Collecting grpcio-opentracing<1.2.0,>=1.1.4 (from seldon-core==1.0.2)
  Downloading https://files.pythonhosted.org/packages/db/82/2fcad380697c3dab25de76ee590bcab3eb9bbfb4add916044d7e83ec2b10/grpcio_opentracing-1.1.4-py3-none-any.whl
Collecting pyaml<20.0.0 (from seldon-core==1.0.2)
  Downloading https://files.pythonhosted.org/packages/35/1e/eda9fe07f752ced7afcef590e7d74390f0d9c9c0b7ff98317afbaa0697e3/pyaml-19.12.0-py2.py3-none-any.whl
Collecting gunicorn<20.1.0,>=19.9.0 (from seldon-core==1.0.2)
  Downloading https://files.pythonhosted.org/packages/69/ca/926f7cd3a2014b16870086b2d0fdc84a9e49473c68a8dff8b57f7c156f43/gunicorn-20.0.4-py2.py3-none-any.whl (77kB)
Collecting minio<6.0.0,>=4.0.9 (from seldon-core==1.0.2)
  Downloading https://files.pythonhosted.org/packages/8f/ed/8670995efca990a8b6473f24331fcc40e61b59a00fe31e6e266b667f4866/minio-5.0.8-py2.py3-none-any.whl (73kB)
Collecting azure-storage-blob<3.0.0,>=2.0.1 (from seldon-core==1.0.2)
  Downloading https://files.pythonhosted.org/packages/3e/84/610f379b46d7d3c2d48eadeed6a12b6d46a43100fea70534f5992d0ac996/azure_storage_blob-2.1.0-py2.py3-none-any.whl (88kB)
Requirement already satisfied: setuptools>=41.0.0 in /opt/conda/lib/python3.7/site-packages (from seldon-core==1.0.2) (41.4.0)
Collecting prometheus_client<0.8.0,>=0.7.1 (from seldon-core==1.0.2)
  Downloading https://files.pythonhosted.org/packages/b3/23/41a5a24b502d35a4ad50a5bb7202a5e1d9a0364d0c12f56db3dbf7aca76d/prometheus_client-0.7.1.tar.gz
Collecting Jinja2>=2.10.1 (from Flask<2.0.0->seldon-core==1.0.2)
  Downloading https://files.pythonhosted.org/packages/27/24/4f35961e5c669e96f6559760042a55b9bcfcdb82b9bdb3c8753dbe042e35/Jinja2-2.11.1-py2.py3-none-any.whl (126kB)
Collecting Werkzeug>=0.15 (from Flask<2.0.0->seldon-core==1.0.2)
  Downloading https://files.pythonhosted.org/packages/ba/a5/d6f8a6e71f15364d35678a4ec8a0186f980b3bd2545f40ad51dd26a87fb1/Werkzeug-1.0.0-py2.py3-none-any.whl (298kB)
Collecting itsdangerous>=0.24 (from Flask<2.0.0->seldon-core==1.0.2)
  Downloading https://files.pythonhosted.org/packages/76/ae/44b03b253d6fade317f32c24d100b3b35c2239807046a4c953c7b89fa49e/itsdangerous-1.1.0-py2.py3-none-any.whl
Collecting click>=5.1 (from Flask<2.0.0->seldon-core==1.0.2)
  Downloading https://files.pythonhosted.org/packages/dd/c0/4d8f43a9b16e289f36478422031b8a63b54b6ac3b1ba605d602f10dd54d6/click-7.1.1-py2.py3-none-any.whl (82kB)
Requirement already satisfied: Six in /opt/conda/lib/python3.7/site-packages (from Flask-cors<4.0.0->seldon-core==1.0.2) (1.12.0)
Requirement already satisfied: urllib3!=1.25.0,!=1.25.1,<1.26,>=1.21.1 in /opt/conda/lib/python3.7/site-packages (from requests<3.0.0->seldon-core==1.0.2) (1.24.2)
Requirement already satisfied: chardet<3.1.0,>=3.0.2 in /opt/conda/lib/python3.7/site-packages (from requests<3.0.0->seldon-core==1.0.2) (3.0.4)
Requirement already satisfied: idna<2.9,>=2.5 in /opt/conda/lib/python3.7/site-packages (from requests<3.0.0->seldon-core==1.0.2) (2.8)
Requirement already satisfied: certifi>=2017.4.17 in /opt/conda/lib/python3.7/site-packages (from requests<3.0.0->seldon-core==1.0.2) (2019.11.28)
Collecting threadloop<2,>=1 (from jaeger-client<4.2.0,>=4.1.0->seldon-core==1.0.2)
  Downloading https://files.pythonhosted.org/packages/d3/1d/8398c1645b97dc008d3c658e04beda01ede3d90943d40c8d56863cf891bd/threadloop-1.0.2.tar.gz
Collecting thrift (from jaeger-client<4.2.0,>=4.1.0->seldon-core==1.0.2)
  Downloading https://files.pythonhosted.org/packages/97/1e/3284d19d7be99305eda145b8aa46b0c33244e4a496ec66440dac19f8274d/thrift-0.13.0.tar.gz (59kB)
Collecting tornado<6,>=4.3 (from jaeger-client<4.2.0,>=4.1.0->seldon-core==1.0.2)
  Downloading https://files.pythonhosted.org/packages/e6/78/6e7b5af12c12bdf38ca9bfe863fcaf53dc10430a312d0324e76c1e5ca426/tornado-5.1.1.tar.gz (516kB)
Collecting PyYAML (from pyaml<20.0.0->seldon-core==1.0.2)
  Downloading https://files.pythonhosted.org/packages/64/c2/b80047c7ac2478f9501676c988a5411ed5572f35d1beff9cae07d321512c/PyYAML-5.3.1.tar.gz (269kB)
Collecting pytz (from minio<6.0.0,>=4.0.9->seldon-core==1.0.2)
  Downloading https://files.pythonhosted.org/packages/e7/f9/f0b53f88060247251bf481fa6ea62cd0d25bf1b11a87888e53ce5b7c8ad2/pytz-2019.3-py2.py3-none-any.whl (509kB)
Collecting python-dateutil (from minio<6.0.0,>=4.0.9->seldon-core==1.0.2)
  Downloading https://files.pythonhosted.org/packages/d4/70/d60450c3dd48ef87586924207ae8907090de0b306af2bce5d134d78615cb/python_dateutil-2.8.1-py2.py3-none-any.whl (227kB)
Collecting configparser (from minio<6.0.0,>=4.0.9->seldon-core==1.0.2)
  Downloading https://files.pythonhosted.org/packages/4b/6b/01baa293090240cf0562cc5eccb69c6f5006282127f2b846fad011305c79/configparser-5.0.0-py3-none-any.whl
Collecting azure-common>=1.1.5 (from azure-storage-blob<3.0.0,>=2.0.1->seldon-core==1.0.2)
  Downloading https://files.pythonhosted.org/packages/e5/4d/d000fc3c5af601d00d55750b71da5c231fcb128f42ac95b208ed1091c2c1/azure_common-1.1.25-py2.py3-none-any.whl
Collecting azure-storage-common~=2.1 (from azure-storage-blob<3.0.0,>=2.0.1->seldon-core==1.0.2)
  Downloading https://files.pythonhosted.org/packages/6b/a0/6794b318ce0118d1a4053bdf0149a60807407db9b710354f2b203c2f5975/azure_storage_common-2.1.0-py2.py3-none-any.whl (47kB)
Collecting MarkupSafe>=0.23 (from Jinja2>=2.10.1->Flask<2.0.0->seldon-core==1.0.2)
  Downloading https://files.pythonhosted.org/packages/98/7b/ff284bd8c80654e471b769062a9b43cc5d03e7a615048d96f4619df8d420/MarkupSafe-1.1.1-cp37-cp37m-manylinux1_x86_64.whl
Requirement already satisfied: cryptography in /opt/conda/lib/python3.7/site-packages (from azure-storage-common~=2.1->azure-storage-blob<3.0.0,>=2.0.1->seldon-core==1.0.2) (2.7)
Requirement already satisfied: cffi!=1.11.3,>=1.8 in /opt/conda/lib/python3.7/site-packages (from cryptography->azure-storage-common~=2.1->azure-storage-blob<3.0.0,>=2.0.1->seldon-core==1.0.2) (1.12.3)
Requirement already satisfied: asn1crypto>=0.21.0 in /opt/conda/lib/python3.7/site-packages (from cryptography->azure-storage-common~=2.1->azure-storage-blob<3.0.0,>=2.0.1->seldon-core==1.0.2) (1.0.1)
Requirement already satisfied: pycparser in /opt/conda/lib/python3.7/site-packages (from cffi!=1.11.3,>=1.8->cryptography->azure-storage-common~=2.1->azure-storage-blob<3.0.0,>=2.0.1->seldon-core==1.0.2) (2.19)
Building wheels for collected packages: Flask-OpenTracing, opentracing, jaeger-client, prometheus-client, threadloop, thrift, tornado, PyYAML
  Building wheel for Flask-OpenTracing (setup.py): started
  Building wheel for Flask-OpenTracing (setup.py): finished with status 'done'
  Created wheel for Flask-OpenTracing: filename=Flask_OpenTracing-1.1.0-cp37-none-any.whl size=9072 sha256=db0ba335fb0c51a0734b88033d0acbf796d75b810304e0acf8a5c3d98e2b6c2d
  Stored in directory: /root/.cache/pip/wheels/7b/dc/25/3cf0b35c129232ee596c413f13d1d1f5a8e38c427266276dfd
  Building wheel for opentracing (setup.py): started
  Building wheel for opentracing (setup.py): finished with status 'done'
  Created wheel for opentracing: filename=opentracing-2.2.0-cp37-none-any.whl size=49320 sha256=8f68ff13757c90266707e925294bdbf50ff7d458d160e010242d942653fe2e28
  Stored in directory: /root/.cache/pip/wheels/93/e9/b5/1cdc3544f99a54caca13832b5afa26fd98701fe709dc049576
  Building wheel for jaeger-client (setup.py): started
  Building wheel for jaeger-client (setup.py): finished with status 'done'
  Created wheel for jaeger-client: filename=jaeger_client-4.1.0-cp37-none-any.whl size=64309 sha256=09b7d6222d4639787322a20bb4c568e7f53842b05c8fba7ddf219c4215fc7464
  Stored in directory: /root/.cache/pip/wheels/f2/84/7f/e89da3ee8ce35598d6382b6389fa2ada5d66acca2422537994
  Building wheel for prometheus-client (setup.py): started
  Building wheel for prometheus-client (setup.py): finished with status 'done'
  Created wheel for prometheus-client: filename=prometheus_client-0.7.1-cp37-none-any.whl size=41402 sha256=b13a3a5bd1511ff108ec6f09ff9678bec98e4335199ffd44816896aea698d498
  Stored in directory: /root/.cache/pip/wheels/1c/54/34/fd47cd9b308826cc4292b54449c1899a30251ef3b506bc91ea
  Building wheel for threadloop (setup.py): started
  Building wheel for threadloop (setup.py): finished with status 'done'
  Created wheel for threadloop: filename=threadloop-1.0.2-cp37-none-any.whl size=3424 sha256=6b7a2b5d1b93a6f61cf2ab13357b53b2bec11508099179547e3b581da5bfe30e
  Stored in directory: /root/.cache/pip/wheels/d7/7a/30/d212623a4cd34f6cce400f8122b1b7af740d3440c68023d51f
  Building wheel for thrift (setup.py): started
  Building wheel for thrift (setup.py): finished with status 'done'
  Created wheel for thrift: filename=thrift-0.13.0-cp37-cp37m-linux_x86_64.whl size=486838 sha256=ab6856a5f7d5024931d2814b24062a9edfc0b19e378019bae9f897b37fbcaa99
  Stored in directory: /root/.cache/pip/wheels/02/a2/46/689ccfcf40155c23edc7cdbd9de488611c8fdf49ff34b1706e
  Building wheel for tornado (setup.py): started
  Building wheel for tornado (setup.py): finished with status 'done'
  Created wheel for tornado: filename=tornado-5.1.1-cp37-cp37m-linux_x86_64.whl size=463622 sha256=1ac6e577dc23e6e2260a7aeb880988593217b126d4315e53424ec3bdac8ae652
  Stored in directory: /root/.cache/pip/wheels/6d/e1/ce/f4ee2fa420cc6b940123c64992b81047816d0a9fad6b879325
  Building wheel for PyYAML (setup.py): started
  Building wheel for PyYAML (setup.py): finished with status 'done'
  Created wheel for PyYAML: filename=PyYAML-5.3.1-cp37-cp37m-linux_x86_64.whl size=44620 sha256=093b9d73704c4fcc2f7b8150cff6d55ab05ab8aba8b5b932842e05bb9aa5d2e9
  Stored in directory: /root/.cache/pip/wheels/a7/c1/ea/cf5bd31012e735dc1dfea3131a2d5eae7978b251083d6247bd
Successfully built Flask-OpenTracing opentracing jaeger-client prometheus-client threadloop thrift tornado PyYAML
Installing collected packages: MarkupSafe, Jinja2, Werkzeug, itsdangerous, click, Flask, Flask-cors, redis, numpy, flatbuffers, protobuf, grpcio, opentracing, Flask-OpenTracing, tornado, threadloop, thrift, jaeger-client, grpcio-opentracing, PyYAML, pyaml, gunicorn, pytz, python-dateutil, configparser, minio, azure-common, azure-storage-common, azure-storage-blob, prometheus-client, seldon-core
  Running setup.py develop for seldon-core
Successfully installed Flask-1.1.1 Flask-OpenTracing-1.1.0 Flask-cors-3.0.8 Jinja2-2.11.1 MarkupSafe-1.1.1 PyYAML-5.3.1 Werkzeug-1.0.0 azure-common-1.1.25 azure-storage-blob-2.1.0 azure-storage-common-2.1.0 click-7.1.1 configparser-5.0.0 flatbuffers-1.12 grpcio-1.27.2 grpcio-opentracing-1.1.4 gunicorn-20.0.4 itsdangerous-1.1.0 jaeger-client-4.1.0 minio-5.0.8 numpy-1.18.2 opentracing-2.2.0 prometheus-client-0.7.1 protobuf-3.11.3 pyaml-19.12.0 python-dateutil-2.8.1 pytz-2019.3 redis-3.4.1 seldon-core threadloop-1.0.2 thrift-0.13.0 tornado-5.1.1
Removing intermediate container adf1cb56b2af
 ---> a549eefca577
Step 10/10 : EXPOSE 5000
 ---> Running in dcdac0884c9b
Removing intermediate container dcdac0884c9b
 ---> fafad89743d3
Successfully built fafad89743d3
Successfully tagged seldonio/seldon-core-s2i-python37:0.19-SNAPSHOT
make[1]: Leaving directory '/workspace/source/wrappers/s2i/python'
make[1]: Entering directory '/workspace/source/wrappers/s2i/python'
docker tag docker.io/seldonio/seldon-core-s2i-python`echo -n 3.7 | sed 's/\.//g'`:0.19-SNAPSHOT docker.io/seldonio/seldon-core-s2i-python`echo -n 3.7 | cut -d. -f1`:0.19-SNAPSHOT
make[1]: Leaving directory '/workspace/source/wrappers/s2i/python'
Files changed in operator folder:
SKIPPING OPERATOR IMAGE BUILD...
Files changed in engine folder:
SKIPPING ENGINE IMAGE BUILD...
Files changed in executor folder:
SKIPPING EXECUTOR IMAGE BUILD...
Build fixed models
cd ../docker/fixed-model && make kind_load_images
make[1]: Entering directory '/workspace/source/testing/docker/fixed-model'
s2i build -E environment_rest_v1 . seldonio/seldon-core-s2i-python3:0.15 seldonio/fixed-model:0.1
---> Installing application source...
Build completed successfully
s2i build -E environment_rest_v2 . seldonio/seldon-core-s2i-python3:0.15 seldonio/fixed-model:0.2
---> Installing application source...
Build completed successfully
kind load -v 3 docker-image seldonio/fixed-model:0.1
Image: "seldonio/fixed-model:0.1" with ID "sha256:71b739bf59b015f33d8111639d49f5a283ff29142874f939eb80f7c3a8b27d75" not present on node "kind-control-plane"
Image: "seldonio/fixed-model:0.1" with ID "sha256:71b739bf59b015f33d8111639d49f5a283ff29142874f939eb80f7c3a8b27d75" not present on node "kind-worker"
kind load -v 3 docker-image seldonio/fixed-model:0.2
Image: "seldonio/fixed-model:0.2" with ID "sha256:67403d877de64c81797f21e82f9cb33f50c36ca36e4610beac632b4d7de17f65" not present on node "kind-control-plane"
Image: "seldonio/fixed-model:0.2" with ID "sha256:67403d877de64c81797f21e82f9cb33f50c36ca36e4610beac632b4d7de17f65" not present on node "kind-worker"
make[1]: Leaving directory '/workspace/source/testing/docker/fixed-model'
kubectl create namespace seldon || echo "Namespace seldon already exists"
namespace/seldon created
kubectl create namespace test1 || echo "Namespace test1 already exists"
namespace/test1 created
helm repo add stable https://kubernetes-charts.storage.googleapis.com/
"stable" has been added to your repositories
helm repo add seldonio https://storage.googleapis.com/seldon-charts
"seldonio" has been added to your repositories
helm repo add jaegertracing https://jaegertracing.github.io/helm-charts
"jaegertracing" has been added to your repositories
helm repo update
Hang tight while we grab the latest from your chart repositories...
...Successfully got an update from the "seldonio" chart repository
...Successfully got an update from the "jaegertracing" chart repository
...Successfully got an update from the "stable" chart repository
Update Complete. âŽˆ Happy Helming!âŽˆ 
helm install ambassador \
	stable/ambassador \
	-f ../resources/ambassador_values.yaml \
	--set crds.keep=false \
	--namespace seldon \
	--set replicaCount=1 \
	--wait
manifest_sorter.go:192: info: skipping unknown hook: "crd-install"
manifest_sorter.go:192: info: skipping unknown hook: "crd-install"
manifest_sorter.go:192: info: skipping unknown hook: "crd-install"
manifest_sorter.go:192: info: skipping unknown hook: "crd-install"
manifest_sorter.go:192: info: skipping unknown hook: "crd-install"
manifest_sorter.go:192: info: skipping unknown hook: "crd-install"
manifest_sorter.go:192: info: skipping unknown hook: "crd-install"
manifest_sorter.go:192: info: skipping unknown hook: "crd-install"
manifest_sorter.go:192: info: skipping unknown hook: "crd-install"
manifest_sorter.go:192: info: skipping unknown hook: "crd-install"
manifest_sorter.go:192: info: skipping unknown hook: "crd-install"
manifest_sorter.go:192: info: skipping unknown hook: "crd-install"
manifest_sorter.go:192: info: skipping unknown hook: "crd-install"
manifest_sorter.go:192: info: skipping unknown hook: "crd-install"
NAME: ambassador
LAST DEPLOYED: Fri Mar 27 11:47:55 2020
NAMESPACE: seldon
STATUS: deployed
REVISION: 1
NOTES:
Congratulations! You've successfully installed Ambassador.

For help, visit our Slack at https://d6e.co/slack or view the documentation online at https://www.getambassador.io.

To get the IP address of Ambassador, run the following commands:
  export NODE_PORT=$(kubectl get --namespace seldon -o jsonpath="{.spec.ports[0].nodePort}" services ambassador)
  export NODE_IP=$(kubectl get nodes --namespace seldon -o jsonpath="{.items[0].status.addresses[0].address}")
  echo http://$NODE_IP:$NODE_PORT
kubectl apply -f istio-1.4.2.yaml
clusterrole.rbac.authorization.k8s.io/istio-reader-istio-system created
clusterrolebinding.rbac.authorization.k8s.io/istio-reader-istio-system created
customresourcedefinition.apiextensions.k8s.io/attributemanifests.config.istio.io created
customresourcedefinition.apiextensions.k8s.io/clusterrbacconfigs.rbac.istio.io created
customresourcedefinition.apiextensions.k8s.io/destinationrules.networking.istio.io created
customresourcedefinition.apiextensions.k8s.io/envoyfilters.networking.istio.io created
customresourcedefinition.apiextensions.k8s.io/gateways.networking.istio.io created
customresourcedefinition.apiextensions.k8s.io/httpapispecbindings.config.istio.io created
customresourcedefinition.apiextensions.k8s.io/httpapispecs.config.istio.io created
customresourcedefinition.apiextensions.k8s.io/meshpolicies.authentication.istio.io created
customresourcedefinition.apiextensions.k8s.io/policies.authentication.istio.io created
customresourcedefinition.apiextensions.k8s.io/quotaspecbindings.config.istio.io created
customresourcedefinition.apiextensions.k8s.io/quotaspecs.config.istio.io created
customresourcedefinition.apiextensions.k8s.io/rbacconfigs.rbac.istio.io created
customresourcedefinition.apiextensions.k8s.io/rules.config.istio.io created
customresourcedefinition.apiextensions.k8s.io/serviceentries.networking.istio.io created
customresourcedefinition.apiextensions.k8s.io/servicerolebindings.rbac.istio.io created
customresourcedefinition.apiextensions.k8s.io/serviceroles.rbac.istio.io created
customresourcedefinition.apiextensions.k8s.io/virtualservices.networking.istio.io created
customresourcedefinition.apiextensions.k8s.io/adapters.config.istio.io created
customresourcedefinition.apiextensions.k8s.io/instances.config.istio.io created
customresourcedefinition.apiextensions.k8s.io/templates.config.istio.io created
customresourcedefinition.apiextensions.k8s.io/handlers.config.istio.io created
customresourcedefinition.apiextensions.k8s.io/sidecars.networking.istio.io created
customresourcedefinition.apiextensions.k8s.io/authorizationpolicies.security.istio.io created
namespace/istio-system created
serviceaccount/istio-reader-service-account created
clusterrole.rbac.authorization.k8s.io/istio-citadel-istio-system created
clusterrolebinding.rbac.authorization.k8s.io/istio-citadel-istio-system created
deployment.apps/istio-citadel created
poddisruptionbudget.policy/istio-citadel created
service/istio-citadel created
serviceaccount/istio-citadel-service-account created
deployment.apps/istio-egressgateway created
poddisruptionbudget.policy/istio-egressgateway created
gateway.networking.istio.io/istio-multicluster-egressgateway created
virtualservice.networking.istio.io/istio-multicluster-egressgateway created
envoyfilter.networking.istio.io/istio-multicluster-egressgateway created
destinationrule.networking.istio.io/istio-multicluster-destinationrule created
service/istio-egressgateway created
role.rbac.authorization.k8s.io/istio-egressgateway-sds created
rolebinding.rbac.authorization.k8s.io/istio-egressgateway-sds created
serviceaccount/istio-egressgateway-service-account created
clusterrole.rbac.authorization.k8s.io/istio-galley-istio-system created
clusterrolebinding.rbac.authorization.k8s.io/istio-galley-*****-role-binding-istio-system created
configmap/istio-mesh-galley created
configmap/istio-galley-configuration created
deployment.apps/istio-galley created
poddisruptionbudget.policy/istio-galley created
service/istio-galley created
serviceaccount/istio-galley-service-account created
configmap/istio-grafana-configuration-dashboards-citadel-dashboard created
configmap/istio-grafana-configuration-dashboards-galley-dashboard created
configmap/istio-grafana-configuration-dashboards-istio-mesh-dashboard created
configmap/istio-grafana-configuration-dashboards-istio-performance-dashboard created
configmap/istio-grafana-configuration-dashboards-istio-service-dashboard created
configmap/istio-grafana-configuration-dashboards-istio-workload-dashboard created
configmap/istio-grafana-configuration-dashboards-mixer-dashboard created
configmap/istio-grafana-configuration-dashboards-pilot-dashboard created
configmap/istio-grafana created
deployment.apps/grafana created
policy.authentication.istio.io/grafana-ports-mtls-disabled created
service/grafana created
deployment.apps/istio-ingressgateway created
gateway.networking.istio.io/ingressgateway created
poddisruptionbudget.policy/ingressgateway created
service/istio-ingressgateway created
serviceaccount/istio-ingressgateway-service-account created
sidecar.networking.istio.io/default created
clusterrole.rbac.authorization.k8s.io/istio-sidecar-injector-istio-system created
clusterrolebinding.rbac.authorization.k8s.io/istio-sidecar-injector-*****-role-binding-istio-system created
configmap/injector-mesh created
deployment.apps/istio-sidecar-injector created
mutatingwebhookconfiguration.admissionregistration.k8s.io/istio-sidecar-injector created
poddisruptionbudget.policy/istio-sidecar-injector created
service/istio-sidecar-injector created
serviceaccount/istio-sidecar-injector-service-account created
configmap/istio-sidecar-injector created
clusterrole.rbac.authorization.k8s.io/kiali created
clusterrole.rbac.authorization.k8s.io/kiali-viewer created
clusterrolebinding.rbac.authorization.k8s.io/kiali created
configmap/kiali created
secret/kiali created
deployment.apps/kiali created
service/kiali created
serviceaccount/kiali-service-account created
clusterrole.rbac.authorization.k8s.io/istio-pilot-istio-system created
clusterrolebinding.rbac.authorization.k8s.io/istio-pilot-istio-system created
configmap/pilot-envoy-config created
configmap/istio created
deployment.apps/istio-pilot created
meshpolicy.authentication.istio.io/default created
poddisruptionbudget.policy/istio-pilot created
service/istio-pilot created
serviceaccount/istio-pilot-service-account created
clusterrole.rbac.authorization.k8s.io/istio-policy created
clusterrolebinding.rbac.authorization.k8s.io/istio-policy-*****-role-binding-istio-system created
destinationrule.networking.istio.io/istio-policy created
deployment.apps/istio-policy created
poddisruptionbudget.policy/istio-policy created
service/istio-policy created
serviceaccount/istio-policy-service-account created
clusterrole.rbac.authorization.k8s.io/prometheus-istio-system created
clusterrolebinding.rbac.authorization.k8s.io/prometheus-istio-system created
configmap/prometheus created
deployment.apps/prometheus created
service/prometheus created
serviceaccount/prometheus created
horizontalpodautoscaler.autoscaling/istio-telemetry created
clusterrole.rbac.authorization.k8s.io/istio-mixer-istio-system created
clusterrolebinding.rbac.authorization.k8s.io/istio-mixer-*****-role-binding-istio-system created
attributemanifest.config.istio.io/istioproxy created
attributemanifest.config.istio.io/kubernetes created
handler.config.istio.io/stdio created
instance.config.istio.io/accesslog created
instance.config.istio.io/tcpaccesslog created
rule.config.istio.io/stdio created
rule.config.istio.io/stdiotcp created
instance.config.istio.io/requestcount created
instance.config.istio.io/requestduration created
instance.config.istio.io/requestsize created
instance.config.istio.io/responsesize created
instance.config.istio.io/tcpbytesent created
instance.config.istio.io/tcpbytereceived created
instance.config.istio.io/tcpconnectionsopened created
instance.config.istio.io/tcpconnectionsclosed created
handler.config.istio.io/prometheus created
rule.config.istio.io/promhttp created
rule.config.istio.io/promtcp created
rule.config.istio.io/promtcpconnectionopen created
rule.config.istio.io/promtcpconnectionclosed created
handler.config.istio.io/kubernetesenv created
rule.config.istio.io/kubeattrgenrulerule created
rule.config.istio.io/tcpkubeattrgenrulerule created
instance.config.istio.io/attributes created
destinationrule.networking.istio.io/istio-telemetry created
configmap/telemetry-envoy-config created
deployment.apps/istio-telemetry created
poddisruptionbudget.policy/istio-telemetry created
service/istio-telemetry created
serviceaccount/istio-mixer-service-account created
deployment.apps/istio-tracing created
service/jaeger-query created
service/jaeger-collector created
service/jaeger-agent created
service/zipkin created
service/tracing created
kubectl rollout status deployment.apps/istio-ingressgateway -n istio-system
Waiting for deployment "istio-ingressgateway" rollout to finish: 0 of 1 updated replicas are available...
deployment "istio-ingressgateway" successfully rolled out
kubectl rollout status deployment.apps/istio-pilot -n istio-system
deployment "istio-pilot" successfully rolled out
kubectl rollout status deployment.apps/istio-citadel -n istio-system
deployment "istio-citadel" successfully rolled out
helm install jaeger-operator \
	jaegertracing/jaeger-operator \
	--set rbac.clusterRole=true \
	--namespace seldon \
	--wait
manifest_sorter.go:192: info: skipping unknown hook: "crd-install"
NAME: jaeger-operator
LAST DEPLOYED: Fri Mar 27 11:50:08 2020
NAMESPACE: seldon
STATUS: deployed
REVISION: 1
TEST SUITE: None
NOTES:
jaeger-operator is installed.


Check the jaeger-operator logs
  export POD=$(kubectl get pods-l app.kubernetes.io/instance=jaeger-operator -lapp.kubernetes.io/name=jaeger-operator --namespace seldon --output name)
  kubectl logs $POD --namespace=seldon
kubectl apply -f ../resources/jaeger.yaml --namespace seldon
jaeger.jaegertracing.io/jaeger created
mapping.getambassador.io/jaeger created
cd ../../operator && make install-cert-manager
make[1]: Entering directory '/workspace/source/operator'
kubectl create namespace cert-manager || echo "Namespace cert-manager-exists"
namespace/cert-manager created
kubectl label namespace cert-manager cert-manager.io/disable-validation=true || echo "namespace cert-manager-already labelled"
namespace/cert-manager labeled
kubectl apply --validate=false -f https://github.com/jetstack/cert-manager/releases/download/v0.12.0/cert-manager.yaml
customresourcedefinition.apiextensions.k8s.io/certificaterequests.cert-manager.io created
customresourcedefinition.apiextensions.k8s.io/certificates.cert-manager.io created
customresourcedefinition.apiextensions.k8s.io/challenges.acme.cert-manager.io created
customresourcedefinition.apiextensions.k8s.io/clusterissuers.cert-manager.io created
customresourcedefinition.apiextensions.k8s.io/issuers.cert-manager.io created
customresourcedefinition.apiextensions.k8s.io/orders.acme.cert-manager.io created
Warning: kubectl apply should be used on resource created by either kubectl create --save-config or kubectl apply
namespace/cert-manager configured
serviceaccount/cert-manager-cainjector created
serviceaccount/cert-manager created
serviceaccount/cert-manager-webhook created
clusterrole.rbac.authorization.k8s.io/cert-manager-cainjector created
clusterrolebinding.rbac.authorization.k8s.io/cert-manager-cainjector created
role.rbac.authorization.k8s.io/cert-manager-cainjector:leaderelection created
rolebinding.rbac.authorization.k8s.io/cert-manager-cainjector:leaderelection created
clusterrolebinding.rbac.authorization.k8s.io/cert-manager-webhook:auth-delegator created
rolebinding.rbac.authorization.k8s.io/cert-manager-webhook:webhook-authentication-reader created
clusterrole.rbac.authorization.k8s.io/cert-manager-webhook:webhook-requester created
role.rbac.authorization.k8s.io/cert-manager:leaderelection created
rolebinding.rbac.authorization.k8s.io/cert-manager:leaderelection created
clusterrole.rbac.authorization.k8s.io/cert-manager-controller-issuers created
clusterrole.rbac.authorization.k8s.io/cert-manager-controller-clusterissuers created
clusterrole.rbac.authorization.k8s.io/cert-manager-controller-certificates created
clusterrole.rbac.authorization.k8s.io/cert-manager-controller-orders created
clusterrole.rbac.authorization.k8s.io/cert-manager-controller-challenges created
clusterrole.rbac.authorization.k8s.io/cert-manager-controller-ingress-shim created
clusterrolebinding.rbac.authorization.k8s.io/cert-manager-controller-issuers created
clusterrolebinding.rbac.authorization.k8s.io/cert-manager-controller-clusterissuers created
clusterrolebinding.rbac.authorization.k8s.io/cert-manager-controller-certificates created
clusterrolebinding.rbac.authorization.k8s.io/cert-manager-controller-orders created
clusterrolebinding.rbac.authorization.k8s.io/cert-manager-controller-challenges created
clusterrolebinding.rbac.authorization.k8s.io/cert-manager-controller-ingress-shim created
clusterrole.rbac.authorization.k8s.io/cert-manager-view created
clusterrole.rbac.authorization.k8s.io/cert-manager-edit created
service/cert-manager created
service/cert-manager-webhook created
deployment.apps/cert-manager-cainjector created
deployment.apps/cert-manager created
deployment.apps/cert-manager-webhook created
mutatingwebhookconfiguration.admissionregistration.k8s.io/cert-manager-webhook created
validatingwebhookconfiguration.admissionregistration.k8s.io/cert-manager-webhook created
kubectl rollout status deployment.apps/cert-manager -n cert-manager
Waiting for deployment "cert-manager" rollout to finish: 0 of 1 updated replicas are available...
deployment "cert-manager" successfully rolled out
kubectl rollout status deployment.apps/cert-manager-cainjector -n cert-manager
deployment "cert-manager-cainjector" successfully rolled out
kubectl rollout status deployment.apps/cert-manager-webhook -n cert-manager
Waiting for deployment "cert-manager-webhook" rollout to finish: 0 of 1 updated replicas are available...
deployment "cert-manager-webhook" successfully rolled out
make[1]: Leaving directory '/workspace/source/operator'
sleep 5 #https://github.com/jetstack/cert-manager/issues/2273
kubectl create namespace seldon-system || echo "namespace seldon-system exists"
namespace/seldon-system created
helm install seldon \
	../../helm-charts/seldon-core-operator \
	--namespace seldon-system \
	--set istio.enabled=true \
	--set istio.gateway=seldon-gateway \
	--set certManager.enabled=false \
	--set executor.enabled=true \
	--wait
NAME: seldon
LAST DEPLOYED: Fri Mar 27 11:51:00 2020
NAMESPACE: seldon-system
STATUS: deployed
REVISION: 1
TEST SUITE: None
kubectl config set-context $(kubectl config current-context) --namespace=seldon
Context "kind-kind" modified.
make: Entering directory '/workspace/source/python'
pip install -e . -r requirements-dev.txt
Obtaining file:///workspace/source/python
Collecting Flask<2.0.0
  Downloading Flask-1.1.1-py2.py3-none-any.whl (94 kB)
Collecting Flask-cors<4.0.0
  Downloading Flask_Cors-3.0.8-py2.py3-none-any.whl (14 kB)
Collecting redis<4.0.0
  Downloading redis-3.4.1-py2.py3-none-any.whl (71 kB)
Requirement already satisfied: requests<3.0.0 in /usr/local/lib/python3.6/site-packages (from -r requirements.txt (line 4)) (2.23.0)
Requirement already satisfied: numpy<2.0.0 in /usr/local/lib/python3.6/site-packages (from -r requirements.txt (line 5)) (1.18.1)
Collecting flatbuffers<2.0.0
  Downloading flatbuffers-1.12-py2.py3-none-any.whl (15 kB)
Requirement already satisfied: protobuf<4.0.0 in /usr/local/lib/python3.6/site-packages (from -r requirements.txt (line 7)) (3.11.3)
Requirement already satisfied: grpcio<2.0.0 in /usr/local/lib/python3.6/site-packages (from -r requirements.txt (line 8)) (1.27.2)
Collecting Flask-OpenTracing<1.2.0,>=1.1.0
  Downloading Flask-OpenTracing-1.1.0.tar.gz (8.2 kB)
Collecting opentracing<2.3.0,>=2.2.0
  Downloading opentracing-2.2.0.tar.gz (47 kB)
Collecting jaeger-client<4.2.0,>=4.1.0
  Downloading jaeger-client-4.1.0.tar.gz (80 kB)
Collecting grpcio-opentracing<1.2.0,>=1.1.4
  Downloading grpcio_opentracing-1.1.4-py3-none-any.whl (14 kB)
Collecting pyaml<20.0.0
  Downloading pyaml-19.12.0-py2.py3-none-any.whl (17 kB)
Collecting gunicorn<20.1.0,>=19.9.0
  Downloading gunicorn-20.0.4-py2.py3-none-any.whl (77 kB)
Collecting minio<6.0.0,>=4.0.9
  Downloading minio-5.0.8-py2.py3-none-any.whl (73 kB)
Collecting azure-storage-blob<3.0.0,>=2.0.1
  Downloading azure_storage_blob-2.1.0-py2.py3-none-any.whl (88 kB)
Requirement already satisfied: setuptools>=41.0.0 in /usr/local/lib/python3.6/site-packages (from -r requirements.txt (line 17)) (45.2.0)
Collecting google-cloud-storage>=1.16.0
  Downloading google_cloud_storage-1.26.0-py2.py3-none-any.whl (75 kB)
Requirement already satisfied: prometheus_client<0.8.0,>=0.7.1 in /usr/local/lib/python3.6/site-packages (from -r requirements.txt (line 19)) (0.7.1)
Collecting black==19.10b0
  Downloading black-19.10b0-py36-none-any.whl (97 kB)
Collecting flake8==3.7.9
  Downloading flake8-3.7.9-py2.py3-none-any.whl (69 kB)
Collecting mypy<0.771
  Downloading mypy-0.770-cp36-cp36m-manylinux1_x86_64.whl (21.7 MB)
Requirement already satisfied: Pillow==7.0.0 in /usr/local/lib/python3.6/site-packages (from -r requirements-dev.txt (line 5)) (7.0.0)
Collecting pytest==5.4.1
  Downloading pytest-5.4.1-py3-none-any.whl (246 kB)
Collecting pytest-cov==2.8.1
  Downloading pytest_cov-2.8.1-py2.py3-none-any.whl (18 kB)
Collecting tox<4.0.0
  Downloading tox-3.14.6-py2.py3-none-any.whl (81 kB)
Collecting coverage==4.5.4
  Downloading coverage-4.5.4-cp36-cp36m-manylinux1_x86_64.whl (205 kB)
Requirement already satisfied: pandas==1.0.1 in /usr/local/lib/python3.6/site-packages (from -r requirements-dev.txt (line 14)) (1.0.1)
Collecting pip-licenses==2.1.1
  Downloading pip_licenses-2.1.1-py3-none-any.whl (13 kB)
Collecting click>=5.1
  Downloading click-7.1.1-py2.py3-none-any.whl (82 kB)
Collecting itsdangerous>=0.24
  Downloading itsdangerous-1.1.0-py2.py3-none-any.whl (16 kB)
Requirement already satisfied: Jinja2>=2.10.1 in /usr/local/lib/python3.6/site-packages (from Flask<2.0.0->-r requirements.txt (line 1)) (2.11.1)
Requirement already satisfied: Werkzeug>=0.15 in /usr/local/lib/python3.6/site-packages (from Flask<2.0.0->-r requirements.txt (line 1)) (1.0.0)
Requirement already satisfied: Six in /usr/local/lib/python3.6/site-packages (from Flask-cors<4.0.0->-r requirements.txt (line 2)) (1.14.0)
Requirement already satisfied: certifi>=2017.4.17 in /usr/local/lib/python3.6/site-packages (from requests<3.0.0->-r requirements.txt (line 4)) (2019.11.28)
Requirement already satisfied: chardet<4,>=3.0.2 in /usr/local/lib/python3.6/site-packages (from requests<3.0.0->-r requirements.txt (line 4)) (3.0.4)
Requirement already satisfied: idna<3,>=2.5 in /usr/local/lib/python3.6/site-packages (from requests<3.0.0->-r requirements.txt (line 4)) (2.9)
Requirement already satisfied: urllib3!=1.25.0,!=1.25.1,<1.26,>=1.21.1 in /usr/local/lib/python3.6/site-packages (from requests<3.0.0->-r requirements.txt (line 4)) (1.25.8)
Collecting threadloop<2,>=1
  Downloading threadloop-1.0.2.tar.gz (4.9 kB)
Collecting thrift
  Downloading thrift-0.13.0.tar.gz (59 kB)
Collecting tornado<6,>=4.3
  Downloading tornado-5.1.1.tar.gz (516 kB)
Requirement already satisfied: PyYAML in /usr/local/lib/python3.6/site-packages (from pyaml<20.0.0->-r requirements.txt (line 13)) (5.3)
Requirement already satisfied: python-dateutil in /usr/local/lib/python3.6/site-packages (from minio<6.0.0,>=4.0.9->-r requirements.txt (line 15)) (2.8.1)
Collecting configparser
  Downloading configparser-5.0.0-py3-none-any.whl (22 kB)
Requirement already satisfied: pytz in /usr/local/lib/python3.6/site-packages (from minio<6.0.0,>=4.0.9->-r requirements.txt (line 15)) (2019.3)
Collecting azure-common>=1.1.5
  Downloading azure_common-1.1.25-py2.py3-none-any.whl (12 kB)
Collecting azure-storage-common~=2.1
  Downloading azure_storage_common-2.1.0-py2.py3-none-any.whl (47 kB)
Collecting google-resumable-media<0.6dev,>=0.5.0
  Downloading google_resumable_media-0.5.0-py2.py3-none-any.whl (38 kB)
Collecting google-cloud-core<2.0dev,>=1.2.0
  Downloading google_cloud_core-1.3.0-py2.py3-none-any.whl (26 kB)
Collecting google-auth<2.0dev,>=1.11.0
  Downloading google_auth-1.12.0-py2.py3-none-any.whl (83 kB)
Collecting regex
  Downloading regex-2020.2.20-cp36-cp36m-manylinux2010_x86_64.whl (690 kB)
Collecting typed-ast>=1.4.0
  Downloading typed_ast-1.4.1-cp36-cp36m-manylinux1_x86_64.whl (737 kB)
Collecting appdirs
  Downloading appdirs-1.4.3-py2.py3-none-any.whl (12 kB)
Collecting pathspec<1,>=0.6
  Downloading pathspec-0.7.0-py2.py3-none-any.whl (25 kB)
Collecting toml>=0.9.4
  Downloading toml-0.10.0-py2.py3-none-any.whl (25 kB)
Requirement already satisfied: attrs>=18.1.0 in /usr/local/lib/python3.6/site-packages (from black==19.10b0->-r requirements-dev.txt (line 2)) (19.3.0)
Collecting mccabe<0.7.0,>=0.6.0
  Downloading mccabe-0.6.1-py2.py3-none-any.whl (8.6 kB)
Requirement already satisfied: entrypoints<0.4.0,>=0.3.0 in /usr/local/lib/python3.6/site-packages (from flake8==3.7.9->-r requirements-dev.txt (line 3)) (0.3)
Collecting pycodestyle<2.6.0,>=2.5.0
  Downloading pycodestyle-2.5.0-py2.py3-none-any.whl (51 kB)
Collecting pyflakes<2.2.0,>=2.1.0
  Downloading pyflakes-2.1.1-py2.py3-none-any.whl (59 kB)
Collecting mypy-extensions<0.5.0,>=0.4.3
  Downloading mypy_extensions-0.4.3-py2.py3-none-any.whl (4.5 kB)
Collecting typing-extensions>=3.7.4
  Downloading typing_extensions-3.7.4.1-py3-none-any.whl (20 kB)
Requirement already satisfied: importlib-metadata>=0.12; python_version < "3.8" in /usr/local/lib/python3.6/site-packages (from pytest==5.4.1->-r requirements-dev.txt (line 6)) (1.5.0)
Collecting py>=1.5.0
  Downloading py-1.8.1-py2.py3-none-any.whl (83 kB)
Collecting more-itertools>=4.0.0
  Downloading more_itertools-8.2.0-py3-none-any.whl (43 kB)
Requirement already satisfied: wcwidth in /usr/local/lib/python3.6/site-packages (from pytest==5.4.1->-r requirements-dev.txt (line 6)) (0.1.8)
Collecting pluggy<1.0,>=0.12
  Downloading pluggy-0.13.1-py2.py3-none-any.whl (18 kB)
Collecting packaging
  Downloading packaging-20.3-py2.py3-none-any.whl (37 kB)
Collecting filelock<4,>=3.0.0
  Downloading filelock-3.0.12-py3-none-any.whl (7.6 kB)
Collecting virtualenv!=20.0.0,!=20.0.1,!=20.0.2,!=20.0.3,!=20.0.4,!=20.0.5,!=20.0.6,!=20.0.7,>=16.0.0
  Downloading virtualenv-20.0.15-py2.py3-none-any.whl (4.6 MB)
Collecting PTable
  Downloading PTable-0.9.2.tar.gz (31 kB)
Requirement already satisfied: MarkupSafe>=0.23 in /usr/local/lib/python3.6/site-packages (from Jinja2>=2.10.1->Flask<2.0.0->-r requirements.txt (line 1)) (1.1.1)
Collecting cryptography
  Downloading cryptography-2.8-cp34-abi3-manylinux2010_x86_64.whl (2.3 MB)
Collecting google-api-core<2.0.0dev,>=1.16.0
  Downloading google_api_core-1.16.0-py2.py3-none-any.whl (70 kB)
Collecting rsa<4.1,>=3.1.4
  Downloading rsa-4.0-py2.py3-none-any.whl (38 kB)
Collecting cachetools<5.0,>=2.0.0
  Downloading cachetools-4.0.0-py3-none-any.whl (10 kB)
Collecting pyasn1-modules>=0.2.1
  Downloading pyasn1_modules-0.2.8-py2.py3-none-any.whl (155 kB)
Requirement already satisfied: zipp>=0.5 in /usr/local/lib/python3.6/site-packages (from importlib-metadata>=0.12; python_version < "3.8"->pytest==5.4.1->-r requirements-dev.txt (line 6)) (3.1.0)
Requirement already satisfied: pyparsing>=2.0.2 in /usr/local/lib/python3.6/site-packages (from packaging->pytest==5.4.1->-r requirements-dev.txt (line 6)) (2.4.6)
Collecting distlib<1,>=0.3.0
  Downloading distlib-0.3.0.zip (571 kB)
Collecting importlib-resources<2,>=1.0; python_version < "3.7"
  Downloading importlib_resources-1.4.0-py2.py3-none-any.whl (20 kB)
Collecting cffi!=1.11.3,>=1.8
  Downloading cffi-1.14.0-cp36-cp36m-manylinux1_x86_64.whl (399 kB)
Collecting googleapis-common-protos<2.0dev,>=1.6.0
  Downloading googleapis-common-protos-1.51.0.tar.gz (35 kB)
Collecting pyasn1>=0.1.3
  Downloading pyasn1-0.4.8-py2.py3-none-any.whl (77 kB)
Collecting pycparser
  Downloading pycparser-2.20-py2.py3-none-any.whl (112 kB)
Building wheels for collected packages: Flask-OpenTracing, opentracing, jaeger-client, threadloop, thrift, tornado, PTable, distlib, googleapis-common-protos
  Building wheel for Flask-OpenTracing (setup.py): started
  Building wheel for Flask-OpenTracing (setup.py): finished with status 'done'
  Created wheel for Flask-OpenTracing: filename=Flask_OpenTracing-1.1.0-py3-none-any.whl size=9070 sha256=b4bd5392f2462e7533ffecdabb6cdbd6cb5f3791a38e153eb1527c9581e32f07
  Stored in directory: /builder/home/.cache/pip/wheels/ad/4b/2d/24ff0da0a0b53c7c77ce59b843bcceaf644c88703241e59615
  Building wheel for opentracing (setup.py): started
  Building wheel for opentracing (setup.py): finished with status 'done'
  Created wheel for opentracing: filename=opentracing-2.2.0-py3-none-any.whl size=49319 sha256=8bf692d5e53c4bd992c11d7f0e0b6fc910b439d8635ec01fba4ced379ed50f00
  Stored in directory: /builder/home/.cache/pip/wheels/39/40/44/8bace79f4514e99786236c31f1df8d1b814ff02c1e08b1d697
  Building wheel for jaeger-client (setup.py): started
  Building wheel for jaeger-client (setup.py): finished with status 'done'
  Created wheel for jaeger-client: filename=jaeger_client-4.1.0-py3-none-any.whl size=64309 sha256=6f5ff7ed6f9bd057add1126434c925e87fa697b09345ec5f2849b8c0fd20a901
  Stored in directory: /builder/home/.cache/pip/wheels/e9/9b/8c/503d0cc13b39a551c054515683ba1d15b40324c863dc442e66
  Building wheel for threadloop (setup.py): started
  Building wheel for threadloop (setup.py): finished with status 'done'
  Created wheel for threadloop: filename=threadloop-1.0.2-py3-none-any.whl size=3423 sha256=0fc9c6c06ad9d5885b8c2c653fe964e0e9e21c19c3765b419dcffa3bdca4f53e
  Stored in directory: /builder/home/.cache/pip/wheels/02/54/65/9f87de48fe8fcaaee30f279973d946ad55f9df56b93b3e78da
  Building wheel for thrift (setup.py): started
  Building wheel for thrift (setup.py): finished with status 'done'
  Created wheel for thrift: filename=thrift-0.13.0-cp36-cp36m-linux_x86_64.whl size=483919 sha256=a7cf0fa1da5ba99d061b3ea0569e50376078275e74d28bd26344e671be5e6852
  Stored in directory: /builder/home/.cache/pip/wheels/e0/38/fc/472fe18756b177b42096961f8bd3ff2dc5c5620ac399fce52d
  Building wheel for tornado (setup.py): started
  Building wheel for tornado (setup.py): finished with status 'done'
  Created wheel for tornado: filename=tornado-5.1.1-cp36-cp36m-linux_x86_64.whl size=462640 sha256=56c2caf97a0a33df68249d24d5d4dd7fe67646756432de354fee5428bc01ab78
  Stored in directory: /builder/home/.cache/pip/wheels/64/74/71/e7a0d0eb4fc42cb20a17aec36f8f0b5b8c5e1ec19c701fd34a
  Building wheel for PTable (setup.py): started
  Building wheel for PTable (setup.py): finished with status 'done'
  Created wheel for PTable: filename=PTable-0.9.2-py3-none-any.whl size=22907 sha256=e93ce0ff3446ad484db2af2673627c480d75968ca163edc81e3a05b2416bedf2
  Stored in directory: /builder/home/.cache/pip/wheels/f3/65/67/71f473ec87ea4554d1bdfb1b5128cfe1414c2b113b72a1ee8e
  Building wheel for distlib (setup.py): started
  Building wheel for distlib (setup.py): finished with status 'done'
  Created wheel for distlib: filename=distlib-0.3.0-py3-none-any.whl size=340427 sha256=bed92ca9b0c07d1841e825fce9e6660391b42abf8bb81fe4f5670dd01d4706bb
  Stored in directory: /builder/home/.cache/pip/wheels/33/d9/71/e4e3cac73529e1947df418af0f140cd7589d5d9ec0e17ecfc2
  Building wheel for googleapis-common-protos (setup.py): started
  Building wheel for googleapis-common-protos (setup.py): finished with status 'done'
  Created wheel for googleapis-common-protos: filename=googleapis_common_protos-1.51.0-py3-none-any.whl size=77592 sha256=cf6d3b66202b2343176569f8a87bd87e23a3ae2ddcf68037d99f5db1655d199a
  Stored in directory: /builder/home/.cache/pip/wheels/35/8d/af/a922cb18800b31fadac3523cadf6c1efdf233b788fe7a4da70
Successfully built Flask-OpenTracing opentracing jaeger-client threadloop thrift tornado PTable distlib googleapis-common-protos
Installing collected packages: click, itsdangerous, Flask, Flask-cors, redis, flatbuffers, opentracing, Flask-OpenTracing, tornado, threadloop, thrift, jaeger-client, grpcio-opentracing, pyaml, gunicorn, configparser, minio, azure-common, pycparser, cffi, cryptography, azure-storage-common, azure-storage-blob, google-resumable-media, googleapis-common-protos, pyasn1, rsa, cachetools, pyasn1-modules, google-auth, google-api-core, google-cloud-core, google-cloud-storage, regex, typed-ast, appdirs, pathspec, toml, black, mccabe, pycodestyle, pyflakes, flake8, mypy-extensions, typing-extensions, mypy, py, more-itertools, pluggy, packaging, pytest, coverage, pytest-cov, filelock, distlib, importlib-resources, virtualenv, tox, PTable, pip-licenses, seldon-core
  Attempting uninstall: tornado
    Found existing installation: tornado 6.0.4
    Uninstalling tornado-6.0.4:
      Successfully uninstalled tornado-6.0.4
  Running setup.py develop for seldon-core
Successfully installed Flask-1.1.1 Flask-OpenTracing-1.1.0 Flask-cors-3.0.8 PTable-0.9.2 appdirs-1.4.3 azure-common-1.1.25 azure-storage-blob-2.1.0 azure-storage-common-2.1.0 black-19.10b0 cachetools-4.0.0 cffi-1.14.0 click-7.1.1 configparser-5.0.0 coverage-4.5.4 cryptography-2.8 distlib-0.3.0 filelock-3.0.12 flake8-3.7.9 flatbuffers-1.12 google-api-core-1.16.0 google-auth-1.12.0 google-cloud-core-1.3.0 google-cloud-storage-1.26.0 google-resumable-media-0.5.0 googleapis-common-protos-1.51.0 grpcio-opentracing-1.1.4 gunicorn-20.0.4 importlib-resources-1.4.0 itsdangerous-1.1.0 jaeger-client-4.1.0 mccabe-0.6.1 minio-5.0.8 more-itertools-8.2.0 mypy-0.770 mypy-extensions-0.4.3 opentracing-2.2.0 packaging-20.3 pathspec-0.7.0 pip-licenses-2.1.1 pluggy-0.13.1 py-1.8.1 pyaml-19.12.0 pyasn1-0.4.8 pyasn1-modules-0.2.8 pycodestyle-2.5.0 pycparser-2.20 pyflakes-2.1.1 pytest-5.4.1 pytest-cov-2.8.1 redis-3.4.1 regex-2020.2.20 rsa-4.0 seldon-core threadloop-1.0.2 thrift-0.13.0 toml-0.10.0 tornado-5.1.1 tox-3.14.6 typed-ast-1.4.1 typing-extensions-3.7.4.1 virtualenv-20.0.15
make: Leaving directory '/workspace/source/python'
cp ../../proto/prediction.proto ./proto
cd ../../proto/tensorflow && make create_protos
make[1]: Entering directory '/workspace/source/proto/tensorflow'
./create-protos.sh
Downloading proto files for master
make[1]: Leaving directory '/workspace/source/proto/tensorflow'
cp -vr ../../proto/tensorflow/tensorflow .
'../../proto/tensorflow/tensorflow' -> './tensorflow'
'../../proto/tensorflow/tensorflow/core' -> './tensorflow/core'
'../../proto/tensorflow/tensorflow/core/framework' -> './tensorflow/core/framework'
'../../proto/tensorflow/tensorflow/core/framework/types.proto' -> './tensorflow/core/framework/types.proto'
'../../proto/tensorflow/tensorflow/core/framework/resource_handle.proto' -> './tensorflow/core/framework/resource_handle.proto'
'../../proto/tensorflow/tensorflow/core/framework/tensor_shape.proto' -> './tensorflow/core/framework/tensor_shape.proto'
'../../proto/tensorflow/tensorflow/core/framework/tensor.proto' -> './tensorflow/core/framework/tensor.proto'
python -m grpc.tools.protoc -I. --python_out=. --grpc_python_out=. ./proto/prediction.proto
cd ../../notebooks && make build_protos
make[1]: Entering directory '/workspace/source/notebooks'
cd ../proto/tensorflow && make create_protos
make[2]: Entering directory '/workspace/source/proto/tensorflow'
make[2]: Nothing to be done for 'create_protos'.
make[2]: Leaving directory '/workspace/source/proto/tensorflow'
cp -vr ../proto/tensorflow/tensorflow .
'../proto/tensorflow/tensorflow' -> './tensorflow'
'../proto/tensorflow/tensorflow/core' -> './tensorflow/core'
'../proto/tensorflow/tensorflow/core/framework' -> './tensorflow/core/framework'
'../proto/tensorflow/tensorflow/core/framework/types.proto' -> './tensorflow/core/framework/types.proto'
'../proto/tensorflow/tensorflow/core/framework/resource_handle.proto' -> './tensorflow/core/framework/resource_handle.proto'
'../proto/tensorflow/tensorflow/core/framework/tensor_shape.proto' -> './tensorflow/core/framework/tensor_shape.proto'
'../proto/tensorflow/tensorflow/core/framework/tensor.proto' -> './tensorflow/core/framework/tensor.proto'
cp ../proto/prediction.proto ./proto
python -m grpc.tools.protoc -I. --python_out=. --grpc_python_out=. ./proto/prediction.proto
make[1]: Leaving directory '/workspace/source/notebooks'
cd ../../proto/k8s && make create_protos
make[1]: Entering directory '/workspace/source/proto/k8s'
./create-k8s-protos.sh
Downloading proto files for master
Munging proto file packages
sed -i.bak 's|import "k8s.io/apiextensions-apiserver/|//import "k8s.io/apiextensions-apiserver/|' k8s.io/api/core/v1/generated.proto
rm k8s.io/api/core/v1/generated.proto.bak
make[1]: Leaving directory '/workspace/source/proto/k8s'
pip install -r dev_requirements.txt
Collecting pytest==5.3.1
  Downloading pytest-5.3.1-py3-none-any.whl (233 kB)
Collecting pytest-xdist==1.30.0
  Downloading pytest_xdist-1.30.0-py2.py3-none-any.whl (35 kB)
Requirement already satisfied: pytest-cov==2.8.1 in /usr/local/lib/python3.6/site-packages (from -r dev_requirements.txt (line 3)) (2.8.1)
Collecting flaky==3.6.1
  Downloading flaky-3.6.1-py2.py3-none-any.whl (22 kB)
Collecting tenacity==6.0.0
  Downloading tenacity-6.0.0-py2.py3-none-any.whl (24 kB)
Requirement already satisfied: ipython==7.13.0 in /usr/local/lib/python3.6/site-packages (from -r dev_requirements.txt (line 8)) (7.13.0)
Requirement already satisfied: nbconvert==5.6.1 in /usr/local/lib/python3.6/site-packages (from -r dev_requirements.txt (line 9)) (5.6.1)
Requirement already satisfied: alibi==0.3.2 in /usr/local/lib/python3.6/site-packages (from -r dev_requirements.txt (line 10)) (0.3.2)
Collecting matplotlib==3.1.3
  Downloading matplotlib-3.1.3-cp36-cp36m-manylinux1_x86_64.whl (13.1 MB)
Requirement already satisfied: tensorflow==1.15.2 in /usr/local/lib/python3.6/site-packages (from -r dev_requirements.txt (line 12)) (1.15.2)
Requirement already satisfied: coverage==4.5.4 in /usr/local/lib/python3.6/site-packages (from -r dev_requirements.txt (line 15)) (4.5.4)
Requirement already satisfied: more-itertools>=4.0.0 in /usr/local/lib/python3.6/site-packages (from pytest==5.3.1->-r dev_requirements.txt (line 1)) (8.2.0)
Requirement already satisfied: wcwidth in /usr/local/lib/python3.6/site-packages (from pytest==5.3.1->-r dev_requirements.txt (line 1)) (0.1.8)
Requirement already satisfied: attrs>=17.4.0 in /usr/local/lib/python3.6/site-packages (from pytest==5.3.1->-r dev_requirements.txt (line 1)) (19.3.0)
Requirement already satisfied: py>=1.5.0 in /usr/local/lib/python3.6/site-packages (from pytest==5.3.1->-r dev_requirements.txt (line 1)) (1.8.1)
Requirement already satisfied: importlib-metadata>=0.12; python_version < "3.8" in /usr/local/lib/python3.6/site-packages (from pytest==5.3.1->-r dev_requirements.txt (line 1)) (1.5.0)
Requirement already satisfied: packaging in /usr/local/lib/python3.6/site-packages (from pytest==5.3.1->-r dev_requirements.txt (line 1)) (20.3)
Requirement already satisfied: pluggy<1.0,>=0.12 in /usr/local/lib/python3.6/site-packages (from pytest==5.3.1->-r dev_requirements.txt (line 1)) (0.13.1)
Requirement already satisfied: six in /usr/local/lib/python3.6/site-packages (from pytest-xdist==1.30.0->-r dev_requirements.txt (line 2)) (1.14.0)
Collecting execnet>=1.1
  Downloading execnet-1.7.1-py2.py3-none-any.whl (39 kB)
Collecting pytest-forked
  Downloading pytest_forked-1.1.3-py2.py3-none-any.whl (4.5 kB)
Requirement already satisfied: traitlets>=4.2 in /usr/local/lib/python3.6/site-packages (from ipython==7.13.0->-r dev_requirements.txt (line 8)) (4.3.3)
Requirement already satisfied: pygments in /usr/local/lib/python3.6/site-packages (from ipython==7.13.0->-r dev_requirements.txt (line 8)) (2.5.2)
Requirement already satisfied: backcall in /usr/local/lib/python3.6/site-packages (from ipython==7.13.0->-r dev_requirements.txt (line 8)) (0.1.0)
Requirement already satisfied: setuptools>=18.5 in /usr/local/lib/python3.6/site-packages (from ipython==7.13.0->-r dev_requirements.txt (line 8)) (45.2.0)
Requirement already satisfied: decorator in /usr/local/lib/python3.6/site-packages (from ipython==7.13.0->-r dev_requirements.txt (line 8)) (4.4.2)
Requirement already satisfied: pickleshare in /usr/local/lib/python3.6/site-packages (from ipython==7.13.0->-r dev_requirements.txt (line 8)) (0.7.5)
Requirement already satisfied: prompt-toolkit!=3.0.0,!=3.0.1,<3.1.0,>=2.0.0 in /usr/local/lib/python3.6/site-packages (from ipython==7.13.0->-r dev_requirements.txt (line 8)) (3.0.4)
Requirement already satisfied: pexpect; sys_platform != "win32" in /usr/local/lib/python3.6/site-packages (from ipython==7.13.0->-r dev_requirements.txt (line 8)) (4.8.0)
Requirement already satisfied: jedi>=0.10 in /usr/local/lib/python3.6/site-packages (from ipython==7.13.0->-r dev_requirements.txt (line 8)) (0.16.0)
Requirement already satisfied: jupyter-core in /usr/local/lib/python3.6/site-packages (from nbconvert==5.6.1->-r dev_requirements.txt (line 9)) (4.6.3)
Requirement already satisfied: entrypoints>=0.2.2 in /usr/local/lib/python3.6/site-packages (from nbconvert==5.6.1->-r dev_requirements.txt (line 9)) (0.3)
Requirement already satisfied: testpath in /usr/local/lib/python3.6/site-packages (from nbconvert==5.6.1->-r dev_requirements.txt (line 9)) (0.4.4)
Requirement already satisfied: nbformat>=4.4 in /usr/local/lib/python3.6/site-packages (from nbconvert==5.6.1->-r dev_requirements.txt (line 9)) (5.0.4)
Requirement already satisfied: pandocfilters>=1.4.1 in /usr/local/lib/python3.6/site-packages (from nbconvert==5.6.1->-r dev_requirements.txt (line 9)) (1.4.2)
Requirement already satisfied: defusedxml in /usr/local/lib/python3.6/site-packages (from nbconvert==5.6.1->-r dev_requirements.txt (line 9)) (0.6.0)
Requirement already satisfied: jinja2>=2.4 in /usr/local/lib/python3.6/site-packages (from nbconvert==5.6.1->-r dev_requirements.txt (line 9)) (2.11.1)
Requirement already satisfied: mistune<2,>=0.8.1 in /usr/local/lib/python3.6/site-packages (from nbconvert==5.6.1->-r dev_requirements.txt (line 9)) (0.8.4)
Requirement already satisfied: bleach in /usr/local/lib/python3.6/site-packages (from nbconvert==5.6.1->-r dev_requirements.txt (line 9)) (3.1.1)
Requirement already satisfied: requests in /usr/local/lib/python3.6/site-packages (from alibi==0.3.2->-r dev_requirements.txt (line 10)) (2.23.0)
Requirement already satisfied: scikit-image in /usr/local/lib/python3.6/site-packages (from alibi==0.3.2->-r dev_requirements.txt (line 10)) (0.16.2)
Requirement already satisfied: spacy in /usr/local/lib/python3.6/site-packages (from alibi==0.3.2->-r dev_requirements.txt (line 10)) (2.2.3)
Requirement already satisfied: pandas in /usr/local/lib/python3.6/site-packages (from alibi==0.3.2->-r dev_requirements.txt (line 10)) (1.0.1)
Requirement already satisfied: scikit-learn in /usr/local/lib/python3.6/site-packages (from alibi==0.3.2->-r dev_requirements.txt (line 10)) (0.22.2.post1)
Requirement already satisfied: beautifulsoup4 in /usr/local/lib/python3.6/site-packages (from alibi==0.3.2->-r dev_requirements.txt (line 10)) (4.8.2)
Requirement already satisfied: numpy in /usr/local/lib/python3.6/site-packages (from alibi==0.3.2->-r dev_requirements.txt (line 10)) (1.18.1)
Requirement already satisfied: Pillow in /usr/local/lib/python3.6/site-packages (from alibi==0.3.2->-r dev_requirements.txt (line 10)) (7.0.0)
Requirement already satisfied: cycler>=0.10 in /usr/local/lib/python3.6/site-packages (from matplotlib==3.1.3->-r dev_requirements.txt (line 11)) (0.10.0)
Requirement already satisfied: pyparsing!=2.0.4,!=2.1.2,!=2.1.6,>=2.0.1 in /usr/local/lib/python3.6/site-packages (from matplotlib==3.1.3->-r dev_requirements.txt (line 11)) (2.4.6)
Requirement already satisfied: python-dateutil>=2.1 in /usr/local/lib/python3.6/site-packages (from matplotlib==3.1.3->-r dev_requirements.txt (line 11)) (2.8.1)
Requirement already satisfied: kiwisolver>=1.0.1 in /usr/local/lib/python3.6/site-packages (from matplotlib==3.1.3->-r dev_requirements.txt (line 11)) (1.1.0)
Requirement already satisfied: keras-preprocessing>=1.0.5 in /usr/local/lib/python3.6/site-packages (from tensorflow==1.15.2->-r dev_requirements.txt (line 12)) (1.1.0)
Requirement already satisfied: absl-py>=0.7.0 in /usr/local/lib/python3.6/site-packages (from tensorflow==1.15.2->-r dev_requirements.txt (line 12)) (0.9.0)
Requirement already satisfied: wrapt>=1.11.1 in /usr/local/lib/python3.6/site-packages (from tensorflow==1.15.2->-r dev_requirements.txt (line 12)) (1.12.0)
Requirement already satisfied: termcolor>=1.1.0 in /usr/local/lib/python3.6/site-packages (from tensorflow==1.15.2->-r dev_requirements.txt (line 12)) (1.1.0)
Requirement already satisfied: gast==0.2.2 in /usr/local/lib/python3.6/site-packages (from tensorflow==1.15.2->-r dev_requirements.txt (line 12)) (0.2.2)
Requirement already satisfied: google-pasta>=0.1.6 in /usr/local/lib/python3.6/site-packages (from tensorflow==1.15.2->-r dev_requirements.txt (line 12)) (0.1.8)
Requirement already satisfied: astor>=0.6.0 in /usr/local/lib/python3.6/site-packages (from tensorflow==1.15.2->-r dev_requirements.txt (line 12)) (0.8.1)
Requirement already satisfied: protobuf>=3.6.1 in /usr/local/lib/python3.6/site-packages (from tensorflow==1.15.2->-r dev_requirements.txt (line 12)) (3.11.3)
Requirement already satisfied: wheel>=0.26; python_version >= "3" in /usr/local/lib/python3.6/site-packages (from tensorflow==1.15.2->-r dev_requirements.txt (line 12)) (0.34.2)
Requirement already satisfied: tensorflow-estimator==1.15.1 in /usr/local/lib/python3.6/site-packages (from tensorflow==1.15.2->-r dev_requirements.txt (line 12)) (1.15.1)
Requirement already satisfied: grpcio>=1.8.6 in /usr/local/lib/python3.6/site-packages (from tensorflow==1.15.2->-r dev_requirements.txt (line 12)) (1.27.2)
Requirement already satisfied: keras-applications>=1.0.8 in /usr/local/lib/python3.6/site-packages (from tensorflow==1.15.2->-r dev_requirements.txt (line 12)) (1.0.8)
Requirement already satisfied: tensorboard<1.16.0,>=1.15.0 in /usr/local/lib/python3.6/site-packages (from tensorflow==1.15.2->-r dev_requirements.txt (line 12)) (1.15.0)
Requirement already satisfied: opt-einsum>=2.3.2 in /usr/local/lib/python3.6/site-packages (from tensorflow==1.15.2->-r dev_requirements.txt (line 12)) (3.2.0)
Requirement already satisfied: zipp>=0.5 in /usr/local/lib/python3.6/site-packages (from importlib-metadata>=0.12; python_version < "3.8"->pytest==5.3.1->-r dev_requirements.txt (line 1)) (3.1.0)
Collecting apipkg>=1.4
  Downloading apipkg-1.5-py2.py3-none-any.whl (4.9 kB)
Requirement already satisfied: ipython-genutils in /usr/local/lib/python3.6/site-packages (from traitlets>=4.2->ipython==7.13.0->-r dev_requirements.txt (line 8)) (0.2.0)
Requirement already satisfied: ptyprocess>=0.5 in /usr/local/lib/python3.6/site-packages (from pexpect; sys_platform != "win32"->ipython==7.13.0->-r dev_requirements.txt (line 8)) (0.6.0)
Requirement already satisfied: parso>=0.5.2 in /usr/local/lib/python3.6/site-packages (from jedi>=0.10->ipython==7.13.0->-r dev_requirements.txt (line 8)) (0.6.2)
Requirement already satisfied: jsonschema!=2.5.0,>=2.4 in /usr/local/lib/python3.6/site-packages (from nbformat>=4.4->nbconvert==5.6.1->-r dev_requirements.txt (line 9)) (3.2.0)
Requirement already satisfied: MarkupSafe>=0.23 in /usr/local/lib/python3.6/site-packages (from jinja2>=2.4->nbconvert==5.6.1->-r dev_requirements.txt (line 9)) (1.1.1)
Requirement already satisfied: webencodings in /usr/local/lib/python3.6/site-packages (from bleach->nbconvert==5.6.1->-r dev_requirements.txt (line 9)) (0.5.1)
Requirement already satisfied: idna<3,>=2.5 in /usr/local/lib/python3.6/site-packages (from requests->alibi==0.3.2->-r dev_requirements.txt (line 10)) (2.9)
Requirement already satisfied: urllib3!=1.25.0,!=1.25.1,<1.26,>=1.21.1 in /usr/local/lib/python3.6/site-packages (from requests->alibi==0.3.2->-r dev_requirements.txt (line 10)) (1.25.8)
Requirement already satisfied: chardet<4,>=3.0.2 in /usr/local/lib/python3.6/site-packages (from requests->alibi==0.3.2->-r dev_requirements.txt (line 10)) (3.0.4)
Requirement already satisfied: certifi>=2017.4.17 in /usr/local/lib/python3.6/site-packages (from requests->alibi==0.3.2->-r dev_requirements.txt (line 10)) (2019.11.28)
Requirement already satisfied: imageio>=2.3.0 in /usr/local/lib/python3.6/site-packages (from scikit-image->alibi==0.3.2->-r dev_requirements.txt (line 10)) (2.8.0)
Requirement already satisfied: PyWavelets>=0.4.0 in /usr/local/lib/python3.6/site-packages (from scikit-image->alibi==0.3.2->-r dev_requirements.txt (line 10)) (1.1.1)
Requirement already satisfied: scipy>=0.19.0 in /usr/local/lib/python3.6/site-packages (from scikit-image->alibi==0.3.2->-r dev_requirements.txt (line 10)) (1.4.1)
Requirement already satisfied: networkx>=2.0 in /usr/local/lib/python3.6/site-packages (from scikit-image->alibi==0.3.2->-r dev_requirements.txt (line 10)) (2.4)
Requirement already satisfied: wasabi<1.1.0,>=0.4.0 in /usr/local/lib/python3.6/site-packages (from spacy->alibi==0.3.2->-r dev_requirements.txt (line 10)) (0.6.0)
Requirement already satisfied: thinc<7.4.0,>=7.3.0 in /usr/local/lib/python3.6/site-packages (from spacy->alibi==0.3.2->-r dev_requirements.txt (line 10)) (7.3.1)
Requirement already satisfied: srsly<1.1.0,>=0.1.0 in /usr/local/lib/python3.6/site-packages (from spacy->alibi==0.3.2->-r dev_requirements.txt (line 10)) (1.0.2)
Requirement already satisfied: cymem<2.1.0,>=2.0.2 in /usr/local/lib/python3.6/site-packages (from spacy->alibi==0.3.2->-r dev_requirements.txt (line 10)) (2.0.3)
Requirement already satisfied: blis<0.5.0,>=0.4.0 in /usr/local/lib/python3.6/site-packages (from spacy->alibi==0.3.2->-r dev_requirements.txt (line 10)) (0.4.1)
Requirement already satisfied: plac<1.2.0,>=0.9.6 in /usr/local/lib/python3.6/site-packages (from spacy->alibi==0.3.2->-r dev_requirements.txt (line 10)) (1.1.3)
Requirement already satisfied: catalogue<1.1.0,>=0.0.7 in /usr/local/lib/python3.6/site-packages (from spacy->alibi==0.3.2->-r dev_requirements.txt (line 10)) (1.0.0)
Requirement already satisfied: murmurhash<1.1.0,>=0.28.0 in /usr/local/lib/python3.6/site-packages (from spacy->alibi==0.3.2->-r dev_requirements.txt (line 10)) (1.0.2)
Requirement already satisfied: preshed<3.1.0,>=3.0.2 in /usr/local/lib/python3.6/site-packages (from spacy->alibi==0.3.2->-r dev_requirements.txt (line 10)) (3.0.2)
Requirement already satisfied: pytz>=2017.2 in /usr/local/lib/python3.6/site-packages (from pandas->alibi==0.3.2->-r dev_requirements.txt (line 10)) (2019.3)
Requirement already satisfied: joblib>=0.11 in /usr/local/lib/python3.6/site-packages (from scikit-learn->alibi==0.3.2->-r dev_requirements.txt (line 10)) (0.14.1)
Requirement already satisfied: soupsieve>=1.2 in /usr/local/lib/python3.6/site-packages (from beautifulsoup4->alibi==0.3.2->-r dev_requirements.txt (line 10)) (2.0)
Requirement already satisfied: h5py in /usr/local/lib/python3.6/site-packages (from keras-applications>=1.0.8->tensorflow==1.15.2->-r dev_requirements.txt (line 12)) (2.10.0)
Requirement already satisfied: werkzeug>=0.11.15 in /usr/local/lib/python3.6/site-packages (from tensorboard<1.16.0,>=1.15.0->tensorflow==1.15.2->-r dev_requirements.txt (line 12)) (1.0.0)
Requirement already satisfied: markdown>=2.6.8 in /usr/local/lib/python3.6/site-packages (from tensorboard<1.16.0,>=1.15.0->tensorflow==1.15.2->-r dev_requirements.txt (line 12)) (3.2.1)
Requirement already satisfied: pyrsistent>=0.14.0 in /usr/local/lib/python3.6/site-packages (from jsonschema!=2.5.0,>=2.4->nbformat>=4.4->nbconvert==5.6.1->-r dev_requirements.txt (line 9)) (0.15.7)
Requirement already satisfied: tqdm<5.0.0,>=4.10.0 in /usr/local/lib/python3.6/site-packages (from thinc<7.4.0,>=7.3.0->spacy->alibi==0.3.2->-r dev_requirements.txt (line 10)) (4.43.0)
Installing collected packages: pytest, apipkg, execnet, pytest-forked, pytest-xdist, flaky, tenacity, matplotlib
  Attempting uninstall: pytest
    Found existing installation: pytest 5.4.1
    Uninstalling pytest-5.4.1:
      Successfully uninstalled pytest-5.4.1
  Attempting uninstall: matplotlib
    Found existing installation: matplotlib 3.2.0
    Uninstalling matplotlib-3.2.0:
      Successfully uninstalled matplotlib-3.2.0
Successfully installed apipkg-1.5 execnet-1.7.1 flaky-3.6.1 matplotlib-3.1.3 pytest-5.3.1 pytest-forked-1.1.3 pytest-xdist-1.30.0 tenacity-6.0.0
pip install -e ../../python
Obtaining file:///workspace/source/python
Requirement already satisfied: Flask<2.0.0 in /usr/local/lib/python3.6/site-packages (from seldon-core==1.0.2) (1.1.1)
Requirement already satisfied: Flask-cors<4.0.0 in /usr/local/lib/python3.6/site-packages (from seldon-core==1.0.2) (3.0.8)
Requirement already satisfied: redis<4.0.0 in /usr/local/lib/python3.6/site-packages (from seldon-core==1.0.2) (3.4.1)
Requirement already satisfied: requests<3.0.0 in /usr/local/lib/python3.6/site-packages (from seldon-core==1.0.2) (2.23.0)
Requirement already satisfied: numpy<2.0.0 in /usr/local/lib/python3.6/site-packages (from seldon-core==1.0.2) (1.18.1)
Requirement already satisfied: flatbuffers<2.0.0 in /usr/local/lib/python3.6/site-packages (from seldon-core==1.0.2) (1.12)
Requirement already satisfied: protobuf<4.0.0 in /usr/local/lib/python3.6/site-packages (from seldon-core==1.0.2) (3.11.3)
Requirement already satisfied: grpcio<2.0.0 in /usr/local/lib/python3.6/site-packages (from seldon-core==1.0.2) (1.27.2)
Requirement already satisfied: Flask-OpenTracing<1.2.0,>=1.1.0 in /usr/local/lib/python3.6/site-packages (from seldon-core==1.0.2) (1.1.0)
Requirement already satisfied: opentracing<2.3.0,>=2.2.0 in /usr/local/lib/python3.6/site-packages (from seldon-core==1.0.2) (2.2.0)
Requirement already satisfied: jaeger-client<4.2.0,>=4.1.0 in /usr/local/lib/python3.6/site-packages (from seldon-core==1.0.2) (4.1.0)
Requirement already satisfied: grpcio-opentracing<1.2.0,>=1.1.4 in /usr/local/lib/python3.6/site-packages (from seldon-core==1.0.2) (1.1.4)
Requirement already satisfied: pyaml<20.0.0 in /usr/local/lib/python3.6/site-packages (from seldon-core==1.0.2) (19.12.0)
Requirement already satisfied: gunicorn<20.1.0,>=19.9.0 in /usr/local/lib/python3.6/site-packages (from seldon-core==1.0.2) (20.0.4)
Requirement already satisfied: minio<6.0.0,>=4.0.9 in /usr/local/lib/python3.6/site-packages (from seldon-core==1.0.2) (5.0.8)
Requirement already satisfied: azure-storage-blob<3.0.0,>=2.0.1 in /usr/local/lib/python3.6/site-packages (from seldon-core==1.0.2) (2.1.0)
Requirement already satisfied: setuptools>=41.0.0 in /usr/local/lib/python3.6/site-packages (from seldon-core==1.0.2) (45.2.0)
Requirement already satisfied: prometheus_client<0.8.0,>=0.7.1 in /usr/local/lib/python3.6/site-packages (from seldon-core==1.0.2) (0.7.1)
Requirement already satisfied: Jinja2>=2.10.1 in /usr/local/lib/python3.6/site-packages (from Flask<2.0.0->seldon-core==1.0.2) (2.11.1)
Requirement already satisfied: Werkzeug>=0.15 in /usr/local/lib/python3.6/site-packages (from Flask<2.0.0->seldon-core==1.0.2) (1.0.0)
Requirement already satisfied: itsdangerous>=0.24 in /usr/local/lib/python3.6/site-packages (from Flask<2.0.0->seldon-core==1.0.2) (1.1.0)
Requirement already satisfied: click>=5.1 in /usr/local/lib/python3.6/site-packages (from Flask<2.0.0->seldon-core==1.0.2) (7.1.1)
Requirement already satisfied: Six in /usr/local/lib/python3.6/site-packages (from Flask-cors<4.0.0->seldon-core==1.0.2) (1.14.0)
Requirement already satisfied: certifi>=2017.4.17 in /usr/local/lib/python3.6/site-packages (from requests<3.0.0->seldon-core==1.0.2) (2019.11.28)
Requirement already satisfied: idna<3,>=2.5 in /usr/local/lib/python3.6/site-packages (from requests<3.0.0->seldon-core==1.0.2) (2.9)
Requirement already satisfied: urllib3!=1.25.0,!=1.25.1,<1.26,>=1.21.1 in /usr/local/lib/python3.6/site-packages (from requests<3.0.0->seldon-core==1.0.2) (1.25.8)
Requirement already satisfied: chardet<4,>=3.0.2 in /usr/local/lib/python3.6/site-packages (from requests<3.0.0->seldon-core==1.0.2) (3.0.4)
Requirement already satisfied: tornado<6,>=4.3 in /usr/local/lib/python3.6/site-packages (from jaeger-client<4.2.0,>=4.1.0->seldon-core==1.0.2) (5.1.1)
Requirement already satisfied: threadloop<2,>=1 in /usr/local/lib/python3.6/site-packages (from jaeger-client<4.2.0,>=4.1.0->seldon-core==1.0.2) (1.0.2)
Requirement already satisfied: thrift in /usr/local/lib/python3.6/site-packages (from jaeger-client<4.2.0,>=4.1.0->seldon-core==1.0.2) (0.13.0)
Requirement already satisfied: PyYAML in /usr/local/lib/python3.6/site-packages (from pyaml<20.0.0->seldon-core==1.0.2) (5.3)
Requirement already satisfied: pytz in /usr/local/lib/python3.6/site-packages (from minio<6.0.0,>=4.0.9->seldon-core==1.0.2) (2019.3)
Requirement already satisfied: configparser in /usr/local/lib/python3.6/site-packages (from minio<6.0.0,>=4.0.9->seldon-core==1.0.2) (5.0.0)
Requirement already satisfied: python-dateutil in /usr/local/lib/python3.6/site-packages (from minio<6.0.0,>=4.0.9->seldon-core==1.0.2) (2.8.1)
Requirement already satisfied: azure-storage-common~=2.1 in /usr/local/lib/python3.6/site-packages (from azure-storage-blob<3.0.0,>=2.0.1->seldon-core==1.0.2) (2.1.0)
Requirement already satisfied: azure-common>=1.1.5 in /usr/local/lib/python3.6/site-packages (from azure-storage-blob<3.0.0,>=2.0.1->seldon-core==1.0.2) (1.1.25)
Requirement already satisfied: MarkupSafe>=0.23 in /usr/local/lib/python3.6/site-packages (from Jinja2>=2.10.1->Flask<2.0.0->seldon-core==1.0.2) (1.1.1)
Requirement already satisfied: cryptography in /usr/local/lib/python3.6/site-packages (from azure-storage-common~=2.1->azure-storage-blob<3.0.0,>=2.0.1->seldon-core==1.0.2) (2.8)
Requirement already satisfied: cffi!=1.11.3,>=1.8 in /usr/local/lib/python3.6/site-packages (from cryptography->azure-storage-common~=2.1->azure-storage-blob<3.0.0,>=2.0.1->seldon-core==1.0.2) (1.14.0)
Requirement already satisfied: pycparser in /usr/local/lib/python3.6/site-packages (from cffi!=1.11.3,>=1.8->cryptography->azure-storage-common~=2.1->azure-storage-blob<3.0.0,>=2.0.1->seldon-core==1.0.2) (2.20)
Installing collected packages: seldon-core
  Attempting uninstall: seldon-core
    Found existing installation: seldon-core 1.0.2
    Uninstalling seldon-core-1.0.2:
      Successfully uninstalled seldon-core-1.0.2
  Running setup.py develop for seldon-core
Successfully installed seldon-core
# Run the core tests in parallel
pytest \
	--verbose \
	-s \
	-W ignore \
	-n "4" \
	-m "not sequential and not notebooks" 2>&1
============================= test session starts ==============================
platform linux -- Python 3.6.10, pytest-5.3.1, py-1.8.1, pluggy-0.13.1 -- /usr/local/bin/python
cachedir: .pytest_cache
rootdir: /workspace/source/testing/scripts, inifile: setup.cfg
plugins: xdist-1.30.0, forked-1.1.3, flaky-3.6.1, cov-2.8.1
gw0 I / gw1 I / gw2 I / gw3 I
[gw0] linux Python 3.6.10 cwd: /workspace/source/testing/scripts
[gw1] linux Python 3.6.10 cwd: /workspace/source/testing/scripts
[gw2] linux Python 3.6.10 cwd: /workspace/source/testing/scripts
[gw3] linux Python 3.6.10 cwd: /workspace/source/testing/scripts
[gw0] Python 3.6.10 (default, Feb 28 2020, 10:20:25)  -- [GCC 8.3.0]
[gw2] Python 3.6.10 (default, Feb 28 2020, 10:20:25)  -- [GCC 8.3.0]
[gw1] Python 3.6.10 (default, Feb 28 2020, 10:20:25)  -- [GCC 8.3.0]
[gw3] Python 3.6.10 (default, Feb 28 2020, 10:20:25)  -- [GCC 8.3.0]
gw0 [27] / gw1 [27] / gw2 [27] / gw3 [27]

scheduling tests via LoadScheduling

test_api_version.py::test_api_version[machinelearning.seldon.io/v1] 
test_bad_graphs.py::TestBadGraphs::test_duplicate_predictor_name 
test_api_version.py::test_api_version[machinelearning.seldon.io/v1alpha2] 
test_api_version.py::test_api_version[machinelearning.seldon.io/v1alpha3] Error from server (SeldonDeployment.machinelearing.seldon.io "dupname" is invalid: [spec.predictors[1]: Invalid value: "mymodel": Duplicate predictor name, spec: Invalid value: "mymodel": Traffic must sum to 100 for multiple predictors]): error when creating "../resources/bad_duplicate_predictor_name.json": admission webhook "v1alpha2.vseldondeployment.kb.io" denied the request: SeldonDeployment.machinelearing.seldon.io "dupname" is invalid: [spec.predictors[1]: Invalid value: "mymodel": Duplicate predictor name, spec: Invalid value: "mymodel": Traffic must sum to 100 for multiple predictors]

[gw3] PASSED test_bad_graphs.py::TestBadGraphs::test_duplicate_predictor_name 
test_helm_charts_clusterwide.py::TestClusterWide::test_mab_model Error: uninstall: Release not loaded: mymodel: release: not found

[gw1] PASSED test_api_version.py::test_api_version[machinelearning.seldon.io/v1] Error: uninstall: Release not loaded: mymab: release: not found

[gw3] PASSED test_helm_charts_clusterwide.py::TestClusterWide::test_mab_model Error: uninstall: Release not loaded: mymodel: release: not found

[gw0] PASSED test_api_version.py::test_api_version[machinelearning.seldon.io/v1alpha2] Error: uninstall: Release not loaded: mymodel: release: not found

[gw2] PASSED test_api_version.py::test_api_version[machinelearning.seldon.io/v1alpha3] 
test_helm_charts_clusterwide.py::TestClusterWide::test_abtest_model 
test_bad_graphs.py::TestBadGraphs::test_model_name_mismatch Error from server (SeldonDeployment.machinelearing.seldon.io "namemismatch" is invalid: spec.predictors[0].graph: Invalid value: "complex-model_bad_name": Can't find container for Predictive Unit): error when creating "../resources/bad_name_mismatch.json": admission webhook "v1alpha2.vseldondeployment.kb.io" denied the request: SeldonDeployment.machinelearing.seldon.io "namemismatch" is invalid: spec.predictors[0].graph: Invalid value: "complex-model_bad_name": Can't find container for Predictive Unit

[gw0] PASSED test_bad_graphs.py::TestBadGraphs::test_model_name_mismatch 
test_prepackaged_servers.py::TestPrepack::test_sklearn 
test_helm_charts_clusterwide.py::TestClusterWide::test_single_model 
test_local_operators.py::TestLocalOperators::test_namespace_operator 
[gw3] PASSED test_local_operators.py::TestLocalOperators::test_namespace_operator 
test_prepackaged_servers.py::TestPrepack::test_mlflow Error from server (InternalError): error when creating "../../servers/mlflowserver/samples/elasticnet_wine.yaml": Internal error occurred: failed calling webhook "v1alpha2.mseldondeployment.kb.io": Post https://seldon-webhook-service.seldon-system.svc:443/mutate-machinelearning-seldon-io-v1alpha2-seldondeployment?timeout=30s: dial tcp 10.96.15.208:443: connect: connection refused

[gw1] FAILED test_helm_charts_clusterwide.py::TestClusterWide::test_abtest_model 
test_local_operators.py::TestLocalOperators::test_labelled_operator Error from server (InternalError): error when creating "../resources/model_controller_id.yaml": Internal error occurred: failed calling webhook "v1alpha2.mseldondeployment.kb.io": Post https://seldon-webhook-service.test-labelled-operator.svc:443/mutate-machinelearning-seldon-io-v1alpha2-seldondeployment?timeout=30s: dial tcp 10.100.81.62:443: connect: connection refused

[gw0] FAILED test_prepackaged_servers.py::TestPrepack::test_sklearn 
[gw2] FAILED test_helm_charts_clusterwide.py::TestClusterWide::test_single_model 
test_prepackaged_servers.py::TestPrepack::test_tfserving 
[gw1] PASSED test_local_operators.py::TestLocalOperators::test_labelled_operator 
test_prepackaged_servers.py::TestPrepack::test_xgboost 
test_rolling_updates.py::test_rolling_deployment[graph1.json-graph2.json-True-istio] 
[gw2] PASSED test_prepackaged_servers.py::TestPrepack::test_xgboost 
[gw0] PASSED test_prepackaged_servers.py::TestPrepack::test_tfserving 
[gw1] PASSED test_rolling_updates.py::test_rolling_deployment[graph1.json-graph2.json-True-istio] 
test_rolling_updates.py::test_rolling_deployment[graph1.json-graph3.json-True-istio] 
test_rolling_updates.py::test_rolling_deployment[graph1.json-graph3.json-True-ambas] 
[gw3] PASSED test_prepackaged_servers.py::TestPrepack::test_mlflow 
test_rolling_updates.py::test_rolling_deployment[graph1.json-graph4.json-True-ambas] 
test_rolling_updates.py::test_rolling_deployment[graph1.json-graph2.json-True-ambas] 
[gw2] PASSED test_rolling_updates.py::test_rolling_deployment[graph1.json-graph3.json-True-istio] 
[gw1] PASSED test_rolling_updates.py::test_rolling_deployment[graph1.json-graph4.json-True-ambas] 
[gw0] PASSED test_rolling_updates.py::test_rolling_deployment[graph1.json-graph3.json-True-ambas] 
test_rolling_updates.py::test_rolling_deployment[graph1.json-graph4.json-True-istio] 
[gw3] PASSED test_rolling_updates.py::test_rolling_deployment[graph1.json-graph2.json-True-ambas] 
test_rolling_updates.py::test_rolling_deployment[graph1.json-graph5.json-True-istio] 
test_rolling_updates.py::test_rolling_deployment[graph1.json-graph5.json-True-ambas] 
test_rolling_updates.py::test_rolling_deployment[graph1.json-graph8.json-True-ambas] 
[gw1] PASSED test_rolling_updates.py::test_rolling_deployment[graph1.json-graph5.json-True-istio] 
[gw2] PASSED test_rolling_updates.py::test_rolling_deployment[graph1.json-graph4.json-True-istio] 
[gw0] PASSED test_rolling_updates.py::test_rolling_deployment[graph1.json-graph5.json-True-ambas] 
test_rolling_updates.py::test_rolling_deployment[graph7.json-graph8.json-False-ambas] 
test_rolling_updates.py::test_rolling_deployment[graph1.json-graph8.json-True-istio] 
test_rolling_updates.py::test_rolling_deployment[graph7.json-graph8.json-False-istio] 
[gw1] PASSED test_rolling_updates.py::test_rolling_deployment[graph7.json-graph8.json-False-ambas] 
test_rolling_updates.py::test_rolling_deployment[graph1.json-graph8.json-True-ambas] 
[gw0] PASSED test_rolling_updates.py::test_rolling_deployment[graph7.json-graph8.json-False-istio] 
[gw2] PASSED test_rolling_updates.py::test_rolling_deployment[graph1.json-graph8.json-True-istio] 
[gw3] PASSED test_rolling_updates.py::test_rolling_deployment[graph1.json-graph8.json-True-ambas] 
test_tracing.py::test_tracing_rest 
[gw3] PASSED test_tracing.py::test_tracing_rest 

=================================== FAILURES ===================================
______________________ TestClusterWide.test_abtest_model _______________________
[gw1] linux -- Python 3.6.10 /usr/local/bin/python

self = <test_helm_charts_clusterwide.TestClusterWide object at 0x7f3a02ab9390>
namespace = 'test-abtest-model'

    def test_abtest_model(self, namespace):
        run(
            f"helm install myabtest ../../helm-charts/seldon-abtest --namespace {namespace}",
            shell=True,
            check=True,
        )
        wait_for_status("myabtest", namespace)
>       wait_for_rollout("myabtest", namespace, expected_deployments=2)

test_helm_charts_clusterwide.py:42: 
_ _ _ _ _ _ _ _ _ _ _ _ _ _ _ _ _ _ _ _ _ _ _ _ _ _ _ _ _ _ _ _ _ _ _ _ _ _ _ _ 
seldon_e2e_utils.py:118: in wait_for_rollout
    deployment_names = get_deployment_names(sdep_name, namespace)
_ _ _ _ _ _ _ _ _ _ _ _ _ _ _ _ _ _ _ _ _ _ _ _ _ _ _ _ _ _ _ _ _ _ _ _ _ _ _ _ 

sdep_name = 'myabtest', namespace = 'test-abtest-model', attempts = 20
sleep = 5

    def get_deployment_names(sdep_name, namespace, attempts=20, sleep=5):
        for _ in range(attempts):
            ret = run(
                f"kubectl get -n {namespace} sdep {sdep_name} -o json",
                shell=True,
                stdout=subprocess.PIPE,
            )
            if ret.returncode == 0:
                logging.info(f"Successfully waited for SeldonDeployment {sdep_name}")
                break
            logging.warning(
                f"Unsuccessful wait command but retrying for SeldonDeployment {sdep_name}"
            )
            time.sleep(sleep)
        assert ret.returncode == 0, "Failed to get deployment names: non-zero return code"
        data = json.loads(ret.stdout)
        # The `deploymentStatus` is dictionary which keys are names of deployments
>       deployment_names = list(data["status"]["deploymentStatus"])
E       KeyError: 'status'

seldon_e2e_utils.py:105: KeyError
------------------------------ Captured log call -------------------------------
WARNING  root:seldon_e2e_utils.py:172 Failed to find status - sleeping
WARNING  root:seldon_e2e_utils.py:172 Failed to find status - sleeping
WARNING  root:seldon_e2e_utils.py:172 Failed to find status - sleeping
WARNING  root:seldon_e2e_utils.py:172 Failed to find status - sleeping
WARNING  root:seldon_e2e_utils.py:172 Failed to find status - sleeping
WARNING  root:seldon_e2e_utils.py:172 Failed to find status - sleeping
WARNING  root:seldon_e2e_utils.py:172 Failed to find status - sleeping
WARNING  root:seldon_e2e_utils.py:172 Failed to find status - sleeping
WARNING  root:seldon_e2e_utils.py:172 Failed to find status - sleeping
WARNING  root:seldon_e2e_utils.py:172 Failed to find status - sleeping
WARNING  root:seldon_e2e_utils.py:172 Failed to find status - sleeping
WARNING  root:seldon_e2e_utils.py:172 Failed to find status - sleeping
WARNING  root:seldon_e2e_utils.py:172 Failed to find status - sleeping
WARNING  root:seldon_e2e_utils.py:172 Failed to find status - sleeping
WARNING  root:seldon_e2e_utils.py:172 Failed to find status - sleeping
WARNING  root:seldon_e2e_utils.py:172 Failed to find status - sleeping
WARNING  root:seldon_e2e_utils.py:172 Failed to find status - sleeping
WARNING  root:seldon_e2e_utils.py:172 Failed to find status - sleeping
WARNING  root:seldon_e2e_utils.py:172 Failed to find status - sleeping
WARNING  root:seldon_e2e_utils.py:172 Failed to find status - sleeping
___________________________ TestPrepack.test_sklearn ___________________________
[gw0] linux -- Python 3.6.10 /usr/local/bin/python

self = <test_prepackaged_servers.TestPrepack object at 0x7f23b0f41160>
namespace = 'test-sklearn'

    def test_sklearn(self, namespace):
        spec = "../../servers/sklearnserver/samples/iris.yaml"
        retry_run(f"kubectl apply -f {spec} -n {namespace}")
        wait_for_status("sklearn", namespace)
>       wait_for_rollout("sklearn", namespace)

test_prepackaged_servers.py:20: 
_ _ _ _ _ _ _ _ _ _ _ _ _ _ _ _ _ _ _ _ _ _ _ _ _ _ _ _ _ _ _ _ _ _ _ _ _ _ _ _ 
seldon_e2e_utils.py:118: in wait_for_rollout
    deployment_names = get_deployment_names(sdep_name, namespace)
_ _ _ _ _ _ _ _ _ _ _ _ _ _ _ _ _ _ _ _ _ _ _ _ _ _ _ _ _ _ _ _ _ _ _ _ _ _ _ _ 

sdep_name = 'sklearn', namespace = 'test-sklearn', attempts = 20, sleep = 5

    def get_deployment_names(sdep_name, namespace, attempts=20, sleep=5):
        for _ in range(attempts):
            ret = run(
                f"kubectl get -n {namespace} sdep {sdep_name} -o json",
                shell=True,
                stdout=subprocess.PIPE,
            )
            if ret.returncode == 0:
                logging.info(f"Successfully waited for SeldonDeployment {sdep_name}")
                break
            logging.warning(
                f"Unsuccessful wait command but retrying for SeldonDeployment {sdep_name}"
            )
            time.sleep(sleep)
        assert ret.returncode == 0, "Failed to get deployment names: non-zero return code"
        data = json.loads(ret.stdout)
        # The `deploymentStatus` is dictionary which keys are names of deployments
>       deployment_names = list(data["status"]["deploymentStatus"])
E       KeyError: 'deploymentStatus'

seldon_e2e_utils.py:105: KeyError
------------------------------ Captured log call -------------------------------
WARNING  root:seldon_e2e_utils.py:172 Failed to find status - sleeping
WARNING  root:seldon_e2e_utils.py:172 Failed to find status - sleeping
WARNING  root:seldon_e2e_utils.py:172 Failed to find status - sleeping
WARNING  root:seldon_e2e_utils.py:172 Failed to find status - sleeping
WARNING  root:seldon_e2e_utils.py:172 Failed to find status - sleeping
WARNING  root:seldon_e2e_utils.py:172 Failed to find status - sleeping
WARNING  root:seldon_e2e_utils.py:172 Failed to find status - sleeping
WARNING  root:seldon_e2e_utils.py:172 Failed to find status - sleeping
WARNING  root:seldon_e2e_utils.py:172 Failed to find status - sleeping
WARNING  root:seldon_e2e_utils.py:172 Failed to find status - sleeping
WARNING  root:seldon_e2e_utils.py:172 Failed to find status - sleeping
WARNING  root:seldon_e2e_utils.py:172 Failed to find status - sleeping
WARNING  root:seldon_e2e_utils.py:172 Failed to find status - sleeping
WARNING  root:seldon_e2e_utils.py:172 Failed to find status - sleeping
WARNING  root:seldon_e2e_utils.py:172 Failed to find status - sleeping
WARNING  root:seldon_e2e_utils.py:172 Failed to find status - sleeping
WARNING  root:seldon_e2e_utils.py:172 Failed to find status - sleeping
WARNING  root:seldon_e2e_utils.py:172 Failed to find status - sleeping
WARNING  root:seldon_e2e_utils.py:172 Failed to find status - sleeping
WARNING  root:seldon_e2e_utils.py:172 Failed to find status - sleeping
______________________ TestClusterWide.test_single_model _______________________
[gw2] linux -- Python 3.6.10 /usr/local/bin/python

self = <test_helm_charts_clusterwide.TestClusterWide object at 0x7f50a9c00cc0>
namespace = 'test-single-model'

    def test_single_model(self, namespace):
        run(
            f"helm install mymodel ../../helm-charts/seldon-single-model --namespace {namespace}",
            shell=True,
            check=True,
        )
        wait_for_status("mymodel", namespace)
>       wait_for_rollout("mymodel", namespace)

test_helm_charts_clusterwide.py:25: 
_ _ _ _ _ _ _ _ _ _ _ _ _ _ _ _ _ _ _ _ _ _ _ _ _ _ _ _ _ _ _ _ _ _ _ _ _ _ _ _ 
seldon_e2e_utils.py:118: in wait_for_rollout
    deployment_names = get_deployment_names(sdep_name, namespace)
_ _ _ _ _ _ _ _ _ _ _ _ _ _ _ _ _ _ _ _ _ _ _ _ _ _ _ _ _ _ _ _ _ _ _ _ _ _ _ _ 

sdep_name = 'mymodel', namespace = 'test-single-model', attempts = 20, sleep = 5

    def get_deployment_names(sdep_name, namespace, attempts=20, sleep=5):
        for _ in range(attempts):
            ret = run(
                f"kubectl get -n {namespace} sdep {sdep_name} -o json",
                shell=True,
                stdout=subprocess.PIPE,
            )
            if ret.returncode == 0:
                logging.info(f"Successfully waited for SeldonDeployment {sdep_name}")
                break
            logging.warning(
                f"Unsuccessful wait command but retrying for SeldonDeployment {sdep_name}"
            )
            time.sleep(sleep)
        assert ret.returncode == 0, "Failed to get deployment names: non-zero return code"
        data = json.loads(ret.stdout)
        # The `deploymentStatus` is dictionary which keys are names of deployments
>       deployment_names = list(data["status"]["deploymentStatus"])
E       KeyError: 'deploymentStatus'

seldon_e2e_utils.py:105: KeyError
------------------------------ Captured log call -------------------------------
WARNING  root:seldon_e2e_utils.py:172 Failed to find status - sleeping
WARNING  root:seldon_e2e_utils.py:172 Failed to find status - sleeping
WARNING  root:seldon_e2e_utils.py:172 Failed to find status - sleeping
WARNING  root:seldon_e2e_utils.py:172 Failed to find status - sleeping
WARNING  root:seldon_e2e_utils.py:172 Failed to find status - sleeping
WARNING  root:seldon_e2e_utils.py:172 Failed to find status - sleeping
WARNING  root:seldon_e2e_utils.py:172 Failed to find status - sleeping
WARNING  root:seldon_e2e_utils.py:172 Failed to find status - sleeping
WARNING  root:seldon_e2e_utils.py:172 Failed to find status - sleeping
WARNING  root:seldon_e2e_utils.py:172 Failed to find status - sleeping
WARNING  root:seldon_e2e_utils.py:172 Failed to find status - sleeping
WARNING  root:seldon_e2e_utils.py:172 Failed to find status - sleeping
WARNING  root:seldon_e2e_utils.py:172 Failed to find status - sleeping
WARNING  root:seldon_e2e_utils.py:172 Failed to find status - sleeping
WARNING  root:seldon_e2e_utils.py:172 Failed to find status - sleeping
WARNING  root:seldon_e2e_utils.py:172 Failed to find status - sleeping
WARNING  root:seldon_e2e_utils.py:172 Failed to find status - sleeping
WARNING  root:seldon_e2e_utils.py:172 Failed to find status - sleeping
WARNING  root:seldon_e2e_utils.py:172 Failed to find status - sleeping
WARNING  root:seldon_e2e_utils.py:172 Failed to find status - sleeping
===Flaky Test Report===

test_rolling_deployment[graph1.json-graph2.json-True-istio] passed 1 out of the required 1 times. Success!
test_rolling_deployment[graph1.json-graph4.json-True-ambas] passed 1 out of the required 1 times. Success!
test_rolling_deployment[graph1.json-graph5.json-True-istio] passed 1 out of the required 1 times. Success!
test_rolling_deployment[graph7.json-graph8.json-False-ambas] passed 1 out of the required 1 times. Success!
test_rolling_deployment[graph1.json-graph3.json-True-ambas] passed 1 out of the required 1 times. Success!
test_rolling_deployment[graph1.json-graph5.json-True-ambas] passed 1 out of the required 1 times. Success!
test_rolling_deployment[graph7.json-graph8.json-False-istio] passed 1 out of the required 1 times. Success!
test_rolling_deployment[graph1.json-graph3.json-True-istio] passed 1 out of the required 1 times. Success!
test_rolling_deployment[graph1.json-graph4.json-True-istio] passed 1 out of the required 1 times. Success!
test_rolling_deployment[graph1.json-graph8.json-True-istio] passed 1 out of the required 1 times. Success!
test_rolling_deployment[graph1.json-graph2.json-True-ambas] passed 1 out of the required 1 times. Success!
test_rolling_deployment[graph1.json-graph8.json-True-ambas] failed (1 runs remaining out of 2).
	<class 'AssertionError'>
	
	[<TracebackEntry /workspace/source/testing/scripts/test_rolling_updates.py:269>, <TracebackEntry /workspace/source/testing/scripts/seldon_e2e_utils.py:502>, <TracebackEntry /workspace/source/testing/scripts/seldon_e2e_utils.py:494>, <TracebackEntry /workspace/source/testing/scripts/seldon_e2e_utils.py:512>]
test_rolling_deployment[graph1.json-graph8.json-True-ambas] passed 1 out of the required 1 times. Success!

===End Flaky Test Report===
=================== 3 failed, 24 passed in 872.47s (0:14:32) ===================
make: *** [Makefile:105: test_parallel] Error 1
Test returned errors
kind delete cluster
Deleting cluster "kind" ...
Stopping Docker: dockerProgram process in pidfile '/var/run/docker-ssd.pid', 1 process(es), refused to die.
[31m
Pipeline failed on stage 'end-to-end' : container 'step-test-end-to-end'. The execution of the pipeline has stopped.[0m
