
Showing logs for build [32mseldonio-seldon-core-pr-2886-in-9622b-5[0m stage [32mpr-build-comment[0m and container [32mstep-credential-initializer-tflpt[0m
{"level":"info","ts":1611597500.9131377,"logger":"fallback-logger","caller":"logging/config.go:69","msg":"Fetch GitHub commit ID from kodata failed: open /var/run/ko/refs/heads/0.8.0-ns-support: no such file or directory"}
{"level":"info","ts":1611597500.9135857,"logger":"fallback-logger","caller":"creds-init/main.go:40","msg":"Credentials initialized."}

Showing logs for build [32mseldonio-seldon-core-pr-2886-in-9622b-5[0m stage [32mpr-build-comment[0m and container [32mstep-working-dir-initializer-9qj78[0m
{"level":"info","ts":1611597501.9535596,"logger":"fallback-logger","caller":"logging/config.go:69","msg":"Fetch GitHub commit ID from kodata failed: open /var/run/ko/HEAD: no such file or directory"}
{"level":"info","ts":1611597501.955196,"logger":"fallback-logger","caller":"bash/main.go:64","msg":"Successfully executed command \"sh -c mkdir -p /workspace/source\"; output "}

Showing logs for build [32mseldonio-seldon-core-pr-2886-in-9622b-5[0m stage [32mpr-build-comment[0m and container [32mstep-place-tools[0m

Showing logs for build [32mseldonio-seldon-core-pr-2886-in-9622b-5[0m stage [32mpr-build-comment[0m and container [32mstep-create-dir-workspace-k4spj[0m
{"level":"info","ts":1611597508.1195943,"logger":"fallback-logger","caller":"logging/config.go:69","msg":"Fetch GitHub commit ID from kodata failed: open /var/run/ko/HEAD: no such file or directory"}
{"level":"info","ts":1611597508.121103,"logger":"fallback-logger","caller":"bash/main.go:64","msg":"Successfully executed command \"sh -c mkdir -p source\"; output "}

Showing logs for build [32mseldonio-seldon-core-pr-2886-in-9622b-5[0m stage [32mpr-build-comment[0m and container [32mstep-git-source-seldonio-seldon-core-pr-2886-in-9622b-8lrn8[0m
{"level":"info","ts":1611597508.3326693,"logger":"fallback-logger","caller":"logging/config.go:69","msg":"Fetch GitHub commit ID from kodata failed: open /var/run/ko/refs/heads/0.8.0-ns-support: no such file or directory"}
{"level":"info","ts":1611597513.664983,"logger":"fallback-logger","caller":"git/git.go:103","msg":"Successfully cloned https://github.com/SeldonIO/seldon-core.git @ master in path /workspace/source"}

Showing logs for build [32mseldonio-seldon-core-pr-2886-in-9622b-5[0m stage [32mpr-build-comment[0m and container [32mstep-setup-builder-home[0m

Showing logs for build [32mseldonio-seldon-core-pr-2886-in-9622b-5[0m stage [32mpr-build-comment[0m and container [32mstep-git-merge[0m
Using SHAs from PULL_REFS=master:b881f99ebc1f73651a0c96164e84ea9f7b8c152e,2886:e9e3a4f85743ce06dff2ceb048c4a08357970ed3
DEBUG: LC_ALL=C JX_LOG_LEVEL=error git fetch origin --unshallow e9e3a4f85743ce06dff2ceb048c4a08357970ed3: b881f99ebc1f73651a0c96164e84ea9f7b8c152e:
DEBUG: ran git fetch --unshallow origin e9e3a4f85743ce06dff2ceb048c4a08357970ed3: b881f99ebc1f73651a0c96164e84ea9f7b8c152e: in 
DEBUG: LC_ALL=C JX_LOG_LEVEL=error git branch
DEBUG: LC_ALL=C JX_LOG_LEVEL=error git checkout master
DEBUG: ran git checkout master in 
DEBUG: LC_ALL=C JX_LOG_LEVEL=error git reset --hard b881f99ebc1f73651a0c96164e84ea9f7b8c152e
DEBUG: ran git reset --hard b881f99ebc1f73651a0c96164e84ea9f7b8c152e in 
DEBUG: LC_ALL=C JX_LOG_LEVEL=error git clean -fd .
DEBUG: ran clean --force -d . in 
DEBUG: JX_LOG_LEVEL=error LC_ALL=C git merge e9e3a4f85743ce06dff2ceb048c4a08357970ed3
DEBUG: ran git merge e9e3a4f85743ce06dff2ceb048c4a08357970ed3 in 
DEBUG: JX_LOG_LEVEL=error LC_ALL=C git log --format=%H%x1f%an%x1f%ae%x1f%cn%x1f%ce%x1f%s%n%b%x1e b881f99ebc1f73651a0c96164e84ea9f7b8c152e..HEAD
Merged SHA e9e3a4f85743ce06dff2ceb048c4a08357970ed3 with commit message 'Generate helm-charts again to fix: Error: secrets "seldon-webhook-server-cert" already exists' into base branch master

Showing logs for build [32mseldonio-seldon-core-pr-2886-in-9622b-5[0m stage [32mpr-build-comment[0m and container [32mstep-step2[0m
+++ dirname ./add-pr-build-comment
++ cd .
++ pwd
+ STARTUP_DIR=/workspace/source/ci
+ REPO_OWNER=SeldonIO
+ REPO_NAME=seldon-core
+ PULL_NUMBER=2886
+ BUILD_NUMBER=5
+ PIPELINE_CONTEXT=integration
++ cat
+++ date
+ COMMENT_MSG='Mon Jan 25 17:58:42 UTC 2021
The logs for [integration] [5] will show after the pipeline context has finished.  
https://github.com/SeldonIO/seldon-core/blob/gh-pages/jenkins-x/logs/SeldonIO/seldon-core/PR-2886/5.log

impatient try  
** get build logs SeldonIO/seldon-core/PR-2886 --build=5'
+ ** step pr comment --owner=SeldonIO --repository=seldon-core --pull-request=2886 '--comment=Mon Jan 25 17:58:42 UTC 2021
The logs for [integration] [5] will show after the pipeline context has finished.  
https://github.com/SeldonIO/seldon-core/blob/gh-pages/jenkins-x/logs/SeldonIO/seldon-core/PR-2886/5.log

impatient try  
** get build logs SeldonIO/seldon-core/PR-2886 --build=5'

Showing logs for build [32mseldonio-seldon-core-pr-2886-in-9622b-5[0m stage [32mpr-build-comment[0m and container [32mstep-source-mkdir-seldonio-seldon-core-pr-2886-in-9622b-m2kkw[0m
{"level":"info","ts":1611597525.157872,"logger":"fallback-logger","caller":"logging/config.go:69","msg":"Fetch GitHub commit ID from kodata failed: open /var/run/ko/HEAD: no such file or directory"}
{"level":"info","ts":1611597525.1612356,"logger":"fallback-logger","caller":"bash/main.go:64","msg":"Successfully executed command \"sh -c mkdir -p /pvc/pr-build-comment/workspace\"; output "}

Showing logs for build [32mseldonio-seldon-core-pr-2886-in-9622b-5[0m stage [32mpr-build-comment[0m and container [32mstep-source-copy-seldonio-seldon-core-pr-2886-in-9622b-v9gkk[0m
{"level":"info","ts":1611597525.3593252,"logger":"fallback-logger","caller":"logging/config.go:69","msg":"Fetch GitHub commit ID from kodata failed: open /var/run/ko/HEAD: no such file or directory"}
{"level":"info","ts":1611597525.810372,"logger":"fallback-logger","caller":"bash/main.go:64","msg":"Successfully executed command \"sh -c cp -r source/. /pvc/pr-build-comment/workspace\"; output "}

Showing logs for build [32mseldonio-seldon-core-pr-2886-in-9622b-5[0m stage [32mend-to-end[0m and container [32mstep-credential-initializer-2xmnd[0m
{"level":"info","ts":1611597528.7752893,"logger":"fallback-logger","caller":"logging/config.go:69","msg":"Fetch GitHub commit ID from kodata failed: open /var/run/ko/refs/heads/0.8.0-ns-support: no such file or directory"}
{"level":"info","ts":1611597528.7759407,"logger":"fallback-logger","caller":"creds-init/main.go:40","msg":"Credentials initialized."}

Showing logs for build [32mseldonio-seldon-core-pr-2886-in-9622b-5[0m stage [32mend-to-end[0m and container [32mstep-working-dir-initializer-mcdwn[0m
{"level":"info","ts":1611597530.0633051,"logger":"fallback-logger","caller":"logging/config.go:69","msg":"Fetch GitHub commit ID from kodata failed: open /var/run/ko/HEAD: no such file or directory"}
{"level":"info","ts":1611597530.0645046,"logger":"fallback-logger","caller":"bash/main.go:64","msg":"Successfully executed command \"sh -c mkdir -p /workspace/source\"; output "}

Showing logs for build [32mseldonio-seldon-core-pr-2886-in-9622b-5[0m stage [32mend-to-end[0m and container [32mstep-place-tools[0m

Showing logs for build [32mseldonio-seldon-core-pr-2886-in-9622b-5[0m stage [32mend-to-end[0m and container [32mstep-create-dir-workspace-cj424[0m
{"level":"info","ts":1611597536.2334895,"logger":"fallback-logger","caller":"logging/config.go:69","msg":"Fetch GitHub commit ID from kodata failed: open /var/run/ko/HEAD: no such file or directory"}
{"level":"info","ts":1611597536.236355,"logger":"fallback-logger","caller":"bash/main.go:64","msg":"Successfully executed command \"sh -c mkdir -p /workspace/source\"; output "}

Showing logs for build [32mseldonio-seldon-core-pr-2886-in-9622b-5[0m stage [32mend-to-end[0m and container [32mstep-source-copy-workspace-xhx2c[0m
{"level":"info","ts":1611597536.4445097,"logger":"fallback-logger","caller":"logging/config.go:69","msg":"Fetch GitHub commit ID from kodata failed: open /var/run/ko/HEAD: no such file or directory"}
{"level":"info","ts":1611597536.8619738,"logger":"fallback-logger","caller":"bash/main.go:64","msg":"Successfully executed command \"sh -c cp -r /pvc/pr-build-comment/workspace/. /workspace/source\"; output "}

Showing logs for build [32mseldonio-seldon-core-pr-2886-in-9622b-5[0m stage [32mend-to-end[0m and container [32mstep-setup-builder-home[0m

Showing logs for build [32mseldonio-seldon-core-pr-2886-in-9622b-5[0m stage [32mend-to-end[0m and container [32mstep-test-end-to-end[0m
Test run type is: [base]
Starting Docker: docker.
[SETUP] Waiting for Docker to be ready, sleeping for 1 seconds ...
kind create cluster --config ../resources/kind_config.yaml
Creating cluster "kind" ...
 â€¢ Ensuring node image (kindest/node:v1.16.3) ðŸ–¼  ...
 âœ“ Ensuring node image (kindest/node:v1.16.3) ðŸ–¼
 â€¢ Preparing nodes ðŸ“¦  ...
 âœ“ Preparing nodes ðŸ“¦
 â€¢ Writing configuration ðŸ“œ  ...
 âœ“ Writing configuration ðŸ“œ
 â€¢ Starting control-plane ðŸ•¹ï¸  ...
 âœ“ Starting control-plane ðŸ•¹ï¸
 â€¢ Installing CNI ðŸ”Œ  ...
 âœ“ Installing CNI ðŸ”Œ
 â€¢ Installing StorageClass ðŸ’¾  ...
 âœ“ Installing StorageClass ðŸ’¾
 â€¢ Joining worker nodes ðŸšœ  ...
 âœ“ Joining worker nodes ðŸšœ
Set kubectl context to "kind-kind"
You can now use your cluster with:

kubectl cluster-info --context kind-kind

Have a question, bug, or feature request? Let us know! https://kind.sigs.k8s.io/#community ðŸ™‚
`kind get kubeconfig-path` is deprecated!

KIND will export and merge kubeconfig like kops, minikube, etc.
This command is now unnecessary and will be removed in a future release.

For more info see: https://github.com/kubernetes-sigs/kind/issues/1060
See also the output of `kind create cluster`

Files changed in python folder:
SKIPPING PYTHON IMAGE BUILD...
Files changed in operator folder:
SKIPPING OPERATOR IMAGE BUILD...
Files changed in engine folder:
SKIPPING ENGINE IMAGE BUILD...
Files changed in executor folder:
SKIPPING EXECUTOR IMAGE BUILD...
Build test models
make -C ../../examples/models/mean_classifier kind_load
make[1]: Entering directory '/workspace/source/examples/models/mean_classifier'
s2i build -E environment . seldonio/seldon-core-s2i-python37-ubi8:1.6.0-dev seldonio/mock_classifier:1.6.0-dev
Before assembling
---> Installing application source...
---> Installing dependencies ...
Looking in links: /whl
Requirement already satisfied: seldon-core in ./python (from -r requirements.txt (line 1)) (1.6.0.dev0)
Requirement already satisfied: numpy in /opt/conda/lib/python3.7/site-packages (from -r requirements.txt (line 2)) (1.19.5)
Requirement already satisfied: Flask<2.0.0 in /opt/conda/lib/python3.7/site-packages (from seldon-core->-r requirements.txt (line 1)) (1.1.2)
Requirement already satisfied: jsonschema<4.0.0 in /opt/conda/lib/python3.7/site-packages (from seldon-core->-r requirements.txt (line 1)) (3.2.0)
Requirement already satisfied: Flask-cors<4.0.0 in /opt/conda/lib/python3.7/site-packages (from seldon-core->-r requirements.txt (line 1)) (3.0.10)
Requirement already satisfied: redis<4.0.0 in /opt/conda/lib/python3.7/site-packages (from seldon-core->-r requirements.txt (line 1)) (3.5.3)
Requirement already satisfied: requests<3.0.0 in /opt/conda/lib/python3.7/site-packages (from seldon-core->-r requirements.txt (line 1)) (2.22.0)
Requirement already satisfied: flatbuffers<2.0.0 in /opt/conda/lib/python3.7/site-packages (from seldon-core->-r requirements.txt (line 1)) (1.12)
Requirement already satisfied: protobuf<4.0.0 in /opt/conda/lib/python3.7/site-packages (from seldon-core->-r requirements.txt (line 1)) (3.14.0)
Requirement already satisfied: grpcio<2.0.0 in /opt/conda/lib/python3.7/site-packages (from seldon-core->-r requirements.txt (line 1)) (1.35.0)
Requirement already satisfied: Flask-OpenTracing<1.2.0,>=1.1.0 in /opt/conda/lib/python3.7/site-packages (from seldon-core->-r requirements.txt (line 1)) (1.1.0)
Requirement already satisfied: opentracing<2.5.0,>=2.2.0 in /opt/conda/lib/python3.7/site-packages (from seldon-core->-r requirements.txt (line 1)) (2.4.0)
Requirement already satisfied: jaeger-client<4.5.0,>=4.1.0 in /opt/conda/lib/python3.7/site-packages (from seldon-core->-r requirements.txt (line 1)) (4.4.0)
Requirement already satisfied: grpcio-opentracing<1.2.0,>=1.1.4 in /opt/conda/lib/python3.7/site-packages (from seldon-core->-r requirements.txt (line 1)) (1.1.4)
Requirement already satisfied: grpcio-reflection<1.35.0 in /opt/conda/lib/python3.7/site-packages (from seldon-core->-r requirements.txt (line 1)) (1.34.1)
Requirement already satisfied: PyYAML<5.4 in /opt/conda/lib/python3.7/site-packages (from seldon-core->-r requirements.txt (line 1)) (5.3.1)
Requirement already satisfied: gunicorn<20.1.0,>=19.9.0 in /opt/conda/lib/python3.7/site-packages (from seldon-core->-r requirements.txt (line 1)) (20.0.4)
Requirement already satisfied: setuptools>=41.0.0 in /opt/conda/lib/python3.7/site-packages (from seldon-core->-r requirements.txt (line 1)) (41.4.0)
Requirement already satisfied: prometheus_client<0.9.0,>=0.7.1 in /opt/conda/lib/python3.7/site-packages (from seldon-core->-r requirements.txt (line 1)) (0.8.0)
Requirement already satisfied: Jinja2>=2.10.1 in /opt/conda/lib/python3.7/site-packages (from Flask<2.0.0->seldon-core->-r requirements.txt (line 1)) (2.11.2)
Requirement already satisfied: Werkzeug>=0.15 in /opt/conda/lib/python3.7/site-packages (from Flask<2.0.0->seldon-core->-r requirements.txt (line 1)) (1.0.1)
Requirement already satisfied: itsdangerous>=0.24 in /opt/conda/lib/python3.7/site-packages (from Flask<2.0.0->seldon-core->-r requirements.txt (line 1)) (1.1.0)
Requirement already satisfied: click>=5.1 in /opt/conda/lib/python3.7/site-packages (from Flask<2.0.0->seldon-core->-r requirements.txt (line 1)) (7.1.2)
Requirement already satisfied: importlib-metadata; python_version < "3.8" in /opt/conda/lib/python3.7/site-packages (from jsonschema<4.0.0->seldon-core->-r requirements.txt (line 1)) (3.4.0)
Requirement already satisfied: six>=1.11.0 in /opt/conda/lib/python3.7/site-packages (from jsonschema<4.0.0->seldon-core->-r requirements.txt (line 1)) (1.12.0)
Requirement already satisfied: pyrsistent>=0.14.0 in /opt/conda/lib/python3.7/site-packages (from jsonschema<4.0.0->seldon-core->-r requirements.txt (line 1)) (0.17.3)
Requirement already satisfied: attrs>=17.4.0 in /opt/conda/lib/python3.7/site-packages (from jsonschema<4.0.0->seldon-core->-r requirements.txt (line 1)) (20.3.0)
Requirement already satisfied: chardet<3.1.0,>=3.0.2 in /opt/conda/lib/python3.7/site-packages (from requests<3.0.0->seldon-core->-r requirements.txt (line 1)) (3.0.4)
Requirement already satisfied: urllib3!=1.25.0,!=1.25.1,<1.26,>=1.21.1 in /opt/conda/lib/python3.7/site-packages (from requests<3.0.0->seldon-core->-r requirements.txt (line 1)) (1.24.2)
Requirement already satisfied: certifi>=2017.4.17 in /opt/conda/lib/python3.7/site-packages (from requests<3.0.0->seldon-core->-r requirements.txt (line 1)) (2020.12.5)
Requirement already satisfied: idna<2.9,>=2.5 in /opt/conda/lib/python3.7/site-packages (from requests<3.0.0->seldon-core->-r requirements.txt (line 1)) (2.8)
Requirement already satisfied: tornado>=4.3 in /opt/conda/lib/python3.7/site-packages (from jaeger-client<4.5.0,>=4.1.0->seldon-core->-r requirements.txt (line 1)) (6.1)
Requirement already satisfied: thrift in /opt/conda/lib/python3.7/site-packages (from jaeger-client<4.5.0,>=4.1.0->seldon-core->-r requirements.txt (line 1)) (0.13.0)
Requirement already satisfied: threadloop<2,>=1 in /opt/conda/lib/python3.7/site-packages (from jaeger-client<4.5.0,>=4.1.0->seldon-core->-r requirements.txt (line 1)) (1.0.2)
Requirement already satisfied: MarkupSafe>=0.23 in /opt/conda/lib/python3.7/site-packages (from Jinja2>=2.10.1->Flask<2.0.0->seldon-core->-r requirements.txt (line 1)) (1.1.1)
Requirement already satisfied: zipp>=0.5 in /opt/conda/lib/python3.7/site-packages (from importlib-metadata; python_version < "3.8"->jsonschema<4.0.0->seldon-core->-r requirements.txt (line 1)) (3.4.0)
Requirement already satisfied: typing-extensions>=3.6.4; python_version < "3.8" in /opt/conda/lib/python3.7/site-packages (from importlib-metadata; python_version < "3.8"->jsonschema<4.0.0->seldon-core->-r requirements.txt (line 1)) (3.7.4.3)
WARNING: Url '/whl' is ignored. It is either a non-existing path or lacks a specific scheme.
Collecting pip-licenses
Downloading https://files.pythonhosted.org/packages/a6/da/0fe6dc2a8a784ce6eef32719f508397f8f554967e416a0a225c4684a6b93/pip_licenses-3.3.0-py3-none-any.whl
Collecting PTable (from pip-licenses)
Downloading https://files.pythonhosted.org/packages/ab/b3/b54301811173ca94119eb474634f120a49cd370f257d1aae5a4abaf12729/PTable-0.9.2.tar.gz
Building wheels for collected packages: PTable
Building wheel for PTable (setup.py): started
Building wheel for PTable (setup.py): finished with status 'done'
Created wheel for PTable: filename=PTable-0.9.2-cp37-none-any.whl size=22906 sha256=98d17b6ef4e416cfd149f72facdfc407f231eff8173ec12b5f510a19dd9d6a7b
Stored in directory: /root/.cache/pip/wheels/22/cc/2e/55980bfe86393df3e9896146a01f6802978d09d7ebcba5ea56
Successfully built PTable
Installing collected packages: PTable, pip-licenses
Successfully installed PTable-0.9.2 pip-licenses-3.3.0
created path: ./licenses/license_info.csv
created path: ./licenses/license.txt
After successful assembling
Build completed successfully
kind load -v 3 docker-image seldonio/mock_classifier:1.6.0-dev
Image: "seldonio/mock_classifier:1.6.0-dev" with ID "sha256:5d6c99c6bcde87c857cbc73ee8a6fffead68d86a43dcc884facf3e351cb412f8" not present on node "kind-worker"
Image: "seldonio/mock_classifier:1.6.0-dev" with ID "sha256:5d6c99c6bcde87c857cbc73ee8a6fffead68d86a43dcc884facf3e351cb412f8" not present on node "kind-control-plane"
make[1]: Leaving directory '/workspace/source/examples/models/mean_classifier'
make -C ../docker/fixed-model kind_load_images
make[1]: Entering directory '/workspace/source/testing/docker/fixed-model'
s2i build -E environment_v1 . seldonio/seldon-core-s2i-python3:1.6.0-dev seldonio/fixed-model:0.1
---> Installing application source...
Collecting pip-licenses
Downloading https://files.pythonhosted.org/packages/a6/da/0fe6dc2a8a784ce6eef32719f508397f8f554967e416a0a225c4684a6b93/pip_licenses-3.3.0-py3-none-any.whl
Collecting PTable (from pip-licenses)
Downloading https://files.pythonhosted.org/packages/ab/b3/b54301811173ca94119eb474634f120a49cd370f257d1aae5a4abaf12729/PTable-0.9.2.tar.gz
Building wheels for collected packages: PTable
Building wheel for PTable (setup.py): started
Building wheel for PTable (setup.py): finished with status 'done'
Created wheel for PTable: filename=PTable-0.9.2-cp37-none-any.whl size=22906 sha256=3f3b097e792ace3150493db465b88fb9c7587ede33a791445686b213a2344079
Stored in directory: /root/.cache/pip/wheels/22/cc/2e/55980bfe86393df3e9896146a01f6802978d09d7ebcba5ea56
Successfully built PTable
Installing collected packages: PTable, pip-licenses
Successfully installed PTable-0.9.2 pip-licenses-3.3.0
created path: ./licenses/license_info.csv
created path: ./licenses/license.txt
Build completed successfully
s2i build -E environment_v2 . seldonio/seldon-core-s2i-python3:1.6.0-dev  seldonio/fixed-model:0.2
---> Installing application source...
Collecting pip-licenses
Downloading https://files.pythonhosted.org/packages/a6/da/0fe6dc2a8a784ce6eef32719f508397f8f554967e416a0a225c4684a6b93/pip_licenses-3.3.0-py3-none-any.whl
Collecting PTable (from pip-licenses)
Downloading https://files.pythonhosted.org/packages/ab/b3/b54301811173ca94119eb474634f120a49cd370f257d1aae5a4abaf12729/PTable-0.9.2.tar.gz
Building wheels for collected packages: PTable
Building wheel for PTable (setup.py): started
Building wheel for PTable (setup.py): finished with status 'done'
Created wheel for PTable: filename=PTable-0.9.2-cp37-none-any.whl size=22906 sha256=5213a7127ef0d3e70dab1e6aebba36b100f8a2d0d941234dc3424e389f01694e
Stored in directory: /root/.cache/pip/wheels/22/cc/2e/55980bfe86393df3e9896146a01f6802978d09d7ebcba5ea56
Successfully built PTable
Installing collected packages: PTable, pip-licenses
Successfully installed PTable-0.9.2 pip-licenses-3.3.0
created path: ./licenses/license_info.csv
created path: ./licenses/license.txt
Build completed successfully
kind load -v 3 docker-image seldonio/fixed-model:0.1
Image: "seldonio/fixed-model:0.1" with ID "sha256:1ab8cd12dc8750ea67accf9edc3ae528d183417065f84efaeef3958cf94b9817" not present on node "kind-worker"
Image: "seldonio/fixed-model:0.1" with ID "sha256:1ab8cd12dc8750ea67accf9edc3ae528d183417065f84efaeef3958cf94b9817" not present on node "kind-control-plane"
kind load -v 3 docker-image seldonio/fixed-model:0.2
Image: "seldonio/fixed-model:0.2" with ID "sha256:c50f5e70405ebdf61239e45e2cfdd621f7a60c77eb9e3aef2fd3e944cd1a3571" not present on node "kind-worker"
Image: "seldonio/fixed-model:0.2" with ID "sha256:c50f5e70405ebdf61239e45e2cfdd621f7a60c77eb9e3aef2fd3e944cd1a3571" not present on node "kind-control-plane"
make[1]: Leaving directory '/workspace/source/testing/docker/fixed-model'
make -C ../docker/echo-model kind_load_image
make[1]: Entering directory '/workspace/source/testing/docker/echo-model'
s2i build \
	-E environment_rest \
	.\
	seldonio/seldon-core-s2i-python3:1.6.0-dev\
	seldonio/echo-model:0.1
---> Installing application source...
Collecting pip-licenses
Downloading https://files.pythonhosted.org/packages/a6/da/0fe6dc2a8a784ce6eef32719f508397f8f554967e416a0a225c4684a6b93/pip_licenses-3.3.0-py3-none-any.whl
Collecting PTable (from pip-licenses)
Downloading https://files.pythonhosted.org/packages/ab/b3/b54301811173ca94119eb474634f120a49cd370f257d1aae5a4abaf12729/PTable-0.9.2.tar.gz
Building wheels for collected packages: PTable
Building wheel for PTable (setup.py): started
Building wheel for PTable (setup.py): finished with status 'done'
Created wheel for PTable: filename=PTable-0.9.2-cp37-none-any.whl size=22906 sha256=eeb92d62abe201b6f7f63adc30e3fde9d1f8b4ecd5d41c2b069737ceb2d13d7d
Stored in directory: /root/.cache/pip/wheels/22/cc/2e/55980bfe86393df3e9896146a01f6802978d09d7ebcba5ea56
Successfully built PTable
Installing collected packages: PTable, pip-licenses
Successfully installed PTable-0.9.2 pip-licenses-3.3.0
created path: ./licenses/license_info.csv
created path: ./licenses/license.txt
Build completed successfully
kind load -v 3 docker-image seldonio/echo-model:0.1
Image: "seldonio/echo-model:0.1" with ID "sha256:1f534c379d07f7ea06c9f86384d5505e2851cdf711009b2018defc9d073e8dce" not present on node "kind-worker"
Image: "seldonio/echo-model:0.1" with ID "sha256:1f534c379d07f7ea06c9f86384d5505e2851cdf711009b2018defc9d073e8dce" not present on node "kind-control-plane"
make[1]: Leaving directory '/workspace/source/testing/docker/echo-model'
Files changed in prepackaged folder:
SKIPPING PREPACKAGED IMAGE BUILD...
Files changed in alibi explain folder:
SKIPPING ALIBI EXPLAIN IMAGE BUILD...
Files changed in alibi detect folder:
SKIPPING ALIBI DETECT IMAGE BUILD...
Files changed in misc folders:
SKIPPING MISC IMAGE BUILD...
kubectl create namespace seldon || echo "Namespace seldon already exists"
namespace/seldon created
kubectl create namespace test1 || echo "Namespace test1 already exists"
namespace/test1 created
helm repo add seldonio https://storage.googleapis.com/seldon-charts
"seldonio" has been added to your repositories
helm repo add jaegertracing https://jaegertracing.github.io/helm-charts
"jaegertracing" has been added to your repositories
helm repo add datawire https://www.getambassador.io
"datawire" has been added to your repositories
helm repo update
Hang tight while we grab the latest from your chart repositories...
...Successfully got an update from the "jaegertracing" chart repository
...Successfully got an update from the "seldonio" chart repository
...Successfully got an update from the "datawire" chart repository
Update Complete. âŽˆ Happy Helming!âŽˆ 
helm upgrade ambassador \
	datawire/ambassador \
	-f ../resources/ambassador_values.yaml \
	--set image.repository=quay.io/datawire/ambassador \
	--set crds.keep=false \
	--set enableAES=false \
	--namespace seldon \
	--set replicaCount=1 \
	--wait --install
Release "ambassador" does not exist. Installing it now.
manifest_sorter.go:192: info: skipping unknown hook: "crd-install"
manifest_sorter.go:192: info: skipping unknown hook: "crd-install"
manifest_sorter.go:192: info: skipping unknown hook: "crd-install"
manifest_sorter.go:192: info: skipping unknown hook: "crd-install"
manifest_sorter.go:192: info: skipping unknown hook: "crd-install"
manifest_sorter.go:192: info: skipping unknown hook: "crd-install"
manifest_sorter.go:192: info: skipping unknown hook: "crd-install"
manifest_sorter.go:192: info: skipping unknown hook: "crd-install"
manifest_sorter.go:192: info: skipping unknown hook: "crd-install"
manifest_sorter.go:192: info: skipping unknown hook: "crd-install"
manifest_sorter.go:192: info: skipping unknown hook: "crd-install"
manifest_sorter.go:192: info: skipping unknown hook: "crd-install"
manifest_sorter.go:192: info: skipping unknown hook: "crd-install"
manifest_sorter.go:192: info: skipping unknown hook: "crd-install"
manifest_sorter.go:192: info: skipping unknown hook: "crd-install"
manifest_sorter.go:192: info: skipping unknown hook: "crd-install"
manifest_sorter.go:192: info: skipping unknown hook: "crd-install"
manifest_sorter.go:192: info: skipping unknown hook: "crd-install"
manifest_sorter.go:192: info: skipping unknown hook: "crd-install"
NAME: ambassador
LAST DEPLOYED: Mon Jan 25 18:05:54 2021
NAMESPACE: seldon
STATUS: deployed
REVISION: 1
NOTES:
-------------------------------------------------------------------------------
  Congratulations! You've successfully installed Ambassador!

-------------------------------------------------------------------------------
To get the IP address of Ambassador, run the following commands:
  export NODE_PORT=$(kubectl get --namespace seldon -o jsonpath="{.spec.ports[0].nodePort}" services ambassador)
  export NODE_IP=$(kubectl get nodes --namespace seldon -o jsonpath="{.items[0].status.addresses[0].address}")
  echo http://$NODE_IP:$NODE_PORT

For help, visit our Slack at https://d6e.co/slack or view the documentation online at https://www.getambassador.io.
curl -L https://istio.io/downloadIstio | ISTIO_VERSION=1.6.8 TARGET_ARCH=x86_64 sh -
  % Total    % Received % Xferd  Average Speed   Time    Time     Time  Current
                                 Dload  Upload   Total   Spent    Left  Speed
  0     0    0     0    0     0      0      0 --:--:-- --:--:-- --:--:--     0  0     0    0     0    0     0      0      0 --:--:-- --:--:-- --:--:--     0100   102  100   102    0     0    246      0 --:--:-- --:--:-- --:--:--   245
100  4579  100  4579    0     0   7568      0 --:--:-- --:--:-- --:--:--  7568

Downloading istio-1.6.8 from https://github.com/istio/istio/releases/download/1.6.8/istio-1.6.8-linux-amd64.tar.gz ...

Istio 1.6.8 Download Complete!

Istio has been successfully downloaded into the istio-1.6.8 folder on your system.

Next Steps:
See https://istio.io/latest/docs/setup/install/ to add Istio to your Kubernetes cluster.

To configure the istioctl client tool for your workstation,
add the /workspace/source/testing/scripts/istio-1.6.8/bin directory to your environment path variable with:
	 export PATH="$PATH:/workspace/source/testing/scripts/istio-1.6.8/bin"

Begin the Istio pre-installation check by running:
	 istioctl x precheck 

Need more information? Visit https://istio.io/latest/docs/setup/install/ 
istio-1.6.8/bin/istioctl install --set profile=demo
Detected that your cluster does not support third party JWT authentication. Falling back to less secure first party JWT. See https://istio.io/docs/ops/best-practices/security/#configure-third-party-service-account-tokens for details.

- Processing resources for Istio core.
- Processing resources for Istio core.
- Processing resources for Istio core.
- Processing resources for Istio core.
- Processing resources for Istio core.
- Processing resources for Istio core.
- Processing resources for Istio core.
- Processing resources for Istio core.
- Processing resources for Istio core.
- Processing resources for Istio core.
- Processing resources for Istio core.
- Processing resources for Istio core.
- Processing resources for Istio core.
- Processing resources for Istio core.
- Processing resources for Istio core.
- Processing resources for Istio core.
- Processing resources for Istio core.
- Processing resources for Istio core.
- Processing resources for Istio core.
- Processing resources for Istio core.
- Processing resources for Istio core.
- Processing resources for Istio core.
- Processing resources for Istio core.
- Processing resources for Istio core.
- Processing resources for Istio core.
- Processing resources for Istio core.
- Processing resources for Istio core.
- Processing resources for Istio core.
- Processing resources for Istio core.
- Processing resources for Istio core.
- Processing resources for Istio core.
- Processing resources for Istio core.
âœ” Istio core installed
- Processing resources for Istiod.
- Processing resources for Istiod.
- Processing resources for Istiod.
- Processing resources for Istiod.
- Processing resources for Istiod.
- Processing resources for Istiod.
- Processing resources for Istiod.
- Processing resources for Istiod.
- Processing resources for Istiod.
- Processing resources for Istiod.
- Processing resources for Istiod.
- Processing resources for Istiod.
- Processing resources for Istiod.
- Processing resources for Istiod.
- Processing resources for Istiod.
- Processing resources for Istiod.
- Processing resources for Istiod. Waiting for Deployment/istio-system/istiod
- Processing resources for Istiod. Waiting for Deployment/istio-system/istiod
- Processing resources for Istiod. Waiting for Deployment/istio-system/istiod
- Processing resources for Istiod. Waiting for Deployment/istio-system/istiod
- Processing resources for Istiod. Waiting for Deployment/istio-system/istiod
- Processing resources for Istiod. Waiting for Deployment/istio-system/istiod
- Processing resources for Istiod. Waiting for Deployment/istio-system/istiod
âœ” Istiod installed
- Processing resources for Egress gateways, Ingress gateways.
- Processing resources for Egress gateways, Ingress gateways.
- Processing resources for Egress gateways, Ingress gateways.
- Processing resources for Egress gateways, Ingress gateways.
- Processing resources for Egress gateways, Ingress gateways.
- Processing resources for Egress gateways, Ingress gateways.
- Processing resources for Egress gateways, Ingress gateways.
- Processing resources for Egress gateways, Ingress gateways.
- Processing resources for Egress gateways, Ingress gateways.
- Processing resources for Egress gateways, Ingress gateways. Waiting for Deployment/istio-system...
- Processing resources for Egress gateways, Ingress gateways. Waiting for Deployment/istio-system...
- Processing resources for Egress gateways, Ingress gateways. Waiting for Deployment/istio-system...
- Processing resources for Addons, Egress gateways, Ingress gateways. Waiting for Deployment/isti...
- Processing resources for Addons, Egress gateways, Ingress gateways. Waiting for Deployment/isti...
- Processing resources for Addons, Egress gateways, Ingress gateways. Waiting for Deployment/isti...
- Processing resources for Addons, Egress gateways, Ingress gateways. Waiting for Deployment/isti...
- Processing resources for Addons, Egress gateways, Ingress gateways. Waiting for Deployment/isti...
- Processing resources for Addons, Egress gateways, Ingress gateways. Waiting for Deployment/isti...
- Processing resources for Addons, Egress gateways, Ingress gateways. Waiting for Deployment/isti...
- Processing resources for Addons, Egress gateways, Ingress gateways. Waiting for Deployment/isti...
- Processing resources for Addons, Egress gateways, Ingress gateways. Waiting for Deployment/isti...
- Processing resources for Addons, Egress gateways, Ingress gateways. Waiting for Deployment/isti...
- Processing resources for Addons, Egress gateways, Ingress gateways. Waiting for Deployment/isti...
- Processing resources for Addons, Egress gateways, Ingress gateways. Waiting for Deployment/isti...
- Processing resources for Addons, Egress gateways, Ingress gateways. Waiting for Deployment/isti...
- Processing resources for Addons, Egress gateways, Ingress gateways. Waiting for Deployment/isti...
- Processing resources for Addons, Egress gateways, Ingress gateways. Waiting for Deployment/isti...
- Processing resources for Addons, Egress gateways, Ingress gateways. Waiting for Deployment/isti...
- Processing resources for Addons, Egress gateways, Ingress gateways. Waiting for Deployment/isti...
- Processing resources for Addons, Egress gateways, Ingress gateways. Waiting for Deployment/isti...
- Processing resources for Addons, Egress gateways, Ingress gateways. Waiting for Deployment/isti...
- Processing resources for Addons, Egress gateways, Ingress gateways. Waiting for Deployment/isti...
- Processing resources for Addons, Egress gateways, Ingress gateways. Waiting for Deployment/isti...
- Processing resources for Addons, Egress gateways, Ingress gateways. Waiting for Deployment/isti...
- Processing resources for Addons, Egress gateways, Ingress gateways. Waiting for Deployment/isti...
- Processing resources for Addons, Egress gateways, Ingress gateways. Waiting for Deployment/isti...
- Processing resources for Addons, Egress gateways, Ingress gateways. Waiting for Deployment/isti...
- Processing resources for Addons, Egress gateways, Ingress gateways. Waiting for Deployment/isti...
- Processing resources for Addons, Egress gateways, Ingress gateways. Waiting for Deployment/isti...
- Processing resources for Addons, Egress gateways, Ingress gateways. Waiting for Deployment/isti...
- Processing resources for Addons, Egress gateways, Ingress gateways. Waiting for Deployment/isti...
- Processing resources for Addons, Egress gateways, Ingress gateways. Waiting for Deployment/isti...
- Processing resources for Addons, Egress gateways, Ingress gateways. Waiting for Deployment/isti...
- Processing resources for Addons, Egress gateways, Ingress gateways. Waiting for Deployment/isti...
- Processing resources for Addons, Egress gateways, Ingress gateways. Waiting for Deployment/isti...
- Processing resources for Addons, Egress gateways, Ingress gateways. Waiting for Deployment/isti...
- Processing resources for Addons, Egress gateways, Ingress gateways. Waiting for Deployment/isti...
- Processing resources for Addons, Egress gateways, Ingress gateways. Waiting for Deployment/isti...
- Processing resources for Addons, Egress gateways, Ingress gateways. Waiting for Deployment/isti...
- Processing resources for Addons, Egress gateways, Ingress gateways. Waiting for Deployment/isti...
- Processing resources for Addons, Egress gateways, Ingress gateways. Waiting for Deployment/isti...
- Processing resources for Addons, Egress gateways, Ingress gateways. Waiting for Deployment/isti...
- Processing resources for Addons, Egress gateways, Ingress gateways. Waiting for Deployment/isti...
- Processing resources for Addons, Egress gateways, Ingress gateways. Waiting for Deployment/isti...
- Processing resources for Addons, Egress gateways, Ingress gateways. Waiting for Deployment/isti...
- Processing resources for Addons, Egress gateways, Ingress gateways. Waiting for Deployment/isti...
- Processing resources for Addons, Egress gateways, Ingress gateways. Waiting for Deployment/isti...
- Processing resources for Addons, Egress gateways, Ingress gateways. Waiting for Deployment/isti...
- Processing resources for Addons, Egress gateways, Ingress gateways. Waiting for Deployment/isti...
- Processing resources for Addons, Egress gateways, Ingress gateways. Waiting for Deployment/isti...
- Processing resources for Addons, Egress gateways, Ingress gateways. Waiting for Deployment/isti...
- Processing resources for Addons, Egress gateways, Ingress gateways. Waiting for Deployment/isti...
- Processing resources for Addons, Egress gateways, Ingress gateways. Waiting for Deployment/isti...
- Processing resources for Addons, Egress gateways, Ingress gateways. Waiting for Deployment/isti...
- Processing resources for Addons, Egress gateways, Ingress gateways. Waiting for Deployment/isti...
- Processing resources for Addons, Egress gateways, Ingress gateways. Waiting for Deployment/isti...
- Processing resources for Addons, Egress gateways, Ingress gateways. Waiting for Deployment/isti...
- Processing resources for Addons, Egress gateways, Ingress gateways. Waiting for Deployment/isti...
- Processing resources for Addons, Egress gateways, Ingress gateways. Waiting for Deployment/isti...
- Processing resources for Addons, Egress gateways, Ingress gateways. Waiting for Deployment/isti...
- Processing resources for Addons, Egress gateways, Ingress gateways. Waiting for Deployment/isti...
- Processing resources for Addons, Egress gateways, Ingress gateways. Waiting for Deployment/isti...
- Processing resources for Addons, Egress gateways, Ingress gateways. Waiting for Deployment/isti...
- Processing resources for Addons, Egress gateways, Ingress gateways. Waiting for Deployment/isti...
- Processing resources for Addons, Egress gateways, Ingress gateways. Waiting for Deployment/isti...
- Processing resources for Addons, Egress gateways, Ingress gateways. Waiting for Deployment/isti...
- Processing resources for Addons, Egress gateways, Ingress gateways. Waiting for Deployment/isti...
- Processing resources for Addons, Egress gateways, Ingress gateways. Waiting for Deployment/isti...
- Processing resources for Addons, Egress gateways, Ingress gateways. Waiting for Deployment/isti...
- Processing resources for Addons, Egress gateways, Ingress gateways. Waiting for Deployment/isti...
- Processing resources for Addons, Egress gateways, Ingress gateways. Waiting for Deployment/isti...
- Processing resources for Addons, Egress gateways, Ingress gateways. Waiting for Deployment/isti...
- Processing resources for Addons, Egress gateways, Ingress gateways. Waiting for Deployment/isti...
- Processing resources for Addons, Egress gateways, Ingress gateways. Waiting for Deployment/isti...
- Processing resources for Addons, Egress gateways, Ingress gateways. Waiting for Deployment/isti...
- Processing resources for Addons, Egress gateways, Ingress gateways. Waiting for Deployment/isti...
- Processing resources for Addons, Egress gateways, Ingress gateways. Waiting for Deployment/isti...
- Processing resources for Addons, Egress gateways, Ingress gateways. Waiting for Deployment/isti...
- Processing resources for Addons, Egress gateways, Ingress gateways. Waiting for Deployment/isti...
- Processing resources for Addons, Egress gateways, Ingress gateways. Waiting for Deployment/isti...
- Processing resources for Addons, Egress gateways, Ingress gateways. Waiting for Deployment/isti...
- Processing resources for Addons, Egress gateways, Ingress gateways. Waiting for Deployment/isti...
âœ” Egress gateways installed
âœ” Ingress gateways installed
- Processing resources for Addons. Waiting for Deployment/istio-system/prometheus
âœ” Addons installed
- Pruning removed resources
kubectl patch svc istio-ingressgateway -n istio-system --patch "$(cat ../resources/istio-ingressgateway-patch.yaml)"
service/istio-ingressgateway patched
kubectl create -f ../resources/seldon-gateway.yaml -n istio-system
gateway.networking.istio.io/seldon-gateway created
kubectl apply -f https://github.com/kedacore/keda/releases/download/v2.0.0/keda-2.0.0.yaml
namespace/keda created
customresourcedefinition.apiextensions.k8s.io/scaledjobs.keda.sh created
customresourcedefinition.apiextensions.k8s.io/scaledobjects.keda.sh created
customresourcedefinition.apiextensions.k8s.io/triggerauthentications.keda.sh created
serviceaccount/keda-operator created
clusterrole.rbac.authorization.k8s.io/keda-external-metrics-reader created
clusterrole.rbac.authorization.k8s.io/keda-operator created
rolebinding.rbac.authorization.k8s.io/keda-auth-reader created
clusterrolebinding.rbac.authorization.k8s.io/keda-hpa-controller-external-metrics created
clusterrolebinding.rbac.authorization.k8s.io/keda-operator created
clusterrolebinding.rbac.authorization.k8s.io/keda:system:auth-delegator created
service/keda-metrics-apiserver created
deployment.apps/keda-metrics-apiserver created
deployment.apps/keda-operator created
apiservice.apiregistration.k8s.io/v1beta1.external.metrics.k8s.io created
helm upgrade jaeger-operator \
	jaegertracing/jaeger-operator \
	--set rbac.clusterRole=true \
	--namespace seldon \
	--wait --install
Release "jaeger-operator" does not exist. Installing it now.
âœ” Installation completemanifest_sorter.go:192: info: skipping unknown hook: "crd-install"
NAME: jaeger-operator
LAST DEPLOYED: Mon Jan 25 18:07:44 2021
NAMESPACE: seldon
STATUS: deployed
REVISION: 1
TEST SUITE: None
NOTES:
jaeger-operator is installed.


Check the jaeger-operator logs
  export POD=$(kubectl get pods -l app.kubernetes.io/instance=jaeger-operator -lapp.kubernetes.io/name=jaeger-operator --namespace seldon --output name)
  kubectl logs $POD --namespace=seldon
kubectl apply -f ../resources/jaeger.yaml --namespace seldon
jaeger.jaegertracing.io/jaeger created
mapping.getambassador.io/jaeger created
kubectl create namespace seldon-system || echo "namespace seldon-system exists"
namespace/seldon-system created
helm delete seldon --namespace seldon-system || echo "seldon-core not installed"
Error: uninstall: Release not loaded: seldon: release: not found
seldon-core not installed
helm upgrade seldon \
	../../helm-charts/seldon-core-operator \
	--namespace seldon-system \
	--set istio.enabled=true \
	--set keda.enabled=true \
	--set istio.gateway=istio-system/seldon-gateway \
	--set certManager.enabled=false \
	--wait --install
Release "seldon" does not exist. Installing it now.
NAME: seldon
LAST DEPLOYED: Mon Jan 25 18:08:04 2021
NAMESPACE: seldon-system
STATUS: deployed
REVISION: 1
TEST SUITE: None
kubectl config set-context $(kubectl config current-context) --namespace=seldon
Context "kind-kind" modified.
kubectl apply -f metrics.yaml
clusterrole.rbac.authorization.k8s.io/system:aggregated-metrics-reader created
clusterrolebinding.rbac.authorization.k8s.io/metrics-server:system:auth-delegator created
rolebinding.rbac.authorization.k8s.io/metrics-server-auth-reader created
apiservice.apiregistration.k8s.io/v1beta1.metrics.k8s.io created
serviceaccount/metrics-server created
deployment.apps/metrics-server created
service/metrics-server created
clusterrole.rbac.authorization.k8s.io/system:metrics-server created
clusterrolebinding.rbac.authorization.k8s.io/system:metrics-server created
make: Entering directory '/workspace/source/python'
pip install -e . -r requirements-dev.txt
Obtaining file:///workspace/source/python
Collecting black==20.8b1
  Downloading black-20.8b1.tar.gz (1.1 MB)
  Installing build dependencies: started
  Installing build dependencies: finished with status 'done'
  Getting requirements to build wheel: started
  Getting requirements to build wheel: finished with status 'done'
    Preparing wheel metadata: started
    Preparing wheel metadata: finished with status 'done'
Collecting flake8==3.8.1
  Downloading flake8-3.8.1-py2.py3-none-any.whl (72 kB)
Collecting mypy<0.791
  Downloading mypy-0.790-cp36-cp36m-manylinux1_x86_64.whl (21.0 MB)
Collecting Pillow==8.1.0
  Downloading Pillow-8.1.0-cp36-cp36m-manylinux1_x86_64.whl (2.2 MB)
Collecting pytest==6.2.1
  Downloading pytest-6.2.1-py3-none-any.whl (279 kB)
Collecting pytest-cov==2.10.1
  Downloading pytest_cov-2.10.1-py2.py3-none-any.whl (19 kB)
Collecting tox<4.0.0
  Downloading tox-3.21.2-py2.py3-none-any.whl (84 kB)
Collecting grpcio-tools==1.33.2
  Downloading grpcio_tools-1.33.2-cp36-cp36m-manylinux2014_x86_64.whl (2.5 MB)
Collecting mypy-protobuf==1.22
  Downloading mypy_protobuf-1.22-py3-none-any.whl (7.5 kB)
Collecting tenacity==6.3.1
  Downloading tenacity-6.3.1-py2.py3-none-any.whl (36 kB)
Collecting coverage==5.3.1
  Downloading coverage-5.3.1-cp36-cp36m-manylinux2010_x86_64.whl (241 kB)
Collecting pandas==1.1.0
  Downloading pandas-1.1.0-cp36-cp36m-manylinux1_x86_64.whl (10.5 MB)
Collecting pip-licenses==3.1.0
  Downloading pip_licenses-3.1.0-py3-none-any.whl (15 kB)
Collecting Flask<2.0.0
  Downloading Flask-1.1.2-py2.py3-none-any.whl (94 kB)
Requirement already satisfied: jsonschema<4.0.0 in /usr/local/lib/python3.6/site-packages (from seldon-core==1.6.0.dev0) (3.2.0)
Collecting Flask-cors<4.0.0
  Downloading Flask_Cors-3.0.10-py2.py3-none-any.whl (14 kB)
Collecting redis<4.0.0
  Downloading redis-3.5.3-py2.py3-none-any.whl (72 kB)
Requirement already satisfied: requests<3.0.0 in /usr/local/lib/python3.6/site-packages (from seldon-core==1.6.0.dev0) (2.24.0)
Requirement already satisfied: numpy<2.0.0 in /usr/local/lib/python3.6/site-packages (from seldon-core==1.6.0.dev0) (1.19.2)
Collecting flatbuffers<2.0.0
  Downloading flatbuffers-1.12-py2.py3-none-any.whl (15 kB)
Requirement already satisfied: protobuf<4.0.0 in /usr/local/lib/python3.6/site-packages (from seldon-core==1.6.0.dev0) (3.13.0)
Requirement already satisfied: grpcio<2.0.0 in /usr/local/lib/python3.6/site-packages (from seldon-core==1.6.0.dev0) (1.32.0)
Collecting Flask-OpenTracing<1.2.0,>=1.1.0
  Downloading Flask-OpenTracing-1.1.0.tar.gz (8.2 kB)
Collecting opentracing<2.5.0,>=2.2.0
  Downloading opentracing-2.4.0.tar.gz (46 kB)
Collecting jaeger-client<4.5.0,>=4.1.0
  Downloading jaeger-client-4.4.0.tar.gz (83 kB)
Collecting grpcio-opentracing<1.2.0,>=1.1.4
  Downloading grpcio_opentracing-1.1.4-py3-none-any.whl (14 kB)
Collecting grpcio-reflection<1.35.0
  Downloading grpcio-reflection-1.34.1.tar.gz (11 kB)
Requirement already satisfied: PyYAML<5.4 in /usr/local/lib/python3.6/site-packages (from seldon-core==1.6.0.dev0) (5.3.1)
Collecting gunicorn<20.1.0,>=19.9.0
  Downloading gunicorn-20.0.4-py2.py3-none-any.whl (77 kB)
Requirement already satisfied: setuptools>=41.0.0 in /usr/local/lib/python3.6/site-packages (from seldon-core==1.6.0.dev0) (50.3.0)
Requirement already satisfied: prometheus_client<0.9.0,>=0.7.1 in /usr/local/lib/python3.6/site-packages (from seldon-core==1.6.0.dev0) (0.8.0)
Requirement already satisfied: typing-extensions>=3.7.4 in /usr/local/lib/python3.6/site-packages (from black==20.8b1->-r requirements-dev.txt (line 2)) (3.7.4.3)
Collecting dataclasses>=0.6; python_version < "3.7"
  Downloading dataclasses-0.8-py3-none-any.whl (19 kB)
Collecting click>=7.1.2
  Downloading click-7.1.2-py2.py3-none-any.whl (82 kB)
Collecting mypy-extensions>=0.4.3
  Downloading mypy_extensions-0.4.3-py2.py3-none-any.whl (4.5 kB)
Collecting toml>=0.10.1
  Downloading toml-0.10.2-py2.py3-none-any.whl (16 kB)
Collecting pathspec<1,>=0.6
  Downloading pathspec-0.8.1-py2.py3-none-any.whl (28 kB)
Collecting typed-ast>=1.4.0
  Downloading typed_ast-1.4.2-cp36-cp36m-manylinux1_x86_64.whl (743 kB)
Collecting appdirs
  Downloading appdirs-1.4.4-py2.py3-none-any.whl (9.6 kB)
Collecting regex>=2020.1.8
  Downloading regex-2020.11.13-cp36-cp36m-manylinux2014_x86_64.whl (723 kB)
Collecting mccabe<0.7.0,>=0.6.0
  Downloading mccabe-0.6.1-py2.py3-none-any.whl (8.6 kB)
Requirement already satisfied: importlib-metadata; python_version < "3.8" in /usr/local/lib/python3.6/site-packages (from flake8==3.8.1->-r requirements-dev.txt (line 3)) (2.0.0)
Collecting pyflakes<2.3.0,>=2.2.0
  Downloading pyflakes-2.2.0-py2.py3-none-any.whl (66 kB)
Collecting pycodestyle<2.7.0,>=2.6.0a1
  Downloading pycodestyle-2.6.0-py2.py3-none-any.whl (41 kB)
Requirement already satisfied: packaging in /usr/local/lib/python3.6/site-packages (from pytest==6.2.1->-r requirements-dev.txt (line 6)) (20.4)
Requirement already satisfied: pluggy<1.0.0a1,>=0.12 in /usr/local/lib/python3.6/site-packages (from pytest==6.2.1->-r requirements-dev.txt (line 6)) (0.13.1)
Collecting iniconfig
  Downloading iniconfig-1.1.1-py2.py3-none-any.whl (5.0 kB)
Requirement already satisfied: py>=1.8.2 in /usr/local/lib/python3.6/site-packages (from pytest==6.2.1->-r requirements-dev.txt (line 6)) (1.9.0)
Requirement already satisfied: attrs>=19.2.0 in /usr/local/lib/python3.6/site-packages (from pytest==6.2.1->-r requirements-dev.txt (line 6)) (20.2.0)
Requirement already satisfied: six>=1.14.0 in /usr/local/lib/python3.6/site-packages (from tox<4.0.0->-r requirements-dev.txt (line 8)) (1.15.0)
Collecting filelock>=3.0.0
  Downloading filelock-3.0.12-py3-none-any.whl (7.6 kB)
Collecting virtualenv!=20.0.0,!=20.0.1,!=20.0.2,!=20.0.3,!=20.0.4,!=20.0.5,!=20.0.6,!=20.0.7,>=16.0.0
  Downloading virtualenv-20.4.0-py2.py3-none-any.whl (5.7 MB)
Requirement already satisfied: pytz>=2017.2 in /usr/local/lib/python3.6/site-packages (from pandas==1.1.0->-r requirements-dev.txt (line 19)) (2020.1)
Requirement already satisfied: python-dateutil>=2.7.3 in /usr/local/lib/python3.6/site-packages (from pandas==1.1.0->-r requirements-dev.txt (line 19)) (2.8.1)
Collecting PTable
  Downloading PTable-0.9.2.tar.gz (31 kB)
Collecting itsdangerous>=0.24
  Downloading itsdangerous-1.1.0-py2.py3-none-any.whl (16 kB)
Requirement already satisfied: Werkzeug>=0.15 in /usr/local/lib/python3.6/site-packages (from Flask<2.0.0->seldon-core==1.6.0.dev0) (1.0.1)
Requirement already satisfied: Jinja2>=2.10.1 in /usr/local/lib/python3.6/site-packages (from Flask<2.0.0->seldon-core==1.6.0.dev0) (2.11.2)
Requirement already satisfied: pyrsistent>=0.14.0 in /usr/local/lib/python3.6/site-packages (from jsonschema<4.0.0->seldon-core==1.6.0.dev0) (0.17.3)
Requirement already satisfied: urllib3!=1.25.0,!=1.25.1,<1.26,>=1.21.1 in /usr/local/lib/python3.6/site-packages (from requests<3.0.0->seldon-core==1.6.0.dev0) (1.25.10)
Requirement already satisfied: certifi>=2017.4.17 in /usr/local/lib/python3.6/site-packages (from requests<3.0.0->seldon-core==1.6.0.dev0) (2020.6.20)
Requirement already satisfied: chardet<4,>=3.0.2 in /usr/local/lib/python3.6/site-packages (from requests<3.0.0->seldon-core==1.6.0.dev0) (3.0.4)
Requirement already satisfied: idna<3,>=2.5 in /usr/local/lib/python3.6/site-packages (from requests<3.0.0->seldon-core==1.6.0.dev0) (2.10)
Collecting threadloop<2,>=1
  Downloading threadloop-1.0.2.tar.gz (4.9 kB)
Collecting thrift
  Downloading thrift-0.13.0.tar.gz (59 kB)
Requirement already satisfied: tornado>=4.3 in /usr/local/lib/python3.6/site-packages (from jaeger-client<4.5.0,>=4.1.0->seldon-core==1.6.0.dev0) (6.0.4)
Requirement already satisfied: zipp>=0.5 in /usr/local/lib/python3.6/site-packages (from importlib-metadata; python_version < "3.8"->flake8==3.8.1->-r requirements-dev.txt (line 3)) (3.3.0)
Requirement already satisfied: pyparsing>=2.0.2 in /usr/local/lib/python3.6/site-packages (from packaging->pytest==6.2.1->-r requirements-dev.txt (line 6)) (2.4.7)
Collecting importlib-resources>=1.0; python_version < "3.7"
  Downloading importlib_resources-5.1.0-py3-none-any.whl (24 kB)
Collecting distlib<1,>=0.3.1
  Downloading distlib-0.3.1-py2.py3-none-any.whl (335 kB)
Requirement already satisfied: MarkupSafe>=0.23 in /usr/local/lib/python3.6/site-packages (from Jinja2>=2.10.1->Flask<2.0.0->seldon-core==1.6.0.dev0) (1.1.1)
Building wheels for collected packages: black, Flask-OpenTracing, opentracing, jaeger-client, grpcio-reflection, PTable, threadloop, thrift
  Building wheel for black (PEP 517): started
  Building wheel for black (PEP 517): finished with status 'done'
  Created wheel for black: filename=black-20.8b1-py3-none-any.whl size=124184 sha256=512f7f15bdb798ca0c2fb6b91b580d8412c99d9239945aa6fcca28982e662f05
  Stored in directory: /builder/home/.cache/pip/wheels/dd/c8/94/e774504958e4667180d81202d1d45cdc35d6222ae39229871b
  Building wheel for Flask-OpenTracing (setup.py): started
  Building wheel for Flask-OpenTracing (setup.py): finished with status 'done'
  Created wheel for Flask-OpenTracing: filename=Flask_OpenTracing-1.1.0-py3-none-any.whl size=9071 sha256=6627456d00a0926f83d3984656d3553feb576388ac72bf498404c334c1e4d217
  Stored in directory: /builder/home/.cache/pip/wheels/ad/4b/2d/24ff0da0a0b53c7c77ce59b843bcceaf644c88703241e59615
  Building wheel for opentracing (setup.py): started
  Building wheel for opentracing (setup.py): finished with status 'done'
  Created wheel for opentracing: filename=opentracing-2.4.0-py3-none-any.whl size=51400 sha256=56a0d1dc840fcad28473c37778e0798c7c9bea629c762c44bb9ab29c6e0bcd00
  Stored in directory: /builder/home/.cache/pip/wheels/83/73/4c/0e331f57d4702becb1fca9d9148277aca96d127bd838faf85e
  Building wheel for jaeger-client (setup.py): started
  Building wheel for jaeger-client (setup.py): finished with status 'done'
  Created wheel for jaeger-client: filename=jaeger_client-4.4.0-py3-none-any.whl size=64325 sha256=19560218be8f9d6fc3b2bd845fa62eada6035b6958bdb38a6149d9aab58adf51
  Stored in directory: /builder/home/.cache/pip/wheels/6e/ea/ec/560f1cffece42c70b9c68b1dc3519c769883650396adcb90b7
  Building wheel for grpcio-reflection (setup.py): started
  Building wheel for grpcio-reflection (setup.py): finished with status 'done'
  Created wheel for grpcio-reflection: filename=grpcio_reflection-1.34.1-py3-none-any.whl size=14415 sha256=3a041e47128dfa8081a1f153417ce0d1a2b292d6baa1de297534babae76e5df6
  Stored in directory: /builder/home/.cache/pip/wheels/9b/84/80/81f4dc4afff82cce892567df37472395abf1a1bb675caec1ec
  Building wheel for PTable (setup.py): started
  Building wheel for PTable (setup.py): finished with status 'done'
  Created wheel for PTable: filename=PTable-0.9.2-py3-none-any.whl size=22907 sha256=a5d324b6f5f52d9b9e41e6d7d933454b104de1c281c35be9a9ef53b9d99bb1a0
  Stored in directory: /builder/home/.cache/pip/wheels/f3/65/67/71f473ec87ea4554d1bdfb1b5128cfe1414c2b113b72a1ee8e
  Building wheel for threadloop (setup.py): started
  Building wheel for threadloop (setup.py): finished with status 'done'
  Created wheel for threadloop: filename=threadloop-1.0.2-py3-none-any.whl size=3425 sha256=483d5fbbaeeaad4024460ca7fbe258731811c669988095822aa8235819f4142f
  Stored in directory: /builder/home/.cache/pip/wheels/02/54/65/9f87de48fe8fcaaee30f279973d946ad55f9df56b93b3e78da
  Building wheel for thrift (setup.py): started
  Building wheel for thrift (setup.py): finished with status 'done'
  Created wheel for thrift: filename=thrift-0.13.0-cp36-cp36m-linux_x86_64.whl size=483914 sha256=0ebb51ed6468b33863a7e56f25c917a81b148768297def146c4d07fd5b45e6af
  Stored in directory: /builder/home/.cache/pip/wheels/e0/38/fc/472fe18756b177b42096961f8bd3ff2dc5c5620ac399fce52d
Successfully built black Flask-OpenTracing opentracing jaeger-client grpcio-reflection PTable threadloop thrift
Installing collected packages: dataclasses, click, mypy-extensions, toml, pathspec, typed-ast, appdirs, regex, black, mccabe, pyflakes, pycodestyle, flake8, mypy, Pillow, iniconfig, pytest, coverage, pytest-cov, filelock, importlib-resources, distlib, virtualenv, tox, grpcio-tools, mypy-protobuf, tenacity, pandas, PTable, pip-licenses, itsdangerous, Flask, Flask-cors, redis, flatbuffers, opentracing, Flask-OpenTracing, threadloop, thrift, jaeger-client, grpcio-opentracing, grpcio-reflection, gunicorn, seldon-core
  Attempting uninstall: Pillow
    Found existing installation: Pillow 7.2.0
    Uninstalling Pillow-7.2.0:
      Successfully uninstalled Pillow-7.2.0
  Attempting uninstall: pytest
    Found existing installation: pytest 5.3.1
    Uninstalling pytest-5.3.1:
      Successfully uninstalled pytest-5.3.1
  Attempting uninstall: coverage
    Found existing installation: coverage 4.5.4
    Uninstalling coverage-4.5.4:
      Successfully uninstalled coverage-4.5.4
  Attempting uninstall: pytest-cov
    Found existing installation: pytest-cov 2.8.1
    Uninstalling pytest-cov-2.8.1:
      Successfully uninstalled pytest-cov-2.8.1
  Attempting uninstall: grpcio-tools
    Found existing installation: grpcio-tools 1.32.0
    Uninstalling grpcio-tools-1.32.0:
      Successfully uninstalled grpcio-tools-1.32.0
  Attempting uninstall: tenacity
    Found existing installation: tenacity 6.0.0
    Uninstalling tenacity-6.0.0:
      Successfully uninstalled tenacity-6.0.0
  Attempting uninstall: pandas
    Found existing installation: pandas 1.1.3
    Uninstalling pandas-1.1.3:
      Successfully uninstalled pandas-1.1.3
  Running setup.py develop for seldon-core
ERROR: After October 2020 you may experience errors when installing or updating packages. This is because pip will change the way that it resolves dependency conflicts.

We recommend you use --use-feature=2020-resolver to test your packages with the new resolver before it becomes the default.

grpcio-tools 1.33.2 requires grpcio>=1.33.2, but you'll have grpcio 1.32.0 which is incompatible.
alibi 0.5.2 requires tensorflow>=2.0, but you'll have tensorflow 1.15.4 which is incompatible.
grpcio-reflection 1.34.1 requires grpcio>=1.34.1, but you'll have grpcio 1.32.0 which is incompatible.
Successfully installed Flask-1.1.2 Flask-OpenTracing-1.1.0 Flask-cors-3.0.10 PTable-0.9.2 Pillow-8.1.0 appdirs-1.4.4 black-20.8b1 click-7.1.2 coverage-5.3.1 dataclasses-0.8 distlib-0.3.1 filelock-3.0.12 flake8-3.8.1 flatbuffers-1.12 grpcio-opentracing-1.1.4 grpcio-reflection-1.34.1 grpcio-tools-1.33.2 gunicorn-20.0.4 importlib-resources-5.1.0 iniconfig-1.1.1 itsdangerous-1.1.0 jaeger-client-4.4.0 mccabe-0.6.1 mypy-0.790 mypy-extensions-0.4.3 mypy-protobuf-1.22 opentracing-2.4.0 pandas-1.1.0 pathspec-0.8.1 pip-licenses-3.1.0 pycodestyle-2.6.0 pyflakes-2.2.0 pytest-6.2.1 pytest-cov-2.10.1 redis-3.5.3 regex-2020.11.13 seldon-core tenacity-6.3.1 threadloop-1.0.2 thrift-0.13.0 toml-0.10.2 tox-3.21.2 typed-ast-1.4.2 virtualenv-20.4.0
WARNING: You are using pip version 20.2.3; however, version 21.0 is available.
You should consider upgrading via the '/usr/local/bin/python -m pip install --upgrade pip' command.
make: Leaving directory '/workspace/source/python'
cp ../../proto/prediction.proto ./proto
cd ../../proto/tensorflow && make create_protos
make[1]: Entering directory '/workspace/source/proto/tensorflow'
./create-protos.sh
Downloading proto files for master
make[1]: Leaving directory '/workspace/source/proto/tensorflow'
cp -vr ../../proto/tensorflow/tensorflow .
'../../proto/tensorflow/tensorflow' -> './tensorflow'
'../../proto/tensorflow/tensorflow/core' -> './tensorflow/core'
'../../proto/tensorflow/tensorflow/core/framework' -> './tensorflow/core/framework'
'../../proto/tensorflow/tensorflow/core/framework/types.proto' -> './tensorflow/core/framework/types.proto'
'../../proto/tensorflow/tensorflow/core/framework/resource_handle.proto' -> './tensorflow/core/framework/resource_handle.proto'
'../../proto/tensorflow/tensorflow/core/framework/tensor_shape.proto' -> './tensorflow/core/framework/tensor_shape.proto'
'../../proto/tensorflow/tensorflow/core/framework/tensor.proto' -> './tensorflow/core/framework/tensor.proto'
python -m grpc.tools.protoc -I. --python_out=. --grpc_python_out=. ./proto/prediction.proto
cd ../../notebooks && make build_protos
make[1]: Entering directory '/workspace/source/notebooks'
cd ../proto/tensorflow && make create_protos
make[2]: Entering directory '/workspace/source/proto/tensorflow'
make[2]: Nothing to be done for 'create_protos'.
make[2]: Leaving directory '/workspace/source/proto/tensorflow'
cp -vr ../proto/tensorflow/tensorflow .
'../proto/tensorflow/tensorflow' -> './tensorflow'
'../proto/tensorflow/tensorflow/core' -> './tensorflow/core'
'../proto/tensorflow/tensorflow/core/framework' -> './tensorflow/core/framework'
'../proto/tensorflow/tensorflow/core/framework/types.proto' -> './tensorflow/core/framework/types.proto'
'../proto/tensorflow/tensorflow/core/framework/resource_handle.proto' -> './tensorflow/core/framework/resource_handle.proto'
'../proto/tensorflow/tensorflow/core/framework/tensor_shape.proto' -> './tensorflow/core/framework/tensor_shape.proto'
'../proto/tensorflow/tensorflow/core/framework/tensor.proto' -> './tensorflow/core/framework/tensor.proto'
cp ../proto/prediction.proto ./proto
python -m grpc.tools.protoc -I. --python_out=. --grpc_python_out=. ./proto/prediction.proto
make[1]: Leaving directory '/workspace/source/notebooks'
cd ../../proto/k8s && make create_protos
make[1]: Entering directory '/workspace/source/proto/k8s'
./create-k8s-protos.sh
Downloading proto files for master
Munging proto file packages
sed -i.bak 's|import "k8s.io/apiextensions-apiserver/|//import "k8s.io/apiextensions-apiserver/|' k8s.io/api/core/v1/generated.proto
rm k8s.io/api/core/v1/generated.proto.bak
make[1]: Leaving directory '/workspace/source/proto/k8s'
pip install -r dev_requirements.txt
Collecting pytest==5.3.1
  Downloading pytest-5.3.1-py3-none-any.whl (233 kB)
Requirement already satisfied: pytest-xdist==1.30.0 in /usr/local/lib/python3.6/site-packages (from -r dev_requirements.txt (line 2)) (1.30.0)
Collecting pytest-cov==2.8.1
  Downloading pytest_cov-2.8.1-py2.py3-none-any.whl (18 kB)
Requirement already satisfied: flaky==3.6.1 in /usr/local/lib/python3.6/site-packages (from -r dev_requirements.txt (line 4)) (3.6.1)
Collecting tenacity==6.0.0
  Downloading tenacity-6.0.0-py2.py3-none-any.whl (24 kB)
Requirement already satisfied: sh==1.13.1 in /usr/local/lib/python3.6/site-packages (from -r dev_requirements.txt (line 6)) (1.13.1)
Requirement already satisfied: ipython==7.13.0 in /usr/local/lib/python3.6/site-packages (from -r dev_requirements.txt (line 9)) (7.13.0)
Requirement already satisfied: nbconvert==5.6.1 in /usr/local/lib/python3.6/site-packages (from -r dev_requirements.txt (line 10)) (5.6.1)
Requirement already satisfied: alibi==0.5.2 in /usr/local/lib/python3.6/site-packages (from -r dev_requirements.txt (line 11)) (0.5.2)
Requirement already satisfied: shap==0.35.0 in /usr/local/lib/python3.6/site-packages (from -r dev_requirements.txt (line 12)) (0.35.0)
Requirement already satisfied: matplotlib==3.1.3 in /usr/local/lib/python3.6/site-packages (from -r dev_requirements.txt (line 13)) (3.1.3)
Collecting tensorflow==2.4.0
  Downloading tensorflow-2.4.0-cp36-cp36m-manylinux2010_x86_64.whl (394.7 MB)
Collecting coverage==4.5.4
  Downloading coverage-4.5.4-cp36-cp36m-manylinux1_x86_64.whl (205 kB)
Requirement already satisfied: attrs>=17.4.0 in /usr/local/lib/python3.6/site-packages (from pytest==5.3.1->-r dev_requirements.txt (line 1)) (20.2.0)
Requirement already satisfied: pluggy<1.0,>=0.12 in /usr/local/lib/python3.6/site-packages (from pytest==5.3.1->-r dev_requirements.txt (line 1)) (0.13.1)
Requirement already satisfied: more-itertools>=4.0.0 in /usr/local/lib/python3.6/site-packages (from pytest==5.3.1->-r dev_requirements.txt (line 1)) (8.5.0)
Requirement already satisfied: py>=1.5.0 in /usr/local/lib/python3.6/site-packages (from pytest==5.3.1->-r dev_requirements.txt (line 1)) (1.9.0)
Requirement already satisfied: importlib-metadata>=0.12; python_version < "3.8" in /usr/local/lib/python3.6/site-packages (from pytest==5.3.1->-r dev_requirements.txt (line 1)) (2.0.0)
Requirement already satisfied: packaging in /usr/local/lib/python3.6/site-packages (from pytest==5.3.1->-r dev_requirements.txt (line 1)) (20.4)
Requirement already satisfied: wcwidth in /usr/local/lib/python3.6/site-packages (from pytest==5.3.1->-r dev_requirements.txt (line 1)) (0.2.5)
Requirement already satisfied: execnet>=1.1 in /usr/local/lib/python3.6/site-packages (from pytest-xdist==1.30.0->-r dev_requirements.txt (line 2)) (1.7.1)
Requirement already satisfied: pytest-forked in /usr/local/lib/python3.6/site-packages (from pytest-xdist==1.30.0->-r dev_requirements.txt (line 2)) (1.3.0)
Requirement already satisfied: six in /usr/local/lib/python3.6/site-packages (from pytest-xdist==1.30.0->-r dev_requirements.txt (line 2)) (1.15.0)
Requirement already satisfied: pygments in /usr/local/lib/python3.6/site-packages (from ipython==7.13.0->-r dev_requirements.txt (line 9)) (2.7.1)
Requirement already satisfied: decorator in /usr/local/lib/python3.6/site-packages (from ipython==7.13.0->-r dev_requirements.txt (line 9)) (4.4.2)
Requirement already satisfied: setuptools>=18.5 in /usr/local/lib/python3.6/site-packages (from ipython==7.13.0->-r dev_requirements.txt (line 9)) (50.3.0)
Requirement already satisfied: backcall in /usr/local/lib/python3.6/site-packages (from ipython==7.13.0->-r dev_requirements.txt (line 9)) (0.2.0)
Requirement already satisfied: jedi>=0.10 in /usr/local/lib/python3.6/site-packages (from ipython==7.13.0->-r dev_requirements.txt (line 9)) (0.17.2)
Requirement already satisfied: traitlets>=4.2 in /usr/local/lib/python3.6/site-packages (from ipython==7.13.0->-r dev_requirements.txt (line 9)) (4.3.3)
Requirement already satisfied: prompt-toolkit!=3.0.0,!=3.0.1,<3.1.0,>=2.0.0 in /usr/local/lib/python3.6/site-packages (from ipython==7.13.0->-r dev_requirements.txt (line 9)) (3.0.7)
Requirement already satisfied: pexpect; sys_platform != "win32" in /usr/local/lib/python3.6/site-packages (from ipython==7.13.0->-r dev_requirements.txt (line 9)) (4.8.0)
Requirement already satisfied: pickleshare in /usr/local/lib/python3.6/site-packages (from ipython==7.13.0->-r dev_requirements.txt (line 9)) (0.7.5)
Requirement already satisfied: jupyter-core in /usr/local/lib/python3.6/site-packages (from nbconvert==5.6.1->-r dev_requirements.txt (line 10)) (4.6.3)
Requirement already satisfied: nbformat>=4.4 in /usr/local/lib/python3.6/site-packages (from nbconvert==5.6.1->-r dev_requirements.txt (line 10)) (5.0.7)
Requirement already satisfied: defusedxml in /usr/local/lib/python3.6/site-packages (from nbconvert==5.6.1->-r dev_requirements.txt (line 10)) (0.6.0)
Requirement already satisfied: mistune<2,>=0.8.1 in /usr/local/lib/python3.6/site-packages (from nbconvert==5.6.1->-r dev_requirements.txt (line 10)) (0.8.4)
Requirement already satisfied: pandocfilters>=1.4.1 in /usr/local/lib/python3.6/site-packages (from nbconvert==5.6.1->-r dev_requirements.txt (line 10)) (1.4.2)
Requirement already satisfied: entrypoints>=0.2.2 in /usr/local/lib/python3.6/site-packages (from nbconvert==5.6.1->-r dev_requirements.txt (line 10)) (0.3)
Requirement already satisfied: bleach in /usr/local/lib/python3.6/site-packages (from nbconvert==5.6.1->-r dev_requirements.txt (line 10)) (3.2.1)
Requirement already satisfied: jinja2>=2.4 in /usr/local/lib/python3.6/site-packages (from nbconvert==5.6.1->-r dev_requirements.txt (line 10)) (2.11.2)
Requirement already satisfied: testpath in /usr/local/lib/python3.6/site-packages (from nbconvert==5.6.1->-r dev_requirements.txt (line 10)) (0.4.4)
Requirement already satisfied: Pillow in /usr/local/lib/python3.6/site-packages (from alibi==0.5.2->-r dev_requirements.txt (line 11)) (8.1.0)
Requirement already satisfied: spacy[lookups] in /usr/local/lib/python3.6/site-packages (from alibi==0.5.2->-r dev_requirements.txt (line 11)) (2.3.2)
Requirement already satisfied: requests in /usr/local/lib/python3.6/site-packages (from alibi==0.5.2->-r dev_requirements.txt (line 11)) (2.24.0)
Requirement already satisfied: numpy in /usr/local/lib/python3.6/site-packages (from alibi==0.5.2->-r dev_requirements.txt (line 11)) (1.19.2)
Requirement already satisfied: scikit-learn in /usr/local/lib/python3.6/site-packages (from alibi==0.5.2->-r dev_requirements.txt (line 11)) (0.23.2)
Requirement already satisfied: scipy in /usr/local/lib/python3.6/site-packages (from alibi==0.5.2->-r dev_requirements.txt (line 11)) (1.5.2)
Requirement already satisfied: typing-extensions>=3.7.2 in /usr/local/lib/python3.6/site-packages (from alibi==0.5.2->-r dev_requirements.txt (line 11)) (3.7.4.3)
Requirement already satisfied: pandas in /usr/local/lib/python3.6/site-packages (from alibi==0.5.2->-r dev_requirements.txt (line 11)) (1.1.0)
Requirement already satisfied: prettyprinter in /usr/local/lib/python3.6/site-packages (from alibi==0.5.2->-r dev_requirements.txt (line 11)) (0.18.0)
Requirement already satisfied: scikit-image!=0.17.1 in /usr/local/lib/python3.6/site-packages (from alibi==0.5.2->-r dev_requirements.txt (line 11)) (0.17.2)
Requirement already satisfied: beautifulsoup4 in /usr/local/lib/python3.6/site-packages (from alibi==0.5.2->-r dev_requirements.txt (line 11)) (4.9.3)
Requirement already satisfied: tqdm>4.25.0 in /usr/local/lib/python3.6/site-packages (from shap==0.35.0->-r dev_requirements.txt (line 12)) (4.50.2)
Requirement already satisfied: cycler>=0.10 in /usr/local/lib/python3.6/site-packages (from matplotlib==3.1.3->-r dev_requirements.txt (line 13)) (0.10.0)
Requirement already satisfied: pyparsing!=2.0.4,!=2.1.2,!=2.1.6,>=2.0.1 in /usr/local/lib/python3.6/site-packages (from matplotlib==3.1.3->-r dev_requirements.txt (line 13)) (2.4.7)
Requirement already satisfied: python-dateutil>=2.1 in /usr/local/lib/python3.6/site-packages (from matplotlib==3.1.3->-r dev_requirements.txt (line 13)) (2.8.1)
Requirement already satisfied: kiwisolver>=1.0.1 in /usr/local/lib/python3.6/site-packages (from matplotlib==3.1.3->-r dev_requirements.txt (line 13)) (1.2.0)
Requirement already satisfied: grpcio~=1.32.0 in /usr/local/lib/python3.6/site-packages (from tensorflow==2.4.0->-r dev_requirements.txt (line 14)) (1.32.0)
Requirement already satisfied: h5py~=2.10.0 in /usr/local/lib/python3.6/site-packages (from tensorflow==2.4.0->-r dev_requirements.txt (line 14)) (2.10.0)
Requirement already satisfied: wrapt~=1.12.1 in /usr/local/lib/python3.6/site-packages (from tensorflow==2.4.0->-r dev_requirements.txt (line 14)) (1.12.1)
Requirement already satisfied: google-pasta~=0.2 in /usr/local/lib/python3.6/site-packages (from tensorflow==2.4.0->-r dev_requirements.txt (line 14)) (0.2.0)
Requirement already satisfied: flatbuffers~=1.12.0 in /usr/local/lib/python3.6/site-packages (from tensorflow==2.4.0->-r dev_requirements.txt (line 14)) (1.12)
Requirement already satisfied: absl-py~=0.10 in /usr/local/lib/python3.6/site-packages (from tensorflow==2.4.0->-r dev_requirements.txt (line 14)) (0.10.0)
Collecting tensorflow-estimator<2.5.0,>=2.4.0rc0
  Downloading tensorflow_estimator-2.4.0-py2.py3-none-any.whl (462 kB)
Requirement already satisfied: wheel~=0.35 in /usr/local/lib/python3.6/site-packages (from tensorflow==2.4.0->-r dev_requirements.txt (line 14)) (0.35.1)
Collecting tensorboard~=2.4
  Downloading tensorboard-2.4.1-py3-none-any.whl (10.6 MB)
Requirement already satisfied: keras-preprocessing~=1.1.2 in /usr/local/lib/python3.6/site-packages (from tensorflow==2.4.0->-r dev_requirements.txt (line 14)) (1.1.2)
Collecting gast==0.3.3
  Downloading gast-0.3.3-py2.py3-none-any.whl (9.7 kB)
Requirement already satisfied: opt-einsum~=3.3.0 in /usr/local/lib/python3.6/site-packages (from tensorflow==2.4.0->-r dev_requirements.txt (line 14)) (3.3.0)
Requirement already satisfied: termcolor~=1.1.0 in /usr/local/lib/python3.6/site-packages (from tensorflow==2.4.0->-r dev_requirements.txt (line 14)) (1.1.0)
Requirement already satisfied: protobuf>=3.9.2 in /usr/local/lib/python3.6/site-packages (from tensorflow==2.4.0->-r dev_requirements.txt (line 14)) (3.13.0)
Collecting astunparse~=1.6.3
  Downloading astunparse-1.6.3-py2.py3-none-any.whl (12 kB)
Requirement already satisfied: zipp>=0.5 in /usr/local/lib/python3.6/site-packages (from importlib-metadata>=0.12; python_version < "3.8"->pytest==5.3.1->-r dev_requirements.txt (line 1)) (3.3.0)
Requirement already satisfied: apipkg>=1.4 in /usr/local/lib/python3.6/site-packages (from execnet>=1.1->pytest-xdist==1.30.0->-r dev_requirements.txt (line 2)) (1.5)
Requirement already satisfied: parso<0.8.0,>=0.7.0 in /usr/local/lib/python3.6/site-packages (from jedi>=0.10->ipython==7.13.0->-r dev_requirements.txt (line 9)) (0.7.1)
Requirement already satisfied: ipython-genutils in /usr/local/lib/python3.6/site-packages (from traitlets>=4.2->ipython==7.13.0->-r dev_requirements.txt (line 9)) (0.2.0)
Requirement already satisfied: ptyprocess>=0.5 in /usr/local/lib/python3.6/site-packages (from pexpect; sys_platform != "win32"->ipython==7.13.0->-r dev_requirements.txt (line 9)) (0.6.0)
Requirement already satisfied: jsonschema!=2.5.0,>=2.4 in /usr/local/lib/python3.6/site-packages (from nbformat>=4.4->nbconvert==5.6.1->-r dev_requirements.txt (line 10)) (3.2.0)
Requirement already satisfied: webencodings in /usr/local/lib/python3.6/site-packages (from bleach->nbconvert==5.6.1->-r dev_requirements.txt (line 10)) (0.5.1)
Requirement already satisfied: MarkupSafe>=0.23 in /usr/local/lib/python3.6/site-packages (from jinja2>=2.4->nbconvert==5.6.1->-r dev_requirements.txt (line 10)) (1.1.1)
Requirement already satisfied: wasabi<1.1.0,>=0.4.0 in /usr/local/lib/python3.6/site-packages (from spacy[lookups]->alibi==0.5.2->-r dev_requirements.txt (line 11)) (0.8.0)
Requirement already satisfied: srsly<1.1.0,>=1.0.2 in /usr/local/lib/python3.6/site-packages (from spacy[lookups]->alibi==0.5.2->-r dev_requirements.txt (line 11)) (1.0.2)
Requirement already satisfied: blis<0.5.0,>=0.4.0 in /usr/local/lib/python3.6/site-packages (from spacy[lookups]->alibi==0.5.2->-r dev_requirements.txt (line 11)) (0.4.1)
Requirement already satisfied: thinc==7.4.1 in /usr/local/lib/python3.6/site-packages (from spacy[lookups]->alibi==0.5.2->-r dev_requirements.txt (line 11)) (7.4.1)
Requirement already satisfied: catalogue<1.1.0,>=0.0.7 in /usr/local/lib/python3.6/site-packages (from spacy[lookups]->alibi==0.5.2->-r dev_requirements.txt (line 11)) (1.0.0)
Requirement already satisfied: cymem<2.1.0,>=2.0.2 in /usr/local/lib/python3.6/site-packages (from spacy[lookups]->alibi==0.5.2->-r dev_requirements.txt (line 11)) (2.0.3)
Requirement already satisfied: preshed<3.1.0,>=3.0.2 in /usr/local/lib/python3.6/site-packages (from spacy[lookups]->alibi==0.5.2->-r dev_requirements.txt (line 11)) (3.0.2)
Requirement already satisfied: plac<1.2.0,>=0.9.6 in /usr/local/lib/python3.6/site-packages (from spacy[lookups]->alibi==0.5.2->-r dev_requirements.txt (line 11)) (1.1.3)
Requirement already satisfied: murmurhash<1.1.0,>=0.28.0 in /usr/local/lib/python3.6/site-packages (from spacy[lookups]->alibi==0.5.2->-r dev_requirements.txt (line 11)) (1.0.2)
Requirement already satisfied: spacy-lookups-data<0.4.0,>=0.3.2; extra == "lookups" in /usr/local/lib/python3.6/site-packages (from spacy[lookups]->alibi==0.5.2->-r dev_requirements.txt (line 11)) (0.3.2)
Requirement already satisfied: idna<3,>=2.5 in /usr/local/lib/python3.6/site-packages (from requests->alibi==0.5.2->-r dev_requirements.txt (line 11)) (2.10)
Requirement already satisfied: certifi>=2017.4.17 in /usr/local/lib/python3.6/site-packages (from requests->alibi==0.5.2->-r dev_requirements.txt (line 11)) (2020.6.20)
Requirement already satisfied: urllib3!=1.25.0,!=1.25.1,<1.26,>=1.21.1 in /usr/local/lib/python3.6/site-packages (from requests->alibi==0.5.2->-r dev_requirements.txt (line 11)) (1.25.10)
Requirement already satisfied: chardet<4,>=3.0.2 in /usr/local/lib/python3.6/site-packages (from requests->alibi==0.5.2->-r dev_requirements.txt (line 11)) (3.0.4)
Requirement already satisfied: joblib>=0.11 in /usr/local/lib/python3.6/site-packages (from scikit-learn->alibi==0.5.2->-r dev_requirements.txt (line 11)) (0.17.0)
Requirement already satisfied: threadpoolctl>=2.0.0 in /usr/local/lib/python3.6/site-packages (from scikit-learn->alibi==0.5.2->-r dev_requirements.txt (line 11)) (2.1.0)
Requirement already satisfied: pytz>=2017.2 in /usr/local/lib/python3.6/site-packages (from pandas->alibi==0.5.2->-r dev_requirements.txt (line 11)) (2020.1)
Requirement already satisfied: colorful>=0.4.0 in /usr/local/lib/python3.6/site-packages (from prettyprinter->alibi==0.5.2->-r dev_requirements.txt (line 11)) (0.5.4)
Requirement already satisfied: tifffile>=2019.7.26 in /usr/local/lib/python3.6/site-packages (from scikit-image!=0.17.1->alibi==0.5.2->-r dev_requirements.txt (line 11)) (2020.9.3)
Requirement already satisfied: PyWavelets>=1.1.1 in /usr/local/lib/python3.6/site-packages (from scikit-image!=0.17.1->alibi==0.5.2->-r dev_requirements.txt (line 11)) (1.1.1)
Requirement already satisfied: networkx>=2.0 in /usr/local/lib/python3.6/site-packages (from scikit-image!=0.17.1->alibi==0.5.2->-r dev_requirements.txt (line 11)) (2.5)
Requirement already satisfied: imageio>=2.3.0 in /usr/local/lib/python3.6/site-packages (from scikit-image!=0.17.1->alibi==0.5.2->-r dev_requirements.txt (line 11)) (2.9.0)
Requirement already satisfied: soupsieve>1.2; python_version >= "3.0" in /usr/local/lib/python3.6/site-packages (from beautifulsoup4->alibi==0.5.2->-r dev_requirements.txt (line 11)) (2.0.1)
Collecting google-auth-oauthlib<0.5,>=0.4.1
  Downloading google_auth_oauthlib-0.4.2-py2.py3-none-any.whl (18 kB)
Collecting tensorboard-plugin-wit>=1.6.0
  Downloading tensorboard_plugin_wit-1.8.0-py3-none-any.whl (781 kB)
Requirement already satisfied: markdown>=2.6.8 in /usr/local/lib/python3.6/site-packages (from tensorboard~=2.4->tensorflow==2.4.0->-r dev_requirements.txt (line 14)) (3.3)
Requirement already satisfied: werkzeug>=0.11.15 in /usr/local/lib/python3.6/site-packages (from tensorboard~=2.4->tensorflow==2.4.0->-r dev_requirements.txt (line 14)) (1.0.1)
Collecting google-auth<2,>=1.6.3
  Downloading google_auth-1.24.0-py2.py3-none-any.whl (114 kB)
Requirement already satisfied: pyrsistent>=0.14.0 in /usr/local/lib/python3.6/site-packages (from jsonschema!=2.5.0,>=2.4->nbformat>=4.4->nbconvert==5.6.1->-r dev_requirements.txt (line 10)) (0.17.3)
Collecting requests-oauthlib>=0.7.0
  Downloading requests_oauthlib-1.3.0-py2.py3-none-any.whl (23 kB)
Collecting rsa<5,>=3.1.4; python_version >= "3.6"
  Downloading rsa-4.7-py3-none-any.whl (34 kB)
Collecting cachetools<5.0,>=2.0.0
  Downloading cachetools-4.2.1-py3-none-any.whl (12 kB)
Collecting pyasn1-modules>=0.2.1
  Downloading pyasn1_modules-0.2.8-py2.py3-none-any.whl (155 kB)
Collecting oauthlib>=3.0.0
  Downloading oauthlib-3.1.0-py2.py3-none-any.whl (147 kB)
Collecting pyasn1>=0.1.3
  Downloading pyasn1-0.4.8-py2.py3-none-any.whl (77 kB)
Installing collected packages: pytest, coverage, pytest-cov, tenacity, tensorflow-estimator, oauthlib, requests-oauthlib, pyasn1, rsa, cachetools, pyasn1-modules, google-auth, google-auth-oauthlib, tensorboard-plugin-wit, tensorboard, gast, astunparse, tensorflow
  Attempting uninstall: pytest
    Found existing installation: pytest 6.2.1
    Uninstalling pytest-6.2.1:
      Successfully uninstalled pytest-6.2.1
  Attempting uninstall: coverage
    Found existing installation: coverage 5.3.1
    Uninstalling coverage-5.3.1:
      Successfully uninstalled coverage-5.3.1
  Attempting uninstall: pytest-cov
    Found existing installation: pytest-cov 2.10.1
    Uninstalling pytest-cov-2.10.1:
      Successfully uninstalled pytest-cov-2.10.1
  Attempting uninstall: tenacity
    Found existing installation: tenacity 6.3.1
    Uninstalling tenacity-6.3.1:
      Successfully uninstalled tenacity-6.3.1
  Attempting uninstall: tensorflow-estimator
    Found existing installation: tensorflow-estimator 1.15.1
    Uninstalling tensorflow-estimator-1.15.1:
      Successfully uninstalled tensorflow-estimator-1.15.1
  Attempting uninstall: tensorboard
    Found existing installation: tensorboard 1.15.0
    Uninstalling tensorboard-1.15.0:
      Successfully uninstalled tensorboard-1.15.0
  Attempting uninstall: gast
    Found existing installation: gast 0.2.2
    Uninstalling gast-0.2.2:
      Successfully uninstalled gast-0.2.2
  Attempting uninstall: tensorflow
    Found existing installation: tensorflow 1.15.4
    Uninstalling tensorflow-1.15.4:
      Successfully uninstalled tensorflow-1.15.4
Successfully installed astunparse-1.6.3 cachetools-4.2.1 coverage-4.5.4 gast-0.3.3 google-auth-1.24.0 google-auth-oauthlib-0.4.2 oauthlib-3.1.0 pyasn1-0.4.8 pyasn1-modules-0.2.8 pytest-5.3.1 pytest-cov-2.8.1 requests-oauthlib-1.3.0 rsa-4.7 tenacity-6.0.0 tensorboard-2.4.1 tensorboard-plugin-wit-1.8.0 tensorflow-2.4.0 tensorflow-estimator-2.4.0
WARNING: You are using pip version 20.2.3; however, version 21.0 is available.
You should consider upgrading via the '/usr/local/bin/python -m pip install --upgrade pip' command.
pip install -e ../../python
Obtaining file:///workspace/source/python
Requirement already satisfied: Flask<2.0.0 in /usr/local/lib/python3.6/site-packages (from seldon-core==1.6.0.dev0) (1.1.2)
Requirement already satisfied: jsonschema<4.0.0 in /usr/local/lib/python3.6/site-packages (from seldon-core==1.6.0.dev0) (3.2.0)
Requirement already satisfied: Flask-cors<4.0.0 in /usr/local/lib/python3.6/site-packages (from seldon-core==1.6.0.dev0) (3.0.10)
Requirement already satisfied: redis<4.0.0 in /usr/local/lib/python3.6/site-packages (from seldon-core==1.6.0.dev0) (3.5.3)
Requirement already satisfied: requests<3.0.0 in /usr/local/lib/python3.6/site-packages (from seldon-core==1.6.0.dev0) (2.24.0)
Requirement already satisfied: numpy<2.0.0 in /usr/local/lib/python3.6/site-packages (from seldon-core==1.6.0.dev0) (1.19.2)
Requirement already satisfied: flatbuffers<2.0.0 in /usr/local/lib/python3.6/site-packages (from seldon-core==1.6.0.dev0) (1.12)
Requirement already satisfied: protobuf<4.0.0 in /usr/local/lib/python3.6/site-packages (from seldon-core==1.6.0.dev0) (3.13.0)
Requirement already satisfied: grpcio<2.0.0 in /usr/local/lib/python3.6/site-packages (from seldon-core==1.6.0.dev0) (1.32.0)
Requirement already satisfied: Flask-OpenTracing<1.2.0,>=1.1.0 in /usr/local/lib/python3.6/site-packages (from seldon-core==1.6.0.dev0) (1.1.0)
Requirement already satisfied: opentracing<2.5.0,>=2.2.0 in /usr/local/lib/python3.6/site-packages (from seldon-core==1.6.0.dev0) (2.4.0)
Requirement already satisfied: jaeger-client<4.5.0,>=4.1.0 in /usr/local/lib/python3.6/site-packages (from seldon-core==1.6.0.dev0) (4.4.0)
Requirement already satisfied: grpcio-opentracing<1.2.0,>=1.1.4 in /usr/local/lib/python3.6/site-packages (from seldon-core==1.6.0.dev0) (1.1.4)
Requirement already satisfied: grpcio-reflection<1.35.0 in /usr/local/lib/python3.6/site-packages (from seldon-core==1.6.0.dev0) (1.34.1)
Requirement already satisfied: PyYAML<5.4 in /usr/local/lib/python3.6/site-packages (from seldon-core==1.6.0.dev0) (5.3.1)
Requirement already satisfied: gunicorn<20.1.0,>=19.9.0 in /usr/local/lib/python3.6/site-packages (from seldon-core==1.6.0.dev0) (20.0.4)
Requirement already satisfied: setuptools>=41.0.0 in /usr/local/lib/python3.6/site-packages (from seldon-core==1.6.0.dev0) (50.3.0)
Requirement already satisfied: prometheus_client<0.9.0,>=0.7.1 in /usr/local/lib/python3.6/site-packages (from seldon-core==1.6.0.dev0) (0.8.0)
Requirement already satisfied: itsdangerous>=0.24 in /usr/local/lib/python3.6/site-packages (from Flask<2.0.0->seldon-core==1.6.0.dev0) (1.1.0)
Requirement already satisfied: Werkzeug>=0.15 in /usr/local/lib/python3.6/site-packages (from Flask<2.0.0->seldon-core==1.6.0.dev0) (1.0.1)
Requirement already satisfied: click>=5.1 in /usr/local/lib/python3.6/site-packages (from Flask<2.0.0->seldon-core==1.6.0.dev0) (7.1.2)
Requirement already satisfied: Jinja2>=2.10.1 in /usr/local/lib/python3.6/site-packages (from Flask<2.0.0->seldon-core==1.6.0.dev0) (2.11.2)
Requirement already satisfied: pyrsistent>=0.14.0 in /usr/local/lib/python3.6/site-packages (from jsonschema<4.0.0->seldon-core==1.6.0.dev0) (0.17.3)
Requirement already satisfied: importlib-metadata; python_version < "3.8" in /usr/local/lib/python3.6/site-packages (from jsonschema<4.0.0->seldon-core==1.6.0.dev0) (2.0.0)
Requirement already satisfied: attrs>=17.4.0 in /usr/local/lib/python3.6/site-packages (from jsonschema<4.0.0->seldon-core==1.6.0.dev0) (20.2.0)
Requirement already satisfied: six>=1.11.0 in /usr/local/lib/python3.6/site-packages (from jsonschema<4.0.0->seldon-core==1.6.0.dev0) (1.15.0)
Requirement already satisfied: certifi>=2017.4.17 in /usr/local/lib/python3.6/site-packages (from requests<3.0.0->seldon-core==1.6.0.dev0) (2020.6.20)
Requirement already satisfied: idna<3,>=2.5 in /usr/local/lib/python3.6/site-packages (from requests<3.0.0->seldon-core==1.6.0.dev0) (2.10)
Requirement already satisfied: chardet<4,>=3.0.2 in /usr/local/lib/python3.6/site-packages (from requests<3.0.0->seldon-core==1.6.0.dev0) (3.0.4)
Requirement already satisfied: urllib3!=1.25.0,!=1.25.1,<1.26,>=1.21.1 in /usr/local/lib/python3.6/site-packages (from requests<3.0.0->seldon-core==1.6.0.dev0) (1.25.10)
Requirement already satisfied: thrift in /usr/local/lib/python3.6/site-packages (from jaeger-client<4.5.0,>=4.1.0->seldon-core==1.6.0.dev0) (0.13.0)
Requirement already satisfied: tornado>=4.3 in /usr/local/lib/python3.6/site-packages (from jaeger-client<4.5.0,>=4.1.0->seldon-core==1.6.0.dev0) (6.0.4)
Requirement already satisfied: threadloop<2,>=1 in /usr/local/lib/python3.6/site-packages (from jaeger-client<4.5.0,>=4.1.0->seldon-core==1.6.0.dev0) (1.0.2)
Requirement already satisfied: MarkupSafe>=0.23 in /usr/local/lib/python3.6/site-packages (from Jinja2>=2.10.1->Flask<2.0.0->seldon-core==1.6.0.dev0) (1.1.1)
Requirement already satisfied: zipp>=0.5 in /usr/local/lib/python3.6/site-packages (from importlib-metadata; python_version < "3.8"->jsonschema<4.0.0->seldon-core==1.6.0.dev0) (3.3.0)
Installing collected packages: seldon-core
  Attempting uninstall: seldon-core
    Found existing installation: seldon-core 1.6.0.dev0
    Uninstalling seldon-core-1.6.0.dev0:
      Successfully uninstalled seldon-core-1.6.0.dev0
  Running setup.py develop for seldon-core
Successfully installed seldon-core
WARNING: You are using pip version 20.2.3; however, version 21.0 is available.
You should consider upgrading via the '/usr/local/bin/python -m pip install --upgrade pip' command.
pytest \
	--verbose \
	-s \
	-W ignore \
	-n "4" \
	-m "not sequential and not notebooks" 2>&1
2021-01-25 18:09:36.351251: W tensorflow/stream_executor/platform/default/dso_loader.cc:60] Could not load dynamic library 'libcudart.so.11.0'; dlerror: libcudart.so.11.0: cannot open shared object file: No such file or directory
2021-01-25 18:09:36.351309: I tensorflow/stream_executor/cuda/cudart_stub.cc:29] Ignore above cudart dlerror if you do not have a GPU set up on your machine.
============================= test session starts ==============================
platform linux -- Python 3.6.10, pytest-5.3.1, py-1.9.0, pluggy-0.13.1 -- /usr/local/bin/python
cachedir: .pytest_cache
rootdir: /workspace/source/testing/scripts, inifile: setup.cfg
plugins: cov-2.8.1, xdist-1.30.0, forked-1.3.0, flaky-3.6.1
gw0 I / gw1 I / gw2 I / gw3 I
[gw0] linux Python 3.6.10 cwd: /workspace/source/testing/scripts
[gw1] linux Python 3.6.10 cwd: /workspace/source/testing/scripts
[gw2] linux Python 3.6.10 cwd: /workspace/source/testing/scripts
[gw3] linux Python 3.6.10 cwd: /workspace/source/testing/scripts
2021-01-25 18:09:39.858195: W tensorflow/stream_executor/platform/default/dso_loader.cc:60] Could not load dynamic library 'libcudart.so.11.0'; dlerror: libcudart.so.11.0: cannot open shared object file: No such file or directory
2021-01-25 18:09:39.858249: I tensorflow/stream_executor/cuda/cudart_stub.cc:29] Ignore above cudart dlerror if you do not have a GPU set up on your machine.
2021-01-25 18:09:39.929543: W tensorflow/stream_executor/platform/default/dso_loader.cc:60] Could not load dynamic library 'libcudart.so.11.0'; dlerror: libcudart.so.11.0: cannot open shared object file: No such file or directory
2021-01-25 18:09:39.929596: I tensorflow/stream_executor/cuda/cudart_stub.cc:29] Ignore above cudart dlerror if you do not have a GPU set up on your machine.
2021-01-25 18:09:39.929885: W tensorflow/stream_executor/platform/default/dso_loader.cc:60] Could not load dynamic library 'libcudart.so.11.0'; dlerror: libcudart.so.11.0: cannot open shared object file: No such file or directory
2021-01-25 18:09:39.929930: I tensorflow/stream_executor/cuda/cudart_stub.cc:29] Ignore above cudart dlerror if you do not have a GPU set up on your machine.
2021-01-25 18:09:40.054997: W tensorflow/stream_executor/platform/default/dso_loader.cc:60] Could not load dynamic library 'libcudart.so.11.0'; dlerror: libcudart.so.11.0: cannot open shared object file: No such file or directory
2021-01-25 18:09:40.055054: I tensorflow/stream_executor/cuda/cudart_stub.cc:29] Ignore above cudart dlerror if you do not have a GPU set up on your machine.
[gw2] Python 3.6.10 (default, Oct  9 2020, 10:16:39)  -- [GCC 8.3.0]
[gw1] Python 3.6.10 (default, Oct  9 2020, 10:16:39)  -- [GCC 8.3.0]
[gw3] Python 3.6.10 (default, Oct  9 2020, 10:16:39)  -- [GCC 8.3.0]
[gw0] Python 3.6.10 (default, Oct  9 2020, 10:16:39)  -- [GCC 8.3.0]
gw0 [35] / gw1 [35] / gw2 [35] / gw3 [35]

scheduling tests via LoadScheduling

test_api_version.py::test_api_version[machinelearning.seldon.io/v1alpha2] 
test_api_version.py::test_api_version[machinelearning.seldon.io/v1] 
test_bad_graphs.py::TestBadGraphs::test_duplicate_predictor_name 
test_api_version.py::test_api_version[machinelearning.seldon.io/v1alpha3] Error from server (SeldonDeployment.machinelearing.seldon.io "dupname" is invalid: [spec.predictors[1]: Invalid value: "mymodel": Duplicate predictor name, spec: Invalid value: "mymodel": Traffic must sum to 100 for multiple predictors]): error when creating "../resources/bad_duplicate_predictor_name.json": admission webhook "v1alpha2.vseldondeployment.kb.io" denied the request: SeldonDeployment.machinelearing.seldon.io "dupname" is invalid: [spec.predictors[1]: Invalid value: "mymodel": Duplicate predictor name, spec: Invalid value: "mymodel": Traffic must sum to 100 for multiple predictors]

[gw0] PASSED test_bad_graphs.py::TestBadGraphs::test_duplicate_predictor_name 
test_helm_charts_clusterwide.py::TestClusterWide::test_single_model Error: uninstall: Release not loaded: mymodel: release: not found

[gw2] PASSED test_api_version.py::test_api_version[machinelearning.seldon.io/v1alpha2] Error: uninstall: Release not loaded: mymodel: release: not found

[gw0] PASSED test_helm_charts_clusterwide.py::TestClusterWide::test_single_model Error: uninstall: Release not loaded: mymodel: release: not found

[gw3] PASSED test_api_version.py::test_api_version[machinelearning.seldon.io/v1] Error: uninstall: Release not loaded: mymodel: release: not found

[gw1] PASSED test_api_version.py::test_api_version[machinelearning.seldon.io/v1alpha3] 
test_helm_charts_clusterwide.py::TestClusterWide::test_abtest_model 
test_bad_graphs.py::TestBadGraphs::test_model_name_mismatch Error from server (SeldonDeployment.machinelearing.seldon.io "namemismatch" is invalid: spec.predictors[0].graph: Invalid value: "complex-model_bad_name": Can't find container for Predictive Unit): error when creating "../resources/bad_name_mismatch.json": admission webhook "v1alpha2.vseldondeployment.kb.io" denied the request: SeldonDeployment.machinelearing.seldon.io "namemismatch" is invalid: spec.predictors[0].graph: Invalid value: "complex-model_bad_name": Can't find container for Predictive Unit

[gw2] PASSED test_bad_graphs.py::TestBadGraphs::test_model_name_mismatch 
test_local_operators.py::TestLocalOperators::test_namespace_operator 
test_batch_processor.py::TestBatchWorker::test_batch_worker 
test_bad_graphs.py::TestBadGraphs::test_model_no_graph Error from server (SeldonDeployment.machinelearing.seldon.io "test-deployment" is invalid: spec.predictors[0].graph: Invalid value: "": Can't find container for Predictive Unit): error when creating "../resources/bad_no_graph.yaml": admission webhook "v1.vseldondeployment.kb.io" denied the request: SeldonDeployment.machinelearing.seldon.io "test-deployment" is invalid: spec.predictors[0].graph: Invalid value: "": Can't find container for Predictive Unit

[gw1] PASSED test_bad_graphs.py::TestBadGraphs::test_model_no_graph 
test_prepackaged_servers.py::TestPrepack::test_sklearn_v2 
[gw2] PASSED test_local_operators.py::TestLocalOperators::test_namespace_operator Error: uninstall: Release not loaded: myabtest: release: not found

[gw0] PASSED test_helm_charts_clusterwide.py::TestClusterWide::test_abtest_model 
test_local_operators.py::TestLocalOperators::test_labelled_operator Error from server (InternalError): error when creating "../resources/model_controller_id.yaml": Internal error occurred: failed calling webhook "v1alpha2.mseldondeployment.kb.io": Post https://seldon-webhook-service.test-labelled-operator.svc:443/mutate-machinelearning-seldon-io-v1alpha2-seldondeployment?timeout=30s: dial tcp 10.96.139.103:443: connect: connection refused

test_helm_charts_clusterwide.py::TestClusterWide::test_mab_model 
[gw2] PASSED test_local_operators.py::TestLocalOperators::test_labelled_operator 
[gw3] PASSED test_batch_processor.py::TestBatchWorker::test_batch_worker 
test_prepackaged_servers.py::TestPrepack::test_xgboost Error: uninstall: Release not loaded: mymab: release: not found

[gw0] PASSED test_helm_charts_clusterwide.py::TestClusterWide::test_mab_model 
test_prepackaged_servers.py::TestPrepack::test_sklearn 
test_prepackaged_servers.py::TestPrepack::test_xgboost_v2 
[gw3] PASSED test_prepackaged_servers.py::TestPrepack::test_sklearn 
[gw2] PASSED test_prepackaged_servers.py::TestPrepack::test_xgboost 
[gw0] PASSED test_prepackaged_servers.py::TestPrepack::test_xgboost_v2 
test_prepackaged_servers.py::TestPrepack::test_text_alibi_explainer 
test_prepackaged_servers.py::TestPrepack::test_mlflow 
test_prepackaged_servers.py::TestPrepack::test_openapi_sklearn 
[gw0] PASSED test_prepackaged_servers.py::TestPrepack::test_openapi_sklearn 
test_rolling_updates.py::test_rolling_deployment[graph1.json-graph3.json-True-ambas] 
[gw0] PASSED test_rolling_updates.py::test_rolling_deployment[graph1.json-graph3.json-True-ambas] 
test_rolling_updates.py::test_rolling_deployment[graph1.json-graph3.json-True-istio] 
[gw2] PASSED test_prepackaged_servers.py::TestPrepack::test_mlflow 
[gw3] PASSED test_prepackaged_servers.py::TestPrepack::test_text_alibi_explainer 
test_rolling_updates.py::test_rolling_deployment[graph1.json-graph2.json-True-istio] 
[gw0] PASSED test_rolling_updates.py::test_rolling_deployment[graph1.json-graph3.json-True-istio] 
test_rolling_updates.py::test_rolling_deployment[graph1.json-graph2.json-True-ambas] 
test_rolling_updates.py::test_rolling_deployment[graph1.json-graph4.json-True-ambas] 
[gw2] PASSED test_rolling_updates.py::test_rolling_deployment[graph1.json-graph2.json-True-istio] 
test_rolling_updates.py::test_rolling_deployment[graph1.json-graph4.json-True-istio] 
[gw3] PASSED test_rolling_updates.py::test_rolling_deployment[graph1.json-graph2.json-True-ambas] 
test_rolling_updates.py::test_rolling_deployment[graph1.json-graph5.json-True-ambas] 
[gw0] PASSED test_rolling_updates.py::test_rolling_deployment[graph1.json-graph4.json-True-ambas] 
test_rolling_updates.py::test_rolling_deployment[graph1.json-graph5.json-True-istio] 
[gw2] PASSED test_rolling_updates.py::test_rolling_deployment[graph1.json-graph4.json-True-istio] 
test_rolling_updates.py::test_rolling_deployment[graph1.json-graph8.json-True-ambas] 
[gw3] PASSED test_rolling_updates.py::test_rolling_deployment[graph1.json-graph5.json-True-ambas] 
test_rolling_updates.py::test_rolling_deployment[graph1.json-graph8.json-True-istio] 
[gw0] PASSED test_rolling_updates.py::test_rolling_deployment[graph1.json-graph5.json-True-istio] 
test_rolling_updates.py::test_rolling_deployment[graph7.json-graph8.json-False-ambas] 
[gw2] PASSED test_rolling_updates.py::test_rolling_deployment[graph1.json-graph8.json-True-ambas] 
[gw0] PASSED test_rolling_updates.py::test_rolling_deployment[graph7.json-graph8.json-False-ambas] 
test_security.py::test_xss_header 
test_rolling_updates.py::test_rolling_deployment[graph7.json-graph8.json-False-istio] 
[gw3] PASSED test_rolling_updates.py::test_rolling_deployment[graph1.json-graph8.json-True-istio] 
test_security.py::test_xss_escaping error: deployment "sklearn-default-0-model" exceeded its progress deadline
error: deployment "sklearn-default-0-model" exceeded its progress deadline
error: deployment "sklearn-default-0-model" exceeded its progress deadline
error: deployment "sklearn-default-0-model" exceeded its progress deadline

[gw0] PASSED test_security.py::test_xss_header error: deployment "sklearn-default-0-model" exceeded its progress deadline

[gw2] PASSED test_rolling_updates.py::test_rolling_deployment[graph7.json-graph8.json-False-istio] 
[gw3] PASSED test_security.py::test_xss_escaping error: deployment "sklearn-default-0-model" exceeded its progress deadline

test_tracing.py::test_tracing_rest error: deployment "sklearn-default-0-model" exceeded its progress deadline
error: deployment "sklearn-default-0-model" exceeded its progress deadline
error: deployment "sklearn-default-0-model" exceeded its progress deadline
error: deployment "sklearn-default-0-model" exceeded its progress deadline
error: deployment "sklearn-default-0-model" exceeded its progress deadline
error: deployment "sklearn-default-0-model" exceeded its progress deadline

[gw0] PASSED test_tracing.py::test_tracing_rest error: deployment "sklearn-default-0-model" exceeded its progress deadline
error: deployment "sklearn-default-0-model" exceeded its progress deadline
error: deployment "sklearn-default-0-model" exceeded its progress deadline
error: deployment "sklearn-default-0-model" exceeded its progress deadline
error: deployment "sklearn-default-0-model" exceeded its progress deadline
error: deployment "sklearn-default-0-model" exceeded its progress deadline
error: deployment "sklearn-default-0-model" exceeded its progress deadline
error: deployment "sklearn-default-0-model" exceeded its progress deadline
error: deployment "sklearn-default-0-model" exceeded its progress deadline
error: deployment "sklearn-default-0-model" exceeded its progress deadline
error: deployment "sklearn-default-0-model" exceeded its progress deadline
error: deployment "sklearn-default-0-model" exceeded its progress deadline
error: deployment "sklearn-default-0-model" exceeded its progress deadline
error: deployment "sklearn-default-0-model" exceeded its progress deadline
error: deployment "sklearn-default-0-model" exceeded its progress deadline
error: deployment "sklearn-default-0-model" exceeded its progress deadline
error: deployment "sklearn-default-0-model" exceeded its progress deadline
error: deployment "sklearn-default-0-model" exceeded its progress deadline
error: deployment "sklearn-default-0-model" exceeded its progress deadline
error: deployment "sklearn-default-0-model" exceeded its progress deadline
error: deployment "sklearn-default-0-model" exceeded its progress deadline
error: deployment "sklearn-default-0-model" exceeded its progress deadline
error: deployment "sklearn-default-0-model" exceeded its progress deadline
error: deployment "sklearn-default-0-model" exceeded its progress deadline
error: deployment "sklearn-default-0-model" exceeded its progress deadline
error: deployment "sklearn-default-0-model" exceeded its progress deadline
error: deployment "sklearn-default-0-model" exceeded its progress deadline
error: deployment "sklearn-default-0-model" exceeded its progress deadline
error: deployment "sklearn-default-0-model" exceeded its progress deadline
error: deployment "sklearn-default-0-model" exceeded its progress deadline
error: deployment "sklearn-default-0-model" exceeded its progress deadline
error: deployment "sklearn-default-0-model" exceeded its progress deadline
error: deployment "sklearn-default-0-model" exceeded its progress deadline
error: deployment "sklearn-default-0-model" exceeded its progress deadline
error: deployment "sklearn-default-0-model" exceeded its progress deadline
error: deployment "sklearn-default-0-model" exceeded its progress deadline
error: deployment "sklearn-default-0-model" exceeded its progress deadline
error: deployment "sklearn-default-0-model" exceeded its progress deadline

[gw1] FAILED test_prepackaged_servers.py::TestPrepack::test_sklearn_v2 
test_prepackaged_servers.py::TestPrepack::test_tfserving 
[gw1] PASSED test_prepackaged_servers.py::TestPrepack::test_tfserving 

=================================== FAILURES ===================================
_________________________ TestPrepack.test_sklearn_v2 __________________________
[gw1] linux -- Python 3.6.10 /usr/local/bin/python

self = <test_prepackaged_servers.TestPrepack object at 0x7f2dfe876e10>
namespace = 'test-sklearn-v2'

    def test_sklearn_v2(self, namespace):
        deploy_model(
            "sklearn",
            namespace=namespace,
            protocol="kfserving",
            model_implementation="SKLEARN_SERVER",
            model_uri="gs://seldon-models/sklearn/iris",
        )
        wait_for_status("sklearn", namespace)
>       wait_for_rollout("sklearn", namespace)

test_prepackaged_servers.py:63: 
_ _ _ _ _ _ _ _ _ _ _ _ _ _ _ _ _ _ _ _ _ _ _ _ _ _ _ _ _ _ _ _ _ _ _ _ _ _ _ _ 

sdep_name = 'sklearn', namespace = 'test-sklearn-v2', attempts = 50, sleep = 5
expected_deployments = 1

    def wait_for_rollout(
        sdep_name, namespace, attempts=50, sleep=5, expected_deployments=1
    ):
        deployment_names = []
        for _ in range(attempts):
            deployment_names = get_deployment_names(sdep_name, namespace)
            deployments = len(deployment_names)
    
            if deployments == expected_deployments:
                break
            time.sleep(sleep)
    
        error_msg = (
            f"Expected {expected_deployments} deployment(s) but got {len(deployment_names)}"
        )
        assert len(deployment_names) == expected_deployments, error_msg
    
        for deployment_name in deployment_names:
            logging.info(f"Waiting for deployment {deployment_name}")
            for _ in range(attempts):
                ret = run(
                    f"kubectl rollout status -n {namespace} deploy/{deployment_name}",
                    shell=True,
                )
                if ret.returncode == 0:
                    logging.info(f"Successfully waited for deployment {deployment_name}")
                    break
                logging.warning(
                    f"Unsuccessful wait command but retrying for {deployment_name}"
                )
                time.sleep(sleep)
            assert (
                ret.returncode == 0
>           ), f"Wait for rollout of {deployment_name} failed: non-zero return code"
E           AssertionError: Wait for rollout of sklearn-default-0-model failed: non-zero return code

seldon_e2e_utils.py:158: AssertionError
------------------------------ Captured log call -------------------------------
WARNING  root:seldon_e2e_utils.py:186 Failed to find status - sleeping
WARNING  root:seldon_e2e_utils.py:186 Failed to find status - sleeping
WARNING  root:seldon_e2e_utils.py:186 Failed to find status - sleeping
WARNING  root:seldon_e2e_utils.py:186 Failed to find status - sleeping
WARNING  root:seldon_e2e_utils.py:186 Failed to find status - sleeping
WARNING  root:seldon_e2e_utils.py:186 Failed to find status - sleeping
WARNING  root:seldon_e2e_utils.py:186 Failed to find status - sleeping
WARNING  root:seldon_e2e_utils.py:186 Failed to find status - sleeping
WARNING  root:seldon_e2e_utils.py:186 Failed to find status - sleeping
WARNING  root:seldon_e2e_utils.py:186 Failed to find status - sleeping
WARNING  root:seldon_e2e_utils.py:186 Failed to find status - sleeping
WARNING  root:seldon_e2e_utils.py:186 Failed to find status - sleeping
WARNING  root:seldon_e2e_utils.py:186 Failed to find status - sleeping
WARNING  root:seldon_e2e_utils.py:186 Failed to find status - sleeping
WARNING  root:seldon_e2e_utils.py:186 Failed to find status - sleeping
WARNING  root:seldon_e2e_utils.py:186 Failed to find status - sleeping
WARNING  root:seldon_e2e_utils.py:186 Failed to find status - sleeping
WARNING  root:seldon_e2e_utils.py:186 Failed to find status - sleeping
WARNING  root:seldon_e2e_utils.py:186 Failed to find status - sleeping
WARNING  root:seldon_e2e_utils.py:186 Failed to find status - sleeping
WARNING  root:seldon_e2e_utils.py:153 Unsuccessful wait command but retrying for sklearn-default-0-model
WARNING  root:seldon_e2e_utils.py:153 Unsuccessful wait command but retrying for sklearn-default-0-model
WARNING  root:seldon_e2e_utils.py:153 Unsuccessful wait command but retrying for sklearn-default-0-model
WARNING  root:seldon_e2e_utils.py:153 Unsuccessful wait command but retrying for sklearn-default-0-model
WARNING  root:seldon_e2e_utils.py:153 Unsuccessful wait command but retrying for sklearn-default-0-model
WARNING  root:seldon_e2e_utils.py:153 Unsuccessful wait command but retrying for sklearn-default-0-model
WARNING  root:seldon_e2e_utils.py:153 Unsuccessful wait command but retrying for sklearn-default-0-model
WARNING  root:seldon_e2e_utils.py:153 Unsuccessful wait command but retrying for sklearn-default-0-model
WARNING  root:seldon_e2e_utils.py:153 Unsuccessful wait command but retrying for sklearn-default-0-model
WARNING  root:seldon_e2e_utils.py:153 Unsuccessful wait command but retrying for sklearn-default-0-model
WARNING  root:seldon_e2e_utils.py:153 Unsuccessful wait command but retrying for sklearn-default-0-model
WARNING  root:seldon_e2e_utils.py:153 Unsuccessful wait command but retrying for sklearn-default-0-model
WARNING  root:seldon_e2e_utils.py:153 Unsuccessful wait command but retrying for sklearn-default-0-model
WARNING  root:seldon_e2e_utils.py:153 Unsuccessful wait command but retrying for sklearn-default-0-model
WARNING  root:seldon_e2e_utils.py:153 Unsuccessful wait command but retrying for sklearn-default-0-model
WARNING  root:seldon_e2e_utils.py:153 Unsuccessful wait command but retrying for sklearn-default-0-model
WARNING  root:seldon_e2e_utils.py:153 Unsuccessful wait command but retrying for sklearn-default-0-model
WARNING  root:seldon_e2e_utils.py:153 Unsuccessful wait command but retrying for sklearn-default-0-model
WARNING  root:seldon_e2e_utils.py:153 Unsuccessful wait command but retrying for sklearn-default-0-model
WARNING  root:seldon_e2e_utils.py:153 Unsuccessful wait command but retrying for sklearn-default-0-model
WARNING  root:seldon_e2e_utils.py:153 Unsuccessful wait command but retrying for sklearn-default-0-model
WARNING  root:seldon_e2e_utils.py:153 Unsuccessful wait command but retrying for sklearn-default-0-model
WARNING  root:seldon_e2e_utils.py:153 Unsuccessful wait command but retrying for sklearn-default-0-model
WARNING  root:seldon_e2e_utils.py:153 Unsuccessful wait command but retrying for sklearn-default-0-model
WARNING  root:seldon_e2e_utils.py:153 Unsuccessful wait command but retrying for sklearn-default-0-model
WARNING  root:seldon_e2e_utils.py:153 Unsuccessful wait command but retrying for sklearn-default-0-model
WARNING  root:seldon_e2e_utils.py:153 Unsuccessful wait command but retrying for sklearn-default-0-model
WARNING  root:seldon_e2e_utils.py:153 Unsuccessful wait command but retrying for sklearn-default-0-model
WARNING  root:seldon_e2e_utils.py:153 Unsuccessful wait command but retrying for sklearn-default-0-model
WARNING  root:seldon_e2e_utils.py:153 Unsuccessful wait command but retrying for sklearn-default-0-model
WARNING  root:seldon_e2e_utils.py:153 Unsuccessful wait command but retrying for sklearn-default-0-model
WARNING  root:seldon_e2e_utils.py:153 Unsuccessful wait command but retrying for sklearn-default-0-model
WARNING  root:seldon_e2e_utils.py:153 Unsuccessful wait command but retrying for sklearn-default-0-model
WARNING  root:seldon_e2e_utils.py:153 Unsuccessful wait command but retrying for sklearn-default-0-model
WARNING  root:seldon_e2e_utils.py:153 Unsuccessful wait command but retrying for sklearn-default-0-model
WARNING  root:seldon_e2e_utils.py:153 Unsuccessful wait command but retrying for sklearn-default-0-model
WARNING  root:seldon_e2e_utils.py:153 Unsuccessful wait command but retrying for sklearn-default-0-model
WARNING  root:seldon_e2e_utils.py:153 Unsuccessful wait command but retrying for sklearn-default-0-model
WARNING  root:seldon_e2e_utils.py:153 Unsuccessful wait command but retrying for sklearn-default-0-model
WARNING  root:seldon_e2e_utils.py:153 Unsuccessful wait command but retrying for sklearn-default-0-model
WARNING  root:seldon_e2e_utils.py:153 Unsuccessful wait command but retrying for sklearn-default-0-model
WARNING  root:seldon_e2e_utils.py:153 Unsuccessful wait command but retrying for sklearn-default-0-model
WARNING  root:seldon_e2e_utils.py:153 Unsuccessful wait command but retrying for sklearn-default-0-model
WARNING  root:seldon_e2e_utils.py:153 Unsuccessful wait command but retrying for sklearn-default-0-model
WARNING  root:seldon_e2e_utils.py:153 Unsuccessful wait command but retrying for sklearn-default-0-model
WARNING  root:seldon_e2e_utils.py:153 Unsuccessful wait command but retrying for sklearn-default-0-model
WARNING  root:seldon_e2e_utils.py:153 Unsuccessful wait command but retrying for sklearn-default-0-model
WARNING  root:seldon_e2e_utils.py:153 Unsuccessful wait command but retrying for sklearn-default-0-model
WARNING  root:seldon_e2e_utils.py:153 Unsuccessful wait command but retrying for sklearn-default-0-model
WARNING  root:seldon_e2e_utils.py:153 Unsuccessful wait command but retrying for sklearn-default-0-model
===Flaky Test Report===

test_rolling_deployment[graph1.json-graph2.json-True-istio] passed 1 out of the required 1 times. Success!
test_rolling_deployment[graph1.json-graph4.json-True-istio] passed 1 out of the required 1 times. Success!
test_rolling_deployment[graph1.json-graph8.json-True-ambas] passed 1 out of the required 1 times. Success!
test_rolling_deployment[graph7.json-graph8.json-False-istio] passed 1 out of the required 1 times. Success!
test_rolling_deployment[graph1.json-graph2.json-True-ambas] passed 1 out of the required 1 times. Success!
test_rolling_deployment[graph1.json-graph5.json-True-ambas] passed 1 out of the required 1 times. Success!
test_rolling_deployment[graph1.json-graph8.json-True-istio] passed 1 out of the required 1 times. Success!
test_rolling_deployment[graph1.json-graph3.json-True-ambas] passed 1 out of the required 1 times. Success!
test_rolling_deployment[graph1.json-graph3.json-True-istio] passed 1 out of the required 1 times. Success!
test_rolling_deployment[graph1.json-graph4.json-True-ambas] passed 1 out of the required 1 times. Success!
test_rolling_deployment[graph1.json-graph5.json-True-istio] passed 1 out of the required 1 times. Success!
test_rolling_deployment[graph7.json-graph8.json-False-ambas] passed 1 out of the required 1 times. Success!

===End Flaky Test Report===
================== 1 failed, 34 passed in 1079.27s (0:17:59) ===================
make: *** [Makefile:157: test_parallel] Error 1
Test returned errors
kind delete cluster
Deleting cluster "kind" ...
Stopping Docker: dockerProgram process in pidfile '/var/run/docker-ssd.pid', 1 process(es), refused to die.
[31m
Pipeline failed on stage 'end-to-end' : container 'step-test-end-to-end'. The execution of the pipeline has stopped.[0m
