
Showing logs for build [32mseldonio-seldon-core-pr-1382-in-r69rw-5[0m stage [32mpr-build-comment[0m and container [32mstep-credential-initializer-g7btt[0m
{"level":"warn","ts":1580817445.5635166,"logger":"fallback-logger","caller":"logging/config.go:69","msg":"Fetch GitHub commit ID from kodata failed: \"ref: refs/heads/0.8.0-**-support-backwards-incompats\" is not a valid GitHub commit ID"}
{"level":"info","ts":1580817445.5644565,"logger":"fallback-logger","caller":"creds-init/main.go:40","msg":"Credentials initialized."}

Showing logs for build [32mseldonio-seldon-core-pr-1382-in-r69rw-5[0m stage [32mpr-build-comment[0m and container [32mstep-working-dir-initializer-vsm58[0m
{"level":"warn","ts":1580817446.9791765,"logger":"fallback-logger","caller":"logging/config.go:69","msg":"Fetch GitHub commit ID from kodata failed: open /var/run/ko/HEAD: no such file or directory"}
{"level":"info","ts":1580817446.9811084,"logger":"fallback-logger","caller":"bash/main.go:64","msg":"Successfully executed command \"sh -c mkdir -p /workspace/source\"; output "}

Showing logs for build [32mseldonio-seldon-core-pr-1382-in-r69rw-5[0m stage [32mpr-build-comment[0m and container [32mstep-place-tools[0m

Showing logs for build [32mseldonio-seldon-core-pr-1382-in-r69rw-5[0m stage [32mpr-build-comment[0m and container [32mstep-create-dir-workspace-24srw[0m
{"level":"warn","ts":1580817451.9862678,"logger":"fallback-logger","caller":"logging/config.go:69","msg":"Fetch GitHub commit ID from kodata failed: open /var/run/ko/HEAD: no such file or directory"}
{"level":"info","ts":1580817451.988364,"logger":"fallback-logger","caller":"bash/main.go:64","msg":"Successfully executed command \"sh -c mkdir -p source\"; output "}

Showing logs for build [32mseldonio-seldon-core-pr-1382-in-r69rw-5[0m stage [32mpr-build-comment[0m and container [32mstep-git-source-seldonio-seldon-core-pr-1382-in-d75nv[0m
{"level":"warn","ts":1580817452.252959,"logger":"fallback-logger","caller":"logging/config.go:69","msg":"Fetch GitHub commit ID from kodata failed: \"ref: refs/heads/0.8.0-**-support-backwards-incompats\" is not a valid GitHub commit ID"}
{"level":"info","ts":1580817455.5778153,"logger":"fallback-logger","caller":"git/git.go:103","msg":"Successfully cloned https://github.com/SeldonIO/seldon-core.git @ master in path /workspace/source"}

Showing logs for build [32mseldonio-seldon-core-pr-1382-in-r69rw-5[0m stage [32mpr-build-comment[0m and container [32mstep-git-merge[0m
Using SHAs from PULL_REFS=master:3763cc66ca1a8619a00dcdc3a46a2eef780a39bf,1382:c0c026e8e6b8765d54f1f004af5bd696507dac29
DEBUG: ran git fetch --unshallow origin c0c026e8e6b8765d54f1f004af5bd696507dac29: 3763cc66ca1a8619a00dcdc3a46a2eef780a39bf: in 
DEBUG: ran git checkout master in 
DEBUG: ran git reset --hard 3763cc66ca1a8619a00dcdc3a46a2eef780a39bf in 
DEBUG: ran clean --force -d . in 
DEBUG: ran git merge c0c026e8e6b8765d54f1f004af5bd696507dac29 in 
Merged SHA 8829634c47b973e30f4f02a436205b7a5050a57a with commit message 'Merge commit 'c0c026e8e6b8765d54f1f004af5bd696507dac29'' into base branch master
Merged SHA c0c026e8e6b8765d54f1f004af5bd696507dac29 with commit message 'Update rest of dependencies' into base branch master
Merged SHA 534ed7d1b02615f19206bd8e97b9dbf347066074 with commit message 'Update to Spring Boot v2.2.4' into base branch master
Merged SHA 4b271a96b25fc8f98bb46faceac0020953629f9e with commit message 'Update to Spring Boot v2.1.12' into base branch master
Merged SHA b44c6f9c956d20d5960390f18b9f91f3a06ae36f with commit message 'Remove some warnings' into base branch master
Merged SHA 3a82e935ceb8a4c030ff59ee16a567baaa4ad190 with commit message 'Remove log4j and hardcoded jackson version' into base branch master
Merged SHA 1bcb33e19379ba15dccfe74b3f76668ba1302cbb with commit message 'Use new embedded interfaces' into base branch master
Merged SHA d14f55e0a75c1cfa563b44a0e3ce32737b3640bd with commit message 'Update to Spring Boot v1.5.22' into base branch master
Merged SHA 90da83ec2acf909e6a8017097171113f8807897a with commit message 'Update README' into base branch master
Merged SHA a2e2a51a7c04144ec184febfd6cc4d58491ab354 with commit message 'Fix build' into base branch master
Merged SHA 90ddea269aa9ba4f64cceca807ee56fcd1800597 with commit message 'Update repo' into base branch master
Merged SHA 1cb32dc711f6d44439bb2ce38c434da255ebd87c with commit message 'Move to wrappers folder' into base branch master
Merged SHA 58ac10bb840f7c06b97b1ba3010f544987bc253f with commit message 'Update Makefile to align with engine's' into base branch master
Merged SHA 33ecf77987ba4db8533b2004027b6aac362f1b3b with commit message 'Import Java wrapper from separate repo' into base branch master

Showing logs for build [32mseldonio-seldon-core-pr-1382-in-r69rw-5[0m stage [32mpr-build-comment[0m and container [32mstep-step2[0m
+++ dirname ./add-pr-build-comment
++ cd .
++ pwd
+ STARTUP_DIR=/workspace/source/ci
+ REPO_OWNER=SeldonIO
+ REPO_NAME=seldon-core
+ PULL_NUMBER=1382
+ BUILD_NUMBER=5
+ PIPELINE_CONTEXT=integration
++ cat
+++ date
+ COMMENT_MSG='Tue Feb  4 11:57:42 UTC 2020
The logs for [integration] [5] will show after the pipeline context has finished.  
https://github.com/SeldonIO/seldon-core/blob/gh-pages/jenkins-x/logs/SeldonIO/seldon-core/PR-1382/5.log

impatient try  
** get build logs SeldonIO/seldon-core/PR-1382 --build=5'
+ ** step pr comment --owner=SeldonIO --repository=seldon-core --pull-request=1382 '--comment=Tue Feb  4 11:57:42 UTC 2020
The logs for [integration] [5] will show after the pipeline context has finished.  
https://github.com/SeldonIO/seldon-core/blob/gh-pages/jenkins-x/logs/SeldonIO/seldon-core/PR-1382/5.log

impatient try  
** get build logs SeldonIO/seldon-core/PR-1382 --build=5'

Showing logs for build [32mseldonio-seldon-core-pr-1382-in-r69rw-5[0m stage [32mpr-build-comment[0m and container [32mstep-source-mkdir-seldonio-seldon-core-pr-1382-in-4tx5n[0m
{"level":"warn","ts":1580817465.060695,"logger":"fallback-logger","caller":"logging/config.go:69","msg":"Fetch GitHub commit ID from kodata failed: open /var/run/ko/HEAD: no such file or directory"}
{"level":"info","ts":1580817465.0643756,"logger":"fallback-logger","caller":"bash/main.go:64","msg":"Successfully executed command \"sh -c mkdir -p /pvc/pr-build-comment/workspace\"; output "}

Showing logs for build [32mseldonio-seldon-core-pr-1382-in-r69rw-5[0m stage [32mpr-build-comment[0m and container [32mstep-source-copy-seldonio-seldon-core-pr-1382-in-lxffb[0m
{"level":"warn","ts":1580817465.3410423,"logger":"fallback-logger","caller":"logging/config.go:69","msg":"Fetch GitHub commit ID from kodata failed: open /var/run/ko/HEAD: no such file or directory"}
{"level":"info","ts":1580817465.6547768,"logger":"fallback-logger","caller":"bash/main.go:64","msg":"Successfully executed command \"sh -c cp -r source/. /pvc/pr-build-comment/workspace\"; output "}

Showing logs for build [32mseldonio-seldon-core-pr-1382-in-r69rw-5[0m stage [32mend-to-end[0m and container [32mstep-credential-initializer-vgp9k[0m
{"level":"warn","ts":1580817469.7354848,"logger":"fallback-logger","caller":"logging/config.go:69","msg":"Fetch GitHub commit ID from kodata failed: \"ref: refs/heads/0.8.0-**-support-backwards-incompats\" is not a valid GitHub commit ID"}
{"level":"info","ts":1580817469.7359886,"logger":"fallback-logger","caller":"creds-init/main.go:40","msg":"Credentials initialized."}

Showing logs for build [32mseldonio-seldon-core-pr-1382-in-r69rw-5[0m stage [32mend-to-end[0m and container [32mstep-working-dir-initializer-vpqqc[0m
{"level":"warn","ts":1580817470.8150895,"logger":"fallback-logger","caller":"logging/config.go:69","msg":"Fetch GitHub commit ID from kodata failed: open /var/run/ko/HEAD: no such file or directory"}
{"level":"info","ts":1580817470.8168578,"logger":"fallback-logger","caller":"bash/main.go:64","msg":"Successfully executed command \"sh -c mkdir -p /workspace/source\"; output "}

Showing logs for build [32mseldonio-seldon-core-pr-1382-in-r69rw-5[0m stage [32mend-to-end[0m and container [32mstep-place-tools[0m

Showing logs for build [32mseldonio-seldon-core-pr-1382-in-r69rw-5[0m stage [32mend-to-end[0m and container [32mstep-create-dir-workspace-nqxcr[0m
{"level":"warn","ts":1580817476.9170334,"logger":"fallback-logger","caller":"logging/config.go:69","msg":"Fetch GitHub commit ID from kodata failed: open /var/run/ko/HEAD: no such file or directory"}
{"level":"info","ts":1580817476.9187248,"logger":"fallback-logger","caller":"bash/main.go:64","msg":"Successfully executed command \"sh -c mkdir -p /workspace/source\"; output "}

Showing logs for build [32mseldonio-seldon-core-pr-1382-in-r69rw-5[0m stage [32mend-to-end[0m and container [32mstep-source-copy-workspace-tgs8p[0m
{"level":"warn","ts":1580817477.181576,"logger":"fallback-logger","caller":"logging/config.go:69","msg":"Fetch GitHub commit ID from kodata failed: open /var/run/ko/HEAD: no such file or directory"}
{"level":"info","ts":1580817479.291768,"logger":"fallback-logger","caller":"bash/main.go:64","msg":"Successfully executed command \"sh -c cp -r /pvc/pr-build-comment/workspace/. /workspace/source\"; output "}

Showing logs for build [32mseldonio-seldon-core-pr-1382-in-r69rw-5[0m stage [32mend-to-end[0m and container [32mstep-test-end-to-end[0m
Starting Docker: docker.
[SETUP] Waiting for Docker to be ready, sleeping for 1 seconds ...
kind create cluster --config kind_config.yaml
Creating cluster "kind" ...
 â€¢ Ensuring node image (kindest/node:v1.16.3) ðŸ–¼  ...
 âœ“ Ensuring node image (kindest/node:v1.16.3) ðŸ–¼
 â€¢ Preparing nodes ðŸ“¦  ...
 âœ“ Preparing nodes ðŸ“¦
 â€¢ Writing configuration ðŸ“œ  ...
 âœ“ Writing configuration ðŸ“œ
 â€¢ Starting control-plane ðŸ•¹ï¸  ...
 âœ“ Starting control-plane ðŸ•¹ï¸
 â€¢ Installing CNI ðŸ”Œ  ...
 âœ“ Installing CNI ðŸ”Œ
 â€¢ Installing StorageClass ðŸ’¾  ...
 âœ“ Installing StorageClass ðŸ’¾
 â€¢ Joining worker nodes ðŸšœ  ...
 âœ“ Joining worker nodes ðŸšœ
Set kubectl context to "kind-kind"
You can now use your cluster with:

kubectl cluster-info --context kind-kind

Have a nice day! ðŸ‘‹
`kind get kubeconfig-path` is deprecated!

KIND will export and merge kubeconfig like kops, minikube, etc.
This command is now unnecessary and will be removed in a future release.

For more info see: https://github.com/kubernetes-sigs/kind/issues/1060
See also the output of `kind create cluster`

Files changed in python folder:
SKIPPING PYTHON IMAGE BUILD...
Files changed in operator folder:
SKIPPING OPERATOR IMAGE BUILD...
Files changed in engine folder:
SKIPPING ENGINE IMAGE BUILD...
Files changed in executor folder:
SKIPPING EXECUTOR IMAGE BUILD...
Build fixed models
cd ../docker/fixed-model && make kind_load_images
make[1]: Entering directory '/workspace/source/testing/docker/fixed-model'
s2i build -E environment_rest_v1 . seldonio/seldon-core-s2i-python3:0.15 seldonio/fixed-model:0.1
---> Installing application source...
Build completed successfully
s2i build -E environment_rest_v2 . seldonio/seldon-core-s2i-python3:0.15 seldonio/fixed-model:0.2
---> Installing application source...
Build completed successfully
kind load -v 3 docker-image seldonio/fixed-model:0.1
Image: "seldonio/fixed-model:0.1" with ID "sha256:6189b25d54c6417cc40797135074944742435f8c753562496ebe1766f3241669" not present on node "kind-control-plane"
Image: "seldonio/fixed-model:0.1" with ID "sha256:6189b25d54c6417cc40797135074944742435f8c753562496ebe1766f3241669" not present on node "kind-worker"
kind load -v 3 docker-image seldonio/fixed-model:0.2
Image: "seldonio/fixed-model:0.2" with ID "sha256:58b204f745ffb8f0376d7e6f805ead56da69cfd7500adeefb0235bb01806afbf" not present on node "kind-control-plane"
Image: "seldonio/fixed-model:0.2" with ID "sha256:58b204f745ffb8f0376d7e6f805ead56da69cfd7500adeefb0235bb01806afbf" not present on node "kind-worker"
make[1]: Leaving directory '/workspace/source/testing/docker/fixed-model'
kubectl create namespace seldon || echo "Namespace seldon already exists"
namespace/seldon created
kubectl create namespace test1 || echo "Namespace test1 already exists"
namespace/test1 created
helm repo add stable https://kubernetes-charts.storage.googleapis.com/
"stable" has been added to your repositories
helm repo add seldonio https://storage.googleapis.com/seldon-charts
"seldonio" has been added to your repositories
helm repo update
Hang tight while we grab the latest from your chart repositories...
...Successfully got an update from the "seldonio" chart repository
...Successfully got an update from the "stable" chart repository
Update Complete. âŽˆ Happy Helming!âŽˆ 
helm install --wait ambassador stable/ambassador -f ambassador_values.yaml --set crds.keep=false --namespace seldon --set replicaCount=1
manifest_sorter.go:175: info: skipping unknown hook: "crd-install"
manifest_sorter.go:175: info: skipping unknown hook: "crd-install"
manifest_sorter.go:175: info: skipping unknown hook: "crd-install"
manifest_sorter.go:175: info: skipping unknown hook: "crd-install"
manifest_sorter.go:175: info: skipping unknown hook: "crd-install"
manifest_sorter.go:175: info: skipping unknown hook: "crd-install"
manifest_sorter.go:175: info: skipping unknown hook: "crd-install"
manifest_sorter.go:175: info: skipping unknown hook: "crd-install"
manifest_sorter.go:175: info: skipping unknown hook: "crd-install"
manifest_sorter.go:175: info: skipping unknown hook: "crd-install"
manifest_sorter.go:175: info: skipping unknown hook: "crd-install"
manifest_sorter.go:175: info: skipping unknown hook: "crd-install"
manifest_sorter.go:175: info: skipping unknown hook: "crd-install"
manifest_sorter.go:175: info: skipping unknown hook: "crd-install"
NAME: ambassador
LAST DEPLOYED: Tue Feb  4 12:03:10 2020
NAMESPACE: seldon
STATUS: deployed
REVISION: 1
NOTES:
Congratulations! You've successfully installed Ambassador.

For help, visit our Slack at https://d6e.co/slack or view the documentation online at https://www.getambassador.io.

To get the IP address of Ambassador, run the following commands:
  export NODE_PORT=$(kubectl get --namespace seldon -o jsonpath="{.spec.ports[0].nodePort}" services ambassador)
  export NODE_IP=$(kubectl get nodes --namespace seldon -o jsonpath="{.items[0].status.addresses[0].address}")
  echo http://$NODE_IP:$NODE_PORT
kubectl apply -f istio-1.4.2.yaml
clusterrole.rbac.authorization.k8s.io/istio-reader-istio-system created
clusterrolebinding.rbac.authorization.k8s.io/istio-reader-istio-system created
customresourcedefinition.apiextensions.k8s.io/attributemanifests.config.istio.io created
customresourcedefinition.apiextensions.k8s.io/clusterrbacconfigs.rbac.istio.io created
customresourcedefinition.apiextensions.k8s.io/destinationrules.networking.istio.io created
customresourcedefinition.apiextensions.k8s.io/envoyfilters.networking.istio.io created
customresourcedefinition.apiextensions.k8s.io/gateways.networking.istio.io created
customresourcedefinition.apiextensions.k8s.io/httpapispecbindings.config.istio.io created
customresourcedefinition.apiextensions.k8s.io/httpapispecs.config.istio.io created
customresourcedefinition.apiextensions.k8s.io/meshpolicies.authentication.istio.io created
customresourcedefinition.apiextensions.k8s.io/policies.authentication.istio.io created
customresourcedefinition.apiextensions.k8s.io/quotaspecbindings.config.istio.io created
customresourcedefinition.apiextensions.k8s.io/quotaspecs.config.istio.io created
customresourcedefinition.apiextensions.k8s.io/rbacconfigs.rbac.istio.io created
customresourcedefinition.apiextensions.k8s.io/rules.config.istio.io created
customresourcedefinition.apiextensions.k8s.io/serviceentries.networking.istio.io created
customresourcedefinition.apiextensions.k8s.io/servicerolebindings.rbac.istio.io created
customresourcedefinition.apiextensions.k8s.io/serviceroles.rbac.istio.io created
customresourcedefinition.apiextensions.k8s.io/virtualservices.networking.istio.io created
customresourcedefinition.apiextensions.k8s.io/adapters.config.istio.io created
customresourcedefinition.apiextensions.k8s.io/instances.config.istio.io created
customresourcedefinition.apiextensions.k8s.io/templates.config.istio.io created
customresourcedefinition.apiextensions.k8s.io/handlers.config.istio.io created
customresourcedefinition.apiextensions.k8s.io/sidecars.networking.istio.io created
customresourcedefinition.apiextensions.k8s.io/authorizationpolicies.security.istio.io created
namespace/istio-system created
serviceaccount/istio-reader-service-account created
clusterrole.rbac.authorization.k8s.io/istio-citadel-istio-system created
clusterrolebinding.rbac.authorization.k8s.io/istio-citadel-istio-system created
deployment.apps/istio-citadel created
poddisruptionbudget.policy/istio-citadel created
service/istio-citadel created
serviceaccount/istio-citadel-service-account created
deployment.apps/istio-egressgateway created
poddisruptionbudget.policy/istio-egressgateway created
gateway.networking.istio.io/istio-multicluster-egressgateway created
virtualservice.networking.istio.io/istio-multicluster-egressgateway created
envoyfilter.networking.istio.io/istio-multicluster-egressgateway created
destinationrule.networking.istio.io/istio-multicluster-destinationrule created
service/istio-egressgateway created
role.rbac.authorization.k8s.io/istio-egressgateway-sds created
rolebinding.rbac.authorization.k8s.io/istio-egressgateway-sds created
serviceaccount/istio-egressgateway-service-account created
clusterrole.rbac.authorization.k8s.io/istio-galley-istio-system created
clusterrolebinding.rbac.authorization.k8s.io/istio-galley-*****-role-binding-istio-system created
configmap/istio-mesh-galley created
configmap/istio-galley-configuration created
deployment.apps/istio-galley created
poddisruptionbudget.policy/istio-galley created
service/istio-galley created
serviceaccount/istio-galley-service-account created
configmap/istio-grafana-configuration-dashboards-citadel-dashboard created
configmap/istio-grafana-configuration-dashboards-galley-dashboard created
configmap/istio-grafana-configuration-dashboards-istio-mesh-dashboard created
configmap/istio-grafana-configuration-dashboards-istio-performance-dashboard created
configmap/istio-grafana-configuration-dashboards-istio-service-dashboard created
configmap/istio-grafana-configuration-dashboards-istio-workload-dashboard created
configmap/istio-grafana-configuration-dashboards-mixer-dashboard created
configmap/istio-grafana-configuration-dashboards-pilot-dashboard created
configmap/istio-grafana created
deployment.apps/grafana created
policy.authentication.istio.io/grafana-ports-mtls-disabled created
service/grafana created
deployment.apps/istio-ingressgateway created
gateway.networking.istio.io/ingressgateway created
poddisruptionbudget.policy/ingressgateway created
service/istio-ingressgateway created
serviceaccount/istio-ingressgateway-service-account created
sidecar.networking.istio.io/default created
clusterrole.rbac.authorization.k8s.io/istio-sidecar-injector-istio-system created
clusterrolebinding.rbac.authorization.k8s.io/istio-sidecar-injector-*****-role-binding-istio-system created
configmap/injector-mesh created
deployment.apps/istio-sidecar-injector created
mutatingwebhookconfiguration.admissionregistration.k8s.io/istio-sidecar-injector created
poddisruptionbudget.policy/istio-sidecar-injector created
service/istio-sidecar-injector created
serviceaccount/istio-sidecar-injector-service-account created
configmap/istio-sidecar-injector created
clusterrole.rbac.authorization.k8s.io/kiali created
clusterrole.rbac.authorization.k8s.io/kiali-viewer created
clusterrolebinding.rbac.authorization.k8s.io/kiali created
configmap/kiali created
secret/kiali created
deployment.apps/kiali created
service/kiali created
serviceaccount/kiali-service-account created
clusterrole.rbac.authorization.k8s.io/istio-pilot-istio-system created
clusterrolebinding.rbac.authorization.k8s.io/istio-pilot-istio-system created
configmap/pilot-envoy-config created
configmap/istio created
deployment.apps/istio-pilot created
meshpolicy.authentication.istio.io/default created
poddisruptionbudget.policy/istio-pilot created
service/istio-pilot created
serviceaccount/istio-pilot-service-account created
clusterrole.rbac.authorization.k8s.io/istio-policy created
clusterrolebinding.rbac.authorization.k8s.io/istio-policy-*****-role-binding-istio-system created
destinationrule.networking.istio.io/istio-policy created
deployment.apps/istio-policy created
poddisruptionbudget.policy/istio-policy created
service/istio-policy created
serviceaccount/istio-policy-service-account created
clusterrole.rbac.authorization.k8s.io/prometheus-istio-system created
clusterrolebinding.rbac.authorization.k8s.io/prometheus-istio-system created
configmap/prometheus created
deployment.apps/prometheus created
service/prometheus created
serviceaccount/prometheus created
horizontalpodautoscaler.autoscaling/istio-telemetry created
clusterrole.rbac.authorization.k8s.io/istio-mixer-istio-system created
clusterrolebinding.rbac.authorization.k8s.io/istio-mixer-*****-role-binding-istio-system created
attributemanifest.config.istio.io/istioproxy created
attributemanifest.config.istio.io/kubernetes created
handler.config.istio.io/stdio created
instance.config.istio.io/accesslog created
instance.config.istio.io/tcpaccesslog created
rule.config.istio.io/stdio created
rule.config.istio.io/stdiotcp created
instance.config.istio.io/requestcount created
instance.config.istio.io/requestduration created
instance.config.istio.io/requestsize created
instance.config.istio.io/responsesize created
instance.config.istio.io/tcpbytesent created
instance.config.istio.io/tcpbytereceived created
instance.config.istio.io/tcpconnectionsopened created
instance.config.istio.io/tcpconnectionsclosed created
handler.config.istio.io/prometheus created
rule.config.istio.io/promhttp created
rule.config.istio.io/promtcp created
rule.config.istio.io/promtcpconnectionopen created
rule.config.istio.io/promtcpconnectionclosed created
handler.config.istio.io/kubernetesenv created
rule.config.istio.io/kubeattrgenrulerule created
rule.config.istio.io/tcpkubeattrgenrulerule created
instance.config.istio.io/attributes created
destinationrule.networking.istio.io/istio-telemetry created
configmap/telemetry-envoy-config created
deployment.apps/istio-telemetry created
poddisruptionbudget.policy/istio-telemetry created
service/istio-telemetry created
serviceaccount/istio-mixer-service-account created
deployment.apps/istio-tracing created
service/jaeger-query created
service/jaeger-collector created
service/jaeger-agent created
service/zipkin created
service/tracing created
kubectl rollout status deployment.apps/istio-ingressgateway -n istio-system
Waiting for deployment "istio-ingressgateway" rollout to finish: 0 out of 1 new replicas have been updated...
Waiting for deployment "istio-ingressgateway" rollout to finish: 0 of 1 updated replicas are available...
deployment "istio-ingressgateway" successfully rolled out
kubectl rollout status deployment.apps/istio-pilot -n istio-system
deployment "istio-pilot" successfully rolled out
kubectl rollout status deployment.apps/istio-citadel -n istio-system
deployment "istio-citadel" successfully rolled out
cd ../../operator && make install-cert-manager
make[1]: Entering directory '/workspace/source/operator'
kubectl create namespace cert-manager || echo "Namespace cert-manager-exists"
namespace/cert-manager created
kubectl label namespace cert-manager cert-manager.io/disable-validation=true || echo "namespace cert-manager-already labelled"
namespace/cert-manager labeled
kubectl apply --validate=false -f https://github.com/jetstack/cert-manager/releases/download/v0.12.0/cert-manager.yaml
customresourcedefinition.apiextensions.k8s.io/certificaterequests.cert-manager.io created
customresourcedefinition.apiextensions.k8s.io/certificates.cert-manager.io created
customresourcedefinition.apiextensions.k8s.io/challenges.acme.cert-manager.io created
customresourcedefinition.apiextensions.k8s.io/clusterissuers.cert-manager.io created
customresourcedefinition.apiextensions.k8s.io/issuers.cert-manager.io created
customresourcedefinition.apiextensions.k8s.io/orders.acme.cert-manager.io created
Warning: kubectl apply should be used on resource created by either kubectl create --save-config or kubectl apply
namespace/cert-manager configured
serviceaccount/cert-manager-cainjector created
serviceaccount/cert-manager created
serviceaccount/cert-manager-webhook created
clusterrole.rbac.authorization.k8s.io/cert-manager-cainjector created
clusterrolebinding.rbac.authorization.k8s.io/cert-manager-cainjector created
role.rbac.authorization.k8s.io/cert-manager-cainjector:leaderelection created
rolebinding.rbac.authorization.k8s.io/cert-manager-cainjector:leaderelection created
clusterrolebinding.rbac.authorization.k8s.io/cert-manager-webhook:auth-delegator created
rolebinding.rbac.authorization.k8s.io/cert-manager-webhook:webhook-authentication-reader created
clusterrole.rbac.authorization.k8s.io/cert-manager-webhook:webhook-requester created
role.rbac.authorization.k8s.io/cert-manager:leaderelection created
rolebinding.rbac.authorization.k8s.io/cert-manager:leaderelection created
clusterrole.rbac.authorization.k8s.io/cert-manager-controller-issuers created
clusterrole.rbac.authorization.k8s.io/cert-manager-controller-clusterissuers created
clusterrole.rbac.authorization.k8s.io/cert-manager-controller-certificates created
clusterrole.rbac.authorization.k8s.io/cert-manager-controller-orders created
clusterrole.rbac.authorization.k8s.io/cert-manager-controller-challenges created
clusterrole.rbac.authorization.k8s.io/cert-manager-controller-ingress-shim created
clusterrolebinding.rbac.authorization.k8s.io/cert-manager-controller-issuers created
clusterrolebinding.rbac.authorization.k8s.io/cert-manager-controller-clusterissuers created
clusterrolebinding.rbac.authorization.k8s.io/cert-manager-controller-certificates created
clusterrolebinding.rbac.authorization.k8s.io/cert-manager-controller-orders created
clusterrolebinding.rbac.authorization.k8s.io/cert-manager-controller-challenges created
clusterrolebinding.rbac.authorization.k8s.io/cert-manager-controller-ingress-shim created
clusterrole.rbac.authorization.k8s.io/cert-manager-view created
clusterrole.rbac.authorization.k8s.io/cert-manager-edit created
service/cert-manager created
service/cert-manager-webhook created
deployment.apps/cert-manager-cainjector created
deployment.apps/cert-manager created
deployment.apps/cert-manager-webhook created
mutatingwebhookconfiguration.admissionregistration.k8s.io/cert-manager-webhook created
validatingwebhookconfiguration.admissionregistration.k8s.io/cert-manager-webhook created
kubectl rollout status deployment.apps/cert-manager -n cert-manager
Waiting for deployment "cert-manager" rollout to finish: 0 of 1 updated replicas are available...
deployment "cert-manager" successfully rolled out
kubectl rollout status deployment.apps/cert-manager-cainjector -n cert-manager
Waiting for deployment "cert-manager-cainjector" rollout to finish: 0 of 1 updated replicas are available...
deployment "cert-manager-cainjector" successfully rolled out
kubectl rollout status deployment.apps/cert-manager-webhook -n cert-manager
Waiting for deployment "cert-manager-webhook" rollout to finish: 0 of 1 updated replicas are available...
deployment "cert-manager-webhook" successfully rolled out
make[1]: Leaving directory '/workspace/source/operator'
sleep 5 #https://github.com/jetstack/cert-manager/issues/2273
kubectl create namespace seldon-system || echo "namespace seldon-system exists"
namespace/seldon-system created
helm install --wait seldon ../../helm-charts/seldon-core-operator --namespace seldon-system --set istio.enabled=true --set istio.gateway=seldon-gateway --set certManager.enabled=false --set executor.enabled=true
NAME: seldon
LAST DEPLOYED: Tue Feb  4 12:06:23 2020
NAMESPACE: seldon-system
STATUS: deployed
REVISION: 1
TEST SUITE: None
kubectl config set-context $(kubectl config current-context) --namespace=seldon
Context "kind-kind" modified.
make: Entering directory '/workspace/source/python'
pip install -e . -r requirements-dev.txt
Obtaining file:///workspace/source/python
Collecting Flask<2.0.0
  Downloading https://files.pythonhosted.org/packages/9b/93/628509b8d5dc749656a9641f4caf13540e2cdec85276964ff8f43bbb1d3b/Flask-1.1.1-py2.py3-none-any.whl (94kB)
Collecting Flask-cors<4.0.0
  Downloading https://files.pythonhosted.org/packages/78/38/e68b11daa5d613e3a91e4bf3da76c94ac9ee0d9cd515af9c1ab80d36f709/Flask_Cors-3.0.8-py2.py3-none-any.whl
Collecting redis<4.0.0
  Downloading https://files.pythonhosted.org/packages/f0/05/1fc7feedc19c123e7a95cfc9e7892eb6cdd2e5df4e9e8af6384349c1cc3d/redis-3.4.1-py2.py3-none-any.whl (71kB)
Collecting requests<3.0.0
  Downloading https://files.pythonhosted.org/packages/51/bd/23c926cd341ea6b7dd0b2a00aba99ae0f828be89d72b2190f27c11d4b7fb/requests-2.22.0-py2.py3-none-any.whl (57kB)
Collecting numpy<2.0.0
  Downloading https://files.pythonhosted.org/packages/62/20/4d43e141b5bc426ba38274933ef8e76e85c7adea2c321ecf9ebf7421cedf/numpy-1.18.1-cp36-cp36m-manylinux1_x86_64.whl (20.1MB)
Collecting flatbuffers<2.0.0
  Downloading https://files.pythonhosted.org/packages/c9/84/adf5837f96c39990bc55afdfddf460b38b4562f50341359afa32e4a98de7/flatbuffers-1.11-py2.py3-none-any.whl
Requirement already satisfied: protobuf<4.0.0 in /usr/local/lib/python3.6/site-packages (from -r requirements.txt (line 7)) (3.11.2)
Requirement already satisfied: grpcio<2.0.0 in /usr/local/lib/python3.6/site-packages (from -r requirements.txt (line 8)) (1.26.0)
Collecting Flask-OpenTracing<1.2.0,>=1.1.0
  Downloading https://files.pythonhosted.org/packages/58/6c/6417701ba5ecc8854670c6db3207bcc3e5fbc96289a7cb18d5516d99a1c6/Flask-OpenTracing-1.1.0.tar.gz
Collecting opentracing<2.3.0,>=2.2.0
  Downloading https://files.pythonhosted.org/packages/94/9f/289424136addf621fb4c75624ef9a3a80e8575da3993a87950c57e93217e/opentracing-2.2.0.tar.gz (47kB)
Collecting jaeger-client<4.2.0,>=4.1.0
  Downloading https://files.pythonhosted.org/packages/f1/da/569a4f1bc3d0c412c7f903053f09ef62fa10949374ca90bc852b22dd3860/jaeger-client-4.1.0.tar.gz (80kB)
Collecting grpcio-opentracing<1.2.0,>=1.1.4
  Downloading https://files.pythonhosted.org/packages/db/82/2fcad380697c3dab25de76ee590bcab3eb9bbfb4add916044d7e83ec2b10/grpcio_opentracing-1.1.4-py3-none-any.whl
Collecting pyaml<20.0.0
  Downloading https://files.pythonhosted.org/packages/35/1e/eda9fe07f752ced7afcef590e7d74390f0d9c9c0b7ff98317afbaa0697e3/pyaml-19.12.0-py2.py3-none-any.whl
Collecting gunicorn<20.1.0,>=19.9.0
  Downloading https://files.pythonhosted.org/packages/69/ca/926f7cd3a2014b16870086b2d0fdc84a9e49473c68a8dff8b57f7c156f43/gunicorn-20.0.4-py2.py3-none-any.whl (77kB)
Collecting minio<6.0.0,>=4.0.9
  Downloading https://files.pythonhosted.org/packages/29/98/9912d869c1bee699ea2e1612fb8de49130fc424b772f4e94bcf64d45ebe1/minio-5.0.7-py2.py3-none-any.whl (71kB)
Collecting azure-storage-blob<3.0.0,>=2.0.1
  Downloading https://files.pythonhosted.org/packages/3e/84/610f379b46d7d3c2d48eadeed6a12b6d46a43100fea70534f5992d0ac996/azure_storage_blob-2.1.0-py2.py3-none-any.whl (88kB)
Requirement already satisfied: setuptools>=41.0.0 in /usr/local/lib/python3.6/site-packages (from -r requirements.txt (line 17)) (45.0.0)
Collecting pandas==0.25.3
  Downloading https://files.pythonhosted.org/packages/52/3f/f6a428599e0d4497e1595030965b5ba455fd8ade6e977e3c819973c4b41d/pandas-0.25.3-cp36-cp36m-manylinux1_x86_64.whl (10.4MB)
Collecting google-cloud-storage>=1.16.0
  Downloading https://files.pythonhosted.org/packages/cd/6d/75c2a47af99d15aa8b4de4e66226c128e623f8c9d3e27a8588368ccc38fc/google_cloud_storage-1.25.0-py2.py3-none-any.whl (73kB)
Collecting mypy<0.762
  Downloading https://files.pythonhosted.org/packages/7e/2f/859faf744fab87c2e1749ef1e7bce1f7550ab1b384c872d657063beb0ac2/mypy-0.761-cp36-cp36m-manylinux1_x86_64.whl (24.1MB)
Collecting Pillow==7.0.0
  Downloading https://files.pythonhosted.org/packages/19/5e/23dcc0ce3cc2abe92efd3cd61d764bee6ccdf1b667a1fb566f45dc249953/Pillow-7.0.0-cp36-cp36m-manylinux1_x86_64.whl (2.1MB)
Collecting tox<4.0.0
  Downloading https://files.pythonhosted.org/packages/77/a7/a5b721d9bf955edfe36013e5ecc9136fc6b2fef622ab1797ff0560273d8e/tox-3.14.3-py2.py3-none-any.whl (80kB)
Collecting pytest==5.3.1
  Downloading https://files.pythonhosted.org/packages/da/ed/d22d7f06eb1107271694ed2171b9d52e8eea38d9757124e75ba13324ac77/pytest-5.3.1-py3-none-any.whl (233kB)
Collecting pytest-cov==2.8.1
  Downloading https://files.pythonhosted.org/packages/b9/54/3673ee8be482f81527678ac894276223b9814bb7262e4f730469bb7bf70e/pytest_cov-2.8.1-py2.py3-none-any.whl
Collecting coverage==4.5.4
  Downloading https://files.pythonhosted.org/packages/51/b1/13609068fff1c8c056f0c4601ad6985cf5c1bbfc529196ab08bd2a57dc39/coverage-4.5.4-cp36-cp36m-manylinux1_x86_64.whl (205kB)
Collecting Werkzeug>=0.15
  Downloading https://files.pythonhosted.org/packages/c2/e4/a859d2fe516f466642fa5c6054fd9646271f9da26b0cac0d2f37fc858c8f/Werkzeug-0.16.1-py2.py3-none-any.whl (327kB)
Collecting itsdangerous>=0.24
  Downloading https://files.pythonhosted.org/packages/76/ae/44b03b253d6fade317f32c24d100b3b35c2239807046a4c953c7b89fa49e/itsdangerous-1.1.0-py2.py3-none-any.whl
Collecting Jinja2>=2.10.1
  Downloading https://files.pythonhosted.org/packages/27/24/4f35961e5c669e96f6559760042a55b9bcfcdb82b9bdb3c8753dbe042e35/Jinja2-2.11.1-py2.py3-none-any.whl (126kB)
Collecting click>=5.1
  Downloading https://files.pythonhosted.org/packages/fa/37/45185cb5abbc30d7257104c434fe0b07e5a195a6847506c074527aa599ec/Click-7.0-py2.py3-none-any.whl (81kB)
Requirement already satisfied: Six in /usr/local/lib/python3.6/site-packages (from Flask-cors<4.0.0->-r requirements.txt (line 2)) (1.13.0)
Collecting chardet<3.1.0,>=3.0.2
  Downloading https://files.pythonhosted.org/packages/bc/a9/01ffebfb562e4274b6487b4bb1ddec7ca55ec7510b22e4c51f14098443b8/chardet-3.0.4-py2.py3-none-any.whl (133kB)
Collecting urllib3!=1.25.0,!=1.25.1,<1.26,>=1.21.1
  Downloading https://files.pythonhosted.org/packages/e8/74/6e4f91745020f967d09332bb2b8b9b10090957334692eb88ea4afe91b77f/urllib3-1.25.8-py2.py3-none-any.whl (125kB)
Collecting certifi>=2017.4.17
  Downloading https://files.pythonhosted.org/packages/b9/63/df50cac98ea0d5b006c55a399c3bf1db9da7b5a24de7890bc9cfd5dd9e99/certifi-2019.11.28-py2.py3-none-any.whl (156kB)
Collecting idna<2.9,>=2.5
  Downloading https://files.pythonhosted.org/packages/14/2c/cd551d81dbe15200be1cf41cd03869a46fe7226e7450af7a6545bfc474c9/idna-2.8-py2.py3-none-any.whl (58kB)
Collecting threadloop<2,>=1
  Downloading https://files.pythonhosted.org/packages/d3/1d/8398c1645b97dc008d3c658e04beda01ede3d90943d40c8d56863cf891bd/threadloop-1.0.2.tar.gz
Collecting thrift
  Downloading https://files.pythonhosted.org/packages/97/1e/3284d19d7be99305eda145b8aa46b0c33244e4a496ec66440dac19f8274d/thrift-0.13.0.tar.gz (59kB)
Collecting tornado<6,>=4.3
  Downloading https://files.pythonhosted.org/packages/e6/78/6e7b5af12c12bdf38ca9bfe863fcaf53dc10430a312d0324e76c1e5ca426/tornado-5.1.1.tar.gz (516kB)
Requirement already satisfied: PyYAML in /usr/local/lib/python3.6/site-packages (from pyaml<20.0.0->-r requirements.txt (line 13)) (5.3)
Collecting pytz
  Downloading https://files.pythonhosted.org/packages/e7/f9/f0b53f88060247251bf481fa6ea62cd0d25bf1b11a87888e53ce5b7c8ad2/pytz-2019.3-py2.py3-none-any.whl (509kB)
Collecting configparser
  Downloading https://files.pythonhosted.org/packages/7a/2a/95ed0501cf5d8709490b1d3a3f9b5cf340da6c433f896bbe9ce08dbe6785/configparser-4.0.2-py2.py3-none-any.whl
Collecting python-dateutil
  Downloading https://files.pythonhosted.org/packages/d4/70/d60450c3dd48ef87586924207ae8907090de0b306af2bce5d134d78615cb/python_dateutil-2.8.1-py2.py3-none-any.whl (227kB)
Collecting azure-storage-common~=2.1
  Downloading https://files.pythonhosted.org/packages/6b/a0/6794b318ce0118d1a4053bdf0149a60807407db9b710354f2b203c2f5975/azure_storage_common-2.1.0-py2.py3-none-any.whl (47kB)
Collecting azure-common>=1.1.5
  Downloading https://files.pythonhosted.org/packages/3f/4b/8881f8446853dfe3d404468689edcff33c0e2bf62ac2ddf31d08d739fadc/azure_common-1.1.24-py2.py3-none-any.whl
Collecting google-resumable-media<0.6dev,>=0.5.0
  Downloading https://files.pythonhosted.org/packages/35/9e/f73325d0466ce5bdc36333f1aeb2892ead7b76e79bdb5c8b0493961fa098/google_resumable_media-0.5.0-py2.py3-none-any.whl
Collecting google-cloud-core<2.0dev,>=1.2.0
  Downloading https://files.pythonhosted.org/packages/89/3c/8a7531839028c9690e6d14c650521f3bbaf26e53baaeb2784b8c3eb2fb97/google_cloud_core-1.3.0-py2.py3-none-any.whl
Collecting google-auth<2.0dev,>=1.9.0
  Downloading https://files.pythonhosted.org/packages/1c/6d/7aae38a9022f982cf8167775c7fc299f203417b698c27080ce09060bba07/google_auth-1.11.0-py2.py3-none-any.whl (76kB)
Collecting mypy-extensions<0.5.0,>=0.4.3
  Downloading https://files.pythonhosted.org/packages/5c/eb/975c7c080f3223a5cdaff09612f3a5221e4ba534f7039db34c35d95fa6a5/mypy_extensions-0.4.3-py2.py3-none-any.whl
Collecting typing-extensions>=3.7.4
  Downloading https://files.pythonhosted.org/packages/03/92/705fe8aca27678e01bbdd7738173b8e7df0088a2202c80352f664630d638/typing_extensions-3.7.4.1-py3-none-any.whl
Collecting typed-ast<1.5.0,>=1.4.0
  Downloading https://files.pythonhosted.org/packages/90/ed/5459080d95eb87a02fe860d447197be63b6e2b5e9ff73c2b0a85622994f4/typed_ast-1.4.1-cp36-cp36m-manylinux1_x86_64.whl (737kB)
Collecting virtualenv>=16.0.0
  Downloading https://files.pythonhosted.org/packages/05/f1/2e07e8ca50e047b9cc9ad56cf4291f4e041fa73207d000a095fe478abf84/virtualenv-16.7.9-py2.py3-none-any.whl (3.4MB)
Collecting importlib-metadata<2,>=0.12; python_version < "3.8"
  Downloading https://files.pythonhosted.org/packages/8b/03/a00d504808808912751e64ccf414be53c29cad620e3de2421135fcae3025/importlib_metadata-1.5.0-py2.py3-none-any.whl
Collecting filelock<4,>=3.0.0
  Downloading https://files.pythonhosted.org/packages/93/83/71a2ee6158bb9f39a90c0dea1637f81d5eef866e188e1971a1b1ab01a35a/filelock-3.0.12-py3-none-any.whl
Collecting packaging>=14
  Downloading https://files.pythonhosted.org/packages/98/42/87c585dd3b113c775e65fd6b8d9d0a43abe1819c471d7af702d4e01e9b20/packaging-20.1-py2.py3-none-any.whl
Collecting pluggy<1,>=0.12.0
  Downloading https://files.pythonhosted.org/packages/a0/28/85c7aa31b80d150b772fbe4a229487bc6644da9ccb7e427dd8cc60cb8a62/pluggy-0.13.1-py2.py3-none-any.whl
Collecting toml>=0.9.4
  Downloading https://files.pythonhosted.org/packages/a2/12/ced7105d2de62fa7c8fb5fce92cc4ce66b57c95fb875e9318dba7f8c5db0/toml-0.10.0-py2.py3-none-any.whl
Collecting py<2,>=1.4.17
  Downloading https://files.pythonhosted.org/packages/99/8d/21e1767c009211a62a8e3067280bfce76e89c9f876180308515942304d2d/py-1.8.1-py2.py3-none-any.whl (83kB)
Collecting wcwidth
  Downloading https://files.pythonhosted.org/packages/58/b4/4850a0ccc6f567cc0ebe7060d20ffd4258b8210efadc259da62dc6ed9c65/wcwidth-0.1.8-py2.py3-none-any.whl
Collecting attrs>=17.4.0
  Downloading https://files.pythonhosted.org/packages/a2/db/4313ab3be961f7a763066401fb77f7748373b6094076ae2bda2806988af6/attrs-19.3.0-py2.py3-none-any.whl
Collecting more-itertools>=4.0.0
  Downloading https://files.pythonhosted.org/packages/72/96/4297306cc270eef1e3461da034a3bebe7c84eff052326b130824e98fc3fb/more_itertools-8.2.0-py3-none-any.whl (43kB)
Collecting MarkupSafe>=0.23
  Downloading https://files.pythonhosted.org/packages/b2/5f/23e0023be6bb885d00ffbefad2942bc51a620328ee910f64abe5a8d18dd1/MarkupSafe-1.1.1-cp36-cp36m-manylinux1_x86_64.whl
Collecting cryptography
  Downloading https://files.pythonhosted.org/packages/ca/9a/7cece52c46546e214e10811b36b2da52ce1ea7fa203203a629b8dfadad53/cryptography-2.8-cp34-abi3-manylinux2010_x86_64.whl (2.3MB)
Collecting google-api-core<2.0.0dev,>=1.16.0
  Downloading https://files.pythonhosted.org/packages/63/7e/a523169b0cc9ce62d56e07571db927286a94b1a5f51ac220bd97db825c77/google_api_core-1.16.0-py2.py3-none-any.whl (70kB)
Collecting cachetools<5.0,>=2.0.0
  Downloading https://files.pythonhosted.org/packages/08/6a/abf83cb951617793fd49c98cb9456860f5df66ff89883c8660aa0672d425/cachetools-4.0.0-py3-none-any.whl
Collecting rsa<4.1,>=3.1.4
  Downloading https://files.pythonhosted.org/packages/02/e5/38518af393f7c214357079ce67a317307936896e961e35450b70fad2a9cf/rsa-4.0-py2.py3-none-any.whl
Collecting pyasn1-modules>=0.2.1
  Downloading https://files.pythonhosted.org/packages/95/de/214830a981892a3e286c3794f41ae67a4495df1108c3da8a9f62159b9a9d/pyasn1_modules-0.2.8-py2.py3-none-any.whl (155kB)
Collecting zipp>=0.5
  Downloading https://files.pythonhosted.org/packages/be/69/4ac28bf238f287f1677f41392e24d2c4ffafcf11648c23824f5f62ef6ccb/zipp-2.1.0-py3-none-any.whl
Collecting pyparsing>=2.0.2
  Downloading https://files.pythonhosted.org/packages/5d/bc/1e58593167fade7b544bfe9502a26dc860940a79ab306e651e7f13be68c2/pyparsing-2.4.6-py2.py3-none-any.whl (67kB)
Collecting cffi!=1.11.3,>=1.8
  Downloading https://files.pythonhosted.org/packages/49/72/0d42f94fe94afa8030350c26e9d787219f3f008ec9bf6b86c66532b29236/cffi-1.13.2-cp36-cp36m-manylinux1_x86_64.whl (397kB)
Collecting googleapis-common-protos<2.0dev,>=1.6.0
  Downloading https://files.pythonhosted.org/packages/05/46/168fd780f594a4d61122f7f3dc0561686084319ad73b4febbf02ae8b32cf/googleapis-common-protos-1.51.0.tar.gz
Collecting pyasn1>=0.1.3
  Downloading https://files.pythonhosted.org/packages/62/1e/a94a8d635fa3ce4cfc7f506003548d0a2447ae76fd5ca53932970fe3053f/pyasn1-0.4.8-py2.py3-none-any.whl (77kB)
Collecting pycparser
  Downloading https://files.pythonhosted.org/packages/68/9e/49196946aee219aead1290e00d1e7fdeab8567783e83e1b9ab5585e6206a/pycparser-2.19.tar.gz (158kB)
Building wheels for collected packages: Flask-OpenTracing, opentracing, jaeger-client, threadloop, thrift, tornado, googleapis-common-protos, pycparser
  Building wheel for Flask-OpenTracing (setup.py): started
  Building wheel for Flask-OpenTracing (setup.py): finished with status 'done'
  Created wheel for Flask-OpenTracing: filename=Flask_OpenTracing-1.1.0-cp36-none-any.whl size=9071 sha256=d6544903edc9092589d1296e698be530033d9d67b8af56aef2790c067b717c83
  Stored in directory: /builder/home/.cache/pip/wheels/7b/dc/25/3cf0b35c129232ee596c413f13d1d1f5a8e38c427266276dfd
  Building wheel for opentracing (setup.py): started
  Building wheel for opentracing (setup.py): finished with status 'done'
  Created wheel for opentracing: filename=opentracing-2.2.0-cp36-none-any.whl size=49320 sha256=ac0dd120fdd62fd8f280afcdcdddcd4544d0a15d87c8ef973abd739a99488590
  Stored in directory: /builder/home/.cache/pip/wheels/93/e9/b5/1cdc3544f99a54caca13832b5afa26fd98701fe709dc049576
  Building wheel for jaeger-client (setup.py): started
  Building wheel for jaeger-client (setup.py): finished with status 'done'
  Created wheel for jaeger-client: filename=jaeger_client-4.1.0-cp36-none-any.whl size=64309 sha256=583290de645a0c9f179da0dce3ce7df92ce5419a4f24bbab623f715b2c3b594c
  Stored in directory: /builder/home/.cache/pip/wheels/f2/84/7f/e89da3ee8ce35598d6382b6389fa2ada5d66acca2422537994
  Building wheel for threadloop (setup.py): started
  Building wheel for threadloop (setup.py): finished with status 'done'
  Created wheel for threadloop: filename=threadloop-1.0.2-cp36-none-any.whl size=3425 sha256=133a56520e4c800ae1d9e64a002a9eb5394dd4ce97f10cabfd82b8fed0c29db9
  Stored in directory: /builder/home/.cache/pip/wheels/d7/7a/30/d212623a4cd34f6cce400f8122b1b7af740d3440c68023d51f
  Building wheel for thrift (setup.py): started
  Building wheel for thrift (setup.py): finished with status 'done'
  Created wheel for thrift: filename=thrift-0.13.0-cp36-cp36m-linux_x86_64.whl size=483873 sha256=da900249e2fc12baa776b3a38ebb00d37912d55df2712ab9ddd499eadc68aa9e
  Stored in directory: /builder/home/.cache/pip/wheels/02/a2/46/689ccfcf40155c23edc7cdbd9de488611c8fdf49ff34b1706e
  Building wheel for tornado (setup.py): started
  Building wheel for tornado (setup.py): finished with status 'done'
  Created wheel for tornado: filename=tornado-5.1.1-cp36-cp36m-linux_x86_64.whl size=462649 sha256=c01c3cafe1de6f35444e250877c2686172044f2f67e948e65e82633c47b9f572
  Stored in directory: /builder/home/.cache/pip/wheels/6d/e1/ce/f4ee2fa420cc6b940123c64992b81047816d0a9fad6b879325
  Building wheel for googleapis-common-protos (setup.py): started
  Building wheel for googleapis-common-protos (setup.py): finished with status 'done'
  Created wheel for googleapis-common-protos: filename=googleapis_common_protos-1.51.0-cp36-none-any.whl size=77593 sha256=4151009abffa50ccd892a3b3c4a63462c2a2a5416d3ffcece6d8131485216335
  Stored in directory: /builder/home/.cache/pip/wheels/2c/f9/7f/6eb87e636072bf467e25348bbeb96849333e6a080dca78f706
  Building wheel for pycparser (setup.py): started
  Building wheel for pycparser (setup.py): finished with status 'done'
  Created wheel for pycparser: filename=pycparser-2.19-py2.py3-none-any.whl size=111029 sha256=01a0cf9683bbede4028acdaee1c467560f09765b69c12d1054b89b35e65374eb
  Stored in directory: /builder/home/.cache/pip/wheels/f2/9a/90/de94f8556265ddc9d9c8b271b0f63e57b26fb1d67a45564511
Successfully built Flask-OpenTracing opentracing jaeger-client threadloop thrift tornado googleapis-common-protos pycparser
Installing collected packages: Werkzeug, itsdangerous, MarkupSafe, Jinja2, click, Flask, Flask-cors, redis, chardet, urllib3, certifi, idna, requests, numpy, flatbuffers, opentracing, Flask-OpenTracing, tornado, threadloop, thrift, jaeger-client, grpcio-opentracing, pyaml, gunicorn, pytz, configparser, python-dateutil, minio, azure-common, pycparser, cffi, cryptography, azure-storage-common, azure-storage-blob, pandas, google-resumable-media, googleapis-common-protos, cachetools, pyasn1, rsa, pyasn1-modules, google-auth, google-api-core, google-cloud-core, google-cloud-storage, mypy-extensions, typing-extensions, typed-ast, mypy, Pillow, virtualenv, zipp, importlib-metadata, filelock, pyparsing, packaging, pluggy, toml, py, tox, wcwidth, attrs, more-itertools, pytest, coverage, pytest-cov, seldon-core
  Running setup.py develop for seldon-core
Successfully installed Flask-1.1.1 Flask-OpenTracing-1.1.0 Flask-cors-3.0.8 Jinja2-2.11.1 MarkupSafe-1.1.1 Pillow-7.0.0 Werkzeug-0.16.1 attrs-19.3.0 azure-common-1.1.24 azure-storage-blob-2.1.0 azure-storage-common-2.1.0 cachetools-4.0.0 certifi-2019.11.28 cffi-1.13.2 chardet-3.0.4 click-7.0 configparser-4.0.2 coverage-4.5.4 cryptography-2.8 filelock-3.0.12 flatbuffers-1.11 google-api-core-1.16.0 google-auth-1.11.0 google-cloud-core-1.3.0 google-cloud-storage-1.25.0 google-resumable-media-0.5.0 googleapis-common-protos-1.51.0 grpcio-opentracing-1.1.4 gunicorn-20.0.4 idna-2.8 importlib-metadata-1.5.0 itsdangerous-1.1.0 jaeger-client-4.1.0 minio-5.0.7 more-itertools-8.2.0 mypy-0.761 mypy-extensions-0.4.3 numpy-1.18.1 opentracing-2.2.0 packaging-20.1 pandas-0.25.3 pluggy-0.13.1 py-1.8.1 pyaml-19.12.0 pyasn1-0.4.8 pyasn1-modules-0.2.8 pycparser-2.19 pyparsing-2.4.6 pytest-5.3.1 pytest-cov-2.8.1 python-dateutil-2.8.1 pytz-2019.3 redis-3.4.1 requests-2.22.0 rsa-4.0 seldon-core threadloop-1.0.2 thrift-0.13.0 toml-0.10.0 tornado-5.1.1 tox-3.14.3 typed-ast-1.4.1 typing-extensions-3.7.4.1 urllib3-1.25.8 virtualenv-16.7.9 wcwidth-0.1.8 zipp-2.1.0
WARNING: You are using pip version 19.3.1; however, version 20.0.2 is available.
You should consider upgrading via the 'pip install --upgrade pip' command.
make: Leaving directory '/workspace/source/python'
cp ../../proto/prediction.proto ./proto
cd ../../proto/tensorflow && make create_protos
make[1]: Entering directory '/workspace/source/proto/tensorflow'
./create-protos.sh
Downloading proto files for master
make[1]: Leaving directory '/workspace/source/proto/tensorflow'
cp -vr ../../proto/tensorflow/tensorflow .
'../../proto/tensorflow/tensorflow' -> './tensorflow'
'../../proto/tensorflow/tensorflow/core' -> './tensorflow/core'
'../../proto/tensorflow/tensorflow/core/framework' -> './tensorflow/core/framework'
'../../proto/tensorflow/tensorflow/core/framework/types.proto' -> './tensorflow/core/framework/types.proto'
'../../proto/tensorflow/tensorflow/core/framework/resource_handle.proto' -> './tensorflow/core/framework/resource_handle.proto'
'../../proto/tensorflow/tensorflow/core/framework/tensor_shape.proto' -> './tensorflow/core/framework/tensor_shape.proto'
'../../proto/tensorflow/tensorflow/core/framework/tensor.proto' -> './tensorflow/core/framework/tensor.proto'
python -m grpc.tools.protoc -I. --python_out=. --grpc_python_out=. ./proto/prediction.proto
cd ../../notebooks && make build_protos
make[1]: Entering directory '/workspace/source/notebooks'
cd ../proto/tensorflow && make create_protos
make[2]: Entering directory '/workspace/source/proto/tensorflow'
make[2]: Nothing to be done for 'create_protos'.
make[2]: Leaving directory '/workspace/source/proto/tensorflow'
cp -vr ../proto/tensorflow/tensorflow .
'../proto/tensorflow/tensorflow' -> './tensorflow'
'../proto/tensorflow/tensorflow/core' -> './tensorflow/core'
'../proto/tensorflow/tensorflow/core/framework' -> './tensorflow/core/framework'
'../proto/tensorflow/tensorflow/core/framework/types.proto' -> './tensorflow/core/framework/types.proto'
'../proto/tensorflow/tensorflow/core/framework/resource_handle.proto' -> './tensorflow/core/framework/resource_handle.proto'
'../proto/tensorflow/tensorflow/core/framework/tensor_shape.proto' -> './tensorflow/core/framework/tensor_shape.proto'
'../proto/tensorflow/tensorflow/core/framework/tensor.proto' -> './tensorflow/core/framework/tensor.proto'
cp ../proto/prediction.proto ./proto
python -m grpc.tools.protoc -I. --python_out=. --grpc_python_out=. ./proto/prediction.proto
make[1]: Leaving directory '/workspace/source/notebooks'
cd ../../proto/k8s && make create_protos
make[1]: Entering directory '/workspace/source/proto/k8s'
./create-k8s-protos.sh
Downloading proto files for master
Munging proto file packages
sed -i.bak 's|import "k8s.io/apiextensions-apiserver/|//import "k8s.io/apiextensions-apiserver/|' k8s.io/api/core/v1/generated.proto
rm k8s.io/api/core/v1/generated.proto.bak
make[1]: Leaving directory '/workspace/source/proto/k8s'
pip install -r dev_requirements.txt
Obtaining file:///workspace/source/python (from -r dev_requirements.txt (line 8))
Requirement already satisfied: pytest==5.3.1 in /usr/local/lib/python3.6/site-packages (from -r dev_requirements.txt (line 1)) (5.3.1)
Collecting pytest-xdist==1.30.0
  Downloading https://files.pythonhosted.org/packages/f7/80/2af1fc039f779f61c7207dc9f79a1479874e7795f869fddaf135efde1cd4/pytest_xdist-1.30.0-py2.py3-none-any.whl
Requirement already satisfied: pytest-cov==2.8.1 in /usr/local/lib/python3.6/site-packages (from -r dev_requirements.txt (line 3)) (2.8.1)
Requirement already satisfied: coverage==4.5.4 in /usr/local/lib/python3.6/site-packages (from -r dev_requirements.txt (line 5)) (4.5.4)
Collecting retrying
  Downloading https://files.pythonhosted.org/packages/44/ef/beae4b4ef80902f22e3af073397f079c96969c69b2c7d52a57ea9ae61c9d/retrying-1.3.3.tar.gz
Requirement already satisfied: Flask<2.0.0 in /usr/local/lib/python3.6/site-packages (from seldon-core==1.0.1->-r dev_requirements.txt (line 8)) (1.1.1)
Requirement already satisfied: Flask-cors<4.0.0 in /usr/local/lib/python3.6/site-packages (from seldon-core==1.0.1->-r dev_requirements.txt (line 8)) (3.0.8)
Requirement already satisfied: redis<4.0.0 in /usr/local/lib/python3.6/site-packages (from seldon-core==1.0.1->-r dev_requirements.txt (line 8)) (3.4.1)
Requirement already satisfied: requests<3.0.0 in /usr/local/lib/python3.6/site-packages (from seldon-core==1.0.1->-r dev_requirements.txt (line 8)) (2.22.0)
Requirement already satisfied: numpy<2.0.0 in /usr/local/lib/python3.6/site-packages (from seldon-core==1.0.1->-r dev_requirements.txt (line 8)) (1.18.1)
Requirement already satisfied: flatbuffers<2.0.0 in /usr/local/lib/python3.6/site-packages (from seldon-core==1.0.1->-r dev_requirements.txt (line 8)) (1.11)
Requirement already satisfied: protobuf<4.0.0 in /usr/local/lib/python3.6/site-packages (from seldon-core==1.0.1->-r dev_requirements.txt (line 8)) (3.11.2)
Requirement already satisfied: grpcio<2.0.0 in /usr/local/lib/python3.6/site-packages (from seldon-core==1.0.1->-r dev_requirements.txt (line 8)) (1.26.0)
Requirement already satisfied: Flask-OpenTracing<1.2.0,>=1.1.0 in /usr/local/lib/python3.6/site-packages (from seldon-core==1.0.1->-r dev_requirements.txt (line 8)) (1.1.0)
Requirement already satisfied: opentracing<2.3.0,>=2.2.0 in /usr/local/lib/python3.6/site-packages (from seldon-core==1.0.1->-r dev_requirements.txt (line 8)) (2.2.0)
Requirement already satisfied: jaeger-client<4.2.0,>=4.1.0 in /usr/local/lib/python3.6/site-packages (from seldon-core==1.0.1->-r dev_requirements.txt (line 8)) (4.1.0)
Requirement already satisfied: grpcio-opentracing<1.2.0,>=1.1.4 in /usr/local/lib/python3.6/site-packages (from seldon-core==1.0.1->-r dev_requirements.txt (line 8)) (1.1.4)
Requirement already satisfied: pyaml<20.0.0 in /usr/local/lib/python3.6/site-packages (from seldon-core==1.0.1->-r dev_requirements.txt (line 8)) (19.12.0)
Requirement already satisfied: gunicorn<20.1.0,>=19.9.0 in /usr/local/lib/python3.6/site-packages (from seldon-core==1.0.1->-r dev_requirements.txt (line 8)) (20.0.4)
Requirement already satisfied: minio<6.0.0,>=4.0.9 in /usr/local/lib/python3.6/site-packages (from seldon-core==1.0.1->-r dev_requirements.txt (line 8)) (5.0.7)
Requirement already satisfied: azure-storage-blob<3.0.0,>=2.0.1 in /usr/local/lib/python3.6/site-packages (from seldon-core==1.0.1->-r dev_requirements.txt (line 8)) (2.1.0)
Requirement already satisfied: setuptools>=41.0.0 in /usr/local/lib/python3.6/site-packages (from seldon-core==1.0.1->-r dev_requirements.txt (line 8)) (45.0.0)
Requirement already satisfied: attrs>=17.4.0 in /usr/local/lib/python3.6/site-packages (from pytest==5.3.1->-r dev_requirements.txt (line 1)) (19.3.0)
Requirement already satisfied: importlib-metadata>=0.12; python_version < "3.8" in /usr/local/lib/python3.6/site-packages (from pytest==5.3.1->-r dev_requirements.txt (line 1)) (1.5.0)
Requirement already satisfied: pluggy<1.0,>=0.12 in /usr/local/lib/python3.6/site-packages (from pytest==5.3.1->-r dev_requirements.txt (line 1)) (0.13.1)
Requirement already satisfied: wcwidth in /usr/local/lib/python3.6/site-packages (from pytest==5.3.1->-r dev_requirements.txt (line 1)) (0.1.8)
Requirement already satisfied: more-itertools>=4.0.0 in /usr/local/lib/python3.6/site-packages (from pytest==5.3.1->-r dev_requirements.txt (line 1)) (8.2.0)
Requirement already satisfied: py>=1.5.0 in /usr/local/lib/python3.6/site-packages (from pytest==5.3.1->-r dev_requirements.txt (line 1)) (1.8.1)
Requirement already satisfied: packaging in /usr/local/lib/python3.6/site-packages (from pytest==5.3.1->-r dev_requirements.txt (line 1)) (20.1)
Collecting pytest-forked
  Downloading https://files.pythonhosted.org/packages/03/1e/81235e1fcfed57a4e679d34794d60c01a1e9a29ef5b9844d797716111d80/pytest_forked-1.1.3-py2.py3-none-any.whl
Collecting execnet>=1.1
  Downloading https://files.pythonhosted.org/packages/d3/2e/c63af07fa471e0a02d05793c7a56a9f7d274a8489442a5dc4fb3b2b3c705/execnet-1.7.1-py2.py3-none-any.whl
Requirement already satisfied: six in /usr/local/lib/python3.6/site-packages (from pytest-xdist==1.30.0->-r dev_requirements.txt (line 2)) (1.13.0)
Requirement already satisfied: click>=5.1 in /usr/local/lib/python3.6/site-packages (from Flask<2.0.0->seldon-core==1.0.1->-r dev_requirements.txt (line 8)) (7.0)
Requirement already satisfied: Werkzeug>=0.15 in /usr/local/lib/python3.6/site-packages (from Flask<2.0.0->seldon-core==1.0.1->-r dev_requirements.txt (line 8)) (0.16.1)
Requirement already satisfied: Jinja2>=2.10.1 in /usr/local/lib/python3.6/site-packages (from Flask<2.0.0->seldon-core==1.0.1->-r dev_requirements.txt (line 8)) (2.11.1)
Requirement already satisfied: itsdangerous>=0.24 in /usr/local/lib/python3.6/site-packages (from Flask<2.0.0->seldon-core==1.0.1->-r dev_requirements.txt (line 8)) (1.1.0)
Requirement already satisfied: idna<2.9,>=2.5 in /usr/local/lib/python3.6/site-packages (from requests<3.0.0->seldon-core==1.0.1->-r dev_requirements.txt (line 8)) (2.8)
Requirement already satisfied: chardet<3.1.0,>=3.0.2 in /usr/local/lib/python3.6/site-packages (from requests<3.0.0->seldon-core==1.0.1->-r dev_requirements.txt (line 8)) (3.0.4)
Requirement already satisfied: certifi>=2017.4.17 in /usr/local/lib/python3.6/site-packages (from requests<3.0.0->seldon-core==1.0.1->-r dev_requirements.txt (line 8)) (2019.11.28)
Requirement already satisfied: urllib3!=1.25.0,!=1.25.1,<1.26,>=1.21.1 in /usr/local/lib/python3.6/site-packages (from requests<3.0.0->seldon-core==1.0.1->-r dev_requirements.txt (line 8)) (1.25.8)
Requirement already satisfied: thrift in /usr/local/lib/python3.6/site-packages (from jaeger-client<4.2.0,>=4.1.0->seldon-core==1.0.1->-r dev_requirements.txt (line 8)) (0.13.0)
Requirement already satisfied: threadloop<2,>=1 in /usr/local/lib/python3.6/site-packages (from jaeger-client<4.2.0,>=4.1.0->seldon-core==1.0.1->-r dev_requirements.txt (line 8)) (1.0.2)
Requirement already satisfied: tornado<6,>=4.3 in /usr/local/lib/python3.6/site-packages (from jaeger-client<4.2.0,>=4.1.0->seldon-core==1.0.1->-r dev_requirements.txt (line 8)) (5.1.1)
Requirement already satisfied: PyYAML in /usr/local/lib/python3.6/site-packages (from pyaml<20.0.0->seldon-core==1.0.1->-r dev_requirements.txt (line 8)) (5.3)
Requirement already satisfied: python-dateutil in /usr/local/lib/python3.6/site-packages (from minio<6.0.0,>=4.0.9->seldon-core==1.0.1->-r dev_requirements.txt (line 8)) (2.8.1)
Requirement already satisfied: pytz in /usr/local/lib/python3.6/site-packages (from minio<6.0.0,>=4.0.9->seldon-core==1.0.1->-r dev_requirements.txt (line 8)) (2019.3)
Requirement already satisfied: configparser in /usr/local/lib/python3.6/site-packages (from minio<6.0.0,>=4.0.9->seldon-core==1.0.1->-r dev_requirements.txt (line 8)) (4.0.2)
Requirement already satisfied: azure-common>=1.1.5 in /usr/local/lib/python3.6/site-packages (from azure-storage-blob<3.0.0,>=2.0.1->seldon-core==1.0.1->-r dev_requirements.txt (line 8)) (1.1.24)
Requirement already satisfied: azure-storage-common~=2.1 in /usr/local/lib/python3.6/site-packages (from azure-storage-blob<3.0.0,>=2.0.1->seldon-core==1.0.1->-r dev_requirements.txt (line 8)) (2.1.0)
Requirement already satisfied: zipp>=0.5 in /usr/local/lib/python3.6/site-packages (from importlib-metadata>=0.12; python_version < "3.8"->pytest==5.3.1->-r dev_requirements.txt (line 1)) (2.1.0)
Requirement already satisfied: pyparsing>=2.0.2 in /usr/local/lib/python3.6/site-packages (from packaging->pytest==5.3.1->-r dev_requirements.txt (line 1)) (2.4.6)
Collecting apipkg>=1.4
  Downloading https://files.pythonhosted.org/packages/67/08/4815a09603fc800209431bec5b8bd2acf2f95abdfb558a44a42507fb94da/apipkg-1.5-py2.py3-none-any.whl
Requirement already satisfied: MarkupSafe>=0.23 in /usr/local/lib/python3.6/site-packages (from Jinja2>=2.10.1->Flask<2.0.0->seldon-core==1.0.1->-r dev_requirements.txt (line 8)) (1.1.1)
Requirement already satisfied: cryptography in /usr/local/lib/python3.6/site-packages (from azure-storage-common~=2.1->azure-storage-blob<3.0.0,>=2.0.1->seldon-core==1.0.1->-r dev_requirements.txt (line 8)) (2.8)
Requirement already satisfied: cffi!=1.11.3,>=1.8 in /usr/local/lib/python3.6/site-packages (from cryptography->azure-storage-common~=2.1->azure-storage-blob<3.0.0,>=2.0.1->seldon-core==1.0.1->-r dev_requirements.txt (line 8)) (1.13.2)
Requirement already satisfied: pycparser in /usr/local/lib/python3.6/site-packages (from cffi!=1.11.3,>=1.8->cryptography->azure-storage-common~=2.1->azure-storage-blob<3.0.0,>=2.0.1->seldon-core==1.0.1->-r dev_requirements.txt (line 8)) (2.19)
Building wheels for collected packages: retrying
  Building wheel for retrying (setup.py): started
  Building wheel for retrying (setup.py): finished with status 'done'
  Created wheel for retrying: filename=retrying-1.3.3-cp36-none-any.whl size=11429 sha256=268046271b7afbb5ecc2dacc6412d7a3d8145d415e03c3cda19d9fadb7f7b123
  Stored in directory: /builder/home/.cache/pip/wheels/d7/a9/33/acc7b709e2a35caa7d4cae442f6fe6fbf2c43f80823d46460c
Successfully built retrying
Installing collected packages: pytest-forked, apipkg, execnet, pytest-xdist, retrying, seldon-core
  Found existing installation: seldon-core 1.0.1
    Uninstalling seldon-core-1.0.1:
      Successfully uninstalled seldon-core-1.0.1
  Running setup.py develop for seldon-core
Successfully installed apipkg-1.5 execnet-1.7.1 pytest-forked-1.1.3 pytest-xdist-1.30.0 retrying-1.3.3 seldon-core
WARNING: You are using pip version 19.3.1; however, version 20.0.2 is available.
You should consider upgrading via the 'pip install --upgrade pip' command.
# Run the core tests in parallel
pytest \
	--verbose \
	-s \
	-W ignore \
	-n "4" \
	-m "not sequential" 2>&1
============================= test session starts ==============================
platform linux -- Python 3.6.0, pytest-5.3.1, py-1.8.1, pluggy-0.13.1 -- /usr/local/bin/python
cachedir: .pytest_cache
rootdir: /workspace/source/testing/scripts, inifile: setup.cfg
plugins: xdist-1.30.0, forked-1.1.3, cov-2.8.1
gw0 I / gw1 I / gw2 I / gw3 I
[gw0] linux Python 3.6.0 cwd: /workspace/source/testing/scripts
[gw1] linux Python 3.6.0 cwd: /workspace/source/testing/scripts
[gw2] linux Python 3.6.0 cwd: /workspace/source/testing/scripts
[gw3] linux Python 3.6.0 cwd: /workspace/source/testing/scripts
[gw0] Python 3.6.0 (default, Jan 13 2020, 16:14:11)  -- [GCC 8.3.0]
[gw2] Python 3.6.0 (default, Jan 13 2020, 16:14:11)  -- [GCC 8.3.0]
[gw1] Python 3.6.0 (default, Jan 13 2020, 16:14:11)  -- [GCC 8.3.0]
[gw3] Python 3.6.0 (default, Jan 13 2020, 16:14:11)  -- [GCC 8.3.0]
gw0 [36] / gw1 [36] / gw2 [36] / gw3 [36]

scheduling tests via LoadScheduling

test_api_version.py::test_api_version[machinelearning.seldon.io/v1] 
test_api_version.py::test_api_version[machinelearning.seldon.io/v1alpha2] 
test_api_version.py::test_api_version[machinelearning.seldon.io/v1alpha3] 
test_bad_graphs.py::TestBadGraphs::test_duplicate_predictor_name Error from server (SeldonDeployment.machinelearing.seldon.io "dupname" is invalid: [spec.predictors[1]: Invalid value: "mymodel": Duplicate predictor name, spec: Invalid value: "dupname": Traffic must sum to 100 for multiple predictors]): error when creating "../resources/bad_duplicate_predictor_name.json": admission webhook "vseldondeployment.kb.io" denied the request: SeldonDeployment.machinelearing.seldon.io "dupname" is invalid: [spec.predictors[1]: Invalid value: "mymodel": Duplicate predictor name, spec: Invalid value: "dupname": Traffic must sum to 100 for multiple predictors]

[gw3] PASSED test_bad_graphs.py::TestBadGraphs::test_duplicate_predictor_name 
test_helm_charts_clusterwide.py::TestClusterWide::test_mab_model Error: uninstall: Release not loaded: mymodel: release: not found

[gw1] PASSED test_api_version.py::test_api_version[machinelearning.seldon.io/v1] Error: uninstall: Release not loaded: mymab: release: not found

[gw3] PASSED test_helm_charts_clusterwide.py::TestClusterWide::test_mab_model Error: uninstall: Release not loaded: mymodel: release: not found

[gw2] PASSED test_api_version.py::test_api_version[machinelearning.seldon.io/v1alpha3] Error: uninstall: Release not loaded: mymodel: release: not found

[gw0] PASSED test_api_version.py::test_api_version[machinelearning.seldon.io/v1alpha2] 
test_helm_charts_clusterwide.py::TestClusterWide::test_abtest_model 
test_helm_charts_clusterwide.py::TestClusterWide::test_single_model 
test_local_operators.py::TestLocalOperators::test_labelled_operator 
test_bad_graphs.py::TestBadGraphs::test_model_name_mismatch Error from server (SeldonDeployment.machinelearing.seldon.io "namemismatch" is invalid: spec.predictors[0].graph: Invalid value: "complex-model_bad_name": Can't find container for Predictive Unit): error when creating "../resources/bad_name_mismatch.json": admission webhook "vseldondeployment.kb.io" denied the request: SeldonDeployment.machinelearing.seldon.io "namemismatch" is invalid: spec.predictors[0].graph: Invalid value: "complex-model_bad_name": Can't find container for Predictive Unit

[gw0] PASSED test_bad_graphs.py::TestBadGraphs::test_model_name_mismatch 
test_local_operators.py::TestLocalOperators::test_namespace_operator Error from server (InternalError): error when creating "../resources/model_controller_id.yaml": Internal error occurred: failed calling webhook "mseldondeployment.kb.io": Post https://seldon-webhook-service.test-labelled-operator.svc:443/mutate-machinelearning-seldon-io-v1alpha2-seldondeployment?timeout=30s: dial tcp 10.96.129.76:443: connect: connection refused
Error: uninstall: Release not loaded: myabtest: release: not found

[gw1] PASSED test_helm_charts_clusterwide.py::TestClusterWide::test_abtest_model Error: uninstall: Release not loaded: mymodel: release: not found

[gw2] PASSED test_helm_charts_clusterwide.py::TestClusterWide::test_single_model 
[gw0] PASSED test_local_operators.py::TestLocalOperators::test_namespace_operator 
[gw3] PASSED test_local_operators.py::TestLocalOperators::test_labelled_operator 
test_rolling_updates.py::TestRollingHttp::test_rolling_update1[ambas] 
test_prepackaged_servers.py::TestPrepack::test_tfserving 
test_prepackaged_servers.py::TestPrepack::test_sklearn 
test_prepackaged_servers.py::TestPrepack::test_mlflow Error from server (NotFound): error when deleting "../resources/graph2.json": seldondeployments.machinelearning.seldon.io "mymodel" not found

[gw0] PASSED test_rolling_updates.py::TestRollingHttp::test_rolling_update1[ambas] 
[gw3] PASSED test_prepackaged_servers.py::TestPrepack::test_sklearn 
test_rolling_updates.py::TestRollingHttp::test_rolling_update1[istio] 
test_rolling_updates.py::TestRollingHttp::test_rolling_update2[ambas] 
[gw2] PASSED test_prepackaged_servers.py::TestPrepack::test_mlflow 
[gw1] PASSED test_prepackaged_servers.py::TestPrepack::test_tfserving Error from server (NotFound): error when deleting "../resources/graph2.json": seldondeployments.machinelearning.seldon.io "mymodel" not found

[gw0] PASSED test_rolling_updates.py::TestRollingHttp::test_rolling_update1[istio] 
test_rolling_updates.py::TestRollingHttp::test_rolling_update2[istio] 
[gw3] FAILED test_rolling_updates.py::TestRollingHttp::test_rolling_update2[ambas] 
test_prepackaged_servers.py::TestPrepack::test_xgboost 
test_rolling_updates.py::TestRollingHttp::test_rolling_update3[ambas] 
test_rolling_updates.py::TestRollingHttp::test_rolling_update3[istio] Error from server (NotFound): error when deleting "../resources/graph3.json": seldondeployments.machinelearning.seldon.io "mymodel" not found

[gw2] PASSED test_rolling_updates.py::TestRollingHttp::test_rolling_update2[istio] 
[gw1] PASSED test_prepackaged_servers.py::TestPrepack::test_xgboost 
test_rolling_updates.py::TestRollingHttp::test_rolling_update4[ambas] 
test_rolling_updates.py::TestRollingHttp::test_rolling_update4[istio] Error from server (NotFound): error when deleting "../resources/graph4.json": seldondeployments.machinelearning.seldon.io "mymodel" not found

[gw0] PASSED test_rolling_updates.py::TestRollingHttp::test_rolling_update3[ambas] Error from server (NotFound): error when deleting "../resources/graph4.json": seldondeployments.machinelearning.seldon.io "mymodel" not found

[gw3] PASSED test_rolling_updates.py::TestRollingHttp::test_rolling_update3[istio] 
test_rolling_updates.py::TestRollingHttp::test_rolling_update5[istio] 
test_rolling_updates.py::TestRollingHttp::test_rolling_update5[ambas] 
[gw2] FAILED test_rolling_updates.py::TestRollingHttp::test_rolling_update4[ambas] 
test_rolling_updates.py::TestRollingHttp::test_rolling_update6[ambas] Error from server (NotFound): error when deleting "../resources/graph5.json": seldondeployments.machinelearning.seldon.io "mymodel" not found

[gw1] PASSED test_rolling_updates.py::TestRollingHttp::test_rolling_update4[istio] Error from server (NotFound): error when deleting "../resources/graph6.json": seldondeployments.machinelearning.seldon.io "mymodel" not found

[gw3] PASSED test_rolling_updates.py::TestRollingHttp::test_rolling_update5[istio] Error from server (NotFound): error when deleting "../resources/graph6.json": seldondeployments.machinelearning.seldon.io "mymodel" not found

[gw0] PASSED test_rolling_updates.py::TestRollingHttp::test_rolling_update5[ambas] 
test_rolling_updates.py::TestRollingHttp::test_rolling_update6[istio] 
test_rolling_updates.py::TestRollingHttp::test_rolling_update7[istio] 
test_rolling_updates.py::TestRollingHttp::test_rolling_update7[ambas] Error from server (NotFound): error when deleting "../resources/graph2svc.json": seldondeployments.machinelearning.seldon.io "mymodel" not found

[gw2] PASSED test_rolling_updates.py::TestRollingHttp::test_rolling_update6[ambas] Error from server (NotFound): error when deleting "../resources/graph2svc.json": seldondeployments.machinelearning.seldon.io "mymodel" not found

[gw1] PASSED test_rolling_updates.py::TestRollingHttp::test_rolling_update6[istio] 
test_rolling_updates.py::TestRollingHttp::test_rolling_update8[ambas] Error from server (NotFound): error when deleting "../resources/graph3svc.json": seldondeployments.machinelearning.seldon.io "mymodel" not found

[gw0] PASSED test_rolling_updates.py::TestRollingHttp::test_rolling_update7[istio] Error from server (NotFound): error when deleting "../resources/graph3svc.json": seldondeployments.machinelearning.seldon.io "mymodel" not found

[gw3] PASSED test_rolling_updates.py::TestRollingHttp::test_rolling_update7[ambas] 
test_rolling_updates.py::TestRollingHttp::test_rolling_update8[istio] 
test_rolling_updates.py::TestRollingHttp::test_rolling_update9[ambas] 
test_rolling_updates.py::TestRollingHttp::test_rolling_update9[istio] Error from server (NotFound): error when deleting "../resources/graph4svc.json": seldondeployments.machinelearning.seldon.io "mymodel" not found

[gw2] PASSED test_rolling_updates.py::TestRollingHttp::test_rolling_update8[ambas] Error from server (NotFound): error when deleting "../resources/graph4svc.json": seldondeployments.machinelearning.seldon.io "mymodel" not found

[gw1] PASSED test_rolling_updates.py::TestRollingHttp::test_rolling_update8[istio] 
test_rolling_updates.py::TestRollingHttp::test_rolling_update10[ambas] Error from server (NotFound): error when deleting "../resources/graph5svc.json": seldondeployments.machinelearning.seldon.io "mymodel" not found

[gw0] PASSED test_rolling_updates.py::TestRollingHttp::test_rolling_update9[ambas] 
test_rolling_updates.py::TestRollingHttp::test_rolling_update10[istio] Error from server (NotFound): error when deleting "../resources/graph5svc.json": seldondeployments.machinelearning.seldon.io "mymodel" not found

[gw3] PASSED test_rolling_updates.py::TestRollingHttp::test_rolling_update9[istio] 
test_rolling_updates.py::test_rolling_update_deployment[graph1.json-graph8.json] Error from server (NotFound): error when deleting "../resources/graph6svc.json": seldondeployments.machinelearning.seldon.io "mymodel" not found

[gw2] PASSED test_rolling_updates.py::TestRollingHttp::test_rolling_update10[ambas] 
test_rolling_updates.py::test_rolling_update_deployment[graph7.json-graph8.json] Error from server (NotFound): error when deleting "../resources/graph6svc.json": seldondeployments.machinelearning.seldon.io "mymodel" not found

[gw1] PASSED test_rolling_updates.py::TestRollingHttp::test_rolling_update10[istio] Error from server (NotFound): error when deleting "../resources/graph8.json": seldondeployments.machinelearning.seldon.io "mymodel" not found

[gw0] PASSED test_rolling_updates.py::test_rolling_update_deployment[graph1.json-graph8.json] Error from server (NotFound): error when deleting "../resources/graph8.json": seldondeployments.machinelearning.seldon.io "mymodel" not found

[gw3] PASSED test_rolling_updates.py::test_rolling_update_deployment[graph7.json-graph8.json] 

=================================== FAILURES ===================================
_________________ TestRollingHttp.test_rolling_update2[ambas] __________________
[gw3] linux -- Python 3.6.0 /usr/local/bin/python

self = <test_rolling_updates.TestRollingHttp object at 0x7f76fe5bb438>
namespace = 'test-rolling-update2-ambas', api_gateway = 'localhost:8003'

    @with_api_gateways
    # test changing the image version and the name of its container
    def test_rolling_update2(self, namespace, api_gateway):
        if api_gateway == API_ISTIO_GATEWAY:
            retry_run(
                f"kubectl create -f ../resources/seldon-gateway.yaml -n {namespace}"
            )
        retry_run(f"kubectl apply -f ../resources/graph1.json -n {namespace}")
        wait_for_status("mymodel", namespace)
        wait_for_rollout("mymodel", namespace)
        logging.warning("Initial request")
        r = initial_rest_request("mymodel", namespace, endpoint=api_gateway)
        assert r.status_code == 200
        assert r.json()["data"]["tensor"]["values"] == [1.0, 2.0, 3.0, 4.0]
        retry_run(f"kubectl apply -f ../resources/graph3.json -n {namespace}")
        r = initial_rest_request("mymodel", namespace, endpoint=api_gateway)
        assert r.status_code == 200
        assert r.json()["data"]["tensor"]["values"] == [1.0, 2.0, 3.0, 4.0]
        i = 0
        for i in range(100):
            r = rest_request_ambassador("mymodel", namespace, api_gateway)
>           assert r.status_code == 200
E           assert 503 == 200
E             -503
E             +200

test_rolling_updates.py:84: AssertionError
------------------------------ Captured log setup ------------------------------
WARNING  root:seldon_e2e_utils.py:98 Successfully ran command: kubectl create namespace test-rolling-update2-ambas
------------------------------ Captured log call -------------------------------
WARNING  root:seldon_e2e_utils.py:98 Successfully ran command: kubectl apply -f ../resources/graph1.json -n test-rolling-update2-ambas
WARNING  root:seldon_e2e_utils.py:118 Failed to find status - sleeping
WARNING  root:seldon_e2e_utils.py:118 Failed to find status - sleeping
WARNING  root:seldon_e2e_utils.py:118 Failed to find status - sleeping
WARNING  root:seldon_e2e_utils.py:118 Failed to find status - sleeping
WARNING  root:seldon_e2e_utils.py:118 Failed to find status - sleeping
WARNING  root:seldon_e2e_utils.py:118 Failed to find status - sleeping
WARNING  root:seldon_e2e_utils.py:115 Status for SeldonDeployment mymodel is ready.
WARNING  root:seldon_e2e_utils.py:52 Successfully waited for SeldonDeployment mymodel
WARNING  root:seldon_e2e_utils.py:63 For SeldonDeployment mymodel found following deployments: ['mymodel-mymodel-e2eb561']
WARNING  root:seldon_e2e_utils.py:76 Waiting for deployment mymodel-mymodel-e2eb561
WARNING  root:seldon_e2e_utils.py:83 Successfully waited for deployment mymodel-mymodel-e2eb561
WARNING  root:test_rolling_updates.py:73 Initial request
WARNING  root:seldon_e2e_utils.py:98 Successfully ran command: kubectl apply -f ../resources/graph3.json -n test-rolling-update2-ambas
_________________ TestRollingHttp.test_rolling_update4[ambas] __________________
[gw2] linux -- Python 3.6.0 /usr/local/bin/python

self = <test_rolling_updates.TestRollingHttp object at 0x7f9c910792b0>
namespace = 'test-rolling-update4-ambas', api_gateway = 'localhost:8003'

    @with_api_gateways
    # Test updating a model with a multi deployment new model
    def test_rolling_update4(self, namespace, api_gateway):
        if api_gateway == API_ISTIO_GATEWAY:
            retry_run(
                f"kubectl create -f ../resources/seldon-gateway.yaml -n {namespace}"
            )
        retry_run(f"kubectl apply -f ../resources/graph1.json -n {namespace}")
        wait_for_status("mymodel", namespace)
        wait_for_rollout("mymodel", namespace)
        logging.warning("Initial request")
        r = initial_rest_request("mymodel", namespace, endpoint=api_gateway)
        assert r.status_code == 200
        assert r.json()["data"]["tensor"]["values"] == [1.0, 2.0, 3.0, 4.0]
        retry_run(f"kubectl apply -f ../resources/graph5.json -n {namespace}")
        r = initial_rest_request("mymodel", namespace, endpoint=api_gateway)
        assert r.status_code == 200
        assert r.json()["data"]["tensor"]["values"] == [1.0, 2.0, 3.0, 4.0]
        i = 0
        for i in range(50):
            r = rest_request_ambassador("mymodel", namespace, api_gateway)
>           assert r.status_code == 200
E           assert 504 == 200
E             -504
E             +200

test_rolling_updates.py:150: AssertionError
------------------------------ Captured log setup ------------------------------
WARNING  root:seldon_e2e_utils.py:98 Successfully ran command: kubectl create namespace test-rolling-update4-ambas
------------------------------ Captured log call -------------------------------
WARNING  root:seldon_e2e_utils.py:98 Successfully ran command: kubectl apply -f ../resources/graph1.json -n test-rolling-update4-ambas
WARNING  root:seldon_e2e_utils.py:118 Failed to find status - sleeping
WARNING  root:seldon_e2e_utils.py:118 Failed to find status - sleeping
WARNING  root:seldon_e2e_utils.py:118 Failed to find status - sleeping
WARNING  root:seldon_e2e_utils.py:118 Failed to find status - sleeping
WARNING  root:seldon_e2e_utils.py:118 Failed to find status - sleeping
WARNING  root:seldon_e2e_utils.py:115 Status for SeldonDeployment mymodel is ready.
WARNING  root:seldon_e2e_utils.py:52 Successfully waited for SeldonDeployment mymodel
WARNING  root:seldon_e2e_utils.py:63 For SeldonDeployment mymodel found following deployments: ['mymodel-mymodel-e2eb561']
WARNING  root:seldon_e2e_utils.py:76 Waiting for deployment mymodel-mymodel-e2eb561
WARNING  root:seldon_e2e_utils.py:83 Successfully waited for deployment mymodel-mymodel-e2eb561
WARNING  root:test_rolling_updates.py:139 Initial request
WARNING  root:seldon_e2e_utils.py:98 Successfully ran command: kubectl apply -f ../resources/graph5.json -n test-rolling-update4-ambas
=================== 2 failed, 34 passed in 954.35s (0:15:54) ===================
make: *** [Makefile:82: test] Error 1
kind delete cluster
Deleting cluster "kind" ...
Stopping Docker: dockerProgram process in pidfile '/var/run/docker-ssd.pid', 1 process(es), refused to die.
[31m
Pipeline failed on stage 'end-to-end' : container 'step-test-end-to-end'. The execution of the pipeline has stopped.[0m
