
Showing logs for build [32mseldonio-seldon-core-pr-1919-no-xjv4l-64[0m stage [32mpr-build-comment[0m and container [32mstep-credential-initializer-l2r9j[0m
{"level":"info","ts":1598276038.543141,"logger":"fallback-logger","caller":"logging/config.go:69","msg":"Fetch GitHub commit ID from kodata failed: open /var/run/ko/refs/heads/0.8.0-ns-support: no such file or directory"}
{"level":"info","ts":1598276038.5438654,"logger":"fallback-logger","caller":"creds-init/main.go:40","msg":"Credentials initialized."}

Showing logs for build [32mseldonio-seldon-core-pr-1919-no-xjv4l-64[0m stage [32mpr-build-comment[0m and container [32mstep-working-dir-initializer-7pnxq[0m
{"level":"info","ts":1598276039.7543,"logger":"fallback-logger","caller":"logging/config.go:69","msg":"Fetch GitHub commit ID from kodata failed: open /var/run/ko/HEAD: no such file or directory"}
{"level":"info","ts":1598276039.7562966,"logger":"fallback-logger","caller":"bash/main.go:64","msg":"Successfully executed command \"sh -c mkdir -p /workspace/source\"; output "}

Showing logs for build [32mseldonio-seldon-core-pr-1919-no-xjv4l-64[0m stage [32mpr-build-comment[0m and container [32mstep-place-tools[0m

Showing logs for build [32mseldonio-seldon-core-pr-1919-no-xjv4l-64[0m stage [32mpr-build-comment[0m and container [32mstep-create-dir-workspace-4s4sf[0m
{"level":"info","ts":1598276052.829407,"logger":"fallback-logger","caller":"logging/config.go:69","msg":"Fetch GitHub commit ID from kodata failed: open /var/run/ko/HEAD: no such file or directory"}
{"level":"info","ts":1598276052.8366997,"logger":"fallback-logger","caller":"bash/main.go:64","msg":"Successfully executed command \"sh -c mkdir -p source\"; output "}

Showing logs for build [32mseldonio-seldon-core-pr-1919-no-xjv4l-64[0m stage [32mpr-build-comment[0m and container [32mstep-git-source-seldonio-seldon-core-pr-1919-no-xjv4l-ttkjv[0m
{"level":"info","ts":1598276053.4277272,"logger":"fallback-logger","caller":"logging/config.go:69","msg":"Fetch GitHub commit ID from kodata failed: open /var/run/ko/refs/heads/0.8.0-ns-support: no such file or directory"}
{"level":"info","ts":1598276059.8239262,"logger":"fallback-logger","caller":"git/git.go:103","msg":"Successfully cloned https://github.com/SeldonIO/seldon-core.git @ master in path /workspace/source"}

Showing logs for build [32mseldonio-seldon-core-pr-1919-no-xjv4l-64[0m stage [32mpr-build-comment[0m and container [32mstep-setup-builder-home[0m

Showing logs for build [32mseldonio-seldon-core-pr-1919-no-xjv4l-64[0m stage [32mpr-build-comment[0m and container [32mstep-git-merge[0m
Using SHAs from PULL_REFS=master:2469b15a44017302367d490e4b81ae4948f3c856,1919:f35b5dd0b9b72c4775f0021fa001c87a595e6a3e
DEBUG: LC_ALL=C JX_LOG_LEVEL=error git fetch origin --unshallow f35b5dd0b9b72c4775f0021fa001c87a595e6a3e: 2469b15a44017302367d490e4b81ae4948f3c856:
DEBUG: ran git fetch --unshallow origin f35b5dd0b9b72c4775f0021fa001c87a595e6a3e: 2469b15a44017302367d490e4b81ae4948f3c856: in 
DEBUG: LC_ALL=C JX_LOG_LEVEL=error git branch
DEBUG: LC_ALL=C JX_LOG_LEVEL=error git checkout master
DEBUG: ran git checkout master in 
DEBUG: LC_ALL=C JX_LOG_LEVEL=error git reset --hard 2469b15a44017302367d490e4b81ae4948f3c856
DEBUG: ran git reset --hard 2469b15a44017302367d490e4b81ae4948f3c856 in 
DEBUG: LC_ALL=C JX_LOG_LEVEL=error git clean -fd .
DEBUG: ran clean --force -d . in 
DEBUG: LC_ALL=C JX_LOG_LEVEL=error git merge f35b5dd0b9b72c4775f0021fa001c87a595e6a3e
DEBUG: ran git merge f35b5dd0b9b72c4775f0021fa001c87a595e6a3e in 
DEBUG: LC_ALL=C JX_LOG_LEVEL=error git log --format=%H%x1f%an%x1f%ae%x1f%cn%x1f%ce%x1f%s%n%b%x1e 2469b15a44017302367d490e4b81ae4948f3c856..HEAD
Merged SHA f35b5dd0b9b72c4775f0021fa001c87a595e6a3e with commit message 'rebase and update licenses' into base branch master
Merged SHA b6992b564c2c6dbd8d84d4caf08f4d82713b917a with commit message 'rebase' into base branch master
Merged SHA b5523a9d10b4157b903a43fa6e91d486d5d18361 with commit message 'fmt' into base branch master
Merged SHA 07ee933b7368a52040e4fe0248bee83e4000a50b with commit message 'rebase' into base branch master
Merged SHA 3dc17ad7feceeb686747786f918b8333fcb1a232 with commit message 'Update docs and example' into base branch master
Merged SHA c1cbc790577798554641f1bbd456fcb01a0689b3 with commit message 'rebase' into base branch master
Merged SHA 7b99fe303575f269404c5564a7b08cdb82b93cc4 with commit message 'lint' into base branch master
Merged SHA 6fda55d6a187d56c826c0ae51d363a01f56e6af0 with commit message 'Update Dockerfiles for executor' into base branch master
Merged SHA 13f72378949cd1049f4e79b929b3f4e0969e9b6c with commit message 'rebase' into base branch master
Merged SHA 0378d0ebf324a61fbfb5541ddee7bd93413ff68e with commit message 'fix notebooks' into base branch master
Merged SHA c74bf3f320be3394989f61d38b1731c9d906dbd6 with commit message 'Fix nitebooks' into base branch master
Merged SHA e6c47f73166d62e663ed6af5740ddf2df7491023 with commit message 'Merge branch 'master' into kafka_executor' into base branch master
Merged SHA 988025cc4a56c9d7c5d1c8559b8135d51dbc30d8 with commit message 'update executor dockerfile for cgo_enabled build' into base branch master
Merged SHA 078e0c98772936c69ca9b0f079b199996d547e76 with commit message 'fix version of librdkafka' into base branch master
Merged SHA 04868251f56465f85864bce4a7e363ab2ca655fc with commit message 'increase attempts in tests for flaky/slow tests on test infra' into base branch master
Merged SHA a2fc351818750f80ca52b572f184653f22e2a769 with commit message 'Fix operator merge issues' into base branch master
Merged SHA f06ad626d51e2ef325015ab9045fee9f138de942 with commit message 'remove GOMODULE env' into base branch master
Merged SHA 113cd29a48f005e2ef8a0ba6bd9515f0f6cf7d86 with commit message 'update operator licences' into base branch master
Merged SHA f20183ffadeb539e1d9ed458d87862b3c4c50e3e with commit message 'rebase' into base branch master
Merged SHA ce4abdccbcb5ca814385df82b66de4032b3e9c09 with commit message 'Update licences' into base branch master
Merged SHA b72fe0fad6eb8bc364b8bbe809163bfca723033c with commit message 'change name of redhat dockerfile for executor' into base branch master
Merged SHA 8f4960da5f9a98e8fc059b067341be124341bb07 with commit message 'rebase' into base branch master
Merged SHA dcb10ad9677618ea1d9146384e2bf382acce029a with commit message 'updates from comments and adding redhat Dockerfile' into base branch master
Merged SHA 7685f1c33507f155fb486e3cac0f4cd36051aa3a with commit message 'fix notebook from review' into base branch master
Merged SHA 04a32af578ac4bf0db4d0b7ce6a4ea77c92b9624 with commit message 'remove topics.yaml' into base branch master
Merged SHA 0db7f54202db2e611177120e808f0bd7ba471888 with commit message 'rebase and fix metrics registering as well as include updates for examples' into base branch master
Merged SHA d1499d57d46cfb8dd9f521fd3c7ed773fe68b658 with commit message 'Add CIFAR10 example' into base branch master
Merged SHA 39f32f70511f2c87888ecb837c6bd01e36938c60 with commit message 'kafka updates' into base branch master
Merged SHA 9cce512f7a44b3b749a637f4809d21c032e2521b with commit message 'Operator updates for kafka' into base branch master
Merged SHA e17b448542c8b4b27772a28671d81f225af9a7c1 with commit message 'kafka updates for proto tests' into base branch master
Merged SHA 1982c6855a199e5627fd85ffd307d2fc2d74037e with commit message 'update sample' into base branch master
Merged SHA 2c20837ce5f6461278221a12c0a644af31252f67 with commit message 'update kafka cluster install example' into base branch master
Merged SHA a239e89b746e4f7e489143fa020cf668a4894dda with commit message 'add missing executor cmd folder' into base branch master
Merged SHA e5deff595163b67fbba65d937073719e1a9d33d5 with commit message 'Add test kafka cluster details' into base branch master
Merged SHA e9fa4ccfc575f2ad40caa32e5546a8abfbf45b0b with commit message 'make server multi-threaded' into base branch master
Merged SHA 03241c28efbcbf9fa38418d38e84f97be750dba4 with commit message 'initial kafka impl' into base branch master

Showing logs for build [32mseldonio-seldon-core-pr-1919-no-xjv4l-64[0m stage [32mpr-build-comment[0m and container [32mstep-step2[0m
+++ dirname ./add-pr-build-comment
++ cd .
++ pwd
+ STARTUP_DIR=/workspace/source/ci
+ REPO_OWNER=SeldonIO
+ REPO_NAME=seldon-core
+ PULL_NUMBER=1919
+ BUILD_NUMBER=64
+ PIPELINE_CONTEXT=notebooks
++ cat
+++ date
+ COMMENT_MSG='Mon Aug 24 13:34:35 UTC 2020
The logs for [notebooks] [64] will show after the pipeline context has finished.  
https://github.com/SeldonIO/seldon-core/blob/gh-pages/jenkins-x/logs/SeldonIO/seldon-core/PR-1919/64.log

impatient try  
** get build logs SeldonIO/seldon-core/PR-1919 --build=64'
+ ** step pr comment --owner=SeldonIO --repository=seldon-core --pull-request=1919 '--comment=Mon Aug 24 13:34:35 UTC 2020
The logs for [notebooks] [64] will show after the pipeline context has finished.  
https://github.com/SeldonIO/seldon-core/blob/gh-pages/jenkins-x/logs/SeldonIO/seldon-core/PR-1919/64.log

impatient try  
** get build logs SeldonIO/seldon-core/PR-1919 --build=64'

Showing logs for build [32mseldonio-seldon-core-pr-1919-no-xjv4l-64[0m stage [32mpr-build-comment[0m and container [32mstep-source-mkdir-seldonio-seldon-core-pr-1919-no-xjv4l-st7dr[0m
{"level":"info","ts":1598276084.0140958,"logger":"fallback-logger","caller":"logging/config.go:69","msg":"Fetch GitHub commit ID from kodata failed: open /var/run/ko/HEAD: no such file or directory"}
{"level":"info","ts":1598276084.0944307,"logger":"fallback-logger","caller":"bash/main.go:64","msg":"Successfully executed command \"sh -c mkdir -p /pvc/pr-build-comment/workspace\"; output "}

Showing logs for build [32mseldonio-seldon-core-pr-1919-no-xjv4l-64[0m stage [32mpr-build-comment[0m and container [32mstep-source-copy-seldonio-seldon-core-pr-1919-no-xjv4l-nm7ch[0m
{"level":"info","ts":1598276084.4115548,"logger":"fallback-logger","caller":"logging/config.go:69","msg":"Fetch GitHub commit ID from kodata failed: open /var/run/ko/HEAD: no such file or directory"}
{"level":"info","ts":1598276084.9533632,"logger":"fallback-logger","caller":"bash/main.go:64","msg":"Successfully executed command \"sh -c cp -r source/. /pvc/pr-build-comment/workspace\"; output "}

Showing logs for build [32mseldonio-seldon-core-pr-1919-no-xjv4l-64[0m stage [32mend-to-end[0m and container [32mstep-credential-initializer-4rql2[0m
{"level":"info","ts":1598276130.2172716,"logger":"fallback-logger","caller":"logging/config.go:69","msg":"Fetch GitHub commit ID from kodata failed: open /var/run/ko/refs/heads/0.8.0-ns-support: no such file or directory"}
{"level":"info","ts":1598276130.2181702,"logger":"fallback-logger","caller":"creds-init/main.go:40","msg":"Credentials initialized."}

Showing logs for build [32mseldonio-seldon-core-pr-1919-no-xjv4l-64[0m stage [32mend-to-end[0m and container [32mstep-working-dir-initializer-j7kjp[0m
{"level":"info","ts":1598276133.0138206,"logger":"fallback-logger","caller":"logging/config.go:69","msg":"Fetch GitHub commit ID from kodata failed: open /var/run/ko/HEAD: no such file or directory"}
{"level":"info","ts":1598276133.018196,"logger":"fallback-logger","caller":"bash/main.go:64","msg":"Successfully executed command \"sh -c mkdir -p /workspace/source\"; output "}

Showing logs for build [32mseldonio-seldon-core-pr-1919-no-xjv4l-64[0m stage [32mend-to-end[0m and container [32mstep-place-tools[0m

Showing logs for build [32mseldonio-seldon-core-pr-1919-no-xjv4l-64[0m stage [32mend-to-end[0m and container [32mstep-create-dir-workspace-58qbz[0m
{"level":"info","ts":1598276154.90807,"logger":"fallback-logger","caller":"logging/config.go:69","msg":"Fetch GitHub commit ID from kodata failed: open /var/run/ko/HEAD: no such file or directory"}
{"level":"info","ts":1598276154.9094403,"logger":"fallback-logger","caller":"bash/main.go:64","msg":"Successfully executed command \"sh -c mkdir -p /workspace/source\"; output "}

Showing logs for build [32mseldonio-seldon-core-pr-1919-no-xjv4l-64[0m stage [32mend-to-end[0m and container [32mstep-source-copy-workspace-2vdwp[0m
{"level":"info","ts":1598276154.9736965,"logger":"fallback-logger","caller":"logging/config.go:69","msg":"Fetch GitHub commit ID from kodata failed: open /var/run/ko/HEAD: no such file or directory"}
{"level":"info","ts":1598276159.7024434,"logger":"fallback-logger","caller":"bash/main.go:64","msg":"Successfully executed command \"sh -c cp -r /pvc/pr-build-comment/workspace/. /workspace/source\"; output "}

Showing logs for build [32mseldonio-seldon-core-pr-1919-no-xjv4l-64[0m stage [32mend-to-end[0m and container [32mstep-setup-builder-home[0m

Showing logs for build [32mseldonio-seldon-core-pr-1919-no-xjv4l-64[0m stage [32mend-to-end[0m and container [32mstep-test-end-to-end[0m
Test run type is: [notebooks]
Starting Docker: docker.
[SETUP] Waiting for Docker to be ready, sleeping for 1 seconds ...
kind create cluster --config ../resources/kind_config.yaml
Creating cluster "kind" ...
 â€¢ Ensuring node image (kindest/node:v1.16.3) ðŸ–¼  ...
 âœ“ Ensuring node image (kindest/node:v1.16.3) ðŸ–¼
 â€¢ Preparing nodes ðŸ“¦  ...
 âœ“ Preparing nodes ðŸ“¦
 â€¢ Writing configuration ðŸ“œ  ...
 âœ“ Writing configuration ðŸ“œ
 â€¢ Starting control-plane ðŸ•¹ï¸  ...
 âœ“ Starting control-plane ðŸ•¹ï¸
 â€¢ Installing CNI ðŸ”Œ  ...
 âœ“ Installing CNI ðŸ”Œ
 â€¢ Installing StorageClass ðŸ’¾  ...
 âœ“ Installing StorageClass ðŸ’¾
 â€¢ Joining worker nodes ðŸšœ  ...
 âœ“ Joining worker nodes ðŸšœ
Set kubectl context to "kind-kind"
You can now use your cluster with:

kubectl cluster-info --context kind-kind

Have a nice day! ðŸ‘‹
`kind get kubeconfig-path` is deprecated!

KIND will export and merge kubeconfig like kops, minikube, etc.
This command is now unnecessary and will be removed in a future release.

For more info see: https://github.com/kubernetes-sigs/kind/issues/1060
See also the output of `kind create cluster`

Files changed in python folder:
SKIPPING PYTHON IMAGE BUILD...
Files changed in operator folder:
operator/apis/machinelearning.seldon.io/v1/seldondeployment_types.go
operator/apis/machinelearning.seldon.io/v1/seldondeployment_webhook.go
operator/apis/machinelearning.seldon.io/v1/seldondeployment_webhook_test.go
operator/config/crd/bases/machinelearning.seldon.io_seldondeployments.yaml
operator/controllers/seldondeployment_engine.go
operator/controllers/seldondeployment_engine_test.go
operator/testing/machinelearning.seldon.io_seldondeployments.yaml
cd ../../operator && make kind-image-install
make[1]: Entering directory '/workspace/source/operator'
go: creating new go.mod: module tmp
go: downloading sigs.k8s.io/controller-tools v0.2.5
go: found sigs.k8s.io/controller-tools/cmd/controller-gen in sigs.k8s.io/controller-tools v0.2.5
go: downloading k8s.io/apiextensions-apiserver v0.17.0
go: downloading k8s.io/apimachinery v0.17.0
go: downloading k8s.io/api v0.17.0
go: downloading github.com/fatih/color v1.7.0
go: downloading github.com/spf13/cobra v0.0.5
go: downloading gopkg.in/yaml.v3 v3.0.0-20190905181640-827449938966
go: downloading sigs.k8s.io/yaml v1.1.0
go: downloading github.com/mattn/go-isatty v0.0.8
go: downloading github.com/spf13/pflag v1.0.5
go: downloading github.com/inconshreveable/mousetrap v1.0.0
go: downloading github.com/gogo/protobuf v1.2.2-0.20190723190241-65acae22fc9d
go: downloading github.com/gobuffalo/flect v0.2.0
go: downloading golang.org/x/tools v0.0.0-20190920225731-5eefd052ad72
go: downloading github.com/google/gofuzz v1.0.0
go: downloading k8s.io/utils v0.0.0-20191114184206-e782cd3c129f
go: downloading github.com/mattn/go-colorable v0.1.2
go: downloading golang.org/x/sys v0.0.0-20190826190057-c7b8b68b1456
go: downloading gopkg.in/inf.v0 v0.9.1
go: downloading k8s.io/klog v1.0.0
go: downloading gopkg.in/yaml.v2 v2.2.4
go: downloading golang.org/x/net v0.0.0-20191004110552-13f9640d40b9
go: downloading golang.org/x/text v0.3.2
/builder/home/go/bin/controller-gen object:headerFile=./hack/boilerplate.go.txt paths="./..."
go fmt ./...
go vet ./...
go: downloading github.com/onsi/gomega v1.10.1
go: downloading github.com/onsi/ginkgo v1.14.0
go: downloading golang.org/x/xerrors v0.0.0-20191204190536-9bdfabe68543
go: downloading github.com/nxadm/tail v1.4.4
go: downloading gopkg.in/tomb.v1 v1.0.0-20141024135613-dd632973f1e7
go: downloading github.com/fsnotify/fsnotify v1.4.9
/builder/home/go/bin/controller-gen "crd:trivialVersions=true" rbac:roleName=manager-role webhook paths="./..." output:crd:artifacts:config=config/crd/bases
rm -rf generated
mkdir generated
kustomize build config/default/ -o generated
cp generated/apiextensions.k8s.io_v1beta1_customresourcedefinition_seldondeployments.machinelearning.seldon.io.yaml testing/machinelearning.seldon.io_seldondeployments.yaml
ginkgo -r -outputdir=. -cover -coverprofile=cover.out ./controllers ./utils ./apis
[1598276525] [1mController Suite[0m - 49/49 specs test k8s client
&{Reader:0xc000702ee0 Writer:0xc00074c150 StatusClient:0xc00074c150}
[32mâ€¢[0m[32mâ€¢[0m[32mâ€¢[0m[32mâ€¢[0m[32mâ€¢[0m[32mâ€¢[0m[32mâ€¢[0m[32mâ€¢[0m[32mâ€¢[0m[32mâ€¢[0m[32mâ€¢[0m[32mâ€¢[0m[32mâ€¢[0m[32mâ€¢[0m[32mâ€¢[0m[32mâ€¢[0m[32mâ€¢[0m[32mâ€¢[0m[32mâ€¢[0m[32mâ€¢[0m[32mâ€¢[0m[32mâ€¢[0m[32mâ€¢[0m[32mâ€¢[0m[32mâ€¢[0m[32mâ€¢[0m[32mâ€¢[0m[32mâ€¢[0m[32mâ€¢[0m[32mâ€¢[0m[32mâ€¢[0m[32mâ€¢[0m[32mâ€¢[0m[32mâ€¢[0m[32mâ€¢[0m[32mâ€¢[0m[32mâ€¢[0m[32mâ€¢[0m[32mâ€¢[0m[32mâ€¢[0m[32mâ€¢[0m[32mâ€¢[0m[32mâ€¢[0m[32mâ€¢[0m[32mâ€¢[0m[32mâ€¢[0m[32mâ€¢[0m[32mâ€¢[0m
[90m------------------------------[0m
[32mâ€¢ [SLOW TEST:5.449 seconds][0m
[90mCreate a Seldon Deployment and then a new one [0m[0mshould create a resource with defaults and then update to new resources [0m
[37m/workspace/source/operator/controllers/seldondeployment_controller_test.go:533[0m
[90m------------------------------[0m
E0824 13:43:16.913069   27958 reflector.go:309] pkg/mod/k8s.io/client-go@v0.17.9/tools/cache/reflector.go:105: Failed to watch *v1.ConfigMap: Get "http://127.0.0.1:33415/api/v1/configmaps?allowWatchBookmarks=true&resourceVersion=117&timeoutSeconds=387&watch=true": dial tcp 127.0.0.1:33415: connect: connection refused
E0824 13:43:16.913125   27958 reflector.go:309] pkg/mod/k8s.io/client-go@v0.17.9/tools/cache/reflector.go:105: Failed to watch *v1.Deployment: Get "http://127.0.0.1:33415/apis/apps/v1/deployments?allowWatchBookmarks=true&resourceVersion=359&timeoutSeconds=440&watch=true": dial tcp 127.0.0.1:33415: connect: connection refused
E0824 13:43:16.913087   27958 reflector.go:309] pkg/mod/k8s.io/client-go@v0.17.9/tools/cache/reflector.go:105: Failed to watch *v1.Namespace: Get "http://127.0.0.1:33415/api/v1/namespaces?allowWatchBookmarks=true&resourceVersion=342&timeoutSeconds=503&watch=true": dial tcp 127.0.0.1:33415: connect: connection refused
E0824 13:43:16.913093   27958 reflector.go:309] pkg/mod/k8s.io/client-go@v0.17.9/tools/cache/reflector.go:105: Failed to watch *v1alpha3.VirtualService: Get "http://127.0.0.1:33415/apis/networking.istio.io/v1alpha3/virtualservices?allowWatchBookmarks=true&resourceVersion=117&timeoutSeconds=365&watch=true": dial tcp 127.0.0.1:33415: connect: connection refused
E0824 13:43:16.913109   27958 reflector.go:309] pkg/mod/k8s.io/client-go@v0.17.9/tools/cache/reflector.go:105: Failed to watch *v1.Service: Get "http://127.0.0.1:33415/api/v1/services?allowWatchBookmarks=true&resourceVersion=358&timeoutSeconds=384&watch=true": dial tcp 127.0.0.1:33415: connect: connection refused
E0824 13:43:16.913182   27958 reflector.go:309] pkg/mod/k8s.io/client-go@v0.17.9/tools/cache/reflector.go:105: Failed to watch *v2beta1.HorizontalPodAutoscaler: Get "http://127.0.0.1:33415/apis/autoscaling/v2beta1/horizontalpodautoscalers?allowWatchBookmarks=true&resourceVersion=322&timeoutSeconds=395&watch=true": dial tcp 127.0.0.1:33415: connect: connection refused
E0824 13:43:16.914075   27958 reflector.go:309] pkg/mod/k8s.io/client-go@v0.17.9/tools/cache/reflector.go:105: Failed to watch *v1.SeldonDeployment: Get "http://127.0.0.1:33415/apis/machinelearning.seldon.io/v1/seldondeployments?allowWatchBookmarks=true&resourceVersion=367&timeoutSeconds=360&watch=true": dial tcp 127.0.0.1:33415: connect: connection refused

 [32mSUCCESS![0m 36.721692237s PASS
coverage: 66.4% of statements
=== RUN   TestGcsSecret
--- PASS: TestGcsSecret (0.00s)
PASS
coverage: 100.0% of statements
=== RUN   TestS3Secret
--- PASS: TestS3Secret (0.00s)
PASS
coverage: 94.6% of statements
=== RUN   TestGetEnvAsBool
--- PASS: TestGetEnvAsBool (0.00s)
PASS
coverage: 10.9% of statements
=== RUN   TestGenerateCerts
--- PASS: TestGenerateCerts (4.77s)
=== RUN   TestConfigmapCreate
--- PASS: TestConfigmapCreate (0.01s)
=== RUN   TestCRDCreate
--- PASS: TestCRDCreate (0.09s)
=== RUN   TestMutatingWebhookCreate
--- PASS: TestMutatingWebhookCreate (2.77s)
=== RUN   TestMutatingWebhookCreateNamespaced
--- PASS: TestMutatingWebhookCreateNamespaced (4.11s)
=== RUN   TestValidatingWebhookCreate
--- PASS: TestValidatingWebhookCreate (2.71s)
=== RUN   TestValidatingWebhookCreateNamespaced
--- PASS: TestValidatingWebhookCreateNamespaced (2.56s)
=== RUN   TestWebHookSvcCreate
--- PASS: TestWebHookSvcCreate (3.42s)
PASS
coverage: 52.1% of statements
=== RUN   TestImageSetNormal
    prepack_test.go:50: Scenario: GRPC image with version
    prepack_test.go:50: Scenario: GRPC image with no version
    prepack_test.go:50: Scenario: REST image with version
    prepack_test.go:50: Scenario: REST image with no version
--- PASS: TestImageSetNormal (0.00s)
=== RUN   TestGetPredictorConfig
    prepack_test.go:81: Scenario: related image sklearn
    prepack_test.go:81: Scenario: default image sklearn
--- PASS: TestGetPredictorConfig (0.00s)
=== RUN   TestGetDeploymentNameOneModel
--- PASS: TestGetDeploymentNameOneModel (0.00s)
=== RUN   TestGetDeploymentNameLong
--- PASS: TestGetDeploymentNameLong (0.00s)
=== RUN   TestValidProtocolTransportServerType
--- PASS: TestValidProtocolTransportServerType (0.00s)
=== RUN   TestValidateBadProtocol
--- PASS: TestValidateBadProtocol (0.00s)
=== RUN   TestValidateBadTransport
--- PASS: TestValidateBadTransport (0.00s)
=== RUN   TestValidateBadServerType
--- PASS: TestValidateBadServerType (0.00s)
=== RUN   TestValidateMixedTransport
--- PASS: TestValidateMixedTransport (0.00s)
=== RUN   TestValidateMixedMultipleTransport
--- PASS: TestValidateMixedMultipleTransport (0.00s)
=== RUN   TestDefaultSingleContainer
--- PASS: TestDefaultSingleContainer (0.00s)
=== RUN   TestMetricsPortAddedTwoContainers
--- PASS: TestMetricsPortAddedTwoContainers (0.00s)
=== RUN   TestMetricsPortAddedTwoComponentSpecsTwoContainers
--- PASS: TestMetricsPortAddedTwoComponentSpecsTwoContainers (0.00s)
=== RUN   TestOverrideMetricsPortName
Failed to find config map seldon-config
no kind is registered for the type v1.ConfigMap in scheme "pkg/runtime/scheme.go:101"
--- PASS: TestOverrideMetricsPortName (0.00s)
=== RUN   TestPortUseExisting
--- PASS: TestPortUseExisting (0.00s)
=== RUN   TestMetricsPortAddedToPrepacked
--- PASS: TestMetricsPortAddedToPrepacked (0.00s)
=== RUN   TestPredictorProtocolGrpc
--- PASS: TestPredictorProtocolGrpc (0.00s)
=== RUN   TestPrepackedWithExistingContainer
--- PASS: TestPrepackedWithExistingContainer (0.00s)
=== RUN   TestPrepackedWithCustom
--- PASS: TestPrepackedWithCustom (0.00s)
=== RUN   TestPrepackedWithExistingContainerAndImage
--- PASS: TestPrepackedWithExistingContainerAndImage (0.00s)
=== RUN   TestMetricsPortAddedToTwoPrepacked
--- PASS: TestMetricsPortAddedToTwoPrepacked (0.00s)
=== RUN   TestDefaultPrepackagedServerType
--- PASS: TestDefaultPrepackagedServerType (0.00s)
=== RUN   TestValidateSingleModel
--- PASS: TestValidateSingleModel (0.00s)
=== RUN   TestValidateSingleModelNoName
--- PASS: TestValidateSingleModelNoName (0.00s)
=== RUN   TestValidateNoEngineMultiGraph
--- PASS: TestValidateNoEngineMultiGraph (0.00s)
=== RUN   TestValidateDuplPredictorName
--- PASS: TestValidateDuplPredictorName (0.00s)
=== RUN   TestValidateTrafficSum
--- PASS: TestValidateTrafficSum (0.00s)
=== RUN   TestDefaultABTest
--- PASS: TestDefaultABTest (0.00s)
=== RUN   TestValidateTensorflowProtocolNormalPrepackaged
--- PASS: TestValidateTensorflowProtocolNormalPrepackaged (0.00s)
=== RUN   TestValidateTensorflowProtocolNormal
--- PASS: TestValidateTensorflowProtocolNormal (0.01s)
=== RUN   TestPredictorNoGraph
--- PASS: TestPredictorNoGraph (0.00s)
=== RUN   TestShadowPredictor
--- PASS: TestShadowPredictor (0.00s)
=== RUN   TestNoPredictors
--- PASS: TestNoPredictors (0.00s)
PASS
coverage: 42.3% of statements
path is /workspace/source/operator
All profiles combined

Ginkgo ran 6 suites in 1m32.335543296s
Test Suite Passed
docker build . -t seldonio/seldon-core-operator:1.2.3-dev
Sending build context to Docker daemon  8.361MB
Step 1/28 : FROM golang:1.13.2 as builder
1.13.2: Pulling from library/golang
c7b7d16361e0: Pulling fs layer
b7a128769df1: Pulling fs layer
1128949d0793: Pulling fs layer
667692510b70: Pulling fs layer
c70d80036479: Pulling fs layer
a8669f8c1a42: Pulling fs layer
433331673060: Pulling fs layer
a8669f8c1a42: Waiting
c70d80036479: Waiting
1128949d0793: Download complete
b7a128769df1: Verifying Checksum
b7a128769df1: Download complete
c7b7d16361e0: Verifying Checksum
c7b7d16361e0: Download complete
667692510b70: Verifying Checksum
667692510b70: Download complete
433331673060: Verifying Checksum
433331673060: Download complete
c70d80036479: Verifying Checksum
c70d80036479: Download complete
a8669f8c1a42: Verifying Checksum
a8669f8c1a42: Download complete
c7b7d16361e0: Pull complete
b7a128769df1: Pull complete
1128949d0793: Pull complete
667692510b70: Pull complete
c70d80036479: Pull complete
a8669f8c1a42: Pull complete
433331673060: Pull complete
Digest: sha256:b3086f21bfbe896973dd6147b46f2736a7deb2c04ed76219835befa0244a9562
Status: Downloaded newer image for golang:1.13.2
 ---> e37698ff7351
Step 2/28 : WORKDIR /workspace
 ---> Running in ddf650b673c3
Removing intermediate container ddf650b673c3
 ---> 86281f2fb43a
Step 3/28 : COPY go.mod go.mod
 ---> 0c5ca2c21de2
Step 4/28 : COPY go.sum go.sum
 ---> a124a49f550e
Step 5/28 : RUN go mod download
 ---> Running in e779a044677e
[91mgo: finding cloud.google.com/go v0.38.0
[0m[91mgo: finding github.com/Azure/go-ansiterm v0.0.0-20170929234023-d6e3b3328b78
[0m[91mgo: finding github.com/Azure/go-autorest v14.2.0+incompatible
[0m[91mgo: finding github.com/Azure/go-autorest/autorest v0.9.0
[0m[91mgo: finding github.com/Azure/go-autorest/autorest/adal v0.9.0
[0m[91mgo: finding github.com/Azure/go-autorest/autorest/date v0.3.0
[0m[91mgo: finding github.com/Azure/go-autorest/autorest/mocks v0.4.0
[0m[91mgo: finding github.com/Azure/go-autorest/logger v0.1.0
[0m[91mgo: finding github.com/Azure/go-autorest/tracing v0.6.0
[0m[91mgo: finding github.com/BurntSushi/toml v0.3.1
[0m[91mgo: finding github.com/BurntSushi/xgb v0.0.0-20160522181843-27f122750802
[0m[91mgo: finding github.com/NYTimes/gziphandler v0.0.0-20170623195520-56545f4a5d46
[0m[91mgo: finding github.com/PuerkitoBio/purell v1.1.1
[0m[91mgo: finding github.com/PuerkitoBio/urlesc v0.0.0-20170810143723-de5bf2ad4578
[0m[91mgo: finding github.com/agnivade/levenshtein v1.0.1
[0m[91mgo: finding github.com/alecthomas/template v0.0.0-20160405071501-a0175ee3bccc
[0m[91mgo: finding github.com/alecthomas/units v0.0.0-20151022065526-2efee857e7cf
[0m[91mgo: finding github.com/andreyvit/diff v0.0.0-20170406064948-c7f18ee00883
[0m[91mgo: finding github.com/armon/consul-api v0.0.0-20180202201655-eb2c6b5be1b6
[0m[91mgo: finding github.com/asaskevich/govalidator v0.0.0-20190424111038-f61b66f89f4a
[0m[91mgo: finding github.com/beorn7/perks v1.0.1
[0m[91mgo: finding github.com/bgentry/speakeasy v0.1.0
[0m[91mgo: finding github.com/blang/semver v3.5.0+incompatible
[0m[91mgo: finding github.com/client9/misspell v0.3.4
[0m[91mgo: finding github.com/cockroachdb/datadriven v0.0.0-20190809214429-80d97fb3cbaa
[0m[91mgo: finding github.com/coreos/etcd v3.3.10+incompatible
[0m[91mgo: finding github.com/coreos/go-etcd v2.0.0+incompatible
[0m[91mgo: finding github.com/coreos/go-oidc v2.1.0+incompatible
[0m[91mgo: finding github.com/coreos/go-semver v0.3.0
[0m[91mgo: finding github.com/coreos/go-systemd v0.0.0-20190321100706-95778dfbb74e
[0m[91mgo: finding github.com/coreos/pkg v0.0.0-20180108230652-97fdf19511ea
[0m[91mgo: finding github.com/cpuguy83/go-md2man v1.0.10
[0m[91mgo: finding github.com/creack/pty v1.1.7
[0m[91mgo: finding github.com/davecgh/go-spew v1.1.1
[0m[91mgo: finding github.com/dgrijalva/jwt-go v3.2.0+incompatible
[0m[91mgo: finding github.com/docker/docker v0.7.3-0.20190327010347-be7ac8be2ae0
[0m[91mgo: finding github.com/docker/go-units v0.4.0
[0m[91mgo: finding github.com/docker/spdystream v0.0.0-20160310174837-449fdfce4d96
[0m[91mgo: finding github.com/docopt/docopt-go v0.0.0-20180111231733-ee0de3bc6815
[0m[91mgo: finding github.com/dustin/go-humanize v1.0.0
[0m[91mgo: finding github.com/elazarl/goproxy v0.0.0-20170405201442-c4fc26588b6e
[0m[91mgo: finding github.com/emicklei/go-restful v2.9.5+incompatible
[0m[91mgo: finding github.com/evanphx/json-patch v4.5.0+incompatible
[0m[91mgo: finding github.com/fatih/color v1.7.0
[0m[91mgo: finding github.com/fsnotify/fsnotify v1.4.9
[0m[91mgo: finding github.com/ghodss/yaml v1.0.0
[0m[91mgo: finding github.com/globalsign/mgo v0.0.0-20181015135952-eeefdecb41b8
[0m[91mgo: finding github.com/go-kit/kit v0.8.0
[0m[91mgo: finding github.com/go-logfmt/logfmt v0.3.0
[0m[91mgo: finding github.com/go-logr/logr v0.1.0
[0m[91mgo: finding github.com/go-logr/zapr v0.1.0
[0m[91mgo: finding github.com/go-openapi/analysis v0.19.5
[0m[91mgo: finding github.com/go-openapi/errors v0.19.2
[0m[91mgo: finding github.com/go-openapi/jsonpointer v0.19.3
[0m[91mgo: finding github.com/go-openapi/jsonreference v0.19.3
[0m[91mgo: finding github.com/go-openapi/loads v0.19.4
[0m[91mgo: finding github.com/go-openapi/runtime v0.19.4
[0m[91mgo: finding github.com/go-openapi/spec v0.19.3
[0m[91mgo: finding github.com/go-openapi/strfmt v0.19.3
[0m[91mgo: finding github.com/go-openapi/swag v0.19.5
[0m[91mgo: finding github.com/go-openapi/validate v0.19.5
[0m[91mgo: finding github.com/go-stack/stack v1.8.0
[0m[91mgo: finding github.com/gogo/protobuf v1.3.1
[0m[91mgo: finding github.com/golang/glog v0.0.0-20160126235308-23def4e6c14b
[0m[91mgo: finding github.com/golang/groupcache v0.0.0-20190702054246-869f871628b6
[0m[91mgo: finding github.com/golang/mock v1.2.0
[0m[91mgo: finding github.com/golang/protobuf v1.4.2
[0m[91mgo: finding github.com/google/btree v1.0.0
[0m[91mgo: finding github.com/google/go-cmp v0.5.0
[0m[91mgo: finding github.com/google/gofuzz v1.0.0
[0m[91mgo: finding github.com/google/martian v2.1.0+incompatible
[0m[91mgo: finding github.com/google/pprof v0.0.0-20181206194817-3ea8567a2e57
[0m[91mgo: finding github.com/google/renameio v0.1.0
[0m[91mgo: finding github.com/google/uuid v1.1.1
[0m[91mgo: finding github.com/googleapis/gax-go/v2 v2.0.4
[0m[91mgo: finding github.com/googleapis/gnostic v0.3.1
[0m[91mgo: finding github.com/gophercloud/gophercloud v0.1.0
[0m[91mgo: finding github.com/gorilla/websocket v1.4.0
[0m[91mgo: finding github.com/gregjones/httpcache v0.0.0-20180305231024-9cad4c3443a7
[0m[91mgo: finding github.com/grpc-ecosystem/go-grpc-middleware v1.0.1-0.20190118093823-f849b5445de4
[0m[91mgo: finding github.com/grpc-ecosystem/go-grpc-prometheus v1.2.0
[0m[91mgo: finding github.com/grpc-ecosystem/grpc-gateway v1.9.5
[0m[91mgo: finding github.com/hashicorp/golang-lru v0.5.4
[0m[91mgo: finding github.com/hashicorp/hcl v1.0.0
[0m[91mgo: finding github.com/hpcloud/tail v1.0.0
[0m[91mgo: finding github.com/imdario/mergo v0.3.9
[0m[91mgo: finding github.com/inconshreveable/mousetrap v1.0.0
[0m[91mgo: finding github.com/jonboulle/clockwork v0.1.0
[0m[91mgo: finding github.com/json-iterator/go v1.1.10
[0m[91mgo: finding github.com/jstemmer/go-junit-report v0.0.0-20190106144839-af01ea7f8024
[0m[91mgo: finding github.com/julienschmidt/httprouter v1.2.0
[0m[91mgo: finding github.com/kisielk/errcheck v1.2.0
[0m[91mgo: finding github.com/kisielk/gotool v1.0.0
[0m[91mgo: finding github.com/konsorten/go-windows-terminal-sequences v1.0.1
[0m[91mgo: finding github.com/kr/logfmt v0.0.0-20140226030751-b84e30acd515
[0m[91mgo: finding github.com/kr/pretty v0.1.0
[0m[91mgo: finding github.com/kr/pty v1.1.5
[0m[91mgo: finding github.com/kr/text v0.1.0
[0m[91mgo: finding github.com/magiconair/properties v1.8.0
[0m[91mgo: finding github.com/mailru/easyjson v0.7.0
[0m[91mgo: finding github.com/mattn/go-colorable v0.0.9
[0m[91mgo: finding github.com/mattn/go-isatty v0.0.4
[0m[91mgo: finding github.com/mattn/go-runewidth v0.0.2
[0m[91mgo: finding github.com/matttproud/golang_protobuf_extensions v1.0.1
[0m[91mgo: finding github.com/mitchellh/go-homedir v1.1.0
[0m[91mgo: finding github.com/mitchellh/mapstructure v1.1.2
[0m[91mgo: finding github.com/modern-go/concurrent v0.0.0-20180306012644-bacd9c7ef1dd
[0m[91mgo: finding github.com/modern-go/reflect2 v1.0.1
[0m[91mgo: finding github.com/munnerz/goautoneg v0.0.0-20191010083416-a7dc8b61c822
[0m[91mgo: finding github.com/mwitkow/go-conntrack v0.0.0-20161129095857-cc309e4a2223
[0m[91mgo: finding github.com/mxk/go-flowrate v0.0.0-20140419014527-cca7078d478f
[0m[91mgo: finding github.com/nxadm/tail v1.4.4
[0m[91mgo: finding github.com/olekukonko/tablewriter v0.0.0-20170122224234-a0225b3f23b5
[0m[91mgo: finding github.com/onsi/ginkgo v1.14.0
[0m[91mgo: finding github.com/onsi/gomega v1.10.1
[0m[91mgo: finding github.com/pborman/uuid v1.2.0
[0m[91mgo: finding github.com/pelletier/go-toml v1.2.0
[0m[91mgo: finding github.com/peterbourgon/diskv v2.0.1+incompatible
[0m[91mgo: finding github.com/pkg/errors v0.8.1
[0m[91mgo: finding github.com/pmezard/go-difflib v1.0.0
[0m[91mgo: finding github.com/pquerna/cachecontrol v0.0.0-20171018203845-0dec1b30a021
[0m[91mgo: finding github.com/prometheus/client_golang v1.0.0
[0m[91mgo: finding github.com/prometheus/client_model v0.0.0-20190129233127-fd36f4220a90
[0m[91mgo: finding github.com/prometheus/common v0.4.1
[0m[91mgo: finding github.com/prometheus/procfs v0.0.11
[0m[91mgo: finding github.com/remyoudompheng/bigfft v0.0.0-20170806203942-52369c62f446
[0m[91mgo: finding github.com/rogpeppe/fastuuid v0.0.0-20150106093220-6724a57986af
[0m[91mgo: finding github.com/rogpeppe/go-internal v1.3.0
[0m[91mgo: finding github.com/russross/blackfriday v1.5.2
[0m[91mgo: finding github.com/sergi/go-diff v1.0.0
[0m[91mgo: finding github.com/sirupsen/logrus v1.4.2
[0m[91mgo: finding github.com/soheilhy/cmux v0.1.4
[0m[91mgo: finding github.com/spf13/afero v1.2.2
[0m[91mgo: finding github.com/spf13/cast v1.3.0
[0m[91mgo: finding github.com/spf13/cobra v0.0.5
[0m[91mgo: finding github.com/spf13/jwalterweatherman v1.0.0
[0m[91mgo: finding github.com/spf13/pflag v1.0.5
[0m[91mgo: finding github.com/spf13/viper v1.3.2
[0m[91mgo: finding github.com/stretchr/ob** v0.2.0
[0m[91mgo: finding github.com/stretchr/testify v1.4.0
[0m[91mgo: finding github.com/tidwall/pretty v1.0.0
[0m[91mgo: finding github.com/tmc/grpc-websocket-proxy v0.0.0-20170815181823-89b8d40f7ca8
[0m[91mgo: finding github.com/ugorji/go/codec v0.0.0-20181204163529-d75b2dcb6bc8
[0m[91mgo: finding github.com/urfave/cli v1.20.0
[0m[91mgo: finding github.com/vektah/gqlparser v1.1.2
[0m[91mgo: finding github.com/xiang90/probing v0.0.0-20190116061207-43a291ad63a2
[0m[91mgo: finding github.com/xordataexchange/crypt v0.0.3-0.20170626215501-b2862e3d0a77
[0m[91mgo: finding go.etcd.io/bbolt v1.3.3
[0m[91mgo: finding go.etcd.io/etcd v0.0.0-20191023171146-3cf2f69b5738
[0m[91mgo: finding go.mongodb.org/mongo-driver v1.1.2
[0m[91mgo: finding go.opencensus.io v0.21.0
[0m[91mgo: finding go.uber.org/atomic v1.6.0
[0m[91mgo: finding go.uber.org/multierr v1.5.0
[0m[91mgo: finding go.uber.org/tools v0.0.0-20190618225709-2cfd321de3ee
[0m[91mgo: finding go.uber.org/zap v1.15.0
[0m[91mgo: finding golang.org/x/crypto v0.0.0-20200622213623-75b288015ac9
[0m[91mgo: finding golang.org/x/exp v0.0.0-20190312203227-4b39c73a6495
[0m[91mgo: finding golang.org/x/image v0.0.0-20190227222117-0694c2d4d067
[0m[91mgo: finding golang.org/x/lint v0.0.0-20190930215403-16217165b5de
[0m[91mgo: finding golang.org/x/mobile v0.0.0-20190312151609-d3739f865fa6
[0m[91mgo: finding golang.org/x/mod v0.0.0-20190513183733-4bf6d317e70e
[0m[91mgo: finding golang.org/x/net v0.0.0-20200520004742-59133d7f0dd7
[0m[91mgo: finding golang.org/x/oauth2 v0.0.0-20190604053449-0f29369cfe45
[0m[91mgo: finding golang.org/x/sync v0.0.0-20190911185100-cd5d95a43a6e
[0m[91mgo: finding golang.org/x/sys v0.0.0-20200519105757-fe76b779f299
[0m[91mgo: finding golang.org/x/text v0.3.3
[0m[91mgo: finding golang.org/x/time v0.0.0-20190921001708-c4c64cad1fd0
[0m[91mgo: finding golang.org/x/tools v0.0.0-20191029190741-b9c20aec41a5
[0m[91mgo: finding golang.org/x/xerrors v0.0.0-20191204190536-9bdfabe68543
[0m[91mgo: finding gomodules.xyz/jsonpatch/v2 v2.0.1
[0m[91mgo: finding gonum.org/v1/gonum v0.0.0-20190331200053-3d26580ed485
[0m[91mgo: finding gonum.org/v1/netlib v0.0.0-20190331212654-76723241ea4e
[0m[91mgo: finding google.golang.org/api v0.4.0
[0m[91mgo: finding google.golang.org/appengine v1.6.5
[0m[91mgo: finding google.golang.org/genproto v0.0.0-20190916214212-f660b8655731
[0m[91mgo: finding google.golang.org/grpc v1.23.1
[0m[91mgo: finding google.golang.org/protobuf v1.23.0
[0m[91mgo: finding gopkg.in/alecthomas/kingpin.v2 v2.2.6
[0m[91mgo: finding gopkg.in/check.v1 v1.0.0-20190902080502-41f04d3bba15
[0m[91mgo: finding gopkg.in/cheggaaa/pb.v1 v1.0.25
[0m[91mgo: finding gopkg.in/errgo.v2 v2.1.0
[0m[91mgo: finding gopkg.in/fsnotify.v1 v1.4.7
[0m[91mgo: finding gopkg.in/inf.v0 v0.9.1
[0m[91mgo: finding gopkg.in/natefinch/lumberjack.v2 v2.0.0
[0m[91mgo: finding gopkg.in/resty.v1 v1.12.0
[0m[91mgo: finding gopkg.in/square/go-jose.v2 v2.2.2
[0m[91mgo: finding gopkg.in/tomb.v1 v1.0.0-20141024135613-dd632973f1e7
[0m[91mgo: finding gopkg.in/yaml.v2 v2.3.0
[0m[91mgo: finding gotest.tools v2.2.0+incompatible
[0m[91mgo: finding honnef.co/go/tools v0.0.1-2019.2.3
[0m[91mgo: finding istio.io/api v0.0.0-20200513175333-ae3da0d240e3
[0m[91mgo: finding istio.io/client-go v0.0.0-20200513180646-f8d9d8ff84e6
[0m[91mgo: finding istio.io/gogo-genproto v0.0.0-20190930162913-45029607206a
[0m[91mgo: finding k8s.io/api v0.17.9
[0m[91mgo: finding k8s.io/apiextensions-apiserver v0.17.9
[0m[91mgo: finding k8s.io/apimachinery v0.17.9
[0m[91mgo: finding k8s.io/apiserver v0.17.9
[0m[91mgo: finding k8s.io/client-go v0.17.9
[0m[91mgo: finding k8s.io/code-generator v0.17.9
[0m[91mgo: finding k8s.io/component-base v0.17.9
[0m[91mgo: finding k8s.io/gengo v0.0.0-20190822140433-26a664648505
[0m[91mgo: finding k8s.io/klog v1.0.0
[0m[91mgo: finding k8s.io/klog/v2 v2.0.0
[0m[91mgo: finding k8s.io/kube-openapi v0.0.0-20200410145947-bcb3869e6f29
[0m[91mgo: finding k8s.io/utils v0.0.0-20200619165400-6e3d28b6ed19
[0m[91mgo: finding knative.dev/pkg v0.0.0-20200513151758-7b6bb61326ae
[0m[91mgo: finding modernc.org/cc v1.0.0
[0m[91mgo: finding modernc.org/golex v1.0.0
[0m[91mgo: finding modernc.org/mathutil v1.0.0
[0m[91mgo: finding modernc.org/strutil v1.0.0
[0m[91mgo: finding modernc.org/xc v1.0.0
[0m[91mgo: finding sigs.k8s.io/controller-runtime v0.5.8
[0m[91mgo: finding sigs.k8s.io/structured-merge-diff v0.0.0-20190525122527-15d366b2352e
[0m[91mgo: finding sigs.k8s.io/structured-merge-diff/v2 v2.0.1
[0m[91mgo: finding sigs.k8s.io/yaml v1.1.0
[0mRemoving intermediate container e779a044677e
 ---> 0d4521c0d455
Step 6/28 : COPY main.go main.go
 ---> ba02c060bd91
Step 7/28 : COPY apis/ apis/
 ---> fa97e626eef4
Step 8/28 : COPY controllers/ controllers/
 ---> 41856b3e6a84
Step 9/28 : COPY utils/ utils/
 ---> 39dba523bb75
Step 10/28 : COPY constants/ constants/
 ---> 25abc88f6b87
Step 11/28 : COPY client/ client/
 ---> c4f15b799e8b
Step 12/28 : RUN go build -a -o manager main.go
 ---> Running in bb0e4875ef87
Removing intermediate container bb0e4875ef87
 ---> 2cf31e971d70
Step 13/28 : RUN wget -O hashicorp-golang-lru.tar.gz https://github.com/hashicorp/golang-lru/archive/master.tar.gz
 ---> Running in 9166ed7f36f2
[91m--2020-08-24 13:49:04--  https://github.com/hashicorp/golang-lru/archive/master.tar.gz
[0m[91mResolving github.com (github.com)... [0m[91m140.82.118.4
Connecting to github.com (github.com)|140.82.118.4|:443... [0m[91mconnected.
[0m[91mHTTP request sent, awaiting response... [0m[91m302 Found
Location: https://codeload.github.com/hashicorp/golang-lru/tar.gz/master [following]
--2020-08-24 13:49:04--  https://codeload.github.com/hashicorp/golang-lru/tar.gz/master
Resolving codeload.github.com (codeload.github.com)... [0m[91m140.82.114.10
Connecting to codeload.github.com (codeload.github.com)|140.82.114.10|:443... [0m[91mconnected.
[0m[91mHTTP request sent, awaiting response... [0m[91m200 OK
[0m[91mLength: unspecified [application/x-gzip]
Saving to: 'hashicorp-golang-lru.tar.gz'

     0K ........[0m[91m.[0m[91m.[0m[91m [0m[91m.[0m[91m.[0m[91m.[0m[91m                                          185K=0.07s

2020-08-24 13:49:05 (185 KB/s) - 'hashicorp-golang-lru.tar.gz' saved [13973]

[0mRemoving intermediate container 9166ed7f36f2
 ---> 598a6deb6a88
Step 14/28 : RUN wget -O armon-consul-api.tar.gz https://github.com/armon/consul-api/archive/master.tar.gz
 ---> Running in 925baa3c95fe
[91m--2020-08-24 13:49:08--  https://github.com/armon/consul-api/archive/master.tar.gz
[0m[91mResolving github.com (github.com)... [0m[91m140.82.118.4
Connecting to github.com (github.com)|140.82.118.4|:443... [0m[91mconnected.
[0m[91mHTTP request sent, awaiting response... [0m[91m302 Found
[0m[91mLocation: https://codeload.github.com/armon/consul-api/tar.gz/master [following]
[0m[91m--2020-08-24 13:49:08--  https://codeload.github.com/armon/consul-api/tar.gz/master
[0m[91mResolving codeload.github.com (codeload.github.com)... [0m[91m140.82.114.10[0m[91m
[0m[91mConnecting to codeload.github.com (codeload.github.com)|140.82.114.10|:443... [0m[91mconnected.
[0m[91mHTTP request sent, awaiting response... [0m[91m200 OK
[0m[91mLength: unspecified [application/x-gzip]
Saving to: 'armon-consul-api.tar.gz'

     0K[0m[91m ..[0m[91m.[0m[91m.[0m[91m.[0m[91m.[0m[91m.[0m[91m.[0m[91m.[0m[91m.[0m[91m [0m[91m.[0m[91m.[0m[91m.....                                      227K=0.08s

2020-08-24 13:49:08 (227 KB/s) - 'armon-consul-api.tar.gz' saved [17977]

[0mRemoving intermediate container 925baa3c95fe
 ---> 14a23d596dba
Step 15/28 : RUN wget -O hasicorp-hcl.tar.gz https://github.com/hashicorp/hcl/archive/master.tar.gz
 ---> Running in 6585f5e8e4d7
[91m--2020-08-24 13:49:10--  https://github.com/hashicorp/hcl/archive/master.tar.gz
[0m[91mResolving github.com (github.com)... [0m[91m140.82.118.4
Connecting to github.com (github.com)|140.82.118.4|:443... [0m[91mconnected.
[0m[91mHTTP request sent, awaiting response... [0m[91m302 Found
[0m[91mLocation: https://codeload.github.com/hashicorp/hcl/tar.gz/master [following]
[0m[91m--2020-08-24 13:49:11--  https://codeload.github.com/hashicorp/hcl/tar.gz/master
[0m[91mResolving codeload.github.com (codeload.github.com)... [0m[91m140.82.114.10
Connecting to codeload.github.com (codeload.github.com)|140.82.114.10|:443... [0m[91mconnected.
[0m[91mHTTP request sent, awaiting response... [0m[91m200 OK
Length: [0m[91munspecified [application/x-gzip]
Saving to: 'hasicorp-hcl.tar.gz'
[0m[91m
     0K ....[0m[91m...... ..[0m[91m......[0m[91m.. ......[0m[91m.... ........[0m[91m.. ..[0m[91m........  323K
    50K .......... .......... .                                66.3M=0.2s

2020-08-24 13:49:11 (459 KB/s) - 'hasicorp-hcl.tar.gz' saved [72956]

[0mRemoving intermediate container 6585f5e8e4d7
 ---> aa8dc7bde9ad
Step 16/28 : FROM gcr.io/distroless/base:latest
latest: Pulling from distroless/base
4000adbbc3eb: Pulling fs layer
69e2f037cdb3: Pulling fs layer
4000adbbc3eb: Download complete
69e2f037cdb3: Verifying Checksum
69e2f037cdb3: Download complete
4000adbbc3eb: Pull complete
69e2f037cdb3: Pull complete
Digest: sha256:be73c7e6bb15793be42cdba97ca55d731558d8a625acdc13f9b8d49e3ef7de02
Status: Downloaded newer image for gcr.io/distroless/base:latest
 ---> ae9876e34217
Step 17/28 : WORKDIR /
 ---> Running in 38f164006ae1
Removing intermediate container 38f164006ae1
 ---> 0ca79d0f8d6b
Step 18/28 : COPY --from=builder /workspace/manager .
 ---> 0280b1b898b0
Step 19/28 : COPY licenses/license.txt licenses/license.txt
 ---> f1c9272756bf
Step 20/28 : COPY --from=builder /workspace/hashicorp-golang-lru.tar.gz licenses/mpl_source/hashicorp-golang-lru.tar.gz
 ---> 6b3b9ec2ed81
Step 21/28 : COPY --from=builder /workspace/armon-consul-api.tar.gz licenses/mpl_source/armon-consul-api.tar.gz
 ---> 8e4ac77d96eb
Step 22/28 : COPY --from=builder /workspace/hasicorp-hcl.tar.gz licenses/mpl_source/hasicorp-hcl.tar.gz
 ---> 64d29cb37529
Step 23/28 : COPY generated/admissionregistration.k8s.io_v1beta1_mutatingwebhookconfiguration_seldon-mutating-webhook-configuration.yaml /tmp/operator-resources/mutate.yaml
 ---> 37b03f355fa8
Step 24/28 : COPY generated/admissionregistration.k8s.io_v1beta1_validatingwebhookconfiguration_seldon-validating-webhook-configuration.yaml /tmp/operator-resources/validate.yaml
 ---> c3dcf290917f
Step 25/28 : COPY generated/~g_v1_service_seldon-webhook-service.yaml /tmp/operator-resources/service.yaml
 ---> 7084abdffe3e
Step 26/28 : COPY generated/~g_v1_configmap_seldon-config.yaml /tmp/operator-resources/configmap.yaml
 ---> 5f8aebfe6c54
Step 27/28 : COPY generated/apiextensions.k8s.io_v1beta1_customresourcedefinition_seldondeployments.machinelearning.seldon.io.yaml /tmp/operator-resources/crd.yaml
 ---> 004ced9563a8
Step 28/28 : ENTRYPOINT ["/manager"]
 ---> Running in 099c84df4e91
Removing intermediate container 099c84df4e91
 ---> 9759da2bfb99
Successfully built 9759da2bfb99
Successfully tagged seldonio/seldon-core-operator:1.2.3-dev
docker save seldonio/seldon-core-operator:1.2.3-dev > operator.tar
kind load image-archive operator.tar --name kind
make[1]: Leaving directory '/workspace/source/operator'
Files changed in engine folder:
SKIPPING ENGINE IMAGE BUILD...
Files changed in executor folder:
executor/.gitignore
executor/Dockerfile.executor
executor/Dockerfile.executor.redhat
executor/Makefile
executor/api/constants.go
executor/api/grpc/client_test.go
executor/api/grpc/tensorflow/client.go
executor/api/kafka/client.go
executor/api/kafka/proxy.go
executor/api/kafka/server.go
executor/api/kafka/server_test.go
executor/api/kafka/topic.go
executor/api/kafka/worker.go
executor/api/metric/client.go
executor/api/metric/server.go
executor/api/rest/client.go
executor/api/rest/client_test.go
executor/api/rest/server.go
executor/api/rest/utils.go
executor/api/rest/utils_test.go
executor/cmd/executor/main.go
executor/cmd/proxy/main.go
executor/confluent.repo
executor/go.mod
executor/go.sum
executor/licenses/dep.txt
executor/licenses/license.txt
executor/licenses/license_info.csv
executor/licenses/repo.txt
executor/predictor/utils.go
executor/samples/local/kafka/.gitignore
executor/samples/local/kafka/Makefile
executor/samples/local/kafka/cluster/Makefile
executor/samples/local/kafka/cluster/README.md
executor/samples/local/kafka/cluster/cluster.yaml
executor/samples/local/kafka/cluster/topic.yaml
executor/samples/local/kafka/graph/Makefile
executor/samples/local/kafka/graph/model_single.yaml
executor/samples/local/kafka/proxy/Makefile
executor/samples/local/kafka/proxy/model_single.yaml
executor/samples/local/kafka/topicIn.yaml
executor/samples/local/kafka/topicOut.yaml
executor/samples/local/metrics/Makefile
executor/samples/local/metrics/README.md
executor/samples/local/tracing/Makefile
cd ../../executor && make kind-image-install
make[1]: Entering directory '/workspace/source/executor'
go fmt ./api/... ./predictor/... ./k8s/...
go: downloading github.com/uber/jaeger-client-go v2.25.0+incompatible
go: downloading google.golang.org/grpc v1.30.0
go: downloading github.com/grpc-ecosystem/go-grpc-middleware v1.2.1
go: downloading github.com/pkg/errors v0.9.1
go: downloading github.com/prometheus/client_golang v1.7.1
go: downloading github.com/opentracing/opentracing-go v1.2.0
go: downloading github.com/gorilla/mux v1.7.4
go: downloading github.com/cloudevents/sdk-go v1.2.0
go: downloading github.com/prometheus/client_model v0.2.0
go: downloading github.com/prometheus/procfs v0.1.3
go: downloading github.com/confluentinc/confluent-kafka-go v1.4.2
go: downloading github.com/uber/jaeger-lib v2.2.0+incompatible
go: downloading github.com/prometheus/common v0.12.0
go: downloading golang.org/x/sys v0.0.0-20200625212154-ddb9806d33ae
go: downloading go.opencensus.io v0.22.2
go: downloading github.com/cespare/xxhash/v2 v2.1.1
go: downloading golang.org/x/net v0.0.0-20200625001655-4c5254603344
go: downloading google.golang.org/genproto v0.0.0-20200423170343-7949de9c1215
go: downloading golang.org/x/time v0.0.0-20191024005414-555d28b269f0
go: downloading github.com/lightstep/tracecontext.go v0.0.0-20181129014701-1757c391b1ac
go vet ./api/... ./predictor/... ./k8s/...
go: downloading gotest.tools v2.2.0+incompatible
go test ./api/... ./predictor/... ./k8s/... -coverprofile cover.out
?   	github.com/seldonio/seldon-core/executor/api	[no test files]
?   	github.com/seldonio/seldon-core/executor/api/client	[no test files]
ok  	github.com/seldonio/seldon-core/executor/api/grpc	0.054s	coverage: 18.0% of statements
ok  	github.com/seldonio/seldon-core/executor/api/grpc/seldon	1.168s	coverage: 48.5% of statements
?   	github.com/seldonio/seldon-core/executor/api/grpc/seldon/proto	[no test files]
?   	github.com/seldonio/seldon-core/executor/api/grpc/seldon/test	[no test files]
ok  	github.com/seldonio/seldon-core/executor/api/grpc/tensorflow	0.083s	coverage: 19.2% of statements
ok  	github.com/seldonio/seldon-core/executor/api/kafka	0.067s	coverage: 1.2% of statements
ok  	github.com/seldonio/seldon-core/executor/api/metric	0.063s	coverage: 31.6% of statements
ok  	github.com/seldonio/seldon-core/executor/api/payload	0.122s	coverage: 64.3% of statements
ok  	github.com/seldonio/seldon-core/executor/api/rest	1.115s	coverage: 67.6% of statements
?   	github.com/seldonio/seldon-core/executor/api/test	[no test files]
ok  	github.com/seldonio/seldon-core/executor/api/tracing	0.010s	coverage: 72.2% of statements
ok  	github.com/seldonio/seldon-core/executor/api/util	0.032s	coverage: 48.1% of statements
ok  	github.com/seldonio/seldon-core/executor/predictor	0.092s	coverage: 69.1% of statements
ok  	github.com/seldonio/seldon-core/executor/k8s	0.021s	coverage: 72.7% of statements
mkdir -p api/rest/openapi/
cp ../openapi/swagger-ui/* api/rest/openapi/
cp ../openapi/engine.oas3.json api/rest/openapi/seldon.json
cd .. && docker build -f executor/Dockerfile -t seldonio/seldon-core-executor:1.2.3-dev .
unable to prepare context: unable to evaluate symlinks in Dockerfile path: lstat /workspace/source/executor/Dockerfile: no such file or directory
make[1]: *** [Makefile:75: docker-build] Error 1
make[1]: Leaving directory '/workspace/source/executor'
make: *** [Makefile:21: kind_build_executor] Error 2
Executor build returned errors
kind delete cluster
Deleting cluster "kind" ...
Stopping Docker: dockerProgram process in pidfile '/var/run/docker-ssd.pid', 1 process(es), refused to die.
[31m
Pipeline failed on stage 'end-to-end' : container 'step-test-end-to-end'. The execution of the pipeline has stopped.[0m
