
Showing logs for build [32mseldonio-seldon-core-pr-1623-in-8zfdp-9[0m stage [32mpr-build-comment[0m and container [32mstep-credential-initializer-9w8s4[0m
{"level":"warn","ts":1585382451.2282672,"logger":"fallback-logger","caller":"logging/config.go:69","msg":"Fetch GitHub commit ID from kodata failed: \"ref: refs/heads/0.8.0-**-support-backwards-incompats\" is not a valid GitHub commit ID"}
{"level":"info","ts":1585382451.2287288,"logger":"fallback-logger","caller":"creds-init/main.go:40","msg":"Credentials initialized."}

Showing logs for build [32mseldonio-seldon-core-pr-1623-in-8zfdp-9[0m stage [32mpr-build-comment[0m and container [32mstep-working-dir-initializer-bfmbv[0m
{"level":"warn","ts":1585382452.499805,"logger":"fallback-logger","caller":"logging/config.go:69","msg":"Fetch GitHub commit ID from kodata failed: open /var/run/ko/HEAD: no such file or directory"}
{"level":"info","ts":1585382452.5014908,"logger":"fallback-logger","caller":"bash/main.go:64","msg":"Successfully executed command \"sh -c mkdir -p /workspace/source\"; output "}

Showing logs for build [32mseldonio-seldon-core-pr-1623-in-8zfdp-9[0m stage [32mpr-build-comment[0m and container [32mstep-place-tools[0m

Showing logs for build [32mseldonio-seldon-core-pr-1623-in-8zfdp-9[0m stage [32mpr-build-comment[0m and container [32mstep-create-dir-workspace-lczbf[0m
{"level":"warn","ts":1585382458.5699399,"logger":"fallback-logger","caller":"logging/config.go:69","msg":"Fetch GitHub commit ID from kodata failed: open /var/run/ko/HEAD: no such file or directory"}
{"level":"info","ts":1585382458.57185,"logger":"fallback-logger","caller":"bash/main.go:64","msg":"Successfully executed command \"sh -c mkdir -p source\"; output "}

Showing logs for build [32mseldonio-seldon-core-pr-1623-in-8zfdp-9[0m stage [32mpr-build-comment[0m and container [32mstep-git-source-seldonio-seldon-core-pr-1623-in-rkh45[0m
{"level":"warn","ts":1585382458.8350031,"logger":"fallback-logger","caller":"logging/config.go:69","msg":"Fetch GitHub commit ID from kodata failed: \"ref: refs/heads/0.8.0-**-support-backwards-incompats\" is not a valid GitHub commit ID"}
{"level":"info","ts":1585382462.7038493,"logger":"fallback-logger","caller":"git/git.go:103","msg":"Successfully cloned https://github.com/SeldonIO/seldon-core.git @ master in path /workspace/source"}

Showing logs for build [32mseldonio-seldon-core-pr-1623-in-8zfdp-9[0m stage [32mpr-build-comment[0m and container [32mstep-git-merge[0m
Using SHAs from PULL_REFS=master:1c2b511d1b14cbdae64ebde2e67f20aa18e6554e,1623:23deaa3731b4d2e9b64e4f992a967d134ff47fe6
DEBUG: ran git fetch --unshallow origin 23deaa3731b4d2e9b64e4f992a967d134ff47fe6: 1c2b511d1b14cbdae64ebde2e67f20aa18e6554e: in 
DEBUG: ran git checkout master in 
DEBUG: ran git reset --hard 1c2b511d1b14cbdae64ebde2e67f20aa18e6554e in 
DEBUG: ran clean --force -d . in 
DEBUG: ran git merge 23deaa3731b4d2e9b64e4f992a967d134ff47fe6 in 
Merged SHA 31c272f21e3ed1364bcdac7c481191c0a4fb69ed with commit message 'Merge commit '23deaa3731b4d2e9b64e4f992a967d134ff47fe6'' into base branch master
Merged SHA 23deaa3731b4d2e9b64e4f992a967d134ff47fe6 with commit message 'update examples' into base branch master
Merged SHA 1a36cd423ba1b0ae9c3ac79ae90774dd1193fb31 with commit message 'Update notebooks for new deployment names' into base branch master
Merged SHA fe2879285b2db0c5070246975fb81bc91dbd6952 with commit message 'Fix prepackaged deployment creation' into base branch master

Showing logs for build [32mseldonio-seldon-core-pr-1623-in-8zfdp-9[0m stage [32mpr-build-comment[0m and container [32mstep-step2[0m
+++ dirname ./add-pr-build-comment
++ cd .
++ pwd
+ STARTUP_DIR=/workspace/source/ci
+ REPO_OWNER=SeldonIO
+ REPO_NAME=seldon-core
+ PULL_NUMBER=1623
+ BUILD_NUMBER=9
+ PIPELINE_CONTEXT=integration
++ cat
+++ date
+ COMMENT_MSG='Sat Mar 28 08:01:09 UTC 2020
The logs for [integration] [9] will show after the pipeline context has finished.  
https://github.com/SeldonIO/seldon-core/blob/gh-pages/jenkins-x/logs/SeldonIO/seldon-core/PR-1623/9.log

impatient try  
** get build logs SeldonIO/seldon-core/PR-1623 --build=9'
+ ** step pr comment --owner=SeldonIO --repository=seldon-core --pull-request=1623 '--comment=Sat Mar 28 08:01:09 UTC 2020
The logs for [integration] [9] will show after the pipeline context has finished.  
https://github.com/SeldonIO/seldon-core/blob/gh-pages/jenkins-x/logs/SeldonIO/seldon-core/PR-1623/9.log

impatient try  
** get build logs SeldonIO/seldon-core/PR-1623 --build=9'

Showing logs for build [32mseldonio-seldon-core-pr-1623-in-8zfdp-9[0m stage [32mpr-build-comment[0m and container [32mstep-source-mkdir-seldonio-seldon-core-pr-1623-in-r5h2x[0m
{"level":"warn","ts":1585382471.5190911,"logger":"fallback-logger","caller":"logging/config.go:69","msg":"Fetch GitHub commit ID from kodata failed: open /var/run/ko/HEAD: no such file or directory"}
{"level":"info","ts":1585382471.522991,"logger":"fallback-logger","caller":"bash/main.go:64","msg":"Successfully executed command \"sh -c mkdir -p /pvc/pr-build-comment/workspace\"; output "}

Showing logs for build [32mseldonio-seldon-core-pr-1623-in-8zfdp-9[0m stage [32mpr-build-comment[0m and container [32mstep-source-copy-seldonio-seldon-core-pr-1623-in-9x6fc[0m
{"level":"warn","ts":1585382471.7433224,"logger":"fallback-logger","caller":"logging/config.go:69","msg":"Fetch GitHub commit ID from kodata failed: open /var/run/ko/HEAD: no such file or directory"}
{"level":"info","ts":1585382472.0278227,"logger":"fallback-logger","caller":"bash/main.go:64","msg":"Successfully executed command \"sh -c cp -r source/. /pvc/pr-build-comment/workspace\"; output "}

Showing logs for build [32mseldonio-seldon-core-pr-1623-in-8zfdp-9[0m stage [32mend-to-end[0m and container [32mstep-credential-initializer-xft2z[0m
{"level":"warn","ts":1585382477.2423754,"logger":"fallback-logger","caller":"logging/config.go:69","msg":"Fetch GitHub commit ID from kodata failed: \"ref: refs/heads/0.8.0-**-support-backwards-incompats\" is not a valid GitHub commit ID"}
{"level":"info","ts":1585382477.2431262,"logger":"fallback-logger","caller":"creds-init/main.go:40","msg":"Credentials initialized."}

Showing logs for build [32mseldonio-seldon-core-pr-1623-in-8zfdp-9[0m stage [32mend-to-end[0m and container [32mstep-working-dir-initializer-8pzs5[0m
{"level":"warn","ts":1585382478.5218434,"logger":"fallback-logger","caller":"logging/config.go:69","msg":"Fetch GitHub commit ID from kodata failed: open /var/run/ko/HEAD: no such file or directory"}
{"level":"info","ts":1585382478.5234494,"logger":"fallback-logger","caller":"bash/main.go:64","msg":"Successfully executed command \"sh -c mkdir -p /workspace/source\"; output "}

Showing logs for build [32mseldonio-seldon-core-pr-1623-in-8zfdp-9[0m stage [32mend-to-end[0m and container [32mstep-place-tools[0m

Showing logs for build [32mseldonio-seldon-core-pr-1623-in-8zfdp-9[0m stage [32mend-to-end[0m and container [32mstep-create-dir-workspace-jpx56[0m
{"level":"warn","ts":1585382485.571737,"logger":"fallback-logger","caller":"logging/config.go:69","msg":"Fetch GitHub commit ID from kodata failed: open /var/run/ko/HEAD: no such file or directory"}
{"level":"info","ts":1585382485.5734074,"logger":"fallback-logger","caller":"bash/main.go:64","msg":"Successfully executed command \"sh -c mkdir -p /workspace/source\"; output "}

Showing logs for build [32mseldonio-seldon-core-pr-1623-in-8zfdp-9[0m stage [32mend-to-end[0m and container [32mstep-source-copy-workspace-cpj4m[0m
{"level":"warn","ts":1585382485.7986622,"logger":"fallback-logger","caller":"logging/config.go:69","msg":"Fetch GitHub commit ID from kodata failed: open /var/run/ko/HEAD: no such file or directory"}
{"level":"info","ts":1585382487.9699926,"logger":"fallback-logger","caller":"bash/main.go:64","msg":"Successfully executed command \"sh -c cp -r /pvc/pr-build-comment/workspace/. /workspace/source\"; output "}

Showing logs for build [32mseldonio-seldon-core-pr-1623-in-8zfdp-9[0m stage [32mend-to-end[0m and container [32mstep-test-end-to-end[0m
Test run type is: [base]
Starting Docker: docker.
[SETUP] Waiting for Docker to be ready, sleeping for 1 seconds ...
kind create cluster --config ../resources/kind_config.yaml
Creating cluster "kind" ...
 â€¢ Ensuring node image (kindest/node:v1.16.3) ðŸ–¼  ...
 âœ“ Ensuring node image (kindest/node:v1.16.3) ðŸ–¼
 â€¢ Preparing nodes ðŸ“¦  ...
 âœ“ Preparing nodes ðŸ“¦
 â€¢ Writing configuration ðŸ“œ  ...
 âœ“ Writing configuration ðŸ“œ
 â€¢ Starting control-plane ðŸ•¹ï¸  ...
 âœ“ Starting control-plane ðŸ•¹ï¸
 â€¢ Installing CNI ðŸ”Œ  ...
 âœ“ Installing CNI ðŸ”Œ
 â€¢ Installing StorageClass ðŸ’¾  ...
 âœ“ Installing StorageClass ðŸ’¾
 â€¢ Joining worker nodes ðŸšœ  ...
 âœ“ Joining worker nodes ðŸšœ
Set kubectl context to "kind-kind"
You can now use your cluster with:

kubectl cluster-info --context kind-kind

Have a nice day! ðŸ‘‹
`kind get kubeconfig-path` is deprecated!

KIND will export and merge kubeconfig like kops, minikube, etc.
This command is now unnecessary and will be removed in a future release.

For more info see: https://github.com/kubernetes-sigs/kind/issues/1060
See also the output of `kind create cluster`

Files changed in python folder:
SKIPPING PYTHON IMAGE BUILD...
Files changed in operator folder:
operator/controllers/seldondeployment_prepackaged_servers.go
cd ../../operator && make kind-image-install
make[1]: Entering directory '/workspace/source/operator'
go: creating new go.mod: module tmp
go: finding sigs.k8s.io v0.2.5
go: finding sigs.k8s.io/controller-tools v0.2.5
go: finding sigs.k8s.io/controller-tools/cmd v0.2.5
go: finding sigs.k8s.io/controller-tools/cmd/controller-gen v0.2.5
go: downloading sigs.k8s.io/controller-tools v0.2.5
go: extracting sigs.k8s.io/controller-tools v0.2.5
go: downloading github.com/spf13/cobra v0.0.5
go: downloading github.com/fatih/color v1.7.0
go: downloading k8s.io/apimachinery v0.17.0
go: downloading golang.org/x/tools v0.0.0-20190920225731-5eefd052ad72
go: downloading k8s.io/apiextensions-apiserver v0.17.0
go: downloading sigs.k8s.io/yaml v1.1.0
go: downloading k8s.io/api v0.17.0
go: extracting github.com/fatih/color v1.7.0
go: extracting sigs.k8s.io/yaml v1.1.0
go: extracting github.com/spf13/cobra v0.0.5
go: downloading gopkg.in/yaml.v2 v2.2.4
go: extracting gopkg.in/yaml.v2 v2.2.4
go: extracting k8s.io/apiextensions-apiserver v0.17.0
go: downloading github.com/inconshreveable/mousetrap v1.0.0
go: extracting github.com/inconshreveable/mousetrap v1.0.0
go: downloading github.com/spf13/pflag v1.0.5
go: extracting k8s.io/apimachinery v0.17.0
go: downloading github.com/mattn/go-isatty v0.0.8
go: downloading github.com/gogo/protobuf v1.2.2-0.20190723190241-65acae22fc9d
go: extracting github.com/spf13/pflag v1.0.5
go: downloading gopkg.in/yaml.v3 v3.0.0-20190905181640-827449938966
go: extracting github.com/mattn/go-isatty v0.0.8
go: extracting gopkg.in/yaml.v3 v3.0.0-20190905181640-827449938966
go: downloading k8s.io/utils v0.0.0-20191114184206-e782cd3c129f
go: downloading k8s.io/klog v1.0.0
go: downloading gopkg.in/inf.v0 v0.9.1
go: downloading github.com/gobuffalo/flect v0.2.0
go: downloading github.com/mattn/go-colorable v0.1.2
go: extracting k8s.io/klog v1.0.0
go: extracting k8s.io/utils v0.0.0-20191114184206-e782cd3c129f
go: extracting gopkg.in/inf.v0 v0.9.1
go: downloading golang.org/x/net v0.0.0-20191004110552-13f9640d40b9
go: downloading github.com/google/gofuzz v1.0.0
go: extracting github.com/gobuffalo/flect v0.2.0
go: extracting github.com/mattn/go-colorable v0.1.2
go: downloading golang.org/x/sys v0.0.0-20190826190057-c7b8b68b1456
go: extracting github.com/google/gofuzz v1.0.0
go: extracting golang.org/x/tools v0.0.0-20190920225731-5eefd052ad72
go: extracting k8s.io/api v0.17.0
go: extracting github.com/gogo/protobuf v1.2.2-0.20190723190241-65acae22fc9d
go: extracting golang.org/x/sys v0.0.0-20190826190057-c7b8b68b1456
go: extracting golang.org/x/net v0.0.0-20191004110552-13f9640d40b9
go: downloading golang.org/x/text v0.3.2
go: extracting golang.org/x/text v0.3.2
go: finding k8s.io/api v0.17.0
go: finding github.com/spf13/cobra v0.0.5
go: finding github.com/fatih/color v1.7.0
go: finding k8s.io/apimachinery v0.17.0
go: finding github.com/gobuffalo/flect v0.2.0
go: finding golang.org/x/tools v0.0.0-20190920225731-5eefd052ad72
go: finding k8s.io/apiextensions-apiserver v0.17.0
go: finding gopkg.in/yaml.v3 v3.0.0-20190905181640-827449938966
go: finding github.com/mattn/go-colorable v0.1.2
go: finding sigs.k8s.io/yaml v1.1.0
go: finding github.com/mattn/go-isatty v0.0.8
go: finding github.com/gogo/protobuf v1.2.2-0.20190723190241-65acae22fc9d
go: finding github.com/google/gofuzz v1.0.0
go: finding github.com/spf13/pflag v1.0.5
go: finding gopkg.in/inf.v0 v0.9.1
go: finding k8s.io/klog v1.0.0
go: finding gopkg.in/yaml.v2 v2.2.4
go: finding k8s.io/utils v0.0.0-20191114184206-e782cd3c129f
go: finding golang.org/x/net v0.0.0-20191004110552-13f9640d40b9
go: finding golang.org/x/sys v0.0.0-20190826190057-c7b8b68b1456
go: finding golang.org/x/text v0.3.2
/builder/home/go/bin/controller-gen object:headerFile=./hack/boilerplate.go.txt paths="./..."
go fmt ./...
go vet ./...
go: downloading github.com/onsi/gomega v1.8.1
go: downloading github.com/gophercloud/gophercloud v0.4.0
go: downloading github.com/onsi/ginkgo v1.11.0
go: downloading github.com/Azure/go-autorest/autorest v0.9.2
go: extracting github.com/Azure/go-autorest/autorest v0.9.2
go: downloading github.com/Azure/go-autorest/autorest/adal v0.7.0
go: downloading github.com/Azure/go-autorest/logger v0.1.0
go: extracting github.com/onsi/gomega v1.8.1
go: extracting github.com/onsi/ginkgo v1.11.0
go: downloading github.com/Azure/go-autorest/tracing v0.5.0
go: downloading golang.org/x/xerrors v0.0.0-20190717185122-a985d3407aa7
go: downloading github.com/hpcloud/tail v1.0.0
go: extracting github.com/Azure/go-autorest/tracing v0.5.0
go: extracting github.com/Azure/go-autorest/logger v0.1.0
go: extracting github.com/Azure/go-autorest/autorest/adal v0.7.0
go: downloading github.com/dgrijalva/jwt-go v3.2.0+incompatible
go: downloading github.com/Azure/go-autorest/autorest/date v0.2.0
go: extracting golang.org/x/xerrors v0.0.0-20190717185122-a985d3407aa7
go: extracting github.com/hpcloud/tail v1.0.0
go: extracting github.com/Azure/go-autorest/autorest/date v0.2.0
go: extracting github.com/dgrijalva/jwt-go v3.2.0+incompatible
go: downloading gopkg.in/tomb.v1 v1.0.0-20141024135613-dd632973f1e7
go: extracting gopkg.in/tomb.v1 v1.0.0-20141024135613-dd632973f1e7
go: extracting github.com/gophercloud/gophercloud v0.4.0
/builder/home/go/bin/controller-gen "crd:trivialVersions=true" rbac:roleName=manager-role webhook paths="./..." output:crd:artifacts:config=config/crd/bases
rm -rf generated
mkdir generated
kustomize build config/default/ -o generated
cp generated/apiextensions.k8s.io_v1beta1_customresourcedefinition_seldondeployments.machinelearning.seldon.io.yaml testing/machinelearning.seldon.io_seldondeployments.yaml
go test ./controllers/... ./apis/...  -coverprofile cover.out
ok  	github.com/seldonio/seldon-core/operator/controllers	17.630s	coverage: 49.7% of statements
?   	github.com/seldonio/seldon-core/operator/controllers/resources/credentials	[no test files]
ok  	github.com/seldonio/seldon-core/operator/controllers/resources/credentials/gcs	0.012s	coverage: 100.0% of statements
ok  	github.com/seldonio/seldon-core/operator/controllers/resources/credentials/s3	0.011s	coverage: 94.6% of statements
ok  	github.com/seldonio/seldon-core/operator/apis/machinelearning/v1	0.024s	coverage: 39.7% of statements
?   	github.com/seldonio/seldon-core/operator/apis/machinelearning/v1alpha2	[no test files]
?   	github.com/seldonio/seldon-core/operator/apis/machinelearning/v1alpha3	[no test files]
docker build . -t seldonio/seldon-core-operator:1.0.3-SNAPSHOT
Sending build context to Docker daemon  3.098MB
Step 1/17 : FROM golang:1.13.2 as builder
1.13.2: Pulling from library/golang
c7b7d16361e0: Pulling fs layer
b7a128769df1: Pulling fs layer
1128949d0793: Pulling fs layer
667692510b70: Pulling fs layer
c70d80036479: Pulling fs layer
a8669f8c1a42: Pulling fs layer
433331673060: Pulling fs layer
c70d80036479: Waiting
667692510b70: Waiting
a8669f8c1a42: Waiting
b7a128769df1: Verifying Checksum
b7a128769df1: Download complete
1128949d0793: Verifying Checksum
1128949d0793: Download complete
c7b7d16361e0: Verifying Checksum
c7b7d16361e0: Download complete
667692510b70: Verifying Checksum
667692510b70: Download complete
c70d80036479: Verifying Checksum
c70d80036479: Download complete
433331673060: Verifying Checksum
433331673060: Download complete
a8669f8c1a42: Verifying Checksum
a8669f8c1a42: Download complete
c7b7d16361e0: Pull complete
b7a128769df1: Pull complete
1128949d0793: Pull complete
667692510b70: Pull complete
c70d80036479: Pull complete
a8669f8c1a42: Pull complete
433331673060: Pull complete
Digest: sha256:b3086f21bfbe896973dd6147b46f2736a7deb2c04ed76219835befa0244a9562
Status: Downloaded newer image for golang:1.13.2
 ---> e37698ff7351
Step 2/17 : WORKDIR /workspace
 ---> Running in 0dc07b0eeff7
Removing intermediate container 0dc07b0eeff7
 ---> 17e1e9e4004f
Step 3/17 : COPY go.mod go.mod
 ---> c7628b3546ca
Step 4/17 : COPY go.sum go.sum
 ---> e9ca6d4a26a0
Step 5/17 : RUN go mod download
 ---> Running in fde0e646b881
[91mgo: finding cloud.google.com/go v0.38.0
[0m[91mgo: finding github.com/Azure/go-ansiterm v0.0.0-20170929234023-d6e3b3328b78
[0m[91mgo: finding github.com/Azure/go-autorest/autorest v0.9.2
[0m[91mgo: finding github.com/Azure/go-autorest/autorest/adal v0.7.0
[0m[91mgo: finding github.com/Azure/go-autorest/autorest/date v0.2.0
[0m[91mgo: finding github.com/Azure/go-autorest/autorest/mocks v0.3.0
[0m[91mgo: finding github.com/Azure/go-autorest/logger v0.1.0
[0m[91mgo: finding github.com/Azure/go-autorest/tracing v0.5.0
[0m[91mgo: finding github.com/BurntSushi/toml v0.3.1
[0m[91mgo: finding github.com/BurntSushi/xgb v0.0.0-20160522181843-27f122750802
[0m[91mgo: finding github.com/NYTimes/gziphandler v0.0.0-20170623195520-56545f4a5d46
[0m[91mgo: finding github.com/PuerkitoBio/purell v1.1.1
[0m[91mgo: finding github.com/PuerkitoBio/urlesc v0.0.0-20170810143723-de5bf2ad4578
[0m[91mgo: finding github.com/agnivade/levenshtein v1.0.1
[0m[91mgo: finding github.com/alecthomas/template v0.0.0-20160405071501-a0175ee3bccc
[0m[91mgo: finding github.com/alecthomas/units v0.0.0-20151022065526-2efee857e7cf
[0m[91mgo: finding github.com/andreyvit/diff v0.0.0-20170406064948-c7f18ee00883
[0m[91mgo: finding github.com/armon/consul-api v0.0.0-20180202201655-eb2c6b5be1b6
[0m[91mgo: finding github.com/asaskevich/govalidator v0.0.0-20190424111038-f61b66f89f4a
[0m[91mgo: finding github.com/beorn7/perks v1.0.0
[0m[91mgo: finding github.com/bgentry/speakeasy v0.1.0
[0m[91mgo: finding github.com/blang/semver v3.5.0+incompatible
[0m[91mgo: finding github.com/client9/misspell v0.3.4
[0m[91mgo: finding github.com/cockroachdb/datadriven v0.0.0-20190809214429-80d97fb3cbaa
[0m[91mgo: finding github.com/coreos/etcd v3.3.10+incompatible
[0m[91mgo: finding github.com/coreos/go-etcd v2.0.0+incompatible
[0m[91mgo: finding github.com/coreos/go-oidc v2.1.0+incompatible
[0m[91mgo: finding github.com/coreos/go-semver v0.3.0
[0m[91mgo: finding github.com/coreos/go-systemd v0.0.0-20190321100706-95778dfbb74e
[0m[91mgo: finding github.com/coreos/pkg v0.0.0-20180108230652-97fdf19511ea
[0m[91mgo: finding github.com/cpuguy83/go-md2man v1.0.10
[0m[91mgo: finding github.com/creack/pty v1.1.7
[0m[91mgo: finding github.com/davecgh/go-spew v1.1.1
[0m[91mgo: finding github.com/dgrijalva/jwt-go v3.2.0+incompatible
[0m[91mgo: finding github.com/docker/docker v0.7.3-0.20190327010347-be7ac8be2ae0
[0m[91mgo: finding github.com/docker/go-units v0.4.0
[0m[91mgo: finding github.com/docker/spdystream v0.0.0-20160310174837-449fdfce4d96
[0m[91mgo: finding github.com/docopt/docopt-go v0.0.0-20180111231733-ee0de3bc6815
[0m[91mgo: finding github.com/dustin/go-humanize v1.0.0
[0m[91mgo: finding github.com/elazarl/goproxy v0.0.0-20170405201442-c4fc26588b6e
[0m[91mgo: finding github.com/emicklei/go-restful v2.9.5+incompatible
[0m[91mgo: finding github.com/evanphx/json-patch v4.5.0+incompatible
[0m[91mgo: finding github.com/fatih/color v1.7.0
[0m[91mgo: finding github.com/fsnotify/fsnotify v1.4.7
[0m[91mgo: finding github.com/ghodss/yaml v1.0.0
[0m[91mgo: finding github.com/globalsign/mgo v0.0.0-20181015135952-eeefdecb41b8
[0m[91mgo: finding github.com/go-kit/kit v0.8.0
[0m[91mgo: finding github.com/go-logfmt/logfmt v0.3.0
[0m[91mgo: finding github.com/go-logr/logr v0.1.0
[0m[91mgo: finding github.com/go-logr/zapr v0.1.0
[0m[91mgo: finding github.com/go-openapi/analysis v0.19.5
[0m[91mgo: finding github.com/go-openapi/errors v0.19.2
[0m[91mgo: finding github.com/go-openapi/jsonpointer v0.19.3
[0m[91mgo: finding github.com/go-openapi/jsonreference v0.19.3
[0m[91mgo: finding github.com/go-openapi/loads v0.19.4
[0m[91mgo: finding github.com/go-openapi/runtime v0.19.4
[0m[91mgo: finding github.com/go-openapi/spec v0.19.3
[0m[91mgo: finding github.com/go-openapi/strfmt v0.19.3
[0m[91mgo: finding github.com/go-openapi/swag v0.19.5
[0m[91mgo: finding github.com/go-openapi/validate v0.19.5
[0m[91mgo: finding github.com/go-stack/stack v1.8.0
[0m[91mgo: finding github.com/gogo/protobuf v1.3.1
[0m[91mgo: finding github.com/golang/glog v0.0.0-20160126235308-23def4e6c14b
[0m[91mgo: finding github.com/golang/groupcache v0.0.0-20190702054246-869f871628b6
[0m[91mgo: finding github.com/golang/mock v1.2.0
[0m[91mgo: finding github.com/golang/protobuf v1.3.2
[0m[91mgo: finding github.com/google/btree v1.0.0
[0m[91mgo: finding github.com/google/go-cmp v0.3.1
[0m[91mgo: finding github.com/google/gofuzz v1.0.0
[0m[91mgo: finding github.com/google/martian v2.1.0+incompatible
[0m[91mgo: finding github.com/google/pprof v0.0.0-20181206194817-3ea8567a2e57
[0m[91mgo: finding github.com/google/uuid v1.1.1
[0m[91mgo: finding github.com/googleapis/gax-go/v2 v2.0.4
[0m[91mgo: finding github.com/googleapis/gnostic v0.3.1
[0m[91mgo: finding github.com/gophercloud/gophercloud v0.4.0
[0m[91mgo: finding github.com/gorilla/websocket v1.4.0
[0m[91mgo: finding github.com/gregjones/httpcache v0.0.0-20180305231024-9cad4c3443a7
[0m[91mgo: finding github.com/grpc-ecosystem/go-grpc-middleware v1.0.1-0.20190118093823-f849b5445de4
[0m[91mgo: finding github.com/grpc-ecosystem/go-grpc-prometheus v1.2.0
[0m[91mgo: finding github.com/grpc-ecosystem/grpc-gateway v1.9.5
[0m[91mgo: finding github.com/hashicorp/golang-lru v0.5.4
[0m[91mgo: finding github.com/hashicorp/hcl v1.0.0
[0m[91mgo: finding github.com/hpcloud/tail v1.0.0
[0m[91mgo: finding github.com/imdario/mergo v0.3.7
[0m[91mgo: finding github.com/inconshreveable/mousetrap v1.0.0
[0m[91mgo: finding github.com/jonboulle/clockwork v0.1.0
[0m[91mgo: finding github.com/json-iterator/go v1.1.9
[0m[91mgo: finding github.com/jstemmer/go-junit-report v0.0.0-20190106144839-af01ea7f8024
[0m[91mgo: finding github.com/julienschmidt/httprouter v1.2.0
[0m[91mgo: finding github.com/kisielk/errcheck v1.2.0
[0m[91mgo: finding github.com/kisielk/gotool v1.0.0
[0m[91mgo: finding github.com/konsorten/go-windows-terminal-sequences v1.0.1
[0m[91mgo: finding github.com/kr/logfmt v0.0.0-20140226030751-b84e30acd515
[0m[91mgo: finding github.com/kr/pretty v0.1.0
[0m[91mgo: finding github.com/kr/pty v1.1.5
[0m[91mgo: finding github.com/kr/text v0.1.0
[0m[91mgo: finding github.com/magiconair/properties v1.8.0
[0m[91mgo: finding github.com/mailru/easyjson v0.7.0
[0m[91mgo: finding github.com/mattn/go-colorable v0.0.9
[0m[91mgo: finding github.com/mattn/go-isatty v0.0.4
[0m[91mgo: finding github.com/mattn/go-runewidth v0.0.2
[0m[91mgo: finding github.com/matttproud/golang_protobuf_extensions v1.0.1
[0m[91mgo: finding github.com/mitchellh/go-homedir v1.1.0
[0m[91mgo: finding github.com/mitchellh/mapstructure v1.1.2
[0m[91mgo: finding github.com/modern-go/concurrent v0.0.0-20180306012644-bacd9c7ef1dd
[0m[91mgo: finding github.com/modern-go/reflect2 v1.0.1
[0m[91mgo: finding github.com/munnerz/goautoneg v0.0.0-20191010083416-a7dc8b61c822
[0m[91mgo: finding github.com/mwitkow/go-conntrack v0.0.0-20161129095857-cc309e4a2223
[0m[91mgo: finding github.com/mxk/go-flowrate v0.0.0-20140419014527-cca7078d478f
[0m[91mgo: finding github.com/olekukonko/tablewriter v0.0.0-20170122224234-a0225b3f23b5
[0m[91mgo: finding github.com/onsi/ginkgo v1.11.0
[0m[91mgo: finding github.com/onsi/gomega v1.8.1
[0m[91mgo: finding github.com/pborman/uuid v1.2.0
[0m[91mgo: finding github.com/pelletier/go-toml v1.2.0
[0m[91mgo: finding github.com/peterbourgon/diskv v2.0.1+incompatible
[0m[91mgo: finding github.com/pkg/errors v0.8.1
[0m[91mgo: finding github.com/pmezard/go-difflib v1.0.0
[0m[91mgo: finding github.com/pquerna/cachecontrol v0.0.0-20171018203845-0dec1b30a021
[0m[91mgo: finding github.com/prometheus/client_golang v1.0.0
[0m[91mgo: finding github.com/prometheus/client_model v0.0.0-20190129233127-fd36f4220a90
[0m[91mgo: finding github.com/prometheus/common v0.4.1
[0m[91mgo: finding github.com/prometheus/procfs v0.0.2
[0m[91mgo: finding github.com/remyoudompheng/bigfft v0.0.0-20170806203942-52369c62f446
[0m[91mgo: finding github.com/rogpeppe/fastuuid v0.0.0-20150106093220-6724a57986af
[0m[91mgo: finding github.com/russross/blackfriday v1.5.2
[0m[91mgo: finding github.com/sergi/go-diff v1.0.0
[0m[91mgo: finding github.com/sirupsen/logrus v1.4.2
[0m[91mgo: finding github.com/soheilhy/cmux v0.1.4
[0m[91mgo: finding github.com/spf13/afero v1.2.2
[0m[91mgo: finding github.com/spf13/cast v1.3.0
[0m[91mgo: finding github.com/spf13/cobra v0.0.5
[0m[91mgo: finding github.com/spf13/jwalterweatherman v1.0.0
[0m[91mgo: finding github.com/spf13/pflag v1.0.5
[0m[91mgo: finding github.com/spf13/viper v1.3.2
[0m[91mgo: finding github.com/stretchr/ob** v0.2.0
[0m[91mgo: finding github.com/stretchr/testify v1.4.0
[0m[91mgo: finding github.com/tidwall/pretty v1.0.0
[0m[91mgo: finding github.com/tmc/grpc-websocket-proxy v0.0.0-20170815181823-89b8d40f7ca8
[0m[91mgo: finding github.com/ugorji/go/codec v0.0.0-20181204163529-d75b2dcb6bc8
[0m[91mgo: finding github.com/urfave/cli v1.20.0
[0m[91mgo: finding github.com/vektah/gqlparser v1.1.2
[0m[91mgo: finding github.com/xiang90/probing v0.0.0-20190116061207-43a291ad63a2
[0m[91mgo: finding github.com/xordataexchange/crypt v0.0.3-0.20170626215501-b2862e3d0a77
[0m[91mgo: finding go.etcd.io/bbolt v1.3.3
[0m[91mgo: finding go.etcd.io/etcd v0.0.0-20191023171146-3cf2f69b5738
[0m[91mgo: finding go.mongodb.org/mongo-driver v1.1.2
[0m[91mgo: finding go.opencensus.io v0.21.0
[0m[91mgo: finding go.uber.org/atomic v1.3.2
[0m[91mgo: finding go.uber.org/multierr v1.1.0
[0m[91mgo: finding go.uber.org/zap v1.10.0
[0m[91mgo: finding golang.org/x/crypto v0.0.0-20190923035154-9ee001bba392
[0m[91mgo: finding golang.org/x/exp v0.0.0-20190312203227-4b39c73a6495
[0m[91mgo: finding golang.org/x/image v0.0.0-20190227222117-0694c2d4d067
[0m[91mgo: finding golang.org/x/lint v0.0.0-20190313153728-d0100b6bd8b3
[0m[91mgo: finding golang.org/x/mobile v0.0.0-20190312151609-d3739f865fa6
[0m[91mgo: finding golang.org/x/net v0.0.0-20191004110552-13f9640d40b9
[0m[91mgo: finding golang.org/x/oauth2 v0.0.0-20190604053449-0f29369cfe45
[0m[91mgo: finding golang.org/x/sync v0.0.0-20190423024810-112230192c58
[0m[91mgo: finding golang.org/x/sys v0.0.0-20190924154521-2837fb4f24fe
[0m[91mgo: finding golang.org/x/text v0.3.2
[0m[91mgo: finding golang.org/x/time v0.0.0-20190921001708-c4c64cad1fd0
[0m[91mgo: finding golang.org/x/tools v0.0.0-20190920225731-5eefd052ad72
[0m[91mgo: finding golang.org/x/xerrors v0.0.0-20190717185122-a985d3407aa7
[0m[91mgo: finding gomodules.xyz/jsonpatch/v2 v2.0.1
[0m[91mgo: finding gonum.org/v1/gonum v0.0.0-20190331200053-3d26580ed485
[0m[91mgo: finding gonum.org/v1/netlib v0.0.0-20190331212654-76723241ea4e
[0m[91mgo: finding google.golang.org/api v0.4.0
[0m[91mgo: finding google.golang.org/appengine v1.6.5
[0m[91mgo: finding google.golang.org/genproto v0.0.0-20190916214212-f660b8655731
[0m[91mgo: finding google.golang.org/grpc v1.23.1
[0m[91mgo: finding gopkg.in/alecthomas/kingpin.v2 v2.2.6
[0m[91mgo: finding gopkg.in/check.v1 v1.0.0-20190902080502-41f04d3bba15
[0m[91mgo: finding gopkg.in/cheggaaa/pb.v1 v1.0.25
[0m[91mgo: finding gopkg.in/fsnotify.v1 v1.4.7
[0m[91mgo: finding gopkg.in/inf.v0 v0.9.1
[0m[91mgo: finding gopkg.in/natefinch/lumberjack.v2 v2.0.0
[0m[91mgo: finding gopkg.in/resty.v1 v1.12.0
[0m[91mgo: finding gopkg.in/square/go-jose.v2 v2.2.2
[0m[91mgo: finding gopkg.in/tomb.v1 v1.0.0-20141024135613-dd632973f1e7
[0m[91mgo: finding gopkg.in/yaml.v2 v2.2.4
[0m[91mgo: finding gotest.tools v2.2.0+incompatible
[0m[91mgo: finding honnef.co/go/tools v0.0.0-20190523083050-ea95bdfd59fc
[0m[91mgo: finding istio.io/api v0.0.0-20200305220354-742c3015842e
[0m[91mgo: finding istio.io/client-go v0.0.0-20200305195406-fddfc7a9ca06
[0m[91mgo: finding istio.io/gogo-genproto v0.0.0-20190930162913-45029607206a
[0m[91mgo: finding k8s.io/api v0.17.2
[0m[91mgo: finding k8s.io/apiextensions-apiserver v0.17.2
[0m[91mgo: finding k8s.io/apimachinery v0.17.2
[0m[91mgo: finding k8s.io/apiserver v0.17.2
[0m[91mgo: finding k8s.io/client-go v0.17.2
[0m[91mgo: finding k8s.io/code-generator v0.17.2
[0m[91mgo: finding k8s.io/component-base v0.17.2
[0m[91mgo: finding k8s.io/gengo v0.0.0-20190822140433-26a664648505
[0m[91mgo: finding k8s.io/klog v1.0.0
[0m[91mgo: finding k8s.io/kube-openapi v0.0.0-20191107075043-30be4d16710a
[0m[91mgo: finding k8s.io/utils v0.0.0-20191114184206-e782cd3c129f
[0m[91mgo: finding knative.dev/pkg v0.0.0-20200306225627-d1665814487e
[0m[91mgo: finding modernc.org/cc v1.0.0
[0m[91mgo: finding modernc.org/golex v1.0.0
[0m[91mgo: finding modernc.org/mathutil v1.0.0
[0m[91mgo: finding modernc.org/strutil v1.0.0
[0m[91mgo: finding modernc.org/xc v1.0.0
[0m[91mgo: finding sigs.k8s.io/controller-runtime v0.5.0
[0m[91mgo: finding sigs.k8s.io/structured-merge-diff v1.0.1-0.20191108220359-b1b620dd3f06
[0m[91mgo: finding sigs.k8s.io/yaml v1.1.0
[0mRemoving intermediate container fde0e646b881
 ---> 890847e3d436
Step 6/17 : COPY main.go main.go
 ---> 6940ab848ef7
Step 7/17 : COPY apis/ apis/
 ---> 288b01710b7c
Step 8/17 : COPY controllers/ controllers/
 ---> 7204cb5eb951
Step 9/17 : COPY utils/ utils/
 ---> 6c9671bb690a
Step 10/17 : COPY constants/ constants/
 ---> a2306194cad1
Step 11/17 : COPY client/ client/
 ---> 4a41ade97f84
Step 12/17 : RUN CGO_ENABLED=0 GOOS=linux GOARCH=amd64 GO111MODULE=on go build -a -o manager main.go
 ---> Running in 16b1cea630f9
Removing intermediate container 16b1cea630f9
 ---> 7d0be6e08e8f
Step 13/17 : FROM gcr.io/distroless/static:latest
latest: Pulling from distroless/static
9ff2acc3204b: Pulling fs layer
9ff2acc3204b: Verifying Checksum
9ff2acc3204b: Download complete
9ff2acc3204b: Pull complete
Digest: sha256:c6d5981545ce1406d33e61434c61e9452dad93ecd8397c41e89036ef977a88f4
Status: Downloaded newer image for gcr.io/distroless/static:latest
 ---> e4d2a899b1bf
Step 14/17 : WORKDIR /
 ---> Running in 5bbc890a49ab
Removing intermediate container 5bbc890a49ab
 ---> fe7555c62221
Step 15/17 : COPY --from=builder /workspace/manager .
 ---> 4f2b79911af9
Step 16/17 : COPY licenses/license.txt .
 ---> fbde51cf2432
Step 17/17 : ENTRYPOINT ["/manager"]
 ---> Running in 6376eec67d00
Removing intermediate container 6376eec67d00
 ---> 4821f21f7817
Successfully built 4821f21f7817
Successfully tagged seldonio/seldon-core-operator:1.0.3-SNAPSHOT
docker save seldonio/seldon-core-operator:1.0.3-SNAPSHOT > operator.tar
kind load image-archive operator.tar 
make[1]: Leaving directory '/workspace/source/operator'
Files changed in engine folder:
SKIPPING ENGINE IMAGE BUILD...
Files changed in executor folder:
SKIPPING EXECUTOR IMAGE BUILD...
Build fixed models
cd ../docker/fixed-model && make kind_load_images
make[1]: Entering directory '/workspace/source/testing/docker/fixed-model'
s2i build -E environment_rest_v1 . seldonio/seldon-core-s2i-python3:0.15 seldonio/fixed-model:0.1
---> Installing application source...
Build completed successfully
s2i build -E environment_rest_v2 . seldonio/seldon-core-s2i-python3:0.15 seldonio/fixed-model:0.2
---> Installing application source...
Build completed successfully
kind load -v 3 docker-image seldonio/fixed-model:0.1
Image: "seldonio/fixed-model:0.1" with ID "sha256:de93d917725408926b28f535ad06a80c39dd007ba465253799761bf9083b4618" not present on node "kind-control-plane"
Image: "seldonio/fixed-model:0.1" with ID "sha256:de93d917725408926b28f535ad06a80c39dd007ba465253799761bf9083b4618" not present on node "kind-worker"
kind load -v 3 docker-image seldonio/fixed-model:0.2
Image: "seldonio/fixed-model:0.2" with ID "sha256:af57bc3c7cab4049834ea92a645f6f8b967fe2e3cd85a5d62a4ca3c6b22c3987" not present on node "kind-control-plane"
Image: "seldonio/fixed-model:0.2" with ID "sha256:af57bc3c7cab4049834ea92a645f6f8b967fe2e3cd85a5d62a4ca3c6b22c3987" not present on node "kind-worker"
make[1]: Leaving directory '/workspace/source/testing/docker/fixed-model'
kubectl create namespace seldon || echo "Namespace seldon already exists"
namespace/seldon created
kubectl create namespace test1 || echo "Namespace test1 already exists"
namespace/test1 created
helm repo add stable https://kubernetes-charts.storage.googleapis.com/
"stable" has been added to your repositories
helm repo add seldonio https://storage.googleapis.com/seldon-charts
"seldonio" has been added to your repositories
helm repo add jaegertracing https://jaegertracing.github.io/helm-charts
"jaegertracing" has been added to your repositories
helm repo update
Hang tight while we grab the latest from your chart repositories...
...Successfully got an update from the "jaegertracing" chart repository
...Successfully got an update from the "seldonio" chart repository
...Successfully got an update from the "stable" chart repository
Update Complete. âŽˆ Happy Helming!âŽˆ 
helm install ambassador \
	stable/ambassador \
	-f ../resources/ambassador_values.yaml \
	--set crds.keep=false \
	--namespace seldon \
	--set replicaCount=1 \
	--wait
manifest_sorter.go:192: info: skipping unknown hook: "crd-install"
manifest_sorter.go:192: info: skipping unknown hook: "crd-install"
manifest_sorter.go:192: info: skipping unknown hook: "crd-install"
manifest_sorter.go:192: info: skipping unknown hook: "crd-install"
manifest_sorter.go:192: info: skipping unknown hook: "crd-install"
manifest_sorter.go:192: info: skipping unknown hook: "crd-install"
manifest_sorter.go:192: info: skipping unknown hook: "crd-install"
manifest_sorter.go:192: info: skipping unknown hook: "crd-install"
manifest_sorter.go:192: info: skipping unknown hook: "crd-install"
manifest_sorter.go:192: info: skipping unknown hook: "crd-install"
manifest_sorter.go:192: info: skipping unknown hook: "crd-install"
manifest_sorter.go:192: info: skipping unknown hook: "crd-install"
manifest_sorter.go:192: info: skipping unknown hook: "crd-install"
manifest_sorter.go:192: info: skipping unknown hook: "crd-install"
NAME: ambassador
LAST DEPLOYED: Sat Mar 28 08:09:18 2020
NAMESPACE: seldon
STATUS: deployed
REVISION: 1
NOTES:
Congratulations! You've successfully installed Ambassador.

For help, visit our Slack at https://d6e.co/slack or view the documentation online at https://www.getambassador.io.

To get the IP address of Ambassador, run the following commands:
  export NODE_PORT=$(kubectl get --namespace seldon -o jsonpath="{.spec.ports[0].nodePort}" services ambassador)
  export NODE_IP=$(kubectl get nodes --namespace seldon -o jsonpath="{.items[0].status.addresses[0].address}")
  echo http://$NODE_IP:$NODE_PORT
kubectl apply -f istio-1.4.2.yaml
clusterrole.rbac.authorization.k8s.io/istio-reader-istio-system created
clusterrolebinding.rbac.authorization.k8s.io/istio-reader-istio-system created
customresourcedefinition.apiextensions.k8s.io/attributemanifests.config.istio.io created
customresourcedefinition.apiextensions.k8s.io/clusterrbacconfigs.rbac.istio.io created
customresourcedefinition.apiextensions.k8s.io/destinationrules.networking.istio.io created
customresourcedefinition.apiextensions.k8s.io/envoyfilters.networking.istio.io created
customresourcedefinition.apiextensions.k8s.io/gateways.networking.istio.io created
customresourcedefinition.apiextensions.k8s.io/httpapispecbindings.config.istio.io created
customresourcedefinition.apiextensions.k8s.io/httpapispecs.config.istio.io created
customresourcedefinition.apiextensions.k8s.io/meshpolicies.authentication.istio.io created
customresourcedefinition.apiextensions.k8s.io/policies.authentication.istio.io created
customresourcedefinition.apiextensions.k8s.io/quotaspecbindings.config.istio.io created
customresourcedefinition.apiextensions.k8s.io/quotaspecs.config.istio.io created
customresourcedefinition.apiextensions.k8s.io/rbacconfigs.rbac.istio.io created
customresourcedefinition.apiextensions.k8s.io/rules.config.istio.io created
customresourcedefinition.apiextensions.k8s.io/serviceentries.networking.istio.io created
customresourcedefinition.apiextensions.k8s.io/servicerolebindings.rbac.istio.io created
customresourcedefinition.apiextensions.k8s.io/serviceroles.rbac.istio.io created
customresourcedefinition.apiextensions.k8s.io/virtualservices.networking.istio.io created
customresourcedefinition.apiextensions.k8s.io/adapters.config.istio.io created
customresourcedefinition.apiextensions.k8s.io/instances.config.istio.io created
customresourcedefinition.apiextensions.k8s.io/templates.config.istio.io created
customresourcedefinition.apiextensions.k8s.io/handlers.config.istio.io created
customresourcedefinition.apiextensions.k8s.io/sidecars.networking.istio.io created
customresourcedefinition.apiextensions.k8s.io/authorizationpolicies.security.istio.io created
namespace/istio-system created
serviceaccount/istio-reader-service-account created
clusterrole.rbac.authorization.k8s.io/istio-citadel-istio-system created
clusterrolebinding.rbac.authorization.k8s.io/istio-citadel-istio-system created
deployment.apps/istio-citadel created
poddisruptionbudget.policy/istio-citadel created
service/istio-citadel created
serviceaccount/istio-citadel-service-account created
deployment.apps/istio-egressgateway created
poddisruptionbudget.policy/istio-egressgateway created
gateway.networking.istio.io/istio-multicluster-egressgateway created
virtualservice.networking.istio.io/istio-multicluster-egressgateway created
envoyfilter.networking.istio.io/istio-multicluster-egressgateway created
destinationrule.networking.istio.io/istio-multicluster-destinationrule created
service/istio-egressgateway created
role.rbac.authorization.k8s.io/istio-egressgateway-sds created
rolebinding.rbac.authorization.k8s.io/istio-egressgateway-sds created
serviceaccount/istio-egressgateway-service-account created
clusterrole.rbac.authorization.k8s.io/istio-galley-istio-system created
clusterrolebinding.rbac.authorization.k8s.io/istio-galley-*****-role-binding-istio-system created
configmap/istio-mesh-galley created
configmap/istio-galley-configuration created
deployment.apps/istio-galley created
poddisruptionbudget.policy/istio-galley created
service/istio-galley created
serviceaccount/istio-galley-service-account created
configmap/istio-grafana-configuration-dashboards-citadel-dashboard created
configmap/istio-grafana-configuration-dashboards-galley-dashboard created
configmap/istio-grafana-configuration-dashboards-istio-mesh-dashboard created
configmap/istio-grafana-configuration-dashboards-istio-performance-dashboard created
configmap/istio-grafana-configuration-dashboards-istio-service-dashboard created
configmap/istio-grafana-configuration-dashboards-istio-workload-dashboard created
configmap/istio-grafana-configuration-dashboards-mixer-dashboard created
configmap/istio-grafana-configuration-dashboards-pilot-dashboard created
configmap/istio-grafana created
deployment.apps/grafana created
policy.authentication.istio.io/grafana-ports-mtls-disabled created
service/grafana created
deployment.apps/istio-ingressgateway created
gateway.networking.istio.io/ingressgateway created
poddisruptionbudget.policy/ingressgateway created
service/istio-ingressgateway created
serviceaccount/istio-ingressgateway-service-account created
sidecar.networking.istio.io/default created
clusterrole.rbac.authorization.k8s.io/istio-sidecar-injector-istio-system created
clusterrolebinding.rbac.authorization.k8s.io/istio-sidecar-injector-*****-role-binding-istio-system created
configmap/injector-mesh created
deployment.apps/istio-sidecar-injector created
mutatingwebhookconfiguration.admissionregistration.k8s.io/istio-sidecar-injector created
poddisruptionbudget.policy/istio-sidecar-injector created
service/istio-sidecar-injector created
serviceaccount/istio-sidecar-injector-service-account created
configmap/istio-sidecar-injector created
clusterrole.rbac.authorization.k8s.io/kiali created
clusterrole.rbac.authorization.k8s.io/kiali-viewer created
clusterrolebinding.rbac.authorization.k8s.io/kiali created
configmap/kiali created
secret/kiali created
deployment.apps/kiali created
service/kiali created
serviceaccount/kiali-service-account created
clusterrole.rbac.authorization.k8s.io/istio-pilot-istio-system created
clusterrolebinding.rbac.authorization.k8s.io/istio-pilot-istio-system created
configmap/pilot-envoy-config created
configmap/istio created
deployment.apps/istio-pilot created
meshpolicy.authentication.istio.io/default created
poddisruptionbudget.policy/istio-pilot created
service/istio-pilot created
serviceaccount/istio-pilot-service-account created
clusterrole.rbac.authorization.k8s.io/istio-policy created
clusterrolebinding.rbac.authorization.k8s.io/istio-policy-*****-role-binding-istio-system created
destinationrule.networking.istio.io/istio-policy created
deployment.apps/istio-policy created
poddisruptionbudget.policy/istio-policy created
service/istio-policy created
serviceaccount/istio-policy-service-account created
clusterrole.rbac.authorization.k8s.io/prometheus-istio-system created
clusterrolebinding.rbac.authorization.k8s.io/prometheus-istio-system created
configmap/prometheus created
deployment.apps/prometheus created
service/prometheus created
serviceaccount/prometheus created
horizontalpodautoscaler.autoscaling/istio-telemetry created
clusterrole.rbac.authorization.k8s.io/istio-mixer-istio-system created
clusterrolebinding.rbac.authorization.k8s.io/istio-mixer-*****-role-binding-istio-system created
attributemanifest.config.istio.io/istioproxy created
attributemanifest.config.istio.io/kubernetes created
handler.config.istio.io/stdio created
instance.config.istio.io/accesslog created
instance.config.istio.io/tcpaccesslog created
rule.config.istio.io/stdio created
rule.config.istio.io/stdiotcp created
instance.config.istio.io/requestcount created
instance.config.istio.io/requestduration created
instance.config.istio.io/requestsize created
instance.config.istio.io/responsesize created
instance.config.istio.io/tcpbytesent created
instance.config.istio.io/tcpbytereceived created
instance.config.istio.io/tcpconnectionsopened created
instance.config.istio.io/tcpconnectionsclosed created
handler.config.istio.io/prometheus created
rule.config.istio.io/promhttp created
rule.config.istio.io/promtcp created
rule.config.istio.io/promtcpconnectionopen created
rule.config.istio.io/promtcpconnectionclosed created
handler.config.istio.io/kubernetesenv created
rule.config.istio.io/kubeattrgenrulerule created
rule.config.istio.io/tcpkubeattrgenrulerule created
instance.config.istio.io/attributes created
destinationrule.networking.istio.io/istio-telemetry created
configmap/telemetry-envoy-config created
deployment.apps/istio-telemetry created
poddisruptionbudget.policy/istio-telemetry created
service/istio-telemetry created
serviceaccount/istio-mixer-service-account created
deployment.apps/istio-tracing created
service/jaeger-query created
service/jaeger-collector created
service/jaeger-agent created
service/zipkin created
service/tracing created
kubectl rollout status deployment.apps/istio-ingressgateway -n istio-system
Waiting for deployment "istio-ingressgateway" rollout to finish: 0 out of 1 new replicas have been updated...
Waiting for deployment "istio-ingressgateway" rollout to finish: 0 out of 1 new replicas have been updated...
Waiting for deployment "istio-ingressgateway" rollout to finish: 0 of 1 updated replicas are available...
deployment "istio-ingressgateway" successfully rolled out
kubectl rollout status deployment.apps/istio-pilot -n istio-system
deployment "istio-pilot" successfully rolled out
kubectl rollout status deployment.apps/istio-citadel -n istio-system
deployment "istio-citadel" successfully rolled out
helm install jaeger-operator \
	jaegertracing/jaeger-operator \
	--set rbac.clusterRole=true \
	--namespace seldon \
	--wait
manifest_sorter.go:192: info: skipping unknown hook: "crd-install"
NAME: jaeger-operator
LAST DEPLOYED: Sat Mar 28 08:11:56 2020
NAMESPACE: seldon
STATUS: deployed
REVISION: 1
TEST SUITE: None
NOTES:
jaeger-operator is installed.


Check the jaeger-operator logs
  export POD=$(kubectl get pods-l app.kubernetes.io/instance=jaeger-operator -lapp.kubernetes.io/name=jaeger-operator --namespace seldon --output name)
  kubectl logs $POD --namespace=seldon
kubectl apply -f ../resources/jaeger.yaml --namespace seldon
jaeger.jaegertracing.io/jaeger created
mapping.getambassador.io/jaeger created
cd ../../operator && make install-cert-manager
make[1]: Entering directory '/workspace/source/operator'
kubectl create namespace cert-manager || echo "Namespace cert-manager-exists"
namespace/cert-manager created
kubectl label namespace cert-manager cert-manager.io/disable-validation=true || echo "namespace cert-manager-already labelled"
namespace/cert-manager labeled
kubectl apply --validate=false -f https://github.com/jetstack/cert-manager/releases/download/v0.12.0/cert-manager.yaml
customresourcedefinition.apiextensions.k8s.io/certificaterequests.cert-manager.io created
customresourcedefinition.apiextensions.k8s.io/certificates.cert-manager.io created
customresourcedefinition.apiextensions.k8s.io/challenges.acme.cert-manager.io created
customresourcedefinition.apiextensions.k8s.io/clusterissuers.cert-manager.io created
customresourcedefinition.apiextensions.k8s.io/issuers.cert-manager.io created
customresourcedefinition.apiextensions.k8s.io/orders.acme.cert-manager.io created
Warning: kubectl apply should be used on resource created by either kubectl create --save-config or kubectl apply
namespace/cert-manager configured
serviceaccount/cert-manager-cainjector created
serviceaccount/cert-manager created
serviceaccount/cert-manager-webhook created
clusterrole.rbac.authorization.k8s.io/cert-manager-cainjector created
clusterrolebinding.rbac.authorization.k8s.io/cert-manager-cainjector created
role.rbac.authorization.k8s.io/cert-manager-cainjector:leaderelection created
rolebinding.rbac.authorization.k8s.io/cert-manager-cainjector:leaderelection created
clusterrolebinding.rbac.authorization.k8s.io/cert-manager-webhook:auth-delegator created
rolebinding.rbac.authorization.k8s.io/cert-manager-webhook:webhook-authentication-reader created
clusterrole.rbac.authorization.k8s.io/cert-manager-webhook:webhook-requester created
role.rbac.authorization.k8s.io/cert-manager:leaderelection created
rolebinding.rbac.authorization.k8s.io/cert-manager:leaderelection created
clusterrole.rbac.authorization.k8s.io/cert-manager-controller-issuers created
clusterrole.rbac.authorization.k8s.io/cert-manager-controller-clusterissuers created
clusterrole.rbac.authorization.k8s.io/cert-manager-controller-certificates created
clusterrole.rbac.authorization.k8s.io/cert-manager-controller-orders created
clusterrole.rbac.authorization.k8s.io/cert-manager-controller-challenges created
clusterrole.rbac.authorization.k8s.io/cert-manager-controller-ingress-shim created
clusterrolebinding.rbac.authorization.k8s.io/cert-manager-controller-issuers created
clusterrolebinding.rbac.authorization.k8s.io/cert-manager-controller-clusterissuers created
clusterrolebinding.rbac.authorization.k8s.io/cert-manager-controller-certificates created
clusterrolebinding.rbac.authorization.k8s.io/cert-manager-controller-orders created
clusterrolebinding.rbac.authorization.k8s.io/cert-manager-controller-challenges created
clusterrolebinding.rbac.authorization.k8s.io/cert-manager-controller-ingress-shim created
clusterrole.rbac.authorization.k8s.io/cert-manager-view created
clusterrole.rbac.authorization.k8s.io/cert-manager-edit created
service/cert-manager created
service/cert-manager-webhook created
deployment.apps/cert-manager-cainjector created
deployment.apps/cert-manager created
deployment.apps/cert-manager-webhook created
mutatingwebhookconfiguration.admissionregistration.k8s.io/cert-manager-webhook created
validatingwebhookconfiguration.admissionregistration.k8s.io/cert-manager-webhook created
kubectl rollout status deployment.apps/cert-manager -n cert-manager
Waiting for deployment "cert-manager" rollout to finish: 0 of 1 updated replicas are available...
deployment "cert-manager" successfully rolled out
kubectl rollout status deployment.apps/cert-manager-cainjector -n cert-manager
Waiting for deployment "cert-manager-cainjector" rollout to finish: 0 of 1 updated replicas are available...
deployment "cert-manager-cainjector" successfully rolled out
kubectl rollout status deployment.apps/cert-manager-webhook -n cert-manager
Waiting for deployment "cert-manager-webhook" rollout to finish: 0 of 1 updated replicas are available...
deployment "cert-manager-webhook" successfully rolled out
make[1]: Leaving directory '/workspace/source/operator'
sleep 5 #https://github.com/jetstack/cert-manager/issues/2273
kubectl create namespace seldon-system || echo "namespace seldon-system exists"
namespace/seldon-system created
helm install seldon \
	../../helm-charts/seldon-core-operator \
	--namespace seldon-system \
	--set istio.enabled=true \
	--set istio.gateway=seldon-gateway \
	--set certManager.enabled=false \
	--set executor.enabled=true \
	--wait
NAME: seldon
LAST DEPLOYED: Sat Mar 28 08:12:39 2020
NAMESPACE: seldon-system
STATUS: deployed
REVISION: 1
TEST SUITE: None
kubectl config set-context $(kubectl config current-context) --namespace=seldon
Context "kind-kind" modified.
make: Entering directory '/workspace/source/python'
pip install -e . -r requirements-dev.txt
Obtaining file:///workspace/source/python
Collecting Flask<2.0.0
  Downloading Flask-1.1.1-py2.py3-none-any.whl (94 kB)
Collecting Flask-cors<4.0.0
  Downloading Flask_Cors-3.0.8-py2.py3-none-any.whl (14 kB)
Collecting redis<4.0.0
  Downloading redis-3.4.1-py2.py3-none-any.whl (71 kB)
Requirement already satisfied: requests<3.0.0 in /usr/local/lib/python3.6/site-packages (from -r requirements.txt (line 4)) (2.23.0)
Requirement already satisfied: numpy<2.0.0 in /usr/local/lib/python3.6/site-packages (from -r requirements.txt (line 5)) (1.18.1)
Collecting flatbuffers<2.0.0
  Downloading flatbuffers-1.12-py2.py3-none-any.whl (15 kB)
Requirement already satisfied: protobuf<4.0.0 in /usr/local/lib/python3.6/site-packages (from -r requirements.txt (line 7)) (3.11.3)
Requirement already satisfied: grpcio<2.0.0 in /usr/local/lib/python3.6/site-packages (from -r requirements.txt (line 8)) (1.27.2)
Collecting Flask-OpenTracing<1.2.0,>=1.1.0
  Downloading Flask-OpenTracing-1.1.0.tar.gz (8.2 kB)
Collecting opentracing<2.3.0,>=2.2.0
  Downloading opentracing-2.2.0.tar.gz (47 kB)
Collecting jaeger-client<4.2.0,>=4.1.0
  Downloading jaeger-client-4.1.0.tar.gz (80 kB)
Collecting grpcio-opentracing<1.2.0,>=1.1.4
  Downloading grpcio_opentracing-1.1.4-py3-none-any.whl (14 kB)
Collecting pyaml<20.0.0
  Downloading pyaml-19.12.0-py2.py3-none-any.whl (17 kB)
Collecting gunicorn<20.1.0,>=19.9.0
  Downloading gunicorn-20.0.4-py2.py3-none-any.whl (77 kB)
Collecting minio<6.0.0,>=4.0.9
  Downloading minio-5.0.8-py2.py3-none-any.whl (73 kB)
Collecting azure-storage-blob<3.0.0,>=2.0.1
  Downloading azure_storage_blob-2.1.0-py2.py3-none-any.whl (88 kB)
Requirement already satisfied: setuptools>=41.0.0 in /usr/local/lib/python3.6/site-packages (from -r requirements.txt (line 17)) (45.2.0)
Collecting google-cloud-storage>=1.16.0
  Downloading google_cloud_storage-1.26.0-py2.py3-none-any.whl (75 kB)
Requirement already satisfied: prometheus_client<0.8.0,>=0.7.1 in /usr/local/lib/python3.6/site-packages (from -r requirements.txt (line 19)) (0.7.1)
Collecting black==19.10b0
  Downloading black-19.10b0-py36-none-any.whl (97 kB)
Collecting flake8==3.7.9
  Downloading flake8-3.7.9-py2.py3-none-any.whl (69 kB)
Collecting mypy<0.771
  Downloading mypy-0.770-cp36-cp36m-manylinux1_x86_64.whl (21.7 MB)
Requirement already satisfied: Pillow==7.0.0 in /usr/local/lib/python3.6/site-packages (from -r requirements-dev.txt (line 5)) (7.0.0)
Collecting pytest==5.4.1
  Downloading pytest-5.4.1-py3-none-any.whl (246 kB)
Collecting pytest-cov==2.8.1
  Downloading pytest_cov-2.8.1-py2.py3-none-any.whl (18 kB)
Collecting tox<4.0.0
  Downloading tox-3.14.6-py2.py3-none-any.whl (81 kB)
Collecting coverage==4.5.4
  Downloading coverage-4.5.4-cp36-cp36m-manylinux1_x86_64.whl (205 kB)
Requirement already satisfied: pandas==1.0.1 in /usr/local/lib/python3.6/site-packages (from -r requirements-dev.txt (line 14)) (1.0.1)
Collecting pip-licenses==2.1.1
  Downloading pip_licenses-2.1.1-py3-none-any.whl (13 kB)
Requirement already satisfied: Werkzeug>=0.15 in /usr/local/lib/python3.6/site-packages (from Flask<2.0.0->-r requirements.txt (line 1)) (1.0.0)
Requirement already satisfied: Jinja2>=2.10.1 in /usr/local/lib/python3.6/site-packages (from Flask<2.0.0->-r requirements.txt (line 1)) (2.11.1)
Collecting click>=5.1
  Downloading click-7.1.1-py2.py3-none-any.whl (82 kB)
Collecting itsdangerous>=0.24
  Downloading itsdangerous-1.1.0-py2.py3-none-any.whl (16 kB)
Requirement already satisfied: Six in /usr/local/lib/python3.6/site-packages (from Flask-cors<4.0.0->-r requirements.txt (line 2)) (1.14.0)
Requirement already satisfied: certifi>=2017.4.17 in /usr/local/lib/python3.6/site-packages (from requests<3.0.0->-r requirements.txt (line 4)) (2019.11.28)
Requirement already satisfied: idna<3,>=2.5 in /usr/local/lib/python3.6/site-packages (from requests<3.0.0->-r requirements.txt (line 4)) (2.9)
Requirement already satisfied: chardet<4,>=3.0.2 in /usr/local/lib/python3.6/site-packages (from requests<3.0.0->-r requirements.txt (line 4)) (3.0.4)
Requirement already satisfied: urllib3!=1.25.0,!=1.25.1,<1.26,>=1.21.1 in /usr/local/lib/python3.6/site-packages (from requests<3.0.0->-r requirements.txt (line 4)) (1.25.8)
Collecting threadloop<2,>=1
  Downloading threadloop-1.0.2.tar.gz (4.9 kB)
Collecting thrift
  Downloading thrift-0.13.0.tar.gz (59 kB)
Collecting tornado<6,>=4.3
  Downloading tornado-5.1.1.tar.gz (516 kB)
Requirement already satisfied: PyYAML in /usr/local/lib/python3.6/site-packages (from pyaml<20.0.0->-r requirements.txt (line 13)) (5.3)
Requirement already satisfied: python-dateutil in /usr/local/lib/python3.6/site-packages (from minio<6.0.0,>=4.0.9->-r requirements.txt (line 15)) (2.8.1)
Collecting configparser
  Downloading configparser-5.0.0-py3-none-any.whl (22 kB)
Requirement already satisfied: pytz in /usr/local/lib/python3.6/site-packages (from minio<6.0.0,>=4.0.9->-r requirements.txt (line 15)) (2019.3)
Collecting azure-common>=1.1.5
  Downloading azure_common-1.1.25-py2.py3-none-any.whl (12 kB)
Collecting azure-storage-common~=2.1
  Downloading azure_storage_common-2.1.0-py2.py3-none-any.whl (47 kB)
Collecting google-auth<2.0dev,>=1.11.0
  Downloading google_auth-1.12.0-py2.py3-none-any.whl (83 kB)
Collecting google-resumable-media<0.6dev,>=0.5.0
  Downloading google_resumable_media-0.5.0-py2.py3-none-any.whl (38 kB)
Collecting google-cloud-core<2.0dev,>=1.2.0
  Downloading google_cloud_core-1.3.0-py2.py3-none-any.whl (26 kB)
Collecting regex
  Downloading regex-2020.2.20-cp36-cp36m-manylinux2010_x86_64.whl (690 kB)
Collecting pathspec<1,>=0.6
  Downloading pathspec-0.7.0-py2.py3-none-any.whl (25 kB)
Collecting toml>=0.9.4
  Downloading toml-0.10.0-py2.py3-none-any.whl (25 kB)
Requirement already satisfied: attrs>=18.1.0 in /usr/local/lib/python3.6/site-packages (from black==19.10b0->-r requirements-dev.txt (line 2)) (19.3.0)
Collecting typed-ast>=1.4.0
  Downloading typed_ast-1.4.1-cp36-cp36m-manylinux1_x86_64.whl (737 kB)
Collecting appdirs
  Downloading appdirs-1.4.3-py2.py3-none-any.whl (12 kB)
Collecting pycodestyle<2.6.0,>=2.5.0
  Downloading pycodestyle-2.5.0-py2.py3-none-any.whl (51 kB)
Requirement already satisfied: entrypoints<0.4.0,>=0.3.0 in /usr/local/lib/python3.6/site-packages (from flake8==3.7.9->-r requirements-dev.txt (line 3)) (0.3)
Collecting mccabe<0.7.0,>=0.6.0
  Downloading mccabe-0.6.1-py2.py3-none-any.whl (8.6 kB)
Collecting pyflakes<2.2.0,>=2.1.0
  Downloading pyflakes-2.1.1-py2.py3-none-any.whl (59 kB)
Collecting mypy-extensions<0.5.0,>=0.4.3
  Downloading mypy_extensions-0.4.3-py2.py3-none-any.whl (4.5 kB)
Collecting typing-extensions>=3.7.4
  Downloading typing_extensions-3.7.4.1-py3-none-any.whl (20 kB)
Collecting pluggy<1.0,>=0.12
  Downloading pluggy-0.13.1-py2.py3-none-any.whl (18 kB)
Collecting packaging
  Downloading packaging-20.3-py2.py3-none-any.whl (37 kB)
Requirement already satisfied: wcwidth in /usr/local/lib/python3.6/site-packages (from pytest==5.4.1->-r requirements-dev.txt (line 6)) (0.1.8)
Collecting py>=1.5.0
  Downloading py-1.8.1-py2.py3-none-any.whl (83 kB)
Requirement already satisfied: importlib-metadata>=0.12; python_version < "3.8" in /usr/local/lib/python3.6/site-packages (from pytest==5.4.1->-r requirements-dev.txt (line 6)) (1.5.0)
Collecting more-itertools>=4.0.0
  Downloading more_itertools-8.2.0-py3-none-any.whl (43 kB)
Collecting virtualenv!=20.0.0,!=20.0.1,!=20.0.2,!=20.0.3,!=20.0.4,!=20.0.5,!=20.0.6,!=20.0.7,>=16.0.0
  Downloading virtualenv-20.0.15-py2.py3-none-any.whl (4.6 MB)
Collecting filelock<4,>=3.0.0
  Downloading filelock-3.0.12-py3-none-any.whl (7.6 kB)
Collecting PTable
  Downloading PTable-0.9.2.tar.gz (31 kB)
Requirement already satisfied: MarkupSafe>=0.23 in /usr/local/lib/python3.6/site-packages (from Jinja2>=2.10.1->Flask<2.0.0->-r requirements.txt (line 1)) (1.1.1)
Collecting cryptography
  Downloading cryptography-2.8-cp34-abi3-manylinux2010_x86_64.whl (2.3 MB)
Collecting cachetools<5.0,>=2.0.0
  Downloading cachetools-4.0.0-py3-none-any.whl (10 kB)
Collecting pyasn1-modules>=0.2.1
  Downloading pyasn1_modules-0.2.8-py2.py3-none-any.whl (155 kB)
Collecting rsa<4.1,>=3.1.4
  Downloading rsa-4.0-py2.py3-none-any.whl (38 kB)
Collecting google-api-core<2.0.0dev,>=1.16.0
  Downloading google_api_core-1.16.0-py2.py3-none-any.whl (70 kB)
Requirement already satisfied: pyparsing>=2.0.2 in /usr/local/lib/python3.6/site-packages (from packaging->pytest==5.4.1->-r requirements-dev.txt (line 6)) (2.4.6)
Requirement already satisfied: zipp>=0.5 in /usr/local/lib/python3.6/site-packages (from importlib-metadata>=0.12; python_version < "3.8"->pytest==5.4.1->-r requirements-dev.txt (line 6)) (3.1.0)
Collecting distlib<1,>=0.3.0
  Downloading distlib-0.3.0.zip (571 kB)
Collecting importlib-resources<2,>=1.0; python_version < "3.7"
  Downloading importlib_resources-1.4.0-py2.py3-none-any.whl (20 kB)
Collecting cffi!=1.11.3,>=1.8
  Downloading cffi-1.14.0-cp36-cp36m-manylinux1_x86_64.whl (399 kB)
Collecting pyasn1<0.5.0,>=0.4.6
  Downloading pyasn1-0.4.8-py2.py3-none-any.whl (77 kB)
Collecting googleapis-common-protos<2.0dev,>=1.6.0
  Downloading googleapis-common-protos-1.51.0.tar.gz (35 kB)
Collecting pycparser
  Downloading pycparser-2.20-py2.py3-none-any.whl (112 kB)
Building wheels for collected packages: Flask-OpenTracing, opentracing, jaeger-client, threadloop, thrift, tornado, PTable, distlib, googleapis-common-protos
  Building wheel for Flask-OpenTracing (setup.py): started
  Building wheel for Flask-OpenTracing (setup.py): finished with status 'done'
  Created wheel for Flask-OpenTracing: filename=Flask_OpenTracing-1.1.0-py3-none-any.whl size=9070 sha256=da882ac2ce33c4b31a163fc9c8e5f4e99a45ca7d85788f9ed2bb08c855baca90
  Stored in directory: /builder/home/.cache/pip/wheels/ad/4b/2d/24ff0da0a0b53c7c77ce59b843bcceaf644c88703241e59615
  Building wheel for opentracing (setup.py): started
  Building wheel for opentracing (setup.py): finished with status 'done'
  Created wheel for opentracing: filename=opentracing-2.2.0-py3-none-any.whl size=49319 sha256=3c927fc663aa835454a99fa8a93c0266eb778ad47f54f0ae059a7b0490b466ba
  Stored in directory: /builder/home/.cache/pip/wheels/39/40/44/8bace79f4514e99786236c31f1df8d1b814ff02c1e08b1d697
  Building wheel for jaeger-client (setup.py): started
  Building wheel for jaeger-client (setup.py): finished with status 'done'
  Created wheel for jaeger-client: filename=jaeger_client-4.1.0-py3-none-any.whl size=64309 sha256=cc9163d509ee10a2dcf0ad17cbb5066e0c00ac82eba9b5fc6609d02b2adeb454
  Stored in directory: /builder/home/.cache/pip/wheels/e9/9b/8c/503d0cc13b39a551c054515683ba1d15b40324c863dc442e66
  Building wheel for threadloop (setup.py): started
  Building wheel for threadloop (setup.py): finished with status 'done'
  Created wheel for threadloop: filename=threadloop-1.0.2-py3-none-any.whl size=3423 sha256=551af6b4b66468e2592ccce35c6e28193a869e37372188fdda5d81674f9fc74e
  Stored in directory: /builder/home/.cache/pip/wheels/02/54/65/9f87de48fe8fcaaee30f279973d946ad55f9df56b93b3e78da
  Building wheel for thrift (setup.py): started
  Building wheel for thrift (setup.py): finished with status 'done'
  Created wheel for thrift: filename=thrift-0.13.0-cp36-cp36m-linux_x86_64.whl size=483912 sha256=ec58ad35115203367c687fac2cbcafda547cca372248591fccbb15a2204ebf65
  Stored in directory: /builder/home/.cache/pip/wheels/e0/38/fc/472fe18756b177b42096961f8bd3ff2dc5c5620ac399fce52d
  Building wheel for tornado (setup.py): started
  Building wheel for tornado (setup.py): finished with status 'done'
  Created wheel for tornado: filename=tornado-5.1.1-cp36-cp36m-linux_x86_64.whl size=462643 sha256=90b992a8545c42815b15845edb3fff3e4ebf7a01f8c3465200ad04d371c8ec30
  Stored in directory: /builder/home/.cache/pip/wheels/64/74/71/e7a0d0eb4fc42cb20a17aec36f8f0b5b8c5e1ec19c701fd34a
  Building wheel for PTable (setup.py): started
  Building wheel for PTable (setup.py): finished with status 'done'
  Created wheel for PTable: filename=PTable-0.9.2-py3-none-any.whl size=22907 sha256=ac954503c62458533035756e7ec039f04245d81954aa4bfb8490d7738326ceeb
  Stored in directory: /builder/home/.cache/pip/wheels/f3/65/67/71f473ec87ea4554d1bdfb1b5128cfe1414c2b113b72a1ee8e
  Building wheel for distlib (setup.py): started
  Building wheel for distlib (setup.py): finished with status 'done'
  Created wheel for distlib: filename=distlib-0.3.0-py3-none-any.whl size=340427 sha256=b40e5b1f7ed2e71dc828e891016a5665b69f11e7a16fd21d0dbf69bd5b141e7c
  Stored in directory: /builder/home/.cache/pip/wheels/33/d9/71/e4e3cac73529e1947df418af0f140cd7589d5d9ec0e17ecfc2
  Building wheel for googleapis-common-protos (setup.py): started
  Building wheel for googleapis-common-protos (setup.py): finished with status 'done'
  Created wheel for googleapis-common-protos: filename=googleapis_common_protos-1.51.0-py3-none-any.whl size=77592 sha256=82055ba7ab913e27e0d423d590df995d243fdcd49691e66206af53659b7b657c
  Stored in directory: /builder/home/.cache/pip/wheels/35/8d/af/a922cb18800b31fadac3523cadf6c1efdf233b788fe7a4da70
Successfully built Flask-OpenTracing opentracing jaeger-client threadloop thrift tornado PTable distlib googleapis-common-protos
Installing collected packages: click, itsdangerous, Flask, Flask-cors, redis, flatbuffers, opentracing, Flask-OpenTracing, tornado, threadloop, thrift, jaeger-client, grpcio-opentracing, pyaml, gunicorn, configparser, minio, azure-common, pycparser, cffi, cryptography, azure-storage-common, azure-storage-blob, cachetools, pyasn1, pyasn1-modules, rsa, google-auth, google-resumable-media, googleapis-common-protos, google-api-core, google-cloud-core, google-cloud-storage, regex, pathspec, toml, typed-ast, appdirs, black, pycodestyle, mccabe, pyflakes, flake8, mypy-extensions, typing-extensions, mypy, pluggy, packaging, py, more-itertools, pytest, coverage, pytest-cov, distlib, importlib-resources, filelock, virtualenv, tox, PTable, pip-licenses, seldon-core
  Attempting uninstall: tornado
    Found existing installation: tornado 6.0.4
    Uninstalling tornado-6.0.4:
      Successfully uninstalled tornado-6.0.4
  Running setup.py develop for seldon-core
Successfully installed Flask-1.1.1 Flask-OpenTracing-1.1.0 Flask-cors-3.0.8 PTable-0.9.2 appdirs-1.4.3 azure-common-1.1.25 azure-storage-blob-2.1.0 azure-storage-common-2.1.0 black-19.10b0 cachetools-4.0.0 cffi-1.14.0 click-7.1.1 configparser-5.0.0 coverage-4.5.4 cryptography-2.8 distlib-0.3.0 filelock-3.0.12 flake8-3.7.9 flatbuffers-1.12 google-api-core-1.16.0 google-auth-1.12.0 google-cloud-core-1.3.0 google-cloud-storage-1.26.0 google-resumable-media-0.5.0 googleapis-common-protos-1.51.0 grpcio-opentracing-1.1.4 gunicorn-20.0.4 importlib-resources-1.4.0 itsdangerous-1.1.0 jaeger-client-4.1.0 mccabe-0.6.1 minio-5.0.8 more-itertools-8.2.0 mypy-0.770 mypy-extensions-0.4.3 opentracing-2.2.0 packaging-20.3 pathspec-0.7.0 pip-licenses-2.1.1 pluggy-0.13.1 py-1.8.1 pyaml-19.12.0 pyasn1-0.4.8 pyasn1-modules-0.2.8 pycodestyle-2.5.0 pycparser-2.20 pyflakes-2.1.1 pytest-5.4.1 pytest-cov-2.8.1 redis-3.4.1 regex-2020.2.20 rsa-4.0 seldon-core threadloop-1.0.2 thrift-0.13.0 toml-0.10.0 tornado-5.1.1 tox-3.14.6 typed-ast-1.4.1 typing-extensions-3.7.4.1 virtualenv-20.0.15
make: Leaving directory '/workspace/source/python'
cp ../../proto/prediction.proto ./proto
cd ../../proto/tensorflow && make create_protos
make[1]: Entering directory '/workspace/source/proto/tensorflow'
./create-protos.sh
Downloading proto files for master
make[1]: Leaving directory '/workspace/source/proto/tensorflow'
cp -vr ../../proto/tensorflow/tensorflow .
'../../proto/tensorflow/tensorflow' -> './tensorflow'
'../../proto/tensorflow/tensorflow/core' -> './tensorflow/core'
'../../proto/tensorflow/tensorflow/core/framework' -> './tensorflow/core/framework'
'../../proto/tensorflow/tensorflow/core/framework/types.proto' -> './tensorflow/core/framework/types.proto'
'../../proto/tensorflow/tensorflow/core/framework/resource_handle.proto' -> './tensorflow/core/framework/resource_handle.proto'
'../../proto/tensorflow/tensorflow/core/framework/tensor_shape.proto' -> './tensorflow/core/framework/tensor_shape.proto'
'../../proto/tensorflow/tensorflow/core/framework/tensor.proto' -> './tensorflow/core/framework/tensor.proto'
python -m grpc.tools.protoc -I. --python_out=. --grpc_python_out=. ./proto/prediction.proto
cd ../../notebooks && make build_protos
make[1]: Entering directory '/workspace/source/notebooks'
cd ../proto/tensorflow && make create_protos
make[2]: Entering directory '/workspace/source/proto/tensorflow'
make[2]: Nothing to be done for 'create_protos'.
make[2]: Leaving directory '/workspace/source/proto/tensorflow'
cp -vr ../proto/tensorflow/tensorflow .
'../proto/tensorflow/tensorflow' -> './tensorflow'
'../proto/tensorflow/tensorflow/core' -> './tensorflow/core'
'../proto/tensorflow/tensorflow/core/framework' -> './tensorflow/core/framework'
'../proto/tensorflow/tensorflow/core/framework/types.proto' -> './tensorflow/core/framework/types.proto'
'../proto/tensorflow/tensorflow/core/framework/resource_handle.proto' -> './tensorflow/core/framework/resource_handle.proto'
'../proto/tensorflow/tensorflow/core/framework/tensor_shape.proto' -> './tensorflow/core/framework/tensor_shape.proto'
'../proto/tensorflow/tensorflow/core/framework/tensor.proto' -> './tensorflow/core/framework/tensor.proto'
cp ../proto/prediction.proto ./proto
python -m grpc.tools.protoc -I. --python_out=. --grpc_python_out=. ./proto/prediction.proto
make[1]: Leaving directory '/workspace/source/notebooks'
cd ../../proto/k8s && make create_protos
make[1]: Entering directory '/workspace/source/proto/k8s'
./create-k8s-protos.sh
Downloading proto files for master
Munging proto file packages
sed -i.bak 's|import "k8s.io/apiextensions-apiserver/|//import "k8s.io/apiextensions-apiserver/|' k8s.io/api/core/v1/generated.proto
rm k8s.io/api/core/v1/generated.proto.bak
make[1]: Leaving directory '/workspace/source/proto/k8s'
pip install -r dev_requirements.txt
Collecting pytest==5.3.1
  Downloading pytest-5.3.1-py3-none-any.whl (233 kB)
Collecting pytest-xdist==1.30.0
  Downloading pytest_xdist-1.30.0-py2.py3-none-any.whl (35 kB)
Requirement already satisfied: pytest-cov==2.8.1 in /usr/local/lib/python3.6/site-packages (from -r dev_requirements.txt (line 3)) (2.8.1)
Collecting flaky==3.6.1
  Downloading flaky-3.6.1-py2.py3-none-any.whl (22 kB)
Collecting tenacity==6.0.0
  Downloading tenacity-6.0.0-py2.py3-none-any.whl (24 kB)
Requirement already satisfied: ipython==7.13.0 in /usr/local/lib/python3.6/site-packages (from -r dev_requirements.txt (line 8)) (7.13.0)
Requirement already satisfied: nbconvert==5.6.1 in /usr/local/lib/python3.6/site-packages (from -r dev_requirements.txt (line 9)) (5.6.1)
Requirement already satisfied: alibi==0.3.2 in /usr/local/lib/python3.6/site-packages (from -r dev_requirements.txt (line 10)) (0.3.2)
Collecting matplotlib==3.1.3
  Downloading matplotlib-3.1.3-cp36-cp36m-manylinux1_x86_64.whl (13.1 MB)
Requirement already satisfied: tensorflow==1.15.2 in /usr/local/lib/python3.6/site-packages (from -r dev_requirements.txt (line 12)) (1.15.2)
Requirement already satisfied: coverage==4.5.4 in /usr/local/lib/python3.6/site-packages (from -r dev_requirements.txt (line 15)) (4.5.4)
Requirement already satisfied: more-itertools>=4.0.0 in /usr/local/lib/python3.6/site-packages (from pytest==5.3.1->-r dev_requirements.txt (line 1)) (8.2.0)
Requirement already satisfied: py>=1.5.0 in /usr/local/lib/python3.6/site-packages (from pytest==5.3.1->-r dev_requirements.txt (line 1)) (1.8.1)
Requirement already satisfied: wcwidth in /usr/local/lib/python3.6/site-packages (from pytest==5.3.1->-r dev_requirements.txt (line 1)) (0.1.8)
Requirement already satisfied: importlib-metadata>=0.12; python_version < "3.8" in /usr/local/lib/python3.6/site-packages (from pytest==5.3.1->-r dev_requirements.txt (line 1)) (1.5.0)
Requirement already satisfied: attrs>=17.4.0 in /usr/local/lib/python3.6/site-packages (from pytest==5.3.1->-r dev_requirements.txt (line 1)) (19.3.0)
Requirement already satisfied: pluggy<1.0,>=0.12 in /usr/local/lib/python3.6/site-packages (from pytest==5.3.1->-r dev_requirements.txt (line 1)) (0.13.1)
Requirement already satisfied: packaging in /usr/local/lib/python3.6/site-packages (from pytest==5.3.1->-r dev_requirements.txt (line 1)) (20.3)
Requirement already satisfied: six in /usr/local/lib/python3.6/site-packages (from pytest-xdist==1.30.0->-r dev_requirements.txt (line 2)) (1.14.0)
Collecting pytest-forked
  Downloading pytest_forked-1.1.3-py2.py3-none-any.whl (4.5 kB)
Collecting execnet>=1.1
  Downloading execnet-1.7.1-py2.py3-none-any.whl (39 kB)
Requirement already satisfied: traitlets>=4.2 in /usr/local/lib/python3.6/site-packages (from ipython==7.13.0->-r dev_requirements.txt (line 8)) (4.3.3)
Requirement already satisfied: backcall in /usr/local/lib/python3.6/site-packages (from ipython==7.13.0->-r dev_requirements.txt (line 8)) (0.1.0)
Requirement already satisfied: pygments in /usr/local/lib/python3.6/site-packages (from ipython==7.13.0->-r dev_requirements.txt (line 8)) (2.5.2)
Requirement already satisfied: pickleshare in /usr/local/lib/python3.6/site-packages (from ipython==7.13.0->-r dev_requirements.txt (line 8)) (0.7.5)
Requirement already satisfied: pexpect; sys_platform != "win32" in /usr/local/lib/python3.6/site-packages (from ipython==7.13.0->-r dev_requirements.txt (line 8)) (4.8.0)
Requirement already satisfied: prompt-toolkit!=3.0.0,!=3.0.1,<3.1.0,>=2.0.0 in /usr/local/lib/python3.6/site-packages (from ipython==7.13.0->-r dev_requirements.txt (line 8)) (3.0.4)
Requirement already satisfied: decorator in /usr/local/lib/python3.6/site-packages (from ipython==7.13.0->-r dev_requirements.txt (line 8)) (4.4.2)
Requirement already satisfied: setuptools>=18.5 in /usr/local/lib/python3.6/site-packages (from ipython==7.13.0->-r dev_requirements.txt (line 8)) (45.2.0)
Requirement already satisfied: jedi>=0.10 in /usr/local/lib/python3.6/site-packages (from ipython==7.13.0->-r dev_requirements.txt (line 8)) (0.16.0)
Requirement already satisfied: nbformat>=4.4 in /usr/local/lib/python3.6/site-packages (from nbconvert==5.6.1->-r dev_requirements.txt (line 9)) (5.0.4)
Requirement already satisfied: mistune<2,>=0.8.1 in /usr/local/lib/python3.6/site-packages (from nbconvert==5.6.1->-r dev_requirements.txt (line 9)) (0.8.4)
Requirement already satisfied: pandocfilters>=1.4.1 in /usr/local/lib/python3.6/site-packages (from nbconvert==5.6.1->-r dev_requirements.txt (line 9)) (1.4.2)
Requirement already satisfied: jupyter-core in /usr/local/lib/python3.6/site-packages (from nbconvert==5.6.1->-r dev_requirements.txt (line 9)) (4.6.3)
Requirement already satisfied: defusedxml in /usr/local/lib/python3.6/site-packages (from nbconvert==5.6.1->-r dev_requirements.txt (line 9)) (0.6.0)
Requirement already satisfied: bleach in /usr/local/lib/python3.6/site-packages (from nbconvert==5.6.1->-r dev_requirements.txt (line 9)) (3.1.1)
Requirement already satisfied: testpath in /usr/local/lib/python3.6/site-packages (from nbconvert==5.6.1->-r dev_requirements.txt (line 9)) (0.4.4)
Requirement already satisfied: jinja2>=2.4 in /usr/local/lib/python3.6/site-packages (from nbconvert==5.6.1->-r dev_requirements.txt (line 9)) (2.11.1)
Requirement already satisfied: entrypoints>=0.2.2 in /usr/local/lib/python3.6/site-packages (from nbconvert==5.6.1->-r dev_requirements.txt (line 9)) (0.3)
Requirement already satisfied: numpy in /usr/local/lib/python3.6/site-packages (from alibi==0.3.2->-r dev_requirements.txt (line 10)) (1.18.1)
Requirement already satisfied: pandas in /usr/local/lib/python3.6/site-packages (from alibi==0.3.2->-r dev_requirements.txt (line 10)) (1.0.1)
Requirement already satisfied: scikit-learn in /usr/local/lib/python3.6/site-packages (from alibi==0.3.2->-r dev_requirements.txt (line 10)) (0.22.2.post1)
Requirement already satisfied: beautifulsoup4 in /usr/local/lib/python3.6/site-packages (from alibi==0.3.2->-r dev_requirements.txt (line 10)) (4.8.2)
Requirement already satisfied: spacy in /usr/local/lib/python3.6/site-packages (from alibi==0.3.2->-r dev_requirements.txt (line 10)) (2.2.3)
Requirement already satisfied: Pillow in /usr/local/lib/python3.6/site-packages (from alibi==0.3.2->-r dev_requirements.txt (line 10)) (7.0.0)
Requirement already satisfied: requests in /usr/local/lib/python3.6/site-packages (from alibi==0.3.2->-r dev_requirements.txt (line 10)) (2.23.0)
Requirement already satisfied: scikit-image in /usr/local/lib/python3.6/site-packages (from alibi==0.3.2->-r dev_requirements.txt (line 10)) (0.16.2)
Requirement already satisfied: python-dateutil>=2.1 in /usr/local/lib/python3.6/site-packages (from matplotlib==3.1.3->-r dev_requirements.txt (line 11)) (2.8.1)
Requirement already satisfied: cycler>=0.10 in /usr/local/lib/python3.6/site-packages (from matplotlib==3.1.3->-r dev_requirements.txt (line 11)) (0.10.0)
Requirement already satisfied: pyparsing!=2.0.4,!=2.1.2,!=2.1.6,>=2.0.1 in /usr/local/lib/python3.6/site-packages (from matplotlib==3.1.3->-r dev_requirements.txt (line 11)) (2.4.6)
Requirement already satisfied: kiwisolver>=1.0.1 in /usr/local/lib/python3.6/site-packages (from matplotlib==3.1.3->-r dev_requirements.txt (line 11)) (1.1.0)
Requirement already satisfied: grpcio>=1.8.6 in /usr/local/lib/python3.6/site-packages (from tensorflow==1.15.2->-r dev_requirements.txt (line 12)) (1.27.2)
Requirement already satisfied: tensorflow-estimator==1.15.1 in /usr/local/lib/python3.6/site-packages (from tensorflow==1.15.2->-r dev_requirements.txt (line 12)) (1.15.1)
Requirement already satisfied: absl-py>=0.7.0 in /usr/local/lib/python3.6/site-packages (from tensorflow==1.15.2->-r dev_requirements.txt (line 12)) (0.9.0)
Requirement already satisfied: wrapt>=1.11.1 in /usr/local/lib/python3.6/site-packages (from tensorflow==1.15.2->-r dev_requirements.txt (line 12)) (1.12.0)
Requirement already satisfied: astor>=0.6.0 in /usr/local/lib/python3.6/site-packages (from tensorflow==1.15.2->-r dev_requirements.txt (line 12)) (0.8.1)
Requirement already satisfied: keras-preprocessing>=1.0.5 in /usr/local/lib/python3.6/site-packages (from tensorflow==1.15.2->-r dev_requirements.txt (line 12)) (1.1.0)
Requirement already satisfied: tensorboard<1.16.0,>=1.15.0 in /usr/local/lib/python3.6/site-packages (from tensorflow==1.15.2->-r dev_requirements.txt (line 12)) (1.15.0)
Requirement already satisfied: keras-applications>=1.0.8 in /usr/local/lib/python3.6/site-packages (from tensorflow==1.15.2->-r dev_requirements.txt (line 12)) (1.0.8)
Requirement already satisfied: google-pasta>=0.1.6 in /usr/local/lib/python3.6/site-packages (from tensorflow==1.15.2->-r dev_requirements.txt (line 12)) (0.1.8)
Requirement already satisfied: gast==0.2.2 in /usr/local/lib/python3.6/site-packages (from tensorflow==1.15.2->-r dev_requirements.txt (line 12)) (0.2.2)
Requirement already satisfied: opt-einsum>=2.3.2 in /usr/local/lib/python3.6/site-packages (from tensorflow==1.15.2->-r dev_requirements.txt (line 12)) (3.2.0)
Requirement already satisfied: termcolor>=1.1.0 in /usr/local/lib/python3.6/site-packages (from tensorflow==1.15.2->-r dev_requirements.txt (line 12)) (1.1.0)
Requirement already satisfied: wheel>=0.26; python_version >= "3" in /usr/local/lib/python3.6/site-packages (from tensorflow==1.15.2->-r dev_requirements.txt (line 12)) (0.34.2)
Requirement already satisfied: protobuf>=3.6.1 in /usr/local/lib/python3.6/site-packages (from tensorflow==1.15.2->-r dev_requirements.txt (line 12)) (3.11.3)
Requirement already satisfied: zipp>=0.5 in /usr/local/lib/python3.6/site-packages (from importlib-metadata>=0.12; python_version < "3.8"->pytest==5.3.1->-r dev_requirements.txt (line 1)) (3.1.0)
Collecting apipkg>=1.4
  Downloading apipkg-1.5-py2.py3-none-any.whl (4.9 kB)
Requirement already satisfied: ipython-genutils in /usr/local/lib/python3.6/site-packages (from traitlets>=4.2->ipython==7.13.0->-r dev_requirements.txt (line 8)) (0.2.0)
Requirement already satisfied: ptyprocess>=0.5 in /usr/local/lib/python3.6/site-packages (from pexpect; sys_platform != "win32"->ipython==7.13.0->-r dev_requirements.txt (line 8)) (0.6.0)
Requirement already satisfied: parso>=0.5.2 in /usr/local/lib/python3.6/site-packages (from jedi>=0.10->ipython==7.13.0->-r dev_requirements.txt (line 8)) (0.6.2)
Requirement already satisfied: jsonschema!=2.5.0,>=2.4 in /usr/local/lib/python3.6/site-packages (from nbformat>=4.4->nbconvert==5.6.1->-r dev_requirements.txt (line 9)) (3.2.0)
Requirement already satisfied: webencodings in /usr/local/lib/python3.6/site-packages (from bleach->nbconvert==5.6.1->-r dev_requirements.txt (line 9)) (0.5.1)
Requirement already satisfied: MarkupSafe>=0.23 in /usr/local/lib/python3.6/site-packages (from jinja2>=2.4->nbconvert==5.6.1->-r dev_requirements.txt (line 9)) (1.1.1)
Requirement already satisfied: pytz>=2017.2 in /usr/local/lib/python3.6/site-packages (from pandas->alibi==0.3.2->-r dev_requirements.txt (line 10)) (2019.3)
Requirement already satisfied: scipy>=0.17.0 in /usr/local/lib/python3.6/site-packages (from scikit-learn->alibi==0.3.2->-r dev_requirements.txt (line 10)) (1.4.1)
Requirement already satisfied: joblib>=0.11 in /usr/local/lib/python3.6/site-packages (from scikit-learn->alibi==0.3.2->-r dev_requirements.txt (line 10)) (0.14.1)
Requirement already satisfied: soupsieve>=1.2 in /usr/local/lib/python3.6/site-packages (from beautifulsoup4->alibi==0.3.2->-r dev_requirements.txt (line 10)) (2.0)
Requirement already satisfied: plac<1.2.0,>=0.9.6 in /usr/local/lib/python3.6/site-packages (from spacy->alibi==0.3.2->-r dev_requirements.txt (line 10)) (1.1.3)
Requirement already satisfied: wasabi<1.1.0,>=0.4.0 in /usr/local/lib/python3.6/site-packages (from spacy->alibi==0.3.2->-r dev_requirements.txt (line 10)) (0.6.0)
Requirement already satisfied: cymem<2.1.0,>=2.0.2 in /usr/local/lib/python3.6/site-packages (from spacy->alibi==0.3.2->-r dev_requirements.txt (line 10)) (2.0.3)
Requirement already satisfied: preshed<3.1.0,>=3.0.2 in /usr/local/lib/python3.6/site-packages (from spacy->alibi==0.3.2->-r dev_requirements.txt (line 10)) (3.0.2)
Requirement already satisfied: blis<0.5.0,>=0.4.0 in /usr/local/lib/python3.6/site-packages (from spacy->alibi==0.3.2->-r dev_requirements.txt (line 10)) (0.4.1)
Requirement already satisfied: thinc<7.4.0,>=7.3.0 in /usr/local/lib/python3.6/site-packages (from spacy->alibi==0.3.2->-r dev_requirements.txt (line 10)) (7.3.1)
Requirement already satisfied: srsly<1.1.0,>=0.1.0 in /usr/local/lib/python3.6/site-packages (from spacy->alibi==0.3.2->-r dev_requirements.txt (line 10)) (1.0.2)
Requirement already satisfied: murmurhash<1.1.0,>=0.28.0 in /usr/local/lib/python3.6/site-packages (from spacy->alibi==0.3.2->-r dev_requirements.txt (line 10)) (1.0.2)
Requirement already satisfied: catalogue<1.1.0,>=0.0.7 in /usr/local/lib/python3.6/site-packages (from spacy->alibi==0.3.2->-r dev_requirements.txt (line 10)) (1.0.0)
Requirement already satisfied: certifi>=2017.4.17 in /usr/local/lib/python3.6/site-packages (from requests->alibi==0.3.2->-r dev_requirements.txt (line 10)) (2019.11.28)
Requirement already satisfied: idna<3,>=2.5 in /usr/local/lib/python3.6/site-packages (from requests->alibi==0.3.2->-r dev_requirements.txt (line 10)) (2.9)
Requirement already satisfied: urllib3!=1.25.0,!=1.25.1,<1.26,>=1.21.1 in /usr/local/lib/python3.6/site-packages (from requests->alibi==0.3.2->-r dev_requirements.txt (line 10)) (1.25.8)
Requirement already satisfied: chardet<4,>=3.0.2 in /usr/local/lib/python3.6/site-packages (from requests->alibi==0.3.2->-r dev_requirements.txt (line 10)) (3.0.4)
Requirement already satisfied: networkx>=2.0 in /usr/local/lib/python3.6/site-packages (from scikit-image->alibi==0.3.2->-r dev_requirements.txt (line 10)) (2.4)
Requirement already satisfied: PyWavelets>=0.4.0 in /usr/local/lib/python3.6/site-packages (from scikit-image->alibi==0.3.2->-r dev_requirements.txt (line 10)) (1.1.1)
Requirement already satisfied: imageio>=2.3.0 in /usr/local/lib/python3.6/site-packages (from scikit-image->alibi==0.3.2->-r dev_requirements.txt (line 10)) (2.8.0)
Requirement already satisfied: werkzeug>=0.11.15 in /usr/local/lib/python3.6/site-packages (from tensorboard<1.16.0,>=1.15.0->tensorflow==1.15.2->-r dev_requirements.txt (line 12)) (1.0.0)
Requirement already satisfied: markdown>=2.6.8 in /usr/local/lib/python3.6/site-packages (from tensorboard<1.16.0,>=1.15.0->tensorflow==1.15.2->-r dev_requirements.txt (line 12)) (3.2.1)
Requirement already satisfied: h5py in /usr/local/lib/python3.6/site-packages (from keras-applications>=1.0.8->tensorflow==1.15.2->-r dev_requirements.txt (line 12)) (2.10.0)
Requirement already satisfied: pyrsistent>=0.14.0 in /usr/local/lib/python3.6/site-packages (from jsonschema!=2.5.0,>=2.4->nbformat>=4.4->nbconvert==5.6.1->-r dev_requirements.txt (line 9)) (0.15.7)
Requirement already satisfied: tqdm<5.0.0,>=4.10.0 in /usr/local/lib/python3.6/site-packages (from thinc<7.4.0,>=7.3.0->spacy->alibi==0.3.2->-r dev_requirements.txt (line 10)) (4.43.0)
Installing collected packages: pytest, pytest-forked, apipkg, execnet, pytest-xdist, flaky, tenacity, matplotlib
  Attempting uninstall: pytest
    Found existing installation: pytest 5.4.1
    Uninstalling pytest-5.4.1:
      Successfully uninstalled pytest-5.4.1
  Attempting uninstall: matplotlib
    Found existing installation: matplotlib 3.2.0
    Uninstalling matplotlib-3.2.0:
      Successfully uninstalled matplotlib-3.2.0
Successfully installed apipkg-1.5 execnet-1.7.1 flaky-3.6.1 matplotlib-3.1.3 pytest-5.3.1 pytest-forked-1.1.3 pytest-xdist-1.30.0 tenacity-6.0.0
pip install -e ../../python
Obtaining file:///workspace/source/python
Requirement already satisfied: Flask<2.0.0 in /usr/local/lib/python3.6/site-packages (from seldon-core==1.0.2) (1.1.1)
Requirement already satisfied: Flask-cors<4.0.0 in /usr/local/lib/python3.6/site-packages (from seldon-core==1.0.2) (3.0.8)
Requirement already satisfied: redis<4.0.0 in /usr/local/lib/python3.6/site-packages (from seldon-core==1.0.2) (3.4.1)
Requirement already satisfied: requests<3.0.0 in /usr/local/lib/python3.6/site-packages (from seldon-core==1.0.2) (2.23.0)
Requirement already satisfied: numpy<2.0.0 in /usr/local/lib/python3.6/site-packages (from seldon-core==1.0.2) (1.18.1)
Requirement already satisfied: flatbuffers<2.0.0 in /usr/local/lib/python3.6/site-packages (from seldon-core==1.0.2) (1.12)
Requirement already satisfied: protobuf<4.0.0 in /usr/local/lib/python3.6/site-packages (from seldon-core==1.0.2) (3.11.3)
Requirement already satisfied: grpcio<2.0.0 in /usr/local/lib/python3.6/site-packages (from seldon-core==1.0.2) (1.27.2)
Requirement already satisfied: Flask-OpenTracing<1.2.0,>=1.1.0 in /usr/local/lib/python3.6/site-packages (from seldon-core==1.0.2) (1.1.0)
Requirement already satisfied: opentracing<2.3.0,>=2.2.0 in /usr/local/lib/python3.6/site-packages (from seldon-core==1.0.2) (2.2.0)
Requirement already satisfied: jaeger-client<4.2.0,>=4.1.0 in /usr/local/lib/python3.6/site-packages (from seldon-core==1.0.2) (4.1.0)
Requirement already satisfied: grpcio-opentracing<1.2.0,>=1.1.4 in /usr/local/lib/python3.6/site-packages (from seldon-core==1.0.2) (1.1.4)
Requirement already satisfied: pyaml<20.0.0 in /usr/local/lib/python3.6/site-packages (from seldon-core==1.0.2) (19.12.0)
Requirement already satisfied: gunicorn<20.1.0,>=19.9.0 in /usr/local/lib/python3.6/site-packages (from seldon-core==1.0.2) (20.0.4)
Requirement already satisfied: minio<6.0.0,>=4.0.9 in /usr/local/lib/python3.6/site-packages (from seldon-core==1.0.2) (5.0.8)
Requirement already satisfied: azure-storage-blob<3.0.0,>=2.0.1 in /usr/local/lib/python3.6/site-packages (from seldon-core==1.0.2) (2.1.0)
Requirement already satisfied: setuptools>=41.0.0 in /usr/local/lib/python3.6/site-packages (from seldon-core==1.0.2) (45.2.0)
Requirement already satisfied: prometheus_client<0.8.0,>=0.7.1 in /usr/local/lib/python3.6/site-packages (from seldon-core==1.0.2) (0.7.1)
Requirement already satisfied: click>=5.1 in /usr/local/lib/python3.6/site-packages (from Flask<2.0.0->seldon-core==1.0.2) (7.1.1)
Requirement already satisfied: itsdangerous>=0.24 in /usr/local/lib/python3.6/site-packages (from Flask<2.0.0->seldon-core==1.0.2) (1.1.0)
Requirement already satisfied: Jinja2>=2.10.1 in /usr/local/lib/python3.6/site-packages (from Flask<2.0.0->seldon-core==1.0.2) (2.11.1)
Requirement already satisfied: Werkzeug>=0.15 in /usr/local/lib/python3.6/site-packages (from Flask<2.0.0->seldon-core==1.0.2) (1.0.0)
Requirement already satisfied: Six in /usr/local/lib/python3.6/site-packages (from Flask-cors<4.0.0->seldon-core==1.0.2) (1.14.0)
Requirement already satisfied: chardet<4,>=3.0.2 in /usr/local/lib/python3.6/site-packages (from requests<3.0.0->seldon-core==1.0.2) (3.0.4)
Requirement already satisfied: urllib3!=1.25.0,!=1.25.1,<1.26,>=1.21.1 in /usr/local/lib/python3.6/site-packages (from requests<3.0.0->seldon-core==1.0.2) (1.25.8)
Requirement already satisfied: idna<3,>=2.5 in /usr/local/lib/python3.6/site-packages (from requests<3.0.0->seldon-core==1.0.2) (2.9)
Requirement already satisfied: certifi>=2017.4.17 in /usr/local/lib/python3.6/site-packages (from requests<3.0.0->seldon-core==1.0.2) (2019.11.28)
Requirement already satisfied: tornado<6,>=4.3 in /usr/local/lib/python3.6/site-packages (from jaeger-client<4.2.0,>=4.1.0->seldon-core==1.0.2) (5.1.1)
Requirement already satisfied: threadloop<2,>=1 in /usr/local/lib/python3.6/site-packages (from jaeger-client<4.2.0,>=4.1.0->seldon-core==1.0.2) (1.0.2)
Requirement already satisfied: thrift in /usr/local/lib/python3.6/site-packages (from jaeger-client<4.2.0,>=4.1.0->seldon-core==1.0.2) (0.13.0)
Requirement already satisfied: PyYAML in /usr/local/lib/python3.6/site-packages (from pyaml<20.0.0->seldon-core==1.0.2) (5.3)
Requirement already satisfied: python-dateutil in /usr/local/lib/python3.6/site-packages (from minio<6.0.0,>=4.0.9->seldon-core==1.0.2) (2.8.1)
Requirement already satisfied: configparser in /usr/local/lib/python3.6/site-packages (from minio<6.0.0,>=4.0.9->seldon-core==1.0.2) (5.0.0)
Requirement already satisfied: pytz in /usr/local/lib/python3.6/site-packages (from minio<6.0.0,>=4.0.9->seldon-core==1.0.2) (2019.3)
Requirement already satisfied: azure-common>=1.1.5 in /usr/local/lib/python3.6/site-packages (from azure-storage-blob<3.0.0,>=2.0.1->seldon-core==1.0.2) (1.1.25)
Requirement already satisfied: azure-storage-common~=2.1 in /usr/local/lib/python3.6/site-packages (from azure-storage-blob<3.0.0,>=2.0.1->seldon-core==1.0.2) (2.1.0)
Requirement already satisfied: MarkupSafe>=0.23 in /usr/local/lib/python3.6/site-packages (from Jinja2>=2.10.1->Flask<2.0.0->seldon-core==1.0.2) (1.1.1)
Requirement already satisfied: cryptography in /usr/local/lib/python3.6/site-packages (from azure-storage-common~=2.1->azure-storage-blob<3.0.0,>=2.0.1->seldon-core==1.0.2) (2.8)
Requirement already satisfied: cffi!=1.11.3,>=1.8 in /usr/local/lib/python3.6/site-packages (from cryptography->azure-storage-common~=2.1->azure-storage-blob<3.0.0,>=2.0.1->seldon-core==1.0.2) (1.14.0)
Requirement already satisfied: pycparser in /usr/local/lib/python3.6/site-packages (from cffi!=1.11.3,>=1.8->cryptography->azure-storage-common~=2.1->azure-storage-blob<3.0.0,>=2.0.1->seldon-core==1.0.2) (2.20)
Installing collected packages: seldon-core
  Attempting uninstall: seldon-core
    Found existing installation: seldon-core 1.0.2
    Uninstalling seldon-core-1.0.2:
      Successfully uninstalled seldon-core-1.0.2
  Running setup.py develop for seldon-core
Successfully installed seldon-core
# Run the core tests in parallel
pytest \
	--verbose \
	-s \
	-W ignore \
	-n "4" \
	-m "not sequential and not notebooks" 2>&1
============================= test session starts ==============================
platform linux -- Python 3.6.10, pytest-5.3.1, py-1.8.1, pluggy-0.13.1 -- /usr/local/bin/python
cachedir: .pytest_cache
rootdir: /workspace/source/testing/scripts, inifile: setup.cfg
plugins: xdist-1.30.0, forked-1.1.3, flaky-3.6.1, cov-2.8.1
gw0 I / gw1 I / gw2 I / gw3 I
[gw0] linux Python 3.6.10 cwd: /workspace/source/testing/scripts
[gw1] linux Python 3.6.10 cwd: /workspace/source/testing/scripts
[gw2] linux Python 3.6.10 cwd: /workspace/source/testing/scripts
[gw3] linux Python 3.6.10 cwd: /workspace/source/testing/scripts
[gw2] Python 3.6.10 (default, Feb 28 2020, 10:20:25)  -- [GCC 8.3.0]
[gw1] Python 3.6.10 (default, Feb 28 2020, 10:20:25)  -- [GCC 8.3.0]
[gw0] Python 3.6.10 (default, Feb 28 2020, 10:20:25)  -- [GCC 8.3.0]
[gw3] Python 3.6.10 (default, Feb 28 2020, 10:20:25)  -- [GCC 8.3.0]
gw0 [27] / gw1 [27] / gw2 [27] / gw3 [27]

scheduling tests via LoadScheduling

test_api_version.py::test_api_version[machinelearning.seldon.io/v1] 
test_api_version.py::test_api_version[machinelearning.seldon.io/v1alpha2] 
test_api_version.py::test_api_version[machinelearning.seldon.io/v1alpha3] 
test_bad_graphs.py::TestBadGraphs::test_duplicate_predictor_name Error from server (SeldonDeployment.machinelearing.seldon.io "dupname" is invalid: [spec.predictors[1]: Invalid value: "mymodel": Duplicate predictor name, spec: Invalid value: "mymodel": Traffic must sum to 100 for multiple predictors]): error when creating "../resources/bad_duplicate_predictor_name.json": admission webhook "v1alpha2.vseldondeployment.kb.io" denied the request: SeldonDeployment.machinelearing.seldon.io "dupname" is invalid: [spec.predictors[1]: Invalid value: "mymodel": Duplicate predictor name, spec: Invalid value: "mymodel": Traffic must sum to 100 for multiple predictors]

[gw3] PASSED test_bad_graphs.py::TestBadGraphs::test_duplicate_predictor_name 
test_helm_charts_clusterwide.py::TestClusterWide::test_mab_model Error: uninstall: Release not loaded: mymodel: release: not found

[gw1] PASSED test_api_version.py::test_api_version[machinelearning.seldon.io/v1alpha3] Error: uninstall: Release not loaded: mymodel: release: not found

[gw2] PASSED test_api_version.py::test_api_version[machinelearning.seldon.io/v1alpha2] Error: uninstall: Release not loaded: mymab: release: not found

[gw3] PASSED test_helm_charts_clusterwide.py::TestClusterWide::test_mab_model Error: uninstall: Release not loaded: mymodel: release: not found

[gw0] PASSED test_api_version.py::test_api_version[machinelearning.seldon.io/v1] 
test_helm_charts_clusterwide.py::TestClusterWide::test_single_model 
test_bad_graphs.py::TestBadGraphs::test_model_name_mismatch Error from server (SeldonDeployment.machinelearing.seldon.io "namemismatch" is invalid: spec.predictors[0].graph: Invalid value: "complex-model_bad_name": Can't find container for Predictive Unit): error when creating "../resources/bad_name_mismatch.json": admission webhook "v1alpha2.vseldondeployment.kb.io" denied the request: SeldonDeployment.machinelearing.seldon.io "namemismatch" is invalid: spec.predictors[0].graph: Invalid value: "complex-model_bad_name": Can't find container for Predictive Unit

[gw2] PASSED test_bad_graphs.py::TestBadGraphs::test_model_name_mismatch 
test_prepackaged_servers.py::TestPrepack::test_sklearn 
test_helm_charts_clusterwide.py::TestClusterWide::test_abtest_model 
test_local_operators.py::TestLocalOperators::test_namespace_operator Error: uninstall: Release not loaded: mymodel: release: not found

[gw1] PASSED test_helm_charts_clusterwide.py::TestClusterWide::test_single_model Error: uninstall: Release not loaded: myabtest: release: not found

[gw0] PASSED test_helm_charts_clusterwide.py::TestClusterWide::test_abtest_model 
[gw3] PASSED test_local_operators.py::TestLocalOperators::test_namespace_operator 
test_local_operators.py::TestLocalOperators::test_labelled_operator Error from server (InternalError): error when creating "../resources/model_controller_id.yaml": Internal error occurred: failed calling webhook "v1alpha2.mseldondeployment.kb.io": Post https://seldon-webhook-service.test-labelled-operator.svc:443/mutate-machinelearning-seldon-io-v1alpha2-seldondeployment?timeout=30s: dial tcp 10.102.238.201:443: connect: connection refused

[gw2] PASSED test_prepackaged_servers.py::TestPrepack::test_sklearn 
test_prepackaged_servers.py::TestPrepack::test_mlflow 
test_prepackaged_servers.py::TestPrepack::test_xgboost 
[gw1] PASSED test_local_operators.py::TestLocalOperators::test_labelled_operator 
test_prepackaged_servers.py::TestPrepack::test_tfserving 
test_rolling_updates.py::test_rolling_deployment[graph1.json-graph2.json-True-ambas] 
[gw0] PASSED test_prepackaged_servers.py::TestPrepack::test_xgboost 
[gw3] PASSED test_prepackaged_servers.py::TestPrepack::test_mlflow 
test_rolling_updates.py::test_rolling_deployment[graph1.json-graph3.json-True-ambas] 
[gw2] PASSED test_prepackaged_servers.py::TestPrepack::test_tfserving 
test_rolling_updates.py::test_rolling_deployment[graph1.json-graph2.json-True-istio] 
test_rolling_updates.py::test_rolling_deployment[graph1.json-graph3.json-True-istio] 
[gw1] PASSED test_rolling_updates.py::test_rolling_deployment[graph1.json-graph2.json-True-ambas] 
test_rolling_updates.py::test_rolling_deployment[graph1.json-graph4.json-True-ambas] 
[gw0] PASSED test_rolling_updates.py::test_rolling_deployment[graph1.json-graph3.json-True-ambas] 
[gw3] PASSED test_rolling_updates.py::test_rolling_deployment[graph1.json-graph2.json-True-istio] 
test_rolling_updates.py::test_rolling_deployment[graph1.json-graph4.json-True-istio] 
[gw2] PASSED test_rolling_updates.py::test_rolling_deployment[graph1.json-graph3.json-True-istio] 
test_rolling_updates.py::test_rolling_deployment[graph1.json-graph5.json-True-ambas] 
test_rolling_updates.py::test_rolling_deployment[graph1.json-graph5.json-True-istio] 
[gw1] PASSED test_rolling_updates.py::test_rolling_deployment[graph1.json-graph4.json-True-ambas] 
test_rolling_updates.py::test_rolling_deployment[graph1.json-graph8.json-True-ambas] 
[gw0] PASSED test_rolling_updates.py::test_rolling_deployment[graph1.json-graph4.json-True-istio] 
[gw3] PASSED test_rolling_updates.py::test_rolling_deployment[graph1.json-graph5.json-True-ambas] 
test_rolling_updates.py::test_rolling_deployment[graph1.json-graph8.json-True-istio] 
[gw2] PASSED test_rolling_updates.py::test_rolling_deployment[graph1.json-graph5.json-True-istio] 
test_rolling_updates.py::test_rolling_deployment[graph7.json-graph8.json-False-ambas] 
test_rolling_updates.py::test_rolling_deployment[graph7.json-graph8.json-False-istio] 
[gw1] PASSED test_rolling_updates.py::test_rolling_deployment[graph1.json-graph8.json-True-ambas] 
[gw3] PASSED test_rolling_updates.py::test_rolling_deployment[graph7.json-graph8.json-False-ambas] 
[gw2] PASSED test_rolling_updates.py::test_rolling_deployment[graph7.json-graph8.json-False-istio] 
[gw0] PASSED test_rolling_updates.py::test_rolling_deployment[graph1.json-graph8.json-True-istio] 
test_tracing.py::test_tracing_rest 
[gw1] PASSED test_tracing.py::test_tracing_rest 
===Flaky Test Report===

test_rolling_deployment[graph1.json-graph2.json-True-istio] passed 1 out of the required 1 times. Success!
test_rolling_deployment[graph1.json-graph5.json-True-ambas] passed 1 out of the required 1 times. Success!
test_rolling_deployment[graph7.json-graph8.json-False-ambas] passed 1 out of the required 1 times. Success!
test_rolling_deployment[graph1.json-graph3.json-True-istio] passed 1 out of the required 1 times. Success!
test_rolling_deployment[graph1.json-graph5.json-True-istio] passed 1 out of the required 1 times. Success!
test_rolling_deployment[graph7.json-graph8.json-False-istio] passed 1 out of the required 1 times. Success!
test_rolling_deployment[graph1.json-graph3.json-True-ambas] passed 1 out of the required 1 times. Success!
test_rolling_deployment[graph1.json-graph4.json-True-istio] passed 1 out of the required 1 times. Success!
test_rolling_deployment[graph1.json-graph8.json-True-istio] passed 1 out of the required 1 times. Success!
test_rolling_deployment[graph1.json-graph2.json-True-ambas] passed 1 out of the required 1 times. Success!
test_rolling_deployment[graph1.json-graph4.json-True-ambas] passed 1 out of the required 1 times. Success!
test_rolling_deployment[graph1.json-graph8.json-True-ambas] passed 1 out of the required 1 times. Success!

===End Flaky Test Report===

======================== 27 passed in 684.35s (0:11:24) ========================
# Then run the s2i tests in sequence (as they currently fail in parallel
pytest \
	--verbose \
	-s \
	-W ignore \
	-n 0 \
	-m "sequential" 2>&1
============================= test session starts ==============================
platform linux -- Python 3.6.10, pytest-5.3.1, py-1.8.1, pluggy-0.13.1 -- /usr/local/bin/python
cachedir: .pytest_cache
rootdir: /workspace/source/testing/scripts, inifile: setup.cfg
plugins: xdist-1.30.0, forked-1.1.3, flaky-3.6.1, cov-2.8.1
collecting ... collected 92 items / 46 deselected / 46 selected

test_operator_updates.py::test_cluster_update[0.4.1] SKIPPED
test_operator_updates.py::test_cluster_update[0.5.1] namespace/test-cluster-update-0-5-1 created
release "seldon" uninstalled
NAME: seldon
LAST DEPLOYED: Sat Mar 28 08:25:05 2020
NAMESPACE: seldon-system
STATUS: deployed
REVISION: 1
TEST SUITE: None
Error from server (InternalError): error when creating "../resources/graph1.json": Internal error occurred: failed calling webhook "mseldondeployment.kb.io": Post https://seldon-webhook-service.seldon-system.svc:443/mutate-machinelearning-seldon-io-v1alpha2-seldondeployment?timeout=30s: dial tcp 10.109.44.168:443: connect: connection refused
seldondeployment.machinelearning.seldon.io/mymodel created

PODS UPDATE: NAMESPACE       NAME                                         READY   STATUS    RESTARTS   AGE


PODS UPDATE: cert-manager    cert-manager-5c47f46f57-qr7dw                1/1     Running   0          12m


PODS UPDATE: cert-manager    cert-manager-cainjector-6659d6844d-klts8     1/1     Running   0          12m


PODS UPDATE: cert-manager    cert-manager-webhook-547567b88f-hg2x9        1/1     Running   0          12m


PODS UPDATE: istio-system    grafana-6b65874977-vgn7t                     1/1     Running   0          14m


PODS UPDATE: istio-system    istio-citadel-86dcf4c6b-776w4                1/1     Running   0          14m


PODS UPDATE: istio-system    istio-egressgateway-68f754ccdd-246kd         1/1     Running   0          14m


PODS UPDATE: istio-system    istio-galley-5fc6d6c45b-gs5r2                1/1     Running   0          14m


PODS UPDATE: istio-system    istio-ingressgateway-6d759478d8-tggrs        1/1     Running   0          14m


PODS UPDATE: istio-system    istio-pilot-5c4995d687-2pd2g                 1/1     Running   0          14m


PODS UPDATE: istio-system    istio-policy-57b99968f-6ct8k                 1/1     Running   1          14m


PODS UPDATE: istio-system    istio-sidecar-injector-746f7c7bbb-p58xq      1/1     Running   0          14m


PODS UPDATE: istio-system    istio-telemetry-854d8556d5-jfwk2             1/1     Running   1          14m


PODS UPDATE: istio-system    istio-tracing-c66d67cd9-rbs4p                1/1     Running   0          14m


PODS UPDATE: istio-system    kiali-8559969566-w7vw8                       1/1     Running   0          14m


PODS UPDATE: istio-system    prometheus-66c5887c86-5kgck                  1/1     Running   0          14m


PODS UPDATE: kube-system     coredns-5644d7b6d9-cptjp                     1/1     Running   0          22m


PODS UPDATE: kube-system     coredns-5644d7b6d9-k7ghm                     1/1     Running   0          22m


PODS UPDATE: kube-system     etcd-kind-control-plane                      1/1     Running   0          21m


PODS UPDATE: kube-system     kindnet-f5q2s                                1/1     Running   0          22m


PODS UPDATE: kube-system     kindnet-hkjb6                                1/1     Running   0          22m


PODS UPDATE: kube-system     kube-apiserver-kind-control-plane            1/1     Running   0          21m


PODS UPDATE: kube-system     kube-controller-manager-kind-control-plane   1/1     Running   0          21m


PODS UPDATE: kube-system     kube-proxy-ttbzd                             1/1     Running   0          22m


PODS UPDATE: kube-system     kube-proxy-w7w2g                             1/1     Running   0          22m


PODS UPDATE: kube-system     kube-scheduler-kind-control-plane            1/1     Running   0          21m


PODS UPDATE: seldon-system   seldon-controller-manager-7b4679996-xqqb5    1/1     Running   0          12m


PODS UPDATE: seldon          ambassador-689859d47c-p97tp                  1/1     Running   0          15m


PODS UPDATE: seldon          jaeger-7d5559d958-p77qb                      1/1     Running   0          12m


PODS UPDATE: seldon          jaeger-operator-56bd4fb86f-7lc4f             1/1     Running   0          13m


PODS UPDATE: seldon-system   seldon-controller-manager-7b4679996-xqqb5    1/1     Terminating   0          12m


PODS UPDATE: seldon-system   seldon-controller-manager-66bbb9fc44-jq66r   0/1     Pending       0          0s


PODS UPDATE: seldon-system   seldon-controller-manager-66bbb9fc44-jq66r   0/1     Pending       0          0s


PODS UPDATE: seldon-system   seldon-controller-manager-66bbb9fc44-jq66r   0/1     ContainerCreating   0          0s


PODS UPDATE: seldon-system   seldon-controller-manager-7b4679996-xqqb5    0/1     Terminating         0          12m


PODS UPDATE: seldon-system   seldon-controller-manager-7b4679996-xqqb5    0/1     Terminating         0          12m


PODS UPDATE: seldon-system   seldon-controller-manager-7b4679996-xqqb5    0/1     Terminating         0          12m


PODS UPDATE: deployment "mymodel-mymodel-e2eb561" successfully rolled out
Release "seldon" has been upgraded. Happy Helming!
NAME: seldon
LAST DEPLOYED: Sat Mar 28 08:25:56 2020
NAMESPACE: seldon-system
STATUS: deployed
REVISION: 2
TEST SUITE: None
PASSEDrelease "seldon" uninstalled
NAME: seldon
LAST DEPLOYED: Sat Mar 28 08:26:01 2020
NAMESPACE: seldon-system
STATUS: deployed
REVISION: 1
TEST SUITE: None
namespace "test-cluster-update-0-5-1" deleted

test_operator_updates.py::test_cluster_update[1.0.0] namespace/test-cluster-update-1-0-0 created
release "seldon" uninstalled
NAME: seldon
LAST DEPLOYED: Sat Mar 28 08:26:28 2020
NAMESPACE: seldon-system
STATUS: deployed
REVISION: 1
TEST SUITE: None
Error from server (InternalError): error when creating "../resources/graph1.json": Internal error occurred: failed calling webhook "mseldondeployment.kb.io": Post https://seldon-webhook-service.seldon-system.svc:443/mutate-machinelearning-seldon-io-v1alpha2-seldondeployment?timeout=30s: dial tcp 10.99.0.233:443: connect: connection refused
seldondeployment.machinelearning.seldon.io/mymodel created
seldon-system   seldon-controller-manager-66bbb9fc44-jq66r   1/1     Running             0          5s


PODS UPDATE: test-cluster-update-0-5-1   mymodel-mymodel-e2eb561-6d9f48c58d-979zr     0/2     Pending             0          0s


PODS UPDATE: test-cluster-update-0-5-1   mymodel-mymodel-e2eb561-6d9f48c58d-979zr     0/2     Pending             0          0s


PODS UPDATE: test-cluster-update-0-5-1   mymodel-mymodel-e2eb561-6d9f48c58d-979zr     0/2     ContainerCreating   0          0s


PODS UPDATE: test-cluster-update-0-5-1   mymodel-mymodel-e2eb561-6d9f48c58d-979zr     0/2     Running             0          9s


PODS UPDATE: test-cluster-update-0-5-1   mymodel-mymodel-e2eb561-6d9f48c58d-979zr     1/2     Running             0          21s


PODS UPDATE: test-cluster-update-0-5-1   mymodel-mymodel-e2eb561-6d9f48c58d-979zr     2/2     Running             0          33s


PODS UPDATE: seldon-system               seldon-controller-manager-7b4679996-jr7l9    0/1     Pending             0          1s


PODS UPDATE: seldon-system               seldon-controller-manager-7b4679996-jr7l9    0/1     Pending             0          1s


PODS UPDATE: seldon-system               seldon-controller-manager-7b4679996-jr7l9    0/1     ContainerCreating   0          1s


PODS UPDATE: seldon-system               seldon-controller-manager-7b4679996-jr7l9    1/1     Running             0          2s


PODS UPDATE: seldon-system               seldon-controller-manager-66bbb9fc44-jq66r   1/1     Terminating         0          52s


PODS UPDATE: seldon-system               seldon-controller-manager-66bbb9fc44-jq66r   0/1     Terminating         0          53s


PODS UPDATE: seldon-system               seldon-controller-manager-66bbb9fc44-jq66r   0/1     Terminating         0          54s


PODS UPDATE: seldon-system               seldon-controller-manager-66bbb9fc44-jq66r   0/1     Terminating         0          54s


PODS UPDATE: seldon-system               seldon-controller-manager-7b4679996-jr7l9    1/1     Terminating         0          4s


PODS UPDATE: test-cluster-update-0-5-1   mymodel-mymodel-e2eb561-6d9f48c58d-979zr     2/2     Terminating         0          42s


PODS UPDATE: seldon-system               seldon-controller-manager-7b4679996-jr7l9    0/1     Terminating         0          5s


PODS UPDATE: seldon-system               seldon-controller-manager-7b4679996-jr7l9    0/1     Terminating         0          6s


PODS UPDATE: seldon-system               seldon-controller-manager-7b4679996-jr7l9    0/1     Terminating         0          6s


PODS UPDATE: seldon-system               seldon-controller-manager-7b4679996-qr69d    0/1     Pending             0          0s


PODS UPDATE: seldon-system               seldon-controller-manager-7b4679996-qr69d    0/1     Pending             0          0s


PODS UPDATE: seldon-system               seldon-controller-manager-7b4679996-qr69d    0/1     ContainerCreating   0          0s


PODS UPDATE: seldon-system               seldon-controller-manager-7b4679996-qr69d    1/1     Running             0          2s


PODS UPDATE: test-cluster-update-0-5-1   mymodel-mymodel-e2eb561-6d9f48c58d-979zr     1/2     Terminating         0          53s


PODS UPDATE: test-cluster-update-0-5-1   mymodel-mymodel-e2eb561-6d9f48c58d-979zr     0/2     Terminating         0          63s


PODS UPDATE: test-cluster-update-0-5-1   mymodel-mymodel-e2eb561-6d9f48c58d-979zr     0/2     Terminating         0          64s


PODS UPDATE: test-cluster-update-0-5-1   mymodel-mymodel-e2eb561-6d9f48c58d-979zr     0/2     Terminating         0          64s


PODS UPDATE: seldon-system               seldon-controller-manager-7b4679996-qr69d    1/1     Terminating         0          25s


PODS UPDATE: seldon-system               seldon-controller-manager-7b4679996-qr69d    0/1     Terminating         0          26s


PODS UPDATE: seldon-system               seldon-controller-manager-6f6c4dfbc8-f6sm2   0/1     Pending             0          0s


PODS UPDATE: seldon-system               seldon-controller-manager-6f6c4dfbc8-deployment "mymodel-mymodel-e2eb561" successfully rolled out
Release "seldon" has been upgraded. Happy Helming!
NAME: seldon
LAST DEPLOYED: Sat Mar 28 08:27:33 2020
NAMESPACE: seldon-system
STATUS: deployed
REVISION: 2
TEST SUITE: None
PASSEDrelease "seldon" uninstalled
NAME: seldon
LAST DEPLOYED: Sat Mar 28 08:27:38 2020
NAMESPACE: seldon-system
STATUS: deployed
REVISION: 1
TEST SUITE: None
namespace "test-cluster-update-1-0-0" deleted

test_operator_updates.py::test_cluster_update[1.0.1] namespace/test-cluster-update-1-0-1 created
release "seldon" uninstalled
NAME: seldon
LAST DEPLOYED: Sat Mar 28 08:28:06 2020
NAMESPACE: seldon-system
STATUS: deployed
REVISION: 1
TEST SUITE: None
Error from server (InternalError): error when creating "../resources/graph1.json": Internal error occurred: failed calling webhook "mseldondeployment.kb.io": Post https://seldon-webhook-service.seldon-system.svc:443/mutate-machinelearning-seldon-io-v1alpha2-seldondeployment?timeout=30s: dial tcp 10.108.65.10:443: connect: connection refused
seldondeployment.machinelearning.seldon.io/mymodel created
f6sm2   0/1     Pending             0          0s


PODS UPDATE: seldon-system               seldon-controller-manager-6f6c4dfbc8-f6sm2   0/1     ContainerCreating   0          1s


PODS UPDATE: seldon-system               seldon-controller-manager-6f6c4dfbc8-f6sm2   1/1     Running             0          6s


PODS UPDATE: seldon-system               seldon-controller-manager-7b4679996-qr69d    0/1     Terminating         0          37s


PODS UPDATE: seldon-system               seldon-controller-manager-7b4679996-qr69d    0/1     Terminating         0          37s


PODS UPDATE: test-cluster-update-1-0-0   mymodel-mymodel-e2eb561-655c79459-rv6f6      0/2     Pending             0          0s


PODS UPDATE: test-cluster-update-1-0-0   mymodel-mymodel-e2eb561-655c79459-rv6f6      0/2     Pending             0          0s


PODS UPDATE: test-cluster-update-1-0-0   mymodel-mymodel-e2eb561-655c79459-rv6f6      0/2     ContainerCreating   0          0s


PODS UPDATE: test-cluster-update-1-0-0   mymodel-mymodel-e2eb561-655c79459-rv6f6      0/2     Running             0          9s


PODS UPDATE: test-cluster-update-1-0-0   mymodel-mymodel-e2eb561-655c79459-rv6f6      1/2     Running             0          21s


PODS UPDATE: test-cluster-update-1-0-0   mymodel-mymodel-e2eb561-655c79459-rv6f6      2/2     Running             0          33s


PODS UPDATE: seldon-system               seldon-controller-manager-7b4679996-4mtww    0/1     Pending             0          0s


PODS UPDATE: seldon-system               seldon-controller-manager-7b4679996-4mtww    0/1     Pending             0          0s


PODS UPDATE: seldon-system               seldon-controller-manager-7b4679996-4mtww    0/1     ContainerCreating   0          0s


PODS UPDATE: seldon-system               seldon-controller-manager-7b4679996-4mtww    1/1     Running             0          2s


PODS UPDATE: seldon-system               seldon-controller-manager-6f6c4dfbc8-f6sm2   1/1     Terminating         0          68s


PODS UPDATE: seldon-system               seldon-controller-manager-6f6c4dfbc8-f6sm2   0/1     Terminating         0          69s


PODS UPDATE: seldon-system               seldon-controller-manager-7b4679996-4mtww    1/1     Terminating         0          3s


PODS UPDATE: test-cluster-update-1-0-0   mymodel-mymodel-e2eb561-655c79459-rv6f6      2/2     Terminating         0          45s


PODS UPDATE: seldon-system               seldon-controller-manager-6f6c4dfbc8-f6sm2   0/1     Terminating         0          70s


PODS UPDATE: seldon-system               seldon-controller-manager-6f6c4dfbc8-f6sm2   0/1     Terminating         0          70s


PODS UPDATE: seldon-system               seldon-controller-manager-7b4679996-4mtww    0/1     Terminating         0          5s


PODS UPDATE: seldon-system               seldon-controller-manager-7b4679996-b95xx    0/1     Pending             0          1s


PODS UPDATE: seldon-system               seldon-controller-manager-7b4679996-b95xx    0/1     Pending             0          1s


PODS UPDATE: seldon-system               seldon-controller-manager-7b4679996-b95xx    0/1     ContainerCreating   0          1s


PODS UPDATE: seldon-system               seldon-controller-manager-7b4679996-4mtww    0/1     Terminating         0          6s


PODS UPDATE: seldon-system               seldon-controller-manager-7b4679996-4mtww    0/1     Terminating         0          6s


PODS UPDATE: seldon-system               seldon-controller-manager-7b4679996-b95xx    1/1     Running             0          2s


PODS UPDATE: test-cluster-update-1-0-0   mymodel-mymodel-e2eb561-655c79459-rv6f6      0/2     Terminating         0          66s


PODS UPDATE: test-cluster-update-1-0-0   mymodel-mymodel-e2eb561-655c79459-rv6f6      0/2     Terminating         0          67s


PODS UPDATE: test-cluster-update-1-0-0   mymodel-mymodel-e2eb561-655c79459-rv6f6      0/2     Terminating         0          67s


PODS UPDATE: seldon-system               seldon-controller-manager-7b4679996-b95xx    1/1     Terminating         0          26s


Pdeployment "mymodel-mymodel-e2eb561" successfully rolled out
Release "seldon" has been upgraded. Happy Helming!
NAME: seldon
LAST DEPLOYED: Sat Mar 28 08:29:07 2020
NAMESPACE: seldon-system
STATUS: deployed
REVISION: 2
TEST SUITE: None
PASSEDrelease "seldon" uninstalled
NAME: seldon
LAST DEPLOYED: Sat Mar 28 08:29:11 2020
NAMESPACE: seldon-system
STATUS: deployed
REVISION: 1
TEST SUITE: None
namespace "test-cluster-update-1-0-1" deleted

test_operator_updates.py::test_namespace_update[1.0.0] namespace/test-namespace-update-1-0-0 created
release "seldon" uninstalled
NAME: seldon
LAST DEPLOYED: Sat Mar 28 08:29:38 2020
NAMESPACE: seldon-system
STATUS: deployed
REVISION: 1
TEST SUITE: None
seldondeployment.machinelearning.seldon.io/mymodel created
ODS UPDATE: seldon-system               seldon-controller-manager-7b4679996-b95xx    0/1     Terminating         0          27s


PODS UPDATE: seldon-system               seldon-controller-manager-5dd5ffc74d-7nrmd   0/1     Pending             0          1s


PODS UPDATE: seldon-system               seldon-controller-manager-5dd5ffc74d-7nrmd   0/1     Pending             0          1s


PODS UPDATE: seldon-system               seldon-controller-manager-5dd5ffc74d-7nrmd   0/1     ContainerCreating   0          1s


PODS UPDATE: seldon-system               seldon-controller-manager-7b4679996-b95xx    0/1     Terminating         0          30s


PODS UPDATE: seldon-system               seldon-controller-manager-7b4679996-b95xx    0/1     Terminating         0          30s


PODS UPDATE: seldon-system               seldon-controller-manager-5dd5ffc74d-7nrmd   1/1     Running             0          6s


PODS UPDATE: test-cluster-update-1-0-1   mymodel-mymodel-e2eb561-5b59b9874c-pwbbk     0/2     Pending             0          0s


PODS UPDATE: test-cluster-update-1-0-1   mymodel-mymodel-e2eb561-5b59b9874c-pwbbk     0/2     Pending             0          0s


PODS UPDATE: test-cluster-update-1-0-1   mymodel-mymodel-e2eb561-5b59b9874c-pwbbk     0/2     ContainerCreating   0          0s


PODS UPDATE: test-cluster-update-1-0-1   mymodel-mymodel-e2eb561-5b59b9874c-pwbbk     0/2     Running             0          11s


PODS UPDATE: test-cluster-update-1-0-1   mymodel-mymodel-e2eb561-5b59b9874c-pwbbk     1/2     Running             0          20s


PODS UPDATE: test-cluster-update-1-0-1   mymodel-mymodel-e2eb561-5b59b9874c-pwbbk     2/2     Running             0          33s


PODS UPDATE: seldon-system               seldon-controller-manager-7b4679996-7nb57    0/1     Pending             0          0s


PODS UPDATE: seldon-system               seldon-controller-manager-7b4679996-7nb57    0/1     Pending             0          0s


PODS UPDATE: seldon-system               seldon-controller-manager-7b4679996-7nb57    0/1     ContainerCreating   0          0s


PODS UPDATE: seldon-system               seldon-controller-manager-7b4679996-7nb57    1/1     Running             0          2s


PODS UPDATE: seldon-system               seldon-controller-manager-5dd5ffc74d-7nrmd   1/1     Terminating         0          63s


PODS UPDATE: seldon-system               seldon-controller-manager-5dd5ffc74d-7nrmd   0/1     Terminating         0          64s


PODS UPDATE: seldon-system               seldon-controller-manager-7b4679996-7nb57    1/1     Terminating         0          4s


PODS UPDATE: test-cluster-update-1-0-1   mymodel-mymodel-e2eb561-5b59b9874c-pwbbk     2/2     Terminating         0          41s


PODS UPDATE: seldon-system               seldon-controller-manager-5dd5ffc74d-7nrmd   0/1     Terminating         0          65s


PODS UPDATE: seldon-system               seldon-controller-manager-5dd5ffc74d-7nrmd   0/1     Terminating         0          65s


PODS UPDATE: seldon-system               seldon-controller-manager-7b4679996-7nb57    0/1     Terminating         0          5s


PODS UPDATE: seldon-system               seldon-controller-manager-7b4679996-2nrrx    0/1     Pending             0          0s


PODS UPDATE: seldon-system               seldon-controller-manager-7b4679996-2nrrx    0/1     Pending             0          0s


PODS UPDATE: seldon-system               seldon-controller-manager-7b4679996-7nb57    0/1     Terminating         0          5s


PODS UPDATE: seldon-system               seldon-controller-manager-7b4679996-2nrrx    0/1     ContainerCreating   0          0s


PODS UPDATE: seldon-system               seldon-controller-manager-7b4679996-2nrrx    1/1     Running             0          2s


PODS UPDATE: seldon-system               seldon-controller-manager-7b4679996-7nb57    0/1     Terminating         0          12s


PODS UPDATE: seldon-system               seldon-controller-manager-7b4679996-7nb57    0/1     Terminating         0          12s


PODS UPDATE: test-cluster-update-1-0-1   mymodel-mymoddeployment "mymodel-mymodel-e2eb561" successfully rolled out
namespace/test-namespace-update-1-0-0 labeled
NAME: seldon
LAST DEPLOYED: Sat Mar 28 08:30:31 2020
NAMESPACE: test-namespace-update-1-0-0
STATUS: deployed
REVISION: 1
TEST SUITE: None
PASSEDrelease "seldon" uninstalled
NAME: seldon
LAST DEPLOYED: Sat Mar 28 08:31:04 2020
NAMESPACE: seldon-system
STATUS: deployed
REVISION: 1
TEST SUITE: None
namespace "test-namespace-update-1-0-0" deleted

test_operator_updates.py::test_namespace_update[1.0.1] namespace/test-namespace-update-1-0-1 created
release "seldon" uninstalled
el-e2eb561-5b59b9874c-pwbbk     0/2     Terminating         0          62s


PODS UPDATE: test-cluster-update-1-0-1   mymodel-mymodel-e2eb561-5b59b9874c-pwbbk     0/2     Terminating         0          63s


PODS UPDATE: test-cluster-update-1-0-1   mymodel-mymodel-e2eb561-5b59b9874c-pwbbk     0/2     Terminating         0          63s


PODS UPDATE: seldon-system               seldon-controller-manager-7b4679996-2nrrx    1/1     Terminating         0          25s


PODS UPDATE: seldon-system               seldon-controller-manager-7b4679996-2nrrx    0/1     Terminating         0          26s


PODS UPDATE: seldon-system               seldon-controller-manager-6f6c4dfbc8-cztr8   0/1     Pending             0          0s


PODS UPDATE: seldon-system               seldon-controller-manager-6f6c4dfbc8-cztr8   0/1     Pending             0          0s


PODS UPDATE: seldon-system               seldon-controller-manager-6f6c4dfbc8-cztr8   0/1     ContainerCreating   0          0s


PODS UPDATE: seldon-system               seldon-controller-manager-7b4679996-2nrrx    0/1     Terminating         0          27s


PODS UPDATE: seldon-system               seldon-controller-manager-7b4679996-2nrrx    0/1     Terminating         0          27s


PODS UPDATE: seldon-system               seldon-controller-manager-6f6c4dfbc8-cztr8   1/1     Running             0          2s


PODS UPDATE: test-namespace-update-1-0-0   mymodel-mymodel-e2eb561-667b94d6fd-cg6tn     0/2     Pending             0          0s


PODS UPDATE: test-namespace-update-1-0-0   mymodel-mymodel-e2eb561-667b94d6fd-cg6tn     0/2     Pending             0          0s


PODS UPDATE: test-namespace-update-1-0-0   mymodel-mymodel-e2eb561-667b94d6fd-cg6tn     0/2     ContainerCreating   0          0s


PODS UPDATE: test-namespace-update-1-0-0   mymodel-mymodel-e2eb561-667b94d6fd-cg6tn     0/2     Running             0          2s


PODS UPDATE: test-namespace-update-1-0-0   mymodel-mymodel-e2eb561-667b94d6fd-cg6tn     1/2     Running             0          22s


PODS UPDATE: test-namespace-update-1-0-0   mymodel-mymodel-e2eb561-667b94d6fd-cg6tn     2/2     Running             0          25s


PODS UPDATE: test-namespace-update-1-0-0   seldon-controller-manager-7849fb969-wwmrz    0/1     Pending             0          0s


PODS UPDATE: test-namespace-update-1-0-0   seldon-controller-manager-7849fb969-wwmrz    0/1     Pending             0          0s


PODS UPDATE: test-namespace-update-1-0-0   seldon-controller-manager-7849fb969-wwmrz    0/1     ContainerCreating   0          0s


PODS UPDATE: test-namespace-update-1-0-0   seldon-controller-manager-7849fb969-wwmrz    1/1     Running             0          1s


PODS UPDATE: test-namespace-update-1-0-0   mymodel-mymodel-0-complex-model-85c69768bb-qklh9   0/2     Pending             0          0s


PODS UPDATE: test-namespace-update-1-0-0   mymodel-mymodel-0-complex-model-85c69768bb-qklh9   0/2     Pending             0          0s


PODS UPDATE: test-namespace-update-1-0-0   mymodel-mymodel-0-complex-model-85c69768bb-qklh9   0/2     ContainerCreating   0          0s


PODS UPDATE: test-namespace-update-1-0-0   mymodel-mymodel-0-complex-model-85c69768bb-qklh9   0/2     Running             0          1s


PODS UPDATE: test-namespace-update-1-0-0   mymodel-mymodel-0-complex-model-85c69768bb-qklh9   1/2     Running             0          21s


PODS UPDATE: test-namespace-update-1-0-0   mymodel-mymodel-0-complex-model-85c69768bb-qklh9   2/2     Running             0          23s


PODS UPDATE: test-namespace-update-1-0-0   mymodel-mymodel-e2eb561-667b94d6fd-cg6tn           2/2     Terminating         0          59s


PODS UPDATE: seldon-system                 seldon-controller-manager-6f6c4dfbc8-cztr8         1/1     Terminating         0          84s


PODS UPDATE: test-namespace-update-1-0-0   mymodel-mymodel-0-complex-model-85c69768bb-qklh9   2/2     Terminating         0          28s


PODS UPDATE: seldon-system                 seldon-controller-manager-6f6c4dfbc8-cztr8         0/1     Terminating         0          86s


PODS NAME: seldon
LAST DEPLOYED: Sat Mar 28 08:31:31 2020
NAMESPACE: seldon-system
STATUS: deployed
REVISION: 1
TEST SUITE: None
Error from server (InternalError): error when creating "../resources/graph1.json": Internal error occurred: failed calling webhook "mseldondeployment.kb.io": Post https://seldon-webhook-service.seldon-system.svc:443/mutate-machinelearning-seldon-io-v1alpha2-seldondeployment?timeout=30s: dial tcp 10.99.108.229:443: connect: connection refused
seldondeployment.machinelearning.seldon.io/mymodel created
deployment "mymodel-mymodel-e2eb561" successfully rolled out
namespace/test-namespace-update-1-0-1 labeled
NAME: seldon
LAST DEPLOYED: Sat Mar 28 08:32:23 2020
NAMESPACE: test-namespace-update-1-0-1
STATUS: deployed
REVISION: 1
TEST SUITE: None
deployment "mymodel-mymodel-e2eb561" successfully rolled out
PASSEDrelease "seldon" uninstalled
NAME: seldon
LAST DEPLOYED: Sat Mar 28 08:32:27 2020
NAMESPACE: seldon-system
STATUS: deployed
REVISION: 1
TEST SUITE: None
namespace "test-namespace-update-1-0-1" deleted
UPDATE: seldon-system                 seldon-controller-manager-7b4679996-2phgr          0/1     Pending             0          0s


PODS UPDATE: seldon-system                 seldon-controller-manager-7b4679996-2phgr          0/1     Pending             0          0s


PODS UPDATE: seldon-system                 seldon-controller-manager-7b4679996-2phgr          0/1     ContainerCreating   0          0s


PODS UPDATE: seldon-system                 seldon-controller-manager-7b4679996-2phgr          1/1     Running             0          2s


PODS UPDATE: seldon-system                 seldon-controller-manager-6f6c4dfbc8-cztr8         0/1     Terminating         0          90s


PODS UPDATE: seldon-system                 seldon-controller-manager-6f6c4dfbc8-cztr8         0/1     Terminating         0          90s


PODS UPDATE: test-namespace-update-1-0-0   seldon-controller-manager-7849fb969-wwmrz          1/1     Terminating         0          41s


PODS UPDATE: test-namespace-update-1-0-0   seldon-controller-manager-7849fb969-wwmrz          0/1     Terminating         0          42s


PODS UPDATE: test-namespace-update-1-0-0   mymodel-mymodel-0-complex-model-85c69768bb-qklh9   1/2     Terminating         0          43s


PODS UPDATE: test-namespace-update-1-0-0   seldon-controller-manager-7849fb969-wwmrz          0/1     Terminating         0          47s


PODS UPDATE: test-namespace-update-1-0-0   seldon-controller-manager-7849fb969-wwmrz          0/1     Terminating         0          47s


PODS UPDATE: test-namespace-update-1-0-0   mymodel-mymodel-e2eb561-667b94d6fd-cg6tn           0/2     Terminating         0          80s


PODS UPDATE: test-namespace-update-1-0-0   mymodel-mymodel-0-complex-model-85c69768bb-qklh9   0/2     Terminating         0          50s


PODS UPDATE: test-namespace-update-1-0-0   mymodel-mymodel-0-complex-model-85c69768bb-qklh9   0/2     Terminating         0          51s


PODS UPDATE: test-namespace-update-1-0-0   mymodel-mymodel-0-complex-model-85c69768bb-qklh9   0/2     Terminating         0          51s


PODS UPDATE: test-namespace-update-1-0-0   mymodel-mymodel-e2eb561-667b94d6fd-cg6tn           0/2     Terminating         0          89s


PODS UPDATE: test-namespace-update-1-0-0   mymodel-mymodel-e2eb561-667b94d6fd-cg6tn           0/2     Terminating         0          89s


PODS UPDATE: seldon-system                 seldon-controller-manager-7b4679996-2phgr          1/1     Terminating         0          26s


PODS UPDATE: seldon-system                 seldon-controller-manager-7b4679996-2phgr          0/1     Terminating         0          27s


PODS UPDATE: seldon-system                 seldon-controller-manager-5dd5ffc74d-7469w         0/1     Pending             0          0s


PODS UPDATE: seldon-system                 seldon-controller-manager-5dd5ffc74d-7469w         0/1     Pending             0          0s


PODS UPDATE: seldon-system                 seldon-controller-manager-5dd5ffc74d-7469w         0/1     ContainerCreating   0          0s


PODS UPDATE: seldon-system                 seldon-controller-manager-5dd5ffc74d-7469w         1/1     Running             0          2s


PODS UPDATE: seldon-system                 seldon-controller-manager-7b4679996-2phgr          0/1     Terminating         0          34s


PODS UPDATE: seldon-system                 seldon-controller-manager-7b4679996-2phgr          0/1     Terminating         0          34s


PODS UPDATE: test-namespace-update-1-0-1   mymodel-mymodel-e2eb561-59d5f6f6cd-9ndq4           0/2     Pending             0          0s


PODS UPDATE: test-namespace-update-1-0-1   mymodel-mymodel-e2eb561-59d5f6f6cd-9ndq4           0/2     Pending             0          0s


PODS UPDATE: test-namespace-update-1-0-1   mymodel-mymodel-e2eb561-59d5f6f6cd-9ndq4           0/2     ContainerCreating   0          0s


PODS UPDATE: test-namespace-update-1-0-1   mymodel-mymodel-e2eb561-59d5f6f6cd-9ndq4           0/2     Running             0          3s


PODS UPDATE: test-namespace-update-1-0-1   mymodel-mymodel-e2eb561-59d5f6f6cd-9ndq
test_operator_updates.py::test_label_update[1.0.0] namespace/test-label-update-1-0-0 created
release "seldon" uninstalled
NAME: seldon
LAST DEPLOYED: Sat Mar 28 08:33:02 2020
NAMESPACE: seldon-system
STATUS: deployed
REVISION: 1
TEST SUITE: None
Error from server (InternalError): error when creating "../resources/graph1.json": Internal error occurred: failed calling webhook "mseldondeployment.kb.io": Post https://seldon-webhook-service.seldon-system.svc:443/mutate-machinelearning-seldon-io-v1alpha2-seldondeployment?timeout=30s: dial tcp 10.104.83.158:443: connect: connection refused
seldondeployment.machinelearning.seldon.io/mymodel created
deployment "mymodel-mymodel-e2eb561" successfully rolled out
NAME: seldon-test-label-update-1-0-0
LAST DEPLOYED: Sat Mar 28 08:33:54 2020
NAMESPACE: test-label-update-1-0-0
STATUS: deployed
REVISION: 1
TEST SUITE: None
seldondeployment.machinelearning.seldon.io/mymodel labeled
deployment "mymodel-mymodel-e2eb561" successfully rolled out
release "seldon-test-label-update-1-0-0" uninstalled
PASSED4           1/2     Running             0          22s


PODS UPDATE: test-namespace-update-1-0-1   mymodel-mymodel-e2eb561-59d5f6f6cd-9ndq4           2/2     Running             0          24s


PODS UPDATE: test-namespace-update-1-0-1   seldon-controller-manager-78488479fb-vp279         0/1     Pending             0          0s


PODS UPDATE: test-namespace-update-1-0-1   seldon-controller-manager-78488479fb-vp279         0/1     Pending             0          0s


PODS UPDATE: test-namespace-update-1-0-1   seldon-controller-manager-78488479fb-vp279         0/1     ContainerCreating   0          0s


PODS UPDATE: test-namespace-update-1-0-1   seldon-controller-manager-78488479fb-vp279         1/1     Running             0          2s


PODS UPDATE: test-namespace-update-1-0-1   mymodel-mymodel-0-complex-model-649c64d6f9-km9bz   0/2     Pending             0          0s


PODS UPDATE: test-namespace-update-1-0-1   mymodel-mymodel-0-complex-model-649c64d6f9-km9bz   0/2     Pending             0          0s


PODS UPDATE: test-namespace-update-1-0-1   mymodel-mymodel-0-complex-model-649c64d6f9-km9bz   0/2     ContainerCreating   0          0s


PODS UPDATE: seldon-system                 seldon-controller-manager-5dd5ffc74d-7469w         1/1     Terminating         0          55s


PODS UPDATE: test-namespace-update-1-0-1   mymodel-mymodel-0-complex-model-649c64d6f9-km9bz   0/2     Running             0          1s


PODS UPDATE: test-namespace-update-1-0-1   mymodel-mymodel-0-complex-model-649c64d6f9-km9bz   0/2     Terminating         0          1s


PODS UPDATE: test-namespace-update-1-0-1   mymodel-mymodel-e2eb561-59d5f6f6cd-9ndq4           2/2     Terminating         0          35s


PODS UPDATE: seldon-system                 seldon-controller-manager-5dd5ffc74d-7469w         0/1     Terminating         0          56s


PODS UPDATE: seldon-system                 seldon-controller-manager-5dd5ffc74d-7469w         0/1     Terminating         0          56s


PODS UPDATE: seldon-system                 seldon-controller-manager-7b4679996-6blmf          0/1     Pending             0          0s


PODS UPDATE: seldon-system                 seldon-controller-manager-7b4679996-6blmf          0/1     Pending             0          0s


PODS UPDATE: seldon-system                 seldon-controller-manager-7b4679996-6blmf          0/1     ContainerCreating   0          0s


PODS UPDATE: seldon-system                 seldon-controller-manager-7b4679996-6blmf          1/1     Running             0          2s


PODS UPDATE: test-namespace-update-1-0-1   seldon-controller-manager-78488479fb-vp279         1/1     Terminating         0          13s


PODS UPDATE: test-namespace-update-1-0-1   seldon-controller-manager-78488479fb-vp279         0/1     Terminating         0          14s


PODS UPDATE: test-namespace-update-1-0-1   seldon-controller-manager-78488479fb-vp279         0/1     Terminating         0          15s


PODS UPDATE: test-namespace-update-1-0-1   seldon-controller-manager-78488479fb-vp279         0/1     Terminating         0          15s


PODS UPDATE: seldon-system                 seldon-controller-manager-5dd5ffc74d-7469w         0/1     Terminating         0          67s


PODS UPDATE: seldon-system                 seldon-controller-manager-5dd5ffc74d-7469w         0/1     Terminating         0          67s


PODS UPDATE: test-namespace-update-1-0-1   mymodel-mymodel-e2eb561-59d5f6f6cd-9ndq4           0/2     Terminating         0          56s


PODS UPDATE: test-namespace-update-1-0-1   mymodel-mymodel-0-complex-model-649c64d6f9-km9bz   0/2     Terminating         0          24s


PODS UPDATE: test-namespace-update-1-0-1   mymodel-mymodel-0-complex-model-649c64d6f9-km9bz   0/2     Terminating         0          24s


PODS UPDATE: test-namespace-update-1-0-1   mymodel-mymodel-e2eb561-59d5f6f6cd-9ndq4           0/2     Terminating         0          67s


PODS UPDATE: test-namespace-update-1-0-1   mymodel-mymodel-e2eb561-59d5f6f6cd-9ndq4           0/2     Terminating         0          67s


PODS UPDATE: test-namrelease "seldon" uninstalled
NAME: seldon
LAST DEPLOYED: Sat Mar 28 08:33:59 2020
NAMESPACE: seldon-system
STATUS: deployed
REVISION: 1
TEST SUITE: None
namespace "test-label-update-1-0-0" deleted

test_operator_updates.py::test_label_update[1.0.1] namespace/test-label-update-1-0-1 created
release "seldon" uninstalled
NAME: seldon
LAST DEPLOYED: Sat Mar 28 08:34:31 2020
NAMESPACE: seldon-system
STATUS: deployed
REVISION: 1
TEST SUITE: None
Error from server (InternalError): error when creating "../resources/graph1.json": Internal error occurred: failed calling webhook "mseldondeployment.kb.io": Post https://seldon-webhook-service.seldon-system.svc:443/mutate-machinelearning-seldon-io-v1alpha2-seldondeployment?timeout=30s: dial tcp 10.108.20.159:443: connect: connection refused
seldondeployment.machinelearning.seldon.io/mymodel created
espace-update-1-0-1   mymodel-mymodel-0-complex-model-649c64d6f9-km9bz   0/2     Terminating         0          33s


PODS UPDATE: test-namespace-update-1-0-1   mymodel-mymodel-0-complex-model-649c64d6f9-km9bz   0/2     Terminating         0          33s


PODS UPDATE: seldon-system                 seldon-controller-manager-7b4679996-6blmf          1/1     Terminating         0          34s


PODS UPDATE: seldon-system                 seldon-controller-manager-7b4679996-6blmf          0/1     Terminating         0          35s


PODS UPDATE: seldon-system                 seldon-controller-manager-6f6c4dfbc8-vhmnt         0/1     Pending             0          0s


PODS UPDATE: seldon-system                 seldon-controller-manager-6f6c4dfbc8-vhmnt         0/1     Pending             0          0s


PODS UPDATE: seldon-system                 seldon-controller-manager-6f6c4dfbc8-vhmnt         0/1     ContainerCreating   0          0s


PODS UPDATE: seldon-system                 seldon-controller-manager-7b4679996-6blmf          0/1     Terminating         0          36s


PODS UPDATE: seldon-system                 seldon-controller-manager-7b4679996-6blmf          0/1     Terminating         0          36s


PODS UPDATE: seldon-system                 seldon-controller-manager-6f6c4dfbc8-vhmnt         1/1     Running             0          2s


PODS UPDATE: test-label-update-1-0-0       mymodel-mymodel-e2eb561-56b6f476f5-r77mv           0/2     Pending             0          0s


PODS UPDATE: test-label-update-1-0-0       mymodel-mymodel-e2eb561-56b6f476f5-r77mv           0/2     Pending             0          0s


PODS UPDATE: test-label-update-1-0-0       mymodel-mymodel-e2eb561-56b6f476f5-r77mv           0/2     ContainerCreating   0          0s


PODS UPDATE: test-label-update-1-0-0       mymodel-mymodel-e2eb561-56b6f476f5-r77mv           0/2     Running             0          2s


PODS UPDATE: test-label-update-1-0-0       mymodel-mymodel-e2eb561-56b6f476f5-r77mv           1/2     Running             0          22s


PODS UPDATE: test-label-update-1-0-0       mymodel-mymodel-e2eb561-56b6f476f5-r77mv           2/2     Running             0          24s


PODS UPDATE: test-label-update-1-0-0       seldon-controller-manager-777fc68996-6dxpk         0/1     Pending             0          0s


PODS UPDATE: test-label-update-1-0-0       seldon-controller-manager-777fc68996-6dxpk         0/1     Pending             0          0s


PODS UPDATE: test-label-update-1-0-0       seldon-controller-manager-777fc68996-6dxpk         0/1     ContainerCreating   0          0s


PODS UPDATE: test-label-update-1-0-0       seldon-controller-manager-777fc68996-6dxpk         1/1     Running             0          2s


PODS UPDATE: test-label-update-1-0-0       mymodel-mymodel-0-complex-model-6b7977c4dd-2cmlz   0/2     Pending             0          0s


PODS UPDATE: test-label-update-1-0-0       mymodel-mymodel-0-complex-model-6b7977c4dd-2cmlz   0/2     Pending             0          0s


PODS UPDATE: test-label-update-1-0-0       mymodel-mymodel-0-complex-model-6b7977c4dd-2cmlz   0/2     ContainerCreating   0          0s


PODS UPDATE: test-label-update-1-0-0       mymodel-mymodel-0-complex-model-6b7977c4dd-2cmlz   0/2     Running             0          1s


PODS UPDATE: seldon-system                 seldon-controller-manager-6f6c4dfbc8-vhmnt         1/1     Terminating         0          56s


PODS UPDATE: test-label-update-1-0-0       seldon-controller-manager-777fc68996-6dxpk         1/1     Terminating         0          5s


PODS UPDATE: test-label-update-1-0-0       mymodel-mymodel-0-complex-model-6b7977c4dd-2cmlz   0/2     Terminating         0          2s


PODS UPDATE: test-label-update-1-0-0       mymodel-mymodel-e2eb561-56b6f476f5-r77mv           2/2     Terminating         0          36s


PODS UPDATE: seldon-system                 seldon-controller-manager-6f6c4dfbc8-vhmnt         0/1     Terminating         0          57s


PODS UPDATE: test-label-update-1-0-0       seldon-controller-manager-777fc68996-6dxpk         0/1     Tedeployment "mymodel-mymodel-e2eb561" successfully rolled out
NAME: seldon-test-label-update-1-0-1
LAST DEPLOYED: Sat Mar 28 08:35:23 2020
NAMESPACE: test-label-update-1-0-1
STATUS: deployed
REVISION: 1
TEST SUITE: None
seldondeployment.machinelearning.seldon.io/mymodel labeled
deployment "mymodel-mymodel-e2eb561" successfully rolled out
release "seldon-test-label-update-1-0-1" uninstalled
PASSEDrelease "seldon" uninstalled
NAME: seldon
LAST DEPLOYED: Sat Mar 28 08:35:28 2020
NAMESPACE: seldon-system
STATUS: deployed
REVISION: 1
TEST SUITE: None
namespace "test-label-update-1-0-1" deleted

test_rolling_updates.py::TestRollingHttp::test_rolling_update5[ambas] namespace/test-rolling-update5-ambas created
seldondeployment.machinelearning.seldon.io/mymodel created
rminating         0          6s


PODS UPDATE: seldon-system                 seldon-controller-manager-7b4679996-k8vp7          0/1     Pending             0          0s


PODS UPDATE: seldon-system                 seldon-controller-manager-7b4679996-k8vp7          0/1     Pending             0          0s


PODS UPDATE: seldon-system                 seldon-controller-manager-7b4679996-k8vp7          0/1     ContainerCreating   0          0s


PODS UPDATE: seldon-system                 seldon-controller-manager-7b4679996-k8vp7          1/1     Running             0          2s


PODS UPDATE: seldon-system                 seldon-controller-manager-6f6c4dfbc8-vhmnt         0/1     Terminating         0          66s


PODS UPDATE: seldon-system                 seldon-controller-manager-6f6c4dfbc8-vhmnt         0/1     Terminating         0          66s


PODS UPDATE: test-label-update-1-0-0       seldon-controller-manager-777fc68996-6dxpk         0/1     Terminating         0          15s


PODS UPDATE: test-label-update-1-0-0       seldon-controller-manager-777fc68996-6dxpk         0/1     Terminating         0          15s


PODS UPDATE: test-label-update-1-0-0       mymodel-mymodel-0-complex-model-6b7977c4dd-2cmlz   1/2     Terminating         0          23s


PODS UPDATE: test-label-update-1-0-0       mymodel-mymodel-e2eb561-56b6f476f5-r77mv           0/2     Terminating         0          57s


PODS UPDATE: test-label-update-1-0-0       mymodel-mymodel-0-complex-model-6b7977c4dd-2cmlz   0/2     Terminating         0          24s


PODS UPDATE: test-label-update-1-0-0       mymodel-mymodel-0-complex-model-6b7977c4dd-2cmlz   0/2     Terminating         0          24s


PODS UPDATE: test-label-update-1-0-0       mymodel-mymodel-e2eb561-56b6f476f5-r77mv           0/2     Terminating         0          58s


PODS UPDATE: test-label-update-1-0-0       mymodel-mymodel-e2eb561-56b6f476f5-r77mv           0/2     Terminating         0          58s


PODS UPDATE: test-label-update-1-0-0       mymodel-mymodel-0-complex-model-6b7977c4dd-2cmlz   0/2     Terminating         0          32s


PODS UPDATE: test-label-update-1-0-0       mymodel-mymodel-0-complex-model-6b7977c4dd-2cmlz   0/2     Terminating         0          32s


PODS UPDATE: seldon-system                 seldon-controller-manager-7b4679996-k8vp7          1/1     Terminating         0          30s


PODS UPDATE: seldon-system                 seldon-controller-manager-7b4679996-k8vp7          0/1     Terminating         0          31s


PODS UPDATE: seldon-system                 seldon-controller-manager-5dd5ffc74d-ml7rc         0/1     Pending             0          0s


PODS UPDATE: seldon-system                 seldon-controller-manager-5dd5ffc74d-ml7rc         0/1     Pending             0          0s


PODS UPDATE: seldon-system                 seldon-controller-manager-5dd5ffc74d-ml7rc         0/1     ContainerCreating   0          0s


PODS UPDATE: seldon-system                 seldon-controller-manager-7b4679996-k8vp7          0/1     Terminating         0          32s


PODS UPDATE: seldon-system                 seldon-controller-manager-7b4679996-k8vp7          0/1     Terminating         0          32s


PODS UPDATE: seldon-system                 seldon-controller-manager-5dd5ffc74d-ml7rc         1/1     Running             0          1s


PODS UPDATE: test-label-update-1-0-1       mymodel-mymodel-e2eb561-f8bffdfb7-kzqgw            0/2     Pending             0          0s


PODS UPDATE: test-label-update-1-0-1       mymodel-mymodel-e2eb561-f8bffdfb7-kzqgw            0/2     Pending             0          0s


PODS UPDATE: test-label-update-1-0-1       mymodel-mymodel-e2eb561-f8bffdfb7-kzqgw            0/2     ContainerCreating   0          0s


PODS UPDATE: test-label-update-1-0-1       mymodel-mymodel-e2eb561-f8bffdfb7-kzqgw            0/2     Running             0          1s


PODS UPDATE: test-label-update-1-0-1       mymodel-mymodel-e2eb561-f8bffdfb7-kzqgw            1/2     Running             0          22s


PODS UPDATE: test-label-update-1-0-1       mymodel-mymodel-e2eb561-f8bffdfb7-kzqgw            2/2     Running             0          24s


PODS UPDATE: test-label-update-1-0-1       seldon-controller-manager-6cff6c9795-vc7vh         0/1     Pending             0          0s


PODS UPDATE: test-label-update-1-0-1       seldon-controller-manager-6cff6c9795-vc7vh         0/1     Pending             0          0s


PODS UPDATE: test-label-update-1-0-1       seldon-controller-manager-6cff6c9795-vc7vh         0/1     ContainerCreating   0          0s


PODS UPDATE: test-label-update-1-0-1       seldon-controller-manager-6cff6c9795-vc7vh         1/1     Running             0          1s


PODS UPDATE: test-label-update-1-0-1       mymodel-mymodel-0-complex-model-986cc56f7-46f6d    0/2     Pending             0          0s


PODS UPDATE: test-label-update-1-0-1       mymodel-mymodel-0-complex-model-986cc56f7-46f6d    0/2     Pending             0          0s


PODS UPDATE: test-label-update-1-0-1       mymodel-mymodel-0-complex-model-986cc56f7-46f6d    0/2     ContainerCreating   0          0s


PODS UPDATE: test-label-update-1-0-1       seldon-controller-manager-6cff6c9795-vc7vh         1/1     Terminating         0          3s


PODS UPDATE: test-label-update-1-0-1       mymodel-mymodel-0-complex-model-986cc56f7-46f6d    0/2     Running             0          1s


PODS UPDATE: test-label-update-1-0-1       seldon-controller-manager-6cff6c9795-vc7vh         0/1     Terminating         0          4s


PODS UPDATE: seldon-system                 seldon-controller-manager-5dd5ffc74d-ml7rc         1/1     Terminating         0          56s


PODS UPDATE: test-label-update-1-0-1       mymodel-mymodel-e2eb561-f8bffdfb7-kzqgw            2/2     Terminating         0          36s


PODS UPDATE: test-label-update-1-0-1       mymodel-mymodel-0-complex-model-986cc56f7-46f6d    0/2     Terminating         0          3s


PODS UPDATE: test-label-update-1-0-1       seldon-controller-manager-6cff6c9795-vc7vh         0/1     Terminating         0          5s


PODS UPDATE: test-label-update-1-0-1       seldon-controller-manager-6cff6c9795-vc7vh         0/1     Terminating         0          5s


PODS UPDATE: seldon-system                 seldon-controller-manager-5dd5ffc74d-ml7rc         0/1     Terminating         0          56s


PODS UPDATE: seldon-system                 seldon-controller-manager-7b4679996-qpqfd          0/1     Pending             0          0s


PODS UPDATE: seldon-system                 seldon-controller-manager-7b4679996-qpqfd          0/1     Pending             0          0s


PODS UPDATE: seldon-system                 seldon-controller-manager-7b4679996-qpqfd          0/1     ContainerCreating   0          0s


PODS UPDATE: seldon-system                 seldon-controller-manager-7b4679996-qpqfd          1/1     Running             0          1s


PODS UPDATE: seldon-system                 seldon-controller-manager-5dd5ffc74d-ml7rc         0/1     Terminating         0          66s


PODS UPDATE: seldon-system                 seldon-controller-manager-5dd5ffc74d-ml7rc         0/1     Terminating         0          66s


PODS UPDATE: test-label-update-1-0-1       mymodel-mymodel-e2eb561-f8bffdfb7-kzqgw            0/2     Terminating         0          56s


PODS UPDATE: test-label-update-1-0-1       mymodel-mymodel-e2eb561-f8bffdfb7-kzqgw            0/2     Terminating         0          56s


PODS UPDATE: test-label-update-1-0-1       mymodel-mymodel-0-complex-model-986cc56f7-46f6d    0/2     Terminating         0          24s


PODS UPDATE: test-label-update-1-0-1       mymodel-mymodel-0-complex-model-986cc56f7-46f6d    0/2     Terminating         0          24s


PODS UPDATE: test-label-update-1-0-1       mymodel-mymodel-e2eb561-f8bffdfb7-kzqgw            0/2     Terminating         0          66s


PODS UPDATE: test-label-update-1-0-1       mymodel-mymodel-e2eb561-f8bffdfb7-kzqgw            0/2     Terminating         0          66s


PODS UPDATE: test-label-update-1-0-1       mymodel-mymodel-0-complex-model-986cc56f7-46f6d    0/2     Terminating         0  deployment "mymodel-mymodel-0-complex-model" successfully rolled out
seldondeployment.machinelearning.seldon.io/mymodel configured
seldondeployment.machinelearning.seldon.io "mymodel" deleted
Error from server (NotFound): error when deleting "../resources/graph6.json": seldondeployments.machinelearning.seldon.io "mymodel" not found
PASSEDnamespace "test-rolling-update5-ambas" deleted

test_rolling_updates.py::TestRollingHttp::test_rolling_update5[istio] namespace/test-rolling-update5-istio created
gateway.networking.istio.io/seldon-gateway created
seldondeployment.machinelearning.seldon.io/mymodel created
deployment "mymodel-mymodel-0-complex-model" successfully rolled out
seldondeployment.machinelearning.seldon.io/mymodel configured
        33s


PODS UPDATE: test-label-update-1-0-1       mymodel-mymodel-0-complex-model-986cc56f7-46f6d    0/2     Terminating         0          33s


PODS UPDATE: test-rolling-update5-ambas    mymodel-mymodel-0-complex-model-5d869444c-dxlt5    0/2     Pending             0          0s


PODS UPDATE: test-rolling-update5-ambas    mymodel-mymodel-0-complex-model-5d869444c-dxlt5    0/2     Pending             0          0s


PODS UPDATE: test-rolling-update5-ambas    mymodel-mymodel-0-complex-model-5d869444c-dxlt5    0/2     ContainerCreating   0          0s


PODS UPDATE: test-rolling-update5-ambas    mymodel-mymodel-0-complex-model-5d869444c-dxlt5    0/2     Running             0          2s


PODS UPDATE: test-rolling-update5-ambas    mymodel-mymodel-0-complex-model-5d869444c-dxlt5    1/2     Running             0          23s


PODS UPDATE: test-rolling-update5-ambas    mymodel-mymodel-0-complex-model-5d869444c-dxlt5    2/2     Running             0          24s


PODS UPDATE: test-rolling-update5-ambas    mymodel-mymodel-canary-0-complex-model-58665c8c58-gb5nx   0/2     Pending             0          0s


PODS UPDATE: test-rolling-update5-ambas    mymodel-mymodel-canary-0-complex-model-58665c8c58-gb5nx   0/2     Pending             0          0s


PODS UPDATE: test-rolling-update5-ambas    mymodel-mymodel-canary-0-complex-model-58665c8c58-gb5nx   0/2     ContainerCreating   0          0s


PODS UPDATE: test-rolling-update5-ambas    mymodel-mymodel-canary-0-complex-model-58665c8c58-gb5nx   0/2     Running             0          2s


PODS UPDATE: test-rolling-update5-ambas    mymodel-mymodel-canary-0-complex-model-58665c8c58-gb5nx   1/2     Running             0          21s


PODS UPDATE: test-rolling-update5-ambas    mymodel-mymodel-canary-0-complex-model-58665c8c58-gb5nx   2/2     Running             0          25s


PODS UPDATE: test-rolling-update5-ambas    mymodel-mymodel-0-complex-model-5d869444c-dxlt5           2/2     Terminating         0          59s


PODS UPDATE: test-rolling-update5-ambas    mymodel-mymodel-canary-0-complex-model-58665c8c58-gb5nx   2/2     Terminating         0          33s


PODS UPDATE: test-rolling-update5-ambas    mymodel-mymodel-0-complex-model-5d869444c-dxlt5           1/2     Terminating         0          69s


PODS UPDATE: test-rolling-update5-ambas    mymodel-mymodel-canary-0-complex-model-58665c8c58-gb5nx   1/2     Terminating         0          46s


PODS UPDATE: test-rolling-update5-ambas    mymodel-mymodel-canary-0-complex-model-58665c8c58-gb5nx   0/2     Terminating         0          55s


PODS UPDATE: test-rolling-update5-ambas    mymodel-mymodel-0-complex-model-5d869444c-dxlt5           0/2     Terminating         0          81s


PODS UPDATE: test-rolling-update5-ambas    mymodel-mymodel-canary-0-complex-model-58665c8c58-gb5nx   0/2     Terminating         0          60s


PODS UPDATE: test-rolling-update5-ambas    mymodel-mymodel-canary-0-complex-model-58665c8c58-gb5nx   0/2     Terminating         0          60s


PODS UPDATE: test-rolling-update5-ambas    mymodel-mymodel-0-complex-model-5d869444c-dxlt5           0/2     Terminating         0          86s


PODS UPDATE: test-rolling-update5-ambas    mymodel-mymodel-0-complex-model-5d869444c-dxlt5           0/2     Terminating         0          86s


PODS UPDATE: test-rolling-update5-istio    mymodel-mymodel-0-complex-model-db6b7756c-gb5b8           0/2     Pending             0          0s


PODS UPDATE: test-rolling-update5-istio    mymodel-mymodel-0-complex-model-db6b7756c-gb5b8           0/2     Pending             0          0s


PODS UPDATE: test-rolling-update5-istio    mymodel-mymodel-0-complex-model-db6b7756c-gb5b8           0/2     ContainerCreating   0          0s


PODS UPDATE: test-rolling-update5-istio    mymodel-mymodel-0-complex-model-db6b7756c-gb5b8           0/2     Running             0          2s


PODS UPDATE: test-rolling-update5-istio    mymodel-mymodel-0-complex-model-db6b7756c-gb5b8           1/2     Running             0          21s


PODS UPDATE: test-rolling-update5-istio    mymodel-mymoseldondeployment.machinelearning.seldon.io "mymodel" deleted
Error from server (NotFound): error when deleting "../resources/graph6.json": seldondeployments.machinelearning.seldon.io "mymodel" not found
PASSEDnamespace "test-rolling-update5-istio" deleted

test_rolling_updates.py::TestRollingHttp::test_rolling_update6[ambas] namespace/test-rolling-update6-ambas created
seldondeployment.machinelearning.seldon.io/mymodel created
deployment "mymodel-mymodel-0-complex-model" successfully rolled out
deployment "mymodel-mymodel-svc-orch" successfully rolled out
seldondeployment.machinelearning.seldon.io/mymodel configured
del-0-complex-model-db6b7756c-gb5b8           2/2     Running             0          23s


PODS UPDATE: test-rolling-update5-istio    mymodel-mymodel-canary-0-complex-model-5dd6b59646-gqcr7   0/2     Pending             0          0s


PODS UPDATE: test-rolling-update5-istio    mymodel-mymodel-canary-0-complex-model-5dd6b59646-gqcr7   0/2     Pending             0          0s


PODS UPDATE: test-rolling-update5-istio    mymodel-mymodel-canary-0-complex-model-5dd6b59646-gqcr7   0/2     ContainerCreating   0          0s


PODS UPDATE: test-rolling-update5-istio    mymodel-mymodel-canary-0-complex-model-5dd6b59646-gqcr7   0/2     Running             0          2s


PODS UPDATE: test-rolling-update5-istio    mymodel-mymodel-canary-0-complex-model-5dd6b59646-gqcr7   1/2     Running             0          22s


PODS UPDATE: test-rolling-update5-istio    mymodel-mymodel-canary-0-complex-model-5dd6b59646-gqcr7   2/2     Running             0          22s


PODS UPDATE: test-rolling-update5-istio    mymodel-mymodel-canary-0-complex-model-5dd6b59646-gqcr7   2/2     Terminating         0          24s


PODS UPDATE: test-rolling-update5-istio    mymodel-mymodel-0-complex-model-db6b7756c-gb5b8           2/2     Terminating         0          50s


PODS UPDATE: test-rolling-update5-istio    mymodel-mymodel-0-complex-model-db6b7756c-gb5b8           1/2     Terminating         0          63s


PODS UPDATE: test-rolling-update5-istio    mymodel-mymodel-canary-0-complex-model-5dd6b59646-gqcr7   1/2     Terminating         0          37s


PODS UPDATE: test-rolling-update5-istio    mymodel-mymodel-0-complex-model-db6b7756c-gb5b8           0/2     Terminating         0          71s


PODS UPDATE: test-rolling-update5-istio    mymodel-mymodel-canary-0-complex-model-5dd6b59646-gqcr7   0/2     Terminating         0          45s


PODS UPDATE: test-rolling-update5-istio    mymodel-mymodel-canary-0-complex-model-5dd6b59646-gqcr7   0/2     Terminating         0          46s


PODS UPDATE: test-rolling-update5-istio    mymodel-mymodel-canary-0-complex-model-5dd6b59646-gqcr7   0/2     Terminating         0          46s


PODS UPDATE: test-rolling-update5-istio    mymodel-mymodel-0-complex-model-db6b7756c-gb5b8           0/2     Terminating         0          77s


PODS UPDATE: test-rolling-update5-istio    mymodel-mymodel-0-complex-model-db6b7756c-gb5b8           0/2     Terminating         0          77s


PODS UPDATE: test-rolling-update6-ambas    mymodel-mymodel-svc-orch-78d9646c85-zdzjh                 0/1     Pending             0          0s


PODS UPDATE: test-rolling-update6-ambas    mymodel-mymodel-0-complex-model-65685ffcf8-58w87          0/1     Pending             0          0s


PODS UPDATE: test-rolling-update6-ambas    mymodel-mymodel-svc-orch-78d9646c85-zdzjh                 0/1     Pending             0          0s


PODS UPDATE: test-rolling-update6-ambas    mymodel-mymodel-0-complex-model-65685ffcf8-58w87          0/1     Pending             0          0s


PODS UPDATE: test-rolling-update6-ambas    mymodel-mymodel-svc-orch-78d9646c85-zdzjh                 0/1     ContainerCreating   0          0s


PODS UPDATE: test-rolling-update6-ambas    mymodel-mymodel-0-complex-model-65685ffcf8-58w87          0/1     ContainerCreating   0          0s


PODS UPDATE: test-rolling-update6-ambas    mymodel-mymodel-svc-orch-78d9646c85-zdzjh                 0/1     Running             0          1s


PODS UPDATE: test-rolling-update6-ambas    mymodel-mymodel-0-complex-model-65685ffcf8-58w87          0/1     Running             0          1s


PODS UPDATE: test-rolling-update6-ambas    mymodel-mymodel-0-complex-model-65685ffcf8-58w87          1/1     Running             0          21s


PODS UPDATE: test-rolling-update6-ambas    mymodel-mymodel-svc-orch-78d9646c85-zdzjh                 1/1     Running             0          23s


PODS UPDATE: test-rolling-update6-ambas    mymodel-mymodel-svc-orch-84754d94b-jt85x                  0/1     Pending             0          0s


PODS UPDATE: test-rolling-update6-ambas    mymodel-mymodel-svc-orch-84754d94seldondeployment.machinelearning.seldon.io "mymodel" deleted
Error from server (NotFound): error when deleting "../resources/graph2svc.json": seldondeployments.machinelearning.seldon.io "mymodel" not found
PASSEDnamespace "test-rolling-update6-ambas" deleted

test_rolling_updates.py::TestRollingHttp::test_rolling_update6[istio] namespace/test-rolling-update6-istio created
gateway.networking.istio.io/seldon-gateway created
seldondeployment.machinelearning.seldon.io/mymodel created
deployment "mymodel-mymodel-0-complex-model" successfully rolled out
deployment "mymodel-mymodel-svc-orch" successfully rolled out
seldondeployment.machinelearning.seldon.io/mymodel configured
b-jt85x                  0/1     Pending             0          0s


PODS UPDATE: test-rolling-update6-ambas    mymodel-mymodel-0-complex-model-6f5c4bc95d-9bk6s          0/1     Pending             0          0s


PODS UPDATE: test-rolling-update6-ambas    mymodel-mymodel-0-complex-model-6f5c4bc95d-9bk6s          0/1     Pending             0          0s


PODS UPDATE: test-rolling-update6-ambas    mymodel-mymodel-svc-orch-84754d94b-jt85x                  0/1     ContainerCreating   0          0s


PODS UPDATE: test-rolling-update6-ambas    mymodel-mymodel-0-complex-model-6f5c4bc95d-9bk6s          0/1     ContainerCreating   0          0s


PODS UPDATE: test-rolling-update6-ambas    mymodel-mymodel-svc-orch-84754d94b-jt85x                  0/1     Running             0          1s


PODS UPDATE: test-rolling-update6-ambas    mymodel-mymodel-0-complex-model-6f5c4bc95d-9bk6s          0/1     Running             0          2s


PODS UPDATE: test-rolling-update6-ambas    mymodel-mymodel-0-complex-model-6f5c4bc95d-9bk6s          1/1     Running             0          22s


PODS UPDATE: test-rolling-update6-ambas    mymodel-mymodel-0-complex-model-65685ffcf8-58w87          1/1     Terminating         0          48s


PODS UPDATE: test-rolling-update6-ambas    mymodel-mymodel-svc-orch-84754d94b-jt85x                  1/1     Running             0          23s


PODS UPDATE: test-rolling-update6-ambas    mymodel-mymodel-svc-orch-78d9646c85-zdzjh                 1/1     Terminating         0          49s


PODS UPDATE: test-rolling-update6-ambas    mymodel-mymodel-0-complex-model-6f5c4bc95d-9bk6s          1/1     Terminating         0          24s


PODS UPDATE: test-rolling-update6-ambas    mymodel-mymodel-svc-orch-84754d94b-jt85x                  1/1     Terminating         0          24s


PODS UPDATE: test-rolling-update6-ambas    mymodel-mymodel-svc-orch-84754d94b-jt85x                  0/1     Terminating         0          24s


PODS UPDATE: test-rolling-update6-ambas    mymodel-mymodel-svc-orch-78d9646c85-zdzjh                 0/1     Terminating         0          50s


PODS UPDATE: test-rolling-update6-ambas    mymodel-mymodel-svc-orch-84754d94b-jt85x                  0/1     Terminating         0          25s


PODS UPDATE: test-rolling-update6-ambas    mymodel-mymodel-svc-orch-84754d94b-jt85x                  0/1     Terminating         0          25s


PODS UPDATE: test-rolling-update6-ambas    mymodel-mymodel-svc-orch-78d9646c85-zdzjh                 0/1     Terminating         0          51s


PODS UPDATE: test-rolling-update6-ambas    mymodel-mymodel-svc-orch-78d9646c85-zdzjh                 0/1     Terminating         0          51s


PODS UPDATE: test-rolling-update6-ambas    mymodel-mymodel-0-complex-model-65685ffcf8-58w87          0/1     Terminating         0          68s


PODS UPDATE: test-rolling-update6-ambas    mymodel-mymodel-0-complex-model-65685ffcf8-58w87          0/1     Terminating         0          69s


PODS UPDATE: test-rolling-update6-ambas    mymodel-mymodel-0-complex-model-65685ffcf8-58w87          0/1     Terminating         0          69s


PODS UPDATE: test-rolling-update6-ambas    mymodel-mymodel-0-complex-model-6f5c4bc95d-9bk6s          0/1     Terminating         0          44s


PODS UPDATE: test-rolling-update6-ambas    mymodel-mymodel-0-complex-model-6f5c4bc95d-9bk6s          0/1     Terminating         0          45s


PODS UPDATE: test-rolling-update6-ambas    mymodel-mymodel-0-complex-model-6f5c4bc95d-9bk6s          0/1     Terminating         0          45s


PODS UPDATE: test-rolling-update6-istio    mymodel-mymodel-svc-orch-69d59cbbf6-gszb7                 0/1     Pending             0          0s


PODS UPDATE: test-rolling-update6-istio    mymodel-mymodel-svc-orch-69d59cbbf6-gszb7                 0/1     Pending             0          0s


PODS UPDATE: test-rolling-update6-istio    mymodel-mymodel-svc-orch-69d59cbbf6-gszb7                 0/1     ContainerCreating   0          0s


PODS UPDATE: test-rolling-update6-istio    mymodel-mymodel-0-complex-model-65685ffcf8-4ql7x   seldondeployment.machinelearning.seldon.io "mymodel" deleted
Error from server (NotFound): error when deleting "../resources/graph2svc.json": seldondeployments.machinelearning.seldon.io "mymodel" not found
PASSEDnamespace "test-rolling-update6-istio" deleted

test_rolling_updates.py::TestRollingHttp::test_rolling_update7[ambas] namespace/test-rolling-update7-ambas created
seldondeployment.machinelearning.seldon.io/mymodel created
       0/1     Pending             0          0s


PODS UPDATE: test-rolling-update6-istio    mymodel-mymodel-0-complex-model-65685ffcf8-4ql7x          0/1     Pending             0          0s


PODS UPDATE: test-rolling-update6-istio    mymodel-mymodel-0-complex-model-65685ffcf8-4ql7x          0/1     ContainerCreating   0          0s


PODS UPDATE: test-rolling-update6-istio    mymodel-mymodel-0-complex-model-65685ffcf8-4ql7x          0/1     Running             0          1s


PODS UPDATE: test-rolling-update6-istio    mymodel-mymodel-svc-orch-69d59cbbf6-gszb7                 0/1     Running             0          1s


PODS UPDATE: test-rolling-update6-istio    mymodel-mymodel-0-complex-model-65685ffcf8-4ql7x          1/1     Running             0          23s


PODS UPDATE: test-rolling-update6-istio    mymodel-mymodel-svc-orch-69d59cbbf6-gszb7                 1/1     Running             0          24s


PODS UPDATE: test-rolling-update6-istio    mymodel-mymodel-svc-orch-76fbbdbbf9-54j7k                 0/1     Pending             0          0s


PODS UPDATE: test-rolling-update6-istio    mymodel-mymodel-svc-orch-76fbbdbbf9-54j7k                 0/1     Pending             0          1s


PODS UPDATE: test-rolling-update6-istio    mymodel-mymodel-0-complex-model-6f5c4bc95d-qf7ft          0/1     Pending             0          0s


PODS UPDATE: test-rolling-update6-istio    mymodel-mymodel-0-complex-model-6f5c4bc95d-qf7ft          0/1     Pending             0          0s


PODS UPDATE: test-rolling-update6-istio    mymodel-mymodel-svc-orch-76fbbdbbf9-54j7k                 0/1     ContainerCreating   0          1s


PODS UPDATE: test-rolling-update6-istio    mymodel-mymodel-0-complex-model-6f5c4bc95d-qf7ft          0/1     ContainerCreating   0          0s


PODS UPDATE: test-rolling-update6-istio    mymodel-mymodel-svc-orch-76fbbdbbf9-54j7k                 0/1     Running             0          2s


PODS UPDATE: test-rolling-update6-istio    mymodel-mymodel-0-complex-model-6f5c4bc95d-qf7ft          0/1     Running             0          1s


PODS UPDATE: test-rolling-update6-istio    mymodel-mymodel-0-complex-model-6f5c4bc95d-qf7ft          1/1     Running             0          20s


PODS UPDATE: test-rolling-update6-istio    mymodel-mymodel-0-complex-model-65685ffcf8-4ql7x          1/1     Terminating         0          47s


PODS UPDATE: test-rolling-update6-istio    mymodel-mymodel-0-complex-model-6f5c4bc95d-qf7ft          1/1     Terminating         0          21s


PODS UPDATE: test-rolling-update6-istio    mymodel-mymodel-svc-orch-76fbbdbbf9-54j7k                 0/1     Terminating         0          22s


PODS UPDATE: test-rolling-update6-istio    mymodel-mymodel-svc-orch-69d59cbbf6-gszb7                 1/1     Terminating         0          48s


PODS UPDATE: test-rolling-update6-istio    mymodel-mymodel-svc-orch-69d59cbbf6-gszb7                 0/1     Terminating         0          48s


PODS UPDATE: test-rolling-update6-istio    mymodel-mymodel-svc-orch-76fbbdbbf9-54j7k                 0/1     Terminating         0          22s


PODS UPDATE: test-rolling-update6-istio    mymodel-mymodel-svc-orch-69d59cbbf6-gszb7                 0/1     Terminating         0          49s


PODS UPDATE: test-rolling-update6-istio    mymodel-mymodel-svc-orch-69d59cbbf6-gszb7                 0/1     Terminating         0          49s


PODS UPDATE: test-rolling-update6-istio    mymodel-mymodel-svc-orch-76fbbdbbf9-54j7k                 0/1     Terminating         0          23s


PODS UPDATE: test-rolling-update6-istio    mymodel-mymodel-svc-orch-76fbbdbbf9-54j7k                 0/1     Terminating         0          23s


PODS UPDATE: test-rolling-update6-istio    mymodel-mymodel-0-complex-model-65685ffcf8-4ql7x          0/1     Terminating         0          68s


PODS UPDATE: test-rolling-update6-istio    mymodel-mymodel-0-complex-model-6f5c4bc95d-qf7ft          0/1     Terminating         0          41s


PODS UPDATE: test-rolling-update6-istio    mymodel-mymodel-0-complex-model-6f5c4bc95d-qf7ft          0/1     Termindeployment "mymodel-mymodel-0-complex-model" successfully rolled out
deployment "mymodel-mymodel-svc-orch" successfully rolled out
seldondeployment.machinelearning.seldon.io/mymodel configured
seldondeployment.machinelearning.seldon.io "mymodel" deleted
Error from server (NotFound): error when deleting "../resources/graph3svc.json": seldondeployments.machinelearning.seldon.io "mymodel" not found
PASSEDnamespace "test-rolling-update7-ambas" deleted

test_rolling_updates.py::TestRollingHttp::test_rolling_update7[istio] namespace/test-rolling-update7-istio created
gateway.networking.istio.io/seldon-gateway created
seldondeployment.machinelearning.seldon.io/mymodel created
ating         0          42s


PODS UPDATE: test-rolling-update6-istio    mymodel-mymodel-0-complex-model-65685ffcf8-4ql7x          0/1     Terminating         0          69s


PODS UPDATE: test-rolling-update6-istio    mymodel-mymodel-0-complex-model-65685ffcf8-4ql7x          0/1     Terminating         0          69s


PODS UPDATE: test-rolling-update6-istio    mymodel-mymodel-0-complex-model-6f5c4bc95d-qf7ft          0/1     Terminating         0          42s


PODS UPDATE: test-rolling-update6-istio    mymodel-mymodel-0-complex-model-6f5c4bc95d-qf7ft          0/1     Terminating         0          43s


PODS UPDATE: test-rolling-update7-ambas    mymodel-mymodel-svc-orch-5f58978654-h**b5                 0/1     Pending             0          0s


PODS UPDATE: test-rolling-update7-ambas    mymodel-mymodel-0-complex-model-65685ffcf8-qwpsp          0/1     Pending             0          0s


PODS UPDATE: test-rolling-update7-ambas    mymodel-mymodel-svc-orch-5f58978654-h**b5                 0/1     Pending             0          0s


PODS UPDATE: test-rolling-update7-ambas    mymodel-mymodel-0-complex-model-65685ffcf8-qwpsp          0/1     Pending             0          0s


PODS UPDATE: test-rolling-update7-ambas    mymodel-mymodel-svc-orch-5f58978654-h**b5                 0/1     ContainerCreating   0          0s


PODS UPDATE: test-rolling-update7-ambas    mymodel-mymodel-0-complex-model-65685ffcf8-qwpsp          0/1     ContainerCreating   0          0s


PODS UPDATE: test-rolling-update7-ambas    mymodel-mymodel-0-complex-model-65685ffcf8-qwpsp          0/1     Running             0          1s


PODS UPDATE: test-rolling-update7-ambas    mymodel-mymodel-svc-orch-5f58978654-h**b5                 0/1     Running             0          1s


PODS UPDATE: test-rolling-update7-ambas    mymodel-mymodel-0-complex-model-65685ffcf8-qwpsp          1/1     Running             0          24s


PODS UPDATE: test-rolling-update7-ambas    mymodel-mymodel-svc-orch-5f58978654-h**b5                 1/1     Running             0          24s


PODS UPDATE: test-rolling-update7-ambas    mymodel-mymodel-svc-orch-5445bd975c-bskzv                 0/1     Pending             0          0s


PODS UPDATE: test-rolling-update7-ambas    mymodel-mymodel-0-complex-model2-5646546c6b-t7lnc         0/1     Pending             0          0s


PODS UPDATE: test-rolling-update7-ambas    mymodel-mymodel-svc-orch-5445bd975c-bskzv                 0/1     Pending             0          0s


PODS UPDATE: test-rolling-update7-ambas    mymodel-mymodel-0-complex-model2-5646546c6b-t7lnc         0/1     Pending             0          0s


PODS UPDATE: test-rolling-update7-ambas    mymodel-mymodel-svc-orch-5445bd975c-bskzv                 0/1     ContainerCreating   0          0s


PODS UPDATE: test-rolling-update7-ambas    mymodel-mymodel-0-complex-model2-5646546c6b-t7lnc         0/1     ContainerCreating   0          0s


PODS UPDATE: test-rolling-update7-ambas    mymodel-mymodel-svc-orch-5445bd975c-bskzv                 0/1     Running             0          2s


PODS UPDATE: test-rolling-update7-ambas    mymodel-mymodel-0-complex-model2-5646546c6b-t7lnc         0/1     Running             0          2s


PODS UPDATE: test-rolling-update7-ambas    mymodel-mymodel-0-complex-model2-5646546c6b-t7lnc         1/1     Running             0          21s


PODS UPDATE: test-rolling-update7-ambas    mymodel-mymodel-svc-orch-5445bd975c-bskzv                 1/1     Running             0          22s


PODS UPDATE: test-rolling-update7-ambas    mymodel-mymodel-svc-orch-5f58978654-h**b5                 1/1     Terminating         0          49s


PODS UPDATE: test-rolling-update7-ambas    mymodel-mymodel-0-complex-model-65685ffcf8-qwpsp          1/1     Terminating         0          49s


PODS UPDATE: test-rolling-update7-ambas    mymodel-mymodel-0-complex-model2-5646546c6b-t7lnc         1/1     Terminating         0          22s


PODS UPDATE: test-rolling-update7-ambas    mymodel-mymodel-svc-orch-5445bd975c-bskzv                 1/1     Terminating         0         deployment "mymodel-mymodel-0-complex-model" successfully rolled out
deployment "mymodel-mymodel-svc-orch" successfully rolled out
seldondeployment.machinelearning.seldon.io/mymodel configured
seldondeployment.machinelearning.seldon.io "mymodel" deleted
Error from server (NotFound): error when deleting "../resources/graph3svc.json": seldondeployments.machinelearning.seldon.io "mymodel" not found
PASSEDnamespace "test-rolling-update7-istio" deleted
 22s


PODS UPDATE: test-rolling-update7-ambas    mymodel-mymodel-svc-orch-5f58978654-h**b5                 0/1     Terminating         0          50s


PODS UPDATE: test-rolling-update7-ambas    mymodel-mymodel-svc-orch-5445bd975c-bskzv                 0/1     Terminating         0          24s


PODS UPDATE: test-rolling-update7-ambas    mymodel-mymodel-svc-orch-5445bd975c-bskzv                 0/1     Terminating         0          28s


PODS UPDATE: test-rolling-update7-ambas    mymodel-mymodel-svc-orch-5445bd975c-bskzv                 0/1     Terminating         0          28s


PODS UPDATE: test-rolling-update7-ambas    mymodel-mymodel-svc-orch-5f58978654-h**b5                 0/1     Terminating         0          55s


PODS UPDATE: test-rolling-update7-ambas    mymodel-mymodel-svc-orch-5f58978654-h**b5                 0/1     Terminating         0          55s


PODS UPDATE: test-rolling-update7-ambas    mymodel-mymodel-0-complex-model-65685ffcf8-qwpsp          0/1     Terminating         0          70s


PODS UPDATE: test-rolling-update7-ambas    mymodel-mymodel-0-complex-model2-5646546c6b-t7lnc         0/1     Terminating         0          44s


PODS UPDATE: test-rolling-update7-ambas    mymodel-mymodel-0-complex-model-65685ffcf8-qwpsp          0/1     Terminating         0          75s


PODS UPDATE: test-rolling-update7-ambas    mymodel-mymodel-0-complex-model-65685ffcf8-qwpsp          0/1     Terminating         0          75s


PODS UPDATE: test-rolling-update7-ambas    mymodel-mymodel-0-complex-model2-5646546c6b-t7lnc         0/1     Terminating         0          48s


PODS UPDATE: test-rolling-update7-ambas    mymodel-mymodel-0-complex-model2-5646546c6b-t7lnc         0/1     Terminating         0          48s


PODS UPDATE: test-rolling-update7-istio    mymodel-mymodel-svc-orch-76598786b7-9ls4k                 0/1     Pending             0          0s


PODS UPDATE: test-rolling-update7-istio    mymodel-mymodel-0-complex-model-65685ffcf8-lgt2d          0/1     Pending             0          0s


PODS UPDATE: test-rolling-update7-istio    mymodel-mymodel-svc-orch-76598786b7-9ls4k                 0/1     Pending             0          0s


PODS UPDATE: test-rolling-update7-istio    mymodel-mymodel-0-complex-model-65685ffcf8-lgt2d          0/1     Pending             0          0s


PODS UPDATE: test-rolling-update7-istio    mymodel-mymodel-svc-orch-76598786b7-9ls4k                 0/1     ContainerCreating   0          0s


PODS UPDATE: test-rolling-update7-istio    mymodel-mymodel-0-complex-model-65685ffcf8-lgt2d          0/1     ContainerCreating   0          0s


PODS UPDATE: test-rolling-update7-istio    mymodel-mymodel-0-complex-model-65685ffcf8-lgt2d          0/1     Running             0          2s


PODS UPDATE: test-rolling-update7-istio    mymodel-mymodel-svc-orch-76598786b7-9ls4k                 0/1     Running             0          2s


PODS UPDATE: test-rolling-update7-istio    mymodel-mymodel-0-complex-model-65685ffcf8-lgt2d          1/1     Running             0          24s


PODS UPDATE: test-rolling-update7-istio    mymodel-mymodel-svc-orch-76598786b7-9ls4k                 1/1     Running             0          25s


PODS UPDATE: test-rolling-update7-istio    mymodel-mymodel-svc-orch-6d85b6d449-k9925                 0/1     Pending             0          0s


PODS UPDATE: test-rolling-update7-istio    mymodel-mymodel-svc-orch-6d85b6d449-k9925                 0/1     Pending             0          1s


PODS UPDATE: test-rolling-update7-istio    mymodel-mymodel-0-complex-model2-5646546c6b-qc6n7         0/1     Pending             0          0s


PODS UPDATE: test-rolling-update7-istio    mymodel-mymodel-0-complex-model2-5646546c6b-qc6n7         0/1     Pending             0          0s


PODS UPDATE: test-rolling-update7-istio    mymodel-mymodel-svc-orch-6d85b6d449-k9925                 0/1     ContainerCreating   0          1s


PODS UPDATE: test-rolling-update7-istio    mymodel-mymodel-0-complex-model2-5646546c6b-qc6n7         0/1     ContainerCreating   0          0s


PODS UPDATE: te
test_rolling_updates.py::TestRollingHttp::test_rolling_update8[ambas] namespace/test-rolling-update8-ambas created
seldondeployment.machinelearning.seldon.io/mymodel created
deployment "mymodel-mymodel-0-complex-model" successfully rolled out
deployment "mymodel-mymodel-svc-orch" successfully rolled out
seldondeployment.machinelearning.seldon.io/mymodel configured
seldondeployment.machinelearning.seldon.io "mymodel" deleted
Error from server (NotFound): error when deleting "../resources/graph4svc.json": seldondeployments.machinelearning.seldon.io "mymodel" not found
PASSEDnamespace "test-rolling-update8-ambas" deleted
st-rolling-update7-istio    mymodel-mymodel-0-complex-model2-5646546c6b-qc6n7         0/1     Running             0          1s


PODS UPDATE: test-rolling-update7-istio    mymodel-mymodel-svc-orch-6d85b6d449-k9925                 0/1     Running             0          2s


PODS UPDATE: test-rolling-update7-istio    mymodel-mymodel-0-complex-model2-5646546c6b-qc6n7         1/1     Running             0          22s


PODS UPDATE: test-rolling-update7-istio    mymodel-mymodel-svc-orch-6d85b6d449-k9925                 1/1     Running             0          27s


PODS UPDATE: test-rolling-update7-istio    mymodel-mymodel-svc-orch-76598786b7-9ls4k                 1/1     Terminating         0          53s


PODS UPDATE: test-rolling-update7-istio    mymodel-mymodel-0-complex-model-65685ffcf8-lgt2d          1/1     Terminating         0          53s


PODS UPDATE: test-rolling-update7-istio    mymodel-mymodel-svc-orch-6d85b6d449-k9925                 1/1     Terminating         0          27s


PODS UPDATE: test-rolling-update7-istio    mymodel-mymodel-0-complex-model2-5646546c6b-qc6n7         1/1     Terminating         0          26s


PODS UPDATE: test-rolling-update7-istio    mymodel-mymodel-svc-orch-6d85b6d449-k9925                 0/1     Terminating         0          28s


PODS UPDATE: test-rolling-update7-istio    mymodel-mymodel-svc-orch-76598786b7-9ls4k                 0/1     Terminating         0          54s


PODS UPDATE: test-rolling-update7-istio    mymodel-mymodel-svc-orch-6d85b6d449-k9925                 0/1     Terminating         0          29s


PODS UPDATE: test-rolling-update7-istio    mymodel-mymodel-svc-orch-6d85b6d449-k9925                 0/1     Terminating         0          29s


PODS UPDATE: test-rolling-update7-istio    mymodel-mymodel-svc-orch-76598786b7-9ls4k                 0/1     Terminating         0          58s


PODS UPDATE: test-rolling-update7-istio    mymodel-mymodel-svc-orch-76598786b7-9ls4k                 0/1     Terminating         0          58s


PODS UPDATE: test-rolling-update7-istio    mymodel-mymodel-0-complex-model2-5646546c6b-qc6n7         0/1     Terminating         0          47s


PODS UPDATE: test-rolling-update7-istio    mymodel-mymodel-0-complex-model-65685ffcf8-lgt2d          0/1     Terminating         0          74s


PODS UPDATE: test-rolling-update7-istio    mymodel-mymodel-0-complex-model2-5646546c6b-qc6n7         0/1     Terminating         0          48s


PODS UPDATE: test-rolling-update7-istio    mymodel-mymodel-0-complex-model2-5646546c6b-qc6n7         0/1     Terminating         0          48s


PODS UPDATE: test-rolling-update7-istio    mymodel-mymodel-0-complex-model-65685ffcf8-lgt2d          0/1     Terminating         0          78s


PODS UPDATE: test-rolling-update7-istio    mymodel-mymodel-0-complex-model-65685ffcf8-lgt2d          0/1     Terminating         0          78s


PODS UPDATE: test-rolling-update8-ambas    mymodel-mymodel-svc-orch-676865bdbf-t28gj                 0/1     Pending             0          0s


PODS UPDATE: test-rolling-update8-ambas    mymodel-mymodel-0-complex-model-65685ffcf8-crds2          0/1     Pending             0          0s


PODS UPDATE: test-rolling-update8-ambas    mymodel-mymodel-svc-orch-676865bdbf-t28gj                 0/1     Pending             0          0s


PODS UPDATE: test-rolling-update8-ambas    mymodel-mymodel-0-complex-model-65685ffcf8-crds2          0/1     Pending             0          0s


PODS UPDATE: test-rolling-update8-ambas    mymodel-mymodel-svc-orch-676865bdbf-t28gj                 0/1     ContainerCreating   0          0s


PODS UPDATE: test-rolling-update8-ambas    mymodel-mymodel-0-complex-model-65685ffcf8-crds2          0/1     ContainerCreating   0          0s


PODS UPDATE: test-rolling-update8-ambas    mymodel-mymodel-svc-orch-676865bdbf-t28gj                 0/1     Running             0          1s


PODS UPDATE: test-rolling-update8-ambas    mymodel-mymodel-0-complex-model-65685ffcf8-crds2          0/1     Running             0          1s


PODS UPDATE: test-rolling-update8
test_rolling_updates.py::TestRollingHttp::test_rolling_update8[istio] namespace/test-rolling-update8-istio created
gateway.networking.istio.io/seldon-gateway created
seldondeployment.machinelearning.seldon.io/mymodel created
deployment "mymodel-mymodel-0-complex-model" successfully rolled out
deployment "mymodel-mymodel-svc-orch" successfully rolled out
seldondeployment.machinelearning.seldon.io/mymodel configured
-ambas    mymodel-mymodel-0-complex-model-65685ffcf8-crds2          1/1     Running             0          25s


PODS UPDATE: test-rolling-update8-ambas    mymodel-mymodel-svc-orch-676865bdbf-t28gj                 1/1     Running             0          26s


PODS UPDATE: test-rolling-update8-ambas    mymodel-mymodel-svc-orch-5d88bdcc58-pxd5b                 0/1     Pending             0          1s


PODS UPDATE: test-rolling-update8-ambas    mymodel-mymodel-0-complex-model-654cb9c8d4-44qpm          0/1     Pending             0          0s


PODS UPDATE: test-rolling-update8-ambas    mymodel-mymodel-svc-orch-5d88bdcc58-pxd5b                 0/1     Pending             0          1s


PODS UPDATE: test-rolling-update8-ambas    mymodel-mymodel-0-complex-model-654cb9c8d4-44qpm          0/1     Pending             0          0s


PODS UPDATE: test-rolling-update8-ambas    mymodel-mymodel-svc-orch-5d88bdcc58-pxd5b                 0/1     ContainerCreating   0          1s


PODS UPDATE: test-rolling-update8-ambas    mymodel-mymodel-0-complex-model-654cb9c8d4-44qpm          0/1     ContainerCreating   0          0s


PODS UPDATE: test-rolling-update8-ambas    mymodel-mymodel-0-complex-model-654cb9c8d4-44qpm          0/1     Running             0          1s


PODS UPDATE: test-rolling-update8-ambas    mymodel-mymodel-svc-orch-5d88bdcc58-pxd5b                 0/1     Running             0          2s


PODS UPDATE: test-rolling-update8-ambas    mymodel-mymodel-svc-orch-5d88bdcc58-pxd5b                 1/1     Running             0          22s


PODS UPDATE: test-rolling-update8-ambas    mymodel-mymodel-svc-orch-676865bdbf-t28gj                 1/1     Terminating         0          53s


PODS UPDATE: test-rolling-update8-ambas    mymodel-mymodel-0-complex-model-654cb9c8d4-44qpm          1/1     Running             0          22s


PODS UPDATE: test-rolling-update8-ambas    mymodel-mymodel-0-complex-model-65685ffcf8-crds2          1/1     Terminating         0          54s


PODS UPDATE: test-rolling-update8-ambas    mymodel-mymodel-svc-orch-676865bdbf-t28gj                 0/1     Terminating         0          54s


PODS UPDATE: test-rolling-update8-ambas    mymodel-mymodel-svc-orch-676865bdbf-t28gj                 0/1     Terminating         0          59s


PODS UPDATE: test-rolling-update8-ambas    mymodel-mymodel-svc-orch-676865bdbf-t28gj                 0/1     Terminating         0          59s


PODS UPDATE: test-rolling-update8-ambas    mymodel-mymodel-0-complex-model-65685ffcf8-crds2          0/1     Terminating         0          75s


PODS UPDATE: test-rolling-update8-ambas    mymodel-mymodel-0-complex-model-65685ffcf8-crds2          0/1     Terminating         0          79s


PODS UPDATE: test-rolling-update8-ambas    mymodel-mymodel-0-complex-model-65685ffcf8-crds2          0/1     Terminating         0          79s


PODS UPDATE: test-rolling-update8-ambas    mymodel-mymodel-0-complex-model-654cb9c8d4-44qpm          1/1     Terminating         0          50s


PODS UPDATE: test-rolling-update8-ambas    mymodel-mymodel-svc-orch-5d88bdcc58-pxd5b                 1/1     Terminating         0          51s


PODS UPDATE: test-rolling-update8-ambas    mymodel-mymodel-svc-orch-5d88bdcc58-pxd5b                 0/1     Terminating         0          52s


PODS UPDATE: test-rolling-update8-ambas    mymodel-mymodel-svc-orch-5d88bdcc58-pxd5b                 0/1     Terminating         0          58s


PODS UPDATE: test-rolling-update8-ambas    mymodel-mymodel-svc-orch-5d88bdcc58-pxd5b                 0/1     Terminating         0          58s


PODS UPDATE: test-rolling-update8-ambas    mymodel-mymodel-0-complex-model-654cb9c8d4-44qpm          0/1     Terminating         0          71s


PODS UPDATE: test-rolling-update8-ambas    mymodel-mymodel-0-complex-model-654cb9c8d4-44qpm          0/1     Terminating         0          73s


PODS UPDATE: test-rolling-update8-ambas    mymodel-mymodel-0-complex-model-654cb9c8d4-44qpm          0/1     Terminating         0          77s


PODS UPDATE: test-rolling-update8-ambas    mymodeseldondeployment.machinelearning.seldon.io "mymodel" deleted
Error from server (NotFound): error when deleting "../resources/graph4svc.json": seldondeployments.machinelearning.seldon.io "mymodel" not found
PASSEDnamespace "test-rolling-update8-istio" deleted

test_rolling_updates.py::TestRollingHttp::test_rolling_update9[ambas] namespace/test-rolling-update9-ambas created
seldondeployment.machinelearning.seldon.io/mymodel created
deployment "mymodel-mymodel-0-complex-model" successfully rolled out
deployment "mymodel-mymodel-svc-orch" successfully rolled out
seldondeployment.machinelearning.seldon.io/mymodel configured
l-mymodel-0-complex-model-654cb9c8d4-44qpm          0/1     Terminating         0          77s


PODS UPDATE: test-rolling-update8-istio    mymodel-mymodel-svc-orch-6f777cbb56-xznw8                 0/1     Pending             0          0s


PODS UPDATE: test-rolling-update8-istio    mymodel-mymodel-svc-orch-6f777cbb56-xznw8                 0/1     Pending             0          0s


PODS UPDATE: test-rolling-update8-istio    mymodel-mymodel-0-complex-model-65685ffcf8-pz8nk          0/1     Pending             0          0s


PODS UPDATE: test-rolling-update8-istio    mymodel-mymodel-0-complex-model-65685ffcf8-pz8nk          0/1     Pending             0          0s


PODS UPDATE: test-rolling-update8-istio    mymodel-mymodel-svc-orch-6f777cbb56-xznw8                 0/1     ContainerCreating   0          0s


PODS UPDATE: test-rolling-update8-istio    mymodel-mymodel-0-complex-model-65685ffcf8-pz8nk          0/1     ContainerCreating   0          0s


PODS UPDATE: test-rolling-update8-istio    mymodel-mymodel-0-complex-model-65685ffcf8-pz8nk          0/1     Running             0          1s


PODS UPDATE: test-rolling-update8-istio    mymodel-mymodel-svc-orch-6f777cbb56-xznw8                 0/1     Running             0          1s


PODS UPDATE: test-rolling-update8-istio    mymodel-mymodel-0-complex-model-65685ffcf8-pz8nk          1/1     Running             0          25s


PODS UPDATE: test-rolling-update8-istio    mymodel-mymodel-svc-orch-6f777cbb56-xznw8                 1/1     Running             0          27s


PODS UPDATE: test-rolling-update8-istio    mymodel-mymodel-svc-orch-659977cbb7-qxvqv                 0/1     Pending             0          0s


PODS UPDATE: test-rolling-update8-istio    mymodel-mymodel-svc-orch-659977cbb7-qxvqv                 0/1     Pending             0          0s


PODS UPDATE: test-rolling-update8-istio    mymodel-mymodel-0-complex-model-654cb9c8d4-5kscx          0/1     Pending             0          0s


PODS UPDATE: test-rolling-update8-istio    mymodel-mymodel-0-complex-model-654cb9c8d4-5kscx          0/1     Pending             0          0s


PODS UPDATE: test-rolling-update8-istio    mymodel-mymodel-svc-orch-659977cbb7-qxvqv                 0/1     ContainerCreating   0          0s


PODS UPDATE: test-rolling-update8-istio    mymodel-mymodel-0-complex-model-654cb9c8d4-5kscx          0/1     ContainerCreating   0          0s


PODS UPDATE: test-rolling-update8-istio    mymodel-mymodel-0-complex-model-654cb9c8d4-5kscx          0/1     Running             0          1s


PODS UPDATE: test-rolling-update8-istio    mymodel-mymodel-svc-orch-659977cbb7-qxvqv                 0/1     Running             0          1s


PODS UPDATE: test-rolling-update8-istio    mymodel-mymodel-svc-orch-659977cbb7-qxvqv                 1/1     Running             0          24s


PODS UPDATE: test-rolling-update8-istio    mymodel-mymodel-svc-orch-6f777cbb56-xznw8                 1/1     Terminating         0          56s


PODS UPDATE: test-rolling-update8-istio    mymodel-mymodel-0-complex-model-654cb9c8d4-5kscx          1/1     Running             0          24s


PODS UPDATE: test-rolling-update8-istio    mymodel-mymodel-0-complex-model-65685ffcf8-pz8nk          1/1     Terminating         0          56s


PODS UPDATE: test-rolling-update8-istio    mymodel-mymodel-svc-orch-6f777cbb56-xznw8                 0/1     Terminating         0          56s


PODS UPDATE: test-rolling-update8-istio    mymodel-mymodel-svc-orch-6f777cbb56-xznw8                 0/1     Terminating         0          66s


PODS UPDATE: test-rolling-update8-istio    mymodel-mymodel-svc-orch-6f777cbb56-xznw8                 0/1     Terminating         0          66s


PODS UPDATE: test-rolling-update8-istio    mymodel-mymodel-0-complex-model-65685ffcf8-pz8nk          0/1     Terminating         0          78s


PODS UPDATE: test-rolling-update8-istio    mymodel-mymodel-0-complex-model-65685ffcf8-pz8nk          0/1     Terminating         0          79s


PODS UPDATE: test-rolling-update8-istio    mymodel-mymodel-0-complex-modeseldondeployment.machinelearning.seldon.io "mymodel" deleted
Error from server (NotFound): error when deleting "../resources/graph5svc.json": seldondeployments.machinelearning.seldon.io "mymodel" not found
PASSEDnamespace "test-rolling-update9-ambas" deleted

test_rolling_updates.py::TestRollingHttp::test_rolling_update9[istio] namespace/test-rolling-update9-istio created
gateway.networking.istio.io/seldon-gateway created
seldondeployment.machinelearning.seldon.io/mymodel created
l-65685ffcf8-pz8nk          0/1     Terminating         0          79s


PODS UPDATE: test-rolling-update8-istio    mymodel-mymodel-0-complex-model-654cb9c8d4-5kscx          1/1     Terminating         0          51s


PODS UPDATE: test-rolling-update8-istio    mymodel-mymodel-svc-orch-659977cbb7-qxvqv                 1/1     Terminating         0          51s


PODS UPDATE: test-rolling-update8-istio    mymodel-mymodel-svc-orch-659977cbb7-qxvqv                 0/1     Terminating         0          53s


PODS UPDATE: test-rolling-update8-istio    mymodel-mymodel-svc-orch-659977cbb7-qxvqv                 0/1     Terminating         0          64s


PODS UPDATE: test-rolling-update8-istio    mymodel-mymodel-svc-orch-659977cbb7-qxvqv                 0/1     Terminating         0          64s


PODS UPDATE: test-rolling-update8-istio    mymodel-mymodel-0-complex-model-654cb9c8d4-5kscx          0/1     Terminating         0          73s


PODS UPDATE: test-rolling-update8-istio    mymodel-mymodel-0-complex-model-654cb9c8d4-5kscx          0/1     Terminating         0          84s


PODS UPDATE: test-rolling-update8-istio    mymodel-mymodel-0-complex-model-654cb9c8d4-5kscx          0/1     Terminating         0          84s


PODS UPDATE: test-rolling-update9-ambas    mymodel-mymodel-svc-orch-54486b6b6d-mj2gw                 0/1     Pending             0          0s


PODS UPDATE: test-rolling-update9-ambas    mymodel-mymodel-svc-orch-54486b6b6d-mj2gw                 0/1     Pending             0          0s


PODS UPDATE: test-rolling-update9-ambas    mymodel-mymodel-0-complex-model-65685ffcf8-wpls5          0/1     Pending             0          0s


PODS UPDATE: test-rolling-update9-ambas    mymodel-mymodel-0-complex-model-65685ffcf8-wpls5          0/1     Pending             0          0s


PODS UPDATE: test-rolling-update9-ambas    mymodel-mymodel-svc-orch-54486b6b6d-mj2gw                 0/1     ContainerCreating   0          0s


PODS UPDATE: test-rolling-update9-ambas    mymodel-mymodel-0-complex-model-65685ffcf8-wpls5          0/1     ContainerCreating   0          0s


PODS UPDATE: test-rolling-update9-ambas    mymodel-mymodel-svc-orch-54486b6b6d-mj2gw                 0/1     Running             0          2s


PODS UPDATE: test-rolling-update9-ambas    mymodel-mymodel-0-complex-model-65685ffcf8-wpls5          0/1     Running             0          2s


PODS UPDATE: test-rolling-update9-ambas    mymodel-mymodel-0-complex-model-65685ffcf8-wpls5          1/1     Running             0          22s


PODS UPDATE: test-rolling-update9-ambas    mymodel-mymodel-svc-orch-54486b6b6d-mj2gw                 1/1     Running             0          23s


PODS UPDATE: test-rolling-update9-ambas    mymodel-mymodel-svc-orch-c88575796-2z78q                  0/1     Pending             0          0s


PODS UPDATE: test-rolling-update9-ambas    mymodel-mymodel-svc-orch-c88575796-2z78q                  0/1     Pending             0          0s


PODS UPDATE: test-rolling-update9-ambas    mymodel-mymodel-0-model1-7b87bc6cdd-zgfbr                 0/1     Pending             0          0s


PODS UPDATE: test-rolling-update9-ambas    mymodel-mymodel-svc-orch-c88575796-2z78q                  0/1     ContainerCreating   0          0s


PODS UPDATE: test-rolling-update9-ambas    mymodel-mymodel-0-model1-7b87bc6cdd-zgfbr                 0/1     Pending             0          0s


PODS UPDATE: test-rolling-update9-ambas    mymodel-mymodel-1-model2-6589bc7f-92jc2                   0/1     Pending             0          0s


PODS UPDATE: test-rolling-update9-ambas    mymodel-mymodel-1-model2-6589bc7f-92jc2                   0/1     Pending             0          0s


PODS UPDATE: test-rolling-update9-ambas    mymodel-mymodel-0-model1-7b87bc6cdd-zgfbr                 0/1     ContainerCreating   0          0s


PODS UPDATE: test-rolling-update9-ambas    mymodel-mymodel-1-model2-6589bc7f-92jc2                   0/1     ContainerCreating   0          0s


PODS UPDATE: test-rolling-update9-ambas    mymodel-mymodel-1-model2-6589bc7f-92jc2                   0/1     Running             0          2s


PODS UPDATE: test-rolling-update9-ambas    mymodel-mymodel-0-model1-7b87bc6cdd-zgfbr                 0/1     Running             0          2s


PODS UPDATE: test-rolling-update9-ambas    mymodel-mymodel-svc-orch-c88575796-2z78q                  0/1     Running             0          2s


PODS UPDATE: test-rolling-update9-ambas    mymodel-mymodel-1-model2-6589bc7f-92jc2                   1/1     Running             0          21s


PODS UPDATE: test-rolling-update9-ambas    mymodel-mymodel-0-model1-7b87bc6cdd-zgfbr                 1/1     Running             0          22s


PODS UPDATE: test-rolling-update9-ambas    mymodel-mymodel-svc-orch-c88575796-2z78q                  1/1     Running             0          22s


PODS UPDATE: test-rolling-update9-ambas    mymodel-mymodel-svc-orch-54486b6b6d-mj2gw                 1/1     Terminating         0          49s


PODS UPDATE: test-rolling-update9-ambas    mymodel-mymodel-svc-orch-54486b6b6d-mj2gw                 0/1     Terminating         0          50s


PODS UPDATE: test-rolling-update9-ambas    mymodel-mymodel-0-complex-model-65685ffcf8-wpls5          1/1     Terminating         0          50s


PODS UPDATE: test-rolling-update9-ambas    mymodel-mymodel-svc-orch-54486b6b6d-mj2gw                 0/1     Terminating         0          51s


PODS UPDATE: test-rolling-update9-ambas    mymodel-mymodel-svc-orch-54486b6b6d-mj2gw                 0/1     Terminating         0          51s


PODS UPDATE: test-rolling-update9-ambas    mymodel-mymodel-0-complex-model-65685ffcf8-wpls5          0/1     Terminating         0          71s


PODS UPDATE: test-rolling-update9-ambas    mymodel-mymodel-0-complex-model-65685ffcf8-wpls5          0/1     Terminating         0          72s


PODS UPDATE: test-rolling-update9-ambas    mymodel-mymodel-0-complex-model-65685ffcf8-wpls5          0/1     Terminating         0          78s


PODS UPDATE: test-rolling-update9-ambas    mymodel-mymodel-0-complex-model-65685ffcf8-wpls5          0/1     Terminating         0          78s


PODS UPDATE: test-rolling-update9-ambas    mymodel-mymodel-1-model2-6589bc7f-92jc2                   1/1     Terminating         0          52s


PODS UPDATE: test-rolling-update9-ambas    mymodel-mymodel-svc-orch-c88575796-2z78q                  1/1     Terminating         0          52s


PODS UPDATE: test-rolling-update9-ambas    mymodel-mymodel-0-model1-7b87bc6cdd-zgfbr                 1/1     Terminating         0          52s


PODS UPDATE: test-rolling-update9-ambas    mymodel-mymodel-svc-orch-c88575796-2z78q                  0/1     Terminating         0          53s


PODS UPDATE: test-rolling-update9-ambas    mymodel-mymodel-svc-orch-c88575796-2z78q                  0/1     Terminating         0          54s


PODS UPDATE: test-rolling-update9-ambas    mymodel-mymodel-svc-orch-c88575796-2z78q                  0/1     Terminating         0          54s


PODS UPDATE: test-rolling-update9-ambas    mymodel-mymodel-0-model1-7b87bc6cdd-zgfbr                 0/1     Terminating         0          73s


PODS UPDATE: test-rolling-update9-ambas    mymodel-mymodel-1-model2-6589bc7f-92jc2                   0/1     Terminating         0          73s


PODS UPDATE: test-rolling-update9-ambas    mymodel-mymodel-0-model1-7b87bc6cdd-zgfbr                 0/1     Terminating         0          74s


PODS UPDATE: test-rolling-update9-ambas    mymodel-mymodel-0-model1-7b87bc6cdd-zgfbr                 0/1     Terminating         0          74s


PODS UPDATE: test-rolling-update9-ambas    mymodel-mymodel-1-model2-6589bc7f-92jc2                   0/1     Terminating         0          74s


PODS UPDATE: test-rolling-update9-ambas    mymodel-mymodel-1-model2-6589bc7f-92jc2                   0/1     Terminating         0          74s


PODS UPDATE: test-rolling-update9-istio    mymodel-mymodel-svc-orch-655c9d8cc-g54w9                  0/1     Pending             0          0s


PODS UPDATE: test-rolling-update9-istio    mymodel-mymodel-svc-orch-655c9d8cc-g54w9                  0/1     Pdeployment "mymodel-mymodel-0-complex-model" successfully rolled out
deployment "mymodel-mymodel-svc-orch" successfully rolled out
seldondeployment.machinelearning.seldon.io/mymodel configured
seldondeployment.machinelearning.seldon.io "mymodel" deleted
Error from server (NotFound): error when deleting "../resources/graph5svc.json": seldondeployments.machinelearning.seldon.io "mymodel" not found
PASSEDending             0          0s


PODS UPDATE: test-rolling-update9-istio    mymodel-mymodel-0-complex-model-65685ffcf8-gb8v4          0/1     Pending             0          0s


PODS UPDATE: test-rolling-update9-istio    mymodel-mymodel-0-complex-model-65685ffcf8-gb8v4          0/1     Pending             0          0s


PODS UPDATE: test-rolling-update9-istio    mymodel-mymodel-svc-orch-655c9d8cc-g54w9                  0/1     ContainerCreating   0          0s


PODS UPDATE: test-rolling-update9-istio    mymodel-mymodel-0-complex-model-65685ffcf8-gb8v4          0/1     ContainerCreating   0          0s


PODS UPDATE: test-rolling-update9-istio    mymodel-mymodel-svc-orch-655c9d8cc-g54w9                  0/1     Running             0          1s


PODS UPDATE: test-rolling-update9-istio    mymodel-mymodel-0-complex-model-65685ffcf8-gb8v4          0/1     Running             0          1s


PODS UPDATE: test-rolling-update9-istio    mymodel-mymodel-0-complex-model-65685ffcf8-gb8v4          1/1     Running             0          21s


PODS UPDATE: test-rolling-update9-istio    mymodel-mymodel-svc-orch-655c9d8cc-g54w9                  1/1     Running             0          23s


PODS UPDATE: test-rolling-update9-istio    mymodel-mymodel-svc-orch-744489fd6d-xqdtc                 0/1     Pending             0          0s


PODS UPDATE: test-rolling-update9-istio    mymodel-mymodel-0-model1-7b87bc6cdd-vf9kh                 0/1     Pending             0          0s


PODS UPDATE: test-rolling-update9-istio    mymodel-mymodel-svc-orch-744489fd6d-xqdtc                 0/1     Pending             0          0s


PODS UPDATE: test-rolling-update9-istio    mymodel-mymodel-0-model1-7b87bc6cdd-vf9kh                 0/1     Pending             0          0s


PODS UPDATE: test-rolling-update9-istio    mymodel-mymodel-1-model2-6589bc7f-9**4r                   0/1     Pending             0          0s


PODS UPDATE: test-rolling-update9-istio    mymodel-mymodel-1-model2-6589bc7f-9**4r                   0/1     Pending             0          0s


PODS UPDATE: test-rolling-update9-istio    mymodel-mymodel-svc-orch-744489fd6d-xqdtc                 0/1     ContainerCreating   0          0s


PODS UPDATE: test-rolling-update9-istio    mymodel-mymodel-0-model1-7b87bc6cdd-vf9kh                 0/1     ContainerCreating   0          1s


PODS UPDATE: test-rolling-update9-istio    mymodel-mymodel-1-model2-6589bc7f-9**4r                   0/1     ContainerCreating   0          1s


PODS UPDATE: test-rolling-update9-istio    mymodel-mymodel-0-model1-7b87bc6cdd-vf9kh                 0/1     Running             0          2s


PODS UPDATE: test-rolling-update9-istio    mymodel-mymodel-svc-orch-744489fd6d-xqdtc                 0/1     Running             0          2s


PODS UPDATE: test-rolling-update9-istio    mymodel-mymodel-1-model2-6589bc7f-9**4r                   0/1     Running             0          2s


PODS UPDATE: test-rolling-update9-istio    mymodel-mymodel-0-model1-7b87bc6cdd-vf9kh                 1/1     Running             0          23s


PODS UPDATE: test-rolling-update9-istio    mymodel-mymodel-1-model2-6589bc7f-9**4r                   1/1     Running             0          26s


PODS UPDATE: test-rolling-update9-istio    mymodel-mymodel-svc-orch-744489fd6d-xqdtc                 1/1     Running             0          28s


PODS UPDATE: test-rolling-update9-istio    mymodel-mymodel-svc-orch-655c9d8cc-g54w9                  1/1     Terminating         0          54s


PODS UPDATE: test-rolling-update9-istio    mymodel-mymodel-0-complex-model-65685ffcf8-gb8v4          1/1     Terminating         0          54s


PODS UPDATE: test-rolling-update9-istio    mymodel-mymodel-svc-orch-655c9d8cc-g54w9                  0/1     Terminating         0          55s


PODS UPDATE: test-rolling-update9-istio    mymodel-mymodel-svc-orch-655c9d8cc-g54w9                  0/1     Terminating         0          56s


PODS UPDATE: test-rolling-update9-istio    mymodel-mymodel-svc-orch-655c9d8cc-g54w9                  0/1     Terminating         0       namespace "test-rolling-update9-istio" deleted

test_rolling_updates.py::TestRollingHttp::test_rolling_update10[ambas] namespace/test-rolling-update10-ambas created
seldondeployment.machinelearning.seldon.io/mymodel created
deployment "mymodel-mymodel-0-complex-model" successfully rolled out
deployment "mymodel-mymodel-svc-orch" successfully rolled out
seldondeployment.machinelearning.seldon.io/mymodel configured
   56s


PODS UPDATE: test-rolling-update9-istio    mymodel-mymodel-svc-orch-655c9d8cc-g54w9                  0/1     Terminating         0          56s


PODS UPDATE: test-rolling-update9-istio    mymodel-mymodel-0-complex-model-65685ffcf8-gb8v4          0/1     Terminating         0          75s


PODS UPDATE: test-rolling-update9-istio    mymodel-mymodel-0-complex-model-65685ffcf8-gb8v4          0/1     Terminating         0          76s


PODS UPDATE: test-rolling-update9-istio    mymodel-mymodel-0-complex-model-65685ffcf8-gb8v4          0/1     Terminating         0          76s


PODS UPDATE: test-rolling-update9-istio    mymodel-mymodel-0-complex-model-65685ffcf8-gb8v4          0/1     Terminating         0          76s


PODS UPDATE: test-rolling-update9-istio    mymodel-mymodel-1-model2-6589bc7f-9**4r                   1/1     Terminating         0          51s


PODS UPDATE: test-rolling-update9-istio    mymodel-mymodel-0-model1-7b87bc6cdd-vf9kh                 1/1     Terminating         0          52s


PODS UPDATE: test-rolling-update9-istio    mymodel-mymodel-svc-orch-744489fd6d-xqdtc                 1/1     Terminating         0          52s


PODS UPDATE: test-rolling-update9-istio    mymodel-mymodel-svc-orch-744489fd6d-xqdtc                 0/1     Terminating         0          52s


PODS UPDATE: test-rolling-update9-istio    mymodel-mymodel-svc-orch-744489fd6d-xqdtc                 0/1     Terminating         0          53s


PODS UPDATE: test-rolling-update9-istio    mymodel-mymodel-svc-orch-744489fd6d-xqdtc                 0/1     Terminating         0          60s


PODS UPDATE: test-rolling-update9-istio    mymodel-mymodel-svc-orch-744489fd6d-xqdtc                 0/1     Terminating         0          60s


PODS UPDATE: test-rolling-update9-istio    mymodel-mymodel-1-model2-6589bc7f-9**4r                   0/1     Terminating         0          72s


PODS UPDATE: test-rolling-update9-istio    mymodel-mymodel-0-model1-7b87bc6cdd-vf9kh                 0/1     Terminating         0          72s


PODS UPDATE: test-rolling-update9-istio    mymodel-mymodel-0-model1-7b87bc6cdd-vf9kh                 0/1     Terminating         0          80s


PODS UPDATE: test-rolling-update9-istio    mymodel-mymodel-0-model1-7b87bc6cdd-vf9kh                 0/1     Terminating         0          80s


PODS UPDATE: test-rolling-update9-istio    mymodel-mymodel-1-model2-6589bc7f-9**4r                   0/1     Terminating         0          80s


PODS UPDATE: test-rolling-update9-istio    mymodel-mymodel-1-model2-6589bc7f-9**4r                   0/1     Terminating         0          80s


PODS UPDATE: test-rolling-update10-ambas   mymodel-mymodel-svc-orch-79bfb8ddf9-zmqd5                 0/1     Pending             0          0s


PODS UPDATE: test-rolling-update10-ambas   mymodel-mymodel-svc-orch-79bfb8ddf9-zmqd5                 0/1     Pending             0          0s


PODS UPDATE: test-rolling-update10-ambas   mymodel-mymodel-0-complex-model-65685ffcf8-m2pg9          0/1     Pending             0          0s


PODS UPDATE: test-rolling-update10-ambas   mymodel-mymodel-svc-orch-79bfb8ddf9-zmqd5                 0/1     ContainerCreating   0          0s


PODS UPDATE: test-rolling-update10-ambas   mymodel-mymodel-0-complex-model-65685ffcf8-m2pg9          0/1     Pending             0          0s


PODS UPDATE: test-rolling-update10-ambas   mymodel-mymodel-0-complex-model-65685ffcf8-m2pg9          0/1     ContainerCreating   0          0s


PODS UPDATE: test-rolling-update10-ambas   mymodel-mymodel-svc-orch-79bfb8ddf9-zmqd5                 0/1     Running             0          1s


PODS UPDATE: test-rolling-update10-ambas   mymodel-mymodel-0-complex-model-65685ffcf8-m2pg9          0/1     Running             0          1s


PODS UPDATE: test-rolling-update10-ambas   mymodel-mymodel-0-complex-model-65685ffcf8-m2pg9          1/1     Running             0          21s


PODS UPDATE: test-rolling-update10-ambas   mymodel-mymodel-svc-orch-79bfb8ddf9-zmqd5                 1/1     Running             0          24s


PODS UPseldondeployment.machinelearning.seldon.io "mymodel" deleted
Error from server (NotFound): error when deleting "../resources/graph6svc.json": seldondeployments.machinelearning.seldon.io "mymodel" not found
PASSEDnamespace "test-rolling-update10-ambas" deleted

test_rolling_updates.py::TestRollingHttp::test_rolling_update10[istio] namespace/test-rolling-update10-istio created
gateway.networking.istio.io/seldon-gateway created
seldondeployment.machinelearning.seldon.io/mymodel created
deployment "mymodel-mymodel-0-complex-model" successfully rolled out
deployment "mymodel-mymodel-svc-orch" successfully rolled out
seldondeployment.machinelearning.seldon.io/mymodel configured
DATE: test-rolling-update10-ambas   mymodel-mymodel-canary-svc-orch-96967949-775sc            0/1     Pending             0          0s


PODS UPDATE: test-rolling-update10-ambas   mymodel-mymodel-canary-0-complex-model-cd5fb8c47-t7v65    0/1     Pending             0          0s


PODS UPDATE: test-rolling-update10-ambas   mymodel-mymodel-canary-svc-orch-96967949-775sc            0/1     Pending             0          0s


PODS UPDATE: test-rolling-update10-ambas   mymodel-mymodel-canary-0-complex-model-cd5fb8c47-t7v65    0/1     Pending             0          0s


PODS UPDATE: test-rolling-update10-ambas   mymodel-mymodel-canary-svc-orch-96967949-775sc            0/1     ContainerCreating   0          0s


PODS UPDATE: test-rolling-update10-ambas   mymodel-mymodel-canary-0-complex-model-cd5fb8c47-t7v65    0/1     ContainerCreating   0          0s


PODS UPDATE: test-rolling-update10-ambas   mymodel-mymodel-canary-0-complex-model-cd5fb8c47-t7v65    0/1     Running             0          1s


PODS UPDATE: test-rolling-update10-ambas   mymodel-mymodel-canary-svc-orch-96967949-775sc            0/1     Running             0          1s


PODS UPDATE: test-rolling-update10-ambas   mymodel-mymodel-canary-0-complex-model-cd5fb8c47-t7v65    1/1     Running             0          21s


PODS UPDATE: test-rolling-update10-ambas   mymodel-mymodel-canary-svc-orch-96967949-775sc            1/1     Running             0          25s


PODS UPDATE: test-rolling-update10-ambas   mymodel-mymodel-canary-0-complex-model-cd5fb8c47-t7v65    1/1     Terminating         0          28s


PODS UPDATE: test-rolling-update10-ambas   mymodel-mymodel-0-complex-model-65685ffcf8-m2pg9          1/1     Terminating         0          54s


PODS UPDATE: test-rolling-update10-ambas   mymodel-mymodel-svc-orch-79bfb8ddf9-zmqd5                 1/1     Terminating         0          54s


PODS UPDATE: test-rolling-update10-ambas   mymodel-mymodel-canary-svc-orch-96967949-775sc            1/1     Terminating         0          28s


PODS UPDATE: test-rolling-update10-ambas   mymodel-mymodel-canary-svc-orch-96967949-775sc            0/1     Terminating         0          29s


PODS UPDATE: test-rolling-update10-ambas   mymodel-mymodel-canary-svc-orch-96967949-775sc            0/1     Terminating         0          32s


PODS UPDATE: test-rolling-update10-ambas   mymodel-mymodel-canary-svc-orch-96967949-775sc            0/1     Terminating         0          32s


PODS UPDATE: test-rolling-update10-ambas   mymodel-mymodel-svc-orch-79bfb8ddf9-zmqd5                 0/1     Terminating         0          70s


PODS UPDATE: test-rolling-update10-ambas   mymodel-mymodel-svc-orch-79bfb8ddf9-zmqd5                 0/1     Terminating         0          71s


PODS UPDATE: test-rolling-update10-ambas   mymodel-mymodel-svc-orch-79bfb8ddf9-zmqd5                 0/1     Terminating         0          71s


PODS UPDATE: test-rolling-update10-ambas   mymodel-mymodel-0-complex-model-65685ffcf8-m2pg9          0/1     Terminating         0          75s


PODS UPDATE: test-rolling-update10-ambas   mymodel-mymodel-canary-0-complex-model-cd5fb8c47-t7v65    0/1     Terminating         0          49s


PODS UPDATE: test-rolling-update10-ambas   mymodel-mymodel-canary-0-complex-model-cd5fb8c47-t7v65    0/1     Terminating         0          49s


PODS UPDATE: test-rolling-update10-ambas   mymodel-mymodel-0-complex-model-65685ffcf8-m2pg9          0/1     Terminating         0          78s


PODS UPDATE: test-rolling-update10-ambas   mymodel-mymodel-0-complex-model-65685ffcf8-m2pg9          0/1     Terminating         0          78s


PODS UPDATE: test-rolling-update10-ambas   mymodel-mymodel-canary-0-complex-model-cd5fb8c47-t7v65    0/1     Terminating         0          52s


PODS UPDATE: test-rolling-update10-ambas   mymodel-mymodel-canary-0-complex-model-cd5fb8c47-t7v65    0/1     Terminating         0          52s


PODS UPDATE: test-rolling-update10-istio   mymodel-mymodel-svc-orch-789cb7d766-5df8v                 0/1     Pending             0          0s


PODS UPDATE: test-rollinseldondeployment.machinelearning.seldon.io "mymodel" deleted
Error from server (NotFound): error when deleting "../resources/graph6svc.json": seldondeployments.machinelearning.seldon.io "mymodel" not found
PASSEDnamespace "test-rolling-update10-istio" deleted

test_s2i_python.py::TestPythonS2i::test_build_router_rest ---> Installing application source...
Build completed successfully
c1a5485bab944bfd02b639775b3e1804d455da5557a11a51910d7a7601a690e1
router-rest
PASSED
test_s2i_python.py::TestPythonS2i::test_build_router_grpc ---> Installing application source...
Build completed successfully
43d83a2fb658aff753969d2ab9126f5f2a8842918f94762cdd6b21b826ed3121
router-grpc
PASSED
test_s2i_python.py::TestPythonS2i::test_build_model_rest ---> Installing application source...
Build completed successfully
b85719a444f74c46f283e69324950f4af992742152859112254c04b7bfd4c853
model-rest
PASSED
test_s2i_python.py::TestPythonS2i::test_build_model_grpc ---> Installing application source...
Build completed successfully
3a407a8f58cd469c705b63b51c9c105688e771f3e113dff7b2c9d500a85111ed
model-grpc
PASSED
test_s2i_python.py::TestPythonS2i::test_build_transformer_rest ---> Installing application source...
Build completed successfully
91d42b2855216ad36bc0181e322a89f9a6c59eccc209ec995b1e326f928d27c4
transformer-rest
PASSED
test_s2i_python.py::TestPythonS2i::test_build_transformer_grpc ---> Installing application source...
Build completed successfully
936d345450aba2d69e006a35eadd979621ff387df1fe2278af832a95142e5819
transformer-grpc
PASSED
test_s2i_python.py::TestPythonS2i::test_build_combiner_rest ---> Installing application source...
Build completed successfully
4a395acdbd1efd9ede03d4222ba06695d93a468d1e74dbcd9cb47c59fe6f087c
combiner-rest
PASSED
test_s2i_python.py::TestPythonS2i::test_build_combiner_grpc ---> Installing application source...
Build completed successfully
cf07bc8095abb32ba839a9586f9bc1ba85c95d4b9fcc90ab868a906b1b5ac018
combiner-grpc
PASSED
test_s2i_python.py::TestPythonS2iK8s::test_model_rest namespace/test-model-rest created
---> Installing application source...
Build completed successfully
Image: "seldonio/testmodel_rest:0.1" with ID "sha256:57f22c495c84dbc830ed00662919f9f8c7afff89882fdc526627f95cc67bb855" not present on node "kind-control-plane"
Image: "seldonio/testmodel_rest:0.1" with ID "sha256:57f22c495c84dbc830ed00662919f9f8c7afff89882fdc526627f95cc67bb855" not present on node "kind-worker"
seldondeployment.machinelearning.seldon.io/mymodel created
g-update10-istio   mymodel-mymodel-0-complex-model-65685ffcf8-w6h8k          0/1     Pending             0          0s


PODS UPDATE: test-rolling-update10-istio   mymodel-mymodel-svc-orch-789cb7d766-5df8v                 0/1     Pending             0          0s


PODS UPDATE: test-rolling-update10-istio   mymodel-mymodel-0-complex-model-65685ffcf8-w6h8k          0/1     Pending             0          0s


PODS UPDATE: test-rolling-update10-istio   mymodel-mymodel-svc-orch-789cb7d766-5df8v                 0/1     ContainerCreating   0          0s


PODS UPDATE: test-rolling-update10-istio   mymodel-mymodel-0-complex-model-65685ffcf8-w6h8k          0/1     ContainerCreating   0          0s


PODS UPDATE: test-rolling-update10-istio   mymodel-mymodel-0-complex-model-65685ffcf8-w6h8k          0/1     Running             0          2s


PODS UPDATE: test-rolling-update10-istio   mymodel-mymodel-svc-orch-789cb7d766-5df8v                 0/1     Running             0          2s


PODS UPDATE: test-rolling-update10-istio   mymodel-mymodel-0-complex-model-65685ffcf8-w6h8k          1/1     Running             0          24s


PODS UPDATE: test-rolling-update10-istio   mymodel-mymodel-svc-orch-789cb7d766-5df8v                 1/1     Running             0          25s


PODS UPDATE: test-rolling-update10-istio   mymodel-mymodel-canary-svc-orch-7d47d8684-qxtcb           0/1     Pending             0          0s


PODS UPDATE: test-rolling-update10-istio   mymodel-mymodel-canary-svc-orch-7d47d8684-qxtcb           0/1     Pending             0          0s


PODS UPDATE: test-rolling-update10-istio   mymodel-mymodel-canary-svc-orch-7d47d8684-qxtcb           0/1     ContainerCreating   0          0s


PODS UPDATE: test-rolling-update10-istio   mymodel-mymodel-canary-0-complex-model-cd5fb8c47-pc6fb    0/1     Pending             0          0s


PODS UPDATE: test-rolling-update10-istio   mymodel-mymodel-canary-0-complex-model-cd5fb8c47-pc6fb    0/1     Pending             0          0s


PODS UPDATE: test-rolling-update10-istio   mymodel-mymodel-canary-0-complex-model-cd5fb8c47-pc6fb    0/1     ContainerCreating   0          0s


PODS UPDATE: test-rolling-update10-istio   mymodel-mymodel-canary-svc-orch-7d47d8684-qxtcb           0/1     Running             0          1s


PODS UPDATE: test-rolling-update10-istio   mymodel-mymodel-canary-0-complex-model-cd5fb8c47-pc6fb    0/1     Running             0          2s


PODS UPDATE: test-rolling-update10-istio   mymodel-mymodel-canary-0-complex-model-cd5fb8c47-pc6fb    1/1     Running             0          22s


PODS UPDATE: test-rolling-update10-istio   mymodel-mymodel-canary-svc-orch-7d47d8684-qxtcb           1/1     Running             0          25s


PODS UPDATE: test-rolling-update10-istio   mymodel-mymodel-svc-orch-789cb7d766-5df8v                 1/1     Terminating         0          54s


PODS UPDATE: test-rolling-update10-istio   mymodel-mymodel-canary-0-complex-model-cd5fb8c47-pc6fb    1/1     Terminating         0          27s


PODS UPDATE: test-rolling-update10-istio   mymodel-mymodel-canary-svc-orch-7d47d8684-qxtcb           1/1     Terminating         0          27s


PODS UPDATE: test-rolling-update10-istio   mymodel-mymodel-0-complex-model-65685ffcf8-w6h8k          1/1     Terminating         0          54s


PODS UPDATE: test-rolling-update10-istio   mymodel-mymodel-canary-svc-orch-7d47d8684-qxtcb           0/1     Terminating         0          28s


PODS UPDATE: test-rolling-update10-istio   mymodel-mymodel-svc-orch-789cb7d766-5df8v                 0/1     Terminating         0          55s


PODS UPDATE: test-rolling-update10-istio   mymodel-mymodel-canary-svc-orch-7d47d8684-qxtcb           0/1     Terminating         0          29s


PODS UPDATE: test-rolling-update10-istio   mymodel-mymodel-svc-orch-789cb7d766-5df8v                 0/1     Terminating         0          58s


PODS UPDATE: test-rolling-update10-istio   mymodel-mymodel-svc-orch-789cb7d766-5df8v                 0/1     Terminating         0          58s


PODS UPDATE: test-rolling-update10-istio   mymodeployment "mymodel-mymodel-0-model" successfully rolled out
seldondeployment.machinelearning.seldon.io "mymodel" deleted
PASSEDnamespace "test-model-rest" deleted

test_s2i_python.py::TestPythonS2iK8s::test_model_rest_non200 namespace/test-model-rest-non200 created
---> Installing application source...
Build completed successfully
Image: "seldonio/testmodel_rest_non200:0.1" with ID "sha256:79a1066d4f004be86d4de5199b9408603cb228ed6815ab75cc75fc86b923e5b7" not present on node "kind-control-plane"
Image: "seldonio/testmodel_rest_non200:0.1" with ID "sha256:79a1066d4f004be86d4de5199b9408603cb228ed6815ab75cc75fc86b923e5b7" not present on node "kind-worker"
seldondeployment.machinelearning.seldon.io/mymodel created
deployment "mymodel-mymodel-0-model" successfully rolled out
seldondeployment.machinelearning.seldon.io "mymodel" deleted
PASSEDnamespace "test-model-rest-non200" deleted
del-mymodel-canary-svc-orch-7d47d8684-qxtcb           0/1     Terminating         0          31s


PODS UPDATE: test-rolling-update10-istio   mymodel-mymodel-canary-svc-orch-7d47d8684-qxtcb           0/1     Terminating         0          31s


PODS UPDATE: test-rolling-update10-istio   mymodel-mymodel-0-complex-model-65685ffcf8-w6h8k          0/1     Terminating         0          75s


PODS UPDATE: test-rolling-update10-istio   mymodel-mymodel-canary-0-complex-model-cd5fb8c47-pc6fb    0/1     Terminating         0          48s


PODS UPDATE: test-rolling-update10-istio   mymodel-mymodel-canary-0-complex-model-cd5fb8c47-pc6fb    0/1     Terminating         0          48s


PODS UPDATE: test-rolling-update10-istio   mymodel-mymodel-0-complex-model-65685ffcf8-w6h8k          0/1     Terminating         0          78s


PODS UPDATE: test-rolling-update10-istio   mymodel-mymodel-0-complex-model-65685ffcf8-w6h8k          0/1     Terminating         0          78s


PODS UPDATE: test-rolling-update10-istio   mymodel-mymodel-canary-0-complex-model-cd5fb8c47-pc6fb    0/1     Terminating         0          51s


PODS UPDATE: test-rolling-update10-istio   mymodel-mymodel-canary-0-complex-model-cd5fb8c47-pc6fb    0/1     Terminating         0          51s


PODS UPDATE: test-model-rest               mymodel-mymodel-0-model-6b449b58c9-5jznh                  0/2     Pending             0          0s


PODS UPDATE: test-model-rest               mymodel-mymodel-0-model-6b449b58c9-5jznh                  0/2     Pending             0          0s


PODS UPDATE: test-model-rest               mymodel-mymodel-0-model-6b449b58c9-5jznh                  0/2     ContainerCreating   0          0s


PODS UPDATE: test-model-rest               mymodel-mymodel-0-model-6b449b58c9-5jznh                  0/2     Running             0          11s


PODS UPDATE: test-model-rest               mymodel-mymodel-0-model-6b449b58c9-5jznh                  1/2     Running             0          34s


PODS UPDATE: test-model-rest               mymodel-mymodel-0-model-6b449b58c9-5jznh                  2/2     Running             0          35s


PODS UPDATE: test-model-rest               mymodel-mymodel-0-model-6b449b58c9-5jznh                  2/2     Terminating         0          36s


PODS UPDATE: test-model-rest               mymodel-mymodel-0-model-6b449b58c9-5jznh                  1/2     Terminating         0          50s


PODS UPDATE: test-model-rest               mymodel-mymodel-0-model-6b449b58c9-5jznh                  0/2     Terminating         0          57s


PODS UPDATE: test-model-rest               mymodel-mymodel-0-model-6b449b58c9-5jznh                  0/2     Terminating         0          58s


PODS UPDATE: test-model-rest               mymodel-mymodel-0-model-6b449b58c9-5jznh                  0/2     Terminating         0          58s


PODS UPDATE: test-model-rest-non200        mymodel-mymodel-0-model-5786b8d79c-qrs2l                  0/2     Pending             0          0s


PODS UPDATE: test-model-rest-non200        mymodel-mymodel-0-model-5786b8d79c-qrs2l                  0/2     Pending             0          0s


PODS UPDATE: test-model-rest-non200        mymodel-mymodel-0-model-5786b8d79c-qrs2l                  0/2     ContainerCreating   0          0s


PODS UPDATE: test-model-rest-non200        mymodel-mymodel-0-model-5786b8d79c-qrs2l                  0/2     Running             0          2s


PODS UPDATE: test-model-rest-non200        mymodel-mymodel-0-model-5786b8d79c-qrs2l                  1/2     Running             0          24s


PODS UPDATE: test-model-rest-non200        mymodel-mymodel-0-model-5786b8d79c-qrs2l                  2/2     Running             0          24s


PODS UPDATE: test-model-rest-non200        mymodel-mymodel-0-model-5786b8d79c-qrs2l                  2/2     Terminating         0          42s


test_s2i_python.py::TestPythonS2iK8s::test_input_transformer_rest namespace/test-input-transformer-rest created
---> Installing application source...
Build completed successfully
Image: "seldonio/testtransformer_rest:0.1" with ID "sha256:dc43db7f1893d5538d681d9712ac8287118ef143df2629e19c5619ab69912889" not present on node "kind-control-plane"
Image: "seldonio/testtransformer_rest:0.1" with ID "sha256:dc43db7f1893d5538d681d9712ac8287118ef143df2629e19c5619ab69912889" not present on node "kind-worker"
seldondeployment.machinelearning.seldon.io/mytrans created
deployment "mytrans-mytrans-0-trans" successfully rolled out
seldondeployment.machinelearning.seldon.io "mytrans" deleted
PASSEDnamespace "test-input-transformer-rest" deleted

test_s2i_python.py::TestPythonS2iK8s::test_output_transformer_rest namespace/test-output-transformer-rest created
---> Installing application source...
Build completed successfully
Image: "seldonio/testtransformer_rest:0.1" with ID "sha256:8c0b00ab59b12dc0eadeee95ea6c68b7d0ee26fac36f893aaa76b5d45f0d58da" not present on node "kind-control-plane"
Image: "seldonio/testtransformer_rest:0.1" with ID "sha256:8c0b00ab59b12dc0eadeee95ea6c68b7d0ee26fac36f893aaa76b5d45f0d58da" not present on node "kind-worker"
seldondeployment.machinelearning.seldon.io/mytrans created
deployment "mytrans-mytrans-0-model-transformer" successfully rolled out
seldondeployment.machinelearning.seldon.io "mytrans" deleted
PASSEDnamespace "test-output-transformer-rest" deleted

test_s2i_python.py::TestPythonS2iK8s::test_router_rest namespace/test-router-rest created
---> Installing application source...
Build completed successfully
Image: "seldonio/testmodel_rest:0.1" with ID "sha256:e3777b6ea73a15f4b06896db5751eb7aad8a70754775a531ae2a449f044bc193" not present on node "kind-control-plane"
Image: "seldonio/testmodel_rest:0.1" with ID "sha256:e3777b6ea73a15f4b06896db5751eb7aad8a70754775a531ae2a449f044bc193" not present on node "kind-worker"
---> Installing application source...
Build completed successfully
Image: "seldonio/testrouter_rest:0.1" with ID "sha256:f8aa0932c3eb2c40a8a136ae6ef804deaa39148fe071d1503c9f6764a694db43" not present on node "kind-control-plane"
Image: "seldonio/testrouter_rest:0.1" with ID "sha256:f8aa0932c3eb2c40a8a136ae6ef804deaa39148fe071d1503c9f6764a694db43" not present on node "kind-worker"
seldondeployment.machinelearning.seldon.io/myrouter created
deployment "myrouter-myrouter-0-model-router" successfully rolled out
seldondeployment.machinelearning.seldon.io "myrouter" deleted
PASSEDnamespace "test-router-rest" deleted

test_s2i_python.py::TestPythonS2iK8s::test_combiner_rest namespace/test-combiner-rest created
---> Installing application source...
Build completed successfully
Image: "seldonio/testmodel_rest:0.1" with ID "sha256:6eb9e42aa7f8cb92c423b97f04c6b06f4cc6ef2519f23ae55609a6e2cbb8ee42" not present on node "kind-control-plane"
Image: "seldonio/testmodel_rest:0.1" with ID "sha256:6eb9e42aa7f8cb92c423b97f04c6b06f4cc6ef2519f23ae55609a6e2cbb8ee42" not present on node "kind-worker"
---> Installing application source...
Build completed successfully
Image: "seldonio/testcombiner_rest:0.1" with ID "sha256:1d790b109c7091e1b2f77a164909c7d1f35238935ad79bfcb7e3ed92bacb86be" not present on node "kind-control-plane"
Image: "seldonio/testcombiner_rest:0.1" with ID "sha256:1d790b109c7091e1b2f77a164909c7d1f35238935ad79bfcb7e3ed92bacb86be" not present on node "kind-worker"
seldondeployment.machinelearning.seldon.io/mycombiner created
deployment "mycombiner-mycombiner-0-model-combiner" successfully rolled out
seldondeployment.machinelearning.seldon.io "mycombiner" deleted
PASSEDnamespace "test-combiner-rest" deleted

test_tags.py::TestTagsPythonS2i::test_build_model_one_rest ---> Installing application source...
Build completed successfully
8ab48917e937d2247e027fd4c89dcb3f94ded14cbc5941c931dba6ed415fab57
model-one-rest
PASSED
test_tags.py::TestTagsPythonS2i::test_build_model_two_rest ---> Installing application source...
Build completed successfully
b0d80066840229c2c130f35a65d65ffa8ff0ccea8ad2bf7e5241baf1678e5ef6
model-two-rest
PASSED
test_tags.py::TestTagsPythonS2i::test_build_model_one_grpc ---> Installing application source...
Build completed successfully
29bb0de7908cbf10920fed90d6f12e5d09f1af840b554f3e9ef77ff05f31bb91
model-one-grpc
PASSED
test_tags.py::TestTagsPythonS2i::test_build_model_two_grpc ---> Installing application source...
Build completed successfully
868086c91f1ddbb29e5d5e1d32aaa4edb87248a8d45dd2f57d13325dc460cb8e
model-two-grpc
PASSED
test_tags.py::TestTagsPythonS2i::test_build_combiner_rest ---> Installing application source...
Build completed successfully
f81778462abddc26a5283576b40a0edd0bf0e96e213c67530b1c4866a14a27d3
combiner-rest
PASSED
test_tags.py::TestTagsPythonS2i::test_build_combiner_grpc ---> Installing application source...
Build completed successfully
9581a2074944d5a5ba89e08db3a09da6abe8c534b8ee3044abe138163f5e02a6
combiner-grpc
PASSED
test_tags.py::TestTagsPythonS2iK8s::test_model_single_rest namespace/test-model-single-rest created
---> Installing application source...
Build completed successfully
Image: "seldonio/test_tags_one_rest:0.1" with ID "sha256:8c12e82b3fa35c60d323b07cd32b0d6b1d0e52a594390a129b48139b06e3407d" not present on node "kind-control-plane"
Image: "seldonio/test_tags_one_rest:0.1" with ID "sha256:8c12e82b3fa35c60d323b07cd32b0d6b1d0e52a594390a129b48139b06e3407d" not present on node "kind-worker"
seldondeployment.machinelearning.seldon.io/mymodel-tags-single created
deployment "mymodel-tags-single-mymodel-tags-single-0-model" successfully rolled out
seldondeployment.machinelearning.seldon.io "mymodel-tags-single" deleted
PASSEDnamespace "test-model-single-rest" deleted

test_tags.py::TestTagsPythonS2iK8s::test_model_graph_rest namespace/test-model-graph-rest created
---> Installing application source...
Build completed successfully
Image: "seldonio/test_tags_one_rest:0.1" with ID "sha256:71a49ba9b2ff123c4b27c5609f62eecb845f5df64e685c9058b305c8ef75187d" not present on node "kind-control-plane"
Image: "seldonio/test_tags_one_rest:0.1" with ID "sha256:71a49ba9b2ff123c4b27c5609f62eecb845f5df64e685c9058b305c8ef75187d" not present on node "kind-worker"
---> Installing application source...
Build completed successfully
Image: "seldonio/test_tags_two_rest:0.1" with ID "sha256:82bed392bb2f842bb8a02cecf2798922ab20c612155c924b6ec6b7c089919329" not present on node "kind-control-plane"
Image: "seldonio/test_tags_two_rest:0.1" with ID "sha256:82bed392bb2f842bb8a02cecf2798922ab20c612155c924b6ec6b7c089919329" not present on node "kind-worker"
seldondeployment.machinelearning.seldon.io/mymodel-tags-graph created
deployment "mymodel-tags-graph-mymodel-tags-graph-0-model-one-model-two" successfully rolled out
seldondeployment.machinelearning.seldon.io "mymodel-tags-graph" deleted
PASSEDnamespace "test-model-graph-rest" deleted

test_tags.py::TestTagsPythonS2iK8s::test_model_combiner_rest namespace/test-model-combiner-rest created
---> Installing application source...
Build completed successfully
Image: "seldonio/test_tags_one_rest:0.1" with ID "sha256:74740fdd59dd80ebb7d446819b38aa8ca7d109f155a27836a34a66f7a94cbeef" not present on node "kind-control-plane"
Image: "seldonio/test_tags_one_rest:0.1" with ID "sha256:74740fdd59dd80ebb7d446819b38aa8ca7d109f155a27836a34a66f7a94cbeef" not present on node "kind-worker"
---> Installing application source...
Build completed successfully
Image: "seldonio/test_tags_two_rest:0.1" with ID "sha256:bc114f557b6fe845f4976518c97ae523d92538f7cf1922af6d44cca6fdd8aa99" not present on node "kind-control-plane"
Image: "seldonio/test_tags_two_rest:0.1" with ID "sha256:bc114f557b6fe845f4976518c97ae523d92538f7cf1922af6d44cca6fdd8aa99" not present on node "kind-worker"
---> Installing application source...
Build completed successfully
Image: "seldonio/test_tags_combiner_rest:0.1" with ID "sha256:fe7fdf4331b59f83bd1cb71b6e117a0a9bb9d907b70a4f67989dd97a8c637328" not present on node "kind-control-plane"
Image: "seldonio/test_tags_combiner_rest:0.1" with ID "sha256:fe7fdf4331b59f83bd1cb71b6e117a0a9bb9d907b70a4f67989dd97a8c637328" not present on node "kind-worker"
seldondeployment.machinelearning.seldon.io/mymodel-tags-combiner created
deployment "seldon-a8d2256d87a7c13f898df7d6478eb475" successfully rolled out
seldondeployment.machinelearning.seldon.io "mymodel-tags-combiner" deleted
PASSEDnamespace "test-model-combiner-rest" deleted

test_tags.py::TestTagsPythonS2iK8s::test_model_single_grpc namespace/test-model-single-grpc created
---> Installing application source...
Build completed successfully
Image: "seldonio/test_tags_one_grpc:0.1" with ID "sha256:36632fa15ab6a52a1a4d92fb17ce7100210c693176c7a965c105f781c054fecf" not present on node "kind-control-plane"
Image: "seldonio/test_tags_one_grpc:0.1" with ID "sha256:36632fa15ab6a52a1a4d92fb17ce7100210c693176c7a965c105f781c054fecf" not present on node "kind-worker"
seldondeployment.machinelearning.seldon.io/mymodel-tags-single created
deployment "mymodel-tags-single-mymodel-tags-single-0-model" successfully rolled out
seldondeployment.machinelearning.seldon.io "mymodel-tags-single" deleted
PASSEDnamespace "test-model-single-grpc" deleted

test_tags.py::TestTagsPythonS2iK8s::test_model_graph_grpc namespace/test-model-graph-grpc created
---> Installing application source...
Build completed successfully
Image: "seldonio/test_tags_one_grpc:0.1" with ID "sha256:d271398dee377f505a6f98d4bc055471d320ccc2528b7a68b8f3c51ba316303b" not present on node "kind-control-plane"
Image: "seldonio/test_tags_one_grpc:0.1" with ID "sha256:d271398dee377f505a6f98d4bc055471d320ccc2528b7a68b8f3c51ba316303b" not present on node "kind-worker"
---> Installing application source...
Build completed successfully
Image: "seldonio/test_tags_two_grpc:0.1" with ID "sha256:7338febe3882f3e73ad8c6baf8be25b9203dea4c7148cd35113bbb047f6f059c" not present on node "kind-control-plane"
Image: "seldonio/test_tags_two_grpc:0.1" with ID "sha256:7338febe3882f3e73ad8c6baf8be25b9203dea4c7148cd35113bbb047f6f059c" not present on node "kind-worker"
seldondeployment.machinelearning.seldon.io/mymodel-tags-graph created
deployment "mymodel-tags-graph-mymodel-tags-graph-0-model-one-model-two" successfully rolled out
seldondeployment.machinelearning.seldon.io "mymodel-tags-graph" deleted
PASSEDnamespace "test-model-graph-grpc" deleted

test_tags.py::TestTagsPythonS2iK8s::test_model_combiner_grpc namespace/test-model-combiner-grpc created
---> Installing application source...
Build completed successfully
Image: "seldonio/test_tags_one_grpc:0.1" with ID "sha256:bb9a91217c8966e69f3dad1efa08b1c52fece8390503da5ce32dd3bc033a062a" not present on node "kind-control-plane"
Image: "seldonio/test_tags_one_grpc:0.1" with ID "sha256:bb9a91217c8966e69f3dad1efa08b1c52fece8390503da5ce32dd3bc033a062a" not present on node "kind-worker"
---> Installing application source...
Build completed successfully
Image: "seldonio/test_tags_two_grpc:0.1" with ID "sha256:748de515f0a0d1bc87cdce7989e6fee3b437bd811180a947635adf912cf0893c" not present on node "kind-control-plane"
Image: "seldonio/test_tags_two_grpc:0.1" with ID "sha256:748de515f0a0d1bc87cdce7989e6fee3b437bd811180a947635adf912cf0893c" not present on node "kind-worker"
---> Installing application source...
Build completed successfully
Image: "seldonio/test_tags_combiner_grpc:0.1" with ID "sha256:3a336ff92e13a77d7b58e5e8d696b0d30e787bdec4f56504091f48418c2dd487" not present on node "kind-control-plane"
Image: "seldonio/test_tags_combiner_grpc:0.1" with ID "sha256:3a336ff92e13a77d7b58e5e8d696b0d30e787bdec4f56504091f48418c2dd487" not present on node "kind-worker"
seldondeployment.machinelearning.seldon.io/mymodel-tags-combiner created
deployment "seldon-a8d2256d87a7c13f898df7d6478eb475" successfully rolled out
seldondeployment.machinelearning.seldon.io "mymodel-tags-combiner" deleted
PASSEDnamespace "test-model-combiner-grpc" deleted

===Flaky Test Report===

test_namespace_update[1.0.0] passed 1 out of the required 1 times. Success!
test_namespace_update[1.0.1] passed 1 out of the required 1 times. Success!
test_rolling_update5[ambas] passed 1 out of the required 1 times. Success!
test_rolling_update5[istio] passed 1 out of the required 1 times. Success!
test_rolling_update6[ambas] passed 1 out of the required 1 times. Success!
test_rolling_update6[istio] passed 1 out of the required 1 times. Success!
test_rolling_update7[ambas] passed 1 out of the required 1 times. Success!
test_rolling_update7[istio] passed 1 out of the required 1 times. Success!
test_rolling_update8[ambas] passed 1 out of the required 1 times. Success!
test_rolling_update8[istio] passed 1 out of the required 1 times. Success!
test_rolling_update9[ambas] passed 1 out of the required 1 times. Success!
test_rolling_update9[istio] passed 1 out of the required 1 times. Success!
test_rolling_update10[ambas] passed 1 out of the required 1 times. Success!
test_rolling_update10[istio] passed 1 out of the required 1 times. Success!

===End Flaky Test Report===

========== 45 passed, 1 skipped, 46 deselected in 3559.60s (0:59:19) ===========
kind delete cluster
Deleting cluster "kind" ...
Stopping Docker: dockerProgram process in pidfile '/var/run/docker-ssd.pid', 1 process(es), refused to die.
