
Showing logs for build [32mseldonio-seldon-core-pr-2879-in-jrw9j-2[0m stage [32mpr-build-comment[0m and container [32mstep-credential-initializer-9bl44[0m
{"level":"info","ts":1611676461.3106534,"logger":"fallback-logger","caller":"logging/config.go:69","msg":"Fetch GitHub commit ID from kodata failed: open /var/run/ko/refs/heads/0.8.0-ns-support: no such file or directory"}
{"level":"info","ts":1611676461.3111844,"logger":"fallback-logger","caller":"creds-init/main.go:40","msg":"Credentials initialized."}

Showing logs for build [32mseldonio-seldon-core-pr-2879-in-jrw9j-2[0m stage [32mpr-build-comment[0m and container [32mstep-working-dir-initializer-lfhlw[0m
{"level":"info","ts":1611676462.992541,"logger":"fallback-logger","caller":"logging/config.go:69","msg":"Fetch GitHub commit ID from kodata failed: open /var/run/ko/HEAD: no such file or directory"}
{"level":"info","ts":1611676462.9962811,"logger":"fallback-logger","caller":"bash/main.go:64","msg":"Successfully executed command \"sh -c mkdir -p /workspace/source\"; output "}

Showing logs for build [32mseldonio-seldon-core-pr-2879-in-jrw9j-2[0m stage [32mpr-build-comment[0m and container [32mstep-place-tools[0m

Showing logs for build [32mseldonio-seldon-core-pr-2879-in-jrw9j-2[0m stage [32mpr-build-comment[0m and container [32mstep-create-dir-workspace-9l7fn[0m
{"level":"info","ts":1611676469.607848,"logger":"fallback-logger","caller":"logging/config.go:69","msg":"Fetch GitHub commit ID from kodata failed: open /var/run/ko/HEAD: no such file or directory"}
{"level":"info","ts":1611676469.6094596,"logger":"fallback-logger","caller":"bash/main.go:64","msg":"Successfully executed command \"sh -c mkdir -p source\"; output "}

Showing logs for build [32mseldonio-seldon-core-pr-2879-in-jrw9j-2[0m stage [32mpr-build-comment[0m and container [32mstep-git-source-seldonio-seldon-core-pr-2879-in-jrw9j-tknzp[0m
{"level":"info","ts":1611676469.9529958,"logger":"fallback-logger","caller":"logging/config.go:69","msg":"Fetch GitHub commit ID from kodata failed: open /var/run/ko/refs/heads/0.8.0-ns-support: no such file or directory"}
{"level":"info","ts":1611676477.5564651,"logger":"fallback-logger","caller":"git/git.go:103","msg":"Successfully cloned https://github.com/SeldonIO/seldon-core.git @ master in path /workspace/source"}

Showing logs for build [32mseldonio-seldon-core-pr-2879-in-jrw9j-2[0m stage [32mpr-build-comment[0m and container [32mstep-setup-builder-home[0m

Showing logs for build [32mseldonio-seldon-core-pr-2879-in-jrw9j-2[0m stage [32mpr-build-comment[0m and container [32mstep-git-merge[0m
Using SHAs from PULL_REFS=master:4606efb517efa242b2252d6ac0a49d5dac067555,2879:6cf82c0ced37a978bc5119f1032cf5a7c561a7af
DEBUG: LC_ALL=C JX_LOG_LEVEL=error git fetch origin --unshallow 6cf82c0ced37a978bc5119f1032cf5a7c561a7af: 4606efb517efa242b2252d6ac0a49d5dac067555:
DEBUG: ran git fetch --unshallow origin 6cf82c0ced37a978bc5119f1032cf5a7c561a7af: 4606efb517efa242b2252d6ac0a49d5dac067555: in 
DEBUG: LC_ALL=C JX_LOG_LEVEL=error git branch
DEBUG: LC_ALL=C JX_LOG_LEVEL=error git checkout master
DEBUG: ran git checkout master in 
DEBUG: LC_ALL=C JX_LOG_LEVEL=error git reset --hard 4606efb517efa242b2252d6ac0a49d5dac067555
DEBUG: ran git reset --hard 4606efb517efa242b2252d6ac0a49d5dac067555 in 
DEBUG: LC_ALL=C JX_LOG_LEVEL=error git clean -fd .
DEBUG: ran clean --force -d . in 
DEBUG: LC_ALL=C JX_LOG_LEVEL=error git merge 6cf82c0ced37a978bc5119f1032cf5a7c561a7af
DEBUG: ran git merge 6cf82c0ced37a978bc5119f1032cf5a7c561a7af in 
DEBUG: LC_ALL=C JX_LOG_LEVEL=error git log --format=%H%x1f%an%x1f%ae%x1f%cn%x1f%ce%x1f%s%n%b%x1e 4606efb517efa242b2252d6ac0a49d5dac067555..HEAD
Merged SHA f0fa544f0b31e5da5a76685740d21ec39cce1601 with commit message 'Merge commit '6cf82c0ced37a978bc5119f1032cf5a7c561a7af'' into base branch master
Merged SHA 6cf82c0ced37a978bc5119f1032cf5a7c561a7af with commit message 'Bump grpcio-tools from 1.33.2 to 1.35.0 in /python' into base branch master

Showing logs for build [32mseldonio-seldon-core-pr-2879-in-jrw9j-2[0m stage [32mpr-build-comment[0m and container [32mstep-step2[0m
+++ dirname ./add-pr-build-comment
++ cd .
++ pwd
+ STARTUP_DIR=/workspace/source/ci
+ REPO_OWNER=SeldonIO
+ REPO_NAME=seldon-core
+ PULL_NUMBER=2879
+ BUILD_NUMBER=2
+ PIPELINE_CONTEXT=integration
++ cat
+++ date
+ COMMENT_MSG='Tue Jan 26 15:54:48 UTC 2021
The logs for [integration] [2] will show after the pipeline context has finished.  
https://github.com/SeldonIO/seldon-core/blob/gh-pages/jenkins-x/logs/SeldonIO/seldon-core/PR-2879/2.log

impatient try  
** get build logs SeldonIO/seldon-core/PR-2879 --build=2'
+ ** step pr comment --owner=SeldonIO --repository=seldon-core --pull-request=2879 '--comment=Tue Jan 26 15:54:48 UTC 2021
The logs for [integration] [2] will show after the pipeline context has finished.  
https://github.com/SeldonIO/seldon-core/blob/gh-pages/jenkins-x/logs/SeldonIO/seldon-core/PR-2879/2.log

impatient try  
** get build logs SeldonIO/seldon-core/PR-2879 --build=2'

Showing logs for build [32mseldonio-seldon-core-pr-2879-in-jrw9j-2[0m stage [32mpr-build-comment[0m and container [32mstep-source-mkdir-seldonio-seldon-core-pr-2879-in-jrw9j-9zfbw[0m
{"level":"info","ts":1611676493.447716,"logger":"fallback-logger","caller":"logging/config.go:69","msg":"Fetch GitHub commit ID from kodata failed: open /var/run/ko/HEAD: no such file or directory"}
{"level":"info","ts":1611676493.4748092,"logger":"fallback-logger","caller":"bash/main.go:64","msg":"Successfully executed command \"sh -c mkdir -p /pvc/pr-build-comment/workspace\"; output "}

Showing logs for build [32mseldonio-seldon-core-pr-2879-in-jrw9j-2[0m stage [32mpr-build-comment[0m and container [32mstep-source-copy-seldonio-seldon-core-pr-2879-in-jrw9j-qzc48[0m
{"level":"info","ts":1611676493.823372,"logger":"fallback-logger","caller":"logging/config.go:69","msg":"Fetch GitHub commit ID from kodata failed: open /var/run/ko/HEAD: no such file or directory"}
{"level":"info","ts":1611676494.3860784,"logger":"fallback-logger","caller":"bash/main.go:64","msg":"Successfully executed command \"sh -c cp -r source/. /pvc/pr-build-comment/workspace\"; output "}

Showing logs for build [32mseldonio-seldon-core-pr-2879-in-jrw9j-2[0m stage [32mend-to-end[0m and container [32mstep-credential-initializer-lqfhx[0m
{"level":"info","ts":1611676500.3840084,"logger":"fallback-logger","caller":"logging/config.go:69","msg":"Fetch GitHub commit ID from kodata failed: open /var/run/ko/refs/heads/0.8.0-ns-support: no such file or directory"}
{"level":"info","ts":1611676500.384464,"logger":"fallback-logger","caller":"creds-init/main.go:40","msg":"Credentials initialized."}

Showing logs for build [32mseldonio-seldon-core-pr-2879-in-jrw9j-2[0m stage [32mend-to-end[0m and container [32mstep-working-dir-initializer-g7mqv[0m
{"level":"info","ts":1611676503.8233829,"logger":"fallback-logger","caller":"logging/config.go:69","msg":"Fetch GitHub commit ID from kodata failed: open /var/run/ko/HEAD: no such file or directory"}
{"level":"info","ts":1611676503.8268833,"logger":"fallback-logger","caller":"bash/main.go:64","msg":"Successfully executed command \"sh -c mkdir -p /workspace/source\"; output "}

Showing logs for build [32mseldonio-seldon-core-pr-2879-in-jrw9j-2[0m stage [32mend-to-end[0m and container [32mstep-place-tools[0m

Showing logs for build [32mseldonio-seldon-core-pr-2879-in-jrw9j-2[0m stage [32mend-to-end[0m and container [32mstep-create-dir-workspace-rk8zr[0m
{"level":"info","ts":1611676516.1350343,"logger":"fallback-logger","caller":"logging/config.go:69","msg":"Fetch GitHub commit ID from kodata failed: open /var/run/ko/HEAD: no such file or directory"}
{"level":"info","ts":1611676516.1376715,"logger":"fallback-logger","caller":"bash/main.go:64","msg":"Successfully executed command \"sh -c mkdir -p /workspace/source\"; output "}

Showing logs for build [32mseldonio-seldon-core-pr-2879-in-jrw9j-2[0m stage [32mend-to-end[0m and container [32mstep-source-copy-workspace-2s47b[0m
{"level":"info","ts":1611676516.5554638,"logger":"fallback-logger","caller":"logging/config.go:69","msg":"Fetch GitHub commit ID from kodata failed: open /var/run/ko/HEAD: no such file or directory"}
{"level":"info","ts":1611676517.4000473,"logger":"fallback-logger","caller":"bash/main.go:64","msg":"Successfully executed command \"sh -c cp -r /pvc/pr-build-comment/workspace/. /workspace/source\"; output "}

Showing logs for build [32mseldonio-seldon-core-pr-2879-in-jrw9j-2[0m stage [32mend-to-end[0m and container [32mstep-setup-builder-home[0m

Showing logs for build [32mseldonio-seldon-core-pr-2879-in-jrw9j-2[0m stage [32mend-to-end[0m and container [32mstep-test-end-to-end[0m
Test run type is: [base]
Starting Docker: docker.
[SETUP] Waiting for Docker to be ready, sleeping for 1 seconds ...
kind create cluster --config ../resources/kind_config.yaml
Creating cluster "kind" ...
 â€¢ Ensuring node image (kindest/node:v1.16.3) ðŸ–¼  ...
 âœ“ Ensuring node image (kindest/node:v1.16.3) ðŸ–¼
 â€¢ Preparing nodes ðŸ“¦  ...
 âœ“ Preparing nodes ðŸ“¦
 â€¢ Writing configuration ðŸ“œ  ...
 âœ“ Writing configuration ðŸ“œ
 â€¢ Starting control-plane ðŸ•¹ï¸  ...
 âœ“ Starting control-plane ðŸ•¹ï¸
 â€¢ Installing CNI ðŸ”Œ  ...
 âœ“ Installing CNI ðŸ”Œ
 â€¢ Installing StorageClass ðŸ’¾  ...
 âœ“ Installing StorageClass ðŸ’¾
 â€¢ Joining worker nodes ðŸšœ  ...
 âœ“ Joining worker nodes ðŸšœ
Set kubectl context to "kind-kind"
You can now use your cluster with:

kubectl cluster-info --context kind-kind

Have a question, bug, or feature request? Let us know! https://kind.sigs.k8s.io/#community ðŸ™‚
`kind get kubeconfig-path` is deprecated!

KIND will export and merge kubeconfig like kops, minikube, etc.
This command is now unnecessary and will be removed in a future release.

For more info see: https://github.com/kubernetes-sigs/kind/issues/1060
See also the output of `kind create cluster`

Files changed in python folder:
python/requirements-dev.txt
cd ../../wrappers/s2i/python/build_scripts && ./build_all_local.sh
make[1]: Entering directory '/workspace/source/wrappers/s2i/python'
mkdir -p _python
cp ../../../version.txt version.txt
cp -r ../../../python _python
set -x && docker build -f Dockerfile.local --build-arg PYTHON_VERSION=3.6 --build-arg CONDA_VERSION=4.7.12 --build-arg BASE_IMAGE=continuumio/miniconda3 -t docker.io/seldonio/seldon-core-s2i-python`echo -n 3.6 | sed 's/\.//g'`:1.6.0-dev .
++ echo -n 3.6
++ sed 's/\.//g'
+ docker build -f Dockerfile.local --build-arg PYTHON_VERSION=3.6 --build-arg CONDA_VERSION=4.7.12 --build-arg BASE_IMAGE=continuumio/miniconda3 -t docker.io/seldonio/seldon-core-s2i-python36:1.6.0-dev .
Sending build context to Docker daemon  1.153MB
Step 1/15 : ARG CONDA_VERSION
Step 2/15 : ARG BASE_IMAGE
Step 3/15 : FROM $BASE_IMAGE:$CONDA_VERSION
4.7.12: Pulling from continuumio/miniconda3
b8f262c62ec6: Pulling fs layer
0a43c0154f16: Pulling fs layer
906d7b5da8fb: Pulling fs layer
b8f262c62ec6: Verifying Checksum
b8f262c62ec6: Download complete
906d7b5da8fb: Download complete
b8f262c62ec6: Pull complete
0a43c0154f16: Verifying Checksum
0a43c0154f16: Download complete
0a43c0154f16: Pull complete
906d7b5da8fb: Pull complete
Digest: sha256:6c979670684d970f8ba934bf9b7bf42e77c30a22eb96af1f30a039b484719159
Status: Downloaded newer image for continuumio/miniconda3:4.7.12
 ---> 406f2b43ea59
Step 4/15 : LABEL io.openshift.s2i.scripts-url="image:///s2i/bin"
 ---> Running in cd68354d784d
Removing intermediate container cd68354d784d
 ---> d47b4b39f90c
Step 5/15 : ARG PYTHON_VERSION
 ---> Running in 66d93381b05a
Removing intermediate container 66d93381b05a
 ---> 98caf4d8e259
Step 6/15 : RUN conda install --yes python=$PYTHON_VERSION conda=$CONDA_VERSION
 ---> Running in e99ceae92912
Collecting package metadata (current_repodata.json): ...working... done
Solving environment: ...working... done

## Package Plan ##

  environment location: /opt/conda

  added / updated specs:
    - conda
    - python=3.6


The following packages will be downloaded:

    package                    |            build
    ---------------------------|-----------------
    brotlipy-0.7.0             |py36h27cfd23_1003         320 KB
    ca-certificates-2021.1.19  |       h06a4308_0         121 KB
    certifi-2020.12.5          |   py36h06a4308_0         140 KB
    cffi-1.14.4                |   py36h261ae71_0         223 KB
    chardet-4.0.0              |py36h06a4308_1003         199 KB
    conda-4.9.2                |   py36h06a4308_0         2.9 MB
    conda-package-handling-1.7.2|   py36h03888b9_0         886 KB
    cryptography-3.3.1         |   py36h3c74f83_0         557 KB
    idna-2.10                  |     pyhd3eb1b0_0          52 KB
    ld_impl_linux-64-2.33.1    |       h53a641e_7         568 KB
    libedit-3.1.20191231       |       h14c3975_1         116 KB
    libffi-3.3                 |       he6710b0_2          50 KB
    ncurses-6.2                |       he6710b0_1         817 KB
    openssl-1.1.1i             |       h27cfd23_0         2.5 MB
    pip-20.3.3                 |   py36h06a4308_0         1.8 MB
    pycosat-0.6.3              |   py36h27cfd23_0          82 KB
    pycparser-2.20             |             py_2          94 KB
    pyopenssl-20.0.1           |     pyhd3eb1b0_1          49 KB
    pysocks-1.7.1              |   py36h06a4308_0          31 KB
    python-3.6.12              |       hcff3b4d_2        29.7 MB
    readline-8.0               |       h7b6447c_0         356 KB
    requests-2.25.1            |     pyhd3eb1b0_0          52 KB
    ruamel_yaml-0.15.87        |   py36h7b6447c_0         257 KB
    setuptools-52.0.0          |   py36h06a4308_0         724 KB
    six-1.15.0                 |   py36h06a4308_0          27 KB
    sqlite-3.33.0              |       h62c20be_0         1.1 MB
    tk-8.6.10                  |       hbc83047_0         3.0 MB
    tqdm-4.36.1                |             py_0          50 KB
    urllib3-1.26.2             |     pyhd3eb1b0_0         105 KB
    wheel-0.36.2               |     pyhd3eb1b0_0          33 KB
    xz-5.2.5                   |       h7b6447c_0         341 KB
    ------------------------------------------------------------
                                           Total:        47.1 MB

The following NEW packages will be INSTALLED:

  brotlipy           pkgs/main/linux-64::brotlipy-0.7.0-py36h27cfd23_1003
  ld_impl_linux-64   pkgs/main/linux-64::ld_impl_linux-64-2.33.1-h53a641e_7

The following packages will be REMOVED:

  asn1crypto-1.0.1-py37_0

The following packages will be UPDATED:

  ca-certificates                               2019.8.28-0 --> 2021.1.19-h06a4308_0
  certifi                                  2019.9.11-py37_0 --> 2020.12.5-py36h06a4308_0
  cffi                                1.12.3-py37h2e261b9_0 --> 1.14.4-py36h261ae71_0
  chardet                                   3.0.4-py37_1003 --> 4.0.0-py36h06a4308_1003
  conda                                       4.7.12-py37_0 --> 4.9.2-py36h06a4308_0
  conda-package-han~                   1.6.0-py37h7b6447c_0 --> 1.7.2-py36h03888b9_0
  cryptography                           2.7-py37h1ba5d50_0 --> 3.3.1-py36h3c74f83_0
  idna                  pkgs/main/linux-64::idna-2.8-py37_0 --> pkgs/main/noarch::idna-2.10-pyhd3eb1b0_0
  libedit                           3.1.20181209-hc058e9b_0 --> 3.1.20191231-h14c3975_1
  libffi                                   3.2.1-hd88cf55_4 --> 3.3-he6710b0_2
  ncurses                                    6.1-he6710b0_1 --> 6.2-he6710b0_1
  openssl                                 1.1.1d-h7b6447c_2 --> 1.1.1i-h27cfd23_0
  pip                                         19.2.3-py37_0 --> 20.3.3-py36h06a4308_0
  pycparser          pkgs/main/linux-64::pycparser-2.19-py~ --> pkgs/main/noarch::pycparser-2.20-py_2
  pyopenssl          pkgs/main/linux-64::pyopenssl-19.0.0-~ --> pkgs/main/noarch::pyopenssl-20.0.1-pyhd3eb1b0_1
  readline                                   7.0-h7b6447c_5 --> 8.0-h7b6447c_0
  requests           pkgs/main/linux-64::requests-2.22.0-p~ --> pkgs/main/noarch::requests-2.25.1-pyhd3eb1b0_0
  ruamel_yaml                        0.15.46-py37h14c3975_0 --> 0.15.87-py36h7b6447c_0
  setuptools                                  41.4.0-py37_0 --> 52.0.0-py36h06a4308_0
  six                                         1.12.0-py37_0 --> 1.15.0-py36h06a4308_0
  sqlite                                  3.30.0-h7b6447c_0 --> 3.33.0-h62c20be_0
  tk                                       8.6.8-hbc83047_0 --> 8.6.10-hbc83047_0
  urllib3            pkgs/main/linux-64::urllib3-1.24.2-py~ --> pkgs/main/noarch::urllib3-1.26.2-pyhd3eb1b0_0
  wheel              pkgs/main/linux-64::wheel-0.33.6-py37~ --> pkgs/main/noarch::wheel-0.36.2-pyhd3eb1b0_0
  xz                                       5.2.4-h14c3975_4 --> 5.2.5-h7b6447c_0

The following packages will be DOWNGRADED:

  pycosat                              0.6.3-py37h14c3975_0 --> 0.6.3-py36h27cfd23_0
  pysocks                                      1.7.1-py37_0 --> 1.7.1-py36h06a4308_0
  python                                   3.7.4-h265db76_1 --> 3.6.12-hcff3b4d_2



Downloading and Extracting Packages
ncurses-6.2          | 817 KB    |            |   0% ncurses-6.2          | 817 KB    | ########## | 100% 
six-1.15.0           | 27 KB     |            |   0% six-1.15.0           | 27 KB     | ########## | 100% 
openssl-1.1.1i       | 2.5 MB    |            |   0% openssl-1.1.1i       | 2.5 MB    | ########## | 100% 
pycosat-0.6.3        | 82 KB     |            |   0% pycosat-0.6.3        | 82 KB     | ########## | 100% 
requests-2.25.1      | 52 KB     |            |   0% requests-2.25.1      | 52 KB     | ########## | 100% 
libffi-3.3           | 50 KB     |            |   0% libffi-3.3           | 50 KB     | ########## | 100% 
sqlite-3.33.0        | 1.1 MB    |            |   0% sqlite-3.33.0        | 1.1 MB    | ########## | 100% 
ruamel_yaml-0.15.87  | 257 KB    |            |   0% ruamel_yaml-0.15.87  | 257 KB    | ########## | 100% 
readline-8.0         | 356 KB    |            |   0% readline-8.0         | 356 KB    | ########## | 100% 
pyopenssl-20.0.1     | 49 KB     |            |   0% pyopenssl-20.0.1     | 49 KB     | ########## | 100% 
conda-package-handli | 886 KB    |            |   0% conda-package-handli | 886 KB    | ########## | 100% 
ca-certificates-2021 | 121 KB    |            |   0% ca-certificates-2021 | 121 KB    | ########## | 100% 
pycparser-2.20       | 94 KB     |            |   0% pycparser-2.20       | 94 KB     | ########## | 100% 
tqdm-4.36.1          | 50 KB     |            |   0% tqdm-4.36.1          | 50 KB     | ########## | 100% 
chardet-4.0.0        | 199 KB    |            |   0% chardet-4.0.0        | 199 KB    | ########## | 100% 
urllib3-1.26.2       | 105 KB    |            |   0% urllib3-1.26.2       | 105 KB    | ########## | 100% 
cryptography-3.3.1   | 557 KB    |            |   0% cryptography-3.3.1   | 557 KB    | ########## | 100% 
conda-4.9.2          | 2.9 MB    |            |   0% conda-4.9.2          | 2.9 MB    | ########## | 100% 
ld_impl_linux-64-2.3 | 568 KB    |            |   0% ld_impl_linux-64-2.3 | 568 KB    | ########## | 100% 
wheel-0.36.2         | 33 KB     |            |   0% wheel-0.36.2         | 33 KB     | ########## | 100% 
tk-8.6.10            | 3.0 MB    |            |   0% tk-8.6.10            | 3.0 MB    | ########## | 100% 
libedit-3.1.20191231 | 116 KB    |            |   0% libedit-3.1.20191231 | 116 KB    | ########## | 100% 
setuptools-52.0.0    | 724 KB    |            |   0% setuptools-52.0.0    | 724 KB    | ########## | 100% 
pip-20.3.3           | 1.8 MB    |            |   0% pip-20.3.3           | 1.8 MB    | ########## | 100% 
xz-5.2.5             | 341 KB    |            |   0% xz-5.2.5             | 341 KB    | ########## | 100% 
cffi-1.14.4          | 223 KB    |            |   0% cffi-1.14.4          | 223 KB    | ########## | 100% 
brotlipy-0.7.0       | 320 KB    |            |   0% brotlipy-0.7.0       | 320 KB    | ########## | 100% 
certifi-2020.12.5    | 140 KB    |            |   0% certifi-2020.12.5    | 140 KB    | ########## | 100% 
idna-2.10            | 52 KB     |            |   0% idna-2.10            | 52 KB     | ########## | 100% 
python-3.6.12        | 29.7 MB   |            |   0% python-3.6.12        | 29.7 MB   | #4         |  14% python-3.6.12        | 29.7 MB   | ###        |  31% python-3.6.12        | 29.7 MB   | ####5      |  45% python-3.6.12        | 29.7 MB   | ######2    |  63% python-3.6.12        | 29.7 MB   | #######7   |  78% python-3.6.12        | 29.7 MB   | #########6 |  96% python-3.6.12        | 29.7 MB   | ########## | 100% 
pysocks-1.7.1        | 31 KB     |            |   0% pysocks-1.7.1        | 31 KB     | ########## | 100% 
Preparing transaction: ...working... done
Verifying transaction: ...working... done
Executing transaction: ...working... done
Removing intermediate container e99ceae92912
 ---> 6b1b25d73ac2
Step 7/15 : RUN apt-get update --yes && apt-get install --yes gcc make build-essential
 ---> Running in ce4651bab3a4
Get:1 http://security.debian.org/debian-security buster/updates InRelease [65.4 kB]
Get:2 http://deb.debian.org/debian buster InRelease [121 kB]
Get:3 http://deb.debian.org/debian buster-updates InRelease [51.9 kB]
Get:4 http://security.debian.org/debian-security buster/updates/main amd64 Packages [270 kB]
Get:5 http://deb.debian.org/debian buster/main amd64 Packages [7907 kB]
Get:6 http://deb.debian.org/debian buster-updates/main amd64 Packages.diff/Index [4672 B]
Get:7 http://deb.debian.org/debian buster-updates/main amd64 Packages 2020-02-23-2017.41.pdiff [2162 B]
Get:8 http://deb.debian.org/debian buster-updates/main amd64 Packages 2020-06-04-2016.16.pdiff [1101 B]
Get:9 http://deb.debian.org/debian buster-updates/main amd64 Packages 2020-06-07-1403.53.pdiff [439 B]
Get:10 http://deb.debian.org/debian buster-updates/main amd64 Packages 2020-06-13-2000.26.pdiff [552 B]
Get:11 http://deb.debian.org/debian buster-updates/main amd64 Packages 2020-10-24-2001.35.pdiff [286 B]
Get:12 http://deb.debian.org/debian buster-updates/main amd64 Packages 2020-12-24-1401.30.pdiff [286 B]
Get:12 http://deb.debian.org/debian buster-updates/main amd64 Packages 2020-12-24-1401.30.pdiff [286 B]
Fetched 8426 kB in 2s (4086 kB/s)
Reading package lists...
Reading package lists...
Building dependency tree...
Reading state information...
The following additional packages will be installed:
  binutils binutils-common binutils-x86-64-linux-gnu cpp cpp-8 dirmngr
  dpkg-dev fakeroot g++ g++-8 gcc-8 gnupg gnupg-l10n gnupg-utils gpg gpg-agent
  gpg-wks-client gpg-wks-server gpgconf gpgsm libalgorithm-diff-perl
  libalgorithm-diff-xs-perl libalgorithm-merge-perl libasan5 libassuan0
  libatomic1 libbinutils libc-dev-bin libc6-dev libcc1-0 libdpkg-perl
  libfakeroot libfile-fcntllock-perl libgcc-8-dev libgomp1 libisl19 libitm1
  libksba8 liblocale-gettext-perl liblsan0 libmpc3 libmpfr6 libmpx2 libnpth0
  libquadmath0 libstdc++-8-dev libtsan0 libubsan1 linux-libc-dev manpages
  manpages-dev pinentry-curses
Suggested packages:
  binutils-doc cpp-doc gcc-8-locales dbus-user-session libpam-systemd
  pinentry-gnome3 tor debian-keyring g++-multilib g++-8-multilib gcc-8-doc
  libstdc++6-8-dbg gcc-multilib autoconf automake libtool flex bison gdb
  gcc-doc gcc-8-multilib libgcc1-dbg libgomp1-dbg libitm1-dbg libatomic1-dbg
  libasan5-dbg liblsan0-dbg libtsan0-dbg libubsan1-dbg libmpx2-dbg
  libquadmath0-dbg parcimonie xloadimage scdaemon glibc-doc bzr
  libstdc++-8-doc make-doc man-browser pinentry-doc
The following NEW packages will be installed:
  binutils binutils-common binutils-x86-64-linux-gnu build-essential cpp cpp-8
  dirmngr dpkg-dev fakeroot g++ g++-8 gcc gcc-8 gnupg gnupg-l10n gnupg-utils
  gpg gpg-agent gpg-wks-client gpg-wks-server gpgconf gpgsm
  libalgorithm-diff-perl libalgorithm-diff-xs-perl libalgorithm-merge-perl
  libasan5 libassuan0 libatomic1 libbinutils libc-dev-bin libc6-dev libcc1-0
  libdpkg-perl libfakeroot libfile-fcntllock-perl libgcc-8-dev libgomp1
  libisl19 libitm1 libksba8 liblocale-gettext-perl liblsan0 libmpc3 libmpfr6
  libmpx2 libnpth0 libquadmath0 libstdc++-8-dev libtsan0 libubsan1
  linux-libc-dev make manpages manpages-dev pinentry-curses
0 upgraded, 55 newly installed, 0 to remove and 52 not upgraded.
Need to get 57.8 MB of archives.
After this operation, 202 MB of additional disk space will be used.
Get:1 http://deb.debian.org/debian buster/main amd64 liblocale-gettext-perl amd64 1.07-3+b4 [18.9 kB]
Get:2 http://deb.debian.org/debian buster/main amd64 manpages all 4.16-2 [1295 kB]
Get:3 http://deb.debian.org/debian buster/main amd64 binutils-common amd64 2.31.1-16 [2073 kB]
Get:4 http://deb.debian.org/debian buster/main amd64 libbinutils amd64 2.31.1-16 [478 kB]
Get:5 http://deb.debian.org/debian buster/main amd64 binutils-x86-64-linux-gnu amd64 2.31.1-16 [1823 kB]
Get:6 http://deb.debian.org/debian buster/main amd64 binutils amd64 2.31.1-16 [56.8 kB]
Get:7 http://deb.debian.org/debian buster/main amd64 libc-dev-bin amd64 2.28-10 [275 kB]
Get:8 http://deb.debian.org/debian buster/main amd64 linux-libc-dev amd64 4.19.160-2 [1416 kB]
Get:9 http://deb.debian.org/debian buster/main amd64 libc6-dev amd64 2.28-10 [2691 kB]
Get:10 http://deb.debian.org/debian buster/main amd64 libisl19 amd64 0.20-2 [587 kB]
Get:11 http://deb.debian.org/debian buster/main amd64 libmpfr6 amd64 4.0.2-1 [775 kB]
Get:12 http://deb.debian.org/debian buster/main amd64 libmpc3 amd64 1.1.0-1 [41.3 kB]
Get:13 http://deb.debian.org/debian buster/main amd64 cpp-8 amd64 8.3.0-6 [8914 kB]
Get:14 http://deb.debian.org/debian buster/main amd64 cpp amd64 4:8.3.0-1 [19.4 kB]
Get:15 http://deb.debian.org/debian buster/main amd64 libcc1-0 amd64 8.3.0-6 [46.6 kB]
Get:16 http://deb.debian.org/debian buster/main amd64 libgomp1 amd64 8.3.0-6 [75.8 kB]
Get:17 http://deb.debian.org/debian buster/main amd64 libitm1 amd64 8.3.0-6 [27.7 kB]
Get:18 http://deb.debian.org/debian buster/main amd64 libatomic1 amd64 8.3.0-6 [9032 B]
Get:19 http://deb.debian.org/debian buster/main amd64 libasan5 amd64 8.3.0-6 [362 kB]
Get:20 http://deb.debian.org/debian buster/main amd64 liblsan0 amd64 8.3.0-6 [131 kB]
Get:21 http://deb.debian.org/debian buster/main amd64 libtsan0 amd64 8.3.0-6 [283 kB]
Get:22 http://deb.debian.org/debian buster/main amd64 libubsan1 amd64 8.3.0-6 [120 kB]
Get:23 http://deb.debian.org/debian buster/main amd64 libmpx2 amd64 8.3.0-6 [11.4 kB]
Get:24 http://deb.debian.org/debian buster/main amd64 libquadmath0 amd64 8.3.0-6 [133 kB]
Get:25 http://deb.debian.org/debian buster/main amd64 libgcc-8-dev amd64 8.3.0-6 [2298 kB]
Get:26 http://deb.debian.org/debian buster/main amd64 gcc-8 amd64 8.3.0-6 [9452 kB]
Get:27 http://deb.debian.org/debian buster/main amd64 gcc amd64 4:8.3.0-1 [5196 B]
Get:28 http://deb.debian.org/debian buster/main amd64 libstdc++-8-dev amd64 8.3.0-6 [1532 kB]
Get:29 http://deb.debian.org/debian buster/main amd64 g++-8 amd64 8.3.0-6 [9752 kB]
Get:30 http://deb.debian.org/debian buster/main amd64 g++ amd64 4:8.3.0-1 [1644 B]
Get:31 http://deb.debian.org/debian buster/main amd64 make amd64 4.2.1-1.2 [341 kB]
Get:32 http://deb.debian.org/debian buster/main amd64 libdpkg-perl all 1.19.7 [1414 kB]
Get:33 http://deb.debian.org/debian buster/main amd64 dpkg-dev all 1.19.7 [1773 kB]
Get:34 http://deb.debian.org/debian buster/main amd64 build-essential amd64 12.6 [7576 B]
Get:35 http://deb.debian.org/debian buster/main amd64 libassuan0 amd64 2.5.2-1 [49.4 kB]
Get:36 http://deb.debian.org/debian buster/main amd64 gpgconf amd64 2.2.12-1+deb10u1 [510 kB]
Get:37 http://deb.debian.org/debian buster/main amd64 libksba8 amd64 1.3.5-2 [99.7 kB]
Get:38 http://deb.debian.org/debian buster/main amd64 libnpth0 amd64 1.6-1 [18.4 kB]
Get:39 http://deb.debian.org/debian buster/main amd64 dirmngr amd64 2.2.12-1+deb10u1 [712 kB]
Get:40 http://deb.debian.org/debian buster/main amd64 libfakeroot amd64 1.23-1 [45.9 kB]
Get:41 http://deb.debian.org/debian buster/main amd64 fakeroot amd64 1.23-1 [85.8 kB]
Get:42 http://deb.debian.org/debian buster/main amd64 gnupg-l10n all 2.2.12-1+deb10u1 [1010 kB]
Get:43 http://deb.debian.org/debian buster/main amd64 gnupg-utils amd64 2.2.12-1+deb10u1 [861 kB]
Get:44 http://deb.debian.org/debian buster/main amd64 gpg amd64 2.2.12-1+deb10u1 [865 kB]
Get:45 http://deb.debian.org/debian buster/main amd64 pinentry-curses amd64 1.1.0-2 [64.5 kB]
Get:46 http://deb.debian.org/debian buster/main amd64 gpg-agent amd64 2.2.12-1+deb10u1 [617 kB]
Get:47 http://deb.debian.org/debian buster/main amd64 gpg-wks-client amd64 2.2.12-1+deb10u1 [485 kB]
Get:48 http://deb.debian.org/debian buster/main amd64 gpg-wks-server amd64 2.2.12-1+deb10u1 [478 kB]
Get:49 http://deb.debian.org/debian buster/main amd64 gpgsm amd64 2.2.12-1+deb10u1 [604 kB]
Get:50 http://deb.debian.org/debian buster/main amd64 gnupg all 2.2.12-1+deb10u1 [715 kB]
Get:51 http://deb.debian.org/debian buster/main amd64 libalgorithm-diff-perl all 1.19.03-2 [47.9 kB]
Get:52 http://deb.debian.org/debian buster/main amd64 libalgorithm-diff-xs-perl amd64 0.04-5+b1 [11.8 kB]
Get:53 http://deb.debian.org/debian buster/main amd64 libalgorithm-merge-perl all 0.08-3 [12.7 kB]
Get:54 http://deb.debian.org/debian buster/main amd64 libfile-fcntllock-perl amd64 0.22-3+b5 [35.4 kB]
Get:55 http://deb.debian.org/debian buster/main amd64 manpages-dev all 4.16-2 [2232 kB]
[91mdebconf: delaying package configuration, since apt-utils is not installed
[0mFetched 57.8 MB in 1s (67.8 MB/s)
Selecting previously unselected package liblocale-gettext-perl.
(Reading database ... (Reading database ... 5%(Reading database ... 10%(Reading database ... 15%(Reading database ... 20%(Reading database ... 25%(Reading database ... 30%(Reading database ... 35%(Reading database ... 40%(Reading database ... 45%(Reading database ... 50%(Reading database ... 55%(Reading database ... 60%(Reading database ... 65%(Reading database ... 70%(Reading database ... 75%(Reading database ... 80%(Reading database ... 85%(Reading database ... 90%(Reading database ... 95%(Reading database ... 100%(Reading database ... 12557 files and directories currently installed.)
Preparing to unpack .../00-liblocale-gettext-perl_1.07-3+b4_amd64.deb ...
Unpacking liblocale-gettext-perl (1.07-3+b4) ...
Selecting previously unselected package manpages.
Preparing to unpack .../01-manpages_4.16-2_all.deb ...
Unpacking manpages (4.16-2) ...
Selecting previously unselected package binutils-common:amd64.
Preparing to unpack .../02-binutils-common_2.31.1-16_amd64.deb ...
Unpacking binutils-common:amd64 (2.31.1-16) ...
Selecting previously unselected package libbinutils:amd64.
Preparing to unpack .../03-libbinutils_2.31.1-16_amd64.deb ...
Unpacking libbinutils:amd64 (2.31.1-16) ...
Selecting previously unselected package binutils-x86-64-linux-gnu.
Preparing to unpack .../04-binutils-x86-64-linux-gnu_2.31.1-16_amd64.deb ...
Unpacking binutils-x86-64-linux-gnu (2.31.1-16) ...
Selecting previously unselected package binutils.
Preparing to unpack .../05-binutils_2.31.1-16_amd64.deb ...
Unpacking binutils (2.31.1-16) ...
Selecting previously unselected package libc-dev-bin.
Preparing to unpack .../06-libc-dev-bin_2.28-10_amd64.deb ...
Unpacking libc-dev-bin (2.28-10) ...
Selecting previously unselected package linux-libc-dev:amd64.
Preparing to unpack .../07-linux-libc-dev_4.19.160-2_amd64.deb ...
Unpacking linux-libc-dev:amd64 (4.19.160-2) ...
Selecting previously unselected package libc6-dev:amd64.
Preparing to unpack .../08-libc6-dev_2.28-10_amd64.deb ...
Unpacking libc6-dev:amd64 (2.28-10) ...
Selecting previously unselected package libisl19:amd64.
Preparing to unpack .../09-libisl19_0.20-2_amd64.deb ...
Unpacking libisl19:amd64 (0.20-2) ...
Selecting previously unselected package libmpfr6:amd64.
Preparing to unpack .../10-libmpfr6_4.0.2-1_amd64.deb ...
Unpacking libmpfr6:amd64 (4.0.2-1) ...
Selecting previously unselected package libmpc3:amd64.
Preparing to unpack .../11-libmpc3_1.1.0-1_amd64.deb ...
Unpacking libmpc3:amd64 (1.1.0-1) ...
Selecting previously unselected package cpp-8.
Preparing to unpack .../12-cpp-8_8.3.0-6_amd64.deb ...
Unpacking cpp-8 (8.3.0-6) ...
Selecting previously unselected package cpp.
Preparing to unpack .../13-cpp_4%3a8.3.0-1_amd64.deb ...
Unpacking cpp (4:8.3.0-1) ...
Selecting previously unselected package libcc1-0:amd64.
Preparing to unpack .../14-libcc1-0_8.3.0-6_amd64.deb ...
Unpacking libcc1-0:amd64 (8.3.0-6) ...
Selecting previously unselected package libgomp1:amd64.
Preparing to unpack .../15-libgomp1_8.3.0-6_amd64.deb ...
Unpacking libgomp1:amd64 (8.3.0-6) ...
Selecting previously unselected package libitm1:amd64.
Preparing to unpack .../16-libitm1_8.3.0-6_amd64.deb ...
Unpacking libitm1:amd64 (8.3.0-6) ...
Selecting previously unselected package libatomic1:amd64.
Preparing to unpack .../17-libatomic1_8.3.0-6_amd64.deb ...
Unpacking libatomic1:amd64 (8.3.0-6) ...
Selecting previously unselected package libasan5:amd64.
Preparing to unpack .../18-libasan5_8.3.0-6_amd64.deb ...
Unpacking libasan5:amd64 (8.3.0-6) ...
Selecting previously unselected package liblsan0:amd64.
Preparing to unpack .../19-liblsan0_8.3.0-6_amd64.deb ...
Unpacking liblsan0:amd64 (8.3.0-6) ...
Selecting previously unselected package libtsan0:amd64.
Preparing to unpack .../20-libtsan0_8.3.0-6_amd64.deb ...
Unpacking libtsan0:amd64 (8.3.0-6) ...
Selecting previously unselected package libubsan1:amd64.
Preparing to unpack .../21-libubsan1_8.3.0-6_amd64.deb ...
Unpacking libubsan1:amd64 (8.3.0-6) ...
Selecting previously unselected package libmpx2:amd64.
Preparing to unpack .../22-libmpx2_8.3.0-6_amd64.deb ...
Unpacking libmpx2:amd64 (8.3.0-6) ...
Selecting previously unselected package libquadmath0:amd64.
Preparing to unpack .../23-libquadmath0_8.3.0-6_amd64.deb ...
Unpacking libquadmath0:amd64 (8.3.0-6) ...
Selecting previously unselected package libgcc-8-dev:amd64.
Preparing to unpack .../24-libgcc-8-dev_8.3.0-6_amd64.deb ...
Unpacking libgcc-8-dev:amd64 (8.3.0-6) ...
Selecting previously unselected package gcc-8.
Preparing to unpack .../25-gcc-8_8.3.0-6_amd64.deb ...
Unpacking gcc-8 (8.3.0-6) ...
Selecting previously unselected package gcc.
Preparing to unpack .../26-gcc_4%3a8.3.0-1_amd64.deb ...
Unpacking gcc (4:8.3.0-1) ...
Selecting previously unselected package libstdc++-8-dev:amd64.
Preparing to unpack .../27-libstdc++-8-dev_8.3.0-6_amd64.deb ...
Unpacking libstdc++-8-dev:amd64 (8.3.0-6) ...
Selecting previously unselected package g++-8.
Preparing to unpack .../28-g++-8_8.3.0-6_amd64.deb ...
Unpacking g++-8 (8.3.0-6) ...
Selecting previously unselected package g++.
Preparing to unpack .../29-g++_4%3a8.3.0-1_amd64.deb ...
Unpacking g++ (4:8.3.0-1) ...
Selecting previously unselected package make.
Preparing to unpack .../30-make_4.2.1-1.2_amd64.deb ...
Unpacking make (4.2.1-1.2) ...
Selecting previously unselected package libdpkg-perl.
Preparing to unpack .../31-libdpkg-perl_1.19.7_all.deb ...
Unpacking libdpkg-perl (1.19.7) ...
Selecting previously unselected package dpkg-dev.
Preparing to unpack .../32-dpkg-dev_1.19.7_all.deb ...
Unpacking dpkg-dev (1.19.7) ...
Selecting previously unselected package build-essential.
Preparing to unpack .../33-build-essential_12.6_amd64.deb ...
Unpacking build-essential (12.6) ...
Selecting previously unselected package libassuan0:amd64.
Preparing to unpack .../34-libassuan0_2.5.2-1_amd64.deb ...
Unpacking libassuan0:amd64 (2.5.2-1) ...
Selecting previously unselected package gpgconf.
Preparing to unpack .../35-gpgconf_2.2.12-1+deb10u1_amd64.deb ...
Unpacking gpgconf (2.2.12-1+deb10u1) ...
Selecting previously unselected package libksba8:amd64.
Preparing to unpack .../36-libksba8_1.3.5-2_amd64.deb ...
Unpacking libksba8:amd64 (1.3.5-2) ...
Selecting previously unselected package libnpth0:amd64.
Preparing to unpack .../37-libnpth0_1.6-1_amd64.deb ...
Unpacking libnpth0:amd64 (1.6-1) ...
Selecting previously unselected package dirmngr.
Preparing to unpack .../38-dirmngr_2.2.12-1+deb10u1_amd64.deb ...
Unpacking dirmngr (2.2.12-1+deb10u1) ...
Selecting previously unselected package libfakeroot:amd64.
Preparing to unpack .../39-libfakeroot_1.23-1_amd64.deb ...
Unpacking libfakeroot:amd64 (1.23-1) ...
Selecting previously unselected package fakeroot.
Preparing to unpack .../40-fakeroot_1.23-1_amd64.deb ...
Unpacking fakeroot (1.23-1) ...
Selecting previously unselected package gnupg-l10n.
Preparing to unpack .../41-gnupg-l10n_2.2.12-1+deb10u1_all.deb ...
Unpacking gnupg-l10n (2.2.12-1+deb10u1) ...
Selecting previously unselected package gnupg-utils.
Preparing to unpack .../42-gnupg-utils_2.2.12-1+deb10u1_amd64.deb ...
Unpacking gnupg-utils (2.2.12-1+deb10u1) ...
Selecting previously unselected package gpg.
Preparing to unpack .../43-gpg_2.2.12-1+deb10u1_amd64.deb ...
Unpacking gpg (2.2.12-1+deb10u1) ...
Selecting previously unselected package pinentry-curses.
Preparing to unpack .../44-pinentry-curses_1.1.0-2_amd64.deb ...
Unpacking pinentry-curses (1.1.0-2) ...
Selecting previously unselected package gpg-agent.
Preparing to unpack .../45-gpg-agent_2.2.12-1+deb10u1_amd64.deb ...
Unpacking gpg-agent (2.2.12-1+deb10u1) ...
Selecting previously unselected package gpg-wks-client.
Preparing to unpack .../46-gpg-wks-client_2.2.12-1+deb10u1_amd64.deb ...
Unpacking gpg-wks-client (2.2.12-1+deb10u1) ...
Selecting previously unselected package gpg-wks-server.
Preparing to unpack .../47-gpg-wks-server_2.2.12-1+deb10u1_amd64.deb ...
Unpacking gpg-wks-server (2.2.12-1+deb10u1) ...
Selecting previously unselected package gpgsm.
Preparing to unpack .../48-gpgsm_2.2.12-1+deb10u1_amd64.deb ...
Unpacking gpgsm (2.2.12-1+deb10u1) ...
Selecting previously unselected package gnupg.
Preparing to unpack .../49-gnupg_2.2.12-1+deb10u1_all.deb ...
Unpacking gnupg (2.2.12-1+deb10u1) ...
Selecting previously unselected package libalgorithm-diff-perl.
Preparing to unpack .../50-libalgorithm-diff-perl_1.19.03-2_all.deb ...
Unpacking libalgorithm-diff-perl (1.19.03-2) ...
Selecting previously unselected package libalgorithm-diff-xs-perl.
Preparing to unpack .../51-libalgorithm-diff-xs-perl_0.04-5+b1_amd64.deb ...
Unpacking libalgorithm-diff-xs-perl (0.04-5+b1) ...
Selecting previously unselected package libalgorithm-merge-perl.
Preparing to unpack .../52-libalgorithm-merge-perl_0.08-3_all.deb ...
Unpacking libalgorithm-merge-perl (0.08-3) ...
Selecting previously unselected package libfile-fcntllock-perl.
Preparing to unpack .../53-libfile-fcntllock-perl_0.22-3+b5_amd64.deb ...
Unpacking libfile-fcntllock-perl (0.22-3+b5) ...
Selecting previously unselected package manpages-dev.
Preparing to unpack .../54-manpages-dev_4.16-2_all.deb ...
Unpacking manpages-dev (4.16-2) ...
Setting up libksba8:amd64 (1.3.5-2) ...
Setting up libfile-fcntllock-perl (0.22-3+b5) ...
Setting up libalgorithm-diff-perl (1.19.03-2) ...
Setting up manpages (4.16-2) ...
Setting up binutils-common:amd64 (2.31.1-16) ...
Setting up linux-libc-dev:amd64 (4.19.160-2) ...
Setting up libnpth0:amd64 (1.6-1) ...
Setting up libassuan0:amd64 (2.5.2-1) ...
Setting up libgomp1:amd64 (8.3.0-6) ...
Setting up libfakeroot:amd64 (1.23-1) ...
Setting up fakeroot (1.23-1) ...
update-alternatives: using /usr/bin/fakeroot-sysv to provide /usr/bin/fakeroot (fakeroot) in auto mode
update-alternatives: warning: skip creation of /usr/share/man/man1/fakeroot.1.gz because associated file /usr/share/man/man1/fakeroot-sysv.1.gz (of link group fakeroot) doesn't exist
update-alternatives: warning: skip creation of /usr/share/man/man1/faked.1.gz because associated file /usr/share/man/man1/faked-sysv.1.gz (of link group fakeroot) doesn't exist
update-alternatives: warning: skip creation of /usr/share/man/es/man1/fakeroot.1.gz because associated file /usr/share/man/es/man1/fakeroot-sysv.1.gz (of link group fakeroot) doesn't exist
update-alternatives: warning: skip creation of /usr/share/man/es/man1/faked.1.gz because associated file /usr/share/man/es/man1/faked-sysv.1.gz (of link group fakeroot) doesn't exist
update-alternatives: warning: skip creation of /usr/share/man/fr/man1/fakeroot.1.gz because associated file /usr/share/man/fr/man1/fakeroot-sysv.1.gz (of link group fakeroot) doesn't exist
update-alternatives: warning: skip creation of /usr/share/man/fr/man1/faked.1.gz because associated file /usr/share/man/fr/man1/faked-sysv.1.gz (of link group fakeroot) doesn't exist
update-alternatives: warning: skip creation of /usr/share/man/sv/man1/fakeroot.1.gz because associated file /usr/share/man/sv/man1/fakeroot-sysv.1.gz (of link group fakeroot) doesn't exist
update-alternatives: warning: skip creation of /usr/share/man/sv/man1/faked.1.gz because associated file /usr/share/man/sv/man1/faked-sysv.1.gz (of link group fakeroot) doesn't exist
Setting up libasan5:amd64 (8.3.0-6) ...
Setting up make (4.2.1-1.2) ...
Setting up libmpfr6:amd64 (4.0.2-1) ...
Setting up gnupg-l10n (2.2.12-1+deb10u1) ...
Setting up libquadmath0:amd64 (8.3.0-6) ...
Setting up libmpc3:amd64 (1.1.0-1) ...
Setting up libatomic1:amd64 (8.3.0-6) ...
Setting up libdpkg-perl (1.19.7) ...
Setting up libmpx2:amd64 (8.3.0-6) ...
Setting up libubsan1:amd64 (8.3.0-6) ...
Setting up libisl19:amd64 (0.20-2) ...
Setting up gpgconf (2.2.12-1+deb10u1) ...
Setting up libbinutils:amd64 (2.31.1-16) ...
Setting up cpp-8 (8.3.0-6) ...
Setting up libc-dev-bin (2.28-10) ...
Setting up libalgorithm-diff-xs-perl (0.04-5+b1) ...
Setting up libcc1-0:amd64 (8.3.0-6) ...
Setting up liblocale-gettext-perl (1.07-3+b4) ...
Setting up gpg (2.2.12-1+deb10u1) ...
Setting up liblsan0:amd64 (8.3.0-6) ...
Setting up libitm1:amd64 (8.3.0-6) ...
Setting up libalgorithm-merge-perl (0.08-3) ...
Setting up gnupg-utils (2.2.12-1+deb10u1) ...
Setting up binutils-x86-64-linux-gnu (2.31.1-16) ...
Setting up libtsan0:amd64 (8.3.0-6) ...
Setting up pinentry-curses (1.1.0-2) ...
Setting up manpages-dev (4.16-2) ...
Setting up gpg-agent (2.2.12-1+deb10u1) ...
Setting up gpgsm (2.2.12-1+deb10u1) ...
Setting up binutils (2.31.1-16) ...
Setting up dpkg-dev (1.19.7) ...
Setting up dirmngr (2.2.12-1+deb10u1) ...
Setting up libgcc-8-dev:amd64 (8.3.0-6) ...
Setting up gpg-wks-server (2.2.12-1+deb10u1) ...
Setting up cpp (4:8.3.0-1) ...
Setting up libc6-dev:amd64 (2.28-10) ...
Setting up libstdc++-8-dev:amd64 (8.3.0-6) ...
Setting up gcc-8 (8.3.0-6) ...
Setting up gpg-wks-client (2.2.12-1+deb10u1) ...
Setting up gcc (4:8.3.0-1) ...
Setting up g++-8 (8.3.0-6) ...
Setting up gnupg (2.2.12-1+deb10u1) ...
Setting up g++ (4:8.3.0-1) ...
update-alternatives: using /usr/bin/g++ to provide /usr/bin/c++ (c++) in auto mode
Setting up build-essential (12.6) ...
Processing triggers for libc-bin (2.28-10) ...
Removing intermediate container ce4651bab3a4
 ---> b16f62870ce4
Step 8/15 : RUN mkdir microservice
 ---> Running in 533d7207f04a
Removing intermediate container 533d7207f04a
 ---> 4336422e21ee
Step 9/15 : WORKDIR /microservice
 ---> Running in d9ed76786221
Removing intermediate container d9ed76786221
 ---> deaaaf2f9398
Step 10/15 : COPY ./s2i/bin/ /s2i/bin
 ---> 0307da05d461
Step 11/15 : COPY _python /microservice
 ---> 97b3ac12727d
Step 12/15 : COPY version.txt /microservice/version.txt
 ---> c40e3c18eb2a
Step 13/15 : RUN cd /microservice/python && make install
 ---> Running in d964c63f9f77
pip install -e .
Obtaining file:///microservice/python
Requirement already satisfied: requests<3.0.0 in /opt/conda/lib/python3.6/site-packages (from seldon-core==1.6.0.dev0) (2.25.1)
Requirement already satisfied: setuptools>=41.0.0 in /opt/conda/lib/python3.6/site-packages (from seldon-core==1.6.0.dev0) (52.0.0.post20210125)
Collecting Flask<2.0.0
  Downloading Flask-1.1.2-py2.py3-none-any.whl (94 kB)
Collecting click>=5.1
  Downloading click-7.1.2-py2.py3-none-any.whl (82 kB)
Collecting Flask-cors<4.0.0
  Downloading Flask_Cors-3.0.10-py2.py3-none-any.whl (14 kB)
Requirement already satisfied: Six in /opt/conda/lib/python3.6/site-packages (from Flask-cors<4.0.0->seldon-core==1.6.0.dev0) (1.15.0)
Collecting Flask-OpenTracing<1.2.0,>=1.1.0
  Downloading Flask-OpenTracing-1.1.0.tar.gz (8.2 kB)
Collecting flatbuffers<2.0.0
  Downloading flatbuffers-1.12-py2.py3-none-any.whl (15 kB)
Collecting grpcio<2.0.0
  Downloading grpcio-1.35.0-cp36-cp36m-manylinux2014_x86_64.whl (4.1 MB)
Collecting grpcio-opentracing<1.2.0,>=1.1.4
  Downloading grpcio_opentracing-1.1.4-py3-none-any.whl (14 kB)
Collecting grpcio-reflection<1.35.0
  Downloading grpcio-reflection-1.34.1.tar.gz (11 kB)
Collecting gunicorn<20.1.0,>=19.9.0
  Downloading gunicorn-20.0.4-py2.py3-none-any.whl (77 kB)
Collecting itsdangerous>=0.24
  Downloading itsdangerous-1.1.0-py2.py3-none-any.whl (16 kB)
Collecting jaeger-client<4.5.0,>=4.1.0
  Downloading jaeger-client-4.4.0.tar.gz (83 kB)
Collecting Jinja2>=2.10.1
  Downloading Jinja2-2.11.2-py2.py3-none-any.whl (125 kB)
Collecting jsonschema<4.0.0
  Downloading jsonschema-3.2.0-py2.py3-none-any.whl (56 kB)
Collecting attrs>=17.4.0
  Downloading attrs-20.3.0-py2.py3-none-any.whl (49 kB)
Collecting MarkupSafe>=0.23
  Downloading MarkupSafe-1.1.1-cp36-cp36m-manylinux1_x86_64.whl (27 kB)
Collecting numpy<2.0.0
  Downloading numpy-1.19.5-cp36-cp36m-manylinux2010_x86_64.whl (14.8 MB)
Collecting opentracing<2.5.0,>=2.2.0
  Downloading opentracing-2.4.0.tar.gz (46 kB)
Collecting prometheus_client<0.9.0,>=0.7.1
  Downloading prometheus_client-0.8.0-py2.py3-none-any.whl (53 kB)
Collecting protobuf<4.0.0
  Downloading protobuf-3.14.0-cp36-cp36m-manylinux1_x86_64.whl (1.0 MB)
Collecting pyrsistent>=0.14.0
  Downloading pyrsistent-0.17.3.tar.gz (106 kB)
Collecting PyYAML<5.4
  Downloading PyYAML-5.3.1.tar.gz (269 kB)
Collecting redis<4.0.0
  Downloading redis-3.5.3-py2.py3-none-any.whl (72 kB)
Requirement already satisfied: urllib3<1.27,>=1.21.1 in /opt/conda/lib/python3.6/site-packages (from requests<3.0.0->seldon-core==1.6.0.dev0) (1.26.2)
Requirement already satisfied: certifi>=2017.4.17 in /opt/conda/lib/python3.6/site-packages (from requests<3.0.0->seldon-core==1.6.0.dev0) (2020.12.5)
Requirement already satisfied: idna<3,>=2.5 in /opt/conda/lib/python3.6/site-packages (from requests<3.0.0->seldon-core==1.6.0.dev0) (2.10)
Requirement already satisfied: chardet<5,>=3.0.2 in /opt/conda/lib/python3.6/site-packages (from requests<3.0.0->seldon-core==1.6.0.dev0) (4.0.0)
Collecting threadloop<2,>=1
  Downloading threadloop-1.0.2.tar.gz (4.9 kB)
Collecting tornado>=4.3
  Downloading tornado-6.1-cp36-cp36m-manylinux2010_x86_64.whl (427 kB)
Collecting Werkzeug>=0.15
  Downloading Werkzeug-1.0.1-py2.py3-none-any.whl (298 kB)
Collecting importlib-metadata
  Downloading importlib_metadata-3.4.0-py3-none-any.whl (10 kB)
Collecting typing-extensions>=3.6.4
  Downloading typing_extensions-3.7.4.3-py3-none-any.whl (22 kB)
Collecting zipp>=0.5
  Downloading zipp-3.4.0-py3-none-any.whl (5.2 kB)
Collecting thrift
  Downloading thrift-0.13.0.tar.gz (59 kB)
Building wheels for collected packages: Flask-OpenTracing, grpcio-reflection, jaeger-client, opentracing, pyrsistent, PyYAML, threadloop, thrift
  Building wheel for Flask-OpenTracing (setup.py): started
  Building wheel for Flask-OpenTracing (setup.py): finished with status 'done'
  Created wheel for Flask-OpenTracing: filename=Flask_OpenTracing-1.1.0-py3-none-any.whl size=9069 sha256=63da4865ac2bb56bc8c363711c958ba7e0b25517b9924cc4fb58e69db6c4aedf
  Stored in directory: /root/.cache/pip/wheels/ad/4b/2d/24ff0da0a0b53c7c77ce59b843bcceaf644c88703241e59615
  Building wheel for grpcio-reflection (setup.py): started
  Building wheel for grpcio-reflection (setup.py): finished with status 'done'
  Created wheel for grpcio-reflection: filename=grpcio_reflection-1.34.1-py3-none-any.whl size=14413 sha256=538a10a0f21ac14a9e464703a19a340e517f9d6383a5042d8de27775f5dd3325
  Stored in directory: /root/.cache/pip/wheels/9b/84/80/81f4dc4afff82cce892567df37472395abf1a1bb675caec1ec
  Building wheel for jaeger-client (setup.py): started
  Building wheel for jaeger-client (setup.py): finished with status 'done'
  Created wheel for jaeger-client: filename=jaeger_client-4.4.0-py3-none-any.whl size=64325 sha256=30159bba7aa3f7558ea3e29d893c6e0da779d5dabceffe90ba2fcdc5d798f1c3
  Stored in directory: /root/.cache/pip/wheels/6e/ea/ec/560f1cffece42c70b9c68b1dc3519c769883650396adcb90b7
  Building wheel for opentracing (setup.py): started
  Building wheel for opentracing (setup.py): finished with status 'done'
  Created wheel for opentracing: filename=opentracing-2.4.0-py3-none-any.whl size=51399 sha256=c7eeb8f646f9bc789872d3ec6e4544a6260e3df6e3785cecfb98811a04536427
  Stored in directory: /root/.cache/pip/wheels/83/73/4c/0e331f57d4702becb1fca9d9148277aca96d127bd838faf85e
  Building wheel for pyrsistent (setup.py): started
  Building wheel for pyrsistent (setup.py): finished with status 'done'
  Created wheel for pyrsistent: filename=pyrsistent-0.17.3-cp36-cp36m-linux_x86_64.whl size=122558 sha256=df0a28f6d89ddf46a62e8a066dee56d98241d889910fdd4771cd034fa7f220e5
  Stored in directory: /root/.cache/pip/wheels/34/13/19/294da8e11bce7e563afee51251b9fa878185e14f4b5caf00cb
  Building wheel for PyYAML (setup.py): started
  Building wheel for PyYAML (setup.py): finished with status 'done'
  Created wheel for PyYAML: filename=PyYAML-5.3.1-cp36-cp36m-linux_x86_64.whl size=44621 sha256=cfc1874748e5431dc7ac1e22d6c7e7c85520ac27cafa256326991db60fac7f83
  Stored in directory: /root/.cache/pip/wheels/e5/9d/ad/2ee53cf262cba1ffd8afe1487eef788ea3f260b7e6232a80fc
  Building wheel for threadloop (setup.py): started
  Building wheel for threadloop (setup.py): finished with status 'done'
  Created wheel for threadloop: filename=threadloop-1.0.2-py3-none-any.whl size=3422 sha256=1323408933bd0f47c4d044a947f1a500509cc23b1bd9fb2854172c764e596300
  Stored in directory: /root/.cache/pip/wheels/02/54/65/9f87de48fe8fcaaee30f279973d946ad55f9df56b93b3e78da
  Building wheel for thrift (setup.py): started
  Building wheel for thrift (setup.py): finished with status 'done'
  Created wheel for thrift: filename=thrift-0.13.0-cp36-cp36m-linux_x86_64.whl size=483968 sha256=c36d0cdb3f5a91e2575a9ce6d2810275c639d4287d4f4bea94e7c5b830bba64f
  Stored in directory: /root/.cache/pip/wheels/e0/38/fc/472fe18756b177b42096961f8bd3ff2dc5c5620ac399fce52d
Successfully built Flask-OpenTracing grpcio-reflection jaeger-client opentracing pyrsistent PyYAML threadloop thrift
Installing collected packages: MarkupSafe, zipp, Werkzeug, typing-extensions, tornado, Jinja2, itsdangerous, click, thrift, threadloop, pyrsistent, protobuf, opentracing, importlib-metadata, grpcio, Flask, attrs, redis, PyYAML, prometheus-client, numpy, jsonschema, jaeger-client, gunicorn, grpcio-reflection, grpcio-opentracing, flatbuffers, Flask-OpenTracing, Flask-cors, seldon-core
  Running setup.py develop for seldon-core
Successfully installed Flask-1.1.2 Flask-OpenTracing-1.1.0 Flask-cors-3.0.10 Jinja2-2.11.2 MarkupSafe-1.1.1 PyYAML-5.3.1 Werkzeug-1.0.1 attrs-20.3.0 click-7.1.2 flatbuffers-1.12 grpcio-1.35.0 grpcio-opentracing-1.1.4 grpcio-reflection-1.34.1 gunicorn-20.0.4 importlib-metadata-3.4.0 itsdangerous-1.1.0 jaeger-client-4.4.0 jsonschema-3.2.0 numpy-1.19.5 opentracing-2.4.0 prometheus-client-0.8.0 protobuf-3.14.0 pyrsistent-0.17.3 redis-3.5.3 seldon-core threadloop-1.0.2 thrift-0.13.0 tornado-6.1 typing-extensions-3.7.4.3 zipp-3.4.0
Removing intermediate container d964c63f9f77
 ---> a97afd2fa49a
Step 14/15 : RUN mkdir -p /.conda && chmod a+rwx /.conda
 ---> Running in de7e6ace265d
Removing intermediate container de7e6ace265d
 ---> 8b59b8d6fb6e
Step 15/15 : EXPOSE 5000
 ---> Running in 59b416f27ed6
Removing intermediate container 59b416f27ed6
 ---> a5f1bfbe50fa
Successfully built a5f1bfbe50fa
Successfully tagged seldonio/seldon-core-s2i-python36:1.6.0-dev
make[1]: Leaving directory '/workspace/source/wrappers/s2i/python'
make[1]: Entering directory '/workspace/source/wrappers/s2i/python'
mkdir -p _python
cp ../../../version.txt version.txt
cp -r ../../../python _python
set -x && docker build -f Dockerfile.local --build-arg PYTHON_VERSION=3.7 --build-arg CONDA_VERSION=4.7.12 --build-arg BASE_IMAGE=continuumio/miniconda3 -t docker.io/seldonio/seldon-core-s2i-python`echo -n 3.7 | sed 's/\.//g'`:1.6.0-dev .
++ echo -n 3.7
++ sed 's/\.//g'
+ docker build -f Dockerfile.local --build-arg PYTHON_VERSION=3.7 --build-arg CONDA_VERSION=4.7.12 --build-arg BASE_IMAGE=continuumio/miniconda3 -t docker.io/seldonio/seldon-core-s2i-python37:1.6.0-dev .
Sending build context to Docker daemon  1.153MB
Step 1/15 : ARG CONDA_VERSION
Step 2/15 : ARG BASE_IMAGE
Step 3/15 : FROM $BASE_IMAGE:$CONDA_VERSION
 ---> 406f2b43ea59
Step 4/15 : LABEL io.openshift.s2i.scripts-url="image:///s2i/bin"
 ---> Using cache
 ---> d47b4b39f90c
Step 5/15 : ARG PYTHON_VERSION
 ---> Using cache
 ---> 98caf4d8e259
Step 6/15 : RUN conda install --yes python=$PYTHON_VERSION conda=$CONDA_VERSION
 ---> Running in 45ca6f31e7b7
Collecting package metadata (current_repodata.json): ...working... done
Solving environment: ...working... done

## Package Plan ##

  environment location: /opt/conda

  added / updated specs:
    - conda
    - python=3.7


The following packages will be downloaded:

    package                    |            build
    ---------------------------|-----------------
    ca-certificates-2021.1.19  |       h06a4308_0         121 KB
    certifi-2020.12.5          |   py37h06a4308_0         141 KB
    conda-4.9.2                |   py37h06a4308_0         2.9 MB
    openssl-1.1.1i             |       h27cfd23_0         2.5 MB
    ------------------------------------------------------------
                                           Total:         5.6 MB

The following packages will be UPDATED:

  ca-certificates                               2019.8.28-0 --> 2021.1.19-h06a4308_0
  certifi                                  2019.9.11-py37_0 --> 2020.12.5-py37h06a4308_0
  conda                                       4.7.12-py37_0 --> 4.9.2-py37h06a4308_0
  openssl                                 1.1.1d-h7b6447c_2 --> 1.1.1i-h27cfd23_0



Downloading and Extracting Packages
certifi-2020.12.5    | 141 KB    |            |   0% certifi-2020.12.5    | 141 KB    | ########## | 100% 
openssl-1.1.1i       | 2.5 MB    |            |   0% openssl-1.1.1i       | 2.5 MB    | ########## | 100% 
ca-certificates-2021 | 121 KB    |            |   0% ca-certificates-2021 | 121 KB    | ########## | 100% 
conda-4.9.2          | 2.9 MB    |            |   0% conda-4.9.2          | 2.9 MB    | ##9        |  29% conda-4.9.2          | 2.9 MB    | ########## | 100% 
Preparing transaction: ...working... done
Verifying transaction: ...working... done
Executing transaction: ...working... done
Removing intermediate container 45ca6f31e7b7
 ---> 4102097cafca
Step 7/15 : RUN apt-get update --yes && apt-get install --yes gcc make build-essential
 ---> Running in 484cc89ddf0b
Get:1 http://security.debian.org/debian-security buster/updates InRelease [65.4 kB]
Get:2 http://deb.debian.org/debian buster InRelease [121 kB]
Get:3 http://deb.debian.org/debian buster-updates InRelease [51.9 kB]
Get:4 http://security.debian.org/debian-security buster/updates/main amd64 Packages [270 kB]
Get:5 http://deb.debian.org/debian buster/main amd64 Packages [7907 kB]
Get:6 http://deb.debian.org/debian buster-updates/main amd64 Packages.diff/Index [4672 B]
Get:7 http://deb.debian.org/debian buster-updates/main amd64 Packages 2020-02-23-2017.41.pdiff [2162 B]
Get:8 http://deb.debian.org/debian buster-updates/main amd64 Packages 2020-06-04-2016.16.pdiff [1101 B]
Get:9 http://deb.debian.org/debian buster-updates/main amd64 Packages 2020-06-07-1403.53.pdiff [439 B]
Get:10 http://deb.debian.org/debian buster-updates/main amd64 Packages 2020-06-13-2000.26.pdiff [552 B]
Get:11 http://deb.debian.org/debian buster-updates/main amd64 Packages 2020-10-24-2001.35.pdiff [286 B]
Get:12 http://deb.debian.org/debian buster-updates/main amd64 Packages 2020-12-24-1401.30.pdiff [286 B]
Get:12 http://deb.debian.org/debian buster-updates/main amd64 Packages 2020-12-24-1401.30.pdiff [286 B]
Fetched 8426 kB in 2s (3578 kB/s)
Reading package lists...
Reading package lists...
Building dependency tree...
Reading state information...
The following additional packages will be installed:
  binutils binutils-common binutils-x86-64-linux-gnu cpp cpp-8 dirmngr
  dpkg-dev fakeroot g++ g++-8 gcc-8 gnupg gnupg-l10n gnupg-utils gpg gpg-agent
  gpg-wks-client gpg-wks-server gpgconf gpgsm libalgorithm-diff-perl
  libalgorithm-diff-xs-perl libalgorithm-merge-perl libasan5 libassuan0
  libatomic1 libbinutils libc-dev-bin libc6-dev libcc1-0 libdpkg-perl
  libfakeroot libfile-fcntllock-perl libgcc-8-dev libgomp1 libisl19 libitm1
  libksba8 liblocale-gettext-perl liblsan0 libmpc3 libmpfr6 libmpx2 libnpth0
  libquadmath0 libstdc++-8-dev libtsan0 libubsan1 linux-libc-dev manpages
  manpages-dev pinentry-curses
Suggested packages:
  binutils-doc cpp-doc gcc-8-locales dbus-user-session libpam-systemd
  pinentry-gnome3 tor debian-keyring g++-multilib g++-8-multilib gcc-8-doc
  libstdc++6-8-dbg gcc-multilib autoconf automake libtool flex bison gdb
  gcc-doc gcc-8-multilib libgcc1-dbg libgomp1-dbg libitm1-dbg libatomic1-dbg
  libasan5-dbg liblsan0-dbg libtsan0-dbg libubsan1-dbg libmpx2-dbg
  libquadmath0-dbg parcimonie xloadimage scdaemon glibc-doc bzr
  libstdc++-8-doc make-doc man-browser pinentry-doc
The following NEW packages will be installed:
  binutils binutils-common binutils-x86-64-linux-gnu build-essential cpp cpp-8
  dirmngr dpkg-dev fakeroot g++ g++-8 gcc gcc-8 gnupg gnupg-l10n gnupg-utils
  gpg gpg-agent gpg-wks-client gpg-wks-server gpgconf gpgsm
  libalgorithm-diff-perl libalgorithm-diff-xs-perl libalgorithm-merge-perl
  libasan5 libassuan0 libatomic1 libbinutils libc-dev-bin libc6-dev libcc1-0
  libdpkg-perl libfakeroot libfile-fcntllock-perl libgcc-8-dev libgomp1
  libisl19 libitm1 libksba8 liblocale-gettext-perl liblsan0 libmpc3 libmpfr6
  libmpx2 libnpth0 libquadmath0 libstdc++-8-dev libtsan0 libubsan1
  linux-libc-dev make manpages manpages-dev pinentry-curses
0 upgraded, 55 newly installed, 0 to remove and 52 not upgraded.
Need to get 57.8 MB of archives.
After this operation, 202 MB of additional disk space will be used.
Get:1 http://deb.debian.org/debian buster/main amd64 liblocale-gettext-perl amd64 1.07-3+b4 [18.9 kB]
Get:2 http://deb.debian.org/debian buster/main amd64 manpages all 4.16-2 [1295 kB]
Get:3 http://deb.debian.org/debian buster/main amd64 binutils-common amd64 2.31.1-16 [2073 kB]
Get:4 http://deb.debian.org/debian buster/main amd64 libbinutils amd64 2.31.1-16 [478 kB]
Get:5 http://deb.debian.org/debian buster/main amd64 binutils-x86-64-linux-gnu amd64 2.31.1-16 [1823 kB]
Get:6 http://deb.debian.org/debian buster/main amd64 binutils amd64 2.31.1-16 [56.8 kB]
Get:7 http://deb.debian.org/debian buster/main amd64 libc-dev-bin amd64 2.28-10 [275 kB]
Get:8 http://deb.debian.org/debian buster/main amd64 linux-libc-dev amd64 4.19.160-2 [1416 kB]
Get:9 http://deb.debian.org/debian buster/main amd64 libc6-dev amd64 2.28-10 [2691 kB]
Get:10 http://deb.debian.org/debian buster/main amd64 libisl19 amd64 0.20-2 [587 kB]
Get:11 http://deb.debian.org/debian buster/main amd64 libmpfr6 amd64 4.0.2-1 [775 kB]
Get:12 http://deb.debian.org/debian buster/main amd64 libmpc3 amd64 1.1.0-1 [41.3 kB]
Get:13 http://deb.debian.org/debian buster/main amd64 cpp-8 amd64 8.3.0-6 [8914 kB]
Get:14 http://deb.debian.org/debian buster/main amd64 cpp amd64 4:8.3.0-1 [19.4 kB]
Get:15 http://deb.debian.org/debian buster/main amd64 libcc1-0 amd64 8.3.0-6 [46.6 kB]
Get:16 http://deb.debian.org/debian buster/main amd64 libgomp1 amd64 8.3.0-6 [75.8 kB]
Get:17 http://deb.debian.org/debian buster/main amd64 libitm1 amd64 8.3.0-6 [27.7 kB]
Get:18 http://deb.debian.org/debian buster/main amd64 libatomic1 amd64 8.3.0-6 [9032 B]
Get:19 http://deb.debian.org/debian buster/main amd64 libasan5 amd64 8.3.0-6 [362 kB]
Get:20 http://deb.debian.org/debian buster/main amd64 liblsan0 amd64 8.3.0-6 [131 kB]
Get:21 http://deb.debian.org/debian buster/main amd64 libtsan0 amd64 8.3.0-6 [283 kB]
Get:22 http://deb.debian.org/debian buster/main amd64 libubsan1 amd64 8.3.0-6 [120 kB]
Get:23 http://deb.debian.org/debian buster/main amd64 libmpx2 amd64 8.3.0-6 [11.4 kB]
Get:24 http://deb.debian.org/debian buster/main amd64 libquadmath0 amd64 8.3.0-6 [133 kB]
Get:25 http://deb.debian.org/debian buster/main amd64 libgcc-8-dev amd64 8.3.0-6 [2298 kB]
Get:26 http://deb.debian.org/debian buster/main amd64 gcc-8 amd64 8.3.0-6 [9452 kB]
Get:27 http://deb.debian.org/debian buster/main amd64 gcc amd64 4:8.3.0-1 [5196 B]
Get:28 http://deb.debian.org/debian buster/main amd64 libstdc++-8-dev amd64 8.3.0-6 [1532 kB]
Get:29 http://deb.debian.org/debian buster/main amd64 g++-8 amd64 8.3.0-6 [9752 kB]
Get:30 http://deb.debian.org/debian buster/main amd64 g++ amd64 4:8.3.0-1 [1644 B]
Get:31 http://deb.debian.org/debian buster/main amd64 make amd64 4.2.1-1.2 [341 kB]
Get:32 http://deb.debian.org/debian buster/main amd64 libdpkg-perl all 1.19.7 [1414 kB]
Get:33 http://deb.debian.org/debian buster/main amd64 dpkg-dev all 1.19.7 [1773 kB]
Get:34 http://deb.debian.org/debian buster/main amd64 build-essential amd64 12.6 [7576 B]
Get:35 http://deb.debian.org/debian buster/main amd64 libassuan0 amd64 2.5.2-1 [49.4 kB]
Get:36 http://deb.debian.org/debian buster/main amd64 gpgconf amd64 2.2.12-1+deb10u1 [510 kB]
Get:37 http://deb.debian.org/debian buster/main amd64 libksba8 amd64 1.3.5-2 [99.7 kB]
Get:38 http://deb.debian.org/debian buster/main amd64 libnpth0 amd64 1.6-1 [18.4 kB]
Get:39 http://deb.debian.org/debian buster/main amd64 dirmngr amd64 2.2.12-1+deb10u1 [712 kB]
Get:40 http://deb.debian.org/debian buster/main amd64 libfakeroot amd64 1.23-1 [45.9 kB]
Get:41 http://deb.debian.org/debian buster/main amd64 fakeroot amd64 1.23-1 [85.8 kB]
Get:42 http://deb.debian.org/debian buster/main amd64 gnupg-l10n all 2.2.12-1+deb10u1 [1010 kB]
Get:43 http://deb.debian.org/debian buster/main amd64 gnupg-utils amd64 2.2.12-1+deb10u1 [861 kB]
Get:44 http://deb.debian.org/debian buster/main amd64 gpg amd64 2.2.12-1+deb10u1 [865 kB]
Get:45 http://deb.debian.org/debian buster/main amd64 pinentry-curses amd64 1.1.0-2 [64.5 kB]
Get:46 http://deb.debian.org/debian buster/main amd64 gpg-agent amd64 2.2.12-1+deb10u1 [617 kB]
Get:47 http://deb.debian.org/debian buster/main amd64 gpg-wks-client amd64 2.2.12-1+deb10u1 [485 kB]
Get:48 http://deb.debian.org/debian buster/main amd64 gpg-wks-server amd64 2.2.12-1+deb10u1 [478 kB]
Get:49 http://deb.debian.org/debian buster/main amd64 gpgsm amd64 2.2.12-1+deb10u1 [604 kB]
Get:50 http://deb.debian.org/debian buster/main amd64 gnupg all 2.2.12-1+deb10u1 [715 kB]
Get:51 http://deb.debian.org/debian buster/main amd64 libalgorithm-diff-perl all 1.19.03-2 [47.9 kB]
Get:52 http://deb.debian.org/debian buster/main amd64 libalgorithm-diff-xs-perl amd64 0.04-5+b1 [11.8 kB]
Get:53 http://deb.debian.org/debian buster/main amd64 libalgorithm-merge-perl all 0.08-3 [12.7 kB]
Get:54 http://deb.debian.org/debian buster/main amd64 libfile-fcntllock-perl amd64 0.22-3+b5 [35.4 kB]
Get:55 http://deb.debian.org/debian buster/main amd64 manpages-dev all 4.16-2 [2232 kB]
[91mdebconf: delaying package configuration, since apt-utils is not installed
[0mFetched 57.8 MB in 1s (62.6 MB/s)
Selecting previously unselected package liblocale-gettext-perl.
(Reading database ... (Reading database ... 5%(Reading database ... 10%(Reading database ... 15%(Reading database ... 20%(Reading database ... 25%(Reading database ... 30%(Reading database ... 35%(Reading database ... 40%(Reading database ... 45%(Reading database ... 50%(Reading database ... 55%(Reading database ... 60%(Reading database ... 65%(Reading database ... 70%(Reading database ... 75%(Reading database ... 80%(Reading database ... 85%(Reading database ... 90%(Reading database ... 95%(Reading database ... 100%(Reading database ... 12557 files and directories currently installed.)
Preparing to unpack .../00-liblocale-gettext-perl_1.07-3+b4_amd64.deb ...
Unpacking liblocale-gettext-perl (1.07-3+b4) ...
Selecting previously unselected package manpages.
Preparing to unpack .../01-manpages_4.16-2_all.deb ...
Unpacking manpages (4.16-2) ...
Selecting previously unselected package binutils-common:amd64.
Preparing to unpack .../02-binutils-common_2.31.1-16_amd64.deb ...
Unpacking binutils-common:amd64 (2.31.1-16) ...
Selecting previously unselected package libbinutils:amd64.
Preparing to unpack .../03-libbinutils_2.31.1-16_amd64.deb ...
Unpacking libbinutils:amd64 (2.31.1-16) ...
Selecting previously unselected package binutils-x86-64-linux-gnu.
Preparing to unpack .../04-binutils-x86-64-linux-gnu_2.31.1-16_amd64.deb ...
Unpacking binutils-x86-64-linux-gnu (2.31.1-16) ...
Selecting previously unselected package binutils.
Preparing to unpack .../05-binutils_2.31.1-16_amd64.deb ...
Unpacking binutils (2.31.1-16) ...
Selecting previously unselected package libc-dev-bin.
Preparing to unpack .../06-libc-dev-bin_2.28-10_amd64.deb ...
Unpacking libc-dev-bin (2.28-10) ...
Selecting previously unselected package linux-libc-dev:amd64.
Preparing to unpack .../07-linux-libc-dev_4.19.160-2_amd64.deb ...
Unpacking linux-libc-dev:amd64 (4.19.160-2) ...
Selecting previously unselected package libc6-dev:amd64.
Preparing to unpack .../08-libc6-dev_2.28-10_amd64.deb ...
Unpacking libc6-dev:amd64 (2.28-10) ...
Selecting previously unselected package libisl19:amd64.
Preparing to unpack .../09-libisl19_0.20-2_amd64.deb ...
Unpacking libisl19:amd64 (0.20-2) ...
Selecting previously unselected package libmpfr6:amd64.
Preparing to unpack .../10-libmpfr6_4.0.2-1_amd64.deb ...
Unpacking libmpfr6:amd64 (4.0.2-1) ...
Selecting previously unselected package libmpc3:amd64.
Preparing to unpack .../11-libmpc3_1.1.0-1_amd64.deb ...
Unpacking libmpc3:amd64 (1.1.0-1) ...
Selecting previously unselected package cpp-8.
Preparing to unpack .../12-cpp-8_8.3.0-6_amd64.deb ...
Unpacking cpp-8 (8.3.0-6) ...
Selecting previously unselected package cpp.
Preparing to unpack .../13-cpp_4%3a8.3.0-1_amd64.deb ...
Unpacking cpp (4:8.3.0-1) ...
Selecting previously unselected package libcc1-0:amd64.
Preparing to unpack .../14-libcc1-0_8.3.0-6_amd64.deb ...
Unpacking libcc1-0:amd64 (8.3.0-6) ...
Selecting previously unselected package libgomp1:amd64.
Preparing to unpack .../15-libgomp1_8.3.0-6_amd64.deb ...
Unpacking libgomp1:amd64 (8.3.0-6) ...
Selecting previously unselected package libitm1:amd64.
Preparing to unpack .../16-libitm1_8.3.0-6_amd64.deb ...
Unpacking libitm1:amd64 (8.3.0-6) ...
Selecting previously unselected package libatomic1:amd64.
Preparing to unpack .../17-libatomic1_8.3.0-6_amd64.deb ...
Unpacking libatomic1:amd64 (8.3.0-6) ...
Selecting previously unselected package libasan5:amd64.
Preparing to unpack .../18-libasan5_8.3.0-6_amd64.deb ...
Unpacking libasan5:amd64 (8.3.0-6) ...
Selecting previously unselected package liblsan0:amd64.
Preparing to unpack .../19-liblsan0_8.3.0-6_amd64.deb ...
Unpacking liblsan0:amd64 (8.3.0-6) ...
Selecting previously unselected package libtsan0:amd64.
Preparing to unpack .../20-libtsan0_8.3.0-6_amd64.deb ...
Unpacking libtsan0:amd64 (8.3.0-6) ...
Selecting previously unselected package libubsan1:amd64.
Preparing to unpack .../21-libubsan1_8.3.0-6_amd64.deb ...
Unpacking libubsan1:amd64 (8.3.0-6) ...
Selecting previously unselected package libmpx2:amd64.
Preparing to unpack .../22-libmpx2_8.3.0-6_amd64.deb ...
Unpacking libmpx2:amd64 (8.3.0-6) ...
Selecting previously unselected package libquadmath0:amd64.
Preparing to unpack .../23-libquadmath0_8.3.0-6_amd64.deb ...
Unpacking libquadmath0:amd64 (8.3.0-6) ...
Selecting previously unselected package libgcc-8-dev:amd64.
Preparing to unpack .../24-libgcc-8-dev_8.3.0-6_amd64.deb ...
Unpacking libgcc-8-dev:amd64 (8.3.0-6) ...
Selecting previously unselected package gcc-8.
Preparing to unpack .../25-gcc-8_8.3.0-6_amd64.deb ...
Unpacking gcc-8 (8.3.0-6) ...
Selecting previously unselected package gcc.
Preparing to unpack .../26-gcc_4%3a8.3.0-1_amd64.deb ...
Unpacking gcc (4:8.3.0-1) ...
Selecting previously unselected package libstdc++-8-dev:amd64.
Preparing to unpack .../27-libstdc++-8-dev_8.3.0-6_amd64.deb ...
Unpacking libstdc++-8-dev:amd64 (8.3.0-6) ...
Selecting previously unselected package g++-8.
Preparing to unpack .../28-g++-8_8.3.0-6_amd64.deb ...
Unpacking g++-8 (8.3.0-6) ...
Selecting previously unselected package g++.
Preparing to unpack .../29-g++_4%3a8.3.0-1_amd64.deb ...
Unpacking g++ (4:8.3.0-1) ...
Selecting previously unselected package make.
Preparing to unpack .../30-make_4.2.1-1.2_amd64.deb ...
Unpacking make (4.2.1-1.2) ...
Selecting previously unselected package libdpkg-perl.
Preparing to unpack .../31-libdpkg-perl_1.19.7_all.deb ...
Unpacking libdpkg-perl (1.19.7) ...
Selecting previously unselected package dpkg-dev.
Preparing to unpack .../32-dpkg-dev_1.19.7_all.deb ...
Unpacking dpkg-dev (1.19.7) ...
Selecting previously unselected package build-essential.
Preparing to unpack .../33-build-essential_12.6_amd64.deb ...
Unpacking build-essential (12.6) ...
Selecting previously unselected package libassuan0:amd64.
Preparing to unpack .../34-libassuan0_2.5.2-1_amd64.deb ...
Unpacking libassuan0:amd64 (2.5.2-1) ...
Selecting previously unselected package gpgconf.
Preparing to unpack .../35-gpgconf_2.2.12-1+deb10u1_amd64.deb ...
Unpacking gpgconf (2.2.12-1+deb10u1) ...
Selecting previously unselected package libksba8:amd64.
Preparing to unpack .../36-libksba8_1.3.5-2_amd64.deb ...
Unpacking libksba8:amd64 (1.3.5-2) ...
Selecting previously unselected package libnpth0:amd64.
Preparing to unpack .../37-libnpth0_1.6-1_amd64.deb ...
Unpacking libnpth0:amd64 (1.6-1) ...
Selecting previously unselected package dirmngr.
Preparing to unpack .../38-dirmngr_2.2.12-1+deb10u1_amd64.deb ...
Unpacking dirmngr (2.2.12-1+deb10u1) ...
Selecting previously unselected package libfakeroot:amd64.
Preparing to unpack .../39-libfakeroot_1.23-1_amd64.deb ...
Unpacking libfakeroot:amd64 (1.23-1) ...
Selecting previously unselected package fakeroot.
Preparing to unpack .../40-fakeroot_1.23-1_amd64.deb ...
Unpacking fakeroot (1.23-1) ...
Selecting previously unselected package gnupg-l10n.
Preparing to unpack .../41-gnupg-l10n_2.2.12-1+deb10u1_all.deb ...
Unpacking gnupg-l10n (2.2.12-1+deb10u1) ...
Selecting previously unselected package gnupg-utils.
Preparing to unpack .../42-gnupg-utils_2.2.12-1+deb10u1_amd64.deb ...
Unpacking gnupg-utils (2.2.12-1+deb10u1) ...
Selecting previously unselected package gpg.
Preparing to unpack .../43-gpg_2.2.12-1+deb10u1_amd64.deb ...
Unpacking gpg (2.2.12-1+deb10u1) ...
Selecting previously unselected package pinentry-curses.
Preparing to unpack .../44-pinentry-curses_1.1.0-2_amd64.deb ...
Unpacking pinentry-curses (1.1.0-2) ...
Selecting previously unselected package gpg-agent.
Preparing to unpack .../45-gpg-agent_2.2.12-1+deb10u1_amd64.deb ...
Unpacking gpg-agent (2.2.12-1+deb10u1) ...
Selecting previously unselected package gpg-wks-client.
Preparing to unpack .../46-gpg-wks-client_2.2.12-1+deb10u1_amd64.deb ...
Unpacking gpg-wks-client (2.2.12-1+deb10u1) ...
Selecting previously unselected package gpg-wks-server.
Preparing to unpack .../47-gpg-wks-server_2.2.12-1+deb10u1_amd64.deb ...
Unpacking gpg-wks-server (2.2.12-1+deb10u1) ...
Selecting previously unselected package gpgsm.
Preparing to unpack .../48-gpgsm_2.2.12-1+deb10u1_amd64.deb ...
Unpacking gpgsm (2.2.12-1+deb10u1) ...
Selecting previously unselected package gnupg.
Preparing to unpack .../49-gnupg_2.2.12-1+deb10u1_all.deb ...
Unpacking gnupg (2.2.12-1+deb10u1) ...
Selecting previously unselected package libalgorithm-diff-perl.
Preparing to unpack .../50-libalgorithm-diff-perl_1.19.03-2_all.deb ...
Unpacking libalgorithm-diff-perl (1.19.03-2) ...
Selecting previously unselected package libalgorithm-diff-xs-perl.
Preparing to unpack .../51-libalgorithm-diff-xs-perl_0.04-5+b1_amd64.deb ...
Unpacking libalgorithm-diff-xs-perl (0.04-5+b1) ...
Selecting previously unselected package libalgorithm-merge-perl.
Preparing to unpack .../52-libalgorithm-merge-perl_0.08-3_all.deb ...
Unpacking libalgorithm-merge-perl (0.08-3) ...
Selecting previously unselected package libfile-fcntllock-perl.
Preparing to unpack .../53-libfile-fcntllock-perl_0.22-3+b5_amd64.deb ...
Unpacking libfile-fcntllock-perl (0.22-3+b5) ...
Selecting previously unselected package manpages-dev.
Preparing to unpack .../54-manpages-dev_4.16-2_all.deb ...
Unpacking manpages-dev (4.16-2) ...
Setting up libksba8:amd64 (1.3.5-2) ...
Setting up libfile-fcntllock-perl (0.22-3+b5) ...
Setting up libalgorithm-diff-perl (1.19.03-2) ...
Setting up manpages (4.16-2) ...
Setting up binutils-common:amd64 (2.31.1-16) ...
Setting up linux-libc-dev:amd64 (4.19.160-2) ...
Setting up libnpth0:amd64 (1.6-1) ...
Setting up libassuan0:amd64 (2.5.2-1) ...
Setting up libgomp1:amd64 (8.3.0-6) ...
Setting up libfakeroot:amd64 (1.23-1) ...
Setting up fakeroot (1.23-1) ...
update-alternatives: using /usr/bin/fakeroot-sysv to provide /usr/bin/fakeroot (fakeroot) in auto mode
update-alternatives: warning: skip creation of /usr/share/man/man1/fakeroot.1.gz because associated file /usr/share/man/man1/fakeroot-sysv.1.gz (of link group fakeroot) doesn't exist
update-alternatives: warning: skip creation of /usr/share/man/man1/faked.1.gz because associated file /usr/share/man/man1/faked-sysv.1.gz (of link group fakeroot) doesn't exist
update-alternatives: warning: skip creation of /usr/share/man/es/man1/fakeroot.1.gz because associated file /usr/share/man/es/man1/fakeroot-sysv.1.gz (of link group fakeroot) doesn't exist
update-alternatives: warning: skip creation of /usr/share/man/es/man1/faked.1.gz because associated file /usr/share/man/es/man1/faked-sysv.1.gz (of link group fakeroot) doesn't exist
update-alternatives: warning: skip creation of /usr/share/man/fr/man1/fakeroot.1.gz because associated file /usr/share/man/fr/man1/fakeroot-sysv.1.gz (of link group fakeroot) doesn't exist
update-alternatives: warning: skip creation of /usr/share/man/fr/man1/faked.1.gz because associated file /usr/share/man/fr/man1/faked-sysv.1.gz (of link group fakeroot) doesn't exist
update-alternatives: warning: skip creation of /usr/share/man/sv/man1/fakeroot.1.gz because associated file /usr/share/man/sv/man1/fakeroot-sysv.1.gz (of link group fakeroot) doesn't exist
update-alternatives: warning: skip creation of /usr/share/man/sv/man1/faked.1.gz because associated file /usr/share/man/sv/man1/faked-sysv.1.gz (of link group fakeroot) doesn't exist
Setting up libasan5:amd64 (8.3.0-6) ...
Setting up make (4.2.1-1.2) ...
Setting up libmpfr6:amd64 (4.0.2-1) ...
Setting up gnupg-l10n (2.2.12-1+deb10u1) ...
Setting up libquadmath0:amd64 (8.3.0-6) ...
Setting up libmpc3:amd64 (1.1.0-1) ...
Setting up libatomic1:amd64 (8.3.0-6) ...
Setting up libdpkg-perl (1.19.7) ...
Setting up libmpx2:amd64 (8.3.0-6) ...
Setting up libubsan1:amd64 (8.3.0-6) ...
Setting up libisl19:amd64 (0.20-2) ...
Setting up gpgconf (2.2.12-1+deb10u1) ...
Setting up libbinutils:amd64 (2.31.1-16) ...
Setting up cpp-8 (8.3.0-6) ...
Setting up libc-dev-bin (2.28-10) ...
Setting up libalgorithm-diff-xs-perl (0.04-5+b1) ...
Setting up libcc1-0:amd64 (8.3.0-6) ...
Setting up liblocale-gettext-perl (1.07-3+b4) ...
Setting up gpg (2.2.12-1+deb10u1) ...
Setting up liblsan0:amd64 (8.3.0-6) ...
Setting up libitm1:amd64 (8.3.0-6) ...
Setting up libalgorithm-merge-perl (0.08-3) ...
Setting up gnupg-utils (2.2.12-1+deb10u1) ...
Setting up binutils-x86-64-linux-gnu (2.31.1-16) ...
Setting up libtsan0:amd64 (8.3.0-6) ...
Setting up pinentry-curses (1.1.0-2) ...
Setting up manpages-dev (4.16-2) ...
Setting up gpg-agent (2.2.12-1+deb10u1) ...
Setting up gpgsm (2.2.12-1+deb10u1) ...
Setting up binutils (2.31.1-16) ...
Setting up dpkg-dev (1.19.7) ...
Setting up dirmngr (2.2.12-1+deb10u1) ...
Setting up libgcc-8-dev:amd64 (8.3.0-6) ...
Setting up gpg-wks-server (2.2.12-1+deb10u1) ...
Setting up cpp (4:8.3.0-1) ...
Setting up libc6-dev:amd64 (2.28-10) ...
Setting up libstdc++-8-dev:amd64 (8.3.0-6) ...
Setting up gcc-8 (8.3.0-6) ...
Setting up gpg-wks-client (2.2.12-1+deb10u1) ...
Setting up gcc (4:8.3.0-1) ...
Setting up g++-8 (8.3.0-6) ...
Setting up gnupg (2.2.12-1+deb10u1) ...
Setting up g++ (4:8.3.0-1) ...
update-alternatives: using /usr/bin/g++ to provide /usr/bin/c++ (c++) in auto mode
Setting up build-essential (12.6) ...
Processing triggers for libc-bin (2.28-10) ...
Removing intermediate container 484cc89ddf0b
 ---> dcea0d61be3c
Step 8/15 : RUN mkdir microservice
 ---> Running in ff99df104d0e
Removing intermediate container ff99df104d0e
 ---> f367471ebf1b
Step 9/15 : WORKDIR /microservice
 ---> Running in 6a1e0688094e
Removing intermediate container 6a1e0688094e
 ---> 0ce60d10b83d
Step 10/15 : COPY ./s2i/bin/ /s2i/bin
 ---> a6556c35e083
Step 11/15 : COPY _python /microservice
 ---> e4ebc6a47a88
Step 12/15 : COPY version.txt /microservice/version.txt
 ---> 0ad21a596bfe
Step 13/15 : RUN cd /microservice/python && make install
 ---> Running in e6c49d9dc397
pip install -e .
Obtaining file:///microservice/python
Collecting Flask<2.0.0 (from seldon-core==1.6.0.dev0)
  Downloading https://files.pythonhosted.org/packages/f2/28/2a03252dfb9ebf377f40fba6a7841b47083260bf8bd8e737b0c6952df83f/Flask-1.1.2-py2.py3-none-any.whl (94kB)
Collecting jsonschema<4.0.0 (from seldon-core==1.6.0.dev0)
  Downloading https://files.pythonhosted.org/packages/c5/8f/51e89ce52a085483359217bc72cdbf6e75ee595d5b1d4b5ade40c7e018b8/jsonschema-3.2.0-py2.py3-none-any.whl (56kB)
Collecting Flask-cors<4.0.0 (from seldon-core==1.6.0.dev0)
  Downloading https://files.pythonhosted.org/packages/db/84/901e700de86604b1c4ef4b57110d4e947c218b9997adf5d38fa7da493bce/Flask_Cors-3.0.10-py2.py3-none-any.whl
Collecting redis<4.0.0 (from seldon-core==1.6.0.dev0)
  Downloading https://files.pythonhosted.org/packages/a7/7c/24fb0511df653cf1a5d938d8f5d19802a88cef255706fdda242ff97e91b7/redis-3.5.3-py2.py3-none-any.whl (72kB)
Requirement already satisfied: requests<3.0.0 in /opt/conda/lib/python3.7/site-packages (from seldon-core==1.6.0.dev0) (2.22.0)
Collecting numpy<2.0.0 (from seldon-core==1.6.0.dev0)
  Downloading https://files.pythonhosted.org/packages/08/d6/a6aaa29fea945bc6c61d11f6e0697b325ff7446de5ffd62c2fa02f627048/numpy-1.19.5-cp37-cp37m-manylinux2010_x86_64.whl (14.8MB)
Collecting flatbuffers<2.0.0 (from seldon-core==1.6.0.dev0)
  Downloading https://files.pythonhosted.org/packages/eb/26/712e578c5f14e26ae3314c39a1bdc4eb2ec2f4ddc89b708cf8e0a0d20423/flatbuffers-1.12-py2.py3-none-any.whl
Collecting protobuf<4.0.0 (from seldon-core==1.6.0.dev0)
  Downloading https://files.pythonhosted.org/packages/e0/dd/5c5d156ee1c4dba470d76dac5ae57084829b4e17547f28e9f636ce3fa54b/protobuf-3.14.0-cp37-cp37m-manylinux1_x86_64.whl (1.0MB)
Collecting grpcio<2.0.0 (from seldon-core==1.6.0.dev0)
  Downloading https://files.pythonhosted.org/packages/d0/08/b9a0d5ae1c205f43cb3ce01ea8dda7a74339aa55f6e43ac37ad71e4de169/grpcio-1.35.0-cp37-cp37m-manylinux2010_x86_64.whl (3.9MB)
Collecting Flask-OpenTracing<1.2.0,>=1.1.0 (from seldon-core==1.6.0.dev0)
  Downloading https://files.pythonhosted.org/packages/58/6c/6417701ba5ecc8854670c6db3207bcc3e5fbc96289a7cb18d5516d99a1c6/Flask-OpenTracing-1.1.0.tar.gz
Collecting opentracing<2.5.0,>=2.2.0 (from seldon-core==1.6.0.dev0)
  Downloading https://files.pythonhosted.org/packages/51/28/2dba4e3efb64cc59d4311081a5ddad1dde20a19b69cd0f677cdb2f2c29a6/opentracing-2.4.0.tar.gz (46kB)
Collecting jaeger-client<4.5.0,>=4.1.0 (from seldon-core==1.6.0.dev0)
  Downloading https://files.pythonhosted.org/packages/cb/45/aa60d2fe5e727e718c2cd2e9fa5b240f59c2c12cb9213b1c8709e4e115eb/jaeger-client-4.4.0.tar.gz (83kB)
Collecting grpcio-opentracing<1.2.0,>=1.1.4 (from seldon-core==1.6.0.dev0)
  Downloading https://files.pythonhosted.org/packages/db/82/2fcad380697c3dab25de76ee590bcab3eb9bbfb4add916044d7e83ec2b10/grpcio_opentracing-1.1.4-py3-none-any.whl
Collecting grpcio-reflection<1.35.0 (from seldon-core==1.6.0.dev0)
  Downloading https://files.pythonhosted.org/packages/16/4c/7b05077d9a3d7e60df742ab507578c501cc05861f4328ba4919fc799d72b/grpcio-reflection-1.34.1.tar.gz
Collecting PyYAML<5.4 (from seldon-core==1.6.0.dev0)
  Downloading https://files.pythonhosted.org/packages/64/c2/b80047c7ac2478f9501676c988a5411ed5572f35d1beff9cae07d321512c/PyYAML-5.3.1.tar.gz (269kB)
Collecting gunicorn<20.1.0,>=19.9.0 (from seldon-core==1.6.0.dev0)
  Downloading https://files.pythonhosted.org/packages/69/ca/926f7cd3a2014b16870086b2d0fdc84a9e49473c68a8dff8b57f7c156f43/gunicorn-20.0.4-py2.py3-none-any.whl (77kB)
Requirement already satisfied: setuptools>=41.0.0 in /opt/conda/lib/python3.7/site-packages (from seldon-core==1.6.0.dev0) (41.4.0)
Collecting prometheus_client<0.9.0,>=0.7.1 (from seldon-core==1.6.0.dev0)
  Downloading https://files.pythonhosted.org/packages/3f/0e/554a265ffdc56e1494ef08e18f765b0cdec78797f510c58c45cf37abb4f4/prometheus_client-0.8.0-py2.py3-none-any.whl (53kB)
Collecting itsdangerous>=0.24 (from Flask<2.0.0->seldon-core==1.6.0.dev0)
  Downloading https://files.pythonhosted.org/packages/76/ae/44b03b253d6fade317f32c24d100b3b35c2239807046a4c953c7b89fa49e/itsdangerous-1.1.0-py2.py3-none-any.whl
Collecting Jinja2>=2.10.1 (from Flask<2.0.0->seldon-core==1.6.0.dev0)
  Downloading https://files.pythonhosted.org/packages/30/9e/f663a2aa66a09d838042ae1a2c5659828bb9b41ea3a6efa20a20fd92b121/Jinja2-2.11.2-py2.py3-none-any.whl (125kB)
Collecting Werkzeug>=0.15 (from Flask<2.0.0->seldon-core==1.6.0.dev0)
  Downloading https://files.pythonhosted.org/packages/cc/94/5f7079a0e00bd6863ef8f1da638721e9da21e5bacee597595b318f71d62e/Werkzeug-1.0.1-py2.py3-none-any.whl (298kB)
Collecting click>=5.1 (from Flask<2.0.0->seldon-core==1.6.0.dev0)
  Downloading https://files.pythonhosted.org/packages/d2/3d/fa76db83bf75c4f8d338c2fd15c8d33fdd7ad23a9b5e57eb6c5de26b430e/click-7.1.2-py2.py3-none-any.whl (82kB)
Requirement already satisfied: six>=1.11.0 in /opt/conda/lib/python3.7/site-packages (from jsonschema<4.0.0->seldon-core==1.6.0.dev0) (1.12.0)
Collecting importlib-metadata; python_version < "3.8" (from jsonschema<4.0.0->seldon-core==1.6.0.dev0)
  Downloading https://files.pythonhosted.org/packages/f3/ed/da40116a204abb5c4dd1d929346d33e0d29cedb2cedd18ea98f0385dcd92/importlib_metadata-3.4.0-py3-none-any.whl
Collecting pyrsistent>=0.14.0 (from jsonschema<4.0.0->seldon-core==1.6.0.dev0)
  Downloading https://files.pythonhosted.org/packages/4d/70/fd441df751ba8b620e03fd2d2d9ca902103119616f0f6cc42e6405035062/pyrsistent-0.17.3.tar.gz (106kB)
Collecting attrs>=17.4.0 (from jsonschema<4.0.0->seldon-core==1.6.0.dev0)
  Downloading https://files.pythonhosted.org/packages/c3/aa/cb45262569fcc047bf070b5de61813724d6726db83259222cd7b4c79821a/attrs-20.3.0-py2.py3-none-any.whl (49kB)
Requirement already satisfied: urllib3!=1.25.0,!=1.25.1,<1.26,>=1.21.1 in /opt/conda/lib/python3.7/site-packages (from requests<3.0.0->seldon-core==1.6.0.dev0) (1.24.2)
Requirement already satisfied: certifi>=2017.4.17 in /opt/conda/lib/python3.7/site-packages (from requests<3.0.0->seldon-core==1.6.0.dev0) (2020.12.5)
Requirement already satisfied: idna<2.9,>=2.5 in /opt/conda/lib/python3.7/site-packages (from requests<3.0.0->seldon-core==1.6.0.dev0) (2.8)
Requirement already satisfied: chardet<3.1.0,>=3.0.2 in /opt/conda/lib/python3.7/site-packages (from requests<3.0.0->seldon-core==1.6.0.dev0) (3.0.4)
Collecting threadloop<2,>=1 (from jaeger-client<4.5.0,>=4.1.0->seldon-core==1.6.0.dev0)
  Downloading https://files.pythonhosted.org/packages/d3/1d/8398c1645b97dc008d3c658e04beda01ede3d90943d40c8d56863cf891bd/threadloop-1.0.2.tar.gz
Collecting thrift (from jaeger-client<4.5.0,>=4.1.0->seldon-core==1.6.0.dev0)
  Downloading https://files.pythonhosted.org/packages/97/1e/3284d19d7be99305eda145b8aa46b0c33244e4a496ec66440dac19f8274d/thrift-0.13.0.tar.gz (59kB)
Collecting tornado>=4.3 (from jaeger-client<4.5.0,>=4.1.0->seldon-core==1.6.0.dev0)
  Downloading https://files.pythonhosted.org/packages/91/a8/9c5902233fa3c2e6a889cbd164333ddda5009669f494e3fadbeee2c03af5/tornado-6.1-cp37-cp37m-manylinux2010_x86_64.whl (428kB)
Collecting MarkupSafe>=0.23 (from Jinja2>=2.10.1->Flask<2.0.0->seldon-core==1.6.0.dev0)
  Downloading https://files.pythonhosted.org/packages/98/7b/ff284bd8c80654e471b769062a9b43cc5d03e7a615048d96f4619df8d420/MarkupSafe-1.1.1-cp37-cp37m-manylinux1_x86_64.whl
Collecting zipp>=0.5 (from importlib-metadata; python_version < "3.8"->jsonschema<4.0.0->seldon-core==1.6.0.dev0)
  Downloading https://files.pythonhosted.org/packages/41/ad/6a4f1a124b325618a7fb758b885b68ff7b058eec47d9220a12ab38d90b1f/zipp-3.4.0-py3-none-any.whl
Collecting typing-extensions>=3.6.4; python_version < "3.8" (from importlib-metadata; python_version < "3.8"->jsonschema<4.0.0->seldon-core==1.6.0.dev0)
  Downloading https://files.pythonhosted.org/packages/60/7a/e881b5abb54db0e6e671ab088d079c57ce54e8a01a3ca443f561ccadb37e/typing_extensions-3.7.4.3-py3-none-any.whl
Building wheels for collected packages: Flask-OpenTracing, opentracing, jaeger-client, grpcio-reflection, PyYAML, pyrsistent, threadloop, thrift
  Building wheel for Flask-OpenTracing (setup.py): started
  Building wheel for Flask-OpenTracing (setup.py): finished with status 'done'
  Created wheel for Flask-OpenTracing: filename=Flask_OpenTracing-1.1.0-cp37-none-any.whl size=9072 sha256=880876b68662efef1748c38f2411aca6bfc5cf5c87d558e173b59243cbdbd7cc
  Stored in directory: /root/.cache/pip/wheels/7b/dc/25/3cf0b35c129232ee596c413f13d1d1f5a8e38c427266276dfd
  Building wheel for opentracing (setup.py): started
  Building wheel for opentracing (setup.py): finished with status 'done'
  Created wheel for opentracing: filename=opentracing-2.4.0-cp37-none-any.whl size=51401 sha256=56210475f9aa899f04df59e1acaf7d26a49ef58366877a323f5cc2b94a39beb8
  Stored in directory: /root/.cache/pip/wheels/27/b6/a0/d0309988a0dd5623c34469b151e4d7b0e6271b28a8bcccb440
  Building wheel for jaeger-client (setup.py): started
  Building wheel for jaeger-client (setup.py): finished with status 'done'
  Created wheel for jaeger-client: filename=jaeger_client-4.4.0-cp37-none-any.whl size=64324 sha256=a01583787af9509d6dea89b95558b0922cd90a55763faa042821f9c04d2cae6e
  Stored in directory: /root/.cache/pip/wheels/fa/d4/ec/1ad2c2de6b5cdd43a6557226e398c8c0ee8615569a3f9b291a
  Building wheel for grpcio-reflection (setup.py): started
  Building wheel for grpcio-reflection (setup.py): finished with status 'done'
  Created wheel for grpcio-reflection: filename=grpcio_reflection-1.34.1-cp37-none-any.whl size=14414 sha256=81b06ea4766e8d037ca42b6e0b1f1bf43288fa0f205005d53c7cf5e3f93ace97
  Stored in directory: /root/.cache/pip/wheels/85/0e/79/919373e994613ef41ec9ffcd6ee9dd7952ab0dc2bbf963d209
  Building wheel for PyYAML (setup.py): started
  Building wheel for PyYAML (setup.py): finished with status 'done'
  Created wheel for PyYAML: filename=PyYAML-5.3.1-cp37-cp37m-linux_x86_64.whl size=44620 sha256=5109b1301e4e46e56908a2c4860fc1608036fc23e7b0a7cada0d2e80a329b43d
  Stored in directory: /root/.cache/pip/wheels/a7/c1/ea/cf5bd31012e735dc1dfea3131a2d5eae7978b251083d6247bd
  Building wheel for pyrsistent (setup.py): started
  Building wheel for pyrsistent (setup.py): finished with status 'done'
  Created wheel for pyrsistent: filename=pyrsistent-0.17.3-cp37-cp37m-linux_x86_64.whl size=123657 sha256=b72aab216e36bc867df7892e387129b0d3275fbb85de178367d4eb77911fff72
  Stored in directory: /root/.cache/pip/wheels/f0/b8/de/b593ad311be4eb458499d100db081e453576032272398b7ddc
  Building wheel for threadloop (setup.py): started
  Building wheel for threadloop (setup.py): finished with status 'done'
  Created wheel for threadloop: filename=threadloop-1.0.2-cp37-none-any.whl size=3424 sha256=f77a911f843ae53959bff5257379e6b0bbd082509628da5f341ae1a8fa83fca5
  Stored in directory: /root/.cache/pip/wheels/d7/7a/30/d212623a4cd34f6cce400f8122b1b7af740d3440c68023d51f
  Building wheel for thrift (setup.py): started
  Building wheel for thrift (setup.py): finished with status 'done'
  Created wheel for thrift: filename=thrift-0.13.0-cp37-cp37m-linux_x86_64.whl size=486827 sha256=87e3051ee55d524764aa10f5baa632f77ccee7f4951344612d89664d575645d1
  Stored in directory: /root/.cache/pip/wheels/02/a2/46/689ccfcf40155c23edc7cdbd9de488611c8fdf49ff34b1706e
Successfully built Flask-OpenTracing opentracing jaeger-client grpcio-reflection PyYAML pyrsistent threadloop thrift
Installing collected packages: itsdangerous, MarkupSafe, Jinja2, Werkzeug, click, Flask, zipp, typing-extensions, importlib-metadata, pyrsistent, attrs, jsonschema, Flask-cors, redis, numpy, flatbuffers, protobuf, grpcio, opentracing, Flask-OpenTracing, tornado, threadloop, thrift, jaeger-client, grpcio-opentracing, grpcio-reflection, PyYAML, gunicorn, prometheus-client, seldon-core
  Running setup.py develop for seldon-core
Successfully installed Flask-1.1.2 Flask-OpenTracing-1.1.0 Flask-cors-3.0.10 Jinja2-2.11.2 MarkupSafe-1.1.1 PyYAML-5.3.1 Werkzeug-1.0.1 attrs-20.3.0 click-7.1.2 flatbuffers-1.12 grpcio-1.35.0 grpcio-opentracing-1.1.4 grpcio-reflection-1.34.1 gunicorn-20.0.4 importlib-metadata-3.4.0 itsdangerous-1.1.0 jaeger-client-4.4.0 jsonschema-3.2.0 numpy-1.19.5 opentracing-2.4.0 prometheus-client-0.8.0 protobuf-3.14.0 pyrsistent-0.17.3 redis-3.5.3 seldon-core threadloop-1.0.2 thrift-0.13.0 tornado-6.1 typing-extensions-3.7.4.3 zipp-3.4.0
Removing intermediate container e6c49d9dc397
 ---> 0793ed49d4d7
Step 14/15 : RUN mkdir -p /.conda && chmod a+rwx /.conda
 ---> Running in 3e4da2104054
Removing intermediate container 3e4da2104054
 ---> 0f695ef183a3
Step 15/15 : EXPOSE 5000
 ---> Running in 815d526e2f23
Removing intermediate container 815d526e2f23
 ---> 5172bd706833
Successfully built 5172bd706833
Successfully tagged seldonio/seldon-core-s2i-python37:1.6.0-dev
make[1]: Leaving directory '/workspace/source/wrappers/s2i/python'
make[1]: Entering directory '/workspace/source/wrappers/s2i/python'
docker tag docker.io/seldonio/seldon-core-s2i-python`echo -n 3.7 | sed 's/\.//g'`:1.6.0-dev docker.io/seldonio/seldon-core-s2i-python`echo -n 3.7 | cut -d. -f1`:1.6.0-dev
make[1]: Leaving directory '/workspace/source/wrappers/s2i/python'
make[1]: Entering directory '/workspace/source/wrappers/s2i/python'
mkdir -p _python
cp ../../../version.txt version.txt
cp -r ../../../python _python
docker build -f Dockerfile.gpu --build-arg PYTHON_VERSION=3.6 --build-arg CONDA_VERSION=4.7.12 -t docker.io/seldonio/seldon-core-s2i-python`echo -n 3.6 | sed 's/\.//g'`-gpu:1.6.0-dev .
Sending build context to Docker daemon  1.153MB
Step 1/17 : FROM nvidia/cuda:10.0-cudnn7-runtime-ubuntu18.04
10.0-cudnn7-runtime-ubuntu18.04: Pulling from nvidia/cuda
f22ccc0b8772: Pulling fs layer
3cf8fb62ba5f: Pulling fs layer
e80c964ece6a: Pulling fs layer
5d59c811e2af: Pulling fs layer
70a8c4b06826: Pulling fs layer
cd74940ce186: Pulling fs layer
3e2a00b42ba6: Pulling fs layer
ea92e080ed6c: Pulling fs layer
ec16262cda52: Pulling fs layer
cd74940ce186: Waiting
ec16262cda52: Waiting
ea92e080ed6c: Waiting
3e2a00b42ba6: Waiting
5d59c811e2af: Waiting
70a8c4b06826: Waiting
3cf8fb62ba5f: Download complete
e80c964ece6a: Verifying Checksum
e80c964ece6a: Download complete
f22ccc0b8772: Download complete
5d59c811e2af: Verifying Checksum
5d59c811e2af: Download complete
70a8c4b06826: Verifying Checksum
70a8c4b06826: Download complete
ea92e080ed6c: Download complete
cd74940ce186: Verifying Checksum
cd74940ce186: Download complete
f22ccc0b8772: Pull complete
3cf8fb62ba5f: Pull complete
e80c964ece6a: Pull complete
5d59c811e2af: Pull complete
70a8c4b06826: Pull complete
cd74940ce186: Pull complete
ec16262cda52: Verifying Checksum
ec16262cda52: Download complete
3e2a00b42ba6: Verifying Checksum
3e2a00b42ba6: Download complete
3e2a00b42ba6: Pull complete
ea92e080ed6c: Pull complete
ec16262cda52: Pull complete
Digest: sha256:54eea48549a7d1411cf4de1dcf7c4c09e9ab9e612768e026771a74e09880e79e
Status: Downloaded newer image for nvidia/cuda:10.0-cudnn7-runtime-ubuntu18.04
 ---> a2d8ff0f0778
Step 2/17 : LABEL io.openshift.s2i.scripts-url="image:///s2i/bin"
 ---> Running in 09106d751151
Removing intermediate container 09106d751151
 ---> eab476b8ada0
Step 3/17 : RUN apt-get update -y && apt-get install -qy --no-install-recommends     wget     libsm6     libxext6     libxrender-dev     libglib2.0-0     git     build-essential     &&     rm -rf /var/lib/apt/lists/*
 ---> Running in cd9f7c9898a6
Get:1 http://archive.ubuntu.com/ubuntu bionic InRelease [242 kB]
Get:2 http://security.ubuntu.com/ubuntu bionic-security InRelease [88.7 kB]
Get:3 http://archive.ubuntu.com/ubuntu bionic-updates InRelease [88.7 kB]
Get:4 http://archive.ubuntu.com/ubuntu bionic-backports InRelease [74.6 kB]
Ign:5 https://developer.download.nvidia.com/compute/cuda/repos/ubuntu1804/x86_64  InRelease
Get:6 http://security.ubuntu.com/ubuntu bionic-security/main amd64 Packages [1890 kB]
Get:7 http://security.ubuntu.com/ubuntu bionic-security/universe amd64 Packages [1381 kB]
Get:8 http://security.ubuntu.com/ubuntu bionic-security/restricted amd64 Packages [284 kB]
Get:9 http://security.ubuntu.com/ubuntu bionic-security/multiverse amd64 Packages [35.5 kB]
Get:10 http://archive.ubuntu.com/ubuntu bionic/multiverse amd64 Packages [186 kB]
Get:11 http://archive.ubuntu.com/ubuntu bionic/universe amd64 Packages [11.3 MB]
Get:12 http://archive.ubuntu.com/ubuntu bionic/restricted amd64 Packages [13.5 kB]
Get:13 http://archive.ubuntu.com/ubuntu bionic/main amd64 Packages [1344 kB]
Get:14 http://archive.ubuntu.com/ubuntu bionic-updates/universe amd64 Packages [2151 kB]
Get:15 http://archive.ubuntu.com/ubuntu bionic-updates/multiverse amd64 Packages [42.7 kB]
Get:16 http://archive.ubuntu.com/ubuntu bionic-updates/main amd64 Packages [2321 kB]
Get:17 http://archive.ubuntu.com/ubuntu bionic-updates/restricted amd64 Packages [314 kB]
Get:18 http://archive.ubuntu.com/ubuntu bionic-backports/universe amd64 Packages [11.4 kB]
Ign:19 https://developer.download.nvidia.com/compute/machine-learning/repos/ubuntu1804/x86_64  InRelease
Get:20 http://archive.ubuntu.com/ubuntu bionic-backports/main amd64 Packages [11.3 kB]
Get:21 https://developer.download.nvidia.com/compute/cuda/repos/ubuntu1804/x86_64  Release [697 B]
Get:22 https://developer.download.nvidia.com/compute/machine-learning/repos/ubuntu1804/x86_64  Release [564 B]
Get:23 https://developer.download.nvidia.com/compute/cuda/repos/ubuntu1804/x86_64  Release.gpg [836 B]
Get:24 https://developer.download.nvidia.com/compute/machine-learning/repos/ubuntu1804/x86_64  Release.gpg [833 B]
Ign:25 https://developer.download.nvidia.com/compute/cuda/repos/ubuntu1804/x86_64  Packages
Get:26 https://developer.download.nvidia.com/compute/machine-learning/repos/ubuntu1804/x86_64  Packages [66.5 kB]
Get:25 https://developer.download.nvidia.com/compute/cuda/repos/ubuntu1804/x86_64  Packages [548 kB]
Fetched 22.4 MB in 2s (9546 kB/s)
Reading package lists...
Reading package lists...
Building dependency tree...
Reading state information...
The following additional packages will be installed:
  binutils binutils-common binutils-x86-64-linux-gnu cpp cpp-7 dpkg-dev g++
  g++-7 gcc gcc-7 gcc-7-base git-man libasan4 libatomic1 libbinutils libbsd0
  libc-dev-bin libc6 libc6-dev libcc1-0 libcilkrts5 libcurl3-gnutls
  libdpkg-perl liberror-perl libexpat1 libgcc-7-dev libgdbm-compat4 libgdbm5
  libgomp1 libgssapi-krb5-2 libice6 libisl19 libitm1 libk5crypto3 libkeyutils1
  libkrb5-3 libkrb5support0 liblsan0 libmpc3 libmpfr6 libmpx2 libnghttp2-14
  libperl5.26 libpsl5 libpthread-stubs0-dev libquadmath0 librtmp1
  libstdc++-7-dev libtsan0 libubsan0 libx11-6 libx11-data libx11-dev
  libxau-dev libxau6 libxcb1 libxcb1-dev libxdmcp-dev libxdmcp6 libxrender1
  linux-libc-dev make multiarch-support patch perl perl-modules-5.26
  x11-common x11proto-core-dev x11proto-dev xorg-sgml-doctools xtrans-dev
  xz-utils
Suggested packages:
  binutils-doc cpp-doc gcc-7-locales debian-keyring g++-multilib
  g++-7-multilib gcc-7-doc libstdc++6-7-dbg gcc-multilib manpages-dev autoconf
  automake libtool flex bison gdb gcc-doc gcc-7-multilib libgcc1-dbg
  libgomp1-dbg libitm1-dbg libatomic1-dbg libasan4-dbg liblsan0-dbg
  libtsan0-dbg libubsan0-dbg libcilkrts5-dbg libmpx2-dbg libquadmath0-dbg
  gettext-base git-daemon-run | git-daemon-sysvinit git-doc git-el git-email
  git-gui gitk gitweb git-cvs git-mediawiki git-svn glibc-doc locales bzr
  gdbm-l10n krb5-doc krb5-user libstdc++-7-doc libxcb-doc make-doc ed
  diffutils-doc perl-doc libterm-readline-gnu-perl
  | libterm-readline-perl-perl
Recommended packages:
  fakeroot libalgorithm-merge-perl less ssh-client manpages manpages-dev
  libfile-fcntllock-perl liblocale-gettext-perl libglib2.0-data
  shared-mime-info xdg-user-dirs krb5-locales publicsuffix libx11-doc netbase
The following NEW packages will be installed:
  binutils binutils-common binutils-x86-64-linux-gnu build-essential cpp cpp-7
  dpkg-dev g++ g++-7 gcc gcc-7 gcc-7-base git git-man libasan4 libatomic1
  libbinutils libbsd0 libc-dev-bin libc6-dev libcc1-0 libcilkrts5
  libcurl3-gnutls libdpkg-perl liberror-perl libexpat1 libgcc-7-dev
  libgdbm-compat4 libgdbm5 libglib2.0-0 libgomp1 libgssapi-krb5-2 libice6
  libisl19 libitm1 libk5crypto3 libkeyutils1 libkrb5-3 libkrb5support0
  liblsan0 libmpc3 libmpfr6 libmpx2 libnghttp2-14 libperl5.26 libpsl5
  libpthread-stubs0-dev libquadmath0 librtmp1 libsm6 libstdc++-7-dev libtsan0
  libubsan0 libx11-6 libx11-data libx11-dev libxau-dev libxau6 libxcb1
  libxcb1-dev libxdmcp-dev libxdmcp6 libxext6 libxrender-dev libxrender1
  linux-libc-dev make multiarch-support patch perl perl-modules-5.26 wget
  x11-common x11proto-core-dev x11proto-dev xorg-sgml-doctools xtrans-dev
  xz-utils
The following packages will be upgraded:
  libc6
1 upgraded, 78 newly installed, 0 to remove and 13 not upgraded.
Need to get 59.6 MB of archives.
After this operation, 256 MB of additional disk space will be used.
Get:1 http://archive.ubuntu.com/ubuntu bionic-updates/main amd64 libc6 amd64 2.27-3ubuntu1.4 [2832 kB]
Get:2 http://archive.ubuntu.com/ubuntu bionic-updates/main amd64 multiarch-support amd64 2.27-3ubuntu1.4 [6944 B]
Get:3 http://archive.ubuntu.com/ubuntu bionic-updates/main amd64 libxau6 amd64 1:1.0.8-1ubuntu1 [7556 B]
Get:4 http://archive.ubuntu.com/ubuntu bionic-updates/main amd64 libbsd0 amd64 0.8.7-1ubuntu0.1 [41.6 kB]
Get:5 http://archive.ubuntu.com/ubuntu bionic/main amd64 libxdmcp6 amd64 1:1.1.2-3 [10.7 kB]
Get:6 http://archive.ubuntu.com/ubuntu bionic-updates/main amd64 libxcb1 amd64 1.13-2~ubuntu18.04 [45.5 kB]
Get:7 http://archive.ubuntu.com/ubuntu bionic-updates/main amd64 libx11-data all 2:1.6.4-3ubuntu0.3 [114 kB]
Get:8 http://archive.ubuntu.com/ubuntu bionic-updates/main amd64 libx11-6 amd64 2:1.6.4-3ubuntu0.3 [571 kB]
Get:9 http://archive.ubuntu.com/ubuntu bionic/main amd64 libxext6 amd64 2:1.3.3-1 [29.4 kB]
Get:10 http://archive.ubuntu.com/ubuntu bionic-updates/main amd64 x11-common all 1:7.7+19ubuntu7.1 [22.5 kB]
Get:11 http://archive.ubuntu.com/ubuntu bionic/main amd64 libice6 amd64 2:1.0.9-2 [40.2 kB]
Get:12 http://archive.ubuntu.com/ubuntu bionic/main amd64 libsm6 amd64 2:1.2.2-1 [15.8 kB]
Get:13 http://archive.ubuntu.com/ubuntu bionic-updates/main amd64 perl-modules-5.26 all 5.26.1-6ubuntu0.5 [2762 kB]
Get:14 http://archive.ubuntu.com/ubuntu bionic/main amd64 libgdbm5 amd64 1.14.1-6 [26.0 kB]
Get:15 http://archive.ubuntu.com/ubuntu bionic/main amd64 libgdbm-compat4 amd64 1.14.1-6 [6084 B]
Get:16 http://archive.ubuntu.com/ubuntu bionic-updates/main amd64 libperl5.26 amd64 5.26.1-6ubuntu0.5 [3534 kB]
Get:17 http://archive.ubuntu.com/ubuntu bionic-updates/main amd64 perl amd64 5.26.1-6ubuntu0.5 [201 kB]
Get:18 http://archive.ubuntu.com/ubuntu bionic-updates/main amd64 libexpat1 amd64 2.2.5-3ubuntu0.2 [80.5 kB]
Get:19 http://archive.ubuntu.com/ubuntu bionic-updates/main amd64 libglib2.0-0 amd64 2.56.4-0ubuntu0.18.04.6 [1171 kB]
Get:20 http://archive.ubuntu.com/ubuntu bionic/main amd64 xz-utils amd64 5.2.2-1.3 [83.8 kB]
Get:21 http://archive.ubuntu.com/ubuntu bionic-updates/main amd64 libkrb5support0 amd64 1.16-2ubuntu0.2 [30.8 kB]
Get:22 http://archive.ubuntu.com/ubuntu bionic-updates/main amd64 libk5crypto3 amd64 1.16-2ubuntu0.2 [85.5 kB]
Get:23 http://archive.ubuntu.com/ubuntu bionic/main amd64 libkeyutils1 amd64 1.5.9-9.2ubuntu2 [8720 B]
Get:24 http://archive.ubuntu.com/ubuntu bionic-updates/main amd64 libkrb5-3 amd64 1.16-2ubuntu0.2 [279 kB]
Get:25 http://archive.ubuntu.com/ubuntu bionic-updates/main amd64 libgssapi-krb5-2 amd64 1.16-2ubuntu0.2 [122 kB]
Get:26 http://archive.ubuntu.com/ubuntu bionic/main amd64 libpsl5 amd64 0.19.1-5build1 [41.8 kB]
Get:27 http://archive.ubuntu.com/ubuntu bionic-updates/main amd64 wget amd64 1.19.4-1ubuntu2.2 [316 kB]
Get:28 http://archive.ubuntu.com/ubuntu bionic-updates/main amd64 binutils-common amd64 2.30-21ubuntu1~18.04.4 [196 kB]
Get:29 http://archive.ubuntu.com/ubuntu bionic-updates/main amd64 libbinutils amd64 2.30-21ubuntu1~18.04.4 [488 kB]
Get:30 http://archive.ubuntu.com/ubuntu bionic-updates/main amd64 binutils-x86-64-linux-gnu amd64 2.30-21ubuntu1~18.04.4 [1839 kB]
Get:31 http://archive.ubuntu.com/ubuntu bionic-updates/main amd64 binutils amd64 2.30-21ubuntu1~18.04.4 [3392 B]
Get:32 http://archive.ubuntu.com/ubuntu bionic-updates/main amd64 libc-dev-bin amd64 2.27-3ubuntu1.4 [71.8 kB]
Get:33 http://archive.ubuntu.com/ubuntu bionic-updates/main amd64 linux-libc-dev amd64 4.15.0-134.138 [987 kB]
Get:34 http://archive.ubuntu.com/ubuntu bionic-updates/main amd64 libc6-dev amd64 2.27-3ubuntu1.4 [2585 kB]
Get:35 http://archive.ubuntu.com/ubuntu bionic-updates/main amd64 gcc-7-base amd64 7.5.0-3ubuntu1~18.04 [18.3 kB]
Get:36 http://archive.ubuntu.com/ubuntu bionic/main amd64 libisl19 amd64 0.19-1 [551 kB]
Get:37 http://archive.ubuntu.com/ubuntu bionic/main amd64 libmpfr6 amd64 4.0.1-1 [243 kB]
Get:38 http://archive.ubuntu.com/ubuntu bionic/main amd64 libmpc3 amd64 1.1.0-1 [40.8 kB]
Get:39 http://archive.ubuntu.com/ubuntu bionic-updates/main amd64 cpp-7 amd64 7.5.0-3ubuntu1~18.04 [8591 kB]
Get:40 http://archive.ubuntu.com/ubuntu bionic-updates/main amd64 cpp amd64 4:7.4.0-1ubuntu2.3 [27.7 kB]
Get:41 http://archive.ubuntu.com/ubuntu bionic-updates/main amd64 libcc1-0 amd64 8.4.0-1ubuntu1~18.04 [39.4 kB]
Get:42 http://archive.ubuntu.com/ubuntu bionic-updates/main amd64 libgomp1 amd64 8.4.0-1ubuntu1~18.04 [76.5 kB]
Get:43 http://archive.ubuntu.com/ubuntu bionic-updates/main amd64 libitm1 amd64 8.4.0-1ubuntu1~18.04 [27.9 kB]
Get:44 http://archive.ubuntu.com/ubuntu bionic-updates/main amd64 libatomic1 amd64 8.4.0-1ubuntu1~18.04 [9192 B]
Get:45 http://archive.ubuntu.com/ubuntu bionic-updates/main amd64 libasan4 amd64 7.5.0-3ubuntu1~18.04 [358 kB]
Get:46 http://archive.ubuntu.com/ubuntu bionic-updates/main amd64 liblsan0 amd64 8.4.0-1ubuntu1~18.04 [133 kB]
Get:47 http://archive.ubuntu.com/ubuntu bionic-updates/main amd64 libtsan0 amd64 8.4.0-1ubuntu1~18.04 [288 kB]
Get:48 http://archive.ubuntu.com/ubuntu bionic-updates/main amd64 libubsan0 amd64 7.5.0-3ubuntu1~18.04 [126 kB]
Get:49 http://archive.ubuntu.com/ubuntu bionic-updates/main amd64 libcilkrts5 amd64 7.5.0-3ubuntu1~18.04 [42.5 kB]
Get:50 http://archive.ubuntu.com/ubuntu bionic-updates/main amd64 libmpx2 amd64 8.4.0-1ubuntu1~18.04 [11.6 kB]
Get:51 http://archive.ubuntu.com/ubuntu bionic-updates/main amd64 libquadmath0 amd64 8.4.0-1ubuntu1~18.04 [134 kB]
Get:52 http://archive.ubuntu.com/ubuntu bionic-updates/main amd64 libgcc-7-dev amd64 7.5.0-3ubuntu1~18.04 [2378 kB]
Get:53 http://archive.ubuntu.com/ubuntu bionic-updates/main amd64 gcc-7 amd64 7.5.0-3ubuntu1~18.04 [9381 kB]
Get:54 http://archive.ubuntu.com/ubuntu bionic-updates/main amd64 gcc amd64 4:7.4.0-1ubuntu2.3 [5184 B]
Get:55 http://archive.ubuntu.com/ubuntu bionic-updates/main amd64 libstdc++-7-dev amd64 7.5.0-3ubuntu1~18.04 [1471 kB]
Get:56 http://archive.ubuntu.com/ubuntu bionic-updates/main amd64 g++-7 amd64 7.5.0-3ubuntu1~18.04 [9697 kB]
Get:57 http://archive.ubuntu.com/ubuntu bionic-updates/main amd64 g++ amd64 4:7.4.0-1ubuntu2.3 [1568 B]
Get:58 http://archive.ubuntu.com/ubuntu bionic/main amd64 make amd64 4.1-9.1ubuntu1 [154 kB]
Get:59 http://archive.ubuntu.com/ubuntu bionic-updates/main amd64 libdpkg-perl all 1.19.0.5ubuntu2.3 [211 kB]
Get:60 http://archive.ubuntu.com/ubuntu bionic-updates/main amd64 patch amd64 2.7.6-2ubuntu1.1 [102 kB]
Get:61 http://archive.ubuntu.com/ubuntu bionic-updates/main amd64 dpkg-dev all 1.19.0.5ubuntu2.3 [607 kB]
Get:62 http://archive.ubuntu.com/ubuntu bionic/main amd64 build-essential amd64 12.4ubuntu1 [4758 B]
Get:63 http://archive.ubuntu.com/ubuntu bionic/main amd64 libnghttp2-14 amd64 1.30.0-1ubuntu1 [77.8 kB]
Get:64 http://archive.ubuntu.com/ubuntu bionic/main amd64 librtmp1 amd64 2.4+20151223.gitfa8646d.1-1 [54.2 kB]
Get:65 http://archive.ubuntu.com/ubuntu bionic-updates/main amd64 libcurl3-gnutls amd64 7.58.0-2ubuntu3.12 [212 kB]
Get:66 http://archive.ubuntu.com/ubuntu bionic/main amd64 liberror-perl all 0.17025-1 [22.8 kB]
Get:67 http://archive.ubuntu.com/ubuntu bionic-updates/main amd64 git-man all 1:2.17.1-1ubuntu0.7 [804 kB]
Get:68 http://archive.ubuntu.com/ubuntu bionic-updates/main amd64 git amd64 1:2.17.1-1ubuntu0.7 [3915 kB]
Get:69 http://archive.ubuntu.com/ubuntu bionic/main amd64 libpthread-stubs0-dev amd64 0.3-4 [4068 B]
Get:70 http://archive.ubuntu.com/ubuntu bionic/main amd64 xorg-sgml-doctools all 1:1.11-1 [12.9 kB]
Get:71 http://archive.ubuntu.com/ubuntu bionic/main amd64 x11proto-dev all 2018.4-4 [251 kB]
Get:72 http://archive.ubuntu.com/ubuntu bionic/main amd64 x11proto-core-dev all 2018.4-4 [2620 B]
Get:73 http://archive.ubuntu.com/ubuntu bionic-updates/main amd64 libxau-dev amd64 1:1.0.8-1ubuntu1 [9476 B]
Get:74 http://archive.ubuntu.com/ubuntu bionic/main amd64 libxdmcp-dev amd64 1:1.1.2-3 [25.1 kB]
Get:75 http://archive.ubuntu.com/ubuntu bionic/main amd64 xtrans-dev all 1.3.5-1 [70.5 kB]
Get:76 http://archive.ubuntu.com/ubuntu bionic-updates/main amd64 libxcb1-dev amd64 1.13-2~ubuntu18.04 [80.0 kB]
Get:77 http://archive.ubuntu.com/ubuntu bionic-updates/main amd64 libx11-dev amd64 2:1.6.4-3ubuntu0.3 [643 kB]
Get:78 http://archive.ubuntu.com/ubuntu bionic/main amd64 libxrender1 amd64 1:0.9.10-1 [18.7 kB]
Get:79 http://archive.ubuntu.com/ubuntu bionic/main amd64 libxrender-dev amd64 1:0.9.10-1 [24.9 kB]
[91mdebconf: delaying package configuration, since apt-utils is not installed
[0mFetched 59.6 MB in 1s (48.4 MB/s)
(Reading database ... (Reading database ... 5%(Reading database ... 10%(Reading database ... 15%(Reading database ... 20%(Reading database ... 25%(Reading database ... 30%(Reading database ... 35%(Reading database ... 40%(Reading database ... 45%(Reading database ... 50%(Reading database ... 55%(Reading database ... 60%(Reading database ... 65%(Reading database ... 70%(Reading database ... 75%(Reading database ... 80%(Reading database ... 85%(Reading database ... 90%(Reading database ... 95%(Reading database ... 100%(Reading database ... 4839 files and directories currently installed.)
Preparing to unpack .../libc6_2.27-3ubuntu1.4_amd64.deb ...
debconf: unable to initialize frontend: Dialog
debconf: (TERM is not set, so the dialog frontend is not usable.)
debconf: falling back to frontend: Readline
debconf: unable to initialize frontend: Readline
debconf: (Can't locate Term/ReadLine.pm in @INC (you may need to install the Term::ReadLine module) (@INC contains: /etc/perl /usr/local/lib/x86_64-linux-gnu/perl/5.26.1 /usr/local/share/perl/5.26.1 /usr/lib/x86_64-linux-gnu/perl5/5.26 /usr/share/perl5 /usr/lib/x86_64-linux-gnu/perl/5.26 /usr/share/perl/5.26 /usr/local/lib/site_perl /usr/lib/x86_64-linux-gnu/perl-base) at /usr/share/perl5/Debconf/FrontEnd/Readline.pm line 7.)
debconf: falling back to frontend: Teletype
Unpacking libc6:amd64 (2.27-3ubuntu1.4) over (2.27-3ubuntu1.3) ...
Setting up libc6:amd64 (2.27-3ubuntu1.4) ...
debconf: unable to initialize frontend: Dialog
debconf: (TERM is not set, so the dialog frontend is not usable.)
debconf: falling back to frontend: Readline
debconf: unable to initialize frontend: Readline
debconf: (Can't locate Term/ReadLine.pm in @INC (you may need to install the Term::ReadLine module) (@INC contains: /etc/perl /usr/local/lib/x86_64-linux-gnu/perl/5.26.1 /usr/local/share/perl/5.26.1 /usr/lib/x86_64-linux-gnu/perl5/5.26 /usr/share/perl5 /usr/lib/x86_64-linux-gnu/perl/5.26 /usr/share/perl/5.26 /usr/local/lib/site_perl /usr/lib/x86_64-linux-gnu/perl-base) at /usr/share/perl5/Debconf/FrontEnd/Readline.pm line 7.)
debconf: falling back to frontend: Teletype
Selecting previously unselected package multiarch-support.
(Reading database ... (Reading database ... 5%(Reading database ... 10%(Reading database ... 15%(Reading database ... 20%(Reading database ... 25%(Reading database ... 30%(Reading database ... 35%(Reading database ... 40%(Reading database ... 45%(Reading database ... 50%(Reading database ... 55%(Reading database ... 60%(Reading database ... 65%(Reading database ... 70%(Reading database ... 75%(Reading database ... 80%(Reading database ... 85%(Reading database ... 90%(Reading database ... 95%(Reading database ... 100%(Reading database ... 4839 files and directories currently installed.)
Preparing to unpack .../0-multiarch-support_2.27-3ubuntu1.4_amd64.deb ...
Unpacking multiarch-support (2.27-3ubuntu1.4) ...
Selecting previously unselected package libxau6:amd64.
Preparing to unpack .../1-libxau6_1%3a1.0.8-1ubuntu1_amd64.deb ...
Unpacking libxau6:amd64 (1:1.0.8-1ubuntu1) ...
Selecting previously unselected package libbsd0:amd64.
Preparing to unpack .../2-libbsd0_0.8.7-1ubuntu0.1_amd64.deb ...
Unpacking libbsd0:amd64 (0.8.7-1ubuntu0.1) ...
Selecting previously unselected package libxdmcp6:amd64.
Preparing to unpack .../3-libxdmcp6_1%3a1.1.2-3_amd64.deb ...
Unpacking libxdmcp6:amd64 (1:1.1.2-3) ...
Selecting previously unselected package libxcb1:amd64.
Preparing to unpack .../4-libxcb1_1.13-2~ubuntu18.04_amd64.deb ...
Unpacking libxcb1:amd64 (1.13-2~ubuntu18.04) ...
Selecting previously unselected package libx11-data.
Preparing to unpack .../5-libx11-data_2%3a1.6.4-3ubuntu0.3_all.deb ...
Unpacking libx11-data (2:1.6.4-3ubuntu0.3) ...
Selecting previously unselected package libx11-6:amd64.
Preparing to unpack .../6-libx11-6_2%3a1.6.4-3ubuntu0.3_amd64.deb ...
Unpacking libx11-6:amd64 (2:1.6.4-3ubuntu0.3) ...
Setting up multiarch-support (2.27-3ubuntu1.4) ...
Selecting previously unselected package libxext6:amd64.
(Reading database ... (Reading database ... 5%(Reading database ... 10%(Reading database ... 15%(Reading database ... 20%(Reading database ... 25%(Reading database ... 30%(Reading database ... 35%(Reading database ... 40%(Reading database ... 45%(Reading database ... 50%(Reading database ... 55%(Reading database ... 60%(Reading database ... 65%(Reading database ... 70%(Reading database ... 75%(Reading database ... 80%(Reading database ... 85%(Reading database ... 90%(Reading database ... 95%(Reading database ... 100%(Reading database ... 5129 files and directories currently installed.)
Preparing to unpack .../00-libxext6_2%3a1.3.3-1_amd64.deb ...
Unpacking libxext6:amd64 (2:1.3.3-1) ...
Selecting previously unselected package x11-common.
Preparing to unpack .../01-x11-common_1%3a7.7+19ubuntu7.1_all.deb ...
dpkg-query: no packages found matching nux-tools
Unpacking x11-common (1:7.7+19ubuntu7.1) ...
Selecting previously unselected package libice6:amd64.
Preparing to unpack .../02-libice6_2%3a1.0.9-2_amd64.deb ...
Unpacking libice6:amd64 (2:1.0.9-2) ...
Selecting previously unselected package libsm6:amd64.
Preparing to unpack .../03-libsm6_2%3a1.2.2-1_amd64.deb ...
Unpacking libsm6:amd64 (2:1.2.2-1) ...
Selecting previously unselected package perl-modules-5.26.
Preparing to unpack .../04-perl-modules-5.26_5.26.1-6ubuntu0.5_all.deb ...
Unpacking perl-modules-5.26 (5.26.1-6ubuntu0.5) ...
Selecting previously unselected package libgdbm5:amd64.
Preparing to unpack .../05-libgdbm5_1.14.1-6_amd64.deb ...
Unpacking libgdbm5:amd64 (1.14.1-6) ...
Selecting previously unselected package libgdbm-compat4:amd64.
Preparing to unpack .../06-libgdbm-compat4_1.14.1-6_amd64.deb ...
Unpacking libgdbm-compat4:amd64 (1.14.1-6) ...
Selecting previously unselected package libperl5.26:amd64.
Preparing to unpack .../07-libperl5.26_5.26.1-6ubuntu0.5_amd64.deb ...
Unpacking libperl5.26:amd64 (5.26.1-6ubuntu0.5) ...
Selecting previously unselected package perl.
Preparing to unpack .../08-perl_5.26.1-6ubuntu0.5_amd64.deb ...
Unpacking perl (5.26.1-6ubuntu0.5) ...
Selecting previously unselected package libexpat1:amd64.
Preparing to unpack .../09-libexpat1_2.2.5-3ubuntu0.2_amd64.deb ...
Unpacking libexpat1:amd64 (2.2.5-3ubuntu0.2) ...
Selecting previously unselected package libglib2.0-0:amd64.
Preparing to unpack .../10-libglib2.0-0_2.56.4-0ubuntu0.18.04.6_amd64.deb ...
Unpacking libglib2.0-0:amd64 (2.56.4-0ubuntu0.18.04.6) ...
Selecting previously unselected package xz-utils.
Preparing to unpack .../11-xz-utils_5.2.2-1.3_amd64.deb ...
Unpacking xz-utils (5.2.2-1.3) ...
Selecting previously unselected package libkrb5support0:amd64.
Preparing to unpack .../12-libkrb5support0_1.16-2ubuntu0.2_amd64.deb ...
Unpacking libkrb5support0:amd64 (1.16-2ubuntu0.2) ...
Selecting previously unselected package libk5crypto3:amd64.
Preparing to unpack .../13-libk5crypto3_1.16-2ubuntu0.2_amd64.deb ...
Unpacking libk5crypto3:amd64 (1.16-2ubuntu0.2) ...
Selecting previously unselected package libkeyutils1:amd64.
Preparing to unpack .../14-libkeyutils1_1.5.9-9.2ubuntu2_amd64.deb ...
Unpacking libkeyutils1:amd64 (1.5.9-9.2ubuntu2) ...
Selecting previously unselected package libkrb5-3:amd64.
Preparing to unpack .../15-libkrb5-3_1.16-2ubuntu0.2_amd64.deb ...
Unpacking libkrb5-3:amd64 (1.16-2ubuntu0.2) ...
Selecting previously unselected package libgssapi-krb5-2:amd64.
Preparing to unpack .../16-libgssapi-krb5-2_1.16-2ubuntu0.2_amd64.deb ...
Unpacking libgssapi-krb5-2:amd64 (1.16-2ubuntu0.2) ...
Selecting previously unselected package libpsl5:amd64.
Preparing to unpack .../17-libpsl5_0.19.1-5build1_amd64.deb ...
Unpacking libpsl5:amd64 (0.19.1-5build1) ...
Selecting previously unselected package wget.
Preparing to unpack .../18-wget_1.19.4-1ubuntu2.2_amd64.deb ...
Unpacking wget (1.19.4-1ubuntu2.2) ...
Selecting previously unselected package binutils-common:amd64.
Preparing to unpack .../19-binutils-common_2.30-21ubuntu1~18.04.4_amd64.deb ...
Unpacking binutils-common:amd64 (2.30-21ubuntu1~18.04.4) ...
Selecting previously unselected package libbinutils:amd64.
Preparing to unpack .../20-libbinutils_2.30-21ubuntu1~18.04.4_amd64.deb ...
Unpacking libbinutils:amd64 (2.30-21ubuntu1~18.04.4) ...
Selecting previously unselected package binutils-x86-64-linux-gnu.
Preparing to unpack .../21-binutils-x86-64-linux-gnu_2.30-21ubuntu1~18.04.4_amd64.deb ...
Unpacking binutils-x86-64-linux-gnu (2.30-21ubuntu1~18.04.4) ...
Selecting previously unselected package binutils.
Preparing to unpack .../22-binutils_2.30-21ubuntu1~18.04.4_amd64.deb ...
Unpacking binutils (2.30-21ubuntu1~18.04.4) ...
Selecting previously unselected package libc-dev-bin.
Preparing to unpack .../23-libc-dev-bin_2.27-3ubuntu1.4_amd64.deb ...
Unpacking libc-dev-bin (2.27-3ubuntu1.4) ...
Selecting previously unselected package linux-libc-dev:amd64.
Preparing to unpack .../24-linux-libc-dev_4.15.0-134.138_amd64.deb ...
Unpacking linux-libc-dev:amd64 (4.15.0-134.138) ...
Selecting previously unselected package libc6-dev:amd64.
Preparing to unpack .../25-libc6-dev_2.27-3ubuntu1.4_amd64.deb ...
Unpacking libc6-dev:amd64 (2.27-3ubuntu1.4) ...
Selecting previously unselected package gcc-7-base:amd64.
Preparing to unpack .../26-gcc-7-base_7.5.0-3ubuntu1~18.04_amd64.deb ...
Unpacking gcc-7-base:amd64 (7.5.0-3ubuntu1~18.04) ...
Selecting previously unselected package libisl19:amd64.
Preparing to unpack .../27-libisl19_0.19-1_amd64.deb ...
Unpacking libisl19:amd64 (0.19-1) ...
Selecting previously unselected package libmpfr6:amd64.
Preparing to unpack .../28-libmpfr6_4.0.1-1_amd64.deb ...
Unpacking libmpfr6:amd64 (4.0.1-1) ...
Selecting previously unselected package libmpc3:amd64.
Preparing to unpack .../29-libmpc3_1.1.0-1_amd64.deb ...
Unpacking libmpc3:amd64 (1.1.0-1) ...
Selecting previously unselected package cpp-7.
Preparing to unpack .../30-cpp-7_7.5.0-3ubuntu1~18.04_amd64.deb ...
Unpacking cpp-7 (7.5.0-3ubuntu1~18.04) ...
Selecting previously unselected package cpp.
Preparing to unpack .../31-cpp_4%3a7.4.0-1ubuntu2.3_amd64.deb ...
Unpacking cpp (4:7.4.0-1ubuntu2.3) ...
Selecting previously unselected package libcc1-0:amd64.
Preparing to unpack .../32-libcc1-0_8.4.0-1ubuntu1~18.04_amd64.deb ...
Unpacking libcc1-0:amd64 (8.4.0-1ubuntu1~18.04) ...
Selecting previously unselected package libgomp1:amd64.
Preparing to unpack .../33-libgomp1_8.4.0-1ubuntu1~18.04_amd64.deb ...
Unpacking libgomp1:amd64 (8.4.0-1ubuntu1~18.04) ...
Selecting previously unselected package libitm1:amd64.
Preparing to unpack .../34-libitm1_8.4.0-1ubuntu1~18.04_amd64.deb ...
Unpacking libitm1:amd64 (8.4.0-1ubuntu1~18.04) ...
Selecting previously unselected package libatomic1:amd64.
Preparing to unpack .../35-libatomic1_8.4.0-1ubuntu1~18.04_amd64.deb ...
Unpacking libatomic1:amd64 (8.4.0-1ubuntu1~18.04) ...
Selecting previously unselected package libasan4:amd64.
Preparing to unpack .../36-libasan4_7.5.0-3ubuntu1~18.04_amd64.deb ...
Unpacking libasan4:amd64 (7.5.0-3ubuntu1~18.04) ...
Selecting previously unselected package liblsan0:amd64.
Preparing to unpack .../37-liblsan0_8.4.0-1ubuntu1~18.04_amd64.deb ...
Unpacking liblsan0:amd64 (8.4.0-1ubuntu1~18.04) ...
Selecting previously unselected package libtsan0:amd64.
Preparing to unpack .../38-libtsan0_8.4.0-1ubuntu1~18.04_amd64.deb ...
Unpacking libtsan0:amd64 (8.4.0-1ubuntu1~18.04) ...
Selecting previously unselected package libubsan0:amd64.
Preparing to unpack .../39-libubsan0_7.5.0-3ubuntu1~18.04_amd64.deb ...
Unpacking libubsan0:amd64 (7.5.0-3ubuntu1~18.04) ...
Selecting previously unselected package libcilkrts5:amd64.
Preparing to unpack .../40-libcilkrts5_7.5.0-3ubuntu1~18.04_amd64.deb ...
Unpacking libcilkrts5:amd64 (7.5.0-3ubuntu1~18.04) ...
Selecting previously unselected package libmpx2:amd64.
Preparing to unpack .../41-libmpx2_8.4.0-1ubuntu1~18.04_amd64.deb ...
Unpacking libmpx2:amd64 (8.4.0-1ubuntu1~18.04) ...
Selecting previously unselected package libquadmath0:amd64.
Preparing to unpack .../42-libquadmath0_8.4.0-1ubuntu1~18.04_amd64.deb ...
Unpacking libquadmath0:amd64 (8.4.0-1ubuntu1~18.04) ...
Selecting previously unselected package libgcc-7-dev:amd64.
Preparing to unpack .../43-libgcc-7-dev_7.5.0-3ubuntu1~18.04_amd64.deb ...
Unpacking libgcc-7-dev:amd64 (7.5.0-3ubuntu1~18.04) ...
Selecting previously unselected package gcc-7.
Preparing to unpack .../44-gcc-7_7.5.0-3ubuntu1~18.04_amd64.deb ...
Unpacking gcc-7 (7.5.0-3ubuntu1~18.04) ...
Selecting previously unselected package gcc.
Preparing to unpack .../45-gcc_4%3a7.4.0-1ubuntu2.3_amd64.deb ...
Unpacking gcc (4:7.4.0-1ubuntu2.3) ...
Selecting previously unselected package libstdc++-7-dev:amd64.
Preparing to unpack .../46-libstdc++-7-dev_7.5.0-3ubuntu1~18.04_amd64.deb ...
Unpacking libstdc++-7-dev:amd64 (7.5.0-3ubuntu1~18.04) ...
Selecting previously unselected package g++-7.
Preparing to unpack .../47-g++-7_7.5.0-3ubuntu1~18.04_amd64.deb ...
Unpacking g++-7 (7.5.0-3ubuntu1~18.04) ...
Selecting previously unselected package g++.
Preparing to unpack .../48-g++_4%3a7.4.0-1ubuntu2.3_amd64.deb ...
Unpacking g++ (4:7.4.0-1ubuntu2.3) ...
Selecting previously unselected package make.
Preparing to unpack .../49-make_4.1-9.1ubuntu1_amd64.deb ...
Unpacking make (4.1-9.1ubuntu1) ...
Selecting previously unselected package libdpkg-perl.
Preparing to unpack .../50-libdpkg-perl_1.19.0.5ubuntu2.3_all.deb ...
Unpacking libdpkg-perl (1.19.0.5ubuntu2.3) ...
Selecting previously unselected package patch.
Preparing to unpack .../51-patch_2.7.6-2ubuntu1.1_amd64.deb ...
Unpacking patch (2.7.6-2ubuntu1.1) ...
Selecting previously unselected package dpkg-dev.
Preparing to unpack .../52-dpkg-dev_1.19.0.5ubuntu2.3_all.deb ...
Unpacking dpkg-dev (1.19.0.5ubuntu2.3) ...
Selecting previously unselected package build-essential.
Preparing to unpack .../53-build-essential_12.4ubuntu1_amd64.deb ...
Unpacking build-essential (12.4ubuntu1) ...
Selecting previously unselected package libnghttp2-14:amd64.
Preparing to unpack .../54-libnghttp2-14_1.30.0-1ubuntu1_amd64.deb ...
Unpacking libnghttp2-14:amd64 (1.30.0-1ubuntu1) ...
Selecting previously unselected package librtmp1:amd64.
Preparing to unpack .../55-librtmp1_2.4+20151223.gitfa8646d.1-1_amd64.deb ...
Unpacking librtmp1:amd64 (2.4+20151223.gitfa8646d.1-1) ...
Selecting previously unselected package libcurl3-gnutls:amd64.
Preparing to unpack .../56-libcurl3-gnutls_7.58.0-2ubuntu3.12_amd64.deb ...
Unpacking libcurl3-gnutls:amd64 (7.58.0-2ubuntu3.12) ...
Selecting previously unselected package liberror-perl.
Preparing to unpack .../57-liberror-perl_0.17025-1_all.deb ...
Unpacking liberror-perl (0.17025-1) ...
Selecting previously unselected package git-man.
Preparing to unpack .../58-git-man_1%3a2.17.1-1ubuntu0.7_all.deb ...
Unpacking git-man (1:2.17.1-1ubuntu0.7) ...
Selecting previously unselected package git.
Preparing to unpack .../59-git_1%3a2.17.1-1ubuntu0.7_amd64.deb ...
Unpacking git (1:2.17.1-1ubuntu0.7) ...
Selecting previously unselected package libpthread-stubs0-dev:amd64.
Preparing to unpack .../60-libpthread-stubs0-dev_0.3-4_amd64.deb ...
Unpacking libpthread-stubs0-dev:amd64 (0.3-4) ...
Selecting previously unselected package xorg-sgml-doctools.
Preparing to unpack .../61-xorg-sgml-doctools_1%3a1.11-1_all.deb ...
Unpacking xorg-sgml-doctools (1:1.11-1) ...
Selecting previously unselected package x11proto-dev.
Preparing to unpack .../62-x11proto-dev_2018.4-4_all.deb ...
Unpacking x11proto-dev (2018.4-4) ...
Selecting previously unselected package x11proto-core-dev.
Preparing to unpack .../63-x11proto-core-dev_2018.4-4_all.deb ...
Unpacking x11proto-core-dev (2018.4-4) ...
Selecting previously unselected package libxau-dev:amd64.
Preparing to unpack .../64-libxau-dev_1%3a1.0.8-1ubuntu1_amd64.deb ...
Unpacking libxau-dev:amd64 (1:1.0.8-1ubuntu1) ...
Selecting previously unselected package libxdmcp-dev:amd64.
Preparing to unpack .../65-libxdmcp-dev_1%3a1.1.2-3_amd64.deb ...
Unpacking libxdmcp-dev:amd64 (1:1.1.2-3) ...
Selecting previously unselected package xtrans-dev.
Preparing to unpack .../66-xtrans-dev_1.3.5-1_all.deb ...
Unpacking xtrans-dev (1.3.5-1) ...
Selecting previously unselected package libxcb1-dev:amd64.
Preparing to unpack .../67-libxcb1-dev_1.13-2~ubuntu18.04_amd64.deb ...
Unpacking libxcb1-dev:amd64 (1.13-2~ubuntu18.04) ...
Selecting previously unselected package libx11-dev:amd64.
Preparing to unpack .../68-libx11-dev_2%3a1.6.4-3ubuntu0.3_amd64.deb ...
Unpacking libx11-dev:amd64 (2:1.6.4-3ubuntu0.3) ...
Selecting previously unselected package libxrender1:amd64.
Preparing to unpack .../69-libxrender1_1%3a0.9.10-1_amd64.deb ...
Unpacking libxrender1:amd64 (1:0.9.10-1) ...
Selecting previously unselected package libxrender-dev:amd64.
Preparing to unpack .../70-libxrender-dev_1%3a0.9.10-1_amd64.deb ...
Unpacking libxrender-dev:amd64 (1:0.9.10-1) ...
Setting up libquadmath0:amd64 (8.4.0-1ubuntu1~18.04) ...
Setting up libgomp1:amd64 (8.4.0-1ubuntu1~18.04) ...
Setting up libatomic1:amd64 (8.4.0-1ubuntu1~18.04) ...
Setting up git-man (1:2.17.1-1ubuntu0.7) ...
Setting up libexpat1:amd64 (2.2.5-3ubuntu0.2) ...
Setting up libcc1-0:amd64 (8.4.0-1ubuntu1~18.04) ...
Setting up make (4.1-9.1ubuntu1) ...
Setting up libnghttp2-14:amd64 (1.30.0-1ubuntu1) ...
Setting up libpthread-stubs0-dev:amd64 (0.3-4) ...
Setting up libpsl5:amd64 (0.19.1-5build1) ...
Setting up libtsan0:amd64 (8.4.0-1ubuntu1~18.04) ...
Setting up libglib2.0-0:amd64 (2.56.4-0ubuntu0.18.04.6) ...
No schema files found: doing nothing.
Setting up xorg-sgml-doctools (1:1.11-1) ...
Setting up linux-libc-dev:amd64 (4.15.0-134.138) ...
Setting up libmpfr6:amd64 (4.0.1-1) ...
Setting up librtmp1:amd64 (2.4+20151223.gitfa8646d.1-1) ...
Setting up perl-modules-5.26 (5.26.1-6ubuntu0.5) ...
Setting up libgdbm5:amd64 (1.14.1-6) ...
Setting up libbsd0:amd64 (0.8.7-1ubuntu0.1) ...
Setting up libkrb5support0:amd64 (1.16-2ubuntu0.2) ...
Setting up x11proto-dev (2018.4-4) ...
Setting up liblsan0:amd64 (8.4.0-1ubuntu1~18.04) ...
Setting up gcc-7-base:amd64 (7.5.0-3ubuntu1~18.04) ...
Setting up binutils-common:amd64 (2.30-21ubuntu1~18.04.4) ...
Setting up libmpx2:amd64 (8.4.0-1ubuntu1~18.04) ...
Setting up xtrans-dev (1.3.5-1) ...
Setting up patch (2.7.6-2ubuntu1.1) ...
Setting up xz-utils (5.2.2-1.3) ...
update-alternatives: using /usr/bin/xz to provide /usr/bin/lzma (lzma) in auto mode
update-alternatives: warning: skip creation of /usr/share/man/man1/lzma.1.gz because associated file /usr/share/man/man1/xz.1.gz (of link group lzma) doesn't exist
update-alternatives: warning: skip creation of /usr/share/man/man1/unlzma.1.gz because associated file /usr/share/man/man1/unxz.1.gz (of link group lzma) doesn't exist
update-alternatives: warning: skip creation of /usr/share/man/man1/lzcat.1.gz because associated file /usr/share/man/man1/xzcat.1.gz (of link group lzma) doesn't exist
update-alternatives: warning: skip creation of /usr/share/man/man1/lzmore.1.gz because associated file /usr/share/man/man1/xzmore.1.gz (of link group lzma) doesn't exist
update-alternatives: warning: skip creation of /usr/share/man/man1/lzless.1.gz because associated file /usr/share/man/man1/xzless.1.gz (of link group lzma) doesn't exist
update-alternatives: warning: skip creation of /usr/share/man/man1/lzdiff.1.gz because associated file /usr/share/man/man1/xzdiff.1.gz (of link group lzma) doesn't exist
update-alternatives: warning: skip creation of /usr/share/man/man1/lzcmp.1.gz because associated file /usr/share/man/man1/xzcmp.1.gz (of link group lzma) doesn't exist
update-alternatives: warning: skip creation of /usr/share/man/man1/lzgrep.1.gz because associated file /usr/share/man/man1/xzgrep.1.gz (of link group lzma) doesn't exist
update-alternatives: warning: skip creation of /usr/share/man/man1/lzegrep.1.gz because associated file /usr/share/man/man1/xzegrep.1.gz (of link group lzma) doesn't exist
update-alternatives: warning: skip creation of /usr/share/man/man1/lzfgrep.1.gz because associated file /usr/share/man/man1/xzfgrep.1.gz (of link group lzma) doesn't exist
Setting up wget (1.19.4-1ubuntu2.2) ...
Setting up libmpc3:amd64 (1.1.0-1) ...
Setting up libc-dev-bin (2.27-3ubuntu1.4) ...
Setting up libxdmcp6:amd64 (1:1.1.2-3) ...
Setting up libgdbm-compat4:amd64 (1.14.1-6) ...
Setting up libkeyutils1:amd64 (1.5.9-9.2ubuntu2) ...
Setting up x11-common (1:7.7+19ubuntu7.1) ...
debconf: unable to initialize frontend: Dialog
debconf: (TERM is not set, so the dialog frontend is not usable.)
debconf: falling back to frontend: Readline
update-rc.d: warning: start and stop actions are no longer supported; falling back to defaults
invoke-rc.d: could not determine current runlevel
invoke-rc.d: policy-rc.d denied execution of start.
Setting up libc6-dev:amd64 (2.27-3ubuntu1.4) ...
Setting up libitm1:amd64 (8.4.0-1ubuntu1~18.04) ...
Setting up libx11-data (2:1.6.4-3ubuntu0.3) ...
Setting up libxau6:amd64 (1:1.0.8-1ubuntu1) ...
Setting up libisl19:amd64 (0.19-1) ...
Setting up libk5crypto3:amd64 (1.16-2ubuntu0.2) ...
Setting up x11proto-core-dev (2018.4-4) ...
Setting up libasan4:amd64 (7.5.0-3ubuntu1~18.04) ...
Setting up libbinutils:amd64 (2.30-21ubuntu1~18.04.4) ...
Setting up libcilkrts5:amd64 (7.5.0-3ubuntu1~18.04) ...
Setting up libubsan0:amd64 (7.5.0-3ubuntu1~18.04) ...
Setting up libxau-dev:amd64 (1:1.0.8-1ubuntu1) ...
Setting up libgcc-7-dev:amd64 (7.5.0-3ubuntu1~18.04) ...
Setting up cpp-7 (7.5.0-3ubuntu1~18.04) ...
Setting up libstdc++-7-dev:amd64 (7.5.0-3ubuntu1~18.04) ...
Setting up libxdmcp-dev:amd64 (1:1.1.2-3) ...
Setting up libperl5.26:amd64 (5.26.1-6ubuntu0.5) ...
Setting up libice6:amd64 (2:1.0.9-2) ...
Setting up libkrb5-3:amd64 (1.16-2ubuntu0.2) ...
Setting up libxcb1:amd64 (1.13-2~ubuntu18.04) ...
Setting up binutils-x86-64-linux-gnu (2.30-21ubuntu1~18.04.4) ...
Setting up cpp (4:7.4.0-1ubuntu2.3) ...
Setting up libsm6:amd64 (2:1.2.2-1) ...
Setting up libx11-6:amd64 (2:1.6.4-3ubuntu0.3) ...
Setting up libgssapi-krb5-2:amd64 (1.16-2ubuntu0.2) ...
Setting up perl (5.26.1-6ubuntu0.5) ...
Setting up libxrender1:amd64 (1:0.9.10-1) ...
Setting up libxcb1-dev:amd64 (1.13-2~ubuntu18.04) ...
Setting up binutils (2.30-21ubuntu1~18.04.4) ...
Setting up libx11-dev:amd64 (2:1.6.4-3ubuntu0.3) ...
Setting up libxext6:amd64 (2:1.3.3-1) ...
Setting up gcc-7 (7.5.0-3ubuntu1~18.04) ...
Setting up liberror-perl (0.17025-1) ...
Setting up g++-7 (7.5.0-3ubuntu1~18.04) ...
Setting up libcurl3-gnutls:amd64 (7.58.0-2ubuntu3.12) ...
Setting up libdpkg-perl (1.19.0.5ubuntu2.3) ...
Setting up libxrender-dev:amd64 (1:0.9.10-1) ...
Setting up gcc (4:7.4.0-1ubuntu2.3) ...
Setting up dpkg-dev (1.19.0.5ubuntu2.3) ...
Setting up g++ (4:7.4.0-1ubuntu2.3) ...
update-alternatives: using /usr/bin/g++ to provide /usr/bin/c++ (c++) in auto mode
update-alternatives: warning: skip creation of /usr/share/man/man1/c++.1.gz because associated file /usr/share/man/man1/g++.1.gz (of link group c++) doesn't exist
Setting up git (1:2.17.1-1ubuntu0.7) ...
Setting up build-essential (12.4ubuntu1) ...
Processing triggers for libc-bin (2.27-3ubuntu1.3) ...
Removing intermediate container cd9f7c9898a6
 ---> 01c4ba87561e
Step 4/17 : ENV PATH /opt/conda/bin:$PATH
 ---> Running in 9cfde4b71d90
Removing intermediate container 9cfde4b71d90
 ---> 62de4c4b58db
Step 5/17 : ARG CONDA_VERSION
 ---> Running in 25c324686d1e
Removing intermediate container 25c324686d1e
 ---> c366542cf7ae
Step 6/17 : RUN wget --quiet https://repo.anaconda.com/miniconda/Miniconda3-${CONDA_VERSION}-Linux-x86_64.sh -O ~/miniconda.sh &&     /bin/bash ~/miniconda.sh -b -p /opt/conda &&     rm ~/miniconda.sh &&     /opt/conda/bin/conda clean -tipsy &&     ln -s /opt/conda/etc/profile.d/conda.sh /etc/profile.d/conda.sh &&     echo ". /opt/conda/etc/profile.d/conda.sh" >> ~/.bashrc &&     echo "conda activate base" >> ~/.bashrc &&     find /opt/conda/ -follow -type f -name '*.a' -delete &&     find /opt/conda/ -follow -type f -name '*.js.map' -delete &&     /opt/conda/bin/conda clean -afy
 ---> Running in c82cf6f5eeb6
PREFIX=/opt/conda
Unpacking payload ...
[91m  0%|          | 0/35 [00:00<?, ?it/s][0m[91mExtracting : six-1.12.0-py37_0.conda:   0%|          | 0/35 [00:00<?, ?it/s][0m[91mExtracting : _libgcc_mutex-0.1-main.conda:   3%|â–Ž         | 1/35 [00:00<00:00, 47.20it/s][0m[91mExtracting : openssl-1.1.1d-h7b6447c_2.conda:   6%|â–Œ         | 2/35 [00:00<00:02, 12.86it/s][0m[91mExtracting : openssl-1.1.1d-h7b6447c_2.conda:   9%|â–Š         | 3/35 [00:00<00:01, 19.26it/s][0m[91mExtracting : xz-5.2.4-h14c3975_4.conda:   9%|â–Š         | 3/35 [00:00<00:01, 19.26it/s]      [0m[91mExtracting : tqdm-4.36.1-py_0.conda:  11%|â–ˆâ–        | 4/35 [00:00<00:01, 19.26it/s]   [0m[91mExtracting : chardet-3.0.4-py37_1003.conda:  14%|â–ˆâ–        | 5/35 [00:00<00:01, 19.26it/s][0m[91mExtracting : ruamel_yaml-0.15.46-py37h14c3975_0.conda:  17%|â–ˆâ–‹        | 6/35 [00:00<00:01, 19.26it/s][0m[91mExtracting : python-3.7.4-h265db76_1.conda:  20%|â–ˆâ–ˆ        | 7/35 [00:00<00:01, 19.26it/s]           [0m[91mExtracting : python-3.7.4-h265db76_1.conda:  23%|â–ˆâ–ˆâ–Ž       | 8/35 [00:00<00:02, 12.17it/s]Extracting : yaml-0.1.7-had09818_2.conda:  23%|â–ˆâ–ˆâ–Ž       | 8/35 [00:00<00:02, 12.17it/s]  [0m[91mExtracting : tk-8.6.8-hbc83047_0.conda:  26%|â–ˆâ–ˆâ–Œ       | 9/35 [00:00<00:02, 12.17it/s]  Extracting : cffi-1.12.3-py37h2e261b9_0.conda:  29%|â–ˆâ–ˆâ–Š       | 10/35 [00:00<00:02, 12.17it/s][0m[91mExtracting : pycparser-2.19-py37_0.conda:  31%|â–ˆâ–ˆâ–ˆâ–      | 11/35 [00:00<00:01, 12.17it/s]     [0m[91mExtracting : idna-2.8-py37_0.conda:  34%|â–ˆâ–ˆâ–ˆâ–      | 12/35 [00:00<00:01, 12.17it/s]      [0m[91mExtracting : libgcc-ng-9.1.0-hdf63c60_0.conda:  37%|â–ˆâ–ˆâ–ˆâ–‹      | 13/35 [00:00<00:01, 12.17it/s][0m[91mExtracting : libstdcxx-ng-9.1.0-hdf63c60_0.conda:  40%|â–ˆâ–ˆâ–ˆâ–ˆ      | 14/35 [00:00<00:01, 12.17it/s][0m[91mExtracting : ncurses-6.1-he6710b0_1.conda:  43%|â–ˆâ–ˆâ–ˆâ–ˆâ–Ž     | 15/35 [00:00<00:01, 12.17it/s]       [0m[91mExtracting : requests-2.22.0-py37_0.conda:  46%|â–ˆâ–ˆâ–ˆâ–ˆâ–Œ     | 16/35 [00:00<00:01, 12.17it/s][0m[91mExtracting : pycosat-0.6.3-py37h14c3975_0.conda:  49%|â–ˆâ–ˆâ–ˆâ–ˆâ–Š     | 17/35 [00:00<00:01, 12.17it/s][0m[91mExtracting : libedit-3.1.20181209-hc058e9b_0.conda:  51%|â–ˆâ–ˆâ–ˆâ–ˆâ–ˆâ–    | 18/35 [00:00<00:01, 12.17it/s][0m[91mExtracting : libffi-3.2.1-hd88cf55_4.conda:  54%|â–ˆâ–ˆâ–ˆâ–ˆâ–ˆâ–    | 19/35 [00:00<00:01, 12.17it/s]        [0m[91mExtracting : zlib-1.2.11-h7b6447c_3.conda:  57%|â–ˆâ–ˆâ–ˆâ–ˆâ–ˆâ–‹    | 20/35 [00:00<00:01, 12.17it/s] [0m[91mExtracting : readline-7.0-h7b6447c_5.conda:  60%|â–ˆâ–ˆâ–ˆâ–ˆâ–ˆâ–ˆ    | 21/35 [00:00<00:01, 12.17it/s][0m[91mExtracting : pyopenssl-19.0.0-py37_0.conda:  63%|â–ˆâ–ˆâ–ˆâ–ˆâ–ˆâ–ˆâ–Ž   | 22/35 [00:00<00:01, 12.17it/s]Extracting : urllib3-1.24.2-py37_0.conda:  66%|â–ˆâ–ˆâ–ˆâ–ˆâ–ˆâ–ˆâ–Œ   | 23/35 [00:00<00:00, 12.17it/s]  [0m[91mExtracting : conda-package-handling-1.6.0-py37h7b6447c_0.conda:  69%|â–ˆâ–ˆâ–ˆâ–ˆâ–ˆâ–ˆâ–Š   | 24/35 [00:00<00:00, 12.17it/s][0m[91mExtracting : cryptography-2.7-py37h1ba5d50_0.conda:  71%|â–ˆâ–ˆâ–ˆâ–ˆâ–ˆâ–ˆâ–ˆâ–  | 25/35 [00:00<00:00, 12.17it/s]            [0m[91mExtracting : setuptools-41.4.0-py37_0.tar.bz2:  74%|â–ˆâ–ˆâ–ˆâ–ˆâ–ˆâ–ˆâ–ˆâ–  | 26/35 [00:00<00:00, 12.17it/s]     [0m[91mExtracting : pip-19.2.3-py37_0.tar.bz2:  77%|â–ˆâ–ˆâ–ˆâ–ˆâ–ˆâ–ˆâ–ˆâ–‹  | 27/35 [00:00<00:00, 12.17it/s]       [0m[91mExtracting : ca-certificates-2019.8.28-0.tar.bz2:  80%|â–ˆâ–ˆâ–ˆâ–ˆâ–ˆâ–ˆâ–ˆâ–ˆ  | 28/35 [00:00<00:00, 12.17it/s]Extracting : sqlite-3.30.0-h7b6447c_0.tar.bz2:  83%|â–ˆâ–ˆâ–ˆâ–ˆâ–ˆâ–ˆâ–ˆâ–ˆâ–Ž | 29/35 [00:00<00:00, 12.17it/s]   [0m[91mExtracting : wheel-0.33.6-py37_0.tar.bz2:  86%|â–ˆâ–ˆâ–ˆâ–ˆâ–ˆâ–ˆâ–ˆâ–ˆâ–Œ | 30/35 [00:00<00:00, 12.17it/s]     [0m[91mExtracting : pysocks-1.7.1-py37_0.tar.bz2:  89%|â–ˆâ–ˆâ–ˆâ–ˆâ–ˆâ–ˆâ–ˆâ–ˆâ–Š | 31/35 [00:00<00:00, 12.17it/s][0m[91mExtracting : conda-4.7.12-py37_0.tar.bz2:  91%|â–ˆâ–ˆâ–ˆâ–ˆâ–ˆâ–ˆâ–ˆâ–ˆâ–ˆâ–| 32/35 [00:00<00:00, 12.17it/s] Extracting : certifi-2019.9.11-py37_0.tar.bz2:  94%|â–ˆâ–ˆâ–ˆâ–ˆâ–ˆâ–ˆâ–ˆâ–ˆâ–ˆâ–| 33/35 [00:00<00:00, 12.17it/s]E
xtracting : asn1crypto-1.0.1-py37_0.tar.bz2:  97%|â–ˆâ–ˆâ–ˆâ–ˆâ–ˆâ–ˆâ–ˆâ–ˆâ–ˆâ–‹| 34/35 [00:00<00:00, 12.17it/s] [0m[91m                                                                                             [0m[91m[0mCollecting package metadata (current_repodata.json): ...working... done
Solving environment: ...working... done

## Package Plan ##

  environment location: /opt/conda

  added / updated specs:
    - _libgcc_mutex==0.1=main
    - asn1crypto==1.0.1=py37_0
    - ca-certificates==2019.8.28=0
    - certifi==2019.9.11=py37_0
    - cffi==1.12.3=py37h2e261b9_0
    - chardet==3.0.4=py37_1003
    - conda-package-handling==1.6.0=py37h7b6447c_0
    - conda==4.7.12=py37_0
    - cryptography==2.7=py37h1ba5d50_0
    - idna==2.8=py37_0
    - libedit==3.1.20181209=hc058e9b_0
    - libffi==3.2.1=hd88cf55_4
    - libgcc-ng==9.1.0=hdf63c60_0
    - libstdcxx-ng==9.1.0=hdf63c60_0
    - ncurses==6.1=he6710b0_1
    - openssl==1.1.1d=h7b6447c_2
    - pip==19.2.3=py37_0
    - pycosat==0.6.3=py37h14c3975_0
    - pycparser==2.19=py37_0
    - pyopenssl==19.0.0=py37_0
    - pysocks==1.7.1=py37_0
    - python==3.7.4=h265db76_1
    - readline==7.0=h7b6447c_5
    - requests==2.22.0=py37_0
    - ruamel_yaml==0.15.46=py37h14c3975_0
    - setuptools==41.4.0=py37_0
    - six==1.12.0=py37_0
    - sqlite==3.30.0=h7b6447c_0
    - tk==8.6.8=hbc83047_0
    - tqdm==4.36.1=py_0
    - urllib3==1.24.2=py37_0
    - wheel==0.33.6=py37_0
    - xz==5.2.4=h14c3975_4
    - yaml==0.1.7=had09818_2
    - zlib==1.2.11=h7b6447c_3


The following NEW packages will be INSTALLED:

  _libgcc_mutex      pkgs/main/linux-64::_libgcc_mutex-0.1-main
  asn1crypto         pkgs/main/linux-64::asn1crypto-1.0.1-py37_0
  ca-certificates    pkgs/main/linux-64::ca-certificates-2019.8.28-0
  certifi            pkgs/main/linux-64::certifi-2019.9.11-py37_0
  cffi               pkgs/main/linux-64::cffi-1.12.3-py37h2e261b9_0
  chardet            pkgs/main/linux-64::chardet-3.0.4-py37_1003
  conda              pkgs/main/linux-64::conda-4.7.12-py37_0
  conda-package-han~ pkgs/main/linux-64::conda-package-handling-1.6.0-py37h7b6447c_0
  cryptography       pkgs/main/linux-64::cryptography-2.7-py37h1ba5d50_0
  idna               pkgs/main/linux-64::idna-2.8-py37_0
  libedit            pkgs/main/linux-64::libedit-3.1.20181209-hc058e9b_0
  libffi             pkgs/main/linux-64::libffi-3.2.1-hd88cf55_4
  libgcc-ng          pkgs/main/linux-64::libgcc-ng-9.1.0-hdf63c60_0
  libstdcxx-ng       pkgs/main/linux-64::libstdcxx-ng-9.1.0-hdf63c60_0
  ncurses            pkgs/main/linux-64::ncurses-6.1-he6710b0_1
  openssl            pkgs/main/linux-64::openssl-1.1.1d-h7b6447c_2
  pip                pkgs/main/linux-64::pip-19.2.3-py37_0
  pycosat            pkgs/main/linux-64::pycosat-0.6.3-py37h14c3975_0
  pycparser          pkgs/main/linux-64::pycparser-2.19-py37_0
  pyopenssl          pkgs/main/linux-64::pyopenssl-19.0.0-py37_0
  pysocks            pkgs/main/linux-64::pysocks-1.7.1-py37_0
  python             pkgs/main/linux-64::python-3.7.4-h265db76_1
  readline           pkgs/main/linux-64::readline-7.0-h7b6447c_5
  requests           pkgs/main/linux-64::requests-2.22.0-py37_0
  ruamel_yaml        pkgs/main/linux-64::ruamel_yaml-0.15.46-py37h14c3975_0
  setuptools         pkgs/main/linux-64::setuptools-41.4.0-py37_0
  six                pkgs/main/linux-64::six-1.12.0-py37_0
  sqlite             pkgs/main/linux-64::sqlite-3.30.0-h7b6447c_0
  tk                 pkgs/main/linux-64::tk-8.6.8-hbc83047_0
  tqdm               pkgs/main/noarch::tqdm-4.36.1-py_0
  urllib3            pkgs/main/linux-64::urllib3-1.24.2-py37_0
  wheel              pkgs/main/linux-64::wheel-0.33.6-py37_0
  xz                 pkgs/main/linux-64::xz-5.2.4-h14c3975_4
  yaml               pkgs/main/linux-64::yaml-0.1.7-had09818_2
  zlib               pkgs/main/linux-64::zlib-1.2.11-h7b6447c_3


Preparing transaction: ...working... done
Executing transaction: ...working... done
installation finished.
[91mWARNING: 'conda clean --source-cache' is deprecated.
    Use 'conda build purge-all' to remove source cache files.
[0mCache location: /opt/conda/pkgs
Will remove the following tarballs:

/opt/conda/pkgs
---------------
six-1.12.0-py37_0.conda                       23 KB
setuptools-41.4.0-py37_0.tar.bz2             651 KB
_libgcc_mutex-0.1-main.conda                   3 KB
pip-19.2.3-py37_0.tar.bz2                    1.9 MB
openssl-1.1.1d-h7b6447c_2.conda              2.5 MB
xz-5.2.4-h14c3975_4.conda                    283 KB
tqdm-4.36.1-py_0.conda                        50 KB
ca-certificates-2019.8.28-0.tar.bz2          132 KB
chardet-3.0.4-py37_1003.conda                174 KB
ruamel_yaml-0.15.46-py37h14c3975_0.conda     237 KB
python-3.7.4-h265db76_1.conda               32.1 MB
yaml-0.1.7-had09818_2.conda                   73 KB
tk-8.6.8-hbc83047_0.conda                    2.8 MB
cffi-1.12.3-py37h2e261b9_0.conda             222 KB
pycparser-2.19-py37_0.conda                  171 KB
sqlite-3.30.0-h7b6447c_0.tar.bz2             1.9 MB
idna-2.8-py37_0.conda                         85 KB
wheel-0.33.6-py37_0.tar.bz2                   40 KB
libgcc-ng-9.1.0-hdf63c60_0.conda             5.1 MB
libstdcxx-ng-9.1.0-hdf63c60_0.conda          3.1 MB
ncurses-6.1-he6710b0_1.conda                 777 KB
requests-2.22.0-py37_0.conda                  90 KB
pycosat-0.6.3-py37h14c3975_0.conda            79 KB
pysocks-1.7.1-py37_0.tar.bz2                  30 KB
libedit-3.1.20181209-hc058e9b_0.conda        163 KB
libffi-3.2.1-hd88cf55_4.conda                 40 KB
conda-4.7.12-py37_0.tar.bz2                  3.0 MB
zlib-1.2.11-h7b6447c_3.conda                 103 KB
certifi-2019.9.11-py37_0.tar.bz2             154 KB
asn1crypto-1.0.1-py37_0.tar.bz2              161 KB
readline-7.0-h7b6447c_5.conda                324 KB
pyopenssl-19.0.0-py37_0.conda                 84 KB
urllib3-1.24.2-py37_0.conda                  159 KB
conda-package-handling-1.6.0-py37h7b6447c_0.conda     797 KB
cryptography-2.7-py37h1ba5d50_0.conda        544 KB

---------------------------------------------------
Total:                                      57.9 MB

Removed six-1.12.0-py37_0.conda
Removed setuptools-41.4.0-py37_0.tar.bz2
Removed _libgcc_mutex-0.1-main.conda
Removed pip-19.2.3-py37_0.tar.bz2
Removed openssl-1.1.1d-h7b6447c_2.conda
Removed xz-5.2.4-h14c3975_4.conda
Removed tqdm-4.36.1-py_0.conda
Removed ca-certificates-2019.8.28-0.tar.bz2
Removed chardet-3.0.4-py37_1003.conda
Removed ruamel_yaml-0.15.46-py37h14c3975_0.conda
Removed python-3.7.4-h265db76_1.conda
Removed yaml-0.1.7-had09818_2.conda
Removed tk-8.6.8-hbc83047_0.conda
Removed cffi-1.12.3-py37h2e261b9_0.conda
Removed pycparser-2.19-py37_0.conda
Removed sqlite-3.30.0-h7b6447c_0.tar.bz2
Removed idna-2.8-py37_0.conda
Removed wheel-0.33.6-py37_0.tar.bz2
Removed libgcc-ng-9.1.0-hdf63c60_0.conda
Removed libstdcxx-ng-9.1.0-hdf63c60_0.conda
Removed ncurses-6.1-he6710b0_1.conda
Removed requests-2.22.0-py37_0.conda
Removed pycosat-0.6.3-py37h14c3975_0.conda
Removed pysocks-1.7.1-py37_0.tar.bz2
Removed libedit-3.1.20181209-hc058e9b_0.conda
Removed libffi-3.2.1-hd88cf55_4.conda
Removed conda-4.7.12-py37_0.tar.bz2
Removed zlib-1.2.11-h7b6447c_3.conda
Removed certifi-2019.9.11-py37_0.tar.bz2
Removed asn1crypto-1.0.1-py37_0.tar.bz2
Removed readline-7.0-h7b6447c_5.conda
Removed pyopenssl-19.0.0-py37_0.conda
Removed urllib3-1.24.2-py37_0.conda
Removed conda-package-handling-1.6.0-py37h7b6447c_0.conda
Removed cryptography-2.7-py37h1ba5d50_0.conda
WARNING: /root/.conda/pkgs does not exist
Cache location: /opt/conda/pkgs
Will remove the following packages:
/opt/conda/pkgs
---------------

_libgcc_mutex-0.1-main                         7 KB

---------------------------------------------------
Total:                                         7 KB

removing _libgcc_mutex-0.1-main
Remove all contents from the following package caches?
  - /opt/conda/pkgs
Removing intermediate container c82cf6f5eeb6
 ---> d683e15a8ae9
Step 7/17 : ARG PYTHON_VERSION
 ---> Running in 9ac26655ce72
Removing intermediate container 9ac26655ce72
 ---> f54568448061
Step 8/17 : RUN conda install --yes python=$PYTHON_VERSION conda=$CONDA_VERSION
 ---> Running in 01353bfe2fcd
Collecting package metadata (current_repodata.json): ...working... done
Solving environment: ...working... failed with initial frozen solve. Retrying with flexible solve.
Solving environment: ...working... failed with repodata from current_repodata.json, will retry with next repodata source.
Collecting package metadata (repodata.json): ...working... done
Solving environment: ...working... done

## Package Plan ##

  environment location: /opt/conda

  added / updated specs:
    - conda=4.7.12
    - python=3.6


The following packages will be downloaded:

    package                    |            build
    ---------------------------|-----------------
    brotlipy-0.7.0             |py36h27cfd23_1003         320 KB
    ca-certificates-2021.1.19  |       h06a4308_0         121 KB
    certifi-2020.12.5          |   py36h06a4308_0         140 KB
    cffi-1.14.0                |   py36h2e261b9_0         223 KB
    chardet-4.0.0              |py36h06a4308_1003         199 KB
    conda-4.7.12               |           py36_0         2.8 MB
    conda-package-handling-1.7.2|   py36h03888b9_0         886 KB
    cryptography-3.3.1         |   py36h3c74f83_0         557 KB
    idna-2.10                  |     pyhd3eb1b0_0          52 KB
    openssl-1.1.1i             |       h27cfd23_0         2.5 MB
    pip-20.3.3                 |   py36h06a4308_0         1.8 MB
    pycosat-0.6.3              |   py36h27cfd23_0          82 KB
    pycparser-2.20             |             py_2          94 KB
    pyopenssl-20.0.1           |     pyhd3eb1b0_1          49 KB
    pysocks-1.7.1              |   py36h06a4308_0          31 KB
    python-3.6.9               |       h265db76_0        30.2 MB
    requests-2.25.1            |     pyhd3eb1b0_0          52 KB
    ruamel_yaml-0.15.87        |   py36h7b6447c_0         257 KB
    setuptools-52.0.0          |   py36h06a4308_0         724 KB
    six-1.15.0                 |   py36h06a4308_0          27 KB
    tqdm-4.36.1                |             py_0          50 KB
    urllib3-1.26.2             |     pyhd3eb1b0_0         105 KB
    wheel-0.36.2               |     pyhd3eb1b0_0          33 KB
    ------------------------------------------------------------
                                           Total:        41.2 MB

The following NEW packages will be INSTALLED:

  brotlipy           pkgs/main/linux-64::brotlipy-0.7.0-py36h27cfd23_1003

The following packages will be REMOVED:

  asn1crypto-1.0.1-py37_0

The following packages will be UPDATED:

  ca-certificates                               2019.8.28-0 --> 2021.1.19-h06a4308_0
  certifi                                  2019.9.11-py37_0 --> 2020.12.5-py36h06a4308_0
  cffi                                1.12.3-py37h2e261b9_0 --> 1.14.0-py36h2e261b9_0
  chardet                                   3.0.4-py37_1003 --> 4.0.0-py36h06a4308_1003
  conda-package-han~                   1.6.0-py37h7b6447c_0 --> 1.7.2-py36h03888b9_0
  cryptography                           2.7-py37h1ba5d50_0 --> 3.3.1-py36h3c74f83_0
  idna                  pkgs/main/linux-64::idna-2.8-py37_0 --> pkgs/main/noarch::idna-2.10-pyhd3eb1b0_0
  openssl                                 1.1.1d-h7b6447c_2 --> 1.1.1i-h27cfd23_0
  pip                                         19.2.3-py37_0 --> 20.3.3-py36h06a4308_0
  pycparser          pkgs/main/linux-64::pycparser-2.19-py~ --> pkgs/main/noarch::pycparser-2.20-py_2
  pyopenssl          pkgs/main/linux-64::pyopenssl-19.0.0-~ --> pkgs/main/noarch::pyopenssl-20.0.1-pyhd3eb1b0_1
  requests           pkgs/main/linux-64::requests-2.22.0-p~ --> pkgs/main/noarch::requests-2.25.1-pyhd3eb1b0_0
  ruamel_yaml                        0.15.46-py37h14c3975_0 --> 0.15.87-py36h7b6447c_0
  setuptools                                  41.4.0-py37_0 --> 52.0.0-py36h06a4308_0
  six                                         1.12.0-py37_0 --> 1.15.0-py36h06a4308_0
  urllib3            pkgs/main/linux-64::urllib3-1.24.2-py~ --> pkgs/main/noarch::urllib3-1.26.2-pyhd3eb1b0_0
  wheel              pkgs/main/linux-64::wheel-0.33.6-py37~ --> pkgs/main/noarch::wheel-0.36.2-pyhd3eb1b0_0

The following packages will be DOWNGRADED:

  conda                                       4.7.12-py37_0 --> 4.7.12-py36_0
  pycosat                              0.6.3-py37h14c3975_0 --> 0.6.3-py36h27cfd23_0
  pysocks                                      1.7.1-py37_0 --> 1.7.1-py36h06a4308_0
  python                                   3.7.4-h265db76_1 --> 3.6.9-h265db76_0



Downloading and Extracting Packages
six-1.15.0           | 27 KB     |            |   0% six-1.15.0           | 27 KB     | ########## | 100% 
ca-certificates-2021 | 121 KB    |            |   0% ca-certificates-2021 | 121 KB    | ########## | 100% 
certifi-2020.12.5    | 140 KB    |            |   0% certifi-2020.12.5    | 140 KB    | ########## | 100% 
openssl-1.1.1i       | 2.5 MB    |            |   0% openssl-1.1.1i       | 2.5 MB    | ########## | 100% 
conda-4.7.12         | 2.8 MB    |            |   0% conda-4.7.12         | 2.8 MB    | ########## | 100% 
cffi-1.14.0          | 223 KB    |            |   0% cffi-1.14.0          | 223 KB    | ########## | 100% 
wheel-0.36.2         | 33 KB     |            |   0% wheel-0.36.2         | 33 KB     | ########## | 100% 
tqdm-4.36.1          | 50 KB     |            |   0% tqdm-4.36.1          | 50 KB     | ########## | 100% 
python-3.6.9         | 30.2 MB   |            |   0% python-3.6.9         | 30.2 MB   | ##1        |  22% python-3.6.9         | 30.2 MB   | ####6      |  46% python-3.6.9         | 30.2 MB   | #######5   |  75% python-3.6.9         | 30.2 MB   | ########## | 100% 
pip-20.3.3           | 1.8 MB    |            |   0% pip-20.3.3           | 1.8 MB    | ########## | 100% 
pysocks-1.7.1        | 31 KB     |            |   0% pysocks-1.7.1        | 31 KB     | ########## | 100% 
brotlipy-0.7.0       | 320 KB    |            |   0% brotlipy-0.7.0       | 320 KB    | ########## | 100% 
ruamel_yaml-0.15.87  | 257 KB    |            |   0% ruamel_yaml-0.15.87  | 257 KB    | ########## | 100% 
pycparser-2.20       | 94 KB     |            |   0% pycparser-2.20       | 94 KB     | ########## | 100% 
pyopenssl-20.0.1     | 49 KB     |            |   0% pyopenssl-20.0.1     | 49 KB     | ########## | 100% 
cryptography-3.3.1   | 557 KB    |            |   0% cryptography-3.3.1   | 557 KB    | ########## | 100% 
conda-package-handli | 886 KB    |            |   0% conda-package-handli | 886 KB    | ########## | 100% 
setuptools-52.0.0    | 724 KB    |            |   0% setuptools-52.0.0    | 724 KB    | ########## | 100% 
urllib3-1.26.2       | 105 KB    |            |   0% urllib3-1.26.2       | 105 KB    | ########## | 100% 
pycosat-0.6.3        | 82 KB     |            |   0% pycosat-0.6.3        | 82 KB     | ########## | 100% 
requests-2.25.1      | 52 KB     |            |   0% requests-2.25.1      | 52 KB     | ########## | 100% 
chardet-4.0.0        | 199 KB    |            |   0% chardet-4.0.0        | 199 KB    | ########## | 100% 
idna-2.10            | 52 KB     |            |   0% idna-2.10            | 52 KB     | ########## | 100% 
Preparing transaction: ...working... done
Verifying transaction: ...working... done
Executing transaction: ...working... done
[91m

==> WARNING: A newer version of conda exists. <==
  current version: 4.7.12
  latest version: 4.9.2

Please update conda by running

    $ conda update -n base -c defaults conda


[0mRemoving intermediate container 01353bfe2fcd
 ---> 30f53040574e
Step 9/17 : RUN apt-get update --yes && apt-get install --yes gcc make build-essential
 ---> Running in 0bc8a638edab
Get:1 http://security.ubuntu.com/ubuntu bionic-security InRelease [88.7 kB]
Get:2 http://archive.ubuntu.com/ubuntu bionic InRelease [242 kB]
Get:3 http://archive.ubuntu.com/ubuntu bionic-updates InRelease [88.7 kB]
Get:4 http://archive.ubuntu.com/ubuntu bionic-backports InRelease [74.6 kB]
Ign:5 https://developer.download.nvidia.com/compute/cuda/repos/ubuntu1804/x86_64  InRelease
Get:6 http://security.ubuntu.com/ubuntu bionic-security/restricted amd64 Packages [284 kB]
Get:7 http://security.ubuntu.com/ubuntu bionic-security/main amd64 Packages [1890 kB]
Get:8 http://security.ubuntu.com/ubuntu bionic-security/universe amd64 Packages [1381 kB]
Get:9 http://security.ubuntu.com/ubuntu bionic-security/multiverse amd64 Packages [35.5 kB]
Ign:10 https://developer.download.nvidia.com/compute/machine-learning/repos/ubuntu1804/x86_64  InRelease
Get:11 https://developer.download.nvidia.com/compute/cuda/repos/ubuntu1804/x86_64  Release [697 B]
Get:12 https://developer.download.nvidia.com/compute/machine-learning/repos/ubuntu1804/x86_64  Release [564 B]
Get:13 https://developer.download.nvidia.com/compute/cuda/repos/ubuntu1804/x86_64  Release.gpg [836 B]
Get:14 https://developer.download.nvidia.com/compute/machine-learning/repos/ubuntu1804/x86_64  Release.gpg [833 B]
Get:15 http://archive.ubuntu.com/ubuntu bionic/main amd64 Packages [1344 kB]
Get:16 http://archive.ubuntu.com/ubuntu bionic/multiverse amd64 Packages [186 kB]
Get:17 http://archive.ubuntu.com/ubuntu bionic/universe amd64 Packages [11.3 MB]
Get:18 http://archive.ubuntu.com/ubuntu bionic/restricted amd64 Packages [13.5 kB]
Get:19 http://archive.ubuntu.com/ubuntu bionic-updates/universe amd64 Packages [2151 kB]
Get:20 http://archive.ubuntu.com/ubuntu bionic-updates/restricted amd64 Packages [314 kB]
Get:21 http://archive.ubuntu.com/ubuntu bionic-updates/main amd64 Packages [2321 kB]
Get:22 http://archive.ubuntu.com/ubuntu bionic-updates/multiverse amd64 Packages [42.7 kB]
Get:23 http://archive.ubuntu.com/ubuntu bionic-backports/universe amd64 Packages [11.4 kB]
Get:24 http://archive.ubuntu.com/ubuntu bionic-backports/main amd64 Packages [11.3 kB]
Ign:25 https://developer.download.nvidia.com/compute/cuda/repos/ubuntu1804/x86_64  Packages
Get:25 https://developer.download.nvidia.com/compute/cuda/repos/ubuntu1804/x86_64  Packages [548 kB]
Get:26 https://developer.download.nvidia.com/compute/machine-learning/repos/ubuntu1804/x86_64  Packages [66.5 kB]
Fetched 22.4 MB in 2s (9076 kB/s)
Reading package lists...
Reading package lists...
Building dependency tree...
Reading state information...
build-essential is already the newest version (12.4ubuntu1).
make is already the newest version (4.1-9.1ubuntu1).
make set to manually installed.
gcc is already the newest version (4:7.4.0-1ubuntu2.3).
gcc set to manually installed.
0 upgraded, 0 newly installed, 0 to remove and 13 not upgraded.
Removing intermediate container 0bc8a638edab
 ---> 6b961dc989b7
Step 10/17 : RUN mkdir microservice
 ---> Running in fd35787f667b
Removing intermediate container fd35787f667b
 ---> e579fa87391f
Step 11/17 : WORKDIR /microservice
 ---> Running in 4cea6a3ddd1b
Removing intermediate container 4cea6a3ddd1b
 ---> 27f673864bfd
Step 12/17 : COPY ./s2i/bin/ /s2i/bin
 ---> fd1634d787bb
Step 13/17 : COPY _python /microservice
 ---> 8d933d53032c
Step 14/17 : COPY version.txt /microservice/version.txt
 ---> 0cc8288076cc
Step 15/17 : RUN cd /microservice/python && make install
 ---> Running in 1234adf4aba6
pip install -e .
Obtaining file:///microservice/python
Requirement already satisfied: requests<3.0.0 in /opt/conda/lib/python3.6/site-packages (from seldon-core==1.6.0.dev0) (2.25.1)
Requirement already satisfied: setuptools>=41.0.0 in /opt/conda/lib/python3.6/site-packages (from seldon-core==1.6.0.dev0) (52.0.0.post20210125)
Collecting Flask<2.0.0
  Downloading Flask-1.1.2-py2.py3-none-any.whl (94 kB)
Collecting click>=5.1
  Downloading click-7.1.2-py2.py3-none-any.whl (82 kB)
Collecting Flask-cors<4.0.0
  Downloading Flask_Cors-3.0.10-py2.py3-none-any.whl (14 kB)
Requirement already satisfied: Six in /opt/conda/lib/python3.6/site-packages (from Flask-cors<4.0.0->seldon-core==1.6.0.dev0) (1.15.0)
Collecting Flask-OpenTracing<1.2.0,>=1.1.0
  Downloading Flask-OpenTracing-1.1.0.tar.gz (8.2 kB)
Collecting flatbuffers<2.0.0
  Downloading flatbuffers-1.12-py2.py3-none-any.whl (15 kB)
Collecting grpcio<2.0.0
  Downloading grpcio-1.35.0-cp36-cp36m-manylinux2014_x86_64.whl (4.1 MB)
Collecting grpcio-opentracing<1.2.0,>=1.1.4
  Downloading grpcio_opentracing-1.1.4-py3-none-any.whl (14 kB)
Collecting grpcio-reflection<1.35.0
  Downloading grpcio-reflection-1.34.1.tar.gz (11 kB)
Collecting gunicorn<20.1.0,>=19.9.0
  Downloading gunicorn-20.0.4-py2.py3-none-any.whl (77 kB)
Collecting itsdangerous>=0.24
  Downloading itsdangerous-1.1.0-py2.py3-none-any.whl (16 kB)
Collecting jaeger-client<4.5.0,>=4.1.0
  Downloading jaeger-client-4.4.0.tar.gz (83 kB)
Collecting Jinja2>=2.10.1
  Downloading Jinja2-2.11.2-py2.py3-none-any.whl (125 kB)
Collecting jsonschema<4.0.0
  Downloading jsonschema-3.2.0-py2.py3-none-any.whl (56 kB)
Collecting attrs>=17.4.0
  Downloading attrs-20.3.0-py2.py3-none-any.whl (49 kB)
Collecting MarkupSafe>=0.23
  Downloading MarkupSafe-1.1.1-cp36-cp36m-manylinux1_x86_64.whl (27 kB)
Collecting numpy<2.0.0
  Downloading numpy-1.19.5-cp36-cp36m-manylinux2010_x86_64.whl (14.8 MB)
Collecting opentracing<2.5.0,>=2.2.0
  Downloading opentracing-2.4.0.tar.gz (46 kB)
Collecting prometheus_client<0.9.0,>=0.7.1
  Downloading prometheus_client-0.8.0-py2.py3-none-any.whl (53 kB)
Collecting protobuf<4.0.0
  Downloading protobuf-3.14.0-cp36-cp36m-manylinux1_x86_64.whl (1.0 MB)
Collecting pyrsistent>=0.14.0
  Downloading pyrsistent-0.17.3.tar.gz (106 kB)
Collecting PyYAML<5.4
  Downloading PyYAML-5.3.1.tar.gz (269 kB)
Collecting redis<4.0.0
  Downloading redis-3.5.3-py2.py3-none-any.whl (72 kB)
Requirement already satisfied: certifi>=2017.4.17 in /opt/conda/lib/python3.6/site-packages (from requests<3.0.0->seldon-core==1.6.0.dev0) (2020.12.5)
Requirement already satisfied: urllib3<1.27,>=1.21.1 in /opt/conda/lib/python3.6/site-packages (from requests<3.0.0->seldon-core==1.6.0.dev0) (1.26.2)
Requirement already satisfied: chardet<5,>=3.0.2 in /opt/conda/lib/python3.6/site-packages (from requests<3.0.0->seldon-core==1.6.0.dev0) (4.0.0)
Requirement already satisfied: idna<3,>=2.5 in /opt/conda/lib/python3.6/site-packages (from requests<3.0.0->seldon-core==1.6.0.dev0) (2.10)
Collecting threadloop<2,>=1
  Downloading threadloop-1.0.2.tar.gz (4.9 kB)
Collecting tornado>=4.3
  Downloading tornado-6.1-cp36-cp36m-manylinux2010_x86_64.whl (427 kB)
Collecting Werkzeug>=0.15
  Downloading Werkzeug-1.0.1-py2.py3-none-any.whl (298 kB)
Collecting importlib-metadata
  Downloading importlib_metadata-3.4.0-py3-none-any.whl (10 kB)
Collecting typing-extensions>=3.6.4
  Downloading typing_extensions-3.7.4.3-py3-none-any.whl (22 kB)
Collecting zipp>=0.5
  Downloading zipp-3.4.0-py3-none-any.whl (5.2 kB)
Collecting thrift
  Downloading thrift-0.13.0.tar.gz (59 kB)
Building wheels for collected packages: Flask-OpenTracing, grpcio-reflection, jaeger-client, opentracing, pyrsistent, PyYAML, threadloop, thrift
  Building wheel for Flask-OpenTracing (setup.py): started
  Building wheel for Flask-OpenTracing (setup.py): finished with status 'done'
  Created wheel for Flask-OpenTracing: filename=Flask_OpenTracing-1.1.0-py3-none-any.whl size=9069 sha256=691d99cf68962ff95178ac1168a6254888e4189370b18731dac1453feb18356f
  Stored in directory: /root/.cache/pip/wheels/ad/4b/2d/24ff0da0a0b53c7c77ce59b843bcceaf644c88703241e59615
  Building wheel for grpcio-reflection (setup.py): started
  Building wheel for grpcio-reflection (setup.py): finished with status 'done'
  Created wheel for grpcio-reflection: filename=grpcio_reflection-1.34.1-py3-none-any.whl size=14413 sha256=381b3f91294660f79d9798299c05522331c56a9b71bddbe51d28e37383717981
  Stored in directory: /root/.cache/pip/wheels/9b/84/80/81f4dc4afff82cce892567df37472395abf1a1bb675caec1ec
  Building wheel for jaeger-client (setup.py): started
  Building wheel for jaeger-client (setup.py): finished with status 'done'
  Created wheel for jaeger-client: filename=jaeger_client-4.4.0-py3-none-any.whl size=64325 sha256=178103951509f5d78aa2258aca655af8df30db118100f1519cc9b5bf433dd759
  Stored in directory: /root/.cache/pip/wheels/6e/ea/ec/560f1cffece42c70b9c68b1dc3519c769883650396adcb90b7
  Building wheel for opentracing (setup.py): started
  Building wheel for opentracing (setup.py): finished with status 'done'
  Created wheel for opentracing: filename=opentracing-2.4.0-py3-none-any.whl size=51399 sha256=48bc7fbc5c0fc5d4a0022eb310194d6b4ad3f045ba82fa7e88b0259a8c39edd1
  Stored in directory: /root/.cache/pip/wheels/83/73/4c/0e331f57d4702becb1fca9d9148277aca96d127bd838faf85e
  Building wheel for pyrsistent (setup.py): started
  Building wheel for pyrsistent (setup.py): finished with status 'done'
  Created wheel for pyrsistent: filename=pyrsistent-0.17.3-cp36-cp36m-linux_x86_64.whl size=114331 sha256=bf360e6893a37550de3634c34ff123a53a28ce337745b66c00268b4e36655dc2
  Stored in directory: /root/.cache/pip/wheels/34/13/19/294da8e11bce7e563afee51251b9fa878185e14f4b5caf00cb
  Building wheel for PyYAML (setup.py): started
  Building wheel for PyYAML (setup.py): finished with status 'done'
  Created wheel for PyYAML: filename=PyYAML-5.3.1-cp36-cp36m-linux_x86_64.whl size=44621 sha256=e03b91024a86983596f7cb6973331c9b94db7b60d5eda79d7d125b0f0e0ebe2c
  Stored in directory: /root/.cache/pip/wheels/e5/9d/ad/2ee53cf262cba1ffd8afe1487eef788ea3f260b7e6232a80fc
  Building wheel for threadloop (setup.py): started
  Building wheel for threadloop (setup.py): finished with status 'done'
  Created wheel for threadloop: filename=threadloop-1.0.2-py3-none-any.whl size=3422 sha256=361683e941895da574246f7702c68f671e37561841b5cfb4f120594f97b9e961
  Stored in directory: /root/.cache/pip/wheels/02/54/65/9f87de48fe8fcaaee30f279973d946ad55f9df56b93b3e78da
  Building wheel for thrift (setup.py): started
  Building wheel for thrift (setup.py): finished with status 'done'
  Created wheel for thrift: filename=thrift-0.13.0-cp36-cp36m-linux_x86_64.whl size=406639 sha256=799ec447a3a9484a9ab90c5b2a16ad5c43e67432e76e8e69febbcf8c7381b522
  Stored in directory: /root/.cache/pip/wheels/e0/38/fc/472fe18756b177b42096961f8bd3ff2dc5c5620ac399fce52d
Successfully built Flask-OpenTracing grpcio-reflection jaeger-client opentracing pyrsistent PyYAML threadloop thrift
Installing collected packages: MarkupSafe, zipp, Werkzeug, typing-extensions, tornado, Jinja2, itsdangerous, click, thrift, threadloop, pyrsistent, protobuf, opentracing, importlib-metadata, grpcio, Flask, attrs, redis, PyYAML, prometheus-client, numpy, jsonschema, jaeger-client, gunicorn, grpcio-reflection, grpcio-opentracing, flatbuffers, Flask-OpenTracing, Flask-cors, seldon-core
  Running setup.py develop for seldon-core
Successfully installed Flask-1.1.2 Flask-OpenTracing-1.1.0 Flask-cors-3.0.10 Jinja2-2.11.2 MarkupSafe-1.1.1 PyYAML-5.3.1 Werkzeug-1.0.1 attrs-20.3.0 click-7.1.2 flatbuffers-1.12 grpcio-1.35.0 grpcio-opentracing-1.1.4 grpcio-reflection-1.34.1 gunicorn-20.0.4 importlib-metadata-3.4.0 itsdangerous-1.1.0 jaeger-client-4.4.0 jsonschema-3.2.0 numpy-1.19.5 opentracing-2.4.0 prometheus-client-0.8.0 protobuf-3.14.0 pyrsistent-0.17.3 redis-3.5.3 seldon-core threadloop-1.0.2 thrift-0.13.0 tornado-6.1 typing-extensions-3.7.4.3 zipp-3.4.0
Removing intermediate container 1234adf4aba6
 ---> 7ee5d9ebd588
Step 16/17 : RUN mkdir -p /.conda && chmod a+rwx /.conda
 ---> Running in f36fef530f61
Removing intermediate container f36fef530f61
 ---> a2880974321c
Step 17/17 : EXPOSE 5000
 ---> Running in d4628b79f0dd
Removing intermediate container d4628b79f0dd
 ---> dc0af10f73ba
Successfully built dc0af10f73ba
Successfully tagged seldonio/seldon-core-s2i-python36-gpu:1.6.0-dev
make[1]: Leaving directory '/workspace/source/wrappers/s2i/python'
make[1]: Entering directory '/workspace/source/wrappers/s2i/python'
mkdir -p _python
cp ../../../version.txt version.txt
cp -r ../../../python _python
docker build -f Dockerfile.gpu --build-arg PYTHON_VERSION=3.7 --build-arg CONDA_VERSION=4.7.12 -t docker.io/seldonio/seldon-core-s2i-python`echo -n 3.7 | sed 's/\.//g'`-gpu:1.6.0-dev .
Sending build context to Docker daemon  1.153MB
Step 1/17 : FROM nvidia/cuda:10.0-cudnn7-runtime-ubuntu18.04
 ---> a2d8ff0f0778
Step 2/17 : LABEL io.openshift.s2i.scripts-url="image:///s2i/bin"
 ---> Using cache
 ---> eab476b8ada0
Step 3/17 : RUN apt-get update -y && apt-get install -qy --no-install-recommends     wget     libsm6     libxext6     libxrender-dev     libglib2.0-0     git     build-essential     &&     rm -rf /var/lib/apt/lists/*
 ---> Using cache
 ---> 01c4ba87561e
Step 4/17 : ENV PATH /opt/conda/bin:$PATH
 ---> Using cache
 ---> 62de4c4b58db
Step 5/17 : ARG CONDA_VERSION
 ---> Using cache
 ---> c366542cf7ae
Step 6/17 : RUN wget --quiet https://repo.anaconda.com/miniconda/Miniconda3-${CONDA_VERSION}-Linux-x86_64.sh -O ~/miniconda.sh &&     /bin/bash ~/miniconda.sh -b -p /opt/conda &&     rm ~/miniconda.sh &&     /opt/conda/bin/conda clean -tipsy &&     ln -s /opt/conda/etc/profile.d/conda.sh /etc/profile.d/conda.sh &&     echo ". /opt/conda/etc/profile.d/conda.sh" >> ~/.bashrc &&     echo "conda activate base" >> ~/.bashrc &&     find /opt/conda/ -follow -type f -name '*.a' -delete &&     find /opt/conda/ -follow -type f -name '*.js.map' -delete &&     /opt/conda/bin/conda clean -afy
 ---> Using cache
 ---> d683e15a8ae9
Step 7/17 : ARG PYTHON_VERSION
 ---> Using cache
 ---> f54568448061
Step 8/17 : RUN conda install --yes python=$PYTHON_VERSION conda=$CONDA_VERSION
 ---> Running in de19773cd028
Collecting package metadata (current_repodata.json): ...working... done
Solving environment: ...working... done

## Package Plan ##

  environment location: /opt/conda

  added / updated specs:
    - conda=4.7.12
    - python=3.7


The following packages will be downloaded:

    package                    |            build
    ---------------------------|-----------------
    ca-certificates-2021.1.19  |       h06a4308_0         121 KB
    certifi-2020.12.5          |   py37h06a4308_0         141 KB
    openssl-1.1.1i             |       h27cfd23_0         2.5 MB
    ------------------------------------------------------------
                                           Total:         2.8 MB

The following packages will be UPDATED:

  ca-certificates                               2019.8.28-0 --> 2021.1.19-h06a4308_0
  certifi                                  2019.9.11-py37_0 --> 2020.12.5-py37h06a4308_0
  openssl                                 1.1.1d-h7b6447c_2 --> 1.1.1i-h27cfd23_0



Downloading and Extracting Packages
openssl-1.1.1i       | 2.5 MB    |            |   0% openssl-1.1.1i       | 2.5 MB    | ########## | 100% 
ca-certificates-2021 | 121 KB    |            |   0% ca-certificates-2021 | 121 KB    | ########## | 100% 
certifi-2020.12.5    | 141 KB    |            |   0% certifi-2020.12.5    | 141 KB    | ########## | 100% 
Preparing transaction: ...working... done
Verifying transaction: ...working... done
Executing transaction: ...working... done
[91m

==> WARNING: A newer version of conda exists. <==
  current version: 4.7.12
  latest version: 4.9.2

Please update conda by running

    $ conda update -n base -c defaults conda


[0mRemoving intermediate container de19773cd028
 ---> bbce6c730600
Step 9/17 : RUN apt-get update --yes && apt-get install --yes gcc make build-essential
 ---> Running in 10b9874296cd
Get:1 http://archive.ubuntu.com/ubuntu bionic InRelease [242 kB]
Get:2 http://security.ubuntu.com/ubuntu bionic-security InRelease [88.7 kB]
Get:3 http://archive.ubuntu.com/ubuntu bionic-updates InRelease [88.7 kB]
Get:4 http://archive.ubuntu.com/ubuntu bionic-backports InRelease [74.6 kB]
Ign:5 https://developer.download.nvidia.com/compute/cuda/repos/ubuntu1804/x86_64  InRelease
Get:6 http://security.ubuntu.com/ubuntu bionic-security/main amd64 Packages [1890 kB]
Get:7 http://security.ubuntu.com/ubuntu bionic-security/multiverse amd64 Packages [35.5 kB]
Get:8 http://security.ubuntu.com/ubuntu bionic-security/restricted amd64 Packages [284 kB]
Get:9 http://security.ubuntu.com/ubuntu bionic-security/universe amd64 Packages [1381 kB]
Get:10 http://archive.ubuntu.com/ubuntu bionic/universe amd64 Packages [11.3 MB]
Get:11 http://archive.ubuntu.com/ubuntu bionic/restricted amd64 Packages [13.5 kB]
Get:12 http://archive.ubuntu.com/ubuntu bionic/multiverse amd64 Packages [186 kB]
Ign:13 https://developer.download.nvidia.com/compute/machine-learning/repos/ubuntu1804/x86_64  InRelease
Get:14 http://archive.ubuntu.com/ubuntu bionic/main amd64 Packages [1344 kB]
Get:15 https://developer.download.nvidia.com/compute/cuda/repos/ubuntu1804/x86_64  Release [697 B]
Get:16 https://developer.download.nvidia.com/compute/machine-learning/repos/ubuntu1804/x86_64  Release [564 B]
Get:17 https://developer.download.nvidia.com/compute/cuda/repos/ubuntu1804/x86_64  Release.gpg [836 B]
Get:18 https://developer.download.nvidia.com/compute/machine-learning/repos/ubuntu1804/x86_64  Release.gpg [833 B]
Get:19 http://archive.ubuntu.com/ubuntu bionic-updates/main amd64 Packages [2321 kB]
Get:20 http://archive.ubuntu.com/ubuntu bionic-updates/universe amd64 Packages [2151 kB]
Get:21 http://archive.ubuntu.com/ubuntu bionic-updates/multiverse amd64 Packages [42.7 kB]
Get:22 http://archive.ubuntu.com/ubuntu bionic-updates/restricted amd64 Packages [314 kB]
Get:23 http://archive.ubuntu.com/ubuntu bionic-backports/main amd64 Packages [11.3 kB]
Get:24 http://archive.ubuntu.com/ubuntu bionic-backports/universe amd64 Packages [11.4 kB]
Ign:25 https://developer.download.nvidia.com/compute/cuda/repos/ubuntu1804/x86_64  Packages
Get:26 https://developer.download.nvidia.com/compute/machine-learning/repos/ubuntu1804/x86_64  Packages [66.5 kB]
Get:25 https://developer.download.nvidia.com/compute/cuda/repos/ubuntu1804/x86_64  Packages [548 kB]
Fetched 22.4 MB in 3s (8257 kB/s)
Reading package lists...
Reading package lists...
Building dependency tree...
Reading state information...
build-essential is already the newest version (12.4ubuntu1).
make is already the newest version (4.1-9.1ubuntu1).
make set to manually installed.
gcc is already the newest version (4:7.4.0-1ubuntu2.3).
gcc set to manually installed.
0 upgraded, 0 newly installed, 0 to remove and 13 not upgraded.
Removing intermediate container 10b9874296cd
 ---> 8c661b95ddf7
Step 10/17 : RUN mkdir microservice
 ---> Running in 8203d7dac7bc
Removing intermediate container 8203d7dac7bc
 ---> 4a2bdc46818b
Step 11/17 : WORKDIR /microservice
 ---> Running in a7ab34a58b5c
Removing intermediate container a7ab34a58b5c
 ---> e9dc5ad38ced
Step 12/17 : COPY ./s2i/bin/ /s2i/bin
 ---> 9cfd4190ab19
Step 13/17 : COPY _python /microservice
 ---> 0f746f800534
Step 14/17 : COPY version.txt /microservice/version.txt
 ---> 4509f1a01644
Step 15/17 : RUN cd /microservice/python && make install
 ---> Running in aed8605e0350
pip install -e .
Obtaining file:///microservice/python
Collecting Flask<2.0.0 (from seldon-core==1.6.0.dev0)
  Downloading https://files.pythonhosted.org/packages/f2/28/2a03252dfb9ebf377f40fba6a7841b47083260bf8bd8e737b0c6952df83f/Flask-1.1.2-py2.py3-none-any.whl (94kB)
Collecting jsonschema<4.0.0 (from seldon-core==1.6.0.dev0)
  Downloading https://files.pythonhosted.org/packages/c5/8f/51e89ce52a085483359217bc72cdbf6e75ee595d5b1d4b5ade40c7e018b8/jsonschema-3.2.0-py2.py3-none-any.whl (56kB)
Collecting Flask-cors<4.0.0 (from seldon-core==1.6.0.dev0)
  Downloading https://files.pythonhosted.org/packages/db/84/901e700de86604b1c4ef4b57110d4e947c218b9997adf5d38fa7da493bce/Flask_Cors-3.0.10-py2.py3-none-any.whl
Collecting redis<4.0.0 (from seldon-core==1.6.0.dev0)
  Downloading https://files.pythonhosted.org/packages/a7/7c/24fb0511df653cf1a5d938d8f5d19802a88cef255706fdda242ff97e91b7/redis-3.5.3-py2.py3-none-any.whl (72kB)
Requirement already satisfied: requests<3.0.0 in /opt/conda/lib/python3.7/site-packages (from seldon-core==1.6.0.dev0) (2.22.0)
Collecting numpy<2.0.0 (from seldon-core==1.6.0.dev0)
  Downloading https://files.pythonhosted.org/packages/08/d6/a6aaa29fea945bc6c61d11f6e0697b325ff7446de5ffd62c2fa02f627048/numpy-1.19.5-cp37-cp37m-manylinux2010_x86_64.whl (14.8MB)
Collecting flatbuffers<2.0.0 (from seldon-core==1.6.0.dev0)
  Downloading https://files.pythonhosted.org/packages/eb/26/712e578c5f14e26ae3314c39a1bdc4eb2ec2f4ddc89b708cf8e0a0d20423/flatbuffers-1.12-py2.py3-none-any.whl
Collecting protobuf<4.0.0 (from seldon-core==1.6.0.dev0)
  Downloading https://files.pythonhosted.org/packages/e0/dd/5c5d156ee1c4dba470d76dac5ae57084829b4e17547f28e9f636ce3fa54b/protobuf-3.14.0-cp37-cp37m-manylinux1_x86_64.whl (1.0MB)
Collecting grpcio<2.0.0 (from seldon-core==1.6.0.dev0)
  Downloading https://files.pythonhosted.org/packages/d0/08/b9a0d5ae1c205f43cb3ce01ea8dda7a74339aa55f6e43ac37ad71e4de169/grpcio-1.35.0-cp37-cp37m-manylinux2010_x86_64.whl (3.9MB)
Collecting Flask-OpenTracing<1.2.0,>=1.1.0 (from seldon-core==1.6.0.dev0)
  Downloading https://files.pythonhosted.org/packages/58/6c/6417701ba5ecc8854670c6db3207bcc3e5fbc96289a7cb18d5516d99a1c6/Flask-OpenTracing-1.1.0.tar.gz
Collecting opentracing<2.5.0,>=2.2.0 (from seldon-core==1.6.0.dev0)
  Downloading https://files.pythonhosted.org/packages/51/28/2dba4e3efb64cc59d4311081a5ddad1dde20a19b69cd0f677cdb2f2c29a6/opentracing-2.4.0.tar.gz (46kB)
Collecting jaeger-client<4.5.0,>=4.1.0 (from seldon-core==1.6.0.dev0)
  Downloading https://files.pythonhosted.org/packages/cb/45/aa60d2fe5e727e718c2cd2e9fa5b240f59c2c12cb9213b1c8709e4e115eb/jaeger-client-4.4.0.tar.gz (83kB)
Collecting grpcio-opentracing<1.2.0,>=1.1.4 (from seldon-core==1.6.0.dev0)
  Downloading https://files.pythonhosted.org/packages/db/82/2fcad380697c3dab25de76ee590bcab3eb9bbfb4add916044d7e83ec2b10/grpcio_opentracing-1.1.4-py3-none-any.whl
Collecting grpcio-reflection<1.35.0 (from seldon-core==1.6.0.dev0)
  Downloading https://files.pythonhosted.org/packages/16/4c/7b05077d9a3d7e60df742ab507578c501cc05861f4328ba4919fc799d72b/grpcio-reflection-1.34.1.tar.gz
Collecting PyYAML<5.4 (from seldon-core==1.6.0.dev0)
  Downloading https://files.pythonhosted.org/packages/64/c2/b80047c7ac2478f9501676c988a5411ed5572f35d1beff9cae07d321512c/PyYAML-5.3.1.tar.gz (269kB)
Collecting gunicorn<20.1.0,>=19.9.0 (from seldon-core==1.6.0.dev0)
  Downloading https://files.pythonhosted.org/packages/69/ca/926f7cd3a2014b16870086b2d0fdc84a9e49473c68a8dff8b57f7c156f43/gunicorn-20.0.4-py2.py3-none-any.whl (77kB)
Requirement already satisfied: setuptools>=41.0.0 in /opt/conda/lib/python3.7/site-packages (from seldon-core==1.6.0.dev0) (41.4.0)
Collecting prometheus_client<0.9.0,>=0.7.1 (from seldon-core==1.6.0.dev0)
  Downloading https://files.pythonhosted.org/packages/3f/0e/554a265ffdc56e1494ef08e18f765b0cdec78797f510c58c45cf37abb4f4/prometheus_client-0.8.0-py2.py3-none-any.whl (53kB)
Collecting Jinja2>=2.10.1 (from Flask<2.0.0->seldon-core==1.6.0.dev0)
  Downloading https://files.pythonhosted.org/packages/30/9e/f663a2aa66a09d838042ae1a2c5659828bb9b41ea3a6efa20a20fd92b121/Jinja2-2.11.2-py2.py3-none-any.whl (125kB)
Collecting Werkzeug>=0.15 (from Flask<2.0.0->seldon-core==1.6.0.dev0)
  Downloading https://files.pythonhosted.org/packages/cc/94/5f7079a0e00bd6863ef8f1da638721e9da21e5bacee597595b318f71d62e/Werkzeug-1.0.1-py2.py3-none-any.whl (298kB)
Collecting click>=5.1 (from Flask<2.0.0->seldon-core==1.6.0.dev0)
  Downloading https://files.pythonhosted.org/packages/d2/3d/fa76db83bf75c4f8d338c2fd15c8d33fdd7ad23a9b5e57eb6c5de26b430e/click-7.1.2-py2.py3-none-any.whl (82kB)
Collecting itsdangerous>=0.24 (from Flask<2.0.0->seldon-core==1.6.0.dev0)
  Downloading https://files.pythonhosted.org/packages/76/ae/44b03b253d6fade317f32c24d100b3b35c2239807046a4c953c7b89fa49e/itsdangerous-1.1.0-py2.py3-none-any.whl
Collecting attrs>=17.4.0 (from jsonschema<4.0.0->seldon-core==1.6.0.dev0)
  Downloading https://files.pythonhosted.org/packages/c3/aa/cb45262569fcc047bf070b5de61813724d6726db83259222cd7b4c79821a/attrs-20.3.0-py2.py3-none-any.whl (49kB)
Requirement already satisfied: six>=1.11.0 in /opt/conda/lib/python3.7/site-packages (from jsonschema<4.0.0->seldon-core==1.6.0.dev0) (1.12.0)
Collecting importlib-metadata; python_version < "3.8" (from jsonschema<4.0.0->seldon-core==1.6.0.dev0)
  Downloading https://files.pythonhosted.org/packages/f3/ed/da40116a204abb5c4dd1d929346d33e0d29cedb2cedd18ea98f0385dcd92/importlib_metadata-3.4.0-py3-none-any.whl
Collecting pyrsistent>=0.14.0 (from jsonschema<4.0.0->seldon-core==1.6.0.dev0)
  Downloading https://files.pythonhosted.org/packages/4d/70/fd441df751ba8b620e03fd2d2d9ca902103119616f0f6cc42e6405035062/pyrsistent-0.17.3.tar.gz (106kB)
Requirement already satisfied: idna<2.9,>=2.5 in /opt/conda/lib/python3.7/site-packages (from requests<3.0.0->seldon-core==1.6.0.dev0) (2.8)
Requirement already satisfied: chardet<3.1.0,>=3.0.2 in /opt/conda/lib/python3.7/site-packages (from requests<3.0.0->seldon-core==1.6.0.dev0) (3.0.4)
Requirement already satisfied: urllib3!=1.25.0,!=1.25.1,<1.26,>=1.21.1 in /opt/conda/lib/python3.7/site-packages (from requests<3.0.0->seldon-core==1.6.0.dev0) (1.24.2)
Requirement already satisfied: certifi>=2017.4.17 in /opt/conda/lib/python3.7/site-packages (from requests<3.0.0->seldon-core==1.6.0.dev0) (2020.12.5)
Collecting threadloop<2,>=1 (from jaeger-client<4.5.0,>=4.1.0->seldon-core==1.6.0.dev0)
  Downloading https://files.pythonhosted.org/packages/d3/1d/8398c1645b97dc008d3c658e04beda01ede3d90943d40c8d56863cf891bd/threadloop-1.0.2.tar.gz
Collecting thrift (from jaeger-client<4.5.0,>=4.1.0->seldon-core==1.6.0.dev0)
  Downloading https://files.pythonhosted.org/packages/97/1e/3284d19d7be99305eda145b8aa46b0c33244e4a496ec66440dac19f8274d/thrift-0.13.0.tar.gz (59kB)
Collecting tornado>=4.3 (from jaeger-client<4.5.0,>=4.1.0->seldon-core==1.6.0.dev0)
  Downloading https://files.pythonhosted.org/packages/91/a8/9c5902233fa3c2e6a889cbd164333ddda5009669f494e3fadbeee2c03af5/tornado-6.1-cp37-cp37m-manylinux2010_x86_64.whl (428kB)
Collecting MarkupSafe>=0.23 (from Jinja2>=2.10.1->Flask<2.0.0->seldon-core==1.6.0.dev0)
  Downloading https://files.pythonhosted.org/packages/98/7b/ff284bd8c80654e471b769062a9b43cc5d03e7a615048d96f4619df8d420/MarkupSafe-1.1.1-cp37-cp37m-manylinux1_x86_64.whl
Collecting typing-extensions>=3.6.4; python_version < "3.8" (from importlib-metadata; python_version < "3.8"->jsonschema<4.0.0->seldon-core==1.6.0.dev0)
  Downloading https://files.pythonhosted.org/packages/60/7a/e881b5abb54db0e6e671ab088d079c57ce54e8a01a3ca443f561ccadb37e/typing_extensions-3.7.4.3-py3-none-any.whl
Collecting zipp>=0.5 (from importlib-metadata; python_version < "3.8"->jsonschema<4.0.0->seldon-core==1.6.0.dev0)
  Downloading https://files.pythonhosted.org/packages/41/ad/6a4f1a124b325618a7fb758b885b68ff7b058eec47d9220a12ab38d90b1f/zipp-3.4.0-py3-none-any.whl
Building wheels for collected packages: Flask-OpenTracing, opentracing, jaeger-client, grpcio-reflection, PyYAML, pyrsistent, threadloop, thrift
  Building wheel for Flask-OpenTracing (setup.py): started
  Building wheel for Flask-OpenTracing (setup.py): finished with status 'done'
  Created wheel for Flask-OpenTracing: filename=Flask_OpenTracing-1.1.0-cp37-none-any.whl size=9072 sha256=6a9de659a8956ef42d1a0adae578f0cb043eafca3ea8fd733a30ff7e2d71da48
  Stored in directory: /root/.cache/pip/wheels/7b/dc/25/3cf0b35c129232ee596c413f13d1d1f5a8e38c427266276dfd
  Building wheel for opentracing (setup.py): started
  Building wheel for opentracing (setup.py): finished with status 'done'
  Created wheel for opentracing: filename=opentracing-2.4.0-cp37-none-any.whl size=51401 sha256=7d2d6f77a9d05db2eed8baf21341ff13940aca245ba15d94dddb4a4ce6a0247d
  Stored in directory: /root/.cache/pip/wheels/27/b6/a0/d0309988a0dd5623c34469b151e4d7b0e6271b28a8bcccb440
  Building wheel for jaeger-client (setup.py): started
  Building wheel for jaeger-client (setup.py): finished with status 'done'
  Created wheel for jaeger-client: filename=jaeger_client-4.4.0-cp37-none-any.whl size=64324 sha256=c79cafcfc33a3edc779a001ced77d58a73372c1547fc01b97061f316114b2673
  Stored in directory: /root/.cache/pip/wheels/fa/d4/ec/1ad2c2de6b5cdd43a6557226e398c8c0ee8615569a3f9b291a
  Building wheel for grpcio-reflection (setup.py): started
  Building wheel for grpcio-reflection (setup.py): finished with status 'done'
  Created wheel for grpcio-reflection: filename=grpcio_reflection-1.34.1-cp37-none-any.whl size=14414 sha256=81a7395b693b368096c9512d8d4d7381d29ae273f96100042176fa38629d1268
  Stored in directory: /root/.cache/pip/wheels/85/0e/79/919373e994613ef41ec9ffcd6ee9dd7952ab0dc2bbf963d209
  Building wheel for PyYAML (setup.py): started
  Building wheel for PyYAML (setup.py): finished with status 'done'
  Created wheel for PyYAML: filename=PyYAML-5.3.1-cp37-cp37m-linux_x86_64.whl size=44620 sha256=49ab5c3ba70bb37635affcb2603839e96d2032cd0875933cf944ed486fe315e9
  Stored in directory: /root/.cache/pip/wheels/a7/c1/ea/cf5bd31012e735dc1dfea3131a2d5eae7978b251083d6247bd
  Building wheel for pyrsistent (setup.py): started
  Building wheel for pyrsistent (setup.py): finished with status 'done'
  Created wheel for pyrsistent: filename=pyrsistent-0.17.3-cp37-cp37m-linux_x86_64.whl size=115179 sha256=9575c4cda8fbde6d446be061b8526f4f21a8d2a66fb3ee470e7ce7a9e6158364
  Stored in directory: /root/.cache/pip/wheels/f0/b8/de/b593ad311be4eb458499d100db081e453576032272398b7ddc
  Building wheel for threadloop (setup.py): started
  Building wheel for threadloop (setup.py): finished with status 'done'
  Created wheel for threadloop: filename=threadloop-1.0.2-cp37-none-any.whl size=3424 sha256=b760e7288acda035e30542e600092303086006827b43870a72a81d64566fda65
  Stored in directory: /root/.cache/pip/wheels/d7/7a/30/d212623a4cd34f6cce400f8122b1b7af740d3440c68023d51f
  Building wheel for thrift (setup.py): started
  Building wheel for thrift (setup.py): finished with status 'done'
  Created wheel for thrift: filename=thrift-0.13.0-cp37-cp37m-linux_x86_64.whl size=409430 sha256=3e7432e69efab8503cb35d16cf2381153c31e2177ebba4354fa16ae0bfcf5d98
  Stored in directory: /root/.cache/pip/wheels/02/a2/46/689ccfcf40155c23edc7cdbd9de488611c8fdf49ff34b1706e
Successfully built Flask-OpenTracing opentracing jaeger-client grpcio-reflection PyYAML pyrsistent threadloop thrift
Installing collected packages: MarkupSafe, Jinja2, Werkzeug, click, itsdangerous, Flask, attrs, typing-extensions, zipp, importlib-metadata, pyrsistent, jsonschema, Flask-cors, redis, numpy, flatbuffers, protobuf, grpcio, opentracing, Flask-OpenTracing, tornado, threadloop, thrift, jaeger-client, grpcio-opentracing, grpcio-reflection, PyYAML, gunicorn, prometheus-client, seldon-core
  Running setup.py develop for seldon-core
Successfully installed Flask-1.1.2 Flask-OpenTracing-1.1.0 Flask-cors-3.0.10 Jinja2-2.11.2 MarkupSafe-1.1.1 PyYAML-5.3.1 Werkzeug-1.0.1 attrs-20.3.0 click-7.1.2 flatbuffers-1.12 grpcio-1.35.0 grpcio-opentracing-1.1.4 grpcio-reflection-1.34.1 gunicorn-20.0.4 importlib-metadata-3.4.0 itsdangerous-1.1.0 jaeger-client-4.4.0 jsonschema-3.2.0 numpy-1.19.5 opentracing-2.4.0 prometheus-client-0.8.0 protobuf-3.14.0 pyrsistent-0.17.3 redis-3.5.3 seldon-core threadloop-1.0.2 thrift-0.13.0 tornado-6.1 typing-extensions-3.7.4.3 zipp-3.4.0
Removing intermediate container aed8605e0350
 ---> f94117785876
Step 16/17 : RUN mkdir -p /.conda && chmod a+rwx /.conda
 ---> Running in d7f85e3fe67b
Removing intermediate container d7f85e3fe67b
 ---> 05c178a0fb88
Step 17/17 : EXPOSE 5000
 ---> Running in 13bc2e5a4fdc
Removing intermediate container 13bc2e5a4fdc
 ---> 4955c66313c5
Successfully built 4955c66313c5
Successfully tagged seldonio/seldon-core-s2i-python37-gpu:1.6.0-dev
make[1]: Leaving directory '/workspace/source/wrappers/s2i/python'
make[1]: Entering directory '/workspace/source/wrappers/s2i/python'
docker build -f Dockerfile.conda --build-arg CONDA_VERSION=4.7.12 -t docker.io/seldonio/conda-ubi8:4.7.12 .
Sending build context to Docker daemon  1.153MB
Step 1/11 : FROM registry.access.redhat.com/ubi8/ubi
latest: Pulling from ubi8/ubi
d9e72d058dc5: Pulling fs layer
cca21acb641a: Pulling fs layer
cca21acb641a: Download complete
d9e72d058dc5: Download complete
d9e72d058dc5: Pull complete
cca21acb641a: Pull complete
Digest: sha256:82e0fbbf1f3e223550aefbc28f44dc6b04967fe25788520eac910ac8281cec9e
Status: Downloaded newer image for registry.access.redhat.com/ubi8/ubi:latest
 ---> 3269c37eae33
Step 2/11 : ENV LANG=C.UTF-8 LC_ALL=C.UTF-8
 ---> Running in e71f44dab337
Removing intermediate container e71f44dab337
 ---> 75eabfdc4d85
Step 3/11 : ENV PATH /opt/conda/bin:$PATH
 ---> Running in 72b90a2b14db
Removing intermediate container 72b90a2b14db
 ---> 2737a03bd786
Step 4/11 : RUN dnf update -y &&     dnf install -y wget bzip2 ca-certificates curl git
 ---> Running in a6f0e36f7b5c
Updating Subscription Management repositories.
Unable to read consumer identity

This system is not registered to Red Hat Subscription Management. You can use subscription-manager to register.

Red Hat Universal Base Image 8 (RPMs) - BaseOS  0.0  B/s |   0  B     00:15    
[91mErrors during downloading metadata for repository 'ubi-8-baseos':
  - Curl error (6): Couldn't resolve host name for https://cdn-ubi.redhat.com/content/public/ubi/dist/ubi8/8/x86_64/baseos/os/repodata/repomd.xml [Could not resolve host: cdn-ubi.redhat.com]
[0m[91mError: Failed to download metadata for repo 'ubi-8-baseos': Cannot download repomd.xml: Cannot download repodata/repomd.xml: All mirrors were tried
The command '/bin/sh -c dnf update -y &&     dnf install -y wget bzip2 ca-certificates curl git' returned a non-zero code: 1
make[1]: *** [Makefile:82: build_conda_base] Error 1
[0mmake[1]: Leaving directory '/workspace/source/wrappers/s2i/python'
make[1]: Entering directory '/workspace/source/wrappers/s2i/python'
mkdir -p _python
cp ../../../version.txt version.txt
cp -r ../../../python _python
set -x && docker build -f Dockerfile.redhat --build-arg PYTHON_VERSION=3.7 --build-arg CONDA_VERSION=4.7.12 --build-arg BASE_IMAGE=docker.io/seldonio/conda-ubi8 -t docker.io/seldonio/seldon-core-s2i-python`echo -n 3.7 | sed 's/\.//g'`-ubi8:1.6.0-dev .
++ sed 's/\.//g'
++ echo -n 3.7
+ docker build -f Dockerfile.redhat --build-arg PYTHON_VERSION=3.7 --build-arg CONDA_VERSION=4.7.12 --build-arg BASE_IMAGE=docker.io/seldonio/conda-ubi8 -t docker.io/seldonio/seldon-core-s2i-python37-ubi8:1.6.0-dev .
Sending build context to Docker daemon  1.153MB
Step 1/15 : ARG CONDA_VERSION
Step 2/15 : ARG BASE_IMAGE
Step 3/15 : FROM $BASE_IMAGE:$CONDA_VERSION
Get https://registry-1.docker.io/v2/: net/http: request canceled while waiting for connection (Client.Timeout exceeded while awaiting headers)
make[1]: *** [Makefile:38: build_redhat] Error 1
make[1]: Leaving directory '/workspace/source/wrappers/s2i/python'
make: *** [Makefile:137: s2i_build_base_images] Error 2
Python build returned errors
kind delete cluster
Deleting cluster "kind" ...
a6f0e36f7b5c
Stopping Docker: dockerProgram process in pidfile '/var/run/docker-ssd.pid', 1 process(es), refused to die.
[31m
Pipeline failed on stage 'end-to-end' : container 'step-test-end-to-end'. The execution of the pipeline has stopped.[0m
