
Showing logs for build [32mseldonio-seldon-core-pr-2365-in-47q5h-28[0m stage [32mpr-build-comment[0m and container [32mstep-credential-initializer-mhmrc[0m
{"level":"info","ts":1599726790.5005994,"logger":"fallback-logger","caller":"logging/config.go:69","msg":"Fetch GitHub commit ID from kodata failed: open /var/run/ko/refs/heads/0.8.0-ns-support: no such file or directory"}
{"level":"info","ts":1599726790.5015583,"logger":"fallback-logger","caller":"creds-init/main.go:40","msg":"Credentials initialized."}

Showing logs for build [32mseldonio-seldon-core-pr-2365-in-47q5h-28[0m stage [32mpr-build-comment[0m and container [32mstep-working-dir-initializer-lgczr[0m
{"level":"info","ts":1599726791.5527074,"logger":"fallback-logger","caller":"logging/config.go:69","msg":"Fetch GitHub commit ID from kodata failed: open /var/run/ko/HEAD: no such file or directory"}
{"level":"info","ts":1599726791.5573616,"logger":"fallback-logger","caller":"bash/main.go:64","msg":"Successfully executed command \"sh -c mkdir -p /workspace/source\"; output "}

Showing logs for build [32mseldonio-seldon-core-pr-2365-in-47q5h-28[0m stage [32mpr-build-comment[0m and container [32mstep-place-tools[0m

Showing logs for build [32mseldonio-seldon-core-pr-2365-in-47q5h-28[0m stage [32mpr-build-comment[0m and container [32mstep-create-dir-workspace-j4rd6[0m
{"level":"info","ts":1599726798.7993786,"logger":"fallback-logger","caller":"logging/config.go:69","msg":"Fetch GitHub commit ID from kodata failed: open /var/run/ko/HEAD: no such file or directory"}
{"level":"info","ts":1599726798.8029404,"logger":"fallback-logger","caller":"bash/main.go:64","msg":"Successfully executed command \"sh -c mkdir -p source\"; output "}

Showing logs for build [32mseldonio-seldon-core-pr-2365-in-47q5h-28[0m stage [32mpr-build-comment[0m and container [32mstep-git-source-seldonio-seldon-core-pr-2365-in-47q5h-mwnpp[0m
{"level":"info","ts":1599726799.4017603,"logger":"fallback-logger","caller":"logging/config.go:69","msg":"Fetch GitHub commit ID from kodata failed: open /var/run/ko/refs/heads/0.8.0-ns-support: no such file or directory"}
{"level":"info","ts":1599726804.6967177,"logger":"fallback-logger","caller":"git/git.go:103","msg":"Successfully cloned https://github.com/SeldonIO/seldon-core.git @ master in path /workspace/source"}

Showing logs for build [32mseldonio-seldon-core-pr-2365-in-47q5h-28[0m stage [32mpr-build-comment[0m and container [32mstep-setup-builder-home[0m

Showing logs for build [32mseldonio-seldon-core-pr-2365-in-47q5h-28[0m stage [32mpr-build-comment[0m and container [32mstep-git-merge[0m
Using SHAs from PULL_REFS=master:13762c055f1e9e146d7c1111fc5d5aefcbf56f42,2365:9df253bfdcd23f9847931839257ccf16796a7916
DEBUG: LC_ALL=C JX_LOG_LEVEL=error git fetch origin --unshallow 9df253bfdcd23f9847931839257ccf16796a7916: 13762c055f1e9e146d7c1111fc5d5aefcbf56f42:
DEBUG: ran git fetch --unshallow origin 9df253bfdcd23f9847931839257ccf16796a7916: 13762c055f1e9e146d7c1111fc5d5aefcbf56f42: in 
DEBUG: LC_ALL=C JX_LOG_LEVEL=error git branch
DEBUG: LC_ALL=C JX_LOG_LEVEL=error git checkout master
DEBUG: ran git checkout master in 
DEBUG: LC_ALL=C JX_LOG_LEVEL=error git reset --hard 13762c055f1e9e146d7c1111fc5d5aefcbf56f42
DEBUG: ran git reset --hard 13762c055f1e9e146d7c1111fc5d5aefcbf56f42 in 
DEBUG: LC_ALL=C JX_LOG_LEVEL=error git clean -fd .
DEBUG: ran clean --force -d . in 
DEBUG: LC_ALL=C JX_LOG_LEVEL=error git merge 9df253bfdcd23f9847931839257ccf16796a7916
DEBUG: ran git merge 9df253bfdcd23f9847931839257ccf16796a7916 in 
DEBUG: LC_ALL=C JX_LOG_LEVEL=error git log --format=%H%x1f%an%x1f%ae%x1f%cn%x1f%ce%x1f%s%n%b%x1e 13762c055f1e9e146d7c1111fc5d5aefcbf56f42..HEAD
Merged SHA 9df253bfdcd23f9847931839257ccf16796a7916 with commit message 'Merge remote-tracking branch 'upstream/master' into revert-multiplex' into base branch master
Merged SHA 9887381a7e530ab7af05e85365586cd07ec561d2 with commit message 'Remove port selection for executor in operator and change port name to grpc' into base branch master
Merged SHA 053260d39aebdcb3ade3e1221f241e666215f95b with commit message 'Merge remote-tracking branch 'upstream/master' into revert-multiplex' into base branch master
Merged SHA ef174a005c4c56782d3fb76096154f6592246478 with commit message 'Add missing constants from operator seldondeployment engine' into base branch master
Merged SHA ba72120b55e09202b13c7f61c49772d3236d80bd with commit message 'Reintroduce getExecutorGrpcPort' into base branch master
Merged SHA f65f80a83f51e2b0af090193a42a90e3346ba0bd with commit message 'Merge remote-tracking branch 'upstream/master' into revert-multiplex' into base branch master
Merged SHA 6eaf05026cbad6c0d78cd02aa3865b29c46b9e5f with commit message 'remove grpcurl dependency' into base branch master
Merged SHA a2e2c8756b1bb908cdec69878dea6298ddb14ded with commit message 'Move Kafka serving' into base branch master
Merged SHA c969f508f86367247e8cf3ff6bf8875a760151cd with commit message 'Fix log message' into base branch master
Merged SHA 9829bb58ef987585a5c67bcc8de9778f58a3171c with commit message 'Remove reduntant code in executor main' into base branch master
Merged SHA 58ab2561d346e97602a394e1d5fbfa0f7d2cee80 with commit message 'Fix executor main conflict' into base branch master
Merged SHA c6ee04c601d30338c2e14802698b7f0c908af115 with commit message 'Revert "Add executor changes for HTTP/gRPC multiplexing (#1772)"' into base branch master

Showing logs for build [32mseldonio-seldon-core-pr-2365-in-47q5h-28[0m stage [32mpr-build-comment[0m and container [32mstep-step2[0m
+++ dirname ./add-pr-build-comment
++ cd .
++ pwd
+ STARTUP_DIR=/workspace/source/ci
+ REPO_OWNER=SeldonIO
+ REPO_NAME=seldon-core
+ PULL_NUMBER=2365
+ BUILD_NUMBER=28
+ PIPELINE_CONTEXT=integration
++ cat
+++ date
+ COMMENT_MSG='Thu Sep 10 08:33:33 UTC 2020
The logs for [integration] [28] will show after the pipeline context has finished.  
https://github.com/SeldonIO/seldon-core/blob/gh-pages/jenkins-x/logs/SeldonIO/seldon-core/PR-2365/28.log

impatient try  
** get build logs SeldonIO/seldon-core/PR-2365 --build=28'
+ ** step pr comment --owner=SeldonIO --repository=seldon-core --pull-request=2365 '--comment=Thu Sep 10 08:33:33 UTC 2020
The logs for [integration] [28] will show after the pipeline context has finished.  
https://github.com/SeldonIO/seldon-core/blob/gh-pages/jenkins-x/logs/SeldonIO/seldon-core/PR-2365/28.log

impatient try  
** get build logs SeldonIO/seldon-core/PR-2365 --build=28'

Showing logs for build [32mseldonio-seldon-core-pr-2365-in-47q5h-28[0m stage [32mpr-build-comment[0m and container [32mstep-source-mkdir-seldonio-seldon-core-pr-2365-in-47q5h-p9vtz[0m
{"level":"info","ts":1599726816.1061738,"logger":"fallback-logger","caller":"logging/config.go:69","msg":"Fetch GitHub commit ID from kodata failed: open /var/run/ko/HEAD: no such file or directory"}
{"level":"info","ts":1599726816.110721,"logger":"fallback-logger","caller":"bash/main.go:64","msg":"Successfully executed command \"sh -c mkdir -p /pvc/pr-build-comment/workspace\"; output "}

Showing logs for build [32mseldonio-seldon-core-pr-2365-in-47q5h-28[0m stage [32mpr-build-comment[0m and container [32mstep-source-copy-seldonio-seldon-core-pr-2365-in-47q5h-s567q[0m
{"level":"info","ts":1599726816.725329,"logger":"fallback-logger","caller":"logging/config.go:69","msg":"Fetch GitHub commit ID from kodata failed: open /var/run/ko/HEAD: no such file or directory"}
{"level":"info","ts":1599726817.1601439,"logger":"fallback-logger","caller":"bash/main.go:64","msg":"Successfully executed command \"sh -c cp -r source/. /pvc/pr-build-comment/workspace\"; output "}

Showing logs for build [32mseldonio-seldon-core-pr-2365-in-47q5h-28[0m stage [32mend-to-end[0m and container [32mstep-credential-initializer-c6mh7[0m
{"level":"info","ts":1599726822.3551214,"logger":"fallback-logger","caller":"logging/config.go:69","msg":"Fetch GitHub commit ID from kodata failed: open /var/run/ko/refs/heads/0.8.0-ns-support: no such file or directory"}
{"level":"info","ts":1599726822.3557637,"logger":"fallback-logger","caller":"creds-init/main.go:40","msg":"Credentials initialized."}

Showing logs for build [32mseldonio-seldon-core-pr-2365-in-47q5h-28[0m stage [32mend-to-end[0m and container [32mstep-working-dir-initializer-bs2zl[0m
{"level":"info","ts":1599726823.7322216,"logger":"fallback-logger","caller":"logging/config.go:69","msg":"Fetch GitHub commit ID from kodata failed: open /var/run/ko/HEAD: no such file or directory"}
{"level":"info","ts":1599726823.7341268,"logger":"fallback-logger","caller":"bash/main.go:64","msg":"Successfully executed command \"sh -c mkdir -p /workspace/source\"; output "}

Showing logs for build [32mseldonio-seldon-core-pr-2365-in-47q5h-28[0m stage [32mend-to-end[0m and container [32mstep-place-tools[0m

Showing logs for build [32mseldonio-seldon-core-pr-2365-in-47q5h-28[0m stage [32mend-to-end[0m and container [32mstep-create-dir-workspace-9qsw8[0m
{"level":"info","ts":1599726830.8492444,"logger":"fallback-logger","caller":"logging/config.go:69","msg":"Fetch GitHub commit ID from kodata failed: open /var/run/ko/HEAD: no such file or directory"}
{"level":"info","ts":1599726830.8519015,"logger":"fallback-logger","caller":"bash/main.go:64","msg":"Successfully executed command \"sh -c mkdir -p /workspace/source\"; output "}

Showing logs for build [32mseldonio-seldon-core-pr-2365-in-47q5h-28[0m stage [32mend-to-end[0m and container [32mstep-source-copy-workspace-gq6xb[0m
{"level":"info","ts":1599726831.125236,"logger":"fallback-logger","caller":"logging/config.go:69","msg":"Fetch GitHub commit ID from kodata failed: open /var/run/ko/HEAD: no such file or directory"}
{"level":"info","ts":1599726834.0756197,"logger":"fallback-logger","caller":"bash/main.go:64","msg":"Successfully executed command \"sh -c cp -r /pvc/pr-build-comment/workspace/. /workspace/source\"; output "}

Showing logs for build [32mseldonio-seldon-core-pr-2365-in-47q5h-28[0m stage [32mend-to-end[0m and container [32mstep-setup-builder-home[0m

Showing logs for build [32mseldonio-seldon-core-pr-2365-in-47q5h-28[0m stage [32mend-to-end[0m and container [32mstep-test-end-to-end[0m
Test run type is: [base]
Starting Docker: docker.
[SETUP] Waiting for Docker to be ready, sleeping for 1 seconds ...
kind create cluster --config ../resources/kind_config.yaml
Creating cluster "kind" ...
 â€¢ Ensuring node image (kindest/node:v1.16.3) ðŸ–¼  ...
 âœ“ Ensuring node image (kindest/node:v1.16.3) ðŸ–¼
 â€¢ Preparing nodes ðŸ“¦  ...
 âœ“ Preparing nodes ðŸ“¦
 â€¢ Writing configuration ðŸ“œ  ...
 âœ“ Writing configuration ðŸ“œ
 â€¢ Starting control-plane ðŸ•¹ï¸  ...
 âœ“ Starting control-plane ðŸ•¹ï¸
 â€¢ Installing CNI ðŸ”Œ  ...
 âœ“ Installing CNI ðŸ”Œ
 â€¢ Installing StorageClass ðŸ’¾  ...
 âœ“ Installing StorageClass ðŸ’¾
 â€¢ Joining worker nodes ðŸšœ  ...
 âœ“ Joining worker nodes ðŸšœ
Set kubectl context to "kind-kind"
You can now use your cluster with:

kubectl cluster-info --context kind-kind

Have a question, bug, or feature request? Let us know! https://kind.sigs.k8s.io/#community ðŸ™‚
`kind get kubeconfig-path` is deprecated!

KIND will export and merge kubeconfig like kops, minikube, etc.
This command is now unnecessary and will be removed in a future release.

For more info see: https://github.com/kubernetes-sigs/kind/issues/1060
See also the output of `kind create cluster`

Files changed in python folder:
SKIPPING PYTHON IMAGE BUILD...
Files changed in operator folder:
operator/controllers/seldondeployment_controller.go
operator/controllers/seldondeployment_engine.go
operator/controllers/seldondeployment_engine_test.go
operator/go.sum
cd ../../operator && make kind-image-install
make[1]: Entering directory '/workspace/source/operator'
go: creating new go.mod: module tmp
go: downloading sigs.k8s.io/controller-tools v0.2.5
go: found sigs.k8s.io/controller-tools/cmd/controller-gen in sigs.k8s.io/controller-tools v0.2.5
go: downloading github.com/spf13/cobra v0.0.5
go: downloading k8s.io/apimachinery v0.17.0
go: downloading gopkg.in/yaml.v3 v3.0.0-20190905181640-827449938966
go: downloading k8s.io/api v0.17.0
go: downloading k8s.io/apiextensions-apiserver v0.17.0
go: downloading sigs.k8s.io/yaml v1.1.0
go: downloading github.com/fatih/color v1.7.0
go: downloading golang.org/x/tools v0.0.0-20190920225731-5eefd052ad72
go: downloading github.com/mattn/go-isatty v0.0.8
go: downloading github.com/mattn/go-colorable v0.1.2
go: downloading golang.org/x/sys v0.0.0-20190826190057-c7b8b68b1456
go: downloading github.com/spf13/pflag v1.0.5
go: downloading github.com/inconshreveable/mousetrap v1.0.0
go: downloading github.com/gobuffalo/flect v0.2.0
go: downloading github.com/gogo/protobuf v1.2.2-0.20190723190241-65acae22fc9d
go: downloading gopkg.in/yaml.v2 v2.2.4
go: downloading k8s.io/klog v1.0.0
go: downloading gopkg.in/inf.v0 v0.9.1
go: downloading github.com/google/gofuzz v1.0.0
go: downloading k8s.io/utils v0.0.0-20191114184206-e782cd3c129f
go: downloading golang.org/x/net v0.0.0-20191004110552-13f9640d40b9
go: downloading golang.org/x/text v0.3.2
/builder/home/go/bin/controller-gen object:headerFile=./hack/boilerplate.go.txt paths="./..."
go fmt ./...
controllers/seldondeployment_controller.go
go vet ./...
go: downloading github.com/onsi/gomega v1.10.1
go: downloading github.com/onsi/ginkgo v1.14.0
go: downloading golang.org/x/xerrors v0.0.0-20191204190536-9bdfabe68543
go: downloading github.com/nxadm/tail v1.4.4
go: downloading github.com/fsnotify/fsnotify v1.4.9
go: downloading gopkg.in/tomb.v1 v1.0.0-20141024135613-dd632973f1e7
/builder/home/go/bin/controller-gen "crd:trivialVersions=true" rbac:roleName=manager-role webhook paths="./..." output:crd:artifacts:config=config/crd/bases
rm -rf generated
mkdir generated
kustomize build config/default/ -o generated
cp generated/apiextensions.k8s.io_v1beta1_customresourcedefinition_seldondeployments.machinelearning.seldon.io.yaml testing/machinelearning.seldon.io_seldondeployments.yaml
ginkgo -r -outputdir=. -cover -coverprofile=cover.out ./controllers ./utils ./apis
[1599726995] [1mController Suite[0m - 49/49 specs test k8s client
&{Reader:0xc00067b100 Writer:0xc000306390 StatusClient:0xc000306390}
[32mâ€¢[0m[32mâ€¢[0m[32mâ€¢[0m[32mâ€¢[0m[32mâ€¢[0m[32mâ€¢[0m[32mâ€¢[0m[32mâ€¢[0m[32mâ€¢[0m[32mâ€¢[0m[32mâ€¢[0m[32mâ€¢[0m[32mâ€¢[0m[32mâ€¢[0m[32mâ€¢[0m[32mâ€¢[0m[32mâ€¢[0m[32mâ€¢[0m[32mâ€¢[0m[32mâ€¢[0m[32mâ€¢[0m[32mâ€¢[0m[32mâ€¢[0m[32mâ€¢[0m[32mâ€¢[0m[32mâ€¢[0m[32mâ€¢[0m[32mâ€¢[0m[32mâ€¢[0m[32mâ€¢[0m[32mâ€¢[0m[32mâ€¢[0m[32mâ€¢[0m[32mâ€¢[0m[32mâ€¢[0m[32mâ€¢[0m[32mâ€¢[0m[32mâ€¢[0m[32mâ€¢[0m[32mâ€¢[0m[32mâ€¢[0m[32mâ€¢[0m[32mâ€¢[0m[32mâ€¢[0m[32mâ€¢[0m[32mâ€¢[0m[32mâ€¢[0m[32mâ€¢[0m[32mâ€¢[0mE0910 08:37:24.407376   26440 reflector.go:309] pkg/mod/k8s.io/client-go@v0.17.9/tools/cache/reflector.go:105: Failed to watch *v1.SeldonDeployment: Get "http://127.0.0.1:37911/apis/machinelearning.seldon.io/v1/seldondeployments?allowWatchBookmarks=true&resourceVersion=376&timeoutSeconds=395&watch=true": dial tcp 127.0.0.1:37911: connect: connection refused
E0910 08:37:24.407881   26440 reflector.go:309] pkg/mod/k8s.io/client-go@v0.17.9/tools/cache/reflector.go:105: Failed to watch *v1.ConfigMap: Get "http://127.0.0.1:37911/api/v1/configmaps?allowWatchBookmarks=true&resourceVersion=117&timeoutSeconds=387&watch=true": dial tcp 127.0.0.1:37911: connect: connection refused
E0910 08:37:24.407885   26440 reflector.go:309] pkg/mod/k8s.io/client-go@v0.17.9/tools/cache/reflector.go:105: Failed to watch *v1.Deployment: Get "http://127.0.0.1:37911/apis/apps/v1/deployments?allowWatchBookmarks=true&resourceVersion=368&timeoutSeconds=503&watch=true": dial tcp 127.0.0.1:37911: connect: connection refused
E0910 08:37:24.407923   26440 reflector.go:309] pkg/mod/k8s.io/client-go@v0.17.9/tools/cache/reflector.go:105: Failed to watch *v1.Service: Get "http://127.0.0.1:37911/api/v1/services?allowWatchBookmarks=true&resourceVersion=367&timeoutSeconds=440&watch=true": dial tcp 127.0.0.1:37911: connect: connection refused
E0910 08:37:24.407927   26440 reflector.go:309] pkg/mod/k8s.io/client-go@v0.17.9/tools/cache/reflector.go:105: Failed to watch *v1alpha3.VirtualService: Get "http://127.0.0.1:37911/apis/networking.istio.io/v1alpha3/virtualservices?allowWatchBookmarks=true&resourceVersion=117&timeoutSeconds=384&watch=true": dial tcp 127.0.0.1:37911: connect: connection refused
E0910 08:37:24.407941   26440 reflector.go:309] pkg/mod/k8s.io/client-go@v0.17.9/tools/cache/reflector.go:105: Failed to watch *v1.Namespace: Get "http://127.0.0.1:37911/api/v1/namespaces?allowWatchBookmarks=true&resourceVersion=316&timeoutSeconds=365&watch=true": dial tcp 127.0.0.1:37911: connect: connection refused
E0910 08:37:24.407960   26440 reflector.go:309] pkg/mod/k8s.io/client-go@v0.17.9/tools/cache/reflector.go:105: Failed to watch *v2beta1.HorizontalPodAutoscaler: Get "http://127.0.0.1:37911/apis/autoscaling/v2beta1/horizontalpodautoscalers?allowWatchBookmarks=true&resourceVersion=276&timeoutSeconds=360&watch=true": dial tcp 127.0.0.1:37911: connect: connection refused

 [32mSUCCESS![0m 25.008487594s PASS
coverage: 65.9% of statements
=== RUN   TestGcsSecret
--- PASS: TestGcsSecret (0.00s)
PASS
coverage: 100.0% of statements
=== RUN   TestS3Secret
--- PASS: TestS3Secret (0.00s)
PASS
coverage: 94.6% of statements
=== RUN   TestGetEnvAsBool
--- PASS: TestGetEnvAsBool (0.00s)
=== RUN   TestAddEnvVarToDeploymentContainers
--- PASS: TestAddEnvVarToDeploymentContainers (0.00s)
=== RUN   TestMountSecretToDeploymentContainers
--- PASS: TestMountSecretToDeploymentContainers (0.00s)
PASS
coverage: 30.0% of statements
=== RUN   TestGenerateCerts
--- PASS: TestGenerateCerts (0.68s)
=== RUN   TestConfigmapCreate
--- PASS: TestConfigmapCreate (0.00s)
=== RUN   TestCRDCreate
--- PASS: TestCRDCreate (0.06s)
=== RUN   TestMutatingWebhookCreate
--- PASS: TestMutatingWebhookCreate (5.07s)
=== RUN   TestMutatingWebhookCreateNamespaced
--- PASS: TestMutatingWebhookCreateNamespaced (2.87s)
=== RUN   TestValidatingWebhookCreate
--- PASS: TestValidatingWebhookCreate (5.12s)
=== RUN   TestValidatingWebhookCreateNamespaced
--- PASS: TestValidatingWebhookCreateNamespaced (1.73s)
=== RUN   TestWebHookSvcCreate
--- PASS: TestWebHookSvcCreate (0.77s)
PASS
coverage: 52.1% of statements
=== RUN   TestImageSetNormal
    prepack_test.go:50: Scenario: GRPC image with version
    prepack_test.go:50: Scenario: GRPC image with no version
    prepack_test.go:50: Scenario: REST image with version
    prepack_test.go:50: Scenario: REST image with no version
--- PASS: TestImageSetNormal (0.01s)
=== RUN   TestGetPredictorConfig
    prepack_test.go:81: Scenario: related image sklearn
    prepack_test.go:81: Scenario: default image sklearn
--- PASS: TestGetPredictorConfig (0.01s)
=== RUN   TestGetDeploymentNameOneModel
--- PASS: TestGetDeploymentNameOneModel (0.00s)
=== RUN   TestGetDeploymentNameLong
--- PASS: TestGetDeploymentNameLong (0.00s)
=== RUN   TestValidProtocolTransportServerType
--- PASS: TestValidProtocolTransportServerType (0.00s)
=== RUN   TestValidateBadProtocol
--- PASS: TestValidateBadProtocol (0.00s)
=== RUN   TestValidateBadTransport
--- PASS: TestValidateBadTransport (0.00s)
=== RUN   TestValidateBadServerType
--- PASS: TestValidateBadServerType (0.00s)
=== RUN   TestValidateMixedTransport
--- PASS: TestValidateMixedTransport (0.00s)
=== RUN   TestValidateMixedMultipleTransport
--- PASS: TestValidateMixedMultipleTransport (0.00s)
=== RUN   TestDefaultSingleContainer
--- PASS: TestDefaultSingleContainer (0.00s)
=== RUN   TestMetricsPortAddedTwoContainers
--- PASS: TestMetricsPortAddedTwoContainers (0.00s)
=== RUN   TestMetricsPortAddedTwoComponentSpecsTwoContainers
--- PASS: TestMetricsPortAddedTwoComponentSpecsTwoContainers (0.00s)
=== RUN   TestOverrideMetricsPortName
Failed to find config map seldon-config
no kind is registered for the type v1.ConfigMap in scheme "pkg/runtime/scheme.go:101"
--- PASS: TestOverrideMetricsPortName (0.00s)
=== RUN   TestPortUseExisting
--- PASS: TestPortUseExisting (0.00s)
=== RUN   TestMetricsPortAddedToPrepacked
--- PASS: TestMetricsPortAddedToPrepacked (0.00s)
=== RUN   TestPredictorProtocolGrpc
--- PASS: TestPredictorProtocolGrpc (0.00s)
=== RUN   TestPrepackedWithExistingContainer
--- PASS: TestPrepackedWithExistingContainer (0.00s)
=== RUN   TestPrepackedWithCustom
--- PASS: TestPrepackedWithCustom (0.00s)
=== RUN   TestPrepackedWithExistingContainerAndImage
--- PASS: TestPrepackedWithExistingContainerAndImage (0.00s)
=== RUN   TestMetricsPortAddedToTwoPrepacked
--- PASS: TestMetricsPortAddedToTwoPrepacked (0.01s)
=== RUN   TestDefaultPrepackagedServerType
--- PASS: TestDefaultPrepackagedServerType (0.00s)
=== RUN   TestValidateSingleModel
--- PASS: TestValidateSingleModel (0.00s)
=== RUN   TestValidateSingleModelNoName
--- PASS: TestValidateSingleModelNoName (0.00s)
=== RUN   TestValidateNoEngineMultiGraph
--- PASS: TestValidateNoEngineMultiGraph (0.00s)
=== RUN   TestValidateDuplPredictorName
--- PASS: TestValidateDuplPredictorName (0.00s)
=== RUN   TestValidateTrafficSum
--- PASS: TestValidateTrafficSum (0.00s)
=== RUN   TestDefaultABTest
--- PASS: TestDefaultABTest (0.00s)
=== RUN   TestValidateTensorflowProtocolNormalPrepackaged
--- PASS: TestValidateTensorflowProtocolNormalPrepackaged (0.00s)
=== RUN   TestValidateTensorflowProtocolNormal
--- PASS: TestValidateTensorflowProtocolNormal (0.00s)
=== RUN   TestPredictorNoGraph
--- PASS: TestPredictorNoGraph (0.00s)
=== RUN   TestShadowPredictor
--- PASS: TestShadowPredictor (0.00s)
=== RUN   TestNoPredictors
--- PASS: TestNoPredictors (0.00s)
PASS
coverage: 41.6% of statements
path is /workspace/source/operator
All profiles combined

Ginkgo ran 6 suites in 1m5.526559363s
Test Suite Passed
docker build . -t seldonio/seldon-core-operator:1.2.3-dev
Sending build context to Docker daemon  10.27MB
Step 1/28 : FROM golang:1.13.2 as builder
1.13.2: Pulling from library/golang
c7b7d16361e0: Pulling fs layer
b7a128769df1: Pulling fs layer
1128949d0793: Pulling fs layer
667692510b70: Pulling fs layer
c70d80036479: Pulling fs layer
a8669f8c1a42: Pulling fs layer
433331673060: Pulling fs layer
c70d80036479: Waiting
a8669f8c1a42: Waiting
433331673060: Waiting
667692510b70: Waiting
b7a128769df1: Verifying Checksum
b7a128769df1: Download complete
1128949d0793: Download complete
c7b7d16361e0: Verifying Checksum
c7b7d16361e0: Download complete
667692510b70: Download complete
c70d80036479: Verifying Checksum
c70d80036479: Download complete
433331673060: Download complete
a8669f8c1a42: Verifying Checksum
a8669f8c1a42: Download complete
c7b7d16361e0: Pull complete
b7a128769df1: Pull complete
1128949d0793: Pull complete
667692510b70: Pull complete
c70d80036479: Pull complete
a8669f8c1a42: Pull complete
433331673060: Pull complete
Digest: sha256:b3086f21bfbe896973dd6147b46f2736a7deb2c04ed76219835befa0244a9562
Status: Downloaded newer image for golang:1.13.2
 ---> e37698ff7351
Step 2/28 : WORKDIR /workspace
 ---> Running in 5aea320ba33f
Removing intermediate container 5aea320ba33f
 ---> 0f8c85bc1b59
Step 3/28 : COPY go.mod go.mod
 ---> fcc668f45d48
Step 4/28 : COPY go.sum go.sum
 ---> 7f2599f831d0
Step 5/28 : RUN go mod download
 ---> Running in 463f413720f7
[91mgo: finding cloud.google.com/go v0.38.0
[0m[91mgo: finding github.com/Azure/go-ansiterm v0.0.0-20170929234023-d6e3b3328b78
[0m[91mgo: finding github.com/Azure/go-autorest v14.2.0+incompatible
[0m[91mgo: finding github.com/Azure/go-autorest/autorest v0.9.0
[0m[91mgo: finding github.com/Azure/go-autorest/autorest/adal v0.9.0
[0m[91mgo: finding github.com/Azure/go-autorest/autorest/date v0.3.0
[0m[91mgo: finding github.com/Azure/go-autorest/autorest/mocks v0.4.0
[0m[91mgo: finding github.com/Azure/go-autorest/logger v0.1.0
[0m[91mgo: finding github.com/Azure/go-autorest/tracing v0.6.0
[0m[91mgo: finding github.com/BurntSushi/toml v0.3.1
[0m[91mgo: finding github.com/BurntSushi/xgb v0.0.0-20160522181843-27f122750802
[0m[91mgo: finding github.com/NYTimes/gziphandler v0.0.0-20170623195520-56545f4a5d46
[0m[91mgo: finding github.com/PuerkitoBio/purell v1.1.1
[0m[91mgo: finding github.com/PuerkitoBio/urlesc v0.0.0-20170810143723-de5bf2ad4578
[0m[91mgo: finding github.com/agnivade/levenshtein v1.0.1
[0m[91mgo: finding github.com/alecthomas/template v0.0.0-20160405071501-a0175ee3bccc
[0m[91mgo: finding github.com/alecthomas/units v0.0.0-20151022065526-2efee857e7cf
[0m[91mgo: finding github.com/andreyvit/diff v0.0.0-20170406064948-c7f18ee00883
[0m[91mgo: finding github.com/armon/consul-api v0.0.0-20180202201655-eb2c6b5be1b6
[0m[91mgo: finding github.com/asaskevich/govalidator v0.0.0-20190424111038-f61b66f89f4a
[0m[91mgo: finding github.com/beorn7/perks v1.0.1
[0m[91mgo: finding github.com/bgentry/speakeasy v0.1.0
[0m[91mgo: finding github.com/blang/semver v3.5.0+incompatible
[0m[91mgo: finding github.com/client9/misspell v0.3.4
[0m[91mgo: finding github.com/cockroachdb/datadriven v0.0.0-20190809214429-80d97fb3cbaa
[0m[91mgo: finding github.com/coreos/etcd v3.3.10+incompatible
[0m[91mgo: finding github.com/coreos/go-etcd v2.0.0+incompatible
[0m[91mgo: finding github.com/coreos/go-oidc v2.1.0+incompatible
[0m[91mgo: finding github.com/coreos/go-semver v0.3.0
[0m[91mgo: finding github.com/coreos/go-systemd v0.0.0-20190321100706-95778dfbb74e
[0m[91mgo: finding github.com/coreos/pkg v0.0.0-20180108230652-97fdf19511ea
[0m[91mgo: finding github.com/cpuguy83/go-md2man v1.0.10
[0m[91mgo: finding github.com/creack/pty v1.1.7
[0m[91mgo: finding github.com/davecgh/go-spew v1.1.1
[0m[91mgo: finding github.com/dgrijalva/jwt-go v3.2.0+incompatible
[0m[91mgo: finding github.com/docker/docker v0.7.3-0.20190327010347-be7ac8be2ae0
[0m[91mgo: finding github.com/docker/go-units v0.4.0
[0m[91mgo: finding github.com/docker/spdystream v0.0.0-20160310174837-449fdfce4d96
[0m[91mgo: finding github.com/docopt/docopt-go v0.0.0-20180111231733-ee0de3bc6815
[0m[91mgo: finding github.com/dustin/go-humanize v1.0.0
[0m[91mgo: finding github.com/elazarl/goproxy v0.0.0-20170405201442-c4fc26588b6e
[0m[91mgo: finding github.com/emicklei/go-restful v2.9.5+incompatible
[0m[91mgo: finding github.com/evanphx/json-patch v4.5.0+incompatible
[0m[91mgo: finding github.com/fatih/color v1.7.0
[0m[91mgo: finding github.com/fsnotify/fsnotify v1.4.9
[0m[91mgo: finding github.com/ghodss/yaml v1.0.0
[0m[91mgo: finding github.com/globalsign/mgo v0.0.0-20181015135952-eeefdecb41b8
[0m[91mgo: finding github.com/go-kit/kit v0.8.0
[0m[91mgo: finding github.com/go-logfmt/logfmt v0.3.0
[0m[91mgo: finding github.com/go-logr/logr v0.1.0
[0m[91mgo: finding github.com/go-logr/zapr v0.1.0
[0m[91mgo: finding github.com/go-openapi/analysis v0.19.5
[0m[91mgo: finding github.com/go-openapi/errors v0.19.2
[0m[91mgo: finding github.com/go-openapi/jsonpointer v0.19.3
[0m[91mgo: finding github.com/go-openapi/jsonreference v0.19.3
[0m[91mgo: finding github.com/go-openapi/loads v0.19.4
[0m[91mgo: finding github.com/go-openapi/runtime v0.19.4
[0m[91mgo: finding github.com/go-openapi/spec v0.19.3
[0m[91mgo: finding github.com/go-openapi/strfmt v0.19.3
[0m[91mgo: finding github.com/go-openapi/swag v0.19.5
[0m[91mgo: finding github.com/go-openapi/validate v0.19.5
[0m[91mgo: finding github.com/go-stack/stack v1.8.0
[0m[91mgo: finding github.com/gogo/protobuf v1.3.1
[0m[91mgo: finding github.com/golang/glog v0.0.0-20160126235308-23def4e6c14b
[0m[91mgo: finding github.com/golang/groupcache v0.0.0-20190702054246-869f871628b6
[0m[91mgo: finding github.com/golang/mock v1.2.0
[0m[91mgo: finding github.com/golang/protobuf v1.4.2
[0m[91mgo: finding github.com/google/btree v1.0.0
[0m[91mgo: finding github.com/google/go-cmp v0.5.0
[0m[91mgo: finding github.com/google/gofuzz v1.0.0
[0m[91mgo: finding github.com/google/martian v2.1.0+incompatible
[0m[91mgo: finding github.com/google/pprof v0.0.0-20181206194817-3ea8567a2e57
[0m[91mgo: finding github.com/google/renameio v0.1.0
[0m[91mgo: finding github.com/google/uuid v1.1.1
[0m[91mgo: finding github.com/googleapis/gax-go/v2 v2.0.4
[0m[91mgo: finding github.com/googleapis/gnostic v0.3.1
[0m[91mgo: finding github.com/gophercloud/gophercloud v0.1.0
[0m[91mgo: finding github.com/gorilla/websocket v1.4.0
[0m[91mgo: finding github.com/gregjones/httpcache v0.0.0-20180305231024-9cad4c3443a7
[0m[91mgo: finding github.com/grpc-ecosystem/go-grpc-middleware v1.0.1-0.20190118093823-f849b5445de4
[0m[91mgo: finding github.com/grpc-ecosystem/go-grpc-prometheus v1.2.0
[0m[91mgo: finding github.com/grpc-ecosystem/grpc-gateway v1.9.5
[0m[91mgo: finding github.com/hashicorp/golang-lru v0.5.4
[0m[91mgo: finding github.com/hashicorp/hcl v1.0.0
[0m[91mgo: finding github.com/hpcloud/tail v1.0.0
[0m[91mgo: finding github.com/imdario/mergo v0.3.9
[0m[91mgo: finding github.com/inconshreveable/mousetrap v1.0.0
[0m[91mgo: finding github.com/jonboulle/clockwork v0.1.0
[0m[91mgo: finding github.com/json-iterator/go v1.1.10
[0m[91mgo: finding github.com/jstemmer/go-junit-report v0.0.0-20190106144839-af01ea7f8024
[0m[91mgo: finding github.com/julienschmidt/httprouter v1.2.0
[0m[91mgo: finding github.com/kisielk/errcheck v1.2.0
[0m[91mgo: finding github.com/kisielk/gotool v1.0.0
[0m[91mgo: finding github.com/konsorten/go-windows-terminal-sequences v1.0.1
[0m[91mgo: finding github.com/kr/logfmt v0.0.0-20140226030751-b84e30acd515
[0m[91mgo: finding github.com/kr/pretty v0.1.0
[0m[91mgo: finding github.com/kr/pty v1.1.5
[0m[91mgo: finding github.com/kr/text v0.1.0
[0m[91mgo: finding github.com/magiconair/properties v1.8.0
[0m[91mgo: finding github.com/mailru/easyjson v0.7.0
[0m[91mgo: finding github.com/mattn/go-colorable v0.0.9
[0m[91mgo: finding github.com/mattn/go-isatty v0.0.4
[0m[91mgo: finding github.com/mattn/go-runewidth v0.0.2
[0m[91mgo: finding github.com/matttproud/golang_protobuf_extensions v1.0.1
[0m[91mgo: finding github.com/mitchellh/go-homedir v1.1.0
[0m[91mgo: finding github.com/mitchellh/mapstructure v1.1.2
[0m[91mgo: finding github.com/modern-go/concurrent v0.0.0-20180306012644-bacd9c7ef1dd
[0m[91mgo: finding github.com/modern-go/reflect2 v1.0.1
[0m[91mgo: finding github.com/munnerz/goautoneg v0.0.0-20191010083416-a7dc8b61c822
[0m[91mgo: finding github.com/mwitkow/go-conntrack v0.0.0-20161129095857-cc309e4a2223
[0m[91mgo: finding github.com/mxk/go-flowrate v0.0.0-20140419014527-cca7078d478f
[0m[91mgo: finding github.com/nxadm/tail v1.4.4
[0m[91mgo: finding github.com/olekukonko/tablewriter v0.0.0-20170122224234-a0225b3f23b5
[0m[91mgo: finding github.com/onsi/ginkgo v1.14.0
[0m[91mgo: finding github.com/onsi/gomega v1.10.1
[0m[91mgo: finding github.com/pborman/uuid v1.2.0
[0m[91mgo: finding github.com/pelletier/go-toml v1.2.0
[0m[91mgo: finding github.com/peterbourgon/diskv v2.0.1+incompatible
[0m[91mgo: finding github.com/pkg/errors v0.8.1
[0m[91mgo: finding github.com/pmezard/go-difflib v1.0.0
[0m[91mgo: finding github.com/pquerna/cachecontrol v0.0.0-20171018203845-0dec1b30a021
[0m[91mgo: finding github.com/prometheus/client_golang v1.0.0
[0m[91mgo: finding github.com/prometheus/client_model v0.0.0-20190129233127-fd36f4220a90
[0m[91mgo: finding github.com/prometheus/common v0.4.1
[0m[91mgo: finding github.com/prometheus/procfs v0.0.11
[0m[91mgo: finding github.com/remyoudompheng/bigfft v0.0.0-20170806203942-52369c62f446
[0m[91mgo: finding github.com/rogpeppe/fastuuid v0.0.0-20150106093220-6724a57986af
[0m[91mgo: finding github.com/rogpeppe/go-internal v1.3.0
[0m[91mgo: finding github.com/russross/blackfriday v1.5.2
[0m[91mgo: finding github.com/sergi/go-diff v1.0.0
[0m[91mgo: finding github.com/sirupsen/logrus v1.4.2
[0m[91mgo: finding github.com/soheilhy/cmux v0.1.4
[0m[91mgo: finding github.com/spf13/afero v1.2.2
[0m[91mgo: finding github.com/spf13/cast v1.3.0
[0m[91mgo: finding github.com/spf13/cobra v0.0.5
[0m[91mgo: finding github.com/spf13/jwalterweatherman v1.0.0
[0m[91mgo: finding github.com/spf13/pflag v1.0.5
[0m[91mgo: finding github.com/spf13/viper v1.3.2
[0m[91mgo: finding github.com/stretchr/ob** v0.2.0
[0m[91mgo: finding github.com/stretchr/testify v1.4.0
[0m[91mgo: finding github.com/tidwall/pretty v1.0.0
[0m[91mgo: finding github.com/tmc/grpc-websocket-proxy v0.0.0-20170815181823-89b8d40f7ca8
[0m[91mgo: finding github.com/ugorji/go/codec v0.0.0-20181204163529-d75b2dcb6bc8
[0m[91mgo: finding github.com/urfave/cli v1.20.0
[0m[91mgo: finding github.com/vektah/gqlparser v1.1.2
[0m[91mgo: finding github.com/xiang90/probing v0.0.0-20190116061207-43a291ad63a2
[0m[91mgo: finding github.com/xordataexchange/crypt v0.0.3-0.20170626215501-b2862e3d0a77
[0m[91mgo: finding go.etcd.io/bbolt v1.3.3
[0m[91mgo: finding go.etcd.io/etcd v0.0.0-20191023171146-3cf2f69b5738
[0m[91mgo: finding go.mongodb.org/mongo-driver v1.1.2
[0m[91mgo: finding go.opencensus.io v0.21.0
[0m[91mgo: finding go.uber.org/atomic v1.6.0
[0m[91mgo: finding go.uber.org/multierr v1.5.0
[0m[91mgo: finding go.uber.org/tools v0.0.0-20190618225709-2cfd321de3ee
[0m[91mgo: finding go.uber.org/zap v1.15.0
[0m[91mgo: finding golang.org/x/crypto v0.0.0-20200622213623-75b288015ac9
[0m[91mgo: finding golang.org/x/exp v0.0.0-20190312203227-4b39c73a6495
[0m[91mgo: finding golang.org/x/image v0.0.0-20190227222117-0694c2d4d067
[0m[91mgo: finding golang.org/x/lint v0.0.0-20190930215403-16217165b5de
[0m[91mgo: finding golang.org/x/mobile v0.0.0-20190312151609-d3739f865fa6
[0m[91mgo: finding golang.org/x/mod v0.0.0-20190513183733-4bf6d317e70e
[0m[91mgo: finding golang.org/x/net v0.0.0-20200520004742-59133d7f0dd7
[0m[91mgo: finding golang.org/x/oauth2 v0.0.0-20190604053449-0f29369cfe45
[0m[91mgo: finding golang.org/x/sync v0.0.0-20190911185100-cd5d95a43a6e
[0m[91mgo: finding golang.org/x/sys v0.0.0-20200519105757-fe76b779f299
[0m[91mgo: finding golang.org/x/text v0.3.3
[0m[91mgo: finding golang.org/x/time v0.0.0-20190921001708-c4c64cad1fd0
[0m[91mgo: finding golang.org/x/tools v0.0.0-20191029190741-b9c20aec41a5
[0m[91mgo: finding golang.org/x/xerrors v0.0.0-20191204190536-9bdfabe68543
[0m[91mgo: finding gomodules.xyz/jsonpatch/v2 v2.0.1
[0m[91mgo: finding gonum.org/v1/gonum v0.0.0-20190331200053-3d26580ed485
[0m[91mgo: finding gonum.org/v1/netlib v0.0.0-20190331212654-76723241ea4e
[0m[91mgo: finding google.golang.org/api v0.4.0
[0m[91mgo: finding google.golang.org/appengine v1.6.5
[0m[91mgo: finding google.golang.org/genproto v0.0.0-20190916214212-f660b8655731
[0m[91mgo: finding google.golang.org/grpc v1.23.1
[0m[91mgo: finding google.golang.org/protobuf v1.23.0
[0m[91mgo: finding gopkg.in/alecthomas/kingpin.v2 v2.2.6
[0m[91mgo: finding gopkg.in/check.v1 v1.0.0-20190902080502-41f04d3bba15
[0m[91mgo: finding gopkg.in/cheggaaa/pb.v1 v1.0.25
[0m[91mgo: finding gopkg.in/errgo.v2 v2.1.0
[0m[91mgo: finding gopkg.in/fsnotify.v1 v1.4.7
[0m[91mgo: finding gopkg.in/inf.v0 v0.9.1
[0m[91mgo: finding gopkg.in/natefinch/lumberjack.v2 v2.0.0
[0m[91mgo: finding gopkg.in/resty.v1 v1.12.0
[0m[91mgo: finding gopkg.in/square/go-jose.v2 v2.2.2
[0m[91mgo: finding gopkg.in/tomb.v1 v1.0.0-20141024135613-dd632973f1e7
[0m[91mgo: finding gopkg.in/yaml.v2 v2.3.0
[0m[91mgo: finding gotest.tools v2.2.0+incompatible
[0m[91mgo: finding honnef.co/go/tools v0.0.1-2019.2.3
[0m[91mgo: finding istio.io/api v0.0.0-20200513175333-ae3da0d240e3
[0m[91mgo: finding istio.io/client-go v0.0.0-20200513180646-f8d9d8ff84e6
[0m[91mgo: finding istio.io/gogo-genproto v0.0.0-20190930162913-45029607206a
[0m[91mgo: finding k8s.io/api v0.17.9
[0m[91mgo: finding k8s.io/apiextensions-apiserver v0.17.9
[0m[91mgo: finding k8s.io/apimachinery v0.17.9
[0m[91mgo: finding k8s.io/apiserver v0.17.9
[0m[91mgo: finding k8s.io/client-go v0.17.9
[0m[91mgo: finding k8s.io/code-generator v0.17.9
[0m[91mgo: finding k8s.io/component-base v0.17.9
[0m[91mgo: finding k8s.io/gengo v0.0.0-20190822140433-26a664648505
[0m[91mgo: finding k8s.io/klog v1.0.0
[0m[91mgo: finding k8s.io/klog/v2 v2.0.0
[0m[91mgo: finding k8s.io/kube-openapi v0.0.0-20200410145947-bcb3869e6f29
[0m[91mgo: finding k8s.io/utils v0.0.0-20200619165400-6e3d28b6ed19
[0m[91mgo: finding knative.dev/pkg v0.0.0-20200513151758-7b6bb61326ae
[0m[91mgo: finding modernc.org/cc v1.0.0
[0m[91mgo: finding modernc.org/golex v1.0.0
[0m[91mgo: finding modernc.org/mathutil v1.0.0
[0m[91mgo: finding modernc.org/strutil v1.0.0
[0m[91mgo: finding modernc.org/xc v1.0.0
[0m[91mgo: finding sigs.k8s.io/controller-runtime v0.5.8
[0m[91mgo: finding sigs.k8s.io/structured-merge-diff v0.0.0-20190525122527-15d366b2352e
[0m[91mgo: finding sigs.k8s.io/structured-merge-diff/v2 v2.0.1
[0m[91mgo: finding sigs.k8s.io/yaml v1.1.0
[0mRemoving intermediate container 463f413720f7
 ---> 7a4dd245c954
Step 6/28 : COPY main.go main.go
 ---> d349331b82de
Step 7/28 : COPY apis/ apis/
 ---> be53907e3f05
Step 8/28 : COPY controllers/ controllers/
 ---> 6241eea69a27
Step 9/28 : COPY utils/ utils/
 ---> a97d33603e53
Step 10/28 : COPY constants/ constants/
 ---> 0a3afc642d5c
Step 11/28 : COPY client/ client/
 ---> 55e3061f843b
Step 12/28 : RUN go build -a -o manager main.go
 ---> Running in 9b2d97a88bed
Removing intermediate container 9b2d97a88bed
 ---> e01d19554c5b
Step 13/28 : RUN wget -O hashicorp-golang-lru.tar.gz https://github.com/hashicorp/golang-lru/archive/master.tar.gz
 ---> Running in 45d09a77391c
[91m--2020-09-10 08:39:40--  https://github.com/hashicorp/golang-lru/archive/master.tar.gz
[0m[91mResolving github.com (github.com)... [0m[91m140.82.121.4
Connecting to github.com (github.com)|140.82.121.4|:443... [0m[91mconnected.
[0m[91mHTTP request sent, awaiting response... [0m[91m302 Found
Location: https://codeload.github.com/hashicorp/golang-lru/tar.gz/master [following]
--2020-09-10 08:39:41--  https://codeload.github.com/hashicorp/golang-lru/tar.gz/master
Resolving codeload.github.com (codeload.github.com)... [0m[91m140.82.121.9
Connecting to codeload.github.com (codeload.github.com)|140.82.121.9|:443... [0m[91mconnected.
[0m[91mHTTP request sent, awaiting response... [0m[91m200 OK
Length: unspecified [application/x-gzip]
Saving to: 'hashicorp-golang-lru.tar.gz'
[0m[91m
     0K .....[0m[91m..[0m[91m.[0m[91m.[0m[91m. [0m[91m.[0m[91m..[0m[91m                                          995K=0.01s

2020-09-10 08:39:41 (995 KB/s) - 'hashicorp-golang-lru.tar.gz' saved [13973]

[0mRemoving intermediate container 45d09a77391c
 ---> 61027036cb76
Step 14/28 : RUN wget -O armon-consul-api.tar.gz https://github.com/armon/consul-api/archive/master.tar.gz
 ---> Running in b46666f75a66
[91m--2020-09-10 08:39:43--  https://github.com/armon/consul-api/archive/master.tar.gz
[0m[91mResolving github.com (github.com)... [0m[91m140.82.121.4
Connecting to github.com (github.com)|140.82.121.4|:443... [0m[91mconnected.
[0m[91mHTTP request sent, awaiting response... [0m[91m302 Found
Location: https://codeload.github.com/armon/consul-api/tar.gz/master [following]
[0m[91m--2020-09-10 08:39:44--  https://codeload.github.com/armon/consul-api/tar.gz/master
Resolving codeload.github.com (codeload.github.com)... [0m[91m140.82.121.9
Connecting to codeload.github.com (codeload.github.com)|140.82.121.9|:443... [0m[91mconnected.
[0m[91mHTTP request sent, awaiting response... [0m[91m200 OK
[0m[91mLength: unspecified[0m[91m [application/x-gzip]
[0m[91mSaving to: 'armon-consul-api.tar.gz'
[0m[91m
     0K .[0m[91m.[0m[91m.[0m[91m.[0m[91m.[0m[91m.[0m[91m..[0m[91m.[0m[91m.[0m[91m [0m[91m.[0m[91m....[0m[91m..                                     1.43M=0.01s

2020-09-10 08:39:44 (1.43 MB/s) - 'armon-consul-api.tar.gz' saved [17977]

[0mRemoving intermediate container b46666f75a66
 ---> c3633a624b1e
Step 15/28 : RUN wget -O hasicorp-hcl.tar.gz https://github.com/hashicorp/hcl/archive/master.tar.gz
 ---> Running in d65c50e7a8bc
[91m--2020-09-10 08:39:45--  https://github.com/hashicorp/hcl/archive/master.tar.gz
[0m[91mResolving github.com (github.com)... [0m[91m140.82.121.4
Connecting to github.com (github.com)|140.82.121.4|:443... [0m[91mconnected.
[0m[91mHTTP request sent, awaiting response... [0m[91m302 Found
Location: https://codeload.github.com/hashicorp/hcl/tar.gz/master [following]
--2020-09-10 08:39:46--  https://codeload.github.com/hashicorp/hcl/tar.gz/master
Resolving codeload.github.com (codeload.github.com)... [0m[91m140.82.121.9
Connecting to codeload.github.com (codeload.github.com)|140.82.121.9|:443... [0m[91mconnected.
[0m[91mHTTP request sent, awaiting response... [0m[91m200 OK
Length: unspecified [application/x-gzip]
Saving to: 'hasicorp-hcl.tar.gz'
[0m[91m
     0K .....[0m[91m..[0m[91m.[0m[91m..[0m[91m .[0m[91m.[0m[91m..[0m[91m.[0m[91m....[0m[91m.[0m[91m ........[0m[91m.. .........[0m[91m.[0m[91m [0m[91m.[0m[91m.[0m[91m.[0m[91m.[0m[91m.[0m[91m.[0m[91m.[0m[91m.[0m[91m.[0m[91m.[0m[91m 1.69M[0m[91m
    50K[0m[91m [0m[91m.[0m[91m.[0m[91m.[0m[91m.[0m[91m.[0m[91m.[0m[91m.[0m[91m.[0m[91m.[0m[91m.[0m[91m [0m[91m.[0m[91m.[0m[91m.[0m[91m.[0m[91m.[0m[91m.[0m[91m.[0m[91m.[0m[91m.[0m[91m.[0m[91m [0m[91m.[0m[91m [0m[91m [0m[91m [0m[91m [0m[91m [0m[91m [0m[91m [0m[91m [0m[91m [0m[91m [0m[91m [0m[91m [0m[91m [0m[91m [0m[91m [0m[91m [0m[91m [0m[91m [0m[91m [0m[91m [0m[91m [0m[91m [0m[91m [0m[91m [0m[91m [0m[91m [0m[91m [0m[91m [0m[91m [0m[91m [0m[91m [0m[91m 3.67M[0m[91m=0.03s[0m[91m

[0m[91m2020-09-10 08:39:46 (2.01 MB/s) - 'hasicorp-hcl.tar.gz' saved [72956]

[0mRemoving intermediate container d65c50e7a8bc
 ---> a1a72c95702a
Step 16/28 : FROM gcr.io/distroless/base:latest
latest: Pulling from distroless/base
4000adbbc3eb: Pulling fs layer
69e2f037cdb3: Pulling fs layer
4000adbbc3eb: Verifying Checksum
69e2f037cdb3: Verifying Checksum
69e2f037cdb3: Download complete
4000adbbc3eb: Pull complete
69e2f037cdb3: Pull complete
Digest: sha256:be73c7e6bb15793be42cdba97ca55d731558d8a625acdc13f9b8d49e3ef7de02
Status: Downloaded newer image for gcr.io/distroless/base:latest
 ---> ae9876e34217
Step 17/28 : WORKDIR /
 ---> Running in 14679be59783
Removing intermediate container 14679be59783
 ---> 8928e95737d5
Step 18/28 : COPY --from=builder /workspace/manager .
 ---> 2dab1f6c1da9
Step 19/28 : COPY licenses/license.txt licenses/license.txt
 ---> cd53f40b0c44
Step 20/28 : COPY --from=builder /workspace/hashicorp-golang-lru.tar.gz licenses/mpl_source/hashicorp-golang-lru.tar.gz
 ---> 49e046236969
Step 21/28 : COPY --from=builder /workspace/armon-consul-api.tar.gz licenses/mpl_source/armon-consul-api.tar.gz
 ---> f85edfc0f802
Step 22/28 : COPY --from=builder /workspace/hasicorp-hcl.tar.gz licenses/mpl_source/hasicorp-hcl.tar.gz
 ---> d21e7927f1e0
Step 23/28 : COPY generated/admissionregistration.k8s.io_v1beta1_mutatingwebhookconfiguration_seldon-mutating-webhook-configuration.yaml /tmp/operator-resources/mutate.yaml
 ---> 0821b01b8d2a
Step 24/28 : COPY generated/admissionregistration.k8s.io_v1beta1_validatingwebhookconfiguration_seldon-validating-webhook-configuration.yaml /tmp/operator-resources/validate.yaml
 ---> 508ee089e5d9
Step 25/28 : COPY generated/~g_v1_service_seldon-webhook-service.yaml /tmp/operator-resources/service.yaml
 ---> 00caf5fdc584
Step 26/28 : COPY generated/~g_v1_configmap_seldon-config.yaml /tmp/operator-resources/configmap.yaml
 ---> 17dbcbe5b656
Step 27/28 : COPY generated/apiextensions.k8s.io_v1beta1_customresourcedefinition_seldondeployments.machinelearning.seldon.io.yaml /tmp/operator-resources/crd.yaml
 ---> 024f76c460e7
Step 28/28 : ENTRYPOINT ["/manager"]
 ---> Running in 40b222911b35
Removing intermediate container 40b222911b35
 ---> 7da5ae5fa5c8
Successfully built 7da5ae5fa5c8
Successfully tagged seldonio/seldon-core-operator:1.2.3-dev
docker save seldonio/seldon-core-operator:1.2.3-dev > operator.tar
kind load image-archive operator.tar --name kind
make[1]: Leaving directory '/workspace/source/operator'
Files changed in engine folder:
SKIPPING ENGINE IMAGE BUILD...
Files changed in executor folder:
executor/cmd/executor/main.go
executor/go.mod
executor/go.sum
executor/licenses/dep.txt
executor/samples/local/logger/Makefile
executor/samples/local/metrics/Makefile
cd ../../executor && make kind-image-install
make[1]: Entering directory '/workspace/source/executor'
rm _operator -rf
cp -r ../operator _operator
go fmt ./api/... ./predictor/... ./k8s/...
go: downloading github.com/google/uuid v1.1.2
go: downloading github.com/tensorflow/tensorflow v1.14.0
go: downloading github.com/grpc-ecosystem/go-grpc-middleware v1.2.1
go: downloading google.golang.org/grpc v1.31.0
go: downloading github.com/opentracing/opentracing-go v1.2.0
go: downloading github.com/uber/jaeger-client-go v2.25.0+incompatible
go: downloading github.com/pkg/errors v0.9.1
go: downloading github.com/prometheus/client_golang v1.7.1
go: downloading github.com/confluentinc/confluent-kafka-go v1.4.2
go: downloading github.com/cloudevents/sdk-go v1.2.0
go: downloading github.com/prometheus/procfs v0.1.3
go: downloading github.com/cespare/xxhash/v2 v2.1.1
go: downloading go.opencensus.io v0.22.2
go: downloading github.com/gorilla/mux v1.8.0
go: downloading github.com/prometheus/common v0.13.0
go: downloading golang.org/x/time v0.0.0-20191024005414-555d28b269f0
go: downloading github.com/uber/jaeger-lib v2.2.0+incompatible
go: downloading golang.org/x/net v0.0.0-20200625001655-4c5254603344
go: downloading golang.org/x/sys v0.0.0-20200625212154-ddb9806d33ae
go: downloading github.com/prometheus/client_model v0.2.0
go: downloading google.golang.org/genproto v0.0.0-20200423170343-7949de9c1215
go: downloading github.com/lightstep/tracecontext.go v0.0.0-20181129014701-1757c391b1ac
go vet ./api/... ./predictor/... ./k8s/...
go: downloading gotest.tools v2.2.0+incompatible
go test ./api/... ./predictor/... ./k8s/... -coverprofile cover.out
?   	github.com/seldonio/seldon-core/executor/api	[no test files]
?   	github.com/seldonio/seldon-core/executor/api/client	[no test files]
ok  	github.com/seldonio/seldon-core/executor/api/grpc	0.074s	coverage: 18.0% of statements
ok  	github.com/seldonio/seldon-core/executor/api/grpc/seldon	1.175s	coverage: 48.5% of statements
?   	github.com/seldonio/seldon-core/executor/api/grpc/seldon/proto	[no test files]
?   	github.com/seldonio/seldon-core/executor/api/grpc/seldon/test	[no test files]
ok  	github.com/seldonio/seldon-core/executor/api/grpc/tensorflow	0.057s	coverage: 19.2% of statements
ok  	github.com/seldonio/seldon-core/executor/api/kafka	0.070s	coverage: 1.2% of statements
ok  	github.com/seldonio/seldon-core/executor/api/metric	0.039s	coverage: 31.6% of statements
ok  	github.com/seldonio/seldon-core/executor/api/payload	0.103s	coverage: 64.3% of statements
ok  	github.com/seldonio/seldon-core/executor/api/rest	1.089s	coverage: 67.6% of statements
?   	github.com/seldonio/seldon-core/executor/api/test	[no test files]
ok  	github.com/seldonio/seldon-core/executor/api/tracing	0.009s	coverage: 72.2% of statements
ok  	github.com/seldonio/seldon-core/executor/api/util	0.095s	coverage: 48.1% of statements
ok  	github.com/seldonio/seldon-core/executor/predictor	0.095s	coverage: 69.1% of statements
ok  	github.com/seldonio/seldon-core/executor/k8s	0.008s	coverage: 72.7% of statements
mkdir -p api/rest/openapi/
cp ../openapi/swagger-ui/* api/rest/openapi/
cp ../openapi/engine.oas3.json api/rest/openapi/seldon.json
docker build -f Dockerfile.executor -t seldonio/seldon-core-executor:1.2.3-dev .
Sending build context to Docker daemon  87.76MB
Step 1/27 : FROM golang:1.13 as builder
1.13: Pulling from library/golang
d6ff36c9ec48: Pulling fs layer
c958d65b3090: Pulling fs layer
edaf0a6b092f: Pulling fs layer
80931cf68816: Pulling fs layer
813643441356: Pulling fs layer
799f41bb59c9: Pulling fs layer
16b5038bccc8: Pulling fs layer
80931cf68816: Waiting
813643441356: Waiting
799f41bb59c9: Waiting
16b5038bccc8: Waiting
c958d65b3090: Verifying Checksum
c958d65b3090: Download complete
edaf0a6b092f: Download complete
d6ff36c9ec48: Verifying Checksum
d6ff36c9ec48: Download complete
80931cf68816: Download complete
813643441356: Verifying Checksum
813643441356: Download complete
16b5038bccc8: Verifying Checksum
16b5038bccc8: Download complete
799f41bb59c9: Verifying Checksum
799f41bb59c9: Download complete
d6ff36c9ec48: Pull complete
c958d65b3090: Pull complete
edaf0a6b092f: Pull complete
80931cf68816: Pull complete
813643441356: Pull complete
799f41bb59c9: Pull complete
16b5038bccc8: Pull complete
Digest: sha256:8ebb6d5a48deef738381b56b1d4cd33d99a5d608e0d03c5fe8dfa3f68d41a1f8
Status: Downloaded newer image for golang:1.13
 ---> d6f3656320fe
Step 2/27 : WORKDIR /workspace
 ---> Running in 921a8b340363
Removing intermediate container 921a8b340363
 ---> 94d31f004600
Step 3/27 : COPY go.mod go.mod
 ---> a04a2850a8d4
Step 4/27 : COPY go.sum go.sum
 ---> e3c32d1bcef9
Step 5/27 : COPY proto/ proto/
 ---> d549d5fbd1f9
Step 6/27 : COPY _operator/ _operator/
 ---> 0e8cb32d69fd
Step 7/27 : RUN go mod download
 ---> Running in 3be2b818171b
[91mgo: finding cloud.google.com/go v0.40.0
[0m[91mgo: finding contrib.go.opencensus.io/exporter/ocagent v0.4.12
[0m[91mgo: finding contrib.go.opencensus.io/exporter/prometheus v0.1.0
[0m[91mgo: finding dmitri.shuralyov.com/gpu/mtl v0.0.0-20190408044501-666a987793e9
[0m[91mgo: finding github.com/Azure/azure-sdk-for-go v30.1.0+incompatible
[0m[91mgo: finding github.com/Azure/go-ansiterm v0.0.0-20170929234023-d6e3b3328b78
[0m[91mgo: finding github.com/Azure/go-autorest v14.2.0+incompatible
[0m[91mgo: finding github.com/Azure/go-autorest/autorest v0.9.0
[0m[91mgo: finding github.com/Azure/go-autorest/autorest/adal v0.9.0
[0m[91mgo: finding github.com/Azure/go-autorest/autorest/date v0.3.0
[0m[91mgo: finding github.com/Azure/go-autorest/autorest/mocks v0.4.0
[0m[91mgo: finding github.com/Azure/go-autorest/autorest/to v0.2.0
[0m[91mgo: finding github.com/Azure/go-autorest/autorest/validation v0.1.0
[0m[91mgo: finding github.com/Azure/go-autorest/logger v0.1.0
[0m[91mgo: finding github.com/Azure/go-autorest/tracing v0.6.0
[0m[91mgo: finding github.com/BurntSushi/toml v0.3.1
[0m[91mgo: finding github.com/BurntSushi/xgb v0.0.0-20160522181843-27f122750802
[0m[91mgo: finding github.com/Knetic/govaluate v3.0.1-0.20171022003610-9aa49832a739+incompatible
[0m[91mgo: finding github.com/NYTimes/gziphandler v0.0.0-20170623195520-56545f4a5d46
[0m[91mgo: finding github.com/PuerkitoBio/purell v1.1.1
[0m[91mgo: finding github.com/PuerkitoBio/urlesc v0.0.0-20170810143723-de5bf2ad4578
[0m[91mgo: finding github.com/Shopify/sarama v1.19.0
[0m[91mgo: finding github.com/Shopify/toxiproxy v2.1.4+incompatible
[0m[91mgo: finding github.com/VividCortex/gohistogram v1.0.0
[0m[91mgo: finding github.com/afex/hystrix-go v0.0.0-20180502004556-fa1af6a1f4f5
[0m[91mgo: finding github.com/agnivade/levenshtein v1.0.1
[0m[91mgo: finding github.com/alecthomas/template v0.0.0-20190718012654-fb15b899a751
[0m[91mgo: finding github.com/alecthomas/units v0.0.0-20190924025748-f65c72e2690d
[0m[91mgo: finding github.com/andreyvit/diff v0.0.0-20170406064948-c7f18ee00883
[0m[91mgo: finding github.com/apache/thrift v0.13.0
[0m[91mgo: finding github.com/armon/circbuf v0.0.0-20150827004946-bbbad097214e
[0m[91mgo: finding github.com/armon/consul-api v0.0.0-20180202201655-eb2c6b5be1b6
[0m[91mgo: finding github.com/armon/go-metrics v0.0.0-20180917152333-f0300d1749da
[0m[91mgo: finding github.com/armon/go-radix v0.0.0-20180808171621-7fddfc383310
[0m[91mgo: finding github.com/aryann/difflib v0.0.0-20170710044230-e206f873d14a
[0m[91mgo: finding github.com/asaskevich/govalidator v0.0.0-20190424111038-f61b66f89f4a
[0m[91mgo: finding github.com/aws/aws-lambda-go v1.13.3
[0m[91mgo: finding github.com/aws/aws-sdk-go v1.27.0
[0m[91mgo: finding github.com/aws/aws-sdk-go-v2 v0.18.0
[0m[91mgo: finding github.com/beorn7/perks v1.0.1
[0m[91mgo: finding github.com/bgentry/speakeasy v0.1.0
[0m[91mgo: finding github.com/blang/semver v3.5.0+incompatible
[0m[91mgo: finding github.com/casbin/casbin/v2 v2.1.2
[0m[91mgo: finding github.com/cenkalti/backoff v2.2.1+incompatible
[0m[91mgo: finding github.com/census-instrumentation/opencensus-proto v0.2.1
[0m[91mgo: finding github.com/cespare/xxhash/v2 v2.1.1
[0m[91mgo: finding github.com/clbanning/x2j v0.0.0-20191024224557-825249438eec
[0m[91mgo: finding github.com/client9/misspell v0.3.4
[0m[91mgo: finding github.com/cloudevents/sdk-go v1.2.0
[0m[91mgo: finding github.com/cncf/udpa/go v0.0.0-20191209042840-269d4d468f6f
[0m[91mgo: finding github.com/cockroachdb/datadriven v0.0.0-20190809214429-80d97fb3cbaa
[0m[91mgo: finding github.com/codahale/hdrhistogram v0.0.0-20161010025455-3a0bb77429bd
[0m[91mgo: finding github.com/confluentinc/confluent-kafka-go v1.4.2
[0m[91mgo: finding github.com/coreos/etcd v3.3.10+incompatible
[0m[91mgo: finding github.com/coreos/go-etcd v2.0.0+incompatible
[0m[91mgo: finding github.com/coreos/go-oidc v2.1.0+incompatible
[0m[91mgo: finding github.com/coreos/go-semver v0.3.0
[0m[91mgo: finding github.com/coreos/go-systemd v0.0.0-20190321100706-95778dfbb74e
[0m[91mgo: finding github.com/coreos/pkg v0.0.0-20180108230652-97fdf19511ea
[0m[91mgo: finding github.com/cpuguy83/go-md2man v1.0.10
[0m[91mgo: finding github.com/cpuguy83/go-md2man/v2 v2.0.0-20190314233015-f79a8a8ca69d
[0m[91mgo: finding github.com/creack/pty v1.1.7
[0m[91mgo: finding github.com/davecgh/go-spew v1.1.1
[0m[91mgo: finding github.com/dgrijalva/jwt-go v3.2.0+incompatible
[0m[91mgo: finding github.com/docker/docker v0.7.3-0.20190327010347-be7ac8be2ae0
[0m[91mgo: finding github.com/docker/go-units v0.4.0
[0m[91mgo: finding github.com/docker/spdystream v0.0.0-20160310174837-449fdfce4d96
[0m[91mgo: finding github.com/docopt/docopt-go v0.0.0-20180111231733-ee0de3bc6815
[0m[91mgo: finding github.com/dustin/go-humanize v1.0.0
[0m[91mgo: finding github.com/eapache/go-resiliency v1.1.0
[0m[91mgo: finding github.com/eapache/go-xerial-snappy v0.0.0-20180814174437-776d5712da21
[0m[91mgo: finding github.com/eapache/queue v1.1.0
[0m[91mgo: finding github.com/edsrzf/mmap-go v1.0.0
[0m[91mgo: finding github.com/elazarl/goproxy v0.0.0-20170405201442-c4fc26588b6e
[0m[91mgo: finding github.com/emicklei/go-restful v2.9.5+incompatible
[0m[91mgo: finding github.com/envoyproxy/go-control-plane v0.9.4
[0m[91mgo: finding github.com/envoyproxy/protoc-gen-validate v0.1.0
[0m[91mgo: finding github.com/evanphx/json-patch v4.5.0+incompatible
[0m[91mgo: finding github.com/fatih/color v1.7.0
[0m[91mgo: finding github.com/fortytw2/leaktest v1.3.0
[0m[91mgo: finding github.com/franela/goblin v0.0.0-20200105215937-c9ffbefa60db
[0m[91mgo: finding github.com/franela/goreq v0.0.0-20171204163338-bcd34c9993f8
[0m[91mgo: finding github.com/fsnotify/fsnotify v1.4.9
[0m[91mgo: finding github.com/ghodss/yaml v1.0.0
[0m[91mgo: finding github.com/globalsign/mgo v0.0.0-20181015135952-eeefdecb41b8
[0m[91mgo: finding github.com/go-gl/glfw/v3.3/glfw v0.0.0-20200222043503-6f7a984d4dc4
[0m[91mgo: finding github.com/go-kit/kit v0.10.0
[0m[91mgo: finding github.com/go-logfmt/logfmt v0.5.0
[0m[91mgo: finding github.com/go-logr/logr v0.1.0
[0m[91mgo: finding github.com/go-logr/zapr v0.1.0
[0m[91mgo: finding github.com/go-openapi/analysis v0.19.5
[0m[91mgo: finding github.com/go-openapi/errors v0.19.2
[0m[91mgo: finding github.com/go-openapi/jsonpointer v0.19.3
[0m[91mgo: finding github.com/go-openapi/jsonreference v0.19.3
[0m[91mgo: finding github.com/go-openapi/loads v0.19.4
[0m[91mgo: finding github.com/go-openapi/runtime v0.19.4
[0m[91mgo: finding github.com/go-openapi/spec v0.19.3
[0m[91mgo: finding github.com/go-openapi/strfmt v0.19.3
[0m[91mgo: finding github.com/go-openapi/swag v0.19.5
[0m[91mgo: finding github.com/go-openapi/validate v0.19.5
[0m[91mgo: finding github.com/go-sql-driver/mysql v1.4.0
[0m[91mgo: finding github.com/go-stack/stack v1.8.0
[0m[91mgo: finding github.com/gogo/googleapis v1.1.0
[0m[91mgo: finding github.com/gogo/protobuf v1.3.1
[0m[91mgo: finding github.com/golang/glog v0.0.0-20160126235308-23def4e6c14b
[0m[91mgo: finding github.com/golang/groupcache v0.0.0-20190702054246-869f871628b6
[0m[91mgo: finding github.com/golang/mock v1.2.0
[0m[91mgo: finding github.com/golang/protobuf v1.4.2
[0m[91mgo: finding github.com/golang/snappy v0.0.0-20180518054509-2e65f85255db
[0m[91mgo: finding github.com/google/btree v1.0.0
[0m[91mgo: finding github.com/google/go-cmp v0.5.0
[0m[91mgo: finding github.com/google/gofuzz v1.0.0
[0m[91mgo: finding github.com/google/martian v2.1.0+incompatible
[0m[91mgo: finding github.com/google/pprof v0.0.0-20181206194817-3ea8567a2e57
[0m[91mgo: finding github.com/google/renameio v0.1.0
[0m[91mgo: finding github.com/google/uuid v1.1.2
[0m[91mgo: finding github.com/googleapis/gax-go/v2 v2.0.5
[0m[91mgo: finding github.com/googleapis/gnostic v0.3.1
[0m[91mgo: finding github.com/gophercloud/gophercloud v0.1.0
[0m[91mgo: finding github.com/gopherjs/gopherjs v0.0.0-20181017120253-0766667cb4d1
[0m[91mgo: finding github.com/gorilla/context v1.1.1
[0m[91mgo: finding github.com/gorilla/mux v1.8.0
[0m[91mgo: finding github.com/gorilla/websocket v1.4.0
[0m[91mgo: finding github.com/gregjones/httpcache v0.0.0-20180305231024-9cad4c3443a7
[0m[91mgo: finding github.com/grpc-ecosystem/go-grpc-middleware v1.2.1
[0m[91mgo: finding github.com/grpc-ecosystem/go-grpc-prometheus v1.2.0
[0m[91mgo: finding github.com/grpc-ecosystem/grpc-gateway v1.9.5
[0m[91mgo: finding github.com/hashicorp/consul/api v1.3.0
[0m[91mgo: finding github.com/hashicorp/consul/sdk v0.3.0
[0m[91mgo: finding github.com/hashicorp/errwrap v1.0.0
[0m[91mgo: finding github.com/hashicorp/go-cleanhttp v0.5.1
[0m[91mgo: finding github.com/hashicorp/go-immutable-radix v1.0.0
[0m[91mgo: finding github.com/hashicorp/go-msgpack v0.5.3
[0m[91mgo: finding github.com/hashicorp/go-multierror v1.0.0
[0m[91mgo: finding github.com/hashicorp/go-rootcerts v1.0.0
[0m[91mgo: finding github.com/hashicorp/go-sockaddr v1.0.0
[0m[91mgo: finding github.com/hashicorp/go-syslog v1.0.0
[0m[91mgo: finding github.com/hashicorp/go-uuid v1.0.1
[0m[91mgo: finding github.com/hashicorp/go-version v1.2.0
[0m[91mgo: finding github.com/hashicorp/go.net v0.0.1
[0m[91mgo: finding github.com/hashicorp/golang-lru v0.5.4
[0m[91mgo: finding github.com/hashicorp/hcl v1.0.0
[0m[91mgo: finding github.com/hashicorp/logutils v1.0.0
[0m[91mgo: finding github.com/hashicorp/mdns v1.0.0
[0m[91mgo: finding github.com/hashicorp/memberlist v0.1.3
[0m[91mgo: finding github.com/hashicorp/serf v0.8.2
[0m[91mgo: finding github.com/hpcloud/tail v1.0.0
[0m[91mgo: finding github.com/hudl/fargo v1.3.0
[0m[91mgo: finding github.com/imdario/mergo v0.3.9
[0m[91mgo: finding github.com/inconshreveable/mousetrap v1.0.0
[0m[91mgo: finding github.com/influxdata/influxdb1-client v0.0.0-20191209144304-8bf82d3c094d
[0m[91mgo: finding github.com/jmespath/go-jmespath v0.0.0-20180206201540-c2b33e8439af
[0m[91mgo: finding github.com/jonboulle/clockwork v0.1.0
[0m[91mgo: finding github.com/jpillora/backoff v1.0.0
[0m[91mgo: finding github.com/json-iterator/go v1.1.10
[0m[91mgo: finding github.com/jstemmer/go-junit-report v0.0.0-20190106144839-af01ea7f8024
[0m[91mgo: finding github.com/jtolds/gls v4.20.0+incompatible
[0m[91mgo: finding github.com/julienschmidt/httprouter v1.3.0
[0m[91mgo: finding github.com/kelseyhightower/envconfig v1.4.0
[0m[91mgo: finding github.com/kisielk/errcheck v1.2.0
[0m[91mgo: finding github.com/kisielk/gotool v1.0.0
[0m[91mgo: finding github.com/konsorten/go-windows-terminal-sequences v1.0.3
[0m[91mgo: finding github.com/kr/logfmt v0.0.0-20140226030751-b84e30acd515
[0m[91mgo: finding github.com/kr/pretty v0.2.0
[0m[91mgo: finding github.com/kr/pty v1.1.5
[0m[91mgo: finding github.com/kr/text v0.1.0
[0m[91mgo: finding github.com/lightstep/lightstep-tracer-common/golang/gogo v0.0.0-20190605223551-bc2310a04743
[0m[91mgo: finding github.com/lightstep/lightstep-tracer-go v0.18.1
[0m[91mgo: finding github.com/lightstep/tracecontext.go v0.0.0-20181129014701-1757c391b1ac
[0m[91mgo: finding github.com/lyft/protoc-gen-validate v0.0.13
[0m[91mgo: finding github.com/magiconair/properties v1.8.0
[0m[91mgo: finding github.com/mailru/easyjson v0.7.0
[0m[91mgo: finding github.com/mattn/go-colorable v0.0.9
[0m[91mgo: finding github.com/mattn/go-isatty v0.0.4
[0m[91mgo: finding github.com/mattn/go-runewidth v0.0.2
[0m[91mgo: finding github.com/matttproud/golang_protobuf_extensions v1.0.1
[0m[91mgo: finding github.com/miekg/dns v1.0.14
[0m[91mgo: finding github.com/mitchellh/cli v1.0.0
[0m[91mgo: finding github.com/mitchellh/go-homedir v1.1.0
[0m[91mgo: finding github.com/mitchellh/go-testing-interface v1.0.0
[0m[91mgo: finding github.com/mitchellh/gox v0.4.0
[0m[91mgo: finding github.com/mitchellh/iochan v1.0.0
[0m[91mgo: finding github.com/mitchellh/mapstructure v1.1.2
[0m[91mgo: finding github.com/modern-go/concurrent v0.0.0-20180306012644-bacd9c7ef1dd
[0m[91mgo: finding github.com/modern-go/reflect2 v1.0.1
[0m[91mgo: finding github.com/munnerz/goautoneg v0.0.0-20191010083416-a7dc8b61c822
[0m[91mgo: finding github.com/mwitkow/go-conntrack v0.0.0-20190716064945-2f068394615f
[0m[91mgo: finding github.com/mxk/go-flowrate v0.0.0-20140419014527-cca7078d478f
[0m[91mgo: finding github.com/nats-io/jwt v0.3.2
[0m[91mgo: finding github.com/nats-io/nats-server/v2 v2.1.2
[0m[91mgo: finding github.com/nats-io/nats.go v1.9.1
[0m[91mgo: finding github.com/nats-io/nkeys v0.1.3
[0m[91mgo: finding github.com/nats-io/nuid v1.0.1
[0m[91mgo: finding github.com/nxadm/tail v1.4.4
[0m[91mgo: finding github.com/oklog/oklog v0.3.2
[0m[91mgo: finding github.com/oklog/run v1.0.0
[0m[91mgo: finding github.com/olekukonko/tablewriter v0.0.0-20170122224234-a0225b3f23b5
[0m[91mgo: finding github.com/onsi/ginkgo v1.14.0
[0m[91mgo: finding github.com/onsi/gomega v1.10.1
[0m[91mgo: finding github.com/op/go-logging v0.0.0-20160315200505-970db520ece7
[0m[91mgo: finding github.com/opentracing-contrib/go-observer v0.0.0-20170622124052-a52f23424492
[0m[91mgo: finding github.com/opentracing/basictracer-go v1.0.0
[0m[91mgo: finding github.com/opentracing/opentracing-go v1.2.0
[0m[91mgo: finding github.com/openzipkin-contrib/zipkin-go-opentracing v0.4.5
[0m[91mgo: finding github.com/openzipkin/zipkin-go v0.2.2
[0m[91mgo: finding github.com/pact-foundation/pact-go v1.0.4
[0m[91mgo: finding github.com/pascaldekloe/goe v0.0.0-20180627143212-57f6aae5913c
[0m[91mgo: finding github.com/pborman/uuid v1.2.0
[0m[91mgo: finding github.com/pelletier/go-toml v1.2.0
[0m[91mgo: finding github.com/performancecopilot/speed v3.0.0+incompatible
[0m[91mgo: finding github.com/peterbourgon/diskv v2.0.1+incompatible
[0m[91mgo: finding github.com/pierrec/lz4 v2.0.5+incompatible
[0m[91mgo: finding github.com/pkg/errors v0.9.1
[0m[91mgo: finding github.com/pkg/profile v1.2.1
[0m[91mgo: finding github.com/pmezard/go-difflib v1.0.0
[0m[91mgo: finding github.com/posener/complete v1.1.1
[0m[91mgo: finding github.com/pquerna/cachecontrol v0.0.0-20171018203845-0dec1b30a021
[0m[91mgo: finding github.com/prometheus/client_golang v1.7.1
[0m[91mgo: finding github.com/prometheus/client_model v0.2.0
[0m[91mgo: finding github.com/prometheus/common v0.13.0
[0m[91mgo: finding github.com/prometheus/procfs v0.1.3
[0m[91mgo: finding github.com/rcrowley/go-metrics v0.0.0-20181016184325-3113b8401b8a
[0m[91mgo: finding github.com/remyoudompheng/bigfft v0.0.0-20170806203942-52369c62f446
[0m[91mgo: finding github.com/rogpeppe/fastuuid v0.0.0-20150106093220-6724a57986af
[0m[91mgo: finding github.com/rogpeppe/go-internal v1.3.0
[0m[91mgo: finding github.com/russross/blackfriday v1.5.2
[0m[91mgo: finding github.com/russross/blackfriday/v2 v2.0.1
[0m[91mgo: finding github.com/ryanuber/columnize v0.0.0-20160712163229-9b3edd62028f
[0m[91mgo: finding github.com/samuel/go-zookeeper v0.0.0-20190923202752-2cc03de413da
[0m[91mgo: finding github.com/sean-/seed v0.0.0-20170313163322-e2103e2c3529
[0m[91mgo: finding github.com/sergi/go-diff v1.0.0
[0m[91mgo: finding github.com/shurcooL/sanitized_anchor_name v1.0.0
[0m[91mgo: finding github.com/sirupsen/logrus v1.6.0
[0m[91mgo: finding github.com/smartystreets/assertions v0.0.0-20180927180507-b2de0cb4f26d
[0m[91mgo: finding github.com/smartystreets/goconvey v1.6.4
[0m[91mgo: finding github.com/soheilhy/cmux v0.1.4
[0m[91mgo: finding github.com/sony/gobreaker v0.4.1
[0m[91mgo: finding github.com/spf13/afero v1.2.2
[0m[91mgo: finding github.com/spf13/cast v1.3.0
[0m[91mgo: finding github.com/spf13/cobra v0.0.5
[0m[91mgo: finding github.com/spf13/jwalterweatherman v1.0.0
[0m[91mgo: finding github.com/spf13/pflag v1.0.5
[0m[91mgo: finding github.com/spf13/viper v1.3.2
[0m[91mgo: finding github.com/streadway/amqp v0.0.0-20190827072141-edfb9018d271
[0m[91mgo: finding github.com/streadway/handy v0.0.0-20190108123426-d5acb3125c2a
[0m[91mgo: finding github.com/stretchr/ob** v0.2.0
[0m[91mgo: finding github.com/stretchr/testify v1.4.0
[0m[91mgo: finding github.com/tensorflow/tensorflow v1.14.0
[0m[91mgo: finding github.com/tidwall/pretty v1.0.0
[0m[91mgo: finding github.com/tmc/grpc-websocket-proxy v0.0.0-20170815181823-89b8d40f7ca8
[0m[91mgo: finding github.com/uber/jaeger-client-go v2.25.0+incompatible
[0m[91mgo: finding github.com/uber/jaeger-lib v2.2.0+incompatible
[0m[91mgo: finding github.com/ugorji/go/codec v0.0.0-20181204163529-d75b2dcb6bc8
[0m[91mgo: finding github.com/urfave/cli v1.22.1
[0m[91mgo: finding github.com/valyala/bytebufferpool v1.0.0
[0m[91mgo: finding github.com/vektah/gqlparser v1.1.2
[0m[91mgo: finding github.com/xiang90/probing v0.0.0-20190116061207-43a291ad63a2
[0m[91mgo: finding github.com/xordataexchange/crypt v0.0.3-0.20170626215501-b2862e3d0a77
[0m[91mgo: finding go.etcd.io/bbolt v1.3.3
[0m[91mgo: finding go.etcd.io/etcd v0.0.0-20191023171146-3cf2f69b5738
[0m[91mgo: finding go.mongodb.org/mongo-driver v1.1.2
[0m[91mgo: finding go.opencensus.io v0.22.2
[0m[91mgo: finding go.uber.org/atomic v1.6.0
[0m[91mgo: finding go.uber.org/multierr v1.5.0
[0m[91mgo: finding go.uber.org/tools v0.0.0-20190618225709-2cfd321de3ee
[0m[91mgo: finding go.uber.org/zap v1.15.0
[0m[91mgo: finding golang.org/x/crypto v0.0.0-20200622213623-75b288015ac9
[0m[91mgo: finding golang.org/x/exp v0.0.0-20200331195152-e8c3332aa8e5
[0m[91mgo: finding golang.org/x/image v0.0.0-20190802002840-cff245a6509b
[0m[91mgo: finding golang.org/x/lint v0.0.0-20190930215403-16217165b5de
[0m[91mgo: finding golang.org/x/mobile v0.0.0-20190719004257-d2bd2a29d028
[0m[91mgo: finding golang.org/x/mod v0.1.1-0.20191107180719-034126e5016b
[0m[91mgo: finding golang.org/x/net v0.0.0-20200625001655-4c5254603344
[0m[91mgo: finding golang.org/x/oauth2 v0.0.0-20190604053449-0f29369cfe45
[0m[91mgo: finding golang.org/x/sync v0.0.0-20190911185100-cd5d95a43a6e
[0m[91mgo: finding golang.org/x/sys v0.0.0-20200625212154-ddb9806d33ae
[0m[91mgo: finding golang.org/x/text v0.3.3
[0m[91mgo: finding golang.org/x/time v0.0.0-20191024005414-555d28b269f0
[0m[91mgo: finding golang.org/x/tools v0.0.0-20200207183749-b753a1ba74fa
[0m[91mgo: finding golang.org/x/xerrors v0.0.0-20191204190536-9bdfabe68543
[0m[91mgo: finding gomodules.xyz/jsonpatch/v2 v2.0.1
[0m[91mgo: finding gonum.org/v1/gonum v0.0.0-20190331200053-3d26580ed485
[0m[91mgo: finding gonum.org/v1/netlib v0.0.0-20190331212654-76723241ea4e
[0m[91mgo: finding google.golang.org/api v0.15.0
[0m[91mgo: finding google.golang.org/appengine v1.6.5
[0m[91mgo: finding google.golang.org/genproto v0.0.0-20200423170343-7949de9c1215
[0m[91mgo: finding google.golang.org/grpc v1.31.0
[0m[91mgo: finding google.golang.org/protobuf v1.23.0
[0m[91mgo: finding gopkg.in/alecthomas/kingpin.v2 v2.2.6
[0m[91mgo: finding gopkg.in/check.v1 v1.0.0-20190902080502-41f04d3bba15
[0m[91mgo: finding gopkg.in/cheggaaa/pb.v1 v1.0.25
[0m[91mgo: finding gopkg.in/errgo.v2 v2.1.0
[0m[91mgo: finding gopkg.in/fsnotify.v1 v1.4.7
[0m[91mgo: finding gopkg.in/gcfg.v1 v1.2.3
[0m[91mgo: finding gopkg.in/inf.v0 v0.9.1
[0m[91mgo: finding gopkg.in/natefinch/lumberjack.v2 v2.0.0
[0m[91mgo: finding gopkg.in/resty.v1 v1.12.0
[0m[91mgo: finding gopkg.in/square/go-jose.v2 v2.2.2
[0m[91mgo: finding gopkg.in/tomb.v1 v1.0.0-20141024135613-dd632973f1e7
[0m[91mgo: finding gopkg.in/warnings.v0 v0.1.2
[0m[91mgo: finding gopkg.in/yaml.v2 v2.3.0
[0m[91mgo: finding gotest.tools v2.2.0+incompatible
[0m[91mgo: finding honnef.co/go/tools v0.0.1-2019.2.3
[0m[91mgo: finding istio.io/api v0.0.0-20200513175333-ae3da0d240e3
[0m[91mgo: finding istio.io/client-go v0.0.0-20200513180646-f8d9d8ff84e6
[0m[91mgo: finding istio.io/gogo-genproto v0.0.0-20190930162913-45029607206a
[0m[91mgo: finding k8s.io/api v0.17.9
[0m[91mgo: finding k8s.io/apiextensions-apiserver v0.17.9
[0m[91mgo: finding k8s.io/apimachinery v0.17.9
[0m[91mgo: finding k8s.io/apiserver v0.17.9
[0m[91mgo: finding k8s.io/client-go v0.17.9
[0m[91mgo: finding k8s.io/code-generator v0.17.9
[0m[91mgo: finding k8s.io/component-base v0.17.9
[0m[91mgo: finding k8s.io/gengo v0.0.0-20190822140433-26a664648505
[0m[91mgo: finding k8s.io/klog v1.0.0
[0m[91mgo: finding k8s.io/klog/v2 v2.0.0
[0m[91mgo: finding k8s.io/kube-openapi v0.0.0-20200410145947-bcb3869e6f29
[0m[91mgo: finding k8s.io/utils v0.0.0-20200619165400-6e3d28b6ed19
[0m[91mgo: finding knative.dev/pkg v0.0.0-20200513151758-7b6bb61326ae
[0m[91mgo: finding modernc.org/cc v1.0.0
[0m[91mgo: finding modernc.org/golex v1.0.0
[0m[91mgo: finding modernc.org/mathutil v1.0.0
[0m[91mgo: finding modernc.org/strutil v1.0.0
[0m[91mgo: finding modernc.org/xc v1.0.0
[0m[91mgo: finding pack.ag/amqp v0.11.0
[0m[91mgo: finding rsc.io/binaryregexp v0.2.0
[0m[91mgo: finding sigs.k8s.io/controller-runtime v0.5.8
[0m[91mgo: finding sigs.k8s.io/structured-merge-diff v0.0.0-20190525122527-15d366b2352e
[0m[91mgo: finding sigs.k8s.io/structured-merge-diff/v2 v2.0.1
[0m[91mgo: finding sigs.k8s.io/yaml v1.1.0
[0m[91mgo: finding sourcegraph.com/sourcegraph/appdash v0.0.0-20190731080439-ebfcffb1b5c0
[0mRemoving intermediate container 3be2b818171b
 ---> f2230d2f498f
Step 8/27 : COPY cmd/ cmd/
 ---> 874535480adb
Step 9/27 : COPY api/ api/
 ---> b74ed90e62c2
Step 10/27 : COPY predictor/ predictor/
 ---> 86ff9047f581
Step 11/27 : COPY logger/ logger/
 ---> a8a1764a7a05
Step 12/27 : COPY k8s/ k8s/
 ---> c10e2f9f5d7d
Step 13/27 : RUN go build -a -o executor cmd/executor/main.go
 ---> Running in 4dfc8ba2e258
Removing intermediate container 4dfc8ba2e258
 ---> ef653aa95f77
Step 14/27 : RUN wget -O hashicorp-golang-lru.tar.gz https://github.com/hashicorp/golang-lru/archive/master.tar.gz
 ---> Running in 14851b975aac
[91m--2020-09-10 08:43:54--  https://github.com/hashicorp/golang-lru/archive/master.tar.gz
[0m[91mResolving github.com (github.com)... [0m[91m140.82.121.4
Connecting to github.com (github.com)|140.82.121.4|:443... [0m[91mconnected.
[0m[91mHTTP request sent, awaiting response... [0m[91m302 Found
Location: https://codeload.github.com/hashicorp/golang-lru/tar.gz/master [following]
[0m[91m--2020-09-10 08:43:54--  https://codeload.github.com/hashicorp/golang-lru/tar.gz/master
Resolving codeload.github.com (codeload.github.com)... [0m[91m140.82.121.10
Connecting to codeload.github.com (codeload.github.com)|140.82.121.10|:443... [0m[91mconnected.
[0m[91mHTTP request sent, awaiting response... [0m[91m200 OK
[0m[91mLength: [0m[91munspecified [application/x-gzip]
Saving to: 'hashicorp-golang-lru.tar.gz'

     0K .......... .[0m[91m..                            [0m[91m             1.01M=0.01s

2020-09-10 08:43:55 (1.01 MB/s) - 'hashicorp-golang-lru.tar.gz' saved [13973]

[0mRemoving intermediate container 14851b975aac
 ---> 0a60e9aa9472
Step 15/27 : RUN wget -O armon-consul-api.tar.gz https://github.com/armon/consul-api/archive/master.tar.gz
 ---> Running in 5c679ca70943
[91m--2020-09-10 08:43:56--  https://github.com/armon/consul-api/archive/master.tar.gz
[0m[91mResolving github.com (github.com)... [0m[91m140.82.121.3
Connecting to github.com (github.com)|140.82.121.3|:443... [0m[91mconnected.
[0m[91mHTTP request sent, awaiting response... [0m[91m302 Found
Location: https://codeload.github.com/armon/consul-api/tar.gz/master [following]
--2020-09-10 08:43:56--  https://codeload.github.com/armon/consul-api/tar.gz/master
[0m[91mResolving codeload.github.com (codeload.github.com)... [0m[91m140.82.121.10
Connecting to codeload.github.com (codeload.github.com)|140.82.121.10|:443... [0m[91mconnected.
[0m[91mHTTP request sent, awaiting response... [0m[91m200 OK
Length: [0m[91munspecified[0m[91m [application/x-gzip]
[0m[91mSaving to: 'armon-consul-api.tar.gz'
[0m[91m
     0K[0m[91m .[0m[91m..[0m[91m....... ..[0m[91m....[0m[91m.[0m[91m                                     1.51M=0.01s

2020-09-10 08:43:56 (1.51 MB/s) - 'armon-consul-api.tar.gz' saved [17977]

[0mRemoving intermediate container 5c679ca70943
 ---> 9691d96e937c
Step 16/27 : RUN wget -O hasicorp-hcl.tar.gz https://github.com/hashicorp/hcl/archive/master.tar.gz
 ---> Running in 339a4713c634
[91m--2020-09-10 08:43:57--  https://github.com/hashicorp/hcl/archive/master.tar.gz
[0m[91mResolving github.com (github.com)... [0m[91m140.82.121.3
Connecting to github.com (github.com)|140.82.121.3|:443... [0m[91mconnected.
[0m[91mHTTP request sent, awaiting response... [0m[91m302 Found
Location: https://codeload.github.com/hashicorp/hcl/tar.gz/master [following]
--2020-09-10 08:43:58--  https://codeload.github.com/hashicorp/hcl/tar.gz/master
Resolving codeload.github.com (codeload.github.com)... [0m[91m140.82.121.10
Connecting to codeload.github.com (codeload.github.com)|140.82.121.10|:443... [0m[91mconnected.
[0m[91mHTTP request sent, awaiting response... [0m[91m200 OK
Length: unspecified [application/x-gzip]
Saving to: 'hasicorp-hcl.tar.gz'

     0K .......... ..[0m[91m........ .......... .........[0m[91m. .......[0m[91m... 1.96M
    50K .......... ...[0m[91m.......[0m[91m .                                66.2M=0.03s

[0m[91m2020-09-10 08:43:58 (2.75 MB/s) - 'hasicorp-hcl.tar.gz' saved [72956]

[0mRemoving intermediate container 339a4713c634
 ---> ac21215c85de
Step 17/27 : COPY api/rest/openapi/ /openapi/
 ---> 648080347339
Step 18/27 : RUN chmod -R 660 /openapi/
 ---> Running in dda25b66feda
Removing intermediate container dda25b66feda
 ---> 22c5d3562639
Step 19/27 : FROM gcr.io/distroless/base:latest
 ---> ae9876e34217
Step 20/27 : WORKDIR /
 ---> Using cache
 ---> 8928e95737d5
Step 21/27 : COPY --from=builder /workspace/executor .
 ---> c27acdfd9af0
Step 22/27 : COPY licenses/license.txt licenses/license.txt
 ---> 36ca0d61f5a3
Step 23/27 : COPY --from=builder /workspace/hashicorp-golang-lru.tar.gz licenses/mpl_source/hashicorp-golang-lru.tar.gz
 ---> c06e3afa46f9
Step 24/27 : COPY --from=builder /workspace/armon-consul-api.tar.gz licenses/mpl_source/armon-consul-api.tar.gz
 ---> b504ffd9a506
Step 25/27 : COPY --from=builder /workspace/hasicorp-hcl.tar.gz licenses/mpl_source/hasicorp-hcl.tar.gz
 ---> 06da9e982ac1
Step 26/27 : COPY --from=builder /openapi/ /openapi/
 ---> c10a69e5e452
Step 27/27 : ENTRYPOINT ["/executor"]
 ---> Running in 6cddc10f2604
Removing intermediate container 6cddc10f2604
 ---> ddc8efb04b4c
Successfully built ddc8efb04b4c
Successfully tagged seldonio/seldon-core-executor:1.2.3-dev
kind load -v 3 docker-image seldonio/seldon-core-executor:1.2.3-dev --name kind
Image: "seldonio/seldon-core-executor:1.2.3-dev" with ID "sha256:ddc8efb04b4c2fef7dc26466e06e76bd4afbcd87d9ea94475851fb7aacbb6883" not present on node "kind-control-plane"
Image: "seldonio/seldon-core-executor:1.2.3-dev" with ID "sha256:ddc8efb04b4c2fef7dc26466e06e76bd4afbcd87d9ea94475851fb7aacbb6883" not present on node "kind-worker"
make[1]: Leaving directory '/workspace/source/executor'
Build test models
make -C ../docker/fixed-model kind_load_images
make[1]: Entering directory '/workspace/source/testing/docker/fixed-model'
s2i build -E environment_rest_v1 . seldonio/seldon-core-s2i-python3:0.15 seldonio/fixed-model:0.1
---> Installing application source...
Build completed successfully
s2i build -E environment_rest_v2 . seldonio/seldon-core-s2i-python3:0.15 seldonio/fixed-model:0.2
---> Installing application source...
Build completed successfully
kind load -v 3 docker-image seldonio/fixed-model:0.1
Image: "seldonio/fixed-model:0.1" with ID "sha256:4b9ca0536f0880bb2ee301543281f0448f5d0969500b225bc7fc9f58356f0f20" not present on node "kind-control-plane"
Image: "seldonio/fixed-model:0.1" with ID "sha256:4b9ca0536f0880bb2ee301543281f0448f5d0969500b225bc7fc9f58356f0f20" not present on node "kind-worker"
kind load -v 3 docker-image seldonio/fixed-model:0.2
Image: "seldonio/fixed-model:0.2" with ID "sha256:b05e3bc35510702286cd7722fb4854aee5b915b3545fd6a51371fc26d02c026d" not present on node "kind-control-plane"
Image: "seldonio/fixed-model:0.2" with ID "sha256:b05e3bc35510702286cd7722fb4854aee5b915b3545fd6a51371fc26d02c026d" not present on node "kind-worker"
make[1]: Leaving directory '/workspace/source/testing/docker/fixed-model'
make -C ../docker/echo-model kind_load_image
make[1]: Entering directory '/workspace/source/testing/docker/echo-model'
s2i build \
	-E environment_rest \
	.\
	seldonio/seldon-core-s2i-python3:1.1.1-SNAPSHOT\
	seldonio/echo-model:0.1
---> Installing application source...
Build completed successfully
kind load -v 3 docker-image seldonio/echo-model:0.1
Image: "seldonio/echo-model:0.1" with ID "sha256:77fc3f3facab0075a8053e9c1622562f40510bfdf8789f1a6263463c2e40271f" not present on node "kind-control-plane"
Image: "seldonio/echo-model:0.1" with ID "sha256:77fc3f3facab0075a8053e9c1622562f40510bfdf8789f1a6263463c2e40271f" not present on node "kind-worker"
make[1]: Leaving directory '/workspace/source/testing/docker/echo-model'
Files changed in prepackaged folder:
SKIPPING PREPACKAGED IMAGE BUILD...
Files changed in alibi folder:
SKIPPING ALIBI IMAGE BUILD...
Files changed in misc folders:
SKIPPING MISC IMAGE BUILD...
kubectl create namespace seldon || echo "Namespace seldon already exists"
namespace/seldon created
kubectl create namespace test1 || echo "Namespace test1 already exists"
namespace/test1 created
helm repo add stable https://kubernetes-charts.storage.googleapis.com/
"stable" has been added to your repositories
helm repo add seldonio https://storage.googleapis.com/seldon-charts
"seldonio" has been added to your repositories
helm repo add jaegertracing https://jaegertracing.github.io/helm-charts
"jaegertracing" has been added to your repositories
helm repo add datawire https://www.getambassador.io
"datawire" has been added to your repositories
helm repo update
Hang tight while we grab the latest from your chart repositories...
...Successfully got an update from the "jaegertracing" chart repository
...Successfully got an update from the "seldonio" chart repository
...Successfully got an update from the "datawire" chart repository
...Successfully got an update from the "stable" chart repository
Update Complete. âŽˆ Happy Helming!âŽˆ 
helm install ambassador \
	datawire/ambassador \
	-f ../resources/ambassador_values.yaml \
	--set image.repository=quay.io/datawire/ambassador \
	--set crds.keep=false \
	--set enableAES=false \
	--namespace seldon \
	--set replicaCount=1 \
	--wait
manifest_sorter.go:192: info: skipping unknown hook: "crd-install"
manifest_sorter.go:192: info: skipping unknown hook: "crd-install"
manifest_sorter.go:192: info: skipping unknown hook: "crd-install"
manifest_sorter.go:192: info: skipping unknown hook: "crd-install"
manifest_sorter.go:192: info: skipping unknown hook: "crd-install"
manifest_sorter.go:192: info: skipping unknown hook: "crd-install"
manifest_sorter.go:192: info: skipping unknown hook: "crd-install"
manifest_sorter.go:192: info: skipping unknown hook: "crd-install"
manifest_sorter.go:192: info: skipping unknown hook: "crd-install"
manifest_sorter.go:192: info: skipping unknown hook: "crd-install"
manifest_sorter.go:192: info: skipping unknown hook: "crd-install"
manifest_sorter.go:192: info: skipping unknown hook: "crd-install"
manifest_sorter.go:192: info: skipping unknown hook: "crd-install"
manifest_sorter.go:192: info: skipping unknown hook: "crd-install"
manifest_sorter.go:192: info: skipping unknown hook: "crd-install"
manifest_sorter.go:192: info: skipping unknown hook: "crd-install"
manifest_sorter.go:192: info: skipping unknown hook: "crd-install"
manifest_sorter.go:192: info: skipping unknown hook: "crd-install"
NAME: ambassador
LAST DEPLOYED: Thu Sep 10 08:50:14 2020
NAMESPACE: seldon
STATUS: deployed
REVISION: 1
NOTES:
-------------------------------------------------------------------------------
  Congratulations! You've successfully installed Ambassador!

-------------------------------------------------------------------------------
To get the IP address of Ambassador, run the following commands:
  export NODE_PORT=$(kubectl get --namespace seldon -o jsonpath="{.spec.ports[0].nodePort}" services ambassador)
  export NODE_IP=$(kubectl get nodes --namespace seldon -o jsonpath="{.items[0].status.addresses[0].address}")
  echo http://$NODE_IP:$NODE_PORT

For help, visit our Slack at https://d6e.co/slack or view the documentation online at https://www.getambassador.io.
kubectl apply -f istio-1.4.2.yaml
clusterrole.rbac.authorization.k8s.io/istio-reader-istio-system created
clusterrolebinding.rbac.authorization.k8s.io/istio-reader-istio-system created
customresourcedefinition.apiextensions.k8s.io/attributemanifests.config.istio.io created
customresourcedefinition.apiextensions.k8s.io/clusterrbacconfigs.rbac.istio.io created
customresourcedefinition.apiextensions.k8s.io/destinationrules.networking.istio.io created
customresourcedefinition.apiextensions.k8s.io/envoyfilters.networking.istio.io created
customresourcedefinition.apiextensions.k8s.io/gateways.networking.istio.io created
customresourcedefinition.apiextensions.k8s.io/httpapispecbindings.config.istio.io created
customresourcedefinition.apiextensions.k8s.io/httpapispecs.config.istio.io created
customresourcedefinition.apiextensions.k8s.io/meshpolicies.authentication.istio.io created
customresourcedefinition.apiextensions.k8s.io/policies.authentication.istio.io created
customresourcedefinition.apiextensions.k8s.io/quotaspecbindings.config.istio.io created
customresourcedefinition.apiextensions.k8s.io/quotaspecs.config.istio.io created
customresourcedefinition.apiextensions.k8s.io/rbacconfigs.rbac.istio.io created
customresourcedefinition.apiextensions.k8s.io/rules.config.istio.io created
customresourcedefinition.apiextensions.k8s.io/serviceentries.networking.istio.io created
customresourcedefinition.apiextensions.k8s.io/servicerolebindings.rbac.istio.io created
customresourcedefinition.apiextensions.k8s.io/serviceroles.rbac.istio.io created
customresourcedefinition.apiextensions.k8s.io/virtualservices.networking.istio.io created
customresourcedefinition.apiextensions.k8s.io/adapters.config.istio.io created
customresourcedefinition.apiextensions.k8s.io/instances.config.istio.io created
customresourcedefinition.apiextensions.k8s.io/templates.config.istio.io created
customresourcedefinition.apiextensions.k8s.io/handlers.config.istio.io created
customresourcedefinition.apiextensions.k8s.io/sidecars.networking.istio.io created
customresourcedefinition.apiextensions.k8s.io/authorizationpolicies.security.istio.io created
namespace/istio-system created
serviceaccount/istio-reader-service-account created
clusterrole.rbac.authorization.k8s.io/istio-citadel-istio-system created
clusterrolebinding.rbac.authorization.k8s.io/istio-citadel-istio-system created
deployment.apps/istio-citadel created
poddisruptionbudget.policy/istio-citadel created
service/istio-citadel created
serviceaccount/istio-citadel-service-account created
deployment.apps/istio-egressgateway created
poddisruptionbudget.policy/istio-egressgateway created
gateway.networking.istio.io/istio-multicluster-egressgateway created
virtualservice.networking.istio.io/istio-multicluster-egressgateway created
envoyfilter.networking.istio.io/istio-multicluster-egressgateway created
destinationrule.networking.istio.io/istio-multicluster-destinationrule created
service/istio-egressgateway created
role.rbac.authorization.k8s.io/istio-egressgateway-sds created
rolebinding.rbac.authorization.k8s.io/istio-egressgateway-sds created
serviceaccount/istio-egressgateway-service-account created
clusterrole.rbac.authorization.k8s.io/istio-galley-istio-system created
clusterrolebinding.rbac.authorization.k8s.io/istio-galley-*****-role-binding-istio-system created
configmap/istio-mesh-galley created
configmap/istio-galley-configuration created
deployment.apps/istio-galley created
poddisruptionbudget.policy/istio-galley created
service/istio-galley created
serviceaccount/istio-galley-service-account created
configmap/istio-grafana-configuration-dashboards-citadel-dashboard created
configmap/istio-grafana-configuration-dashboards-galley-dashboard created
configmap/istio-grafana-configuration-dashboards-istio-mesh-dashboard created
configmap/istio-grafana-configuration-dashboards-istio-performance-dashboard created
configmap/istio-grafana-configuration-dashboards-istio-service-dashboard created
configmap/istio-grafana-configuration-dashboards-istio-workload-dashboard created
configmap/istio-grafana-configuration-dashboards-mixer-dashboard created
configmap/istio-grafana-configuration-dashboards-pilot-dashboard created
configmap/istio-grafana created
deployment.apps/grafana created
policy.authentication.istio.io/grafana-ports-mtls-disabled created
service/grafana created
deployment.apps/istio-ingressgateway created
gateway.networking.istio.io/ingressgateway created
poddisruptionbudget.policy/ingressgateway created
service/istio-ingressgateway created
serviceaccount/istio-ingressgateway-service-account created
sidecar.networking.istio.io/default created
clusterrole.rbac.authorization.k8s.io/istio-sidecar-injector-istio-system created
clusterrolebinding.rbac.authorization.k8s.io/istio-sidecar-injector-*****-role-binding-istio-system created
configmap/injector-mesh created
deployment.apps/istio-sidecar-injector created
mutatingwebhookconfiguration.admissionregistration.k8s.io/istio-sidecar-injector created
poddisruptionbudget.policy/istio-sidecar-injector created
service/istio-sidecar-injector created
serviceaccount/istio-sidecar-injector-service-account created
configmap/istio-sidecar-injector created
clusterrole.rbac.authorization.k8s.io/kiali created
clusterrole.rbac.authorization.k8s.io/kiali-viewer created
clusterrolebinding.rbac.authorization.k8s.io/kiali created
configmap/kiali created
secret/kiali created
deployment.apps/kiali created
service/kiali created
serviceaccount/kiali-service-account created
clusterrole.rbac.authorization.k8s.io/istio-pilot-istio-system created
clusterrolebinding.rbac.authorization.k8s.io/istio-pilot-istio-system created
configmap/pilot-envoy-config created
configmap/istio created
deployment.apps/istio-pilot created
meshpolicy.authentication.istio.io/default created
poddisruptionbudget.policy/istio-pilot created
service/istio-pilot created
serviceaccount/istio-pilot-service-account created
clusterrole.rbac.authorization.k8s.io/istio-policy created
clusterrolebinding.rbac.authorization.k8s.io/istio-policy-*****-role-binding-istio-system created
destinationrule.networking.istio.io/istio-policy created
deployment.apps/istio-policy created
poddisruptionbudget.policy/istio-policy created
service/istio-policy created
serviceaccount/istio-policy-service-account created
clusterrole.rbac.authorization.k8s.io/prometheus-istio-system created
clusterrolebinding.rbac.authorization.k8s.io/prometheus-istio-system created
configmap/prometheus created
deployment.apps/prometheus created
service/prometheus created
serviceaccount/prometheus created
horizontalpodautoscaler.autoscaling/istio-telemetry created
clusterrole.rbac.authorization.k8s.io/istio-mixer-istio-system created
clusterrolebinding.rbac.authorization.k8s.io/istio-mixer-*****-role-binding-istio-system created
attributemanifest.config.istio.io/istioproxy created
attributemanifest.config.istio.io/kubernetes created
handler.config.istio.io/stdio created
instance.config.istio.io/accesslog created
instance.config.istio.io/tcpaccesslog created
rule.config.istio.io/stdio created
rule.config.istio.io/stdiotcp created
instance.config.istio.io/requestcount created
instance.config.istio.io/requestduration created
instance.config.istio.io/requestsize created
instance.config.istio.io/responsesize created
instance.config.istio.io/tcpbytesent created
instance.config.istio.io/tcpbytereceived created
instance.config.istio.io/tcpconnectionsopened created
instance.config.istio.io/tcpconnectionsclosed created
handler.config.istio.io/prometheus created
rule.config.istio.io/promhttp created
rule.config.istio.io/promtcp created
rule.config.istio.io/promtcpconnectionopen created
rule.config.istio.io/promtcpconnectionclosed created
handler.config.istio.io/kubernetesenv created
rule.config.istio.io/kubeattrgenrulerule created
rule.config.istio.io/tcpkubeattrgenrulerule created
instance.config.istio.io/attributes created
destinationrule.networking.istio.io/istio-telemetry created
configmap/telemetry-envoy-config created
deployment.apps/istio-telemetry created
poddisruptionbudget.policy/istio-telemetry created
service/istio-telemetry created
serviceaccount/istio-mixer-service-account created
deployment.apps/istio-tracing created
service/jaeger-query created
service/jaeger-collector created
service/jaeger-agent created
service/zipkin created
service/tracing created
kubectl rollout status deployment.apps/istio-ingressgateway -n istio-system
Waiting for deployment "istio-ingressgateway" rollout to finish: 0 of 1 updated replicas are available...
deployment "istio-ingressgateway" successfully rolled out
kubectl rollout status deployment.apps/istio-pilot -n istio-system
deployment "istio-pilot" successfully rolled out
kubectl rollout status deployment.apps/istio-citadel -n istio-system
deployment "istio-citadel" successfully rolled out
kubectl create -f ../resources/seldon-gateway.yaml -n istio-system
gateway.networking.istio.io/seldon-gateway created
helm install jaeger-operator \
	jaegertracing/jaeger-operator \
	--set rbac.clusterRole=true \
	--namespace seldon \
	--wait
manifest_sorter.go:192: info: skipping unknown hook: "crd-install"
NAME: jaeger-operator
LAST DEPLOYED: Thu Sep 10 08:53:04 2020
NAMESPACE: seldon
STATUS: deployed
REVISION: 1
TEST SUITE: None
NOTES:
jaeger-operator is installed.


Check the jaeger-operator logs
  export POD=$(kubectl get pods-l app.kubernetes.io/instance=jaeger-operator -lapp.kubernetes.io/name=jaeger-operator --namespace seldon --output name)
  kubectl logs $POD --namespace=seldon
kubectl apply -f ../resources/jaeger.yaml --namespace seldon
jaeger.jaegertracing.io/jaeger created
mapping.getambassador.io/jaeger created
cd ../../operator && make install-cert-manager
make[1]: Entering directory '/workspace/source/operator'
kubectl create namespace cert-manager || echo "Namespace cert-manager-exists"
namespace/cert-manager created
kubectl label namespace cert-manager cert-manager.io/disable-validation=true || echo "namespace cert-manager-already labelled"
namespace/cert-manager labeled
kubectl apply --validate=false -f https://github.com/jetstack/cert-manager/releases/download/v0.12.0/cert-manager.yaml
customresourcedefinition.apiextensions.k8s.io/certificaterequests.cert-manager.io created
customresourcedefinition.apiextensions.k8s.io/certificates.cert-manager.io created
customresourcedefinition.apiextensions.k8s.io/challenges.acme.cert-manager.io created
customresourcedefinition.apiextensions.k8s.io/clusterissuers.cert-manager.io created
customresourcedefinition.apiextensions.k8s.io/issuers.cert-manager.io created
customresourcedefinition.apiextensions.k8s.io/orders.acme.cert-manager.io created
Warning: kubectl apply should be used on resource created by either kubectl create --save-config or kubectl apply
namespace/cert-manager configured
serviceaccount/cert-manager-cainjector created
serviceaccount/cert-manager created
serviceaccount/cert-manager-webhook created
clusterrole.rbac.authorization.k8s.io/cert-manager-cainjector created
clusterrolebinding.rbac.authorization.k8s.io/cert-manager-cainjector created
role.rbac.authorization.k8s.io/cert-manager-cainjector:leaderelection created
rolebinding.rbac.authorization.k8s.io/cert-manager-cainjector:leaderelection created
clusterrolebinding.rbac.authorization.k8s.io/cert-manager-webhook:auth-delegator created
rolebinding.rbac.authorization.k8s.io/cert-manager-webhook:webhook-authentication-reader created
clusterrole.rbac.authorization.k8s.io/cert-manager-webhook:webhook-requester created
role.rbac.authorization.k8s.io/cert-manager:leaderelection created
rolebinding.rbac.authorization.k8s.io/cert-manager:leaderelection created
clusterrole.rbac.authorization.k8s.io/cert-manager-controller-issuers created
clusterrole.rbac.authorization.k8s.io/cert-manager-controller-clusterissuers created
clusterrole.rbac.authorization.k8s.io/cert-manager-controller-certificates created
clusterrole.rbac.authorization.k8s.io/cert-manager-controller-orders created
clusterrole.rbac.authorization.k8s.io/cert-manager-controller-challenges created
clusterrole.rbac.authorization.k8s.io/cert-manager-controller-ingress-shim created
clusterrolebinding.rbac.authorization.k8s.io/cert-manager-controller-issuers created
clusterrolebinding.rbac.authorization.k8s.io/cert-manager-controller-clusterissuers created
clusterrolebinding.rbac.authorization.k8s.io/cert-manager-controller-certificates created
clusterrolebinding.rbac.authorization.k8s.io/cert-manager-controller-orders created
clusterrolebinding.rbac.authorization.k8s.io/cert-manager-controller-challenges created
clusterrolebinding.rbac.authorization.k8s.io/cert-manager-controller-ingress-shim created
clusterrole.rbac.authorization.k8s.io/cert-manager-view created
clusterrole.rbac.authorization.k8s.io/cert-manager-edit created
service/cert-manager created
service/cert-manager-webhook created
deployment.apps/cert-manager-cainjector created
deployment.apps/cert-manager created
deployment.apps/cert-manager-webhook created
mutatingwebhookconfiguration.admissionregistration.k8s.io/cert-manager-webhook created
validatingwebhookconfiguration.admissionregistration.k8s.io/cert-manager-webhook created
kubectl rollout status deployment.apps/cert-manager -n cert-manager
Waiting for deployment "cert-manager" rollout to finish: 0 of 1 updated replicas are available...
deployment "cert-manager" successfully rolled out
kubectl rollout status deployment.apps/cert-manager-cainjector -n cert-manager
deployment "cert-manager-cainjector" successfully rolled out
kubectl rollout status deployment.apps/cert-manager-webhook -n cert-manager
Waiting for deployment "cert-manager-webhook" rollout to finish: 0 of 1 updated replicas are available...
deployment "cert-manager-webhook" successfully rolled out
make[1]: Leaving directory '/workspace/source/operator'
sleep 5 #https://github.com/jetstack/cert-manager/issues/2273
kubectl create namespace seldon-system || echo "namespace seldon-system exists"
namespace/seldon-system created
helm delete seldon --namespace seldon-system || echo "seldon-core not installed"
Error: uninstall: Release not loaded: seldon: release: not found
seldon-core not installed
helm install seldon \
	../../helm-charts/seldon-core-operator \
	--namespace seldon-system \
	--set istio.enabled=true \
	--set istio.gateway=istio-system/seldon-gateway \
	--set certManager.enabled=false \
	--set executor.enabled="true" \
	--wait
NAME: seldon
LAST DEPLOYED: Thu Sep 10 08:53:48 2020
NAMESPACE: seldon-system
STATUS: deployed
REVISION: 1
TEST SUITE: None
kubectl config set-context $(kubectl config current-context) --namespace=seldon
Context "kind-kind" modified.
kubectl apply -f metrics.yaml
clusterrole.rbac.authorization.k8s.io/system:aggregated-metrics-reader created
clusterrolebinding.rbac.authorization.k8s.io/metrics-server:system:auth-delegator created
rolebinding.rbac.authorization.k8s.io/metrics-server-auth-reader created
apiservice.apiregistration.k8s.io/v1beta1.metrics.k8s.io created
serviceaccount/metrics-server created
deployment.apps/metrics-server created
service/metrics-server created
clusterrole.rbac.authorization.k8s.io/system:metrics-server created
clusterrolebinding.rbac.authorization.k8s.io/system:metrics-server created
make: Entering directory '/workspace/source/python'
pip install -e . -r requirements-dev.txt
Obtaining file:///workspace/source/python
Collecting black==19.10b0
  Downloading black-19.10b0-py36-none-any.whl (97 kB)
Collecting flake8==3.8.1
  Downloading flake8-3.8.1-py2.py3-none-any.whl (72 kB)
Collecting mypy<0.783
  Downloading mypy-0.782-cp36-cp36m-manylinux1_x86_64.whl (20.8 MB)
Requirement already satisfied: Pillow==7.2.0 in /usr/local/lib/python3.6/site-packages (from -r requirements-dev.txt (line 5)) (7.2.0)
Collecting pytest==5.4.2
  Downloading pytest-5.4.2-py3-none-any.whl (247 kB)
Collecting pytest-cov==2.10.1
  Downloading pytest_cov-2.10.1-py2.py3-none-any.whl (19 kB)
Collecting tox<4.0.0
  Downloading tox-3.20.0-py2.py3-none-any.whl (83 kB)
Requirement already satisfied: grpcio-tools==1.31.0 in /usr/local/lib/python3.6/site-packages (from -r requirements-dev.txt (line 9)) (1.31.0)
Collecting mypy-protobuf==1.22
  Downloading mypy_protobuf-1.22-py3-none-any.whl (7.5 kB)
Collecting tenacity==6.2.0
  Downloading tenacity-6.2.0-py2.py3-none-any.whl (24 kB)
Collecting coverage==5.2
  Downloading coverage-5.2-cp36-cp36m-manylinux1_x86_64.whl (229 kB)
Collecting pandas==1.1.0
  Downloading pandas-1.1.0-cp36-cp36m-manylinux1_x86_64.whl (10.5 MB)
Collecting pip-licenses==2.3.0
  Downloading pip_licenses-2.3.0-py3-none-any.whl (14 kB)
Collecting Flask<2.0.0
  Downloading Flask-1.1.2-py2.py3-none-any.whl (94 kB)
Requirement already satisfied: jsonschema<4.0.0 in /usr/local/lib/python3.6/site-packages (from seldon-core==1.2.3.dev0) (3.2.0)
Collecting Flask-cors<4.0.0
  Downloading Flask_Cors-3.0.9-py2.py3-none-any.whl (14 kB)
Collecting redis<4.0.0
  Downloading redis-3.5.3-py2.py3-none-any.whl (72 kB)
Requirement already satisfied: requests<3.0.0 in /usr/local/lib/python3.6/site-packages (from seldon-core==1.2.3.dev0) (2.24.0)
Requirement already satisfied: numpy<2.0.0 in /usr/local/lib/python3.6/site-packages (from seldon-core==1.2.3.dev0) (1.19.1)
Collecting flatbuffers<2.0.0
  Downloading flatbuffers-1.12-py2.py3-none-any.whl (15 kB)
Requirement already satisfied: protobuf<4.0.0 in /usr/local/lib/python3.6/site-packages (from seldon-core==1.2.3.dev0) (3.13.0)
Requirement already satisfied: grpcio<2.0.0 in /usr/local/lib/python3.6/site-packages (from seldon-core==1.2.3.dev0) (1.31.0)
Collecting Flask-OpenTracing<1.2.0,>=1.1.0
  Downloading Flask-OpenTracing-1.1.0.tar.gz (8.2 kB)
Collecting opentracing<2.4.0,>=2.2.0
  Downloading opentracing-2.3.0.tar.gz (48 kB)
Collecting jaeger-client<4.4.0,>=4.1.0
  Downloading jaeger-client-4.3.0.tar.gz (81 kB)
Collecting grpcio-opentracing<1.2.0,>=1.1.4
  Downloading grpcio_opentracing-1.1.4-py3-none-any.whl (14 kB)
Requirement already satisfied: PyYAML<5.4 in /usr/local/lib/python3.6/site-packages (from seldon-core==1.2.3.dev0) (5.3.1)
Collecting gunicorn<20.1.0,>=19.9.0
  Downloading gunicorn-20.0.4-py2.py3-none-any.whl (77 kB)
Requirement already satisfied: setuptools>=41.0.0 in /usr/local/lib/python3.6/site-packages (from seldon-core==1.2.3.dev0) (50.3.0)
Requirement already satisfied: prometheus_client<0.9.0,>=0.7.1 in /usr/local/lib/python3.6/site-packages (from seldon-core==1.2.3.dev0) (0.8.0)
Collecting appdirs
  Downloading appdirs-1.4.4-py2.py3-none-any.whl (9.6 kB)
Requirement already satisfied: attrs>=18.1.0 in /usr/local/lib/python3.6/site-packages (from black==19.10b0->-r requirements-dev.txt (line 2)) (20.2.0)
Collecting typed-ast>=1.4.0
  Downloading typed_ast-1.4.1-cp36-cp36m-manylinux1_x86_64.whl (737 kB)
Collecting regex
  Downloading regex-2020.7.14-cp36-cp36m-manylinux2010_x86_64.whl (660 kB)
Collecting click>=6.5
  Downloading click-7.1.2-py2.py3-none-any.whl (82 kB)
Collecting toml>=0.9.4
  Downloading toml-0.10.1-py2.py3-none-any.whl (19 kB)
Collecting pathspec<1,>=0.6
  Downloading pathspec-0.8.0-py2.py3-none-any.whl (28 kB)
Collecting mccabe<0.7.0,>=0.6.0
  Downloading mccabe-0.6.1-py2.py3-none-any.whl (8.6 kB)
Requirement already satisfied: importlib-metadata; python_version < "3.8" in /usr/local/lib/python3.6/site-packages (from flake8==3.8.1->-r requirements-dev.txt (line 3)) (1.7.0)
Collecting pyflakes<2.3.0,>=2.2.0
  Downloading pyflakes-2.2.0-py2.py3-none-any.whl (66 kB)
Collecting pycodestyle<2.7.0,>=2.6.0a1
  Downloading pycodestyle-2.6.0-py2.py3-none-any.whl (41 kB)
Requirement already satisfied: typing-extensions>=3.7.4 in /usr/local/lib/python3.6/site-packages (from mypy<0.783->-r requirements-dev.txt (line 4)) (3.7.4.3)
Collecting mypy-extensions<0.5.0,>=0.4.3
  Downloading mypy_extensions-0.4.3-py2.py3-none-any.whl (4.5 kB)
Requirement already satisfied: wcwidth in /usr/local/lib/python3.6/site-packages (from pytest==5.4.2->-r requirements-dev.txt (line 6)) (0.2.5)
Requirement already satisfied: py>=1.5.0 in /usr/local/lib/python3.6/site-packages (from pytest==5.4.2->-r requirements-dev.txt (line 6)) (1.9.0)
Requirement already satisfied: packaging in /usr/local/lib/python3.6/site-packages (from pytest==5.4.2->-r requirements-dev.txt (line 6)) (20.4)
Requirement already satisfied: pluggy<1.0,>=0.12 in /usr/local/lib/python3.6/site-packages (from pytest==5.4.2->-r requirements-dev.txt (line 6)) (0.13.1)
Requirement already satisfied: more-itertools>=4.0.0 in /usr/local/lib/python3.6/site-packages (from pytest==5.4.2->-r requirements-dev.txt (line 6)) (8.5.0)
Requirement already satisfied: six>=1.14.0 in /usr/local/lib/python3.6/site-packages (from tox<4.0.0->-r requirements-dev.txt (line 8)) (1.15.0)
Collecting virtualenv!=20.0.0,!=20.0.1,!=20.0.2,!=20.0.3,!=20.0.4,!=20.0.5,!=20.0.6,!=20.0.7,>=16.0.0
  Downloading virtualenv-20.0.31-py2.py3-none-any.whl (4.9 MB)
Collecting filelock>=3.0.0
  Downloading filelock-3.0.12-py3-none-any.whl (7.6 kB)
Requirement already satisfied: python-dateutil>=2.7.3 in /usr/local/lib/python3.6/site-packages (from pandas==1.1.0->-r requirements-dev.txt (line 19)) (2.8.1)
Requirement already satisfied: pytz>=2017.2 in /usr/local/lib/python3.6/site-packages (from pandas==1.1.0->-r requirements-dev.txt (line 19)) (2020.1)
Collecting PTable
  Downloading PTable-0.9.2.tar.gz (31 kB)
Collecting itsdangerous>=0.24
  Downloading itsdangerous-1.1.0-py2.py3-none-any.whl (16 kB)
Requirement already satisfied: Werkzeug>=0.15 in /usr/local/lib/python3.6/site-packages (from Flask<2.0.0->seldon-core==1.2.3.dev0) (1.0.1)
Requirement already satisfied: Jinja2>=2.10.1 in /usr/local/lib/python3.6/site-packages (from Flask<2.0.0->seldon-core==1.2.3.dev0) (2.11.2)
Requirement already satisfied: pyrsistent>=0.14.0 in /usr/local/lib/python3.6/site-packages (from jsonschema<4.0.0->seldon-core==1.2.3.dev0) (0.16.0)
Requirement already satisfied: urllib3!=1.25.0,!=1.25.1,<1.26,>=1.21.1 in /usr/local/lib/python3.6/site-packages (from requests<3.0.0->seldon-core==1.2.3.dev0) (1.25.10)
Requirement already satisfied: chardet<4,>=3.0.2 in /usr/local/lib/python3.6/site-packages (from requests<3.0.0->seldon-core==1.2.3.dev0) (3.0.4)
Requirement already satisfied: certifi>=2017.4.17 in /usr/local/lib/python3.6/site-packages (from requests<3.0.0->seldon-core==1.2.3.dev0) (2020.6.20)
Requirement already satisfied: idna<3,>=2.5 in /usr/local/lib/python3.6/site-packages (from requests<3.0.0->seldon-core==1.2.3.dev0) (2.10)
Collecting threadloop<2,>=1
  Downloading threadloop-1.0.2.tar.gz (4.9 kB)
Collecting thrift
  Downloading thrift-0.13.0.tar.gz (59 kB)
Requirement already satisfied: tornado>=4.3 in /usr/local/lib/python3.6/site-packages (from jaeger-client<4.4.0,>=4.1.0->seldon-core==1.2.3.dev0) (6.0.4)
Requirement already satisfied: zipp>=0.5 in /usr/local/lib/python3.6/site-packages (from importlib-metadata; python_version < "3.8"->flake8==3.8.1->-r requirements-dev.txt (line 3)) (3.1.0)
Requirement already satisfied: pyparsing>=2.0.2 in /usr/local/lib/python3.6/site-packages (from packaging->pytest==5.4.2->-r requirements-dev.txt (line 6)) (2.4.7)
Collecting importlib-resources>=1.0; python_version < "3.7"
  Downloading importlib_resources-3.0.0-py2.py3-none-any.whl (23 kB)
Collecting distlib<1,>=0.3.1
  Downloading distlib-0.3.1-py2.py3-none-any.whl (335 kB)
Requirement already satisfied: MarkupSafe>=0.23 in /usr/local/lib/python3.6/site-packages (from Jinja2>=2.10.1->Flask<2.0.0->seldon-core==1.2.3.dev0) (1.1.1)
Building wheels for collected packages: Flask-OpenTracing, opentracing, jaeger-client, PTable, threadloop, thrift
  Building wheel for Flask-OpenTracing (setup.py): started
  Building wheel for Flask-OpenTracing (setup.py): finished with status 'done'
  Created wheel for Flask-OpenTracing: filename=Flask_OpenTracing-1.1.0-py3-none-any.whl size=9071 sha256=f4ea76616bd4ae61a8ad4131be19ef5629b088128aa16ee5eb5dc5d3912f0380
  Stored in directory: /builder/home/.cache/pip/wheels/ad/4b/2d/24ff0da0a0b53c7c77ce59b843bcceaf644c88703241e59615
  Building wheel for opentracing (setup.py): started
  Building wheel for opentracing (setup.py): finished with status 'done'
  Created wheel for opentracing: filename=opentracing-2.3.0-py3-none-any.whl size=51346 sha256=52164ef982bc11ddcd181146bfe955a0b6da630c2736f0df594ef8b228a1ce30
  Stored in directory: /builder/home/.cache/pip/wheels/d4/53/31/bfca74f038fa9f83eb7de2131555b75ffa9bcbca18d23e5edf
  Building wheel for jaeger-client (setup.py): started
  Building wheel for jaeger-client (setup.py): finished with status 'done'
  Created wheel for jaeger-client: filename=jaeger_client-4.3.0-py3-none-any.whl size=64290 sha256=8a0060c2f80218201966f719fdc05ad83174507c2c0f5df28749dc202eeca5fc
  Stored in directory: /builder/home/.cache/pip/wheels/a8/37/30/d86c970966efbf6da89e8085db50f2be4cf36ca68513eff785
  Building wheel for PTable (setup.py): started
  Building wheel for PTable (setup.py): finished with status 'done'
  Created wheel for PTable: filename=PTable-0.9.2-py3-none-any.whl size=22907 sha256=a0a85f4f993d0764be3f30aabcbdaaa38a03168655564013e1d4fd13f24d0530
  Stored in directory: /builder/home/.cache/pip/wheels/f3/65/67/71f473ec87ea4554d1bdfb1b5128cfe1414c2b113b72a1ee8e
  Building wheel for threadloop (setup.py): started
  Building wheel for threadloop (setup.py): finished with status 'done'
  Created wheel for threadloop: filename=threadloop-1.0.2-py3-none-any.whl size=3425 sha256=585df774921af5b8e842f77b36dd26645b56a8ac607e95eabfdfbfb45c20a9f6
  Stored in directory: /builder/home/.cache/pip/wheels/02/54/65/9f87de48fe8fcaaee30f279973d946ad55f9df56b93b3e78da
  Building wheel for thrift (setup.py): started
  Building wheel for thrift (setup.py): finished with status 'done'
  Created wheel for thrift: filename=thrift-0.13.0-cp36-cp36m-linux_x86_64.whl size=483891 sha256=c393fe7c7211dab3f7f9a971b7e1c1c2497676e772f778248e20dec380f6be96
  Stored in directory: /builder/home/.cache/pip/wheels/e0/38/fc/472fe18756b177b42096961f8bd3ff2dc5c5620ac399fce52d
Successfully built Flask-OpenTracing opentracing jaeger-client PTable threadloop thrift
Installing collected packages: appdirs, typed-ast, regex, click, toml, pathspec, black, mccabe, pyflakes, pycodestyle, flake8, mypy-extensions, mypy, pytest, coverage, pytest-cov, importlib-resources, distlib, filelock, virtualenv, tox, mypy-protobuf, tenacity, pandas, PTable, pip-licenses, itsdangerous, Flask, Flask-cors, redis, flatbuffers, opentracing, Flask-OpenTracing, threadloop, thrift, jaeger-client, grpcio-opentracing, gunicorn, seldon-core
  Attempting uninstall: pytest
    Found existing installation: pytest 5.3.1
    Uninstalling pytest-5.3.1:
      Successfully uninstalled pytest-5.3.1
  Attempting uninstall: coverage
    Found existing installation: coverage 4.5.4
    Uninstalling coverage-4.5.4:
      Successfully uninstalled coverage-4.5.4
  Attempting uninstall: pytest-cov
    Found existing installation: pytest-cov 2.8.1
    Uninstalling pytest-cov-2.8.1:
      Successfully uninstalled pytest-cov-2.8.1
  Attempting uninstall: tenacity
    Found existing installation: tenacity 6.0.0
    Uninstalling tenacity-6.0.0:
      Successfully uninstalled tenacity-6.0.0
  Attempting uninstall: pandas
    Found existing installation: pandas 1.1.1
    Uninstalling pandas-1.1.1:
      Successfully uninstalled pandas-1.1.1
  Running setup.py develop for seldon-core
ERROR: After October 2020 you may experience errors when installing or updating packages. This is because pip will change the way that it resolves dependency conflicts.

We recommend you use --use-feature=2020-resolver to test your packages with the new resolver before it becomes the default.

alibi 0.5.2 requires tensorflow>=2.0, but you'll have tensorflow 1.15.2 which is incompatible.
Successfully installed Flask-1.1.2 Flask-OpenTracing-1.1.0 Flask-cors-3.0.9 PTable-0.9.2 appdirs-1.4.4 black-19.10b0 click-7.1.2 coverage-5.2 distlib-0.3.1 filelock-3.0.12 flake8-3.8.1 flatbuffers-1.12 grpcio-opentracing-1.1.4 gunicorn-20.0.4 importlib-resources-3.0.0 itsdangerous-1.1.0 jaeger-client-4.3.0 mccabe-0.6.1 mypy-0.782 mypy-extensions-0.4.3 mypy-protobuf-1.22 opentracing-2.3.0 pandas-1.1.0 pathspec-0.8.0 pip-licenses-2.3.0 pycodestyle-2.6.0 pyflakes-2.2.0 pytest-5.4.2 pytest-cov-2.10.1 redis-3.5.3 regex-2020.7.14 seldon-core tenacity-6.2.0 threadloop-1.0.2 thrift-0.13.0 toml-0.10.1 tox-3.20.0 typed-ast-1.4.1 virtualenv-20.0.31
WARNING: You are using pip version 20.2.2; however, version 20.2.3 is available.
You should consider upgrading via the '/usr/local/bin/python -m pip install --upgrade pip' command.
make: Leaving directory '/workspace/source/python'
cp ../../proto/prediction.proto ./proto
cd ../../proto/tensorflow && make create_protos
make[1]: Entering directory '/workspace/source/proto/tensorflow'
./create-protos.sh
Downloading proto files for master
make[1]: Leaving directory '/workspace/source/proto/tensorflow'
cp -vr ../../proto/tensorflow/tensorflow .
'../../proto/tensorflow/tensorflow' -> './tensorflow'
'../../proto/tensorflow/tensorflow/core' -> './tensorflow/core'
'../../proto/tensorflow/tensorflow/core/framework' -> './tensorflow/core/framework'
'../../proto/tensorflow/tensorflow/core/framework/types.proto' -> './tensorflow/core/framework/types.proto'
'../../proto/tensorflow/tensorflow/core/framework/resource_handle.proto' -> './tensorflow/core/framework/resource_handle.proto'
'../../proto/tensorflow/tensorflow/core/framework/tensor_shape.proto' -> './tensorflow/core/framework/tensor_shape.proto'
'../../proto/tensorflow/tensorflow/core/framework/tensor.proto' -> './tensorflow/core/framework/tensor.proto'
python -m grpc.tools.protoc -I. --python_out=. --grpc_python_out=. ./proto/prediction.proto
cd ../../notebooks && make build_protos
make[1]: Entering directory '/workspace/source/notebooks'
cd ../proto/tensorflow && make create_protos
make[2]: Entering directory '/workspace/source/proto/tensorflow'
make[2]: Nothing to be done for 'create_protos'.
make[2]: Leaving directory '/workspace/source/proto/tensorflow'
cp -vr ../proto/tensorflow/tensorflow .
'../proto/tensorflow/tensorflow' -> './tensorflow'
'../proto/tensorflow/tensorflow/core' -> './tensorflow/core'
'../proto/tensorflow/tensorflow/core/framework' -> './tensorflow/core/framework'
'../proto/tensorflow/tensorflow/core/framework/types.proto' -> './tensorflow/core/framework/types.proto'
'../proto/tensorflow/tensorflow/core/framework/resource_handle.proto' -> './tensorflow/core/framework/resource_handle.proto'
'../proto/tensorflow/tensorflow/core/framework/tensor_shape.proto' -> './tensorflow/core/framework/tensor_shape.proto'
'../proto/tensorflow/tensorflow/core/framework/tensor.proto' -> './tensorflow/core/framework/tensor.proto'
cp ../proto/prediction.proto ./proto
python -m grpc.tools.protoc -I. --python_out=. --grpc_python_out=. ./proto/prediction.proto
make[1]: Leaving directory '/workspace/source/notebooks'
cd ../../proto/k8s && make create_protos
make[1]: Entering directory '/workspace/source/proto/k8s'
./create-k8s-protos.sh
Downloading proto files for master
Munging proto file packages
sed -i.bak 's|import "k8s.io/apiextensions-apiserver/|//import "k8s.io/apiextensions-apiserver/|' k8s.io/api/core/v1/generated.proto
rm k8s.io/api/core/v1/generated.proto.bak
make[1]: Leaving directory '/workspace/source/proto/k8s'
pip install -r dev_requirements.txt
Collecting pytest==5.3.1
  Downloading pytest-5.3.1-py3-none-any.whl (233 kB)
Requirement already satisfied: pytest-xdist==1.30.0 in /usr/local/lib/python3.6/site-packages (from -r dev_requirements.txt (line 2)) (1.30.0)
Collecting pytest-cov==2.8.1
  Downloading pytest_cov-2.8.1-py2.py3-none-any.whl (18 kB)
Requirement already satisfied: flaky==3.6.1 in /usr/local/lib/python3.6/site-packages (from -r dev_requirements.txt (line 4)) (3.6.1)
Collecting tenacity==6.0.0
  Downloading tenacity-6.0.0-py2.py3-none-any.whl (24 kB)
Requirement already satisfied: sh==1.13.1 in /usr/local/lib/python3.6/site-packages (from -r dev_requirements.txt (line 6)) (1.13.1)
Requirement already satisfied: ipython==7.13.0 in /usr/local/lib/python3.6/site-packages (from -r dev_requirements.txt (line 9)) (7.13.0)
Requirement already satisfied: nbconvert==5.6.1 in /usr/local/lib/python3.6/site-packages (from -r dev_requirements.txt (line 10)) (5.6.1)
Requirement already satisfied: alibi==0.5.2 in /usr/local/lib/python3.6/site-packages (from -r dev_requirements.txt (line 11)) (0.5.2)
Requirement already satisfied: matplotlib==3.1.3 in /usr/local/lib/python3.6/site-packages (from -r dev_requirements.txt (line 12)) (3.1.3)
Requirement already satisfied: tensorflow==1.15.2 in /usr/local/lib/python3.6/site-packages (from -r dev_requirements.txt (line 13)) (1.15.2)
Collecting coverage==4.5.4
  Downloading coverage-4.5.4-cp36-cp36m-manylinux1_x86_64.whl (205 kB)
Requirement already satisfied: more-itertools>=4.0.0 in /usr/local/lib/python3.6/site-packages (from pytest==5.3.1->-r dev_requirements.txt (line 1)) (8.5.0)
Requirement already satisfied: py>=1.5.0 in /usr/local/lib/python3.6/site-packages (from pytest==5.3.1->-r dev_requirements.txt (line 1)) (1.9.0)
Requirement already satisfied: importlib-metadata>=0.12; python_version < "3.8" in /usr/local/lib/python3.6/site-packages (from pytest==5.3.1->-r dev_requirements.txt (line 1)) (1.7.0)
Requirement already satisfied: packaging in /usr/local/lib/python3.6/site-packages (from pytest==5.3.1->-r dev_requirements.txt (line 1)) (20.4)
Requirement already satisfied: pluggy<1.0,>=0.12 in /usr/local/lib/python3.6/site-packages (from pytest==5.3.1->-r dev_requirements.txt (line 1)) (0.13.1)
Requirement already satisfied: wcwidth in /usr/local/lib/python3.6/site-packages (from pytest==5.3.1->-r dev_requirements.txt (line 1)) (0.2.5)
Requirement already satisfied: attrs>=17.4.0 in /usr/local/lib/python3.6/site-packages (from pytest==5.3.1->-r dev_requirements.txt (line 1)) (20.2.0)
Requirement already satisfied: execnet>=1.1 in /usr/local/lib/python3.6/site-packages (from pytest-xdist==1.30.0->-r dev_requirements.txt (line 2)) (1.7.1)
Requirement already satisfied: six in /usr/local/lib/python3.6/site-packages (from pytest-xdist==1.30.0->-r dev_requirements.txt (line 2)) (1.15.0)
Requirement already satisfied: pytest-forked in /usr/local/lib/python3.6/site-packages (from pytest-xdist==1.30.0->-r dev_requirements.txt (line 2)) (1.3.0)
Requirement already satisfied: backcall in /usr/local/lib/python3.6/site-packages (from ipython==7.13.0->-r dev_requirements.txt (line 9)) (0.2.0)
Requirement already satisfied: pickleshare in /usr/local/lib/python3.6/site-packages (from ipython==7.13.0->-r dev_requirements.txt (line 9)) (0.7.5)
Requirement already satisfied: setuptools>=18.5 in /usr/local/lib/python3.6/site-packages (from ipython==7.13.0->-r dev_requirements.txt (line 9)) (50.3.0)
Requirement already satisfied: jedi>=0.10 in /usr/local/lib/python3.6/site-packages (from ipython==7.13.0->-r dev_requirements.txt (line 9)) (0.17.2)
Requirement already satisfied: pygments in /usr/local/lib/python3.6/site-packages (from ipython==7.13.0->-r dev_requirements.txt (line 9)) (2.6.1)
Requirement already satisfied: decorator in /usr/local/lib/python3.6/site-packages (from ipython==7.13.0->-r dev_requirements.txt (line 9)) (4.4.2)
Requirement already satisfied: traitlets>=4.2 in /usr/local/lib/python3.6/site-packages (from ipython==7.13.0->-r dev_requirements.txt (line 9)) (4.3.3)
Requirement already satisfied: pexpect; sys_platform != "win32" in /usr/local/lib/python3.6/site-packages (from ipython==7.13.0->-r dev_requirements.txt (line 9)) (4.8.0)
Requirement already satisfied: prompt-toolkit!=3.0.0,!=3.0.1,<3.1.0,>=2.0.0 in /usr/local/lib/python3.6/site-packages (from ipython==7.13.0->-r dev_requirements.txt (line 9)) (3.0.7)
Requirement already satisfied: jinja2>=2.4 in /usr/local/lib/python3.6/site-packages (from nbconvert==5.6.1->-r dev_requirements.txt (line 10)) (2.11.2)
Requirement already satisfied: mistune<2,>=0.8.1 in /usr/local/lib/python3.6/site-packages (from nbconvert==5.6.1->-r dev_requirements.txt (line 10)) (0.8.4)
Requirement already satisfied: entrypoints>=0.2.2 in /usr/local/lib/python3.6/site-packages (from nbconvert==5.6.1->-r dev_requirements.txt (line 10)) (0.3)
Requirement already satisfied: defusedxml in /usr/local/lib/python3.6/site-packages (from nbconvert==5.6.1->-r dev_requirements.txt (line 10)) (0.6.0)
Requirement already satisfied: nbformat>=4.4 in /usr/local/lib/python3.6/site-packages (from nbconvert==5.6.1->-r dev_requirements.txt (line 10)) (5.0.7)
Requirement already satisfied: jupyter-core in /usr/local/lib/python3.6/site-packages (from nbconvert==5.6.1->-r dev_requirements.txt (line 10)) (4.6.3)
Requirement already satisfied: bleach in /usr/local/lib/python3.6/site-packages (from nbconvert==5.6.1->-r dev_requirements.txt (line 10)) (3.1.5)
Requirement already satisfied: pandocfilters>=1.4.1 in /usr/local/lib/python3.6/site-packages (from nbconvert==5.6.1->-r dev_requirements.txt (line 10)) (1.4.2)
Requirement already satisfied: testpath in /usr/local/lib/python3.6/site-packages (from nbconvert==5.6.1->-r dev_requirements.txt (line 10)) (0.4.4)
Requirement already satisfied: shap in /usr/local/lib/python3.6/site-packages (from alibi==0.5.2->-r dev_requirements.txt (line 11)) (0.36.0)
Requirement already satisfied: scikit-learn in /usr/local/lib/python3.6/site-packages (from alibi==0.5.2->-r dev_requirements.txt (line 11)) (0.23.2)
Requirement already satisfied: scikit-image!=0.17.1 in /usr/local/lib/python3.6/site-packages (from alibi==0.5.2->-r dev_requirements.txt (line 11)) (0.17.2)
Requirement already satisfied: requests in /usr/local/lib/python3.6/site-packages (from alibi==0.5.2->-r dev_requirements.txt (line 11)) (2.24.0)
Requirement already satisfied: typing-extensions>=3.7.2 in /usr/local/lib/python3.6/site-packages (from alibi==0.5.2->-r dev_requirements.txt (line 11)) (3.7.4.3)
Requirement already satisfied: scipy in /usr/local/lib/python3.6/site-packages (from alibi==0.5.2->-r dev_requirements.txt (line 11)) (1.5.2)
Requirement already satisfied: beautifulsoup4 in /usr/local/lib/python3.6/site-packages (from alibi==0.5.2->-r dev_requirements.txt (line 11)) (4.9.1)
Requirement already satisfied: spacy[lookups] in /usr/local/lib/python3.6/site-packages (from alibi==0.5.2->-r dev_requirements.txt (line 11)) (2.3.2)
Requirement already satisfied: pandas in /usr/local/lib/python3.6/site-packages (from alibi==0.5.2->-r dev_requirements.txt (line 11)) (1.1.0)
Requirement already satisfied: prettyprinter in /usr/local/lib/python3.6/site-packages (from alibi==0.5.2->-r dev_requirements.txt (line 11)) (0.18.0)
Requirement already satisfied: Pillow in /usr/local/lib/python3.6/site-packages (from alibi==0.5.2->-r dev_requirements.txt (line 11)) (7.2.0)
Requirement already satisfied: numpy in /usr/local/lib/python3.6/site-packages (from alibi==0.5.2->-r dev_requirements.txt (line 11)) (1.19.1)
Requirement already satisfied: cycler>=0.10 in /usr/local/lib/python3.6/site-packages (from matplotlib==3.1.3->-r dev_requirements.txt (line 12)) (0.10.0)
Requirement already satisfied: pyparsing!=2.0.4,!=2.1.2,!=2.1.6,>=2.0.1 in /usr/local/lib/python3.6/site-packages (from matplotlib==3.1.3->-r dev_requirements.txt (line 12)) (2.4.7)
Requirement already satisfied: kiwisolver>=1.0.1 in /usr/local/lib/python3.6/site-packages (from matplotlib==3.1.3->-r dev_requirements.txt (line 12)) (1.2.0)
Requirement already satisfied: python-dateutil>=2.1 in /usr/local/lib/python3.6/site-packages (from matplotlib==3.1.3->-r dev_requirements.txt (line 12)) (2.8.1)
Requirement already satisfied: protobuf>=3.6.1 in /usr/local/lib/python3.6/site-packages (from tensorflow==1.15.2->-r dev_requirements.txt (line 13)) (3.13.0)
Requirement already satisfied: tensorboard<1.16.0,>=1.15.0 in /usr/local/lib/python3.6/site-packages (from tensorflow==1.15.2->-r dev_requirements.txt (line 13)) (1.15.0)
Requirement already satisfied: gast==0.2.2 in /usr/local/lib/python3.6/site-packages (from tensorflow==1.15.2->-r dev_requirements.txt (line 13)) (0.2.2)
Requirement already satisfied: absl-py>=0.7.0 in /usr/local/lib/python3.6/site-packages (from tensorflow==1.15.2->-r dev_requirements.txt (line 13)) (0.10.0)
Requirement already satisfied: astor>=0.6.0 in /usr/local/lib/python3.6/site-packages (from tensorflow==1.15.2->-r dev_requirements.txt (line 13)) (0.8.1)
Requirement already satisfied: wrapt>=1.11.1 in /usr/local/lib/python3.6/site-packages (from tensorflow==1.15.2->-r dev_requirements.txt (line 13)) (1.12.1)
Requirement already satisfied: termcolor>=1.1.0 in /usr/local/lib/python3.6/site-packages (from tensorflow==1.15.2->-r dev_requirements.txt (line 13)) (1.1.0)
Requirement already satisfied: keras-applications>=1.0.8 in /usr/local/lib/python3.6/site-packages (from tensorflow==1.15.2->-r dev_requirements.txt (line 13)) (1.0.8)
Requirement already satisfied: grpcio>=1.8.6 in /usr/local/lib/python3.6/site-packages (from tensorflow==1.15.2->-r dev_requirements.txt (line 13)) (1.31.0)
Requirement already satisfied: keras-preprocessing>=1.0.5 in /usr/local/lib/python3.6/site-packages (from tensorflow==1.15.2->-r dev_requirements.txt (line 13)) (1.1.2)
Requirement already satisfied: opt-einsum>=2.3.2 in /usr/local/lib/python3.6/site-packages (from tensorflow==1.15.2->-r dev_requirements.txt (line 13)) (3.3.0)
Requirement already satisfied: wheel>=0.26; python_version >= "3" in /usr/local/lib/python3.6/site-packages (from tensorflow==1.15.2->-r dev_requirements.txt (line 13)) (0.35.1)
Requirement already satisfied: google-pasta>=0.1.6 in /usr/local/lib/python3.6/site-packages (from tensorflow==1.15.2->-r dev_requirements.txt (line 13)) (0.2.0)
Requirement already satisfied: tensorflow-estimator==1.15.1 in /usr/local/lib/python3.6/site-packages (from tensorflow==1.15.2->-r dev_requirements.txt (line 13)) (1.15.1)
Requirement already satisfied: zipp>=0.5 in /usr/local/lib/python3.6/site-packages (from importlib-metadata>=0.12; python_version < "3.8"->pytest==5.3.1->-r dev_requirements.txt (line 1)) (3.1.0)
Requirement already satisfied: apipkg>=1.4 in /usr/local/lib/python3.6/site-packages (from execnet>=1.1->pytest-xdist==1.30.0->-r dev_requirements.txt (line 2)) (1.5)
Requirement already satisfied: parso<0.8.0,>=0.7.0 in /usr/local/lib/python3.6/site-packages (from jedi>=0.10->ipython==7.13.0->-r dev_requirements.txt (line 9)) (0.7.1)
Requirement already satisfied: ipython-genutils in /usr/local/lib/python3.6/site-packages (from traitlets>=4.2->ipython==7.13.0->-r dev_requirements.txt (line 9)) (0.2.0)
Requirement already satisfied: ptyprocess>=0.5 in /usr/local/lib/python3.6/site-packages (from pexpect; sys_platform != "win32"->ipython==7.13.0->-r dev_requirements.txt (line 9)) (0.6.0)
Requirement already satisfied: MarkupSafe>=0.23 in /usr/local/lib/python3.6/site-packages (from jinja2>=2.4->nbconvert==5.6.1->-r dev_requirements.txt (line 10)) (1.1.1)
Requirement already satisfied: jsonschema!=2.5.0,>=2.4 in /usr/local/lib/python3.6/site-packages (from nbformat>=4.4->nbconvert==5.6.1->-r dev_requirements.txt (line 10)) (3.2.0)
Requirement already satisfied: webencodings in /usr/local/lib/python3.6/site-packages (from bleach->nbconvert==5.6.1->-r dev_requirements.txt (line 10)) (0.5.1)
Requirement already satisfied: tqdm>4.25.0 in /usr/local/lib/python3.6/site-packages (from shap->alibi==0.5.2->-r dev_requirements.txt (line 11)) (4.48.2)
Requirement already satisfied: slicer in /usr/local/lib/python3.6/site-packages (from shap->alibi==0.5.2->-r dev_requirements.txt (line 11)) (0.0.3)
Requirement already satisfied: numba in /usr/local/lib/python3.6/site-packages (from shap->alibi==0.5.2->-r dev_requirements.txt (line 11)) (0.51.2)
Requirement already satisfied: joblib>=0.11 in /usr/local/lib/python3.6/site-packages (from scikit-learn->alibi==0.5.2->-r dev_requirements.txt (line 11)) (0.16.0)
Requirement already satisfied: threadpoolctl>=2.0.0 in /usr/local/lib/python3.6/site-packages (from scikit-learn->alibi==0.5.2->-r dev_requirements.txt (line 11)) (2.1.0)
Requirement already satisfied: PyWavelets>=1.1.1 in /usr/local/lib/python3.6/site-packages (from scikit-image!=0.17.1->alibi==0.5.2->-r dev_requirements.txt (line 11)) (1.1.1)
Requirement already satisfied: tifffile>=2019.7.26 in /usr/local/lib/python3.6/site-packages (from scikit-image!=0.17.1->alibi==0.5.2->-r dev_requirements.txt (line 11)) (2020.9.3)
Requirement already satisfied: imageio>=2.3.0 in /usr/local/lib/python3.6/site-packages (from scikit-image!=0.17.1->alibi==0.5.2->-r dev_requirements.txt (line 11)) (2.9.0)
Requirement already satisfied: networkx>=2.0 in /usr/local/lib/python3.6/site-packages (from scikit-image!=0.17.1->alibi==0.5.2->-r dev_requirements.txt (line 11)) (2.5)
Requirement already satisfied: chardet<4,>=3.0.2 in /usr/local/lib/python3.6/site-packages (from requests->alibi==0.5.2->-r dev_requirements.txt (line 11)) (3.0.4)
Requirement already satisfied: urllib3!=1.25.0,!=1.25.1,<1.26,>=1.21.1 in /usr/local/lib/python3.6/site-packages (from requests->alibi==0.5.2->-r dev_requirements.txt (line 11)) (1.25.10)
Requirement already satisfied: idna<3,>=2.5 in /usr/local/lib/python3.6/site-packages (from requests->alibi==0.5.2->-r dev_requirements.txt (line 11)) (2.10)
Requirement already satisfied: certifi>=2017.4.17 in /usr/local/lib/python3.6/site-packages (from requests->alibi==0.5.2->-r dev_requirements.txt (line 11)) (2020.6.20)
Requirement already satisfied: soupsieve>1.2 in /usr/local/lib/python3.6/site-packages (from beautifulsoup4->alibi==0.5.2->-r dev_requirements.txt (line 11)) (2.0.1)
Requirement already satisfied: srsly<1.1.0,>=1.0.2 in /usr/local/lib/python3.6/site-packages (from spacy[lookups]->alibi==0.5.2->-r dev_requirements.txt (line 11)) (1.0.2)
Requirement already satisfied: preshed<3.1.0,>=3.0.2 in /usr/local/lib/python3.6/site-packages (from spacy[lookups]->alibi==0.5.2->-r dev_requirements.txt (line 11)) (3.0.2)
Requirement already satisfied: catalogue<1.1.0,>=0.0.7 in /usr/local/lib/python3.6/site-packages (from spacy[lookups]->alibi==0.5.2->-r dev_requirements.txt (line 11)) (1.0.0)
Requirement already satisfied: murmurhash<1.1.0,>=0.28.0 in /usr/local/lib/python3.6/site-packages (from spacy[lookups]->alibi==0.5.2->-r dev_requirements.txt (line 11)) (1.0.2)
Requirement already satisfied: blis<0.5.0,>=0.4.0 in /usr/local/lib/python3.6/site-packages (from spacy[lookups]->alibi==0.5.2->-r dev_requirements.txt (line 11)) (0.4.1)
Requirement already satisfied: thinc==7.4.1 in /usr/local/lib/python3.6/site-packages (from spacy[lookups]->alibi==0.5.2->-r dev_requirements.txt (line 11)) (7.4.1)
Requirement already satisfied: wasabi<1.1.0,>=0.4.0 in /usr/local/lib/python3.6/site-packages (from spacy[lookups]->alibi==0.5.2->-r dev_requirements.txt (line 11)) (0.8.0)
Requirement already satisfied: plac<1.2.0,>=0.9.6 in /usr/local/lib/python3.6/site-packages (from spacy[lookups]->alibi==0.5.2->-r dev_requirements.txt (line 11)) (1.1.3)
Requirement already satisfied: cymem<2.1.0,>=2.0.2 in /usr/local/lib/python3.6/site-packages (from spacy[lookups]->alibi==0.5.2->-r dev_requirements.txt (line 11)) (2.0.3)
Requirement already satisfied: spacy-lookups-data<0.4.0,>=0.3.2; extra == "lookups" in /usr/local/lib/python3.6/site-packages (from spacy[lookups]->alibi==0.5.2->-r dev_requirements.txt (line 11)) (0.3.2)
Requirement already satisfied: pytz>=2017.2 in /usr/local/lib/python3.6/site-packages (from pandas->alibi==0.5.2->-r dev_requirements.txt (line 11)) (2020.1)
Requirement already satisfied: colorful>=0.4.0 in /usr/local/lib/python3.6/site-packages (from prettyprinter->alibi==0.5.2->-r dev_requirements.txt (line 11)) (0.5.4)
Requirement already satisfied: werkzeug>=0.11.15 in /usr/local/lib/python3.6/site-packages (from tensorboard<1.16.0,>=1.15.0->tensorflow==1.15.2->-r dev_requirements.txt (line 13)) (1.0.1)
Requirement already satisfied: markdown>=2.6.8 in /usr/local/lib/python3.6/site-packages (from tensorboard<1.16.0,>=1.15.0->tensorflow==1.15.2->-r dev_requirements.txt (line 13)) (3.2.2)
Requirement already satisfied: h5py in /usr/local/lib/python3.6/site-packages (from keras-applications>=1.0.8->tensorflow==1.15.2->-r dev_requirements.txt (line 13)) (2.10.0)
Requirement already satisfied: pyrsistent>=0.14.0 in /usr/local/lib/python3.6/site-packages (from jsonschema!=2.5.0,>=2.4->nbformat>=4.4->nbconvert==5.6.1->-r dev_requirements.txt (line 10)) (0.16.0)
Requirement already satisfied: llvmlite<0.35,>=0.34.0.dev0 in /usr/local/lib/python3.6/site-packages (from numba->shap->alibi==0.5.2->-r dev_requirements.txt (line 11)) (0.34.0)
Installing collected packages: pytest, coverage, pytest-cov, tenacity
  Attempting uninstall: pytest
    Found existing installation: pytest 5.4.2
    Uninstalling pytest-5.4.2:
      Successfully uninstalled pytest-5.4.2
  Attempting uninstall: coverage
    Found existing installation: coverage 5.2
    Uninstalling coverage-5.2:
      Successfully uninstalled coverage-5.2
  Attempting uninstall: pytest-cov
    Found existing installation: pytest-cov 2.10.1
    Uninstalling pytest-cov-2.10.1:
      Successfully uninstalled pytest-cov-2.10.1
  Attempting uninstall: tenacity
    Found existing installation: tenacity 6.2.0
    Uninstalling tenacity-6.2.0:
      Successfully uninstalled tenacity-6.2.0
Successfully installed coverage-4.5.4 pytest-5.3.1 pytest-cov-2.8.1 tenacity-6.0.0
WARNING: You are using pip version 20.2.2; however, version 20.2.3 is available.
You should consider upgrading via the '/usr/local/bin/python -m pip install --upgrade pip' command.
pip install -e ../../python
Obtaining file:///workspace/source/python
Requirement already satisfied: Flask<2.0.0 in /usr/local/lib/python3.6/site-packages (from seldon-core==1.2.3.dev0) (1.1.2)
Requirement already satisfied: jsonschema<4.0.0 in /usr/local/lib/python3.6/site-packages (from seldon-core==1.2.3.dev0) (3.2.0)
Requirement already satisfied: Flask-cors<4.0.0 in /usr/local/lib/python3.6/site-packages (from seldon-core==1.2.3.dev0) (3.0.9)
Requirement already satisfied: redis<4.0.0 in /usr/local/lib/python3.6/site-packages (from seldon-core==1.2.3.dev0) (3.5.3)
Requirement already satisfied: requests<3.0.0 in /usr/local/lib/python3.6/site-packages (from seldon-core==1.2.3.dev0) (2.24.0)
Requirement already satisfied: numpy<2.0.0 in /usr/local/lib/python3.6/site-packages (from seldon-core==1.2.3.dev0) (1.19.1)
Requirement already satisfied: flatbuffers<2.0.0 in /usr/local/lib/python3.6/site-packages (from seldon-core==1.2.3.dev0) (1.12)
Requirement already satisfied: protobuf<4.0.0 in /usr/local/lib/python3.6/site-packages (from seldon-core==1.2.3.dev0) (3.13.0)
Requirement already satisfied: grpcio<2.0.0 in /usr/local/lib/python3.6/site-packages (from seldon-core==1.2.3.dev0) (1.31.0)
Requirement already satisfied: Flask-OpenTracing<1.2.0,>=1.1.0 in /usr/local/lib/python3.6/site-packages (from seldon-core==1.2.3.dev0) (1.1.0)
Requirement already satisfied: opentracing<2.4.0,>=2.2.0 in /usr/local/lib/python3.6/site-packages (from seldon-core==1.2.3.dev0) (2.3.0)
Requirement already satisfied: jaeger-client<4.4.0,>=4.1.0 in /usr/local/lib/python3.6/site-packages (from seldon-core==1.2.3.dev0) (4.3.0)
Requirement already satisfied: grpcio-opentracing<1.2.0,>=1.1.4 in /usr/local/lib/python3.6/site-packages (from seldon-core==1.2.3.dev0) (1.1.4)
Requirement already satisfied: PyYAML<5.4 in /usr/local/lib/python3.6/site-packages (from seldon-core==1.2.3.dev0) (5.3.1)
Requirement already satisfied: gunicorn<20.1.0,>=19.9.0 in /usr/local/lib/python3.6/site-packages (from seldon-core==1.2.3.dev0) (20.0.4)
Requirement already satisfied: setuptools>=41.0.0 in /usr/local/lib/python3.6/site-packages (from seldon-core==1.2.3.dev0) (50.3.0)
Requirement already satisfied: prometheus_client<0.9.0,>=0.7.1 in /usr/local/lib/python3.6/site-packages (from seldon-core==1.2.3.dev0) (0.8.0)
Requirement already satisfied: Werkzeug>=0.15 in /usr/local/lib/python3.6/site-packages (from Flask<2.0.0->seldon-core==1.2.3.dev0) (1.0.1)
Requirement already satisfied: click>=5.1 in /usr/local/lib/python3.6/site-packages (from Flask<2.0.0->seldon-core==1.2.3.dev0) (7.1.2)
Requirement already satisfied: itsdangerous>=0.24 in /usr/local/lib/python3.6/site-packages (from Flask<2.0.0->seldon-core==1.2.3.dev0) (1.1.0)
Requirement already satisfied: Jinja2>=2.10.1 in /usr/local/lib/python3.6/site-packages (from Flask<2.0.0->seldon-core==1.2.3.dev0) (2.11.2)
Requirement already satisfied: six>=1.11.0 in /usr/local/lib/python3.6/site-packages (from jsonschema<4.0.0->seldon-core==1.2.3.dev0) (1.15.0)
Requirement already satisfied: importlib-metadata; python_version < "3.8" in /usr/local/lib/python3.6/site-packages (from jsonschema<4.0.0->seldon-core==1.2.3.dev0) (1.7.0)
Requirement already satisfied: pyrsistent>=0.14.0 in /usr/local/lib/python3.6/site-packages (from jsonschema<4.0.0->seldon-core==1.2.3.dev0) (0.16.0)
Requirement already satisfied: attrs>=17.4.0 in /usr/local/lib/python3.6/site-packages (from jsonschema<4.0.0->seldon-core==1.2.3.dev0) (20.2.0)
Requirement already satisfied: urllib3!=1.25.0,!=1.25.1,<1.26,>=1.21.1 in /usr/local/lib/python3.6/site-packages (from requests<3.0.0->seldon-core==1.2.3.dev0) (1.25.10)
Requirement already satisfied: certifi>=2017.4.17 in /usr/local/lib/python3.6/site-packages (from requests<3.0.0->seldon-core==1.2.3.dev0) (2020.6.20)
Requirement already satisfied: chardet<4,>=3.0.2 in /usr/local/lib/python3.6/site-packages (from requests<3.0.0->seldon-core==1.2.3.dev0) (3.0.4)
Requirement already satisfied: idna<3,>=2.5 in /usr/local/lib/python3.6/site-packages (from requests<3.0.0->seldon-core==1.2.3.dev0) (2.10)
Requirement already satisfied: thrift in /usr/local/lib/python3.6/site-packages (from jaeger-client<4.4.0,>=4.1.0->seldon-core==1.2.3.dev0) (0.13.0)
Requirement already satisfied: threadloop<2,>=1 in /usr/local/lib/python3.6/site-packages (from jaeger-client<4.4.0,>=4.1.0->seldon-core==1.2.3.dev0) (1.0.2)
Requirement already satisfied: tornado>=4.3 in /usr/local/lib/python3.6/site-packages (from jaeger-client<4.4.0,>=4.1.0->seldon-core==1.2.3.dev0) (6.0.4)
Requirement already satisfied: MarkupSafe>=0.23 in /usr/local/lib/python3.6/site-packages (from Jinja2>=2.10.1->Flask<2.0.0->seldon-core==1.2.3.dev0) (1.1.1)
Requirement already satisfied: zipp>=0.5 in /usr/local/lib/python3.6/site-packages (from importlib-metadata; python_version < "3.8"->jsonschema<4.0.0->seldon-core==1.2.3.dev0) (3.1.0)
Installing collected packages: seldon-core
  Attempting uninstall: seldon-core
    Found existing installation: seldon-core 1.2.3.dev0
    Uninstalling seldon-core-1.2.3.dev0:
      Successfully uninstalled seldon-core-1.2.3.dev0
  Running setup.py develop for seldon-core
Successfully installed seldon-core
WARNING: You are using pip version 20.2.2; however, version 20.2.3 is available.
You should consider upgrading via the '/usr/local/bin/python -m pip install --upgrade pip' command.
# Run the core tests in parallel
pytest \
	--verbose \
	-s \
	-W ignore \
	-n "4" \
	-m "not sequential and not notebooks" 2>&1
============================= test session starts ==============================
platform linux -- Python 3.6.10, pytest-5.3.1, py-1.9.0, pluggy-0.13.1 -- /usr/local/bin/python
cachedir: .pytest_cache
rootdir: /workspace/source/testing/scripts, inifile: setup.cfg
plugins: cov-2.8.1, xdist-1.30.0, flaky-3.6.1, forked-1.3.0
gw0 I / gw1 I / gw2 I / gw3 I
[gw0] linux Python 3.6.10 cwd: /workspace/source/testing/scripts
[gw1] linux Python 3.6.10 cwd: /workspace/source/testing/scripts
[gw2] linux Python 3.6.10 cwd: /workspace/source/testing/scripts
[gw3] linux Python 3.6.10 cwd: /workspace/source/testing/scripts
[gw0] Python 3.6.10 (default, Sep  7 2020, 08:27:30)  -- [GCC 8.3.0]
[gw1] Python 3.6.10 (default, Sep  7 2020, 08:27:30)  -- [GCC 8.3.0]
[gw2] Python 3.6.10 (default, Sep  7 2020, 08:27:30)  -- [GCC 8.3.0]
[gw3] Python 3.6.10 (default, Sep  7 2020, 08:27:30)  -- [GCC 8.3.0]
gw0 [33] / gw1 [33] / gw2 [33] / gw3 [33]

scheduling tests via LoadScheduling

test_api_version.py::test_api_version[machinelearning.seldon.io/v1alpha3] 
test_api_version.py::test_api_version[machinelearning.seldon.io/v1] 
test_api_version.py::test_api_version[machinelearning.seldon.io/v1alpha2] 
test_bad_graphs.py::TestBadGraphs::test_duplicate_predictor_name Error from server (SeldonDeployment.machinelearing.seldon.io "dupname" is invalid: [spec.predictors[1]: Invalid value: "mymodel": Duplicate predictor name, spec: Invalid value: "mymodel": Traffic must sum to 100 for multiple predictors]): error when creating "../resources/bad_duplicate_predictor_name.json": admission webhook "v1alpha2.vseldondeployment.kb.io" denied the request: SeldonDeployment.machinelearing.seldon.io "dupname" is invalid: [spec.predictors[1]: Invalid value: "mymodel": Duplicate predictor name, spec: Invalid value: "mymodel": Traffic must sum to 100 for multiple predictors]

[gw3] PASSED test_bad_graphs.py::TestBadGraphs::test_duplicate_predictor_name 
test_helm_charts_clusterwide.py::TestClusterWide::test_single_model Error: uninstall: Release not loaded: mymodel: release: not found

[gw2] PASSED test_api_version.py::test_api_version[machinelearning.seldon.io/v1] Error: uninstall: Release not loaded: mymodel: release: not found

[gw3] PASSED test_helm_charts_clusterwide.py::TestClusterWide::test_single_model Error: uninstall: Release not loaded: mymodel: release: not found

[gw0] PASSED test_api_version.py::test_api_version[machinelearning.seldon.io/v1alpha2] Error: uninstall: Release not loaded: mymodel: release: not found

[gw1] PASSED test_api_version.py::test_api_version[machinelearning.seldon.io/v1alpha3] 
test_batch_processor.py::TestBatchWorker::test_batch_worker 
test_helm_charts_clusterwide.py::TestClusterWide::test_abtest_model 
test_bad_graphs.py::TestBadGraphs::test_model_name_mismatch Error from server (SeldonDeployment.machinelearing.seldon.io "namemismatch" is invalid: spec.predictors[0].graph: Invalid value: "complex-model_bad_name": Can't find container for Predictive Unit): error when creating "../resources/bad_name_mismatch.json": admission webhook "v1alpha2.vseldondeployment.kb.io" denied the request: SeldonDeployment.machinelearing.seldon.io "namemismatch" is invalid: spec.predictors[0].graph: Invalid value: "complex-model_bad_name": Can't find container for Predictive Unit

[gw0] PASSED test_bad_graphs.py::TestBadGraphs::test_model_name_mismatch 
test_local_operators.py::TestLocalOperators::test_labelled_operator Error from server (InternalError): error when creating "../resources/model_controller_id.yaml": Internal error occurred: failed calling webhook "v1alpha2.mseldondeployment.kb.io": Post https://seldon-webhook-service.test-labelled-operator.svc:443/mutate-machinelearning-seldon-io-v1alpha2-seldondeployment?timeout=30s: dial tcp 10.108.236.160:443: connect: connection refused

test_bad_graphs.py::TestBadGraphs::test_model_no_graph Error from server (SeldonDeployment.machinelearing.seldon.io "test-deployment" is invalid: spec.predictors[0].graph: Invalid value: "": Can't find container for Predictive Unit): error when creating "../resources/bad_no_graph.yaml": admission webhook "v1.vseldondeployment.kb.io" denied the request: SeldonDeployment.machinelearing.seldon.io "test-deployment" is invalid: spec.predictors[0].graph: Invalid value: "": Can't find container for Predictive Unit

[gw1] PASSED test_bad_graphs.py::TestBadGraphs::test_model_no_graph 
test_prepackaged_servers.py::TestPrepack::test_tfserving 
[gw0] PASSED test_local_operators.py::TestLocalOperators::test_labelled_operator 
test_prepackaged_servers.py::TestPrepack::test_sklearn Error: uninstall: Release not loaded: myabtest: release: not found

[gw3] PASSED test_helm_charts_clusterwide.py::TestClusterWide::test_abtest_model 
test_helm_charts_clusterwide.py::TestClusterWide::test_mab_model 
[gw2] PASSED test_batch_processor.py::TestBatchWorker::test_batch_worker 
test_local_operators.py::TestLocalOperators::test_namespace_operator 
[gw0] PASSED test_prepackaged_servers.py::TestPrepack::test_sklearn Error: uninstall: Release not loaded: mymab: release: not found

[gw3] PASSED test_helm_charts_clusterwide.py::TestClusterWide::test_mab_model 
[gw1] PASSED test_prepackaged_servers.py::TestPrepack::test_tfserving 
[gw2] PASSED test_local_operators.py::TestLocalOperators::test_namespace_operator 
test_prepackaged_servers.py::TestPrepack::test_mlflow 
test_prepackaged_servers.py::TestPrepack::test_xgboost 
test_prepackaged_servers.py::TestPrepack::test_text_alibi_explainer 
test_prepackaged_servers.py::TestPrepack::test_openapi_sklearn 
[gw1] PASSED test_prepackaged_servers.py::TestPrepack::test_xgboost 
[gw2] PASSED test_prepackaged_servers.py::TestPrepack::test_openapi_sklearn 
test_rolling_updates.py::test_rolling_deployment[graph1.json-graph2.json-True-istio] 
[gw0] PASSED test_prepackaged_servers.py::TestPrepack::test_mlflow 
test_rolling_updates.py::test_rolling_deployment[graph1.json-graph3.json-True-istio] 
test_rolling_updates.py::test_rolling_deployment[graph1.json-graph2.json-True-ambas] 
[gw3] PASSED test_prepackaged_servers.py::TestPrepack::test_text_alibi_explainer 
[gw2] PASSED test_rolling_updates.py::test_rolling_deployment[graph1.json-graph3.json-True-istio] 
test_rolling_updates.py::test_rolling_deployment[graph1.json-graph3.json-True-ambas] 
test_rolling_updates.py::test_rolling_deployment[graph1.json-graph4.json-True-istio] 
test_rolling_updates.py::test_rolling_deployment[graph1.json-graph2.json-True-istio] 
test_rolling_updates.py::test_rolling_deployment[graph1.json-graph2.json-True-ambas] 
[gw3] PASSED test_rolling_updates.py::test_rolling_deployment[graph1.json-graph3.json-True-ambas] 
test_rolling_updates.py::test_rolling_deployment[graph1.json-graph5.json-True-istio] 
[gw2] PASSED test_rolling_updates.py::test_rolling_deployment[graph1.json-graph4.json-True-istio] 
[gw1] PASSED test_rolling_updates.py::test_rolling_deployment[graph1.json-graph2.json-True-istio] 
test_rolling_updates.py::test_rolling_deployment[graph1.json-graph8.json-True-ambas] 
test_rolling_updates.py::test_rolling_deployment[graph1.json-graph4.json-True-ambas] 
[gw3] PASSED test_rolling_updates.py::test_rolling_deployment[graph1.json-graph5.json-True-istio] 
test_rolling_updates.py::test_rolling_deployment[graph1.json-graph2.json-True-ambas] 
test_rolling_updates.py::test_rolling_deployment[graph1.json-graph8.json-True-istio] 
test_rolling_updates.py::test_rolling_deployment[graph1.json-graph4.json-True-ambas] 
test_rolling_updates.py::test_rolling_deployment[graph1.json-graph8.json-True-ambas] 
[gw0] PASSED test_rolling_updates.py::test_rolling_deployment[graph1.json-graph2.json-True-ambas] 
test_rolling_updates.py::test_rolling_deployment[graph1.json-graph5.json-True-ambas] 
[gw3] PASSED test_rolling_updates.py::test_rolling_deployment[graph1.json-graph8.json-True-istio] 
[gw1] PASSED test_rolling_updates.py::test_rolling_deployment[graph1.json-graph4.json-True-ambas] 
test_security.py::test_xss_escaping 
[gw3] PASSED test_security.py::test_xss_escaping 
test_rolling_updates.py::test_rolling_deployment[graph7.json-graph8.json-False-istio] 
test_rolling_updates.py::test_rolling_deployment[graph1.json-graph8.json-True-ambas] 
test_tracing.py::test_tracing_rest 
[gw1] PASSED test_rolling_updates.py::test_rolling_deployment[graph7.json-graph8.json-False-istio] 
[gw3] PASSED test_tracing.py::test_tracing_rest 
test_rolling_updates.py::test_rolling_deployment[graph1.json-graph5.json-True-ambas] 
[gw2] FAILED test_rolling_updates.py::test_rolling_deployment[graph1.json-graph8.json-True-ambas] 
[gw0] PASSED test_rolling_updates.py::test_rolling_deployment[graph1.json-graph5.json-True-ambas] 
test_rolling_updates.py::test_rolling_deployment[graph7.json-graph8.json-False-ambas] 
test_security.py::test_xss_header 
[gw2] PASSED test_rolling_updates.py::test_rolling_deployment[graph7.json-graph8.json-False-ambas] 
[gw0] PASSED test_security.py::test_xss_header 

=================================== FAILURES ===================================
_________ test_rolling_deployment[graph1.json-graph8.json-True-ambas] __________
[gw2] linux -- Python 3.6.10 /usr/local/bin/python

namespace = 'test-rolling-deployment-graph1-json-graph8-json-true-ambas'
api_gateway = 'localhost:8003', from_deployment = 'graph1.json'
to_deployment = 'graph8.json', change = True

    @pytest.mark.flaky(max_runs=3)
    @with_api_gateways
    @pytest.mark.parametrize(
        "from_deployment,to_deployment,change",
        [
            ("graph1.json", "graph2.json", True),  # New image version
            (
                "graph1.json",
                "graph3.json",
                True,
            ),  # New image version and new name of container
            ("graph1.json", "graph4.json", True),  # New resource request but same image
            ("graph1.json", "graph5.json", True),  # Update with multi-deployment new model
            ("graph1.json", "graph8.json", True),  # From v1alpha2 to v1
            ("graph7.json", "graph8.json", False),  # From v1alpha3 to v1
        ],
    )
    def test_rolling_deployment(
        namespace, api_gateway, from_deployment, to_deployment, change
    ):
        from_file_path = to_resources_path(from_deployment)
        retry_run(f"kubectl apply -f {from_file_path} -n {namespace}")
        wait_for_status("mymodel", namespace)
        wait_for_rollout("mymodel", namespace)
        assert_model("mymodel", namespace, initial=True, endpoint=api_gateway)
    
        old_pod_name = get_pod_name_for_sdep("mymodel", namespace)[0]
        to_file_path = to_resources_path(to_deployment)
    
        def _update_model():
            retry_run(f"kubectl apply -f {to_file_path} -n {namespace}")
            if change:
                wait_for_pod_shutdown(old_pod_name, namespace)
            wait_for_status("mymodel", namespace)
            time.sleep(2)  # Wait a little after deployment marked Available
    
>       assert_model_during_op(_update_model, "mymodel", namespace, endpoint=api_gateway)

test_rolling_updates.py:238: 
_ _ _ _ _ _ _ _ _ _ _ _ _ _ _ _ _ _ _ _ _ _ _ _ _ _ _ _ _ _ _ _ _ _ _ _ _ _ _ _ 
seldon_e2e_utils.py:581: in assert_model_during_op
    raise err
seldon_e2e_utils.py:573: in assert_model_during_op
    assert_model(*assert_args, **assert_kwargs)
_ _ _ _ _ _ _ _ _ _ _ _ _ _ _ _ _ _ _ _ _ _ _ _ _ _ _ _ _ _ _ _ _ _ _ _ _ _ _ _ 

sdep_name = 'mymodel'
namespace = 'test-rolling-deployment-graph1-json-graph8-json-true-ambas'
initial = False, endpoint = 'localhost:8003'

    def assert_model(sdep_name, namespace, initial=False, endpoint=API_AMBASSADOR):
        _request = initial_rest_request if initial else rest_request
        r = _request(sdep_name, namespace, endpoint=endpoint)
    
>       assert r is not None
E       AssertionError

seldon_e2e_utils.py:591: AssertionError
------------------------------ Captured log call -------------------------------
WARNING  root:seldon_e2e_utils.py:168 Failed to find status - sleeping
WARNING  root:seldon_e2e_utils.py:168 Failed to find status - sleeping
WARNING  root:seldon_e2e_utils.py:168 Failed to find status - sleeping
WARNING  root:seldon_e2e_utils.py:168 Failed to find status - sleeping
WARNING  root:seldon_e2e_utils.py:168 Failed to find status - sleeping
WARNING  root:seldon_e2e_utils.py:212 Bad status:503
------------------------------ Captured log call -------------------------------
WARNING  root:seldon_e2e_utils.py:168 Failed to find status - sleeping
WARNING  root:seldon_e2e_utils.py:168 Failed to find status - sleeping
WARNING  root:seldon_e2e_utils.py:168 Failed to find status - sleeping
WARNING  root:seldon_e2e_utils.py:168 Failed to find status - sleeping
WARNING  root:seldon_e2e_utils.py:168 Failed to find status - sleeping
WARNING  root:seldon_e2e_utils.py:212 Bad status:503
------------------------------ Captured log call -------------------------------
WARNING  root:seldon_e2e_utils.py:168 Failed to find status - sleeping
WARNING  root:seldon_e2e_utils.py:168 Failed to find status - sleeping
WARNING  root:seldon_e2e_utils.py:168 Failed to find status - sleeping
WARNING  root:seldon_e2e_utils.py:168 Failed to find status - sleeping
WARNING  root:seldon_e2e_utils.py:168 Failed to find status - sleeping
WARNING  root:seldon_e2e_utils.py:212 Bad status:503
===Flaky Test Report===

test_rolling_deployment[graph1.json-graph2.json-True-istio] failed (2 runs remaining out of 3).
	<class 'AssertionError'>
	
	[<TracebackEntry /workspace/source/testing/scripts/test_rolling_updates.py:238>, <TracebackEntry /workspace/source/testing/scripts/seldon_e2e_utils.py:581>, <TracebackEntry /workspace/source/testing/scripts/seldon_e2e_utils.py:573>, <TracebackEntry /workspace/source/testing/scripts/seldon_e2e_utils.py:591>]
test_rolling_deployment[graph1.json-graph2.json-True-istio] passed 1 out of the required 1 times. Success!
test_rolling_deployment[graph1.json-graph4.json-True-ambas] failed (2 runs remaining out of 3).
	<class 'AssertionError'>
	
	[<TracebackEntry /workspace/source/testing/scripts/test_rolling_updates.py:238>, <TracebackEntry /workspace/source/testing/scripts/seldon_e2e_utils.py:581>, <TracebackEntry /workspace/source/testing/scripts/seldon_e2e_utils.py:573>, <TracebackEntry /workspace/source/testing/scripts/seldon_e2e_utils.py:591>]
test_rolling_deployment[graph1.json-graph4.json-True-ambas] passed 1 out of the required 1 times. Success!
test_rolling_deployment[graph7.json-graph8.json-False-istio] passed 1 out of the required 1 times. Success!
test_rolling_deployment[graph1.json-graph3.json-True-ambas] passed 1 out of the required 1 times. Success!
test_rolling_deployment[graph1.json-graph5.json-True-istio] passed 1 out of the required 1 times. Success!
test_rolling_deployment[graph1.json-graph8.json-True-istio] passed 1 out of the required 1 times. Success!
test_rolling_deployment[graph1.json-graph2.json-True-ambas] failed (2 runs remaining out of 3).
	<class 'AssertionError'>
	
	[<TracebackEntry /workspace/source/testing/scripts/test_rolling_updates.py:238>, <TracebackEntry /workspace/source/testing/scripts/seldon_e2e_utils.py:581>, <TracebackEntry /workspace/source/testing/scripts/seldon_e2e_utils.py:573>, <TracebackEntry /workspace/source/testing/scripts/seldon_e2e_utils.py:591>]
test_rolling_deployment[graph1.json-graph2.json-True-ambas] failed (1 runs remaining out of 3).
	<class 'AssertionError'>
	
	[<TracebackEntry /workspace/source/testing/scripts/test_rolling_updates.py:238>, <TracebackEntry /workspace/source/testing/scripts/seldon_e2e_utils.py:581>, <TracebackEntry /workspace/source/testing/scripts/seldon_e2e_utils.py:573>, <TracebackEntry /workspace/source/testing/scripts/seldon_e2e_utils.py:591>]
test_rolling_deployment[graph1.json-graph2.json-True-ambas] passed 1 out of the required 1 times. Success!
test_rolling_deployment[graph1.json-graph5.json-True-ambas] failed (2 runs remaining out of 3).
	<class 'AssertionError'>
	
	[<TracebackEntry /workspace/source/testing/scripts/test_rolling_updates.py:238>, <TracebackEntry /workspace/source/testing/scripts/seldon_e2e_utils.py:581>, <TracebackEntry /workspace/source/testing/scripts/seldon_e2e_utils.py:573>, <TracebackEntry /workspace/source/testing/scripts/seldon_e2e_utils.py:591>]
test_rolling_deployment[graph1.json-graph5.json-True-ambas] passed 1 out of the required 1 times. Success!
test_rolling_deployment[graph1.json-graph3.json-True-istio] passed 1 out of the required 1 times. Success!
test_rolling_deployment[graph1.json-graph4.json-True-istio] passed 1 out of the required 1 times. Success!
test_rolling_deployment[graph1.json-graph8.json-True-ambas] failed (2 runs remaining out of 3).
	<class 'AssertionError'>
	
	[<TracebackEntry /workspace/source/testing/scripts/test_rolling_updates.py:238>, <TracebackEntry /workspace/source/testing/scripts/seldon_e2e_utils.py:581>, <TracebackEntry /workspace/source/testing/scripts/seldon_e2e_utils.py:573>, <TracebackEntry /workspace/source/testing/scripts/seldon_e2e_utils.py:591>]
test_rolling_deployment[graph1.json-graph8.json-True-ambas] failed (1 runs remaining out of 3).
	<class 'AssertionError'>
	
	[<TracebackEntry /workspace/source/testing/scripts/test_rolling_updates.py:238>, <TracebackEntry /workspace/source/testing/scripts/seldon_e2e_utils.py:581>, <TracebackEntry /workspace/source/testing/scripts/seldon_e2e_utils.py:573>, <TracebackEntry /workspace/source/testing/scripts/seldon_e2e_utils.py:591>]
test_rolling_deployment[graph1.json-graph8.json-True-ambas] failed; it passed 0 out of the required 1 times.
	<class 'AssertionError'>
	
	[<TracebackEntry /workspace/source/testing/scripts/test_rolling_updates.py:238>, <TracebackEntry /workspace/source/testing/scripts/seldon_e2e_utils.py:581>, <TracebackEntry /workspace/source/testing/scripts/seldon_e2e_utils.py:573>, <TracebackEntry /workspace/source/testing/scripts/seldon_e2e_utils.py:591>]
test_rolling_deployment[graph7.json-graph8.json-False-ambas] passed 1 out of the required 1 times. Success!

===End Flaky Test Report===
================== 1 failed, 32 passed in 1081.38s (0:18:01) ===================
make: *** [Makefile:130: test_parallel] Error 1
Test returned errors
kind delete cluster
Deleting cluster "kind" ...
Stopping Docker: dockerProgram process in pidfile '/var/run/docker-ssd.pid', 1 process(es), refused to die.
[31m
Pipeline failed on stage 'end-to-end' : container 'step-test-end-to-end'. The execution of the pipeline has stopped.[0m
