
Showing logs for build [32mseldonio-seldon-core-pr-2172-pr-tv8wg-8[0m stage [32mpr-build-comment[0m and container [32mstep-credential-initializer-ggw96[0m
{"level":"info","ts":1595312839.7160947,"logger":"fallback-logger","caller":"logging/config.go:69","msg":"Fetch GitHub commit ID from kodata failed: open /var/run/ko/refs/heads/0.8.0-ns-support: no such file or directory"}
{"level":"info","ts":1595312839.7169561,"logger":"fallback-logger","caller":"creds-init/main.go:40","msg":"Credentials initialized."}

Showing logs for build [32mseldonio-seldon-core-pr-2172-pr-tv8wg-8[0m stage [32mpr-build-comment[0m and container [32mstep-working-dir-initializer-m6cp2[0m
{"level":"info","ts":1595312840.8302987,"logger":"fallback-logger","caller":"logging/config.go:69","msg":"Fetch GitHub commit ID from kodata failed: open /var/run/ko/HEAD: no such file or directory"}
{"level":"info","ts":1595312840.8318431,"logger":"fallback-logger","caller":"bash/main.go:64","msg":"Successfully executed command \"sh -c mkdir -p /workspace/source\"; output "}

Showing logs for build [32mseldonio-seldon-core-pr-2172-pr-tv8wg-8[0m stage [32mpr-build-comment[0m and container [32mstep-place-tools[0m

Showing logs for build [32mseldonio-seldon-core-pr-2172-pr-tv8wg-8[0m stage [32mpr-build-comment[0m and container [32mstep-create-dir-workspace-pdkn4[0m
{"level":"info","ts":1595312849.3213377,"logger":"fallback-logger","caller":"logging/config.go:69","msg":"Fetch GitHub commit ID from kodata failed: open /var/run/ko/HEAD: no such file or directory"}
{"level":"info","ts":1595312849.322901,"logger":"fallback-logger","caller":"bash/main.go:64","msg":"Successfully executed command \"sh -c mkdir -p source\"; output "}

Showing logs for build [32mseldonio-seldon-core-pr-2172-pr-tv8wg-8[0m stage [32mpr-build-comment[0m and container [32mstep-git-source-seldonio-seldon-core-pr-2172-pr-tv8wg-ltxsj[0m
{"level":"info","ts":1595312849.9987233,"logger":"fallback-logger","caller":"logging/config.go:69","msg":"Fetch GitHub commit ID from kodata failed: open /var/run/ko/refs/heads/0.8.0-ns-support: no such file or directory"}
{"level":"info","ts":1595312854.7979522,"logger":"fallback-logger","caller":"git/git.go:103","msg":"Successfully cloned https://github.com/SeldonIO/seldon-core.git @ master in path /workspace/source"}

Showing logs for build [32mseldonio-seldon-core-pr-2172-pr-tv8wg-8[0m stage [32mpr-build-comment[0m and container [32mstep-setup-builder-home[0m

Showing logs for build [32mseldonio-seldon-core-pr-2172-pr-tv8wg-8[0m stage [32mpr-build-comment[0m and container [32mstep-git-merge[0m
Using SHAs from PULL_REFS=master:6e9780f8b2842ef67cf3e798fb14d926a54f131c,2172:65d487f2255655741018a3ff04ac08671012abcf
DEBUG: LC_ALL=C JX_LOG_LEVEL=error git fetch origin --unshallow 65d487f2255655741018a3ff04ac08671012abcf: 6e9780f8b2842ef67cf3e798fb14d926a54f131c:
DEBUG: ran git fetch --unshallow origin 65d487f2255655741018a3ff04ac08671012abcf: 6e9780f8b2842ef67cf3e798fb14d926a54f131c: in 
DEBUG: LC_ALL=C JX_LOG_LEVEL=error git branch
DEBUG: LC_ALL=C JX_LOG_LEVEL=error git checkout master
DEBUG: ran git checkout master in 
DEBUG: LC_ALL=C JX_LOG_LEVEL=error git reset --hard 6e9780f8b2842ef67cf3e798fb14d926a54f131c
DEBUG: ran git reset --hard 6e9780f8b2842ef67cf3e798fb14d926a54f131c in 
DEBUG: JX_LOG_LEVEL=error LC_ALL=C git clean -fd .
DEBUG: ran clean --force -d . in 
DEBUG: JX_LOG_LEVEL=error LC_ALL=C git merge 65d487f2255655741018a3ff04ac08671012abcf
DEBUG: ran git merge 65d487f2255655741018a3ff04ac08671012abcf in 
DEBUG: LC_ALL=C JX_LOG_LEVEL=error git log --format=%H%x1f%an%x1f%ae%x1f%cn%x1f%ce%x1f%s%n%b%x1e 6e9780f8b2842ef67cf3e798fb14d926a54f131c..HEAD
Merged SHA 65d487f2255655741018a3ff04ac08671012abcf with commit message 'Routing disclaimer in executor' into base branch master

Showing logs for build [32mseldonio-seldon-core-pr-2172-pr-tv8wg-8[0m stage [32mpr-build-comment[0m and container [32mstep-step2[0m
+++ dirname ./add-pr-build-comment
++ cd .
++ pwd
+ STARTUP_DIR=/workspace/source/ci
+ REPO_OWNER=SeldonIO
+ REPO_NAME=seldon-core
+ PULL_NUMBER=2172
+ BUILD_NUMBER=8
+ PIPELINE_CONTEXT=pr-build
++ cat
+ COMMENT_MSG='## STARTING TEST [ pr-build # 8 ]

Logs will be available when test completes in the following link:
https://github.com/SeldonIO/seldon-core/blob/gh-pages/jenkins-x/logs/SeldonIO/seldon-core/PR-2172/8.log

Impatient try:
** get build logs SeldonIO/seldon-core/PR-2172 --build=8'
+ ** step pr comment --owner=SeldonIO --repository=seldon-core --pull-request=2172 '--comment=## STARTING TEST [ pr-build # 8 ]

Logs will be available when test completes in the following link:
https://github.com/SeldonIO/seldon-core/blob/gh-pages/jenkins-x/logs/SeldonIO/seldon-core/PR-2172/8.log

Impatient try:
** get build logs SeldonIO/seldon-core/PR-2172 --build=8'

Showing logs for build [32mseldonio-seldon-core-pr-2172-pr-tv8wg-8[0m stage [32mpr-build-comment[0m and container [32mstep-source-mkdir-seldonio-seldon-core-pr-2172-pr-tv8wg-vcxjz[0m
{"level":"info","ts":1595312872.3298762,"logger":"fallback-logger","caller":"logging/config.go:69","msg":"Fetch GitHub commit ID from kodata failed: open /var/run/ko/HEAD: no such file or directory"}
{"level":"info","ts":1595312872.3337746,"logger":"fallback-logger","caller":"bash/main.go:64","msg":"Successfully executed command \"sh -c mkdir -p /pvc/pr-build-comment/workspace\"; output "}

Showing logs for build [32mseldonio-seldon-core-pr-2172-pr-tv8wg-8[0m stage [32mpr-build-comment[0m and container [32mstep-source-copy-seldonio-seldon-core-pr-2172-pr-tv8wg-wr5z6[0m
{"level":"info","ts":1595312872.6040697,"logger":"fallback-logger","caller":"logging/config.go:69","msg":"Fetch GitHub commit ID from kodata failed: open /var/run/ko/HEAD: no such file or directory"}
{"level":"info","ts":1595312873.053272,"logger":"fallback-logger","caller":"bash/main.go:64","msg":"Successfully executed command \"sh -c cp -r source/. /pvc/pr-build-comment/workspace\"; output "}

Showing logs for build [32mseldonio-seldon-core-pr-2172-pr-tv8wg-8[0m stage [32mseldon-python-all[0m and container [32mstep-credential-initializer-6wz4k[0m
{"level":"info","ts":1595312900.19992,"logger":"fallback-logger","caller":"logging/config.go:69","msg":"Fetch GitHub commit ID from kodata failed: open /var/run/ko/refs/heads/0.8.0-ns-support: no such file or directory"}
{"level":"info","ts":1595312900.2006028,"logger":"fallback-logger","caller":"creds-init/main.go:40","msg":"Credentials initialized."}

Showing logs for build [32mseldonio-seldon-core-pr-2172-pr-tv8wg-8[0m stage [32mseldon-python-all[0m and container [32mstep-working-dir-initializer-vj5v4[0m
{"level":"info","ts":1595312900.8481312,"logger":"fallback-logger","caller":"logging/config.go:69","msg":"Fetch GitHub commit ID from kodata failed: open /var/run/ko/HEAD: no such file or directory"}
{"level":"info","ts":1595312900.851964,"logger":"fallback-logger","caller":"bash/main.go:64","msg":"Successfully executed command \"sh -c mkdir -p /workspace/source\"; output "}

Showing logs for build [32mseldonio-seldon-core-pr-2172-pr-tv8wg-8[0m stage [32mseldon-python-all[0m and container [32mstep-place-tools[0m

Showing logs for build [32mseldonio-seldon-core-pr-2172-pr-tv8wg-8[0m stage [32mseldon-python-all[0m and container [32mstep-create-dir-workspace-9mqnt[0m
{"level":"info","ts":1595312996.6486428,"logger":"fallback-logger","caller":"logging/config.go:69","msg":"Fetch GitHub commit ID from kodata failed: open /var/run/ko/HEAD: no such file or directory"}
{"level":"info","ts":1595312996.6546028,"logger":"fallback-logger","caller":"bash/main.go:64","msg":"Successfully executed command \"sh -c mkdir -p /workspace/source\"; output "}

Showing logs for build [32mseldonio-seldon-core-pr-2172-pr-tv8wg-8[0m stage [32mseldon-python-all[0m and container [32mstep-source-copy-workspace-72lb9[0m
{"level":"info","ts":1595312997.0363226,"logger":"fallback-logger","caller":"logging/config.go:69","msg":"Fetch GitHub commit ID from kodata failed: open /var/run/ko/HEAD: no such file or directory"}
{"level":"info","ts":1595312998.5018752,"logger":"fallback-logger","caller":"bash/main.go:64","msg":"Successfully executed command \"sh -c cp -r /pvc/pr-build-comment/workspace/. /workspace/source\"; output "}

Showing logs for build [32mseldonio-seldon-core-pr-2172-pr-tv8wg-8[0m stage [32mseldon-python-all[0m and container [32mstep-setup-builder-home[0m

Showing logs for build [32mseldonio-seldon-core-pr-2172-pr-tv8wg-8[0m stage [32mseldon-python-all[0m and container [32mstep-test-python-all[0m
make: Entering directory '/workspace/source/python'
# Protobuf
cp ../proto/prediction.proto seldon_core/proto/
make -C ../proto/tensorflow/ create_protos
make[1]: Entering directory '/workspace/source/proto/tensorflow'
./create-protos.sh
Downloading proto files for master
make[1]: Leaving directory '/workspace/source/proto/tensorflow'
cp -r ../proto/tensorflow/tensorflow \
	seldon_core/proto/
make -C ../proto/tensorflow clean
make[1]: Entering directory '/workspace/source/proto/tensorflow'
removed 'tensorflow/core/framework/resource_handle.proto'
removed 'tensorflow/core/framework/tensor_shape.proto'
removed 'tensorflow/core/framework/tensor.proto'
removed 'tensorflow/core/framework/types.proto'
removed directory 'tensorflow/core/framework'
removed directory 'tensorflow/core'
removed directory 'tensorflow'
make[1]: Leaving directory '/workspace/source/proto/tensorflow'
# OpenAPI
cp ../openapi/wrapper.oas3.json seldon_core/openapi/seldon.json
# Protobuf
cd seldon_core && python \
	-m grpc.tools.protoc \
	-I./ \
	-I./proto/ \
	--python_out=./ \
	--grpc_python_out=./ \
	--mypy_out=./ \
	./proto/prediction.proto
protoc-gen-mypy: program not found or is not executable
Please specify a program using absolute path or make sure the program is available in your PATH system variable
--mypy_out: protoc-gen-mypy: Plugin failed with status code 1.
make: *** [Makefile:21: build_apis] Error 1
make: Leaving directory '/workspace/source/python'
[31m
Pipeline failed on stage 'seldon-python-all' : container 'step-test-python-all'. The execution of the pipeline has stopped.[0m

Showing logs for build [32mseldonio-seldon-core-pr-2172-pr-tv8wg-8[0m stage [32mseldon-python-gcs[0m and container [32mstep-credential-initializer-v5tx7[0m
{"level":"info","ts":1595312899.5339754,"logger":"fallback-logger","caller":"logging/config.go:69","msg":"Fetch GitHub commit ID from kodata failed: open /var/run/ko/refs/heads/0.8.0-ns-support: no such file or directory"}
{"level":"info","ts":1595312899.534762,"logger":"fallback-logger","caller":"creds-init/main.go:40","msg":"Credentials initialized."}

Showing logs for build [32mseldonio-seldon-core-pr-2172-pr-tv8wg-8[0m stage [32mseldon-python-gcs[0m and container [32mstep-working-dir-initializer-k68h5[0m
{"level":"info","ts":1595312900.8390212,"logger":"fallback-logger","caller":"logging/config.go:69","msg":"Fetch GitHub commit ID from kodata failed: open /var/run/ko/HEAD: no such file or directory"}
{"level":"info","ts":1595312900.840451,"logger":"fallback-logger","caller":"bash/main.go:64","msg":"Successfully executed command \"sh -c mkdir -p /workspace/source\"; output "}

Showing logs for build [32mseldonio-seldon-core-pr-2172-pr-tv8wg-8[0m stage [32mseldon-python-gcs[0m and container [32mstep-place-tools[0m

Showing logs for build [32mseldonio-seldon-core-pr-2172-pr-tv8wg-8[0m stage [32mseldon-python-gcs[0m and container [32mstep-create-dir-workspace-vm8wr[0m
{"level":"info","ts":1595312945.677901,"logger":"fallback-logger","caller":"logging/config.go:69","msg":"Fetch GitHub commit ID from kodata failed: open /var/run/ko/HEAD: no such file or directory"}
{"level":"info","ts":1595312945.679193,"logger":"fallback-logger","caller":"bash/main.go:64","msg":"Successfully executed command \"sh -c mkdir -p /workspace/source\"; output "}

Showing logs for build [32mseldonio-seldon-core-pr-2172-pr-tv8wg-8[0m stage [32mseldon-python-gcs[0m and container [32mstep-source-copy-workspace-qtppp[0m
{"level":"info","ts":1595312946.188933,"logger":"fallback-logger","caller":"logging/config.go:69","msg":"Fetch GitHub commit ID from kodata failed: open /var/run/ko/HEAD: no such file or directory"}
{"level":"info","ts":1595312969.9032164,"logger":"fallback-logger","caller":"bash/main.go:64","msg":"Successfully executed command \"sh -c cp -r /pvc/pr-build-comment/workspace/. /workspace/source\"; output "}

Showing logs for build [32mseldonio-seldon-core-pr-2172-pr-tv8wg-8[0m stage [32mseldon-python-gcs[0m and container [32mstep-setup-builder-home[0m

Showing logs for build [32mseldonio-seldon-core-pr-2172-pr-tv8wg-8[0m stage [32mseldon-python-gcs[0m and container [32mstep-test-python-gcs[0m
make: Entering directory '/workspace/source/python'
# Protobuf
cp ../proto/prediction.proto seldon_core/proto/
make -C ../proto/tensorflow/ create_protos
make[1]: Entering directory '/workspace/source/proto/tensorflow'
./create-protos.sh
Downloading proto files for master
make[1]: Leaving directory '/workspace/source/proto/tensorflow'
cp -r ../proto/tensorflow/tensorflow \
	seldon_core/proto/
make -C ../proto/tensorflow clean
make[1]: Entering directory '/workspace/source/proto/tensorflow'
removed 'tensorflow/core/framework/resource_handle.proto'
removed 'tensorflow/core/framework/tensor_shape.proto'
removed 'tensorflow/core/framework/tensor.proto'
removed 'tensorflow/core/framework/types.proto'
removed directory 'tensorflow/core/framework'
removed directory 'tensorflow/core'
removed directory 'tensorflow'
make[1]: Leaving directory '/workspace/source/proto/tensorflow'
# OpenAPI
cp ../openapi/wrapper.oas3.json seldon_core/openapi/seldon.json
# Protobuf
cd seldon_core && python \
	-m grpc.tools.protoc \
	-I./ \
	-I./proto/ \
	--python_out=./ \
	--grpc_python_out=./ \
	--mypy_out=./ \
	./proto/prediction.proto
protoc-gen-mypy: program not found or is not executable
Please specify a program using absolute path or make sure the program is available in your PATH system variable
--mypy_out: protoc-gen-mypy: Plugin failed with status code 1.
make: Leaving directory '/workspace/source/python'
make: *** [Makefile:21: build_apis] Error 1
[31m
Pipeline failed on stage 'seldon-python-gcs' : container 'step-test-python-gcs'. The execution of the pipeline has stopped.[0m

Showing logs for build [32mseldonio-seldon-core-pr-2172-pr-tv8wg-8[0m stage [32mseldon-operator[0m and container [32mstep-credential-initializer-7ct2f[0m
{"level":"info","ts":1595312901.539398,"logger":"fallback-logger","caller":"logging/config.go:69","msg":"Fetch GitHub commit ID from kodata failed: open /var/run/ko/refs/heads/0.8.0-ns-support: no such file or directory"}
{"level":"info","ts":1595312901.539926,"logger":"fallback-logger","caller":"creds-init/main.go:40","msg":"Credentials initialized."}

Showing logs for build [32mseldonio-seldon-core-pr-2172-pr-tv8wg-8[0m stage [32mseldon-operator[0m and container [32mstep-working-dir-initializer-k4hnc[0m
{"level":"info","ts":1595312902.311936,"logger":"fallback-logger","caller":"logging/config.go:69","msg":"Fetch GitHub commit ID from kodata failed: open /var/run/ko/HEAD: no such file or directory"}
{"level":"info","ts":1595312902.3133156,"logger":"fallback-logger","caller":"bash/main.go:64","msg":"Successfully executed command \"sh -c mkdir -p /workspace/source\"; output "}

Showing logs for build [32mseldonio-seldon-core-pr-2172-pr-tv8wg-8[0m stage [32mseldon-operator[0m and container [32mstep-place-tools[0m

Showing logs for build [32mseldonio-seldon-core-pr-2172-pr-tv8wg-8[0m stage [32mseldon-operator[0m and container [32mstep-create-dir-workspace-74w78[0m
{"level":"info","ts":1595312993.0294728,"logger":"fallback-logger","caller":"logging/config.go:69","msg":"Fetch GitHub commit ID from kodata failed: open /var/run/ko/HEAD: no such file or directory"}
{"level":"info","ts":1595312993.0358856,"logger":"fallback-logger","caller":"bash/main.go:64","msg":"Successfully executed command \"sh -c mkdir -p /workspace/source\"; output "}

Showing logs for build [32mseldonio-seldon-core-pr-2172-pr-tv8wg-8[0m stage [32mseldon-operator[0m and container [32mstep-source-copy-workspace-pg2n9[0m
{"level":"info","ts":1595312993.3701053,"logger":"fallback-logger","caller":"logging/config.go:69","msg":"Fetch GitHub commit ID from kodata failed: open /var/run/ko/HEAD: no such file or directory"}
{"level":"info","ts":1595312994.059596,"logger":"fallback-logger","caller":"bash/main.go:64","msg":"Successfully executed command \"sh -c cp -r /pvc/pr-build-comment/workspace/. /workspace/source\"; output "}

Showing logs for build [32mseldonio-seldon-core-pr-2172-pr-tv8wg-8[0m stage [32mseldon-operator[0m and container [32mstep-setup-builder-home[0m

Showing logs for build [32mseldonio-seldon-core-pr-2172-pr-tv8wg-8[0m stage [32mseldon-operator[0m and container [32mstep-test-operator[0m
make: Entering directory '/workspace/source/operator'
go: creating new go.mod: module tmp
go: finding sigs.k8s.io v0.2.5
go: finding sigs.k8s.io/controller-tools v0.2.5
go: finding sigs.k8s.io/controller-tools/cmd/controller-gen v0.2.5
go: finding sigs.k8s.io/controller-tools/cmd v0.2.5
go: downloading sigs.k8s.io/controller-tools v0.2.5
go: extracting sigs.k8s.io/controller-tools v0.2.5
go: downloading github.com/spf13/cobra v0.0.5
go: downloading gopkg.in/yaml.v3 v3.0.0-20190905181640-827449938966
go: downloading k8s.io/apiextensions-apiserver v0.17.0
go: downloading k8s.io/apimachinery v0.17.0
go: downloading golang.org/x/tools v0.0.0-20190920225731-5eefd052ad72
go: downloading sigs.k8s.io/yaml v1.1.0
go: downloading k8s.io/api v0.17.0
go: extracting sigs.k8s.io/yaml v1.1.0
go: downloading github.com/fatih/color v1.7.0
go: extracting github.com/fatih/color v1.7.0
go: extracting github.com/spf13/cobra v0.0.5
go: extracting gopkg.in/yaml.v3 v3.0.0-20190905181640-827449938966
go: downloading github.com/mattn/go-colorable v0.1.2
go: downloading github.com/mattn/go-isatty v0.0.8
go: downloading github.com/spf13/pflag v1.0.5
go: extracting k8s.io/apiextensions-apiserver v0.17.0
go: extracting github.com/mattn/go-isatty v0.0.8
go: extracting k8s.io/apimachinery v0.17.0
go: extracting github.com/mattn/go-colorable v0.1.2
go: downloading golang.org/x/sys v0.0.0-20190826190057-c7b8b68b1456
go: extracting github.com/spf13/pflag v1.0.5
go: extracting golang.org/x/tools v0.0.0-20190920225731-5eefd052ad72
go: downloading github.com/gobuffalo/flect v0.2.0
go: extracting github.com/gobuffalo/flect v0.2.0
go: downloading gopkg.in/yaml.v2 v2.2.4
go: downloading k8s.io/utils v0.0.0-20191114184206-e782cd3c129f
go: extracting gopkg.in/yaml.v2 v2.2.4
go: extracting k8s.io/api v0.17.0
go: extracting golang.org/x/sys v0.0.0-20190826190057-c7b8b68b1456
go: extracting k8s.io/utils v0.0.0-20191114184206-e782cd3c129f
go: downloading github.com/gogo/protobuf v1.2.2-0.20190723190241-65acae22fc9d
go: downloading gopkg.in/inf.v0 v0.9.1
go: downloading github.com/google/gofuzz v1.0.0
go: downloading k8s.io/klog v1.0.0
go: extracting gopkg.in/inf.v0 v0.9.1
go: downloading github.com/inconshreveable/mousetrap v1.0.0
go: extracting github.com/inconshreveable/mousetrap v1.0.0
go: extracting github.com/google/gofuzz v1.0.0
go: downloading golang.org/x/net v0.0.0-20191004110552-13f9640d40b9
go: extracting k8s.io/klog v1.0.0
go: extracting golang.org/x/net v0.0.0-20191004110552-13f9640d40b9
go: extracting github.com/gogo/protobuf v1.2.2-0.20190723190241-65acae22fc9d
go: downloading golang.org/x/text v0.3.2
go: extracting golang.org/x/text v0.3.2
go: finding golang.org/x/tools v0.0.0-20190920225731-5eefd052ad72
go: finding github.com/spf13/cobra v0.0.5
go: finding k8s.io/api v0.17.0
go: finding github.com/gobuffalo/flect v0.2.0
go: finding k8s.io/apiextensions-apiserver v0.17.0
go: finding k8s.io/apimachinery v0.17.0
go: finding github.com/fatih/color v1.7.0
go: finding sigs.k8s.io/yaml v1.1.0
go: finding gopkg.in/yaml.v3 v3.0.0-20190905181640-827449938966
go: finding github.com/mattn/go-colorable v0.1.2
go: finding github.com/mattn/go-isatty v0.0.8
go: finding github.com/gogo/protobuf v1.2.2-0.20190723190241-65acae22fc9d
go: finding gopkg.in/yaml.v2 v2.2.4
go: finding github.com/spf13/pflag v1.0.5
go: finding gopkg.in/inf.v0 v0.9.1
go: finding github.com/google/gofuzz v1.0.0
go: finding k8s.io/klog v1.0.0
go: finding golang.org/x/sys v0.0.0-20190826190057-c7b8b68b1456
go: finding k8s.io/utils v0.0.0-20191114184206-e782cd3c129f
go: finding golang.org/x/net v0.0.0-20191004110552-13f9640d40b9
go: finding golang.org/x/text v0.3.2
/builder/home/go/bin/controller-gen object:headerFile=./hack/boilerplate.go.txt paths="./..."
go fmt ./...
go vet ./...
go: downloading github.com/onsi/ginkgo v1.14.0
go: downloading github.com/onsi/gomega v1.10.1
go: extracting github.com/onsi/gomega v1.10.1
go: extracting github.com/onsi/ginkgo v1.14.0
go: downloading github.com/nxadm/tail v1.4.4
go: downloading golang.org/x/xerrors v0.0.0-20191204190536-9bdfabe68543
go: extracting github.com/nxadm/tail v1.4.4
go: downloading gopkg.in/tomb.v1 v1.0.0-20141024135613-dd632973f1e7
go: downloading github.com/fsnotify/fsnotify v1.4.9
go: extracting golang.org/x/xerrors v0.0.0-20191204190536-9bdfabe68543
go: extracting github.com/fsnotify/fsnotify v1.4.9
go: extracting gopkg.in/tomb.v1 v1.0.0-20141024135613-dd632973f1e7
/builder/home/go/bin/controller-gen "crd:trivialVersions=true" rbac:roleName=manager-role webhook paths="./..." output:crd:artifacts:config=config/crd/bases
rm -rf generated
mkdir generated
kustomize build config/default/ -o generated
cp generated/apiextensions.k8s.io_v1beta1_customresourcedefinition_seldondeployments.machinelearning.seldon.io.yaml testing/machinelearning.seldon.io_seldondeployments.yaml
ginkgo -r -outputdir=. -cover -coverprofile=cover.out ./controllers ./utils ./apis
[1595313177] [1mController Suite[0m - 37/37 specs test k8s client
&{Reader:0xc000616d40 Writer:0xc0004f09f0 StatusClient:0xc0004f09f0}
[32mâ€¢[0m[32mâ€¢[0m[32mâ€¢[0m[32mâ€¢[0m[32mâ€¢[0m[32mâ€¢[0m[32mâ€¢[0m[32mâ€¢[0m[32mâ€¢[0m[32mâ€¢[0m[32mâ€¢[0m[32mâ€¢[0m[32mâ€¢[0m[32mâ€¢[0m[32mâ€¢[0m[32mâ€¢[0m[32mâ€¢[0m[32mâ€¢[0m[32mâ€¢[0m[32mâ€¢[0m[32mâ€¢[0m[32mâ€¢[0m[32mâ€¢[0m[32mâ€¢[0m[32mâ€¢[0m[32mâ€¢[0m[32mâ€¢[0m[32mâ€¢[0m[32mâ€¢[0m[32mâ€¢[0m[32mâ€¢[0m[32mâ€¢[0m[32mâ€¢[0m[32mâ€¢[0m[32mâ€¢[0m[32mâ€¢[0m[32mâ€¢[0mE0721 06:33:52.997086   21768 reflector.go:309] pkg/mod/k8s.io/client-go@v0.17.8/tools/cache/reflector.go:105: Failed to watch *v1.Service: Get http://127.0.0.1:41441/api/v1/services?allowWatchBookmarks=true&resourceVersion=365&timeoutSeconds=395&watch=true: dial tcp 127.0.0.1:41441: connect: connection refused
E0721 06:33:52.997715   21768 reflector.go:309] pkg/mod/k8s.io/client-go@v0.17.8/tools/cache/reflector.go:105: Failed to watch *v2beta1.HorizontalPodAutoscaler: Get http://127.0.0.1:41441/apis/autoscaling/v2beta1/horizontalpodautoscalers?allowWatchBookmarks=true&resourceVersion=140&timeoutSeconds=440&watch=true: dial tcp 127.0.0.1:41441: connect: connection refused
E0721 06:33:52.998953   21768 reflector.go:309] pkg/mod/k8s.io/client-go@v0.17.8/tools/cache/reflector.go:105: Failed to watch *v1.SeldonDeployment: Get http://127.0.0.1:41441/apis/machinelearning.seldon.io/v1/seldondeployments?allowWatchBookmarks=true&resourceVersion=374&timeoutSeconds=384&watch=true: dial tcp 127.0.0.1:41441: connect: connection refused
E0721 06:33:52.999410   21768 reflector.go:309] pkg/mod/k8s.io/client-go@v0.17.8/tools/cache/reflector.go:105: Failed to watch *v1.Namespace: Get http://127.0.0.1:41441/api/v1/namespaces?allowWatchBookmarks=true&resourceVersion=328&timeoutSeconds=387&watch=true: dial tcp 127.0.0.1:41441: connect: connection refused
E0721 06:33:53.000076   21768 reflector.go:309] pkg/mod/k8s.io/client-go@v0.17.8/tools/cache/reflector.go:105: Failed to watch *v1.Deployment: Get http://127.0.0.1:41441/apis/apps/v1/deployments?allowWatchBookmarks=true&resourceVersion=366&timeoutSeconds=503&watch=true: dial tcp 127.0.0.1:41441: connect: connection refused
E0721 06:33:53.000725   21768 reflector.go:309] pkg/mod/k8s.io/client-go@v0.17.8/tools/cache/reflector.go:105: Failed to watch *v1.ConfigMap: Get http://127.0.0.1:41441/api/v1/configmaps?allowWatchBookmarks=true&resourceVersion=117&timeoutSeconds=365&watch=true: dial tcp 127.0.0.1:41441: connect: connection refused
E0721 06:33:53.001127   21768 reflector.go:309] pkg/mod/k8s.io/client-go@v0.17.8/tools/cache/reflector.go:105: Failed to watch *v1alpha3.VirtualService: Get http://127.0.0.1:41441/apis/networking.istio.io/v1alpha3/virtualservices?allowWatchBookmarks=true&resourceVersion=117&timeoutSeconds=360&watch=true: dial tcp 127.0.0.1:41441: connect: connection refused

 [32mSUCCESS![0m 25.644982741s PASS
coverage: 65.7% of statements
=== RUN   TestGcsSecret
--- PASS: TestGcsSecret (0.00s)
PASS
coverage: 100.0% of statements
=== RUN   TestS3Secret
--- PASS: TestS3Secret (0.00s)
PASS
coverage: 94.6% of statements
=== RUN   TestGetEnvAsBool
--- PASS: TestGetEnvAsBool (0.00s)
PASS
coverage: 10.9% of statements
=== RUN   TestGenerateCerts
--- PASS: TestGenerateCerts (4.32s)
=== RUN   TestConfigmapCreate
--- PASS: TestConfigmapCreate (0.00s)
=== RUN   TestCRDCreate
--- PASS: TestCRDCreate (0.06s)
=== RUN   TestMutatingWebhookCreate
--- PASS: TestMutatingWebhookCreate (1.47s)
=== RUN   TestMutatingWebhookCreateNamespaced
--- PASS: TestMutatingWebhookCreateNamespaced (1.88s)
=== RUN   TestValidatingWebhookCreate
--- PASS: TestValidatingWebhookCreate (3.14s)
=== RUN   TestValidatingWebhookCreateNamespaced
--- PASS: TestValidatingWebhookCreateNamespaced (1.39s)
=== RUN   TestWebHookSvcCreate
--- PASS: TestWebHookSvcCreate (5.07s)
PASS
coverage: 52.1% of statements
=== RUN   TestImageSetNormal
--- PASS: TestImageSetNormal (0.00s)
    prepack_test.go:50: Scenario: GRPC image with version
    prepack_test.go:50: Scenario: GRPC image with no version
    prepack_test.go:50: Scenario: REST image with version
    prepack_test.go:50: Scenario: REST image with no version
=== RUN   TestGetPredictorConfig
--- PASS: TestGetPredictorConfig (0.00s)
    prepack_test.go:81: Scenario: related image sklearn
    prepack_test.go:81: Scenario: default image sklearn
=== RUN   TestGetDeploymentNameOneModel
--- PASS: TestGetDeploymentNameOneModel (0.00s)
=== RUN   TestGetDeploymentNameLong
--- PASS: TestGetDeploymentNameLong (0.00s)
=== RUN   TestValidateBadProtocol
--- PASS: TestValidateBadProtocol (0.00s)
=== RUN   TestValidateBadTransport
--- PASS: TestValidateBadTransport (0.00s)
=== RUN   TestValidateMixedTransport
--- PASS: TestValidateMixedTransport (0.00s)
=== RUN   TestValidateMixedMultipleTransport
--- PASS: TestValidateMixedMultipleTransport (0.00s)
=== RUN   TestDefaultSingleContainer
--- PASS: TestDefaultSingleContainer (0.00s)
=== RUN   TestMetricsPortAddedTwoContainers
--- PASS: TestMetricsPortAddedTwoContainers (0.00s)
=== RUN   TestMetricsPortAddedTwoComponentSpecsTwoContainers
--- PASS: TestMetricsPortAddedTwoComponentSpecsTwoContainers (0.00s)
=== RUN   TestOverrideMetricsPortName
Failed to find config map seldon-config
no kind is registered for the type v1.ConfigMap in scheme "pkg/runtime/scheme.go:101"
--- PASS: TestOverrideMetricsPortName (0.00s)
=== RUN   TestPortUseExisting
--- PASS: TestPortUseExisting (0.00s)
=== RUN   TestMetricsPortAddedToPrepacked
--- PASS: TestMetricsPortAddedToPrepacked (0.00s)
=== RUN   TestPredictorProtocolGrpc
--- PASS: TestPredictorProtocolGrpc (0.00s)
=== RUN   TestPrepackedWithExistingContainer
--- PASS: TestPrepackedWithExistingContainer (0.01s)
=== RUN   TestPrepackedWithCustom
--- PASS: TestPrepackedWithCustom (0.00s)
=== RUN   TestPrepackedWithExistingContainerAndImage
--- PASS: TestPrepackedWithExistingContainerAndImage (0.00s)
=== RUN   TestMetricsPortAddedToTwoPrepacked
--- PASS: TestMetricsPortAddedToTwoPrepacked (0.00s)
=== RUN   TestDefaultPrepackagedServerType
--- PASS: TestDefaultPrepackagedServerType (0.00s)
=== RUN   TestValidateSingleModel
--- PASS: TestValidateSingleModel (0.00s)
=== RUN   TestValidateSingleModelNoName
--- PASS: TestValidateSingleModelNoName (0.00s)
=== RUN   TestValidateNoEngineMultiGraph
--- PASS: TestValidateNoEngineMultiGraph (0.00s)
=== RUN   TestValidateDuplPredictorName
--- PASS: TestValidateDuplPredictorName (0.00s)
=== RUN   TestValidateTrafficSum
--- PASS: TestValidateTrafficSum (0.00s)
=== RUN   TestDefaultABTest
--- PASS: TestDefaultABTest (0.00s)
=== RUN   TestValidateTensorflowProtocolNormalPrepackaged
--- PASS: TestValidateTensorflowProtocolNormalPrepackaged (0.00s)
=== RUN   TestValidateTensorflowProtocolNormal
--- PASS: TestValidateTensorflowProtocolNormal (0.00s)
=== RUN   TestPredictorNoGraph
--- PASS: TestPredictorNoGraph (0.00s)
PASS
coverage: 41.6% of statements
path is /workspace/source/operator
All profiles combined

Ginkgo ran 6 suites in 1m12.766167084s
Test Suite Passed
make: Leaving directory '/workspace/source/operator'

Showing logs for build [32mseldonio-seldon-core-pr-2172-pr-tv8wg-8[0m stage [32mseldon-python-tensorflow[0m and container [32mstep-credential-initializer-dvqbf[0m
{"level":"info","ts":1595312899.5391238,"logger":"fallback-logger","caller":"logging/config.go:69","msg":"Fetch GitHub commit ID from kodata failed: open /var/run/ko/refs/heads/0.8.0-ns-support: no such file or directory"}
{"level":"info","ts":1595312899.5398002,"logger":"fallback-logger","caller":"creds-init/main.go:40","msg":"Credentials initialized."}

Showing logs for build [32mseldonio-seldon-core-pr-2172-pr-tv8wg-8[0m stage [32mseldon-python-tensorflow[0m and container [32mstep-working-dir-initializer-md7fv[0m
{"level":"info","ts":1595312901.0058997,"logger":"fallback-logger","caller":"logging/config.go:69","msg":"Fetch GitHub commit ID from kodata failed: open /var/run/ko/HEAD: no such file or directory"}
{"level":"info","ts":1595312901.0072124,"logger":"fallback-logger","caller":"bash/main.go:64","msg":"Successfully executed command \"sh -c mkdir -p /workspace/source\"; output "}

Showing logs for build [32mseldonio-seldon-core-pr-2172-pr-tv8wg-8[0m stage [32mseldon-python-tensorflow[0m and container [32mstep-place-tools[0m

Showing logs for build [32mseldonio-seldon-core-pr-2172-pr-tv8wg-8[0m stage [32mseldon-python-tensorflow[0m and container [32mstep-create-dir-workspace-sdfvt[0m
{"level":"info","ts":1595313009.710226,"logger":"fallback-logger","caller":"logging/config.go:69","msg":"Fetch GitHub commit ID from kodata failed: open /var/run/ko/HEAD: no such file or directory"}
{"level":"info","ts":1595313009.7146165,"logger":"fallback-logger","caller":"bash/main.go:64","msg":"Successfully executed command \"sh -c mkdir -p /workspace/source\"; output "}

Showing logs for build [32mseldonio-seldon-core-pr-2172-pr-tv8wg-8[0m stage [32mseldon-python-tensorflow[0m and container [32mstep-source-copy-workspace-p4gmd[0m
{"level":"info","ts":1595313010.2406523,"logger":"fallback-logger","caller":"logging/config.go:69","msg":"Fetch GitHub commit ID from kodata failed: open /var/run/ko/HEAD: no such file or directory"}
{"level":"info","ts":1595313010.7571852,"logger":"fallback-logger","caller":"bash/main.go:64","msg":"Successfully executed command \"sh -c cp -r /pvc/pr-build-comment/workspace/. /workspace/source\"; output "}

Showing logs for build [32mseldonio-seldon-core-pr-2172-pr-tv8wg-8[0m stage [32mseldon-python-tensorflow[0m and container [32mstep-setup-builder-home[0m

Showing logs for build [32mseldonio-seldon-core-pr-2172-pr-tv8wg-8[0m stage [32mseldon-python-tensorflow[0m and container [32mstep-test-python-tensorflow[0m
make: Entering directory '/workspace/source/python'
# Protobuf
cp ../proto/prediction.proto seldon_core/proto/
make -C ../proto/tensorflow/ create_protos
make[1]: Entering directory '/workspace/source/proto/tensorflow'
./create-protos.sh
Downloading proto files for master
make[1]: Leaving directory '/workspace/source/proto/tensorflow'
cp -r ../proto/tensorflow/tensorflow \
	seldon_core/proto/
make -C ../proto/tensorflow clean
make[1]: Entering directory '/workspace/source/proto/tensorflow'
removed 'tensorflow/core/framework/resource_handle.proto'
removed 'tensorflow/core/framework/tensor_shape.proto'
removed 'tensorflow/core/framework/tensor.proto'
removed 'tensorflow/core/framework/types.proto'
removed directory 'tensorflow/core/framework'
removed directory 'tensorflow/core'
removed directory 'tensorflow'
make[1]: Leaving directory '/workspace/source/proto/tensorflow'
# OpenAPI
cp ../openapi/wrapper.oas3.json seldon_core/openapi/seldon.json
# Protobuf
cd seldon_core && python \
	-m grpc.tools.protoc \
	-I./ \
	-I./proto/ \
	--python_out=./ \
	--grpc_python_out=./ \
	--mypy_out=./ \
	./proto/prediction.proto
protoc-gen-mypy: program not found or is not executable
Please specify a program using absolute path or make sure the program is available in your PATH system variable
--mypy_out: protoc-gen-mypy: Plugin failed with status code 1.
make: *** [Makefile:21: build_apis] Error 1
make: Leaving directory '/workspace/source/python'
[31m
Pipeline failed on stage 'seldon-python-tensorflow' : container 'step-test-python-tensorflow'. The execution of the pipeline has stopped.[0m

Showing logs for build [32mseldonio-seldon-core-pr-2172-pr-tv8wg-8[0m stage [32mseldon-executor[0m and container [32mstep-credential-initializer-lw4zz[0m
{"level":"info","ts":1595312899.5501032,"logger":"fallback-logger","caller":"logging/config.go:69","msg":"Fetch GitHub commit ID from kodata failed: open /var/run/ko/refs/heads/0.8.0-ns-support: no such file or directory"}
{"level":"info","ts":1595312899.5506587,"logger":"fallback-logger","caller":"creds-init/main.go:40","msg":"Credentials initialized."}

Showing logs for build [32mseldonio-seldon-core-pr-2172-pr-tv8wg-8[0m stage [32mseldon-executor[0m and container [32mstep-working-dir-initializer-24x97[0m
{"level":"info","ts":1595312900.9535475,"logger":"fallback-logger","caller":"logging/config.go:69","msg":"Fetch GitHub commit ID from kodata failed: open /var/run/ko/HEAD: no such file or directory"}
{"level":"info","ts":1595312900.9549992,"logger":"fallback-logger","caller":"bash/main.go:64","msg":"Successfully executed command \"sh -c mkdir -p /workspace/source\"; output "}

Showing logs for build [32mseldonio-seldon-core-pr-2172-pr-tv8wg-8[0m stage [32mseldon-executor[0m and container [32mstep-place-tools[0m

Showing logs for build [32mseldonio-seldon-core-pr-2172-pr-tv8wg-8[0m stage [32mseldon-executor[0m and container [32mstep-create-dir-workspace-qtdvw[0m
{"level":"info","ts":1595312943.6366925,"logger":"fallback-logger","caller":"logging/config.go:69","msg":"Fetch GitHub commit ID from kodata failed: open /var/run/ko/HEAD: no such file or directory"}
{"level":"info","ts":1595312943.638047,"logger":"fallback-logger","caller":"bash/main.go:64","msg":"Successfully executed command \"sh -c mkdir -p /workspace/source\"; output "}

Showing logs for build [32mseldonio-seldon-core-pr-2172-pr-tv8wg-8[0m stage [32mseldon-executor[0m and container [32mstep-source-copy-workspace-vrpbs[0m
{"level":"info","ts":1595312944.1467628,"logger":"fallback-logger","caller":"logging/config.go:69","msg":"Fetch GitHub commit ID from kodata failed: open /var/run/ko/HEAD: no such file or directory"}
{"level":"info","ts":1595312969.9035642,"logger":"fallback-logger","caller":"bash/main.go:64","msg":"Successfully executed command \"sh -c cp -r /pvc/pr-build-comment/workspace/. /workspace/source\"; output "}

Showing logs for build [32mseldonio-seldon-core-pr-2172-pr-tv8wg-8[0m stage [32mseldon-executor[0m and container [32mstep-setup-builder-home[0m

Showing logs for build [32mseldonio-seldon-core-pr-2172-pr-tv8wg-8[0m stage [32mseldon-executor[0m and container [32mstep-test-executor[0m
make: Entering directory '/workspace/source/executor'
go fmt ./api/... ./predictor/... ./k8s/...
go: downloading github.com/golang/protobuf v1.4.2
go: downloading github.com/go-logr/logr v0.1.0
go: downloading google.golang.org/grpc v1.30.0
go: downloading sigs.k8s.io/controller-runtime v0.5.8
go: downloading github.com/cloudevents/sdk-go v1.2.0
go: downloading github.com/uber/jaeger-client-go v2.24.0+incompatible
go: downloading github.com/grpc-ecosystem/go-grpc-middleware v1.2.0
go: extracting github.com/golang/protobuf v1.4.2
go: extracting github.com/go-logr/logr v0.1.0
go: downloading github.com/prometheus/client_golang v1.7.1
go: downloading github.com/opentracing/opentracing-go v1.2.0
go: extracting github.com/grpc-ecosystem/go-grpc-middleware v1.2.0
go: extracting github.com/uber/jaeger-client-go v2.24.0+incompatible
go: extracting github.com/cloudevents/sdk-go v1.2.0
go: extracting google.golang.org/grpc v1.30.0
go: extracting sigs.k8s.io/controller-runtime v0.5.8
go: downloading google.golang.org/protobuf v1.23.0
go: extracting github.com/opentracing/opentracing-go v1.2.0
go: downloading golang.org/x/xerrors v0.0.0-20191204190536-9bdfabe68543
go: extracting github.com/prometheus/client_golang v1.7.1
go: downloading github.com/gorilla/mux v1.7.4
go: downloading github.com/uber/jaeger-lib v2.2.0+incompatible
go: downloading github.com/prometheus/common v0.10.0
go: downloading github.com/pkg/errors v0.9.1
go: extracting google.golang.org/protobuf v1.23.0
go: extracting golang.org/x/xerrors v0.0.0-20191204190536-9bdfabe68543
go: extracting github.com/pkg/errors v0.9.1
go: extracting github.com/gorilla/mux v1.7.4
go: downloading github.com/prometheus/client_model v0.2.0
go: downloading go.opencensus.io v0.22.0
go: extracting github.com/prometheus/common v0.10.0
go: extracting github.com/uber/jaeger-lib v2.2.0+incompatible
go: downloading google.golang.org/genproto v0.0.0-20190916214212-f660b8655731
go: downloading github.com/prometheus/procfs v0.1.3
go: extracting github.com/prometheus/client_model v0.2.0
go: extracting go.opencensus.io v0.22.0
go: downloading golang.org/x/net v0.0.0-20200520004742-59133d7f0dd7
go: downloading k8s.io/apimachinery v0.17.8
go: downloading github.com/beorn7/perks v1.0.1
go: downloading github.com/matttproud/golang_protobuf_extensions v1.0.1
go: downloading github.com/google/uuid v1.1.1
go: downloading go.uber.org/zap v1.15.0
go: extracting github.com/beorn7/perks v1.0.1
go: extracting github.com/google/uuid v1.1.1
go: extracting github.com/prometheus/procfs v0.1.3
go: extracting github.com/matttproud/golang_protobuf_extensions v1.0.1
go: downloading gopkg.in/fsnotify.v1 v1.4.7
go: downloading k8s.io/api v0.17.8
go: extracting golang.org/x/net v0.0.0-20200520004742-59133d7f0dd7
go: extracting k8s.io/apimachinery v0.17.8
go: extracting go.uber.org/zap v1.15.0
go: extracting gopkg.in/fsnotify.v1 v1.4.7
go: downloading go.uber.org/atomic v1.6.0
go: downloading k8s.io/client-go v0.17.8
go: downloading github.com/spf13/pflag v1.0.5
go: downloading github.com/gogo/protobuf v1.3.1
go: extracting go.uber.org/atomic v1.6.0
go: extracting github.com/spf13/pflag v1.0.5
go: downloading golang.org/x/text v0.3.3
go: extracting k8s.io/client-go v0.17.8
go: extracting google.golang.org/genproto v0.0.0-20190916214212-f660b8655731
go: extracting github.com/gogo/protobuf v1.3.1
go: extracting k8s.io/api v0.17.8
go: downloading gomodules.xyz/jsonpatch/v2 v2.0.1
go: downloading k8s.io/klog v1.0.0
go: extracting golang.org/x/text v0.3.3
go: extracting gomodules.xyz/jsonpatch/v2 v2.0.1
go: downloading golang.org/x/time v0.0.0-20190921001708-c4c64cad1fd0
go: downloading k8s.io/kube-openapi v0.0.0-20200410145947-bcb3869e6f29
go: downloading go.uber.org/multierr v1.5.0
go: downloading github.com/hashicorp/golang-lru v0.5.4
go: downloading k8s.io/utils v0.0.0-20200619165400-6e3d28b6ed19
go: extracting k8s.io/klog v1.0.0
go: downloading github.com/golang/groupcache v0.0.0-20190702054246-869f871628b6
go: extracting golang.org/x/time v0.0.0-20190921001708-c4c64cad1fd0
go: extracting github.com/hashicorp/golang-lru v0.5.4
go: downloading github.com/google/gofuzz v1.0.0
go: extracting go.uber.org/multierr v1.5.0
go: extracting k8s.io/utils v0.0.0-20200619165400-6e3d28b6ed19
go: downloading golang.org/x/sys v0.0.0-20200615200032-f1bc736245b1
go: downloading github.com/go-logr/zapr v0.1.0
go: downloading github.com/evanphx/json-patch v4.5.0+incompatible
go: extracting github.com/golang/groupcache v0.0.0-20190702054246-869f871628b6
go: downloading github.com/davecgh/go-spew v1.1.1
go: downloading github.com/json-iterator/go v1.1.10
go: extracting k8s.io/kube-openapi v0.0.0-20200410145947-bcb3869e6f29
go: extracting github.com/google/gofuzz v1.0.0
go: downloading golang.org/x/oauth2 v0.0.0-20190604053449-0f29369cfe45
go: extracting github.com/evanphx/json-patch v4.5.0+incompatible
go: extracting github.com/go-logr/zapr v0.1.0
go: downloading gopkg.in/inf.v0 v0.9.1
go: downloading github.com/googleapis/gnostic v0.3.1
go: extracting github.com/davecgh/go-spew v1.1.1
go: downloading github.com/lightstep/tracecontext.go v0.0.0-20181129014701-1757c391b1ac
go: downloading golang.org/x/crypto v0.0.0-20200622213623-75b288015ac9
go: extracting golang.org/x/sys v0.0.0-20200615200032-f1bc736245b1
go: extracting github.com/json-iterator/go v1.1.10
go: downloading github.com/modern-go/reflect2 v1.0.1
go: extracting golang.org/x/oauth2 v0.0.0-20190604053449-0f29369cfe45
go: extracting github.com/googleapis/gnostic v0.3.1
go: extracting gopkg.in/inf.v0 v0.9.1
go: downloading k8s.io/apiextensions-apiserver v0.17.8
go: downloading github.com/modern-go/concurrent v0.0.0-20180306012644-bacd9c7ef1dd
go: downloading github.com/imdario/mergo v0.3.9
go: downloading github.com/google/go-cmp v0.5.0
go: downloading k8s.io/klog/v2 v2.0.0
go: extracting github.com/lightstep/tracecontext.go v0.0.0-20181129014701-1757c391b1ac
go: downloading github.com/cespare/xxhash/v2 v2.1.1
go: downloading gopkg.in/yaml.v2 v2.3.0
go: extracting golang.org/x/crypto v0.0.0-20200622213623-75b288015ac9
go: extracting github.com/modern-go/reflect2 v1.0.1
go: downloading sigs.k8s.io/yaml v1.1.0
go: extracting k8s.io/klog/v2 v2.0.0
go: extracting github.com/google/go-cmp v0.5.0
go: extracting github.com/imdario/mergo v0.3.9
go: extracting github.com/modern-go/concurrent v0.0.0-20180306012644-bacd9c7ef1dd
go: extracting github.com/cespare/xxhash/v2 v2.1.1
go: extracting gopkg.in/yaml.v2 v2.3.0
go: extracting k8s.io/apiextensions-apiserver v0.17.8
go: extracting sigs.k8s.io/yaml v1.1.0
go: finding github.com/prometheus/client_golang v1.7.1
go: finding github.com/google/uuid v1.1.1
go: finding github.com/opentracing/opentracing-go v1.2.0
go: finding golang.org/x/xerrors v0.0.0-20191204190536-9bdfabe68543
go: finding github.com/golang/protobuf v1.4.2
go: finding github.com/grpc-ecosystem/go-grpc-middleware v1.2.0
go: finding github.com/uber/jaeger-client-go v2.24.0+incompatible
go: finding google.golang.org/grpc v1.30.0
go: finding github.com/go-logr/logr v0.1.0
go: finding sigs.k8s.io/controller-runtime v0.5.8
go: finding google.golang.org/protobuf v1.23.0
go: finding github.com/pkg/errors v0.9.1
go: finding github.com/cloudevents/sdk-go v1.2.0
go: finding k8s.io/api v0.17.8
go: finding google.golang.org/genproto v0.0.0-20190916214212-f660b8655731
go: finding k8s.io/apimachinery v0.17.8
go: finding github.com/beorn7/perks v1.0.1
go: finding github.com/gorilla/mux v1.7.4
go: finding github.com/cespare/xxhash/v2 v2.1.1
go: finding github.com/uber/jaeger-lib v2.2.0+incompatible
go: finding golang.org/x/net v0.0.0-20200520004742-59133d7f0dd7
go: finding github.com/prometheus/client_model v0.2.0
go: finding github.com/prometheus/common v0.10.0
go: finding github.com/gogo/protobuf v1.3.1
go: finding github.com/prometheus/procfs v0.1.3
go: finding github.com/go-logr/zapr v0.1.0
go: finding go.opencensus.io v0.22.0
go: finding go.uber.org/zap v1.15.0
go: finding github.com/evanphx/json-patch v4.5.0+incompatible
go: finding github.com/spf13/pflag v1.0.5
go: finding golang.org/x/sys v0.0.0-20200615200032-f1bc736245b1
go: finding k8s.io/client-go v0.17.8
go: finding github.com/lightstep/tracecontext.go v0.0.0-20181129014701-1757c391b1ac
go: finding go.uber.org/atomic v1.6.0
go: finding gomodules.xyz/jsonpatch/v2 v2.0.1
go: finding github.com/google/gofuzz v1.0.0
go: finding gopkg.in/inf.v0 v0.9.1
go: finding github.com/matttproud/golang_protobuf_extensions v1.0.1
go: finding k8s.io/utils v0.0.0-20200619165400-6e3d28b6ed19
go: finding golang.org/x/time v0.0.0-20190921001708-c4c64cad1fd0
go: finding golang.org/x/text v0.3.3
go: finding go.uber.org/multierr v1.5.0
go: finding github.com/hashicorp/golang-lru v0.5.4
go: finding k8s.io/klog v1.0.0
go: finding gopkg.in/fsnotify.v1 v1.4.7
go: finding github.com/imdario/mergo v0.3.9
go: finding golang.org/x/crypto v0.0.0-20200622213623-75b288015ac9
go: finding github.com/json-iterator/go v1.1.10
go: finding github.com/golang/groupcache v0.0.0-20190702054246-869f871628b6
go: finding github.com/googleapis/gnostic v0.3.1
go: finding github.com/modern-go/reflect2 v1.0.1
go: finding k8s.io/apiextensions-apiserver v0.17.8
go: finding sigs.k8s.io/yaml v1.1.0
go: finding github.com/modern-go/concurrent v0.0.0-20180306012644-bacd9c7ef1dd
go: finding k8s.io/kube-openapi v0.0.0-20200410145947-bcb3869e6f29
go: finding github.com/davecgh/go-spew v1.1.1
go: finding golang.org/x/oauth2 v0.0.0-20190604053449-0f29369cfe45
go: finding gopkg.in/yaml.v2 v2.3.0
go: finding github.com/google/go-cmp v0.5.0
go: finding k8s.io/klog/v2 v2.0.0
go vet ./api/... ./predictor/... ./k8s/...
go: downloading github.com/onsi/gomega v1.10.1
go: downloading gotest.tools v2.2.0+incompatible
go: extracting github.com/onsi/gomega v1.10.1
go: extracting gotest.tools v2.2.0+incompatible
go: finding github.com/onsi/gomega v1.10.1
go: finding gotest.tools v2.2.0+incompatible
go test ./api/... ./predictor/... ./k8s/... -coverprofile cover.out
?   	github.com/seldonio/seldon-core/executor/api	[no test files]
?   	github.com/seldonio/seldon-core/executor/api/client	[no test files]
ok  	github.com/seldonio/seldon-core/executor/api/grpc	0.157s	coverage: 18.0% of statements
ok  	github.com/seldonio/seldon-core/executor/api/grpc/seldon	1.481s	coverage: 48.5% of statements
?   	github.com/seldonio/seldon-core/executor/api/grpc/seldon/proto	[no test files]
?   	github.com/seldonio/seldon-core/executor/api/grpc/seldon/test	[no test files]
ok  	github.com/seldonio/seldon-core/executor/api/grpc/tensorflow	0.404s	coverage: 19.0% of statements
ok  	github.com/seldonio/seldon-core/executor/api/metric	0.137s	coverage: 31.6% of statements
ok  	github.com/seldonio/seldon-core/executor/api/payload	0.188s	coverage: 64.3% of statements
ok  	github.com/seldonio/seldon-core/executor/api/rest	1.516s	coverage: 67.4% of statements
?   	github.com/seldonio/seldon-core/executor/api/test	[no test files]
ok  	github.com/seldonio/seldon-core/executor/api/tracing	0.020s	coverage: 72.2% of statements
ok  	github.com/seldonio/seldon-core/executor/api/util	0.229s	coverage: 48.1% of statements
ok  	github.com/seldonio/seldon-core/executor/predictor	0.412s	coverage: 78.5% of statements
ok  	github.com/seldonio/seldon-core/executor/k8s	0.114s	coverage: 72.7% of statements
make: Leaving directory '/workspace/source/executor'
