
Showing logs for build [32mseldonio-seldon-core-pr-2783-no-2frwx-3[0m stage [32mpr-build-comment[0m and container [32mstep-credential-initializer-hld4p[0m
{"level":"info","ts":1608040363.474482,"logger":"fallback-logger","caller":"logging/config.go:69","msg":"Fetch GitHub commit ID from kodata failed: open /var/run/ko/refs/heads/0.8.0-ns-support: no such file or directory"}
{"level":"info","ts":1608040363.4767756,"logger":"fallback-logger","caller":"creds-init/main.go:40","msg":"Credentials initialized."}

Showing logs for build [32mseldonio-seldon-core-pr-2783-no-2frwx-3[0m stage [32mpr-build-comment[0m and container [32mstep-working-dir-initializer-qrn5c[0m
{"level":"info","ts":1608040364.4336042,"logger":"fallback-logger","caller":"logging/config.go:69","msg":"Fetch GitHub commit ID from kodata failed: open /var/run/ko/HEAD: no such file or directory"}
{"level":"info","ts":1608040364.4347012,"logger":"fallback-logger","caller":"bash/main.go:64","msg":"Successfully executed command \"sh -c mkdir -p /workspace/source\"; output "}

Showing logs for build [32mseldonio-seldon-core-pr-2783-no-2frwx-3[0m stage [32mpr-build-comment[0m and container [32mstep-place-tools[0m

Showing logs for build [32mseldonio-seldon-core-pr-2783-no-2frwx-3[0m stage [32mpr-build-comment[0m and container [32mstep-create-dir-workspace-s5mfw[0m
{"level":"info","ts":1608040372.5287962,"logger":"fallback-logger","caller":"logging/config.go:69","msg":"Fetch GitHub commit ID from kodata failed: open /var/run/ko/HEAD: no such file or directory"}
{"level":"info","ts":1608040372.530034,"logger":"fallback-logger","caller":"bash/main.go:64","msg":"Successfully executed command \"sh -c mkdir -p source\"; output "}

Showing logs for build [32mseldonio-seldon-core-pr-2783-no-2frwx-3[0m stage [32mpr-build-comment[0m and container [32mstep-git-source-seldonio-seldon-core-pr-2783-no-2frwx-qpc8b[0m
{"level":"info","ts":1608040372.8164513,"logger":"fallback-logger","caller":"logging/config.go:69","msg":"Fetch GitHub commit ID from kodata failed: open /var/run/ko/refs/heads/0.8.0-ns-support: no such file or directory"}
{"level":"info","ts":1608040378.2247272,"logger":"fallback-logger","caller":"git/git.go:103","msg":"Successfully cloned https://github.com/SeldonIO/seldon-core.git @ master in path /workspace/source"}

Showing logs for build [32mseldonio-seldon-core-pr-2783-no-2frwx-3[0m stage [32mpr-build-comment[0m and container [32mstep-setup-builder-home[0m

Showing logs for build [32mseldonio-seldon-core-pr-2783-no-2frwx-3[0m stage [32mpr-build-comment[0m and container [32mstep-git-merge[0m
Using SHAs from PULL_REFS=master:9fb1910100f24e0c20cbe652ea83f5996a5dabb8,2783:84c2ea9f609e59fca2bb8fd618a04ceac74c0a9b
DEBUG: JX_LOG_LEVEL=error LC_ALL=C git fetch origin --unshallow 84c2ea9f609e59fca2bb8fd618a04ceac74c0a9b: 9fb1910100f24e0c20cbe652ea83f5996a5dabb8:
DEBUG: ran git fetch --unshallow origin 84c2ea9f609e59fca2bb8fd618a04ceac74c0a9b: 9fb1910100f24e0c20cbe652ea83f5996a5dabb8: in 
DEBUG: LC_ALL=C JX_LOG_LEVEL=error git branch
DEBUG: LC_ALL=C JX_LOG_LEVEL=error git checkout master
DEBUG: ran git checkout master in 
DEBUG: LC_ALL=C JX_LOG_LEVEL=error git reset --hard 9fb1910100f24e0c20cbe652ea83f5996a5dabb8
DEBUG: ran git reset --hard 9fb1910100f24e0c20cbe652ea83f5996a5dabb8 in 
DEBUG: JX_LOG_LEVEL=error LC_ALL=C git clean -fd .
DEBUG: ran clean --force -d . in 
DEBUG: JX_LOG_LEVEL=error LC_ALL=C git merge 84c2ea9f609e59fca2bb8fd618a04ceac74c0a9b
DEBUG: ran git merge 84c2ea9f609e59fca2bb8fd618a04ceac74c0a9b in 
DEBUG: LC_ALL=C JX_LOG_LEVEL=error git log --format=%H%x1f%an%x1f%ae%x1f%cn%x1f%ce%x1f%s%n%b%x1e 9fb1910100f24e0c20cbe652ea83f5996a5dabb8..HEAD
Merged SHA 84c2ea9f609e59fca2bb8fd618a04ceac74c0a9b with commit message 'add dummy commit to test notebook tests' into base branch master

Showing logs for build [32mseldonio-seldon-core-pr-2783-no-2frwx-3[0m stage [32mpr-build-comment[0m and container [32mstep-step2[0m
+++ dirname ./add-pr-build-comment
++ cd .
++ pwd
+ STARTUP_DIR=/workspace/source/ci
+ REPO_OWNER=SeldonIO
+ REPO_NAME=seldon-core
+ PULL_NUMBER=2783
+ BUILD_NUMBER=3
+ PIPELINE_CONTEXT=notebooks
++ cat
+++ date
+ COMMENT_MSG='Tue Dec 15 13:53:14 UTC 2020
The logs for [notebooks] [3] will show after the pipeline context has finished.  
https://github.com/SeldonIO/seldon-core/blob/gh-pages/jenkins-x/logs/SeldonIO/seldon-core/PR-2783/3.log

impatient try  
** get build logs SeldonIO/seldon-core/PR-2783 --build=3'
+ ** step pr comment --owner=SeldonIO --repository=seldon-core --pull-request=2783 '--comment=Tue Dec 15 13:53:14 UTC 2020
The logs for [notebooks] [3] will show after the pipeline context has finished.  
https://github.com/SeldonIO/seldon-core/blob/gh-pages/jenkins-x/logs/SeldonIO/seldon-core/PR-2783/3.log

impatient try  
** get build logs SeldonIO/seldon-core/PR-2783 --build=3'

Showing logs for build [32mseldonio-seldon-core-pr-2783-no-2frwx-3[0m stage [32mpr-build-comment[0m and container [32mstep-source-mkdir-seldonio-seldon-core-pr-2783-no-2frwx-wktv6[0m
{"level":"info","ts":1608040396.4917476,"logger":"fallback-logger","caller":"logging/config.go:69","msg":"Fetch GitHub commit ID from kodata failed: open /var/run/ko/HEAD: no such file or directory"}
{"level":"info","ts":1608040396.4997625,"logger":"fallback-logger","caller":"bash/main.go:64","msg":"Successfully executed command \"sh -c mkdir -p /pvc/pr-build-comment/workspace\"; output "}

Showing logs for build [32mseldonio-seldon-core-pr-2783-no-2frwx-3[0m stage [32mpr-build-comment[0m and container [32mstep-source-copy-seldonio-seldon-core-pr-2783-no-2frwx-mlxkr[0m
{"level":"info","ts":1608040396.7150743,"logger":"fallback-logger","caller":"logging/config.go:69","msg":"Fetch GitHub commit ID from kodata failed: open /var/run/ko/HEAD: no such file or directory"}
{"level":"info","ts":1608040397.120511,"logger":"fallback-logger","caller":"bash/main.go:64","msg":"Successfully executed command \"sh -c cp -r source/. /pvc/pr-build-comment/workspace\"; output "}

Showing logs for build [32mseldonio-seldon-core-pr-2783-no-2frwx-3[0m stage [32mend-to-end[0m and container [32mstep-credential-initializer-np4r9[0m
{"level":"info","ts":1608040408.328167,"logger":"fallback-logger","caller":"logging/config.go:69","msg":"Fetch GitHub commit ID from kodata failed: open /var/run/ko/refs/heads/0.8.0-ns-support: no such file or directory"}
{"level":"info","ts":1608040408.3288147,"logger":"fallback-logger","caller":"creds-init/main.go:40","msg":"Credentials initialized."}

Showing logs for build [32mseldonio-seldon-core-pr-2783-no-2frwx-3[0m stage [32mend-to-end[0m and container [32mstep-working-dir-initializer-6bdgw[0m
{"level":"info","ts":1608040409.3679845,"logger":"fallback-logger","caller":"logging/config.go:69","msg":"Fetch GitHub commit ID from kodata failed: open /var/run/ko/HEAD: no such file or directory"}
{"level":"info","ts":1608040409.369277,"logger":"fallback-logger","caller":"bash/main.go:64","msg":"Successfully executed command \"sh -c mkdir -p /workspace/source\"; output "}

Showing logs for build [32mseldonio-seldon-core-pr-2783-no-2frwx-3[0m stage [32mend-to-end[0m and container [32mstep-place-tools[0m

Showing logs for build [32mseldonio-seldon-core-pr-2783-no-2frwx-3[0m stage [32mend-to-end[0m and container [32mstep-create-dir-workspace-fchrv[0m
{"level":"info","ts":1608040415.4748507,"logger":"fallback-logger","caller":"logging/config.go:69","msg":"Fetch GitHub commit ID from kodata failed: open /var/run/ko/HEAD: no such file or directory"}
{"level":"info","ts":1608040415.4762053,"logger":"fallback-logger","caller":"bash/main.go:64","msg":"Successfully executed command \"sh -c mkdir -p /workspace/source\"; output "}

Showing logs for build [32mseldonio-seldon-core-pr-2783-no-2frwx-3[0m stage [32mend-to-end[0m and container [32mstep-source-copy-workspace-cmjkn[0m
{"level":"info","ts":1608040415.6882753,"logger":"fallback-logger","caller":"logging/config.go:69","msg":"Fetch GitHub commit ID from kodata failed: open /var/run/ko/HEAD: no such file or directory"}
{"level":"info","ts":1608040421.9174945,"logger":"fallback-logger","caller":"bash/main.go:64","msg":"Successfully executed command \"sh -c cp -r /pvc/pr-build-comment/workspace/. /workspace/source\"; output "}

Showing logs for build [32mseldonio-seldon-core-pr-2783-no-2frwx-3[0m stage [32mend-to-end[0m and container [32mstep-setup-builder-home[0m

Showing logs for build [32mseldonio-seldon-core-pr-2783-no-2frwx-3[0m stage [32mend-to-end[0m and container [32mstep-test-end-to-end[0m
Test run type is: [notebooks]
Starting Docker: docker.
kind create cluster --config ../resources/kind_config.yaml
Creating cluster "kind" ...
 â€¢ Ensuring node image (kindest/node:v1.16.3) ðŸ–¼  ...
 âœ“ Ensuring node image (kindest/node:v1.16.3) ðŸ–¼
 â€¢ Preparing nodes ðŸ“¦  ...
 âœ“ Preparing nodes ðŸ“¦
 â€¢ Writing configuration ðŸ“œ  ...
 âœ“ Writing configuration ðŸ“œ
 â€¢ Starting control-plane ðŸ•¹ï¸  ...
 âœ“ Starting control-plane ðŸ•¹ï¸
 â€¢ Installing CNI ðŸ”Œ  ...
 âœ“ Installing CNI ðŸ”Œ
 â€¢ Installing StorageClass ðŸ’¾  ...
 âœ“ Installing StorageClass ðŸ’¾
 â€¢ Joining worker nodes ðŸšœ  ...
 âœ“ Joining worker nodes ðŸšœ
Set kubectl context to "kind-kind"
You can now use your cluster with:

kubectl cluster-info --context kind-kind

Not sure what to do next? ðŸ˜… Check out https://kind.sigs.k8s.io/docs/user/quick-start/
`kind get kubeconfig-path` is deprecated!

KIND will export and merge kubeconfig like kops, minikube, etc.
This command is now unnecessary and will be removed in a future release.

For more info see: https://github.com/kubernetes-sigs/kind/issues/1060
See also the output of `kind create cluster`

Files changed in python folder:
SKIPPING PYTHON IMAGE BUILD...
Files changed in operator folder:
SKIPPING OPERATOR IMAGE BUILD...
Files changed in engine folder:
SKIPPING ENGINE IMAGE BUILD...
Files changed in executor folder:
executor/dummy
cd ../../executor && make kind-image-install
make[1]: Entering directory '/workspace/source/executor'
rm -rf _operator
cp -r ../operator _operator
go fmt ./api/... ./predictor/... ./k8s/... ./logger/...
go: downloading github.com/prometheus/client_golang v1.7.1
go: downloading github.com/gorilla/mux v1.8.0
go: downloading github.com/pkg/errors v0.9.1
go: downloading google.golang.org/grpc v1.32.0
go: downloading github.com/golang/protobuf v1.4.2
go: downloading github.com/cloudevents/sdk-go v1.2.0
go: downloading sigs.k8s.io/controller-runtime v0.6.4
go: downloading github.com/go-logr/logr v0.1.0
go: downloading github.com/ghodss/yaml v1.0.0
go: downloading github.com/google/uuid v1.1.2
go: downloading github.com/uber/jaeger-client-go v2.25.0+incompatible
go: downloading google.golang.org/protobuf v1.25.0
go: downloading github.com/kedacore/keda v0.0.0-20200911122749-717aab81817f
go: downloading github.com/opentracing/opentracing-go v1.2.0
go: downloading k8s.io/apimachinery v0.18.8
go: downloading google.golang.org/genproto v0.0.0-20200731012542-8145dea6a485
go: downloading github.com/prometheus/common v0.14.0
go: downloading go.uber.org/atomic v1.6.0
go: downloading github.com/cespare/xxhash v1.1.0
go: downloading github.com/cespare/xxhash/v2 v2.1.1
go: downloading golang.org/x/net v0.0.0-20200822124328-c89045814202
go: downloading golang.org/x/xerrors v0.0.0-20200804184101-5ec99f83aff1
go: downloading github.com/beorn7/perks v1.0.1
go: downloading github.com/prometheus/procfs v0.1.3
go: downloading github.com/confluentinc/confluent-kafka-go v1.4.2
go: downloading github.com/google/gofuzz v1.1.0
go: downloading k8s.io/klog v1.0.0
go: downloading github.com/spf13/pflag v1.0.5
go: downloading k8s.io/api v0.18.8
go: downloading knative.dev/pkg v0.0.0-20200911145400-2d4efecc6bc1
go: downloading k8s.io/client-go v0.18.8
go: downloading github.com/uber/jaeger-lib v2.2.0+incompatible
go: downloading go.uber.org/zap v1.16.0
go: downloading gopkg.in/yaml.v2 v2.4.0
go: downloading github.com/prometheus/client_model v0.2.0
go: downloading golang.org/x/sys v0.0.0-20200905004654-be1d3432aa8f
go: downloading go.opencensus.io v0.22.4
go: downloading sigs.k8s.io/structured-merge-diff v1.0.1
go: downloading sigs.k8s.io/structured-merge-diff/v3 v3.0.1-0.20200706213357-43c19bbb7fba
go: downloading github.com/grpc-ecosystem/go-grpc-middleware v1.2.1
go: downloading github.com/googleapis/gnostic v0.4.0
go: downloading github.com/fsnotify/fsnotify v1.4.9
go: downloading k8s.io/utils v0.0.0-20200603063816-c1c6865ac451
go: downloading golang.org/x/text v0.3.3
go: downloading github.com/json-iterator/go v1.1.10
go: downloading github.com/google/go-cmp v0.5.4
go: downloading github.com/go-logr/zapr v0.1.1
go: downloading github.com/matttproud/golang_protobuf_extensions v1.0.1
go: downloading github.com/gogo/protobuf v1.3.1
go: downloading golang.org/x/time v0.0.0-20200630173020-3af7569d3a1e
go: downloading github.com/imdario/mergo v0.3.11
go: downloading gopkg.in/inf.v0 v0.9.1
go: downloading go.uber.org/multierr v1.5.0
go: downloading golang.org/x/crypto v0.0.0-20200728195943-123391ffb6de
go: downloading github.com/modern-go/reflect2 v1.0.1
go: downloading gomodules.xyz/jsonpatch/v2 v2.1.0
go: downloading github.com/evanphx/json-patch v4.9.0+incompatible
go: downloading github.com/lightstep/tracecontext.go v0.0.0-20181129014701-1757c391b1ac
go: downloading k8s.io/kube-openapi v0.0.0-20200410145947-bcb3869e6f29
go: downloading k8s.io/apiextensions-apiserver v0.18.8
go: downloading sigs.k8s.io/yaml v1.2.0
go: downloading github.com/modern-go/concurrent v0.0.0-20180306012644-bacd9c7ef1dd
go: downloading github.com/golang/groupcache v0.0.0-20200121045136-8c9f03a8e57e
go: downloading github.com/hashicorp/golang-lru v0.5.4
go: downloading github.com/davecgh/go-spew v1.1.1
go: downloading golang.org/x/oauth2 v0.0.0-20200107190931-bf48bf16ab8d
go: downloading k8s.io/klog/v2 v2.0.0
api/util/utils_test.go
go vet ./api/... ./predictor/... ./k8s/... ./logger/...
go: downloading github.com/onsi/gomega v1.10.2
go: downloading gotest.tools v2.2.0+incompatible
go test ./api/... ./predictor/... ./k8s/... ./logger/... -coverprofile cover.out
?   	github.com/seldonio/seldon-core/executor/api	[no test files]
?   	github.com/seldonio/seldon-core/executor/api/client	[no test files]
ok  	github.com/seldonio/seldon-core/executor/api/grpc	0.110s	coverage: 18.0% of statements
?   	github.com/seldonio/seldon-core/executor/api/grpc/kfserving	[no test files]
?   	github.com/seldonio/seldon-core/executor/api/grpc/kfserving/inference	[no test files]
ok  	github.com/seldonio/seldon-core/executor/api/grpc/seldon	1.265s	coverage: 48.1% of statements
?   	github.com/seldonio/seldon-core/executor/api/grpc/seldon/proto	[no test files]
?   	github.com/seldonio/seldon-core/executor/api/grpc/seldon/test	[no test files]
ok  	github.com/seldonio/seldon-core/executor/api/grpc/tensorflow	0.176s	coverage: 19.0% of statements
ok  	github.com/seldonio/seldon-core/executor/api/kafka	0.111s	coverage: 1.2% of statements
ok  	github.com/seldonio/seldon-core/executor/api/metric	0.074s	coverage: 31.6% of statements
ok  	github.com/seldonio/seldon-core/executor/api/payload	0.086s	coverage: 64.3% of statements
ok  	github.com/seldonio/seldon-core/executor/api/rest	1.121s	coverage: 62.9% of statements
?   	github.com/seldonio/seldon-core/executor/api/test	[no test files]
ok  	github.com/seldonio/seldon-core/executor/api/tracing	0.021s	coverage: 72.2% of statements
ok  	github.com/seldonio/seldon-core/executor/api/util	0.044s	coverage: 38.0% of statements
ok  	github.com/seldonio/seldon-core/executor/predictor	0.141s	coverage: 68.3% of statements
ok  	github.com/seldonio/seldon-core/executor/k8s	0.086s	coverage: 72.7% of statements
?   	github.com/seldonio/seldon-core/executor/logger	[no test files]
mkdir -p api/rest/openapi/
cp ../openapi/swagger-ui/* api/rest/openapi/
cp ../openapi/engine.oas3.json api/rest/openapi/seldon.json
docker build -f Dockerfile.executor -t seldonio/seldon-core-executor:1.6.0-dev .
Sending build context to Docker daemon   23.6MB
Step 1/27 : FROM golang:1.13 as builder
1.13: Pulling from library/golang
d6ff36c9ec48: Pulling fs layer
c958d65b3090: Pulling fs layer
edaf0a6b092f: Pulling fs layer
80931cf68816: Pulling fs layer
813643441356: Pulling fs layer
799f41bb59c9: Pulling fs layer
16b5038bccc8: Pulling fs layer
799f41bb59c9: Waiting
80931cf68816: Waiting
16b5038bccc8: Waiting
813643441356: Waiting
c958d65b3090: Verifying Checksum
c958d65b3090: Download complete
edaf0a6b092f: Verifying Checksum
edaf0a6b092f: Download complete
d6ff36c9ec48: Verifying Checksum
d6ff36c9ec48: Download complete
80931cf68816: Verifying Checksum
80931cf68816: Download complete
813643441356: Verifying Checksum
813643441356: Download complete
16b5038bccc8: Verifying Checksum
16b5038bccc8: Download complete
799f41bb59c9: Verifying Checksum
799f41bb59c9: Download complete
d6ff36c9ec48: Pull complete
c958d65b3090: Pull complete
edaf0a6b092f: Pull complete
80931cf68816: Pull complete
813643441356: Pull complete
799f41bb59c9: Pull complete
16b5038bccc8: Pull complete
Digest: sha256:8ebb6d5a48deef738381b56b1d4cd33d99a5d608e0d03c5fe8dfa3f68d41a1f8
Status: Downloaded newer image for golang:1.13
 ---> d6f3656320fe
Step 2/27 : WORKDIR /workspace
 ---> Running in 884cc2b32089
Removing intermediate container 884cc2b32089
 ---> 232bbc59c8e9
Step 3/27 : COPY go.mod go.mod
 ---> 229a52137ddb
Step 4/27 : COPY go.sum go.sum
 ---> 1fa0b855b060
Step 5/27 : COPY proto/ proto/
 ---> 53768f01644f
Step 6/27 : COPY _operator/ _operator/
 ---> 10f9fe50433a
Step 7/27 : RUN go mod download
 ---> Running in b598194c7ee6
[91mgo: finding bazil.org/fuse v0.0.0-20180421153158-65cc252bf669
[0m[91mgo: finding cloud.google.com/go v0.62.0
[0m[91mgo: finding cloud.google.com/go/bigquery v1.8.0
[0m[91mgo: finding cloud.google.com/go/datastore v1.1.0
[0m[91mgo: finding cloud.google.com/go/firestore v1.1.0
[0m[91mgo: finding cloud.google.com/go/logging v1.0.0
[0m[91mgo: finding cloud.google.com/go/pubsub v1.6.1
[0m[91mgo: finding cloud.google.com/go/storage v1.10.0
[0m[91mgo: finding code.gitea.io/sdk/gitea v0.12.0
[0m[91mgo: finding contrib.go.opencensus.io/exporter/aws v0.0.0-20181029163544-2befc13012d0
[0m[91mgo: finding contrib.go.opencensus.io/exporter/ocagent v0.7.1-0.20200615190824-f8c219d2d895
[0m[91mgo: finding contrib.go.opencensus.io/exporter/prometheus v0.2.1-0.20200609204449-6bcf6f8577f0
[0m[91mgo: finding contrib.go.opencensus.io/exporter/stackdriver v0.13.2
[0m[91mgo: finding contrib.go.opencensus.io/exporter/zipkin v0.1.1
[0m[91mgo: finding contrib.go.opencensus.io/integrations/ocsql v0.1.4
[0m[91mgo: finding contrib.go.opencensus.io/resource v0.1.1
[0m[91mgo: finding dmitri.shuralyov.com/gpu/mtl v0.0.0-20190408044501-666a987793e9
[0m[91mgo: finding git.apache.org/thrift.git v0.12.0
[0m[91mgo: finding github.com/Azure/azure-amqp-common-go v1.1.4
[0m[91mgo: finding github.com/Azure/azure-amqp-common-go/v2 v2.1.0
[0m[91mgo: finding github.com/Azure/azure-amqp-common-go/v3 v3.0.1
[0m[91mgo: finding github.com/Azure/azure-event-hubs-go v1.3.1
[0m[91mgo: finding github.com/Azure/azure-pipeline-go v0.2.2
[0m[91mgo: finding github.com/Azure/azure-sdk-for-go v46.0.0+incompatible
[0m[91mgo: finding github.com/Azure/azure-service-bus-go v0.10.6
[0m[91mgo: finding github.com/Azure/azure-storage-blob-go v0.10.0
[0m[91mgo: finding github.com/Azure/azure-storage-queue-go v0.0.0-20191125232315-636801874cdd
[0m[91mgo: finding github.com/Azure/go-amqp v0.13.1
[0m[91mgo: finding github.com/Azure/go-ansiterm v0.0.0-20170929234023-d6e3b3328b78
[0m[91mgo: finding github.com/Azure/go-autorest v14.2.0+incompatible
[0m[91mgo: finding github.com/Azure/go-autorest/autorest v0.11.3
[0m[91mgo: finding github.com/Azure/go-autorest/autorest/adal v0.9.2
[0m[91mgo: finding github.com/Azure/go-autorest/autorest/azure/auth v0.5.1
[0m[91mgo: finding github.com/Azure/go-autorest/autorest/azure/cli v0.4.0
[0m[91mgo: finding github.com/Azure/go-autorest/autorest/date v0.3.0
[0m[91mgo: finding github.com/Azure/go-autorest/autorest/mocks v0.4.1
[0m[91mgo: finding github.com/Azure/go-autorest/autorest/to v0.4.0
[0m[91mgo: finding github.com/Azure/go-autorest/autorest/validation v0.3.0
[0m[91mgo: finding github.com/Azure/go-autorest/logger v0.2.0
[0m[91mgo: finding github.com/Azure/go-autorest/tracing v0.6.0
[0m[91mgo: finding github.com/BurntSushi/toml v0.3.1
[0m[91mgo: finding github.com/BurntSushi/xgb v0.0.0-20160522181843-27f122750802
[0m[91mgo: finding github.com/DataDog/zstd v1.4.1
[0m[91mgo: finding github.com/Djarvur/go-err113 v0.1.0
[0m[91mgo: finding github.com/GoogleCloudPlatform/cloud-builders/gcs-fetcher v0.0.0-20191203181535-308b93ad1f39
[0m[91mgo: finding github.com/GoogleCloudPlatform/cloudsql-proxy v0.0.0-20191009163259-e802c2cb94ae
[0m[91mgo: finding github.com/GoogleCloudPlatform/k8s-cloud-provider v0.0.0-20190822182118-27a4ced34534
[0m[91mgo: finding github.com/GoogleCloudPlatform/testgrid v0.0.13
[0m[91mgo: finding github.com/Huawei/gophercloud v1.0.21
[0m[91mgo: finding github.com/Knetic/govaluate v3.0.1-0.20171022003610-9aa49832a739+incompatible
[0m[91mgo: finding github.com/MakeNowJust/heredoc v0.0.0-20170808103936-bb23615498cd
[0m[91mgo: finding github.com/Masterminds/goutils v1.1.0
[0m[91mgo: finding github.com/Masterminds/semver v1.5.0
[0m[91mgo: finding github.com/Masterminds/semver/v3 v3.1.0
[0m[91mgo: finding github.com/Masterminds/sprig/v3 v3.0.2
[0m[91mgo: finding github.com/Masterminds/vcs v1.13.1
[0m[91mgo: finding github.com/Microsoft/go-winio v0.4.15-0.20190919025122-fc70bd9a86b5
[0m[91mgo: finding github.com/Microsoft/hcsshim v0.8.7
[0m[91mgo: finding github.com/NYTimes/gziphandler v0.0.0-20170623195520-56545f4a5d46
[0m[91mgo: finding github.com/OneOfOne/xxhash v1.2.2
[0m[91mgo: finding github.com/OpenPeeDeeP/depguard v1.0.1
[0m[91mgo: finding github.com/PuerkitoBio/purell v1.1.1
[0m[91mgo: finding github.com/PuerkitoBio/urlesc v0.0.0-20170810143723-de5bf2ad4578
[0m[91mgo: finding github.com/Shopify/logrus-bugsnag v0.0.0-20171204204709-577dee27f20d
[0m[91mgo: finding github.com/Shopify/sarama v1.27.0
[0m[91mgo: finding github.com/Shopify/toxiproxy v2.1.4+incompatible
[0m[91mgo: finding github.com/StackExchange/wmi v0.0.0-20180116203802-5d049714c4a6
[0m[91mgo: finding github.com/VividCortex/gohistogram v1.0.0
[0m[91mgo: finding github.com/afex/hystrix-go v0.0.0-20180502004556-fa1af6a1f4f5
[0m[91mgo: finding github.com/agnivade/levenshtein v1.0.1
[0m[91mgo: finding github.com/alcortesm/tgz v0.0.0-20161220082320-9c5fe88206d7
[0m[91mgo: finding github.com/alecthomas/kingpin v2.2.6+incompatible
[0m[91mgo: finding github.com/alecthomas/template v0.0.0-20190718012654-fb15b899a751
[0m[91mgo: finding github.com/alecthomas/units v0.0.0-20190924025748-f65c72e2690d
[0m[91mgo: finding github.com/andreyvit/diff v0.0.0-20170406064948-c7f18ee00883
[0m[91mgo: finding github.com/andybalholm/brotli v0.0.0-20190621154722-5f990b63d2d6
[0m[91mgo: finding github.com/andygrunwald/go-gerrit v0.0.0-20190120104749-174420ebee6c
[0m[91mgo: finding github.com/anmitsu/go-shlex v0.0.0-20161002113705-648efa622239
[0m[91mgo: finding github.com/antihax/optional v1.0.0
[0m[91mgo: finding github.com/apache/thrift v0.13.0
[0m[91mgo: finding github.com/apex/log v1.3.0
[0m[91mgo: finding github.com/apex/logs v0.0.4
[0m[91mgo: finding github.com/aphistic/golf v0.0.0-20180712155816-02c07f170c5a
[0m[91mgo: finding github.com/aphistic/sweet v0.2.0
[0m[91mgo: finding github.com/armon/circbuf v0.0.0-20150827004946-bbbad097214e
[0m[91mgo: finding github.com/armon/consul-api v0.0.0-20180202201655-eb2c6b5be1b6
[0m[91mgo: finding github.com/armon/go-metrics v0.0.0-20180917152333-f0300d1749da
[0m[91mgo: finding github.com/armon/go-radix v0.0.0-20180808171621-7fddfc383310
[0m[91mgo: finding github.com/armon/go-socks5 v0.0.0-20160902184237-e75332964ef5
[0m[91mgo: finding github.com/aryann/difflib v0.0.0-20170710044230-e206f873d14a
[0m[91mgo: finding github.com/asaskevich/govalidator v0.0.0-20200108200545-475eaeb16496
[0m[91mgo: finding github.com/aws/aws-k8s-tester v1.0.0
[0m[91mgo: finding github.com/aws/aws-lambda-go v1.13.3
[0m[91mgo: finding github.com/aws/aws-sdk-go v1.34.18
[0m[91mgo: finding github.com/aws/aws-sdk-go-v2 v0.18.0
[0m[91mgo: finding github.com/aybabtme/rgbterm v0.0.0-20170906152045-cc83f3b3ce59
[0m[91mgo: finding github.com/bazelbuild/buildtools v0.0.0-20190917191645-69366ca98f89
[0m[91mgo: finding github.com/beorn7/perks v1.0.1
[0m[91mgo: finding github.com/bgentry/speakeasy v0.1.0
[0m[91mgo: finding github.com/bitly/go-simplejson v0.5.0
[0m[91mgo: finding github.com/bketelsen/crypt v0.0.3-0.20200106085610-5cbc8cc4026c
[0m[91mgo: finding github.com/blakesmith/ar v0.0.0-20190502131153-809d4375e1fb
[0m[91mgo: finding github.com/blang/semver v3.5.1+incompatible
[0m[91mgo: finding github.com/bmizerany/assert v0.0.0-20160611221934-b7ed37b82869
[0m[91mgo: finding github.com/bmizerany/perks v0.0.0-20141205001514-d9a9656a3a4b
[0m[91mgo: finding github.com/bombsimon/wsl/v2 v2.2.0
[0m[91mgo: finding github.com/bombsimon/wsl/v3 v3.1.0
[0m[91mgo: finding github.com/bshuster-repo/logrus-logstash-hook v0.4.1
[0m[91mgo: finding github.com/bugsnag/bugsnag-go v0.0.0-20141110184014-b1d153021fcd
[0m[91mgo: finding github.com/bugsnag/osext v0.0.0-20130617224835-0dd3f918b21b
[0m[91mgo: finding github.com/bugsnag/panicwrap v0.0.0-20151223152923-e2c28503fcd0
[0m[91mgo: finding github.com/bwmarrin/snowflake v0.0.0
[0m[91mgo: finding github.com/caarlos0/ctrlc v1.0.0
[0m[91mgo: finding github.com/campoy/unique v0.0.0-20180121183637-88950e537e7e
[0m[91mgo: finding github.com/casbin/casbin/v2 v2.1.2
[0m[91mgo: finding github.com/cavaliercoder/go-cpio v0.0.0-20180626203310-925f9528c45e
[0m[91mgo: finding github.com/cenkalti/backoff v2.2.1+incompatible
[0m[91mgo: finding github.com/census-instrumentation/opencensus-proto v0.2.1
[0m[91mgo: finding github.com/cespare/xxhash v1.1.0
[0m[91mgo: finding github.com/cespare/xxhash/v2 v2.1.1
[0m[91mgo: finding github.com/chai2010/gettext-go v0.0.0-20160711120539-c6fed771bfd5
[0m[91mgo: finding github.com/chzyer/logex v1.1.10
[0m[91mgo: finding github.com/chzyer/readline v0.0.0-20180603132655-2972be24d48e
[0m[91mgo: finding github.com/chzyer/test v0.0.0-20180213035817-a1ea475d72b1
[0m[91mgo: finding github.com/cihub/seelog v0.0.0-20170130134532-f561c5e57575
[0m[91mgo: finding github.com/clarketm/json v1.13.4
[0m[91mgo: finding github.com/clbanning/x2j v0.0.0-20191024224557-825249438eec
[0m[91mgo: finding github.com/client9/misspell v0.3.4
[0m[91mgo: finding github.com/cloudevents/sdk-go v1.2.0
[0m[91mgo: finding github.com/cloudevents/sdk-go/v2 v2.0.0
[0m[91mgo: finding github.com/cncf/udpa/go v0.0.0-20191209042840-269d4d468f6f
[0m[91mgo: finding github.com/cockroachdb/datadriven v0.0.0-20190809214429-80d97fb3cbaa
[0m[91mgo: finding github.com/codahale/hdrhistogram v0.0.0-20161010025455-3a0bb77429bd
[0m[91mgo: finding github.com/confluentinc/confluent-kafka-go v1.4.2
[0m[91mgo: finding github.com/containerd/cgroups v0.0.0-20190919134610-bf292b21730f
[0m[91mgo: finding github.com/containerd/console v0.0.0-20180822173158-c12b1e7919c1
[0m[91mgo: finding github.com/containerd/containerd v1.3.3
[0m[91mgo: finding github.com/containerd/continuity v0.0.0-20200107194136-26c1120b8d41
[0m[91mgo: finding github.com/containerd/fifo v0.0.0-20190226154929-a9fb20d87448
[0m[91mgo: finding github.com/containerd/go-runc v0.0.0-20180907222934-5a6d9f37cfa3
[0m[91mgo: finding github.com/containerd/ttrpc v0.0.0-20190828154514-0e0f228740de
[0m[91mgo: finding github.com/containerd/typeurl v0.0.0-20180627222232-a93fcdb778cd
[0m[91mgo: finding github.com/coreos/bbolt v1.3.3
[0m[91mgo: finding github.com/coreos/etcd v3.3.17+incompatible
[0m[91mgo: finding github.com/coreos/go-etcd v2.0.0+incompatible
[0m[91mgo: finding github.com/coreos/go-oidc v2.1.0+incompatible
[0m[91mgo: finding github.com/coreos/go-semver v0.3.0
[0m[91mgo: finding github.com/coreos/go-systemd v0.0.0-20190321100706-95778dfbb74e
[0m[91mgo: finding github.com/coreos/pkg v0.0.0-20180928190104-399ea9e2e55f
[0m[91mgo: finding github.com/cpuguy83/go-md2man v1.0.10
[0m[91mgo: finding github.com/cpuguy83/go-md2man/v2 v2.0.0
[0m[91mgo: finding github.com/creack/pty v1.1.9
[0m[91mgo: finding github.com/cyphar/filepath-securejoin v0.2.2
[0m[91mgo: finding github.com/davecgh/go-spew v1.1.1
[0m[91mgo: finding github.com/daviddengcn/go-colortext v0.0.0-20160507010035-511bcaf42ccd
[0m[91mgo: finding github.com/deislabs/oras v0.8.1
[0m[91mgo: finding github.com/denisenkom/go-mssqldb v0.0.0-20191124224453-732737034ffd
[0m[91mgo: finding github.com/denverdino/aliyungo v0.0.0-20190125010748-a747050bb1ba
[0m[91mgo: finding github.com/devigned/tab v0.1.1
[0m[91mgo: finding github.com/dgrijalva/jwt-go v3.2.0+incompatible
[0m[91mgo: finding github.com/dgryski/go-gk v0.0.0-20200319235926-a69029f61654
[0m[91mgo: finding github.com/dgryski/go-sip13 v0.0.0-20181026042036-e10d5fee7954
[0m[91mgo: finding github.com/dimchansky/utfbom v1.1.0
[0m[91mgo: finding github.com/djherbis/atime v1.0.0
[0m[91mgo: finding github.com/dnaeon/go-vcr v1.0.1
[0m[91mgo: finding github.com/docker/cli v0.0.0-20200210162036-a4bedce16568
[0m[91mgo: finding github.com/docker/distribution v2.7.1+incompatible
[0m[91mgo: finding github.com/docker/docker v1.13.1
[0m[91mgo: finding github.com/docker/docker-credential-helpers v0.6.3
[0m[91mgo: finding github.com/docker/go-connections v0.4.0
[0m[91mgo: finding github.com/docker/go-metrics v0.0.0-20180209012529-399ea8c73916
[0m[91mgo: finding github.com/docker/go-units v0.4.0
[0m[91mgo: finding github.com/docker/libtrust v0.0.0-20150114040149-fa567046d9b1
[0m[91mgo: finding github.com/docker/spdystream v0.0.0-20160310174837-449fdfce4d96
[0m[91mgo: finding github.com/docopt/docopt-go v0.0.0-20180111231733-ee0de3bc6815
[0m[91mgo: finding github.com/dsnet/compress v0.0.1
[0m[91mgo: finding github.com/dsnet/golib v0.0.0-20171103203638-1ea166775780
[0m[91mgo: finding github.com/dustin/go-humanize v1.0.0
[0m[91mgo: finding github.com/eapache/go-resiliency v1.2.0
[0m[91mgo: finding github.com/eapache/go-xerial-snappy v0.0.0-20180814174437-776d5712da21
[0m[91mgo: finding github.com/eapache/queue v1.1.0
[0m[91mgo: finding github.com/edsrzf/mmap-go v1.0.0
[0m[91mgo: finding github.com/elazarl/goproxy v0.0.0-20180725130230-947c36da3153
[0m[91mgo: finding github.com/emicklei/go-restful v2.9.5+incompatible
[0m[91mgo: finding github.com/emicklei/go-restful-swagger12 v0.0.0-20170208215640-dcef7f557305
[0m[91mgo: finding github.com/emirpasic/gods v1.12.0
[0m[91mgo: finding github.com/envoyproxy/go-control-plane v0.9.4
[0m[91mgo: finding github.com/envoyproxy/protoc-gen-validate v0.1.0
[0m[91mgo: finding github.com/erikstmartin/go-testdb v0.0.0-20160219214506-8d10e4a1bae5
[0m[91mgo: finding github.com/evanphx/json-patch v4.9.0+incompatible
[0m[91mgo: finding github.com/exponent-io/jsonpath v0.0.0-20151013193312-d6023ce2651d
[0m[91mgo: finding github.com/fatih/camelcase v1.0.0
[0m[91mgo: finding github.com/fatih/color v1.9.0
[0m[91mgo: finding github.com/fatih/structs v1.1.0
[0m[91mgo: finding github.com/flynn/go-shlex v0.0.0-20150515145356-3f9db97f8568
[0m[91mgo: finding github.com/fortytw2/leaktest v1.3.0
[0m[91mgo: finding github.com/franela/goblin v0.0.0-20200105215937-c9ffbefa60db
[0m[91mgo: finding github.com/franela/goreq v0.0.0-20171204163338-bcd34c9993f8
[0m[91mgo: finding github.com/frankban/quicktest v1.10.0
[0m[91mgo: finding github.com/fsnotify/fsnotify v1.4.9
[0m[91mgo: finding github.com/fsouza/fake-gcs-server v1.19.4
[0m[91mgo: finding github.com/garyburd/redigo v0.0.0-20150301180006-535138d7bcd7
[0m[91mgo: finding github.com/ghodss/yaml v1.0.0
[0m[91mgo: finding github.com/gliderlabs/ssh v0.2.2
[0m[91mgo: finding github.com/globalsign/mgo v0.0.0-20181015135952-eeefdecb41b8
[0m[91mgo: finding github.com/go-bindata/go-bindata/v3 v3.1.3
[0m[91mgo: finding github.com/go-critic/go-critic v0.4.3
[0m[91mgo: finding github.com/go-gl/glfw v0.0.0-20190409004039-e6da0acd62b1
[0m[91mgo: finding github.com/go-gl/glfw/v3.3/glfw v0.0.0-20200222043503-6f7a984d4dc4
[0m[91mgo: finding github.com/go-ini/ini v1.55.0
[0m[91mgo: finding github.com/go-kit/kit v0.10.0
[0m[91mgo: finding github.com/go-ldap/ldap v3.0.2+incompatible
[0m[91mgo: finding github.com/go-lintpack/lintpack v0.5.2
[0m[91mgo: finding github.com/go-logfmt/logfmt v0.5.0
[0m[91mgo: finding github.com/go-logr/logr v0.1.0
[0m[91mgo: finding github.com/go-logr/zapr v0.1.1
[0m[91mgo: finding github.com/go-ole/go-ole v1.2.1
[0m[91mgo: finding github.com/go-openapi/analysis v0.19.5
[0m[91mgo: finding github.com/go-openapi/errors v0.19.2
[0m[91mgo: finding github.com/go-openapi/jsonpointer v0.19.3
[0m[91mgo: finding github.com/go-openapi/jsonreference v0.19.3
[0m[91mgo: finding github.com/go-openapi/loads v0.19.4
[0m[91mgo: finding github.com/go-openapi/runtime v0.19.4
[0m[91mgo: finding github.com/go-openapi/spec v0.19.6
[0m[91mgo: finding github.com/go-openapi/strfmt v0.19.3
[0m[91mgo: finding github.com/go-openapi/swag v0.19.7
[0m[91mgo: finding github.com/go-openapi/validate v0.19.5
[0m[91mgo: finding github.com/go-redis/redis v6.15.9+incompatible
[0m[91mgo: finding github.com/go-sql-driver/mysql v1.5.0
[0m[91mgo: finding github.com/go-stack/stack v1.8.0
[0m[91mgo: finding github.com/go-test/deep v1.0.4
[0m[91mgo: finding github.com/go-toolsmith/astcast v1.0.0
[0m[91mgo: finding github.com/go-toolsmith/astcopy v1.0.0
[0m[91mgo: finding github.com/go-toolsmith/astequal v1.0.0
[0m[91mgo: finding github.com/go-toolsmith/astfmt v1.0.0
[0m[91mgo: finding github.com/go-toolsmith/astinfo v0.0.0-20180906194353-9809ff7efb21
[0m[91mgo: finding github.com/go-toolsmith/astp v1.0.0
[0m[91mgo: finding github.com/go-toolsmith/pkgload v1.0.0
[0m[91mgo: finding github.com/go-toolsmith/strparse v1.0.0
[0m[91mgo: finding github.com/go-toolsmith/typep v1.0.2
[0m[91mgo: finding github.com/go-xmlfmt/xmlfmt v0.0.0-20191208150333-d5b6f63a941b
[0m[91mgo: finding github.com/go-yaml/yaml v2.1.0+incompatible
[0m[91mgo: finding github.com/gobuffalo/envy v1.7.1
[0m[91mgo: finding github.com/gobwas/glob v0.2.3
[0m[91mgo: finding github.com/godbus/dbus v0.0.0-20190422162347-ade71ed3457e
[0m[91mgo: finding github.com/gofrs/flock v0.7.1
[0m[91mgo: finding github.com/gogo/googleapis v1.1.0
[0m[91mgo: finding github.com/gogo/protobuf v1.3.1
[0m[91mgo: finding github.com/golang-sql/civil v0.0.0-20190719163853-cb61b32ac6fe
[0m[91mgo: finding github.com/golang/gddo v0.0.0-20190419222130-af0f2af80721
[0m[91mgo: finding github.com/golang/glog v0.0.0-20160126235308-23def4e6c14b
[0m[91mgo: finding github.com/golang/groupcache v0.0.0-20200121045136-8c9f03a8e57e
[0m[91mgo: finding github.com/golang/lint v0.0.0-20180702182130-06c8688daad7
[0m[91mgo: finding github.com/golang/mock v1.4.4
[0m[91mgo: finding github.com/golang/protobuf v1.4.2
[0m[91mgo: finding github.com/golang/snappy v0.0.1
[0m[91mgo: finding github.com/golangci/check v0.0.0-20180506172741-cfe4005ccda2
[0m[91mgo: finding github.com/golangci/dupl v0.0.0-20180902072040-3e9179ac440a
[0m[91mgo: finding github.com/golangci/errcheck v0.0.0-20181223084120-ef45e06d44b6
[0m[91mgo: finding github.com/golangci/go-misc v0.0.0-20180628070357-927a3d87b613
[0m[91mgo: finding github.com/golangci/goconst v0.0.0-20180610141641-041c5f2b40f3
[0m[91mgo: finding github.com/golangci/gocyclo v0.0.0-20180528144436-0a533e8fa43d
[0m[91mgo: finding github.com/golangci/gofmt v0.0.0-20190930125516-244bba706f1a
[0m[91mgo: finding github.com/golangci/golangci-lint v1.27.0
[0m[91mgo: finding github.com/golangci/ineffassign v0.0.0-20190609212857-42439a7714cc
[0m[91mgo: finding github.com/golangci/lint-1 v0.0.0-20191013205115-297bf364a8e0
[0m[91mgo: finding github.com/golangci/maligned v0.0.0-20180506175553-b1d89398deca
[0m[91mgo: finding github.com/golangci/misspell v0.3.5
[0m[91mgo: finding github.com/golangci/prealloc v0.0.0-20180630174525-215b22d4de21
[0m[91mgo: finding github.com/golangci/revgrep v0.0.0-20180812185044-276a5c0a1039
[0m[91mgo: finding github.com/golangci/unconvert v0.0.0-20180507085042-28b1c447d1f4
[0m[91mgo: finding github.com/golangplus/bytes v0.0.0-20160111154220-45c989fe5450
[0m[91mgo: finding github.com/golangplus/fmt v0.0.0-20150411045040-2a5d6d7d2995
[0m[91mgo: finding github.com/golangplus/testing v0.0.0-20180327235837-af21d9c3145e
[0m[91mgo: finding github.com/gomodule/redigo v1.7.0
[0m[91mgo: finding github.com/google/btree v1.0.0
[0m[91mgo: finding github.com/google/go-cmp v0.5.4
[0m[91mgo: finding github.com/google/go-containerregistry v0.1.1
[0m[91mgo: finding github.com/google/go-github v17.0.0+incompatible
[0m[91mgo: finding github.com/google/go-github/v27 v27.0.6
[0m[91mgo: finding github.com/google/go-github/v28 v28.1.1
[0m[91mgo: finding github.com/google/go-github/v29 v29.0.3
[0m[91mgo: finding github.com/google/go-licenses v0.0.0-20200227160636-0fa8c766a591
[0m[91mgo: finding github.com/google/go-querystring v1.0.0
[0m[91mgo: finding github.com/google/go-replayers/grpcreplay v0.1.0
[0m[91mgo: finding github.com/google/go-replayers/httpreplay v0.1.0
[0m[91mgo: finding github.com/google/gofuzz v1.1.0
[0m[91mgo: finding github.com/google/licenseclassifier v0.0.0-20200708223521-3d09a0ea2f39
[0m[91mgo: finding github.com/google/mako v0.0.0-20190821191249-122f8dcef9e3
[0m[91mgo: finding github.com/google/martian v2.1.1-0.20190517191504-25dcb96d9e51+incompatible
[0m[91mgo: finding github.com/google/martian/v3 v3.0.0
[0m[91mgo: finding github.com/google/pprof v0.0.0-20200708004538-1a94d8640e99
[0m[91mgo: finding github.com/google/renameio v0.1.0
[0m[91mgo: finding github.com/google/rpmpack v0.0.0-20191226140753-aa36bfddb3a0
[0m[91mgo: finding github.com/google/subcommands v1.0.1
[0m[91mgo: finding github.com/google/uuid v1.1.2
[0m[91mgo: finding github.com/google/wire v0.4.0
[0m[91mgo: finding github.com/googleapis/gax-go v2.0.2+incompatible
[0m[91mgo: finding github.com/googleapis/gax-go/v2 v2.0.5
[0m[91mgo: finding github.com/googleapis/gnostic v0.4.0
[0m[91mgo: finding github.com/gookit/color v1.2.4
[0m[91mgo: finding github.com/gophercloud/gophercloud v0.1.0
[0m[91mgo: finding github.com/gopherjs/gopherjs v0.0.0-20181017120253-0766667cb4d1
[0m[91mgo: finding github.com/goreleaser/goreleaser v0.136.0
[0m[91mgo: finding github.com/goreleaser/nfpm v1.3.0
[0m[91mgo: finding github.com/gorilla/context v1.1.1
[0m[91mgo: finding github.com/gorilla/csrf v1.6.2
[0m[91mgo: finding github.com/gorilla/handlers v1.4.2
[0m[91mgo: finding github.com/gorilla/mux v1.8.0
[0m[91mgo: finding github.com/gorilla/securecookie v1.1.1
[0m[91mgo: finding github.com/gorilla/sessions v1.2.0
[0m[91mgo: finding github.com/gorilla/websocket v1.4.2
[0m[91mgo: finding github.com/gostaticanalysis/analysisutil v0.0.3
[0m[91mgo: finding github.com/gosuri/uitable v0.0.4
[0m[91mgo: finding github.com/gotestyourself/gotestyourself v2.2.0+incompatible
[0m[91mgo: finding github.com/gregjones/httpcache v0.0.0-20190212212710-3befbb6ad0cc
[0m[91mgo: finding github.com/grpc-ecosystem/go-grpc-middleware v1.2.1
[0m[91mgo: finding github.com/grpc-ecosystem/go-grpc-prometheus v1.2.0
[0m[91mgo: finding github.com/grpc-ecosystem/grpc-gateway v1.14.6
[0m[91mgo: finding github.com/h2non/gock v1.0.9
[0m[91mgo: finding github.com/hashicorp/consul/api v1.3.0
[0m[91mgo: finding github.com/hashicorp/consul/sdk v0.3.0
[0m[91mgo: finding github.com/hashicorp/errwrap v1.0.0
[0m[91mgo: finding github.com/hashicorp/go-cleanhttp v0.5.1
[0m[91mgo: finding github.com/hashicorp/go-hclog v0.9.2
[0m[91mgo: finding github.com/hashicorp/go-immutable-radix v1.0.0
[0m[91mgo: finding github.com/hashicorp/go-msgpack v0.5.3
[0m[91mgo: finding github.com/hashicorp/go-multierror v1.1.0
[0m[91mgo: finding github.com/hashicorp/go-plugin v1.0.1
[0m[91mgo: finding github.com/hashicorp/go-retryablehttp v0.6.6
[0m[91mgo: finding github.com/hashicorp/go-rootcerts v1.0.1
[0m[91mgo: finding github.com/hashicorp/go-sockaddr v1.0.2
[0m[91mgo: finding github.com/hashicorp/go-syslog v1.0.0
[0m[91mgo: finding github.com/hashicorp/go-uuid v1.0.2
[0m[91mgo: finding github.com/hashicorp/go-version v1.2.0
[0m[91mgo: finding github.com/hashicorp/go.net v0.0.1
[0m[91mgo: finding github.com/hashicorp/golang-lru v0.5.4
[0m[91mgo: finding github.com/hashicorp/hcl v1.0.0
[0m[91mgo: finding github.com/hashicorp/logutils v1.0.0
[0m[91mgo: finding github.com/hashicorp/mdns v1.0.0
[0m[91mgo: finding github.com/hashicorp/memberlist v0.1.3
[0m[91mgo: finding github.com/hashicorp/serf v0.8.2
[0m[91mgo: finding github.com/hashicorp/vault/api v1.0.4
[0m[91mgo: finding github.com/hashicorp/vault/sdk v0.1.13
[0m[91mgo: finding github.com/hashicorp/yamux v0.0.0-20181012175058-2f1d1f20f75d
[0m[91mgo: finding github.com/hpcloud/tail v1.0.0
[0m[91mgo: finding github.com/huandu/xstrings v1.2.0
[0m[91mgo: finding github.com/hudl/fargo v1.3.0
[0m[91mgo: finding github.com/ianlancetaylor/demangle v0.0.0-20181102032728-5e5cf60278f6
[0m[91mgo: finding github.com/imdario/mergo v0.3.11
[0m[91mgo: finding github.com/inconshreveable/mousetrap v1.0.0
[0m[91mgo: finding github.com/influxdata/influxdb v0.0.0-20161215172503-049f9b42e9a5
[0m[91mgo: finding github.com/influxdata/influxdb1-client v0.0.0-20191209144304-8bf82d3c094d
[0m[91mgo: finding github.com/influxdata/tdigest v0.0.0-20181121200506-bf2b5ad3c0a9
[0m[91mgo: finding github.com/jarcoal/httpmock v1.0.5
[0m[91mgo: finding github.com/jbenet/go-context v0.0.0-20150711004518-d14ea06fba99
[0m[91mgo: finding github.com/jcmturner/gofork v1.0.0
[0m[91mgo: finding github.com/jenkins-x/go-scm v1.5.117
[0m[91mgo: finding github.com/jessevdk/go-flags v1.4.0
[0m[91mgo: finding github.com/jingyugao/rowserrcheck v0.0.0-20191204022205-72ab7603b68a
[0m[91mgo: finding github.com/jinzhu/gorm v1.9.12
[0m[91mgo: finding github.com/jinzhu/inflection v1.0.0
[0m[91mgo: finding github.com/jinzhu/now v1.1.1
[0m[91mgo: finding github.com/jirfag/go-printf-func-name v0.0.0-20200119135958-7558a9eaa5af
[0m[91mgo: finding github.com/jmespath/go-jmespath v0.3.0
[0m[91mgo: finding github.com/jmoiron/sqlx v1.2.1-0.20190826204134-d7d95172beb5
[0m[91mgo: finding github.com/joefitzgerald/rainbow-reporter v0.1.0
[0m[91mgo: finding github.com/joho/godotenv v1.3.0
[0m[91mgo: finding github.com/jonboulle/clockwork v0.1.0
[0m[91mgo: finding github.com/jpillora/backoff v1.0.0
[0m[91mgo: finding github.com/json-iterator/go v1.1.10
[0m[91mgo: finding github.com/jstemmer/go-junit-report v0.9.1
[0m[91mgo: finding github.com/jtolds/gls v4.20.0+incompatible
[0m[91mgo: finding github.com/julienschmidt/httprouter v1.3.0
[0m[91mgo: finding github.com/kballard/go-shellquote v0.0.0-20180428030007-95032a82bc51
[0m[91mgo: finding github.com/kedacore/keda v0.0.0-20200911122749-717aab81817f
[0m[91mgo: finding github.com/kelseyhightower/envconfig v1.4.0
[0m[91mgo: finding github.com/kevinburke/ssh_config v0.0.0-20190725054713-01f96b0aa0cd
[0m[91mgo: finding github.com/kisielk/errcheck v1.2.0
[0m[91mgo: finding github.com/kisielk/gotool v1.0.0
[0m[91mgo: finding github.com/klauspost/compress v1.10.10
[0m[91mgo: finding github.com/klauspost/cpuid v1.2.2
[0m[91mgo: finding github.com/klauspost/pgzip v1.2.1
[0m[91mgo: finding github.com/knative/build v0.1.2
[0m[91mgo: finding github.com/konsorten/go-windows-terminal-sequences v1.0.3
[0m[91mgo: finding github.com/kr/logfmt v0.0.0-20140226030751-b84e30acd515
[0m[91mgo: finding github.com/kr/pretty v0.2.0
[0m[91mgo: finding github.com/kr/pty v1.1.8
[0m[91mgo: finding github.com/kr/text v0.2.0
[0m[91mgo: finding github.com/kubernetes-incubator/custom-metrics-apiserver v0.0.0-20200618121405-54026617ec44
[0m[91mgo: finding github.com/lib/pq v1.8.0
[0m[91mgo: finding github.com/liggitt/tabwriter v0.0.0-20181228230101-89fcab3d43de
[0m[91mgo: finding github.com/lightstep/lightstep-tracer-common/golang/gogo v0.0.0-20190605223551-bc2310a04743
[0m[91mgo: finding github.com/lightstep/lightstep-tracer-go v0.18.1
[0m[91mgo: finding github.com/lightstep/tracecontext.go v0.0.0-20181129014701-1757c391b1ac
[0m[91mgo: finding github.com/lithammer/dedent v1.1.0
[0m[91mgo: finding github.com/logrusorgru/aurora v0.0.0-20181002194514-a7b3b318ed4e
[0m[91mgo: finding github.com/lyft/protoc-gen-validate v0.0.13
[0m[91mgo: finding github.com/magiconair/properties v1.8.1
[0m[91mgo: finding github.com/mailru/easyjson v0.7.1-0.20191009090205-6c0755d89d1e
[0m[91mgo: finding github.com/maratori/testpackage v1.0.1
[0m[91mgo: finding github.com/markbates/inflect v1.0.4
[0m[91mgo: finding github.com/marstr/guid v1.1.0
[0m[91mgo: finding github.com/matoous/godox v0.0.0-20190911065817-5d6d842e92eb
[0m[91mgo: finding github.com/mattbaird/jsonpatch v0.0.0-20171005235357-81af80346b1a
[0m[91mgo: finding github.com/mattn/go-colorable v0.1.6
[0m[91mgo: finding github.com/mattn/go-ieproxy v0.0.1
[0m[91mgo: finding github.com/mattn/go-isatty v0.0.12
[0m[91mgo: finding github.com/mattn/go-runewidth v0.0.8
[0m[91mgo: finding github.com/mattn/go-shellwords v1.0.10
[0m[91mgo: finding github.com/mattn/go-sqlite3 v2.0.1+incompatible
[0m[91mgo: finding github.com/mattn/go-zglob v0.0.2
[0m[91mgo: finding github.com/mattn/goveralls v0.0.2
[0m[91mgo: finding github.com/matttproud/golang_protobuf_extensions v1.0.1
[0m[91mgo: finding github.com/maxbrunsfeld/counterfeiter/v6 v6.2.2
[0m[91mgo: finding github.com/mgutz/ansi v0.0.0-20170206155736-9520e82c474b
[0m[91mgo: finding github.com/mholt/archiver/v3 v3.3.0
[0m[91mgo: finding github.com/miekg/dns v1.0.14
[0m[91mgo: finding github.com/mitchellh/cli v1.0.0
[0m[91mgo: finding github.com/mitchellh/copystructure v1.0.0
[0m[91mgo: finding github.com/mitchellh/go-homedir v1.1.0
[0m[91mgo: finding github.com/mitchellh/go-ps v0.0.0-20190716172923-621e5597135b
[0m[91mgo: finding github.com/mitchellh/go-testing-interface v1.0.0
[0m[91mgo: finding github.com/mitchellh/go-wordwrap v1.0.0
[0m[91mgo: finding github.com/mitchellh/gox v0.4.0
[0m[91mgo: finding github.com/mitchellh/hashstructure v1.0.0
[0m[91mgo: finding github.com/mitchellh/iochan v1.0.0
[0m[91mgo: finding github.com/mitchellh/ioprogress v0.0.0-20180201004757-6a23b12fa88e
[0m[91mgo: finding github.com/mitchellh/mapstructure v1.3.3
[0m[91mgo: finding github.com/mitchellh/osext v0.0.0-20151018003038-5e2d6d41470f
[0m[91mgo: finding github.com/mitchellh/reflectwalk v1.0.0
[0m[91mgo: finding github.com/modern-go/concurrent v0.0.0-20180306012644-bacd9c7ef1dd
[0m[91mgo: finding github.com/modern-go/reflect2 v1.0.1
[0m[91mgo: finding github.com/mohae/deepcopy v0.0.0-20170929034955-c48cc78d4826
[0m[91mgo: finding github.com/morikuni/aec v1.0.0
[0m[91mgo: finding github.com/mozilla/tls-observatory v0.0.0-20200317151703-4fa42e1c2dee
[0m[91mgo: finding github.com/munnerz/goautoneg v0.0.0-20191010083416-a7dc8b61c822
[0m[91mgo: finding github.com/mwitkow/go-conntrack v0.0.0-20190716064945-2f068394615f
[0m[91mgo: finding github.com/mxk/go-flowrate v0.0.0-20140419014527-cca7078d478f
[0m[91mgo: finding github.com/nakabonne/nestif v0.3.0
[0m[91mgo: finding github.com/natefinch/lumberjack v2.0.0+incompatible
[0m[91mgo: finding github.com/nats-io/gnatsd v1.4.1
[0m[91mgo: finding github.com/nats-io/go-nats v1.7.0
[0m[91mgo: finding github.com/nats-io/jwt v0.3.2
[0m[91mgo: finding github.com/nats-io/nats-server/v2 v2.1.2
[0m[91mgo: finding github.com/nats-io/nats.go v1.9.1
[0m[91mgo: finding github.com/nats-io/nkeys v0.1.3
[0m[91mgo: finding github.com/nats-io/nuid v1.0.1
[0m[91mgo: finding github.com/nbio/st v0.0.0-20140626010706-e9e8d9816f32
[0m[91mgo: finding github.com/nbutton23/zxcvbn-go v0.0.0-20180912185939-ae427f1e4c1d
[0m[91mgo: finding github.com/ncw/swift v1.0.47
[0m[91mgo: finding github.com/niemeyer/pretty v0.0.0-20200227124842-a10e7caefd8e
[0m[91mgo: finding github.com/nwaples/rardecode v1.0.0
[0m[91mgo: finding github.com/nxadm/tail v1.4.4
[0m[91mgo: finding github.com/octago/sflags v0.2.0
[0m[91mgo: finding github.com/oklog/oklog v0.3.2
[0m[91mgo: finding github.com/oklog/run v1.0.0
[0m[91mgo: finding github.com/oklog/ulid v1.3.1
[0m[91mgo: finding github.com/olekukonko/tablewriter v0.0.0-20170122224234-a0225b3f23b5
[0m[91mgo: finding github.com/onsi/ginkgo v1.14.1
[0m[91mgo: finding github.com/onsi/gomega v1.10.2
[0m[91mgo: finding github.com/op/go-logging v0.0.0-20160315200505-970db520ece7
[0m[91mgo: finding github.com/opencontainers/go-digest v1.0.0-rc1
[0m[91mgo: finding github.com/opencontainers/image-spec v1.0.1
[0m[91mgo: finding github.com/opencontainers/runc v0.1.1
[0m[91mgo: finding github.com/opencontainers/runtime-spec v0.1.2-0.20190507144316-5b71a03e2700
[0m[91mgo: finding github.com/opencontainers/runtime-tools v0.0.0-20181011054405-1d69bd0f9c39
[0m[91mgo: finding github.com/opentracing-contrib/go-observer v0.0.0-20170622124052-a52f23424492
[0m[91mgo: finding github.com/opentracing/basictracer-go v1.0.0
[0m[91mgo: finding github.com/opentracing/opentracing-go v1.2.0
[0m[91mgo: finding github.com/openzipkin-contrib/zipkin-go-opentracing v0.4.5
[0m[91mgo: finding github.com/openzipkin/zipkin-go v0.2.2
[0m[91mgo: finding github.com/otiai10/copy v1.0.2
[0m[91mgo: finding github.com/otiai10/curr v0.0.0-20150429015615-9b4961190c95
[0m[91mgo: finding github.com/otiai10/mint v1.3.0
[0m[91mgo: finding github.com/pact-foundation/pact-go v1.0.4
[0m[91mgo: finding github.com/pascaldekloe/goe v0.1.0
[0m[91mgo: finding github.com/pborman/uuid v1.2.0
[0m[91mgo: finding github.com/pelletier/go-buffruneio v0.2.0
[0m[91mgo: finding github.com/pelletier/go-toml v1.8.0
[0m[91mgo: finding github.com/performancecopilot/speed v3.0.0+incompatible
[0m[91mgo: finding github.com/peterbourgon/diskv v2.0.1+incompatible
[0m[91mgo: finding github.com/phayes/checkstyle v0.0.0-20170904204023-bfd46e6a821d
[0m[91mgo: finding github.com/phayes/freeport v0.0.0-20180830031419-95f893ade6f2
[0m[91mgo: finding github.com/pierrec/lz4 v2.5.2+incompatible
[0m[91mgo: finding github.com/pkg/errors v0.9.1
[0m[91mgo: finding github.com/pkg/profile v1.2.1
[0m[91mgo: finding github.com/pmezard/go-difflib v1.0.0
[0m[91mgo: finding github.com/posener/complete v1.1.1
[0m[91mgo: finding github.com/pquerna/cachecontrol v0.0.0-20171018203845-0dec1b30a021
[0m[91mgo: finding github.com/prometheus/client_golang v1.7.1
[0m[91mgo: finding github.com/prometheus/client_model v0.2.0
[0m[91mgo: finding github.com/prometheus/common v0.14.0
[0m[91mgo: finding github.com/prometheus/procfs v0.1.3
[0m[91mgo: finding github.com/prometheus/statsd_exporter v0.15.0
[0m[91mgo: finding github.com/prometheus/tsdb v0.7.1
[0m[91mgo: finding github.com/quasilyte/go-consistent v0.0.0-20190521200055-c6f3937de18c
[0m[91mgo: finding github.com/quasilyte/go-ruleguard v0.1.2-0.20200318202121-b00d7a75d3d8
[0m[91mgo: finding github.com/rcrowley/go-metrics v0.0.0-20200313005456-10cdbea86bc0
[0m[91mgo: finding github.com/remyoudompheng/bigfft v0.0.0-20170806203942-52369c62f446
[0m[91mgo: finding github.com/robfig/cron/v3 v3.0.1
[0m[91mgo: finding github.com/rogpeppe/fastuuid v1.2.0
[0m[91mgo: finding github.com/rogpeppe/go-internal v1.5.2
[0m[91mgo: finding github.com/rubiojr/go-vhd v0.0.0-20160810183302-0bfd3b39853c
[0m[91mgo: finding github.com/russross/blackfriday v1.5.2
[0m[91mgo: finding github.com/russross/blackfriday/v2 v2.0.1
[0m[91mgo: finding github.com/ryancurrah/gomodguard v1.1.0
[0m[91mgo: finding github.com/ryanuber/columnize v2.1.0+incompatible
[0m[91mgo: finding github.com/ryanuber/go-glob v1.0.0
[0m[91mgo: finding github.com/samuel/go-zookeeper v0.0.0-20190923202752-2cc03de413da
[0m[91mgo: finding github.com/sassoftware/go-rpmutils v0.0.0-20190420191620-a8f1baeba37b
[0m[91mgo: finding github.com/satori/go.uuid v1.2.0
[0m[91mgo: finding github.com/sclevine/spec v1.2.0
[0m[91mgo: finding github.com/sean-/seed v0.0.0-20170313163322-e2103e2c3529
[0m[91mgo: finding github.com/securego/gosec v0.0.0-20200401082031-e946c8c39989
[0m[91mgo: finding github.com/securego/gosec/v2 v2.3.0
[0m[91mgo: finding github.com/sergi/go-diff v1.1.0
[0m[91mgo: finding github.com/shirou/gopsutil v0.0.0-20190901111213-e4ec7b275ada
[0m[91mgo: finding github.com/shirou/w32 v0.0.0-20160930032740-bb4de0191aa4
[0m[91mgo: finding github.com/shurcooL/githubv4 v0.0.0-20191102174205-af46314aec7b
[0m[91mgo: finding github.com/shurcooL/go v0.0.0-20180423040247-9e1955d9fb6e
[0m[91mgo: finding github.com/shurcooL/go-goon v0.0.0-20170922171312-37c2f522c041
[0m[91mgo: finding github.com/shurcooL/graphql v0.0.0-20181231061246-d48a9a75455f
[0m[91mgo: finding github.com/shurcooL/sanitized_anchor_name v1.0.0
[0m[91mgo: finding github.com/sirupsen/logrus v1.6.0
[0m[91mgo: finding github.com/smartystreets/assertions v1.0.0
[0m[91mgo: finding github.com/smartystreets/go-aws-auth v0.0.0-20180515143844-0c1422d1fdb9
[0m[91mgo: finding github.com/smartystreets/goconvey v1.6.4
[0m[91mgo: finding github.com/smartystreets/gunit v1.0.0
[0m[91mgo: finding github.com/soheilhy/cmux v0.1.4
[0m[91mgo: finding github.com/sony/gobreaker v0.4.1
[0m[91mgo: finding github.com/sourcegraph/go-diff v0.5.3
[0m[91mgo: finding github.com/spaolacci/murmur3 v0.0.0-20180118202830-f09979ecbc72
[0m[91mgo: finding github.com/spf13/afero v1.2.2
[0m[91mgo: finding github.com/spf13/cast v1.3.1
[0m[91mgo: finding github.com/spf13/cobra v1.0.0
[0m[91mgo: finding github.com/spf13/jwalterweatherman v1.1.0
[0m[91mgo: finding github.com/spf13/pflag v1.0.5
[0m[91mgo: finding github.com/spf13/viper v1.7.0
[0m[91mgo: finding github.com/src-d/gcfg v1.4.0
[0m[91mgo: finding github.com/streadway/amqp v1.0.0
[0m[91mgo: finding github.com/streadway/handy v0.0.0-20190108123426-d5acb3125c2a
[0m[91mgo: finding github.com/streadway/quantile v0.0.0-20150917103942-b0c588724d25
[0m[91mgo: finding github.com/stretchr/ob** v0.2.0
[0m[91mgo: finding github.com/stretchr/testify v1.6.1
[0m[91mgo: finding github.com/subosito/gotenv v1.2.0
[0m[91mgo: finding github.com/syndtr/gocapability v0.0.0-20170704070218-db04d3cc01c8
[0m[91mgo: finding github.com/tdakkota/asciicheck v0.0.0-20200416200610-e657995f937b
[0m[91mgo: finding github.com/tektoncd/pipeline v0.13.1-0.20200625065359-44f22a067b75
[0m[91mgo: finding github.com/tektoncd/plumbing v0.0.0-20200430135134-e53521e1d887
[0m[91mgo: finding github.com/tektoncd/plumbing/pipelinerun-logs v0.0.0-20191206114338-712d544c2c21
[0m[91mgo: finding github.com/tetafro/godot v0.4.2
[0m[91mgo: finding github.com/tidwall/gjson v1.6.1
[0m[91mgo: finding github.com/tidwall/match v1.0.1
[0m[91mgo: finding github.com/tidwall/pretty v1.0.2
[0m[91mgo: finding github.com/timakin/bodyclose v0.0.0-20200424151742-cb6215831a94
[0m[91mgo: finding github.com/tj/assert v0.0.0-20171129193455-018094318fb0
[0m[91mgo: finding github.com/tj/go-elastic v0.0.0-20171221160941-36157cbbebc2
[0m[91mgo: finding github.com/tj/go-kinesis v0.0.0-20171128231115-08b17f58cb1b
[0m[91mgo: finding github.com/tj/go-spin v1.1.0
[0m[91mgo: finding github.com/tmc/grpc-websocket-proxy v0.0.0-20190109142713-0ad062ec5ee5
[0m[91mgo: finding github.com/tommy-muehle/go-mnd v1.3.1-0.20200224220436-e6f9a994e8fa
[0m[91mgo: finding github.com/tsenart/vegeta v12.7.1-0.20190725001342-b5f4fca92137+incompatible
[0m[91mgo: finding github.com/uber/jaeger-client-go v2.25.0+incompatible
[0m[91mgo: finding github.com/uber/jaeger-lib v2.2.0+incompatible
[0m[91mgo: finding github.com/ugorji/go v1.1.4
[0m[91mgo: finding github.com/ugorji/go/codec v0.0.0-20181204163529-d75b2dcb6bc8
[0m[91mgo: finding github.com/ulikunitz/xz v0.5.7
[0m[91mgo: finding github.com/ultraware/funlen v0.0.2
[0m[91mgo: finding github.com/ultraware/whitespace v0.0.4
[0m[91mgo: finding github.com/urfave/cli v1.22.1
[0m[91mgo: finding github.com/uudashr/gocognit v1.0.1
[0m[91mgo: finding github.com/valyala/bytebufferpool v1.0.0
[0m[91mgo: finding github.com/valyala/fasthttp v1.2.0
[0m[91mgo: finding github.com/valyala/quicktemplate v1.2.0
[0m[91mgo: finding github.com/valyala/tcplisten v0.0.0-20161114210144-ceec8f93295a
[0m[91mgo: finding github.com/vdemeester/k8s-pkg-credentialprovider v1.17.4
[0m[91mgo: finding github.com/vektah/gqlparser v1.1.2
[0m[91mgo: finding github.com/vmware/govmomi v0.20.3
[0m[91mgo: finding github.com/xanzy/go-gitlab v0.32.0
[0m[91mgo: finding github.com/xanzy/ssh-agent v0.2.1
[0m[91mgo: finding github.com/xdg/scram v0.0.0-20180814205039-7eeb5667e42c
[0m[91mgo: finding github.com/xdg/stringprep v1.0.0
[0m[91mgo: finding github.com/xeipuuv/gojsonpointer v0.0.0-20180127040702-4e3ac2762d5f
[0m[91mgo: finding github.com/xeipuuv/gojsonreference v0.0.0-20180127040603-bd5ef7bd5415
[0m[91mgo: finding github.com/xeipuuv/gojsonschema v1.1.0
[0m[91mgo: finding github.com/xi2/xz v0.0.0-20171230120015-48954b6210f8
[0m[91mgo: finding github.com/xiang90/probing v0.0.0-20190116061207-43a291ad63a2
[0m[91mgo: finding github.com/xlab/handysort v0.0.0-20150421192137-fb3537ed64a1
[0m[91mgo: finding github.com/xordataexchange/crypt v0.0.3-0.20170626215501-b2862e3d0a77
[0m[91mgo: finding github.com/yuin/goldmark v1.2.1
[0m[91mgo: finding github.com/yvasiyarov/go-metrics v0.0.0-20140926110328-57bccd1ccd43
[0m[91mgo: finding github.com/yvasiyarov/gorelic v0.0.0-20141212073537-a9bba5b9ab50
[0m[91mgo: finding github.com/yvasiyarov/newrelic_platform_go v0.0.0-20140908184405-b21fdbd4370f
[0m[91mgo: finding go.etcd.io/bbolt v1.3.3
[0m[91mgo: finding go.etcd.io/etcd v0.0.0-20191023171146-3cf2f69b5738
[0m[91mgo: finding go.mongodb.org/mongo-driver v1.1.2
[0m[91mgo: finding go.opencensus.io v0.22.4
[0m[91mgo: finding go.uber.org/atomic v1.6.0
[0m[91mgo: finding go.uber.org/automaxprocs v1.3.0
[0m[91mgo: finding go.uber.org/multierr v1.5.0
[0m[91mgo: finding go.uber.org/tools v0.0.0-20190618225709-2cfd321de3ee
[0m[91mgo: finding go.uber.org/zap v1.16.0
[0m[91mgo: finding gocloud.dev v0.19.0
[0m[91mgo: finding golang.org/x/crypto v0.0.0-20200728195943-123391ffb6de
[0m[91mgo: finding golang.org/x/exp v0.0.0-20200331195152-e8c3332aa8e5
[0m[91mgo: finding golang.org/x/image v0.0.0-20190802002840-cff245a6509b
[0m[91mgo: finding golang.org/x/lint v0.0.0-20200302205851-738671d3881b
[0m[91mgo: finding golang.org/x/mobile v0.0.0-20190806162312-597adff16ade
[0m[91mgo: finding golang.org/x/mod v0.3.0
[0m[91mgo: finding golang.org/x/net v0.0.0-20200822124328-c89045814202
[0m[91mgo: finding golang.org/x/oauth2 v0.0.0-20200107190931-bf48bf16ab8d
[0m[91mgo: finding golang.org/x/sync v0.0.0-20200625203802-6e8e738ad208
[0m[91mgo: finding golang.org/x/sys v0.0.0-20200905004654-be1d3432aa8f
[0m[91mgo: finding golang.org/x/text v0.3.3
[0m[91mgo: finding golang.org/x/time v0.0.0-20200630173020-3af7569d3a1e
[0m[91mgo: finding golang.org/x/tools v0.0.0-20200904185747-39188db58858
[0m[91mgo: finding golang.org/x/xerrors v0.0.0-20200804184101-5ec99f83aff1
[0m[91mgo: finding gomodules.xyz/jsonpatch/v2 v2.1.0
[0m[91mgo: finding gonum.org/v1/gonum v0.0.0-20190331200053-3d26580ed485
[0m[91mgo: finding gonum.org/v1/netlib v0.0.0-20190331212654-76723241ea4e
[0m[91mgo: finding google.golang.org/api v0.29.0
[0m[91mgo: finding google.golang.org/appengine v1.6.6
[0m[91mgo: finding google.golang.org/cloud v0.0.0-20151119220103-975617b05ea8
[0m[91mgo: finding google.golang.org/genproto v0.0.0-20200731012542-8145dea6a485
[0m[91mgo: finding google.golang.org/grpc v1.32.0
[0m[91mgo: finding google.golang.org/protobuf v1.25.0
[0m[91mgo: finding gopkg.in/airbrake/gobrake.v2 v2.0.9
[0m[91mgo: finding gopkg.in/alecthomas/kingpin.v2 v2.2.6
[0m[91mgo: finding gopkg.in/asn1-ber.v1 v1.0.0-20181015200546-f715ec2f112d
[0m[91mgo: finding gopkg.in/check.v1 v1.0.0-20200227125254-8fa46927fb4f
[0m[91mgo: finding gopkg.in/cheggaaa/pb.v1 v1.0.25
[0m[91mgo: finding gopkg.in/errgo.v2 v2.1.0
[0m[91mgo: finding gopkg.in/fsnotify.v1 v1.4.7
[0m[91mgo: finding gopkg.in/gcfg.v1 v1.2.3
[0m[91mgo: finding gopkg.in/gemnasium/logrus-airbrake-hook.v2 v2.1.2
[0m[91mgo: finding gopkg.in/inf.v0 v0.9.1
[0m[91mgo: finding gopkg.in/ini.v1 v1.56.0
[0m[91mgo: finding gopkg.in/jcmturner/aescts.v1 v1.0.1
[0m[91mgo: finding gopkg.in/jcmturner/dnsutils.v1 v1.0.1
[0m[91mgo: finding gopkg.in/jcmturner/goidentity.v3 v3.0.0
[0m[91mgo: finding gopkg.in/jcmturner/gokrb5.v7 v7.5.0
[0m[91mgo: finding gopkg.in/jcmturner/rpc.v1 v1.1.0
[0m[91mgo: finding gopkg.in/natefinch/lumberjack.v2 v2.0.0
[0m[91mgo: finding gopkg.in/resty.v1 v1.12.0
[0m[91mgo: finding gopkg.in/robfig/cron.v2 v2.0.0-20150107220207-be2e0b0deed5
[0m[91mgo: finding gopkg.in/square/go-jose.v2 v2.3.1
[0m[91mgo: finding gopkg.in/src-d/go-billy.v4 v4.3.2
[0m[91mgo: finding gopkg.in/src-d/go-git-fixtures.v3 v3.5.0
[0m[91mgo: finding gopkg.in/src-d/go-git.v4 v4.13.1
[0m[91mgo: finding gopkg.in/tomb.v1 v1.0.0-20141024135613-dd632973f1e7
[0m[91mgo: finding gopkg.in/warnings.v0 v0.1.2
[0m[91mgo: finding gopkg.in/yaml.v1 v1.0.0-20140924161607-9f9df34309c0
[0m[91mgo: finding gopkg.in/yaml.v2 v2.4.0
[0m[91mgo: finding gopkg.in/yaml.v3 v3.0.0-20200601152816-913338de1bd2
[0m[91mgo: finding gotest.tools v2.2.0+incompatible
[0m[91mgo: finding helm.sh/helm/v3 v3.1.1
[0m[91mgo: finding honnef.co/go/tools v0.0.1-2020.1.4
[0m[91mgo: finding istio.io/api v0.0.0-20200513175333-ae3da0d240e3
[0m[91mgo: finding istio.io/client-go v0.0.0-20200513180646-f8d9d8ff84e6
[0m[91mgo: finding istio.io/gogo-genproto v0.0.0-20190930162913-45029607206a
[0m[91mgo: finding k8s.io/api v0.18.8
[0m[91mgo: finding k8s.io/apiextensions-apiserver v0.18.8
[0m[91mgo: finding k8s.io/apimachinery v0.18.8
[0m[91mgo: finding k8s.io/apiserver v0.18.8
[0m[91mgo: finding k8s.io/cli-runtime v0.17.3
[0m[91mgo: finding k8s.io/client-go v0.18.8
[0m[91mgo: finding k8s.io/cloud-provider v0.17.4
[0m[91mgo: finding k8s.io/code-generator v0.18.8
[0m[91mgo: finding k8s.io/component-base v0.18.8
[0m[91mgo: finding k8s.io/csi-translation-lib v0.17.4
[0m[91mgo: finding k8s.io/gengo v0.0.0-20200205140755-e0e292d8aa12
[0m[91mgo: finding k8s.io/klog v1.0.0
[0m[91mgo: finding k8s.io/klog/v2 v2.0.0
[0m[91mgo: finding k8s.io/kube-openapi v0.0.0-20200410145947-bcb3869e6f29
[0m[91mgo: finding k8s.io/kubectl v0.17.2
[0m[91mgo: finding k8s.io/kubernetes v1.14.7
[0m[91mgo: finding k8s.io/legacy-cloud-providers v0.17.4
[0m[91mgo: finding k8s.io/metrics v0.18.8
[0m[91mgo: finding k8s.io/test-infra v0.0.0-20200803112140-d8aa4e063646
[0m[91mgo: finding k8s.io/utils v0.0.0-20200603063816-c1c6865ac451
[0m[91mgo: finding knative.dev/caching v0.0.0-20200116200605-67bca2c83dfa
[0m[91mgo: finding knative.dev/eventing-contrib v0.11.2
[0m[91mgo: finding knative.dev/pkg v0.0.0-20200911145400-2d4efecc6bc1
[0m[91mgo: finding knative.dev/test-infra v0.0.0-20200909211651-72eb6ae3c773
[0m[91mgo: finding modernc.org/cc v1.0.0
[0m[91mgo: finding modernc.org/golex v1.0.0
[0m[91mgo: finding modernc.org/mathutil v1.0.0
[0m[91mgo: finding modernc.org/strutil v1.0.0
[0m[91mgo: finding modernc.org/xc v1.0.0
[0m[91mgo: finding mvdan.cc/interfacer v0.0.0-20180901003855-c20040233aed
[0m[91mgo: finding mvdan.cc/lint v0.0.0-20170908181259-adc824a0674b
[0m[91mgo: finding mvdan.cc/unparam v0.0.0-20200501210554-b37ab49443f7
[0m[91mgo: finding mvdan.cc/xurls/v2 v2.0.0
[0m[91mgo: finding pack.ag/amqp v0.11.2
[0m[91mgo: finding rsc.io/binaryregexp v0.2.0
[0m[91mgo: finding rsc.io/letsencrypt v0.0.3
[0m[91mgo: finding rsc.io/quote/v3 v3.1.0
[0m[91mgo: finding rsc.io/sampler v1.3.0
[0m[91mgo: finding sigs.k8s.io/apiserver-network-proxy/konnectivity-client v0.0.7
[0m[91mgo: finding sigs.k8s.io/boskos v0.0.0-20200729174948-794df80db9c9
[0m[91mgo: finding sigs.k8s.io/controller-runtime v0.6.4
[0m[91mgo: finding sigs.k8s.io/kustomize v2.0.3+incompatible
[0m[91mgo: finding sigs.k8s.io/structured-merge-diff v1.0.1
[0m[91mgo: finding sigs.k8s.io/structured-merge-diff/v2 v2.0.1
[0m[91mgo: finding sigs.k8s.io/structured-merge-diff/v3 v3.0.1-0.20200706213357-43c19bbb7fba
[0m[91mgo: finding sigs.k8s.io/testing_frameworks v0.1.1
[0m[91mgo: finding sigs.k8s.io/yaml v1.2.0
[0m[91mgo: finding sourcegraph.com/sourcegraph/appdash v0.0.0-20190731080439-ebfcffb1b5c0
[0m[91mgo: finding sourcegraph.com/sqs/pbtypes v1.0.0
[0m[91mgo: finding vbom.ml/util v0.0.0-20180919145318-efcd4e0f9787
[0mRemoving intermediate container b598194c7ee6
 ---> dd5e2266b8c0
Step 8/27 : COPY cmd/ cmd/
 ---> 9a56d76e804b
Step 9/27 : COPY api/ api/
 ---> 43a7f044b038
Step 10/27 : COPY predictor/ predictor/
 ---> 3915daa5ebaa
Step 11/27 : COPY logger/ logger/
 ---> 66875ebccd46
Step 12/27 : COPY k8s/ k8s/
 ---> 626cbbaaef10
Step 13/27 : RUN go build -a -o executor cmd/executor/main.go
 ---> Running in bf0ac1c02dc8
Removing intermediate container bf0ac1c02dc8
 ---> c6905cc9a75b
Step 14/27 : RUN wget -O hashicorp-golang-lru.tar.gz https://github.com/hashicorp/golang-lru/archive/master.tar.gz
 ---> Running in 29f50e393fcb
[91m--2020-12-15 14:01:32--  https://github.com/hashicorp/golang-lru/archive/master.tar.gz
[0m[91mResolving github.com (github.com)... [0m[91m140.82.121.3
Connecting to github.com (github.com)|140.82.121.3|:443... [0m[91mconnected.
[0m[91mHTTP request sent, awaiting response... [0m[91m302 Found
Location: https://codeload.github.com/hashicorp/golang-lru/tar.gz/master [following]
--2020-12-15 14:01:33--  https://codeload.github.com/hashicorp/golang-lru/tar.gz/master
Resolving codeload.github.com (codeload.github.com)... [0m[91m140.82.121.9
Connecting to codeload.github.com (codeload.github.com)|140.82.121.9|:443... [0m[91mconnected.
[0m[91mHTTP request sent, awaiting response... [0m[91m200 OK
Length: unspecified [application/x-gzip]
Saving to: 'hashicorp-golang-lru.tar.gz'
[0m[91m
     0K ....[0m[91m.....[0m[91m. .[0m[91m.[0m[91m.                                         1.07M=0.01s

[0m[91m2020-12-15 14:01:33 (1.07 MB/s) - 'hashicorp-golang-lru.tar.gz' saved [13973]

[0mRemoving intermediate container 29f50e393fcb
 ---> 0b68bd1bc9cb
Step 15/27 : RUN wget -O armon-consul-api.tar.gz https://github.com/armon/consul-api/archive/master.tar.gz
 ---> Running in 66780acab6dd
[91m--2020-12-15 14:01:34--  https://github.com/armon/consul-api/archive/master.tar.gz
[0m[91mResolving github.com (github.com)... [0m[91m140.82.121.3
Connecting to github.com (github.com)|140.82.121.3|:443... [0m[91mconnected.
[0m[91mHTTP request sent, awaiting response... [0m[91m302 Found
Location: https://codeload.github.com/armon/consul-api/tar.gz/master [following]
--2020-12-15 14:01:34--  https://codeload.github.com/armon/consul-api/tar.gz/master
Resolving codeload.github.com (codeload.github.com)... [0m[91m140.82.121.9
Connecting to codeload.github.com (codeload.github.com)|140.82.121.9|:443... [0m[91mconnected.
[0m[91mHTTP request sent, awaiting response... [0m[91m200 OK
Length: unspecified [application/x-gzip]
Saving to: 'armon-consul-api.tar.gz'
[0m[91m
     0K ....[0m[91m...[0m[91m..[0m[91m. .[0m[91m......                                     1.40M=0.01s

[0m[91m2020-12-15 14:01:34 (1.40 MB/s) - 'armon-consul-api.tar.gz' saved [17977]

[0mRemoving intermediate container 66780acab6dd
 ---> e3f979c4ed13
Step 16/27 : RUN wget -O hasicorp-hcl.tar.gz https://github.com/hashicorp/hcl/archive/master.tar.gz
 ---> Running in e50101e64c56
[91m--2020-12-15 14:01:35--  https://github.com/hashicorp/hcl/archive/master.tar.gz
[0m[91mResolving github.com (github.com)... [0m[91m140.82.121.3
Connecting to github.com (github.com)|140.82.121.3|:443... [0m[91mconnected.
[0m[91mHTTP request sent, awaiting response... [0m[91m302 Found
Location: https://codeload.github.com/hashicorp/hcl/tar.gz/master [following]
--2020-12-15 14:01:36--  https://codeload.github.com/hashicorp/hcl/tar.gz/master
Resolving codeload.github.com (codeload.github.com)... [0m[91m140.82.121.9
Connecting to codeload.github.com (codeload.github.com)|140.82.121.9|:443... [0m[91mconnected.
[0m[91mHTTP request sent, awaiting response... [0m[91m200 OK
Length: unspecified [application/x-gzip]
Saving to: 'hasicorp-hcl.tar.gz'
[0m[91m
     0K .......... .[0m[91m.[0m[91m...[0m[91m..... ..[0m[91m.[0m[91m....[0m[91m.[0m[91m..[0m[91m .[0m[91m...[0m[91m....[0m[91m.[0m[91m. .........[0m[91m. 1.94M
    50K ..[0m[91m.[0m[91m...[0m[91m....[0m[91m ..[0m[91m...[0m[91m..... .                                1.67M=0.04s

[0m[91m2020-12-15 14:01:36 (1.85 MB/s) - 'hasicorp-hcl.tar.gz' saved [72944]

[0mRemoving intermediate container e50101e64c56
 ---> 7247d61002ec
Step 17/27 : COPY api/rest/openapi/ /openapi/
 ---> 5bb4c48070d7
Step 18/27 : RUN chmod -R 660 /openapi/
 ---> Running in 79349f12a642
Removing intermediate container 79349f12a642
 ---> ece8f10b1d74
Step 19/27 : FROM gcr.io/distroless/base:latest
latest: Pulling from distroless/base
e59bd8947ac7: Pulling fs layer
31eb28996804: Pulling fs layer
e59bd8947ac7: Verifying Checksum
e59bd8947ac7: Download complete
31eb28996804: Verifying Checksum
31eb28996804: Download complete
e59bd8947ac7: Pull complete
31eb28996804: Pull complete
Digest: sha256:ca60828b628c3032b2e79bb8f20868ed5314ec5b8a9272523a9d74cfba18192b
Status: Downloaded newer image for gcr.io/distroless/base:latest
 ---> 972b93457774
Step 20/27 : WORKDIR /
 ---> Running in 2afd46ad1cd1
Removing intermediate container 2afd46ad1cd1
 ---> 0c00cad9b744
Step 21/27 : COPY --from=builder /workspace/executor .
 ---> ce611f499d6e
Step 22/27 : COPY licenses/license.txt licenses/license.txt
 ---> 526d8c13727e
Step 23/27 : COPY --from=builder /workspace/hashicorp-golang-lru.tar.gz licenses/mpl_source/hashicorp-golang-lru.tar.gz
 ---> e43a65707080
Step 24/27 : COPY --from=builder /workspace/armon-consul-api.tar.gz licenses/mpl_source/armon-consul-api.tar.gz
 ---> eab17128fb6a
Step 25/27 : COPY --from=builder /workspace/hasicorp-hcl.tar.gz licenses/mpl_source/hasicorp-hcl.tar.gz
 ---> 64fb233d2759
Step 26/27 : COPY --from=builder /openapi/ /openapi/
 ---> 40ca3b3aaf1c
Step 27/27 : ENTRYPOINT ["/executor"]
 ---> Running in 5365c90b9747
Removing intermediate container 5365c90b9747
 ---> e5f05caccfad
Successfully built e5f05caccfad
Successfully tagged seldonio/seldon-core-executor:1.6.0-dev
kind load -v 3 docker-image seldonio/seldon-core-executor:1.6.0-dev --name kind
Image: "seldonio/seldon-core-executor:1.6.0-dev" with ID "sha256:e5f05caccfad8badc9b47b5c907f6056f39523c4819e29a198c8eb5a2c293c52" not present on node "kind-worker"
Image: "seldonio/seldon-core-executor:1.6.0-dev" with ID "sha256:e5f05caccfad8badc9b47b5c907f6056f39523c4819e29a198c8eb5a2c293c52" not present on node "kind-control-plane"
make[1]: Leaving directory '/workspace/source/executor'
Build test models
make -C ../../examples/models/mean_classifier kind_load
make[1]: Entering directory '/workspace/source/examples/models/mean_classifier'
s2i build -E environment . seldonio/seldon-core-s2i-python37-ubi8:1.6.0-dev seldonio/mock_classifier:1.6.0-dev
Before assembling
---> Installing application source...
---> Installing dependencies ...
Looking in links: /whl
Requirement already satisfied: seldon-core in ./python (from -r requirements.txt (line 1)) (1.6.0.dev0)
Requirement already satisfied: numpy in /opt/conda/lib/python3.7/site-packages (from -r requirements.txt (line 2)) (1.19.4)
Requirement already satisfied: Flask<2.0.0 in /opt/conda/lib/python3.7/site-packages (from seldon-core->-r requirements.txt (line 1)) (1.1.2)
Requirement already satisfied: jsonschema<4.0.0 in /opt/conda/lib/python3.7/site-packages (from seldon-core->-r requirements.txt (line 1)) (3.2.0)
Requirement already satisfied: Flask-cors<4.0.0 in /opt/conda/lib/python3.7/site-packages (from seldon-core->-r requirements.txt (line 1)) (3.0.9)
Requirement already satisfied: redis<4.0.0 in /opt/conda/lib/python3.7/site-packages (from seldon-core->-r requirements.txt (line 1)) (3.5.3)
Requirement already satisfied: requests<3.0.0 in /opt/conda/lib/python3.7/site-packages (from seldon-core->-r requirements.txt (line 1)) (2.22.0)
Requirement already satisfied: flatbuffers<2.0.0 in /opt/conda/lib/python3.7/site-packages (from seldon-core->-r requirements.txt (line 1)) (1.12)
Requirement already satisfied: protobuf<4.0.0 in /opt/conda/lib/python3.7/site-packages (from seldon-core->-r requirements.txt (line 1)) (3.14.0)
Requirement already satisfied: grpcio<2.0.0 in /opt/conda/lib/python3.7/site-packages (from seldon-core->-r requirements.txt (line 1)) (1.34.0)
Requirement already satisfied: Flask-OpenTracing<1.2.0,>=1.1.0 in /opt/conda/lib/python3.7/site-packages (from seldon-core->-r requirements.txt (line 1)) (1.1.0)
Requirement already satisfied: opentracing<2.5.0,>=2.2.0 in /opt/conda/lib/python3.7/site-packages (from seldon-core->-r requirements.txt (line 1)) (2.4.0)
Requirement already satisfied: jaeger-client<4.4.0,>=4.1.0 in /opt/conda/lib/python3.7/site-packages (from seldon-core->-r requirements.txt (line 1)) (4.3.0)
Requirement already satisfied: grpcio-opentracing<1.2.0,>=1.1.4 in /opt/conda/lib/python3.7/site-packages (from seldon-core->-r requirements.txt (line 1)) (1.1.4)
Requirement already satisfied: grpcio-reflection==1.34.0 in /opt/conda/lib/python3.7/site-packages (from seldon-core->-r requirements.txt (line 1)) (1.34.0)
Requirement already satisfied: PyYAML<5.4 in /opt/conda/lib/python3.7/site-packages (from seldon-core->-r requirements.txt (line 1)) (5.3.1)
Requirement already satisfied: gunicorn<20.1.0,>=19.9.0 in /opt/conda/lib/python3.7/site-packages (from seldon-core->-r requirements.txt (line 1)) (20.0.4)
Requirement already satisfied: setuptools>=41.0.0 in /opt/conda/lib/python3.7/site-packages (from seldon-core->-r requirements.txt (line 1)) (41.4.0)
Requirement already satisfied: prometheus_client<0.9.0,>=0.7.1 in /opt/conda/lib/python3.7/site-packages (from seldon-core->-r requirements.txt (line 1)) (0.8.0)
Requirement already satisfied: itsdangerous>=0.24 in /opt/conda/lib/python3.7/site-packages (from Flask<2.0.0->seldon-core->-r requirements.txt (line 1)) (1.1.0)
Requirement already satisfied: Werkzeug>=0.15 in /opt/conda/lib/python3.7/site-packages (from Flask<2.0.0->seldon-core->-r requirements.txt (line 1)) (1.0.1)
Requirement already satisfied: Jinja2>=2.10.1 in /opt/conda/lib/python3.7/site-packages (from Flask<2.0.0->seldon-core->-r requirements.txt (line 1)) (2.11.2)
Requirement already satisfied: click>=5.1 in /opt/conda/lib/python3.7/site-packages (from Flask<2.0.0->seldon-core->-r requirements.txt (line 1)) (7.1.2)
Requirement already satisfied: pyrsistent>=0.14.0 in /opt/conda/lib/python3.7/site-packages (from jsonschema<4.0.0->seldon-core->-r requirements.txt (line 1)) (0.17.3)
Requirement already satisfied: importlib-metadata; python_version < "3.8" in /opt/conda/lib/python3.7/site-packages (from jsonschema<4.0.0->seldon-core->-r requirements.txt (line 1)) (3.1.1)
Requirement already satisfied: attrs>=17.4.0 in /opt/conda/lib/python3.7/site-packages (from jsonschema<4.0.0->seldon-core->-r requirements.txt (line 1)) (20.3.0)
Requirement already satisfied: six>=1.11.0 in /opt/conda/lib/python3.7/site-packages (from jsonschema<4.0.0->seldon-core->-r requirements.txt (line 1)) (1.12.0)
Requirement already satisfied: certifi>=2017.4.17 in /opt/conda/lib/python3.7/site-packages (from requests<3.0.0->seldon-core->-r requirements.txt (line 1)) (2020.12.5)
Requirement already satisfied: idna<2.9,>=2.5 in /opt/conda/lib/python3.7/site-packages (from requests<3.0.0->seldon-core->-r requirements.txt (line 1)) (2.8)
Requirement already satisfied: chardet<3.1.0,>=3.0.2 in /opt/conda/lib/python3.7/site-packages (from requests<3.0.0->seldon-core->-r requirements.txt (line 1)) (3.0.4)
Requirement already satisfied: urllib3!=1.25.0,!=1.25.1,<1.26,>=1.21.1 in /opt/conda/lib/python3.7/site-packages (from requests<3.0.0->seldon-core->-r requirements.txt (line 1)) (1.24.2)
Requirement already satisfied: thrift in /opt/conda/lib/python3.7/site-packages (from jaeger-client<4.4.0,>=4.1.0->seldon-core->-r requirements.txt (line 1)) (0.13.0)
Requirement already satisfied: threadloop<2,>=1 in /opt/conda/lib/python3.7/site-packages (from jaeger-client<4.4.0,>=4.1.0->seldon-core->-r requirements.txt (line 1)) (1.0.2)
Requirement already satisfied: tornado>=4.3 in /opt/conda/lib/python3.7/site-packages (from jaeger-client<4.4.0,>=4.1.0->seldon-core->-r requirements.txt (line 1)) (6.1)
Requirement already satisfied: MarkupSafe>=0.23 in /opt/conda/lib/python3.7/site-packages (from Jinja2>=2.10.1->Flask<2.0.0->seldon-core->-r requirements.txt (line 1)) (1.1.1)
Requirement already satisfied: zipp>=0.5 in /opt/conda/lib/python3.7/site-packages (from importlib-metadata; python_version < "3.8"->jsonschema<4.0.0->seldon-core->-r requirements.txt (line 1)) (3.4.0)
WARNING: Url '/whl' is ignored. It is either a non-existing path or lacks a specific scheme.
Collecting pip-licenses
Downloading https://files.pythonhosted.org/packages/54/e5/c3b6dec449a5dc7f4483123c5d3fba1fc325cc319fb391ea829b696a7da1/pip_licenses-3.1.0-py3-none-any.whl
Collecting PTable (from pip-licenses)
Downloading https://files.pythonhosted.org/packages/ab/b3/b54301811173ca94119eb474634f120a49cd370f257d1aae5a4abaf12729/PTable-0.9.2.tar.gz
Building wheels for collected packages: PTable
Building wheel for PTable (setup.py): started
Building wheel for PTable (setup.py): finished with status 'done'
Created wheel for PTable: filename=PTable-0.9.2-cp37-none-any.whl size=22906 sha256=e5931dba518c37c85a22162fd3bae5930c219977dd1700d47ca9a7c6b1d84b05
Stored in directory: /root/.cache/pip/wheels/22/cc/2e/55980bfe86393df3e9896146a01f6802978d09d7ebcba5ea56
Successfully built PTable
Installing collected packages: PTable, pip-licenses
Successfully installed PTable-0.9.2 pip-licenses-3.1.0
created path: ./licenses/license_info.csv
created path: ./licenses/license.txt
After successful assembling
Build completed successfully
kind load -v 3 docker-image seldonio/mock_classifier:1.6.0-dev
Image: "seldonio/mock_classifier:1.6.0-dev" with ID "sha256:a8a194fbf97c03402994647e0ad6936c57c7283652f1b1907b061ace14ecc052" not present on node "kind-worker"
Image: "seldonio/mock_classifier:1.6.0-dev" with ID "sha256:a8a194fbf97c03402994647e0ad6936c57c7283652f1b1907b061ace14ecc052" not present on node "kind-control-plane"
make[1]: Leaving directory '/workspace/source/examples/models/mean_classifier'
make -C ../docker/fixed-model kind_load_images
make[1]: Entering directory '/workspace/source/testing/docker/fixed-model'
s2i build -E environment_v1 . seldonio/seldon-core-s2i-python3:1.6.0-dev seldonio/fixed-model:0.1
---> Installing application source...
Collecting pip-licenses
Downloading https://files.pythonhosted.org/packages/54/e5/c3b6dec449a5dc7f4483123c5d3fba1fc325cc319fb391ea829b696a7da1/pip_licenses-3.1.0-py3-none-any.whl
Collecting PTable (from pip-licenses)
Downloading https://files.pythonhosted.org/packages/ab/b3/b54301811173ca94119eb474634f120a49cd370f257d1aae5a4abaf12729/PTable-0.9.2.tar.gz
Building wheels for collected packages: PTable
Building wheel for PTable (setup.py): started
Building wheel for PTable (setup.py): finished with status 'done'
Created wheel for PTable: filename=PTable-0.9.2-cp37-none-any.whl size=22906 sha256=1004ed642342621a2d05f6534db1da1446a1a98a25d77f19e83a3226a465bae7
Stored in directory: /root/.cache/pip/wheels/22/cc/2e/55980bfe86393df3e9896146a01f6802978d09d7ebcba5ea56
Successfully built PTable
Installing collected packages: PTable, pip-licenses
Successfully installed PTable-0.9.2 pip-licenses-3.1.0
created path: ./licenses/license_info.csv
created path: ./licenses/license.txt
Build completed successfully
s2i build -E environment_v2 . seldonio/seldon-core-s2i-python3:1.6.0-dev  seldonio/fixed-model:0.2
---> Installing application source...
Collecting pip-licenses
Downloading https://files.pythonhosted.org/packages/54/e5/c3b6dec449a5dc7f4483123c5d3fba1fc325cc319fb391ea829b696a7da1/pip_licenses-3.1.0-py3-none-any.whl
Collecting PTable (from pip-licenses)
Downloading https://files.pythonhosted.org/packages/ab/b3/b54301811173ca94119eb474634f120a49cd370f257d1aae5a4abaf12729/PTable-0.9.2.tar.gz
Building wheels for collected packages: PTable
Building wheel for PTable (setup.py): started
Building wheel for PTable (setup.py): finished with status 'done'
Created wheel for PTable: filename=PTable-0.9.2-cp37-none-any.whl size=22906 sha256=12c95f8e7bdec8d4cbcd3907e789f1b7a29a0601f94dfc00c7519c89db92cfb8
Stored in directory: /root/.cache/pip/wheels/22/cc/2e/55980bfe86393df3e9896146a01f6802978d09d7ebcba5ea56
Successfully built PTable
Installing collected packages: PTable, pip-licenses
Successfully installed PTable-0.9.2 pip-licenses-3.1.0
created path: ./licenses/license_info.csv
created path: ./licenses/license.txt
Build completed successfully
kind load -v 3 docker-image seldonio/fixed-model:0.1
Image: "seldonio/fixed-model:0.1" with ID "sha256:9ad3f0e73f3f2a02611eb5d60b46b8c06d6c676ab4842556edbf1378f51dcba7" not present on node "kind-worker"
Image: "seldonio/fixed-model:0.1" with ID "sha256:9ad3f0e73f3f2a02611eb5d60b46b8c06d6c676ab4842556edbf1378f51dcba7" not present on node "kind-control-plane"
kind load -v 3 docker-image seldonio/fixed-model:0.2
Image: "seldonio/fixed-model:0.2" with ID "sha256:4cba9fd3af3c36c56274de18632fe3f89ec3f1c8940aa40c06d7a60935f485b1" not present on node "kind-worker"
Image: "seldonio/fixed-model:0.2" with ID "sha256:4cba9fd3af3c36c56274de18632fe3f89ec3f1c8940aa40c06d7a60935f485b1" not present on node "kind-control-plane"
make[1]: Leaving directory '/workspace/source/testing/docker/fixed-model'
make -C ../docker/echo-model kind_load_image
make[1]: Entering directory '/workspace/source/testing/docker/echo-model'
s2i build \
	-E environment_rest \
	.\
	seldonio/seldon-core-s2i-python3:1.6.0-dev\
	seldonio/echo-model:0.1
---> Installing application source...
Collecting pip-licenses
Downloading https://files.pythonhosted.org/packages/54/e5/c3b6dec449a5dc7f4483123c5d3fba1fc325cc319fb391ea829b696a7da1/pip_licenses-3.1.0-py3-none-any.whl
Collecting PTable (from pip-licenses)
Downloading https://files.pythonhosted.org/packages/ab/b3/b54301811173ca94119eb474634f120a49cd370f257d1aae5a4abaf12729/PTable-0.9.2.tar.gz
Building wheels for collected packages: PTable
Building wheel for PTable (setup.py): started
Building wheel for PTable (setup.py): finished with status 'done'
Created wheel for PTable: filename=PTable-0.9.2-cp37-none-any.whl size=22906 sha256=188a5b5fc95fe697fe344bf19c6ecb89171202aa1e01fdaf027803866dbec97b
Stored in directory: /root/.cache/pip/wheels/22/cc/2e/55980bfe86393df3e9896146a01f6802978d09d7ebcba5ea56
Successfully built PTable
Installing collected packages: PTable, pip-licenses
Successfully installed PTable-0.9.2 pip-licenses-3.1.0
created path: ./licenses/license_info.csv
created path: ./licenses/license.txt
Build completed successfully
kind load -v 3 docker-image seldonio/echo-model:0.1
Image: "seldonio/echo-model:0.1" with ID "sha256:721e03ff3778112e95dd234d26f0ff9118b06d523d6d55b64a42d4dd3666fab7" not present on node "kind-worker"
Image: "seldonio/echo-model:0.1" with ID "sha256:721e03ff3778112e95dd234d26f0ff9118b06d523d6d55b64a42d4dd3666fab7" not present on node "kind-control-plane"
make[1]: Leaving directory '/workspace/source/testing/docker/echo-model'
Files changed in prepackaged folder:
SKIPPING PREPACKAGED IMAGE BUILD...
Files changed in alibi explain folder:
SKIPPING ALIBI EXPLAIN IMAGE BUILD...
Files changed in alibi detect folder:
SKIPPING ALIBI DETECT IMAGE BUILD...
Files changed in misc folders:
SKIPPING MISC IMAGE BUILD...
kubectl create namespace seldon || echo "Namespace seldon already exists"
namespace/seldon created
kubectl create namespace test1 || echo "Namespace test1 already exists"
namespace/test1 created
helm repo add stable https://kubernetes-charts.storage.googleapis.com/
"stable" has been added to your repositories
helm repo add seldonio https://storage.googleapis.com/seldon-charts
"seldonio" has been added to your repositories
helm repo add jaegertracing https://jaegertracing.github.io/helm-charts
"jaegertracing" has been added to your repositories
helm repo add datawire https://www.getambassador.io
"datawire" has been added to your repositories
helm repo update
Hang tight while we grab the latest from your chart repositories...
...Successfully got an update from the "jaegertracing" chart repository
...Successfully got an update from the "seldonio" chart repository
...Successfully got an update from the "datawire" chart repository
...Successfully got an update from the "stable" chart repository
Update Complete. âŽˆ Happy Helming!âŽˆ 
helm upgrade ambassador \
	datawire/ambassador \
	-f ../resources/ambassador_values.yaml \
	--set image.repository=quay.io/datawire/ambassador \
	--set crds.keep=false \
	--set enableAES=false \
	--namespace seldon \
	--set replicaCount=1 \
	--wait --install
Release "ambassador" does not exist. Installing it now.
manifest_sorter.go:192: info: skipping unknown hook: "crd-install"
manifest_sorter.go:192: info: skipping unknown hook: "crd-install"
manifest_sorter.go:192: info: skipping unknown hook: "crd-install"
manifest_sorter.go:192: info: skipping unknown hook: "crd-install"
manifest_sorter.go:192: info: skipping unknown hook: "crd-install"
manifest_sorter.go:192: info: skipping unknown hook: "crd-install"
manifest_sorter.go:192: info: skipping unknown hook: "crd-install"
manifest_sorter.go:192: info: skipping unknown hook: "crd-install"
manifest_sorter.go:192: info: skipping unknown hook: "crd-install"
manifest_sorter.go:192: info: skipping unknown hook: "crd-install"
manifest_sorter.go:192: info: skipping unknown hook: "crd-install"
manifest_sorter.go:192: info: skipping unknown hook: "crd-install"
manifest_sorter.go:192: info: skipping unknown hook: "crd-install"
manifest_sorter.go:192: info: skipping unknown hook: "crd-install"
manifest_sorter.go:192: info: skipping unknown hook: "crd-install"
manifest_sorter.go:192: info: skipping unknown hook: "crd-install"
manifest_sorter.go:192: info: skipping unknown hook: "crd-install"
manifest_sorter.go:192: info: skipping unknown hook: "crd-install"
manifest_sorter.go:192: info: skipping unknown hook: "crd-install"
NAME: ambassador
LAST DEPLOYED: Tue Dec 15 14:07:55 2020
NAMESPACE: seldon
STATUS: deployed
REVISION: 1
NOTES:
-------------------------------------------------------------------------------
  Congratulations! You've successfully installed Ambassador!

-------------------------------------------------------------------------------
To get the IP address of Ambassador, run the following commands:
  export NODE_PORT=$(kubectl get --namespace seldon -o jsonpath="{.spec.ports[0].nodePort}" services ambassador)
  export NODE_IP=$(kubectl get nodes --namespace seldon -o jsonpath="{.items[0].status.addresses[0].address}")
  echo http://$NODE_IP:$NODE_PORT

For help, visit our Slack at https://d6e.co/slack or view the documentation online at https://www.getambassador.io.
curl -L https://istio.io/downloadIstio | ISTIO_VERSION=1.6.8 TARGET_ARCH=x86_64 sh -
  % Total    % Received % Xferd  Average Speed   Time    Time     Time  Current
                                 Dload  Upload   Total   Spent    Left  Speed
  0     0    0     0    0     0      0      0 --:--:-- --:--:-- --:--:--     0100   102  100   102    0     0    181      0 --:--:-- --:--:-- --:--:--   181
100  4579  100  4579    0     0   7721      0 --:--:-- --:--:-- --:--:--  7721

Downloading istio-1.6.8 from https://github.com/istio/istio/releases/download/1.6.8/istio-1.6.8-linux-amd64.tar.gz ...

Istio 1.6.8 Download Complete!

Istio has been successfully downloaded into the istio-1.6.8 folder on your system.

Next Steps:
See https://istio.io/latest/docs/setup/install/ to add Istio to your Kubernetes cluster.

To configure the istioctl client tool for your workstation,
add the /workspace/source/testing/scripts/istio-1.6.8/bin directory to your environment path variable with:
	 export PATH="$PATH:/workspace/source/testing/scripts/istio-1.6.8/bin"

Begin the Istio pre-installation check by running:
	 istioctl x precheck 

Need more information? Visit https://istio.io/latest/docs/setup/install/ 
istio-1.6.8/bin/istioctl install --set profile=demo
Detected that your cluster does not support third party JWT authentication. Falling back to less secure first party JWT. See https://istio.io/docs/ops/best-practices/security/#configure-third-party-service-account-tokens for details.

- Processing resources for Istio core.
- Processing resources for Istio core.
- Processing resources for Istio core.
- Processing resources for Istio core.
- Processing resources for Istio core.
- Processing resources for Istio core.
- Processing resources for Istio core.
- Processing resources for Istio core.
- Processing resources for Istio core.
- Processing resources for Istio core.
- Processing resources for Istio core.
- Processing resources for Istio core.
- Processing resources for Istio core.
- Processing resources for Istio core.
- Processing resources for Istio core.
- Processing resources for Istio core.
- Processing resources for Istio core.
- Processing resources for Istio core.
- Processing resources for Istio core.
- Processing resources for Istio core.
- Processing resources for Istio core.
- Processing resources for Istio core.
- Processing resources for Istio core.
- Processing resources for Istio core.
- Processing resources for Istio core.
- Processing resources for Istio core.
- Processing resources for Istio core.
- Processing resources for Istio core.
- Processing resources for Istio core.
- Processing resources for Istio core.
- Processing resources for Istio core.
- Processing resources for Istio core.
âœ” Istio core installed
- Processing resources for Istiod.
- Processing resources for Istiod.
- Processing resources for Istiod.
- Processing resources for Istiod.
- Processing resources for Istiod.
- Processing resources for Istiod.
- Processing resources for Istiod.
- Processing resources for Istiod.
- Processing resources for Istiod.
- Processing resources for Istiod.
- Processing resources for Istiod.
- Processing resources for Istiod.
- Processing resources for Istiod.
- Processing resources for Istiod.
- Processing resources for Istiod.
- Processing resources for Istiod.
- Processing resources for Istiod. Waiting for Deployment/istio-system/istiod
- Processing resources for Istiod. Waiting for Deployment/istio-system/istiod
- Processing resources for Istiod. Waiting for Deployment/istio-system/istiod
- Processing resources for Istiod. Waiting for Deployment/istio-system/istiod
- Processing resources for Istiod. Waiting for Deployment/istio-system/istiod
- Processing resources for Istiod. Waiting for Deployment/istio-system/istiod
- Processing resources for Istiod. Waiting for Deployment/istio-system/istiod
âœ” Istiod installed
- Processing resources for Egress gateways, Ingress gateways.
- Processing resources for Egress gateways, Ingress gateways.
- Processing resources for Egress gateways, Ingress gateways.
- Processing resources for Egress gateways, Ingress gateways.
- Processing resources for Egress gateways, Ingress gateways.
- Processing resources for Egress gateways, Ingress gateways.
- Processing resources for Egress gateways, Ingress gateways.
- Processing resources for Egress gateways, Ingress gateways.
- Processing resources for Egress gateways, Ingress gateways. Waiting for Deployment/istio-system...
- Processing resources for Egress gateways, Ingress gateways. Waiting for Deployment/istio-system...
- Processing resources for Egress gateways, Ingress gateways. Waiting for Deployment/istio-system...
- Processing resources for Egress gateways, Ingress gateways. Waiting for Deployment/istio-system...
- Processing resources for Addons, Egress gateways, Ingress gateways. Waiting for Deployment/isti...
- Processing resources for Addons, Egress gateways, Ingress gateways. Waiting for Deployment/isti...
- Processing resources for Addons, Egress gateways, Ingress gateways. Waiting for Deployment/isti...
- Processing resources for Addons, Egress gateways, Ingress gateways. Waiting for Deployment/isti...
- Processing resources for Addons, Egress gateways, Ingress gateways. Waiting for Deployment/isti...
- Processing resources for Addons, Egress gateways, Ingress gateways. Waiting for Deployment/isti...
- Processing resources for Addons, Egress gateways, Ingress gateways. Waiting for Deployment/isti...
- Processing resources for Addons, Egress gateways, Ingress gateways. Waiting for Deployment/isti...
- Processing resources for Addons, Egress gateways, Ingress gateways. Waiting for Deployment/isti...
- Processing resources for Addons, Egress gateways, Ingress gateways. Waiting for Deployment/isti...
- Processing resources for Addons, Egress gateways, Ingress gateways. Waiting for Deployment/isti...
- Processing resources for Addons, Egress gateways, Ingress gateways. Waiting for Deployment/isti...
- Processing resources for Addons, Egress gateways, Ingress gateways. Waiting for Deployment/isti...
- Processing resources for Addons, Egress gateways, Ingress gateways. Waiting for Deployment/isti...
- Processing resources for Addons, Egress gateways, Ingress gateways. Waiting for Deployment/isti...
- Processing resources for Addons, Egress gateways, Ingress gateways. Waiting for Deployment/isti...
- Processing resources for Addons, Egress gateways, Ingress gateways. Waiting for Deployment/isti...
- Processing resources for Addons, Egress gateways, Ingress gateways. Waiting for Deployment/isti...
- Processing resources for Addons, Egress gateways, Ingress gateways. Waiting for Deployment/isti...
- Processing resources for Addons, Egress gateways, Ingress gateways. Waiting for Deployment/isti...
- Processing resources for Addons, Egress gateways, Ingress gateways. Waiting for Deployment/isti...
- Processing resources for Addons, Egress gateways, Ingress gateways. Waiting for Deployment/isti...
- Processing resources for Addons, Egress gateways, Ingress gateways. Waiting for Deployment/isti...
- Processing resources for Addons, Egress gateways, Ingress gateways. Waiting for Deployment/isti...
- Processing resources for Addons, Egress gateways, Ingress gateways. Waiting for Deployment/isti...
- Processing resources for Addons, Egress gateways, Ingress gateways. Waiting for Deployment/isti...
- Processing resources for Addons, Egress gateways, Ingress gateways. Waiting for Deployment/isti...
- Processing resources for Addons, Egress gateways, Ingress gateways. Waiting for Deployment/isti...
- Processing resources for Addons, Egress gateways, Ingress gateways. Waiting for Deployment/isti...
- Processing resources for Addons, Egress gateways, Ingress gateways. Waiting for Deployment/isti...
- Processing resources for Addons, Egress gateways, Ingress gateways. Waiting for Deployment/isti...
- Processing resources for Addons, Egress gateways, Ingress gateways. Waiting for Deployment/isti...
- Processing resources for Addons, Egress gateways, Ingress gateways. Waiting for Deployment/isti...
- Processing resources for Addons, Egress gateways, Ingress gateways. Waiting for Deployment/isti...
- Processing resources for Addons, Egress gateways, Ingress gateways. Waiting for Deployment/isti...
- Processing resources for Addons, Egress gateways, Ingress gateways. Waiting for Deployment/isti...
- Processing resources for Addons, Egress gateways, Ingress gateways. Waiting for Deployment/isti...
- Processing resources for Addons, Egress gateways, Ingress gateways. Waiting for Deployment/isti...
- Processing resources for Addons, Egress gateways, Ingress gateways. Waiting for Deployment/isti...
- Processing resources for Addons, Egress gateways, Ingress gateways. Waiting for Deployment/isti...
- Processing resources for Addons, Egress gateways, Ingress gateways. Waiting for Deployment/isti...
- Processing resources for Addons, Egress gateways, Ingress gateways. Waiting for Deployment/isti...
- Processing resources for Addons, Egress gateways, Ingress gateways. Waiting for Deployment/isti...
- Processing resources for Addons, Egress gateways, Ingress gateways. Waiting for Deployment/isti...
âœ” Egress gateways installed
âœ” Ingress gateways installed
- Processing resources for Addons. Waiting for Deployment/istio-system/grafana, Deployment/istio-...
- Processing resources for Addons. Waiting for Deployment/istio-system/grafana, Deployment/istio-...
- Processing resources for Addons. Waiting for Deployment/istio-system/grafana, Deployment/istio-...
- Processing resources for Addons. Waiting for Deployment/istio-system/grafana, Deployment/istio-...
- Processing resources for Addons. Waiting for Deployment/istio-system/grafana, Deployment/istio-...
- Processing resources for Addons. Waiting for Deployment/istio-system/grafana, Deployment/istio-...
- Processing resources for Addons. Waiting for Deployment/istio-system/grafana, Deployment/istio-...
- Processing resources for Addons. Waiting for Deployment/istio-system/grafana, Deployment/istio-...
- Processing resources for Addons. Waiting for Deployment/istio-system/grafana, Deployment/istio-...
- Processing resources for Addons. Waiting for Deployment/istio-system/kiali, Deployment/istio-sy...
- Processing resources for Addons. Waiting for Deployment/istio-system/kiali, Deployment/istio-sy...
- Processing resources for Addons. Waiting for Deployment/istio-system/kiali, Deployment/istio-sy...
- Processing resources for Addons. Waiting for Deployment/istio-system/kiali, Deployment/istio-sy...
- Processing resources for Addons. Waiting for Deployment/istio-system/kiali, Deployment/istio-sy...
- Processing resources for Addons. Waiting for Deployment/istio-system/kiali, Deployment/istio-sy...
- Processing resources for Addons. Waiting for Deployment/istio-system/kiali, Deployment/istio-sy...
- Processing resources for Addons. Waiting for Deployment/istio-system/kiali
- Processing resources for Addons. Waiting for Deployment/istio-system/kiali
- Processing resources for Addons. Waiting for Deployment/istio-system/kiali
- Processing resources for Addons. Waiting for Deployment/istio-system/kiali
- Processing resources for Addons. Waiting for Deployment/istio-system/kiali
- Processing resources for Addons. Waiting for Deployment/istio-system/kiali
âœ” Addons installed
- Pruning removed resources
kubectl patch svc istio-ingressgateway -n istio-system --patch "$(cat ../resources/istio-ingressgateway-patch.yaml)"
service/istio-ingressgateway patched
kubectl create -f ../resources/seldon-gateway.yaml -n istio-system
gateway.networking.istio.io/seldon-gateway created
kubectl apply -f https://github.com/kedacore/keda/releases/download/v2.0.0/keda-2.0.0.yaml
namespace/keda created
customresourcedefinition.apiextensions.k8s.io/scaledjobs.keda.sh created
customresourcedefinition.apiextensions.k8s.io/scaledobjects.keda.sh created
customresourcedefinition.apiextensions.k8s.io/triggerauthentications.keda.sh created
serviceaccount/keda-operator created
clusterrole.rbac.authorization.k8s.io/keda-external-metrics-reader created
clusterrole.rbac.authorization.k8s.io/keda-operator created
rolebinding.rbac.authorization.k8s.io/keda-auth-reader created
clusterrolebinding.rbac.authorization.k8s.io/keda-hpa-controller-external-metrics created
clusterrolebinding.rbac.authorization.k8s.io/keda-operator created
clusterrolebinding.rbac.authorization.k8s.io/keda:system:auth-delegator created
service/keda-metrics-apiserver created
deployment.apps/keda-metrics-apiserver created
deployment.apps/keda-operator created
apiservice.apiregistration.k8s.io/v1beta1.external.metrics.k8s.io created
helm upgrade jaeger-operator \
	jaegertracing/jaeger-operator \
	--set rbac.clusterRole=true \
	--namespace seldon \
	--wait --install
Release "jaeger-operator" does not exist. Installing it now.
âœ” Installation completemanifest_sorter.go:192: info: skipping unknown hook: "crd-install"
NAME: jaeger-operator
LAST DEPLOYED: Tue Dec 15 14:10:05 2020
NAMESPACE: seldon
STATUS: deployed
REVISION: 1
TEST SUITE: None
NOTES:
jaeger-operator is installed.


Check the jaeger-operator logs
  export POD=$(kubectl get pods-l app.kubernetes.io/instance=jaeger-operator -lapp.kubernetes.io/name=jaeger-operator --namespace seldon --output name)
  kubectl logs $POD --namespace=seldon
kubectl apply -f ../resources/jaeger.yaml --namespace seldon
jaeger.jaegertracing.io/jaeger created
mapping.getambassador.io/jaeger created
kubectl create namespace seldon-system || echo "namespace seldon-system exists"
namespace/seldon-system created
helm delete seldon --namespace seldon-system || echo "seldon-core not installed"
Error: uninstall: Release not loaded: seldon: release: not found
seldon-core not installed
helm upgrade seldon \
	../../helm-charts/seldon-core-operator \
	--namespace seldon-system \
	--set istio.enabled=true \
	--set keda.enabled=true \
	--set istio.gateway=istio-system/seldon-gateway \
	--set certManager.enabled=false \
	--set executor.enabled="true" \
	--wait --install
Release "seldon" does not exist. Installing it now.
NAME: seldon
LAST DEPLOYED: Tue Dec 15 14:10:27 2020
NAMESPACE: seldon-system
STATUS: deployed
REVISION: 1
TEST SUITE: None
kubectl config set-context $(kubectl config current-context) --namespace=seldon
Context "kind-kind" modified.
kubectl apply -f metrics.yaml
clusterrole.rbac.authorization.k8s.io/system:aggregated-metrics-reader created
clusterrolebinding.rbac.authorization.k8s.io/metrics-server:system:auth-delegator created
rolebinding.rbac.authorization.k8s.io/metrics-server-auth-reader created
apiservice.apiregistration.k8s.io/v1beta1.metrics.k8s.io created
serviceaccount/metrics-server created
deployment.apps/metrics-server created
service/metrics-server created
clusterrole.rbac.authorization.k8s.io/system:metrics-server created
clusterrolebinding.rbac.authorization.k8s.io/system:metrics-server created
make: Entering directory '/workspace/source/python'
pip install -e . -r requirements-dev.txt
Obtaining file:///workspace/source/python
Collecting black==19.10b0
  Downloading black-19.10b0-py36-none-any.whl (97 kB)
Collecting flake8==3.8.1
  Downloading flake8-3.8.1-py2.py3-none-any.whl (72 kB)
Collecting mypy<0.791
  Downloading mypy-0.790-cp36-cp36m-manylinux1_x86_64.whl (21.0 MB)
Collecting Pillow==8.0.1
  Downloading Pillow-8.0.1-cp36-cp36m-manylinux1_x86_64.whl (2.2 MB)
Collecting pytest==6.1.2
  Downloading pytest-6.1.2-py3-none-any.whl (272 kB)
Collecting pytest-cov==2.10.1
  Downloading pytest_cov-2.10.1-py2.py3-none-any.whl (19 kB)
Collecting tox<4.0.0
  Downloading tox-3.20.1-py2.py3-none-any.whl (83 kB)
Collecting grpcio-tools==1.33.2
  Downloading grpcio_tools-1.33.2-cp36-cp36m-manylinux2014_x86_64.whl (2.5 MB)
Collecting mypy-protobuf==1.22
  Downloading mypy_protobuf-1.22-py3-none-any.whl (7.5 kB)
Collecting tenacity==6.2.0
  Downloading tenacity-6.2.0-py2.py3-none-any.whl (24 kB)
Collecting coverage==5.3
  Downloading coverage-5.3-cp36-cp36m-manylinux1_x86_64.whl (229 kB)
Collecting pandas==1.1.0
  Downloading pandas-1.1.0-cp36-cp36m-manylinux1_x86_64.whl (10.5 MB)
Collecting pip-licenses==3.1.0
  Downloading pip_licenses-3.1.0-py3-none-any.whl (15 kB)
Collecting Flask<2.0.0
  Downloading Flask-1.1.2-py2.py3-none-any.whl (94 kB)
Requirement already satisfied: jsonschema<4.0.0 in /usr/local/lib/python3.6/site-packages (from seldon-core==1.6.0.dev0) (3.2.0)
Collecting Flask-cors<4.0.0
  Downloading Flask_Cors-3.0.9-py2.py3-none-any.whl (14 kB)
Collecting redis<4.0.0
  Downloading redis-3.5.3-py2.py3-none-any.whl (72 kB)
Requirement already satisfied: requests<3.0.0 in /usr/local/lib/python3.6/site-packages (from seldon-core==1.6.0.dev0) (2.24.0)
Requirement already satisfied: numpy<2.0.0 in /usr/local/lib/python3.6/site-packages (from seldon-core==1.6.0.dev0) (1.19.2)
Collecting flatbuffers<2.0.0
  Downloading flatbuffers-1.12-py2.py3-none-any.whl (15 kB)
Requirement already satisfied: protobuf<4.0.0 in /usr/local/lib/python3.6/site-packages (from seldon-core==1.6.0.dev0) (3.13.0)
Requirement already satisfied: grpcio<2.0.0 in /usr/local/lib/python3.6/site-packages (from seldon-core==1.6.0.dev0) (1.32.0)
Collecting Flask-OpenTracing<1.2.0,>=1.1.0
  Downloading Flask-OpenTracing-1.1.0.tar.gz (8.2 kB)
Collecting opentracing<2.5.0,>=2.2.0
  Downloading opentracing-2.4.0.tar.gz (46 kB)
Collecting jaeger-client<4.4.0,>=4.1.0
  Downloading jaeger-client-4.3.0.tar.gz (81 kB)
Collecting grpcio-opentracing<1.2.0,>=1.1.4
  Downloading grpcio_opentracing-1.1.4-py3-none-any.whl (14 kB)
Collecting grpcio-reflection==1.34.0
  Downloading grpcio-reflection-1.34.0.tar.gz (11 kB)
Requirement already satisfied: PyYAML<5.4 in /usr/local/lib/python3.6/site-packages (from seldon-core==1.6.0.dev0) (5.3.1)
Collecting gunicorn<20.1.0,>=19.9.0
  Downloading gunicorn-20.0.4-py2.py3-none-any.whl (77 kB)
Requirement already satisfied: setuptools>=41.0.0 in /usr/local/lib/python3.6/site-packages (from seldon-core==1.6.0.dev0) (50.3.0)
Requirement already satisfied: prometheus_client<0.9.0,>=0.7.1 in /usr/local/lib/python3.6/site-packages (from seldon-core==1.6.0.dev0) (0.8.0)
Collecting toml>=0.9.4
  Downloading toml-0.10.2-py2.py3-none-any.whl (16 kB)
Collecting appdirs
  Downloading appdirs-1.4.4-py2.py3-none-any.whl (9.6 kB)
Collecting regex
  Downloading regex-2020.11.13-cp36-cp36m-manylinux2014_x86_64.whl (723 kB)
Collecting typed-ast>=1.4.0
  Downloading typed_ast-1.4.1-cp36-cp36m-manylinux1_x86_64.whl (737 kB)
Collecting pathspec<1,>=0.6
  Downloading pathspec-0.8.1-py2.py3-none-any.whl (28 kB)
Requirement already satisfied: attrs>=18.1.0 in /usr/local/lib/python3.6/site-packages (from black==19.10b0->-r requirements-dev.txt (line 2)) (20.2.0)
Collecting click>=6.5
  Downloading click-7.1.2-py2.py3-none-any.whl (82 kB)
Collecting pyflakes<2.3.0,>=2.2.0
  Downloading pyflakes-2.2.0-py2.py3-none-any.whl (66 kB)
Collecting mccabe<0.7.0,>=0.6.0
  Downloading mccabe-0.6.1-py2.py3-none-any.whl (8.6 kB)
Collecting pycodestyle<2.7.0,>=2.6.0a1
  Downloading pycodestyle-2.6.0-py2.py3-none-any.whl (41 kB)
Requirement already satisfied: importlib-metadata; python_version < "3.8" in /usr/local/lib/python3.6/site-packages (from flake8==3.8.1->-r requirements-dev.txt (line 3)) (2.0.0)
Collecting mypy-extensions<0.5.0,>=0.4.3
  Downloading mypy_extensions-0.4.3-py2.py3-none-any.whl (4.5 kB)
Requirement already satisfied: typing-extensions>=3.7.4 in /usr/local/lib/python3.6/site-packages (from mypy<0.791->-r requirements-dev.txt (line 4)) (3.7.4.3)
Requirement already satisfied: pluggy<1.0,>=0.12 in /usr/local/lib/python3.6/site-packages (from pytest==6.1.2->-r requirements-dev.txt (line 6)) (0.13.1)
Requirement already satisfied: packaging in /usr/local/lib/python3.6/site-packages (from pytest==6.1.2->-r requirements-dev.txt (line 6)) (20.4)
Requirement already satisfied: py>=1.8.2 in /usr/local/lib/python3.6/site-packages (from pytest==6.1.2->-r requirements-dev.txt (line 6)) (1.9.0)
Collecting iniconfig
  Downloading iniconfig-1.1.1-py2.py3-none-any.whl (5.0 kB)
Requirement already satisfied: six>=1.14.0 in /usr/local/lib/python3.6/site-packages (from tox<4.0.0->-r requirements-dev.txt (line 8)) (1.15.0)
Collecting virtualenv!=20.0.0,!=20.0.1,!=20.0.2,!=20.0.3,!=20.0.4,!=20.0.5,!=20.0.6,!=20.0.7,>=16.0.0
  Downloading virtualenv-20.2.2-py2.py3-none-any.whl (5.7 MB)
Collecting filelock>=3.0.0
  Downloading filelock-3.0.12-py3-none-any.whl (7.6 kB)
Requirement already satisfied: python-dateutil>=2.7.3 in /usr/local/lib/python3.6/site-packages (from pandas==1.1.0->-r requirements-dev.txt (line 19)) (2.8.1)
Requirement already satisfied: pytz>=2017.2 in /usr/local/lib/python3.6/site-packages (from pandas==1.1.0->-r requirements-dev.txt (line 19)) (2020.1)
Collecting PTable
  Downloading PTable-0.9.2.tar.gz (31 kB)
Requirement already satisfied: Jinja2>=2.10.1 in /usr/local/lib/python3.6/site-packages (from Flask<2.0.0->seldon-core==1.6.0.dev0) (2.11.2)
Collecting itsdangerous>=0.24
  Downloading itsdangerous-1.1.0-py2.py3-none-any.whl (16 kB)
Requirement already satisfied: Werkzeug>=0.15 in /usr/local/lib/python3.6/site-packages (from Flask<2.0.0->seldon-core==1.6.0.dev0) (1.0.1)
Requirement already satisfied: pyrsistent>=0.14.0 in /usr/local/lib/python3.6/site-packages (from jsonschema<4.0.0->seldon-core==1.6.0.dev0) (0.17.3)
Requirement already satisfied: idna<3,>=2.5 in /usr/local/lib/python3.6/site-packages (from requests<3.0.0->seldon-core==1.6.0.dev0) (2.10)
Requirement already satisfied: urllib3!=1.25.0,!=1.25.1,<1.26,>=1.21.1 in /usr/local/lib/python3.6/site-packages (from requests<3.0.0->seldon-core==1.6.0.dev0) (1.25.10)
Requirement already satisfied: chardet<4,>=3.0.2 in /usr/local/lib/python3.6/site-packages (from requests<3.0.0->seldon-core==1.6.0.dev0) (3.0.4)
Requirement already satisfied: certifi>=2017.4.17 in /usr/local/lib/python3.6/site-packages (from requests<3.0.0->seldon-core==1.6.0.dev0) (2020.6.20)
Collecting threadloop<2,>=1
  Downloading threadloop-1.0.2.tar.gz (4.9 kB)
Collecting thrift
  Downloading thrift-0.13.0.tar.gz (59 kB)
Requirement already satisfied: tornado>=4.3 in /usr/local/lib/python3.6/site-packages (from jaeger-client<4.4.0,>=4.1.0->seldon-core==1.6.0.dev0) (6.0.4)
Requirement already satisfied: zipp>=0.5 in /usr/local/lib/python3.6/site-packages (from importlib-metadata; python_version < "3.8"->flake8==3.8.1->-r requirements-dev.txt (line 3)) (3.3.0)
Requirement already satisfied: pyparsing>=2.0.2 in /usr/local/lib/python3.6/site-packages (from packaging->pytest==6.1.2->-r requirements-dev.txt (line 6)) (2.4.7)
Collecting distlib<1,>=0.3.1
  Downloading distlib-0.3.1-py2.py3-none-any.whl (335 kB)
Collecting importlib-resources>=1.0; python_version < "3.7"
  Downloading importlib_resources-3.3.0-py2.py3-none-any.whl (26 kB)
Requirement already satisfied: MarkupSafe>=0.23 in /usr/local/lib/python3.6/site-packages (from Jinja2>=2.10.1->Flask<2.0.0->seldon-core==1.6.0.dev0) (1.1.1)
Building wheels for collected packages: Flask-OpenTracing, opentracing, jaeger-client, grpcio-reflection, PTable, threadloop, thrift
  Building wheel for Flask-OpenTracing (setup.py): started
  Building wheel for Flask-OpenTracing (setup.py): finished with status 'done'
  Created wheel for Flask-OpenTracing: filename=Flask_OpenTracing-1.1.0-py3-none-any.whl size=9071 sha256=9e403a6c4bbdcb63852f01628cd4ab5270ce2bb23a7fb165a2225dedd351085a
  Stored in directory: /builder/home/.cache/pip/wheels/ad/4b/2d/24ff0da0a0b53c7c77ce59b843bcceaf644c88703241e59615
  Building wheel for opentracing (setup.py): started
  Building wheel for opentracing (setup.py): finished with status 'done'
  Created wheel for opentracing: filename=opentracing-2.4.0-py3-none-any.whl size=51400 sha256=6d7e75a682b98d4f7ea8ad7791d4b700567b820effc100b90da04437f2b8b07d
  Stored in directory: /builder/home/.cache/pip/wheels/83/73/4c/0e331f57d4702becb1fca9d9148277aca96d127bd838faf85e
  Building wheel for jaeger-client (setup.py): started
  Building wheel for jaeger-client (setup.py): finished with status 'done'
  Created wheel for jaeger-client: filename=jaeger_client-4.3.0-py3-none-any.whl size=64290 sha256=1edc073e4d0a981d2f58b68d3924a88e8bd0d16d97bf91c27aff8d182e9324e1
  Stored in directory: /builder/home/.cache/pip/wheels/a8/37/30/d86c970966efbf6da89e8085db50f2be4cf36ca68513eff785
  Building wheel for grpcio-reflection (setup.py): started
  Building wheel for grpcio-reflection (setup.py): finished with status 'done'
  Created wheel for grpcio-reflection: filename=grpcio_reflection-1.34.0-py3-none-any.whl size=14417 sha256=cd524715ac6da191750b38e9ff93454d78f83c0741b8b20170fd8ef9675cf179
  Stored in directory: /builder/home/.cache/pip/wheels/96/e3/5a/831fddef5035422283d5505e1bc047c3a47c16c39ffc71c4c5
  Building wheel for PTable (setup.py): started
  Building wheel for PTable (setup.py): finished with status 'done'
  Created wheel for PTable: filename=PTable-0.9.2-py3-none-any.whl size=22907 sha256=52d70ace023a1307e00e88a1384c19a24d29ca04487ad02477dcde649ea5fe4a
  Stored in directory: /builder/home/.cache/pip/wheels/f3/65/67/71f473ec87ea4554d1bdfb1b5128cfe1414c2b113b72a1ee8e
  Building wheel for threadloop (setup.py): started
  Building wheel for threadloop (setup.py): finished with status 'done'
  Created wheel for threadloop: filename=threadloop-1.0.2-py3-none-any.whl size=3425 sha256=99258b361e7b4c8fa37de05bc86dedeeafe43a289f52e60884df51ef17120092
  Stored in directory: /builder/home/.cache/pip/wheels/02/54/65/9f87de48fe8fcaaee30f279973d946ad55f9df56b93b3e78da
  Building wheel for thrift (setup.py): started
  Building wheel for thrift (setup.py): finished with status 'done'
  Created wheel for thrift: filename=thrift-0.13.0-cp36-cp36m-linux_x86_64.whl size=483910 sha256=12094c8724dc7387f5906c05b47e662f456b2b7a90ba45a95f53c0edd053c496
  Stored in directory: /builder/home/.cache/pip/wheels/e0/38/fc/472fe18756b177b42096961f8bd3ff2dc5c5620ac399fce52d
Successfully built Flask-OpenTracing opentracing jaeger-client grpcio-reflection PTable threadloop thrift
Installing collected packages: toml, appdirs, regex, typed-ast, pathspec, click, black, pyflakes, mccabe, pycodestyle, flake8, mypy-extensions, mypy, Pillow, iniconfig, pytest, coverage, pytest-cov, filelock, distlib, importlib-resources, virtualenv, tox, grpcio-tools, mypy-protobuf, tenacity, pandas, PTable, pip-licenses, itsdangerous, Flask, Flask-cors, redis, flatbuffers, opentracing, Flask-OpenTracing, threadloop, thrift, jaeger-client, grpcio-opentracing, grpcio-reflection, gunicorn, seldon-core
  Attempting uninstall: Pillow
    Found existing installation: Pillow 7.2.0
    Uninstalling Pillow-7.2.0:
      Successfully uninstalled Pillow-7.2.0
  Attempting uninstall: pytest
    Found existing installation: pytest 5.3.1
    Uninstalling pytest-5.3.1:
      Successfully uninstalled pytest-5.3.1
  Attempting uninstall: coverage
    Found existing installation: coverage 4.5.4
    Uninstalling coverage-4.5.4:
      Successfully uninstalled coverage-4.5.4
  Attempting uninstall: pytest-cov
    Found existing installation: pytest-cov 2.8.1
    Uninstalling pytest-cov-2.8.1:
      Successfully uninstalled pytest-cov-2.8.1
  Attempting uninstall: grpcio-tools
    Found existing installation: grpcio-tools 1.32.0
    Uninstalling grpcio-tools-1.32.0:
      Successfully uninstalled grpcio-tools-1.32.0
  Attempting uninstall: tenacity
    Found existing installation: tenacity 6.0.0
    Uninstalling tenacity-6.0.0:
      Successfully uninstalled tenacity-6.0.0
  Attempting uninstall: pandas
    Found existing installation: pandas 1.1.3
    Uninstalling pandas-1.1.3:
      Successfully uninstalled pandas-1.1.3
  Running setup.py develop for seldon-core
ERROR: After October 2020 you may experience errors when installing or updating packages. This is because pip will change the way that it resolves dependency conflicts.

We recommend you use --use-feature=2020-resolver to test your packages with the new resolver before it becomes the default.

grpcio-tools 1.33.2 requires grpcio>=1.33.2, but you'll have grpcio 1.32.0 which is incompatible.
alibi 0.5.2 requires tensorflow>=2.0, but you'll have tensorflow 1.15.4 which is incompatible.
grpcio-reflection 1.34.0 requires grpcio>=1.34.0, but you'll have grpcio 1.32.0 which is incompatible.
Successfully installed Flask-1.1.2 Flask-OpenTracing-1.1.0 Flask-cors-3.0.9 PTable-0.9.2 Pillow-8.0.1 appdirs-1.4.4 black-19.10b0 click-7.1.2 coverage-5.3 distlib-0.3.1 filelock-3.0.12 flake8-3.8.1 flatbuffers-1.12 grpcio-opentracing-1.1.4 grpcio-reflection-1.34.0 grpcio-tools-1.33.2 gunicorn-20.0.4 importlib-resources-3.3.0 iniconfig-1.1.1 itsdangerous-1.1.0 jaeger-client-4.3.0 mccabe-0.6.1 mypy-0.790 mypy-extensions-0.4.3 mypy-protobuf-1.22 opentracing-2.4.0 pandas-1.1.0 pathspec-0.8.1 pip-licenses-3.1.0 pycodestyle-2.6.0 pyflakes-2.2.0 pytest-6.1.2 pytest-cov-2.10.1 redis-3.5.3 regex-2020.11.13 seldon-core tenacity-6.2.0 threadloop-1.0.2 thrift-0.13.0 toml-0.10.2 tox-3.20.1 typed-ast-1.4.1 virtualenv-20.2.2
WARNING: You are using pip version 20.2.3; however, version 20.3.1 is available.
You should consider upgrading via the '/usr/local/bin/python -m pip install --upgrade pip' command.
make: Leaving directory '/workspace/source/python'
cp ../../proto/prediction.proto ./proto
cd ../../proto/tensorflow && make create_protos
make[1]: Entering directory '/workspace/source/proto/tensorflow'
./create-protos.sh
Downloading proto files for master
make[1]: Leaving directory '/workspace/source/proto/tensorflow'
cp -vr ../../proto/tensorflow/tensorflow .
'../../proto/tensorflow/tensorflow' -> './tensorflow'
'../../proto/tensorflow/tensorflow/core' -> './tensorflow/core'
'../../proto/tensorflow/tensorflow/core/framework' -> './tensorflow/core/framework'
'../../proto/tensorflow/tensorflow/core/framework/types.proto' -> './tensorflow/core/framework/types.proto'
'../../proto/tensorflow/tensorflow/core/framework/resource_handle.proto' -> './tensorflow/core/framework/resource_handle.proto'
'../../proto/tensorflow/tensorflow/core/framework/tensor_shape.proto' -> './tensorflow/core/framework/tensor_shape.proto'
'../../proto/tensorflow/tensorflow/core/framework/tensor.proto' -> './tensorflow/core/framework/tensor.proto'
python -m grpc.tools.protoc -I. --python_out=. --grpc_python_out=. ./proto/prediction.proto
cd ../../notebooks && make build_protos
make[1]: Entering directory '/workspace/source/notebooks'
cd ../proto/tensorflow && make create_protos
make[2]: Entering directory '/workspace/source/proto/tensorflow'
make[2]: Nothing to be done for 'create_protos'.
make[2]: Leaving directory '/workspace/source/proto/tensorflow'
cp -vr ../proto/tensorflow/tensorflow .
'../proto/tensorflow/tensorflow' -> './tensorflow'
'../proto/tensorflow/tensorflow/core' -> './tensorflow/core'
'../proto/tensorflow/tensorflow/core/framework' -> './tensorflow/core/framework'
'../proto/tensorflow/tensorflow/core/framework/types.proto' -> './tensorflow/core/framework/types.proto'
'../proto/tensorflow/tensorflow/core/framework/resource_handle.proto' -> './tensorflow/core/framework/resource_handle.proto'
'../proto/tensorflow/tensorflow/core/framework/tensor_shape.proto' -> './tensorflow/core/framework/tensor_shape.proto'
'../proto/tensorflow/tensorflow/core/framework/tensor.proto' -> './tensorflow/core/framework/tensor.proto'
cp ../proto/prediction.proto ./proto
python -m grpc.tools.protoc -I. --python_out=. --grpc_python_out=. ./proto/prediction.proto
make[1]: Leaving directory '/workspace/source/notebooks'
cd ../../proto/k8s && make create_protos
make[1]: Entering directory '/workspace/source/proto/k8s'
./create-k8s-protos.sh
Downloading proto files for master
Munging proto file packages
sed -i.bak 's|import "k8s.io/apiextensions-apiserver/|//import "k8s.io/apiextensions-apiserver/|' k8s.io/api/core/v1/generated.proto
rm k8s.io/api/core/v1/generated.proto.bak
make[1]: Leaving directory '/workspace/source/proto/k8s'
pip install -r dev_requirements.txt
Collecting pytest==5.3.1
  Downloading pytest-5.3.1-py3-none-any.whl (233 kB)
Requirement already satisfied: pytest-xdist==1.30.0 in /usr/local/lib/python3.6/site-packages (from -r dev_requirements.txt (line 2)) (1.30.0)
Collecting pytest-cov==2.8.1
  Downloading pytest_cov-2.8.1-py2.py3-none-any.whl (18 kB)
Requirement already satisfied: flaky==3.6.1 in /usr/local/lib/python3.6/site-packages (from -r dev_requirements.txt (line 4)) (3.6.1)
Collecting tenacity==6.0.0
  Downloading tenacity-6.0.0-py2.py3-none-any.whl (24 kB)
Requirement already satisfied: sh==1.13.1 in /usr/local/lib/python3.6/site-packages (from -r dev_requirements.txt (line 6)) (1.13.1)
Requirement already satisfied: ipython==7.13.0 in /usr/local/lib/python3.6/site-packages (from -r dev_requirements.txt (line 9)) (7.13.0)
Requirement already satisfied: nbconvert==5.6.1 in /usr/local/lib/python3.6/site-packages (from -r dev_requirements.txt (line 10)) (5.6.1)
Requirement already satisfied: alibi==0.5.2 in /usr/local/lib/python3.6/site-packages (from -r dev_requirements.txt (line 11)) (0.5.2)
Requirement already satisfied: shap==0.35.0 in /usr/local/lib/python3.6/site-packages (from -r dev_requirements.txt (line 12)) (0.35.0)
Requirement already satisfied: matplotlib==3.1.3 in /usr/local/lib/python3.6/site-packages (from -r dev_requirements.txt (line 13)) (3.1.3)
Requirement already satisfied: tensorflow==1.15.4 in /usr/local/lib/python3.6/site-packages (from -r dev_requirements.txt (line 14)) (1.15.4)
Collecting coverage==4.5.4
  Downloading coverage-4.5.4-cp36-cp36m-manylinux1_x86_64.whl (205 kB)
Requirement already satisfied: wcwidth in /usr/local/lib/python3.6/site-packages (from pytest==5.3.1->-r dev_requirements.txt (line 1)) (0.2.5)
Requirement already satisfied: importlib-metadata>=0.12; python_version < "3.8" in /usr/local/lib/python3.6/site-packages (from pytest==5.3.1->-r dev_requirements.txt (line 1)) (2.0.0)
Requirement already satisfied: py>=1.5.0 in /usr/local/lib/python3.6/site-packages (from pytest==5.3.1->-r dev_requirements.txt (line 1)) (1.9.0)
Requirement already satisfied: more-itertools>=4.0.0 in /usr/local/lib/python3.6/site-packages (from pytest==5.3.1->-r dev_requirements.txt (line 1)) (8.5.0)
Requirement already satisfied: packaging in /usr/local/lib/python3.6/site-packages (from pytest==5.3.1->-r dev_requirements.txt (line 1)) (20.4)
Requirement already satisfied: attrs>=17.4.0 in /usr/local/lib/python3.6/site-packages (from pytest==5.3.1->-r dev_requirements.txt (line 1)) (20.2.0)
Requirement already satisfied: pluggy<1.0,>=0.12 in /usr/local/lib/python3.6/site-packages (from pytest==5.3.1->-r dev_requirements.txt (line 1)) (0.13.1)
Requirement already satisfied: six in /usr/local/lib/python3.6/site-packages (from pytest-xdist==1.30.0->-r dev_requirements.txt (line 2)) (1.15.0)
Requirement already satisfied: pytest-forked in /usr/local/lib/python3.6/site-packages (from pytest-xdist==1.30.0->-r dev_requirements.txt (line 2)) (1.3.0)
Requirement already satisfied: execnet>=1.1 in /usr/local/lib/python3.6/site-packages (from pytest-xdist==1.30.0->-r dev_requirements.txt (line 2)) (1.7.1)
Requirement already satisfied: setuptools>=18.5 in /usr/local/lib/python3.6/site-packages (from ipython==7.13.0->-r dev_requirements.txt (line 9)) (50.3.0)
Requirement already satisfied: decorator in /usr/local/lib/python3.6/site-packages (from ipython==7.13.0->-r dev_requirements.txt (line 9)) (4.4.2)
Requirement already satisfied: pexpect; sys_platform != "win32" in /usr/local/lib/python3.6/site-packages (from ipython==7.13.0->-r dev_requirements.txt (line 9)) (4.8.0)
Requirement already satisfied: prompt-toolkit!=3.0.0,!=3.0.1,<3.1.0,>=2.0.0 in /usr/local/lib/python3.6/site-packages (from ipython==7.13.0->-r dev_requirements.txt (line 9)) (3.0.7)
Requirement already satisfied: traitlets>=4.2 in /usr/local/lib/python3.6/site-packages (from ipython==7.13.0->-r dev_requirements.txt (line 9)) (4.3.3)
Requirement already satisfied: pygments in /usr/local/lib/python3.6/site-packages (from ipython==7.13.0->-r dev_requirements.txt (line 9)) (2.7.1)
Requirement already satisfied: backcall in /usr/local/lib/python3.6/site-packages (from ipython==7.13.0->-r dev_requirements.txt (line 9)) (0.2.0)
Requirement already satisfied: pickleshare in /usr/local/lib/python3.6/site-packages (from ipython==7.13.0->-r dev_requirements.txt (line 9)) (0.7.5)
Requirement already satisfied: jedi>=0.10 in /usr/local/lib/python3.6/site-packages (from ipython==7.13.0->-r dev_requirements.txt (line 9)) (0.17.2)
Requirement already satisfied: bleach in /usr/local/lib/python3.6/site-packages (from nbconvert==5.6.1->-r dev_requirements.txt (line 10)) (3.2.1)
Requirement already satisfied: jinja2>=2.4 in /usr/local/lib/python3.6/site-packages (from nbconvert==5.6.1->-r dev_requirements.txt (line 10)) (2.11.2)
Requirement already satisfied: pandocfilters>=1.4.1 in /usr/local/lib/python3.6/site-packages (from nbconvert==5.6.1->-r dev_requirements.txt (line 10)) (1.4.2)
Requirement already satisfied: mistune<2,>=0.8.1 in /usr/local/lib/python3.6/site-packages (from nbconvert==5.6.1->-r dev_requirements.txt (line 10)) (0.8.4)
Requirement already satisfied: nbformat>=4.4 in /usr/local/lib/python3.6/site-packages (from nbconvert==5.6.1->-r dev_requirements.txt (line 10)) (5.0.7)
Requirement already satisfied: jupyter-core in /usr/local/lib/python3.6/site-packages (from nbconvert==5.6.1->-r dev_requirements.txt (line 10)) (4.6.3)
Requirement already satisfied: entrypoints>=0.2.2 in /usr/local/lib/python3.6/site-packages (from nbconvert==5.6.1->-r dev_requirements.txt (line 10)) (0.3)
Requirement already satisfied: defusedxml in /usr/local/lib/python3.6/site-packages (from nbconvert==5.6.1->-r dev_requirements.txt (line 10)) (0.6.0)
Requirement already satisfied: testpath in /usr/local/lib/python3.6/site-packages (from nbconvert==5.6.1->-r dev_requirements.txt (line 10)) (0.4.4)
Requirement already satisfied: Pillow in /usr/local/lib/python3.6/site-packages (from alibi==0.5.2->-r dev_requirements.txt (line 11)) (8.0.1)
Requirement already satisfied: pandas in /usr/local/lib/python3.6/site-packages (from alibi==0.5.2->-r dev_requirements.txt (line 11)) (1.1.0)
Requirement already satisfied: spacy[lookups] in /usr/local/lib/python3.6/site-packages (from alibi==0.5.2->-r dev_requirements.txt (line 11)) (2.3.2)
Requirement already satisfied: numpy in /usr/local/lib/python3.6/site-packages (from alibi==0.5.2->-r dev_requirements.txt (line 11)) (1.19.2)
Requirement already satisfied: typing-extensions>=3.7.2 in /usr/local/lib/python3.6/site-packages (from alibi==0.5.2->-r dev_requirements.txt (line 11)) (3.7.4.3)
Requirement already satisfied: prettyprinter in /usr/local/lib/python3.6/site-packages (from alibi==0.5.2->-r dev_requirements.txt (line 11)) (0.18.0)
Requirement already satisfied: scikit-image!=0.17.1 in /usr/local/lib/python3.6/site-packages (from alibi==0.5.2->-r dev_requirements.txt (line 11)) (0.17.2)
Requirement already satisfied: scipy in /usr/local/lib/python3.6/site-packages (from alibi==0.5.2->-r dev_requirements.txt (line 11)) (1.5.2)
Requirement already satisfied: scikit-learn in /usr/local/lib/python3.6/site-packages (from alibi==0.5.2->-r dev_requirements.txt (line 11)) (0.23.2)
Requirement already satisfied: beautifulsoup4 in /usr/local/lib/python3.6/site-packages (from alibi==0.5.2->-r dev_requirements.txt (line 11)) (4.9.3)
Requirement already satisfied: requests in /usr/local/lib/python3.6/site-packages (from alibi==0.5.2->-r dev_requirements.txt (line 11)) (2.24.0)
Requirement already satisfied: tqdm>4.25.0 in /usr/local/lib/python3.6/site-packages (from shap==0.35.0->-r dev_requirements.txt (line 12)) (4.50.2)
Requirement already satisfied: cycler>=0.10 in /usr/local/lib/python3.6/site-packages (from matplotlib==3.1.3->-r dev_requirements.txt (line 13)) (0.10.0)
Requirement already satisfied: pyparsing!=2.0.4,!=2.1.2,!=2.1.6,>=2.0.1 in /usr/local/lib/python3.6/site-packages (from matplotlib==3.1.3->-r dev_requirements.txt (line 13)) (2.4.7)
Requirement already satisfied: python-dateutil>=2.1 in /usr/local/lib/python3.6/site-packages (from matplotlib==3.1.3->-r dev_requirements.txt (line 13)) (2.8.1)
Requirement already satisfied: kiwisolver>=1.0.1 in /usr/local/lib/python3.6/site-packages (from matplotlib==3.1.3->-r dev_requirements.txt (line 13)) (1.2.0)
Requirement already satisfied: keras-applications>=1.0.8 in /usr/local/lib/python3.6/site-packages (from tensorflow==1.15.4->-r dev_requirements.txt (line 14)) (1.0.8)
Requirement already satisfied: tensorflow-estimator==1.15.1 in /usr/local/lib/python3.6/site-packages (from tensorflow==1.15.4->-r dev_requirements.txt (line 14)) (1.15.1)
Requirement already satisfied: astor>=0.6.0 in /usr/local/lib/python3.6/site-packages (from tensorflow==1.15.4->-r dev_requirements.txt (line 14)) (0.8.1)
Requirement already satisfied: wrapt>=1.11.1 in /usr/local/lib/python3.6/site-packages (from tensorflow==1.15.4->-r dev_requirements.txt (line 14)) (1.12.1)
Requirement already satisfied: keras-preprocessing>=1.0.5 in /usr/local/lib/python3.6/site-packages (from tensorflow==1.15.4->-r dev_requirements.txt (line 14)) (1.1.2)
Requirement already satisfied: wheel>=0.26; python_version >= "3" in /usr/local/lib/python3.6/site-packages (from tensorflow==1.15.4->-r dev_requirements.txt (line 14)) (0.35.1)
Requirement already satisfied: google-pasta>=0.1.6 in /usr/local/lib/python3.6/site-packages (from tensorflow==1.15.4->-r dev_requirements.txt (line 14)) (0.2.0)
Requirement already satisfied: termcolor>=1.1.0 in /usr/local/lib/python3.6/site-packages (from tensorflow==1.15.4->-r dev_requirements.txt (line 14)) (1.1.0)
Requirement already satisfied: opt-einsum>=2.3.2 in /usr/local/lib/python3.6/site-packages (from tensorflow==1.15.4->-r dev_requirements.txt (line 14)) (3.3.0)
Requirement already satisfied: gast==0.2.2 in /usr/local/lib/python3.6/site-packages (from tensorflow==1.15.4->-r dev_requirements.txt (line 14)) (0.2.2)
Requirement already satisfied: protobuf>=3.6.1 in /usr/local/lib/python3.6/site-packages (from tensorflow==1.15.4->-r dev_requirements.txt (line 14)) (3.13.0)
Requirement already satisfied: grpcio>=1.8.6 in /usr/local/lib/python3.6/site-packages (from tensorflow==1.15.4->-r dev_requirements.txt (line 14)) (1.32.0)
Requirement already satisfied: tensorboard<1.16.0,>=1.15.0 in /usr/local/lib/python3.6/site-packages (from tensorflow==1.15.4->-r dev_requirements.txt (line 14)) (1.15.0)
Requirement already satisfied: absl-py>=0.7.0 in /usr/local/lib/python3.6/site-packages (from tensorflow==1.15.4->-r dev_requirements.txt (line 14)) (0.10.0)
Requirement already satisfied: zipp>=0.5 in /usr/local/lib/python3.6/site-packages (from importlib-metadata>=0.12; python_version < "3.8"->pytest==5.3.1->-r dev_requirements.txt (line 1)) (3.3.0)
Requirement already satisfied: apipkg>=1.4 in /usr/local/lib/python3.6/site-packages (from execnet>=1.1->pytest-xdist==1.30.0->-r dev_requirements.txt (line 2)) (1.5)
Requirement already satisfied: ptyprocess>=0.5 in /usr/local/lib/python3.6/site-packages (from pexpect; sys_platform != "win32"->ipython==7.13.0->-r dev_requirements.txt (line 9)) (0.6.0)
Requirement already satisfied: ipython-genutils in /usr/local/lib/python3.6/site-packages (from traitlets>=4.2->ipython==7.13.0->-r dev_requirements.txt (line 9)) (0.2.0)
Requirement already satisfied: parso<0.8.0,>=0.7.0 in /usr/local/lib/python3.6/site-packages (from jedi>=0.10->ipython==7.13.0->-r dev_requirements.txt (line 9)) (0.7.1)
Requirement already satisfied: webencodings in /usr/local/lib/python3.6/site-packages (from bleach->nbconvert==5.6.1->-r dev_requirements.txt (line 10)) (0.5.1)
Requirement already satisfied: MarkupSafe>=0.23 in /usr/local/lib/python3.6/site-packages (from jinja2>=2.4->nbconvert==5.6.1->-r dev_requirements.txt (line 10)) (1.1.1)
Requirement already satisfied: jsonschema!=2.5.0,>=2.4 in /usr/local/lib/python3.6/site-packages (from nbformat>=4.4->nbconvert==5.6.1->-r dev_requirements.txt (line 10)) (3.2.0)
Requirement already satisfied: pytz>=2017.2 in /usr/local/lib/python3.6/site-packages (from pandas->alibi==0.5.2->-r dev_requirements.txt (line 11)) (2020.1)
Requirement already satisfied: thinc==7.4.1 in /usr/local/lib/python3.6/site-packages (from spacy[lookups]->alibi==0.5.2->-r dev_requirements.txt (line 11)) (7.4.1)
Requirement already satisfied: srsly<1.1.0,>=1.0.2 in /usr/local/lib/python3.6/site-packages (from spacy[lookups]->alibi==0.5.2->-r dev_requirements.txt (line 11)) (1.0.2)
Requirement already satisfied: murmurhash<1.1.0,>=0.28.0 in /usr/local/lib/python3.6/site-packages (from spacy[lookups]->alibi==0.5.2->-r dev_requirements.txt (line 11)) (1.0.2)
Requirement already satisfied: plac<1.2.0,>=0.9.6 in /usr/local/lib/python3.6/site-packages (from spacy[lookups]->alibi==0.5.2->-r dev_requirements.txt (line 11)) (1.1.3)
Requirement already satisfied: catalogue<1.1.0,>=0.0.7 in /usr/local/lib/python3.6/site-packages (from spacy[lookups]->alibi==0.5.2->-r dev_requirements.txt (line 11)) (1.0.0)
Requirement already satisfied: blis<0.5.0,>=0.4.0 in /usr/local/lib/python3.6/site-packages (from spacy[lookups]->alibi==0.5.2->-r dev_requirements.txt (line 11)) (0.4.1)
Requirement already satisfied: cymem<2.1.0,>=2.0.2 in /usr/local/lib/python3.6/site-packages (from spacy[lookups]->alibi==0.5.2->-r dev_requirements.txt (line 11)) (2.0.3)
Requirement already satisfied: preshed<3.1.0,>=3.0.2 in /usr/local/lib/python3.6/site-packages (from spacy[lookups]->alibi==0.5.2->-r dev_requirements.txt (line 11)) (3.0.2)
Requirement already satisfied: wasabi<1.1.0,>=0.4.0 in /usr/local/lib/python3.6/site-packages (from spacy[lookups]->alibi==0.5.2->-r dev_requirements.txt (line 11)) (0.8.0)
Requirement already satisfied: spacy-lookups-data<0.4.0,>=0.3.2; extra == "lookups" in /usr/local/lib/python3.6/site-packages (from spacy[lookups]->alibi==0.5.2->-r dev_requirements.txt (line 11)) (0.3.2)
Requirement already satisfied: colorful>=0.4.0 in /usr/local/lib/python3.6/site-packages (from prettyprinter->alibi==0.5.2->-r dev_requirements.txt (line 11)) (0.5.4)
Requirement already satisfied: PyWavelets>=1.1.1 in /usr/local/lib/python3.6/site-packages (from scikit-image!=0.17.1->alibi==0.5.2->-r dev_requirements.txt (line 11)) (1.1.1)
Requirement already satisfied: networkx>=2.0 in /usr/local/lib/python3.6/site-packages (from scikit-image!=0.17.1->alibi==0.5.2->-r dev_requirements.txt (line 11)) (2.5)
Requirement already satisfied: tifffile>=2019.7.26 in /usr/local/lib/python3.6/site-packages (from scikit-image!=0.17.1->alibi==0.5.2->-r dev_requirements.txt (line 11)) (2020.9.3)
Requirement already satisfied: imageio>=2.3.0 in /usr/local/lib/python3.6/site-packages (from scikit-image!=0.17.1->alibi==0.5.2->-r dev_requirements.txt (line 11)) (2.9.0)
Requirement already satisfied: joblib>=0.11 in /usr/local/lib/python3.6/site-packages (from scikit-learn->alibi==0.5.2->-r dev_requirements.txt (line 11)) (0.17.0)
Requirement already satisfied: threadpoolctl>=2.0.0 in /usr/local/lib/python3.6/site-packages (from scikit-learn->alibi==0.5.2->-r dev_requirements.txt (line 11)) (2.1.0)
Requirement already satisfied: soupsieve>1.2; python_version >= "3.0" in /usr/local/lib/python3.6/site-packages (from beautifulsoup4->alibi==0.5.2->-r dev_requirements.txt (line 11)) (2.0.1)
Requirement already satisfied: certifi>=2017.4.17 in /usr/local/lib/python3.6/site-packages (from requests->alibi==0.5.2->-r dev_requirements.txt (line 11)) (2020.6.20)
Requirement already satisfied: urllib3!=1.25.0,!=1.25.1,<1.26,>=1.21.1 in /usr/local/lib/python3.6/site-packages (from requests->alibi==0.5.2->-r dev_requirements.txt (line 11)) (1.25.10)
Requirement already satisfied: chardet<4,>=3.0.2 in /usr/local/lib/python3.6/site-packages (from requests->alibi==0.5.2->-r dev_requirements.txt (line 11)) (3.0.4)
Requirement already satisfied: idna<3,>=2.5 in /usr/local/lib/python3.6/site-packages (from requests->alibi==0.5.2->-r dev_requirements.txt (line 11)) (2.10)
Requirement already satisfied: h5py in /usr/local/lib/python3.6/site-packages (from keras-applications>=1.0.8->tensorflow==1.15.4->-r dev_requirements.txt (line 14)) (2.10.0)
Requirement already satisfied: werkzeug>=0.11.15 in /usr/local/lib/python3.6/site-packages (from tensorboard<1.16.0,>=1.15.0->tensorflow==1.15.4->-r dev_requirements.txt (line 14)) (1.0.1)
Requirement already satisfied: markdown>=2.6.8 in /usr/local/lib/python3.6/site-packages (from tensorboard<1.16.0,>=1.15.0->tensorflow==1.15.4->-r dev_requirements.txt (line 14)) (3.3)
Requirement already satisfied: pyrsistent>=0.14.0 in /usr/local/lib/python3.6/site-packages (from jsonschema!=2.5.0,>=2.4->nbformat>=4.4->nbconvert==5.6.1->-r dev_requirements.txt (line 10)) (0.17.3)
Installing collected packages: pytest, coverage, pytest-cov, tenacity
  Attempting uninstall: pytest
    Found existing installation: pytest 6.1.2
    Uninstalling pytest-6.1.2:
      Successfully uninstalled pytest-6.1.2
  Attempting uninstall: coverage
    Found existing installation: coverage 5.3
    Uninstalling coverage-5.3:
      Successfully uninstalled coverage-5.3
  Attempting uninstall: pytest-cov
    Found existing installation: pytest-cov 2.10.1
    Uninstalling pytest-cov-2.10.1:
      Successfully uninstalled pytest-cov-2.10.1
  Attempting uninstall: tenacity
    Found existing installation: tenacity 6.2.0
    Uninstalling tenacity-6.2.0:
      Successfully uninstalled tenacity-6.2.0
Successfully installed coverage-4.5.4 pytest-5.3.1 pytest-cov-2.8.1 tenacity-6.0.0
WARNING: You are using pip version 20.2.3; however, version 20.3.1 is available.
You should consider upgrading via the '/usr/local/bin/python -m pip install --upgrade pip' command.
pip install -e ../../python
Obtaining file:///workspace/source/python
Requirement already satisfied: Flask<2.0.0 in /usr/local/lib/python3.6/site-packages (from seldon-core==1.6.0.dev0) (1.1.2)
Requirement already satisfied: jsonschema<4.0.0 in /usr/local/lib/python3.6/site-packages (from seldon-core==1.6.0.dev0) (3.2.0)
Requirement already satisfied: Flask-cors<4.0.0 in /usr/local/lib/python3.6/site-packages (from seldon-core==1.6.0.dev0) (3.0.9)
Requirement already satisfied: redis<4.0.0 in /usr/local/lib/python3.6/site-packages (from seldon-core==1.6.0.dev0) (3.5.3)
Requirement already satisfied: requests<3.0.0 in /usr/local/lib/python3.6/site-packages (from seldon-core==1.6.0.dev0) (2.24.0)
Requirement already satisfied: numpy<2.0.0 in /usr/local/lib/python3.6/site-packages (from seldon-core==1.6.0.dev0) (1.19.2)
Requirement already satisfied: flatbuffers<2.0.0 in /usr/local/lib/python3.6/site-packages (from seldon-core==1.6.0.dev0) (1.12)
Requirement already satisfied: protobuf<4.0.0 in /usr/local/lib/python3.6/site-packages (from seldon-core==1.6.0.dev0) (3.13.0)
Requirement already satisfied: grpcio<2.0.0 in /usr/local/lib/python3.6/site-packages (from seldon-core==1.6.0.dev0) (1.32.0)
Requirement already satisfied: Flask-OpenTracing<1.2.0,>=1.1.0 in /usr/local/lib/python3.6/site-packages (from seldon-core==1.6.0.dev0) (1.1.0)
Requirement already satisfied: opentracing<2.5.0,>=2.2.0 in /usr/local/lib/python3.6/site-packages (from seldon-core==1.6.0.dev0) (2.4.0)
Requirement already satisfied: jaeger-client<4.4.0,>=4.1.0 in /usr/local/lib/python3.6/site-packages (from seldon-core==1.6.0.dev0) (4.3.0)
Requirement already satisfied: grpcio-opentracing<1.2.0,>=1.1.4 in /usr/local/lib/python3.6/site-packages (from seldon-core==1.6.0.dev0) (1.1.4)
Requirement already satisfied: grpcio-reflection==1.34.0 in /usr/local/lib/python3.6/site-packages (from seldon-core==1.6.0.dev0) (1.34.0)
Requirement already satisfied: PyYAML<5.4 in /usr/local/lib/python3.6/site-packages (from seldon-core==1.6.0.dev0) (5.3.1)
Requirement already satisfied: gunicorn<20.1.0,>=19.9.0 in /usr/local/lib/python3.6/site-packages (from seldon-core==1.6.0.dev0) (20.0.4)
Requirement already satisfied: setuptools>=41.0.0 in /usr/local/lib/python3.6/site-packages (from seldon-core==1.6.0.dev0) (50.3.0)
Requirement already satisfied: prometheus_client<0.9.0,>=0.7.1 in /usr/local/lib/python3.6/site-packages (from seldon-core==1.6.0.dev0) (0.8.0)
Requirement already satisfied: click>=5.1 in /usr/local/lib/python3.6/site-packages (from Flask<2.0.0->seldon-core==1.6.0.dev0) (7.1.2)
Requirement already satisfied: itsdangerous>=0.24 in /usr/local/lib/python3.6/site-packages (from Flask<2.0.0->seldon-core==1.6.0.dev0) (1.1.0)
Requirement already satisfied: Jinja2>=2.10.1 in /usr/local/lib/python3.6/site-packages (from Flask<2.0.0->seldon-core==1.6.0.dev0) (2.11.2)
Requirement already satisfied: Werkzeug>=0.15 in /usr/local/lib/python3.6/site-packages (from Flask<2.0.0->seldon-core==1.6.0.dev0) (1.0.1)
Requirement already satisfied: six>=1.11.0 in /usr/local/lib/python3.6/site-packages (from jsonschema<4.0.0->seldon-core==1.6.0.dev0) (1.15.0)
Requirement already satisfied: importlib-metadata; python_version < "3.8" in /usr/local/lib/python3.6/site-packages (from jsonschema<4.0.0->seldon-core==1.6.0.dev0) (2.0.0)
Requirement already satisfied: pyrsistent>=0.14.0 in /usr/local/lib/python3.6/site-packages (from jsonschema<4.0.0->seldon-core==1.6.0.dev0) (0.17.3)
Requirement already satisfied: attrs>=17.4.0 in /usr/local/lib/python3.6/site-packages (from jsonschema<4.0.0->seldon-core==1.6.0.dev0) (20.2.0)
Requirement already satisfied: certifi>=2017.4.17 in /usr/local/lib/python3.6/site-packages (from requests<3.0.0->seldon-core==1.6.0.dev0) (2020.6.20)
Requirement already satisfied: idna<3,>=2.5 in /usr/local/lib/python3.6/site-packages (from requests<3.0.0->seldon-core==1.6.0.dev0) (2.10)
Requirement already satisfied: urllib3!=1.25.0,!=1.25.1,<1.26,>=1.21.1 in /usr/local/lib/python3.6/site-packages (from requests<3.0.0->seldon-core==1.6.0.dev0) (1.25.10)
Requirement already satisfied: chardet<4,>=3.0.2 in /usr/local/lib/python3.6/site-packages (from requests<3.0.0->seldon-core==1.6.0.dev0) (3.0.4)
Requirement already satisfied: tornado>=4.3 in /usr/local/lib/python3.6/site-packages (from jaeger-client<4.4.0,>=4.1.0->seldon-core==1.6.0.dev0) (6.0.4)
Requirement already satisfied: thrift in /usr/local/lib/python3.6/site-packages (from jaeger-client<4.4.0,>=4.1.0->seldon-core==1.6.0.dev0) (0.13.0)
Requirement already satisfied: threadloop<2,>=1 in /usr/local/lib/python3.6/site-packages (from jaeger-client<4.4.0,>=4.1.0->seldon-core==1.6.0.dev0) (1.0.2)
Requirement already satisfied: MarkupSafe>=0.23 in /usr/local/lib/python3.6/site-packages (from Jinja2>=2.10.1->Flask<2.0.0->seldon-core==1.6.0.dev0) (1.1.1)
Requirement already satisfied: zipp>=0.5 in /usr/local/lib/python3.6/site-packages (from importlib-metadata; python_version < "3.8"->jsonschema<4.0.0->seldon-core==1.6.0.dev0) (3.3.0)
Installing collected packages: seldon-core
  Attempting uninstall: seldon-core
    Found existing installation: seldon-core 1.6.0.dev0
    Uninstalling seldon-core-1.6.0.dev0:
      Successfully uninstalled seldon-core-1.6.0.dev0
  Running setup.py develop for seldon-core
Successfully installed seldon-core
WARNING: You are using pip version 20.2.3; however, version 20.3.1 is available.
You should consider upgrading via the '/usr/local/bin/python -m pip install --upgrade pip' command.
pytest \
	--verbose \
	-s \
	-m "notebooks" \
	-W ignore test_notebooks.py::TestNotebooks 2>&1
============================= test session starts ==============================
platform linux -- Python 3.6.10, pytest-5.3.1, py-1.9.0, pluggy-0.13.1 -- /usr/local/bin/python
cachedir: .pytest_cache
rootdir: /workspace/source/testing/scripts, inifile: setup.cfg
plugins: cov-2.8.1, xdist-1.30.0, forked-1.3.0, flaky-3.6.1
collecting ... collected 26 items

test_notebooks.py::TestNotebooks::test_helm_examples [NbConvertApp] Converting notebook ../../notebooks/helm_examples.ipynb to script
[NbConvertApp] Writing 4246 bytes to ../../notebooks/helm_examples.py

PODS UPDATE: NAMESPACE       NAME                                         READY   STATUS    RESTARTS   AGE


PODS UPDATE: istio-system    grafana-5dc4b4676c-9xr54                     1/1     Running   0          2m23s


PODS UPDATE: istio-system    istio-egressgateway-659dcf96bb-cmjz5         1/1     Running   0          2m23s


PODS UPDATE: istio-system    istio-ingressgateway-648bd66f75-98jq8        1/1     Running   0          2m23s


PODS UPDATE: istio-system    istio-tracing-8584b4d7f9-w87q8               1/1     Running   0          2m23s


PODS UPDATE: istio-system    istiod-7d69bf85c5-msz5n                      1/1     Running   0          2m37s


PODS UPDATE: istio-system    kiali-6f457f5964-vmlj9                       1/1     Running   0          2m22s


PODS UPDATE: istio-system    prometheus-66b644f746-584md                  2/2     Running   0          2m22s


PODS UPDATE: keda            keda-metrics-apiserver-65c46b9b8c-6vr5g      1/1     Running   0          82s


PODS UPDATE: keda            keda-operator-64657f8ccb-hsjzd               1/1     Running   0          82s


PODS UPDATE: kube-system     coredns-5644d7b6d9-j7ntn                     1/1     Running   0          15m


PODS UPDATE: kube-system     coredns-5644d7b6d9-zvmzq                     1/1     Running   0          15m


PODS UPDATE: kube-system     etcd-kind-control-plane                      1/1     Running   0          15m


PODS UPDATE: kube-system     kindnet-4rbhg                                1/1     Running   0          15m


PODS UPDATE: kube-system     kindnet-hmnqv                                1/1     Running   0          15m


PODS UPDATE: kube-system     kube-apiserver-kind-control-plane            1/1     Running   0          15m


PODS UPDATE: kube-system     kube-controller-manager-kind-control-plane   1/1     Running   0          15m


PODS UPDATE: kube-system     kube-proxy-lqbs4                             1/1     Running   0          15m


PODS UPDATE: kube-system     kube-proxy-vcbzk                             1/1     Running   0          15m


PODS UPDATE: kube-system     kube-scheduler-kind-control-plane            1/1     Running   0          15m


PODS UPDATE: kube-system     metrics-server-787cbd4d5d-9qf48              1/1     Running   0          49s


PODS UPDATE: seldon-system   seldon-controller-manager-65889f4d48-p67pl   1/1     Running   0          56s


PODS UPDATE: seldon          ambassador-66c446f444-hrkgn                  1/1     Running   0          3m29s


PODS UPDATE: seldon          jaeger-5cb557b89d-htf85                      1/1     Running   0          50s


PODS UPDATE: seldon          jaeger-operator-67777ffc99-9x8n4             1/1     Running   0          78s


PODS UPDATE: seldon          mymodel-default-0-model-cdbd4c8d5-jdzxw      0/2     Pending   0          0s


PODS UPDATE: seldon          mymodel-default-0-model-cdbd4c8d5-jdzxw      0/2     Pending   0          0s


PODS UPDATE: seldon          mymodel-default-0-model-cdbd4c8d5-jdzxw      0/2     ContainerCreating   0          0s


PODS UPDATE: seldon          mymodel-default-0-model-cdbd4c8d5-jdzxw      0/2     Running             0          25s


PODS UPDATE: seldon          mymodel-default-0-model-cdbd4c8d5-jdzxw      1/2     Running             0          45s


PODS UPDATE: seldon          mymodel-default-0-model-cdbd4c8d5-jdzxw      2/2     Running             0          46s


PODS UPDATE: seldon          mymodel-default-0-model-cdbd4c8d5-jdzxw      2/2     Terminating         0          65s


PODS UPDATE: seldon          myabtest-default-0-classifier-1-b8597d4b7-67nss   0/2     Pending             0          0s


PODS UPDATE: seldon          myabtest-default-0-classifier-1-b8597d4b7-67nss   0/2     Pending             0          0s


PODS UPDATE: seldon          myabtest-default-1-classifier-2-5797587d69-rr8j6   0/1     Pending             0          0s


PODS UPDATE: seldon          myabtest-default-0-classifier-1-b8597d4b7-67nss    0/2     ContainerCreating   0          0s


PODS UPDATE: seldon          myabtest-default-1-clPASSED
test_notebooks.py::TestNotebooks::test_explainer_examples [NbConvertApp] Converting notebook ../../notebooks/explainer_examples.ipynb to script
[NbConvertApp] Writing 25396 bytes to ../../notebooks/explainer_examples.py
assifier-2-5797587d69-rr8j6   0/1     Pending             0          0s


PODS UPDATE: seldon          myabtest-default-1-classifier-2-5797587d69-rr8j6   0/1     ContainerCreating   0          0s


PODS UPDATE: seldon          myabtest-default-1-classifier-2-5797587d69-rr8j6   0/1     Running             0          1s


PODS UPDATE: seldon          myabtest-default-0-classifier-1-b8597d4b7-67nss    0/2     Running             0          2s


PODS UPDATE: seldon          mymodel-default-0-model-cdbd4c8d5-jdzxw            0/2     Terminating         0          78s


PODS UPDATE: seldon          mymodel-default-0-model-cdbd4c8d5-jdzxw            0/2     Terminating         0          89s


PODS UPDATE: seldon          mymodel-default-0-model-cdbd4c8d5-jdzxw            0/2     Terminating         0          89s


PODS UPDATE: seldon          myabtest-default-1-classifier-2-5797587d69-rr8j6   1/1     Running             0          23s


PODS UPDATE: seldon          myabtest-default-0-classifier-1-b8597d4b7-67nss    1/2     Running             0          24s


PODS UPDATE: seldon          myabtest-default-0-classifier-1-b8597d4b7-67nss    2/2     Running             0          26s


PODS UPDATE: seldon          myabtest-default-1-classifier-2-5797587d69-rr8j6   1/1     Terminating         0          43s


PODS UPDATE: seldon          myabtest-default-0-classifier-1-b8597d4b7-67nss    2/2     Terminating         0          43s


PODS UPDATE: seldon          mymab-default-0-classifier-1-5b5f66f96b-f6khw      0/2     Pending             0          0s


PODS UPDATE: seldon          mymab-default-1-classifier-2-5888c76898-q56wz      0/1     Pending             0          0s


PODS UPDATE: seldon          mymab-default-0-classifier-1-5b5f66f96b-f6khw      0/2     Pending             0          0s


PODS UPDATE: seldon          mymab-default-1-classifier-2-5888c76898-q56wz      0/1     Pending             0          0s


PODS UPDATE: seldon          mymab-default-2-eg-router-5f7dd798cd-zh98n         0/1     Pending             0          0s


PODS UPDATE: seldon          mymab-default-2-eg-router-5f7dd798cd-zh98n         0/1     Pending             0          0s


PODS UPDATE: seldon          mymab-default-0-classifier-1-5b5f66f96b-f6khw      0/2     ContainerCreating   0          0s


PODS UPDATE: seldon          mymab-default-1-classifier-2-5888c76898-q56wz      0/1     ContainerCreating   0          0s


PODS UPDATE: seldon          mymab-default-2-eg-router-5f7dd798cd-zh98n         0/1     ContainerCreating   0          0s


PODS UPDATE: seldon          mymab-default-1-classifier-2-5888c76898-q56wz      0/1     Running             0          1s


PODS UPDATE: seldon          mymab-default-0-classifier-1-5b5f66f96b-f6khw      0/2     Running             0          2s


PODS UPDATE: seldon          myabtest-default-1-classifier-2-5797587d69-rr8j6   0/1     Terminating         0          55s


PODS UPDATE: seldon          myabtest-default-0-classifier-1-b8597d4b7-67nss    0/2     Terminating         0          55s


PODS UPDATE: seldon          mymab-default-2-eg-router-5f7dd798cd-zh98n         0/1     Running             0          7s


PODS UPDATE: seldon          myabtest-default-1-classifier-2-5797587d69-rr8j6   0/1     Terminating         0          56s


PODS UPDATE: seldon          myabtest-default-1-classifier-2-5797587d69-rr8j6   0/1     Terminating         0          56s


PODS UPDATE: seldon          myabtest-default-0-classifier-1-b8597d4b7-67nss    0/2     Terminating         0          56s


PODS UPDATE: seldon          myabtest-default-0-classifier-1-b8597d4b7-67nss    0/2     Terminating         0          56s


PODS UPDATE: seldon          mymab-default-1-classifier-2-5888c76898-q56wz      1/1     Running             0          23s


PODS UPDATE: seldon          mymab-default-0-classifier-1-5b5f66f96b-f6khw      1/2     Running             0          24s


PODS UPDATE: seldon          mymab-default-2-eg-router-5f7dd798cd-zh98n         1/1     Running             0          27s


PODS UPDATE: seldon          mymab-default-0-classifier-1-5b5f66f96b-f6khw      2/2     Running             0          29s


PODS UPDATE: seldon          mymab-default-2-eg-router-5f7dd798cd-zh98n         1/1     Terminating         0          47s


PODS UPDATE: seldon          mymab-default-1-classifier-2-5888c76898-q56wz      1/1     Terminating         0          47s


PODS UPDATE: seldon          mymab-default-0-classifier-1-5b5f66f96b-f6khw      2/2     Terminating         0          47s


PODS UPDATE: seldon          income-default-0-classifier-8c4dc4b58-qk2tp        0/2     Pending             0          0s


PODS UPDATE: seldon          income-default-explainer-5fbb7d9cd7-6l9mj          0/1     Pending             0          0s


PODS UPDATE: seldon          income-default-0-classifier-8c4dc4b58-qk2tp        0/2     Pending             0          0s


PODS UPDATE: seldon          income-default-explainer-5fbb7d9cd7-6l9mj          0/1     Pending             0          0s


PODS UPDATE: seldon          income-default-0-classifier-8c4dc4b58-qk2tp        0/2     Init:0/1            0          0s


PODS UPDATE: seldon          income-default-explainer-5fbb7d9cd7-6l9mj          0/1     Init:0/1            0          0s


PODS UPDATE: seldon          mymab-default-0-classifier-1-5b5f66f96b-f6khw      0/2     Terminating         0          59s


PODS UPDATE: seldon          mymab-default-1-classifier-2-5888c76898-q56wz      0/1     Terminating         0          59s


PODS UPDATE: seldon          mymab-default-2-eg-router-5f7dd798cd-zh98n         0/1     Terminating         0          59s


PODS UPDATE: seldon          income-default-explainer-5fbb7d9cd7-6l9mj          0/1     Init:0/1            0          12s


PODS UPDATE: seldon          income-default-0-classifier-8c4dc4b58-qk2tp        0/2     Init:0/1            0          12s


PODS UPDATE: seldon          income-default-0-classifier-8c4dc4b58-qk2tp        0/2     PodInitializing     0          14s


PODS UPDATE: seldon          income-default-explainer-5fbb7d9cd7-6l9mj          0/1     PodInitializing     0          14s


PODS UPDATE: seldon          mymab-default-0-classifier-1-5b5f66f96b-f6khw      0/2     Terminating         0          71s


PODS UPDATE: seldon          mymab-default-0-classifier-1-5b5f66f96b-f6khw      0/2     Terminating         0          71s


PODS UPDATE: seldon          mymab-default-1-classifier-2-5888c76898-q56wz      0/1     Terminating         0          71s


PODS UPDATE: seldon          mymab-default-1-classifier-2-5888c76898-q56wz      0/1     Terminating         0          71s


PODS UPDATE: seldon          mymab-default-2-eg-router-5f7dd798cd-zh98n         0/1     Terminating         0          71s


PODS UPDATE: seldon          mymab-default-2-eg-router-5f7dd798cd-zh98n         0/1     Terminating         0          71s


PODS UPDATE: seldon          income-default-0-classifier-8c4dc4b58-qk2tp        0/2     Running             0          21s


PODS UPDATE: seldon          income-default-0-classifier-8c4dc4b58-qk2tp        1/2     Running             0          42s


PODS UPDATE: seldon          income-default-0-classifier-8c4dc4b58-qk2tp        2/2     Running             0          44s


PODS UPDATE: seldon          income-default-explainer-5fbb7d9cd7-6l9mj          0/1     Running             0          2m11s


PODS UPDATE: seldon          income-default-explainer-5fbb7d9cd7-6l9mj          1/1     Running             0          2m32s


PODS UPDATE: seldon          income-default-0-classifier-8c4dc4b58-qk2tp        2/2     Terminating         0          2m52s


PODS UPDATE: seldon          income-default-explainer-5fbb7d9cd7-6l9mj          1/1     Terminating         0          2m52s


PODS UPDATE: seldon          movie-default-0-classifier-67c7486bf-sgltr         0/2     Pending             0          0s


PODS UPDATE: seldon          movie-default-explainer-5d7d94fc46-wwz27           0/1     Pending             0          0s


PODS UPDATE: seldon          movie-default-0-classifier-67c7486bf-sgltr         0/2     Pending             0          0s


PODS UPDATE: seldon          movie-default-explainer-5d7d94fc46-wwz27           0/1     Pending             0          0s


PODS UPDATE: seldon          movie-default-0-classifier-67c7486bf-sgltr         0/2     Init:0/1            0          0s


PODS UPDATE: seldon          movie-default-explainer-5d7d94fc46-wwz27           0/1     ContainerCreating   0          0s


PODS UPDATE: seldon          movie-default-0-classifier-67c7486bf-sgltr         0/2     Init:0/1            0          1s


PODS UPDATE: seldon          movie-default-explainer-5d7d94fc46-wwz27           0/1     Running             0          1s


PODS UPDATE: seldon          movie-default-0-classifier-67c7486bf-sgltr         0/2     PodInitializing     0          3s


PODS UPDATE: seldon          movie-default-0-classifier-67c7486bf-sgltr         0/2     Running             0          4s


PODS UPDATE: seldon          income-default-0-classifier-8c4dc4b58-qk2tp        1/2     Terminating         0          3m2s


PODS UPDATE: seldon          income-default-0-classifier-8c4dc4b58-qk2tp        0/2     Terminating         0          3m3s


PODS UPDATE: seldon          income-default-0-classifier-8c4dc4b58-qk2tp        0/2     Terminating         0          3m3s


PODS UPDATE: seldon          income-default-0-classifier-8c4dc4b58-qk2tp        0/2     Terminating         0          3m4s


PODS UPDATE: seldon          income-default-0-classifier-8c4dc4b58-qk2tp        0/2     Terminating         0          3m4s


PODS UPDATE: seldon          income-default-explainer-5fbb7d9cd7-6l9mj          0/1     Terminating         0          3m15s


PODS UPDATE: seldon          income-default-explainer-5fbb7d9cd7-6l9mj          0/1     Terminating         0          3m16s


PODS UPDATE: seldon          income-default-explainer-5fbb7d9cd7-6l9mj          0/1     Terminating         0          3m16s


PODS UPDATE: seldon          movie-default-0-classifier-67c7486bf-sgltr         1/2     Running             0          26s


PODS UPDATE: seldon          movie-default-explainer-5d7d94fc46-wwz27           1/1     Running             0          27s


PODS UPDATE: seldon          movie-default-0-classifier-67c7486bf-sgltr         2/2     Running             0          28s


PODS UPDATE: seldon          movie-default-explainer-5d7d94fc46-wwz27           1/1     Terminating         0          85s


PODS UPDATE: seldon          movie-default-0-classifier-67c7486bf-sgltr         2/2     Terminating         0          85s


PODS UPDATE: seldon          cifar10-classifier-default-0-cifar10-classifier-794bfb547bhr8bt   0/2     Pending             0          0s


PODS UPDATE: seldon          cifar10-classifier-default-explainer-74f646cb8f-nj6f2             0/1     Pending             0          0s


PODS UPDATE: seldon          cifar10-classifier-default-0-cifar10-classifier-794bfb547bhr8bt   0/2     Pending             0          0s


PODS UPDATE: seldon          cifar10-classifier-default-explainer-74f646cb8f-nj6f2             0/1     Pending             0          0s


PODS UPDATE: seldon          cifar10-classifier-default-0-cifar10-classifier-794bfb547bhr8bt   0/2     Init:0/1            0          0s


PODS UPDATE: seldon          cifar10-classifier-default-explainer-74f646cb8f-nj6f2             0/1     Init:0/1            0          0s


PODS UPDATE: seldon          cifar10-classifier-default-explainer-74f646cb8f-nj6f2             0/1     Init:0/1            0          1s


PODS UPDATE: seldon          cifar10-classifier-default-0-cifar10-classifier-794bfb547bhr8bt   0/2     Init:0/1            0          1s


PODS UPDATE: seldon          cifar10-classifier-default-0-cifar10-classifier-794bfb547bhr8bt   0/2     PodInitializing     0          3s


PODS UPDATE: seldon          cifar10-classifier-default-explainer-74f646cb8f-nj6f2             0/1     PodInitializing     0          4s


PODS UPDATE: seldon          cifar10-classifier-default-explainer-74f646cb8f-nj6f2             0/1     Running             0          5s


PODS UPDATE: seldon          movie-default-0-classifier-67c7486bf-sgltr                        0/2     Terminating         0          97s


PODS UPDATE: seldon          movie-default-0-classifier-67c7486bf-sgltr                        0/2     Terminating         0          98s


PODS UPDATE: seldon          movie-default-0-classifier-67c7486bf-sgltr                        0/2     Terminating         0          99s


PODS UPDATE: seldon          cifar10-classifier-default-0-cifar10-classifier-794bfb547bhr8bt   0/2     Running             0          14s


PODS UPDATE: seldon          movie-default-explainer-5d7d94fc46-wwz27                          0/1     Terminating         0          106s


PODS UPDATE: seldon          movie-default-explainer-5d7d94fc46-wwz27                          0/1     Terminating         0          106s


PODS UPDATE: seldon          movie-default-explainer-5d7d94fc46-wwz27                          0/1     Terminating         0          107s


PODS UPDATE: seldon          movie-default-explainer-5d7d94fc46-wwz27                          0/1     Terminating         0          107s


PODS UPDATE: seldon          cifar10-classifier-default-explainer-74f646cb8f-nj6f2             1/1     Running             0          29s


PODS UPDATE: seldon          cifar10-classifier-default-0-cifar10-classifier-794bfb547bhr8bt   1/2     Running             0          36s


PODS UPDATE: seldon          cifar10-classifier-default-0-cifar10-classifier-794bfb547bhr8bt   2/2     Running             0          36s


PODS UPDATE: seldon          cifar10-classifier-default-0-cifar10-classifier-794bfb547bhr8bt   2/2     Terminating         0          92s


PODS UPDATE: seldon          cifar10-classifier-default-explainer-74f646cb8f-nj6f2             1/1     Terminating         0          92s


PODS UPDATE: seldon          wine-default-0-classifier-5957bdb88f-w7klm                        0/2     Pending             0          0s


PODS UPDATE: seldon          wine-default-explainer-5bb7b5748c-qqvvs                           0/1     Pending             0          0s


PODS UPDATE: seldon          wine-default-0-classifier-5957bdb88f-w7klm                        0/2     Pending             0          0s


PODS UPDATE: seldon          wine-default-explainer-5bb7b5748c-qqvvs                           0/1     Pending             0          0s


PODS UPDATE: seldon          wine-default-0-classifier-5957bdb88f-w7klm                        0/2     Init:0/1            0          0s


PODS UPDATE: seldon          wine-default-explainer-5bb7b5748c-qqvvs                           0/1     Init:0/1            0          0s


PODS UPDATE: seldon          wine-default-0-classifier-5957bdb88f-w7klm                        0/2     Init:0/1            0          2s


PODS UPDATE: seldon          wine-default-explainer-5bb7b5748c-qqvvs                           0/1     Init:0/1            0          2s


PODS UPDATE: seldon          wine-default-0-classifier-5957bdb88f-w7klm                        0/2     PodInitializing     0          4s


PODS UPDATE: seldon          wine-default-explainer-5bb7b5748c-qqvvs                           0/1     PodInitializing     0          4s


PODS UPDATE: seldon          wine-default-0-classifier-5957bdb88f-w7klm                        0/2     Running             0          5s


PODS UPDATE: seldon          wine-default-explainer-5bb7b5748c-qqvvs                           0/1     Running             0          5s


PODS UPDATE: seldon          cifar10-classifier-default-0-cifar10-classifier-794bfb547bhr8bt   1/2     Terminating         0          106s


PODS UPDATE: seldon          cifar10-classifier-default-0-cifar10-classifier-794bfb547bhr8bt   0/2     Terminating         0          113s


PODS UPDATE: seldon          cifar10-classifier-default-0-cifar10-classifier-794bfb547bhr8bt   0/2     Terminating         0          113s


PODS UPDATE: seldon          cifar10-classifier-default-explainer-74f646cb8f-nj6f2             0/1     Terminating         0          113s


PODS UPDATE: seldon          cifar10-classifier-default-explainer-74f646cb8f-nj6f2             0/1     Terminating         0          2m1s


PODS UPDATE: seldon          cifar10-classifier-default-explainer-74f646cb8f-nj6f2             0/1     Terminating         0          2m1s


PODS UPDATE: seldon          cifar10-classifier-default-0-cifar10-classifier-794bfb547bhr8bt   0/2     Terminating         0          2m1s


PODS UPDATE: seldon          cifar10-classifier-default-0-cifar10-classifier-794bfb547bhr8bt   0/2     Terminating         0          2m1s


PODS UPDATE: seldon          wine-default-0-classifier-5957bdb88f-w7klm                        1/2     Running             0          28s


PODS UPDATE: seldon          wine-default-explainer-5bb7b5748c-qqvvs                           1/1     Running             0          28s


PODS UPDATE: seldon          wine-default-0-classifier-5957bdb88f-w7klm                        2/2     Running             0          28s


PODS UPDATE: seldon          wine-default-explainer-5bb7b5748c-qqvvs                           1/1     Terminating         0          65s


PODS UPDATE: seldon          wine-default-0-classifier-5957bdb88f-w7klm                        2/2     Terminating         0          65s


PODS UPDATE: seldon          tfserving-default-0-mnist-model-55865c456d-r4rr4                  0/3     Pending             0          0s


PODS UPDATE: seldon          tfserving-default-explainer-746d96f5fd-7ckpd                      0/1     Pending             0          0s


PODS UPDATE: seldon          tfserving-default-0-mnist-model-55865c456d-r4rr4                  0/3     Pending             0          0s


PODS UPDATE: seldon          tfserving-default-explainer-746d96f5fd-7ckpd                      0/1     Pending             0          0s


PODS UPDATE: seldon          tfserving-default-0-mnist-model-55865c456d-r4rr4                  0/3     Init:0/1            0          0s


PODS UPDATE: seldon          tfserving-default-explainer-746d96f5fd-7ckpd                      0/1     Init:0/1            0          0s


PODS UPDATE: seldon          tfserving-default-0-mnist-model-55865c456d-r4rr4                  0/3     Init:0/1            0          1s


PODS UPDATE: seldon          tfserving-default-explainer-746d96f5fd-7ckpd                      0/1     Init:0/1            0          1s


PODS UPDATE: seldon          tfserving-default-explainer-746d96f5fd-7ckpd                      0/1     PodInitializing     0          3s


PODS UPDATE: seldon          tfserving-default-0-mnist-model-55865c456d-r4rr4                  0/3     PodInitializing     0          3s


PODS UPDATE: seldon          tfserving-default-explainer-746d96f5fd-7ckpd                      0/1     Running             0          4s


PODS UPDATE: seldon          wine-default-0-classifier-5957bdb88f-w7klm                        1/2     Terminating         0          79s


PODS UPDATE: seldon          wine-default-0-classifier-5957bdb88f-w7klm                        0/2     Terminating         0          80s


PODS UPDATE: seldon          wine-default-0-classifier-5957bdb88f-w7klm                        0/2     Terminating         0          81s


PODS UPDATE: seldon          wine-default-0-classifier-5957bdb88f-w7klm                        0/2     Terminating         0          81s


PODS UPDATE: seldon          wine-default-0-classifier-5957bdb88f-w7klm                        0/2     Terminating         0          81s


PODS UPDATE: seldon          wine-default-explainer-5bb7b5748c-qqvvs                           0/1     Terminating         0          92s


PODS UPDATE: seldon          wine-default-explainer-5bb7b5748c-qqvvs                           0/1     Terminating         0          93s


PODS UPDATE: seldon          wine-default-explainer-5bb7b5748c-qqvvs                           0/1     Terminating         0          93s


PODS UPDATE: seldon          tfserving-default-explainer-746d96f5fd-7ckpd                      1/1     Running             0          27s


PODS UPDATE: seldon          tfserving-default-0-mnist-model-55865c456d-r4rr4                  1/3     Running             0          31s


PODS UPDATE: sePASSED
test_notebooks.py::TestNotebooks::test_istio_examples [NbConvertApp] Converting notebook ../../notebooks/istio_example.ipynb to script
[NbConvertApp] Writing 3392 bytes to ../../notebooks/istio_example.py
PASSED
test_notebooks.py::TestNotebooks::test_max_grpc_msg_size [NbConvertApp] Converting notebook ../../notebooks/max_grpc_msg_size.ipynb to script
[NbConvertApp] Writing 5338 bytes to ../../notebooks/max_grpc_msg_size.py
ldon          tfserving-default-0-mnist-model-55865c456d-r4rr4                  2/3     Running             0          50s


PODS UPDATE: seldon          tfserving-default-0-mnist-model-55865c456d-r4rr4                  3/3     Running             0          52s


PODS UPDATE: seldon          tfserving-default-0-mnist-model-55865c456d-r4rr4                  3/3     Terminating         0          70s


PODS UPDATE: seldon          tfserving-default-explainer-746d96f5fd-7ckpd                      1/1     Terminating         0          70s


PODS UPDATE: seldon          income-default-explainer-686b664dff-7rk5c                         0/1     Pending             0          0s


PODS UPDATE: seldon          income-default-0-income-model-5d6c4b887d-xm98x                    0/2     Pending             0          0s


PODS UPDATE: seldon          income-default-0-income-model-5d6c4b887d-xm98x                    0/2     Pending             0          0s


PODS UPDATE: seldon          income-default-explainer-686b664dff-7rk5c                         0/1     Pending             0          0s


PODS UPDATE: seldon          income-default-0-income-model-5d6c4b887d-xm98x                    0/2     Init:0/1            0          0s


PODS UPDATE: seldon          income-default-explainer-686b664dff-7rk5c                         0/1     Init:0/1            0          0s


PODS UPDATE: seldon          income-default-0-income-model-5d6c4b887d-xm98x                    0/2     Init:0/1            0          1s


PODS UPDATE: seldon          income-default-explainer-686b664dff-7rk5c                         0/1     Init:0/1            0          1s


PODS UPDATE: seldon          income-default-0-income-model-5d6c4b887d-xm98x                    0/2     PodInitializing     0          3s


PODS UPDATE: seldon          income-default-explainer-686b664dff-7rk5c                         0/1     PodInitializing     0          3s


PODS UPDATE: seldon          income-default-explainer-686b664dff-7rk5c                         0/1     Running             0          4s


PODS UPDATE: seldon          tfserving-default-0-mnist-model-55865c456d-r4rr4                  2/3     Terminating         0          85s


PODS UPDATE: seldon          tfserving-default-0-mnist-model-55865c456d-r4rr4                  1/3     Terminating         0          92s


PODS UPDATE: seldon          tfserving-default-0-mnist-model-55865c456d-r4rr4                  0/3     Terminating         0          92s


PODS UPDATE: seldon          tfserving-default-0-mnist-model-55865c456d-r4rr4                  0/3     Terminating         0          92s


PODS UPDATE: seldon          income-default-0-income-model-5d6c4b887d-xm98x                    0/2     Running             0          17s


PODS UPDATE: seldon          tfserving-default-explainer-746d96f5fd-7ckpd                      0/1     Terminating         0          92s


PODS UPDATE: seldon          tfserving-default-0-mnist-model-55865c456d-r4rr4                  0/3     Terminating         0          93s


PODS UPDATE: seldon          tfserving-default-0-mnist-model-55865c456d-r4rr4                  0/3     Terminating         0          93s


PODS UPDATE: seldon          tfserving-default-explainer-746d96f5fd-7ckpd                      0/1     Terminating         0          93s


PODS UPDATE: seldon          tfserving-default-explainer-746d96f5fd-7ckpd                      0/1     Terminating         0          93s


PODS UPDATE: seldon          income-default-explainer-686b664dff-7rk5c                         1/1     Running             0          24s


PODS UPDATE: seldon          income-default-0-income-model-5d6c4b887d-xm98x                    1/2     Running             0          40s


PODS UPDATE: seldon          income-default-0-income-model-5d6c4b887d-xm98x                    2/2     Running             0          41s


PODS UPDATE: seldon          income-default-explainer-686b664dff-7rk5c                         1/1     Terminating         0          58s


PODS UPDATE: seldon          income-default-0-income-model-5d6PASSED
test_notebooks.py::TestNotebooks::test_multiple_operators [NbConvertApp] Converting notebook ../../notebooks/multiple_operators.ipynb to script
[NbConvertApp] Writing 4257 bytes to ../../notebooks/multiple_operators.py
c4b887d-xm98x                    2/2     Terminating         0          58s


PODS UPDATE: seldon          mymodel-default-0-model-8454f9cd85-9mjpz                          0/2     Pending             0          0s


PODS UPDATE: seldon          mymodel-default-0-model-8454f9cd85-9mjpz                          0/2     Pending             0          0s


PODS UPDATE: seldon          mymodel-default-0-model-8454f9cd85-9mjpz                          0/2     ContainerCreating   0          0s


PODS UPDATE: seldon          mymodel-default-0-model-8454f9cd85-9mjpz                          0/2     Running             0          2s


PODS UPDATE: seldon          income-default-0-income-model-5d6c4b887d-xm98x                    0/2     Terminating         0          70s


PODS UPDATE: seldon          income-default-0-income-model-5d6c4b887d-xm98x                    0/2     Terminating         0          78s


PODS UPDATE: seldon          income-default-0-income-model-5d6c4b887d-xm98x                    0/2     Terminating         0          78s


PODS UPDATE: seldon          income-default-explainer-686b664dff-7rk5c                         0/1     Terminating         0          78s


PODS UPDATE: seldon          mymodel-default-0-model-8454f9cd85-9mjpz                          1/2     Running             0          22s


PODS UPDATE: seldon          income-default-explainer-686b664dff-7rk5c                         0/1     Terminating         0          88s


PODS UPDATE: seldon          income-default-explainer-686b664dff-7rk5c                         0/1     Terminating         0          88s


PODS UPDATE: seldon          mymodel-default-0-model-8454f9cd85-9mjpz                          2/2     Running             0          23s


PODS UPDATE: seldon          mymodel-default-0-model-8454f9cd85-9mjpz                          2/2     Terminating         0          42s


PODS UPDATE: seldon          model-long-timeout-test-0-classifier-85dbf86988-cpptx             0/2     Pending             0          0s


PODS UPDATE: seldon          model-long-timeout-test-0-classifier-85dbf86988-cpptx             0/2     Pending             0          0s


PODS UPDATE: seldon          model-long-timeout-test-0-classifier-85dbf86988-cpptx             0/2     ContainerCreating   0          0s


PODS UPDATE: seldon          model-long-timeout-test-0-classifier-85dbf86988-cpptx             0/2     Running             0          1s


PODS UPDATE: seldon          mymodel-default-0-model-8454f9cd85-9mjpz                          1/2     Terminating         0          53s


PODS UPDATE: seldon          mymodel-default-0-model-8454f9cd85-9mjpz                          0/2     Terminating         0          54s


PODS UPDATE: seldon          mymodel-default-0-model-8454f9cd85-9mjpz                          0/2     Terminating         0          54s


PODS UPDATE: seldon          mymodel-default-0-model-8454f9cd85-9mjpz                          0/2     Terminating         0          55s


PODS UPDATE: seldon          mymodel-default-0-model-8454f9cd85-9mjpz                          0/2     Terminating         0          55s


PODS UPDATE: seldon          model-long-timeout-test-0-classifier-85dbf86988-cpptx             1/2     Running             0          22s


PODS UPDATE: seldon          model-long-timeout-test-0-classifier-85dbf86988-cpptx             2/2     Running             0          22s


PODS UPDATE: seldon          seldon-model-grpc-size-0-classifier-76f9948dcd-8qbmv              0/2     Pending             0          0s


PODS UPDATE: seldon          seldon-model-grpc-size-0-classifier-76f9948dcd-8qbmv              0/2     Pending             0          0s


PODS UPDATE: seldon          seldon-model-grpc-size-0-classifier-76f9948dcd-8qbmv              0/2     ContainerCreating   0          0s


PODS UPDATE: seldon          seldon-model-grpc-size-0-classifier-76f9948dcd-8qbmv              0/2     Running             0          2s


PODS UPDATE: seldon          seldon-model-grpc-size-0-classifier-76f9948dcd-8qbmv              1/2     RunningPASSED
test_notebooks.py::TestNotebooks::test_protocol_examples [NbConvertApp] Converting notebook ../../notebooks/protocol_examples.ipynb to script
[NbConvertApp] Writing 8384 bytes to ../../notebooks/protocol_examples.py
             0          21s


PODS UPDATE: seldon          seldon-model-grpc-size-0-classifier-76f9948dcd-8qbmv              2/2     Running             0          23s


PODS UPDATE: seldon          seldon-model-grpc-size-0-classifier-76f9948dcd-8qbmv              2/2     Terminating         0          56s


PODS UPDATE: seldon-ns1      seldon-controller-manager-6c69f99d86-7krpv                        0/1     Pending             0          0s


PODS UPDATE: seldon-ns1      seldon-controller-manager-6c69f99d86-7krpv                        0/1     Pending             0          0s


PODS UPDATE: seldon-ns1      seldon-controller-manager-6c69f99d86-7krpv                        0/1     ContainerCreating   0          0s


PODS UPDATE: seldon-ns1      seldon-controller-manager-6c69f99d86-7krpv                        1/1     Running             0          1s


PODS UPDATE: seldon          seldon-model-grpc-size-0-classifier-76f9948dcd-8qbmv              0/2     Terminating         0          68s


PODS UPDATE: seldon          seldon-model-grpc-size-0-classifier-76f9948dcd-8qbmv              0/2     Terminating         0          69s


PODS UPDATE: seldon          seldon-model-grpc-size-0-classifier-76f9948dcd-8qbmv              0/2     Terminating         0          69s


PODS UPDATE: seldon-ns1      seldon-controller-manager-6c69f99d86-7krpv                        1/1     Terminating         0          59s


PODS UPDATE: seldon-ns1      seldon-controller-manager-6c69f99d86-7krpv                        0/1     Terminating         0          60s


PODS UPDATE: seldon-ns1      seldon-controller-manager-6c69f99d86-7krpv                        0/1     Terminating         0          64s


PODS UPDATE: seldon-ns1      seldon-controller-manager-6c69f99d86-7krpv                        0/1     Terminating         0          64s


PODS UPDATE: seldon-id1      seldon-controller-manager-697598c96-cnrlk                         0/1     Pending             0          0s


PODS UPDATE: seldon-id1      seldon-controller-manager-697598c96-cnrlk                         0/1     Pending             0          0s


PODS UPDATE: seldon-id1      seldon-controller-manager-697598c96-cnrlk                         0/1     ContainerCreating   0          0s


PODS UPDATE: seldon-id1      seldon-controller-manager-697598c96-cnrlk                         1/1     Running             0          1s


PODS UPDATE: default         test-c1-example-0-classifier-67c4bcd4df-6kb47                     0/2     Pending             0          0s


PODS UPDATE: default         test-c1-example-0-classifier-67c4bcd4df-6kb47                     0/2     Pending             0          0s


PODS UPDATE: default         test-c1-example-0-classifier-67c4bcd4df-6kb47                     0/2     ContainerCreating   0          0s


PODS UPDATE: default         test-c1-example-0-classifier-67c4bcd4df-6kb47                     0/2     Running             0          37s


PODS UPDATE: default         test-c1-example-0-classifier-67c4bcd4df-6kb47                     1/2     Running             0          58s


PODS UPDATE: default         test-c1-example-0-classifier-67c4bcd4df-6kb47                     2/2     Running             0          58s


PODS UPDATE: default         test-c1-example-0-classifier-67c4bcd4df-6kb47                     2/2     Terminating         0          75s


PODS UPDATE: default         test-c1-example-0-classifier-67c4bcd4df-6kb47                     0/2     Terminating         0          78s


PODS UPDATE: default         test-c1-example-0-classifier-67c4bcd4df-6kb47                     0/2     Terminating         0          79s


PODS UPDATE: default         test-c1-example-0-classifier-67c4bcd4df-6kb47                     0/2     Terminating         0          79s


PODS UPDATE: seldon-id1      seldon-controller-manager-697598c96-cnrlk                         1/1     Terminating         0          108s


PODS UPDATE: seldon-id1      seldon-controller-manager-697598c96-cnrlk                         0/1     Terminating         0          109s


PODS UPDATE: sePASSED
test_notebooks.py::TestNotebooks::test_server_examples [NbConvertApp] Converting notebook ../../notebooks/server_examples.ipynb to script
[NbConvertApp] Writing 17343 bytes to ../../notebooks/server_examples.py
ldon-id1      seldon-controller-manager-697598c96-cnrlk                         0/1     Terminating         0          110s


PODS UPDATE: seldon-id1      seldon-controller-manager-697598c96-cnrlk                         0/1     Terminating         0          110s


PODS UPDATE: seldon-id1      seldon-controller-manager-697598c96-cnrlk                         0/1     Terminating         0          110s


PODS UPDATE: seldon          example-seldon-model-0-classifier-69444d79c9-xqmbx                0/2     Pending             0          0s


PODS UPDATE: seldon          example-seldon-model-0-classifier-69444d79c9-xqmbx                0/2     Pending             0          0s


PODS UPDATE: seldon          example-seldon-model-0-classifier-69444d79c9-xqmbx                0/2     ContainerCreating   0          0s


PODS UPDATE: seldon          example-seldon-model-0-classifier-69444d79c9-xqmbx                0/2     Running             0          2s


PODS UPDATE: seldon          example-seldon-model-0-classifier-69444d79c9-xqmbx                1/2     Running             0          21s


PODS UPDATE: seldon          example-seldon-model-0-classifier-69444d79c9-xqmbx                2/2     Running             0          25s


PODS UPDATE: seldon          example-seldon-model-0-classifier-69444d79c9-xqmbx                2/2     Terminating         0          41s


PODS UPDATE: seldon          example-tfserving-model-0-halfplustwo-9dc8f8b84-zz2fh             0/2     Pending             0          0s


PODS UPDATE: seldon          example-tfserving-model-0-halfplustwo-9dc8f8b84-zz2fh             0/2     Pending             0          0s


PODS UPDATE: seldon          example-tfserving-model-0-halfplustwo-9dc8f8b84-zz2fh             0/2     ContainerCreating   0          0s


PODS UPDATE: seldon          example-seldon-model-0-classifier-69444d79c9-xqmbx                1/2     Terminating         0          55s


PODS UPDATE: seldon          example-seldon-model-0-classifier-69444d79c9-xqmbx                0/2     Terminating         0          55s


PODS UPDATE: seldon          example-seldon-model-0-classifier-69444d79c9-xqmbx                0/2     Terminating         0          56s


PODS UPDATE: seldon          example-seldon-model-0-classifier-69444d79c9-xqmbx                0/2     Terminating         0          56s


PODS UPDATE: seldon          example-tfserving-model-0-halfplustwo-9dc8f8b84-zz2fh             0/2     Running             0          10s


PODS UPDATE: seldon          example-tfserving-model-0-halfplustwo-9dc8f8b84-zz2fh             1/2     Running             0          29s


PODS UPDATE: seldon          example-tfserving-model-0-halfplustwo-9dc8f8b84-zz2fh             2/2     Running             0          33s


PODS UPDATE: seldon          example-tfserving-model-0-halfplustwo-9dc8f8b84-zz2fh             2/2     Terminating         0          50s


PODS UPDATE: seldon          triton-simple-0-simple-88585b5f6-2f97q                            0/2     Pending             0          0s


PODS UPDATE: seldon          triton-simple-0-simple-88585b5f6-2f97q                            0/2     Pending             0          0s


PODS UPDATE: seldon          triton-simple-0-simple-88585b5f6-2f97q                            0/2     Init:0/1            0          0s


PODS UPDATE: seldon          triton-simple-0-simple-88585b5f6-2f97q                            0/2     Init:0/1            0          1s


PODS UPDATE: seldon          triton-simple-0-simple-88585b5f6-2f97q                            0/2     PodInitializing     0          3s


PODS UPDATE: seldon          example-tfserving-model-0-halfplustwo-9dc8f8b84-zz2fh             1/2     Terminating         0          64s


PODS UPDATE: seldon          example-tfserving-model-0-halfplustwo-9dc8f8b84-zz2fh             0/2     Terminating         0          71s


PODS UPDATE: seldon          example-tfserving-model-0-halfplustwo-9dc8f8b84-zz2fh             0/2     Terminating         0          72s


PODS UPDATE: seldon          example-tfserving-model-0-halfplustwo-9dc8f8b84-zz2fh             0/2     Terminating         0          72s


PODS UPDATE: seldon          triton-simple-0-simple-88585b5f6-2f97q                            0/2     Running             0          5m


PODS UPDATE: seldon          triton-simple-0-simple-88585b5f6-2f97q                            1/2     Running             0          5m20s


PODS UPDATE: seldon          triton-simple-0-simple-88585b5f6-2f97q                            2/2     Running             0          5m21s


PODS UPDATE: seldon          triton-simple-0-simple-88585b5f6-2f97q                            2/2     Terminating         0          5m38s


PODS UPDATE: seldon          sklearn-default-0-classifier-8bd4bb94b-vs6vp                      0/2     Pending             0          0s


PODS UPDATE: seldon          sklearn-default-0-classifier-8bd4bb94b-vs6vp                      0/2     Pending             0          0s


PODS UPDATE: seldon          sklearn-default-0-classifier-8bd4bb94b-vs6vp                      0/2     Init:0/1            0          0s


PODS UPDATE: seldon          sklearn-default-0-classifier-8bd4bb94b-vs6vp                      0/2     Init:0/1            0          2s


PODS UPDATE: seldon          sklearn-default-0-classifier-8bd4bb94b-vs6vp                      0/2     PodInitializing     0          5s


PODS UPDATE: seldon          triton-simple-0-simple-88585b5f6-2f97q                            0/2     Terminating         0          5m50s


PODS UPDATE: seldon          sklearn-default-0-classifier-8bd4bb94b-vs6vp                      0/2     Running             0          6s


PODS UPDATE: seldon          triton-simple-0-simple-88585b5f6-2f97q                            0/2     Terminating         0          5m52s


PODS UPDATE: seldon          triton-simple-0-simple-88585b5f6-2f97q                            0/2     Terminating         0          6m2s


PODS UPDATE: seldon          triton-simple-0-simple-88585b5f6-2f97q                            0/2     Terminating         0          6m2s


PODS UPDATE: seldon          sklearn-default-0-classifier-8bd4bb94b-vs6vp                      1/2     Running             0          28s


PODS UPDATE: seldon          sklearn-default-0-classifier-8bd4bb94b-vs6vp                      2/2     Running             0          29s


PODS UPDATE: seldon          sklearn-default-0-classifier-8bd4bb94b-vs6vp                      2/2     Terminating         0          48s


PODS UPDATE: seldon          sklearn-default-0-classifier-86f766b95d-gb9nt                     0/2     Pending             0          0s


PODS UPDATE: seldon          sklearn-default-0-classifier-86f766b95d-gb9nt                     0/2     Pending             0          0s


PODS UPDATE: seldon          sklearn-default-0-classifier-86f766b95d-gb9nt                     0/2     Init:0/1            0          0s


PODS UPDATE: seldon          sklearn-default-0-classifier-86f766b95d-gb9nt                     0/2     Init:0/1            0          1s


PODS UPDATE: seldon          sklearn-default-0-classifier-86f766b95d-gb9nt                     0/2     PodInitializing     0          2s


PODS UPDATE: seldon          sklearn-default-0-classifier-8bd4bb94b-vs6vp                      1/2     Terminating         0          58s


PODS UPDATE: seldon          sklearn-default-0-classifier-8bd4bb94b-vs6vp                      0/2     Terminating         0          64s


PODS UPDATE: seldon          sklearn-default-0-classifier-8bd4bb94b-vs6vp                      0/2     Terminating         0          67s


PODS UPDATE: seldon          sklearn-default-0-classifier-8bd4bb94b-vs6vp                      0/2     Terminating         0          67s


PODS UPDATE: seldon          sklearn-default-0-classifier-86f766b95d-gb9nt                     0/2     Running             0          30s


PODS UPDATE: seldon          sklearn-default-0-classifier-86f766b95d-gb9nt                     1/2     Running             0          49s


PODS UPDATE: seldon          sklearn-default-0-classifier-86f766b95d-gb9nt                     2/2     Running             0          50s


PODS UPDATE: seldon          sklearn-default-0-classifier-86f766b95d-gb9nt                     2/2     Terminating         0          66s


PODS UPDATE: seldon          xgboost-default-0-classifier-9cc5964f4-4c6s9                      0/2     Pending             0          0s


PODS UPDATE: seldon          xgboost-default-0-classifier-9cc5964f4-4c6s9                      0/2     Pending             0          0s


PODS UPDATE: seldon          xgboost-default-0-classifier-9cc5964f4-4c6s9                      0/2     Init:0/1            0          0s


PODS UPDATE: seldon          xgboost-default-0-classifier-9cc5964f4-4c6s9                      0/2     Init:0/1            0          2s


PODS UPDATE: seldon          xgboost-default-0-classifier-9cc5964f4-4c6s9                      0/2     PodInitializing     0          4s


PODS UPDATE: seldon          xgboost-default-0-classifier-9cc5964f4-4c6s9                      0/2     Running             0          5s


PODS UPDATE: seldon          sklearn-default-0-classifier-86f766b95d-gb9nt                     0/2     Terminating         0          78s


PODS UPDATE: seldon          sklearn-default-0-classifier-86f766b95d-gb9nt                     0/2     Terminating         0          79s


PODS UPDATE: seldon          sklearn-default-0-classifier-86f766b95d-gb9nt                     0/2     Terminating         0          79s


PODS UPDATE: seldon          xgboost-default-0-classifier-9cc5964f4-4c6s9                      1/2     Running             0          26s


PODS UPDATE: seldon          xgboost-default-0-classifier-9cc5964f4-4c6s9                      2/2     Running             0          28s


PODS UPDATE: seldon          xgboost-default-0-classifier-9cc5964f4-4c6s9                      2/2     Terminating         0          45s


PODS UPDATE: seldon          xgboost-default-0-classifier-95dcd85f-g999z                       0/2     Pending             0          0s


PODS UPDATE: seldon          xgboost-default-0-classifier-95dcd85f-g999z                       0/2     Pending             0          0s


PODS UPDATE: seldon          xgboost-default-0-classifier-95dcd85f-g999z                       0/2     Init:0/1            0          0s


PODS UPDATE: seldon          xgboost-default-0-classifier-95dcd85f-g999z                       0/2     Init:0/1            0          2s


PODS UPDATE: seldon          xgboost-default-0-classifier-95dcd85f-g999z                       0/2     PodInitializing     0          4s


PODS UPDATE: seldon          xgboost-default-0-classifier-95dcd85f-g999z                       0/2     Running             0          5s


PODS UPDATE: seldon          xgboost-default-0-classifier-9cc5964f4-4c6s9                      0/2     Terminating         0          58s


PODS UPDATE: seldon          xgboost-default-0-classifier-9cc5964f4-4c6s9                      0/2     Terminating         0          59s


PODS UPDATE: seldon          xgboost-default-0-classifier-9cc5964f4-4c6s9                      0/2     Terminating         0          59s


PODS UPDATE: seldon          xgboost-default-0-classifier-95dcd85f-g999z                       1/2     Running             0          24s


PODS UPDATE: seldon          xgboost-default-0-classifier-95dcd85f-g999z                       2/2     Running             0          28s


PODS UPDATE: seldon          xgboost-default-0-classifier-95dcd85f-g999z                       2/2     Terminating         0          44s


PODS UPDATE: seldon          tfserving-default-0-mnist-model-5c5779bbfc-rgqrd                  0/3     Pending             0          0s


PODS UPDATE: seldon          tfserving-default-0-mnist-model-5c5779bbfc-rgqrd                  0/3     Pending             0          0s


PODS UPDATE: seldon          tfserving-default-0-mnist-model-5c5779bbfc-rgqrd                  0/3     Init:0/1            0          0s


PODS UPDATE: seldon          tfserving-default-0-mnist-model-5c5779bbfc-rgqrd                  0/3     Init:0/1            0          2s


PODS UPDATE: seldon          tfserving-default-0-mnist-model-5c5779bbfc-rgqrd                  0/3     PodInitializing     0          4s


PODS UPDATE: seldon          tfserving-default-0-mnist-model-5c5779bbfc-rgqrd                  1/3     Running             0          5s


PODS UPDATE: seldon          xgboost-default-0-classifier-95dcd85f-g999z                       0/2     Terminating         0          56s


PODS UPDATE: seldon          xgboost-default-0-classifier-95dcd85f-g999z                       0/2     Terminating         0          65s


PODS UPDATE: seldon          xgboost-default-0-classifier-95dcd85f-g999z                       0/2     Terminating         0          65s


PODS UPDATE: seldon          tfserving-default-0-mnist-model-5c5779bbfc-rgqrd                  2/3     Running             0          26s


PODS UPDATE: seldon          tfserving-default-0-mnist-model-5c5779bbfc-rgqrd                  3/3     Running             0          28s


PODS UPDATE: seldon          tfserving-default-0-mnist-model-5c5779bbfc-rgqrd                  3/3     Terminating         0          45s


PODS UPDATE: seldon          hpt-default-0-halfplustwo-5477955fb-dlcf9                         0/2     Pending             0          0s


PODS UPDATE: seldon          hpt-default-0-halfplustwo-5477955fb-dlcf9                         0/2     Pending             0          0s


PODS UPDATE: seldon          hpt-default-0-halfplustwo-5477955fb-dlcf9                         0/2     Init:0/1            0          0s


PODS UPDATE: seldon          hpt-default-0-halfplustwo-5477955fb-dlcf9                         0/2     Init:0/1            0          1s


PODS UPDATE: seldon          hpt-default-0-halfplustwo-5477955fb-dlcf9                         0/2     PodInitializing     0          3s


PODS UPDATE: seldon          hpt-default-0-halfplustwo-5477955fb-dlcf9                         0/2     Running             0          4s


PODS UPDATE: seldon          tfserving-default-0-mnist-model-5c5779bbfc-rgqrd                  2/3     Terminating         0          58s


PODS UPDATE: seldon          tfserving-default-0-mnist-model-5c5779bbfc-rgqrd                  0/3     Terminating         0          66s


PODS UPDATE: seldon          tfserving-default-0-mnist-model-5c5779bbfc-rgqrd                  0/3     Terminating         0          67s


PODS UPDATE: seldon          tfserving-default-0-mnist-model-5c5779bbfc-rgqrd                  0/3     Terminating         0          67s


PODS UPDATE: seldon          tfserving-default-0-mnist-model-5c5779bbfc-rgqrd                  0/3     Terminating         0          67s


PODS UPDATE: seldon          hpt-default-0-halfplustwo-5477955fb-dlcf9                         1/2     Running             0          24s


PODS UPDATE: seldon          hpt-default-0-halfplustwo-5477955fb-dlcf9                         2/2     Running             0          26s


PODS UPDATE: seldon          hpt-default-0-halfplustwo-5477955fb-dlcf9                         2/2     Terminating         0          42s


PODS UPDATE: seldon          mlflow-default-0-classifier-7b6db77666-4rtqb                      0/2     Pending             0          0s


PODS UPDATE: seldon          mlflow-default-0-classifier-7b6db77666-4rtqb                      0/2     Pending             0          0s


PODS UPDATE: seldon          mlflow-default-0-classifier-7b6db77666-4rtqb                      0/2     Init:0/1            0          0s


PODS UPDATE: seldon          mlflow-default-0-classifier-7b6db77666-4rtqb                      0/2     Init:0/1            0          2s


PODS UPDATE: seldon          mlflow-default-0-classifier-7b6db77666-4rtqb                      0/2     PodInitializing     0          4s

PASSED
test_notebooks.py::TestNotebooks::test_rolling_updates [NbConvertApp] Converting notebook ../../notebooks/rolling_updates.ipynb to script
[NbConvertApp] Writing 25670 bytes to ../../notebooks/rolling_updates.py
PASSED
test_notebooks.py::TestNotebooks::test_ambassador_canary [NbConvertApp] Converting notebook ../../examples/ambassador/canary/ambassador_canary.ipynb to script
[NbConvertApp] Writing 5164 bytes to ../../examples/ambassador/canary/ambassador_canary.py
seldondeployment.machinelearning.seldon.io "example" deleted
seldondeployment.machinelearning.seldon.io "model-long-timeout" deleted
[NbConvertApp] Converting notebook ../../examples/ambassador/canary/ambassador_canary.ipynb to script
[NbConvertApp] Writing 5164 bytes to ../../examples/ambassador/canary/ambassador_canary.py
seldondeployment.machinelearning.seldon.io "example" deleted
FAILED
test_notebooks.py::TestNotebooks::test_ambassador_headers [NbConvertApp] Converting notebook ../../examples/ambassador/headers/ambassador_headers.ipynb to script
[NbConvertApp] Writing 5536 bytes to ../../examples/ambassador/headers/ambassador_headers.py
seldondeployment.machinelearning.seldon.io "example" deleted
seldondeployment.machinelearning.seldon.io "example-header" deleted
[NbConvertApp] Converting notebook ../../examples/ambassador/headers/ambassador_headers.ipynb to script
[NbConvertApp] Writing 5536 bytes to ../../examples/ambassador/headers/ambassador_headers.py
seldondeployment.machinelearning.seldon.io "example" deleted
seldondeployment.machinelearning.seldon.io "example-header" deleted
FAILED
test_notebooks.py::TestNotebooks::test_ambassador_shadow [NbConvertApp] Converting notebook ../../examples/ambassador/shadow/ambassador_shadow.ipynb to script
[NbConvertApp] Writing 5305 bytes to ../../examples/ambassador/shadow/ambassador_shadow.py
seldondeployment.machinelearning.seldon.io "example" deleted
[NbConvertApp] Converting notebook ../../examples/ambassador/shadow/ambassador_shadow.ipynb to script
[NbConvertApp] Writing 5305 bytes to ../../examples/ambassador/shadow/ambassador_shadow.py
seldondeployment.machinelearning.seldon.io "example" deleted
FAILED
test_notebooks.py::TestNotebooks::test_ambassador_custom [NbConvertApp] Converting notebook ../../examples/ambassador/custom/ambassador_custom.ipynb to script
[NbConvertApp] Writing 3668 bytes to ../../examples/ambassador/custom/ambassador_custom.py
PASSED
test_notebooks.py::TestNotebooks::test_keda_prom_auto_scale [NbConvertApp] Converting notebook ../../examples/keda/keda_prom_auto_scale.ipynb to script
[NbConvertApp] Writing 6170 bytes to ../../examples/keda/keda_prom_auto_scale.py
PASSED
test_notebooks.py::TestNotebooks::test_metrics [NbConvertApp] Converting notebook ../../examples/models/metrics/metrics.ipynb to script
[NbConvertApp] Writing 7647 bytes to ../../examples/models/metrics/metrics.py
PASSED
test_notebooks.py::TestNotebooks::test_metadata [NbConvertApp] Converting notebook ../../examples/models/metadata/metadata.ipynb to script
[NbConvertApp] Writing 10424 bytes to ../../examples/models/metadata/metadata.py
PASSED
test_notebooks.py::TestNotebooks::test_graph_metadata [NbConvertApp] Converting notebook ../../examples/models/metadata/graph_metadata.ipynb to script
[NbConvertApp] Writing 26325 bytes to ../../examples/models/metadata/graph_metadata.py
PASSED
test_notebooks.py::TestNotebooks::test_grpc_metadata [NbConvertApp] Converting notebook ../../examples/models/metadata/metadata_grpc.ipynb to script
[NbConvertApp] Writing 3867 bytes to ../../examples/models/metadata/metadata_grpc.py
PASSED
test_notebooks.py::TestNotebooks::test_payload_logging [NbConvertApp] Converting notebook ../../examples/models/payload_logging/payload_logging.ipynb to script
[NbConvertApp] Writing 3699 bytes to ../../examples/models/payload_logging/payload_logging.py
PASSED
test_notebooks.py::TestNotebooks::test_custom_metrics [NbConvertApp] Converting notebook ../../examples/models/custom_metrics/customMetrics.ipynb to script
[NbConvertApp] Writing 3714 bytes to ../../examples/models/custom_metrics/customMetrics.py
PASSED
test_notebooks.py::TestNotebooks::test_autoscaling [NbConvertApp] Converting notebook ../../examples/models/autoscaling/autoscaling_example.ipynb to script
[NbConvertApp] Writing 3975 bytes to ../../examples/models/autoscaling/autoscaling_example.py
PASSED
test_notebooks.py::TestNotebooks::test_scaling [NbConvertApp] Converting notebook ../../notebooks/scale.ipynb to script
[NbConvertApp] Writing 6495 bytes to ../../notebooks/scale.py
PASSED
test_notebooks.py::TestNotebooks::test_jsondata [NbConvertApp] Converting notebook ../../examples/models/sklearn_iris_jsondata/sklearn_iris_jsondata.ipynb to script
[NbConvertApp] Writing 3415 bytes to ../../examples/models/sklearn_iris_jsondata/sklearn_iris_jsondata.py
PASSED
test_notebooks.py::TestNotebooks::test_sklearn_iris [NbConvertApp] Converting notebook ../../examples/models/sklearn_iris/sklearn_iris.ipynb to script
[NbConvertApp] Writing 3043 bytes to ../../examples/models/sklearn_iris/sklearn_iris.py
PASSED
test_notebooks.py::TestNotebooks::test_custom_metrics_server [NbConvertApp] Converting notebook ../../examples/feedback/metrics-server/README.ipynb to script
[NbConvertApp] Writing 7904 bytes to ../../examples/feedback/metrics-server/README.py
PASSED
test_notebooks.py::TestNotebooks::test_upgrade [NbConvertApp] Converting notebook ../../notebooks/operator_upgrade.ipynb to script
[NbConvertApp] Writing 7080 bytes to ../../notebooks/operator_upgrade.py
PASSED
test_notebooks.py::TestNotebooks::test_disruption_budgets [NbConvertApp] Converting notebook ../../examples/models/disruption_budgets/pdbs_example.ipynb to script
[NbConvertApp] Writing 3368 bytes to ../../examples/models/disruption_budgets/pdbs_example.py
PASSED

=================================== FAILURES ===================================
_____________________ TestNotebooks.test_ambassador_canary _____________________

self = <test_notebooks.TestNotebooks object at 0x7fb3e898fc50>

    def test_ambassador_canary(self):
>       create_and_run_script("../../examples/ambassador/canary", "ambassador_canary")

test_notebooks.py:67: 
_ _ _ _ _ _ _ _ _ _ _ _ _ _ _ _ _ _ _ _ _ _ _ _ _ _ _ _ _ _ _ _ _ _ _ _ _ _ _ _ 
test_notebooks.py:27: in create_and_run_script
    raise e
test_notebooks.py:20: in create_and_run_script
    encoding="utf-8",
_ _ _ _ _ _ _ _ _ _ _ _ _ _ _ _ _ _ _ _ _ _ _ _ _ _ _ _ _ _ _ _ _ _ _ _ _ _ _ _ 

input = None, timeout = None, check = True
popenargs = ('cd ../../examples/ambassador/canary && ./ambassador_canary.py',)
kwargs = {'encoding': 'utf-8', 'shell': True, 'stderr': -1, 'stdout': -1}
process = <subprocess.Popen object at 0x7fb3e898fa90>
stdout = 'Context "kind-kind" modified.\nseldondeployment.machinelearning.seldon.io/example created\nWaiting for deployment "ex...0;34m)\x1b[0m\x1b[0;34m\x1b[0m\x1b[0;34m\x1b[0m\x1b[0m\n\n\x1b[0;31mZeroDivisionError\x1b[0m: float division by zero\n'
stderr = 'Error from server (AlreadyExists): namespaces "seldon" already exists\n/usr/local/lib/python3.6/site-packages/IPython...)\nWarning: kubectl apply should be used on resource created by either kubectl create --save-config or kubectl apply\n'
retcode = 1

    def run(*popenargs, input=None, timeout=None, check=False, **kwargs):
        """Run command with arguments and return a CompletedProcess instance.
    
        The returned instance will have attributes args, returncode, stdout and
        stderr. By default, stdout and stderr are not captured, and those attributes
        will be None. Pass stdout=PIPE and/or stderr=PIPE in order to capture them.
    
        If check is True and the exit code was non-zero, it raises a
        CalledProcessError. The CalledProcessError object will have the return code
        in the returncode attribute, and output & stderr attributes if those streams
        were captured.
    
        If timeout is given, and the process takes too long, a TimeoutExpired
        exception will be raised.
    
        There is an optional argument "input", allowing you to
        pass a string to the subprocess's stdin.  If you use this argument
        you may not also use the Popen constructor's "stdin" argument, as
        it will be used internally.
    
        The other arguments are the same as for the Popen constructor.
    
        If universal_newlines=True is passed, the "input" argument must be a
        string and stdout/stderr in the returned object will be strings rather than
        bytes.
        """
        if input is not None:
            if 'stdin' in kwargs:
                raise ValueError('stdin and input arguments may not both be used.')
            kwargs['stdin'] = PIPE
    
        with Popen(*popenargs, **kwargs) as process:
            try:
                stdout, stderr = process.communicate(input, timeout=timeout)
            except TimeoutExpired:
                process.kill()
                stdout, stderr = process.communicate()
                raise TimeoutExpired(process.args, timeout, output=stdout,
                                     stderr=stderr)
            except:
                process.kill()
                process.wait()
                raise
            retcode = process.poll()
            if check and retcode:
                raise CalledProcessError(retcode, process.args,
>                                        output=stdout, stderr=stderr)
E               subprocess.CalledProcessError: Command 'cd ../../examples/ambassador/canary && ./ambassador_canary.py' returned non-zero exit status 1.

/usr/local/lib/python3.6/subprocess.py:438: CalledProcessError
------------------------------ Captured log call -------------------------------
ERROR    root:test_notebooks.py:24 failed notebook test ambassador_canary stdout:Context "kind-kind" modified.
seldondeployment.machinelearning.seldon.io/example created
Waiting for deployment "example-main-0-classifier" rollout to finish: 0 of 1 updated replicas are available...
deployment "example-main-0-classifier" successfully rolled out
seldondeployment.machinelearning.seldon.io/example configured
Waiting for deployment "example-canary-0-classifier" rollout to finish: 0 of 1 updated replicas are available...
deployment "example-canary-0-classifier" successfully rolled out
deployment "example-main-0-classifier" successfully rolled out
Success:True message:
Request:
meta {
}
data {
  tensor {
    shape: 1
    shape: 1
    values: 0.8235373444259544
  }
}

Response:
{'data': {'names': ['proba'], 'tensor': {'shape': [1, 1], 'values': [0.10976641042064829]}}, 'meta': {'requestPath': {'classifier': 'seldonio/mock_classifier:1.6.0-dev'}}}
[0;31m---------------------------------------------------------------------------[0m
[0;31mZeroDivisionError[0m                         Traceback (most recent call last)
[0;32m/workspace/source/examples/ambassador/canary/ambassador_canary.py[0m in [0;36m<module>[0;34m[0m
[1;32m    209[0m [0;34m[0m[0m
[1;32m    210[0m [0;34m[0m[0m
[0;32m--> 211[0;31m [0mcanary_percentage[0m[0;34m=[0m[0mfloat[0m[0;34m([0m[0mcanary_count[0m[0;34m[[0m[0;36m0[0m[0;34m][0m[0;34m)[0m[0;34m/[0m[0mfloat[0m[0;34m([0m[0mdefault_count[0m[0;34m[[0m[0;36m0[0m[0;34m][0m[0;34m)[0m[0;34m[0m[0;34m[0m[0m
[0m[1;32m    212[0m [0mprint[0m[0;34m([0m[0mcanary_percentage[0m[0;34m)[0m[0;34m[0m[0;34m[0m[0m
[1;32m    213[0m [0;32massert[0m[0;34m([0m[0mcanary_percentage[0m [0;34m>[0m [0;36m0.1[0m [0;32mand[0m [0mcanary_percentage[0m [0;34m<[0m [0;36m0.5[0m[0;34m)[0m[0;34m[0m[0;34m[0m[0m

[0;31mZeroDivisionError[0m: float division by zero
, stderr:Error from server (AlreadyExists): namespaces "seldon" already exists
/usr/local/lib/python3.6/site-packages/IPython/core/history.py:226: UserWarning: IPython History requires SQLite, your history will not be saved
  warn("IPython History requires SQLite, your history will not be saved")
Warning: kubectl apply should be used on resource created by either kubectl create --save-config or kubectl apply
------------------------------ Captured log call -------------------------------
ERROR    root:test_notebooks.py:24 failed notebook test ambassador_canary stdout:Context "kind-kind" modified.
seldondeployment.machinelearning.seldon.io/example created
Waiting for deployment "example-main-0-classifier" rollout to finish: 0 of 1 updated replicas are available...
deployment "example-main-0-classifier" successfully rolled out
seldondeployment.machinelearning.seldon.io/example configured
Waiting for deployment "example-canary-0-classifier" rollout to finish: 0 of 1 updated replicas are available...
deployment "example-canary-0-classifier" successfully rolled out
deployment "example-main-0-classifier" successfully rolled out
Success:True message:
Request:
meta {
}
data {
  tensor {
    shape: 1
    shape: 1
    values: 0.6887892568614586
  }
}

Response:
{'data': {'names': ['proba'], 'tensor': {'shape': [1, 1], 'values': [0.0972748716126905]}}, 'meta': {'requestPath': {'classifier': 'seldonio/mock_classifier:1.6.0-dev'}}}
[0;31m---------------------------------------------------------------------------[0m
[0;31mZeroDivisionError[0m                         Traceback (most recent call last)
[0;32m/workspace/source/examples/ambassador/canary/ambassador_canary.py[0m in [0;36m<module>[0;34m[0m
[1;32m    209[0m [0;34m[0m[0m
[1;32m    210[0m [0;34m[0m[0m
[0;32m--> 211[0;31m [0mcanary_percentage[0m[0;34m=[0m[0mfloat[0m[0;34m([0m[0mcanary_count[0m[0;34m[[0m[0;36m0[0m[0;34m][0m[0;34m)[0m[0;34m/[0m[0mfloat[0m[0;34m([0m[0mdefault_count[0m[0;34m[[0m[0;36m0[0m[0;34m][0m[0;34m)[0m[0;34m[0m[0;34m[0m[0m
[0m[1;32m    212[0m [0mprint[0m[0;34m([0m[0mcanary_percentage[0m[0;34m)[0m[0;34m[0m[0;34m[0m[0m
[1;32m    213[0m [0;32massert[0m[0;34m([0m[0mcanary_percentage[0m [0;34m>[0m [0;36m0.1[0m [0;32mand[0m [0mcanary_percentage[0m [0;34m<[0m [0;36m0.5[0m[0;34m)[0m[0;34m[0m[0;34m[0m[0m

[0;31mZeroDivisionError[0m: float division by zero
, stderr:Error from server (AlreadyExists): namespaces "seldon" already exists
/usr/local/lib/python3.6/site-packages/IPython/core/history.py:226: UserWarning: IPython History requires SQLite, your history will not be saved
  warn("IPython History requires SQLite, your history will not be saved")
Warning: kubectl apply should be used on resource created by either kubectl create --save-config or kubectl apply
____________________ TestNotebooks.test_ambassador_headers _____________________

self = <test_notebooks.TestNotebooks object at 0x7fb3e8ae6cf8>

    def test_ambassador_headers(self):
>       create_and_run_script("../../examples/ambassador/headers", "ambassador_headers")

test_notebooks.py:70: 
_ _ _ _ _ _ _ _ _ _ _ _ _ _ _ _ _ _ _ _ _ _ _ _ _ _ _ _ _ _ _ _ _ _ _ _ _ _ _ _ 
test_notebooks.py:27: in create_and_run_script
    raise e
test_notebooks.py:20: in create_and_run_script
    encoding="utf-8",
_ _ _ _ _ _ _ _ _ _ _ _ _ _ _ _ _ _ _ _ _ _ _ _ _ _ _ _ _ _ _ _ _ _ _ _ _ _ _ _ 

input = None, timeout = None, check = True
popenargs = ('cd ../../examples/ambassador/headers && ./ambassador_headers.py',)
kwargs = {'encoding': 'utf-8', 'shell': True, 'stderr': -1, 'stdout': -1}
process = <subprocess.Popen object at 0x7fb3e8ae6dd8>
stdout = 'Context "kind-kind" modified.\nseldondeployment.machinelearning.seldon.io/example created\nWaiting for deployment "ex...[0m \x1b[0;34m\x1b[0m\x1b[0m\n\x1b[1;32m    201\x1b[0m \x1b[0;34m\x1b[0m\x1b[0m\n\n\x1b[0;31mAssertionError\x1b[0m: \n'
stderr = 'Error from server (AlreadyExists): namespaces "seldon" already exists\n/usr/local/lib/python3.6/site-packages/IPython...es SQLite, your history will not be saved\n  warn("IPython History requires SQLite, your history will not be saved")\n'
retcode = 1

    def run(*popenargs, input=None, timeout=None, check=False, **kwargs):
        """Run command with arguments and return a CompletedProcess instance.
    
        The returned instance will have attributes args, returncode, stdout and
        stderr. By default, stdout and stderr are not captured, and those attributes
        will be None. Pass stdout=PIPE and/or stderr=PIPE in order to capture them.
    
        If check is True and the exit code was non-zero, it raises a
        CalledProcessError. The CalledProcessError object will have the return code
        in the returncode attribute, and output & stderr attributes if those streams
        were captured.
    
        If timeout is given, and the process takes too long, a TimeoutExpired
        exception will be raised.
    
        There is an optional argument "input", allowing you to
        pass a string to the subprocess's stdin.  If you use this argument
        you may not also use the Popen constructor's "stdin" argument, as
        it will be used internally.
    
        The other arguments are the same as for the Popen constructor.
    
        If universal_newlines=True is passed, the "input" argument must be a
        string and stdout/stderr in the returned object will be strings rather than
        bytes.
        """
        if input is not None:
            if 'stdin' in kwargs:
                raise ValueError('stdin and input arguments may not both be used.')
            kwargs['stdin'] = PIPE
    
        with Popen(*popenargs, **kwargs) as process:
            try:
                stdout, stderr = process.communicate(input, timeout=timeout)
            except TimeoutExpired:
                process.kill()
                stdout, stderr = process.communicate()
                raise TimeoutExpired(process.args, timeout, output=stdout,
                                     stderr=stderr)
            except:
                process.kill()
                process.wait()
                raise
            retcode = process.poll()
            if check and retcode:
                raise CalledProcessError(retcode, process.args,
>                                        output=stdout, stderr=stderr)
E               subprocess.CalledProcessError: Command 'cd ../../examples/ambassador/headers && ./ambassador_headers.py' returned non-zero exit status 1.

/usr/local/lib/python3.6/subprocess.py:438: CalledProcessError
------------------------------ Captured log call -------------------------------
ERROR    root:test_notebooks.py:24 failed notebook test ambassador_headers stdout:Context "kind-kind" modified.
seldondeployment.machinelearning.seldon.io/example created
Waiting for deployment "example-single-0-classifier" rollout to finish: 0 of 1 updated replicas are available...
deployment "example-single-0-classifier" successfully rolled out
seldondeployment.machinelearning.seldon.io/example-header created
Waiting for deployment "example-header-single-0-classifier" rollout to finish: 0 of 1 updated replicas are available...
deployment "example-header-single-0-classifier" successfully rolled out
Success:True message:
Request:
meta {
}
data {
  tensor {
    shape: 1
    shape: 1
    values: 0.1488658882277346
  }
}

Response:
{'data': {'names': ['proba'], 'tensor': {'shape': [1, 1], 'values': [0.059089166490382136]}}, 'meta': {'requestPath': {'classifier': 'seldonio/mock_classifier:1.6.0-dev'}}}
Success:True message:
Request:
meta {
}
data {
  tensor {
    shape: 1
    shape: 1
    values: 0.9610812590189376
  }
}

Response:
{'data': {'names': ['proba'], 'tensor': {'shape': [1, 1], 'values': [0.12394560240519772]}}, 'meta': {'requestPath': {'classifier': 'seldonio/mock_classifier:1.6.0-dev'}}}
['0']
[0;31m---------------------------------------------------------------------------[0m
[0;31mAssertionError[0m                            Traceback (most recent call last)
[0;32m/workspace/source/examples/ambassador/headers/ambassador_headers.py[0m in [0;36m<module>[0;34m[0m
[1;32m    197[0m [0;34m[0m[0m
[1;32m    198[0m [0mprint[0m[0;34m([0m[0mdefault_count[0m[0;34m)[0m[0;34m[0m[0;34m[0m[0m
[0;32m--> 199[0;31m [0;32massert[0m[0;34m([0m[0mint[0m[0;34m([0m[0mdefault_count[0m[0;34m[[0m[0;36m0[0m[0;34m][0m[0;34m)[0m [0;34m==[0m [0;36m2[0m[0;34m)[0m[0;34m[0m[0;34m[0m[0m
[0m[1;32m    200[0m [0;34m[0m[0m
[1;32m    201[0m [0;34m[0m[0m

[0;31mAssertionError[0m: 
, stderr:Error from server (AlreadyExists): namespaces "seldon" already exists
/usr/local/lib/python3.6/site-packages/IPython/core/history.py:226: UserWarning: IPython History requires SQLite, your history will not be saved
  warn("IPython History requires SQLite, your history will not be saved")
------------------------------ Captured log call -------------------------------
ERROR    root:test_notebooks.py:24 failed notebook test ambassador_headers stdout:Context "kind-kind" modified.
seldondeployment.machinelearning.seldon.io/example created
Waiting for deployment "example-single-0-classifier" rollout to finish: 0 of 1 updated replicas are available...
deployment "example-single-0-classifier" successfully rolled out
seldondeployment.machinelearning.seldon.io/example-header created
Waiting for deployment "example-header-single-0-classifier" rollout to finish: 0 of 1 updated replicas are available...
deployment "example-header-single-0-classifier" successfully rolled out
Success:True message:
Request:
meta {
}
data {
  tensor {
    shape: 1
    shape: 1
    values: 0.4064772872794966
  }
}

Response:
{'data': {'names': ['proba'], 'tensor': {'shape': [1, 1], 'values': [0.07514694657784907]}}, 'meta': {'requestPath': {'classifier': 'seldonio/mock_classifier:1.6.0-dev'}}}
Success:True message:
Request:
meta {
}
data {
  tensor {
    shape: 1
    shape: 1
    values: 0.6058439874747877
  }
}

Response:
{'data': {'names': ['proba'], 'tensor': {'shape': [1, 1], 'values': [0.09023058899640629]}}, 'meta': {'requestPath': {'classifier': 'seldonio/mock_classifier:1.6.0-dev'}}}
['0']
[0;31m---------------------------------------------------------------------------[0m
[0;31mAssertionError[0m                            Traceback (most recent call last)
[0;32m/workspace/source/examples/ambassador/headers/ambassador_headers.py[0m in [0;36m<module>[0;34m[0m
[1;32m    197[0m [0;34m[0m[0m
[1;32m    198[0m [0mprint[0m[0;34m([0m[0mdefault_count[0m[0;34m)[0m[0;34m[0m[0;34m[0m[0m
[0;32m--> 199[0;31m [0;32massert[0m[0;34m([0m[0mint[0m[0;34m([0m[0mdefault_count[0m[0;34m[[0m[0;36m0[0m[0;34m][0m[0;34m)[0m [0;34m==[0m [0;36m2[0m[0;34m)[0m[0;34m[0m[0;34m[0m[0m
[0m[1;32m    200[0m [0;34m[0m[0m
[1;32m    201[0m [0;34m[0m[0m

[0;31mAssertionError[0m: 
, stderr:Error from server (AlreadyExists): namespaces "seldon" already exists
/usr/local/lib/python3.6/site-packages/IPython/core/history.py:226: UserWarning: IPython History requires SQLite, your history will not be saved
  warn("IPython History requires SQLite, your history will not be saved")
_____________________ TestNotebooks.test_ambassador_shadow _____________________

self = <test_notebooks.TestNotebooks object at 0x7fb3e8a48748>

    def test_ambassador_shadow(self):
>       create_and_run_script("../../examples/ambassador/shadow", "ambassador_shadow")

test_notebooks.py:73: 
_ _ _ _ _ _ _ _ _ _ _ _ _ _ _ _ _ _ _ _ _ _ _ _ _ _ _ _ _ _ _ _ _ _ _ _ _ _ _ _ 
test_notebooks.py:27: in create_and_run_script
    raise e
test_notebooks.py:20: in create_and_run_script
    encoding="utf-8",
_ _ _ _ _ _ _ _ _ _ _ _ _ _ _ _ _ _ _ _ _ _ _ _ _ _ _ _ _ _ _ _ _ _ _ _ _ _ _ _ 

input = None, timeout = None, check = True
popenargs = ('cd ../../examples/ambassador/shadow && ./ambassador_shadow.py',)
kwargs = {'encoding': 'utf-8', 'shell': True, 'stderr': -1, 'stdout': -1}
process = <subprocess.Popen object at 0x7fb3e8a48208>
stdout = 'Context "kind-kind" modified.\nseldondeployment.machinelearning.seldon.io/example created\nWaiting for deployment "ex...b[0m\x1b[0;34m\x1b[0m\x1b[0m\n\x1b[1;32m    205\x1b[0m \x1b[0;34m\x1b[0m\x1b[0m\n\n\x1b[0;31mAssertionError\x1b[0m: \n'
stderr = 'Error from server (AlreadyExists): namespaces "seldon" already exists\n/usr/local/lib/python3.6/site-packages/IPython...es SQLite, your history will not be saved\n  warn("IPython History requires SQLite, your history will not be saved")\n'
retcode = 1

    def run(*popenargs, input=None, timeout=None, check=False, **kwargs):
        """Run command with arguments and return a CompletedProcess instance.
    
        The returned instance will have attributes args, returncode, stdout and
        stderr. By default, stdout and stderr are not captured, and those attributes
        will be None. Pass stdout=PIPE and/or stderr=PIPE in order to capture them.
    
        If check is True and the exit code was non-zero, it raises a
        CalledProcessError. The CalledProcessError object will have the return code
        in the returncode attribute, and output & stderr attributes if those streams
        were captured.
    
        If timeout is given, and the process takes too long, a TimeoutExpired
        exception will be raised.
    
        There is an optional argument "input", allowing you to
        pass a string to the subprocess's stdin.  If you use this argument
        you may not also use the Popen constructor's "stdin" argument, as
        it will be used internally.
    
        The other arguments are the same as for the Popen constructor.
    
        If universal_newlines=True is passed, the "input" argument must be a
        string and stdout/stderr in the returned object will be strings rather than
        bytes.
        """
        if input is not None:
            if 'stdin' in kwargs:
                raise ValueError('stdin and input arguments may not both be used.')
            kwargs['stdin'] = PIPE
    
        with Popen(*popenargs, **kwargs) as process:
            try:
                stdout, stderr = process.communicate(input, timeout=timeout)
            except TimeoutExpired:
                process.kill()
                stdout, stderr = process.communicate()
                raise TimeoutExpired(process.args, timeout, output=stdout,
                                     stderr=stderr)
            except:
                process.kill()
                process.wait()
                raise
            retcode = process.poll()
            if check and retcode:
                raise CalledProcessError(retcode, process.args,
>                                        output=stdout, stderr=stderr)
E               subprocess.CalledProcessError: Command 'cd ../../examples/ambassador/shadow && ./ambassador_shadow.py' returned non-zero exit status 1.

/usr/local/lib/python3.6/subprocess.py:438: CalledProcessError
------------------------------ Captured log call -------------------------------
ERROR    root:test_notebooks.py:24 failed notebook test ambassador_shadow stdout:Context "kind-kind" modified.
seldondeployment.machinelearning.seldon.io/example created
Waiting for deployment "example-default-0-classifier" rollout to finish: 0 of 1 updated replicas are available...
deployment "example-default-0-classifier" successfully rolled out
seldondeployment.machinelearning.seldon.io/example configured
deployment "example-default-0-classifier" successfully rolled out
Waiting for deployment "example-shadow-0-classifier" rollout to finish: 0 of 1 updated replicas are available...
deployment "example-shadow-0-classifier" successfully rolled out
Success:True message:
Request:
meta {
}
data {
  tensor {
    shape: 1
    shape: 1
    values: 0.8171927903546602
  }
}

Response:
{'data': {'names': ['proba'], 'tensor': {'shape': [1, 1], 'values': [0.10914796815003396]}}, 'meta': {'requestPath': {'classifier': 'seldonio/mock_classifier:1.6.0-dev'}}}
['0']
['0']
[0;31m---------------------------------------------------------------------------[0m
[0;31mAssertionError[0m                            Traceback (most recent call last)
[0;32m/workspace/source/examples/ambassador/shadow/ambassador_shadow.py[0m in [0;36m<module>[0;34m[0m
[1;32m    201[0m [0mprint[0m[0;34m([0m[0mshadow_count[0m[0;34m)[0m[0;34m[0m[0;34m[0m[0m
[1;32m    202[0m [0mprint[0m[0;34m([0m[0mdefault_count[0m[0;34m)[0m[0;34m[0m[0;34m[0m[0m
[0;32m--> 203[0;31m [0;32massert[0m[0;34m([0m[0mint[0m[0;34m([0m[0mshadow_count[0m[0;34m[[0m[0;36m0[0m[0;34m][0m[0;34m)[0m[0;34m==[0m[0;36m10[0m[0;34m)[0m[0;34m[0m[0;34m[0m[0m
[0m[1;32m    204[0m [0;32massert[0m[0;34m([0m[0mint[0m[0;34m([0m[0mdefault_count[0m[0;34m[[0m[0;36m0[0m[0;34m][0m[0;34m)[0m[0;34m==[0m[0;36m11[0m[0;34m)[0m[0;34m[0m[0;34m[0m[0m
[1;32m    205[0m [0;34m[0m[0m

[0;31mAssertionError[0m: 
, stderr:Error from server (AlreadyExists): namespaces "seldon" already exists
/usr/local/lib/python3.6/site-packages/IPython/core/history.py:226: UserWarning: IPython History requires SQLite, your history will not be saved
  warn("IPython History requires SQLite, your history will not be saved")
------------------------------ Captured log call -------------------------------
ERROR    root:test_notebooks.py:24 failed notebook test ambassador_shadow stdout:Context "kind-kind" modified.
seldondeployment.machinelearning.seldon.io/example created
Waiting for deployment "example-default-0-classifier" rollout to finish: 0 of 1 updated replicas are available...
deployment "example-default-0-classifier" successfully rolled out
seldondeployment.machinelearning.seldon.io/example configured
deployment "example-default-0-classifier" successfully rolled out
Waiting for deployment "example-shadow-0-classifier" rollout to finish: 0 of 1 updated replicas are available...
deployment "example-shadow-0-classifier" successfully rolled out
Success:True message:
Request:
meta {
}
data {
  tensor {
    shape: 1
    shape: 1
    values: 0.40569825300442586
  }
}

Response:
{'data': {'names': ['proba'], 'tensor': {'shape': [1, 1], 'values': [0.07509282170360282]}}, 'meta': {'requestPath': {'classifier': 'seldonio/mock_classifier:1.6.0-dev'}}}
['0']
['0']
[0;31m---------------------------------------------------------------------------[0m
[0;31mAssertionError[0m                            Traceback (most recent call last)
[0;32m/workspace/source/examples/ambassador/shadow/ambassador_shadow.py[0m in [0;36m<module>[0;34m[0m
[1;32m    201[0m [0mprint[0m[0;34m([0m[0mshadow_count[0m[0;34m)[0m[0;34m[0m[0;34m[0m[0m
[1;32m    202[0m [0mprint[0m[0;34m([0m[0mdefault_count[0m[0;34m)[0m[0;34m[0m[0;34m[0m[0m
[0;32m--> 203[0;31m [0;32massert[0m[0;34m([0m[0mint[0m[0;34m([0m[0mshadow_count[0m[0;34m[[0m[0;36m0[0m[0;34m][0m[0;34m)[0m[0;34m==[0m[0;36m10[0m[0;34m)[0m[0;34m[0m[0;34m[0m[0m
[0m[1;32m    204[0m [0;32massert[0m[0;34m([0m[0mint[0m[0;34m([0m[0mdefault_count[0m[0;34m[[0m[0;36m0[0m[0;34m][0m[0;34m)[0m[0;34m==[0m[0;36m11[0m[0;34m)[0m[0;34m[0m[0;34m[0m[0m
[1;32m    205[0m [0;34m[0m[0m

[0;31mAssertionError[0m: 
, stderr:Error from server (AlreadyExists): namespaces "seldon" already exists
/usr/local/lib/python3.6/site-packages/IPython/core/history.py:226: UserWarning: IPython History requires SQLite, your history will not be saved
  warn("IPython History requires SQLite, your history will not be saved")
===Flaky Test Report===

test_helm_examples passed 1 out of the required 1 times. Success!
test_explainer_examples passed 1 out of the required 1 times. Success!
test_istio_examples passed 1 out of the required 1 times. Success!
test_max_grpc_msg_size passed 1 out of the required 1 times. Success!
test_multiple_operators passed 1 out of the required 1 times. Success!
test_protocol_examples passed 1 out of the required 1 times. Success!
test_server_examples passed 1 out of the required 1 times. Success!
test_rolling_updates passed 1 out of the required 1 times. Success!
test_ambassador_canary failed (1 runs remaining out of 2).
	<class 'subprocess.CalledProcessError'>
	Command 'cd ../../examples/ambassador/canary && ./ambassador_canary.py' returned non-zero exit status 1.
	[<TracebackEntry /workspace/source/testing/scripts/test_notebooks.py:67>, <TracebackEntry /workspace/source/testing/scripts/test_notebooks.py:27>, <TracebackEntry /workspace/source/testing/scripts/test_notebooks.py:20>, <TracebackEntry /usr/local/lib/python3.6/subprocess.py:438>]
test_ambassador_canary failed; it passed 0 out of the required 1 times.
	<class 'subprocess.CalledProcessError'>
	Command 'cd ../../examples/ambassador/canary && ./ambassador_canary.py' returned non-zero exit status 1.
	[<TracebackEntry /workspace/source/testing/scripts/test_notebooks.py:67>, <TracebackEntry /workspace/source/testing/scripts/test_notebooks.py:27>, <TracebackEntry /workspace/source/testing/scripts/test_notebooks.py:20>, <TracebackEntry /usr/local/lib/python3.6/subprocess.py:438>]
test_ambassador_headers failed (1 runs remaining out of 2).
	<class 'subprocess.CalledProcessError'>
	Command 'cd ../../examples/ambassador/headers && ./ambassador_headers.py' returned non-zero exit status 1.
	[<TracebackEntry /workspace/source/testing/scripts/test_notebooks.py:70>, <TracebackEntry /workspace/source/testing/scripts/test_notebooks.py:27>, <TracebackEntry /workspace/source/testing/scripts/test_notebooks.py:20>, <TracebackEntry /usr/local/lib/python3.6/subprocess.py:438>]
test_ambassador_headers failed; it passed 0 out of the required 1 times.
	<class 'subprocess.CalledProcessError'>
	Command 'cd ../../examples/ambassador/headers && ./ambassador_headers.py' returned non-zero exit status 1.
	[<TracebackEntry /workspace/source/testing/scripts/test_notebooks.py:70>, <TracebackEntry /workspace/source/testing/scripts/test_notebooks.py:27>, <TracebackEntry /workspace/source/testing/scripts/test_notebooks.py:20>, <TracebackEntry /usr/local/lib/python3.6/subprocess.py:438>]
test_ambassador_shadow failed (1 runs remaining out of 2).
	<class 'subprocess.CalledProcessError'>
	Command 'cd ../../examples/ambassador/shadow && ./ambassador_shadow.py' returned non-zero exit status 1.
	[<TracebackEntry /workspace/source/testing/scripts/test_notebooks.py:73>, <TracebackEntry /workspace/source/testing/scripts/test_notebooks.py:27>, <TracebackEntry /workspace/source/testing/scripts/test_notebooks.py:20>, <TracebackEntry /usr/local/lib/python3.6/subprocess.py:438>]
test_ambassador_shadow failed; it passed 0 out of the required 1 times.
	<class 'subprocess.CalledProcessError'>
	Command 'cd ../../examples/ambassador/shadow && ./ambassador_shadow.py' returned non-zero exit status 1.
	[<TracebackEntry /workspace/source/testing/scripts/test_notebooks.py:73>, <TracebackEntry /workspace/source/testing/scripts/test_notebooks.py:27>, <TracebackEntry /workspace/source/testing/scripts/test_notebooks.py:20>, <TracebackEntry /usr/local/lib/python3.6/subprocess.py:438>]
test_ambassador_custom passed 1 out of the required 1 times. Success!
test_keda_prom_auto_scale passed 1 out of the required 1 times. Success!
test_metrics passed 1 out of the required 1 times. Success!
test_metadata passed 1 out of the required 1 times. Success!
test_graph_metadata passed 1 out of the required 1 times. Success!
test_grpc_metadata passed 1 out of the required 1 times. Success!
test_payload_logging passed 1 out of the required 1 times. Success!
test_custom_metrics passed 1 out of the required 1 times. Success!
test_autoscaling passed 1 out of the required 1 times. Success!
test_scaling passed 1 out of the required 1 times. Success!
test_jsondata passed 1 out of the required 1 times. Success!
test_sklearn_iris passed 1 out of the required 1 times. Success!
test_custom_metrics_server passed 1 out of the required 1 times. Success!
test_upgrade passed 1 out of the required 1 times. Success!
test_disruption_budgets passed 1 out of the required 1 times. Success!

===End Flaky Test Report===
================== 3 failed, 23 passed in 9858.39s (2:44:18) ===================
make: *** [Makefile:177: test_notebooks] Error 1
Test returned errors
kind delete cluster
Deleting cluster "kind" ...
Stopping Docker: dockerProgram process in pidfile '/var/run/docker-ssd.pid', 1 process(es), refused to die.
[31m
Pipeline failed on stage 'end-to-end' : container 'step-test-end-to-end'. The execution of the pipeline has stopped.[0m
