
Showing logs for build [32mseldonio-seldon-core-pr-1633-no-r74sr-6[0m stage [32mpr-build-comment[0m and container [32mstep-credential-initializer-zsn6c[0m
{"level":"warn","ts":1585518089.9140155,"logger":"fallback-logger","caller":"logging/config.go:69","msg":"Fetch GitHub commit ID from kodata failed: \"ref: refs/heads/0.8.0-**-support-backwards-incompats\" is not a valid GitHub commit ID"}
{"level":"info","ts":1585518089.914381,"logger":"fallback-logger","caller":"creds-init/main.go:40","msg":"Credentials initialized."}

Showing logs for build [32mseldonio-seldon-core-pr-1633-no-r74sr-6[0m stage [32mpr-build-comment[0m and container [32mstep-working-dir-initializer-6ld7h[0m
{"level":"warn","ts":1585518090.7217402,"logger":"fallback-logger","caller":"logging/config.go:69","msg":"Fetch GitHub commit ID from kodata failed: open /var/run/ko/HEAD: no such file or directory"}
{"level":"info","ts":1585518090.7338254,"logger":"fallback-logger","caller":"bash/main.go:64","msg":"Successfully executed command \"sh -c mkdir -p /workspace/source\"; output "}

Showing logs for build [32mseldonio-seldon-core-pr-1633-no-r74sr-6[0m stage [32mpr-build-comment[0m and container [32mstep-place-tools[0m

Showing logs for build [32mseldonio-seldon-core-pr-1633-no-r74sr-6[0m stage [32mpr-build-comment[0m and container [32mstep-create-dir-workspace-6cjhz[0m
{"level":"warn","ts":1585518098.747842,"logger":"fallback-logger","caller":"logging/config.go:69","msg":"Fetch GitHub commit ID from kodata failed: open /var/run/ko/HEAD: no such file or directory"}
{"level":"info","ts":1585518098.749497,"logger":"fallback-logger","caller":"bash/main.go:64","msg":"Successfully executed command \"sh -c mkdir -p source\"; output "}

Showing logs for build [32mseldonio-seldon-core-pr-1633-no-r74sr-6[0m stage [32mpr-build-comment[0m and container [32mstep-git-source-seldonio-seldon-core-pr-1633-no-jjpn4[0m
{"level":"warn","ts":1585518099.084138,"logger":"fallback-logger","caller":"logging/config.go:69","msg":"Fetch GitHub commit ID from kodata failed: \"ref: refs/heads/0.8.0-**-support-backwards-incompats\" is not a valid GitHub commit ID"}
{"level":"info","ts":1585518103.2317135,"logger":"fallback-logger","caller":"git/git.go:103","msg":"Successfully cloned https://github.com/SeldonIO/seldon-core.git @ master in path /workspace/source"}

Showing logs for build [32mseldonio-seldon-core-pr-1633-no-r74sr-6[0m stage [32mpr-build-comment[0m and container [32mstep-git-merge[0m
Using SHAs from PULL_REFS=master:d21f34f7e0a230e5a8cbaaa57da6584a49bd6179,1633:cf0744a0a878a82e605dfec61a20e3dc26a226d7
DEBUG: ran git fetch --unshallow origin cf0744a0a878a82e605dfec61a20e3dc26a226d7: d21f34f7e0a230e5a8cbaaa57da6584a49bd6179: in 
DEBUG: ran git checkout master in 
DEBUG: ran git reset --hard d21f34f7e0a230e5a8cbaaa57da6584a49bd6179 in 
DEBUG: ran clean --force -d . in 
DEBUG: ran git merge cf0744a0a878a82e605dfec61a20e3dc26a226d7 in 
Merged SHA cf0744a0a878a82e605dfec61a20e3dc26a226d7 with commit message 'lint' into base branch master
Merged SHA 4c963a4bf808578c61a6332db304b37fb047d009 with commit message 'update helm crd' into base branch master
Merged SHA 0c7f91a6423c6b1cbc2352d1639f9a6fdc51fc8d with commit message 'Update Autoscaling notebook and test' into base branch master
Merged SHA 73be09698ac75362d724b1fb5441f642b9740150 with commit message 'Merge branch 'master' into 1592_scale_subresource' into base branch master
Merged SHA 40d9dea5a5684c09b95f4036e0f53755f5d102e1 with commit message 'update replicas' into base branch master
Merged SHA d14a9121abc5cdf67f46f83a9be8ed35b55b45e9 with commit message 'Merge branch 'master' into 1592_scale_subresource' into base branch master
Merged SHA cd2835865e1bc7c90aaca7d864f165a486f877a9 with commit message 'Merge branch 'master' into 1592_scale_subresource' into base branch master
Merged SHA 4c58f91f99ca73bffd60e7a10a4ecb572b52d2e2 with commit message 'initial scale commit' into base branch master

Showing logs for build [32mseldonio-seldon-core-pr-1633-no-r74sr-6[0m stage [32mpr-build-comment[0m and container [32mstep-step2[0m
+++ dirname ./add-pr-build-comment
++ cd .
++ pwd
+ STARTUP_DIR=/workspace/source/ci
+ REPO_OWNER=SeldonIO
+ REPO_NAME=seldon-core
+ PULL_NUMBER=1633
+ BUILD_NUMBER=6
+ PIPELINE_CONTEXT=notebooks
++ cat
+++ date
+ COMMENT_MSG='Sun Mar 29 21:41:50 UTC 2020
The logs for [notebooks] [6] will show after the pipeline context has finished.  
https://github.com/SeldonIO/seldon-core/blob/gh-pages/jenkins-x/logs/SeldonIO/seldon-core/PR-1633/6.log

impatient try  
** get build logs SeldonIO/seldon-core/PR-1633 --build=6'
+ ** step pr comment --owner=SeldonIO --repository=seldon-core --pull-request=1633 '--comment=Sun Mar 29 21:41:50 UTC 2020
The logs for [notebooks] [6] will show after the pipeline context has finished.  
https://github.com/SeldonIO/seldon-core/blob/gh-pages/jenkins-x/logs/SeldonIO/seldon-core/PR-1633/6.log

impatient try  
** get build logs SeldonIO/seldon-core/PR-1633 --build=6'

Showing logs for build [32mseldonio-seldon-core-pr-1633-no-r74sr-6[0m stage [32mpr-build-comment[0m and container [32mstep-source-mkdir-seldonio-seldon-core-pr-1633-no-m52bs[0m
{"level":"warn","ts":1585518113.3463125,"logger":"fallback-logger","caller":"logging/config.go:69","msg":"Fetch GitHub commit ID from kodata failed: open /var/run/ko/HEAD: no such file or directory"}
{"level":"info","ts":1585518113.35201,"logger":"fallback-logger","caller":"bash/main.go:64","msg":"Successfully executed command \"sh -c mkdir -p /pvc/pr-build-comment/workspace\"; output "}

Showing logs for build [32mseldonio-seldon-core-pr-1633-no-r74sr-6[0m stage [32mpr-build-comment[0m and container [32mstep-source-copy-seldonio-seldon-core-pr-1633-no-zvgfm[0m
{"level":"warn","ts":1585518113.7232082,"logger":"fallback-logger","caller":"logging/config.go:69","msg":"Fetch GitHub commit ID from kodata failed: open /var/run/ko/HEAD: no such file or directory"}
{"level":"info","ts":1585518114.1898303,"logger":"fallback-logger","caller":"bash/main.go:64","msg":"Successfully executed command \"sh -c cp -r source/. /pvc/pr-build-comment/workspace\"; output "}

Showing logs for build [32mseldonio-seldon-core-pr-1633-no-r74sr-6[0m stage [32mend-to-end[0m and container [32mstep-credential-initializer-jvn6p[0m
{"level":"warn","ts":1585518118.0605848,"logger":"fallback-logger","caller":"logging/config.go:69","msg":"Fetch GitHub commit ID from kodata failed: \"ref: refs/heads/0.8.0-**-support-backwards-incompats\" is not a valid GitHub commit ID"}
{"level":"info","ts":1585518118.0612955,"logger":"fallback-logger","caller":"creds-init/main.go:40","msg":"Credentials initialized."}

Showing logs for build [32mseldonio-seldon-core-pr-1633-no-r74sr-6[0m stage [32mend-to-end[0m and container [32mstep-working-dir-initializer-nw4df[0m
{"level":"warn","ts":1585518119.7728224,"logger":"fallback-logger","caller":"logging/config.go:69","msg":"Fetch GitHub commit ID from kodata failed: open /var/run/ko/HEAD: no such file or directory"}
{"level":"info","ts":1585518119.7809532,"logger":"fallback-logger","caller":"bash/main.go:64","msg":"Successfully executed command \"sh -c mkdir -p /workspace/source\"; output "}

Showing logs for build [32mseldonio-seldon-core-pr-1633-no-r74sr-6[0m stage [32mend-to-end[0m and container [32mstep-place-tools[0m

Showing logs for build [32mseldonio-seldon-core-pr-1633-no-r74sr-6[0m stage [32mend-to-end[0m and container [32mstep-create-dir-workspace-tznqb[0m
{"level":"warn","ts":1585518126.4361858,"logger":"fallback-logger","caller":"logging/config.go:69","msg":"Fetch GitHub commit ID from kodata failed: open /var/run/ko/HEAD: no such file or directory"}
{"level":"info","ts":1585518126.4377606,"logger":"fallback-logger","caller":"bash/main.go:64","msg":"Successfully executed command \"sh -c mkdir -p /workspace/source\"; output "}

Showing logs for build [32mseldonio-seldon-core-pr-1633-no-r74sr-6[0m stage [32mend-to-end[0m and container [32mstep-source-copy-workspace-g59tg[0m
{"level":"warn","ts":1585518126.7302446,"logger":"fallback-logger","caller":"logging/config.go:69","msg":"Fetch GitHub commit ID from kodata failed: open /var/run/ko/HEAD: no such file or directory"}
{"level":"info","ts":1585518127.0434134,"logger":"fallback-logger","caller":"bash/main.go:64","msg":"Successfully executed command \"sh -c cp -r /pvc/pr-build-comment/workspace/. /workspace/source\"; output "}

Showing logs for build [32mseldonio-seldon-core-pr-1633-no-r74sr-6[0m stage [32mend-to-end[0m and container [32mstep-test-end-to-end[0m
Test run type is: [notebooks]
Starting Docker: docker.
[SETUP] Waiting for Docker to be ready, sleeping for 1 seconds ...
kind create cluster --config ../resources/kind_config.yaml
Creating cluster "kind" ...
 â€¢ Ensuring node image (kindest/node:v1.16.3) ðŸ–¼  ...
 âœ“ Ensuring node image (kindest/node:v1.16.3) ðŸ–¼
 â€¢ Preparing nodes ðŸ“¦  ...
 âœ“ Preparing nodes ðŸ“¦
 â€¢ Writing configuration ðŸ“œ  ...
 âœ“ Writing configuration ðŸ“œ
 â€¢ Starting control-plane ðŸ•¹ï¸  ...
 âœ“ Starting control-plane ðŸ•¹ï¸
 â€¢ Installing CNI ðŸ”Œ  ...
 âœ“ Installing CNI ðŸ”Œ
 â€¢ Installing StorageClass ðŸ’¾  ...
 âœ“ Installing StorageClass ðŸ’¾
 â€¢ Joining worker nodes ðŸšœ  ...
 âœ“ Joining worker nodes ðŸšœ
Set kubectl context to "kind-kind"
You can now use your cluster with:

kubectl cluster-info --context kind-kind

Thanks for using kind! ðŸ˜Š
`kind get kubeconfig-path` is deprecated!

KIND will export and merge kubeconfig like kops, minikube, etc.
This command is now unnecessary and will be removed in a future release.

For more info see: https://github.com/kubernetes-sigs/kind/issues/1060
See also the output of `kind create cluster`

Files changed in python folder:
SKIPPING PYTHON IMAGE BUILD...
Files changed in operator folder:
operator/apis/machinelearning/v1/seldondeployment_types.go
operator/apis/machinelearning/v1/zz_generated.deepcopy.go
operator/apis/machinelearning/v1alpha2/seldondeployment_types.go
operator/apis/machinelearning/v1alpha3/seldondeployment_types.go
operator/config/crd/bases/machinelearning.seldon.io_seldondeployments.yaml
operator/controllers/seldondeployment_controller.go
operator/controllers/seldondeployment_engine.go
operator/testing/machinelearning.seldon.io_seldondeployments.yaml
cd ../../operator && make kind-image-install
make[1]: Entering directory '/workspace/source/operator'
go: creating new go.mod: module tmp
go: finding sigs.k8s.io v0.2.5
go: finding sigs.k8s.io/controller-tools/cmd/controller-gen v0.2.5
go: finding sigs.k8s.io/controller-tools v0.2.5
go: finding sigs.k8s.io/controller-tools/cmd v0.2.5
go: downloading sigs.k8s.io/controller-tools v0.2.5
go: extracting sigs.k8s.io/controller-tools v0.2.5
go: downloading github.com/spf13/cobra v0.0.5
go: downloading golang.org/x/tools v0.0.0-20190920225731-5eefd052ad72
go: downloading k8s.io/api v0.17.0
go: downloading k8s.io/apimachinery v0.17.0
go: downloading sigs.k8s.io/yaml v1.1.0
go: downloading gopkg.in/yaml.v3 v3.0.0-20190905181640-827449938966
go: downloading k8s.io/apiextensions-apiserver v0.17.0
go: extracting sigs.k8s.io/yaml v1.1.0
go: downloading gopkg.in/yaml.v2 v2.2.4
go: extracting github.com/spf13/cobra v0.0.5
go: extracting gopkg.in/yaml.v3 v3.0.0-20190905181640-827449938966
go: downloading github.com/gobuffalo/flect v0.2.0
go: extracting gopkg.in/yaml.v2 v2.2.4
go: extracting github.com/gobuffalo/flect v0.2.0
go: downloading github.com/spf13/pflag v1.0.5
go: extracting k8s.io/apiextensions-apiserver v0.17.0
go: extracting github.com/spf13/pflag v1.0.5
go: extracting k8s.io/apimachinery v0.17.0
go: downloading github.com/inconshreveable/mousetrap v1.0.0
go: extracting github.com/inconshreveable/mousetrap v1.0.0
go: downloading github.com/fatih/color v1.7.0
go: extracting github.com/fatih/color v1.7.0
go: downloading github.com/gogo/protobuf v1.2.2-0.20190723190241-65acae22fc9d
go: downloading github.com/mattn/go-isatty v0.0.8
go: downloading github.com/mattn/go-colorable v0.1.2
go: downloading github.com/google/gofuzz v1.0.0
go: extracting github.com/mattn/go-isatty v0.0.8
go: downloading golang.org/x/net v0.0.0-20191004110552-13f9640d40b9
go: downloading gopkg.in/inf.v0 v0.9.1
go: downloading golang.org/x/sys v0.0.0-20190826190057-c7b8b68b1456
go: extracting github.com/mattn/go-colorable v0.1.2
go: downloading k8s.io/klog v1.0.0
go: extracting github.com/google/gofuzz v1.0.0
go: extracting gopkg.in/inf.v0 v0.9.1
go: downloading k8s.io/utils v0.0.0-20191114184206-e782cd3c129f
go: extracting k8s.io/klog v1.0.0
go: extracting k8s.io/utils v0.0.0-20191114184206-e782cd3c129f
go: extracting golang.org/x/tools v0.0.0-20190920225731-5eefd052ad72
go: extracting golang.org/x/net v0.0.0-20191004110552-13f9640d40b9
go: extracting k8s.io/api v0.17.0
go: extracting golang.org/x/sys v0.0.0-20190826190057-c7b8b68b1456
go: extracting github.com/gogo/protobuf v1.2.2-0.20190723190241-65acae22fc9d
go: downloading golang.org/x/text v0.3.2
go: extracting golang.org/x/text v0.3.2
go: finding github.com/spf13/cobra v0.0.5
go: finding k8s.io/api v0.17.0
go: finding golang.org/x/tools v0.0.0-20190920225731-5eefd052ad72
go: finding k8s.io/apimachinery v0.17.0
go: finding github.com/gobuffalo/flect v0.2.0
go: finding github.com/fatih/color v1.7.0
go: finding gopkg.in/yaml.v3 v3.0.0-20190905181640-827449938966
go: finding k8s.io/apiextensions-apiserver v0.17.0
go: finding sigs.k8s.io/yaml v1.1.0
go: finding github.com/spf13/pflag v1.0.5
go: finding github.com/mattn/go-isatty v0.0.8
go: finding github.com/mattn/go-colorable v0.1.2
go: finding github.com/gogo/protobuf v1.2.2-0.20190723190241-65acae22fc9d
go: finding gopkg.in/inf.v0 v0.9.1
go: finding github.com/google/gofuzz v1.0.0
go: finding k8s.io/klog v1.0.0
go: finding gopkg.in/yaml.v2 v2.2.4
go: finding k8s.io/utils v0.0.0-20191114184206-e782cd3c129f
go: finding golang.org/x/sys v0.0.0-20190826190057-c7b8b68b1456
go: finding golang.org/x/net v0.0.0-20191004110552-13f9640d40b9
go: finding golang.org/x/text v0.3.2
/builder/home/go/bin/controller-gen object:headerFile=./hack/boilerplate.go.txt paths="./..."
go fmt ./...
go vet ./...
go: downloading github.com/onsi/ginkgo v1.11.0
go: downloading github.com/onsi/gomega v1.8.1
go: downloading github.com/Azure/go-autorest/autorest v0.9.2
go: downloading github.com/gophercloud/gophercloud v0.4.0
go: extracting github.com/onsi/ginkgo v1.11.0
go: extracting github.com/Azure/go-autorest/autorest v0.9.2
go: extracting github.com/onsi/gomega v1.8.1
go: downloading github.com/Azure/go-autorest/autorest/adal v0.7.0
go: downloading github.com/Azure/go-autorest/tracing v0.5.0
go: extracting github.com/Azure/go-autorest/autorest/adal v0.7.0
go: extracting github.com/Azure/go-autorest/tracing v0.5.0
go: downloading github.com/dgrijalva/jwt-go v3.2.0+incompatible
go: downloading github.com/Azure/go-autorest/logger v0.1.0
go: extracting github.com/dgrijalva/jwt-go v3.2.0+incompatible
go: extracting github.com/Azure/go-autorest/logger v0.1.0
go: downloading github.com/Azure/go-autorest/autorest/date v0.2.0
go: downloading golang.org/x/xerrors v0.0.0-20190717185122-a985d3407aa7
go: extracting github.com/Azure/go-autorest/autorest/date v0.2.0
go: downloading github.com/hpcloud/tail v1.0.0
go: extracting golang.org/x/xerrors v0.0.0-20190717185122-a985d3407aa7
go: extracting github.com/hpcloud/tail v1.0.0
go: downloading gopkg.in/tomb.v1 v1.0.0-20141024135613-dd632973f1e7
go: extracting gopkg.in/tomb.v1 v1.0.0-20141024135613-dd632973f1e7
go: extracting github.com/gophercloud/gophercloud v0.4.0
/builder/home/go/bin/controller-gen "crd:trivialVersions=true" rbac:roleName=manager-role webhook paths="./..." output:crd:artifacts:config=config/crd/bases
rm -rf generated
mkdir generated
kustomize build config/default/ -o generated
cp generated/apiextensions.k8s.io_v1beta1_customresourcedefinition_seldondeployments.machinelearning.seldon.io.yaml testing/machinelearning.seldon.io_seldondeployments.yaml
go test ./controllers/... ./apis/...  -coverprofile cover.out
ok  	github.com/seldonio/seldon-core/operator/controllers	18.204s	coverage: 50.2% of statements
?   	github.com/seldonio/seldon-core/operator/controllers/resources/credentials	[no test files]
ok  	github.com/seldonio/seldon-core/operator/controllers/resources/credentials/gcs	0.027s	coverage: 100.0% of statements
ok  	github.com/seldonio/seldon-core/operator/controllers/resources/credentials/s3	0.012s	coverage: 94.6% of statements
ok  	github.com/seldonio/seldon-core/operator/apis/machinelearning/v1	0.026s	coverage: 39.1% of statements
?   	github.com/seldonio/seldon-core/operator/apis/machinelearning/v1alpha2	[no test files]
?   	github.com/seldonio/seldon-core/operator/apis/machinelearning/v1alpha3	[no test files]
docker build . -t seldonio/seldon-core-operator:1.0.3-SNAPSHOT
Sending build context to Docker daemon  3.112MB
Step 1/17 : FROM golang:1.13.2 as builder
1.13.2: Pulling from library/golang
c7b7d16361e0: Pulling fs layer
b7a128769df1: Pulling fs layer
1128949d0793: Pulling fs layer
667692510b70: Pulling fs layer
c70d80036479: Pulling fs layer
a8669f8c1a42: Pulling fs layer
433331673060: Pulling fs layer
a8669f8c1a42: Waiting
c70d80036479: Waiting
667692510b70: Waiting
b7a128769df1: Verifying Checksum
b7a128769df1: Download complete
1128949d0793: Verifying Checksum
1128949d0793: Download complete
c7b7d16361e0: Verifying Checksum
c7b7d16361e0: Download complete
667692510b70: Verifying Checksum
667692510b70: Download complete
c70d80036479: Verifying Checksum
c70d80036479: Download complete
433331673060: Verifying Checksum
433331673060: Download complete
a8669f8c1a42: Verifying Checksum
a8669f8c1a42: Download complete
c7b7d16361e0: Pull complete
b7a128769df1: Pull complete
1128949d0793: Pull complete
667692510b70: Pull complete
c70d80036479: Pull complete
a8669f8c1a42: Pull complete
433331673060: Pull complete
Digest: sha256:b3086f21bfbe896973dd6147b46f2736a7deb2c04ed76219835befa0244a9562
Status: Downloaded newer image for golang:1.13.2
 ---> e37698ff7351
Step 2/17 : WORKDIR /workspace
 ---> Running in 6f7a3a0bbf54
Removing intermediate container 6f7a3a0bbf54
 ---> 778045635b23
Step 3/17 : COPY go.mod go.mod
 ---> bdb34ecfb7b0
Step 4/17 : COPY go.sum go.sum
 ---> 35d6785a605a
Step 5/17 : RUN go mod download
 ---> Running in e09ac90d2b25
[91mgo: finding cloud.google.com/go v0.38.0
[0m[91mgo: finding github.com/Azure/go-ansiterm v0.0.0-20170929234023-d6e3b3328b78
[0m[91mgo: finding github.com/Azure/go-autorest/autorest v0.9.2
[0m[91mgo: finding github.com/Azure/go-autorest/autorest/adal v0.7.0
[0m[91mgo: finding github.com/Azure/go-autorest/autorest/date v0.2.0
[0m[91mgo: finding github.com/Azure/go-autorest/autorest/mocks v0.3.0
[0m[91mgo: finding github.com/Azure/go-autorest/logger v0.1.0
[0m[91mgo: finding github.com/Azure/go-autorest/tracing v0.5.0
[0m[91mgo: finding github.com/BurntSushi/toml v0.3.1
[0m[91mgo: finding github.com/BurntSushi/xgb v0.0.0-20160522181843-27f122750802
[0m[91mgo: finding github.com/NYTimes/gziphandler v0.0.0-20170623195520-56545f4a5d46
[0m[91mgo: finding github.com/PuerkitoBio/purell v1.1.1
[0m[91mgo: finding github.com/PuerkitoBio/urlesc v0.0.0-20170810143723-de5bf2ad4578
[0m[91mgo: finding github.com/agnivade/levenshtein v1.0.1
[0m[91mgo: finding github.com/alecthomas/template v0.0.0-20160405071501-a0175ee3bccc
[0m[91mgo: finding github.com/alecthomas/units v0.0.0-20151022065526-2efee857e7cf
[0m[91mgo: finding github.com/andreyvit/diff v0.0.0-20170406064948-c7f18ee00883
[0m[91mgo: finding github.com/armon/consul-api v0.0.0-20180202201655-eb2c6b5be1b6
[0m[91mgo: finding github.com/asaskevich/govalidator v0.0.0-20190424111038-f61b66f89f4a
[0m[91mgo: finding github.com/beorn7/perks v1.0.0
[0m[91mgo: finding github.com/bgentry/speakeasy v0.1.0
[0m[91mgo: finding github.com/blang/semver v3.5.0+incompatible
[0m[91mgo: finding github.com/client9/misspell v0.3.4
[0m[91mgo: finding github.com/cockroachdb/datadriven v0.0.0-20190809214429-80d97fb3cbaa
[0m[91mgo: finding github.com/coreos/etcd v3.3.10+incompatible
[0m[91mgo: finding github.com/coreos/go-etcd v2.0.0+incompatible
[0m[91mgo: finding github.com/coreos/go-oidc v2.1.0+incompatible
[0m[91mgo: finding github.com/coreos/go-semver v0.3.0
[0m[91mgo: finding github.com/coreos/go-systemd v0.0.0-20190321100706-95778dfbb74e
[0m[91mgo: finding github.com/coreos/pkg v0.0.0-20180108230652-97fdf19511ea
[0m[91mgo: finding github.com/cpuguy83/go-md2man v1.0.10
[0m[91mgo: finding github.com/creack/pty v1.1.7
[0m[91mgo: finding github.com/davecgh/go-spew v1.1.1
[0m[91mgo: finding github.com/dgrijalva/jwt-go v3.2.0+incompatible
[0m[91mgo: finding github.com/docker/docker v0.7.3-0.20190327010347-be7ac8be2ae0
[0m[91mgo: finding github.com/docker/go-units v0.4.0
[0m[91mgo: finding github.com/docker/spdystream v0.0.0-20160310174837-449fdfce4d96
[0m[91mgo: finding github.com/docopt/docopt-go v0.0.0-20180111231733-ee0de3bc6815
[0m[91mgo: finding github.com/dustin/go-humanize v1.0.0
[0m[91mgo: finding github.com/elazarl/goproxy v0.0.0-20170405201442-c4fc26588b6e
[0m[91mgo: finding github.com/emicklei/go-restful v2.9.5+incompatible
[0m[91mgo: finding github.com/evanphx/json-patch v4.5.0+incompatible
[0m[91mgo: finding github.com/fatih/color v1.7.0
[0m[91mgo: finding github.com/fsnotify/fsnotify v1.4.7
[0m[91mgo: finding github.com/ghodss/yaml v1.0.0
[0m[91mgo: finding github.com/globalsign/mgo v0.0.0-20181015135952-eeefdecb41b8
[0m[91mgo: finding github.com/go-kit/kit v0.8.0
[0m[91mgo: finding github.com/go-logfmt/logfmt v0.3.0
[0m[91mgo: finding github.com/go-logr/logr v0.1.0
[0m[91mgo: finding github.com/go-logr/zapr v0.1.0
[0m[91mgo: finding github.com/go-openapi/analysis v0.19.5
[0m[91mgo: finding github.com/go-openapi/errors v0.19.2
[0m[91mgo: finding github.com/go-openapi/jsonpointer v0.19.3
[0m[91mgo: finding github.com/go-openapi/jsonreference v0.19.3
[0m[91mgo: finding github.com/go-openapi/loads v0.19.4
[0m[91mgo: finding github.com/go-openapi/runtime v0.19.4
[0m[91mgo: finding github.com/go-openapi/spec v0.19.3
[0m[91mgo: finding github.com/go-openapi/strfmt v0.19.3
[0m[91mgo: finding github.com/go-openapi/swag v0.19.5
[0m[91mgo: finding github.com/go-openapi/validate v0.19.5
[0m[91mgo: finding github.com/go-stack/stack v1.8.0
[0m[91mgo: finding github.com/gogo/protobuf v1.3.1
[0m[91mgo: finding github.com/golang/glog v0.0.0-20160126235308-23def4e6c14b
[0m[91mgo: finding github.com/golang/groupcache v0.0.0-20190702054246-869f871628b6
[0m[91mgo: finding github.com/golang/mock v1.2.0
[0m[91mgo: finding github.com/golang/protobuf v1.3.2
[0m[91mgo: finding github.com/google/btree v1.0.0
[0m[91mgo: finding github.com/google/go-cmp v0.3.1
[0m[91mgo: finding github.com/google/gofuzz v1.0.0
[0m[91mgo: finding github.com/google/martian v2.1.0+incompatible
[0m[91mgo: finding github.com/google/pprof v0.0.0-20181206194817-3ea8567a2e57
[0m[91mgo: finding github.com/google/uuid v1.1.1
[0m[91mgo: finding github.com/googleapis/gax-go/v2 v2.0.4
[0m[91mgo: finding github.com/googleapis/gnostic v0.3.1
[0m[91mgo: finding github.com/gophercloud/gophercloud v0.4.0
[0m[91mgo: finding github.com/gorilla/websocket v1.4.0
[0m[91mgo: finding github.com/gregjones/httpcache v0.0.0-20180305231024-9cad4c3443a7
[0m[91mgo: finding github.com/grpc-ecosystem/go-grpc-middleware v1.0.1-0.20190118093823-f849b5445de4
[0m[91mgo: finding github.com/grpc-ecosystem/go-grpc-prometheus v1.2.0
[0m[91mgo: finding github.com/grpc-ecosystem/grpc-gateway v1.9.5
[0m[91mgo: finding github.com/hashicorp/golang-lru v0.5.4
[0m[91mgo: finding github.com/hashicorp/hcl v1.0.0
[0m[91mgo: finding github.com/hpcloud/tail v1.0.0
[0m[91mgo: finding github.com/imdario/mergo v0.3.7
[0m[91mgo: finding github.com/inconshreveable/mousetrap v1.0.0
[0m[91mgo: finding github.com/jonboulle/clockwork v0.1.0
[0m[91mgo: finding github.com/json-iterator/go v1.1.9
[0m[91mgo: finding github.com/jstemmer/go-junit-report v0.0.0-20190106144839-af01ea7f8024
[0m[91mgo: finding github.com/julienschmidt/httprouter v1.2.0
[0m[91mgo: finding github.com/kisielk/errcheck v1.2.0
[0m[91mgo: finding github.com/kisielk/gotool v1.0.0
[0m[91mgo: finding github.com/konsorten/go-windows-terminal-sequences v1.0.1
[0m[91mgo: finding github.com/kr/logfmt v0.0.0-20140226030751-b84e30acd515
[0m[91mgo: finding github.com/kr/pretty v0.1.0
[0m[91mgo: finding github.com/kr/pty v1.1.5
[0m[91mgo: finding github.com/kr/text v0.1.0
[0m[91mgo: finding github.com/magiconair/properties v1.8.0
[0m[91mgo: finding github.com/mailru/easyjson v0.7.0
[0m[91mgo: finding github.com/mattn/go-colorable v0.0.9
[0m[91mgo: finding github.com/mattn/go-isatty v0.0.4
[0m[91mgo: finding github.com/mattn/go-runewidth v0.0.2
[0m[91mgo: finding github.com/matttproud/golang_protobuf_extensions v1.0.1
[0m[91mgo: finding github.com/mitchellh/go-homedir v1.1.0
[0m[91mgo: finding github.com/mitchellh/mapstructure v1.1.2
[0m[91mgo: finding github.com/modern-go/concurrent v0.0.0-20180306012644-bacd9c7ef1dd
[0m[91mgo: finding github.com/modern-go/reflect2 v1.0.1
[0m[91mgo: finding github.com/munnerz/goautoneg v0.0.0-20191010083416-a7dc8b61c822
[0m[91mgo: finding github.com/mwitkow/go-conntrack v0.0.0-20161129095857-cc309e4a2223
[0m[91mgo: finding github.com/mxk/go-flowrate v0.0.0-20140419014527-cca7078d478f
[0m[91mgo: finding github.com/olekukonko/tablewriter v0.0.0-20170122224234-a0225b3f23b5
[0m[91mgo: finding github.com/onsi/ginkgo v1.11.0
[0m[91mgo: finding github.com/onsi/gomega v1.8.1
[0m[91mgo: finding github.com/pborman/uuid v1.2.0
[0m[91mgo: finding github.com/pelletier/go-toml v1.2.0
[0m[91mgo: finding github.com/peterbourgon/diskv v2.0.1+incompatible
[0m[91mgo: finding github.com/pkg/errors v0.8.1
[0m[91mgo: finding github.com/pmezard/go-difflib v1.0.0
[0m[91mgo: finding github.com/pquerna/cachecontrol v0.0.0-20171018203845-0dec1b30a021
[0m[91mgo: finding github.com/prometheus/client_golang v1.0.0
[0m[91mgo: finding github.com/prometheus/client_model v0.0.0-20190129233127-fd36f4220a90
[0m[91mgo: finding github.com/prometheus/common v0.4.1
[0m[91mgo: finding github.com/prometheus/procfs v0.0.2
[0m[91mgo: finding github.com/remyoudompheng/bigfft v0.0.0-20170806203942-52369c62f446
[0m[91mgo: finding github.com/rogpeppe/fastuuid v0.0.0-20150106093220-6724a57986af
[0m[91mgo: finding github.com/russross/blackfriday v1.5.2
[0m[91mgo: finding github.com/sergi/go-diff v1.0.0
[0m[91mgo: finding github.com/sirupsen/logrus v1.4.2
[0m[91mgo: finding github.com/soheilhy/cmux v0.1.4
[0m[91mgo: finding github.com/spf13/afero v1.2.2
[0m[91mgo: finding github.com/spf13/cast v1.3.0
[0m[91mgo: finding github.com/spf13/cobra v0.0.5
[0m[91mgo: finding github.com/spf13/jwalterweatherman v1.0.0
[0m[91mgo: finding github.com/spf13/pflag v1.0.5
[0m[91mgo: finding github.com/spf13/viper v1.3.2
[0m[91mgo: finding github.com/stretchr/ob** v0.2.0
[0m[91mgo: finding github.com/stretchr/testify v1.4.0
[0m[91mgo: finding github.com/tidwall/pretty v1.0.0
[0m[91mgo: finding github.com/tmc/grpc-websocket-proxy v0.0.0-20170815181823-89b8d40f7ca8
[0m[91mgo: finding github.com/ugorji/go/codec v0.0.0-20181204163529-d75b2dcb6bc8
[0m[91mgo: finding github.com/urfave/cli v1.20.0
[0m[91mgo: finding github.com/vektah/gqlparser v1.1.2
[0m[91mgo: finding github.com/xiang90/probing v0.0.0-20190116061207-43a291ad63a2
[0m[91mgo: finding github.com/xordataexchange/crypt v0.0.3-0.20170626215501-b2862e3d0a77
[0m[91mgo: finding go.etcd.io/bbolt v1.3.3
[0m[91mgo: finding go.etcd.io/etcd v0.0.0-20191023171146-3cf2f69b5738
[0m[91mgo: finding go.mongodb.org/mongo-driver v1.1.2
[0m[91mgo: finding go.opencensus.io v0.21.0
[0m[91mgo: finding go.uber.org/atomic v1.3.2
[0m[91mgo: finding go.uber.org/multierr v1.1.0
[0m[91mgo: finding go.uber.org/zap v1.10.0
[0m[91mgo: finding golang.org/x/crypto v0.0.0-20190923035154-9ee001bba392
[0m[91mgo: finding golang.org/x/exp v0.0.0-20190312203227-4b39c73a6495
[0m[91mgo: finding golang.org/x/image v0.0.0-20190227222117-0694c2d4d067
[0m[91mgo: finding golang.org/x/lint v0.0.0-20190313153728-d0100b6bd8b3
[0m[91mgo: finding golang.org/x/mobile v0.0.0-20190312151609-d3739f865fa6
[0m[91mgo: finding golang.org/x/net v0.0.0-20191004110552-13f9640d40b9
[0m[91mgo: finding golang.org/x/oauth2 v0.0.0-20190604053449-0f29369cfe45
[0m[91mgo: finding golang.org/x/sync v0.0.0-20190423024810-112230192c58
[0m[91mgo: finding golang.org/x/sys v0.0.0-20190924154521-2837fb4f24fe
[0m[91mgo: finding golang.org/x/text v0.3.2
[0m[91mgo: finding golang.org/x/time v0.0.0-20190921001708-c4c64cad1fd0
[0m[91mgo: finding golang.org/x/tools v0.0.0-20190920225731-5eefd052ad72
[0m[91mgo: finding golang.org/x/xerrors v0.0.0-20190717185122-a985d3407aa7
[0m[91mgo: finding gomodules.xyz/jsonpatch/v2 v2.0.1
[0m[91mgo: finding gonum.org/v1/gonum v0.0.0-20190331200053-3d26580ed485
[0m[91mgo: finding gonum.org/v1/netlib v0.0.0-20190331212654-76723241ea4e
[0m[91mgo: finding google.golang.org/api v0.4.0
[0m[91mgo: finding google.golang.org/appengine v1.6.5
[0m[91mgo: finding google.golang.org/genproto v0.0.0-20190916214212-f660b8655731
[0m[91mgo: finding google.golang.org/grpc v1.23.1
[0m[91mgo: finding gopkg.in/alecthomas/kingpin.v2 v2.2.6
[0m[91mgo: finding gopkg.in/check.v1 v1.0.0-20190902080502-41f04d3bba15
[0m[91mgo: finding gopkg.in/cheggaaa/pb.v1 v1.0.25
[0m[91mgo: finding gopkg.in/fsnotify.v1 v1.4.7
[0m[91mgo: finding gopkg.in/inf.v0 v0.9.1
[0m[91mgo: finding gopkg.in/natefinch/lumberjack.v2 v2.0.0
[0m[91mgo: finding gopkg.in/resty.v1 v1.12.0
[0m[91mgo: finding gopkg.in/square/go-jose.v2 v2.2.2
[0m[91mgo: finding gopkg.in/tomb.v1 v1.0.0-20141024135613-dd632973f1e7
[0m[91mgo: finding gopkg.in/yaml.v2 v2.2.4
[0m[91mgo: finding gotest.tools v2.2.0+incompatible
[0m[91mgo: finding honnef.co/go/tools v0.0.0-20190523083050-ea95bdfd59fc
[0m[91mgo: finding istio.io/api v0.0.0-20200305220354-742c3015842e
[0m[91mgo: finding istio.io/client-go v0.0.0-20200305195406-fddfc7a9ca06
[0m[91mgo: finding istio.io/gogo-genproto v0.0.0-20190930162913-45029607206a
[0m[91mgo: finding k8s.io/api v0.17.2
[0m[91mgo: finding k8s.io/apiextensions-apiserver v0.17.2
[0m[91mgo: finding k8s.io/apimachinery v0.17.2
[0m[91mgo: finding k8s.io/apiserver v0.17.2
[0m[91mgo: finding k8s.io/client-go v0.17.2
[0m[91mgo: finding k8s.io/code-generator v0.17.2
[0m[91mgo: finding k8s.io/component-base v0.17.2
[0m[91mgo: finding k8s.io/gengo v0.0.0-20190822140433-26a664648505
[0m[91mgo: finding k8s.io/klog v1.0.0
[0m[91mgo: finding k8s.io/kube-openapi v0.0.0-20191107075043-30be4d16710a
[0m[91mgo: finding k8s.io/utils v0.0.0-20191114184206-e782cd3c129f
[0m[91mgo: finding knative.dev/pkg v0.0.0-20200306225627-d1665814487e
[0m[91mgo: finding modernc.org/cc v1.0.0
[0m[91mgo: finding modernc.org/golex v1.0.0
[0m[91mgo: finding modernc.org/mathutil v1.0.0
[0m[91mgo: finding modernc.org/strutil v1.0.0
[0m[91mgo: finding modernc.org/xc v1.0.0
[0m[91mgo: finding sigs.k8s.io/controller-runtime v0.5.0
[0m[91mgo: finding sigs.k8s.io/structured-merge-diff v1.0.1-0.20191108220359-b1b620dd3f06
[0m[91mgo: finding sigs.k8s.io/yaml v1.1.0
[0mRemoving intermediate container e09ac90d2b25
 ---> 901390efb1e4
Step 6/17 : COPY main.go main.go
 ---> 6dcc8ede02bd
Step 7/17 : COPY apis/ apis/
 ---> f4b773baf174
Step 8/17 : COPY controllers/ controllers/
 ---> e3e507abc90d
Step 9/17 : COPY utils/ utils/
 ---> 2979f7a53641
Step 10/17 : COPY constants/ constants/
 ---> 1a667de83ad7
Step 11/17 : COPY client/ client/
 ---> 45b1cff7e9fa
Step 12/17 : RUN CGO_ENABLED=0 GOOS=linux GOARCH=amd64 GO111MODULE=on go build -a -o manager main.go
 ---> Running in 21bed587a089
Removing intermediate container 21bed587a089
 ---> 86a1919abc40
Step 13/17 : FROM gcr.io/distroless/static:latest
latest: Pulling from distroless/static
9ff2acc3204b: Pulling fs layer
9ff2acc3204b: Verifying Checksum
9ff2acc3204b: Download complete
9ff2acc3204b: Pull complete
Digest: sha256:c6d5981545ce1406d33e61434c61e9452dad93ecd8397c41e89036ef977a88f4
Status: Downloaded newer image for gcr.io/distroless/static:latest
 ---> e4d2a899b1bf
Step 14/17 : WORKDIR /
 ---> Running in 89cd6f5fb830
Removing intermediate container 89cd6f5fb830
 ---> 72ed1d9dbc05
Step 15/17 : COPY --from=builder /workspace/manager .
 ---> 27dd45148f40
Step 16/17 : COPY licenses/license.txt .
 ---> 8fc65f6adf42
Step 17/17 : ENTRYPOINT ["/manager"]
 ---> Running in 9fcd0e8173d7
Removing intermediate container 9fcd0e8173d7
 ---> b1daa27763e6
Successfully built b1daa27763e6
Successfully tagged seldonio/seldon-core-operator:1.0.3-SNAPSHOT
docker save seldonio/seldon-core-operator:1.0.3-SNAPSHOT > operator.tar
kind load image-archive operator.tar 
make[1]: Leaving directory '/workspace/source/operator'
Files changed in engine folder:
SKIPPING ENGINE IMAGE BUILD...
Files changed in executor folder:
SKIPPING EXECUTOR IMAGE BUILD...
Build fixed models
cd ../docker/fixed-model && make kind_load_images
make[1]: Entering directory '/workspace/source/testing/docker/fixed-model'
s2i build -E environment_rest_v1 . seldonio/seldon-core-s2i-python3:0.15 seldonio/fixed-model:0.1
---> Installing application source...
Build completed successfully
s2i build -E environment_rest_v2 . seldonio/seldon-core-s2i-python3:0.15 seldonio/fixed-model:0.2
---> Installing application source...
Build completed successfully
kind load -v 3 docker-image seldonio/fixed-model:0.1
Image: "seldonio/fixed-model:0.1" with ID "sha256:f9548ddaa4a608a5f570cc6e89e393756cc154da830c71389b5ae7ca7af7de9c" not present on node "kind-control-plane"
Image: "seldonio/fixed-model:0.1" with ID "sha256:f9548ddaa4a608a5f570cc6e89e393756cc154da830c71389b5ae7ca7af7de9c" not present on node "kind-worker"
kind load -v 3 docker-image seldonio/fixed-model:0.2
Image: "seldonio/fixed-model:0.2" with ID "sha256:713bf54ca36c07bb22ea254b7f8b0c7326a7ea566aca21c27c49f6cd1fbcd4d9" not present on node "kind-control-plane"
Image: "seldonio/fixed-model:0.2" with ID "sha256:713bf54ca36c07bb22ea254b7f8b0c7326a7ea566aca21c27c49f6cd1fbcd4d9" not present on node "kind-worker"
make[1]: Leaving directory '/workspace/source/testing/docker/fixed-model'
kubectl create namespace seldon || echo "Namespace seldon already exists"
namespace/seldon created
kubectl create namespace test1 || echo "Namespace test1 already exists"
namespace/test1 created
helm repo add stable https://kubernetes-charts.storage.googleapis.com/
"stable" has been added to your repositories
helm repo add seldonio https://storage.googleapis.com/seldon-charts
"seldonio" has been added to your repositories
helm repo add jaegertracing https://jaegertracing.github.io/helm-charts
"jaegertracing" has been added to your repositories
helm repo update
Hang tight while we grab the latest from your chart repositories...
...Successfully got an update from the "seldonio" chart repository
...Successfully got an update from the "jaegertracing" chart repository
...Successfully got an update from the "stable" chart repository
Update Complete. âŽˆ Happy Helming!âŽˆ 
helm install ambassador \
	stable/ambassador \
	-f ../resources/ambassador_values.yaml \
	--set crds.keep=false \
	--namespace seldon \
	--set replicaCount=1 \
	--wait
manifest_sorter.go:192: info: skipping unknown hook: "crd-install"
manifest_sorter.go:192: info: skipping unknown hook: "crd-install"
manifest_sorter.go:192: info: skipping unknown hook: "crd-install"
manifest_sorter.go:192: info: skipping unknown hook: "crd-install"
manifest_sorter.go:192: info: skipping unknown hook: "crd-install"
manifest_sorter.go:192: info: skipping unknown hook: "crd-install"
manifest_sorter.go:192: info: skipping unknown hook: "crd-install"
manifest_sorter.go:192: info: skipping unknown hook: "crd-install"
manifest_sorter.go:192: info: skipping unknown hook: "crd-install"
manifest_sorter.go:192: info: skipping unknown hook: "crd-install"
manifest_sorter.go:192: info: skipping unknown hook: "crd-install"
manifest_sorter.go:192: info: skipping unknown hook: "crd-install"
manifest_sorter.go:192: info: skipping unknown hook: "crd-install"
manifest_sorter.go:192: info: skipping unknown hook: "crd-install"
NAME: ambassador
LAST DEPLOYED: Sun Mar 29 21:50:45 2020
NAMESPACE: seldon
STATUS: deployed
REVISION: 1
NOTES:
Congratulations! You've successfully installed Ambassador.

For help, visit our Slack at https://d6e.co/slack or view the documentation online at https://www.getambassador.io.

To get the IP address of Ambassador, run the following commands:
  export NODE_PORT=$(kubectl get --namespace seldon -o jsonpath="{.spec.ports[0].nodePort}" services ambassador)
  export NODE_IP=$(kubectl get nodes --namespace seldon -o jsonpath="{.items[0].status.addresses[0].address}")
  echo http://$NODE_IP:$NODE_PORT
kubectl apply -f istio-1.4.2.yaml
clusterrole.rbac.authorization.k8s.io/istio-reader-istio-system created
clusterrolebinding.rbac.authorization.k8s.io/istio-reader-istio-system created
customresourcedefinition.apiextensions.k8s.io/attributemanifests.config.istio.io created
customresourcedefinition.apiextensions.k8s.io/clusterrbacconfigs.rbac.istio.io created
customresourcedefinition.apiextensions.k8s.io/destinationrules.networking.istio.io created
customresourcedefinition.apiextensions.k8s.io/envoyfilters.networking.istio.io created
customresourcedefinition.apiextensions.k8s.io/gateways.networking.istio.io created
customresourcedefinition.apiextensions.k8s.io/httpapispecbindings.config.istio.io created
customresourcedefinition.apiextensions.k8s.io/httpapispecs.config.istio.io created
customresourcedefinition.apiextensions.k8s.io/meshpolicies.authentication.istio.io created
customresourcedefinition.apiextensions.k8s.io/policies.authentication.istio.io created
customresourcedefinition.apiextensions.k8s.io/quotaspecbindings.config.istio.io created
customresourcedefinition.apiextensions.k8s.io/quotaspecs.config.istio.io created
customresourcedefinition.apiextensions.k8s.io/rbacconfigs.rbac.istio.io created
customresourcedefinition.apiextensions.k8s.io/rules.config.istio.io created
customresourcedefinition.apiextensions.k8s.io/serviceentries.networking.istio.io created
customresourcedefinition.apiextensions.k8s.io/servicerolebindings.rbac.istio.io created
customresourcedefinition.apiextensions.k8s.io/serviceroles.rbac.istio.io created
customresourcedefinition.apiextensions.k8s.io/virtualservices.networking.istio.io created
customresourcedefinition.apiextensions.k8s.io/adapters.config.istio.io created
customresourcedefinition.apiextensions.k8s.io/instances.config.istio.io created
customresourcedefinition.apiextensions.k8s.io/templates.config.istio.io created
customresourcedefinition.apiextensions.k8s.io/handlers.config.istio.io created
customresourcedefinition.apiextensions.k8s.io/sidecars.networking.istio.io created
customresourcedefinition.apiextensions.k8s.io/authorizationpolicies.security.istio.io created
namespace/istio-system created
serviceaccount/istio-reader-service-account created
clusterrole.rbac.authorization.k8s.io/istio-citadel-istio-system created
clusterrolebinding.rbac.authorization.k8s.io/istio-citadel-istio-system created
deployment.apps/istio-citadel created
poddisruptionbudget.policy/istio-citadel created
service/istio-citadel created
serviceaccount/istio-citadel-service-account created
deployment.apps/istio-egressgateway created
poddisruptionbudget.policy/istio-egressgateway created
gateway.networking.istio.io/istio-multicluster-egressgateway created
virtualservice.networking.istio.io/istio-multicluster-egressgateway created
envoyfilter.networking.istio.io/istio-multicluster-egressgateway created
destinationrule.networking.istio.io/istio-multicluster-destinationrule created
service/istio-egressgateway created
role.rbac.authorization.k8s.io/istio-egressgateway-sds created
rolebinding.rbac.authorization.k8s.io/istio-egressgateway-sds created
serviceaccount/istio-egressgateway-service-account created
clusterrole.rbac.authorization.k8s.io/istio-galley-istio-system created
clusterrolebinding.rbac.authorization.k8s.io/istio-galley-*****-role-binding-istio-system created
configmap/istio-mesh-galley created
configmap/istio-galley-configuration created
deployment.apps/istio-galley created
poddisruptionbudget.policy/istio-galley created
service/istio-galley created
serviceaccount/istio-galley-service-account created
configmap/istio-grafana-configuration-dashboards-citadel-dashboard created
configmap/istio-grafana-configuration-dashboards-galley-dashboard created
configmap/istio-grafana-configuration-dashboards-istio-mesh-dashboard created
configmap/istio-grafana-configuration-dashboards-istio-performance-dashboard created
configmap/istio-grafana-configuration-dashboards-istio-service-dashboard created
configmap/istio-grafana-configuration-dashboards-istio-workload-dashboard created
configmap/istio-grafana-configuration-dashboards-mixer-dashboard created
configmap/istio-grafana-configuration-dashboards-pilot-dashboard created
configmap/istio-grafana created
deployment.apps/grafana created
policy.authentication.istio.io/grafana-ports-mtls-disabled created
service/grafana created
deployment.apps/istio-ingressgateway created
gateway.networking.istio.io/ingressgateway created
poddisruptionbudget.policy/ingressgateway created
service/istio-ingressgateway created
serviceaccount/istio-ingressgateway-service-account created
sidecar.networking.istio.io/default created
clusterrole.rbac.authorization.k8s.io/istio-sidecar-injector-istio-system created
clusterrolebinding.rbac.authorization.k8s.io/istio-sidecar-injector-*****-role-binding-istio-system created
configmap/injector-mesh created
deployment.apps/istio-sidecar-injector created
mutatingwebhookconfiguration.admissionregistration.k8s.io/istio-sidecar-injector created
poddisruptionbudget.policy/istio-sidecar-injector created
service/istio-sidecar-injector created
serviceaccount/istio-sidecar-injector-service-account created
configmap/istio-sidecar-injector created
clusterrole.rbac.authorization.k8s.io/kiali created
clusterrole.rbac.authorization.k8s.io/kiali-viewer created
clusterrolebinding.rbac.authorization.k8s.io/kiali created
configmap/kiali created
secret/kiali created
deployment.apps/kiali created
service/kiali created
serviceaccount/kiali-service-account created
clusterrole.rbac.authorization.k8s.io/istio-pilot-istio-system created
clusterrolebinding.rbac.authorization.k8s.io/istio-pilot-istio-system created
configmap/pilot-envoy-config created
configmap/istio created
deployment.apps/istio-pilot created
meshpolicy.authentication.istio.io/default created
poddisruptionbudget.policy/istio-pilot created
service/istio-pilot created
serviceaccount/istio-pilot-service-account created
clusterrole.rbac.authorization.k8s.io/istio-policy created
clusterrolebinding.rbac.authorization.k8s.io/istio-policy-*****-role-binding-istio-system created
destinationrule.networking.istio.io/istio-policy created
deployment.apps/istio-policy created
poddisruptionbudget.policy/istio-policy created
service/istio-policy created
serviceaccount/istio-policy-service-account created
clusterrole.rbac.authorization.k8s.io/prometheus-istio-system created
clusterrolebinding.rbac.authorization.k8s.io/prometheus-istio-system created
configmap/prometheus created
deployment.apps/prometheus created
service/prometheus created
serviceaccount/prometheus created
horizontalpodautoscaler.autoscaling/istio-telemetry created
clusterrole.rbac.authorization.k8s.io/istio-mixer-istio-system created
clusterrolebinding.rbac.authorization.k8s.io/istio-mixer-*****-role-binding-istio-system created
attributemanifest.config.istio.io/istioproxy created
attributemanifest.config.istio.io/kubernetes created
handler.config.istio.io/stdio created
instance.config.istio.io/accesslog created
instance.config.istio.io/tcpaccesslog created
rule.config.istio.io/stdio created
rule.config.istio.io/stdiotcp created
instance.config.istio.io/requestcount created
instance.config.istio.io/requestduration created
instance.config.istio.io/requestsize created
instance.config.istio.io/responsesize created
instance.config.istio.io/tcpbytesent created
instance.config.istio.io/tcpbytereceived created
instance.config.istio.io/tcpconnectionsopened created
instance.config.istio.io/tcpconnectionsclosed created
handler.config.istio.io/prometheus created
rule.config.istio.io/promhttp created
rule.config.istio.io/promtcp created
rule.config.istio.io/promtcpconnectionopen created
rule.config.istio.io/promtcpconnectionclosed created
handler.config.istio.io/kubernetesenv created
rule.config.istio.io/kubeattrgenrulerule created
rule.config.istio.io/tcpkubeattrgenrulerule created
instance.config.istio.io/attributes created
destinationrule.networking.istio.io/istio-telemetry created
configmap/telemetry-envoy-config created
deployment.apps/istio-telemetry created
poddisruptionbudget.policy/istio-telemetry created
service/istio-telemetry created
serviceaccount/istio-mixer-service-account created
deployment.apps/istio-tracing created
service/jaeger-query created
service/jaeger-collector created
service/jaeger-agent created
service/zipkin created
service/tracing created
kubectl rollout status deployment.apps/istio-ingressgateway -n istio-system
Waiting for deployment "istio-ingressgateway" rollout to finish: 0 out of 1 new replicas have been updated...
Waiting for deployment "istio-ingressgateway" rollout to finish: 0 out of 1 new replicas have been updated...
Waiting for deployment "istio-ingressgateway" rollout to finish: 0 of 1 updated replicas are available...
deployment "istio-ingressgateway" successfully rolled out
kubectl rollout status deployment.apps/istio-pilot -n istio-system
deployment "istio-pilot" successfully rolled out
kubectl rollout status deployment.apps/istio-citadel -n istio-system
deployment "istio-citadel" successfully rolled out
helm install jaeger-operator \
	jaegertracing/jaeger-operator \
	--set rbac.clusterRole=true \
	--namespace seldon \
	--wait
manifest_sorter.go:192: info: skipping unknown hook: "crd-install"
NAME: jaeger-operator
LAST DEPLOYED: Sun Mar 29 21:52:45 2020
NAMESPACE: seldon
STATUS: deployed
REVISION: 1
TEST SUITE: None
NOTES:
jaeger-operator is installed.


Check the jaeger-operator logs
  export POD=$(kubectl get pods-l app.kubernetes.io/instance=jaeger-operator -lapp.kubernetes.io/name=jaeger-operator --namespace seldon --output name)
  kubectl logs $POD --namespace=seldon
kubectl apply -f ../resources/jaeger.yaml --namespace seldon
jaeger.jaegertracing.io/jaeger created
mapping.getambassador.io/jaeger created
cd ../../operator && make install-cert-manager
make[1]: Entering directory '/workspace/source/operator'
kubectl create namespace cert-manager || echo "Namespace cert-manager-exists"
namespace/cert-manager created
kubectl label namespace cert-manager cert-manager.io/disable-validation=true || echo "namespace cert-manager-already labelled"
namespace/cert-manager labeled
kubectl apply --validate=false -f https://github.com/jetstack/cert-manager/releases/download/v0.12.0/cert-manager.yaml
customresourcedefinition.apiextensions.k8s.io/certificaterequests.cert-manager.io created
customresourcedefinition.apiextensions.k8s.io/certificates.cert-manager.io created
customresourcedefinition.apiextensions.k8s.io/challenges.acme.cert-manager.io created
customresourcedefinition.apiextensions.k8s.io/clusterissuers.cert-manager.io created
customresourcedefinition.apiextensions.k8s.io/issuers.cert-manager.io created
customresourcedefinition.apiextensions.k8s.io/orders.acme.cert-manager.io created
Warning: kubectl apply should be used on resource created by either kubectl create --save-config or kubectl apply
namespace/cert-manager configured
serviceaccount/cert-manager-cainjector created
serviceaccount/cert-manager created
serviceaccount/cert-manager-webhook created
clusterrole.rbac.authorization.k8s.io/cert-manager-cainjector created
clusterrolebinding.rbac.authorization.k8s.io/cert-manager-cainjector created
role.rbac.authorization.k8s.io/cert-manager-cainjector:leaderelection created
rolebinding.rbac.authorization.k8s.io/cert-manager-cainjector:leaderelection created
clusterrolebinding.rbac.authorization.k8s.io/cert-manager-webhook:auth-delegator created
rolebinding.rbac.authorization.k8s.io/cert-manager-webhook:webhook-authentication-reader created
clusterrole.rbac.authorization.k8s.io/cert-manager-webhook:webhook-requester created
role.rbac.authorization.k8s.io/cert-manager:leaderelection created
rolebinding.rbac.authorization.k8s.io/cert-manager:leaderelection created
clusterrole.rbac.authorization.k8s.io/cert-manager-controller-issuers created
clusterrole.rbac.authorization.k8s.io/cert-manager-controller-clusterissuers created
clusterrole.rbac.authorization.k8s.io/cert-manager-controller-certificates created
clusterrole.rbac.authorization.k8s.io/cert-manager-controller-orders created
clusterrole.rbac.authorization.k8s.io/cert-manager-controller-challenges created
clusterrole.rbac.authorization.k8s.io/cert-manager-controller-ingress-shim created
clusterrolebinding.rbac.authorization.k8s.io/cert-manager-controller-issuers created
clusterrolebinding.rbac.authorization.k8s.io/cert-manager-controller-clusterissuers created
clusterrolebinding.rbac.authorization.k8s.io/cert-manager-controller-certificates created
clusterrolebinding.rbac.authorization.k8s.io/cert-manager-controller-orders created
clusterrolebinding.rbac.authorization.k8s.io/cert-manager-controller-challenges created
clusterrolebinding.rbac.authorization.k8s.io/cert-manager-controller-ingress-shim created
clusterrole.rbac.authorization.k8s.io/cert-manager-view created
clusterrole.rbac.authorization.k8s.io/cert-manager-edit created
service/cert-manager created
service/cert-manager-webhook created
deployment.apps/cert-manager-cainjector created
deployment.apps/cert-manager created
deployment.apps/cert-manager-webhook created
mutatingwebhookconfiguration.admissionregistration.k8s.io/cert-manager-webhook created
validatingwebhookconfiguration.admissionregistration.k8s.io/cert-manager-webhook created
kubectl rollout status deployment.apps/cert-manager -n cert-manager
Waiting for deployment "cert-manager" rollout to finish: 0 of 1 updated replicas are available...
deployment "cert-manager" successfully rolled out
kubectl rollout status deployment.apps/cert-manager-cainjector -n cert-manager
deployment "cert-manager-cainjector" successfully rolled out
kubectl rollout status deployment.apps/cert-manager-webhook -n cert-manager
Waiting for deployment "cert-manager-webhook" rollout to finish: 0 of 1 updated replicas are available...
deployment "cert-manager-webhook" successfully rolled out
make[1]: Leaving directory '/workspace/source/operator'
sleep 5 #https://github.com/jetstack/cert-manager/issues/2273
kubectl create namespace seldon-system || echo "namespace seldon-system exists"
namespace/seldon-system created
helm install seldon \
	../../helm-charts/seldon-core-operator \
	--namespace seldon-system \
	--set istio.enabled=true \
	--set istio.gateway=seldon-gateway \
	--set certManager.enabled=false \
	--set executor.enabled=true \
	--wait
NAME: seldon
LAST DEPLOYED: Sun Mar 29 21:53:30 2020
NAMESPACE: seldon-system
STATUS: deployed
REVISION: 1
TEST SUITE: None
kubectl config set-context $(kubectl config current-context) --namespace=seldon
Context "kind-kind" modified.
kubectl apply -f metrics.yaml
clusterrole.rbac.authorization.k8s.io/system:aggregated-metrics-reader created
clusterrolebinding.rbac.authorization.k8s.io/metrics-server:system:auth-delegator created
rolebinding.rbac.authorization.k8s.io/metrics-server-auth-reader created
apiservice.apiregistration.k8s.io/v1beta1.metrics.k8s.io created
serviceaccount/metrics-server created
deployment.apps/metrics-server created
service/metrics-server created
clusterrole.rbac.authorization.k8s.io/system:metrics-server created
clusterrolebinding.rbac.authorization.k8s.io/system:metrics-server created
make: Entering directory '/workspace/source/python'
pip install -e . -r requirements-dev.txt
Obtaining file:///workspace/source/python
Collecting Flask<2.0.0
  Downloading Flask-1.1.1-py2.py3-none-any.whl (94 kB)
Collecting Flask-cors<4.0.0
  Downloading Flask_Cors-3.0.8-py2.py3-none-any.whl (14 kB)
Collecting redis<4.0.0
  Downloading redis-3.4.1-py2.py3-none-any.whl (71 kB)
Requirement already satisfied: requests<3.0.0 in /usr/local/lib/python3.6/site-packages (from -r requirements.txt (line 4)) (2.23.0)
Requirement already satisfied: numpy<2.0.0 in /usr/local/lib/python3.6/site-packages (from -r requirements.txt (line 5)) (1.18.1)
Collecting flatbuffers<2.0.0
  Downloading flatbuffers-1.12-py2.py3-none-any.whl (15 kB)
Requirement already satisfied: protobuf<4.0.0 in /usr/local/lib/python3.6/site-packages (from -r requirements.txt (line 7)) (3.11.3)
Requirement already satisfied: grpcio<2.0.0 in /usr/local/lib/python3.6/site-packages (from -r requirements.txt (line 8)) (1.27.2)
Collecting Flask-OpenTracing<1.2.0,>=1.1.0
  Downloading Flask-OpenTracing-1.1.0.tar.gz (8.2 kB)
Collecting opentracing<2.3.0,>=2.2.0
  Downloading opentracing-2.2.0.tar.gz (47 kB)
Collecting jaeger-client<4.2.0,>=4.1.0
  Downloading jaeger-client-4.1.0.tar.gz (80 kB)
Collecting grpcio-opentracing<1.2.0,>=1.1.4
  Downloading grpcio_opentracing-1.1.4-py3-none-any.whl (14 kB)
Collecting pyaml<20.0.0
  Downloading pyaml-19.12.0-py2.py3-none-any.whl (17 kB)
Collecting gunicorn<20.1.0,>=19.9.0
  Downloading gunicorn-20.0.4-py2.py3-none-any.whl (77 kB)
Collecting minio<6.0.0,>=4.0.9
  Downloading minio-5.0.8-py2.py3-none-any.whl (73 kB)
Collecting azure-storage-blob<3.0.0,>=2.0.1
  Downloading azure_storage_blob-2.1.0-py2.py3-none-any.whl (88 kB)
Requirement already satisfied: setuptools>=41.0.0 in /usr/local/lib/python3.6/site-packages (from -r requirements.txt (line 17)) (45.2.0)
Collecting google-cloud-storage>=1.16.0
  Downloading google_cloud_storage-1.26.0-py2.py3-none-any.whl (75 kB)
Requirement already satisfied: prometheus_client<0.8.0,>=0.7.1 in /usr/local/lib/python3.6/site-packages (from -r requirements.txt (line 19)) (0.7.1)
Collecting black==19.10b0
  Downloading black-19.10b0-py36-none-any.whl (97 kB)
Collecting flake8==3.7.9
  Downloading flake8-3.7.9-py2.py3-none-any.whl (69 kB)
Collecting mypy<0.771
  Downloading mypy-0.770-cp36-cp36m-manylinux1_x86_64.whl (21.7 MB)
Requirement already satisfied: Pillow==7.0.0 in /usr/local/lib/python3.6/site-packages (from -r requirements-dev.txt (line 5)) (7.0.0)
Collecting pytest==5.4.1
  Downloading pytest-5.4.1-py3-none-any.whl (246 kB)
Collecting pytest-cov==2.8.1
  Downloading pytest_cov-2.8.1-py2.py3-none-any.whl (18 kB)
Collecting tox<4.0.0
  Downloading tox-3.14.6-py2.py3-none-any.whl (81 kB)
Collecting coverage==4.5.4
  Downloading coverage-4.5.4-cp36-cp36m-manylinux1_x86_64.whl (205 kB)
Requirement already satisfied: pandas==1.0.1 in /usr/local/lib/python3.6/site-packages (from -r requirements-dev.txt (line 14)) (1.0.1)
Collecting pip-licenses==2.1.1
  Downloading pip_licenses-2.1.1-py3-none-any.whl (13 kB)
Collecting itsdangerous>=0.24
  Downloading itsdangerous-1.1.0-py2.py3-none-any.whl (16 kB)
Requirement already satisfied: Werkzeug>=0.15 in /usr/local/lib/python3.6/site-packages (from Flask<2.0.0->-r requirements.txt (line 1)) (1.0.0)
Collecting click>=5.1
  Downloading click-7.1.1-py2.py3-none-any.whl (82 kB)
Requirement already satisfied: Jinja2>=2.10.1 in /usr/local/lib/python3.6/site-packages (from Flask<2.0.0->-r requirements.txt (line 1)) (2.11.1)
Requirement already satisfied: Six in /usr/local/lib/python3.6/site-packages (from Flask-cors<4.0.0->-r requirements.txt (line 2)) (1.14.0)
Requirement already satisfied: idna<3,>=2.5 in /usr/local/lib/python3.6/site-packages (from requests<3.0.0->-r requirements.txt (line 4)) (2.9)
Requirement already satisfied: urllib3!=1.25.0,!=1.25.1,<1.26,>=1.21.1 in /usr/local/lib/python3.6/site-packages (from requests<3.0.0->-r requirements.txt (line 4)) (1.25.8)
Requirement already satisfied: certifi>=2017.4.17 in /usr/local/lib/python3.6/site-packages (from requests<3.0.0->-r requirements.txt (line 4)) (2019.11.28)
Requirement already satisfied: chardet<4,>=3.0.2 in /usr/local/lib/python3.6/site-packages (from requests<3.0.0->-r requirements.txt (line 4)) (3.0.4)
Collecting threadloop<2,>=1
  Downloading threadloop-1.0.2.tar.gz (4.9 kB)
Collecting thrift
  Downloading thrift-0.13.0.tar.gz (59 kB)
Collecting tornado<6,>=4.3
  Downloading tornado-5.1.1.tar.gz (516 kB)
Requirement already satisfied: PyYAML in /usr/local/lib/python3.6/site-packages (from pyaml<20.0.0->-r requirements.txt (line 13)) (5.3)
Collecting configparser
  Downloading configparser-5.0.0-py3-none-any.whl (22 kB)
Requirement already satisfied: python-dateutil in /usr/local/lib/python3.6/site-packages (from minio<6.0.0,>=4.0.9->-r requirements.txt (line 15)) (2.8.1)
Requirement already satisfied: pytz in /usr/local/lib/python3.6/site-packages (from minio<6.0.0,>=4.0.9->-r requirements.txt (line 15)) (2019.3)
Collecting azure-common>=1.1.5
  Downloading azure_common-1.1.25-py2.py3-none-any.whl (12 kB)
Collecting azure-storage-common~=2.1
  Downloading azure_storage_common-2.1.0-py2.py3-none-any.whl (47 kB)
Collecting google-cloud-core<2.0dev,>=1.2.0
  Downloading google_cloud_core-1.3.0-py2.py3-none-any.whl (26 kB)
Collecting google-auth<2.0dev,>=1.11.0
  Downloading google_auth-1.12.0-py2.py3-none-any.whl (83 kB)
Collecting google-resumable-media<0.6dev,>=0.5.0
  Downloading google_resumable_media-0.5.0-py2.py3-none-any.whl (38 kB)
Collecting pathspec<1,>=0.6
  Downloading pathspec-0.7.0-py2.py3-none-any.whl (25 kB)
Collecting typed-ast>=1.4.0
  Downloading typed_ast-1.4.1-cp36-cp36m-manylinux1_x86_64.whl (737 kB)
Requirement already satisfied: attrs>=18.1.0 in /usr/local/lib/python3.6/site-packages (from black==19.10b0->-r requirements-dev.txt (line 2)) (19.3.0)
Collecting regex
  Downloading regex-2020.2.20-cp36-cp36m-manylinux2010_x86_64.whl (690 kB)
Collecting appdirs
  Downloading appdirs-1.4.3-py2.py3-none-any.whl (12 kB)
Collecting toml>=0.9.4
  Downloading toml-0.10.0-py2.py3-none-any.whl (25 kB)
Collecting mccabe<0.7.0,>=0.6.0
  Downloading mccabe-0.6.1-py2.py3-none-any.whl (8.6 kB)
Collecting pyflakes<2.2.0,>=2.1.0
  Downloading pyflakes-2.1.1-py2.py3-none-any.whl (59 kB)
Requirement already satisfied: entrypoints<0.4.0,>=0.3.0 in /usr/local/lib/python3.6/site-packages (from flake8==3.7.9->-r requirements-dev.txt (line 3)) (0.3)
Collecting pycodestyle<2.6.0,>=2.5.0
  Downloading pycodestyle-2.5.0-py2.py3-none-any.whl (51 kB)
Collecting typing-extensions>=3.7.4
  Downloading typing_extensions-3.7.4.1-py3-none-any.whl (20 kB)
Collecting mypy-extensions<0.5.0,>=0.4.3
  Downloading mypy_extensions-0.4.3-py2.py3-none-any.whl (4.5 kB)
Collecting packaging
  Downloading packaging-20.3-py2.py3-none-any.whl (37 kB)
Requirement already satisfied: importlib-metadata>=0.12; python_version < "3.8" in /usr/local/lib/python3.6/site-packages (from pytest==5.4.1->-r requirements-dev.txt (line 6)) (1.5.0)
Collecting py>=1.5.0
  Downloading py-1.8.1-py2.py3-none-any.whl (83 kB)
Requirement already satisfied: wcwidth in /usr/local/lib/python3.6/site-packages (from pytest==5.4.1->-r requirements-dev.txt (line 6)) (0.1.8)
Collecting more-itertools>=4.0.0
  Downloading more_itertools-8.2.0-py3-none-any.whl (43 kB)
Collecting pluggy<1.0,>=0.12
  Downloading pluggy-0.13.1-py2.py3-none-any.whl (18 kB)
Collecting filelock<4,>=3.0.0
  Downloading filelock-3.0.12-py3-none-any.whl (7.6 kB)
Collecting virtualenv!=20.0.0,!=20.0.1,!=20.0.2,!=20.0.3,!=20.0.4,!=20.0.5,!=20.0.6,!=20.0.7,>=16.0.0
  Downloading virtualenv-20.0.15-py2.py3-none-any.whl (4.6 MB)
Collecting PTable
  Downloading PTable-0.9.2.tar.gz (31 kB)
Requirement already satisfied: MarkupSafe>=0.23 in /usr/local/lib/python3.6/site-packages (from Jinja2>=2.10.1->Flask<2.0.0->-r requirements.txt (line 1)) (1.1.1)
Collecting cryptography
  Downloading cryptography-2.8-cp34-abi3-manylinux2010_x86_64.whl (2.3 MB)
Collecting google-api-core<2.0.0dev,>=1.16.0
  Downloading google_api_core-1.16.0-py2.py3-none-any.whl (70 kB)
Collecting pyasn1-modules>=0.2.1
  Downloading pyasn1_modules-0.2.8-py2.py3-none-any.whl (155 kB)
Collecting rsa<4.1,>=3.1.4
  Downloading rsa-4.0-py2.py3-none-any.whl (38 kB)
Collecting cachetools<5.0,>=2.0.0
  Downloading cachetools-4.0.0-py3-none-any.whl (10 kB)
Requirement already satisfied: pyparsing>=2.0.2 in /usr/local/lib/python3.6/site-packages (from packaging->pytest==5.4.1->-r requirements-dev.txt (line 6)) (2.4.6)
Requirement already satisfied: zipp>=0.5 in /usr/local/lib/python3.6/site-packages (from importlib-metadata>=0.12; python_version < "3.8"->pytest==5.4.1->-r requirements-dev.txt (line 6)) (3.1.0)
Collecting distlib<1,>=0.3.0
  Downloading distlib-0.3.0.zip (571 kB)
Collecting importlib-resources<2,>=1.0; python_version < "3.7"
  Downloading importlib_resources-1.4.0-py2.py3-none-any.whl (20 kB)
Collecting cffi!=1.11.3,>=1.8
  Downloading cffi-1.14.0-cp36-cp36m-manylinux1_x86_64.whl (399 kB)
Collecting googleapis-common-protos<2.0dev,>=1.6.0
  Downloading googleapis-common-protos-1.51.0.tar.gz (35 kB)
Collecting pyasn1<0.5.0,>=0.4.6
  Downloading pyasn1-0.4.8-py2.py3-none-any.whl (77 kB)
Collecting pycparser
  Downloading pycparser-2.20-py2.py3-none-any.whl (112 kB)
Building wheels for collected packages: Flask-OpenTracing, opentracing, jaeger-client, threadloop, thrift, tornado, PTable, distlib, googleapis-common-protos
  Building wheel for Flask-OpenTracing (setup.py): started
  Building wheel for Flask-OpenTracing (setup.py): finished with status 'done'
  Created wheel for Flask-OpenTracing: filename=Flask_OpenTracing-1.1.0-py3-none-any.whl size=9070 sha256=39ec52b2e6ce4bf374dec048742bbf6eb6e7ded1eebd5d8d2a8ea7dc5857f1d9
  Stored in directory: /builder/home/.cache/pip/wheels/ad/4b/2d/24ff0da0a0b53c7c77ce59b843bcceaf644c88703241e59615
  Building wheel for opentracing (setup.py): started
  Building wheel for opentracing (setup.py): finished with status 'done'
  Created wheel for opentracing: filename=opentracing-2.2.0-py3-none-any.whl size=49319 sha256=e292594181557ea62069bb1c01ecaf69da5fdc3f3c25bb1ab123ebbd3167fab6
  Stored in directory: /builder/home/.cache/pip/wheels/39/40/44/8bace79f4514e99786236c31f1df8d1b814ff02c1e08b1d697
  Building wheel for jaeger-client (setup.py): started
  Building wheel for jaeger-client (setup.py): finished with status 'done'
  Created wheel for jaeger-client: filename=jaeger_client-4.1.0-py3-none-any.whl size=64309 sha256=8faba7c3555123bb0dc83973a5f9b54680002771a50b709d366f0f6404955fdb
  Stored in directory: /builder/home/.cache/pip/wheels/e9/9b/8c/503d0cc13b39a551c054515683ba1d15b40324c863dc442e66
  Building wheel for threadloop (setup.py): started
  Building wheel for threadloop (setup.py): finished with status 'done'
  Created wheel for threadloop: filename=threadloop-1.0.2-py3-none-any.whl size=3423 sha256=c5537089906082b23dbadea5575a492530a2a3aa4de13ff4dd710bdf48a43ab8
  Stored in directory: /builder/home/.cache/pip/wheels/02/54/65/9f87de48fe8fcaaee30f279973d946ad55f9df56b93b3e78da
  Building wheel for thrift (setup.py): started
  Building wheel for thrift (setup.py): finished with status 'done'
  Created wheel for thrift: filename=thrift-0.13.0-cp36-cp36m-linux_x86_64.whl size=483925 sha256=0d19ec90fced458f117604e6bfbd4a665520905dcedc7c375ad080688dd6bf86
  Stored in directory: /builder/home/.cache/pip/wheels/e0/38/fc/472fe18756b177b42096961f8bd3ff2dc5c5620ac399fce52d
  Building wheel for tornado (setup.py): started
  Building wheel for tornado (setup.py): finished with status 'done'
  Created wheel for tornado: filename=tornado-5.1.1-cp36-cp36m-linux_x86_64.whl size=462652 sha256=8cfd5589fd934252619226f6832b60d7da5ebcd5a438544934864131035f3f09
  Stored in directory: /builder/home/.cache/pip/wheels/64/74/71/e7a0d0eb4fc42cb20a17aec36f8f0b5b8c5e1ec19c701fd34a
  Building wheel for PTable (setup.py): started
  Building wheel for PTable (setup.py): finished with status 'done'
  Created wheel for PTable: filename=PTable-0.9.2-py3-none-any.whl size=22907 sha256=b6ffde670174b4616f78affcea66a52a8883db0fae0afc5d856b51c24b48f16d
  Stored in directory: /builder/home/.cache/pip/wheels/f3/65/67/71f473ec87ea4554d1bdfb1b5128cfe1414c2b113b72a1ee8e
  Building wheel for distlib (setup.py): started
  Building wheel for distlib (setup.py): finished with status 'done'
  Created wheel for distlib: filename=distlib-0.3.0-py3-none-any.whl size=340427 sha256=9500d823acd9d7ed08d29ca0e522fe603b64456672386ce34d5233124458957a
  Stored in directory: /builder/home/.cache/pip/wheels/33/d9/71/e4e3cac73529e1947df418af0f140cd7589d5d9ec0e17ecfc2
  Building wheel for googleapis-common-protos (setup.py): started
  Building wheel for googleapis-common-protos (setup.py): finished with status 'done'
  Created wheel for googleapis-common-protos: filename=googleapis_common_protos-1.51.0-py3-none-any.whl size=77592 sha256=5dce453a6483c4060f002144413accdb8e2381a55070fb6d1a67e990fdb26cbe
  Stored in directory: /builder/home/.cache/pip/wheels/35/8d/af/a922cb18800b31fadac3523cadf6c1efdf233b788fe7a4da70
Successfully built Flask-OpenTracing opentracing jaeger-client threadloop thrift tornado PTable distlib googleapis-common-protos
Installing collected packages: itsdangerous, click, Flask, Flask-cors, redis, flatbuffers, opentracing, Flask-OpenTracing, tornado, threadloop, thrift, jaeger-client, grpcio-opentracing, pyaml, gunicorn, configparser, minio, azure-common, pycparser, cffi, cryptography, azure-storage-common, azure-storage-blob, pyasn1, pyasn1-modules, rsa, cachetools, google-auth, googleapis-common-protos, google-api-core, google-cloud-core, google-resumable-media, google-cloud-storage, pathspec, typed-ast, regex, appdirs, toml, black, mccabe, pyflakes, pycodestyle, flake8, typing-extensions, mypy-extensions, mypy, packaging, py, more-itertools, pluggy, pytest, coverage, pytest-cov, filelock, distlib, importlib-resources, virtualenv, tox, PTable, pip-licenses, seldon-core
  Attempting uninstall: tornado
    Found existing installation: tornado 6.0.4
    Uninstalling tornado-6.0.4:
      Successfully uninstalled tornado-6.0.4
  Running setup.py develop for seldon-core
Successfully installed Flask-1.1.1 Flask-OpenTracing-1.1.0 Flask-cors-3.0.8 PTable-0.9.2 appdirs-1.4.3 azure-common-1.1.25 azure-storage-blob-2.1.0 azure-storage-common-2.1.0 black-19.10b0 cachetools-4.0.0 cffi-1.14.0 click-7.1.1 configparser-5.0.0 coverage-4.5.4 cryptography-2.8 distlib-0.3.0 filelock-3.0.12 flake8-3.7.9 flatbuffers-1.12 google-api-core-1.16.0 google-auth-1.12.0 google-cloud-core-1.3.0 google-cloud-storage-1.26.0 google-resumable-media-0.5.0 googleapis-common-protos-1.51.0 grpcio-opentracing-1.1.4 gunicorn-20.0.4 importlib-resources-1.4.0 itsdangerous-1.1.0 jaeger-client-4.1.0 mccabe-0.6.1 minio-5.0.8 more-itertools-8.2.0 mypy-0.770 mypy-extensions-0.4.3 opentracing-2.2.0 packaging-20.3 pathspec-0.7.0 pip-licenses-2.1.1 pluggy-0.13.1 py-1.8.1 pyaml-19.12.0 pyasn1-0.4.8 pyasn1-modules-0.2.8 pycodestyle-2.5.0 pycparser-2.20 pyflakes-2.1.1 pytest-5.4.1 pytest-cov-2.8.1 redis-3.4.1 regex-2020.2.20 rsa-4.0 seldon-core threadloop-1.0.2 thrift-0.13.0 toml-0.10.0 tornado-5.1.1 tox-3.14.6 typed-ast-1.4.1 typing-extensions-3.7.4.1 virtualenv-20.0.15
make: Leaving directory '/workspace/source/python'
cp ../../proto/prediction.proto ./proto
cd ../../proto/tensorflow && make create_protos
make[1]: Entering directory '/workspace/source/proto/tensorflow'
./create-protos.sh
Downloading proto files for master
make[1]: Leaving directory '/workspace/source/proto/tensorflow'
cp -vr ../../proto/tensorflow/tensorflow .
'../../proto/tensorflow/tensorflow' -> './tensorflow'
'../../proto/tensorflow/tensorflow/core' -> './tensorflow/core'
'../../proto/tensorflow/tensorflow/core/framework' -> './tensorflow/core/framework'
'../../proto/tensorflow/tensorflow/core/framework/types.proto' -> './tensorflow/core/framework/types.proto'
'../../proto/tensorflow/tensorflow/core/framework/resource_handle.proto' -> './tensorflow/core/framework/resource_handle.proto'
'../../proto/tensorflow/tensorflow/core/framework/tensor_shape.proto' -> './tensorflow/core/framework/tensor_shape.proto'
'../../proto/tensorflow/tensorflow/core/framework/tensor.proto' -> './tensorflow/core/framework/tensor.proto'
python -m grpc.tools.protoc -I. --python_out=. --grpc_python_out=. ./proto/prediction.proto
cd ../../notebooks && make build_protos
make[1]: Entering directory '/workspace/source/notebooks'
cd ../proto/tensorflow && make create_protos
make[2]: Entering directory '/workspace/source/proto/tensorflow'
make[2]: Nothing to be done for 'create_protos'.
make[2]: Leaving directory '/workspace/source/proto/tensorflow'
cp -vr ../proto/tensorflow/tensorflow .
'../proto/tensorflow/tensorflow' -> './tensorflow'
'../proto/tensorflow/tensorflow/core' -> './tensorflow/core'
'../proto/tensorflow/tensorflow/core/framework' -> './tensorflow/core/framework'
'../proto/tensorflow/tensorflow/core/framework/types.proto' -> './tensorflow/core/framework/types.proto'
'../proto/tensorflow/tensorflow/core/framework/resource_handle.proto' -> './tensorflow/core/framework/resource_handle.proto'
'../proto/tensorflow/tensorflow/core/framework/tensor_shape.proto' -> './tensorflow/core/framework/tensor_shape.proto'
'../proto/tensorflow/tensorflow/core/framework/tensor.proto' -> './tensorflow/core/framework/tensor.proto'
cp ../proto/prediction.proto ./proto
python -m grpc.tools.protoc -I. --python_out=. --grpc_python_out=. ./proto/prediction.proto
make[1]: Leaving directory '/workspace/source/notebooks'
cd ../../proto/k8s && make create_protos
make[1]: Entering directory '/workspace/source/proto/k8s'
./create-k8s-protos.sh
Downloading proto files for master
Munging proto file packages
sed -i.bak 's|import "k8s.io/apiextensions-apiserver/|//import "k8s.io/apiextensions-apiserver/|' k8s.io/api/core/v1/generated.proto
rm k8s.io/api/core/v1/generated.proto.bak
make[1]: Leaving directory '/workspace/source/proto/k8s'
pip install -r dev_requirements.txt
Collecting pytest==5.3.1
  Downloading pytest-5.3.1-py3-none-any.whl (233 kB)
Collecting pytest-xdist==1.30.0
  Downloading pytest_xdist-1.30.0-py2.py3-none-any.whl (35 kB)
Requirement already satisfied: pytest-cov==2.8.1 in /usr/local/lib/python3.6/site-packages (from -r dev_requirements.txt (line 3)) (2.8.1)
Collecting flaky==3.6.1
  Downloading flaky-3.6.1-py2.py3-none-any.whl (22 kB)
Collecting tenacity==6.0.0
  Downloading tenacity-6.0.0-py2.py3-none-any.whl (24 kB)
Requirement already satisfied: ipython==7.13.0 in /usr/local/lib/python3.6/site-packages (from -r dev_requirements.txt (line 8)) (7.13.0)
Requirement already satisfied: nbconvert==5.6.1 in /usr/local/lib/python3.6/site-packages (from -r dev_requirements.txt (line 9)) (5.6.1)
Requirement already satisfied: alibi==0.3.2 in /usr/local/lib/python3.6/site-packages (from -r dev_requirements.txt (line 10)) (0.3.2)
Collecting matplotlib==3.1.3
  Downloading matplotlib-3.1.3-cp36-cp36m-manylinux1_x86_64.whl (13.1 MB)
Requirement already satisfied: tensorflow==1.15.2 in /usr/local/lib/python3.6/site-packages (from -r dev_requirements.txt (line 12)) (1.15.2)
Requirement already satisfied: coverage==4.5.4 in /usr/local/lib/python3.6/site-packages (from -r dev_requirements.txt (line 15)) (4.5.4)
Requirement already satisfied: py>=1.5.0 in /usr/local/lib/python3.6/site-packages (from pytest==5.3.1->-r dev_requirements.txt (line 1)) (1.8.1)
Requirement already satisfied: importlib-metadata>=0.12; python_version < "3.8" in /usr/local/lib/python3.6/site-packages (from pytest==5.3.1->-r dev_requirements.txt (line 1)) (1.5.0)
Requirement already satisfied: more-itertools>=4.0.0 in /usr/local/lib/python3.6/site-packages (from pytest==5.3.1->-r dev_requirements.txt (line 1)) (8.2.0)
Requirement already satisfied: packaging in /usr/local/lib/python3.6/site-packages (from pytest==5.3.1->-r dev_requirements.txt (line 1)) (20.3)
Requirement already satisfied: wcwidth in /usr/local/lib/python3.6/site-packages (from pytest==5.3.1->-r dev_requirements.txt (line 1)) (0.1.8)
Requirement already satisfied: attrs>=17.4.0 in /usr/local/lib/python3.6/site-packages (from pytest==5.3.1->-r dev_requirements.txt (line 1)) (19.3.0)
Requirement already satisfied: pluggy<1.0,>=0.12 in /usr/local/lib/python3.6/site-packages (from pytest==5.3.1->-r dev_requirements.txt (line 1)) (0.13.1)
Collecting pytest-forked
  Downloading pytest_forked-1.1.3-py2.py3-none-any.whl (4.5 kB)
Collecting execnet>=1.1
  Downloading execnet-1.7.1-py2.py3-none-any.whl (39 kB)
Requirement already satisfied: six in /usr/local/lib/python3.6/site-packages (from pytest-xdist==1.30.0->-r dev_requirements.txt (line 2)) (1.14.0)
Requirement already satisfied: pickleshare in /usr/local/lib/python3.6/site-packages (from ipython==7.13.0->-r dev_requirements.txt (line 8)) (0.7.5)
Requirement already satisfied: jedi>=0.10 in /usr/local/lib/python3.6/site-packages (from ipython==7.13.0->-r dev_requirements.txt (line 8)) (0.16.0)
Requirement already satisfied: setuptools>=18.5 in /usr/local/lib/python3.6/site-packages (from ipython==7.13.0->-r dev_requirements.txt (line 8)) (45.2.0)
Requirement already satisfied: pygments in /usr/local/lib/python3.6/site-packages (from ipython==7.13.0->-r dev_requirements.txt (line 8)) (2.5.2)
Requirement already satisfied: pexpect; sys_platform != "win32" in /usr/local/lib/python3.6/site-packages (from ipython==7.13.0->-r dev_requirements.txt (line 8)) (4.8.0)
Requirement already satisfied: backcall in /usr/local/lib/python3.6/site-packages (from ipython==7.13.0->-r dev_requirements.txt (line 8)) (0.1.0)
Requirement already satisfied: traitlets>=4.2 in /usr/local/lib/python3.6/site-packages (from ipython==7.13.0->-r dev_requirements.txt (line 8)) (4.3.3)
Requirement already satisfied: prompt-toolkit!=3.0.0,!=3.0.1,<3.1.0,>=2.0.0 in /usr/local/lib/python3.6/site-packages (from ipython==7.13.0->-r dev_requirements.txt (line 8)) (3.0.4)
Requirement already satisfied: decorator in /usr/local/lib/python3.6/site-packages (from ipython==7.13.0->-r dev_requirements.txt (line 8)) (4.4.2)
Requirement already satisfied: mistune<2,>=0.8.1 in /usr/local/lib/python3.6/site-packages (from nbconvert==5.6.1->-r dev_requirements.txt (line 9)) (0.8.4)
Requirement already satisfied: defusedxml in /usr/local/lib/python3.6/site-packages (from nbconvert==5.6.1->-r dev_requirements.txt (line 9)) (0.6.0)
Requirement already satisfied: entrypoints>=0.2.2 in /usr/local/lib/python3.6/site-packages (from nbconvert==5.6.1->-r dev_requirements.txt (line 9)) (0.3)
Requirement already satisfied: pandocfilters>=1.4.1 in /usr/local/lib/python3.6/site-packages (from nbconvert==5.6.1->-r dev_requirements.txt (line 9)) (1.4.2)
Requirement already satisfied: bleach in /usr/local/lib/python3.6/site-packages (from nbconvert==5.6.1->-r dev_requirements.txt (line 9)) (3.1.1)
Requirement already satisfied: jinja2>=2.4 in /usr/local/lib/python3.6/site-packages (from nbconvert==5.6.1->-r dev_requirements.txt (line 9)) (2.11.1)
Requirement already satisfied: jupyter-core in /usr/local/lib/python3.6/site-packages (from nbconvert==5.6.1->-r dev_requirements.txt (line 9)) (4.6.3)
Requirement already satisfied: nbformat>=4.4 in /usr/local/lib/python3.6/site-packages (from nbconvert==5.6.1->-r dev_requirements.txt (line 9)) (5.0.4)
Requirement already satisfied: testpath in /usr/local/lib/python3.6/site-packages (from nbconvert==5.6.1->-r dev_requirements.txt (line 9)) (0.4.4)
Requirement already satisfied: scikit-image in /usr/local/lib/python3.6/site-packages (from alibi==0.3.2->-r dev_requirements.txt (line 10)) (0.16.2)
Requirement already satisfied: spacy in /usr/local/lib/python3.6/site-packages (from alibi==0.3.2->-r dev_requirements.txt (line 10)) (2.2.3)
Requirement already satisfied: numpy in /usr/local/lib/python3.6/site-packages (from alibi==0.3.2->-r dev_requirements.txt (line 10)) (1.18.1)
Requirement already satisfied: Pillow in /usr/local/lib/python3.6/site-packages (from alibi==0.3.2->-r dev_requirements.txt (line 10)) (7.0.0)
Requirement already satisfied: scikit-learn in /usr/local/lib/python3.6/site-packages (from alibi==0.3.2->-r dev_requirements.txt (line 10)) (0.22.2.post1)
Requirement already satisfied: pandas in /usr/local/lib/python3.6/site-packages (from alibi==0.3.2->-r dev_requirements.txt (line 10)) (1.0.1)
Requirement already satisfied: beautifulsoup4 in /usr/local/lib/python3.6/site-packages (from alibi==0.3.2->-r dev_requirements.txt (line 10)) (4.8.2)
Requirement already satisfied: requests in /usr/local/lib/python3.6/site-packages (from alibi==0.3.2->-r dev_requirements.txt (line 10)) (2.23.0)
Requirement already satisfied: pyparsing!=2.0.4,!=2.1.2,!=2.1.6,>=2.0.1 in /usr/local/lib/python3.6/site-packages (from matplotlib==3.1.3->-r dev_requirements.txt (line 11)) (2.4.6)
Requirement already satisfied: kiwisolver>=1.0.1 in /usr/local/lib/python3.6/site-packages (from matplotlib==3.1.3->-r dev_requirements.txt (line 11)) (1.1.0)
Requirement already satisfied: cycler>=0.10 in /usr/local/lib/python3.6/site-packages (from matplotlib==3.1.3->-r dev_requirements.txt (line 11)) (0.10.0)
Requirement already satisfied: python-dateutil>=2.1 in /usr/local/lib/python3.6/site-packages (from matplotlib==3.1.3->-r dev_requirements.txt (line 11)) (2.8.1)
Requirement already satisfied: absl-py>=0.7.0 in /usr/local/lib/python3.6/site-packages (from tensorflow==1.15.2->-r dev_requirements.txt (line 12)) (0.9.0)
Requirement already satisfied: wrapt>=1.11.1 in /usr/local/lib/python3.6/site-packages (from tensorflow==1.15.2->-r dev_requirements.txt (line 12)) (1.12.0)
Requirement already satisfied: astor>=0.6.0 in /usr/local/lib/python3.6/site-packages (from tensorflow==1.15.2->-r dev_requirements.txt (line 12)) (0.8.1)
Requirement already satisfied: termcolor>=1.1.0 in /usr/local/lib/python3.6/site-packages (from tensorflow==1.15.2->-r dev_requirements.txt (line 12)) (1.1.0)
Requirement already satisfied: wheel>=0.26; python_version >= "3" in /usr/local/lib/python3.6/site-packages (from tensorflow==1.15.2->-r dev_requirements.txt (line 12)) (0.34.2)
Requirement already satisfied: opt-einsum>=2.3.2 in /usr/local/lib/python3.6/site-packages (from tensorflow==1.15.2->-r dev_requirements.txt (line 12)) (3.2.0)
Requirement already satisfied: tensorboard<1.16.0,>=1.15.0 in /usr/local/lib/python3.6/site-packages (from tensorflow==1.15.2->-r dev_requirements.txt (line 12)) (1.15.0)
Requirement already satisfied: protobuf>=3.6.1 in /usr/local/lib/python3.6/site-packages (from tensorflow==1.15.2->-r dev_requirements.txt (line 12)) (3.11.3)
Requirement already satisfied: tensorflow-estimator==1.15.1 in /usr/local/lib/python3.6/site-packages (from tensorflow==1.15.2->-r dev_requirements.txt (line 12)) (1.15.1)
Requirement already satisfied: keras-applications>=1.0.8 in /usr/local/lib/python3.6/site-packages (from tensorflow==1.15.2->-r dev_requirements.txt (line 12)) (1.0.8)
Requirement already satisfied: gast==0.2.2 in /usr/local/lib/python3.6/site-packages (from tensorflow==1.15.2->-r dev_requirements.txt (line 12)) (0.2.2)
Requirement already satisfied: grpcio>=1.8.6 in /usr/local/lib/python3.6/site-packages (from tensorflow==1.15.2->-r dev_requirements.txt (line 12)) (1.27.2)
Requirement already satisfied: keras-preprocessing>=1.0.5 in /usr/local/lib/python3.6/site-packages (from tensorflow==1.15.2->-r dev_requirements.txt (line 12)) (1.1.0)
Requirement already satisfied: google-pasta>=0.1.6 in /usr/local/lib/python3.6/site-packages (from tensorflow==1.15.2->-r dev_requirements.txt (line 12)) (0.1.8)
Requirement already satisfied: zipp>=0.5 in /usr/local/lib/python3.6/site-packages (from importlib-metadata>=0.12; python_version < "3.8"->pytest==5.3.1->-r dev_requirements.txt (line 1)) (3.1.0)
Collecting apipkg>=1.4
  Downloading apipkg-1.5-py2.py3-none-any.whl (4.9 kB)
Requirement already satisfied: parso>=0.5.2 in /usr/local/lib/python3.6/site-packages (from jedi>=0.10->ipython==7.13.0->-r dev_requirements.txt (line 8)) (0.6.2)
Requirement already satisfied: ptyprocess>=0.5 in /usr/local/lib/python3.6/site-packages (from pexpect; sys_platform != "win32"->ipython==7.13.0->-r dev_requirements.txt (line 8)) (0.6.0)
Requirement already satisfied: ipython-genutils in /usr/local/lib/python3.6/site-packages (from traitlets>=4.2->ipython==7.13.0->-r dev_requirements.txt (line 8)) (0.2.0)
Requirement already satisfied: webencodings in /usr/local/lib/python3.6/site-packages (from bleach->nbconvert==5.6.1->-r dev_requirements.txt (line 9)) (0.5.1)
Requirement already satisfied: MarkupSafe>=0.23 in /usr/local/lib/python3.6/site-packages (from jinja2>=2.4->nbconvert==5.6.1->-r dev_requirements.txt (line 9)) (1.1.1)
Requirement already satisfied: jsonschema!=2.5.0,>=2.4 in /usr/local/lib/python3.6/site-packages (from nbformat>=4.4->nbconvert==5.6.1->-r dev_requirements.txt (line 9)) (3.2.0)
Requirement already satisfied: imageio>=2.3.0 in /usr/local/lib/python3.6/site-packages (from scikit-image->alibi==0.3.2->-r dev_requirements.txt (line 10)) (2.8.0)
Requirement already satisfied: scipy>=0.19.0 in /usr/local/lib/python3.6/site-packages (from scikit-image->alibi==0.3.2->-r dev_requirements.txt (line 10)) (1.4.1)
Requirement already satisfied: networkx>=2.0 in /usr/local/lib/python3.6/site-packages (from scikit-image->alibi==0.3.2->-r dev_requirements.txt (line 10)) (2.4)
Requirement already satisfied: PyWavelets>=0.4.0 in /usr/local/lib/python3.6/site-packages (from scikit-image->alibi==0.3.2->-r dev_requirements.txt (line 10)) (1.1.1)
Requirement already satisfied: plac<1.2.0,>=0.9.6 in /usr/local/lib/python3.6/site-packages (from spacy->alibi==0.3.2->-r dev_requirements.txt (line 10)) (1.1.3)
Requirement already satisfied: wasabi<1.1.0,>=0.4.0 in /usr/local/lib/python3.6/site-packages (from spacy->alibi==0.3.2->-r dev_requirements.txt (line 10)) (0.6.0)
Requirement already satisfied: cymem<2.1.0,>=2.0.2 in /usr/local/lib/python3.6/site-packages (from spacy->alibi==0.3.2->-r dev_requirements.txt (line 10)) (2.0.3)
Requirement already satisfied: thinc<7.4.0,>=7.3.0 in /usr/local/lib/python3.6/site-packages (from spacy->alibi==0.3.2->-r dev_requirements.txt (line 10)) (7.3.1)
Requirement already satisfied: srsly<1.1.0,>=0.1.0 in /usr/local/lib/python3.6/site-packages (from spacy->alibi==0.3.2->-r dev_requirements.txt (line 10)) (1.0.2)
Requirement already satisfied: catalogue<1.1.0,>=0.0.7 in /usr/local/lib/python3.6/site-packages (from spacy->alibi==0.3.2->-r dev_requirements.txt (line 10)) (1.0.0)
Requirement already satisfied: murmurhash<1.1.0,>=0.28.0 in /usr/local/lib/python3.6/site-packages (from spacy->alibi==0.3.2->-r dev_requirements.txt (line 10)) (1.0.2)
Requirement already satisfied: preshed<3.1.0,>=3.0.2 in /usr/local/lib/python3.6/site-packages (from spacy->alibi==0.3.2->-r dev_requirements.txt (line 10)) (3.0.2)
Requirement already satisfied: blis<0.5.0,>=0.4.0 in /usr/local/lib/python3.6/site-packages (from spacy->alibi==0.3.2->-r dev_requirements.txt (line 10)) (0.4.1)
Requirement already satisfied: joblib>=0.11 in /usr/local/lib/python3.6/site-packages (from scikit-learn->alibi==0.3.2->-r dev_requirements.txt (line 10)) (0.14.1)
Requirement already satisfied: pytz>=2017.2 in /usr/local/lib/python3.6/site-packages (from pandas->alibi==0.3.2->-r dev_requirements.txt (line 10)) (2019.3)
Requirement already satisfied: soupsieve>=1.2 in /usr/local/lib/python3.6/site-packages (from beautifulsoup4->alibi==0.3.2->-r dev_requirements.txt (line 10)) (2.0)
Requirement already satisfied: idna<3,>=2.5 in /usr/local/lib/python3.6/site-packages (from requests->alibi==0.3.2->-r dev_requirements.txt (line 10)) (2.9)
Requirement already satisfied: chardet<4,>=3.0.2 in /usr/local/lib/python3.6/site-packages (from requests->alibi==0.3.2->-r dev_requirements.txt (line 10)) (3.0.4)
Requirement already satisfied: certifi>=2017.4.17 in /usr/local/lib/python3.6/site-packages (from requests->alibi==0.3.2->-r dev_requirements.txt (line 10)) (2019.11.28)
Requirement already satisfied: urllib3!=1.25.0,!=1.25.1,<1.26,>=1.21.1 in /usr/local/lib/python3.6/site-packages (from requests->alibi==0.3.2->-r dev_requirements.txt (line 10)) (1.25.8)
Requirement already satisfied: markdown>=2.6.8 in /usr/local/lib/python3.6/site-packages (from tensorboard<1.16.0,>=1.15.0->tensorflow==1.15.2->-r dev_requirements.txt (line 12)) (3.2.1)
Requirement already satisfied: werkzeug>=0.11.15 in /usr/local/lib/python3.6/site-packages (from tensorboard<1.16.0,>=1.15.0->tensorflow==1.15.2->-r dev_requirements.txt (line 12)) (1.0.0)
Requirement already satisfied: h5py in /usr/local/lib/python3.6/site-packages (from keras-applications>=1.0.8->tensorflow==1.15.2->-r dev_requirements.txt (line 12)) (2.10.0)
Requirement already satisfied: pyrsistent>=0.14.0 in /usr/local/lib/python3.6/site-packages (from jsonschema!=2.5.0,>=2.4->nbformat>=4.4->nbconvert==5.6.1->-r dev_requirements.txt (line 9)) (0.15.7)
Requirement already satisfied: tqdm<5.0.0,>=4.10.0 in /usr/local/lib/python3.6/site-packages (from thinc<7.4.0,>=7.3.0->spacy->alibi==0.3.2->-r dev_requirements.txt (line 10)) (4.43.0)
Installing collected packages: pytest, pytest-forked, apipkg, execnet, pytest-xdist, flaky, tenacity, matplotlib
  Attempting uninstall: pytest
    Found existing installation: pytest 5.4.1
    Uninstalling pytest-5.4.1:
      Successfully uninstalled pytest-5.4.1
  Attempting uninstall: matplotlib
    Found existing installation: matplotlib 3.2.0
    Uninstalling matplotlib-3.2.0:
      Successfully uninstalled matplotlib-3.2.0
Successfully installed apipkg-1.5 execnet-1.7.1 flaky-3.6.1 matplotlib-3.1.3 pytest-5.3.1 pytest-forked-1.1.3 pytest-xdist-1.30.0 tenacity-6.0.0
pip install -e ../../python
Obtaining file:///workspace/source/python
Requirement already satisfied: Flask<2.0.0 in /usr/local/lib/python3.6/site-packages (from seldon-core==1.0.2) (1.1.1)
Requirement already satisfied: Flask-cors<4.0.0 in /usr/local/lib/python3.6/site-packages (from seldon-core==1.0.2) (3.0.8)
Requirement already satisfied: redis<4.0.0 in /usr/local/lib/python3.6/site-packages (from seldon-core==1.0.2) (3.4.1)
Requirement already satisfied: requests<3.0.0 in /usr/local/lib/python3.6/site-packages (from seldon-core==1.0.2) (2.23.0)
Requirement already satisfied: numpy<2.0.0 in /usr/local/lib/python3.6/site-packages (from seldon-core==1.0.2) (1.18.1)
Requirement already satisfied: flatbuffers<2.0.0 in /usr/local/lib/python3.6/site-packages (from seldon-core==1.0.2) (1.12)
Requirement already satisfied: protobuf<4.0.0 in /usr/local/lib/python3.6/site-packages (from seldon-core==1.0.2) (3.11.3)
Requirement already satisfied: grpcio<2.0.0 in /usr/local/lib/python3.6/site-packages (from seldon-core==1.0.2) (1.27.2)
Requirement already satisfied: Flask-OpenTracing<1.2.0,>=1.1.0 in /usr/local/lib/python3.6/site-packages (from seldon-core==1.0.2) (1.1.0)
Requirement already satisfied: opentracing<2.3.0,>=2.2.0 in /usr/local/lib/python3.6/site-packages (from seldon-core==1.0.2) (2.2.0)
Requirement already satisfied: jaeger-client<4.2.0,>=4.1.0 in /usr/local/lib/python3.6/site-packages (from seldon-core==1.0.2) (4.1.0)
Requirement already satisfied: grpcio-opentracing<1.2.0,>=1.1.4 in /usr/local/lib/python3.6/site-packages (from seldon-core==1.0.2) (1.1.4)
Requirement already satisfied: pyaml<20.0.0 in /usr/local/lib/python3.6/site-packages (from seldon-core==1.0.2) (19.12.0)
Requirement already satisfied: gunicorn<20.1.0,>=19.9.0 in /usr/local/lib/python3.6/site-packages (from seldon-core==1.0.2) (20.0.4)
Requirement already satisfied: minio<6.0.0,>=4.0.9 in /usr/local/lib/python3.6/site-packages (from seldon-core==1.0.2) (5.0.8)
Requirement already satisfied: azure-storage-blob<3.0.0,>=2.0.1 in /usr/local/lib/python3.6/site-packages (from seldon-core==1.0.2) (2.1.0)
Requirement already satisfied: setuptools>=41.0.0 in /usr/local/lib/python3.6/site-packages (from seldon-core==1.0.2) (45.2.0)
Requirement already satisfied: prometheus_client<0.8.0,>=0.7.1 in /usr/local/lib/python3.6/site-packages (from seldon-core==1.0.2) (0.7.1)
Requirement already satisfied: Werkzeug>=0.15 in /usr/local/lib/python3.6/site-packages (from Flask<2.0.0->seldon-core==1.0.2) (1.0.0)
Requirement already satisfied: itsdangerous>=0.24 in /usr/local/lib/python3.6/site-packages (from Flask<2.0.0->seldon-core==1.0.2) (1.1.0)
Requirement already satisfied: click>=5.1 in /usr/local/lib/python3.6/site-packages (from Flask<2.0.0->seldon-core==1.0.2) (7.1.1)
Requirement already satisfied: Jinja2>=2.10.1 in /usr/local/lib/python3.6/site-packages (from Flask<2.0.0->seldon-core==1.0.2) (2.11.1)
Requirement already satisfied: Six in /usr/local/lib/python3.6/site-packages (from Flask-cors<4.0.0->seldon-core==1.0.2) (1.14.0)
Requirement already satisfied: urllib3!=1.25.0,!=1.25.1,<1.26,>=1.21.1 in /usr/local/lib/python3.6/site-packages (from requests<3.0.0->seldon-core==1.0.2) (1.25.8)
Requirement already satisfied: chardet<4,>=3.0.2 in /usr/local/lib/python3.6/site-packages (from requests<3.0.0->seldon-core==1.0.2) (3.0.4)
Requirement already satisfied: certifi>=2017.4.17 in /usr/local/lib/python3.6/site-packages (from requests<3.0.0->seldon-core==1.0.2) (2019.11.28)
Requirement already satisfied: idna<3,>=2.5 in /usr/local/lib/python3.6/site-packages (from requests<3.0.0->seldon-core==1.0.2) (2.9)
Requirement already satisfied: tornado<6,>=4.3 in /usr/local/lib/python3.6/site-packages (from jaeger-client<4.2.0,>=4.1.0->seldon-core==1.0.2) (5.1.1)
Requirement already satisfied: thrift in /usr/local/lib/python3.6/site-packages (from jaeger-client<4.2.0,>=4.1.0->seldon-core==1.0.2) (0.13.0)
Requirement already satisfied: threadloop<2,>=1 in /usr/local/lib/python3.6/site-packages (from jaeger-client<4.2.0,>=4.1.0->seldon-core==1.0.2) (1.0.2)
Requirement already satisfied: PyYAML in /usr/local/lib/python3.6/site-packages (from pyaml<20.0.0->seldon-core==1.0.2) (5.3)
Requirement already satisfied: python-dateutil in /usr/local/lib/python3.6/site-packages (from minio<6.0.0,>=4.0.9->seldon-core==1.0.2) (2.8.1)
Requirement already satisfied: configparser in /usr/local/lib/python3.6/site-packages (from minio<6.0.0,>=4.0.9->seldon-core==1.0.2) (5.0.0)
Requirement already satisfied: pytz in /usr/local/lib/python3.6/site-packages (from minio<6.0.0,>=4.0.9->seldon-core==1.0.2) (2019.3)
Requirement already satisfied: azure-storage-common~=2.1 in /usr/local/lib/python3.6/site-packages (from azure-storage-blob<3.0.0,>=2.0.1->seldon-core==1.0.2) (2.1.0)
Requirement already satisfied: azure-common>=1.1.5 in /usr/local/lib/python3.6/site-packages (from azure-storage-blob<3.0.0,>=2.0.1->seldon-core==1.0.2) (1.1.25)
Requirement already satisfied: MarkupSafe>=0.23 in /usr/local/lib/python3.6/site-packages (from Jinja2>=2.10.1->Flask<2.0.0->seldon-core==1.0.2) (1.1.1)
Requirement already satisfied: cryptography in /usr/local/lib/python3.6/site-packages (from azure-storage-common~=2.1->azure-storage-blob<3.0.0,>=2.0.1->seldon-core==1.0.2) (2.8)
Requirement already satisfied: cffi!=1.11.3,>=1.8 in /usr/local/lib/python3.6/site-packages (from cryptography->azure-storage-common~=2.1->azure-storage-blob<3.0.0,>=2.0.1->seldon-core==1.0.2) (1.14.0)
Requirement already satisfied: pycparser in /usr/local/lib/python3.6/site-packages (from cffi!=1.11.3,>=1.8->cryptography->azure-storage-common~=2.1->azure-storage-blob<3.0.0,>=2.0.1->seldon-core==1.0.2) (2.20)
Installing collected packages: seldon-core
  Attempting uninstall: seldon-core
    Found existing installation: seldon-core 1.0.2
    Uninstalling seldon-core-1.0.2:
      Successfully uninstalled seldon-core-1.0.2
  Running setup.py develop for seldon-core
Successfully installed seldon-core
pytest \
	--verbose \
	-s \
	-m "notebooks" \
	-W ignore test_notebooks.py::TestNotebooks 2>&1
============================= test session starts ==============================
platform linux -- Python 3.6.10, pytest-5.3.1, py-1.8.1, pluggy-0.13.1 -- /usr/local/bin/python
cachedir: .pytest_cache
rootdir: /workspace/source/testing/scripts, inifile: setup.cfg
plugins: xdist-1.30.0, forked-1.1.3, flaky-3.6.1, cov-2.8.1
collecting ... collected 21 items

test_notebooks.py::TestNotebooks::test_helm_examples [NbConvertApp] Converting notebook ../../notebooks/helm_examples.ipynb to script
[NbConvertApp] Writing 6589 bytes to ../../notebooks/helm_examples.py

PODS UPDATE: NAMESPACE       NAME                                         READY   STATUS    RESTARTS   AGE


PODS UPDATE: cert-manager    cert-manager-5c47f46f57-srcn6                1/1     Running   0          102s


PODS UPDATE: cert-manager    cert-manager-cainjector-6659d6844d-xgkpb     1/1     Running   0          102s


PODS UPDATE: cert-manager    cert-manager-webhook-547567b88f-667d2        1/1     Running   0          102s


PODS UPDATE: istio-system    grafana-6b65874977-9t665                     1/1     Running   0          3m8s


PODS UPDATE: istio-system    istio-citadel-86dcf4c6b-hfmx6                1/1     Running   0          3m8s


PODS UPDATE: istio-system    istio-egressgateway-68f754ccdd-h7zks         1/1     Running   0          3m9s


PODS UPDATE: istio-system    istio-galley-5fc6d6c45b-pn6lg                1/1     Running   0          3m8s


PODS UPDATE: istio-system    istio-ingressgateway-6d759478d8-6wcs8        1/1     Running   0          3m6s


PODS UPDATE: istio-system    istio-pilot-5c4995d687-g4wwj                 1/1     Running   0          3m7s


PODS UPDATE: istio-system    istio-policy-57b99968f-frh8g                 1/1     Running   0          3m7s


PODS UPDATE: istio-system    istio-sidecar-injector-746f7c7bbb-h5hgm      1/1     Running   0          3m7s


PODS UPDATE: istio-system    istio-telemetry-854d8556d5-w9h6s             1/1     Running   0          3m6s


PODS UPDATE: istio-system    istio-tracing-c66d67cd9-k7jws                1/1     Running   0          3m6s


PODS UPDATE: istio-system    kiali-8559969566-vzs52                       1/1     Running   0          3m7s


PODS UPDATE: istio-system    prometheus-66c5887c86-4vw2p                  1/1     Running   0          3m7s


PODS UPDATE: kube-system     coredns-5644d7b6d9-4ntv9                     1/1     Running   0          11m


PODS UPDATE: kube-system     coredns-5644d7b6d9-9sr87                     1/1     Running   0          11m


PODS UPDATE: kube-system     etcd-kind-control-plane                      1/1     Running   0          10m


PODS UPDATE: kube-system     kindnet-lwgr7                                1/1     Running   0          11m


PODS UPDATE: kube-system     kindnet-wzwdt                                1/1     Running   0          11m


PODS UPDATE: kube-system     kube-apiserver-kind-control-plane            1/1     Running   0          10m


PODS UPDATE: kube-system     kube-controller-manager-kind-control-plane   1/1     Running   0          10m


PODS UPDATE: kube-system     kube-proxy-ghlgj                             1/1     Running   0          11m


PODS UPDATE: kube-system     kube-proxy-sbf48                             1/1     Running   0          11m


PODS UPDATE: kube-system     kube-scheduler-kind-control-plane            1/1     Running   0          10m


PODS UPDATE: kube-system     metrics-server-787cbd4d5d-klzk6              1/1     Running   0          55s


PODS UPDATE: seldon-system   seldon-controller-manager-7b4679996-znfpp    1/1     Running   0          72s


PODS UPDATE: seldon          ambassador-689859d47c-7wx2k                  1/1     Running   0          3m58s


PODS UPDATE: seldon          jaeger-7d5559d958-rwpdn                      1/1     Running   0          101s


PODS UPDATE: seldon          jaeger-operator-56bd4fb86f-ph688             1/1     Running   0          118s


PODS UPDATE: seldon          mymodel-default-0-classifier-77777b579c-shtqh   0/2     Pending   0          0s


PODS UPDATE: seldon          mymodel-default-0-classifier-77777b579c-shtqh   0/2     Pending   0          0s


PODS UPDATE: seldon          mymodel-default-0-classifier-77777b579c-shtqh   0/2     ContainerCreating   0          0s


PODS UPDATE: seldon          mymodel-default-0-classifier-77777b579c-shtqh   0/2     Running             0          84s


PODS UPDATE: seldon          mymodel-default-0-classifier-77777b579c-shtqh   1/2     Running             0          103s


PODS UPDATE: seldon          mymodel-default-0-classifier-77777b579c-shtqh   2/2     Running             0          108s


PODS UPDATE: seldon          mymodel-default-0-classifier-77777b579c-shtqh   2/2     Terminating         0          2m3s


PODS UPDATE: seldon          mymodel-default-0-classifier-8b86c5d5-6vcbf     0/2     Pending             0          0s


PODS UPDATE: seldon          mymodel-default-0-classifier-8b86c5d5-6vcbf     0/2     Pending             0          0s


PODS UPDATE: seldon          mymodel-default-0-classifier-8b86c5d5-6vcbf     0/2     ContainerCreating   0          0s


PODS UPDATE: seldon          mymodel-default-0-classifier-77777b579c-shtqh   1/2     Terminating         0          2m18s


PODS UPDATE: seldon          mymodel-default-0-classifier-77777b579c-shtqh   0/2     Terminating         0          2m31s


PODS UPDATE: seldon          mymodel-default-0-classifier-77777b579c-shtqh   0/2     Terminating         0          2m38s


PODS UPDATE: seldon          mymodel-default-0-classifier-77777b579c-shtqh   0/2     Terminating         0          2m38s


PODS UPDATE: seldon          mymodel-default-0-classifier-8b86c5d5-6vcbf     0/2     Running             0          45s


PODS UPDATE: seldon          mymodel-default-0-classifier-8b86c5d5-6vcbf     1/2     Running             0          64s


PODS UPDATE: seldon          mymodel-default-0-classifier-8b86c5d5-6vcbf     2/2     Running             0          66s


PODS UPDATE: seldon          mymodel-default-0-classifier-8b86c5d5-6vcbf     2/2     Terminating         0          79s


PODS UPDATE: seldon          myabtest-default-1-classifier-2-b8c7b489d-h7wl8   0/1     Pending             0          0s


PODS UPDATE: seldon          myabtest-default-0-classifier-1-76cbbdbdb7-bjvtj   0/2     Pending             0          0s


PODS UPDATE: seldon          myabtest-default-1-classifier-2-b8c7b489d-h7wl8    0/1     Pending             0          0s


PODS UPDATE: seldon          myabtest-default-0-classifier-1-76cbbdbdb7-bjvtj   0/2     Pending             0          0s


PODS UPDATE: seldon          myabtest-default-1-classifier-2-b8c7b489d-h7wl8    0/1     ContainerCreating   0          0s


PODS UPDATE: seldon          myabtest-default-0-classifier-1-76cbbdbdb7-bjvtj   0/2     ContainerCreating   0          0s


PODS UPDATE: seldon          myabtest-default-0-classifier-1-76cbbdbdb7-bjvtj   0/2     Running             0          2s


PODS UPDATE: seldon          myabtest-default-1-classifier-2-b8c7b489d-h7wl8    0/1     Running             0          2s


PODS UPDATE: seldon          mymodel-default-0-classifier-8b86c5d5-6vcbf        1/2     Terminating         0          94s


PODS UPDATE: seldon          myabtest-default-0-classifier-1-76cbbdbdb7-bjvtj   1/2     Running             0          21s


PODS UPDATE: seldon          mymodel-default-0-classifier-8b86c5d5-6vcbf        0/2     Terminating         0          104s


PODS UPDATE: seldon          myabtest-default-1-classifier-2-b8c7b489d-h7wl8    1/1     Running             0          24s


PODS UPDATE: seldon          myabtest-default-0-classifier-1-76cbbdbdb7-bjvtj   2/2     Running             0          27s


PODS UPDATE: seldon          mymodel-default-0-classifier-8b86c5d5-6vcbf        0/2     Terminating         0          112s


PODS UPDATE: seldon          mymodel-default-0-classifier-8b86c5d5-6vcbf        0/2     Terminating         0          112s


PODS UPDATE: seldon          myabtest-default-1-classifier-2-b8c7b489d-h7wl8    1/1     Terminating         0          40s


PODS UPDATE: seldon          myabtest-default-0-classifier-1-76cbbdbdb7-bjvtj   2/2     Terminating         0          40s


PODS UPDATE: seldon          myabtest-default-1-classifier-2-5744cf47d6-n4csg   0/1     Pending             0          0s


PODS UPDATE: seldon          myabtest-default-0-classifier-1-c89b86f44-4lzsv    0/2     Pending             0          0s


PODS UPDATE: seldon          myabtest-default-1-classifier-2-5744cf47d6-n4csg   0/1     Pending             0          0s


PODS UPDATE: seldon          myabtest-default-0-classifier-1-c89b86f44-4lzsv    0/2     Pending             0          0s


PODS UPDATE: seldon          myabtest-default-1-classifier-2-5744cf47d6-n4csg   0/1     ContainerCreating   0          0s


PODS UPDATE: seldon          myabtest-default-0-classifier-1-c89b86f44-4lzsv    0/2     ContainerCreating   0          0s


PODS UPDATE: seldon          myabtest-default-1-classifier-2-5744cf47d6-n4csg   0/1     Running             0          2s


PODS UPDATE: seldon          myabtest-default-0-classifier-1-c89b86f44-4lzsv    0/2     Running             0          2s


PODS UPDATE: seldon          myabtest-default-0-classifier-1-76cbbdbdb7-bjvtj   1/2     Terminating         0          52s


PODS UPDATE: seldon          myabtest-default-1-classifier-2-b8c7b489d-h7wl8    0/1     Terminating         0          60s


PODS UPDATE: seldon          myabtest-default-0-classifier-1-76cbbdbdb7-bjvtj   0/2     Terminating         0          60s


PODS UPDATE: seldon          myabtest-default-0-classifier-1-76cbbdbdb7-bjvtj   0/2     Terminating         0          61s


PODS UPDATE: seldon          myabtest-default-0-classifier-1-76cbbdbdb7-bjvtj   0/2     Terminating         0          61s


PODS UPDATE: seldon          myabtest-default-1-classifier-2-b8c7b489d-h7wl8    0/1     Terminating         0          61s


PODS UPDATE: seldon          myabtest-default-1-classifier-2-b8c7b489d-h7wl8    0/1     Terminating         0          61s


PODS UPDATE: seldon          myabtest-default-1-classifier-2-5744cf47d6-n4csg   1/1     Running             0          23s


PODS UPDATE: seldon          myabtest-default-0-classifier-1-c89b86f44-4lzsv    1/2     Running             0          23s


PODS UPDATE: seldon          myabtest-default-0-classifier-1-c89b86f44-4lzsv    2/2     Running             0          25s


PODS UPDATE: seldon          myabtest-default-0-classifier-1-c89b86f44-4lzsv    2/2     Terminating         0          38s


PODS UPDATE: seldon          myabtest-default-1-classifier-2-5744cf47d6-n4csg   1/1     Terminating         0          38s


PODS UPDATE: seldon          mymab-default-0-classifier-1-76c544cd78-gmqrk      0/2     Pending             0          0s


PODS UPDATE: seldon          mymab-default-1-classifier-2-69476f7d47-vbqjl      0/1     Pending             0          0s


PODS UPDATE: seldon          mymab-default-0-classifier-1-76c544cd78-gmqrk      0/2     Pending             0          0s


PODS UPDATE: seldon          mymab-default-2-eg-router-754bd5f5cd-28bsf         0/1     Pending             0          0s


PODS UPDATE: seldon          mymab-default-1-classifier-2-69476f7d47-vbqjl      0/1     Pending             0          0s


PODS UPDATE: seldon          mymab-default-2-eg-router-754bd5f5cd-28bsf         0/1     Pending             0          0s


PODS UPDATE: seldon          mymab-default-0-classifier-1-76c544cd78-gmqrk      0/2     ContainerCreating   0          0s


PODS UPDATE: seldon          mymab-default-1-classifier-2-69476f7d47-vbqjl      0/1     ContainerCreating   0          0s


PODS UPDATE: seldon          mymab-default-2-eg-router-754bd5f5cd-28bsf         0/1     ContainerCreating   0          0s


PODS UPDATE: seldon          mymab-default-1-classifier-2-69476f7d47-vbqjl      0/1     Running             0          1s


PODS UPDATE: seldon          mymab-default-0-classifier-1-76c544cd78-gmqrk      0/2     Running             0          1s


PODS UPDATE: seldon          mymab-default-2-eg-router-754bd5f5cd-28bsf         0/1     Running             0          7s


PODS UPDATE: seldon          myabtest-default-0-classifier-1-c89b86f44-4lzsv    1/2     Terminating         0          53s


PODS UPDATE: seldon          myabtest-default-1-classifier-2-5744cf47d6-n4csg   0/1     Terminating         0          59s


PODS UPDATE: seldon          myabtest-default-0-classifier-1-c89b86f44-4lzsv    0/2     Terminating         0          59s


PODS UPDATE: seldon          mymab-default-1-classifier-2-69476f7d47-vbqjl      1/1     Running             0          23s


PODS UPDATE: seldon          mymab-default-0-classifier-1-76c544cd78-gmqrk      1/2     Running             0PASSED
test_notebooks.py::TestNotebooks::test_explainer_examples [NbConvertApp] Converting notebook ../../notebooks/explainer_examples.ipynb to script
[NbConvertApp] Writing 6984 bytes to ../../notebooks/explainer_examples.py
          25s


PODS UPDATE: seldon          myabtest-default-1-classifier-2-5744cf47d6-n4csg   0/1     Terminating         0          69s


PODS UPDATE: seldon          myabtest-default-1-classifier-2-5744cf47d6-n4csg   0/1     Terminating         0          69s


PODS UPDATE: seldon          myabtest-default-0-classifier-1-c89b86f44-4lzsv    0/2     Terminating         0          69s


PODS UPDATE: seldon          myabtest-default-0-classifier-1-c89b86f44-4lzsv    0/2     Terminating         0          69s


PODS UPDATE: seldon          mymab-default-2-eg-router-754bd5f5cd-28bsf         1/1     Running             0          29s


PODS UPDATE: seldon          mymab-default-0-classifier-1-76c544cd78-gmqrk      2/2     Running             0          32s


PODS UPDATE: seldon          mymab-default-1-classifier-2-69476f7d47-vbqjl      1/1     Terminating         0          45s


PODS UPDATE: seldon          mymab-default-2-eg-router-754bd5f5cd-28bsf         1/1     Terminating         0          45s


PODS UPDATE: seldon          mymab-default-0-classifier-1-76c544cd78-gmqrk      2/2     Terminating         0          45s


PODS UPDATE: seldon          mymab-default-0-classifier-1-86c95dbfdb-jdmxl      0/2     Pending             0          0s


PODS UPDATE: seldon          mymab-default-1-classifier-2-84c67b594c-lrpts      0/1     Pending             0          0s


PODS UPDATE: seldon          mymab-default-2-eg-router-6f4c4448b6-bzjdt         0/1     Pending             0          0s


PODS UPDATE: seldon          mymab-default-0-classifier-1-86c95dbfdb-jdmxl      0/2     Pending             0          0s


PODS UPDATE: seldon          mymab-default-1-classifier-2-84c67b594c-lrpts      0/1     Pending             0          0s


PODS UPDATE: seldon          mymab-default-2-eg-router-6f4c4448b6-bzjdt         0/1     Pending             0          0s


PODS UPDATE: seldon          mymab-default-0-classifier-1-86c95dbfdb-jdmxl      0/2     ContainerCreating   0          0s


PODS UPDATE: seldon          mymab-default-1-classifier-2-84c67b594c-lrpts      0/1     ContainerCreating   0          1s


PODS UPDATE: seldon          mymab-default-2-eg-router-6f4c4448b6-bzjdt         0/1     ContainerCreating   0          1s


PODS UPDATE: seldon          mymab-default-1-classifier-2-84c67b594c-lrpts      0/1     Running             0          1s


PODS UPDATE: seldon          mymab-default-0-classifier-1-86c95dbfdb-jdmxl      0/2     Running             0          2s


PODS UPDATE: seldon          mymab-default-2-eg-router-6f4c4448b6-bzjdt         0/1     Running             0          4s


PODS UPDATE: seldon          mymab-default-0-classifier-1-76c544cd78-gmqrk      1/2     Terminating         0          57s


PODS UPDATE: seldon          mymab-default-1-classifier-2-69476f7d47-vbqjl      0/1     Terminating         0          65s


PODS UPDATE: seldon          mymab-default-0-classifier-1-76c544cd78-gmqrk      0/2     Terminating         0          66s


PODS UPDATE: seldon          mymab-default-2-eg-router-754bd5f5cd-28bsf         0/1     Terminating         0          66s


PODS UPDATE: seldon          mymab-default-0-classifier-1-86c95dbfdb-jdmxl      1/2     Running             0          21s


PODS UPDATE: seldon          mymab-default-2-eg-router-6f4c4448b6-bzjdt         1/1     Running             0          24s


PODS UPDATE: seldon          mymab-default-1-classifier-2-84c67b594c-lrpts      1/1     Running             0          25s


PODS UPDATE: seldon          mymab-default-0-classifier-1-86c95dbfdb-jdmxl      2/2     Running             0          28s


PODS UPDATE: seldon          mymab-default-2-eg-router-754bd5f5cd-28bsf         0/1     Terminating         0          78s


PODS UPDATE: seldon          mymab-default-2-eg-router-754bd5f5cd-28bsf         0/1     Terminating         0          78s


PODS UPDATE: seldon          mymab-default-1-classifier-2-69476f7d47-vbqjl      0/1     Terminating         0          78s


PODS UPDATE: seldon          mymab-default-1-classifier-2-69476f7d47-vbqjl      0/1     Terminating         0          78s


PODS UPDATE: seldon          mymab-default-0-classifier-1-76c544cd78-gmqrk      0/2     Terminating         0          78s


PODS UPDATE: seldon          mymab-default-0-classifier-1-76c544cd78-gmqrk      0/2     Terminating         0          78s


PODS UPDATE: seldon          mymab-default-1-classifier-2-84c67b594c-lrpts      1/1     Terminating         0          41s


PODS UPDATE: seldon          mymab-default-2-eg-router-6f4c4448b6-bzjdt         1/1     Terminating         0          41s


PODS UPDATE: seldon          mymab-default-0-classifier-1-86c95dbfdb-jdmxl      2/2     Terminating         0          41s


PODS UPDATE: seldon          income-default-0-classifier-79b4c79fb4-l8kb8       0/2     Pending             0          0s


PODS UPDATE: seldon          income-default-explainer-c4df857bf-gr8bj           0/1     Pending             0          0s


PODS UPDATE: seldon          income-default-0-classifier-79b4c79fb4-l8kb8       0/2     Pending             0          0s


PODS UPDATE: seldon          income-default-explainer-c4df857bf-gr8bj           0/1     Pending             0          0s


PODS UPDATE: seldon          income-default-0-classifier-79b4c79fb4-l8kb8       0/2     Init:0/1            0          0s


PODS UPDATE: seldon          income-default-explainer-c4df857bf-gr8bj           0/1     Init:0/1            0          0s


PODS UPDATE: seldon          mymab-default-0-classifier-1-86c95dbfdb-jdmxl      1/2     Terminating         0          53s


PODS UPDATE: seldon          income-default-explainer-c4df857bf-gr8bj           0/1     Init:0/1            0          15s


PODS UPDATE: seldon          income-default-0-classifier-79b4c79fb4-l8kb8       0/2     Init:0/1            0          15s


PODS UPDATE: seldon          mymab-default-0-classifier-1-86c95dbfdb-jdmxl      0/2     Terminating         0          63s


PODS UPDATE: seldon          mymab-default-2-eg-router-6f4c4448b6-bzjdt         0/1     Terminating         0          63s


PODS UPDATE: seldon          mymab-default-1-classifier-2-84c67b594c-lrpts      0/1     Terminating         0          63s


PODS UPDATE: seldon          income-default-0-classifier-79b4c79fb4-l8kb8       0/2     PodInitializing     0          18s


PODS UPDATE: seldon          income-default-explainer-c4df857bf-gr8bj           0/1     PodInitializing     0          18s


PODS UPDATE: seldon          mymab-default-2-eg-router-6f4c4448b6-bzjdt         0/1     Terminating         0          72s


PODS UPDATE: seldon          mymab-default-2-eg-router-6f4c4448b6-bzjdt         0/1     Terminating         0          72s


PODS UPDATE: seldon          mymab-default-1-classifier-2-84c67b594c-lrpts      0/1     Terminating         0          72s


PODS UPDATE: seldon          mymab-default-1-classifier-2-84c67b594c-lrpts      0/1     Terminating         0          72s


PODS UPDATE: seldon          mymab-default-0-classifier-1-86c95dbfdb-jdmxl      0/2     Terminating         0          72s


PODS UPDATE: seldon          mymab-default-0-classifier-1-86c95dbfdb-jdmxl      0/2     Terminating         0          72s


PODS UPDATE: seldon          income-default-0-classifier-79b4c79fb4-l8kb8       0/2     Running             0          49s


PODS UPDATE: seldon          income-default-0-classifier-79b4c79fb4-l8kb8       1/2     Running             0          68s


PODS UPDATE: seldon          income-default-0-classifier-79b4c79fb4-l8kb8       2/2     Running             0          72s


PODS UPDATE: seldon          income-default-explainer-c4df857bf-gr8bj           0/1     Running             0          107s


PODS UPDATE: seldon          income-default-explainer-c4df857bf-gr8bj           1/1     Running             0          2m10s


PODS UPDATE: seldon          income-default-0-classifier-79b4c79fb4-l8kb8       2/2     Terminating         0          2m29s


PODS UPDATE: seldon          income-default-explainer-c4df857bf-gr8bj           1/1     Terminating         0          2m29s


PODS UPDATE: seldon          movie-default-0-classifier-6b4cb9PASSED
test_notebooks.py::TestNotebooks::test_istio_examples [NbConvertApp] Converting notebook ../../notebooks/istio_example.ipynb to script
[NbConvertApp] Writing 5166 bytes to ../../notebooks/istio_example.py
86b7-wf2b7        0/2     Pending             0          0s


PODS UPDATE: seldon          movie-default-explainer-59cbf8fc77-mpz8n           0/1     Pending             0          0s


PODS UPDATE: seldon          movie-default-0-classifier-6b4cb986b7-wf2b7        0/2     Pending             0          0s


PODS UPDATE: seldon          movie-default-explainer-59cbf8fc77-mpz8n           0/1     Pending             0          0s


PODS UPDATE: seldon          movie-default-0-classifier-6b4cb986b7-wf2b7        0/2     Init:0/1            0          0s


PODS UPDATE: seldon          movie-default-explainer-59cbf8fc77-mpz8n           0/1     ContainerCreating   0          0s


PODS UPDATE: seldon          movie-default-0-classifier-6b4cb986b7-wf2b7        0/2     Init:0/1            0          1s


PODS UPDATE: seldon          movie-default-explainer-59cbf8fc77-mpz8n           0/1     Running             0          1s


PODS UPDATE: seldon          movie-default-0-classifier-6b4cb986b7-wf2b7        0/2     PodInitializing     0          3s


PODS UPDATE: seldon          movie-default-0-classifier-6b4cb986b7-wf2b7        0/2     Running             0          4s


PODS UPDATE: seldon          income-default-0-classifier-79b4c79fb4-l8kb8       1/2     Terminating         0          2m42s


PODS UPDATE: seldon          movie-default-0-classifier-6b4cb986b7-wf2b7        1/2     Running             0          25s


PODS UPDATE: seldon          income-default-explainer-c4df857bf-gr8bj           0/1     Terminating         0          2m56s


PODS UPDATE: seldon          income-default-explainer-c4df857bf-gr8bj           0/1     Terminating         0          2m56s


PODS UPDATE: seldon          income-default-0-classifier-79b4c79fb4-l8kb8       0/2     Terminating         0          2m56s


PODS UPDATE: seldon          income-default-0-classifier-79b4c79fb4-l8kb8       0/2     Terminating         0          2m56s


PODS UPDATE: seldon          movie-default-0-classifier-6b4cb986b7-wf2b7        2/2     Running             0          26s


PODS UPDATE: seldon          income-default-explainer-c4df857bf-gr8bj           0/1     Terminating         0          3m4s


PODS UPDATE: seldon          income-default-explainer-c4df857bf-gr8bj           0/1     Terminating         0          3m4s


PODS UPDATE: seldon          income-default-0-classifier-79b4c79fb4-l8kb8       0/2     Terminating         0          3m4s


PODS UPDATE: seldon          income-default-0-classifier-79b4c79fb4-l8kb8       0/2     Terminating         0          3m4s


PODS UPDATE: seldon          movie-default-explainer-59cbf8fc77-mpz8n           1/1     Running             0          57s


PODS UPDATE: seldon          movie-default-explainer-59cbf8fc77-mpz8n           1/1     Terminating         0          72s


PODS UPDATE: seldon          movie-default-0-classifier-6b4cb986b7-wf2b7        2/2     Terminating         0          72s


PODS UPDATE: seldon          image-default-0-transformer-classifier-5f86bdffcc-7hphk   0/4     Pending             0          0s


PODS UPDATE: seldon          image-default-explainer-549698566d-nwwkl                  0/1     Pending             0          0s


PODS UPDATE: seldon          image-default-0-transformer-classifier-5f86bdffcc-7hphk   0/4     Pending             0          0s


PODS UPDATE: seldon          image-default-explainer-549698566d-nwwkl                  0/1     Pending             0          0s


PODS UPDATE: seldon          image-default-0-transformer-classifier-5f86bdffcc-7hphk   0/4     Init:0/1            0          1s


PODS UPDATE: seldon          image-default-explainer-549698566d-nwwkl                  0/1     Init:0/1            0          1s


PODS UPDATE: seldon          image-default-0-transformer-classifier-5f86bdffcc-7hphk   0/4     Init:0/1            0          1s


PODS UPDATE: seldon          image-default-explainer-549698566d-nwwkl                  0/1     Init:0/1            0          2s


PODS UPDATE: seldon          image-default-explainer-549698566d-nwwkl                  0/1     PodInitializing     0          4s


PODS UPDATE: seldon          image-default-explainer-549698566d-nwwkl                  0/1     Running             0          5s


PODS UPDATE: seldon          image-default-0-transformer-classifier-5f86bdffcc-7hphk   0/4     PodInitializing     0          7s


PODS UPDATE: seldon          movie-default-0-classifier-6b4cb986b7-wf2b7               1/2     Terminating         0          86s


PODS UPDATE: seldon          movie-default-explainer-59cbf8fc77-mpz8n                  0/1     Terminating         0          95s


PODS UPDATE: seldon          movie-default-0-classifier-6b4cb986b7-wf2b7               0/2     Terminating         0          95s


PODS UPDATE: seldon          image-default-explainer-549698566d-nwwkl                  1/1     Running             0          26s


PODS UPDATE: seldon          movie-default-explainer-59cbf8fc77-mpz8n                  0/1     Terminating         0          103s


PODS UPDATE: seldon          movie-default-explainer-59cbf8fc77-mpz8n                  0/1     Terminating         0          103s


PODS UPDATE: seldon          movie-default-0-classifier-6b4cb986b7-wf2b7               0/2     Terminating         0          105s


PODS UPDATE: seldon          movie-default-0-classifier-6b4cb986b7-wf2b7               0/2     Terminating         0          106s


PODS UPDATE: seldon          image-default-0-transformer-classifier-5f86bdffcc-7hphk   1/4     Running             0          70s


PODS UPDATE: seldon          image-default-0-transformer-classifier-5f86bdffcc-7hphk   2/4     Running             0          73s


PODS UPDATE: seldon          image-default-0-transformer-classifier-5f86bdffcc-7hphk   3/4     Running             0          80s


PODS UPDATE: seldon          image-default-0-transformer-classifier-5f86bdffcc-7hphk   4/4     Running             0          94s


PODS UPDATE: seldon          image-default-explainer-549698566d-nwwkl                  1/1     Terminating         0          2m49s


PODS UPDATE: seldon          image-default-0-transformer-classifier-5f86bdffcc-7hphk   4/4     Terminating         0          2m49s


PODS UPDATE: seldon          mymodel-default-0-classifier-77777b579c-h8wbg             0/2     Pending             0          0s


PODS UPDATE: seldon          mymodel-default-0-classifier-77777b579c-h8wbg             0/2     Pending             0          0s


PODS UPDATE: seldon          mymodel-default-0-classifier-77777b579c-h8wbg             0/2     ContainerCreating   0          0s


PODS UPDATE: seldon          mymodel-default-0-classifier-77777b579c-h8wbg             0/2     Running             0          2s


PODS UPDATE: seldon          image-default-0-transformer-classifier-5f86bdffcc-7hphk   3/4     Terminating         0          3m4s


PODS UPDATE: seldon          image-default-explainer-549698566d-nwwkl                  0/1     Terminating         0          3m10s


PODS UPDATE: seldon          image-default-0-transformer-classifier-5f86bdffcc-7hphk   0/4     Terminating         0          3m10s


PODS UPDATE: seldon          image-default-0-transformer-classifier-5f86bdffcc-7hphk   0/4     Terminating         0          3m11s


PODS UPDATE: seldon          mymodel-default-0-classifier-77777b579c-h8wbg             1/2     Running             0          22s


PODS UPDATE: seldon          image-default-0-transformer-classifier-5f86bdffcc-7hphk   0/4     Terminating         0          3m18s


PODS UPDATE: seldon          image-default-0-transformer-classifier-5f86bdffcc-7hphk   0/4     Terminating         0          3m18s


PODS UPDATE: seldon          image-default-explainer-549698566d-nwwkl                  0/1     Terminating         0          3m18s


PODS UPDATE: seldon          image-default-explainer-549698566d-nwwkl                  0/1     Terminating         0          3m18s


PODS UPDATE: seldon          mymodel-default-0-classifier-77777b579c-h8wbg             2/2     Running             0          26s


PODS UPDATE: seldon          mymodel-default-0-classifier-77777b579c-h8wbg             2/2     Terminating         0          42s


PODS UPDATE: seldon          myabtest-default-0-classifier-1-76cbbdbdb7-zcj6g          0/2     Pending             0          0s


PODS UPDATE: seldon          myabtest-default-1-classifier-2-b8c7b489d-bzq7f           0/1     Pending             0          0s


PODS UPDATE: seldon          myabtest-default-0-classifier-1-76cbbdbdb7-zcj6g          0/2     Pending             0          0s


PODS UPDATE: seldon          myabtest-default-1-classifier-2-b8c7b489d-bzq7f           0/1     Pending             0          0s


PODS UPDATE: seldon          myabtest-default-0-classifier-1-76cbbdbdb7-zcj6g          0/2     ContainerCreating   0          0s


PODS UPDATE: seldon          myabtest-default-1-classifier-2-b8c7b489d-bzq7f           0/1     ContainerCreating   0          0s


PODS UPDATE: seldon          myabtest-default-1-classifier-2-b8c7b489d-bzq7f           0/1     Running             0          1s


PODS UPDATE: seldon          myabtest-default-0-classifier-1-76cbbdbdb7-zcj6g          0/2     Running             0          2s


PODS UPDATE: seldon          mymodel-default-0-classifier-77777b579c-h8wbg             1/2     Terminating         0          56s


PODS UPDATE: seldon          mymodel-default-0-classifier-77777b579c-h8wbg             0/2     Terminating         0          62s


PODS UPDATE: seldon          mymodel-default-0-classifier-77777b579c-h8wbg             0/2     Terminating         0          62s


PODS UPDATE: seldon          myabtest-default-1-classifier-2-b8c7b489d-bzq7f           1/1     Running             0          22s


PODS UPDATE: seldon          myabtest-default-0-classifier-1-76cbbdbdb7-zcj6g          1/2     Running             0          22s


PODS UPDATE: seldon          myabtest-default-0-classifier-1-76cbbdbdb7-zcj6g          2/2     Running             0          22s


PODS UPDATE: seldon          mymodel-default-0-classifier-77777b579c-h8wbg             0/2     Terminating         0          74s


PODS UPDATE: seldon          mymodel-default-0-classifier-77777b579c-h8wbg             0/2     Terminating         0          74s


PODS UPDATE: seldon          myabtest-default-0-classifier-1-76cbbdbdb7-zcj6g          2/2     Terminating         0          35s


PODS UPDATE: seldon          myabtest-default-1-classifier-2-b8c7b489d-bzq7f           1/1     Terminating         0          35s


PODS UPDATE: seldon          mymab-default-1-classifier-2-69476f7d47-t4pj2             0/1     Pending             0          0s


PODS UPDATE: seldon          mymab-default-0-classifier-1-76c544cd78-fxkcf             0/2     Pending             0          0s


PODS UPDATE: seldon          mymab-default-1-classifier-2-69476f7d47-t4pj2             0/1     Pending             0          0s


PODS UPDATE: seldon          mymab-default-0-classifier-1-76c544cd78-fxkcf             0/2     Pending             0          0s


PODS UPDATE: seldon          mymab-default-2-eg-router-754bd5f5cd-mqwmg                0/1     Pending             0          0s


PODS UPDATE: seldon          mymab-default-1-classifier-2-69476f7d47-t4pj2             0/1     ContainerCreating   0          0s


PODS UPDATE: seldon          mymab-default-2-eg-router-754bd5f5cd-mqwmg                0/1     Pending             0          0s


PODS UPDATE: seldon          mymab-default-0-classifier-1-76c544cd78-fxkcf             0/2     ContainerCreating   0          0s


PODS UPDATE: seldon          mymab-default-2-eg-router-754bd5f5cd-mqwmg                0/1     ContainerCreating   0          0s


PODS UPDATE: seldon          mymab-default-2-eg-router-754bd5f5cd-mqwmg                0/1     Running             0          1s


PODS UPDATE: seldon          mymab-default-1-classifier-2-69476f7d47-t4pj2             0/1     Running             0          1s


PODS UPDATE: seldon          mymab-default-0-classifier-1-76c544cd78-fxkcf             0/2     Running             0          1s


PODS UPDATE: seldon          myabtest-default-0-classifier-1-76cbbdbdb7-zcj6g          1/2     Terminating         0          47s


PODS UPDATE: seldon          myabtest-default-0-classifier-1-76cbbdbdb7-zcj6g          0/2     Terminating         0          56s


PODS UPDATE: seldon          myabtest-default-1-classifier-2-b8c7b489d-bzq7f           0/1     Terminating         0          56s


PODS UPDATE: seldon          myabtest-default-1-classifier-2-b8c7b489d-bzq7f           0/1     Terminating         0          60s


PODS UPDATE: seldon          myabtest-default-1-classifier-2-b8c7b489d-bzq7f           0/1     Terminating         0          60s


PODS UPDATE: seldon          myabtest-default-0-classifier-1-76cbbdbdb7-zcj6g          0/2     Terminating         0          60s


PODS UPDATE: seldon          myabtest-default-0-classifier-1-76cbbdbdb7-zcj6g          0/2     Terminating         0          60s


PODS UPDATE: seldon          mymab-default-2-eg-router-754bd5f5cd-mqwmg                1/1     Running             0          23s


PODS UPDATE: seldon          mymab-default-1-classifier-2-69476f7d47-t4pj2             1/1     Running             0          24s


PODS UPDATE: seldon          mymab-default-0-classifier-1-76c544cd78-fxkcf             1/2     Running             0          25s


PODS UPDATE: seldon          mymab-default-0-classifier-1-76c544cd78-fxkcf             2/2     Running             0          25s


PODS UPDATE: seldon          mymab-default-2-eg-router-754bd5f5cd-mqwmg                1/1     Terminating         0          38s


PODS UPDATE: seldon          mymab-default-0-classifier-1-76c544cd78-fxkcf             2/2     Terminating         0          38s


PODS UPDATE: seldon          mymab-default-1-classifier-2-69476f7d47-t4pj2             1/1     Terminating         0          38s


PODS UPDATE: seldon          iris-default-0-iris-default-55b6fb69f6-f24qz              0/2     Pending             0          0s


PODS UPDATE: seldon          iris-shadow-0-iris-shadow-6b4bbc4b95-dx9xq                0/2     Pending             0          0s


PODS UPDATE: seldon          iris-default-0-iris-default-55b6fb69f6-f24qz              0/2     Pending             0          0s


PODS UPDATE: seldon          iris-shadow-0-iris-shadow-6b4bbc4b95-dx9xq                0/2     Pending             0          0s


PODS UPDATE: seldon          iris-default-0-iris-default-55b6fb69f6-f24qz              0/2     Init:0/1            0          0s


PODS UPDATE: seldon          iris-shadow-0-iris-shadow-6b4bbc4b95-dx9xq                0/2     Init:0/1            0          0s


PODS UPDATE: seldon          iris-shadow-0-iris-shadow-6b4bbc4b95-dx9xq                0/2     Init:0/1            0          2s


PODS UPDATE: seldon          iris-default-0-iris-default-55b6fb69f6-f24qz              0/2     Init:0/1            0          2s


PODS UPDATE: seldon          iris-shadow-0-iris-shadow-6b4bbc4b95-dx9xq                0/2     PodInitializing     0          4s


PODS UPDATE: seldon          iris-default-0-iris-default-55b6fb69f6-f24qz              0/2     PodInitializing     0          4s


PODS UPDATE: seldon          iris-shadow-0-iris-shadow-6b4bbc4b95-dx9xq                0/2     Running             0          5s


PODS UPDATE: seldon          iris-default-0-iris-default-55b6fb69f6-f24qz              0/2     Running             0          5s


PODS UPDATE: seldon          mymab-default-0-classifier-1-76c544cd78-fxkcf             1/2     Terminating         0          50s


PODS UPDATE: seldon          mymab-default-0-classifier-1-76c544cd78-fxkcf             0/2     Terminating         0          60s


PODS UPDATE: seldon          mymab-default-2-eg-router-754bd5f5cd-mqwmg                0/1     Terminating         0          60s


PODS UPDATE: seldon          mymab-default-1-classifier-2-69476f7d47-t4pj2             0/1     Terminating         0          60s


PODS UPDATE: seldon          iris-shadow-0-iris-shadow-6b4bbc4b95-dx9xq                1/2     Running             0          24s


PODS UPDATE: seldon          iris-default-0-iris-default-55b6fb69f6-f24qz              1/2     Running             0          26s


POPASSED
test_notebooks.py::TestNotebooks::test_max_grpc_msg_size [NbConvertApp] Converting notebook ../../notebooks/max_grpc_msg_size.ipynb to script
[NbConvertApp] Writing 3057 bytes to ../../notebooks/max_grpc_msg_size.py
DS UPDATE: seldon          iris-default-0-iris-default-55b6fb69f6-f24qz              2/2     Running             0          26s


PODS UPDATE: seldon          iris-shadow-0-iris-shadow-6b4bbc4b95-dx9xq                2/2     Running             0          27s


PODS UPDATE: seldon          mymab-default-1-classifier-2-69476f7d47-t4pj2             0/1     Terminating         0          72s


PODS UPDATE: seldon          mymab-default-1-classifier-2-69476f7d47-t4pj2             0/1     Terminating         0          72s


PODS UPDATE: seldon          mymab-default-0-classifier-1-76c544cd78-fxkcf             0/2     Terminating         0          72s


PODS UPDATE: seldon          mymab-default-0-classifier-1-76c544cd78-fxkcf             0/2     Terminating         0          72s


PODS UPDATE: seldon          mymab-default-2-eg-router-754bd5f5cd-mqwmg                0/1     Terminating         0          72s


PODS UPDATE: seldon          mymab-default-2-eg-router-754bd5f5cd-mqwmg                0/1     Terminating         0          72s


PODS UPDATE: seldon          iris-shadow-0-iris-shadow-6b4bbc4b95-dx9xq                2/2     Terminating         0          39s


PODS UPDATE: seldon          iris-default-0-iris-default-55b6fb69f6-f24qz              2/2     Terminating         0          39s


PODS UPDATE: seldon          model-long-timeout-test-0-classifier-59bcff7d7f-bhl9n     0/2     Pending             0          0s


PODS UPDATE: seldon          model-long-timeout-test-0-classifier-59bcff7d7f-bhl9n     0/2     Pending             0          0s


PODS UPDATE: seldon          model-long-timeout-test-0-classifier-59bcff7d7f-bhl9n     0/2     ContainerCreating   0          0s


PODS UPDATE: seldon          iris-default-0-iris-default-55b6fb69f6-f24qz              1/2     Terminating         0          51s


PODS UPDATE: seldon          iris-shadow-0-iris-shadow-6b4bbc4b95-dx9xq                1/2     Terminating         0          56s


PODS UPDATE: seldon          iris-shadow-0-iris-shadow-6b4bbc4b95-dx9xq                0/2     Terminating         0          67s


PODS UPDATE: seldon          iris-shadow-0-iris-shadow-6b4bbc4b95-dx9xq                0/2     Terminating         0          67s


PODS UPDATE: seldon          iris-default-0-iris-default-55b6fb69f6-f24qz              0/2     Terminating         0          67s


PODS UPDATE: seldon          iris-default-0-iris-default-55b6fb69f6-f24qz              0/2     Terminating         0          71s


PODS UPDATE: seldon          iris-default-0-iris-default-55b6fb69f6-f24qz              0/2     Terminating         0          71s


PODS UPDATE: seldon          iris-shadow-0-iris-shadow-6b4bbc4b95-dx9xq                0/2     Terminating         0          71s


PODS UPDATE: seldon          iris-shadow-0-iris-shadow-6b4bbc4b95-dx9xq                0/2     Terminating         0          71s


PODS UPDATE: seldon          model-long-timeout-test-0-classifier-59bcff7d7f-bhl9n     0/2     Running             0          68s


PODS UPDATE: seldon          model-long-timeout-test-0-classifier-59bcff7d7f-bhl9n     1/2     Running             0          87s


PODS UPDATE: seldon          model-long-timeout-test-0-classifier-59bcff7d7f-bhl9n     2/2     Running             0          89s


PODS UPDATE: seldon          model-long-timeout-test-0-classifier-59bcff7d7f-bhl9n     2/2     Terminating         0          104s


PODS UPDATE: seldon          seldon-model-grpc-size-0-classifier-5bb58575c5-p4x8g      0/2     Pending             0          0s


PODS UPDATE: seldon          seldon-model-grpc-size-0-classifier-5bb58575c5-p4x8g      0/2     Pending             0          0s


PODS UPDATE: seldon          seldon-model-grpc-size-0-classifier-5bb58575c5-p4x8g      0/2     ContainerCreating   0          0s


PODS UPDATE: seldon          seldon-model-grpc-size-0-classifier-5bb58575c5-p4x8g      0/2     Running             0          2s


PODS UPDATE: seldon          model-long-timeout-test-0-classifier-59bcff7d7f-bhl9n     1/2     Terminating         0          117s


PODS UPDATEPASSED
test_notebooks.py::TestNotebooks::test_multiple_operators [NbConvertApp] Converting notebook ../../notebooks/multiple_operators.ipynb to script
[NbConvertApp] Writing 4010 bytes to ../../notebooks/multiple_operators.py
: seldon          model-long-timeout-test-0-classifier-59bcff7d7f-bhl9n     0/2     Terminating         0          2m5s


PODS UPDATE: seldon          model-long-timeout-test-0-classifier-59bcff7d7f-bhl9n     0/2     Terminating         0          2m5s


PODS UPDATE: seldon          model-long-timeout-test-0-classifier-59bcff7d7f-bhl9n     0/2     Terminating         0          2m6s


PODS UPDATE: seldon          model-long-timeout-test-0-classifier-59bcff7d7f-bhl9n     0/2     Terminating         0          2m6s


PODS UPDATE: seldon          seldon-model-grpc-size-0-classifier-5bb58575c5-p4x8g      1/2     Running             0          25s


PODS UPDATE: seldon          seldon-model-grpc-size-0-classifier-5bb58575c5-p4x8g      2/2     Running             0          25s


PODS UPDATE: seldon          seldon-model-grpc-size-0-classifier-5bb58575c5-p4x8g      2/2     Terminating         0          54s


PODS UPDATE: seldon-ns1      seldon-controller-manager-746584bfc5-c2kwf                0/1     Pending             0          0s


PODS UPDATE: seldon-ns1      seldon-controller-manager-746584bfc5-c2kwf                0/1     Pending             0          0s


PODS UPDATE: seldon-ns1      seldon-controller-manager-746584bfc5-c2kwf                0/1     ContainerCreating   0          0s


PODS UPDATE: seldon-ns1      seldon-controller-manager-746584bfc5-c2kwf                1/1     Running             0          1s


PODS UPDATE: seldon          seldon-model-grpc-size-0-classifier-5bb58575c5-p4x8g      1/2     Terminating         0          65s


PODS UPDATE: seldon-ns1      seldon-model-example-0-classifier-6656f68877-vhl7m        0/2     Pending             0          0s


PODS UPDATE: seldon-ns1      seldon-model-example-0-classifier-6656f68877-vhl7m        0/2     Pending             0          0s


PODS UPDATE: seldon-ns1      seldon-model-example-0-classifier-6656f68877-vhl7m        0/2     ContainerCreating   0          0s


PODS UPDATE: seldon          seldon-model-grpc-size-0-classifier-5bb58575c5-p4x8g      0/2     Terminating         0          79s


PODS UPDATE: seldon-ns1      seldon-model-example-0-classifier-6656f68877-vhl7m        0/2     Running             0          2s


PODS UPDATE: seldon          seldon-model-grpc-size-0-classifier-5bb58575c5-p4x8g      0/2     Terminating         0          89s


PODS UPDATE: seldon          seldon-model-grpc-size-0-classifier-5bb58575c5-p4x8g      0/2     Terminating         0          89s


PODS UPDATE: seldon-ns1      seldon-model-example-0-classifier-6656f68877-vhl7m        1/2     Running             0          24s


PODS UPDATE: seldon-ns1      seldon-model-example-0-classifier-6656f68877-vhl7m        2/2     Running             0          25s


PODS UPDATE: seldon-ns1      seldon-model-example-0-classifier-6656f68877-vhl7m        2/2     Terminating         0          37s


PODS UPDATE: seldon-ns1      seldon-model-example-0-classifier-6656f68877-vhl7m        1/2     Terminating         0          49s


PODS UPDATE: seldon-ns1      seldon-controller-manager-746584bfc5-c2kwf                1/1     Terminating         0          68s


PODS UPDATE: seldon-ns1      seldon-controller-manager-746584bfc5-c2kwf                0/1     Terminating         0          69s


PODS UPDATE: seldon-id1      seldon-controller-manager-5f6788f49c-grz9v                0/1     Pending             0          0s


PODS UPDATE: seldon-id1      seldon-controller-manager-5f6788f49c-grz9v                0/1     Pending             0          0s


PODS UPDATE: seldon-id1      seldon-controller-manager-5f6788f49c-grz9v                0/1     ContainerCreating   0          0s


PODS UPDATE: seldon-id1      seldon-controller-manager-5f6788f49c-grz9v                1/1     Running             0          2s


PODS UPDATE: seldon-ns1      seldon-model-example-0-classifier-6656f68877-vhl7m        0/2     Terminating         0          58s


PODS UPDATE: seldon-ns1      seldon-model-example-0-classifier-6656f68877-vhl7m        0/2     Terminating         0          59s


PODS UPDATE: seldon-ns1PASSED
test_notebooks.py::TestNotebooks::test_protocol_examples [NbConvertApp] Converting notebook ../../notebooks/protocol_examples.ipynb to script
[NbConvertApp] Writing 5775 bytes to ../../notebooks/protocol_examples.py
      seldon-model-example-0-classifier-6656f68877-vhl7m        0/2     Terminating         0          59s


PODS UPDATE: seldon-ns1      seldon-controller-manager-746584bfc5-c2kwf                0/1     Terminating         0          79s


PODS UPDATE: seldon-ns1      seldon-controller-manager-746584bfc5-c2kwf                0/1     Terminating         0          79s


PODS UPDATE: default         test-c1-example-0-classifier-6fb6dd4764-cq889             0/2     Pending             0          0s


PODS UPDATE: default         test-c1-example-0-classifier-6fb6dd4764-cq889             0/2     Pending             0          0s


PODS UPDATE: default         test-c1-example-0-classifier-6fb6dd4764-cq889             0/2     ContainerCreating   0          0s


PODS UPDATE: default         test-c1-example-0-classifier-6fb6dd4764-cq889             0/2     Running             0          37s


PODS UPDATE: default         test-c1-example-0-classifier-6fb6dd4764-cq889             1/2     Running             0          58s


PODS UPDATE: default         test-c1-example-0-classifier-6fb6dd4764-cq889             2/2     Running             0          59s


PODS UPDATE: default         test-c1-example-0-classifier-6fb6dd4764-cq889             2/2     Terminating         0          72s


PODS UPDATE: default         test-c1-example-0-classifier-6fb6dd4764-cq889             1/2     Terminating         0          83s


PODS UPDATE: seldon-id1      seldon-controller-manager-5f6788f49c-grz9v                1/1     Terminating         0          101s


PODS UPDATE: seldon-id1      seldon-controller-manager-5f6788f49c-grz9v                0/1     Terminating         0          102s


PODS UPDATE: seldon          rest-seldon-model-0-classifier-8455dd8ffb-b4kks           0/2     Pending             0          0s


PODS UPDATE: seldon          rest-seldon-model-0-classifier-8455dd8ffb-b4kks           0/2     Pending             0          0s


PODS UPDATE: seldon          rest-seldon-model-0-classifier-8455dd8ffb-b4kks           0/2     ContainerCreating   0          0s


PODS UPDATE: seldon          rest-seldon-model-0-classifier-8455dd8ffb-b4kks           0/2     Running             0          1s


PODS UPDATE: seldon-id1      seldon-controller-manager-5f6788f49c-grz9v                0/1     Terminating         0          108s


PODS UPDATE: seldon-id1      seldon-controller-manager-5f6788f49c-grz9v                0/1     Terminating         0          108s


PODS UPDATE: default         test-c1-example-0-classifier-6fb6dd4764-cq889             0/2     Terminating         0          93s


PODS UPDATE: default         test-c1-example-0-classifier-6fb6dd4764-cq889             0/2     Terminating         0          93s


PODS UPDATE: default         test-c1-example-0-classifier-6fb6dd4764-cq889             0/2     Terminating         0          94s


PODS UPDATE: default         test-c1-example-0-classifier-6fb6dd4764-cq889             0/2     Terminating         0          94s


PODS UPDATE: seldon          rest-seldon-model-0-classifier-8455dd8ffb-b4kks           1/2     Running             0          23s


PODS UPDATE: seldon          rest-seldon-model-0-classifier-8455dd8ffb-b4kks           2/2     Running             0          23s


PODS UPDATE: seldon          rest-seldon-model-0-classifier-8455dd8ffb-b4kks           2/2     Terminating         0          35s


PODS UPDATE: seldon          grpc-seldon-model-0-classifier-b54659695-5lzzc            0/2     Pending             0          0s


PODS UPDATE: seldon          grpc-seldon-model-0-classifier-b54659695-5lzzc            0/2     Pending             0          0s


PODS UPDATE: seldon          grpc-seldon-model-0-classifier-b54659695-5lzzc            0/2     ContainerCreating   0          0s


PODS UPDATE: seldon          grpc-seldon-model-0-classifier-b54659695-5lzzc            0/2     Running             0          2s


PODS UPDATE: seldon          rest-seldon-model-0-classifier-8455dd8ffb-b4kks           1/2     Terminating         0          48s


PODS UPDATE: seldon          rest-PASSED
test_notebooks.py::TestNotebooks::test_server_examples [NbConvertApp] Converting notebook ../../notebooks/server_examples.ipynb to script
[NbConvertApp] Writing 4579 bytes to ../../notebooks/server_examples.py
seldon-model-0-classifier-8455dd8ffb-b4kks           0/2     Terminating         0          56s


PODS UPDATE: seldon          rest-seldon-model-0-classifier-8455dd8ffb-b4kks           0/2     Terminating         0          56s


PODS UPDATE: seldon          grpc-seldon-model-0-classifier-b54659695-5lzzc            1/2     Running             0          21s


PODS UPDATE: seldon          rest-seldon-model-0-classifier-8455dd8ffb-b4kks           0/2     Terminating         0          62s


PODS UPDATE: seldon          rest-seldon-model-0-classifier-8455dd8ffb-b4kks           0/2     Terminating         0          62s


PODS UPDATE: seldon          grpc-seldon-model-0-classifier-b54659695-5lzzc            2/2     Running             0          24s


PODS UPDATE: seldon          grpc-seldon-model-0-classifier-b54659695-5lzzc            2/2     Terminating         0          37s


PODS UPDATE: seldon          rest-tfserving-model-0-halfplustwo-797588b774-hxjfl       0/2     Pending             0          0s


PODS UPDATE: seldon          rest-tfserving-model-0-halfplustwo-797588b774-hxjfl       0/2     Pending             0          0s


PODS UPDATE: seldon          rest-tfserving-model-0-halfplustwo-797588b774-hxjfl       0/2     ContainerCreating   0          0s


PODS UPDATE: seldon          rest-tfserving-model-0-halfplustwo-797588b774-hxjfl       0/2     Running             0          3s


PODS UPDATE: seldon          grpc-seldon-model-0-classifier-b54659695-5lzzc            1/2     Terminating         0          49s


PODS UPDATE: seldon          grpc-seldon-model-0-classifier-b54659695-5lzzc            0/2     Terminating         0          58s


PODS UPDATE: seldon          rest-tfserving-model-0-halfplustwo-797588b774-hxjfl       1/2     Running             0          23s


PODS UPDATE: seldon          grpc-seldon-model-0-classifier-b54659695-5lzzc            0/2     Terminating         0          64s


PODS UPDATE: seldon          grpc-seldon-model-0-classifier-b54659695-5lzzc            0/2     Terminating         0          64s


PODS UPDATE: seldon          rest-tfserving-model-0-halfplustwo-797588b774-hxjfl       2/2     Running             0          26s


PODS UPDATE: seldon          rest-tfserving-model-0-halfplustwo-797588b774-hxjfl       2/2     Terminating         0          40s


PODS UPDATE: seldon          grpc-tfserving-model-0-halfplustwo-896d9d595-kn9w5        0/2     Pending             0          0s


PODS UPDATE: seldon          grpc-tfserving-model-0-halfplustwo-896d9d595-kn9w5        0/2     Pending             0          0s


PODS UPDATE: seldon          grpc-tfserving-model-0-halfplustwo-896d9d595-kn9w5        0/2     ContainerCreating   0          0s


PODS UPDATE: seldon          grpc-tfserving-model-0-halfplustwo-896d9d595-kn9w5        0/2     Running             0          2s


PODS UPDATE: seldon          rest-tfserving-model-0-halfplustwo-797588b774-hxjfl       1/2     Terminating         0          51s


PODS UPDATE: seldon          rest-tfserving-model-0-halfplustwo-797588b774-hxjfl       0/2     Terminating         0          60s


PODS UPDATE: seldon          rest-tfserving-model-0-halfplustwo-797588b774-hxjfl       0/2     Terminating         0          65s


PODS UPDATE: seldon          rest-tfserving-model-0-halfplustwo-797588b774-hxjfl       0/2     Terminating         0          65s


PODS UPDATE: seldon          grpc-tfserving-model-0-halfplustwo-896d9d595-kn9w5        1/2     Running             0          23s


PODS UPDATE: seldon          grpc-tfserving-model-0-halfplustwo-896d9d595-kn9w5        2/2     Running             0          24s


PODS UPDATE: seldon          grpc-tfserving-model-0-halfplustwo-896d9d595-kn9w5        2/2     Terminating         0          37s


PODS UPDATE: seldon          sklearn-default-0-classifier-59774cffc7-fmpnj             0/2     Pending             0          0s


PODS UPDATE: seldon          sklearn-default-0-classifier-59774cffc7-fmpnj             0/2     Pending             0          0s


PODS UPDATE: seldon          sklearn-default-0-classifier-59774cffc7-fmpnj             0/2     Init:0/1            0          0s


PODS UPDATE: seldon          sklearn-default-0-classifier-59774cffc7-fmpnj             0/2     Init:0/1            0          1s


PODS UPDATE: seldon          sklearn-default-0-classifier-59774cffc7-fmpnj             0/2     PodInitializing     0          3s


PODS UPDATE: seldon          sklearn-default-0-classifier-59774cffc7-fmpnj             0/2     Running             0          5s


PODS UPDATE: seldon          grpc-tfserving-model-0-halfplustwo-896d9d595-kn9w5        1/2     Terminating         0          49s


PODS UPDATE: seldon          grpc-tfserving-model-0-halfplustwo-896d9d595-kn9w5        0/2     Terminating         0          58s


PODS UPDATE: seldon          grpc-tfserving-model-0-halfplustwo-896d9d595-kn9w5        0/2     Terminating         0          59s


PODS UPDATE: seldon          grpc-tfserving-model-0-halfplustwo-896d9d595-kn9w5        0/2     Terminating         0          59s


PODS UPDATE: seldon          sklearn-default-0-classifier-59774cffc7-fmpnj             1/2     Running             0          24s


PODS UPDATE: seldon          sklearn-default-0-classifier-59774cffc7-fmpnj             2/2     Running             0          25s


PODS UPDATE: seldon          sklearn-default-0-classifier-59774cffc7-fmpnj             2/2     Terminating         0          40s


PODS UPDATE: seldon          xgboost-default-0-classifier-5966bd8f6c-762b7             0/2     Pending             0          0s


PODS UPDATE: seldon          xgboost-default-0-classifier-5966bd8f6c-762b7             0/2     Pending             0          0s


PODS UPDATE: seldon          xgboost-default-0-classifier-5966bd8f6c-762b7             0/2     Init:0/1            0          0s


PODS UPDATE: seldon          xgboost-default-0-classifier-5966bd8f6c-762b7             0/2     Init:0/1            0          2s


PODS UPDATE: seldon          xgboost-default-0-classifier-5966bd8f6c-762b7             0/2     PodInitializing     0          3s


PODS UPDATE: seldon          sklearn-default-0-classifier-59774cffc7-fmpnj             1/2     Terminating         0          55s


PODS UPDATE: seldon          sklearn-default-0-classifier-59774cffc7-fmpnj             0/2     Terminating         0          68s


PODS UPDATE: seldon          sklearn-default-0-classifier-59774cffc7-fmpnj             0/2     Terminating         0          68s


PODS UPDATE: seldon          xgboost-default-0-classifier-5966bd8f6c-762b7             0/2     Running             0          25s


PODS UPDATE: seldon          sklearn-default-0-classifier-59774cffc7-fmpnj             0/2     Terminating         0          71s


PODS UPDATE: seldon          sklearn-default-0-classifier-59774cffc7-fmpnj             0/2     Terminating         0          71s


PODS UPDATE: seldon          xgboost-default-0-classifier-5966bd8f6c-762b7             1/2     Running             0          45s


PODS UPDATE: seldon          xgboost-default-0-classifier-5966bd8f6c-762b7             2/2     Running             0          46s


PODS UPDATE: seldon          xgboost-default-0-classifier-5966bd8f6c-762b7             2/2     Terminating         0          58s


PODS UPDATE: seldon          tfserving-default-0-mnist-model-6f54cf8469-dkxsr          0/3     Pending             0          0s


PODS UPDATE: seldon          tfserving-default-0-mnist-model-6f54cf8469-dkxsr          0/3     Pending             0          0s


PODS UPDATE: seldon          tfserving-default-0-mnist-model-6f54cf8469-dkxsr          0/3     Init:0/1            0          0s


PODS UPDATE: seldon          tfserving-default-0-mnist-model-6f54cf8469-dkxsr          0/3     Init:0/1            0          2s


PODS UPDATE: seldon          tfserving-default-0-mnist-model-6f54cf8469-dkxsr          0/3     PodInitializing     0          4s


PODS UPDATE: seldon          tfserving-default-0-mnist-model-6f54cf8469-dkxsr          1/3     Running             0          7s


PODS UPDATE: seldon          xgboost-default-0-classifier-5966bd8f6PASSED
test_notebooks.py::TestNotebooks::test_rolling_updates [NbConvertApp] Converting notebook ../../notebooks/rolling_updates.ipynb to script
[NbConvertApp] Writing 9073 bytes to ../../notebooks/rolling_updates.py
c-762b7             1/2     Terminating         0          70s


PODS UPDATE: seldon          xgboost-default-0-classifier-5966bd8f6c-762b7             0/2     Terminating         0          79s


PODS UPDATE: seldon          xgboost-default-0-classifier-5966bd8f6c-762b7             0/2     Terminating         0          80s


PODS UPDATE: seldon          xgboost-default-0-classifier-5966bd8f6c-762b7             0/2     Terminating         0          80s


PODS UPDATE: seldon          tfserving-default-0-mnist-model-6f54cf8469-dkxsr          2/3     Running             0          26s


PODS UPDATE: seldon          tfserving-default-0-mnist-model-6f54cf8469-dkxsr          3/3     Running             0          27s


PODS UPDATE: seldon          tfserving-default-0-mnist-model-6f54cf8469-dkxsr          3/3     Terminating         0          39s


PODS UPDATE: seldon          hpt-default-0-halfplustwo-54f7bd986b-2rh9h                0/2     Pending             0          0s


PODS UPDATE: seldon          hpt-default-0-halfplustwo-54f7bd986b-2rh9h                0/2     Pending             0          0s


PODS UPDATE: seldon          hpt-default-0-halfplustwo-54f7bd986b-2rh9h                0/2     Init:0/1            0          0s


PODS UPDATE: seldon          hpt-default-0-halfplustwo-54f7bd986b-2rh9h                0/2     Init:0/1            0          2s


PODS UPDATE: seldon          hpt-default-0-halfplustwo-54f7bd986b-2rh9h                0/2     PodInitializing     0          4s


PODS UPDATE: seldon          hpt-default-0-halfplustwo-54f7bd986b-2rh9h                1/2     Running             0          5s


PODS UPDATE: seldon          tfserving-default-0-mnist-model-6f54cf8469-dkxsr          2/3     Terminating         0          52s


PODS UPDATE: seldon          tfserving-default-0-mnist-model-6f54cf8469-dkxsr          0/3     Terminating         0          60s


PODS UPDATE: seldon          tfserving-default-0-mnist-model-6f54cf8469-dkxsr          0/3     Terminating         0          60s


PODS UPDATE: seldon          tfserving-default-0-mnist-model-6f54cf8469-dkxsr          0/3     Terminating         0          61s


PODS UPDATE: seldon          tfserving-default-0-mnist-model-6f54cf8469-dkxsr          0/3     Terminating         0          61s


PODS UPDATE: seldon          hpt-default-0-halfplustwo-54f7bd986b-2rh9h                2/2     Running             0          24s


PODS UPDATE: seldon          hpt-default-0-halfplustwo-54f7bd986b-2rh9h                2/2     Terminating         0          36s


PODS UPDATE: seldon          mlflow-default-0-classifier-7dfd6f756b-dvc62              0/2     Pending             0          0s


PODS UPDATE: seldon          mlflow-default-0-classifier-7dfd6f756b-dvc62              0/2     Pending             0          0s


PODS UPDATE: seldon          mlflow-default-0-classifier-7dfd6f756b-dvc62              0/2     Init:0/1            0          1s


PODS UPDATE: seldon          mlflow-default-0-classifier-7dfd6f756b-dvc62              0/2     Init:0/1            0          2s


PODS UPDATE: seldon          mlflow-default-0-classifier-7dfd6f756b-dvc62              0/2     PodInitializing     0          4s


PODS UPDATE: seldon          hpt-default-0-halfplustwo-54f7bd986b-2rh9h                1/2     Terminating         0          49s


PODS UPDATE: seldon          mlflow-default-0-classifier-7dfd6f756b-dvc62              0/2     Running             0          13s


PODS UPDATE: seldon          hpt-default-0-halfplustwo-54f7bd986b-2rh9h                0/2     Terminating         0          57s


PODS UPDATE: seldon          hpt-default-0-halfplustwo-54f7bd986b-2rh9h                0/2     Terminating         0          57s


PODS UPDATE: seldon          hpt-default-0-halfplustwo-54f7bd986b-2rh9h                0/2     Terminating         0          65s


PODS UPDATE: seldon          hpt-default-0-halfplustwo-54f7bd986b-2rh9h                0/2     Terminating         0          65s


PODS UPDATE: seldon          mlflow-default-0-classifier-7dfd6f756b-dvc62              1/2     Running             0          75s


PODS UPDATE: seldon          mlflow-default-0-classifier-7dfd6f756b-dvc62              2/2     Running             0          77s


PODS UPDATE: seldon          mlflow-default-0-classifier-7dfd6f756b-dvc62              2/2     Terminating         0          90s


PODS UPDATE: seldon          fixed-default-0-classifier-5d55b44bc5-czfnw               0/2     Pending             0          0s


PODS UPDATE: seldon          fixed-default-0-classifier-5d55b44bc5-9p9kr               0/2     Pending             0          0s


PODS UPDATE: seldon          fixed-default-0-classifier-5d55b44bc5-tw8sw               0/2     Pending             0          0s


PODS UPDATE: seldon          fixed-default-0-classifier-5d55b44bc5-czfnw               0/2     Pending             0          0s


PODS UPDATE: seldon          fixed-default-0-classifier-5d55b44bc5-9p9kr               0/2     Pending             0          0s


PODS UPDATE: seldon          fixed-default-0-classifier-5d55b44bc5-tw8sw               0/2     Pending             0          0s


PODS UPDATE: seldon          fixed-default-0-classifier-5d55b44bc5-czfnw               0/2     ContainerCreating   0          0s


PODS UPDATE: seldon          fixed-default-0-classifier-5d55b44bc5-9p9kr               0/2     ContainerCreating   0          0s


PODS UPDATE: seldon          fixed-default-0-classifier-5d55b44bc5-tw8sw               0/2     ContainerCreating   0          0s


PODS UPDATE: seldon          fixed-default-0-classifier-5d55b44bc5-tw8sw               0/2     Running             0          1s


PODS UPDATE: seldon          fixed-default-0-classifier-5d55b44bc5-czfnw               0/2     Running             0          1s


PODS UPDATE: seldon          fixed-default-0-classifier-5d55b44bc5-9p9kr               0/2     Running             0          2s


PODS UPDATE: seldon          mlflow-default-0-classifier-7dfd6f756b-dvc62              1/2     Terminating         0          102s


PODS UPDATE: seldon          mlflow-default-0-classifier-7dfd6f756b-dvc62              0/2     Terminating         0          112s


PODS UPDATE: seldon          mlflow-default-0-classifier-7dfd6f756b-dvc62              0/2     Terminating         0          116s


PODS UPDATE: seldon          mlflow-default-0-classifier-7dfd6f756b-dvc62              0/2     Terminating         0          116s


PODS UPDATE: seldon          fixed-default-0-classifier-5d55b44bc5-tw8sw               1/2     Running             0          22s


PODS UPDATE: seldon          fixed-default-0-classifier-5d55b44bc5-czfnw               1/2     Running             0          24s


PODS UPDATE: seldon          fixed-default-0-classifier-5d55b44bc5-tw8sw               2/2     Running             0          24s


PODS UPDATE: seldon          fixed-default-0-classifier-5d55b44bc5-9p9kr               1/2     Running             0          25s


PODS UPDATE: seldon          fixed-default-0-classifier-5d55b44bc5-9p9kr               2/2     Running             0          25s


PODS UPDATE: seldon          fixed-default-0-classifier-5d55b44bc5-czfnw               2/2     Running             0          25s


PODS UPDATE: seldon          fixed-default-0-classifier-65d97c777b-nssdn               0/2     Pending             0          0s


PODS UPDATE: seldon          fixed-default-0-classifier-65d97c777b-nssdn               0/2     Pending             0          0s


PODS UPDATE: seldon          fixed-default-0-classifier-65d97c777b-nssdn               0/2     ContainerCreating   0          0s


PODS UPDATE: seldon          fixed-default-0-classifier-65d97c777b-nssdn               0/2     Running             0          2s


PODS UPDATE: seldon          fixed-default-0-classifier-65d97c777b-nssdn               1/2     Running             0          21s


PODS UPDATE: seldon          fixed-default-0-classifier-65d97c777b-nssdn               2/2     Running             0          22s


PODS UPDATE: seldon          fixed-default-0-classifier-5d55b44bc5-czfnw               2/2     Terseldondeployment.machinelearning.seldon.io "fixed" deleted
minating         0          50s


PODS UPDATE: seldon          fixed-default-0-classifier-65d97c777b-cs66s               0/2     Pending             0          0s


PODS UPDATE: seldon          fixed-default-0-classifier-65d97c777b-cs66s               0/2     Pending             0          0s


PODS UPDATE: seldon          fixed-default-0-classifier-65d97c777b-cs66s               0/2     ContainerCreating   0          0s


PODS UPDATE: seldon          fixed-default-0-classifier-65d97c777b-cs66s               0/2     Running             0          2s


PODS UPDATE: seldon          fixed-default-0-classifier-5d55b44bc5-czfnw               1/2     Terminating         0          60s


PODS UPDATE: seldon          fixed-default-0-classifier-5d55b44bc5-czfnw               0/2     Terminating         0          71s


PODS UPDATE: seldon          fixed-default-0-classifier-5d55b44bc5-czfnw               0/2     Terminating         0          71s


PODS UPDATE: seldon          fixed-default-0-classifier-65d97c777b-cs66s               1/2     Running             0          21s


PODS UPDATE: seldon          fixed-default-0-classifier-65d97c777b-cs66s               2/2     Running             0          25s


PODS UPDATE: seldon          fixed-default-0-classifier-5d55b44bc5-9p9kr               2/2     Terminating         0          75s


PODS UPDATE: seldon          fixed-default-0-classifier-65d97c777b-lk6mt               0/2     Pending             0          0s


PODS UPDATE: seldon          fixed-default-0-classifier-65d97c777b-lk6mt               0/2     Pending             0          0s


PODS UPDATE: seldon          fixed-default-0-classifier-65d97c777b-lk6mt               0/2     ContainerCreating   0          0s


PODS UPDATE: seldon          fixed-default-0-classifier-65d97c777b-lk6mt               0/2     Running             0          2s


PODS UPDATE: seldon          fixed-default-0-classifier-5d55b44bc5-czfnw               0/2     Terminating         0          81s


PODS UPDATE: seldon          fixed-default-0-classifier-5d55b44bc5-czfnw               0/2     Terminating         0          81s


PODS UPDATE: seldon          fixed-default-0-classifier-5d55b44bc5-9p9kr               1/2     Terminating         0          85s


PODS UPDATE: seldon          fixed-default-0-classifier-5d55b44bc5-9p9kr               0/2     Terminating         0          96s


PODS UPDATE: seldon          fixed-default-0-classifier-5d55b44bc5-9p9kr               0/2     Terminating         0          97s


PODS UPDATE: seldon          fixed-default-0-classifier-5d55b44bc5-9p9kr               0/2     Terminating         0          97s


PODS UPDATE: seldon          fixed-default-0-classifier-65d97c777b-lk6mt               1/2     Running             0          24s


PODS UPDATE: seldon          fixed-default-0-classifier-65d97c777b-lk6mt               2/2     Running             0          24s


PODS UPDATE: seldon          fixed-default-0-classifier-5d55b44bc5-tw8sw               2/2     Terminating         0          99s


PODS UPDATE: seldon          fixed-default-0-classifier-65d97c777b-lk6mt               2/2     Terminating         0          35s


PODS UPDATE: seldon          fixed-default-0-classifier-65d97c777b-cs66s               2/2     Terminating         0          60s


PODS UPDATE: seldon          fixed-default-0-classifier-65d97c777b-nssdn               2/2     Terminating         0          82s


PODS UPDATE: seldon          fixed-default-svc-orch-b5d99cf6c-ncqt6                    0/1     Pending             0          0s


PODS UPDATE: seldon          fixed-default-0-classifier-5cc55b85f7-4mrwz               0/1     Pending             0          0s


PODS UPDATE: seldon          fixed-default-svc-orch-b5d99cf6c-ncqt6                    0/1     Pending             0          0s


PODS UPDATE: seldon          fixed-default-0-classifier-5cc55b85f7-4mrwz               0/1     Pending             0          0s


PODS UPDATE: seldon          fixed-default-svc-orch-b5d99cf6c-ncqt6                    0/1     ContainerCreating   0          0s


PODS UPDATE: seldon          fixed-default-0-classifier-5cc55b85f7-4mrwz               0/1     ContainerCreating   0          0s


PODS UPDATE: seldon          fixed-default-0-classifier-5d55b44bc5-tw8sw               1/2     Terminating         0          114s


PODS UPDATE: seldon          fixed-default-svc-orch-b5d99cf6c-ncqt6                    0/1     Running             0          2s


PODS UPDATE: seldon          fixed-default-0-classifier-5cc55b85f7-4mrwz               0/1     Running             0          2s


PODS UPDATE: seldon          fixed-default-0-classifier-5d55b44bc5-tw8sw               0/2     Terminating         0          2m


PODS UPDATE: seldon          fixed-default-0-classifier-5d55b44bc5-tw8sw               0/2     Terminating         0          2m


PODS UPDATE: seldon          fixed-default-0-classifier-5d55b44bc5-tw8sw               0/2     Terminating         0          2m1s


PODS UPDATE: seldon          fixed-default-0-classifier-5d55b44bc5-tw8sw               0/2     Terminating         0          2m1s


PODS UPDATE: seldon          fixed-default-0-classifier-65d97c777b-cs66s               1/2     Terminating         0          71s


PODS UPDATE: seldon          fixed-default-0-classifier-65d97c777b-lk6mt               1/2     Terminating         0          49s


PODS UPDATE: seldon          fixed-default-0-classifier-65d97c777b-nssdn               1/2     Terminating         0          97s


PODS UPDATE: seldon          fixed-default-0-classifier-65d97c777b-lk6mt               0/2     Terminating         0          56s


PODS UPDATE: seldon          fixed-default-0-classifier-65d97c777b-lk6mt               0/2     Terminating         0          56s


PODS UPDATE: seldon          fixed-default-0-classifier-65d97c777b-nssdn               0/2     Terminating         0          103s


PODS UPDATE: seldon          fixed-default-0-classifier-65d97c777b-cs66s               0/2     Terminating         0          81s


PODS UPDATE: seldon          fixed-default-0-classifier-65d97c777b-cs66s               0/2     Terminating         0          82s


PODS UPDATE: seldon          fixed-default-0-classifier-65d97c777b-cs66s               0/2     Terminating         0          83s


PODS UPDATE: seldon          fixed-default-0-classifier-65d97c777b-cs66s               0/2     Terminating         0          83s


PODS UPDATE: seldon          fixed-default-0-classifier-5cc55b85f7-4mrwz               1/1     Running             0          21s


PODS UPDATE: seldon          fixed-default-svc-orch-b5d99cf6c-ncqt6                    1/1     Running             0          25s


PODS UPDATE: seldon          fixed-default-svc-orch-5b74fdbd9f-v87gd                   0/1     Pending             0          0s


PODS UPDATE: seldon          fixed-default-svc-orch-5b74fdbd9f-v87gd                   0/1     Pending             0          0s


PODS UPDATE: seldon          fixed-default-0-classifier-7d6f64df95-8qwhf               0/1     Pending             0          0s


PODS UPDATE: seldon          fixed-default-0-classifier-7d6f64df95-8qwhf               0/1     Pending             0          0s


PODS UPDATE: seldon          fixed-default-svc-orch-5b74fdbd9f-v87gd                   0/1     ContainerCreating   0          0s


PODS UPDATE: seldon          fixed-default-0-classifier-7d6f64df95-8qwhf               0/1     ContainerCreating   0          0s


PODS UPDATE: seldon          fixed-default-svc-orch-5b74fdbd9f-v87gd                   0/1     Running             0          1s


PODS UPDATE: seldon          fixed-default-0-classifier-7d6f64df95-8qwhf               0/1     Running             0          1s


PODS UPDATE: seldon          fixed-default-0-classifier-65d97c777b-lk6mt               0/2     Terminating         0          66s


PODS UPDATE: seldon          fixed-default-0-classifier-65d97c777b-lk6mt               0/2     Terminating         0          66s


PODS UPDATE: seldon          fixed-default-0-classifier-65d97c777b-nssdn               0/2     Terminating         0          11FAILED
test_notebooks.py::TestNotebooks::test_ambassador_canary [NbConvertApp] Converting notebook ../../examples/ambassador/canary/ambassador_canary.ipynb to script
[NbConvertApp] Writing 3103 bytes to ../../examples/ambassador/canary/ambassador_canary.py
PASSED
test_notebooks.py::TestNotebooks::test_ambassador_headers [NbConvertApp] Converting notebook ../../examples/ambassador/headers/ambassador_headers.ipynb to script
[NbConvertApp] Writing 3745 bytes to ../../examples/ambassador/headers/ambassador_headers.py
3s


PODS UPDATE: seldon          fixed-default-0-classifier-65d97c777b-nssdn               0/2     Terminating         0          113s


PODS UPDATE: seldon          fixed-default-svc-orch-5b74fdbd9f-v87gd                   0/1     Terminating         0          9s


PODS UPDATE: seldon          fixed-default-0-classifier-7d6f64df95-8qwhf               0/1     Terminating         0          9s


PODS UPDATE: seldon          fixed-default-0-classifier-5cc55b85f7-4mrwz               1/1     Terminating         0          35s


PODS UPDATE: seldon          fixed-default-svc-orch-b5d99cf6c-ncqt6                    1/1     Terminating         0          35s


PODS UPDATE: seldon          fixed-default-svc-orch-b5d99cf6c-ncqt6                    0/1     Terminating         0          36s


PODS UPDATE: seldon          fixed-default-svc-orch-5b74fdbd9f-v87gd                   0/1     Terminating         0          10s


PODS UPDATE: seldon          fixed-default-svc-orch-5b74fdbd9f-v87gd                   0/1     Terminating         0          10s


PODS UPDATE: seldon          fixed-default-svc-orch-b5d99cf6c-ncqt6                    0/1     Terminating         0          37s


PODS UPDATE: seldon          fixed-default-svc-orch-b5d99cf6c-ncqt6                    0/1     Terminating         0          37s


PODS UPDATE: seldon          fixed-default-svc-orch-5b74fdbd9f-v87gd                   0/1     Terminating         0          11s


PODS UPDATE: seldon          fixed-default-svc-orch-5b74fdbd9f-v87gd                   0/1     Terminating         0          11s


PODS UPDATE: seldon          example-main-0-classifier-78f68869c-57hls                 0/2     Pending             0          0s


PODS UPDATE: seldon          example-main-0-classifier-78f68869c-57hls                 0/2     Pending             0          0s


PODS UPDATE: seldon          example-main-0-classifier-78f68869c-57hls                 0/2     ContainerCreating   0          0s


PODS UPDATE: seldon          example-main-0-classifier-78f68869c-57hls                 0/2     Running             0          4s


PODS UPDATE: seldon          fixed-default-0-classifier-7d6f64df95-8qwhf               1/1     Terminating         0          24s


PODS UPDATE: seldon          fixed-default-0-classifier-5cc55b85f7-4mrwz               0/1     Terminating         0          56s


PODS UPDATE: seldon          fixed-default-0-classifier-7d6f64df95-8qwhf               0/1     Terminating         0          30s


PODS UPDATE: seldon          fixed-default-0-classifier-5cc55b85f7-4mrwz               0/1     Terminating         0          57s


PODS UPDATE: seldon          fixed-default-0-classifier-5cc55b85f7-4mrwz               0/1     Terminating         0          57s


PODS UPDATE: seldon          fixed-default-0-classifier-7d6f64df95-8qwhf               0/1     Terminating         0          31s


PODS UPDATE: seldon          fixed-default-0-classifier-7d6f64df95-8qwhf               0/1     Terminating         0          31s


PODS UPDATE: seldon          example-main-0-classifier-78f68869c-57hls                 1/2     Running             0          23s


PODS UPDATE: seldon          example-main-0-classifier-78f68869c-57hls                 2/2     Running             0          23s


PODS UPDATE: seldon          example-canary-0-classifier-64565bbdd9-mfrvv              0/2     Pending             0          0s


PODS UPDATE: seldon          example-canary-0-classifier-64565bbdd9-mfrvv              0/2     Pending             0          0s


PODS UPDATE: seldon          example-canary-0-classifier-64565bbdd9-mfrvv              0/2     ContainerCreating   0          0s


PODS UPDATE: seldon          example-canary-0-classifier-64565bbdd9-mfrvv              0/2     Running             0          1s


PODS UPDATE: seldon          example-canary-0-classifier-64565bbdd9-mfrvv              1/2     Running             0          23s


PODS UPDATE: seldon          example-canary-0-classifier-64565bbdd9-mfrvv              2/2     Running             0          25s


PODS UPDPASSED
test_notebooks.py::TestNotebooks::test_ambassador_shadow [NbConvertApp] Converting notebook ../../examples/ambassador/shadow/ambassador_shadow.ipynb to script
[NbConvertApp] Writing 3287 bytes to ../../examples/ambassador/shadow/ambassador_shadow.py
ATE: seldon          example-canary-0-classifier-64565bbdd9-mfrvv              2/2     Terminating         0          40s


PODS UPDATE: seldon          example-main-0-classifier-78f68869c-57hls                 2/2     Terminating         0          69s


PODS UPDATE: seldon          example-single-0-classifier-5f8df746dd-kxhl7              0/2     Pending             0          0s


PODS UPDATE: seldon          example-single-0-classifier-5f8df746dd-kxhl7              0/2     Pending             0          0s


PODS UPDATE: seldon          example-single-0-classifier-5f8df746dd-kxhl7              0/2     ContainerCreating   0          0s


PODS UPDATE: seldon          example-single-0-classifier-5f8df746dd-kxhl7              0/2     Running             0          2s


PODS UPDATE: seldon          example-canary-0-classifier-64565bbdd9-mfrvv              1/2     Terminating         0          53s


PODS UPDATE: seldon          example-main-0-classifier-78f68869c-57hls                 1/2     Terminating         0          83s


PODS UPDATE: seldon          example-main-0-classifier-78f68869c-57hls                 0/2     Terminating         0          89s


PODS UPDATE: seldon          example-canary-0-classifier-64565bbdd9-mfrvv              0/2     Terminating         0          60s


PODS UPDATE: seldon          example-canary-0-classifier-64565bbdd9-mfrvv              0/2     Terminating         0          61s


PODS UPDATE: seldon          example-canary-0-classifier-64565bbdd9-mfrvv              0/2     Terminating         0          61s


PODS UPDATE: seldon          example-single-0-classifier-5f8df746dd-kxhl7              1/2     Running             0          21s


PODS UPDATE: seldon          example-single-0-classifier-5f8df746dd-kxhl7              2/2     Running             0          25s


PODS UPDATE: seldon          example-main-0-classifier-78f68869c-57hls                 0/2     Terminating         0          100s


PODS UPDATE: seldon          example-main-0-classifier-78f68869c-57hls                 0/2     Terminating         0          100s


PODS UPDATE: seldon          example-header-single-0-classifier-5468757b54-vgcn5       0/2     Pending             0          0s


PODS UPDATE: seldon          example-header-single-0-classifier-5468757b54-vgcn5       0/2     Pending             0          0s


PODS UPDATE: seldon          example-header-single-0-classifier-5468757b54-vgcn5       0/2     ContainerCreating   0          0s


PODS UPDATE: seldon          example-header-single-0-classifier-5468757b54-vgcn5       0/2     Running             0          2s


PODS UPDATE: seldon          example-header-single-0-classifier-5468757b54-vgcn5       1/2     Running             0          21s


PODS UPDATE: seldon          example-header-single-0-classifier-5468757b54-vgcn5       2/2     Running             0          22s


PODS UPDATE: seldon          example-single-0-classifier-5f8df746dd-kxhl7              2/2     Terminating         0          66s


PODS UPDATE: seldon          example-header-single-0-classifier-5468757b54-vgcn5       2/2     Terminating         0          47s


PODS UPDATE: seldon          example-single-0-classifier-5f8df746dd-kxhl7              1/2     Terminating         0          81s


PODS UPDATE: seldon          example-default-0-classifier-6f9d7449bc-g5bcp             0/2     Pending             0          0s


PODS UPDATE: seldon          example-default-0-classifier-6f9d7449bc-g5bcp             0/2     Pending             0          0s


PODS UPDATE: seldon          example-default-0-classifier-6f9d7449bc-g5bcp             0/2     ContainerCreating   0          0s


PODS UPDATE: seldon          example-default-0-classifier-6f9d7449bc-g5bcp             0/2     Running             0          2s


PODS UPDATE: seldon          example-single-0-classifier-5f8df746dd-kxhl7              0/2     Terminating         0          88s


PODS UPDATE: seldon          example-header-single-0-classifier-5468757b54-vgcn5       1/2     Terminating         0          61s


PODS UPDATE: seldon          example-single-0-classifier-5f8df746dd-kxhl7              0/2     Terminating         0          96s


PODS UPDATE: seldon          example-single-0-classifier-5f8df746dd-kxhl7              0/2     Terminating         0          96s


PODS UPDATE: seldon          example-header-single-0-classifier-5468757b54-vgcn5       0/2     Terminating         0          68s


PODS UPDATE: seldon          example-header-single-0-classifier-5468757b54-vgcn5       0/2     Terminating         0          68s


PODS UPDATE: seldon          example-header-single-0-classifier-5468757b54-vgcn5       0/2     Terminating         0          74s


PODS UPDATE: seldon          example-header-single-0-classifier-5468757b54-vgcn5       0/2     Terminating         0          74s


PODS UPDATE: seldon          example-default-0-classifier-6f9d7449bc-g5bcp             1/2     Running             0          22s


PODS UPDATE: seldon          example-default-0-classifier-6f9d7449bc-g5bcp             2/2     Running             0          25s


PODS UPDATE: seldon          example-shadow-0-classifier-76d4fcf849-bzhhb              0/2     Pending             0          0s


PODS UPDATE: seldon          example-shadow-0-classifier-76d4fcf849-bzhhb              0/2     Pending             0          0s


PODS UPDATE: seldon          example-shadow-0-classifier-76d4fcf849-bzhhb              0/2     ContainerCreating   0          0s


PODS UPDATE: seldon          example-shadow-0-classifier-76d4fcf849-bzhhb              0/2     Running             0          2s


PODS UPDATE: seldon          example-shadow-0-classifier-76d4fcf849-bzhhb              1/2     Running             0          22s


PODS UPDATE: seldon          example-shadow-0-classifier-76d4fcf849-bzhhb              2/2     Running             0          24s

PASSED
test_notebooks.py::TestNotebooks::test_ambassador_custom [NbConvertApp] Converting notebook ../../examples/ambassador/custom/ambassador_custom.ipynb to script
[NbConvertApp] Writing 2294 bytes to ../../examples/ambassador/custom/ambassador_custom.py
PASSED
test_notebooks.py::TestNotebooks::test_istio_canary [NbConvertApp] Converting notebook ../../examples/istio/canary_update/canary.ipynb to script
[NbConvertApp] Writing 6633 bytes to ../../examples/istio/canary_update/canary.py
PASSED
test_notebooks.py::TestNotebooks::test_tracing [NbConvertApp] Converting notebook ../../examples/models/tracing/tracing.ipynb to script
[NbConvertApp] Writing 4792 bytes to ../../examples/models/tracing/tracing.py
PASSED
test_notebooks.py::TestNotebooks::test_metrics [NbConvertApp] Converting notebook ../../examples/models/metrics/metrics.ipynb to script
[NbConvertApp] Writing 6830 bytes to ../../examples/models/metrics/metrics.py
PASSED
test_notebooks.py::TestNotebooks::test_payload_logging [NbConvertApp] Converting notebook ../../examples/models/payload_logging/payload_logging.ipynb to script
[NbConvertApp] Writing 2868 bytes to ../../examples/models/payload_logging/payload_logging.py
PASSED
test_notebooks.py::TestNotebooks::test_custom_metrics [NbConvertApp] Converting notebook ../../examples/models/custom_metrics/customMetrics.ipynb to script
[NbConvertApp] Writing 4432 bytes to ../../examples/models/custom_metrics/customMetrics.py
seldondeployment.machinelearning.seldon.io "seldon-model" deleted
release "seldon-core-analytics" uninstalled
FAILED
test_notebooks.py::TestNotebooks::test_autoscaling [NbConvertApp] Converting notebook ../../examples/models/autoscaling/autoscaling_example.ipynb to script
[NbConvertApp] Writing 3744 bytes to ../../examples/models/autoscaling/autoscaling_example.py
PASSED
test_notebooks.py::TestNotebooks::test_jsondata [NbConvertApp] Converting notebook ../../examples/models/sklearn_iris_jsondata/sklearn_iris_jsondata.ipynb to script
[NbConvertApp] Writing 4009 bytes to ../../examples/models/sklearn_iris_jsondata/sklearn_iris_jsondata.py
PASSED
test_notebooks.py::TestNotebooks::test_sklearn_iris [NbConvertApp] Converting notebook ../../examples/models/sklearn_iris/sklearn_iris.ipynb to script
[NbConvertApp] Writing 3630 bytes to ../../examples/models/sklearn_iris/sklearn_iris.py
PASSED
test_notebooks.py::TestNotebooks::test_upgrade [NbConvertApp] Converting notebook ../../notebooks/operator_upgrade.ipynb to script
[NbConvertApp] Writing 4068 bytes to ../../notebooks/operator_upgrade.py
seldondeployment.machinelearning.seldon.io "hpt" deleted
seldondeployment.machinelearning.seldon.io "model-logs" deleted
seldondeployment.machinelearning.seldon.io "seldon-model" deleted
seldondeployment.machinelearning.seldon.io "sklearn" deleted
make[1]: Entering directory '/workspace/source/testing/scripts'
cd ../../operator && make install-cert-manager
make[2]: Entering directory '/workspace/source/operator'
kubectl create namespace cert-manager || echo "Namespace cert-manager-exists"
Error from server (AlreadyExists): namespaces "cert-manager" already exists
Namespace cert-manager-exists
kubectl label namespace cert-manager cert-manager.io/disable-validation=true || echo "namespace cert-manager-already labelled"
error: 'cert-manager.io/disable-validation' already has a value (true), and --overwrite is false
namespace cert-manager-already labelled
kubectl apply --validate=false -f https://github.com/jetstack/cert-manager/releases/download/v0.12.0/cert-manager.yaml
customresourcedefinition.apiextensions.k8s.io/certificaterequests.cert-manager.io unchanged
customresourcedefinition.apiextensions.k8s.io/certificates.cert-manager.io unchanged
customresourcedefinition.apiextensions.k8s.io/challenges.acme.cert-manager.io unchanged
customresourcedefinition.apiextensions.k8s.io/clusterissuers.cert-manager.io unchanged
customresourcedefinition.apiextensions.k8s.io/issuers.cert-manager.io unchanged
customresourcedefinition.apiextensions.k8s.io/orders.acme.cert-manager.io unchanged
namespace/cert-manager unchanged
serviceaccount/cert-manager-cainjector unchanged
serviceaccount/cert-manager unchanged
serviceaccount/cert-manager-webhook unchanged
clusterrole.rbac.authorization.k8s.io/cert-manager-cainjector unchanged
clusterrolebinding.rbac.authorization.k8s.io/cert-manager-cainjector unchanged
role.rbac.authorization.k8s.io/cert-manager-cainjector:leaderelection unchanged
rolebinding.rbac.authorization.k8s.io/cert-manager-cainjector:leaderelection configured
clusterrolebinding.rbac.authorization.k8s.io/cert-manager-webhook:auth-delegator configured
rolebinding.rbac.authorization.k8s.io/cert-manager-webhook:webhook-authentication-reader configured
clusterrole.rbac.authorization.k8s.io/cert-manager-webhook:webhook-requester unchanged
role.rbac.authorization.k8s.io/cert-manager:leaderelection unchanged
rolebinding.rbac.authorization.k8s.io/cert-manager:leaderelection configured
clusterrole.rbac.authorization.k8s.io/cert-manager-controller-issuers unchanged
clusterrole.rbac.authorization.k8s.io/cert-manager-controller-clusterissuers unchanged
clusterrole.rbac.authorization.k8s.io/cert-manager-controller-certificates unchanged
clusterrole.rbac.authorization.k8s.io/cert-manager-controller-orders unchanged
clusterrole.rbac.authorization.k8s.io/cert-manager-controller-challenges unchanged
clusterrole.rbac.authorization.k8s.io/cert-manager-controller-ingress-shim unchanged
clusterrolebinding.rbac.authorization.k8s.io/cert-manager-controller-issuers unchanged
clusterrolebinding.rbac.authorization.k8s.io/cert-manager-controller-clusterissuers unchanged
clusterrolebinding.rbac.authorization.k8s.io/cert-manager-controller-certificates unchanged
clusterrolebinding.rbac.authorization.k8s.io/cert-manager-controller-orders unchanged
clusterrolebinding.rbac.authorization.k8s.io/cert-manager-controller-challenges unchanged
clusterrolebinding.rbac.authorization.k8s.io/cert-manager-controller-ingress-shim unchanged
clusterrole.rbac.authorization.k8s.io/cert-manager-view unchanged
clusterrole.rbac.authorization.k8s.io/cert-manager-edit unchanged
service/cert-manager unchanged
service/cert-manager-webhook unchanged
deployment.apps/cert-manager-cainjector configured
deployment.apps/cert-manager unchanged
deployment.apps/cert-manager-webhook configured
mutatingwebhookconfiguration.admissionregistration.k8s.io/cert-manager-webhook configured
validatingwebhookconfiguration.admissionregistration.k8s.io/cert-manager-webhook configured
kubectl rollout status deployment.apps/cert-manager -n cert-manager
deployment "cert-manager" successfully rolled out
kubectl rollout status deployment.apps/cert-manager-cainjector -n cert-manager
deployment "cert-manager-cainjector" successfully rolled out
kubectl rollout status deployment.apps/cert-manager-webhook -n cert-manager
deployment "cert-manager-webhook" successfully rolled out
make[2]: Leaving directory '/workspace/source/operator'
sleep 5 #https://github.com/jetstack/cert-manager/issues/2273
kubectl create namespace seldon-system || echo "namespace seldon-system exists"
Error from server (AlreadyExists): namespaces "seldon-system" already exists
namespace seldon-system exists
helm install seldon \
	../../helm-charts/seldon-core-operator \
	--namespace seldon-system \
	--set istio.enabled=true \
	--set istio.gateway=seldon-gateway \
	--set certManager.enabled=false \
	--set executor.enabled=true \
	--wait
Error: cannot re-use a name that is still in use
make[1]: *** [Makefile:57: install_seldon] Error 1
make[1]: Leaving directory '/workspace/source/testing/scripts'
PASSED

=================================== FAILURES ===================================
______________________ TestNotebooks.test_rolling_updates ______________________

self = <test_notebooks.TestNotebooks object at 0x7f4376e8a780>

    def test_rolling_updates(self):
>       create_and_run_script("../../notebooks", "rolling_updates")

test_notebooks.py:59: 
_ _ _ _ _ _ _ _ _ _ _ _ _ _ _ _ _ _ _ _ _ _ _ _ _ _ _ _ _ _ _ _ _ _ _ _ _ _ _ _ 
test_notebooks.py:27: in create_and_run_script
    raise e
test_notebooks.py:20: in create_and_run_script
    encoding="utf-8",
_ _ _ _ _ _ _ _ _ _ _ _ _ _ _ _ _ _ _ _ _ _ _ _ _ _ _ _ _ _ _ _ _ _ _ _ _ _ _ _ 

input = None, timeout = None, check = True
popenargs = ('cd ../../notebooks && ./rolling_updates.py',)
kwargs = {'encoding': 'utf-8', 'shell': True, 'stderr': -1, 'stdout': -1}
process = <subprocess.Popen object at 0x7f4376e8acc0>
stdout = 'Context "kind-kind" modified.\nseldondeployment.machinelearning.seldon.io/fixed created\nWaiting for deployment "fixe...[0;34m\x1b[0m\x1b[0;34m\x1b[0m\x1b[0m\n\n\x1b[0;31mJSONDecodeError\x1b[0m: Expecting value: line 1 column 1 (char 0)\n'
stderr = 'Error from server (AlreadyExists): namespaces "seldon" already exists\n/usr/local/lib/python3.6/site-packages/IPython...  0 --:--:-- --:--:-- --:--:--     0\n100    39    0     0  100    39      0   9750 --:--:-- --:--:-- --:--:--  9750\n'
retcode = 1

    def run(*popenargs, input=None, timeout=None, check=False, **kwargs):
        """Run command with arguments and return a CompletedProcess instance.
    
        The returned instance will have attributes args, returncode, stdout and
        stderr. By default, stdout and stderr are not captured, and those attributes
        will be None. Pass stdout=PIPE and/or stderr=PIPE in order to capture them.
    
        If check is True and the exit code was non-zero, it raises a
        CalledProcessError. The CalledProcessError object will have the return code
        in the returncode attribute, and output & stderr attributes if those streams
        were captured.
    
        If timeout is given, and the process takes too long, a TimeoutExpired
        exception will be raised.
    
        There is an optional argument "input", allowing you to
        pass a string to the subprocess's stdin.  If you use this argument
        you may not also use the Popen constructor's "stdin" argument, as
        it will be used internally.
    
        The other arguments are the same as for the Popen constructor.
    
        If universal_newlines=True is passed, the "input" argument must be a
        string and stdout/stderr in the returned object will be strings rather than
        bytes.
        """
        if input is not None:
            if 'stdin' in kwargs:
                raise ValueError('stdin and input arguments may not both be used.')
            kwargs['stdin'] = PIPE
    
        with Popen(*popenargs, **kwargs) as process:
            try:
                stdout, stderr = process.communicate(input, timeout=timeout)
            except TimeoutExpired:
                process.kill()
                stdout, stderr = process.communicate()
                raise TimeoutExpired(process.args, timeout, output=stdout,
                                     stderr=stderr)
            except:
                process.kill()
                process.wait()
                raise
            retcode = process.poll()
            if check and retcode:
                raise CalledProcessError(retcode, process.args,
>                                        output=stdout, stderr=stderr)
E               subprocess.CalledProcessError: Command 'cd ../../notebooks && ./rolling_updates.py' returned non-zero exit status 1.

/usr/local/lib/python3.6/subprocess.py:438: CalledProcessError
------------------------------ Captured log call -------------------------------
ERROR    root:test_notebooks.py:24 failed notebook test rolling_updates stdout:Context "kind-kind" modified.
seldondeployment.machinelearning.seldon.io/fixed created
Waiting for deployment "fixed-default-0-classifier" rollout to finish: 0 of 3 updated replicas are available...
Waiting for deployment "fixed-default-0-classifier" rollout to finish: 1 of 3 updated replicas are available...
Waiting for deployment "fixed-default-0-classifier" rollout to finish: 2 of 3 updated replicas are available...
deployment "fixed-default-0-classifier" successfully rolled out
{"data":{"names":[],"ndarray":[1,2,3,4]},"meta":{}}
seldondeployment.machinelearning.seldon.io/fixed configured
Available
seldondeployment.machinelearning.seldon.io "fixed" deleted
seldondeployment.machinelearning.seldon.io/fixed created
Waiting for deployment "fixed-default-0-classifier" rollout to finish: 0 of 1 updated replicas are available...
deployment "fixed-default-0-classifier" successfully rolled out
Rollout Success
Creating
Creating
seldondeployment.machinelearning.seldon.io/fixed configured
Available
[0;31m---------------------------------------------------------------------------[0m
[0;31mJSONDecodeError[0m                           Traceback (most recent call last)
[0;32m/workspace/source/notebooks/rolling_updates.py[0m in [0;36m<module>[0;34m[0m
[1;32m    203[0m [0;32mfor[0m [0mi[0m [0;32min[0m [0mrange[0m[0;34m([0m[0;36m60[0m[0;34m)[0m[0;34m:[0m[0;34m[0m[0;34m[0m[0m
[1;32m    204[0m     [0mresponseRaw[0m [0;34m=[0m [0mget_ipython[0m[0;34m([0m[0;34m)[0m[0;34m.[0m[0mgetoutput[0m[0;34m([0m[0;34m'curl -s -d \'{"data": {"ndarray":[[1.0, 2.0, 5.0]]}}\' -X POST http://localhost:8003/seldon/seldon/fixed/api/v1.0/predictions -H "Content-Type: application/json"'[0m[0;34m)[0m[0;34m[0m[0;34m[0m[0m
[0;32m--> 205[0;31m     [0mresponse[0m [0;34m=[0m [0mjson[0m[0;34m.[0m[0mloads[0m[0;34m([0m[0mresponseRaw[0m[0;34m[[0m[0;36m0[0m[0;34m][0m[0;34m)[0m[0;34m[0m[0;34m[0m[0m
[0m[1;32m    206[0m     [0;32massert[0m[0;34m([0m[0mresponse[0m[0;34m[[0m[0;34m'data'[0m[0;34m][0m[0;34m[[0m[0;34m'ndarray'[0m[0;34m][0m[0;34m[[0m[0;36m0[0m[0;34m][0m[0;34m==[0m[0;36m1[0m [0;32mor[0m [0mresponse[0m[0;34m[[0m[0;34m'data'[0m[0;34m][0m[0;34m[[0m[0;34m'ndarray'[0m[0;34m][0m[0;34m[[0m[0;36m0[0m[0;34m][0m[0;34m==[0m[0;36m5[0m[0;34m)[0m[0;34m[0m[0;34m[0m[0m
[1;32m    207[0m     [0mjsonRaw[0m [0;34m=[0m [0mget_ipython[0m[0;34m([0m[0;34m)[0m[0;34m.[0m[0mgetoutput[0m[0;34m([0m[0;34m'kubectl get deploy -l seldon-deployment-id=fixed -o json'[0m[0;34m)[0m[0;34m[0m[0;34m[0m[0m

[0;32m/usr/local/lib/python3.6/json/__init__.py[0m in [0;36mloads[0;34m(s, encoding, cls, object_hook, parse_float, parse_int, parse_constant, object_pairs_hook, **kw)[0m
[1;32m    352[0m             [0mparse_int[0m [0;32mis[0m [0;32mNone[0m [0;32mand[0m [0mparse_float[0m [0;32mis[0m [0;32mNone[0m [0;32mand[0m[0;34m[0m[0;34m[0m[0m
[1;32m    353[0m             parse_constant is None and object_pairs_hook is None and not kw):
[0;32m--> 354[0;31m         [0;32mreturn[0m [0m_default_decoder[0m[0;34m.[0m[0mdecode[0m[0;34m([0m[0ms[0m[0;34m)[0m[0;34m[0m[0;34m[0m[0m
[0m[1;32m    355[0m     [0;32mif[0m [0mcls[0m [0;32mis[0m [0;32mNone[0m[0;34m:[0m[0;34m[0m[0;34m[0m[0m
[1;32m    356[0m         [0mcls[0m [0;34m=[0m [0mJSONDecoder[0m[0;34m[0m[0;34m[0m[0m

[0;32m/usr/local/lib/python3.6/json/decoder.py[0m in [0;36mdecode[0;34m(self, s, _w)[0m
[1;32m    337[0m [0;34m[0m[0m
[1;32m    338[0m         """
[0;32m--> 339[0;31m         [0mobj[0m[0;34m,[0m [0mend[0m [0;34m=[0m [0mself[0m[0;34m.[0m[0mraw_decode[0m[0;34m([0m[0ms[0m[0;34m,[0m [0midx[0m[0;34m=[0m[0m_w[0m[0;34m([0m[0ms[0m[0;34m,[0m [0;36m0[0m[0;34m)[0m[0;34m.[0m[0mend[0m[0;34m([0m[0;34m)[0m[0;34m)[0m[0;34m[0m[0;34m[0m[0m
[0m[1;32m    340[0m         [0mend[0m [0;34m=[0m [0m_w[0m[0;34m([0m[0ms[0m[0;34m,[0m [0mend[0m[0;34m)[0m[0;34m.[0m[0mend[0m[0;34m([0m[0;34m)[0m[0;34m[0m[0;34m[0m[0m
[1;32m    341[0m         [0;32mif[0m [0mend[0m [0;34m!=[0m [0mlen[0m[0;34m([0m[0ms[0m[0;34m)[0m[0;34m:[0m[0;34m[0m[0;34m[0m[0m

[0;32m/usr/local/lib/python3.6/json/decoder.py[0m in [0;36mraw_decode[0;34m(self, s, idx)[0m
[1;32m    355[0m             [0mobj[0m[0;34m,[0m [0mend[0m [0;34m=[0m [0mself[0m[0;34m.[0m[0mscan_once[0m[0;34m([0m[0ms[0m[0;34m,[0m [0midx[0m[0;34m)[0m[0;34m[0m[0;34m[0m[0m
[1;32m    356[0m         [0;32mexcept[0m [0mStopIteration[0m [0;32mas[0m [0merr[0m[0;34m:[0m[0;34m[0m[0;34m[0m[0m
[0;32m--> 357[0;31m             [0;32mraise[0m [0mJSONDecodeError[0m[0;34m([0m[0;34m"Expecting value"[0m[0;34m,[0m [0ms[0m[0;34m,[0m [0merr[0m[0;34m.[0m[0mvalue[0m[0;34m)[0m [0;32mfrom[0m [0;32mNone[0m[0;34m[0m[0;34m[0m[0m
[0m[1;32m    358[0m         [0;32mreturn[0m [0mobj[0m[0;34m,[0m [0mend[0m[0;34m[0m[0;34m[0m[0m

[0;31mJSONDecodeError[0m: Expecting value: line 1 column 1 (char 0)
, stderr:Error from server (AlreadyExists): namespaces "seldon" already exists
/usr/local/lib/python3.6/site-packages/IPython/core/history.py:226: UserWarning: IPython History requires SQLite, your history will not be saved
  warn("IPython History requires SQLite, your history will not be saved")
  % Total    % Received % Xferd  Average Speed   Time    Time     Time  Current
                                 Dload  Upload   Total   Spent    Left  Speed

  0     0    0     0    0     0      0      0 --:--:-- --:--:-- --:--:--     0
100    91  100    52  100    39   4727   3545 --:--:-- --:--:-- --:--:--  8272
  % Total    % Received % Xferd  Average Speed   Time    Time     Time  Current
                                 Dload  Upload   Total   Spent    Left  Speed

  0     0    0     0    0     0      0      0 --:--:-- --:--:-- --:--:--     0
100    39    0     0  100    39      0   9750 --:--:-- --:--:-- --:--:--  9750
______________________ TestNotebooks.test_custom_metrics _______________________

self = <test_notebooks.TestNotebooks object at 0x7f436af72b00>

    def test_custom_metrics(self):
        try:
            create_and_run_script(
                "../../examples/models/custom_metrics", "customMetrics"
            )
        except CalledProcessError as e:
            run(
                f"helm delete seldon-core-analytics --namespace seldon-system",
                shell=True,
                check=False,
            )
>           raise e

test_notebooks.py:110: 
_ _ _ _ _ _ _ _ _ _ _ _ _ _ _ _ _ _ _ _ _ _ _ _ _ _ _ _ _ _ _ _ _ _ _ _ _ _ _ _ 
test_notebooks.py:102: in test_custom_metrics
    "../../examples/models/custom_metrics", "customMetrics"
test_notebooks.py:27: in create_and_run_script
    raise e
test_notebooks.py:20: in create_and_run_script
    encoding="utf-8",
_ _ _ _ _ _ _ _ _ _ _ _ _ _ _ _ _ _ _ _ _ _ _ _ _ _ _ _ _ _ _ _ _ _ _ _ _ _ _ _ 

input = None, timeout = None, check = True
popenargs = ('cd ../../examples/models/custom_metrics && ./customMetrics.py',)
kwargs = {'encoding': 'utf-8', 'shell': True, 'stderr': -1, 'stdout': -1}
process = <subprocess.Popen object at 0x7f436af72da0>
stdout = 'NAME: seldon-core-analytics\nLAST DEPLOYED: Sun Mar 29 22:44:42 2020\nNAMESPACE: seldon-system\nSTATUS: deployed\nREV...[0;34m\x1b[0m\x1b[0;34m\x1b[0m\x1b[0m\n\n\x1b[0;31mJSONDecodeError\x1b[0m: Expecting value: line 1 column 1 (char 0)\n'
stderr = 'Error from server (AlreadyExists): namespaces "seldon" already exists\n/usr/local/lib/python3.6/site-packages/IPython...es SQLite, your history will not be saved\n  warn("IPython History requires SQLite, your history will not be saved")\n'
retcode = 1

    def run(*popenargs, input=None, timeout=None, check=False, **kwargs):
        """Run command with arguments and return a CompletedProcess instance.
    
        The returned instance will have attributes args, returncode, stdout and
        stderr. By default, stdout and stderr are not captured, and those attributes
        will be None. Pass stdout=PIPE and/or stderr=PIPE in order to capture them.
    
        If check is True and the exit code was non-zero, it raises a
        CalledProcessError. The CalledProcessError object will have the return code
        in the returncode attribute, and output & stderr attributes if those streams
        were captured.
    
        If timeout is given, and the process takes too long, a TimeoutExpired
        exception will be raised.
    
        There is an optional argument "input", allowing you to
        pass a string to the subprocess's stdin.  If you use this argument
        you may not also use the Popen constructor's "stdin" argument, as
        it will be used internally.
    
        The other arguments are the same as for the Popen constructor.
    
        If universal_newlines=True is passed, the "input" argument must be a
        string and stdout/stderr in the returned object will be strings rather than
        bytes.
        """
        if input is not None:
            if 'stdin' in kwargs:
                raise ValueError('stdin and input arguments may not both be used.')
            kwargs['stdin'] = PIPE
    
        with Popen(*popenargs, **kwargs) as process:
            try:
                stdout, stderr = process.communicate(input, timeout=timeout)
            except TimeoutExpired:
                process.kill()
                stdout, stderr = process.communicate()
                raise TimeoutExpired(process.args, timeout, output=stdout,
                                     stderr=stderr)
            except:
                process.kill()
                process.wait()
                raise
            retcode = process.poll()
            if check and retcode:
                raise CalledProcessError(retcode, process.args,
>                                        output=stdout, stderr=stderr)
E               subprocess.CalledProcessError: Command 'cd ../../examples/models/custom_metrics && ./customMetrics.py' returned non-zero exit status 1.

/usr/local/lib/python3.6/subprocess.py:438: CalledProcessError
------------------------------ Captured log call -------------------------------
ERROR    root:test_notebooks.py:24 failed notebook test customMetrics stdout:NAME: seldon-core-analytics
LAST DEPLOYED: Sun Mar 29 22:44:42 2020
NAMESPACE: seldon-system
STATUS: deployed
REVISION: 1
Context "kind-kind" modified.
[94mapiVersion[39;49;00m: machinelearning.seldon.io/v1
[94mkind[39;49;00m: SeldonDeployment
[94mmetadata[39;49;00m:
  [94mname[39;49;00m: seldon-model
[94mspec[39;49;00m:
  [94mname[39;49;00m: test-deployment
  [94mpredictors[39;49;00m:
  - [94mcomponentSpecs[39;49;00m:
    - [94mspec[39;49;00m:
        [94mcontainers[39;49;00m:
        - [94mimage[39;49;00m: seldonio/model-with-metrics_rest:0.1
          [94mname[39;49;00m: classifier
    [94mgraph[39;49;00m:
      [94mchildren[39;49;00m: []
      [94mendpoint[39;49;00m:
        [94mtype[39;49;00m: REST
      [94mname[39;49;00m: classifier
      [94mtype[39;49;00m: MODEL
    [94mname[39;49;00m: example
    [94mreplicas[39;49;00m: 1
seldondeployment.machinelearning.seldon.io/seldon-model created
Waiting for deployment "seldon-model-example-0-classifier" rollout to finish: 0 of 1 updated replicas are available...
deployment "seldon-model-example-0-classifier" successfully rolled out
{'data': {'names': ['t:0', 't:1', 't:2'], 'ndarray': [[1.0, 2.0, 5.0]]}, 'meta': {'metrics': [{'key': 'mycounter', 'type': 'COUNTER', 'value': 1}, {'key': 'mygauge', 'type': 'GAUGE', 'value': 100}, {'key': 'mytimer', 'type': 'TIMER', 'value': 20.2}]}}
Waiting so metrics can be scraped
[0;31m---------------------------------------------------------------------------[0m
[0;31mJSONDecodeError[0m                           Traceback (most recent call last)
[0;32m/workspace/source/examples/models/custom_metrics/customMetrics.py[0m in [0;36m<module>[0;34m[0m
[1;32m    148[0m [0;34m[0m[0m
[1;32m    149[0m [0;34m[0m[0m
[0;32m--> 150[0;31m [0mresponse[0m[0;34m=[0m[0mjson[0m[0;34m.[0m[0mloads[0m[0;34m([0m[0mresponseRaw[0m[0;34m[[0m[0;36m0[0m[0;34m][0m[0;34m)[0m[0;34m[0m[0;34m[0m[0m
[0m[1;32m    151[0m [0mprint[0m[0;34m([0m[0mresponse[0m[0;34m)[0m[0;34m[0m[0;34m[0m[0m
[1;32m    152[0m [0;32massert[0m[0;34m([0m[0mresponse[0m[0;34m[[0m[0;34m'data'[0m[0;34m][0m[0;34m[[0m[0;34m"result"[0m[0;34m][0m[0;34m[[0m[0;36m0[0m[0;34m][0m[0;34m[[0m[0;34m"metric"[0m[0;34m][0m[0;34m[[0m[0;34m"__name__"[0m[0;34m][0m[0;34m==[0m[0;34m'mycounter_total'[0m[0;34m)[0m[0;34m[0m[0;34m[0m[0m

[0;32m/usr/local/lib/python3.6/json/__init__.py[0m in [0;36mloads[0;34m(s, encoding, cls, object_hook, parse_float, parse_int, parse_constant, object_pairs_hook, **kw)[0m
[1;32m    352[0m             [0mparse_int[0m [0;32mis[0m [0;32mNone[0m [0;32mand[0m [0mparse_float[0m [0;32mis[0m [0;32mNone[0m [0;32mand[0m[0;34m[0m[0;34m[0m[0m
[1;32m    353[0m             parse_constant is None and object_pairs_hook is None and not kw):
[0;32m--> 354[0;31m         [0;32mreturn[0m [0m_default_decoder[0m[0;34m.[0m[0mdecode[0m[0;34m([0m[0ms[0m[0;34m)[0m[0;34m[0m[0;34m[0m[0m
[0m[1;32m    355[0m     [0;32mif[0m [0mcls[0m [0;32mis[0m [0;32mNone[0m[0;34m:[0m[0;34m[0m[0;34m[0m[0m
[1;32m    356[0m         [0mcls[0m [0;34m=[0m [0mJSONDecoder[0m[0;34m[0m[0;34m[0m[0m

[0;32m/usr/local/lib/python3.6/json/decoder.py[0m in [0;36mdecode[0;34m(self, s, _w)[0m
[1;32m    337[0m [0;34m[0m[0m
[1;32m    338[0m         """
[0;32m--> 339[0;31m         [0mobj[0m[0;34m,[0m [0mend[0m [0;34m=[0m [0mself[0m[0;34m.[0m[0mraw_decode[0m[0;34m([0m[0ms[0m[0;34m,[0m [0midx[0m[0;34m=[0m[0m_w[0m[0;34m([0m[0ms[0m[0;34m,[0m [0;36m0[0m[0;34m)[0m[0;34m.[0m[0mend[0m[0;34m([0m[0;34m)[0m[0;34m)[0m[0;34m[0m[0;34m[0m[0m
[0m[1;32m    340[0m         [0mend[0m [0;34m=[0m [0m_w[0m[0;34m([0m[0ms[0m[0;34m,[0m [0mend[0m[0;34m)[0m[0;34m.[0m[0mend[0m[0;34m([0m[0;34m)[0m[0;34m[0m[0;34m[0m[0m
[1;32m    341[0m         [0;32mif[0m [0mend[0m [0;34m!=[0m [0mlen[0m[0;34m([0m[0ms[0m[0;34m)[0m[0;34m:[0m[0;34m[0m[0;34m[0m[0m

[0;32m/usr/local/lib/python3.6/json/decoder.py[0m in [0;36mraw_decode[0;34m(self, s, idx)[0m
[1;32m    355[0m             [0mobj[0m[0;34m,[0m [0mend[0m [0;34m=[0m [0mself[0m[0;34m.[0m[0mscan_once[0m[0;34m([0m[0ms[0m[0;34m,[0m [0midx[0m[0;34m)[0m[0;34m[0m[0;34m[0m[0m
[1;32m    356[0m         [0;32mexcept[0m [0mStopIteration[0m [0;32mas[0m [0merr[0m[0;34m:[0m[0;34m[0m[0;34m[0m[0m
[0;32m--> 357[0;31m             [0;32mraise[0m [0mJSONDecodeError[0m[0;34m([0m[0;34m"Expecting value"[0m[0;34m,[0m [0ms[0m[0;34m,[0m [0merr[0m[0;34m.[0m[0mvalue[0m[0;34m)[0m [0;32mfrom[0m [0;32mNone[0m[0;34m[0m[0;34m[0m[0m
[0m[1;32m    358[0m         [0;32mreturn[0m [0mobj[0m[0;34m,[0m [0mend[0m[0;34m[0m[0;34m[0m[0m

[0;31mJSONDecodeError[0m: Expecting value: line 1 column 1 (char 0)
, stderr:Error from server (AlreadyExists): namespaces "seldon" already exists
/usr/local/lib/python3.6/site-packages/IPython/core/history.py:226: UserWarning: IPython History requires SQLite, your history will not be saved
  warn("IPython History requires SQLite, your history will not be saved")
================== 2 failed, 19 passed in 3615.90s (1:00:15) ===================
make: *** [Makefile:126: test_notebooks] Error 1
Test returned errors
kind delete cluster
Deleting cluster "kind" ...
Stopping Docker: dockerProgram process in pidfile '/var/run/docker-ssd.pid', 1 process(es), refused to die.
[31m
Pipeline failed on stage 'end-to-end' : container 'step-test-end-to-end'. The execution of the pipeline has stopped.[0m
