
Showing logs for build [32mseldonio-seldon-core-pr-2412-no-l6hdz-3[0m stage [32mpr-build-comment[0m and container [32mstep-credential-initializer-lzz4h[0m
{"level":"info","ts":1599830142.8103242,"logger":"fallback-logger","caller":"logging/config.go:69","msg":"Fetch GitHub commit ID from kodata failed: open /var/run/ko/refs/heads/0.8.0-ns-support: no such file or directory"}
{"level":"info","ts":1599830142.812016,"logger":"fallback-logger","caller":"creds-init/main.go:40","msg":"Credentials initialized."}

Showing logs for build [32mseldonio-seldon-core-pr-2412-no-l6hdz-3[0m stage [32mpr-build-comment[0m and container [32mstep-working-dir-initializer-v72jc[0m
{"level":"info","ts":1599830144.7524557,"logger":"fallback-logger","caller":"logging/config.go:69","msg":"Fetch GitHub commit ID from kodata failed: open /var/run/ko/HEAD: no such file or directory"}
{"level":"info","ts":1599830144.7539477,"logger":"fallback-logger","caller":"bash/main.go:64","msg":"Successfully executed command \"sh -c mkdir -p /workspace/source\"; output "}

Showing logs for build [32mseldonio-seldon-core-pr-2412-no-l6hdz-3[0m stage [32mpr-build-comment[0m and container [32mstep-place-tools[0m

Showing logs for build [32mseldonio-seldon-core-pr-2412-no-l6hdz-3[0m stage [32mpr-build-comment[0m and container [32mstep-create-dir-workspace-t2t2r[0m
{"level":"info","ts":1599830161.0751333,"logger":"fallback-logger","caller":"logging/config.go:69","msg":"Fetch GitHub commit ID from kodata failed: open /var/run/ko/HEAD: no such file or directory"}
{"level":"info","ts":1599830161.079313,"logger":"fallback-logger","caller":"bash/main.go:64","msg":"Successfully executed command \"sh -c mkdir -p source\"; output "}

Showing logs for build [32mseldonio-seldon-core-pr-2412-no-l6hdz-3[0m stage [32mpr-build-comment[0m and container [32mstep-git-source-seldonio-seldon-core-pr-2412-no-l6hdz-5gtsk[0m
{"level":"info","ts":1599830161.656537,"logger":"fallback-logger","caller":"logging/config.go:69","msg":"Fetch GitHub commit ID from kodata failed: open /var/run/ko/refs/heads/0.8.0-ns-support: no such file or directory"}
{"level":"info","ts":1599830167.7574086,"logger":"fallback-logger","caller":"git/git.go:103","msg":"Successfully cloned https://github.com/SeldonIO/seldon-core.git @ master in path /workspace/source"}

Showing logs for build [32mseldonio-seldon-core-pr-2412-no-l6hdz-3[0m stage [32mpr-build-comment[0m and container [32mstep-setup-builder-home[0m

Showing logs for build [32mseldonio-seldon-core-pr-2412-no-l6hdz-3[0m stage [32mpr-build-comment[0m and container [32mstep-git-merge[0m
Using SHAs from PULL_REFS=master:722b5679e60f5ff77ee472574941cb4e9dffd928,2412:3960f3f6b31dc9fd55212de02b45e11983bfe0f5
DEBUG: LC_ALL=C JX_LOG_LEVEL=error git fetch origin --unshallow 3960f3f6b31dc9fd55212de02b45e11983bfe0f5: 722b5679e60f5ff77ee472574941cb4e9dffd928:
DEBUG: ran git fetch --unshallow origin 3960f3f6b31dc9fd55212de02b45e11983bfe0f5: 722b5679e60f5ff77ee472574941cb4e9dffd928: in 
DEBUG: LC_ALL=C JX_LOG_LEVEL=error git branch
DEBUG: JX_LOG_LEVEL=error LC_ALL=C git checkout master
DEBUG: ran git checkout master in 
DEBUG: LC_ALL=C JX_LOG_LEVEL=error git reset --hard 722b5679e60f5ff77ee472574941cb4e9dffd928
DEBUG: ran git reset --hard 722b5679e60f5ff77ee472574941cb4e9dffd928 in 
DEBUG: LC_ALL=C JX_LOG_LEVEL=error git clean -fd .
DEBUG: ran clean --force -d . in 
DEBUG: LC_ALL=C JX_LOG_LEVEL=error git merge 3960f3f6b31dc9fd55212de02b45e11983bfe0f5
DEBUG: ran git merge 3960f3f6b31dc9fd55212de02b45e11983bfe0f5 in 
DEBUG: LC_ALL=C JX_LOG_LEVEL=error git log --format=%H%x1f%an%x1f%ae%x1f%cn%x1f%ce%x1f%s%n%b%x1e 722b5679e60f5ff77ee472574941cb4e9dffd928..HEAD
Merged SHA 31cff7c89d048f2b68bd21f182828f76d8227700 with commit message 'Merge commit '3960f3f6b31dc9fd55212de02b45e11983bfe0f5'' into base branch master
Merged SHA 3960f3f6b31dc9fd55212de02b45e11983bfe0f5 with commit message 'Update mlflowserver' into base branch master
Merged SHA c0f1c0795030b7704cdac27776c7249ef3763283 with commit message 'Update mlflow to be compatible with new pickles' into base branch master

Showing logs for build [32mseldonio-seldon-core-pr-2412-no-l6hdz-3[0m stage [32mpr-build-comment[0m and container [32mstep-step2[0m
+++ dirname ./add-pr-build-comment
++ cd .
++ pwd
+ STARTUP_DIR=/workspace/source/ci
+ REPO_OWNER=SeldonIO
+ REPO_NAME=seldon-core
+ PULL_NUMBER=2412
+ BUILD_NUMBER=3
+ PIPELINE_CONTEXT=notebooks
++ cat
+++ date
+ COMMENT_MSG='Fri Sep 11 13:16:20 UTC 2020
The logs for [notebooks] [3] will show after the pipeline context has finished.  
https://github.com/SeldonIO/seldon-core/blob/gh-pages/jenkins-x/logs/SeldonIO/seldon-core/PR-2412/3.log

impatient try  
** get build logs SeldonIO/seldon-core/PR-2412 --build=3'
+ ** step pr comment --owner=SeldonIO --repository=seldon-core --pull-request=2412 '--comment=Fri Sep 11 13:16:20 UTC 2020
The logs for [notebooks] [3] will show after the pipeline context has finished.  
https://github.com/SeldonIO/seldon-core/blob/gh-pages/jenkins-x/logs/SeldonIO/seldon-core/PR-2412/3.log

impatient try  
** get build logs SeldonIO/seldon-core/PR-2412 --build=3'

Showing logs for build [32mseldonio-seldon-core-pr-2412-no-l6hdz-3[0m stage [32mpr-build-comment[0m and container [32mstep-source-mkdir-seldonio-seldon-core-pr-2412-no-l6hdz-wg9xd[0m
{"level":"info","ts":1599830182.5092869,"logger":"fallback-logger","caller":"logging/config.go:69","msg":"Fetch GitHub commit ID from kodata failed: open /var/run/ko/HEAD: no such file or directory"}
{"level":"info","ts":1599830182.5147877,"logger":"fallback-logger","caller":"bash/main.go:64","msg":"Successfully executed command \"sh -c mkdir -p /pvc/pr-build-comment/workspace\"; output "}

Showing logs for build [32mseldonio-seldon-core-pr-2412-no-l6hdz-3[0m stage [32mpr-build-comment[0m and container [32mstep-source-copy-seldonio-seldon-core-pr-2412-no-l6hdz-kft4q[0m
{"level":"info","ts":1599830182.9850833,"logger":"fallback-logger","caller":"logging/config.go:69","msg":"Fetch GitHub commit ID from kodata failed: open /var/run/ko/HEAD: no such file or directory"}
{"level":"info","ts":1599830183.9152527,"logger":"fallback-logger","caller":"bash/main.go:64","msg":"Successfully executed command \"sh -c cp -r source/. /pvc/pr-build-comment/workspace\"; output "}

Showing logs for build [32mseldonio-seldon-core-pr-2412-no-l6hdz-3[0m stage [32mend-to-end[0m and container [32mstep-credential-initializer-5tkhm[0m
{"level":"info","ts":1599830220.2083604,"logger":"fallback-logger","caller":"logging/config.go:69","msg":"Fetch GitHub commit ID from kodata failed: open /var/run/ko/refs/heads/0.8.0-ns-support: no such file or directory"}
{"level":"info","ts":1599830220.2088776,"logger":"fallback-logger","caller":"creds-init/main.go:40","msg":"Credentials initialized."}

Showing logs for build [32mseldonio-seldon-core-pr-2412-no-l6hdz-3[0m stage [32mend-to-end[0m and container [32mstep-working-dir-initializer-sdkzg[0m
{"level":"info","ts":1599830221.2171128,"logger":"fallback-logger","caller":"logging/config.go:69","msg":"Fetch GitHub commit ID from kodata failed: open /var/run/ko/HEAD: no such file or directory"}
{"level":"info","ts":1599830221.218773,"logger":"fallback-logger","caller":"bash/main.go:64","msg":"Successfully executed command \"sh -c mkdir -p /workspace/source\"; output "}

Showing logs for build [32mseldonio-seldon-core-pr-2412-no-l6hdz-3[0m stage [32mend-to-end[0m and container [32mstep-place-tools[0m

Showing logs for build [32mseldonio-seldon-core-pr-2412-no-l6hdz-3[0m stage [32mend-to-end[0m and container [32mstep-create-dir-workspace-zt84r[0m
{"level":"info","ts":1599830228.3246477,"logger":"fallback-logger","caller":"logging/config.go:69","msg":"Fetch GitHub commit ID from kodata failed: open /var/run/ko/HEAD: no such file or directory"}
{"level":"info","ts":1599830228.3268437,"logger":"fallback-logger","caller":"bash/main.go:64","msg":"Successfully executed command \"sh -c mkdir -p /workspace/source\"; output "}

Showing logs for build [32mseldonio-seldon-core-pr-2412-no-l6hdz-3[0m stage [32mend-to-end[0m and container [32mstep-source-copy-workspace-qg9bv[0m
{"level":"info","ts":1599830228.6306481,"logger":"fallback-logger","caller":"logging/config.go:69","msg":"Fetch GitHub commit ID from kodata failed: open /var/run/ko/HEAD: no such file or directory"}
{"level":"info","ts":1599830232.282517,"logger":"fallback-logger","caller":"bash/main.go:64","msg":"Successfully executed command \"sh -c cp -r /pvc/pr-build-comment/workspace/. /workspace/source\"; output "}

Showing logs for build [32mseldonio-seldon-core-pr-2412-no-l6hdz-3[0m stage [32mend-to-end[0m and container [32mstep-setup-builder-home[0m

Showing logs for build [32mseldonio-seldon-core-pr-2412-no-l6hdz-3[0m stage [32mend-to-end[0m and container [32mstep-test-end-to-end[0m
Test run type is: [notebooks]
Starting Docker: docker.
[SETUP] Waiting for Docker to be ready, sleeping for 1 seconds ...
kind create cluster --config ../resources/kind_config.yaml
Creating cluster "kind" ...
 â€¢ Ensuring node image (kindest/node:v1.16.3) ðŸ–¼  ...
 âœ“ Ensuring node image (kindest/node:v1.16.3) ðŸ–¼
 â€¢ Preparing nodes ðŸ“¦  ...
 âœ“ Preparing nodes ðŸ“¦
 â€¢ Writing configuration ðŸ“œ  ...
 âœ“ Writing configuration ðŸ“œ
 â€¢ Starting control-plane ðŸ•¹ï¸  ...
 âœ“ Starting control-plane ðŸ•¹ï¸
 â€¢ Installing CNI ðŸ”Œ  ...
 âœ“ Installing CNI ðŸ”Œ
 â€¢ Installing StorageClass ðŸ’¾  ...
 âœ“ Installing StorageClass ðŸ’¾
 â€¢ Joining worker nodes ðŸšœ  ...
 âœ“ Joining worker nodes ðŸšœ
Set kubectl context to "kind-kind"
You can now use your cluster with:

kubectl cluster-info --context kind-kind

Have a question, bug, or feature request? Let us know! https://kind.sigs.k8s.io/#community ðŸ™‚
`kind get kubeconfig-path` is deprecated!

KIND will export and merge kubeconfig like kops, minikube, etc.
This command is now unnecessary and will be removed in a future release.

For more info see: https://github.com/kubernetes-sigs/kind/issues/1060
See also the output of `kind create cluster`

Files changed in python folder:
SKIPPING PYTHON IMAGE BUILD...
Files changed in operator folder:
SKIPPING OPERATOR IMAGE BUILD...
Files changed in engine folder:
SKIPPING ENGINE IMAGE BUILD...
Files changed in executor folder:
SKIPPING EXECUTOR IMAGE BUILD...
Build test models
make -C ../docker/fixed-model kind_load_images
make[1]: Entering directory '/workspace/source/testing/docker/fixed-model'
s2i build -E environment_rest_v1 . seldonio/seldon-core-s2i-python3:0.15 seldonio/fixed-model:0.1
---> Installing application source...
Build completed successfully
s2i build -E environment_rest_v2 . seldonio/seldon-core-s2i-python3:0.15 seldonio/fixed-model:0.2
---> Installing application source...
Build completed successfully
kind load -v 3 docker-image seldonio/fixed-model:0.1
Image: "seldonio/fixed-model:0.1" with ID "sha256:d0ede9b0ff43f6112536246fea47796cb6f8c5c62ca9c7db12718938599f7127" not present on node "kind-control-plane"
Image: "seldonio/fixed-model:0.1" with ID "sha256:d0ede9b0ff43f6112536246fea47796cb6f8c5c62ca9c7db12718938599f7127" not present on node "kind-worker"
kind load -v 3 docker-image seldonio/fixed-model:0.2
Image: "seldonio/fixed-model:0.2" with ID "sha256:7a2273da8ad8961e275ca35fbc53f52aeb96a566606dc2f98591d98d33cff3c0" not present on node "kind-control-plane"
Image: "seldonio/fixed-model:0.2" with ID "sha256:7a2273da8ad8961e275ca35fbc53f52aeb96a566606dc2f98591d98d33cff3c0" not present on node "kind-worker"
make[1]: Leaving directory '/workspace/source/testing/docker/fixed-model'
make -C ../docker/echo-model kind_load_image
make[1]: Entering directory '/workspace/source/testing/docker/echo-model'
s2i build \
	-E environment_rest \
	.\
	seldonio/seldon-core-s2i-python3:1.1.1-SNAPSHOT\
	seldonio/echo-model:0.1
---> Installing application source...
Build completed successfully
kind load -v 3 docker-image seldonio/echo-model:0.1
Image: "seldonio/echo-model:0.1" with ID "sha256:53d8ee607770cb87d3dbfd52c581e7f4c565673aa387005a1f798f8df472ab68" not present on node "kind-control-plane"
Image: "seldonio/echo-model:0.1" with ID "sha256:53d8ee607770cb87d3dbfd52c581e7f4c565673aa387005a1f798f8df472ab68" not present on node "kind-worker"
make[1]: Leaving directory '/workspace/source/testing/docker/echo-model'
Files changed in prepackaged folder:
servers/mlflowserver/mlflowserver/requirements.txt
cd ../../servers/sklearnserver && make kind_load
make[1]: Entering directory '/workspace/source/servers/sklearnserver'
s2i build \
	-E environment_rest \
	./sklearnserver \
	seldonio/seldon-core-s2i-python37-ubi8:1.2.3-dev \
	seldonio/sklearnserver_rest:1.2.3-dev
Before assembling
---> Installing application source...
---> Installing dependencies ...
Looking in links: /whl
Requirement already satisfied: seldon_core in ./python (from -r requirements.txt (line 1)) (1.2.3.dev0)
Collecting scikit-learn==0.23.2 (from -r requirements.txt (line 2))
  WARNING: Url '/whl' is ignored. It is either a non-existing path or lacks a specific scheme.
Downloading https://files.pythonhosted.org/packages/f4/cb/64623369f348e9bfb29ff898a57ac7c91ed4921f228e9726546614d63ccb/scikit_learn-0.23.2-cp37-cp37m-manylinux1_x86_64.whl (6.8MB)
Requirement already satisfied: numpy>=1.8.2 in /opt/conda/lib/python3.7/site-packages (from -r requirements.txt (line 3)) (1.19.2)
Collecting joblib>=0.13.0 (from -r requirements.txt (line 4))
  WARNING: Url '/whl' is ignored. It is either a non-existing path or lacks a specific scheme.
Downloading https://files.pythonhosted.org/packages/51/dd/0e015051b4a27ec5a58b02ab774059f3289a94b0906f880a3f9507e74f38/joblib-0.16.0-py3-none-any.whl (300kB)
Requirement already satisfied: Flask<2.0.0 in /opt/conda/lib/python3.7/site-packages (from seldon_core->-r requirements.txt (line 1)) (1.1.2)
Requirement already satisfied: jsonschema<4.0.0 in /opt/conda/lib/python3.7/site-packages (from seldon_core->-r requirements.txt (line 1)) (3.2.0)
Requirement already satisfied: Flask-cors<4.0.0 in /opt/conda/lib/python3.7/site-packages (from seldon_core->-r requirements.txt (line 1)) (3.0.9)
Requirement already satisfied: redis<4.0.0 in /opt/conda/lib/python3.7/site-packages (from seldon_core->-r requirements.txt (line 1)) (3.5.3)
Requirement already satisfied: requests<3.0.0 in /opt/conda/lib/python3.7/site-packages (from seldon_core->-r requirements.txt (line 1)) (2.22.0)
Requirement already satisfied: flatbuffers<2.0.0 in /opt/conda/lib/python3.7/site-packages (from seldon_core->-r requirements.txt (line 1)) (1.12)
Requirement already satisfied: protobuf<4.0.0 in /opt/conda/lib/python3.7/site-packages (from seldon_core->-r requirements.txt (line 1)) (3.13.0)
Requirement already satisfied: grpcio<2.0.0 in /opt/conda/lib/python3.7/site-packages (from seldon_core->-r requirements.txt (line 1)) (1.32.0)
Requirement already satisfied: Flask-OpenTracing<1.2.0,>=1.1.0 in /opt/conda/lib/python3.7/site-packages (from seldon_core->-r requirements.txt (line 1)) (1.1.0)
Requirement already satisfied: opentracing<2.4.0,>=2.2.0 in /opt/conda/lib/python3.7/site-packages (from seldon_core->-r requirements.txt (line 1)) (2.3.0)
Requirement already satisfied: jaeger-client<4.4.0,>=4.1.0 in /opt/conda/lib/python3.7/site-packages (from seldon_core->-r requirements.txt (line 1)) (4.3.0)
Requirement already satisfied: grpcio-opentracing<1.2.0,>=1.1.4 in /opt/conda/lib/python3.7/site-packages (from seldon_core->-r requirements.txt (line 1)) (1.1.4)
Requirement already satisfied: PyYAML<5.4 in /opt/conda/lib/python3.7/site-packages (from seldon_core->-r requirements.txt (line 1)) (5.3.1)
Requirement already satisfied: gunicorn<20.1.0,>=19.9.0 in /opt/conda/lib/python3.7/site-packages (from seldon_core->-r requirements.txt (line 1)) (20.0.4)
Requirement already satisfied: minio<6.0.0,>=4.0.9 in /opt/conda/lib/python3.7/site-packages (from seldon_core->-r requirements.txt (line 1)) (5.0.10)
Requirement already satisfied: setuptools>=41.0.0 in /opt/conda/lib/python3.7/site-packages (from seldon_core->-r requirements.txt (line 1)) (41.4.0)
Requirement already satisfied: prometheus_client<0.9.0,>=0.7.1 in /opt/conda/lib/python3.7/site-packages (from seldon_core->-r requirements.txt (line 1)) (0.8.0)
Collecting scipy>=0.19.1 (from scikit-learn==0.23.2->-r requirements.txt (line 2))
  WARNING: Url '/whl' is ignored. It is either a non-existing path or lacks a specific scheme.
Downloading https://files.pythonhosted.org/packages/65/f9/f7a7e5009711579c72da2725174825e5056741bf4001815d097eef1b2e17/scipy-1.5.2-cp37-cp37m-manylinux1_x86_64.whl (25.9MB)
Collecting threadpoolctl>=2.0.0 (from scikit-learn==0.23.2->-r requirements.txt (line 2))
  WARNING: Url '/whl' is ignored. It is either a non-existing path or lacks a specific scheme.
Downloading https://files.pythonhosted.org/packages/f7/12/ec3f2e203afa394a149911729357aa48affc59c20e2c1c8297a60f33f133/threadpoolctl-2.1.0-py3-none-any.whl
Requirement already satisfied: itsdangerous>=0.24 in /opt/conda/lib/python3.7/site-packages (from Flask<2.0.0->seldon_core->-r requirements.txt (line 1)) (1.1.0)
Requirement already satisfied: click>=5.1 in /opt/conda/lib/python3.7/site-packages (from Flask<2.0.0->seldon_core->-r requirements.txt (line 1)) (7.1.2)
Requirement already satisfied: Jinja2>=2.10.1 in /opt/conda/lib/python3.7/site-packages (from Flask<2.0.0->seldon_core->-r requirements.txt (line 1)) (2.11.2)
Requirement already satisfied: Werkzeug>=0.15 in /opt/conda/lib/python3.7/site-packages (from Flask<2.0.0->seldon_core->-r requirements.txt (line 1)) (1.0.1)
Requirement already satisfied: attrs>=17.4.0 in /opt/conda/lib/python3.7/site-packages (from jsonschema<4.0.0->seldon_core->-r requirements.txt (line 1)) (20.2.0)
Requirement already satisfied: importlib-metadata; python_version < "3.8" in /opt/conda/lib/python3.7/site-packages (from jsonschema<4.0.0->seldon_core->-r requirements.txt (line 1)) (1.7.0)
Requirement already satisfied: pyrsistent>=0.14.0 in /opt/conda/lib/python3.7/site-packages (from jsonschema<4.0.0->seldon_core->-r requirements.txt (line 1)) (0.16.0)
Requirement already satisfied: six>=1.11.0 in /opt/conda/lib/python3.7/site-packages (from jsonschema<4.0.0->seldon_core->-r requirements.txt (line 1)) (1.12.0)
Requirement already satisfied: chardet<3.1.0,>=3.0.2 in /opt/conda/lib/python3.7/site-packages (from requests<3.0.0->seldon_core->-r requirements.txt (line 1)) (3.0.4)
Requirement already satisfied: idna<2.9,>=2.5 in /opt/conda/lib/python3.7/site-packages (from requests<3.0.0->seldon_core->-r requirements.txt (line 1)) (2.8)
Requirement already satisfied: urllib3!=1.25.0,!=1.25.1,<1.26,>=1.21.1 in /opt/conda/lib/python3.7/site-packages (from requests<3.0.0->seldon_core->-r requirements.txt (line 1)) (1.24.2)
Requirement already satisfied: certifi>=2017.4.17 in /opt/conda/lib/python3.7/site-packages (from requests<3.0.0->seldon_core->-r requirements.txt (line 1)) (2020.6.20)
Requirement already satisfied: thrift in /opt/conda/lib/python3.7/site-packages (from jaeger-client<4.4.0,>=4.1.0->seldon_core->-r requirements.txt (line 1)) (0.13.0)
Requirement already satisfied: tornado>=4.3 in /opt/conda/lib/python3.7/site-packages (from jaeger-client<4.4.0,>=4.1.0->seldon_core->-r requirements.txt (line 1)) (6.0.4)
Requirement already satisfied: threadloop<2,>=1 in /opt/conda/lib/python3.7/site-packages (from jaeger-client<4.4.0,>=4.1.0->seldon_core->-r requirements.txt (line 1)) (1.0.2)
Requirement already satisfied: python-dateutil in /opt/conda/lib/python3.7/site-packages (from minio<6.0.0,>=4.0.9->seldon_core->-r requirements.txt (line 1)) (2.8.1)
Requirement already satisfied: pytz in /opt/conda/lib/python3.7/site-packages (from minio<6.0.0,>=4.0.9->seldon_core->-r requirements.txt (line 1)) (2020.1)
Requirement already satisfied: configparser in /opt/conda/lib/python3.7/site-packages (from minio<6.0.0,>=4.0.9->seldon_core->-r requirements.txt (line 1)) (5.0.0)
Requirement already satisfied: MarkupSafe>=0.23 in /opt/conda/lib/python3.7/site-packages (from Jinja2>=2.10.1->Flask<2.0.0->seldon_core->-r requirements.txt (line 1)) (1.1.1)
Requirement already satisfied: zipp>=0.5 in /opt/conda/lib/python3.7/site-packages (from importlib-metadata; python_version < "3.8"->jsonschema<4.0.0->seldon_core->-r requirements.txt (line 1)) (3.1.0)
Installing collected packages: scipy, joblib, threadpoolctl, scikit-learn
Successfully installed joblib-0.16.0 scikit-learn-0.23.2 scipy-1.5.2 threadpoolctl-2.1.0
Collecting pip-licenses
Downloading https://files.pythonhosted.org/packages/c5/50/6c4b4e69a0c43bd9f03a30579695093062ba72da4e3e4026cd2144dbcc71/pip_licenses-2.3.0-py3-none-any.whl
Collecting PTable (from pip-licenses)
Downloading https://files.pythonhosted.org/packages/ab/b3/b54301811173ca94119eb474634f120a49cd370f257d1aae5a4abaf12729/PTable-0.9.2.tar.gz
Building wheels for collected packages: PTable
Building wheel for PTable (setup.py): started
Building wheel for PTable (setup.py): finished with status 'done'
Created wheel for PTable: filename=PTable-0.9.2-cp37-none-any.whl size=22906 sha256=7cecff069ab88c66a6f2154fac231609bab67d6aa8d1c55e079c117f53ae932f
Stored in directory: /root/.cache/pip/wheels/22/cc/2e/55980bfe86393df3e9896146a01f6802978d09d7ebcba5ea56
Successfully built PTable
Installing collected packages: PTable, pip-licenses
Successfully installed PTable-0.9.2 pip-licenses-2.3.0
created path: ./licenses/license_info.csv
created path: ./licenses/license.txt
After successful assembling
Build completed successfully
s2i build \
	-E environment_grpc \
	./sklearnserver \
	seldonio/seldon-core-s2i-python37-ubi8:1.2.3-dev \
	seldonio/sklearnserver_grpc:1.2.3-dev
Before assembling
---> Installing application source...
---> Installing dependencies ...
Looking in links: /whl
Requirement already satisfied: seldon_core in ./python (from -r requirements.txt (line 1)) (1.2.3.dev0)
Collecting scikit-learn==0.23.2 (from -r requirements.txt (line 2))
  WARNING: Url '/whl' is ignored. It is either a non-existing path or lacks a specific scheme.
Downloading https://files.pythonhosted.org/packages/f4/cb/64623369f348e9bfb29ff898a57ac7c91ed4921f228e9726546614d63ccb/scikit_learn-0.23.2-cp37-cp37m-manylinux1_x86_64.whl (6.8MB)
Requirement already satisfied: numpy>=1.8.2 in /opt/conda/lib/python3.7/site-packages (from -r requirements.txt (line 3)) (1.19.2)
Collecting joblib>=0.13.0 (from -r requirements.txt (line 4))
  WARNING: Url '/whl' is ignored. It is either a non-existing path or lacks a specific scheme.
Downloading https://files.pythonhosted.org/packages/51/dd/0e015051b4a27ec5a58b02ab774059f3289a94b0906f880a3f9507e74f38/joblib-0.16.0-py3-none-any.whl (300kB)
Requirement already satisfied: Flask<2.0.0 in /opt/conda/lib/python3.7/site-packages (from seldon_core->-r requirements.txt (line 1)) (1.1.2)
Requirement already satisfied: jsonschema<4.0.0 in /opt/conda/lib/python3.7/site-packages (from seldon_core->-r requirements.txt (line 1)) (3.2.0)
Requirement already satisfied: Flask-cors<4.0.0 in /opt/conda/lib/python3.7/site-packages (from seldon_core->-r requirements.txt (line 1)) (3.0.9)
Requirement already satisfied: redis<4.0.0 in /opt/conda/lib/python3.7/site-packages (from seldon_core->-r requirements.txt (line 1)) (3.5.3)
Requirement already satisfied: requests<3.0.0 in /opt/conda/lib/python3.7/site-packages (from seldon_core->-r requirements.txt (line 1)) (2.22.0)
Requirement already satisfied: flatbuffers<2.0.0 in /opt/conda/lib/python3.7/site-packages (from seldon_core->-r requirements.txt (line 1)) (1.12)
Requirement already satisfied: protobuf<4.0.0 in /opt/conda/lib/python3.7/site-packages (from seldon_core->-r requirements.txt (line 1)) (3.13.0)
Requirement already satisfied: grpcio<2.0.0 in /opt/conda/lib/python3.7/site-packages (from seldon_core->-r requirements.txt (line 1)) (1.32.0)
Requirement already satisfied: Flask-OpenTracing<1.2.0,>=1.1.0 in /opt/conda/lib/python3.7/site-packages (from seldon_core->-r requirements.txt (line 1)) (1.1.0)
Requirement already satisfied: opentracing<2.4.0,>=2.2.0 in /opt/conda/lib/python3.7/site-packages (from seldon_core->-r requirements.txt (line 1)) (2.3.0)
Requirement already satisfied: jaeger-client<4.4.0,>=4.1.0 in /opt/conda/lib/python3.7/site-packages (from seldon_core->-r requirements.txt (line 1)) (4.3.0)
Requirement already satisfied: grpcio-opentracing<1.2.0,>=1.1.4 in /opt/conda/lib/python3.7/site-packages (from seldon_core->-r requirements.txt (line 1)) (1.1.4)
Requirement already satisfied: PyYAML<5.4 in /opt/conda/lib/python3.7/site-packages (from seldon_core->-r requirements.txt (line 1)) (5.3.1)
Requirement already satisfied: gunicorn<20.1.0,>=19.9.0 in /opt/conda/lib/python3.7/site-packages (from seldon_core->-r requirements.txt (line 1)) (20.0.4)
Requirement already satisfied: minio<6.0.0,>=4.0.9 in /opt/conda/lib/python3.7/site-packages (from seldon_core->-r requirements.txt (line 1)) (5.0.10)
Requirement already satisfied: setuptools>=41.0.0 in /opt/conda/lib/python3.7/site-packages (from seldon_core->-r requirements.txt (line 1)) (41.4.0)
Requirement already satisfied: prometheus_client<0.9.0,>=0.7.1 in /opt/conda/lib/python3.7/site-packages (from seldon_core->-r requirements.txt (line 1)) (0.8.0)
Collecting threadpoolctl>=2.0.0 (from scikit-learn==0.23.2->-r requirements.txt (line 2))
  WARNING: Url '/whl' is ignored. It is either a non-existing path or lacks a specific scheme.
Downloading https://files.pythonhosted.org/packages/f7/12/ec3f2e203afa394a149911729357aa48affc59c20e2c1c8297a60f33f133/threadpoolctl-2.1.0-py3-none-any.whl
Collecting scipy>=0.19.1 (from scikit-learn==0.23.2->-r requirements.txt (line 2))
  WARNING: Url '/whl' is ignored. It is either a non-existing path or lacks a specific scheme.
Downloading https://files.pythonhosted.org/packages/65/f9/f7a7e5009711579c72da2725174825e5056741bf4001815d097eef1b2e17/scipy-1.5.2-cp37-cp37m-manylinux1_x86_64.whl (25.9MB)
Requirement already satisfied: itsdangerous>=0.24 in /opt/conda/lib/python3.7/site-packages (from Flask<2.0.0->seldon_core->-r requirements.txt (line 1)) (1.1.0)
Requirement already satisfied: click>=5.1 in /opt/conda/lib/python3.7/site-packages (from Flask<2.0.0->seldon_core->-r requirements.txt (line 1)) (7.1.2)
Requirement already satisfied: Werkzeug>=0.15 in /opt/conda/lib/python3.7/site-packages (from Flask<2.0.0->seldon_core->-r requirements.txt (line 1)) (1.0.1)
Requirement already satisfied: Jinja2>=2.10.1 in /opt/conda/lib/python3.7/site-packages (from Flask<2.0.0->seldon_core->-r requirements.txt (line 1)) (2.11.2)
Requirement already satisfied: pyrsistent>=0.14.0 in /opt/conda/lib/python3.7/site-packages (from jsonschema<4.0.0->seldon_core->-r requirements.txt (line 1)) (0.16.0)
Requirement already satisfied: importlib-metadata; python_version < "3.8" in /opt/conda/lib/python3.7/site-packages (from jsonschema<4.0.0->seldon_core->-r requirements.txt (line 1)) (1.7.0)
Requirement already satisfied: six>=1.11.0 in /opt/conda/lib/python3.7/site-packages (from jsonschema<4.0.0->seldon_core->-r requirements.txt (line 1)) (1.12.0)
Requirement already satisfied: attrs>=17.4.0 in /opt/conda/lib/python3.7/site-packages (from jsonschema<4.0.0->seldon_core->-r requirements.txt (line 1)) (20.2.0)
Requirement already satisfied: certifi>=2017.4.17 in /opt/conda/lib/python3.7/site-packages (from requests<3.0.0->seldon_core->-r requirements.txt (line 1)) (2020.6.20)
Requirement already satisfied: urllib3!=1.25.0,!=1.25.1,<1.26,>=1.21.1 in /opt/conda/lib/python3.7/site-packages (from requests<3.0.0->seldon_core->-r requirements.txt (line 1)) (1.24.2)
Requirement already satisfied: idna<2.9,>=2.5 in /opt/conda/lib/python3.7/site-packages (from requests<3.0.0->seldon_core->-r requirements.txt (line 1)) (2.8)
Requirement already satisfied: chardet<3.1.0,>=3.0.2 in /opt/conda/lib/python3.7/site-packages (from requests<3.0.0->seldon_core->-r requirements.txt (line 1)) (3.0.4)
Requirement already satisfied: tornado>=4.3 in /opt/conda/lib/python3.7/site-packages (from jaeger-client<4.4.0,>=4.1.0->seldon_core->-r requirements.txt (line 1)) (6.0.4)
Requirement already satisfied: thrift in /opt/conda/lib/python3.7/site-packages (from jaeger-client<4.4.0,>=4.1.0->seldon_core->-r requirements.txt (line 1)) (0.13.0)
Requirement already satisfied: threadloop<2,>=1 in /opt/conda/lib/python3.7/site-packages (from jaeger-client<4.4.0,>=4.1.0->seldon_core->-r requirements.txt (line 1)) (1.0.2)
Requirement already satisfied: pytz in /opt/conda/lib/python3.7/site-packages (from minio<6.0.0,>=4.0.9->seldon_core->-r requirements.txt (line 1)) (2020.1)
Requirement already satisfied: configparser in /opt/conda/lib/python3.7/site-packages (from minio<6.0.0,>=4.0.9->seldon_core->-r requirements.txt (line 1)) (5.0.0)
Requirement already satisfied: python-dateutil in /opt/conda/lib/python3.7/site-packages (from minio<6.0.0,>=4.0.9->seldon_core->-r requirements.txt (line 1)) (2.8.1)
Requirement already satisfied: MarkupSafe>=0.23 in /opt/conda/lib/python3.7/site-packages (from Jinja2>=2.10.1->Flask<2.0.0->seldon_core->-r requirements.txt (line 1)) (1.1.1)
Requirement already satisfied: zipp>=0.5 in /opt/conda/lib/python3.7/site-packages (from importlib-metadata; python_version < "3.8"->jsonschema<4.0.0->seldon_core->-r requirements.txt (line 1)) (3.1.0)
Installing collected packages: joblib, threadpoolctl, scipy, scikit-learn
Successfully installed joblib-0.16.0 scikit-learn-0.23.2 scipy-1.5.2 threadpoolctl-2.1.0
Collecting pip-licenses
Downloading https://files.pythonhosted.org/packages/c5/50/6c4b4e69a0c43bd9f03a30579695093062ba72da4e3e4026cd2144dbcc71/pip_licenses-2.3.0-py3-none-any.whl
Collecting PTable (from pip-licenses)
Downloading https://files.pythonhosted.org/packages/ab/b3/b54301811173ca94119eb474634f120a49cd370f257d1aae5a4abaf12729/PTable-0.9.2.tar.gz
Building wheels for collected packages: PTable
Building wheel for PTable (setup.py): started
Building wheel for PTable (setup.py): finished with status 'done'
Created wheel for PTable: filename=PTable-0.9.2-cp37-none-any.whl size=22906 sha256=0f64d651d1880f512398b5148cf50ba23b6160dec1c092ba7c8739e15e2798b5
Stored in directory: /root/.cache/pip/wheels/22/cc/2e/55980bfe86393df3e9896146a01f6802978d09d7ebcba5ea56
Successfully built PTable
Installing collected packages: PTable, pip-licenses
Successfully installed PTable-0.9.2 pip-licenses-2.3.0
created path: ./licenses/license_info.csv
created path: ./licenses/license.txt
After successful assembling
Build completed successfully
kind load -v 3 docker-image seldonio/sklearnserver_rest:1.2.3-dev --name kind
Image: "seldonio/sklearnserver_rest:1.2.3-dev" with ID "sha256:50be6dcaf1c8b6cd282736a96626a60fea385a63cd3bf79c970fd305adabaf92" not present on node "kind-control-plane"
Image: "seldonio/sklearnserver_rest:1.2.3-dev" with ID "sha256:50be6dcaf1c8b6cd282736a96626a60fea385a63cd3bf79c970fd305adabaf92" not present on node "kind-worker"
kind load -v 3 docker-image seldonio/sklearnserver_grpc:1.2.3-dev --name kind
Image: "seldonio/sklearnserver_grpc:1.2.3-dev" with ID "sha256:bb1bc775cbbafaff6aff89df55878094ef51a5c3c28dd2f29807ce36addb1456" not present on node "kind-control-plane"
Image: "seldonio/sklearnserver_grpc:1.2.3-dev" with ID "sha256:bb1bc775cbbafaff6aff89df55878094ef51a5c3c28dd2f29807ce36addb1456" not present on node "kind-worker"
make[1]: Leaving directory '/workspace/source/servers/sklearnserver'
cd ../../servers/xgboostserver && make kind_load
make[1]: Entering directory '/workspace/source/servers/xgboostserver'
s2i build \
	-E environment_rest \
	./xgboostserver \
	seldonio/seldon-core-s2i-python37-ubi8:1.2.3-dev \
	seldonio/xgboostserver_rest:1.2.3-dev
Before assembling
---> Installing application source...
---> Installing dependencies ...
Looking in links: /whl
Collecting scikit-learn==0.20.3 (from -r requirements.txt (line 1))
  WARNING: Url '/whl' is ignored. It is either a non-existing path or lacks a specific scheme.
Downloading https://files.pythonhosted.org/packages/aa/cc/a84e1748a2a70d0f3e081f56cefc634f3b57013b16faa6926d3a6f0598df/scikit_learn-0.20.3-cp37-cp37m-manylinux1_x86_64.whl (5.4MB)
Requirement already satisfied: numpy>=1.8.2 in /opt/conda/lib/python3.7/site-packages (from -r requirements.txt (line 2)) (1.19.2)
Collecting xgboost==1.0.1 (from -r requirements.txt (line 3))
  WARNING: Url '/whl' is ignored. It is either a non-existing path or lacks a specific scheme.
Downloading https://files.pythonhosted.org/packages/5c/b0/c4e5aa6d754bb19131a5990784a06c4c73d390446caf1d55f0a480dcf311/xgboost-1.0.1-py3-none-manylinux1_x86_64.whl (109.7MB)
Collecting scipy>=0.13.3 (from scikit-learn==0.20.3->-r requirements.txt (line 1))
  WARNING: Url '/whl' is ignored. It is either a non-existing path or lacks a specific scheme.
Downloading https://files.pythonhosted.org/packages/65/f9/f7a7e5009711579c72da2725174825e5056741bf4001815d097eef1b2e17/scipy-1.5.2-cp37-cp37m-manylinux1_x86_64.whl (25.9MB)
Installing collected packages: scipy, scikit-learn, xgboost
Successfully installed scikit-learn-0.20.3 scipy-1.5.2 xgboost-1.0.1
Collecting pip-licenses
Downloading https://files.pythonhosted.org/packages/c5/50/6c4b4e69a0c43bd9f03a30579695093062ba72da4e3e4026cd2144dbcc71/pip_licenses-2.3.0-py3-none-any.whl
Collecting PTable (from pip-licenses)
Downloading https://files.pythonhosted.org/packages/ab/b3/b54301811173ca94119eb474634f120a49cd370f257d1aae5a4abaf12729/PTable-0.9.2.tar.gz
Building wheels for collected packages: PTable
Building wheel for PTable (setup.py): started
Building wheel for PTable (setup.py): finished with status 'done'
Created wheel for PTable: filename=PTable-0.9.2-cp37-none-any.whl size=22906 sha256=e4f2329862bd7815162e13c6ef1d5e76ca70dad5e0a8db543ace880ca6c342cb
Stored in directory: /root/.cache/pip/wheels/22/cc/2e/55980bfe86393df3e9896146a01f6802978d09d7ebcba5ea56
Successfully built PTable
Installing collected packages: PTable, pip-licenses
Successfully installed PTable-0.9.2 pip-licenses-2.3.0
created path: ./licenses/license_info.csv
created path: ./licenses/license.txt
After successful assembling
Build completed successfully
s2i build \
	-E environment_grpc \
	./xgboostserver \
	seldonio/seldon-core-s2i-python37-ubi8:1.2.3-dev \
	seldonio/xgboostserver_grpc:1.2.3-dev
Before assembling
---> Installing application source...
---> Installing dependencies ...
Looking in links: /whl
Collecting scikit-learn==0.20.3 (from -r requirements.txt (line 1))
  WARNING: Url '/whl' is ignored. It is either a non-existing path or lacks a specific scheme.
Downloading https://files.pythonhosted.org/packages/aa/cc/a84e1748a2a70d0f3e081f56cefc634f3b57013b16faa6926d3a6f0598df/scikit_learn-0.20.3-cp37-cp37m-manylinux1_x86_64.whl (5.4MB)
Requirement already satisfied: numpy>=1.8.2 in /opt/conda/lib/python3.7/site-packages (from -r requirements.txt (line 2)) (1.19.2)
Collecting xgboost==1.0.1 (from -r requirements.txt (line 3))
  WARNING: Url '/whl' is ignored. It is either a non-existing path or lacks a specific scheme.
Downloading https://files.pythonhosted.org/packages/5c/b0/c4e5aa6d754bb19131a5990784a06c4c73d390446caf1d55f0a480dcf311/xgboost-1.0.1-py3-none-manylinux1_x86_64.whl (109.7MB)
Collecting scipy>=0.13.3 (from scikit-learn==0.20.3->-r requirements.txt (line 1))
  WARNING: Url '/whl' is ignored. It is either a non-existing path or lacks a specific scheme.
Downloading https://files.pythonhosted.org/packages/65/f9/f7a7e5009711579c72da2725174825e5056741bf4001815d097eef1b2e17/scipy-1.5.2-cp37-cp37m-manylinux1_x86_64.whl (25.9MB)
Installing collected packages: scipy, scikit-learn, xgboost
Successfully installed scikit-learn-0.20.3 scipy-1.5.2 xgboost-1.0.1
Collecting pip-licenses
Downloading https://files.pythonhosted.org/packages/c5/50/6c4b4e69a0c43bd9f03a30579695093062ba72da4e3e4026cd2144dbcc71/pip_licenses-2.3.0-py3-none-any.whl
Collecting PTable (from pip-licenses)
Downloading https://files.pythonhosted.org/packages/ab/b3/b54301811173ca94119eb474634f120a49cd370f257d1aae5a4abaf12729/PTable-0.9.2.tar.gz
Building wheels for collected packages: PTable
Building wheel for PTable (setup.py): started
Building wheel for PTable (setup.py): finished with status 'done'
Created wheel for PTable: filename=PTable-0.9.2-cp37-none-any.whl size=22906 sha256=62e5d9ce19ab873c4c76400b9a9f129db317e51cbd77d69775f89b972c9e5d4f
Stored in directory: /root/.cache/pip/wheels/22/cc/2e/55980bfe86393df3e9896146a01f6802978d09d7ebcba5ea56
Successfully built PTable
Installing collected packages: PTable, pip-licenses
Successfully installed PTable-0.9.2 pip-licenses-2.3.0
created path: ./licenses/license_info.csv
created path: ./licenses/license.txt
After successful assembling
Build completed successfully
kind load -v 3 docker-image seldonio/xgboostserver_rest:1.2.3-dev --name kind
Image: "seldonio/xgboostserver_rest:1.2.3-dev" with ID "sha256:9812c95be81fe2bff7c8095986e1a42530f9134620234ce0c2eb2d84f9b59e67" not present on node "kind-control-plane"
Image: "seldonio/xgboostserver_rest:1.2.3-dev" with ID "sha256:9812c95be81fe2bff7c8095986e1a42530f9134620234ce0c2eb2d84f9b59e67" not present on node "kind-worker"
kind load -v 3 docker-image seldonio/xgboostserver_grpc:1.2.3-dev --name kind
Image: "seldonio/xgboostserver_grpc:1.2.3-dev" with ID "sha256:4e49ffb718ec4dc81b82922912fb7336f6f0185547c1f5c6c9eb1dabbec353f7" not present on node "kind-control-plane"
Image: "seldonio/xgboostserver_grpc:1.2.3-dev" with ID "sha256:4e49ffb718ec4dc81b82922912fb7336f6f0185547c1f5c6c9eb1dabbec353f7" not present on node "kind-worker"
make[1]: Leaving directory '/workspace/source/servers/xgboostserver'
cd ../../servers/mlflowserver && make kind_load
make[1]: Entering directory '/workspace/source/servers/mlflowserver'
s2i build \
	-E environment_rest \
	./mlflowserver \
	seldonio/seldon-core-s2i-python37-ubi8:1.2.3-dev \
	seldonio/mlflowserver_rest:1.2.3-dev
Before assembling
---> Installing application source...
---> Installing dependencies ...
Looking in links: /whl
Processing ./python
Requirement already satisfied: pyyaml<5.4.0 in /opt/conda/lib/python3.7/site-packages (from -r requirements.txt (line 1)) (5.3.1)
Requirement already satisfied: requests<2.25.0 in /opt/conda/lib/python3.7/site-packages (from -r requirements.txt (line 2)) (2.22.0)
Collecting mlflow<1.12.0 (from -r requirements.txt (line 3))
  WARNING: Url '/whl' is ignored. It is either a non-existing path or lacks a specific scheme.
Downloading https://files.pythonhosted.org/packages/aa/2d/7fa1f6e310ded489d943ea20cd7977a9867cb8d81b526d9c9460ce4a5b39/mlflow-1.11.0-py3-none-any.whl (13.9MB)
Collecting pandas<1.2.0 (from -r requirements.txt (line 4))
  WARNING: Url '/whl' is ignored. It is either a non-existing path or lacks a specific scheme.
Downloading https://files.pythonhosted.org/packages/74/69/18b96b520519818e00b04dd08d7cbc5e764f1465f5a280cf96173f34c54e/pandas-1.1.2-cp37-cp37m-manylinux1_x86_64.whl (10.5MB)
Requirement already satisfied: Flask<2.0.0 in /opt/conda/lib/python3.7/site-packages (from seldon-core==1.2.3.dev0->-r requirements.txt (line 7)) (1.1.2)
Requirement already satisfied: jsonschema<4.0.0 in /opt/conda/lib/python3.7/site-packages (from seldon-core==1.2.3.dev0->-r requirements.txt (line 7)) (3.2.0)
Requirement already satisfied: Flask-cors<4.0.0 in /opt/conda/lib/python3.7/site-packages (from seldon-core==1.2.3.dev0->-r requirements.txt (line 7)) (3.0.9)
Requirement already satisfied: redis<4.0.0 in /opt/conda/lib/python3.7/site-packages (from seldon-core==1.2.3.dev0->-r requirements.txt (line 7)) (3.5.3)
Requirement already satisfied: numpy<2.0.0 in /opt/conda/lib/python3.7/site-packages (from seldon-core==1.2.3.dev0->-r requirements.txt (line 7)) (1.19.2)
Requirement already satisfied: flatbuffers<2.0.0 in /opt/conda/lib/python3.7/site-packages (from seldon-core==1.2.3.dev0->-r requirements.txt (line 7)) (1.12)
Requirement already satisfied: protobuf<4.0.0 in /opt/conda/lib/python3.7/site-packages (from seldon-core==1.2.3.dev0->-r requirements.txt (line 7)) (3.13.0)
Requirement already satisfied: grpcio<2.0.0 in /opt/conda/lib/python3.7/site-packages (from seldon-core==1.2.3.dev0->-r requirements.txt (line 7)) (1.32.0)
Requirement already satisfied: Flask-OpenTracing<1.2.0,>=1.1.0 in /opt/conda/lib/python3.7/site-packages (from seldon-core==1.2.3.dev0->-r requirements.txt (line 7)) (1.1.0)
Requirement already satisfied: opentracing<2.4.0,>=2.2.0 in /opt/conda/lib/python3.7/site-packages (from seldon-core==1.2.3.dev0->-r requirements.txt (line 7)) (2.3.0)
Requirement already satisfied: jaeger-client<4.4.0,>=4.1.0 in /opt/conda/lib/python3.7/site-packages (from seldon-core==1.2.3.dev0->-r requirements.txt (line 7)) (4.3.0)
Requirement already satisfied: grpcio-opentracing<1.2.0,>=1.1.4 in /opt/conda/lib/python3.7/site-packages (from seldon-core==1.2.3.dev0->-r requirements.txt (line 7)) (1.1.4)
Requirement already satisfied: gunicorn<20.1.0,>=19.9.0 in /opt/conda/lib/python3.7/site-packages (from seldon-core==1.2.3.dev0->-r requirements.txt (line 7)) (20.0.4)
Requirement already satisfied: minio<6.0.0,>=4.0.9 in /opt/conda/lib/python3.7/site-packages (from seldon-core==1.2.3.dev0->-r requirements.txt (line 7)) (5.0.10)
Requirement already satisfied: setuptools>=41.0.0 in /opt/conda/lib/python3.7/site-packages (from seldon-core==1.2.3.dev0->-r requirements.txt (line 7)) (41.4.0)
Requirement already satisfied: prometheus_client<0.9.0,>=0.7.1 in /opt/conda/lib/python3.7/site-packages (from seldon-core==1.2.3.dev0->-r requirements.txt (line 7)) (0.8.0)
Requirement already satisfied: urllib3!=1.25.0,!=1.25.1,<1.26,>=1.21.1 in /opt/conda/lib/python3.7/site-packages (from requests<2.25.0->-r requirements.txt (line 2)) (1.24.2)
Requirement already satisfied: chardet<3.1.0,>=3.0.2 in /opt/conda/lib/python3.7/site-packages (from requests<2.25.0->-r requirements.txt (line 2)) (3.0.4)
Requirement already satisfied: idna<2.9,>=2.5 in /opt/conda/lib/python3.7/site-packages (from requests<2.25.0->-r requirements.txt (line 2)) (2.8)
Requirement already satisfied: certifi>=2017.4.17 in /opt/conda/lib/python3.7/site-packages (from requests<2.25.0->-r requirements.txt (line 2)) (2020.6.20)
Requirement already satisfied: python-dateutil in /opt/conda/lib/python3.7/site-packages (from mlflow<1.12.0->-r requirements.txt (line 3)) (2.8.1)
Collecting azure-storage-blob>=12.0 (from mlflow<1.12.0->-r requirements.txt (line 3))
  WARNING: Url '/whl' is ignored. It is either a non-existing path or lacks a specific scheme.
Downloading https://files.pythonhosted.org/packages/b8/84/7e51b3e1156bcb89a20b9ec641d4fced4800aa79daac3a403898c32046be/azure_storage_blob-12.5.0-py2.py3-none-any.whl (326kB)
Collecting alembic<=1.4.1 (from mlflow<1.12.0->-r requirements.txt (line 3))
  WARNING: Url '/whl' is ignored. It is either a non-existing path or lacks a specific scheme.
Downloading https://files.pythonhosted.org/packages/e0/e9/359dbb77c35c419df0aedeb1d53e71e7e3f438ff64a8fdb048c907404de3/alembic-1.4.1.tar.gz (1.1MB)
Collecting querystring-parser (from mlflow<1.12.0->-r requirements.txt (line 3))
  WARNING: Url '/whl' is ignored. It is either a non-existing path or lacks a specific scheme.
Downloading https://files.pythonhosted.org/packages/4a/fa/f54f5662e0eababf0c49e92fd94bf178888562c0e7b677c8941bbbcd1bd6/querystring_parser-1.2.4.tar.gz
Collecting docker>=4.0.0 (from mlflow<1.12.0->-r requirements.txt (line 3))
  WARNING: Url '/whl' is ignored. It is either a non-existing path or lacks a specific scheme.
Downloading https://files.pythonhosted.org/packages/9e/8c/8d42dbd83679483db207535f4fb02dc84325fa78b290f057694b057fcd21/docker-4.3.1-py2.py3-none-any.whl (145kB)
  WARNING: Url '/whl' is ignored. It is either a non-existing path or lacks a specific scheme.
Collecting sqlalchemy<=1.3.13 (from mlflow<1.12.0->-r requirements.txt (line 3))
Downloading https://files.pythonhosted.org/packages/af/47/35edeb0f86c0b44934c05d961c893e223ef27e79e1f53b5e6f14820ff553/SQLAlchemy-1.3.13.tar.gz (6.0MB)
Collecting prometheus-flask-exporter (from mlflow<1.12.0->-r requirements.txt (line 3))
  WARNING: Url '/whl' is ignored. It is either a non-existing path or lacks a specific scheme.
Downloading https://files.pythonhosted.org/packages/6d/04/7dff220d9527fabc4b12d2e44ab257d3b7fd9d6ac4a38aa3ce5c1013e548/prometheus_flask_exporter-0.17.0.tar.gz
Requirement already satisfied: six>=1.10.0 in /opt/conda/lib/python3.7/site-packages (from mlflow<1.12.0->-r requirements.txt (line 3)) (1.12.0)
Collecting sqlparse (from mlflow<1.12.0->-r requirements.txt (line 3))
  WARNING: Url '/whl' is ignored. It is either a non-existing path or lacks a specific scheme.
Downloading https://files.pythonhosted.org/packages/85/ee/6e821932f413a5c4b76be9c5936e313e4fc626b33f16e027866e1d60f588/sqlparse-0.3.1-py2.py3-none-any.whl (40kB)
Collecting cloudpickle (from mlflow<1.12.0->-r requirements.txt (line 3))
  WARNING: Url '/whl' is ignored. It is either a non-existing path or lacks a specific scheme.
Downloading https://files.pythonhosted.org/packages/e7/e3/898487e5dbeb612054cf2e0c188463acb358167fef749c53c8bb8918cea1/cloudpickle-1.6.0-py3-none-any.whl
Collecting entrypoints (from mlflow<1.12.0->-r requirements.txt (line 3))
  WARNING: Url '/whl' is ignored. It is either a non-existing path or lacks a specific scheme.
Downloading https://files.pythonhosted.org/packages/ac/c6/44694103f8c221443ee6b0041f69e2740d89a25641e62fb4f2ee568f2f9c/entrypoints-0.3-py2.py3-none-any.whl
Collecting gitpython>=2.1.0 (from mlflow<1.12.0->-r requirements.txt (line 3))
  WARNING: Url '/whl' is ignored. It is either a non-existing path or lacks a specific scheme.
Downloading https://files.pythonhosted.org/packages/09/bc/ae32e07e89cc25b9e5c793d19a1e5454d30a8e37d95040991160f942519e/GitPython-3.1.8-py3-none-any.whl (159kB)
Requirement already satisfied: click>=7.0 in /opt/conda/lib/python3.7/site-packages (from mlflow<1.12.0->-r requirements.txt (line 3)) (7.1.2)
Collecting gorilla (from mlflow<1.12.0->-r requirements.txt (line 3))
  WARNING: Url '/whl' is ignored. It is either a non-existing path or lacks a specific scheme.
Downloading https://files.pythonhosted.org/packages/e3/56/5a683944cbfc77e429c6f03c636ca50504a785f60ffae91ddd7f5f7bb520/gorilla-0.3.0-py2.py3-none-any.whl
Collecting databricks-cli>=0.8.7 (from mlflow<1.12.0->-r requirements.txt (line 3))
  WARNING: Url '/whl' is ignored. It is either a non-existing path or lacks a specific scheme.
Downloading https://files.pythonhosted.org/packages/1e/57/5c2d6b83cb8753d12f548e89f91037632baa8289677c1b2ab2adf14bf6b2/databricks-cli-0.11.0.tar.gz (49kB)
Requirement already satisfied: pytz>=2017.2 in /opt/conda/lib/python3.7/site-packages (from pandas<1.2.0->-r requirements.txt (line 4)) (2020.1)
Requirement already satisfied: Jinja2>=2.10.1 in /opt/conda/lib/python3.7/site-packages (from Flask<2.0.0->seldon-core==1.2.3.dev0->-r requirements.txt (line 7)) (2.11.2)
Requirement already satisfied: itsdangerous>=0.24 in /opt/conda/lib/python3.7/site-packages (from Flask<2.0.0->seldon-core==1.2.3.dev0->-r requirements.txt (line 7)) (1.1.0)
Requirement already satisfied: Werkzeug>=0.15 in /opt/conda/lib/python3.7/site-packages (from Flask<2.0.0->seldon-core==1.2.3.dev0->-r requirements.txt (line 7)) (1.0.1)
Requirement already satisfied: importlib-metadata; python_version < "3.8" in /opt/conda/lib/python3.7/site-packages (from jsonschema<4.0.0->seldon-core==1.2.3.dev0->-r requirements.txt (line 7)) (1.7.0)
Requirement already satisfied: pyrsistent>=0.14.0 in /opt/conda/lib/python3.7/site-packages (from jsonschema<4.0.0->seldon-core==1.2.3.dev0->-r requirements.txt (line 7)) (0.16.0)
Requirement already satisfied: attrs>=17.4.0 in /opt/conda/lib/python3.7/site-packages (from jsonschema<4.0.0->seldon-core==1.2.3.dev0->-r requirements.txt (line 7)) (20.2.0)
Requirement already satisfied: threadloop<2,>=1 in /opt/conda/lib/python3.7/site-packages (from jaeger-client<4.4.0,>=4.1.0->seldon-core==1.2.3.dev0->-r requirements.txt (line 7)) (1.0.2)
Requirement already satisfied: tornado>=4.3 in /opt/conda/lib/python3.7/site-packages (from jaeger-client<4.4.0,>=4.1.0->seldon-core==1.2.3.dev0->-r requirements.txt (line 7)) (6.0.4)
Requirement already satisfied: thrift in /opt/conda/lib/python3.7/site-packages (from jaeger-client<4.4.0,>=4.1.0->seldon-core==1.2.3.dev0->-r requirements.txt (line 7)) (0.13.0)
Requirement already satisfied: configparser in /opt/conda/lib/python3.7/site-packages (from minio<6.0.0,>=4.0.9->seldon-core==1.2.3.dev0->-r requirements.txt (line 7)) (5.0.0)
Collecting msrest>=0.6.10 (from azure-storage-blob>=12.0->mlflow<1.12.0->-r requirements.txt (line 3))
  WARNING: Url '/whl' is ignored. It is either a non-existing path or lacks a specific scheme.
Downloading https://files.pythonhosted.org/packages/fa/f5/9e315fe8cb985b0ce052b34bcb767883dc739f46fadb62f05a7e6d6eedbe/msrest-0.6.19-py2.py3-none-any.whl (84kB)
Collecting azure-core<2.0.0,>=1.6.0 (from azure-storage-blob>=12.0->mlflow<1.12.0->-r requirements.txt (line 3))
  WARNING: Url '/whl' is ignored. It is either a non-existing path or lacks a specific scheme.
Downloading https://files.pythonhosted.org/packages/9c/8c/6463dc620629d71c02f3f1a7dc30aab8e4f1a08ef64726cc3dd4f7949096/azure_core-1.8.1-py2.py3-none-any.whl (121kB)
Requirement already satisfied: cryptography>=2.1.4 in /opt/conda/lib/python3.7/site-packages (from azure-storage-blob>=12.0->mlflow<1.12.0->-r requirements.txt (line 3)) (2.7)
Collecting Mako (from alembic<=1.4.1->mlflow<1.12.0->-r requirements.txt (line 3))
  WARNING: Url '/whl' is ignored. It is either a non-existing path or lacks a specific scheme.
Downloading https://files.pythonhosted.org/packages/a6/37/0e706200d22172eb8fa17d68a7ae22dec7631a0a92266634fb518a88a5b2/Mako-1.1.3-py2.py3-none-any.whl (75kB)
Collecting python-editor>=0.3 (from alembic<=1.4.1->mlflow<1.12.0->-r requirements.txt (line 3))
  WARNING: Url '/whl' is ignored. It is either a non-existing path or lacks a specific scheme.
Downloading https://files.pythonhosted.org/packages/c6/d3/201fc3abe391bbae6606e6f1d598c15d367033332bd54352b12f35513717/python_editor-1.0.4-py3-none-any.whl
Collecting websocket-client>=0.32.0 (from docker>=4.0.0->mlflow<1.12.0->-r requirements.txt (line 3))
  WARNING: Url '/whl' is ignored. It is either a non-existing path or lacks a specific scheme.
Downloading https://files.pythonhosted.org/packages/4c/5f/f61b420143ed1c8dc69f9eaec5ff1ac36109d52c80de49d66e0c36c3dfdf/websocket_client-0.57.0-py2.py3-none-any.whl (200kB)
Collecting gitdb<5,>=4.0.1 (from gitpython>=2.1.0->mlflow<1.12.0->-r requirements.txt (line 3))
  WARNING: Url '/whl' is ignored. It is either a non-existing path or lacks a specific scheme.
Downloading https://files.pythonhosted.org/packages/48/11/d1800bca0a3bae820b84b7d813ad1eff15a48a64caea9c823fc8c1b119e8/gitdb-4.0.5-py3-none-any.whl (63kB)
Collecting tabulate>=0.7.7 (from databricks-cli>=0.8.7->mlflow<1.12.0->-r requirements.txt (line 3))
  WARNING: Url '/whl' is ignored. It is either a non-existing path or lacks a specific scheme.
Downloading https://files.pythonhosted.org/packages/c4/f4/770ae9385990f5a19a91431163d262182d3203662ea2b5739d0fcfc080f1/tabulate-0.8.7-py3-none-any.whl
Requirement already satisfied: MarkupSafe>=0.23 in /opt/conda/lib/python3.7/site-packages (from Jinja2>=2.10.1->Flask<2.0.0->seldon-core==1.2.3.dev0->-r requirements.txt (line 7)) (1.1.1)
Requirement already satisfied: zipp>=0.5 in /opt/conda/lib/python3.7/site-packages (from importlib-metadata; python_version < "3.8"->jsonschema<4.0.0->seldon-core==1.2.3.dev0->-r requirements.txt (line 7)) (3.1.0)
Collecting requests-oauthlib>=0.5.0 (from msrest>=0.6.10->azure-storage-blob>=12.0->mlflow<1.12.0->-r requirements.txt (line 3))
  WARNING: Url '/whl' is ignored. It is either a non-existing path or lacks a specific scheme.
Downloading https://files.pythonhosted.org/packages/a3/12/b92740d845ab62ea4edf04d2f4164d82532b5a0b03836d4d4e71c6f3d379/requests_oauthlib-1.3.0-py2.py3-none-any.whl
Collecting isodate>=0.6.0 (from msrest>=0.6.10->azure-storage-blob>=12.0->mlflow<1.12.0->-r requirements.txt (line 3))
  WARNING: Url '/whl' is ignored. It is either a non-existing path or lacks a specific scheme.
Downloading https://files.pythonhosted.org/packages/9b/9f/b36f7774ff5ea8e428fdcfc4bb332c39ee5b9362ddd3d40d9516a55221b2/isodate-0.6.0-py2.py3-none-any.whl (45kB)
Requirement already satisfied: asn1crypto>=0.21.0 in /opt/conda/lib/python3.7/site-packages (from cryptography>=2.1.4->azure-storage-blob>=12.0->mlflow<1.12.0->-r requirements.txt (line 3)) (1.0.1)
Requirement already satisfied: cffi!=1.11.3,>=1.8 in /opt/conda/lib/python3.7/site-packages (from cryptography>=2.1.4->azure-storage-blob>=12.0->mlflow<1.12.0->-r requirements.txt (line 3)) (1.12.3)
Collecting smmap<4,>=3.0.1 (from gitdb<5,>=4.0.1->gitpython>=2.1.0->mlflow<1.12.0->-r requirements.txt (line 3))
  WARNING: Url '/whl' is ignored. It is either a non-existing path or lacks a specific scheme.
Downloading https://files.pythonhosted.org/packages/b0/9a/4d409a6234eb940e6a78dfdfc66156e7522262f5f2fecca07dc55915952d/smmap-3.0.4-py2.py3-none-any.whl
Collecting oauthlib>=3.0.0 (from requests-oauthlib>=0.5.0->msrest>=0.6.10->azure-storage-blob>=12.0->mlflow<1.12.0->-r requirements.txt (line 3))
  WARNING: Url '/whl' is ignored. It is either a non-existing path or lacks a specific scheme.
Downloading https://files.pythonhosted.org/packages/05/57/ce2e7a8fa7c0afb54a0581b14a65b56e62b5759dbc98e80627142b8a3704/oauthlib-3.1.0-py2.py3-none-any.whl (147kB)
Requirement already satisfied: pycparser in /opt/conda/lib/python3.7/site-packages (from cffi!=1.11.3,>=1.8->cryptography>=2.1.4->azure-storage-blob>=12.0->mlflow<1.12.0->-r requirements.txt (line 3)) (2.19)
Building wheels for collected packages: seldon-core, alembic, querystring-parser, sqlalchemy, prometheus-flask-exporter, databricks-cli
Building wheel for seldon-core (setup.py): started
Building wheel for seldon-core (setup.py): finished with status 'done'
Created wheel for seldon-core: filename=seldon_core-1.2.3.dev0-cp37-none-any.whl size=108208 sha256=f8c226af9abb3c9fc94dfab88369d67556d585f6299a132c5a8ca62e8cc3cf8f
Stored in directory: /tmp/pip-ephem-wheel-cache-o9z2vlag/wheels/a9/90/3f/f23037410d33e3a8e88ef02b095497c44983a6bd1787519d77
Building wheel for alembic (setup.py): started
Building wheel for alembic (setup.py): finished with status 'done'
Created wheel for alembic: filename=alembic-1.4.1-py2.py3-none-any.whl size=158155 sha256=f6a13f69c73aa4554f1f0c8fcc3f7c6584cf19ac87696f9cdba00a318076dc0f
Stored in directory: /root/.cache/pip/wheels/84/07/f7/12f7370ca47a66030c2edeedcc23dec26ea0ac22dcb4c4a0f3
Building wheel for querystring-parser (setup.py): started
Building wheel for querystring-parser (setup.py): finished with status 'done'
Created wheel for querystring-parser: filename=querystring_parser-1.2.4-cp37-none-any.whl size=7079 sha256=4eba7b09d3a802976756381047674657e853c33c17cac82a9f1cf86cc88fb6f2
Stored in directory: /root/.cache/pip/wheels/1e/41/34/23ebf5d1089a9aed847951e0ee375426eb4ad0a7079d88d41e
Building wheel for sqlalchemy (setup.py): started
Building wheel for sqlalchemy (setup.py): finished with status 'done'
Created wheel for sqlalchemy: filename=SQLAlchemy-1.3.13-cp37-cp37m-linux_x86_64.whl size=1224256 sha256=5829a3c2d52f7d89b5aed012b1bc82e7d80850ee3e297d869d5c65ab00c36638
Stored in directory: /root/.cache/pip/wheels/b3/35/98/4c9cb3fd63d21d5606b972dd70643769745adf60e622467b71
Building wheel for prometheus-flask-exporter (setup.py): started
Building wheel for prometheus-flask-exporter (setup.py): finished with status 'done'
Created wheel for prometheus-flask-exporter: filename=prometheus_flask_exporter-0.17.0-cp37-none-any.whl size=16835 sha256=b6715893758a566ac3b243cb221b9391665dcc1939d0ae1a6996d87517613082
Stored in directory: /root/.cache/pip/wheels/18/62/3b/3c60345479e4b6b94f3c4957e0f8872905ee0d6b11d505fed9
Building wheel for databricks-cli (setup.py): started
Building wheel for databricks-cli (setup.py): finished with status 'done'
Created wheel for databricks-cli: filename=databricks_cli-0.11.0-cp37-none-any.whl size=90300 sha256=207301af43113cd7df19f275aafd63fa7446af8a836a05d6c044d02f2f2aa01a
Stored in directory: /root/.cache/pip/wheels/63/d0/4f/3deeca1f4c47a6aca7c2c6a6e2bf272391565dc86a7718a59b
Successfully built seldon-core alembic querystring-parser sqlalchemy prometheus-flask-exporter databricks-cli
Installing collected packages: oauthlib, requests-oauthlib, isodate, msrest, azure-core, azure-storage-blob, sqlalchemy, Mako, python-editor, alembic, querystring-parser, websocket-client, docker, prometheus-flask-exporter, pandas, sqlparse, cloudpickle, entrypoints, smmap, gitdb, gitpython, gorilla, tabulate, databricks-cli, mlflow, seldon-core
Found existing installation: seldon-core 1.2.3.dev0
Uninstalling seldon-core-1.2.3.dev0:
Successfully uninstalled seldon-core-1.2.3.dev0
Successfully installed Mako-1.1.3 alembic-1.4.1 azure-core-1.8.1 azure-storage-blob-12.5.0 cloudpickle-1.6.0 databricks-cli-0.11.0 docker-4.3.1 entrypoints-0.3 gitdb-4.0.5 gitpython-3.1.8 gorilla-0.3.0 isodate-0.6.0 mlflow-1.11.0 msrest-0.6.19 oauthlib-3.1.0 pandas-1.1.2 prometheus-flask-exporter-0.17.0 python-editor-1.0.4 querystring-parser-1.2.4 requests-oauthlib-1.3.0 seldon-core-1.2.3.dev0 smmap-3.0.4 sqlalchemy-1.3.13 sqlparse-0.3.1 tabulate-0.8.7 websocket-client-0.57.0
Collecting pip-licenses
Downloading https://files.pythonhosted.org/packages/c5/50/6c4b4e69a0c43bd9f03a30579695093062ba72da4e3e4026cd2144dbcc71/pip_licenses-2.3.0-py3-none-any.whl
Collecting PTable (from pip-licenses)
Downloading https://files.pythonhosted.org/packages/ab/b3/b54301811173ca94119eb474634f120a49cd370f257d1aae5a4abaf12729/PTable-0.9.2.tar.gz
Building wheels for collected packages: PTable
Building wheel for PTable (setup.py): started
Building wheel for PTable (setup.py): finished with status 'done'
Created wheel for PTable: filename=PTable-0.9.2-cp37-none-any.whl size=22906 sha256=7d54be553ec49d9df7466df106ab6f261c2ff763fd6d62689c1b3f63ded1bb5d
Stored in directory: /root/.cache/pip/wheels/22/cc/2e/55980bfe86393df3e9896146a01f6802978d09d7ebcba5ea56
Successfully built PTable
Installing collected packages: PTable, pip-licenses
Successfully installed PTable-0.9.2 pip-licenses-2.3.0
created path: ./licenses/license_info.csv
created path: ./licenses/license.txt
After successful assembling
Build completed successfully
s2i build \
	-E environment_grpc \
	./mlflowserver \
	seldonio/seldon-core-s2i-python37-ubi8:1.2.3-dev \
	seldonio/mlflowserver_grpc:1.2.3-dev
Before assembling
---> Installing application source...
---> Installing dependencies ...
Looking in links: /whl
Processing ./python
Requirement already satisfied: pyyaml<5.4.0 in /opt/conda/lib/python3.7/site-packages (from -r requirements.txt (line 1)) (5.3.1)
Requirement already satisfied: requests<2.25.0 in /opt/conda/lib/python3.7/site-packages (from -r requirements.txt (line 2)) (2.22.0)
Collecting mlflow<1.12.0 (from -r requirements.txt (line 3))
  WARNING: Url '/whl' is ignored. It is either a non-existing path or lacks a specific scheme.
Downloading https://files.pythonhosted.org/packages/aa/2d/7fa1f6e310ded489d943ea20cd7977a9867cb8d81b526d9c9460ce4a5b39/mlflow-1.11.0-py3-none-any.whl (13.9MB)
Collecting pandas<1.2.0 (from -r requirements.txt (line 4))
  WARNING: Url '/whl' is ignored. It is either a non-existing path or lacks a specific scheme.
Downloading https://files.pythonhosted.org/packages/74/69/18b96b520519818e00b04dd08d7cbc5e764f1465f5a280cf96173f34c54e/pandas-1.1.2-cp37-cp37m-manylinux1_x86_64.whl (10.5MB)
Requirement already satisfied: Flask<2.0.0 in /opt/conda/lib/python3.7/site-packages (from seldon-core==1.2.3.dev0->-r requirements.txt (line 7)) (1.1.2)
Requirement already satisfied: jsonschema<4.0.0 in /opt/conda/lib/python3.7/site-packages (from seldon-core==1.2.3.dev0->-r requirements.txt (line 7)) (3.2.0)
Requirement already satisfied: Flask-cors<4.0.0 in /opt/conda/lib/python3.7/site-packages (from seldon-core==1.2.3.dev0->-r requirements.txt (line 7)) (3.0.9)
Requirement already satisfied: redis<4.0.0 in /opt/conda/lib/python3.7/site-packages (from seldon-core==1.2.3.dev0->-r requirements.txt (line 7)) (3.5.3)
Requirement already satisfied: numpy<2.0.0 in /opt/conda/lib/python3.7/site-packages (from seldon-core==1.2.3.dev0->-r requirements.txt (line 7)) (1.19.2)
Requirement already satisfied: flatbuffers<2.0.0 in /opt/conda/lib/python3.7/site-packages (from seldon-core==1.2.3.dev0->-r requirements.txt (line 7)) (1.12)
Requirement already satisfied: protobuf<4.0.0 in /opt/conda/lib/python3.7/site-packages (from seldon-core==1.2.3.dev0->-r requirements.txt (line 7)) (3.13.0)
Requirement already satisfied: grpcio<2.0.0 in /opt/conda/lib/python3.7/site-packages (from seldon-core==1.2.3.dev0->-r requirements.txt (line 7)) (1.32.0)
Requirement already satisfied: Flask-OpenTracing<1.2.0,>=1.1.0 in /opt/conda/lib/python3.7/site-packages (from seldon-core==1.2.3.dev0->-r requirements.txt (line 7)) (1.1.0)
Requirement already satisfied: opentracing<2.4.0,>=2.2.0 in /opt/conda/lib/python3.7/site-packages (from seldon-core==1.2.3.dev0->-r requirements.txt (line 7)) (2.3.0)
Requirement already satisfied: jaeger-client<4.4.0,>=4.1.0 in /opt/conda/lib/python3.7/site-packages (from seldon-core==1.2.3.dev0->-r requirements.txt (line 7)) (4.3.0)
Requirement already satisfied: grpcio-opentracing<1.2.0,>=1.1.4 in /opt/conda/lib/python3.7/site-packages (from seldon-core==1.2.3.dev0->-r requirements.txt (line 7)) (1.1.4)
Requirement already satisfied: gunicorn<20.1.0,>=19.9.0 in /opt/conda/lib/python3.7/site-packages (from seldon-core==1.2.3.dev0->-r requirements.txt (line 7)) (20.0.4)
Requirement already satisfied: minio<6.0.0,>=4.0.9 in /opt/conda/lib/python3.7/site-packages (from seldon-core==1.2.3.dev0->-r requirements.txt (line 7)) (5.0.10)
Requirement already satisfied: setuptools>=41.0.0 in /opt/conda/lib/python3.7/site-packages (from seldon-core==1.2.3.dev0->-r requirements.txt (line 7)) (41.4.0)
Requirement already satisfied: prometheus_client<0.9.0,>=0.7.1 in /opt/conda/lib/python3.7/site-packages (from seldon-core==1.2.3.dev0->-r requirements.txt (line 7)) (0.8.0)
Requirement already satisfied: certifi>=2017.4.17 in /opt/conda/lib/python3.7/site-packages (from requests<2.25.0->-r requirements.txt (line 2)) (2020.6.20)
Requirement already satisfied: chardet<3.1.0,>=3.0.2 in /opt/conda/lib/python3.7/site-packages (from requests<2.25.0->-r requirements.txt (line 2)) (3.0.4)
Requirement already satisfied: urllib3!=1.25.0,!=1.25.1,<1.26,>=1.21.1 in /opt/conda/lib/python3.7/site-packages (from requests<2.25.0->-r requirements.txt (line 2)) (1.24.2)
Requirement already satisfied: idna<2.9,>=2.5 in /opt/conda/lib/python3.7/site-packages (from requests<2.25.0->-r requirements.txt (line 2)) (2.8)
Requirement already satisfied: click>=7.0 in /opt/conda/lib/python3.7/site-packages (from mlflow<1.12.0->-r requirements.txt (line 3)) (7.1.2)
Collecting alembic<=1.4.1 (from mlflow<1.12.0->-r requirements.txt (line 3))
  WARNING: Url '/whl' is ignored. It is either a non-existing path or lacks a specific scheme.
Downloading https://files.pythonhosted.org/packages/e0/e9/359dbb77c35c419df0aedeb1d53e71e7e3f438ff64a8fdb048c907404de3/alembic-1.4.1.tar.gz (1.1MB)
Collecting querystring-parser (from mlflow<1.12.0->-r requirements.txt (line 3))
  WARNING: Url '/whl' is ignored. It is either a non-existing path or lacks a specific scheme.
Downloading https://files.pythonhosted.org/packages/4a/fa/f54f5662e0eababf0c49e92fd94bf178888562c0e7b677c8941bbbcd1bd6/querystring_parser-1.2.4.tar.gz
Collecting entrypoints (from mlflow<1.12.0->-r requirements.txt (line 3))
  WARNING: Url '/whl' is ignored. It is either a non-existing path or lacks a specific scheme.
Downloading https://files.pythonhosted.org/packages/ac/c6/44694103f8c221443ee6b0041f69e2740d89a25641e62fb4f2ee568f2f9c/entrypoints-0.3-py2.py3-none-any.whl
Collecting prometheus-flask-exporter (from mlflow<1.12.0->-r requirements.txt (line 3))
  WARNING: Url '/whl' is ignored. It is either a non-existing path or lacks a specific scheme.
Downloading https://files.pythonhosted.org/packages/6d/04/7dff220d9527fabc4b12d2e44ab257d3b7fd9d6ac4a38aa3ce5c1013e548/prometheus_flask_exporter-0.17.0.tar.gz
Collecting sqlalchemy<=1.3.13 (from mlflow<1.12.0->-r requirements.txt (line 3))
  WARNING: Url '/whl' is ignored. It is either a non-existing path or lacks a specific scheme.
Downloading https://files.pythonhosted.org/packages/af/47/35edeb0f86c0b44934c05d961c893e223ef27e79e1f53b5e6f14820ff553/SQLAlchemy-1.3.13.tar.gz (6.0MB)
Collecting azure-storage-blob>=12.0 (from mlflow<1.12.0->-r requirements.txt (line 3))
  WARNING: Url '/whl' is ignored. It is either a non-existing path or lacks a specific scheme.
Downloading https://files.pythonhosted.org/packages/b8/84/7e51b3e1156bcb89a20b9ec641d4fced4800aa79daac3a403898c32046be/azure_storage_blob-12.5.0-py2.py3-none-any.whl (326kB)
Requirement already satisfied: python-dateutil in /opt/conda/lib/python3.7/site-packages (from mlflow<1.12.0->-r requirements.txt (line 3)) (2.8.1)
Collecting gitpython>=2.1.0 (from mlflow<1.12.0->-r requirements.txt (line 3))
  WARNING: Url '/whl' is ignored. It is either a non-existing path or lacks a specific scheme.
Downloading https://files.pythonhosted.org/packages/09/bc/ae32e07e89cc25b9e5c793d19a1e5454d30a8e37d95040991160f942519e/GitPython-3.1.8-py3-none-any.whl (159kB)
Collecting docker>=4.0.0 (from mlflow<1.12.0->-r requirements.txt (line 3))
  WARNING: Url '/whl' is ignored. It is either a non-existing path or lacks a specific scheme.
Downloading https://files.pythonhosted.org/packages/9e/8c/8d42dbd83679483db207535f4fb02dc84325fa78b290f057694b057fcd21/docker-4.3.1-py2.py3-none-any.whl (145kB)
Collecting cloudpickle (from mlflow<1.12.0->-r requirements.txt (line 3))
  WARNING: Url '/whl' is ignored. It is either a non-existing path or lacks a specific scheme.
Downloading https://files.pythonhosted.org/packages/e7/e3/898487e5dbeb612054cf2e0c188463acb358167fef749c53c8bb8918cea1/cloudpickle-1.6.0-py3-none-any.whl
Collecting gorilla (from mlflow<1.12.0->-r requirements.txt (line 3))
  WARNING: Url '/whl' is ignored. It is either a non-existing path or lacks a specific scheme.
Downloading https://files.pythonhosted.org/packages/e3/56/5a683944cbfc77e429c6f03c636ca50504a785f60ffae91ddd7f5f7bb520/gorilla-0.3.0-py2.py3-none-any.whl
Requirement already satisfied: six>=1.10.0 in /opt/conda/lib/python3.7/site-packages (from mlflow<1.12.0->-r requirements.txt (line 3)) (1.12.0)
Collecting databricks-cli>=0.8.7 (from mlflow<1.12.0->-r requirements.txt (line 3))
  WARNING: Url '/whl' is ignored. It is either a non-existing path or lacks a specific scheme.
Downloading https://files.pythonhosted.org/packages/1e/57/5c2d6b83cb8753d12f548e89f91037632baa8289677c1b2ab2adf14bf6b2/databricks-cli-0.11.0.tar.gz (49kB)
Collecting sqlparse (from mlflow<1.12.0->-r requirements.txt (line 3))
  WARNING: Url '/whl' is ignored. It is either a non-existing path or lacks a specific scheme.
Downloading https://files.pythonhosted.org/packages/85/ee/6e821932f413a5c4b76be9c5936e313e4fc626b33f16e027866e1d60f588/sqlparse-0.3.1-py2.py3-none-any.whl (40kB)
Requirement already satisfied: pytz>=2017.2 in /opt/conda/lib/python3.7/site-packages (from pandas<1.2.0->-r requirements.txt (line 4)) (2020.1)
Requirement already satisfied: Werkzeug>=0.15 in /opt/conda/lib/python3.7/site-packages (from Flask<2.0.0->seldon-core==1.2.3.dev0->-r requirements.txt (line 7)) (1.0.1)
Requirement already satisfied: Jinja2>=2.10.1 in /opt/conda/lib/python3.7/site-packages (from Flask<2.0.0->seldon-core==1.2.3.dev0->-r requirements.txt (line 7)) (2.11.2)
Requirement already satisfied: itsdangerous>=0.24 in /opt/conda/lib/python3.7/site-packages (from Flask<2.0.0->seldon-core==1.2.3.dev0->-r requirements.txt (line 7)) (1.1.0)
Requirement already satisfied: attrs>=17.4.0 in /opt/conda/lib/python3.7/site-packages (from jsonschema<4.0.0->seldon-core==1.2.3.dev0->-r requirements.txt (line 7)) (20.2.0)
Requirement already satisfied: pyrsistent>=0.14.0 in /opt/conda/lib/python3.7/site-packages (from jsonschema<4.0.0->seldon-core==1.2.3.dev0->-r requirements.txt (line 7)) (0.16.0)
Requirement already satisfied: importlib-metadata; python_version < "3.8" in /opt/conda/lib/python3.7/site-packages (from jsonschema<4.0.0->seldon-core==1.2.3.dev0->-r requirements.txt (line 7)) (1.7.0)
Requirement already satisfied: thrift in /opt/conda/lib/python3.7/site-packages (from jaeger-client<4.4.0,>=4.1.0->seldon-core==1.2.3.dev0->-r requirements.txt (line 7)) (0.13.0)
Requirement already satisfied: threadloop<2,>=1 in /opt/conda/lib/python3.7/site-packages (from jaeger-client<4.4.0,>=4.1.0->seldon-core==1.2.3.dev0->-r requirements.txt (line 7)) (1.0.2)
Requirement already satisfied: tornado>=4.3 in /opt/conda/lib/python3.7/site-packages (from jaeger-client<4.4.0,>=4.1.0->seldon-core==1.2.3.dev0->-r requirements.txt (line 7)) (6.0.4)
Requirement already satisfied: configparser in /opt/conda/lib/python3.7/site-packages (from minio<6.0.0,>=4.0.9->seldon-core==1.2.3.dev0->-r requirements.txt (line 7)) (5.0.0)
Collecting Mako (from alembic<=1.4.1->mlflow<1.12.0->-r requirements.txt (line 3))
  WARNING: Url '/whl' is ignored. It is either a non-existing path or lacks a specific scheme.
Downloading https://files.pythonhosted.org/packages/a6/37/0e706200d22172eb8fa17d68a7ae22dec7631a0a92266634fb518a88a5b2/Mako-1.1.3-py2.py3-none-any.whl (75kB)
Collecting python-editor>=0.3 (from alembic<=1.4.1->mlflow<1.12.0->-r requirements.txt (line 3))
  WARNING: Url '/whl' is ignored. It is either a non-existing path or lacks a specific scheme.
Downloading https://files.pythonhosted.org/packages/c6/d3/201fc3abe391bbae6606e6f1d598c15d367033332bd54352b12f35513717/python_editor-1.0.4-py3-none-any.whl
Collecting msrest>=0.6.10 (from azure-storage-blob>=12.0->mlflow<1.12.0->-r requirements.txt (line 3))
  WARNING: Url '/whl' is ignored. It is either a non-existing path or lacks a specific scheme.
Downloading https://files.pythonhosted.org/packages/fa/f5/9e315fe8cb985b0ce052b34bcb767883dc739f46fadb62f05a7e6d6eedbe/msrest-0.6.19-py2.py3-none-any.whl (84kB)
Collecting azure-core<2.0.0,>=1.6.0 (from azure-storage-blob>=12.0->mlflow<1.12.0->-r requirements.txt (line 3))
  WARNING: Url '/whl' is ignored. It is either a non-existing path or lacks a specific scheme.
Downloading https://files.pythonhosted.org/packages/9c/8c/6463dc620629d71c02f3f1a7dc30aab8e4f1a08ef64726cc3dd4f7949096/azure_core-1.8.1-py2.py3-none-any.whl (121kB)
Requirement already satisfied: cryptography>=2.1.4 in /opt/conda/lib/python3.7/site-packages (from azure-storage-blob>=12.0->mlflow<1.12.0->-r requirements.txt (line 3)) (2.7)
Collecting gitdb<5,>=4.0.1 (from gitpython>=2.1.0->mlflow<1.12.0->-r requirements.txt (line 3))
  WARNING: Url '/whl' is ignored. It is either a non-existing path or lacks a specific scheme.
Downloading https://files.pythonhosted.org/packages/48/11/d1800bca0a3bae820b84b7d813ad1eff15a48a64caea9c823fc8c1b119e8/gitdb-4.0.5-py3-none-any.whl (63kB)
Collecting websocket-client>=0.32.0 (from docker>=4.0.0->mlflow<1.12.0->-r requirements.txt (line 3))
  WARNING: Url '/whl' is ignored. It is either a non-existing path or lacks a specific scheme.
Downloading https://files.pythonhosted.org/packages/4c/5f/f61b420143ed1c8dc69f9eaec5ff1ac36109d52c80de49d66e0c36c3dfdf/websocket_client-0.57.0-py2.py3-none-any.whl (200kB)
Collecting tabulate>=0.7.7 (from databricks-cli>=0.8.7->mlflow<1.12.0->-r requirements.txt (line 3))
  WARNING: Url '/whl' is ignored. It is either a non-existing path or lacks a specific scheme.
Downloading https://files.pythonhosted.org/packages/c4/f4/770ae9385990f5a19a91431163d262182d3203662ea2b5739d0fcfc080f1/tabulate-0.8.7-py3-none-any.whl
Requirement already satisfied: MarkupSafe>=0.23 in /opt/conda/lib/python3.7/site-packages (from Jinja2>=2.10.1->Flask<2.0.0->seldon-core==1.2.3.dev0->-r requirements.txt (line 7)) (1.1.1)
Requirement already satisfied: zipp>=0.5 in /opt/conda/lib/python3.7/site-packages (from importlib-metadata; python_version < "3.8"->jsonschema<4.0.0->seldon-core==1.2.3.dev0->-r requirements.txt (line 7)) (3.1.0)
Collecting isodate>=0.6.0 (from msrest>=0.6.10->azure-storage-blob>=12.0->mlflow<1.12.0->-r requirements.txt (line 3))
  WARNING: Url '/whl' is ignored. It is either a non-existing path or lacks a specific scheme.
Downloading https://files.pythonhosted.org/packages/9b/9f/b36f7774ff5ea8e428fdcfc4bb332c39ee5b9362ddd3d40d9516a55221b2/isodate-0.6.0-py2.py3-none-any.whl (45kB)
Collecting requests-oauthlib>=0.5.0 (from msrest>=0.6.10->azure-storage-blob>=12.0->mlflow<1.12.0->-r requirements.txt (line 3))
  WARNING: Url '/whl' is ignored. It is either a non-existing path or lacks a specific scheme.
Downloading https://files.pythonhosted.org/packages/a3/12/b92740d845ab62ea4edf04d2f4164d82532b5a0b03836d4d4e71c6f3d379/requests_oauthlib-1.3.0-py2.py3-none-any.whl
Requirement already satisfied: cffi!=1.11.3,>=1.8 in /opt/conda/lib/python3.7/site-packages (from cryptography>=2.1.4->azure-storage-blob>=12.0->mlflow<1.12.0->-r requirements.txt (line 3)) (1.12.3)
Requirement already satisfied: asn1crypto>=0.21.0 in /opt/conda/lib/python3.7/site-packages (from cryptography>=2.1.4->azure-storage-blob>=12.0->mlflow<1.12.0->-r requirements.txt (line 3)) (1.0.1)
Collecting smmap<4,>=3.0.1 (from gitdb<5,>=4.0.1->gitpython>=2.1.0->mlflow<1.12.0->-r requirements.txt (line 3))
  WARNING: Url '/whl' is ignored. It is either a non-existing path or lacks a specific scheme.
Downloading https://files.pythonhosted.org/packages/b0/9a/4d409a6234eb940e6a78dfdfc66156e7522262f5f2fecca07dc55915952d/smmap-3.0.4-py2.py3-none-any.whl
Collecting oauthlib>=3.0.0 (from requests-oauthlib>=0.5.0->msrest>=0.6.10->azure-storage-blob>=12.0->mlflow<1.12.0->-r requirements.txt (line 3))
  WARNING: Url '/whl' is ignored. It is either a non-existing path or lacks a specific scheme.
Downloading https://files.pythonhosted.org/packages/05/57/ce2e7a8fa7c0afb54a0581b14a65b56e62b5759dbc98e80627142b8a3704/oauthlib-3.1.0-py2.py3-none-any.whl (147kB)
Requirement already satisfied: pycparser in /opt/conda/lib/python3.7/site-packages (from cffi!=1.11.3,>=1.8->cryptography>=2.1.4->azure-storage-blob>=12.0->mlflow<1.12.0->-r requirements.txt (line 3)) (2.19)
Building wheels for collected packages: seldon-core, alembic, querystring-parser, prometheus-flask-exporter, sqlalchemy, databricks-cli
Building wheel for seldon-core (setup.py): started
Building wheel for seldon-core (setup.py): finished with status 'done'
Created wheel for seldon-core: filename=seldon_core-1.2.3.dev0-cp37-none-any.whl size=108209 sha256=0e675c5c1ec0dff9bf98b6b5fc424d5e0cf2336760859912cba667311c4515ed
Stored in directory: /tmp/pip-ephem-wheel-cache-55u7bs_n/wheels/a9/90/3f/f23037410d33e3a8e88ef02b095497c44983a6bd1787519d77
Building wheel for alembic (setup.py): started
Building wheel for alembic (setup.py): finished with status 'done'
Created wheel for alembic: filename=alembic-1.4.1-py2.py3-none-any.whl size=158155 sha256=983a10f293d67c4d4afc0569c6fae926f621cba4f29e92405f5b2a1d76b85cd1
Stored in directory: /root/.cache/pip/wheels/84/07/f7/12f7370ca47a66030c2edeedcc23dec26ea0ac22dcb4c4a0f3
Building wheel for querystring-parser (setup.py): started
Building wheel for querystring-parser (setup.py): finished with status 'done'
Created wheel for querystring-parser: filename=querystring_parser-1.2.4-cp37-none-any.whl size=7079 sha256=808b42479d3de309436c27f5106f5379a83e06bc60b081d66edeeedb58dee248
Stored in directory: /root/.cache/pip/wheels/1e/41/34/23ebf5d1089a9aed847951e0ee375426eb4ad0a7079d88d41e
Building wheel for prometheus-flask-exporter (setup.py): started
Building wheel for prometheus-flask-exporter (setup.py): finished with status 'done'
Created wheel for prometheus-flask-exporter: filename=prometheus_flask_exporter-0.17.0-cp37-none-any.whl size=16835 sha256=e923c201f2043f56c242dd0a47eee051cc8ccefc82d14046bf992c99725d8fdd
Stored in directory: /root/.cache/pip/wheels/18/62/3b/3c60345479e4b6b94f3c4957e0f8872905ee0d6b11d505fed9
Building wheel for sqlalchemy (setup.py): started
Building wheel for sqlalchemy (setup.py): finished with status 'done'
Created wheel for sqlalchemy: filename=SQLAlchemy-1.3.13-cp37-cp37m-linux_x86_64.whl size=1224248 sha256=5aef2e64215f26cdacca82ea44bfa18a7424ca95a7e41a7cc2149fa4883402ac
Stored in directory: /root/.cache/pip/wheels/b3/35/98/4c9cb3fd63d21d5606b972dd70643769745adf60e622467b71
Building wheel for databricks-cli (setup.py): started
Building wheel for databricks-cli (setup.py): finished with status 'done'
Created wheel for databricks-cli: filename=databricks_cli-0.11.0-cp37-none-any.whl size=90300 sha256=6f09ddd3f4c4127a33ce7ff3a89e745a526985031f64a9fb1573ab43e4442241
Stored in directory: /root/.cache/pip/wheels/63/d0/4f/3deeca1f4c47a6aca7c2c6a6e2bf272391565dc86a7718a59b
Successfully built seldon-core alembic querystring-parser prometheus-flask-exporter sqlalchemy databricks-cli
Installing collected packages: sqlalchemy, Mako, python-editor, alembic, querystring-parser, entrypoints, prometheus-flask-exporter, isodate, oauthlib, requests-oauthlib, msrest, azure-core, azure-storage-blob, smmap, gitdb, gitpython, websocket-client, docker, pandas, cloudpickle, gorilla, tabulate, databricks-cli, sqlparse, mlflow, seldon-core
Found existing installation: seldon-core 1.2.3.dev0
Uninstalling seldon-core-1.2.3.dev0:
Successfully uninstalled seldon-core-1.2.3.dev0
Successfully installed Mako-1.1.3 alembic-1.4.1 azure-core-1.8.1 azure-storage-blob-12.5.0 cloudpickle-1.6.0 databricks-cli-0.11.0 docker-4.3.1 entrypoints-0.3 gitdb-4.0.5 gitpython-3.1.8 gorilla-0.3.0 isodate-0.6.0 mlflow-1.11.0 msrest-0.6.19 oauthlib-3.1.0 pandas-1.1.2 prometheus-flask-exporter-0.17.0 python-editor-1.0.4 querystring-parser-1.2.4 requests-oauthlib-1.3.0 seldon-core-1.2.3.dev0 smmap-3.0.4 sqlalchemy-1.3.13 sqlparse-0.3.1 tabulate-0.8.7 websocket-client-0.57.0
Collecting pip-licenses
Downloading https://files.pythonhosted.org/packages/c5/50/6c4b4e69a0c43bd9f03a30579695093062ba72da4e3e4026cd2144dbcc71/pip_licenses-2.3.0-py3-none-any.whl
Collecting PTable (from pip-licenses)
Downloading https://files.pythonhosted.org/packages/ab/b3/b54301811173ca94119eb474634f120a49cd370f257d1aae5a4abaf12729/PTable-0.9.2.tar.gz
Building wheels for collected packages: PTable
Building wheel for PTable (setup.py): started
Building wheel for PTable (setup.py): finished with status 'done'
Created wheel for PTable: filename=PTable-0.9.2-cp37-none-any.whl size=22906 sha256=8dee346c53828ee5f8042dea2b3672fd3a30944a9dbfca18c59575ebcbf757ff
Stored in directory: /root/.cache/pip/wheels/22/cc/2e/55980bfe86393df3e9896146a01f6802978d09d7ebcba5ea56
Successfully built PTable
Installing collected packages: PTable, pip-licenses
Successfully installed PTable-0.9.2 pip-licenses-2.3.0
created path: ./licenses/license_info.csv
created path: ./licenses/license.txt
After successful assembling
Build completed successfully
kind load -v 3 docker-image seldonio/mlflowserver_rest:1.2.3-dev --name kind
Image: "seldonio/mlflowserver_rest:1.2.3-dev" with ID "sha256:8177d4558539ea41056e54cd4fd0e0b5da7bb42b289ae111f790a4947297842a" not present on node "kind-control-plane"
Image: "seldonio/mlflowserver_rest:1.2.3-dev" with ID "sha256:8177d4558539ea41056e54cd4fd0e0b5da7bb42b289ae111f790a4947297842a" not present on node "kind-worker"
kind load -v 3 docker-image seldonio/mlflowserver_grpc:1.2.3-dev --name kind
Image: "seldonio/mlflowserver_grpc:1.2.3-dev" with ID "sha256:c8fea90067da80239b9ff23f29925c2f7d569b7d6f0078bf89da6249da2f9159" not present on node "kind-control-plane"
Image: "seldonio/mlflowserver_grpc:1.2.3-dev" with ID "sha256:c8fea90067da80239b9ff23f29925c2f7d569b7d6f0078bf89da6249da2f9159" not present on node "kind-worker"
make[1]: Leaving directory '/workspace/source/servers/mlflowserver'
cd ../../integrations/tfserving && make kind_load
make[1]: Entering directory '/workspace/source/integrations/tfserving'
s2i build \
	-E environment_rest \
	. \
	seldonio/seldon-core-s2i-python37-ubi8:1.2.3-dev \
	seldonio/tfserving-proxy_rest:1.2.3-dev
Before assembling
---> Installing application source...
---> Installing dependencies ...
Looking in links: /whl
Collecting tensorflow>=1.12.0 (from -r requirements.txt (line 1))
  WARNING: Url '/whl' is ignored. It is either a non-existing path or lacks a specific scheme.
Downloading https://files.pythonhosted.org/packages/16/89/f2d29c2eafc2eeafb17d5634340e06366af904d332341200a49d954bce85/tensorflow-2.3.0-cp37-cp37m-manylinux2010_x86_64.whl (320.4MB)
Collecting tensorflow-serving-api>=1.10.1 (from -r requirements.txt (line 2))
  WARNING: Url '/whl' is ignored. It is either a non-existing path or lacks a specific scheme.
Downloading https://files.pythonhosted.org/packages/72/0d/0f0822b418fd51795a4768f35bb17619af51312ca9f5762c80bea34bd7ae/tensorflow_serving_api-2.3.0-py2.py3-none-any.whl
Requirement already satisfied: requests in /opt/conda/lib/python3.7/site-packages (from -r requirements.txt (line 3)) (2.22.0)
Collecting tensorboard<3,>=2.3.0 (from tensorflow>=1.12.0->-r requirements.txt (line 1))
  WARNING: Url '/whl' is ignored. It is either a non-existing path or lacks a specific scheme.
Downloading https://files.pythonhosted.org/packages/e9/1b/6a420d7e6ba431cf3d51b2a5bfa06a958c4141e3189385963dc7f6fbffb6/tensorboard-2.3.0-py3-none-any.whl (6.8MB)
Collecting astunparse==1.6.3 (from tensorflow>=1.12.0->-r requirements.txt (line 1))
  WARNING: Url '/whl' is ignored. It is either a non-existing path or lacks a specific scheme.
Downloading https://files.pythonhosted.org/packages/2b/03/13dde6512ad7b4557eb792fbcf0c653af6076b81e5941d36ec61f7ce6028/astunparse-1.6.3-py2.py3-none-any.whl
Collecting tensorflow-estimator<2.4.0,>=2.3.0 (from tensorflow>=1.12.0->-r requirements.txt (line 1))
  WARNING: Url '/whl' is ignored. It is either a non-existing path or lacks a specific scheme.
Downloading https://files.pythonhosted.org/packages/e9/ed/5853ec0ae380cba4588eab1524e18ece1583b65f7ae0e97321f5ff9dfd60/tensorflow_estimator-2.3.0-py2.py3-none-any.whl (459kB)
Collecting termcolor>=1.1.0 (from tensorflow>=1.12.0->-r requirements.txt (line 1))
  WARNING: Url '/whl' is ignored. It is either a non-existing path or lacks a specific scheme.
Downloading https://files.pythonhosted.org/packages/8a/48/a76be51647d0eb9f10e2a4511bf3ffb8cc1e6b14e9e4fab46173aa79f981/termcolor-1.1.0.tar.gz
Collecting opt-einsum>=2.3.2 (from tensorflow>=1.12.0->-r requirements.txt (line 1))
  WARNING: Url '/whl' is ignored. It is either a non-existing path or lacks a specific scheme.
Downloading https://files.pythonhosted.org/packages/bc/19/404708a7e54ad2798907210462fd950c3442ea51acc8790f3da48d2bee8b/opt_einsum-3.3.0-py3-none-any.whl (65kB)
Requirement already satisfied: six>=1.12.0 in /opt/conda/lib/python3.7/site-packages (from tensorflow>=1.12.0->-r requirements.txt (line 1)) (1.12.0)
Requirement already satisfied: protobuf>=3.9.2 in /opt/conda/lib/python3.7/site-packages (from tensorflow>=1.12.0->-r requirements.txt (line 1)) (3.13.0)
Collecting keras-preprocessing<1.2,>=1.1.1 (from tensorflow>=1.12.0->-r requirements.txt (line 1))
  WARNING: Url '/whl' is ignored. It is either a non-existing path or lacks a specific scheme.
Downloading https://files.pythonhosted.org/packages/79/4c/7c3275a01e12ef9368a892926ab932b33bb13d55794881e3573482b378a7/Keras_Preprocessing-1.1.2-py2.py3-none-any.whl (42kB)
Collecting numpy<1.19.0,>=1.16.0 (from tensorflow>=1.12.0->-r requirements.txt (line 1))
  WARNING: Url '/whl' is ignored. It is either a non-existing path or lacks a specific scheme.
Downloading https://files.pythonhosted.org/packages/d6/c6/58e517e8b1fb192725cfa23c01c2e60e4e6699314ee9684a1c5f5c9b27e1/numpy-1.18.5-cp37-cp37m-manylinux1_x86_64.whl (20.1MB)
Collecting gast==0.3.3 (from tensorflow>=1.12.0->-r requirements.txt (line 1))
  WARNING: Url '/whl' is ignored. It is either a non-existing path or lacks a specific scheme.
Downloading https://files.pythonhosted.org/packages/d6/84/759f5dd23fec8ba71952d97bcc7e2c9d7d63bdc582421f3cd4be845f0c98/gast-0.3.3-py2.py3-none-any.whl
Collecting h5py<2.11.0,>=2.10.0 (from tensorflow>=1.12.0->-r requirements.txt (line 1))
  WARNING: Url '/whl' is ignored. It is either a non-existing path or lacks a specific scheme.
Downloading https://files.pythonhosted.org/packages/3f/c0/abde58b837e066bca19a3f7332d9d0493521d7dd6b48248451a9e3fe2214/h5py-2.10.0-cp37-cp37m-manylinux1_x86_64.whl (2.9MB)
Collecting google-pasta>=0.1.8 (from tensorflow>=1.12.0->-r requirements.txt (line 1))
  WARNING: Url '/whl' is ignored. It is either a non-existing path or lacks a specific scheme.
Downloading https://files.pythonhosted.org/packages/a3/de/c648ef6835192e6e2cc03f40b19eeda4382c49b5bafb43d88b931c4c74ac/google_pasta-0.2.0-py3-none-any.whl (57kB)
Requirement already satisfied: grpcio>=1.8.6 in /opt/conda/lib/python3.7/site-packages (from tensorflow>=1.12.0->-r requirements.txt (line 1)) (1.32.0)
Collecting scipy==1.4.1 (from tensorflow>=1.12.0->-r requirements.txt (line 1))
  WARNING: Url '/whl' is ignored. It is either a non-existing path or lacks a specific scheme.
Downloading https://files.pythonhosted.org/packages/dd/82/c1fe128f3526b128cfd185580ba40d01371c5d299fcf7f77968e22dfcc2e/scipy-1.4.1-cp37-cp37m-manylinux1_x86_64.whl (26.1MB)
Collecting absl-py>=0.7.0 (from tensorflow>=1.12.0->-r requirements.txt (line 1))
  WARNING: Url '/whl' is ignored. It is either a non-existing path or lacks a specific scheme.
Downloading https://files.pythonhosted.org/packages/b9/07/f69dd3367368ad69f174bfe426a973651412ec11d48ec05c000f19fe0561/absl_py-0.10.0-py3-none-any.whl (127kB)
Collecting wrapt>=1.11.1 (from tensorflow>=1.12.0->-r requirements.txt (line 1))
  WARNING: Url '/whl' is ignored. It is either a non-existing path or lacks a specific scheme.
Downloading https://files.pythonhosted.org/packages/82/f7/e43cefbe88c5fd371f4cf0cf5eb3feccd07515af9fd6cf7dbf1d1793a797/wrapt-1.12.1.tar.gz
Requirement already satisfied: wheel>=0.26 in /opt/conda/lib/python3.7/site-packages (from tensorflow>=1.12.0->-r requirements.txt (line 1)) (0.33.6)
Requirement already satisfied: certifi>=2017.4.17 in /opt/conda/lib/python3.7/site-packages (from requests->-r requirements.txt (line 3)) (2020.6.20)
Requirement already satisfied: urllib3!=1.25.0,!=1.25.1,<1.26,>=1.21.1 in /opt/conda/lib/python3.7/site-packages (from requests->-r requirements.txt (line 3)) (1.24.2)
Requirement already satisfied: idna<2.9,>=2.5 in /opt/conda/lib/python3.7/site-packages (from requests->-r requirements.txt (line 3)) (2.8)
Requirement already satisfied: chardet<3.1.0,>=3.0.2 in /opt/conda/lib/python3.7/site-packages (from requests->-r requirements.txt (line 3)) (3.0.4)
Collecting google-auth<2,>=1.6.3 (from tensorboard<3,>=2.3.0->tensorflow>=1.12.0->-r requirements.txt (line 1))
  WARNING: Url '/whl' is ignored. It is either a non-existing path or lacks a specific scheme.
Downloading https://files.pythonhosted.org/packages/6c/37/a21382309d6cd433d6f002a683bc4f2e27ad912af11d4c4a7bdd6e8d363d/google_auth-1.21.1-py2.py3-none-any.whl (93kB)
Collecting tensorboard-plugin-wit>=1.6.0 (from tensorboard<3,>=2.3.0->tensorflow>=1.12.0->-r requirements.txt (line 1))
  WARNING: Url '/whl' is ignored. It is either a non-existing path or lacks a specific scheme.
Downloading https://files.pythonhosted.org/packages/b6/85/5c5ac0a8c5efdfab916e9c6bc18963f6a6996a8a1e19ec4ad8c9ac9c623c/tensorboard_plugin_wit-1.7.0-py3-none-any.whl (779kB)
Requirement already satisfied: werkzeug>=0.11.15 in /opt/conda/lib/python3.7/site-packages (from tensorboard<3,>=2.3.0->tensorflow>=1.12.0->-r requirements.txt (line 1)) (1.0.1)
Collecting markdown>=2.6.8 (from tensorboard<3,>=2.3.0->tensorflow>=1.12.0->-r requirements.txt (line 1))
  WARNING: Url '/whl' is ignored. It is either a non-existing path or lacks a specific scheme.
Downloading https://files.pythonhosted.org/packages/a4/63/eaec2bd025ab48c754b55e8819af0f6a69e2b1e187611dd40cbbe101ee7f/Markdown-3.2.2-py3-none-any.whl (88kB)
Requirement already satisfied: setuptools>=41.0.0 in /opt/conda/lib/python3.7/site-packages (from tensorboard<3,>=2.3.0->tensorflow>=1.12.0->-r requirements.txt (line 1)) (41.4.0)
Collecting google-auth-oauthlib<0.5,>=0.4.1 (from tensorboard<3,>=2.3.0->tensorflow>=1.12.0->-r requirements.txt (line 1))
  WARNING: Url '/whl' is ignored. It is either a non-existing path or lacks a specific scheme.
Downloading https://files.pythonhosted.org/packages/7b/b8/88def36e74bee9fce511c9519571f4e485e890093ab7442284f4ffaef60b/google_auth_oauthlib-0.4.1-py2.py3-none-any.whl
Collecting pyasn1-modules>=0.2.1 (from google-auth<2,>=1.6.3->tensorboard<3,>=2.3.0->tensorflow>=1.12.0->-r requirements.txt (line 1))
  WARNING: Url '/whl' is ignored. It is either a non-existing path or lacks a specific scheme.
Downloading https://files.pythonhosted.org/packages/95/de/214830a981892a3e286c3794f41ae67a4495df1108c3da8a9f62159b9a9d/pyasn1_modules-0.2.8-py2.py3-none-any.whl (155kB)
Collecting cachetools<5.0,>=2.0.0 (from google-auth<2,>=1.6.3->tensorboard<3,>=2.3.0->tensorflow>=1.12.0->-r requirements.txt (line 1))
  WARNING: Url '/whl' is ignored. It is either a non-existing path or lacks a specific scheme.
Downloading https://files.pythonhosted.org/packages/cd/5c/f3aa86b6d5482f3051b433c7616668a9b96fbe49a622210e2c9781938a5c/cachetools-4.1.1-py3-none-any.whl
Collecting rsa<5,>=3.1.4; python_version >= "3.5" (from google-auth<2,>=1.6.3->tensorboard<3,>=2.3.0->tensorflow>=1.12.0->-r requirements.txt (line 1))
  WARNING: Url '/whl' is ignored. It is either a non-existing path or lacks a specific scheme.
Downloading https://files.pythonhosted.org/packages/1c/df/c3587a667d6b308fadc90b99e8bc8774788d033efcc70f4ecaae7fad144b/rsa-4.6-py3-none-any.whl (47kB)
Requirement already satisfied: importlib-metadata; python_version < "3.8" in /opt/conda/lib/python3.7/site-packages (from markdown>=2.6.8->tensorboard<3,>=2.3.0->tensorflow>=1.12.0->-r requirements.txt (line 1)) (1.7.0)
Collecting requests-oauthlib>=0.7.0 (from google-auth-oauthlib<0.5,>=0.4.1->tensorboard<3,>=2.3.0->tensorflow>=1.12.0->-r requirements.txt (line 1))
  WARNING: Url '/whl' is ignored. It is either a non-existing path or lacks a specific scheme.
Downloading https://files.pythonhosted.org/packages/a3/12/b92740d845ab62ea4edf04d2f4164d82532b5a0b03836d4d4e71c6f3d379/requests_oauthlib-1.3.0-py2.py3-none-any.whl
Collecting pyasn1<0.5.0,>=0.4.6 (from pyasn1-modules>=0.2.1->google-auth<2,>=1.6.3->tensorboard<3,>=2.3.0->tensorflow>=1.12.0->-r requirements.txt (line 1))
  WARNING: Url '/whl' is ignored. It is either a non-existing path or lacks a specific scheme.
Downloading https://files.pythonhosted.org/packages/62/1e/a94a8d635fa3ce4cfc7f506003548d0a2447ae76fd5ca53932970fe3053f/pyasn1-0.4.8-py2.py3-none-any.whl (77kB)
Requirement already satisfied: zipp>=0.5 in /opt/conda/lib/python3.7/site-packages (from importlib-metadata; python_version < "3.8"->markdown>=2.6.8->tensorboard<3,>=2.3.0->tensorflow>=1.12.0->-r requirements.txt (line 1)) (3.1.0)
Collecting oauthlib>=3.0.0 (from requests-oauthlib>=0.7.0->google-auth-oauthlib<0.5,>=0.4.1->tensorboard<3,>=2.3.0->tensorflow>=1.12.0->-r requirements.txt (line 1))
  WARNING: Url '/whl' is ignored. It is either a non-existing path or lacks a specific scheme.
Downloading https://files.pythonhosted.org/packages/05/57/ce2e7a8fa7c0afb54a0581b14a65b56e62b5759dbc98e80627142b8a3704/oauthlib-3.1.0-py2.py3-none-any.whl (147kB)
Building wheels for collected packages: termcolor, wrapt
Building wheel for termcolor (setup.py): started
Building wheel for termcolor (setup.py): finished with status 'done'
Created wheel for termcolor: filename=termcolor-1.1.0-cp37-none-any.whl size=4832 sha256=772c9c99ee11df97156748626463f66114dcd4a6017d959d513713dac3a7c23d
Stored in directory: /root/.cache/pip/wheels/7c/06/54/bc84598ba1daf8f970247f550b175aaaee85f68b4b0c5ab2c6
Building wheel for wrapt (setup.py): started
Building wheel for wrapt (setup.py): finished with status 'done'
Created wheel for wrapt: filename=wrapt-1.12.1-cp37-cp37m-linux_x86_64.whl size=76658 sha256=20e8165481a877098a9294b85454b8ae1d391b3ef8c00bd076db17ac9eb60371
Stored in directory: /root/.cache/pip/wheels/b1/c2/ed/d62208260edbd3fa7156545c00ef966f45f2063d0a84f8208a
Successfully built termcolor wrapt
Installing collected packages: pyasn1, pyasn1-modules, cachetools, rsa, google-auth, numpy, tensorboard-plugin-wit, markdown, absl-py, oauthlib, requests-oauthlib, google-auth-oauthlib, tensorboard, astunparse, tensorflow-estimator, termcolor, opt-einsum, keras-preprocessing, gast, h5py, google-pasta, scipy, wrapt, tensorflow, tensorflow-serving-api
Found existing installation: numpy 1.19.2
Uninstalling numpy-1.19.2:
Successfully uninstalled numpy-1.19.2
Successfully installed absl-py-0.10.0 astunparse-1.6.3 cachetools-4.1.1 gast-0.3.3 google-auth-1.21.1 google-auth-oauthlib-0.4.1 google-pasta-0.2.0 h5py-2.10.0 keras-preprocessing-1.1.2 markdown-3.2.2 numpy-1.18.5 oauthlib-3.1.0 opt-einsum-3.3.0 pyasn1-0.4.8 pyasn1-modules-0.2.8 requests-oauthlib-1.3.0 rsa-4.6 scipy-1.4.1 tensorboard-2.3.0 tensorboard-plugin-wit-1.7.0 tensorflow-2.3.0 tensorflow-estimator-2.3.0 tensorflow-serving-api-2.3.0 termcolor-1.1.0 wrapt-1.12.1
Collecting pip-licenses
Downloading https://files.pythonhosted.org/packages/c5/50/6c4b4e69a0c43bd9f03a30579695093062ba72da4e3e4026cd2144dbcc71/pip_licenses-2.3.0-py3-none-any.whl
Collecting PTable (from pip-licenses)
Downloading https://files.pythonhosted.org/packages/ab/b3/b54301811173ca94119eb474634f120a49cd370f257d1aae5a4abaf12729/PTable-0.9.2.tar.gz
Building wheels for collected packages: PTable
Building wheel for PTable (setup.py): started
Building wheel for PTable (setup.py): finished with status 'done'
Created wheel for PTable: filename=PTable-0.9.2-cp37-none-any.whl size=22906 sha256=08d91d9d829e2a1a33b515089bec89b4db03cabdef008a0d34e9913264bf0a95
Stored in directory: /root/.cache/pip/wheels/22/cc/2e/55980bfe86393df3e9896146a01f6802978d09d7ebcba5ea56
Successfully built PTable
Installing collected packages: PTable, pip-licenses
Successfully installed PTable-0.9.2 pip-licenses-2.3.0
created path: ./licenses/license_info.csv
created path: ./licenses/license.txt
After successful assembling
Build completed successfully
s2i build \
	-E environment_grpc \
	. \
	seldonio/seldon-core-s2i-python37-ubi8:1.2.3-dev \
	seldonio/tfserving-proxy_grpc:1.2.3-dev
Before assembling
---> Installing application source...
---> Installing dependencies ...
Looking in links: /whl
Collecting tensorflow>=1.12.0 (from -r requirements.txt (line 1))
  WARNING: Url '/whl' is ignored. It is either a non-existing path or lacks a specific scheme.
Downloading https://files.pythonhosted.org/packages/16/89/f2d29c2eafc2eeafb17d5634340e06366af904d332341200a49d954bce85/tensorflow-2.3.0-cp37-cp37m-manylinux2010_x86_64.whl (320.4MB)
Collecting tensorflow-serving-api>=1.10.1 (from -r requirements.txt (line 2))
  WARNING: Url '/whl' is ignored. It is either a non-existing path or lacks a specific scheme.
Downloading https://files.pythonhosted.org/packages/72/0d/0f0822b418fd51795a4768f35bb17619af51312ca9f5762c80bea34bd7ae/tensorflow_serving_api-2.3.0-py2.py3-none-any.whl
Requirement already satisfied: requests in /opt/conda/lib/python3.7/site-packages (from -r requirements.txt (line 3)) (2.22.0)
Collecting astunparse==1.6.3 (from tensorflow>=1.12.0->-r requirements.txt (line 1))
  WARNING: Url '/whl' is ignored. It is either a non-existing path or lacks a specific scheme.
Downloading https://files.pythonhosted.org/packages/2b/03/13dde6512ad7b4557eb792fbcf0c653af6076b81e5941d36ec61f7ce6028/astunparse-1.6.3-py2.py3-none-any.whl
Collecting termcolor>=1.1.0 (from tensorflow>=1.12.0->-r requirements.txt (line 1))
  WARNING: Url '/whl' is ignored. It is either a non-existing path or lacks a specific scheme.
Downloading https://files.pythonhosted.org/packages/8a/48/a76be51647d0eb9f10e2a4511bf3ffb8cc1e6b14e9e4fab46173aa79f981/termcolor-1.1.0.tar.gz
Requirement already satisfied: grpcio>=1.8.6 in /opt/conda/lib/python3.7/site-packages (from tensorflow>=1.12.0->-r requirements.txt (line 1)) (1.32.0)
Collecting google-pasta>=0.1.8 (from tensorflow>=1.12.0->-r requirements.txt (line 1))
  WARNING: Url '/whl' is ignored. It is either a non-existing path or lacks a specific scheme.
Downloading https://files.pythonhosted.org/packages/a3/de/c648ef6835192e6e2cc03f40b19eeda4382c49b5bafb43d88b931c4c74ac/google_pasta-0.2.0-py3-none-any.whl (57kB)
Collecting numpy<1.19.0,>=1.16.0 (from tensorflow>=1.12.0->-r requirements.txt (line 1))
  WARNING: Url '/whl' is ignored. It is either a non-existing path or lacks a specific scheme.
Downloading https://files.pythonhosted.org/packages/d6/c6/58e517e8b1fb192725cfa23c01c2e60e4e6699314ee9684a1c5f5c9b27e1/numpy-1.18.5-cp37-cp37m-manylinux1_x86_64.whl (20.1MB)
Collecting scipy==1.4.1 (from tensorflow>=1.12.0->-r requirements.txt (line 1))
  WARNING: Url '/whl' is ignored. It is either a non-existing path or lacks a specific scheme.
Downloading https://files.pythonhosted.org/packages/dd/82/c1fe128f3526b128cfd185580ba40d01371c5d299fcf7f77968e22dfcc2e/scipy-1.4.1-cp37-cp37m-manylinux1_x86_64.whl (26.1MB)
Collecting opt-einsum>=2.3.2 (from tensorflow>=1.12.0->-r requirements.txt (line 1))
  WARNING: Url '/whl' is ignored. It is either a non-existing path or lacks a specific scheme.
Downloading https://files.pythonhosted.org/packages/bc/19/404708a7e54ad2798907210462fd950c3442ea51acc8790f3da48d2bee8b/opt_einsum-3.3.0-py3-none-any.whl (65kB)
Requirement already satisfied: protobuf>=3.9.2 in /opt/conda/lib/python3.7/site-packages (from tensorflow>=1.12.0->-r requirements.txt (line 1)) (3.13.0)
Collecting h5py<2.11.0,>=2.10.0 (from tensorflow>=1.12.0->-r requirements.txt (line 1))
  WARNING: Url '/whl' is ignored. It is either a non-existing path or lacks a specific scheme.
Downloading https://files.pythonhosted.org/packages/3f/c0/abde58b837e066bca19a3f7332d9d0493521d7dd6b48248451a9e3fe2214/h5py-2.10.0-cp37-cp37m-manylinux1_x86_64.whl (2.9MB)
Collecting wrapt>=1.11.1 (from tensorflow>=1.12.0->-r requirements.txt (line 1))
  WARNING: Url '/whl' is ignored. It is either a non-existing path or lacks a specific scheme.
Downloading https://files.pythonhosted.org/packages/82/f7/e43cefbe88c5fd371f4cf0cf5eb3feccd07515af9fd6cf7dbf1d1793a797/wrapt-1.12.1.tar.gz
Collecting tensorboard<3,>=2.3.0 (from tensorflow>=1.12.0->-r requirements.txt (line 1))
  WARNING: Url '/whl' is ignored. It is either a non-existing path or lacks a specific scheme.
Downloading https://files.pythonhosted.org/packages/e9/1b/6a420d7e6ba431cf3d51b2a5bfa06a958c4141e3189385963dc7f6fbffb6/tensorboard-2.3.0-py3-none-any.whl (6.8MB)
Collecting absl-py>=0.7.0 (from tensorflow>=1.12.0->-r requirements.txt (line 1))
  WARNING: Url '/whl' is ignored. It is either a non-existing path or lacks a specific scheme.
Downloading https://files.pythonhosted.org/packages/b9/07/f69dd3367368ad69f174bfe426a973651412ec11d48ec05c000f19fe0561/absl_py-0.10.0-py3-none-any.whl (127kB)
Collecting keras-preprocessing<1.2,>=1.1.1 (from tensorflow>=1.12.0->-r requirements.txt (line 1))
  WARNING: Url '/whl' is ignored. It is either a non-existing path or lacks a specific scheme.
Downloading https://files.pythonhosted.org/packages/79/4c/7c3275a01e12ef9368a892926ab932b33bb13d55794881e3573482b378a7/Keras_Preprocessing-1.1.2-py2.py3-none-any.whl (42kB)
Requirement already satisfied: wheel>=0.26 in /opt/conda/lib/python3.7/site-packages (from tensorflow>=1.12.0->-r requirements.txt (line 1)) (0.33.6)
Requirement already satisfied: six>=1.12.0 in /opt/conda/lib/python3.7/site-packages (from tensorflow>=1.12.0->-r requirements.txt (line 1)) (1.12.0)
Collecting tensorflow-estimator<2.4.0,>=2.3.0 (from tensorflow>=1.12.0->-r requirements.txt (line 1))
  WARNING: Url '/whl' is ignored. It is either a non-existing path or lacks a specific scheme.
Downloading https://files.pythonhosted.org/packages/e9/ed/5853ec0ae380cba4588eab1524e18ece1583b65f7ae0e97321f5ff9dfd60/tensorflow_estimator-2.3.0-py2.py3-none-any.whl (459kB)
Collecting gast==0.3.3 (from tensorflow>=1.12.0->-r requirements.txt (line 1))
  WARNING: Url '/whl' is ignored. It is either a non-existing path or lacks a specific scheme.
Downloading https://files.pythonhosted.org/packages/d6/84/759f5dd23fec8ba71952d97bcc7e2c9d7d63bdc582421f3cd4be845f0c98/gast-0.3.3-py2.py3-none-any.whl
Requirement already satisfied: chardet<3.1.0,>=3.0.2 in /opt/conda/lib/python3.7/site-packages (from requests->-r requirements.txt (line 3)) (3.0.4)
Requirement already satisfied: certifi>=2017.4.17 in /opt/conda/lib/python3.7/site-packages (from requests->-r requirements.txt (line 3)) (2020.6.20)
Requirement already satisfied: idna<2.9,>=2.5 in /opt/conda/lib/python3.7/site-packages (from requests->-r requirements.txt (line 3)) (2.8)
Requirement already satisfied: urllib3!=1.25.0,!=1.25.1,<1.26,>=1.21.1 in /opt/conda/lib/python3.7/site-packages (from requests->-r requirements.txt (line 3)) (1.24.2)
Requirement already satisfied: setuptools in /opt/conda/lib/python3.7/site-packages (from protobuf>=3.9.2->tensorflow>=1.12.0->-r requirements.txt (line 1)) (41.4.0)
Collecting google-auth<2,>=1.6.3 (from tensorboard<3,>=2.3.0->tensorflow>=1.12.0->-r requirements.txt (line 1))
  WARNING: Url '/whl' is ignored. It is either a non-existing path or lacks a specific scheme.
Downloading https://files.pythonhosted.org/packages/6c/37/a21382309d6cd433d6f002a683bc4f2e27ad912af11d4c4a7bdd6e8d363d/google_auth-1.21.1-py2.py3-none-any.whl (93kB)
Collecting tensorboard-plugin-wit>=1.6.0 (from tensorboard<3,>=2.3.0->tensorflow>=1.12.0->-r requirements.txt (line 1))
  WARNING: Url '/whl' is ignored. It is either a non-existing path or lacks a specific scheme.
Downloading https://files.pythonhosted.org/packages/b6/85/5c5ac0a8c5efdfab916e9c6bc18963f6a6996a8a1e19ec4ad8c9ac9c623c/tensorboard_plugin_wit-1.7.0-py3-none-any.whl (779kB)
  WARNING: Url '/whl' is ignored. It is either a non-existing path or lacks a specific scheme.
Collecting markdown>=2.6.8 (from tensorboard<3,>=2.3.0->tensorflow>=1.12.0->-r requirements.txt (line 1))
Downloading https://files.pythonhosted.org/packages/a4/63/eaec2bd025ab48c754b55e8819af0f6a69e2b1e187611dd40cbbe101ee7f/Markdown-3.2.2-py3-none-any.whl (88kB)
Requirement already satisfied: werkzeug>=0.11.15 in /opt/conda/lib/python3.7/site-packages (from tensorboard<3,>=2.3.0->tensorflow>=1.12.0->-r requirements.txt (line 1)) (1.0.1)
Collecting google-auth-oauthlib<0.5,>=0.4.1 (from tensorboard<3,>=2.3.0->tensorflow>=1.12.0->-r requirements.txt (line 1))
  WARNING: Url '/whl' is ignored. It is either a non-existing path or lacks a specific scheme.
Downloading https://files.pythonhosted.org/packages/7b/b8/88def36e74bee9fce511c9519571f4e485e890093ab7442284f4ffaef60b/google_auth_oauthlib-0.4.1-py2.py3-none-any.whl
Collecting cachetools<5.0,>=2.0.0 (from google-auth<2,>=1.6.3->tensorboard<3,>=2.3.0->tensorflow>=1.12.0->-r requirements.txt (line 1))
  WARNING: Url '/whl' is ignored. It is either a non-existing path or lacks a specific scheme.
Downloading https://files.pythonhosted.org/packages/cd/5c/f3aa86b6d5482f3051b433c7616668a9b96fbe49a622210e2c9781938a5c/cachetools-4.1.1-py3-none-any.whl
  WARNING: Url '/whl' is ignored. It is either a non-existing path or lacks a specific scheme.
Collecting rsa<5,>=3.1.4; python_version >= "3.5" (from google-auth<2,>=1.6.3->tensorboard<3,>=2.3.0->tensorflow>=1.12.0->-r requirements.txt (line 1))
Downloading https://files.pythonhosted.org/packages/1c/df/c3587a667d6b308fadc90b99e8bc8774788d033efcc70f4ecaae7fad144b/rsa-4.6-py3-none-any.whl (47kB)
Collecting pyasn1-modules>=0.2.1 (from google-auth<2,>=1.6.3->tensorboard<3,>=2.3.0->tensorflow>=1.12.0->-r requirements.txt (line 1))
  WARNING: Url '/whl' is ignored. It is either a non-existing path or lacks a specific scheme.
Downloading https://files.pythonhosted.org/packages/95/de/214830a981892a3e286c3794f41ae67a4495df1108c3da8a9f62159b9a9d/pyasn1_modules-0.2.8-py2.py3-none-any.whl (155kB)
Requirement already satisfied: importlib-metadata; python_version < "3.8" in /opt/conda/lib/python3.7/site-packages (from markdown>=2.6.8->tensorboard<3,>=2.3.0->tensorflow>=1.12.0->-r requirements.txt (line 1)) (1.7.0)
  WARNING: Url '/whl' is ignored. It is either a non-existing path or lacks a specific scheme.
Collecting requests-oauthlib>=0.7.0 (from google-auth-oauthlib<0.5,>=0.4.1->tensorboard<3,>=2.3.0->tensorflow>=1.12.0->-r requirements.txt (line 1))
Downloading https://files.pythonhosted.org/packages/a3/12/b92740d845ab62ea4edf04d2f4164d82532b5a0b03836d4d4e71c6f3d379/requests_oauthlib-1.3.0-py2.py3-none-any.whl
  WARNING: Url '/whl' is ignored. It is either a non-existing path or lacks a specific scheme.
Collecting pyasn1>=0.1.3 (from rsa<5,>=3.1.4; python_version >= "3.5"->google-auth<2,>=1.6.3->tensorboard<3,>=2.3.0->tensorflow>=1.12.0->-r requirements.txt (line 1))
Downloading https://files.pythonhosted.org/packages/62/1e/a94a8d635fa3ce4cfc7f506003548d0a2447ae76fd5ca53932970fe3053f/pyasn1-0.4.8-py2.py3-none-any.whl (77kB)
Requirement already satisfied: zipp>=0.5 in /opt/conda/lib/python3.7/site-packages (from importlib-metadata; python_version < "3.8"->markdown>=2.6.8->tensorboard<3,>=2.3.0->tensorflow>=1.12.0->-r requirements.txt (line 1)) (3.1.0)
Collecting oauthlib>=3.0.0 (from requests-oauthlib>=0.7.0->google-auth-oauthlib<0.5,>=0.4.1->tensorboard<3,>=2.3.0->tensorflow>=1.12.0->-r requirements.txt (line 1))
  WARNING: Url '/whl' is ignored. It is either a non-existing path or lacks a specific scheme.
Downloading https://files.pythonhosted.org/packages/05/57/ce2e7a8fa7c0afb54a0581b14a65b56e62b5759dbc98e80627142b8a3704/oauthlib-3.1.0-py2.py3-none-any.whl (147kB)
Building wheels for collected packages: termcolor, wrapt
Building wheel for termcolor (setup.py): started
Building wheel for termcolor (setup.py): finished with status 'done'
Created wheel for termcolor: filename=termcolor-1.1.0-cp37-none-any.whl size=4832 sha256=8dfeb9c53535bfbe3bec2c40088076561e0e07db43af4bb187071a4ded81c7c8
Stored in directory: /root/.cache/pip/wheels/7c/06/54/bc84598ba1daf8f970247f550b175aaaee85f68b4b0c5ab2c6
Building wheel for wrapt (setup.py): started
Building wheel for wrapt (setup.py): finished with status 'done'
Created wheel for wrapt: filename=wrapt-1.12.1-cp37-cp37m-linux_x86_64.whl size=76647 sha256=1c5871e9837f0d9d2f01239bacc57817739f8cfeaaee0fed915d193e69cc05cd
Stored in directory: /root/.cache/pip/wheels/b1/c2/ed/d62208260edbd3fa7156545c00ef966f45f2063d0a84f8208a
Successfully built termcolor wrapt
Installing collected packages: astunparse, termcolor, google-pasta, numpy, scipy, opt-einsum, h5py, wrapt, cachetools, pyasn1, rsa, pyasn1-modules, google-auth, absl-py, tensorboard-plugin-wit, markdown, oauthlib, requests-oauthlib, google-auth-oauthlib, tensorboard, keras-preprocessing, tensorflow-estimator, gast, tensorflow, tensorflow-serving-api
Found existing installation: numpy 1.19.2
Uninstalling numpy-1.19.2:
Successfully uninstalled numpy-1.19.2
Successfully installed absl-py-0.10.0 astunparse-1.6.3 cachetools-4.1.1 gast-0.3.3 google-auth-1.21.1 google-auth-oauthlib-0.4.1 google-pasta-0.2.0 h5py-2.10.0 keras-preprocessing-1.1.2 markdown-3.2.2 numpy-1.18.5 oauthlib-3.1.0 opt-einsum-3.3.0 pyasn1-0.4.8 pyasn1-modules-0.2.8 requests-oauthlib-1.3.0 rsa-4.6 scipy-1.4.1 tensorboard-2.3.0 tensorboard-plugin-wit-1.7.0 tensorflow-2.3.0 tensorflow-estimator-2.3.0 tensorflow-serving-api-2.3.0 termcolor-1.1.0 wrapt-1.12.1
Collecting pip-licenses
Downloading https://files.pythonhosted.org/packages/c5/50/6c4b4e69a0c43bd9f03a30579695093062ba72da4e3e4026cd2144dbcc71/pip_licenses-2.3.0-py3-none-any.whl
Collecting PTable (from pip-licenses)
Downloading https://files.pythonhosted.org/packages/ab/b3/b54301811173ca94119eb474634f120a49cd370f257d1aae5a4abaf12729/PTable-0.9.2.tar.gz
Building wheels for collected packages: PTable
Building wheel for PTable (setup.py): started
Building wheel for PTable (setup.py): finished with status 'done'
Created wheel for PTable: filename=PTable-0.9.2-cp37-none-any.whl size=22906 sha256=c28c11dd8526ed9e82150a5705d8704033e5949d12253842c8f842c99b3b4f07
Stored in directory: /root/.cache/pip/wheels/22/cc/2e/55980bfe86393df3e9896146a01f6802978d09d7ebcba5ea56
Successfully built PTable
Installing collected packages: PTable, pip-licenses
Successfully installed PTable-0.9.2 pip-licenses-2.3.0
created path: ./licenses/license_info.csv
created path: ./licenses/license.txt
After successful assembling
Build completed successfully
kind load -v 3 docker-image seldonio/tfserving-proxy_rest:1.2.3-dev --name kind
Image: "seldonio/tfserving-proxy_rest:1.2.3-dev" with ID "sha256:a0442f05c22de34e27bb1282757f4119b9da990d400353a96687d14ea1c8d29d" not present on node "kind-control-plane"
Image: "seldonio/tfserving-proxy_rest:1.2.3-dev" with ID "sha256:a0442f05c22de34e27bb1282757f4119b9da990d400353a96687d14ea1c8d29d" not present on node "kind-worker"
kind load -v 3 docker-image seldonio/tfserving-proxy_grpc:1.2.3-dev --name kind
Image: "seldonio/tfserving-proxy_grpc:1.2.3-dev" with ID "sha256:ed488349320ddc57ef6c020c4e714c1340000043e54a2c57f233f3d750e09482" not present on node "kind-control-plane"
Image: "seldonio/tfserving-proxy_grpc:1.2.3-dev" with ID "sha256:ed488349320ddc57ef6c020c4e714c1340000043e54a2c57f233f3d750e09482" not present on node "kind-worker"
make[1]: Leaving directory '/workspace/source/integrations/tfserving'
Files changed in alibi folder:
SKIPPING ALIBI IMAGE BUILD...
Files changed in misc folders:
SKIPPING MISC IMAGE BUILD...
kubectl create namespace seldon || echo "Namespace seldon already exists"
namespace/seldon created
kubectl create namespace test1 || echo "Namespace test1 already exists"
namespace/test1 created
helm repo add stable https://kubernetes-charts.storage.googleapis.com/
"stable" has been added to your repositories
helm repo add seldonio https://storage.googleapis.com/seldon-charts
"seldonio" has been added to your repositories
helm repo add jaegertracing https://jaegertracing.github.io/helm-charts
"jaegertracing" has been added to your repositories
helm repo add datawire https://www.getambassador.io
"datawire" has been added to your repositories
helm repo update
Hang tight while we grab the latest from your chart repositories...
...Successfully got an update from the "seldonio" chart repository
...Successfully got an update from the "jaegertracing" chart repository
...Successfully got an update from the "datawire" chart repository
...Successfully got an update from the "stable" chart repository
Update Complete. âŽˆ Happy Helming!âŽˆ 
helm upgrade ambassador \
	datawire/ambassador \
	-f ../resources/ambassador_values.yaml \
	--set image.repository=quay.io/datawire/ambassador \
	--set crds.keep=false \
	--set enableAES=false \
	--namespace seldon \
	--set replicaCount=1 \
	--wait --install
Release "ambassador" does not exist. Installing it now.
manifest_sorter.go:192: info: skipping unknown hook: "crd-install"
manifest_sorter.go:192: info: skipping unknown hook: "crd-install"
manifest_sorter.go:192: info: skipping unknown hook: "crd-install"
manifest_sorter.go:192: info: skipping unknown hook: "crd-install"
manifest_sorter.go:192: info: skipping unknown hook: "crd-install"
manifest_sorter.go:192: info: skipping unknown hook: "crd-install"
manifest_sorter.go:192: info: skipping unknown hook: "crd-install"
manifest_sorter.go:192: info: skipping unknown hook: "crd-install"
manifest_sorter.go:192: info: skipping unknown hook: "crd-install"
manifest_sorter.go:192: info: skipping unknown hook: "crd-install"
manifest_sorter.go:192: info: skipping unknown hook: "crd-install"
manifest_sorter.go:192: info: skipping unknown hook: "crd-install"
manifest_sorter.go:192: info: skipping unknown hook: "crd-install"
manifest_sorter.go:192: info: skipping unknown hook: "crd-install"
manifest_sorter.go:192: info: skipping unknown hook: "crd-install"
manifest_sorter.go:192: info: skipping unknown hook: "crd-install"
manifest_sorter.go:192: info: skipping unknown hook: "crd-install"
manifest_sorter.go:192: info: skipping unknown hook: "crd-install"
NAME: ambassador
LAST DEPLOYED: Fri Sep 11 13:46:59 2020
NAMESPACE: seldon
STATUS: deployed
REVISION: 1
NOTES:
-------------------------------------------------------------------------------
  Congratulations! You've successfully installed Ambassador!

-------------------------------------------------------------------------------
To get the IP address of Ambassador, run the following commands:
  export NODE_PORT=$(kubectl get --namespace seldon -o jsonpath="{.spec.ports[0].nodePort}" services ambassador)
  export NODE_IP=$(kubectl get nodes --namespace seldon -o jsonpath="{.items[0].status.addresses[0].address}")
  echo http://$NODE_IP:$NODE_PORT

For help, visit our Slack at https://d6e.co/slack or view the documentation online at https://www.getambassador.io.
kubectl apply -f istio-1.4.2.yaml
clusterrole.rbac.authorization.k8s.io/istio-reader-istio-system created
clusterrolebinding.rbac.authorization.k8s.io/istio-reader-istio-system created
customresourcedefinition.apiextensions.k8s.io/attributemanifests.config.istio.io created
customresourcedefinition.apiextensions.k8s.io/clusterrbacconfigs.rbac.istio.io created
customresourcedefinition.apiextensions.k8s.io/destinationrules.networking.istio.io created
customresourcedefinition.apiextensions.k8s.io/envoyfilters.networking.istio.io created
customresourcedefinition.apiextensions.k8s.io/gateways.networking.istio.io created
customresourcedefinition.apiextensions.k8s.io/httpapispecbindings.config.istio.io created
customresourcedefinition.apiextensions.k8s.io/httpapispecs.config.istio.io created
customresourcedefinition.apiextensions.k8s.io/meshpolicies.authentication.istio.io created
customresourcedefinition.apiextensions.k8s.io/policies.authentication.istio.io created
customresourcedefinition.apiextensions.k8s.io/quotaspecbindings.config.istio.io created
customresourcedefinition.apiextensions.k8s.io/quotaspecs.config.istio.io created
customresourcedefinition.apiextensions.k8s.io/rbacconfigs.rbac.istio.io created
customresourcedefinition.apiextensions.k8s.io/rules.config.istio.io created
customresourcedefinition.apiextensions.k8s.io/serviceentries.networking.istio.io created
customresourcedefinition.apiextensions.k8s.io/servicerolebindings.rbac.istio.io created
customresourcedefinition.apiextensions.k8s.io/serviceroles.rbac.istio.io created
customresourcedefinition.apiextensions.k8s.io/virtualservices.networking.istio.io created
customresourcedefinition.apiextensions.k8s.io/adapters.config.istio.io created
customresourcedefinition.apiextensions.k8s.io/instances.config.istio.io created
customresourcedefinition.apiextensions.k8s.io/templates.config.istio.io created
customresourcedefinition.apiextensions.k8s.io/handlers.config.istio.io created
customresourcedefinition.apiextensions.k8s.io/sidecars.networking.istio.io created
customresourcedefinition.apiextensions.k8s.io/authorizationpolicies.security.istio.io created
namespace/istio-system created
serviceaccount/istio-reader-service-account created
clusterrole.rbac.authorization.k8s.io/istio-citadel-istio-system created
clusterrolebinding.rbac.authorization.k8s.io/istio-citadel-istio-system created
deployment.apps/istio-citadel created
poddisruptionbudget.policy/istio-citadel created
service/istio-citadel created
serviceaccount/istio-citadel-service-account created
deployment.apps/istio-egressgateway created
poddisruptionbudget.policy/istio-egressgateway created
gateway.networking.istio.io/istio-multicluster-egressgateway created
virtualservice.networking.istio.io/istio-multicluster-egressgateway created
envoyfilter.networking.istio.io/istio-multicluster-egressgateway created
destinationrule.networking.istio.io/istio-multicluster-destinationrule created
service/istio-egressgateway created
role.rbac.authorization.k8s.io/istio-egressgateway-sds created
rolebinding.rbac.authorization.k8s.io/istio-egressgateway-sds created
serviceaccount/istio-egressgateway-service-account created
clusterrole.rbac.authorization.k8s.io/istio-galley-istio-system created
clusterrolebinding.rbac.authorization.k8s.io/istio-galley-*****-role-binding-istio-system created
configmap/istio-mesh-galley created
configmap/istio-galley-configuration created
deployment.apps/istio-galley created
poddisruptionbudget.policy/istio-galley created
service/istio-galley created
serviceaccount/istio-galley-service-account created
configmap/istio-grafana-configuration-dashboards-citadel-dashboard created
configmap/istio-grafana-configuration-dashboards-galley-dashboard created
configmap/istio-grafana-configuration-dashboards-istio-mesh-dashboard created
configmap/istio-grafana-configuration-dashboards-istio-performance-dashboard created
configmap/istio-grafana-configuration-dashboards-istio-service-dashboard created
configmap/istio-grafana-configuration-dashboards-istio-workload-dashboard created
configmap/istio-grafana-configuration-dashboards-mixer-dashboard created
configmap/istio-grafana-configuration-dashboards-pilot-dashboard created
configmap/istio-grafana created
deployment.apps/grafana created
policy.authentication.istio.io/grafana-ports-mtls-disabled created
service/grafana created
deployment.apps/istio-ingressgateway created
gateway.networking.istio.io/ingressgateway created
poddisruptionbudget.policy/ingressgateway created
service/istio-ingressgateway created
serviceaccount/istio-ingressgateway-service-account created
sidecar.networking.istio.io/default created
clusterrole.rbac.authorization.k8s.io/istio-sidecar-injector-istio-system created
clusterrolebinding.rbac.authorization.k8s.io/istio-sidecar-injector-*****-role-binding-istio-system created
configmap/injector-mesh created
deployment.apps/istio-sidecar-injector created
mutatingwebhookconfiguration.admissionregistration.k8s.io/istio-sidecar-injector created
poddisruptionbudget.policy/istio-sidecar-injector created
service/istio-sidecar-injector created
serviceaccount/istio-sidecar-injector-service-account created
configmap/istio-sidecar-injector created
clusterrole.rbac.authorization.k8s.io/kiali created
clusterrole.rbac.authorization.k8s.io/kiali-viewer created
clusterrolebinding.rbac.authorization.k8s.io/kiali created
configmap/kiali created
secret/kiali created
deployment.apps/kiali created
service/kiali created
serviceaccount/kiali-service-account created
clusterrole.rbac.authorization.k8s.io/istio-pilot-istio-system created
clusterrolebinding.rbac.authorization.k8s.io/istio-pilot-istio-system created
configmap/pilot-envoy-config created
configmap/istio created
deployment.apps/istio-pilot created
meshpolicy.authentication.istio.io/default created
poddisruptionbudget.policy/istio-pilot created
service/istio-pilot created
serviceaccount/istio-pilot-service-account created
clusterrole.rbac.authorization.k8s.io/istio-policy created
clusterrolebinding.rbac.authorization.k8s.io/istio-policy-*****-role-binding-istio-system created
destinationrule.networking.istio.io/istio-policy created
deployment.apps/istio-policy created
poddisruptionbudget.policy/istio-policy created
service/istio-policy created
serviceaccount/istio-policy-service-account created
clusterrole.rbac.authorization.k8s.io/prometheus-istio-system created
clusterrolebinding.rbac.authorization.k8s.io/prometheus-istio-system created
configmap/prometheus created
deployment.apps/prometheus created
service/prometheus created
serviceaccount/prometheus created
horizontalpodautoscaler.autoscaling/istio-telemetry created
clusterrole.rbac.authorization.k8s.io/istio-mixer-istio-system created
clusterrolebinding.rbac.authorization.k8s.io/istio-mixer-*****-role-binding-istio-system created
attributemanifest.config.istio.io/istioproxy created
attributemanifest.config.istio.io/kubernetes created
handler.config.istio.io/stdio created
instance.config.istio.io/accesslog created
instance.config.istio.io/tcpaccesslog created
rule.config.istio.io/stdio created
rule.config.istio.io/stdiotcp created
instance.config.istio.io/requestcount created
instance.config.istio.io/requestduration created
instance.config.istio.io/requestsize created
instance.config.istio.io/responsesize created
instance.config.istio.io/tcpbytesent created
instance.config.istio.io/tcpbytereceived created
instance.config.istio.io/tcpconnectionsopened created
instance.config.istio.io/tcpconnectionsclosed created
handler.config.istio.io/prometheus created
rule.config.istio.io/promhttp created
rule.config.istio.io/promtcp created
rule.config.istio.io/promtcpconnectionopen created
rule.config.istio.io/promtcpconnectionclosed created
handler.config.istio.io/kubernetesenv created
rule.config.istio.io/kubeattrgenrulerule created
rule.config.istio.io/tcpkubeattrgenrulerule created
instance.config.istio.io/attributes created
destinationrule.networking.istio.io/istio-telemetry created
configmap/telemetry-envoy-config created
deployment.apps/istio-telemetry created
poddisruptionbudget.policy/istio-telemetry created
service/istio-telemetry created
serviceaccount/istio-mixer-service-account created
deployment.apps/istio-tracing created
service/jaeger-query created
service/jaeger-collector created
service/jaeger-agent created
service/zipkin created
service/tracing created
kubectl rollout status deployment.apps/istio-ingressgateway -n istio-system
Waiting for deployment "istio-ingressgateway" rollout to finish: 0 of 1 updated replicas are available...
deployment "istio-ingressgateway" successfully rolled out
kubectl rollout status deployment.apps/istio-pilot -n istio-system
deployment "istio-pilot" successfully rolled out
kubectl rollout status deployment.apps/istio-citadel -n istio-system
deployment "istio-citadel" successfully rolled out
kubectl create -f ../resources/seldon-gateway.yaml -n istio-system
gateway.networking.istio.io/seldon-gateway created
helm upgrade jaeger-operator \
	jaegertracing/jaeger-operator \
	--set rbac.clusterRole=true \
	--namespace seldon \
	--wait --install
Release "jaeger-operator" does not exist. Installing it now.
manifest_sorter.go:192: info: skipping unknown hook: "crd-install"
NAME: jaeger-operator
LAST DEPLOYED: Fri Sep 11 13:49:54 2020
NAMESPACE: seldon
STATUS: deployed
REVISION: 1
TEST SUITE: None
NOTES:
jaeger-operator is installed.


Check the jaeger-operator logs
  export POD=$(kubectl get pods-l app.kubernetes.io/instance=jaeger-operator -lapp.kubernetes.io/name=jaeger-operator --namespace seldon --output name)
  kubectl logs $POD --namespace=seldon
kubectl apply -f ../resources/jaeger.yaml --namespace seldon
jaeger.jaegertracing.io/jaeger created
mapping.getambassador.io/jaeger created
cd ../../operator && make install-cert-manager
make[1]: Entering directory '/workspace/source/operator'
kubectl create namespace cert-manager || echo "Namespace cert-manager-exists"
namespace/cert-manager created
kubectl label namespace cert-manager cert-manager.io/disable-validation=true || echo "namespace cert-manager-already labelled"
namespace/cert-manager labeled
kubectl apply --validate=false -f https://github.com/jetstack/cert-manager/releases/download/v0.12.0/cert-manager.yaml
customresourcedefinition.apiextensions.k8s.io/certificaterequests.cert-manager.io created
customresourcedefinition.apiextensions.k8s.io/certificates.cert-manager.io created
customresourcedefinition.apiextensions.k8s.io/challenges.acme.cert-manager.io created
customresourcedefinition.apiextensions.k8s.io/clusterissuers.cert-manager.io created
customresourcedefinition.apiextensions.k8s.io/issuers.cert-manager.io created
customresourcedefinition.apiextensions.k8s.io/orders.acme.cert-manager.io created
Warning: kubectl apply should be used on resource created by either kubectl create --save-config or kubectl apply
namespace/cert-manager configured
serviceaccount/cert-manager-cainjector created
serviceaccount/cert-manager created
serviceaccount/cert-manager-webhook created
clusterrole.rbac.authorization.k8s.io/cert-manager-cainjector created
clusterrolebinding.rbac.authorization.k8s.io/cert-manager-cainjector created
role.rbac.authorization.k8s.io/cert-manager-cainjector:leaderelection created
rolebinding.rbac.authorization.k8s.io/cert-manager-cainjector:leaderelection created
clusterrolebinding.rbac.authorization.k8s.io/cert-manager-webhook:auth-delegator created
rolebinding.rbac.authorization.k8s.io/cert-manager-webhook:webhook-authentication-reader created
clusterrole.rbac.authorization.k8s.io/cert-manager-webhook:webhook-requester created
role.rbac.authorization.k8s.io/cert-manager:leaderelection created
rolebinding.rbac.authorization.k8s.io/cert-manager:leaderelection created
clusterrole.rbac.authorization.k8s.io/cert-manager-controller-issuers created
clusterrole.rbac.authorization.k8s.io/cert-manager-controller-clusterissuers created
clusterrole.rbac.authorization.k8s.io/cert-manager-controller-certificates created
clusterrole.rbac.authorization.k8s.io/cert-manager-controller-orders created
clusterrole.rbac.authorization.k8s.io/cert-manager-controller-challenges created
clusterrole.rbac.authorization.k8s.io/cert-manager-controller-ingress-shim created
clusterrolebinding.rbac.authorization.k8s.io/cert-manager-controller-issuers created
clusterrolebinding.rbac.authorization.k8s.io/cert-manager-controller-clusterissuers created
clusterrolebinding.rbac.authorization.k8s.io/cert-manager-controller-certificates created
clusterrolebinding.rbac.authorization.k8s.io/cert-manager-controller-orders created
clusterrolebinding.rbac.authorization.k8s.io/cert-manager-controller-challenges created
clusterrolebinding.rbac.authorization.k8s.io/cert-manager-controller-ingress-shim created
clusterrole.rbac.authorization.k8s.io/cert-manager-view created
clusterrole.rbac.authorization.k8s.io/cert-manager-edit created
service/cert-manager created
service/cert-manager-webhook created
deployment.apps/cert-manager-cainjector created
deployment.apps/cert-manager created
deployment.apps/cert-manager-webhook created
mutatingwebhookconfiguration.admissionregistration.k8s.io/cert-manager-webhook created
validatingwebhookconfiguration.admissionregistration.k8s.io/cert-manager-webhook created
kubectl rollout status deployment.apps/cert-manager -n cert-manager
Waiting for deployment "cert-manager" rollout to finish: 0 of 1 updated replicas are available...
deployment "cert-manager" successfully rolled out
kubectl rollout status deployment.apps/cert-manager-cainjector -n cert-manager
deployment "cert-manager-cainjector" successfully rolled out
kubectl rollout status deployment.apps/cert-manager-webhook -n cert-manager
Waiting for deployment "cert-manager-webhook" rollout to finish: 0 of 1 updated replicas are available...
deployment "cert-manager-webhook" successfully rolled out
make[1]: Leaving directory '/workspace/source/operator'
sleep 5 #https://github.com/jetstack/cert-manager/issues/2273
kubectl create namespace seldon-system || echo "namespace seldon-system exists"
namespace/seldon-system created
helm delete seldon --namespace seldon-system || echo "seldon-core not installed"
Error: uninstall: Release not loaded: seldon: release: not found
seldon-core not installed
helm upgrade seldon \
	../../helm-charts/seldon-core-operator \
	--namespace seldon-system \
	--set istio.enabled=true \
	--set istio.gateway=istio-system/seldon-gateway \
	--set certManager.enabled=false \
	--set executor.enabled="true" \
	--wait --install
Release "seldon" does not exist. Installing it now.
NAME: seldon
LAST DEPLOYED: Fri Sep 11 13:50:45 2020
NAMESPACE: seldon-system
STATUS: deployed
REVISION: 1
TEST SUITE: None
kubectl config set-context $(kubectl config current-context) --namespace=seldon
Context "kind-kind" modified.
kubectl apply -f metrics.yaml
clusterrole.rbac.authorization.k8s.io/system:aggregated-metrics-reader created
clusterrolebinding.rbac.authorization.k8s.io/metrics-server:system:auth-delegator created
rolebinding.rbac.authorization.k8s.io/metrics-server-auth-reader created
apiservice.apiregistration.k8s.io/v1beta1.metrics.k8s.io created
serviceaccount/metrics-server created
deployment.apps/metrics-server created
service/metrics-server created
clusterrole.rbac.authorization.k8s.io/system:metrics-server created
clusterrolebinding.rbac.authorization.k8s.io/system:metrics-server created
make: Entering directory '/workspace/source/python'
pip install -e . -r requirements-dev.txt
Obtaining file:///workspace/source/python
Collecting black==19.10b0
  Downloading black-19.10b0-py36-none-any.whl (97 kB)
Collecting flake8==3.8.1
  Downloading flake8-3.8.1-py2.py3-none-any.whl (72 kB)
Collecting mypy<0.783
  Downloading mypy-0.782-cp36-cp36m-manylinux1_x86_64.whl (20.8 MB)
Requirement already satisfied: Pillow==7.2.0 in /usr/local/lib/python3.6/site-packages (from -r requirements-dev.txt (line 5)) (7.2.0)
Collecting pytest==5.4.2
  Downloading pytest-5.4.2-py3-none-any.whl (247 kB)
Collecting pytest-cov==2.10.1
  Downloading pytest_cov-2.10.1-py2.py3-none-any.whl (19 kB)
Collecting tox<4.0.0
  Downloading tox-3.20.0-py2.py3-none-any.whl (83 kB)
Requirement already satisfied: grpcio-tools==1.31.0 in /usr/local/lib/python3.6/site-packages (from -r requirements-dev.txt (line 9)) (1.31.0)
Collecting mypy-protobuf==1.22
  Downloading mypy_protobuf-1.22-py3-none-any.whl (7.5 kB)
Collecting tenacity==6.2.0
  Downloading tenacity-6.2.0-py2.py3-none-any.whl (24 kB)
Collecting coverage==5.2
  Downloading coverage-5.2-cp36-cp36m-manylinux1_x86_64.whl (229 kB)
Collecting pandas==1.1.0
  Downloading pandas-1.1.0-cp36-cp36m-manylinux1_x86_64.whl (10.5 MB)
Collecting pip-licenses==2.3.0
  Downloading pip_licenses-2.3.0-py3-none-any.whl (14 kB)
Collecting Flask<2.0.0
  Downloading Flask-1.1.2-py2.py3-none-any.whl (94 kB)
Requirement already satisfied: jsonschema<4.0.0 in /usr/local/lib/python3.6/site-packages (from seldon-core==1.2.3.dev0) (3.2.0)
Collecting Flask-cors<4.0.0
  Downloading Flask_Cors-3.0.9-py2.py3-none-any.whl (14 kB)
Collecting redis<4.0.0
  Downloading redis-3.5.3-py2.py3-none-any.whl (72 kB)
Requirement already satisfied: requests<3.0.0 in /usr/local/lib/python3.6/site-packages (from seldon-core==1.2.3.dev0) (2.24.0)
Requirement already satisfied: numpy<2.0.0 in /usr/local/lib/python3.6/site-packages (from seldon-core==1.2.3.dev0) (1.19.1)
Collecting flatbuffers<2.0.0
  Downloading flatbuffers-1.12-py2.py3-none-any.whl (15 kB)
Requirement already satisfied: protobuf<4.0.0 in /usr/local/lib/python3.6/site-packages (from seldon-core==1.2.3.dev0) (3.13.0)
Requirement already satisfied: grpcio<2.0.0 in /usr/local/lib/python3.6/site-packages (from seldon-core==1.2.3.dev0) (1.31.0)
Collecting Flask-OpenTracing<1.2.0,>=1.1.0
  Downloading Flask-OpenTracing-1.1.0.tar.gz (8.2 kB)
Collecting opentracing<2.4.0,>=2.2.0
  Downloading opentracing-2.3.0.tar.gz (48 kB)
Collecting jaeger-client<4.4.0,>=4.1.0
  Downloading jaeger-client-4.3.0.tar.gz (81 kB)
Collecting grpcio-opentracing<1.2.0,>=1.1.4
  Downloading grpcio_opentracing-1.1.4-py3-none-any.whl (14 kB)
Requirement already satisfied: PyYAML<5.4 in /usr/local/lib/python3.6/site-packages (from seldon-core==1.2.3.dev0) (5.3.1)
Collecting gunicorn<20.1.0,>=19.9.0
  Downloading gunicorn-20.0.4-py2.py3-none-any.whl (77 kB)
Requirement already satisfied: setuptools>=41.0.0 in /usr/local/lib/python3.6/site-packages (from seldon-core==1.2.3.dev0) (50.3.0)
Requirement already satisfied: prometheus_client<0.9.0,>=0.7.1 in /usr/local/lib/python3.6/site-packages (from seldon-core==1.2.3.dev0) (0.8.0)
Collecting pathspec<1,>=0.6
  Downloading pathspec-0.8.0-py2.py3-none-any.whl (28 kB)
Collecting click>=6.5
  Downloading click-7.1.2-py2.py3-none-any.whl (82 kB)
Collecting toml>=0.9.4
  Downloading toml-0.10.1-py2.py3-none-any.whl (19 kB)
Collecting typed-ast>=1.4.0
  Downloading typed_ast-1.4.1-cp36-cp36m-manylinux1_x86_64.whl (737 kB)
Requirement already satisfied: attrs>=18.1.0 in /usr/local/lib/python3.6/site-packages (from black==19.10b0->-r requirements-dev.txt (line 2)) (20.2.0)
Collecting appdirs
  Downloading appdirs-1.4.4-py2.py3-none-any.whl (9.6 kB)
Collecting regex
  Downloading regex-2020.7.14-cp36-cp36m-manylinux2010_x86_64.whl (660 kB)
Collecting pycodestyle<2.7.0,>=2.6.0a1
  Downloading pycodestyle-2.6.0-py2.py3-none-any.whl (41 kB)
Requirement already satisfied: importlib-metadata; python_version < "3.8" in /usr/local/lib/python3.6/site-packages (from flake8==3.8.1->-r requirements-dev.txt (line 3)) (1.7.0)
Collecting pyflakes<2.3.0,>=2.2.0
  Downloading pyflakes-2.2.0-py2.py3-none-any.whl (66 kB)
Collecting mccabe<0.7.0,>=0.6.0
  Downloading mccabe-0.6.1-py2.py3-none-any.whl (8.6 kB)
Collecting mypy-extensions<0.5.0,>=0.4.3
  Downloading mypy_extensions-0.4.3-py2.py3-none-any.whl (4.5 kB)
Requirement already satisfied: typing-extensions>=3.7.4 in /usr/local/lib/python3.6/site-packages (from mypy<0.783->-r requirements-dev.txt (line 4)) (3.7.4.3)
Requirement already satisfied: packaging in /usr/local/lib/python3.6/site-packages (from pytest==5.4.2->-r requirements-dev.txt (line 6)) (20.4)
Requirement already satisfied: more-itertools>=4.0.0 in /usr/local/lib/python3.6/site-packages (from pytest==5.4.2->-r requirements-dev.txt (line 6)) (8.5.0)
Requirement already satisfied: pluggy<1.0,>=0.12 in /usr/local/lib/python3.6/site-packages (from pytest==5.4.2->-r requirements-dev.txt (line 6)) (0.13.1)
Requirement already satisfied: py>=1.5.0 in /usr/local/lib/python3.6/site-packages (from pytest==5.4.2->-r requirements-dev.txt (line 6)) (1.9.0)
Requirement already satisfied: wcwidth in /usr/local/lib/python3.6/site-packages (from pytest==5.4.2->-r requirements-dev.txt (line 6)) (0.2.5)
Requirement already satisfied: six>=1.14.0 in /usr/local/lib/python3.6/site-packages (from tox<4.0.0->-r requirements-dev.txt (line 8)) (1.15.0)
Collecting virtualenv!=20.0.0,!=20.0.1,!=20.0.2,!=20.0.3,!=20.0.4,!=20.0.5,!=20.0.6,!=20.0.7,>=16.0.0
  Downloading virtualenv-20.0.31-py2.py3-none-any.whl (4.9 MB)
Collecting filelock>=3.0.0
  Downloading filelock-3.0.12-py3-none-any.whl (7.6 kB)
Requirement already satisfied: pytz>=2017.2 in /usr/local/lib/python3.6/site-packages (from pandas==1.1.0->-r requirements-dev.txt (line 19)) (2020.1)
Requirement already satisfied: python-dateutil>=2.7.3 in /usr/local/lib/python3.6/site-packages (from pandas==1.1.0->-r requirements-dev.txt (line 19)) (2.8.1)
Collecting PTable
  Downloading PTable-0.9.2.tar.gz (31 kB)
Requirement already satisfied: Jinja2>=2.10.1 in /usr/local/lib/python3.6/site-packages (from Flask<2.0.0->seldon-core==1.2.3.dev0) (2.11.2)
Requirement already satisfied: Werkzeug>=0.15 in /usr/local/lib/python3.6/site-packages (from Flask<2.0.0->seldon-core==1.2.3.dev0) (1.0.1)
Collecting itsdangerous>=0.24
  Downloading itsdangerous-1.1.0-py2.py3-none-any.whl (16 kB)
Requirement already satisfied: pyrsistent>=0.14.0 in /usr/local/lib/python3.6/site-packages (from jsonschema<4.0.0->seldon-core==1.2.3.dev0) (0.16.0)
Requirement already satisfied: idna<3,>=2.5 in /usr/local/lib/python3.6/site-packages (from requests<3.0.0->seldon-core==1.2.3.dev0) (2.10)
Requirement already satisfied: certifi>=2017.4.17 in /usr/local/lib/python3.6/site-packages (from requests<3.0.0->seldon-core==1.2.3.dev0) (2020.6.20)
Requirement already satisfied: urllib3!=1.25.0,!=1.25.1,<1.26,>=1.21.1 in /usr/local/lib/python3.6/site-packages (from requests<3.0.0->seldon-core==1.2.3.dev0) (1.25.10)
Requirement already satisfied: chardet<4,>=3.0.2 in /usr/local/lib/python3.6/site-packages (from requests<3.0.0->seldon-core==1.2.3.dev0) (3.0.4)
Collecting threadloop<2,>=1
  Downloading threadloop-1.0.2.tar.gz (4.9 kB)
Collecting thrift
  Downloading thrift-0.13.0.tar.gz (59 kB)
Requirement already satisfied: tornado>=4.3 in /usr/local/lib/python3.6/site-packages (from jaeger-client<4.4.0,>=4.1.0->seldon-core==1.2.3.dev0) (6.0.4)
Requirement already satisfied: zipp>=0.5 in /usr/local/lib/python3.6/site-packages (from importlib-metadata; python_version < "3.8"->flake8==3.8.1->-r requirements-dev.txt (line 3)) (3.1.0)
Requirement already satisfied: pyparsing>=2.0.2 in /usr/local/lib/python3.6/site-packages (from packaging->pytest==5.4.2->-r requirements-dev.txt (line 6)) (2.4.7)
Collecting importlib-resources>=1.0; python_version < "3.7"
  Downloading importlib_resources-3.0.0-py2.py3-none-any.whl (23 kB)
Collecting distlib<1,>=0.3.1
  Downloading distlib-0.3.1-py2.py3-none-any.whl (335 kB)
Requirement already satisfied: MarkupSafe>=0.23 in /usr/local/lib/python3.6/site-packages (from Jinja2>=2.10.1->Flask<2.0.0->seldon-core==1.2.3.dev0) (1.1.1)
Building wheels for collected packages: Flask-OpenTracing, opentracing, jaeger-client, PTable, threadloop, thrift
  Building wheel for Flask-OpenTracing (setup.py): started
  Building wheel for Flask-OpenTracing (setup.py): finished with status 'done'
  Created wheel for Flask-OpenTracing: filename=Flask_OpenTracing-1.1.0-py3-none-any.whl size=9071 sha256=e8f987274f8206244027274281ccad0caf9c4b9070c321b381e5bf19ab999b53
  Stored in directory: /builder/home/.cache/pip/wheels/ad/4b/2d/24ff0da0a0b53c7c77ce59b843bcceaf644c88703241e59615
  Building wheel for opentracing (setup.py): started
  Building wheel for opentracing (setup.py): finished with status 'done'
  Created wheel for opentracing: filename=opentracing-2.3.0-py3-none-any.whl size=51346 sha256=8d120b4a283a43f8e72e93e7b900883578d3d361e75c3e92d74b25fa9125e994
  Stored in directory: /builder/home/.cache/pip/wheels/d4/53/31/bfca74f038fa9f83eb7de2131555b75ffa9bcbca18d23e5edf
  Building wheel for jaeger-client (setup.py): started
  Building wheel for jaeger-client (setup.py): finished with status 'done'
  Created wheel for jaeger-client: filename=jaeger_client-4.3.0-py3-none-any.whl size=64290 sha256=5f025b9df29e892aa76c934c0aa1ba47b1d05035d16c8071592780ad79f43ac0
  Stored in directory: /builder/home/.cache/pip/wheels/a8/37/30/d86c970966efbf6da89e8085db50f2be4cf36ca68513eff785
  Building wheel for PTable (setup.py): started
  Building wheel for PTable (setup.py): finished with status 'done'
  Created wheel for PTable: filename=PTable-0.9.2-py3-none-any.whl size=22907 sha256=b968f8f17ef3e3c1e4a2dc703df4209f36e9a0ad1d477e0ce7a760ba61e8b190
  Stored in directory: /builder/home/.cache/pip/wheels/f3/65/67/71f473ec87ea4554d1bdfb1b5128cfe1414c2b113b72a1ee8e
  Building wheel for threadloop (setup.py): started
  Building wheel for threadloop (setup.py): finished with status 'done'
  Created wheel for threadloop: filename=threadloop-1.0.2-py3-none-any.whl size=3425 sha256=e0dfa99a115f8f2cd693cb2726318fd3b83d9557bb45bf679e263368aeaf14e2
  Stored in directory: /builder/home/.cache/pip/wheels/02/54/65/9f87de48fe8fcaaee30f279973d946ad55f9df56b93b3e78da
  Building wheel for thrift (setup.py): started
  Building wheel for thrift (setup.py): finished with status 'done'
  Created wheel for thrift: filename=thrift-0.13.0-cp36-cp36m-linux_x86_64.whl size=483906 sha256=b6a25a291cda2451a7157c5283049fb2f690ba38b83d09a158c132dc1ce18258
  Stored in directory: /builder/home/.cache/pip/wheels/e0/38/fc/472fe18756b177b42096961f8bd3ff2dc5c5620ac399fce52d
Successfully built Flask-OpenTracing opentracing jaeger-client PTable threadloop thrift
Installing collected packages: pathspec, click, toml, typed-ast, appdirs, regex, black, pycodestyle, pyflakes, mccabe, flake8, mypy-extensions, mypy, pytest, coverage, pytest-cov, filelock, importlib-resources, distlib, virtualenv, tox, mypy-protobuf, tenacity, pandas, PTable, pip-licenses, itsdangerous, Flask, Flask-cors, redis, flatbuffers, opentracing, Flask-OpenTracing, threadloop, thrift, jaeger-client, grpcio-opentracing, gunicorn, seldon-core
  Attempting uninstall: pytest
    Found existing installation: pytest 5.3.1
    Uninstalling pytest-5.3.1:
      Successfully uninstalled pytest-5.3.1
  Attempting uninstall: coverage
    Found existing installation: coverage 4.5.4
    Uninstalling coverage-4.5.4:
      Successfully uninstalled coverage-4.5.4
  Attempting uninstall: pytest-cov
    Found existing installation: pytest-cov 2.8.1
    Uninstalling pytest-cov-2.8.1:
      Successfully uninstalled pytest-cov-2.8.1
  Attempting uninstall: tenacity
    Found existing installation: tenacity 6.0.0
    Uninstalling tenacity-6.0.0:
      Successfully uninstalled tenacity-6.0.0
  Attempting uninstall: pandas
    Found existing installation: pandas 1.1.1
    Uninstalling pandas-1.1.1:
      Successfully uninstalled pandas-1.1.1
  Running setup.py develop for seldon-core
ERROR: After October 2020 you may experience errors when installing or updating packages. This is because pip will change the way that it resolves dependency conflicts.

We recommend you use --use-feature=2020-resolver to test your packages with the new resolver before it becomes the default.

alibi 0.5.2 requires tensorflow>=2.0, but you'll have tensorflow 1.15.2 which is incompatible.
Successfully installed Flask-1.1.2 Flask-OpenTracing-1.1.0 Flask-cors-3.0.9 PTable-0.9.2 appdirs-1.4.4 black-19.10b0 click-7.1.2 coverage-5.2 distlib-0.3.1 filelock-3.0.12 flake8-3.8.1 flatbuffers-1.12 grpcio-opentracing-1.1.4 gunicorn-20.0.4 importlib-resources-3.0.0 itsdangerous-1.1.0 jaeger-client-4.3.0 mccabe-0.6.1 mypy-0.782 mypy-extensions-0.4.3 mypy-protobuf-1.22 opentracing-2.3.0 pandas-1.1.0 pathspec-0.8.0 pip-licenses-2.3.0 pycodestyle-2.6.0 pyflakes-2.2.0 pytest-5.4.2 pytest-cov-2.10.1 redis-3.5.3 regex-2020.7.14 seldon-core tenacity-6.2.0 threadloop-1.0.2 thrift-0.13.0 toml-0.10.1 tox-3.20.0 typed-ast-1.4.1 virtualenv-20.0.31
WARNING: You are using pip version 20.2.2; however, version 20.2.3 is available.
You should consider upgrading via the '/usr/local/bin/python -m pip install --upgrade pip' command.
make: Leaving directory '/workspace/source/python'
cp ../../proto/prediction.proto ./proto
cd ../../proto/tensorflow && make create_protos
make[1]: Entering directory '/workspace/source/proto/tensorflow'
./create-protos.sh
Downloading proto files for master
make[1]: Leaving directory '/workspace/source/proto/tensorflow'
cp -vr ../../proto/tensorflow/tensorflow .
'../../proto/tensorflow/tensorflow' -> './tensorflow'
'../../proto/tensorflow/tensorflow/core' -> './tensorflow/core'
'../../proto/tensorflow/tensorflow/core/framework' -> './tensorflow/core/framework'
'../../proto/tensorflow/tensorflow/core/framework/types.proto' -> './tensorflow/core/framework/types.proto'
'../../proto/tensorflow/tensorflow/core/framework/resource_handle.proto' -> './tensorflow/core/framework/resource_handle.proto'
'../../proto/tensorflow/tensorflow/core/framework/tensor_shape.proto' -> './tensorflow/core/framework/tensor_shape.proto'
'../../proto/tensorflow/tensorflow/core/framework/tensor.proto' -> './tensorflow/core/framework/tensor.proto'
python -m grpc.tools.protoc -I. --python_out=. --grpc_python_out=. ./proto/prediction.proto
cd ../../notebooks && make build_protos
make[1]: Entering directory '/workspace/source/notebooks'
cd ../proto/tensorflow && make create_protos
make[2]: Entering directory '/workspace/source/proto/tensorflow'
make[2]: Nothing to be done for 'create_protos'.
make[2]: Leaving directory '/workspace/source/proto/tensorflow'
cp -vr ../proto/tensorflow/tensorflow .
'../proto/tensorflow/tensorflow' -> './tensorflow'
'../proto/tensorflow/tensorflow/core' -> './tensorflow/core'
'../proto/tensorflow/tensorflow/core/framework' -> './tensorflow/core/framework'
'../proto/tensorflow/tensorflow/core/framework/types.proto' -> './tensorflow/core/framework/types.proto'
'../proto/tensorflow/tensorflow/core/framework/resource_handle.proto' -> './tensorflow/core/framework/resource_handle.proto'
'../proto/tensorflow/tensorflow/core/framework/tensor_shape.proto' -> './tensorflow/core/framework/tensor_shape.proto'
'../proto/tensorflow/tensorflow/core/framework/tensor.proto' -> './tensorflow/core/framework/tensor.proto'
cp ../proto/prediction.proto ./proto
python -m grpc.tools.protoc -I. --python_out=. --grpc_python_out=. ./proto/prediction.proto
make[1]: Leaving directory '/workspace/source/notebooks'
cd ../../proto/k8s && make create_protos
make[1]: Entering directory '/workspace/source/proto/k8s'
./create-k8s-protos.sh
Downloading proto files for master
Munging proto file packages
sed -i.bak 's|import "k8s.io/apiextensions-apiserver/|//import "k8s.io/apiextensions-apiserver/|' k8s.io/api/core/v1/generated.proto
rm k8s.io/api/core/v1/generated.proto.bak
make[1]: Leaving directory '/workspace/source/proto/k8s'
pip install -r dev_requirements.txt
Collecting pytest==5.3.1
  Downloading pytest-5.3.1-py3-none-any.whl (233 kB)
Requirement already satisfied: pytest-xdist==1.30.0 in /usr/local/lib/python3.6/site-packages (from -r dev_requirements.txt (line 2)) (1.30.0)
Collecting pytest-cov==2.8.1
  Downloading pytest_cov-2.8.1-py2.py3-none-any.whl (18 kB)
Requirement already satisfied: flaky==3.6.1 in /usr/local/lib/python3.6/site-packages (from -r dev_requirements.txt (line 4)) (3.6.1)
Collecting tenacity==6.0.0
  Downloading tenacity-6.0.0-py2.py3-none-any.whl (24 kB)
Requirement already satisfied: sh==1.13.1 in /usr/local/lib/python3.6/site-packages (from -r dev_requirements.txt (line 6)) (1.13.1)
Requirement already satisfied: ipython==7.13.0 in /usr/local/lib/python3.6/site-packages (from -r dev_requirements.txt (line 9)) (7.13.0)
Requirement already satisfied: nbconvert==5.6.1 in /usr/local/lib/python3.6/site-packages (from -r dev_requirements.txt (line 10)) (5.6.1)
Requirement already satisfied: alibi==0.5.2 in /usr/local/lib/python3.6/site-packages (from -r dev_requirements.txt (line 11)) (0.5.2)
Requirement already satisfied: matplotlib==3.1.3 in /usr/local/lib/python3.6/site-packages (from -r dev_requirements.txt (line 12)) (3.1.3)
Requirement already satisfied: tensorflow==1.15.2 in /usr/local/lib/python3.6/site-packages (from -r dev_requirements.txt (line 13)) (1.15.2)
Collecting coverage==4.5.4
  Downloading coverage-4.5.4-cp36-cp36m-manylinux1_x86_64.whl (205 kB)
Requirement already satisfied: pluggy<1.0,>=0.12 in /usr/local/lib/python3.6/site-packages (from pytest==5.3.1->-r dev_requirements.txt (line 1)) (0.13.1)
Requirement already satisfied: wcwidth in /usr/local/lib/python3.6/site-packages (from pytest==5.3.1->-r dev_requirements.txt (line 1)) (0.2.5)
Requirement already satisfied: importlib-metadata>=0.12; python_version < "3.8" in /usr/local/lib/python3.6/site-packages (from pytest==5.3.1->-r dev_requirements.txt (line 1)) (1.7.0)
Requirement already satisfied: attrs>=17.4.0 in /usr/local/lib/python3.6/site-packages (from pytest==5.3.1->-r dev_requirements.txt (line 1)) (20.2.0)
Requirement already satisfied: packaging in /usr/local/lib/python3.6/site-packages (from pytest==5.3.1->-r dev_requirements.txt (line 1)) (20.4)
Requirement already satisfied: more-itertools>=4.0.0 in /usr/local/lib/python3.6/site-packages (from pytest==5.3.1->-r dev_requirements.txt (line 1)) (8.5.0)
Requirement already satisfied: py>=1.5.0 in /usr/local/lib/python3.6/site-packages (from pytest==5.3.1->-r dev_requirements.txt (line 1)) (1.9.0)
Requirement already satisfied: pytest-forked in /usr/local/lib/python3.6/site-packages (from pytest-xdist==1.30.0->-r dev_requirements.txt (line 2)) (1.3.0)
Requirement already satisfied: six in /usr/local/lib/python3.6/site-packages (from pytest-xdist==1.30.0->-r dev_requirements.txt (line 2)) (1.15.0)
Requirement already satisfied: execnet>=1.1 in /usr/local/lib/python3.6/site-packages (from pytest-xdist==1.30.0->-r dev_requirements.txt (line 2)) (1.7.1)
Requirement already satisfied: setuptools>=18.5 in /usr/local/lib/python3.6/site-packages (from ipython==7.13.0->-r dev_requirements.txt (line 9)) (50.3.0)
Requirement already satisfied: decorator in /usr/local/lib/python3.6/site-packages (from ipython==7.13.0->-r dev_requirements.txt (line 9)) (4.4.2)
Requirement already satisfied: traitlets>=4.2 in /usr/local/lib/python3.6/site-packages (from ipython==7.13.0->-r dev_requirements.txt (line 9)) (4.3.3)
Requirement already satisfied: prompt-toolkit!=3.0.0,!=3.0.1,<3.1.0,>=2.0.0 in /usr/local/lib/python3.6/site-packages (from ipython==7.13.0->-r dev_requirements.txt (line 9)) (3.0.7)
Requirement already satisfied: backcall in /usr/local/lib/python3.6/site-packages (from ipython==7.13.0->-r dev_requirements.txt (line 9)) (0.2.0)
Requirement already satisfied: pickleshare in /usr/local/lib/python3.6/site-packages (from ipython==7.13.0->-r dev_requirements.txt (line 9)) (0.7.5)
Requirement already satisfied: jedi>=0.10 in /usr/local/lib/python3.6/site-packages (from ipython==7.13.0->-r dev_requirements.txt (line 9)) (0.17.2)
Requirement already satisfied: pygments in /usr/local/lib/python3.6/site-packages (from ipython==7.13.0->-r dev_requirements.txt (line 9)) (2.6.1)
Requirement already satisfied: pexpect; sys_platform != "win32" in /usr/local/lib/python3.6/site-packages (from ipython==7.13.0->-r dev_requirements.txt (line 9)) (4.8.0)
Requirement already satisfied: entrypoints>=0.2.2 in /usr/local/lib/python3.6/site-packages (from nbconvert==5.6.1->-r dev_requirements.txt (line 10)) (0.3)
Requirement already satisfied: jinja2>=2.4 in /usr/local/lib/python3.6/site-packages (from nbconvert==5.6.1->-r dev_requirements.txt (line 10)) (2.11.2)
Requirement already satisfied: nbformat>=4.4 in /usr/local/lib/python3.6/site-packages (from nbconvert==5.6.1->-r dev_requirements.txt (line 10)) (5.0.7)
Requirement already satisfied: mistune<2,>=0.8.1 in /usr/local/lib/python3.6/site-packages (from nbconvert==5.6.1->-r dev_requirements.txt (line 10)) (0.8.4)
Requirement already satisfied: bleach in /usr/local/lib/python3.6/site-packages (from nbconvert==5.6.1->-r dev_requirements.txt (line 10)) (3.1.5)
Requirement already satisfied: jupyter-core in /usr/local/lib/python3.6/site-packages (from nbconvert==5.6.1->-r dev_requirements.txt (line 10)) (4.6.3)
Requirement already satisfied: testpath in /usr/local/lib/python3.6/site-packages (from nbconvert==5.6.1->-r dev_requirements.txt (line 10)) (0.4.4)
Requirement already satisfied: pandocfilters>=1.4.1 in /usr/local/lib/python3.6/site-packages (from nbconvert==5.6.1->-r dev_requirements.txt (line 10)) (1.4.2)
Requirement already satisfied: defusedxml in /usr/local/lib/python3.6/site-packages (from nbconvert==5.6.1->-r dev_requirements.txt (line 10)) (0.6.0)
Requirement already satisfied: Pillow in /usr/local/lib/python3.6/site-packages (from alibi==0.5.2->-r dev_requirements.txt (line 11)) (7.2.0)
Requirement already satisfied: typing-extensions>=3.7.2 in /usr/local/lib/python3.6/site-packages (from alibi==0.5.2->-r dev_requirements.txt (line 11)) (3.7.4.3)
Requirement already satisfied: scipy in /usr/local/lib/python3.6/site-packages (from alibi==0.5.2->-r dev_requirements.txt (line 11)) (1.5.2)
Requirement already satisfied: requests in /usr/local/lib/python3.6/site-packages (from alibi==0.5.2->-r dev_requirements.txt (line 11)) (2.24.0)
Requirement already satisfied: scikit-image!=0.17.1 in /usr/local/lib/python3.6/site-packages (from alibi==0.5.2->-r dev_requirements.txt (line 11)) (0.17.2)
Requirement already satisfied: beautifulsoup4 in /usr/local/lib/python3.6/site-packages (from alibi==0.5.2->-r dev_requirements.txt (line 11)) (4.9.1)
Requirement already satisfied: shap in /usr/local/lib/python3.6/site-packages (from alibi==0.5.2->-r dev_requirements.txt (line 11)) (0.36.0)
Requirement already satisfied: prettyprinter in /usr/local/lib/python3.6/site-packages (from alibi==0.5.2->-r dev_requirements.txt (line 11)) (0.18.0)
Requirement already satisfied: pandas in /usr/local/lib/python3.6/site-packages (from alibi==0.5.2->-r dev_requirements.txt (line 11)) (1.1.0)
Requirement already satisfied: numpy in /usr/local/lib/python3.6/site-packages (from alibi==0.5.2->-r dev_requirements.txt (line 11)) (1.19.1)
Requirement already satisfied: spacy[lookups] in /usr/local/lib/python3.6/site-packages (from alibi==0.5.2->-r dev_requirements.txt (line 11)) (2.3.2)
Requirement already satisfied: scikit-learn in /usr/local/lib/python3.6/site-packages (from alibi==0.5.2->-r dev_requirements.txt (line 11)) (0.23.2)
Requirement already satisfied: cycler>=0.10 in /usr/local/lib/python3.6/site-packages (from matplotlib==3.1.3->-r dev_requirements.txt (line 12)) (0.10.0)
Requirement already satisfied: python-dateutil>=2.1 in /usr/local/lib/python3.6/site-packages (from matplotlib==3.1.3->-r dev_requirements.txt (line 12)) (2.8.1)
Requirement already satisfied: kiwisolver>=1.0.1 in /usr/local/lib/python3.6/site-packages (from matplotlib==3.1.3->-r dev_requirements.txt (line 12)) (1.2.0)
Requirement already satisfied: pyparsing!=2.0.4,!=2.1.2,!=2.1.6,>=2.0.1 in /usr/local/lib/python3.6/site-packages (from matplotlib==3.1.3->-r dev_requirements.txt (line 12)) (2.4.7)
Requirement already satisfied: wheel>=0.26; python_version >= "3" in /usr/local/lib/python3.6/site-packages (from tensorflow==1.15.2->-r dev_requirements.txt (line 13)) (0.35.1)
Requirement already satisfied: absl-py>=0.7.0 in /usr/local/lib/python3.6/site-packages (from tensorflow==1.15.2->-r dev_requirements.txt (line 13)) (0.10.0)
Requirement already satisfied: gast==0.2.2 in /usr/local/lib/python3.6/site-packages (from tensorflow==1.15.2->-r dev_requirements.txt (line 13)) (0.2.2)
Requirement already satisfied: wrapt>=1.11.1 in /usr/local/lib/python3.6/site-packages (from tensorflow==1.15.2->-r dev_requirements.txt (line 13)) (1.12.1)
Requirement already satisfied: google-pasta>=0.1.6 in /usr/local/lib/python3.6/site-packages (from tensorflow==1.15.2->-r dev_requirements.txt (line 13)) (0.2.0)
Requirement already satisfied: termcolor>=1.1.0 in /usr/local/lib/python3.6/site-packages (from tensorflow==1.15.2->-r dev_requirements.txt (line 13)) (1.1.0)
Requirement already satisfied: opt-einsum>=2.3.2 in /usr/local/lib/python3.6/site-packages (from tensorflow==1.15.2->-r dev_requirements.txt (line 13)) (3.3.0)
Requirement already satisfied: protobuf>=3.6.1 in /usr/local/lib/python3.6/site-packages (from tensorflow==1.15.2->-r dev_requirements.txt (line 13)) (3.13.0)
Requirement already satisfied: tensorboard<1.16.0,>=1.15.0 in /usr/local/lib/python3.6/site-packages (from tensorflow==1.15.2->-r dev_requirements.txt (line 13)) (1.15.0)
Requirement already satisfied: keras-preprocessing>=1.0.5 in /usr/local/lib/python3.6/site-packages (from tensorflow==1.15.2->-r dev_requirements.txt (line 13)) (1.1.2)
Requirement already satisfied: grpcio>=1.8.6 in /usr/local/lib/python3.6/site-packages (from tensorflow==1.15.2->-r dev_requirements.txt (line 13)) (1.31.0)
Requirement already satisfied: tensorflow-estimator==1.15.1 in /usr/local/lib/python3.6/site-packages (from tensorflow==1.15.2->-r dev_requirements.txt (line 13)) (1.15.1)
Requirement already satisfied: astor>=0.6.0 in /usr/local/lib/python3.6/site-packages (from tensorflow==1.15.2->-r dev_requirements.txt (line 13)) (0.8.1)
Requirement already satisfied: keras-applications>=1.0.8 in /usr/local/lib/python3.6/site-packages (from tensorflow==1.15.2->-r dev_requirements.txt (line 13)) (1.0.8)
Requirement already satisfied: zipp>=0.5 in /usr/local/lib/python3.6/site-packages (from importlib-metadata>=0.12; python_version < "3.8"->pytest==5.3.1->-r dev_requirements.txt (line 1)) (3.1.0)
Requirement already satisfied: apipkg>=1.4 in /usr/local/lib/python3.6/site-packages (from execnet>=1.1->pytest-xdist==1.30.0->-r dev_requirements.txt (line 2)) (1.5)
Requirement already satisfied: ipython-genutils in /usr/local/lib/python3.6/site-packages (from traitlets>=4.2->ipython==7.13.0->-r dev_requirements.txt (line 9)) (0.2.0)
Requirement already satisfied: parso<0.8.0,>=0.7.0 in /usr/local/lib/python3.6/site-packages (from jedi>=0.10->ipython==7.13.0->-r dev_requirements.txt (line 9)) (0.7.1)
Requirement already satisfied: ptyprocess>=0.5 in /usr/local/lib/python3.6/site-packages (from pexpect; sys_platform != "win32"->ipython==7.13.0->-r dev_requirements.txt (line 9)) (0.6.0)
Requirement already satisfied: MarkupSafe>=0.23 in /usr/local/lib/python3.6/site-packages (from jinja2>=2.4->nbconvert==5.6.1->-r dev_requirements.txt (line 10)) (1.1.1)
Requirement already satisfied: jsonschema!=2.5.0,>=2.4 in /usr/local/lib/python3.6/site-packages (from nbformat>=4.4->nbconvert==5.6.1->-r dev_requirements.txt (line 10)) (3.2.0)
Requirement already satisfied: webencodings in /usr/local/lib/python3.6/site-packages (from bleach->nbconvert==5.6.1->-r dev_requirements.txt (line 10)) (0.5.1)
Requirement already satisfied: chardet<4,>=3.0.2 in /usr/local/lib/python3.6/site-packages (from requests->alibi==0.5.2->-r dev_requirements.txt (line 11)) (3.0.4)
Requirement already satisfied: certifi>=2017.4.17 in /usr/local/lib/python3.6/site-packages (from requests->alibi==0.5.2->-r dev_requirements.txt (line 11)) (2020.6.20)
Requirement already satisfied: idna<3,>=2.5 in /usr/local/lib/python3.6/site-packages (from requests->alibi==0.5.2->-r dev_requirements.txt (line 11)) (2.10)
Requirement already satisfied: urllib3!=1.25.0,!=1.25.1,<1.26,>=1.21.1 in /usr/local/lib/python3.6/site-packages (from requests->alibi==0.5.2->-r dev_requirements.txt (line 11)) (1.25.10)
Requirement already satisfied: imageio>=2.3.0 in /usr/local/lib/python3.6/site-packages (from scikit-image!=0.17.1->alibi==0.5.2->-r dev_requirements.txt (line 11)) (2.9.0)
Requirement already satisfied: tifffile>=2019.7.26 in /usr/local/lib/python3.6/site-packages (from scikit-image!=0.17.1->alibi==0.5.2->-r dev_requirements.txt (line 11)) (2020.9.3)
Requirement already satisfied: PyWavelets>=1.1.1 in /usr/local/lib/python3.6/site-packages (from scikit-image!=0.17.1->alibi==0.5.2->-r dev_requirements.txt (line 11)) (1.1.1)
Requirement already satisfied: networkx>=2.0 in /usr/local/lib/python3.6/site-packages (from scikit-image!=0.17.1->alibi==0.5.2->-r dev_requirements.txt (line 11)) (2.5)
Requirement already satisfied: soupsieve>1.2 in /usr/local/lib/python3.6/site-packages (from beautifulsoup4->alibi==0.5.2->-r dev_requirements.txt (line 11)) (2.0.1)
Requirement already satisfied: tqdm>4.25.0 in /usr/local/lib/python3.6/site-packages (from shap->alibi==0.5.2->-r dev_requirements.txt (line 11)) (4.48.2)
Requirement already satisfied: numba in /usr/local/lib/python3.6/site-packages (from shap->alibi==0.5.2->-r dev_requirements.txt (line 11)) (0.51.2)
Requirement already satisfied: slicer in /usr/local/lib/python3.6/site-packages (from shap->alibi==0.5.2->-r dev_requirements.txt (line 11)) (0.0.3)
Requirement already satisfied: colorful>=0.4.0 in /usr/local/lib/python3.6/site-packages (from prettyprinter->alibi==0.5.2->-r dev_requirements.txt (line 11)) (0.5.4)
Requirement already satisfied: pytz>=2017.2 in /usr/local/lib/python3.6/site-packages (from pandas->alibi==0.5.2->-r dev_requirements.txt (line 11)) (2020.1)
Requirement already satisfied: srsly<1.1.0,>=1.0.2 in /usr/local/lib/python3.6/site-packages (from spacy[lookups]->alibi==0.5.2->-r dev_requirements.txt (line 11)) (1.0.2)
Requirement already satisfied: wasabi<1.1.0,>=0.4.0 in /usr/local/lib/python3.6/site-packages (from spacy[lookups]->alibi==0.5.2->-r dev_requirements.txt (line 11)) (0.8.0)
Requirement already satisfied: plac<1.2.0,>=0.9.6 in /usr/local/lib/python3.6/site-packages (from spacy[lookups]->alibi==0.5.2->-r dev_requirements.txt (line 11)) (1.1.3)
Requirement already satisfied: thinc==7.4.1 in /usr/local/lib/python3.6/site-packages (from spacy[lookups]->alibi==0.5.2->-r dev_requirements.txt (line 11)) (7.4.1)
Requirement already satisfied: blis<0.5.0,>=0.4.0 in /usr/local/lib/python3.6/site-packages (from spacy[lookups]->alibi==0.5.2->-r dev_requirements.txt (line 11)) (0.4.1)
Requirement already satisfied: preshed<3.1.0,>=3.0.2 in /usr/local/lib/python3.6/site-packages (from spacy[lookups]->alibi==0.5.2->-r dev_requirements.txt (line 11)) (3.0.2)
Requirement already satisfied: cymem<2.1.0,>=2.0.2 in /usr/local/lib/python3.6/site-packages (from spacy[lookups]->alibi==0.5.2->-r dev_requirements.txt (line 11)) (2.0.3)
Requirement already satisfied: murmurhash<1.1.0,>=0.28.0 in /usr/local/lib/python3.6/site-packages (from spacy[lookups]->alibi==0.5.2->-r dev_requirements.txt (line 11)) (1.0.2)
Requirement already satisfied: catalogue<1.1.0,>=0.0.7 in /usr/local/lib/python3.6/site-packages (from spacy[lookups]->alibi==0.5.2->-r dev_requirements.txt (line 11)) (1.0.0)
Requirement already satisfied: spacy-lookups-data<0.4.0,>=0.3.2; extra == "lookups" in /usr/local/lib/python3.6/site-packages (from spacy[lookups]->alibi==0.5.2->-r dev_requirements.txt (line 11)) (0.3.2)
Requirement already satisfied: threadpoolctl>=2.0.0 in /usr/local/lib/python3.6/site-packages (from scikit-learn->alibi==0.5.2->-r dev_requirements.txt (line 11)) (2.1.0)
Requirement already satisfied: joblib>=0.11 in /usr/local/lib/python3.6/site-packages (from scikit-learn->alibi==0.5.2->-r dev_requirements.txt (line 11)) (0.16.0)
Requirement already satisfied: markdown>=2.6.8 in /usr/local/lib/python3.6/site-packages (from tensorboard<1.16.0,>=1.15.0->tensorflow==1.15.2->-r dev_requirements.txt (line 13)) (3.2.2)
Requirement already satisfied: werkzeug>=0.11.15 in /usr/local/lib/python3.6/site-packages (from tensorboard<1.16.0,>=1.15.0->tensorflow==1.15.2->-r dev_requirements.txt (line 13)) (1.0.1)
Requirement already satisfied: h5py in /usr/local/lib/python3.6/site-packages (from keras-applications>=1.0.8->tensorflow==1.15.2->-r dev_requirements.txt (line 13)) (2.10.0)
Requirement already satisfied: pyrsistent>=0.14.0 in /usr/local/lib/python3.6/site-packages (from jsonschema!=2.5.0,>=2.4->nbformat>=4.4->nbconvert==5.6.1->-r dev_requirements.txt (line 10)) (0.16.0)
Requirement already satisfied: llvmlite<0.35,>=0.34.0.dev0 in /usr/local/lib/python3.6/site-packages (from numba->shap->alibi==0.5.2->-r dev_requirements.txt (line 11)) (0.34.0)
Installing collected packages: pytest, coverage, pytest-cov, tenacity
  Attempting uninstall: pytest
    Found existing installation: pytest 5.4.2
    Uninstalling pytest-5.4.2:
      Successfully uninstalled pytest-5.4.2
  Attempting uninstall: coverage
    Found existing installation: coverage 5.2
    Uninstalling coverage-5.2:
      Successfully uninstalled coverage-5.2
  Attempting uninstall: pytest-cov
    Found existing installation: pytest-cov 2.10.1
    Uninstalling pytest-cov-2.10.1:
      Successfully uninstalled pytest-cov-2.10.1
  Attempting uninstall: tenacity
    Found existing installation: tenacity 6.2.0
    Uninstalling tenacity-6.2.0:
      Successfully uninstalled tenacity-6.2.0
Successfully installed coverage-4.5.4 pytest-5.3.1 pytest-cov-2.8.1 tenacity-6.0.0
WARNING: You are using pip version 20.2.2; however, version 20.2.3 is available.
You should consider upgrading via the '/usr/local/bin/python -m pip install --upgrade pip' command.
pip install -e ../../python
Obtaining file:///workspace/source/python
Requirement already satisfied: Flask<2.0.0 in /usr/local/lib/python3.6/site-packages (from seldon-core==1.2.3.dev0) (1.1.2)
Requirement already satisfied: jsonschema<4.0.0 in /usr/local/lib/python3.6/site-packages (from seldon-core==1.2.3.dev0) (3.2.0)
Requirement already satisfied: Flask-cors<4.0.0 in /usr/local/lib/python3.6/site-packages (from seldon-core==1.2.3.dev0) (3.0.9)
Requirement already satisfied: redis<4.0.0 in /usr/local/lib/python3.6/site-packages (from seldon-core==1.2.3.dev0) (3.5.3)
Requirement already satisfied: requests<3.0.0 in /usr/local/lib/python3.6/site-packages (from seldon-core==1.2.3.dev0) (2.24.0)
Requirement already satisfied: numpy<2.0.0 in /usr/local/lib/python3.6/site-packages (from seldon-core==1.2.3.dev0) (1.19.1)
Requirement already satisfied: flatbuffers<2.0.0 in /usr/local/lib/python3.6/site-packages (from seldon-core==1.2.3.dev0) (1.12)
Requirement already satisfied: protobuf<4.0.0 in /usr/local/lib/python3.6/site-packages (from seldon-core==1.2.3.dev0) (3.13.0)
Requirement already satisfied: grpcio<2.0.0 in /usr/local/lib/python3.6/site-packages (from seldon-core==1.2.3.dev0) (1.31.0)
Requirement already satisfied: Flask-OpenTracing<1.2.0,>=1.1.0 in /usr/local/lib/python3.6/site-packages (from seldon-core==1.2.3.dev0) (1.1.0)
Requirement already satisfied: opentracing<2.4.0,>=2.2.0 in /usr/local/lib/python3.6/site-packages (from seldon-core==1.2.3.dev0) (2.3.0)
Requirement already satisfied: jaeger-client<4.4.0,>=4.1.0 in /usr/local/lib/python3.6/site-packages (from seldon-core==1.2.3.dev0) (4.3.0)
Requirement already satisfied: grpcio-opentracing<1.2.0,>=1.1.4 in /usr/local/lib/python3.6/site-packages (from seldon-core==1.2.3.dev0) (1.1.4)
Requirement already satisfied: PyYAML<5.4 in /usr/local/lib/python3.6/site-packages (from seldon-core==1.2.3.dev0) (5.3.1)
Requirement already satisfied: gunicorn<20.1.0,>=19.9.0 in /usr/local/lib/python3.6/site-packages (from seldon-core==1.2.3.dev0) (20.0.4)
Requirement already satisfied: setuptools>=41.0.0 in /usr/local/lib/python3.6/site-packages (from seldon-core==1.2.3.dev0) (50.3.0)
Requirement already satisfied: prometheus_client<0.9.0,>=0.7.1 in /usr/local/lib/python3.6/site-packages (from seldon-core==1.2.3.dev0) (0.8.0)
Requirement already satisfied: click>=5.1 in /usr/local/lib/python3.6/site-packages (from Flask<2.0.0->seldon-core==1.2.3.dev0) (7.1.2)
Requirement already satisfied: itsdangerous>=0.24 in /usr/local/lib/python3.6/site-packages (from Flask<2.0.0->seldon-core==1.2.3.dev0) (1.1.0)
Requirement already satisfied: Werkzeug>=0.15 in /usr/local/lib/python3.6/site-packages (from Flask<2.0.0->seldon-core==1.2.3.dev0) (1.0.1)
Requirement already satisfied: Jinja2>=2.10.1 in /usr/local/lib/python3.6/site-packages (from Flask<2.0.0->seldon-core==1.2.3.dev0) (2.11.2)
Requirement already satisfied: importlib-metadata; python_version < "3.8" in /usr/local/lib/python3.6/site-packages (from jsonschema<4.0.0->seldon-core==1.2.3.dev0) (1.7.0)
Requirement already satisfied: six>=1.11.0 in /usr/local/lib/python3.6/site-packages (from jsonschema<4.0.0->seldon-core==1.2.3.dev0) (1.15.0)
Requirement already satisfied: attrs>=17.4.0 in /usr/local/lib/python3.6/site-packages (from jsonschema<4.0.0->seldon-core==1.2.3.dev0) (20.2.0)
Requirement already satisfied: pyrsistent>=0.14.0 in /usr/local/lib/python3.6/site-packages (from jsonschema<4.0.0->seldon-core==1.2.3.dev0) (0.16.0)
Requirement already satisfied: chardet<4,>=3.0.2 in /usr/local/lib/python3.6/site-packages (from requests<3.0.0->seldon-core==1.2.3.dev0) (3.0.4)
Requirement already satisfied: certifi>=2017.4.17 in /usr/local/lib/python3.6/site-packages (from requests<3.0.0->seldon-core==1.2.3.dev0) (2020.6.20)
Requirement already satisfied: idna<3,>=2.5 in /usr/local/lib/python3.6/site-packages (from requests<3.0.0->seldon-core==1.2.3.dev0) (2.10)
Requirement already satisfied: urllib3!=1.25.0,!=1.25.1,<1.26,>=1.21.1 in /usr/local/lib/python3.6/site-packages (from requests<3.0.0->seldon-core==1.2.3.dev0) (1.25.10)
Requirement already satisfied: tornado>=4.3 in /usr/local/lib/python3.6/site-packages (from jaeger-client<4.4.0,>=4.1.0->seldon-core==1.2.3.dev0) (6.0.4)
Requirement already satisfied: thrift in /usr/local/lib/python3.6/site-packages (from jaeger-client<4.4.0,>=4.1.0->seldon-core==1.2.3.dev0) (0.13.0)
Requirement already satisfied: threadloop<2,>=1 in /usr/local/lib/python3.6/site-packages (from jaeger-client<4.4.0,>=4.1.0->seldon-core==1.2.3.dev0) (1.0.2)
Requirement already satisfied: MarkupSafe>=0.23 in /usr/local/lib/python3.6/site-packages (from Jinja2>=2.10.1->Flask<2.0.0->seldon-core==1.2.3.dev0) (1.1.1)
Requirement already satisfied: zipp>=0.5 in /usr/local/lib/python3.6/site-packages (from importlib-metadata; python_version < "3.8"->jsonschema<4.0.0->seldon-core==1.2.3.dev0) (3.1.0)
Installing collected packages: seldon-core
  Attempting uninstall: seldon-core
    Found existing installation: seldon-core 1.2.3.dev0
    Uninstalling seldon-core-1.2.3.dev0:
      Successfully uninstalled seldon-core-1.2.3.dev0
  Running setup.py develop for seldon-core
Successfully installed seldon-core
WARNING: You are using pip version 20.2.2; however, version 20.2.3 is available.
You should consider upgrading via the '/usr/local/bin/python -m pip install --upgrade pip' command.
pytest \
	--verbose \
	-s \
	-m "notebooks" \
	-W ignore test_notebooks.py::TestNotebooks 2>&1
============================= test session starts ==============================
platform linux -- Python 3.6.10, pytest-5.3.1, py-1.9.0, pluggy-0.13.1 -- /usr/local/bin/python
cachedir: .pytest_cache
rootdir: /workspace/source/testing/scripts, inifile: setup.cfg
plugins: cov-2.8.1, xdist-1.30.0, flaky-3.6.1, forked-1.3.0
collecting ... collected 25 items

test_notebooks.py::TestNotebooks::test_helm_examples [NbConvertApp] Converting notebook ../../notebooks/helm_examples.ipynb to script
[NbConvertApp] Writing 6781 bytes to ../../notebooks/helm_examples.py

PODS UPDATE: NAMESPACE       NAME                                         READY   STATUS    RESTARTS   AGE


PODS UPDATE: cert-manager    cert-manager-5c47f46f57-4792d                1/1     Running   0          112s


PODS UPDATE: cert-manager    cert-manager-cainjector-6659d6844d-jdlpq     1/1     Running   0          112s


PODS UPDATE: cert-manager    cert-manager-webhook-547567b88f-b6xxg        1/1     Running   0          112s


PODS UPDATE: istio-system    grafana-6b65874977-9ghq8                     1/1     Running   0          3m54s


PODS UPDATE: istio-system    istio-citadel-86dcf4c6b-r4bhv                1/1     Running   0          3m56s


PODS UPDATE: istio-system    istio-egressgateway-68f754ccdd-tmpxl         1/1     Running   0          3m56s


PODS UPDATE: istio-system    istio-galley-5fc6d6c45b-hf4pg                1/1     Running   0          3m55s


PODS UPDATE: istio-system    istio-ingressgateway-6d759478d8-b6x2f        1/1     Running   0          3m54s


PODS UPDATE: istio-system    istio-pilot-5c4995d687-lzqpk                 1/1     Running   0          3m52s


PODS UPDATE: istio-system    istio-policy-57b99968f-64sch                 1/1     Running   0          3m52s


PODS UPDATE: istio-system    istio-sidecar-injector-746f7c7bbb-dw6rg      1/1     Running   0          3m52s


PODS UPDATE: istio-system    istio-telemetry-854d8556d5-9smd5             1/1     Running   0          3m52s


PODS UPDATE: istio-system    istio-tracing-c66d67cd9-qttl5                1/1     Running   0          3m52s


PODS UPDATE: istio-system    kiali-8559969566-kmghq                       1/1     Running   0          3m52s


PODS UPDATE: istio-system    prometheus-66c5887c86-4tbc5                  1/1     Running   0          3m53s


PODS UPDATE: kube-system     coredns-5644d7b6d9-p7kwb                     1/1     Running   0          33m


PODS UPDATE: kube-system     coredns-5644d7b6d9-x4n9w                     1/1     Running   0          33m


PODS UPDATE: kube-system     etcd-kind-control-plane                      1/1     Running   0          32m


PODS UPDATE: kube-system     kindnet-bdvjl                                1/1     Running   0          33m


PODS UPDATE: kube-system     kindnet-l984w                                1/1     Running   0          32m


PODS UPDATE: kube-system     kube-apiserver-kind-control-plane            1/1     Running   0          32m


PODS UPDATE: kube-system     kube-controller-manager-kind-control-plane   1/1     Running   0          32m


PODS UPDATE: kube-system     kube-proxy-2lzs9                             1/1     Running   0          33m


PODS UPDATE: kube-system     kube-proxy-t4mwx                             1/1     Running   0          32m


PODS UPDATE: kube-system     kube-scheduler-kind-control-plane            1/1     Running   0          32m


PODS UPDATE: kube-system     metrics-server-787cbd4d5d-stf9c              1/1     Running   0          59s


PODS UPDATE: seldon-system   seldon-controller-manager-5569844fd7-njhzb   1/1     Running   0          68s


PODS UPDATE: seldon          ambassador-799d46ddc8-ghlcl                  1/1     Running   0          5m4s


PODS UPDATE: seldon          jaeger-5cb557b89d-j9r98                      1/1     Running   0          113s


PODS UPDATE: seldon          jaeger-operator-67777ffc99-f967g             1/1     Running   0          2m9s


PODS UPDATE: seldon          mymodel-default-0-model-5c9b4d9d8b-sgstz     0/2     Pending   0          0s


PODS UPDATE: seldon          mymodel-default-0-model-5c9b4d9d8b-sgstz     0/2     Pending   0          0s


PODS UPDATE: seldon          mymodel-default-0-model-5c9b4d9d8b-sgstz     0/2     ContainerCreating   0          0s


PODS UPDATE: seldon          mymodel-default-0-model-5c9b4d9d8b-sgstz     0/2     Running             0          75s


PODS UPDATE: seldon          mymodel-default-0-model-5c9b4d9d8b-sgstz     1/2     Running             0          93s


PODS UPDATE: seldon          mymodel-default-0-model-5c9b4d9d8b-sgstz     2/2     Running             0          98s


PODS UPDATE: seldon          mymodel-default-0-model-5c9b4d9d8b-sgstz     2/2     Terminating         0          116s


PODS UPDATE: seldon          mymodel-default-0-model-9c76f4bf7-w2bfw      0/2     Pending             0          0s


PODS UPDATE: seldon          mymodel-default-0-model-9c76f4bf7-w2bfw      0/2     Pending             0          0s


PODS UPDATE: seldon          mymodel-default-0-model-9c76f4bf7-w2bfw      0/2     ContainerCreating   0          0s


PODS UPDATE: seldon          mymodel-default-0-model-5c9b4d9d8b-sgstz     1/2     Terminating         0          2m8s


PODS UPDATE: seldon          mymodel-default-0-model-5c9b4d9d8b-sgstz     0/2     Terminating         0          2m22s


PODS UPDATE: seldon          mymodel-default-0-model-5c9b4d9d8b-sgstz     0/2     Terminating         0          2m29s


PODS UPDATE: seldon          mymodel-default-0-model-5c9b4d9d8b-sgstz     0/2     Terminating         0          2m29s


PODS UPDATE: seldon          mymodel-default-0-model-9c76f4bf7-w2bfw      0/2     Running             0          47s


PODS UPDATE: seldon          mymodel-default-0-model-9c76f4bf7-w2bfw      1/2     Running             0          66s


PODS UPDATE: seldon          mymodel-default-0-model-9c76f4bf7-w2bfw      2/2     Running             0          67s


PODS UPDATE: seldon          mymodel-default-0-model-9c76f4bf7-w2bfw      2/2     Terminating         0          83s


PODS UPDATE: seldon          myabtest-default-0-classifier-1-84d6d469bd-ql2l6   0/2     Pending             0          0s


PODS UPDATE: seldon          myabtest-default-1-classifier-2-6f6f597cb9-bxlsj   0/1     Pending             0          1s


PODS UPDATE: seldon          myabtest-default-1-classifier-2-6f6f597cb9-bxlsj   0/1     Pending             0          1s


PODS UPDATE: seldon          myabtest-default-0-classifier-1-84d6d469bd-ql2l6   0/2     Pending             0          1s


PODS UPDATE: seldon          myabtest-default-1-classifier-2-6f6f597cb9-bxlsj   0/1     ContainerCreating   0          1s


PODS UPDATE: seldon          myabtest-default-0-classifier-1-84d6d469bd-ql2l6   0/2     ContainerCreating   0          1s


PODS UPDATE: seldon          myabtest-default-1-classifier-2-6f6f597cb9-bxlsj   0/1     Running             0          2s


PODS UPDATE: seldon          myabtest-default-0-classifier-1-84d6d469bd-ql2l6   0/2     Running             0          3s


PODS UPDATE: seldon          mymodel-default-0-model-9c76f4bf7-w2bfw            1/2     Terminating         0          97s


PODS UPDATE: seldon          mymodel-default-0-model-9c76f4bf7-w2bfw            0/2     Terminating         0          105s


PODS UPDATE: seldon          mymodel-default-0-model-9c76f4bf7-w2bfw            0/2     Terminating         0          105s


PODS UPDATE: seldon          mymodel-default-0-model-9c76f4bf7-w2bfw            0/2     Terminating         0          106s


PODS UPDATE: seldon          mymodel-default-0-model-9c76f4bf7-w2bfw            0/2     Terminating         0          106s


PODS UPDATE: seldon          myabtest-default-1-classifier-2-6f6f597cb9-bxlsj   1/1     Running             0          25s


PODS UPDATE: seldon          myabtest-default-0-classifier-1-84d6d469bd-ql2l6   1/2     Running             0          25s


PODS UPDATE: seldon          myabtest-default-0-classifier-1-84d6d469bd-ql2l6   2/2     Running             0          26s


PODS UPDATE: seldon          myabtest-default-1-classifier-2-6f6f597cb9-bxlsj   1/1     Terminating         0          43s


PODS UPDATE: seldon          myabtest-default-0-classifier-1-84d6d469bd-ql2l6   2/2     Terminating         0          43s


PODS UPDATE: seldon          myabtest-default-1-classifier-2-6b7db66597-trrc2   0/1     Pending             0          0s


PODS UPDATE: seldon          myabtest-default-0-classifier-1-5fb76bc749-w45sj   0/2     Pending             0          0s


PODS UPDATE: seldon          myabtest-default-1-classifier-2-6b7db66597-trrc2   0/1     Pending             0          0s


PODS UPDATE: seldon          myabtest-default-0-classifier-1-5fb76bc749-w45sj   0/2     Pending             0          0s


PODS UPDATE: seldon          myabtest-default-1-classifier-2-6b7db66597-trrc2   0/1     ContainerCreating   0          0s


PODS UPDATE: seldon          myabtest-default-0-classifier-1-5fb76bc749-w45sj   0/2     ContainerCreating   0          0s


PODS UPDATE: seldon          myabtest-default-1-classifier-2-6b7db66597-trrc2   0/1     Running             0          2s


PODS UPDATE: seldon          myabtest-default-0-classifier-1-5fb76bc749-w45sj   0/2     Running             0          2s


PODS UPDATE: seldon          myabtest-default-0-classifier-1-84d6d469bd-ql2l6   1/2     Terminating         0          55s


PODS UPDATE: seldon          myabtest-default-0-classifier-1-84d6d469bd-ql2l6   0/2     Terminating         0          64s


PODS UPDATE: seldon          myabtest-default-0-classifier-1-84d6d469bd-ql2l6   0/2     Terminating         0          64s


PODS UPDATE: seldon          myabtest-default-1-classifier-2-6f6f597cb9-bxlsj   0/1     Terminating         0          65s


PODS UPDATE: seldon          myabtest-default-0-classifier-1-84d6d469bd-ql2l6   0/2     Terminating         0          68s


PODS UPDATE: seldon          myabtest-default-0-classifier-1-84d6d469bd-ql2l6   0/2     Terminating         0          68s


PODS UPDATE: seldon          myabtest-default-1-classifier-2-6b7db66597-trrc2   1/1     Running             0          21s


PODS UPDATE: seldon          myabtest-default-0-classifier-1-5fb76bc749-w45sj   1/2     Running             0          24s


PODS UPDATE: seldon          myabtest-default-0-classifier-1-5fb76bc749-w45sj   2/2     Running             0          26s


PODS UPDATE: seldon          myabtest-default-1-classifier-2-6f6f597cb9-bxlsj   0/1     Terminating         0          78s


PODS UPDATE: seldon          myabtest-default-1-classifier-2-6f6f597cb9-bxlsj   0/1     Terminating         0          78s


PODS UPDATE: seldon          myabtest-default-1-classifier-2-6b7db66597-trrc2   1/1     Terminating         0          43s


PODS UPDATE: seldon          myabtest-default-0-classifier-1-5fb76bc749-w45sj   2/2     Terminating         0          43s


PODS UPDATE: seldon          mymab-default-1-classifier-2-5fbb94b6b6-wqk6s      0/1     Pending             0          0s


PODS UPDATE: seldon          mymab-default-0-classifier-1-657bd79c8c-6v854      0/2     Pending             0          0s


PODS UPDATE: seldon          mymab-default-1-classifier-2-5fbb94b6b6-wqk6s      0/1     Pending             0          0s


PODS UPDATE: seldon          mymab-default-0-classifier-1-657bd79c8c-6v854      0/2     Pending             0          0s


PODS UPDATE: seldon          mymab-default-2-eg-router-7944df495c-jh2d7         0/1     Pending             0          0s


PODS UPDATE: seldon          mymab-default-2-eg-router-7944df495c-jh2d7         0/1     Pending             0          0s


PODS UPDATE: seldon          mymab-default-1-classifier-2-5fbb94b6b6-wqk6s      0/1     ContainerCreating   0          0s


PODS UPDATE: seldon          mymab-default-0-classifier-1-657bd79c8c-6v854      0/2     ContainerCreating   0          0s


PODS UPDATE: seldon          mymab-default-2-eg-router-7944df495c-jh2d7         0/1     ContainerCreating   0          0s


PODS UPDATE: seldon          mymab-default-1-classifier-2-5fbb94b6b6-wqk6s      0/1     Running             0          1s


PODS UPDATE: seldon          mymab-default-0-classifier-1-657bd79c8c-6v854      0/2     Running             0          2s


PODS UPDATE: seldon          myabtest-default-0-classifier-1-5fb76bc749-w45sj   1/2     Terminating         0          56s


PODS UPDATE: seldon          mymab-default-2-eg-router-7944df495c-jh2d7         0/1     Running             0          8s


PODS UPDATE: seldon          myabtest-default-1-classifier-2-6b7db66597-trrc2   0/1     Terminating         0          64s


PODS UPDATE: seldon          myabtest-default-0-classifier-1-5fb76bc749-w45sj   0/2     Terminating         0          64s


PODS UPDATE: seldon         PASSED
test_notebooks.py::TestNotebooks::test_explainer_examples [NbConvertApp] Converting notebook ../../notebooks/explainer_examples.ipynb to script
[NbConvertApp] Writing 29078 bytes to ../../notebooks/explainer_examples.py
 myabtest-default-1-classifier-2-6b7db66597-trrc2   0/1     Terminating         0          70s


PODS UPDATE: seldon          myabtest-default-1-classifier-2-6b7db66597-trrc2   0/1     Terminating         0          70s


PODS UPDATE: seldon          myabtest-default-0-classifier-1-5fb76bc749-w45sj   0/2     Terminating         0          71s


PODS UPDATE: seldon          myabtest-default-0-classifier-1-5fb76bc749-w45sj   0/2     Terminating         0          71s


PODS UPDATE: seldon          mymab-default-1-classifier-2-5fbb94b6b6-wqk6s      1/1     Running             0          21s


PODS UPDATE: seldon          mymab-default-0-classifier-1-657bd79c8c-6v854      1/2     Running             0          24s


PODS UPDATE: seldon          mymab-default-2-eg-router-7944df495c-jh2d7         1/1     Running             0          28s


PODS UPDATE: seldon          mymab-default-0-classifier-1-657bd79c8c-6v854      2/2     Running             0          32s


PODS UPDATE: seldon          mymab-default-1-classifier-2-5fbb94b6b6-wqk6s      1/1     Terminating         0          53s


PODS UPDATE: seldon          mymab-default-2-eg-router-7944df495c-jh2d7         1/1     Terminating         0          53s


PODS UPDATE: seldon          mymab-default-0-classifier-1-657bd79c8c-6v854      2/2     Terminating         0          53s


PODS UPDATE: seldon          mymab-default-1-classifier-2-86df69bc74-shl6l      0/1     Pending             0          0s


PODS UPDATE: seldon          mymab-default-0-classifier-1-6957f5cf45-qc6lq      0/2     Pending             0          0s


PODS UPDATE: seldon          mymab-default-1-classifier-2-86df69bc74-shl6l      0/1     Pending             0          0s


PODS UPDATE: seldon          mymab-default-2-eg-router-57bc97dc57-tzcrd         0/1     Pending             0          0s


PODS UPDATE: seldon          mymab-default-0-classifier-1-6957f5cf45-qc6lq      0/2     Pending             0          0s


PODS UPDATE: seldon          mymab-default-2-eg-router-57bc97dc57-tzcrd         0/1     Pending             0          0s


PODS UPDATE: seldon          mymab-default-1-classifier-2-86df69bc74-shl6l      0/1     ContainerCreating   0          0s


PODS UPDATE: seldon          mymab-default-0-classifier-1-6957f5cf45-qc6lq      0/2     ContainerCreating   0          0s


PODS UPDATE: seldon          mymab-default-2-eg-router-57bc97dc57-tzcrd         0/1     ContainerCreating   0          0s


PODS UPDATE: seldon          mymab-default-1-classifier-2-86df69bc74-shl6l      0/1     Running             0          5s


PODS UPDATE: seldon          mymab-default-0-classifier-1-6957f5cf45-qc6lq      0/2     Running             0          5s


PODS UPDATE: seldon          mymab-default-2-eg-router-57bc97dc57-tzcrd         0/1     Running             0          8s


PODS UPDATE: seldon          mymab-default-0-classifier-1-657bd79c8c-6v854      1/2     Terminating         0          67s


PODS UPDATE: seldon          mymab-default-0-classifier-1-657bd79c8c-6v854      0/2     Terminating         0          78s


PODS UPDATE: seldon          mymab-default-1-classifier-2-5fbb94b6b6-wqk6s      0/1     Terminating         0          79s


PODS UPDATE: seldon          mymab-default-2-eg-router-7944df495c-jh2d7         0/1     Terminating         0          80s


PODS UPDATE: seldon          mymab-default-0-classifier-1-6957f5cf45-qc6lq      1/2     Running             0          28s


PODS UPDATE: seldon          mymab-default-2-eg-router-57bc97dc57-tzcrd         1/1     Running             0          28s


PODS UPDATE: seldon          mymab-default-1-classifier-2-86df69bc74-shl6l      1/1     Running             0          29s


PODS UPDATE: seldon          mymab-default-0-classifier-1-657bd79c8c-6v854      0/2     Terminating         0          90s


PODS UPDATE: seldon          mymab-default-0-classifier-1-657bd79c8c-6v854      0/2     Terminating         0          90s


PODS UPDATE: seldon          mymab-default-1-classifier-2-5fbb94b6b6-wqk6s      0/1     Terminating         0          90s


PODS UPDATEseldondeployment.machinelearning.seldon.io "income" deleted
[NbConvertApp] Converting notebook ../../notebooks/explainer_examples.ipynb to script
[NbConvertApp] Writing 29078 bytes to ../../notebooks/explainer_examples.py
: seldon          mymab-default-1-classifier-2-5fbb94b6b6-wqk6s      0/1     Terminating         0          91s


PODS UPDATE: seldon          mymab-default-2-eg-router-7944df495c-jh2d7         0/1     Terminating         0          91s


PODS UPDATE: seldon          mymab-default-2-eg-router-7944df495c-jh2d7         0/1     Terminating         0          91s


PODS UPDATE: seldon          mymab-default-0-classifier-1-6957f5cf45-qc6lq      2/2     Running             0          90s


PODS UPDATE: seldon          mymab-default-2-eg-router-57bc97dc57-tzcrd         1/1     Terminating         0          108s


PODS UPDATE: seldon          mymab-default-1-classifier-2-86df69bc74-shl6l      1/1     Terminating         0          108s


PODS UPDATE: seldon          mymab-default-0-classifier-1-6957f5cf45-qc6lq      2/2     Terminating         0          108s


PODS UPDATE: seldon          mymab-default-0-classifier-1-6957f5cf45-qc6lq      1/2     Terminating         0          119s


PODS UPDATE: seldon          income-default-0-classifier-b4446578c-7f7sb        0/2     Pending             0          0s


PODS UPDATE: seldon          income-default-explainer-54fdbbcff8-rgzt4          0/1     Pending             0          0s


PODS UPDATE: seldon          income-default-0-classifier-b4446578c-7f7sb        0/2     Pending             0          0s


PODS UPDATE: seldon          income-default-explainer-54fdbbcff8-rgzt4          0/1     Pending             0          0s


PODS UPDATE: seldon          income-default-0-classifier-b4446578c-7f7sb        0/2     Init:0/1            0          0s


PODS UPDATE: seldon          income-default-explainer-54fdbbcff8-rgzt4          0/1     Init:0/1            0          0s


PODS UPDATE: seldon          mymab-default-0-classifier-1-6957f5cf45-qc6lq      0/2     Terminating         0          2m14s


PODS UPDATE: seldon          income-default-explainer-54fdbbcff8-rgzt4          0/1     Init:0/1            0          14s


PODS UPDATE: seldon          income-default-0-classifier-b4446578c-7f7sb        0/2     Init:0/1            0          14s


PODS UPDATE: seldon          mymab-default-1-classifier-2-86df69bc74-shl6l      0/1     Terminating         0          2m15s


PODS UPDATE: seldon          mymab-default-2-eg-router-57bc97dc57-tzcrd         0/1     Terminating         0          2m15s


PODS UPDATE: seldon          income-default-explainer-54fdbbcff8-rgzt4          0/1     PodInitializing     0          17s


PODS UPDATE: seldon          income-default-0-classifier-b4446578c-7f7sb        0/2     PodInitializing     0          17s


PODS UPDATE: seldon          income-default-0-classifier-b4446578c-7f7sb        0/2     Running             0          18s


PODS UPDATE: seldon          mymab-default-0-classifier-1-6957f5cf45-qc6lq      0/2     Terminating         0          2m22s


PODS UPDATE: seldon          mymab-default-0-classifier-1-6957f5cf45-qc6lq      0/2     Terminating         0          2m22s


PODS UPDATE: seldon          mymab-default-2-eg-router-57bc97dc57-tzcrd         0/1     Terminating         0          2m22s


PODS UPDATE: seldon          mymab-default-2-eg-router-57bc97dc57-tzcrd         0/1     Terminating         0          2m22s


PODS UPDATE: seldon          mymab-default-1-classifier-2-86df69bc74-shl6l      0/1     Terminating         0          2m22s


PODS UPDATE: seldon          mymab-default-1-classifier-2-86df69bc74-shl6l      0/1     Terminating         0          2m23s


PODS UPDATE: seldon          income-default-0-classifier-b4446578c-7f7sb        1/2     Running             0          38s


PODS UPDATE: seldon          income-default-0-classifier-b4446578c-7f7sb        2/2     Running             0          41s


PODS UPDATE: seldon          income-default-explainer-54fdbbcff8-rgzt4          0/1     Running             0          113s


PODS UPDATE: seldon          income-default-explainer-54fdbbcff8-rgzt4          0/1     Error               0          2m


PODS UPDATE: seldon          income-default-explainer-54fdbbcff8-rgzt4          0/1     Running             1          2m1s


PODS UPDATE: seldon          income-default-explainer-54fdbbcff8-rgzt4          0/1     Error               1          2m6s


PODS UPDATE: seldon          income-default-explainer-54fdbbcff8-rgzt4          0/1     CrashLoopBackOff    1          2m11s


PODS UPDATE: seldon          income-default-explainer-54fdbbcff8-rgzt4          0/1     Running             2          2m27s


PODS UPDATE: seldon          income-default-explainer-54fdbbcff8-rgzt4          0/1     Error               2          2m35s


PODS UPDATE: seldon          income-default-explainer-54fdbbcff8-rgzt4          0/1     CrashLoopBackOff    2          2m36s


PODS UPDATE: seldon          income-default-explainer-54fdbbcff8-rgzt4          0/1     Running             3          3m6s


PODS UPDATE: seldon          income-default-explainer-54fdbbcff8-rgzt4          0/1     Error               3          3m11s


PODS UPDATE: seldon          income-default-explainer-54fdbbcff8-rgzt4          0/1     CrashLoopBackOff    3          3m12s


PODS UPDATE: seldon          income-default-explainer-54fdbbcff8-rgzt4          0/1     Running             4          3m51s


PODS UPDATE: seldon          income-default-explainer-54fdbbcff8-rgzt4          0/1     Error               4          3m57s


PODS UPDATE: seldon          income-default-explainer-54fdbbcff8-rgzt4          0/1     CrashLoopBackOff    4          4m1s


PODS UPDATE: seldon          income-default-explainer-54fdbbcff8-rgzt4          0/1     Running             5          5m20s


PODS UPDATE: seldon          income-default-explainer-54fdbbcff8-rgzt4          0/1     Error               5          5m25s


PODS UPDATE: seldon          income-default-explainer-54fdbbcff8-rgzt4          0/1     CrashLoopBackOff    5          5m26s


PODS UPDATE: seldon          income-default-explainer-54fdbbcff8-rgzt4          0/1     Running             6          8m38s


PODS UPDATE: seldon          income-default-explainer-54fdbbcff8-rgzt4          0/1     Error               6          8m57s


PODS UPDATE: seldon          income-default-explainer-54fdbbcff8-rgzt4          0/1     CrashLoopBackOff    6          9m1s


PODS UPDATE: seldon          income-default-0-classifier-b4446578c-7f7sb        2/2     Terminating         0          10m


PODS UPDATE: seldon          income-default-explainer-54fdbbcff8-rgzt4          0/1     Terminating         6          10m


PODS UPDATE: seldon          income-default-explainer-54fdbbcff8-rgzt4          0/1     Terminating         6          10m


PODS UPDATE: seldon          income-default-explainer-54fdbbcff8-rgzt4          0/1     Terminating         6          10m


PODS UPDATE: seldon          income-default-explainer-54fdbbcff8-rgzt4          0/1     Terminating         6          10m


PODS UPDATE: seldon          income-default-0-classifier-b4446578c-s4k4s        0/2     Pending             0          0s


PODS UPDATE: seldon          income-default-explainer-54fdbbcff8-shbst          0/1     Pending             0          0s


PODS UPDATE: seldon          income-default-0-classifier-b4446578c-s4k4s        0/2     Pending             0          0s


PODS UPDATE: seldon          income-default-explainer-54fdbbcff8-shbst          0/1     Pending             0          0s


PODS UPDATE: seldon          income-default-0-classifier-b4446578c-s4k4s        0/2     Init:0/1            0          0s


PODS UPDATE: seldon          income-default-explainer-54fdbbcff8-shbst          0/1     Init:0/1            0          0s


PODS UPDATE: seldon          income-default-0-classifier-b4446578c-s4k4s        0/2     Init:0/1            0          2s


PODS UPDATE: seldon          income-default-explainer-54fdbbcff8-shbst          0/1     Init:0/1            0          2s


PODS UPDATE: seldon          income-default-0-classifier-b4446578c-s4k4s        0/2     PodInitializing     0          6s


PODS UPDATE: seldon          income-default-explainer-54fdbbcff8-shbst          0/1     PodInitializing     0          6s


PODS UPDATE: seldon          income-defauseldondeployment.machinelearning.seldon.io "income" deleted
FAILED
test_notebooks.py::TestNotebooks::test_istio_examples [NbConvertApp] Converting notebook ../../notebooks/istio_example.ipynb to script
[NbConvertApp] Writing 5706 bytes to ../../notebooks/istio_example.py
lt-explainer-54fdbbcff8-shbst          0/1     Running             0          7s


PODS UPDATE: seldon          income-default-0-classifier-b4446578c-7f7sb        0/2     Terminating         0          10m


PODS UPDATE: seldon          income-default-0-classifier-b4446578c-s4k4s        0/2     Running             0          8s


PODS UPDATE: seldon          income-default-0-classifier-b4446578c-7f7sb        0/2     Terminating         0          10m


PODS UPDATE: seldon          income-default-0-classifier-b4446578c-7f7sb        0/2     Terminating         0          10m


PODS UPDATE: seldon          income-default-explainer-54fdbbcff8-shbst          0/1     Error               0          20s


PODS UPDATE: seldon          income-default-explainer-54fdbbcff8-shbst          0/1     Running             1          21s


PODS UPDATE: seldon          income-default-explainer-54fdbbcff8-shbst          0/1     Error               1          27s


PODS UPDATE: seldon          income-default-0-classifier-b4446578c-s4k4s        1/2     Running             0          28s


PODS UPDATE: seldon          income-default-explainer-54fdbbcff8-shbst          0/1     CrashLoopBackOff    1          28s


PODS UPDATE: seldon          income-default-0-classifier-b4446578c-s4k4s        2/2     Running             0          29s


PODS UPDATE: seldon          income-default-explainer-54fdbbcff8-shbst          0/1     Running             2          45s


PODS UPDATE: seldon          income-default-explainer-54fdbbcff8-shbst          0/1     Error               2          53s


PODS UPDATE: seldon          income-default-explainer-54fdbbcff8-shbst          0/1     CrashLoopBackOff    2          54s


PODS UPDATE: seldon          income-default-explainer-54fdbbcff8-shbst          0/1     Running             3          81s


PODS UPDATE: seldon          income-default-explainer-54fdbbcff8-shbst          0/1     Error               3          86s


PODS UPDATE: seldon          income-default-explainer-54fdbbcff8-shbst          0/1     CrashLoopBackOff    3          88s


PODS UPDATE: seldon          income-default-explainer-54fdbbcff8-shbst          0/1     Running             4          2m12s


PODS UPDATE: seldon          income-default-explainer-54fdbbcff8-shbst          0/1     Error               4          2m18s


PODS UPDATE: seldon          income-default-explainer-54fdbbcff8-shbst          0/1     CrashLoopBackOff    4          2m19s


PODS UPDATE: seldon          income-default-explainer-54fdbbcff8-shbst          0/1     Running             5          3m38s


PODS UPDATE: seldon          income-default-explainer-54fdbbcff8-shbst          0/1     Error               5          3m42s


PODS UPDATE: seldon          income-default-explainer-54fdbbcff8-shbst          0/1     CrashLoopBackOff    5          3m43s


PODS UPDATE: seldon          income-default-explainer-54fdbbcff8-shbst          0/1     Running             6          6m26s


PODS UPDATE: seldon          income-default-explainer-54fdbbcff8-shbst          0/1     Error               6          6m35s


PODS UPDATE: seldon          income-default-explainer-54fdbbcff8-shbst          0/1     CrashLoopBackOff    6          6m38s


PODS UPDATE: seldon          income-default-0-classifier-b4446578c-s4k4s        2/2     Terminating         0          10m


PODS UPDATE: seldon          income-default-explainer-54fdbbcff8-shbst          0/1     Terminating         6          10m


PODS UPDATE: seldon          income-default-explainer-54fdbbcff8-shbst          0/1     Terminating         6          10m


PODS UPDATE: seldon          income-default-0-classifier-b4446578c-s4k4s        1/2     Terminating         0          10m


PODS UPDATE: seldon          mymodel-default-0-model-5c9b4d9d8b-js8wl           0/2     Pending             0          0s


PODS UPDATE: seldon          mymodel-default-0-model-5c9b4d9d8b-js8wl           0/2     Pending             0          0s


PODS UPDATE: seldon          mymodel-default-0-model-5c9b4d9d8b-js8wl           0/2     ContainerCreating   0          0s


PODS UPDATE: seldon          income-default-explainer-54fdbbcff8-shbst          0/1     Terminating         6          10m


PODS UPDATE: seldon          income-default-explainer-54fdbbcff8-shbst          0/1     Terminating         6          10m


PODS UPDATE: seldon          income-default-0-classifier-b4446578c-s4k4s        0/2     Terminating         0          10m


PODS UPDATE: seldon          mymodel-default-0-model-5c9b4d9d8b-js8wl           0/2     Running             0          3s


PODS UPDATE: seldon          income-default-0-classifier-b4446578c-s4k4s        0/2     Terminating         0          10m


PODS UPDATE: seldon          income-default-0-classifier-b4446578c-s4k4s        0/2     Terminating         0          10m


PODS UPDATE: seldon          mymodel-default-0-model-5c9b4d9d8b-js8wl           1/2     Running             0          24s


PODS UPDATE: seldon          mymodel-default-0-model-5c9b4d9d8b-js8wl           2/2     Running             0          26s


PODS UPDATE: seldon          mymodel-default-0-model-5c9b4d9d8b-js8wl           2/2     Terminating         0          45s


PODS UPDATE: seldon          myabtest-default-1-classifier-2-6f6f597cb9-s6ncv   0/1     Pending             0          0s


PODS UPDATE: seldon          myabtest-default-0-classifier-1-84d6d469bd-78dvj   0/2     Pending             0          0s


PODS UPDATE: seldon          myabtest-default-0-classifier-1-84d6d469bd-78dvj   0/2     Pending             0          0s


PODS UPDATE: seldon          myabtest-default-1-classifier-2-6f6f597cb9-s6ncv   0/1     Pending             0          0s


PODS UPDATE: seldon          myabtest-default-0-classifier-1-84d6d469bd-78dvj   0/2     ContainerCreating   0          0s


PODS UPDATE: seldon          myabtest-default-1-classifier-2-6f6f597cb9-s6ncv   0/1     ContainerCreating   0          0s


PODS UPDATE: seldon          mymodel-default-0-model-5c9b4d9d8b-js8wl           1/2     Terminating         0          59s


PODS UPDATE: seldon          myabtest-default-1-classifier-2-6f6f597cb9-s6ncv   0/1     Running             0          7s


PODS UPDATE: seldon          myabtest-default-0-classifier-1-84d6d469bd-78dvj   0/2     Running             0          8s


PODS UPDATE: seldon          mymodel-default-0-model-5c9b4d9d8b-js8wl           0/2     Terminating         0          66s


PODS UPDATE: seldon          mymodel-default-0-model-5c9b4d9d8b-js8wl           0/2     Terminating         0          68s


PODS UPDATE: seldon          mymodel-default-0-model-5c9b4d9d8b-js8wl           0/2     Terminating         0          74s


PODS UPDATE: seldon          mymodel-default-0-model-5c9b4d9d8b-js8wl           0/2     Terminating         0          74s


PODS UPDATE: seldon          myabtest-default-1-classifier-2-6f6f597cb9-s6ncv   1/1     Running             0          29s


PODS UPDATE: seldon          myabtest-default-0-classifier-1-84d6d469bd-78dvj   1/2     Running             0          31s


PODS UPDATE: seldon          myabtest-default-0-classifier-1-84d6d469bd-78dvj   2/2     Running             0          31s


PODS UPDATE: seldon          myabtest-default-0-classifier-1-84d6d469bd-78dvj   2/2     Terminating         0          55s


PODS UPDATE: seldon          myabtest-default-1-classifier-2-6f6f597cb9-s6ncv   1/1     Terminating         0          55s


PODS UPDATE: seldon          mymab-default-0-classifier-1-657bd79c8c-8jrbv      0/2     Pending             0          0s


PODS UPDATE: seldon          mymab-default-1-classifier-2-5fbb94b6b6-vkpls      0/1     Pending             0          0s


PODS UPDATE: seldon          mymab-default-0-classifier-1-657bd79c8c-8jrbv      0/2     Pending             0          0s


PODS UPDATE: seldon          mymab-default-2-eg-router-7944df495c-85xbw         0/1     Pending             0          0s


PODS UPDATE: seldon          mymab-default-1-classifier-2-5fbb94b6b6-vkpls      0/1     Pending             0          0s


PODS UPDATE: seldon          mymab-default-2-eg-router-7944df495c-85xbw         0/1     Pending             0          0s


PODS UPDATE: seldon          mymab-default-0-classifier-1-657bd79c8c-8jrbv      0/2     ContainerCreating   0          0s


PODS UPDATE: seldon          mymab-default-1-classifier-2-5fbb94b6b6-vkpls      0/1     ContainerCreating   0          0s


PODS UPDATE: seldon          mymab-default-2-eg-router-7944df495c-85xbw         0/1     ContainerCreating   0          0s


PODS UPDATE: seldon          mymab-default-1-classifier-2-5fbb94b6b6-vkpls      0/1     Running             0          2s


PODS UPDATE: seldon          mymab-default-2-eg-router-7944df495c-85xbw         0/1     Running             0          2s


PODS UPDATE: seldon          myabtest-default-0-classifier-1-84d6d469bd-78dvj   1/2     Terminating         0          68s


PODS UPDATE: seldon          mymab-default-0-classifier-1-657bd79c8c-8jrbv      0/2     Running             0          3s


PODS UPDATE: seldon          myabtest-default-0-classifier-1-84d6d469bd-78dvj   0/2     Terminating         0          76s


PODS UPDATE: seldon          myabtest-default-0-classifier-1-84d6d469bd-78dvj   0/2     Terminating         0          76s


PODS UPDATE: seldon          myabtest-default-1-classifier-2-6f6f597cb9-s6ncv   0/1     Terminating         0          77s


PODS UPDATE: seldon          myabtest-default-1-classifier-2-6f6f597cb9-s6ncv   0/1     Terminating         0          81s


PODS UPDATE: seldon          myabtest-default-1-classifier-2-6f6f597cb9-s6ncv   0/1     Terminating         0          81s


PODS UPDATE: seldon          myabtest-default-0-classifier-1-84d6d469bd-78dvj   0/2     Terminating         0          81s


PODS UPDATE: seldon          myabtest-default-0-classifier-1-84d6d469bd-78dvj   0/2     Terminating         0          81s


PODS UPDATE: seldon          mymab-default-1-classifier-2-5fbb94b6b6-vkpls      1/1     Running             0          23s


PODS UPDATE: seldon          mymab-default-0-classifier-1-657bd79c8c-8jrbv      1/2     Running             0          23s


PODS UPDATE: seldon          mymab-default-2-eg-router-7944df495c-85xbw         1/1     Running             0          23s


PODS UPDATE: seldon          mymab-default-0-classifier-1-657bd79c8c-8jrbv      2/2     Running             0          25s


PODS UPDATE: seldon          mymab-default-2-eg-router-7944df495c-85xbw         1/1     Terminating         0          41s


PODS UPDATE: seldon          mymab-default-1-classifier-2-5fbb94b6b6-vkpls      1/1     Terminating         0          41s


PODS UPDATE: seldon          mymab-default-0-classifier-1-657bd79c8c-8jrbv      2/2     Terminating         0          41s


PODS UPDATE: seldon          iris-default-0-iris-default-7445d8b447-c67mx       0/2     Pending             0          0s


PODS UPDATE: seldon          iris-shadow-0-iris-shadow-7546b648f5-cdrdn         0/2     Pending             0          0s


PODS UPDATE: seldon          iris-shadow-0-iris-shadow-7546b648f5-cdrdn         0/2     Pending             0          0s


PODS UPDATE: seldon          iris-default-0-iris-default-7445d8b447-c67mx       0/2     Pending             0          0s


PODS UPDATE: seldon          iris-shadow-0-iris-shadow-7546b648f5-cdrdn         0/2     Init:0/1            0          1s


PODS UPDATE: seldon          iris-default-0-iris-default-7445d8b447-c67mx       0/2     Init:0/1            0          2s


PODS UPDATE: seldon          mymab-default-0-classifier-1-657bd79c8c-8jrbv      1/2     Terminating         0          55s


PODS UPDATE: seldon          mymab-default-2-eg-router-7944df495c-85xbw         0/1     Terminating         0          66s


PODS UPDATE: seldon          iris-shadow-0-iris-shadow-7546b648f5-cdrdn         0/2     Init:0/1            0          16s


PODS UPDATE: seldon          mymab-default-0-classifier-1-657bd79c8c-8jrbv      0/2     Terminating         0          66s


PODS UPDATE: seldon          mymab-default-1-classifier-2-5fbb94b6b6-vkpls      0/1     Terminating         0          66s


PODS UPDATE: seldon          iris-default-0-iris-default-7445d8b447-c67mx       0/2     Init:PASSED
test_notebooks.py::TestNotebooks::test_max_grpc_msg_size [NbConvertApp] Converting notebook ../../notebooks/max_grpc_msg_size.ipynb to script
[NbConvertApp] Writing 6437 bytes to ../../notebooks/max_grpc_msg_size.py
0/1            0          16s


PODS UPDATE: seldon          mymab-default-0-classifier-1-657bd79c8c-8jrbv      0/2     Terminating         0          67s


PODS UPDATE: seldon          mymab-default-0-classifier-1-657bd79c8c-8jrbv      0/2     Terminating         0          67s


PODS UPDATE: seldon          mymab-default-2-eg-router-7944df495c-85xbw         0/1     Terminating         0          67s


PODS UPDATE: seldon          mymab-default-2-eg-router-7944df495c-85xbw         0/1     Terminating         0          67s


PODS UPDATE: seldon          mymab-default-1-classifier-2-5fbb94b6b6-vkpls      0/1     Terminating         0          68s


PODS UPDATE: seldon          mymab-default-1-classifier-2-5fbb94b6b6-vkpls      0/1     Terminating         0          68s


PODS UPDATE: seldon          iris-shadow-0-iris-shadow-7546b648f5-cdrdn         0/2     PodInitializing     0          23s


PODS UPDATE: seldon          iris-default-0-iris-default-7445d8b447-c67mx       0/2     PodInitializing     0          24s


PODS UPDATE: seldon          iris-shadow-0-iris-shadow-7546b648f5-cdrdn         0/2     Running             0          24s


PODS UPDATE: seldon          iris-default-0-iris-default-7445d8b447-c67mx       0/2     Running             0          26s


PODS UPDATE: seldon          iris-shadow-0-iris-shadow-7546b648f5-cdrdn         1/2     Running             0          47s


PODS UPDATE: seldon          iris-default-0-iris-default-7445d8b447-c67mx       1/2     Running             0          47s


PODS UPDATE: seldon          iris-default-0-iris-default-7445d8b447-c67mx       2/2     Running             0          48s


PODS UPDATE: seldon          iris-shadow-0-iris-shadow-7546b648f5-cdrdn         2/2     Running             0          48s


PODS UPDATE: seldon          iris-default-0-iris-default-7445d8b447-c67mx       2/2     Terminating         0          64s


PODS UPDATE: seldon          iris-shadow-0-iris-shadow-7546b648f5-cdrdn         2/2     Terminating         0          64s


PODS UPDATE: seldon          model-long-timeout-test-0-classifier-c4b89d99c-mnrpm   0/2     Pending             0          0s


PODS UPDATE: seldon          model-long-timeout-test-0-classifier-c4b89d99c-mnrpm   0/2     Pending             0          0s


PODS UPDATE: seldon          model-long-timeout-test-0-classifier-c4b89d99c-mnrpm   0/2     ContainerCreating   0          0s


PODS UPDATE: seldon          iris-shadow-0-iris-shadow-7546b648f5-cdrdn             1/2     Terminating         0          77s


PODS UPDATE: seldon          iris-default-0-iris-default-7445d8b447-c67mx           1/2     Terminating         0          77s


PODS UPDATE: seldon          iris-shadow-0-iris-shadow-7546b648f5-cdrdn             0/2     Terminating         0          83s


PODS UPDATE: seldon          iris-default-0-iris-default-7445d8b447-c67mx           0/2     Terminating         0          83s


PODS UPDATE: seldon          iris-default-0-iris-default-7445d8b447-c67mx           0/2     Terminating         0          84s


PODS UPDATE: seldon          iris-default-0-iris-default-7445d8b447-c67mx           0/2     Terminating         0          84s


PODS UPDATE: seldon          iris-shadow-0-iris-shadow-7546b648f5-cdrdn             0/2     Terminating         0          84s


PODS UPDATE: seldon          iris-shadow-0-iris-shadow-7546b648f5-cdrdn             0/2     Terminating         0          84s


PODS UPDATE: seldon          model-long-timeout-test-0-classifier-c4b89d99c-mnrpm   0/2     Running             0          76s


PODS UPDATE: seldon          model-long-timeout-test-0-classifier-c4b89d99c-mnrpm   1/2     Running             0          99s


PODS UPDATE: seldon          model-long-timeout-test-0-classifier-c4b89d99c-mnrpm   2/2     Running             0          99s


PODS UPDATE: seldon          model-long-timeout-test-0-classifier-c4b89d99c-mnrpm   2/2     Terminating         0          2m


PODS UPDATE: seldon          seldon-model-grpc-size-0-classifier-74b446c8d5-nrbxw   0/2     Pending             0          0s


PODS UPDATE: seldon          seldon-model-grpc-size-0-classifier-74b446c8d5-nrbxw   0/2     Pending             0          0s


PODS UPDATE: seldon          seldon-model-grpc-size-0-classifier-74b446c8d5-nrbxw   0/2     ContainerCreating   0          0s


PODS UPDATE: seldon          model-long-timeout-test-0-classifier-c4b89d99c-mnrpm   1/2     Terminating         0          2m13s


PODS UPDATE: seldon          seldon-model-grpc-size-0-classifier-74b446c8d5-nrbxw   0/2     Running             0          28s


PODS UPDATE: seldon          seldon-model-grpc-size-0-classifier-74b446c8d5-nrbxw   1/2     Running             0          28s


PODS UPDATE: seldon          model-long-timeout-test-0-classifier-c4b89d99c-mnrpm   0/2     Terminating         0          2m35s


PODS UPDATE: seldon          model-long-timeout-test-0-classifier-c4b89d99c-mnrpm   0/2     Terminating         0          2m35s


PODS UPDATE: seldon          model-long-timeout-test-0-classifier-c4b89d99c-mnrpm   0/2     Terminating         0          2m42s


PODS UPDATE: seldon          model-long-timeout-test-0-classifier-c4b89d99c-mnrpm   0/2     Terminating         0          2m42s

PASSED
test_notebooks.py::TestNotebooks::test_multiple_operators [NbConvertApp] Converting notebook ../../notebooks/multiple_operators.ipynb to script
[NbConvertApp] Writing 4010 bytes to ../../notebooks/multiple_operators.py
PASSED
test_notebooks.py::TestNotebooks::test_protocol_examples [NbConvertApp] Converting notebook ../../notebooks/protocol_examples.ipynb to script
[NbConvertApp] Writing 8941 bytes to ../../notebooks/protocol_examples.py
PASSED
test_notebooks.py::TestNotebooks::test_server_examples [NbConvertApp] Converting notebook ../../notebooks/server_examples.ipynb to script
[NbConvertApp] Writing 9046 bytes to ../../notebooks/server_examples.py
PASSED
test_notebooks.py::TestNotebooks::test_rolling_updates [NbConvertApp] Converting notebook ../../notebooks/rolling_updates.ipynb to script
[NbConvertApp] Writing 25670 bytes to ../../notebooks/rolling_updates.py
PASSED
test_notebooks.py::TestNotebooks::test_ambassador_canary [NbConvertApp] Converting notebook ../../examples/ambassador/canary/ambassador_canary.ipynb to script
[NbConvertApp] Writing 3129 bytes to ../../examples/ambassador/canary/ambassador_canary.py
PASSED
test_notebooks.py::TestNotebooks::test_ambassador_headers [NbConvertApp] Converting notebook ../../examples/ambassador/headers/ambassador_headers.ipynb to script
[NbConvertApp] Writing 3771 bytes to ../../examples/ambassador/headers/ambassador_headers.py
PASSED
test_notebooks.py::TestNotebooks::test_ambassador_shadow [NbConvertApp] Converting notebook ../../examples/ambassador/shadow/ambassador_shadow.ipynb to script
[NbConvertApp] Writing 3408 bytes to ../../examples/ambassador/shadow/ambassador_shadow.py
PASSED
test_notebooks.py::TestNotebooks::test_ambassador_custom [NbConvertApp] Converting notebook ../../examples/ambassador/custom/ambassador_custom.ipynb to script
[NbConvertApp] Writing 2334 bytes to ../../examples/ambassador/custom/ambassador_custom.py
PASSED
test_notebooks.py::TestNotebooks::test_istio_canary [NbConvertApp] Converting notebook ../../examples/istio/canary_update/canary.ipynb to script
[NbConvertApp] Writing 6693 bytes to ../../examples/istio/canary_update/canary.py
PASSED
test_notebooks.py::TestNotebooks::test_tracing [NbConvertApp] Converting notebook ../../examples/models/tracing/tracing.ipynb to script
[NbConvertApp] Writing 4792 bytes to ../../examples/models/tracing/tracing.py
PASSED
test_notebooks.py::TestNotebooks::test_metrics [NbConvertApp] Converting notebook ../../examples/models/metrics/metrics.ipynb to script
[NbConvertApp] Writing 7593 bytes to ../../examples/models/metrics/metrics.py
PASSED
test_notebooks.py::TestNotebooks::test_metadata [NbConvertApp] Converting notebook ../../examples/models/metadata/metadata.ipynb to script
[NbConvertApp] Writing 9903 bytes to ../../examples/models/metadata/metadata.py
PASSED
test_notebooks.py::TestNotebooks::test_graph_metadata [NbConvertApp] Converting notebook ../../examples/models/metadata/graph_metadata.ipynb to script
[NbConvertApp] Writing 25718 bytes to ../../examples/models/metadata/graph_metadata.py
PASSED
test_notebooks.py::TestNotebooks::test_grpc_metadata [NbConvertApp] Converting notebook ../../examples/models/metadata/metadata_grpc.ipynb to script
[NbConvertApp] Writing 3613 bytes to ../../examples/models/metadata/metadata_grpc.py
PASSED
test_notebooks.py::TestNotebooks::test_payload_logging [NbConvertApp] Converting notebook ../../examples/models/payload_logging/payload_logging.ipynb to script
[NbConvertApp] Writing 2868 bytes to ../../examples/models/payload_logging/payload_logging.py
PASSED
test_notebooks.py::TestNotebooks::test_custom_metrics [NbConvertApp] Converting notebook ../../examples/models/custom_metrics/customMetrics.ipynb to script
[NbConvertApp] Writing 4194 bytes to ../../examples/models/custom_metrics/customMetrics.py
PASSED
test_notebooks.py::TestNotebooks::test_autoscaling [NbConvertApp] Converting notebook ../../examples/models/autoscaling/autoscaling_example.ipynb to script
[NbConvertApp] Writing 3770 bytes to ../../examples/models/autoscaling/autoscaling_example.py
PASSED
test_notebooks.py::TestNotebooks::test_scaling [NbConvertApp] Converting notebook ../../notebooks/scale.ipynb to script
[NbConvertApp] Writing 6433 bytes to ../../notebooks/scale.py
PASSED
test_notebooks.py::TestNotebooks::test_jsondata [NbConvertApp] Converting notebook ../../examples/models/sklearn_iris_jsondata/sklearn_iris_jsondata.ipynb to script
[NbConvertApp] Writing 5505 bytes to ../../examples/models/sklearn_iris_jsondata/sklearn_iris_jsondata.py
PASSED
test_notebooks.py::TestNotebooks::test_sklearn_iris [NbConvertApp] Converting notebook ../../examples/models/sklearn_iris/sklearn_iris.ipynb to script
[NbConvertApp] Writing 4769 bytes to ../../examples/models/sklearn_iris/sklearn_iris.py
PASSED
test_notebooks.py::TestNotebooks::test_upgrade [NbConvertApp] Converting notebook ../../notebooks/operator_upgrade.ipynb to script
[NbConvertApp] Writing 6876 bytes to ../../notebooks/operator_upgrade.py
PASSED

=================================== FAILURES ===================================
____________________ TestNotebooks.test_explainer_examples _____________________

self = <test_notebooks.TestNotebooks object at 0x7fa07191f6a0>

    def test_explainer_examples(self):
>       create_and_run_script("../../notebooks", "explainer_examples")

test_notebooks.py:42: 
_ _ _ _ _ _ _ _ _ _ _ _ _ _ _ _ _ _ _ _ _ _ _ _ _ _ _ _ _ _ _ _ _ _ _ _ _ _ _ _ 
test_notebooks.py:27: in create_and_run_script
    raise e
test_notebooks.py:20: in create_and_run_script
    encoding="utf-8",
_ _ _ _ _ _ _ _ _ _ _ _ _ _ _ _ _ _ _ _ _ _ _ _ _ _ _ _ _ _ _ _ _ _ _ _ _ _ _ _ 

input = None, timeout = None, check = True
popenargs = ('cd ../../notebooks && ./explainer_examples.py',)
kwargs = {'encoding': 'utf-8', 'shell': True, 'stderr': -1, 'stdout': -1}
process = <subprocess.Popen object at 0x7fa07191f828>
stdout = 'Context "kind-kind" modified.\nseldondeployment.machinelearning.seldon.io/income created\nWaiting for deployment "inc...1;32m    181\x1b[0m \x1b[0;34m\x1b[0m\x1b[0m\n\n\x1b[0;31mTypeError\x1b[0m: \'Response\' object is not subscriptable\n'
stderr = 'Error from server (AlreadyExists): namespaces "seldon" already exists\nerror: deployment "income-default-explainer" e...es SQLite, your history will not be saved\n  warn("IPython History requires SQLite, your history will not be saved")\n'
retcode = 1

    def run(*popenargs, input=None, timeout=None, check=False, **kwargs):
        """Run command with arguments and return a CompletedProcess instance.
    
        The returned instance will have attributes args, returncode, stdout and
        stderr. By default, stdout and stderr are not captured, and those attributes
        will be None. Pass stdout=PIPE and/or stderr=PIPE in order to capture them.
    
        If check is True and the exit code was non-zero, it raises a
        CalledProcessError. The CalledProcessError object will have the return code
        in the returncode attribute, and output & stderr attributes if those streams
        were captured.
    
        If timeout is given, and the process takes too long, a TimeoutExpired
        exception will be raised.
    
        There is an optional argument "input", allowing you to
        pass a string to the subprocess's stdin.  If you use this argument
        you may not also use the Popen constructor's "stdin" argument, as
        it will be used internally.
    
        The other arguments are the same as for the Popen constructor.
    
        If universal_newlines=True is passed, the "input" argument must be a
        string and stdout/stderr in the returned object will be strings rather than
        bytes.
        """
        if input is not None:
            if 'stdin' in kwargs:
                raise ValueError('stdin and input arguments may not both be used.')
            kwargs['stdin'] = PIPE
    
        with Popen(*popenargs, **kwargs) as process:
            try:
                stdout, stderr = process.communicate(input, timeout=timeout)
            except TimeoutExpired:
                process.kill()
                stdout, stderr = process.communicate()
                raise TimeoutExpired(process.args, timeout, output=stdout,
                                     stderr=stderr)
            except:
                process.kill()
                process.wait()
                raise
            retcode = process.poll()
            if check and retcode:
                raise CalledProcessError(retcode, process.args,
>                                        output=stdout, stderr=stderr)
E               subprocess.CalledProcessError: Command 'cd ../../notebooks && ./explainer_examples.py' returned non-zero exit status 1.

/usr/local/lib/python3.6/subprocess.py:438: CalledProcessError
------------------------------ Captured log call -------------------------------
ERROR    root:test_notebooks.py:24 failed notebook test explainer_examples stdout:Context "kind-kind" modified.
seldondeployment.machinelearning.seldon.io/income created
Waiting for deployment "income-default-0-classifier" rollout to finish: 0 of 1 updated replicas are available...
deployment "income-default-0-classifier" successfully rolled out
Waiting for deployment "income-default-explainer" rollout to finish: 0 of 1 updated replicas are available...
Writing resources/income_explainer.yaml
None
[0;31m---------------------------------------------------------------------------[0m
[0;31mTypeError[0m                                 Traceback (most recent call last)
[0;32m/workspace/source/notebooks/explainer_examples.py[0m in [0;36m<module>[0;34m[0m
[1;32m    177[0m [0mdata[0m [0;34m=[0m [0mnp[0m[0;34m.[0m[0marray[0m[0;34m([0m[0;34m[[0m[0;34m[[0m[0;36m39[0m[0;34m,[0m [0;36m7[0m[0;34m,[0m [0;36m1[0m[0;34m,[0m [0;36m1[0m[0;34m,[0m [0;36m1[0m[0;34m,[0m [0;36m1[0m[0;34m,[0m [0;36m4[0m[0;34m,[0m [0;36m1[0m[0;34m,[0m [0;36m2174[0m[0;34m,[0m [0;36m0[0m[0;34m,[0m [0;36m40[0m[0;34m,[0m [0;36m9[0m[0;34m][0m[0;34m][0m[0;34m)[0m[0;34m[0m[0;34m[0m[0m
[1;32m    178[0m [0mexplanation[0m [0;34m=[0m [0msc[0m[0;34m.[0m[0mexplain[0m[0;34m([0m[0mdeployment_name[0m[0;34m=[0m[0;34m"income"[0m[0;34m,[0m [0mpredictor[0m[0;34m=[0m[0;34m"default"[0m[0;34m,[0m [0mdata[0m[0;34m=[0m[0mdata[0m[0;34m)[0m[0;34m[0m[0;34m[0m[0m
[0;32m--> 179[0;31m [0mprint[0m[0;34m([0m[0mexplanation[0m[0;34m.[0m[0mresponse[0m[0;34m[[0m[0;34m"data"[0m[0;34m][0m[0;34m[[0m[0;34m"anchor"[0m[0;34m][0m[0;34m)[0m[0;34m[0m[0;34m[0m[0m
[0m[1;32m    180[0m [0;34m[0m[0m
[1;32m    181[0m [0;34m[0m[0m

[0;31mTypeError[0m: 'Response' object is not subscriptable
, stderr:Error from server (AlreadyExists): namespaces "seldon" already exists
error: deployment "income-default-explainer" exceeded its progress deadline
  % Total    % Received % Xferd  Average Speed   Time    Time     Time  Current
                                 Dload  Upload   Total   Spent    Left  Speed

  0     0    0     0    0     0      0      0 --:--:-- --:--:-- --:--:--     0
100    65    0     0  100    65      0   8125 --:--:-- --:--:-- --:--:--  9285
/usr/local/lib/python3.6/site-packages/IPython/core/history.py:226: UserWarning: IPython History requires SQLite, your history will not be saved
  warn("IPython History requires SQLite, your history will not be saved")
------------------------------ Captured log call -------------------------------
ERROR    root:test_notebooks.py:24 failed notebook test explainer_examples stdout:Context "kind-kind" modified.
seldondeployment.machinelearning.seldon.io/income created
Waiting for deployment "income-default-0-classifier" rollout to finish: 0 of 1 updated replicas are available...
deployment "income-default-0-classifier" successfully rolled out
Waiting for deployment "income-default-explainer" rollout to finish: 0 of 1 updated replicas are available...
Overwriting resources/income_explainer.yaml
None
[0;31m---------------------------------------------------------------------------[0m
[0;31mTypeError[0m                                 Traceback (most recent call last)
[0;32m/workspace/source/notebooks/explainer_examples.py[0m in [0;36m<module>[0;34m[0m
[1;32m    177[0m [0mdata[0m [0;34m=[0m [0mnp[0m[0;34m.[0m[0marray[0m[0;34m([0m[0;34m[[0m[0;34m[[0m[0;36m39[0m[0;34m,[0m [0;36m7[0m[0;34m,[0m [0;36m1[0m[0;34m,[0m [0;36m1[0m[0;34m,[0m [0;36m1[0m[0;34m,[0m [0;36m1[0m[0;34m,[0m [0;36m4[0m[0;34m,[0m [0;36m1[0m[0;34m,[0m [0;36m2174[0m[0;34m,[0m [0;36m0[0m[0;34m,[0m [0;36m40[0m[0;34m,[0m [0;36m9[0m[0;34m][0m[0;34m][0m[0;34m)[0m[0;34m[0m[0;34m[0m[0m
[1;32m    178[0m [0mexplanation[0m [0;34m=[0m [0msc[0m[0;34m.[0m[0mexplain[0m[0;34m([0m[0mdeployment_name[0m[0;34m=[0m[0;34m"income"[0m[0;34m,[0m [0mpredictor[0m[0;34m=[0m[0;34m"default"[0m[0;34m,[0m [0mdata[0m[0;34m=[0m[0mdata[0m[0;34m)[0m[0;34m[0m[0;34m[0m[0m
[0;32m--> 179[0;31m [0mprint[0m[0;34m([0m[0mexplanation[0m[0;34m.[0m[0mresponse[0m[0;34m[[0m[0;34m"data"[0m[0;34m][0m[0;34m[[0m[0;34m"anchor"[0m[0;34m][0m[0;34m)[0m[0;34m[0m[0;34m[0m[0m
[0m[1;32m    180[0m [0;34m[0m[0m
[1;32m    181[0m [0;34m[0m[0m

[0;31mTypeError[0m: 'Response' object is not subscriptable
, stderr:Error from server (AlreadyExists): namespaces "seldon" already exists
error: deployment "income-default-explainer" exceeded its progress deadline
  % Total    % Received % Xferd  Average Speed   Time    Time     Time  Current
                                 Dload  Upload   Total   Spent    Left  Speed

  0     0    0     0    0     0      0      0 --:--:-- --:--:-- --:--:--     0
100    65    0     0  100    65      0  10833 --:--:-- --:--:-- --:--:-- 10833
/usr/local/lib/python3.6/site-packages/IPython/core/history.py:226: UserWarning: IPython History requires SQLite, your history will not be saved
  warn("IPython History requires SQLite, your history will not be saved")
===Flaky Test Report===

test_helm_examples passed 1 out of the required 1 times. Success!
test_explainer_examples failed (1 runs remaining out of 2).
	<class 'subprocess.CalledProcessError'>
	Command 'cd ../../notebooks && ./explainer_examples.py' returned non-zero exit status 1.
	[<TracebackEntry /workspace/source/testing/scripts/test_notebooks.py:42>, <TracebackEntry /workspace/source/testing/scripts/test_notebooks.py:27>, <TracebackEntry /workspace/source/testing/scripts/test_notebooks.py:20>, <TracebackEntry /usr/local/lib/python3.6/subprocess.py:438>]
test_explainer_examples failed; it passed 0 out of the required 1 times.
	<class 'subprocess.CalledProcessError'>
	Command 'cd ../../notebooks && ./explainer_examples.py' returned non-zero exit status 1.
	[<TracebackEntry /workspace/source/testing/scripts/test_notebooks.py:42>, <TracebackEntry /workspace/source/testing/scripts/test_notebooks.py:27>, <TracebackEntry /workspace/source/testing/scripts/test_notebooks.py:20>, <TracebackEntry /usr/local/lib/python3.6/subprocess.py:438>]
test_istio_examples passed 1 out of the required 1 times. Success!
test_max_grpc_msg_size passed 1 out of the required 1 times. Success!
test_multiple_operators passed 1 out of the required 1 times. Success!
test_protocol_examples passed 1 out of the required 1 times. Success!
test_server_examples passed 1 out of the required 1 times. Success!
test_rolling_updates passed 1 out of the required 1 times. Success!
test_ambassador_canary passed 1 out of the required 1 times. Success!
test_ambassador_headers passed 1 out of the required 1 times. Success!
test_ambassador_shadow passed 1 out of the required 1 times. Success!
test_ambassador_custom passed 1 out of the required 1 times. Success!
test_istio_canary passed 1 out of the required 1 times. Success!
test_tracing passed 1 out of the required 1 times. Success!
test_metrics passed 1 out of the required 1 times. Success!
test_metadata passed 1 out of the required 1 times. Success!
test_graph_metadata passed 1 out of the required 1 times. Success!
test_grpc_metadata passed 1 out of the required 1 times. Success!
test_payload_logging passed 1 out of the required 1 times. Success!
test_custom_metrics passed 1 out of the required 1 times. Success!
test_autoscaling passed 1 out of the required 1 times. Success!
test_scaling passed 1 out of the required 1 times. Success!
test_jsondata passed 1 out of the required 1 times. Success!
test_sklearn_iris passed 1 out of the required 1 times. Success!
test_upgrade passed 1 out of the required 1 times. Success!

===End Flaky Test Report===
================== 1 failed, 24 passed in 7395.68s (2:03:15) ===================
make: *** [Makefile:147: test_notebooks] Error 1
Test returned errors
kind delete cluster
Deleting cluster "kind" ...
Stopping Docker: dockerProgram process in pidfile '/var/run/docker-ssd.pid', 1 process(es), refused to die.
[31m
Pipeline failed on stage 'end-to-end' : container 'step-test-end-to-end'. The execution of the pipeline has stopped.[0m
