
Showing logs for build [32mseldonio-seldon-core-pr-2323-no-7vqt4-7[0m stage [32mpr-build-comment[0m and container [32mstep-credential-initializer-mshx9[0m
{"level":"info","ts":1598521878.6733782,"logger":"fallback-logger","caller":"logging/config.go:69","msg":"Fetch GitHub commit ID from kodata failed: open /var/run/ko/refs/heads/0.8.0-ns-support: no such file or directory"}
{"level":"info","ts":1598521878.6740794,"logger":"fallback-logger","caller":"creds-init/main.go:40","msg":"Credentials initialized."}

Showing logs for build [32mseldonio-seldon-core-pr-2323-no-7vqt4-7[0m stage [32mpr-build-comment[0m and container [32mstep-working-dir-initializer-thgbd[0m
{"level":"info","ts":1598521879.1332765,"logger":"fallback-logger","caller":"logging/config.go:69","msg":"Fetch GitHub commit ID from kodata failed: open /var/run/ko/HEAD: no such file or directory"}
{"level":"info","ts":1598521879.1352563,"logger":"fallback-logger","caller":"bash/main.go:64","msg":"Successfully executed command \"sh -c mkdir -p /workspace/source\"; output "}

Showing logs for build [32mseldonio-seldon-core-pr-2323-no-7vqt4-7[0m stage [32mpr-build-comment[0m and container [32mstep-place-tools[0m

Showing logs for build [32mseldonio-seldon-core-pr-2323-no-7vqt4-7[0m stage [32mpr-build-comment[0m and container [32mstep-create-dir-workspace-z4nsd[0m
{"level":"info","ts":1598521885.2234106,"logger":"fallback-logger","caller":"logging/config.go:69","msg":"Fetch GitHub commit ID from kodata failed: open /var/run/ko/HEAD: no such file or directory"}
{"level":"info","ts":1598521885.2255578,"logger":"fallback-logger","caller":"bash/main.go:64","msg":"Successfully executed command \"sh -c mkdir -p source\"; output "}

Showing logs for build [32mseldonio-seldon-core-pr-2323-no-7vqt4-7[0m stage [32mpr-build-comment[0m and container [32mstep-git-source-seldonio-seldon-core-pr-2323-no-7vqt4-xp7fx[0m
{"level":"info","ts":1598521885.4728584,"logger":"fallback-logger","caller":"logging/config.go:69","msg":"Fetch GitHub commit ID from kodata failed: open /var/run/ko/refs/heads/0.8.0-ns-support: no such file or directory"}
{"level":"info","ts":1598521890.3217347,"logger":"fallback-logger","caller":"git/git.go:103","msg":"Successfully cloned https://github.com/SeldonIO/seldon-core.git @ master in path /workspace/source"}

Showing logs for build [32mseldonio-seldon-core-pr-2323-no-7vqt4-7[0m stage [32mpr-build-comment[0m and container [32mstep-setup-builder-home[0m

Showing logs for build [32mseldonio-seldon-core-pr-2323-no-7vqt4-7[0m stage [32mpr-build-comment[0m and container [32mstep-git-merge[0m
Using SHAs from PULL_REFS=master:778856c8417ac0ed7bdedaed3082d92789e7e73e,2323:27e5438dc5eb6532532e1bf5a6ec16fd3360e78c
DEBUG: JX_LOG_LEVEL=error LC_ALL=C git fetch origin --unshallow 27e5438dc5eb6532532e1bf5a6ec16fd3360e78c: 778856c8417ac0ed7bdedaed3082d92789e7e73e:
DEBUG: ran git fetch --unshallow origin 27e5438dc5eb6532532e1bf5a6ec16fd3360e78c: 778856c8417ac0ed7bdedaed3082d92789e7e73e: in 
DEBUG: JX_LOG_LEVEL=error LC_ALL=C git branch
DEBUG: LC_ALL=C JX_LOG_LEVEL=error git checkout master
DEBUG: ran git checkout master in 
DEBUG: LC_ALL=C JX_LOG_LEVEL=error git reset --hard 778856c8417ac0ed7bdedaed3082d92789e7e73e
DEBUG: ran git reset --hard 778856c8417ac0ed7bdedaed3082d92789e7e73e in 
DEBUG: LC_ALL=C JX_LOG_LEVEL=error git clean -fd .
DEBUG: ran clean --force -d . in 
DEBUG: LC_ALL=C JX_LOG_LEVEL=error git merge 27e5438dc5eb6532532e1bf5a6ec16fd3360e78c
DEBUG: ran git merge 27e5438dc5eb6532532e1bf5a6ec16fd3360e78c in 
DEBUG: LC_ALL=C JX_LOG_LEVEL=error git log --format=%H%x1f%an%x1f%ae%x1f%cn%x1f%ce%x1f%s%n%b%x1e 778856c8417ac0ed7bdedaed3082d92789e7e73e..HEAD
Merged SHA af23faaee74c893840b7908e6dd158ed5e27df52 with commit message 'Merge commit '27e5438dc5eb6532532e1bf5a6ec16fd3360e78c'' into base branch master
Merged SHA 27e5438dc5eb6532532e1bf5a6ec16fd3360e78c with commit message 'Update tracing.ipynb' into base branch master
Merged SHA 1c128570b714647144f13b17becc3ed7972595a5 with commit message 'Update distributed-tracing.md' into base branch master
Merged SHA 0494ce2c7142392d7cb0c17c29fa7f9191573a1e with commit message 'Update tracing.ipynb' into base branch master
Merged SHA a161ca2fcacb591e76e215bb0a1dfa3b776ed95d with commit message 'Update distributed-tracing.md' into base branch master

Showing logs for build [32mseldonio-seldon-core-pr-2323-no-7vqt4-7[0m stage [32mpr-build-comment[0m and container [32mstep-step2[0m
+++ dirname ./add-pr-build-comment
++ cd .
++ pwd
+ STARTUP_DIR=/workspace/source/ci
+ REPO_OWNER=SeldonIO
+ REPO_NAME=seldon-core
+ PULL_NUMBER=2323
+ BUILD_NUMBER=7
+ PIPELINE_CONTEXT=notebooks
++ cat
+++ date
+ COMMENT_MSG='Thu Aug 27 09:51:37 UTC 2020
The logs for [notebooks] [7] will show after the pipeline context has finished.  
https://github.com/SeldonIO/seldon-core/blob/gh-pages/jenkins-x/logs/SeldonIO/seldon-core/PR-2323/7.log

impatient try  
** get build logs SeldonIO/seldon-core/PR-2323 --build=7'
+ ** step pr comment --owner=SeldonIO --repository=seldon-core --pull-request=2323 '--comment=Thu Aug 27 09:51:37 UTC 2020
The logs for [notebooks] [7] will show after the pipeline context has finished.  
https://github.com/SeldonIO/seldon-core/blob/gh-pages/jenkins-x/logs/SeldonIO/seldon-core/PR-2323/7.log

impatient try  
** get build logs SeldonIO/seldon-core/PR-2323 --build=7'

Showing logs for build [32mseldonio-seldon-core-pr-2323-no-7vqt4-7[0m stage [32mpr-build-comment[0m and container [32mstep-source-mkdir-seldonio-seldon-core-pr-2323-no-7vqt4-np5f9[0m
{"level":"info","ts":1598521899.4873385,"logger":"fallback-logger","caller":"logging/config.go:69","msg":"Fetch GitHub commit ID from kodata failed: open /var/run/ko/HEAD: no such file or directory"}
{"level":"info","ts":1598521899.4914951,"logger":"fallback-logger","caller":"bash/main.go:64","msg":"Successfully executed command \"sh -c mkdir -p /pvc/pr-build-comment/workspace\"; output "}

Showing logs for build [32mseldonio-seldon-core-pr-2323-no-7vqt4-7[0m stage [32mpr-build-comment[0m and container [32mstep-source-copy-seldonio-seldon-core-pr-2323-no-7vqt4-99b8x[0m
{"level":"info","ts":1598521899.7262616,"logger":"fallback-logger","caller":"logging/config.go:69","msg":"Fetch GitHub commit ID from kodata failed: open /var/run/ko/HEAD: no such file or directory"}
{"level":"info","ts":1598521900.1448436,"logger":"fallback-logger","caller":"bash/main.go:64","msg":"Successfully executed command \"sh -c cp -r source/. /pvc/pr-build-comment/workspace\"; output "}

Showing logs for build [32mseldonio-seldon-core-pr-2323-no-7vqt4-7[0m stage [32mend-to-end[0m and container [32mstep-credential-initializer-fr62x[0m
{"level":"info","ts":1598521902.6871202,"logger":"fallback-logger","caller":"logging/config.go:69","msg":"Fetch GitHub commit ID from kodata failed: open /var/run/ko/refs/heads/0.8.0-ns-support: no such file or directory"}
{"level":"info","ts":1598521902.6875224,"logger":"fallback-logger","caller":"creds-init/main.go:40","msg":"Credentials initialized."}

Showing logs for build [32mseldonio-seldon-core-pr-2323-no-7vqt4-7[0m stage [32mend-to-end[0m and container [32mstep-working-dir-initializer-4gbnh[0m
{"level":"info","ts":1598521903.961414,"logger":"fallback-logger","caller":"logging/config.go:69","msg":"Fetch GitHub commit ID from kodata failed: open /var/run/ko/HEAD: no such file or directory"}
{"level":"info","ts":1598521903.9631765,"logger":"fallback-logger","caller":"bash/main.go:64","msg":"Successfully executed command \"sh -c mkdir -p /workspace/source\"; output "}

Showing logs for build [32mseldonio-seldon-core-pr-2323-no-7vqt4-7[0m stage [32mend-to-end[0m and container [32mstep-place-tools[0m

Showing logs for build [32mseldonio-seldon-core-pr-2323-no-7vqt4-7[0m stage [32mend-to-end[0m and container [32mstep-create-dir-workspace-85qzf[0m
{"level":"info","ts":1598521910.0285673,"logger":"fallback-logger","caller":"logging/config.go:69","msg":"Fetch GitHub commit ID from kodata failed: open /var/run/ko/HEAD: no such file or directory"}
{"level":"info","ts":1598521910.030232,"logger":"fallback-logger","caller":"bash/main.go:64","msg":"Successfully executed command \"sh -c mkdir -p /workspace/source\"; output "}

Showing logs for build [32mseldonio-seldon-core-pr-2323-no-7vqt4-7[0m stage [32mend-to-end[0m and container [32mstep-source-copy-workspace-gsk44[0m
{"level":"info","ts":1598521910.2839646,"logger":"fallback-logger","caller":"logging/config.go:69","msg":"Fetch GitHub commit ID from kodata failed: open /var/run/ko/HEAD: no such file or directory"}
{"level":"info","ts":1598521910.70649,"logger":"fallback-logger","caller":"bash/main.go:64","msg":"Successfully executed command \"sh -c cp -r /pvc/pr-build-comment/workspace/. /workspace/source\"; output "}

Showing logs for build [32mseldonio-seldon-core-pr-2323-no-7vqt4-7[0m stage [32mend-to-end[0m and container [32mstep-setup-builder-home[0m

Showing logs for build [32mseldonio-seldon-core-pr-2323-no-7vqt4-7[0m stage [32mend-to-end[0m and container [32mstep-test-end-to-end[0m
Test run type is: [notebooks]
Starting Docker: docker.
[SETUP] Waiting for Docker to be ready, sleeping for 1 seconds ...
kind create cluster --config ../resources/kind_config.yaml
Creating cluster "kind" ...
 â€¢ Ensuring node image (kindest/node:v1.16.3) ðŸ–¼  ...
 âœ“ Ensuring node image (kindest/node:v1.16.3) ðŸ–¼
 â€¢ Preparing nodes ðŸ“¦  ...
 âœ“ Preparing nodes ðŸ“¦
 â€¢ Writing configuration ðŸ“œ  ...
 âœ“ Writing configuration ðŸ“œ
 â€¢ Starting control-plane ðŸ•¹ï¸  ...
 âœ“ Starting control-plane ðŸ•¹ï¸
 â€¢ Installing CNI ðŸ”Œ  ...
 âœ“ Installing CNI ðŸ”Œ
 â€¢ Installing StorageClass ðŸ’¾  ...
 âœ“ Installing StorageClass ðŸ’¾
 â€¢ Joining worker nodes ðŸšœ  ...
 âœ“ Joining worker nodes ðŸšœ
Set kubectl context to "kind-kind"
You can now use your cluster with:

kubectl cluster-info --context kind-kind

Have a nice day! ðŸ‘‹
`kind get kubeconfig-path` is deprecated!

KIND will export and merge kubeconfig like kops, minikube, etc.
This command is now unnecessary and will be removed in a future release.

For more info see: https://github.com/kubernetes-sigs/kind/issues/1060
See also the output of `kind create cluster`

Files changed in python folder:
SKIPPING PYTHON IMAGE BUILD...
Files changed in operator folder:
SKIPPING OPERATOR IMAGE BUILD...
Files changed in engine folder:
SKIPPING ENGINE IMAGE BUILD...
Files changed in executor folder:
SKIPPING EXECUTOR IMAGE BUILD...
Build test models
make -C ../docker/fixed-model kind_load_images
make[1]: Entering directory '/workspace/source/testing/docker/fixed-model'
s2i build -E environment_rest_v1 . seldonio/seldon-core-s2i-python3:0.15 seldonio/fixed-model:0.1
---> Installing application source...
Build completed successfully
s2i build -E environment_rest_v2 . seldonio/seldon-core-s2i-python3:0.15 seldonio/fixed-model:0.2
---> Installing application source...
Build completed successfully
kind load -v 3 docker-image seldonio/fixed-model:0.1
Image: "seldonio/fixed-model:0.1" with ID "sha256:5eb36a32513d852b18f0f052867fa9c50ca239b0d04e536ebaec0dc8c1dd66a5" not present on node "kind-control-plane"
Image: "seldonio/fixed-model:0.1" with ID "sha256:5eb36a32513d852b18f0f052867fa9c50ca239b0d04e536ebaec0dc8c1dd66a5" not present on node "kind-worker"
kind load -v 3 docker-image seldonio/fixed-model:0.2
Image: "seldonio/fixed-model:0.2" with ID "sha256:ff0a4dc391f95bf2a34a0def17f82362b04b52e61f617229ce34c5ae5528696a" not present on node "kind-control-plane"
Image: "seldonio/fixed-model:0.2" with ID "sha256:ff0a4dc391f95bf2a34a0def17f82362b04b52e61f617229ce34c5ae5528696a" not present on node "kind-worker"
make[1]: Leaving directory '/workspace/source/testing/docker/fixed-model'
make -C ../docker/echo-model kind_load_image
make[1]: Entering directory '/workspace/source/testing/docker/echo-model'
s2i build \
	-E environment_rest \
	.\
	seldonio/seldon-core-s2i-python3:1.1.1-SNAPSHOT\
	seldonio/echo-model:0.1
---> Installing application source...
Build completed successfully
kind load -v 3 docker-image seldonio/echo-model:0.1
Image: "seldonio/echo-model:0.1" with ID "sha256:89adc28a1260212f7a77c6ecead6132b224c693d9c86f09de9535c235b4d61ec" not present on node "kind-control-plane"
Image: "seldonio/echo-model:0.1" with ID "sha256:89adc28a1260212f7a77c6ecead6132b224c693d9c86f09de9535c235b4d61ec" not present on node "kind-worker"
make[1]: Leaving directory '/workspace/source/testing/docker/echo-model'
Files changed in prepackaged folder:
SKIPPING PREPACKAGED IMAGE BUILD...
Files changed in alibi folder:
SKIPPING ALIBI IMAGE BUILD...
Files changed in misc folders:
SKIPPING MISC IMAGE BUILD...
kubectl create namespace seldon || echo "Namespace seldon already exists"
namespace/seldon created
kubectl create namespace test1 || echo "Namespace test1 already exists"
namespace/test1 created
helm repo add stable https://kubernetes-charts.storage.googleapis.com/
"stable" has been added to your repositories
helm repo add seldonio https://storage.googleapis.com/seldon-charts
"seldonio" has been added to your repositories
helm repo add jaegertracing https://jaegertracing.github.io/helm-charts
"jaegertracing" has been added to your repositories
helm repo add datawire https://www.getambassador.io
"datawire" has been added to your repositories
helm repo update
Hang tight while we grab the latest from your chart repositories...
...Successfully got an update from the "jaegertracing" chart repository
...Successfully got an update from the "seldonio" chart repository
...Successfully got an update from the "datawire" chart repository
...Successfully got an update from the "stable" chart repository
Update Complete. âŽˆ Happy Helming!âŽˆ 
helm install ambassador \
	datawire/ambassador \
	-f ../resources/ambassador_values.yaml \
	--set image.repository=quay.io/datawire/ambassador \
	--set crds.keep=false \
	--set enableAES=false \
	--namespace seldon \
	--set replicaCount=1 \
	--wait
manifest_sorter.go:192: info: skipping unknown hook: "crd-install"
manifest_sorter.go:192: info: skipping unknown hook: "crd-install"
manifest_sorter.go:192: info: skipping unknown hook: "crd-install"
manifest_sorter.go:192: info: skipping unknown hook: "crd-install"
manifest_sorter.go:192: info: skipping unknown hook: "crd-install"
manifest_sorter.go:192: info: skipping unknown hook: "crd-install"
manifest_sorter.go:192: info: skipping unknown hook: "crd-install"
manifest_sorter.go:192: info: skipping unknown hook: "crd-install"
manifest_sorter.go:192: info: skipping unknown hook: "crd-install"
manifest_sorter.go:192: info: skipping unknown hook: "crd-install"
manifest_sorter.go:192: info: skipping unknown hook: "crd-install"
manifest_sorter.go:192: info: skipping unknown hook: "crd-install"
manifest_sorter.go:192: info: skipping unknown hook: "crd-install"
manifest_sorter.go:192: info: skipping unknown hook: "crd-install"
manifest_sorter.go:192: info: skipping unknown hook: "crd-install"
manifest_sorter.go:192: info: skipping unknown hook: "crd-install"
manifest_sorter.go:192: info: skipping unknown hook: "crd-install"
manifest_sorter.go:192: info: skipping unknown hook: "crd-install"
NAME: ambassador
LAST DEPLOYED: Thu Aug 27 09:59:13 2020
NAMESPACE: seldon
STATUS: deployed
REVISION: 1
NOTES:
-------------------------------------------------------------------------------
  Congratulations! You've successfully installed Ambassador!

-------------------------------------------------------------------------------
To get the IP address of Ambassador, run the following commands:
  export NODE_PORT=$(kubectl get --namespace seldon -o jsonpath="{.spec.ports[0].nodePort}" services ambassador)
  export NODE_IP=$(kubectl get nodes --namespace seldon -o jsonpath="{.items[0].status.addresses[0].address}")
  echo http://$NODE_IP:$NODE_PORT

For help, visit our Slack at https://d6e.co/slack or view the documentation online at https://www.getambassador.io.
kubectl apply -f istio-1.4.2.yaml
clusterrole.rbac.authorization.k8s.io/istio-reader-istio-system created
clusterrolebinding.rbac.authorization.k8s.io/istio-reader-istio-system created
customresourcedefinition.apiextensions.k8s.io/attributemanifests.config.istio.io created
customresourcedefinition.apiextensions.k8s.io/clusterrbacconfigs.rbac.istio.io created
customresourcedefinition.apiextensions.k8s.io/destinationrules.networking.istio.io created
customresourcedefinition.apiextensions.k8s.io/envoyfilters.networking.istio.io created
customresourcedefinition.apiextensions.k8s.io/gateways.networking.istio.io created
customresourcedefinition.apiextensions.k8s.io/httpapispecbindings.config.istio.io created
customresourcedefinition.apiextensions.k8s.io/httpapispecs.config.istio.io created
customresourcedefinition.apiextensions.k8s.io/meshpolicies.authentication.istio.io created
customresourcedefinition.apiextensions.k8s.io/policies.authentication.istio.io created
customresourcedefinition.apiextensions.k8s.io/quotaspecbindings.config.istio.io created
customresourcedefinition.apiextensions.k8s.io/quotaspecs.config.istio.io created
customresourcedefinition.apiextensions.k8s.io/rbacconfigs.rbac.istio.io created
customresourcedefinition.apiextensions.k8s.io/rules.config.istio.io created
customresourcedefinition.apiextensions.k8s.io/serviceentries.networking.istio.io created
customresourcedefinition.apiextensions.k8s.io/servicerolebindings.rbac.istio.io created
customresourcedefinition.apiextensions.k8s.io/serviceroles.rbac.istio.io created
customresourcedefinition.apiextensions.k8s.io/virtualservices.networking.istio.io created
customresourcedefinition.apiextensions.k8s.io/adapters.config.istio.io created
customresourcedefinition.apiextensions.k8s.io/instances.config.istio.io created
customresourcedefinition.apiextensions.k8s.io/templates.config.istio.io created
customresourcedefinition.apiextensions.k8s.io/handlers.config.istio.io created
customresourcedefinition.apiextensions.k8s.io/sidecars.networking.istio.io created
customresourcedefinition.apiextensions.k8s.io/authorizationpolicies.security.istio.io created
namespace/istio-system created
serviceaccount/istio-reader-service-account created
clusterrole.rbac.authorization.k8s.io/istio-citadel-istio-system created
clusterrolebinding.rbac.authorization.k8s.io/istio-citadel-istio-system created
deployment.apps/istio-citadel created
poddisruptionbudget.policy/istio-citadel created
service/istio-citadel created
serviceaccount/istio-citadel-service-account created
deployment.apps/istio-egressgateway created
poddisruptionbudget.policy/istio-egressgateway created
gateway.networking.istio.io/istio-multicluster-egressgateway created
virtualservice.networking.istio.io/istio-multicluster-egressgateway created
envoyfilter.networking.istio.io/istio-multicluster-egressgateway created
destinationrule.networking.istio.io/istio-multicluster-destinationrule created
service/istio-egressgateway created
role.rbac.authorization.k8s.io/istio-egressgateway-sds created
rolebinding.rbac.authorization.k8s.io/istio-egressgateway-sds created
serviceaccount/istio-egressgateway-service-account created
clusterrole.rbac.authorization.k8s.io/istio-galley-istio-system created
clusterrolebinding.rbac.authorization.k8s.io/istio-galley-*****-role-binding-istio-system created
configmap/istio-mesh-galley created
configmap/istio-galley-configuration created
deployment.apps/istio-galley created
poddisruptionbudget.policy/istio-galley created
service/istio-galley created
serviceaccount/istio-galley-service-account created
configmap/istio-grafana-configuration-dashboards-citadel-dashboard created
configmap/istio-grafana-configuration-dashboards-galley-dashboard created
configmap/istio-grafana-configuration-dashboards-istio-mesh-dashboard created
configmap/istio-grafana-configuration-dashboards-istio-performance-dashboard created
configmap/istio-grafana-configuration-dashboards-istio-service-dashboard created
configmap/istio-grafana-configuration-dashboards-istio-workload-dashboard created
configmap/istio-grafana-configuration-dashboards-mixer-dashboard created
configmap/istio-grafana-configuration-dashboards-pilot-dashboard created
configmap/istio-grafana created
deployment.apps/grafana created
policy.authentication.istio.io/grafana-ports-mtls-disabled created
service/grafana created
deployment.apps/istio-ingressgateway created
gateway.networking.istio.io/ingressgateway created
poddisruptionbudget.policy/ingressgateway created
service/istio-ingressgateway created
serviceaccount/istio-ingressgateway-service-account created
sidecar.networking.istio.io/default created
clusterrole.rbac.authorization.k8s.io/istio-sidecar-injector-istio-system created
clusterrolebinding.rbac.authorization.k8s.io/istio-sidecar-injector-*****-role-binding-istio-system created
configmap/injector-mesh created
deployment.apps/istio-sidecar-injector created
mutatingwebhookconfiguration.admissionregistration.k8s.io/istio-sidecar-injector created
poddisruptionbudget.policy/istio-sidecar-injector created
service/istio-sidecar-injector created
serviceaccount/istio-sidecar-injector-service-account created
configmap/istio-sidecar-injector created
clusterrole.rbac.authorization.k8s.io/kiali created
clusterrole.rbac.authorization.k8s.io/kiali-viewer created
clusterrolebinding.rbac.authorization.k8s.io/kiali created
configmap/kiali created
secret/kiali created
deployment.apps/kiali created
service/kiali created
serviceaccount/kiali-service-account created
clusterrole.rbac.authorization.k8s.io/istio-pilot-istio-system created
clusterrolebinding.rbac.authorization.k8s.io/istio-pilot-istio-system created
configmap/pilot-envoy-config created
configmap/istio created
deployment.apps/istio-pilot created
meshpolicy.authentication.istio.io/default created
poddisruptionbudget.policy/istio-pilot created
service/istio-pilot created
serviceaccount/istio-pilot-service-account created
clusterrole.rbac.authorization.k8s.io/istio-policy created
clusterrolebinding.rbac.authorization.k8s.io/istio-policy-*****-role-binding-istio-system created
destinationrule.networking.istio.io/istio-policy created
deployment.apps/istio-policy created
poddisruptionbudget.policy/istio-policy created
service/istio-policy created
serviceaccount/istio-policy-service-account created
clusterrole.rbac.authorization.k8s.io/prometheus-istio-system created
clusterrolebinding.rbac.authorization.k8s.io/prometheus-istio-system created
configmap/prometheus created
deployment.apps/prometheus created
service/prometheus created
serviceaccount/prometheus created
horizontalpodautoscaler.autoscaling/istio-telemetry created
clusterrole.rbac.authorization.k8s.io/istio-mixer-istio-system created
clusterrolebinding.rbac.authorization.k8s.io/istio-mixer-*****-role-binding-istio-system created
attributemanifest.config.istio.io/istioproxy created
attributemanifest.config.istio.io/kubernetes created
handler.config.istio.io/stdio created
instance.config.istio.io/accesslog created
instance.config.istio.io/tcpaccesslog created
rule.config.istio.io/stdio created
rule.config.istio.io/stdiotcp created
instance.config.istio.io/requestcount created
instance.config.istio.io/requestduration created
instance.config.istio.io/requestsize created
instance.config.istio.io/responsesize created
instance.config.istio.io/tcpbytesent created
instance.config.istio.io/tcpbytereceived created
instance.config.istio.io/tcpconnectionsopened created
instance.config.istio.io/tcpconnectionsclosed created
handler.config.istio.io/prometheus created
rule.config.istio.io/promhttp created
rule.config.istio.io/promtcp created
rule.config.istio.io/promtcpconnectionopen created
rule.config.istio.io/promtcpconnectionclosed created
handler.config.istio.io/kubernetesenv created
rule.config.istio.io/kubeattrgenrulerule created
rule.config.istio.io/tcpkubeattrgenrulerule created
instance.config.istio.io/attributes created
destinationrule.networking.istio.io/istio-telemetry created
configmap/telemetry-envoy-config created
deployment.apps/istio-telemetry created
poddisruptionbudget.policy/istio-telemetry created
service/istio-telemetry created
serviceaccount/istio-mixer-service-account created
deployment.apps/istio-tracing created
service/jaeger-query created
service/jaeger-collector created
service/jaeger-agent created
service/zipkin created
service/tracing created
kubectl rollout status deployment.apps/istio-ingressgateway -n istio-system
Waiting for deployment "istio-ingressgateway" rollout to finish: 0 of 1 updated replicas are available...
deployment "istio-ingressgateway" successfully rolled out
kubectl rollout status deployment.apps/istio-pilot -n istio-system
deployment "istio-pilot" successfully rolled out
kubectl rollout status deployment.apps/istio-citadel -n istio-system
deployment "istio-citadel" successfully rolled out
kubectl create -f ../resources/seldon-gateway.yaml -n istio-system
gateway.networking.istio.io/seldon-gateway created
helm install jaeger-operator \
	jaegertracing/jaeger-operator \
	--set rbac.clusterRole=true \
	--namespace seldon \
	--wait
manifest_sorter.go:192: info: skipping unknown hook: "crd-install"
NAME: jaeger-operator
LAST DEPLOYED: Thu Aug 27 10:01:33 2020
NAMESPACE: seldon
STATUS: deployed
REVISION: 1
TEST SUITE: None
NOTES:
jaeger-operator is installed.


Check the jaeger-operator logs
  export POD=$(kubectl get pods-l app.kubernetes.io/instance=jaeger-operator -lapp.kubernetes.io/name=jaeger-operator --namespace seldon --output name)
  kubectl logs $POD --namespace=seldon
kubectl apply -f ../resources/jaeger.yaml --namespace seldon
jaeger.jaegertracing.io/jaeger created
mapping.getambassador.io/jaeger created
cd ../../operator && make install-cert-manager
make[1]: Entering directory '/workspace/source/operator'
kubectl create namespace cert-manager || echo "Namespace cert-manager-exists"
namespace/cert-manager created
kubectl label namespace cert-manager cert-manager.io/disable-validation=true || echo "namespace cert-manager-already labelled"
namespace/cert-manager labeled
kubectl apply --validate=false -f https://github.com/jetstack/cert-manager/releases/download/v0.12.0/cert-manager.yaml
customresourcedefinition.apiextensions.k8s.io/certificaterequests.cert-manager.io created
customresourcedefinition.apiextensions.k8s.io/certificates.cert-manager.io created
customresourcedefinition.apiextensions.k8s.io/challenges.acme.cert-manager.io created
customresourcedefinition.apiextensions.k8s.io/clusterissuers.cert-manager.io created
customresourcedefinition.apiextensions.k8s.io/issuers.cert-manager.io created
customresourcedefinition.apiextensions.k8s.io/orders.acme.cert-manager.io created
Warning: kubectl apply should be used on resource created by either kubectl create --save-config or kubectl apply
namespace/cert-manager configured
serviceaccount/cert-manager-cainjector created
serviceaccount/cert-manager created
serviceaccount/cert-manager-webhook created
clusterrole.rbac.authorization.k8s.io/cert-manager-cainjector created
clusterrolebinding.rbac.authorization.k8s.io/cert-manager-cainjector created
role.rbac.authorization.k8s.io/cert-manager-cainjector:leaderelection created
rolebinding.rbac.authorization.k8s.io/cert-manager-cainjector:leaderelection created
clusterrolebinding.rbac.authorization.k8s.io/cert-manager-webhook:auth-delegator created
rolebinding.rbac.authorization.k8s.io/cert-manager-webhook:webhook-authentication-reader created
clusterrole.rbac.authorization.k8s.io/cert-manager-webhook:webhook-requester created
role.rbac.authorization.k8s.io/cert-manager:leaderelection created
rolebinding.rbac.authorization.k8s.io/cert-manager:leaderelection created
clusterrole.rbac.authorization.k8s.io/cert-manager-controller-issuers created
clusterrole.rbac.authorization.k8s.io/cert-manager-controller-clusterissuers created
clusterrole.rbac.authorization.k8s.io/cert-manager-controller-certificates created
clusterrole.rbac.authorization.k8s.io/cert-manager-controller-orders created
clusterrole.rbac.authorization.k8s.io/cert-manager-controller-challenges created
clusterrole.rbac.authorization.k8s.io/cert-manager-controller-ingress-shim created
clusterrolebinding.rbac.authorization.k8s.io/cert-manager-controller-issuers created
clusterrolebinding.rbac.authorization.k8s.io/cert-manager-controller-clusterissuers created
clusterrolebinding.rbac.authorization.k8s.io/cert-manager-controller-certificates created
clusterrolebinding.rbac.authorization.k8s.io/cert-manager-controller-orders created
clusterrolebinding.rbac.authorization.k8s.io/cert-manager-controller-challenges created
clusterrolebinding.rbac.authorization.k8s.io/cert-manager-controller-ingress-shim created
clusterrole.rbac.authorization.k8s.io/cert-manager-view created
clusterrole.rbac.authorization.k8s.io/cert-manager-edit created
service/cert-manager created
service/cert-manager-webhook created
deployment.apps/cert-manager-cainjector created
deployment.apps/cert-manager created
deployment.apps/cert-manager-webhook created
mutatingwebhookconfiguration.admissionregistration.k8s.io/cert-manager-webhook created
validatingwebhookconfiguration.admissionregistration.k8s.io/cert-manager-webhook created
kubectl rollout status deployment.apps/cert-manager -n cert-manager
Waiting for deployment "cert-manager" rollout to finish: 0 of 1 updated replicas are available...
deployment "cert-manager" successfully rolled out
kubectl rollout status deployment.apps/cert-manager-cainjector -n cert-manager
deployment "cert-manager-cainjector" successfully rolled out
kubectl rollout status deployment.apps/cert-manager-webhook -n cert-manager
Waiting for deployment "cert-manager-webhook" rollout to finish: 0 of 1 updated replicas are available...
deployment "cert-manager-webhook" successfully rolled out
make[1]: Leaving directory '/workspace/source/operator'
sleep 5 #https://github.com/jetstack/cert-manager/issues/2273
kubectl create namespace seldon-system || echo "namespace seldon-system exists"
namespace/seldon-system created
helm delete seldon --namespace seldon-system || echo "seldon-core not installed"
Error: uninstall: Release not loaded: seldon: release: not found
seldon-core not installed
helm install seldon \
	../../helm-charts/seldon-core-operator \
	--namespace seldon-system \
	--set istio.enabled=true \
	--set istio.gateway=istio-system/seldon-gateway \
	--set certManager.enabled=false \
	--set executor.enabled="true" \
	--wait
NAME: seldon
LAST DEPLOYED: Thu Aug 27 10:02:17 2020
NAMESPACE: seldon-system
STATUS: deployed
REVISION: 1
TEST SUITE: None
kubectl config set-context $(kubectl config current-context) --namespace=seldon
Context "kind-kind" modified.
kubectl apply -f metrics.yaml
clusterrole.rbac.authorization.k8s.io/system:aggregated-metrics-reader created
clusterrolebinding.rbac.authorization.k8s.io/metrics-server:system:auth-delegator created
rolebinding.rbac.authorization.k8s.io/metrics-server-auth-reader created
apiservice.apiregistration.k8s.io/v1beta1.metrics.k8s.io created
serviceaccount/metrics-server created
deployment.apps/metrics-server created
service/metrics-server created
clusterrole.rbac.authorization.k8s.io/system:metrics-server created
clusterrolebinding.rbac.authorization.k8s.io/system:metrics-server created
make: Entering directory '/workspace/source/python'
pip install -e . -r requirements-dev.txt
Obtaining file:///workspace/source/python
Collecting black==19.10b0
  Downloading black-19.10b0-py36-none-any.whl (97 kB)
Collecting flake8==3.8.1
  Downloading flake8-3.8.1-py2.py3-none-any.whl (72 kB)
Collecting mypy<0.783
  Downloading mypy-0.782-cp36-cp36m-manylinux1_x86_64.whl (20.8 MB)
Requirement already satisfied: Pillow==7.2.0 in /usr/local/lib/python3.6/site-packages (from -r requirements-dev.txt (line 5)) (7.2.0)
Collecting pytest==5.4.2
  Downloading pytest-5.4.2-py3-none-any.whl (247 kB)
Collecting pytest-cov==2.10.1
  Downloading pytest_cov-2.10.1-py2.py3-none-any.whl (19 kB)
Collecting tox<4.0.0
  Downloading tox-3.19.0-py2.py3-none-any.whl (83 kB)
Requirement already satisfied: grpcio-tools==1.31.0 in /usr/local/lib/python3.6/site-packages (from -r requirements-dev.txt (line 9)) (1.31.0)
Collecting mypy-protobuf==1.22
  Downloading mypy_protobuf-1.22-py3-none-any.whl (7.5 kB)
Collecting tenacity==6.2.0
  Downloading tenacity-6.2.0-py2.py3-none-any.whl (24 kB)
Collecting coverage==5.2
  Downloading coverage-5.2-cp36-cp36m-manylinux1_x86_64.whl (229 kB)
Collecting pandas==1.1.0
  Downloading pandas-1.1.0-cp36-cp36m-manylinux1_x86_64.whl (10.5 MB)
Collecting pip-licenses==2.3.0
  Downloading pip_licenses-2.3.0-py3-none-any.whl (14 kB)
Collecting Flask<2.0.0
  Downloading Flask-1.1.2-py2.py3-none-any.whl (94 kB)
Requirement already satisfied: jsonschema<4.0.0 in /usr/local/lib/python3.6/site-packages (from seldon-core==1.2.3.dev0) (3.2.0)
Collecting Flask-cors<4.0.0
  Downloading Flask_Cors-3.0.8-py2.py3-none-any.whl (14 kB)
Collecting redis<4.0.0
  Downloading redis-3.5.3-py2.py3-none-any.whl (72 kB)
Requirement already satisfied: requests<3.0.0 in /usr/local/lib/python3.6/site-packages (from seldon-core==1.2.3.dev0) (2.24.0)
Requirement already satisfied: numpy<2.0.0 in /usr/local/lib/python3.6/site-packages (from seldon-core==1.2.3.dev0) (1.19.1)
Collecting flatbuffers<2.0.0
  Downloading flatbuffers-1.12-py2.py3-none-any.whl (15 kB)
Requirement already satisfied: protobuf<4.0.0 in /usr/local/lib/python3.6/site-packages (from seldon-core==1.2.3.dev0) (3.13.0)
Requirement already satisfied: grpcio<2.0.0 in /usr/local/lib/python3.6/site-packages (from seldon-core==1.2.3.dev0) (1.31.0)
Collecting Flask-OpenTracing<1.2.0,>=1.1.0
  Downloading Flask-OpenTracing-1.1.0.tar.gz (8.2 kB)
Collecting opentracing<2.4.0,>=2.2.0
  Downloading opentracing-2.3.0.tar.gz (48 kB)
Collecting jaeger-client<4.4.0,>=4.1.0
  Downloading jaeger-client-4.3.0.tar.gz (81 kB)
Collecting grpcio-opentracing<1.2.0,>=1.1.4
  Downloading grpcio_opentracing-1.1.4-py3-none-any.whl (14 kB)
Requirement already satisfied: PyYAML<5.4 in /usr/local/lib/python3.6/site-packages (from seldon-core==1.2.3.dev0) (5.3.1)
Collecting gunicorn<20.1.0,>=19.9.0
  Downloading gunicorn-20.0.4-py2.py3-none-any.whl (77 kB)
Requirement already satisfied: setuptools>=41.0.0 in /usr/local/lib/python3.6/site-packages (from seldon-core==1.2.3.dev0) (49.6.0)
Requirement already satisfied: prometheus_client<0.9.0,>=0.7.1 in /usr/local/lib/python3.6/site-packages (from seldon-core==1.2.3.dev0) (0.8.0)
Collecting toml>=0.9.4
  Downloading toml-0.10.1-py2.py3-none-any.whl (19 kB)
Collecting pathspec<1,>=0.6
  Downloading pathspec-0.8.0-py2.py3-none-any.whl (28 kB)
Collecting typed-ast>=1.4.0
  Downloading typed_ast-1.4.1-cp36-cp36m-manylinux1_x86_64.whl (737 kB)
Collecting appdirs
  Downloading appdirs-1.4.4-py2.py3-none-any.whl (9.6 kB)
Collecting regex
  Downloading regex-2020.7.14-cp36-cp36m-manylinux2010_x86_64.whl (660 kB)
Collecting click>=6.5
  Downloading click-7.1.2-py2.py3-none-any.whl (82 kB)
Requirement already satisfied: attrs>=18.1.0 in /usr/local/lib/python3.6/site-packages (from black==19.10b0->-r requirements-dev.txt (line 2)) (20.1.0)
Collecting pycodestyle<2.7.0,>=2.6.0a1
  Downloading pycodestyle-2.6.0-py2.py3-none-any.whl (41 kB)
Collecting pyflakes<2.3.0,>=2.2.0
  Downloading pyflakes-2.2.0-py2.py3-none-any.whl (66 kB)
Requirement already satisfied: importlib-metadata; python_version < "3.8" in /usr/local/lib/python3.6/site-packages (from flake8==3.8.1->-r requirements-dev.txt (line 3)) (1.7.0)
Collecting mccabe<0.7.0,>=0.6.0
  Downloading mccabe-0.6.1-py2.py3-none-any.whl (8.6 kB)
Requirement already satisfied: typing-extensions>=3.7.4 in /usr/local/lib/python3.6/site-packages (from mypy<0.783->-r requirements-dev.txt (line 4)) (3.7.4.3)
Collecting mypy-extensions<0.5.0,>=0.4.3
  Downloading mypy_extensions-0.4.3-py2.py3-none-any.whl (4.5 kB)
Requirement already satisfied: packaging in /usr/local/lib/python3.6/site-packages (from pytest==5.4.2->-r requirements-dev.txt (line 6)) (20.4)
Requirement already satisfied: more-itertools>=4.0.0 in /usr/local/lib/python3.6/site-packages (from pytest==5.4.2->-r requirements-dev.txt (line 6)) (8.4.0)
Requirement already satisfied: py>=1.5.0 in /usr/local/lib/python3.6/site-packages (from pytest==5.4.2->-r requirements-dev.txt (line 6)) (1.9.0)
Requirement already satisfied: wcwidth in /usr/local/lib/python3.6/site-packages (from pytest==5.4.2->-r requirements-dev.txt (line 6)) (0.2.5)
Requirement already satisfied: pluggy<1.0,>=0.12 in /usr/local/lib/python3.6/site-packages (from pytest==5.4.2->-r requirements-dev.txt (line 6)) (0.13.1)
Requirement already satisfied: six>=1.14.0 in /usr/local/lib/python3.6/site-packages (from tox<4.0.0->-r requirements-dev.txt (line 8)) (1.15.0)
Collecting virtualenv!=20.0.0,!=20.0.1,!=20.0.2,!=20.0.3,!=20.0.4,!=20.0.5,!=20.0.6,!=20.0.7,>=16.0.0
  Downloading virtualenv-20.0.31-py2.py3-none-any.whl (4.9 MB)
Collecting filelock>=3.0.0
  Downloading filelock-3.0.12-py3-none-any.whl (7.6 kB)
Requirement already satisfied: python-dateutil>=2.7.3 in /usr/local/lib/python3.6/site-packages (from pandas==1.1.0->-r requirements-dev.txt (line 19)) (2.8.1)
Requirement already satisfied: pytz>=2017.2 in /usr/local/lib/python3.6/site-packages (from pandas==1.1.0->-r requirements-dev.txt (line 19)) (2020.1)
Collecting PTable
  Downloading PTable-0.9.2.tar.gz (31 kB)
Collecting itsdangerous>=0.24
  Downloading itsdangerous-1.1.0-py2.py3-none-any.whl (16 kB)
Requirement already satisfied: Jinja2>=2.10.1 in /usr/local/lib/python3.6/site-packages (from Flask<2.0.0->seldon-core==1.2.3.dev0) (2.11.2)
Requirement already satisfied: Werkzeug>=0.15 in /usr/local/lib/python3.6/site-packages (from Flask<2.0.0->seldon-core==1.2.3.dev0) (1.0.1)
Requirement already satisfied: pyrsistent>=0.14.0 in /usr/local/lib/python3.6/site-packages (from jsonschema<4.0.0->seldon-core==1.2.3.dev0) (0.16.0)
Requirement already satisfied: urllib3!=1.25.0,!=1.25.1,<1.26,>=1.21.1 in /usr/local/lib/python3.6/site-packages (from requests<3.0.0->seldon-core==1.2.3.dev0) (1.25.10)
Requirement already satisfied: chardet<4,>=3.0.2 in /usr/local/lib/python3.6/site-packages (from requests<3.0.0->seldon-core==1.2.3.dev0) (3.0.4)
Requirement already satisfied: certifi>=2017.4.17 in /usr/local/lib/python3.6/site-packages (from requests<3.0.0->seldon-core==1.2.3.dev0) (2020.6.20)
Requirement already satisfied: idna<3,>=2.5 in /usr/local/lib/python3.6/site-packages (from requests<3.0.0->seldon-core==1.2.3.dev0) (2.10)
Collecting threadloop<2,>=1
  Downloading threadloop-1.0.2.tar.gz (4.9 kB)
Collecting thrift
  Downloading thrift-0.13.0.tar.gz (59 kB)
Requirement already satisfied: tornado>=4.3 in /usr/local/lib/python3.6/site-packages (from jaeger-client<4.4.0,>=4.1.0->seldon-core==1.2.3.dev0) (6.0.4)
Requirement already satisfied: zipp>=0.5 in /usr/local/lib/python3.6/site-packages (from importlib-metadata; python_version < "3.8"->flake8==3.8.1->-r requirements-dev.txt (line 3)) (3.1.0)
Requirement already satisfied: pyparsing>=2.0.2 in /usr/local/lib/python3.6/site-packages (from packaging->pytest==5.4.2->-r requirements-dev.txt (line 6)) (2.4.7)
Collecting distlib<1,>=0.3.1
  Downloading distlib-0.3.1-py2.py3-none-any.whl (335 kB)
Collecting importlib-resources>=1.0; python_version < "3.7"
  Downloading importlib_resources-3.0.0-py2.py3-none-any.whl (23 kB)
Requirement already satisfied: MarkupSafe>=0.23 in /usr/local/lib/python3.6/site-packages (from Jinja2>=2.10.1->Flask<2.0.0->seldon-core==1.2.3.dev0) (1.1.1)
Building wheels for collected packages: Flask-OpenTracing, opentracing, jaeger-client, PTable, threadloop, thrift
  Building wheel for Flask-OpenTracing (setup.py): started
  Building wheel for Flask-OpenTracing (setup.py): finished with status 'done'
  Created wheel for Flask-OpenTracing: filename=Flask_OpenTracing-1.1.0-py3-none-any.whl size=9071 sha256=44c81c2e4b8d9a5139621066bbf940827a32042d63412807866a62fe3196ab9d
  Stored in directory: /builder/home/.cache/pip/wheels/ad/4b/2d/24ff0da0a0b53c7c77ce59b843bcceaf644c88703241e59615
  Building wheel for opentracing (setup.py): started
  Building wheel for opentracing (setup.py): finished with status 'done'
  Created wheel for opentracing: filename=opentracing-2.3.0-py3-none-any.whl size=51346 sha256=b44e2483892299fdc3c2284f253c8d9f9612058c5c433ea0488b2eb335f3ae39
  Stored in directory: /builder/home/.cache/pip/wheels/d4/53/31/bfca74f038fa9f83eb7de2131555b75ffa9bcbca18d23e5edf
  Building wheel for jaeger-client (setup.py): started
  Building wheel for jaeger-client (setup.py): finished with status 'done'
  Created wheel for jaeger-client: filename=jaeger_client-4.3.0-py3-none-any.whl size=64290 sha256=eb5cb303d0a981ed26fce7b59a9be6de79c7c53ec53ae8e4cc4378b8aead7437
  Stored in directory: /builder/home/.cache/pip/wheels/a8/37/30/d86c970966efbf6da89e8085db50f2be4cf36ca68513eff785
  Building wheel for PTable (setup.py): started
  Building wheel for PTable (setup.py): finished with status 'done'
  Created wheel for PTable: filename=PTable-0.9.2-py3-none-any.whl size=22907 sha256=837210d1d27fa20f7560d422b04ba4b4141c266e02baf15383a84f7dea0884f5
  Stored in directory: /builder/home/.cache/pip/wheels/f3/65/67/71f473ec87ea4554d1bdfb1b5128cfe1414c2b113b72a1ee8e
  Building wheel for threadloop (setup.py): started
  Building wheel for threadloop (setup.py): finished with status 'done'
  Created wheel for threadloop: filename=threadloop-1.0.2-py3-none-any.whl size=3425 sha256=cdfad910aba7a3933f634e5be77734cae5fdb233659f7bab742493d55b6578eb
  Stored in directory: /builder/home/.cache/pip/wheels/02/54/65/9f87de48fe8fcaaee30f279973d946ad55f9df56b93b3e78da
  Building wheel for thrift (setup.py): started
  Building wheel for thrift (setup.py): finished with status 'done'
  Created wheel for thrift: filename=thrift-0.13.0-cp36-cp36m-linux_x86_64.whl size=483926 sha256=172df49e4b627a9f79c71bf644ca5c0d45ddd956d10bb1627b09b79f177eba05
  Stored in directory: /builder/home/.cache/pip/wheels/e0/38/fc/472fe18756b177b42096961f8bd3ff2dc5c5620ac399fce52d
Successfully built Flask-OpenTracing opentracing jaeger-client PTable threadloop thrift
Installing collected packages: toml, pathspec, typed-ast, appdirs, regex, click, black, pycodestyle, pyflakes, mccabe, flake8, mypy-extensions, mypy, pytest, coverage, pytest-cov, filelock, distlib, importlib-resources, virtualenv, tox, mypy-protobuf, tenacity, pandas, PTable, pip-licenses, itsdangerous, Flask, Flask-cors, redis, flatbuffers, opentracing, Flask-OpenTracing, threadloop, thrift, jaeger-client, grpcio-opentracing, gunicorn, seldon-core
  Attempting uninstall: pytest
    Found existing installation: pytest 5.3.1
    Uninstalling pytest-5.3.1:
      Successfully uninstalled pytest-5.3.1
  Attempting uninstall: coverage
    Found existing installation: coverage 4.5.4
    Uninstalling coverage-4.5.4:
      Successfully uninstalled coverage-4.5.4
  Attempting uninstall: pytest-cov
    Found existing installation: pytest-cov 2.8.1
    Uninstalling pytest-cov-2.8.1:
      Successfully uninstalled pytest-cov-2.8.1
  Attempting uninstall: tenacity
    Found existing installation: tenacity 6.0.0
    Uninstalling tenacity-6.0.0:
      Successfully uninstalled tenacity-6.0.0
  Attempting uninstall: pandas
    Found existing installation: pandas 1.1.1
    Uninstalling pandas-1.1.1:
      Successfully uninstalled pandas-1.1.1
  Running setup.py develop for seldon-core
ERROR: After October 2020 you may experience errors when installing or updating packages. This is because pip will change the way that it resolves dependency conflicts.

We recommend you use --use-feature=2020-resolver to test your packages with the new resolver before it becomes the default.

alibi 0.5.2 requires tensorflow>=2.0, but you'll have tensorflow 1.15.2 which is incompatible.
Successfully installed Flask-1.1.2 Flask-OpenTracing-1.1.0 Flask-cors-3.0.8 PTable-0.9.2 appdirs-1.4.4 black-19.10b0 click-7.1.2 coverage-5.2 distlib-0.3.1 filelock-3.0.12 flake8-3.8.1 flatbuffers-1.12 grpcio-opentracing-1.1.4 gunicorn-20.0.4 importlib-resources-3.0.0 itsdangerous-1.1.0 jaeger-client-4.3.0 mccabe-0.6.1 mypy-0.782 mypy-extensions-0.4.3 mypy-protobuf-1.22 opentracing-2.3.0 pandas-1.1.0 pathspec-0.8.0 pip-licenses-2.3.0 pycodestyle-2.6.0 pyflakes-2.2.0 pytest-5.4.2 pytest-cov-2.10.1 redis-3.5.3 regex-2020.7.14 seldon-core tenacity-6.2.0 threadloop-1.0.2 thrift-0.13.0 toml-0.10.1 tox-3.19.0 typed-ast-1.4.1 virtualenv-20.0.31
make: Leaving directory '/workspace/source/python'
cp ../../proto/prediction.proto ./proto
cd ../../proto/tensorflow && make create_protos
make[1]: Entering directory '/workspace/source/proto/tensorflow'
./create-protos.sh
Downloading proto files for master
make[1]: Leaving directory '/workspace/source/proto/tensorflow'
cp -vr ../../proto/tensorflow/tensorflow .
'../../proto/tensorflow/tensorflow' -> './tensorflow'
'../../proto/tensorflow/tensorflow/core' -> './tensorflow/core'
'../../proto/tensorflow/tensorflow/core/framework' -> './tensorflow/core/framework'
'../../proto/tensorflow/tensorflow/core/framework/types.proto' -> './tensorflow/core/framework/types.proto'
'../../proto/tensorflow/tensorflow/core/framework/resource_handle.proto' -> './tensorflow/core/framework/resource_handle.proto'
'../../proto/tensorflow/tensorflow/core/framework/tensor_shape.proto' -> './tensorflow/core/framework/tensor_shape.proto'
'../../proto/tensorflow/tensorflow/core/framework/tensor.proto' -> './tensorflow/core/framework/tensor.proto'
python -m grpc.tools.protoc -I. --python_out=. --grpc_python_out=. ./proto/prediction.proto
cd ../../notebooks && make build_protos
make[1]: Entering directory '/workspace/source/notebooks'
cd ../proto/tensorflow && make create_protos
make[2]: Entering directory '/workspace/source/proto/tensorflow'
make[2]: Nothing to be done for 'create_protos'.
make[2]: Leaving directory '/workspace/source/proto/tensorflow'
cp -vr ../proto/tensorflow/tensorflow .
'../proto/tensorflow/tensorflow' -> './tensorflow'
'../proto/tensorflow/tensorflow/core' -> './tensorflow/core'
'../proto/tensorflow/tensorflow/core/framework' -> './tensorflow/core/framework'
'../proto/tensorflow/tensorflow/core/framework/types.proto' -> './tensorflow/core/framework/types.proto'
'../proto/tensorflow/tensorflow/core/framework/resource_handle.proto' -> './tensorflow/core/framework/resource_handle.proto'
'../proto/tensorflow/tensorflow/core/framework/tensor_shape.proto' -> './tensorflow/core/framework/tensor_shape.proto'
'../proto/tensorflow/tensorflow/core/framework/tensor.proto' -> './tensorflow/core/framework/tensor.proto'
cp ../proto/prediction.proto ./proto
python -m grpc.tools.protoc -I. --python_out=. --grpc_python_out=. ./proto/prediction.proto
make[1]: Leaving directory '/workspace/source/notebooks'
cd ../../proto/k8s && make create_protos
make[1]: Entering directory '/workspace/source/proto/k8s'
./create-k8s-protos.sh
Downloading proto files for master
Munging proto file packages
sed -i.bak 's|import "k8s.io/apiextensions-apiserver/|//import "k8s.io/apiextensions-apiserver/|' k8s.io/api/core/v1/generated.proto
rm k8s.io/api/core/v1/generated.proto.bak
make[1]: Leaving directory '/workspace/source/proto/k8s'
pip install -r dev_requirements.txt
Collecting pytest==5.3.1
  Downloading pytest-5.3.1-py3-none-any.whl (233 kB)
Requirement already satisfied: pytest-xdist==1.30.0 in /usr/local/lib/python3.6/site-packages (from -r dev_requirements.txt (line 2)) (1.30.0)
Collecting pytest-cov==2.8.1
  Downloading pytest_cov-2.8.1-py2.py3-none-any.whl (18 kB)
Requirement already satisfied: flaky==3.6.1 in /usr/local/lib/python3.6/site-packages (from -r dev_requirements.txt (line 4)) (3.6.1)
Collecting tenacity==6.0.0
  Downloading tenacity-6.0.0-py2.py3-none-any.whl (24 kB)
Requirement already satisfied: sh==1.13.1 in /usr/local/lib/python3.6/site-packages (from -r dev_requirements.txt (line 6)) (1.13.1)
Requirement already satisfied: ipython==7.13.0 in /usr/local/lib/python3.6/site-packages (from -r dev_requirements.txt (line 9)) (7.13.0)
Requirement already satisfied: nbconvert==5.6.1 in /usr/local/lib/python3.6/site-packages (from -r dev_requirements.txt (line 10)) (5.6.1)
Requirement already satisfied: alibi==0.5.2 in /usr/local/lib/python3.6/site-packages (from -r dev_requirements.txt (line 11)) (0.5.2)
Requirement already satisfied: matplotlib==3.1.3 in /usr/local/lib/python3.6/site-packages (from -r dev_requirements.txt (line 12)) (3.1.3)
Requirement already satisfied: tensorflow==1.15.2 in /usr/local/lib/python3.6/site-packages (from -r dev_requirements.txt (line 13)) (1.15.2)
Collecting coverage==4.5.4
  Downloading coverage-4.5.4-cp36-cp36m-manylinux1_x86_64.whl (205 kB)
Requirement already satisfied: attrs>=17.4.0 in /usr/local/lib/python3.6/site-packages (from pytest==5.3.1->-r dev_requirements.txt (line 1)) (20.1.0)
Requirement already satisfied: py>=1.5.0 in /usr/local/lib/python3.6/site-packages (from pytest==5.3.1->-r dev_requirements.txt (line 1)) (1.9.0)
Requirement already satisfied: importlib-metadata>=0.12; python_version < "3.8" in /usr/local/lib/python3.6/site-packages (from pytest==5.3.1->-r dev_requirements.txt (line 1)) (1.7.0)
Requirement already satisfied: more-itertools>=4.0.0 in /usr/local/lib/python3.6/site-packages (from pytest==5.3.1->-r dev_requirements.txt (line 1)) (8.4.0)
Requirement already satisfied: wcwidth in /usr/local/lib/python3.6/site-packages (from pytest==5.3.1->-r dev_requirements.txt (line 1)) (0.2.5)
Requirement already satisfied: pluggy<1.0,>=0.12 in /usr/local/lib/python3.6/site-packages (from pytest==5.3.1->-r dev_requirements.txt (line 1)) (0.13.1)
Requirement already satisfied: packaging in /usr/local/lib/python3.6/site-packages (from pytest==5.3.1->-r dev_requirements.txt (line 1)) (20.4)
Requirement already satisfied: execnet>=1.1 in /usr/local/lib/python3.6/site-packages (from pytest-xdist==1.30.0->-r dev_requirements.txt (line 2)) (1.7.1)
Requirement already satisfied: pytest-forked in /usr/local/lib/python3.6/site-packages (from pytest-xdist==1.30.0->-r dev_requirements.txt (line 2)) (1.3.0)
Requirement already satisfied: six in /usr/local/lib/python3.6/site-packages (from pytest-xdist==1.30.0->-r dev_requirements.txt (line 2)) (1.15.0)
Requirement already satisfied: backcall in /usr/local/lib/python3.6/site-packages (from ipython==7.13.0->-r dev_requirements.txt (line 9)) (0.2.0)
Requirement already satisfied: decorator in /usr/local/lib/python3.6/site-packages (from ipython==7.13.0->-r dev_requirements.txt (line 9)) (4.4.2)
Requirement already satisfied: prompt-toolkit!=3.0.0,!=3.0.1,<3.1.0,>=2.0.0 in /usr/local/lib/python3.6/site-packages (from ipython==7.13.0->-r dev_requirements.txt (line 9)) (3.0.6)
Requirement already satisfied: jedi>=0.10 in /usr/local/lib/python3.6/site-packages (from ipython==7.13.0->-r dev_requirements.txt (line 9)) (0.17.2)
Requirement already satisfied: pickleshare in /usr/local/lib/python3.6/site-packages (from ipython==7.13.0->-r dev_requirements.txt (line 9)) (0.7.5)
Requirement already satisfied: traitlets>=4.2 in /usr/local/lib/python3.6/site-packages (from ipython==7.13.0->-r dev_requirements.txt (line 9)) (4.3.3)
Requirement already satisfied: pygments in /usr/local/lib/python3.6/site-packages (from ipython==7.13.0->-r dev_requirements.txt (line 9)) (2.6.1)
Requirement already satisfied: pexpect; sys_platform != "win32" in /usr/local/lib/python3.6/site-packages (from ipython==7.13.0->-r dev_requirements.txt (line 9)) (4.8.0)
Requirement already satisfied: setuptools>=18.5 in /usr/local/lib/python3.6/site-packages (from ipython==7.13.0->-r dev_requirements.txt (line 9)) (49.6.0)
Requirement already satisfied: defusedxml in /usr/local/lib/python3.6/site-packages (from nbconvert==5.6.1->-r dev_requirements.txt (line 10)) (0.6.0)
Requirement already satisfied: bleach in /usr/local/lib/python3.6/site-packages (from nbconvert==5.6.1->-r dev_requirements.txt (line 10)) (3.1.5)
Requirement already satisfied: entrypoints>=0.2.2 in /usr/local/lib/python3.6/site-packages (from nbconvert==5.6.1->-r dev_requirements.txt (line 10)) (0.3)
Requirement already satisfied: jupyter-core in /usr/local/lib/python3.6/site-packages (from nbconvert==5.6.1->-r dev_requirements.txt (line 10)) (4.6.3)
Requirement already satisfied: testpath in /usr/local/lib/python3.6/site-packages (from nbconvert==5.6.1->-r dev_requirements.txt (line 10)) (0.4.4)
Requirement already satisfied: nbformat>=4.4 in /usr/local/lib/python3.6/site-packages (from nbconvert==5.6.1->-r dev_requirements.txt (line 10)) (5.0.7)
Requirement already satisfied: jinja2>=2.4 in /usr/local/lib/python3.6/site-packages (from nbconvert==5.6.1->-r dev_requirements.txt (line 10)) (2.11.2)
Requirement already satisfied: pandocfilters>=1.4.1 in /usr/local/lib/python3.6/site-packages (from nbconvert==5.6.1->-r dev_requirements.txt (line 10)) (1.4.2)
Requirement already satisfied: mistune<2,>=0.8.1 in /usr/local/lib/python3.6/site-packages (from nbconvert==5.6.1->-r dev_requirements.txt (line 10)) (0.8.4)
Requirement already satisfied: scipy in /usr/local/lib/python3.6/site-packages (from alibi==0.5.2->-r dev_requirements.txt (line 11)) (1.5.2)
Requirement already satisfied: prettyprinter in /usr/local/lib/python3.6/site-packages (from alibi==0.5.2->-r dev_requirements.txt (line 11)) (0.18.0)
Requirement already satisfied: beautifulsoup4 in /usr/local/lib/python3.6/site-packages (from alibi==0.5.2->-r dev_requirements.txt (line 11)) (4.9.1)
Requirement already satisfied: requests in /usr/local/lib/python3.6/site-packages (from alibi==0.5.2->-r dev_requirements.txt (line 11)) (2.24.0)
Requirement already satisfied: scikit-learn in /usr/local/lib/python3.6/site-packages (from alibi==0.5.2->-r dev_requirements.txt (line 11)) (0.23.2)
Requirement already satisfied: scikit-image!=0.17.1 in /usr/local/lib/python3.6/site-packages (from alibi==0.5.2->-r dev_requirements.txt (line 11)) (0.17.2)
Requirement already satisfied: spacy[lookups] in /usr/local/lib/python3.6/site-packages (from alibi==0.5.2->-r dev_requirements.txt (line 11)) (2.3.2)
Requirement already satisfied: shap in /usr/local/lib/python3.6/site-packages (from alibi==0.5.2->-r dev_requirements.txt (line 11)) (0.35.0)
Requirement already satisfied: typing-extensions>=3.7.2 in /usr/local/lib/python3.6/site-packages (from alibi==0.5.2->-r dev_requirements.txt (line 11)) (3.7.4.3)
Requirement already satisfied: pandas in /usr/local/lib/python3.6/site-packages (from alibi==0.5.2->-r dev_requirements.txt (line 11)) (1.1.0)
Requirement already satisfied: Pillow in /usr/local/lib/python3.6/site-packages (from alibi==0.5.2->-r dev_requirements.txt (line 11)) (7.2.0)
Requirement already satisfied: numpy in /usr/local/lib/python3.6/site-packages (from alibi==0.5.2->-r dev_requirements.txt (line 11)) (1.19.1)
Requirement already satisfied: kiwisolver>=1.0.1 in /usr/local/lib/python3.6/site-packages (from matplotlib==3.1.3->-r dev_requirements.txt (line 12)) (1.2.0)
Requirement already satisfied: cycler>=0.10 in /usr/local/lib/python3.6/site-packages (from matplotlib==3.1.3->-r dev_requirements.txt (line 12)) (0.10.0)
Requirement already satisfied: python-dateutil>=2.1 in /usr/local/lib/python3.6/site-packages (from matplotlib==3.1.3->-r dev_requirements.txt (line 12)) (2.8.1)
Requirement already satisfied: pyparsing!=2.0.4,!=2.1.2,!=2.1.6,>=2.0.1 in /usr/local/lib/python3.6/site-packages (from matplotlib==3.1.3->-r dev_requirements.txt (line 12)) (2.4.7)
Requirement already satisfied: wrapt>=1.11.1 in /usr/local/lib/python3.6/site-packages (from tensorflow==1.15.2->-r dev_requirements.txt (line 13)) (1.12.1)
Requirement already satisfied: keras-applications>=1.0.8 in /usr/local/lib/python3.6/site-packages (from tensorflow==1.15.2->-r dev_requirements.txt (line 13)) (1.0.8)
Requirement already satisfied: grpcio>=1.8.6 in /usr/local/lib/python3.6/site-packages (from tensorflow==1.15.2->-r dev_requirements.txt (line 13)) (1.31.0)
Requirement already satisfied: protobuf>=3.6.1 in /usr/local/lib/python3.6/site-packages (from tensorflow==1.15.2->-r dev_requirements.txt (line 13)) (3.13.0)
Requirement already satisfied: termcolor>=1.1.0 in /usr/local/lib/python3.6/site-packages (from tensorflow==1.15.2->-r dev_requirements.txt (line 13)) (1.1.0)
Requirement already satisfied: keras-preprocessing>=1.0.5 in /usr/local/lib/python3.6/site-packages (from tensorflow==1.15.2->-r dev_requirements.txt (line 13)) (1.1.2)
Requirement already satisfied: google-pasta>=0.1.6 in /usr/local/lib/python3.6/site-packages (from tensorflow==1.15.2->-r dev_requirements.txt (line 13)) (0.2.0)
Requirement already satisfied: tensorboard<1.16.0,>=1.15.0 in /usr/local/lib/python3.6/site-packages (from tensorflow==1.15.2->-r dev_requirements.txt (line 13)) (1.15.0)
Requirement already satisfied: wheel>=0.26; python_version >= "3" in /usr/local/lib/python3.6/site-packages (from tensorflow==1.15.2->-r dev_requirements.txt (line 13)) (0.35.1)
Requirement already satisfied: absl-py>=0.7.0 in /usr/local/lib/python3.6/site-packages (from tensorflow==1.15.2->-r dev_requirements.txt (line 13)) (0.10.0)
Requirement already satisfied: tensorflow-estimator==1.15.1 in /usr/local/lib/python3.6/site-packages (from tensorflow==1.15.2->-r dev_requirements.txt (line 13)) (1.15.1)
Requirement already satisfied: gast==0.2.2 in /usr/local/lib/python3.6/site-packages (from tensorflow==1.15.2->-r dev_requirements.txt (line 13)) (0.2.2)
Requirement already satisfied: opt-einsum>=2.3.2 in /usr/local/lib/python3.6/site-packages (from tensorflow==1.15.2->-r dev_requirements.txt (line 13)) (3.3.0)
Requirement already satisfied: astor>=0.6.0 in /usr/local/lib/python3.6/site-packages (from tensorflow==1.15.2->-r dev_requirements.txt (line 13)) (0.8.1)
Requirement already satisfied: zipp>=0.5 in /usr/local/lib/python3.6/site-packages (from importlib-metadata>=0.12; python_version < "3.8"->pytest==5.3.1->-r dev_requirements.txt (line 1)) (3.1.0)
Requirement already satisfied: apipkg>=1.4 in /usr/local/lib/python3.6/site-packages (from execnet>=1.1->pytest-xdist==1.30.0->-r dev_requirements.txt (line 2)) (1.5)
Requirement already satisfied: parso<0.8.0,>=0.7.0 in /usr/local/lib/python3.6/site-packages (from jedi>=0.10->ipython==7.13.0->-r dev_requirements.txt (line 9)) (0.7.1)
Requirement already satisfied: ipython-genutils in /usr/local/lib/python3.6/site-packages (from traitlets>=4.2->ipython==7.13.0->-r dev_requirements.txt (line 9)) (0.2.0)
Requirement already satisfied: ptyprocess>=0.5 in /usr/local/lib/python3.6/site-packages (from pexpect; sys_platform != "win32"->ipython==7.13.0->-r dev_requirements.txt (line 9)) (0.6.0)
Requirement already satisfied: webencodings in /usr/local/lib/python3.6/site-packages (from bleach->nbconvert==5.6.1->-r dev_requirements.txt (line 10)) (0.5.1)
Requirement already satisfied: jsonschema!=2.5.0,>=2.4 in /usr/local/lib/python3.6/site-packages (from nbformat>=4.4->nbconvert==5.6.1->-r dev_requirements.txt (line 10)) (3.2.0)
Requirement already satisfied: MarkupSafe>=0.23 in /usr/local/lib/python3.6/site-packages (from jinja2>=2.4->nbconvert==5.6.1->-r dev_requirements.txt (line 10)) (1.1.1)
Requirement already satisfied: colorful>=0.4.0 in /usr/local/lib/python3.6/site-packages (from prettyprinter->alibi==0.5.2->-r dev_requirements.txt (line 11)) (0.5.4)
Requirement already satisfied: soupsieve>1.2 in /usr/local/lib/python3.6/site-packages (from beautifulsoup4->alibi==0.5.2->-r dev_requirements.txt (line 11)) (2.0.1)
Requirement already satisfied: urllib3!=1.25.0,!=1.25.1,<1.26,>=1.21.1 in /usr/local/lib/python3.6/site-packages (from requests->alibi==0.5.2->-r dev_requirements.txt (line 11)) (1.25.10)
Requirement already satisfied: chardet<4,>=3.0.2 in /usr/local/lib/python3.6/site-packages (from requests->alibi==0.5.2->-r dev_requirements.txt (line 11)) (3.0.4)
Requirement already satisfied: idna<3,>=2.5 in /usr/local/lib/python3.6/site-packages (from requests->alibi==0.5.2->-r dev_requirements.txt (line 11)) (2.10)
Requirement already satisfied: certifi>=2017.4.17 in /usr/local/lib/python3.6/site-packages (from requests->alibi==0.5.2->-r dev_requirements.txt (line 11)) (2020.6.20)
Requirement already satisfied: joblib>=0.11 in /usr/local/lib/python3.6/site-packages (from scikit-learn->alibi==0.5.2->-r dev_requirements.txt (line 11)) (0.16.0)
Requirement already satisfied: threadpoolctl>=2.0.0 in /usr/local/lib/python3.6/site-packages (from scikit-learn->alibi==0.5.2->-r dev_requirements.txt (line 11)) (2.1.0)
Requirement already satisfied: tifffile>=2019.7.26 in /usr/local/lib/python3.6/site-packages (from scikit-image!=0.17.1->alibi==0.5.2->-r dev_requirements.txt (line 11)) (2020.8.13)
Requirement already satisfied: imageio>=2.3.0 in /usr/local/lib/python3.6/site-packages (from scikit-image!=0.17.1->alibi==0.5.2->-r dev_requirements.txt (line 11)) (2.9.0)
Requirement already satisfied: PyWavelets>=1.1.1 in /usr/local/lib/python3.6/site-packages (from scikit-image!=0.17.1->alibi==0.5.2->-r dev_requirements.txt (line 11)) (1.1.1)
Requirement already satisfied: networkx>=2.0 in /usr/local/lib/python3.6/site-packages (from scikit-image!=0.17.1->alibi==0.5.2->-r dev_requirements.txt (line 11)) (2.5)
Requirement already satisfied: preshed<3.1.0,>=3.0.2 in /usr/local/lib/python3.6/site-packages (from spacy[lookups]->alibi==0.5.2->-r dev_requirements.txt (line 11)) (3.0.2)
Requirement already satisfied: plac<1.2.0,>=0.9.6 in /usr/local/lib/python3.6/site-packages (from spacy[lookups]->alibi==0.5.2->-r dev_requirements.txt (line 11)) (1.1.3)
Requirement already satisfied: thinc==7.4.1 in /usr/local/lib/python3.6/site-packages (from spacy[lookups]->alibi==0.5.2->-r dev_requirements.txt (line 11)) (7.4.1)
Requirement already satisfied: catalogue<1.1.0,>=0.0.7 in /usr/local/lib/python3.6/site-packages (from spacy[lookups]->alibi==0.5.2->-r dev_requirements.txt (line 11)) (1.0.0)
Requirement already satisfied: srsly<1.1.0,>=1.0.2 in /usr/local/lib/python3.6/site-packages (from spacy[lookups]->alibi==0.5.2->-r dev_requirements.txt (line 11)) (1.0.2)
Requirement already satisfied: murmurhash<1.1.0,>=0.28.0 in /usr/local/lib/python3.6/site-packages (from spacy[lookups]->alibi==0.5.2->-r dev_requirements.txt (line 11)) (1.0.2)
Requirement already satisfied: tqdm<5.0.0,>=4.38.0 in /usr/local/lib/python3.6/site-packages (from spacy[lookups]->alibi==0.5.2->-r dev_requirements.txt (line 11)) (4.48.2)
Requirement already satisfied: wasabi<1.1.0,>=0.4.0 in /usr/local/lib/python3.6/site-packages (from spacy[lookups]->alibi==0.5.2->-r dev_requirements.txt (line 11)) (0.7.1)
Requirement already satisfied: cymem<2.1.0,>=2.0.2 in /usr/local/lib/python3.6/site-packages (from spacy[lookups]->alibi==0.5.2->-r dev_requirements.txt (line 11)) (2.0.3)
Requirement already satisfied: blis<0.5.0,>=0.4.0 in /usr/local/lib/python3.6/site-packages (from spacy[lookups]->alibi==0.5.2->-r dev_requirements.txt (line 11)) (0.4.1)
Requirement already satisfied: spacy-lookups-data<0.4.0,>=0.3.2; extra == "lookups" in /usr/local/lib/python3.6/site-packages (from spacy[lookups]->alibi==0.5.2->-r dev_requirements.txt (line 11)) (0.3.2)
Requirement already satisfied: pytz>=2017.2 in /usr/local/lib/python3.6/site-packages (from pandas->alibi==0.5.2->-r dev_requirements.txt (line 11)) (2020.1)
Requirement already satisfied: h5py in /usr/local/lib/python3.6/site-packages (from keras-applications>=1.0.8->tensorflow==1.15.2->-r dev_requirements.txt (line 13)) (2.10.0)
Requirement already satisfied: werkzeug>=0.11.15 in /usr/local/lib/python3.6/site-packages (from tensorboard<1.16.0,>=1.15.0->tensorflow==1.15.2->-r dev_requirements.txt (line 13)) (1.0.1)
Requirement already satisfied: markdown>=2.6.8 in /usr/local/lib/python3.6/site-packages (from tensorboard<1.16.0,>=1.15.0->tensorflow==1.15.2->-r dev_requirements.txt (line 13)) (3.2.2)
Requirement already satisfied: pyrsistent>=0.14.0 in /usr/local/lib/python3.6/site-packages (from jsonschema!=2.5.0,>=2.4->nbformat>=4.4->nbconvert==5.6.1->-r dev_requirements.txt (line 10)) (0.16.0)
Installing collected packages: pytest, coverage, pytest-cov, tenacity
  Attempting uninstall: pytest
    Found existing installation: pytest 5.4.2
    Uninstalling pytest-5.4.2:
      Successfully uninstalled pytest-5.4.2
  Attempting uninstall: coverage
    Found existing installation: coverage 5.2
    Uninstalling coverage-5.2:
      Successfully uninstalled coverage-5.2
  Attempting uninstall: pytest-cov
    Found existing installation: pytest-cov 2.10.1
    Uninstalling pytest-cov-2.10.1:
      Successfully uninstalled pytest-cov-2.10.1
  Attempting uninstall: tenacity
    Found existing installation: tenacity 6.2.0
    Uninstalling tenacity-6.2.0:
      Successfully uninstalled tenacity-6.2.0
Successfully installed coverage-4.5.4 pytest-5.3.1 pytest-cov-2.8.1 tenacity-6.0.0
pip install -e ../../python
Obtaining file:///workspace/source/python
Requirement already satisfied: Flask<2.0.0 in /usr/local/lib/python3.6/site-packages (from seldon-core==1.2.3.dev0) (1.1.2)
Requirement already satisfied: jsonschema<4.0.0 in /usr/local/lib/python3.6/site-packages (from seldon-core==1.2.3.dev0) (3.2.0)
Requirement already satisfied: Flask-cors<4.0.0 in /usr/local/lib/python3.6/site-packages (from seldon-core==1.2.3.dev0) (3.0.8)
Requirement already satisfied: redis<4.0.0 in /usr/local/lib/python3.6/site-packages (from seldon-core==1.2.3.dev0) (3.5.3)
Requirement already satisfied: requests<3.0.0 in /usr/local/lib/python3.6/site-packages (from seldon-core==1.2.3.dev0) (2.24.0)
Requirement already satisfied: numpy<2.0.0 in /usr/local/lib/python3.6/site-packages (from seldon-core==1.2.3.dev0) (1.19.1)
Requirement already satisfied: flatbuffers<2.0.0 in /usr/local/lib/python3.6/site-packages (from seldon-core==1.2.3.dev0) (1.12)
Requirement already satisfied: protobuf<4.0.0 in /usr/local/lib/python3.6/site-packages (from seldon-core==1.2.3.dev0) (3.13.0)
Requirement already satisfied: grpcio<2.0.0 in /usr/local/lib/python3.6/site-packages (from seldon-core==1.2.3.dev0) (1.31.0)
Requirement already satisfied: Flask-OpenTracing<1.2.0,>=1.1.0 in /usr/local/lib/python3.6/site-packages (from seldon-core==1.2.3.dev0) (1.1.0)
Requirement already satisfied: opentracing<2.4.0,>=2.2.0 in /usr/local/lib/python3.6/site-packages (from seldon-core==1.2.3.dev0) (2.3.0)
Requirement already satisfied: jaeger-client<4.4.0,>=4.1.0 in /usr/local/lib/python3.6/site-packages (from seldon-core==1.2.3.dev0) (4.3.0)
Requirement already satisfied: grpcio-opentracing<1.2.0,>=1.1.4 in /usr/local/lib/python3.6/site-packages (from seldon-core==1.2.3.dev0) (1.1.4)
Requirement already satisfied: PyYAML<5.4 in /usr/local/lib/python3.6/site-packages (from seldon-core==1.2.3.dev0) (5.3.1)
Requirement already satisfied: gunicorn<20.1.0,>=19.9.0 in /usr/local/lib/python3.6/site-packages (from seldon-core==1.2.3.dev0) (20.0.4)
Requirement already satisfied: setuptools>=41.0.0 in /usr/local/lib/python3.6/site-packages (from seldon-core==1.2.3.dev0) (49.6.0)
Requirement already satisfied: prometheus_client<0.9.0,>=0.7.1 in /usr/local/lib/python3.6/site-packages (from seldon-core==1.2.3.dev0) (0.8.0)
Requirement already satisfied: Jinja2>=2.10.1 in /usr/local/lib/python3.6/site-packages (from Flask<2.0.0->seldon-core==1.2.3.dev0) (2.11.2)
Requirement already satisfied: click>=5.1 in /usr/local/lib/python3.6/site-packages (from Flask<2.0.0->seldon-core==1.2.3.dev0) (7.1.2)
Requirement already satisfied: Werkzeug>=0.15 in /usr/local/lib/python3.6/site-packages (from Flask<2.0.0->seldon-core==1.2.3.dev0) (1.0.1)
Requirement already satisfied: itsdangerous>=0.24 in /usr/local/lib/python3.6/site-packages (from Flask<2.0.0->seldon-core==1.2.3.dev0) (1.1.0)
Requirement already satisfied: attrs>=17.4.0 in /usr/local/lib/python3.6/site-packages (from jsonschema<4.0.0->seldon-core==1.2.3.dev0) (20.1.0)
Requirement already satisfied: six>=1.11.0 in /usr/local/lib/python3.6/site-packages (from jsonschema<4.0.0->seldon-core==1.2.3.dev0) (1.15.0)
Requirement already satisfied: pyrsistent>=0.14.0 in /usr/local/lib/python3.6/site-packages (from jsonschema<4.0.0->seldon-core==1.2.3.dev0) (0.16.0)
Requirement already satisfied: importlib-metadata; python_version < "3.8" in /usr/local/lib/python3.6/site-packages (from jsonschema<4.0.0->seldon-core==1.2.3.dev0) (1.7.0)
Requirement already satisfied: certifi>=2017.4.17 in /usr/local/lib/python3.6/site-packages (from requests<3.0.0->seldon-core==1.2.3.dev0) (2020.6.20)
Requirement already satisfied: idna<3,>=2.5 in /usr/local/lib/python3.6/site-packages (from requests<3.0.0->seldon-core==1.2.3.dev0) (2.10)
Requirement already satisfied: chardet<4,>=3.0.2 in /usr/local/lib/python3.6/site-packages (from requests<3.0.0->seldon-core==1.2.3.dev0) (3.0.4)
Requirement already satisfied: urllib3!=1.25.0,!=1.25.1,<1.26,>=1.21.1 in /usr/local/lib/python3.6/site-packages (from requests<3.0.0->seldon-core==1.2.3.dev0) (1.25.10)
Requirement already satisfied: thrift in /usr/local/lib/python3.6/site-packages (from jaeger-client<4.4.0,>=4.1.0->seldon-core==1.2.3.dev0) (0.13.0)
Requirement already satisfied: threadloop<2,>=1 in /usr/local/lib/python3.6/site-packages (from jaeger-client<4.4.0,>=4.1.0->seldon-core==1.2.3.dev0) (1.0.2)
Requirement already satisfied: tornado>=4.3 in /usr/local/lib/python3.6/site-packages (from jaeger-client<4.4.0,>=4.1.0->seldon-core==1.2.3.dev0) (6.0.4)
Requirement already satisfied: MarkupSafe>=0.23 in /usr/local/lib/python3.6/site-packages (from Jinja2>=2.10.1->Flask<2.0.0->seldon-core==1.2.3.dev0) (1.1.1)
Requirement already satisfied: zipp>=0.5 in /usr/local/lib/python3.6/site-packages (from importlib-metadata; python_version < "3.8"->jsonschema<4.0.0->seldon-core==1.2.3.dev0) (3.1.0)
Installing collected packages: seldon-core
  Attempting uninstall: seldon-core
    Found existing installation: seldon-core 1.2.3.dev0
    Uninstalling seldon-core-1.2.3.dev0:
      Successfully uninstalled seldon-core-1.2.3.dev0
  Running setup.py develop for seldon-core
Successfully installed seldon-core
pytest \
	--verbose \
	-s \
	-m "notebooks" \
	-W ignore test_notebooks.py::TestNotebooks 2>&1
============================= test session starts ==============================
platform linux -- Python 3.6.10, pytest-5.3.1, py-1.9.0, pluggy-0.13.1 -- /usr/local/bin/python
cachedir: .pytest_cache
rootdir: /workspace/source/testing/scripts, inifile: setup.cfg
plugins: cov-2.8.1, xdist-1.30.0, flaky-3.6.1, forked-1.3.0
collecting ... collected 25 items

test_notebooks.py::TestNotebooks::test_helm_examples [NbConvertApp] Converting notebook ../../notebooks/helm_examples.ipynb to script
[NbConvertApp] Writing 6781 bytes to ../../notebooks/helm_examples.py

PODS UPDATE: NAMESPACE       NAME                                         READY   STATUS    RESTARTS   AGE


PODS UPDATE: cert-manager    cert-manager-5c47f46f57-hts2g                1/1     Running   0          93s


PODS UPDATE: cert-manager    cert-manager-cainjector-6659d6844d-n57x2     1/1     Running   0          93s


PODS UPDATE: cert-manager    cert-manager-webhook-547567b88f-r5b6g        1/1     Running   0          93s


PODS UPDATE: istio-system    grafana-6b65874977-rpwrc                     1/1     Running   0          3m7s


PODS UPDATE: istio-system    istio-citadel-86dcf4c6b-mbcnn                1/1     Running   0          3m7s


PODS UPDATE: istio-system    istio-egressgateway-68f754ccdd-t2k8b         1/1     Running   0          3m8s


PODS UPDATE: istio-system    istio-galley-5fc6d6c45b-zckpp                1/1     Running   0          3m6s


PODS UPDATE: istio-system    istio-ingressgateway-6d759478d8-gs7cm        1/1     Running   0          3m7s


PODS UPDATE: istio-system    istio-pilot-5c4995d687-fhhtb                 1/1     Running   0          3m6s


PODS UPDATE: istio-system    istio-policy-57b99968f-9h5sp                 1/1     Running   1          3m6s


PODS UPDATE: istio-system    istio-sidecar-injector-746f7c7bbb-9tqqp      1/1     Running   0          3m5s


PODS UPDATE: istio-system    istio-telemetry-854d8556d5-zm9dz             1/1     Running   1          3m5s


PODS UPDATE: istio-system    istio-tracing-c66d67cd9-69x8x                1/1     Running   0          3m5s


PODS UPDATE: istio-system    kiali-8559969566-8cx22                       1/1     Running   0          3m6s


PODS UPDATE: istio-system    prometheus-66c5887c86-bv8pz                  1/1     Running   0          3m6s


PODS UPDATE: kube-system     coredns-5644d7b6d9-pdjj7                     1/1     Running   0          10m


PODS UPDATE: kube-system     coredns-5644d7b6d9-w4hr6                     1/1     Running   0          10m


PODS UPDATE: kube-system     etcd-kind-control-plane                      1/1     Running   0          9m12s


PODS UPDATE: kube-system     kindnet-hchw7                                1/1     Running   0          10m


PODS UPDATE: kube-system     kindnet-st4fn                                1/1     Running   0          9m48s


PODS UPDATE: kube-system     kube-apiserver-kind-control-plane            1/1     Running   0          9m12s


PODS UPDATE: kube-system     kube-controller-manager-kind-control-plane   1/1     Running   0          9m3s


PODS UPDATE: kube-system     kube-proxy-28drp                             1/1     Running   0          9m48s


PODS UPDATE: kube-system     kube-proxy-2m5nd                             1/1     Running   0          10m


PODS UPDATE: kube-system     kube-scheduler-kind-control-plane            1/1     Running   0          9m6s


PODS UPDATE: kube-system     metrics-server-787cbd4d5d-8kx8r              1/1     Running   0          56s


PODS UPDATE: seldon-system   seldon-controller-manager-5569844fd7-d482m   1/1     Running   0          65s


PODS UPDATE: seldon          ambassador-868798d7cb-sb8pf                  1/1     Running   0          4m9s


PODS UPDATE: seldon          jaeger-658576999c-fxz6m                      1/1     Running   0          93s


PODS UPDATE: seldon          jaeger-operator-7b5fdddfb8-mnxq7             1/1     Running   0          110s


PODS UPDATE: seldon          mymodel-default-0-model-5c9b4d9d8b-sgllk     0/2     Pending   0          0s


PODS UPDATE: seldon          mymodel-default-0-model-5c9b4d9d8b-sgllk     0/2     Pending   0          0s


PODS UPDATE: seldon          mymodel-default-0-model-5c9b4d9d8b-sgllk     0/2     ContainerCreating   0          0s


PODS UPDATE: seldon          mymodel-default-0-model-5c9b4d9d8b-sgllk     0/2     Running             0          79s


PODS UPDATE: seldon          mymodel-default-0-model-5c9b4d9d8b-sgllk     1/2     Running             0          96s


PODS UPDATE: seldon          mymodel-default-0-model-5c9b4d9d8b-sgllk     2/2     Running             0          102s


PODS UPDATE: seldon          mymodel-default-0-model-5c9b4d9d8b-sgllk     2/2     Terminating         0          2m2s


PODS UPDATE: seldon          mymodel-default-0-model-9c76f4bf7-6jsfr      0/2     Pending             0          0s


PODS UPDATE: seldon          mymodel-default-0-model-9c76f4bf7-6jsfr      0/2     Pending             0          0s


PODS UPDATE: seldon          mymodel-default-0-model-9c76f4bf7-6jsfr      0/2     ContainerCreating   0          0s


PODS UPDATE: seldon          mymodel-default-0-model-5c9b4d9d8b-sgllk     1/2     Terminating         0          2m17s


PODS UPDATE: seldon          mymodel-default-0-model-5c9b4d9d8b-sgllk     0/2     Terminating         0          2m28s


PODS UPDATE: seldon          mymodel-default-0-model-5c9b4d9d8b-sgllk     0/2     Terminating         0          2m34s


PODS UPDATE: seldon          mymodel-default-0-model-5c9b4d9d8b-sgllk     0/2     Terminating         0          2m34s


PODS UPDATE: seldon          mymodel-default-0-model-9c76f4bf7-6jsfr      0/2     Running             0          47s


PODS UPDATE: seldon          mymodel-default-0-model-9c76f4bf7-6jsfr      1/2     Running             0          67s


PODS UPDATE: seldon          mymodel-default-0-model-9c76f4bf7-6jsfr      2/2     Running             0          70s


PODS UPDATE: seldon          mymodel-default-0-model-9c76f4bf7-6jsfr      2/2     Terminating         0          87s


PODS UPDATE: seldon          myabtest-default-0-classifier-1-84d6d469bd-s98tj   0/2     Pending             0          0s


PODS UPDATE: seldon          myabtest-default-1-classifier-2-6f6f597cb9-zdz8n   0/1     Pending             0          0s


PODS UPDATE: seldon          myabtest-default-0-classifier-1-84d6d469bd-s98tj   0/2     Pending             0          0s


PODS UPDATE: seldon          myabtest-default-1-classifier-2-6f6f597cb9-zdz8n   0/1     Pending             0          0s


PODS UPDATE: seldon          myabtest-default-0-classifier-1-84d6d469bd-s98tj   0/2     ContainerCreating   0          0s


PODS UPDATE: seldon          myabtest-default-1-classifier-2-6f6f597cb9-zdz8n   0/1     ContainerCreating   0          0s


PODS UPDATE: seldon          myabtest-default-0-classifier-1-84d6d469bd-s98tj   0/2     Running             0          2s


PODS UPDATE: seldon          myabtest-default-1-classifier-2-6f6f597cb9-zdz8n   0/1     Running             0          2s


PODS UPDATE: seldon          mymodel-default-0-model-9c76f4bf7-6jsfr            1/2     Terminating         0          100s


PODS UPDATE: seldon          mymodel-default-0-model-9c76f4bf7-6jsfr            0/2     Terminating         0          108s


PODS UPDATE: seldon          mymodel-default-0-model-9c76f4bf7-6jsfr            0/2     Terminating         0          109s


PODS UPDATE: seldon          mymodel-default-0-model-9c76f4bf7-6jsfr            0/2     Terminating         0          109s


PODS UPDATE: seldon          myabtest-default-1-classifier-2-6f6f597cb9-zdz8n   1/1     Running             0          22s


PODS UPDATE: seldon          myabtest-default-0-classifier-1-84d6d469bd-s98tj   1/2     Running             0          22s


PODS UPDATE: seldon          myabtest-default-0-classifier-1-84d6d469bd-s98tj   2/2     Running             0          24s


PODS UPDATE: seldon          myabtest-default-1-classifier-2-6f6f597cb9-zdz8n   1/1     Terminating         0          40s


PODS UPDATE: seldon          myabtest-default-0-classifier-1-84d6d469bd-s98tj   2/2     Terminating         0          40s


PODS UPDATE: seldon          myabtest-default-0-classifier-1-5fb76bc749-fxdxc   0/2     Pending             0          0s


PODS UPDATE: seldon          myabtest-default-0-classifier-1-5fb76bc749-fxdxc   0/2     Pending             0          0s


PODS UPDATE: seldon          myabtest-default-1-classifier-2-6b7db66597-qndf6   0/1     Pending             0          0s


PODS UPDATE: seldon          myabtest-default-1-classifier-2-6b7db66597-qndf6   0/1     Pending             0          0s


PODS UPDATE: seldon          myabtest-default-0-classifier-1-5fb76bc749-fxdxc   0/2     ContainerCreating   0          0s


PODS UPDATE: seldon          myabtest-default-1-classifier-2-6b7db66597-qndf6   0/1     ContainerCreating   0          0s


PODS UPDATE: seldon          myabtest-default-1-classifier-2-6b7db66597-qndf6   0/1     Running             0          4s


PODS UPDATE: seldon          myabtest-default-0-classifier-1-5fb76bc749-fxdxc   0/2     Running             0          5s


PODS UPDATE: seldon          myabtest-default-0-classifier-1-84d6d469bd-s98tj   1/2     Terminating         0          52s


PODS UPDATE: seldon          myabtest-default-1-classifier-2-6f6f597cb9-zdz8n   0/1     Terminating         0          62s


PODS UPDATE: seldon          myabtest-default-1-classifier-2-6f6f597cb9-zdz8n   0/1     Terminating         0          63s


PODS UPDATE: seldon          myabtest-default-0-classifier-1-84d6d469bd-s98tj   0/2     Terminating         0          63s


PODS UPDATE: seldon          myabtest-default-1-classifier-2-6f6f597cb9-zdz8n   0/1     Terminating         0          66s


PODS UPDATE: seldon          myabtest-default-1-classifier-2-6f6f597cb9-zdz8n   0/1     Terminating         0          66s


PODS UPDATE: seldon          myabtest-default-0-classifier-1-5fb76bc749-fxdxc   1/2     Running             0          25s


PODS UPDATE: seldon          myabtest-default-1-classifier-2-6b7db66597-qndf6   1/1     Running             0          27s


PODS UPDATE: seldon          myabtest-default-0-classifier-1-5fb76bc749-fxdxc   2/2     Running             0          28s


PODS UPDATE: seldon          myabtest-default-0-classifier-1-84d6d469bd-s98tj   0/2     Terminating         0          76s


PODS UPDATE: seldon          myabtest-default-0-classifier-1-84d6d469bd-s98tj   0/2     Terminating         0          76s


PODS UPDATE: seldon          myabtest-default-1-classifier-2-6b7db66597-qndf6   1/1     Terminating         0          44s


PODS UPDATE: seldon          myabtest-default-0-classifier-1-5fb76bc749-fxdxc   2/2     Terminating         0          44s


PODS UPDATE: seldon          mymab-default-0-classifier-1-657bd79c8c-dh58g      0/2     Pending             0          0s


PODS UPDATE: seldon          mymab-default-1-classifier-2-5fbb94b6b6-hh5n6      0/1     Pending             0          0s


PODS UPDATE: seldon          mymab-default-2-eg-router-7944df495c-fpqb6         0/1     Pending             0          0s


PODS UPDATE: seldon          mymab-default-0-classifier-1-657bd79c8c-dh58g      0/2     Pending             0          0s


PODS UPDATE: seldon          mymab-default-1-classifier-2-5fbb94b6b6-hh5n6      0/1     Pending             0          0s


PODS UPDATE: seldon          mymab-default-2-eg-router-7944df495c-fpqb6         0/1     Pending             0          0s


PODS UPDATE: seldon          mymab-default-0-classifier-1-657bd79c8c-dh58g      0/2     ContainerCreating   0          0s


PODS UPDATE: seldon          mymab-default-1-classifier-2-5fbb94b6b6-hh5n6      0/1     ContainerCreating   0          0s


PODS UPDATE: seldon          mymab-default-2-eg-router-7944df495c-fpqb6         0/1     ContainerCreating   0          0s


PODS UPDATE: seldon          myabtest-default-0-classifier-1-5fb76bc749-fxdxc   1/2     Terminating         0          58s


PODS UPDATE: seldon          mymab-default-1-classifier-2-5fbb94b6b6-hh5n6      0/1     Running             0          12s


PODS UPDATE: seldon          mymab-default-0-classifier-1-657bd79c8c-dh58g      0/2     Running             0          13s


PODS UPDATE: seldon          myabtest-default-1-classifier-2-6b7db66597-qndf6   0/1     Terminating         0          65s


PODS UPDATE: seldon          myabtest-default-0-classifier-1-5fb76bc749-fxdxc   0/2     Terminating         0          65s


PODS UPDATE: seldon          myabtest-default-1-classifier-2-6b7db66597-qndf6   0/1     Terminating         0          66s


PODS UPDATE: seldon          myabtest-default-1-classifier-2-6b7db66597-qndf6   0/1     Terminating         0          66s


PODS UPDATE: seldon          PASSED
test_notebooks.py::TestNotebooks::test_explainer_examples [NbConvertApp] Converting notebook ../../notebooks/explainer_examples.ipynb to script
[NbConvertApp] Writing 23803 bytes to ../../notebooks/explainer_examples.py
mymab-default-2-eg-router-7944df495c-fpqb6         0/1     Running             0          19s


PODS UPDATE: seldon          myabtest-default-0-classifier-1-5fb76bc749-fxdxc   0/2     Terminating         0          70s


PODS UPDATE: seldon          myabtest-default-0-classifier-1-5fb76bc749-fxdxc   0/2     Terminating         0          70s


PODS UPDATE: seldon          mymab-default-0-classifier-1-657bd79c8c-dh58g      1/2     Running             0          32s


PODS UPDATE: seldon          mymab-default-1-classifier-2-5fbb94b6b6-hh5n6      1/1     Running             0          33s


PODS UPDATE: seldon          mymab-default-2-eg-router-7944df495c-fpqb6         1/1     Running             0          43s


PODS UPDATE: seldon          mymab-default-0-classifier-1-657bd79c8c-dh58g      2/2     Running             0          43s


PODS UPDATE: seldon          mymab-default-1-classifier-2-5fbb94b6b6-hh5n6      1/1     Terminating         0          60s


PODS UPDATE: seldon          mymab-default-2-eg-router-7944df495c-fpqb6         1/1     Terminating         0          60s


PODS UPDATE: seldon          mymab-default-0-classifier-1-657bd79c8c-dh58g      2/2     Terminating         0          60s


PODS UPDATE: seldon          mymab-default-0-classifier-1-6957f5cf45-p85dv      0/2     Pending             0          0s


PODS UPDATE: seldon          mymab-default-1-classifier-2-86df69bc74-2mxdf      0/1     Pending             0          0s


PODS UPDATE: seldon          mymab-default-1-classifier-2-86df69bc74-2mxdf      0/1     Pending             0          0s


PODS UPDATE: seldon          mymab-default-0-classifier-1-6957f5cf45-p85dv      0/2     Pending             0          0s


PODS UPDATE: seldon          mymab-default-1-classifier-2-86df69bc74-2mxdf      0/1     ContainerCreating   0          0s


PODS UPDATE: seldon          mymab-default-2-eg-router-57bc97dc57-jvsft         0/1     Pending             0          0s


PODS UPDATE: seldon          mymab-default-2-eg-router-57bc97dc57-jvsft         0/1     Pending             0          0s


PODS UPDATE: seldon          mymab-default-0-classifier-1-6957f5cf45-p85dv      0/2     ContainerCreating   0          0s


PODS UPDATE: seldon          mymab-default-2-eg-router-57bc97dc57-jvsft         0/1     ContainerCreating   0          0s


PODS UPDATE: seldon          mymab-default-0-classifier-1-6957f5cf45-p85dv      0/2     Running             0          2s


PODS UPDATE: seldon          mymab-default-1-classifier-2-86df69bc74-2mxdf      0/1     Running             0          2s


PODS UPDATE: seldon          mymab-default-2-eg-router-57bc97dc57-jvsft         0/1     Running             0          5s


PODS UPDATE: seldon          mymab-default-0-classifier-1-657bd79c8c-dh58g      1/2     Terminating         0          72s


PODS UPDATE: seldon          mymab-default-0-classifier-1-6957f5cf45-p85dv      1/2     Running             0          22s


PODS UPDATE: seldon          mymab-default-1-classifier-2-86df69bc74-2mxdf      1/1     Running             0          24s


PODS UPDATE: seldon          mymab-default-2-eg-router-57bc97dc57-jvsft         1/1     Running             0          24s


PODS UPDATE: seldon          mymab-default-0-classifier-1-657bd79c8c-dh58g      0/2     Terminating         0          91s


PODS UPDATE: seldon          mymab-default-1-classifier-2-5fbb94b6b6-hh5n6      0/1     Terminating         0          91s


PODS UPDATE: seldon          mymab-default-2-eg-router-7944df495c-fpqb6         0/1     Terminating         0          91s


PODS UPDATE: seldon          mymab-default-0-classifier-1-6957f5cf45-p85dv      2/2     Running             0          27s


PODS UPDATE: seldon          mymab-default-0-classifier-1-657bd79c8c-dh58g      0/2     Terminating         0          92s


PODS UPDATE: seldon          mymab-default-0-classifier-1-657bd79c8c-dh58g      0/2     Terminating         0          92s


PODS UPDATE: seldon          mymab-default-2-eg-router-7944df495c-fpqb6         0/1     Terminating         0          92s


PODS UPDATE: seldon          mymab-default-2-eg-router-7944df495c-fpqb6         0/1     Terminating         0          92s


PODS UPDATE: seldon          mymab-default-1-classifier-2-5fbb94b6b6-hh5n6      0/1     Terminating         0          100s


PODS UPDATE: seldon          mymab-default-1-classifier-2-5fbb94b6b6-hh5n6      0/1     Terminating         0          100s


PODS UPDATE: seldon          mymab-default-1-classifier-2-86df69bc74-2mxdf      1/1     Terminating         0          44s


PODS UPDATE: seldon          mymab-default-2-eg-router-57bc97dc57-jvsft         1/1     Terminating         0          44s


PODS UPDATE: seldon          mymab-default-0-classifier-1-6957f5cf45-p85dv      2/2     Terminating         0          44s


PODS UPDATE: seldon          income-default-0-classifier-b4446578c-hhzwn        0/2     Pending             0          0s


PODS UPDATE: seldon          income-default-explainer-54fdbbcff8-5p59s          0/1     Pending             0          0s


PODS UPDATE: seldon          income-default-0-classifier-b4446578c-hhzwn        0/2     Pending             0          0s


PODS UPDATE: seldon          income-default-explainer-54fdbbcff8-5p59s          0/1     Pending             0          0s


PODS UPDATE: seldon          income-default-0-classifier-b4446578c-hhzwn        0/2     Init:0/1            0          0s


PODS UPDATE: seldon          income-default-explainer-54fdbbcff8-5p59s          0/1     Init:0/1            0          0s


PODS UPDATE: seldon          mymab-default-0-classifier-1-6957f5cf45-p85dv      1/2     Terminating         0          57s


PODS UPDATE: seldon          mymab-default-0-classifier-1-6957f5cf45-p85dv      0/2     Terminating         0          76s


PODS UPDATE: seldon          mymab-default-1-classifier-2-86df69bc74-2mxdf      0/1     Terminating         0          77s


PODS UPDATE: seldon          mymab-default-2-eg-router-57bc97dc57-jvsft         0/1     Terminating         0          80s


PODS UPDATE: seldon          mymab-default-2-eg-router-57bc97dc57-jvsft         0/1     Terminating         0          82s


PODS UPDATE: seldon          mymab-default-0-classifier-1-6957f5cf45-p85dv      0/2     Terminating         0          82s


PODS UPDATE: seldon          income-default-0-classifier-b4446578c-hhzwn        0/2     Init:0/1            0          30s


PODS UPDATE: seldon          income-default-explainer-54fdbbcff8-5p59s          0/1     Init:0/1            0          30s


PODS UPDATE: seldon          mymab-default-1-classifier-2-86df69bc74-2mxdf      0/1     Terminating         0          82s


PODS UPDATE: seldon          mymab-default-2-eg-router-57bc97dc57-jvsft         0/1     Terminating         0          83s


PODS UPDATE: seldon          mymab-default-2-eg-router-57bc97dc57-jvsft         0/1     Terminating         0          83s


PODS UPDATE: seldon          mymab-default-0-classifier-1-6957f5cf45-p85dv      0/2     Terminating         0          83s


PODS UPDATE: seldon          mymab-default-0-classifier-1-6957f5cf45-p85dv      0/2     Terminating         0          83s


PODS UPDATE: seldon          mymab-default-1-classifier-2-86df69bc74-2mxdf      0/1     Terminating         0          86s


PODS UPDATE: seldon          mymab-default-1-classifier-2-86df69bc74-2mxdf      0/1     Terminating         0          86s


PODS UPDATE: seldon          income-default-0-classifier-b4446578c-hhzwn        0/2     PodInitializing     0          35s


PODS UPDATE: seldon          income-default-explainer-54fdbbcff8-5p59s          0/1     PodInitializing     0          35s


PODS UPDATE: seldon          income-default-0-classifier-b4446578c-hhzwn        0/2     Running             0          2m31s


PODS UPDATE: seldon          income-default-0-classifier-b4446578c-hhzwn        0/2     Error               0          2m32s


PODS UPDATE: seldon          income-default-0-classifier-b4446578c-hhzwn        0/2     Running             1          2m42s


PODS UPDATE: seldon          income-default-0-classifier-b4446578c-hhzwn        0/2     Error             seldondeployment.machinelearning.seldon.io "income" deleted
[NbConvertApp] Converting notebook ../../notebooks/explainer_examples.ipynb to script
[NbConvertApp] Writing 23803 bytes to ../../notebooks/explainer_examples.py
  1          2m53s


PODS UPDATE: seldon          income-default-0-classifier-b4446578c-hhzwn        0/2     CrashLoopBackOff    1          2m56s


PODS UPDATE: seldon          income-default-0-classifier-b4446578c-hhzwn        0/2     Running             2          3m


PODS UPDATE: seldon          income-default-0-classifier-b4446578c-hhzwn        0/2     Error               2          3m6s


PODS UPDATE: seldon          income-default-0-classifier-b4446578c-hhzwn        0/2     CrashLoopBackOff    2          3m11s


PODS UPDATE: seldon          income-default-explainer-54fdbbcff8-5p59s          0/1     Running             0          3m35s


PODS UPDATE: seldon          income-default-0-classifier-b4446578c-hhzwn        0/2     Running             3          3m35s


PODS UPDATE: seldon          income-default-0-classifier-b4446578c-hhzwn        0/2     Error               3          3m38s


PODS UPDATE: seldon          income-default-explainer-54fdbbcff8-5p59s          0/1     Error               0          3m40s


PODS UPDATE: seldon          income-default-0-classifier-b4446578c-hhzwn        0/2     CrashLoopBackOff    3          3m41s


PODS UPDATE: seldon          income-default-explainer-54fdbbcff8-5p59s          0/1     Running             1          3m43s


PODS UPDATE: seldon          income-default-explainer-54fdbbcff8-5p59s          0/1     Error               1          3m52s


PODS UPDATE: seldon          income-default-explainer-54fdbbcff8-5p59s          0/1     CrashLoopBackOff    1          3m54s


PODS UPDATE: seldon          income-default-explainer-54fdbbcff8-5p59s          0/1     Running             2          4m18s


PODS UPDATE: seldon          income-default-0-classifier-b4446578c-hhzwn        0/2     Running             4          4m24s


PODS UPDATE: seldon          income-default-explainer-54fdbbcff8-5p59s          0/1     Error               2          4m24s


PODS UPDATE: seldon          income-default-explainer-54fdbbcff8-5p59s          0/1     CrashLoopBackOff    2          4m25s


PODS UPDATE: seldon          income-default-0-classifier-b4446578c-hhzwn        0/2     Error               4          4m29s


PODS UPDATE: seldon          income-default-0-classifier-b4446578c-hhzwn        0/2     CrashLoopBackOff    4          4m31s


PODS UPDATE: seldon          income-default-explainer-54fdbbcff8-5p59s          0/1     Running             3          5m4s


PODS UPDATE: seldon          income-default-explainer-54fdbbcff8-5p59s          0/1     Error               3          5m9s


PODS UPDATE: seldon          income-default-explainer-54fdbbcff8-5p59s          0/1     CrashLoopBackOff    3          5m10s


PODS UPDATE: seldon          income-default-0-classifier-b4446578c-hhzwn        0/2     Running             5          5m48s


PODS UPDATE: seldon          income-default-explainer-54fdbbcff8-5p59s          0/1     Running             4          5m48s


PODS UPDATE: seldon          income-default-0-classifier-b4446578c-hhzwn        0/2     Error               5          5m51s


PODS UPDATE: seldon          income-default-explainer-54fdbbcff8-5p59s          0/1     Error               4          5m53s


PODS UPDATE: seldon          income-default-explainer-54fdbbcff8-5p59s          0/1     CrashLoopBackOff    4          5m54s


PODS UPDATE: seldon          income-default-0-classifier-b4446578c-hhzwn        0/2     CrashLoopBackOff    5          5m56s


PODS UPDATE: seldon          income-default-explainer-54fdbbcff8-5p59s          0/1     Running             5          7m14s


PODS UPDATE: seldon          income-default-explainer-54fdbbcff8-5p59s          0/1     Error               5          7m18s


PODS UPDATE: seldon          income-default-explainer-54fdbbcff8-5p59s          0/1     CrashLoopBackOff    5          7m19s


PODS UPDATE: seldon          income-default-0-classifier-b4446578c-hhzwn        0/2     Running             6          8m32s


PODS UPDATE: seldon          income-default-0-classifier-b4446578c-hhzwn        0/2     Error               6          8m40s


PODS UPDATE: seldon          income-default-0-classifier-b4446578c-hhzwn        0/2     CrashLoopBackOff    6          8m41s


PODS UPDATE: seldon          income-default-explainer-54fdbbcff8-5p59s          0/1     Running             6          10m


PODS UPDATE: seldon          income-default-explainer-54fdbbcff8-5p59s          0/1     Error               6          10m


PODS UPDATE: seldon          income-default-explainer-54fdbbcff8-5p59s          0/1     CrashLoopBackOff    6          10m


PODS UPDATE: seldon          income-default-explainer-54fdbbcff8-5p59s          0/1     Terminating         6          10m


PODS UPDATE: seldon          income-default-0-classifier-b4446578c-hhzwn        0/2     Terminating         6          10m


PODS UPDATE: seldon          income-default-explainer-54fdbbcff8-5p59s          0/1     Terminating         6          10m


PODS UPDATE: seldon          income-default-0-classifier-b4446578c-hhzwn        0/2     Terminating         6          10m


PODS UPDATE: seldon          income-default-explainer-54fdbbcff8-5p59s          0/1     Terminating         6          10m


PODS UPDATE: seldon          income-default-explainer-54fdbbcff8-5p59s          0/1     Terminating         6          10m


PODS UPDATE: seldon          income-default-0-classifier-b4446578c-jhgv6        0/2     Pending             0          0s


PODS UPDATE: seldon          income-default-explainer-54fdbbcff8-449jb          0/1     Pending             0          0s


PODS UPDATE: seldon          income-default-0-classifier-b4446578c-jhgv6        0/2     Pending             0          0s


PODS UPDATE: seldon          income-default-explainer-54fdbbcff8-449jb          0/1     Pending             0          0s


PODS UPDATE: seldon          income-default-0-classifier-b4446578c-jhgv6        0/2     Init:0/1            0          0s


PODS UPDATE: seldon          income-default-explainer-54fdbbcff8-449jb          0/1     Init:0/1            0          1s


PODS UPDATE: seldon          income-default-0-classifier-b4446578c-hhzwn        0/2     Terminating         6          10m


PODS UPDATE: seldon          income-default-0-classifier-b4446578c-hhzwn        0/2     Terminating         6          10m


PODS UPDATE: seldon          income-default-explainer-54fdbbcff8-449jb          0/1     Init:0/1            0          8s


PODS UPDATE: seldon          income-default-0-classifier-b4446578c-jhgv6        0/2     Init:0/1            0          8s


PODS UPDATE: seldon          income-default-0-classifier-b4446578c-jhgv6        0/2     PodInitializing     0          11s


PODS UPDATE: seldon          income-default-explainer-54fdbbcff8-449jb          0/1     PodInitializing     0          11s


PODS UPDATE: seldon          income-default-explainer-54fdbbcff8-449jb          0/1     Running             0          12s


PODS UPDATE: seldon          income-default-0-classifier-b4446578c-jhgv6        0/2     Running             0          12s


PODS UPDATE: seldon          income-default-0-classifier-b4446578c-jhgv6        0/2     Error               0          16s


PODS UPDATE: seldon          income-default-explainer-54fdbbcff8-449jb          0/1     Error               0          16s


PODS UPDATE: seldon          income-default-explainer-54fdbbcff8-449jb          0/1     Running             1          17s


PODS UPDATE: seldon          income-default-0-classifier-b4446578c-jhgv6        0/2     Running             1          17s


PODS UPDATE: seldon          income-default-0-classifier-b4446578c-jhgv6        0/2     Error               1          21s


PODS UPDATE: seldon          income-default-explainer-54fdbbcff8-449jb          0/1     Error               1          22s


PODS UPDATE: seldon          income-default-0-classifier-b4446578c-jhgv6        0/2     CrashLoopBackOff    1          24s


PODS UPDATE: seldon          income-default-explainer-54fdbbcff8-449jb          0/1     CrashLoopBackOff    1          27s


PODS UPDATE: seldon          income-default-0-classifier-b4446578c-jhgv6        0/2     Running             2          seldondeployment.machinelearning.seldon.io "income" deleted
FAILED
test_notebooks.py::TestNotebooks::test_istio_examples [NbConvertApp] Converting notebook ../../notebooks/istio_example.ipynb to script
[NbConvertApp] Writing 5706 bytes to ../../notebooks/istio_example.py
46s


PODS UPDATE: seldon          income-default-explainer-54fdbbcff8-449jb          0/1     Running             2          46s


PODS UPDATE: seldon          income-default-0-classifier-b4446578c-jhgv6        0/2     Error               2          50s


PODS UPDATE: seldon          income-default-explainer-54fdbbcff8-449jb          0/1     Error               2          51s


PODS UPDATE: seldon          income-default-explainer-54fdbbcff8-449jb          0/1     CrashLoopBackOff    2          52s


PODS UPDATE: seldon          income-default-0-classifier-b4446578c-jhgv6        0/2     CrashLoopBackOff    2          54s


PODS UPDATE: seldon          income-default-explainer-54fdbbcff8-449jb          0/1     Running             3          90s


PODS UPDATE: seldon          income-default-0-classifier-b4446578c-jhgv6        0/2     Running             3          90s


PODS UPDATE: seldon          income-default-0-classifier-b4446578c-jhgv6        0/2     Error               3          94s


PODS UPDATE: seldon          income-default-explainer-54fdbbcff8-449jb          0/1     Error               3          95s


PODS UPDATE: seldon          income-default-0-classifier-b4446578c-jhgv6        0/2     CrashLoopBackOff    3          95s


PODS UPDATE: seldon          income-default-explainer-54fdbbcff8-449jb          0/1     CrashLoopBackOff    3          97s


PODS UPDATE: seldon          income-default-explainer-54fdbbcff8-449jb          0/1     Running             4          2m18s


PODS UPDATE: seldon          income-default-0-classifier-b4446578c-jhgv6        0/2     Running             4          2m18s


PODS UPDATE: seldon          income-default-0-classifier-b4446578c-jhgv6        0/2     Error               4          2m21s


PODS UPDATE: seldon          income-default-explainer-54fdbbcff8-449jb          0/1     Error               4          2m23s


PODS UPDATE: seldon          income-default-0-classifier-b4446578c-jhgv6        0/2     CrashLoopBackOff    4          2m24s


PODS UPDATE: seldon          income-default-explainer-54fdbbcff8-449jb          0/1     CrashLoopBackOff    4          2m27s


PODS UPDATE: seldon          income-default-explainer-54fdbbcff8-449jb          0/1     Running             5          4m6s


PODS UPDATE: seldon          income-default-0-classifier-b4446578c-jhgv6        0/2     Running             5          4m6s


PODS UPDATE: seldon          income-default-0-classifier-b4446578c-jhgv6        0/2     Error               5          4m13s


PODS UPDATE: seldon          income-default-0-classifier-b4446578c-jhgv6        0/2     CrashLoopBackOff    5          4m14s


PODS UPDATE: seldon          income-default-explainer-54fdbbcff8-449jb          0/1     Error               5          4m22s


PODS UPDATE: seldon          income-default-explainer-54fdbbcff8-449jb          0/1     CrashLoopBackOff    5          4m27s


PODS UPDATE: seldon          income-default-0-classifier-b4446578c-jhgv6        0/2     Running             6          6m58s


PODS UPDATE: seldon          income-default-0-classifier-b4446578c-jhgv6        0/2     Error               6          7m1s


PODS UPDATE: seldon          income-default-0-classifier-b4446578c-jhgv6        0/2     CrashLoopBackOff    6          7m4s


PODS UPDATE: seldon          income-default-explainer-54fdbbcff8-449jb          0/1     Running             6          7m5s


PODS UPDATE: seldon          income-default-explainer-54fdbbcff8-449jb          0/1     Error               6          7m10s


PODS UPDATE: seldon          income-default-explainer-54fdbbcff8-449jb          0/1     CrashLoopBackOff    6          7m12s


PODS UPDATE: seldon          income-default-explainer-54fdbbcff8-449jb          0/1     Terminating         6          10m


PODS UPDATE: seldon          income-default-0-classifier-b4446578c-jhgv6        0/2     Terminating         6          10m


PODS UPDATE: seldon          income-default-explainer-54fdbbcff8-449jb          0/1     Terminating         6          10m


PODS UPDATE: seldon          income-default-0-classifier-b4446578c-jhgv6        0/2     Terminating         6          10m


PODS UPDATE: seldon          income-default-explainer-54fdbbcff8-449jb          0/1     Terminating         6          10m


PODS UPDATE: seldon          income-default-explainer-54fdbbcff8-449jb          0/1     Terminating         6          10m


PODS UPDATE: seldon          mymodel-default-0-model-5c9b4d9d8b-8bl95           0/2     Pending             0          0s


PODS UPDATE: seldon          mymodel-default-0-model-5c9b4d9d8b-8bl95           0/2     Pending             0          0s


PODS UPDATE: seldon          mymodel-default-0-model-5c9b4d9d8b-8bl95           0/2     ContainerCreating   0          0s


PODS UPDATE: seldon          mymodel-default-0-model-5c9b4d9d8b-8bl95           0/2     Running             0          3s


PODS UPDATE: seldon          income-default-0-classifier-b4446578c-jhgv6        0/2     Terminating         6          10m


PODS UPDATE: seldon          income-default-0-classifier-b4446578c-jhgv6        0/2     Terminating         6          10m


PODS UPDATE: seldon          mymodel-default-0-model-5c9b4d9d8b-8bl95           1/2     Running             0          25s


PODS UPDATE: seldon          mymodel-default-0-model-5c9b4d9d8b-8bl95           2/2     Running             0          26s


PODS UPDATE: seldon          mymodel-default-0-model-5c9b4d9d8b-8bl95           2/2     Terminating         0          44s


PODS UPDATE: seldon          myabtest-default-0-classifier-1-84d6d469bd-99lfg   0/2     Pending             0          0s


PODS UPDATE: seldon          myabtest-default-0-classifier-1-84d6d469bd-99lfg   0/2     Pending             0          0s


PODS UPDATE: seldon          myabtest-default-1-classifier-2-6f6f597cb9-cd9pd   0/1     Pending             0          0s


PODS UPDATE: seldon          myabtest-default-1-classifier-2-6f6f597cb9-cd9pd   0/1     Pending             0          0s


PODS UPDATE: seldon          myabtest-default-0-classifier-1-84d6d469bd-99lfg   0/2     ContainerCreating   0          0s


PODS UPDATE: seldon          myabtest-default-1-classifier-2-6f6f597cb9-cd9pd   0/1     ContainerCreating   0          0s


PODS UPDATE: seldon          myabtest-default-1-classifier-2-6f6f597cb9-cd9pd   0/1     Running             0          2s


PODS UPDATE: seldon          myabtest-default-0-classifier-1-84d6d469bd-99lfg   0/2     Running             0          2s


PODS UPDATE: seldon          mymodel-default-0-model-5c9b4d9d8b-8bl95           1/2     Terminating         0          55s


PODS UPDATE: seldon          mymodel-default-0-model-5c9b4d9d8b-8bl95           0/2     Terminating         0          65s


PODS UPDATE: seldon          mymodel-default-0-model-5c9b4d9d8b-8bl95           0/2     Terminating         0          66s


PODS UPDATE: seldon          mymodel-default-0-model-5c9b4d9d8b-8bl95           0/2     Terminating         0          69s


PODS UPDATE: seldon          mymodel-default-0-model-5c9b4d9d8b-8bl95           0/2     Terminating         0          69s


PODS UPDATE: seldon          myabtest-default-1-classifier-2-6f6f597cb9-cd9pd   1/1     Running             0          23s


PODS UPDATE: seldon          myabtest-default-0-classifier-1-84d6d469bd-99lfg   1/2     Running             0          24s


PODS UPDATE: seldon          myabtest-default-0-classifier-1-84d6d469bd-99lfg   2/2     Running             0          26s


PODS UPDATE: seldon          myabtest-default-1-classifier-2-6f6f597cb9-cd9pd   1/1     Terminating         0          41s


PODS UPDATE: seldon          myabtest-default-0-classifier-1-84d6d469bd-99lfg   2/2     Terminating         0          41s


PODS UPDATE: seldon          mymab-default-2-eg-router-7944df495c-z4trl         0/1     Pending             0          0s


PODS UPDATE: seldon          mymab-default-0-classifier-1-657bd79c8c-89r4d      0/2     Pending             0          0s


PODS UPDATE: seldon          mymab-default-1-classifier-2-5fbb94b6b6-xngxl      0/1     Pending             0          0s


PODS UPDATE: seldon          mymab-default-2-eg-router-7944df495c-z4trl         0/1     Pending             0          0s


PODS UPDATE: seldon          mymab-default-1-classifier-2-5fbb94b6b6-xngxl      0/1     Pending             0          0s


PODS UPDATE: seldon          mymab-default-0-classifier-1-657bd79c8c-89r4d      0/2     Pending             0          0s


PODS UPDATE: seldon          mymab-default-2-eg-router-7944df495c-z4trl         0/1     ContainerCreating   0          0s


PODS UPDATE: seldon          mymab-default-1-classifier-2-5fbb94b6b6-xngxl      0/1     ContainerCreating   0          0s


PODS UPDATE: seldon          mymab-default-0-classifier-1-657bd79c8c-89r4d      0/2     ContainerCreating   0          0s


PODS UPDATE: seldon          mymab-default-2-eg-router-7944df495c-z4trl         0/1     Running             0          2s


PODS UPDATE: seldon          mymab-default-1-classifier-2-5fbb94b6b6-xngxl      0/1     Running             0          2s


PODS UPDATE: seldon          mymab-default-0-classifier-1-657bd79c8c-89r4d      0/2     Running             0          3s


PODS UPDATE: seldon          myabtest-default-0-classifier-1-84d6d469bd-99lfg   1/2     Terminating         0          56s


PODS UPDATE: seldon          myabtest-default-1-classifier-2-6f6f597cb9-cd9pd   0/1     Terminating         0          63s


PODS UPDATE: seldon          myabtest-default-0-classifier-1-84d6d469bd-99lfg   0/2     Terminating         0          63s


PODS UPDATE: seldon          myabtest-default-0-classifier-1-84d6d469bd-99lfg   0/2     Terminating         0          69s


PODS UPDATE: seldon          myabtest-default-0-classifier-1-84d6d469bd-99lfg   0/2     Terminating         0          69s


PODS UPDATE: seldon          myabtest-default-1-classifier-2-6f6f597cb9-cd9pd   0/1     Terminating         0          69s


PODS UPDATE: seldon          myabtest-default-1-classifier-2-6f6f597cb9-cd9pd   0/1     Terminating         0          69s


PODS UPDATE: seldon          mymab-default-2-eg-router-7944df495c-z4trl         1/1     Running             0          22s


PODS UPDATE: seldon          mymab-default-0-classifier-1-657bd79c8c-89r4d      1/2     Running             0          25s


PODS UPDATE: seldon          mymab-default-1-classifier-2-5fbb94b6b6-xngxl      1/1     Running             0          26s


PODS UPDATE: seldon          mymab-default-0-classifier-1-657bd79c8c-89r4d      2/2     Running             0          29s


PODS UPDATE: seldon          mymab-default-1-classifier-2-5fbb94b6b6-xngxl      1/1     Terminating         0          47s


PODS UPDATE: seldon          mymab-default-2-eg-router-7944df495c-z4trl         1/1     Terminating         0          47s


PODS UPDATE: seldon          mymab-default-0-classifier-1-657bd79c8c-89r4d      2/2     Terminating         0          47s


PODS UPDATE: seldon          iris-default-0-iris-default-7445d8b447-cx4m8       0/2     Pending             0          0s


PODS UPDATE: seldon          iris-shadow-0-iris-shadow-7546b648f5-qfrsz         0/2     Pending             0          0s


PODS UPDATE: seldon          iris-default-0-iris-default-7445d8b447-cx4m8       0/2     Pending             0          0s


PODS UPDATE: seldon          iris-shadow-0-iris-shadow-7546b648f5-qfrsz         0/2     Pending             0          0s


PODS UPDATE: seldon          iris-default-0-iris-default-7445d8b447-cx4m8       0/2     Init:0/1            0          1s


PODS UPDATE: seldon          iris-shadow-0-iris-shadow-7546b648f5-qfrsz         0/2     Init:0/1            0          1s


PODS UPDATE: seldon          iris-default-0-iris-default-7445d8b447-cx4m8       0/2     Init:0/1            0          2s


PODS UPDATE: seldon          iris-shadow-0-iris-shadow-7546b648f5-qfrsz         0/2     Init:0/1            0          2s


PODS UPDATE: seldon          mymab-default-0-classifier-1-657bd79c8c-89r4d      1/2     Terminating         0          59s


PODS UPDATE: seldon          iris-default-0-iris-default-7445d8b447-cx4m8       0/2     PodInitializing     0          8s


PODS UPDATE: seldon          iris-PASSED
test_notebooks.py::TestNotebooks::test_max_grpc_msg_size [NbConvertApp] Converting notebook ../../notebooks/max_grpc_msg_size.ipynb to script
[NbConvertApp] Writing 6437 bytes to ../../notebooks/max_grpc_msg_size.py
shadow-0-iris-shadow-7546b648f5-qfrsz         0/2     PodInitializing     0          8s


PODS UPDATE: seldon          iris-default-0-iris-default-7445d8b447-cx4m8       0/2     Running             0          9s


PODS UPDATE: seldon          iris-shadow-0-iris-shadow-7546b648f5-qfrsz         0/2     Running             0          9s


PODS UPDATE: seldon          mymab-default-0-classifier-1-657bd79c8c-89r4d      0/2     Terminating         0          68s


PODS UPDATE: seldon          mymab-default-2-eg-router-7944df495c-z4trl         0/1     Terminating         0          68s


PODS UPDATE: seldon          mymab-default-1-classifier-2-5fbb94b6b6-xngxl      0/1     Terminating         0          68s


PODS UPDATE: seldon          mymab-default-0-classifier-1-657bd79c8c-89r4d      0/2     Terminating         0          69s


PODS UPDATE: seldon          mymab-default-0-classifier-1-657bd79c8c-89r4d      0/2     Terminating         0          69s


PODS UPDATE: seldon          mymab-default-2-eg-router-7944df495c-z4trl         0/1     Terminating         0          69s


PODS UPDATE: seldon          mymab-default-2-eg-router-7944df495c-z4trl         0/1     Terminating         0          69s


PODS UPDATE: seldon          mymab-default-1-classifier-2-5fbb94b6b6-xngxl      0/1     Terminating         0          69s


PODS UPDATE: seldon          mymab-default-1-classifier-2-5fbb94b6b6-xngxl      0/1     Terminating         0          69s


PODS UPDATE: seldon          iris-shadow-0-iris-shadow-7546b648f5-qfrsz         1/2     Running             0          29s


PODS UPDATE: seldon          iris-default-0-iris-default-7445d8b447-cx4m8       1/2     Running             0          31s


PODS UPDATE: seldon          iris-default-0-iris-default-7445d8b447-cx4m8       2/2     Running             0          32s


PODS UPDATE: seldon          iris-shadow-0-iris-shadow-7546b648f5-qfrsz         2/2     Running             0          32s


PODS UPDATE: seldon          iris-default-0-iris-default-7445d8b447-cx4m8       2/2     Terminating         0          50s


PODS UPDATE: seldon          iris-shadow-0-iris-shadow-7546b648f5-qfrsz         2/2     Terminating         0          50s


PODS UPDATE: seldon          model-long-timeout-test-0-classifier-c4b89d99c-smqj7   0/2     Pending             0          0s


PODS UPDATE: seldon          model-long-timeout-test-0-classifier-c4b89d99c-smqj7   0/2     Pending             0          0s


PODS UPDATE: seldon          model-long-timeout-test-0-classifier-c4b89d99c-smqj7   0/2     ContainerCreating   0          0s


PODS UPDATE: seldon          iris-default-0-iris-default-7445d8b447-cx4m8           1/2     Terminating         0          61s


PODS UPDATE: seldon          iris-shadow-0-iris-shadow-7546b648f5-qfrsz             1/2     Terminating         0          62s


PODS UPDATE: seldon          iris-default-0-iris-default-7445d8b447-cx4m8           0/2     Terminating         0          62s


PODS UPDATE: seldon          iris-shadow-0-iris-shadow-7546b648f5-qfrsz             0/2     Terminating         0          62s


PODS UPDATE: seldon          iris-default-0-iris-default-7445d8b447-cx4m8           0/2     Terminating         0          63s


PODS UPDATE: seldon          iris-default-0-iris-default-7445d8b447-cx4m8           0/2     Terminating         0          63s


PODS UPDATE: seldon          iris-shadow-0-iris-shadow-7546b648f5-qfrsz             0/2     Terminating         0          63s


PODS UPDATE: seldon          iris-shadow-0-iris-shadow-7546b648f5-qfrsz             0/2     Terminating         0          63s


PODS UPDATE: seldon          model-long-timeout-test-0-classifier-c4b89d99c-smqj7   0/2     Running             0          57s


PODS UPDATE: seldon          model-long-timeout-test-0-classifier-c4b89d99c-smqj7   1/2     Running             0          78s


PODS UPDATE: seldon          model-long-timeout-test-0-classifier-c4b89d99c-smqj7   2/2     Running             0          79s


PODS UPDATE: seldon          model-long-timeout-test-0-classifier-c4b89d99c-smqjPASSED
test_notebooks.py::TestNotebooks::test_multiple_operators [NbConvertApp] Converting notebook ../../notebooks/multiple_operators.ipynb to script
[NbConvertApp] Writing 4010 bytes to ../../notebooks/multiple_operators.py
7   2/2     Terminating         0          97s


PODS UPDATE: seldon          seldon-model-grpc-size-0-classifier-74b446c8d5-z5x57   0/2     Pending             0          0s


PODS UPDATE: seldon          seldon-model-grpc-size-0-classifier-74b446c8d5-z5x57   0/2     Pending             0          0s


PODS UPDATE: seldon          seldon-model-grpc-size-0-classifier-74b446c8d5-z5x57   0/2     ContainerCreating   0          0s


PODS UPDATE: seldon          seldon-model-grpc-size-0-classifier-74b446c8d5-z5x57   0/2     Running             0          2s


PODS UPDATE: seldon          model-long-timeout-test-0-classifier-c4b89d99c-smqj7   1/2     Terminating         0          109s


PODS UPDATE: seldon          model-long-timeout-test-0-classifier-c4b89d99c-smqj7   0/2     Terminating         0          118s


PODS UPDATE: seldon          model-long-timeout-test-0-classifier-c4b89d99c-smqj7   0/2     Terminating         0          118s


PODS UPDATE: seldon          model-long-timeout-test-0-classifier-c4b89d99c-smqj7   0/2     Terminating         0          119s


PODS UPDATE: seldon          model-long-timeout-test-0-classifier-c4b89d99c-smqj7   0/2     Terminating         0          119s


PODS UPDATE: seldon          seldon-model-grpc-size-0-classifier-74b446c8d5-z5x57   1/2     Running             0          22s


PODS UPDATE: seldon          seldon-model-grpc-size-0-classifier-74b446c8d5-z5x57   2/2     Running             0          24s


PODS UPDATE: seldon          seldon-model-grpc-size-0-classifier-74b446c8d5-z5x57   2/2     Terminating         0          56s


PODS UPDATE: seldon-ns1      seldon-controller-manager-795f877674-hzcjk             0/1     Pending             0          0s


PODS UPDATE: seldon-ns1      seldon-controller-manager-795f877674-hzcjk             0/1     Pending             0          0s


PODS UPDATE: seldon-ns1      seldon-controller-manager-795f877674-hzcjk             0/1     ContainerCreating   0          0s


PODS UPDATE: seldon-ns1      seldon-controller-manager-795f877674-hzcjk             1/1     Running             0          1s


PODS UPDATE: seldon          seldon-model-grpc-size-0-classifier-74b446c8d5-z5x57   1/2     Terminating         0          69s


PODS UPDATE: seldon          seldon-model-grpc-size-0-classifier-74b446c8d5-z5x57   0/2     Terminating         0          77s


PODS UPDATE: seldon          seldon-model-grpc-size-0-classifier-74b446c8d5-z5x57   0/2     Terminating         0          77s


PODS UPDATE: seldon          seldon-model-grpc-size-0-classifier-74b446c8d5-z5x57   0/2     Terminating         0          81s


PODS UPDATE: seldon          seldon-model-grpc-size-0-classifier-74b446c8d5-z5x57   0/2     Terminating         0          81s


PODS UPDATE: seldon-ns1      seldon-model-example-0-classifier-96b959ccc-fmfrc      0/2     Pending             0          0s


PODS UPDATE: seldon-ns1      seldon-model-example-0-classifier-96b959ccc-fmfrc      0/2     Pending             0          0s


PODS UPDATE: seldon-ns1      seldon-model-example-0-classifier-96b959ccc-fmfrc      0/2     ContainerCreating   0          0s


PODS UPDATE: seldon-ns1      seldon-model-example-0-classifier-96b959ccc-fmfrc      0/2     Running             0          1s


PODS UPDATE: seldon-ns1      seldon-model-example-0-classifier-96b959ccc-fmfrc      1/2     Running             0          21s


PODS UPDATE: seldon-ns1      seldon-model-example-0-classifier-96b959ccc-fmfrc      2/2     Running             0          24s


PODS UPDATE: seldon-ns1      seldon-model-example-0-classifier-96b959ccc-fmfrc      2/2     Terminating         0          39s


PODS UPDATE: seldon-ns1      seldon-model-example-0-classifier-96b959ccc-fmfrc      1/2     Terminating         0          54s


PODS UPDATE: seldon-ns1      seldon-controller-manager-795f877674-hzcjk             1/1     Terminating         0          73s


PODS UPDATE: seldon-ns1      seldon-controller-manager-795f877674-hzcjk             0/1     Terminating         0          74s


PODS UPDATE: seldon-ns1      seldon-controller-manager-PASSED
test_notebooks.py::TestNotebooks::test_protocol_examples [NbConvertApp] Converting notebook ../../notebooks/protocol_examples.ipynb to script
[NbConvertApp] Writing 8941 bytes to ../../notebooks/protocol_examples.py
795f877674-hzcjk             0/1     Terminating         0          75s


PODS UPDATE: seldon-ns1      seldon-controller-manager-795f877674-hzcjk             0/1     Terminating         0          75s


PODS UPDATE: seldon-ns1      seldon-model-example-0-classifier-96b959ccc-fmfrc      0/2     Terminating         0          60s


PODS UPDATE: seldon-ns1      seldon-model-example-0-classifier-96b959ccc-fmfrc      0/2     Terminating         0          61s


PODS UPDATE: seldon-ns1      seldon-model-example-0-classifier-96b959ccc-fmfrc      0/2     Terminating         0          61s


PODS UPDATE: seldon-id1      seldon-controller-manager-6f87c965b4-bhn6m             0/1     Pending             0          0s


PODS UPDATE: seldon-id1      seldon-controller-manager-6f87c965b4-bhn6m             0/1     Pending             0          0s


PODS UPDATE: seldon-id1      seldon-controller-manager-6f87c965b4-bhn6m             0/1     ContainerCreating   0          0s


PODS UPDATE: seldon-id1      seldon-controller-manager-6f87c965b4-bhn6m             1/1     Running             0          1s


PODS UPDATE: default         test-c1-example-0-classifier-6bbf5c846-8r5m9           0/2     Pending             0          0s


PODS UPDATE: default         test-c1-example-0-classifier-6bbf5c846-8r5m9           0/2     Pending             0          0s


PODS UPDATE: default         test-c1-example-0-classifier-6bbf5c846-8r5m9           0/2     ContainerCreating   0          0s


PODS UPDATE: default         test-c1-example-0-classifier-6bbf5c846-8r5m9           0/2     Running             0          41s


PODS UPDATE: default         test-c1-example-0-classifier-6bbf5c846-8r5m9           1/2     Running             0          63s


PODS UPDATE: default         test-c1-example-0-classifier-6bbf5c846-8r5m9           2/2     Running             0          65s


PODS UPDATE: default         test-c1-example-0-classifier-6bbf5c846-8r5m9           2/2     Terminating         0          80s


PODS UPDATE: default         test-c1-example-0-classifier-6bbf5c846-8r5m9           1/2     Terminating         0          95s


PODS UPDATE: seldon-id1      seldon-controller-manager-6f87c965b4-bhn6m             1/1     Terminating         0          115s


PODS UPDATE: seldon-id1      seldon-controller-manager-6f87c965b4-bhn6m             0/1     Terminating         0          116s


PODS UPDATE: seldon-id1      seldon-controller-manager-6f87c965b4-bhn6m             0/1     Terminating         0          117s


PODS UPDATE: seldon-id1      seldon-controller-manager-6f87c965b4-bhn6m             0/1     Terminating         0          117s


PODS UPDATE: default         test-c1-example-0-classifier-6bbf5c846-8r5m9           0/2     Terminating         0          102s


PODS UPDATE: seldon          rest-seldon-model-0-classifier-5c7746f5f5-d9zfc        0/2     Pending             0          0s


PODS UPDATE: seldon          rest-seldon-model-0-classifier-5c7746f5f5-d9zfc        0/2     Pending             0          0s


PODS UPDATE: seldon          rest-seldon-model-0-classifier-5c7746f5f5-d9zfc        0/2     ContainerCreating   0          0s


PODS UPDATE: default         test-c1-example-0-classifier-6bbf5c846-8r5m9           0/2     Terminating         0          106s


PODS UPDATE: default         test-c1-example-0-classifier-6bbf5c846-8r5m9           0/2     Terminating         0          106s


PODS UPDATE: seldon          rest-seldon-model-0-classifier-5c7746f5f5-d9zfc        0/2     Running             0          2s


PODS UPDATE: seldon          rest-seldon-model-0-classifier-5c7746f5f5-d9zfc        1/2     Running             0          22s


PODS UPDATE: seldon          rest-seldon-model-0-classifier-5c7746f5f5-d9zfc        2/2     Running             0          23s


PODS UPDATE: seldon          rest-seldon-model-0-classifier-5c7746f5f5-d9zfc        2/2     Terminating         0          38s


PODS UPDATE: seldon          grpc-seldon-model-0-classifier-7cb6899686-z62xq        0/2     Pending             0          0s


PODS UPDATE: seldon         PASSED
test_notebooks.py::TestNotebooks::test_server_examples [NbConvertApp] Converting notebook ../../notebooks/server_examples.ipynb to script
[NbConvertApp] Writing 9046 bytes to ../../notebooks/server_examples.py
 grpc-seldon-model-0-classifier-7cb6899686-z62xq        0/2     Pending             0          0s


PODS UPDATE: seldon          grpc-seldon-model-0-classifier-7cb6899686-z62xq        0/2     ContainerCreating   0          0s


PODS UPDATE: seldon          grpc-seldon-model-0-classifier-7cb6899686-z62xq        0/2     Running             0          2s


PODS UPDATE: seldon          rest-seldon-model-0-classifier-5c7746f5f5-d9zfc        1/2     Terminating         0          52s


PODS UPDATE: seldon          rest-seldon-model-0-classifier-5c7746f5f5-d9zfc        0/2     Terminating         0          62s


PODS UPDATE: seldon          rest-seldon-model-0-classifier-5c7746f5f5-d9zfc        0/2     Terminating         0          62s


PODS UPDATE: seldon          rest-seldon-model-0-classifier-5c7746f5f5-d9zfc        0/2     Terminating         0          65s


PODS UPDATE: seldon          rest-seldon-model-0-classifier-5c7746f5f5-d9zfc        0/2     Terminating         0          65s


PODS UPDATE: seldon          grpc-seldon-model-0-classifier-7cb6899686-z62xq        1/2     Running             0          21s


PODS UPDATE: seldon          grpc-seldon-model-0-classifier-7cb6899686-z62xq        2/2     Running             0          23s


PODS UPDATE: seldon          grpc-seldon-model-0-classifier-7cb6899686-z62xq        2/2     Terminating         0          39s


PODS UPDATE: seldon          rest-tfserving-model-0-halfplustwo-66696f645-s6bl7     0/2     Pending             0          0s


PODS UPDATE: seldon          rest-tfserving-model-0-halfplustwo-66696f645-s6bl7     0/2     Pending             0          0s


PODS UPDATE: seldon          rest-tfserving-model-0-halfplustwo-66696f645-s6bl7     0/2     ContainerCreating   0          0s


PODS UPDATE: seldon          grpc-seldon-model-0-classifier-7cb6899686-z62xq        1/2     Terminating         0          53s


PODS UPDATE: seldon          grpc-seldon-model-0-classifier-7cb6899686-z62xq        0/2     Terminating         0          60s


PODS UPDATE: seldon          rest-tfserving-model-0-halfplustwo-66696f645-s6bl7     0/2     Running             0          14s


PODS UPDATE: seldon          grpc-seldon-model-0-classifier-7cb6899686-z62xq        0/2     Terminating         0          68s


PODS UPDATE: seldon          grpc-seldon-model-0-classifier-7cb6899686-z62xq        0/2     Terminating         0          68s


PODS UPDATE: seldon          rest-tfserving-model-0-halfplustwo-66696f645-s6bl7     1/2     Running             0          34s


PODS UPDATE: seldon          rest-tfserving-model-0-halfplustwo-66696f645-s6bl7     2/2     Running             0          37s


PODS UPDATE: seldon          rest-tfserving-model-0-halfplustwo-66696f645-s6bl7     2/2     Terminating         0          52s


PODS UPDATE: seldon          grpc-tfserving-model-0-halfplustwo-57b9b94c76-tt6dq    0/2     Pending             0          0s


PODS UPDATE: seldon          grpc-tfserving-model-0-halfplustwo-57b9b94c76-tt6dq    0/2     Pending             0          0s


PODS UPDATE: seldon          grpc-tfserving-model-0-halfplustwo-57b9b94c76-tt6dq    0/2     ContainerCreating   0          0s


PODS UPDATE: seldon          grpc-tfserving-model-0-halfplustwo-57b9b94c76-tt6dq    0/2     Running             0          2s


PODS UPDATE: seldon          rest-tfserving-model-0-halfplustwo-66696f645-s6bl7     1/2     Terminating         0          67s


PODS UPDATE: seldon          rest-tfserving-model-0-halfplustwo-66696f645-s6bl7     0/2     Terminating         0          73s


PODS UPDATE: seldon          rest-tfserving-model-0-halfplustwo-66696f645-s6bl7     0/2     Terminating         0          81s


PODS UPDATE: seldon          rest-tfserving-model-0-halfplustwo-66696f645-s6bl7     0/2     Terminating         0          81s


PODS UPDATE: seldon          grpc-tfserving-model-0-halfplustwo-57b9b94c76-tt6dq    1/2     Running             0          26s


PODS UPDATE: seldon          grpc-tfserving-model-0-halfplustwo-57b9b94c76-tt6dq    2/2     Running             0          26s


PODS UPDATE: seldon          grpc-tfserving-model-0-halfplustwo-57b9b94c76-tt6dq    2/2     Terminating         0          43s


PODS UPDATE: seldon          sklearn-default-0-classifier-5d7df4cf77-cwcfj          0/2     Pending             0          0s


PODS UPDATE: seldon          sklearn-default-0-classifier-5d7df4cf77-cwcfj          0/2     Pending             0          0s


PODS UPDATE: seldon          sklearn-default-0-classifier-5d7df4cf77-cwcfj          0/2     Init:0/1            0          0s


PODS UPDATE: seldon          sklearn-default-0-classifier-5d7df4cf77-cwcfj          0/2     Init:0/1            0          1s


PODS UPDATE: seldon          sklearn-default-0-classifier-5d7df4cf77-cwcfj          0/2     PodInitializing     0          3s


PODS UPDATE: seldon          sklearn-default-0-classifier-5d7df4cf77-cwcfj          0/2     Running             0          4s


PODS UPDATE: seldon          grpc-tfserving-model-0-halfplustwo-57b9b94c76-tt6dq    1/2     Terminating         0          56s


PODS UPDATE: seldon          grpc-tfserving-model-0-halfplustwo-57b9b94c76-tt6dq    0/2     Terminating         0          63s


PODS UPDATE: seldon          grpc-tfserving-model-0-halfplustwo-57b9b94c76-tt6dq    0/2     Terminating         0          73s


PODS UPDATE: seldon          grpc-tfserving-model-0-halfplustwo-57b9b94c76-tt6dq    0/2     Terminating         0          73s


PODS UPDATE: seldon          sklearn-default-0-classifier-5d7df4cf77-cwcfj          1/2     Running             0          26s


PODS UPDATE: seldon          sklearn-default-0-classifier-5d7df4cf77-cwcfj          2/2     Running             0          28s


PODS UPDATE: seldon          sklearn-default-0-classifier-5d7df4cf77-cwcfj          2/2     Terminating         0          46s


PODS UPDATE: seldon          xgboost-default-0-classifier-76569c85d7-gzlnc          0/2     Pending             0          0s


PODS UPDATE: seldon          xgboost-default-0-classifier-76569c85d7-gzlnc          0/2     Pending             0          0s


PODS UPDATE: seldon          xgboost-default-0-classifier-76569c85d7-gzlnc          0/2     Init:0/1            0          0s


PODS UPDATE: seldon          xgboost-default-0-classifier-76569c85d7-gzlnc          0/2     Init:0/1            0          2s


PODS UPDATE: seldon          xgboost-default-0-classifier-76569c85d7-gzlnc          0/2     PodInitializing     0          4s


PODS UPDATE: seldon          sklearn-default-0-classifier-5d7df4cf77-cwcfj          1/2     Terminating         0          56s


PODS UPDATE: seldon          sklearn-default-0-classifier-5d7df4cf77-cwcfj          0/2     Terminating         0          61s


PODS UPDATE: seldon          sklearn-default-0-classifier-5d7df4cf77-cwcfj          0/2     Terminating         0          62s


PODS UPDATE: seldon          sklearn-default-0-classifier-5d7df4cf77-cwcfj          0/2     Terminating         0          62s


PODS UPDATE: seldon          xgboost-default-0-classifier-76569c85d7-gzlnc          0/2     Running             0          20s


PODS UPDATE: seldon          xgboost-default-0-classifier-76569c85d7-gzlnc          1/2     Running             0          39s


PODS UPDATE: seldon          xgboost-default-0-classifier-76569c85d7-gzlnc          2/2     Running             0          42s


PODS UPDATE: seldon          xgboost-default-0-classifier-76569c85d7-gzlnc          2/2     Terminating         0          63s


PODS UPDATE: seldon          tfserving-default-0-mnist-model-77c76465bb-shb29       0/3     Pending             0          0s


PODS UPDATE: seldon          tfserving-default-0-mnist-model-77c76465bb-shb29       0/3     Pending             0          0s


PODS UPDATE: seldon          tfserving-default-0-mnist-model-77c76465bb-shb29       0/3     Init:0/1            0          0s


PODS UPDATE: seldon          tfserving-default-0-mnist-model-77c76465bb-shb29       0/3     Init:0/1            0          2s


PODS UPDATE: seldon          tfserving-default-0-mnist-model-77c76465bb-shb29       0/3     PodInitializing     0          5s


PODS UPDATE: seldon          xgboost-default-0-classifier-76569c85d7-gzlnc          1/2     Terminating         0          74s


PODS UPDATE: seldon          xgboost-default-0-classifier-76569c85d7-gzlnc          0/2     Terminating         0          81s


PODS UPDATE: seldon          xgboost-default-0-classifier-76569c85d7-gzlnc          0/2     Terminating         0          93s


PODS UPDATE: seldon          xgboost-default-0-classifier-76569c85d7-gzlnc          0/2     Terminating         0          93s


PODS UPDATE: seldon          tfserving-default-0-mnist-model-77c76465bb-shb29       1/3     Running             0          53s


PODS UPDATE: seldon          tfserving-default-0-mnist-model-77c76465bb-shb29       2/3     Running             0          66s


PODS UPDATE: seldon          tfserving-default-0-mnist-model-77c76465bb-shb29       3/3     Running             0          76s


PODS UPDATE: seldon          tfserving-default-0-mnist-model-77c76465bb-shb29       3/3     Terminating         0          91s


PODS UPDATE: seldon          hpt-default-0-halfplustwo-7bb45b4c67-rhw2q             0/2     Pending             0          0s


PODS UPDATE: seldon          hpt-default-0-halfplustwo-7bb45b4c67-rhw2q             0/2     Pending             0          0s


PODS UPDATE: seldon          hpt-default-0-halfplustwo-7bb45b4c67-rhw2q             0/2     Init:0/1            0          0s


PODS UPDATE: seldon          hpt-default-0-halfplustwo-7bb45b4c67-rhw2q             0/2     Init:0/1            0          1s


PODS UPDATE: seldon          hpt-default-0-halfplustwo-7bb45b4c67-rhw2q             0/2     PodInitializing     0          3s


PODS UPDATE: seldon          hpt-default-0-halfplustwo-7bb45b4c67-rhw2q             0/2     Running             0          4s


PODS UPDATE: seldon          tfserving-default-0-mnist-model-77c76465bb-shb29       2/3     Terminating         0          106s


PODS UPDATE: seldon          tfserving-default-0-mnist-model-77c76465bb-shb29       0/3     Terminating         0          112s


PODS UPDATE: seldon          tfserving-default-0-mnist-model-77c76465bb-shb29       0/3     Terminating         0          112s


PODS UPDATE: seldon          tfserving-default-0-mnist-model-77c76465bb-shb29       0/3     Terminating         0          118s


PODS UPDATE: seldon          tfserving-default-0-mnist-model-77c76465bb-shb29       0/3     Terminating         0          118s


PODS UPDATE: seldon          hpt-default-0-halfplustwo-7bb45b4c67-rhw2q             1/2     Running             0          24s


PODS UPDATE: seldon          hpt-default-0-halfplustwo-7bb45b4c67-rhw2q             2/2     Running             0          24s


PODS UPDATE: seldon          hpt-default-0-halfplustwo-7bb45b4c67-rhw2q             2/2     Terminating         0          40s


PODS UPDATE: seldon          mlflow-default-0-classifier-b7fb5588-m8j67             0/2     Pending             0          0s


PODS UPDATE: seldon          mlflow-default-0-classifier-b7fb5588-m8j67             0/2     Pending             0          0s


PODS UPDATE: seldon          mlflow-default-0-classifier-b7fb5588-m8j67             0/2     Init:0/1            0          0s


PODS UPDATE: seldon          mlflow-default-0-classifier-b7fb5588-m8j67             0/2     Init:0/1            0          1s


PODS UPDATE: seldon          mlflow-default-0-classifier-b7fb5588-m8j67             0/2     PodInitializing     0          4s


PODS UPDATE: seldon          hpt-default-0-halfplustwo-7bb45b4c67-rhw2q             1/2     Terminating         0          54s


PODS UPDATE: seldon          hpt-default-0-halfplustwo-7bb45b4c67-rhw2q             0/2     Terminating         0          61s


PODS UPDATE: seldon          hpt-default-0-halfplustwo-7bb45b4c67-rhw2q             0/2     Terminating         0          62s


PODS UPDATE: seldon          hpt-default-0-halfplustwo-7bb45b4c67-rhw2q             0/2     Terminating         0          71s


PODS UPDATE: seldon          hpt-default-0-halfplustwo-7bb45b4c67-rhw2q             0/2     Terminating         0          71s


PODS UPDATE: seldon          mlflow-default-0-classifier-b7fb5588-m8j67             0/2     Running             0          31s

PASSED
test_notebooks.py::TestNotebooks::test_rolling_updates [NbConvertApp] Converting notebook ../../notebooks/rolling_updates.ipynb to script
[NbConvertApp] Writing 25670 bytes to ../../notebooks/rolling_updates.py
PASSED
test_notebooks.py::TestNotebooks::test_ambassador_canary [NbConvertApp] Converting notebook ../../examples/ambassador/canary/ambassador_canary.ipynb to script
[NbConvertApp] Writing 3129 bytes to ../../examples/ambassador/canary/ambassador_canary.py
PASSED
test_notebooks.py::TestNotebooks::test_ambassador_headers [NbConvertApp] Converting notebook ../../examples/ambassador/headers/ambassador_headers.ipynb to script
[NbConvertApp] Writing 3771 bytes to ../../examples/ambassador/headers/ambassador_headers.py
PASSED
test_notebooks.py::TestNotebooks::test_ambassador_shadow [NbConvertApp] Converting notebook ../../examples/ambassador/shadow/ambassador_shadow.ipynb to script
[NbConvertApp] Writing 3408 bytes to ../../examples/ambassador/shadow/ambassador_shadow.py
PASSED
test_notebooks.py::TestNotebooks::test_ambassador_custom [NbConvertApp] Converting notebook ../../examples/ambassador/custom/ambassador_custom.ipynb to script
[NbConvertApp] Writing 2334 bytes to ../../examples/ambassador/custom/ambassador_custom.py
PASSED
test_notebooks.py::TestNotebooks::test_istio_canary [NbConvertApp] Converting notebook ../../examples/istio/canary_update/canary.ipynb to script
[NbConvertApp] Writing 6693 bytes to ../../examples/istio/canary_update/canary.py
seldondeployment.machinelearning.seldon.io "mnist-classifier" deleted
[NbConvertApp] Converting notebook ../../examples/istio/canary_update/canary.ipynb to script
[NbConvertApp] Writing 6693 bytes to ../../examples/istio/canary_update/canary.py
seldondeployment.machinelearning.seldon.io "mnist-classifier" deleted
FAILED
test_notebooks.py::TestNotebooks::test_tracing [NbConvertApp] Converting notebook ../../examples/models/tracing/tracing.ipynb to script
[NbConvertApp] Writing 4792 bytes to ../../examples/models/tracing/tracing.py
PASSED
test_notebooks.py::TestNotebooks::test_metrics [NbConvertApp] Converting notebook ../../examples/models/metrics/metrics.ipynb to script
[NbConvertApp] Writing 7593 bytes to ../../examples/models/metrics/metrics.py
PASSED
test_notebooks.py::TestNotebooks::test_metadata [NbConvertApp] Converting notebook ../../examples/models/metadata/metadata.ipynb to script
[NbConvertApp] Writing 9903 bytes to ../../examples/models/metadata/metadata.py
PASSED
test_notebooks.py::TestNotebooks::test_graph_metadata [NbConvertApp] Converting notebook ../../examples/models/metadata/graph_metadata.ipynb to script
[NbConvertApp] Writing 25718 bytes to ../../examples/models/metadata/graph_metadata.py
PASSED
test_notebooks.py::TestNotebooks::test_grpc_metadata [NbConvertApp] Converting notebook ../../examples/models/metadata/metadata_grpc.ipynb to script
[NbConvertApp] Writing 3613 bytes to ../../examples/models/metadata/metadata_grpc.py
PASSED
test_notebooks.py::TestNotebooks::test_payload_logging [NbConvertApp] Converting notebook ../../examples/models/payload_logging/payload_logging.ipynb to script
[NbConvertApp] Writing 2868 bytes to ../../examples/models/payload_logging/payload_logging.py
PASSED
test_notebooks.py::TestNotebooks::test_custom_metrics [NbConvertApp] Converting notebook ../../examples/models/custom_metrics/customMetrics.ipynb to script
[NbConvertApp] Writing 4194 bytes to ../../examples/models/custom_metrics/customMetrics.py
seldondeployment.machinelearning.seldon.io "seldon-model" deleted
release "seldon-core-analytics" uninstalled
[NbConvertApp] Converting notebook ../../examples/models/custom_metrics/customMetrics.ipynb to script
[NbConvertApp] Writing 4194 bytes to ../../examples/models/custom_metrics/customMetrics.py
PASSED
test_notebooks.py::TestNotebooks::test_autoscaling [NbConvertApp] Converting notebook ../../examples/models/autoscaling/autoscaling_example.ipynb to script
[NbConvertApp] Writing 3770 bytes to ../../examples/models/autoscaling/autoscaling_example.py
PASSED
test_notebooks.py::TestNotebooks::test_scaling [NbConvertApp] Converting notebook ../../notebooks/scale.ipynb to script
[NbConvertApp] Writing 6433 bytes to ../../notebooks/scale.py
PASSED
test_notebooks.py::TestNotebooks::test_jsondata [NbConvertApp] Converting notebook ../../examples/models/sklearn_iris_jsondata/sklearn_iris_jsondata.ipynb to script
[NbConvertApp] Writing 5505 bytes to ../../examples/models/sklearn_iris_jsondata/sklearn_iris_jsondata.py
PASSED
test_notebooks.py::TestNotebooks::test_sklearn_iris [NbConvertApp] Converting notebook ../../examples/models/sklearn_iris/sklearn_iris.ipynb to script
[NbConvertApp] Writing 4769 bytes to ../../examples/models/sklearn_iris/sklearn_iris.py
PASSED
test_notebooks.py::TestNotebooks::test_upgrade [NbConvertApp] Converting notebook ../../notebooks/operator_upgrade.ipynb to script
[NbConvertApp] Writing 6876 bytes to ../../notebooks/operator_upgrade.py
PASSED

=================================== FAILURES ===================================
____________________ TestNotebooks.test_explainer_examples _____________________

self = <test_notebooks.TestNotebooks object at 0x7f9f3dee0518>

    def test_explainer_examples(self):
>       create_and_run_script("../../notebooks", "explainer_examples")

test_notebooks.py:42: 
_ _ _ _ _ _ _ _ _ _ _ _ _ _ _ _ _ _ _ _ _ _ _ _ _ _ _ _ _ _ _ _ _ _ _ _ _ _ _ _ 
test_notebooks.py:27: in create_and_run_script
    raise e
test_notebooks.py:20: in create_and_run_script
    encoding="utf-8",
_ _ _ _ _ _ _ _ _ _ _ _ _ _ _ _ _ _ _ _ _ _ _ _ _ _ _ _ _ _ _ _ _ _ _ _ _ _ _ _ 

input = None, timeout = None, check = True
popenargs = ('cd ../../notebooks && ./explainer_examples.py',)
kwargs = {'encoding': 'utf-8', 'shell': True, 'stderr': -1, 'stdout': -1}
process = <subprocess.Popen object at 0x7f9f3dee05f8>
stdout = 'Context "kind-kind" modified.\nseldondeployment.machinelearning.seldon.io/income created\nWaiting for deployment "inc...1;32m    175\x1b[0m \x1b[0;34m\x1b[0m\x1b[0m\n\n\x1b[0;31mTypeError\x1b[0m: \'Response\' object is not subscriptable\n'
stderr = 'Error from server (AlreadyExists): namespaces "seldon" already exists\nerror: deployment "income-default-0-classifier...es SQLite, your history will not be saved\n  warn("IPython History requires SQLite, your history will not be saved")\n'
retcode = 1

    def run(*popenargs, input=None, timeout=None, check=False, **kwargs):
        """Run command with arguments and return a CompletedProcess instance.
    
        The returned instance will have attributes args, returncode, stdout and
        stderr. By default, stdout and stderr are not captured, and those attributes
        will be None. Pass stdout=PIPE and/or stderr=PIPE in order to capture them.
    
        If check is True and the exit code was non-zero, it raises a
        CalledProcessError. The CalledProcessError object will have the return code
        in the returncode attribute, and output & stderr attributes if those streams
        were captured.
    
        If timeout is given, and the process takes too long, a TimeoutExpired
        exception will be raised.
    
        There is an optional argument "input", allowing you to
        pass a string to the subprocess's stdin.  If you use this argument
        you may not also use the Popen constructor's "stdin" argument, as
        it will be used internally.
    
        The other arguments are the same as for the Popen constructor.
    
        If universal_newlines=True is passed, the "input" argument must be a
        string and stdout/stderr in the returned object will be strings rather than
        bytes.
        """
        if input is not None:
            if 'stdin' in kwargs:
                raise ValueError('stdin and input arguments may not both be used.')
            kwargs['stdin'] = PIPE
    
        with Popen(*popenargs, **kwargs) as process:
            try:
                stdout, stderr = process.communicate(input, timeout=timeout)
            except TimeoutExpired:
                process.kill()
                stdout, stderr = process.communicate()
                raise TimeoutExpired(process.args, timeout, output=stdout,
                                     stderr=stderr)
            except:
                process.kill()
                process.wait()
                raise
            retcode = process.poll()
            if check and retcode:
                raise CalledProcessError(retcode, process.args,
>                                        output=stdout, stderr=stderr)
E               subprocess.CalledProcessError: Command 'cd ../../notebooks && ./explainer_examples.py' returned non-zero exit status 1.

/usr/local/lib/python3.6/subprocess.py:438: CalledProcessError
------------------------------ Captured log call -------------------------------
ERROR    root:test_notebooks.py:24 failed notebook test explainer_examples stdout:Context "kind-kind" modified.
seldondeployment.machinelearning.seldon.io/income created
Waiting for deployment "income-default-0-classifier" rollout to finish: 0 of 1 updated replicas are available...
Writing resources/income_explainer.yaml
None
[0;31m---------------------------------------------------------------------------[0m
[0;31mTypeError[0m                                 Traceback (most recent call last)
[0;32m/workspace/source/notebooks/explainer_examples.py[0m in [0;36m<module>[0;34m[0m
[1;32m    171[0m [0mdata[0m [0;34m=[0m [0mnp[0m[0;34m.[0m[0marray[0m[0;34m([0m[0;34m[[0m[0;34m[[0m[0;36m39[0m[0;34m,[0m [0;36m7[0m[0;34m,[0m [0;36m1[0m[0;34m,[0m [0;36m1[0m[0;34m,[0m [0;36m1[0m[0;34m,[0m [0;36m1[0m[0;34m,[0m [0;36m4[0m[0;34m,[0m [0;36m1[0m[0;34m,[0m [0;36m2174[0m[0;34m,[0m [0;36m0[0m[0;34m,[0m [0;36m40[0m[0;34m,[0m [0;36m9[0m[0;34m][0m[0;34m][0m[0;34m)[0m[0;34m[0m[0;34m[0m[0m
[1;32m    172[0m [0mexplanation[0m [0;34m=[0m [0msc[0m[0;34m.[0m[0mexplain[0m[0;34m([0m[0mdeployment_name[0m[0;34m=[0m[0;34m"income"[0m[0;34m,[0m [0mpredictor[0m[0;34m=[0m[0;34m"default"[0m[0;34m,[0m [0mdata[0m[0;34m=[0m[0mdata[0m[0;34m)[0m[0;34m[0m[0;34m[0m[0m
[0;32m--> 173[0;31m [0mprint[0m[0;34m([0m[0mexplanation[0m[0;34m.[0m[0mresponse[0m[0;34m[[0m[0;34m"data"[0m[0;34m][0m[0;34m[[0m[0;34m"anchor"[0m[0;34m][0m[0;34m)[0m[0;34m[0m[0;34m[0m[0m
[0m[1;32m    174[0m [0;34m[0m[0m
[1;32m    175[0m [0;34m[0m[0m

[0;31mTypeError[0m: 'Response' object is not subscriptable
, stderr:Error from server (AlreadyExists): namespaces "seldon" already exists
error: deployment "income-default-0-classifier" exceeded its progress deadline
error: deployment "income-default-explainer" exceeded its progress deadline
  % Total    % Received % Xferd  Average Speed   Time    Time     Time  Current
                                 Dload  Upload   Total   Spent    Left  Speed

  0     0    0     0    0     0      0      0 --:--:-- --:--:-- --:--:--     0
100    65    0     0  100    65      0  13000 --:--:-- --:--:-- --:--:-- 13000
/usr/local/lib/python3.6/site-packages/IPython/core/history.py:226: UserWarning: IPython History requires SQLite, your history will not be saved
  warn("IPython History requires SQLite, your history will not be saved")
------------------------------ Captured log call -------------------------------
ERROR    root:test_notebooks.py:24 failed notebook test explainer_examples stdout:Context "kind-kind" modified.
seldondeployment.machinelearning.seldon.io/income created
Waiting for deployment "income-default-0-classifier" rollout to finish: 0 of 1 updated replicas are available...
Overwriting resources/income_explainer.yaml
None
[0;31m---------------------------------------------------------------------------[0m
[0;31mTypeError[0m                                 Traceback (most recent call last)
[0;32m/workspace/source/notebooks/explainer_examples.py[0m in [0;36m<module>[0;34m[0m
[1;32m    171[0m [0mdata[0m [0;34m=[0m [0mnp[0m[0;34m.[0m[0marray[0m[0;34m([0m[0;34m[[0m[0;34m[[0m[0;36m39[0m[0;34m,[0m [0;36m7[0m[0;34m,[0m [0;36m1[0m[0;34m,[0m [0;36m1[0m[0;34m,[0m [0;36m1[0m[0;34m,[0m [0;36m1[0m[0;34m,[0m [0;36m4[0m[0;34m,[0m [0;36m1[0m[0;34m,[0m [0;36m2174[0m[0;34m,[0m [0;36m0[0m[0;34m,[0m [0;36m40[0m[0;34m,[0m [0;36m9[0m[0;34m][0m[0;34m][0m[0;34m)[0m[0;34m[0m[0;34m[0m[0m
[1;32m    172[0m [0mexplanation[0m [0;34m=[0m [0msc[0m[0;34m.[0m[0mexplain[0m[0;34m([0m[0mdeployment_name[0m[0;34m=[0m[0;34m"income"[0m[0;34m,[0m [0mpredictor[0m[0;34m=[0m[0;34m"default"[0m[0;34m,[0m [0mdata[0m[0;34m=[0m[0mdata[0m[0;34m)[0m[0;34m[0m[0;34m[0m[0m
[0;32m--> 173[0;31m [0mprint[0m[0;34m([0m[0mexplanation[0m[0;34m.[0m[0mresponse[0m[0;34m[[0m[0;34m"data"[0m[0;34m][0m[0;34m[[0m[0;34m"anchor"[0m[0;34m][0m[0;34m)[0m[0;34m[0m[0;34m[0m[0m
[0m[1;32m    174[0m [0;34m[0m[0m
[1;32m    175[0m [0;34m[0m[0m

[0;31mTypeError[0m: 'Response' object is not subscriptable
, stderr:Error from server (AlreadyExists): namespaces "seldon" already exists
error: deployment "income-default-0-classifier" exceeded its progress deadline
error: deployment "income-default-explainer" exceeded its progress deadline
  % Total    % Received % Xferd  Average Speed   Time    Time     Time  Current
                                 Dload  Upload   Total   Spent    Left  Speed

  0     0    0     0    0     0      0      0 --:--:-- --:--:-- --:--:--     0
100    65    0     0  100    65      0  32500 --:--:-- --:--:-- --:--:-- 32500
/usr/local/lib/python3.6/site-packages/IPython/core/history.py:226: UserWarning: IPython History requires SQLite, your history will not be saved
  warn("IPython History requires SQLite, your history will not be saved")
_______________________ TestNotebooks.test_istio_canary ________________________

self = <test_notebooks.TestNotebooks object at 0x7f9f3ccf4048>

    def test_istio_canary(self):
>       create_and_run_script("../../examples/istio/canary_update", "canary")

test_notebooks.py:83: 
_ _ _ _ _ _ _ _ _ _ _ _ _ _ _ _ _ _ _ _ _ _ _ _ _ _ _ _ _ _ _ _ _ _ _ _ _ _ _ _ 
test_notebooks.py:27: in create_and_run_script
    raise e
test_notebooks.py:20: in create_and_run_script
    encoding="utf-8",
_ _ _ _ _ _ _ _ _ _ _ _ _ _ _ _ _ _ _ _ _ _ _ _ _ _ _ _ _ _ _ _ _ _ _ _ _ _ _ _ 

input = None, timeout = None, check = True
popenargs = ('cd ../../examples/istio/canary_update && ./canary.py',)
kwargs = {'encoding': 'utf-8', 'shell': True, 'stderr': -1, 'stdout': -1}
process = <subprocess.Popen object at 0x7f9f3ccf4630>
stdout = 'Context "kind-kind" modified.\ngateway.networking.istio.io/seldon-gateway unchanged\nWARNING:tensorflow:From /workspa...0;34m)\x1b[0m\x1b[0;34m\x1b[0m\x1b[0;34m\x1b[0m\x1b[0m\n\n\x1b[0;31mZeroDivisionError\x1b[0m: float division by zero\n'
stderr = 'Error from server (AlreadyExists): namespaces "seldon" already exists\n/usr/local/lib/python3.6/site-packages/IPython...es SQLite, your history will not be saved\n  warn("IPython History requires SQLite, your history will not be saved")\n'
retcode = 1

    def run(*popenargs, input=None, timeout=None, check=False, **kwargs):
        """Run command with arguments and return a CompletedProcess instance.
    
        The returned instance will have attributes args, returncode, stdout and
        stderr. By default, stdout and stderr are not captured, and those attributes
        will be None. Pass stdout=PIPE and/or stderr=PIPE in order to capture them.
    
        If check is True and the exit code was non-zero, it raises a
        CalledProcessError. The CalledProcessError object will have the return code
        in the returncode attribute, and output & stderr attributes if those streams
        were captured.
    
        If timeout is given, and the process takes too long, a TimeoutExpired
        exception will be raised.
    
        There is an optional argument "input", allowing you to
        pass a string to the subprocess's stdin.  If you use this argument
        you may not also use the Popen constructor's "stdin" argument, as
        it will be used internally.
    
        The other arguments are the same as for the Popen constructor.
    
        If universal_newlines=True is passed, the "input" argument must be a
        string and stdout/stderr in the returned object will be strings rather than
        bytes.
        """
        if input is not None:
            if 'stdin' in kwargs:
                raise ValueError('stdin and input arguments may not both be used.')
            kwargs['stdin'] = PIPE
    
        with Popen(*popenargs, **kwargs) as process:
            try:
                stdout, stderr = process.communicate(input, timeout=timeout)
            except TimeoutExpired:
                process.kill()
                stdout, stderr = process.communicate()
                raise TimeoutExpired(process.args, timeout, output=stdout,
                                     stderr=stderr)
            except:
                process.kill()
                process.wait()
                raise
            retcode = process.poll()
            if check and retcode:
                raise CalledProcessError(retcode, process.args,
>                                        output=stdout, stderr=stderr)
E               subprocess.CalledProcessError: Command 'cd ../../examples/istio/canary_update && ./canary.py' returned non-zero exit status 1.

/usr/local/lib/python3.6/subprocess.py:438: CalledProcessError
------------------------------ Captured log call -------------------------------
ERROR    root:test_notebooks.py:24 failed notebook test canary stdout:Context "kind-kind" modified.
gateway.networking.istio.io/seldon-gateway configured
WARNING:tensorflow:From /workspace/source/examples/istio/canary_update/canary.py:93: read_data_sets (from tensorflow.contrib.learn.python.learn.datasets.mnist) is deprecated and will be removed in a future version.
Instructions for updating:
Please use alternatives such as official/mnist/dataset.py from tensorflow/models.
WARNING:tensorflow:From /usr/local/lib/python3.6/site-packages/tensorflow_core/contrib/learn/python/learn/datasets/mnist.py:260: maybe_download (from tensorflow.contrib.learn.python.learn.datasets.base) is deprecated and will be removed in a future version.
Instructions for updating:
Please write your own downloading logic.
WARNING:tensorflow:From /usr/local/lib/python3.6/site-packages/tensorflow_core/contrib/learn/python/learn/datasets/base.py:252: _internal_retry.<locals>.wrap.<locals>.wrapped_fn (from tensorflow.contrib.learn.python.learn.datasets.base) is deprecated and will be removed in a future version.
Instructions for updating:
Please use urllib or similar directly.
Successfully downloaded train-images-idx3-ubyte.gz 9912422 bytes.
WARNING:tensorflow:From /usr/local/lib/python3.6/site-packages/tensorflow_core/contrib/learn/python/learn/datasets/mnist.py:262: extract_images (from tensorflow.contrib.learn.python.learn.datasets.mnist) is deprecated and will be removed in a future version.
Instructions for updating:
Please use tf.data to implement this functionality.
Extracting MNIST_data/train-images-idx3-ubyte.gz
Successfully downloaded train-labels-idx1-ubyte.gz 28881 bytes.
WARNING:tensorflow:From /usr/local/lib/python3.6/site-packages/tensorflow_core/contrib/learn/python/learn/datasets/mnist.py:267: extract_labels (from tensorflow.contrib.learn.python.learn.datasets.mnist) is deprecated and will be removed in a future version.
Instructions for updating:
Please use tf.data to implement this functionality.
Extracting MNIST_data/train-labels-idx1-ubyte.gz
WARNING:tensorflow:From /usr/local/lib/python3.6/site-packages/tensorflow_core/contrib/learn/python/learn/datasets/mnist.py:110: dense_to_one_hot (from tensorflow.contrib.learn.python.learn.datasets.mnist) is deprecated and will be removed in a future version.
Instructions for updating:
Please use tf.one_hot on tensors.
Successfully downloaded t10k-images-idx3-ubyte.gz 1648877 bytes.
Extracting MNIST_data/t10k-images-idx3-ubyte.gz
Successfully downloaded t10k-labels-idx1-ubyte.gz 4542 bytes.
Extracting MNIST_data/t10k-labels-idx1-ubyte.gz
WARNING:tensorflow:From /usr/local/lib/python3.6/site-packages/tensorflow_core/contrib/learn/python/learn/datasets/mnist.py:290: DataSet.__init__ (from tensorflow.contrib.learn.python.learn.datasets.mnist) is deprecated and will be removed in a future version.
Instructions for updating:
Please use alternatives such as official/mnist/dataset.py from tensorflow/models.
seldondeployment.machinelearning.seldon.io/mnist-classifier created
Waiting for deployment "mnist-classifier-sk-mnist-predictor-0-sk-mnist-classifier" rollout to finish: 0 of 1 updated replicas are available...
deployment "mnist-classifier-sk-mnist-predictor-0-sk-mnist-classifier" successfully rolled out
{
    [94m"apiVersion"[39;49;00m: [33m"machinelearning.seldon.io/v1alpha2"[39;49;00m,
    [94m"kind"[39;49;00m: [33m"SeldonDeployment"[39;49;00m,
    [94m"metadata"[39;49;00m: {
        [94m"labels"[39;49;00m: {
            [94m"app"[39;49;00m: [33m"seldon"[39;49;00m
        },
        [94m"name"[39;49;00m: [33m"mnist-classifier"[39;49;00m
    },
    [94m"spec"[39;49;00m: {
        [94m"annotations"[39;49;00m: {
            [94m"project_name"[39;49;00m: [33m"Mnist classification"[39;49;00m
        },
        [94m"name"[39;49;00m: [33m"mnist-deployment"[39;49;00m,
        [94m"predictors"[39;49;00m: [
            {
                [94m"componentSpecs"[39;49;00m: [{
                    [94m"spec"[39;49;00m: {
                        [94m"containers"[39;49;00m: [
                            {
                                [94m"image"[39;49;00m: [33m"seldonio/sk-example-mnist:0.3"[39;49;00m,
                                [94m"imagePullPolicy"[39;49;00m: [33m"IfNotPresent"[39;49;00m,
                                [94m"name"[39;49;00m: [33m"sk-mnist-classifier"[39;49;00m,
                                [94m"resources"[39;49;00m: {
                                    [94m"requests"[39;49;00m: {
                                        [94m"memory"[39;49;00m: [33m"1Mi"[39;49;00m
                                    }
                                }
                            }
                        ],
                        [94m"terminationGracePeriodSeconds"[39;49;00m: [34m1[39;49;00m
                    }
                }],
                [94m"graph"[39;49;00m: {
                    [94m"children"[39;49;00m: [],
                    [94m"name"[39;49;00m: [33m"sk-mnist-classifier"[39;49;00m,
                    [94m"endpoint"[39;49;00m: {
                        [94m"type"[39;49;00m : [33m"REST"[39;49;00m
                    },
                    [94m"type"[39;49;00m: [33m"MODEL"[39;49;00m
                },
                [94m"name"[39;49;00m: [33m"sk-mnist-predictor"[39;49;00m,
                [94m"replicas"[39;49;00m: [34m1[39;49;00m,
               [94m"svcOrchSpec"[39;49;00m: {
                    [94m"env"[39;49;00m: [
                        {
                            [94m"name"[39;49;00m: [33m"SELDON_LOG_LEVEL"[39;49;00m,
                            [94m"value"[39;49;00m: [33m"DEBUG"[39;49;00m
                        }
                    ]
                },
        [94m"labels"[39;49;00m:{
            [94m"version"[39;49;00m:[33m"v1"[39;49;00m
        },
        [94m"traffic"[39;49;00m: [34m75[39;49;00m
            },
            {
                [94m"componentSpecs"[39;49;00m: [{
                    [94m"spec"[39;49;00m: {
                        [94m"containers"[39;49;00m: [
                            {
                                [94m"image"[39;49;00m: [33m"seldonio/tf-example-mnist:0.2"[39;49;00m,
                                [94m"imagePullPolicy"[39;49;00m: [33m"IfNotPresent"[39;49;00m,
                                [94m"name"[39;49;00m: [33m"tf-mnist-classifier"[39;49;00m,
                                [94m"resources"[39;49;00m: {
                                    [94m"requests"[39;49;00m: {
                                        [94m"memory"[39;49;00m: [33m"1Mi"[39;49;00m
                                    }
                                }
                            }
                        ],
                        [94m"terminationGracePeriodSeconds"[39;49;00m: [34m1[39;49;00m
                    }
                }],
                [94m"graph"[39;49;00m: {
                    [94m"children"[39;49;00m: [],
                    [94m"name"[39;49;00m: [33m"tf-mnist-classifier"[39;49;00m,
                    [94m"endpoint"[39;49;00m: {
                        [94m"type"[39;49;00m : [33m"REST"[39;49;00m
                    },
                    [94m"type"[39;49;00m: [33m"MODEL"[39;49;00m
                },
                [94m"name"[39;49;00m: [33m"tf-mnist-predictor"[39;49;00m,
                [94m"replicas"[39;49;00m: [34m1[39;49;00m,
               [94m"svcOrchSpec"[39;49;00m: {
                    [94m"env"[39;49;00m: [
                        {
                            [94m"name"[39;49;00m: [33m"SELDON_LOG_LEVEL"[39;49;00m,
                            [94m"value"[39;49;00m: [33m"DEBUG"[39;49;00m
                        }
                    ]
                },
        [94m"labels"[39;49;00m:{
            [94m"version"[39;49;00m:[33m"v2"[39;49;00m
        },
        [94m"traffic"[39;49;00m: [34m25[39;49;00m
            }
        ]
    }
}
seldondeployment.machinelearning.seldon.io/mnist-classifier configured
Waiting for deployment "mnist-classifier-sk-mnist-predictor-0-sk-mnist-classifier" rollout to finish: 1 old replicas are pending termination...
Waiting for deployment "mnist-classifier-sk-mnist-predictor-0-sk-mnist-classifier" rollout to finish: 1 old replicas are pending termination...
deployment "mnist-classifier-sk-mnist-predictor-0-sk-mnist-classifier" successfully rolled out
Waiting for deployment "mnist-classifier-tf-mnist-predictor-0-tf-mnist-classifier" rollout to finish: 0 of 1 updated replicas are available...
deployment "mnist-classifier-tf-mnist-predictor-0-tf-mnist-classifier" successfully rolled out
Available
{
  "class:0": "0.00",
  "class:1": "0.00",
  "class:2": "0.07",
  "class:3": "0.03",
  "class:4": "0.00",
  "class:5": "0.03",
  "class:6": "0.00",
  "class:7": "0.00",
  "class:8": "0.87",
  "class:9": "0.00"
}
Available
{
  "class:0": "0.00",
  "class:1": "0.67",
  "class:2": "0.07",
  "class:3": "0.03",
  "class:4": "0.00",
  "class:5": "0.00",
  "class:6": "0.07",
  "class:7": "0.00",
  "class:8": "0.17",
  "class:9": "0.00"
}
{
  "class:0": "0.99",
  "class:1": "0.00",
  "class:2": "0.00",
  "class:3": "0.00",
  "class:4": "0.00",
  "class:5": "0.00",
  "class:6": "0.00",
  "class:7": "0.00",
  "class:8": "0.00",
  "class:9": "0.00"
}
{
  "class:0": "0.00",
  "class:1": "0.00",
  "class:2": "0.00",
  "class:3": "0.97",
  "class:4": "0.00",
  "class:5": "0.00",
  "class:6": "0.00",
  "class:7": "0.00",
  "class:8": "0.00",
  "class:9": "0.03"
}
{
  "class:0": "0.15",
  "class:1": "0.00",
  "class:2": "0.01",
  "class:3": "0.25",
  "class:4": "0.00",
  "class:5": "0.01",
  "class:6": "0.00",
  "class:7": "0.00",
  "class:8": "0.58",
  "class:9": "0.00"
}
{
  "class:0": "0.00",
  "class:1": "0.00",
  "class:2": "0.03",
  "class:3": "0.00",
  "class:4": "0.07",
  "class:5": "0.00",
  "class:6": "0.90",
  "class:7": "0.00",
  "class:8": "0.00",
  "class:9": "0.00"
}
{
  "class:0": "0.00",
  "class:1": "1.00",
  "class:2": "0.00",
  "class:3": "0.00",
  "class:4": "0.00",
  "class:5": "0.00",
  "class:6": "0.00",
  "class:7": "0.00",
  "class:8": "0.00",
  "class:9": "0.00"
}
{
  "class:0": "0.13",
  "class:1": "0.00",
  "class:2": "0.00",
  "class:3": "0.01",
  "class:4": "0.00",
  "class:5": "0.00",
  "class:6": "0.00",
  "class:7": "0.00",
  "class:8": "0.80",
  "class:9": "0.06"
}
{
  "class:0": "1.00",
  "class:1": "0.00",
  "class:2": "0.00",
  "class:3": "0.00",
  "class:4": "0.00",
  "class:5": "0.00",
  "class:6": "0.00",
  "class:7": "0.00",
  "class:8": "0.00",
  "class:9": "0.00"
}
{
  "class:0": "0.00",
  "class:1": "0.00",
  "class:2": "0.00",
  "class:3": "0.00",
  "class:4": "0.00",
  "class:5": "0.00",
  "class:6": "0.00",
  "class:7": "0.76",
  "class:8": "0.00",
  "class:9": "0.23"
}
{
  "class:0": "0.00",
  "class:1": "0.00",
  "class:2": "0.00",
  "class:3": "0.03",
  "class:4": "0.03",
  "class:5": "0.03",
  "class:6": "0.00",
  "class:7": "0.03",
  "class:8": "0.87",
  "class:9": "0.00"
}
{
  "class:0": "0.00",
  "class:1": "0.00",
  "class:2": "0.00",
  "class:3": "0.00",
  "class:4": "0.00",
  "class:5": "0.03",
  "class:6": "0.00",
  "class:7": "0.97",
  "class:8": "0.00",
  "class:9": "0.00"
}
{
  "class:0": "0.00",
  "class:1": "0.00",
  "class:2": "0.00",
  "class:3": "0.03",
  "class:4": "0.00",
  "class:5": "0.03",
  "class:6": "0.03",
  "class:7": "0.90",
  "class:8": "0.00",
  "class:9": "0.00"
}
{
  "class:0": "0.00",
  "class:1": "0.00",
  "class:2": "0.00",
  "class:3": "0.00",
  "class:4": "0.00",
  "class:5": "0.00",
  "class:6": "0.00",
  "class:7": "1.00",
  "class:8": "0.00",
  "class:9": "0.00"
}
{
  "class:0": "0.89",
  "class:1": "0.00",
  "class:2": "0.01",
  "class:3": "0.00",
  "class:4": "0.00",
  "class:5": "0.01",
  "class:6": "0.09",
  "class:7": "0.00",
  "class:8": "0.00",
  "class:9": "0.00"
}
{
  "class:0": "0.00",
  "class:1": "0.00",
  "class:2": "0.00",
  "class:3": "0.00",
  "class:4": "0.00",
  "class:5": "0.03",
  "class:6": "0.97",
  "class:7": "0.00",
  "class:8": "0.00",
  "class:9": "0.00"
}
{
  "class:0": "0.00",
  "class:1": "0.00",
  "class:2": "0.00",
  "class:3": "0.00",
  "class:4": "0.00",
  "class:5": "1.00",
  "class:6": "0.00",
  "class:7": "0.00",
  "class:8": "0.00",
  "class:9": "0.00"
}
{
  "class:0": "0.03",
  "class:1": "0.00",
  "class:2": "0.03",
  "class:3": "0.07",
  "class:4": "0.10",
  "class:5": "0.07",
  "class:6": "0.03",
  "class:7": "0.07",
  "class:8": "0.60",
  "class:9": "0.00"
}
{
  "class:0": "0.00",
  "class:1": "0.00",
  "class:2": "0.00",
  "class:3": "0.00",
  "class:4": "1.00",
  "class:5": "0.00",
  "class:6": "0.00",
  "class:7": "0.00",
  "class:8": "0.00",
  "class:9": "0.00"
}
{
  "class:0": "0.00",
  "class:1": "0.00",
  "class:2": "0.00",
  "class:3": "0.99",
  "class:4": "0.00",
  "class:5": "0.00",
  "class:6": "0.00",
  "class:7": "0.00",
  "class:8": "0.00",
  "class:9": "0.00"
}
{
  "class:0": "0.00",
  "class:1": "0.00",
  "class:2": "0.00",
  "class:3": "0.90",
  "class:4": "0.00",
  "class:5": "0.07",
  "class:6": "0.00",
  "class:7": "0.00",
  "class:8": "0.00",
  "class:9": "0.03"
}
{
  "class:0": "0.00",
  "class:1": "0.00",
  "class:2": "0.00",
  "class:3": "0.00",
  "class:4": "0.01",
  "class:5": "0.00",
  "class:6": "0.00",
  "class:7": "0.90",
  "class:8": "0.00",
  "class:9": "0.09"
}
{
  "class:0": "0.00",
  "class:1": "0.00",
  "class:2": "0.00",
  "class:3": "0.00",
  "class:4": "0.90",
  "class:5": "0.00",
  "class:6": "0.00",
  "class:7": "0.00",
  "class:8": "0.00",
  "class:9": "0.10"
}
{
  "class:0": "0.03",
  "class:1": "0.00",
  "class:2": "0.00",
  "class:3": "0.07",
  "class:4": "0.00",
  "class:5": "0.87",
  "class:6": "0.00",
  "class:7": "0.00",
  "class:8": "0.00",
  "class:9": "0.03"
}
{
  "class:0": "0.00",
  "class:1": "0.00",
  "class:2": "0.00",
  "class:3": "0.00",
  "class:4": "0.03",
  "class:5": "0.00",
  "class:6": "0.03",
  "class:7": "0.00",
  "class:8": "0.03",
  "class:9": "0.90"
}
{
  "class:0": "0.00",
  "class:1": "0.00",
  "class:2": "1.00",
  "class:3": "0.00",
  "class:4": "0.00",
  "class:5": "0.00",
  "class:6": "0.00",
  "class:7": "0.00",
  "class:8": "0.00",
  "class:9": "0.00"
}
{
  "class:0": "0.00",
  "class:1": "0.00",
  "class:2": "0.00",
  "class:3": "0.03",
  "class:4": "0.00",
  "class:5": "0.00",
  "class:6": "0.97",
  "class:7": "0.00",
  "class:8": "0.00",
  "class:9": "0.00"
}
{
  "class:0": "0.00",
  "class:1": "0.00",
  "class:2": "0.66",
  "class:3": "0.00",
  "class:4": "0.01",
  "class:5": "0.00",
  "class:6": "0.00",
  "class:7": "0.30",
  "class:8": "0.00",
  "class:9": "0.01"
}
{
  "class:0": "0.00",
  "class:1": "0.00",
  "class:2": "0.00",
  "class:3": "0.00",
  "class:4": "0.00",
  "class:5": "0.80",
  "class:6": "0.03",
  "class:7": "0.00",
  "class:8": "0.10",
  "class:9": "0.07"
}
{
  "class:0": "0.93",
  "class:1": "0.00",
  "class:2": "0.03",
  "class:3": "0.00",
  "class:4": "0.00",
  "class:5": "0.00",
  "class:6": "0.00",
  "class:7": "0.00",
  "class:8": "0.03",
  "class:9": "0.00"
}
{
  "class:0": "0.00",
  "class:1": "1.00",
  "class:2": "0.00",
  "class:3": "0.00",
  "class:4": "0.00",
  "class:5": "0.00",
  "class:6": "0.00",
  "class:7": "0.00",
  "class:8": "0.00",
  "class:9": "0.00"
}
{
  "class:0": "0.00",
  "class:1": "0.00",
  "class:2": "0.00",
  "class:3": "0.00",
  "class:4": "0.71",
  "class:5": "0.00",
  "class:6": "0.00",
  "class:7": "0.00",
  "class:8": "0.12",
  "class:9": "0.17"
}
{
  "class:0": "0.00",
  "class:1": "0.00",
  "class:2": "0.00",
  "class:3": "0.97",
  "class:4": "0.00",
  "class:5": "0.03",
  "class:6": "0.00",
  "class:7": "0.00",
  "class:8": "0.00",
  "class:9": "0.00"
}
{
  "class:0": "0.00",
  "class:1": "0.00",
  "class:2": "0.10",
  "class:3": "0.01",
  "class:4": "0.00",
  "class:5": "0.03",
  "class:6": "0.00",
  "class:7": "0.00",
  "class:8": "0.86",
  "class:9": "0.00"
}
{
  "class:0": "0.00",
  "class:1": "0.00",
  "class:2": "0.00",
  "class:3": "0.00",
  "class:4": "1.00",
  "class:5": "0.00",
  "class:6": "0.00",
  "class:7": "0.00",
  "class:8": "0.00",
  "class:9": "0.00"
}
{
  "class:0": "0.00",
  "class:1": "0.00",
  "class:2": "0.00",
  "class:3": "0.00",
  "class:4": "0.00",
  "class:5": "0.97",
  "class:6": "0.00",
  "class:7": "0.00",
  "class:8": "0.03",
  "class:9": "0.00"
}
{
  "class:0": "0.00",
  "class:1": "0.00",
  "class:2": "0.00",
  "class:3": "0.00",
  "class:4": "0.00",
  "class:5": "0.00",
  "class:6": "0.97",
  "class:7": "0.00",
  "class:8": "0.03",
  "class:9": "0.00"
}
{
  "class:0": "0.00",
  "class:1": "0.00",
  "class:2": "0.00",
  "class:3": "1.00",
  "class:4": "0.00",
  "class:5": "0.00",
  "class:6": "0.00",
  "class:7": "0.00",
  "class:8": "0.00",
  "class:9": "0.00"
}
{
  "class:0": "0.00",
  "class:1": "0.00",
  "class:2": "0.00",
  "class:3": "0.10",
  "class:4": "0.03",
  "class:5": "0.60",
  "class:6": "0.00",
  "class:7": "0.00",
  "class:8": "0.13",
  "class:9": "0.13"
}
{
  "class:0": "0.00",
  "class:1": "0.03",
  "class:2": "0.87",
  "class:3": "0.07",
  "class:4": "0.00",
  "class:5": "0.00",
  "class:6": "0.03",
  "class:7": "0.00",
  "class:8": "0.00",
  "class:9": "0.00"
}
{
  "class:0": "0.00",
  "class:1": "0.97",
  "class:2": "0.00",
  "class:3": "0.00",
  "class:4": "0.00",
  "class:5": "0.00",
  "class:6": "0.00",
  "class:7": "0.00",
  "class:8": "0.00",
  "class:9": "0.03"
}
{
  "class:0": "0.00",
  "class:1": "0.00",
  "class:2": "0.00",
  "class:3": "0.00",
  "class:4": "0.00",
  "class:5": "0.00",
  "class:6": "0.00",
  "class:7": "1.00",
  "class:8": "0.00",
  "class:9": "0.00"
}
{
  "class:0": "0.00",
  "class:1": "0.87",
  "class:2": "0.00",
  "class:3": "0.03",
  "class:4": "0.00",
  "class:5": "0.03",
  "class:6": "0.00",
  "class:7": "0.07",
  "class:8": "0.00",
  "class:9": "0.00"
}
{
  "class:0": "0.00",
  "class:1": "0.00",
  "class:2": "0.00",
  "class:3": "0.00",
  "class:4": "0.00",
  "class:5": "0.00",
  "class:6": "0.00",
  "class:7": "0.03",
  "class:8": "0.00",
  "class:9": "0.97"
}
{
  "class:0": "0.00",
  "class:1": "0.03",
  "class:2": "0.93",
  "class:3": "0.00",
  "class:4": "0.03",
  "class:5": "0.00",
  "class:6": "0.00",
  "class:7": "0.00",
  "class:8": "0.00",
  "class:9": "0.00"
}
{
  "class:0": "0.00",
  "class:1": "1.00",
  "class:2": "0.00",
  "class:3": "0.00",
  "class:4": "0.00",
  "class:5": "0.00",
  "class:6": "0.00",
  "class:7": "0.00",
  "class:8": "0.00",
  "class:9": "0.00"
}
{
  "class:0": "0.00",
  "class:1": "0.03",
  "class:2": "0.00",
  "class:3": "0.00",
  "class:4": "0.43",
  "class:5": "0.07",
  "class:6": "0.03",
  "class:7": "0.07",
  "class:8": "0.33",
  "class:9": "0.03"
}
{
  "class:0": "1.00",
  "class:1": "0.00",
  "class:2": "0.00",
  "class:3": "0.00",
  "class:4": "0.00",
  "class:5": "0.00",
  "class:6": "0.00",
  "class:7": "0.00",
  "class:8": "0.00",
  "class:9": "0.00"
}
{
  "class:0": "0.00",
  "class:1": "0.00",
  "class:2": "0.00",
  "class:3": "0.00",
  "class:4": "0.00",
  "class:5": "0.03",
  "class:6": "0.97",
  "class:7": "0.00",
  "class:8": "0.00",
  "class:9": "0.00"
}
{
  "class:0": "0.00",
  "class:1": "0.00",
  "class:2": "0.00",
  "class:3": "0.00",
  "class:4": "0.03",
  "class:5": "0.00",
  "class:6": "0.93",
  "class:7": "0.00",
  "class:8": "0.00",
  "class:9": "0.03"
}
{
  "class:0": "0.00",
  "class:1": "0.00",
  "class:2": "0.00",
  "class:3": "0.00",
  "class:4": "0.03",
  "class:5": "0.00",
  "class:6": "0.00",
  "class:7": "0.03",
  "class:8": "0.03",
  "class:9": "0.90"
}
{
  "class:0": "0.00",
  "class:1": "1.00",
  "class:2": "0.00",
  "class:3": "0.00",
  "class:4": "0.00",
  "class:5": "0.00",
  "class:6": "0.00",
  "class:7": "0.00",
  "class:8": "0.00",
  "class:9": "0.00"
}
{
  "class:0": "0.00",
  "class:1": "0.00",
  "class:2": "0.07",
  "class:3": "0.80",
  "class:4": "0.00",
  "class:5": "0.03",
  "class:6": "0.00",
  "class:7": "0.00",
  "class:8": "0.07",
  "class:9": "0.03"
}
{
  "class:0": "0.00",
  "class:1": "0.00",
  "class:2": "0.00",
  "class:3": "0.93",
  "class:4": "0.00",
  "class:5": "0.07",
  "class:6": "0.00",
  "class:7": "0.00",
  "class:8": "0.00",
  "class:9": "0.00"
}
{
  "class:0": "0.00",
  "class:1": "0.00",
  "class:2": "0.00",
  "class:3": "0.00",
  "class:4": "0.90",
  "class:5": "0.03",
  "class:6": "0.03",
  "class:7": "0.00",
  "class:8": "0.00",
  "class:9": "0.03"
}
{
  "class:0": "0.00",
  "class:1": "0.00",
  "class:2": "0.02",
  "class:3": "0.01",
  "class:4": "0.11",
  "class:5": "0.18",
  "class:6": "0.25",
  "class:7": "0.00",
  "class:8": "0.43",
  "class:9": "0.00"
}
{
  "class:0": "0.00",
  "class:1": "0.00",
  "class:2": "0.03",
  "class:3": "0.17",
  "class:4": "0.00",
  "class:5": "0.07",
  "class:6": "0.00",
  "class:7": "0.03",
  "class:8": "0.70",
  "class:9": "0.00"
}
{
  "class:0": "0.00",
  "class:1": "0.03",
  "class:2": "0.00",
  "class:3": "0.00",
  "class:4": "0.00",
  "class:5": "0.00",
  "class:6": "0.00",
  "class:7": "0.93",
  "class:8": "0.00",
  "class:9": "0.03"
}
{
  "class:0": "0.00",
  "class:1": "0.00",
  "class:2": "0.00",
  "class:3": "0.90",
  "class:4": "0.00",
  "class:5": "0.00",
  "class:6": "0.00",
  "class:7": "0.03",
  "class:8": "0.03",
  "class:9": "0.03"
}
{
  "class:0": "0.00",
  "class:1": "1.00",
  "class:2": "0.00",
  "class:3": "0.00",
  "class:4": "0.00",
  "class:5": "0.00",
  "class:6": "0.00",
  "class:7": "0.00",
  "class:8": "0.00",
  "class:9": "0.00"
}
{
  "class:0": "0.00",
  "class:1": "0.00",
  "class:2": "0.00",
  "class:3": "0.03",
  "class:4": "0.00",
  "class:5": "0.00",
  "class:6": "0.00",
  "class:7": "0.60",
  "class:8": "0.00",
  "class:9": "0.37"
}
{
  "class:0": "0.02",
  "class:1": "0.00",
  "class:2": "0.00",
  "class:3": "0.02",
  "class:4": "0.00",
  "class:5": "0.91",
  "class:6": "0.00",
  "class:7": "0.00",
  "class:8": "0.03",
  "class:9": "0.01"
}
{
  "class:0": "0.03",
  "class:1": "0.00",
  "class:2": "0.13",
  "class:3": "0.17",
  "class:4": "0.00",
  "class:5": "0.20",
  "class:6": "0.00",
  "class:7": "0.07",
  "class:8": "0.40",
  "class:9": "0.00"
}
{
  "class:0": "0.00",
  "class:1": "0.00",
  "class:2": "0.00",
  "class:3": "0.00",
  "class:4": "0.00",
  "class:5": "0.00",
  "class:6": "1.00",
  "class:7": "0.00",
  "class:8": "0.00",
  "class:9": "0.00"
}
{
  "class:0": "0.00",
  "class:1": "0.00",
  "class:2": "0.00",
  "class:3": "0.01",
  "class:4": "0.00",
  "class:5": "0.92",
  "class:6": "0.00",
  "class:7": "0.00",
  "class:8": "0.06",
  "class:9": "0.00"
}
{
  "class:0": "0.00",
  "class:1": "0.00",
  "class:2": "0.00",
  "class:3": "0.00",
  "class:4": "0.00",
  "class:5": "0.99",
  "class:6": "0.00",
  "class:7": "0.00",
  "class:8": "0.01",
  "class:9": "0.00"
}
{
  "class:0": "0.00",
  "class:1": "0.98",
  "class:2": "0.00",
  "class:3": "0.01",
  "class:4": "0.00",
  "class:5": "0.00",
  "class:6": "0.00",
  "class:7": "0.00",
  "class:8": "0.01",
  "class:9": "0.00"
}
{
  "class:0": "0.00",
  "class:1": "0.00",
  "class:2": "0.00",
  "class:3": "0.00",
  "class:4": "0.00",
  "class:5": "0.00",
  "class:6": "0.00",
  "class:7": "0.00",
  "class:8": "0.93",
  "class:9": "0.07"
}
{
  "class:0": "0.00",
  "class:1": "0.00",
  "class:2": "0.00",
  "class:3": "0.00",
  "class:4": "0.00",
  "class:5": "0.00",
  "class:6": "0.00",
  "class:7": "1.00",
  "class:8": "0.00",
  "class:9": "0.00"
}
{
  "class:0": "1.00",
  "class:1": "0.00",
  "class:2": "0.00",
  "class:3": "0.00",
  "class:4": "0.00",
  "class:5": "0.00",
  "class:6": "0.00",
  "class:7": "0.00",
  "class:8": "0.00",
  "class:9": "0.00"
}
{
  "class:0": "0.00",
  "class:1": "0.03",
  "class:2": "0.00",
  "class:3": "0.00",
  "class:4": "0.03",
  "class:5": "0.00",
  "class:6": "0.00",
  "class:7": "0.00",
  "class:8": "0.93",
  "class:9": "0.00"
}
{
  "class:0": "0.80",
  "class:1": "0.00",
  "class:2": "0.03",
  "class:3": "0.00",
  "class:4": "0.03",
  "class:5": "0.00",
  "class:6": "0.10",
  "class:7": "0.03",
  "class:8": "0.00",
  "class:9": "0.00"
}
{
  "class:0": "0.00",
  "class:1": "0.00",
  "class:2": "0.00",
  "class:3": "0.00",
  "class:4": "0.00",
  "class:5": "0.97",
  "class:6": "0.00",
  "class:7": "0.00",
  "class:8": "0.03",
  "class:9": "0.00"
}
{
  "class:0": "0.00",
  "class:1": "0.03",
  "class:2": "0.00",
  "class:3": "0.80",
  "class:4": "0.00",
  "class:5": "0.07",
  "class:6": "0.00",
  "class:7": "0.00",
  "class:8": "0.00",
  "class:9": "0.10"
}
{
  "class:0": "0.00",
  "class:1": "0.00",
  "class:2": "0.00",
  "class:3": "0.00",
  "class:4": "0.00",
  "class:5": "0.00",
  "class:6": "1.00",
  "class:7": "0.00",
  "class:8": "0.00",
  "class:9": "0.00"
}
{
  "class:0": "0.00",
  "class:1": "0.97",
  "class:2": "0.00",
  "class:3": "0.00",
  "class:4": "0.00",
  "class:5": "0.00",
  "class:6": "0.00",
  "class:7": "0.00",
  "class:8": "0.00",
  "class:9": "0.03"
}
{
  "class:0": "0.00",
  "class:1": "0.00",
  "class:2": "0.00",
  "class:3": "0.00",
  "class:4": "0.00",
  "class:5": "1.00",
  "class:6": "0.00",
  "class:7": "0.00",
  "class:8": "0.00",
  "class:9": "0.00"
}
{
  "class:0": "0.00",
  "class:1": "0.00",
  "class:2": "0.87",
  "class:3": "0.03",
  "class:4": "0.00",
  "class:5": "0.03",
  "class:6": "0.03",
  "class:7": "0.03",
  "class:8": "0.00",
  "class:9": "0.00"
}
{
  "class:0": "0.00",
  "class:1": "0.00",
  "class:2": "0.00",
  "class:3": "0.00",
  "class:4": "0.93",
  "class:5": "0.00",
  "class:6": "0.00",
  "class:7": "0.00",
  "class:8": "0.00",
  "class:9": "0.06"
}
{
  "class:0": "0.00",
  "class:1": "0.00",
  "class:2": "0.00",
  "class:3": "0.00",
  "class:4": "0.00",
  "class:5": "0.00",
  "class:6": "0.00",
  "class:7": "1.00",
  "class:8": "0.00",
  "class:9": "0.00"
}
{
  "class:0": "0.00",
  "class:1": "0.97",
  "class:2": "0.00",
  "class:3": "0.03",
  "class:4": "0.00",
  "class:5": "0.00",
  "class:6": "0.00",
  "class:7": "0.00",
  "class:8": "0.00",
  "class:9": "0.00"
}
{
  "class:0": "0.00",
  "class:1": "0.00",
  "class:2": "0.00",
  "class:3": "0.00",
  "class:4": "0.00",
  "class:5": "0.00",
  "class:6": "0.00",
  "class:7": "1.00",
  "class:8": "0.00",
  "class:9": "0.00"
}
{
  "class:0": "0.74",
  "class:1": "0.00",
  "class:2": "0.23",
  "class:3": "0.02",
  "class:4": "0.00",
  "class:5": "0.00",
  "class:6": "0.00",
  "class:7": "0.00",
  "class:8": "0.00",
  "class:9": "0.00"
}
{
  "class:0": "0.07",
  "class:1": "0.00",
  "class:2": "0.60",
  "class:3": "0.03",
  "class:4": "0.03",
  "class:5": "0.00",
  "class:6": "0.07",
  "class:7": "0.00",
  "class:8": "0.10",
  "class:9": "0.10"
}
{
  "class:0": "0.00",
  "class:1": "0.00",
  "class:2": "0.00",
  "class:3": "1.00",
  "class:4": "0.00",
  "class:5": "0.00",
  "class:6": "0.00",
  "class:7": "0.00",
  "class:8": "0.00",
  "class:9": "0.00"
}
{
  "class:0": "0.00",
  "class:1": "0.03",
  "class:2": "0.53",
  "class:3": "0.13",
  "class:4": "0.03",
  "class:5": "0.03",
  "class:6": "0.00",
  "class:7": "0.23",
  "class:8": "0.00",
  "class:9": "0.00"
}
{
  "class:0": "0.00",
  "class:1": "0.00",
  "class:2": "0.00",
  "class:3": "0.00",
  "class:4": "0.93",
  "class:5": "0.03",
  "class:6": "0.03",
  "class:7": "0.00",
  "class:8": "0.00",
  "class:9": "0.00"
}
{
  "class:0": "0.00",
  "class:1": "0.98",
  "class:2": "0.01",
  "class:3": "0.00",
  "class:4": "0.00",
  "class:5": "0.00",
  "class:6": "0.00",
  "class:7": "0.00",
  "class:8": "0.01",
  "class:9": "0.00"
}
{
  "class:0": "1.00",
  "class:1": "0.00",
  "class:2": "0.00",
  "class:3": "0.00",
  "class:4": "0.00",
  "class:5": "0.00",
  "class:6": "0.00",
  "class:7": "0.00",
  "class:8": "0.00",
  "class:9": "0.00"
}
{
  "class:0": "0.00",
  "class:1": "0.01",
  "class:2": "0.00",
  "class:3": "0.01",
  "class:4": "0.00",
  "class:5": "0.00",
  "class:6": "0.00",
  "class:7": "0.00",
  "class:8": "0.98",
  "class:9": "0.00"
}
{
  "class:0": "0.00",
  "class:1": "0.00",
  "class:2": "0.00",
  "class:3": "0.00",
  "class:4": "0.00",
  "class:5": "0.00",
  "class:6": "1.00",
  "class:7": "0.00",
  "class:8": "0.00",
  "class:9": "0.00"
}
{
  "class:0": "0.03",
  "class:1": "0.00",
  "class:2": "0.07",
  "class:3": "0.00",
  "class:4": "0.03",
  "class:5": "0.07",
  "class:6": "0.73",
  "class:7": "0.00",
  "class:8": "0.00",
  "class:9": "0.07"
}
{
  "class:0": "0.00",
  "class:1": "0.00",
  "class:2": "0.00",
  "class:3": "0.10",
  "class:4": "0.00",
  "class:5": "0.13",
  "class:6": "0.00",
  "class:7": "0.00",
  "class:8": "0.00",
  "class:9": "0.77"
}
{
  "class:0": "0.00",
  "class:1": "0.00",
  "class:2": "0.00",
  "class:3": "0.00",
  "class:4": "0.90",
  "class:5": "0.03",
  "class:6": "0.03",
  "class:7": "0.03",
  "class:8": "0.00",
  "class:9": "0.00"
}
{
  "class:0": "0.00",
  "class:1": "0.00",
  "class:2": "0.93",
  "class:3": "0.00",
  "class:4": "0.00",
  "class:5": "0.00",
  "class:6": "0.00",
  "class:7": "0.03",
  "class:8": "0.00",
  "class:9": "0.03"
}
{
  "class:0": "0.00",
  "class:1": "0.00",
  "class:2": "0.00",
  "class:3": "0.00",
  "class:4": "0.03",
  "class:5": "0.00",
  "class:6": "0.00",
  "class:7": "0.13",
  "class:8": "0.03",
  "class:9": "0.80"
}
{
  "class:0": "0.00",
  "class:1": "0.00",
  "class:2": "0.00",
  "class:3": "0.00",
  "class:4": "0.00",
  "class:5": "0.00",
  "class:6": "0.00",
  "class:7": "0.00",
  "class:8": "0.00",
  "class:9": "1.00"
}
{
  "class:0": "0.00",
  "class:1": "0.00",
  "class:2": "0.00",
  "class:3": "0.00",
  "class:4": "0.00",
  "class:5": "0.00",
  "class:6": "0.00",
  "class:7": "1.00",
  "class:8": "0.00",
  "class:9": "0.00"
}
{
  "class:0": "0.00",
  "class:1": "0.04",
  "class:2": "0.10",
  "class:3": "0.84",
  "class:4": "0.00",
  "class:5": "0.01",
  "class:6": "0.00",
  "class:7": "0.00",
  "class:8": "0.01",
  "class:9": "0.00"
}
{
  "class:0": "0.97",
  "class:1": "0.00",
  "class:2": "0.00",
  "class:3": "0.03",
  "class:4": "0.00",
  "class:5": "0.00",
  "class:6": "0.00",
  "class:7": "0.00",
  "class:8": "0.00",
  "class:9": "0.00"
}
[0;31m---------------------------------------------------------------------------[0m
[0;31mZeroDivisionError[0m                         Traceback (most recent call last)
[0;32m/workspace/source/examples/istio/canary_update/canary.py[0m in [0;36m<module>[0;34m[0m
[1;32m    259[0m [0;34m[0m[0m
[1;32m    260[0m [0;34m[0m[0m
[0;32m--> 261[0;31m [0mpercentage_to_canary[0m [0;34m=[0m [0mfloat[0m[0;34m([0m[0mcanary_count[0m[0;34m[[0m[0;36m0[0m[0;34m][0m[0;34m)[0m[0;34m/[0m[0mfloat[0m[0;34m([0m[0mdefault_count[0m[0;34m[[0m[0;36m0[0m[0;34m][0m[0;34m)[0m[0;34m[0m[0;34m[0m[0m
[0m[1;32m    262[0m [0mprint[0m[0;34m([0m[0mpercentage_to_canary[0m[0;34m)[0m[0;34m[0m[0;34m[0m[0m
[1;32m    263[0m [0;32massert[0m[0;34m([0m[0mpercentage_to_canary[0m [0;34m>[0m [0;36m0.1[0m [0;32mand[0m [0mpercentage_to_canary[0m [0;34m<[0m [0;36m0.5[0m[0;34m)[0m[0;34m[0m[0;34m[0m[0m

[0;31mZeroDivisionError[0m: float division by zero
, stderr:Error from server (AlreadyExists): namespaces "seldon" already exists
Warning: kubectl apply should be used on resource created by either kubectl create --save-config or kubectl apply
/usr/local/lib/python3.6/site-packages/IPython/core/history.py:226: UserWarning: IPython History requires SQLite, your history will not be saved
  warn("IPython History requires SQLite, your history will not be saved")
------------------------------ Captured log call -------------------------------
ERROR    root:test_notebooks.py:24 failed notebook test canary stdout:Context "kind-kind" modified.
gateway.networking.istio.io/seldon-gateway unchanged
WARNING:tensorflow:From /workspace/source/examples/istio/canary_update/canary.py:93: read_data_sets (from tensorflow.contrib.learn.python.learn.datasets.mnist) is deprecated and will be removed in a future version.
Instructions for updating:
Please use alternatives such as official/mnist/dataset.py from tensorflow/models.
WARNING:tensorflow:From /usr/local/lib/python3.6/site-packages/tensorflow_core/contrib/learn/python/learn/datasets/mnist.py:260: maybe_download (from tensorflow.contrib.learn.python.learn.datasets.base) is deprecated and will be removed in a future version.
Instructions for updating:
Please write your own downloading logic.
WARNING:tensorflow:From /usr/local/lib/python3.6/site-packages/tensorflow_core/contrib/learn/python/learn/datasets/mnist.py:262: extract_images (from tensorflow.contrib.learn.python.learn.datasets.mnist) is deprecated and will be removed in a future version.
Instructions for updating:
Please use tf.data to implement this functionality.
Extracting MNIST_data/train-images-idx3-ubyte.gz
WARNING:tensorflow:From /usr/local/lib/python3.6/site-packages/tensorflow_core/contrib/learn/python/learn/datasets/mnist.py:267: extract_labels (from tensorflow.contrib.learn.python.learn.datasets.mnist) is deprecated and will be removed in a future version.
Instructions for updating:
Please use tf.data to implement this functionality.
Extracting MNIST_data/train-labels-idx1-ubyte.gz
WARNING:tensorflow:From /usr/local/lib/python3.6/site-packages/tensorflow_core/contrib/learn/python/learn/datasets/mnist.py:110: dense_to_one_hot (from tensorflow.contrib.learn.python.learn.datasets.mnist) is deprecated and will be removed in a future version.
Instructions for updating:
Please use tf.one_hot on tensors.
Extracting MNIST_data/t10k-images-idx3-ubyte.gz
Extracting MNIST_data/t10k-labels-idx1-ubyte.gz
WARNING:tensorflow:From /usr/local/lib/python3.6/site-packages/tensorflow_core/contrib/learn/python/learn/datasets/mnist.py:290: DataSet.__init__ (from tensorflow.contrib.learn.python.learn.datasets.mnist) is deprecated and will be removed in a future version.
Instructions for updating:
Please use alternatives such as official/mnist/dataset.py from tensorflow/models.
seldondeployment.machinelearning.seldon.io/mnist-classifier created
Waiting for deployment "mnist-classifier-sk-mnist-predictor-0-sk-mnist-classifier" rollout to finish: 0 of 1 updated replicas are available...
deployment "mnist-classifier-sk-mnist-predictor-0-sk-mnist-classifier" successfully rolled out
{
    [94m"apiVersion"[39;49;00m: [33m"machinelearning.seldon.io/v1alpha2"[39;49;00m,
    [94m"kind"[39;49;00m: [33m"SeldonDeployment"[39;49;00m,
    [94m"metadata"[39;49;00m: {
        [94m"labels"[39;49;00m: {
            [94m"app"[39;49;00m: [33m"seldon"[39;49;00m
        },
        [94m"name"[39;49;00m: [33m"mnist-classifier"[39;49;00m
    },
    [94m"spec"[39;49;00m: {
        [94m"annotations"[39;49;00m: {
            [94m"project_name"[39;49;00m: [33m"Mnist classification"[39;49;00m
        },
        [94m"name"[39;49;00m: [33m"mnist-deployment"[39;49;00m,
        [94m"predictors"[39;49;00m: [
            {
                [94m"componentSpecs"[39;49;00m: [{
                    [94m"spec"[39;49;00m: {
                        [94m"containers"[39;49;00m: [
                            {
                                [94m"image"[39;49;00m: [33m"seldonio/sk-example-mnist:0.3"[39;49;00m,
                                [94m"imagePullPolicy"[39;49;00m: [33m"IfNotPresent"[39;49;00m,
                                [94m"name"[39;49;00m: [33m"sk-mnist-classifier"[39;49;00m,
                                [94m"resources"[39;49;00m: {
                                    [94m"requests"[39;49;00m: {
                                        [94m"memory"[39;49;00m: [33m"1Mi"[39;49;00m
                                    }
                                }
                            }
                        ],
                        [94m"terminationGracePeriodSeconds"[39;49;00m: [34m1[39;49;00m
                    }
                }],
                [94m"graph"[39;49;00m: {
                    [94m"children"[39;49;00m: [],
                    [94m"name"[39;49;00m: [33m"sk-mnist-classifier"[39;49;00m,
                    [94m"endpoint"[39;49;00m: {
                        [94m"type"[39;49;00m : [33m"REST"[39;49;00m
                    },
                    [94m"type"[39;49;00m: [33m"MODEL"[39;49;00m
                },
                [94m"name"[39;49;00m: [33m"sk-mnist-predictor"[39;49;00m,
                [94m"replicas"[39;49;00m: [34m1[39;49;00m,
               [94m"svcOrchSpec"[39;49;00m: {
                    [94m"env"[39;49;00m: [
                        {
                            [94m"name"[39;49;00m: [33m"SELDON_LOG_LEVEL"[39;49;00m,
                            [94m"value"[39;49;00m: [33m"DEBUG"[39;49;00m
                        }
                    ]
                },
        [94m"labels"[39;49;00m:{
            [94m"version"[39;49;00m:[33m"v1"[39;49;00m
        },
        [94m"traffic"[39;49;00m: [34m75[39;49;00m
            },
            {
                [94m"componentSpecs"[39;49;00m: [{
                    [94m"spec"[39;49;00m: {
                        [94m"containers"[39;49;00m: [
                            {
                                [94m"image"[39;49;00m: [33m"seldonio/tf-example-mnist:0.2"[39;49;00m,
                                [94m"imagePullPolicy"[39;49;00m: [33m"IfNotPresent"[39;49;00m,
                                [94m"name"[39;49;00m: [33m"tf-mnist-classifier"[39;49;00m,
                                [94m"resources"[39;49;00m: {
                                    [94m"requests"[39;49;00m: {
                                        [94m"memory"[39;49;00m: [33m"1Mi"[39;49;00m
                                    }
                                }
                            }
                        ],
                        [94m"terminationGracePeriodSeconds"[39;49;00m: [34m1[39;49;00m
                    }
                }],
                [94m"graph"[39;49;00m: {
                    [94m"children"[39;49;00m: [],
                    [94m"name"[39;49;00m: [33m"tf-mnist-classifier"[39;49;00m,
                    [94m"endpoint"[39;49;00m: {
                        [94m"type"[39;49;00m : [33m"REST"[39;49;00m
                    },
                    [94m"type"[39;49;00m: [33m"MODEL"[39;49;00m
                },
                [94m"name"[39;49;00m: [33m"tf-mnist-predictor"[39;49;00m,
                [94m"replicas"[39;49;00m: [34m1[39;49;00m,
               [94m"svcOrchSpec"[39;49;00m: {
                    [94m"env"[39;49;00m: [
                        {
                            [94m"name"[39;49;00m: [33m"SELDON_LOG_LEVEL"[39;49;00m,
                            [94m"value"[39;49;00m: [33m"DEBUG"[39;49;00m
                        }
                    ]
                },
        [94m"labels"[39;49;00m:{
            [94m"version"[39;49;00m:[33m"v2"[39;49;00m
        },
        [94m"traffic"[39;49;00m: [34m25[39;49;00m
            }
        ]
    }
}
seldondeployment.machinelearning.seldon.io/mnist-classifier configured
Waiting for deployment "mnist-classifier-sk-mnist-predictor-0-sk-mnist-classifier" rollout to finish: 1 old replicas are pending termination...
Waiting for deployment "mnist-classifier-sk-mnist-predictor-0-sk-mnist-classifier" rollout to finish: 1 old replicas are pending termination...
deployment "mnist-classifier-sk-mnist-predictor-0-sk-mnist-classifier" successfully rolled out
deployment "mnist-classifier-tf-mnist-predictor-0-tf-mnist-classifier" successfully rolled out
Available
{
  "class:0": "0.07",
  "class:1": "0.00",
  "class:2": "0.07",
  "class:3": "0.40",
  "class:4": "0.07",
  "class:5": "0.07",
  "class:6": "0.03",
  "class:7": "0.10",
  "class:8": "0.07",
  "class:9": "0.13"
}
Available
{
  "class:0": "0.00",
  "class:1": "0.80",
  "class:2": "0.00",
  "class:3": "0.10",
  "class:4": "0.00",
  "class:5": "0.00",
  "class:6": "0.03",
  "class:7": "0.03",
  "class:8": "0.00",
  "class:9": "0.03"
}
{
  "class:0": "0.00",
  "class:1": "0.00",
  "class:2": "0.00",
  "class:3": "0.00",
  "class:4": "0.03",
  "class:5": "0.00",
  "class:6": "0.97",
  "class:7": "0.00",
  "class:8": "0.00",
  "class:9": "0.00"
}
{
  "class:0": "0.03",
  "class:1": "0.00",
  "class:2": "0.07",
  "class:3": "0.00",
  "class:4": "0.03",
  "class:5": "0.07",
  "class:6": "0.70",
  "class:7": "0.00",
  "class:8": "0.10",
  "class:9": "0.00"
}
{
  "class:0": "0.00",
  "class:1": "0.00",
  "class:2": "0.00",
  "class:3": "0.01",
  "class:4": "0.00",
  "class:5": "0.88",
  "class:6": "0.00",
  "class:7": "0.00",
  "class:8": "0.11",
  "class:9": "0.00"
}
{
  "class:0": "0.00",
  "class:1": "1.00",
  "class:2": "0.00",
  "class:3": "0.00",
  "class:4": "0.00",
  "class:5": "0.00",
  "class:6": "0.00",
  "class:7": "0.00",
  "class:8": "0.00",
  "class:9": "0.00"
}
{
  "class:0": "0.00",
  "class:1": "0.00",
  "class:2": "0.03",
  "class:3": "0.00",
  "class:4": "0.07",
  "class:5": "0.07",
  "class:6": "0.80",
  "class:7": "0.03",
  "class:8": "0.00",
  "class:9": "0.00"
}
{
  "class:0": "0.03",
  "class:1": "0.00",
  "class:2": "0.07",
  "class:3": "0.07",
  "class:4": "0.03",
  "class:5": "0.00",
  "class:6": "0.00",
  "class:7": "0.03",
  "class:8": "0.70",
  "class:9": "0.07"
}
{
  "class:0": "0.00",
  "class:1": "0.00",
  "class:2": "0.03",
  "class:3": "0.00",
  "class:4": "0.03",
  "class:5": "0.07",
  "class:6": "0.00",
  "class:7": "0.00",
  "class:8": "0.87",
  "class:9": "0.00"
}
{
  "class:0": "0.00",
  "class:1": "0.00",
  "class:2": "0.10",
  "class:3": "0.00",
  "class:4": "0.20",
  "class:5": "0.00",
  "class:6": "0.07",
  "class:7": "0.57",
  "class:8": "0.03",
  "class:9": "0.03"
}
{
  "class:0": "0.00",
  "class:1": "0.00",
  "class:2": "0.00",
  "class:3": "0.03",
  "class:4": "0.00",
  "class:5": "0.07",
  "class:6": "0.00",
  "class:7": "0.03",
  "class:8": "0.10",
  "class:9": "0.77"
}
{
  "class:0": "0.00",
  "class:1": "0.00",
  "class:2": "0.00",
  "class:3": "0.00",
  "class:4": "0.00",
  "class:5": "0.00",
  "class:6": "0.00",
  "class:7": "0.00",
  "class:8": "1.00",
  "class:9": "0.00"
}
{
  "class:0": "0.00",
  "class:1": "0.00",
  "class:2": "0.00",
  "class:3": "0.03",
  "class:4": "0.93",
  "class:5": "0.00",
  "class:6": "0.00",
  "class:7": "0.03",
  "class:8": "0.00",
  "class:9": "0.00"
}
{
  "class:0": "0.03",
  "class:1": "0.00",
  "class:2": "0.03",
  "class:3": "0.70",
  "class:4": "0.00",
  "class:5": "0.23",
  "class:6": "0.00",
  "class:7": "0.00",
  "class:8": "0.00",
  "class:9": "0.00"
}
{
  "class:0": "0.00",
  "class:1": "0.00",
  "class:2": "0.00",
  "class:3": "0.00",
  "class:4": "0.90",
  "class:5": "0.03",
  "class:6": "0.03",
  "class:7": "0.00",
  "class:8": "0.00",
  "class:9": "0.03"
}
{
  "class:0": "0.01",
  "class:1": "0.00",
  "class:2": "0.00",
  "class:3": "0.53",
  "class:4": "0.00",
  "class:5": "0.38",
  "class:6": "0.00",
  "class:7": "0.00",
  "class:8": "0.07",
  "class:9": "0.00"
}
{
  "class:0": "0.03",
  "class:1": "0.00",
  "class:2": "0.10",
  "class:3": "0.20",
  "class:4": "0.00",
  "class:5": "0.10",
  "class:6": "0.07",
  "class:7": "0.03",
  "class:8": "0.47",
  "class:9": "0.00"
}
{
  "class:0": "0.01",
  "class:1": "0.00",
  "class:2": "0.24",
  "class:3": "0.16",
  "class:4": "0.00",
  "class:5": "0.02",
  "class:6": "0.00",
  "class:7": "0.46",
  "class:8": "0.06",
  "class:9": "0.05"
}
{
  "class:0": "0.00",
  "class:1": "0.00",
  "class:2": "0.00",
  "class:3": "0.00",
  "class:4": "0.00",
  "class:5": "0.07",
  "class:6": "0.93",
  "class:7": "0.00",
  "class:8": "0.00",
  "class:9": "0.00"
}
{
  "class:0": "0.00",
  "class:1": "0.00",
  "class:2": "0.00",
  "class:3": "0.00",
  "class:4": "0.00",
  "class:5": "0.00",
  "class:6": "0.00",
  "class:7": "0.00",
  "class:8": "0.97",
  "class:9": "0.03"
}
{
  "class:0": "0.10",
  "class:1": "0.00",
  "class:2": "0.27",
  "class:3": "0.13",
  "class:4": "0.00",
  "class:5": "0.03",
  "class:6": "0.00",
  "class:7": "0.03",
  "class:8": "0.43",
  "class:9": "0.00"
}
{
  "class:0": "0.00",
  "class:1": "1.00",
  "class:2": "0.00",
  "class:3": "0.00",
  "class:4": "0.00",
  "class:5": "0.00",
  "class:6": "0.00",
  "class:7": "0.00",
  "class:8": "0.00",
  "class:9": "0.00"
}
{
  "class:0": "0.00",
  "class:1": "0.00",
  "class:2": "0.00",
  "class:3": "0.03",
  "class:4": "0.43",
  "class:5": "0.07",
  "class:6": "0.00",
  "class:7": "0.10",
  "class:8": "0.00",
  "class:9": "0.37"
}
{
  "class:0": "0.00",
  "class:1": "0.00",
  "class:2": "0.07",
  "class:3": "0.00",
  "class:4": "0.00",
  "class:5": "0.00",
  "class:6": "0.00",
  "class:7": "0.00",
  "class:8": "0.93",
  "class:9": "0.00"
}
{
  "class:0": "0.00",
  "class:1": "1.00",
  "class:2": "0.00",
  "class:3": "0.00",
  "class:4": "0.00",
  "class:5": "0.00",
  "class:6": "0.00",
  "class:7": "0.00",
  "class:8": "0.00",
  "class:9": "0.00"
}
{
  "class:0": "0.00",
  "class:1": "0.00",
  "class:2": "0.00",
  "class:3": "0.77",
  "class:4": "0.00",
  "class:5": "0.07",
  "class:6": "0.00",
  "class:7": "0.00",
  "class:8": "0.07",
  "class:9": "0.10"
}
{
  "class:0": "0.00",
  "class:1": "0.00",
  "class:2": "0.00",
  "class:3": "1.00",
  "class:4": "0.00",
  "class:5": "0.00",
  "class:6": "0.00",
  "class:7": "0.00",
  "class:8": "0.00",
  "class:9": "0.00"
}
{
  "class:0": "0.00",
  "class:1": "0.00",
  "class:2": "0.99",
  "class:3": "0.01",
  "class:4": "0.00",
  "class:5": "0.00",
  "class:6": "0.00",
  "class:7": "0.00",
  "class:8": "0.00",
  "class:9": "0.00"
}
{
  "class:0": "0.00",
  "class:1": "0.98",
  "class:2": "0.00",
  "class:3": "0.00",
  "class:4": "0.00",
  "class:5": "0.00",
  "class:6": "0.00",
  "class:7": "0.00",
  "class:8": "0.01",
  "class:9": "0.00"
}
{
  "class:0": "0.97",
  "class:1": "0.00",
  "class:2": "0.00",
  "class:3": "0.00",
  "class:4": "0.00",
  "class:5": "0.00",
  "class:6": "0.00",
  "class:7": "0.00",
  "class:8": "0.00",
  "class:9": "0.03"
}
{
  "class:0": "0.07",
  "class:1": "0.00",
  "class:2": "0.10",
  "class:3": "0.00",
  "class:4": "0.00",
  "class:5": "0.00",
  "class:6": "0.27",
  "class:7": "0.00",
  "class:8": "0.50",
  "class:9": "0.07"
}
{
  "class:0": "0.00",
  "class:1": "0.00",
  "class:2": "0.00",
  "class:3": "0.01",
  "class:4": "0.00",
  "class:5": "0.99",
  "class:6": "0.00",
  "class:7": "0.00",
  "class:8": "0.00",
  "class:9": "0.00"
}
{
  "class:0": "0.00",
  "class:1": "0.00",
  "class:2": "0.00",
  "class:3": "0.00",
  "class:4": "0.00",
  "class:5": "0.00",
  "class:6": "0.00",
  "class:7": "0.00",
  "class:8": "1.00",
  "class:9": "0.00"
}
{
  "class:0": "0.00",
  "class:1": "0.00",
  "class:2": "0.00",
  "class:3": "0.00",
  "class:4": "0.00",
  "class:5": "0.00",
  "class:6": "0.00",
  "class:7": "0.23",
  "class:8": "0.00",
  "class:9": "0.77"
}
{
  "class:0": "0.00",
  "class:1": "0.94",
  "class:2": "0.02",
  "class:3": "0.02",
  "class:4": "0.00",
  "class:5": "0.00",
  "class:6": "0.00",
  "class:7": "0.00",
  "class:8": "0.01",
  "class:9": "0.00"
}
{
  "class:0": "0.00",
  "class:1": "0.00",
  "class:2": "0.00",
  "class:3": "0.00",
  "class:4": "0.93",
  "class:5": "0.00",
  "class:6": "0.00",
  "class:7": "0.00",
  "class:8": "0.00",
  "class:9": "0.07"
}
{
  "class:0": "0.03",
  "class:1": "0.00",
  "class:2": "0.03",
  "class:3": "0.20",
  "class:4": "0.00",
  "class:5": "0.60",
  "class:6": "0.00",
  "class:7": "0.00",
  "class:8": "0.10",
  "class:9": "0.03"
}
{
  "class:0": "0.90",
  "class:1": "0.00",
  "class:2": "0.10",
  "class:3": "0.00",
  "class:4": "0.00",
  "class:5": "0.00",
  "class:6": "0.00",
  "class:7": "0.00",
  "class:8": "0.00",
  "class:9": "0.00"
}
{
  "class:0": "0.90",
  "class:1": "0.00",
  "class:2": "0.07",
  "class:3": "0.00",
  "class:4": "0.00",
  "class:5": "0.00",
  "class:6": "0.00",
  "class:7": "0.00",
  "class:8": "0.00",
  "class:9": "0.03"
}
{
  "class:0": "0.00",
  "class:1": "0.00",
  "class:2": "0.00",
  "class:3": "0.17",
  "class:4": "0.00",
  "class:5": "0.83",
  "class:6": "0.00",
  "class:7": "0.00",
  "class:8": "0.00",
  "class:9": "0.00"
}
{
  "class:0": "0.00",
  "class:1": "0.99",
  "class:2": "0.00",
  "class:3": "0.01",
  "class:4": "0.00",
  "class:5": "0.00",
  "class:6": "0.00",
  "class:7": "0.00",
  "class:8": "0.00",
  "class:9": "0.00"
}
{
  "class:0": "0.00",
  "class:1": "0.00",
  "class:2": "0.02",
  "class:3": "0.98",
  "class:4": "0.00",
  "class:5": "0.00",
  "class:6": "0.00",
  "class:7": "0.00",
  "class:8": "0.00",
  "class:9": "0.00"
}
{
  "class:0": "0.00",
  "class:1": "0.00",
  "class:2": "0.87",
  "class:3": "0.03",
  "class:4": "0.03",
  "class:5": "0.00",
  "class:6": "0.00",
  "class:7": "0.07",
  "class:8": "0.00",
  "class:9": "0.00"
}
{
  "class:0": "0.00",
  "class:1": "0.00",
  "class:2": "0.03",
  "class:3": "0.00",
  "class:4": "0.00",
  "class:5": "0.00",
  "class:6": "0.00",
  "class:7": "0.93",
  "class:8": "0.00",
  "class:9": "0.03"
}
{
  "class:0": "0.00",
  "class:1": "0.03",
  "class:2": "0.03",
  "class:3": "0.00",
  "class:4": "0.87",
  "class:5": "0.00",
  "class:6": "0.00",
  "class:7": "0.07",
  "class:8": "0.00",
  "class:9": "0.00"
}
{
  "class:0": "0.00",
  "class:1": "0.00",
  "class:2": "0.02",
  "class:3": "0.00",
  "class:4": "0.00",
  "class:5": "0.01",
  "class:6": "0.97",
  "class:7": "0.00",
  "class:8": "0.00",
  "class:9": "0.00"
}
{
  "class:0": "0.00",
  "class:1": "0.00",
  "class:2": "0.01",
  "class:3": "0.00",
  "class:4": "0.00",
  "class:5": "0.00",
  "class:6": "0.99",
  "class:7": "0.00",
  "class:8": "0.00",
  "class:9": "0.00"
}
{
  "class:0": "0.00",
  "class:1": "0.00",
  "class:2": "0.00",
  "class:3": "0.00",
  "class:4": "0.00",
  "class:5": "0.00",
  "class:6": "0.00",
  "class:7": "1.00",
  "class:8": "0.00",
  "class:9": "0.00"
}
{
  "class:0": "0.00",
  "class:1": "0.00",
  "class:2": "0.00",
  "class:3": "0.00",
  "class:4": "0.17",
  "class:5": "0.00",
  "class:6": "0.00",
  "class:7": "0.00",
  "class:8": "0.03",
  "class:9": "0.79"
}
{
  "class:0": "0.00",
  "class:1": "1.00",
  "class:2": "0.00",
  "class:3": "0.00",
  "class:4": "0.00",
  "class:5": "0.00",
  "class:6": "0.00",
  "class:7": "0.00",
  "class:8": "0.00",
  "class:9": "0.00"
}
{
  "class:0": "0.00",
  "class:1": "0.00",
  "class:2": "0.00",
  "class:3": "0.00",
  "class:4": "0.96",
  "class:5": "0.00",
  "class:6": "0.00",
  "class:7": "0.00",
  "class:8": "0.00",
  "class:9": "0.04"
}
{
  "class:0": "0.99",
  "class:1": "0.00",
  "class:2": "0.00",
  "class:3": "0.00",
  "class:4": "0.00",
  "class:5": "0.00",
  "class:6": "0.00",
  "class:7": "0.00",
  "class:8": "0.00",
  "class:9": "0.00"
}
{
  "class:0": "0.00",
  "class:1": "0.00",
  "class:2": "0.97",
  "class:3": "0.00",
  "class:4": "0.00",
  "class:5": "0.03",
  "class:6": "0.00",
  "class:7": "0.00",
  "class:8": "0.00",
  "class:9": "0.00"
}
{
  "class:0": "0.00",
  "class:1": "0.03",
  "class:2": "0.00",
  "class:3": "0.00",
  "class:4": "0.07",
  "class:5": "0.07",
  "class:6": "0.00",
  "class:7": "0.50",
  "class:8": "0.00",
  "class:9": "0.33"
}
{
  "class:0": "0.00",
  "class:1": "0.00",
  "class:2": "0.80",
  "class:3": "0.10",
  "class:4": "0.00",
  "class:5": "0.03",
  "class:6": "0.03",
  "class:7": "0.03",
  "class:8": "0.00",
  "class:9": "0.00"
}
{
  "class:0": "0.00",
  "class:1": "0.03",
  "class:2": "0.00",
  "class:3": "0.03",
  "class:4": "0.17",
  "class:5": "0.00",
  "class:6": "0.00",
  "class:7": "0.07",
  "class:8": "0.00",
  "class:9": "0.70"
}
{
  "class:0": "0.00",
  "class:1": "0.00",
  "class:2": "0.95",
  "class:3": "0.03",
  "class:4": "0.00",
  "class:5": "0.00",
  "class:6": "0.00",
  "class:7": "0.00",
  "class:8": "0.01",
  "class:9": "0.00"
}
{
  "class:0": "0.00",
  "class:1": "0.00",
  "class:2": "0.00",
  "class:3": "0.00",
  "class:4": "0.00",
  "class:5": "0.00",
  "class:6": "0.00",
  "class:7": "0.07",
  "class:8": "0.00",
  "class:9": "0.93"
}
{
  "class:0": "0.00",
  "class:1": "0.03",
  "class:2": "0.00",
  "class:3": "0.00",
  "class:4": "0.07",
  "class:5": "0.03",
  "class:6": "0.00",
  "class:7": "0.00",
  "class:8": "0.83",
  "class:9": "0.03"
}
{
  "class:0": "0.00",
  "class:1": "0.00",
  "class:2": "0.00",
  "class:3": "0.00",
  "class:4": "0.00",
  "class:5": "0.00",
  "class:6": "0.03",
  "class:7": "0.97",
  "class:8": "0.00",
  "class:9": "0.00"
}
{
  "class:0": "1.00",
  "class:1": "0.00",
  "class:2": "0.00",
  "class:3": "0.00",
  "class:4": "0.00",
  "class:5": "0.00",
  "class:6": "0.00",
  "class:7": "0.00",
  "class:8": "0.00",
  "class:9": "0.00"
}
{
  "class:0": "0.00",
  "class:1": "0.00",
  "class:2": "0.00",
  "class:3": "0.73",
  "class:4": "0.00",
  "class:5": "0.23",
  "class:6": "0.00",
  "class:7": "0.00",
  "class:8": "0.03",
  "class:9": "0.00"
}
{
  "class:0": "1.00",
  "class:1": "0.00",
  "class:2": "0.00",
  "class:3": "0.00",
  "class:4": "0.00",
  "class:5": "0.00",
  "class:6": "0.00",
  "class:7": "0.00",
  "class:8": "0.00",
  "class:9": "0.00"
}
{
  "class:0": "0.03",
  "class:1": "0.00",
  "class:2": "0.00",
  "class:3": "0.00",
  "class:4": "0.00",
  "class:5": "0.03",
  "class:6": "0.00",
  "class:7": "0.00",
  "class:8": "0.90",
  "class:9": "0.03"
}
{
  "class:0": "0.00",
  "class:1": "0.00",
  "class:2": "0.07",
  "class:3": "0.00",
  "class:4": "0.00",
  "class:5": "0.83",
  "class:6": "0.03",
  "class:7": "0.00",
  "class:8": "0.07",
  "class:9": "0.00"
}
{
  "class:0": "0.00",
  "class:1": "0.98",
  "class:2": "0.01",
  "class:3": "0.01",
  "class:4": "0.00",
  "class:5": "0.00",
  "class:6": "0.00",
  "class:7": "0.00",
  "class:8": "0.01",
  "class:9": "0.00"
}
{
  "class:0": "0.00",
  "class:1": "0.00",
  "class:2": "0.00",
  "class:3": "0.00",
  "class:4": "0.00",
  "class:5": "0.03",
  "class:6": "0.00",
  "class:7": "0.00",
  "class:8": "0.97",
  "class:9": "0.00"
}
{
  "class:0": "0.00",
  "class:1": "1.00",
  "class:2": "0.00",
  "class:3": "0.00",
  "class:4": "0.00",
  "class:5": "0.00",
  "class:6": "0.00",
  "class:7": "0.00",
  "class:8": "0.00",
  "class:9": "0.00"
}
{
  "class:0": "0.00",
  "class:1": "1.00",
  "class:2": "0.00",
  "class:3": "0.00",
  "class:4": "0.00",
  "class:5": "0.00",
  "class:6": "0.00",
  "class:7": "0.00",
  "class:8": "0.00",
  "class:9": "0.00"
}
{
  "class:0": "0.00",
  "class:1": "1.00",
  "class:2": "0.00",
  "class:3": "0.00",
  "class:4": "0.00",
  "class:5": "0.00",
  "class:6": "0.00",
  "class:7": "0.00",
  "class:8": "0.00",
  "class:9": "0.00"
}
{
  "class:0": "0.00",
  "class:1": "0.00",
  "class:2": "0.01",
  "class:3": "0.00",
  "class:4": "0.00",
  "class:5": "0.00",
  "class:6": "0.00",
  "class:7": "0.78",
  "class:8": "0.02",
  "class:9": "0.18"
}
{
  "class:0": "0.00",
  "class:1": "0.00",
  "class:2": "0.00",
  "class:3": "0.00",
  "class:4": "0.80",
  "class:5": "0.03",
  "class:6": "0.00",
  "class:7": "0.00",
  "class:8": "0.10",
  "class:9": "0.07"
}
{
  "class:0": "0.00",
  "class:1": "0.03",
  "class:2": "0.47",
  "class:3": "0.07",
  "class:4": "0.03",
  "class:5": "0.10",
  "class:6": "0.03",
  "class:7": "0.10",
  "class:8": "0.13",
  "class:9": "0.03"
}
{
  "class:0": "0.00",
  "class:1": "0.00",
  "class:2": "0.00",
  "class:3": "0.00",
  "class:4": "0.97",
  "class:5": "0.00",
  "class:6": "0.00",
  "class:7": "0.03",
  "class:8": "0.00",
  "class:9": "0.00"
}
{
  "class:0": "0.00",
  "class:1": "0.00",
  "class:2": "0.00",
  "class:3": "0.03",
  "class:4": "0.07",
  "class:5": "0.00",
  "class:6": "0.00",
  "class:7": "0.03",
  "class:8": "0.00",
  "class:9": "0.87"
}
{
  "class:0": "0.00",
  "class:1": "0.00",
  "class:2": "0.07",
  "class:3": "0.00",
  "class:4": "0.00",
  "class:5": "0.00",
  "class:6": "0.93",
  "class:7": "0.00",
  "class:8": "0.00",
  "class:9": "0.00"
}
{
  "class:0": "0.00",
  "class:1": "0.00",
  "class:2": "0.80",
  "class:3": "0.03",
  "class:4": "0.03",
  "class:5": "0.00",
  "class:6": "0.07",
  "class:7": "0.03",
  "class:8": "0.03",
  "class:9": "0.00"
}
{
  "class:0": "0.00",
  "class:1": "0.00",
  "class:2": "0.00",
  "class:3": "0.03",
  "class:4": "0.13",
  "class:5": "0.03",
  "class:6": "0.00",
  "class:7": "0.10",
  "class:8": "0.00",
  "class:9": "0.70"
}
{
  "class:0": "0.00",
  "class:1": "0.00",
  "class:2": "0.00",
  "class:3": "0.00",
  "class:4": "0.00",
  "class:5": "0.00",
  "class:6": "1.00",
  "class:7": "0.00",
  "class:8": "0.00",
  "class:9": "0.00"
}
{
  "class:0": "0.07",
  "class:1": "0.00",
  "class:2": "0.10",
  "class:3": "0.00",
  "class:4": "0.10",
  "class:5": "0.00",
  "class:6": "0.67",
  "class:7": "0.00",
  "class:8": "0.03",
  "class:9": "0.03"
}
{
  "class:0": "0.00",
  "class:1": "0.03",
  "class:2": "0.00",
  "class:3": "0.73",
  "class:4": "0.00",
  "class:5": "0.10",
  "class:6": "0.00",
  "class:7": "0.03",
  "class:8": "0.07",
  "class:9": "0.03"
}
{
  "class:0": "1.00",
  "class:1": "0.00",
  "class:2": "0.00",
  "class:3": "0.00",
  "class:4": "0.00",
  "class:5": "0.00",
  "class:6": "0.00",
  "class:7": "0.00",
  "class:8": "0.00",
  "class:9": "0.00"
}
{
  "class:0": "0.00",
  "class:1": "0.93",
  "class:2": "0.00",
  "class:3": "0.01",
  "class:4": "0.00",
  "class:5": "0.02",
  "class:6": "0.00",
  "class:7": "0.00",
  "class:8": "0.03",
  "class:9": "0.00"
}
{
  "class:0": "0.00",
  "class:1": "0.00",
  "class:2": "0.00",
  "class:3": "0.00",
  "class:4": "0.00",
  "class:5": "0.00",
  "class:6": "0.00",
  "class:7": "1.00",
  "class:8": "0.00",
  "class:9": "0.00"
}
{
  "class:0": "0.13",
  "class:1": "0.00",
  "class:2": "0.00",
  "class:3": "0.07",
  "class:4": "0.00",
  "class:5": "0.77",
  "class:6": "0.00",
  "class:7": "0.00",
  "class:8": "0.03",
  "class:9": "0.00"
}
{
  "class:0": "0.03",
  "class:1": "0.00",
  "class:2": "0.00",
  "class:3": "0.83",
  "class:4": "0.00",
  "class:5": "0.07",
  "class:6": "0.00",
  "class:7": "0.00",
  "class:8": "0.07",
  "class:9": "0.00"
}
{
  "class:0": "0.00",
  "class:1": "0.98",
  "class:2": "0.01",
  "class:3": "0.01",
  "class:4": "0.00",
  "class:5": "0.00",
  "class:6": "0.00",
  "class:7": "0.00",
  "class:8": "0.01",
  "class:9": "0.00"
}
{
  "class:0": "0.00",
  "class:1": "0.00",
  "class:2": "0.00",
  "class:3": "0.00",
  "class:4": "0.07",
  "class:5": "0.00",
  "class:6": "0.00",
  "class:7": "0.00",
  "class:8": "0.00",
  "class:9": "0.93"
}
{
  "class:0": "0.00",
  "class:1": "0.00",
  "class:2": "0.00",
  "class:3": "0.00",
  "class:4": "0.00",
  "class:5": "0.00",
  "class:6": "1.00",
  "class:7": "0.00",
  "class:8": "0.00",
  "class:9": "0.00"
}
{
  "class:0": "0.00",
  "class:1": "0.00",
  "class:2": "0.00",
  "class:3": "0.00",
  "class:4": "0.00",
  "class:5": "0.00",
  "class:6": "0.97",
  "class:7": "0.00",
  "class:8": "0.03",
  "class:9": "0.00"
}
{
  "class:0": "0.00",
  "class:1": "0.00",
  "class:2": "0.00",
  "class:3": "0.00",
  "class:4": "0.00",
  "class:5": "0.02",
  "class:6": "0.97",
  "class:7": "0.00",
  "class:8": "0.00",
  "class:9": "0.00"
}
{
  "class:0": "0.00",
  "class:1": "1.00",
  "class:2": "0.00",
  "class:3": "0.00",
  "class:4": "0.00",
  "class:5": "0.00",
  "class:6": "0.00",
  "class:7": "0.00",
  "class:8": "0.00",
  "class:9": "0.00"
}
{
  "class:0": "1.00",
  "class:1": "0.00",
  "class:2": "0.00",
  "class:3": "0.00",
  "class:4": "0.00",
  "class:5": "0.00",
  "class:6": "0.00",
  "class:7": "0.00",
  "class:8": "0.00",
  "class:9": "0.00"
}
{
  "class:0": "0.00",
  "class:1": "0.00",
  "class:2": "0.03",
  "class:3": "0.00",
  "class:4": "0.00",
  "class:5": "0.00",
  "class:6": "0.00",
  "class:7": "0.97",
  "class:8": "0.00",
  "class:9": "0.00"
}
{
  "class:0": "0.00",
  "class:1": "0.00",
  "class:2": "0.00",
  "class:3": "0.00",
  "class:4": "0.87",
  "class:5": "0.07",
  "class:6": "0.00",
  "class:7": "0.00",
  "class:8": "0.03",
  "class:9": "0.03"
}
{
  "class:0": "0.00",
  "class:1": "0.00",
  "class:2": "0.00",
  "class:3": "0.03",
  "class:4": "0.93",
  "class:5": "0.00",
  "class:6": "0.00",
  "class:7": "0.00",
  "class:8": "0.00",
  "class:9": "0.03"
}
{
  "class:0": "0.00",
  "class:1": "0.00",
  "class:2": "0.00",
  "class:3": "0.00",
  "class:4": "0.00",
  "class:5": "0.00",
  "class:6": "0.00",
  "class:7": "0.00",
  "class:8": "1.00",
  "class:9": "0.00"
}
{
  "class:0": "0.07",
  "class:1": "0.03",
  "class:2": "0.30",
  "class:3": "0.00",
  "class:4": "0.10",
  "class:5": "0.03",
  "class:6": "0.17",
  "class:7": "0.27",
  "class:8": "0.00",
  "class:9": "0.03"
}
{
  "class:0": "0.00",
  "class:1": "0.00",
  "class:2": "0.01",
  "class:3": "0.00",
  "class:4": "0.00",
  "class:5": "0.01",
  "class:6": "0.97",
  "class:7": "0.00",
  "class:8": "0.01",
  "class:9": "0.00"
}
{
  "class:0": "0.00",
  "class:1": "0.00",
  "class:2": "0.00",
  "class:3": "0.00",
  "class:4": "0.00",
  "class:5": "0.00",
  "class:6": "1.00",
  "class:7": "0.00",
  "class:8": "0.00",
  "class:9": "0.00"
}
[0;31m---------------------------------------------------------------------------[0m
[0;31mZeroDivisionError[0m                         Traceback (most recent call last)
[0;32m/workspace/source/examples/istio/canary_update/canary.py[0m in [0;36m<module>[0;34m[0m
[1;32m    259[0m [0;34m[0m[0m
[1;32m    260[0m [0;34m[0m[0m
[0;32m--> 261[0;31m [0mpercentage_to_canary[0m [0;34m=[0m [0mfloat[0m[0;34m([0m[0mcanary_count[0m[0;34m[[0m[0;36m0[0m[0;34m][0m[0;34m)[0m[0;34m/[0m[0mfloat[0m[0;34m([0m[0mdefault_count[0m[0;34m[[0m[0;36m0[0m[0;34m][0m[0;34m)[0m[0;34m[0m[0;34m[0m[0m
[0m[1;32m    262[0m [0mprint[0m[0;34m([0m[0mpercentage_to_canary[0m[0;34m)[0m[0;34m[0m[0;34m[0m[0m
[1;32m    263[0m [0;32massert[0m[0;34m([0m[0mpercentage_to_canary[0m [0;34m>[0m [0;36m0.1[0m [0;32mand[0m [0mpercentage_to_canary[0m [0;34m<[0m [0;36m0.5[0m[0;34m)[0m[0;34m[0m[0;34m[0m[0m

[0;31mZeroDivisionError[0m: float division by zero
, stderr:Error from server (AlreadyExists): namespaces "seldon" already exists
/usr/local/lib/python3.6/site-packages/IPython/core/history.py:226: UserWarning: IPython History requires SQLite, your history will not be saved
  warn("IPython History requires SQLite, your history will not be saved")
===Flaky Test Report===

test_helm_examples passed 1 out of the required 1 times. Success!
test_explainer_examples failed (1 runs remaining out of 2).
	<class 'subprocess.CalledProcessError'>
	Command 'cd ../../notebooks && ./explainer_examples.py' returned non-zero exit status 1.
	[<TracebackEntry /workspace/source/testing/scripts/test_notebooks.py:42>, <TracebackEntry /workspace/source/testing/scripts/test_notebooks.py:27>, <TracebackEntry /workspace/source/testing/scripts/test_notebooks.py:20>, <TracebackEntry /usr/local/lib/python3.6/subprocess.py:438>]
test_explainer_examples failed; it passed 0 out of the required 1 times.
	<class 'subprocess.CalledProcessError'>
	Command 'cd ../../notebooks && ./explainer_examples.py' returned non-zero exit status 1.
	[<TracebackEntry /workspace/source/testing/scripts/test_notebooks.py:42>, <TracebackEntry /workspace/source/testing/scripts/test_notebooks.py:27>, <TracebackEntry /workspace/source/testing/scripts/test_notebooks.py:20>, <TracebackEntry /usr/local/lib/python3.6/subprocess.py:438>]
test_istio_examples passed 1 out of the required 1 times. Success!
test_max_grpc_msg_size passed 1 out of the required 1 times. Success!
test_multiple_operators passed 1 out of the required 1 times. Success!
test_protocol_examples passed 1 out of the required 1 times. Success!
test_server_examples passed 1 out of the required 1 times. Success!
test_rolling_updates passed 1 out of the required 1 times. Success!
test_ambassador_canary passed 1 out of the required 1 times. Success!
test_ambassador_headers passed 1 out of the required 1 times. Success!
test_ambassador_shadow passed 1 out of the required 1 times. Success!
test_ambassador_custom passed 1 out of the required 1 times. Success!
test_istio_canary failed (1 runs remaining out of 2).
	<class 'subprocess.CalledProcessError'>
	Command 'cd ../../examples/istio/canary_update && ./canary.py' returned non-zero exit status 1.
	[<TracebackEntry /workspace/source/testing/scripts/test_notebooks.py:83>, <TracebackEntry /workspace/source/testing/scripts/test_notebooks.py:27>, <TracebackEntry /workspace/source/testing/scripts/test_notebooks.py:20>, <TracebackEntry /usr/local/lib/python3.6/subprocess.py:438>]
test_istio_canary failed; it passed 0 out of the required 1 times.
	<class 'subprocess.CalledProcessError'>
	Command 'cd ../../examples/istio/canary_update && ./canary.py' returned non-zero exit status 1.
	[<TracebackEntry /workspace/source/testing/scripts/test_notebooks.py:83>, <TracebackEntry /workspace/source/testing/scripts/test_notebooks.py:27>, <TracebackEntry /workspace/source/testing/scripts/test_notebooks.py:20>, <TracebackEntry /usr/local/lib/python3.6/subprocess.py:438>]
test_tracing passed 1 out of the required 1 times. Success!
test_metrics passed 1 out of the required 1 times. Success!
test_metadata passed 1 out of the required 1 times. Success!
test_graph_metadata passed 1 out of the required 1 times. Success!
test_grpc_metadata passed 1 out of the required 1 times. Success!
test_payload_logging passed 1 out of the required 1 times. Success!
test_custom_metrics failed (1 runs remaining out of 2).
	<class 'subprocess.CalledProcessError'>
	Command 'cd ../../examples/models/custom_metrics && ./customMetrics.py' returned non-zero exit status 1.
	[<TracebackEntry /workspace/source/testing/scripts/test_notebooks.py:128>, <TracebackEntry /workspace/source/testing/scripts/test_notebooks.py:120>, <TracebackEntry /workspace/source/testing/scripts/test_notebooks.py:27>, <TracebackEntry /workspace/source/testing/scripts/test_notebooks.py:20>, <TracebackEntry /usr/local/lib/python3.6/subprocess.py:438>]
test_custom_metrics passed 1 out of the required 1 times. Success!
test_autoscaling passed 1 out of the required 1 times. Success!
test_scaling passed 1 out of the required 1 times. Success!
test_jsondata passed 1 out of the required 1 times. Success!
test_sklearn_iris passed 1 out of the required 1 times. Success!
test_upgrade passed 1 out of the required 1 times. Success!

===End Flaky Test Report===
================== 2 failed, 23 passed in 6411.68s (1:46:51) ===================
make: *** [Makefile:147: test_notebooks] Error 1
Test returned errors
kind delete cluster
Deleting cluster "kind" ...
Stopping Docker: dockerProgram process in pidfile '/var/run/docker-ssd.pid', 1 process(es), refused to die.
[31m
Pipeline failed on stage 'end-to-end' : container 'step-test-end-to-end'. The execution of the pipeline has stopped.[0m
