
Showing logs for build [32mseldonio-seldon-core-pr-2131-no-zxcsr-13[0m stage [32mpr-build-comment[0m and container [32mstep-credential-initializer-rw4bm[0m
{"level":"info","ts":1595342728.5285883,"logger":"fallback-logger","caller":"logging/config.go:69","msg":"Fetch GitHub commit ID from kodata failed: open /var/run/ko/refs/heads/0.8.0-ns-support: no such file or directory"}
{"level":"info","ts":1595342728.5289612,"logger":"fallback-logger","caller":"creds-init/main.go:40","msg":"Credentials initialized."}

Showing logs for build [32mseldonio-seldon-core-pr-2131-no-zxcsr-13[0m stage [32mpr-build-comment[0m and container [32mstep-working-dir-initializer-r8ggt[0m
{"level":"info","ts":1595342729.8037899,"logger":"fallback-logger","caller":"logging/config.go:69","msg":"Fetch GitHub commit ID from kodata failed: open /var/run/ko/HEAD: no such file or directory"}
{"level":"info","ts":1595342729.8055897,"logger":"fallback-logger","caller":"bash/main.go:64","msg":"Successfully executed command \"sh -c mkdir -p /workspace/source\"; output "}

Showing logs for build [32mseldonio-seldon-core-pr-2131-no-zxcsr-13[0m stage [32mpr-build-comment[0m and container [32mstep-place-tools[0m

Showing logs for build [32mseldonio-seldon-core-pr-2131-no-zxcsr-13[0m stage [32mpr-build-comment[0m and container [32mstep-create-dir-workspace-f4wsw[0m
{"level":"info","ts":1595342735.6743994,"logger":"fallback-logger","caller":"logging/config.go:69","msg":"Fetch GitHub commit ID from kodata failed: open /var/run/ko/HEAD: no such file or directory"}
{"level":"info","ts":1595342735.6765528,"logger":"fallback-logger","caller":"bash/main.go:64","msg":"Successfully executed command \"sh -c mkdir -p source\"; output "}

Showing logs for build [32mseldonio-seldon-core-pr-2131-no-zxcsr-13[0m stage [32mpr-build-comment[0m and container [32mstep-git-source-seldonio-seldon-core-pr-2131-no-zxcsr-w68wl[0m
{"level":"info","ts":1595342735.9573286,"logger":"fallback-logger","caller":"logging/config.go:69","msg":"Fetch GitHub commit ID from kodata failed: open /var/run/ko/refs/heads/0.8.0-ns-support: no such file or directory"}
{"level":"info","ts":1595342742.0377374,"logger":"fallback-logger","caller":"git/git.go:103","msg":"Successfully cloned https://github.com/SeldonIO/seldon-core.git @ master in path /workspace/source"}

Showing logs for build [32mseldonio-seldon-core-pr-2131-no-zxcsr-13[0m stage [32mpr-build-comment[0m and container [32mstep-setup-builder-home[0m

Showing logs for build [32mseldonio-seldon-core-pr-2131-no-zxcsr-13[0m stage [32mpr-build-comment[0m and container [32mstep-git-merge[0m
Using SHAs from PULL_REFS=master:405c8d09fe0ee2e1e8c40c5ba0de60efefa0cb28,2131:def3eb4c5c4b13516e80845aeb030630efdc7e81
DEBUG: LC_ALL=C JX_LOG_LEVEL=error git fetch origin --unshallow def3eb4c5c4b13516e80845aeb030630efdc7e81: 405c8d09fe0ee2e1e8c40c5ba0de60efefa0cb28:
DEBUG: ran git fetch --unshallow origin def3eb4c5c4b13516e80845aeb030630efdc7e81: 405c8d09fe0ee2e1e8c40c5ba0de60efefa0cb28: in 
DEBUG: LC_ALL=C JX_LOG_LEVEL=error git branch
DEBUG: LC_ALL=C JX_LOG_LEVEL=error git checkout master
DEBUG: ran git checkout master in 
DEBUG: LC_ALL=C JX_LOG_LEVEL=error git reset --hard 405c8d09fe0ee2e1e8c40c5ba0de60efefa0cb28
DEBUG: ran git reset --hard 405c8d09fe0ee2e1e8c40c5ba0de60efefa0cb28 in 
DEBUG: LC_ALL=C JX_LOG_LEVEL=error git clean -fd .
DEBUG: ran clean --force -d . in 
DEBUG: LC_ALL=C JX_LOG_LEVEL=error git merge def3eb4c5c4b13516e80845aeb030630efdc7e81
DEBUG: ran git merge def3eb4c5c4b13516e80845aeb030630efdc7e81 in 
DEBUG: LC_ALL=C JX_LOG_LEVEL=error git log --format=%H%x1f%an%x1f%ae%x1f%cn%x1f%ce%x1f%s%n%b%x1e 405c8d09fe0ee2e1e8c40c5ba0de60efefa0cb28..HEAD
Merged SHA 9d054faf6648c6fbf3be3959b6ddc669fd29b4b2 with commit message 'Merge commit 'def3eb4c5c4b13516e80845aeb030630efdc7e81'' into base branch master
Merged SHA def3eb4c5c4b13516e80845aeb030630efdc7e81 with commit message 'feat(service): Update service port names for istio support' into base branch master

Showing logs for build [32mseldonio-seldon-core-pr-2131-no-zxcsr-13[0m stage [32mpr-build-comment[0m and container [32mstep-step2[0m
+++ dirname ./add-pr-build-comment
++ cd .
++ pwd
+ STARTUP_DIR=/workspace/source/ci
+ REPO_OWNER=SeldonIO
+ REPO_NAME=seldon-core
+ PULL_NUMBER=2131
+ BUILD_NUMBER=13
+ PIPELINE_CONTEXT=notebooks
++ cat
+++ date
+ COMMENT_MSG='Tue Jul 21 14:45:53 UTC 2020
The logs for [notebooks] [13] will show after the pipeline context has finished.  
https://github.com/SeldonIO/seldon-core/blob/gh-pages/jenkins-x/logs/SeldonIO/seldon-core/PR-2131/13.log

impatient try  
** get build logs SeldonIO/seldon-core/PR-2131 --build=13'
+ ** step pr comment --owner=SeldonIO --repository=seldon-core --pull-request=2131 '--comment=Tue Jul 21 14:45:53 UTC 2020
The logs for [notebooks] [13] will show after the pipeline context has finished.  
https://github.com/SeldonIO/seldon-core/blob/gh-pages/jenkins-x/logs/SeldonIO/seldon-core/PR-2131/13.log

impatient try  
** get build logs SeldonIO/seldon-core/PR-2131 --build=13'

Showing logs for build [32mseldonio-seldon-core-pr-2131-no-zxcsr-13[0m stage [32mpr-build-comment[0m and container [32mstep-source-mkdir-seldonio-seldon-core-pr-2131-no-zxcsr-cdvrx[0m
{"level":"info","ts":1595342757.0994744,"logger":"fallback-logger","caller":"logging/config.go:69","msg":"Fetch GitHub commit ID from kodata failed: open /var/run/ko/HEAD: no such file or directory"}
{"level":"info","ts":1595342757.1036096,"logger":"fallback-logger","caller":"bash/main.go:64","msg":"Successfully executed command \"sh -c mkdir -p /pvc/pr-build-comment/workspace\"; output "}

Showing logs for build [32mseldonio-seldon-core-pr-2131-no-zxcsr-13[0m stage [32mpr-build-comment[0m and container [32mstep-source-copy-seldonio-seldon-core-pr-2131-no-zxcsr-s4dr9[0m
{"level":"info","ts":1595342757.41177,"logger":"fallback-logger","caller":"logging/config.go:69","msg":"Fetch GitHub commit ID from kodata failed: open /var/run/ko/HEAD: no such file or directory"}
{"level":"info","ts":1595342757.790901,"logger":"fallback-logger","caller":"bash/main.go:64","msg":"Successfully executed command \"sh -c cp -r source/. /pvc/pr-build-comment/workspace\"; output "}

Showing logs for build [32mseldonio-seldon-core-pr-2131-no-zxcsr-13[0m stage [32mend-to-end[0m and container [32mstep-credential-initializer-qf584[0m
{"level":"info","ts":1595342782.8601353,"logger":"fallback-logger","caller":"logging/config.go:69","msg":"Fetch GitHub commit ID from kodata failed: open /var/run/ko/refs/heads/0.8.0-ns-support: no such file or directory"}
{"level":"info","ts":1595342782.8606675,"logger":"fallback-logger","caller":"creds-init/main.go:40","msg":"Credentials initialized."}

Showing logs for build [32mseldonio-seldon-core-pr-2131-no-zxcsr-13[0m stage [32mend-to-end[0m and container [32mstep-working-dir-initializer-mczd8[0m
{"level":"info","ts":1595342784.2332263,"logger":"fallback-logger","caller":"logging/config.go:69","msg":"Fetch GitHub commit ID from kodata failed: open /var/run/ko/HEAD: no such file or directory"}
{"level":"info","ts":1595342784.2350686,"logger":"fallback-logger","caller":"bash/main.go:64","msg":"Successfully executed command \"sh -c mkdir -p /workspace/source\"; output "}

Showing logs for build [32mseldonio-seldon-core-pr-2131-no-zxcsr-13[0m stage [32mend-to-end[0m and container [32mstep-place-tools[0m

Showing logs for build [32mseldonio-seldon-core-pr-2131-no-zxcsr-13[0m stage [32mend-to-end[0m and container [32mstep-create-dir-workspace-czwg8[0m
{"level":"info","ts":1595342791.3868513,"logger":"fallback-logger","caller":"logging/config.go:69","msg":"Fetch GitHub commit ID from kodata failed: open /var/run/ko/HEAD: no such file or directory"}
{"level":"info","ts":1595342791.3881452,"logger":"fallback-logger","caller":"bash/main.go:64","msg":"Successfully executed command \"sh -c mkdir -p /workspace/source\"; output "}

Showing logs for build [32mseldonio-seldon-core-pr-2131-no-zxcsr-13[0m stage [32mend-to-end[0m and container [32mstep-source-copy-workspace-rhpmb[0m
{"level":"info","ts":1595342791.667166,"logger":"fallback-logger","caller":"logging/config.go:69","msg":"Fetch GitHub commit ID from kodata failed: open /var/run/ko/HEAD: no such file or directory"}
{"level":"info","ts":1595342794.639437,"logger":"fallback-logger","caller":"bash/main.go:64","msg":"Successfully executed command \"sh -c cp -r /pvc/pr-build-comment/workspace/. /workspace/source\"; output "}

Showing logs for build [32mseldonio-seldon-core-pr-2131-no-zxcsr-13[0m stage [32mend-to-end[0m and container [32mstep-setup-builder-home[0m

Showing logs for build [32mseldonio-seldon-core-pr-2131-no-zxcsr-13[0m stage [32mend-to-end[0m and container [32mstep-test-end-to-end[0m
Test run type is: [notebooks]
Starting Docker: docker.
[SETUP] Waiting for Docker to be ready, sleeping for 1 seconds ...
kind create cluster --config ../resources/kind_config.yaml
Creating cluster "kind" ...
 â€¢ Ensuring node image (kindest/node:v1.16.3) ðŸ–¼  ...
 âœ“ Ensuring node image (kindest/node:v1.16.3) ðŸ–¼
 â€¢ Preparing nodes ðŸ“¦  ...
 âœ“ Preparing nodes ðŸ“¦
 â€¢ Writing configuration ðŸ“œ  ...
 âœ“ Writing configuration ðŸ“œ
 â€¢ Starting control-plane ðŸ•¹ï¸  ...
 âœ“ Starting control-plane ðŸ•¹ï¸
 â€¢ Installing CNI ðŸ”Œ  ...
 âœ“ Installing CNI ðŸ”Œ
 â€¢ Installing StorageClass ðŸ’¾  ...
 âœ“ Installing StorageClass ðŸ’¾
 â€¢ Joining worker nodes ðŸšœ  ...
 âœ“ Joining worker nodes ðŸšœ
Set kubectl context to "kind-kind"
You can now use your cluster with:

kubectl cluster-info --context kind-kind

Not sure what to do next? ðŸ˜… Check out https://kind.sigs.k8s.io/docs/user/quick-start/
`kind get kubeconfig-path` is deprecated!

KIND will export and merge kubeconfig like kops, minikube, etc.
This command is now unnecessary and will be removed in a future release.

For more info see: https://github.com/kubernetes-sigs/kind/issues/1060
See also the output of `kind create cluster`

Files changed in python folder:
SKIPPING PYTHON IMAGE BUILD...
Files changed in operator folder:
operator/controllers/seldondeployment_controller.go
cd ../../operator && make kind-image-install
make[1]: Entering directory '/workspace/source/operator'
go: creating new go.mod: module tmp
go: finding sigs.k8s.io v0.2.5
go: finding sigs.k8s.io/controller-tools/cmd v0.2.5
go: finding sigs.k8s.io/controller-tools/cmd/controller-gen v0.2.5
go: finding sigs.k8s.io/controller-tools v0.2.5
go: downloading sigs.k8s.io/controller-tools v0.2.5
go: extracting sigs.k8s.io/controller-tools v0.2.5
go: downloading github.com/spf13/cobra v0.0.5
go: downloading sigs.k8s.io/yaml v1.1.0
go: downloading k8s.io/apimachinery v0.17.0
go: downloading github.com/fatih/color v1.7.0
go: downloading golang.org/x/tools v0.0.0-20190920225731-5eefd052ad72
go: downloading gopkg.in/yaml.v3 v3.0.0-20190905181640-827449938966
go: downloading k8s.io/apiextensions-apiserver v0.17.0
go: extracting sigs.k8s.io/yaml v1.1.0
go: downloading k8s.io/api v0.17.0
go: extracting github.com/fatih/color v1.7.0
go: downloading github.com/mattn/go-isatty v0.0.8
go: extracting github.com/spf13/cobra v0.0.5
go: extracting github.com/mattn/go-isatty v0.0.8
go: extracting gopkg.in/yaml.v3 v3.0.0-20190905181640-827449938966
go: downloading github.com/mattn/go-colorable v0.1.2
go: downloading golang.org/x/sys v0.0.0-20190826190057-c7b8b68b1456
go: extracting github.com/mattn/go-colorable v0.1.2
go: extracting k8s.io/apiextensions-apiserver v0.17.0
go: extracting k8s.io/apimachinery v0.17.0
go: downloading github.com/spf13/pflag v1.0.5
go: downloading k8s.io/utils v0.0.0-20191114184206-e782cd3c129f
go: extracting github.com/spf13/pflag v1.0.5
go: extracting k8s.io/utils v0.0.0-20191114184206-e782cd3c129f
go: downloading github.com/gogo/protobuf v1.2.2-0.20190723190241-65acae22fc9d
go: downloading github.com/inconshreveable/mousetrap v1.0.0
go: downloading gopkg.in/yaml.v2 v2.2.4
go: downloading k8s.io/klog v1.0.0
go: extracting golang.org/x/sys v0.0.0-20190826190057-c7b8b68b1456
go: extracting k8s.io/klog v1.0.0
go: extracting github.com/inconshreveable/mousetrap v1.0.0
go: downloading gopkg.in/inf.v0 v0.9.1
go: downloading github.com/google/gofuzz v1.0.0
go: extracting gopkg.in/yaml.v2 v2.2.4
go: downloading github.com/gobuffalo/flect v0.2.0
go: extracting github.com/google/gofuzz v1.0.0
go: extracting gopkg.in/inf.v0 v0.9.1
go: downloading golang.org/x/net v0.0.0-20191004110552-13f9640d40b9
go: extracting github.com/gobuffalo/flect v0.2.0
go: extracting golang.org/x/tools v0.0.0-20190920225731-5eefd052ad72
go: extracting k8s.io/api v0.17.0
go: extracting golang.org/x/net v0.0.0-20191004110552-13f9640d40b9
go: downloading golang.org/x/text v0.3.2
go: extracting github.com/gogo/protobuf v1.2.2-0.20190723190241-65acae22fc9d
go: extracting golang.org/x/text v0.3.2
go: finding k8s.io/api v0.17.0
go: finding github.com/spf13/cobra v0.0.5
go: finding k8s.io/apimachinery v0.17.0
go: finding golang.org/x/tools v0.0.0-20190920225731-5eefd052ad72
go: finding gopkg.in/yaml.v3 v3.0.0-20190905181640-827449938966
go: finding github.com/fatih/color v1.7.0
go: finding k8s.io/apiextensions-apiserver v0.17.0
go: finding github.com/gobuffalo/flect v0.2.0
go: finding github.com/mattn/go-colorable v0.1.2
go: finding github.com/mattn/go-isatty v0.0.8
go: finding sigs.k8s.io/yaml v1.1.0
go: finding github.com/gogo/protobuf v1.2.2-0.20190723190241-65acae22fc9d
go: finding github.com/spf13/pflag v1.0.5
go: finding github.com/google/gofuzz v1.0.0
go: finding gopkg.in/inf.v0 v0.9.1
go: finding k8s.io/klog v1.0.0
go: finding golang.org/x/sys v0.0.0-20190826190057-c7b8b68b1456
go: finding gopkg.in/yaml.v2 v2.2.4
go: finding k8s.io/utils v0.0.0-20191114184206-e782cd3c129f
go: finding golang.org/x/net v0.0.0-20191004110552-13f9640d40b9
go: finding golang.org/x/text v0.3.2
/builder/home/go/bin/controller-gen object:headerFile=./hack/boilerplate.go.txt paths="./..."
go fmt ./...
go vet ./...
go: downloading github.com/onsi/gomega v1.10.1
go: downloading github.com/onsi/ginkgo v1.14.0
go: extracting github.com/onsi/ginkgo v1.14.0
go: extracting github.com/onsi/gomega v1.10.1
go: downloading golang.org/x/xerrors v0.0.0-20191204190536-9bdfabe68543
go: extracting golang.org/x/xerrors v0.0.0-20191204190536-9bdfabe68543
go: downloading github.com/nxadm/tail v1.4.4
go: extracting github.com/nxadm/tail v1.4.4
go: downloading gopkg.in/tomb.v1 v1.0.0-20141024135613-dd632973f1e7
go: downloading github.com/fsnotify/fsnotify v1.4.9
go: extracting gopkg.in/tomb.v1 v1.0.0-20141024135613-dd632973f1e7
go: extracting github.com/fsnotify/fsnotify v1.4.9
/builder/home/go/bin/controller-gen "crd:trivialVersions=true" rbac:roleName=manager-role webhook paths="./..." output:crd:artifacts:config=config/crd/bases
rm -rf generated
mkdir generated
kustomize build config/default/ -o generated
cp generated/apiextensions.k8s.io_v1beta1_customresourcedefinition_seldondeployments.machinelearning.seldon.io.yaml testing/machinelearning.seldon.io_seldondeployments.yaml
ginkgo -r -outputdir=. -cover -coverprofile=cover.out ./controllers ./utils ./apis
[1595342944] [1mController Suite[0m - 37/37 specs test k8s client
&{Reader:0xc000271940 Writer:0xc00057ec90 StatusClient:0xc00057ec90}
[32mâ€¢[0m[32mâ€¢[0m[32mâ€¢[0m[32mâ€¢[0m[32mâ€¢[0m[32mâ€¢[0m[32mâ€¢[0m[32mâ€¢[0m[32mâ€¢[0m[32mâ€¢[0m[32mâ€¢[0m[32mâ€¢[0m[32mâ€¢[0m[32mâ€¢[0m[32mâ€¢[0m[32mâ€¢[0m[32mâ€¢[0m[32mâ€¢[0m[32mâ€¢[0m[32mâ€¢[0m[32mâ€¢[0m[32mâ€¢[0m[32mâ€¢[0m[32mâ€¢[0m[32mâ€¢[0m[32mâ€¢[0m[32mâ€¢[0m[32mâ€¢[0m[32mâ€¢[0m[32mâ€¢[0m[32mâ€¢[0m[32mâ€¢[0m[32mâ€¢[0m[32mâ€¢[0m[32mâ€¢[0m[32mâ€¢[0m[32mâ€¢[0mE0721 14:49:50.400696   27058 reflector.go:309] pkg/mod/k8s.io/client-go@v0.17.9/tools/cache/reflector.go:105: Failed to watch *v2beta1.HorizontalPodAutoscaler: Get http://127.0.0.1:37315/apis/autoscaling/v2beta1/horizontalpodautoscalers?allowWatchBookmarks=true&resourceVersion=156&timeoutSeconds=395&watch=true: dial tcp 127.0.0.1:37315: connect: connection refused
E0721 14:49:50.400895   27058 reflector.go:309] pkg/mod/k8s.io/client-go@v0.17.9/tools/cache/reflector.go:105: Failed to watch *v1.SeldonDeployment: Get http://127.0.0.1:37315/apis/machinelearning.seldon.io/v1/seldondeployments?allowWatchBookmarks=true&resourceVersion=373&timeoutSeconds=440&watch=true: dial tcp 127.0.0.1:37315: connect: connection refused
E0721 14:49:50.400902   27058 reflector.go:309] pkg/mod/k8s.io/client-go@v0.17.9/tools/cache/reflector.go:105: Failed to watch *v1.ConfigMap: Get http://127.0.0.1:37315/api/v1/configmaps?allowWatchBookmarks=true&resourceVersion=117&timeoutSeconds=384&watch=true: dial tcp 127.0.0.1:37315: connect: connection refused
E0721 14:49:50.400936   27058 reflector.go:309] pkg/mod/k8s.io/client-go@v0.17.9/tools/cache/reflector.go:105: Failed to watch *v1.Service: Get http://127.0.0.1:37315/api/v1/services?allowWatchBookmarks=true&resourceVersion=364&timeoutSeconds=387&watch=true: dial tcp 127.0.0.1:37315: connect: connection refused
E0721 14:49:50.400946   27058 reflector.go:309] pkg/mod/k8s.io/client-go@v0.17.9/tools/cache/reflector.go:105: Failed to watch *v1.Namespace: Get http://127.0.0.1:37315/api/v1/namespaces?allowWatchBookmarks=true&resourceVersion=355&timeoutSeconds=365&watch=true: dial tcp 127.0.0.1:37315: connect: connection refused
E0721 14:49:50.400968   27058 reflector.go:309] pkg/mod/k8s.io/client-go@v0.17.9/tools/cache/reflector.go:105: Failed to watch *v1.Deployment: Get http://127.0.0.1:37315/apis/apps/v1/deployments?allowWatchBookmarks=true&resourceVersion=368&timeoutSeconds=360&watch=true: dial tcp 127.0.0.1:37315: connect: connection refused
E0721 14:49:50.400989   27058 reflector.go:309] pkg/mod/k8s.io/client-go@v0.17.9/tools/cache/reflector.go:105: Failed to watch *v1alpha3.VirtualService: Get http://127.0.0.1:37315/apis/networking.istio.io/v1alpha3/virtualservices?allowWatchBookmarks=true&resourceVersion=118&timeoutSeconds=503&watch=true: dial tcp 127.0.0.1:37315: connect: connection refused

 [32mSUCCESS![0m 24.942203861s PASS
coverage: 65.3% of statements
=== RUN   TestGcsSecret
--- PASS: TestGcsSecret (0.00s)
PASS
coverage: 100.0% of statements
=== RUN   TestS3Secret
--- PASS: TestS3Secret (0.00s)
PASS
coverage: 94.6% of statements
=== RUN   TestGetEnvAsBool
--- PASS: TestGetEnvAsBool (0.00s)
PASS
coverage: 10.9% of statements
=== RUN   TestGenerateCerts
--- PASS: TestGenerateCerts (0.64s)
=== RUN   TestConfigmapCreate
--- PASS: TestConfigmapCreate (0.00s)
=== RUN   TestCRDCreate
--- PASS: TestCRDCreate (0.05s)
=== RUN   TestMutatingWebhookCreate
--- PASS: TestMutatingWebhookCreate (1.30s)
=== RUN   TestMutatingWebhookCreateNamespaced
--- PASS: TestMutatingWebhookCreateNamespaced (2.11s)
=== RUN   TestValidatingWebhookCreate
--- PASS: TestValidatingWebhookCreate (3.86s)
=== RUN   TestValidatingWebhookCreateNamespaced
--- PASS: TestValidatingWebhookCreateNamespaced (2.18s)
=== RUN   TestWebHookSvcCreate
--- PASS: TestWebHookSvcCreate (4.15s)
PASS
coverage: 52.1% of statements
=== RUN   TestImageSetNormal
--- PASS: TestImageSetNormal (0.00s)
    prepack_test.go:50: Scenario: GRPC image with version
    prepack_test.go:50: Scenario: GRPC image with no version
    prepack_test.go:50: Scenario: REST image with version
    prepack_test.go:50: Scenario: REST image with no version
=== RUN   TestGetPredictorConfig
--- PASS: TestGetPredictorConfig (0.00s)
    prepack_test.go:81: Scenario: related image sklearn
    prepack_test.go:81: Scenario: default image sklearn
=== RUN   TestGetDeploymentNameOneModel
--- PASS: TestGetDeploymentNameOneModel (0.00s)
=== RUN   TestGetDeploymentNameLong
--- PASS: TestGetDeploymentNameLong (0.00s)
=== RUN   TestValidateBadProtocol
--- PASS: TestValidateBadProtocol (0.00s)
=== RUN   TestValidateBadTransport
--- PASS: TestValidateBadTransport (0.00s)
=== RUN   TestValidateMixedTransport
--- PASS: TestValidateMixedTransport (0.00s)
=== RUN   TestValidateMixedMultipleTransport
--- PASS: TestValidateMixedMultipleTransport (0.00s)
=== RUN   TestDefaultSingleContainer
--- PASS: TestDefaultSingleContainer (0.00s)
=== RUN   TestMetricsPortAddedTwoContainers
--- PASS: TestMetricsPortAddedTwoContainers (0.00s)
=== RUN   TestMetricsPortAddedTwoComponentSpecsTwoContainers
--- PASS: TestMetricsPortAddedTwoComponentSpecsTwoContainers (0.00s)
=== RUN   TestOverrideMetricsPortName
Failed to find config map seldon-config
no kind is registered for the type v1.ConfigMap in scheme "pkg/runtime/scheme.go:101"
--- PASS: TestOverrideMetricsPortName (0.00s)
=== RUN   TestPortUseExisting
--- PASS: TestPortUseExisting (0.00s)
=== RUN   TestMetricsPortAddedToPrepacked
--- PASS: TestMetricsPortAddedToPrepacked (0.00s)
=== RUN   TestPredictorProtocolGrpc
--- PASS: TestPredictorProtocolGrpc (0.00s)
=== RUN   TestPrepackedWithExistingContainer
--- PASS: TestPrepackedWithExistingContainer (0.00s)
=== RUN   TestPrepackedWithCustom
--- PASS: TestPrepackedWithCustom (0.00s)
=== RUN   TestPrepackedWithExistingContainerAndImage
--- PASS: TestPrepackedWithExistingContainerAndImage (0.00s)
=== RUN   TestMetricsPortAddedToTwoPrepacked
--- PASS: TestMetricsPortAddedToTwoPrepacked (0.00s)
=== RUN   TestDefaultPrepackagedServerType
--- PASS: TestDefaultPrepackagedServerType (0.00s)
=== RUN   TestValidateSingleModel
--- PASS: TestValidateSingleModel (0.00s)
=== RUN   TestValidateSingleModelNoName
--- PASS: TestValidateSingleModelNoName (0.00s)
=== RUN   TestValidateNoEngineMultiGraph
--- PASS: TestValidateNoEngineMultiGraph (0.00s)
=== RUN   TestValidateDuplPredictorName
--- PASS: TestValidateDuplPredictorName (0.00s)
=== RUN   TestValidateTrafficSum
--- PASS: TestValidateTrafficSum (0.00s)
=== RUN   TestDefaultABTest
--- PASS: TestDefaultABTest (0.00s)
=== RUN   TestValidateTensorflowProtocolNormalPrepackaged
--- PASS: TestValidateTensorflowProtocolNormalPrepackaged (0.00s)
=== RUN   TestValidateTensorflowProtocolNormal
--- PASS: TestValidateTensorflowProtocolNormal (0.00s)
=== RUN   TestPredictorNoGraph
--- PASS: TestPredictorNoGraph (0.00s)
PASS
coverage: 41.6% of statements
path is /workspace/source/operator
All profiles combined

Ginkgo ran 6 suites in 1m0.309538476s
Test Suite Passed
docker build . -t seldonio/seldon-core-operator:1.2.2-dev
Sending build context to Docker daemon  7.603MB
Step 1/22 : FROM golang:1.13.2 as builder
1.13.2: Pulling from library/golang
c7b7d16361e0: Pulling fs layer
b7a128769df1: Pulling fs layer
1128949d0793: Pulling fs layer
667692510b70: Pulling fs layer
c70d80036479: Pulling fs layer
a8669f8c1a42: Pulling fs layer
433331673060: Pulling fs layer
c70d80036479: Waiting
433331673060: Waiting
a8669f8c1a42: Waiting
667692510b70: Waiting
b7a128769df1: Verifying Checksum
b7a128769df1: Download complete
1128949d0793: Download complete
c7b7d16361e0: Verifying Checksum
c7b7d16361e0: Download complete
667692510b70: Verifying Checksum
667692510b70: Download complete
c70d80036479: Verifying Checksum
c70d80036479: Download complete
433331673060: Verifying Checksum
433331673060: Download complete
a8669f8c1a42: Verifying Checksum
a8669f8c1a42: Download complete
c7b7d16361e0: Pull complete
b7a128769df1: Pull complete
1128949d0793: Pull complete
667692510b70: Pull complete
c70d80036479: Pull complete
a8669f8c1a42: Pull complete
433331673060: Pull complete
Digest: sha256:b3086f21bfbe896973dd6147b46f2736a7deb2c04ed76219835befa0244a9562
Status: Downloaded newer image for golang:1.13.2
 ---> e37698ff7351
Step 2/22 : WORKDIR /workspace
 ---> Running in 5a8bc9e53cb7
Removing intermediate container 5a8bc9e53cb7
 ---> 87038793a513
Step 3/22 : COPY go.mod go.mod
 ---> 99259d31e859
Step 4/22 : COPY go.sum go.sum
 ---> eca805841324
Step 5/22 : RUN go mod download
 ---> Running in 7ace1619a9dd
[91mgo: finding cloud.google.com/go v0.38.0
[0m[91mgo: finding github.com/Azure/go-ansiterm v0.0.0-20170929234023-d6e3b3328b78
[0m[91mgo: finding github.com/Azure/go-autorest v14.2.0+incompatible
[0m[91mgo: finding github.com/Azure/go-autorest/autorest v0.9.0
[0m[91mgo: finding github.com/Azure/go-autorest/autorest/adal v0.9.0
[0m[91mgo: finding github.com/Azure/go-autorest/autorest/date v0.3.0
[0m[91mgo: finding github.com/Azure/go-autorest/autorest/mocks v0.4.0
[0m[91mgo: finding github.com/Azure/go-autorest/logger v0.1.0
[0m[91mgo: finding github.com/Azure/go-autorest/tracing v0.6.0
[0m[91mgo: finding github.com/BurntSushi/toml v0.3.1
[0m[91mgo: finding github.com/BurntSushi/xgb v0.0.0-20160522181843-27f122750802
[0m[91mgo: finding github.com/NYTimes/gziphandler v0.0.0-20170623195520-56545f4a5d46
[0m[91mgo: finding github.com/PuerkitoBio/purell v1.1.1
[0m[91mgo: finding github.com/PuerkitoBio/urlesc v0.0.0-20170810143723-de5bf2ad4578
[0m[91mgo: finding github.com/agnivade/levenshtein v1.0.1
[0m[91mgo: finding github.com/alecthomas/template v0.0.0-20160405071501-a0175ee3bccc
[0m[91mgo: finding github.com/alecthomas/units v0.0.0-20151022065526-2efee857e7cf
[0m[91mgo: finding github.com/andreyvit/diff v0.0.0-20170406064948-c7f18ee00883
[0m[91mgo: finding github.com/armon/consul-api v0.0.0-20180202201655-eb2c6b5be1b6
[0m[91mgo: finding github.com/asaskevich/govalidator v0.0.0-20190424111038-f61b66f89f4a
[0m[91mgo: finding github.com/beorn7/perks v1.0.1
[0m[91mgo: finding github.com/bgentry/speakeasy v0.1.0
[0m[91mgo: finding github.com/blang/semver v3.5.0+incompatible
[0m[91mgo: finding github.com/client9/misspell v0.3.4
[0m[91mgo: finding github.com/cockroachdb/datadriven v0.0.0-20190809214429-80d97fb3cbaa
[0m[91mgo: finding github.com/coreos/etcd v3.3.10+incompatible
[0m[91mgo: finding github.com/coreos/go-etcd v2.0.0+incompatible
[0m[91mgo: finding github.com/coreos/go-oidc v2.1.0+incompatible
[0m[91mgo: finding github.com/coreos/go-semver v0.3.0
[0m[91mgo: finding github.com/coreos/go-systemd v0.0.0-20190321100706-95778dfbb74e
[0m[91mgo: finding github.com/coreos/pkg v0.0.0-20180108230652-97fdf19511ea
[0m[91mgo: finding github.com/cpuguy83/go-md2man v1.0.10
[0m[91mgo: finding github.com/creack/pty v1.1.7
[0m[91mgo: finding github.com/davecgh/go-spew v1.1.1
[0m[91mgo: finding github.com/dgrijalva/jwt-go v3.2.0+incompatible
[0m[91mgo: finding github.com/docker/docker v0.7.3-0.20190327010347-be7ac8be2ae0
[0m[91mgo: finding github.com/docker/go-units v0.4.0
[0m[91mgo: finding github.com/docker/spdystream v0.0.0-20160310174837-449fdfce4d96
[0m[91mgo: finding github.com/docopt/docopt-go v0.0.0-20180111231733-ee0de3bc6815
[0m[91mgo: finding github.com/dustin/go-humanize v1.0.0
[0m[91mgo: finding github.com/elazarl/goproxy v0.0.0-20170405201442-c4fc26588b6e
[0m[91mgo: finding github.com/emicklei/go-restful v2.9.5+incompatible
[0m[91mgo: finding github.com/evanphx/json-patch v4.5.0+incompatible
[0m[91mgo: finding github.com/fatih/color v1.7.0
[0m[91mgo: finding github.com/fsnotify/fsnotify v1.4.9
[0m[91mgo: finding github.com/ghodss/yaml v1.0.0
[0m[91mgo: finding github.com/globalsign/mgo v0.0.0-20181015135952-eeefdecb41b8
[0m[91mgo: finding github.com/go-kit/kit v0.8.0
[0m[91mgo: finding github.com/go-logfmt/logfmt v0.3.0
[0m[91mgo: finding github.com/go-logr/logr v0.1.0
[0m[91mgo: finding github.com/go-logr/zapr v0.1.0
[0m[91mgo: finding github.com/go-openapi/analysis v0.19.5
[0m[91mgo: finding github.com/go-openapi/errors v0.19.2
[0m[91mgo: finding github.com/go-openapi/jsonpointer v0.19.3
[0m[91mgo: finding github.com/go-openapi/jsonreference v0.19.3
[0m[91mgo: finding github.com/go-openapi/loads v0.19.4
[0m[91mgo: finding github.com/go-openapi/runtime v0.19.4
[0m[91mgo: finding github.com/go-openapi/spec v0.19.3
[0m[91mgo: finding github.com/go-openapi/strfmt v0.19.3
[0m[91mgo: finding github.com/go-openapi/swag v0.19.5
[0m[91mgo: finding github.com/go-openapi/validate v0.19.5
[0m[91mgo: finding github.com/go-stack/stack v1.8.0
[0m[91mgo: finding github.com/gogo/protobuf v1.3.1
[0m[91mgo: finding github.com/golang/glog v0.0.0-20160126235308-23def4e6c14b
[0m[91mgo: finding github.com/golang/groupcache v0.0.0-20190702054246-869f871628b6
[0m[91mgo: finding github.com/golang/mock v1.2.0
[0m[91mgo: finding github.com/golang/protobuf v1.4.2
[0m[91mgo: finding github.com/google/btree v1.0.0
[0m[91mgo: finding github.com/google/go-cmp v0.5.0
[0m[91mgo: finding github.com/google/gofuzz v1.0.0
[0m[91mgo: finding github.com/google/martian v2.1.0+incompatible
[0m[91mgo: finding github.com/google/pprof v0.0.0-20181206194817-3ea8567a2e57
[0m[91mgo: finding github.com/google/renameio v0.1.0
[0m[91mgo: finding github.com/google/uuid v1.1.1
[0m[91mgo: finding github.com/googleapis/gax-go/v2 v2.0.4
[0m[91mgo: finding github.com/googleapis/gnostic v0.3.1
[0m[91mgo: finding github.com/gophercloud/gophercloud v0.1.0
[0m[91mgo: finding github.com/gorilla/websocket v1.4.0
[0m[91mgo: finding github.com/gregjones/httpcache v0.0.0-20180305231024-9cad4c3443a7
[0m[91mgo: finding github.com/grpc-ecosystem/go-grpc-middleware v1.0.1-0.20190118093823-f849b5445de4
[0m[91mgo: finding github.com/grpc-ecosystem/go-grpc-prometheus v1.2.0
[0m[91mgo: finding github.com/grpc-ecosystem/grpc-gateway v1.9.5
[0m[91mgo: finding github.com/hashicorp/golang-lru v0.5.4
[0m[91mgo: finding github.com/hashicorp/hcl v1.0.0
[0m[91mgo: finding github.com/hpcloud/tail v1.0.0
[0m[91mgo: finding github.com/imdario/mergo v0.3.9
[0m[91mgo: finding github.com/inconshreveable/mousetrap v1.0.0
[0m[91mgo: finding github.com/jonboulle/clockwork v0.1.0
[0m[91mgo: finding github.com/json-iterator/go v1.1.10
[0m[91mgo: finding github.com/jstemmer/go-junit-report v0.0.0-20190106144839-af01ea7f8024
[0m[91mgo: finding github.com/julienschmidt/httprouter v1.2.0
[0m[91mgo: finding github.com/kisielk/errcheck v1.2.0
[0m[91mgo: finding github.com/kisielk/gotool v1.0.0
[0m[91mgo: finding github.com/konsorten/go-windows-terminal-sequences v1.0.1
[0m[91mgo: finding github.com/kr/logfmt v0.0.0-20140226030751-b84e30acd515
[0m[91mgo: finding github.com/kr/pretty v0.1.0
[0m[91mgo: finding github.com/kr/pty v1.1.5
[0m[91mgo: finding github.com/kr/text v0.1.0
[0m[91mgo: finding github.com/magiconair/properties v1.8.0
[0m[91mgo: finding github.com/mailru/easyjson v0.7.0
[0m[91mgo: finding github.com/mattn/go-colorable v0.0.9
[0m[91mgo: finding github.com/mattn/go-isatty v0.0.4
[0m[91mgo: finding github.com/mattn/go-runewidth v0.0.2
[0m[91mgo: finding github.com/matttproud/golang_protobuf_extensions v1.0.1
[0m[91mgo: finding github.com/mitchellh/go-homedir v1.1.0
[0m[91mgo: finding github.com/mitchellh/mapstructure v1.1.2
[0m[91mgo: finding github.com/modern-go/concurrent v0.0.0-20180306012644-bacd9c7ef1dd
[0m[91mgo: finding github.com/modern-go/reflect2 v1.0.1
[0m[91mgo: finding github.com/munnerz/goautoneg v0.0.0-20191010083416-a7dc8b61c822
[0m[91mgo: finding github.com/mwitkow/go-conntrack v0.0.0-20161129095857-cc309e4a2223
[0m[91mgo: finding github.com/mxk/go-flowrate v0.0.0-20140419014527-cca7078d478f
[0m[91mgo: finding github.com/nxadm/tail v1.4.4
[0m[91mgo: finding github.com/olekukonko/tablewriter v0.0.0-20170122224234-a0225b3f23b5
[0m[91mgo: finding github.com/onsi/ginkgo v1.14.0
[0m[91mgo: finding github.com/onsi/gomega v1.10.1
[0m[91mgo: finding github.com/pborman/uuid v1.2.0
[0m[91mgo: finding github.com/pelletier/go-toml v1.2.0
[0m[91mgo: finding github.com/peterbourgon/diskv v2.0.1+incompatible
[0m[91mgo: finding github.com/pkg/errors v0.8.1
[0m[91mgo: finding github.com/pmezard/go-difflib v1.0.0
[0m[91mgo: finding github.com/pquerna/cachecontrol v0.0.0-20171018203845-0dec1b30a021
[0m[91mgo: finding github.com/prometheus/client_golang v1.0.0
[0m[91mgo: finding github.com/prometheus/client_model v0.0.0-20190129233127-fd36f4220a90
[0m[91mgo: finding github.com/prometheus/common v0.4.1
[0m[91mgo: finding github.com/prometheus/procfs v0.0.11
[0m[91mgo: finding github.com/remyoudompheng/bigfft v0.0.0-20170806203942-52369c62f446
[0m[91mgo: finding github.com/rogpeppe/fastuuid v0.0.0-20150106093220-6724a57986af
[0m[91mgo: finding github.com/rogpeppe/go-internal v1.3.0
[0m[91mgo: finding github.com/russross/blackfriday v1.5.2
[0m[91mgo: finding github.com/sergi/go-diff v1.0.0
[0m[91mgo: finding github.com/sirupsen/logrus v1.4.2
[0m[91mgo: finding github.com/soheilhy/cmux v0.1.4
[0m[91mgo: finding github.com/spf13/afero v1.2.2
[0m[91mgo: finding github.com/spf13/cast v1.3.0
[0m[91mgo: finding github.com/spf13/cobra v0.0.5
[0m[91mgo: finding github.com/spf13/jwalterweatherman v1.0.0
[0m[91mgo: finding github.com/spf13/pflag v1.0.5
[0m[91mgo: finding github.com/spf13/viper v1.3.2
[0m[91mgo: finding github.com/stretchr/ob** v0.2.0
[0m[91mgo: finding github.com/stretchr/testify v1.4.0
[0m[91mgo: finding github.com/tidwall/pretty v1.0.0
[0m[91mgo: finding github.com/tmc/grpc-websocket-proxy v0.0.0-20170815181823-89b8d40f7ca8
[0m[91mgo: finding github.com/ugorji/go/codec v0.0.0-20181204163529-d75b2dcb6bc8
[0m[91mgo: finding github.com/urfave/cli v1.20.0
[0m[91mgo: finding github.com/vektah/gqlparser v1.1.2
[0m[91mgo: finding github.com/xiang90/probing v0.0.0-20190116061207-43a291ad63a2
[0m[91mgo: finding github.com/xordataexchange/crypt v0.0.3-0.20170626215501-b2862e3d0a77
[0m[91mgo: finding go.etcd.io/bbolt v1.3.3
[0m[91mgo: finding go.etcd.io/etcd v0.0.0-20191023171146-3cf2f69b5738
[0m[91mgo: finding go.mongodb.org/mongo-driver v1.1.2
[0m[91mgo: finding go.opencensus.io v0.21.0
[0m[91mgo: finding go.uber.org/atomic v1.6.0
[0m[91mgo: finding go.uber.org/multierr v1.5.0
[0m[91mgo: finding go.uber.org/tools v0.0.0-20190618225709-2cfd321de3ee
[0m[91mgo: finding go.uber.org/zap v1.15.0
[0m[91mgo: finding golang.org/x/crypto v0.0.0-20200622213623-75b288015ac9
[0m[91mgo: finding golang.org/x/exp v0.0.0-20190312203227-4b39c73a6495
[0m[91mgo: finding golang.org/x/image v0.0.0-20190227222117-0694c2d4d067
[0m[91mgo: finding golang.org/x/lint v0.0.0-20190930215403-16217165b5de
[0m[91mgo: finding golang.org/x/mobile v0.0.0-20190312151609-d3739f865fa6
[0m[91mgo: finding golang.org/x/mod v0.0.0-20190513183733-4bf6d317e70e
[0m[91mgo: finding golang.org/x/net v0.0.0-20200520004742-59133d7f0dd7
[0m[91mgo: finding golang.org/x/oauth2 v0.0.0-20190604053449-0f29369cfe45
[0m[91mgo: finding golang.org/x/sync v0.0.0-20190911185100-cd5d95a43a6e
[0m[91mgo: finding golang.org/x/sys v0.0.0-20200519105757-fe76b779f299
[0m[91mgo: finding golang.org/x/text v0.3.3
[0m[91mgo: finding golang.org/x/time v0.0.0-20190921001708-c4c64cad1fd0
[0m[91mgo: finding golang.org/x/tools v0.0.0-20191029190741-b9c20aec41a5
[0m[91mgo: finding golang.org/x/xerrors v0.0.0-20191204190536-9bdfabe68543
[0m[91mgo: finding gomodules.xyz/jsonpatch/v2 v2.0.1
[0m[91mgo: finding gonum.org/v1/gonum v0.0.0-20190331200053-3d26580ed485
[0m[91mgo: finding gonum.org/v1/netlib v0.0.0-20190331212654-76723241ea4e
[0m[91mgo: finding google.golang.org/api v0.4.0
[0m[91mgo: finding google.golang.org/appengine v1.6.5
[0m[91mgo: finding google.golang.org/genproto v0.0.0-20190916214212-f660b8655731
[0m[91mgo: finding google.golang.org/grpc v1.23.1
[0m[91mgo: finding google.golang.org/protobuf v1.23.0
[0m[91mgo: finding gopkg.in/alecthomas/kingpin.v2 v2.2.6
[0m[91mgo: finding gopkg.in/check.v1 v1.0.0-20190902080502-41f04d3bba15
[0m[91mgo: finding gopkg.in/cheggaaa/pb.v1 v1.0.25
[0m[91mgo: finding gopkg.in/errgo.v2 v2.1.0
[0m[91mgo: finding gopkg.in/fsnotify.v1 v1.4.7
[0m[91mgo: finding gopkg.in/inf.v0 v0.9.1
[0m[91mgo: finding gopkg.in/natefinch/lumberjack.v2 v2.0.0
[0m[91mgo: finding gopkg.in/resty.v1 v1.12.0
[0m[91mgo: finding gopkg.in/square/go-jose.v2 v2.2.2
[0m[91mgo: finding gopkg.in/tomb.v1 v1.0.0-20141024135613-dd632973f1e7
[0m[91mgo: finding gopkg.in/yaml.v2 v2.3.0
[0m[91mgo: finding gotest.tools v2.2.0+incompatible
[0m[91mgo: finding honnef.co/go/tools v0.0.1-2019.2.3
[0m[91mgo: finding istio.io/api v0.0.0-20200513175333-ae3da0d240e3
[0m[91mgo: finding istio.io/client-go v0.0.0-20200513180646-f8d9d8ff84e6
[0m[91mgo: finding istio.io/gogo-genproto v0.0.0-20190930162913-45029607206a
[0m[91mgo: finding k8s.io/api v0.17.9
[0m[91mgo: finding k8s.io/apiextensions-apiserver v0.17.9
[0m[91mgo: finding k8s.io/apimachinery v0.17.9
[0m[91mgo: finding k8s.io/apiserver v0.17.9
[0m[91mgo: finding k8s.io/client-go v0.17.9
[0m[91mgo: finding k8s.io/code-generator v0.17.9
[0m[91mgo: finding k8s.io/component-base v0.17.9
[0m[91mgo: finding k8s.io/gengo v0.0.0-20190822140433-26a664648505
[0m[91mgo: finding k8s.io/klog v1.0.0
[0m[91mgo: finding k8s.io/klog/v2 v2.0.0
[0m[91mgo: finding k8s.io/kube-openapi v0.0.0-20200410145947-bcb3869e6f29
[0m[91mgo: finding k8s.io/utils v0.0.0-20200619165400-6e3d28b6ed19
[0m[91mgo: finding knative.dev/pkg v0.0.0-20200513151758-7b6bb61326ae
[0m[91mgo: finding modernc.org/cc v1.0.0
[0m[91mgo: finding modernc.org/golex v1.0.0
[0m[91mgo: finding modernc.org/mathutil v1.0.0
[0m[91mgo: finding modernc.org/strutil v1.0.0
[0m[91mgo: finding modernc.org/xc v1.0.0
[0m[91mgo: finding sigs.k8s.io/controller-runtime v0.5.8
[0m[91mgo: finding sigs.k8s.io/structured-merge-diff v0.0.0-20190525122527-15d366b2352e
[0m[91mgo: finding sigs.k8s.io/structured-merge-diff/v2 v2.0.1
[0m[91mgo: finding sigs.k8s.io/yaml v1.1.0
[0mRemoving intermediate container 7ace1619a9dd
 ---> 402d5700bfc3
Step 6/22 : COPY main.go main.go
 ---> a1daae64f750
Step 7/22 : COPY apis/ apis/
 ---> d75b600c1383
Step 8/22 : COPY controllers/ controllers/
 ---> 57c6208a6340
Step 9/22 : COPY utils/ utils/
 ---> 75c4b27ea239
Step 10/22 : COPY constants/ constants/
 ---> 68199d9c1024
Step 11/22 : COPY client/ client/
 ---> 173801ba6603
Step 12/22 : RUN go build -a -o manager main.go
 ---> Running in d87787eca7c9
Removing intermediate container d87787eca7c9
 ---> e28e0b8ddc45
Step 13/22 : FROM gcr.io/distroless/base:latest
latest: Pulling from distroless/base
24f0c933cbef: Pulling fs layer
69e2f037cdb3: Pulling fs layer
24f0c933cbef: Verifying Checksum
24f0c933cbef: Download complete
69e2f037cdb3: Verifying Checksum
69e2f037cdb3: Download complete
24f0c933cbef: Pull complete
69e2f037cdb3: Pull complete
Digest: sha256:2b0a8e9a13dcc168b126778d9e947a7081b4d2ee1ee122830d835f176d0e2a70
Status: Downloaded newer image for gcr.io/distroless/base:latest
 ---> c4c70323b0c2
Step 14/22 : WORKDIR /
 ---> Running in 3239bfcdb48a
Removing intermediate container 3239bfcdb48a
 ---> 273c11f0a75f
Step 15/22 : COPY --from=builder /workspace/manager .
 ---> e0cd556daea4
Step 16/22 : COPY licenses/license.txt licenses/license.txt
 ---> da659e40b340
Step 17/22 : COPY generated/admissionregistration.k8s.io_v1beta1_mutatingwebhookconfiguration_seldon-mutating-webhook-configuration.yaml /tmp/operator-resources/mutate.yaml
 ---> c9403f1b8b4c
Step 18/22 : COPY generated/admissionregistration.k8s.io_v1beta1_validatingwebhookconfiguration_seldon-validating-webhook-configuration.yaml /tmp/operator-resources/validate.yaml
 ---> bd82dba25f3c
Step 19/22 : COPY generated/~g_v1_service_seldon-webhook-service.yaml /tmp/operator-resources/service.yaml
 ---> 896d48cdc072
Step 20/22 : COPY generated/~g_v1_configmap_seldon-config.yaml /tmp/operator-resources/configmap.yaml
 ---> 0a74ff0aa496
Step 21/22 : COPY generated/apiextensions.k8s.io_v1beta1_customresourcedefinition_seldondeployments.machinelearning.seldon.io.yaml /tmp/operator-resources/crd.yaml
 ---> 15f49ff4ebcd
Step 22/22 : ENTRYPOINT ["/manager"]
 ---> Running in 5100afe63833
Removing intermediate container 5100afe63833
 ---> bfb8d10fdc20
Successfully built bfb8d10fdc20
Successfully tagged seldonio/seldon-core-operator:1.2.2-dev
docker save seldonio/seldon-core-operator:1.2.2-dev > operator.tar
kind load image-archive operator.tar --name kind
make[1]: Leaving directory '/workspace/source/operator'
Files changed in engine folder:
SKIPPING ENGINE IMAGE BUILD...
Files changed in executor folder:
SKIPPING EXECUTOR IMAGE BUILD...
Build test models
make -C ../docker/fixed-model kind_load_images
make[1]: Entering directory '/workspace/source/testing/docker/fixed-model'
s2i build -E environment_rest_v1 . seldonio/seldon-core-s2i-python3:0.15 seldonio/fixed-model:0.1
---> Installing application source...
Build completed successfully
s2i build -E environment_rest_v2 . seldonio/seldon-core-s2i-python3:0.15 seldonio/fixed-model:0.2
---> Installing application source...
Build completed successfully
kind load -v 3 docker-image seldonio/fixed-model:0.1
Image: "seldonio/fixed-model:0.1" with ID "sha256:728f7a7d74ef9c0820ee660325b304a0d8ce61e2ec7bf57ab95b44c049af22d1" not present on node "kind-worker"
Image: "seldonio/fixed-model:0.1" with ID "sha256:728f7a7d74ef9c0820ee660325b304a0d8ce61e2ec7bf57ab95b44c049af22d1" not present on node "kind-control-plane"
kind load -v 3 docker-image seldonio/fixed-model:0.2
Image: "seldonio/fixed-model:0.2" with ID "sha256:3845b34dce71cde89d925e78ae13b0e0947b4eb49f980a6f12c8628995638692" not present on node "kind-worker"
Image: "seldonio/fixed-model:0.2" with ID "sha256:3845b34dce71cde89d925e78ae13b0e0947b4eb49f980a6f12c8628995638692" not present on node "kind-control-plane"
make[1]: Leaving directory '/workspace/source/testing/docker/fixed-model'
make -C ../docker/echo-model kind_load_image
make[1]: Entering directory '/workspace/source/testing/docker/echo-model'
s2i build \
	-E environment_rest \
	.\
	seldonio/seldon-core-s2i-python3:1.1.1-SNAPSHOT\
	seldonio/echo-model:0.1
---> Installing application source...
Build completed successfully
kind load -v 3 docker-image seldonio/echo-model:0.1
Image: "seldonio/echo-model:0.1" with ID "sha256:74102808a2b554ebe99c3724c4e75f73d177c0ade45251d7f92cb885af8b1940" not present on node "kind-worker"
Image: "seldonio/echo-model:0.1" with ID "sha256:74102808a2b554ebe99c3724c4e75f73d177c0ade45251d7f92cb885af8b1940" not present on node "kind-control-plane"
make[1]: Leaving directory '/workspace/source/testing/docker/echo-model'
Files changed in prepackaged folder:
SKIPPING PREPACKAGED IMAGE BUILD...
Files changed in alibi folder:
SKIPPING ALIBI IMAGE BUILD...
Files changed in misc folders:
SKIPPING MISC IMAGE BUILD...
kubectl create namespace seldon || echo "Namespace seldon already exists"
namespace/seldon created
kubectl create namespace test1 || echo "Namespace test1 already exists"
namespace/test1 created
helm repo add stable https://kubernetes-charts.storage.googleapis.com/
"stable" has been added to your repositories
helm repo add seldonio https://storage.googleapis.com/seldon-charts
"seldonio" has been added to your repositories
helm repo add jaegertracing https://jaegertracing.github.io/helm-charts
"jaegertracing" has been added to your repositories
helm repo add datawire https://www.getambassador.io
"datawire" has been added to your repositories
helm repo update
Hang tight while we grab the latest from your chart repositories...
...Successfully got an update from the "jaegertracing" chart repository
...Successfully got an update from the "seldonio" chart repository
...Successfully got an update from the "datawire" chart repository
...Successfully got an update from the "stable" chart repository
Update Complete. âŽˆ Happy Helming!âŽˆ 
helm install ambassador \
	datawire/ambassador \
	-f ../resources/ambassador_values.yaml \
	--set image.repository=quay.io/datawire/ambassador \
	--set crds.keep=false \
	--set enableAES=false \
	--namespace seldon \
	--set replicaCount=1 \
	--wait
manifest_sorter.go:192: info: skipping unknown hook: "crd-install"
manifest_sorter.go:192: info: skipping unknown hook: "crd-install"
manifest_sorter.go:192: info: skipping unknown hook: "crd-install"
manifest_sorter.go:192: info: skipping unknown hook: "crd-install"
manifest_sorter.go:192: info: skipping unknown hook: "crd-install"
manifest_sorter.go:192: info: skipping unknown hook: "crd-install"
manifest_sorter.go:192: info: skipping unknown hook: "crd-install"
manifest_sorter.go:192: info: skipping unknown hook: "crd-install"
manifest_sorter.go:192: info: skipping unknown hook: "crd-install"
manifest_sorter.go:192: info: skipping unknown hook: "crd-install"
manifest_sorter.go:192: info: skipping unknown hook: "crd-install"
manifest_sorter.go:192: info: skipping unknown hook: "crd-install"
manifest_sorter.go:192: info: skipping unknown hook: "crd-install"
manifest_sorter.go:192: info: skipping unknown hook: "crd-install"
manifest_sorter.go:192: info: skipping unknown hook: "crd-install"
manifest_sorter.go:192: info: skipping unknown hook: "crd-install"
manifest_sorter.go:192: info: skipping unknown hook: "crd-install"
manifest_sorter.go:192: info: skipping unknown hook: "crd-install"
NAME: ambassador
LAST DEPLOYED: Tue Jul 21 14:57:18 2020
NAMESPACE: seldon
STATUS: deployed
REVISION: 1
NOTES:
-------------------------------------------------------------------------------
  Congratulations! You've successfully installed Ambassador!

-------------------------------------------------------------------------------
To get the IP address of Ambassador, run the following commands:
  export NODE_PORT=$(kubectl get --namespace seldon -o jsonpath="{.spec.ports[0].nodePort}" services ambassador)
  export NODE_IP=$(kubectl get nodes --namespace seldon -o jsonpath="{.items[0].status.addresses[0].address}")
  echo http://$NODE_IP:$NODE_PORT

For help, visit our Slack at https://d6e.co/slack or view the documentation online at https://www.getambassador.io.
kubectl apply -f istio-1.4.2.yaml
clusterrole.rbac.authorization.k8s.io/istio-reader-istio-system created
clusterrolebinding.rbac.authorization.k8s.io/istio-reader-istio-system created
customresourcedefinition.apiextensions.k8s.io/attributemanifests.config.istio.io created
customresourcedefinition.apiextensions.k8s.io/clusterrbacconfigs.rbac.istio.io created
customresourcedefinition.apiextensions.k8s.io/destinationrules.networking.istio.io created
customresourcedefinition.apiextensions.k8s.io/envoyfilters.networking.istio.io created
customresourcedefinition.apiextensions.k8s.io/gateways.networking.istio.io created
customresourcedefinition.apiextensions.k8s.io/httpapispecbindings.config.istio.io created
customresourcedefinition.apiextensions.k8s.io/httpapispecs.config.istio.io created
customresourcedefinition.apiextensions.k8s.io/meshpolicies.authentication.istio.io created
customresourcedefinition.apiextensions.k8s.io/policies.authentication.istio.io created
customresourcedefinition.apiextensions.k8s.io/quotaspecbindings.config.istio.io created
customresourcedefinition.apiextensions.k8s.io/quotaspecs.config.istio.io created
customresourcedefinition.apiextensions.k8s.io/rbacconfigs.rbac.istio.io created
customresourcedefinition.apiextensions.k8s.io/rules.config.istio.io created
customresourcedefinition.apiextensions.k8s.io/serviceentries.networking.istio.io created
customresourcedefinition.apiextensions.k8s.io/servicerolebindings.rbac.istio.io created
customresourcedefinition.apiextensions.k8s.io/serviceroles.rbac.istio.io created
customresourcedefinition.apiextensions.k8s.io/virtualservices.networking.istio.io created
customresourcedefinition.apiextensions.k8s.io/adapters.config.istio.io created
customresourcedefinition.apiextensions.k8s.io/instances.config.istio.io created
customresourcedefinition.apiextensions.k8s.io/templates.config.istio.io created
customresourcedefinition.apiextensions.k8s.io/handlers.config.istio.io created
customresourcedefinition.apiextensions.k8s.io/sidecars.networking.istio.io created
customresourcedefinition.apiextensions.k8s.io/authorizationpolicies.security.istio.io created
namespace/istio-system created
serviceaccount/istio-reader-service-account created
clusterrole.rbac.authorization.k8s.io/istio-citadel-istio-system created
clusterrolebinding.rbac.authorization.k8s.io/istio-citadel-istio-system created
deployment.apps/istio-citadel created
poddisruptionbudget.policy/istio-citadel created
service/istio-citadel created
serviceaccount/istio-citadel-service-account created
deployment.apps/istio-egressgateway created
poddisruptionbudget.policy/istio-egressgateway created
gateway.networking.istio.io/istio-multicluster-egressgateway created
virtualservice.networking.istio.io/istio-multicluster-egressgateway created
envoyfilter.networking.istio.io/istio-multicluster-egressgateway created
destinationrule.networking.istio.io/istio-multicluster-destinationrule created
service/istio-egressgateway created
role.rbac.authorization.k8s.io/istio-egressgateway-sds created
rolebinding.rbac.authorization.k8s.io/istio-egressgateway-sds created
serviceaccount/istio-egressgateway-service-account created
clusterrole.rbac.authorization.k8s.io/istio-galley-istio-system created
clusterrolebinding.rbac.authorization.k8s.io/istio-galley-*****-role-binding-istio-system created
configmap/istio-mesh-galley created
configmap/istio-galley-configuration created
deployment.apps/istio-galley created
poddisruptionbudget.policy/istio-galley created
service/istio-galley created
serviceaccount/istio-galley-service-account created
configmap/istio-grafana-configuration-dashboards-citadel-dashboard created
configmap/istio-grafana-configuration-dashboards-galley-dashboard created
configmap/istio-grafana-configuration-dashboards-istio-mesh-dashboard created
configmap/istio-grafana-configuration-dashboards-istio-performance-dashboard created
configmap/istio-grafana-configuration-dashboards-istio-service-dashboard created
configmap/istio-grafana-configuration-dashboards-istio-workload-dashboard created
configmap/istio-grafana-configuration-dashboards-mixer-dashboard created
configmap/istio-grafana-configuration-dashboards-pilot-dashboard created
configmap/istio-grafana created
deployment.apps/grafana created
policy.authentication.istio.io/grafana-ports-mtls-disabled created
service/grafana created
deployment.apps/istio-ingressgateway created
gateway.networking.istio.io/ingressgateway created
poddisruptionbudget.policy/ingressgateway created
service/istio-ingressgateway created
serviceaccount/istio-ingressgateway-service-account created
sidecar.networking.istio.io/default created
clusterrole.rbac.authorization.k8s.io/istio-sidecar-injector-istio-system created
clusterrolebinding.rbac.authorization.k8s.io/istio-sidecar-injector-*****-role-binding-istio-system created
configmap/injector-mesh created
deployment.apps/istio-sidecar-injector created
mutatingwebhookconfiguration.admissionregistration.k8s.io/istio-sidecar-injector created
poddisruptionbudget.policy/istio-sidecar-injector created
service/istio-sidecar-injector created
serviceaccount/istio-sidecar-injector-service-account created
configmap/istio-sidecar-injector created
clusterrole.rbac.authorization.k8s.io/kiali created
clusterrole.rbac.authorization.k8s.io/kiali-viewer created
clusterrolebinding.rbac.authorization.k8s.io/kiali created
configmap/kiali created
secret/kiali created
deployment.apps/kiali created
service/kiali created
serviceaccount/kiali-service-account created
clusterrole.rbac.authorization.k8s.io/istio-pilot-istio-system created
clusterrolebinding.rbac.authorization.k8s.io/istio-pilot-istio-system created
configmap/pilot-envoy-config created
configmap/istio created
deployment.apps/istio-pilot created
meshpolicy.authentication.istio.io/default created
poddisruptionbudget.policy/istio-pilot created
service/istio-pilot created
serviceaccount/istio-pilot-service-account created
clusterrole.rbac.authorization.k8s.io/istio-policy created
clusterrolebinding.rbac.authorization.k8s.io/istio-policy-*****-role-binding-istio-system created
destinationrule.networking.istio.io/istio-policy created
deployment.apps/istio-policy created
poddisruptionbudget.policy/istio-policy created
service/istio-policy created
serviceaccount/istio-policy-service-account created
clusterrole.rbac.authorization.k8s.io/prometheus-istio-system created
clusterrolebinding.rbac.authorization.k8s.io/prometheus-istio-system created
configmap/prometheus created
deployment.apps/prometheus created
service/prometheus created
serviceaccount/prometheus created
horizontalpodautoscaler.autoscaling/istio-telemetry created
clusterrole.rbac.authorization.k8s.io/istio-mixer-istio-system created
clusterrolebinding.rbac.authorization.k8s.io/istio-mixer-*****-role-binding-istio-system created
attributemanifest.config.istio.io/istioproxy created
attributemanifest.config.istio.io/kubernetes created
handler.config.istio.io/stdio created
instance.config.istio.io/accesslog created
instance.config.istio.io/tcpaccesslog created
rule.config.istio.io/stdio created
rule.config.istio.io/stdiotcp created
instance.config.istio.io/requestcount created
instance.config.istio.io/requestduration created
instance.config.istio.io/requestsize created
instance.config.istio.io/responsesize created
instance.config.istio.io/tcpbytesent created
instance.config.istio.io/tcpbytereceived created
instance.config.istio.io/tcpconnectionsopened created
instance.config.istio.io/tcpconnectionsclosed created
handler.config.istio.io/prometheus created
rule.config.istio.io/promhttp created
rule.config.istio.io/promtcp created
rule.config.istio.io/promtcpconnectionopen created
rule.config.istio.io/promtcpconnectionclosed created
handler.config.istio.io/kubernetesenv created
rule.config.istio.io/kubeattrgenrulerule created
rule.config.istio.io/tcpkubeattrgenrulerule created
instance.config.istio.io/attributes created
destinationrule.networking.istio.io/istio-telemetry created
configmap/telemetry-envoy-config created
deployment.apps/istio-telemetry created
poddisruptionbudget.policy/istio-telemetry created
service/istio-telemetry created
serviceaccount/istio-mixer-service-account created
deployment.apps/istio-tracing created
service/jaeger-query created
service/jaeger-collector created
service/jaeger-agent created
service/zipkin created
service/tracing created
kubectl rollout status deployment.apps/istio-ingressgateway -n istio-system
Waiting for deployment "istio-ingressgateway" rollout to finish: 0 of 1 updated replicas are available...
deployment "istio-ingressgateway" successfully rolled out
kubectl rollout status deployment.apps/istio-pilot -n istio-system
deployment "istio-pilot" successfully rolled out
kubectl rollout status deployment.apps/istio-citadel -n istio-system
deployment "istio-citadel" successfully rolled out
kubectl create -f ../resources/seldon-gateway.yaml -n istio-system
gateway.networking.istio.io/seldon-gateway created
helm install jaeger-operator \
	jaegertracing/jaeger-operator \
	--set rbac.clusterRole=true \
	--namespace seldon \
	--wait
manifest_sorter.go:192: info: skipping unknown hook: "crd-install"
NAME: jaeger-operator
LAST DEPLOYED: Tue Jul 21 14:59:40 2020
NAMESPACE: seldon
STATUS: deployed
REVISION: 1
TEST SUITE: None
NOTES:
jaeger-operator is installed.


Check the jaeger-operator logs
  export POD=$(kubectl get pods-l app.kubernetes.io/instance=jaeger-operator -lapp.kubernetes.io/name=jaeger-operator --namespace seldon --output name)
  kubectl logs $POD --namespace=seldon
kubectl apply -f ../resources/jaeger.yaml --namespace seldon
jaeger.jaegertracing.io/jaeger created
mapping.getambassador.io/jaeger created
cd ../../operator && make install-cert-manager
make[1]: Entering directory '/workspace/source/operator'
kubectl create namespace cert-manager || echo "Namespace cert-manager-exists"
namespace/cert-manager created
kubectl label namespace cert-manager cert-manager.io/disable-validation=true || echo "namespace cert-manager-already labelled"
namespace/cert-manager labeled
kubectl apply --validate=false -f https://github.com/jetstack/cert-manager/releases/download/v0.12.0/cert-manager.yaml
customresourcedefinition.apiextensions.k8s.io/certificaterequests.cert-manager.io created
customresourcedefinition.apiextensions.k8s.io/certificates.cert-manager.io created
customresourcedefinition.apiextensions.k8s.io/challenges.acme.cert-manager.io created
customresourcedefinition.apiextensions.k8s.io/clusterissuers.cert-manager.io created
customresourcedefinition.apiextensions.k8s.io/issuers.cert-manager.io created
customresourcedefinition.apiextensions.k8s.io/orders.acme.cert-manager.io created
Warning: kubectl apply should be used on resource created by either kubectl create --save-config or kubectl apply
namespace/cert-manager configured
serviceaccount/cert-manager-cainjector created
serviceaccount/cert-manager created
serviceaccount/cert-manager-webhook created
clusterrole.rbac.authorization.k8s.io/cert-manager-cainjector created
clusterrolebinding.rbac.authorization.k8s.io/cert-manager-cainjector created
role.rbac.authorization.k8s.io/cert-manager-cainjector:leaderelection created
rolebinding.rbac.authorization.k8s.io/cert-manager-cainjector:leaderelection created
clusterrolebinding.rbac.authorization.k8s.io/cert-manager-webhook:auth-delegator created
rolebinding.rbac.authorization.k8s.io/cert-manager-webhook:webhook-authentication-reader created
clusterrole.rbac.authorization.k8s.io/cert-manager-webhook:webhook-requester created
role.rbac.authorization.k8s.io/cert-manager:leaderelection created
rolebinding.rbac.authorization.k8s.io/cert-manager:leaderelection created
clusterrole.rbac.authorization.k8s.io/cert-manager-controller-issuers created
clusterrole.rbac.authorization.k8s.io/cert-manager-controller-clusterissuers created
clusterrole.rbac.authorization.k8s.io/cert-manager-controller-certificates created
clusterrole.rbac.authorization.k8s.io/cert-manager-controller-orders created
clusterrole.rbac.authorization.k8s.io/cert-manager-controller-challenges created
clusterrole.rbac.authorization.k8s.io/cert-manager-controller-ingress-shim created
clusterrolebinding.rbac.authorization.k8s.io/cert-manager-controller-issuers created
clusterrolebinding.rbac.authorization.k8s.io/cert-manager-controller-clusterissuers created
clusterrolebinding.rbac.authorization.k8s.io/cert-manager-controller-certificates created
clusterrolebinding.rbac.authorization.k8s.io/cert-manager-controller-orders created
clusterrolebinding.rbac.authorization.k8s.io/cert-manager-controller-challenges created
clusterrolebinding.rbac.authorization.k8s.io/cert-manager-controller-ingress-shim created
clusterrole.rbac.authorization.k8s.io/cert-manager-view created
clusterrole.rbac.authorization.k8s.io/cert-manager-edit created
service/cert-manager created
service/cert-manager-webhook created
deployment.apps/cert-manager-cainjector created
deployment.apps/cert-manager created
deployment.apps/cert-manager-webhook created
mutatingwebhookconfiguration.admissionregistration.k8s.io/cert-manager-webhook created
validatingwebhookconfiguration.admissionregistration.k8s.io/cert-manager-webhook created
kubectl rollout status deployment.apps/cert-manager -n cert-manager
Waiting for deployment "cert-manager" rollout to finish: 0 of 1 updated replicas are available...
deployment "cert-manager" successfully rolled out
kubectl rollout status deployment.apps/cert-manager-cainjector -n cert-manager
deployment "cert-manager-cainjector" successfully rolled out
kubectl rollout status deployment.apps/cert-manager-webhook -n cert-manager
Waiting for deployment "cert-manager-webhook" rollout to finish: 0 of 1 updated replicas are available...
deployment "cert-manager-webhook" successfully rolled out
make[1]: Leaving directory '/workspace/source/operator'
sleep 5 #https://github.com/jetstack/cert-manager/issues/2273
kubectl create namespace seldon-system || echo "namespace seldon-system exists"
namespace/seldon-system created
helm delete seldon --namespace seldon-system || echo "seldon-core not installed"
Error: uninstall: Release not loaded: seldon: release: not found
seldon-core not installed
helm install seldon \
	../../helm-charts/seldon-core-operator \
	--namespace seldon-system \
	--set istio.enabled=true \
	--set istio.gateway=istio-system/seldon-gateway \
	--set certManager.enabled=false \
	--set executor.enabled="true" \
	--wait
NAME: seldon
LAST DEPLOYED: Tue Jul 21 15:00:31 2020
NAMESPACE: seldon-system
STATUS: deployed
REVISION: 1
TEST SUITE: None
kubectl config set-context $(kubectl config current-context) --namespace=seldon
Context "kind-kind" modified.
kubectl apply -f metrics.yaml
clusterrole.rbac.authorization.k8s.io/system:aggregated-metrics-reader created
clusterrolebinding.rbac.authorization.k8s.io/metrics-server:system:auth-delegator created
rolebinding.rbac.authorization.k8s.io/metrics-server-auth-reader created
apiservice.apiregistration.k8s.io/v1beta1.metrics.k8s.io created
serviceaccount/metrics-server created
deployment.apps/metrics-server created
service/metrics-server created
clusterrole.rbac.authorization.k8s.io/system:metrics-server created
clusterrolebinding.rbac.authorization.k8s.io/system:metrics-server created
make: Entering directory '/workspace/source/python'
pip install -e . -r requirements-dev.txt
Obtaining file:///workspace/source/python
Collecting Flask<2.0.0
  Downloading Flask-1.1.2-py2.py3-none-any.whl (94 kB)
Requirement already satisfied: jsonschema<4.0.0 in /usr/local/lib/python3.6/site-packages (from -r requirements.txt (line 2)) (3.2.0)
Collecting Flask-cors<4.0.0
  Downloading Flask_Cors-3.0.8-py2.py3-none-any.whl (14 kB)
Collecting redis<4.0.0
  Downloading redis-3.5.3-py2.py3-none-any.whl (72 kB)
Requirement already satisfied: requests<3.0.0 in /usr/local/lib/python3.6/site-packages (from -r requirements.txt (line 5)) (2.23.0)
Requirement already satisfied: numpy<2.0.0 in /usr/local/lib/python3.6/site-packages (from -r requirements.txt (line 6)) (1.18.4)
Collecting flatbuffers<2.0.0
  Downloading flatbuffers-1.12-py2.py3-none-any.whl (15 kB)
Requirement already satisfied: protobuf<4.0.0 in /usr/local/lib/python3.6/site-packages (from -r requirements.txt (line 8)) (3.11.3)
Requirement already satisfied: grpcio<2.0.0 in /usr/local/lib/python3.6/site-packages (from -r requirements.txt (line 9)) (1.28.1)
Collecting Flask-OpenTracing<1.2.0,>=1.1.0
  Downloading Flask-OpenTracing-1.1.0.tar.gz (8.2 kB)
Collecting opentracing<2.4.0,>=2.2.0
  Downloading opentracing-2.3.0.tar.gz (48 kB)
Collecting jaeger-client<4.4.0,>=4.1.0
  Downloading jaeger-client-4.3.0.tar.gz (81 kB)
Collecting grpcio-opentracing<1.2.0,>=1.1.4
  Downloading grpcio_opentracing-1.1.4-py3-none-any.whl (14 kB)
Requirement already satisfied: PyYAML<5.4 in /usr/local/lib/python3.6/site-packages (from -r requirements.txt (line 14)) (5.3.1)
Collecting gunicorn<20.1.0,>=19.9.0
  Downloading gunicorn-20.0.4-py2.py3-none-any.whl (77 kB)
Collecting minio<6.0.0,>=4.0.9
  Downloading minio-5.0.10-py2.py3-none-any.whl (75 kB)
Collecting azure-storage-blob<3.0.0,>=2.0.1
  Downloading azure_storage_blob-2.1.0-py2.py3-none-any.whl (88 kB)
Requirement already satisfied: setuptools>=41.0.0 in /usr/local/lib/python3.6/site-packages (from -r requirements.txt (line 18)) (46.3.0)
Collecting google-cloud-storage>=1.16.0
  Downloading google_cloud_storage-1.29.0-py2.py3-none-any.whl (85 kB)
Requirement already satisfied: prometheus_client<0.9.0,>=0.7.1 in /usr/local/lib/python3.6/site-packages (from -r requirements.txt (line 20)) (0.7.1)
Collecting black==19.10b0
  Downloading black-19.10b0-py36-none-any.whl (97 kB)
Collecting flake8==3.8.1
  Downloading flake8-3.8.1-py2.py3-none-any.whl (72 kB)
Collecting mypy<0.783
  Downloading mypy-0.782-cp36-cp36m-manylinux1_x86_64.whl (20.8 MB)
Collecting Pillow==7.2.0
  Downloading Pillow-7.2.0-cp36-cp36m-manylinux1_x86_64.whl (2.2 MB)
Collecting pytest==5.4.2
  Downloading pytest-5.4.2-py3-none-any.whl (247 kB)
Collecting pytest-cov==2.10.0
  Downloading pytest_cov-2.10.0-py2.py3-none-any.whl (19 kB)
Collecting tox<4.0.0
  Downloading tox-3.17.1-py2.py3-none-any.whl (82 kB)
Collecting grpcio-tools==1.30.0
  Downloading grpcio_tools-1.30.0-cp36-cp36m-manylinux2010_x86_64.whl (2.5 MB)
Collecting mypy-protobuf==1.22
  Downloading mypy_protobuf-1.22-py3-none-any.whl (7.5 kB)
Collecting tenacity==6.2.0
  Downloading tenacity-6.2.0-py2.py3-none-any.whl (24 kB)
Collecting coverage==5.2
  Downloading coverage-5.2-cp36-cp36m-manylinux1_x86_64.whl (229 kB)
Collecting pandas==1.0.1
  Downloading pandas-1.0.1-cp36-cp36m-manylinux1_x86_64.whl (10.1 MB)
Collecting pip-licenses==2.2.1
  Downloading pip_licenses-2.2.1-py3-none-any.whl (14 kB)
Collecting itsdangerous>=0.24
  Downloading itsdangerous-1.1.0-py2.py3-none-any.whl (16 kB)
Requirement already satisfied: Jinja2>=2.10.1 in /usr/local/lib/python3.6/site-packages (from Flask<2.0.0->-r requirements.txt (line 1)) (2.11.2)
Requirement already satisfied: Werkzeug>=0.15 in /usr/local/lib/python3.6/site-packages (from Flask<2.0.0->-r requirements.txt (line 1)) (1.0.1)
Collecting click>=5.1
  Downloading click-7.1.2-py2.py3-none-any.whl (82 kB)
Requirement already satisfied: pyrsistent>=0.14.0 in /usr/local/lib/python3.6/site-packages (from jsonschema<4.0.0->-r requirements.txt (line 2)) (0.16.0)
Requirement already satisfied: six>=1.11.0 in /usr/local/lib/python3.6/site-packages (from jsonschema<4.0.0->-r requirements.txt (line 2)) (1.14.0)
Requirement already satisfied: importlib-metadata; python_version < "3.8" in /usr/local/lib/python3.6/site-packages (from jsonschema<4.0.0->-r requirements.txt (line 2)) (1.6.0)
Requirement already satisfied: attrs>=17.4.0 in /usr/local/lib/python3.6/site-packages (from jsonschema<4.0.0->-r requirements.txt (line 2)) (19.3.0)
Requirement already satisfied: chardet<4,>=3.0.2 in /usr/local/lib/python3.6/site-packages (from requests<3.0.0->-r requirements.txt (line 5)) (3.0.4)
Requirement already satisfied: idna<3,>=2.5 in /usr/local/lib/python3.6/site-packages (from requests<3.0.0->-r requirements.txt (line 5)) (2.9)
Requirement already satisfied: urllib3!=1.25.0,!=1.25.1,<1.26,>=1.21.1 in /usr/local/lib/python3.6/site-packages (from requests<3.0.0->-r requirements.txt (line 5)) (1.25.9)
Requirement already satisfied: certifi>=2017.4.17 in /usr/local/lib/python3.6/site-packages (from requests<3.0.0->-r requirements.txt (line 5)) (2020.4.5.1)
Collecting threadloop<2,>=1
  Downloading threadloop-1.0.2.tar.gz (4.9 kB)
Collecting thrift
  Downloading thrift-0.13.0.tar.gz (59 kB)
Requirement already satisfied: tornado>=4.3 in /usr/local/lib/python3.6/site-packages (from jaeger-client<4.4.0,>=4.1.0->-r requirements.txt (line 12)) (6.0.4)
Collecting configparser
  Downloading configparser-5.0.0-py3-none-any.whl (22 kB)
Requirement already satisfied: pytz in /usr/local/lib/python3.6/site-packages (from minio<6.0.0,>=4.0.9->-r requirements.txt (line 16)) (2020.1)
Requirement already satisfied: python-dateutil in /usr/local/lib/python3.6/site-packages (from minio<6.0.0,>=4.0.9->-r requirements.txt (line 16)) (2.8.1)
Collecting azure-common>=1.1.5
  Downloading azure_common-1.1.25-py2.py3-none-any.whl (12 kB)
Collecting azure-storage-common~=2.1
  Downloading azure_storage_common-2.1.0-py2.py3-none-any.whl (47 kB)
Collecting google-resumable-media<0.6dev,>=0.5.0
  Downloading google_resumable_media-0.5.1-py2.py3-none-any.whl (38 kB)
Collecting google-cloud-core<2.0dev,>=1.2.0
  Downloading google_cloud_core-1.3.0-py2.py3-none-any.whl (26 kB)
Collecting google-auth<2.0dev,>=1.11.0
  Downloading google_auth-1.19.2-py2.py3-none-any.whl (91 kB)
Collecting pathspec<1,>=0.6
  Downloading pathspec-0.8.0-py2.py3-none-any.whl (28 kB)
Collecting toml>=0.9.4
  Downloading toml-0.10.1-py2.py3-none-any.whl (19 kB)
Collecting appdirs
  Downloading appdirs-1.4.4-py2.py3-none-any.whl (9.6 kB)
Collecting typed-ast>=1.4.0
  Downloading typed_ast-1.4.1-cp36-cp36m-manylinux1_x86_64.whl (737 kB)
Collecting regex
  Downloading regex-2020.7.14-cp36-cp36m-manylinux2010_x86_64.whl (660 kB)
Collecting mccabe<0.7.0,>=0.6.0
  Downloading mccabe-0.6.1-py2.py3-none-any.whl (8.6 kB)
Collecting pycodestyle<2.7.0,>=2.6.0a1
  Downloading pycodestyle-2.6.0-py2.py3-none-any.whl (41 kB)
Collecting pyflakes<2.3.0,>=2.2.0
  Downloading pyflakes-2.2.0-py2.py3-none-any.whl (66 kB)
Collecting mypy-extensions<0.5.0,>=0.4.3
  Downloading mypy_extensions-0.4.3-py2.py3-none-any.whl (4.5 kB)
Collecting typing-extensions>=3.7.4
  Downloading typing_extensions-3.7.4.2-py3-none-any.whl (22 kB)
Requirement already satisfied: pluggy<1.0,>=0.12 in /usr/local/lib/python3.6/site-packages (from pytest==5.4.2->-r requirements-dev.txt (line 6)) (0.13.1)
Requirement already satisfied: wcwidth in /usr/local/lib/python3.6/site-packages (from pytest==5.4.2->-r requirements-dev.txt (line 6)) (0.1.9)
Requirement already satisfied: py>=1.5.0 in /usr/local/lib/python3.6/site-packages (from pytest==5.4.2->-r requirements-dev.txt (line 6)) (1.8.1)
Requirement already satisfied: packaging in /usr/local/lib/python3.6/site-packages (from pytest==5.4.2->-r requirements-dev.txt (line 6)) (20.3)
Requirement already satisfied: more-itertools>=4.0.0 in /usr/local/lib/python3.6/site-packages (from pytest==5.4.2->-r requirements-dev.txt (line 6)) (8.2.0)
Collecting filelock>=3.0.0
  Downloading filelock-3.0.12-py3-none-any.whl (7.6 kB)
Collecting virtualenv!=20.0.0,!=20.0.1,!=20.0.2,!=20.0.3,!=20.0.4,!=20.0.5,!=20.0.6,!=20.0.7,>=16.0.0
  Downloading virtualenv-20.0.27-py2.py3-none-any.whl (4.9 MB)
Collecting PTable
  Downloading PTable-0.9.2.tar.gz (31 kB)
Requirement already satisfied: MarkupSafe>=0.23 in /usr/local/lib/python3.6/site-packages (from Jinja2>=2.10.1->Flask<2.0.0->-r requirements.txt (line 1)) (1.1.1)
Requirement already satisfied: zipp>=0.5 in /usr/local/lib/python3.6/site-packages (from importlib-metadata; python_version < "3.8"->jsonschema<4.0.0->-r requirements.txt (line 2)) (3.1.0)
Collecting cryptography
  Downloading cryptography-3.0-cp35-abi3-manylinux2010_x86_64.whl (2.7 MB)
Collecting google-api-core<2.0.0dev,>=1.16.0
  Downloading google_api_core-1.21.0-py2.py3-none-any.whl (90 kB)
Collecting pyasn1-modules>=0.2.1
  Downloading pyasn1_modules-0.2.8-py2.py3-none-any.whl (155 kB)
Collecting cachetools<5.0,>=2.0.0
  Downloading cachetools-4.1.1-py3-none-any.whl (10 kB)
Collecting rsa<5,>=3.1.4; python_version >= "3"
  Downloading rsa-4.6-py3-none-any.whl (47 kB)
Requirement already satisfied: pyparsing>=2.0.2 in /usr/local/lib/python3.6/site-packages (from packaging->pytest==5.4.2->-r requirements-dev.txt (line 6)) (2.4.7)
Collecting importlib-resources>=1.0; python_version < "3.7"
  Downloading importlib_resources-3.0.0-py2.py3-none-any.whl (23 kB)
Collecting distlib<1,>=0.3.1
  Downloading distlib-0.3.1-py2.py3-none-any.whl (335 kB)
Collecting cffi!=1.11.3,>=1.8
  Downloading cffi-1.14.0-cp36-cp36m-manylinux1_x86_64.whl (399 kB)
Collecting googleapis-common-protos<2.0dev,>=1.6.0
  Downloading googleapis_common_protos-1.52.0-py2.py3-none-any.whl (100 kB)
Collecting pyasn1<0.5.0,>=0.4.6
  Downloading pyasn1-0.4.8-py2.py3-none-any.whl (77 kB)
Collecting pycparser
  Downloading pycparser-2.20-py2.py3-none-any.whl (112 kB)
Building wheels for collected packages: Flask-OpenTracing, opentracing, jaeger-client, threadloop, thrift, PTable
  Building wheel for Flask-OpenTracing (setup.py): started
  Building wheel for Flask-OpenTracing (setup.py): finished with status 'done'
  Created wheel for Flask-OpenTracing: filename=Flask_OpenTracing-1.1.0-py3-none-any.whl size=9070 sha256=51eb83679241cd98070f54b704569b80af4ce916b10ffeb82e943a092541689b
  Stored in directory: /builder/home/.cache/pip/wheels/ad/4b/2d/24ff0da0a0b53c7c77ce59b843bcceaf644c88703241e59615
  Building wheel for opentracing (setup.py): started
  Building wheel for opentracing (setup.py): finished with status 'done'
  Created wheel for opentracing: filename=opentracing-2.3.0-py3-none-any.whl size=51347 sha256=4df47e7301e1fd2e7b4c67c5ddbfe89fc5fea8bb518016d1687460e3b4b2b500
  Stored in directory: /builder/home/.cache/pip/wheels/d4/53/31/bfca74f038fa9f83eb7de2131555b75ffa9bcbca18d23e5edf
  Building wheel for jaeger-client (setup.py): started
  Building wheel for jaeger-client (setup.py): finished with status 'done'
  Created wheel for jaeger-client: filename=jaeger_client-4.3.0-py3-none-any.whl size=64291 sha256=810e824e0a5e0dabdc89b2b80c659f8a9a3a2f2821c064f2adb4a49ab5d3d922
  Stored in directory: /builder/home/.cache/pip/wheels/a8/37/30/d86c970966efbf6da89e8085db50f2be4cf36ca68513eff785
  Building wheel for threadloop (setup.py): started
  Building wheel for threadloop (setup.py): finished with status 'done'
  Created wheel for threadloop: filename=threadloop-1.0.2-py3-none-any.whl size=3423 sha256=37c091d953c6164708fd58382489054273a5338420e813597f6f0dd5eb5eeecf
  Stored in directory: /builder/home/.cache/pip/wheels/02/54/65/9f87de48fe8fcaaee30f279973d946ad55f9df56b93b3e78da
  Building wheel for thrift (setup.py): started
  Building wheel for thrift (setup.py): finished with status 'done'
  Created wheel for thrift: filename=thrift-0.13.0-cp36-cp36m-linux_x86_64.whl size=483910 sha256=2d506f4aaf6c7bd407c19a0b67f10787b4d2047aa3554c2602170d441751bfa8
  Stored in directory: /builder/home/.cache/pip/wheels/e0/38/fc/472fe18756b177b42096961f8bd3ff2dc5c5620ac399fce52d
  Building wheel for PTable (setup.py): started
  Building wheel for PTable (setup.py): finished with status 'done'
  Created wheel for PTable: filename=PTable-0.9.2-py3-none-any.whl size=22907 sha256=5435dbdad0adee3c7d6868f5367f9a5135575cdc10d3adf51f70612e337e70c5
  Stored in directory: /builder/home/.cache/pip/wheels/f3/65/67/71f473ec87ea4554d1bdfb1b5128cfe1414c2b113b72a1ee8e
Successfully built Flask-OpenTracing opentracing jaeger-client threadloop thrift PTable
ERROR: grpcio-tools 1.30.0 has requirement grpcio>=1.30.0, but you'll have grpcio 1.28.1 which is incompatible.
ERROR: google-api-core 1.21.0 has requirement protobuf>=3.12.0, but you'll have protobuf 3.11.3 which is incompatible.
Installing collected packages: itsdangerous, click, Flask, Flask-cors, redis, flatbuffers, opentracing, Flask-OpenTracing, threadloop, thrift, jaeger-client, grpcio-opentracing, gunicorn, configparser, minio, azure-common, pycparser, cffi, cryptography, azure-storage-common, azure-storage-blob, google-resumable-media, pyasn1, pyasn1-modules, cachetools, rsa, google-auth, googleapis-common-protos, google-api-core, google-cloud-core, google-cloud-storage, pathspec, toml, appdirs, typed-ast, regex, black, mccabe, pycodestyle, pyflakes, flake8, mypy-extensions, typing-extensions, mypy, Pillow, pytest, coverage, pytest-cov, filelock, importlib-resources, distlib, virtualenv, tox, grpcio-tools, mypy-protobuf, tenacity, pandas, PTable, pip-licenses, seldon-core
  Attempting uninstall: Pillow
    Found existing installation: Pillow 7.1.2
    Uninstalling Pillow-7.1.2:
      Successfully uninstalled Pillow-7.1.2
  Attempting uninstall: pytest
    Found existing installation: pytest 5.3.1
    Uninstalling pytest-5.3.1:
      Successfully uninstalled pytest-5.3.1
  Attempting uninstall: coverage
    Found existing installation: coverage 4.5.4
    Uninstalling coverage-4.5.4:
      Successfully uninstalled coverage-4.5.4
  Attempting uninstall: pytest-cov
    Found existing installation: pytest-cov 2.8.1
    Uninstalling pytest-cov-2.8.1:
      Successfully uninstalled pytest-cov-2.8.1
  Attempting uninstall: grpcio-tools
    Found existing installation: grpcio-tools 1.28.1
    Uninstalling grpcio-tools-1.28.1:
      Successfully uninstalled grpcio-tools-1.28.1
  Attempting uninstall: tenacity
    Found existing installation: tenacity 6.0.0
    Uninstalling tenacity-6.0.0:
      Successfully uninstalled tenacity-6.0.0
  Attempting uninstall: pandas
    Found existing installation: pandas 1.0.3
    Uninstalling pandas-1.0.3:
      Successfully uninstalled pandas-1.0.3
  Running setup.py develop for seldon-core
Successfully installed Flask-1.1.2 Flask-OpenTracing-1.1.0 Flask-cors-3.0.8 PTable-0.9.2 Pillow-7.2.0 appdirs-1.4.4 azure-common-1.1.25 azure-storage-blob-2.1.0 azure-storage-common-2.1.0 black-19.10b0 cachetools-4.1.1 cffi-1.14.0 click-7.1.2 configparser-5.0.0 coverage-5.2 cryptography-3.0 distlib-0.3.1 filelock-3.0.12 flake8-3.8.1 flatbuffers-1.12 google-api-core-1.21.0 google-auth-1.19.2 google-cloud-core-1.3.0 google-cloud-storage-1.29.0 google-resumable-media-0.5.1 googleapis-common-protos-1.52.0 grpcio-opentracing-1.1.4 grpcio-tools-1.30.0 gunicorn-20.0.4 importlib-resources-3.0.0 itsdangerous-1.1.0 jaeger-client-4.3.0 mccabe-0.6.1 minio-5.0.10 mypy-0.782 mypy-extensions-0.4.3 mypy-protobuf-1.22 opentracing-2.3.0 pandas-1.0.1 pathspec-0.8.0 pip-licenses-2.2.1 pyasn1-0.4.8 pyasn1-modules-0.2.8 pycodestyle-2.6.0 pycparser-2.20 pyflakes-2.2.0 pytest-5.4.2 pytest-cov-2.10.0 redis-3.5.3 regex-2020.7.14 rsa-4.6 seldon-core tenacity-6.2.0 threadloop-1.0.2 thrift-0.13.0 toml-0.10.1 tox-3.17.1 typed-ast-1.4.1 typing-extensions-3.7.4.2 virtualenv-20.0.27
WARNING: You are using pip version 20.1; however, version 20.1.1 is available.
You should consider upgrading via the '/usr/local/bin/python -m pip install --upgrade pip' command.
make: Leaving directory '/workspace/source/python'
cp ../../proto/prediction.proto ./proto
cd ../../proto/tensorflow && make create_protos
make[1]: Entering directory '/workspace/source/proto/tensorflow'
./create-protos.sh
Downloading proto files for master
make[1]: Leaving directory '/workspace/source/proto/tensorflow'
cp -vr ../../proto/tensorflow/tensorflow .
'../../proto/tensorflow/tensorflow' -> './tensorflow'
'../../proto/tensorflow/tensorflow/core' -> './tensorflow/core'
'../../proto/tensorflow/tensorflow/core/framework' -> './tensorflow/core/framework'
'../../proto/tensorflow/tensorflow/core/framework/types.proto' -> './tensorflow/core/framework/types.proto'
'../../proto/tensorflow/tensorflow/core/framework/resource_handle.proto' -> './tensorflow/core/framework/resource_handle.proto'
'../../proto/tensorflow/tensorflow/core/framework/tensor_shape.proto' -> './tensorflow/core/framework/tensor_shape.proto'
'../../proto/tensorflow/tensorflow/core/framework/tensor.proto' -> './tensorflow/core/framework/tensor.proto'
python -m grpc.tools.protoc -I. --python_out=. --grpc_python_out=. ./proto/prediction.proto
cd ../../notebooks && make build_protos
make[1]: Entering directory '/workspace/source/notebooks'
cd ../proto/tensorflow && make create_protos
make[2]: Entering directory '/workspace/source/proto/tensorflow'
make[2]: Nothing to be done for 'create_protos'.
make[2]: Leaving directory '/workspace/source/proto/tensorflow'
cp -vr ../proto/tensorflow/tensorflow .
'../proto/tensorflow/tensorflow' -> './tensorflow'
'../proto/tensorflow/tensorflow/core' -> './tensorflow/core'
'../proto/tensorflow/tensorflow/core/framework' -> './tensorflow/core/framework'
'../proto/tensorflow/tensorflow/core/framework/types.proto' -> './tensorflow/core/framework/types.proto'
'../proto/tensorflow/tensorflow/core/framework/resource_handle.proto' -> './tensorflow/core/framework/resource_handle.proto'
'../proto/tensorflow/tensorflow/core/framework/tensor_shape.proto' -> './tensorflow/core/framework/tensor_shape.proto'
'../proto/tensorflow/tensorflow/core/framework/tensor.proto' -> './tensorflow/core/framework/tensor.proto'
cp ../proto/prediction.proto ./proto
python -m grpc.tools.protoc -I. --python_out=. --grpc_python_out=. ./proto/prediction.proto
make[1]: Leaving directory '/workspace/source/notebooks'
cd ../../proto/k8s && make create_protos
make[1]: Entering directory '/workspace/source/proto/k8s'
./create-k8s-protos.sh
Downloading proto files for master
Munging proto file packages
sed -i.bak 's|import "k8s.io/apiextensions-apiserver/|//import "k8s.io/apiextensions-apiserver/|' k8s.io/api/core/v1/generated.proto
rm k8s.io/api/core/v1/generated.proto.bak
make[1]: Leaving directory '/workspace/source/proto/k8s'
pip install -r dev_requirements.txt
Collecting pytest==5.3.1
  Downloading pytest-5.3.1-py3-none-any.whl (233 kB)
Requirement already satisfied: pytest-xdist==1.30.0 in /usr/local/lib/python3.6/site-packages (from -r dev_requirements.txt (line 2)) (1.30.0)
Collecting pytest-cov==2.8.1
  Downloading pytest_cov-2.8.1-py2.py3-none-any.whl (18 kB)
Requirement already satisfied: flaky==3.6.1 in /usr/local/lib/python3.6/site-packages (from -r dev_requirements.txt (line 4)) (3.6.1)
Collecting tenacity==6.0.0
  Downloading tenacity-6.0.0-py2.py3-none-any.whl (24 kB)
Collecting sh==1.13.1
  Downloading sh-1.13.1-py2.py3-none-any.whl (40 kB)
Requirement already satisfied: ipython==7.13.0 in /usr/local/lib/python3.6/site-packages (from -r dev_requirements.txt (line 9)) (7.13.0)
Requirement already satisfied: nbconvert==5.6.1 in /usr/local/lib/python3.6/site-packages (from -r dev_requirements.txt (line 10)) (5.6.1)
Requirement already satisfied: alibi==0.3.2 in /usr/local/lib/python3.6/site-packages (from -r dev_requirements.txt (line 11)) (0.3.2)
Requirement already satisfied: matplotlib==3.1.3 in /usr/local/lib/python3.6/site-packages (from -r dev_requirements.txt (line 12)) (3.1.3)
Requirement already satisfied: tensorflow==1.15.2 in /usr/local/lib/python3.6/site-packages (from -r dev_requirements.txt (line 13)) (1.15.2)
Collecting coverage==4.5.4
  Downloading coverage-4.5.4-cp36-cp36m-manylinux1_x86_64.whl (205 kB)
Requirement already satisfied: pluggy<1.0,>=0.12 in /usr/local/lib/python3.6/site-packages (from pytest==5.3.1->-r dev_requirements.txt (line 1)) (0.13.1)
Requirement already satisfied: more-itertools>=4.0.0 in /usr/local/lib/python3.6/site-packages (from pytest==5.3.1->-r dev_requirements.txt (line 1)) (8.2.0)
Requirement already satisfied: attrs>=17.4.0 in /usr/local/lib/python3.6/site-packages (from pytest==5.3.1->-r dev_requirements.txt (line 1)) (19.3.0)
Requirement already satisfied: packaging in /usr/local/lib/python3.6/site-packages (from pytest==5.3.1->-r dev_requirements.txt (line 1)) (20.3)
Requirement already satisfied: wcwidth in /usr/local/lib/python3.6/site-packages (from pytest==5.3.1->-r dev_requirements.txt (line 1)) (0.1.9)
Requirement already satisfied: py>=1.5.0 in /usr/local/lib/python3.6/site-packages (from pytest==5.3.1->-r dev_requirements.txt (line 1)) (1.8.1)
Requirement already satisfied: importlib-metadata>=0.12; python_version < "3.8" in /usr/local/lib/python3.6/site-packages (from pytest==5.3.1->-r dev_requirements.txt (line 1)) (1.6.0)
Requirement already satisfied: pytest-forked in /usr/local/lib/python3.6/site-packages (from pytest-xdist==1.30.0->-r dev_requirements.txt (line 2)) (1.1.3)
Requirement already satisfied: execnet>=1.1 in /usr/local/lib/python3.6/site-packages (from pytest-xdist==1.30.0->-r dev_requirements.txt (line 2)) (1.7.1)
Requirement already satisfied: six in /usr/local/lib/python3.6/site-packages (from pytest-xdist==1.30.0->-r dev_requirements.txt (line 2)) (1.14.0)
Requirement already satisfied: jedi>=0.10 in /usr/local/lib/python3.6/site-packages (from ipython==7.13.0->-r dev_requirements.txt (line 9)) (0.17.0)
Requirement already satisfied: traitlets>=4.2 in /usr/local/lib/python3.6/site-packages (from ipython==7.13.0->-r dev_requirements.txt (line 9)) (4.3.3)
Requirement already satisfied: pygments in /usr/local/lib/python3.6/site-packages (from ipython==7.13.0->-r dev_requirements.txt (line 9)) (2.6.1)
Requirement already satisfied: prompt-toolkit!=3.0.0,!=3.0.1,<3.1.0,>=2.0.0 in /usr/local/lib/python3.6/site-packages (from ipython==7.13.0->-r dev_requirements.txt (line 9)) (3.0.5)
Requirement already satisfied: pexpect; sys_platform != "win32" in /usr/local/lib/python3.6/site-packages (from ipython==7.13.0->-r dev_requirements.txt (line 9)) (4.8.0)
Requirement already satisfied: pickleshare in /usr/local/lib/python3.6/site-packages (from ipython==7.13.0->-r dev_requirements.txt (line 9)) (0.7.5)
Requirement already satisfied: backcall in /usr/local/lib/python3.6/site-packages (from ipython==7.13.0->-r dev_requirements.txt (line 9)) (0.1.0)
Requirement already satisfied: setuptools>=18.5 in /usr/local/lib/python3.6/site-packages (from ipython==7.13.0->-r dev_requirements.txt (line 9)) (46.3.0)
Requirement already satisfied: decorator in /usr/local/lib/python3.6/site-packages (from ipython==7.13.0->-r dev_requirements.txt (line 9)) (4.4.2)
Requirement already satisfied: mistune<2,>=0.8.1 in /usr/local/lib/python3.6/site-packages (from nbconvert==5.6.1->-r dev_requirements.txt (line 10)) (0.8.4)
Requirement already satisfied: bleach in /usr/local/lib/python3.6/site-packages (from nbconvert==5.6.1->-r dev_requirements.txt (line 10)) (3.1.5)
Requirement already satisfied: pandocfilters>=1.4.1 in /usr/local/lib/python3.6/site-packages (from nbconvert==5.6.1->-r dev_requirements.txt (line 10)) (1.4.2)
Requirement already satisfied: jinja2>=2.4 in /usr/local/lib/python3.6/site-packages (from nbconvert==5.6.1->-r dev_requirements.txt (line 10)) (2.11.2)
Requirement already satisfied: defusedxml in /usr/local/lib/python3.6/site-packages (from nbconvert==5.6.1->-r dev_requirements.txt (line 10)) (0.6.0)
Requirement already satisfied: entrypoints>=0.2.2 in /usr/local/lib/python3.6/site-packages (from nbconvert==5.6.1->-r dev_requirements.txt (line 10)) (0.3)
Requirement already satisfied: jupyter-core in /usr/local/lib/python3.6/site-packages (from nbconvert==5.6.1->-r dev_requirements.txt (line 10)) (4.6.3)
Requirement already satisfied: nbformat>=4.4 in /usr/local/lib/python3.6/site-packages (from nbconvert==5.6.1->-r dev_requirements.txt (line 10)) (5.0.6)
Requirement already satisfied: testpath in /usr/local/lib/python3.6/site-packages (from nbconvert==5.6.1->-r dev_requirements.txt (line 10)) (0.4.4)
Requirement already satisfied: beautifulsoup4 in /usr/local/lib/python3.6/site-packages (from alibi==0.3.2->-r dev_requirements.txt (line 11)) (4.9.0)
Requirement already satisfied: scikit-image in /usr/local/lib/python3.6/site-packages (from alibi==0.3.2->-r dev_requirements.txt (line 11)) (0.17.2)
Requirement already satisfied: requests in /usr/local/lib/python3.6/site-packages (from alibi==0.3.2->-r dev_requirements.txt (line 11)) (2.23.0)
Requirement already satisfied: spacy in /usr/local/lib/python3.6/site-packages (from alibi==0.3.2->-r dev_requirements.txt (line 11)) (2.2.4)
Requirement already satisfied: numpy in /usr/local/lib/python3.6/site-packages (from alibi==0.3.2->-r dev_requirements.txt (line 11)) (1.18.4)
Requirement already satisfied: Pillow in /usr/local/lib/python3.6/site-packages (from alibi==0.3.2->-r dev_requirements.txt (line 11)) (7.2.0)
Requirement already satisfied: scikit-learn in /usr/local/lib/python3.6/site-packages (from alibi==0.3.2->-r dev_requirements.txt (line 11)) (0.23.0)
Requirement already satisfied: pandas in /usr/local/lib/python3.6/site-packages (from alibi==0.3.2->-r dev_requirements.txt (line 11)) (1.0.1)
Requirement already satisfied: cycler>=0.10 in /usr/local/lib/python3.6/site-packages (from matplotlib==3.1.3->-r dev_requirements.txt (line 12)) (0.10.0)
Requirement already satisfied: python-dateutil>=2.1 in /usr/local/lib/python3.6/site-packages (from matplotlib==3.1.3->-r dev_requirements.txt (line 12)) (2.8.1)
Requirement already satisfied: pyparsing!=2.0.4,!=2.1.2,!=2.1.6,>=2.0.1 in /usr/local/lib/python3.6/site-packages (from matplotlib==3.1.3->-r dev_requirements.txt (line 12)) (2.4.7)
Requirement already satisfied: kiwisolver>=1.0.1 in /usr/local/lib/python3.6/site-packages (from matplotlib==3.1.3->-r dev_requirements.txt (line 12)) (1.2.0)
Requirement already satisfied: astor>=0.6.0 in /usr/local/lib/python3.6/site-packages (from tensorflow==1.15.2->-r dev_requirements.txt (line 13)) (0.8.1)
Requirement already satisfied: protobuf>=3.6.1 in /usr/local/lib/python3.6/site-packages (from tensorflow==1.15.2->-r dev_requirements.txt (line 13)) (3.11.3)
Requirement already satisfied: tensorboard<1.16.0,>=1.15.0 in /usr/local/lib/python3.6/site-packages (from tensorflow==1.15.2->-r dev_requirements.txt (line 13)) (1.15.0)
Requirement already satisfied: keras-preprocessing>=1.0.5 in /usr/local/lib/python3.6/site-packages (from tensorflow==1.15.2->-r dev_requirements.txt (line 13)) (1.1.2)
Requirement already satisfied: wheel>=0.26; python_version >= "3" in /usr/local/lib/python3.6/site-packages (from tensorflow==1.15.2->-r dev_requirements.txt (line 13)) (0.34.2)
Requirement already satisfied: google-pasta>=0.1.6 in /usr/local/lib/python3.6/site-packages (from tensorflow==1.15.2->-r dev_requirements.txt (line 13)) (0.2.0)
Requirement already satisfied: termcolor>=1.1.0 in /usr/local/lib/python3.6/site-packages (from tensorflow==1.15.2->-r dev_requirements.txt (line 13)) (1.1.0)
Requirement already satisfied: keras-applications>=1.0.8 in /usr/local/lib/python3.6/site-packages (from tensorflow==1.15.2->-r dev_requirements.txt (line 13)) (1.0.8)
Requirement already satisfied: absl-py>=0.7.0 in /usr/local/lib/python3.6/site-packages (from tensorflow==1.15.2->-r dev_requirements.txt (line 13)) (0.9.0)
Requirement already satisfied: wrapt>=1.11.1 in /usr/local/lib/python3.6/site-packages (from tensorflow==1.15.2->-r dev_requirements.txt (line 13)) (1.12.1)
Requirement already satisfied: gast==0.2.2 in /usr/local/lib/python3.6/site-packages (from tensorflow==1.15.2->-r dev_requirements.txt (line 13)) (0.2.2)
Requirement already satisfied: opt-einsum>=2.3.2 in /usr/local/lib/python3.6/site-packages (from tensorflow==1.15.2->-r dev_requirements.txt (line 13)) (3.2.1)
Requirement already satisfied: grpcio>=1.8.6 in /usr/local/lib/python3.6/site-packages (from tensorflow==1.15.2->-r dev_requirements.txt (line 13)) (1.28.1)
Requirement already satisfied: tensorflow-estimator==1.15.1 in /usr/local/lib/python3.6/site-packages (from tensorflow==1.15.2->-r dev_requirements.txt (line 13)) (1.15.1)
Requirement already satisfied: zipp>=0.5 in /usr/local/lib/python3.6/site-packages (from importlib-metadata>=0.12; python_version < "3.8"->pytest==5.3.1->-r dev_requirements.txt (line 1)) (3.1.0)
Requirement already satisfied: apipkg>=1.4 in /usr/local/lib/python3.6/site-packages (from execnet>=1.1->pytest-xdist==1.30.0->-r dev_requirements.txt (line 2)) (1.5)
Requirement already satisfied: parso>=0.7.0 in /usr/local/lib/python3.6/site-packages (from jedi>=0.10->ipython==7.13.0->-r dev_requirements.txt (line 9)) (0.7.0)
Requirement already satisfied: ipython-genutils in /usr/local/lib/python3.6/site-packages (from traitlets>=4.2->ipython==7.13.0->-r dev_requirements.txt (line 9)) (0.2.0)
Requirement already satisfied: ptyprocess>=0.5 in /usr/local/lib/python3.6/site-packages (from pexpect; sys_platform != "win32"->ipython==7.13.0->-r dev_requirements.txt (line 9)) (0.6.0)
Requirement already satisfied: webencodings in /usr/local/lib/python3.6/site-packages (from bleach->nbconvert==5.6.1->-r dev_requirements.txt (line 10)) (0.5.1)
Requirement already satisfied: MarkupSafe>=0.23 in /usr/local/lib/python3.6/site-packages (from jinja2>=2.4->nbconvert==5.6.1->-r dev_requirements.txt (line 10)) (1.1.1)
Requirement already satisfied: jsonschema!=2.5.0,>=2.4 in /usr/local/lib/python3.6/site-packages (from nbformat>=4.4->nbconvert==5.6.1->-r dev_requirements.txt (line 10)) (3.2.0)
Requirement already satisfied: soupsieve>1.2 in /usr/local/lib/python3.6/site-packages (from beautifulsoup4->alibi==0.3.2->-r dev_requirements.txt (line 11)) (2.0)
Requirement already satisfied: networkx>=2.0 in /usr/local/lib/python3.6/site-packages (from scikit-image->alibi==0.3.2->-r dev_requirements.txt (line 11)) (2.4)
Requirement already satisfied: imageio>=2.3.0 in /usr/local/lib/python3.6/site-packages (from scikit-image->alibi==0.3.2->-r dev_requirements.txt (line 11)) (2.8.0)
Requirement already satisfied: tifffile>=2019.7.26 in /usr/local/lib/python3.6/site-packages (from scikit-image->alibi==0.3.2->-r dev_requirements.txt (line 11)) (2020.5.11)
Requirement already satisfied: PyWavelets>=1.1.1 in /usr/local/lib/python3.6/site-packages (from scikit-image->alibi==0.3.2->-r dev_requirements.txt (line 11)) (1.1.1)
Requirement already satisfied: scipy>=1.0.1 in /usr/local/lib/python3.6/site-packages (from scikit-image->alibi==0.3.2->-r dev_requirements.txt (line 11)) (1.4.1)
Requirement already satisfied: urllib3!=1.25.0,!=1.25.1,<1.26,>=1.21.1 in /usr/local/lib/python3.6/site-packages (from requests->alibi==0.3.2->-r dev_requirements.txt (line 11)) (1.25.9)
Requirement already satisfied: certifi>=2017.4.17 in /usr/local/lib/python3.6/site-packages (from requests->alibi==0.3.2->-r dev_requirements.txt (line 11)) (2020.4.5.1)
Requirement already satisfied: idna<3,>=2.5 in /usr/local/lib/python3.6/site-packages (from requests->alibi==0.3.2->-r dev_requirements.txt (line 11)) (2.9)
Requirement already satisfied: chardet<4,>=3.0.2 in /usr/local/lib/python3.6/site-packages (from requests->alibi==0.3.2->-r dev_requirements.txt (line 11)) (3.0.4)
Requirement already satisfied: wasabi<1.1.0,>=0.4.0 in /usr/local/lib/python3.6/site-packages (from spacy->alibi==0.3.2->-r dev_requirements.txt (line 11)) (0.6.0)
Requirement already satisfied: plac<1.2.0,>=0.9.6 in /usr/local/lib/python3.6/site-packages (from spacy->alibi==0.3.2->-r dev_requirements.txt (line 11)) (1.1.3)
Requirement already satisfied: srsly<1.1.0,>=1.0.2 in /usr/local/lib/python3.6/site-packages (from spacy->alibi==0.3.2->-r dev_requirements.txt (line 11)) (1.0.2)
Requirement already satisfied: cymem<2.1.0,>=2.0.2 in /usr/local/lib/python3.6/site-packages (from spacy->alibi==0.3.2->-r dev_requirements.txt (line 11)) (2.0.3)
Requirement already satisfied: tqdm<5.0.0,>=4.38.0 in /usr/local/lib/python3.6/site-packages (from spacy->alibi==0.3.2->-r dev_requirements.txt (line 11)) (4.46.0)
Requirement already satisfied: blis<0.5.0,>=0.4.0 in /usr/local/lib/python3.6/site-packages (from spacy->alibi==0.3.2->-r dev_requirements.txt (line 11)) (0.4.1)
Requirement already satisfied: murmurhash<1.1.0,>=0.28.0 in /usr/local/lib/python3.6/site-packages (from spacy->alibi==0.3.2->-r dev_requirements.txt (line 11)) (1.0.2)
Requirement already satisfied: catalogue<1.1.0,>=0.0.7 in /usr/local/lib/python3.6/site-packages (from spacy->alibi==0.3.2->-r dev_requirements.txt (line 11)) (1.0.0)
Requirement already satisfied: preshed<3.1.0,>=3.0.2 in /usr/local/lib/python3.6/site-packages (from spacy->alibi==0.3.2->-r dev_requirements.txt (line 11)) (3.0.2)
Requirement already satisfied: thinc==7.4.0 in /usr/local/lib/python3.6/site-packages (from spacy->alibi==0.3.2->-r dev_requirements.txt (line 11)) (7.4.0)
Requirement already satisfied: joblib>=0.11 in /usr/local/lib/python3.6/site-packages (from scikit-learn->alibi==0.3.2->-r dev_requirements.txt (line 11)) (0.14.1)
Requirement already satisfied: threadpoolctl>=2.0.0 in /usr/local/lib/python3.6/site-packages (from scikit-learn->alibi==0.3.2->-r dev_requirements.txt (line 11)) (2.0.0)
Requirement already satisfied: pytz>=2017.2 in /usr/local/lib/python3.6/site-packages (from pandas->alibi==0.3.2->-r dev_requirements.txt (line 11)) (2020.1)
Requirement already satisfied: markdown>=2.6.8 in /usr/local/lib/python3.6/site-packages (from tensorboard<1.16.0,>=1.15.0->tensorflow==1.15.2->-r dev_requirements.txt (line 13)) (3.2.2)
Requirement already satisfied: werkzeug>=0.11.15 in /usr/local/lib/python3.6/site-packages (from tensorboard<1.16.0,>=1.15.0->tensorflow==1.15.2->-r dev_requirements.txt (line 13)) (1.0.1)
Requirement already satisfied: h5py in /usr/local/lib/python3.6/site-packages (from keras-applications>=1.0.8->tensorflow==1.15.2->-r dev_requirements.txt (line 13)) (2.10.0)
Requirement already satisfied: pyrsistent>=0.14.0 in /usr/local/lib/python3.6/site-packages (from jsonschema!=2.5.0,>=2.4->nbformat>=4.4->nbconvert==5.6.1->-r dev_requirements.txt (line 10)) (0.16.0)
Requirement already satisfied: imagecodecs>=2020.2.18 in /usr/local/lib/python3.6/site-packages (from tifffile>=2019.7.26->scikit-image->alibi==0.3.2->-r dev_requirements.txt (line 11)) (2020.2.18)
Installing collected packages: pytest, coverage, pytest-cov, tenacity, sh
  Attempting uninstall: pytest
    Found existing installation: pytest 5.4.2
    Uninstalling pytest-5.4.2:
      Successfully uninstalled pytest-5.4.2
  Attempting uninstall: coverage
    Found existing installation: coverage 5.2
    Uninstalling coverage-5.2:
      Successfully uninstalled coverage-5.2
  Attempting uninstall: pytest-cov
    Found existing installation: pytest-cov 2.10.0
    Uninstalling pytest-cov-2.10.0:
      Successfully uninstalled pytest-cov-2.10.0
  Attempting uninstall: tenacity
    Found existing installation: tenacity 6.2.0
    Uninstalling tenacity-6.2.0:
      Successfully uninstalled tenacity-6.2.0
Successfully installed coverage-4.5.4 pytest-5.3.1 pytest-cov-2.8.1 sh-1.13.1 tenacity-6.0.0
WARNING: You are using pip version 20.1; however, version 20.1.1 is available.
You should consider upgrading via the '/usr/local/bin/python -m pip install --upgrade pip' command.
pip install -e ../../python
Obtaining file:///workspace/source/python
Requirement already satisfied: Flask<2.0.0 in /usr/local/lib/python3.6/site-packages (from seldon-core==1.2.2.dev0) (1.1.2)
Requirement already satisfied: jsonschema<4.0.0 in /usr/local/lib/python3.6/site-packages (from seldon-core==1.2.2.dev0) (3.2.0)
Requirement already satisfied: Flask-cors<4.0.0 in /usr/local/lib/python3.6/site-packages (from seldon-core==1.2.2.dev0) (3.0.8)
Requirement already satisfied: redis<4.0.0 in /usr/local/lib/python3.6/site-packages (from seldon-core==1.2.2.dev0) (3.5.3)
Requirement already satisfied: requests<3.0.0 in /usr/local/lib/python3.6/site-packages (from seldon-core==1.2.2.dev0) (2.23.0)
Requirement already satisfied: numpy<2.0.0 in /usr/local/lib/python3.6/site-packages (from seldon-core==1.2.2.dev0) (1.18.4)
Requirement already satisfied: flatbuffers<2.0.0 in /usr/local/lib/python3.6/site-packages (from seldon-core==1.2.2.dev0) (1.12)
Requirement already satisfied: protobuf<4.0.0 in /usr/local/lib/python3.6/site-packages (from seldon-core==1.2.2.dev0) (3.11.3)
Requirement already satisfied: grpcio<2.0.0 in /usr/local/lib/python3.6/site-packages (from seldon-core==1.2.2.dev0) (1.28.1)
Requirement already satisfied: Flask-OpenTracing<1.2.0,>=1.1.0 in /usr/local/lib/python3.6/site-packages (from seldon-core==1.2.2.dev0) (1.1.0)
Requirement already satisfied: opentracing<2.4.0,>=2.2.0 in /usr/local/lib/python3.6/site-packages (from seldon-core==1.2.2.dev0) (2.3.0)
Requirement already satisfied: jaeger-client<4.4.0,>=4.1.0 in /usr/local/lib/python3.6/site-packages (from seldon-core==1.2.2.dev0) (4.3.0)
Requirement already satisfied: grpcio-opentracing<1.2.0,>=1.1.4 in /usr/local/lib/python3.6/site-packages (from seldon-core==1.2.2.dev0) (1.1.4)
Requirement already satisfied: PyYAML<5.4 in /usr/local/lib/python3.6/site-packages (from seldon-core==1.2.2.dev0) (5.3.1)
Requirement already satisfied: gunicorn<20.1.0,>=19.9.0 in /usr/local/lib/python3.6/site-packages (from seldon-core==1.2.2.dev0) (20.0.4)
Requirement already satisfied: minio<6.0.0,>=4.0.9 in /usr/local/lib/python3.6/site-packages (from seldon-core==1.2.2.dev0) (5.0.10)
Requirement already satisfied: azure-storage-blob<3.0.0,>=2.0.1 in /usr/local/lib/python3.6/site-packages (from seldon-core==1.2.2.dev0) (2.1.0)
Requirement already satisfied: setuptools>=41.0.0 in /usr/local/lib/python3.6/site-packages (from seldon-core==1.2.2.dev0) (46.3.0)
Requirement already satisfied: prometheus_client<0.9.0,>=0.7.1 in /usr/local/lib/python3.6/site-packages (from seldon-core==1.2.2.dev0) (0.7.1)
Requirement already satisfied: click>=5.1 in /usr/local/lib/python3.6/site-packages (from Flask<2.0.0->seldon-core==1.2.2.dev0) (7.1.2)
Requirement already satisfied: Jinja2>=2.10.1 in /usr/local/lib/python3.6/site-packages (from Flask<2.0.0->seldon-core==1.2.2.dev0) (2.11.2)
Requirement already satisfied: itsdangerous>=0.24 in /usr/local/lib/python3.6/site-packages (from Flask<2.0.0->seldon-core==1.2.2.dev0) (1.1.0)
Requirement already satisfied: Werkzeug>=0.15 in /usr/local/lib/python3.6/site-packages (from Flask<2.0.0->seldon-core==1.2.2.dev0) (1.0.1)
Requirement already satisfied: pyrsistent>=0.14.0 in /usr/local/lib/python3.6/site-packages (from jsonschema<4.0.0->seldon-core==1.2.2.dev0) (0.16.0)
Requirement already satisfied: six>=1.11.0 in /usr/local/lib/python3.6/site-packages (from jsonschema<4.0.0->seldon-core==1.2.2.dev0) (1.14.0)
Requirement already satisfied: attrs>=17.4.0 in /usr/local/lib/python3.6/site-packages (from jsonschema<4.0.0->seldon-core==1.2.2.dev0) (19.3.0)
Requirement already satisfied: importlib-metadata; python_version < "3.8" in /usr/local/lib/python3.6/site-packages (from jsonschema<4.0.0->seldon-core==1.2.2.dev0) (1.6.0)
Requirement already satisfied: certifi>=2017.4.17 in /usr/local/lib/python3.6/site-packages (from requests<3.0.0->seldon-core==1.2.2.dev0) (2020.4.5.1)
Requirement already satisfied: urllib3!=1.25.0,!=1.25.1,<1.26,>=1.21.1 in /usr/local/lib/python3.6/site-packages (from requests<3.0.0->seldon-core==1.2.2.dev0) (1.25.9)
Requirement already satisfied: chardet<4,>=3.0.2 in /usr/local/lib/python3.6/site-packages (from requests<3.0.0->seldon-core==1.2.2.dev0) (3.0.4)
Requirement already satisfied: idna<3,>=2.5 in /usr/local/lib/python3.6/site-packages (from requests<3.0.0->seldon-core==1.2.2.dev0) (2.9)
Requirement already satisfied: threadloop<2,>=1 in /usr/local/lib/python3.6/site-packages (from jaeger-client<4.4.0,>=4.1.0->seldon-core==1.2.2.dev0) (1.0.2)
Requirement already satisfied: thrift in /usr/local/lib/python3.6/site-packages (from jaeger-client<4.4.0,>=4.1.0->seldon-core==1.2.2.dev0) (0.13.0)
Requirement already satisfied: tornado>=4.3 in /usr/local/lib/python3.6/site-packages (from jaeger-client<4.4.0,>=4.1.0->seldon-core==1.2.2.dev0) (6.0.4)
Requirement already satisfied: configparser in /usr/local/lib/python3.6/site-packages (from minio<6.0.0,>=4.0.9->seldon-core==1.2.2.dev0) (5.0.0)
Requirement already satisfied: python-dateutil in /usr/local/lib/python3.6/site-packages (from minio<6.0.0,>=4.0.9->seldon-core==1.2.2.dev0) (2.8.1)
Requirement already satisfied: pytz in /usr/local/lib/python3.6/site-packages (from minio<6.0.0,>=4.0.9->seldon-core==1.2.2.dev0) (2020.1)
Requirement already satisfied: azure-common>=1.1.5 in /usr/local/lib/python3.6/site-packages (from azure-storage-blob<3.0.0,>=2.0.1->seldon-core==1.2.2.dev0) (1.1.25)
Requirement already satisfied: azure-storage-common~=2.1 in /usr/local/lib/python3.6/site-packages (from azure-storage-blob<3.0.0,>=2.0.1->seldon-core==1.2.2.dev0) (2.1.0)
Requirement already satisfied: MarkupSafe>=0.23 in /usr/local/lib/python3.6/site-packages (from Jinja2>=2.10.1->Flask<2.0.0->seldon-core==1.2.2.dev0) (1.1.1)
Requirement already satisfied: zipp>=0.5 in /usr/local/lib/python3.6/site-packages (from importlib-metadata; python_version < "3.8"->jsonschema<4.0.0->seldon-core==1.2.2.dev0) (3.1.0)
Requirement already satisfied: cryptography in /usr/local/lib/python3.6/site-packages (from azure-storage-common~=2.1->azure-storage-blob<3.0.0,>=2.0.1->seldon-core==1.2.2.dev0) (3.0)
Requirement already satisfied: cffi!=1.11.3,>=1.8 in /usr/local/lib/python3.6/site-packages (from cryptography->azure-storage-common~=2.1->azure-storage-blob<3.0.0,>=2.0.1->seldon-core==1.2.2.dev0) (1.14.0)
Requirement already satisfied: pycparser in /usr/local/lib/python3.6/site-packages (from cffi!=1.11.3,>=1.8->cryptography->azure-storage-common~=2.1->azure-storage-blob<3.0.0,>=2.0.1->seldon-core==1.2.2.dev0) (2.20)
Installing collected packages: seldon-core
  Attempting uninstall: seldon-core
    Found existing installation: seldon-core 1.2.2.dev0
    Uninstalling seldon-core-1.2.2.dev0:
      Successfully uninstalled seldon-core-1.2.2.dev0
  Running setup.py develop for seldon-core
Successfully installed seldon-core
WARNING: You are using pip version 20.1; however, version 20.1.1 is available.
You should consider upgrading via the '/usr/local/bin/python -m pip install --upgrade pip' command.
pytest \
	--verbose \
	-s \
	-m "notebooks" \
	-W ignore test_notebooks.py::TestNotebooks 2>&1
============================= test session starts ==============================
platform linux -- Python 3.6.10, pytest-5.3.1, py-1.8.1, pluggy-0.13.1 -- /usr/local/bin/python
cachedir: .pytest_cache
rootdir: /workspace/source/testing/scripts, inifile: setup.cfg
plugins: cov-2.8.1, xdist-1.30.0, forked-1.1.3, flaky-3.6.1
collecting ... collected 25 items

test_notebooks.py::TestNotebooks::test_helm_examples [NbConvertApp] Converting notebook ../../notebooks/helm_examples.ipynb to script
[NbConvertApp] Writing 6781 bytes to ../../notebooks/helm_examples.py

PODS UPDATE: NAMESPACE       NAME                                         READY   STATUS    RESTARTS   AGE


PODS UPDATE: cert-manager    cert-manager-5c47f46f57-6jr92                1/1     Running   0          2m4s


PODS UPDATE: cert-manager    cert-manager-cainjector-6659d6844d-dh9p9     1/1     Running   0          2m4s


PODS UPDATE: cert-manager    cert-manager-webhook-547567b88f-rls8g        1/1     Running   0          2m4s


PODS UPDATE: istio-system    grafana-6b65874977-dxccf                     1/1     Running   0          3m41s


PODS UPDATE: istio-system    istio-citadel-86dcf4c6b-lvkfv                1/1     Running   0          3m42s


PODS UPDATE: istio-system    istio-egressgateway-68f754ccdd-mlwwk         1/1     Running   0          3m42s


PODS UPDATE: istio-system    istio-galley-5fc6d6c45b-5nrdp                1/1     Running   0          3m41s


PODS UPDATE: istio-system    istio-ingressgateway-6d759478d8-nmltg        1/1     Running   0          3m40s


PODS UPDATE: istio-system    istio-pilot-5c4995d687-ckdtf                 1/1     Running   0          3m40s


PODS UPDATE: istio-system    istio-policy-57b99968f-dznxd                 1/1     Running   0          3m40s


PODS UPDATE: istio-system    istio-sidecar-injector-746f7c7bbb-jbt45      1/1     Running   0          3m39s


PODS UPDATE: istio-system    istio-telemetry-854d8556d5-2ss6b             1/1     Running   0          3m39s


PODS UPDATE: istio-system    istio-tracing-c66d67cd9-cd26r                1/1     Running   0          3m39s


PODS UPDATE: istio-system    kiali-8559969566-kzcg8                       1/1     Running   0          3m40s


PODS UPDATE: istio-system    prometheus-66c5887c86-4g4mh                  1/1     Running   0          3m40s


PODS UPDATE: kube-system     coredns-5644d7b6d9-rqmhc                     1/1     Running   0          14m


PODS UPDATE: kube-system     coredns-5644d7b6d9-vt8fd                     1/1     Running   0          14m


PODS UPDATE: kube-system     etcd-kind-control-plane                      1/1     Running   0          13m


PODS UPDATE: kube-system     kindnet-h72qh                                1/1     Running   0          14m


PODS UPDATE: kube-system     kindnet-v7xmx                                1/1     Running   0          13m


PODS UPDATE: kube-system     kube-apiserver-kind-control-plane            1/1     Running   0          13m


PODS UPDATE: kube-system     kube-controller-manager-kind-control-plane   1/1     Running   0          13m


PODS UPDATE: kube-system     kube-proxy-pjgzm                             1/1     Running   0          14m


PODS UPDATE: kube-system     kube-proxy-ttd8j                             1/1     Running   0          13m


PODS UPDATE: kube-system     kube-scheduler-kind-control-plane            1/1     Running   0          12m


PODS UPDATE: kube-system     metrics-server-787cbd4d5d-jpnm8              1/1     Running   0          86s


PODS UPDATE: seldon-system   seldon-controller-manager-85c9cb6d7f-dxz4t   1/1     Running   0          89s


PODS UPDATE: seldon          ambassador-95fd8dd4d-z8qxn                   1/1     Running   0          4m43s


PODS UPDATE: seldon          jaeger-658576999c-4zbc2                      1/1     Running   0          2m5s


PODS UPDATE: seldon          jaeger-operator-7b5fdddfb8-dc2jq             1/1     Running   0          2m21s


PODS UPDATE: seldon          mymodel-default-0-model-5d4dd8759f-brxd5     0/2     Pending   0          0s


PODS UPDATE: seldon          mymodel-default-0-model-5d4dd8759f-brxd5     0/2     Pending   0          0s


PODS UPDATE: seldon          mymodel-default-0-model-5d4dd8759f-brxd5     0/2     ContainerCreating   0          0s


PODS UPDATE: seldon          mymodel-default-0-model-5d4dd8759f-brxd5     0/2     Running             0          74s


PODS UPDATE: seldon          mymodel-default-0-model-5d4dd8759f-brxd5     1/2     Running             0          90s


PODS UPDATE: seldon          mymodel-default-0-model-5d4dd8759f-brxd5     2/2     Running             0          95s


PODS UPDATE: seldon          mymodel-default-0-model-5d4dd8759f-brxd5     2/2     Terminating         0          113s


PODS UPDATE: seldon          mymodel-default-0-model-7c846d668d-6jq4g     0/2     Pending             0          0s


PODS UPDATE: seldon          mymodel-default-0-model-7c846d668d-6jq4g     0/2     Pending             0          0s


PODS UPDATE: seldon          mymodel-default-0-model-7c846d668d-6jq4g     0/2     ContainerCreating   0          0s


PODS UPDATE: seldon          mymodel-default-0-model-5d4dd8759f-brxd5     1/2     Terminating         0          2m6s


PODS UPDATE: seldon          mymodel-default-0-model-5d4dd8759f-brxd5     0/2     Terminating         0          2m20s


PODS UPDATE: seldon          mymodel-default-0-model-5d4dd8759f-brxd5     0/2     Terminating         0          2m21s


PODS UPDATE: seldon          mymodel-default-0-model-5d4dd8759f-brxd5     0/2     Terminating         0          2m21s


PODS UPDATE: seldon          mymodel-default-0-model-7c846d668d-6jq4g     0/2     Running             0          42s


PODS UPDATE: seldon          mymodel-default-0-model-7c846d668d-6jq4g     1/2     Running             0          64s


PODS UPDATE: seldon          mymodel-default-0-model-7c846d668d-6jq4g     2/2     Running             0          66s


PODS UPDATE: seldon          mymodel-default-0-model-7c846d668d-6jq4g     2/2     Terminating         0          81s


PODS UPDATE: seldon          myabtest-default-0-classifier-1-656b75dd95-p7879   0/2     Pending             0          0s


PODS UPDATE: seldon          myabtest-default-1-classifier-2-747c847b7-799ch    0/1     Pending             0          0s


PODS UPDATE: seldon          myabtest-default-1-classifier-2-747c847b7-799ch    0/1     Pending             0          0s


PODS UPDATE: seldon          myabtest-default-0-classifier-1-656b75dd95-p7879   0/2     Pending             0          0s


PODS UPDATE: seldon          myabtest-default-1-classifier-2-747c847b7-799ch    0/1     ContainerCreating   0          0s


PODS UPDATE: seldon          myabtest-default-0-classifier-1-656b75dd95-p7879   0/2     ContainerCreating   0          0s


PODS UPDATE: seldon          myabtest-default-0-classifier-1-656b75dd95-p7879   0/2     Running             0          2s


PODS UPDATE: seldon          myabtest-default-1-classifier-2-747c847b7-799ch    0/1     Running             0          2s


PODS UPDATE: seldon          mymodel-default-0-model-7c846d668d-6jq4g           1/2     Terminating         0          96s


PODS UPDATE: seldon          mymodel-default-0-model-7c846d668d-6jq4g           0/2     Terminating         0          103s


PODS UPDATE: seldon          myabtest-default-0-classifier-1-656b75dd95-p7879   1/2     Running             0          21s


PODS UPDATE: seldon          myabtest-default-1-classifier-2-747c847b7-799ch    1/1     Running             0          24s


PODS UPDATE: seldon          myabtest-default-0-classifier-1-656b75dd95-p7879   2/2     Running             0          27s


PODS UPDATE: seldon          mymodel-default-0-model-7c846d668d-6jq4g           0/2     Terminating         0          114s


PODS UPDATE: seldon          mymodel-default-0-model-7c846d668d-6jq4g           0/2     Terminating         0          114s


PODS UPDATE: seldon          myabtest-default-1-classifier-2-747c847b7-799ch    1/1     Terminating         0          44s


PODS UPDATE: seldon          myabtest-default-0-classifier-1-656b75dd95-p7879   2/2     Terminating         0          44s


PODS UPDATE: seldon          myabtest-default-0-classifier-1-6487d79c54-gtc8g   0/2     Pending             0          0s


PODS UPDATE: seldon          myabtest-default-1-classifier-2-56b6d45887-n4wlb   0/1     Pending             0          0s


PODS UPDATE: seldon          myabtest-default-0-classifier-1-6487d79c54-gtc8g   0/2     Pending             0          0s


PODS UPDATE: seldon          myabtest-default-1-classifier-2-56b6d45887-n4wlb   0/1     Pending             0          0s


PODS UPDATE: seldon          myabtest-default-0-classifier-1-6487d79c54-gtc8g   0/2     ContainerCreating   0          0s


PODS UPDATE: seldon          myabtest-default-1-classifier-2-56b6d45887-n4wlb   0/1     ContainerCreating   0          0s


PODS UPDATE: seldon          myabtest-default-0-classifier-1-6487d79c54-gtc8g   0/2     Running             0          2s


PODS UPDATE: seldon          myabtest-default-1-classifier-2-56b6d45887-n4wlb   0/1     Running             0          2s


PODS UPDATE: seldon          myabtest-default-0-classifier-1-656b75dd95-p7879   1/2     Terminating         0          57s


PODS UPDATE: seldon          myabtest-default-0-classifier-1-656b75dd95-p7879   0/2     Terminating         0          65s


PODS UPDATE: seldon          myabtest-default-0-classifier-1-656b75dd95-p7879   0/2     Terminating         0          65s


PODS UPDATE: seldon          myabtest-default-1-classifier-2-747c847b7-799ch    0/1     Terminating         0          65s


PODS UPDATE: seldon          myabtest-default-1-classifier-2-747c847b7-799ch    0/1     Terminating         0          66s


PODS UPDATE: seldon          myabtest-default-1-classifier-2-747c847b7-799ch    0/1     Terminating         0          66s


PODS UPDATE: seldon          myabtest-default-0-classifier-1-656b75dd95-p7879   0/2     Terminating         0          66s


PODS UPDATE: seldon          myabtest-default-0-classifier-1-656b75dd95-p7879   0/2     Terminating         0          66s


PODS UPDATE: seldon          myabtest-default-0-classifier-1-6487d79c54-gtc8g   1/2     Running             0          21s


PODS UPDATE: seldon          myabtest-default-1-classifier-2-56b6d45887-n4wlb   1/1     Running             0          22s


PODS UPDATE: seldon          myabtest-default-0-classifier-1-6487d79c54-gtc8g   2/2     Running             0          23s


PODS UPDATE: seldon          myabtest-default-0-classifier-1-6487d79c54-gtc8g   2/2     Terminating         0          42s


PODS UPDATE: seldon          myabtest-default-1-classifier-2-56b6d45887-n4wlb   1/1     Terminating         0          42s


PODS UPDATE: seldon          mymab-default-0-classifier-1-7d8cd6c46-pqlwg       0/2     Pending             0          0s


PODS UPDATE: seldon          mymab-default-1-classifier-2-6fd57fbf8d-6nd2v      0/1     Pending             0          0s


PODS UPDATE: seldon          mymab-default-1-classifier-2-6fd57fbf8d-6nd2v      0/1     Pending             0          0s


PODS UPDATE: seldon          mymab-default-0-classifier-1-7d8cd6c46-pqlwg       0/2     Pending             0          0s


PODS UPDATE: seldon          mymab-default-2-eg-router-5bbf95bdc7-89zbx         0/1     Pending             0          0s


PODS UPDATE: seldon          mymab-default-2-eg-router-5bbf95bdc7-89zbx         0/1     Pending             0          0s


PODS UPDATE: seldon          mymab-default-1-classifier-2-6fd57fbf8d-6nd2v      0/1     ContainerCreating   0          0s


PODS UPDATE: seldon          mymab-default-0-classifier-1-7d8cd6c46-pqlwg       0/2     ContainerCreating   0          0s


PODS UPDATE: seldon          mymab-default-2-eg-router-5bbf95bdc7-89zbx         0/1     ContainerCreating   0          0s


PODS UPDATE: seldon          mymab-default-1-classifier-2-6fd57fbf8d-6nd2v      0/1     Running             0          1s


PODS UPDATE: seldon          mymab-default-0-classifier-1-7d8cd6c46-pqlwg       0/2     Running             0          2s


PODS UPDATE: seldon          myabtest-default-0-classifier-1-6487d79c54-gtc8g   1/2     Terminating         0          53s


PODS UPDATE: seldon          mymab-default-2-eg-router-5bbf95bdc7-89zbx         0/1     Running             0          8s


PODS UPDATE: seldon          myabtest-default-0-classifier-1-6487d79c54-gtc8g   0/2     Terminating         0          63s


PODS UPDATE: seldon          myabtest-default-0-classifier-1-6487d79c54-gtc8g   0/2     Terminating         0          63s


PODS UPDATE: seldon          myabtest-default-1-classifier-2-56b6d45887-n4wlb   0/1     Terminating         0          63s


PODS UPDATE: seldon        PASSED
test_notebooks.py::TestNotebooks::test_explainer_examples [NbConvertApp] Converting notebook ../../notebooks/explainer_examples.ipynb to script
[NbConvertApp] Writing 12052 bytes to ../../notebooks/explainer_examples.py
  myabtest-default-0-classifier-1-6487d79c54-gtc8g   0/2     Terminating         0          64s


PODS UPDATE: seldon          myabtest-default-0-classifier-1-6487d79c54-gtc8g   0/2     Terminating         0          64s


PODS UPDATE: seldon          myabtest-default-1-classifier-2-56b6d45887-n4wlb   0/1     Terminating         0          64s


PODS UPDATE: seldon          myabtest-default-1-classifier-2-56b6d45887-n4wlb   0/1     Terminating         0          64s


PODS UPDATE: seldon          mymab-default-0-classifier-1-7d8cd6c46-pqlwg       1/2     Running             0          21s


PODS UPDATE: seldon          mymab-default-1-classifier-2-6fd57fbf8d-6nd2v      1/1     Running             0          26s


PODS UPDATE: seldon          mymab-default-2-eg-router-5bbf95bdc7-89zbx         1/1     Running             0          27s


PODS UPDATE: seldon          mymab-default-0-classifier-1-7d8cd6c46-pqlwg       2/2     Running             0          27s


PODS UPDATE: seldon          mymab-default-1-classifier-2-6fd57fbf8d-6nd2v      1/1     Terminating         0          43s


PODS UPDATE: seldon          mymab-default-2-eg-router-5bbf95bdc7-89zbx         1/1     Terminating         0          43s


PODS UPDATE: seldon          mymab-default-0-classifier-1-7d8cd6c46-pqlwg       2/2     Terminating         0          43s


PODS UPDATE: seldon          mymab-default-0-classifier-1-c4d684f88-v6vgx       0/2     Pending             0          0s


PODS UPDATE: seldon          mymab-default-1-classifier-2-58dff9f78d-rvvsp      0/1     Pending             0          0s


PODS UPDATE: seldon          mymab-default-0-classifier-1-c4d684f88-v6vgx       0/2     Pending             0          0s


PODS UPDATE: seldon          mymab-default-1-classifier-2-58dff9f78d-rvvsp      0/1     Pending             0          0s


PODS UPDATE: seldon          mymab-default-2-eg-router-7ccf5b447c-lxk42         0/1     Pending             0          0s


PODS UPDATE: seldon          mymab-default-2-eg-router-7ccf5b447c-lxk42         0/1     Pending             0          0s


PODS UPDATE: seldon          mymab-default-0-classifier-1-c4d684f88-v6vgx       0/2     ContainerCreating   0          0s


PODS UPDATE: seldon          mymab-default-1-classifier-2-58dff9f78d-rvvsp      0/1     ContainerCreating   0          0s


PODS UPDATE: seldon          mymab-default-2-eg-router-7ccf5b447c-lxk42         0/1     ContainerCreating   0          0s


PODS UPDATE: seldon          mymab-default-1-classifier-2-58dff9f78d-rvvsp      0/1     Running             0          1s


PODS UPDATE: seldon          mymab-default-0-classifier-1-c4d684f88-v6vgx       0/2     Running             0          2s


PODS UPDATE: seldon          mymab-default-2-eg-router-7ccf5b447c-lxk42         0/1     Running             0          4s


PODS UPDATE: seldon          mymab-default-0-classifier-1-7d8cd6c46-pqlwg       1/2     Terminating         0          55s


PODS UPDATE: seldon          mymab-default-0-classifier-1-7d8cd6c46-pqlwg       0/2     Terminating         0          64s


PODS UPDATE: seldon          mymab-default-0-classifier-1-7d8cd6c46-pqlwg       0/2     Terminating         0          64s


PODS UPDATE: seldon          mymab-default-1-classifier-2-6fd57fbf8d-6nd2v      0/1     Terminating         0          64s


PODS UPDATE: seldon          mymab-default-2-eg-router-5bbf95bdc7-89zbx         0/1     Terminating         0          64s


PODS UPDATE: seldon          mymab-default-0-classifier-1-c4d684f88-v6vgx       1/2     Running             0          22s


PODS UPDATE: seldon          mymab-default-2-eg-router-5bbf95bdc7-89zbx         0/1     Terminating         0          71s


PODS UPDATE: seldon          mymab-default-2-eg-router-5bbf95bdc7-89zbx         0/1     Terminating         0          71s


PODS UPDATE: seldon          mymab-default-0-classifier-1-7d8cd6c46-pqlwg       0/2     Terminating         0          71s


PODS UPDATE: seldon          mymab-default-0-classifier-1-7d8cd6c46-pqlwg       0/2     Terminating         0          71s


PODS UPDATE: seldon          mymab-default-1-classifier-2-6fd57fbf8d-6nd2v      0/1     Terminating         0          71s


PODS UPDATE: seldon          mymab-default-1-classifier-2-6fd57fbf8d-6nd2v      0/1     Terminating         0          71s


PODS UPDATE: seldon          mymab-default-2-eg-router-7ccf5b447c-lxk42         1/1     Running             0          24s


PODS UPDATE: seldon          mymab-default-1-classifier-2-58dff9f78d-rvvsp      1/1     Running             0          25s


PODS UPDATE: seldon          mymab-default-0-classifier-1-c4d684f88-v6vgx       2/2     Running             0          28s


PODS UPDATE: seldon          mymab-default-1-classifier-2-58dff9f78d-rvvsp      1/1     Terminating         0          45s


PODS UPDATE: seldon          mymab-default-0-classifier-1-c4d684f88-v6vgx       2/2     Terminating         0          45s


PODS UPDATE: seldon          mymab-default-2-eg-router-7ccf5b447c-lxk42         1/1     Terminating         0          45s


PODS UPDATE: seldon          income-default-0-classifier-f94f57c89-lj7xj        0/2     Pending             0          0s


PODS UPDATE: seldon          income-default-explainer-5c558ff779-mw89q          0/1     Pending             0          0s


PODS UPDATE: seldon          income-default-0-classifier-f94f57c89-lj7xj        0/2     Pending             0          0s


PODS UPDATE: seldon          income-default-explainer-5c558ff779-mw89q          0/1     Pending             0          0s


PODS UPDATE: seldon          income-default-0-classifier-f94f57c89-lj7xj        0/2     Init:0/1            0          0s


PODS UPDATE: seldon          income-default-explainer-5c558ff779-mw89q          0/1     Init:0/1            0          0s


PODS UPDATE: seldon          mymab-default-0-classifier-1-c4d684f88-v6vgx       1/2     Terminating         0          58s


PODS UPDATE: seldon          income-default-0-classifier-f94f57c89-lj7xj        0/2     Init:0/1            0          14s


PODS UPDATE: seldon          mymab-default-2-eg-router-7ccf5b447c-lxk42         0/1     Terminating         0          67s


PODS UPDATE: seldon          mymab-default-2-eg-router-7ccf5b447c-lxk42         0/1     Terminating         0          67s


PODS UPDATE: seldon          mymab-default-0-classifier-1-c4d684f88-v6vgx       0/2     Terminating         0          67s


PODS UPDATE: seldon          mymab-default-0-classifier-1-c4d684f88-v6vgx       0/2     Terminating         0          67s


PODS UPDATE: seldon          mymab-default-1-classifier-2-58dff9f78d-rvvsp      0/1     Terminating         0          68s


PODS UPDATE: seldon          income-default-explainer-5c558ff779-mw89q          0/1     Init:0/1            0          15s


PODS UPDATE: seldon          mymab-default-2-eg-router-7ccf5b447c-lxk42         0/1     Terminating         0          69s


PODS UPDATE: seldon          mymab-default-2-eg-router-7ccf5b447c-lxk42         0/1     Terminating         0          69s


PODS UPDATE: seldon          mymab-default-0-classifier-1-c4d684f88-v6vgx       0/2     Terminating         0          69s


PODS UPDATE: seldon          mymab-default-0-classifier-1-c4d684f88-v6vgx       0/2     Terminating         0          69s


PODS UPDATE: seldon          mymab-default-1-classifier-2-58dff9f78d-rvvsp      0/1     Terminating         0          70s


PODS UPDATE: seldon          mymab-default-1-classifier-2-58dff9f78d-rvvsp      0/1     Terminating         0          70s


PODS UPDATE: seldon          income-default-explainer-5c558ff779-mw89q          0/1     PodInitializing     0          17s


PODS UPDATE: seldon          income-default-0-classifier-f94f57c89-lj7xj        0/2     PodInitializing     0          18s


PODS UPDATE: seldon          income-default-explainer-5c558ff779-mw89q          0/1     Running             0          117s


PODS UPDATE: seldon          income-default-0-classifier-f94f57c89-lj7xj        0/2     Running             0          2m11s


PODS UPDATE: seldon          income-default-explainer-5c558ff779-mw89q          1/1     Running             0PASSED
test_notebooks.py::TestNotebooks::test_istio_examples [NbConvertApp] Converting notebook ../../notebooks/istio_example.ipynb to script
[NbConvertApp] Writing 5706 bytes to ../../notebooks/istio_example.py
          2m17s


PODS UPDATE: seldon          income-default-0-classifier-f94f57c89-lj7xj        1/2     Running             0          2m32s


PODS UPDATE: seldon          income-default-0-classifier-f94f57c89-lj7xj        2/2     Running             0          2m33s


PODS UPDATE: seldon          income-default-explainer-5c558ff779-mw89q          1/1     Terminating         0          3m9s


PODS UPDATE: seldon          income-default-0-classifier-f94f57c89-lj7xj        2/2     Terminating         0          3m9s


PODS UPDATE: seldon          movie-default-0-classifier-6ccb84874f-kbsth        0/2     Pending             0          0s


PODS UPDATE: seldon          movie-default-explainer-7ff7587b79-cqrqs           0/1     Pending             0          0s


PODS UPDATE: seldon          movie-default-0-classifier-6ccb84874f-kbsth        0/2     Pending             0          0s


PODS UPDATE: seldon          movie-default-explainer-7ff7587b79-cqrqs           0/1     Pending             0          0s


PODS UPDATE: seldon          movie-default-0-classifier-6ccb84874f-kbsth        0/2     Init:0/1            0          0s


PODS UPDATE: seldon          movie-default-explainer-7ff7587b79-cqrqs           0/1     ContainerCreating   0          0s


PODS UPDATE: seldon          movie-default-explainer-7ff7587b79-cqrqs           0/1     Running             0          1s


PODS UPDATE: seldon          movie-default-0-classifier-6ccb84874f-kbsth        0/2     Init:0/1            0          2s


PODS UPDATE: seldon          movie-default-0-classifier-6ccb84874f-kbsth        0/2     PodInitializing     0          3s


PODS UPDATE: seldon          movie-default-0-classifier-6ccb84874f-kbsth        0/2     Running             0          4s


PODS UPDATE: seldon          income-default-0-classifier-f94f57c89-lj7xj        0/2     Terminating         0          3m21s


PODS UPDATE: seldon          income-default-0-classifier-f94f57c89-lj7xj        0/2     Terminating         0          3m22s


PODS UPDATE: seldon          income-default-0-classifier-f94f57c89-lj7xj        0/2     Terminating         0          3m22s


PODS UPDATE: seldon          income-default-explainer-5c558ff779-mw89q          0/1     Terminating         0          3m33s


PODS UPDATE: seldon          income-default-explainer-5c558ff779-mw89q          0/1     Terminating         0          3m34s


PODS UPDATE: seldon          income-default-explainer-5c558ff779-mw89q          0/1     Terminating         0          3m34s


PODS UPDATE: seldon          movie-default-0-classifier-6ccb84874f-kbsth        1/2     Running             0          23s


PODS UPDATE: seldon          movie-default-0-classifier-6ccb84874f-kbsth        2/2     Running             0          27s


PODS UPDATE: seldon          movie-default-explainer-7ff7587b79-cqrqs           1/1     Running             0          28s


PODS UPDATE: seldon          movie-default-explainer-7ff7587b79-cqrqs           1/1     Terminating         0          58s


PODS UPDATE: seldon          movie-default-0-classifier-6ccb84874f-kbsth        2/2     Terminating         0          58s


PODS UPDATE: seldon          image-default-0-transformer-classifier-7c87f4ffb9-s7q95   0/4     Pending             0          0s


PODS UPDATE: seldon          image-default-explainer-85f84c7c86-xxjm6                  0/1     Pending             0          0s


PODS UPDATE: seldon          image-default-0-transformer-classifier-7c87f4ffb9-s7q95   0/4     Pending             0          0s


PODS UPDATE: seldon          image-default-explainer-85f84c7c86-xxjm6                  0/1     Pending             0          0s


PODS UPDATE: seldon          image-default-0-transformer-classifier-7c87f4ffb9-s7q95   0/4     Init:0/1            0          0s


PODS UPDATE: seldon          image-default-explainer-85f84c7c86-xxjm6                  0/1     Init:0/1            0          0s


PODS UPDATE: seldon          image-default-0-transformer-classifier-7c87f4ffb9-s7q95   0/4     Init:0/1            0          2s


PODS UPDATE: seldon          image-default-explainer-85f84c7c86-xxjm6                  0/1     Init:0/1            0          2s


PODS UPDATE: seldon          image-default-explainer-85f84c7c86-xxjm6                  0/1     PodInitializing     0          4s


PODS UPDATE: seldon          image-default-explainer-85f84c7c86-xxjm6                  0/1     Running             0          5s


PODS UPDATE: seldon          movie-default-0-classifier-6ccb84874f-kbsth               0/2     Terminating         0          70s


PODS UPDATE: seldon          movie-default-0-classifier-6ccb84874f-kbsth               0/2     Terminating         0          71s


PODS UPDATE: seldon          movie-default-0-classifier-6ccb84874f-kbsth               0/2     Terminating         0          71s


PODS UPDATE: seldon          image-default-0-transformer-classifier-7c87f4ffb9-s7q95   0/4     PodInitializing     0          15s


PODS UPDATE: seldon          movie-default-explainer-7ff7587b79-cqrqs                  0/1     Terminating         0          79s


PODS UPDATE: seldon          movie-default-explainer-7ff7587b79-cqrqs                  0/1     Terminating         0          85s


PODS UPDATE: seldon          movie-default-explainer-7ff7587b79-cqrqs                  0/1     Terminating         0          85s


PODS UPDATE: seldon          image-default-explainer-85f84c7c86-xxjm6                  1/1     Running             0          28s


PODS UPDATE: seldon          image-default-0-transformer-classifier-7c87f4ffb9-s7q95   1/4     Running             0          2m4s


PODS UPDATE: seldon          image-default-0-transformer-classifier-7c87f4ffb9-s7q95   2/4     Running             0          2m7s


PODS UPDATE: seldon          image-default-0-transformer-classifier-7c87f4ffb9-s7q95   3/4     Running             0          2m16s


PODS UPDATE: seldon          image-default-0-transformer-classifier-7c87f4ffb9-s7q95   4/4     Running             0          2m27s


PODS UPDATE: seldon          image-default-explainer-85f84c7c86-xxjm6                  1/1     Terminating         0          3m53s


PODS UPDATE: seldon          image-default-0-transformer-classifier-7c87f4ffb9-s7q95   4/4     Terminating         0          3m53s


PODS UPDATE: seldon          mymodel-default-0-model-5d4dd8759f-wh8mg                  0/2     Pending             0          0s


PODS UPDATE: seldon          mymodel-default-0-model-5d4dd8759f-wh8mg                  0/2     Pending             0          0s


PODS UPDATE: seldon          mymodel-default-0-model-5d4dd8759f-wh8mg                  0/2     ContainerCreating   0          0s


PODS UPDATE: seldon          mymodel-default-0-model-5d4dd8759f-wh8mg                  0/2     Running             0          2s


PODS UPDATE: seldon          image-default-0-transformer-classifier-7c87f4ffb9-s7q95   3/4     Terminating         0          4m7s


PODS UPDATE: seldon          image-default-0-transformer-classifier-7c87f4ffb9-s7q95   0/4     Terminating         0          4m14s


PODS UPDATE: seldon          image-default-explainer-85f84c7c86-xxjm6                  0/1     Terminating         0          4m14s


PODS UPDATE: seldon          image-default-0-transformer-classifier-7c87f4ffb9-s7q95   0/4     Terminating         0          4m21s


PODS UPDATE: seldon          image-default-0-transformer-classifier-7c87f4ffb9-s7q95   0/4     Terminating         0          4m21s


PODS UPDATE: seldon          image-default-explainer-85f84c7c86-xxjm6                  0/1     Terminating         0          4m21s


PODS UPDATE: seldon          image-default-explainer-85f84c7c86-xxjm6                  0/1     Terminating         0          4m21s


PODS UPDATE: seldon          mymodel-default-0-model-5d4dd8759f-wh8mg                  1/2     Running             0          22s


PODS UPDATE: seldon          mymodel-default-0-model-5d4dd8759f-wh8mg                  2/2     Running             0          23s


PODS UPDATE: seldon          mymodel-default-0-model-5d4dd8759f-wh8mg                  2/2     Terminating         0          41s


PODS UPDATE: seldon          myabtest-default-0-classifier-1-656b75dd95-wpg8t          0/2     Pending             0          0s


PODS UPDATE: seldon          myabtest-default-0-classifier-1-656b75dd95-wpg8t          0/2     Pending             0          0s


PODS UPDATE: seldon          myabtest-default-1-classifier-2-747c847b7-6vdc4           0/1     Pending             0          0s


PODS UPDATE: seldon          myabtest-default-1-classifier-2-747c847b7-6vdc4           0/1     Pending             0          0s


PODS UPDATE: seldon          myabtest-default-0-classifier-1-656b75dd95-wpg8t          0/2     ContainerCreating   0          0s


PODS UPDATE: seldon          myabtest-default-1-classifier-2-747c847b7-6vdc4           0/1     ContainerCreating   0          0s


PODS UPDATE: seldon          myabtest-default-1-classifier-2-747c847b7-6vdc4           0/1     Running             0          2s


PODS UPDATE: seldon          myabtest-default-0-classifier-1-656b75dd95-wpg8t          0/2     Running             0          2s


PODS UPDATE: seldon          mymodel-default-0-model-5d4dd8759f-wh8mg                  1/2     Terminating         0          53s


PODS UPDATE: seldon          mymodel-default-0-model-5d4dd8759f-wh8mg                  0/2     Terminating         0          62s


PODS UPDATE: seldon          mymodel-default-0-model-5d4dd8759f-wh8mg                  0/2     Terminating         0          69s


PODS UPDATE: seldon          mymodel-default-0-model-5d4dd8759f-wh8mg                  0/2     Terminating         0          69s


PODS UPDATE: seldon          myabtest-default-1-classifier-2-747c847b7-6vdc4           1/1     Running             0          25s


PODS UPDATE: seldon          myabtest-default-0-classifier-1-656b75dd95-wpg8t          1/2     Running             0          25s


PODS UPDATE: seldon          myabtest-default-0-classifier-1-656b75dd95-wpg8t          2/2     Running             0          26s


PODS UPDATE: seldon          myabtest-default-0-classifier-1-656b75dd95-wpg8t          2/2     Terminating         0          41s


PODS UPDATE: seldon          myabtest-default-1-classifier-2-747c847b7-6vdc4           1/1     Terminating         0          41s


PODS UPDATE: seldon          mymab-default-0-classifier-1-7d8cd6c46-n5ddj              0/2     Pending             0          0s


PODS UPDATE: seldon          mymab-default-1-classifier-2-6fd57fbf8d-hx5kl             0/1     Pending             0          0s


PODS UPDATE: seldon          mymab-default-0-classifier-1-7d8cd6c46-n5ddj              0/2     Pending             0          0s


PODS UPDATE: seldon          mymab-default-2-eg-router-5bbf95bdc7-7lgbg                0/1     Pending             0          0s


PODS UPDATE: seldon          mymab-default-2-eg-router-5bbf95bdc7-7lgbg                0/1     Pending             0          0s


PODS UPDATE: seldon          mymab-default-1-classifier-2-6fd57fbf8d-hx5kl             0/1     Pending             0          0s


PODS UPDATE: seldon          mymab-default-0-classifier-1-7d8cd6c46-n5ddj              0/2     ContainerCreating   0          0s


PODS UPDATE: seldon          mymab-default-2-eg-router-5bbf95bdc7-7lgbg                0/1     ContainerCreating   0          0s


PODS UPDATE: seldon          mymab-default-1-classifier-2-6fd57fbf8d-hx5kl             0/1     ContainerCreating   0          0s


PODS UPDATE: seldon          mymab-default-1-classifier-2-6fd57fbf8d-hx5kl             0/1     Running             0          2s


PODS UPDATE: seldon          mymab-default-0-classifier-1-7d8cd6c46-n5ddj              0/2     Running             0          2s


PODS UPDATE: seldon          mymab-default-2-eg-router-5bbf95bdc7-7lgbg                0/1     Running             0          2s


PODS UPDATE: seldon          myabtest-default-0-classifier-1-656b75dd95-wpg8t          1/2     Terminating         0          55s


PODS UPDATE: seldon          myabtest-default-1-classifier-2-747c847b7-6vdc4           0/1     Terminating         0          62s


PODS UPDATE: seldon          myabtest-default-0-classifier-1-656b75dd95-wpg8t          0/2     Terminating         0          62s


PODS UPDATE: seldon          myabtest-default-1-classifier-2-747c847b7-6vdc4           0/1     Terminating         0          62s


PODS UPDATE: seldon          myabtest-default-1-classifier-2-747c847b7-6vdc4           0/1     Terminating         0          63s


PODS UPDATE: seldon          myabtest-default-1-classifier-2-747c847b7-6vdc4           0/1     Terminating         0          63s


PODS UPDATE: seldon          myabtest-default-0-classifier-1-656b75dd95-wpg8t          0/2     Terminating         0          63s


PODS UPDATE: seldon          myabtest-default-0-classifier-1-656b75dd95-wpg8t          0/2     Terminating         0          63s


PODS UPDATE: seldon          mymab-default-1-classifier-2-6fd57fbf8d-hx5kl             1/1     Running             0          22s


PODS UPDATE: seldon          mymab-default-0-classifier-1-7d8cd6c46-n5ddj              1/2     Running             0          23s


PODS UPDATE: seldon          mymab-default-2-eg-router-5bbf95bdc7-7lgbg                1/1     Running             0          23s


PODS UPDATE: seldon          mymab-default-0-classifier-1-7d8cd6c46-n5ddj              2/2     Running             0          23s


PODS UPDATE: seldon          mymab-default-1-classifier-2-6fd57fbf8d-hx5kl             1/1     Terminating         0          39s


PODS UPDATE: seldon          mymab-default-2-eg-router-5bbf95bdc7-7lgbg                1/1     Terminating         0          39s


PODS UPDATE: seldon          mymab-default-0-classifier-1-7d8cd6c46-n5ddj              2/2     Terminating         0          39s


PODS UPDATE: seldon          iris-shadow-0-iris-shadow-76cb77b777-5nht8                0/2     Pending             0          0s


PODS UPDATE: seldon          iris-default-0-iris-default-65d7dc45bc-5jjfw              0/2     Pending             0          0s


PODS UPDATE: seldon          iris-shadow-0-iris-shadow-76cb77b777-5nht8                0/2     Pending             0          0s


PODS UPDATE: seldon          iris-default-0-iris-default-65d7dc45bc-5jjfw              0/2     Pending             0          0s


PODS UPDATE: seldon          iris-shadow-0-iris-shadow-76cb77b777-5nht8                0/2     Init:0/1            0          0s


PODS UPDATE: seldon          iris-default-0-iris-default-65d7dc45bc-5jjfw              0/2     Init:0/1            0          0s


PODS UPDATE: seldon          iris-shadow-0-iris-shadow-76cb77b777-5nht8                0/2     Init:0/1            0          1s


PODS UPDATE: seldon          iris-default-0-iris-default-65d7dc45bc-5jjfw              0/2     Init:0/1            0          1s


PODS UPDATE: seldon          iris-default-0-iris-default-65d7dc45bc-5jjfw              0/2     PodInitializing     0          3s


PODS UPDATE: seldon          iris-shadow-0-iris-shadow-76cb77b777-5nht8                0/2     PodInitializing     0          3s


PODS UPDATE: seldon          iris-shadow-0-iris-shadow-76cb77b777-5nht8                0/2     Running             0          4s


PODS UPDATE: seldon          iris-default-0-iris-default-65d7dc45bc-5jjfw              0/2     Running             0          4s


PODS UPDATE: seldon          mymab-default-0-classifier-1-7d8cd6c46-n5ddj              1/2     Terminating         0          53s


PODS UPDATE: seldon          mymab-default-2-eg-router-5bbf95bdc7-7lgbg                0/1     Terminating         0          60s


PODS UPDATE: seldon          mymab-default-1-classifier-2-6fd57fbf8d-hx5kl             0/1     Terminating         0          60s


PODS UPDATE: seldon          mymab-default-0-classifier-1-7d8cd6c46-n5ddj              0/2     Terminating         0          60s


PODS UPDATE: seldon          mymab-default-0-classifier-1-7d8cd6c46-n5ddj              0/2     Terminating         0          60s


PODS UPDATE: seldon          mymab-default-1-classifier-2-6fd57fbf8d-hx5kl             0/1     Terminating         0          61s


PODS UPDATE: seldon          mymab-default-1-classifier-PASSED
test_notebooks.py::TestNotebooks::test_max_grpc_msg_size [NbConvertApp] Converting notebook ../../notebooks/max_grpc_msg_size.ipynb to script
[NbConvertApp] Writing 6437 bytes to ../../notebooks/max_grpc_msg_size.py
2-6fd57fbf8d-hx5kl             0/1     Terminating         0          61s


PODS UPDATE: seldon          mymab-default-0-classifier-1-7d8cd6c46-n5ddj              0/2     Terminating         0          61s


PODS UPDATE: seldon          mymab-default-0-classifier-1-7d8cd6c46-n5ddj              0/2     Terminating         0          61s


PODS UPDATE: seldon          mymab-default-2-eg-router-5bbf95bdc7-7lgbg                0/1     Terminating         0          62s


PODS UPDATE: seldon          mymab-default-2-eg-router-5bbf95bdc7-7lgbg                0/1     Terminating         0          62s


PODS UPDATE: seldon          iris-default-0-iris-default-65d7dc45bc-5jjfw              1/2     Running             0          24s


PODS UPDATE: seldon          iris-shadow-0-iris-shadow-76cb77b777-5nht8                1/2     Running             0          25s


PODS UPDATE: seldon          iris-shadow-0-iris-shadow-76cb77b777-5nht8                2/2     Running             0          27s


PODS UPDATE: seldon          iris-default-0-iris-default-65d7dc45bc-5jjfw              2/2     Running             0          28s


PODS UPDATE: seldon          iris-shadow-0-iris-shadow-76cb77b777-5nht8                2/2     Terminating         0          45s


PODS UPDATE: seldon          iris-default-0-iris-default-65d7dc45bc-5jjfw              2/2     Terminating         0          45s


PODS UPDATE: seldon          model-long-timeout-test-0-classifier-6c9b8f79b8-rzktg     0/2     Pending             0          0s


PODS UPDATE: seldon          model-long-timeout-test-0-classifier-6c9b8f79b8-rzktg     0/2     Pending             0          0s


PODS UPDATE: seldon          model-long-timeout-test-0-classifier-6c9b8f79b8-rzktg     0/2     ContainerCreating   0          0s


PODS UPDATE: seldon          iris-shadow-0-iris-shadow-76cb77b777-5nht8                1/2     Terminating         0          55s


PODS UPDATE: seldon          iris-shadow-0-iris-shadow-76cb77b777-5nht8                0/2     Terminating         0          58s


PODS UPDATE: seldon          iris-shadow-0-iris-shadow-76cb77b777-5nht8                0/2     Terminating         0          59s


PODS UPDATE: seldon          iris-default-0-iris-default-65d7dc45bc-5jjfw              0/2     Terminating         0          59s


PODS UPDATE: seldon          iris-shadow-0-iris-shadow-76cb77b777-5nht8                0/2     Terminating         0          59s


PODS UPDATE: seldon          iris-shadow-0-iris-shadow-76cb77b777-5nht8                0/2     Terminating         0          60s


PODS UPDATE: seldon          iris-default-0-iris-default-65d7dc45bc-5jjfw              0/2     Terminating         0          60s


PODS UPDATE: seldon          iris-default-0-iris-default-65d7dc45bc-5jjfw              0/2     Terminating         0          60s


PODS UPDATE: seldon          model-long-timeout-test-0-classifier-6c9b8f79b8-rzktg     0/2     Running             0          61s


PODS UPDATE: seldon          model-long-timeout-test-0-classifier-6c9b8f79b8-rzktg     1/2     Running             0          80s


PODS UPDATE: seldon          model-long-timeout-test-0-classifier-6c9b8f79b8-rzktg     2/2     Running             0          82s


PODS UPDATE: seldon          model-long-timeout-test-0-classifier-6c9b8f79b8-rzktg     2/2     Terminating         0          100s


PODS UPDATE: seldon          seldon-model-grpc-size-0-classifier-594d445566-gptvv      0/2     Pending             0          0s


PODS UPDATE: seldon          seldon-model-grpc-size-0-classifier-594d445566-gptvv      0/2     Pending             0          0s


PODS UPDATE: seldon          seldon-model-grpc-size-0-classifier-594d445566-gptvv      0/2     ContainerCreating   0          0s


PODS UPDATE: seldon          seldon-model-grpc-size-0-classifier-594d445566-gptvv      0/2     Running             0          1s


PODS UPDATE: seldon          model-long-timeout-test-0-classifier-6c9b8f79b8-rzktg     1/2     Terminating         0          115s


PODS UPDATE: seldon          model-long-timeout-test-0-classifierPASSED
test_notebooks.py::TestNotebooks::test_multiple_operators [NbConvertApp] Converting notebook ../../notebooks/multiple_operators.ipynb to script
[NbConvertApp] Writing 4010 bytes to ../../notebooks/multiple_operators.py
-6c9b8f79b8-rzktg     0/2     Terminating         0          2m1s


PODS UPDATE: seldon          model-long-timeout-test-0-classifier-6c9b8f79b8-rzktg     0/2     Terminating         0          2m1s


PODS UPDATE: seldon          model-long-timeout-test-0-classifier-6c9b8f79b8-rzktg     0/2     Terminating         0          2m2s


PODS UPDATE: seldon          model-long-timeout-test-0-classifier-6c9b8f79b8-rzktg     0/2     Terminating         0          2m2s


PODS UPDATE: seldon          seldon-model-grpc-size-0-classifier-594d445566-gptvv      1/2     Running             0          22s


PODS UPDATE: seldon          seldon-model-grpc-size-0-classifier-594d445566-gptvv      2/2     Running             0          25s


PODS UPDATE: seldon          seldon-model-grpc-size-0-classifier-594d445566-gptvv      2/2     Terminating         0          58s


PODS UPDATE: seldon-ns1      seldon-controller-manager-85db787cb4-w8xx5                0/1     Pending             0          0s


PODS UPDATE: seldon-ns1      seldon-controller-manager-85db787cb4-w8xx5                0/1     Pending             0          0s


PODS UPDATE: seldon-ns1      seldon-controller-manager-85db787cb4-w8xx5                0/1     ContainerCreating   0          0s


PODS UPDATE: seldon-ns1      seldon-controller-manager-85db787cb4-w8xx5                1/1     Running             0          1s


PODS UPDATE: seldon          seldon-model-grpc-size-0-classifier-594d445566-gptvv      1/2     Terminating         0          70s


PODS UPDATE: seldon          seldon-model-grpc-size-0-classifier-594d445566-gptvv      0/2     Terminating         0          78s


PODS UPDATE: seldon          seldon-model-grpc-size-0-classifier-594d445566-gptvv      0/2     Terminating         0          79s


PODS UPDATE: seldon          seldon-model-grpc-size-0-classifier-594d445566-gptvv      0/2     Terminating         0          81s


PODS UPDATE: seldon          seldon-model-grpc-size-0-classifier-594d445566-gptvv      0/2     Terminating         0          81s


PODS UPDATE: seldon-ns1      seldon-model-example-0-classifier-6fdcb76c5d-jmdw9        0/2     Pending             0          0s


PODS UPDATE: seldon-ns1      seldon-model-example-0-classifier-6fdcb76c5d-jmdw9        0/2     Pending             0          0s


PODS UPDATE: seldon-ns1      seldon-model-example-0-classifier-6fdcb76c5d-jmdw9        0/2     ContainerCreating   0          1s


PODS UPDATE: seldon-ns1      seldon-model-example-0-classifier-6fdcb76c5d-jmdw9        0/2     Running             0          2s


PODS UPDATE: seldon-ns1      seldon-model-example-0-classifier-6fdcb76c5d-jmdw9        1/2     Running             0          22s


PODS UPDATE: seldon-ns1      seldon-model-example-0-classifier-6fdcb76c5d-jmdw9        2/2     Running             0          23s


PODS UPDATE: seldon-ns1      seldon-model-example-0-classifier-6fdcb76c5d-jmdw9        2/2     Terminating         0          39s


PODS UPDATE: seldon-ns1      seldon-model-example-0-classifier-6fdcb76c5d-jmdw9        1/2     Terminating         0          52s


PODS UPDATE: seldon-ns1      seldon-controller-manager-85db787cb4-w8xx5                1/1     Terminating         0          72s


PODS UPDATE: seldon-ns1      seldon-controller-manager-85db787cb4-w8xx5                0/1     Terminating         0          72s


PODS UPDATE: seldon-ns1      seldon-controller-manager-85db787cb4-w8xx5                0/1     Terminating         0          73s


PODS UPDATE: seldon-ns1      seldon-controller-manager-85db787cb4-w8xx5                0/1     Terminating         0          73s


PODS UPDATE: seldon-ns1      seldon-model-example-0-classifier-6fdcb76c5d-jmdw9        0/2     Terminating         0          60s


PODS UPDATE: seldon-id1      seldon-controller-manager-76bc599ccd-dv968                0/1     Pending             0          0s


PODS UPDATE: seldon-id1      seldon-controller-manager-76bc599ccd-dv968                0/1     Pending             0          0s


PODS UPDATE: seldon-id1      seldon-controller-manager-76bc599ccd-dv968    PASSED
test_notebooks.py::TestNotebooks::test_protocol_examples [NbConvertApp] Converting notebook ../../notebooks/protocol_examples.ipynb to script
[NbConvertApp] Writing 8941 bytes to ../../notebooks/protocol_examples.py
            0/1     ContainerCreating   0          0s


PODS UPDATE: seldon-id1      seldon-controller-manager-76bc599ccd-dv968                1/1     Running             0          1s


PODS UPDATE: seldon-ns1      seldon-model-example-0-classifier-6fdcb76c5d-jmdw9        0/2     Terminating         0          67s


PODS UPDATE: seldon-ns1      seldon-model-example-0-classifier-6fdcb76c5d-jmdw9        0/2     Terminating         0          67s


PODS UPDATE: default         test-c1-example-0-classifier-7645f68c69-xjj2j             0/2     Pending             0          0s


PODS UPDATE: default         test-c1-example-0-classifier-7645f68c69-xjj2j             0/2     Pending             0          0s


PODS UPDATE: default         test-c1-example-0-classifier-7645f68c69-xjj2j             0/2     ContainerCreating   0          0s


PODS UPDATE: default         test-c1-example-0-classifier-7645f68c69-xjj2j             0/2     Running             0          37s


PODS UPDATE: default         test-c1-example-0-classifier-7645f68c69-xjj2j             1/2     Running             0          57s


PODS UPDATE: default         test-c1-example-0-classifier-7645f68c69-xjj2j             2/2     Running             0          60s


PODS UPDATE: default         test-c1-example-0-classifier-7645f68c69-xjj2j             2/2     Terminating         0          76s


PODS UPDATE: default         test-c1-example-0-classifier-7645f68c69-xjj2j             1/2     Terminating         0          90s


PODS UPDATE: seldon-id1      seldon-controller-manager-76bc599ccd-dv968                1/1     Terminating         0          110s


PODS UPDATE: seldon-id1      seldon-controller-manager-76bc599ccd-dv968                0/1     Terminating         0          112s


PODS UPDATE: default         test-c1-example-0-classifier-7645f68c69-xjj2j             0/2     Terminating         0          97s


PODS UPDATE: seldon-id1      seldon-controller-manager-76bc599ccd-dv968                0/1     Terminating         0          116s


PODS UPDATE: seldon-id1      seldon-controller-manager-76bc599ccd-dv968                0/1     Terminating         0          116s


PODS UPDATE: default         test-c1-example-0-classifier-7645f68c69-xjj2j             0/2     Terminating         0          98s


PODS UPDATE: default         test-c1-example-0-classifier-7645f68c69-xjj2j             0/2     Terminating         0          98s


PODS UPDATE: seldon          rest-seldon-model-0-classifier-794769596b-7gqx6           0/2     Pending             0          0s


PODS UPDATE: seldon          rest-seldon-model-0-classifier-794769596b-7gqx6           0/2     Pending             0          0s


PODS UPDATE: seldon          rest-seldon-model-0-classifier-794769596b-7gqx6           0/2     ContainerCreating   0          0s


PODS UPDATE: seldon          rest-seldon-model-0-classifier-794769596b-7gqx6           0/2     Running             0          2s


PODS UPDATE: seldon          rest-seldon-model-0-classifier-794769596b-7gqx6           1/2     Running             0          24s


PODS UPDATE: seldon          rest-seldon-model-0-classifier-794769596b-7gqx6           2/2     Running             0          25s


PODS UPDATE: seldon          rest-seldon-model-0-classifier-794769596b-7gqx6           2/2     Terminating         0          41s


PODS UPDATE: seldon          grpc-seldon-model-0-classifier-6768ccbdf5-r5sfq           0/2     Pending             0          0s


PODS UPDATE: seldon          grpc-seldon-model-0-classifier-6768ccbdf5-r5sfq           0/2     Pending             0          0s


PODS UPDATE: seldon          grpc-seldon-model-0-classifier-6768ccbdf5-r5sfq           0/2     ContainerCreating   0          0s


PODS UPDATE: seldon          grpc-seldon-model-0-classifier-6768ccbdf5-r5sfq           0/2     Running             0          2s


PODS UPDATE: seldon          rest-seldon-model-0-classifier-794769596b-7gqx6           1/2     Terminating         0          55s


PODS UPDATE: seldon          rest-seldon-model-0-classifier-794769596b-7gqx6           0PASSED
test_notebooks.py::TestNotebooks::test_server_examples [NbConvertApp] Converting notebook ../../notebooks/server_examples.ipynb to script
[NbConvertApp] Writing 9041 bytes to ../../notebooks/server_examples.py
/2     Terminating         0          62s


PODS UPDATE: seldon          rest-seldon-model-0-classifier-794769596b-7gqx6           0/2     Terminating         0          63s


PODS UPDATE: seldon          rest-seldon-model-0-classifier-794769596b-7gqx6           0/2     Terminating         0          63s


PODS UPDATE: seldon          grpc-seldon-model-0-classifier-6768ccbdf5-r5sfq           1/2     Running             0          24s


PODS UPDATE: seldon          grpc-seldon-model-0-classifier-6768ccbdf5-r5sfq           2/2     Running             0          25s


PODS UPDATE: seldon          grpc-seldon-model-0-classifier-6768ccbdf5-r5sfq           2/2     Terminating         0          42s


PODS UPDATE: seldon          rest-tfserving-model-0-halfplustwo-588d9d9f74-q54pz       0/2     Pending             0          0s


PODS UPDATE: seldon          rest-tfserving-model-0-halfplustwo-588d9d9f74-q54pz       0/2     Pending             0          0s


PODS UPDATE: seldon          rest-tfserving-model-0-halfplustwo-588d9d9f74-q54pz       0/2     ContainerCreating   0          0s


PODS UPDATE: seldon          grpc-seldon-model-0-classifier-6768ccbdf5-r5sfq           1/2     Terminating         0          55s


PODS UPDATE: seldon          rest-tfserving-model-0-halfplustwo-588d9d9f74-q54pz       0/2     Running             0          11s


PODS UPDATE: seldon          grpc-seldon-model-0-classifier-6768ccbdf5-r5sfq           0/2     Terminating         0          63s


PODS UPDATE: seldon          grpc-seldon-model-0-classifier-6768ccbdf5-r5sfq           0/2     Terminating         0          64s


PODS UPDATE: seldon          grpc-seldon-model-0-classifier-6768ccbdf5-r5sfq           0/2     Terminating         0          64s


PODS UPDATE: seldon          rest-tfserving-model-0-halfplustwo-588d9d9f74-q54pz       1/2     Running             0          30s


PODS UPDATE: seldon          rest-tfserving-model-0-halfplustwo-588d9d9f74-q54pz       2/2     Running             0          30s


PODS UPDATE: seldon          rest-tfserving-model-0-halfplustwo-588d9d9f74-q54pz       2/2     Terminating         0          47s


PODS UPDATE: seldon          grpc-tfserving-model-0-halfplustwo-7d7c55cf6c-9rkkw       0/2     Pending             0          0s


PODS UPDATE: seldon          grpc-tfserving-model-0-halfplustwo-7d7c55cf6c-9rkkw       0/2     Pending             0          0s


PODS UPDATE: seldon          grpc-tfserving-model-0-halfplustwo-7d7c55cf6c-9rkkw       0/2     ContainerCreating   0          0s


PODS UPDATE: seldon          grpc-tfserving-model-0-halfplustwo-7d7c55cf6c-9rkkw       0/2     Running             0          3s


PODS UPDATE: seldon          rest-tfserving-model-0-halfplustwo-588d9d9f74-q54pz       1/2     Terminating         0          60s


PODS UPDATE: seldon          rest-tfserving-model-0-halfplustwo-588d9d9f74-q54pz       0/2     Terminating         0          68s


PODS UPDATE: seldon          rest-tfserving-model-0-halfplustwo-588d9d9f74-q54pz       0/2     Terminating         0          69s


PODS UPDATE: seldon          rest-tfserving-model-0-halfplustwo-588d9d9f74-q54pz       0/2     Terminating         0          69s


PODS UPDATE: seldon          grpc-tfserving-model-0-halfplustwo-7d7c55cf6c-9rkkw       1/2     Running             0          22s


PODS UPDATE: seldon          grpc-tfserving-model-0-halfplustwo-7d7c55cf6c-9rkkw       2/2     Running             0          23s


PODS UPDATE: seldon          grpc-tfserving-model-0-halfplustwo-7d7c55cf6c-9rkkw       2/2     Terminating         0          38s


PODS UPDATE: seldon          sklearn-default-0-classifier-6855767b7f-8gjcn             0/2     Pending             0          0s


PODS UPDATE: seldon          sklearn-default-0-classifier-6855767b7f-8gjcn             0/2     Pending             0          0s


PODS UPDATE: seldon          sklearn-default-0-classifier-6855767b7f-8gjcn             0/2     Init:0/1            0          0s


PODS UPDATE: seldon          sklearn-default-0-classifier-6855767b7f-8gjcn             0/2     Init:0/1            0          1s


PODS UPDATE: seldon          sklearn-default-0-classifier-6855767b7f-8gjcn             0/2     PodInitializing     0          3s


PODS UPDATE: seldon          sklearn-default-0-classifier-6855767b7f-8gjcn             0/2     Running             0          4s


PODS UPDATE: seldon          grpc-tfserving-model-0-halfplustwo-7d7c55cf6c-9rkkw       1/2     Terminating         0          53s


PODS UPDATE: seldon          grpc-tfserving-model-0-halfplustwo-7d7c55cf6c-9rkkw       0/2     Terminating         0          59s


PODS UPDATE: seldon          grpc-tfserving-model-0-halfplustwo-7d7c55cf6c-9rkkw       0/2     Terminating         0          59s


PODS UPDATE: seldon          grpc-tfserving-model-0-halfplustwo-7d7c55cf6c-9rkkw       0/2     Terminating         0          65s


PODS UPDATE: seldon          grpc-tfserving-model-0-halfplustwo-7d7c55cf6c-9rkkw       0/2     Terminating         0          65s


PODS UPDATE: seldon          sklearn-default-0-classifier-6855767b7f-8gjcn             1/2     Running             0          27s


PODS UPDATE: seldon          sklearn-default-0-classifier-6855767b7f-8gjcn             2/2     Running             0          28s


PODS UPDATE: seldon          sklearn-default-0-classifier-6855767b7f-8gjcn             2/2     Terminating         0          46s


PODS UPDATE: seldon          xgboost-default-0-classifier-bfcf87989-s6wkl              0/2     Pending             0          0s


PODS UPDATE: seldon          xgboost-default-0-classifier-bfcf87989-s6wkl              0/2     Pending             0          0s


PODS UPDATE: seldon          xgboost-default-0-classifier-bfcf87989-s6wkl              0/2     Init:0/1            0          0s


PODS UPDATE: seldon          xgboost-default-0-classifier-bfcf87989-s6wkl              0/2     Init:0/1            0          2s


PODS UPDATE: seldon          xgboost-default-0-classifier-bfcf87989-s6wkl              0/2     PodInitializing     0          4s


PODS UPDATE: seldon          sklearn-default-0-classifier-6855767b7f-8gjcn             0/2     Terminating         0          58s


PODS UPDATE: seldon          sklearn-default-0-classifier-6855767b7f-8gjcn             0/2     Terminating         0          58s


PODS UPDATE: seldon          sklearn-default-0-classifier-6855767b7f-8gjcn             0/2     Terminating         0          59s


PODS UPDATE: seldon          sklearn-default-0-classifier-6855767b7f-8gjcn             0/2     Terminating         0          60s


PODS UPDATE: seldon          xgboost-default-0-classifier-bfcf87989-s6wkl              0/2     Running             0          22s


PODS UPDATE: seldon          xgboost-default-0-classifier-bfcf87989-s6wkl              1/2     Running             0          44s


PODS UPDATE: seldon          xgboost-default-0-classifier-bfcf87989-s6wkl              2/2     Running             0          46s


PODS UPDATE: seldon          xgboost-default-0-classifier-bfcf87989-s6wkl              2/2     Terminating         0          61s


PODS UPDATE: seldon          tfserving-default-0-mnist-model-5758b95474-rtglt          0/3     Pending             0          0s


PODS UPDATE: seldon          tfserving-default-0-mnist-model-5758b95474-rtglt          0/3     Pending             0          0s


PODS UPDATE: seldon          tfserving-default-0-mnist-model-5758b95474-rtglt          0/3     Init:0/1            0          0s


PODS UPDATE: seldon          tfserving-default-0-mnist-model-5758b95474-rtglt          0/3     Init:0/1            0          2s


PODS UPDATE: seldon          tfserving-default-0-mnist-model-5758b95474-rtglt          0/3     PodInitializing     0          4s


PODS UPDATE: seldon          xgboost-default-0-classifier-bfcf87989-s6wkl              1/2     Terminating         0          74s


PODS UPDATE: seldon          xgboost-default-0-classifier-bfcf87989-s6wkl              0/2     Terminating         0          76s


PODS UPDATE: seldon          xgboost-default-0-classifier-bfcf87989-s6wkl              0/2     Terminating         0   PASSED
test_notebooks.py::TestNotebooks::test_rolling_updates [NbConvertApp] Converting notebook ../../notebooks/rolling_updates.ipynb to script
[NbConvertApp] Writing 25670 bytes to ../../notebooks/rolling_updates.py
       77s


PODS UPDATE: seldon          xgboost-default-0-classifier-bfcf87989-s6wkl              0/2     Terminating         0          77s


PODS UPDATE: seldon          tfserving-default-0-mnist-model-5758b95474-rtglt          1/3     Running             0          75s


PODS UPDATE: seldon          tfserving-default-0-mnist-model-5758b95474-rtglt          2/3     Running             0          94s


PODS UPDATE: seldon          tfserving-default-0-mnist-model-5758b95474-rtglt          3/3     Running             0          98s


PODS UPDATE: seldon          tfserving-default-0-mnist-model-5758b95474-rtglt          3/3     Terminating         0          113s


PODS UPDATE: seldon          hpt-default-0-halfplustwo-696c9b4868-6m6xz                0/2     Pending             0          0s


PODS UPDATE: seldon          hpt-default-0-halfplustwo-696c9b4868-6m6xz                0/2     Pending             0          0s


PODS UPDATE: seldon          hpt-default-0-halfplustwo-696c9b4868-6m6xz                0/2     Init:0/1            0          0s


PODS UPDATE: seldon          hpt-default-0-halfplustwo-696c9b4868-6m6xz                0/2     Init:0/1            0          2s


PODS UPDATE: seldon          hpt-default-0-halfplustwo-696c9b4868-6m6xz                0/2     PodInitializing     0          4s


PODS UPDATE: seldon          hpt-default-0-halfplustwo-696c9b4868-6m6xz                0/2     Running             0          5s


PODS UPDATE: seldon          tfserving-default-0-mnist-model-5758b95474-rtglt          2/3     Terminating         0          2m4s


PODS UPDATE: seldon          tfserving-default-0-mnist-model-5758b95474-rtglt          0/3     Terminating         0          2m14s


PODS UPDATE: seldon          tfserving-default-0-mnist-model-5758b95474-rtglt          0/3     Terminating         0          2m15s


PODS UPDATE: seldon          tfserving-default-0-mnist-model-5758b95474-rtglt          0/3     Terminating         0          2m15s


PODS UPDATE: seldon          hpt-default-0-halfplustwo-696c9b4868-6m6xz                1/2     Running             0          24s


PODS UPDATE: seldon          hpt-default-0-halfplustwo-696c9b4868-6m6xz                2/2     Running             0          25s


PODS UPDATE: seldon          hpt-default-0-halfplustwo-696c9b4868-6m6xz                2/2     Terminating         0          41s


PODS UPDATE: seldon          mlflow-default-0-classifier-5d8487cbc4-n4g42              0/2     Pending             0          0s


PODS UPDATE: seldon          mlflow-default-0-classifier-5d8487cbc4-n4g42              0/2     Pending             0          0s


PODS UPDATE: seldon          mlflow-default-0-classifier-5d8487cbc4-n4g42              0/2     Init:0/1            0          0s


PODS UPDATE: seldon          mlflow-default-0-classifier-5d8487cbc4-n4g42              0/2     Init:0/1            0          2s


PODS UPDATE: seldon          mlflow-default-0-classifier-5d8487cbc4-n4g42              0/2     PodInitializing     0          4s


PODS UPDATE: seldon          hpt-default-0-halfplustwo-696c9b4868-6m6xz                1/2     Terminating         0          55s


PODS UPDATE: seldon          mlflow-default-0-classifier-5d8487cbc4-n4g42              0/2     Running             0          12s


PODS UPDATE: seldon          hpt-default-0-halfplustwo-696c9b4868-6m6xz                0/2     Terminating         0          62s


PODS UPDATE: seldon          hpt-default-0-halfplustwo-696c9b4868-6m6xz                0/2     Terminating         0          63s


PODS UPDATE: seldon          hpt-default-0-halfplustwo-696c9b4868-6m6xz                0/2     Terminating         0          63s


PODS UPDATE: seldon          mlflow-default-0-classifier-5d8487cbc4-n4g42              1/2     Running             0          94s


PODS UPDATE: seldon          mlflow-default-0-classifier-5d8487cbc4-n4g42              2/2     Running             0          94s


PODS UPDATE: seldon          mlflow-default-0-classifier-5d8487cbc4-n4g42              2/2     Terminating         0          110s


PODS UPDATE: seldon          fixed-default-0-classifier-6f696848f9-l44xd               0/2     Pending             0          0s


PODS UPDATE: seldon          fixed-default-0-classifier-6f696848f9-24qmc               0/2     Pending             0          0s


PODS UPDATE: seldon          fixed-default-0-classifier-6f696848f9-l44xd               0/2     Pending             0          0s


PODS UPDATE: seldon          fixed-default-0-classifier-6f696848f9-nqz64               0/2     Pending             0          0s


PODS UPDATE: seldon          fixed-default-0-classifier-6f696848f9-24qmc               0/2     Pending             0          0s


PODS UPDATE: seldon          fixed-default-0-classifier-6f696848f9-nqz64               0/2     Pending             0          0s


PODS UPDATE: seldon          fixed-default-0-classifier-6f696848f9-l44xd               0/2     ContainerCreating   0          0s


PODS UPDATE: seldon          fixed-default-0-classifier-6f696848f9-24qmc               0/2     ContainerCreating   0          0s


PODS UPDATE: seldon          fixed-default-0-classifier-6f696848f9-nqz64               0/2     ContainerCreating   0          0s


PODS UPDATE: seldon          fixed-default-0-classifier-6f696848f9-24qmc               0/2     Running             0          2s


PODS UPDATE: seldon          fixed-default-0-classifier-6f696848f9-nqz64               0/2     Running             0          2s


PODS UPDATE: seldon          fixed-default-0-classifier-6f696848f9-l44xd               0/2     Running             0          2s


PODS UPDATE: seldon          mlflow-default-0-classifier-5d8487cbc4-n4g42              0/2     Terminating         0          2m2s


PODS UPDATE: seldon          mlflow-default-0-classifier-5d8487cbc4-n4g42              0/2     Terminating         0          2m3s


PODS UPDATE: seldon          mlflow-default-0-classifier-5d8487cbc4-n4g42              0/2     Terminating         0          2m3s


PODS UPDATE: seldon          fixed-default-0-classifier-6f696848f9-l44xd               1/2     Running             0          22s


PODS UPDATE: seldon          fixed-default-0-classifier-6f696848f9-24qmc               1/2     Running             0          22s


PODS UPDATE: seldon          fixed-default-0-classifier-6f696848f9-nqz64               1/2     Running             0          22s


PODS UPDATE: seldon          fixed-default-0-classifier-6f696848f9-nqz64               2/2     Running             0          23s


PODS UPDATE: seldon          fixed-default-0-classifier-6f696848f9-l44xd               2/2     Running             0          25s


PODS UPDATE: seldon          fixed-default-0-classifier-6f696848f9-24qmc               2/2     Running             0          26s


PODS UPDATE: seldon          fixed-default-0-classifier-84c7dd898d-csvsg               0/2     Pending             0          0s


PODS UPDATE: seldon          fixed-default-0-classifier-84c7dd898d-csvsg               0/2     Pending             0          0s


PODS UPDATE: seldon          fixed-default-0-classifier-84c7dd898d-csvsg               0/2     ContainerCreating   0          0s


PODS UPDATE: seldon          fixed-default-0-classifier-84c7dd898d-csvsg               0/2     Running             0          2s


PODS UPDATE: seldon          fixed-default-0-classifier-84c7dd898d-csvsg               1/2     Running             0          21s


PODS UPDATE: seldon          fixed-default-0-classifier-84c7dd898d-csvsg               2/2     Running             0          25s


PODS UPDATE: seldon          fixed-default-0-classifier-6f696848f9-24qmc               2/2     Terminating         0          57s


PODS UPDATE: seldon          fixed-default-0-classifier-84c7dd898d-x8cjc               0/2     Pending             0          0s


PODS UPDATE: seldon          fixed-default-0-classifier-84c7dd898d-x8cjc               0/2     Pending             0          0s


PODS UPDATE: seldon          fixed-default-0-classifier-84c7dd898d-x8cjc               0/2     ContainerCreating   0          0s


PODS UPDATE: seldon          fixed-default-0-classifier-84c7dd898d-x8cjc               0/2     Running             0          2s

PASSED
test_notebooks.py::TestNotebooks::test_ambassador_canary [NbConvertApp] Converting notebook ../../examples/ambassador/canary/ambassador_canary.ipynb to script
[NbConvertApp] Writing 3129 bytes to ../../examples/ambassador/canary/ambassador_canary.py
PASSED
test_notebooks.py::TestNotebooks::test_ambassador_headers [NbConvertApp] Converting notebook ../../examples/ambassador/headers/ambassador_headers.ipynb to script
[NbConvertApp] Writing 3771 bytes to ../../examples/ambassador/headers/ambassador_headers.py
PASSED
test_notebooks.py::TestNotebooks::test_ambassador_shadow [NbConvertApp] Converting notebook ../../examples/ambassador/shadow/ambassador_shadow.ipynb to script
[NbConvertApp] Writing 3408 bytes to ../../examples/ambassador/shadow/ambassador_shadow.py
PASSED
test_notebooks.py::TestNotebooks::test_ambassador_custom [NbConvertApp] Converting notebook ../../examples/ambassador/custom/ambassador_custom.ipynb to script
[NbConvertApp] Writing 2334 bytes to ../../examples/ambassador/custom/ambassador_custom.py
PASSED
test_notebooks.py::TestNotebooks::test_istio_canary [NbConvertApp] Converting notebook ../../examples/istio/canary_update/canary.ipynb to script
[NbConvertApp] Writing 6693 bytes to ../../examples/istio/canary_update/canary.py
seldondeployment.machinelearning.seldon.io "mnist-classifier" deleted
[NbConvertApp] Converting notebook ../../examples/istio/canary_update/canary.ipynb to script
[NbConvertApp] Writing 6693 bytes to ../../examples/istio/canary_update/canary.py
seldondeployment.machinelearning.seldon.io "mnist-classifier" deleted
FAILED
test_notebooks.py::TestNotebooks::test_tracing [NbConvertApp] Converting notebook ../../examples/models/tracing/tracing.ipynb to script
[NbConvertApp] Writing 4792 bytes to ../../examples/models/tracing/tracing.py
PASSED
test_notebooks.py::TestNotebooks::test_metrics [NbConvertApp] Converting notebook ../../examples/models/metrics/metrics.ipynb to script
[NbConvertApp] Writing 7593 bytes to ../../examples/models/metrics/metrics.py
PASSED
test_notebooks.py::TestNotebooks::test_metadata [NbConvertApp] Converting notebook ../../examples/models/metadata/metadata.ipynb to script
[NbConvertApp] Writing 9903 bytes to ../../examples/models/metadata/metadata.py
PASSED
test_notebooks.py::TestNotebooks::test_graph_metadata [NbConvertApp] Converting notebook ../../examples/models/metadata/graph_metadata.ipynb to script
[NbConvertApp] Writing 25718 bytes to ../../examples/models/metadata/graph_metadata.py
PASSED
test_notebooks.py::TestNotebooks::test_grpc_metadata [NbConvertApp] Converting notebook ../../examples/models/metadata/metadata_grpc.ipynb to script
[NbConvertApp] Writing 3613 bytes to ../../examples/models/metadata/metadata_grpc.py
PASSED
test_notebooks.py::TestNotebooks::test_payload_logging [NbConvertApp] Converting notebook ../../examples/models/payload_logging/payload_logging.ipynb to script
[NbConvertApp] Writing 2868 bytes to ../../examples/models/payload_logging/payload_logging.py
PASSED
test_notebooks.py::TestNotebooks::test_custom_metrics [NbConvertApp] Converting notebook ../../examples/models/custom_metrics/customMetrics.ipynb to script
[NbConvertApp] Writing 4194 bytes to ../../examples/models/custom_metrics/customMetrics.py
PASSED
test_notebooks.py::TestNotebooks::test_autoscaling [NbConvertApp] Converting notebook ../../examples/models/autoscaling/autoscaling_example.ipynb to script
[NbConvertApp] Writing 3770 bytes to ../../examples/models/autoscaling/autoscaling_example.py
PASSED
test_notebooks.py::TestNotebooks::test_scaling [NbConvertApp] Converting notebook ../../notebooks/scale.ipynb to script
[NbConvertApp] Writing 6433 bytes to ../../notebooks/scale.py
PASSED
test_notebooks.py::TestNotebooks::test_jsondata [NbConvertApp] Converting notebook ../../examples/models/sklearn_iris_jsondata/sklearn_iris_jsondata.ipynb to script
[NbConvertApp] Writing 5455 bytes to ../../examples/models/sklearn_iris_jsondata/sklearn_iris_jsondata.py
PASSED
test_notebooks.py::TestNotebooks::test_sklearn_iris [NbConvertApp] Converting notebook ../../examples/models/sklearn_iris/sklearn_iris.ipynb to script
[NbConvertApp] Writing 4769 bytes to ../../examples/models/sklearn_iris/sklearn_iris.py
PASSED
test_notebooks.py::TestNotebooks::test_upgrade [NbConvertApp] Converting notebook ../../notebooks/operator_upgrade.ipynb to script
[NbConvertApp] Writing 6876 bytes to ../../notebooks/operator_upgrade.py
PASSED

=================================== FAILURES ===================================
_______________________ TestNotebooks.test_istio_canary ________________________

self = <test_notebooks.TestNotebooks object at 0x7f2740cb6908>

    def test_istio_canary(self):
>       create_and_run_script("../../examples/istio/canary_update", "canary")

test_notebooks.py:83: 
_ _ _ _ _ _ _ _ _ _ _ _ _ _ _ _ _ _ _ _ _ _ _ _ _ _ _ _ _ _ _ _ _ _ _ _ _ _ _ _ 
test_notebooks.py:27: in create_and_run_script
    raise e
test_notebooks.py:20: in create_and_run_script
    encoding="utf-8",
_ _ _ _ _ _ _ _ _ _ _ _ _ _ _ _ _ _ _ _ _ _ _ _ _ _ _ _ _ _ _ _ _ _ _ _ _ _ _ _ 

input = None, timeout = None, check = True
popenargs = ('cd ../../examples/istio/canary_update && ./canary.py',)
kwargs = {'encoding': 'utf-8', 'shell': True, 'stderr': -1, 'stdout': -1}
process = <subprocess.Popen object at 0x7f2740cb6748>
stdout = 'Context "kind-kind" modified.\ngateway.networking.istio.io/seldon-gateway unchanged\nWARNING:tensorflow:From /workspa...0;34m)\x1b[0m\x1b[0;34m\x1b[0m\x1b[0;34m\x1b[0m\x1b[0m\n\n\x1b[0;31mZeroDivisionError\x1b[0m: float division by zero\n'
stderr = 'Error from server (AlreadyExists): namespaces "seldon" already exists\n/usr/local/lib/python3.6/site-packages/IPython...es SQLite, your history will not be saved\n  warn("IPython History requires SQLite, your history will not be saved")\n'
retcode = 1

    def run(*popenargs, input=None, timeout=None, check=False, **kwargs):
        """Run command with arguments and return a CompletedProcess instance.
    
        The returned instance will have attributes args, returncode, stdout and
        stderr. By default, stdout and stderr are not captured, and those attributes
        will be None. Pass stdout=PIPE and/or stderr=PIPE in order to capture them.
    
        If check is True and the exit code was non-zero, it raises a
        CalledProcessError. The CalledProcessError object will have the return code
        in the returncode attribute, and output & stderr attributes if those streams
        were captured.
    
        If timeout is given, and the process takes too long, a TimeoutExpired
        exception will be raised.
    
        There is an optional argument "input", allowing you to
        pass a string to the subprocess's stdin.  If you use this argument
        you may not also use the Popen constructor's "stdin" argument, as
        it will be used internally.
    
        The other arguments are the same as for the Popen constructor.
    
        If universal_newlines=True is passed, the "input" argument must be a
        string and stdout/stderr in the returned object will be strings rather than
        bytes.
        """
        if input is not None:
            if 'stdin' in kwargs:
                raise ValueError('stdin and input arguments may not both be used.')
            kwargs['stdin'] = PIPE
    
        with Popen(*popenargs, **kwargs) as process:
            try:
                stdout, stderr = process.communicate(input, timeout=timeout)
            except TimeoutExpired:
                process.kill()
                stdout, stderr = process.communicate()
                raise TimeoutExpired(process.args, timeout, output=stdout,
                                     stderr=stderr)
            except:
                process.kill()
                process.wait()
                raise
            retcode = process.poll()
            if check and retcode:
                raise CalledProcessError(retcode, process.args,
>                                        output=stdout, stderr=stderr)
E               subprocess.CalledProcessError: Command 'cd ../../examples/istio/canary_update && ./canary.py' returned non-zero exit status 1.

/usr/local/lib/python3.6/subprocess.py:438: CalledProcessError
------------------------------ Captured log call -------------------------------
ERROR    root:test_notebooks.py:24 failed notebook test canary stdout:Context "kind-kind" modified.
gateway.networking.istio.io/seldon-gateway configured
WARNING:tensorflow:From /workspace/source/examples/istio/canary_update/canary.py:93: read_data_sets (from tensorflow.contrib.learn.python.learn.datasets.mnist) is deprecated and will be removed in a future version.
Instructions for updating:
Please use alternatives such as official/mnist/dataset.py from tensorflow/models.
WARNING:tensorflow:From /usr/local/lib/python3.6/site-packages/tensorflow_core/contrib/learn/python/learn/datasets/mnist.py:260: maybe_download (from tensorflow.contrib.learn.python.learn.datasets.base) is deprecated and will be removed in a future version.
Instructions for updating:
Please write your own downloading logic.
WARNING:tensorflow:From /usr/local/lib/python3.6/site-packages/tensorflow_core/contrib/learn/python/learn/datasets/base.py:252: _internal_retry.<locals>.wrap.<locals>.wrapped_fn (from tensorflow.contrib.learn.python.learn.datasets.base) is deprecated and will be removed in a future version.
Instructions for updating:
Please use urllib or similar directly.
Successfully downloaded train-images-idx3-ubyte.gz 9912422 bytes.
WARNING:tensorflow:From /usr/local/lib/python3.6/site-packages/tensorflow_core/contrib/learn/python/learn/datasets/mnist.py:262: extract_images (from tensorflow.contrib.learn.python.learn.datasets.mnist) is deprecated and will be removed in a future version.
Instructions for updating:
Please use tf.data to implement this functionality.
Extracting MNIST_data/train-images-idx3-ubyte.gz
Successfully downloaded train-labels-idx1-ubyte.gz 28881 bytes.
WARNING:tensorflow:From /usr/local/lib/python3.6/site-packages/tensorflow_core/contrib/learn/python/learn/datasets/mnist.py:267: extract_labels (from tensorflow.contrib.learn.python.learn.datasets.mnist) is deprecated and will be removed in a future version.
Instructions for updating:
Please use tf.data to implement this functionality.
Extracting MNIST_data/train-labels-idx1-ubyte.gz
WARNING:tensorflow:From /usr/local/lib/python3.6/site-packages/tensorflow_core/contrib/learn/python/learn/datasets/mnist.py:110: dense_to_one_hot (from tensorflow.contrib.learn.python.learn.datasets.mnist) is deprecated and will be removed in a future version.
Instructions for updating:
Please use tf.one_hot on tensors.
Successfully downloaded t10k-images-idx3-ubyte.gz 1648877 bytes.
Extracting MNIST_data/t10k-images-idx3-ubyte.gz
Successfully downloaded t10k-labels-idx1-ubyte.gz 4542 bytes.
Extracting MNIST_data/t10k-labels-idx1-ubyte.gz
WARNING:tensorflow:From /usr/local/lib/python3.6/site-packages/tensorflow_core/contrib/learn/python/learn/datasets/mnist.py:290: DataSet.__init__ (from tensorflow.contrib.learn.python.learn.datasets.mnist) is deprecated and will be removed in a future version.
Instructions for updating:
Please use alternatives such as official/mnist/dataset.py from tensorflow/models.
seldondeployment.machinelearning.seldon.io/mnist-classifier created
Waiting for deployment "mnist-classifier-sk-mnist-predictor-0-sk-mnist-classifier" rollout to finish: 0 of 1 updated replicas are available...
deployment "mnist-classifier-sk-mnist-predictor-0-sk-mnist-classifier" successfully rolled out
{
    [94m"apiVersion"[39;49;00m: [33m"machinelearning.seldon.io/v1alpha2"[39;49;00m,
    [94m"kind"[39;49;00m: [33m"SeldonDeployment"[39;49;00m,
    [94m"metadata"[39;49;00m: {
        [94m"labels"[39;49;00m: {
            [94m"app"[39;49;00m: [33m"seldon"[39;49;00m
        },
        [94m"name"[39;49;00m: [33m"mnist-classifier"[39;49;00m
    },
    [94m"spec"[39;49;00m: {
        [94m"annotations"[39;49;00m: {
            [94m"project_name"[39;49;00m: [33m"Mnist classification"[39;49;00m
        },
        [94m"name"[39;49;00m: [33m"mnist-deployment"[39;49;00m,
        [94m"predictors"[39;49;00m: [
            {
                [94m"componentSpecs"[39;49;00m: [{
                    [94m"spec"[39;49;00m: {
                        [94m"containers"[39;49;00m: [
                            {
                                [94m"image"[39;49;00m: [33m"seldonio/sk-example-mnist:0.3"[39;49;00m,
                                [94m"imagePullPolicy"[39;49;00m: [33m"IfNotPresent"[39;49;00m,
                                [94m"name"[39;49;00m: [33m"sk-mnist-classifier"[39;49;00m,
                                [94m"resources"[39;49;00m: {
                                    [94m"requests"[39;49;00m: {
                                        [94m"memory"[39;49;00m: [33m"1Mi"[39;49;00m
                                    }
                                }
                            }
                        ],
                        [94m"terminationGracePeriodSeconds"[39;49;00m: [34m1[39;49;00m
                    }
                }],
                [94m"graph"[39;49;00m: {
                    [94m"children"[39;49;00m: [],
                    [94m"name"[39;49;00m: [33m"sk-mnist-classifier"[39;49;00m,
                    [94m"endpoint"[39;49;00m: {
                        [94m"type"[39;49;00m : [33m"REST"[39;49;00m
                    },
                    [94m"type"[39;49;00m: [33m"MODEL"[39;49;00m
                },
                [94m"name"[39;49;00m: [33m"sk-mnist-predictor"[39;49;00m,
                [94m"replicas"[39;49;00m: [34m1[39;49;00m,
               [94m"svcOrchSpec"[39;49;00m: {
                    [94m"env"[39;49;00m: [
                        {
                            [94m"name"[39;49;00m: [33m"SELDON_LOG_LEVEL"[39;49;00m,
                            [94m"value"[39;49;00m: [33m"DEBUG"[39;49;00m
                        }
                    ]
                },
        [94m"labels"[39;49;00m:{
            [94m"version"[39;49;00m:[33m"v1"[39;49;00m
        },
        [94m"traffic"[39;49;00m: [34m75[39;49;00m
            },
            {
                [94m"componentSpecs"[39;49;00m: [{
                    [94m"spec"[39;49;00m: {
                        [94m"containers"[39;49;00m: [
                            {
                                [94m"image"[39;49;00m: [33m"seldonio/tf-example-mnist:0.2"[39;49;00m,
                                [94m"imagePullPolicy"[39;49;00m: [33m"IfNotPresent"[39;49;00m,
                                [94m"name"[39;49;00m: [33m"tf-mnist-classifier"[39;49;00m,
                                [94m"resources"[39;49;00m: {
                                    [94m"requests"[39;49;00m: {
                                        [94m"memory"[39;49;00m: [33m"1Mi"[39;49;00m
                                    }
                                }
                            }
                        ],
                        [94m"terminationGracePeriodSeconds"[39;49;00m: [34m1[39;49;00m
                    }
                }],
                [94m"graph"[39;49;00m: {
                    [94m"children"[39;49;00m: [],
                    [94m"name"[39;49;00m: [33m"tf-mnist-classifier"[39;49;00m,
                    [94m"endpoint"[39;49;00m: {
                        [94m"type"[39;49;00m : [33m"REST"[39;49;00m
                    },
                    [94m"type"[39;49;00m: [33m"MODEL"[39;49;00m
                },
                [94m"name"[39;49;00m: [33m"tf-mnist-predictor"[39;49;00m,
                [94m"replicas"[39;49;00m: [34m1[39;49;00m,
               [94m"svcOrchSpec"[39;49;00m: {
                    [94m"env"[39;49;00m: [
                        {
                            [94m"name"[39;49;00m: [33m"SELDON_LOG_LEVEL"[39;49;00m,
                            [94m"value"[39;49;00m: [33m"DEBUG"[39;49;00m
                        }
                    ]
                },
        [94m"labels"[39;49;00m:{
            [94m"version"[39;49;00m:[33m"v2"[39;49;00m
        },
        [94m"traffic"[39;49;00m: [34m25[39;49;00m
            }
        ]
    }
}
seldondeployment.machinelearning.seldon.io/mnist-classifier configured
Waiting for deployment "mnist-classifier-sk-mnist-predictor-0-sk-mnist-classifier" rollout to finish: 1 old replicas are pending termination...
Waiting for deployment "mnist-classifier-sk-mnist-predictor-0-sk-mnist-classifier" rollout to finish: 1 old replicas are pending termination...
deployment "mnist-classifier-sk-mnist-predictor-0-sk-mnist-classifier" successfully rolled out
Waiting for deployment "mnist-classifier-tf-mnist-predictor-0-tf-mnist-classifier" rollout to finish: 0 of 1 updated replicas are available...
deployment "mnist-classifier-tf-mnist-predictor-0-tf-mnist-classifier" successfully rolled out
Available
{
  "class:0": "0.13",
  "class:1": "0.03",
  "class:2": "0.00",
  "class:3": "0.07",
  "class:4": "0.03",
  "class:5": "0.10",
  "class:6": "0.10",
  "class:7": "0.43",
  "class:8": "0.00",
  "class:9": "0.10"
}
Available
{
  "class:0": "0.00",
  "class:1": "0.00",
  "class:2": "0.04",
  "class:3": "0.00",
  "class:4": "0.00",
  "class:5": "0.05",
  "class:6": "0.01",
  "class:7": "0.00",
  "class:8": "0.88",
  "class:9": "0.01"
}
{
  "class:0": "0.00",
  "class:1": "0.00",
  "class:2": "0.00",
  "class:3": "0.00",
  "class:4": "0.00",
  "class:5": "0.00",
  "class:6": "1.00",
  "class:7": "0.00",
  "class:8": "0.00",
  "class:9": "0.00"
}
{
  "class:0": "0.00",
  "class:1": "0.00",
  "class:2": "0.00",
  "class:3": "0.00",
  "class:4": "0.00",
  "class:5": "0.03",
  "class:6": "0.97",
  "class:7": "0.00",
  "class:8": "0.00",
  "class:9": "0.00"
}
{
  "class:0": "0.00",
  "class:1": "0.00",
  "class:2": "0.00",
  "class:3": "0.03",
  "class:4": "0.00",
  "class:5": "0.80",
  "class:6": "0.03",
  "class:7": "0.00",
  "class:8": "0.13",
  "class:9": "0.00"
}
{
  "class:0": "0.90",
  "class:1": "0.03",
  "class:2": "0.00",
  "class:3": "0.00",
  "class:4": "0.00",
  "class:5": "0.03",
  "class:6": "0.03",
  "class:7": "0.00",
  "class:8": "0.00",
  "class:9": "0.00"
}
{
  "class:0": "0.00",
  "class:1": "0.00",
  "class:2": "0.00",
  "class:3": "0.00",
  "class:4": "1.00",
  "class:5": "0.00",
  "class:6": "0.00",
  "class:7": "0.00",
  "class:8": "0.00",
  "class:9": "0.00"
}
{
  "class:0": "0.07",
  "class:1": "0.00",
  "class:2": "0.03",
  "class:3": "0.23",
  "class:4": "0.03",
  "class:5": "0.13",
  "class:6": "0.00",
  "class:7": "0.00",
  "class:8": "0.43",
  "class:9": "0.07"
}
{
  "class:0": "0.00",
  "class:1": "0.00",
  "class:2": "0.57",
  "class:3": "0.00",
  "class:4": "0.01",
  "class:5": "0.00",
  "class:6": "0.00",
  "class:7": "0.06",
  "class:8": "0.10",
  "class:9": "0.25"
}
{
  "class:0": "0.00",
  "class:1": "0.00",
  "class:2": "0.87",
  "class:3": "0.13",
  "class:4": "0.00",
  "class:5": "0.00",
  "class:6": "0.00",
  "class:7": "0.00",
  "class:8": "0.01",
  "class:9": "0.00"
}
{
  "class:0": "0.00",
  "class:1": "0.00",
  "class:2": "0.00",
  "class:3": "0.00",
  "class:4": "0.00",
  "class:5": "0.00",
  "class:6": "0.00",
  "class:7": "1.00",
  "class:8": "0.00",
  "class:9": "0.00"
}
{
  "class:0": "0.00",
  "class:1": "0.00",
  "class:2": "0.00",
  "class:3": "0.00",
  "class:4": "0.00",
  "class:5": "0.00",
  "class:6": "0.00",
  "class:7": "1.00",
  "class:8": "0.00",
  "class:9": "0.00"
}
{
  "class:0": "0.07",
  "class:1": "0.00",
  "class:2": "0.83",
  "class:3": "0.03",
  "class:4": "0.00",
  "class:5": "0.00",
  "class:6": "0.00",
  "class:7": "0.00",
  "class:8": "0.00",
  "class:9": "0.07"
}
{
  "class:0": "0.00",
  "class:1": "0.00",
  "class:2": "0.00",
  "class:3": "0.01",
  "class:4": "0.00",
  "class:5": "0.87",
  "class:6": "0.00",
  "class:7": "0.00",
  "class:8": "0.08",
  "class:9": "0.04"
}
{
  "class:0": "0.00",
  "class:1": "0.00",
  "class:2": "0.00",
  "class:3": "0.00",
  "class:4": "0.00",
  "class:5": "0.00",
  "class:6": "1.00",
  "class:7": "0.00",
  "class:8": "0.00",
  "class:9": "0.00"
}
{
  "class:0": "0.00",
  "class:1": "0.00",
  "class:2": "0.00",
  "class:3": "0.00",
  "class:4": "1.00",
  "class:5": "0.00",
  "class:6": "0.00",
  "class:7": "0.00",
  "class:8": "0.00",
  "class:9": "0.00"
}
{
  "class:0": "0.00",
  "class:1": "0.00",
  "class:2": "0.00",
  "class:3": "0.00",
  "class:4": "0.00",
  "class:5": "0.00",
  "class:6": "1.00",
  "class:7": "0.00",
  "class:8": "0.00",
  "class:9": "0.00"
}
{
  "class:0": "0.00",
  "class:1": "0.00",
  "class:2": "0.03",
  "class:3": "0.00",
  "class:4": "0.03",
  "class:5": "0.00",
  "class:6": "0.87",
  "class:7": "0.03",
  "class:8": "0.03",
  "class:9": "0.00"
}
{
  "class:0": "0.00",
  "class:1": "0.00",
  "class:2": "0.00",
  "class:3": "0.00",
  "class:4": "0.00",
  "class:5": "0.00",
  "class:6": "0.00",
  "class:7": "1.00",
  "class:8": "0.00",
  "class:9": "0.00"
}
{
  "class:0": "0.17",
  "class:1": "0.00",
  "class:2": "0.07",
  "class:3": "0.00",
  "class:4": "0.03",
  "class:5": "0.03",
  "class:6": "0.00",
  "class:7": "0.47",
  "class:8": "0.00",
  "class:9": "0.23"
}
{
  "class:0": "0.00",
  "class:1": "0.00",
  "class:2": "0.00",
  "class:3": "0.00",
  "class:4": "0.97",
  "class:5": "0.00",
  "class:6": "0.00",
  "class:7": "0.00",
  "class:8": "0.00",
  "class:9": "0.02"
}
{
  "class:0": "0.00",
  "class:1": "0.00",
  "class:2": "0.00",
  "class:3": "0.00",
  "class:4": "0.00",
  "class:5": "0.00",
  "class:6": "0.00",
  "class:7": "0.00",
  "class:8": "0.00",
  "class:9": "1.00"
}
{
  "class:0": "0.03",
  "class:1": "0.00",
  "class:2": "0.03",
  "class:3": "0.03",
  "class:4": "0.00",
  "class:5": "0.07",
  "class:6": "0.00",
  "class:7": "0.00",
  "class:8": "0.83",
  "class:9": "0.00"
}
{
  "class:0": "1.00",
  "class:1": "0.00",
  "class:2": "0.00",
  "class:3": "0.00",
  "class:4": "0.00",
  "class:5": "0.00",
  "class:6": "0.00",
  "class:7": "0.00",
  "class:8": "0.00",
  "class:9": "0.00"
}
{
  "class:0": "0.00",
  "class:1": "0.00",
  "class:2": "0.00",
  "class:3": "0.00",
  "class:4": "1.00",
  "class:5": "0.00",
  "class:6": "0.00",
  "class:7": "0.00",
  "class:8": "0.00",
  "class:9": "0.00"
}
{
  "class:0": "0.10",
  "class:1": "0.00",
  "class:2": "0.07",
  "class:3": "0.00",
  "class:4": "0.03",
  "class:5": "0.00",
  "class:6": "0.67",
  "class:7": "0.00",
  "class:8": "0.07",
  "class:9": "0.07"
}
{
  "class:0": "0.00",
  "class:1": "0.00",
  "class:2": "0.00",
  "class:3": "0.99",
  "class:4": "0.00",
  "class:5": "0.00",
  "class:6": "0.00",
  "class:7": "0.00",
  "class:8": "0.01",
  "class:9": "0.00"
}
{
  "class:0": "0.00",
  "class:1": "0.00",
  "class:2": "0.00",
  "class:3": "0.97",
  "class:4": "0.03",
  "class:5": "0.00",
  "class:6": "0.00",
  "class:7": "0.00",
  "class:8": "0.00",
  "class:9": "0.00"
}
{
  "class:0": "0.00",
  "class:1": "0.00",
  "class:2": "0.80",
  "class:3": "0.07",
  "class:4": "0.00",
  "class:5": "0.00",
  "class:6": "0.03",
  "class:7": "0.03",
  "class:8": "0.07",
  "class:9": "0.00"
}
{
  "class:0": "0.00",
  "class:1": "0.00",
  "class:2": "0.00",
  "class:3": "0.40",
  "class:4": "0.00",
  "class:5": "0.55",
  "class:6": "0.00",
  "class:7": "0.00",
  "class:8": "0.05",
  "class:9": "0.00"
}
{
  "class:0": "0.00",
  "class:1": "0.00",
  "class:2": "0.00",
  "class:3": "0.00",
  "class:4": "0.00",
  "class:5": "0.00",
  "class:6": "0.00",
  "class:7": "0.00",
  "class:8": "1.00",
  "class:9": "0.00"
}
{
  "class:0": "0.00",
  "class:1": "0.00",
  "class:2": "0.93",
  "class:3": "0.07",
  "class:4": "0.00",
  "class:5": "0.00",
  "class:6": "0.00",
  "class:7": "0.00",
  "class:8": "0.00",
  "class:9": "0.00"
}
{
  "class:0": "0.12",
  "class:1": "0.00",
  "class:2": "0.02",
  "class:3": "0.00",
  "class:4": "0.71",
  "class:5": "0.01",
  "class:6": "0.07",
  "class:7": "0.00",
  "class:8": "0.01",
  "class:9": "0.05"
}
{
  "class:0": "0.87",
  "class:1": "0.03",
  "class:2": "0.03",
  "class:3": "0.00",
  "class:4": "0.00",
  "class:5": "0.00",
  "class:6": "0.03",
  "class:7": "0.00",
  "class:8": "0.03",
  "class:9": "0.00"
}
{
  "class:0": "0.00",
  "class:1": "0.10",
  "class:2": "0.00",
  "class:3": "0.00",
  "class:4": "0.33",
  "class:5": "0.07",
  "class:6": "0.00",
  "class:7": "0.03",
  "class:8": "0.07",
  "class:9": "0.40"
}
{
  "class:0": "0.07",
  "class:1": "0.03",
  "class:2": "0.10",
  "class:3": "0.47",
  "class:4": "0.00",
  "class:5": "0.30",
  "class:6": "0.00",
  "class:7": "0.00",
  "class:8": "0.03",
  "class:9": "0.00"
}
{
  "class:0": "0.00",
  "class:1": "0.00",
  "class:2": "0.00",
  "class:3": "0.00",
  "class:4": "0.93",
  "class:5": "0.00",
  "class:6": "0.00",
  "class:7": "0.03",
  "class:8": "0.00",
  "class:9": "0.03"
}
{
  "class:0": "0.00",
  "class:1": "0.00",
  "class:2": "0.00",
  "class:3": "0.03",
  "class:4": "0.87",
  "class:5": "0.00",
  "class:6": "0.00",
  "class:7": "0.00",
  "class:8": "0.03",
  "class:9": "0.07"
}
{
  "class:0": "0.00",
  "class:1": "0.00",
  "class:2": "0.00",
  "class:3": "0.00",
  "class:4": "0.00",
  "class:5": "0.00",
  "class:6": "0.00",
  "class:7": "1.00",
  "class:8": "0.00",
  "class:9": "0.00"
}
{
  "class:0": "0.00",
  "class:1": "0.00",
  "class:2": "0.00",
  "class:3": "0.00",
  "class:4": "0.00",
  "class:5": "0.00",
  "class:6": "0.00",
  "class:7": "0.00",
  "class:8": "1.00",
  "class:9": "0.00"
}
{
  "class:0": "0.00",
  "class:1": "0.00",
  "class:2": "0.00",
  "class:3": "0.00",
  "class:4": "0.07",
  "class:5": "0.00",
  "class:6": "0.00",
  "class:7": "0.01",
  "class:8": "0.01",
  "class:9": "0.92"
}
{
  "class:0": "0.00",
  "class:1": "0.00",
  "class:2": "0.03",
  "class:3": "0.03",
  "class:4": "0.83",
  "class:5": "0.00",
  "class:6": "0.00",
  "class:7": "0.00",
  "class:8": "0.00",
  "class:9": "0.10"
}
{
  "class:0": "0.00",
  "class:1": "0.07",
  "class:2": "0.00",
  "class:3": "0.03",
  "class:4": "0.00",
  "class:5": "0.00",
  "class:6": "0.00",
  "class:7": "0.90",
  "class:8": "0.00",
  "class:9": "0.00"
}
{
  "class:0": "0.00",
  "class:1": "0.00",
  "class:2": "0.03",
  "class:3": "0.01",
  "class:4": "0.78",
  "class:5": "0.01",
  "class:6": "0.00",
  "class:7": "0.02",
  "class:8": "0.01",
  "class:9": "0.14"
}
{
  "class:0": "0.93",
  "class:1": "0.00",
  "class:2": "0.00",
  "class:3": "0.00",
  "class:4": "0.00",
  "class:5": "0.03",
  "class:6": "0.03",
  "class:7": "0.00",
  "class:8": "0.00",
  "class:9": "0.00"
}
{
  "class:0": "0.00",
  "class:1": "0.00",
  "class:2": "0.10",
  "class:3": "0.07",
  "class:4": "0.00",
  "class:5": "0.07",
  "class:6": "0.00",
  "class:7": "0.03",
  "class:8": "0.73",
  "class:9": "0.00"
}
{
  "class:0": "0.00",
  "class:1": "0.00",
  "class:2": "0.03",
  "class:3": "0.00",
  "class:4": "0.00",
  "class:5": "0.03",
  "class:6": "0.93",
  "class:7": "0.00",
  "class:8": "0.00",
  "class:9": "0.00"
}
{
  "class:0": "0.94",
  "class:1": "0.00",
  "class:2": "0.00",
  "class:3": "0.00",
  "class:4": "0.00",
  "class:5": "0.03",
  "class:6": "0.00",
  "class:7": "0.00",
  "class:8": "0.02",
  "class:9": "0.00"
}
{
  "class:0": "1.00",
  "class:1": "0.00",
  "class:2": "0.00",
  "class:3": "0.00",
  "class:4": "0.00",
  "class:5": "0.00",
  "class:6": "0.00",
  "class:7": "0.00",
  "class:8": "0.00",
  "class:9": "0.00"
}
{
  "class:0": "0.00",
  "class:1": "0.00",
  "class:2": "0.92",
  "class:3": "0.05",
  "class:4": "0.00",
  "class:5": "0.00",
  "class:6": "0.00",
  "class:7": "0.00",
  "class:8": "0.03",
  "class:9": "0.00"
}
{
  "class:0": "0.00",
  "class:1": "0.00",
  "class:2": "0.00",
  "class:3": "0.00",
  "class:4": "0.07",
  "class:5": "0.03",
  "class:6": "0.83",
  "class:7": "0.00",
  "class:8": "0.07",
  "class:9": "0.00"
}
{
  "class:0": "0.00",
  "class:1": "0.67",
  "class:2": "0.00",
  "class:3": "0.03",
  "class:4": "0.00",
  "class:5": "0.00",
  "class:6": "0.00",
  "class:7": "0.23",
  "class:8": "0.03",
  "class:9": "0.03"
}
{
  "class:0": "0.00",
  "class:1": "0.17",
  "class:2": "0.03",
  "class:3": "0.20",
  "class:4": "0.37",
  "class:5": "0.00",
  "class:6": "0.03",
  "class:7": "0.00",
  "class:8": "0.03",
  "class:9": "0.17"
}
{
  "class:0": "0.00",
  "class:1": "0.00",
  "class:2": "0.00",
  "class:3": "0.30",
  "class:4": "0.00",
  "class:5": "0.70",
  "class:6": "0.00",
  "class:7": "0.00",
  "class:8": "0.00",
  "class:9": "0.00"
}
{
  "class:0": "0.00",
  "class:1": "0.00",
  "class:2": "0.03",
  "class:3": "0.13",
  "class:4": "0.07",
  "class:5": "0.23",
  "class:6": "0.13",
  "class:7": "0.00",
  "class:8": "0.33",
  "class:9": "0.07"
}
{
  "class:0": "0.07",
  "class:1": "0.00",
  "class:2": "0.03",
  "class:3": "0.10",
  "class:4": "0.10",
  "class:5": "0.53",
  "class:6": "0.10",
  "class:7": "0.03",
  "class:8": "0.03",
  "class:9": "0.00"
}
{
  "class:0": "0.00",
  "class:1": "0.00",
  "class:2": "0.93",
  "class:3": "0.03",
  "class:4": "0.00",
  "class:5": "0.00",
  "class:6": "0.00",
  "class:7": "0.00",
  "class:8": "0.03",
  "class:9": "0.00"
}
{
  "class:0": "0.00",
  "class:1": "0.00",
  "class:2": "0.03",
  "class:3": "0.00",
  "class:4": "0.77",
  "class:5": "0.03",
  "class:6": "0.07",
  "class:7": "0.00",
  "class:8": "0.03",
  "class:9": "0.07"
}
{
  "class:0": "0.00",
  "class:1": "0.00",
  "class:2": "0.99",
  "class:3": "0.01",
  "class:4": "0.00",
  "class:5": "0.00",
  "class:6": "0.00",
  "class:7": "0.00",
  "class:8": "0.00",
  "class:9": "0.00"
}
{
  "class:0": "0.00",
  "class:1": "0.00",
  "class:2": "0.02",
  "class:3": "0.02",
  "class:4": "0.00",
  "class:5": "0.02",
  "class:6": "0.00",
  "class:7": "0.00",
  "class:8": "0.93",
  "class:9": "0.01"
}
{
  "class:0": "0.00",
  "class:1": "0.00",
  "class:2": "0.00",
  "class:3": "0.46",
  "class:4": "0.04",
  "class:5": "0.40",
  "class:6": "0.00",
  "class:7": "0.00",
  "class:8": "0.06",
  "class:9": "0.03"
}
{
  "class:0": "0.07",
  "class:1": "0.00",
  "class:2": "0.03",
  "class:3": "0.13",
  "class:4": "0.00",
  "class:5": "0.03",
  "class:6": "0.03",
  "class:7": "0.00",
  "class:8": "0.70",
  "class:9": "0.00"
}
{
  "class:0": "0.00",
  "class:1": "0.00",
  "class:2": "0.00",
  "class:3": "0.03",
  "class:4": "0.17",
  "class:5": "0.03",
  "class:6": "0.00",
  "class:7": "0.17",
  "class:8": "0.00",
  "class:9": "0.60"
}
{
  "class:0": "0.00",
  "class:1": "0.00",
  "class:2": "0.00",
  "class:3": "0.00",
  "class:4": "0.00",
  "class:5": "0.00",
  "class:6": "0.00",
  "class:7": "0.00",
  "class:8": "0.00",
  "class:9": "1.00"
}
{
  "class:0": "0.09",
  "class:1": "0.00",
  "class:2": "0.11",
  "class:3": "0.59",
  "class:4": "0.00",
  "class:5": "0.19",
  "class:6": "0.00",
  "class:7": "0.00",
  "class:8": "0.01",
  "class:9": "0.00"
}
{
  "class:0": "1.00",
  "class:1": "0.00",
  "class:2": "0.00",
  "class:3": "0.00",
  "class:4": "0.00",
  "class:5": "0.00",
  "class:6": "0.00",
  "class:7": "0.00",
  "class:8": "0.00",
  "class:9": "0.00"
}
{
  "class:0": "0.00",
  "class:1": "0.03",
  "class:2": "0.03",
  "class:3": "0.07",
  "class:4": "0.00",
  "class:5": "0.00",
  "class:6": "0.00",
  "class:7": "0.00",
  "class:8": "0.87",
  "class:9": "0.00"
}
{
  "class:0": "0.00",
  "class:1": "0.00",
  "class:2": "0.00",
  "class:3": "0.00",
  "class:4": "0.00",
  "class:5": "0.96",
  "class:6": "0.00",
  "class:7": "0.00",
  "class:8": "0.02",
  "class:9": "0.01"
}
{
  "class:0": "0.00",
  "class:1": "0.03",
  "class:2": "0.03",
  "class:3": "0.00",
  "class:4": "0.00",
  "class:5": "0.00",
  "class:6": "0.93",
  "class:7": "0.00",
  "class:8": "0.00",
  "class:9": "0.00"
}
{
  "class:0": "0.97",
  "class:1": "0.00",
  "class:2": "0.00",
  "class:3": "0.03",
  "class:4": "0.00",
  "class:5": "0.00",
  "class:6": "0.00",
  "class:7": "0.00",
  "class:8": "0.00",
  "class:9": "0.00"
}
{
  "class:0": "0.00",
  "class:1": "0.03",
  "class:2": "0.90",
  "class:3": "0.07",
  "class:4": "0.00",
  "class:5": "0.00",
  "class:6": "0.00",
  "class:7": "0.00",
  "class:8": "0.00",
  "class:9": "0.00"
}
{
  "class:0": "0.00",
  "class:1": "0.00",
  "class:2": "1.00",
  "class:3": "0.00",
  "class:4": "0.00",
  "class:5": "0.00",
  "class:6": "0.00",
  "class:7": "0.00",
  "class:8": "0.00",
  "class:9": "0.00"
}
{
  "class:0": "0.00",
  "class:1": "0.00",
  "class:2": "0.00",
  "class:3": "0.00",
  "class:4": "0.00",
  "class:5": "0.10",
  "class:6": "0.00",
  "class:7": "0.00",
  "class:8": "0.89",
  "class:9": "0.00"
}
{
  "class:0": "0.00",
  "class:1": "0.70",
  "class:2": "0.00",
  "class:3": "0.10",
  "class:4": "0.13",
  "class:5": "0.00",
  "class:6": "0.00",
  "class:7": "0.03",
  "class:8": "0.00",
  "class:9": "0.03"
}
{
  "class:0": "0.00",
  "class:1": "0.93",
  "class:2": "0.07",
  "class:3": "0.00",
  "class:4": "0.00",
  "class:5": "0.00",
  "class:6": "0.00",
  "class:7": "0.00",
  "class:8": "0.00",
  "class:9": "0.00"
}
{
  "class:0": "0.00",
  "class:1": "0.00",
  "class:2": "0.00",
  "class:3": "0.00",
  "class:4": "0.00",
  "class:5": "0.00",
  "class:6": "0.00",
  "class:7": "1.00",
  "class:8": "0.00",
  "class:9": "0.00"
}
{
  "class:0": "0.00",
  "class:1": "0.65",
  "class:2": "0.15",
  "class:3": "0.10",
  "class:4": "0.00",
  "class:5": "0.00",
  "class:6": "0.00",
  "class:7": "0.00",
  "class:8": "0.10",
  "class:9": "0.00"
}
{
  "class:0": "0.00",
  "class:1": "0.40",
  "class:2": "0.07",
  "class:3": "0.10",
  "class:4": "0.13",
  "class:5": "0.03",
  "class:6": "0.00",
  "class:7": "0.00",
  "class:8": "0.23",
  "class:9": "0.03"
}
{
  "class:0": "0.02",
  "class:1": "0.00",
  "class:2": "0.33",
  "class:3": "0.64",
  "class:4": "0.00",
  "class:5": "0.00",
  "class:6": "0.00",
  "class:7": "0.00",
  "class:8": "0.01",
  "class:9": "0.00"
}
{
  "class:0": "0.10",
  "class:1": "0.00",
  "class:2": "0.67",
  "class:3": "0.00",
  "class:4": "0.00",
  "class:5": "0.07",
  "class:6": "0.13",
  "class:7": "0.03",
  "class:8": "0.00",
  "class:9": "0.00"
}
{
  "class:0": "0.00",
  "class:1": "0.90",
  "class:2": "0.03",
  "class:3": "0.01",
  "class:4": "0.00",
  "class:5": "0.00",
  "class:6": "0.00",
  "class:7": "0.00",
  "class:8": "0.06",
  "class:9": "0.00"
}
{
  "class:0": "0.00",
  "class:1": "0.00",
  "class:2": "0.07",
  "class:3": "0.07",
  "class:4": "0.80",
  "class:5": "0.03",
  "class:6": "0.03",
  "class:7": "0.00",
  "class:8": "0.00",
  "class:9": "0.00"
}
{
  "class:0": "0.00",
  "class:1": "0.99",
  "class:2": "0.00",
  "class:3": "0.01",
  "class:4": "0.00",
  "class:5": "0.00",
  "class:6": "0.00",
  "class:7": "0.00",
  "class:8": "0.00",
  "class:9": "0.00"
}
{
  "class:0": "0.83",
  "class:1": "0.00",
  "class:2": "0.00",
  "class:3": "0.07",
  "class:4": "0.00",
  "class:5": "0.10",
  "class:6": "0.00",
  "class:7": "0.00",
  "class:8": "0.00",
  "class:9": "0.00"
}
{
  "class:0": "0.03",
  "class:1": "0.00",
  "class:2": "0.01",
  "class:3": "0.00",
  "class:4": "0.02",
  "class:5": "0.00",
  "class:6": "0.94",
  "class:7": "0.00",
  "class:8": "0.00",
  "class:9": "0.00"
}
{
  "class:0": "0.00",
  "class:1": "0.00",
  "class:2": "0.03",
  "class:3": "0.00",
  "class:4": "0.00",
  "class:5": "0.03",
  "class:6": "0.00",
  "class:7": "0.03",
  "class:8": "0.90",
  "class:9": "0.00"
}
{
  "class:0": "0.00",
  "class:1": "0.00",
  "class:2": "0.00",
  "class:3": "0.00",
  "class:4": "0.93",
  "class:5": "0.00",
  "class:6": "0.00",
  "class:7": "0.00",
  "class:8": "0.00",
  "class:9": "0.07"
}
{
  "class:0": "0.00",
  "class:1": "0.00",
  "class:2": "0.03",
  "class:3": "0.00",
  "class:4": "0.93",
  "class:5": "0.00",
  "class:6": "0.03",
  "class:7": "0.00",
  "class:8": "0.00",
  "class:9": "0.00"
}
{
  "class:0": "0.00",
  "class:1": "0.00",
  "class:2": "0.00",
  "class:3": "0.00",
  "class:4": "0.03",
  "class:5": "0.00",
  "class:6": "0.00",
  "class:7": "0.10",
  "class:8": "0.07",
  "class:9": "0.80"
}
{
  "class:0": "0.03",
  "class:1": "0.00",
  "class:2": "0.00",
  "class:3": "0.23",
  "class:4": "0.03",
  "class:5": "0.13",
  "class:6": "0.00",
  "class:7": "0.00",
  "class:8": "0.57",
  "class:9": "0.00"
}
{
  "class:0": "0.00",
  "class:1": "0.00",
  "class:2": "0.00",
  "class:3": "0.02",
  "class:4": "0.00",
  "class:5": "0.00",
  "class:6": "0.00",
  "class:7": "0.00",
  "class:8": "0.98",
  "class:9": "0.00"
}
{
  "class:0": "0.05",
  "class:1": "0.00",
  "class:2": "0.00",
  "class:3": "0.89",
  "class:4": "0.00",
  "class:5": "0.05",
  "class:6": "0.00",
  "class:7": "0.00",
  "class:8": "0.01",
  "class:9": "0.00"
}
{
  "class:0": "0.03",
  "class:1": "0.00",
  "class:2": "0.03",
  "class:3": "0.87",
  "class:4": "0.00",
  "class:5": "0.03",
  "class:6": "0.00",
  "class:7": "0.00",
  "class:8": "0.03",
  "class:9": "0.00"
}
{
  "class:0": "0.00",
  "class:1": "0.00",
  "class:2": "0.00",
  "class:3": "0.00",
  "class:4": "0.13",
  "class:5": "0.00",
  "class:6": "0.00",
  "class:7": "0.03",
  "class:8": "0.00",
  "class:9": "0.83"
}
{
  "class:0": "0.07",
  "class:1": "0.00",
  "class:2": "0.00",
  "class:3": "0.03",
  "class:4": "0.13",
  "class:5": "0.53",
  "class:6": "0.07",
  "class:7": "0.00",
  "class:8": "0.17",
  "class:9": "0.00"
}
{
  "class:0": "0.00",
  "class:1": "0.00",
  "class:2": "0.00",
  "class:3": "0.00",
  "class:4": "0.00",
  "class:5": "0.00",
  "class:6": "0.00",
  "class:7": "0.00",
  "class:8": "0.03",
  "class:9": "0.97"
}
{
  "class:0": "0.00",
  "class:1": "0.00",
  "class:2": "0.03",
  "class:3": "0.03",
  "class:4": "0.80",
  "class:5": "0.00",
  "class:6": "0.00",
  "class:7": "0.07",
  "class:8": "0.00",
  "class:9": "0.07"
}
{
  "class:0": "0.00",
  "class:1": "0.00",
  "class:2": "0.00",
  "class:3": "0.00",
  "class:4": "0.00",
  "class:5": "0.00",
  "class:6": "1.00",
  "class:7": "0.00",
  "class:8": "0.00",
  "class:9": "0.00"
}
{
  "class:0": "0.50",
  "class:1": "0.00",
  "class:2": "0.03",
  "class:3": "0.03",
  "class:4": "0.00",
  "class:5": "0.03",
  "class:6": "0.30",
  "class:7": "0.00",
  "class:8": "0.10",
  "class:9": "0.00"
}
{
  "class:0": "0.03",
  "class:1": "0.03",
  "class:2": "0.00",
  "class:3": "0.00",
  "class:4": "0.23",
  "class:5": "0.03",
  "class:6": "0.63",
  "class:7": "0.03",
  "class:8": "0.00",
  "class:9": "0.00"
}
[0;31m---------------------------------------------------------------------------[0m
[0;31mZeroDivisionError[0m                         Traceback (most recent call last)
[0;32m/workspace/source/examples/istio/canary_update/canary.py[0m in [0;36m<module>[0;34m[0m
[1;32m    259[0m [0;34m[0m[0m
[1;32m    260[0m [0;34m[0m[0m
[0;32m--> 261[0;31m [0mpercentage_to_canary[0m [0;34m=[0m [0mfloat[0m[0;34m([0m[0mcanary_count[0m[0;34m[[0m[0;36m0[0m[0;34m][0m[0;34m)[0m[0;34m/[0m[0mfloat[0m[0;34m([0m[0mdefault_count[0m[0;34m[[0m[0;36m0[0m[0;34m][0m[0;34m)[0m[0;34m[0m[0;34m[0m[0m
[0m[1;32m    262[0m [0mprint[0m[0;34m([0m[0mpercentage_to_canary[0m[0;34m)[0m[0;34m[0m[0;34m[0m[0m
[1;32m    263[0m [0;32massert[0m[0;34m([0m[0mpercentage_to_canary[0m [0;34m>[0m [0;36m0.1[0m [0;32mand[0m [0mpercentage_to_canary[0m [0;34m<[0m [0;36m0.5[0m[0;34m)[0m[0;34m[0m[0;34m[0m[0m

[0;31mZeroDivisionError[0m: float division by zero
, stderr:Error from server (AlreadyExists): namespaces "seldon" already exists
Warning: kubectl apply should be used on resource created by either kubectl create --save-config or kubectl apply
/usr/local/lib/python3.6/site-packages/IPython/core/history.py:226: UserWarning: IPython History requires SQLite, your history will not be saved
  warn("IPython History requires SQLite, your history will not be saved")
------------------------------ Captured log call -------------------------------
ERROR    root:test_notebooks.py:24 failed notebook test canary stdout:Context "kind-kind" modified.
gateway.networking.istio.io/seldon-gateway unchanged
WARNING:tensorflow:From /workspace/source/examples/istio/canary_update/canary.py:93: read_data_sets (from tensorflow.contrib.learn.python.learn.datasets.mnist) is deprecated and will be removed in a future version.
Instructions for updating:
Please use alternatives such as official/mnist/dataset.py from tensorflow/models.
WARNING:tensorflow:From /usr/local/lib/python3.6/site-packages/tensorflow_core/contrib/learn/python/learn/datasets/mnist.py:260: maybe_download (from tensorflow.contrib.learn.python.learn.datasets.base) is deprecated and will be removed in a future version.
Instructions for updating:
Please write your own downloading logic.
WARNING:tensorflow:From /usr/local/lib/python3.6/site-packages/tensorflow_core/contrib/learn/python/learn/datasets/mnist.py:262: extract_images (from tensorflow.contrib.learn.python.learn.datasets.mnist) is deprecated and will be removed in a future version.
Instructions for updating:
Please use tf.data to implement this functionality.
Extracting MNIST_data/train-images-idx3-ubyte.gz
WARNING:tensorflow:From /usr/local/lib/python3.6/site-packages/tensorflow_core/contrib/learn/python/learn/datasets/mnist.py:267: extract_labels (from tensorflow.contrib.learn.python.learn.datasets.mnist) is deprecated and will be removed in a future version.
Instructions for updating:
Please use tf.data to implement this functionality.
Extracting MNIST_data/train-labels-idx1-ubyte.gz
WARNING:tensorflow:From /usr/local/lib/python3.6/site-packages/tensorflow_core/contrib/learn/python/learn/datasets/mnist.py:110: dense_to_one_hot (from tensorflow.contrib.learn.python.learn.datasets.mnist) is deprecated and will be removed in a future version.
Instructions for updating:
Please use tf.one_hot on tensors.
Extracting MNIST_data/t10k-images-idx3-ubyte.gz
Extracting MNIST_data/t10k-labels-idx1-ubyte.gz
WARNING:tensorflow:From /usr/local/lib/python3.6/site-packages/tensorflow_core/contrib/learn/python/learn/datasets/mnist.py:290: DataSet.__init__ (from tensorflow.contrib.learn.python.learn.datasets.mnist) is deprecated and will be removed in a future version.
Instructions for updating:
Please use alternatives such as official/mnist/dataset.py from tensorflow/models.
seldondeployment.machinelearning.seldon.io/mnist-classifier created
Waiting for deployment "mnist-classifier-sk-mnist-predictor-0-sk-mnist-classifier" rollout to finish: 0 of 1 updated replicas are available...
deployment "mnist-classifier-sk-mnist-predictor-0-sk-mnist-classifier" successfully rolled out
{
    [94m"apiVersion"[39;49;00m: [33m"machinelearning.seldon.io/v1alpha2"[39;49;00m,
    [94m"kind"[39;49;00m: [33m"SeldonDeployment"[39;49;00m,
    [94m"metadata"[39;49;00m: {
        [94m"labels"[39;49;00m: {
            [94m"app"[39;49;00m: [33m"seldon"[39;49;00m
        },
        [94m"name"[39;49;00m: [33m"mnist-classifier"[39;49;00m
    },
    [94m"spec"[39;49;00m: {
        [94m"annotations"[39;49;00m: {
            [94m"project_name"[39;49;00m: [33m"Mnist classification"[39;49;00m
        },
        [94m"name"[39;49;00m: [33m"mnist-deployment"[39;49;00m,
        [94m"predictors"[39;49;00m: [
            {
                [94m"componentSpecs"[39;49;00m: [{
                    [94m"spec"[39;49;00m: {
                        [94m"containers"[39;49;00m: [
                            {
                                [94m"image"[39;49;00m: [33m"seldonio/sk-example-mnist:0.3"[39;49;00m,
                                [94m"imagePullPolicy"[39;49;00m: [33m"IfNotPresent"[39;49;00m,
                                [94m"name"[39;49;00m: [33m"sk-mnist-classifier"[39;49;00m,
                                [94m"resources"[39;49;00m: {
                                    [94m"requests"[39;49;00m: {
                                        [94m"memory"[39;49;00m: [33m"1Mi"[39;49;00m
                                    }
                                }
                            }
                        ],
                        [94m"terminationGracePeriodSeconds"[39;49;00m: [34m1[39;49;00m
                    }
                }],
                [94m"graph"[39;49;00m: {
                    [94m"children"[39;49;00m: [],
                    [94m"name"[39;49;00m: [33m"sk-mnist-classifier"[39;49;00m,
                    [94m"endpoint"[39;49;00m: {
                        [94m"type"[39;49;00m : [33m"REST"[39;49;00m
                    },
                    [94m"type"[39;49;00m: [33m"MODEL"[39;49;00m
                },
                [94m"name"[39;49;00m: [33m"sk-mnist-predictor"[39;49;00m,
                [94m"replicas"[39;49;00m: [34m1[39;49;00m,
               [94m"svcOrchSpec"[39;49;00m: {
                    [94m"env"[39;49;00m: [
                        {
                            [94m"name"[39;49;00m: [33m"SELDON_LOG_LEVEL"[39;49;00m,
                            [94m"value"[39;49;00m: [33m"DEBUG"[39;49;00m
                        }
                    ]
                },
        [94m"labels"[39;49;00m:{
            [94m"version"[39;49;00m:[33m"v1"[39;49;00m
        },
        [94m"traffic"[39;49;00m: [34m75[39;49;00m
            },
            {
                [94m"componentSpecs"[39;49;00m: [{
                    [94m"spec"[39;49;00m: {
                        [94m"containers"[39;49;00m: [
                            {
                                [94m"image"[39;49;00m: [33m"seldonio/tf-example-mnist:0.2"[39;49;00m,
                                [94m"imagePullPolicy"[39;49;00m: [33m"IfNotPresent"[39;49;00m,
                                [94m"name"[39;49;00m: [33m"tf-mnist-classifier"[39;49;00m,
                                [94m"resources"[39;49;00m: {
                                    [94m"requests"[39;49;00m: {
                                        [94m"memory"[39;49;00m: [33m"1Mi"[39;49;00m
                                    }
                                }
                            }
                        ],
                        [94m"terminationGracePeriodSeconds"[39;49;00m: [34m1[39;49;00m
                    }
                }],
                [94m"graph"[39;49;00m: {
                    [94m"children"[39;49;00m: [],
                    [94m"name"[39;49;00m: [33m"tf-mnist-classifier"[39;49;00m,
                    [94m"endpoint"[39;49;00m: {
                        [94m"type"[39;49;00m : [33m"REST"[39;49;00m
                    },
                    [94m"type"[39;49;00m: [33m"MODEL"[39;49;00m
                },
                [94m"name"[39;49;00m: [33m"tf-mnist-predictor"[39;49;00m,
                [94m"replicas"[39;49;00m: [34m1[39;49;00m,
               [94m"svcOrchSpec"[39;49;00m: {
                    [94m"env"[39;49;00m: [
                        {
                            [94m"name"[39;49;00m: [33m"SELDON_LOG_LEVEL"[39;49;00m,
                            [94m"value"[39;49;00m: [33m"DEBUG"[39;49;00m
                        }
                    ]
                },
        [94m"labels"[39;49;00m:{
            [94m"version"[39;49;00m:[33m"v2"[39;49;00m
        },
        [94m"traffic"[39;49;00m: [34m25[39;49;00m
            }
        ]
    }
}
seldondeployment.machinelearning.seldon.io/mnist-classifier configured
Waiting for deployment "mnist-classifier-sk-mnist-predictor-0-sk-mnist-classifier" rollout to finish: 1 old replicas are pending termination...
Waiting for deployment "mnist-classifier-sk-mnist-predictor-0-sk-mnist-classifier" rollout to finish: 1 old replicas are pending termination...
deployment "mnist-classifier-sk-mnist-predictor-0-sk-mnist-classifier" successfully rolled out
deployment "mnist-classifier-tf-mnist-predictor-0-tf-mnist-classifier" successfully rolled out
Available
{
  "class:0": "0.00",
  "class:1": "0.00",
  "class:2": "0.07",
  "class:3": "0.07",
  "class:4": "0.17",
  "class:5": "0.07",
  "class:6": "0.03",
  "class:7": "0.00",
  "class:8": "0.57",
  "class:9": "0.03"
}
Available
{
  "class:0": "0.00",
  "class:1": "0.03",
  "class:2": "0.93",
  "class:3": "0.00",
  "class:4": "0.00",
  "class:5": "0.00",
  "class:6": "0.00",
  "class:7": "0.00",
  "class:8": "0.00",
  "class:9": "0.03"
}
{
  "class:0": "0.73",
  "class:1": "0.00",
  "class:2": "0.07",
  "class:3": "0.10",
  "class:4": "0.00",
  "class:5": "0.03",
  "class:6": "0.07",
  "class:7": "0.00",
  "class:8": "0.00",
  "class:9": "0.00"
}
{
  "class:0": "0.00",
  "class:1": "0.00",
  "class:2": "0.07",
  "class:3": "0.00",
  "class:4": "0.20",
  "class:5": "0.20",
  "class:6": "0.00",
  "class:7": "0.47",
  "class:8": "0.00",
  "class:9": "0.07"
}
{
  "class:0": "0.00",
  "class:1": "0.00",
  "class:2": "0.00",
  "class:3": "0.00",
  "class:4": "1.00",
  "class:5": "0.00",
  "class:6": "0.00",
  "class:7": "0.00",
  "class:8": "0.00",
  "class:9": "0.00"
}
{
  "class:0": "0.00",
  "class:1": "0.00",
  "class:2": "0.00",
  "class:3": "0.00",
  "class:4": "0.00",
  "class:5": "0.03",
  "class:6": "0.00",
  "class:7": "0.00",
  "class:8": "0.00",
  "class:9": "0.97"
}
{
  "class:0": "0.00",
  "class:1": "0.00",
  "class:2": "0.00",
  "class:3": "0.00",
  "class:4": "1.00",
  "class:5": "0.00",
  "class:6": "0.00",
  "class:7": "0.00",
  "class:8": "0.00",
  "class:9": "0.00"
}
{
  "class:0": "0.90",
  "class:1": "0.00",
  "class:2": "0.00",
  "class:3": "0.00",
  "class:4": "0.00",
  "class:5": "0.00",
  "class:6": "0.00",
  "class:7": "0.07",
  "class:8": "0.00",
  "class:9": "0.03"
}
{
  "class:0": "0.00",
  "class:1": "0.00",
  "class:2": "0.07",
  "class:3": "0.03",
  "class:4": "0.07",
  "class:5": "0.00",
  "class:6": "0.83",
  "class:7": "0.00",
  "class:8": "0.00",
  "class:9": "0.00"
}
{
  "class:0": "0.01",
  "class:1": "0.00",
  "class:2": "0.00",
  "class:3": "0.00",
  "class:4": "0.00",
  "class:5": "0.88",
  "class:6": "0.00",
  "class:7": "0.00",
  "class:8": "0.11",
  "class:9": "0.00"
}
{
  "class:0": "0.03",
  "class:1": "0.00",
  "class:2": "0.00",
  "class:3": "0.00",
  "class:4": "0.93",
  "class:5": "0.00",
  "class:6": "0.03",
  "class:7": "0.00",
  "class:8": "0.00",
  "class:9": "0.00"
}
{
  "class:0": "0.00",
  "class:1": "0.00",
  "class:2": "0.00",
  "class:3": "0.00",
  "class:4": "1.00",
  "class:5": "0.00",
  "class:6": "0.00",
  "class:7": "0.00",
  "class:8": "0.00",
  "class:9": "0.00"
}
{
  "class:0": "0.03",
  "class:1": "0.00",
  "class:2": "0.03",
  "class:3": "0.90",
  "class:4": "0.00",
  "class:5": "0.03",
  "class:6": "0.00",
  "class:7": "0.00",
  "class:8": "0.00",
  "class:9": "0.00"
}
{
  "class:0": "0.00",
  "class:1": "0.00",
  "class:2": "0.00",
  "class:3": "0.00",
  "class:4": "0.07",
  "class:5": "0.03",
  "class:6": "0.80",
  "class:7": "0.00",
  "class:8": "0.10",
  "class:9": "0.00"
}
{
  "class:0": "0.00",
  "class:1": "0.00",
  "class:2": "0.00",
  "class:3": "0.00",
  "class:4": "0.03",
  "class:5": "0.00",
  "class:6": "0.93",
  "class:7": "0.00",
  "class:8": "0.00",
  "class:9": "0.03"
}
{
  "class:0": "0.90",
  "class:1": "0.00",
  "class:2": "0.00",
  "class:3": "0.00",
  "class:4": "0.00",
  "class:5": "0.03",
  "class:6": "0.07",
  "class:7": "0.00",
  "class:8": "0.00",
  "class:9": "0.00"
}
{
  "class:0": "0.00",
  "class:1": "1.00",
  "class:2": "0.00",
  "class:3": "0.00",
  "class:4": "0.00",
  "class:5": "0.00",
  "class:6": "0.00",
  "class:7": "0.00",
  "class:8": "0.00",
  "class:9": "0.00"
}
{
  "class:0": "0.00",
  "class:1": "0.00",
  "class:2": "0.00",
  "class:3": "0.03",
  "class:4": "0.00",
  "class:5": "0.00",
  "class:6": "0.00",
  "class:7": "0.00",
  "class:8": "0.97",
  "class:9": "0.00"
}
{
  "class:0": "0.00",
  "class:1": "0.00",
  "class:2": "0.00",
  "class:3": "0.03",
  "class:4": "0.03",
  "class:5": "0.00",
  "class:6": "0.00",
  "class:7": "0.00",
  "class:8": "0.07",
  "class:9": "0.87"
}
{
  "class:0": "0.00",
  "class:1": "0.00",
  "class:2": "0.00",
  "class:3": "0.00",
  "class:4": "0.00",
  "class:5": "0.00",
  "class:6": "1.00",
  "class:7": "0.00",
  "class:8": "0.00",
  "class:9": "0.00"
}
{
  "class:0": "0.00",
  "class:1": "0.00",
  "class:2": "0.00",
  "class:3": "0.00",
  "class:4": "0.00",
  "class:5": "0.00",
  "class:6": "0.00",
  "class:7": "1.00",
  "class:8": "0.00",
  "class:9": "0.00"
}
{
  "class:0": "0.07",
  "class:1": "0.03",
  "class:2": "0.07",
  "class:3": "0.60",
  "class:4": "0.03",
  "class:5": "0.00",
  "class:6": "0.00",
  "class:7": "0.00",
  "class:8": "0.07",
  "class:9": "0.13"
}
{
  "class:0": "0.10",
  "class:1": "0.00",
  "class:2": "0.00",
  "class:3": "0.10",
  "class:4": "0.03",
  "class:5": "0.13",
  "class:6": "0.00",
  "class:7": "0.00",
  "class:8": "0.00",
  "class:9": "0.63"
}
{
  "class:0": "0.00",
  "class:1": "0.00",
  "class:2": "0.00",
  "class:3": "0.83",
  "class:4": "0.00",
  "class:5": "0.03",
  "class:6": "0.00",
  "class:7": "0.03",
  "class:8": "0.00",
  "class:9": "0.10"
}
{
  "class:0": "0.00",
  "class:1": "0.03",
  "class:2": "0.00",
  "class:3": "0.00",
  "class:4": "0.00",
  "class:5": "0.00",
  "class:6": "0.00",
  "class:7": "0.07",
  "class:8": "0.03",
  "class:9": "0.87"
}
{
  "class:0": "0.00",
  "class:1": "0.00",
  "class:2": "0.00",
  "class:3": "0.10",
  "class:4": "0.00",
  "class:5": "0.63",
  "class:6": "0.00",
  "class:7": "0.00",
  "class:8": "0.10",
  "class:9": "0.17"
}
{
  "class:0": "0.00",
  "class:1": "0.00",
  "class:2": "0.00",
  "class:3": "0.00",
  "class:4": "0.00",
  "class:5": "0.00",
  "class:6": "0.00",
  "class:7": "1.00",
  "class:8": "0.00",
  "class:9": "0.00"
}
{
  "class:0": "0.03",
  "class:1": "0.00",
  "class:2": "0.83",
  "class:3": "0.07",
  "class:4": "0.00",
  "class:5": "0.00",
  "class:6": "0.00",
  "class:7": "0.03",
  "class:8": "0.00",
  "class:9": "0.03"
}
{
  "class:0": "0.03",
  "class:1": "0.00",
  "class:2": "0.03",
  "class:3": "0.27",
  "class:4": "0.07",
  "class:5": "0.33",
  "class:6": "0.03",
  "class:7": "0.00",
  "class:8": "0.17",
  "class:9": "0.07"
}
{
  "class:0": "0.00",
  "class:1": "0.00",
  "class:2": "0.00",
  "class:3": "0.00",
  "class:4": "0.00",
  "class:5": "0.00",
  "class:6": "0.00",
  "class:7": "0.00",
  "class:8": "0.00",
  "class:9": "1.00"
}
{
  "class:0": "0.00",
  "class:1": "0.99",
  "class:2": "0.00",
  "class:3": "0.00",
  "class:4": "0.00",
  "class:5": "0.00",
  "class:6": "0.00",
  "class:7": "0.00",
  "class:8": "0.00",
  "class:9": "0.00"
}
{
  "class:0": "0.00",
  "class:1": "0.00",
  "class:2": "0.01",
  "class:3": "0.04",
  "class:4": "0.00",
  "class:5": "0.00",
  "class:6": "0.00",
  "class:7": "0.95",
  "class:8": "0.00",
  "class:9": "0.00"
}
{
  "class:0": "0.00",
  "class:1": "0.00",
  "class:2": "0.80",
  "class:3": "0.07",
  "class:4": "0.00",
  "class:5": "0.00",
  "class:6": "0.03",
  "class:7": "0.00",
  "class:8": "0.10",
  "class:9": "0.00"
}
{
  "class:0": "0.00",
  "class:1": "0.00",
  "class:2": "0.00",
  "class:3": "0.00",
  "class:4": "0.83",
  "class:5": "0.03",
  "class:6": "0.03",
  "class:7": "0.00",
  "class:8": "0.00",
  "class:9": "0.10"
}
{
  "class:0": "0.00",
  "class:1": "1.00",
  "class:2": "0.00",
  "class:3": "0.00",
  "class:4": "0.00",
  "class:5": "0.00",
  "class:6": "0.00",
  "class:7": "0.00",
  "class:8": "0.00",
  "class:9": "0.00"
}
{
  "class:0": "0.00",
  "class:1": "0.00",
  "class:2": "0.00",
  "class:3": "1.00",
  "class:4": "0.00",
  "class:5": "0.00",
  "class:6": "0.00",
  "class:7": "0.00",
  "class:8": "0.00",
  "class:9": "0.00"
}
{
  "class:0": "0.00",
  "class:1": "0.00",
  "class:2": "0.00",
  "class:3": "0.03",
  "class:4": "0.93",
  "class:5": "0.00",
  "class:6": "0.00",
  "class:7": "0.00",
  "class:8": "0.00",
  "class:9": "0.03"
}
{
  "class:0": "0.00",
  "class:1": "0.97",
  "class:2": "0.00",
  "class:3": "0.00",
  "class:4": "0.00",
  "class:5": "0.00",
  "class:6": "0.00",
  "class:7": "0.03",
  "class:8": "0.00",
  "class:9": "0.00"
}
{
  "class:0": "0.00",
  "class:1": "0.00",
  "class:2": "0.00",
  "class:3": "0.00",
  "class:4": "0.93",
  "class:5": "0.00",
  "class:6": "0.00",
  "class:7": "0.00",
  "class:8": "0.00",
  "class:9": "0.07"
}
{
  "class:0": "0.00",
  "class:1": "0.00",
  "class:2": "0.00",
  "class:3": "0.03",
  "class:4": "0.00",
  "class:5": "0.00",
  "class:6": "0.03",
  "class:7": "0.00",
  "class:8": "0.93",
  "class:9": "0.00"
}
{
  "class:0": "0.00",
  "class:1": "0.00",
  "class:2": "0.03",
  "class:3": "0.87",
  "class:4": "0.00",
  "class:5": "0.00",
  "class:6": "0.00",
  "class:7": "0.00",
  "class:8": "0.07",
  "class:9": "0.03"
}
{
  "class:0": "1.00",
  "class:1": "0.00",
  "class:2": "0.00",
  "class:3": "0.00",
  "class:4": "0.00",
  "class:5": "0.00",
  "class:6": "0.00",
  "class:7": "0.00",
  "class:8": "0.00",
  "class:9": "0.00"
}
{
  "class:0": "0.00",
  "class:1": "0.00",
  "class:2": "0.13",
  "class:3": "0.03",
  "class:4": "0.03",
  "class:5": "0.00",
  "class:6": "0.03",
  "class:7": "0.77",
  "class:8": "0.00",
  "class:9": "0.00"
}
{
  "class:0": "0.90",
  "class:1": "0.00",
  "class:2": "0.00",
  "class:3": "0.00",
  "class:4": "0.01",
  "class:5": "0.01",
  "class:6": "0.00",
  "class:7": "0.03",
  "class:8": "0.00",
  "class:9": "0.05"
}
{
  "class:0": "0.00",
  "class:1": "0.00",
  "class:2": "0.00",
  "class:3": "1.00",
  "class:4": "0.00",
  "class:5": "0.00",
  "class:6": "0.00",
  "class:7": "0.00",
  "class:8": "0.00",
  "class:9": "0.00"
}
{
  "class:0": "0.00",
  "class:1": "0.00",
  "class:2": "0.00",
  "class:3": "0.07",
  "class:4": "0.00",
  "class:5": "0.90",
  "class:6": "0.00",
  "class:7": "0.03",
  "class:8": "0.00",
  "class:9": "0.00"
}
{
  "class:0": "0.00",
  "class:1": "0.00",
  "class:2": "0.96",
  "class:3": "0.01",
  "class:4": "0.00",
  "class:5": "0.00",
  "class:6": "0.00",
  "class:7": "0.00",
  "class:8": "0.02",
  "class:9": "0.00"
}
{
  "class:0": "0.00",
  "class:1": "0.00",
  "class:2": "0.00",
  "class:3": "0.97",
  "class:4": "0.00",
  "class:5": "0.00",
  "class:6": "0.00",
  "class:7": "0.00",
  "class:8": "0.00",
  "class:9": "0.03"
}
{
  "class:0": "0.00",
  "class:1": "0.00",
  "class:2": "0.00",
  "class:3": "0.00",
  "class:4": "0.03",
  "class:5": "0.00",
  "class:6": "0.00",
  "class:7": "0.03",
  "class:8": "0.00",
  "class:9": "0.93"
}
{
  "class:0": "0.00",
  "class:1": "0.00",
  "class:2": "1.00",
  "class:3": "0.00",
  "class:4": "0.00",
  "class:5": "0.00",
  "class:6": "0.00",
  "class:7": "0.00",
  "class:8": "0.00",
  "class:9": "0.00"
}
{
  "class:0": "0.00",
  "class:1": "1.00",
  "class:2": "0.00",
  "class:3": "0.00",
  "class:4": "0.00",
  "class:5": "0.00",
  "class:6": "0.00",
  "class:7": "0.00",
  "class:8": "0.00",
  "class:9": "0.00"
}
{
  "class:0": "0.00",
  "class:1": "0.03",
  "class:2": "0.17",
  "class:3": "0.00",
  "class:4": "0.37",
  "class:5": "0.16",
  "class:6": "0.21",
  "class:7": "0.00",
  "class:8": "0.05",
  "class:9": "0.02"
}
{
  "class:0": "0.00",
  "class:1": "0.00",
  "class:2": "0.00",
  "class:3": "0.03",
  "class:4": "0.90",
  "class:5": "0.00",
  "class:6": "0.00",
  "class:7": "0.00",
  "class:8": "0.00",
  "class:9": "0.07"
}
{
  "class:0": "0.00",
  "class:1": "0.00",
  "class:2": "0.01",
  "class:3": "0.00",
  "class:4": "0.00",
  "class:5": "0.01",
  "class:6": "0.00",
  "class:7": "0.00",
  "class:8": "0.97",
  "class:9": "0.00"
}
{
  "class:0": "0.00",
  "class:1": "0.00",
  "class:2": "0.00",
  "class:3": "0.00",
  "class:4": "0.00",
  "class:5": "0.00",
  "class:6": "1.00",
  "class:7": "0.00",
  "class:8": "0.00",
  "class:9": "0.00"
}
{
  "class:0": "0.00",
  "class:1": "0.00",
  "class:2": "0.00",
  "class:3": "0.03",
  "class:4": "0.00",
  "class:5": "0.90",
  "class:6": "0.03",
  "class:7": "0.00",
  "class:8": "0.03",
  "class:9": "0.00"
}
{
  "class:0": "0.17",
  "class:1": "0.00",
  "class:2": "0.40",
  "class:3": "0.17",
  "class:4": "0.03",
  "class:5": "0.03",
  "class:6": "0.10",
  "class:7": "0.00",
  "class:8": "0.10",
  "class:9": "0.00"
}
{
  "class:0": "0.03",
  "class:1": "0.00",
  "class:2": "0.20",
  "class:3": "0.67",
  "class:4": "0.00",
  "class:5": "0.00",
  "class:6": "0.00",
  "class:7": "0.00",
  "class:8": "0.07",
  "class:9": "0.03"
}
{
  "class:0": "0.00",
  "class:1": "0.00",
  "class:2": "0.00",
  "class:3": "0.10",
  "class:4": "0.00",
  "class:5": "0.03",
  "class:6": "0.00",
  "class:7": "0.00",
  "class:8": "0.83",
  "class:9": "0.03"
}
{
  "class:0": "0.00",
  "class:1": "0.00",
  "class:2": "0.00",
  "class:3": "0.07",
  "class:4": "0.00",
  "class:5": "0.83",
  "class:6": "0.03",
  "class:7": "0.00",
  "class:8": "0.07",
  "class:9": "0.00"
}
{
  "class:0": "0.00",
  "class:1": "0.00",
  "class:2": "1.00",
  "class:3": "0.00",
  "class:4": "0.00",
  "class:5": "0.00",
  "class:6": "0.00",
  "class:7": "0.00",
  "class:8": "0.00",
  "class:9": "0.00"
}
{
  "class:0": "0.00",
  "class:1": "0.00",
  "class:2": "0.98",
  "class:3": "0.00",
  "class:4": "0.00",
  "class:5": "0.00",
  "class:6": "0.00",
  "class:7": "0.02",
  "class:8": "0.00",
  "class:9": "0.00"
}
{
  "class:0": "0.00",
  "class:1": "0.07",
  "class:2": "0.00",
  "class:3": "0.03",
  "class:4": "0.10",
  "class:5": "0.00",
  "class:6": "0.00",
  "class:7": "0.10",
  "class:8": "0.03",
  "class:9": "0.67"
}
{
  "class:0": "0.00",
  "class:1": "1.00",
  "class:2": "0.00",
  "class:3": "0.00",
  "class:4": "0.00",
  "class:5": "0.00",
  "class:6": "0.00",
  "class:7": "0.00",
  "class:8": "0.00",
  "class:9": "0.00"
}
{
  "class:0": "0.00",
  "class:1": "0.00",
  "class:2": "0.93",
  "class:3": "0.00",
  "class:4": "0.00",
  "class:5": "0.00",
  "class:6": "0.00",
  "class:7": "0.07",
  "class:8": "0.00",
  "class:9": "0.00"
}
{
  "class:0": "0.07",
  "class:1": "0.00",
  "class:2": "0.03",
  "class:3": "0.00",
  "class:4": "0.10",
  "class:5": "0.63",
  "class:6": "0.03",
  "class:7": "0.00",
  "class:8": "0.00",
  "class:9": "0.13"
}
{
  "class:0": "0.06",
  "class:1": "0.00",
  "class:2": "0.01",
  "class:3": "0.01",
  "class:4": "0.00",
  "class:5": "0.17",
  "class:6": "0.73",
  "class:7": "0.00",
  "class:8": "0.02",
  "class:9": "0.01"
}
{
  "class:0": "0.00",
  "class:1": "0.00",
  "class:2": "0.00",
  "class:3": "0.00",
  "class:4": "1.00",
  "class:5": "0.00",
  "class:6": "0.00",
  "class:7": "0.00",
  "class:8": "0.00",
  "class:9": "0.00"
}
{
  "class:0": "0.00",
  "class:1": "0.00",
  "class:2": "0.87",
  "class:3": "0.03",
  "class:4": "0.03",
  "class:5": "0.00",
  "class:6": "0.00",
  "class:7": "0.00",
  "class:8": "0.07",
  "class:9": "0.00"
}
{
  "class:0": "0.00",
  "class:1": "0.00",
  "class:2": "0.00",
  "class:3": "0.00",
  "class:4": "1.00",
  "class:5": "0.00",
  "class:6": "0.00",
  "class:7": "0.00",
  "class:8": "0.00",
  "class:9": "0.00"
}
{
  "class:0": "0.00",
  "class:1": "0.20",
  "class:2": "0.10",
  "class:3": "0.07",
  "class:4": "0.00",
  "class:5": "0.10",
  "class:6": "0.13",
  "class:7": "0.00",
  "class:8": "0.37",
  "class:9": "0.03"
}
{
  "class:0": "0.00",
  "class:1": "0.00",
  "class:2": "0.00",
  "class:3": "0.00",
  "class:4": "0.00",
  "class:5": "0.00",
  "class:6": "0.00",
  "class:7": "1.00",
  "class:8": "0.00",
  "class:9": "0.00"
}
{
  "class:0": "0.00",
  "class:1": "0.00",
  "class:2": "0.03",
  "class:3": "0.00",
  "class:4": "0.00",
  "class:5": "0.00",
  "class:6": "0.00",
  "class:7": "0.00",
  "class:8": "0.93",
  "class:9": "0.03"
}
{
  "class:0": "0.00",
  "class:1": "0.00",
  "class:2": "0.00",
  "class:3": "0.00",
  "class:4": "1.00",
  "class:5": "0.00",
  "class:6": "0.00",
  "class:7": "0.00",
  "class:8": "0.00",
  "class:9": "0.00"
}
{
  "class:0": "0.00",
  "class:1": "0.00",
  "class:2": "0.00",
  "class:3": "0.00",
  "class:4": "0.00",
  "class:5": "0.00",
  "class:6": "1.00",
  "class:7": "0.00",
  "class:8": "0.00",
  "class:9": "0.00"
}
{
  "class:0": "0.00",
  "class:1": "0.03",
  "class:2": "0.10",
  "class:3": "0.03",
  "class:4": "0.07",
  "class:5": "0.03",
  "class:6": "0.00",
  "class:7": "0.03",
  "class:8": "0.63",
  "class:9": "0.07"
}
{
  "class:0": "0.00",
  "class:1": "0.00",
  "class:2": "0.00",
  "class:3": "0.00",
  "class:4": "0.00",
  "class:5": "0.00",
  "class:6": "0.00",
  "class:7": "0.13",
  "class:8": "0.80",
  "class:9": "0.06"
}
{
  "class:0": "0.00",
  "class:1": "0.96",
  "class:2": "0.01",
  "class:3": "0.01",
  "class:4": "0.00",
  "class:5": "0.00",
  "class:6": "0.00",
  "class:7": "0.02",
  "class:8": "0.00",
  "class:9": "0.00"
}
{
  "class:0": "0.20",
  "class:1": "0.00",
  "class:2": "0.10",
  "class:3": "0.03",
  "class:4": "0.00",
  "class:5": "0.07",
  "class:6": "0.50",
  "class:7": "0.00",
  "class:8": "0.10",
  "class:9": "0.00"
}
{
  "class:0": "0.00",
  "class:1": "0.00",
  "class:2": "0.00",
  "class:3": "0.00",
  "class:4": "0.00",
  "class:5": "0.00",
  "class:6": "0.00",
  "class:7": "0.97",
  "class:8": "0.00",
  "class:9": "0.03"
}
{
  "class:0": "0.00",
  "class:1": "0.00",
  "class:2": "0.00",
  "class:3": "0.00",
  "class:4": "0.97",
  "class:5": "0.03",
  "class:6": "0.00",
  "class:7": "0.00",
  "class:8": "0.00",
  "class:9": "0.00"
}
{
  "class:0": "0.00",
  "class:1": "0.00",
  "class:2": "0.00",
  "class:3": "0.00",
  "class:4": "0.00",
  "class:5": "0.00",
  "class:6": "0.00",
  "class:7": "1.00",
  "class:8": "0.00",
  "class:9": "0.00"
}
{
  "class:0": "0.00",
  "class:1": "0.00",
  "class:2": "0.00",
  "class:3": "0.10",
  "class:4": "0.00",
  "class:5": "0.90",
  "class:6": "0.00",
  "class:7": "0.00",
  "class:8": "0.00",
  "class:9": "0.00"
}
{
  "class:0": "0.00",
  "class:1": "0.04",
  "class:2": "0.01",
  "class:3": "0.05",
  "class:4": "0.03",
  "class:5": "0.71",
  "class:6": "0.02",
  "class:7": "0.00",
  "class:8": "0.13",
  "class:9": "0.02"
}
{
  "class:0": "0.03",
  "class:1": "0.03",
  "class:2": "0.00",
  "class:3": "0.07",
  "class:4": "0.10",
  "class:5": "0.23",
  "class:6": "0.03",
  "class:7": "0.03",
  "class:8": "0.27",
  "class:9": "0.20"
}
{
  "class:0": "0.93",
  "class:1": "0.00",
  "class:2": "0.00",
  "class:3": "0.00",
  "class:4": "0.03",
  "class:5": "0.00",
  "class:6": "0.00",
  "class:7": "0.00",
  "class:8": "0.00",
  "class:9": "0.03"
}
{
  "class:0": "1.00",
  "class:1": "0.00",
  "class:2": "0.00",
  "class:3": "0.00",
  "class:4": "0.00",
  "class:5": "0.00",
  "class:6": "0.00",
  "class:7": "0.00",
  "class:8": "0.00",
  "class:9": "0.00"
}
{
  "class:0": "0.00",
  "class:1": "0.98",
  "class:2": "0.01",
  "class:3": "0.00",
  "class:4": "0.00",
  "class:5": "0.00",
  "class:6": "0.00",
  "class:7": "0.00",
  "class:8": "0.00",
  "class:9": "0.00"
}
{
  "class:0": "0.10",
  "class:1": "0.00",
  "class:2": "0.77",
  "class:3": "0.03",
  "class:4": "0.00",
  "class:5": "0.07",
  "class:6": "0.00",
  "class:7": "0.00",
  "class:8": "0.00",
  "class:9": "0.03"
}
{
  "class:0": "0.00",
  "class:1": "0.00",
  "class:2": "0.06",
  "class:3": "0.01",
  "class:4": "0.00",
  "class:5": "0.01",
  "class:6": "0.92",
  "class:7": "0.00",
  "class:8": "0.00",
  "class:9": "0.00"
}
{
  "class:0": "0.00",
  "class:1": "0.00",
  "class:2": "0.00",
  "class:3": "0.97",
  "class:4": "0.00",
  "class:5": "0.00",
  "class:6": "0.00",
  "class:7": "0.00",
  "class:8": "0.03",
  "class:9": "0.00"
}
{
  "class:0": "0.00",
  "class:1": "1.00",
  "class:2": "0.00",
  "class:3": "0.00",
  "class:4": "0.00",
  "class:5": "0.00",
  "class:6": "0.00",
  "class:7": "0.00",
  "class:8": "0.00",
  "class:9": "0.00"
}
{
  "class:0": "0.10",
  "class:1": "0.00",
  "class:2": "0.20",
  "class:3": "0.03",
  "class:4": "0.47",
  "class:5": "0.00",
  "class:6": "0.07",
  "class:7": "0.00",
  "class:8": "0.10",
  "class:9": "0.03"
}
{
  "class:0": "0.03",
  "class:1": "0.00",
  "class:2": "0.10",
  "class:3": "0.10",
  "class:4": "0.00",
  "class:5": "0.00",
  "class:6": "0.00",
  "class:7": "0.00",
  "class:8": "0.77",
  "class:9": "0.00"
}
{
  "class:0": "0.00",
  "class:1": "0.00",
  "class:2": "0.99",
  "class:3": "0.01",
  "class:4": "0.00",
  "class:5": "0.00",
  "class:6": "0.00",
  "class:7": "0.00",
  "class:8": "0.00",
  "class:9": "0.00"
}
{
  "class:0": "1.00",
  "class:1": "0.00",
  "class:2": "0.00",
  "class:3": "0.00",
  "class:4": "0.00",
  "class:5": "0.00",
  "class:6": "0.00",
  "class:7": "0.00",
  "class:8": "0.00",
  "class:9": "0.00"
}
{
  "class:0": "1.00",
  "class:1": "0.00",
  "class:2": "0.00",
  "class:3": "0.00",
  "class:4": "0.00",
  "class:5": "0.00",
  "class:6": "0.00",
  "class:7": "0.00",
  "class:8": "0.00",
  "class:9": "0.00"
}
{
  "class:0": "0.00",
  "class:1": "0.00",
  "class:2": "0.17",
  "class:3": "0.24",
  "class:4": "0.00",
  "class:5": "0.02",
  "class:6": "0.53",
  "class:7": "0.00",
  "class:8": "0.04",
  "class:9": "0.00"
}
{
  "class:0": "0.02",
  "class:1": "0.00",
  "class:2": "0.75",
  "class:3": "0.10",
  "class:4": "0.00",
  "class:5": "0.01",
  "class:6": "0.00",
  "class:7": "0.00",
  "class:8": "0.11",
  "class:9": "0.00"
}
{
  "class:0": "0.00",
  "class:1": "0.00",
  "class:2": "0.00",
  "class:3": "0.00",
  "class:4": "0.07",
  "class:5": "0.03",
  "class:6": "0.00",
  "class:7": "0.00",
  "class:8": "0.00",
  "class:9": "0.90"
}
[0;31m---------------------------------------------------------------------------[0m
[0;31mZeroDivisionError[0m                         Traceback (most recent call last)
[0;32m/workspace/source/examples/istio/canary_update/canary.py[0m in [0;36m<module>[0;34m[0m
[1;32m    259[0m [0;34m[0m[0m
[1;32m    260[0m [0;34m[0m[0m
[0;32m--> 261[0;31m [0mpercentage_to_canary[0m [0;34m=[0m [0mfloat[0m[0;34m([0m[0mcanary_count[0m[0;34m[[0m[0;36m0[0m[0;34m][0m[0;34m)[0m[0;34m/[0m[0mfloat[0m[0;34m([0m[0mdefault_count[0m[0;34m[[0m[0;36m0[0m[0;34m][0m[0;34m)[0m[0;34m[0m[0;34m[0m[0m
[0m[1;32m    262[0m [0mprint[0m[0;34m([0m[0mpercentage_to_canary[0m[0;34m)[0m[0;34m[0m[0;34m[0m[0m
[1;32m    263[0m [0;32massert[0m[0;34m([0m[0mpercentage_to_canary[0m [0;34m>[0m [0;36m0.1[0m [0;32mand[0m [0mpercentage_to_canary[0m [0;34m<[0m [0;36m0.5[0m[0;34m)[0m[0;34m[0m[0;34m[0m[0m

[0;31mZeroDivisionError[0m: float division by zero
, stderr:Error from server (AlreadyExists): namespaces "seldon" already exists
/usr/local/lib/python3.6/site-packages/IPython/core/history.py:226: UserWarning: IPython History requires SQLite, your history will not be saved
  warn("IPython History requires SQLite, your history will not be saved")
===Flaky Test Report===

test_helm_examples passed 1 out of the required 1 times. Success!
test_explainer_examples passed 1 out of the required 1 times. Success!
test_istio_examples passed 1 out of the required 1 times. Success!
test_max_grpc_msg_size passed 1 out of the required 1 times. Success!
test_multiple_operators passed 1 out of the required 1 times. Success!
test_protocol_examples passed 1 out of the required 1 times. Success!
test_server_examples passed 1 out of the required 1 times. Success!
test_rolling_updates passed 1 out of the required 1 times. Success!
test_ambassador_canary passed 1 out of the required 1 times. Success!
test_ambassador_headers passed 1 out of the required 1 times. Success!
test_ambassador_shadow passed 1 out of the required 1 times. Success!
test_ambassador_custom passed 1 out of the required 1 times. Success!
test_istio_canary failed (1 runs remaining out of 2).
	<class 'subprocess.CalledProcessError'>
	Command 'cd ../../examples/istio/canary_update && ./canary.py' returned non-zero exit status 1.
	[<TracebackEntry /workspace/source/testing/scripts/test_notebooks.py:83>, <TracebackEntry /workspace/source/testing/scripts/test_notebooks.py:27>, <TracebackEntry /workspace/source/testing/scripts/test_notebooks.py:20>, <TracebackEntry /usr/local/lib/python3.6/subprocess.py:438>]
test_istio_canary failed; it passed 0 out of the required 1 times.
	<class 'subprocess.CalledProcessError'>
	Command 'cd ../../examples/istio/canary_update && ./canary.py' returned non-zero exit status 1.
	[<TracebackEntry /workspace/source/testing/scripts/test_notebooks.py:83>, <TracebackEntry /workspace/source/testing/scripts/test_notebooks.py:27>, <TracebackEntry /workspace/source/testing/scripts/test_notebooks.py:20>, <TracebackEntry /usr/local/lib/python3.6/subprocess.py:438>]
test_tracing passed 1 out of the required 1 times. Success!
test_metrics passed 1 out of the required 1 times. Success!
test_metadata passed 1 out of the required 1 times. Success!
test_graph_metadata passed 1 out of the required 1 times. Success!
test_grpc_metadata passed 1 out of the required 1 times. Success!
test_payload_logging passed 1 out of the required 1 times. Success!
test_custom_metrics passed 1 out of the required 1 times. Success!
test_autoscaling passed 1 out of the required 1 times. Success!
test_scaling passed 1 out of the required 1 times. Success!
test_jsondata passed 1 out of the required 1 times. Success!
test_sklearn_iris passed 1 out of the required 1 times. Success!
test_upgrade passed 1 out of the required 1 times. Success!

===End Flaky Test Report===
================== 1 failed, 24 passed in 5219.79s (1:26:59) ===================
make: *** [Makefile:147: test_notebooks] Error 1
Test returned errors
kind delete cluster
Deleting cluster "kind" ...
Stopping Docker: dockerProgram process in pidfile '/var/run/docker-ssd.pid', 1 process(es), refused to die.
[31m
Pipeline failed on stage 'end-to-end' : container 'step-test-end-to-end'. The execution of the pipeline has stopped.[0m
